<?xml version="1.0" encoding="UTF-8"?>
<testsuite xmlns:xsi="http://www.w3.org/2001/XMLSchema-instance" xsi:noNamespaceSchemaLocation="https://maven.apache.org/surefire/maven-surefire-plugin/xsd/surefire-test-report.xsd" name="org.apache.hadoop.ozone.client.rpc.TestWatchForCommit" time="269.548" tests="5" errors="1" skipped="0" failures="0">
  <properties>
    <property name="awt.toolkit" value="sun.awt.X11.XToolkit"/>
    <property name="file.encoding.pkg" value="sun.io"/>
    <property name="java.specification.version" value="1.8"/>
    <property name="sun.cpu.isalist" value=""/>
    <property name="sun.jnu.encoding" value="UTF-8"/>
    <property name="java.class.path" value="/workdir/hadoop-ozone/integration-test/target/test-classes:/workdir/hadoop-ozone/integration-test/target/classes:/home/user/.m2/repository/org/apache/hadoop/hadoop-ozone-common/0.5.0-SNAPSHOT/hadoop-ozone-common-0.5.0-SNAPSHOT.jar:/home/user/.m2/repository/org/apache/commons/commons-compress/1.4.1/commons-compress-1.4.1.jar:/home/user/.m2/repository/org/tukaani/xz/1.0/xz-1.0.jar:/home/user/.m2/repository/org/apache/hadoop/hadoop-common/3.2.0/hadoop-common-3.2.0.jar:/home/user/.m2/repository/org/apache/hadoop/hadoop-hdfs/3.2.0/hadoop-hdfs-3.2.0.jar:/home/user/.m2/repository/org/apache/hadoop/hadoop-hdfs-client/3.2.0/hadoop-hdfs-client-3.2.0.jar:/home/user/.m2/repository/com/fasterxml/jackson/core/jackson-annotations/2.9.9/jackson-annotations-2.9.9.jar:/home/user/.m2/repository/org/apache/hadoop/hadoop-hdds-common/0.5.0-SNAPSHOT/hadoop-hdds-common-0.5.0-SNAPSHOT.jar:/home/user/.m2/repository/javax/annotation/javax.annotation-api/1.2/javax.annotation-api-1.2.jar:/home/user/.m2/repository/org/apache/ratis/ratis-server/0.5.0-201fc85-SNAPSHOT/ratis-server-0.5.0-201fc85-SNAPSHOT.jar:/home/user/.m2/repository/org/apache/ratis/ratis-thirdparty-misc/0.2.0/ratis-thirdparty-misc-0.2.0.jar:/home/user/.m2/repository/org/apache/ratis/ratis-proto/0.5.0-201fc85-SNAPSHOT/ratis-proto-0.5.0-201fc85-SNAPSHOT.jar:/home/user/.m2/repository/org/apache/ratis/ratis-common/0.5.0-201fc85-SNAPSHOT/ratis-common-0.5.0-201fc85-SNAPSHOT.jar:/home/user/.m2/repository/org/apache/ratis/ratis-client/0.5.0-201fc85-SNAPSHOT/ratis-client-0.5.0-201fc85-SNAPSHOT.jar:/home/user/.m2/repository/org/apache/ratis/ratis-metrics/0.5.0-201fc85-SNAPSHOT/ratis-metrics-0.5.0-201fc85-SNAPSHOT.jar:/home/user/.m2/repository/com/github/joshelser/dropwizard-metrics-hadoop-metrics2-reporter/0.1.2/dropwizard-metrics-hadoop-metrics2-reporter-0.1.2.jar:/home/user/.m2/repository/io/dropwizard/metrics/metrics-jvm/3.2.5/metrics-jvm-3.2.5.jar:/home/user/.m2/repository/io/dropwizard/metrics/metrics-ganglia/3.2.5/metrics-ganglia-3.2.5.jar:/home/user/.m2/repository/info/ganglia/gmetric4j/gmetric4j/1.0.7/gmetric4j-1.0.7.jar:/home/user/.m2/repository/org/apache/ratis/ratis-netty/0.5.0-201fc85-SNAPSHOT/ratis-netty-0.5.0-201fc85-SNAPSHOT.jar:/home/user/.m2/repository/org/apache/ratis/ratis-grpc/0.5.0-201fc85-SNAPSHOT/ratis-grpc-0.5.0-201fc85-SNAPSHOT.jar:/home/user/.m2/repository/org/rocksdb/rocksdbjni/6.0.1/rocksdbjni-6.0.1.jar:/home/user/.m2/repository/org/apache/logging/log4j/log4j-api/2.11.0/log4j-api-2.11.0.jar:/home/user/.m2/repository/org/apache/logging/log4j/log4j-core/2.11.0/log4j-core-2.11.0.jar:/home/user/.m2/repository/com/lmax/disruptor/3.4.2/disruptor-3.4.2.jar:/home/user/.m2/repository/org/apache/commons/commons-pool2/2.6.0/commons-pool2-2.6.0.jar:/home/user/.m2/repository/org/bouncycastle/bcpkix-jdk15on/1.60/bcpkix-jdk15on-1.60.jar:/home/user/.m2/repository/commons-validator/commons-validator/1.6/commons-validator-1.6.jar:/home/user/.m2/repository/commons-digester/commons-digester/1.8.1/commons-digester-1.8.1.jar:/home/user/.m2/repository/io/jaegertracing/jaeger-client/0.34.0/jaeger-client-0.34.0.jar:/home/user/.m2/repository/io/jaegertracing/jaeger-thrift/0.34.0/jaeger-thrift-0.34.0.jar:/home/user/.m2/repository/org/apache/thrift/libthrift/0.12.0/libthrift-0.12.0.jar:/home/user/.m2/repository/com/squareup/okhttp3/okhttp/3.9.0/okhttp-3.9.0.jar:/home/user/.m2/repository/com/squareup/okio/okio/1.13.0/okio-1.13.0.jar:/home/user/.m2/repository/io/jaegertracing/jaeger-core/0.34.0/jaeger-core-0.34.0.jar:/home/user/.m2/repository/io/jaegertracing/jaeger-tracerresolver/0.34.0/jaeger-tracerresolver-0.34.0.jar:/home/user/.m2/repository/io/opentracing/contrib/opentracing-tracerresolver/0.1.5/opentracing-tracerresolver-0.1.5.jar:/home/user/.m2/repository/io/opentracing/opentracing-util/0.31.0/opentracing-util-0.31.0.jar:/home/user/.m2/repository/io/opentracing/opentracing-api/0.31.0/opentracing-api-0.31.0.jar:/home/user/.m2/repository/io/opentracing/opentracing-noop/0.31.0/opentracing-noop-0.31.0.jar:/home/user/.m2/repository/org/apache/hadoop/hadoop-hdds-server-framework/0.5.0-SNAPSHOT/hadoop-hdds-server-framework-0.5.0-SNAPSHOT.jar:/home/user/.m2/repository/org/apache/hadoop/hadoop-hdds-container-service/0.5.0-SNAPSHOT/hadoop-hdds-container-service-0.5.0-SNAPSHOT.jar:/home/user/.m2/repository/org/apache/hadoop/hadoop-hdds-client/0.5.0-SNAPSHOT/hadoop-hdds-client-0.5.0-SNAPSHOT.jar:/home/user/.m2/repository/org/apache/hadoop/hadoop-hdds-tools/0.5.0-SNAPSHOT/hadoop-hdds-tools-0.5.0-SNAPSHOT.jar:/home/user/.m2/repository/org/apache/hadoop/hadoop-hdds-server-scm/0.5.0-SNAPSHOT/hadoop-hdds-server-scm-0.5.0-SNAPSHOT.jar:/home/user/.m2/repository/org/apache/hadoop/hadoop-hdds-docs/0.5.0-SNAPSHOT/hadoop-hdds-docs-0.5.0-SNAPSHOT.jar:/home/user/.m2/repository/io/dropwizard/metrics/metrics-core/3.2.4/metrics-core-3.2.4.jar:/home/user/.m2/repository/org/hamcrest/hamcrest-all/1.3/hamcrest-all-1.3.jar:/home/user/.m2/repository/org/bouncycastle/bcprov-jdk15on/1.60/bcprov-jdk15on-1.60.jar:/home/user/.m2/repository/info/picocli/picocli/3.9.6/picocli-3.9.6.jar:/home/user/.m2/repository/com/google/protobuf/protobuf-java/2.5.0/protobuf-java-2.5.0.jar:/home/user/.m2/repository/com/google/guava/guava/11.0.2/guava-11.0.2.jar:/home/user/.m2/repository/org/apache/hadoop/hadoop-ozone-ozone-manager/0.5.0-SNAPSHOT/hadoop-ozone-ozone-manager-0.5.0-SNAPSHOT.jar:/home/user/.m2/repository/org/apache/hadoop/hadoop-minikdc/3.2.0/hadoop-minikdc-3.2.0.jar:/home/user/.m2/repository/commons-io/commons-io/2.5/commons-io-2.5.jar:/home/user/.m2/repository/org/apache/kerby/kerb-simplekdc/1.0.1/kerb-simplekdc-1.0.1.jar:/home/user/.m2/repository/org/apache/kerby/kerb-client/1.0.1/kerb-client-1.0.1.jar:/home/user/.m2/repository/org/apache/kerby/kerby-config/1.0.1/kerby-config-1.0.1.jar:/home/user/.m2/repository/org/apache/kerby/kerb-core/1.0.1/kerb-core-1.0.1.jar:/home/user/.m2/repository/org/apache/kerby/kerby-pkix/1.0.1/kerby-pkix-1.0.1.jar:/home/user/.m2/repository/org/apache/kerby/kerby-asn1/1.0.1/kerby-asn1-1.0.1.jar:/home/user/.m2/repository/org/apache/kerby/kerby-util/1.0.1/kerby-util-1.0.1.jar:/home/user/.m2/repository/org/apache/kerby/kerb-common/1.0.1/kerb-common-1.0.1.jar:/home/user/.m2/repository/org/apache/kerby/kerb-crypto/1.0.1/kerb-crypto-1.0.1.jar:/home/user/.m2/repository/org/apache/kerby/kerb-util/1.0.1/kerb-util-1.0.1.jar:/home/user/.m2/repository/org/apache/kerby/token-provider/1.0.1/token-provider-1.0.1.jar:/home/user/.m2/repository/org/apache/kerby/kerb-admin/1.0.1/kerb-admin-1.0.1.jar:/home/user/.m2/repository/org/apache/kerby/kerb-server/1.0.1/kerb-server-1.0.1.jar:/home/user/.m2/repository/org/apache/kerby/kerb-identity/1.0.1/kerb-identity-1.0.1.jar:/home/user/.m2/repository/org/apache/kerby/kerby-xdr/1.0.1/kerby-xdr-1.0.1.jar:/home/user/.m2/repository/org/slf4j/slf4j-log4j12/1.7.25/slf4j-log4j12-1.7.25.jar:/home/user/.m2/repository/org/apache/hadoop/hadoop-ozone-s3gateway/0.5.0-SNAPSHOT/hadoop-ozone-s3gateway-0.5.0-SNAPSHOT.jar:/home/user/.m2/repository/org/jboss/weld/servlet/weld-servlet/2.4.7.Final/weld-servlet-2.4.7.Final.jar:/home/user/.m2/repository/org/glassfish/jersey/containers/jersey-container-servlet-core/2.27/jersey-container-servlet-core-2.27.jar:/home/user/.m2/repository/org/glassfish/hk2/external/javax.inject/2.5.0-b42/javax.inject-2.5.0-b42.jar:/home/user/.m2/repository/org/glassfish/jersey/core/jersey-common/2.27/jersey-common-2.27.jar:/home/user/.m2/repository/org/glassfish/hk2/osgi-resource-locator/1.0.1/osgi-resource-locator-1.0.1.jar:/home/user/.m2/repository/javax/ws/rs/javax.ws.rs-api/2.1/javax.ws.rs-api-2.1.jar:/home/user/.m2/repository/org/glassfish/jersey/ext/cdi/jersey-cdi1x/2.27/jersey-cdi1x-2.27.jar:/home/user/.m2/repository/org/glassfish/jersey/inject/jersey-hk2/2.27/jersey-hk2-2.27.jar:/home/user/.m2/repository/org/glassfish/hk2/hk2-locator/2.5.0-b42/hk2-locator-2.5.0-b42.jar:/home/user/.m2/repository/org/javassist/javassist/3.22.0-CR2/javassist-3.22.0-CR2.jar:/home/user/.m2/repository/org/glassfish/hk2/hk2-api/2.5.0/hk2-api-2.5.0.jar:/home/user/.m2/repository/org/glassfish/hk2/external/jakarta.inject/2.5.0/jakarta.inject-2.5.0.jar:/home/user/.m2/repository/org/glassfish/hk2/hk2-utils/2.5.0/hk2-utils-2.5.0.jar:/home/user/.m2/repository/jakarta/annotation/jakarta.annotation-api/1.3.4/jakarta.annotation-api-1.3.4.jar:/home/user/.m2/repository/org/glassfish/hk2/external/aopalliance-repackaged/2.5.0/aopalliance-repackaged-2.5.0.jar:/home/user/.m2/repository/com/fasterxml/jackson/dataformat/jackson-dataformat-xml/2.9.0/jackson-dataformat-xml-2.9.0.jar:/home/user/.m2/repository/com/fasterxml/jackson/core/jackson-core/2.9.9/jackson-core-2.9.9.jar:/home/user/.m2/repository/com/fasterxml/jackson/module/jackson-module-jaxb-annotations/2.9.9/jackson-module-jaxb-annotations-2.9.9.jar:/home/user/.m2/repository/javax/enterprise/cdi-api/1.2/cdi-api-1.2.jar:/home/user/.m2/repository/javax/el/javax.el-api/3.0.0/javax.el-api-3.0.0.jar:/home/user/.m2/repository/javax/interceptor/javax.interceptor-api/1.2/javax.interceptor-api-1.2.jar:/home/user/.m2/repository/javax/inject/javax.inject/1/javax.inject-1.jar:/home/user/.m2/repository/com/sun/xml/bind/jaxb-impl/2.3.0.1/jaxb-impl-2.3.0.1.jar:/home/user/.m2/repository/com/sun/xml/bind/jaxb-core/2.3.0.1/jaxb-core-2.3.0.1.jar:/home/user/.m2/repository/javax/xml/bind/jaxb-api/2.3.0/jaxb-api-2.3.0.jar:/home/user/.m2/repository/javax/activation/activation/1.1.1/activation-1.1.1.jar:/home/user/.m2/repository/org/apache/hadoop/hadoop-ozone-csi/0.5.0-SNAPSHOT/hadoop-ozone-csi-0.5.0-SNAPSHOT.jar:/home/user/.m2/repository/com/google/protobuf/protobuf-java-util/3.5.1/protobuf-java-util-3.5.1.jar:/home/user/.m2/repository/org/apache/hadoop/hadoop-hdds-config/0.5.0-SNAPSHOT/hadoop-hdds-config-0.5.0-SNAPSHOT.jar:/home/user/.m2/repository/io/grpc/grpc-netty/1.17.1/grpc-netty-1.17.1.jar:/home/user/.m2/repository/io/grpc/grpc-core/1.17.1/grpc-core-1.17.1.jar:/home/user/.m2/repository/io/grpc/grpc-context/1.17.1/grpc-context-1.17.1.jar:/home/user/.m2/repository/com/google/errorprone/error_prone_annotations/2.2.0/error_prone_annotations-2.2.0.jar:/home/user/.m2/repository/org/codehaus/mojo/animal-sniffer-annotations/1.17/animal-sniffer-annotations-1.17.jar:/home/user/.m2/repository/io/opencensus/opencensus-api/0.17.0/opencensus-api-0.17.0.jar:/home/user/.m2/repository/io/opencensus/opencensus-contrib-grpc-metrics/0.17.0/opencensus-contrib-grpc-metrics-0.17.0.jar:/home/user/.m2/repository/io/netty/netty-codec-http2/4.1.30.Final/netty-codec-http2-4.1.30.Final.jar:/home/user/.m2/repository/io/netty/netty-codec-http/4.1.30.Final/netty-codec-http-4.1.30.Final.jar:/home/user/.m2/repository/io/netty/netty-codec/4.1.30.Final/netty-codec-4.1.30.Final.jar:/home/user/.m2/repository/io/netty/netty-handler/4.1.30.Final/netty-handler-4.1.30.Final.jar:/home/user/.m2/repository/io/netty/netty-handler-proxy/4.1.30.Final/netty-handler-proxy-4.1.30.Final.jar:/home/user/.m2/repository/io/netty/netty-codec-socks/4.1.30.Final/netty-codec-socks-4.1.30.Final.jar:/home/user/.m2/repository/io/netty/netty-transport-native-epoll/4.1.30.Final/netty-transport-native-epoll-4.1.30.Final.jar:/home/user/.m2/repository/io/netty/netty-common/4.1.30.Final/netty-common-4.1.30.Final.jar:/home/user/.m2/repository/io/netty/netty-buffer/4.1.30.Final/netty-buffer-4.1.30.Final.jar:/home/user/.m2/repository/io/netty/netty-transport/4.1.30.Final/netty-transport-4.1.30.Final.jar:/home/user/.m2/repository/io/netty/netty-resolver/4.1.30.Final/netty-resolver-4.1.30.Final.jar:/home/user/.m2/repository/io/netty/netty-transport-native-unix-common/4.1.30.Final/netty-transport-native-unix-common-4.1.30.Final.jar:/home/user/.m2/repository/io/grpc/grpc-protobuf/1.17.1/grpc-protobuf-1.17.1.jar:/home/user/.m2/repository/com/google/api/grpc/proto-google-common-protos/1.0.0/proto-google-common-protos-1.0.0.jar:/home/user/.m2/repository/io/grpc/grpc-protobuf-lite/1.17.1/grpc-protobuf-lite-1.17.1.jar:/home/user/.m2/repository/io/grpc/grpc-stub/1.17.1/grpc-stub-1.17.1.jar:/home/user/.m2/repository/org/apache/hadoop/hadoop-ozone-recon/0.5.0-SNAPSHOT/hadoop-ozone-recon-0.5.0-SNAPSHOT.jar:/home/user/.m2/repository/org/apache/hadoop/hadoop-ozone-reconcodegen/0.5.0-SNAPSHOT/hadoop-ozone-reconcodegen-0.5.0-SNAPSHOT.jar:/home/user/.m2/repository/com/google/inject/extensions/guice-multibindings/4.0/guice-multibindings-4.0.jar:/home/user/.m2/repository/com/google/inject/guice/4.0/guice-4.0.jar:/home/user/.m2/repository/aopalliance/aopalliance/1.0/aopalliance-1.0.jar:/home/user/.m2/repository/com/google/inject/extensions/guice-servlet/4.0/guice-servlet-4.0.jar:/home/user/.m2/repository/org/glassfish/jersey/containers/jersey-container-servlet/2.27/jersey-container-servlet-2.27.jar:/home/user/.m2/repository/org/glassfish/hk2/guice-bridge/2.5.0/guice-bridge-2.5.0.jar:/home/user/.m2/repository/org/glassfish/jersey/core/jersey-server/2.27/jersey-server-2.27.jar:/home/user/.m2/repository/org/glassfish/jersey/core/jersey-client/2.27/jersey-client-2.27.jar:/home/user/.m2/repository/org/glassfish/jersey/media/jersey-media-jaxb/2.27/jersey-media-jaxb-2.27.jar:/home/user/.m2/repository/javax/validation/validation-api/1.1.0.Final/validation-api-1.1.0.Final.jar:/home/user/.m2/repository/org/glassfish/jersey/media/jersey-media-json-jackson/2.27/jersey-media-json-jackson-2.27.jar:/home/user/.m2/repository/org/glassfish/jersey/ext/jersey-entity-filtering/2.27/jersey-entity-filtering-2.27.jar:/home/user/.m2/repository/com/google/inject/extensions/guice-assistedinject/4.0/guice-assistedinject-4.0.jar:/home/user/.m2/repository/org/jooq/jooq/3.11.10/jooq-3.11.10.jar:/home/user/.m2/repository/org/jooq/jooq-meta/3.11.10/jooq-meta-3.11.10.jar:/home/user/.m2/repository/org/jooq/jooq-codegen/3.11.10/jooq-codegen-3.11.10.jar:/home/user/.m2/repository/com/jolbox/bonecp/0.8.0.RELEASE/bonecp-0.8.0.RELEASE.jar:/home/user/.m2/repository/org/xerial/sqlite-jdbc/3.25.2/sqlite-jdbc-3.25.2.jar:/home/user/.m2/repository/org/springframework/spring-jdbc/5.1.3.RELEASE/spring-jdbc-5.1.3.RELEASE.jar:/home/user/.m2/repository/org/springframework/spring-beans/5.1.3.RELEASE/spring-beans-5.1.3.RELEASE.jar:/home/user/.m2/repository/org/springframework/spring-core/5.1.3.RELEASE/spring-core-5.1.3.RELEASE.jar:/home/user/.m2/repository/org/springframework/spring-jcl/5.1.3.RELEASE/spring-jcl-5.1.3.RELEASE.jar:/home/user/.m2/repository/org/springframework/spring-tx/5.1.3.RELEASE/spring-tx-5.1.3.RELEASE.jar:/home/user/.m2/repository/org/apache/hadoop/hadoop-ozone-client/0.5.0-SNAPSHOT/hadoop-ozone-client-0.5.0-SNAPSHOT.jar:/home/user/.m2/repository/commons-lang/commons-lang/2.6/commons-lang-2.6.jar:/home/user/.m2/repository/org/apache/hadoop/hadoop-ozone-ozone-manager/0.5.0-SNAPSHOT/hadoop-ozone-ozone-manager-0.5.0-SNAPSHOT-tests.jar:/home/user/.m2/repository/junit/junit/4.11/junit-4.11.jar:/home/user/.m2/repository/org/hamcrest/hamcrest-core/1.3/hamcrest-core-1.3.jar:/home/user/.m2/repository/org/openjdk/jmh/jmh-core/1.19/jmh-core-1.19.jar:/home/user/.m2/repository/net/sf/jopt-simple/jopt-simple/4.6/jopt-simple-4.6.jar:/home/user/.m2/repository/org/apache/commons/commons-math3/3.1.1/commons-math3-3.1.1.jar:/home/user/.m2/repository/org/openjdk/jmh/jmh-generator-annprocess/1.19/jmh-generator-annprocess-1.19.jar:/home/user/.m2/repository/org/mockito/mockito-all/1.8.5/mockito-all-1.8.5.jar:/home/user/.m2/repository/org/apache/hadoop/hadoop-kms/3.2.0/hadoop-kms-3.2.0.jar:/home/user/.m2/repository/org/apache/hadoop/hadoop-auth/3.2.0/hadoop-auth-3.2.0.jar:/home/user/.m2/repository/com/nimbusds/nimbus-jose-jwt/4.41.1/nimbus-jose-jwt-4.41.1.jar:/home/user/.m2/repository/com/github/stephenc/jcip/jcip-annotations/1.0-1/jcip-annotations-1.0-1.jar:/home/user/.m2/repository/net/minidev/json-smart/2.3/json-smart-2.3.jar:/home/user/.m2/repository/net/minidev/accessors-smart/1.2/accessors-smart-1.2.jar:/home/user/.m2/repository/org/ow2/asm/asm/5.0.4/asm-5.0.4.jar:/home/user/.m2/repository/org/apache/curator/curator-framework/2.12.0/curator-framework-2.12.0.jar:/home/user/.m2/repository/com/sun/jersey/jersey-core/1.19/jersey-core-1.19.jar:/home/user/.m2/repository/javax/ws/rs/jsr311-api/1.1.1/jsr311-api-1.1.1.jar:/home/user/.m2/repository/com/sun/jersey/jersey-server/1.19/jersey-server-1.19.jar:/home/user/.m2/repository/javax/servlet/javax.servlet-api/3.1.0/javax.servlet-api-3.1.0.jar:/home/user/.m2/repository/org/eclipse/jetty/jetty-server/9.3.25.v20180904/jetty-server-9.3.25.v20180904.jar:/home/user/.m2/repository/org/eclipse/jetty/jetty-http/9.3.25.v20180904/jetty-http-9.3.25.v20180904.jar:/home/user/.m2/repository/org/eclipse/jetty/jetty-io/9.3.25.v20180904/jetty-io-9.3.25.v20180904.jar:/home/user/.m2/repository/org/eclipse/jetty/jetty-webapp/9.3.25.v20180904/jetty-webapp-9.3.25.v20180904.jar:/home/user/.m2/repository/org/eclipse/jetty/jetty-xml/9.3.25.v20180904/jetty-xml-9.3.25.v20180904.jar:/home/user/.m2/repository/log4j/log4j/1.2.17/log4j-1.2.17.jar:/home/user/.m2/repository/org/slf4j/slf4j-api/1.7.25/slf4j-api-1.7.25.jar:/home/user/.m2/repository/org/slf4j/jul-to-slf4j/1.7.25/jul-to-slf4j-1.7.25.jar:/home/user/.m2/repository/org/eclipse/jetty/jetty-util/9.3.25.v20180904/jetty-util-9.3.25.v20180904.jar:/home/user/.m2/repository/com/fasterxml/jackson/core/jackson-databind/2.9.9/jackson-databind-2.9.9.jar:/home/user/.m2/repository/org/apache/hadoop/hadoop-kms/3.2.0/hadoop-kms-3.2.0-tests.jar:/home/user/.m2/repository/org/apache/hadoop/hadoop-hdds-server-scm/0.5.0-SNAPSHOT/hadoop-hdds-server-scm-0.5.0-SNAPSHOT-tests.jar:/home/user/.m2/repository/org/apache/hadoop/hadoop-hdds-container-service/0.5.0-SNAPSHOT/hadoop-hdds-container-service-0.5.0-SNAPSHOT-tests.jar:/home/user/.m2/repository/org/yaml/snakeyaml/1.16/snakeyaml-1.16.jar:/home/user/.m2/repository/org/apache/hadoop/hadoop-common/3.2.0/hadoop-common-3.2.0-tests.jar:/home/user/.m2/repository/org/apache/hadoop/hadoop-annotations/3.2.0/hadoop-annotations-3.2.0.jar:/usr/lib/jvm/java-1.8-openjdk/jre/../lib/tools.jar:/home/user/.m2/repository/commons-cli/commons-cli/1.2/commons-cli-1.2.jar:/home/user/.m2/repository/org/apache/httpcomponents/httpclient/4.5.2/httpclient-4.5.2.jar:/home/user/.m2/repository/org/apache/httpcomponents/httpcore/4.4.4/httpcore-4.4.4.jar:/home/user/.m2/repository/commons-codec/commons-codec/1.11/commons-codec-1.11.jar:/home/user/.m2/repository/commons-net/commons-net/3.6/commons-net-3.6.jar:/home/user/.m2/repository/commons-collections/commons-collections/3.2.2/commons-collections-3.2.2.jar:/home/user/.m2/repository/org/eclipse/jetty/jetty-servlet/9.3.25.v20180904/jetty-servlet-9.3.25.v20180904.jar:/home/user/.m2/repository/org/eclipse/jetty/jetty-security/9.3.25.v20180904/jetty-security-9.3.25.v20180904.jar:/home/user/.m2/repository/javax/servlet/jsp/jsp-api/2.1/jsp-api-2.1.jar:/home/user/.m2/repository/com/sun/jersey/jersey-servlet/1.19/jersey-servlet-1.19.jar:/home/user/.m2/repository/com/sun/jersey/jersey-json/1.19/jersey-json-1.19.jar:/home/user/.m2/repository/org/codehaus/jettison/jettison/1.1/jettison-1.1.jar:/home/user/.m2/repository/org/codehaus/jackson/jackson-core-asl/1.9.13/jackson-core-asl-1.9.13.jar:/home/user/.m2/repository/org/codehaus/jackson/jackson-mapper-asl/1.9.13/jackson-mapper-asl-1.9.13.jar:/home/user/.m2/repository/org/codehaus/jackson/jackson-jaxrs/1.9.13/jackson-jaxrs-1.9.13.jar:/home/user/.m2/repository/org/codehaus/jackson/jackson-xc/1.9.13/jackson-xc-1.9.13.jar:/home/user/.m2/repository/commons-logging/commons-logging/1.1.3/commons-logging-1.1.3.jar:/home/user/.m2/repository/commons-beanutils/commons-beanutils/1.9.4/commons-beanutils-1.9.4.jar:/home/user/.m2/repository/org/apache/commons/commons-configuration2/2.1.1/commons-configuration2-2.1.1.jar:/home/user/.m2/repository/org/apache/commons/commons-lang3/3.7/commons-lang3-3.7.jar:/home/user/.m2/repository/org/apache/commons/commons-text/1.4/commons-text-1.4.jar:/home/user/.m2/repository/org/apache/avro/avro/1.7.7/avro-1.7.7.jar:/home/user/.m2/repository/com/thoughtworks/paranamer/paranamer/2.3/paranamer-2.3.jar:/home/user/.m2/repository/org/xerial/snappy/snappy-java/1.0.5/snappy-java-1.0.5.jar:/home/user/.m2/repository/com/google/re2j/re2j/1.1/re2j-1.1.jar:/home/user/.m2/repository/com/google/code/gson/gson/2.2.4/gson-2.2.4.jar:/home/user/.m2/repository/com/jcraft/jsch/0.1.54/jsch-0.1.54.jar:/home/user/.m2/repository/org/apache/curator/curator-client/2.12.0/curator-client-2.12.0.jar:/home/user/.m2/repository/org/apache/curator/curator-recipes/2.12.0/curator-recipes-2.12.0.jar:/home/user/.m2/repository/com/google/code/findbugs/jsr305/3.0.0/jsr305-3.0.0.jar:/home/user/.m2/repository/org/apache/htrace/htrace-core4/4.1.0-incubating/htrace-core4-4.1.0-incubating.jar:/home/user/.m2/repository/org/apache/zookeeper/zookeeper/3.4.13/zookeeper-3.4.13.jar:/home/user/.m2/repository/jline/jline/0.9.94/jline-0.9.94.jar:/home/user/.m2/repository/org/apache/yetus/audience-annotations/0.5.0/audience-annotations-0.5.0.jar:/home/user/.m2/repository/org/codehaus/woodstox/stax2-api/3.1.4/stax2-api-3.1.4.jar:/home/user/.m2/repository/com/fasterxml/woodstox/woodstox-core/5.0.3/woodstox-core-5.0.3.jar:/home/user/.m2/repository/dnsjava/dnsjava/2.1.7/dnsjava-2.1.7.jar:/home/user/.m2/repository/org/apache/hadoop/hadoop-hdfs/3.2.0/hadoop-hdfs-3.2.0-tests.jar:/home/user/.m2/repository/org/eclipse/jetty/jetty-util-ajax/9.3.25.v20180904/jetty-util-ajax-9.3.25.v20180904.jar:/home/user/.m2/repository/commons-daemon/commons-daemon/1.0.13/commons-daemon-1.0.13.jar:/home/user/.m2/repository/io/netty/netty/3.10.5.Final/netty-3.10.5.Final.jar:/home/user/.m2/repository/io/netty/netty-all/4.0.52.Final/netty-all-4.0.52.Final.jar:/home/user/.m2/repository/org/fusesource/leveldbjni/leveldbjni-all/1.8/leveldbjni-all-1.8.jar:"/>
    <property name="java.vm.vendor" value="IcedTea"/>
    <property name="sun.arch.data.model" value="64"/>
    <property name="test.build.dir" value="/workdir/hadoop-ozone/integration-test/target/test-dir"/>
    <property name="test.cache.data" value=""/>
    <property name="java.vendor.url" value="https://icedtea.classpath.org"/>
    <property name="user.timezone" value=""/>
    <property name="java.vm.specification.version" value="1.8"/>
    <property name="os.name" value="Linux"/>
    <property name="test.build.data" value="/workdir/hadoop-ozone/integration-test/target/test-dir"/>
    <property name="user.country" value="US"/>
    <property name="sun.java.launcher" value="SUN_STANDARD"/>
    <property name="sun.boot.library.path" value="/usr/lib/jvm/java-1.8-openjdk/jre/lib/amd64"/>
    <property name="sun.java.command" value="/workdir/hadoop-ozone/integration-test/target/surefire/surefirebooter8135502883944816724.jar /workdir/hadoop-ozone/integration-test/target/surefire 2019-10-10T08-35-40_906-jvmRun1 surefire7971782841210205326tmp surefire_626232376915156274888tmp"/>
    <property name="test" value="!TestMiniChaosOzoneCluster"/>
    <property name="surefire.test.class.path" value="/workdir/hadoop-ozone/integration-test/target/test-classes:/workdir/hadoop-ozone/integration-test/target/classes:/home/user/.m2/repository/org/apache/hadoop/hadoop-ozone-common/0.5.0-SNAPSHOT/hadoop-ozone-common-0.5.0-SNAPSHOT.jar:/home/user/.m2/repository/org/apache/commons/commons-compress/1.4.1/commons-compress-1.4.1.jar:/home/user/.m2/repository/org/tukaani/xz/1.0/xz-1.0.jar:/home/user/.m2/repository/org/apache/hadoop/hadoop-common/3.2.0/hadoop-common-3.2.0.jar:/home/user/.m2/repository/org/apache/hadoop/hadoop-hdfs/3.2.0/hadoop-hdfs-3.2.0.jar:/home/user/.m2/repository/org/apache/hadoop/hadoop-hdfs-client/3.2.0/hadoop-hdfs-client-3.2.0.jar:/home/user/.m2/repository/com/fasterxml/jackson/core/jackson-annotations/2.9.9/jackson-annotations-2.9.9.jar:/home/user/.m2/repository/org/apache/hadoop/hadoop-hdds-common/0.5.0-SNAPSHOT/hadoop-hdds-common-0.5.0-SNAPSHOT.jar:/home/user/.m2/repository/javax/annotation/javax.annotation-api/1.2/javax.annotation-api-1.2.jar:/home/user/.m2/repository/org/apache/ratis/ratis-server/0.5.0-201fc85-SNAPSHOT/ratis-server-0.5.0-201fc85-SNAPSHOT.jar:/home/user/.m2/repository/org/apache/ratis/ratis-thirdparty-misc/0.2.0/ratis-thirdparty-misc-0.2.0.jar:/home/user/.m2/repository/org/apache/ratis/ratis-proto/0.5.0-201fc85-SNAPSHOT/ratis-proto-0.5.0-201fc85-SNAPSHOT.jar:/home/user/.m2/repository/org/apache/ratis/ratis-common/0.5.0-201fc85-SNAPSHOT/ratis-common-0.5.0-201fc85-SNAPSHOT.jar:/home/user/.m2/repository/org/apache/ratis/ratis-client/0.5.0-201fc85-SNAPSHOT/ratis-client-0.5.0-201fc85-SNAPSHOT.jar:/home/user/.m2/repository/org/apache/ratis/ratis-metrics/0.5.0-201fc85-SNAPSHOT/ratis-metrics-0.5.0-201fc85-SNAPSHOT.jar:/home/user/.m2/repository/com/github/joshelser/dropwizard-metrics-hadoop-metrics2-reporter/0.1.2/dropwizard-metrics-hadoop-metrics2-reporter-0.1.2.jar:/home/user/.m2/repository/io/dropwizard/metrics/metrics-jvm/3.2.5/metrics-jvm-3.2.5.jar:/home/user/.m2/repository/io/dropwizard/metrics/metrics-ganglia/3.2.5/metrics-ganglia-3.2.5.jar:/home/user/.m2/repository/info/ganglia/gmetric4j/gmetric4j/1.0.7/gmetric4j-1.0.7.jar:/home/user/.m2/repository/org/apache/ratis/ratis-netty/0.5.0-201fc85-SNAPSHOT/ratis-netty-0.5.0-201fc85-SNAPSHOT.jar:/home/user/.m2/repository/org/apache/ratis/ratis-grpc/0.5.0-201fc85-SNAPSHOT/ratis-grpc-0.5.0-201fc85-SNAPSHOT.jar:/home/user/.m2/repository/org/rocksdb/rocksdbjni/6.0.1/rocksdbjni-6.0.1.jar:/home/user/.m2/repository/org/apache/logging/log4j/log4j-api/2.11.0/log4j-api-2.11.0.jar:/home/user/.m2/repository/org/apache/logging/log4j/log4j-core/2.11.0/log4j-core-2.11.0.jar:/home/user/.m2/repository/com/lmax/disruptor/3.4.2/disruptor-3.4.2.jar:/home/user/.m2/repository/org/apache/commons/commons-pool2/2.6.0/commons-pool2-2.6.0.jar:/home/user/.m2/repository/org/bouncycastle/bcpkix-jdk15on/1.60/bcpkix-jdk15on-1.60.jar:/home/user/.m2/repository/commons-validator/commons-validator/1.6/commons-validator-1.6.jar:/home/user/.m2/repository/commons-digester/commons-digester/1.8.1/commons-digester-1.8.1.jar:/home/user/.m2/repository/io/jaegertracing/jaeger-client/0.34.0/jaeger-client-0.34.0.jar:/home/user/.m2/repository/io/jaegertracing/jaeger-thrift/0.34.0/jaeger-thrift-0.34.0.jar:/home/user/.m2/repository/org/apache/thrift/libthrift/0.12.0/libthrift-0.12.0.jar:/home/user/.m2/repository/com/squareup/okhttp3/okhttp/3.9.0/okhttp-3.9.0.jar:/home/user/.m2/repository/com/squareup/okio/okio/1.13.0/okio-1.13.0.jar:/home/user/.m2/repository/io/jaegertracing/jaeger-core/0.34.0/jaeger-core-0.34.0.jar:/home/user/.m2/repository/io/jaegertracing/jaeger-tracerresolver/0.34.0/jaeger-tracerresolver-0.34.0.jar:/home/user/.m2/repository/io/opentracing/contrib/opentracing-tracerresolver/0.1.5/opentracing-tracerresolver-0.1.5.jar:/home/user/.m2/repository/io/opentracing/opentracing-util/0.31.0/opentracing-util-0.31.0.jar:/home/user/.m2/repository/io/opentracing/opentracing-api/0.31.0/opentracing-api-0.31.0.jar:/home/user/.m2/repository/io/opentracing/opentracing-noop/0.31.0/opentracing-noop-0.31.0.jar:/home/user/.m2/repository/org/apache/hadoop/hadoop-hdds-server-framework/0.5.0-SNAPSHOT/hadoop-hdds-server-framework-0.5.0-SNAPSHOT.jar:/home/user/.m2/repository/org/apache/hadoop/hadoop-hdds-container-service/0.5.0-SNAPSHOT/hadoop-hdds-container-service-0.5.0-SNAPSHOT.jar:/home/user/.m2/repository/org/apache/hadoop/hadoop-hdds-client/0.5.0-SNAPSHOT/hadoop-hdds-client-0.5.0-SNAPSHOT.jar:/home/user/.m2/repository/org/apache/hadoop/hadoop-hdds-tools/0.5.0-SNAPSHOT/hadoop-hdds-tools-0.5.0-SNAPSHOT.jar:/home/user/.m2/repository/org/apache/hadoop/hadoop-hdds-server-scm/0.5.0-SNAPSHOT/hadoop-hdds-server-scm-0.5.0-SNAPSHOT.jar:/home/user/.m2/repository/org/apache/hadoop/hadoop-hdds-docs/0.5.0-SNAPSHOT/hadoop-hdds-docs-0.5.0-SNAPSHOT.jar:/home/user/.m2/repository/io/dropwizard/metrics/metrics-core/3.2.4/metrics-core-3.2.4.jar:/home/user/.m2/repository/org/hamcrest/hamcrest-all/1.3/hamcrest-all-1.3.jar:/home/user/.m2/repository/org/bouncycastle/bcprov-jdk15on/1.60/bcprov-jdk15on-1.60.jar:/home/user/.m2/repository/info/picocli/picocli/3.9.6/picocli-3.9.6.jar:/home/user/.m2/repository/com/google/protobuf/protobuf-java/2.5.0/protobuf-java-2.5.0.jar:/home/user/.m2/repository/com/google/guava/guava/11.0.2/guava-11.0.2.jar:/home/user/.m2/repository/org/apache/hadoop/hadoop-ozone-ozone-manager/0.5.0-SNAPSHOT/hadoop-ozone-ozone-manager-0.5.0-SNAPSHOT.jar:/home/user/.m2/repository/org/apache/hadoop/hadoop-minikdc/3.2.0/hadoop-minikdc-3.2.0.jar:/home/user/.m2/repository/commons-io/commons-io/2.5/commons-io-2.5.jar:/home/user/.m2/repository/org/apache/kerby/kerb-simplekdc/1.0.1/kerb-simplekdc-1.0.1.jar:/home/user/.m2/repository/org/apache/kerby/kerb-client/1.0.1/kerb-client-1.0.1.jar:/home/user/.m2/repository/org/apache/kerby/kerby-config/1.0.1/kerby-config-1.0.1.jar:/home/user/.m2/repository/org/apache/kerby/kerb-core/1.0.1/kerb-core-1.0.1.jar:/home/user/.m2/repository/org/apache/kerby/kerby-pkix/1.0.1/kerby-pkix-1.0.1.jar:/home/user/.m2/repository/org/apache/kerby/kerby-asn1/1.0.1/kerby-asn1-1.0.1.jar:/home/user/.m2/repository/org/apache/kerby/kerby-util/1.0.1/kerby-util-1.0.1.jar:/home/user/.m2/repository/org/apache/kerby/kerb-common/1.0.1/kerb-common-1.0.1.jar:/home/user/.m2/repository/org/apache/kerby/kerb-crypto/1.0.1/kerb-crypto-1.0.1.jar:/home/user/.m2/repository/org/apache/kerby/kerb-util/1.0.1/kerb-util-1.0.1.jar:/home/user/.m2/repository/org/apache/kerby/token-provider/1.0.1/token-provider-1.0.1.jar:/home/user/.m2/repository/org/apache/kerby/kerb-admin/1.0.1/kerb-admin-1.0.1.jar:/home/user/.m2/repository/org/apache/kerby/kerb-server/1.0.1/kerb-server-1.0.1.jar:/home/user/.m2/repository/org/apache/kerby/kerb-identity/1.0.1/kerb-identity-1.0.1.jar:/home/user/.m2/repository/org/apache/kerby/kerby-xdr/1.0.1/kerby-xdr-1.0.1.jar:/home/user/.m2/repository/org/slf4j/slf4j-log4j12/1.7.25/slf4j-log4j12-1.7.25.jar:/home/user/.m2/repository/org/apache/hadoop/hadoop-ozone-s3gateway/0.5.0-SNAPSHOT/hadoop-ozone-s3gateway-0.5.0-SNAPSHOT.jar:/home/user/.m2/repository/org/jboss/weld/servlet/weld-servlet/2.4.7.Final/weld-servlet-2.4.7.Final.jar:/home/user/.m2/repository/org/glassfish/jersey/containers/jersey-container-servlet-core/2.27/jersey-container-servlet-core-2.27.jar:/home/user/.m2/repository/org/glassfish/hk2/external/javax.inject/2.5.0-b42/javax.inject-2.5.0-b42.jar:/home/user/.m2/repository/org/glassfish/jersey/core/jersey-common/2.27/jersey-common-2.27.jar:/home/user/.m2/repository/org/glassfish/hk2/osgi-resource-locator/1.0.1/osgi-resource-locator-1.0.1.jar:/home/user/.m2/repository/javax/ws/rs/javax.ws.rs-api/2.1/javax.ws.rs-api-2.1.jar:/home/user/.m2/repository/org/glassfish/jersey/ext/cdi/jersey-cdi1x/2.27/jersey-cdi1x-2.27.jar:/home/user/.m2/repository/org/glassfish/jersey/inject/jersey-hk2/2.27/jersey-hk2-2.27.jar:/home/user/.m2/repository/org/glassfish/hk2/hk2-locator/2.5.0-b42/hk2-locator-2.5.0-b42.jar:/home/user/.m2/repository/org/javassist/javassist/3.22.0-CR2/javassist-3.22.0-CR2.jar:/home/user/.m2/repository/org/glassfish/hk2/hk2-api/2.5.0/hk2-api-2.5.0.jar:/home/user/.m2/repository/org/glassfish/hk2/external/jakarta.inject/2.5.0/jakarta.inject-2.5.0.jar:/home/user/.m2/repository/org/glassfish/hk2/hk2-utils/2.5.0/hk2-utils-2.5.0.jar:/home/user/.m2/repository/jakarta/annotation/jakarta.annotation-api/1.3.4/jakarta.annotation-api-1.3.4.jar:/home/user/.m2/repository/org/glassfish/hk2/external/aopalliance-repackaged/2.5.0/aopalliance-repackaged-2.5.0.jar:/home/user/.m2/repository/com/fasterxml/jackson/dataformat/jackson-dataformat-xml/2.9.0/jackson-dataformat-xml-2.9.0.jar:/home/user/.m2/repository/com/fasterxml/jackson/core/jackson-core/2.9.9/jackson-core-2.9.9.jar:/home/user/.m2/repository/com/fasterxml/jackson/module/jackson-module-jaxb-annotations/2.9.9/jackson-module-jaxb-annotations-2.9.9.jar:/home/user/.m2/repository/javax/enterprise/cdi-api/1.2/cdi-api-1.2.jar:/home/user/.m2/repository/javax/el/javax.el-api/3.0.0/javax.el-api-3.0.0.jar:/home/user/.m2/repository/javax/interceptor/javax.interceptor-api/1.2/javax.interceptor-api-1.2.jar:/home/user/.m2/repository/javax/inject/javax.inject/1/javax.inject-1.jar:/home/user/.m2/repository/com/sun/xml/bind/jaxb-impl/2.3.0.1/jaxb-impl-2.3.0.1.jar:/home/user/.m2/repository/com/sun/xml/bind/jaxb-core/2.3.0.1/jaxb-core-2.3.0.1.jar:/home/user/.m2/repository/javax/xml/bind/jaxb-api/2.3.0/jaxb-api-2.3.0.jar:/home/user/.m2/repository/javax/activation/activation/1.1.1/activation-1.1.1.jar:/home/user/.m2/repository/org/apache/hadoop/hadoop-ozone-csi/0.5.0-SNAPSHOT/hadoop-ozone-csi-0.5.0-SNAPSHOT.jar:/home/user/.m2/repository/com/google/protobuf/protobuf-java-util/3.5.1/protobuf-java-util-3.5.1.jar:/home/user/.m2/repository/org/apache/hadoop/hadoop-hdds-config/0.5.0-SNAPSHOT/hadoop-hdds-config-0.5.0-SNAPSHOT.jar:/home/user/.m2/repository/io/grpc/grpc-netty/1.17.1/grpc-netty-1.17.1.jar:/home/user/.m2/repository/io/grpc/grpc-core/1.17.1/grpc-core-1.17.1.jar:/home/user/.m2/repository/io/grpc/grpc-context/1.17.1/grpc-context-1.17.1.jar:/home/user/.m2/repository/com/google/errorprone/error_prone_annotations/2.2.0/error_prone_annotations-2.2.0.jar:/home/user/.m2/repository/org/codehaus/mojo/animal-sniffer-annotations/1.17/animal-sniffer-annotations-1.17.jar:/home/user/.m2/repository/io/opencensus/opencensus-api/0.17.0/opencensus-api-0.17.0.jar:/home/user/.m2/repository/io/opencensus/opencensus-contrib-grpc-metrics/0.17.0/opencensus-contrib-grpc-metrics-0.17.0.jar:/home/user/.m2/repository/io/netty/netty-codec-http2/4.1.30.Final/netty-codec-http2-4.1.30.Final.jar:/home/user/.m2/repository/io/netty/netty-codec-http/4.1.30.Final/netty-codec-http-4.1.30.Final.jar:/home/user/.m2/repository/io/netty/netty-codec/4.1.30.Final/netty-codec-4.1.30.Final.jar:/home/user/.m2/repository/io/netty/netty-handler/4.1.30.Final/netty-handler-4.1.30.Final.jar:/home/user/.m2/repository/io/netty/netty-handler-proxy/4.1.30.Final/netty-handler-proxy-4.1.30.Final.jar:/home/user/.m2/repository/io/netty/netty-codec-socks/4.1.30.Final/netty-codec-socks-4.1.30.Final.jar:/home/user/.m2/repository/io/netty/netty-transport-native-epoll/4.1.30.Final/netty-transport-native-epoll-4.1.30.Final.jar:/home/user/.m2/repository/io/netty/netty-common/4.1.30.Final/netty-common-4.1.30.Final.jar:/home/user/.m2/repository/io/netty/netty-buffer/4.1.30.Final/netty-buffer-4.1.30.Final.jar:/home/user/.m2/repository/io/netty/netty-transport/4.1.30.Final/netty-transport-4.1.30.Final.jar:/home/user/.m2/repository/io/netty/netty-resolver/4.1.30.Final/netty-resolver-4.1.30.Final.jar:/home/user/.m2/repository/io/netty/netty-transport-native-unix-common/4.1.30.Final/netty-transport-native-unix-common-4.1.30.Final.jar:/home/user/.m2/repository/io/grpc/grpc-protobuf/1.17.1/grpc-protobuf-1.17.1.jar:/home/user/.m2/repository/com/google/api/grpc/proto-google-common-protos/1.0.0/proto-google-common-protos-1.0.0.jar:/home/user/.m2/repository/io/grpc/grpc-protobuf-lite/1.17.1/grpc-protobuf-lite-1.17.1.jar:/home/user/.m2/repository/io/grpc/grpc-stub/1.17.1/grpc-stub-1.17.1.jar:/home/user/.m2/repository/org/apache/hadoop/hadoop-ozone-recon/0.5.0-SNAPSHOT/hadoop-ozone-recon-0.5.0-SNAPSHOT.jar:/home/user/.m2/repository/org/apache/hadoop/hadoop-ozone-reconcodegen/0.5.0-SNAPSHOT/hadoop-ozone-reconcodegen-0.5.0-SNAPSHOT.jar:/home/user/.m2/repository/com/google/inject/extensions/guice-multibindings/4.0/guice-multibindings-4.0.jar:/home/user/.m2/repository/com/google/inject/guice/4.0/guice-4.0.jar:/home/user/.m2/repository/aopalliance/aopalliance/1.0/aopalliance-1.0.jar:/home/user/.m2/repository/com/google/inject/extensions/guice-servlet/4.0/guice-servlet-4.0.jar:/home/user/.m2/repository/org/glassfish/jersey/containers/jersey-container-servlet/2.27/jersey-container-servlet-2.27.jar:/home/user/.m2/repository/org/glassfish/hk2/guice-bridge/2.5.0/guice-bridge-2.5.0.jar:/home/user/.m2/repository/org/glassfish/jersey/core/jersey-server/2.27/jersey-server-2.27.jar:/home/user/.m2/repository/org/glassfish/jersey/core/jersey-client/2.27/jersey-client-2.27.jar:/home/user/.m2/repository/org/glassfish/jersey/media/jersey-media-jaxb/2.27/jersey-media-jaxb-2.27.jar:/home/user/.m2/repository/javax/validation/validation-api/1.1.0.Final/validation-api-1.1.0.Final.jar:/home/user/.m2/repository/org/glassfish/jersey/media/jersey-media-json-jackson/2.27/jersey-media-json-jackson-2.27.jar:/home/user/.m2/repository/org/glassfish/jersey/ext/jersey-entity-filtering/2.27/jersey-entity-filtering-2.27.jar:/home/user/.m2/repository/com/google/inject/extensions/guice-assistedinject/4.0/guice-assistedinject-4.0.jar:/home/user/.m2/repository/org/jooq/jooq/3.11.10/jooq-3.11.10.jar:/home/user/.m2/repository/org/jooq/jooq-meta/3.11.10/jooq-meta-3.11.10.jar:/home/user/.m2/repository/org/jooq/jooq-codegen/3.11.10/jooq-codegen-3.11.10.jar:/home/user/.m2/repository/com/jolbox/bonecp/0.8.0.RELEASE/bonecp-0.8.0.RELEASE.jar:/home/user/.m2/repository/org/xerial/sqlite-jdbc/3.25.2/sqlite-jdbc-3.25.2.jar:/home/user/.m2/repository/org/springframework/spring-jdbc/5.1.3.RELEASE/spring-jdbc-5.1.3.RELEASE.jar:/home/user/.m2/repository/org/springframework/spring-beans/5.1.3.RELEASE/spring-beans-5.1.3.RELEASE.jar:/home/user/.m2/repository/org/springframework/spring-core/5.1.3.RELEASE/spring-core-5.1.3.RELEASE.jar:/home/user/.m2/repository/org/springframework/spring-jcl/5.1.3.RELEASE/spring-jcl-5.1.3.RELEASE.jar:/home/user/.m2/repository/org/springframework/spring-tx/5.1.3.RELEASE/spring-tx-5.1.3.RELEASE.jar:/home/user/.m2/repository/org/apache/hadoop/hadoop-ozone-client/0.5.0-SNAPSHOT/hadoop-ozone-client-0.5.0-SNAPSHOT.jar:/home/user/.m2/repository/commons-lang/commons-lang/2.6/commons-lang-2.6.jar:/home/user/.m2/repository/org/apache/hadoop/hadoop-ozone-ozone-manager/0.5.0-SNAPSHOT/hadoop-ozone-ozone-manager-0.5.0-SNAPSHOT-tests.jar:/home/user/.m2/repository/junit/junit/4.11/junit-4.11.jar:/home/user/.m2/repository/org/hamcrest/hamcrest-core/1.3/hamcrest-core-1.3.jar:/home/user/.m2/repository/org/openjdk/jmh/jmh-core/1.19/jmh-core-1.19.jar:/home/user/.m2/repository/net/sf/jopt-simple/jopt-simple/4.6/jopt-simple-4.6.jar:/home/user/.m2/repository/org/apache/commons/commons-math3/3.1.1/commons-math3-3.1.1.jar:/home/user/.m2/repository/org/openjdk/jmh/jmh-generator-annprocess/1.19/jmh-generator-annprocess-1.19.jar:/home/user/.m2/repository/org/mockito/mockito-all/1.8.5/mockito-all-1.8.5.jar:/home/user/.m2/repository/org/apache/hadoop/hadoop-kms/3.2.0/hadoop-kms-3.2.0.jar:/home/user/.m2/repository/org/apache/hadoop/hadoop-auth/3.2.0/hadoop-auth-3.2.0.jar:/home/user/.m2/repository/com/nimbusds/nimbus-jose-jwt/4.41.1/nimbus-jose-jwt-4.41.1.jar:/home/user/.m2/repository/com/github/stephenc/jcip/jcip-annotations/1.0-1/jcip-annotations-1.0-1.jar:/home/user/.m2/repository/net/minidev/json-smart/2.3/json-smart-2.3.jar:/home/user/.m2/repository/net/minidev/accessors-smart/1.2/accessors-smart-1.2.jar:/home/user/.m2/repository/org/ow2/asm/asm/5.0.4/asm-5.0.4.jar:/home/user/.m2/repository/org/apache/curator/curator-framework/2.12.0/curator-framework-2.12.0.jar:/home/user/.m2/repository/com/sun/jersey/jersey-core/1.19/jersey-core-1.19.jar:/home/user/.m2/repository/javax/ws/rs/jsr311-api/1.1.1/jsr311-api-1.1.1.jar:/home/user/.m2/repository/com/sun/jersey/jersey-server/1.19/jersey-server-1.19.jar:/home/user/.m2/repository/javax/servlet/javax.servlet-api/3.1.0/javax.servlet-api-3.1.0.jar:/home/user/.m2/repository/org/eclipse/jetty/jetty-server/9.3.25.v20180904/jetty-server-9.3.25.v20180904.jar:/home/user/.m2/repository/org/eclipse/jetty/jetty-http/9.3.25.v20180904/jetty-http-9.3.25.v20180904.jar:/home/user/.m2/repository/org/eclipse/jetty/jetty-io/9.3.25.v20180904/jetty-io-9.3.25.v20180904.jar:/home/user/.m2/repository/org/eclipse/jetty/jetty-webapp/9.3.25.v20180904/jetty-webapp-9.3.25.v20180904.jar:/home/user/.m2/repository/org/eclipse/jetty/jetty-xml/9.3.25.v20180904/jetty-xml-9.3.25.v20180904.jar:/home/user/.m2/repository/log4j/log4j/1.2.17/log4j-1.2.17.jar:/home/user/.m2/repository/org/slf4j/slf4j-api/1.7.25/slf4j-api-1.7.25.jar:/home/user/.m2/repository/org/slf4j/jul-to-slf4j/1.7.25/jul-to-slf4j-1.7.25.jar:/home/user/.m2/repository/org/eclipse/jetty/jetty-util/9.3.25.v20180904/jetty-util-9.3.25.v20180904.jar:/home/user/.m2/repository/com/fasterxml/jackson/core/jackson-databind/2.9.9/jackson-databind-2.9.9.jar:/home/user/.m2/repository/org/apache/hadoop/hadoop-kms/3.2.0/hadoop-kms-3.2.0-tests.jar:/home/user/.m2/repository/org/apache/hadoop/hadoop-hdds-server-scm/0.5.0-SNAPSHOT/hadoop-hdds-server-scm-0.5.0-SNAPSHOT-tests.jar:/home/user/.m2/repository/org/apache/hadoop/hadoop-hdds-container-service/0.5.0-SNAPSHOT/hadoop-hdds-container-service-0.5.0-SNAPSHOT-tests.jar:/home/user/.m2/repository/org/yaml/snakeyaml/1.16/snakeyaml-1.16.jar:/home/user/.m2/repository/org/apache/hadoop/hadoop-common/3.2.0/hadoop-common-3.2.0-tests.jar:/home/user/.m2/repository/org/apache/hadoop/hadoop-annotations/3.2.0/hadoop-annotations-3.2.0.jar:/usr/lib/jvm/java-1.8-openjdk/jre/../lib/tools.jar:/home/user/.m2/repository/commons-cli/commons-cli/1.2/commons-cli-1.2.jar:/home/user/.m2/repository/org/apache/httpcomponents/httpclient/4.5.2/httpclient-4.5.2.jar:/home/user/.m2/repository/org/apache/httpcomponents/httpcore/4.4.4/httpcore-4.4.4.jar:/home/user/.m2/repository/commons-codec/commons-codec/1.11/commons-codec-1.11.jar:/home/user/.m2/repository/commons-net/commons-net/3.6/commons-net-3.6.jar:/home/user/.m2/repository/commons-collections/commons-collections/3.2.2/commons-collections-3.2.2.jar:/home/user/.m2/repository/org/eclipse/jetty/jetty-servlet/9.3.25.v20180904/jetty-servlet-9.3.25.v20180904.jar:/home/user/.m2/repository/org/eclipse/jetty/jetty-security/9.3.25.v20180904/jetty-security-9.3.25.v20180904.jar:/home/user/.m2/repository/javax/servlet/jsp/jsp-api/2.1/jsp-api-2.1.jar:/home/user/.m2/repository/com/sun/jersey/jersey-servlet/1.19/jersey-servlet-1.19.jar:/home/user/.m2/repository/com/sun/jersey/jersey-json/1.19/jersey-json-1.19.jar:/home/user/.m2/repository/org/codehaus/jettison/jettison/1.1/jettison-1.1.jar:/home/user/.m2/repository/org/codehaus/jackson/jackson-core-asl/1.9.13/jackson-core-asl-1.9.13.jar:/home/user/.m2/repository/org/codehaus/jackson/jackson-mapper-asl/1.9.13/jackson-mapper-asl-1.9.13.jar:/home/user/.m2/repository/org/codehaus/jackson/jackson-jaxrs/1.9.13/jackson-jaxrs-1.9.13.jar:/home/user/.m2/repository/org/codehaus/jackson/jackson-xc/1.9.13/jackson-xc-1.9.13.jar:/home/user/.m2/repository/commons-logging/commons-logging/1.1.3/commons-logging-1.1.3.jar:/home/user/.m2/repository/commons-beanutils/commons-beanutils/1.9.4/commons-beanutils-1.9.4.jar:/home/user/.m2/repository/org/apache/commons/commons-configuration2/2.1.1/commons-configuration2-2.1.1.jar:/home/user/.m2/repository/org/apache/commons/commons-lang3/3.7/commons-lang3-3.7.jar:/home/user/.m2/repository/org/apache/commons/commons-text/1.4/commons-text-1.4.jar:/home/user/.m2/repository/org/apache/avro/avro/1.7.7/avro-1.7.7.jar:/home/user/.m2/repository/com/thoughtworks/paranamer/paranamer/2.3/paranamer-2.3.jar:/home/user/.m2/repository/org/xerial/snappy/snappy-java/1.0.5/snappy-java-1.0.5.jar:/home/user/.m2/repository/com/google/re2j/re2j/1.1/re2j-1.1.jar:/home/user/.m2/repository/com/google/code/gson/gson/2.2.4/gson-2.2.4.jar:/home/user/.m2/repository/com/jcraft/jsch/0.1.54/jsch-0.1.54.jar:/home/user/.m2/repository/org/apache/curator/curator-client/2.12.0/curator-client-2.12.0.jar:/home/user/.m2/repository/org/apache/curator/curator-recipes/2.12.0/curator-recipes-2.12.0.jar:/home/user/.m2/repository/com/google/code/findbugs/jsr305/3.0.0/jsr305-3.0.0.jar:/home/user/.m2/repository/org/apache/htrace/htrace-core4/4.1.0-incubating/htrace-core4-4.1.0-incubating.jar:/home/user/.m2/repository/org/apache/zookeeper/zookeeper/3.4.13/zookeeper-3.4.13.jar:/home/user/.m2/repository/jline/jline/0.9.94/jline-0.9.94.jar:/home/user/.m2/repository/org/apache/yetus/audience-annotations/0.5.0/audience-annotations-0.5.0.jar:/home/user/.m2/repository/org/codehaus/woodstox/stax2-api/3.1.4/stax2-api-3.1.4.jar:/home/user/.m2/repository/com/fasterxml/woodstox/woodstox-core/5.0.3/woodstox-core-5.0.3.jar:/home/user/.m2/repository/dnsjava/dnsjava/2.1.7/dnsjava-2.1.7.jar:/home/user/.m2/repository/org/apache/hadoop/hadoop-hdfs/3.2.0/hadoop-hdfs-3.2.0-tests.jar:/home/user/.m2/repository/org/eclipse/jetty/jetty-util-ajax/9.3.25.v20180904/jetty-util-ajax-9.3.25.v20180904.jar:/home/user/.m2/repository/commons-daemon/commons-daemon/1.0.13/commons-daemon-1.0.13.jar:/home/user/.m2/repository/io/netty/netty/3.10.5.Final/netty-3.10.5.Final.jar:/home/user/.m2/repository/io/netty/netty-all/4.0.52.Final/netty-all-4.0.52.Final.jar:/home/user/.m2/repository/org/fusesource/leveldbjni/leveldbjni-all/1.8/leveldbjni-all-1.8.jar:"/>
    <property name="sun.cpu.endian" value="little"/>
    <property name="user.home" value="/home/user"/>
    <property name="user.language" value="en"/>
    <property name="java.specification.vendor" value="Oracle Corporation"/>
    <property name="java.home" value="/usr/lib/jvm/java-1.8-openjdk/jre"/>
    <property name="java.security.krb5.conf" value="/workdir/hadoop-ozone/integration-test/target/test-classes/krb5.conf"/>
    <property name="basedir" value="/workdir/hadoop-ozone/integration-test"/>
    <property name="file.separator" value="/"/>
    <property name="line.separator" value="&#10;"/>
    <property name="java.vm.specification.vendor" value="Oracle Corporation"/>
    <property name="java.specification.name" value="Java Platform API Specification"/>
    <property name="java.awt.graphicsenv" value="sun.awt.X11GraphicsEnvironment"/>
    <property name="surefire.real.class.path" value="/workdir/hadoop-ozone/integration-test/target/surefire/surefirebooter8135502883944816724.jar"/>
    <property name="hadoop.log.dir" value="/workdir/hadoop-ozone/integration-test/target/log"/>
    <property name="sun.boot.class.path" value="/usr/lib/jvm/java-1.8-openjdk/jre/lib/resources.jar:/usr/lib/jvm/java-1.8-openjdk/jre/lib/rt.jar:/usr/lib/jvm/java-1.8-openjdk/jre/lib/sunrsasign.jar:/usr/lib/jvm/java-1.8-openjdk/jre/lib/jsse.jar:/usr/lib/jvm/java-1.8-openjdk/jre/lib/jce.jar:/usr/lib/jvm/java-1.8-openjdk/jre/lib/charsets.jar:/usr/lib/jvm/java-1.8-openjdk/jre/lib/jfr.jar:/usr/lib/jvm/java-1.8-openjdk/jre/classes"/>
    <property name="sun.management.compiler" value="HotSpot 64-Bit Tiered Compilers"/>
    <property name="java.runtime.version" value="1.8.0_212-b04"/>
    <property name="java.net.preferIPv4Stack" value="true"/>
    <property name="user.name" value="jenkins1000"/>
    <property name="path.separator" value=":"/>
    <property name="java.security.egd" value="file:///dev/urandom"/>
    <property name="os.version" value="3.10.0-957.12.2.el7.x86_64"/>
    <property name="java.endorsed.dirs" value="/usr/lib/jvm/java-1.8-openjdk/jre/lib/endorsed"/>
    <property name="java.runtime.name" value="OpenJDK Runtime Environment"/>
    <property name="file.encoding" value="UTF-8"/>
    <property name="java.vm.name" value="OpenJDK 64-Bit Server VM"/>
    <property name="test.build.webapps" value=""/>
    <property name="localRepository" value="/home/user/.m2/repository"/>
    <property name="java.vendor.url.bug" value="https://icedtea.classpath.org/bugzilla"/>
    <property name="java.io.tmpdir" value="/tmp"/>
    <property name="require.test.libhadoop" value=""/>
    <property name="java.version" value="1.8.0_212"/>
    <property name="user.dir" value="/workdir/hadoop-ozone/integration-test"/>
    <property name="os.arch" value="amd64"/>
    <property name="java.vm.specification.name" value="Java Virtual Machine Specification"/>
    <property name="test.build.classes" value="/workdir/hadoop-ozone/integration-test/target/test-classes"/>
    <property name="java.awt.printerjob" value="sun.print.PSPrinterJob"/>
    <property name="sun.os.patch.level" value="unknown"/>
    <property name="hadoop.tmp.dir" value="/workdir/hadoop-ozone/integration-test/target/tmp"/>
    <property name="java.library.path" value="/usr/lib/jvm/java-1.8-openjdk/jre/lib/amd64/server:/usr/lib/jvm/java-1.8-openjdk/jre/lib/amd64:/usr/lib/jvm/java-1.8-openjdk/jre/../lib/amd64:/workdir/hadoop-ozone/integration-test/target/native/target/usr/local/lib:/workdir/hadoop-ozone/integration-test/../../hadoop-common-project/hadoop-common/target/native/target/usr/local/lib:/usr/java/packages/lib/amd64:/usr/lib64:/lib64:/lib:/usr/lib"/>
    <property name="java.vm.info" value="mixed mode"/>
    <property name="java.vendor" value="IcedTea"/>
    <property name="java.vm.version" value="25.212-b04"/>
    <property name="java.ext.dirs" value="/usr/lib/jvm/java-1.8-openjdk/jre/lib/ext:/usr/java/packages/lib/ext"/>
    <property name="sun.io.unicode.encoding" value="UnicodeLittle"/>
    <property name="java.class.version" value="52.0"/>
  </properties>
  <testcase name="testWatchForCommitWithKeyWrite" classname="org.apache.hadoop.ozone.client.rpc.TestWatchForCommit" time="91.648"/>
  <testcase name="testWatchForCommitWithSmallerTimeoutValue" classname="org.apache.hadoop.ozone.client.rpc.TestWatchForCommit" time="43.134"/>
  <testcase name="testWatchForCommitForRetryfailure" classname="org.apache.hadoop.ozone.client.rpc.TestWatchForCommit" time="70.596"/>
  <testcase name="testWatchForCommitForGroupMismatchException" classname="org.apache.hadoop.ozone.client.rpc.TestWatchForCommit" time="31.7"/>
  <testcase name="test2WayCommitForTimeoutException" classname="org.apache.hadoop.ozone.client.rpc.TestWatchForCommit" time="32.404">
    <error type="java.util.concurrent.TimeoutException">java.util.concurrent.TimeoutException
	at java.util.concurrent.CompletableFuture.timedGet(CompletableFuture.java:1771)
	at java.util.concurrent.CompletableFuture.get(CompletableFuture.java:1915)
	at org.apache.hadoop.hdds.scm.XceiverClientRatis.watchForCommit(XceiverClientRatis.java:275)
	at org.apache.hadoop.ozone.client.rpc.TestWatchForCommit.test2WayCommitForTimeoutException(TestWatchForCommit.java:391)
	at sun.reflect.NativeMethodAccessorImpl.invoke0(Native Method)
	at sun.reflect.NativeMethodAccessorImpl.invoke(NativeMethodAccessorImpl.java:62)
	at sun.reflect.DelegatingMethodAccessorImpl.invoke(DelegatingMethodAccessorImpl.java:43)
	at java.lang.reflect.Method.invoke(Method.java:498)
	at org.junit.runners.model.FrameworkMethod$1.runReflectiveCall(FrameworkMethod.java:47)
	at org.junit.internal.runners.model.ReflectiveCallable.run(ReflectiveCallable.java:12)
	at org.junit.runners.model.FrameworkMethod.invokeExplosively(FrameworkMethod.java:44)
	at org.junit.internal.runners.statements.InvokeMethod.evaluate(InvokeMethod.java:17)
	at org.junit.runners.ParentRunner.runLeaf(ParentRunner.java:271)
	at org.junit.runners.BlockJUnit4ClassRunner.runChild(BlockJUnit4ClassRunner.java:70)
	at org.junit.runners.BlockJUnit4ClassRunner.runChild(BlockJUnit4ClassRunner.java:50)
	at org.junit.runners.ParentRunner$3.run(ParentRunner.java:238)
	at org.junit.runners.ParentRunner$1.schedule(ParentRunner.java:63)
	at org.junit.runners.ParentRunner.runChildren(ParentRunner.java:236)
	at org.junit.runners.ParentRunner.access$000(ParentRunner.java:53)
	at org.junit.runners.ParentRunner$2.evaluate(ParentRunner.java:229)
	at org.junit.runners.ParentRunner.run(ParentRunner.java:309)
	at org.apache.maven.surefire.junit4.JUnit4Provider.execute(JUnit4Provider.java:365)
	at org.apache.maven.surefire.junit4.JUnit4Provider.executeWithRerun(JUnit4Provider.java:273)
	at org.apache.maven.surefire.junit4.JUnit4Provider.executeTestSet(JUnit4Provider.java:238)
	at org.apache.maven.surefire.junit4.JUnit4Provider.invoke(JUnit4Provider.java:159)
	at org.apache.maven.surefire.booter.ForkedBooter.invokeProviderInSameClassLoader(ForkedBooter.java:384)
	at org.apache.maven.surefire.booter.ForkedBooter.runSuitesInProcess(ForkedBooter.java:345)
	at org.apache.maven.surefire.booter.ForkedBooter.execute(ForkedBooter.java:126)
	at org.apache.maven.surefire.booter.ForkedBooter.main(ForkedBooter.java:418)
</error>
    <system-out><![CDATA[2019-10-10 09:49:25,698 [main] WARN  server.ServerUtils (ServerUtils.java:getScmDbDir(145)) - ozone.scm.db.dirs is not configured. We recommend adding this setting. Falling back to ozone.metadata.dirs instead.
2019-10-10 09:49:25,713 [main] WARN  server.ServerUtils (ServerUtils.java:getScmDbDir(145)) - ozone.scm.db.dirs is not configured. We recommend adding this setting. Falling back to ozone.metadata.dirs instead.
2019-10-10 09:49:25,713 [main] WARN  server.ServerUtils (ServerUtils.java:getScmDbDir(145)) - ozone.scm.db.dirs is not configured. We recommend adding this setting. Falling back to ozone.metadata.dirs instead.
2019-10-10 09:49:25,714 [main] INFO  db.DBStoreBuilder (DBStoreBuilder.java:addTable(117)) - using custom profile for table: deletedBlocks
2019-10-10 09:49:25,714 [main] INFO  db.DBStoreBuilder (DBStoreBuilder.java:processTables(168)) - Using default column profile:DBProfile.DISK for Table:deletedBlocks
2019-10-10 09:49:25,714 [main] INFO  db.DBStoreBuilder (DBStoreBuilder.java:addTable(117)) - using custom profile for table: validCerts
2019-10-10 09:49:25,714 [main] INFO  db.DBStoreBuilder (DBStoreBuilder.java:processTables(168)) - Using default column profile:DBProfile.DISK for Table:validCerts
2019-10-10 09:49:25,714 [main] INFO  db.DBStoreBuilder (DBStoreBuilder.java:addTable(117)) - using custom profile for table: revokedCerts
2019-10-10 09:49:25,714 [main] INFO  db.DBStoreBuilder (DBStoreBuilder.java:processTables(168)) - Using default column profile:DBProfile.DISK for Table:revokedCerts
2019-10-10 09:49:25,715 [main] INFO  db.DBStoreBuilder (DBStoreBuilder.java:addTable(117)) - using custom profile for table: default
2019-10-10 09:49:25,715 [main] INFO  db.DBStoreBuilder (DBStoreBuilder.java:processTables(174)) - Using default column profile:DBProfile.DISK for Table:default
2019-10-10 09:49:25,715 [main] INFO  db.DBStoreBuilder (DBStoreBuilder.java:getDbProfile(205)) - Using default options. DBProfile.DISK
2019-10-10 09:49:25,859 [main] INFO  net.NodeSchemaLoader (NodeSchemaLoader.java:loadSchemaFromFile(125)) - Loading file from sun.misc.CompoundEnumeration@20a24edf
2019-10-10 09:49:25,859 [main] INFO  net.NodeSchemaLoader (NodeSchemaLoader.java:loadSchema(171)) - Loading network topology layer schema file
2019-10-10 09:49:25,863 [main] WARN  server.ServerUtils (ServerUtils.java:sanitizeUserArgs(70)) - ozone.scm.stale.node.interval value = 300000 is larger than max = 100000 based on the key value of ozone.scm.heartbeat.thread.interval, reset to the max value 100000.
2019-10-10 09:49:25,863 [main] WARN  server.ServerUtils (ServerUtils.java:sanitizeUserArgs(70)) - ozone.scm.stale.node.interval value = 300000 is larger than max = 100000 based on the key value of ozone.scm.heartbeat.thread.interval, reset to the max value 100000.
2019-10-10 09:49:25,863 [main] INFO  node.SCMNodeManager (SCMNodeManager.java:<init>(116)) - Entering startup safe mode.
2019-10-10 09:49:25,864 [main] INFO  algorithms.ContainerPlacementPolicyFactory (ContainerPlacementPolicyFactory.java:getPolicy(57)) - Create container placement policy of type org.apache.hadoop.hdds.scm.container.placement.algorithms.SCMContainerPlacementRandom
2019-10-10 09:49:25,864 [main] WARN  server.ServerUtils (ServerUtils.java:getScmDbDir(145)) - ozone.scm.db.dirs is not configured. We recommend adding this setting. Falling back to ozone.metadata.dirs instead.
2019-10-10 09:49:25,910 [main] INFO  pipeline.SCMPipelineManager (SCMPipelineManager.java:initializePipelineState(132)) - No pipeline exists in current db
2019-10-10 09:49:25,910 [main] WARN  server.ServerUtils (ServerUtils.java:getScmDbDir(145)) - ozone.scm.db.dirs is not configured. We recommend adding this setting. Falling back to ozone.metadata.dirs instead.
2019-10-10 09:49:25,958 [main] WARN  events.EventQueue (EventQueue.java:fireEvent(183)) - No event handler registered for event TypedEvent{payloadType=SafeModeStatus, name='SafeModeStatus'}
2019-10-10 09:49:25,959 [main] INFO  ipc.CallQueueManager (CallQueueManager.java:<init>(84)) - Using callQueue: class java.util.concurrent.LinkedBlockingQueue, queueCapacity: 2000, scheduler: class org.apache.hadoop.ipc.DefaultRpcScheduler, ipcBackoff: false.
2019-10-10 09:49:25,960 [Socket Reader #1 for port 37031] INFO  ipc.Server (Server.java:run(1074)) - Starting Socket Reader #1 for port 37031
2019-10-10 09:49:25,962 [main] INFO  ipc.CallQueueManager (CallQueueManager.java:<init>(84)) - Using callQueue: class java.util.concurrent.LinkedBlockingQueue, queueCapacity: 2000, scheduler: class org.apache.hadoop.ipc.DefaultRpcScheduler, ipcBackoff: false.
2019-10-10 09:49:25,963 [Socket Reader #1 for port 42116] INFO  ipc.Server (Server.java:run(1074)) - Starting Socket Reader #1 for port 42116
2019-10-10 09:49:25,964 [main] INFO  ipc.CallQueueManager (CallQueueManager.java:<init>(84)) - Using callQueue: class java.util.concurrent.LinkedBlockingQueue, queueCapacity: 2000, scheduler: class org.apache.hadoop.ipc.DefaultRpcScheduler, ipcBackoff: false.
2019-10-10 09:49:25,965 [Socket Reader #1 for port 44253] INFO  ipc.Server (Server.java:run(1074)) - Starting Socket Reader #1 for port 44253
2019-10-10 09:49:25,969 [main] INFO  hdfs.DFSUtil (DFSUtil.java:httpServerTemplateForNNAndJN(1641)) - Starting Web-server for scm at: http://0.0.0.0:0
2019-10-10 09:49:25,971 [main] INFO  server.AuthenticationFilter (AuthenticationFilter.java:constructSecretProvider(240)) - Unable to initialize FileSignerSecretProvider, falling back to use random secrets.
2019-10-10 09:49:25,972 [main] WARN  http.HttpRequestLog (HttpRequestLog.java:getRequestLog(97)) - Jetty request log can only be enabled using Log4j
2019-10-10 09:49:25,974 [main] INFO  http.HttpServer2 (HttpServer2.java:addGlobalFilter(975)) - Added global filter 'safety' (class=org.apache.hadoop.http.HttpServer2$QuotingInputFilter)
2019-10-10 09:49:25,975 [main] INFO  http.HttpServer2 (HttpServer2.java:addFilter(948)) - Added filter static_user_filter (class=org.apache.hadoop.http.lib.StaticUserWebFilter$StaticUserFilter) to context scm
2019-10-10 09:49:25,975 [main] INFO  http.HttpServer2 (HttpServer2.java:addFilter(958)) - Added filter static_user_filter (class=org.apache.hadoop.http.lib.StaticUserWebFilter$StaticUserFilter) to context static
2019-10-10 09:49:25,976 [main] INFO  http.HttpServer2 (HttpServer2.java:addFilter(958)) - Added filter static_user_filter (class=org.apache.hadoop.http.lib.StaticUserWebFilter$StaticUserFilter) to context logs
2019-10-10 09:49:25,978 [main] INFO  server.StorageContainerManager (StorageContainerManager.java:start(770)) - StorageContainerLocationProtocol RPC server is listening at /0.0.0.0:44253
2019-10-10 09:49:25,981 [main] WARN  impl.MetricsConfig (MetricsConfig.java:loadFirst(134)) - Cannot locate configuration: tried hadoop-metrics2-storagecontainermanager.properties,hadoop-metrics2.properties
2019-10-10 09:49:25,982 [main] INFO  impl.MetricsSystemImpl (MetricsSystemImpl.java:startTimer(374)) - Scheduled Metric snapshot period at 10 second(s).
2019-10-10 09:49:25,982 [main] INFO  impl.MetricsSystemImpl (MetricsSystemImpl.java:start(191)) - StorageContainerManager metrics system started
2019-10-10 09:49:26,051 [main] WARN  impl.MetricsSystemImpl (MetricsSystemImpl.java:register(276)) - Sink prometheus already exists!
2019-10-10 09:49:26,143 [main] INFO  server.SCMClientProtocolServer (SCMClientProtocolServer.java:start(159)) - RPC server for Client  is listening at /0.0.0.0:44253
2019-10-10 09:49:26,143 [IPC Server Responder] INFO  ipc.Server (Server.java:run(1314)) - IPC Server Responder: starting
2019-10-10 09:49:26,144 [IPC Server listener on 44253] INFO  ipc.Server (Server.java:run(1153)) - IPC Server listener on 44253: starting
2019-10-10 09:49:26,148 [main] INFO  server.StorageContainerManager (StorageContainerManager.java:start(780)) - ScmBlockLocationProtocol RPC server is listening at /0.0.0.0:42116
2019-10-10 09:49:26,148 [main] INFO  server.SCMBlockProtocolServer (SCMBlockProtocolServer.java:start(146)) - RPC server for Block Protocol is listening at /0.0.0.0:42116
2019-10-10 09:49:26,148 [IPC Server Responder] INFO  ipc.Server (Server.java:run(1314)) - IPC Server Responder: starting
2019-10-10 09:49:26,150 [IPC Server listener on 42116] INFO  ipc.Server (Server.java:run(1153)) - IPC Server listener on 42116: starting
2019-10-10 09:49:26,153 [main] INFO  server.StorageContainerManager (StorageContainerManager.java:start(784)) - ScmDatanodeProtocl RPC server is listening at /0.0.0.0:37031
2019-10-10 09:49:26,153 [main] INFO  server.SCMDatanodeProtocolServer (SCMDatanodeProtocolServer.java:start(169)) - RPC server for DataNodes is listening at /0.0.0.0:37031
2019-10-10 09:49:26,154 [IPC Server Responder] INFO  ipc.Server (Server.java:run(1314)) - IPC Server Responder: starting
2019-10-10 09:49:26,154 [IPC Server listener on 37031] INFO  ipc.Server (Server.java:run(1153)) - IPC Server listener on 37031: starting
2019-10-10 09:49:26,159 [main] INFO  http.HttpServer2 (HttpServer2.java:bindListener(1191)) - Jetty bound to port 33922
2019-10-10 09:49:26,159 [main] INFO  server.Server (Server.java:doStart(351)) - jetty-9.3.25.v20180904, build timestamp: 2018-09-04T21:11:46Z, git hash: 3ce520221d0240229c862b122d2b06c12a625732
2019-10-10 09:49:26,160 [main] INFO  handler.ContextHandler (ContextHandler.java:doStart(781)) - Started o.e.j.s.ServletContextHandler@1e1e837d{/logs,file:///workdir/hadoop-ozone/integration-test/target/log,AVAILABLE}
2019-10-10 09:49:26,161 [main] INFO  handler.ContextHandler (ContextHandler.java:doStart(781)) - Started o.e.j.s.ServletContextHandler@5d71b500{/static,file:///workdir/hadoop-ozone/integration-test/target/test-classes/webapps/static,AVAILABLE}
2019-10-10 09:49:26,164 [main] INFO  handler.ContextHandler (ContextHandler.java:doStart(781)) - Started o.e.j.w.WebAppContext@11c88cca{/,file:///workdir/hadoop-ozone/integration-test/target/test-classes/webapps/scm/,AVAILABLE}{/scm}
2019-10-10 09:49:26,164 [main] INFO  server.AbstractConnector (AbstractConnector.java:doStart(278)) - Started ServerConnector@1b37fbec{HTTP/1.1,[http/1.1]}{0.0.0.0:33922}
2019-10-10 09:49:26,165 [main] INFO  server.Server (Server.java:doStart(419)) - Started @238001ms
2019-10-10 09:49:26,165 [main] WARN  impl.MetricsSystemImpl (MetricsSystemImpl.java:register(276)) - Sink prometheus already exists!
2019-10-10 09:49:26,167 [main] INFO  server.BaseHttpServer (BaseHttpServer.java:updateConnectorAddress(215)) - HTTP server of SCM is listening at http://0.0.0.0:33922
2019-10-10 09:49:26,169 [main] WARN  server.ServerUtils (ServerUtils.java:getDBPath(222)) - ozone.om.db.dirs is not configured. We recommend adding this setting. Falling back to ozone.metadata.dirs instead.
2019-10-10 09:49:26,169 [org.apache.hadoop.util.JvmPauseMonitor$Monitor@bb3ecfe] INFO  util.JvmPauseMonitor (JvmPauseMonitor.java:run(188)) - Starting JVM pause monitor
2019-10-10 09:49:26,191 [main] INFO  ha.OMHANodeDetails (OMHANodeDetails.java:loadOMHAConfig(190)) - Configuration either no ozone.om.address set. Falling back to the default OM address /127.0.0.1:0
2019-10-10 09:49:26,191 [main] INFO  ha.OMHANodeDetails (OMHANodeDetails.java:getOMNodeDetails(220)) - OM Service ID is not set. Setting it to the default ID: omServiceIdDefault
2019-10-10 09:49:26,191 [main] WARN  server.ServerUtils (ServerUtils.java:getDBPath(222)) - ozone.om.db.dirs is not configured. We recommend adding this setting. Falling back to ozone.metadata.dirs instead.
2019-10-10 09:49:26,192 [main] WARN  server.ServerUtils (ServerUtils.java:getDBPath(222)) - ozone.om.db.dirs is not configured. We recommend adding this setting. Falling back to ozone.metadata.dirs instead.
2019-10-10 09:49:26,199 [main] WARN  server.ServerUtils (ServerUtils.java:getDBPath(222)) - ozone.om.db.dirs is not configured. We recommend adding this setting. Falling back to ozone.metadata.dirs instead.
2019-10-10 09:49:26,200 [main] INFO  db.DBStoreBuilder (DBStoreBuilder.java:addTable(117)) - using custom profile for table: userTable
2019-10-10 09:49:26,200 [main] INFO  db.DBStoreBuilder (DBStoreBuilder.java:processTables(168)) - Using default column profile:DBProfile.DISK for Table:userTable
2019-10-10 09:49:26,201 [main] INFO  db.DBStoreBuilder (DBStoreBuilder.java:addTable(117)) - using custom profile for table: volumeTable
2019-10-10 09:49:26,201 [main] INFO  db.DBStoreBuilder (DBStoreBuilder.java:processTables(168)) - Using default column profile:DBProfile.DISK for Table:volumeTable
2019-10-10 09:49:26,201 [main] INFO  db.DBStoreBuilder (DBStoreBuilder.java:addTable(117)) - using custom profile for table: bucketTable
2019-10-10 09:49:26,201 [main] INFO  db.DBStoreBuilder (DBStoreBuilder.java:processTables(168)) - Using default column profile:DBProfile.DISK for Table:bucketTable
2019-10-10 09:49:26,202 [main] INFO  db.DBStoreBuilder (DBStoreBuilder.java:addTable(117)) - using custom profile for table: keyTable
2019-10-10 09:49:26,202 [main] INFO  db.DBStoreBuilder (DBStoreBuilder.java:processTables(168)) - Using default column profile:DBProfile.DISK for Table:keyTable
2019-10-10 09:49:26,202 [main] INFO  db.DBStoreBuilder (DBStoreBuilder.java:addTable(117)) - using custom profile for table: deletedTable
2019-10-10 09:49:26,202 [main] INFO  db.DBStoreBuilder (DBStoreBuilder.java:processTables(168)) - Using default column profile:DBProfile.DISK for Table:deletedTable
2019-10-10 09:49:26,203 [main] INFO  db.DBStoreBuilder (DBStoreBuilder.java:addTable(117)) - using custom profile for table: openKeyTable
2019-10-10 09:49:26,203 [main] INFO  db.DBStoreBuilder (DBStoreBuilder.java:processTables(168)) - Using default column profile:DBProfile.DISK for Table:openKeyTable
2019-10-10 09:49:26,203 [main] INFO  db.DBStoreBuilder (DBStoreBuilder.java:addTable(117)) - using custom profile for table: s3Table
2019-10-10 09:49:26,203 [main] INFO  db.DBStoreBuilder (DBStoreBuilder.java:processTables(168)) - Using default column profile:DBProfile.DISK for Table:s3Table
2019-10-10 09:49:26,204 [main] INFO  db.DBStoreBuilder (DBStoreBuilder.java:addTable(117)) - using custom profile for table: multipartInfoTable
2019-10-10 09:49:26,204 [main] INFO  db.DBStoreBuilder (DBStoreBuilder.java:processTables(168)) - Using default column profile:DBProfile.DISK for Table:multipartInfoTable
2019-10-10 09:49:26,204 [main] INFO  db.DBStoreBuilder (DBStoreBuilder.java:addTable(117)) - using custom profile for table: dTokenTable
2019-10-10 09:49:26,204 [main] INFO  db.DBStoreBuilder (DBStoreBuilder.java:processTables(168)) - Using default column profile:DBProfile.DISK for Table:dTokenTable
2019-10-10 09:49:26,205 [main] INFO  db.DBStoreBuilder (DBStoreBuilder.java:addTable(117)) - using custom profile for table: s3SecretTable
2019-10-10 09:49:26,205 [main] INFO  db.DBStoreBuilder (DBStoreBuilder.java:processTables(168)) - Using default column profile:DBProfile.DISK for Table:s3SecretTable
2019-10-10 09:49:26,205 [main] INFO  db.DBStoreBuilder (DBStoreBuilder.java:addTable(117)) - using custom profile for table: prefixTable
2019-10-10 09:49:26,205 [main] INFO  db.DBStoreBuilder (DBStoreBuilder.java:processTables(168)) - Using default column profile:DBProfile.DISK for Table:prefixTable
2019-10-10 09:49:26,206 [main] INFO  db.DBStoreBuilder (DBStoreBuilder.java:addTable(117)) - using custom profile for table: default
2019-10-10 09:49:26,206 [main] INFO  db.DBStoreBuilder (DBStoreBuilder.java:processTables(174)) - Using default column profile:DBProfile.DISK for Table:default
2019-10-10 09:49:26,206 [main] INFO  db.DBStoreBuilder (DBStoreBuilder.java:getDbProfile(205)) - Using default options. DBProfile.DISK
2019-10-10 09:49:26,671 [main] INFO  ipc.CallQueueManager (CallQueueManager.java:<init>(84)) - Using callQueue: class java.util.concurrent.LinkedBlockingQueue, queueCapacity: 2000, scheduler: class org.apache.hadoop.ipc.DefaultRpcScheduler, ipcBackoff: false.
2019-10-10 09:49:26,672 [Socket Reader #1 for port 33898] INFO  ipc.Server (Server.java:run(1074)) - Starting Socket Reader #1 for port 33898
2019-10-10 09:49:26,692 [main] INFO  om.OzoneManager (OzoneManager.java:start(1069)) - OzoneManager RPC server is listening at localhost/127.0.0.1:33898
2019-10-10 09:49:26,693 [main] INFO  impl.MetricsSystemImpl (MetricsSystemImpl.java:init(158)) - OzoneManager metrics system started (again)
2019-10-10 09:49:26,695 [IPC Server Responder] INFO  ipc.Server (Server.java:run(1314)) - IPC Server Responder: starting
2019-10-10 09:49:26,696 [IPC Server listener on 33898] INFO  ipc.Server (Server.java:run(1153)) - IPC Server listener on 33898: starting
2019-10-10 09:49:26,700 [main] INFO  hdfs.DFSUtil (DFSUtil.java:httpServerTemplateForNNAndJN(1641)) - Starting Web-server for ozoneManager at: http://0.0.0.0:0
2019-10-10 09:49:26,702 [main] INFO  server.AuthenticationFilter (AuthenticationFilter.java:constructSecretProvider(240)) - Unable to initialize FileSignerSecretProvider, falling back to use random secrets.
2019-10-10 09:49:26,702 [main] WARN  http.HttpRequestLog (HttpRequestLog.java:getRequestLog(97)) - Jetty request log can only be enabled using Log4j
2019-10-10 09:49:26,704 [main] INFO  http.HttpServer2 (HttpServer2.java:addGlobalFilter(975)) - Added global filter 'safety' (class=org.apache.hadoop.http.HttpServer2$QuotingInputFilter)
2019-10-10 09:49:26,705 [main] INFO  http.HttpServer2 (HttpServer2.java:addFilter(948)) - Added filter static_user_filter (class=org.apache.hadoop.http.lib.StaticUserWebFilter$StaticUserFilter) to context ozoneManager
2019-10-10 09:49:26,705 [main] INFO  http.HttpServer2 (HttpServer2.java:addFilter(958)) - Added filter static_user_filter (class=org.apache.hadoop.http.lib.StaticUserWebFilter$StaticUserFilter) to context static
2019-10-10 09:49:26,705 [main] INFO  http.HttpServer2 (HttpServer2.java:addFilter(958)) - Added filter static_user_filter (class=org.apache.hadoop.http.lib.StaticUserWebFilter$StaticUserFilter) to context logs
2019-10-10 09:49:26,706 [main] INFO  http.HttpServer2 (HttpServer2.java:bindListener(1191)) - Jetty bound to port 42370
2019-10-10 09:49:26,706 [main] INFO  server.Server (Server.java:doStart(351)) - jetty-9.3.25.v20180904, build timestamp: 2018-09-04T21:11:46Z, git hash: 3ce520221d0240229c862b122d2b06c12a625732
2019-10-10 09:49:26,708 [main] INFO  handler.ContextHandler (ContextHandler.java:doStart(781)) - Started o.e.j.s.ServletContextHandler@4be490da{/logs,file:///workdir/hadoop-ozone/integration-test/target/log,AVAILABLE}
2019-10-10 09:49:26,708 [main] INFO  handler.ContextHandler (ContextHandler.java:doStart(781)) - Started o.e.j.s.ServletContextHandler@353e6389{/static,file:///workdir/hadoop-ozone/integration-test/target/test-classes/webapps/static,AVAILABLE}
2019-10-10 09:49:26,712 [main] INFO  handler.ContextHandler (ContextHandler.java:doStart(781)) - Started o.e.j.w.WebAppContext@3d3c886f{/,file:///workdir/hadoop-ozone/integration-test/target/test-classes/webapps/ozoneManager/,AVAILABLE}{/ozoneManager}
2019-10-10 09:49:26,713 [main] INFO  server.AbstractConnector (AbstractConnector.java:doStart(278)) - Started ServerConnector@7d66e544{HTTP/1.1,[http/1.1]}{0.0.0.0:42370}
2019-10-10 09:49:26,714 [main] INFO  server.Server (Server.java:doStart(419)) - Started @238550ms
2019-10-10 09:49:26,715 [main] WARN  impl.MetricsSystemImpl (MetricsSystemImpl.java:register(276)) - Sink prometheus already exists!
2019-10-10 09:49:26,715 [main] INFO  server.BaseHttpServer (BaseHttpServer.java:updateConnectorAddress(215)) - HTTP server of OZONEMANAGER is listening at http://0.0.0.0:42370
2019-10-10 09:49:26,732 [main] INFO  impl.MetricsSystemImpl (MetricsSystemImpl.java:init(158)) - HddsDatanode metrics system started (again)
2019-10-10 09:49:26,736 [main] INFO  ozone.HddsDatanodeService (HddsDatanodeService.java:start(184)) - HddsDatanodeService host:pr-hdds-1737-8bn8f-679866343 ip:192.168.30.10
2019-10-10 09:49:26,743 [main] INFO  volume.HddsVolume (HddsVolume.java:<init>(176)) - Creating Volume: /workdir/hadoop-ozone/integration-test/target/test-dir/MiniOzoneClusterImpl-d628f2ca-ca44-4a24-a849-6824008ba556/datanode-0/data/containers/hdds of  storage type : DISK and capacity : 1482555576320
2019-10-10 09:49:26,744 [main] INFO  volume.VolumeSet (VolumeSet.java:initializeVolumeSet(170)) - Added Volume : /workdir/hadoop-ozone/integration-test/target/test-dir/MiniOzoneClusterImpl-d628f2ca-ca44-4a24-a849-6824008ba556/datanode-0/data/containers/hdds to VolumeSet
2019-10-10 09:49:26,744 [main] INFO  volume.ThrottledAsyncChecker (ThrottledAsyncChecker.java:schedule(139)) - Scheduling a check for org.apache.hadoop.ozone.container.common.volume.HddsVolume@29d25e65
2019-10-10 09:49:26,745 [main] INFO  volume.HddsVolumeChecker (HddsVolumeChecker.java:checkAllVolumes(202)) - Scheduled health check for volume org.apache.hadoop.ozone.container.common.volume.HddsVolume@29d25e65
2019-10-10 09:49:26,760 [main] INFO  impl.RaftServerProxy (ConfUtils.java:logGet(43)) - raft.rpc.type = GRPC (default)
2019-10-10 09:49:26,761 [main] INFO  grpc.GrpcFactory (GrpcFactory.java:checkPooledByteBufAllocatorUseCacheForAllThreads(45)) - PERFORMANCE WARNING: useCacheForAllThreads is true that may cause Netty to create a lot garbage objects and, as a result, trigger GC.
	It is recommended to disable useCacheForAllThreads by setting -Dorg.apache.ratis.thirdparty.io.netty.allocator.useCacheForAllThreads=false in command line.
2019-10-10 09:49:26,761 [main] INFO  grpc.GrpcConfigKeys$Server (ConfUtils.java:logGet(43)) - raft.grpc.server.port = 0 (default)
2019-10-10 09:49:26,761 [main] INFO  server.GrpcService (ConfUtils.java:logGet(43)) - raft.grpc.message.size.max = 33570816 (custom)
2019-10-10 09:49:26,761 [main] INFO  server.RaftServerConfigKeys (ConfUtils.java:logGet(43)) - raft.server.log.appender.buffer.byte-limit = 33554432 (custom)
2019-10-10 09:49:26,762 [main] INFO  server.GrpcService (ConfUtils.java:logGet(43)) - raft.grpc.flow.control.window = 1MB (=1048576) (default)
2019-10-10 09:49:26,762 [main] INFO  server.RaftServerConfigKeys (ConfUtils.java:logGet(43)) - raft.server.rpc.request.timeout = 3000ms (default)
2019-10-10 09:49:26,762 [main] INFO  server.RaftServerConfigKeys (ConfUtils.java:logGet(43)) - raft.server.storage.dir = [/workdir/hadoop-ozone/integration-test/target/test-dir/MiniOzoneClusterImpl-d628f2ca-ca44-4a24-a849-6824008ba556/datanode-0/data/ratis] (custom)
2019-10-10 09:49:26,764 [main] INFO  hdfs.DFSUtil (DFSUtil.java:httpServerTemplateForNNAndJN(1641)) - Starting Web-server for hddsDatanode at: http://0.0.0.0:0
2019-10-10 09:49:26,765 [main] INFO  server.AuthenticationFilter (AuthenticationFilter.java:constructSecretProvider(240)) - Unable to initialize FileSignerSecretProvider, falling back to use random secrets.
2019-10-10 09:49:26,766 [main] WARN  http.HttpRequestLog (HttpRequestLog.java:getRequestLog(97)) - Jetty request log can only be enabled using Log4j
2019-10-10 09:49:26,767 [main] INFO  http.HttpServer2 (HttpServer2.java:addGlobalFilter(975)) - Added global filter 'safety' (class=org.apache.hadoop.http.HttpServer2$QuotingInputFilter)
2019-10-10 09:49:26,768 [main] INFO  http.HttpServer2 (HttpServer2.java:addFilter(948)) - Added filter static_user_filter (class=org.apache.hadoop.http.lib.StaticUserWebFilter$StaticUserFilter) to context hddsDatanode
2019-10-10 09:49:26,768 [main] INFO  http.HttpServer2 (HttpServer2.java:addFilter(958)) - Added filter static_user_filter (class=org.apache.hadoop.http.lib.StaticUserWebFilter$StaticUserFilter) to context static
2019-10-10 09:49:26,768 [main] INFO  http.HttpServer2 (HttpServer2.java:addFilter(958)) - Added filter static_user_filter (class=org.apache.hadoop.http.lib.StaticUserWebFilter$StaticUserFilter) to context logs
2019-10-10 09:49:26,769 [main] INFO  http.HttpServer2 (HttpServer2.java:bindListener(1191)) - Jetty bound to port 37789
2019-10-10 09:49:26,770 [main] INFO  server.Server (Server.java:doStart(351)) - jetty-9.3.25.v20180904, build timestamp: 2018-09-04T21:11:46Z, git hash: 3ce520221d0240229c862b122d2b06c12a625732
2019-10-10 09:49:26,772 [main] INFO  handler.ContextHandler (ContextHandler.java:doStart(781)) - Started o.e.j.s.ServletContextHandler@57186526{/logs,file:///workdir/hadoop-ozone/integration-test/target/log,AVAILABLE}
2019-10-10 09:49:26,772 [main] INFO  handler.ContextHandler (ContextHandler.java:doStart(781)) - Started o.e.j.s.ServletContextHandler@66f16742{/static,jar:file:/home/user/.m2/repository/org/apache/hadoop/hadoop-hdds-container-service/0.5.0-SNAPSHOT/hadoop-hdds-container-service-0.5.0-SNAPSHOT.jar!/webapps/static,AVAILABLE}
2019-10-10 09:49:26,802 [main] INFO  handler.ContextHandler (ContextHandler.java:doStart(781)) - Started o.e.j.w.WebAppContext@526f6427{/,file:///tmp/jetty-0.0.0.0-37789-hddsDatanode-_-any-1875654550054427413.dir/webapp/,AVAILABLE}{/hddsDatanode}
2019-10-10 09:49:26,803 [main] INFO  server.AbstractConnector (AbstractConnector.java:doStart(278)) - Started ServerConnector@4f1afe8f{HTTP/1.1,[http/1.1]}{0.0.0.0:37789}
2019-10-10 09:49:26,804 [main] INFO  server.Server (Server.java:doStart(419)) - Started @238640ms
2019-10-10 09:49:26,804 [main] WARN  impl.MetricsSystemImpl (MetricsSystemImpl.java:register(276)) - Sink prometheus already exists!
2019-10-10 09:49:26,805 [main] INFO  server.BaseHttpServer (BaseHttpServer.java:updateConnectorAddress(215)) - HTTP server of HDDSDATANODE is listening at http://0.0.0.0:37789
2019-10-10 09:49:26,806 [main] INFO  impl.MetricsSystemImpl (MetricsSystemImpl.java:init(158)) - HddsDatanode metrics system started (again)
2019-10-10 09:49:26,809 [org.apache.hadoop.util.JvmPauseMonitor$Monitor@52548dec] INFO  util.JvmPauseMonitor (JvmPauseMonitor.java:run(188)) - Starting JVM pause monitor
2019-10-10 09:49:26,810 [main] INFO  ozone.HddsDatanodeService (HddsDatanodeService.java:start(184)) - HddsDatanodeService host:pr-hdds-1737-8bn8f-679866343 ip:192.168.30.10
2019-10-10 09:49:26,811 [Datanode State Machine Thread - 0] INFO  datanode.InitDatanodeState (InitDatanodeState.java:persistContainerDatanodeDetails(140)) - DatanodeDetails is persisted to /workdir/hadoop-ozone/integration-test/target/test-dir/MiniOzoneClusterImpl-d628f2ca-ca44-4a24-a849-6824008ba556/datanode-0/meta/datanode.id
2019-10-10 09:49:26,816 [main] INFO  volume.HddsVolume (HddsVolume.java:<init>(176)) - Creating Volume: /workdir/hadoop-ozone/integration-test/target/test-dir/MiniOzoneClusterImpl-d628f2ca-ca44-4a24-a849-6824008ba556/datanode-1/data/containers/hdds of  storage type : DISK and capacity : 1482555576320
2019-10-10 09:49:26,816 [main] INFO  volume.VolumeSet (VolumeSet.java:initializeVolumeSet(170)) - Added Volume : /workdir/hadoop-ozone/integration-test/target/test-dir/MiniOzoneClusterImpl-d628f2ca-ca44-4a24-a849-6824008ba556/datanode-1/data/containers/hdds to VolumeSet
2019-10-10 09:49:26,816 [main] INFO  volume.ThrottledAsyncChecker (ThrottledAsyncChecker.java:schedule(139)) - Scheduling a check for org.apache.hadoop.ozone.container.common.volume.HddsVolume@22f02996
2019-10-10 09:49:26,817 [main] INFO  volume.HddsVolumeChecker (HddsVolumeChecker.java:checkAllVolumes(202)) - Scheduled health check for volume org.apache.hadoop.ozone.container.common.volume.HddsVolume@22f02996
2019-10-10 09:49:26,829 [main] INFO  impl.RaftServerProxy (ConfUtils.java:logGet(43)) - raft.rpc.type = GRPC (default)
2019-10-10 09:49:26,829 [main] INFO  grpc.GrpcFactory (GrpcFactory.java:checkPooledByteBufAllocatorUseCacheForAllThreads(45)) - PERFORMANCE WARNING: useCacheForAllThreads is true that may cause Netty to create a lot garbage objects and, as a result, trigger GC.
	It is recommended to disable useCacheForAllThreads by setting -Dorg.apache.ratis.thirdparty.io.netty.allocator.useCacheForAllThreads=false in command line.
2019-10-10 09:49:26,829 [main] INFO  grpc.GrpcConfigKeys$Server (ConfUtils.java:logGet(43)) - raft.grpc.server.port = 0 (default)
2019-10-10 09:49:26,829 [main] INFO  server.GrpcService (ConfUtils.java:logGet(43)) - raft.grpc.message.size.max = 33570816 (custom)
2019-10-10 09:49:26,829 [main] INFO  server.RaftServerConfigKeys (ConfUtils.java:logGet(43)) - raft.server.log.appender.buffer.byte-limit = 33554432 (custom)
2019-10-10 09:49:26,830 [main] INFO  server.GrpcService (ConfUtils.java:logGet(43)) - raft.grpc.flow.control.window = 1MB (=1048576) (default)
2019-10-10 09:49:26,830 [main] INFO  server.RaftServerConfigKeys (ConfUtils.java:logGet(43)) - raft.server.rpc.request.timeout = 3000ms (default)
2019-10-10 09:49:26,830 [main] INFO  server.RaftServerConfigKeys (ConfUtils.java:logGet(43)) - raft.server.storage.dir = [/workdir/hadoop-ozone/integration-test/target/test-dir/MiniOzoneClusterImpl-d628f2ca-ca44-4a24-a849-6824008ba556/datanode-1/data/ratis] (custom)
2019-10-10 09:49:26,831 [main] INFO  hdfs.DFSUtil (DFSUtil.java:httpServerTemplateForNNAndJN(1641)) - Starting Web-server for hddsDatanode at: http://0.0.0.0:0
2019-10-10 09:49:26,833 [main] INFO  server.AuthenticationFilter (AuthenticationFilter.java:constructSecretProvider(240)) - Unable to initialize FileSignerSecretProvider, falling back to use random secrets.
2019-10-10 09:49:26,833 [main] WARN  http.HttpRequestLog (HttpRequestLog.java:getRequestLog(97)) - Jetty request log can only be enabled using Log4j
2019-10-10 09:49:26,834 [main] INFO  http.HttpServer2 (HttpServer2.java:addGlobalFilter(975)) - Added global filter 'safety' (class=org.apache.hadoop.http.HttpServer2$QuotingInputFilter)
2019-10-10 09:49:26,835 [main] INFO  http.HttpServer2 (HttpServer2.java:addFilter(948)) - Added filter static_user_filter (class=org.apache.hadoop.http.lib.StaticUserWebFilter$StaticUserFilter) to context hddsDatanode
2019-10-10 09:49:26,835 [main] INFO  http.HttpServer2 (HttpServer2.java:addFilter(958)) - Added filter static_user_filter (class=org.apache.hadoop.http.lib.StaticUserWebFilter$StaticUserFilter) to context static
2019-10-10 09:49:26,835 [main] INFO  http.HttpServer2 (HttpServer2.java:addFilter(958)) - Added filter static_user_filter (class=org.apache.hadoop.http.lib.StaticUserWebFilter$StaticUserFilter) to context logs
2019-10-10 09:49:26,835 [main] INFO  http.HttpServer2 (HttpServer2.java:bindListener(1191)) - Jetty bound to port 40743
2019-10-10 09:49:26,835 [main] INFO  server.Server (Server.java:doStart(351)) - jetty-9.3.25.v20180904, build timestamp: 2018-09-04T21:11:46Z, git hash: 3ce520221d0240229c862b122d2b06c12a625732
2019-10-10 09:49:26,837 [main] INFO  handler.ContextHandler (ContextHandler.java:doStart(781)) - Started o.e.j.s.ServletContextHandler@512abf25{/logs,file:///workdir/hadoop-ozone/integration-test/target/log,AVAILABLE}
2019-10-10 09:49:26,837 [main] INFO  handler.ContextHandler (ContextHandler.java:doStart(781)) - Started o.e.j.s.ServletContextHandler@6d0e45a5{/static,jar:file:/home/user/.m2/repository/org/apache/hadoop/hadoop-hdds-container-service/0.5.0-SNAPSHOT/hadoop-hdds-container-service-0.5.0-SNAPSHOT.jar!/webapps/static,AVAILABLE}
2019-10-10 09:49:26,864 [main] INFO  handler.ContextHandler (ContextHandler.java:doStart(781)) - Started o.e.j.w.WebAppContext@6a567f7b{/,file:///tmp/jetty-0.0.0.0-40743-hddsDatanode-_-any-4344935057996756499.dir/webapp/,AVAILABLE}{/hddsDatanode}
2019-10-10 09:49:26,865 [main] INFO  server.AbstractConnector (AbstractConnector.java:doStart(278)) - Started ServerConnector@28be7fec{HTTP/1.1,[http/1.1]}{0.0.0.0:40743}
2019-10-10 09:49:26,867 [main] INFO  server.Server (Server.java:doStart(419)) - Started @238702ms
2019-10-10 09:49:26,867 [main] WARN  impl.MetricsSystemImpl (MetricsSystemImpl.java:register(276)) - Sink prometheus already exists!
2019-10-10 09:49:26,867 [main] INFO  server.BaseHttpServer (BaseHttpServer.java:updateConnectorAddress(215)) - HTTP server of HDDSDATANODE is listening at http://0.0.0.0:40743
2019-10-10 09:49:26,868 [main] INFO  impl.MetricsSystemImpl (MetricsSystemImpl.java:init(158)) - HddsDatanode metrics system started (again)
2019-10-10 09:49:26,872 [org.apache.hadoop.util.JvmPauseMonitor$Monitor@4be7e737] INFO  util.JvmPauseMonitor (JvmPauseMonitor.java:run(188)) - Starting JVM pause monitor
2019-10-10 09:49:26,872 [main] INFO  ozone.HddsDatanodeService (HddsDatanodeService.java:start(184)) - HddsDatanodeService host:pr-hdds-1737-8bn8f-679866343 ip:192.168.30.10
2019-10-10 09:49:26,873 [Datanode State Machine Thread - 0] INFO  datanode.InitDatanodeState (InitDatanodeState.java:persistContainerDatanodeDetails(140)) - DatanodeDetails is persisted to /workdir/hadoop-ozone/integration-test/target/test-dir/MiniOzoneClusterImpl-d628f2ca-ca44-4a24-a849-6824008ba556/datanode-1/meta/datanode.id
2019-10-10 09:49:26,879 [main] INFO  volume.HddsVolume (HddsVolume.java:<init>(176)) - Creating Volume: /workdir/hadoop-ozone/integration-test/target/test-dir/MiniOzoneClusterImpl-d628f2ca-ca44-4a24-a849-6824008ba556/datanode-2/data/containers/hdds of  storage type : DISK and capacity : 1482555576320
2019-10-10 09:49:26,879 [main] INFO  volume.VolumeSet (VolumeSet.java:initializeVolumeSet(170)) - Added Volume : /workdir/hadoop-ozone/integration-test/target/test-dir/MiniOzoneClusterImpl-d628f2ca-ca44-4a24-a849-6824008ba556/datanode-2/data/containers/hdds to VolumeSet
2019-10-10 09:49:26,880 [main] INFO  volume.ThrottledAsyncChecker (ThrottledAsyncChecker.java:schedule(139)) - Scheduling a check for org.apache.hadoop.ozone.container.common.volume.HddsVolume@6c0b51da
2019-10-10 09:49:26,880 [main] INFO  volume.HddsVolumeChecker (HddsVolumeChecker.java:checkAllVolumes(202)) - Scheduled health check for volume org.apache.hadoop.ozone.container.common.volume.HddsVolume@6c0b51da
2019-10-10 09:49:26,901 [main] INFO  impl.RaftServerProxy (ConfUtils.java:logGet(43)) - raft.rpc.type = GRPC (default)
2019-10-10 09:49:26,901 [main] INFO  grpc.GrpcFactory (GrpcFactory.java:checkPooledByteBufAllocatorUseCacheForAllThreads(45)) - PERFORMANCE WARNING: useCacheForAllThreads is true that may cause Netty to create a lot garbage objects and, as a result, trigger GC.
	It is recommended to disable useCacheForAllThreads by setting -Dorg.apache.ratis.thirdparty.io.netty.allocator.useCacheForAllThreads=false in command line.
2019-10-10 09:49:26,901 [main] INFO  grpc.GrpcConfigKeys$Server (ConfUtils.java:logGet(43)) - raft.grpc.server.port = 0 (default)
2019-10-10 09:49:26,902 [main] INFO  server.GrpcService (ConfUtils.java:logGet(43)) - raft.grpc.message.size.max = 33570816 (custom)
2019-10-10 09:49:26,902 [main] INFO  server.RaftServerConfigKeys (ConfUtils.java:logGet(43)) - raft.server.log.appender.buffer.byte-limit = 33554432 (custom)
2019-10-10 09:49:26,902 [main] INFO  server.GrpcService (ConfUtils.java:logGet(43)) - raft.grpc.flow.control.window = 1MB (=1048576) (default)
2019-10-10 09:49:26,902 [main] INFO  server.RaftServerConfigKeys (ConfUtils.java:logGet(43)) - raft.server.rpc.request.timeout = 3000ms (default)
2019-10-10 09:49:26,903 [main] INFO  server.RaftServerConfigKeys (ConfUtils.java:logGet(43)) - raft.server.storage.dir = [/workdir/hadoop-ozone/integration-test/target/test-dir/MiniOzoneClusterImpl-d628f2ca-ca44-4a24-a849-6824008ba556/datanode-2/data/ratis] (custom)
2019-10-10 09:49:26,904 [main] INFO  hdfs.DFSUtil (DFSUtil.java:httpServerTemplateForNNAndJN(1641)) - Starting Web-server for hddsDatanode at: http://0.0.0.0:0
2019-10-10 09:49:26,906 [main] INFO  server.AuthenticationFilter (AuthenticationFilter.java:constructSecretProvider(240)) - Unable to initialize FileSignerSecretProvider, falling back to use random secrets.
2019-10-10 09:49:26,906 [main] WARN  http.HttpRequestLog (HttpRequestLog.java:getRequestLog(97)) - Jetty request log can only be enabled using Log4j
2019-10-10 09:49:26,909 [main] INFO  http.HttpServer2 (HttpServer2.java:addGlobalFilter(975)) - Added global filter 'safety' (class=org.apache.hadoop.http.HttpServer2$QuotingInputFilter)
2019-10-10 09:49:26,909 [main] INFO  http.HttpServer2 (HttpServer2.java:addFilter(948)) - Added filter static_user_filter (class=org.apache.hadoop.http.lib.StaticUserWebFilter$StaticUserFilter) to context hddsDatanode
2019-10-10 09:49:26,910 [main] INFO  http.HttpServer2 (HttpServer2.java:addFilter(958)) - Added filter static_user_filter (class=org.apache.hadoop.http.lib.StaticUserWebFilter$StaticUserFilter) to context logs
2019-10-10 09:49:26,910 [main] INFO  http.HttpServer2 (HttpServer2.java:addFilter(958)) - Added filter static_user_filter (class=org.apache.hadoop.http.lib.StaticUserWebFilter$StaticUserFilter) to context static
2019-10-10 09:49:26,911 [main] INFO  http.HttpServer2 (HttpServer2.java:bindListener(1191)) - Jetty bound to port 34357
2019-10-10 09:49:26,911 [main] INFO  server.Server (Server.java:doStart(351)) - jetty-9.3.25.v20180904, build timestamp: 2018-09-04T21:11:46Z, git hash: 3ce520221d0240229c862b122d2b06c12a625732
2019-10-10 09:49:26,913 [main] INFO  handler.ContextHandler (ContextHandler.java:doStart(781)) - Started o.e.j.s.ServletContextHandler@2313db84{/logs,file:///workdir/hadoop-ozone/integration-test/target/log,AVAILABLE}
2019-10-10 09:49:26,914 [main] INFO  handler.ContextHandler (ContextHandler.java:doStart(781)) - Started o.e.j.s.ServletContextHandler@14b4340c{/static,jar:file:/home/user/.m2/repository/org/apache/hadoop/hadoop-hdds-container-service/0.5.0-SNAPSHOT/hadoop-hdds-container-service-0.5.0-SNAPSHOT.jar!/webapps/static,AVAILABLE}
2019-10-10 09:49:26,954 [main] INFO  handler.ContextHandler (ContextHandler.java:doStart(781)) - Started o.e.j.w.WebAppContext@723e3c17{/,file:///tmp/jetty-0.0.0.0-34357-hddsDatanode-_-any-6485048573984993921.dir/webapp/,AVAILABLE}{/hddsDatanode}
2019-10-10 09:49:26,955 [main] INFO  server.AbstractConnector (AbstractConnector.java:doStart(278)) - Started ServerConnector@4ffced4e{HTTP/1.1,[http/1.1]}{0.0.0.0:34357}
2019-10-10 09:49:26,957 [main] INFO  server.Server (Server.java:doStart(419)) - Started @238792ms
2019-10-10 09:49:26,957 [main] WARN  impl.MetricsSystemImpl (MetricsSystemImpl.java:register(276)) - Sink prometheus already exists!
2019-10-10 09:49:26,958 [main] INFO  server.BaseHttpServer (BaseHttpServer.java:updateConnectorAddress(215)) - HTTP server of HDDSDATANODE is listening at http://0.0.0.0:34357
2019-10-10 09:49:26,958 [main] INFO  impl.MetricsSystemImpl (MetricsSystemImpl.java:init(158)) - HddsDatanode metrics system started (again)
2019-10-10 09:49:26,962 [org.apache.hadoop.util.JvmPauseMonitor$Monitor@2a4c13f3] INFO  util.JvmPauseMonitor (JvmPauseMonitor.java:run(188)) - Starting JVM pause monitor
2019-10-10 09:49:26,963 [main] INFO  ozone.HddsDatanodeService (HddsDatanodeService.java:start(184)) - HddsDatanodeService host:pr-hdds-1737-8bn8f-679866343 ip:192.168.30.10
2019-10-10 09:49:26,963 [Datanode State Machine Thread - 0] INFO  datanode.InitDatanodeState (InitDatanodeState.java:persistContainerDatanodeDetails(140)) - DatanodeDetails is persisted to /workdir/hadoop-ozone/integration-test/target/test-dir/MiniOzoneClusterImpl-d628f2ca-ca44-4a24-a849-6824008ba556/datanode-2/meta/datanode.id
2019-10-10 09:49:26,970 [main] INFO  volume.HddsVolume (HddsVolume.java:<init>(176)) - Creating Volume: /workdir/hadoop-ozone/integration-test/target/test-dir/MiniOzoneClusterImpl-d628f2ca-ca44-4a24-a849-6824008ba556/datanode-3/data/containers/hdds of  storage type : DISK and capacity : 1482555576320
2019-10-10 09:49:26,971 [main] INFO  volume.VolumeSet (VolumeSet.java:initializeVolumeSet(170)) - Added Volume : /workdir/hadoop-ozone/integration-test/target/test-dir/MiniOzoneClusterImpl-d628f2ca-ca44-4a24-a849-6824008ba556/datanode-3/data/containers/hdds to VolumeSet
2019-10-10 09:49:26,971 [main] INFO  volume.ThrottledAsyncChecker (ThrottledAsyncChecker.java:schedule(139)) - Scheduling a check for org.apache.hadoop.ozone.container.common.volume.HddsVolume@6870cfac
2019-10-10 09:49:26,971 [main] INFO  volume.HddsVolumeChecker (HddsVolumeChecker.java:checkAllVolumes(202)) - Scheduled health check for volume org.apache.hadoop.ozone.container.common.volume.HddsVolume@6870cfac
2019-10-10 09:49:26,987 [main] INFO  impl.RaftServerProxy (ConfUtils.java:logGet(43)) - raft.rpc.type = GRPC (default)
2019-10-10 09:49:26,987 [main] INFO  grpc.GrpcFactory (GrpcFactory.java:checkPooledByteBufAllocatorUseCacheForAllThreads(45)) - PERFORMANCE WARNING: useCacheForAllThreads is true that may cause Netty to create a lot garbage objects and, as a result, trigger GC.
	It is recommended to disable useCacheForAllThreads by setting -Dorg.apache.ratis.thirdparty.io.netty.allocator.useCacheForAllThreads=false in command line.
2019-10-10 09:49:26,987 [main] INFO  grpc.GrpcConfigKeys$Server (ConfUtils.java:logGet(43)) - raft.grpc.server.port = 0 (default)
2019-10-10 09:49:26,988 [main] INFO  server.GrpcService (ConfUtils.java:logGet(43)) - raft.grpc.message.size.max = 33570816 (custom)
2019-10-10 09:49:26,988 [main] INFO  server.RaftServerConfigKeys (ConfUtils.java:logGet(43)) - raft.server.log.appender.buffer.byte-limit = 33554432 (custom)
2019-10-10 09:49:26,988 [main] INFO  server.GrpcService (ConfUtils.java:logGet(43)) - raft.grpc.flow.control.window = 1MB (=1048576) (default)
2019-10-10 09:49:26,988 [main] INFO  server.RaftServerConfigKeys (ConfUtils.java:logGet(43)) - raft.server.rpc.request.timeout = 3000ms (default)
2019-10-10 09:49:26,989 [main] INFO  server.RaftServerConfigKeys (ConfUtils.java:logGet(43)) - raft.server.storage.dir = [/workdir/hadoop-ozone/integration-test/target/test-dir/MiniOzoneClusterImpl-d628f2ca-ca44-4a24-a849-6824008ba556/datanode-3/data/ratis] (custom)
2019-10-10 09:49:26,990 [main] INFO  hdfs.DFSUtil (DFSUtil.java:httpServerTemplateForNNAndJN(1641)) - Starting Web-server for hddsDatanode at: http://0.0.0.0:0
2019-10-10 09:49:26,991 [main] INFO  server.AuthenticationFilter (AuthenticationFilter.java:constructSecretProvider(240)) - Unable to initialize FileSignerSecretProvider, falling back to use random secrets.
2019-10-10 09:49:26,991 [main] WARN  http.HttpRequestLog (HttpRequestLog.java:getRequestLog(97)) - Jetty request log can only be enabled using Log4j
2019-10-10 09:49:26,992 [main] INFO  http.HttpServer2 (HttpServer2.java:addGlobalFilter(975)) - Added global filter 'safety' (class=org.apache.hadoop.http.HttpServer2$QuotingInputFilter)
2019-10-10 09:49:26,992 [main] INFO  http.HttpServer2 (HttpServer2.java:addFilter(948)) - Added filter static_user_filter (class=org.apache.hadoop.http.lib.StaticUserWebFilter$StaticUserFilter) to context hddsDatanode
2019-10-10 09:49:26,993 [main] INFO  http.HttpServer2 (HttpServer2.java:addFilter(958)) - Added filter static_user_filter (class=org.apache.hadoop.http.lib.StaticUserWebFilter$StaticUserFilter) to context logs
2019-10-10 09:49:26,993 [main] INFO  http.HttpServer2 (HttpServer2.java:addFilter(958)) - Added filter static_user_filter (class=org.apache.hadoop.http.lib.StaticUserWebFilter$StaticUserFilter) to context static
2019-10-10 09:49:26,993 [main] INFO  http.HttpServer2 (HttpServer2.java:bindListener(1191)) - Jetty bound to port 43500
2019-10-10 09:49:26,994 [main] INFO  server.Server (Server.java:doStart(351)) - jetty-9.3.25.v20180904, build timestamp: 2018-09-04T21:11:46Z, git hash: 3ce520221d0240229c862b122d2b06c12a625732
2019-10-10 09:49:26,996 [main] INFO  handler.ContextHandler (ContextHandler.java:doStart(781)) - Started o.e.j.s.ServletContextHandler@53314f76{/logs,file:///workdir/hadoop-ozone/integration-test/target/log,AVAILABLE}
2019-10-10 09:49:26,996 [main] INFO  handler.ContextHandler (ContextHandler.java:doStart(781)) - Started o.e.j.s.ServletContextHandler@70881123{/static,jar:file:/home/user/.m2/repository/org/apache/hadoop/hadoop-hdds-container-service/0.5.0-SNAPSHOT/hadoop-hdds-container-service-0.5.0-SNAPSHOT.jar!/webapps/static,AVAILABLE}
2019-10-10 09:49:27,024 [main] INFO  handler.ContextHandler (ContextHandler.java:doStart(781)) - Started o.e.j.w.WebAppContext@55877274{/,file:///tmp/jetty-0.0.0.0-43500-hddsDatanode-_-any-913484361239936918.dir/webapp/,AVAILABLE}{/hddsDatanode}
2019-10-10 09:49:27,025 [main] INFO  server.AbstractConnector (AbstractConnector.java:doStart(278)) - Started ServerConnector@723e2d08{HTTP/1.1,[http/1.1]}{0.0.0.0:43500}
2019-10-10 09:49:27,027 [main] INFO  server.Server (Server.java:doStart(419)) - Started @238863ms
2019-10-10 09:49:27,027 [main] WARN  impl.MetricsSystemImpl (MetricsSystemImpl.java:register(276)) - Sink prometheus already exists!
2019-10-10 09:49:27,028 [main] INFO  server.BaseHttpServer (BaseHttpServer.java:updateConnectorAddress(215)) - HTTP server of HDDSDATANODE is listening at http://0.0.0.0:43500
2019-10-10 09:49:27,028 [main] INFO  impl.MetricsSystemImpl (MetricsSystemImpl.java:init(158)) - HddsDatanode metrics system started (again)
2019-10-10 09:49:27,033 [org.apache.hadoop.util.JvmPauseMonitor$Monitor@1ebcc219] INFO  util.JvmPauseMonitor (JvmPauseMonitor.java:run(188)) - Starting JVM pause monitor
2019-10-10 09:49:27,034 [main] INFO  ozone.HddsDatanodeService (HddsDatanodeService.java:start(184)) - HddsDatanodeService host:pr-hdds-1737-8bn8f-679866343 ip:192.168.30.10
2019-10-10 09:49:27,034 [Datanode State Machine Thread - 0] INFO  datanode.InitDatanodeState (InitDatanodeState.java:persistContainerDatanodeDetails(140)) - DatanodeDetails is persisted to /workdir/hadoop-ozone/integration-test/target/test-dir/MiniOzoneClusterImpl-d628f2ca-ca44-4a24-a849-6824008ba556/datanode-3/meta/datanode.id
2019-10-10 09:49:27,042 [main] INFO  volume.HddsVolume (HddsVolume.java:<init>(176)) - Creating Volume: /workdir/hadoop-ozone/integration-test/target/test-dir/MiniOzoneClusterImpl-d628f2ca-ca44-4a24-a849-6824008ba556/datanode-4/data/containers/hdds of  storage type : DISK and capacity : 1482555576320
2019-10-10 09:49:27,042 [main] INFO  volume.VolumeSet (VolumeSet.java:initializeVolumeSet(170)) - Added Volume : /workdir/hadoop-ozone/integration-test/target/test-dir/MiniOzoneClusterImpl-d628f2ca-ca44-4a24-a849-6824008ba556/datanode-4/data/containers/hdds to VolumeSet
2019-10-10 09:49:27,042 [main] INFO  volume.ThrottledAsyncChecker (ThrottledAsyncChecker.java:schedule(139)) - Scheduling a check for org.apache.hadoop.ozone.container.common.volume.HddsVolume@448462f0
2019-10-10 09:49:27,043 [main] INFO  volume.HddsVolumeChecker (HddsVolumeChecker.java:checkAllVolumes(202)) - Scheduled health check for volume org.apache.hadoop.ozone.container.common.volume.HddsVolume@448462f0
2019-10-10 09:49:27,064 [main] INFO  impl.RaftServerProxy (ConfUtils.java:logGet(43)) - raft.rpc.type = GRPC (default)
2019-10-10 09:49:27,064 [main] INFO  grpc.GrpcFactory (GrpcFactory.java:checkPooledByteBufAllocatorUseCacheForAllThreads(45)) - PERFORMANCE WARNING: useCacheForAllThreads is true that may cause Netty to create a lot garbage objects and, as a result, trigger GC.
	It is recommended to disable useCacheForAllThreads by setting -Dorg.apache.ratis.thirdparty.io.netty.allocator.useCacheForAllThreads=false in command line.
2019-10-10 09:49:27,065 [main] INFO  grpc.GrpcConfigKeys$Server (ConfUtils.java:logGet(43)) - raft.grpc.server.port = 0 (default)
2019-10-10 09:49:27,065 [main] INFO  server.GrpcService (ConfUtils.java:logGet(43)) - raft.grpc.message.size.max = 33570816 (custom)
2019-10-10 09:49:27,065 [main] INFO  server.RaftServerConfigKeys (ConfUtils.java:logGet(43)) - raft.server.log.appender.buffer.byte-limit = 33554432 (custom)
2019-10-10 09:49:27,065 [main] INFO  server.GrpcService (ConfUtils.java:logGet(43)) - raft.grpc.flow.control.window = 1MB (=1048576) (default)
2019-10-10 09:49:27,066 [main] INFO  server.RaftServerConfigKeys (ConfUtils.java:logGet(43)) - raft.server.rpc.request.timeout = 3000ms (default)
2019-10-10 09:49:27,066 [main] INFO  server.RaftServerConfigKeys (ConfUtils.java:logGet(43)) - raft.server.storage.dir = [/workdir/hadoop-ozone/integration-test/target/test-dir/MiniOzoneClusterImpl-d628f2ca-ca44-4a24-a849-6824008ba556/datanode-4/data/ratis] (custom)
2019-10-10 09:49:27,068 [main] INFO  hdfs.DFSUtil (DFSUtil.java:httpServerTemplateForNNAndJN(1641)) - Starting Web-server for hddsDatanode at: http://0.0.0.0:0
2019-10-10 09:49:27,069 [main] INFO  server.AuthenticationFilter (AuthenticationFilter.java:constructSecretProvider(240)) - Unable to initialize FileSignerSecretProvider, falling back to use random secrets.
2019-10-10 09:49:27,069 [main] WARN  http.HttpRequestLog (HttpRequestLog.java:getRequestLog(97)) - Jetty request log can only be enabled using Log4j
2019-10-10 09:49:27,071 [main] INFO  http.HttpServer2 (HttpServer2.java:addGlobalFilter(975)) - Added global filter 'safety' (class=org.apache.hadoop.http.HttpServer2$QuotingInputFilter)
2019-10-10 09:49:27,072 [main] INFO  http.HttpServer2 (HttpServer2.java:addFilter(948)) - Added filter static_user_filter (class=org.apache.hadoop.http.lib.StaticUserWebFilter$StaticUserFilter) to context hddsDatanode
2019-10-10 09:49:27,072 [main] INFO  http.HttpServer2 (HttpServer2.java:addFilter(958)) - Added filter static_user_filter (class=org.apache.hadoop.http.lib.StaticUserWebFilter$StaticUserFilter) to context static
2019-10-10 09:49:27,073 [main] INFO  http.HttpServer2 (HttpServer2.java:addFilter(958)) - Added filter static_user_filter (class=org.apache.hadoop.http.lib.StaticUserWebFilter$StaticUserFilter) to context logs
2019-10-10 09:49:27,074 [main] INFO  http.HttpServer2 (HttpServer2.java:bindListener(1191)) - Jetty bound to port 35344
2019-10-10 09:49:27,074 [main] INFO  server.Server (Server.java:doStart(351)) - jetty-9.3.25.v20180904, build timestamp: 2018-09-04T21:11:46Z, git hash: 3ce520221d0240229c862b122d2b06c12a625732
2019-10-10 09:49:27,077 [main] INFO  handler.ContextHandler (ContextHandler.java:doStart(781)) - Started o.e.j.s.ServletContextHandler@544e3679{/logs,file:///workdir/hadoop-ozone/integration-test/target/log,AVAILABLE}
2019-10-10 09:49:27,078 [main] INFO  handler.ContextHandler (ContextHandler.java:doStart(781)) - Started o.e.j.s.ServletContextHandler@231b35fb{/static,jar:file:/home/user/.m2/repository/org/apache/hadoop/hadoop-hdds-container-service/0.5.0-SNAPSHOT/hadoop-hdds-container-service-0.5.0-SNAPSHOT.jar!/webapps/static,AVAILABLE}
2019-10-10 09:49:27,117 [main] INFO  handler.ContextHandler (ContextHandler.java:doStart(781)) - Started o.e.j.w.WebAppContext@43c7fe8a{/,file:///tmp/jetty-0.0.0.0-35344-hddsDatanode-_-any-3887269826405517964.dir/webapp/,AVAILABLE}{/hddsDatanode}
2019-10-10 09:49:27,117 [main] INFO  server.AbstractConnector (AbstractConnector.java:doStart(278)) - Started ServerConnector@67f946c3{HTTP/1.1,[http/1.1]}{0.0.0.0:35344}
2019-10-10 09:49:27,119 [main] INFO  server.Server (Server.java:doStart(419)) - Started @238955ms
2019-10-10 09:49:27,120 [main] WARN  impl.MetricsSystemImpl (MetricsSystemImpl.java:register(276)) - Sink prometheus already exists!
2019-10-10 09:49:27,120 [main] INFO  server.BaseHttpServer (BaseHttpServer.java:updateConnectorAddress(215)) - HTTP server of HDDSDATANODE is listening at http://0.0.0.0:35344
2019-10-10 09:49:27,121 [main] INFO  impl.MetricsSystemImpl (MetricsSystemImpl.java:init(158)) - HddsDatanode metrics system started (again)
2019-10-10 09:49:27,126 [org.apache.hadoop.util.JvmPauseMonitor$Monitor@41e67418] INFO  util.JvmPauseMonitor (JvmPauseMonitor.java:run(188)) - Starting JVM pause monitor
2019-10-10 09:49:27,127 [main] INFO  ozone.HddsDatanodeService (HddsDatanodeService.java:start(184)) - HddsDatanodeService host:pr-hdds-1737-8bn8f-679866343 ip:192.168.30.10
2019-10-10 09:49:27,128 [Datanode State Machine Thread - 0] INFO  datanode.InitDatanodeState (InitDatanodeState.java:persistContainerDatanodeDetails(140)) - DatanodeDetails is persisted to /workdir/hadoop-ozone/integration-test/target/test-dir/MiniOzoneClusterImpl-d628f2ca-ca44-4a24-a849-6824008ba556/datanode-4/meta/datanode.id
2019-10-10 09:49:27,133 [main] INFO  volume.HddsVolume (HddsVolume.java:<init>(176)) - Creating Volume: /workdir/hadoop-ozone/integration-test/target/test-dir/MiniOzoneClusterImpl-d628f2ca-ca44-4a24-a849-6824008ba556/datanode-5/data/containers/hdds of  storage type : DISK and capacity : 1482555576320
2019-10-10 09:49:27,133 [main] INFO  volume.VolumeSet (VolumeSet.java:initializeVolumeSet(170)) - Added Volume : /workdir/hadoop-ozone/integration-test/target/test-dir/MiniOzoneClusterImpl-d628f2ca-ca44-4a24-a849-6824008ba556/datanode-5/data/containers/hdds to VolumeSet
2019-10-10 09:49:27,134 [main] INFO  volume.ThrottledAsyncChecker (ThrottledAsyncChecker.java:schedule(139)) - Scheduling a check for org.apache.hadoop.ozone.container.common.volume.HddsVolume@7a66c35a
2019-10-10 09:49:27,134 [main] INFO  volume.HddsVolumeChecker (HddsVolumeChecker.java:checkAllVolumes(202)) - Scheduled health check for volume org.apache.hadoop.ozone.container.common.volume.HddsVolume@7a66c35a
2019-10-10 09:49:27,147 [main] INFO  impl.RaftServerProxy (ConfUtils.java:logGet(43)) - raft.rpc.type = GRPC (default)
2019-10-10 09:49:27,147 [main] INFO  grpc.GrpcFactory (GrpcFactory.java:checkPooledByteBufAllocatorUseCacheForAllThreads(45)) - PERFORMANCE WARNING: useCacheForAllThreads is true that may cause Netty to create a lot garbage objects and, as a result, trigger GC.
	It is recommended to disable useCacheForAllThreads by setting -Dorg.apache.ratis.thirdparty.io.netty.allocator.useCacheForAllThreads=false in command line.
2019-10-10 09:49:27,147 [main] INFO  grpc.GrpcConfigKeys$Server (ConfUtils.java:logGet(43)) - raft.grpc.server.port = 0 (default)
2019-10-10 09:49:27,147 [main] INFO  server.GrpcService (ConfUtils.java:logGet(43)) - raft.grpc.message.size.max = 33570816 (custom)
2019-10-10 09:49:27,147 [main] INFO  server.RaftServerConfigKeys (ConfUtils.java:logGet(43)) - raft.server.log.appender.buffer.byte-limit = 33554432 (custom)
2019-10-10 09:49:27,148 [main] INFO  server.GrpcService (ConfUtils.java:logGet(43)) - raft.grpc.flow.control.window = 1MB (=1048576) (default)
2019-10-10 09:49:27,148 [main] INFO  server.RaftServerConfigKeys (ConfUtils.java:logGet(43)) - raft.server.rpc.request.timeout = 3000ms (default)
2019-10-10 09:49:27,148 [main] INFO  server.RaftServerConfigKeys (ConfUtils.java:logGet(43)) - raft.server.storage.dir = [/workdir/hadoop-ozone/integration-test/target/test-dir/MiniOzoneClusterImpl-d628f2ca-ca44-4a24-a849-6824008ba556/datanode-5/data/ratis] (custom)
2019-10-10 09:49:27,149 [main] INFO  hdfs.DFSUtil (DFSUtil.java:httpServerTemplateForNNAndJN(1641)) - Starting Web-server for hddsDatanode at: http://0.0.0.0:0
2019-10-10 09:49:27,150 [main] INFO  server.AuthenticationFilter (AuthenticationFilter.java:constructSecretProvider(240)) - Unable to initialize FileSignerSecretProvider, falling back to use random secrets.
2019-10-10 09:49:27,151 [main] WARN  http.HttpRequestLog (HttpRequestLog.java:getRequestLog(97)) - Jetty request log can only be enabled using Log4j
2019-10-10 09:49:27,152 [main] INFO  http.HttpServer2 (HttpServer2.java:addGlobalFilter(975)) - Added global filter 'safety' (class=org.apache.hadoop.http.HttpServer2$QuotingInputFilter)
2019-10-10 09:49:27,152 [main] INFO  http.HttpServer2 (HttpServer2.java:addFilter(948)) - Added filter static_user_filter (class=org.apache.hadoop.http.lib.StaticUserWebFilter$StaticUserFilter) to context hddsDatanode
2019-10-10 09:49:27,152 [main] INFO  http.HttpServer2 (HttpServer2.java:addFilter(958)) - Added filter static_user_filter (class=org.apache.hadoop.http.lib.StaticUserWebFilter$StaticUserFilter) to context logs
2019-10-10 09:49:27,152 [main] INFO  http.HttpServer2 (HttpServer2.java:addFilter(958)) - Added filter static_user_filter (class=org.apache.hadoop.http.lib.StaticUserWebFilter$StaticUserFilter) to context static
2019-10-10 09:49:27,153 [main] INFO  http.HttpServer2 (HttpServer2.java:bindListener(1191)) - Jetty bound to port 45791
2019-10-10 09:49:27,153 [main] INFO  server.Server (Server.java:doStart(351)) - jetty-9.3.25.v20180904, build timestamp: 2018-09-04T21:11:46Z, git hash: 3ce520221d0240229c862b122d2b06c12a625732
2019-10-10 09:49:27,155 [main] INFO  handler.ContextHandler (ContextHandler.java:doStart(781)) - Started o.e.j.s.ServletContextHandler@62f9c790{/logs,file:///workdir/hadoop-ozone/integration-test/target/log,AVAILABLE}
2019-10-10 09:49:27,155 [main] INFO  handler.ContextHandler (ContextHandler.java:doStart(781)) - Started o.e.j.s.ServletContextHandler@93bf0e0{/static,jar:file:/home/user/.m2/repository/org/apache/hadoop/hadoop-hdds-container-service/0.5.0-SNAPSHOT/hadoop-hdds-container-service-0.5.0-SNAPSHOT.jar!/webapps/static,AVAILABLE}
2019-10-10 09:49:27,182 [main] INFO  handler.ContextHandler (ContextHandler.java:doStart(781)) - Started o.e.j.w.WebAppContext@71d55b7e{/,file:///tmp/jetty-0.0.0.0-45791-hddsDatanode-_-any-8506359416555065026.dir/webapp/,AVAILABLE}{/hddsDatanode}
2019-10-10 09:49:27,183 [main] INFO  server.AbstractConnector (AbstractConnector.java:doStart(278)) - Started ServerConnector@2997ddfc{HTTP/1.1,[http/1.1]}{0.0.0.0:45791}
2019-10-10 09:49:27,184 [main] INFO  server.Server (Server.java:doStart(419)) - Started @239020ms
2019-10-10 09:49:27,185 [main] WARN  impl.MetricsSystemImpl (MetricsSystemImpl.java:register(276)) - Sink prometheus already exists!
2019-10-10 09:49:27,185 [main] INFO  server.BaseHttpServer (BaseHttpServer.java:updateConnectorAddress(215)) - HTTP server of HDDSDATANODE is listening at http://0.0.0.0:45791
2019-10-10 09:49:27,186 [main] INFO  impl.MetricsSystemImpl (MetricsSystemImpl.java:init(158)) - HddsDatanode metrics system started (again)
2019-10-10 09:49:27,194 [org.apache.hadoop.util.JvmPauseMonitor$Monitor@2a51d93e] INFO  util.JvmPauseMonitor (JvmPauseMonitor.java:run(188)) - Starting JVM pause monitor
2019-10-10 09:49:27,195 [Datanode State Machine Thread - 0] INFO  datanode.InitDatanodeState (InitDatanodeState.java:persistContainerDatanodeDetails(140)) - DatanodeDetails is persisted to /workdir/hadoop-ozone/integration-test/target/test-dir/MiniOzoneClusterImpl-d628f2ca-ca44-4a24-a849-6824008ba556/datanode-5/meta/datanode.id
2019-10-10 09:49:27,195 [main] INFO  ozone.HddsDatanodeService (HddsDatanodeService.java:start(184)) - HddsDatanodeService host:pr-hdds-1737-8bn8f-679866343 ip:192.168.30.10
2019-10-10 09:49:27,204 [main] INFO  volume.HddsVolume (HddsVolume.java:<init>(176)) - Creating Volume: /workdir/hadoop-ozone/integration-test/target/test-dir/MiniOzoneClusterImpl-d628f2ca-ca44-4a24-a849-6824008ba556/datanode-6/data/containers/hdds of  storage type : DISK and capacity : 1482555576320
2019-10-10 09:49:27,204 [main] INFO  volume.VolumeSet (VolumeSet.java:initializeVolumeSet(170)) - Added Volume : /workdir/hadoop-ozone/integration-test/target/test-dir/MiniOzoneClusterImpl-d628f2ca-ca44-4a24-a849-6824008ba556/datanode-6/data/containers/hdds to VolumeSet
2019-10-10 09:49:27,204 [main] INFO  volume.ThrottledAsyncChecker (ThrottledAsyncChecker.java:schedule(139)) - Scheduling a check for org.apache.hadoop.ozone.container.common.volume.HddsVolume@5ea7bc4
2019-10-10 09:49:27,205 [main] INFO  volume.HddsVolumeChecker (HddsVolumeChecker.java:checkAllVolumes(202)) - Scheduled health check for volume org.apache.hadoop.ozone.container.common.volume.HddsVolume@5ea7bc4
2019-10-10 09:49:27,226 [main] INFO  impl.RaftServerProxy (ConfUtils.java:logGet(43)) - raft.rpc.type = GRPC (default)
2019-10-10 09:49:27,226 [main] INFO  grpc.GrpcFactory (GrpcFactory.java:checkPooledByteBufAllocatorUseCacheForAllThreads(45)) - PERFORMANCE WARNING: useCacheForAllThreads is true that may cause Netty to create a lot garbage objects and, as a result, trigger GC.
	It is recommended to disable useCacheForAllThreads by setting -Dorg.apache.ratis.thirdparty.io.netty.allocator.useCacheForAllThreads=false in command line.
2019-10-10 09:49:27,226 [main] INFO  grpc.GrpcConfigKeys$Server (ConfUtils.java:logGet(43)) - raft.grpc.server.port = 0 (default)
2019-10-10 09:49:27,227 [main] INFO  server.GrpcService (ConfUtils.java:logGet(43)) - raft.grpc.message.size.max = 33570816 (custom)
2019-10-10 09:49:27,227 [main] INFO  server.RaftServerConfigKeys (ConfUtils.java:logGet(43)) - raft.server.log.appender.buffer.byte-limit = 33554432 (custom)
2019-10-10 09:49:27,227 [main] INFO  server.GrpcService (ConfUtils.java:logGet(43)) - raft.grpc.flow.control.window = 1MB (=1048576) (default)
2019-10-10 09:49:27,227 [main] INFO  server.RaftServerConfigKeys (ConfUtils.java:logGet(43)) - raft.server.rpc.request.timeout = 3000ms (default)
2019-10-10 09:49:27,228 [main] INFO  server.RaftServerConfigKeys (ConfUtils.java:logGet(43)) - raft.server.storage.dir = [/workdir/hadoop-ozone/integration-test/target/test-dir/MiniOzoneClusterImpl-d628f2ca-ca44-4a24-a849-6824008ba556/datanode-6/data/ratis] (custom)
2019-10-10 09:49:27,229 [main] INFO  hdfs.DFSUtil (DFSUtil.java:httpServerTemplateForNNAndJN(1641)) - Starting Web-server for hddsDatanode at: http://0.0.0.0:0
2019-10-10 09:49:27,231 [main] INFO  server.AuthenticationFilter (AuthenticationFilter.java:constructSecretProvider(240)) - Unable to initialize FileSignerSecretProvider, falling back to use random secrets.
2019-10-10 09:49:27,232 [main] WARN  http.HttpRequestLog (HttpRequestLog.java:getRequestLog(97)) - Jetty request log can only be enabled using Log4j
2019-10-10 09:49:27,233 [main] INFO  http.HttpServer2 (HttpServer2.java:addGlobalFilter(975)) - Added global filter 'safety' (class=org.apache.hadoop.http.HttpServer2$QuotingInputFilter)
2019-10-10 09:49:27,234 [main] INFO  http.HttpServer2 (HttpServer2.java:addFilter(948)) - Added filter static_user_filter (class=org.apache.hadoop.http.lib.StaticUserWebFilter$StaticUserFilter) to context hddsDatanode
2019-10-10 09:49:27,234 [main] INFO  http.HttpServer2 (HttpServer2.java:addFilter(958)) - Added filter static_user_filter (class=org.apache.hadoop.http.lib.StaticUserWebFilter$StaticUserFilter) to context logs
2019-10-10 09:49:27,235 [main] INFO  http.HttpServer2 (HttpServer2.java:addFilter(958)) - Added filter static_user_filter (class=org.apache.hadoop.http.lib.StaticUserWebFilter$StaticUserFilter) to context static
2019-10-10 09:49:27,235 [main] INFO  http.HttpServer2 (HttpServer2.java:bindListener(1191)) - Jetty bound to port 37574
2019-10-10 09:49:27,236 [main] INFO  server.Server (Server.java:doStart(351)) - jetty-9.3.25.v20180904, build timestamp: 2018-09-04T21:11:46Z, git hash: 3ce520221d0240229c862b122d2b06c12a625732
2019-10-10 09:49:27,237 [main] INFO  handler.ContextHandler (ContextHandler.java:doStart(781)) - Started o.e.j.s.ServletContextHandler@120aa40b{/logs,file:///workdir/hadoop-ozone/integration-test/target/log,AVAILABLE}
2019-10-10 09:49:27,238 [main] INFO  handler.ContextHandler (ContextHandler.java:doStart(781)) - Started o.e.j.s.ServletContextHandler@6ad6443{/static,jar:file:/home/user/.m2/repository/org/apache/hadoop/hadoop-hdds-container-service/0.5.0-SNAPSHOT/hadoop-hdds-container-service-0.5.0-SNAPSHOT.jar!/webapps/static,AVAILABLE}
2019-10-10 09:49:27,276 [main] INFO  handler.ContextHandler (ContextHandler.java:doStart(781)) - Started o.e.j.w.WebAppContext@74a820bf{/,file:///tmp/jetty-0.0.0.0-37574-hddsDatanode-_-any-5059840087905266106.dir/webapp/,AVAILABLE}{/hddsDatanode}
2019-10-10 09:49:27,276 [main] INFO  server.AbstractConnector (AbstractConnector.java:doStart(278)) - Started ServerConnector@5a30722c{HTTP/1.1,[http/1.1]}{0.0.0.0:37574}
2019-10-10 09:49:27,279 [main] INFO  server.Server (Server.java:doStart(419)) - Started @239114ms
2019-10-10 09:49:27,279 [main] WARN  impl.MetricsSystemImpl (MetricsSystemImpl.java:register(276)) - Sink prometheus already exists!
2019-10-10 09:49:27,279 [main] INFO  server.BaseHttpServer (BaseHttpServer.java:updateConnectorAddress(215)) - HTTP server of HDDSDATANODE is listening at http://0.0.0.0:37574
2019-10-10 09:49:27,280 [main] INFO  ozone.MiniOzoneClusterImpl (MiniOzoneClusterImpl.java:lambda$waitForClusterToBeReady$0(147)) - Waiting for cluster to be ready. Got 0 of 7 DN Heartbeats.
2019-10-10 09:49:27,281 [org.apache.hadoop.util.JvmPauseMonitor$Monitor@593c4a37] INFO  util.JvmPauseMonitor (JvmPauseMonitor.java:run(188)) - Starting JVM pause monitor
2019-10-10 09:49:27,283 [Datanode State Machine Thread - 0] INFO  datanode.InitDatanodeState (InitDatanodeState.java:persistContainerDatanodeDetails(140)) - DatanodeDetails is persisted to /workdir/hadoop-ozone/integration-test/target/test-dir/MiniOzoneClusterImpl-d628f2ca-ca44-4a24-a849-6824008ba556/datanode-6/meta/datanode.id
2019-10-10 09:49:28,280 [main] INFO  ozone.MiniOzoneClusterImpl (MiniOzoneClusterImpl.java:lambda$waitForClusterToBeReady$0(147)) - Waiting for cluster to be ready. Got 0 of 7 DN Heartbeats.
2019-10-10 09:49:28,883 [Datanode State Machine Thread - 0] INFO  ozoneimpl.OzoneContainer (OzoneContainer.java:start(217)) - Attempting to start container services.
2019-10-10 09:49:28,883 [Datanode State Machine Thread - 0] INFO  ozoneimpl.OzoneContainer (OzoneContainer.java:startContainerScrub(179)) - Background container scanner has been disabled.
2019-10-10 09:49:28,884 [Datanode State Machine Thread - 0] INFO  ratis.XceiverServerRatis (XceiverServerRatis.java:start(418)) - Starting XceiverServerRatis a67970e8-8425-43f5-a21e-c7ba505a3499 at port 0
2019-10-10 09:49:28,884 [Datanode State Machine Thread - 0] INFO  ozoneimpl.OzoneContainer (OzoneContainer.java:start(217)) - Attempting to start container services.
2019-10-10 09:49:28,885 [Datanode State Machine Thread - 0] INFO  ozoneimpl.OzoneContainer (OzoneContainer.java:startContainerScrub(179)) - Background container scanner has been disabled.
2019-10-10 09:49:28,885 [Datanode State Machine Thread - 0] INFO  ratis.XceiverServerRatis (XceiverServerRatis.java:start(418)) - Starting XceiverServerRatis ba2f7cfc-3c10-4d36-be20-9c5c096da0ba at port 0
2019-10-10 09:49:28,896 [Datanode State Machine Thread - 0] INFO  impl.RaftServerProxy (RaftServerProxy.java:lambda$start$3(299)) - a67970e8-8425-43f5-a21e-c7ba505a3499: start RPC server
2019-10-10 09:49:28,897 [Datanode State Machine Thread - 0] INFO  impl.RaftServerProxy (RaftServerProxy.java:lambda$start$3(299)) - ba2f7cfc-3c10-4d36-be20-9c5c096da0ba: start RPC server
2019-10-10 09:49:28,907 [Datanode State Machine Thread - 0] INFO  server.GrpcService (GrpcService.java:startImpl(158)) - a67970e8-8425-43f5-a21e-c7ba505a3499: GrpcService started, listening on 0.0.0.0/0.0.0.0:42537
2019-10-10 09:49:28,907 [Datanode State Machine Thread - 0] INFO  server.GrpcService (GrpcService.java:startImpl(158)) - ba2f7cfc-3c10-4d36-be20-9c5c096da0ba: GrpcService started, listening on 0.0.0.0/0.0.0.0:34055
2019-10-10 09:49:28,907 [Datanode State Machine Thread - 0] INFO  ratis.XceiverServerRatis (XceiverServerRatis.java:start(428)) - XceiverServerRatis a67970e8-8425-43f5-a21e-c7ba505a3499 is started using port 42537
2019-10-10 09:49:28,907 [Datanode State Machine Thread - 0] INFO  ratis.XceiverServerRatis (XceiverServerRatis.java:start(428)) - XceiverServerRatis ba2f7cfc-3c10-4d36-be20-9c5c096da0ba is started using port 34055
2019-10-10 09:49:28,908 [Datanode State Machine Thread - 0] INFO  server.XceiverServerGrpc (XceiverServerGrpc.java:start(149)) - XceiverServerGrpc a67970e8-8425-43f5-a21e-c7ba505a3499 is started using port 33567
2019-10-10 09:49:28,908 [Datanode State Machine Thread - 0] INFO  server.XceiverServerGrpc (XceiverServerGrpc.java:start(149)) - XceiverServerGrpc ba2f7cfc-3c10-4d36-be20-9c5c096da0ba is started using port 43979
2019-10-10 09:49:28,977 [Datanode State Machine Thread - 0] INFO  ozoneimpl.OzoneContainer (OzoneContainer.java:start(217)) - Attempting to start container services.
2019-10-10 09:49:28,977 [Datanode State Machine Thread - 0] INFO  ozoneimpl.OzoneContainer (OzoneContainer.java:startContainerScrub(179)) - Background container scanner has been disabled.
2019-10-10 09:49:28,977 [Datanode State Machine Thread - 0] INFO  ratis.XceiverServerRatis (XceiverServerRatis.java:start(418)) - Starting XceiverServerRatis 5771ad15-5c02-4f57-a269-c9edde6394ba at port 0
2019-10-10 09:49:28,985 [Datanode State Machine Thread - 0] INFO  impl.RaftServerProxy (RaftServerProxy.java:lambda$start$3(299)) - 5771ad15-5c02-4f57-a269-c9edde6394ba: start RPC server
2019-10-10 09:49:28,987 [Datanode State Machine Thread - 0] INFO  server.GrpcService (GrpcService.java:startImpl(158)) - 5771ad15-5c02-4f57-a269-c9edde6394ba: GrpcService started, listening on 0.0.0.0/0.0.0.0:39027
2019-10-10 09:49:28,987 [Datanode State Machine Thread - 0] INFO  ratis.XceiverServerRatis (XceiverServerRatis.java:start(428)) - XceiverServerRatis 5771ad15-5c02-4f57-a269-c9edde6394ba is started using port 39027
2019-10-10 09:49:28,988 [Datanode State Machine Thread - 0] INFO  server.XceiverServerGrpc (XceiverServerGrpc.java:start(149)) - XceiverServerGrpc 5771ad15-5c02-4f57-a269-c9edde6394ba is started using port 33657
2019-10-10 09:49:29,048 [Datanode State Machine Thread - 0] INFO  ozoneimpl.OzoneContainer (OzoneContainer.java:start(217)) - Attempting to start container services.
2019-10-10 09:49:29,048 [Datanode State Machine Thread - 0] INFO  ozoneimpl.OzoneContainer (OzoneContainer.java:startContainerScrub(179)) - Background container scanner has been disabled.
2019-10-10 09:49:29,048 [Datanode State Machine Thread - 0] INFO  ratis.XceiverServerRatis (XceiverServerRatis.java:start(418)) - Starting XceiverServerRatis dc7da519-a43e-47f8-96f6-d94a5aa023a9 at port 0
2019-10-10 09:49:29,056 [Datanode State Machine Thread - 0] INFO  impl.RaftServerProxy (RaftServerProxy.java:lambda$start$3(299)) - dc7da519-a43e-47f8-96f6-d94a5aa023a9: start RPC server
2019-10-10 09:49:29,059 [Datanode State Machine Thread - 0] INFO  server.GrpcService (GrpcService.java:startImpl(158)) - dc7da519-a43e-47f8-96f6-d94a5aa023a9: GrpcService started, listening on 0.0.0.0/0.0.0.0:34383
2019-10-10 09:49:29,059 [Datanode State Machine Thread - 0] INFO  ratis.XceiverServerRatis (XceiverServerRatis.java:start(428)) - XceiverServerRatis dc7da519-a43e-47f8-96f6-d94a5aa023a9 is started using port 34383
2019-10-10 09:49:29,059 [Datanode State Machine Thread - 0] INFO  server.XceiverServerGrpc (XceiverServerGrpc.java:start(149)) - XceiverServerGrpc dc7da519-a43e-47f8-96f6-d94a5aa023a9 is started using port 44197
2019-10-10 09:49:29,151 [Datanode State Machine Thread - 0] INFO  ozoneimpl.OzoneContainer (OzoneContainer.java:start(217)) - Attempting to start container services.
2019-10-10 09:49:29,151 [Datanode State Machine Thread - 0] INFO  ozoneimpl.OzoneContainer (OzoneContainer.java:startContainerScrub(179)) - Background container scanner has been disabled.
2019-10-10 09:49:29,151 [Datanode State Machine Thread - 0] INFO  ratis.XceiverServerRatis (XceiverServerRatis.java:start(418)) - Starting XceiverServerRatis 0e03d9c1-b0a5-4eac-8020-17b1644a8f75 at port 0
2019-10-10 09:49:29,158 [Datanode State Machine Thread - 0] INFO  impl.RaftServerProxy (RaftServerProxy.java:lambda$start$3(299)) - 0e03d9c1-b0a5-4eac-8020-17b1644a8f75: start RPC server
2019-10-10 09:49:29,158 [Datanode State Machine Thread - 0] INFO  server.GrpcService (GrpcService.java:startImpl(158)) - 0e03d9c1-b0a5-4eac-8020-17b1644a8f75: GrpcService started, listening on 0.0.0.0/0.0.0.0:41797
2019-10-10 09:49:29,159 [Datanode State Machine Thread - 0] INFO  ratis.XceiverServerRatis (XceiverServerRatis.java:start(428)) - XceiverServerRatis 0e03d9c1-b0a5-4eac-8020-17b1644a8f75 is started using port 41797
2019-10-10 09:49:29,162 [Datanode State Machine Thread - 0] INFO  server.XceiverServerGrpc (XceiverServerGrpc.java:start(149)) - XceiverServerGrpc 0e03d9c1-b0a5-4eac-8020-17b1644a8f75 is started using port 41849
2019-10-10 09:49:29,207 [Datanode State Machine Thread - 0] INFO  ozoneimpl.OzoneContainer (OzoneContainer.java:start(217)) - Attempting to start container services.
2019-10-10 09:49:29,207 [Datanode State Machine Thread - 0] INFO  ozoneimpl.OzoneContainer (OzoneContainer.java:startContainerScrub(179)) - Background container scanner has been disabled.
2019-10-10 09:49:29,207 [Datanode State Machine Thread - 0] INFO  ratis.XceiverServerRatis (XceiverServerRatis.java:start(418)) - Starting XceiverServerRatis 2261b771-ff64-427b-9b56-35f4853894b8 at port 0
2019-10-10 09:49:29,213 [Datanode State Machine Thread - 0] INFO  impl.RaftServerProxy (RaftServerProxy.java:lambda$start$3(299)) - 2261b771-ff64-427b-9b56-35f4853894b8: start RPC server
2019-10-10 09:49:29,216 [Datanode State Machine Thread - 0] INFO  server.GrpcService (GrpcService.java:startImpl(158)) - 2261b771-ff64-427b-9b56-35f4853894b8: GrpcService started, listening on 0.0.0.0/0.0.0.0:41700
2019-10-10 09:49:29,216 [Datanode State Machine Thread - 0] INFO  ratis.XceiverServerRatis (XceiverServerRatis.java:start(428)) - XceiverServerRatis 2261b771-ff64-427b-9b56-35f4853894b8 is started using port 41700
2019-10-10 09:49:29,217 [Datanode State Machine Thread - 0] INFO  server.XceiverServerGrpc (XceiverServerGrpc.java:start(149)) - XceiverServerGrpc 2261b771-ff64-427b-9b56-35f4853894b8 is started using port 35820
2019-10-10 09:49:29,281 [main] INFO  ozone.MiniOzoneClusterImpl (MiniOzoneClusterImpl.java:lambda$waitForClusterToBeReady$0(147)) - Waiting for cluster to be ready. Got 0 of 7 DN Heartbeats.
2019-10-10 09:49:29,303 [Datanode State Machine Thread - 0] INFO  ozoneimpl.OzoneContainer (OzoneContainer.java:start(217)) - Attempting to start container services.
2019-10-10 09:49:29,303 [Datanode State Machine Thread - 0] INFO  ozoneimpl.OzoneContainer (OzoneContainer.java:startContainerScrub(179)) - Background container scanner has been disabled.
2019-10-10 09:49:29,303 [Datanode State Machine Thread - 0] INFO  ratis.XceiverServerRatis (XceiverServerRatis.java:start(418)) - Starting XceiverServerRatis ae6f4611-d74a-415a-8df6-2b3a01ba6da7 at port 0
2019-10-10 09:49:29,310 [Datanode State Machine Thread - 0] INFO  impl.RaftServerProxy (RaftServerProxy.java:lambda$start$3(299)) - ae6f4611-d74a-415a-8df6-2b3a01ba6da7: start RPC server
2019-10-10 09:49:29,311 [Datanode State Machine Thread - 0] INFO  server.GrpcService (GrpcService.java:startImpl(158)) - ae6f4611-d74a-415a-8df6-2b3a01ba6da7: GrpcService started, listening on 0.0.0.0/0.0.0.0:38259
2019-10-10 09:49:29,311 [Datanode State Machine Thread - 0] INFO  ratis.XceiverServerRatis (XceiverServerRatis.java:start(428)) - XceiverServerRatis ae6f4611-d74a-415a-8df6-2b3a01ba6da7 is started using port 38259
2019-10-10 09:49:29,325 [Datanode State Machine Thread - 0] INFO  server.XceiverServerGrpc (XceiverServerGrpc.java:start(149)) - XceiverServerGrpc ae6f4611-d74a-415a-8df6-2b3a01ba6da7 is started using port 38074
2019-10-10 09:49:30,282 [main] INFO  ozone.MiniOzoneClusterImpl (MiniOzoneClusterImpl.java:lambda$waitForClusterToBeReady$0(147)) - Waiting for cluster to be ready. Got 0 of 7 DN Heartbeats.
2019-10-10 09:49:30,815 [IPC Server handler 2 on 37031] INFO  net.NetworkTopology (NetworkTopologyImpl.java:add(111)) - Added a new node: /default-rack/a67970e8-8425-43f5-a21e-c7ba505a3499
2019-10-10 09:49:30,818 [IPC Server handler 2 on 37031] INFO  node.SCMNodeManager (SCMNodeManager.java:register(268)) - Registered Data node : a67970e8-8425-43f5-a21e-c7ba505a3499{ip: 192.168.30.10, host: pr-hdds-1737-8bn8f-679866343, networkLocation: /default-rack, certSerialId: null}
2019-10-10 09:49:30,819 [EventQueue-NodeRegistrationContainerReportForDataNodeSafeModeRule] INFO  safemode.SCMSafeModeManager (DataNodeSafeModeRule.java:process(71)) - SCM in safe mode. 1 DataNodes registered, 1 required.
2019-10-10 09:49:30,822 [EventQueue-NodeRegistrationContainerReportForDataNodeSafeModeRule] INFO  safemode.SCMSafeModeManager (SCMSafeModeManager.java:validateSafeModeExitRules(177)) - ScmSafeModeManager, all rules are successfully validated
2019-10-10 09:49:30,822 [EventQueue-NodeRegistrationContainerReportForDataNodeSafeModeRule] INFO  safemode.SCMSafeModeManager (SCMSafeModeManager.java:exitSafeMode(193)) - SCM exiting safe mode.
2019-10-10 09:49:30,834 [grpc-default-executor-9] INFO  impl.RaftServerProxy (RaftServerProxy.java:addNew(89)) - a67970e8-8425-43f5-a21e-c7ba505a3499: addNew group-58C704269D9F:[a67970e8-8425-43f5-a21e-c7ba505a3499:192.168.30.10:42537] returns group-58C704269D9F:java.util.concurrent.CompletableFuture@52222a7[Not completed]
2019-10-10 09:49:30,836 [pool-383-thread-1] INFO  impl.RaftServerImpl (RaftServerImpl.java:<init>(95)) - a67970e8-8425-43f5-a21e-c7ba505a3499: new RaftServerImpl for group-58C704269D9F:[a67970e8-8425-43f5-a21e-c7ba505a3499:192.168.30.10:42537] with ContainerStateMachine:uninitialized
2019-10-10 09:49:30,836 [pool-383-thread-1] INFO  server.RaftServerConfigKeys (ConfUtils.java:logGet(43)) - raft.server.rpc.timeout.min = 5s (custom)
2019-10-10 09:49:30,836 [pool-383-thread-1] INFO  server.RaftServerConfigKeys (ConfUtils.java:logGet(43)) - raft.server.rpc.timeout.max = 5200ms (custom)
2019-10-10 09:49:30,836 [pool-383-thread-1] INFO  server.RaftServerConfigKeys (ConfUtils.java:logGet(43)) - raft.server.rpcslowness.timeout = 120s (custom)
2019-10-10 09:49:30,836 [pool-383-thread-1] INFO  server.RaftServerConfigKeys (ConfUtils.java:logGet(43)) - raft.server.sleep.deviation.threshold = 300 (default)
2019-10-10 09:49:30,837 [pool-383-thread-1] INFO  server.RaftServerConfigKeys (ConfUtils.java:logGet(43)) - raft.server.log.appender.install.snapshot.enabled = false (custom)
2019-10-10 09:49:30,837 [pool-383-thread-1] INFO  impl.RaftServerImpl (ServerState.java:<init>(103)) - a67970e8-8425-43f5-a21e-c7ba505a3499@group-58C704269D9F: ConfigurationManager, init=-1: [a67970e8-8425-43f5-a21e-c7ba505a3499:192.168.30.10:42537], old=null, confs=<EMPTY_MAP>
2019-10-10 09:49:30,837 [pool-383-thread-1] INFO  server.RaftServerConfigKeys (ConfUtils.java:logGet(43)) - raft.server.storage.dir = [/workdir/hadoop-ozone/integration-test/target/test-dir/MiniOzoneClusterImpl-d628f2ca-ca44-4a24-a849-6824008ba556/datanode-0/data/ratis] (custom)
2019-10-10 09:49:30,837 [pool-383-thread-1] INFO  server.RaftServerConfigKeys (ConfUtils.java:logGet(43)) - raft.server.log.corruption.policy = EXCEPTION (default)
2019-10-10 09:49:30,837 [pool-383-thread-1] INFO  storage.RaftStorageDirectory (RaftStorageDirectory.java:analyzeStorage(246)) - The storage directory /workdir/hadoop-ozone/integration-test/target/test-dir/MiniOzoneClusterImpl-d628f2ca-ca44-4a24-a849-6824008ba556/datanode-0/data/ratis/e68acca9-189d-4022-a62c-58c704269d9f does not exist. Creating ...
2019-10-10 09:49:30,850 [pool-383-thread-1] INFO  storage.RaftStorageDirectory (RaftStorageDirectory.java:tryLock(328)) - Lock on /workdir/hadoop-ozone/integration-test/target/test-dir/MiniOzoneClusterImpl-d628f2ca-ca44-4a24-a849-6824008ba556/datanode-0/data/ratis/e68acca9-189d-4022-a62c-58c704269d9f/in_use.lock acquired by nodename 9490@pr-hdds-1737-8bn8f-679866343
2019-10-10 09:49:30,863 [pool-383-thread-1] INFO  storage.RaftStorage (RaftStorage.java:format(84)) - Storage directory /workdir/hadoop-ozone/integration-test/target/test-dir/MiniOzoneClusterImpl-d628f2ca-ca44-4a24-a849-6824008ba556/datanode-0/data/ratis/e68acca9-189d-4022-a62c-58c704269d9f has been successfully formatted.
2019-10-10 09:49:30,863 [pool-383-thread-1] INFO  ratis.ContainerStateMachine (ContainerStateMachine.java:loadSnapshot(231)) - group-58C704269D9F: The snapshot info is null. Setting the last applied indexto:(t:0, i:~)
2019-10-10 09:49:30,863 [pool-383-thread-1] INFO  server.RaftServerConfigKeys (ConfUtils.java:logGet(43)) - raft.server.notification.no-leader.timeout = 120s (custom)
2019-10-10 09:49:30,863 [pool-383-thread-1] INFO  server.RaftServerConfigKeys (ConfUtils.java:logGet(43)) - raft.server.log.use.memory = false (default)
2019-10-10 09:49:30,863 [pool-383-thread-1] INFO  server.RaftServerConfigKeys (ConfUtils.java:logGet(43)) - raft.server.log.purge.gap = 1000000 (custom)
2019-10-10 09:49:30,864 [pool-383-thread-1] INFO  server.RaftServerConfigKeys (ConfUtils.java:logGet(43)) - raft.server.log.appender.buffer.byte-limit = 33554432 (custom)
2019-10-10 09:49:30,864 [pool-383-thread-1] INFO  server.RaftServerConfigKeys (ConfUtils.java:logGet(43)) - raft.server.log.segment.size.max = 1048576 (custom)
2019-10-10 09:49:30,865 [pool-383-thread-1] INFO  server.RaftServerConfigKeys (ConfUtils.java:logGet(43)) - raft.server.log.segment.cache.num.max = 2 (custom)
2019-10-10 09:49:30,865 [pool-383-thread-1] INFO  segmented.SegmentedRaftLogWorker (SegmentedRaftLogWorker.java:<init>(173)) - new a67970e8-8425-43f5-a21e-c7ba505a3499@group-58C704269D9F-SegmentedRaftLogWorker for RaftStorage:Storage Directory /workdir/hadoop-ozone/integration-test/target/test-dir/MiniOzoneClusterImpl-d628f2ca-ca44-4a24-a849-6824008ba556/datanode-0/data/ratis/e68acca9-189d-4022-a62c-58c704269d9f
2019-10-10 09:49:30,865 [pool-383-thread-1] INFO  server.RaftServerConfigKeys (ConfUtils.java:logGet(43)) - raft.server.log.queue.byte-limit = 2147483647 (custom)
2019-10-10 09:49:30,866 [pool-383-thread-1] INFO  server.RaftServerConfigKeys (ConfUtils.java:logGet(43)) - raft.server.log.queue.element-limit = 1024 (custom)
2019-10-10 09:49:30,866 [pool-383-thread-1] INFO  server.RaftServerConfigKeys (ConfUtils.java:logGet(43)) - raft.server.log.segment.size.max = 1048576 (custom)
2019-10-10 09:49:30,866 [pool-383-thread-1] INFO  server.RaftServerConfigKeys (ConfUtils.java:logGet(43)) - raft.server.log.preallocated.size = 16384 (custom)
2019-10-10 09:49:30,866 [pool-383-thread-1] INFO  server.RaftServerConfigKeys (ConfUtils.java:logGet(43)) - raft.server.log.write.buffer.size = 33554432 (custom)
2019-10-10 09:49:30,866 [pool-383-thread-1] INFO  server.RaftServerConfigKeys (ConfUtils.java:logGet(43)) - raft.server.log.force.sync.num = 128 (default)
2019-10-10 09:49:30,866 [pool-383-thread-1] INFO  server.RaftServerConfigKeys (ConfUtils.java:logGet(43)) - raft.server.log.statemachine.data.sync = true (default)
2019-10-10 09:49:30,866 [pool-383-thread-1] INFO  server.RaftServerConfigKeys (ConfUtils.java:logGet(43)) - raft.server.log.statemachine.data.sync.timeout = 10s (default)
2019-10-10 09:49:30,866 [pool-383-thread-1] INFO  server.RaftServerConfigKeys (ConfUtils.java:logGet(43)) - raft.server.log.statemachine.data.sync.timeout.retry = -1 (default)
2019-10-10 09:49:30,867 [pool-383-thread-1] INFO  server.RaftServerConfigKeys (ConfUtils.java:logGet(43)) - raft.server.log.statemachine.data.caching.enabled = true (custom)
2019-10-10 09:49:30,867 [pool-383-thread-1] INFO  segmented.SegmentedRaftLogWorker (SegmentedRaftLogWorker.java:lambda$new$0(128)) - a67970e8-8425-43f5-a21e-c7ba505a3499@group-58C704269D9F-SegmentedRaftLogWorker: flushIndex: setUnconditionally 0 -> -1
2019-10-10 09:49:30,867 [pool-383-thread-1] INFO  server.RaftServerConfigKeys (ConfUtils.java:logGet(43)) - raft.server.snapshot.auto.trigger.enabled = true (custom)
2019-10-10 09:49:30,867 [pool-383-thread-1] INFO  server.RaftServerConfigKeys (ConfUtils.java:logGet(43)) - raft.server.snapshot.auto.trigger.threshold = 10000 (custom)
2019-10-10 09:49:30,867 [pool-383-thread-1] INFO  server.RaftServerConfigKeys (ConfUtils.java:logGet(43)) - raft.server.snapshot.retention.file.num = 5 (custom)
2019-10-10 09:49:30,867 [pool-383-thread-1] INFO  server.RaftServerConfigKeys (ConfUtils.java:logGet(43)) - raft.server.retrycache.expirytime = 600000ms (custom)
2019-10-10 09:49:30,869 [pool-383-thread-1] INFO  impl.RaftServerImpl (RaftServerImpl.java:start(181)) - a67970e8-8425-43f5-a21e-c7ba505a3499@group-58C704269D9F: start as a follower, conf=-1: [a67970e8-8425-43f5-a21e-c7ba505a3499:192.168.30.10:42537], old=null
2019-10-10 09:49:30,869 [pool-383-thread-1] INFO  impl.RaftServerImpl (RaftServerImpl.java:setRole(170)) - a67970e8-8425-43f5-a21e-c7ba505a3499@group-58C704269D9F: changes role from      null to FOLLOWER at term 0 for startAsFollower
2019-10-10 09:49:30,869 [pool-383-thread-1] INFO  impl.RoleInfo (RoleInfo.java:updateAndGet(143)) - a67970e8-8425-43f5-a21e-c7ba505a3499: start FollowerState
2019-10-10 09:49:30,870 [pool-383-thread-1] INFO  util.JmxRegister (JmxRegister.java:tryRegister(44)) - Successfully registered JMX Bean with object name Ratis:service=RaftServer,group=group-58C704269D9F,id=a67970e8-8425-43f5-a21e-c7ba505a3499
2019-10-10 09:49:30,873 [IPC Server handler 3 on 37031] INFO  net.NetworkTopology (NetworkTopologyImpl.java:add(111)) - Added a new node: /default-rack/ba2f7cfc-3c10-4d36-be20-9c5c096da0ba
2019-10-10 09:49:30,874 [RatisPipelineUtilsThread] INFO  pipeline.PipelineStateManager (PipelineStateManager.java:addPipeline(56)) - Created pipeline Pipeline[ Id: e68acca9-189d-4022-a62c-58c704269d9f, Nodes: a67970e8-8425-43f5-a21e-c7ba505a3499{ip: 192.168.30.10, host: pr-hdds-1737-8bn8f-679866343, networkLocation: /default-rack, certSerialId: null}, Type:RATIS, Factor:ONE, State:OPEN]
2019-10-10 09:49:30,874 [IPC Server handler 3 on 37031] INFO  node.SCMNodeManager (SCMNodeManager.java:register(268)) - Registered Data node : ba2f7cfc-3c10-4d36-be20-9c5c096da0ba{ip: 192.168.30.10, host: pr-hdds-1737-8bn8f-679866343, networkLocation: /default-rack, certSerialId: null}
2019-10-10 09:49:30,883 [grpc-default-executor-9] INFO  impl.RaftServerProxy (RaftServerProxy.java:addNew(89)) - ba2f7cfc-3c10-4d36-be20-9c5c096da0ba: addNew group-F33EA7290524:[ba2f7cfc-3c10-4d36-be20-9c5c096da0ba:192.168.30.10:34055] returns group-F33EA7290524:java.util.concurrent.CompletableFuture@3b10ec1b[Not completed]
2019-10-10 09:49:30,884 [pool-393-thread-1] INFO  impl.RaftServerImpl (RaftServerImpl.java:<init>(95)) - ba2f7cfc-3c10-4d36-be20-9c5c096da0ba: new RaftServerImpl for group-F33EA7290524:[ba2f7cfc-3c10-4d36-be20-9c5c096da0ba:192.168.30.10:34055] with ContainerStateMachine:uninitialized
2019-10-10 09:49:30,884 [pool-393-thread-1] INFO  server.RaftServerConfigKeys (ConfUtils.java:logGet(43)) - raft.server.rpc.timeout.min = 5s (custom)
2019-10-10 09:49:30,885 [pool-393-thread-1] INFO  server.RaftServerConfigKeys (ConfUtils.java:logGet(43)) - raft.server.rpc.timeout.max = 5200ms (custom)
2019-10-10 09:49:30,885 [pool-393-thread-1] INFO  server.RaftServerConfigKeys (ConfUtils.java:logGet(43)) - raft.server.rpcslowness.timeout = 120s (custom)
2019-10-10 09:49:30,885 [pool-393-thread-1] INFO  server.RaftServerConfigKeys (ConfUtils.java:logGet(43)) - raft.server.sleep.deviation.threshold = 300 (default)
2019-10-10 09:49:30,885 [pool-393-thread-1] INFO  server.RaftServerConfigKeys (ConfUtils.java:logGet(43)) - raft.server.log.appender.install.snapshot.enabled = false (custom)
2019-10-10 09:49:30,885 [pool-393-thread-1] INFO  impl.RaftServerImpl (ServerState.java:<init>(103)) - ba2f7cfc-3c10-4d36-be20-9c5c096da0ba@group-F33EA7290524: ConfigurationManager, init=-1: [ba2f7cfc-3c10-4d36-be20-9c5c096da0ba:192.168.30.10:34055], old=null, confs=<EMPTY_MAP>
2019-10-10 09:49:30,885 [pool-393-thread-1] INFO  server.RaftServerConfigKeys (ConfUtils.java:logGet(43)) - raft.server.storage.dir = [/workdir/hadoop-ozone/integration-test/target/test-dir/MiniOzoneClusterImpl-d628f2ca-ca44-4a24-a849-6824008ba556/datanode-1/data/ratis] (custom)
2019-10-10 09:49:30,885 [pool-393-thread-1] INFO  server.RaftServerConfigKeys (ConfUtils.java:logGet(43)) - raft.server.log.corruption.policy = EXCEPTION (default)
2019-10-10 09:49:30,886 [pool-393-thread-1] INFO  storage.RaftStorageDirectory (RaftStorageDirectory.java:analyzeStorage(246)) - The storage directory /workdir/hadoop-ozone/integration-test/target/test-dir/MiniOzoneClusterImpl-d628f2ca-ca44-4a24-a849-6824008ba556/datanode-1/data/ratis/f1ea2ab0-4e90-4550-8bdc-f33ea7290524 does not exist. Creating ...
2019-10-10 09:49:30,899 [pool-393-thread-1] INFO  storage.RaftStorageDirectory (RaftStorageDirectory.java:tryLock(328)) - Lock on /workdir/hadoop-ozone/integration-test/target/test-dir/MiniOzoneClusterImpl-d628f2ca-ca44-4a24-a849-6824008ba556/datanode-1/data/ratis/f1ea2ab0-4e90-4550-8bdc-f33ea7290524/in_use.lock acquired by nodename 9490@pr-hdds-1737-8bn8f-679866343
2019-10-10 09:49:30,911 [pool-393-thread-1] INFO  storage.RaftStorage (RaftStorage.java:format(84)) - Storage directory /workdir/hadoop-ozone/integration-test/target/test-dir/MiniOzoneClusterImpl-d628f2ca-ca44-4a24-a849-6824008ba556/datanode-1/data/ratis/f1ea2ab0-4e90-4550-8bdc-f33ea7290524 has been successfully formatted.
2019-10-10 09:49:30,911 [pool-393-thread-1] INFO  ratis.ContainerStateMachine (ContainerStateMachine.java:loadSnapshot(231)) - group-F33EA7290524: The snapshot info is null. Setting the last applied indexto:(t:0, i:~)
2019-10-10 09:49:30,912 [pool-393-thread-1] INFO  server.RaftServerConfigKeys (ConfUtils.java:logGet(43)) - raft.server.notification.no-leader.timeout = 120s (custom)
2019-10-10 09:49:30,912 [pool-393-thread-1] INFO  server.RaftServerConfigKeys (ConfUtils.java:logGet(43)) - raft.server.log.use.memory = false (default)
2019-10-10 09:49:30,912 [pool-393-thread-1] INFO  server.RaftServerConfigKeys (ConfUtils.java:logGet(43)) - raft.server.log.purge.gap = 1000000 (custom)
2019-10-10 09:49:30,912 [pool-393-thread-1] INFO  server.RaftServerConfigKeys (ConfUtils.java:logGet(43)) - raft.server.log.appender.buffer.byte-limit = 33554432 (custom)
2019-10-10 09:49:30,912 [pool-393-thread-1] INFO  server.RaftServerConfigKeys (ConfUtils.java:logGet(43)) - raft.server.log.segment.size.max = 1048576 (custom)
2019-10-10 09:49:30,913 [pool-393-thread-1] INFO  server.RaftServerConfigKeys (ConfUtils.java:logGet(43)) - raft.server.log.segment.cache.num.max = 2 (custom)
2019-10-10 09:49:30,914 [pool-393-thread-1] INFO  segmented.SegmentedRaftLogWorker (SegmentedRaftLogWorker.java:<init>(173)) - new ba2f7cfc-3c10-4d36-be20-9c5c096da0ba@group-F33EA7290524-SegmentedRaftLogWorker for RaftStorage:Storage Directory /workdir/hadoop-ozone/integration-test/target/test-dir/MiniOzoneClusterImpl-d628f2ca-ca44-4a24-a849-6824008ba556/datanode-1/data/ratis/f1ea2ab0-4e90-4550-8bdc-f33ea7290524
2019-10-10 09:49:30,914 [pool-393-thread-1] INFO  server.RaftServerConfigKeys (ConfUtils.java:logGet(43)) - raft.server.log.queue.byte-limit = 2147483647 (custom)
2019-10-10 09:49:30,914 [pool-393-thread-1] INFO  server.RaftServerConfigKeys (ConfUtils.java:logGet(43)) - raft.server.log.queue.element-limit = 1024 (custom)
2019-10-10 09:49:30,914 [pool-393-thread-1] INFO  server.RaftServerConfigKeys (ConfUtils.java:logGet(43)) - raft.server.log.segment.size.max = 1048576 (custom)
2019-10-10 09:49:30,914 [pool-393-thread-1] INFO  server.RaftServerConfigKeys (ConfUtils.java:logGet(43)) - raft.server.log.preallocated.size = 16384 (custom)
2019-10-10 09:49:30,914 [pool-393-thread-1] INFO  server.RaftServerConfigKeys (ConfUtils.java:logGet(43)) - raft.server.log.write.buffer.size = 33554432 (custom)
2019-10-10 09:49:30,914 [pool-393-thread-1] INFO  server.RaftServerConfigKeys (ConfUtils.java:logGet(43)) - raft.server.log.force.sync.num = 128 (default)
2019-10-10 09:49:30,914 [pool-393-thread-1] INFO  server.RaftServerConfigKeys (ConfUtils.java:logGet(43)) - raft.server.log.statemachine.data.sync = true (default)
2019-10-10 09:49:30,914 [pool-393-thread-1] INFO  server.RaftServerConfigKeys (ConfUtils.java:logGet(43)) - raft.server.log.statemachine.data.sync.timeout = 10s (default)
2019-10-10 09:49:30,914 [pool-393-thread-1] INFO  server.RaftServerConfigKeys (ConfUtils.java:logGet(43)) - raft.server.log.statemachine.data.sync.timeout.retry = -1 (default)
2019-10-10 09:49:30,915 [pool-393-thread-1] INFO  server.RaftServerConfigKeys (ConfUtils.java:logGet(43)) - raft.server.log.statemachine.data.caching.enabled = true (custom)
2019-10-10 09:49:30,915 [pool-393-thread-1] INFO  segmented.SegmentedRaftLogWorker (SegmentedRaftLogWorker.java:lambda$new$0(128)) - ba2f7cfc-3c10-4d36-be20-9c5c096da0ba@group-F33EA7290524-SegmentedRaftLogWorker: flushIndex: setUnconditionally 0 -> -1
2019-10-10 09:49:30,915 [pool-393-thread-1] INFO  server.RaftServerConfigKeys (ConfUtils.java:logGet(43)) - raft.server.snapshot.auto.trigger.enabled = true (custom)
2019-10-10 09:49:30,915 [pool-393-thread-1] INFO  server.RaftServerConfigKeys (ConfUtils.java:logGet(43)) - raft.server.snapshot.auto.trigger.threshold = 10000 (custom)
2019-10-10 09:49:30,916 [pool-393-thread-1] INFO  server.RaftServerConfigKeys (ConfUtils.java:logGet(43)) - raft.server.snapshot.retention.file.num = 5 (custom)
2019-10-10 09:49:30,916 [pool-393-thread-1] INFO  server.RaftServerConfigKeys (ConfUtils.java:logGet(43)) - raft.server.retrycache.expirytime = 600000ms (custom)
2019-10-10 09:49:30,917 [pool-393-thread-1] INFO  impl.RaftServerImpl (RaftServerImpl.java:start(181)) - ba2f7cfc-3c10-4d36-be20-9c5c096da0ba@group-F33EA7290524: start as a follower, conf=-1: [ba2f7cfc-3c10-4d36-be20-9c5c096da0ba:192.168.30.10:34055], old=null
2019-10-10 09:49:30,917 [pool-393-thread-1] INFO  impl.RaftServerImpl (RaftServerImpl.java:setRole(170)) - ba2f7cfc-3c10-4d36-be20-9c5c096da0ba@group-F33EA7290524: changes role from      null to FOLLOWER at term 0 for startAsFollower
2019-10-10 09:49:30,917 [pool-393-thread-1] INFO  impl.RoleInfo (RoleInfo.java:updateAndGet(143)) - ba2f7cfc-3c10-4d36-be20-9c5c096da0ba: start FollowerState
2019-10-10 09:49:30,918 [pool-393-thread-1] INFO  util.JmxRegister (JmxRegister.java:tryRegister(44)) - Successfully registered JMX Bean with object name Ratis:service=RaftServer,group=group-F33EA7290524,id=ba2f7cfc-3c10-4d36-be20-9c5c096da0ba
2019-10-10 09:49:30,921 [RatisPipelineUtilsThread] INFO  pipeline.PipelineStateManager (PipelineStateManager.java:addPipeline(56)) - Created pipeline Pipeline[ Id: f1ea2ab0-4e90-4550-8bdc-f33ea7290524, Nodes: ba2f7cfc-3c10-4d36-be20-9c5c096da0ba{ip: 192.168.30.10, host: pr-hdds-1737-8bn8f-679866343, networkLocation: /default-rack, certSerialId: null}, Type:RATIS, Factor:ONE, State:OPEN]
2019-10-10 09:49:30,963 [IPC Server handler 4 on 37031] INFO  net.NetworkTopology (NetworkTopologyImpl.java:add(111)) - Added a new node: /default-rack/5771ad15-5c02-4f57-a269-c9edde6394ba
2019-10-10 09:49:30,964 [IPC Server handler 4 on 37031] INFO  node.SCMNodeManager (SCMNodeManager.java:register(268)) - Registered Data node : 5771ad15-5c02-4f57-a269-c9edde6394ba{ip: 192.168.30.10, host: pr-hdds-1737-8bn8f-679866343, networkLocation: /default-rack, certSerialId: null}
2019-10-10 09:49:30,970 [grpc-default-executor-9] INFO  impl.RaftServerProxy (RaftServerProxy.java:addNew(89)) - 5771ad15-5c02-4f57-a269-c9edde6394ba: addNew group-1F889AAD97A5:[5771ad15-5c02-4f57-a269-c9edde6394ba:192.168.30.10:39027] returns group-1F889AAD97A5:java.util.concurrent.CompletableFuture@4727452d[Not completed]
2019-10-10 09:49:30,971 [pool-403-thread-1] INFO  impl.RaftServerImpl (RaftServerImpl.java:<init>(95)) - 5771ad15-5c02-4f57-a269-c9edde6394ba: new RaftServerImpl for group-1F889AAD97A5:[5771ad15-5c02-4f57-a269-c9edde6394ba:192.168.30.10:39027] with ContainerStateMachine:uninitialized
2019-10-10 09:49:30,972 [pool-403-thread-1] INFO  server.RaftServerConfigKeys (ConfUtils.java:logGet(43)) - raft.server.rpc.timeout.min = 5s (custom)
2019-10-10 09:49:30,972 [pool-403-thread-1] INFO  server.RaftServerConfigKeys (ConfUtils.java:logGet(43)) - raft.server.rpc.timeout.max = 5200ms (custom)
2019-10-10 09:49:30,972 [pool-403-thread-1] INFO  server.RaftServerConfigKeys (ConfUtils.java:logGet(43)) - raft.server.rpcslowness.timeout = 120s (custom)
2019-10-10 09:49:30,972 [pool-403-thread-1] INFO  server.RaftServerConfigKeys (ConfUtils.java:logGet(43)) - raft.server.sleep.deviation.threshold = 300 (default)
2019-10-10 09:49:30,972 [pool-403-thread-1] INFO  server.RaftServerConfigKeys (ConfUtils.java:logGet(43)) - raft.server.log.appender.install.snapshot.enabled = false (custom)
2019-10-10 09:49:30,972 [pool-403-thread-1] INFO  impl.RaftServerImpl (ServerState.java:<init>(103)) - 5771ad15-5c02-4f57-a269-c9edde6394ba@group-1F889AAD97A5: ConfigurationManager, init=-1: [5771ad15-5c02-4f57-a269-c9edde6394ba:192.168.30.10:39027], old=null, confs=<EMPTY_MAP>
2019-10-10 09:49:30,972 [pool-403-thread-1] INFO  server.RaftServerConfigKeys (ConfUtils.java:logGet(43)) - raft.server.storage.dir = [/workdir/hadoop-ozone/integration-test/target/test-dir/MiniOzoneClusterImpl-d628f2ca-ca44-4a24-a849-6824008ba556/datanode-2/data/ratis] (custom)
2019-10-10 09:49:30,973 [pool-403-thread-1] INFO  server.RaftServerConfigKeys (ConfUtils.java:logGet(43)) - raft.server.log.corruption.policy = EXCEPTION (default)
2019-10-10 09:49:30,973 [pool-403-thread-1] INFO  storage.RaftStorageDirectory (RaftStorageDirectory.java:analyzeStorage(246)) - The storage directory /workdir/hadoop-ozone/integration-test/target/test-dir/MiniOzoneClusterImpl-d628f2ca-ca44-4a24-a849-6824008ba556/datanode-2/data/ratis/02b7008c-980d-4c36-a1e6-1f889aad97a5 does not exist. Creating ...
2019-10-10 09:49:30,986 [pool-403-thread-1] INFO  storage.RaftStorageDirectory (RaftStorageDirectory.java:tryLock(328)) - Lock on /workdir/hadoop-ozone/integration-test/target/test-dir/MiniOzoneClusterImpl-d628f2ca-ca44-4a24-a849-6824008ba556/datanode-2/data/ratis/02b7008c-980d-4c36-a1e6-1f889aad97a5/in_use.lock acquired by nodename 9490@pr-hdds-1737-8bn8f-679866343
2019-10-10 09:49:30,998 [pool-403-thread-1] INFO  storage.RaftStorage (RaftStorage.java:format(84)) - Storage directory /workdir/hadoop-ozone/integration-test/target/test-dir/MiniOzoneClusterImpl-d628f2ca-ca44-4a24-a849-6824008ba556/datanode-2/data/ratis/02b7008c-980d-4c36-a1e6-1f889aad97a5 has been successfully formatted.
2019-10-10 09:49:30,999 [pool-403-thread-1] INFO  ratis.ContainerStateMachine (ContainerStateMachine.java:loadSnapshot(231)) - group-1F889AAD97A5: The snapshot info is null. Setting the last applied indexto:(t:0, i:~)
2019-10-10 09:49:30,999 [pool-403-thread-1] INFO  server.RaftServerConfigKeys (ConfUtils.java:logGet(43)) - raft.server.notification.no-leader.timeout = 120s (custom)
2019-10-10 09:49:30,999 [pool-403-thread-1] INFO  server.RaftServerConfigKeys (ConfUtils.java:logGet(43)) - raft.server.log.use.memory = false (default)
2019-10-10 09:49:30,999 [pool-403-thread-1] INFO  server.RaftServerConfigKeys (ConfUtils.java:logGet(43)) - raft.server.log.purge.gap = 1000000 (custom)
2019-10-10 09:49:30,999 [pool-403-thread-1] INFO  server.RaftServerConfigKeys (ConfUtils.java:logGet(43)) - raft.server.log.appender.buffer.byte-limit = 33554432 (custom)
2019-10-10 09:49:30,999 [pool-403-thread-1] INFO  server.RaftServerConfigKeys (ConfUtils.java:logGet(43)) - raft.server.log.segment.size.max = 1048576 (custom)
2019-10-10 09:49:31,001 [pool-403-thread-1] INFO  server.RaftServerConfigKeys (ConfUtils.java:logGet(43)) - raft.server.log.segment.cache.num.max = 2 (custom)
2019-10-10 09:49:31,001 [pool-403-thread-1] INFO  segmented.SegmentedRaftLogWorker (SegmentedRaftLogWorker.java:<init>(173)) - new 5771ad15-5c02-4f57-a269-c9edde6394ba@group-1F889AAD97A5-SegmentedRaftLogWorker for RaftStorage:Storage Directory /workdir/hadoop-ozone/integration-test/target/test-dir/MiniOzoneClusterImpl-d628f2ca-ca44-4a24-a849-6824008ba556/datanode-2/data/ratis/02b7008c-980d-4c36-a1e6-1f889aad97a5
2019-10-10 09:49:31,001 [pool-403-thread-1] INFO  server.RaftServerConfigKeys (ConfUtils.java:logGet(43)) - raft.server.log.queue.byte-limit = 2147483647 (custom)
2019-10-10 09:49:31,001 [pool-403-thread-1] INFO  server.RaftServerConfigKeys (ConfUtils.java:logGet(43)) - raft.server.log.queue.element-limit = 1024 (custom)
2019-10-10 09:49:31,002 [pool-403-thread-1] INFO  server.RaftServerConfigKeys (ConfUtils.java:logGet(43)) - raft.server.log.segment.size.max = 1048576 (custom)
2019-10-10 09:49:31,002 [pool-403-thread-1] INFO  server.RaftServerConfigKeys (ConfUtils.java:logGet(43)) - raft.server.log.preallocated.size = 16384 (custom)
2019-10-10 09:49:31,002 [pool-403-thread-1] INFO  server.RaftServerConfigKeys (ConfUtils.java:logGet(43)) - raft.server.log.write.buffer.size = 33554432 (custom)
2019-10-10 09:49:31,002 [pool-403-thread-1] INFO  server.RaftServerConfigKeys (ConfUtils.java:logGet(43)) - raft.server.log.force.sync.num = 128 (default)
2019-10-10 09:49:31,002 [pool-403-thread-1] INFO  server.RaftServerConfigKeys (ConfUtils.java:logGet(43)) - raft.server.log.statemachine.data.sync = true (default)
2019-10-10 09:49:31,002 [pool-403-thread-1] INFO  server.RaftServerConfigKeys (ConfUtils.java:logGet(43)) - raft.server.log.statemachine.data.sync.timeout = 10s (default)
2019-10-10 09:49:31,002 [pool-403-thread-1] INFO  server.RaftServerConfigKeys (ConfUtils.java:logGet(43)) - raft.server.log.statemachine.data.sync.timeout.retry = -1 (default)
2019-10-10 09:49:31,003 [pool-403-thread-1] INFO  server.RaftServerConfigKeys (ConfUtils.java:logGet(43)) - raft.server.log.statemachine.data.caching.enabled = true (custom)
2019-10-10 09:49:31,003 [pool-403-thread-1] INFO  segmented.SegmentedRaftLogWorker (SegmentedRaftLogWorker.java:lambda$new$0(128)) - 5771ad15-5c02-4f57-a269-c9edde6394ba@group-1F889AAD97A5-SegmentedRaftLogWorker: flushIndex: setUnconditionally 0 -> -1
2019-10-10 09:49:31,003 [pool-403-thread-1] INFO  server.RaftServerConfigKeys (ConfUtils.java:logGet(43)) - raft.server.snapshot.auto.trigger.enabled = true (custom)
2019-10-10 09:49:31,003 [pool-403-thread-1] INFO  server.RaftServerConfigKeys (ConfUtils.java:logGet(43)) - raft.server.snapshot.auto.trigger.threshold = 10000 (custom)
2019-10-10 09:49:31,003 [pool-403-thread-1] INFO  server.RaftServerConfigKeys (ConfUtils.java:logGet(43)) - raft.server.snapshot.retention.file.num = 5 (custom)
2019-10-10 09:49:31,004 [pool-403-thread-1] INFO  server.RaftServerConfigKeys (ConfUtils.java:logGet(43)) - raft.server.retrycache.expirytime = 600000ms (custom)
2019-10-10 09:49:31,005 [pool-403-thread-1] INFO  impl.RaftServerImpl (RaftServerImpl.java:start(181)) - 5771ad15-5c02-4f57-a269-c9edde6394ba@group-1F889AAD97A5: start as a follower, conf=-1: [5771ad15-5c02-4f57-a269-c9edde6394ba:192.168.30.10:39027], old=null
2019-10-10 09:49:31,005 [pool-403-thread-1] INFO  impl.RaftServerImpl (RaftServerImpl.java:setRole(170)) - 5771ad15-5c02-4f57-a269-c9edde6394ba@group-1F889AAD97A5: changes role from      null to FOLLOWER at term 0 for startAsFollower
2019-10-10 09:49:31,005 [pool-403-thread-1] INFO  impl.RoleInfo (RoleInfo.java:updateAndGet(143)) - 5771ad15-5c02-4f57-a269-c9edde6394ba: start FollowerState
2019-10-10 09:49:31,006 [pool-403-thread-1] INFO  util.JmxRegister (JmxRegister.java:tryRegister(44)) - Successfully registered JMX Bean with object name Ratis:service=RaftServer,group=group-1F889AAD97A5,id=5771ad15-5c02-4f57-a269-c9edde6394ba
2019-10-10 09:49:31,009 [RatisPipelineUtilsThread] INFO  pipeline.PipelineStateManager (PipelineStateManager.java:addPipeline(56)) - Created pipeline Pipeline[ Id: 02b7008c-980d-4c36-a1e6-1f889aad97a5, Nodes: 5771ad15-5c02-4f57-a269-c9edde6394ba{ip: 192.168.30.10, host: pr-hdds-1737-8bn8f-679866343, networkLocation: /default-rack, certSerialId: null}, Type:RATIS, Factor:ONE, State:OPEN]
2019-10-10 09:49:31,022 [grpc-default-executor-0] INFO  impl.RaftServerProxy (RaftServerProxy.java:addNew(89)) - a67970e8-8425-43f5-a21e-c7ba505a3499: addNew group-41083F6567D3:[5771ad15-5c02-4f57-a269-c9edde6394ba:192.168.30.10:39027, ba2f7cfc-3c10-4d36-be20-9c5c096da0ba:192.168.30.10:34055, a67970e8-8425-43f5-a21e-c7ba505a3499:192.168.30.10:42537] returns group-41083F6567D3:java.util.concurrent.CompletableFuture@6df3a614[Not completed]
2019-10-10 09:49:31,022 [grpc-default-executor-10] INFO  impl.RaftServerProxy (RaftServerProxy.java:addNew(89)) - 5771ad15-5c02-4f57-a269-c9edde6394ba: addNew group-41083F6567D3:[5771ad15-5c02-4f57-a269-c9edde6394ba:192.168.30.10:39027, ba2f7cfc-3c10-4d36-be20-9c5c096da0ba:192.168.30.10:34055, a67970e8-8425-43f5-a21e-c7ba505a3499:192.168.30.10:42537] returns group-41083F6567D3:java.util.concurrent.CompletableFuture@1868b5ab[Not completed]
2019-10-10 09:49:31,025 [grpc-default-executor-9] INFO  impl.RaftServerProxy (RaftServerProxy.java:addNew(89)) - ba2f7cfc-3c10-4d36-be20-9c5c096da0ba: addNew group-41083F6567D3:[5771ad15-5c02-4f57-a269-c9edde6394ba:192.168.30.10:39027, ba2f7cfc-3c10-4d36-be20-9c5c096da0ba:192.168.30.10:34055, a67970e8-8425-43f5-a21e-c7ba505a3499:192.168.30.10:42537] returns group-41083F6567D3:java.util.concurrent.CompletableFuture@4a5f75b9[Not completed]
2019-10-10 09:49:31,026 [pool-403-thread-1] INFO  impl.RaftServerImpl (RaftServerImpl.java:<init>(95)) - 5771ad15-5c02-4f57-a269-c9edde6394ba: new RaftServerImpl for group-41083F6567D3:[5771ad15-5c02-4f57-a269-c9edde6394ba:192.168.30.10:39027, ba2f7cfc-3c10-4d36-be20-9c5c096da0ba:192.168.30.10:34055, a67970e8-8425-43f5-a21e-c7ba505a3499:192.168.30.10:42537] with ContainerStateMachine:uninitialized
2019-10-10 09:49:31,026 [pool-403-thread-1] INFO  server.RaftServerConfigKeys (ConfUtils.java:logGet(43)) - raft.server.rpc.timeout.min = 5s (custom)
2019-10-10 09:49:31,026 [pool-403-thread-1] INFO  server.RaftServerConfigKeys (ConfUtils.java:logGet(43)) - raft.server.rpc.timeout.max = 5200ms (custom)
2019-10-10 09:49:31,026 [pool-403-thread-1] INFO  server.RaftServerConfigKeys (ConfUtils.java:logGet(43)) - raft.server.rpcslowness.timeout = 120s (custom)
2019-10-10 09:49:31,026 [pool-403-thread-1] INFO  server.RaftServerConfigKeys (ConfUtils.java:logGet(43)) - raft.server.sleep.deviation.threshold = 300 (default)
2019-10-10 09:49:31,026 [pool-403-thread-1] INFO  server.RaftServerConfigKeys (ConfUtils.java:logGet(43)) - raft.server.log.appender.install.snapshot.enabled = false (custom)
2019-10-10 09:49:31,026 [pool-403-thread-1] INFO  impl.RaftServerImpl (ServerState.java:<init>(103)) - 5771ad15-5c02-4f57-a269-c9edde6394ba@group-41083F6567D3: ConfigurationManager, init=-1: [5771ad15-5c02-4f57-a269-c9edde6394ba:192.168.30.10:39027, ba2f7cfc-3c10-4d36-be20-9c5c096da0ba:192.168.30.10:34055, a67970e8-8425-43f5-a21e-c7ba505a3499:192.168.30.10:42537], old=null, confs=<EMPTY_MAP>
2019-10-10 09:49:31,026 [pool-403-thread-1] INFO  server.RaftServerConfigKeys (ConfUtils.java:logGet(43)) - raft.server.storage.dir = [/workdir/hadoop-ozone/integration-test/target/test-dir/MiniOzoneClusterImpl-d628f2ca-ca44-4a24-a849-6824008ba556/datanode-2/data/ratis] (custom)
2019-10-10 09:49:31,026 [pool-393-thread-1] INFO  impl.RaftServerImpl (RaftServerImpl.java:<init>(95)) - ba2f7cfc-3c10-4d36-be20-9c5c096da0ba: new RaftServerImpl for group-41083F6567D3:[5771ad15-5c02-4f57-a269-c9edde6394ba:192.168.30.10:39027, ba2f7cfc-3c10-4d36-be20-9c5c096da0ba:192.168.30.10:34055, a67970e8-8425-43f5-a21e-c7ba505a3499:192.168.30.10:42537] with ContainerStateMachine:uninitialized
2019-10-10 09:49:31,027 [pool-403-thread-1] INFO  server.RaftServerConfigKeys (ConfUtils.java:logGet(43)) - raft.server.log.corruption.policy = EXCEPTION (default)
2019-10-10 09:49:31,027 [pool-393-thread-1] INFO  server.RaftServerConfigKeys (ConfUtils.java:logGet(43)) - raft.server.rpc.timeout.min = 5s (custom)
2019-10-10 09:49:31,027 [pool-383-thread-1] INFO  impl.RaftServerImpl (RaftServerImpl.java:<init>(95)) - a67970e8-8425-43f5-a21e-c7ba505a3499: new RaftServerImpl for group-41083F6567D3:[5771ad15-5c02-4f57-a269-c9edde6394ba:192.168.30.10:39027, ba2f7cfc-3c10-4d36-be20-9c5c096da0ba:192.168.30.10:34055, a67970e8-8425-43f5-a21e-c7ba505a3499:192.168.30.10:42537] with ContainerStateMachine:uninitialized
2019-10-10 09:49:31,027 [pool-393-thread-1] INFO  server.RaftServerConfigKeys (ConfUtils.java:logGet(43)) - raft.server.rpc.timeout.max = 5200ms (custom)
2019-10-10 09:49:31,027 [pool-403-thread-1] INFO  storage.RaftStorageDirectory (RaftStorageDirectory.java:analyzeStorage(246)) - The storage directory /workdir/hadoop-ozone/integration-test/target/test-dir/MiniOzoneClusterImpl-d628f2ca-ca44-4a24-a849-6824008ba556/datanode-2/data/ratis/55be24b3-6028-4a3b-ad7d-41083f6567d3 does not exist. Creating ...
2019-10-10 09:49:31,027 [pool-393-thread-1] INFO  server.RaftServerConfigKeys (ConfUtils.java:logGet(43)) - raft.server.rpcslowness.timeout = 120s (custom)
2019-10-10 09:49:31,027 [pool-383-thread-1] INFO  server.RaftServerConfigKeys (ConfUtils.java:logGet(43)) - raft.server.rpc.timeout.min = 5s (custom)
2019-10-10 09:49:31,028 [pool-393-thread-1] INFO  server.RaftServerConfigKeys (ConfUtils.java:logGet(43)) - raft.server.sleep.deviation.threshold = 300 (default)
2019-10-10 09:49:31,028 [pool-383-thread-1] INFO  server.RaftServerConfigKeys (ConfUtils.java:logGet(43)) - raft.server.rpc.timeout.max = 5200ms (custom)
2019-10-10 09:49:31,028 [pool-393-thread-1] INFO  server.RaftServerConfigKeys (ConfUtils.java:logGet(43)) - raft.server.log.appender.install.snapshot.enabled = false (custom)
2019-10-10 09:49:31,028 [pool-383-thread-1] INFO  server.RaftServerConfigKeys (ConfUtils.java:logGet(43)) - raft.server.rpcslowness.timeout = 120s (custom)
2019-10-10 09:49:31,028 [pool-393-thread-1] INFO  impl.RaftServerImpl (ServerState.java:<init>(103)) - ba2f7cfc-3c10-4d36-be20-9c5c096da0ba@group-41083F6567D3: ConfigurationManager, init=-1: [5771ad15-5c02-4f57-a269-c9edde6394ba:192.168.30.10:39027, ba2f7cfc-3c10-4d36-be20-9c5c096da0ba:192.168.30.10:34055, a67970e8-8425-43f5-a21e-c7ba505a3499:192.168.30.10:42537], old=null, confs=<EMPTY_MAP>
2019-10-10 09:49:31,028 [pool-383-thread-1] INFO  server.RaftServerConfigKeys (ConfUtils.java:logGet(43)) - raft.server.sleep.deviation.threshold = 300 (default)
2019-10-10 09:49:31,028 [pool-393-thread-1] INFO  server.RaftServerConfigKeys (ConfUtils.java:logGet(43)) - raft.server.storage.dir = [/workdir/hadoop-ozone/integration-test/target/test-dir/MiniOzoneClusterImpl-d628f2ca-ca44-4a24-a849-6824008ba556/datanode-1/data/ratis] (custom)
2019-10-10 09:49:31,028 [pool-383-thread-1] INFO  server.RaftServerConfigKeys (ConfUtils.java:logGet(43)) - raft.server.log.appender.install.snapshot.enabled = false (custom)
2019-10-10 09:49:31,029 [pool-383-thread-1] INFO  impl.RaftServerImpl (ServerState.java:<init>(103)) - a67970e8-8425-43f5-a21e-c7ba505a3499@group-41083F6567D3: ConfigurationManager, init=-1: [5771ad15-5c02-4f57-a269-c9edde6394ba:192.168.30.10:39027, ba2f7cfc-3c10-4d36-be20-9c5c096da0ba:192.168.30.10:34055, a67970e8-8425-43f5-a21e-c7ba505a3499:192.168.30.10:42537], old=null, confs=<EMPTY_MAP>
2019-10-10 09:49:31,029 [pool-393-thread-1] INFO  server.RaftServerConfigKeys (ConfUtils.java:logGet(43)) - raft.server.log.corruption.policy = EXCEPTION (default)
2019-10-10 09:49:31,029 [pool-383-thread-1] INFO  server.RaftServerConfigKeys (ConfUtils.java:logGet(43)) - raft.server.storage.dir = [/workdir/hadoop-ozone/integration-test/target/test-dir/MiniOzoneClusterImpl-d628f2ca-ca44-4a24-a849-6824008ba556/datanode-0/data/ratis] (custom)
2019-10-10 09:49:31,029 [pool-393-thread-1] INFO  storage.RaftStorageDirectory (RaftStorageDirectory.java:analyzeStorage(246)) - The storage directory /workdir/hadoop-ozone/integration-test/target/test-dir/MiniOzoneClusterImpl-d628f2ca-ca44-4a24-a849-6824008ba556/datanode-1/data/ratis/55be24b3-6028-4a3b-ad7d-41083f6567d3 does not exist. Creating ...
2019-10-10 09:49:31,029 [pool-383-thread-1] INFO  server.RaftServerConfigKeys (ConfUtils.java:logGet(43)) - raft.server.log.corruption.policy = EXCEPTION (default)
2019-10-10 09:49:31,030 [pool-383-thread-1] INFO  storage.RaftStorageDirectory (RaftStorageDirectory.java:analyzeStorage(246)) - The storage directory /workdir/hadoop-ozone/integration-test/target/test-dir/MiniOzoneClusterImpl-d628f2ca-ca44-4a24-a849-6824008ba556/datanode-0/data/ratis/55be24b3-6028-4a3b-ad7d-41083f6567d3 does not exist. Creating ...
2019-10-10 09:49:31,034 [IPC Server handler 5 on 37031] INFO  net.NetworkTopology (NetworkTopologyImpl.java:add(111)) - Added a new node: /default-rack/dc7da519-a43e-47f8-96f6-d94a5aa023a9
2019-10-10 09:49:31,034 [IPC Server handler 5 on 37031] INFO  node.SCMNodeManager (SCMNodeManager.java:register(268)) - Registered Data node : dc7da519-a43e-47f8-96f6-d94a5aa023a9{ip: 192.168.30.10, host: pr-hdds-1737-8bn8f-679866343, networkLocation: /default-rack, certSerialId: null}
2019-10-10 09:49:31,041 [pool-393-thread-1] INFO  storage.RaftStorageDirectory (RaftStorageDirectory.java:tryLock(328)) - Lock on /workdir/hadoop-ozone/integration-test/target/test-dir/MiniOzoneClusterImpl-d628f2ca-ca44-4a24-a849-6824008ba556/datanode-1/data/ratis/55be24b3-6028-4a3b-ad7d-41083f6567d3/in_use.lock acquired by nodename 9490@pr-hdds-1737-8bn8f-679866343
2019-10-10 09:49:31,041 [pool-403-thread-1] INFO  storage.RaftStorageDirectory (RaftStorageDirectory.java:tryLock(328)) - Lock on /workdir/hadoop-ozone/integration-test/target/test-dir/MiniOzoneClusterImpl-d628f2ca-ca44-4a24-a849-6824008ba556/datanode-2/data/ratis/55be24b3-6028-4a3b-ad7d-41083f6567d3/in_use.lock acquired by nodename 9490@pr-hdds-1737-8bn8f-679866343
2019-10-10 09:49:31,041 [pool-383-thread-1] INFO  storage.RaftStorageDirectory (RaftStorageDirectory.java:tryLock(328)) - Lock on /workdir/hadoop-ozone/integration-test/target/test-dir/MiniOzoneClusterImpl-d628f2ca-ca44-4a24-a849-6824008ba556/datanode-0/data/ratis/55be24b3-6028-4a3b-ad7d-41083f6567d3/in_use.lock acquired by nodename 9490@pr-hdds-1737-8bn8f-679866343
2019-10-10 09:49:31,055 [pool-393-thread-1] INFO  storage.RaftStorage (RaftStorage.java:format(84)) - Storage directory /workdir/hadoop-ozone/integration-test/target/test-dir/MiniOzoneClusterImpl-d628f2ca-ca44-4a24-a849-6824008ba556/datanode-1/data/ratis/55be24b3-6028-4a3b-ad7d-41083f6567d3 has been successfully formatted.
2019-10-10 09:49:31,055 [pool-403-thread-1] INFO  storage.RaftStorage (RaftStorage.java:format(84)) - Storage directory /workdir/hadoop-ozone/integration-test/target/test-dir/MiniOzoneClusterImpl-d628f2ca-ca44-4a24-a849-6824008ba556/datanode-2/data/ratis/55be24b3-6028-4a3b-ad7d-41083f6567d3 has been successfully formatted.
2019-10-10 09:49:31,055 [pool-393-thread-1] INFO  ratis.ContainerStateMachine (ContainerStateMachine.java:loadSnapshot(231)) - group-41083F6567D3: The snapshot info is null. Setting the last applied indexto:(t:0, i:~)
2019-10-10 09:49:31,055 [pool-383-thread-1] INFO  storage.RaftStorage (RaftStorage.java:format(84)) - Storage directory /workdir/hadoop-ozone/integration-test/target/test-dir/MiniOzoneClusterImpl-d628f2ca-ca44-4a24-a849-6824008ba556/datanode-0/data/ratis/55be24b3-6028-4a3b-ad7d-41083f6567d3 has been successfully formatted.
2019-10-10 09:49:31,055 [pool-393-thread-1] INFO  server.RaftServerConfigKeys (ConfUtils.java:logGet(43)) - raft.server.notification.no-leader.timeout = 120s (custom)
2019-10-10 09:49:31,055 [pool-403-thread-1] INFO  ratis.ContainerStateMachine (ContainerStateMachine.java:loadSnapshot(231)) - group-41083F6567D3: The snapshot info is null. Setting the last applied indexto:(t:0, i:~)
2019-10-10 09:49:31,055 [pool-393-thread-1] INFO  server.RaftServerConfigKeys (ConfUtils.java:logGet(43)) - raft.server.log.use.memory = false (default)
2019-10-10 09:49:31,055 [pool-383-thread-1] INFO  ratis.ContainerStateMachine (ContainerStateMachine.java:loadSnapshot(231)) - group-41083F6567D3: The snapshot info is null. Setting the last applied indexto:(t:0, i:~)
2019-10-10 09:49:31,056 [pool-393-thread-1] INFO  server.RaftServerConfigKeys (ConfUtils.java:logGet(43)) - raft.server.log.purge.gap = 1000000 (custom)
2019-10-10 09:49:31,056 [pool-403-thread-1] INFO  server.RaftServerConfigKeys (ConfUtils.java:logGet(43)) - raft.server.notification.no-leader.timeout = 120s (custom)
2019-10-10 09:49:31,056 [pool-393-thread-1] INFO  server.RaftServerConfigKeys (ConfUtils.java:logGet(43)) - raft.server.log.appender.buffer.byte-limit = 33554432 (custom)
2019-10-10 09:49:31,056 [pool-383-thread-1] INFO  server.RaftServerConfigKeys (ConfUtils.java:logGet(43)) - raft.server.notification.no-leader.timeout = 120s (custom)
2019-10-10 09:49:31,056 [pool-393-thread-1] INFO  server.RaftServerConfigKeys (ConfUtils.java:logGet(43)) - raft.server.log.segment.size.max = 1048576 (custom)
2019-10-10 09:49:31,056 [pool-403-thread-1] INFO  server.RaftServerConfigKeys (ConfUtils.java:logGet(43)) - raft.server.log.use.memory = false (default)
2019-10-10 09:49:31,057 [pool-393-thread-1] INFO  server.RaftServerConfigKeys (ConfUtils.java:logGet(43)) - raft.server.log.segment.cache.num.max = 2 (custom)
2019-10-10 09:49:31,057 [pool-393-thread-1] INFO  segmented.SegmentedRaftLogWorker (SegmentedRaftLogWorker.java:<init>(173)) - new ba2f7cfc-3c10-4d36-be20-9c5c096da0ba@group-41083F6567D3-SegmentedRaftLogWorker for RaftStorage:Storage Directory /workdir/hadoop-ozone/integration-test/target/test-dir/MiniOzoneClusterImpl-d628f2ca-ca44-4a24-a849-6824008ba556/datanode-1/data/ratis/55be24b3-6028-4a3b-ad7d-41083f6567d3
2019-10-10 09:49:31,056 [pool-383-thread-1] INFO  server.RaftServerConfigKeys (ConfUtils.java:logGet(43)) - raft.server.log.use.memory = false (default)
2019-10-10 09:49:31,057 [pool-393-thread-1] INFO  server.RaftServerConfigKeys (ConfUtils.java:logGet(43)) - raft.server.log.queue.byte-limit = 2147483647 (custom)
2019-10-10 09:49:31,057 [pool-403-thread-1] INFO  server.RaftServerConfigKeys (ConfUtils.java:logGet(43)) - raft.server.log.purge.gap = 1000000 (custom)
2019-10-10 09:49:31,057 [pool-393-thread-1] INFO  server.RaftServerConfigKeys (ConfUtils.java:logGet(43)) - raft.server.log.queue.element-limit = 1024 (custom)
2019-10-10 09:49:31,057 [pool-383-thread-1] INFO  server.RaftServerConfigKeys (ConfUtils.java:logGet(43)) - raft.server.log.purge.gap = 1000000 (custom)
2019-10-10 09:49:31,058 [pool-393-thread-1] INFO  server.RaftServerConfigKeys (ConfUtils.java:logGet(43)) - raft.server.log.segment.size.max = 1048576 (custom)
2019-10-10 09:49:31,057 [pool-403-thread-1] INFO  server.RaftServerConfigKeys (ConfUtils.java:logGet(43)) - raft.server.log.appender.buffer.byte-limit = 33554432 (custom)
2019-10-10 09:49:31,058 [pool-393-thread-1] INFO  server.RaftServerConfigKeys (ConfUtils.java:logGet(43)) - raft.server.log.preallocated.size = 16384 (custom)
2019-10-10 09:49:31,058 [pool-383-thread-1] INFO  server.RaftServerConfigKeys (ConfUtils.java:logGet(43)) - raft.server.log.appender.buffer.byte-limit = 33554432 (custom)
2019-10-10 09:49:31,058 [pool-393-thread-1] INFO  server.RaftServerConfigKeys (ConfUtils.java:logGet(43)) - raft.server.log.write.buffer.size = 33554432 (custom)
2019-10-10 09:49:31,058 [pool-393-thread-1] INFO  server.RaftServerConfigKeys (ConfUtils.java:logGet(43)) - raft.server.log.force.sync.num = 128 (default)
2019-10-10 09:49:31,058 [pool-403-thread-1] INFO  server.RaftServerConfigKeys (ConfUtils.java:logGet(43)) - raft.server.log.segment.size.max = 1048576 (custom)
2019-10-10 09:49:31,059 [pool-393-thread-1] INFO  server.RaftServerConfigKeys (ConfUtils.java:logGet(43)) - raft.server.log.statemachine.data.sync = true (default)
2019-10-10 09:49:31,059 [pool-393-thread-1] INFO  server.RaftServerConfigKeys (ConfUtils.java:logGet(43)) - raft.server.log.statemachine.data.sync.timeout = 10s (default)
2019-10-10 09:49:31,058 [pool-383-thread-1] INFO  server.RaftServerConfigKeys (ConfUtils.java:logGet(43)) - raft.server.log.segment.size.max = 1048576 (custom)
2019-10-10 09:49:31,059 [pool-393-thread-1] INFO  server.RaftServerConfigKeys (ConfUtils.java:logGet(43)) - raft.server.log.statemachine.data.sync.timeout.retry = -1 (default)
2019-10-10 09:49:31,059 [pool-403-thread-1] INFO  server.RaftServerConfigKeys (ConfUtils.java:logGet(43)) - raft.server.log.segment.cache.num.max = 2 (custom)
2019-10-10 09:49:31,060 [pool-393-thread-1] INFO  server.RaftServerConfigKeys (ConfUtils.java:logGet(43)) - raft.server.log.statemachine.data.caching.enabled = true (custom)
2019-10-10 09:49:31,059 [pool-383-thread-1] INFO  server.RaftServerConfigKeys (ConfUtils.java:logGet(43)) - raft.server.log.segment.cache.num.max = 2 (custom)
2019-10-10 09:49:31,060 [pool-393-thread-1] INFO  segmented.SegmentedRaftLogWorker (SegmentedRaftLogWorker.java:lambda$new$0(128)) - ba2f7cfc-3c10-4d36-be20-9c5c096da0ba@group-41083F6567D3-SegmentedRaftLogWorker: flushIndex: setUnconditionally 0 -> -1
2019-10-10 09:49:31,060 [pool-403-thread-1] INFO  segmented.SegmentedRaftLogWorker (SegmentedRaftLogWorker.java:<init>(173)) - new 5771ad15-5c02-4f57-a269-c9edde6394ba@group-41083F6567D3-SegmentedRaftLogWorker for RaftStorage:Storage Directory /workdir/hadoop-ozone/integration-test/target/test-dir/MiniOzoneClusterImpl-d628f2ca-ca44-4a24-a849-6824008ba556/datanode-2/data/ratis/55be24b3-6028-4a3b-ad7d-41083f6567d3
2019-10-10 09:49:31,060 [pool-393-thread-1] INFO  server.RaftServerConfigKeys (ConfUtils.java:logGet(43)) - raft.server.snapshot.auto.trigger.enabled = true (custom)
2019-10-10 09:49:31,060 [pool-383-thread-1] INFO  segmented.SegmentedRaftLogWorker (SegmentedRaftLogWorker.java:<init>(173)) - new a67970e8-8425-43f5-a21e-c7ba505a3499@group-41083F6567D3-SegmentedRaftLogWorker for RaftStorage:Storage Directory /workdir/hadoop-ozone/integration-test/target/test-dir/MiniOzoneClusterImpl-d628f2ca-ca44-4a24-a849-6824008ba556/datanode-0/data/ratis/55be24b3-6028-4a3b-ad7d-41083f6567d3
2019-10-10 09:49:31,060 [pool-393-thread-1] INFO  server.RaftServerConfigKeys (ConfUtils.java:logGet(43)) - raft.server.snapshot.auto.trigger.threshold = 10000 (custom)
2019-10-10 09:49:31,060 [pool-403-thread-1] INFO  server.RaftServerConfigKeys (ConfUtils.java:logGet(43)) - raft.server.log.queue.byte-limit = 2147483647 (custom)
2019-10-10 09:49:31,061 [pool-393-thread-1] INFO  server.RaftServerConfigKeys (ConfUtils.java:logGet(43)) - raft.server.snapshot.retention.file.num = 5 (custom)
2019-10-10 09:49:31,060 [pool-383-thread-1] INFO  server.RaftServerConfigKeys (ConfUtils.java:logGet(43)) - raft.server.log.queue.byte-limit = 2147483647 (custom)
2019-10-10 09:49:31,061 [pool-393-thread-1] INFO  server.RaftServerConfigKeys (ConfUtils.java:logGet(43)) - raft.server.retrycache.expirytime = 600000ms (custom)
2019-10-10 09:49:31,061 [pool-403-thread-1] INFO  server.RaftServerConfigKeys (ConfUtils.java:logGet(43)) - raft.server.log.queue.element-limit = 1024 (custom)
2019-10-10 09:49:31,061 [pool-383-thread-1] INFO  server.RaftServerConfigKeys (ConfUtils.java:logGet(43)) - raft.server.log.queue.element-limit = 1024 (custom)
2019-10-10 09:49:31,061 [pool-403-thread-1] INFO  server.RaftServerConfigKeys (ConfUtils.java:logGet(43)) - raft.server.log.segment.size.max = 1048576 (custom)
2019-10-10 09:49:31,061 [pool-383-thread-1] INFO  server.RaftServerConfigKeys (ConfUtils.java:logGet(43)) - raft.server.log.segment.size.max = 1048576 (custom)
2019-10-10 09:49:31,061 [pool-403-thread-1] INFO  server.RaftServerConfigKeys (ConfUtils.java:logGet(43)) - raft.server.log.preallocated.size = 16384 (custom)
2019-10-10 09:49:31,062 [pool-383-thread-1] INFO  server.RaftServerConfigKeys (ConfUtils.java:logGet(43)) - raft.server.log.preallocated.size = 16384 (custom)
2019-10-10 09:49:31,062 [pool-403-thread-1] INFO  server.RaftServerConfigKeys (ConfUtils.java:logGet(43)) - raft.server.log.write.buffer.size = 33554432 (custom)
2019-10-10 09:49:31,062 [pool-383-thread-1] INFO  server.RaftServerConfigKeys (ConfUtils.java:logGet(43)) - raft.server.log.write.buffer.size = 33554432 (custom)
2019-10-10 09:49:31,062 [pool-403-thread-1] INFO  server.RaftServerConfigKeys (ConfUtils.java:logGet(43)) - raft.server.log.force.sync.num = 128 (default)
2019-10-10 09:49:31,062 [pool-383-thread-1] INFO  server.RaftServerConfigKeys (ConfUtils.java:logGet(43)) - raft.server.log.force.sync.num = 128 (default)
2019-10-10 09:49:31,062 [pool-403-thread-1] INFO  server.RaftServerConfigKeys (ConfUtils.java:logGet(43)) - raft.server.log.statemachine.data.sync = true (default)
2019-10-10 09:49:31,062 [pool-393-thread-1] INFO  impl.RaftServerImpl (RaftServerImpl.java:start(181)) - ba2f7cfc-3c10-4d36-be20-9c5c096da0ba@group-41083F6567D3: start as a follower, conf=-1: [5771ad15-5c02-4f57-a269-c9edde6394ba:192.168.30.10:39027, ba2f7cfc-3c10-4d36-be20-9c5c096da0ba:192.168.30.10:34055, a67970e8-8425-43f5-a21e-c7ba505a3499:192.168.30.10:42537], old=null
2019-10-10 09:49:31,062 [pool-383-thread-1] INFO  server.RaftServerConfigKeys (ConfUtils.java:logGet(43)) - raft.server.log.statemachine.data.sync = true (default)
2019-10-10 09:49:31,063 [pool-393-thread-1] INFO  impl.RaftServerImpl (RaftServerImpl.java:setRole(170)) - ba2f7cfc-3c10-4d36-be20-9c5c096da0ba@group-41083F6567D3: changes role from      null to FOLLOWER at term 0 for startAsFollower
2019-10-10 09:49:31,062 [pool-403-thread-1] INFO  server.RaftServerConfigKeys (ConfUtils.java:logGet(43)) - raft.server.log.statemachine.data.sync.timeout = 10s (default)
2019-10-10 09:49:31,063 [pool-393-thread-1] INFO  impl.RoleInfo (RoleInfo.java:updateAndGet(143)) - ba2f7cfc-3c10-4d36-be20-9c5c096da0ba: start FollowerState
2019-10-10 09:49:31,063 [pool-383-thread-1] INFO  server.RaftServerConfigKeys (ConfUtils.java:logGet(43)) - raft.server.log.statemachine.data.sync.timeout = 10s (default)
2019-10-10 09:49:31,063 [pool-403-thread-1] INFO  server.RaftServerConfigKeys (ConfUtils.java:logGet(43)) - raft.server.log.statemachine.data.sync.timeout.retry = -1 (default)
2019-10-10 09:49:31,063 [pool-393-thread-1] INFO  util.JmxRegister (JmxRegister.java:tryRegister(44)) - Successfully registered JMX Bean with object name Ratis:service=RaftServer,group=group-41083F6567D3,id=ba2f7cfc-3c10-4d36-be20-9c5c096da0ba
2019-10-10 09:49:31,063 [pool-383-thread-1] INFO  server.RaftServerConfigKeys (ConfUtils.java:logGet(43)) - raft.server.log.statemachine.data.sync.timeout.retry = -1 (default)
2019-10-10 09:49:31,063 [pool-403-thread-1] INFO  server.RaftServerConfigKeys (ConfUtils.java:logGet(43)) - raft.server.log.statemachine.data.caching.enabled = true (custom)
2019-10-10 09:49:31,064 [pool-383-thread-1] INFO  server.RaftServerConfigKeys (ConfUtils.java:logGet(43)) - raft.server.log.statemachine.data.caching.enabled = true (custom)
2019-10-10 09:49:31,064 [pool-403-thread-1] INFO  segmented.SegmentedRaftLogWorker (SegmentedRaftLogWorker.java:lambda$new$0(128)) - 5771ad15-5c02-4f57-a269-c9edde6394ba@group-41083F6567D3-SegmentedRaftLogWorker: flushIndex: setUnconditionally 0 -> -1
2019-10-10 09:49:31,064 [pool-383-thread-1] INFO  segmented.SegmentedRaftLogWorker (SegmentedRaftLogWorker.java:lambda$new$0(128)) - a67970e8-8425-43f5-a21e-c7ba505a3499@group-41083F6567D3-SegmentedRaftLogWorker: flushIndex: setUnconditionally 0 -> -1
2019-10-10 09:49:31,064 [pool-403-thread-1] INFO  server.RaftServerConfigKeys (ConfUtils.java:logGet(43)) - raft.server.snapshot.auto.trigger.enabled = true (custom)
2019-10-10 09:49:31,064 [pool-383-thread-1] INFO  server.RaftServerConfigKeys (ConfUtils.java:logGet(43)) - raft.server.snapshot.auto.trigger.enabled = true (custom)
2019-10-10 09:49:31,064 [pool-403-thread-1] INFO  server.RaftServerConfigKeys (ConfUtils.java:logGet(43)) - raft.server.snapshot.auto.trigger.threshold = 10000 (custom)
2019-10-10 09:49:31,064 [pool-383-thread-1] INFO  server.RaftServerConfigKeys (ConfUtils.java:logGet(43)) - raft.server.snapshot.auto.trigger.threshold = 10000 (custom)
2019-10-10 09:49:31,065 [pool-403-thread-1] INFO  server.RaftServerConfigKeys (ConfUtils.java:logGet(43)) - raft.server.snapshot.retention.file.num = 5 (custom)
2019-10-10 09:49:31,065 [pool-383-thread-1] INFO  server.RaftServerConfigKeys (ConfUtils.java:logGet(43)) - raft.server.snapshot.retention.file.num = 5 (custom)
2019-10-10 09:49:31,065 [pool-403-thread-1] INFO  server.RaftServerConfigKeys (ConfUtils.java:logGet(43)) - raft.server.retrycache.expirytime = 600000ms (custom)
2019-10-10 09:49:31,065 [pool-383-thread-1] INFO  server.RaftServerConfigKeys (ConfUtils.java:logGet(43)) - raft.server.retrycache.expirytime = 600000ms (custom)
2019-10-10 09:49:31,067 [pool-383-thread-1] INFO  impl.RaftServerImpl (RaftServerImpl.java:start(181)) - a67970e8-8425-43f5-a21e-c7ba505a3499@group-41083F6567D3: start as a follower, conf=-1: [5771ad15-5c02-4f57-a269-c9edde6394ba:192.168.30.10:39027, ba2f7cfc-3c10-4d36-be20-9c5c096da0ba:192.168.30.10:34055, a67970e8-8425-43f5-a21e-c7ba505a3499:192.168.30.10:42537], old=null
2019-10-10 09:49:31,067 [pool-403-thread-1] INFO  impl.RaftServerImpl (RaftServerImpl.java:start(181)) - 5771ad15-5c02-4f57-a269-c9edde6394ba@group-41083F6567D3: start as a follower, conf=-1: [5771ad15-5c02-4f57-a269-c9edde6394ba:192.168.30.10:39027, ba2f7cfc-3c10-4d36-be20-9c5c096da0ba:192.168.30.10:34055, a67970e8-8425-43f5-a21e-c7ba505a3499:192.168.30.10:42537], old=null
2019-10-10 09:49:31,068 [pool-383-thread-1] INFO  impl.RaftServerImpl (RaftServerImpl.java:setRole(170)) - a67970e8-8425-43f5-a21e-c7ba505a3499@group-41083F6567D3: changes role from      null to FOLLOWER at term 0 for startAsFollower
2019-10-10 09:49:31,068 [pool-403-thread-1] INFO  impl.RaftServerImpl (RaftServerImpl.java:setRole(170)) - 5771ad15-5c02-4f57-a269-c9edde6394ba@group-41083F6567D3: changes role from      null to FOLLOWER at term 0 for startAsFollower
2019-10-10 09:49:31,068 [pool-383-thread-1] INFO  impl.RoleInfo (RoleInfo.java:updateAndGet(143)) - a67970e8-8425-43f5-a21e-c7ba505a3499: start FollowerState
2019-10-10 09:49:31,068 [pool-403-thread-1] INFO  impl.RoleInfo (RoleInfo.java:updateAndGet(143)) - 5771ad15-5c02-4f57-a269-c9edde6394ba: start FollowerState
2019-10-10 09:49:31,068 [pool-383-thread-1] INFO  util.JmxRegister (JmxRegister.java:tryRegister(44)) - Successfully registered JMX Bean with object name Ratis:service=RaftServer,group=group-41083F6567D3,id=a67970e8-8425-43f5-a21e-c7ba505a3499
2019-10-10 09:49:31,068 [pool-403-thread-1] INFO  util.JmxRegister (JmxRegister.java:tryRegister(44)) - Successfully registered JMX Bean with object name Ratis:service=RaftServer,group=group-41083F6567D3,id=5771ad15-5c02-4f57-a269-c9edde6394ba
2019-10-10 09:49:31,072 [RatisPipelineUtilsThread] INFO  pipeline.PipelineStateManager (PipelineStateManager.java:addPipeline(56)) - Created pipeline Pipeline[ Id: 55be24b3-6028-4a3b-ad7d-41083f6567d3, Nodes: a67970e8-8425-43f5-a21e-c7ba505a3499{ip: 192.168.30.10, host: pr-hdds-1737-8bn8f-679866343, networkLocation: /default-rack, certSerialId: null}5771ad15-5c02-4f57-a269-c9edde6394ba{ip: 192.168.30.10, host: pr-hdds-1737-8bn8f-679866343, networkLocation: /default-rack, certSerialId: null}ba2f7cfc-3c10-4d36-be20-9c5c096da0ba{ip: 192.168.30.10, host: pr-hdds-1737-8bn8f-679866343, networkLocation: /default-rack, certSerialId: null}, Type:RATIS, Factor:THREE, State:OPEN]
2019-10-10 09:49:31,127 [IPC Server handler 6 on 37031] INFO  net.NetworkTopology (NetworkTopologyImpl.java:add(111)) - Added a new node: /default-rack/0e03d9c1-b0a5-4eac-8020-17b1644a8f75
2019-10-10 09:49:31,127 [IPC Server handler 6 on 37031] INFO  node.SCMNodeManager (SCMNodeManager.java:register(268)) - Registered Data node : 0e03d9c1-b0a5-4eac-8020-17b1644a8f75{ip: 192.168.30.10, host: pr-hdds-1737-8bn8f-679866343, networkLocation: /default-rack, certSerialId: null}
2019-10-10 09:49:31,141 [grpc-default-executor-9] INFO  impl.RaftServerProxy (RaftServerProxy.java:addNew(89)) - 0e03d9c1-b0a5-4eac-8020-17b1644a8f75: addNew group-A64E0D67266D:[0e03d9c1-b0a5-4eac-8020-17b1644a8f75:192.168.30.10:41797] returns group-A64E0D67266D:java.util.concurrent.CompletableFuture@75acba72[Not completed]
2019-10-10 09:49:31,145 [pool-423-thread-1] INFO  impl.RaftServerImpl (RaftServerImpl.java:<init>(95)) - 0e03d9c1-b0a5-4eac-8020-17b1644a8f75: new RaftServerImpl for group-A64E0D67266D:[0e03d9c1-b0a5-4eac-8020-17b1644a8f75:192.168.30.10:41797] with ContainerStateMachine:uninitialized
2019-10-10 09:49:31,145 [pool-423-thread-1] INFO  server.RaftServerConfigKeys (ConfUtils.java:logGet(43)) - raft.server.rpc.timeout.min = 5s (custom)
2019-10-10 09:49:31,145 [pool-423-thread-1] INFO  server.RaftServerConfigKeys (ConfUtils.java:logGet(43)) - raft.server.rpc.timeout.max = 5200ms (custom)
2019-10-10 09:49:31,145 [pool-423-thread-1] INFO  server.RaftServerConfigKeys (ConfUtils.java:logGet(43)) - raft.server.rpcslowness.timeout = 120s (custom)
2019-10-10 09:49:31,145 [pool-423-thread-1] INFO  server.RaftServerConfigKeys (ConfUtils.java:logGet(43)) - raft.server.sleep.deviation.threshold = 300 (default)
2019-10-10 09:49:31,145 [pool-423-thread-1] INFO  server.RaftServerConfigKeys (ConfUtils.java:logGet(43)) - raft.server.log.appender.install.snapshot.enabled = false (custom)
2019-10-10 09:49:31,146 [pool-423-thread-1] INFO  impl.RaftServerImpl (ServerState.java:<init>(103)) - 0e03d9c1-b0a5-4eac-8020-17b1644a8f75@group-A64E0D67266D: ConfigurationManager, init=-1: [0e03d9c1-b0a5-4eac-8020-17b1644a8f75:192.168.30.10:41797], old=null, confs=<EMPTY_MAP>
2019-10-10 09:49:31,146 [pool-423-thread-1] INFO  server.RaftServerConfigKeys (ConfUtils.java:logGet(43)) - raft.server.storage.dir = [/workdir/hadoop-ozone/integration-test/target/test-dir/MiniOzoneClusterImpl-d628f2ca-ca44-4a24-a849-6824008ba556/datanode-4/data/ratis] (custom)
2019-10-10 09:49:31,146 [pool-423-thread-1] INFO  server.RaftServerConfigKeys (ConfUtils.java:logGet(43)) - raft.server.log.corruption.policy = EXCEPTION (default)
2019-10-10 09:49:31,146 [pool-423-thread-1] INFO  storage.RaftStorageDirectory (RaftStorageDirectory.java:analyzeStorage(246)) - The storage directory /workdir/hadoop-ozone/integration-test/target/test-dir/MiniOzoneClusterImpl-d628f2ca-ca44-4a24-a849-6824008ba556/datanode-4/data/ratis/9d26abfe-04a5-48e5-86ba-a64e0d67266d does not exist. Creating ...
2019-10-10 09:49:31,160 [pool-423-thread-1] INFO  storage.RaftStorageDirectory (RaftStorageDirectory.java:tryLock(328)) - Lock on /workdir/hadoop-ozone/integration-test/target/test-dir/MiniOzoneClusterImpl-d628f2ca-ca44-4a24-a849-6824008ba556/datanode-4/data/ratis/9d26abfe-04a5-48e5-86ba-a64e0d67266d/in_use.lock acquired by nodename 9490@pr-hdds-1737-8bn8f-679866343
2019-10-10 09:49:31,172 [pool-423-thread-1] INFO  storage.RaftStorage (RaftStorage.java:format(84)) - Storage directory /workdir/hadoop-ozone/integration-test/target/test-dir/MiniOzoneClusterImpl-d628f2ca-ca44-4a24-a849-6824008ba556/datanode-4/data/ratis/9d26abfe-04a5-48e5-86ba-a64e0d67266d has been successfully formatted.
2019-10-10 09:49:31,173 [pool-423-thread-1] INFO  ratis.ContainerStateMachine (ContainerStateMachine.java:loadSnapshot(231)) - group-A64E0D67266D: The snapshot info is null. Setting the last applied indexto:(t:0, i:~)
2019-10-10 09:49:31,173 [pool-423-thread-1] INFO  server.RaftServerConfigKeys (ConfUtils.java:logGet(43)) - raft.server.notification.no-leader.timeout = 120s (custom)
2019-10-10 09:49:31,173 [pool-423-thread-1] INFO  server.RaftServerConfigKeys (ConfUtils.java:logGet(43)) - raft.server.log.use.memory = false (default)
2019-10-10 09:49:31,173 [pool-423-thread-1] INFO  server.RaftServerConfigKeys (ConfUtils.java:logGet(43)) - raft.server.log.purge.gap = 1000000 (custom)
2019-10-10 09:49:31,173 [pool-423-thread-1] INFO  server.RaftServerConfigKeys (ConfUtils.java:logGet(43)) - raft.server.log.appender.buffer.byte-limit = 33554432 (custom)
2019-10-10 09:49:31,173 [pool-423-thread-1] INFO  server.RaftServerConfigKeys (ConfUtils.java:logGet(43)) - raft.server.log.segment.size.max = 1048576 (custom)
2019-10-10 09:49:31,175 [pool-423-thread-1] INFO  server.RaftServerConfigKeys (ConfUtils.java:logGet(43)) - raft.server.log.segment.cache.num.max = 2 (custom)
2019-10-10 09:49:31,175 [pool-423-thread-1] INFO  segmented.SegmentedRaftLogWorker (SegmentedRaftLogWorker.java:<init>(173)) - new 0e03d9c1-b0a5-4eac-8020-17b1644a8f75@group-A64E0D67266D-SegmentedRaftLogWorker for RaftStorage:Storage Directory /workdir/hadoop-ozone/integration-test/target/test-dir/MiniOzoneClusterImpl-d628f2ca-ca44-4a24-a849-6824008ba556/datanode-4/data/ratis/9d26abfe-04a5-48e5-86ba-a64e0d67266d
2019-10-10 09:49:31,175 [pool-423-thread-1] INFO  server.RaftServerConfigKeys (ConfUtils.java:logGet(43)) - raft.server.log.queue.byte-limit = 2147483647 (custom)
2019-10-10 09:49:31,175 [pool-423-thread-1] INFO  server.RaftServerConfigKeys (ConfUtils.java:logGet(43)) - raft.server.log.queue.element-limit = 1024 (custom)
2019-10-10 09:49:31,176 [pool-423-thread-1] INFO  server.RaftServerConfigKeys (ConfUtils.java:logGet(43)) - raft.server.log.segment.size.max = 1048576 (custom)
2019-10-10 09:49:31,176 [pool-423-thread-1] INFO  server.RaftServerConfigKeys (ConfUtils.java:logGet(43)) - raft.server.log.preallocated.size = 16384 (custom)
2019-10-10 09:49:31,176 [pool-423-thread-1] INFO  server.RaftServerConfigKeys (ConfUtils.java:logGet(43)) - raft.server.log.write.buffer.size = 33554432 (custom)
2019-10-10 09:49:31,176 [pool-423-thread-1] INFO  server.RaftServerConfigKeys (ConfUtils.java:logGet(43)) - raft.server.log.force.sync.num = 128 (default)
2019-10-10 09:49:31,176 [pool-423-thread-1] INFO  server.RaftServerConfigKeys (ConfUtils.java:logGet(43)) - raft.server.log.statemachine.data.sync = true (default)
2019-10-10 09:49:31,176 [pool-423-thread-1] INFO  server.RaftServerConfigKeys (ConfUtils.java:logGet(43)) - raft.server.log.statemachine.data.sync.timeout = 10s (default)
2019-10-10 09:49:31,176 [pool-423-thread-1] INFO  server.RaftServerConfigKeys (ConfUtils.java:logGet(43)) - raft.server.log.statemachine.data.sync.timeout.retry = -1 (default)
2019-10-10 09:49:31,177 [pool-423-thread-1] INFO  server.RaftServerConfigKeys (ConfUtils.java:logGet(43)) - raft.server.log.statemachine.data.caching.enabled = true (custom)
2019-10-10 09:49:31,177 [pool-423-thread-1] INFO  segmented.SegmentedRaftLogWorker (SegmentedRaftLogWorker.java:lambda$new$0(128)) - 0e03d9c1-b0a5-4eac-8020-17b1644a8f75@group-A64E0D67266D-SegmentedRaftLogWorker: flushIndex: setUnconditionally 0 -> -1
2019-10-10 09:49:31,177 [pool-423-thread-1] INFO  server.RaftServerConfigKeys (ConfUtils.java:logGet(43)) - raft.server.snapshot.auto.trigger.enabled = true (custom)
2019-10-10 09:49:31,177 [pool-423-thread-1] INFO  server.RaftServerConfigKeys (ConfUtils.java:logGet(43)) - raft.server.snapshot.auto.trigger.threshold = 10000 (custom)
2019-10-10 09:49:31,177 [pool-423-thread-1] INFO  server.RaftServerConfigKeys (ConfUtils.java:logGet(43)) - raft.server.snapshot.retention.file.num = 5 (custom)
2019-10-10 09:49:31,178 [pool-423-thread-1] INFO  server.RaftServerConfigKeys (ConfUtils.java:logGet(43)) - raft.server.retrycache.expirytime = 600000ms (custom)
2019-10-10 09:49:31,179 [pool-423-thread-1] INFO  impl.RaftServerImpl (RaftServerImpl.java:start(181)) - 0e03d9c1-b0a5-4eac-8020-17b1644a8f75@group-A64E0D67266D: start as a follower, conf=-1: [0e03d9c1-b0a5-4eac-8020-17b1644a8f75:192.168.30.10:41797], old=null
2019-10-10 09:49:31,179 [pool-423-thread-1] INFO  impl.RaftServerImpl (RaftServerImpl.java:setRole(170)) - 0e03d9c1-b0a5-4eac-8020-17b1644a8f75@group-A64E0D67266D: changes role from      null to FOLLOWER at term 0 for startAsFollower
2019-10-10 09:49:31,180 [pool-423-thread-1] INFO  impl.RoleInfo (RoleInfo.java:updateAndGet(143)) - 0e03d9c1-b0a5-4eac-8020-17b1644a8f75: start FollowerState
2019-10-10 09:49:31,180 [pool-423-thread-1] INFO  util.JmxRegister (JmxRegister.java:tryRegister(44)) - Successfully registered JMX Bean with object name Ratis:service=RaftServer,group=group-A64E0D67266D,id=0e03d9c1-b0a5-4eac-8020-17b1644a8f75
2019-10-10 09:49:31,183 [RatisPipelineUtilsThread] INFO  pipeline.PipelineStateManager (PipelineStateManager.java:addPipeline(56)) - Created pipeline Pipeline[ Id: 9d26abfe-04a5-48e5-86ba-a64e0d67266d, Nodes: 0e03d9c1-b0a5-4eac-8020-17b1644a8f75{ip: 192.168.30.10, host: pr-hdds-1737-8bn8f-679866343, networkLocation: /default-rack, certSerialId: null}, Type:RATIS, Factor:ONE, State:OPEN]
2019-10-10 09:49:31,194 [grpc-default-executor-9] INFO  impl.RaftServerProxy (RaftServerProxy.java:addNew(89)) - dc7da519-a43e-47f8-96f6-d94a5aa023a9: addNew group-68BF4B1619D6:[dc7da519-a43e-47f8-96f6-d94a5aa023a9:192.168.30.10:34383] returns group-68BF4B1619D6:java.util.concurrent.CompletableFuture@20cbd82b[Not completed]
2019-10-10 09:49:31,195 [IPC Server handler 1 on 37031] INFO  net.NetworkTopology (NetworkTopologyImpl.java:add(111)) - Added a new node: /default-rack/2261b771-ff64-427b-9b56-35f4853894b8
2019-10-10 09:49:31,195 [IPC Server handler 1 on 37031] INFO  node.SCMNodeManager (SCMNodeManager.java:register(268)) - Registered Data node : 2261b771-ff64-427b-9b56-35f4853894b8{ip: 192.168.30.10, host: pr-hdds-1737-8bn8f-679866343, networkLocation: /default-rack, certSerialId: null}
2019-10-10 09:49:31,195 [pool-413-thread-1] INFO  impl.RaftServerImpl (RaftServerImpl.java:<init>(95)) - dc7da519-a43e-47f8-96f6-d94a5aa023a9: new RaftServerImpl for group-68BF4B1619D6:[dc7da519-a43e-47f8-96f6-d94a5aa023a9:192.168.30.10:34383] with ContainerStateMachine:uninitialized
2019-10-10 09:49:31,196 [pool-413-thread-1] INFO  server.RaftServerConfigKeys (ConfUtils.java:logGet(43)) - raft.server.rpc.timeout.min = 5s (custom)
2019-10-10 09:49:31,196 [pool-413-thread-1] INFO  server.RaftServerConfigKeys (ConfUtils.java:logGet(43)) - raft.server.rpc.timeout.max = 5200ms (custom)
2019-10-10 09:49:31,196 [pool-413-thread-1] INFO  server.RaftServerConfigKeys (ConfUtils.java:logGet(43)) - raft.server.rpcslowness.timeout = 120s (custom)
2019-10-10 09:49:31,196 [pool-413-thread-1] INFO  server.RaftServerConfigKeys (ConfUtils.java:logGet(43)) - raft.server.sleep.deviation.threshold = 300 (default)
2019-10-10 09:49:31,196 [pool-413-thread-1] INFO  server.RaftServerConfigKeys (ConfUtils.java:logGet(43)) - raft.server.log.appender.install.snapshot.enabled = false (custom)
2019-10-10 09:49:31,196 [pool-413-thread-1] INFO  impl.RaftServerImpl (ServerState.java:<init>(103)) - dc7da519-a43e-47f8-96f6-d94a5aa023a9@group-68BF4B1619D6: ConfigurationManager, init=-1: [dc7da519-a43e-47f8-96f6-d94a5aa023a9:192.168.30.10:34383], old=null, confs=<EMPTY_MAP>
2019-10-10 09:49:31,196 [pool-413-thread-1] INFO  server.RaftServerConfigKeys (ConfUtils.java:logGet(43)) - raft.server.storage.dir = [/workdir/hadoop-ozone/integration-test/target/test-dir/MiniOzoneClusterImpl-d628f2ca-ca44-4a24-a849-6824008ba556/datanode-3/data/ratis] (custom)
2019-10-10 09:49:31,197 [pool-413-thread-1] INFO  server.RaftServerConfigKeys (ConfUtils.java:logGet(43)) - raft.server.log.corruption.policy = EXCEPTION (default)
2019-10-10 09:49:31,197 [pool-413-thread-1] INFO  storage.RaftStorageDirectory (RaftStorageDirectory.java:analyzeStorage(246)) - The storage directory /workdir/hadoop-ozone/integration-test/target/test-dir/MiniOzoneClusterImpl-d628f2ca-ca44-4a24-a849-6824008ba556/datanode-3/data/ratis/7157163e-3946-4a66-9112-68bf4b1619d6 does not exist. Creating ...
2019-10-10 09:49:31,209 [pool-413-thread-1] INFO  storage.RaftStorageDirectory (RaftStorageDirectory.java:tryLock(328)) - Lock on /workdir/hadoop-ozone/integration-test/target/test-dir/MiniOzoneClusterImpl-d628f2ca-ca44-4a24-a849-6824008ba556/datanode-3/data/ratis/7157163e-3946-4a66-9112-68bf4b1619d6/in_use.lock acquired by nodename 9490@pr-hdds-1737-8bn8f-679866343
2019-10-10 09:49:31,221 [pool-413-thread-1] INFO  storage.RaftStorage (RaftStorage.java:format(84)) - Storage directory /workdir/hadoop-ozone/integration-test/target/test-dir/MiniOzoneClusterImpl-d628f2ca-ca44-4a24-a849-6824008ba556/datanode-3/data/ratis/7157163e-3946-4a66-9112-68bf4b1619d6 has been successfully formatted.
2019-10-10 09:49:31,222 [pool-413-thread-1] INFO  ratis.ContainerStateMachine (ContainerStateMachine.java:loadSnapshot(231)) - group-68BF4B1619D6: The snapshot info is null. Setting the last applied indexto:(t:0, i:~)
2019-10-10 09:49:31,222 [pool-413-thread-1] INFO  server.RaftServerConfigKeys (ConfUtils.java:logGet(43)) - raft.server.notification.no-leader.timeout = 120s (custom)
2019-10-10 09:49:31,222 [pool-413-thread-1] INFO  server.RaftServerConfigKeys (ConfUtils.java:logGet(43)) - raft.server.log.use.memory = false (default)
2019-10-10 09:49:31,222 [pool-413-thread-1] INFO  server.RaftServerConfigKeys (ConfUtils.java:logGet(43)) - raft.server.log.purge.gap = 1000000 (custom)
2019-10-10 09:49:31,222 [pool-413-thread-1] INFO  server.RaftServerConfigKeys (ConfUtils.java:logGet(43)) - raft.server.log.appender.buffer.byte-limit = 33554432 (custom)
2019-10-10 09:49:31,222 [pool-413-thread-1] INFO  server.RaftServerConfigKeys (ConfUtils.java:logGet(43)) - raft.server.log.segment.size.max = 1048576 (custom)
2019-10-10 09:49:31,223 [pool-413-thread-1] INFO  server.RaftServerConfigKeys (ConfUtils.java:logGet(43)) - raft.server.log.segment.cache.num.max = 2 (custom)
2019-10-10 09:49:31,223 [pool-413-thread-1] INFO  segmented.SegmentedRaftLogWorker (SegmentedRaftLogWorker.java:<init>(173)) - new dc7da519-a43e-47f8-96f6-d94a5aa023a9@group-68BF4B1619D6-SegmentedRaftLogWorker for RaftStorage:Storage Directory /workdir/hadoop-ozone/integration-test/target/test-dir/MiniOzoneClusterImpl-d628f2ca-ca44-4a24-a849-6824008ba556/datanode-3/data/ratis/7157163e-3946-4a66-9112-68bf4b1619d6
2019-10-10 09:49:31,224 [pool-413-thread-1] INFO  server.RaftServerConfigKeys (ConfUtils.java:logGet(43)) - raft.server.log.queue.byte-limit = 2147483647 (custom)
2019-10-10 09:49:31,224 [pool-413-thread-1] INFO  server.RaftServerConfigKeys (ConfUtils.java:logGet(43)) - raft.server.log.queue.element-limit = 1024 (custom)
2019-10-10 09:49:31,224 [pool-413-thread-1] INFO  server.RaftServerConfigKeys (ConfUtils.java:logGet(43)) - raft.server.log.segment.size.max = 1048576 (custom)
2019-10-10 09:49:31,224 [pool-413-thread-1] INFO  server.RaftServerConfigKeys (ConfUtils.java:logGet(43)) - raft.server.log.preallocated.size = 16384 (custom)
2019-10-10 09:49:31,224 [pool-413-thread-1] INFO  server.RaftServerConfigKeys (ConfUtils.java:logGet(43)) - raft.server.log.write.buffer.size = 33554432 (custom)
2019-10-10 09:49:31,224 [pool-413-thread-1] INFO  server.RaftServerConfigKeys (ConfUtils.java:logGet(43)) - raft.server.log.force.sync.num = 128 (default)
2019-10-10 09:49:31,224 [pool-413-thread-1] INFO  server.RaftServerConfigKeys (ConfUtils.java:logGet(43)) - raft.server.log.statemachine.data.sync = true (default)
2019-10-10 09:49:31,224 [pool-413-thread-1] INFO  server.RaftServerConfigKeys (ConfUtils.java:logGet(43)) - raft.server.log.statemachine.data.sync.timeout = 10s (default)
2019-10-10 09:49:31,224 [pool-413-thread-1] INFO  server.RaftServerConfigKeys (ConfUtils.java:logGet(43)) - raft.server.log.statemachine.data.sync.timeout.retry = -1 (default)
2019-10-10 09:49:31,225 [pool-413-thread-1] INFO  server.RaftServerConfigKeys (ConfUtils.java:logGet(43)) - raft.server.log.statemachine.data.caching.enabled = true (custom)
2019-10-10 09:49:31,225 [pool-413-thread-1] INFO  segmented.SegmentedRaftLogWorker (SegmentedRaftLogWorker.java:lambda$new$0(128)) - dc7da519-a43e-47f8-96f6-d94a5aa023a9@group-68BF4B1619D6-SegmentedRaftLogWorker: flushIndex: setUnconditionally 0 -> -1
2019-10-10 09:49:31,225 [pool-413-thread-1] INFO  server.RaftServerConfigKeys (ConfUtils.java:logGet(43)) - raft.server.snapshot.auto.trigger.enabled = true (custom)
2019-10-10 09:49:31,225 [pool-413-thread-1] INFO  server.RaftServerConfigKeys (ConfUtils.java:logGet(43)) - raft.server.snapshot.auto.trigger.threshold = 10000 (custom)
2019-10-10 09:49:31,225 [pool-413-thread-1] INFO  server.RaftServerConfigKeys (ConfUtils.java:logGet(43)) - raft.server.snapshot.retention.file.num = 5 (custom)
2019-10-10 09:49:31,225 [pool-413-thread-1] INFO  server.RaftServerConfigKeys (ConfUtils.java:logGet(43)) - raft.server.retrycache.expirytime = 600000ms (custom)
2019-10-10 09:49:31,226 [pool-413-thread-1] INFO  impl.RaftServerImpl (RaftServerImpl.java:start(181)) - dc7da519-a43e-47f8-96f6-d94a5aa023a9@group-68BF4B1619D6: start as a follower, conf=-1: [dc7da519-a43e-47f8-96f6-d94a5aa023a9:192.168.30.10:34383], old=null
2019-10-10 09:49:31,227 [pool-413-thread-1] INFO  impl.RaftServerImpl (RaftServerImpl.java:setRole(170)) - dc7da519-a43e-47f8-96f6-d94a5aa023a9@group-68BF4B1619D6: changes role from      null to FOLLOWER at term 0 for startAsFollower
2019-10-10 09:49:31,227 [pool-413-thread-1] INFO  impl.RoleInfo (RoleInfo.java:updateAndGet(143)) - dc7da519-a43e-47f8-96f6-d94a5aa023a9: start FollowerState
2019-10-10 09:49:31,227 [pool-413-thread-1] INFO  util.JmxRegister (JmxRegister.java:tryRegister(44)) - Successfully registered JMX Bean with object name Ratis:service=RaftServer,group=group-68BF4B1619D6,id=dc7da519-a43e-47f8-96f6-d94a5aa023a9
2019-10-10 09:49:31,230 [RatisPipelineUtilsThread] INFO  pipeline.PipelineStateManager (PipelineStateManager.java:addPipeline(56)) - Created pipeline Pipeline[ Id: 7157163e-3946-4a66-9112-68bf4b1619d6, Nodes: dc7da519-a43e-47f8-96f6-d94a5aa023a9{ip: 192.168.30.10, host: pr-hdds-1737-8bn8f-679866343, networkLocation: /default-rack, certSerialId: null}, Type:RATIS, Factor:ONE, State:OPEN]
2019-10-10 09:49:31,241 [grpc-default-executor-9] INFO  impl.RaftServerProxy (RaftServerProxy.java:addNew(89)) - 2261b771-ff64-427b-9b56-35f4853894b8: addNew group-41CD70EA3242:[2261b771-ff64-427b-9b56-35f4853894b8:192.168.30.10:41700] returns group-41CD70EA3242:java.util.concurrent.CompletableFuture@23805af5[Not completed]
2019-10-10 09:49:31,243 [pool-433-thread-1] INFO  impl.RaftServerImpl (RaftServerImpl.java:<init>(95)) - 2261b771-ff64-427b-9b56-35f4853894b8: new RaftServerImpl for group-41CD70EA3242:[2261b771-ff64-427b-9b56-35f4853894b8:192.168.30.10:41700] with ContainerStateMachine:uninitialized
2019-10-10 09:49:31,243 [pool-433-thread-1] INFO  server.RaftServerConfigKeys (ConfUtils.java:logGet(43)) - raft.server.rpc.timeout.min = 5s (custom)
2019-10-10 09:49:31,243 [pool-433-thread-1] INFO  server.RaftServerConfigKeys (ConfUtils.java:logGet(43)) - raft.server.rpc.timeout.max = 5200ms (custom)
2019-10-10 09:49:31,243 [pool-433-thread-1] INFO  server.RaftServerConfigKeys (ConfUtils.java:logGet(43)) - raft.server.rpcslowness.timeout = 120s (custom)
2019-10-10 09:49:31,243 [pool-433-thread-1] INFO  server.RaftServerConfigKeys (ConfUtils.java:logGet(43)) - raft.server.sleep.deviation.threshold = 300 (default)
2019-10-10 09:49:31,244 [pool-433-thread-1] INFO  server.RaftServerConfigKeys (ConfUtils.java:logGet(43)) - raft.server.log.appender.install.snapshot.enabled = false (custom)
2019-10-10 09:49:31,244 [pool-433-thread-1] INFO  impl.RaftServerImpl (ServerState.java:<init>(103)) - 2261b771-ff64-427b-9b56-35f4853894b8@group-41CD70EA3242: ConfigurationManager, init=-1: [2261b771-ff64-427b-9b56-35f4853894b8:192.168.30.10:41700], old=null, confs=<EMPTY_MAP>
2019-10-10 09:49:31,244 [pool-433-thread-1] INFO  server.RaftServerConfigKeys (ConfUtils.java:logGet(43)) - raft.server.storage.dir = [/workdir/hadoop-ozone/integration-test/target/test-dir/MiniOzoneClusterImpl-d628f2ca-ca44-4a24-a849-6824008ba556/datanode-5/data/ratis] (custom)
2019-10-10 09:49:31,244 [pool-433-thread-1] INFO  server.RaftServerConfigKeys (ConfUtils.java:logGet(43)) - raft.server.log.corruption.policy = EXCEPTION (default)
2019-10-10 09:49:31,245 [pool-433-thread-1] INFO  storage.RaftStorageDirectory (RaftStorageDirectory.java:analyzeStorage(246)) - The storage directory /workdir/hadoop-ozone/integration-test/target/test-dir/MiniOzoneClusterImpl-d628f2ca-ca44-4a24-a849-6824008ba556/datanode-5/data/ratis/a1db8e66-cab6-45ff-b1f8-41cd70ea3242 does not exist. Creating ...
2019-10-10 09:49:31,257 [pool-433-thread-1] INFO  storage.RaftStorageDirectory (RaftStorageDirectory.java:tryLock(328)) - Lock on /workdir/hadoop-ozone/integration-test/target/test-dir/MiniOzoneClusterImpl-d628f2ca-ca44-4a24-a849-6824008ba556/datanode-5/data/ratis/a1db8e66-cab6-45ff-b1f8-41cd70ea3242/in_use.lock acquired by nodename 9490@pr-hdds-1737-8bn8f-679866343
2019-10-10 09:49:31,270 [pool-433-thread-1] INFO  storage.RaftStorage (RaftStorage.java:format(84)) - Storage directory /workdir/hadoop-ozone/integration-test/target/test-dir/MiniOzoneClusterImpl-d628f2ca-ca44-4a24-a849-6824008ba556/datanode-5/data/ratis/a1db8e66-cab6-45ff-b1f8-41cd70ea3242 has been successfully formatted.
2019-10-10 09:49:31,271 [pool-433-thread-1] INFO  ratis.ContainerStateMachine (ContainerStateMachine.java:loadSnapshot(231)) - group-41CD70EA3242: The snapshot info is null. Setting the last applied indexto:(t:0, i:~)
2019-10-10 09:49:31,271 [pool-433-thread-1] INFO  server.RaftServerConfigKeys (ConfUtils.java:logGet(43)) - raft.server.notification.no-leader.timeout = 120s (custom)
2019-10-10 09:49:31,271 [pool-433-thread-1] INFO  server.RaftServerConfigKeys (ConfUtils.java:logGet(43)) - raft.server.log.use.memory = false (default)
2019-10-10 09:49:31,271 [pool-433-thread-1] INFO  server.RaftServerConfigKeys (ConfUtils.java:logGet(43)) - raft.server.log.purge.gap = 1000000 (custom)
2019-10-10 09:49:31,271 [pool-433-thread-1] INFO  server.RaftServerConfigKeys (ConfUtils.java:logGet(43)) - raft.server.log.appender.buffer.byte-limit = 33554432 (custom)
2019-10-10 09:49:31,271 [pool-433-thread-1] INFO  server.RaftServerConfigKeys (ConfUtils.java:logGet(43)) - raft.server.log.segment.size.max = 1048576 (custom)
2019-10-10 09:49:31,273 [pool-433-thread-1] INFO  server.RaftServerConfigKeys (ConfUtils.java:logGet(43)) - raft.server.log.segment.cache.num.max = 2 (custom)
2019-10-10 09:49:31,273 [pool-433-thread-1] INFO  segmented.SegmentedRaftLogWorker (SegmentedRaftLogWorker.java:<init>(173)) - new 2261b771-ff64-427b-9b56-35f4853894b8@group-41CD70EA3242-SegmentedRaftLogWorker for RaftStorage:Storage Directory /workdir/hadoop-ozone/integration-test/target/test-dir/MiniOzoneClusterImpl-d628f2ca-ca44-4a24-a849-6824008ba556/datanode-5/data/ratis/a1db8e66-cab6-45ff-b1f8-41cd70ea3242
2019-10-10 09:49:31,273 [pool-433-thread-1] INFO  server.RaftServerConfigKeys (ConfUtils.java:logGet(43)) - raft.server.log.queue.byte-limit = 2147483647 (custom)
2019-10-10 09:49:31,273 [pool-433-thread-1] INFO  server.RaftServerConfigKeys (ConfUtils.java:logGet(43)) - raft.server.log.queue.element-limit = 1024 (custom)
2019-10-10 09:49:31,274 [pool-433-thread-1] INFO  server.RaftServerConfigKeys (ConfUtils.java:logGet(43)) - raft.server.log.segment.size.max = 1048576 (custom)
2019-10-10 09:49:31,274 [pool-433-thread-1] INFO  server.RaftServerConfigKeys (ConfUtils.java:logGet(43)) - raft.server.log.preallocated.size = 16384 (custom)
2019-10-10 09:49:31,274 [pool-433-thread-1] INFO  server.RaftServerConfigKeys (ConfUtils.java:logGet(43)) - raft.server.log.write.buffer.size = 33554432 (custom)
2019-10-10 09:49:31,274 [pool-433-thread-1] INFO  server.RaftServerConfigKeys (ConfUtils.java:logGet(43)) - raft.server.log.force.sync.num = 128 (default)
2019-10-10 09:49:31,274 [pool-433-thread-1] INFO  server.RaftServerConfigKeys (ConfUtils.java:logGet(43)) - raft.server.log.statemachine.data.sync = true (default)
2019-10-10 09:49:31,274 [pool-433-thread-1] INFO  server.RaftServerConfigKeys (ConfUtils.java:logGet(43)) - raft.server.log.statemachine.data.sync.timeout = 10s (default)
2019-10-10 09:49:31,274 [pool-433-thread-1] INFO  server.RaftServerConfigKeys (ConfUtils.java:logGet(43)) - raft.server.log.statemachine.data.sync.timeout.retry = -1 (default)
2019-10-10 09:49:31,275 [pool-433-thread-1] INFO  server.RaftServerConfigKeys (ConfUtils.java:logGet(43)) - raft.server.log.statemachine.data.caching.enabled = true (custom)
2019-10-10 09:49:31,275 [pool-433-thread-1] INFO  segmented.SegmentedRaftLogWorker (SegmentedRaftLogWorker.java:lambda$new$0(128)) - 2261b771-ff64-427b-9b56-35f4853894b8@group-41CD70EA3242-SegmentedRaftLogWorker: flushIndex: setUnconditionally 0 -> -1
2019-10-10 09:49:31,275 [pool-433-thread-1] INFO  server.RaftServerConfigKeys (ConfUtils.java:logGet(43)) - raft.server.snapshot.auto.trigger.enabled = true (custom)
2019-10-10 09:49:31,276 [pool-433-thread-1] INFO  server.RaftServerConfigKeys (ConfUtils.java:logGet(43)) - raft.server.snapshot.auto.trigger.threshold = 10000 (custom)
2019-10-10 09:49:31,276 [pool-433-thread-1] INFO  server.RaftServerConfigKeys (ConfUtils.java:logGet(43)) - raft.server.snapshot.retention.file.num = 5 (custom)
2019-10-10 09:49:31,276 [pool-433-thread-1] INFO  server.RaftServerConfigKeys (ConfUtils.java:logGet(43)) - raft.server.retrycache.expirytime = 600000ms (custom)
2019-10-10 09:49:31,277 [pool-433-thread-1] INFO  impl.RaftServerImpl (RaftServerImpl.java:start(181)) - 2261b771-ff64-427b-9b56-35f4853894b8@group-41CD70EA3242: start as a follower, conf=-1: [2261b771-ff64-427b-9b56-35f4853894b8:192.168.30.10:41700], old=null
2019-10-10 09:49:31,278 [pool-433-thread-1] INFO  impl.RaftServerImpl (RaftServerImpl.java:setRole(170)) - 2261b771-ff64-427b-9b56-35f4853894b8@group-41CD70EA3242: changes role from      null to FOLLOWER at term 0 for startAsFollower
2019-10-10 09:49:31,278 [pool-433-thread-1] INFO  impl.RoleInfo (RoleInfo.java:updateAndGet(143)) - 2261b771-ff64-427b-9b56-35f4853894b8: start FollowerState
2019-10-10 09:49:31,278 [pool-433-thread-1] INFO  util.JmxRegister (JmxRegister.java:tryRegister(44)) - Successfully registered JMX Bean with object name Ratis:service=RaftServer,group=group-41CD70EA3242,id=2261b771-ff64-427b-9b56-35f4853894b8
2019-10-10 09:49:31,282 [main] INFO  ozone.MiniOzoneClusterImpl (MiniOzoneClusterImpl.java:lambda$waitForClusterToBeReady$0(147)) - Waiting for cluster to be ready. Got 6 of 7 DN Heartbeats.
2019-10-10 09:49:31,282 [IPC Server handler 2 on 37031] INFO  net.NetworkTopology (NetworkTopologyImpl.java:add(111)) - Added a new node: /default-rack/ae6f4611-d74a-415a-8df6-2b3a01ba6da7
2019-10-10 09:49:31,282 [RatisPipelineUtilsThread] INFO  pipeline.PipelineStateManager (PipelineStateManager.java:addPipeline(56)) - Created pipeline Pipeline[ Id: a1db8e66-cab6-45ff-b1f8-41cd70ea3242, Nodes: 2261b771-ff64-427b-9b56-35f4853894b8{ip: 192.168.30.10, host: pr-hdds-1737-8bn8f-679866343, networkLocation: /default-rack, certSerialId: null}, Type:RATIS, Factor:ONE, State:OPEN]
2019-10-10 09:49:31,283 [IPC Server handler 2 on 37031] INFO  node.SCMNodeManager (SCMNodeManager.java:register(268)) - Registered Data node : ae6f4611-d74a-415a-8df6-2b3a01ba6da7{ip: 192.168.30.10, host: pr-hdds-1737-8bn8f-679866343, networkLocation: /default-rack, certSerialId: null}
2019-10-10 09:49:31,294 [grpc-default-executor-9] INFO  impl.RaftServerProxy (RaftServerProxy.java:addNew(89)) - ae6f4611-d74a-415a-8df6-2b3a01ba6da7: addNew group-A2E18BA923ED:[ae6f4611-d74a-415a-8df6-2b3a01ba6da7:192.168.30.10:38259] returns group-A2E18BA923ED:java.util.concurrent.CompletableFuture@303219e1[Not completed]
2019-10-10 09:49:31,295 [pool-443-thread-1] INFO  impl.RaftServerImpl (RaftServerImpl.java:<init>(95)) - ae6f4611-d74a-415a-8df6-2b3a01ba6da7: new RaftServerImpl for group-A2E18BA923ED:[ae6f4611-d74a-415a-8df6-2b3a01ba6da7:192.168.30.10:38259] with ContainerStateMachine:uninitialized
2019-10-10 09:49:31,295 [pool-443-thread-1] INFO  server.RaftServerConfigKeys (ConfUtils.java:logGet(43)) - raft.server.rpc.timeout.min = 5s (custom)
2019-10-10 09:49:31,296 [pool-443-thread-1] INFO  server.RaftServerConfigKeys (ConfUtils.java:logGet(43)) - raft.server.rpc.timeout.max = 5200ms (custom)
2019-10-10 09:49:31,296 [pool-443-thread-1] INFO  server.RaftServerConfigKeys (ConfUtils.java:logGet(43)) - raft.server.rpcslowness.timeout = 120s (custom)
2019-10-10 09:49:31,296 [pool-443-thread-1] INFO  server.RaftServerConfigKeys (ConfUtils.java:logGet(43)) - raft.server.sleep.deviation.threshold = 300 (default)
2019-10-10 09:49:31,296 [pool-443-thread-1] INFO  server.RaftServerConfigKeys (ConfUtils.java:logGet(43)) - raft.server.log.appender.install.snapshot.enabled = false (custom)
2019-10-10 09:49:31,296 [pool-443-thread-1] INFO  impl.RaftServerImpl (ServerState.java:<init>(103)) - ae6f4611-d74a-415a-8df6-2b3a01ba6da7@group-A2E18BA923ED: ConfigurationManager, init=-1: [ae6f4611-d74a-415a-8df6-2b3a01ba6da7:192.168.30.10:38259], old=null, confs=<EMPTY_MAP>
2019-10-10 09:49:31,296 [pool-443-thread-1] INFO  server.RaftServerConfigKeys (ConfUtils.java:logGet(43)) - raft.server.storage.dir = [/workdir/hadoop-ozone/integration-test/target/test-dir/MiniOzoneClusterImpl-d628f2ca-ca44-4a24-a849-6824008ba556/datanode-6/data/ratis] (custom)
2019-10-10 09:49:31,297 [pool-443-thread-1] INFO  server.RaftServerConfigKeys (ConfUtils.java:logGet(43)) - raft.server.log.corruption.policy = EXCEPTION (default)
2019-10-10 09:49:31,298 [pool-443-thread-1] INFO  storage.RaftStorageDirectory (RaftStorageDirectory.java:analyzeStorage(246)) - The storage directory /workdir/hadoop-ozone/integration-test/target/test-dir/MiniOzoneClusterImpl-d628f2ca-ca44-4a24-a849-6824008ba556/datanode-6/data/ratis/fec52896-f357-4751-888e-a2e18ba923ed does not exist. Creating ...
2019-10-10 09:49:31,311 [pool-443-thread-1] INFO  storage.RaftStorageDirectory (RaftStorageDirectory.java:tryLock(328)) - Lock on /workdir/hadoop-ozone/integration-test/target/test-dir/MiniOzoneClusterImpl-d628f2ca-ca44-4a24-a849-6824008ba556/datanode-6/data/ratis/fec52896-f357-4751-888e-a2e18ba923ed/in_use.lock acquired by nodename 9490@pr-hdds-1737-8bn8f-679866343
2019-10-10 09:49:31,324 [pool-443-thread-1] INFO  storage.RaftStorage (RaftStorage.java:format(84)) - Storage directory /workdir/hadoop-ozone/integration-test/target/test-dir/MiniOzoneClusterImpl-d628f2ca-ca44-4a24-a849-6824008ba556/datanode-6/data/ratis/fec52896-f357-4751-888e-a2e18ba923ed has been successfully formatted.
2019-10-10 09:49:31,324 [pool-443-thread-1] INFO  ratis.ContainerStateMachine (ContainerStateMachine.java:loadSnapshot(231)) - group-A2E18BA923ED: The snapshot info is null. Setting the last applied indexto:(t:0, i:~)
2019-10-10 09:49:31,324 [pool-443-thread-1] INFO  server.RaftServerConfigKeys (ConfUtils.java:logGet(43)) - raft.server.notification.no-leader.timeout = 120s (custom)
2019-10-10 09:49:31,324 [pool-443-thread-1] INFO  server.RaftServerConfigKeys (ConfUtils.java:logGet(43)) - raft.server.log.use.memory = false (default)
2019-10-10 09:49:31,325 [pool-443-thread-1] INFO  server.RaftServerConfigKeys (ConfUtils.java:logGet(43)) - raft.server.log.purge.gap = 1000000 (custom)
2019-10-10 09:49:31,325 [pool-443-thread-1] INFO  server.RaftServerConfigKeys (ConfUtils.java:logGet(43)) - raft.server.log.appender.buffer.byte-limit = 33554432 (custom)
2019-10-10 09:49:31,325 [pool-443-thread-1] INFO  server.RaftServerConfigKeys (ConfUtils.java:logGet(43)) - raft.server.log.segment.size.max = 1048576 (custom)
2019-10-10 09:49:31,326 [pool-443-thread-1] INFO  server.RaftServerConfigKeys (ConfUtils.java:logGet(43)) - raft.server.log.segment.cache.num.max = 2 (custom)
2019-10-10 09:49:31,327 [pool-443-thread-1] INFO  segmented.SegmentedRaftLogWorker (SegmentedRaftLogWorker.java:<init>(173)) - new ae6f4611-d74a-415a-8df6-2b3a01ba6da7@group-A2E18BA923ED-SegmentedRaftLogWorker for RaftStorage:Storage Directory /workdir/hadoop-ozone/integration-test/target/test-dir/MiniOzoneClusterImpl-d628f2ca-ca44-4a24-a849-6824008ba556/datanode-6/data/ratis/fec52896-f357-4751-888e-a2e18ba923ed
2019-10-10 09:49:31,327 [pool-443-thread-1] INFO  server.RaftServerConfigKeys (ConfUtils.java:logGet(43)) - raft.server.log.queue.byte-limit = 2147483647 (custom)
2019-10-10 09:49:31,327 [pool-443-thread-1] INFO  server.RaftServerConfigKeys (ConfUtils.java:logGet(43)) - raft.server.log.queue.element-limit = 1024 (custom)
2019-10-10 09:49:31,327 [pool-443-thread-1] INFO  server.RaftServerConfigKeys (ConfUtils.java:logGet(43)) - raft.server.log.segment.size.max = 1048576 (custom)
2019-10-10 09:49:31,327 [pool-443-thread-1] INFO  server.RaftServerConfigKeys (ConfUtils.java:logGet(43)) - raft.server.log.preallocated.size = 16384 (custom)
2019-10-10 09:49:31,327 [pool-443-thread-1] INFO  server.RaftServerConfigKeys (ConfUtils.java:logGet(43)) - raft.server.log.write.buffer.size = 33554432 (custom)
2019-10-10 09:49:31,327 [pool-443-thread-1] INFO  server.RaftServerConfigKeys (ConfUtils.java:logGet(43)) - raft.server.log.force.sync.num = 128 (default)
2019-10-10 09:49:31,328 [pool-443-thread-1] INFO  server.RaftServerConfigKeys (ConfUtils.java:logGet(43)) - raft.server.log.statemachine.data.sync = true (default)
2019-10-10 09:49:31,328 [pool-443-thread-1] INFO  server.RaftServerConfigKeys (ConfUtils.java:logGet(43)) - raft.server.log.statemachine.data.sync.timeout = 10s (default)
2019-10-10 09:49:31,328 [pool-443-thread-1] INFO  server.RaftServerConfigKeys (ConfUtils.java:logGet(43)) - raft.server.log.statemachine.data.sync.timeout.retry = -1 (default)
2019-10-10 09:49:31,328 [pool-443-thread-1] INFO  server.RaftServerConfigKeys (ConfUtils.java:logGet(43)) - raft.server.log.statemachine.data.caching.enabled = true (custom)
2019-10-10 09:49:31,329 [pool-443-thread-1] INFO  segmented.SegmentedRaftLogWorker (SegmentedRaftLogWorker.java:lambda$new$0(128)) - ae6f4611-d74a-415a-8df6-2b3a01ba6da7@group-A2E18BA923ED-SegmentedRaftLogWorker: flushIndex: setUnconditionally 0 -> -1
2019-10-10 09:49:31,329 [pool-443-thread-1] INFO  server.RaftServerConfigKeys (ConfUtils.java:logGet(43)) - raft.server.snapshot.auto.trigger.enabled = true (custom)
2019-10-10 09:49:31,329 [pool-443-thread-1] INFO  server.RaftServerConfigKeys (ConfUtils.java:logGet(43)) - raft.server.snapshot.auto.trigger.threshold = 10000 (custom)
2019-10-10 09:49:31,329 [pool-443-thread-1] INFO  server.RaftServerConfigKeys (ConfUtils.java:logGet(43)) - raft.server.snapshot.retention.file.num = 5 (custom)
2019-10-10 09:49:31,329 [pool-443-thread-1] INFO  server.RaftServerConfigKeys (ConfUtils.java:logGet(43)) - raft.server.retrycache.expirytime = 600000ms (custom)
2019-10-10 09:49:31,331 [pool-443-thread-1] INFO  impl.RaftServerImpl (RaftServerImpl.java:start(181)) - ae6f4611-d74a-415a-8df6-2b3a01ba6da7@group-A2E18BA923ED: start as a follower, conf=-1: [ae6f4611-d74a-415a-8df6-2b3a01ba6da7:192.168.30.10:38259], old=null
2019-10-10 09:49:31,331 [pool-443-thread-1] INFO  impl.RaftServerImpl (RaftServerImpl.java:setRole(170)) - ae6f4611-d74a-415a-8df6-2b3a01ba6da7@group-A2E18BA923ED: changes role from      null to FOLLOWER at term 0 for startAsFollower
2019-10-10 09:49:31,331 [pool-443-thread-1] INFO  impl.RoleInfo (RoleInfo.java:updateAndGet(143)) - ae6f4611-d74a-415a-8df6-2b3a01ba6da7: start FollowerState
2019-10-10 09:49:31,331 [pool-443-thread-1] INFO  util.JmxRegister (JmxRegister.java:tryRegister(44)) - Successfully registered JMX Bean with object name Ratis:service=RaftServer,group=group-A2E18BA923ED,id=ae6f4611-d74a-415a-8df6-2b3a01ba6da7
2019-10-10 09:49:31,336 [RatisPipelineUtilsThread] INFO  pipeline.PipelineStateManager (PipelineStateManager.java:addPipeline(56)) - Created pipeline Pipeline[ Id: fec52896-f357-4751-888e-a2e18ba923ed, Nodes: ae6f4611-d74a-415a-8df6-2b3a01ba6da7{ip: 192.168.30.10, host: pr-hdds-1737-8bn8f-679866343, networkLocation: /default-rack, certSerialId: null}, Type:RATIS, Factor:ONE, State:OPEN]
2019-10-10 09:49:31,358 [grpc-default-executor-0] INFO  impl.RaftServerProxy (RaftServerProxy.java:addNew(89)) - 2261b771-ff64-427b-9b56-35f4853894b8: addNew group-E2D237B037F9:[dc7da519-a43e-47f8-96f6-d94a5aa023a9:192.168.30.10:34383, 2261b771-ff64-427b-9b56-35f4853894b8:192.168.30.10:41700, 0e03d9c1-b0a5-4eac-8020-17b1644a8f75:192.168.30.10:41797] returns group-E2D237B037F9:java.util.concurrent.CompletableFuture@1c141c1f[Not completed]
2019-10-10 09:49:31,360 [grpc-default-executor-10] INFO  impl.RaftServerProxy (RaftServerProxy.java:addNew(89)) - dc7da519-a43e-47f8-96f6-d94a5aa023a9: addNew group-E2D237B037F9:[dc7da519-a43e-47f8-96f6-d94a5aa023a9:192.168.30.10:34383, 2261b771-ff64-427b-9b56-35f4853894b8:192.168.30.10:41700, 0e03d9c1-b0a5-4eac-8020-17b1644a8f75:192.168.30.10:41797] returns group-E2D237B037F9:java.util.concurrent.CompletableFuture@2c48b859[Not completed]
2019-10-10 09:49:31,358 [grpc-default-executor-9] INFO  impl.RaftServerProxy (RaftServerProxy.java:addNew(89)) - 0e03d9c1-b0a5-4eac-8020-17b1644a8f75: addNew group-E2D237B037F9:[dc7da519-a43e-47f8-96f6-d94a5aa023a9:192.168.30.10:34383, 2261b771-ff64-427b-9b56-35f4853894b8:192.168.30.10:41700, 0e03d9c1-b0a5-4eac-8020-17b1644a8f75:192.168.30.10:41797] returns group-E2D237B037F9:java.util.concurrent.CompletableFuture@6a6a4942[Not completed]
2019-10-10 09:49:31,361 [pool-433-thread-1] INFO  impl.RaftServerImpl (RaftServerImpl.java:<init>(95)) - 2261b771-ff64-427b-9b56-35f4853894b8: new RaftServerImpl for group-E2D237B037F9:[dc7da519-a43e-47f8-96f6-d94a5aa023a9:192.168.30.10:34383, 2261b771-ff64-427b-9b56-35f4853894b8:192.168.30.10:41700, 0e03d9c1-b0a5-4eac-8020-17b1644a8f75:192.168.30.10:41797] with ContainerStateMachine:uninitialized
2019-10-10 09:49:31,362 [pool-433-thread-1] INFO  server.RaftServerConfigKeys (ConfUtils.java:logGet(43)) - raft.server.rpc.timeout.min = 5s (custom)
2019-10-10 09:49:31,362 [pool-433-thread-1] INFO  server.RaftServerConfigKeys (ConfUtils.java:logGet(43)) - raft.server.rpc.timeout.max = 5200ms (custom)
2019-10-10 09:49:31,362 [pool-433-thread-1] INFO  server.RaftServerConfigKeys (ConfUtils.java:logGet(43)) - raft.server.rpcslowness.timeout = 120s (custom)
2019-10-10 09:49:31,362 [pool-433-thread-1] INFO  server.RaftServerConfigKeys (ConfUtils.java:logGet(43)) - raft.server.sleep.deviation.threshold = 300 (default)
2019-10-10 09:49:31,362 [pool-433-thread-1] INFO  server.RaftServerConfigKeys (ConfUtils.java:logGet(43)) - raft.server.log.appender.install.snapshot.enabled = false (custom)
2019-10-10 09:49:31,362 [pool-433-thread-1] INFO  impl.RaftServerImpl (ServerState.java:<init>(103)) - 2261b771-ff64-427b-9b56-35f4853894b8@group-E2D237B037F9: ConfigurationManager, init=-1: [dc7da519-a43e-47f8-96f6-d94a5aa023a9:192.168.30.10:34383, 2261b771-ff64-427b-9b56-35f4853894b8:192.168.30.10:41700, 0e03d9c1-b0a5-4eac-8020-17b1644a8f75:192.168.30.10:41797], old=null, confs=<EMPTY_MAP>
2019-10-10 09:49:31,362 [pool-413-thread-1] INFO  impl.RaftServerImpl (RaftServerImpl.java:<init>(95)) - dc7da519-a43e-47f8-96f6-d94a5aa023a9: new RaftServerImpl for group-E2D237B037F9:[dc7da519-a43e-47f8-96f6-d94a5aa023a9:192.168.30.10:34383, 2261b771-ff64-427b-9b56-35f4853894b8:192.168.30.10:41700, 0e03d9c1-b0a5-4eac-8020-17b1644a8f75:192.168.30.10:41797] with ContainerStateMachine:uninitialized
2019-10-10 09:49:31,362 [pool-433-thread-1] INFO  server.RaftServerConfigKeys (ConfUtils.java:logGet(43)) - raft.server.storage.dir = [/workdir/hadoop-ozone/integration-test/target/test-dir/MiniOzoneClusterImpl-d628f2ca-ca44-4a24-a849-6824008ba556/datanode-5/data/ratis] (custom)
2019-10-10 09:49:31,363 [pool-413-thread-1] INFO  server.RaftServerConfigKeys (ConfUtils.java:logGet(43)) - raft.server.rpc.timeout.min = 5s (custom)
2019-10-10 09:49:31,363 [pool-423-thread-1] INFO  impl.RaftServerImpl (RaftServerImpl.java:<init>(95)) - 0e03d9c1-b0a5-4eac-8020-17b1644a8f75: new RaftServerImpl for group-E2D237B037F9:[dc7da519-a43e-47f8-96f6-d94a5aa023a9:192.168.30.10:34383, 2261b771-ff64-427b-9b56-35f4853894b8:192.168.30.10:41700, 0e03d9c1-b0a5-4eac-8020-17b1644a8f75:192.168.30.10:41797] with ContainerStateMachine:uninitialized
2019-10-10 09:49:31,363 [pool-413-thread-1] INFO  server.RaftServerConfigKeys (ConfUtils.java:logGet(43)) - raft.server.rpc.timeout.max = 5200ms (custom)
2019-10-10 09:49:31,363 [pool-413-thread-1] INFO  server.RaftServerConfigKeys (ConfUtils.java:logGet(43)) - raft.server.rpcslowness.timeout = 120s (custom)
2019-10-10 09:49:31,363 [pool-413-thread-1] INFO  server.RaftServerConfigKeys (ConfUtils.java:logGet(43)) - raft.server.sleep.deviation.threshold = 300 (default)
2019-10-10 09:49:31,364 [pool-413-thread-1] INFO  server.RaftServerConfigKeys (ConfUtils.java:logGet(43)) - raft.server.log.appender.install.snapshot.enabled = false (custom)
2019-10-10 09:49:31,364 [pool-413-thread-1] INFO  impl.RaftServerImpl (ServerState.java:<init>(103)) - dc7da519-a43e-47f8-96f6-d94a5aa023a9@group-E2D237B037F9: ConfigurationManager, init=-1: [dc7da519-a43e-47f8-96f6-d94a5aa023a9:192.168.30.10:34383, 2261b771-ff64-427b-9b56-35f4853894b8:192.168.30.10:41700, 0e03d9c1-b0a5-4eac-8020-17b1644a8f75:192.168.30.10:41797], old=null, confs=<EMPTY_MAP>
2019-10-10 09:49:31,364 [pool-413-thread-1] INFO  server.RaftServerConfigKeys (ConfUtils.java:logGet(43)) - raft.server.storage.dir = [/workdir/hadoop-ozone/integration-test/target/test-dir/MiniOzoneClusterImpl-d628f2ca-ca44-4a24-a849-6824008ba556/datanode-3/data/ratis] (custom)
2019-10-10 09:49:31,364 [pool-413-thread-1] INFO  server.RaftServerConfigKeys (ConfUtils.java:logGet(43)) - raft.server.log.corruption.policy = EXCEPTION (default)
2019-10-10 09:49:31,365 [pool-413-thread-1] INFO  storage.RaftStorageDirectory (RaftStorageDirectory.java:analyzeStorage(246)) - The storage directory /workdir/hadoop-ozone/integration-test/target/test-dir/MiniOzoneClusterImpl-d628f2ca-ca44-4a24-a849-6824008ba556/datanode-3/data/ratis/a65c0a76-9ca4-4023-bc90-e2d237b037f9 does not exist. Creating ...
2019-10-10 09:49:31,363 [pool-433-thread-1] INFO  server.RaftServerConfigKeys (ConfUtils.java:logGet(43)) - raft.server.log.corruption.policy = EXCEPTION (default)
2019-10-10 09:49:31,363 [pool-423-thread-1] INFO  server.RaftServerConfigKeys (ConfUtils.java:logGet(43)) - raft.server.rpc.timeout.min = 5s (custom)
2019-10-10 09:49:31,368 [pool-423-thread-1] INFO  server.RaftServerConfigKeys (ConfUtils.java:logGet(43)) - raft.server.rpc.timeout.max = 5200ms (custom)
2019-10-10 09:49:31,368 [pool-423-thread-1] INFO  server.RaftServerConfigKeys (ConfUtils.java:logGet(43)) - raft.server.rpcslowness.timeout = 120s (custom)
2019-10-10 09:49:31,368 [pool-423-thread-1] INFO  server.RaftServerConfigKeys (ConfUtils.java:logGet(43)) - raft.server.sleep.deviation.threshold = 300 (default)
2019-10-10 09:49:31,368 [pool-423-thread-1] INFO  server.RaftServerConfigKeys (ConfUtils.java:logGet(43)) - raft.server.log.appender.install.snapshot.enabled = false (custom)
2019-10-10 09:49:31,368 [pool-433-thread-1] INFO  storage.RaftStorageDirectory (RaftStorageDirectory.java:analyzeStorage(246)) - The storage directory /workdir/hadoop-ozone/integration-test/target/test-dir/MiniOzoneClusterImpl-d628f2ca-ca44-4a24-a849-6824008ba556/datanode-5/data/ratis/a65c0a76-9ca4-4023-bc90-e2d237b037f9 does not exist. Creating ...
2019-10-10 09:49:31,373 [pool-423-thread-1] INFO  impl.RaftServerImpl (ServerState.java:<init>(103)) - 0e03d9c1-b0a5-4eac-8020-17b1644a8f75@group-E2D237B037F9: ConfigurationManager, init=-1: [dc7da519-a43e-47f8-96f6-d94a5aa023a9:192.168.30.10:34383, 2261b771-ff64-427b-9b56-35f4853894b8:192.168.30.10:41700, 0e03d9c1-b0a5-4eac-8020-17b1644a8f75:192.168.30.10:41797], old=null, confs=<EMPTY_MAP>
2019-10-10 09:49:31,373 [pool-423-thread-1] INFO  server.RaftServerConfigKeys (ConfUtils.java:logGet(43)) - raft.server.storage.dir = [/workdir/hadoop-ozone/integration-test/target/test-dir/MiniOzoneClusterImpl-d628f2ca-ca44-4a24-a849-6824008ba556/datanode-4/data/ratis] (custom)
2019-10-10 09:49:31,373 [pool-423-thread-1] INFO  server.RaftServerConfigKeys (ConfUtils.java:logGet(43)) - raft.server.log.corruption.policy = EXCEPTION (default)
2019-10-10 09:49:31,374 [pool-423-thread-1] INFO  storage.RaftStorageDirectory (RaftStorageDirectory.java:analyzeStorage(246)) - The storage directory /workdir/hadoop-ozone/integration-test/target/test-dir/MiniOzoneClusterImpl-d628f2ca-ca44-4a24-a849-6824008ba556/datanode-4/data/ratis/a65c0a76-9ca4-4023-bc90-e2d237b037f9 does not exist. Creating ...
2019-10-10 09:49:31,378 [pool-433-thread-1] INFO  storage.RaftStorageDirectory (RaftStorageDirectory.java:tryLock(328)) - Lock on /workdir/hadoop-ozone/integration-test/target/test-dir/MiniOzoneClusterImpl-d628f2ca-ca44-4a24-a849-6824008ba556/datanode-5/data/ratis/a65c0a76-9ca4-4023-bc90-e2d237b037f9/in_use.lock acquired by nodename 9490@pr-hdds-1737-8bn8f-679866343
2019-10-10 09:49:31,378 [pool-413-thread-1] INFO  storage.RaftStorageDirectory (RaftStorageDirectory.java:tryLock(328)) - Lock on /workdir/hadoop-ozone/integration-test/target/test-dir/MiniOzoneClusterImpl-d628f2ca-ca44-4a24-a849-6824008ba556/datanode-3/data/ratis/a65c0a76-9ca4-4023-bc90-e2d237b037f9/in_use.lock acquired by nodename 9490@pr-hdds-1737-8bn8f-679866343
2019-10-10 09:49:31,380 [pool-423-thread-1] INFO  storage.RaftStorageDirectory (RaftStorageDirectory.java:tryLock(328)) - Lock on /workdir/hadoop-ozone/integration-test/target/test-dir/MiniOzoneClusterImpl-d628f2ca-ca44-4a24-a849-6824008ba556/datanode-4/data/ratis/a65c0a76-9ca4-4023-bc90-e2d237b037f9/in_use.lock acquired by nodename 9490@pr-hdds-1737-8bn8f-679866343
2019-10-10 09:49:31,400 [pool-433-thread-1] INFO  storage.RaftStorage (RaftStorage.java:format(84)) - Storage directory /workdir/hadoop-ozone/integration-test/target/test-dir/MiniOzoneClusterImpl-d628f2ca-ca44-4a24-a849-6824008ba556/datanode-5/data/ratis/a65c0a76-9ca4-4023-bc90-e2d237b037f9 has been successfully formatted.
2019-10-10 09:49:31,400 [pool-423-thread-1] INFO  storage.RaftStorage (RaftStorage.java:format(84)) - Storage directory /workdir/hadoop-ozone/integration-test/target/test-dir/MiniOzoneClusterImpl-d628f2ca-ca44-4a24-a849-6824008ba556/datanode-4/data/ratis/a65c0a76-9ca4-4023-bc90-e2d237b037f9 has been successfully formatted.
2019-10-10 09:49:31,400 [pool-413-thread-1] INFO  storage.RaftStorage (RaftStorage.java:format(84)) - Storage directory /workdir/hadoop-ozone/integration-test/target/test-dir/MiniOzoneClusterImpl-d628f2ca-ca44-4a24-a849-6824008ba556/datanode-3/data/ratis/a65c0a76-9ca4-4023-bc90-e2d237b037f9 has been successfully formatted.
2019-10-10 09:49:31,401 [pool-423-thread-1] INFO  ratis.ContainerStateMachine (ContainerStateMachine.java:loadSnapshot(231)) - group-E2D237B037F9: The snapshot info is null. Setting the last applied indexto:(t:0, i:~)
2019-10-10 09:49:31,401 [pool-433-thread-1] INFO  ratis.ContainerStateMachine (ContainerStateMachine.java:loadSnapshot(231)) - group-E2D237B037F9: The snapshot info is null. Setting the last applied indexto:(t:0, i:~)
2019-10-10 09:49:31,401 [pool-413-thread-1] INFO  ratis.ContainerStateMachine (ContainerStateMachine.java:loadSnapshot(231)) - group-E2D237B037F9: The snapshot info is null. Setting the last applied indexto:(t:0, i:~)
2019-10-10 09:49:31,401 [pool-423-thread-1] INFO  server.RaftServerConfigKeys (ConfUtils.java:logGet(43)) - raft.server.notification.no-leader.timeout = 120s (custom)
2019-10-10 09:49:31,401 [pool-413-thread-1] INFO  server.RaftServerConfigKeys (ConfUtils.java:logGet(43)) - raft.server.notification.no-leader.timeout = 120s (custom)
2019-10-10 09:49:31,401 [pool-433-thread-1] INFO  server.RaftServerConfigKeys (ConfUtils.java:logGet(43)) - raft.server.notification.no-leader.timeout = 120s (custom)
2019-10-10 09:49:31,401 [pool-413-thread-1] INFO  server.RaftServerConfigKeys (ConfUtils.java:logGet(43)) - raft.server.log.use.memory = false (default)
2019-10-10 09:49:31,401 [pool-423-thread-1] INFO  server.RaftServerConfigKeys (ConfUtils.java:logGet(43)) - raft.server.log.use.memory = false (default)
2019-10-10 09:49:31,402 [pool-413-thread-1] INFO  server.RaftServerConfigKeys (ConfUtils.java:logGet(43)) - raft.server.log.purge.gap = 1000000 (custom)
2019-10-10 09:49:31,401 [pool-433-thread-1] INFO  server.RaftServerConfigKeys (ConfUtils.java:logGet(43)) - raft.server.log.use.memory = false (default)
2019-10-10 09:49:31,402 [pool-413-thread-1] INFO  server.RaftServerConfigKeys (ConfUtils.java:logGet(43)) - raft.server.log.appender.buffer.byte-limit = 33554432 (custom)
2019-10-10 09:49:31,402 [pool-423-thread-1] INFO  server.RaftServerConfigKeys (ConfUtils.java:logGet(43)) - raft.server.log.purge.gap = 1000000 (custom)
2019-10-10 09:49:31,402 [pool-413-thread-1] INFO  server.RaftServerConfigKeys (ConfUtils.java:logGet(43)) - raft.server.log.segment.size.max = 1048576 (custom)
2019-10-10 09:49:31,402 [pool-433-thread-1] INFO  server.RaftServerConfigKeys (ConfUtils.java:logGet(43)) - raft.server.log.purge.gap = 1000000 (custom)
2019-10-10 09:49:31,402 [pool-413-thread-1] INFO  server.RaftServerConfigKeys (ConfUtils.java:logGet(43)) - raft.server.log.segment.cache.num.max = 2 (custom)
2019-10-10 09:49:31,402 [pool-423-thread-1] INFO  server.RaftServerConfigKeys (ConfUtils.java:logGet(43)) - raft.server.log.appender.buffer.byte-limit = 33554432 (custom)
2019-10-10 09:49:31,402 [pool-413-thread-1] INFO  segmented.SegmentedRaftLogWorker (SegmentedRaftLogWorker.java:<init>(173)) - new dc7da519-a43e-47f8-96f6-d94a5aa023a9@group-E2D237B037F9-SegmentedRaftLogWorker for RaftStorage:Storage Directory /workdir/hadoop-ozone/integration-test/target/test-dir/MiniOzoneClusterImpl-d628f2ca-ca44-4a24-a849-6824008ba556/datanode-3/data/ratis/a65c0a76-9ca4-4023-bc90-e2d237b037f9
2019-10-10 09:49:31,402 [pool-433-thread-1] INFO  server.RaftServerConfigKeys (ConfUtils.java:logGet(43)) - raft.server.log.appender.buffer.byte-limit = 33554432 (custom)
2019-10-10 09:49:31,403 [pool-413-thread-1] INFO  server.RaftServerConfigKeys (ConfUtils.java:logGet(43)) - raft.server.log.queue.byte-limit = 2147483647 (custom)
2019-10-10 09:49:31,403 [pool-423-thread-1] INFO  server.RaftServerConfigKeys (ConfUtils.java:logGet(43)) - raft.server.log.segment.size.max = 1048576 (custom)
2019-10-10 09:49:31,403 [pool-413-thread-1] INFO  server.RaftServerConfigKeys (ConfUtils.java:logGet(43)) - raft.server.log.queue.element-limit = 1024 (custom)
2019-10-10 09:49:31,403 [pool-433-thread-1] INFO  server.RaftServerConfigKeys (ConfUtils.java:logGet(43)) - raft.server.log.segment.size.max = 1048576 (custom)
2019-10-10 09:49:31,403 [pool-413-thread-1] INFO  server.RaftServerConfigKeys (ConfUtils.java:logGet(43)) - raft.server.log.segment.size.max = 1048576 (custom)
2019-10-10 09:49:31,403 [pool-423-thread-1] INFO  server.RaftServerConfigKeys (ConfUtils.java:logGet(43)) - raft.server.log.segment.cache.num.max = 2 (custom)
2019-10-10 09:49:31,403 [pool-413-thread-1] INFO  server.RaftServerConfigKeys (ConfUtils.java:logGet(43)) - raft.server.log.preallocated.size = 16384 (custom)
2019-10-10 09:49:31,403 [pool-433-thread-1] INFO  server.RaftServerConfigKeys (ConfUtils.java:logGet(43)) - raft.server.log.segment.cache.num.max = 2 (custom)
2019-10-10 09:49:31,403 [pool-413-thread-1] INFO  server.RaftServerConfigKeys (ConfUtils.java:logGet(43)) - raft.server.log.write.buffer.size = 33554432 (custom)
2019-10-10 09:49:31,403 [pool-423-thread-1] INFO  segmented.SegmentedRaftLogWorker (SegmentedRaftLogWorker.java:<init>(173)) - new 0e03d9c1-b0a5-4eac-8020-17b1644a8f75@group-E2D237B037F9-SegmentedRaftLogWorker for RaftStorage:Storage Directory /workdir/hadoop-ozone/integration-test/target/test-dir/MiniOzoneClusterImpl-d628f2ca-ca44-4a24-a849-6824008ba556/datanode-4/data/ratis/a65c0a76-9ca4-4023-bc90-e2d237b037f9
2019-10-10 09:49:31,404 [pool-413-thread-1] INFO  server.RaftServerConfigKeys (ConfUtils.java:logGet(43)) - raft.server.log.force.sync.num = 128 (default)
2019-10-10 09:49:31,404 [pool-433-thread-1] INFO  segmented.SegmentedRaftLogWorker (SegmentedRaftLogWorker.java:<init>(173)) - new 2261b771-ff64-427b-9b56-35f4853894b8@group-E2D237B037F9-SegmentedRaftLogWorker for RaftStorage:Storage Directory /workdir/hadoop-ozone/integration-test/target/test-dir/MiniOzoneClusterImpl-d628f2ca-ca44-4a24-a849-6824008ba556/datanode-5/data/ratis/a65c0a76-9ca4-4023-bc90-e2d237b037f9
2019-10-10 09:49:31,404 [pool-413-thread-1] INFO  server.RaftServerConfigKeys (ConfUtils.java:logGet(43)) - raft.server.log.statemachine.data.sync = true (default)
2019-10-10 09:49:31,404 [pool-423-thread-1] INFO  server.RaftServerConfigKeys (ConfUtils.java:logGet(43)) - raft.server.log.queue.byte-limit = 2147483647 (custom)
2019-10-10 09:49:31,404 [pool-413-thread-1] INFO  server.RaftServerConfigKeys (ConfUtils.java:logGet(43)) - raft.server.log.statemachine.data.sync.timeout = 10s (default)
2019-10-10 09:49:31,404 [pool-433-thread-1] INFO  server.RaftServerConfigKeys (ConfUtils.java:logGet(43)) - raft.server.log.queue.byte-limit = 2147483647 (custom)
2019-10-10 09:49:31,404 [pool-413-thread-1] INFO  server.RaftServerConfigKeys (ConfUtils.java:logGet(43)) - raft.server.log.statemachine.data.sync.timeout.retry = -1 (default)
2019-10-10 09:49:31,404 [pool-423-thread-1] INFO  server.RaftServerConfigKeys (ConfUtils.java:logGet(43)) - raft.server.log.queue.element-limit = 1024 (custom)
2019-10-10 09:49:31,405 [pool-413-thread-1] INFO  server.RaftServerConfigKeys (ConfUtils.java:logGet(43)) - raft.server.log.statemachine.data.caching.enabled = true (custom)
2019-10-10 09:49:31,404 [pool-433-thread-1] INFO  server.RaftServerConfigKeys (ConfUtils.java:logGet(43)) - raft.server.log.queue.element-limit = 1024 (custom)
2019-10-10 09:49:31,405 [pool-423-thread-1] INFO  server.RaftServerConfigKeys (ConfUtils.java:logGet(43)) - raft.server.log.segment.size.max = 1048576 (custom)
2019-10-10 09:49:31,405 [pool-413-thread-1] INFO  segmented.SegmentedRaftLogWorker (SegmentedRaftLogWorker.java:lambda$new$0(128)) - dc7da519-a43e-47f8-96f6-d94a5aa023a9@group-E2D237B037F9-SegmentedRaftLogWorker: flushIndex: setUnconditionally 0 -> -1
2019-10-10 09:49:31,405 [pool-433-thread-1] INFO  server.RaftServerConfigKeys (ConfUtils.java:logGet(43)) - raft.server.log.segment.size.max = 1048576 (custom)
2019-10-10 09:49:31,405 [pool-423-thread-1] INFO  server.RaftServerConfigKeys (ConfUtils.java:logGet(43)) - raft.server.log.preallocated.size = 16384 (custom)
2019-10-10 09:49:31,405 [pool-413-thread-1] INFO  server.RaftServerConfigKeys (ConfUtils.java:logGet(43)) - raft.server.snapshot.auto.trigger.enabled = true (custom)
2019-10-10 09:49:31,405 [pool-433-thread-1] INFO  server.RaftServerConfigKeys (ConfUtils.java:logGet(43)) - raft.server.log.preallocated.size = 16384 (custom)
2019-10-10 09:49:31,405 [pool-413-thread-1] INFO  server.RaftServerConfigKeys (ConfUtils.java:logGet(43)) - raft.server.snapshot.auto.trigger.threshold = 10000 (custom)
2019-10-10 09:49:31,405 [pool-423-thread-1] INFO  server.RaftServerConfigKeys (ConfUtils.java:logGet(43)) - raft.server.log.write.buffer.size = 33554432 (custom)
2019-10-10 09:49:31,406 [pool-413-thread-1] INFO  server.RaftServerConfigKeys (ConfUtils.java:logGet(43)) - raft.server.snapshot.retention.file.num = 5 (custom)
2019-10-10 09:49:31,406 [pool-433-thread-1] INFO  server.RaftServerConfigKeys (ConfUtils.java:logGet(43)) - raft.server.log.write.buffer.size = 33554432 (custom)
2019-10-10 09:49:31,406 [pool-413-thread-1] INFO  server.RaftServerConfigKeys (ConfUtils.java:logGet(43)) - raft.server.retrycache.expirytime = 600000ms (custom)
2019-10-10 09:49:31,406 [pool-423-thread-1] INFO  server.RaftServerConfigKeys (ConfUtils.java:logGet(43)) - raft.server.log.force.sync.num = 128 (default)
2019-10-10 09:49:31,406 [pool-433-thread-1] INFO  server.RaftServerConfigKeys (ConfUtils.java:logGet(43)) - raft.server.log.force.sync.num = 128 (default)
2019-10-10 09:49:31,406 [pool-423-thread-1] INFO  server.RaftServerConfigKeys (ConfUtils.java:logGet(43)) - raft.server.log.statemachine.data.sync = true (default)
2019-10-10 09:49:31,406 [pool-433-thread-1] INFO  server.RaftServerConfigKeys (ConfUtils.java:logGet(43)) - raft.server.log.statemachine.data.sync = true (default)
2019-10-10 09:49:31,406 [pool-423-thread-1] INFO  server.RaftServerConfigKeys (ConfUtils.java:logGet(43)) - raft.server.log.statemachine.data.sync.timeout = 10s (default)
2019-10-10 09:49:31,406 [pool-433-thread-1] INFO  server.RaftServerConfigKeys (ConfUtils.java:logGet(43)) - raft.server.log.statemachine.data.sync.timeout = 10s (default)
2019-10-10 09:49:31,407 [pool-423-thread-1] INFO  server.RaftServerConfigKeys (ConfUtils.java:logGet(43)) - raft.server.log.statemachine.data.sync.timeout.retry = -1 (default)
2019-10-10 09:49:31,407 [pool-433-thread-1] INFO  server.RaftServerConfigKeys (ConfUtils.java:logGet(43)) - raft.server.log.statemachine.data.sync.timeout.retry = -1 (default)
2019-10-10 09:49:31,407 [pool-423-thread-1] INFO  server.RaftServerConfigKeys (ConfUtils.java:logGet(43)) - raft.server.log.statemachine.data.caching.enabled = true (custom)
2019-10-10 09:49:31,407 [pool-433-thread-1] INFO  server.RaftServerConfigKeys (ConfUtils.java:logGet(43)) - raft.server.log.statemachine.data.caching.enabled = true (custom)
2019-10-10 09:49:31,407 [pool-423-thread-1] INFO  segmented.SegmentedRaftLogWorker (SegmentedRaftLogWorker.java:lambda$new$0(128)) - 0e03d9c1-b0a5-4eac-8020-17b1644a8f75@group-E2D237B037F9-SegmentedRaftLogWorker: flushIndex: setUnconditionally 0 -> -1
2019-10-10 09:49:31,407 [pool-433-thread-1] INFO  segmented.SegmentedRaftLogWorker (SegmentedRaftLogWorker.java:lambda$new$0(128)) - 2261b771-ff64-427b-9b56-35f4853894b8@group-E2D237B037F9-SegmentedRaftLogWorker: flushIndex: setUnconditionally 0 -> -1
2019-10-10 09:49:31,407 [pool-423-thread-1] INFO  server.RaftServerConfigKeys (ConfUtils.java:logGet(43)) - raft.server.snapshot.auto.trigger.enabled = true (custom)
2019-10-10 09:49:31,407 [pool-423-thread-1] INFO  server.RaftServerConfigKeys (ConfUtils.java:logGet(43)) - raft.server.snapshot.auto.trigger.threshold = 10000 (custom)
2019-10-10 09:49:31,407 [pool-433-thread-1] INFO  server.RaftServerConfigKeys (ConfUtils.java:logGet(43)) - raft.server.snapshot.auto.trigger.enabled = true (custom)
2019-10-10 09:49:31,407 [pool-423-thread-1] INFO  server.RaftServerConfigKeys (ConfUtils.java:logGet(43)) - raft.server.snapshot.retention.file.num = 5 (custom)
2019-10-10 09:49:31,407 [pool-433-thread-1] INFO  server.RaftServerConfigKeys (ConfUtils.java:logGet(43)) - raft.server.snapshot.auto.trigger.threshold = 10000 (custom)
2019-10-10 09:49:31,408 [pool-423-thread-1] INFO  server.RaftServerConfigKeys (ConfUtils.java:logGet(43)) - raft.server.retrycache.expirytime = 600000ms (custom)
2019-10-10 09:49:31,408 [pool-413-thread-1] INFO  impl.RaftServerImpl (RaftServerImpl.java:start(181)) - dc7da519-a43e-47f8-96f6-d94a5aa023a9@group-E2D237B037F9: start as a follower, conf=-1: [dc7da519-a43e-47f8-96f6-d94a5aa023a9:192.168.30.10:34383, 2261b771-ff64-427b-9b56-35f4853894b8:192.168.30.10:41700, 0e03d9c1-b0a5-4eac-8020-17b1644a8f75:192.168.30.10:41797], old=null
2019-10-10 09:49:31,408 [pool-433-thread-1] INFO  server.RaftServerConfigKeys (ConfUtils.java:logGet(43)) - raft.server.snapshot.retention.file.num = 5 (custom)
2019-10-10 09:49:31,408 [pool-413-thread-1] INFO  impl.RaftServerImpl (RaftServerImpl.java:setRole(170)) - dc7da519-a43e-47f8-96f6-d94a5aa023a9@group-E2D237B037F9: changes role from      null to FOLLOWER at term 0 for startAsFollower
2019-10-10 09:49:31,408 [pool-433-thread-1] INFO  server.RaftServerConfigKeys (ConfUtils.java:logGet(43)) - raft.server.retrycache.expirytime = 600000ms (custom)
2019-10-10 09:49:31,408 [pool-413-thread-1] INFO  impl.RoleInfo (RoleInfo.java:updateAndGet(143)) - dc7da519-a43e-47f8-96f6-d94a5aa023a9: start FollowerState
2019-10-10 09:49:31,408 [pool-413-thread-1] INFO  util.JmxRegister (JmxRegister.java:tryRegister(44)) - Successfully registered JMX Bean with object name Ratis:service=RaftServer,group=group-E2D237B037F9,id=dc7da519-a43e-47f8-96f6-d94a5aa023a9
2019-10-10 09:49:31,409 [pool-423-thread-1] INFO  impl.RaftServerImpl (RaftServerImpl.java:start(181)) - 0e03d9c1-b0a5-4eac-8020-17b1644a8f75@group-E2D237B037F9: start as a follower, conf=-1: [dc7da519-a43e-47f8-96f6-d94a5aa023a9:192.168.30.10:34383, 2261b771-ff64-427b-9b56-35f4853894b8:192.168.30.10:41700, 0e03d9c1-b0a5-4eac-8020-17b1644a8f75:192.168.30.10:41797], old=null
2019-10-10 09:49:31,410 [pool-423-thread-1] INFO  impl.RaftServerImpl (RaftServerImpl.java:setRole(170)) - 0e03d9c1-b0a5-4eac-8020-17b1644a8f75@group-E2D237B037F9: changes role from      null to FOLLOWER at term 0 for startAsFollower
2019-10-10 09:49:31,410 [pool-423-thread-1] INFO  impl.RoleInfo (RoleInfo.java:updateAndGet(143)) - 0e03d9c1-b0a5-4eac-8020-17b1644a8f75: start FollowerState
2019-10-10 09:49:31,410 [pool-423-thread-1] INFO  util.JmxRegister (JmxRegister.java:tryRegister(44)) - Successfully registered JMX Bean with object name Ratis:service=RaftServer,group=group-E2D237B037F9,id=0e03d9c1-b0a5-4eac-8020-17b1644a8f75
2019-10-10 09:49:31,410 [pool-433-thread-1] INFO  impl.RaftServerImpl (RaftServerImpl.java:start(181)) - 2261b771-ff64-427b-9b56-35f4853894b8@group-E2D237B037F9: start as a follower, conf=-1: [dc7da519-a43e-47f8-96f6-d94a5aa023a9:192.168.30.10:34383, 2261b771-ff64-427b-9b56-35f4853894b8:192.168.30.10:41700, 0e03d9c1-b0a5-4eac-8020-17b1644a8f75:192.168.30.10:41797], old=null
2019-10-10 09:49:31,410 [pool-433-thread-1] INFO  impl.RaftServerImpl (RaftServerImpl.java:setRole(170)) - 2261b771-ff64-427b-9b56-35f4853894b8@group-E2D237B037F9: changes role from      null to FOLLOWER at term 0 for startAsFollower
2019-10-10 09:49:31,410 [pool-433-thread-1] INFO  impl.RoleInfo (RoleInfo.java:updateAndGet(143)) - 2261b771-ff64-427b-9b56-35f4853894b8: start FollowerState
2019-10-10 09:49:31,411 [pool-433-thread-1] INFO  util.JmxRegister (JmxRegister.java:tryRegister(44)) - Successfully registered JMX Bean with object name Ratis:service=RaftServer,group=group-E2D237B037F9,id=2261b771-ff64-427b-9b56-35f4853894b8
2019-10-10 09:49:31,414 [RatisPipelineUtilsThread] INFO  pipeline.PipelineStateManager (PipelineStateManager.java:addPipeline(56)) - Created pipeline Pipeline[ Id: a65c0a76-9ca4-4023-bc90-e2d237b037f9, Nodes: 0e03d9c1-b0a5-4eac-8020-17b1644a8f75{ip: 192.168.30.10, host: pr-hdds-1737-8bn8f-679866343, networkLocation: /default-rack, certSerialId: null}dc7da519-a43e-47f8-96f6-d94a5aa023a9{ip: 192.168.30.10, host: pr-hdds-1737-8bn8f-679866343, networkLocation: /default-rack, certSerialId: null}2261b771-ff64-427b-9b56-35f4853894b8{ip: 192.168.30.10, host: pr-hdds-1737-8bn8f-679866343, networkLocation: /default-rack, certSerialId: null}, Type:RATIS, Factor:THREE, State:OPEN]
2019-10-10 09:49:32,282 [main] INFO  ozone.MiniOzoneClusterImpl (MiniOzoneClusterImpl.java:lambda$waitForClusterToBeReady$0(147)) - Cluster is ready. Got 7 of 7 DN Heartbeats.
2019-10-10 09:49:32,331 [main] INFO  rpc.RpcClient (RpcClient.java:createVolume(277)) - Creating Volume: watchforcommithandlingtest, with jenkins1000 as owner.
2019-10-10 09:49:32,334 [IPC Server handler 1 on 33898] INFO  volume.OMVolumeCreateRequest (OMVolumeCreateRequest.java:validateAndUpdateCache(193)) - created volume:watchforcommithandlingtest for user:jenkins1000
2019-10-10 09:49:32,351 [main] INFO  rpc.RpcClient (RpcClient.java:createBucket(416)) - Creating Bucket: watchforcommithandlingtest/watchforcommithandlingtest, with Versioning false and Storage Type set to DISK and Encryption set to false 
2019-10-10 09:49:32,356 [main] INFO  ozone.MiniOzoneClusterImpl (MiniOzoneClusterImpl.java:getStorageContainerLocationClient(234)) - Creating StorageContainerLocationProtocol RPC client with address /0.0.0.0:44253
2019-10-10 09:49:33,824 [Thread-2381] INFO  container.ReplicationManager (ReplicationManager.java:start(162)) - Starting Replication Monitor Thread.
2019-10-10 09:49:33,828 [ReplicationMonitor] INFO  container.ReplicationManager (ReplicationManager.java:run(225)) - Replication Monitor Thread took 0 milliseconds for processing 1 containers.
2019-10-10 09:49:35,922 [Thread-2386] INFO  impl.FollowerState (FollowerState.java:run(108)) - ba2f7cfc-3c10-4d36-be20-9c5c096da0ba@group-F33EA7290524-FollowerState: change to CANDIDATE, lastRpcTime:5004ms, electionTimeout:5004ms
2019-10-10 09:49:35,922 [Thread-2386] INFO  impl.RoleInfo (RoleInfo.java:shutdownFollowerState(121)) - ba2f7cfc-3c10-4d36-be20-9c5c096da0ba: shutdown FollowerState
2019-10-10 09:49:35,922 [Thread-2386] INFO  impl.RaftServerImpl (RaftServerImpl.java:setRole(170)) - ba2f7cfc-3c10-4d36-be20-9c5c096da0ba@group-F33EA7290524: changes role from  FOLLOWER to CANDIDATE at term 0 for changeToCandidate
2019-10-10 09:49:35,922 [Thread-2386] INFO  impl.RoleInfo (RoleInfo.java:updateAndGet(143)) - ba2f7cfc-3c10-4d36-be20-9c5c096da0ba: start LeaderElection
2019-10-10 09:49:35,944 [ba2f7cfc-3c10-4d36-be20-9c5c096da0ba@group-F33EA7290524-LeaderElection66] INFO  impl.LeaderElection (LeaderElection.java:askForVotes(178)) - ba2f7cfc-3c10-4d36-be20-9c5c096da0ba@group-F33EA7290524-LeaderElection66: begin an election at term 1 for -1: [ba2f7cfc-3c10-4d36-be20-9c5c096da0ba:192.168.30.10:34055], old=null
2019-10-10 09:49:35,944 [ba2f7cfc-3c10-4d36-be20-9c5c096da0ba@group-F33EA7290524-LeaderElection66] INFO  impl.RoleInfo (RoleInfo.java:shutdownLeaderElection(134)) - ba2f7cfc-3c10-4d36-be20-9c5c096da0ba: shutdown LeaderElection
2019-10-10 09:49:35,944 [ba2f7cfc-3c10-4d36-be20-9c5c096da0ba@group-F33EA7290524-LeaderElection66] INFO  impl.RaftServerImpl (RaftServerImpl.java:setRole(170)) - ba2f7cfc-3c10-4d36-be20-9c5c096da0ba@group-F33EA7290524: changes role from CANDIDATE to LEADER at term 1 for changeToLeader
2019-10-10 09:49:35,945 [ba2f7cfc-3c10-4d36-be20-9c5c096da0ba@group-F33EA7290524-LeaderElection66] INFO  impl.RaftServerImpl (ServerState.java:setLeader(255)) - ba2f7cfc-3c10-4d36-be20-9c5c096da0ba@group-F33EA7290524: change Leader from null to ba2f7cfc-3c10-4d36-be20-9c5c096da0ba at term 1 for becomeLeader, leader elected after 5032ms
2019-10-10 09:49:35,945 [ba2f7cfc-3c10-4d36-be20-9c5c096da0ba@group-F33EA7290524-LeaderElection66] INFO  server.RaftServerConfigKeys (ConfUtils.java:logGet(43)) - raft.server.staging.catchup.gap = 1000 (default)
2019-10-10 09:49:35,945 [ba2f7cfc-3c10-4d36-be20-9c5c096da0ba@group-F33EA7290524-LeaderElection66] INFO  server.RaftServerConfigKeys (ConfUtils.java:logGet(43)) - raft.server.rpc.sleep.time = 25ms (default)
2019-10-10 09:49:35,945 [ba2f7cfc-3c10-4d36-be20-9c5c096da0ba@group-F33EA7290524-LeaderElection66] INFO  server.RaftServerConfigKeys (ConfUtils.java:logGet(43)) - raft.server.write.element-limit = 4096 (default)
2019-10-10 09:49:35,945 [ba2f7cfc-3c10-4d36-be20-9c5c096da0ba@group-F33EA7290524-LeaderElection66] INFO  server.RaftServerConfigKeys (ConfUtils.java:logGet(43)) - raft.server.watch.timeout = 10s (default)
2019-10-10 09:49:35,945 [ba2f7cfc-3c10-4d36-be20-9c5c096da0ba@group-F33EA7290524-LeaderElection66] INFO  server.RaftServerConfigKeys (ConfUtils.java:logGet(43)) - raft.server.watch.timeout.denomination = 1s (default)
2019-10-10 09:49:35,946 [ba2f7cfc-3c10-4d36-be20-9c5c096da0ba@group-F33EA7290524-LeaderElection66] INFO  server.RaftServerConfigKeys (ConfUtils.java:logGet(43)) - raft.server.watch.element-limit = 65536 (default)
2019-10-10 09:49:35,947 [ba2f7cfc-3c10-4d36-be20-9c5c096da0ba@group-F33EA7290524-LeaderElection66] INFO  impl.RoleInfo (RoleInfo.java:updateAndGet(143)) - ba2f7cfc-3c10-4d36-be20-9c5c096da0ba: start LeaderState
2019-10-10 09:49:35,948 [ba2f7cfc-3c10-4d36-be20-9c5c096da0ba@group-F33EA7290524-LeaderElection66] INFO  segmented.SegmentedRaftLogWorker (SegmentedRaftLogWorker.java:startLogSegment(385)) - ba2f7cfc-3c10-4d36-be20-9c5c096da0ba@group-F33EA7290524-SegmentedRaftLogWorker: Starting segment from index:0
2019-10-10 09:49:35,948 [ba2f7cfc-3c10-4d36-be20-9c5c096da0ba@group-F33EA7290524-LeaderElection66] INFO  impl.RaftServerImpl (ServerState.java:setRaftConf(356)) - ba2f7cfc-3c10-4d36-be20-9c5c096da0ba@group-F33EA7290524: set configuration 0: [ba2f7cfc-3c10-4d36-be20-9c5c096da0ba:192.168.30.10:34055], old=null at 0
2019-10-10 09:49:35,987 [Thread-2383] INFO  impl.FollowerState (FollowerState.java:run(108)) - a67970e8-8425-43f5-a21e-c7ba505a3499@group-58C704269D9F-FollowerState: change to CANDIDATE, lastRpcTime:5117ms, electionTimeout:5117ms
2019-10-10 09:49:35,987 [Thread-2383] INFO  impl.RoleInfo (RoleInfo.java:shutdownFollowerState(121)) - a67970e8-8425-43f5-a21e-c7ba505a3499: shutdown FollowerState
2019-10-10 09:49:35,987 [Thread-2383] INFO  impl.RaftServerImpl (RaftServerImpl.java:setRole(170)) - a67970e8-8425-43f5-a21e-c7ba505a3499@group-58C704269D9F: changes role from  FOLLOWER to CANDIDATE at term 0 for changeToCandidate
2019-10-10 09:49:35,987 [Thread-2383] INFO  impl.RoleInfo (RoleInfo.java:updateAndGet(143)) - a67970e8-8425-43f5-a21e-c7ba505a3499: start LeaderElection
2019-10-10 09:49:35,996 [ba2f7cfc-3c10-4d36-be20-9c5c096da0ba@group-F33EA7290524-SegmentedRaftLogWorker] INFO  segmented.SegmentedRaftLogWorker (SegmentedRaftLogWorker.java:execute(574)) - ba2f7cfc-3c10-4d36-be20-9c5c096da0ba@group-F33EA7290524-SegmentedRaftLogWorker: created new log segment /workdir/hadoop-ozone/integration-test/target/test-dir/MiniOzoneClusterImpl-d628f2ca-ca44-4a24-a849-6824008ba556/datanode-1/data/ratis/f1ea2ab0-4e90-4550-8bdc-f33ea7290524/current/log_inprogress_0
2019-10-10 09:49:35,999 [a67970e8-8425-43f5-a21e-c7ba505a3499@group-58C704269D9F-LeaderElection67] INFO  impl.LeaderElection (LeaderElection.java:askForVotes(178)) - a67970e8-8425-43f5-a21e-c7ba505a3499@group-58C704269D9F-LeaderElection67: begin an election at term 1 for -1: [a67970e8-8425-43f5-a21e-c7ba505a3499:192.168.30.10:42537], old=null
2019-10-10 09:49:35,999 [a67970e8-8425-43f5-a21e-c7ba505a3499@group-58C704269D9F-LeaderElection67] INFO  impl.RoleInfo (RoleInfo.java:shutdownLeaderElection(134)) - a67970e8-8425-43f5-a21e-c7ba505a3499: shutdown LeaderElection
2019-10-10 09:49:35,999 [a67970e8-8425-43f5-a21e-c7ba505a3499@group-58C704269D9F-LeaderElection67] INFO  impl.RaftServerImpl (RaftServerImpl.java:setRole(170)) - a67970e8-8425-43f5-a21e-c7ba505a3499@group-58C704269D9F: changes role from CANDIDATE to LEADER at term 1 for changeToLeader
2019-10-10 09:49:35,999 [a67970e8-8425-43f5-a21e-c7ba505a3499@group-58C704269D9F-LeaderElection67] INFO  impl.RaftServerImpl (ServerState.java:setLeader(255)) - a67970e8-8425-43f5-a21e-c7ba505a3499@group-58C704269D9F: change Leader from null to a67970e8-8425-43f5-a21e-c7ba505a3499 at term 1 for becomeLeader, leader elected after 5136ms
2019-10-10 09:49:35,999 [a67970e8-8425-43f5-a21e-c7ba505a3499@group-58C704269D9F-LeaderElection67] INFO  server.RaftServerConfigKeys (ConfUtils.java:logGet(43)) - raft.server.staging.catchup.gap = 1000 (default)
2019-10-10 09:49:36,000 [a67970e8-8425-43f5-a21e-c7ba505a3499@group-58C704269D9F-LeaderElection67] INFO  server.RaftServerConfigKeys (ConfUtils.java:logGet(43)) - raft.server.rpc.sleep.time = 25ms (default)
2019-10-10 09:49:36,000 [a67970e8-8425-43f5-a21e-c7ba505a3499@group-58C704269D9F-LeaderElection67] INFO  server.RaftServerConfigKeys (ConfUtils.java:logGet(43)) - raft.server.write.element-limit = 4096 (default)
2019-10-10 09:49:36,000 [a67970e8-8425-43f5-a21e-c7ba505a3499@group-58C704269D9F-LeaderElection67] INFO  server.RaftServerConfigKeys (ConfUtils.java:logGet(43)) - raft.server.watch.timeout = 10s (default)
2019-10-10 09:49:36,000 [a67970e8-8425-43f5-a21e-c7ba505a3499@group-58C704269D9F-LeaderElection67] INFO  server.RaftServerConfigKeys (ConfUtils.java:logGet(43)) - raft.server.watch.timeout.denomination = 1s (default)
2019-10-10 09:49:36,000 [a67970e8-8425-43f5-a21e-c7ba505a3499@group-58C704269D9F-LeaderElection67] INFO  server.RaftServerConfigKeys (ConfUtils.java:logGet(43)) - raft.server.watch.element-limit = 65536 (default)
2019-10-10 09:49:36,002 [a67970e8-8425-43f5-a21e-c7ba505a3499@group-58C704269D9F-LeaderElection67] INFO  impl.RoleInfo (RoleInfo.java:updateAndGet(143)) - a67970e8-8425-43f5-a21e-c7ba505a3499: start LeaderState
2019-10-10 09:49:36,002 [a67970e8-8425-43f5-a21e-c7ba505a3499@group-58C704269D9F-LeaderElection67] INFO  segmented.SegmentedRaftLogWorker (SegmentedRaftLogWorker.java:startLogSegment(385)) - a67970e8-8425-43f5-a21e-c7ba505a3499@group-58C704269D9F-SegmentedRaftLogWorker: Starting segment from index:0
2019-10-10 09:49:36,003 [a67970e8-8425-43f5-a21e-c7ba505a3499@group-58C704269D9F-LeaderElection67] INFO  impl.RaftServerImpl (ServerState.java:setRaftConf(356)) - a67970e8-8425-43f5-a21e-c7ba505a3499@group-58C704269D9F: set configuration 0: [a67970e8-8425-43f5-a21e-c7ba505a3499:192.168.30.10:42537], old=null at 0
2019-10-10 09:49:36,048 [a67970e8-8425-43f5-a21e-c7ba505a3499@group-58C704269D9F-SegmentedRaftLogWorker] INFO  segmented.SegmentedRaftLogWorker (SegmentedRaftLogWorker.java:execute(574)) - a67970e8-8425-43f5-a21e-c7ba505a3499@group-58C704269D9F-SegmentedRaftLogWorker: created new log segment /workdir/hadoop-ozone/integration-test/target/test-dir/MiniOzoneClusterImpl-d628f2ca-ca44-4a24-a849-6824008ba556/datanode-0/data/ratis/e68acca9-189d-4022-a62c-58c704269d9f/current/log_inprogress_0
2019-10-10 09:49:36,072 [Thread-2396] INFO  impl.FollowerState (FollowerState.java:run(108)) - a67970e8-8425-43f5-a21e-c7ba505a3499@group-41083F6567D3-FollowerState: change to CANDIDATE, lastRpcTime:5004ms, electionTimeout:5004ms
2019-10-10 09:49:36,073 [Thread-2396] INFO  impl.RoleInfo (RoleInfo.java:shutdownFollowerState(121)) - a67970e8-8425-43f5-a21e-c7ba505a3499: shutdown FollowerState
2019-10-10 09:49:36,073 [Thread-2396] INFO  impl.RaftServerImpl (RaftServerImpl.java:setRole(170)) - a67970e8-8425-43f5-a21e-c7ba505a3499@group-41083F6567D3: changes role from  FOLLOWER to CANDIDATE at term 0 for changeToCandidate
2019-10-10 09:49:36,073 [Thread-2396] INFO  impl.RoleInfo (RoleInfo.java:updateAndGet(143)) - a67970e8-8425-43f5-a21e-c7ba505a3499: start LeaderElection
2019-10-10 09:49:36,088 [Thread-2389] INFO  impl.FollowerState (FollowerState.java:run(108)) - 5771ad15-5c02-4f57-a269-c9edde6394ba@group-1F889AAD97A5-FollowerState: change to CANDIDATE, lastRpcTime:5082ms, electionTimeout:5082ms
2019-10-10 09:49:36,088 [Thread-2389] INFO  impl.RoleInfo (RoleInfo.java:shutdownFollowerState(121)) - 5771ad15-5c02-4f57-a269-c9edde6394ba: shutdown FollowerState
2019-10-10 09:49:36,088 [Thread-2389] INFO  impl.RaftServerImpl (RaftServerImpl.java:setRole(170)) - 5771ad15-5c02-4f57-a269-c9edde6394ba@group-1F889AAD97A5: changes role from  FOLLOWER to CANDIDATE at term 0 for changeToCandidate
2019-10-10 09:49:36,088 [Thread-2389] INFO  impl.RoleInfo (RoleInfo.java:updateAndGet(143)) - 5771ad15-5c02-4f57-a269-c9edde6394ba: start LeaderElection
2019-10-10 09:49:36,090 [a67970e8-8425-43f5-a21e-c7ba505a3499@group-41083F6567D3-LeaderElection68] INFO  impl.LeaderElection (LeaderElection.java:askForVotes(178)) - a67970e8-8425-43f5-a21e-c7ba505a3499@group-41083F6567D3-LeaderElection68: begin an election at term 1 for -1: [5771ad15-5c02-4f57-a269-c9edde6394ba:192.168.30.10:39027, ba2f7cfc-3c10-4d36-be20-9c5c096da0ba:192.168.30.10:34055, a67970e8-8425-43f5-a21e-c7ba505a3499:192.168.30.10:42537], old=null
2019-10-10 09:49:36,102 [grpc-default-executor-10] INFO  impl.RaftServerImpl (RaftServerImpl.java:setRole(170)) - ba2f7cfc-3c10-4d36-be20-9c5c096da0ba@group-41083F6567D3: changes role from  FOLLOWER to FOLLOWER at term 1 for recognizeCandidate:a67970e8-8425-43f5-a21e-c7ba505a3499
2019-10-10 09:49:36,105 [grpc-default-executor-9] INFO  impl.RaftServerImpl (RaftServerImpl.java:setRole(170)) - 5771ad15-5c02-4f57-a269-c9edde6394ba@group-41083F6567D3: changes role from  FOLLOWER to FOLLOWER at term 1 for recognizeCandidate:a67970e8-8425-43f5-a21e-c7ba505a3499
2019-10-10 09:49:36,105 [grpc-default-executor-9] INFO  impl.RoleInfo (RoleInfo.java:shutdownFollowerState(121)) - 5771ad15-5c02-4f57-a269-c9edde6394ba: shutdown FollowerState
2019-10-10 09:49:36,105 [grpc-default-executor-10] INFO  impl.RoleInfo (RoleInfo.java:shutdownFollowerState(121)) - ba2f7cfc-3c10-4d36-be20-9c5c096da0ba: shutdown FollowerState
2019-10-10 09:49:36,106 [grpc-default-executor-9] INFO  impl.RoleInfo (RoleInfo.java:updateAndGet(143)) - 5771ad15-5c02-4f57-a269-c9edde6394ba: start FollowerState
2019-10-10 09:49:36,106 [Thread-2397] INFO  impl.FollowerState (FollowerState.java:run(117)) - 5771ad15-5c02-4f57-a269-c9edde6394ba@group-41083F6567D3-FollowerState was interrupted: java.lang.InterruptedException: sleep interrupted
2019-10-10 09:49:36,106 [grpc-default-executor-10] INFO  impl.RoleInfo (RoleInfo.java:updateAndGet(143)) - ba2f7cfc-3c10-4d36-be20-9c5c096da0ba: start FollowerState
2019-10-10 09:49:36,106 [Thread-2392] INFO  impl.FollowerState (FollowerState.java:run(117)) - ba2f7cfc-3c10-4d36-be20-9c5c096da0ba@group-41083F6567D3-FollowerState was interrupted: java.lang.InterruptedException: sleep interrupted
2019-10-10 09:49:36,111 [5771ad15-5c02-4f57-a269-c9edde6394ba@group-1F889AAD97A5-LeaderElection69] INFO  impl.LeaderElection (LeaderElection.java:askForVotes(178)) - 5771ad15-5c02-4f57-a269-c9edde6394ba@group-1F889AAD97A5-LeaderElection69: begin an election at term 1 for -1: [5771ad15-5c02-4f57-a269-c9edde6394ba:192.168.30.10:39027], old=null
2019-10-10 09:49:36,111 [5771ad15-5c02-4f57-a269-c9edde6394ba@group-1F889AAD97A5-LeaderElection69] INFO  impl.RoleInfo (RoleInfo.java:shutdownLeaderElection(134)) - 5771ad15-5c02-4f57-a269-c9edde6394ba: shutdown LeaderElection
2019-10-10 09:49:36,111 [5771ad15-5c02-4f57-a269-c9edde6394ba@group-1F889AAD97A5-LeaderElection69] INFO  impl.RaftServerImpl (RaftServerImpl.java:setRole(170)) - 5771ad15-5c02-4f57-a269-c9edde6394ba@group-1F889AAD97A5: changes role from CANDIDATE to LEADER at term 1 for changeToLeader
2019-10-10 09:49:36,111 [5771ad15-5c02-4f57-a269-c9edde6394ba@group-1F889AAD97A5-LeaderElection69] INFO  impl.RaftServerImpl (ServerState.java:setLeader(255)) - 5771ad15-5c02-4f57-a269-c9edde6394ba@group-1F889AAD97A5: change Leader from null to 5771ad15-5c02-4f57-a269-c9edde6394ba at term 1 for becomeLeader, leader elected after 5111ms
2019-10-10 09:49:36,111 [5771ad15-5c02-4f57-a269-c9edde6394ba@group-1F889AAD97A5-LeaderElection69] INFO  server.RaftServerConfigKeys (ConfUtils.java:logGet(43)) - raft.server.staging.catchup.gap = 1000 (default)
2019-10-10 09:49:36,111 [5771ad15-5c02-4f57-a269-c9edde6394ba@group-1F889AAD97A5-LeaderElection69] INFO  server.RaftServerConfigKeys (ConfUtils.java:logGet(43)) - raft.server.rpc.sleep.time = 25ms (default)
2019-10-10 09:49:36,111 [5771ad15-5c02-4f57-a269-c9edde6394ba@group-1F889AAD97A5-LeaderElection69] INFO  server.RaftServerConfigKeys (ConfUtils.java:logGet(43)) - raft.server.write.element-limit = 4096 (default)
2019-10-10 09:49:36,111 [5771ad15-5c02-4f57-a269-c9edde6394ba@group-1F889AAD97A5-LeaderElection69] INFO  server.RaftServerConfigKeys (ConfUtils.java:logGet(43)) - raft.server.watch.timeout = 10s (default)
2019-10-10 09:49:36,111 [5771ad15-5c02-4f57-a269-c9edde6394ba@group-1F889AAD97A5-LeaderElection69] INFO  server.RaftServerConfigKeys (ConfUtils.java:logGet(43)) - raft.server.watch.timeout.denomination = 1s (default)
2019-10-10 09:49:36,112 [5771ad15-5c02-4f57-a269-c9edde6394ba@group-1F889AAD97A5-LeaderElection69] INFO  server.RaftServerConfigKeys (ConfUtils.java:logGet(43)) - raft.server.watch.element-limit = 65536 (default)
2019-10-10 09:49:36,113 [5771ad15-5c02-4f57-a269-c9edde6394ba@group-1F889AAD97A5-LeaderElection69] INFO  impl.RoleInfo (RoleInfo.java:updateAndGet(143)) - 5771ad15-5c02-4f57-a269-c9edde6394ba: start LeaderState
2019-10-10 09:49:36,113 [5771ad15-5c02-4f57-a269-c9edde6394ba@group-1F889AAD97A5-LeaderElection69] INFO  segmented.SegmentedRaftLogWorker (SegmentedRaftLogWorker.java:startLogSegment(385)) - 5771ad15-5c02-4f57-a269-c9edde6394ba@group-1F889AAD97A5-SegmentedRaftLogWorker: Starting segment from index:0
2019-10-10 09:49:36,114 [5771ad15-5c02-4f57-a269-c9edde6394ba@group-1F889AAD97A5-LeaderElection69] INFO  impl.RaftServerImpl (ServerState.java:setRaftConf(356)) - 5771ad15-5c02-4f57-a269-c9edde6394ba@group-1F889AAD97A5: set configuration 0: [5771ad15-5c02-4f57-a269-c9edde6394ba:192.168.30.10:39027], old=null at 0
2019-10-10 09:49:36,125 [a67970e8-8425-43f5-a21e-c7ba505a3499@group-41083F6567D3-LeaderElection68] INFO  impl.LeaderElection (LeaderElection.java:logAndReturn(56)) - a67970e8-8425-43f5-a21e-c7ba505a3499@group-41083F6567D3-LeaderElection68: Election PASSED; received 1 response(s) [a67970e8-8425-43f5-a21e-c7ba505a3499<-ba2f7cfc-3c10-4d36-be20-9c5c096da0ba#0:OK-t1] and 0 exception(s); a67970e8-8425-43f5-a21e-c7ba505a3499@group-41083F6567D3:t1, leader=null, voted=a67970e8-8425-43f5-a21e-c7ba505a3499, raftlog=a67970e8-8425-43f5-a21e-c7ba505a3499@group-41083F6567D3-SegmentedRaftLog:OPENED:c-1,f-1,i0, conf=-1: [5771ad15-5c02-4f57-a269-c9edde6394ba:192.168.30.10:39027, ba2f7cfc-3c10-4d36-be20-9c5c096da0ba:192.168.30.10:34055, a67970e8-8425-43f5-a21e-c7ba505a3499:192.168.30.10:42537], old=null
2019-10-10 09:49:36,125 [a67970e8-8425-43f5-a21e-c7ba505a3499@group-41083F6567D3-LeaderElection68] INFO  impl.RoleInfo (RoleInfo.java:shutdownLeaderElection(134)) - a67970e8-8425-43f5-a21e-c7ba505a3499: shutdown LeaderElection
2019-10-10 09:49:36,125 [a67970e8-8425-43f5-a21e-c7ba505a3499@group-41083F6567D3-LeaderElection68] INFO  impl.RaftServerImpl (RaftServerImpl.java:setRole(170)) - a67970e8-8425-43f5-a21e-c7ba505a3499@group-41083F6567D3: changes role from CANDIDATE to LEADER at term 1 for changeToLeader
2019-10-10 09:49:36,125 [a67970e8-8425-43f5-a21e-c7ba505a3499@group-41083F6567D3-LeaderElection68] INFO  impl.RaftServerImpl (ServerState.java:setLeader(255)) - a67970e8-8425-43f5-a21e-c7ba505a3499@group-41083F6567D3: change Leader from null to a67970e8-8425-43f5-a21e-c7ba505a3499 at term 1 for becomeLeader, leader elected after 5069ms
2019-10-10 09:49:36,125 [a67970e8-8425-43f5-a21e-c7ba505a3499@group-41083F6567D3-LeaderElection68] INFO  server.RaftServerConfigKeys (ConfUtils.java:logGet(43)) - raft.server.staging.catchup.gap = 1000 (default)
2019-10-10 09:49:36,125 [a67970e8-8425-43f5-a21e-c7ba505a3499@group-41083F6567D3-LeaderElection68] INFO  server.RaftServerConfigKeys (ConfUtils.java:logGet(43)) - raft.server.rpc.sleep.time = 25ms (default)
2019-10-10 09:49:36,125 [a67970e8-8425-43f5-a21e-c7ba505a3499@group-41083F6567D3-LeaderElection68] INFO  server.RaftServerConfigKeys (ConfUtils.java:logGet(43)) - raft.server.write.element-limit = 4096 (default)
2019-10-10 09:49:36,126 [a67970e8-8425-43f5-a21e-c7ba505a3499@group-41083F6567D3-LeaderElection68] INFO  server.RaftServerConfigKeys (ConfUtils.java:logGet(43)) - raft.server.watch.timeout = 10s (default)
2019-10-10 09:49:36,126 [a67970e8-8425-43f5-a21e-c7ba505a3499@group-41083F6567D3-LeaderElection68] INFO  server.RaftServerConfigKeys (ConfUtils.java:logGet(43)) - raft.server.watch.timeout.denomination = 1s (default)
2019-10-10 09:49:36,126 [a67970e8-8425-43f5-a21e-c7ba505a3499@group-41083F6567D3-LeaderElection68] INFO  server.RaftServerConfigKeys (ConfUtils.java:logGet(43)) - raft.server.watch.element-limit = 65536 (default)
2019-10-10 09:49:36,127 [a67970e8-8425-43f5-a21e-c7ba505a3499@group-41083F6567D3-LeaderElection68] INFO  server.RaftServerConfigKeys (ConfUtils.java:logGet(43)) - raft.server.log.appender.snapshot.chunk.size.max = 16MB (=16777216) (default)
2019-10-10 09:49:36,127 [a67970e8-8425-43f5-a21e-c7ba505a3499@group-41083F6567D3-LeaderElection68] INFO  server.RaftServerConfigKeys (ConfUtils.java:logGet(43)) - raft.server.log.appender.buffer.byte-limit = 33554432 (custom)
2019-10-10 09:49:36,127 [a67970e8-8425-43f5-a21e-c7ba505a3499@group-41083F6567D3-LeaderElection68] INFO  server.RaftServerConfigKeys (ConfUtils.java:logGet(43)) - raft.server.log.appender.buffer.element-limit = 1 (custom)
2019-10-10 09:49:36,128 [a67970e8-8425-43f5-a21e-c7ba505a3499@group-41083F6567D3-LeaderElection68] INFO  grpc.GrpcConfigKeys$Server (ConfUtils.java:logGet(43)) - raft.grpc.server.leader.outstanding.appends.max = 128 (default)
2019-10-10 09:49:36,128 [a67970e8-8425-43f5-a21e-c7ba505a3499@group-41083F6567D3-LeaderElection68] INFO  server.RaftServerConfigKeys (ConfUtils.java:logGet(43)) - raft.server.rpc.request.timeout = 3000ms (default)
2019-10-10 09:49:36,128 [a67970e8-8425-43f5-a21e-c7ba505a3499@group-41083F6567D3-LeaderElection68] INFO  server.RaftServerConfigKeys (ConfUtils.java:logGet(43)) - raft.server.log.appender.install.snapshot.enabled = false (custom)
2019-10-10 09:49:36,128 [a67970e8-8425-43f5-a21e-c7ba505a3499@group-41083F6567D3-LeaderElection68] INFO  server.RaftServerConfigKeys (ConfUtils.java:logGet(43)) - raft.server.log.appender.snapshot.chunk.size.max = 16MB (=16777216) (default)
2019-10-10 09:49:36,128 [a67970e8-8425-43f5-a21e-c7ba505a3499@group-41083F6567D3-LeaderElection68] INFO  server.RaftServerConfigKeys (ConfUtils.java:logGet(43)) - raft.server.log.appender.buffer.byte-limit = 33554432 (custom)
2019-10-10 09:49:36,128 [a67970e8-8425-43f5-a21e-c7ba505a3499@group-41083F6567D3-LeaderElection68] INFO  server.RaftServerConfigKeys (ConfUtils.java:logGet(43)) - raft.server.log.appender.buffer.element-limit = 1 (custom)
2019-10-10 09:49:36,128 [a67970e8-8425-43f5-a21e-c7ba505a3499@group-41083F6567D3-LeaderElection68] INFO  grpc.GrpcConfigKeys$Server (ConfUtils.java:logGet(43)) - raft.grpc.server.leader.outstanding.appends.max = 128 (default)
2019-10-10 09:49:36,128 [a67970e8-8425-43f5-a21e-c7ba505a3499@group-41083F6567D3-LeaderElection68] INFO  server.RaftServerConfigKeys (ConfUtils.java:logGet(43)) - raft.server.rpc.request.timeout = 3000ms (default)
2019-10-10 09:49:36,128 [a67970e8-8425-43f5-a21e-c7ba505a3499@group-41083F6567D3-LeaderElection68] INFO  server.RaftServerConfigKeys (ConfUtils.java:logGet(43)) - raft.server.log.appender.install.snapshot.enabled = false (custom)
2019-10-10 09:49:36,129 [a67970e8-8425-43f5-a21e-c7ba505a3499@group-41083F6567D3-LeaderElection68] INFO  impl.RoleInfo (RoleInfo.java:updateAndGet(143)) - a67970e8-8425-43f5-a21e-c7ba505a3499: start LeaderState
2019-10-10 09:49:36,129 [a67970e8-8425-43f5-a21e-c7ba505a3499@group-41083F6567D3-LeaderElection68] INFO  segmented.SegmentedRaftLogWorker (SegmentedRaftLogWorker.java:startLogSegment(385)) - a67970e8-8425-43f5-a21e-c7ba505a3499@group-41083F6567D3-SegmentedRaftLogWorker: Starting segment from index:0
2019-10-10 09:49:36,129 [a67970e8-8425-43f5-a21e-c7ba505a3499@group-41083F6567D3-LeaderElection68] INFO  impl.RaftServerImpl (ServerState.java:setRaftConf(356)) - a67970e8-8425-43f5-a21e-c7ba505a3499@group-41083F6567D3: set configuration 0: [5771ad15-5c02-4f57-a269-c9edde6394ba:192.168.30.10:39027, ba2f7cfc-3c10-4d36-be20-9c5c096da0ba:192.168.30.10:34055, a67970e8-8425-43f5-a21e-c7ba505a3499:192.168.30.10:42537], old=null at 0
2019-10-10 09:49:36,157 [grpc-default-executor-9] INFO  impl.RaftServerImpl (ServerState.java:setLeader(255)) - ba2f7cfc-3c10-4d36-be20-9c5c096da0ba@group-41083F6567D3: change Leader from null to a67970e8-8425-43f5-a21e-c7ba505a3499 at term 1 for appendEntries, leader elected after 5101ms
2019-10-10 09:49:36,175 [grpc-default-executor-10] INFO  impl.RaftServerImpl (ServerState.java:setLeader(255)) - 5771ad15-5c02-4f57-a269-c9edde6394ba@group-41083F6567D3: change Leader from null to a67970e8-8425-43f5-a21e-c7ba505a3499 at term 1 for appendEntries, leader elected after 5119ms
2019-10-10 09:49:36,176 [5771ad15-5c02-4f57-a269-c9edde6394ba@group-1F889AAD97A5-SegmentedRaftLogWorker] INFO  segmented.SegmentedRaftLogWorker (SegmentedRaftLogWorker.java:execute(574)) - 5771ad15-5c02-4f57-a269-c9edde6394ba@group-1F889AAD97A5-SegmentedRaftLogWorker: created new log segment /workdir/hadoop-ozone/integration-test/target/test-dir/MiniOzoneClusterImpl-d628f2ca-ca44-4a24-a849-6824008ba556/datanode-2/data/ratis/02b7008c-980d-4c36-a1e6-1f889aad97a5/current/log_inprogress_0
2019-10-10 09:49:36,176 [a67970e8-8425-43f5-a21e-c7ba505a3499@group-41083F6567D3-SegmentedRaftLogWorker] INFO  segmented.SegmentedRaftLogWorker (SegmentedRaftLogWorker.java:execute(574)) - a67970e8-8425-43f5-a21e-c7ba505a3499@group-41083F6567D3-SegmentedRaftLogWorker: created new log segment /workdir/hadoop-ozone/integration-test/target/test-dir/MiniOzoneClusterImpl-d628f2ca-ca44-4a24-a849-6824008ba556/datanode-0/data/ratis/55be24b3-6028-4a3b-ad7d-41083f6567d3/current/log_inprogress_0
2019-10-10 09:49:36,177 [grpc-default-executor-9] INFO  impl.RaftServerImpl (ServerState.java:setRaftConf(356)) - ba2f7cfc-3c10-4d36-be20-9c5c096da0ba@group-41083F6567D3: set configuration 0: [5771ad15-5c02-4f57-a269-c9edde6394ba:192.168.30.10:39027, ba2f7cfc-3c10-4d36-be20-9c5c096da0ba:192.168.30.10:34055, a67970e8-8425-43f5-a21e-c7ba505a3499:192.168.30.10:42537], old=null at 0
2019-10-10 09:49:36,177 [grpc-default-executor-10] INFO  impl.RaftServerImpl (ServerState.java:setRaftConf(356)) - 5771ad15-5c02-4f57-a269-c9edde6394ba@group-41083F6567D3: set configuration 0: [5771ad15-5c02-4f57-a269-c9edde6394ba:192.168.30.10:39027, ba2f7cfc-3c10-4d36-be20-9c5c096da0ba:192.168.30.10:34055, a67970e8-8425-43f5-a21e-c7ba505a3499:192.168.30.10:42537], old=null at 0
2019-10-10 09:49:36,177 [grpc-default-executor-9] INFO  segmented.SegmentedRaftLogWorker (SegmentedRaftLogWorker.java:startLogSegment(385)) - ba2f7cfc-3c10-4d36-be20-9c5c096da0ba@group-41083F6567D3-SegmentedRaftLogWorker: Starting segment from index:0
2019-10-10 09:49:36,177 [grpc-default-executor-10] INFO  segmented.SegmentedRaftLogWorker (SegmentedRaftLogWorker.java:startLogSegment(385)) - 5771ad15-5c02-4f57-a269-c9edde6394ba@group-41083F6567D3-SegmentedRaftLogWorker: Starting segment from index:0
2019-10-10 09:49:36,209 [ba2f7cfc-3c10-4d36-be20-9c5c096da0ba@group-41083F6567D3-SegmentedRaftLogWorker] INFO  segmented.SegmentedRaftLogWorker (SegmentedRaftLogWorker.java:execute(574)) - ba2f7cfc-3c10-4d36-be20-9c5c096da0ba@group-41083F6567D3-SegmentedRaftLogWorker: created new log segment /workdir/hadoop-ozone/integration-test/target/test-dir/MiniOzoneClusterImpl-d628f2ca-ca44-4a24-a849-6824008ba556/datanode-1/data/ratis/55be24b3-6028-4a3b-ad7d-41083f6567d3/current/log_inprogress_0
2019-10-10 09:49:36,209 [5771ad15-5c02-4f57-a269-c9edde6394ba@group-41083F6567D3-SegmentedRaftLogWorker] INFO  segmented.SegmentedRaftLogWorker (SegmentedRaftLogWorker.java:execute(574)) - 5771ad15-5c02-4f57-a269-c9edde6394ba@group-41083F6567D3-SegmentedRaftLogWorker: created new log segment /workdir/hadoop-ozone/integration-test/target/test-dir/MiniOzoneClusterImpl-d628f2ca-ca44-4a24-a849-6824008ba556/datanode-2/data/ratis/55be24b3-6028-4a3b-ad7d-41083f6567d3/current/log_inprogress_0
2019-10-10 09:49:36,264 [Thread-2404] INFO  impl.FollowerState (FollowerState.java:run(108)) - dc7da519-a43e-47f8-96f6-d94a5aa023a9@group-68BF4B1619D6-FollowerState: change to CANDIDATE, lastRpcTime:5037ms, electionTimeout:5037ms
2019-10-10 09:49:36,264 [Thread-2404] INFO  impl.RoleInfo (RoleInfo.java:shutdownFollowerState(121)) - dc7da519-a43e-47f8-96f6-d94a5aa023a9: shutdown FollowerState
2019-10-10 09:49:36,265 [Thread-2404] INFO  impl.RaftServerImpl (RaftServerImpl.java:setRole(170)) - dc7da519-a43e-47f8-96f6-d94a5aa023a9@group-68BF4B1619D6: changes role from  FOLLOWER to CANDIDATE at term 0 for changeToCandidate
2019-10-10 09:49:36,265 [Thread-2404] INFO  impl.RoleInfo (RoleInfo.java:updateAndGet(143)) - dc7da519-a43e-47f8-96f6-d94a5aa023a9: start LeaderElection
2019-10-10 09:49:36,284 [dc7da519-a43e-47f8-96f6-d94a5aa023a9@group-68BF4B1619D6-LeaderElection70] INFO  impl.LeaderElection (LeaderElection.java:askForVotes(178)) - dc7da519-a43e-47f8-96f6-d94a5aa023a9@group-68BF4B1619D6-LeaderElection70: begin an election at term 1 for -1: [dc7da519-a43e-47f8-96f6-d94a5aa023a9:192.168.30.10:34383], old=null
2019-10-10 09:49:36,284 [dc7da519-a43e-47f8-96f6-d94a5aa023a9@group-68BF4B1619D6-LeaderElection70] INFO  impl.RoleInfo (RoleInfo.java:shutdownLeaderElection(134)) - dc7da519-a43e-47f8-96f6-d94a5aa023a9: shutdown LeaderElection
2019-10-10 09:49:36,284 [dc7da519-a43e-47f8-96f6-d94a5aa023a9@group-68BF4B1619D6-LeaderElection70] INFO  impl.RaftServerImpl (RaftServerImpl.java:setRole(170)) - dc7da519-a43e-47f8-96f6-d94a5aa023a9@group-68BF4B1619D6: changes role from CANDIDATE to LEADER at term 1 for changeToLeader
2019-10-10 09:49:36,285 [dc7da519-a43e-47f8-96f6-d94a5aa023a9@group-68BF4B1619D6-LeaderElection70] INFO  impl.RaftServerImpl (ServerState.java:setLeader(255)) - dc7da519-a43e-47f8-96f6-d94a5aa023a9@group-68BF4B1619D6: change Leader from null to dc7da519-a43e-47f8-96f6-d94a5aa023a9 at term 1 for becomeLeader, leader elected after 5062ms
2019-10-10 09:49:36,285 [dc7da519-a43e-47f8-96f6-d94a5aa023a9@group-68BF4B1619D6-LeaderElection70] INFO  server.RaftServerConfigKeys (ConfUtils.java:logGet(43)) - raft.server.staging.catchup.gap = 1000 (default)
2019-10-10 09:49:36,285 [dc7da519-a43e-47f8-96f6-d94a5aa023a9@group-68BF4B1619D6-LeaderElection70] INFO  server.RaftServerConfigKeys (ConfUtils.java:logGet(43)) - raft.server.rpc.sleep.time = 25ms (default)
2019-10-10 09:49:36,285 [dc7da519-a43e-47f8-96f6-d94a5aa023a9@group-68BF4B1619D6-LeaderElection70] INFO  server.RaftServerConfigKeys (ConfUtils.java:logGet(43)) - raft.server.write.element-limit = 4096 (default)
2019-10-10 09:49:36,285 [dc7da519-a43e-47f8-96f6-d94a5aa023a9@group-68BF4B1619D6-LeaderElection70] INFO  server.RaftServerConfigKeys (ConfUtils.java:logGet(43)) - raft.server.watch.timeout = 10s (default)
2019-10-10 09:49:36,285 [dc7da519-a43e-47f8-96f6-d94a5aa023a9@group-68BF4B1619D6-LeaderElection70] INFO  server.RaftServerConfigKeys (ConfUtils.java:logGet(43)) - raft.server.watch.timeout.denomination = 1s (default)
2019-10-10 09:49:36,285 [dc7da519-a43e-47f8-96f6-d94a5aa023a9@group-68BF4B1619D6-LeaderElection70] INFO  server.RaftServerConfigKeys (ConfUtils.java:logGet(43)) - raft.server.watch.element-limit = 65536 (default)
2019-10-10 09:49:36,287 [dc7da519-a43e-47f8-96f6-d94a5aa023a9@group-68BF4B1619D6-LeaderElection70] INFO  impl.RoleInfo (RoleInfo.java:updateAndGet(143)) - dc7da519-a43e-47f8-96f6-d94a5aa023a9: start LeaderState
2019-10-10 09:49:36,288 [dc7da519-a43e-47f8-96f6-d94a5aa023a9@group-68BF4B1619D6-LeaderElection70] INFO  segmented.SegmentedRaftLogWorker (SegmentedRaftLogWorker.java:startLogSegment(385)) - dc7da519-a43e-47f8-96f6-d94a5aa023a9@group-68BF4B1619D6-SegmentedRaftLogWorker: Starting segment from index:0
2019-10-10 09:49:36,288 [dc7da519-a43e-47f8-96f6-d94a5aa023a9@group-68BF4B1619D6-LeaderElection70] INFO  impl.RaftServerImpl (ServerState.java:setRaftConf(356)) - dc7da519-a43e-47f8-96f6-d94a5aa023a9@group-68BF4B1619D6: set configuration 0: [dc7da519-a43e-47f8-96f6-d94a5aa023a9:192.168.30.10:34383], old=null at 0
2019-10-10 09:49:36,314 [Thread-2401] INFO  impl.FollowerState (FollowerState.java:run(108)) - 0e03d9c1-b0a5-4eac-8020-17b1644a8f75@group-A64E0D67266D-FollowerState: change to CANDIDATE, lastRpcTime:5134ms, electionTimeout:5134ms
2019-10-10 09:49:36,314 [Thread-2401] INFO  impl.RoleInfo (RoleInfo.java:shutdownFollowerState(121)) - 0e03d9c1-b0a5-4eac-8020-17b1644a8f75: shutdown FollowerState
2019-10-10 09:49:36,314 [Thread-2401] INFO  impl.RaftServerImpl (RaftServerImpl.java:setRole(170)) - 0e03d9c1-b0a5-4eac-8020-17b1644a8f75@group-A64E0D67266D: changes role from  FOLLOWER to CANDIDATE at term 0 for changeToCandidate
2019-10-10 09:49:36,315 [Thread-2401] INFO  impl.RoleInfo (RoleInfo.java:updateAndGet(143)) - 0e03d9c1-b0a5-4eac-8020-17b1644a8f75: start LeaderElection
2019-10-10 09:49:36,340 [dc7da519-a43e-47f8-96f6-d94a5aa023a9@group-68BF4B1619D6-SegmentedRaftLogWorker] INFO  segmented.SegmentedRaftLogWorker (SegmentedRaftLogWorker.java:execute(574)) - dc7da519-a43e-47f8-96f6-d94a5aa023a9@group-68BF4B1619D6-SegmentedRaftLogWorker: created new log segment /workdir/hadoop-ozone/integration-test/target/test-dir/MiniOzoneClusterImpl-d628f2ca-ca44-4a24-a849-6824008ba556/datanode-3/data/ratis/7157163e-3946-4a66-9112-68bf4b1619d6/current/log_inprogress_0
2019-10-10 09:49:36,340 [0e03d9c1-b0a5-4eac-8020-17b1644a8f75@group-A64E0D67266D-LeaderElection71] INFO  impl.LeaderElection (LeaderElection.java:askForVotes(178)) - 0e03d9c1-b0a5-4eac-8020-17b1644a8f75@group-A64E0D67266D-LeaderElection71: begin an election at term 1 for -1: [0e03d9c1-b0a5-4eac-8020-17b1644a8f75:192.168.30.10:41797], old=null
2019-10-10 09:49:36,340 [0e03d9c1-b0a5-4eac-8020-17b1644a8f75@group-A64E0D67266D-LeaderElection71] INFO  impl.RoleInfo (RoleInfo.java:shutdownLeaderElection(134)) - 0e03d9c1-b0a5-4eac-8020-17b1644a8f75: shutdown LeaderElection
2019-10-10 09:49:36,340 [0e03d9c1-b0a5-4eac-8020-17b1644a8f75@group-A64E0D67266D-LeaderElection71] INFO  impl.RaftServerImpl (RaftServerImpl.java:setRole(170)) - 0e03d9c1-b0a5-4eac-8020-17b1644a8f75@group-A64E0D67266D: changes role from CANDIDATE to LEADER at term 1 for changeToLeader
2019-10-10 09:49:36,340 [0e03d9c1-b0a5-4eac-8020-17b1644a8f75@group-A64E0D67266D-LeaderElection71] INFO  impl.RaftServerImpl (ServerState.java:setLeader(255)) - 0e03d9c1-b0a5-4eac-8020-17b1644a8f75@group-A64E0D67266D: change Leader from null to 0e03d9c1-b0a5-4eac-8020-17b1644a8f75 at term 1 for becomeLeader, leader elected after 5167ms
2019-10-10 09:49:36,341 [0e03d9c1-b0a5-4eac-8020-17b1644a8f75@group-A64E0D67266D-LeaderElection71] INFO  server.RaftServerConfigKeys (ConfUtils.java:logGet(43)) - raft.server.staging.catchup.gap = 1000 (default)
2019-10-10 09:49:36,341 [0e03d9c1-b0a5-4eac-8020-17b1644a8f75@group-A64E0D67266D-LeaderElection71] INFO  server.RaftServerConfigKeys (ConfUtils.java:logGet(43)) - raft.server.rpc.sleep.time = 25ms (default)
2019-10-10 09:49:36,341 [0e03d9c1-b0a5-4eac-8020-17b1644a8f75@group-A64E0D67266D-LeaderElection71] INFO  server.RaftServerConfigKeys (ConfUtils.java:logGet(43)) - raft.server.write.element-limit = 4096 (default)
2019-10-10 09:49:36,341 [0e03d9c1-b0a5-4eac-8020-17b1644a8f75@group-A64E0D67266D-LeaderElection71] INFO  server.RaftServerConfigKeys (ConfUtils.java:logGet(43)) - raft.server.watch.timeout = 10s (default)
2019-10-10 09:49:36,341 [0e03d9c1-b0a5-4eac-8020-17b1644a8f75@group-A64E0D67266D-LeaderElection71] INFO  server.RaftServerConfigKeys (ConfUtils.java:logGet(43)) - raft.server.watch.timeout.denomination = 1s (default)
2019-10-10 09:49:36,341 [0e03d9c1-b0a5-4eac-8020-17b1644a8f75@group-A64E0D67266D-LeaderElection71] INFO  server.RaftServerConfigKeys (ConfUtils.java:logGet(43)) - raft.server.watch.element-limit = 65536 (default)
2019-10-10 09:49:36,343 [0e03d9c1-b0a5-4eac-8020-17b1644a8f75@group-A64E0D67266D-LeaderElection71] INFO  impl.RoleInfo (RoleInfo.java:updateAndGet(143)) - 0e03d9c1-b0a5-4eac-8020-17b1644a8f75: start LeaderState
2019-10-10 09:49:36,343 [0e03d9c1-b0a5-4eac-8020-17b1644a8f75@group-A64E0D67266D-LeaderElection71] INFO  segmented.SegmentedRaftLogWorker (SegmentedRaftLogWorker.java:startLogSegment(385)) - 0e03d9c1-b0a5-4eac-8020-17b1644a8f75@group-A64E0D67266D-SegmentedRaftLogWorker: Starting segment from index:0
2019-10-10 09:49:36,344 [0e03d9c1-b0a5-4eac-8020-17b1644a8f75@group-A64E0D67266D-LeaderElection71] INFO  impl.RaftServerImpl (ServerState.java:setRaftConf(356)) - 0e03d9c1-b0a5-4eac-8020-17b1644a8f75@group-A64E0D67266D: set configuration 0: [0e03d9c1-b0a5-4eac-8020-17b1644a8f75:192.168.30.10:41797], old=null at 0
2019-10-10 09:49:36,363 [Thread-2407] INFO  impl.FollowerState (FollowerState.java:run(108)) - 2261b771-ff64-427b-9b56-35f4853894b8@group-41CD70EA3242-FollowerState: change to CANDIDATE, lastRpcTime:5085ms, electionTimeout:5085ms
2019-10-10 09:49:36,363 [Thread-2407] INFO  impl.RoleInfo (RoleInfo.java:shutdownFollowerState(121)) - 2261b771-ff64-427b-9b56-35f4853894b8: shutdown FollowerState
2019-10-10 09:49:36,364 [Thread-2407] INFO  impl.RaftServerImpl (RaftServerImpl.java:setRole(170)) - 2261b771-ff64-427b-9b56-35f4853894b8@group-41CD70EA3242: changes role from  FOLLOWER to CANDIDATE at term 0 for changeToCandidate
2019-10-10 09:49:36,364 [Thread-2407] INFO  impl.RoleInfo (RoleInfo.java:updateAndGet(143)) - 2261b771-ff64-427b-9b56-35f4853894b8: start LeaderElection
2019-10-10 09:49:36,379 [Thread-2410] INFO  impl.FollowerState (FollowerState.java:run(108)) - ae6f4611-d74a-415a-8df6-2b3a01ba6da7@group-A2E18BA923ED-FollowerState: change to CANDIDATE, lastRpcTime:5048ms, electionTimeout:5042ms
2019-10-10 09:49:36,380 [Thread-2410] INFO  impl.RoleInfo (RoleInfo.java:shutdownFollowerState(121)) - ae6f4611-d74a-415a-8df6-2b3a01ba6da7: shutdown FollowerState
2019-10-10 09:49:36,380 [Thread-2410] INFO  impl.RaftServerImpl (RaftServerImpl.java:setRole(170)) - ae6f4611-d74a-415a-8df6-2b3a01ba6da7@group-A2E18BA923ED: changes role from  FOLLOWER to CANDIDATE at term 0 for changeToCandidate
2019-10-10 09:49:36,385 [Thread-2410] INFO  impl.RoleInfo (RoleInfo.java:updateAndGet(143)) - ae6f4611-d74a-415a-8df6-2b3a01ba6da7: start LeaderElection
2019-10-10 09:49:36,394 [0e03d9c1-b0a5-4eac-8020-17b1644a8f75@group-A64E0D67266D-SegmentedRaftLogWorker] INFO  segmented.SegmentedRaftLogWorker (SegmentedRaftLogWorker.java:execute(574)) - 0e03d9c1-b0a5-4eac-8020-17b1644a8f75@group-A64E0D67266D-SegmentedRaftLogWorker: created new log segment /workdir/hadoop-ozone/integration-test/target/test-dir/MiniOzoneClusterImpl-d628f2ca-ca44-4a24-a849-6824008ba556/datanode-4/data/ratis/9d26abfe-04a5-48e5-86ba-a64e0d67266d/current/log_inprogress_0
2019-10-10 09:49:36,406 [ae6f4611-d74a-415a-8df6-2b3a01ba6da7@group-A2E18BA923ED-LeaderElection73] INFO  impl.LeaderElection (LeaderElection.java:askForVotes(178)) - ae6f4611-d74a-415a-8df6-2b3a01ba6da7@group-A2E18BA923ED-LeaderElection73: begin an election at term 1 for -1: [ae6f4611-d74a-415a-8df6-2b3a01ba6da7:192.168.30.10:38259], old=null
2019-10-10 09:49:36,406 [2261b771-ff64-427b-9b56-35f4853894b8@group-41CD70EA3242-LeaderElection72] INFO  impl.LeaderElection (LeaderElection.java:askForVotes(178)) - 2261b771-ff64-427b-9b56-35f4853894b8@group-41CD70EA3242-LeaderElection72: begin an election at term 1 for -1: [2261b771-ff64-427b-9b56-35f4853894b8:192.168.30.10:41700], old=null
2019-10-10 09:49:36,406 [ae6f4611-d74a-415a-8df6-2b3a01ba6da7@group-A2E18BA923ED-LeaderElection73] INFO  impl.RoleInfo (RoleInfo.java:shutdownLeaderElection(134)) - ae6f4611-d74a-415a-8df6-2b3a01ba6da7: shutdown LeaderElection
2019-10-10 09:49:36,407 [2261b771-ff64-427b-9b56-35f4853894b8@group-41CD70EA3242-LeaderElection72] INFO  impl.RoleInfo (RoleInfo.java:shutdownLeaderElection(134)) - 2261b771-ff64-427b-9b56-35f4853894b8: shutdown LeaderElection
2019-10-10 09:49:36,407 [ae6f4611-d74a-415a-8df6-2b3a01ba6da7@group-A2E18BA923ED-LeaderElection73] INFO  impl.RaftServerImpl (RaftServerImpl.java:setRole(170)) - ae6f4611-d74a-415a-8df6-2b3a01ba6da7@group-A2E18BA923ED: changes role from CANDIDATE to LEADER at term 1 for changeToLeader
2019-10-10 09:49:36,407 [2261b771-ff64-427b-9b56-35f4853894b8@group-41CD70EA3242-LeaderElection72] INFO  impl.RaftServerImpl (RaftServerImpl.java:setRole(170)) - 2261b771-ff64-427b-9b56-35f4853894b8@group-41CD70EA3242: changes role from CANDIDATE to LEADER at term 1 for changeToLeader
2019-10-10 09:49:36,407 [ae6f4611-d74a-415a-8df6-2b3a01ba6da7@group-A2E18BA923ED-LeaderElection73] INFO  impl.RaftServerImpl (ServerState.java:setLeader(255)) - ae6f4611-d74a-415a-8df6-2b3a01ba6da7@group-A2E18BA923ED: change Leader from null to ae6f4611-d74a-415a-8df6-2b3a01ba6da7 at term 1 for becomeLeader, leader elected after 5082ms
2019-10-10 09:49:36,407 [2261b771-ff64-427b-9b56-35f4853894b8@group-41CD70EA3242-LeaderElection72] INFO  impl.RaftServerImpl (ServerState.java:setLeader(255)) - 2261b771-ff64-427b-9b56-35f4853894b8@group-41CD70EA3242: change Leader from null to 2261b771-ff64-427b-9b56-35f4853894b8 at term 1 for becomeLeader, leader elected after 5136ms
2019-10-10 09:49:36,407 [ae6f4611-d74a-415a-8df6-2b3a01ba6da7@group-A2E18BA923ED-LeaderElection73] INFO  server.RaftServerConfigKeys (ConfUtils.java:logGet(43)) - raft.server.staging.catchup.gap = 1000 (default)
2019-10-10 09:49:36,407 [2261b771-ff64-427b-9b56-35f4853894b8@group-41CD70EA3242-LeaderElection72] INFO  server.RaftServerConfigKeys (ConfUtils.java:logGet(43)) - raft.server.staging.catchup.gap = 1000 (default)
2019-10-10 09:49:36,407 [ae6f4611-d74a-415a-8df6-2b3a01ba6da7@group-A2E18BA923ED-LeaderElection73] INFO  server.RaftServerConfigKeys (ConfUtils.java:logGet(43)) - raft.server.rpc.sleep.time = 25ms (default)
2019-10-10 09:49:36,407 [2261b771-ff64-427b-9b56-35f4853894b8@group-41CD70EA3242-LeaderElection72] INFO  server.RaftServerConfigKeys (ConfUtils.java:logGet(43)) - raft.server.rpc.sleep.time = 25ms (default)
2019-10-10 09:49:36,407 [ae6f4611-d74a-415a-8df6-2b3a01ba6da7@group-A2E18BA923ED-LeaderElection73] INFO  server.RaftServerConfigKeys (ConfUtils.java:logGet(43)) - raft.server.write.element-limit = 4096 (default)
2019-10-10 09:49:36,408 [2261b771-ff64-427b-9b56-35f4853894b8@group-41CD70EA3242-LeaderElection72] INFO  server.RaftServerConfigKeys (ConfUtils.java:logGet(43)) - raft.server.write.element-limit = 4096 (default)
2019-10-10 09:49:36,408 [ae6f4611-d74a-415a-8df6-2b3a01ba6da7@group-A2E18BA923ED-LeaderElection73] INFO  server.RaftServerConfigKeys (ConfUtils.java:logGet(43)) - raft.server.watch.timeout = 10s (default)
2019-10-10 09:49:36,408 [2261b771-ff64-427b-9b56-35f4853894b8@group-41CD70EA3242-LeaderElection72] INFO  server.RaftServerConfigKeys (ConfUtils.java:logGet(43)) - raft.server.watch.timeout = 10s (default)
2019-10-10 09:49:36,408 [ae6f4611-d74a-415a-8df6-2b3a01ba6da7@group-A2E18BA923ED-LeaderElection73] INFO  server.RaftServerConfigKeys (ConfUtils.java:logGet(43)) - raft.server.watch.timeout.denomination = 1s (default)
2019-10-10 09:49:36,408 [2261b771-ff64-427b-9b56-35f4853894b8@group-41CD70EA3242-LeaderElection72] INFO  server.RaftServerConfigKeys (ConfUtils.java:logGet(43)) - raft.server.watch.timeout.denomination = 1s (default)
2019-10-10 09:49:36,408 [ae6f4611-d74a-415a-8df6-2b3a01ba6da7@group-A2E18BA923ED-LeaderElection73] INFO  server.RaftServerConfigKeys (ConfUtils.java:logGet(43)) - raft.server.watch.element-limit = 65536 (default)
2019-10-10 09:49:36,408 [2261b771-ff64-427b-9b56-35f4853894b8@group-41CD70EA3242-LeaderElection72] INFO  server.RaftServerConfigKeys (ConfUtils.java:logGet(43)) - raft.server.watch.element-limit = 65536 (default)
2019-10-10 09:49:36,410 [ae6f4611-d74a-415a-8df6-2b3a01ba6da7@group-A2E18BA923ED-LeaderElection73] INFO  impl.RoleInfo (RoleInfo.java:updateAndGet(143)) - ae6f4611-d74a-415a-8df6-2b3a01ba6da7: start LeaderState
2019-10-10 09:49:36,411 [2261b771-ff64-427b-9b56-35f4853894b8@group-41CD70EA3242-LeaderElection72] INFO  impl.RoleInfo (RoleInfo.java:updateAndGet(143)) - 2261b771-ff64-427b-9b56-35f4853894b8: start LeaderState
2019-10-10 09:49:36,411 [ae6f4611-d74a-415a-8df6-2b3a01ba6da7@group-A2E18BA923ED-LeaderElection73] INFO  segmented.SegmentedRaftLogWorker (SegmentedRaftLogWorker.java:startLogSegment(385)) - ae6f4611-d74a-415a-8df6-2b3a01ba6da7@group-A2E18BA923ED-SegmentedRaftLogWorker: Starting segment from index:0
2019-10-10 09:49:36,411 [2261b771-ff64-427b-9b56-35f4853894b8@group-41CD70EA3242-LeaderElection72] INFO  segmented.SegmentedRaftLogWorker (SegmentedRaftLogWorker.java:startLogSegment(385)) - 2261b771-ff64-427b-9b56-35f4853894b8@group-41CD70EA3242-SegmentedRaftLogWorker: Starting segment from index:0
2019-10-10 09:49:36,411 [ae6f4611-d74a-415a-8df6-2b3a01ba6da7@group-A2E18BA923ED-LeaderElection73] INFO  impl.RaftServerImpl (ServerState.java:setRaftConf(356)) - ae6f4611-d74a-415a-8df6-2b3a01ba6da7@group-A2E18BA923ED: set configuration 0: [ae6f4611-d74a-415a-8df6-2b3a01ba6da7:192.168.30.10:38259], old=null at 0
2019-10-10 09:49:36,411 [2261b771-ff64-427b-9b56-35f4853894b8@group-41CD70EA3242-LeaderElection72] INFO  impl.RaftServerImpl (ServerState.java:setRaftConf(356)) - 2261b771-ff64-427b-9b56-35f4853894b8@group-41CD70EA3242: set configuration 0: [2261b771-ff64-427b-9b56-35f4853894b8:192.168.30.10:41700], old=null at 0
2019-10-10 09:49:36,451 [2261b771-ff64-427b-9b56-35f4853894b8@group-41CD70EA3242-SegmentedRaftLogWorker] INFO  segmented.SegmentedRaftLogWorker (SegmentedRaftLogWorker.java:execute(574)) - 2261b771-ff64-427b-9b56-35f4853894b8@group-41CD70EA3242-SegmentedRaftLogWorker: created new log segment /workdir/hadoop-ozone/integration-test/target/test-dir/MiniOzoneClusterImpl-d628f2ca-ca44-4a24-a849-6824008ba556/datanode-5/data/ratis/a1db8e66-cab6-45ff-b1f8-41cd70ea3242/current/log_inprogress_0
2019-10-10 09:49:36,451 [ae6f4611-d74a-415a-8df6-2b3a01ba6da7@group-A2E18BA923ED-SegmentedRaftLogWorker] INFO  segmented.SegmentedRaftLogWorker (SegmentedRaftLogWorker.java:execute(574)) - ae6f4611-d74a-415a-8df6-2b3a01ba6da7@group-A2E18BA923ED-SegmentedRaftLogWorker: created new log segment /workdir/hadoop-ozone/integration-test/target/test-dir/MiniOzoneClusterImpl-d628f2ca-ca44-4a24-a849-6824008ba556/datanode-6/data/ratis/fec52896-f357-4751-888e-a2e18ba923ed/current/log_inprogress_0
2019-10-10 09:49:36,536 [Thread-2417] INFO  impl.FollowerState (FollowerState.java:run(108)) - 2261b771-ff64-427b-9b56-35f4853894b8@group-E2D237B037F9-FollowerState: change to CANDIDATE, lastRpcTime:5125ms, electionTimeout:5125ms
2019-10-10 09:49:36,536 [Thread-2417] INFO  impl.RoleInfo (RoleInfo.java:shutdownFollowerState(121)) - 2261b771-ff64-427b-9b56-35f4853894b8: shutdown FollowerState
2019-10-10 09:49:36,537 [Thread-2417] INFO  impl.RaftServerImpl (RaftServerImpl.java:setRole(170)) - 2261b771-ff64-427b-9b56-35f4853894b8@group-E2D237B037F9: changes role from  FOLLOWER to CANDIDATE at term 0 for changeToCandidate
2019-10-10 09:49:36,537 [Thread-2417] INFO  impl.RoleInfo (RoleInfo.java:updateAndGet(143)) - 2261b771-ff64-427b-9b56-35f4853894b8: start LeaderElection
2019-10-10 09:49:36,552 [2261b771-ff64-427b-9b56-35f4853894b8@group-E2D237B037F9-LeaderElection74] INFO  impl.LeaderElection (LeaderElection.java:askForVotes(178)) - 2261b771-ff64-427b-9b56-35f4853894b8@group-E2D237B037F9-LeaderElection74: begin an election at term 1 for -1: [dc7da519-a43e-47f8-96f6-d94a5aa023a9:192.168.30.10:34383, 2261b771-ff64-427b-9b56-35f4853894b8:192.168.30.10:41700, 0e03d9c1-b0a5-4eac-8020-17b1644a8f75:192.168.30.10:41797], old=null
2019-10-10 09:49:36,565 [grpc-default-executor-10] INFO  impl.RaftServerImpl (RaftServerImpl.java:setRole(170)) - dc7da519-a43e-47f8-96f6-d94a5aa023a9@group-E2D237B037F9: changes role from  FOLLOWER to FOLLOWER at term 1 for recognizeCandidate:2261b771-ff64-427b-9b56-35f4853894b8
2019-10-10 09:49:36,567 [grpc-default-executor-9] INFO  impl.RaftServerImpl (RaftServerImpl.java:setRole(170)) - 0e03d9c1-b0a5-4eac-8020-17b1644a8f75@group-E2D237B037F9: changes role from  FOLLOWER to FOLLOWER at term 1 for recognizeCandidate:2261b771-ff64-427b-9b56-35f4853894b8
2019-10-10 09:49:36,567 [grpc-default-executor-10] INFO  impl.RoleInfo (RoleInfo.java:shutdownFollowerState(121)) - dc7da519-a43e-47f8-96f6-d94a5aa023a9: shutdown FollowerState
2019-10-10 09:49:36,567 [grpc-default-executor-9] INFO  impl.RoleInfo (RoleInfo.java:shutdownFollowerState(121)) - 0e03d9c1-b0a5-4eac-8020-17b1644a8f75: shutdown FollowerState
2019-10-10 09:49:36,567 [grpc-default-executor-10] INFO  impl.RoleInfo (RoleInfo.java:updateAndGet(143)) - dc7da519-a43e-47f8-96f6-d94a5aa023a9: start FollowerState
2019-10-10 09:49:36,567 [Thread-2416] INFO  impl.FollowerState (FollowerState.java:run(117)) - 0e03d9c1-b0a5-4eac-8020-17b1644a8f75@group-E2D237B037F9-FollowerState was interrupted: java.lang.InterruptedException: sleep interrupted
2019-10-10 09:49:36,567 [grpc-default-executor-9] INFO  impl.RoleInfo (RoleInfo.java:updateAndGet(143)) - 0e03d9c1-b0a5-4eac-8020-17b1644a8f75: start FollowerState
2019-10-10 09:49:36,580 [2261b771-ff64-427b-9b56-35f4853894b8@group-E2D237B037F9-LeaderElection74] INFO  impl.LeaderElection (LeaderElection.java:logAndReturn(56)) - 2261b771-ff64-427b-9b56-35f4853894b8@group-E2D237B037F9-LeaderElection74: Election PASSED; received 1 response(s) [2261b771-ff64-427b-9b56-35f4853894b8<-0e03d9c1-b0a5-4eac-8020-17b1644a8f75#0:OK-t1] and 0 exception(s); 2261b771-ff64-427b-9b56-35f4853894b8@group-E2D237B037F9:t1, leader=null, voted=2261b771-ff64-427b-9b56-35f4853894b8, raftlog=2261b771-ff64-427b-9b56-35f4853894b8@group-E2D237B037F9-SegmentedRaftLog:OPENED:c-1,f-1,i0, conf=-1: [dc7da519-a43e-47f8-96f6-d94a5aa023a9:192.168.30.10:34383, 2261b771-ff64-427b-9b56-35f4853894b8:192.168.30.10:41700, 0e03d9c1-b0a5-4eac-8020-17b1644a8f75:192.168.30.10:41797], old=null
2019-10-10 09:49:36,580 [2261b771-ff64-427b-9b56-35f4853894b8@group-E2D237B037F9-LeaderElection74] INFO  impl.RoleInfo (RoleInfo.java:shutdownLeaderElection(134)) - 2261b771-ff64-427b-9b56-35f4853894b8: shutdown LeaderElection
2019-10-10 09:49:36,580 [2261b771-ff64-427b-9b56-35f4853894b8@group-E2D237B037F9-LeaderElection74] INFO  impl.RaftServerImpl (RaftServerImpl.java:setRole(170)) - 2261b771-ff64-427b-9b56-35f4853894b8@group-E2D237B037F9: changes role from CANDIDATE to LEADER at term 1 for changeToLeader
2019-10-10 09:49:36,580 [2261b771-ff64-427b-9b56-35f4853894b8@group-E2D237B037F9-LeaderElection74] INFO  impl.RaftServerImpl (ServerState.java:setLeader(255)) - 2261b771-ff64-427b-9b56-35f4853894b8@group-E2D237B037F9: change Leader from null to 2261b771-ff64-427b-9b56-35f4853894b8 at term 1 for becomeLeader, leader elected after 5179ms
2019-10-10 09:49:36,580 [2261b771-ff64-427b-9b56-35f4853894b8@group-E2D237B037F9-LeaderElection74] INFO  server.RaftServerConfigKeys (ConfUtils.java:logGet(43)) - raft.server.staging.catchup.gap = 1000 (default)
2019-10-10 09:49:36,581 [2261b771-ff64-427b-9b56-35f4853894b8@group-E2D237B037F9-LeaderElection74] INFO  server.RaftServerConfigKeys (ConfUtils.java:logGet(43)) - raft.server.rpc.sleep.time = 25ms (default)
2019-10-10 09:49:36,581 [2261b771-ff64-427b-9b56-35f4853894b8@group-E2D237B037F9-LeaderElection74] INFO  server.RaftServerConfigKeys (ConfUtils.java:logGet(43)) - raft.server.write.element-limit = 4096 (default)
2019-10-10 09:49:36,581 [2261b771-ff64-427b-9b56-35f4853894b8@group-E2D237B037F9-LeaderElection74] INFO  server.RaftServerConfigKeys (ConfUtils.java:logGet(43)) - raft.server.watch.timeout = 10s (default)
2019-10-10 09:49:36,581 [2261b771-ff64-427b-9b56-35f4853894b8@group-E2D237B037F9-LeaderElection74] INFO  server.RaftServerConfigKeys (ConfUtils.java:logGet(43)) - raft.server.watch.timeout.denomination = 1s (default)
2019-10-10 09:49:36,581 [2261b771-ff64-427b-9b56-35f4853894b8@group-E2D237B037F9-LeaderElection74] INFO  server.RaftServerConfigKeys (ConfUtils.java:logGet(43)) - raft.server.watch.element-limit = 65536 (default)
2019-10-10 09:49:36,583 [2261b771-ff64-427b-9b56-35f4853894b8@group-E2D237B037F9-LeaderElection74] INFO  server.RaftServerConfigKeys (ConfUtils.java:logGet(43)) - raft.server.log.appender.snapshot.chunk.size.max = 16MB (=16777216) (default)
2019-10-10 09:49:36,583 [2261b771-ff64-427b-9b56-35f4853894b8@group-E2D237B037F9-LeaderElection74] INFO  server.RaftServerConfigKeys (ConfUtils.java:logGet(43)) - raft.server.log.appender.buffer.byte-limit = 33554432 (custom)
2019-10-10 09:49:36,583 [2261b771-ff64-427b-9b56-35f4853894b8@group-E2D237B037F9-LeaderElection74] INFO  server.RaftServerConfigKeys (ConfUtils.java:logGet(43)) - raft.server.log.appender.buffer.element-limit = 1 (custom)
2019-10-10 09:49:36,583 [2261b771-ff64-427b-9b56-35f4853894b8@group-E2D237B037F9-LeaderElection74] INFO  grpc.GrpcConfigKeys$Server (ConfUtils.java:logGet(43)) - raft.grpc.server.leader.outstanding.appends.max = 128 (default)
2019-10-10 09:49:36,583 [2261b771-ff64-427b-9b56-35f4853894b8@group-E2D237B037F9-LeaderElection74] INFO  server.RaftServerConfigKeys (ConfUtils.java:logGet(43)) - raft.server.rpc.request.timeout = 3000ms (default)
2019-10-10 09:49:36,583 [2261b771-ff64-427b-9b56-35f4853894b8@group-E2D237B037F9-LeaderElection74] INFO  server.RaftServerConfigKeys (ConfUtils.java:logGet(43)) - raft.server.log.appender.install.snapshot.enabled = false (custom)
2019-10-10 09:49:36,584 [2261b771-ff64-427b-9b56-35f4853894b8@group-E2D237B037F9-LeaderElection74] INFO  server.RaftServerConfigKeys (ConfUtils.java:logGet(43)) - raft.server.log.appender.snapshot.chunk.size.max = 16MB (=16777216) (default)
2019-10-10 09:49:36,584 [2261b771-ff64-427b-9b56-35f4853894b8@group-E2D237B037F9-LeaderElection74] INFO  server.RaftServerConfigKeys (ConfUtils.java:logGet(43)) - raft.server.log.appender.buffer.byte-limit = 33554432 (custom)
2019-10-10 09:49:36,584 [2261b771-ff64-427b-9b56-35f4853894b8@group-E2D237B037F9-LeaderElection74] INFO  server.RaftServerConfigKeys (ConfUtils.java:logGet(43)) - raft.server.log.appender.buffer.element-limit = 1 (custom)
2019-10-10 09:49:36,584 [2261b771-ff64-427b-9b56-35f4853894b8@group-E2D237B037F9-LeaderElection74] INFO  grpc.GrpcConfigKeys$Server (ConfUtils.java:logGet(43)) - raft.grpc.server.leader.outstanding.appends.max = 128 (default)
2019-10-10 09:49:36,584 [2261b771-ff64-427b-9b56-35f4853894b8@group-E2D237B037F9-LeaderElection74] INFO  server.RaftServerConfigKeys (ConfUtils.java:logGet(43)) - raft.server.rpc.request.timeout = 3000ms (default)
2019-10-10 09:49:36,584 [2261b771-ff64-427b-9b56-35f4853894b8@group-E2D237B037F9-LeaderElection74] INFO  server.RaftServerConfigKeys (ConfUtils.java:logGet(43)) - raft.server.log.appender.install.snapshot.enabled = false (custom)
2019-10-10 09:49:36,584 [2261b771-ff64-427b-9b56-35f4853894b8@group-E2D237B037F9-LeaderElection74] INFO  impl.RoleInfo (RoleInfo.java:updateAndGet(143)) - 2261b771-ff64-427b-9b56-35f4853894b8: start LeaderState
2019-10-10 09:49:36,585 [2261b771-ff64-427b-9b56-35f4853894b8@group-E2D237B037F9-LeaderElection74] INFO  segmented.SegmentedRaftLogWorker (SegmentedRaftLogWorker.java:startLogSegment(385)) - 2261b771-ff64-427b-9b56-35f4853894b8@group-E2D237B037F9-SegmentedRaftLogWorker: Starting segment from index:0
2019-10-10 09:49:36,585 [2261b771-ff64-427b-9b56-35f4853894b8@group-E2D237B037F9-LeaderElection74] INFO  impl.RaftServerImpl (ServerState.java:setRaftConf(356)) - 2261b771-ff64-427b-9b56-35f4853894b8@group-E2D237B037F9: set configuration 0: [dc7da519-a43e-47f8-96f6-d94a5aa023a9:192.168.30.10:34383, 2261b771-ff64-427b-9b56-35f4853894b8:192.168.30.10:41700, 0e03d9c1-b0a5-4eac-8020-17b1644a8f75:192.168.30.10:41797], old=null at 0
2019-10-10 09:49:36,586 [grpc-default-executor-9] INFO  impl.RaftServerImpl (ServerState.java:setLeader(255)) - dc7da519-a43e-47f8-96f6-d94a5aa023a9@group-E2D237B037F9: change Leader from null to 2261b771-ff64-427b-9b56-35f4853894b8 at term 1 for appendEntries, leader elected after 5185ms
2019-10-10 09:49:36,612 [grpc-default-executor-10] INFO  impl.RaftServerImpl (ServerState.java:setLeader(255)) - 0e03d9c1-b0a5-4eac-8020-17b1644a8f75@group-E2D237B037F9: change Leader from null to 2261b771-ff64-427b-9b56-35f4853894b8 at term 1 for appendEntries, leader elected after 5210ms
2019-10-10 09:49:36,617 [grpc-default-executor-10] INFO  impl.RaftServerImpl (ServerState.java:setRaftConf(356)) - dc7da519-a43e-47f8-96f6-d94a5aa023a9@group-E2D237B037F9: set configuration 0: [dc7da519-a43e-47f8-96f6-d94a5aa023a9:192.168.30.10:34383, 2261b771-ff64-427b-9b56-35f4853894b8:192.168.30.10:41700, 0e03d9c1-b0a5-4eac-8020-17b1644a8f75:192.168.30.10:41797], old=null at 0
2019-10-10 09:49:36,617 [grpc-default-executor-9] INFO  impl.RaftServerImpl (ServerState.java:setRaftConf(356)) - 0e03d9c1-b0a5-4eac-8020-17b1644a8f75@group-E2D237B037F9: set configuration 0: [dc7da519-a43e-47f8-96f6-d94a5aa023a9:192.168.30.10:34383, 2261b771-ff64-427b-9b56-35f4853894b8:192.168.30.10:41700, 0e03d9c1-b0a5-4eac-8020-17b1644a8f75:192.168.30.10:41797], old=null at 0
2019-10-10 09:49:36,618 [grpc-default-executor-10] INFO  segmented.SegmentedRaftLogWorker (SegmentedRaftLogWorker.java:startLogSegment(385)) - dc7da519-a43e-47f8-96f6-d94a5aa023a9@group-E2D237B037F9-SegmentedRaftLogWorker: Starting segment from index:0
2019-10-10 09:49:36,618 [grpc-default-executor-9] INFO  segmented.SegmentedRaftLogWorker (SegmentedRaftLogWorker.java:startLogSegment(385)) - 0e03d9c1-b0a5-4eac-8020-17b1644a8f75@group-E2D237B037F9-SegmentedRaftLogWorker: Starting segment from index:0
2019-10-10 09:49:36,624 [2261b771-ff64-427b-9b56-35f4853894b8@group-E2D237B037F9-SegmentedRaftLogWorker] INFO  segmented.SegmentedRaftLogWorker (SegmentedRaftLogWorker.java:execute(574)) - 2261b771-ff64-427b-9b56-35f4853894b8@group-E2D237B037F9-SegmentedRaftLogWorker: created new log segment /workdir/hadoop-ozone/integration-test/target/test-dir/MiniOzoneClusterImpl-d628f2ca-ca44-4a24-a849-6824008ba556/datanode-5/data/ratis/a65c0a76-9ca4-4023-bc90-e2d237b037f9/current/log_inprogress_0
2019-10-10 09:49:36,654 [0e03d9c1-b0a5-4eac-8020-17b1644a8f75@group-E2D237B037F9-SegmentedRaftLogWorker] INFO  segmented.SegmentedRaftLogWorker (SegmentedRaftLogWorker.java:execute(574)) - 0e03d9c1-b0a5-4eac-8020-17b1644a8f75@group-E2D237B037F9-SegmentedRaftLogWorker: created new log segment /workdir/hadoop-ozone/integration-test/target/test-dir/MiniOzoneClusterImpl-d628f2ca-ca44-4a24-a849-6824008ba556/datanode-4/data/ratis/a65c0a76-9ca4-4023-bc90-e2d237b037f9/current/log_inprogress_0
2019-10-10 09:49:36,654 [dc7da519-a43e-47f8-96f6-d94a5aa023a9@group-E2D237B037F9-SegmentedRaftLogWorker] INFO  segmented.SegmentedRaftLogWorker (SegmentedRaftLogWorker.java:execute(574)) - dc7da519-a43e-47f8-96f6-d94a5aa023a9@group-E2D237B037F9-SegmentedRaftLogWorker: created new log segment /workdir/hadoop-ozone/integration-test/target/test-dir/MiniOzoneClusterImpl-d628f2ca-ca44-4a24-a849-6824008ba556/datanode-3/data/ratis/a65c0a76-9ca4-4023-bc90-e2d237b037f9/current/log_inprogress_0
2019-10-10 09:49:37,577 [Datanode State Machine Thread - 0] INFO  statemachine.DatanodeStateMachine (DatanodeStateMachine.java:lambda$startDaemon$0(350)) - Ozone container server started.
2019-10-10 09:49:41,581 [main] INFO  ozoneimpl.OzoneContainer (OzoneContainer.java:stop(231)) - Attempting to stop container services.
2019-10-10 09:49:41,582 [main] INFO  impl.RaftServerProxy (RaftServerProxy.java:lambda$close$4(314)) - a67970e8-8425-43f5-a21e-c7ba505a3499: close
2019-10-10 09:49:41,583 [main] INFO  impl.RaftServerImpl (RaftServerImpl.java:lambda$shutdown$3(247)) - a67970e8-8425-43f5-a21e-c7ba505a3499@group-41083F6567D3: shutdown
2019-10-10 09:49:41,583 [main] INFO  util.JmxRegister (JmxRegister.java:unregister(73)) - Successfully un-registered JMX Bean with object name Ratis:service=RaftServer,group=group-41083F6567D3,id=a67970e8-8425-43f5-a21e-c7ba505a3499
2019-10-10 09:49:41,584 [main] INFO  impl.RoleInfo (RoleInfo.java:shutdownLeaderState(104)) - a67970e8-8425-43f5-a21e-c7ba505a3499: shutdown LeaderState
2019-10-10 09:49:41,613 [org.apache.ratis.server.impl.LogAppender$AppenderDaemon$$Lambda$526/188864307@13cced25] WARN  server.GrpcLogAppender (GrpcLogAppender.java:mayWait(143)) - a67970e8-8425-43f5-a21e-c7ba505a3499@group-41083F6567D3->ba2f7cfc-3c10-4d36-be20-9c5c096da0ba-GrpcLogAppender: Wait interrupted by java.lang.InterruptedException
2019-10-10 09:49:41,613 [org.apache.ratis.server.impl.LogAppender$AppenderDaemon$$Lambda$526/188864307@2ee1690a] WARN  server.GrpcLogAppender (GrpcLogAppender.java:mayWait(143)) - a67970e8-8425-43f5-a21e-c7ba505a3499@group-41083F6567D3->5771ad15-5c02-4f57-a269-c9edde6394ba-GrpcLogAppender: Wait interrupted by java.lang.InterruptedException
2019-10-10 09:49:41,613 [main] INFO  impl.PendingRequests (PendingRequests.java:sendNotLeaderResponses(202)) - a67970e8-8425-43f5-a21e-c7ba505a3499@group-41083F6567D3-PendingRequests: sendNotLeaderResponses
2019-10-10 09:49:41,620 [grpc-default-executor-10] INFO  server.GrpcServerProtocolService (GrpcServerProtocolService.java:onCompleted(113)) - 5771ad15-5c02-4f57-a269-c9edde6394ba: Completed APPEND_ENTRIES, lastRequest: a67970e8-8425-43f5-a21e-c7ba505a3499->5771ad15-5c02-4f57-a269-c9edde6394ba#5-t1, previous=(t:1, i:2), leaderCommit=2, initializing? false, entries: <empty>
2019-10-10 09:49:41,620 [grpc-default-executor-9] INFO  server.GrpcServerProtocolService (GrpcServerProtocolService.java:onCompleted(113)) - ba2f7cfc-3c10-4d36-be20-9c5c096da0ba: Completed APPEND_ENTRIES, lastRequest: a67970e8-8425-43f5-a21e-c7ba505a3499->ba2f7cfc-3c10-4d36-be20-9c5c096da0ba#5-t1, previous=(t:1, i:2), leaderCommit=2, initializing? false, entries: <empty>
2019-10-10 09:49:41,628 [main] INFO  impl.StateMachineUpdater (StateMachineUpdater.java:stopAndJoin(136)) - a67970e8-8425-43f5-a21e-c7ba505a3499@group-41083F6567D3-StateMachineUpdater: set stopIndex = 2
2019-10-10 09:49:41,631 [grpc-default-executor-9] INFO  server.GrpcLogAppender (GrpcLogAppender.java:onCompleted(293)) - a67970e8-8425-43f5-a21e-c7ba505a3499@group-41083F6567D3->5771ad15-5c02-4f57-a269-c9edde6394ba-AppendLogResponseHandler: follower responses appendEntries COMPLETED
2019-10-10 09:49:41,631 [grpc-default-executor-0] INFO  server.GrpcLogAppender (GrpcLogAppender.java:onCompleted(293)) - a67970e8-8425-43f5-a21e-c7ba505a3499@group-41083F6567D3->ba2f7cfc-3c10-4d36-be20-9c5c096da0ba-AppendLogResponseHandler: follower responses appendEntries COMPLETED
2019-10-10 09:49:41,631 [a67970e8-8425-43f5-a21e-c7ba505a3499@group-41083F6567D3-StateMachineUpdater] INFO  ratis.ContainerStateMachine (ContainerStateMachine.java:takeSnapshot(294)) - group-41083F6567D3: Taking a snapshot at:(t:1, i:2) file /workdir/hadoop-ozone/integration-test/target/test-dir/MiniOzoneClusterImpl-d628f2ca-ca44-4a24-a849-6824008ba556/datanode-0/data/ratis/55be24b3-6028-4a3b-ad7d-41083f6567d3/sm/snapshot.1_2
2019-10-10 09:49:41,632 [grpc-default-executor-9] INFO  impl.FollowerInfo (FollowerInfo.java:lambda$new$0(51)) - a67970e8-8425-43f5-a21e-c7ba505a3499@group-41083F6567D3->5771ad15-5c02-4f57-a269-c9edde6394ba: nextIndex: updateUnconditionally 3 -> 2
2019-10-10 09:49:41,632 [grpc-default-executor-0] INFO  impl.FollowerInfo (FollowerInfo.java:lambda$new$0(51)) - a67970e8-8425-43f5-a21e-c7ba505a3499@group-41083F6567D3->ba2f7cfc-3c10-4d36-be20-9c5c096da0ba: nextIndex: updateUnconditionally 3 -> 2
2019-10-10 09:49:41,644 [a67970e8-8425-43f5-a21e-c7ba505a3499@group-41083F6567D3-StateMachineUpdater] INFO  ratis.ContainerStateMachine (ContainerStateMachine.java:takeSnapshot(305)) - group-41083F6567D3: Finished taking a snapshot at:(t:1, i:2) file:/workdir/hadoop-ozone/integration-test/target/test-dir/MiniOzoneClusterImpl-d628f2ca-ca44-4a24-a849-6824008ba556/datanode-0/data/ratis/55be24b3-6028-4a3b-ad7d-41083f6567d3/sm/snapshot.1_2 time:13
2019-10-10 09:49:41,645 [a67970e8-8425-43f5-a21e-c7ba505a3499@group-41083F6567D3-StateMachineUpdater] INFO  impl.StateMachineUpdater (StateMachineUpdater.java:takeSnapshot(269)) - a67970e8-8425-43f5-a21e-c7ba505a3499@group-41083F6567D3-StateMachineUpdater: Took a snapshot at index 2
2019-10-10 09:49:41,645 [a67970e8-8425-43f5-a21e-c7ba505a3499@group-41083F6567D3-StateMachineUpdater] INFO  impl.StateMachineUpdater (StateMachineUpdater.java:lambda$new$0(84)) - a67970e8-8425-43f5-a21e-c7ba505a3499@group-41083F6567D3-StateMachineUpdater: snapshotIndex: updateIncreasingly -1 -> 2
2019-10-10 09:49:41,645 [main] INFO  impl.RaftServerImpl (ServerState.java:close(387)) - a67970e8-8425-43f5-a21e-c7ba505a3499@group-41083F6567D3: closes. applyIndex: 2
2019-10-10 09:49:41,646 [a67970e8-8425-43f5-a21e-c7ba505a3499@group-41083F6567D3-SegmentedRaftLogWorker] INFO  segmented.SegmentedRaftLogWorker (SegmentedRaftLogWorker.java:run(316)) - a67970e8-8425-43f5-a21e-c7ba505a3499@group-41083F6567D3-SegmentedRaftLogWorker was interrupted, exiting. There are 0 tasks remaining in the queue.
2019-10-10 09:49:41,648 [main] INFO  segmented.SegmentedRaftLogWorker (SegmentedRaftLogWorker.java:close(224)) - a67970e8-8425-43f5-a21e-c7ba505a3499@group-41083F6567D3-SegmentedRaftLogWorker close()
2019-10-10 09:49:41,652 [main] INFO  impl.RaftServerImpl (RaftServerImpl.java:lambda$shutdown$3(247)) - a67970e8-8425-43f5-a21e-c7ba505a3499@group-58C704269D9F: shutdown
2019-10-10 09:49:41,652 [main] INFO  util.JmxRegister (JmxRegister.java:unregister(73)) - Successfully un-registered JMX Bean with object name Ratis:service=RaftServer,group=group-58C704269D9F,id=a67970e8-8425-43f5-a21e-c7ba505a3499
2019-10-10 09:49:41,652 [main] INFO  impl.RoleInfo (RoleInfo.java:shutdownLeaderState(104)) - a67970e8-8425-43f5-a21e-c7ba505a3499: shutdown LeaderState
2019-10-10 09:49:41,653 [main] INFO  impl.PendingRequests (PendingRequests.java:sendNotLeaderResponses(202)) - a67970e8-8425-43f5-a21e-c7ba505a3499@group-58C704269D9F-PendingRequests: sendNotLeaderResponses
2019-10-10 09:49:41,653 [main] INFO  impl.StateMachineUpdater (StateMachineUpdater.java:stopAndJoin(136)) - a67970e8-8425-43f5-a21e-c7ba505a3499@group-58C704269D9F-StateMachineUpdater: set stopIndex = 0
2019-10-10 09:49:41,653 [main] INFO  impl.RaftServerImpl (ServerState.java:close(387)) - a67970e8-8425-43f5-a21e-c7ba505a3499@group-58C704269D9F: closes. applyIndex: 0
2019-10-10 09:49:41,653 [a67970e8-8425-43f5-a21e-c7ba505a3499@group-58C704269D9F-SegmentedRaftLogWorker] INFO  segmented.SegmentedRaftLogWorker (SegmentedRaftLogWorker.java:run(316)) - a67970e8-8425-43f5-a21e-c7ba505a3499@group-58C704269D9F-SegmentedRaftLogWorker was interrupted, exiting. There are 0 tasks remaining in the queue.
2019-10-10 09:49:41,655 [main] INFO  segmented.SegmentedRaftLogWorker (SegmentedRaftLogWorker.java:close(224)) - a67970e8-8425-43f5-a21e-c7ba505a3499@group-58C704269D9F-SegmentedRaftLogWorker close()
2019-10-10 09:49:41,659 [main] INFO  server.GrpcService (GrpcService.java:closeImpl(164)) - a67970e8-8425-43f5-a21e-c7ba505a3499: shutdown server with port 42537 now
2019-10-10 09:49:41,660 [main] INFO  server.GrpcService (GrpcService.java:closeImpl(172)) - a67970e8-8425-43f5-a21e-c7ba505a3499: shutdown server with port 42537 successfully
2019-10-10 09:49:41,662 [refreshUsed-/workdir/hadoop-ozone/integration-test/target/test-dir/MiniOzoneClusterImpl-d628f2ca-ca44-4a24-a849-6824008ba556/datanode-0/data/containers] WARN  fs.CachingGetSpaceUsed (CachingGetSpaceUsed.java:run(183)) - Thread Interrupted waiting to refresh disk information: sleep interrupted
2019-10-10 09:49:41,682 [main] INFO  utils.BackgroundService (BackgroundService.java:shutdown(148)) - Shutting down service BlockDeletingService
2019-10-10 09:49:41,690 [main] INFO  statemachine.DatanodeStateMachine (DatanodeStateMachine.java:stopDaemon(395)) - Ozone container server stopped.
2019-10-10 09:49:41,692 [main] INFO  handler.ContextHandler (ContextHandler.java:doStop(910)) - Stopped o.e.j.w.WebAppContext@526f6427{/,null,UNAVAILABLE}{/hddsDatanode}
2019-10-10 09:49:41,693 [main] INFO  server.AbstractConnector (AbstractConnector.java:doStop(318)) - Stopped ServerConnector@4f1afe8f{HTTP/1.1,[http/1.1]}{0.0.0.0:0}
2019-10-10 09:49:41,693 [main] INFO  handler.ContextHandler (ContextHandler.java:doStop(910)) - Stopped o.e.j.s.ServletContextHandler@66f16742{/static,jar:file:/home/user/.m2/repository/org/apache/hadoop/hadoop-hdds-container-service/0.5.0-SNAPSHOT/hadoop-hdds-container-service-0.5.0-SNAPSHOT.jar!/webapps/static,UNAVAILABLE}
2019-10-10 09:49:41,694 [main] INFO  handler.ContextHandler (ContextHandler.java:doStop(910)) - Stopped o.e.j.s.ServletContextHandler@57186526{/logs,file:///workdir/hadoop-ozone/integration-test/target/log,UNAVAILABLE}
2019-10-10 09:49:51,346 [Thread-2442] INFO  impl.FollowerState (FollowerState.java:run(108)) - ba2f7cfc-3c10-4d36-be20-9c5c096da0ba@group-41083F6567D3-FollowerState: change to CANDIDATE, lastRpcTime:9854ms, electionTimeout:5093ms
2019-10-10 09:49:51,349 [Thread-2442] INFO  impl.RoleInfo (RoleInfo.java:shutdownFollowerState(121)) - ba2f7cfc-3c10-4d36-be20-9c5c096da0ba: shutdown FollowerState
2019-10-10 09:49:51,349 [Thread-2442] INFO  impl.RaftServerImpl (RaftServerImpl.java:setRole(170)) - ba2f7cfc-3c10-4d36-be20-9c5c096da0ba@group-41083F6567D3: changes role from  FOLLOWER to CANDIDATE at term 1 for changeToCandidate
2019-10-10 09:49:51,349 [Thread-2442] INFO  impl.RoleInfo (RoleInfo.java:updateAndGet(143)) - ba2f7cfc-3c10-4d36-be20-9c5c096da0ba: start LeaderElection
2019-10-10 09:49:51,354 [ba2f7cfc-3c10-4d36-be20-9c5c096da0ba@group-41083F6567D3-LeaderElection75] INFO  impl.RaftServerImpl (ServerState.java:setLeader(255)) - ba2f7cfc-3c10-4d36-be20-9c5c096da0ba@group-41083F6567D3: change Leader from a67970e8-8425-43f5-a21e-c7ba505a3499 to null at term 1 for initElection
2019-10-10 09:49:51,368 [ba2f7cfc-3c10-4d36-be20-9c5c096da0ba@group-41083F6567D3-LeaderElection75] INFO  impl.LeaderElection (LeaderElection.java:askForVotes(178)) - ba2f7cfc-3c10-4d36-be20-9c5c096da0ba@group-41083F6567D3-LeaderElection75: begin an election at term 2 for 0: [5771ad15-5c02-4f57-a269-c9edde6394ba:192.168.30.10:39027, ba2f7cfc-3c10-4d36-be20-9c5c096da0ba:192.168.30.10:34055, a67970e8-8425-43f5-a21e-c7ba505a3499:192.168.30.10:42537], old=null
2019-10-10 09:49:51,373 [ba2f7cfc-3c10-4d36-be20-9c5c096da0ba@group-41083F6567D3-LeaderElection75] INFO  impl.LeaderElection (LogUtils.java:infoOrTrace(149)) - ba2f7cfc-3c10-4d36-be20-9c5c096da0ba@group-41083F6567D3-LeaderElection75 got exception when requesting votes: {}
java.util.concurrent.ExecutionException: org.apache.ratis.thirdparty.io.grpc.StatusRuntimeException: UNAVAILABLE: io exception
	at java.util.concurrent.FutureTask.report(FutureTask.java:122)
	at java.util.concurrent.FutureTask.get(FutureTask.java:192)
	at org.apache.ratis.server.impl.LeaderElection.waitForResults(LeaderElection.java:259)
	at org.apache.ratis.server.impl.LeaderElection.askForVotes(LeaderElection.java:197)
	at org.apache.ratis.server.impl.LeaderElection.run(LeaderElection.java:133)
	at java.lang.Thread.run(Thread.java:748)
Caused by: org.apache.ratis.thirdparty.io.grpc.StatusRuntimeException: UNAVAILABLE: io exception
	at org.apache.ratis.thirdparty.io.grpc.stub.ClientCalls.toStatusRuntimeException(ClientCalls.java:233)
	at org.apache.ratis.thirdparty.io.grpc.stub.ClientCalls.getUnchecked(ClientCalls.java:214)
	at org.apache.ratis.thirdparty.io.grpc.stub.ClientCalls.blockingUnaryCall(ClientCalls.java:139)
	at org.apache.ratis.proto.grpc.RaftServerProtocolServiceGrpc$RaftServerProtocolServiceBlockingStub.requestVote(RaftServerProtocolServiceGrpc.java:265)
	at org.apache.ratis.grpc.server.GrpcServerProtocolClient.requestVote(GrpcServerProtocolClient.java:99)
	at org.apache.ratis.grpc.server.GrpcService.requestVote(GrpcService.java:204)
	at org.apache.ratis.server.impl.LeaderElection.lambda$submitRequests$1(LeaderElection.java:234)
	at java.util.concurrent.FutureTask.run(FutureTask.java:266)
	at java.util.concurrent.Executors$RunnableAdapter.call(Executors.java:511)
	at java.util.concurrent.FutureTask.run(FutureTask.java:266)
	at java.util.concurrent.ThreadPoolExecutor.runWorker(ThreadPoolExecutor.java:1149)
	at java.util.concurrent.ThreadPoolExecutor$Worker.run(ThreadPoolExecutor.java:624)
	... 1 more
Caused by: org.apache.ratis.thirdparty.io.netty.channel.AbstractChannel$AnnotatedConnectException: Connection refused: /192.168.30.10:42537
	at sun.nio.ch.SocketChannelImpl.checkConnect(Native Method)
	at sun.nio.ch.SocketChannelImpl.finishConnect(SocketChannelImpl.java:717)
	at org.apache.ratis.thirdparty.io.netty.channel.socket.nio.NioSocketChannel.doFinishConnect(NioSocketChannel.java:327)
	at org.apache.ratis.thirdparty.io.netty.channel.nio.AbstractNioChannel$AbstractNioUnsafe.finishConnect(AbstractNioChannel.java:340)
	at org.apache.ratis.thirdparty.io.netty.channel.nio.NioEventLoop.processSelectedKey(NioEventLoop.java:632)
	at org.apache.ratis.thirdparty.io.netty.channel.nio.NioEventLoop.processSelectedKeysOptimized(NioEventLoop.java:579)
	at org.apache.ratis.thirdparty.io.netty.channel.nio.NioEventLoop.processSelectedKeys(NioEventLoop.java:496)
	at org.apache.ratis.thirdparty.io.netty.channel.nio.NioEventLoop.run(NioEventLoop.java:458)
	at org.apache.ratis.thirdparty.io.netty.util.concurrent.SingleThreadEventExecutor$5.run(SingleThreadEventExecutor.java:897)
	at org.apache.ratis.thirdparty.io.netty.util.concurrent.FastThreadLocalRunnable.run(FastThreadLocalRunnable.java:30)
	... 1 more
Caused by: java.net.ConnectException: Connection refused
	... 11 more
2019-10-10 09:49:51,382 [grpc-default-executor-9] INFO  impl.RaftServerImpl (ServerState.java:setLeader(255)) - 5771ad15-5c02-4f57-a269-c9edde6394ba@group-41083F6567D3: change Leader from a67970e8-8425-43f5-a21e-c7ba505a3499 to null at term 2 for updateCurrentTerm
2019-10-10 09:49:51,382 [grpc-default-executor-9] INFO  impl.RaftServerImpl (RaftServerImpl.java:setRole(170)) - 5771ad15-5c02-4f57-a269-c9edde6394ba@group-41083F6567D3: changes role from  FOLLOWER to FOLLOWER at term 2 for recognizeCandidate:ba2f7cfc-3c10-4d36-be20-9c5c096da0ba
2019-10-10 09:49:51,382 [grpc-default-executor-9] INFO  impl.RoleInfo (RoleInfo.java:shutdownFollowerState(121)) - 5771ad15-5c02-4f57-a269-c9edde6394ba: shutdown FollowerState
2019-10-10 09:49:51,383 [grpc-default-executor-9] INFO  impl.RoleInfo (RoleInfo.java:updateAndGet(143)) - 5771ad15-5c02-4f57-a269-c9edde6394ba: start FollowerState
2019-10-10 09:49:51,383 [Thread-2441] INFO  impl.FollowerState (FollowerState.java:run(117)) - 5771ad15-5c02-4f57-a269-c9edde6394ba@group-41083F6567D3-FollowerState was interrupted: java.lang.InterruptedException: sleep interrupted
2019-10-10 09:49:51,400 [ba2f7cfc-3c10-4d36-be20-9c5c096da0ba@group-41083F6567D3-LeaderElection75] INFO  impl.LeaderElection (LeaderElection.java:logAndReturn(56)) - ba2f7cfc-3c10-4d36-be20-9c5c096da0ba@group-41083F6567D3-LeaderElection75: Election PASSED; received 1 response(s) [ba2f7cfc-3c10-4d36-be20-9c5c096da0ba<-5771ad15-5c02-4f57-a269-c9edde6394ba#0:OK-t2] and 1 exception(s); ba2f7cfc-3c10-4d36-be20-9c5c096da0ba@group-41083F6567D3:t2, leader=null, voted=ba2f7cfc-3c10-4d36-be20-9c5c096da0ba, raftlog=ba2f7cfc-3c10-4d36-be20-9c5c096da0ba@group-41083F6567D3-SegmentedRaftLog:OPENED:c2,f2,i2, conf=0: [5771ad15-5c02-4f57-a269-c9edde6394ba:192.168.30.10:39027, ba2f7cfc-3c10-4d36-be20-9c5c096da0ba:192.168.30.10:34055, a67970e8-8425-43f5-a21e-c7ba505a3499:192.168.30.10:42537], old=null
2019-10-10 09:49:51,400 [ba2f7cfc-3c10-4d36-be20-9c5c096da0ba@group-41083F6567D3-LeaderElection75] INFO  impl.LeaderElection (LogUtils.java:infoOrTrace(149)) -   Exception 0: {}
java.util.concurrent.ExecutionException: org.apache.ratis.thirdparty.io.grpc.StatusRuntimeException: UNAVAILABLE: io exception
	at java.util.concurrent.FutureTask.report(FutureTask.java:122)
	at java.util.concurrent.FutureTask.get(FutureTask.java:192)
	at org.apache.ratis.server.impl.LeaderElection.waitForResults(LeaderElection.java:259)
	at org.apache.ratis.server.impl.LeaderElection.askForVotes(LeaderElection.java:197)
	at org.apache.ratis.server.impl.LeaderElection.run(LeaderElection.java:133)
	at java.lang.Thread.run(Thread.java:748)
Caused by: org.apache.ratis.thirdparty.io.grpc.StatusRuntimeException: UNAVAILABLE: io exception
	at org.apache.ratis.thirdparty.io.grpc.stub.ClientCalls.toStatusRuntimeException(ClientCalls.java:233)
	at org.apache.ratis.thirdparty.io.grpc.stub.ClientCalls.getUnchecked(ClientCalls.java:214)
	at org.apache.ratis.thirdparty.io.grpc.stub.ClientCalls.blockingUnaryCall(ClientCalls.java:139)
	at org.apache.ratis.proto.grpc.RaftServerProtocolServiceGrpc$RaftServerProtocolServiceBlockingStub.requestVote(RaftServerProtocolServiceGrpc.java:265)
	at org.apache.ratis.grpc.server.GrpcServerProtocolClient.requestVote(GrpcServerProtocolClient.java:99)
	at org.apache.ratis.grpc.server.GrpcService.requestVote(GrpcService.java:204)
	at org.apache.ratis.server.impl.LeaderElection.lambda$submitRequests$1(LeaderElection.java:234)
	at java.util.concurrent.FutureTask.run(FutureTask.java:266)
	at java.util.concurrent.Executors$RunnableAdapter.call(Executors.java:511)
	at java.util.concurrent.FutureTask.run(FutureTask.java:266)
	at java.util.concurrent.ThreadPoolExecutor.runWorker(ThreadPoolExecutor.java:1149)
	at java.util.concurrent.ThreadPoolExecutor$Worker.run(ThreadPoolExecutor.java:624)
	... 1 more
Caused by: org.apache.ratis.thirdparty.io.netty.channel.AbstractChannel$AnnotatedConnectException: Connection refused: /192.168.30.10:42537
	at sun.nio.ch.SocketChannelImpl.checkConnect(Native Method)
	at sun.nio.ch.SocketChannelImpl.finishConnect(SocketChannelImpl.java:717)
	at org.apache.ratis.thirdparty.io.netty.channel.socket.nio.NioSocketChannel.doFinishConnect(NioSocketChannel.java:327)
	at org.apache.ratis.thirdparty.io.netty.channel.nio.AbstractNioChannel$AbstractNioUnsafe.finishConnect(AbstractNioChannel.java:340)
	at org.apache.ratis.thirdparty.io.netty.channel.nio.NioEventLoop.processSelectedKey(NioEventLoop.java:632)
	at org.apache.ratis.thirdparty.io.netty.channel.nio.NioEventLoop.processSelectedKeysOptimized(NioEventLoop.java:579)
	at org.apache.ratis.thirdparty.io.netty.channel.nio.NioEventLoop.processSelectedKeys(NioEventLoop.java:496)
	at org.apache.ratis.thirdparty.io.netty.channel.nio.NioEventLoop.run(NioEventLoop.java:458)
	at org.apache.ratis.thirdparty.io.netty.util.concurrent.SingleThreadEventExecutor$5.run(SingleThreadEventExecutor.java:897)
	at org.apache.ratis.thirdparty.io.netty.util.concurrent.FastThreadLocalRunnable.run(FastThreadLocalRunnable.java:30)
	... 1 more
Caused by: java.net.ConnectException: Connection refused
	... 11 more
2019-10-10 09:49:51,401 [ba2f7cfc-3c10-4d36-be20-9c5c096da0ba@group-41083F6567D3-LeaderElection75] INFO  impl.RoleInfo (RoleInfo.java:shutdownLeaderElection(134)) - ba2f7cfc-3c10-4d36-be20-9c5c096da0ba: shutdown LeaderElection
2019-10-10 09:49:51,401 [ba2f7cfc-3c10-4d36-be20-9c5c096da0ba@group-41083F6567D3-LeaderElection75] INFO  impl.RaftServerImpl (RaftServerImpl.java:setRole(170)) - ba2f7cfc-3c10-4d36-be20-9c5c096da0ba@group-41083F6567D3: changes role from CANDIDATE to LEADER at term 2 for changeToLeader
2019-10-10 09:49:51,401 [ba2f7cfc-3c10-4d36-be20-9c5c096da0ba@group-41083F6567D3-LeaderElection75] INFO  impl.RaftServerImpl (ServerState.java:setLeader(255)) - ba2f7cfc-3c10-4d36-be20-9c5c096da0ba@group-41083F6567D3: change Leader from null to ba2f7cfc-3c10-4d36-be20-9c5c096da0ba at term 2 for becomeLeader, leader elected after 46ms
2019-10-10 09:49:51,401 [ba2f7cfc-3c10-4d36-be20-9c5c096da0ba@group-41083F6567D3-LeaderElection75] INFO  server.RaftServerConfigKeys (ConfUtils.java:logGet(43)) - raft.server.staging.catchup.gap = 1000 (default)
2019-10-10 09:49:51,401 [ba2f7cfc-3c10-4d36-be20-9c5c096da0ba@group-41083F6567D3-LeaderElection75] INFO  server.RaftServerConfigKeys (ConfUtils.java:logGet(43)) - raft.server.rpc.sleep.time = 25ms (default)
2019-10-10 09:49:51,402 [ba2f7cfc-3c10-4d36-be20-9c5c096da0ba@group-41083F6567D3-LeaderElection75] INFO  server.RaftServerConfigKeys (ConfUtils.java:logGet(43)) - raft.server.write.element-limit = 4096 (default)
2019-10-10 09:49:51,402 [ba2f7cfc-3c10-4d36-be20-9c5c096da0ba@group-41083F6567D3-LeaderElection75] INFO  server.RaftServerConfigKeys (ConfUtils.java:logGet(43)) - raft.server.watch.timeout = 10s (default)
2019-10-10 09:49:51,402 [ba2f7cfc-3c10-4d36-be20-9c5c096da0ba@group-41083F6567D3-LeaderElection75] INFO  server.RaftServerConfigKeys (ConfUtils.java:logGet(43)) - raft.server.watch.timeout.denomination = 1s (default)
2019-10-10 09:49:51,402 [ba2f7cfc-3c10-4d36-be20-9c5c096da0ba@group-41083F6567D3-LeaderElection75] INFO  server.RaftServerConfigKeys (ConfUtils.java:logGet(43)) - raft.server.watch.element-limit = 65536 (default)
2019-10-10 09:49:51,405 [ba2f7cfc-3c10-4d36-be20-9c5c096da0ba@group-41083F6567D3-LeaderElection75] INFO  server.RaftServerConfigKeys (ConfUtils.java:logGet(43)) - raft.server.log.appender.snapshot.chunk.size.max = 16MB (=16777216) (default)
2019-10-10 09:49:51,405 [ba2f7cfc-3c10-4d36-be20-9c5c096da0ba@group-41083F6567D3-LeaderElection75] INFO  server.RaftServerConfigKeys (ConfUtils.java:logGet(43)) - raft.server.log.appender.buffer.byte-limit = 33554432 (custom)
2019-10-10 09:49:51,405 [ba2f7cfc-3c10-4d36-be20-9c5c096da0ba@group-41083F6567D3-LeaderElection75] INFO  server.RaftServerConfigKeys (ConfUtils.java:logGet(43)) - raft.server.log.appender.buffer.element-limit = 1 (custom)
2019-10-10 09:49:51,406 [ba2f7cfc-3c10-4d36-be20-9c5c096da0ba@group-41083F6567D3-LeaderElection75] INFO  grpc.GrpcConfigKeys$Server (ConfUtils.java:logGet(43)) - raft.grpc.server.leader.outstanding.appends.max = 128 (default)
2019-10-10 09:49:51,406 [ba2f7cfc-3c10-4d36-be20-9c5c096da0ba@group-41083F6567D3-LeaderElection75] INFO  server.RaftServerConfigKeys (ConfUtils.java:logGet(43)) - raft.server.rpc.request.timeout = 3000ms (default)
2019-10-10 09:49:51,406 [ba2f7cfc-3c10-4d36-be20-9c5c096da0ba@group-41083F6567D3-LeaderElection75] INFO  server.RaftServerConfigKeys (ConfUtils.java:logGet(43)) - raft.server.log.appender.install.snapshot.enabled = false (custom)
2019-10-10 09:49:51,406 [ba2f7cfc-3c10-4d36-be20-9c5c096da0ba@group-41083F6567D3-LeaderElection75] INFO  server.RaftServerConfigKeys (ConfUtils.java:logGet(43)) - raft.server.log.appender.snapshot.chunk.size.max = 16MB (=16777216) (default)
2019-10-10 09:49:51,406 [ba2f7cfc-3c10-4d36-be20-9c5c096da0ba@group-41083F6567D3-LeaderElection75] INFO  server.RaftServerConfigKeys (ConfUtils.java:logGet(43)) - raft.server.log.appender.buffer.byte-limit = 33554432 (custom)
2019-10-10 09:49:51,406 [ba2f7cfc-3c10-4d36-be20-9c5c096da0ba@group-41083F6567D3-LeaderElection75] INFO  server.RaftServerConfigKeys (ConfUtils.java:logGet(43)) - raft.server.log.appender.buffer.element-limit = 1 (custom)
2019-10-10 09:49:51,406 [ba2f7cfc-3c10-4d36-be20-9c5c096da0ba@group-41083F6567D3-LeaderElection75] INFO  grpc.GrpcConfigKeys$Server (ConfUtils.java:logGet(43)) - raft.grpc.server.leader.outstanding.appends.max = 128 (default)
2019-10-10 09:49:51,406 [ba2f7cfc-3c10-4d36-be20-9c5c096da0ba@group-41083F6567D3-LeaderElection75] INFO  server.RaftServerConfigKeys (ConfUtils.java:logGet(43)) - raft.server.rpc.request.timeout = 3000ms (default)
2019-10-10 09:49:51,407 [ba2f7cfc-3c10-4d36-be20-9c5c096da0ba@group-41083F6567D3-LeaderElection75] INFO  server.RaftServerConfigKeys (ConfUtils.java:logGet(43)) - raft.server.log.appender.install.snapshot.enabled = false (custom)
2019-10-10 09:49:51,407 [ba2f7cfc-3c10-4d36-be20-9c5c096da0ba@group-41083F6567D3-LeaderElection75] INFO  impl.RoleInfo (RoleInfo.java:updateAndGet(143)) - ba2f7cfc-3c10-4d36-be20-9c5c096da0ba: start LeaderState
2019-10-10 09:49:51,407 [ba2f7cfc-3c10-4d36-be20-9c5c096da0ba@group-41083F6567D3-LeaderElection75] INFO  segmented.SegmentedRaftLogWorker (SegmentedRaftLogWorker.java:rollLogSegment(390)) - ba2f7cfc-3c10-4d36-be20-9c5c096da0ba@group-41083F6567D3-SegmentedRaftLogWorker: Rolling segment log-0_2 to index:2
2019-10-10 09:49:51,408 [ba2f7cfc-3c10-4d36-be20-9c5c096da0ba@group-41083F6567D3-LeaderElection75] INFO  impl.RaftServerImpl (ServerState.java:setRaftConf(356)) - ba2f7cfc-3c10-4d36-be20-9c5c096da0ba@group-41083F6567D3: set configuration 3: [5771ad15-5c02-4f57-a269-c9edde6394ba:192.168.30.10:39027, ba2f7cfc-3c10-4d36-be20-9c5c096da0ba:192.168.30.10:34055, a67970e8-8425-43f5-a21e-c7ba505a3499:192.168.30.10:42537], old=null at 3
2019-10-10 09:49:51,408 [ba2f7cfc-3c10-4d36-be20-9c5c096da0ba@group-41083F6567D3-SegmentedRaftLogWorker] INFO  segmented.SegmentedRaftLogWorker (SegmentedRaftLogWorker.java:execute(531)) - ba2f7cfc-3c10-4d36-be20-9c5c096da0ba@group-41083F6567D3-SegmentedRaftLogWorker: Rolled log segment from /workdir/hadoop-ozone/integration-test/target/test-dir/MiniOzoneClusterImpl-d628f2ca-ca44-4a24-a849-6824008ba556/datanode-1/data/ratis/55be24b3-6028-4a3b-ad7d-41083f6567d3/current/log_inprogress_0 to /workdir/hadoop-ozone/integration-test/target/test-dir/MiniOzoneClusterImpl-d628f2ca-ca44-4a24-a849-6824008ba556/datanode-1/data/ratis/55be24b3-6028-4a3b-ad7d-41083f6567d3/current/log_0-2
2019-10-10 09:49:51,412 [grpc-default-executor-9] WARN  server.GrpcLogAppender (LogUtils.java:warn(134)) - ba2f7cfc-3c10-4d36-be20-9c5c096da0ba@group-41083F6567D3->a67970e8-8425-43f5-a21e-c7ba505a3499-AppendLogResponseHandler: Failed appendEntries: org.apache.ratis.thirdparty.io.grpc.StatusRuntimeException: UNAVAILABLE: io exception
2019-10-10 09:49:51,412 [grpc-default-executor-9] INFO  impl.FollowerInfo (FollowerInfo.java:lambda$new$0(51)) - ba2f7cfc-3c10-4d36-be20-9c5c096da0ba@group-41083F6567D3->a67970e8-8425-43f5-a21e-c7ba505a3499: nextIndex: updateUnconditionally 3 -> 1
2019-10-10 09:49:51,413 [grpc-default-executor-0] INFO  impl.RaftServerImpl (ServerState.java:setLeader(255)) - 5771ad15-5c02-4f57-a269-c9edde6394ba@group-41083F6567D3: change Leader from null to ba2f7cfc-3c10-4d36-be20-9c5c096da0ba at term 2 for appendEntries, leader elected after 30ms
2019-10-10 09:49:51,444 [grpc-default-executor-0] INFO  impl.RaftServerImpl (ServerState.java:setRaftConf(356)) - 5771ad15-5c02-4f57-a269-c9edde6394ba@group-41083F6567D3: set configuration 3: [5771ad15-5c02-4f57-a269-c9edde6394ba:192.168.30.10:39027, ba2f7cfc-3c10-4d36-be20-9c5c096da0ba:192.168.30.10:34055, a67970e8-8425-43f5-a21e-c7ba505a3499:192.168.30.10:42537], old=null at 3
2019-10-10 09:49:51,444 [grpc-default-executor-0] INFO  segmented.SegmentedRaftLogWorker (SegmentedRaftLogWorker.java:rollLogSegment(390)) - 5771ad15-5c02-4f57-a269-c9edde6394ba@group-41083F6567D3-SegmentedRaftLogWorker: Rolling segment log-0_2 to index:2
2019-10-10 09:49:51,445 [5771ad15-5c02-4f57-a269-c9edde6394ba@group-41083F6567D3-SegmentedRaftLogWorker] INFO  segmented.SegmentedRaftLogWorker (SegmentedRaftLogWorker.java:execute(531)) - 5771ad15-5c02-4f57-a269-c9edde6394ba@group-41083F6567D3-SegmentedRaftLogWorker: Rolled log segment from /workdir/hadoop-ozone/integration-test/target/test-dir/MiniOzoneClusterImpl-d628f2ca-ca44-4a24-a849-6824008ba556/datanode-2/data/ratis/55be24b3-6028-4a3b-ad7d-41083f6567d3/current/log_inprogress_0 to /workdir/hadoop-ozone/integration-test/target/test-dir/MiniOzoneClusterImpl-d628f2ca-ca44-4a24-a849-6824008ba556/datanode-2/data/ratis/55be24b3-6028-4a3b-ad7d-41083f6567d3/current/log_0-2
2019-10-10 09:49:51,466 [ba2f7cfc-3c10-4d36-be20-9c5c096da0ba@group-41083F6567D3-SegmentedRaftLogWorker] INFO  segmented.SegmentedRaftLogWorker (SegmentedRaftLogWorker.java:execute(574)) - ba2f7cfc-3c10-4d36-be20-9c5c096da0ba@group-41083F6567D3-SegmentedRaftLogWorker: created new log segment /workdir/hadoop-ozone/integration-test/target/test-dir/MiniOzoneClusterImpl-d628f2ca-ca44-4a24-a849-6824008ba556/datanode-1/data/ratis/55be24b3-6028-4a3b-ad7d-41083f6567d3/current/log_inprogress_3
2019-10-10 09:49:51,478 [5771ad15-5c02-4f57-a269-c9edde6394ba@group-41083F6567D3-SegmentedRaftLogWorker] INFO  segmented.SegmentedRaftLogWorker (SegmentedRaftLogWorker.java:execute(574)) - 5771ad15-5c02-4f57-a269-c9edde6394ba@group-41083F6567D3-SegmentedRaftLogWorker: created new log segment /workdir/hadoop-ozone/integration-test/target/test-dir/MiniOzoneClusterImpl-d628f2ca-ca44-4a24-a849-6824008ba556/datanode-2/data/ratis/55be24b3-6028-4a3b-ad7d-41083f6567d3/current/log_inprogress_3
2019-10-10 09:49:51,497 [grpc-default-executor-10] WARN  server.GrpcLogAppender (LogUtils.java:warn(134)) - ba2f7cfc-3c10-4d36-be20-9c5c096da0ba@group-41083F6567D3->a67970e8-8425-43f5-a21e-c7ba505a3499-AppendLogResponseHandler: Failed appendEntries: org.apache.ratis.thirdparty.io.grpc.StatusRuntimeException: UNAVAILABLE: io exception
2019-10-10 09:49:51,498 [grpc-default-executor-10] INFO  impl.FollowerInfo (FollowerInfo.java:lambda$new$0(51)) - ba2f7cfc-3c10-4d36-be20-9c5c096da0ba@group-41083F6567D3->a67970e8-8425-43f5-a21e-c7ba505a3499: nextIndex: updateUnconditionally 2 -> 1
2019-10-10 09:49:51,512 [grpc-default-executor-0] WARN  server.GrpcLogAppender (LogUtils.java:warn(134)) - ba2f7cfc-3c10-4d36-be20-9c5c096da0ba@group-41083F6567D3->a67970e8-8425-43f5-a21e-c7ba505a3499-AppendLogResponseHandler: Failed appendEntries: org.apache.ratis.thirdparty.io.grpc.StatusRuntimeException: UNAVAILABLE: io exception
2019-10-10 09:49:51,512 [grpc-default-executor-0] INFO  impl.FollowerInfo (FollowerInfo.java:lambda$new$0(51)) - ba2f7cfc-3c10-4d36-be20-9c5c096da0ba@group-41083F6567D3->a67970e8-8425-43f5-a21e-c7ba505a3499: nextIndex: updateUnconditionally 2 -> 1
2019-10-10 09:49:51,905 [grpc-default-executor-10] WARN  server.GrpcLogAppender (LogUtils.java:warn(134)) - ba2f7cfc-3c10-4d36-be20-9c5c096da0ba@group-41083F6567D3->a67970e8-8425-43f5-a21e-c7ba505a3499-AppendLogResponseHandler: Failed appendEntries: org.apache.ratis.thirdparty.io.grpc.StatusRuntimeException: UNAVAILABLE: io exception
2019-10-10 09:49:51,906 [grpc-default-executor-10] INFO  impl.FollowerInfo (FollowerInfo.java:lambda$new$0(51)) - ba2f7cfc-3c10-4d36-be20-9c5c096da0ba@group-41083F6567D3->a67970e8-8425-43f5-a21e-c7ba505a3499: nextIndex: updateUnconditionally 2 -> 1
2019-10-10 09:49:51,918 [grpc-default-executor-0] WARN  server.GrpcLogAppender (LogUtils.java:warn(134)) - ba2f7cfc-3c10-4d36-be20-9c5c096da0ba@group-41083F6567D3->a67970e8-8425-43f5-a21e-c7ba505a3499-AppendLogResponseHandler: Failed appendEntries: org.apache.ratis.thirdparty.io.grpc.StatusRuntimeException: UNAVAILABLE: io exception
2019-10-10 09:49:51,918 [grpc-default-executor-0] INFO  impl.FollowerInfo (FollowerInfo.java:lambda$new$0(51)) - ba2f7cfc-3c10-4d36-be20-9c5c096da0ba@group-41083F6567D3->a67970e8-8425-43f5-a21e-c7ba505a3499: nextIndex: updateUnconditionally 2 -> 1
2019-10-10 09:49:51,930 [grpc-default-executor-0] WARN  server.GrpcLogAppender (LogUtils.java:warn(134)) - ba2f7cfc-3c10-4d36-be20-9c5c096da0ba@group-41083F6567D3->a67970e8-8425-43f5-a21e-c7ba505a3499-AppendLogResponseHandler: Failed appendEntries: org.apache.ratis.thirdparty.io.grpc.StatusRuntimeException: UNAVAILABLE: io exception
2019-10-10 09:49:51,930 [grpc-default-executor-0] INFO  impl.FollowerInfo (FollowerInfo.java:lambda$new$0(51)) - ba2f7cfc-3c10-4d36-be20-9c5c096da0ba@group-41083F6567D3->a67970e8-8425-43f5-a21e-c7ba505a3499: nextIndex: updateUnconditionally 2 -> 1
2019-10-10 09:49:51,931 [EventQueue-IncrementalContainerReportForIncrementalContainerReportHandler] WARN  container.IncrementalContainerReportHandler (AbstractContainerReportHandler.java:updateContainerState(143)) - Container #1 is in OPEN state, but the datanode ba2f7cfc-3c10-4d36-be20-9c5c096da0ba{ip: 192.168.30.10, host: pr-hdds-1737-8bn8f-679866343, networkLocation: /default-rack, certSerialId: null} reports an CLOSING replica.
2019-10-10 09:49:51,940 [EventQueue-IncrementalContainerReportForIncrementalContainerReportHandler] WARN  container.IncrementalContainerReportHandler (AbstractContainerReportHandler.java:updateContainerState(143)) - Container #1 is in OPEN state, but the datanode 5771ad15-5c02-4f57-a269-c9edde6394ba{ip: 192.168.30.10, host: pr-hdds-1737-8bn8f-679866343, networkLocation: /default-rack, certSerialId: null} reports an CLOSING replica.
2019-10-10 09:49:51,983 [RatisApplyTransactionExecutor 1] INFO  interfaces.Container (KeyValueContainer.java:flushAndSyncDB(386)) - Container 1 is synced with bcsId 0.
2019-10-10 09:49:52,027 [RatisApplyTransactionExecutor 1] INFO  interfaces.Container (KeyValueContainer.java:flushAndSyncDB(386)) - Container 1 is synced with bcsId 0.
2019-10-10 09:49:52,039 [RatisApplyTransactionExecutor 1] INFO  interfaces.Container (KeyValueContainer.java:flushAndSyncDB(386)) - Container 1 is synced with bcsId 0.
2019-10-10 09:49:52,039 [RatisApplyTransactionExecutor 1] INFO  interfaces.Container (KeyValueContainer.java:flushAndSyncDB(386)) - Container 1 is synced with bcsId 0.
2019-10-10 09:49:52,053 [RatisApplyTransactionExecutor 1] INFO  interfaces.Container (KeyValueContainer.java:close(335)) - Container 1 is closed with bcsId 0.
2019-10-10 09:49:52,053 [RatisApplyTransactionExecutor 1] INFO  interfaces.Container (KeyValueContainer.java:close(335)) - Container 1 is closed with bcsId 0.
2019-10-10 09:49:52,058 [EventQueue-IncrementalContainerReportForIncrementalContainerReportHandler] WARN  container.IncrementalContainerReportHandler (AbstractContainerReportHandler.java:updateContainerState(143)) - Container #1 is in OPEN state, but the datanode ba2f7cfc-3c10-4d36-be20-9c5c096da0ba{ip: 192.168.30.10, host: pr-hdds-1737-8bn8f-679866343, networkLocation: /default-rack, certSerialId: null} reports an CLOSED replica.
2019-10-10 09:49:52,058 [EventQueue-IncrementalContainerReportForIncrementalContainerReportHandler] WARN  container.IncrementalContainerReportHandler (AbstractContainerReportHandler.java:updateContainerState(143)) - Container #1 is in OPEN state, but the datanode 5771ad15-5c02-4f57-a269-c9edde6394ba{ip: 192.168.30.10, host: pr-hdds-1737-8bn8f-679866343, networkLocation: /default-rack, certSerialId: null} reports an CLOSED replica.
2019-10-10 09:49:54,431 [grpc-default-executor-6] WARN  server.GrpcLogAppender (LogUtils.java:warn(134)) - ba2f7cfc-3c10-4d36-be20-9c5c096da0ba@group-41083F6567D3->a67970e8-8425-43f5-a21e-c7ba505a3499-AppendLogResponseHandler: Failed appendEntries: org.apache.ratis.thirdparty.io.grpc.StatusRuntimeException: UNAVAILABLE: io exception
2019-10-10 09:49:54,431 [grpc-default-executor-6] INFO  impl.FollowerInfo (FollowerInfo.java:lambda$new$0(51)) - ba2f7cfc-3c10-4d36-be20-9c5c096da0ba@group-41083F6567D3->a67970e8-8425-43f5-a21e-c7ba505a3499: nextIndex: updateUnconditionally 1 -> 0
2019-10-10 09:49:55,061 [main] WARN  scm.XceiverClientRatis (XceiverClientRatis.java:watchForCommit(269)) - 3 way commit failed on pipeline Pipeline[ Id: 55be24b3-6028-4a3b-ad7d-41083f6567d3, Nodes: a67970e8-8425-43f5-a21e-c7ba505a3499{ip: 192.168.30.10, host: pr-hdds-1737-8bn8f-679866343, networkLocation: /default-rack, certSerialId: null}5771ad15-5c02-4f57-a269-c9edde6394ba{ip: 192.168.30.10, host: pr-hdds-1737-8bn8f-679866343, networkLocation: /default-rack, certSerialId: null}ba2f7cfc-3c10-4d36-be20-9c5c096da0ba{ip: 192.168.30.10, host: pr-hdds-1737-8bn8f-679866343, networkLocation: /default-rack, certSerialId: null}, Type:RATIS, Factor:THREE, State:OPEN]
java.util.concurrent.TimeoutException
	at java.util.concurrent.CompletableFuture.timedGet(CompletableFuture.java:1771)
	at java.util.concurrent.CompletableFuture.get(CompletableFuture.java:1915)
	at org.apache.hadoop.hdds.scm.XceiverClientRatis.watchForCommit(XceiverClientRatis.java:266)
	at org.apache.hadoop.ozone.client.rpc.TestWatchForCommit.test2WayCommitForTimeoutException(TestWatchForCommit.java:391)
	at sun.reflect.NativeMethodAccessorImpl.invoke0(Native Method)
	at sun.reflect.NativeMethodAccessorImpl.invoke(NativeMethodAccessorImpl.java:62)
	at sun.reflect.DelegatingMethodAccessorImpl.invoke(DelegatingMethodAccessorImpl.java:43)
	at java.lang.reflect.Method.invoke(Method.java:498)
	at org.junit.runners.model.FrameworkMethod$1.runReflectiveCall(FrameworkMethod.java:47)
	at org.junit.internal.runners.model.ReflectiveCallable.run(ReflectiveCallable.java:12)
	at org.junit.runners.model.FrameworkMethod.invokeExplosively(FrameworkMethod.java:44)
	at org.junit.internal.runners.statements.InvokeMethod.evaluate(InvokeMethod.java:17)
	at org.junit.runners.ParentRunner.runLeaf(ParentRunner.java:271)
	at org.junit.runners.BlockJUnit4ClassRunner.runChild(BlockJUnit4ClassRunner.java:70)
	at org.junit.runners.BlockJUnit4ClassRunner.runChild(BlockJUnit4ClassRunner.java:50)
	at org.junit.runners.ParentRunner$3.run(ParentRunner.java:238)
	at org.junit.runners.ParentRunner$1.schedule(ParentRunner.java:63)
	at org.junit.runners.ParentRunner.runChildren(ParentRunner.java:236)
	at org.junit.runners.ParentRunner.access$000(ParentRunner.java:53)
	at org.junit.runners.ParentRunner$2.evaluate(ParentRunner.java:229)
	at org.junit.runners.ParentRunner.run(ParentRunner.java:309)
	at org.apache.maven.surefire.junit4.JUnit4Provider.execute(JUnit4Provider.java:365)
	at org.apache.maven.surefire.junit4.JUnit4Provider.executeWithRerun(JUnit4Provider.java:273)
	at org.apache.maven.surefire.junit4.JUnit4Provider.executeTestSet(JUnit4Provider.java:238)
	at org.apache.maven.surefire.junit4.JUnit4Provider.invoke(JUnit4Provider.java:159)
	at org.apache.maven.surefire.booter.ForkedBooter.invokeProviderInSameClassLoader(ForkedBooter.java:384)
	at org.apache.maven.surefire.booter.ForkedBooter.runSuitesInProcess(ForkedBooter.java:345)
	at org.apache.maven.surefire.booter.ForkedBooter.execute(ForkedBooter.java:126)
	at org.apache.maven.surefire.booter.ForkedBooter.main(ForkedBooter.java:418)
2019-10-10 09:49:56,931 [grpc-default-executor-9] WARN  server.GrpcLogAppender (LogUtils.java:warn(134)) - ba2f7cfc-3c10-4d36-be20-9c5c096da0ba@group-41083F6567D3->a67970e8-8425-43f5-a21e-c7ba505a3499-AppendLogResponseHandler: Failed appendEntries: org.apache.ratis.thirdparty.io.grpc.StatusRuntimeException: UNAVAILABLE: io exception
2019-10-10 09:49:56,935 [grpc-default-executor-9] INFO  impl.FollowerInfo (FollowerInfo.java:lambda$new$0(51)) - ba2f7cfc-3c10-4d36-be20-9c5c096da0ba@group-41083F6567D3->a67970e8-8425-43f5-a21e-c7ba505a3499: nextIndex: updateUnconditionally 0 -> 0
]]></system-out>
  </testcase>
</testsuite>