<?xml version="1.0" encoding="UTF-8"?>
<testsuite xmlns:xsi="http://www.w3.org/2001/XMLSchema-instance" xsi:noNamespaceSchemaLocation="https://maven.apache.org/surefire/maven-surefire-plugin/xsd/surefire-test-report.xsd" name="org.apache.hadoop.ozone.scm.TestXceiverClientManager" time="133.33" tests="4" errors="1" skipped="0" failures="0">
  <properties>
    <property name="awt.toolkit" value="sun.awt.X11.XToolkit"/>
    <property name="file.encoding.pkg" value="sun.io"/>
    <property name="java.specification.version" value="1.8"/>
    <property name="sun.cpu.isalist" value=""/>
    <property name="sun.jnu.encoding" value="ANSI_X3.4-1968"/>
    <property name="java.class.path" value="/workdir/hadoop-ozone/integration-test/target/test-classes:/workdir/hadoop-ozone/integration-test/target/classes:/home/user/.m2/repository/org/apache/hadoop/hadoop-ozone-common/0.5.0-SNAPSHOT/hadoop-ozone-common-0.5.0-SNAPSHOT.jar:/home/user/.m2/repository/org/apache/commons/commons-compress/1.4.1/commons-compress-1.4.1.jar:/home/user/.m2/repository/org/tukaani/xz/1.0/xz-1.0.jar:/home/user/.m2/repository/org/apache/hadoop/hadoop-common/3.2.0/hadoop-common-3.2.0.jar:/home/user/.m2/repository/org/apache/hadoop/hadoop-hdfs/3.2.0/hadoop-hdfs-3.2.0.jar:/home/user/.m2/repository/org/apache/hadoop/hadoop-hdfs-client/3.2.0/hadoop-hdfs-client-3.2.0.jar:/home/user/.m2/repository/com/fasterxml/jackson/core/jackson-annotations/2.9.9/jackson-annotations-2.9.9.jar:/home/user/.m2/repository/org/apache/hadoop/hadoop-hdds-common/0.5.0-SNAPSHOT/hadoop-hdds-common-0.5.0-SNAPSHOT.jar:/home/user/.m2/repository/javax/annotation/javax.annotation-api/1.2/javax.annotation-api-1.2.jar:/home/user/.m2/repository/org/apache/ratis/ratis-server/0.5.0-3f446aa-SNAPSHOT/ratis-server-0.5.0-3f446aa-SNAPSHOT.jar:/home/user/.m2/repository/org/apache/ratis/ratis-thirdparty-misc/0.2.0/ratis-thirdparty-misc-0.2.0.jar:/home/user/.m2/repository/org/apache/ratis/ratis-proto/0.5.0-3f446aa-SNAPSHOT/ratis-proto-0.5.0-3f446aa-SNAPSHOT.jar:/home/user/.m2/repository/org/apache/ratis/ratis-common/0.5.0-3f446aa-SNAPSHOT/ratis-common-0.5.0-3f446aa-SNAPSHOT.jar:/home/user/.m2/repository/org/apache/ratis/ratis-client/0.5.0-3f446aa-SNAPSHOT/ratis-client-0.5.0-3f446aa-SNAPSHOT.jar:/home/user/.m2/repository/org/apache/ratis/ratis-metrics/0.5.0-3f446aa-SNAPSHOT/ratis-metrics-0.5.0-3f446aa-SNAPSHOT.jar:/home/user/.m2/repository/com/github/joshelser/dropwizard-metrics-hadoop-metrics2-reporter/0.1.2/dropwizard-metrics-hadoop-metrics2-reporter-0.1.2.jar:/home/user/.m2/repository/io/dropwizard/metrics/metrics-jvm/3.2.5/metrics-jvm-3.2.5.jar:/home/user/.m2/repository/io/dropwizard/metrics/metrics-ganglia/3.2.5/metrics-ganglia-3.2.5.jar:/home/user/.m2/repository/info/ganglia/gmetric4j/gmetric4j/1.0.7/gmetric4j-1.0.7.jar:/home/user/.m2/repository/org/apache/ratis/ratis-netty/0.5.0-3f446aa-SNAPSHOT/ratis-netty-0.5.0-3f446aa-SNAPSHOT.jar:/home/user/.m2/repository/org/apache/ratis/ratis-grpc/0.5.0-3f446aa-SNAPSHOT/ratis-grpc-0.5.0-3f446aa-SNAPSHOT.jar:/home/user/.m2/repository/org/rocksdb/rocksdbjni/6.0.1/rocksdbjni-6.0.1.jar:/home/user/.m2/repository/org/apache/logging/log4j/log4j-api/2.11.0/log4j-api-2.11.0.jar:/home/user/.m2/repository/org/apache/logging/log4j/log4j-core/2.11.0/log4j-core-2.11.0.jar:/home/user/.m2/repository/com/lmax/disruptor/3.4.2/disruptor-3.4.2.jar:/home/user/.m2/repository/org/apache/commons/commons-pool2/2.6.0/commons-pool2-2.6.0.jar:/home/user/.m2/repository/org/bouncycastle/bcpkix-jdk15on/1.60/bcpkix-jdk15on-1.60.jar:/home/user/.m2/repository/commons-validator/commons-validator/1.6/commons-validator-1.6.jar:/home/user/.m2/repository/commons-digester/commons-digester/1.8.1/commons-digester-1.8.1.jar:/home/user/.m2/repository/io/jaegertracing/jaeger-client/0.34.0/jaeger-client-0.34.0.jar:/home/user/.m2/repository/io/jaegertracing/jaeger-thrift/0.34.0/jaeger-thrift-0.34.0.jar:/home/user/.m2/repository/org/apache/thrift/libthrift/0.12.0/libthrift-0.12.0.jar:/home/user/.m2/repository/com/squareup/okhttp3/okhttp/3.9.0/okhttp-3.9.0.jar:/home/user/.m2/repository/com/squareup/okio/okio/1.13.0/okio-1.13.0.jar:/home/user/.m2/repository/io/jaegertracing/jaeger-core/0.34.0/jaeger-core-0.34.0.jar:/home/user/.m2/repository/io/jaegertracing/jaeger-tracerresolver/0.34.0/jaeger-tracerresolver-0.34.0.jar:/home/user/.m2/repository/io/opentracing/contrib/opentracing-tracerresolver/0.1.5/opentracing-tracerresolver-0.1.5.jar:/home/user/.m2/repository/io/opentracing/opentracing-util/0.31.0/opentracing-util-0.31.0.jar:/home/user/.m2/repository/io/opentracing/opentracing-api/0.31.0/opentracing-api-0.31.0.jar:/home/user/.m2/repository/io/opentracing/opentracing-noop/0.31.0/opentracing-noop-0.31.0.jar:/home/user/.m2/repository/org/apache/hadoop/hadoop-hdds-server-framework/0.5.0-SNAPSHOT/hadoop-hdds-server-framework-0.5.0-SNAPSHOT.jar:/home/user/.m2/repository/org/apache/hadoop/hadoop-hdds-container-service/0.5.0-SNAPSHOT/hadoop-hdds-container-service-0.5.0-SNAPSHOT.jar:/home/user/.m2/repository/org/apache/hadoop/hadoop-hdds-client/0.5.0-SNAPSHOT/hadoop-hdds-client-0.5.0-SNAPSHOT.jar:/home/user/.m2/repository/org/apache/hadoop/hadoop-hdds-tools/0.5.0-SNAPSHOT/hadoop-hdds-tools-0.5.0-SNAPSHOT.jar:/home/user/.m2/repository/org/apache/hadoop/hadoop-hdds-server-scm/0.5.0-SNAPSHOT/hadoop-hdds-server-scm-0.5.0-SNAPSHOT.jar:/home/user/.m2/repository/org/apache/hadoop/hadoop-hdds-docs/0.5.0-SNAPSHOT/hadoop-hdds-docs-0.5.0-SNAPSHOT.jar:/home/user/.m2/repository/io/dropwizard/metrics/metrics-core/3.2.4/metrics-core-3.2.4.jar:/home/user/.m2/repository/org/hamcrest/hamcrest-all/1.3/hamcrest-all-1.3.jar:/home/user/.m2/repository/org/bouncycastle/bcprov-jdk15on/1.60/bcprov-jdk15on-1.60.jar:/home/user/.m2/repository/info/picocli/picocli/3.9.6/picocli-3.9.6.jar:/home/user/.m2/repository/com/google/protobuf/protobuf-java/2.5.0/protobuf-java-2.5.0.jar:/home/user/.m2/repository/com/google/guava/guava/11.0.2/guava-11.0.2.jar:/home/user/.m2/repository/org/apache/hadoop/hadoop-ozone-ozone-manager/0.5.0-SNAPSHOT/hadoop-ozone-ozone-manager-0.5.0-SNAPSHOT.jar:/home/user/.m2/repository/org/apache/hadoop/hadoop-minikdc/3.2.0/hadoop-minikdc-3.2.0.jar:/home/user/.m2/repository/commons-io/commons-io/2.5/commons-io-2.5.jar:/home/user/.m2/repository/org/apache/kerby/kerb-simplekdc/1.0.1/kerb-simplekdc-1.0.1.jar:/home/user/.m2/repository/org/apache/kerby/kerb-client/1.0.1/kerb-client-1.0.1.jar:/home/user/.m2/repository/org/apache/kerby/kerby-config/1.0.1/kerby-config-1.0.1.jar:/home/user/.m2/repository/org/apache/kerby/kerb-core/1.0.1/kerb-core-1.0.1.jar:/home/user/.m2/repository/org/apache/kerby/kerby-pkix/1.0.1/kerby-pkix-1.0.1.jar:/home/user/.m2/repository/org/apache/kerby/kerby-asn1/1.0.1/kerby-asn1-1.0.1.jar:/home/user/.m2/repository/org/apache/kerby/kerby-util/1.0.1/kerby-util-1.0.1.jar:/home/user/.m2/repository/org/apache/kerby/kerb-common/1.0.1/kerb-common-1.0.1.jar:/home/user/.m2/repository/org/apache/kerby/kerb-crypto/1.0.1/kerb-crypto-1.0.1.jar:/home/user/.m2/repository/org/apache/kerby/kerb-util/1.0.1/kerb-util-1.0.1.jar:/home/user/.m2/repository/org/apache/kerby/token-provider/1.0.1/token-provider-1.0.1.jar:/home/user/.m2/repository/org/apache/kerby/kerb-admin/1.0.1/kerb-admin-1.0.1.jar:/home/user/.m2/repository/org/apache/kerby/kerb-server/1.0.1/kerb-server-1.0.1.jar:/home/user/.m2/repository/org/apache/kerby/kerb-identity/1.0.1/kerb-identity-1.0.1.jar:/home/user/.m2/repository/org/apache/kerby/kerby-xdr/1.0.1/kerby-xdr-1.0.1.jar:/home/user/.m2/repository/org/slf4j/slf4j-log4j12/1.7.25/slf4j-log4j12-1.7.25.jar:/home/user/.m2/repository/org/apache/hadoop/hadoop-ozone-s3gateway/0.5.0-SNAPSHOT/hadoop-ozone-s3gateway-0.5.0-SNAPSHOT.jar:/home/user/.m2/repository/org/jboss/weld/servlet/weld-servlet/2.4.7.Final/weld-servlet-2.4.7.Final.jar:/home/user/.m2/repository/org/glassfish/jersey/containers/jersey-container-servlet-core/2.27/jersey-container-servlet-core-2.27.jar:/home/user/.m2/repository/org/glassfish/hk2/external/javax.inject/2.5.0-b42/javax.inject-2.5.0-b42.jar:/home/user/.m2/repository/org/glassfish/jersey/core/jersey-common/2.27/jersey-common-2.27.jar:/home/user/.m2/repository/org/glassfish/hk2/osgi-resource-locator/1.0.1/osgi-resource-locator-1.0.1.jar:/home/user/.m2/repository/javax/ws/rs/javax.ws.rs-api/2.1/javax.ws.rs-api-2.1.jar:/home/user/.m2/repository/org/glassfish/jersey/ext/cdi/jersey-cdi1x/2.27/jersey-cdi1x-2.27.jar:/home/user/.m2/repository/org/glassfish/jersey/inject/jersey-hk2/2.27/jersey-hk2-2.27.jar:/home/user/.m2/repository/org/glassfish/hk2/hk2-locator/2.5.0-b42/hk2-locator-2.5.0-b42.jar:/home/user/.m2/repository/org/javassist/javassist/3.22.0-CR2/javassist-3.22.0-CR2.jar:/home/user/.m2/repository/org/glassfish/hk2/hk2-api/2.5.0/hk2-api-2.5.0.jar:/home/user/.m2/repository/org/glassfish/hk2/external/jakarta.inject/2.5.0/jakarta.inject-2.5.0.jar:/home/user/.m2/repository/org/glassfish/hk2/hk2-utils/2.5.0/hk2-utils-2.5.0.jar:/home/user/.m2/repository/jakarta/annotation/jakarta.annotation-api/1.3.4/jakarta.annotation-api-1.3.4.jar:/home/user/.m2/repository/org/glassfish/hk2/external/aopalliance-repackaged/2.5.0/aopalliance-repackaged-2.5.0.jar:/home/user/.m2/repository/com/fasterxml/jackson/dataformat/jackson-dataformat-xml/2.9.0/jackson-dataformat-xml-2.9.0.jar:/home/user/.m2/repository/com/fasterxml/jackson/core/jackson-core/2.9.9/jackson-core-2.9.9.jar:/home/user/.m2/repository/com/fasterxml/jackson/module/jackson-module-jaxb-annotations/2.9.9/jackson-module-jaxb-annotations-2.9.9.jar:/home/user/.m2/repository/javax/enterprise/cdi-api/1.2/cdi-api-1.2.jar:/home/user/.m2/repository/javax/el/javax.el-api/3.0.0/javax.el-api-3.0.0.jar:/home/user/.m2/repository/javax/interceptor/javax.interceptor-api/1.2/javax.interceptor-api-1.2.jar:/home/user/.m2/repository/javax/inject/javax.inject/1/javax.inject-1.jar:/home/user/.m2/repository/com/sun/xml/bind/jaxb-impl/2.3.0.1/jaxb-impl-2.3.0.1.jar:/home/user/.m2/repository/com/sun/xml/bind/jaxb-core/2.3.0.1/jaxb-core-2.3.0.1.jar:/home/user/.m2/repository/javax/xml/bind/jaxb-api/2.3.0/jaxb-api-2.3.0.jar:/home/user/.m2/repository/javax/activation/activation/1.1.1/activation-1.1.1.jar:/home/user/.m2/repository/org/apache/hadoop/hadoop-ozone-csi/0.5.0-SNAPSHOT/hadoop-ozone-csi-0.5.0-SNAPSHOT.jar:/home/user/.m2/repository/com/google/protobuf/protobuf-java-util/3.5.1/protobuf-java-util-3.5.1.jar:/home/user/.m2/repository/org/apache/hadoop/hadoop-hdds-config/0.5.0-SNAPSHOT/hadoop-hdds-config-0.5.0-SNAPSHOT.jar:/home/user/.m2/repository/io/grpc/grpc-netty/1.17.1/grpc-netty-1.17.1.jar:/home/user/.m2/repository/io/grpc/grpc-core/1.17.1/grpc-core-1.17.1.jar:/home/user/.m2/repository/io/grpc/grpc-context/1.17.1/grpc-context-1.17.1.jar:/home/user/.m2/repository/com/google/errorprone/error_prone_annotations/2.2.0/error_prone_annotations-2.2.0.jar:/home/user/.m2/repository/org/codehaus/mojo/animal-sniffer-annotations/1.17/animal-sniffer-annotations-1.17.jar:/home/user/.m2/repository/io/opencensus/opencensus-api/0.17.0/opencensus-api-0.17.0.jar:/home/user/.m2/repository/io/opencensus/opencensus-contrib-grpc-metrics/0.17.0/opencensus-contrib-grpc-metrics-0.17.0.jar:/home/user/.m2/repository/io/netty/netty-codec-http2/4.1.30.Final/netty-codec-http2-4.1.30.Final.jar:/home/user/.m2/repository/io/netty/netty-codec-http/4.1.30.Final/netty-codec-http-4.1.30.Final.jar:/home/user/.m2/repository/io/netty/netty-codec/4.1.30.Final/netty-codec-4.1.30.Final.jar:/home/user/.m2/repository/io/netty/netty-handler/4.1.30.Final/netty-handler-4.1.30.Final.jar:/home/user/.m2/repository/io/netty/netty-handler-proxy/4.1.30.Final/netty-handler-proxy-4.1.30.Final.jar:/home/user/.m2/repository/io/netty/netty-codec-socks/4.1.30.Final/netty-codec-socks-4.1.30.Final.jar:/home/user/.m2/repository/io/netty/netty-transport-native-epoll/4.1.30.Final/netty-transport-native-epoll-4.1.30.Final.jar:/home/user/.m2/repository/io/netty/netty-common/4.1.30.Final/netty-common-4.1.30.Final.jar:/home/user/.m2/repository/io/netty/netty-buffer/4.1.30.Final/netty-buffer-4.1.30.Final.jar:/home/user/.m2/repository/io/netty/netty-transport/4.1.30.Final/netty-transport-4.1.30.Final.jar:/home/user/.m2/repository/io/netty/netty-resolver/4.1.30.Final/netty-resolver-4.1.30.Final.jar:/home/user/.m2/repository/io/netty/netty-transport-native-unix-common/4.1.30.Final/netty-transport-native-unix-common-4.1.30.Final.jar:/home/user/.m2/repository/io/grpc/grpc-protobuf/1.17.1/grpc-protobuf-1.17.1.jar:/home/user/.m2/repository/com/google/api/grpc/proto-google-common-protos/1.0.0/proto-google-common-protos-1.0.0.jar:/home/user/.m2/repository/io/grpc/grpc-protobuf-lite/1.17.1/grpc-protobuf-lite-1.17.1.jar:/home/user/.m2/repository/io/grpc/grpc-stub/1.17.1/grpc-stub-1.17.1.jar:/home/user/.m2/repository/org/apache/hadoop/hadoop-ozone-recon/0.5.0-SNAPSHOT/hadoop-ozone-recon-0.5.0-SNAPSHOT.jar:/home/user/.m2/repository/org/apache/hadoop/hadoop-ozone-reconcodegen/0.5.0-SNAPSHOT/hadoop-ozone-reconcodegen-0.5.0-SNAPSHOT.jar:/home/user/.m2/repository/com/google/inject/extensions/guice-multibindings/4.0/guice-multibindings-4.0.jar:/home/user/.m2/repository/com/google/inject/guice/4.0/guice-4.0.jar:/home/user/.m2/repository/aopalliance/aopalliance/1.0/aopalliance-1.0.jar:/home/user/.m2/repository/com/google/inject/extensions/guice-servlet/4.0/guice-servlet-4.0.jar:/home/user/.m2/repository/org/glassfish/jersey/containers/jersey-container-servlet/2.27/jersey-container-servlet-2.27.jar:/home/user/.m2/repository/org/glassfish/hk2/guice-bridge/2.5.0/guice-bridge-2.5.0.jar:/home/user/.m2/repository/org/glassfish/jersey/core/jersey-server/2.27/jersey-server-2.27.jar:/home/user/.m2/repository/org/glassfish/jersey/core/jersey-client/2.27/jersey-client-2.27.jar:/home/user/.m2/repository/org/glassfish/jersey/media/jersey-media-jaxb/2.27/jersey-media-jaxb-2.27.jar:/home/user/.m2/repository/javax/validation/validation-api/1.1.0.Final/validation-api-1.1.0.Final.jar:/home/user/.m2/repository/org/glassfish/jersey/media/jersey-media-json-jackson/2.27/jersey-media-json-jackson-2.27.jar:/home/user/.m2/repository/org/glassfish/jersey/ext/jersey-entity-filtering/2.27/jersey-entity-filtering-2.27.jar:/home/user/.m2/repository/com/google/inject/extensions/guice-assistedinject/4.0/guice-assistedinject-4.0.jar:/home/user/.m2/repository/org/jooq/jooq/3.11.10/jooq-3.11.10.jar:/home/user/.m2/repository/org/jooq/jooq-meta/3.11.10/jooq-meta-3.11.10.jar:/home/user/.m2/repository/org/jooq/jooq-codegen/3.11.10/jooq-codegen-3.11.10.jar:/home/user/.m2/repository/com/jolbox/bonecp/0.8.0.RELEASE/bonecp-0.8.0.RELEASE.jar:/home/user/.m2/repository/org/xerial/sqlite-jdbc/3.25.2/sqlite-jdbc-3.25.2.jar:/home/user/.m2/repository/org/springframework/spring-jdbc/5.1.3.RELEASE/spring-jdbc-5.1.3.RELEASE.jar:/home/user/.m2/repository/org/springframework/spring-beans/5.1.3.RELEASE/spring-beans-5.1.3.RELEASE.jar:/home/user/.m2/repository/org/springframework/spring-core/5.1.3.RELEASE/spring-core-5.1.3.RELEASE.jar:/home/user/.m2/repository/org/springframework/spring-jcl/5.1.3.RELEASE/spring-jcl-5.1.3.RELEASE.jar:/home/user/.m2/repository/org/springframework/spring-tx/5.1.3.RELEASE/spring-tx-5.1.3.RELEASE.jar:/home/user/.m2/repository/org/apache/hadoop/hadoop-ozone-client/0.5.0-SNAPSHOT/hadoop-ozone-client-0.5.0-SNAPSHOT.jar:/home/user/.m2/repository/commons-lang/commons-lang/2.6/commons-lang-2.6.jar:/home/user/.m2/repository/org/apache/hadoop/hadoop-ozone-ozone-manager/0.5.0-SNAPSHOT/hadoop-ozone-ozone-manager-0.5.0-SNAPSHOT-tests.jar:/home/user/.m2/repository/junit/junit/4.11/junit-4.11.jar:/home/user/.m2/repository/org/hamcrest/hamcrest-core/1.3/hamcrest-core-1.3.jar:/home/user/.m2/repository/org/openjdk/jmh/jmh-core/1.19/jmh-core-1.19.jar:/home/user/.m2/repository/net/sf/jopt-simple/jopt-simple/4.6/jopt-simple-4.6.jar:/home/user/.m2/repository/org/apache/commons/commons-math3/3.1.1/commons-math3-3.1.1.jar:/home/user/.m2/repository/org/openjdk/jmh/jmh-generator-annprocess/1.19/jmh-generator-annprocess-1.19.jar:/home/user/.m2/repository/org/mockito/mockito-all/1.8.5/mockito-all-1.8.5.jar:/home/user/.m2/repository/org/apache/hadoop/hadoop-kms/3.2.0/hadoop-kms-3.2.0.jar:/home/user/.m2/repository/org/apache/hadoop/hadoop-auth/3.2.0/hadoop-auth-3.2.0.jar:/home/user/.m2/repository/com/nimbusds/nimbus-jose-jwt/4.41.1/nimbus-jose-jwt-4.41.1.jar:/home/user/.m2/repository/com/github/stephenc/jcip/jcip-annotations/1.0-1/jcip-annotations-1.0-1.jar:/home/user/.m2/repository/net/minidev/json-smart/2.3/json-smart-2.3.jar:/home/user/.m2/repository/net/minidev/accessors-smart/1.2/accessors-smart-1.2.jar:/home/user/.m2/repository/org/ow2/asm/asm/5.0.4/asm-5.0.4.jar:/home/user/.m2/repository/org/apache/curator/curator-framework/2.12.0/curator-framework-2.12.0.jar:/home/user/.m2/repository/com/sun/jersey/jersey-core/1.19/jersey-core-1.19.jar:/home/user/.m2/repository/javax/ws/rs/jsr311-api/1.1.1/jsr311-api-1.1.1.jar:/home/user/.m2/repository/com/sun/jersey/jersey-server/1.19/jersey-server-1.19.jar:/home/user/.m2/repository/javax/servlet/javax.servlet-api/3.1.0/javax.servlet-api-3.1.0.jar:/home/user/.m2/repository/org/eclipse/jetty/jetty-server/9.3.25.v20180904/jetty-server-9.3.25.v20180904.jar:/home/user/.m2/repository/org/eclipse/jetty/jetty-http/9.3.25.v20180904/jetty-http-9.3.25.v20180904.jar:/home/user/.m2/repository/org/eclipse/jetty/jetty-io/9.3.25.v20180904/jetty-io-9.3.25.v20180904.jar:/home/user/.m2/repository/org/eclipse/jetty/jetty-webapp/9.3.25.v20180904/jetty-webapp-9.3.25.v20180904.jar:/home/user/.m2/repository/org/eclipse/jetty/jetty-xml/9.3.25.v20180904/jetty-xml-9.3.25.v20180904.jar:/home/user/.m2/repository/log4j/log4j/1.2.17/log4j-1.2.17.jar:/home/user/.m2/repository/org/slf4j/slf4j-api/1.7.25/slf4j-api-1.7.25.jar:/home/user/.m2/repository/org/slf4j/jul-to-slf4j/1.7.25/jul-to-slf4j-1.7.25.jar:/home/user/.m2/repository/org/eclipse/jetty/jetty-util/9.3.25.v20180904/jetty-util-9.3.25.v20180904.jar:/home/user/.m2/repository/com/fasterxml/jackson/core/jackson-databind/2.9.9/jackson-databind-2.9.9.jar:/home/user/.m2/repository/org/apache/hadoop/hadoop-kms/3.2.0/hadoop-kms-3.2.0-tests.jar:/home/user/.m2/repository/org/apache/hadoop/hadoop-hdds-server-scm/0.5.0-SNAPSHOT/hadoop-hdds-server-scm-0.5.0-SNAPSHOT-tests.jar:/home/user/.m2/repository/org/apache/hadoop/hadoop-hdds-container-service/0.5.0-SNAPSHOT/hadoop-hdds-container-service-0.5.0-SNAPSHOT-tests.jar:/home/user/.m2/repository/org/yaml/snakeyaml/1.16/snakeyaml-1.16.jar:/home/user/.m2/repository/org/apache/hadoop/hadoop-common/3.2.0/hadoop-common-3.2.0-tests.jar:/home/user/.m2/repository/org/apache/hadoop/hadoop-annotations/3.2.0/hadoop-annotations-3.2.0.jar:/usr/lib/jvm/java-1.8.0-openjdk-1.8.0.222.b10-1.el7_7.x86_64/jre/../lib/tools.jar:/home/user/.m2/repository/commons-cli/commons-cli/1.2/commons-cli-1.2.jar:/home/user/.m2/repository/org/apache/httpcomponents/httpclient/4.5.2/httpclient-4.5.2.jar:/home/user/.m2/repository/org/apache/httpcomponents/httpcore/4.4.4/httpcore-4.4.4.jar:/home/user/.m2/repository/commons-codec/commons-codec/1.11/commons-codec-1.11.jar:/home/user/.m2/repository/commons-net/commons-net/3.6/commons-net-3.6.jar:/home/user/.m2/repository/commons-collections/commons-collections/3.2.2/commons-collections-3.2.2.jar:/home/user/.m2/repository/org/eclipse/jetty/jetty-servlet/9.3.25.v20180904/jetty-servlet-9.3.25.v20180904.jar:/home/user/.m2/repository/org/eclipse/jetty/jetty-security/9.3.25.v20180904/jetty-security-9.3.25.v20180904.jar:/home/user/.m2/repository/javax/servlet/jsp/jsp-api/2.1/jsp-api-2.1.jar:/home/user/.m2/repository/com/sun/jersey/jersey-servlet/1.19/jersey-servlet-1.19.jar:/home/user/.m2/repository/com/sun/jersey/jersey-json/1.19/jersey-json-1.19.jar:/home/user/.m2/repository/org/codehaus/jettison/jettison/1.1/jettison-1.1.jar:/home/user/.m2/repository/org/codehaus/jackson/jackson-core-asl/1.9.13/jackson-core-asl-1.9.13.jar:/home/user/.m2/repository/org/codehaus/jackson/jackson-mapper-asl/1.9.13/jackson-mapper-asl-1.9.13.jar:/home/user/.m2/repository/org/codehaus/jackson/jackson-jaxrs/1.9.13/jackson-jaxrs-1.9.13.jar:/home/user/.m2/repository/org/codehaus/jackson/jackson-xc/1.9.13/jackson-xc-1.9.13.jar:/home/user/.m2/repository/commons-logging/commons-logging/1.1.3/commons-logging-1.1.3.jar:/home/user/.m2/repository/commons-beanutils/commons-beanutils/1.9.4/commons-beanutils-1.9.4.jar:/home/user/.m2/repository/org/apache/commons/commons-configuration2/2.1.1/commons-configuration2-2.1.1.jar:/home/user/.m2/repository/org/apache/commons/commons-lang3/3.7/commons-lang3-3.7.jar:/home/user/.m2/repository/org/apache/commons/commons-text/1.4/commons-text-1.4.jar:/home/user/.m2/repository/org/apache/avro/avro/1.7.7/avro-1.7.7.jar:/home/user/.m2/repository/com/thoughtworks/paranamer/paranamer/2.3/paranamer-2.3.jar:/home/user/.m2/repository/org/xerial/snappy/snappy-java/1.0.5/snappy-java-1.0.5.jar:/home/user/.m2/repository/com/google/re2j/re2j/1.1/re2j-1.1.jar:/home/user/.m2/repository/com/google/code/gson/gson/2.2.4/gson-2.2.4.jar:/home/user/.m2/repository/com/jcraft/jsch/0.1.54/jsch-0.1.54.jar:/home/user/.m2/repository/org/apache/curator/curator-client/2.12.0/curator-client-2.12.0.jar:/home/user/.m2/repository/org/apache/curator/curator-recipes/2.12.0/curator-recipes-2.12.0.jar:/home/user/.m2/repository/com/google/code/findbugs/jsr305/3.0.0/jsr305-3.0.0.jar:/home/user/.m2/repository/org/apache/htrace/htrace-core4/4.1.0-incubating/htrace-core4-4.1.0-incubating.jar:/home/user/.m2/repository/org/apache/zookeeper/zookeeper/3.4.13/zookeeper-3.4.13.jar:/home/user/.m2/repository/jline/jline/0.9.94/jline-0.9.94.jar:/home/user/.m2/repository/org/apache/yetus/audience-annotations/0.5.0/audience-annotations-0.5.0.jar:/home/user/.m2/repository/org/codehaus/woodstox/stax2-api/3.1.4/stax2-api-3.1.4.jar:/home/user/.m2/repository/com/fasterxml/woodstox/woodstox-core/5.0.3/woodstox-core-5.0.3.jar:/home/user/.m2/repository/dnsjava/dnsjava/2.1.7/dnsjava-2.1.7.jar:/home/user/.m2/repository/org/apache/hadoop/hadoop-hdfs/3.2.0/hadoop-hdfs-3.2.0-tests.jar:/home/user/.m2/repository/org/eclipse/jetty/jetty-util-ajax/9.3.25.v20180904/jetty-util-ajax-9.3.25.v20180904.jar:/home/user/.m2/repository/commons-daemon/commons-daemon/1.0.13/commons-daemon-1.0.13.jar:/home/user/.m2/repository/io/netty/netty/3.10.5.Final/netty-3.10.5.Final.jar:/home/user/.m2/repository/io/netty/netty-all/4.0.52.Final/netty-all-4.0.52.Final.jar:/home/user/.m2/repository/org/fusesource/leveldbjni/leveldbjni-all/1.8/leveldbjni-all-1.8.jar:"/>
    <property name="java.vm.vendor" value="Oracle Corporation"/>
    <property name="sun.arch.data.model" value="64"/>
    <property name="test.build.dir" value="/workdir/hadoop-ozone/integration-test/target/test-dir"/>
    <property name="test.cache.data" value=""/>
    <property name="java.vendor.url" value="http://java.oracle.com/"/>
    <property name="user.timezone" value=""/>
    <property name="java.vm.specification.version" value="1.8"/>
    <property name="os.name" value="Linux"/>
    <property name="test.build.data" value="/workdir/hadoop-ozone/integration-test/target/test-dir"/>
    <property name="user.country" value="US"/>
    <property name="sun.java.launcher" value="SUN_STANDARD"/>
    <property name="sun.boot.library.path" value="/usr/lib/jvm/java-1.8.0-openjdk-1.8.0.222.b10-1.el7_7.x86_64/jre/lib/amd64"/>
    <property name="sun.java.command" value="/workdir/hadoop-ozone/integration-test/target/surefire/surefirebooter4632514298351575042.jar /workdir/hadoop-ozone/integration-test/target/surefire 2019-10-17T06-25-58_183-jvmRun1 surefire6034689916306620070tmp surefire_262899535327294740889tmp"/>
    <property name="surefire.test.class.path" value="/workdir/hadoop-ozone/integration-test/target/test-classes:/workdir/hadoop-ozone/integration-test/target/classes:/home/user/.m2/repository/org/apache/hadoop/hadoop-ozone-common/0.5.0-SNAPSHOT/hadoop-ozone-common-0.5.0-SNAPSHOT.jar:/home/user/.m2/repository/org/apache/commons/commons-compress/1.4.1/commons-compress-1.4.1.jar:/home/user/.m2/repository/org/tukaani/xz/1.0/xz-1.0.jar:/home/user/.m2/repository/org/apache/hadoop/hadoop-common/3.2.0/hadoop-common-3.2.0.jar:/home/user/.m2/repository/org/apache/hadoop/hadoop-hdfs/3.2.0/hadoop-hdfs-3.2.0.jar:/home/user/.m2/repository/org/apache/hadoop/hadoop-hdfs-client/3.2.0/hadoop-hdfs-client-3.2.0.jar:/home/user/.m2/repository/com/fasterxml/jackson/core/jackson-annotations/2.9.9/jackson-annotations-2.9.9.jar:/home/user/.m2/repository/org/apache/hadoop/hadoop-hdds-common/0.5.0-SNAPSHOT/hadoop-hdds-common-0.5.0-SNAPSHOT.jar:/home/user/.m2/repository/javax/annotation/javax.annotation-api/1.2/javax.annotation-api-1.2.jar:/home/user/.m2/repository/org/apache/ratis/ratis-server/0.5.0-3f446aa-SNAPSHOT/ratis-server-0.5.0-3f446aa-SNAPSHOT.jar:/home/user/.m2/repository/org/apache/ratis/ratis-thirdparty-misc/0.2.0/ratis-thirdparty-misc-0.2.0.jar:/home/user/.m2/repository/org/apache/ratis/ratis-proto/0.5.0-3f446aa-SNAPSHOT/ratis-proto-0.5.0-3f446aa-SNAPSHOT.jar:/home/user/.m2/repository/org/apache/ratis/ratis-common/0.5.0-3f446aa-SNAPSHOT/ratis-common-0.5.0-3f446aa-SNAPSHOT.jar:/home/user/.m2/repository/org/apache/ratis/ratis-client/0.5.0-3f446aa-SNAPSHOT/ratis-client-0.5.0-3f446aa-SNAPSHOT.jar:/home/user/.m2/repository/org/apache/ratis/ratis-metrics/0.5.0-3f446aa-SNAPSHOT/ratis-metrics-0.5.0-3f446aa-SNAPSHOT.jar:/home/user/.m2/repository/com/github/joshelser/dropwizard-metrics-hadoop-metrics2-reporter/0.1.2/dropwizard-metrics-hadoop-metrics2-reporter-0.1.2.jar:/home/user/.m2/repository/io/dropwizard/metrics/metrics-jvm/3.2.5/metrics-jvm-3.2.5.jar:/home/user/.m2/repository/io/dropwizard/metrics/metrics-ganglia/3.2.5/metrics-ganglia-3.2.5.jar:/home/user/.m2/repository/info/ganglia/gmetric4j/gmetric4j/1.0.7/gmetric4j-1.0.7.jar:/home/user/.m2/repository/org/apache/ratis/ratis-netty/0.5.0-3f446aa-SNAPSHOT/ratis-netty-0.5.0-3f446aa-SNAPSHOT.jar:/home/user/.m2/repository/org/apache/ratis/ratis-grpc/0.5.0-3f446aa-SNAPSHOT/ratis-grpc-0.5.0-3f446aa-SNAPSHOT.jar:/home/user/.m2/repository/org/rocksdb/rocksdbjni/6.0.1/rocksdbjni-6.0.1.jar:/home/user/.m2/repository/org/apache/logging/log4j/log4j-api/2.11.0/log4j-api-2.11.0.jar:/home/user/.m2/repository/org/apache/logging/log4j/log4j-core/2.11.0/log4j-core-2.11.0.jar:/home/user/.m2/repository/com/lmax/disruptor/3.4.2/disruptor-3.4.2.jar:/home/user/.m2/repository/org/apache/commons/commons-pool2/2.6.0/commons-pool2-2.6.0.jar:/home/user/.m2/repository/org/bouncycastle/bcpkix-jdk15on/1.60/bcpkix-jdk15on-1.60.jar:/home/user/.m2/repository/commons-validator/commons-validator/1.6/commons-validator-1.6.jar:/home/user/.m2/repository/commons-digester/commons-digester/1.8.1/commons-digester-1.8.1.jar:/home/user/.m2/repository/io/jaegertracing/jaeger-client/0.34.0/jaeger-client-0.34.0.jar:/home/user/.m2/repository/io/jaegertracing/jaeger-thrift/0.34.0/jaeger-thrift-0.34.0.jar:/home/user/.m2/repository/org/apache/thrift/libthrift/0.12.0/libthrift-0.12.0.jar:/home/user/.m2/repository/com/squareup/okhttp3/okhttp/3.9.0/okhttp-3.9.0.jar:/home/user/.m2/repository/com/squareup/okio/okio/1.13.0/okio-1.13.0.jar:/home/user/.m2/repository/io/jaegertracing/jaeger-core/0.34.0/jaeger-core-0.34.0.jar:/home/user/.m2/repository/io/jaegertracing/jaeger-tracerresolver/0.34.0/jaeger-tracerresolver-0.34.0.jar:/home/user/.m2/repository/io/opentracing/contrib/opentracing-tracerresolver/0.1.5/opentracing-tracerresolver-0.1.5.jar:/home/user/.m2/repository/io/opentracing/opentracing-util/0.31.0/opentracing-util-0.31.0.jar:/home/user/.m2/repository/io/opentracing/opentracing-api/0.31.0/opentracing-api-0.31.0.jar:/home/user/.m2/repository/io/opentracing/opentracing-noop/0.31.0/opentracing-noop-0.31.0.jar:/home/user/.m2/repository/org/apache/hadoop/hadoop-hdds-server-framework/0.5.0-SNAPSHOT/hadoop-hdds-server-framework-0.5.0-SNAPSHOT.jar:/home/user/.m2/repository/org/apache/hadoop/hadoop-hdds-container-service/0.5.0-SNAPSHOT/hadoop-hdds-container-service-0.5.0-SNAPSHOT.jar:/home/user/.m2/repository/org/apache/hadoop/hadoop-hdds-client/0.5.0-SNAPSHOT/hadoop-hdds-client-0.5.0-SNAPSHOT.jar:/home/user/.m2/repository/org/apache/hadoop/hadoop-hdds-tools/0.5.0-SNAPSHOT/hadoop-hdds-tools-0.5.0-SNAPSHOT.jar:/home/user/.m2/repository/org/apache/hadoop/hadoop-hdds-server-scm/0.5.0-SNAPSHOT/hadoop-hdds-server-scm-0.5.0-SNAPSHOT.jar:/home/user/.m2/repository/org/apache/hadoop/hadoop-hdds-docs/0.5.0-SNAPSHOT/hadoop-hdds-docs-0.5.0-SNAPSHOT.jar:/home/user/.m2/repository/io/dropwizard/metrics/metrics-core/3.2.4/metrics-core-3.2.4.jar:/home/user/.m2/repository/org/hamcrest/hamcrest-all/1.3/hamcrest-all-1.3.jar:/home/user/.m2/repository/org/bouncycastle/bcprov-jdk15on/1.60/bcprov-jdk15on-1.60.jar:/home/user/.m2/repository/info/picocli/picocli/3.9.6/picocli-3.9.6.jar:/home/user/.m2/repository/com/google/protobuf/protobuf-java/2.5.0/protobuf-java-2.5.0.jar:/home/user/.m2/repository/com/google/guava/guava/11.0.2/guava-11.0.2.jar:/home/user/.m2/repository/org/apache/hadoop/hadoop-ozone-ozone-manager/0.5.0-SNAPSHOT/hadoop-ozone-ozone-manager-0.5.0-SNAPSHOT.jar:/home/user/.m2/repository/org/apache/hadoop/hadoop-minikdc/3.2.0/hadoop-minikdc-3.2.0.jar:/home/user/.m2/repository/commons-io/commons-io/2.5/commons-io-2.5.jar:/home/user/.m2/repository/org/apache/kerby/kerb-simplekdc/1.0.1/kerb-simplekdc-1.0.1.jar:/home/user/.m2/repository/org/apache/kerby/kerb-client/1.0.1/kerb-client-1.0.1.jar:/home/user/.m2/repository/org/apache/kerby/kerby-config/1.0.1/kerby-config-1.0.1.jar:/home/user/.m2/repository/org/apache/kerby/kerb-core/1.0.1/kerb-core-1.0.1.jar:/home/user/.m2/repository/org/apache/kerby/kerby-pkix/1.0.1/kerby-pkix-1.0.1.jar:/home/user/.m2/repository/org/apache/kerby/kerby-asn1/1.0.1/kerby-asn1-1.0.1.jar:/home/user/.m2/repository/org/apache/kerby/kerby-util/1.0.1/kerby-util-1.0.1.jar:/home/user/.m2/repository/org/apache/kerby/kerb-common/1.0.1/kerb-common-1.0.1.jar:/home/user/.m2/repository/org/apache/kerby/kerb-crypto/1.0.1/kerb-crypto-1.0.1.jar:/home/user/.m2/repository/org/apache/kerby/kerb-util/1.0.1/kerb-util-1.0.1.jar:/home/user/.m2/repository/org/apache/kerby/token-provider/1.0.1/token-provider-1.0.1.jar:/home/user/.m2/repository/org/apache/kerby/kerb-admin/1.0.1/kerb-admin-1.0.1.jar:/home/user/.m2/repository/org/apache/kerby/kerb-server/1.0.1/kerb-server-1.0.1.jar:/home/user/.m2/repository/org/apache/kerby/kerb-identity/1.0.1/kerb-identity-1.0.1.jar:/home/user/.m2/repository/org/apache/kerby/kerby-xdr/1.0.1/kerby-xdr-1.0.1.jar:/home/user/.m2/repository/org/slf4j/slf4j-log4j12/1.7.25/slf4j-log4j12-1.7.25.jar:/home/user/.m2/repository/org/apache/hadoop/hadoop-ozone-s3gateway/0.5.0-SNAPSHOT/hadoop-ozone-s3gateway-0.5.0-SNAPSHOT.jar:/home/user/.m2/repository/org/jboss/weld/servlet/weld-servlet/2.4.7.Final/weld-servlet-2.4.7.Final.jar:/home/user/.m2/repository/org/glassfish/jersey/containers/jersey-container-servlet-core/2.27/jersey-container-servlet-core-2.27.jar:/home/user/.m2/repository/org/glassfish/hk2/external/javax.inject/2.5.0-b42/javax.inject-2.5.0-b42.jar:/home/user/.m2/repository/org/glassfish/jersey/core/jersey-common/2.27/jersey-common-2.27.jar:/home/user/.m2/repository/org/glassfish/hk2/osgi-resource-locator/1.0.1/osgi-resource-locator-1.0.1.jar:/home/user/.m2/repository/javax/ws/rs/javax.ws.rs-api/2.1/javax.ws.rs-api-2.1.jar:/home/user/.m2/repository/org/glassfish/jersey/ext/cdi/jersey-cdi1x/2.27/jersey-cdi1x-2.27.jar:/home/user/.m2/repository/org/glassfish/jersey/inject/jersey-hk2/2.27/jersey-hk2-2.27.jar:/home/user/.m2/repository/org/glassfish/hk2/hk2-locator/2.5.0-b42/hk2-locator-2.5.0-b42.jar:/home/user/.m2/repository/org/javassist/javassist/3.22.0-CR2/javassist-3.22.0-CR2.jar:/home/user/.m2/repository/org/glassfish/hk2/hk2-api/2.5.0/hk2-api-2.5.0.jar:/home/user/.m2/repository/org/glassfish/hk2/external/jakarta.inject/2.5.0/jakarta.inject-2.5.0.jar:/home/user/.m2/repository/org/glassfish/hk2/hk2-utils/2.5.0/hk2-utils-2.5.0.jar:/home/user/.m2/repository/jakarta/annotation/jakarta.annotation-api/1.3.4/jakarta.annotation-api-1.3.4.jar:/home/user/.m2/repository/org/glassfish/hk2/external/aopalliance-repackaged/2.5.0/aopalliance-repackaged-2.5.0.jar:/home/user/.m2/repository/com/fasterxml/jackson/dataformat/jackson-dataformat-xml/2.9.0/jackson-dataformat-xml-2.9.0.jar:/home/user/.m2/repository/com/fasterxml/jackson/core/jackson-core/2.9.9/jackson-core-2.9.9.jar:/home/user/.m2/repository/com/fasterxml/jackson/module/jackson-module-jaxb-annotations/2.9.9/jackson-module-jaxb-annotations-2.9.9.jar:/home/user/.m2/repository/javax/enterprise/cdi-api/1.2/cdi-api-1.2.jar:/home/user/.m2/repository/javax/el/javax.el-api/3.0.0/javax.el-api-3.0.0.jar:/home/user/.m2/repository/javax/interceptor/javax.interceptor-api/1.2/javax.interceptor-api-1.2.jar:/home/user/.m2/repository/javax/inject/javax.inject/1/javax.inject-1.jar:/home/user/.m2/repository/com/sun/xml/bind/jaxb-impl/2.3.0.1/jaxb-impl-2.3.0.1.jar:/home/user/.m2/repository/com/sun/xml/bind/jaxb-core/2.3.0.1/jaxb-core-2.3.0.1.jar:/home/user/.m2/repository/javax/xml/bind/jaxb-api/2.3.0/jaxb-api-2.3.0.jar:/home/user/.m2/repository/javax/activation/activation/1.1.1/activation-1.1.1.jar:/home/user/.m2/repository/org/apache/hadoop/hadoop-ozone-csi/0.5.0-SNAPSHOT/hadoop-ozone-csi-0.5.0-SNAPSHOT.jar:/home/user/.m2/repository/com/google/protobuf/protobuf-java-util/3.5.1/protobuf-java-util-3.5.1.jar:/home/user/.m2/repository/org/apache/hadoop/hadoop-hdds-config/0.5.0-SNAPSHOT/hadoop-hdds-config-0.5.0-SNAPSHOT.jar:/home/user/.m2/repository/io/grpc/grpc-netty/1.17.1/grpc-netty-1.17.1.jar:/home/user/.m2/repository/io/grpc/grpc-core/1.17.1/grpc-core-1.17.1.jar:/home/user/.m2/repository/io/grpc/grpc-context/1.17.1/grpc-context-1.17.1.jar:/home/user/.m2/repository/com/google/errorprone/error_prone_annotations/2.2.0/error_prone_annotations-2.2.0.jar:/home/user/.m2/repository/org/codehaus/mojo/animal-sniffer-annotations/1.17/animal-sniffer-annotations-1.17.jar:/home/user/.m2/repository/io/opencensus/opencensus-api/0.17.0/opencensus-api-0.17.0.jar:/home/user/.m2/repository/io/opencensus/opencensus-contrib-grpc-metrics/0.17.0/opencensus-contrib-grpc-metrics-0.17.0.jar:/home/user/.m2/repository/io/netty/netty-codec-http2/4.1.30.Final/netty-codec-http2-4.1.30.Final.jar:/home/user/.m2/repository/io/netty/netty-codec-http/4.1.30.Final/netty-codec-http-4.1.30.Final.jar:/home/user/.m2/repository/io/netty/netty-codec/4.1.30.Final/netty-codec-4.1.30.Final.jar:/home/user/.m2/repository/io/netty/netty-handler/4.1.30.Final/netty-handler-4.1.30.Final.jar:/home/user/.m2/repository/io/netty/netty-handler-proxy/4.1.30.Final/netty-handler-proxy-4.1.30.Final.jar:/home/user/.m2/repository/io/netty/netty-codec-socks/4.1.30.Final/netty-codec-socks-4.1.30.Final.jar:/home/user/.m2/repository/io/netty/netty-transport-native-epoll/4.1.30.Final/netty-transport-native-epoll-4.1.30.Final.jar:/home/user/.m2/repository/io/netty/netty-common/4.1.30.Final/netty-common-4.1.30.Final.jar:/home/user/.m2/repository/io/netty/netty-buffer/4.1.30.Final/netty-buffer-4.1.30.Final.jar:/home/user/.m2/repository/io/netty/netty-transport/4.1.30.Final/netty-transport-4.1.30.Final.jar:/home/user/.m2/repository/io/netty/netty-resolver/4.1.30.Final/netty-resolver-4.1.30.Final.jar:/home/user/.m2/repository/io/netty/netty-transport-native-unix-common/4.1.30.Final/netty-transport-native-unix-common-4.1.30.Final.jar:/home/user/.m2/repository/io/grpc/grpc-protobuf/1.17.1/grpc-protobuf-1.17.1.jar:/home/user/.m2/repository/com/google/api/grpc/proto-google-common-protos/1.0.0/proto-google-common-protos-1.0.0.jar:/home/user/.m2/repository/io/grpc/grpc-protobuf-lite/1.17.1/grpc-protobuf-lite-1.17.1.jar:/home/user/.m2/repository/io/grpc/grpc-stub/1.17.1/grpc-stub-1.17.1.jar:/home/user/.m2/repository/org/apache/hadoop/hadoop-ozone-recon/0.5.0-SNAPSHOT/hadoop-ozone-recon-0.5.0-SNAPSHOT.jar:/home/user/.m2/repository/org/apache/hadoop/hadoop-ozone-reconcodegen/0.5.0-SNAPSHOT/hadoop-ozone-reconcodegen-0.5.0-SNAPSHOT.jar:/home/user/.m2/repository/com/google/inject/extensions/guice-multibindings/4.0/guice-multibindings-4.0.jar:/home/user/.m2/repository/com/google/inject/guice/4.0/guice-4.0.jar:/home/user/.m2/repository/aopalliance/aopalliance/1.0/aopalliance-1.0.jar:/home/user/.m2/repository/com/google/inject/extensions/guice-servlet/4.0/guice-servlet-4.0.jar:/home/user/.m2/repository/org/glassfish/jersey/containers/jersey-container-servlet/2.27/jersey-container-servlet-2.27.jar:/home/user/.m2/repository/org/glassfish/hk2/guice-bridge/2.5.0/guice-bridge-2.5.0.jar:/home/user/.m2/repository/org/glassfish/jersey/core/jersey-server/2.27/jersey-server-2.27.jar:/home/user/.m2/repository/org/glassfish/jersey/core/jersey-client/2.27/jersey-client-2.27.jar:/home/user/.m2/repository/org/glassfish/jersey/media/jersey-media-jaxb/2.27/jersey-media-jaxb-2.27.jar:/home/user/.m2/repository/javax/validation/validation-api/1.1.0.Final/validation-api-1.1.0.Final.jar:/home/user/.m2/repository/org/glassfish/jersey/media/jersey-media-json-jackson/2.27/jersey-media-json-jackson-2.27.jar:/home/user/.m2/repository/org/glassfish/jersey/ext/jersey-entity-filtering/2.27/jersey-entity-filtering-2.27.jar:/home/user/.m2/repository/com/google/inject/extensions/guice-assistedinject/4.0/guice-assistedinject-4.0.jar:/home/user/.m2/repository/org/jooq/jooq/3.11.10/jooq-3.11.10.jar:/home/user/.m2/repository/org/jooq/jooq-meta/3.11.10/jooq-meta-3.11.10.jar:/home/user/.m2/repository/org/jooq/jooq-codegen/3.11.10/jooq-codegen-3.11.10.jar:/home/user/.m2/repository/com/jolbox/bonecp/0.8.0.RELEASE/bonecp-0.8.0.RELEASE.jar:/home/user/.m2/repository/org/xerial/sqlite-jdbc/3.25.2/sqlite-jdbc-3.25.2.jar:/home/user/.m2/repository/org/springframework/spring-jdbc/5.1.3.RELEASE/spring-jdbc-5.1.3.RELEASE.jar:/home/user/.m2/repository/org/springframework/spring-beans/5.1.3.RELEASE/spring-beans-5.1.3.RELEASE.jar:/home/user/.m2/repository/org/springframework/spring-core/5.1.3.RELEASE/spring-core-5.1.3.RELEASE.jar:/home/user/.m2/repository/org/springframework/spring-jcl/5.1.3.RELEASE/spring-jcl-5.1.3.RELEASE.jar:/home/user/.m2/repository/org/springframework/spring-tx/5.1.3.RELEASE/spring-tx-5.1.3.RELEASE.jar:/home/user/.m2/repository/org/apache/hadoop/hadoop-ozone-client/0.5.0-SNAPSHOT/hadoop-ozone-client-0.5.0-SNAPSHOT.jar:/home/user/.m2/repository/commons-lang/commons-lang/2.6/commons-lang-2.6.jar:/home/user/.m2/repository/org/apache/hadoop/hadoop-ozone-ozone-manager/0.5.0-SNAPSHOT/hadoop-ozone-ozone-manager-0.5.0-SNAPSHOT-tests.jar:/home/user/.m2/repository/junit/junit/4.11/junit-4.11.jar:/home/user/.m2/repository/org/hamcrest/hamcrest-core/1.3/hamcrest-core-1.3.jar:/home/user/.m2/repository/org/openjdk/jmh/jmh-core/1.19/jmh-core-1.19.jar:/home/user/.m2/repository/net/sf/jopt-simple/jopt-simple/4.6/jopt-simple-4.6.jar:/home/user/.m2/repository/org/apache/commons/commons-math3/3.1.1/commons-math3-3.1.1.jar:/home/user/.m2/repository/org/openjdk/jmh/jmh-generator-annprocess/1.19/jmh-generator-annprocess-1.19.jar:/home/user/.m2/repository/org/mockito/mockito-all/1.8.5/mockito-all-1.8.5.jar:/home/user/.m2/repository/org/apache/hadoop/hadoop-kms/3.2.0/hadoop-kms-3.2.0.jar:/home/user/.m2/repository/org/apache/hadoop/hadoop-auth/3.2.0/hadoop-auth-3.2.0.jar:/home/user/.m2/repository/com/nimbusds/nimbus-jose-jwt/4.41.1/nimbus-jose-jwt-4.41.1.jar:/home/user/.m2/repository/com/github/stephenc/jcip/jcip-annotations/1.0-1/jcip-annotations-1.0-1.jar:/home/user/.m2/repository/net/minidev/json-smart/2.3/json-smart-2.3.jar:/home/user/.m2/repository/net/minidev/accessors-smart/1.2/accessors-smart-1.2.jar:/home/user/.m2/repository/org/ow2/asm/asm/5.0.4/asm-5.0.4.jar:/home/user/.m2/repository/org/apache/curator/curator-framework/2.12.0/curator-framework-2.12.0.jar:/home/user/.m2/repository/com/sun/jersey/jersey-core/1.19/jersey-core-1.19.jar:/home/user/.m2/repository/javax/ws/rs/jsr311-api/1.1.1/jsr311-api-1.1.1.jar:/home/user/.m2/repository/com/sun/jersey/jersey-server/1.19/jersey-server-1.19.jar:/home/user/.m2/repository/javax/servlet/javax.servlet-api/3.1.0/javax.servlet-api-3.1.0.jar:/home/user/.m2/repository/org/eclipse/jetty/jetty-server/9.3.25.v20180904/jetty-server-9.3.25.v20180904.jar:/home/user/.m2/repository/org/eclipse/jetty/jetty-http/9.3.25.v20180904/jetty-http-9.3.25.v20180904.jar:/home/user/.m2/repository/org/eclipse/jetty/jetty-io/9.3.25.v20180904/jetty-io-9.3.25.v20180904.jar:/home/user/.m2/repository/org/eclipse/jetty/jetty-webapp/9.3.25.v20180904/jetty-webapp-9.3.25.v20180904.jar:/home/user/.m2/repository/org/eclipse/jetty/jetty-xml/9.3.25.v20180904/jetty-xml-9.3.25.v20180904.jar:/home/user/.m2/repository/log4j/log4j/1.2.17/log4j-1.2.17.jar:/home/user/.m2/repository/org/slf4j/slf4j-api/1.7.25/slf4j-api-1.7.25.jar:/home/user/.m2/repository/org/slf4j/jul-to-slf4j/1.7.25/jul-to-slf4j-1.7.25.jar:/home/user/.m2/repository/org/eclipse/jetty/jetty-util/9.3.25.v20180904/jetty-util-9.3.25.v20180904.jar:/home/user/.m2/repository/com/fasterxml/jackson/core/jackson-databind/2.9.9/jackson-databind-2.9.9.jar:/home/user/.m2/repository/org/apache/hadoop/hadoop-kms/3.2.0/hadoop-kms-3.2.0-tests.jar:/home/user/.m2/repository/org/apache/hadoop/hadoop-hdds-server-scm/0.5.0-SNAPSHOT/hadoop-hdds-server-scm-0.5.0-SNAPSHOT-tests.jar:/home/user/.m2/repository/org/apache/hadoop/hadoop-hdds-container-service/0.5.0-SNAPSHOT/hadoop-hdds-container-service-0.5.0-SNAPSHOT-tests.jar:/home/user/.m2/repository/org/yaml/snakeyaml/1.16/snakeyaml-1.16.jar:/home/user/.m2/repository/org/apache/hadoop/hadoop-common/3.2.0/hadoop-common-3.2.0-tests.jar:/home/user/.m2/repository/org/apache/hadoop/hadoop-annotations/3.2.0/hadoop-annotations-3.2.0.jar:/usr/lib/jvm/java-1.8.0-openjdk-1.8.0.222.b10-1.el7_7.x86_64/jre/../lib/tools.jar:/home/user/.m2/repository/commons-cli/commons-cli/1.2/commons-cli-1.2.jar:/home/user/.m2/repository/org/apache/httpcomponents/httpclient/4.5.2/httpclient-4.5.2.jar:/home/user/.m2/repository/org/apache/httpcomponents/httpcore/4.4.4/httpcore-4.4.4.jar:/home/user/.m2/repository/commons-codec/commons-codec/1.11/commons-codec-1.11.jar:/home/user/.m2/repository/commons-net/commons-net/3.6/commons-net-3.6.jar:/home/user/.m2/repository/commons-collections/commons-collections/3.2.2/commons-collections-3.2.2.jar:/home/user/.m2/repository/org/eclipse/jetty/jetty-servlet/9.3.25.v20180904/jetty-servlet-9.3.25.v20180904.jar:/home/user/.m2/repository/org/eclipse/jetty/jetty-security/9.3.25.v20180904/jetty-security-9.3.25.v20180904.jar:/home/user/.m2/repository/javax/servlet/jsp/jsp-api/2.1/jsp-api-2.1.jar:/home/user/.m2/repository/com/sun/jersey/jersey-servlet/1.19/jersey-servlet-1.19.jar:/home/user/.m2/repository/com/sun/jersey/jersey-json/1.19/jersey-json-1.19.jar:/home/user/.m2/repository/org/codehaus/jettison/jettison/1.1/jettison-1.1.jar:/home/user/.m2/repository/org/codehaus/jackson/jackson-core-asl/1.9.13/jackson-core-asl-1.9.13.jar:/home/user/.m2/repository/org/codehaus/jackson/jackson-mapper-asl/1.9.13/jackson-mapper-asl-1.9.13.jar:/home/user/.m2/repository/org/codehaus/jackson/jackson-jaxrs/1.9.13/jackson-jaxrs-1.9.13.jar:/home/user/.m2/repository/org/codehaus/jackson/jackson-xc/1.9.13/jackson-xc-1.9.13.jar:/home/user/.m2/repository/commons-logging/commons-logging/1.1.3/commons-logging-1.1.3.jar:/home/user/.m2/repository/commons-beanutils/commons-beanutils/1.9.4/commons-beanutils-1.9.4.jar:/home/user/.m2/repository/org/apache/commons/commons-configuration2/2.1.1/commons-configuration2-2.1.1.jar:/home/user/.m2/repository/org/apache/commons/commons-lang3/3.7/commons-lang3-3.7.jar:/home/user/.m2/repository/org/apache/commons/commons-text/1.4/commons-text-1.4.jar:/home/user/.m2/repository/org/apache/avro/avro/1.7.7/avro-1.7.7.jar:/home/user/.m2/repository/com/thoughtworks/paranamer/paranamer/2.3/paranamer-2.3.jar:/home/user/.m2/repository/org/xerial/snappy/snappy-java/1.0.5/snappy-java-1.0.5.jar:/home/user/.m2/repository/com/google/re2j/re2j/1.1/re2j-1.1.jar:/home/user/.m2/repository/com/google/code/gson/gson/2.2.4/gson-2.2.4.jar:/home/user/.m2/repository/com/jcraft/jsch/0.1.54/jsch-0.1.54.jar:/home/user/.m2/repository/org/apache/curator/curator-client/2.12.0/curator-client-2.12.0.jar:/home/user/.m2/repository/org/apache/curator/curator-recipes/2.12.0/curator-recipes-2.12.0.jar:/home/user/.m2/repository/com/google/code/findbugs/jsr305/3.0.0/jsr305-3.0.0.jar:/home/user/.m2/repository/org/apache/htrace/htrace-core4/4.1.0-incubating/htrace-core4-4.1.0-incubating.jar:/home/user/.m2/repository/org/apache/zookeeper/zookeeper/3.4.13/zookeeper-3.4.13.jar:/home/user/.m2/repository/jline/jline/0.9.94/jline-0.9.94.jar:/home/user/.m2/repository/org/apache/yetus/audience-annotations/0.5.0/audience-annotations-0.5.0.jar:/home/user/.m2/repository/org/codehaus/woodstox/stax2-api/3.1.4/stax2-api-3.1.4.jar:/home/user/.m2/repository/com/fasterxml/woodstox/woodstox-core/5.0.3/woodstox-core-5.0.3.jar:/home/user/.m2/repository/dnsjava/dnsjava/2.1.7/dnsjava-2.1.7.jar:/home/user/.m2/repository/org/apache/hadoop/hadoop-hdfs/3.2.0/hadoop-hdfs-3.2.0-tests.jar:/home/user/.m2/repository/org/eclipse/jetty/jetty-util-ajax/9.3.25.v20180904/jetty-util-ajax-9.3.25.v20180904.jar:/home/user/.m2/repository/commons-daemon/commons-daemon/1.0.13/commons-daemon-1.0.13.jar:/home/user/.m2/repository/io/netty/netty/3.10.5.Final/netty-3.10.5.Final.jar:/home/user/.m2/repository/io/netty/netty-all/4.0.52.Final/netty-all-4.0.52.Final.jar:/home/user/.m2/repository/org/fusesource/leveldbjni/leveldbjni-all/1.8/leveldbjni-all-1.8.jar:"/>
    <property name="sun.cpu.endian" value="little"/>
    <property name="user.home" value="/home/user"/>
    <property name="user.language" value="en"/>
    <property name="java.specification.vendor" value="Oracle Corporation"/>
    <property name="java.home" value="/usr/lib/jvm/java-1.8.0-openjdk-1.8.0.222.b10-1.el7_7.x86_64/jre"/>
    <property name="surefire.excludesFile" value="/tools/ozone-bad-unit-tests"/>
    <property name="java.security.krb5.conf" value="/workdir/hadoop-ozone/integration-test/target/test-classes/krb5.conf"/>
    <property name="basedir" value="/workdir/hadoop-ozone/integration-test"/>
    <property name="file.separator" value="/"/>
    <property name="line.separator" value="&#10;"/>
    <property name="java.vm.specification.vendor" value="Oracle Corporation"/>
    <property name="java.specification.name" value="Java Platform API Specification"/>
    <property name="java.awt.graphicsenv" value="sun.awt.X11GraphicsEnvironment"/>
    <property name="surefire.real.class.path" value="/workdir/hadoop-ozone/integration-test/target/surefire/surefirebooter4632514298351575042.jar"/>
    <property name="hadoop.log.dir" value="/workdir/hadoop-ozone/integration-test/target/log"/>
    <property name="sun.boot.class.path" value="/usr/lib/jvm/java-1.8.0-openjdk-1.8.0.222.b10-1.el7_7.x86_64/jre/lib/resources.jar:/usr/lib/jvm/java-1.8.0-openjdk-1.8.0.222.b10-1.el7_7.x86_64/jre/lib/rt.jar:/usr/lib/jvm/java-1.8.0-openjdk-1.8.0.222.b10-1.el7_7.x86_64/jre/lib/sunrsasign.jar:/usr/lib/jvm/java-1.8.0-openjdk-1.8.0.222.b10-1.el7_7.x86_64/jre/lib/jsse.jar:/usr/lib/jvm/java-1.8.0-openjdk-1.8.0.222.b10-1.el7_7.x86_64/jre/lib/jce.jar:/usr/lib/jvm/java-1.8.0-openjdk-1.8.0.222.b10-1.el7_7.x86_64/jre/lib/charsets.jar:/usr/lib/jvm/java-1.8.0-openjdk-1.8.0.222.b10-1.el7_7.x86_64/jre/lib/jfr.jar:/usr/lib/jvm/java-1.8.0-openjdk-1.8.0.222.b10-1.el7_7.x86_64/jre/classes"/>
    <property name="sun.management.compiler" value="HotSpot 64-Bit Tiered Compilers"/>
    <property name="java.runtime.version" value="1.8.0_222-b10"/>
    <property name="java.net.preferIPv4Stack" value="true"/>
    <property name="user.name" value="jenkins1000"/>
    <property name="path.separator" value=":"/>
    <property name="java.security.egd" value="file:///dev/urandom"/>
    <property name="os.version" value="3.10.0-957.12.2.el7.x86_64"/>
    <property name="java.endorsed.dirs" value="/usr/lib/jvm/java-1.8.0-openjdk-1.8.0.222.b10-1.el7_7.x86_64/jre/lib/endorsed"/>
    <property name="java.runtime.name" value="OpenJDK Runtime Environment"/>
    <property name="file.encoding" value="ANSI_X3.4-1968"/>
    <property name="java.vm.name" value="OpenJDK 64-Bit Server VM"/>
    <property name="test.build.webapps" value=""/>
    <property name="localRepository" value="/home/user/.m2/repository"/>
    <property name="java.vendor.url.bug" value="http://bugreport.sun.com/bugreport/"/>
    <property name="java.io.tmpdir" value="/tmp"/>
    <property name="require.test.libhadoop" value=""/>
    <property name="java.version" value="1.8.0_222"/>
    <property name="user.dir" value="/workdir/hadoop-ozone/integration-test"/>
    <property name="os.arch" value="amd64"/>
    <property name="java.vm.specification.name" value="Java Virtual Machine Specification"/>
    <property name="test.build.classes" value="/workdir/hadoop-ozone/integration-test/target/test-classes"/>
    <property name="java.awt.printerjob" value="sun.print.PSPrinterJob"/>
    <property name="sun.os.patch.level" value="unknown"/>
    <property name="hadoop.tmp.dir" value="/workdir/hadoop-ozone/integration-test/target/tmp"/>
    <property name="java.library.path" value="/usr/lib:/workdir/hadoop-ozone/integration-test/target/native/target/usr/local/lib:/workdir/hadoop-ozone/integration-test/../../hadoop-common-project/hadoop-common/target/native/target/usr/local/lib:/usr/java/packages/lib/amd64:/usr/lib64:/lib64:/lib:/usr/lib"/>
    <property name="java.vm.info" value="mixed mode"/>
    <property name="java.vendor" value="Oracle Corporation"/>
    <property name="java.vm.version" value="25.222-b10"/>
    <property name="java.ext.dirs" value="/usr/lib/jvm/java-1.8.0-openjdk-1.8.0.222.b10-1.el7_7.x86_64/jre/lib/ext:/usr/java/packages/lib/ext"/>
    <property name="sun.io.unicode.encoding" value="UnicodeLittle"/>
    <property name="java.class.version" value="52.0"/>
  </properties>
  <testcase name="testFreeByReference" classname="org.apache.hadoop.ozone.scm.TestXceiverClientManager" time="21.181"/>
  <testcase name="testFreeByEviction" classname="org.apache.hadoop.ozone.scm.TestXceiverClientManager" time="20.765"/>
  <testcase name="testCaching" classname="org.apache.hadoop.ozone.scm.TestXceiverClientManager" time="19.558"/>
  <testcase name="testFreeByRetryFailure" classname="org.apache.hadoop.ozone.scm.TestXceiverClientManager" time="71.75">
    <error message="Timed out waiting for condition. Thread diagnostics:&#10;Timestamp: 2019-10-17 06:48:29,117&#10;&#10;&quot;pool-176-thread-24&quot;  prio=5 tid=2103 in Object.wait()&#10;java.lang.Thread.State: WAITING (on object monitor)&#10;        at sun.misc.Unsafe.park(Native Method)&#10;        at java.util.concurrent.locks.LockSupport.park(LockSupport.java:175)&#10;        at java.util.concurrent.locks.AbstractQueuedSynchronizer$ConditionObject.await(AbstractQueuedSynchronizer.java:2039)&#10;        at java.util.concurrent.ArrayBlockingQueue.take(ArrayBlockingQueue.java:403)&#10;        at java.util.concurrent.ThreadPoolExecutor.getTask(ThreadPoolExecutor.java:1074)&#10;        at java.util.concurrent.ThreadPoolExecutor.runWorker(ThreadPoolExecutor.java:1134)&#10;        at java.util.concurrent.ThreadPoolExecutor$Worker.run(ThreadPoolExecutor.java:624)&#10;        at java.lang.Thread.run(Thread.java:748)&#10;&quot;grpc-default-worker-ELG-9-4&quot; daemon prio=5 tid=2280 runnable&#10;java.lang.Thread.State: RUNNABLE&#10;        at sun.nio.ch.EPollArrayWrapper.epollWait(Native Method)&#10;        at sun.nio.ch.EPollArrayWrapper.poll(EPollArrayWrapper.java:269)&#10;        at sun.nio.ch.EPollSelectorImpl.doSelect(EPollSelectorImpl.java:93)&#10;        at sun.nio.ch.SelectorImpl.lockAndDoSelect(SelectorImpl.java:86)&#10;        at sun.nio.ch.SelectorImpl.select(SelectorImpl.java:97)&#10;        at org.apache.ratis.thirdparty.io.netty.channel.nio.SelectedSelectionKeySetSelector.select(SelectedSelectionKeySetSelector.java:62)&#10;        at org.apache.ratis.thirdparty.io.netty.channel.nio.NioEventLoop.select(NioEventLoop.java:753)&#10;        at org.apache.ratis.thirdparty.io.netty.channel.nio.NioEventLoop.run(NioEventLoop.java:408)&#10;        at org.apache.ratis.thirdparty.io.netty.util.concurrent.SingleThreadEventExecutor$5.run(SingleThreadEventExecutor.java:897)&#10;        at org.apache.ratis.thirdparty.io.netty.util.concurrent.FastThreadLocalRunnable.run(FastThreadLocalRunnable.java:30)&#10;        at java.lang.Thread.run(Thread.java:748)&#10;&quot;metrics-hadoop-metrics2-reporter-34-thread-1&quot; daemon prio=5 tid=966 timed_waiting&#10;java.lang.Thread.State: TIMED_WAITING&#10;        at sun.misc.Unsafe.park(Native Method)&#10;        at java.util.concurrent.locks.LockSupport.parkNanos(LockSupport.java:215)&#10;        at java.util.concurrent.locks.AbstractQueuedSynchronizer$ConditionObject.awaitNanos(AbstractQueuedSynchronizer.java:2078)&#10;        at java.util.concurrent.ScheduledThreadPoolExecutor$DelayedWorkQueue.take(ScheduledThreadPoolExecutor.java:1093)&#10;        at java.util.concurrent.ScheduledThreadPoolExecutor$DelayedWorkQueue.take(ScheduledThreadPoolExecutor.java:809)&#10;        at java.util.concurrent.ThreadPoolExecutor.getTask(ThreadPoolExecutor.java:1074)&#10;        at java.util.concurrent.ThreadPoolExecutor.runWorker(ThreadPoolExecutor.java:1134)&#10;        at java.util.concurrent.ThreadPoolExecutor$Worker.run(ThreadPoolExecutor.java:624)&#10;        at java.lang.Thread.run(Thread.java:748)&#10;&quot;pool-196-thread-3&quot;  prio=5 tid=2207 in Object.wait()&#10;java.lang.Thread.State: WAITING (on object monitor)&#10;        at sun.misc.Unsafe.park(Native Method)&#10;        at java.util.concurrent.locks.LockSupport.park(LockSupport.java:175)&#10;        at java.util.concurrent.locks.AbstractQueuedSynchronizer$ConditionObject.await(AbstractQueuedSynchronizer.java:2039)&#10;        at java.util.concurrent.ArrayBlockingQueue.take(ArrayBlockingQueue.java:403)&#10;        at java.util.concurrent.ThreadPoolExecutor.getTask(ThreadPoolExecutor.java:1074)&#10;        at java.util.concurrent.ThreadPoolExecutor.runWorker(ThreadPoolExecutor.java:1134)&#10;        at java.util.concurrent.ThreadPoolExecutor$Worker.run(ThreadPoolExecutor.java:624)&#10;        at java.lang.Thread.run(Thread.java:748)&#10;&quot;metrics-hadoop-metrics2-reporter-43-thread-1&quot; daemon prio=5 tid=992 timed_waiting&#10;java.lang.Thread.State: TIMED_WAITING&#10;        at sun.misc.Unsafe.park(Native Method)&#10;        at java.util.concurrent.locks.LockSupport.parkNanos(LockSupport.java:215)&#10;        at java.util.concurrent.locks.AbstractQueuedSynchronizer$ConditionObject.awaitNanos(AbstractQueuedSynchronizer.java:2078)&#10;        at java.util.concurrent.ScheduledThreadPoolExecutor$DelayedWorkQueue.take(ScheduledThreadPoolExecutor.java:1093)&#10;        at java.util.concurrent.ScheduledThreadPoolExecutor$DelayedWorkQueue.take(ScheduledThreadPoolExecutor.java:809)&#10;        at java.util.concurrent.ThreadPoolExecutor.getTask(ThreadPoolExecutor.java:1074)&#10;        at java.util.concurrent.ThreadPoolExecutor.runWorker(ThreadPoolExecutor.java:1134)&#10;        at java.util.concurrent.ThreadPoolExecutor$Worker.run(ThreadPoolExecutor.java:624)&#10;        at java.lang.Thread.run(Thread.java:748)&#10;&quot;pool-196-thread-36&quot;  prio=5 tid=2240 in Object.wait()&#10;java.lang.Thread.State: WAITING (on object monitor)&#10;        at sun.misc.Unsafe.park(Native Method)&#10;        at java.util.concurrent.locks.LockSupport.park(LockSupport.java:175)&#10;        at java.util.concurrent.locks.AbstractQueuedSynchronizer$ConditionObject.await(AbstractQueuedSynchronizer.java:2039)&#10;        at java.util.concurrent.ArrayBlockingQueue.take(ArrayBlockingQueue.java:403)&#10;        at java.util.concurrent.ThreadPoolExecutor.getTask(ThreadPoolExecutor.java:1074)&#10;        at java.util.concurrent.ThreadPoolExecutor.runWorker(ThreadPoolExecutor.java:1134)&#10;        at java.util.concurrent.ThreadPoolExecutor$Worker.run(ThreadPoolExecutor.java:624)&#10;        at java.lang.Thread.run(Thread.java:748)&#10;&quot;Datanode ReportManager Thread - 3&quot; daemon prio=5 tid=743 in Object.wait()&#10;java.lang.Thread.State: WAITING (on object monitor)&#10;        at sun.misc.Unsafe.park(Native Method)&#10;        at java.util.concurrent.locks.LockSupport.park(LockSupport.java:175)&#10;        at java.util.concurrent.locks.AbstractQueuedSynchronizer$ConditionObject.await(AbstractQueuedSynchronizer.java:2039)&#10;        at java.util.concurrent.ScheduledThreadPoolExecutor$DelayedWorkQueue.take(ScheduledThreadPoolExecutor.java:1088)&#10;        at java.util.concurrent.ScheduledThreadPoolExecutor$DelayedWorkQueue.take(ScheduledThreadPoolExecutor.java:809)&#10;        at java.util.concurrent.ThreadPoolExecutor.getTask(ThreadPoolExecutor.java:1074)&#10;        at java.util.concurrent.ThreadPoolExecutor.runWorker(ThreadPoolExecutor.java:1134)&#10;        at java.util.concurrent.ThreadPoolExecutor$Worker.run(ThreadPoolExecutor.java:624)&#10;        at java.lang.Thread.run(Thread.java:748)&#10;&quot;pool-196-thread-38&quot;  prio=5 tid=2242 in Object.wait()&#10;java.lang.Thread.State: WAITING (on object monitor)&#10;        at sun.misc.Unsafe.park(Native Method)&#10;        at java.util.concurrent.locks.LockSupport.park(LockSupport.java:175)&#10;        at java.util.concurrent.locks.AbstractQueuedSynchronizer$ConditionObject.await(AbstractQueuedSynchronizer.java:2039)&#10;        at java.util.concurrent.ArrayBlockingQueue.take(ArrayBlockingQueue.java:403)&#10;        at java.util.concurrent.ThreadPoolExecutor.getTask(ThreadPoolExecutor.java:1074)&#10;        at java.util.concurrent.ThreadPoolExecutor.runWorker(ThreadPoolExecutor.java:1134)&#10;        at java.util.concurrent.ThreadPoolExecutor$Worker.run(ThreadPoolExecutor.java:624)&#10;        at java.lang.Thread.run(Thread.java:748)&#10;&quot;IPC Server Responder&quot; daemon prio=5 tid=1962 runnable&#10;java.lang.Thread.State: RUNNABLE&#10;        at sun.nio.ch.EPollArrayWrapper.epollWait(Native Method)&#10;        at sun.nio.ch.EPollArrayWrapper.poll(EPollArrayWrapper.java:269)&#10;        at sun.nio.ch.EPollSelectorImpl.doSelect(EPollSelectorImpl.java:93)&#10;        at sun.nio.ch.SelectorImpl.lockAndDoSelect(SelectorImpl.java:86)&#10;        at sun.nio.ch.SelectorImpl.select(SelectorImpl.java:97)&#10;        at org.apache.hadoop.ipc.Server$Responder.doRunLoop(Server.java:1334)&#10;        at org.apache.hadoop.ipc.Server$Responder.run(Server.java:1317)&#10;&quot;metrics-hadoop-metrics2-reporter-114-thread-1&quot; daemon prio=5 tid=2322 timed_waiting&#10;java.lang.Thread.State: TIMED_WAITING&#10;        at sun.misc.Unsafe.park(Native Method)&#10;        at java.util.concurrent.locks.LockSupport.parkNanos(LockSupport.java:215)&#10;        at java.util.concurrent.locks.AbstractQueuedSynchronizer$ConditionObject.awaitNanos(AbstractQueuedSynchronizer.java:2078)&#10;        at java.util.concurrent.ScheduledThreadPoolExecutor$DelayedWorkQueue.take(ScheduledThreadPoolExecutor.java:1093)&#10;        at java.util.concurrent.ScheduledThreadPoolExecutor$DelayedWorkQueue.take(ScheduledThreadPoolExecutor.java:809)&#10;        at java.util.concurrent.ThreadPoolExecutor.getTask(ThreadPoolExecutor.java:1074)&#10;        at java.util.concurrent.ThreadPoolExecutor.runWorker(ThreadPoolExecutor.java:1134)&#10;        at java.util.concurrent.ThreadPoolExecutor$Worker.run(ThreadPoolExecutor.java:624)&#10;        at java.lang.Thread.run(Thread.java:748)&#10;&quot;pool-186-thread-46&quot;  prio=5 tid=2188 in Object.wait()&#10;java.lang.Thread.State: WAITING (on object monitor)&#10;        at sun.misc.Unsafe.park(Native Method)&#10;        at java.util.concurrent.locks.LockSupport.park(LockSupport.java:175)&#10;        at java.util.concurrent.locks.AbstractQueuedSynchronizer$ConditionObject.await(AbstractQueuedSynchronizer.java:2039)&#10;        at java.util.concurrent.ArrayBlockingQueue.take(ArrayBlockingQueue.java:403)&#10;        at java.util.concurrent.ThreadPoolExecutor.getTask(ThreadPoolExecutor.java:1074)&#10;        at java.util.concurrent.ThreadPoolExecutor.runWorker(ThreadPoolExecutor.java:1134)&#10;        at java.util.concurrent.ThreadPoolExecutor$Worker.run(ThreadPoolExecutor.java:624)&#10;        at java.lang.Thread.run(Thread.java:748)&#10;&quot;pool-176-thread-53&quot;  prio=5 tid=2132 in Object.wait()&#10;java.lang.Thread.State: WAITING (on object monitor)&#10;        at sun.misc.Unsafe.park(Native Method)&#10;        at java.util.concurrent.locks.LockSupport.park(LockSupport.java:175)&#10;        at java.util.concurrent.locks.AbstractQueuedSynchronizer$ConditionObject.await(AbstractQueuedSynchronizer.java:2039)&#10;        at java.util.concurrent.ArrayBlockingQueue.take(ArrayBlockingQueue.java:403)&#10;        at java.util.concurrent.ThreadPoolExecutor.getTask(ThreadPoolExecutor.java:1074)&#10;        at java.util.concurrent.ThreadPoolExecutor.runWorker(ThreadPoolExecutor.java:1134)&#10;        at java.util.concurrent.ThreadPoolExecutor$Worker.run(ThreadPoolExecutor.java:624)&#10;        at java.lang.Thread.run(Thread.java:748)&#10;&quot;pool-196-thread-26&quot;  prio=5 tid=2230 in Object.wait()&#10;java.lang.Thread.State: WAITING (on object monitor)&#10;        at sun.misc.Unsafe.park(Native Method)&#10;        at java.util.concurrent.locks.LockSupport.park(LockSupport.java:175)&#10;        at java.util.concurrent.locks.AbstractQueuedSynchronizer$ConditionObject.await(AbstractQueuedSynchronizer.java:2039)&#10;        at java.util.concurrent.ArrayBlockingQueue.take(ArrayBlockingQueue.java:403)&#10;        at java.util.concurrent.ThreadPoolExecutor.getTask(ThreadPoolExecutor.java:1074)&#10;        at java.util.concurrent.ThreadPoolExecutor.runWorker(ThreadPoolExecutor.java:1134)&#10;        at java.util.concurrent.ThreadPoolExecutor$Worker.run(ThreadPoolExecutor.java:624)&#10;        at java.lang.Thread.run(Thread.java:748)&#10;&quot;pool-176-thread-43&quot;  prio=5 tid=2122 in Object.wait()&#10;java.lang.Thread.State: WAITING (on object monitor)&#10;        at sun.misc.Unsafe.park(Native Method)&#10;        at java.util.concurrent.locks.LockSupport.park(LockSupport.java:175)&#10;        at java.util.concurrent.locks.AbstractQueuedSynchronizer$ConditionObject.await(AbstractQueuedSynchronizer.java:2039)&#10;        at java.util.concurrent.ArrayBlockingQueue.take(ArrayBlockingQueue.java:403)&#10;        at java.util.concurrent.ThreadPoolExecutor.getTask(ThreadPoolExecutor.java:1074)&#10;        at java.util.concurrent.ThreadPoolExecutor.runWorker(ThreadPoolExecutor.java:1134)&#10;        at java.util.concurrent.ThreadPoolExecutor$Worker.run(ThreadPoolExecutor.java:624)&#10;        at java.lang.Thread.run(Thread.java:748)&#10;&quot;pool-186-thread-30&quot;  prio=5 tid=2172 in Object.wait()&#10;java.lang.Thread.State: WAITING (on object monitor)&#10;        at sun.misc.Unsafe.park(Native Method)&#10;        at java.util.concurrent.locks.LockSupport.park(LockSupport.java:175)&#10;        at java.util.concurrent.locks.AbstractQueuedSynchronizer$ConditionObject.await(AbstractQueuedSynchronizer.java:2039)&#10;        at java.util.concurrent.ArrayBlockingQueue.take(ArrayBlockingQueue.java:403)&#10;        at java.util.concurrent.ThreadPoolExecutor.getTask(ThreadPoolExecutor.java:1074)&#10;        at java.util.concurrent.ThreadPoolExecutor.runWorker(ThreadPoolExecutor.java:1134)&#10;        at java.util.concurrent.ThreadPoolExecutor$Worker.run(ThreadPoolExecutor.java:624)&#10;        at java.lang.Thread.run(Thread.java:748)&#10;&quot;metrics-hadoop-metrics2-reporter-27-thread-1&quot; daemon prio=5 tid=518 timed_waiting&#10;java.lang.Thread.State: TIMED_WAITING&#10;        at sun.misc.Unsafe.park(Native Method)&#10;        at java.util.concurrent.locks.LockSupport.parkNanos(LockSupport.java:215)&#10;        at java.util.concurrent.locks.AbstractQueuedSynchronizer$ConditionObject.awaitNanos(AbstractQueuedSynchronizer.java:2078)&#10;        at java.util.concurrent.ScheduledThreadPoolExecutor$DelayedWorkQueue.take(ScheduledThreadPoolExecutor.java:1093)&#10;        at java.util.concurrent.ScheduledThreadPoolExecutor$DelayedWorkQueue.take(ScheduledThreadPoolExecutor.java:809)&#10;        at java.util.concurrent.ThreadPoolExecutor.getTask(ThreadPoolExecutor.java:1074)&#10;        at java.util.concurrent.ThreadPoolExecutor.runWorker(ThreadPoolExecutor.java:1134)&#10;        at java.util.concurrent.ThreadPoolExecutor$Worker.run(ThreadPoolExecutor.java:624)&#10;        at java.lang.Thread.run(Thread.java:748)&#10;&quot;Datanode State Machine Thread - 0&quot; daemon prio=5 tid=2078 timed_waiting&#10;java.lang.Thread.State: TIMED_WAITING&#10;        at sun.misc.Unsafe.park(Native Method)&#10;        at java.util.concurrent.locks.LockSupport.parkNanos(LockSupport.java:215)&#10;        at java.util.concurrent.SynchronousQueue$TransferStack.awaitFulfill(SynchronousQueue.java:460)&#10;        at java.util.concurrent.SynchronousQueue$TransferStack.transfer(SynchronousQueue.java:362)&#10;        at java.util.concurrent.SynchronousQueue.poll(SynchronousQueue.java:941)&#10;        at java.util.concurrent.ThreadPoolExecutor.getTask(ThreadPoolExecutor.java:1073)&#10;        at java.util.concurrent.ThreadPoolExecutor.runWorker(ThreadPoolExecutor.java:1134)&#10;        at java.util.concurrent.ThreadPoolExecutor$Worker.run(ThreadPoolExecutor.java:624)&#10;        at java.lang.Thread.run(Thread.java:748)&#10;&quot;IPC Server handler 18 on 43940&quot; daemon prio=5 tid=1900 timed_waiting&#10;java.lang.Thread.State: TIMED_WAITING&#10;        at sun.misc.Unsafe.park(Native Method)&#10;        at java.util.concurrent.locks.LockSupport.parkNanos(LockSupport.java:215)&#10;        at java.util.concurrent.locks.AbstractQueuedSynchronizer$ConditionObject.awaitNanos(AbstractQueuedSynchronizer.java:2078)&#10;        at java.util.concurrent.LinkedBlockingQueue.poll(LinkedBlockingQueue.java:467)&#10;        at org.apache.hadoop.ipc.CallQueueManager.take(CallQueueManager.java:288)&#10;        at org.apache.hadoop.ipc.Server$Handler.run(Server.java:2668)&#10;&quot;metrics-hadoop-metrics2-reporter-5-thread-1&quot; daemon prio=5 tid=447 timed_waiting&#10;java.lang.Thread.State: TIMED_WAITING&#10;        at sun.misc.Unsafe.park(Native Method)&#10;        at java.util.concurrent.locks.LockSupport.parkNanos(LockSupport.java:215)&#10;        at java.util.concurrent.locks.AbstractQueuedSynchronizer$ConditionObject.awaitNanos(AbstractQueuedSynchronizer.java:2078)&#10;        at java.util.concurrent.ScheduledThreadPoolExecutor$DelayedWorkQueue.take(ScheduledThreadPoolExecutor.java:1093)&#10;        at java.util.concurrent.ScheduledThreadPoolExecutor$DelayedWorkQueue.take(ScheduledThreadPoolExecutor.java:809)&#10;        at java.util.concurrent.ThreadPoolExecutor.getTask(ThreadPoolExecutor.java:1074)&#10;        at java.util.concurrent.ThreadPoolExecutor.runWorker(ThreadPoolExecutor.java:1134)&#10;        at java.util.concurrent.ThreadPoolExecutor$Worker.run(ThreadPoolExecutor.java:624)&#10;        at java.lang.Thread.run(Thread.java:748)&#10;&quot;pool-186-thread-17&quot;  prio=5 tid=2159 in Object.wait()&#10;java.lang.Thread.State: WAITING (on object monitor)&#10;        at sun.misc.Unsafe.park(Native Method)&#10;        at java.util.concurrent.locks.LockSupport.park(LockSupport.java:175)&#10;        at java.util.concurrent.locks.AbstractQueuedSynchronizer$ConditionObject.await(AbstractQueuedSynchronizer.java:2039)&#10;        at java.util.concurrent.ArrayBlockingQueue.take(ArrayBlockingQueue.java:403)&#10;        at java.util.concurrent.ThreadPoolExecutor.getTask(ThreadPoolExecutor.java:1074)&#10;        at java.util.concurrent.ThreadPoolExecutor.runWorker(ThreadPoolExecutor.java:1134)&#10;        at java.util.concurrent.ThreadPoolExecutor$Worker.run(ThreadPoolExecutor.java:624)&#10;        at java.lang.Thread.run(Thread.java:748)&#10;&quot;Thread-3787&quot; daemon prio=5 tid=4991 timed_waiting&#10;java.lang.Thread.State: TIMED_WAITING&#10;        at java.lang.Thread.sleep(Native Method)&#10;        at org.apache.ratis.util.JavaUtils.sleep(JavaUtils.java:247)&#10;        at org.apache.ratis.server.impl.FollowerState.run(FollowerState.java:97)&#10;&quot;metrics-hadoop-metrics2-reporter-79-thread-1&quot; daemon prio=5 tid=1642 timed_waiting&#10;java.lang.Thread.State: TIMED_WAITING&#10;        at sun.misc.Unsafe.park(Native Method)&#10;        at java.util.concurrent.locks.LockSupport.parkNanos(LockSupport.java:215)&#10;        at java.util.concurrent.locks.AbstractQueuedSynchronizer$ConditionObject.awaitNanos(AbstractQueuedSynchronizer.java:2078)&#10;        at java.util.concurrent.ScheduledThreadPoolExecutor$DelayedWorkQueue.take(ScheduledThreadPoolExecutor.java:1093)&#10;        at java.util.concurrent.ScheduledThreadPoolExecutor$DelayedWorkQueue.take(ScheduledThreadPoolExecutor.java:809)&#10;        at java.util.concurrent.ThreadPoolExecutor.getTask(ThreadPoolExecutor.java:1074)&#10;        at java.util.concurrent.ThreadPoolExecutor.runWorker(ThreadPoolExecutor.java:1134)&#10;        at java.util.concurrent.ThreadPoolExecutor$Worker.run(ThreadPoolExecutor.java:624)&#10;        at java.lang.Thread.run(Thread.java:748)&#10;&quot;metrics-hadoop-metrics2-reporter-3-thread-1&quot; daemon prio=5 tid=439 timed_waiting&#10;java.lang.Thread.State: TIMED_WAITING&#10;        at sun.misc.Unsafe.park(Native Method)&#10;        at java.util.concurrent.locks.LockSupport.parkNanos(LockSupport.java:215)&#10;        at java.util.concurrent.locks.AbstractQueuedSynchronizer$ConditionObject.awaitNanos(AbstractQueuedSynchronizer.java:2078)&#10;        at java.util.concurrent.ScheduledThreadPoolExecutor$DelayedWorkQueue.take(ScheduledThreadPoolExecutor.java:1093)&#10;        at java.util.concurrent.ScheduledThreadPoolExecutor$DelayedWorkQueue.take(ScheduledThreadPoolExecutor.java:809)&#10;        at java.util.concurrent.ThreadPoolExecutor.getTask(ThreadPoolExecutor.java:1074)&#10;        at java.util.concurrent.ThreadPoolExecutor.runWorker(ThreadPoolExecutor.java:1134)&#10;        at java.util.concurrent.ThreadPoolExecutor$Worker.run(ThreadPoolExecutor.java:624)&#10;        at java.lang.Thread.run(Thread.java:748)&#10;&quot;metrics-hadoop-metrics2-reporter-15-thread-1&quot; daemon prio=5 tid=478 timed_waiting&#10;java.lang.Thread.State: TIMED_WAITING&#10;        at sun.misc.Unsafe.park(Native Method)&#10;        at java.util.concurrent.locks.LockSupport.parkNanos(LockSupport.java:215)&#10;        at java.util.concurrent.locks.AbstractQueuedSynchronizer$ConditionObject.awaitNanos(AbstractQueuedSynchronizer.java:2078)&#10;        at java.util.concurrent.ScheduledThreadPoolExecutor$DelayedWorkQueue.take(ScheduledThreadPoolExecutor.java:1093)&#10;        at java.util.concurrent.ScheduledThreadPoolExecutor$DelayedWorkQueue.take(ScheduledThreadPoolExecutor.java:809)&#10;        at java.util.concurrent.ThreadPoolExecutor.getTask(ThreadPoolExecutor.java:1074)&#10;        at java.util.concurrent.ThreadPoolExecutor.runWorker(ThreadPoolExecutor.java:1134)&#10;        at java.util.concurrent.ThreadPoolExecutor$Worker.run(ThreadPoolExecutor.java:624)&#10;        at java.lang.Thread.run(Thread.java:748)&#10;&quot;IPC Server handler 13 on 37818&quot; daemon prio=5 tid=1915 timed_waiting&#10;java.lang.Thread.State: TIMED_WAITING&#10;        at sun.misc.Unsafe.park(Native Method)&#10;        at java.util.concurrent.locks.LockSupport.parkNanos(LockSupport.java:215)&#10;        at java.util.concurrent.locks.AbstractQueuedSynchronizer$ConditionObject.awaitNanos(AbstractQueuedSynchronizer.java:2078)&#10;        at java.util.concurrent.LinkedBlockingQueue.poll(LinkedBlockingQueue.java:467)&#10;        at org.apache.hadoop.ipc.CallQueueManager.take(CallQueueManager.java:288)&#10;        at org.apache.hadoop.ipc.Server$Handler.run(Server.java:2668)&#10;&quot;metrics-hadoop-metrics2-reporter-35-thread-1&quot; daemon prio=5 tid=967 timed_waiting&#10;java.lang.Thread.State: TIMED_WAITING&#10;        at sun.misc.Unsafe.park(Native Method)&#10;        at java.util.concurrent.locks.LockSupport.parkNanos(LockSupport.java:215)&#10;        at java.util.concurrent.locks.AbstractQueuedSynchronizer$ConditionObject.awaitNanos(AbstractQueuedSynchronizer.java:2078)&#10;        at java.util.concurrent.ScheduledThreadPoolExecutor$DelayedWorkQueue.take(ScheduledThreadPoolExecutor.java:1093)&#10;        at java.util.concurrent.ScheduledThreadPoolExecutor$DelayedWorkQueue.take(ScheduledThreadPoolExecutor.java:809)&#10;        at java.util.concurrent.ThreadPoolExecutor.getTask(ThreadPoolExecutor.java:1074)&#10;        at java.util.concurrent.ThreadPoolExecutor.runWorker(ThreadPoolExecutor.java:1134)&#10;        at java.util.concurrent.ThreadPoolExecutor$Worker.run(ThreadPoolExecutor.java:624)&#10;        at java.lang.Thread.run(Thread.java:748)&#10;&quot;metrics-hadoop-metrics2-reporter-121-thread-1&quot; daemon prio=5 tid=2350 timed_waiting&#10;java.lang.Thread.State: TIMED_WAITING&#10;        at sun.misc.Unsafe.park(Native Method)&#10;        at java.util.concurrent.locks.LockSupport.parkNanos(LockSupport.java:215)&#10;        at java.util.concurrent.locks.AbstractQueuedSynchronizer$ConditionObject.awaitNanos(AbstractQueuedSynchronizer.java:2078)&#10;        at java.util.concurrent.ScheduledThreadPoolExecutor$DelayedWorkQueue.take(ScheduledThreadPoolExecutor.java:1093)&#10;        at java.util.concurrent.ScheduledThreadPoolExecutor$DelayedWorkQueue.take(ScheduledThreadPoolExecutor.java:809)&#10;        at java.util.concurrent.ThreadPoolExecutor.getTask(ThreadPoolExecutor.java:1074)&#10;        at java.util.concurrent.ThreadPoolExecutor.runWorker(ThreadPoolExecutor.java:1134)&#10;        at java.util.concurrent.ThreadPoolExecutor$Worker.run(ThreadPoolExecutor.java:624)&#10;        at java.lang.Thread.run(Thread.java:748)&#10;&quot;pool-176-thread-1&quot;  prio=5 tid=2080 in Object.wait()&#10;java.lang.Thread.State: WAITING (on object monitor)&#10;        at sun.misc.Unsafe.park(Native Method)&#10;        at java.util.concurrent.locks.LockSupport.park(LockSupport.java:175)&#10;        at java.util.concurrent.locks.AbstractQueuedSynchronizer$ConditionObject.await(AbstractQueuedSynchronizer.java:2039)&#10;        at java.util.concurrent.ArrayBlockingQueue.take(ArrayBlockingQueue.java:403)&#10;        at java.util.concurrent.ThreadPoolExecutor.getTask(ThreadPoolExecutor.java:1074)&#10;        at java.util.concurrent.ThreadPoolExecutor.runWorker(ThreadPoolExecutor.java:1134)&#10;        at java.util.concurrent.ThreadPoolExecutor$Worker.run(ThreadPoolExecutor.java:624)&#10;        at java.lang.Thread.run(Thread.java:748)&#10;&quot;IPC Server handler 0 on 43940&quot; daemon prio=5 tid=1882 timed_waiting&#10;java.lang.Thread.State: TIMED_WAITING&#10;        at sun.misc.Unsafe.park(Native Method)&#10;        at java.util.concurrent.locks.LockSupport.parkNanos(LockSupport.java:215)&#10;        at java.util.concurrent.locks.AbstractQueuedSynchronizer$ConditionObject.awaitNanos(AbstractQueuedSynchronizer.java:2078)&#10;        at java.util.concurrent.LinkedBlockingQueue.poll(LinkedBlockingQueue.java:467)&#10;        at org.apache.hadoop.ipc.CallQueueManager.take(CallQueueManager.java:288)&#10;        at org.apache.hadoop.ipc.Server$Handler.run(Server.java:2668)&#10;&quot;pool-196-thread-47&quot;  prio=5 tid=2251 in Object.wait()&#10;java.lang.Thread.State: WAITING (on object monitor)&#10;        at sun.misc.Unsafe.park(Native Method)&#10;        at java.util.concurrent.locks.LockSupport.park(LockSupport.java:175)&#10;        at java.util.concurrent.locks.AbstractQueuedSynchronizer$ConditionObject.await(AbstractQueuedSynchronizer.java:2039)&#10;        at java.util.concurrent.ArrayBlockingQueue.take(ArrayBlockingQueue.java:403)&#10;        at java.util.concurrent.ThreadPoolExecutor.getTask(ThreadPoolExecutor.java:1074)&#10;        at java.util.concurrent.ThreadPoolExecutor.runWorker(ThreadPoolExecutor.java:1134)&#10;        at java.util.concurrent.ThreadPoolExecutor$Worker.run(ThreadPoolExecutor.java:624)&#10;        at java.lang.Thread.run(Thread.java:748)&#10;&quot;IPC Server handler 7 on 35803&quot; daemon prio=5 tid=1929 timed_waiting&#10;java.lang.Thread.State: TIMED_WAITING&#10;        at sun.misc.Unsafe.park(Native Method)&#10;        at java.util.concurrent.locks.LockSupport.parkNanos(LockSupport.java:215)&#10;        at java.util.concurrent.locks.AbstractQueuedSynchronizer$ConditionObject.awaitNanos(AbstractQueuedSynchronizer.java:2078)&#10;        at java.util.concurrent.LinkedBlockingQueue.poll(LinkedBlockingQueue.java:467)&#10;        at org.apache.hadoop.ipc.CallQueueManager.take(CallQueueManager.java:288)&#10;        at org.apache.hadoop.ipc.Server$Handler.run(Server.java:2668)&#10;&quot;metrics-hadoop-metrics2-reporter-123-thread-1&quot; daemon prio=5 tid=2354 timed_waiting&#10;java.lang.Thread.State: TIMED_WAITING&#10;        at sun.misc.Unsafe.park(Native Method)&#10;        at java.util.concurrent.locks.LockSupport.parkNanos(LockSupport.java:215)&#10;        at java.util.concurrent.locks.AbstractQueuedSynchronizer$ConditionObject.awaitNanos(AbstractQueuedSynchronizer.java:2078)&#10;        at java.util.concurrent.ScheduledThreadPoolExecutor$DelayedWorkQueue.take(ScheduledThreadPoolExecutor.java:1093)&#10;        at java.util.concurrent.ScheduledThreadPoolExecutor$DelayedWorkQueue.take(ScheduledThreadPoolExecutor.java:809)&#10;        at java.util.concurrent.ThreadPoolExecutor.getTask(ThreadPoolExecutor.java:1074)&#10;        at java.util.concurrent.ThreadPoolExecutor.runWorker(ThreadPoolExecutor.java:1134)&#10;        at java.util.concurrent.ThreadPoolExecutor$Worker.run(ThreadPoolExecutor.java:624)&#10;        at java.lang.Thread.run(Thread.java:748)&#10;&quot;metrics-hadoop-metrics2-reporter-59-thread-1&quot; daemon prio=5 tid=1138 timed_waiting&#10;java.lang.Thread.State: TIMED_WAITING&#10;        at sun.misc.Unsafe.park(Native Method)&#10;        at java.util.concurrent.locks.LockSupport.parkNanos(LockSupport.java:215)&#10;        at java.util.concurrent.locks.AbstractQueuedSynchronizer$ConditionObject.awaitNanos(AbstractQueuedSynchronizer.java:2078)&#10;        at java.util.concurrent.ScheduledThreadPoolExecutor$DelayedWorkQueue.take(ScheduledThreadPoolExecutor.java:1093)&#10;        at java.util.concurrent.ScheduledThreadPoolExecutor$DelayedWorkQueue.take(ScheduledThreadPoolExecutor.java:809)&#10;        at java.util.concurrent.ThreadPoolExecutor.getTask(ThreadPoolExecutor.java:1074)&#10;        at java.util.concurrent.ThreadPoolExecutor.runWorker(ThreadPoolExecutor.java:1134)&#10;        at java.util.concurrent.ThreadPoolExecutor$Worker.run(ThreadPoolExecutor.java:624)&#10;        at java.lang.Thread.run(Thread.java:748)&#10;&quot;qtp2077845538-1994&quot; daemon prio=5 tid=1994 timed_waiting&#10;java.lang.Thread.State: TIMED_WAITING&#10;        at sun.misc.Unsafe.park(Native Method)&#10;        at java.util.concurrent.locks.LockSupport.parkNanos(LockSupport.java:215)&#10;        at java.util.concurrent.locks.AbstractQueuedSynchronizer$ConditionObject.awaitNanos(AbstractQueuedSynchronizer.java:2078)&#10;        at org.eclipse.jetty.util.BlockingArrayQueue.poll(BlockingArrayQueue.java:392)&#10;        at org.eclipse.jetty.util.thread.QueuedThreadPool.idleJobPoll(QueuedThreadPool.java:563)&#10;        at org.eclipse.jetty.util.thread.QueuedThreadPool.access$800(QueuedThreadPool.java:48)&#10;        at org.eclipse.jetty.util.thread.QueuedThreadPool$2.run(QueuedThreadPool.java:626)&#10;        at java.lang.Thread.run(Thread.java:748)&#10;&quot;qtp2077845538-1992&quot; daemon prio=5 tid=1992 timed_waiting&#10;java.lang.Thread.State: TIMED_WAITING&#10;        at sun.misc.Unsafe.park(Native Method)&#10;        at java.util.concurrent.locks.LockSupport.parkNanos(LockSupport.java:215)&#10;        at java.util.concurrent.locks.AbstractQueuedSynchronizer$ConditionObject.awaitNanos(AbstractQueuedSynchronizer.java:2078)&#10;        at org.eclipse.jetty.util.BlockingArrayQueue.poll(BlockingArrayQueue.java:392)&#10;        at org.eclipse.jetty.util.thread.QueuedThreadPool.idleJobPoll(QueuedThreadPool.java:563)&#10;        at org.eclipse.jetty.util.thread.QueuedThreadPool.access$800(QueuedThreadPool.java:48)&#10;        at org.eclipse.jetty.util.thread.QueuedThreadPool$2.run(QueuedThreadPool.java:626)&#10;        at java.lang.Thread.run(Thread.java:748)&#10;&quot;grpc-default-executor-1&quot; daemon prio=5 tid=2314 timed_waiting&#10;java.lang.Thread.State: TIMED_WAITING&#10;        at sun.misc.Unsafe.park(Native Method)&#10;        at java.util.concurrent.locks.LockSupport.parkNanos(LockSupport.java:215)&#10;        at java.util.concurrent.SynchronousQueue$TransferStack.awaitFulfill(SynchronousQueue.java:460)&#10;        at java.util.concurrent.SynchronousQueue$TransferStack.transfer(SynchronousQueue.java:362)&#10;        at java.util.concurrent.SynchronousQueue.poll(SynchronousQueue.java:941)&#10;        at java.util.concurrent.ThreadPoolExecutor.getTask(ThreadPoolExecutor.java:1073)&#10;        at java.util.concurrent.ThreadPoolExecutor.runWorker(ThreadPoolExecutor.java:1134)&#10;        at java.util.concurrent.ThreadPoolExecutor$Worker.run(ThreadPoolExecutor.java:624)&#10;        at java.lang.Thread.run(Thread.java:748)&#10;&quot;EventQueue-ContainerReportForContainerReportHandler&quot; daemon prio=5 tid=2269 in Object.wait()&#10;java.lang.Thread.State: WAITING (on object monitor)&#10;        at sun.misc.Unsafe.park(Native Method)&#10;        at java.util.concurrent.locks.LockSupport.park(LockSupport.java:175)&#10;        at java.util.concurrent.locks.AbstractQueuedSynchronizer$ConditionObject.await(AbstractQueuedSynchronizer.java:2039)&#10;        at java.util.concurrent.LinkedBlockingQueue.take(LinkedBlockingQueue.java:442)&#10;        at java.util.concurrent.ThreadPoolExecutor.getTask(ThreadPoolExecutor.java:1074)&#10;        at java.util.concurrent.ThreadPoolExecutor.runWorker(ThreadPoolExecutor.java:1134)&#10;        at java.util.concurrent.ThreadPoolExecutor$Worker.run(ThreadPoolExecutor.java:624)&#10;        at java.lang.Thread.run(Thread.java:748)&#10;&quot;pool-196-thread-14&quot;  prio=5 tid=2218 in Object.wait()&#10;java.lang.Thread.State: WAITING (on object monitor)&#10;        at sun.misc.Unsafe.park(Native Method)&#10;        at java.util.concurrent.locks.LockSupport.park(LockSupport.java:175)&#10;        at java.util.concurrent.locks.AbstractQueuedSynchronizer$ConditionObject.await(AbstractQueuedSynchronizer.java:2039)&#10;        at java.util.concurrent.ArrayBlockingQueue.take(ArrayBlockingQueue.java:403)&#10;        at java.util.concurrent.ThreadPoolExecutor.getTask(ThreadPoolExecutor.java:1074)&#10;        at java.util.concurrent.ThreadPoolExecutor.runWorker(ThreadPoolExecutor.java:1134)&#10;        at java.util.concurrent.ThreadPoolExecutor$Worker.run(ThreadPoolExecutor.java:624)&#10;        at java.lang.Thread.run(Thread.java:748)&#10;&quot;pool-196-thread-5&quot;  prio=5 tid=2209 in Object.wait()&#10;java.lang.Thread.State: WAITING (on object monitor)&#10;        at sun.misc.Unsafe.park(Native Method)&#10;        at java.util.concurrent.locks.LockSupport.park(LockSupport.java:175)&#10;        at java.util.concurrent.locks.AbstractQueuedSynchronizer$ConditionObject.await(AbstractQueuedSynchronizer.java:2039)&#10;        at java.util.concurrent.ArrayBlockingQueue.take(ArrayBlockingQueue.java:403)&#10;        at java.util.concurrent.ThreadPoolExecutor.getTask(ThreadPoolExecutor.java:1074)&#10;        at java.util.concurrent.ThreadPoolExecutor.runWorker(ThreadPoolExecutor.java:1134)&#10;        at java.util.concurrent.ThreadPoolExecutor$Worker.run(ThreadPoolExecutor.java:624)&#10;        at java.lang.Thread.run(Thread.java:748)&#10;&quot;metrics-hadoop-metrics2-reporter-77-thread-1&quot; daemon prio=5 tid=1632 timed_waiting&#10;java.lang.Thread.State: TIMED_WAITING&#10;        at sun.misc.Unsafe.park(Native Method)&#10;        at java.util.concurrent.locks.LockSupport.parkNanos(LockSupport.java:215)&#10;        at java.util.concurrent.locks.AbstractQueuedSynchronizer$ConditionObject.awaitNanos(AbstractQueuedSynchronizer.java:2078)&#10;        at java.util.concurrent.ScheduledThreadPoolExecutor$DelayedWorkQueue.take(ScheduledThreadPoolExecutor.java:1093)&#10;        at java.util.concurrent.ScheduledThreadPoolExecutor$DelayedWorkQueue.take(ScheduledThreadPoolExecutor.java:809)&#10;        at java.util.concurrent.ThreadPoolExecutor.getTask(ThreadPoolExecutor.java:1074)&#10;        at java.util.concurrent.ThreadPoolExecutor.runWorker(ThreadPoolExecutor.java:1134)&#10;        at java.util.concurrent.ThreadPoolExecutor$Worker.run(ThreadPoolExecutor.java:624)&#10;        at java.lang.Thread.run(Thread.java:748)&#10;&quot;metrics-hadoop-metrics2-reporter-76-thread-1&quot; daemon prio=5 tid=1630 timed_waiting&#10;java.lang.Thread.State: TIMED_WAITING&#10;        at sun.misc.Unsafe.park(Native Method)&#10;        at java.util.concurrent.locks.LockSupport.parkNanos(LockSupport.java:215)&#10;        at java.util.concurrent.locks.AbstractQueuedSynchronizer$ConditionObject.awaitNanos(AbstractQueuedSynchronizer.java:2078)&#10;        at java.util.concurrent.ScheduledThreadPoolExecutor$DelayedWorkQueue.take(ScheduledThreadPoolExecutor.java:1093)&#10;        at java.util.concurrent.ScheduledThreadPoolExecutor$DelayedWorkQueue.take(ScheduledThreadPoolExecutor.java:809)&#10;        at java.util.concurrent.ThreadPoolExecutor.getTask(ThreadPoolExecutor.java:1074)&#10;        at java.util.concurrent.ThreadPoolExecutor.runWorker(ThreadPoolExecutor.java:1134)&#10;        at java.util.concurrent.ThreadPoolExecutor$Worker.run(ThreadPoolExecutor.java:624)&#10;        at java.lang.Thread.run(Thread.java:748)&#10;&quot;pool-186-thread-42&quot;  prio=5 tid=2184 in Object.wait()&#10;java.lang.Thread.State: WAITING (on object monitor)&#10;        at sun.misc.Unsafe.park(Native Method)&#10;        at java.util.concurrent.locks.LockSupport.park(LockSupport.java:175)&#10;        at java.util.concurrent.locks.AbstractQueuedSynchronizer$ConditionObject.await(AbstractQueuedSynchronizer.java:2039)&#10;        at java.util.concurrent.ArrayBlockingQueue.take(ArrayBlockingQueue.java:403)&#10;        at java.util.concurrent.ThreadPoolExecutor.getTask(ThreadPoolExecutor.java:1074)&#10;        at java.util.concurrent.ThreadPoolExecutor.runWorker(ThreadPoolExecutor.java:1134)&#10;        at java.util.concurrent.ThreadPoolExecutor$Worker.run(ThreadPoolExecutor.java:624)&#10;        at java.lang.Thread.run(Thread.java:748)&#10;&quot;IPC Server handler 6 on 43940&quot; daemon prio=5 tid=1888 timed_waiting&#10;java.lang.Thread.State: TIMED_WAITING&#10;        at sun.misc.Unsafe.park(Native Method)&#10;        at java.util.concurrent.locks.LockSupport.parkNanos(LockSupport.java:215)&#10;        at java.util.concurrent.locks.AbstractQueuedSynchronizer$ConditionObject.awaitNanos(AbstractQueuedSynchronizer.java:2078)&#10;        at java.util.concurrent.LinkedBlockingQueue.poll(LinkedBlockingQueue.java:467)&#10;        at org.apache.hadoop.ipc.CallQueueManager.take(CallQueueManager.java:288)&#10;        at org.apache.hadoop.ipc.Server$Handler.run(Server.java:2668)&#10;&quot;metrics-hadoop-metrics2-reporter-38-thread-1&quot; daemon prio=5 tid=975 timed_waiting&#10;java.lang.Thread.State: TIMED_WAITING&#10;        at sun.misc.Unsafe.park(Native Method)&#10;        at java.util.concurrent.locks.LockSupport.parkNanos(LockSupport.java:215)&#10;        at java.util.concurrent.locks.AbstractQueuedSynchronizer$ConditionObject.awaitNanos(AbstractQueuedSynchronizer.java:2078)&#10;        at java.util.concurrent.ScheduledThreadPoolExecutor$DelayedWorkQueue.take(ScheduledThreadPoolExecutor.java:1093)&#10;        at java.util.concurrent.ScheduledThreadPoolExecutor$DelayedWorkQueue.take(ScheduledThreadPoolExecutor.java:809)&#10;        at java.util.concurrent.ThreadPoolExecutor.getTask(ThreadPoolExecutor.java:1074)&#10;        at java.util.concurrent.ThreadPoolExecutor.runWorker(ThreadPoolExecutor.java:1134)&#10;        at java.util.concurrent.ThreadPoolExecutor$Worker.run(ThreadPoolExecutor.java:624)&#10;        at java.lang.Thread.run(Thread.java:748)&#10;&quot;IPC Server handler 19 on 35803&quot; daemon prio=5 tid=1941 timed_waiting&#10;java.lang.Thread.State: TIMED_WAITING&#10;        at sun.misc.Unsafe.park(Native Method)&#10;        at java.util.concurrent.locks.LockSupport.parkNanos(LockSupport.java:215)&#10;        at java.util.concurrent.locks.AbstractQueuedSynchronizer$ConditionObject.awaitNanos(AbstractQueuedSynchronizer.java:2078)&#10;        at java.util.concurrent.LinkedBlockingQueue.poll(LinkedBlockingQueue.java:467)&#10;        at org.apache.hadoop.ipc.CallQueueManager.take(CallQueueManager.java:288)&#10;        at org.apache.hadoop.ipc.Server$Handler.run(Server.java:2668)&#10;&quot;IPC Server handler 19 on 37818&quot; daemon prio=5 tid=1921 timed_waiting&#10;java.lang.Thread.State: TIMED_WAITING&#10;        at sun.misc.Unsafe.park(Native Method)&#10;        at java.util.concurrent.locks.LockSupport.parkNanos(LockSupport.java:215)&#10;        at java.util.concurrent.locks.AbstractQueuedSynchronizer$ConditionObject.awaitNanos(AbstractQueuedSynchronizer.java:2078)&#10;        at java.util.concurrent.LinkedBlockingQueue.poll(LinkedBlockingQueue.java:467)&#10;        at org.apache.hadoop.ipc.CallQueueManager.take(CallQueueManager.java:288)&#10;        at org.apache.hadoop.ipc.Server$Handler.run(Server.java:2668)&#10;&quot;metrics-hadoop-metrics2-reporter-55-thread-1&quot; daemon prio=5 tid=1126 timed_waiting&#10;java.lang.Thread.State: TIMED_WAITING&#10;        at sun.misc.Unsafe.park(Native Method)&#10;        at java.util.concurrent.locks.LockSupport.parkNanos(LockSupport.java:215)&#10;        at java.util.concurrent.locks.AbstractQueuedSynchronizer$ConditionObject.awaitNanos(AbstractQueuedSynchronizer.java:2078)&#10;        at java.util.concurrent.ScheduledThreadPoolExecutor$DelayedWorkQueue.take(ScheduledThreadPoolExecutor.java:1093)&#10;        at java.util.concurrent.ScheduledThreadPoolExecutor$DelayedWorkQueue.take(ScheduledThreadPoolExecutor.java:809)&#10;        at java.util.concurrent.ThreadPoolExecutor.getTask(ThreadPoolExecutor.java:1074)&#10;        at java.util.concurrent.ThreadPoolExecutor.runWorker(ThreadPoolExecutor.java:1134)&#10;        at java.util.concurrent.ThreadPoolExecutor$Worker.run(ThreadPoolExecutor.java:624)&#10;        at java.lang.Thread.run(Thread.java:748)&#10;&quot;pool-196-thread-55&quot;  prio=5 tid=2259 in Object.wait()&#10;java.lang.Thread.State: WAITING (on object monitor)&#10;        at sun.misc.Unsafe.park(Native Method)&#10;        at java.util.concurrent.locks.LockSupport.park(LockSupport.java:175)&#10;        at java.util.concurrent.locks.AbstractQueuedSynchronizer$ConditionObject.await(AbstractQueuedSynchronizer.java:2039)&#10;        at java.util.concurrent.ArrayBlockingQueue.take(ArrayBlockingQueue.java:403)&#10;        at java.util.concurrent.ThreadPoolExecutor.getTask(ThreadPoolExecutor.java:1074)&#10;        at java.util.concurrent.ThreadPoolExecutor.runWorker(ThreadPoolExecutor.java:1134)&#10;        at java.util.concurrent.ThreadPoolExecutor$Worker.run(ThreadPoolExecutor.java:624)&#10;        at java.lang.Thread.run(Thread.java:748)&#10;&quot;metrics-hadoop-metrics2-reporter-39-thread-1&quot; daemon prio=5 tid=978 timed_waiting&#10;java.lang.Thread.State: TIMED_WAITING&#10;        at sun.misc.Unsafe.park(Native Method)&#10;        at java.util.concurrent.locks.LockSupport.parkNanos(LockSupport.java:215)&#10;        at java.util.concurrent.locks.AbstractQueuedSynchronizer$ConditionObject.awaitNanos(AbstractQueuedSynchronizer.java:2078)&#10;        at java.util.concurrent.ScheduledThreadPoolExecutor$DelayedWorkQueue.take(ScheduledThreadPoolExecutor.java:1093)&#10;        at java.util.concurrent.ScheduledThreadPoolExecutor$DelayedWorkQueue.take(ScheduledThreadPoolExecutor.java:809)&#10;        at java.util.concurrent.ThreadPoolExecutor.getTask(ThreadPoolExecutor.java:1074)&#10;        at java.util.concurrent.ThreadPoolExecutor.runWorker(ThreadPoolExecutor.java:1134)&#10;        at java.util.concurrent.ThreadPoolExecutor$Worker.run(ThreadPoolExecutor.java:624)&#10;        at java.lang.Thread.run(Thread.java:748)&#10;&quot;Timer-4&quot;  prio=5 tid=1963 timed_waiting&#10;java.lang.Thread.State: TIMED_WAITING&#10;        at java.lang.Object.wait(Native Method)&#10;        at java.util.TimerThread.mainLoop(Timer.java:552)&#10;        at java.util.TimerThread.run(Timer.java:505)&#10;&quot;metrics-hadoop-metrics2-reporter-60-thread-1&quot; daemon prio=5 tid=1134 timed_waiting&#10;java.lang.Thread.State: TIMED_WAITING&#10;        at sun.misc.Unsafe.park(Native Method)&#10;        at java.util.concurrent.locks.LockSupport.parkNanos(LockSupport.java:215)&#10;        at java.util.concurrent.locks.AbstractQueuedSynchronizer$ConditionObject.awaitNanos(AbstractQueuedSynchronizer.java:2078)&#10;        at java.util.concurrent.ScheduledThreadPoolExecutor$DelayedWorkQueue.take(ScheduledThreadPoolExecutor.java:1093)&#10;        at java.util.concurrent.ScheduledThreadPoolExecutor$DelayedWorkQueue.take(ScheduledThreadPoolExecutor.java:809)&#10;        at java.util.concurrent.ThreadPoolExecutor.getTask(ThreadPoolExecutor.java:1074)&#10;        at java.util.concurrent.ThreadPoolExecutor.runWorker(ThreadPoolExecutor.java:1134)&#10;        at java.util.concurrent.ThreadPoolExecutor$Worker.run(ThreadPoolExecutor.java:624)&#10;        at java.lang.Thread.run(Thread.java:748)&#10;&quot;qtp1300497562-2061-acceptor-0@718124c4-ServerConnector@29c17c3d{HTTP/1.1,[http/1.1]}{0.0.0.0:35351}&quot; daemon prio=3 tid=2061 runnable&#10;java.lang.Thread.State: RUNNABLE&#10;        at sun.nio.ch.ServerSocketChannelImpl.accept0(Native Method)&#10;        at sun.nio.ch.ServerSocketChannelImpl.accept(ServerSocketChannelImpl.java:422)&#10;        at sun.nio.ch.ServerSocketChannelImpl.accept(ServerSocketChannelImpl.java:250)&#10;        at org.eclipse.jetty.server.ServerConnector.accept(ServerConnector.java:397)&#10;        at org.eclipse.jetty.server.AbstractConnector$Acceptor.run(AbstractConnector.java:601)&#10;        at org.eclipse.jetty.util.thread.QueuedThreadPool.runJob(QueuedThreadPool.java:671)&#10;        at org.eclipse.jetty.util.thread.QueuedThreadPool$2.run(QueuedThreadPool.java:589)&#10;        at java.lang.Thread.run(Thread.java:748)&#10;&quot;pool-196-thread-34&quot;  prio=5 tid=2238 in Object.wait()&#10;java.lang.Thread.State: WAITING (on object monitor)&#10;        at sun.misc.Unsafe.park(Native Method)&#10;        at java.util.concurrent.locks.LockSupport.park(LockSupport.java:175)&#10;        at java.util.concurrent.locks.AbstractQueuedSynchronizer$ConditionObject.await(AbstractQueuedSynchronizer.java:2039)&#10;        at java.util.concurrent.ArrayBlockingQueue.take(ArrayBlockingQueue.java:403)&#10;        at java.util.concurrent.ThreadPoolExecutor.getTask(ThreadPoolExecutor.java:1074)&#10;        at java.util.concurrent.ThreadPoolExecutor.runWorker(ThreadPoolExecutor.java:1134)&#10;        at java.util.concurrent.ThreadPoolExecutor$Worker.run(ThreadPoolExecutor.java:624)&#10;        at java.lang.Thread.run(Thread.java:748)&#10;&quot;pool-186-thread-24&quot;  prio=5 tid=2166 in Object.wait()&#10;java.lang.Thread.State: WAITING (on object monitor)&#10;        at sun.misc.Unsafe.park(Native Method)&#10;        at java.util.concurrent.locks.LockSupport.park(LockSupport.java:175)&#10;        at java.util.concurrent.locks.AbstractQueuedSynchronizer$ConditionObject.await(AbstractQueuedSynchronizer.java:2039)&#10;        at java.util.concurrent.ArrayBlockingQueue.take(ArrayBlockingQueue.java:403)&#10;        at java.util.concurrent.ThreadPoolExecutor.getTask(ThreadPoolExecutor.java:1074)&#10;        at java.util.concurrent.ThreadPoolExecutor.runWorker(ThreadPoolExecutor.java:1134)&#10;        at java.util.concurrent.ThreadPoolExecutor$Worker.run(ThreadPoolExecutor.java:624)&#10;        at java.lang.Thread.run(Thread.java:748)&#10;&quot;qtp1821228886-2010&quot; daemon prio=5 tid=2010 timed_waiting&#10;java.lang.Thread.State: TIMED_WAITING&#10;        at sun.misc.Unsafe.park(Native Method)&#10;        at java.util.concurrent.locks.LockSupport.parkNanos(LockSupport.java:215)&#10;        at java.util.concurrent.locks.AbstractQueuedSynchronizer$ConditionObject.awaitNanos(AbstractQueuedSynchronizer.java:2078)&#10;        at org.eclipse.jetty.util.BlockingArrayQueue.poll(BlockingArrayQueue.java:392)&#10;        at org.eclipse.jetty.util.thread.QueuedThreadPool.idleJobPoll(QueuedThreadPool.java:563)&#10;        at org.eclipse.jetty.util.thread.QueuedThreadPool.access$800(QueuedThreadPool.java:48)&#10;        at org.eclipse.jetty.util.thread.QueuedThreadPool$2.run(QueuedThreadPool.java:626)&#10;        at java.lang.Thread.run(Thread.java:748)&#10;&quot;pool-186-thread-12&quot;  prio=5 tid=2154 in Object.wait()&#10;java.lang.Thread.State: WAITING (on object monitor)&#10;        at sun.misc.Unsafe.park(Native Method)&#10;        at java.util.concurrent.locks.LockSupport.park(LockSupport.java:175)&#10;        at java.util.concurrent.locks.AbstractQueuedSynchronizer$ConditionObject.await(AbstractQueuedSynchronizer.java:2039)&#10;        at java.util.concurrent.ArrayBlockingQueue.take(ArrayBlockingQueue.java:403)&#10;        at java.util.concurrent.ThreadPoolExecutor.getTask(ThreadPoolExecutor.java:1074)&#10;        at java.util.concurrent.ThreadPoolExecutor.runWorker(ThreadPoolExecutor.java:1134)&#10;        at java.util.concurrent.ThreadPoolExecutor$Worker.run(ThreadPoolExecutor.java:624)&#10;        at java.lang.Thread.run(Thread.java:748)&#10;&quot;qtp584694804-1945&quot; daemon prio=5 tid=1945 timed_waiting&#10;java.lang.Thread.State: TIMED_WAITING&#10;        at sun.misc.Unsafe.park(Native Method)&#10;        at java.util.concurrent.locks.LockSupport.parkNanos(LockSupport.java:215)&#10;        at java.util.concurrent.locks.AbstractQueuedSynchronizer$ConditionObject.awaitNanos(AbstractQueuedSynchronizer.java:2078)&#10;        at org.eclipse.jetty.util.BlockingArrayQueue.poll(BlockingArrayQueue.java:392)&#10;        at org.eclipse.jetty.util.thread.QueuedThreadPool.idleJobPoll(QueuedThreadPool.java:563)&#10;        at org.eclipse.jetty.util.thread.QueuedThreadPool.access$800(QueuedThreadPool.java:48)&#10;        at org.eclipse.jetty.util.thread.QueuedThreadPool$2.run(QueuedThreadPool.java:626)&#10;        at java.lang.Thread.run(Thread.java:748)&#10;&quot;Reference Handler&quot; daemon prio=10 tid=2 in Object.wait()&#10;java.lang.Thread.State: WAITING (on object monitor)&#10;        at java.lang.Object.wait(Native Method)&#10;        at java.lang.Object.wait(Object.java:502)&#10;        at java.lang.ref.Reference.tryHandlePending(Reference.java:191)&#10;        at java.lang.ref.Reference$ReferenceHandler.run(Reference.java:153)&#10;&quot;BlockDeletingService#0&quot; daemon prio=5 tid=2265 timed_waiting&#10;java.lang.Thread.State: TIMED_WAITING&#10;        at sun.misc.Unsafe.park(Native Method)&#10;        at java.util.concurrent.locks.LockSupport.parkNanos(LockSupport.java:215)&#10;        at java.util.concurrent.locks.AbstractQueuedSynchronizer$ConditionObject.awaitNanos(AbstractQueuedSynchronizer.java:2078)&#10;        at java.util.concurrent.ScheduledThreadPoolExecutor$DelayedWorkQueue.take(ScheduledThreadPoolExecutor.java:1093)&#10;        at java.util.concurrent.ScheduledThreadPoolExecutor$DelayedWorkQueue.take(ScheduledThreadPoolExecutor.java:809)&#10;        at java.util.concurrent.ThreadPoolExecutor.getTask(ThreadPoolExecutor.java:1074)&#10;        at java.util.concurrent.ThreadPoolExecutor.runWorker(ThreadPoolExecutor.java:1134)&#10;        at java.util.concurrent.ThreadPoolExecutor$Worker.run(ThreadPoolExecutor.java:624)&#10;        at java.lang.Thread.run(Thread.java:748)&#10;&quot;metrics-hadoop-metrics2-reporter-80-thread-1&quot; daemon prio=5 tid=1643 timed_waiting&#10;java.lang.Thread.State: TIMED_WAITING&#10;        at sun.misc.Unsafe.park(Native Method)&#10;        at java.util.concurrent.locks.LockSupport.parkNanos(LockSupport.java:215)&#10;        at java.util.concurrent.locks.AbstractQueuedSynchronizer$ConditionObject.awaitNanos(AbstractQueuedSynchronizer.java:2078)&#10;        at java.util.concurrent.ScheduledThreadPoolExecutor$DelayedWorkQueue.take(ScheduledThreadPoolExecutor.java:1093)&#10;        at java.util.concurrent.ScheduledThreadPoolExecutor$DelayedWorkQueue.take(ScheduledThreadPoolExecutor.java:809)&#10;        at java.util.concurrent.ThreadPoolExecutor.getTask(ThreadPoolExecutor.java:1074)&#10;        at java.util.concurrent.ThreadPoolExecutor.runWorker(ThreadPoolExecutor.java:1134)&#10;        at java.util.concurrent.ThreadPoolExecutor$Worker.run(ThreadPoolExecutor.java:624)&#10;        at java.lang.Thread.run(Thread.java:748)&#10;&quot;BlockDeletingService#1&quot; daemon prio=5 tid=2266 in Object.wait()&#10;java.lang.Thread.State: WAITING (on object monitor)&#10;        at sun.misc.Unsafe.park(Native Method)&#10;        at java.util.concurrent.locks.LockSupport.park(LockSupport.java:175)&#10;        at java.util.concurrent.locks.AbstractQueuedSynchronizer$ConditionObject.await(AbstractQueuedSynchronizer.java:2039)&#10;        at java.util.concurrent.ScheduledThreadPoolExecutor$DelayedWorkQueue.take(ScheduledThreadPoolExecutor.java:1088)&#10;        at java.util.concurrent.ScheduledThreadPoolExecutor$DelayedWorkQueue.take(ScheduledThreadPoolExecutor.java:809)&#10;        at java.util.concurrent.ThreadPoolExecutor.getTask(ThreadPoolExecutor.java:1074)&#10;        at java.util.concurrent.ThreadPoolExecutor.runWorker(ThreadPoolExecutor.java:1134)&#10;        at java.util.concurrent.ThreadPoolExecutor$Worker.run(ThreadPoolExecutor.java:624)&#10;        at java.lang.Thread.run(Thread.java:748)&#10;&quot;metrics-hadoop-metrics2-reporter-81-thread-1&quot; daemon prio=5 tid=1649 timed_waiting&#10;java.lang.Thread.State: TIMED_WAITING&#10;        at sun.misc.Unsafe.park(Native Method)&#10;        at java.util.concurrent.locks.LockSupport.parkNanos(LockSupport.java:215)&#10;        at java.util.concurrent.locks.AbstractQueuedSynchronizer$ConditionObject.awaitNanos(AbstractQueuedSynchronizer.java:2078)&#10;        at java.util.concurrent.ScheduledThreadPoolExecutor$DelayedWorkQueue.take(ScheduledThreadPoolExecutor.java:1093)&#10;        at java.util.concurrent.ScheduledThreadPoolExecutor$DelayedWorkQueue.take(ScheduledThreadPoolExecutor.java:809)&#10;        at java.util.concurrent.ThreadPoolExecutor.getTask(ThreadPoolExecutor.java:1074)&#10;        at java.util.concurrent.ThreadPoolExecutor.runWorker(ThreadPoolExecutor.java:1134)&#10;        at java.util.concurrent.ThreadPoolExecutor$Worker.run(ThreadPoolExecutor.java:624)&#10;        at java.lang.Thread.run(Thread.java:748)&#10;&quot;org.eclipse.jetty.server.session.HashSessionManager@d2e6b0bTimer&quot; daemon prio=5 tid=1996 timed_waiting&#10;java.lang.Thread.State: TIMED_WAITING&#10;        at sun.misc.Unsafe.park(Native Method)&#10;        at java.util.concurrent.locks.LockSupport.parkNanos(LockSupport.java:215)&#10;        at java.util.concurrent.locks.AbstractQueuedSynchronizer$ConditionObject.awaitNanos(AbstractQueuedSynchronizer.java:2078)&#10;        at java.util.concurrent.ScheduledThreadPoolExecutor$DelayedWorkQueue.take(ScheduledThreadPoolExecutor.java:1093)&#10;        at java.util.concurrent.ScheduledThreadPoolExecutor$DelayedWorkQueue.take(ScheduledThreadPoolExecutor.java:809)&#10;        at java.util.concurrent.ThreadPoolExecutor.getTask(ThreadPoolExecutor.java:1074)&#10;        at java.util.concurrent.ThreadPoolExecutor.runWorker(ThreadPoolExecutor.java:1134)&#10;        at java.util.concurrent.ThreadPoolExecutor$Worker.run(ThreadPoolExecutor.java:624)&#10;        at java.lang.Thread.run(Thread.java:748)&#10;&quot;metrics-hadoop-metrics2-reporter-98-thread-1&quot; daemon prio=5 tid=1846 timed_waiting&#10;java.lang.Thread.State: TIMED_WAITING&#10;        at sun.misc.Unsafe.park(Native Method)&#10;        at java.util.concurrent.locks.LockSupport.parkNanos(LockSupport.java:215)&#10;        at java.util.concurrent.locks.AbstractQueuedSynchronizer$ConditionObject.awaitNanos(AbstractQueuedSynchronizer.java:2078)&#10;        at java.util.concurrent.ScheduledThreadPoolExecutor$DelayedWorkQueue.take(ScheduledThreadPoolExecutor.java:1093)&#10;        at java.util.concurrent.ScheduledThreadPoolExecutor$DelayedWorkQueue.take(ScheduledThreadPoolExecutor.java:809)&#10;        at java.util.concurrent.ThreadPoolExecutor.getTask(ThreadPoolExecutor.java:1074)&#10;        at java.util.concurrent.ThreadPoolExecutor.runWorker(ThreadPoolExecutor.java:1134)&#10;        at java.util.concurrent.ThreadPoolExecutor$Worker.run(ThreadPoolExecutor.java:624)&#10;        at java.lang.Thread.run(Thread.java:748)&#10;&quot;pool-196-thread-15&quot;  prio=5 tid=2219 in Object.wait()&#10;java.lang.Thread.State: WAITING (on object monitor)&#10;        at sun.misc.Unsafe.park(Native Method)&#10;        at java.util.concurrent.locks.LockSupport.park(LockSupport.java:175)&#10;        at java.util.concurrent.locks.AbstractQueuedSynchronizer$ConditionObject.await(AbstractQueuedSynchronizer.java:2039)&#10;        at java.util.concurrent.ArrayBlockingQueue.take(ArrayBlockingQueue.java:403)&#10;        at java.util.concurrent.ThreadPoolExecutor.getTask(ThreadPoolExecutor.java:1074)&#10;        at java.util.concurrent.ThreadPoolExecutor.runWorker(ThreadPoolExecutor.java:1134)&#10;        at java.util.concurrent.ThreadPoolExecutor$Worker.run(ThreadPoolExecutor.java:624)&#10;        at java.lang.Thread.run(Thread.java:748)&#10;&quot;Datanode ReportManager Thread - 1&quot; daemon prio=5 tid=687 in Object.wait()&#10;java.lang.Thread.State: WAITING (on object monitor)&#10;        at sun.misc.Unsafe.park(Native Method)&#10;        at java.util.concurrent.locks.LockSupport.park(LockSupport.java:175)&#10;        at java.util.concurrent.locks.AbstractQueuedSynchronizer$ConditionObject.await(AbstractQueuedSynchronizer.java:2039)&#10;        at java.util.concurrent.ScheduledThreadPoolExecutor$DelayedWorkQueue.take(ScheduledThreadPoolExecutor.java:1088)&#10;        at java.util.concurrent.ScheduledThreadPoolExecutor$DelayedWorkQueue.take(ScheduledThreadPoolExecutor.java:809)&#10;        at java.util.concurrent.ThreadPoolExecutor.getTask(ThreadPoolExecutor.java:1074)&#10;        at java.util.concurrent.ThreadPoolExecutor.runWorker(ThreadPoolExecutor.java:1134)&#10;        at java.util.concurrent.ThreadPoolExecutor$Worker.run(ThreadPoolExecutor.java:624)&#10;        at java.lang.Thread.run(Thread.java:748)&#10;&quot;Thread-3789&quot; daemon prio=5 tid=4993 terminated&#10;java.lang.Thread.State: TERMINATED&#10;        at java.lang.Thread.sleep(Native Method)&#10;        at org.apache.ratis.util.JavaUtils.sleep(JavaUtils.java:247)&#10;        at org.apache.ratis.server.impl.FollowerState.run(FollowerState.java:97)&#10;&quot;pool-186-thread-37&quot;  prio=5 tid=2179 in Object.wait()&#10;java.lang.Thread.State: WAITING (on object monitor)&#10;        at sun.misc.Unsafe.park(Native Method)&#10;        at java.util.concurrent.locks.LockSupport.park(LockSupport.java:175)&#10;        at java.util.concurrent.locks.AbstractQueuedSynchronizer$ConditionObject.await(AbstractQueuedSynchronizer.java:2039)&#10;        at java.util.concurrent.ArrayBlockingQueue.take(ArrayBlockingQueue.java:403)&#10;        at java.util.concurrent.ThreadPoolExecutor.getTask(ThreadPoolExecutor.java:1074)&#10;        at java.util.concurrent.ThreadPoolExecutor.runWorker(ThreadPoolExecutor.java:1134)&#10;        at java.util.concurrent.ThreadPoolExecutor$Worker.run(ThreadPoolExecutor.java:624)&#10;        at java.lang.Thread.run(Thread.java:748)&#10;&quot;IPC Server handler 11 on 37818&quot; daemon prio=5 tid=1913 timed_waiting&#10;java.lang.Thread.State: TIMED_WAITING&#10;        at sun.misc.Unsafe.park(Native Method)&#10;        at java.util.concurrent.locks.LockSupport.parkNanos(LockSupport.java:215)&#10;        at java.util.concurrent.locks.AbstractQueuedSynchronizer$ConditionObject.awaitNanos(AbstractQueuedSynchronizer.java:2078)&#10;        at java.util.concurrent.LinkedBlockingQueue.poll(LinkedBlockingQueue.java:467)&#10;        at org.apache.hadoop.ipc.CallQueueManager.take(CallQueueManager.java:288)&#10;        at org.apache.hadoop.ipc.Server$Handler.run(Server.java:2668)&#10;&quot;pool-186-thread-33&quot;  prio=5 tid=2175 in Object.wait()&#10;java.lang.Thread.State: WAITING (on object monitor)&#10;        at sun.misc.Unsafe.park(Native Method)&#10;        at java.util.concurrent.locks.LockSupport.park(LockSupport.java:175)&#10;        at java.util.concurrent.locks.AbstractQueuedSynchronizer$ConditionObject.await(AbstractQueuedSynchronizer.java:2039)&#10;        at java.util.concurrent.ArrayBlockingQueue.take(ArrayBlockingQueue.java:403)&#10;        at java.util.concurrent.ThreadPoolExecutor.getTask(ThreadPoolExecutor.java:1074)&#10;        at java.util.concurrent.ThreadPoolExecutor.runWorker(ThreadPoolExecutor.java:1134)&#10;        at java.util.concurrent.ThreadPoolExecutor$Worker.run(ThreadPoolExecutor.java:624)&#10;        at java.lang.Thread.run(Thread.java:748)&#10;&quot;IPC Server handler 16 on 44019&quot; daemon prio=5 tid=1982 timed_waiting&#10;java.lang.Thread.State: TIMED_WAITING&#10;        at sun.misc.Unsafe.park(Native Method)&#10;        at java.util.concurrent.locks.LockSupport.parkNanos(LockSupport.java:215)&#10;        at java.util.concurrent.locks.AbstractQueuedSynchronizer$ConditionObject.awaitNanos(AbstractQueuedSynchronizer.java:2078)&#10;        at java.util.concurrent.LinkedBlockingQueue.poll(LinkedBlockingQueue.java:467)&#10;        at org.apache.hadoop.ipc.CallQueueManager.take(CallQueueManager.java:288)&#10;        at org.apache.hadoop.ipc.Server$Handler.run(Server.java:2668)&#10;&quot;pool-196-thread-43&quot;  prio=5 tid=2247 in Object.wait()&#10;java.lang.Thread.State: WAITING (on object monitor)&#10;        at sun.misc.Unsafe.park(Native Method)&#10;        at java.util.concurrent.locks.LockSupport.park(LockSupport.java:175)&#10;        at java.util.concurrent.locks.AbstractQueuedSynchronizer$ConditionObject.await(AbstractQueuedSynchronizer.java:2039)&#10;        at java.util.concurrent.ArrayBlockingQueue.take(ArrayBlockingQueue.java:403)&#10;        at java.util.concurrent.ThreadPoolExecutor.getTask(ThreadPoolExecutor.java:1074)&#10;        at java.util.concurrent.ThreadPoolExecutor.runWorker(ThreadPoolExecutor.java:1134)&#10;        at java.util.concurrent.ThreadPoolExecutor$Worker.run(ThreadPoolExecutor.java:624)&#10;        at java.lang.Thread.run(Thread.java:748)&#10;&quot;pool-196-thread-45&quot;  prio=5 tid=2249 in Object.wait()&#10;java.lang.Thread.State: WAITING (on object monitor)&#10;        at sun.misc.Unsafe.park(Native Method)&#10;        at java.util.concurrent.locks.LockSupport.park(LockSupport.java:175)&#10;        at java.util.concurrent.locks.AbstractQueuedSynchronizer$ConditionObject.await(AbstractQueuedSynchronizer.java:2039)&#10;        at java.util.concurrent.ArrayBlockingQueue.take(ArrayBlockingQueue.java:403)&#10;        at java.util.concurrent.ThreadPoolExecutor.getTask(ThreadPoolExecutor.java:1074)&#10;        at java.util.concurrent.ThreadPoolExecutor.runWorker(ThreadPoolExecutor.java:1134)&#10;        at java.util.concurrent.ThreadPoolExecutor$Worker.run(ThreadPoolExecutor.java:624)&#10;        at java.lang.Thread.run(Thread.java:748)&#10;&quot;BlockDeletingService#0&quot; daemon prio=5 tid=2203 timed_waiting&#10;java.lang.Thread.State: TIMED_WAITING&#10;        at sun.misc.Unsafe.park(Native Method)&#10;        at java.util.concurrent.locks.LockSupport.parkNanos(LockSupport.java:215)&#10;        at java.util.concurrent.locks.AbstractQueuedSynchronizer$ConditionObject.awaitNanos(AbstractQueuedSynchronizer.java:2078)&#10;        at java.util.concurrent.ScheduledThreadPoolExecutor$DelayedWorkQueue.take(ScheduledThreadPoolExecutor.java:1093)&#10;        at java.util.concurrent.ScheduledThreadPoolExecutor$DelayedWorkQueue.take(ScheduledThreadPoolExecutor.java:809)&#10;        at java.util.concurrent.ThreadPoolExecutor.getTask(ThreadPoolExecutor.java:1074)&#10;        at java.util.concurrent.ThreadPoolExecutor.runWorker(ThreadPoolExecutor.java:1134)&#10;        at java.util.concurrent.ThreadPoolExecutor$Worker.run(ThreadPoolExecutor.java:624)&#10;        at java.lang.Thread.run(Thread.java:748)&#10;&quot;IPC Server handler 13 on 43940&quot; daemon prio=5 tid=1895 timed_waiting&#10;java.lang.Thread.State: TIMED_WAITING&#10;        at sun.misc.Unsafe.park(Native Method)&#10;        at java.util.concurrent.locks.LockSupport.parkNanos(LockSupport.java:215)&#10;        at java.util.concurrent.locks.AbstractQueuedSynchronizer$ConditionObject.awaitNanos(AbstractQueuedSynchronizer.java:2078)&#10;        at java.util.concurrent.LinkedBlockingQueue.poll(LinkedBlockingQueue.java:467)&#10;        at org.apache.hadoop.ipc.CallQueueManager.take(CallQueueManager.java:288)&#10;        at org.apache.hadoop.ipc.Server$Handler.run(Server.java:2668)&#10;&quot;metrics-hadoop-metrics2-reporter-57-thread-1&quot; daemon prio=5 tid=1132 timed_waiting&#10;java.lang.Thread.State: TIMED_WAITING&#10;        at sun.misc.Unsafe.park(Native Method)&#10;        at java.util.concurrent.locks.LockSupport.parkNanos(LockSupport.java:215)&#10;        at java.util.concurrent.locks.AbstractQueuedSynchronizer$ConditionObject.awaitNanos(AbstractQueuedSynchronizer.java:2078)&#10;        at java.util.concurrent.ScheduledThreadPoolExecutor$DelayedWorkQueue.take(ScheduledThreadPoolExecutor.java:1093)&#10;        at java.util.concurrent.ScheduledThreadPoolExecutor$DelayedWorkQueue.take(ScheduledThreadPoolExecutor.java:809)&#10;        at java.util.concurrent.ThreadPoolExecutor.getTask(ThreadPoolExecutor.java:1074)&#10;        at java.util.concurrent.ThreadPoolExecutor.runWorker(ThreadPoolExecutor.java:1134)&#10;        at java.util.concurrent.ThreadPoolExecutor$Worker.run(ThreadPoolExecutor.java:624)&#10;        at java.lang.Thread.run(Thread.java:748)&#10;&quot;Datanode ReportManager Thread - 2&quot; daemon prio=5 tid=715 in Object.wait()&#10;java.lang.Thread.State: WAITING (on object monitor)&#10;        at sun.misc.Unsafe.park(Native Method)&#10;        at java.util.concurrent.locks.LockSupport.park(LockSupport.java:175)&#10;        at java.util.concurrent.locks.AbstractQueuedSynchronizer$ConditionObject.await(AbstractQueuedSynchronizer.java:2039)&#10;        at java.util.concurrent.ScheduledThreadPoolExecutor$DelayedWorkQueue.take(ScheduledThreadPoolExecutor.java:1088)&#10;        at java.util.concurrent.ScheduledThreadPoolExecutor$DelayedWorkQueue.take(ScheduledThreadPoolExecutor.java:809)&#10;        at java.util.concurrent.ThreadPoolExecutor.getTask(ThreadPoolExecutor.java:1074)&#10;        at java.util.concurrent.ThreadPoolExecutor.runWorker(ThreadPoolExecutor.java:1134)&#10;        at java.util.concurrent.ThreadPoolExecutor$Worker.run(ThreadPoolExecutor.java:624)&#10;        at java.lang.Thread.run(Thread.java:748)&#10;&quot;pool-176-thread-15&quot;  prio=5 tid=2094 in Object.wait()&#10;java.lang.Thread.State: WAITING (on object monitor)&#10;        at sun.misc.Unsafe.park(Native Method)&#10;        at java.util.concurrent.locks.LockSupport.park(LockSupport.java:175)&#10;        at java.util.concurrent.locks.AbstractQueuedSynchronizer$ConditionObject.await(AbstractQueuedSynchronizer.java:2039)&#10;        at java.util.concurrent.ArrayBlockingQueue.take(ArrayBlockingQueue.java:403)&#10;        at java.util.concurrent.ThreadPoolExecutor.getTask(ThreadPoolExecutor.java:1074)&#10;        at java.util.concurrent.ThreadPoolExecutor.runWorker(ThreadPoolExecutor.java:1134)&#10;        at java.util.concurrent.ThreadPoolExecutor$Worker.run(ThreadPoolExecutor.java:624)&#10;        at java.lang.Thread.run(Thread.java:748)&#10;&quot;pool-196-thread-48&quot;  prio=5 tid=2252 in Object.wait()&#10;java.lang.Thread.State: WAITING (on object monitor)&#10;        at sun.misc.Unsafe.park(Native Method)&#10;        at java.util.concurrent.locks.LockSupport.park(LockSupport.java:175)&#10;        at java.util.concurrent.locks.AbstractQueuedSynchronizer$ConditionObject.await(AbstractQueuedSynchronizer.java:2039)&#10;        at java.util.concurrent.ArrayBlockingQueue.take(ArrayBlockingQueue.java:403)&#10;        at java.util.concurrent.ThreadPoolExecutor.getTask(ThreadPoolExecutor.java:1074)&#10;        at java.util.concurrent.ThreadPoolExecutor.runWorker(ThreadPoolExecutor.java:1134)&#10;        at java.util.concurrent.ThreadPoolExecutor$Worker.run(ThreadPoolExecutor.java:624)&#10;        at java.lang.Thread.run(Thread.java:748)&#10;&quot;pool-186-thread-58&quot;  prio=5 tid=2200 in Object.wait()&#10;java.lang.Thread.State: WAITING (on object monitor)&#10;        at sun.misc.Unsafe.park(Native Method)&#10;        at java.util.concurrent.locks.LockSupport.park(LockSupport.java:175)&#10;        at java.util.concurrent.locks.AbstractQueuedSynchronizer$ConditionObject.await(AbstractQueuedSynchronizer.java:2039)&#10;        at java.util.concurrent.ArrayBlockingQueue.take(ArrayBlockingQueue.java:403)&#10;        at java.util.concurrent.ThreadPoolExecutor.getTask(ThreadPoolExecutor.java:1074)&#10;        at java.util.concurrent.ThreadPoolExecutor.runWorker(ThreadPoolExecutor.java:1134)&#10;        at java.util.concurrent.ThreadPoolExecutor$Worker.run(ThreadPoolExecutor.java:624)&#10;        at java.lang.Thread.run(Thread.java:748)&#10;&quot;pool-176-thread-60&quot;  prio=5 tid=2139 in Object.wait()&#10;java.lang.Thread.State: WAITING (on object monitor)&#10;        at sun.misc.Unsafe.park(Native Method)&#10;        at java.util.concurrent.locks.LockSupport.park(LockSupport.java:175)&#10;        at java.util.concurrent.locks.AbstractQueuedSynchronizer$ConditionObject.await(AbstractQueuedSynchronizer.java:2039)&#10;        at java.util.concurrent.ArrayBlockingQueue.take(ArrayBlockingQueue.java:403)&#10;        at java.util.concurrent.ThreadPoolExecutor.getTask(ThreadPoolExecutor.java:1074)&#10;        at java.util.concurrent.ThreadPoolExecutor.runWorker(ThreadPoolExecutor.java:1134)&#10;        at java.util.concurrent.ThreadPoolExecutor$Worker.run(ThreadPoolExecutor.java:624)&#10;        at java.lang.Thread.run(Thread.java:748)&#10;&quot;metrics-hadoop-metrics2-reporter-93-thread-1&quot; daemon prio=5 tid=1825 timed_waiting&#10;java.lang.Thread.State: TIMED_WAITING&#10;        at sun.misc.Unsafe.park(Native Method)&#10;        at java.util.concurrent.locks.LockSupport.parkNanos(LockSupport.java:215)&#10;        at java.util.concurrent.locks.AbstractQueuedSynchronizer$ConditionObject.awaitNanos(AbstractQueuedSynchronizer.java:2078)&#10;        at java.util.concurrent.ScheduledThreadPoolExecutor$DelayedWorkQueue.take(ScheduledThreadPoolExecutor.java:1093)&#10;        at java.util.concurrent.ScheduledThreadPoolExecutor$DelayedWorkQueue.take(ScheduledThreadPoolExecutor.java:809)&#10;        at java.util.concurrent.ThreadPoolExecutor.getTask(ThreadPoolExecutor.java:1074)&#10;        at java.util.concurrent.ThreadPoolExecutor.runWorker(ThreadPoolExecutor.java:1134)&#10;        at java.util.concurrent.ThreadPoolExecutor$Worker.run(ThreadPoolExecutor.java:624)&#10;        at java.lang.Thread.run(Thread.java:748)&#10;&quot;pool-186-thread-60&quot;  prio=5 tid=2202 in Object.wait()&#10;java.lang.Thread.State: WAITING (on object monitor)&#10;        at sun.misc.Unsafe.park(Native Method)&#10;        at java.util.concurrent.locks.LockSupport.park(LockSupport.java:175)&#10;        at java.util.concurrent.locks.AbstractQueuedSynchronizer$ConditionObject.await(AbstractQueuedSynchronizer.java:2039)&#10;        at java.util.concurrent.ArrayBlockingQueue.take(ArrayBlockingQueue.java:403)&#10;        at java.util.concurrent.ThreadPoolExecutor.getTask(ThreadPoolExecutor.java:1074)&#10;        at java.util.concurrent.ThreadPoolExecutor.runWorker(ThreadPoolExecutor.java:1134)&#10;        at java.util.concurrent.ThreadPoolExecutor$Worker.run(ThreadPoolExecutor.java:624)&#10;        at java.lang.Thread.run(Thread.java:748)&#10;&quot;pool-186-thread-54&quot;  prio=5 tid=2196 in Object.wait()&#10;java.lang.Thread.State: WAITING (on object monitor)&#10;        at sun.misc.Unsafe.park(Native Method)&#10;        at java.util.concurrent.locks.LockSupport.park(LockSupport.java:175)&#10;        at java.util.concurrent.locks.AbstractQueuedSynchronizer$ConditionObject.await(AbstractQueuedSynchronizer.java:2039)&#10;        at java.util.concurrent.ArrayBlockingQueue.take(ArrayBlockingQueue.java:403)&#10;        at java.util.concurrent.ThreadPoolExecutor.getTask(ThreadPoolExecutor.java:1074)&#10;        at java.util.concurrent.ThreadPoolExecutor.runWorker(ThreadPoolExecutor.java:1134)&#10;        at java.util.concurrent.ThreadPoolExecutor$Worker.run(ThreadPoolExecutor.java:624)&#10;        at java.lang.Thread.run(Thread.java:748)&#10;&quot;grpc-default-executor-0&quot; daemon prio=5 tid=2277 timed_waiting&#10;java.lang.Thread.State: TIMED_WAITING&#10;        at sun.misc.Unsafe.park(Native Method)&#10;        at java.util.concurrent.locks.LockSupport.parkNanos(LockSupport.java:215)&#10;        at java.util.concurrent.SynchronousQueue$TransferStack.awaitFulfill(SynchronousQueue.java:460)&#10;        at java.util.concurrent.SynchronousQueue$TransferStack.transfer(SynchronousQueue.java:362)&#10;        at java.util.concurrent.SynchronousQueue.poll(SynchronousQueue.java:941)&#10;        at java.util.concurrent.ThreadPoolExecutor.getTask(ThreadPoolExecutor.java:1073)&#10;        at java.util.concurrent.ThreadPoolExecutor.runWorker(ThreadPoolExecutor.java:1134)&#10;        at java.util.concurrent.ThreadPoolExecutor$Worker.run(ThreadPoolExecutor.java:624)&#10;        at java.lang.Thread.run(Thread.java:748)&#10;&quot;IPC Server idle connection scanner for port 37818&quot; daemon prio=5 tid=1873 timed_waiting&#10;java.lang.Thread.State: TIMED_WAITING&#10;        at java.lang.Object.wait(Native Method)&#10;        at java.util.TimerThread.mainLoop(Timer.java:552)&#10;        at java.util.TimerThread.run(Timer.java:505)&#10;&quot;process reaper&quot; daemon prio=10 tid=10 timed_waiting&#10;java.lang.Thread.State: TIMED_WAITING&#10;        at sun.misc.Unsafe.park(Native Method)&#10;        at java.util.concurrent.locks.LockSupport.parkNanos(LockSupport.java:215)&#10;        at java.util.concurrent.SynchronousQueue$TransferStack.awaitFulfill(SynchronousQueue.java:460)&#10;        at java.util.concurrent.SynchronousQueue$TransferStack.transfer(SynchronousQueue.java:362)&#10;        at java.util.concurrent.SynchronousQueue.poll(SynchronousQueue.java:941)&#10;        at java.util.concurrent.ThreadPoolExecutor.getTask(ThreadPoolExecutor.java:1073)&#10;        at java.util.concurrent.ThreadPoolExecutor.runWorker(ThreadPoolExecutor.java:1134)&#10;        at java.util.concurrent.ThreadPoolExecutor$Worker.run(ThreadPoolExecutor.java:624)&#10;        at java.lang.Thread.run(Thread.java:748)&#10;&quot;metrics-hadoop-metrics2-reporter-97-thread-1&quot; daemon prio=5 tid=1844 timed_waiting&#10;java.lang.Thread.State: TIMED_WAITING&#10;        at sun.misc.Unsafe.park(Native Method)&#10;        at java.util.concurrent.locks.LockSupport.parkNanos(LockSupport.java:215)&#10;        at java.util.concurrent.locks.AbstractQueuedSynchronizer$ConditionObject.awaitNanos(AbstractQueuedSynchronizer.java:2078)&#10;        at java.util.concurrent.ScheduledThreadPoolExecutor$DelayedWorkQueue.take(ScheduledThreadPoolExecutor.java:1093)&#10;        at java.util.concurrent.ScheduledThreadPoolExecutor$DelayedWorkQueue.take(ScheduledThreadPoolExecutor.java:809)&#10;        at java.util.concurrent.ThreadPoolExecutor.getTask(ThreadPoolExecutor.java:1074)&#10;        at java.util.concurrent.ThreadPoolExecutor.runWorker(ThreadPoolExecutor.java:1134)&#10;        at java.util.concurrent.ThreadPoolExecutor$Worker.run(ThreadPoolExecutor.java:624)&#10;        at java.lang.Thread.run(Thread.java:748)&#10;&quot;qtp584694804-1942&quot; daemon prio=5 tid=1942 runnable&#10;java.lang.Thread.State: RUNNABLE&#10;        at sun.nio.ch.EPollArrayWrapper.epollWait(Native Method)&#10;        at sun.nio.ch.EPollArrayWrapper.poll(EPollArrayWrapper.java:269)&#10;        at sun.nio.ch.EPollSelectorImpl.doSelect(EPollSelectorImpl.java:93)&#10;        at sun.nio.ch.SelectorImpl.lockAndDoSelect(SelectorImpl.java:86)&#10;        at sun.nio.ch.SelectorImpl.select(SelectorImpl.java:97)&#10;        at sun.nio.ch.SelectorImpl.select(SelectorImpl.java:101)&#10;        at org.eclipse.jetty.io.ManagedSelector$SelectorProducer.select(ManagedSelector.java:243)&#10;        at org.eclipse.jetty.io.ManagedSelector$SelectorProducer.produce(ManagedSelector.java:191)&#10;        at org.eclipse.jetty.util.thread.strategy.ExecuteProduceConsume.executeProduceConsume(ExecuteProduceConsume.java:249)&#10;        at org.eclipse.jetty.util.thread.strategy.ExecuteProduceConsume.produceConsume(ExecuteProduceConsume.java:148)&#10;        at org.eclipse.jetty.util.thread.strategy.ExecuteProduceConsume.execute(ExecuteProduceConsume.java:100)&#10;        at org.eclipse.jetty.io.ManagedSelector.run(ManagedSelector.java:147)&#10;        at org.eclipse.jetty.util.thread.QueuedThreadPool.runJob(QueuedThreadPool.java:671)&#10;        at org.eclipse.jetty.util.thread.QueuedThreadPool$2.run(QueuedThreadPool.java:589)&#10;        at java.lang.Thread.run(Thread.java:748)&#10;&quot;metrics-hadoop-metrics2-reporter-117-thread-1&quot; daemon prio=5 tid=2329 timed_waiting&#10;java.lang.Thread.State: TIMED_WAITING&#10;        at sun.misc.Unsafe.park(Native Method)&#10;        at java.util.concurrent.locks.LockSupport.parkNanos(LockSupport.java:215)&#10;        at java.util.concurrent.locks.AbstractQueuedSynchronizer$ConditionObject.awaitNanos(AbstractQueuedSynchronizer.java:2078)&#10;        at java.util.concurrent.ScheduledThreadPoolExecutor$DelayedWorkQueue.take(ScheduledThreadPoolExecutor.java:1093)&#10;        at java.util.concurrent.ScheduledThreadPoolExecutor$DelayedWorkQueue.take(ScheduledThreadPoolExecutor.java:809)&#10;        at java.util.concurrent.ThreadPoolExecutor.getTask(ThreadPoolExecutor.java:1074)&#10;        at java.util.concurrent.ThreadPoolExecutor.runWorker(ThreadPoolExecutor.java:1134)&#10;        at java.util.concurrent.ThreadPoolExecutor$Worker.run(ThreadPoolExecutor.java:624)&#10;        at java.lang.Thread.run(Thread.java:748)&#10;&quot;org.eclipse.jetty.server.session.HashSessionManager@2c9a6717Timer&quot; daemon prio=5 tid=2014 timed_waiting&#10;java.lang.Thread.State: TIMED_WAITING&#10;        at sun.misc.Unsafe.park(Native Method)&#10;        at java.util.concurrent.locks.LockSupport.parkNanos(LockSupport.java:215)&#10;        at java.util.concurrent.locks.AbstractQueuedSynchronizer$ConditionObject.awaitNanos(AbstractQueuedSynchronizer.java:2078)&#10;        at java.util.concurrent.ScheduledThreadPoolExecutor$DelayedWorkQueue.take(ScheduledThreadPoolExecutor.java:1093)&#10;        at java.util.concurrent.ScheduledThreadPoolExecutor$DelayedWorkQueue.take(ScheduledThreadPoolExecutor.java:809)&#10;        at java.util.concurrent.ThreadPoolExecutor.getTask(ThreadPoolExecutor.java:1074)&#10;        at java.util.concurrent.ThreadPoolExecutor.runWorker(ThreadPoolExecutor.java:1134)&#10;        at java.util.concurrent.ThreadPoolExecutor$Worker.run(ThreadPoolExecutor.java:624)&#10;        at java.lang.Thread.run(Thread.java:748)&#10;&quot;pool-176-thread-37&quot;  prio=5 tid=2116 in Object.wait()&#10;java.lang.Thread.State: WAITING (on object monitor)&#10;        at sun.misc.Unsafe.park(Native Method)&#10;        at java.util.concurrent.locks.LockSupport.park(LockSupport.java:175)&#10;        at java.util.concurrent.locks.AbstractQueuedSynchronizer$ConditionObject.await(AbstractQueuedSynchronizer.java:2039)&#10;        at java.util.concurrent.ArrayBlockingQueue.take(ArrayBlockingQueue.java:403)&#10;        at java.util.concurrent.ThreadPoolExecutor.getTask(ThreadPoolExecutor.java:1074)&#10;        at java.util.concurrent.ThreadPoolExecutor.runWorker(ThreadPoolExecutor.java:1134)&#10;        at java.util.concurrent.ThreadPoolExecutor$Worker.run(ThreadPoolExecutor.java:624)&#10;        at java.lang.Thread.run(Thread.java:748)&#10;&quot;IPC Server handler 4 on 35803&quot; daemon prio=5 tid=1926 timed_waiting&#10;java.lang.Thread.State: TIMED_WAITING&#10;        at sun.misc.Unsafe.park(Native Method)&#10;        at java.util.concurrent.locks.LockSupport.parkNanos(LockSupport.java:215)&#10;        at java.util.concurrent.locks.AbstractQueuedSynchronizer$ConditionObject.awaitNanos(AbstractQueuedSynchronizer.java:2078)&#10;        at java.util.concurrent.LinkedBlockingQueue.poll(LinkedBlockingQueue.java:467)&#10;        at org.apache.hadoop.ipc.CallQueueManager.take(CallQueueManager.java:288)&#10;        at org.apache.hadoop.ipc.Server$Handler.run(Server.java:2668)&#10;&quot;jaeger.RemoteReporter-QueueProcessor&quot; daemon prio=5 tid=147 in Object.wait()&#10;java.lang.Thread.State: WAITING (on object monitor)&#10;        at sun.misc.Unsafe.park(Native Method)&#10;        at java.util.concurrent.locks.LockSupport.park(LockSupport.java:175)&#10;        at java.util.concurrent.locks.AbstractQueuedSynchronizer$ConditionObject.await(AbstractQueuedSynchronizer.java:2039)&#10;        at java.util.concurrent.ArrayBlockingQueue.take(ArrayBlockingQueue.java:403)&#10;        at io.jaegertracing.internal.reporters.RemoteReporter$QueueProcessor.run(RemoteReporter.java:173)&#10;        at java.lang.Thread.run(Thread.java:748)&#10;&quot;java.util.concurrent.ThreadPoolExecutor$Worker@3714934[State = -1, empty queue]&quot; daemon prio=5 tid=2510 timed_waiting&#10;java.lang.Thread.State: TIMED_WAITING&#10;        at sun.misc.Unsafe.park(Native Method)&#10;        at java.util.concurrent.locks.LockSupport.parkNanos(LockSupport.java:215)&#10;        at java.util.concurrent.locks.AbstractQueuedSynchronizer$ConditionObject.awaitNanos(AbstractQueuedSynchronizer.java:2078)&#10;        at java.util.concurrent.ScheduledThreadPoolExecutor$DelayedWorkQueue.take(ScheduledThreadPoolExecutor.java:1093)&#10;        at java.util.concurrent.ScheduledThreadPoolExecutor$DelayedWorkQueue.take(ScheduledThreadPoolExecutor.java:809)&#10;        at java.util.concurrent.ThreadPoolExecutor.getTask(ThreadPoolExecutor.java:1074)&#10;        at java.util.concurrent.ThreadPoolExecutor.runWorker(ThreadPoolExecutor.java:1134)&#10;        at java.util.concurrent.ThreadPoolExecutor$Worker.run(ThreadPoolExecutor.java:624)&#10;        at java.lang.Thread.run(Thread.java:748)&#10;&quot;pool-186-thread-21&quot;  prio=5 tid=2163 in Object.wait()&#10;java.lang.Thread.State: WAITING (on object monitor)&#10;        at sun.misc.Unsafe.park(Native Method)&#10;        at java.util.concurrent.locks.LockSupport.park(LockSupport.java:175)&#10;        at java.util.concurrent.locks.AbstractQueuedSynchronizer$ConditionObject.await(AbstractQueuedSynchronizer.java:2039)&#10;        at java.util.concurrent.ArrayBlockingQueue.take(ArrayBlockingQueue.java:403)&#10;        at java.util.concurrent.ThreadPoolExecutor.getTask(ThreadPoolExecutor.java:1074)&#10;        at java.util.concurrent.ThreadPoolExecutor.runWorker(ThreadPoolExecutor.java:1134)&#10;        at java.util.concurrent.ThreadPoolExecutor$Worker.run(ThreadPoolExecutor.java:624)&#10;        at java.lang.Thread.run(Thread.java:748)&#10;&quot;qtp1821228886-2006&quot; daemon prio=5 tid=2006 runnable&#10;java.lang.Thread.State: RUNNABLE&#10;        at sun.nio.ch.EPollArrayWrapper.epollWait(Native Method)&#10;        at sun.nio.ch.EPollArrayWrapper.poll(EPollArrayWrapper.java:269)&#10;        at sun.nio.ch.EPollSelectorImpl.doSelect(EPollSelectorImpl.java:93)&#10;        at sun.nio.ch.SelectorImpl.lockAndDoSelect(SelectorImpl.java:86)&#10;        at sun.nio.ch.SelectorImpl.select(SelectorImpl.java:97)&#10;        at sun.nio.ch.SelectorImpl.select(SelectorImpl.java:101)&#10;        at org.eclipse.jetty.io.ManagedSelector$SelectorProducer.select(ManagedSelector.java:243)&#10;        at org.eclipse.jetty.io.ManagedSelector$SelectorProducer.produce(ManagedSelector.java:191)&#10;        at org.eclipse.jetty.util.thread.strategy.ExecuteProduceConsume.executeProduceConsume(ExecuteProduceConsume.java:249)&#10;        at org.eclipse.jetty.util.thread.strategy.ExecuteProduceConsume.produceConsume(ExecuteProduceConsume.java:148)&#10;        at org.eclipse.jetty.util.thread.strategy.ExecuteProduceConsume.execute(ExecuteProduceConsume.java:100)&#10;        at org.eclipse.jetty.io.ManagedSelector.run(ManagedSelector.java:147)&#10;        at org.eclipse.jetty.util.thread.QueuedThreadPool.runJob(QueuedThreadPool.java:671)&#10;        at org.eclipse.jetty.util.thread.QueuedThreadPool$2.run(QueuedThreadPool.java:589)&#10;        at java.lang.Thread.run(Thread.java:748)&#10;&quot;metrics-hadoop-metrics2-reporter-115-thread-1&quot; daemon prio=5 tid=2324 timed_waiting&#10;java.lang.Thread.State: TIMED_WAITING&#10;        at sun.misc.Unsafe.park(Native Method)&#10;        at java.util.concurrent.locks.LockSupport.parkNanos(LockSupport.java:215)&#10;        at java.util.concurrent.locks.AbstractQueuedSynchronizer$ConditionObject.awaitNanos(AbstractQueuedSynchronizer.java:2078)&#10;        at java.util.concurrent.ScheduledThreadPoolExecutor$DelayedWorkQueue.take(ScheduledThreadPoolExecutor.java:1093)&#10;        at java.util.concurrent.ScheduledThreadPoolExecutor$DelayedWorkQueue.take(ScheduledThreadPoolExecutor.java:809)&#10;        at java.util.concurrent.ThreadPoolExecutor.getTask(ThreadPoolExecutor.java:1074)&#10;        at java.util.concurrent.ThreadPoolExecutor.runWorker(ThreadPoolExecutor.java:1134)&#10;        at java.util.concurrent.ThreadPoolExecutor$Worker.run(ThreadPoolExecutor.java:624)&#10;        at java.lang.Thread.run(Thread.java:748)&#10;&quot;pool-196-thread-8&quot;  prio=5 tid=2212 in Object.wait()&#10;java.lang.Thread.State: WAITING (on object monitor)&#10;        at sun.misc.Unsafe.park(Native Method)&#10;        at java.util.concurrent.locks.LockSupport.park(LockSupport.java:175)&#10;        at java.util.concurrent.locks.AbstractQueuedSynchronizer$ConditionObject.await(AbstractQueuedSynchronizer.java:2039)&#10;        at java.util.concurrent.ArrayBlockingQueue.take(ArrayBlockingQueue.java:403)&#10;        at java.util.concurrent.ThreadPoolExecutor.getTask(ThreadPoolExecutor.java:1074)&#10;        at java.util.concurrent.ThreadPoolExecutor.runWorker(ThreadPoolExecutor.java:1134)&#10;        at java.util.concurrent.ThreadPoolExecutor$Worker.run(ThreadPoolExecutor.java:624)&#10;        at java.lang.Thread.run(Thread.java:748)&#10;&quot;IPC Server handler 17 on 44019&quot; daemon prio=5 tid=1983 timed_waiting&#10;java.lang.Thread.State: TIMED_WAITING&#10;        at sun.misc.Unsafe.park(Native Method)&#10;        at java.util.concurrent.locks.LockSupport.parkNanos(LockSupport.java:215)&#10;        at java.util.concurrent.locks.AbstractQueuedSynchronizer$ConditionObject.awaitNanos(AbstractQueuedSynchronizer.java:2078)&#10;        at java.util.concurrent.LinkedBlockingQueue.poll(LinkedBlockingQueue.java:467)&#10;        at org.apache.hadoop.ipc.CallQueueManager.take(CallQueueManager.java:288)&#10;        at org.apache.hadoop.ipc.Server$Handler.run(Server.java:2668)&#10;&quot;pool-186-thread-31&quot;  prio=5 tid=2173 in Object.wait()&#10;java.lang.Thread.State: WAITING (on object monitor)&#10;        at sun.misc.Unsafe.park(Native Method)&#10;        at java.util.concurrent.locks.LockSupport.park(LockSupport.java:175)&#10;        at java.util.concurrent.locks.AbstractQueuedSynchronizer$ConditionObject.await(AbstractQueuedSynchronizer.java:2039)&#10;        at java.util.concurrent.ArrayBlockingQueue.take(ArrayBlockingQueue.java:403)&#10;        at java.util.concurrent.ThreadPoolExecutor.getTask(ThreadPoolExecutor.java:1074)&#10;        at java.util.concurrent.ThreadPoolExecutor.runWorker(ThreadPoolExecutor.java:1134)&#10;        at java.util.concurrent.ThreadPoolExecutor$Worker.run(ThreadPoolExecutor.java:624)&#10;        at java.lang.Thread.run(Thread.java:748)&#10;&quot;pool-176-thread-38&quot;  prio=5 tid=2117 in Object.wait()&#10;java.lang.Thread.State: WAITING (on object monitor)&#10;        at sun.misc.Unsafe.park(Native Method)&#10;        at java.util.concurrent.locks.LockSupport.park(LockSupport.java:175)&#10;        at java.util.concurrent.locks.AbstractQueuedSynchronizer$ConditionObject.await(AbstractQueuedSynchronizer.java:2039)&#10;        at java.util.concurrent.ArrayBlockingQueue.take(ArrayBlockingQueue.java:403)&#10;        at java.util.concurrent.ThreadPoolExecutor.getTask(ThreadPoolExecutor.java:1074)&#10;        at java.util.concurrent.ThreadPoolExecutor.runWorker(ThreadPoolExecutor.java:1134)&#10;        at java.util.concurrent.ThreadPoolExecutor$Worker.run(ThreadPoolExecutor.java:624)&#10;        at java.lang.Thread.run(Thread.java:748)&#10;&quot;grpc-default-executor-2&quot; daemon prio=5 tid=2315 timed_waiting&#10;java.lang.Thread.State: TIMED_WAITING&#10;        at sun.misc.Unsafe.park(Native Method)&#10;        at java.util.concurrent.locks.LockSupport.parkNanos(LockSupport.java:215)&#10;        at java.util.concurrent.SynchronousQueue$TransferStack.awaitFulfill(SynchronousQueue.java:460)&#10;        at java.util.concurrent.SynchronousQueue$TransferStack.transfer(SynchronousQueue.java:362)&#10;        at java.util.concurrent.SynchronousQueue.poll(SynchronousQueue.java:941)&#10;        at java.util.concurrent.ThreadPoolExecutor.getTask(ThreadPoolExecutor.java:1073)&#10;        at java.util.concurrent.ThreadPoolExecutor.runWorker(ThreadPoolExecutor.java:1134)&#10;        at java.util.concurrent.ThreadPoolExecutor$Worker.run(ThreadPoolExecutor.java:624)&#10;        at java.lang.Thread.run(Thread.java:748)&#10;&quot;qtp2077845538-1987&quot; daemon prio=5 tid=1987 runnable&#10;java.lang.Thread.State: RUNNABLE&#10;        at sun.nio.ch.EPollArrayWrapper.epollWait(Native Method)&#10;        at sun.nio.ch.EPollArrayWrapper.poll(EPollArrayWrapper.java:269)&#10;        at sun.nio.ch.EPollSelectorImpl.doSelect(EPollSelectorImpl.java:93)&#10;        at sun.nio.ch.SelectorImpl.lockAndDoSelect(SelectorImpl.java:86)&#10;        at sun.nio.ch.SelectorImpl.select(SelectorImpl.java:97)&#10;        at sun.nio.ch.SelectorImpl.select(SelectorImpl.java:101)&#10;        at org.eclipse.jetty.io.ManagedSelector$SelectorProducer.select(ManagedSelector.java:243)&#10;        at org.eclipse.jetty.io.ManagedSelector$SelectorProducer.produce(ManagedSelector.java:191)&#10;        at org.eclipse.jetty.util.thread.strategy.ExecuteProduceConsume.executeProduceConsume(ExecuteProduceConsume.java:249)&#10;        at org.eclipse.jetty.util.thread.strategy.ExecuteProduceConsume.produceConsume(ExecuteProduceConsume.java:148)&#10;        at org.eclipse.jetty.util.thread.strategy.ExecuteProduceConsume.execute(ExecuteProduceConsume.java:100)&#10;        at org.eclipse.jetty.io.ManagedSelector.run(ManagedSelector.java:147)&#10;        at org.eclipse.jetty.util.thread.QueuedThreadPool.runJob(QueuedThreadPool.java:671)&#10;        at org.eclipse.jetty.util.thread.QueuedThreadPool$2.run(QueuedThreadPool.java:589)&#10;        at java.lang.Thread.run(Thread.java:748)&#10;&quot;pool-186-thread-40&quot;  prio=5 tid=2182 in Object.wait()&#10;java.lang.Thread.State: WAITING (on object monitor)&#10;        at sun.misc.Unsafe.park(Native Method)&#10;        at java.util.concurrent.locks.LockSupport.park(LockSupport.java:175)&#10;        at java.util.concurrent.locks.AbstractQueuedSynchronizer$ConditionObject.await(AbstractQueuedSynchronizer.java:2039)&#10;        at java.util.concurrent.ArrayBlockingQueue.take(ArrayBlockingQueue.java:403)&#10;        at java.util.concurrent.ThreadPoolExecutor.getTask(ThreadPoolExecutor.java:1074)&#10;        at java.util.concurrent.ThreadPoolExecutor.runWorker(ThreadPoolExecutor.java:1134)&#10;        at java.util.concurrent.ThreadPoolExecutor$Worker.run(ThreadPoolExecutor.java:624)&#10;        at java.lang.Thread.run(Thread.java:748)&#10;&quot;qtp584694804-1943-acceptor-0@104eb276-ServerConnector@19a20bb2{HTTP/1.1,[http/1.1]}{0.0.0.0:45693}&quot; daemon prio=3 tid=1943 runnable&#10;java.lang.Thread.State: RUNNABLE&#10;        at sun.nio.ch.ServerSocketChannelImpl.accept0(Native Method)&#10;        at sun.nio.ch.ServerSocketChannelImpl.accept(ServerSocketChannelImpl.java:422)&#10;        at sun.nio.ch.ServerSocketChannelImpl.accept(ServerSocketChannelImpl.java:250)&#10;        at org.eclipse.jetty.server.ServerConnector.accept(ServerConnector.java:397)&#10;        at org.eclipse.jetty.server.AbstractConnector$Acceptor.run(AbstractConnector.java:601)&#10;        at org.eclipse.jetty.util.thread.QueuedThreadPool.runJob(QueuedThreadPool.java:671)&#10;        at org.eclipse.jetty.util.thread.QueuedThreadPool$2.run(QueuedThreadPool.java:589)&#10;        at java.lang.Thread.run(Thread.java:748)&#10;&quot;pool-196-thread-49&quot;  prio=5 tid=2253 in Object.wait()&#10;java.lang.Thread.State: WAITING (on object monitor)&#10;        at sun.misc.Unsafe.park(Native Method)&#10;        at java.util.concurrent.locks.LockSupport.park(LockSupport.java:175)&#10;        at java.util.concurrent.locks.AbstractQueuedSynchronizer$ConditionObject.await(AbstractQueuedSynchronizer.java:2039)&#10;        at java.util.concurrent.ArrayBlockingQueue.take(ArrayBlockingQueue.java:403)&#10;        at java.util.concurrent.ThreadPoolExecutor.getTask(ThreadPoolExecutor.java:1074)&#10;        at java.util.concurrent.ThreadPoolExecutor.runWorker(ThreadPoolExecutor.java:1134)&#10;        at java.util.concurrent.ThreadPoolExecutor$Worker.run(ThreadPoolExecutor.java:624)&#10;        at java.lang.Thread.run(Thread.java:748)&#10;&quot;qtp1300497562-2063&quot; daemon prio=5 tid=2063 timed_waiting&#10;java.lang.Thread.State: TIMED_WAITING&#10;        at sun.misc.Unsafe.park(Native Method)&#10;        at java.util.concurrent.locks.LockSupport.parkNanos(LockSupport.java:215)&#10;        at java.util.concurrent.locks.AbstractQueuedSynchronizer$ConditionObject.awaitNanos(AbstractQueuedSynchronizer.java:2078)&#10;        at org.eclipse.jetty.util.BlockingArrayQueue.poll(BlockingArrayQueue.java:392)&#10;        at org.eclipse.jetty.util.thread.QueuedThreadPool.idleJobPoll(QueuedThreadPool.java:563)&#10;        at org.eclipse.jetty.util.thread.QueuedThreadPool.access$800(QueuedThreadPool.java:48)&#10;        at org.eclipse.jetty.util.thread.QueuedThreadPool$2.run(QueuedThreadPool.java:626)&#10;        at java.lang.Thread.run(Thread.java:748)&#10;&quot;java.util.concurrent.ThreadPoolExecutor$Worker@72277900[State = -1, empty queue]&quot; daemon prio=5 tid=2552 timed_waiting&#10;java.lang.Thread.State: TIMED_WAITING&#10;        at sun.misc.Unsafe.park(Native Method)&#10;        at java.util.concurrent.locks.LockSupport.parkNanos(LockSupport.java:215)&#10;        at java.util.concurrent.locks.AbstractQueuedSynchronizer$ConditionObject.awaitNanos(AbstractQueuedSynchronizer.java:2078)&#10;        at java.util.concurrent.ScheduledThreadPoolExecutor$DelayedWorkQueue.take(ScheduledThreadPoolExecutor.java:1093)&#10;        at java.util.concurrent.ScheduledThreadPoolExecutor$DelayedWorkQueue.take(ScheduledThreadPoolExecutor.java:809)&#10;        at java.util.concurrent.ThreadPoolExecutor.getTask(ThreadPoolExecutor.java:1074)&#10;        at java.util.concurrent.ThreadPoolExecutor.runWorker(ThreadPoolExecutor.java:1134)&#10;        at java.util.concurrent.ThreadPoolExecutor$Worker.run(ThreadPoolExecutor.java:624)&#10;        at java.lang.Thread.run(Thread.java:748)&#10;&quot;pool-190-thread-1&quot;  prio=5 tid=2032 timed_waiting&#10;java.lang.Thread.State: TIMED_WAITING&#10;        at sun.misc.Unsafe.park(Native Method)&#10;        at java.util.concurrent.locks.LockSupport.parkNanos(LockSupport.java:215)&#10;        at java.util.concurrent.locks.AbstractQueuedSynchronizer$ConditionObject.awaitNanos(AbstractQueuedSynchronizer.java:2078)&#10;        at java.util.concurrent.ScheduledThreadPoolExecutor$DelayedWorkQueue.take(ScheduledThreadPoolExecutor.java:1093)&#10;        at java.util.concurrent.ScheduledThreadPoolExecutor$DelayedWorkQueue.take(ScheduledThreadPoolExecutor.java:809)&#10;        at java.util.concurrent.ThreadPoolExecutor.getTask(ThreadPoolExecutor.java:1074)&#10;        at java.util.concurrent.ThreadPoolExecutor.runWorker(ThreadPoolExecutor.java:1134)&#10;        at java.util.concurrent.ThreadPoolExecutor$Worker.run(ThreadPoolExecutor.java:624)&#10;        at java.lang.Thread.run(Thread.java:748)&#10;&quot;pool-186-thread-2&quot;  prio=5 tid=2144 in Object.wait()&#10;java.lang.Thread.State: WAITING (on object monitor)&#10;        at sun.misc.Unsafe.park(Native Method)&#10;        at java.util.concurrent.locks.LockSupport.park(LockSupport.java:175)&#10;        at java.util.concurrent.locks.AbstractQueuedSynchronizer$ConditionObject.await(AbstractQueuedSynchronizer.java:2039)&#10;        at java.util.concurrent.ArrayBlockingQueue.take(ArrayBlockingQueue.java:403)&#10;        at java.util.concurrent.ThreadPoolExecutor.getTask(ThreadPoolExecutor.java:1074)&#10;        at java.util.concurrent.ThreadPoolExecutor.runWorker(ThreadPoolExecutor.java:1134)&#10;        at java.util.concurrent.ThreadPoolExecutor$Worker.run(ThreadPoolExecutor.java:624)&#10;        at java.lang.Thread.run(Thread.java:748)&#10;&quot;java.util.concurrent.ThreadPoolExecutor$Worker@7c052e25[State = -1, empty queue]&quot; daemon prio=5 tid=2357 timed_waiting&#10;java.lang.Thread.State: TIMED_WAITING&#10;        at sun.misc.Unsafe.park(Native Method)&#10;        at java.util.concurrent.locks.LockSupport.parkNanos(LockSupport.java:215)&#10;        at java.util.concurrent.locks.AbstractQueuedSynchronizer$ConditionObject.awaitNanos(AbstractQueuedSynchronizer.java:2078)&#10;        at java.util.concurrent.ScheduledThreadPoolExecutor$DelayedWorkQueue.take(ScheduledThreadPoolExecutor.java:1093)&#10;        at java.util.concurrent.ScheduledThreadPoolExecutor$DelayedWorkQueue.take(ScheduledThreadPoolExecutor.java:809)&#10;        at java.util.concurrent.ThreadPoolExecutor.getTask(ThreadPoolExecutor.java:1074)&#10;        at java.util.concurrent.ThreadPoolExecutor.runWorker(ThreadPoolExecutor.java:1134)&#10;        at java.util.concurrent.ThreadPoolExecutor$Worker.run(ThreadPoolExecutor.java:624)&#10;        at java.lang.Thread.run(Thread.java:748)&#10;&quot;Datanode ReportManager Thread - 1&quot; daemon prio=5 tid=2073 in Object.wait()&#10;java.lang.Thread.State: WAITING (on object monitor)&#10;        at sun.misc.Unsafe.park(Native Method)&#10;        at java.util.concurrent.locks.LockSupport.park(LockSupport.java:175)&#10;        at java.util.concurrent.locks.AbstractQueuedSynchronizer$ConditionObject.await(AbstractQueuedSynchronizer.java:2039)&#10;        at java.util.concurrent.ScheduledThreadPoolExecutor$DelayedWorkQueue.take(ScheduledThreadPoolExecutor.java:1088)&#10;        at java.util.concurrent.ScheduledThreadPoolExecutor$DelayedWorkQueue.take(ScheduledThreadPoolExecutor.java:809)&#10;        at java.util.concurrent.ThreadPoolExecutor.getTask(ThreadPoolExecutor.java:1074)&#10;        at java.util.concurrent.ThreadPoolExecutor.runWorker(ThreadPoolExecutor.java:1134)&#10;        at java.util.concurrent.ThreadPoolExecutor$Worker.run(ThreadPoolExecutor.java:624)&#10;        at java.lang.Thread.run(Thread.java:748)&#10;&quot;metrics-hadoop-metrics2-reporter-104-thread-1&quot; daemon prio=5 tid=2292 timed_waiting&#10;java.lang.Thread.State: TIMED_WAITING&#10;        at sun.misc.Unsafe.park(Native Method)&#10;        at java.util.concurrent.locks.LockSupport.parkNanos(LockSupport.java:215)&#10;        at java.util.concurrent.locks.AbstractQueuedSynchronizer$ConditionObject.awaitNanos(AbstractQueuedSynchronizer.java:2078)&#10;        at java.util.concurrent.ScheduledThreadPoolExecutor$DelayedWorkQueue.take(ScheduledThreadPoolExecutor.java:1093)&#10;        at java.util.concurrent.ScheduledThreadPoolExecutor$DelayedWorkQueue.take(ScheduledThreadPoolExecutor.java:809)&#10;        at java.util.concurrent.ThreadPoolExecutor.getTask(ThreadPoolExecutor.java:1074)&#10;        at java.util.concurrent.ThreadPoolExecutor.runWorker(ThreadPoolExecutor.java:1134)&#10;        at java.util.concurrent.ThreadPoolExecutor$Worker.run(ThreadPoolExecutor.java:624)&#10;        at java.lang.Thread.run(Thread.java:748)&#10;&quot;qtp584694804-1944&quot; daemon prio=5 tid=1944 timed_waiting&#10;java.lang.Thread.State: TIMED_WAITING&#10;        at sun.misc.Unsafe.park(Native Method)&#10;        at java.util.concurrent.locks.LockSupport.parkNanos(LockSupport.java:215)&#10;        at java.util.concurrent.locks.AbstractQueuedSynchronizer$ConditionObject.awaitNanos(AbstractQueuedSynchronizer.java:2078)&#10;        at org.eclipse.jetty.util.BlockingArrayQueue.poll(BlockingArrayQueue.java:392)&#10;        at org.eclipse.jetty.util.thread.QueuedThreadPool.idleJobPoll(QueuedThreadPool.java:563)&#10;        at org.eclipse.jetty.util.thread.QueuedThreadPool.access$800(QueuedThreadPool.java:48)&#10;        at org.eclipse.jetty.util.thread.QueuedThreadPool$2.run(QueuedThreadPool.java:626)&#10;        at java.lang.Thread.run(Thread.java:748)&#10;&quot;qtp1664093259-2039&quot; daemon prio=5 tid=2039 timed_waiting&#10;java.lang.Thread.State: TIMED_WAITING&#10;        at sun.misc.Unsafe.park(Native Method)&#10;        at java.util.concurrent.locks.LockSupport.parkNanos(LockSupport.java:215)&#10;        at java.util.concurrent.locks.AbstractQueuedSynchronizer$ConditionObject.awaitNanos(AbstractQueuedSynchronizer.java:2078)&#10;        at org.eclipse.jetty.util.BlockingArrayQueue.poll(BlockingArrayQueue.java:392)&#10;        at org.eclipse.jetty.util.thread.QueuedThreadPool.idleJobPoll(QueuedThreadPool.java:563)&#10;        at org.eclipse.jetty.util.thread.QueuedThreadPool.access$800(QueuedThreadPool.java:48)&#10;        at org.eclipse.jetty.util.thread.QueuedThreadPool$2.run(QueuedThreadPool.java:626)&#10;        at java.lang.Thread.run(Thread.java:748)&#10;&quot;pool-176-thread-46&quot;  prio=5 tid=2125 in Object.wait()&#10;java.lang.Thread.State: WAITING (on object monitor)&#10;        at sun.misc.Unsafe.park(Native Method)&#10;        at java.util.concurrent.locks.LockSupport.park(LockSupport.java:175)&#10;        at java.util.concurrent.locks.AbstractQueuedSynchronizer$ConditionObject.await(AbstractQueuedSynchronizer.java:2039)&#10;        at java.util.concurrent.ArrayBlockingQueue.take(ArrayBlockingQueue.java:403)&#10;        at java.util.concurrent.ThreadPoolExecutor.getTask(ThreadPoolExecutor.java:1074)&#10;        at java.util.concurrent.ThreadPoolExecutor.runWorker(ThreadPoolExecutor.java:1134)&#10;        at java.util.concurrent.ThreadPoolExecutor$Worker.run(ThreadPoolExecutor.java:624)&#10;        at java.lang.Thread.run(Thread.java:748)&#10;&quot;IPC Server handler 1 on 35803&quot; daemon prio=5 tid=1923 timed_waiting&#10;java.lang.Thread.State: TIMED_WAITING&#10;        at sun.misc.Unsafe.park(Native Method)&#10;        at java.util.concurrent.locks.LockSupport.parkNanos(LockSupport.java:215)&#10;        at java.util.concurrent.locks.AbstractQueuedSynchronizer$ConditionObject.awaitNanos(AbstractQueuedSynchronizer.java:2078)&#10;        at java.util.concurrent.LinkedBlockingQueue.poll(LinkedBlockingQueue.java:467)&#10;        at org.apache.hadoop.ipc.CallQueueManager.take(CallQueueManager.java:288)&#10;        at org.apache.hadoop.ipc.Server$Handler.run(Server.java:2668)&#10;&quot;metrics-hadoop-metrics2-reporter-95-thread-1&quot; daemon prio=5 tid=1829 timed_waiting&#10;java.lang.Thread.State: TIMED_WAITING&#10;        at sun.misc.Unsafe.park(Native Method)&#10;        at java.util.concurrent.locks.LockSupport.parkNanos(LockSupport.java:215)&#10;        at java.util.concurrent.locks.AbstractQueuedSynchronizer$ConditionObject.awaitNanos(AbstractQueuedSynchronizer.java:2078)&#10;        at java.util.concurrent.ScheduledThreadPoolExecutor$DelayedWorkQueue.take(ScheduledThreadPoolExecutor.java:1093)&#10;        at java.util.concurrent.ScheduledThreadPoolExecutor$DelayedWorkQueue.take(ScheduledThreadPoolExecutor.java:809)&#10;        at java.util.concurrent.ThreadPoolExecutor.getTask(ThreadPoolExecutor.java:1074)&#10;        at java.util.concurrent.ThreadPoolExecutor.runWorker(ThreadPoolExecutor.java:1134)&#10;        at java.util.concurrent.ThreadPoolExecutor$Worker.run(ThreadPoolExecutor.java:624)&#10;        at java.lang.Thread.run(Thread.java:748)&#10;&quot;IPC Server Responder&quot; daemon prio=5 tid=1878 runnable&#10;java.lang.Thread.State: RUNNABLE&#10;        at sun.nio.ch.EPollArrayWrapper.epollWait(Native Method)&#10;        at sun.nio.ch.EPollArrayWrapper.poll(EPollArrayWrapper.java:269)&#10;        at sun.nio.ch.EPollSelectorImpl.doSelect(EPollSelectorImpl.java:93)&#10;        at sun.nio.ch.SelectorImpl.lockAndDoSelect(SelectorImpl.java:86)&#10;        at sun.nio.ch.SelectorImpl.select(SelectorImpl.java:97)&#10;        at org.apache.hadoop.ipc.Server$Responder.doRunLoop(Server.java:1334)&#10;        at org.apache.hadoop.ipc.Server$Responder.run(Server.java:1317)&#10;&quot;Datanode ReportManager Thread - 2&quot; daemon prio=5 tid=742 timed_waiting&#10;java.lang.Thread.State: TIMED_WAITING&#10;        at sun.misc.Unsafe.park(Native Method)&#10;        at java.util.concurrent.locks.LockSupport.parkNanos(LockSupport.java:215)&#10;        at java.util.concurrent.locks.AbstractQueuedSynchronizer$ConditionObject.awaitNanos(AbstractQueuedSynchronizer.java:2078)&#10;        at java.util.concurrent.ScheduledThreadPoolExecutor$DelayedWorkQueue.take(ScheduledThreadPoolExecutor.java:1093)&#10;        at java.util.concurrent.ScheduledThreadPoolExecutor$DelayedWorkQueue.take(ScheduledThreadPoolExecutor.java:809)&#10;        at java.util.concurrent.ThreadPoolExecutor.getTask(ThreadPoolExecutor.java:1074)&#10;        at java.util.concurrent.ThreadPoolExecutor.runWorker(ThreadPoolExecutor.java:1134)&#10;        at java.util.concurrent.ThreadPoolExecutor$Worker.run(ThreadPoolExecutor.java:624)&#10;        at java.lang.Thread.run(Thread.java:748)&#10;&quot;IPC Server Responder&quot; daemon prio=5 tid=1870 runnable&#10;java.lang.Thread.State: RUNNABLE&#10;        at sun.nio.ch.EPollArrayWrapper.epollWait(Native Method)&#10;        at sun.nio.ch.EPollArrayWrapper.poll(EPollArrayWrapper.java:269)&#10;        at sun.nio.ch.EPollSelectorImpl.doSelect(EPollSelectorImpl.java:93)&#10;        at sun.nio.ch.SelectorImpl.lockAndDoSelect(SelectorImpl.java:86)&#10;        at sun.nio.ch.SelectorImpl.select(SelectorImpl.java:97)&#10;        at org.apache.hadoop.ipc.Server$Responder.doRunLoop(Server.java:1334)&#10;        at org.apache.hadoop.ipc.Server$Responder.run(Server.java:1317)&#10;&quot;qtp1664093259-2036&quot; daemon prio=5 tid=2036 timed_waiting&#10;java.lang.Thread.State: TIMED_WAITING&#10;        at sun.misc.Unsafe.park(Native Method)&#10;        at java.util.concurrent.locks.LockSupport.parkNanos(LockSupport.java:215)&#10;        at java.util.concurrent.locks.AbstractQueuedSynchronizer$ConditionObject.awaitNanos(AbstractQueuedSynchronizer.java:2078)&#10;        at org.eclipse.jetty.util.BlockingArrayQueue.poll(BlockingArrayQueue.java:392)&#10;        at org.eclipse.jetty.util.thread.QueuedThreadPool.idleJobPoll(QueuedThreadPool.java:563)&#10;        at org.eclipse.jetty.util.thread.QueuedThreadPool.access$800(QueuedThreadPool.java:48)&#10;        at org.eclipse.jetty.util.thread.QueuedThreadPool$2.run(QueuedThreadPool.java:626)&#10;        at java.lang.Thread.run(Thread.java:748)&#10;&quot;surefire-forkedjvm-command-thread&quot; daemon prio=5 tid=8 runnable&#10;java.lang.Thread.State: RUNNABLE&#10;        at java.io.FileInputStream.readBytes(Native Method)&#10;        at java.io.FileInputStream.read(FileInputStream.java:255)&#10;        at java.io.BufferedInputStream.fill(BufferedInputStream.java:246)&#10;        at java.io.BufferedInputStream.read(BufferedInputStream.java:265)&#10;        at java.io.DataInputStream.readInt(DataInputStream.java:387)&#10;        at org.apache.maven.surefire.booter.MasterProcessCommand.decode(MasterProcessCommand.java:115)&#10;        at org.apache.maven.surefire.booter.CommandReader$CommandRunnable.run(CommandReader.java:390)&#10;        at java.lang.Thread.run(Thread.java:748)&#10;&quot;metrics-hadoop-metrics2-reporter-49-thread-1&quot; daemon prio=5 tid=1017 timed_waiting&#10;java.lang.Thread.State: TIMED_WAITING&#10;        at sun.misc.Unsafe.park(Native Method)&#10;        at java.util.concurrent.locks.LockSupport.parkNanos(LockSupport.java:215)&#10;        at java.util.concurrent.locks.AbstractQueuedSynchronizer$ConditionObject.awaitNanos(AbstractQueuedSynchronizer.java:2078)&#10;        at java.util.concurrent.ScheduledThreadPoolExecutor$DelayedWorkQueue.take(ScheduledThreadPoolExecutor.java:1093)&#10;        at java.util.concurrent.ScheduledThreadPoolExecutor$DelayedWorkQueue.take(ScheduledThreadPoolExecutor.java:809)&#10;        at java.util.concurrent.ThreadPoolExecutor.getTask(ThreadPoolExecutor.java:1074)&#10;        at java.util.concurrent.ThreadPoolExecutor.runWorker(ThreadPoolExecutor.java:1134)&#10;        at java.util.concurrent.ThreadPoolExecutor$Worker.run(ThreadPoolExecutor.java:624)&#10;        at java.lang.Thread.run(Thread.java:748)&#10;&quot;metrics-hadoop-metrics2-reporter-19-thread-1&quot; daemon prio=5 tid=485 timed_waiting&#10;java.lang.Thread.State: TIMED_WAITING&#10;        at sun.misc.Unsafe.park(Native Method)&#10;        at java.util.concurrent.locks.LockSupport.parkNanos(LockSupport.java:215)&#10;        at java.util.concurrent.locks.AbstractQueuedSynchronizer$ConditionObject.awaitNanos(AbstractQueuedSynchronizer.java:2078)&#10;        at java.util.concurrent.ScheduledThreadPoolExecutor$DelayedWorkQueue.take(ScheduledThreadPoolExecutor.java:1093)&#10;        at java.util.concurrent.ScheduledThreadPoolExecutor$DelayedWorkQueue.take(ScheduledThreadPoolExecutor.java:809)&#10;        at java.util.concurrent.ThreadPoolExecutor.getTask(ThreadPoolExecutor.java:1074)&#10;        at java.util.concurrent.ThreadPoolExecutor.runWorker(ThreadPoolExecutor.java:1134)&#10;        at java.util.concurrent.ThreadPoolExecutor$Worker.run(ThreadPoolExecutor.java:624)&#10;        at java.lang.Thread.run(Thread.java:748)&#10;&quot;metrics-hadoop-metrics2-reporter-96-thread-1&quot; daemon prio=5 tid=1831 timed_waiting&#10;java.lang.Thread.State: TIMED_WAITING&#10;        at sun.misc.Unsafe.park(Native Method)&#10;        at java.util.concurrent.locks.LockSupport.parkNanos(LockSupport.java:215)&#10;        at java.util.concurrent.locks.AbstractQueuedSynchronizer$ConditionObject.awaitNanos(AbstractQueuedSynchronizer.java:2078)&#10;        at java.util.concurrent.ScheduledThreadPoolExecutor$DelayedWorkQueue.take(ScheduledThreadPoolExecutor.java:1093)&#10;        at java.util.concurrent.ScheduledThreadPoolExecutor$DelayedWorkQueue.take(ScheduledThreadPoolExecutor.java:809)&#10;        at java.util.concurrent.ThreadPoolExecutor.getTask(ThreadPoolExecutor.java:1074)&#10;        at java.util.concurrent.ThreadPoolExecutor.runWorker(ThreadPoolExecutor.java:1134)&#10;        at java.util.concurrent.ThreadPoolExecutor$Worker.run(ThreadPoolExecutor.java:624)&#10;        at java.lang.Thread.run(Thread.java:748)&#10;&quot;metrics-hadoop-metrics2-reporter-126-thread-1&quot; daemon prio=5 tid=2487 timed_waiting&#10;java.lang.Thread.State: TIMED_WAITING&#10;        at sun.misc.Unsafe.park(Native Method)&#10;        at java.util.concurrent.locks.LockSupport.parkNanos(LockSupport.java:215)&#10;        at java.util.concurrent.locks.AbstractQueuedSynchronizer$ConditionObject.awaitNanos(AbstractQueuedSynchronizer.java:2078)&#10;        at java.util.concurrent.ScheduledThreadPoolExecutor$DelayedWorkQueue.take(ScheduledThreadPoolExecutor.java:1093)&#10;        at java.util.concurrent.ScheduledThreadPoolExecutor$DelayedWorkQueue.take(ScheduledThreadPoolExecutor.java:809)&#10;        at java.util.concurrent.ThreadPoolExecutor.getTask(ThreadPoolExecutor.java:1074)&#10;        at java.util.concurrent.ThreadPoolExecutor.runWorker(ThreadPoolExecutor.java:1134)&#10;        at java.util.concurrent.ThreadPoolExecutor$Worker.run(ThreadPoolExecutor.java:624)&#10;        at java.lang.Thread.run(Thread.java:748)&#10;&quot;metrics-hadoop-metrics2-reporter-31-thread-1&quot; daemon prio=5 tid=956 timed_waiting&#10;java.lang.Thread.State: TIMED_WAITING&#10;        at sun.misc.Unsafe.park(Native Method)&#10;        at java.util.concurrent.locks.LockSupport.parkNanos(LockSupport.java:215)&#10;        at java.util.concurrent.locks.AbstractQueuedSynchronizer$ConditionObject.awaitNanos(AbstractQueuedSynchronizer.java:2078)&#10;        at java.util.concurrent.ScheduledThreadPoolExecutor$DelayedWorkQueue.take(ScheduledThreadPoolExecutor.java:1093)&#10;        at java.util.concurrent.ScheduledThreadPoolExecutor$DelayedWorkQueue.take(ScheduledThreadPoolExecutor.java:809)&#10;        at java.util.concurrent.ThreadPoolExecutor.getTask(ThreadPoolExecutor.java:1074)&#10;        at java.util.concurrent.ThreadPoolExecutor.runWorker(ThreadPoolExecutor.java:1134)&#10;        at java.util.concurrent.ThreadPoolExecutor$Worker.run(ThreadPoolExecutor.java:624)&#10;        at java.lang.Thread.run(Thread.java:748)&#10;&quot;pool-176-thread-6&quot;  prio=5 tid=2085 in Object.wait()&#10;java.lang.Thread.State: WAITING (on object monitor)&#10;        at sun.misc.Unsafe.park(Native Method)&#10;        at java.util.concurrent.locks.LockSupport.park(LockSupport.java:175)&#10;        at java.util.concurrent.locks.AbstractQueuedSynchronizer$ConditionObject.await(AbstractQueuedSynchronizer.java:2039)&#10;        at java.util.concurrent.ArrayBlockingQueue.take(ArrayBlockingQueue.java:403)&#10;        at java.util.concurrent.ThreadPoolExecutor.getTask(ThreadPoolExecutor.java:1074)&#10;        at java.util.concurrent.ThreadPoolExecutor.runWorker(ThreadPoolExecutor.java:1134)&#10;        at java.util.concurrent.ThreadPoolExecutor$Worker.run(ThreadPoolExecutor.java:624)&#10;        at java.lang.Thread.run(Thread.java:748)&#10;&quot;IPC Server idle connection scanner for port 44019&quot; daemon prio=5 tid=1961 timed_waiting&#10;java.lang.Thread.State: TIMED_WAITING&#10;        at java.lang.Object.wait(Native Method)&#10;        at java.util.TimerThread.mainLoop(Timer.java:552)&#10;        at java.util.TimerThread.run(Timer.java:505)&#10;&quot;IPC Server handler 5 on 43940&quot; daemon prio=5 tid=1887 timed_waiting&#10;java.lang.Thread.State: TIMED_WAITING&#10;        at sun.misc.Unsafe.park(Native Method)&#10;        at java.util.concurrent.locks.LockSupport.parkNanos(LockSupport.java:215)&#10;        at java.util.concurrent.locks.AbstractQueuedSynchronizer$ConditionObject.awaitNanos(AbstractQueuedSynchronizer.java:2078)&#10;        at java.util.concurrent.LinkedBlockingQueue.poll(LinkedBlockingQueue.java:467)&#10;        at org.apache.hadoop.ipc.CallQueueManager.take(CallQueueManager.java:288)&#10;        at org.apache.hadoop.ipc.Server$Handler.run(Server.java:2668)&#10;&quot;pool-176-thread-4&quot;  prio=5 tid=2083 in Object.wait()&#10;java.lang.Thread.State: WAITING (on object monitor)&#10;        at sun.misc.Unsafe.park(Native Method)&#10;        at java.util.concurrent.locks.LockSupport.park(LockSupport.java:175)&#10;        at java.util.concurrent.locks.AbstractQueuedSynchronizer$ConditionObject.await(AbstractQueuedSynchronizer.java:2039)&#10;        at java.util.concurrent.ArrayBlockingQueue.take(ArrayBlockingQueue.java:403)&#10;        at java.util.concurrent.ThreadPoolExecutor.getTask(ThreadPoolExecutor.java:1074)&#10;        at java.util.concurrent.ThreadPoolExecutor.runWorker(ThreadPoolExecutor.java:1134)&#10;        at java.util.concurrent.ThreadPoolExecutor$Worker.run(ThreadPoolExecutor.java:624)&#10;        at java.lang.Thread.run(Thread.java:748)&#10;&quot;pool-176-thread-45&quot;  prio=5 tid=2124 in Object.wait()&#10;java.lang.Thread.State: WAITING (on object monitor)&#10;        at sun.misc.Unsafe.park(Native Method)&#10;        at java.util.concurrent.locks.LockSupport.park(LockSupport.java:175)&#10;        at java.util.concurrent.locks.AbstractQueuedSynchronizer$ConditionObject.await(AbstractQueuedSynchronizer.java:2039)&#10;        at java.util.concurrent.ArrayBlockingQueue.take(ArrayBlockingQueue.java:403)&#10;        at java.util.concurrent.ThreadPoolExecutor.getTask(ThreadPoolExecutor.java:1074)&#10;        at java.util.concurrent.ThreadPoolExecutor.runWorker(ThreadPoolExecutor.java:1134)&#10;        at java.util.concurrent.ThreadPoolExecutor$Worker.run(ThreadPoolExecutor.java:624)&#10;        at java.lang.Thread.run(Thread.java:748)&#10;&quot;pool-176-thread-48&quot;  prio=5 tid=2127 in Object.wait()&#10;java.lang.Thread.State: WAITING (on object monitor)&#10;        at sun.misc.Unsafe.park(Native Method)&#10;        at java.util.concurrent.locks.LockSupport.park(LockSupport.java:175)&#10;        at java.util.concurrent.locks.AbstractQueuedSynchronizer$ConditionObject.await(AbstractQueuedSynchronizer.java:2039)&#10;        at java.util.concurrent.ArrayBlockingQueue.take(ArrayBlockingQueue.java:403)&#10;        at java.util.concurrent.ThreadPoolExecutor.getTask(ThreadPoolExecutor.java:1074)&#10;        at java.util.concurrent.ThreadPoolExecutor.runWorker(ThreadPoolExecutor.java:1134)&#10;        at java.util.concurrent.ThreadPoolExecutor$Worker.run(ThreadPoolExecutor.java:624)&#10;        at java.lang.Thread.run(Thread.java:748)&#10;&quot;qtp1821228886-2007-acceptor-0@7e9932bc-ServerConnector@46039a21{HTTP/1.1,[http/1.1]}{0.0.0.0:35466}&quot; daemon prio=3 tid=2007 runnable&#10;java.lang.Thread.State: RUNNABLE&#10;        at sun.nio.ch.ServerSocketChannelImpl.accept0(Native Method)&#10;        at sun.nio.ch.ServerSocketChannelImpl.accept(ServerSocketChannelImpl.java:422)&#10;        at sun.nio.ch.ServerSocketChannelImpl.accept(ServerSocketChannelImpl.java:250)&#10;        at org.eclipse.jetty.server.ServerConnector.accept(ServerConnector.java:397)&#10;        at org.eclipse.jetty.server.AbstractConnector$Acceptor.run(AbstractConnector.java:601)&#10;        at org.eclipse.jetty.util.thread.QueuedThreadPool.runJob(QueuedThreadPool.java:671)&#10;        at org.eclipse.jetty.util.thread.QueuedThreadPool$2.run(QueuedThreadPool.java:589)&#10;        at java.lang.Thread.run(Thread.java:748)&#10;&quot;pool-196-thread-58&quot;  prio=5 tid=2262 in Object.wait()&#10;java.lang.Thread.State: WAITING (on object monitor)&#10;        at sun.misc.Unsafe.park(Native Method)&#10;        at java.util.concurrent.locks.LockSupport.park(LockSupport.java:175)&#10;        at java.util.concurrent.locks.AbstractQueuedSynchronizer$ConditionObject.await(AbstractQueuedSynchronizer.java:2039)&#10;        at java.util.concurrent.ArrayBlockingQueue.take(ArrayBlockingQueue.java:403)&#10;        at java.util.concurrent.ThreadPoolExecutor.getTask(ThreadPoolExecutor.java:1074)&#10;        at java.util.concurrent.ThreadPoolExecutor.runWorker(ThreadPoolExecutor.java:1134)&#10;        at java.util.concurrent.ThreadPoolExecutor$Worker.run(ThreadPoolExecutor.java:624)&#10;        at java.lang.Thread.run(Thread.java:748)&#10;&quot;org.apache.hadoop.util.JvmPauseMonitor$Monitor@581b72c5&quot; daemon prio=5 tid=2023 timed_waiting&#10;java.lang.Thread.State: TIMED_WAITING&#10;        at java.lang.Thread.sleep(Native Method)&#10;        at org.apache.hadoop.util.JvmPauseMonitor$Monitor.run(JvmPauseMonitor.java:192)&#10;        at java.lang.Thread.run(Thread.java:748)&#10;&quot;IPC Server handler 9 on 44019&quot; daemon prio=5 tid=1975 timed_waiting&#10;java.lang.Thread.State: TIMED_WAITING&#10;        at sun.misc.Unsafe.park(Native Method)&#10;        at java.util.concurrent.locks.LockSupport.parkNanos(LockSupport.java:215)&#10;        at java.util.concurrent.locks.AbstractQueuedSynchronizer$ConditionObject.awaitNanos(AbstractQueuedSynchronizer.java:2078)&#10;        at java.util.concurrent.LinkedBlockingQueue.poll(LinkedBlockingQueue.java:467)&#10;        at org.apache.hadoop.ipc.CallQueueManager.take(CallQueueManager.java:288)&#10;        at org.apache.hadoop.ipc.Server$Handler.run(Server.java:2668)&#10;&quot;metrics-hadoop-metrics2-reporter-91-thread-1&quot; daemon prio=5 tid=1818 timed_waiting&#10;java.lang.Thread.State: TIMED_WAITING&#10;        at sun.misc.Unsafe.park(Native Method)&#10;        at java.util.concurrent.locks.LockSupport.parkNanos(LockSupport.java:215)&#10;        at java.util.concurrent.locks.AbstractQueuedSynchronizer$ConditionObject.awaitNanos(AbstractQueuedSynchronizer.java:2078)&#10;        at java.util.concurrent.ScheduledThreadPoolExecutor$DelayedWorkQueue.take(ScheduledThreadPoolExecutor.java:1093)&#10;        at java.util.concurrent.ScheduledThreadPoolExecutor$DelayedWorkQueue.take(ScheduledThreadPoolExecutor.java:809)&#10;        at java.util.concurrent.ThreadPoolExecutor.getTask(ThreadPoolExecutor.java:1074)&#10;        at java.util.concurrent.ThreadPoolExecutor.runWorker(ThreadPoolExecutor.java:1134)&#10;        at java.util.concurrent.ThreadPoolExecutor$Worker.run(ThreadPoolExecutor.java:624)&#10;        at java.lang.Thread.run(Thread.java:748)&#10;&quot;Datanode ReportManager Thread - 1&quot; daemon prio=5 tid=714 timed_waiting&#10;java.lang.Thread.State: TIMED_WAITING&#10;        at sun.misc.Unsafe.park(Native Method)&#10;        at java.util.concurrent.locks.LockSupport.parkNanos(LockSupport.java:215)&#10;        at java.util.concurrent.locks.AbstractQueuedSynchronizer$ConditionObject.awaitNanos(AbstractQueuedSynchronizer.java:2078)&#10;        at java.util.concurrent.ScheduledThreadPoolExecutor$DelayedWorkQueue.take(ScheduledThreadPoolExecutor.java:1093)&#10;        at java.util.concurrent.ScheduledThreadPoolExecutor$DelayedWorkQueue.take(ScheduledThreadPoolExecutor.java:809)&#10;        at java.util.concurrent.ThreadPoolExecutor.getTask(ThreadPoolExecutor.java:1074)&#10;        at java.util.concurrent.ThreadPoolExecutor.runWorker(ThreadPoolExecutor.java:1134)&#10;        at java.util.concurrent.ThreadPoolExecutor$Worker.run(ThreadPoolExecutor.java:624)&#10;        at java.lang.Thread.run(Thread.java:748)&#10;&quot;IPC Server handler 14 on 44019&quot; daemon prio=5 tid=1980 timed_waiting&#10;java.lang.Thread.State: TIMED_WAITING&#10;        at sun.misc.Unsafe.park(Native Method)&#10;        at java.util.concurrent.locks.LockSupport.parkNanos(LockSupport.java:215)&#10;        at java.util.concurrent.locks.AbstractQueuedSynchronizer$ConditionObject.awaitNanos(AbstractQueuedSynchronizer.java:2078)&#10;        at java.util.concurrent.LinkedBlockingQueue.poll(LinkedBlockingQueue.java:467)&#10;        at org.apache.hadoop.ipc.CallQueueManager.take(CallQueueManager.java:288)&#10;        at org.apache.hadoop.ipc.Server$Handler.run(Server.java:2668)&#10;&quot;IPC Server handler 9 on 43940&quot; daemon prio=5 tid=1891 timed_waiting&#10;java.lang.Thread.State: TIMED_WAITING&#10;        at sun.misc.Unsafe.park(Native Method)&#10;        at java.util.concurrent.locks.LockSupport.parkNanos(LockSupport.java:215)&#10;        at java.util.concurrent.locks.AbstractQueuedSynchronizer$ConditionObject.awaitNanos(AbstractQueuedSynchronizer.java:2078)&#10;        at java.util.concurrent.LinkedBlockingQueue.poll(LinkedBlockingQueue.java:467)&#10;        at org.apache.hadoop.ipc.CallQueueManager.take(CallQueueManager.java:288)&#10;        at org.apache.hadoop.ipc.Server$Handler.run(Server.java:2668)&#10;&quot;EventQueue-NodeRegistrationContainerReportForDataNodeSafeModeRule&quot; daemon prio=5 tid=2270 in Object.wait()&#10;java.lang.Thread.State: WAITING (on object monitor)&#10;        at sun.misc.Unsafe.park(Native Method)&#10;        at java.util.concurrent.locks.LockSupport.park(LockSupport.java:175)&#10;        at java.util.concurrent.locks.AbstractQueuedSynchronizer$ConditionObject.await(AbstractQueuedSynchronizer.java:2039)&#10;        at java.util.concurrent.LinkedBlockingQueue.take(LinkedBlockingQueue.java:442)&#10;        at java.util.concurrent.ThreadPoolExecutor.getTask(ThreadPoolExecutor.java:1074)&#10;        at java.util.concurrent.ThreadPoolExecutor.runWorker(ThreadPoolExecutor.java:1134)&#10;        at java.util.concurrent.ThreadPoolExecutor$Worker.run(ThreadPoolExecutor.java:624)&#10;        at java.lang.Thread.run(Thread.java:748)&#10;&quot;metrics-hadoop-metrics2-reporter-85-thread-1&quot; daemon prio=5 tid=1657 timed_waiting&#10;java.lang.Thread.State: TIMED_WAITING&#10;        at sun.misc.Unsafe.park(Native Method)&#10;        at java.util.concurrent.locks.LockSupport.parkNanos(LockSupport.java:215)&#10;        at java.util.concurrent.locks.AbstractQueuedSynchronizer$ConditionObject.awaitNanos(AbstractQueuedSynchronizer.java:2078)&#10;        at java.util.concurrent.ScheduledThreadPoolExecutor$DelayedWorkQueue.take(ScheduledThreadPoolExecutor.java:1093)&#10;        at java.util.concurrent.ScheduledThreadPoolExecutor$DelayedWorkQueue.take(ScheduledThreadPoolExecutor.java:809)&#10;        at java.util.concurrent.ThreadPoolExecutor.getTask(ThreadPoolExecutor.java:1074)&#10;        at java.util.concurrent.ThreadPoolExecutor.runWorker(ThreadPoolExecutor.java:1134)&#10;        at java.util.concurrent.ThreadPoolExecutor$Worker.run(ThreadPoolExecutor.java:624)&#10;        at java.lang.Thread.run(Thread.java:748)&#10;&quot;pool-196-thread-53&quot;  prio=5 tid=2257 in Object.wait()&#10;java.lang.Thread.State: WAITING (on object monitor)&#10;        at sun.misc.Unsafe.park(Native Method)&#10;        at java.util.concurrent.locks.LockSupport.park(LockSupport.java:175)&#10;        at java.util.concurrent.locks.AbstractQueuedSynchronizer$ConditionObject.await(AbstractQueuedSynchronizer.java:2039)&#10;        at java.util.concurrent.ArrayBlockingQueue.take(ArrayBlockingQueue.java:403)&#10;        at java.util.concurrent.ThreadPoolExecutor.getTask(ThreadPoolExecutor.java:1074)&#10;        at java.util.concurrent.ThreadPoolExecutor.runWorker(ThreadPoolExecutor.java:1134)&#10;        at java.util.concurrent.ThreadPoolExecutor$Worker.run(ThreadPoolExecutor.java:624)&#10;        at java.lang.Thread.run(Thread.java:748)&#10;&quot;pool-186-thread-10&quot;  prio=5 tid=2152 in Object.wait()&#10;java.lang.Thread.State: WAITING (on object monitor)&#10;        at sun.misc.Unsafe.park(Native Method)&#10;        at java.util.concurrent.locks.LockSupport.park(LockSupport.java:175)&#10;        at java.util.concurrent.locks.AbstractQueuedSynchronizer$ConditionObject.await(AbstractQueuedSynchronizer.java:2039)&#10;        at java.util.concurrent.ArrayBlockingQueue.take(ArrayBlockingQueue.java:403)&#10;        at java.util.concurrent.ThreadPoolExecutor.getTask(ThreadPoolExecutor.java:1074)&#10;        at java.util.concurrent.ThreadPoolExecutor.runWorker(ThreadPoolExecutor.java:1134)&#10;        at java.util.concurrent.ThreadPoolExecutor$Worker.run(ThreadPoolExecutor.java:624)&#10;        at java.lang.Thread.run(Thread.java:748)&#10;&quot;IPC Server handler 9 on 35803&quot; daemon prio=5 tid=1931 timed_waiting&#10;java.lang.Thread.State: TIMED_WAITING&#10;        at sun.misc.Unsafe.park(Native Method)&#10;        at java.util.concurrent.locks.LockSupport.parkNanos(LockSupport.java:215)&#10;        at java.util.concurrent.locks.AbstractQueuedSynchronizer$ConditionObject.awaitNanos(AbstractQueuedSynchronizer.java:2078)&#10;        at java.util.concurrent.LinkedBlockingQueue.poll(LinkedBlockingQueue.java:467)&#10;        at org.apache.hadoop.ipc.CallQueueManager.take(CallQueueManager.java:288)&#10;        at org.apache.hadoop.ipc.Server$Handler.run(Server.java:2668)&#10;&quot;metrics-hadoop-metrics2-reporter-108-thread-1&quot; daemon prio=5 tid=2303 timed_waiting&#10;java.lang.Thread.State: TIMED_WAITING&#10;        at sun.misc.Unsafe.park(Native Method)&#10;        at java.util.concurrent.locks.LockSupport.parkNanos(LockSupport.java:215)&#10;        at java.util.concurrent.locks.AbstractQueuedSynchronizer$ConditionObject.awaitNanos(AbstractQueuedSynchronizer.java:2078)&#10;        at java.util.concurrent.ScheduledThreadPoolExecutor$DelayedWorkQueue.take(ScheduledThreadPoolExecutor.java:1093)&#10;        at java.util.concurrent.ScheduledThreadPoolExecutor$DelayedWorkQueue.take(ScheduledThreadPoolExecutor.java:809)&#10;        at java.util.concurrent.ThreadPoolExecutor.getTask(ThreadPoolExecutor.java:1074)&#10;        at java.util.concurrent.ThreadPoolExecutor.runWorker(ThreadPoolExecutor.java:1134)&#10;        at java.util.concurrent.ThreadPoolExecutor$Worker.run(ThreadPoolExecutor.java:624)&#10;        at java.lang.Thread.run(Thread.java:748)&#10;&quot;BlockDeletingService#0&quot; daemon prio=5 tid=2141 timed_waiting&#10;java.lang.Thread.State: TIMED_WAITING&#10;        at sun.misc.Unsafe.park(Native Method)&#10;        at java.util.concurrent.locks.LockSupport.parkNanos(LockSupport.java:215)&#10;        at java.util.concurrent.locks.AbstractQueuedSynchronizer$ConditionObject.awaitNanos(AbstractQueuedSynchronizer.java:2078)&#10;        at java.util.concurrent.ScheduledThreadPoolExecutor$DelayedWorkQueue.take(ScheduledThreadPoolExecutor.java:1093)&#10;        at java.util.concurrent.ScheduledThreadPoolExecutor$DelayedWorkQueue.take(ScheduledThreadPoolExecutor.java:809)&#10;        at java.util.concurrent.ThreadPoolExecutor.getTask(ThreadPoolExecutor.java:1074)&#10;        at java.util.concurrent.ThreadPoolExecutor.runWorker(ThreadPoolExecutor.java:1134)&#10;        at java.util.concurrent.ThreadPoolExecutor$Worker.run(ThreadPoolExecutor.java:624)&#10;        at java.lang.Thread.run(Thread.java:748)&#10;&quot;metrics-hadoop-metrics2-reporter-2-thread-1&quot; daemon prio=5 tid=438 timed_waiting&#10;java.lang.Thread.State: TIMED_WAITING&#10;        at sun.misc.Unsafe.park(Native Method)&#10;        at java.util.concurrent.locks.LockSupport.parkNanos(LockSupport.java:215)&#10;        at java.util.concurrent.locks.AbstractQueuedSynchronizer$ConditionObject.awaitNanos(AbstractQueuedSynchronizer.java:2078)&#10;        at java.util.concurrent.ScheduledThreadPoolExecutor$DelayedWorkQueue.take(ScheduledThreadPoolExecutor.java:1093)&#10;        at java.util.concurrent.ScheduledThreadPoolExecutor$DelayedWorkQueue.take(ScheduledThreadPoolExecutor.java:809)&#10;        at java.util.concurrent.ThreadPoolExecutor.getTask(ThreadPoolExecutor.java:1074)&#10;        at java.util.concurrent.ThreadPoolExecutor.runWorker(ThreadPoolExecutor.java:1134)&#10;        at java.util.concurrent.ThreadPoolExecutor$Worker.run(ThreadPoolExecutor.java:624)&#10;        at java.lang.Thread.run(Thread.java:748)&#10;&quot;IPC Server handler 14 on 35803&quot; daemon prio=5 tid=1936 timed_waiting&#10;java.lang.Thread.State: TIMED_WAITING&#10;        at sun.misc.Unsafe.park(Native Method)&#10;        at java.util.concurrent.locks.LockSupport.parkNanos(LockSupport.java:215)&#10;        at java.util.concurrent.locks.AbstractQueuedSynchronizer$ConditionObject.awaitNanos(AbstractQueuedSynchronizer.java:2078)&#10;        at java.util.concurrent.LinkedBlockingQueue.poll(LinkedBlockingQueue.java:467)&#10;        at org.apache.hadoop.ipc.CallQueueManager.take(CallQueueManager.java:288)&#10;        at org.apache.hadoop.ipc.Server$Handler.run(Server.java:2668)&#10;&quot;metrics-hadoop-metrics2-reporter-62-thread-1&quot; daemon prio=5 tid=1152 timed_waiting&#10;java.lang.Thread.State: TIMED_WAITING&#10;        at sun.misc.Unsafe.park(Native Method)&#10;        at java.util.concurrent.locks.LockSupport.parkNanos(LockSupport.java:215)&#10;        at java.util.concurrent.locks.AbstractQueuedSynchronizer$ConditionObject.awaitNanos(AbstractQueuedSynchronizer.java:2078)&#10;        at java.util.concurrent.ScheduledThreadPoolExecutor$DelayedWorkQueue.take(ScheduledThreadPoolExecutor.java:1093)&#10;        at java.util.concurrent.ScheduledThreadPoolExecutor$DelayedWorkQueue.take(ScheduledThreadPoolExecutor.java:809)&#10;        at java.util.concurrent.ThreadPoolExecutor.getTask(ThreadPoolExecutor.java:1074)&#10;        at java.util.concurrent.ThreadPoolExecutor.runWorker(ThreadPoolExecutor.java:1134)&#10;        at java.util.concurrent.ThreadPoolExecutor$Worker.run(ThreadPoolExecutor.java:624)&#10;        at java.lang.Thread.run(Thread.java:748)&#10;&quot;IPC Server handler 12 on 35803&quot; daemon prio=5 tid=1934 timed_waiting&#10;java.lang.Thread.State: TIMED_WAITING&#10;        at sun.misc.Unsafe.park(Native Method)&#10;        at java.util.concurrent.locks.LockSupport.parkNanos(LockSupport.java:215)&#10;        at java.util.concurrent.locks.AbstractQueuedSynchronizer$ConditionObject.awaitNanos(AbstractQueuedSynchronizer.java:2078)&#10;        at java.util.concurrent.LinkedBlockingQueue.poll(LinkedBlockingQueue.java:467)&#10;        at org.apache.hadoop.ipc.CallQueueManager.take(CallQueueManager.java:288)&#10;        at org.apache.hadoop.ipc.Server$Handler.run(Server.java:2668)&#10;&quot;pool-196-thread-9&quot;  prio=5 tid=2213 in Object.wait()&#10;java.lang.Thread.State: WAITING (on object monitor)&#10;        at sun.misc.Unsafe.park(Native Method)&#10;        at java.util.concurrent.locks.LockSupport.park(LockSupport.java:175)&#10;        at java.util.concurrent.locks.AbstractQueuedSynchronizer$ConditionObject.await(AbstractQueuedSynchronizer.java:2039)&#10;        at java.util.concurrent.ArrayBlockingQueue.take(ArrayBlockingQueue.java:403)&#10;        at java.util.concurrent.ThreadPoolExecutor.getTask(ThreadPoolExecutor.java:1074)&#10;        at java.util.concurrent.ThreadPoolExecutor.runWorker(ThreadPoolExecutor.java:1134)&#10;        at java.util.concurrent.ThreadPoolExecutor$Worker.run(ThreadPoolExecutor.java:624)&#10;        at java.lang.Thread.run(Thread.java:748)&#10;&quot;EventQueue-PipelineReportForPipelineReportHandler&quot; daemon prio=5 tid=2272 in Object.wait()&#10;java.lang.Thread.State: WAITING (on object monitor)&#10;        at sun.misc.Unsafe.park(Native Method)&#10;        at java.util.concurrent.locks.LockSupport.park(LockSupport.java:175)&#10;        at java.util.concurrent.locks.AbstractQueuedSynchronizer$ConditionObject.await(AbstractQueuedSynchronizer.java:2039)&#10;        at java.util.concurrent.LinkedBlockingQueue.take(LinkedBlockingQueue.java:442)&#10;        at java.util.concurrent.ThreadPoolExecutor.getTask(ThreadPoolExecutor.java:1074)&#10;        at java.util.concurrent.ThreadPoolExecutor.runWorker(ThreadPoolExecutor.java:1134)&#10;        at java.util.concurrent.ThreadPoolExecutor$Worker.run(ThreadPoolExecutor.java:624)&#10;        at java.lang.Thread.run(Thread.java:748)&#10;&quot;IPC Server handler 18 on 37818&quot; daemon prio=5 tid=1920 timed_waiting&#10;java.lang.Thread.State: TIMED_WAITING&#10;        at sun.misc.Unsafe.park(Native Method)&#10;        at java.util.concurrent.locks.LockSupport.parkNanos(LockSupport.java:215)&#10;        at java.util.concurrent.locks.AbstractQueuedSynchronizer$ConditionObject.awaitNanos(AbstractQueuedSynchronizer.java:2078)&#10;        at java.util.concurrent.LinkedBlockingQueue.poll(LinkedBlockingQueue.java:467)&#10;        at org.apache.hadoop.ipc.CallQueueManager.take(CallQueueManager.java:288)&#10;        at org.apache.hadoop.ipc.Server$Handler.run(Server.java:2668)&#10;&quot;IPC Server handler 12 on 43940&quot; daemon prio=5 tid=1894 timed_waiting&#10;java.lang.Thread.State: TIMED_WAITING&#10;        at sun.misc.Unsafe.park(Native Method)&#10;        at java.util.concurrent.locks.LockSupport.parkNanos(LockSupport.java:215)&#10;        at java.util.concurrent.locks.AbstractQueuedSynchronizer$ConditionObject.awaitNanos(AbstractQueuedSynchronizer.java:2078)&#10;        at java.util.concurrent.LinkedBlockingQueue.poll(LinkedBlockingQueue.java:467)&#10;        at org.apache.hadoop.ipc.CallQueueManager.take(CallQueueManager.java:288)&#10;        at org.apache.hadoop.ipc.Server$Handler.run(Server.java:2668)&#10;&quot;metrics-hadoop-metrics2-reporter-73-thread-1&quot; daemon prio=5 tid=1621 timed_waiting&#10;java.lang.Thread.State: TIMED_WAITING&#10;        at sun.misc.Unsafe.park(Native Method)&#10;        at java.util.concurrent.locks.LockSupport.parkNanos(LockSupport.java:215)&#10;        at java.util.concurrent.locks.AbstractQueuedSynchronizer$ConditionObject.awaitNanos(AbstractQueuedSynchronizer.java:2078)&#10;        at java.util.concurrent.ScheduledThreadPoolExecutor$DelayedWorkQueue.take(ScheduledThreadPoolExecutor.java:1093)&#10;        at java.util.concurrent.ScheduledThreadPoolExecutor$DelayedWorkQueue.take(ScheduledThreadPoolExecutor.java:809)&#10;        at java.util.concurrent.ThreadPoolExecutor.getTask(ThreadPoolExecutor.java:1074)&#10;        at java.util.concurrent.ThreadPoolExecutor.runWorker(ThreadPoolExecutor.java:1134)&#10;        at java.util.concurrent.ThreadPoolExecutor$Worker.run(ThreadPoolExecutor.java:624)&#10;        at java.lang.Thread.run(Thread.java:748)&#10;&quot;metrics-hadoop-metrics2-reporter-127-thread-1&quot; daemon prio=5 tid=2489 timed_waiting&#10;java.lang.Thread.State: TIMED_WAITING&#10;        at sun.misc.Unsafe.park(Native Method)&#10;        at java.util.concurrent.locks.LockSupport.parkNanos(LockSupport.java:215)&#10;        at java.util.concurrent.locks.AbstractQueuedSynchronizer$ConditionObject.awaitNanos(AbstractQueuedSynchronizer.java:2078)&#10;        at java.util.concurrent.ScheduledThreadPoolExecutor$DelayedWorkQueue.take(ScheduledThreadPoolExecutor.java:1093)&#10;        at java.util.concurrent.ScheduledThreadPoolExecutor$DelayedWorkQueue.take(ScheduledThreadPoolExecutor.java:809)&#10;        at java.util.concurrent.ThreadPoolExecutor.getTask(ThreadPoolExecutor.java:1074)&#10;        at java.util.concurrent.ThreadPoolExecutor.runWorker(ThreadPoolExecutor.java:1134)&#10;        at java.util.concurrent.ThreadPoolExecutor$Worker.run(ThreadPoolExecutor.java:624)&#10;        at java.lang.Thread.run(Thread.java:748)&#10;&quot;Datanode ReportManager Thread - 3&quot; daemon prio=5 tid=2021 in Object.wait()&#10;java.lang.Thread.State: WAITING (on object monitor)&#10;        at sun.misc.Unsafe.park(Native Method)&#10;        at java.util.concurrent.locks.LockSupport.park(LockSupport.java:175)&#10;        at java.util.concurrent.locks.AbstractQueuedSynchronizer$ConditionObject.await(AbstractQueuedSynchronizer.java:2039)&#10;        at java.util.concurrent.ScheduledThreadPoolExecutor$DelayedWorkQueue.take(ScheduledThreadPoolExecutor.java:1088)&#10;        at java.util.concurrent.ScheduledThreadPoolExecutor$DelayedWorkQueue.take(ScheduledThreadPoolExecutor.java:809)&#10;        at java.util.concurrent.ThreadPoolExecutor.getTask(ThreadPoolExecutor.java:1074)&#10;        at java.util.concurrent.ThreadPoolExecutor.runWorker(ThreadPoolExecutor.java:1134)&#10;        at java.util.concurrent.ThreadPoolExecutor$Worker.run(ThreadPoolExecutor.java:624)&#10;        at java.lang.Thread.run(Thread.java:748)&#10;&quot;metrics-hadoop-metrics2-reporter-6-thread-1&quot; daemon prio=5 tid=448 timed_waiting&#10;java.lang.Thread.State: TIMED_WAITING&#10;        at sun.misc.Unsafe.park(Native Method)&#10;        at java.util.concurrent.locks.LockSupport.parkNanos(LockSupport.java:215)&#10;        at java.util.concurrent.locks.AbstractQueuedSynchronizer$ConditionObject.awaitNanos(AbstractQueuedSynchronizer.java:2078)&#10;        at java.util.concurrent.ScheduledThreadPoolExecutor$DelayedWorkQueue.take(ScheduledThreadPoolExecutor.java:1093)&#10;        at java.util.concurrent.ScheduledThreadPoolExecutor$DelayedWorkQueue.take(ScheduledThreadPoolExecutor.java:809)&#10;        at java.util.concurrent.ThreadPoolExecutor.getTask(ThreadPoolExecutor.java:1074)&#10;        at java.util.concurrent.ThreadPoolExecutor.runWorker(ThreadPoolExecutor.java:1134)&#10;        at java.util.concurrent.ThreadPoolExecutor$Worker.run(ThreadPoolExecutor.java:624)&#10;        at java.lang.Thread.run(Thread.java:748)&#10;&quot;Datanode ReportManager Thread - 1&quot; daemon prio=5 tid=2046 in Object.wait()&#10;java.lang.Thread.State: WAITING (on object monitor)&#10;        at sun.misc.Unsafe.park(Native Method)&#10;        at java.util.concurrent.locks.LockSupport.park(LockSupport.java:175)&#10;        at java.util.concurrent.locks.AbstractQueuedSynchronizer$ConditionObject.await(AbstractQueuedSynchronizer.java:2039)&#10;        at java.util.concurrent.ScheduledThreadPoolExecutor$DelayedWorkQueue.take(ScheduledThreadPoolExecutor.java:1088)&#10;        at java.util.concurrent.ScheduledThreadPoolExecutor$DelayedWorkQueue.take(ScheduledThreadPoolExecutor.java:809)&#10;        at java.util.concurrent.ThreadPoolExecutor.getTask(ThreadPoolExecutor.java:1074)&#10;        at java.util.concurrent.ThreadPoolExecutor.runWorker(ThreadPoolExecutor.java:1134)&#10;        at java.util.concurrent.ThreadPoolExecutor$Worker.run(ThreadPoolExecutor.java:624)&#10;        at java.lang.Thread.run(Thread.java:748)&#10;&quot;pool-176-thread-17&quot;  prio=5 tid=2096 in Object.wait()&#10;java.lang.Thread.State: WAITING (on object monitor)&#10;        at sun.misc.Unsafe.park(Native Method)&#10;        at java.util.concurrent.locks.LockSupport.park(LockSupport.java:175)&#10;        at java.util.concurrent.locks.AbstractQueuedSynchronizer$ConditionObject.await(AbstractQueuedSynchronizer.java:2039)&#10;        at java.util.concurrent.ArrayBlockingQueue.take(ArrayBlockingQueue.java:403)&#10;        at java.util.concurrent.ThreadPoolExecutor.getTask(ThreadPoolExecutor.java:1074)&#10;        at java.util.concurrent.ThreadPoolExecutor.runWorker(ThreadPoolExecutor.java:1134)&#10;        at java.util.concurrent.ThreadPoolExecutor$Worker.run(ThreadPoolExecutor.java:624)&#10;        at java.lang.Thread.run(Thread.java:748)&#10;&quot;qtp1821228886-2011&quot; daemon prio=5 tid=2011 timed_waiting&#10;java.lang.Thread.State: TIMED_WAITING&#10;        at sun.misc.Unsafe.park(Native Method)&#10;        at java.util.concurrent.locks.LockSupport.parkNanos(LockSupport.java:215)&#10;        at java.util.concurrent.locks.AbstractQueuedSynchronizer$ConditionObject.awaitNanos(AbstractQueuedSynchronizer.java:2078)&#10;        at org.eclipse.jetty.util.BlockingArrayQueue.poll(BlockingArrayQueue.java:392)&#10;        at org.eclipse.jetty.util.thread.QueuedThreadPool.idleJobPoll(QueuedThreadPool.java:563)&#10;        at org.eclipse.jetty.util.thread.QueuedThreadPool.access$800(QueuedThreadPool.java:48)&#10;        at org.eclipse.jetty.util.thread.QueuedThreadPool$2.run(QueuedThreadPool.java:626)&#10;        at java.lang.Thread.run(Thread.java:748)&#10;&quot;metrics-hadoop-metrics2-reporter-82-thread-1&quot; daemon prio=5 tid=1651 timed_waiting&#10;java.lang.Thread.State: TIMED_WAITING&#10;        at sun.misc.Unsafe.park(Native Method)&#10;        at java.util.concurrent.locks.LockSupport.parkNanos(LockSupport.java:215)&#10;        at java.util.concurrent.locks.AbstractQueuedSynchronizer$ConditionObject.awaitNanos(AbstractQueuedSynchronizer.java:2078)&#10;        at java.util.concurrent.ScheduledThreadPoolExecutor$DelayedWorkQueue.take(ScheduledThreadPoolExecutor.java:1093)&#10;        at java.util.concurrent.ScheduledThreadPoolExecutor$DelayedWorkQueue.take(ScheduledThreadPoolExecutor.java:809)&#10;        at java.util.concurrent.ThreadPoolExecutor.getTask(ThreadPoolExecutor.java:1074)&#10;        at java.util.concurrent.ThreadPoolExecutor.runWorker(ThreadPoolExecutor.java:1134)&#10;        at java.util.concurrent.ThreadPoolExecutor$Worker.run(ThreadPoolExecutor.java:624)&#10;        at java.lang.Thread.run(Thread.java:748)&#10;&quot;metrics-hadoop-metrics2-reporter-54-thread-1&quot; daemon prio=5 tid=1053 timed_waiting&#10;java.lang.Thread.State: TIMED_WAITING&#10;        at sun.misc.Unsafe.park(Native Method)&#10;        at java.util.concurrent.locks.LockSupport.parkNanos(LockSupport.java:215)&#10;        at java.util.concurrent.locks.AbstractQueuedSynchronizer$ConditionObject.awaitNanos(AbstractQueuedSynchronizer.java:2078)&#10;        at java.util.concurrent.ScheduledThreadPoolExecutor$DelayedWorkQueue.take(ScheduledThreadPoolExecutor.java:1093)&#10;        at java.util.concurrent.ScheduledThreadPoolExecutor$DelayedWorkQueue.take(ScheduledThreadPoolExecutor.java:809)&#10;        at java.util.concurrent.ThreadPoolExecutor.getTask(ThreadPoolExecutor.java:1074)&#10;        at java.util.concurrent.ThreadPoolExecutor.runWorker(ThreadPoolExecutor.java:1134)&#10;        at java.util.concurrent.ThreadPoolExecutor$Worker.run(ThreadPoolExecutor.java:624)&#10;        at java.lang.Thread.run(Thread.java:748)&#10;&quot;pool-186-thread-38&quot;  prio=5 tid=2180 in Object.wait()&#10;java.lang.Thread.State: WAITING (on object monitor)&#10;        at sun.misc.Unsafe.park(Native Method)&#10;        at java.util.concurrent.locks.LockSupport.park(LockSupport.java:175)&#10;        at java.util.concurrent.locks.AbstractQueuedSynchronizer$ConditionObject.await(AbstractQueuedSynchronizer.java:2039)&#10;        at java.util.concurrent.ArrayBlockingQueue.take(ArrayBlockingQueue.java:403)&#10;        at java.util.concurrent.ThreadPoolExecutor.getTask(ThreadPoolExecutor.java:1074)&#10;        at java.util.concurrent.ThreadPoolExecutor.runWorker(ThreadPoolExecutor.java:1134)&#10;        at java.util.concurrent.ThreadPoolExecutor$Worker.run(ThreadPoolExecutor.java:624)&#10;        at java.lang.Thread.run(Thread.java:748)&#10;&quot;Datanode ReportManager Thread - 3&quot; daemon prio=5 tid=2048 timed_waiting&#10;java.lang.Thread.State: TIMED_WAITING&#10;        at sun.misc.Unsafe.park(Native Method)&#10;        at java.util.concurrent.locks.LockSupport.parkNanos(LockSupport.java:215)&#10;        at java.util.concurrent.locks.AbstractQueuedSynchronizer$ConditionObject.awaitNanos(AbstractQueuedSynchronizer.java:2078)&#10;        at java.util.concurrent.ScheduledThreadPoolExecutor$DelayedWorkQueue.take(ScheduledThreadPoolExecutor.java:1093)&#10;        at java.util.concurrent.ScheduledThreadPoolExecutor$DelayedWorkQueue.take(ScheduledThreadPoolExecutor.java:809)&#10;        at java.util.concurrent.ThreadPoolExecutor.getTask(ThreadPoolExecutor.java:1074)&#10;        at java.util.concurrent.ThreadPoolExecutor.runWorker(ThreadPoolExecutor.java:1134)&#10;        at java.util.concurrent.ThreadPoolExecutor$Worker.run(ThreadPoolExecutor.java:624)&#10;        at java.lang.Thread.run(Thread.java:748)&#10;&quot;IPC Server listener on 43940&quot; daemon prio=5 tid=1875 runnable&#10;java.lang.Thread.State: RUNNABLE&#10;        at sun.nio.ch.EPollArrayWrapper.epollWait(Native Method)&#10;        at sun.nio.ch.EPollArrayWrapper.poll(EPollArrayWrapper.java:269)&#10;        at sun.nio.ch.EPollSelectorImpl.doSelect(EPollSelectorImpl.java:93)&#10;        at sun.nio.ch.SelectorImpl.lockAndDoSelect(SelectorImpl.java:86)&#10;        at sun.nio.ch.SelectorImpl.select(SelectorImpl.java:97)&#10;        at sun.nio.ch.SelectorImpl.select(SelectorImpl.java:101)&#10;        at org.apache.hadoop.ipc.Server$Listener.run(Server.java:1159)&#10;&quot;pool-186-thread-20&quot;  prio=5 tid=2162 in Object.wait()&#10;java.lang.Thread.State: WAITING (on object monitor)&#10;        at sun.misc.Unsafe.park(Native Method)&#10;        at java.util.concurrent.locks.LockSupport.park(LockSupport.java:175)&#10;        at java.util.concurrent.locks.AbstractQueuedSynchronizer$ConditionObject.await(AbstractQueuedSynchronizer.java:2039)&#10;        at java.util.concurrent.ArrayBlockingQueue.take(ArrayBlockingQueue.java:403)&#10;        at java.util.concurrent.ThreadPoolExecutor.getTask(ThreadPoolExecutor.java:1074)&#10;        at java.util.concurrent.ThreadPoolExecutor.runWorker(ThreadPoolExecutor.java:1134)&#10;        at java.util.concurrent.ThreadPoolExecutor$Worker.run(ThreadPoolExecutor.java:624)&#10;        at java.lang.Thread.run(Thread.java:748)&#10;&quot;pool-186-thread-27&quot;  prio=5 tid=2169 in Object.wait()&#10;java.lang.Thread.State: WAITING (on object monitor)&#10;        at sun.misc.Unsafe.park(Native Method)&#10;        at java.util.concurrent.locks.LockSupport.park(LockSupport.java:175)&#10;        at java.util.concurrent.locks.AbstractQueuedSynchronizer$ConditionObject.await(AbstractQueuedSynchronizer.java:2039)&#10;        at java.util.concurrent.ArrayBlockingQueue.take(ArrayBlockingQueue.java:403)&#10;        at java.util.concurrent.ThreadPoolExecutor.getTask(ThreadPoolExecutor.java:1074)&#10;        at java.util.concurrent.ThreadPoolExecutor.runWorker(ThreadPoolExecutor.java:1134)&#10;        at java.util.concurrent.ThreadPoolExecutor$Worker.run(ThreadPoolExecutor.java:624)&#10;        at java.lang.Thread.run(Thread.java:748)&#10;&quot;grpc-default-worker-ELG-9-2&quot; daemon prio=5 tid=2278 runnable&#10;java.lang.Thread.State: RUNNABLE&#10;        at sun.nio.ch.EPollArrayWrapper.epollWait(Native Method)&#10;        at sun.nio.ch.EPollArrayWrapper.poll(EPollArrayWrapper.java:269)&#10;        at sun.nio.ch.EPollSelectorImpl.doSelect(EPollSelectorImpl.java:93)&#10;        at sun.nio.ch.SelectorImpl.lockAndDoSelect(SelectorImpl.java:86)&#10;        at sun.nio.ch.SelectorImpl.select(SelectorImpl.java:97)&#10;        at org.apache.ratis.thirdparty.io.netty.channel.nio.SelectedSelectionKeySetSelector.select(SelectedSelectionKeySetSelector.java:62)&#10;        at org.apache.ratis.thirdparty.io.netty.channel.nio.NioEventLoop.select(NioEventLoop.java:753)&#10;        at org.apache.ratis.thirdparty.io.netty.channel.nio.NioEventLoop.run(NioEventLoop.java:408)&#10;        at org.apache.ratis.thirdparty.io.netty.util.concurrent.SingleThreadEventExecutor$5.run(SingleThreadEventExecutor.java:897)&#10;        at org.apache.ratis.thirdparty.io.netty.util.concurrent.FastThreadLocalRunnable.run(FastThreadLocalRunnable.java:30)&#10;        at java.lang.Thread.run(Thread.java:748)&#10;&quot;pool-196-thread-24&quot;  prio=5 tid=2228 in Object.wait()&#10;java.lang.Thread.State: WAITING (on object monitor)&#10;        at sun.misc.Unsafe.park(Native Method)&#10;        at java.util.concurrent.locks.LockSupport.park(LockSupport.java:175)&#10;        at java.util.concurrent.locks.AbstractQueuedSynchronizer$ConditionObject.await(AbstractQueuedSynchronizer.java:2039)&#10;        at java.util.concurrent.ArrayBlockingQueue.take(ArrayBlockingQueue.java:403)&#10;        at java.util.concurrent.ThreadPoolExecutor.getTask(ThreadPoolExecutor.java:1074)&#10;        at java.util.concurrent.ThreadPoolExecutor.runWorker(ThreadPoolExecutor.java:1134)&#10;        at java.util.concurrent.ThreadPoolExecutor$Worker.run(ThreadPoolExecutor.java:624)&#10;        at java.lang.Thread.run(Thread.java:748)&#10;&quot;pool-196-thread-1&quot;  prio=5 tid=2205 in Object.wait()&#10;java.lang.Thread.State: WAITING (on object monitor)&#10;        at sun.misc.Unsafe.park(Native Method)&#10;        at java.util.concurrent.locks.LockSupport.park(LockSupport.java:175)&#10;        at java.util.concurrent.locks.AbstractQueuedSynchronizer$ConditionObject.await(AbstractQueuedSynchronizer.java:2039)&#10;        at java.util.concurrent.ArrayBlockingQueue.take(ArrayBlockingQueue.java:403)&#10;        at java.util.concurrent.ThreadPoolExecutor.getTask(ThreadPoolExecutor.java:1074)&#10;        at java.util.concurrent.ThreadPoolExecutor.runWorker(ThreadPoolExecutor.java:1134)&#10;        at java.util.concurrent.ThreadPoolExecutor$Worker.run(ThreadPoolExecutor.java:624)&#10;        at java.lang.Thread.run(Thread.java:748)&#10;&quot;Datanode ReportManager Thread - 1&quot; daemon prio=5 tid=2019 in Object.wait()&#10;java.lang.Thread.State: WAITING (on object monitor)&#10;        at sun.misc.Unsafe.park(Native Method)&#10;        at java.util.concurrent.locks.LockSupport.park(LockSupport.java:175)&#10;        at java.util.concurrent.locks.AbstractQueuedSynchronizer$ConditionObject.await(AbstractQueuedSynchronizer.java:2039)&#10;        at java.util.concurrent.ScheduledThreadPoolExecutor$DelayedWorkQueue.take(ScheduledThreadPoolExecutor.java:1088)&#10;        at java.util.concurrent.ScheduledThreadPoolExecutor$DelayedWorkQueue.take(ScheduledThreadPoolExecutor.java:809)&#10;        at java.util.concurrent.ThreadPoolExecutor.getTask(ThreadPoolExecutor.java:1074)&#10;        at java.util.concurrent.ThreadPoolExecutor.runWorker(ThreadPoolExecutor.java:1134)&#10;        at java.util.concurrent.ThreadPoolExecutor$Worker.run(ThreadPoolExecutor.java:624)&#10;        at java.lang.Thread.run(Thread.java:748)&#10;&quot;Datanode ReportManager Thread - 0&quot; daemon prio=5 tid=1343 in Object.wait()&#10;java.lang.Thread.State: WAITING (on object monitor)&#10;        at sun.misc.Unsafe.park(Native Method)&#10;        at java.util.concurrent.locks.LockSupport.park(LockSupport.java:175)&#10;        at java.util.concurrent.locks.AbstractQueuedSynchronizer$ConditionObject.await(AbstractQueuedSynchronizer.java:2039)&#10;        at java.util.concurrent.ScheduledThreadPoolExecutor$DelayedWorkQueue.take(ScheduledThreadPoolExecutor.java:1088)&#10;        at java.util.concurrent.ScheduledThreadPoolExecutor$DelayedWorkQueue.take(ScheduledThreadPoolExecutor.java:809)&#10;        at java.util.concurrent.ThreadPoolExecutor.getTask(ThreadPoolExecutor.java:1074)&#10;        at java.util.concurrent.ThreadPoolExecutor.runWorker(ThreadPoolExecutor.java:1134)&#10;        at java.util.concurrent.ThreadPoolExecutor$Worker.run(ThreadPoolExecutor.java:624)&#10;        at java.lang.Thread.run(Thread.java:748)&#10;&quot;SCM Heartbeat Processing Thread - 0&quot; daemon prio=5 tid=1866 timed_waiting&#10;java.lang.Thread.State: TIMED_WAITING&#10;        at sun.misc.Unsafe.park(Native Method)&#10;        at java.util.concurrent.locks.LockSupport.parkNanos(LockSupport.java:215)&#10;        at java.util.concurrent.locks.AbstractQueuedSynchronizer$ConditionObject.awaitNanos(AbstractQueuedSynchronizer.java:2078)&#10;        at java.util.concurrent.ScheduledThreadPoolExecutor$DelayedWorkQueue.take(ScheduledThreadPoolExecutor.java:1093)&#10;        at java.util.concurrent.ScheduledThreadPoolExecutor$DelayedWorkQueue.take(ScheduledThreadPoolExecutor.java:809)&#10;        at java.util.concurrent.ThreadPoolExecutor.getTask(ThreadPoolExecutor.java:1074)&#10;        at java.util.concurrent.ThreadPoolExecutor.runWorker(ThreadPoolExecutor.java:1134)&#10;        at java.util.concurrent.ThreadPoolExecutor$Worker.run(ThreadPoolExecutor.java:624)&#10;        at java.lang.Thread.run(Thread.java:748)&#10;&quot;qtp1821228886-2012&quot; daemon prio=5 tid=2012 timed_waiting&#10;java.lang.Thread.State: TIMED_WAITING&#10;        at sun.misc.Unsafe.park(Native Method)&#10;        at java.util.concurrent.locks.LockSupport.parkNanos(LockSupport.java:215)&#10;        at java.util.concurrent.locks.AbstractQueuedSynchronizer$ConditionObject.awaitNanos(AbstractQueuedSynchronizer.java:2078)&#10;        at org.eclipse.jetty.util.BlockingArrayQueue.poll(BlockingArrayQueue.java:392)&#10;        at org.eclipse.jetty.util.thread.QueuedThreadPool.idleJobPoll(QueuedThreadPool.java:563)&#10;        at org.eclipse.jetty.util.thread.QueuedThreadPool.access$800(QueuedThreadPool.java:48)&#10;        at org.eclipse.jetty.util.thread.QueuedThreadPool$2.run(QueuedThreadPool.java:626)&#10;        at java.lang.Thread.run(Thread.java:748)&#10;&quot;pool-176-thread-7&quot;  prio=5 tid=2086 in Object.wait()&#10;java.lang.Thread.State: WAITING (on object monitor)&#10;        at sun.misc.Unsafe.park(Native Method)&#10;        at java.util.concurrent.locks.LockSupport.park(LockSupport.java:175)&#10;        at java.util.concurrent.locks.AbstractQueuedSynchronizer$ConditionObject.await(AbstractQueuedSynchronizer.java:2039)&#10;        at java.util.concurrent.ArrayBlockingQueue.take(ArrayBlockingQueue.java:403)&#10;        at java.util.concurrent.ThreadPoolExecutor.getTask(ThreadPoolExecutor.java:1074)&#10;        at java.util.concurrent.ThreadPoolExecutor.runWorker(ThreadPoolExecutor.java:1134)&#10;        at java.util.concurrent.ThreadPoolExecutor$Worker.run(ThreadPoolExecutor.java:624)&#10;        at java.lang.Thread.run(Thread.java:748)&#10;&quot;metrics-hadoop-metrics2-reporter-58-thread-1&quot; daemon prio=5 tid=1136 timed_waiting&#10;java.lang.Thread.State: TIMED_WAITING&#10;        at sun.misc.Unsafe.park(Native Method)&#10;        at java.util.concurrent.locks.LockSupport.parkNanos(LockSupport.java:215)&#10;        at java.util.concurrent.locks.AbstractQueuedSynchronizer$ConditionObject.awaitNanos(AbstractQueuedSynchronizer.java:2078)&#10;        at java.util.concurrent.ScheduledThreadPoolExecutor$DelayedWorkQueue.take(ScheduledThreadPoolExecutor.java:1093)&#10;        at java.util.concurrent.ScheduledThreadPoolExecutor$DelayedWorkQueue.take(ScheduledThreadPoolExecutor.java:809)&#10;        at java.util.concurrent.ThreadPoolExecutor.getTask(ThreadPoolExecutor.java:1074)&#10;        at java.util.concurrent.ThreadPoolExecutor.runWorker(ThreadPoolExecutor.java:1134)&#10;        at java.util.concurrent.ThreadPoolExecutor$Worker.run(ThreadPoolExecutor.java:624)&#10;        at java.lang.Thread.run(Thread.java:748)&#10;&quot;IPC Server listener on 35803&quot; daemon prio=5 tid=1867 runnable&#10;java.lang.Thread.State: RUNNABLE&#10;        at sun.nio.ch.EPollArrayWrapper.epollWait(Native Method)&#10;        at sun.nio.ch.EPollArrayWrapper.poll(EPollArrayWrapper.java:269)&#10;        at sun.nio.ch.EPollSelectorImpl.doSelect(EPollSelectorImpl.java:93)&#10;        at sun.nio.ch.SelectorImpl.lockAndDoSelect(SelectorImpl.java:86)&#10;        at sun.nio.ch.SelectorImpl.select(SelectorImpl.java:97)&#10;        at sun.nio.ch.SelectorImpl.select(SelectorImpl.java:101)&#10;        at org.apache.hadoop.ipc.Server$Listener.run(Server.java:1159)&#10;&quot;pool-196-thread-4&quot;  prio=5 tid=2208 in Object.wait()&#10;java.lang.Thread.State: WAITING (on object monitor)&#10;        at sun.misc.Unsafe.park(Native Method)&#10;        at java.util.concurrent.locks.LockSupport.park(LockSupport.java:175)&#10;        at java.util.concurrent.locks.AbstractQueuedSynchronizer$ConditionObject.await(AbstractQueuedSynchronizer.java:2039)&#10;        at java.util.concurrent.ArrayBlockingQueue.take(ArrayBlockingQueue.java:403)&#10;        at java.util.concurrent.ThreadPoolExecutor.getTask(ThreadPoolExecutor.java:1074)&#10;        at java.util.concurrent.ThreadPoolExecutor.runWorker(ThreadPoolExecutor.java:1134)&#10;        at java.util.concurrent.ThreadPoolExecutor$Worker.run(ThreadPoolExecutor.java:624)&#10;        at java.lang.Thread.run(Thread.java:748)&#10;&quot;metrics-hadoop-metrics2-reporter-53-thread-1&quot; daemon prio=5 tid=1049 timed_waiting&#10;java.lang.Thread.State: TIMED_WAITING&#10;        at sun.misc.Unsafe.park(Native Method)&#10;        at java.util.concurrent.locks.LockSupport.parkNanos(LockSupport.java:215)&#10;        at java.util.concurrent.locks.AbstractQueuedSynchronizer$ConditionObject.awaitNanos(AbstractQueuedSynchronizer.java:2078)&#10;        at java.util.concurrent.ScheduledThreadPoolExecutor$DelayedWorkQueue.take(ScheduledThreadPoolExecutor.java:1093)&#10;        at java.util.concurrent.ScheduledThreadPoolExecutor$DelayedWorkQueue.take(ScheduledThreadPoolExecutor.java:809)&#10;        at java.util.concurrent.ThreadPoolExecutor.getTask(ThreadPoolExecutor.java:1074)&#10;        at java.util.concurrent.ThreadPoolExecutor.runWorker(ThreadPoolExecutor.java:1134)&#10;        at java.util.concurrent.ThreadPoolExecutor$Worker.run(ThreadPoolExecutor.java:624)&#10;        at java.lang.Thread.run(Thread.java:748)&#10;&quot;Datanode ReportManager Thread - 2&quot; daemon prio=5 tid=2074 in Object.wait()&#10;java.lang.Thread.State: WAITING (on object monitor)&#10;        at sun.misc.Unsafe.park(Native Method)&#10;        at java.util.concurrent.locks.LockSupport.park(LockSupport.java:175)&#10;        at java.util.concurrent.locks.AbstractQueuedSynchronizer$ConditionObject.await(AbstractQueuedSynchronizer.java:2039)&#10;        at java.util.concurrent.ScheduledThreadPoolExecutor$DelayedWorkQueue.take(ScheduledThreadPoolExecutor.java:1088)&#10;        at java.util.concurrent.ScheduledThreadPoolExecutor$DelayedWorkQueue.take(ScheduledThreadPoolExecutor.java:809)&#10;        at java.util.concurrent.ThreadPoolExecutor.getTask(ThreadPoolExecutor.java:1074)&#10;        at java.util.concurrent.ThreadPoolExecutor.runWorker(ThreadPoolExecutor.java:1134)&#10;        at java.util.concurrent.ThreadPoolExecutor$Worker.run(ThreadPoolExecutor.java:624)&#10;        at java.lang.Thread.run(Thread.java:748)&#10;&quot;metrics-hadoop-metrics2-reporter-28-thread-1&quot; daemon prio=5 tid=950 timed_waiting&#10;java.lang.Thread.State: TIMED_WAITING&#10;        at sun.misc.Unsafe.park(Native Method)&#10;        at java.util.concurrent.locks.LockSupport.parkNanos(LockSupport.java:215)&#10;        at java.util.concurrent.locks.AbstractQueuedSynchronizer$ConditionObject.awaitNanos(AbstractQueuedSynchronizer.java:2078)&#10;        at java.util.concurrent.ScheduledThreadPoolExecutor$DelayedWorkQueue.take(ScheduledThreadPoolExecutor.java:1093)&#10;        at java.util.concurrent.ScheduledThreadPoolExecutor$DelayedWorkQueue.take(ScheduledThreadPoolExecutor.java:809)&#10;        at java.util.concurrent.ThreadPoolExecutor.getTask(ThreadPoolExecutor.java:1074)&#10;        at java.util.concurrent.ThreadPoolExecutor.runWorker(ThreadPoolExecutor.java:1134)&#10;        at java.util.concurrent.ThreadPoolExecutor$Worker.run(ThreadPoolExecutor.java:624)&#10;        at java.lang.Thread.run(Thread.java:748)&#10;&quot;metrics-hadoop-metrics2-reporter-110-thread-1&quot; daemon prio=5 tid=2307 timed_waiting&#10;java.lang.Thread.State: TIMED_WAITING&#10;        at sun.misc.Unsafe.park(Native Method)&#10;        at java.util.concurrent.locks.LockSupport.parkNanos(LockSupport.java:215)&#10;        at java.util.concurrent.locks.AbstractQueuedSynchronizer$ConditionObject.awaitNanos(AbstractQueuedSynchronizer.java:2078)&#10;        at java.util.concurrent.ScheduledThreadPoolExecutor$DelayedWorkQueue.take(ScheduledThreadPoolExecutor.java:1093)&#10;        at java.util.concurrent.ScheduledThreadPoolExecutor$DelayedWorkQueue.take(ScheduledThreadPoolExecutor.java:809)&#10;        at java.util.concurrent.ThreadPoolExecutor.getTask(ThreadPoolExecutor.java:1074)&#10;        at java.util.concurrent.ThreadPoolExecutor.runWorker(ThreadPoolExecutor.java:1134)&#10;        at java.util.concurrent.ThreadPoolExecutor$Worker.run(ThreadPoolExecutor.java:624)&#10;        at java.lang.Thread.run(Thread.java:748)&#10;&quot;IPC Server Responder&quot; daemon prio=5 tid=1874 runnable&#10;java.lang.Thread.State: RUNNABLE&#10;        at sun.nio.ch.EPollArrayWrapper.epollWait(Native Method)&#10;        at sun.nio.ch.EPollArrayWrapper.poll(EPollArrayWrapper.java:269)&#10;        at sun.nio.ch.EPollSelectorImpl.doSelect(EPollSelectorImpl.java:93)&#10;        at sun.nio.ch.SelectorImpl.lockAndDoSelect(SelectorImpl.java:86)&#10;        at sun.nio.ch.SelectorImpl.select(SelectorImpl.java:97)&#10;        at org.apache.hadoop.ipc.Server$Responder.doRunLoop(Server.java:1334)&#10;        at org.apache.hadoop.ipc.Server$Responder.run(Server.java:1317)&#10;&quot;pool-176-thread-27&quot;  prio=5 tid=2106 in Object.wait()&#10;java.lang.Thread.State: WAITING (on object monitor)&#10;        at sun.misc.Unsafe.park(Native Method)&#10;        at java.util.concurrent.locks.LockSupport.park(LockSupport.java:175)&#10;        at java.util.concurrent.locks.AbstractQueuedSynchronizer$ConditionObject.await(AbstractQueuedSynchronizer.java:2039)&#10;        at java.util.concurrent.ArrayBlockingQueue.take(ArrayBlockingQueue.java:403)&#10;        at java.util.concurrent.ThreadPoolExecutor.getTask(ThreadPoolExecutor.java:1074)&#10;        at java.util.concurrent.ThreadPoolExecutor.runWorker(ThreadPoolExecutor.java:1134)&#10;        at java.util.concurrent.ThreadPoolExecutor$Worker.run(ThreadPoolExecutor.java:624)&#10;        at java.lang.Thread.run(Thread.java:748)&#10;&quot;metrics-hadoop-metrics2-reporter-90-thread-1&quot; daemon prio=5 tid=1676 timed_waiting&#10;java.lang.Thread.State: TIMED_WAITING&#10;        at sun.misc.Unsafe.park(Native Method)&#10;        at java.util.concurrent.locks.LockSupport.parkNanos(LockSupport.java:215)&#10;        at java.util.concurrent.locks.AbstractQueuedSynchronizer$ConditionObject.awaitNanos(AbstractQueuedSynchronizer.java:2078)&#10;        at java.util.concurrent.ScheduledThreadPoolExecutor$DelayedWorkQueue.take(ScheduledThreadPoolExecutor.java:1093)&#10;        at java.util.concurrent.ScheduledThreadPoolExecutor$DelayedWorkQueue.take(ScheduledThreadPoolExecutor.java:809)&#10;        at java.util.concurrent.ThreadPoolExecutor.getTask(ThreadPoolExecutor.java:1074)&#10;        at java.util.concurrent.ThreadPoolExecutor.runWorker(ThreadPoolExecutor.java:1134)&#10;        at java.util.concurrent.ThreadPoolExecutor$Worker.run(ThreadPoolExecutor.java:624)&#10;        at java.lang.Thread.run(Thread.java:748)&#10;&quot;org.eclipse.jetty.server.session.HashSessionManager@609e57daTimer&quot; daemon prio=5 tid=1995 timed_waiting&#10;java.lang.Thread.State: TIMED_WAITING&#10;        at sun.misc.Unsafe.park(Native Method)&#10;        at java.util.concurrent.locks.LockSupport.parkNanos(LockSupport.java:215)&#10;        at java.util.concurrent.locks.AbstractQueuedSynchronizer$ConditionObject.awaitNanos(AbstractQueuedSynchronizer.java:2078)&#10;        at java.util.concurrent.ScheduledThreadPoolExecutor$DelayedWorkQueue.take(ScheduledThreadPoolExecutor.java:1093)&#10;        at java.util.concurrent.ScheduledThreadPoolExecutor$DelayedWorkQueue.take(ScheduledThreadPoolExecutor.java:809)&#10;        at java.util.concurrent.ThreadPoolExecutor.getTask(ThreadPoolExecutor.java:1074)&#10;        at java.util.concurrent.ThreadPoolExecutor.runWorker(ThreadPoolExecutor.java:1134)&#10;        at java.util.concurrent.ThreadPoolExecutor$Worker.run(ThreadPoolExecutor.java:624)&#10;        at java.lang.Thread.run(Thread.java:748)&#10;&quot;metrics-hadoop-metrics2-reporter-118-thread-1&quot; daemon prio=5 tid=2332 timed_waiting&#10;java.lang.Thread.State: TIMED_WAITING&#10;        at sun.misc.Unsafe.park(Native Method)&#10;        at java.util.concurrent.locks.LockSupport.parkNanos(LockSupport.java:215)&#10;        at java.util.concurrent.locks.AbstractQueuedSynchronizer$ConditionObject.awaitNanos(AbstractQueuedSynchronizer.java:2078)&#10;        at java.util.concurrent.ScheduledThreadPoolExecutor$DelayedWorkQueue.take(ScheduledThreadPoolExecutor.java:1093)&#10;        at java.util.concurrent.ScheduledThreadPoolExecutor$DelayedWorkQueue.take(ScheduledThreadPoolExecutor.java:809)&#10;        at java.util.concurrent.ThreadPoolExecutor.getTask(ThreadPoolExecutor.java:1074)&#10;        at java.util.concurrent.ThreadPoolExecutor.runWorker(ThreadPoolExecutor.java:1134)&#10;        at java.util.concurrent.ThreadPoolExecutor$Worker.run(ThreadPoolExecutor.java:624)&#10;        at java.lang.Thread.run(Thread.java:748)&#10;&quot;IPC Server handler 4 on 37818&quot; daemon prio=5 tid=1906 timed_waiting&#10;java.lang.Thread.State: TIMED_WAITING&#10;        at sun.misc.Unsafe.park(Native Method)&#10;        at java.util.concurrent.locks.LockSupport.parkNanos(LockSupport.java:215)&#10;        at java.util.concurrent.locks.AbstractQueuedSynchronizer$ConditionObject.awaitNanos(AbstractQueuedSynchronizer.java:2078)&#10;        at java.util.concurrent.LinkedBlockingQueue.poll(LinkedBlockingQueue.java:467)&#10;        at org.apache.hadoop.ipc.CallQueueManager.take(CallQueueManager.java:288)&#10;        at org.apache.hadoop.ipc.Server$Handler.run(Server.java:2668)&#10;&quot;metrics-hadoop-metrics2-reporter-87-thread-1&quot; daemon prio=5 tid=1661 timed_waiting&#10;java.lang.Thread.State: TIMED_WAITING&#10;        at sun.misc.Unsafe.park(Native Method)&#10;        at java.util.concurrent.locks.LockSupport.parkNanos(LockSupport.java:215)&#10;        at java.util.concurrent.locks.AbstractQueuedSynchronizer$ConditionObject.awaitNanos(AbstractQueuedSynchronizer.java:2078)&#10;        at java.util.concurrent.ScheduledThreadPoolExecutor$DelayedWorkQueue.take(ScheduledThreadPoolExecutor.java:1093)&#10;        at java.util.concurrent.ScheduledThreadPoolExecutor$DelayedWorkQueue.take(ScheduledThreadPoolExecutor.java:809)&#10;        at java.util.concurrent.ThreadPoolExecutor.getTask(ThreadPoolExecutor.java:1074)&#10;        at java.util.concurrent.ThreadPoolExecutor.runWorker(ThreadPoolExecutor.java:1134)&#10;        at java.util.concurrent.ThreadPoolExecutor$Worker.run(ThreadPoolExecutor.java:624)&#10;        at java.lang.Thread.run(Thread.java:748)&#10;&quot;Thread-1146&quot; daemon prio=5 tid=2317 timed_waiting&#10;java.lang.Thread.State: TIMED_WAITING&#10;        at sun.misc.Unsafe.park(Native Method)&#10;        at java.util.concurrent.locks.LockSupport.parkNanos(LockSupport.java:215)&#10;        at java.util.concurrent.locks.AbstractQueuedSynchronizer$ConditionObject.awaitNanos(AbstractQueuedSynchronizer.java:2078)&#10;        at java.util.concurrent.ArrayBlockingQueue.poll(ArrayBlockingQueue.java:418)&#10;        at org.apache.ratis.server.impl.LeaderState$EventQueue.poll(LeaderState.java:115)&#10;        at org.apache.ratis.server.impl.LeaderState$EventProcessor.run(LeaderState.java:467)&#10;&quot;pool-196-thread-22&quot;  prio=5 tid=2226 in Object.wait()&#10;java.lang.Thread.State: WAITING (on object monitor)&#10;        at sun.misc.Unsafe.park(Native Method)&#10;        at java.util.concurrent.locks.LockSupport.park(LockSupport.java:175)&#10;        at java.util.concurrent.locks.AbstractQueuedSynchronizer$ConditionObject.await(AbstractQueuedSynchronizer.java:2039)&#10;        at java.util.concurrent.ArrayBlockingQueue.take(ArrayBlockingQueue.java:403)&#10;        at java.util.concurrent.ThreadPoolExecutor.getTask(ThreadPoolExecutor.java:1074)&#10;        at java.util.concurrent.ThreadPoolExecutor.runWorker(ThreadPoolExecutor.java:1134)&#10;        at java.util.concurrent.ThreadPoolExecutor$Worker.run(ThreadPoolExecutor.java:624)&#10;        at java.lang.Thread.run(Thread.java:748)&#10;&quot;qtp1300497562-2066&quot; daemon prio=5 tid=2066 timed_waiting&#10;java.lang.Thread.State: TIMED_WAITING&#10;        at sun.misc.Unsafe.park(Native Method)&#10;        at java.util.concurrent.locks.LockSupport.parkNanos(LockSupport.java:215)&#10;        at java.util.concurrent.locks.AbstractQueuedSynchronizer$ConditionObject.awaitNanos(AbstractQueuedSynchronizer.java:2078)&#10;        at org.eclipse.jetty.util.BlockingArrayQueue.poll(BlockingArrayQueue.java:392)&#10;        at org.eclipse.jetty.util.thread.QueuedThreadPool.idleJobPoll(QueuedThreadPool.java:563)&#10;        at org.eclipse.jetty.util.thread.QueuedThreadPool.access$800(QueuedThreadPool.java:48)&#10;        at org.eclipse.jetty.util.thread.QueuedThreadPool$2.run(QueuedThreadPool.java:626)&#10;        at java.lang.Thread.run(Thread.java:748)&#10;&quot;metrics-hadoop-metrics2-reporter-24-thread-1&quot; daemon prio=5 tid=503 timed_waiting&#10;java.lang.Thread.State: TIMED_WAITING&#10;        at sun.misc.Unsafe.park(Native Method)&#10;        at java.util.concurrent.locks.LockSupport.parkNanos(LockSupport.java:215)&#10;        at java.util.concurrent.locks.AbstractQueuedSynchronizer$ConditionObject.awaitNanos(AbstractQueuedSynchronizer.java:2078)&#10;        at java.util.concurrent.ScheduledThreadPoolExecutor$DelayedWorkQueue.take(ScheduledThreadPoolExecutor.java:1093)&#10;        at java.util.concurrent.ScheduledThreadPoolExecutor$DelayedWorkQueue.take(ScheduledThreadPoolExecutor.java:809)&#10;        at java.util.concurrent.ThreadPoolExecutor.getTask(ThreadPoolExecutor.java:1074)&#10;        at java.util.concurrent.ThreadPoolExecutor.runWorker(ThreadPoolExecutor.java:1134)&#10;        at java.util.concurrent.ThreadPoolExecutor$Worker.run(ThreadPoolExecutor.java:624)&#10;        at java.lang.Thread.run(Thread.java:748)&#10;&quot;Datanode ReportManager Thread - 3&quot; daemon prio=5 tid=716 in Object.wait()&#10;java.lang.Thread.State: WAITING (on object monitor)&#10;        at sun.misc.Unsafe.park(Native Method)&#10;        at java.util.concurrent.locks.LockSupport.park(LockSupport.java:175)&#10;        at java.util.concurrent.locks.AbstractQueuedSynchronizer$ConditionObject.await(AbstractQueuedSynchronizer.java:2039)&#10;        at java.util.concurrent.ScheduledThreadPoolExecutor$DelayedWorkQueue.take(ScheduledThreadPoolExecutor.java:1088)&#10;        at java.util.concurrent.ScheduledThreadPoolExecutor$DelayedWorkQueue.take(ScheduledThreadPoolExecutor.java:809)&#10;        at java.util.concurrent.ThreadPoolExecutor.getTask(ThreadPoolExecutor.java:1074)&#10;        at java.util.concurrent.ThreadPoolExecutor.runWorker(ThreadPoolExecutor.java:1134)&#10;        at java.util.concurrent.ThreadPoolExecutor$Worker.run(ThreadPoolExecutor.java:624)&#10;        at java.lang.Thread.run(Thread.java:748)&#10;&quot;Socket Reader #1 for port 43940&quot;  prio=5 tid=1876 runnable&#10;java.lang.Thread.State: RUNNABLE&#10;        at sun.nio.ch.EPollArrayWrapper.epollWait(Native Method)&#10;        at sun.nio.ch.EPollArrayWrapper.poll(EPollArrayWrapper.java:269)&#10;        at sun.nio.ch.EPollSelectorImpl.doSelect(EPollSelectorImpl.java:93)&#10;        at sun.nio.ch.SelectorImpl.lockAndDoSelect(SelectorImpl.java:86)&#10;        at sun.nio.ch.SelectorImpl.select(SelectorImpl.java:97)&#10;        at sun.nio.ch.SelectorImpl.select(SelectorImpl.java:101)&#10;        at org.apache.hadoop.ipc.Server$Listener$Reader.doRunLoop(Server.java:1097)&#10;        at org.apache.hadoop.ipc.Server$Listener$Reader.run(Server.java:1076)&#10;&quot;metrics-hadoop-metrics2-reporter-11-thread-1&quot; daemon prio=5 tid=461 timed_waiting&#10;java.lang.Thread.State: TIMED_WAITING&#10;        at sun.misc.Unsafe.park(Native Method)&#10;        at java.util.concurrent.locks.LockSupport.parkNanos(LockSupport.java:215)&#10;        at java.util.concurrent.locks.AbstractQueuedSynchronizer$ConditionObject.awaitNanos(AbstractQueuedSynchronizer.java:2078)&#10;        at java.util.concurrent.ScheduledThreadPoolExecutor$DelayedWorkQueue.take(ScheduledThreadPoolExecutor.java:1093)&#10;        at java.util.concurrent.ScheduledThreadPoolExecutor$DelayedWorkQueue.take(ScheduledThreadPoolExecutor.java:809)&#10;        at java.util.concurrent.ThreadPoolExecutor.getTask(ThreadPoolExecutor.java:1074)&#10;        at java.util.concurrent.ThreadPoolExecutor.runWorker(ThreadPoolExecutor.java:1134)&#10;        at java.util.concurrent.ThreadPoolExecutor$Worker.run(ThreadPoolExecutor.java:624)&#10;        at java.lang.Thread.run(Thread.java:748)&#10;&quot;pool-186-thread-5&quot;  prio=5 tid=2147 in Object.wait()&#10;java.lang.Thread.State: WAITING (on object monitor)&#10;        at sun.misc.Unsafe.park(Native Method)&#10;        at java.util.concurrent.locks.LockSupport.park(LockSupport.java:175)&#10;        at java.util.concurrent.locks.AbstractQueuedSynchronizer$ConditionObject.await(AbstractQueuedSynchronizer.java:2039)&#10;        at java.util.concurrent.ArrayBlockingQueue.take(ArrayBlockingQueue.java:403)&#10;        at java.util.concurrent.ThreadPoolExecutor.getTask(ThreadPoolExecutor.java:1074)&#10;        at java.util.concurrent.ThreadPoolExecutor.runWorker(ThreadPoolExecutor.java:1134)&#10;        at java.util.concurrent.ThreadPoolExecutor$Worker.run(ThreadPoolExecutor.java:624)&#10;        at java.lang.Thread.run(Thread.java:748)&#10;&quot;metrics-hadoop-metrics2-reporter-129-thread-1&quot; daemon prio=5 tid=2492 timed_waiting&#10;java.lang.Thread.State: TIMED_WAITING&#10;        at sun.misc.Unsafe.park(Native Method)&#10;        at java.util.concurrent.locks.LockSupport.parkNanos(LockSupport.java:215)&#10;        at java.util.concurrent.locks.AbstractQueuedSynchronizer$ConditionObject.awaitNanos(AbstractQueuedSynchronizer.java:2078)&#10;        at java.util.concurrent.ScheduledThreadPoolExecutor$DelayedWorkQueue.take(ScheduledThreadPoolExecutor.java:1093)&#10;        at java.util.concurrent.ScheduledThreadPoolExecutor$DelayedWorkQueue.take(ScheduledThreadPoolExecutor.java:809)&#10;        at java.util.concurrent.ThreadPoolExecutor.getTask(ThreadPoolExecutor.java:1074)&#10;        at java.util.concurrent.ThreadPoolExecutor.runWorker(ThreadPoolExecutor.java:1134)&#10;        at java.util.concurrent.ThreadPoolExecutor$Worker.run(ThreadPoolExecutor.java:624)&#10;        at java.lang.Thread.run(Thread.java:748)&#10;&quot;qtp1664093259-2038&quot; daemon prio=5 tid=2038 timed_waiting&#10;java.lang.Thread.State: TIMED_WAITING&#10;        at sun.misc.Unsafe.park(Native Method)&#10;        at java.util.concurrent.locks.LockSupport.parkNanos(LockSupport.java:215)&#10;        at java.util.concurrent.locks.AbstractQueuedSynchronizer$ConditionObject.awaitNanos(AbstractQueuedSynchronizer.java:2078)&#10;        at org.eclipse.jetty.util.BlockingArrayQueue.poll(BlockingArrayQueue.java:392)&#10;        at org.eclipse.jetty.util.thread.QueuedThreadPool.idleJobPoll(QueuedThreadPool.java:563)&#10;        at org.eclipse.jetty.util.thread.QueuedThreadPool.access$800(QueuedThreadPool.java:48)&#10;        at org.eclipse.jetty.util.thread.QueuedThreadPool$2.run(QueuedThreadPool.java:626)&#10;        at java.lang.Thread.run(Thread.java:748)&#10;&quot;IPC Server handler 15 on 35803&quot; daemon prio=5 tid=1937 timed_waiting&#10;java.lang.Thread.State: TIMED_WAITING&#10;        at sun.misc.Unsafe.park(Native Method)&#10;        at java.util.concurrent.locks.LockSupport.parkNanos(LockSupport.java:215)&#10;        at java.util.concurrent.locks.AbstractQueuedSynchronizer$ConditionObject.awaitNanos(AbstractQueuedSynchronizer.java:2078)&#10;        at java.util.concurrent.LinkedBlockingQueue.poll(LinkedBlockingQueue.java:467)&#10;        at org.apache.hadoop.ipc.CallQueueManager.take(CallQueueManager.java:288)&#10;        at org.apache.hadoop.ipc.Server$Handler.run(Server.java:2668)&#10;&quot;qtp1300497562-2062&quot; daemon prio=5 tid=2062 timed_waiting&#10;java.lang.Thread.State: TIMED_WAITING&#10;        at sun.misc.Unsafe.park(Native Method)&#10;        at java.util.concurrent.locks.LockSupport.parkNanos(LockSupport.java:215)&#10;        at java.util.concurrent.locks.AbstractQueuedSynchronizer$ConditionObject.awaitNanos(AbstractQueuedSynchronizer.java:2078)&#10;        at org.eclipse.jetty.util.BlockingArrayQueue.poll(BlockingArrayQueue.java:392)&#10;        at org.eclipse.jetty.util.thread.QueuedThreadPool.idleJobPoll(QueuedThreadPool.java:563)&#10;        at org.eclipse.jetty.util.thread.QueuedThreadPool.access$800(QueuedThreadPool.java:48)&#10;        at org.eclipse.jetty.util.thread.QueuedThreadPool$2.run(QueuedThreadPool.java:626)&#10;        at java.lang.Thread.run(Thread.java:748)&#10;&quot;jaeger.RemoteReporter-FlushTimer&quot; daemon prio=5 tid=148 timed_waiting&#10;java.lang.Thread.State: TIMED_WAITING&#10;        at java.lang.Object.wait(Native Method)&#10;        at java.util.TimerThread.mainLoop(Timer.java:552)&#10;        at java.util.TimerThread.run(Timer.java:505)&#10;&quot;pool-186-thread-43&quot;  prio=5 tid=2185 in Object.wait()&#10;java.lang.Thread.State: WAITING (on object monitor)&#10;        at sun.misc.Unsafe.park(Native Method)&#10;        at java.util.concurrent.locks.LockSupport.park(LockSupport.java:175)&#10;        at java.util.concurrent.locks.AbstractQueuedSynchronizer$ConditionObject.await(AbstractQueuedSynchronizer.java:2039)&#10;        at java.util.concurrent.ArrayBlockingQueue.take(ArrayBlockingQueue.java:403)&#10;        at java.util.concurrent.ThreadPoolExecutor.getTask(ThreadPoolExecutor.java:1074)&#10;        at java.util.concurrent.ThreadPoolExecutor.runWorker(ThreadPoolExecutor.java:1134)&#10;        at java.util.concurrent.ThreadPoolExecutor$Worker.run(ThreadPoolExecutor.java:624)&#10;        at java.lang.Thread.run(Thread.java:748)&#10;&quot;qtp1300497562-2065&quot; daemon prio=5 tid=2065 timed_waiting&#10;java.lang.Thread.State: TIMED_WAITING&#10;        at sun.misc.Unsafe.park(Native Method)&#10;        at java.util.concurrent.locks.LockSupport.parkNanos(LockSupport.java:215)&#10;        at java.util.concurrent.locks.AbstractQueuedSynchronizer$ConditionObject.awaitNanos(AbstractQueuedSynchronizer.java:2078)&#10;        at org.eclipse.jetty.util.BlockingArrayQueue.poll(BlockingArrayQueue.java:392)&#10;        at org.eclipse.jetty.util.thread.QueuedThreadPool.idleJobPoll(QueuedThreadPool.java:563)&#10;        at org.eclipse.jetty.util.thread.QueuedThreadPool.access$800(QueuedThreadPool.java:48)&#10;        at org.eclipse.jetty.util.thread.QueuedThreadPool$2.run(QueuedThreadPool.java:626)&#10;        at java.lang.Thread.run(Thread.java:748)&#10;&quot;Periodic HDDS volume checker&quot;  prio=5 tid=2053 timed_waiting&#10;java.lang.Thread.State: TIMED_WAITING&#10;        at sun.misc.Unsafe.park(Native Method)&#10;        at java.util.concurrent.locks.LockSupport.parkNanos(LockSupport.java:215)&#10;        at java.util.concurrent.locks.AbstractQueuedSynchronizer$ConditionObject.awaitNanos(AbstractQueuedSynchronizer.java:2078)&#10;        at java.util.concurrent.ScheduledThreadPoolExecutor$DelayedWorkQueue.take(ScheduledThreadPoolExecutor.java:1093)&#10;        at java.util.concurrent.ScheduledThreadPoolExecutor$DelayedWorkQueue.take(ScheduledThreadPoolExecutor.java:809)&#10;        at java.util.concurrent.ThreadPoolExecutor.getTask(ThreadPoolExecutor.java:1074)&#10;        at java.util.concurrent.ThreadPoolExecutor.runWorker(ThreadPoolExecutor.java:1134)&#10;        at java.util.concurrent.ThreadPoolExecutor$Worker.run(ThreadPoolExecutor.java:624)&#10;        at java.lang.Thread.run(Thread.java:748)&#10;&quot;IPC Server handler 16 on 37818&quot; daemon prio=5 tid=1918 timed_waiting&#10;java.lang.Thread.State: TIMED_WAITING&#10;        at sun.misc.Unsafe.park(Native Method)&#10;        at java.util.concurrent.locks.LockSupport.parkNanos(LockSupport.java:215)&#10;        at java.util.concurrent.locks.AbstractQueuedSynchronizer$ConditionObject.awaitNanos(AbstractQueuedSynchronizer.java:2078)&#10;        at java.util.concurrent.LinkedBlockingQueue.poll(LinkedBlockingQueue.java:467)&#10;        at org.apache.hadoop.ipc.CallQueueManager.take(CallQueueManager.java:288)&#10;        at org.apache.hadoop.ipc.Server$Handler.run(Server.java:2668)&#10;&quot;metrics-hadoop-metrics2-reporter-29-thread-1&quot; daemon prio=5 tid=953 timed_waiting&#10;java.lang.Thread.State: TIMED_WAITING&#10;        at sun.misc.Unsafe.park(Native Method)&#10;        at java.util.concurrent.locks.LockSupport.parkNanos(LockSupport.java:215)&#10;        at java.util.concurrent.locks.AbstractQueuedSynchronizer$ConditionObject.awaitNanos(AbstractQueuedSynchronizer.java:2078)&#10;        at java.util.concurrent.ScheduledThreadPoolExecutor$DelayedWorkQueue.take(ScheduledThreadPoolExecutor.java:1093)&#10;        at java.util.concurrent.ScheduledThreadPoolExecutor$DelayedWorkQueue.take(ScheduledThreadPoolExecutor.java:809)&#10;        at java.util.concurrent.ThreadPoolExecutor.getTask(ThreadPoolExecutor.java:1074)&#10;        at java.util.concurrent.ThreadPoolExecutor.runWorker(ThreadPoolExecutor.java:1134)&#10;        at java.util.concurrent.ThreadPoolExecutor$Worker.run(ThreadPoolExecutor.java:624)&#10;        at java.lang.Thread.run(Thread.java:748)&#10;&quot;pool-196-thread-41&quot;  prio=5 tid=2245 in Object.wait()&#10;java.lang.Thread.State: WAITING (on object monitor)&#10;        at sun.misc.Unsafe.park(Native Method)&#10;        at java.util.concurrent.locks.LockSupport.park(LockSupport.java:175)&#10;        at java.util.concurrent.locks.AbstractQueuedSynchronizer$ConditionObject.await(AbstractQueuedSynchronizer.java:2039)&#10;        at java.util.concurrent.ArrayBlockingQueue.take(ArrayBlockingQueue.java:403)&#10;        at java.util.concurrent.ThreadPoolExecutor.getTask(ThreadPoolExecutor.java:1074)&#10;        at java.util.concurrent.ThreadPoolExecutor.runWorker(ThreadPoolExecutor.java:1134)&#10;        at java.util.concurrent.ThreadPoolExecutor$Worker.run(ThreadPoolExecutor.java:624)&#10;        at java.lang.Thread.run(Thread.java:748)&#10;&quot;CommandWatcher-LeaseManager#LeaseMonitor&quot; daemon prio=5 tid=1881 timed_waiting&#10;java.lang.Thread.State: TIMED_WAITING&#10;        at java.lang.Thread.sleep(Native Method)&#10;        at org.apache.hadoop.ozone.lease.LeaseManager$LeaseMonitor.run(LeaseManager.java:234)&#10;        at java.lang.Thread.run(Thread.java:748)&#10;&quot;ReplicationMonitor&quot; daemon prio=5 tid=2472 timed_waiting&#10;java.lang.Thread.State: TIMED_WAITING&#10;        at java.lang.Object.wait(Native Method)&#10;        at org.apache.hadoop.hdds.scm.container.ReplicationManager.run(ReplicationManager.java:229)&#10;        at org.apache.hadoop.hdds.scm.container.ReplicationManager$$Lambda$511/278366299.run(Unknown Source)&#10;        at java.lang.Thread.run(Thread.java:748)&#10;&quot;metrics-hadoop-metrics2-reporter-36-thread-1&quot; daemon prio=5 tid=969 timed_waiting&#10;java.lang.Thread.State: TIMED_WAITING&#10;        at sun.misc.Unsafe.park(Native Method)&#10;        at java.util.concurrent.locks.LockSupport.parkNanos(LockSupport.java:215)&#10;        at java.util.concurrent.locks.AbstractQueuedSynchronizer$ConditionObject.awaitNanos(AbstractQueuedSynchronizer.java:2078)&#10;        at java.util.concurrent.ScheduledThreadPoolExecutor$DelayedWorkQueue.take(ScheduledThreadPoolExecutor.java:1093)&#10;        at java.util.concurrent.ScheduledThreadPoolExecutor$DelayedWorkQueue.take(ScheduledThreadPoolExecutor.java:809)&#10;        at java.util.concurrent.ThreadPoolExecutor.getTask(ThreadPoolExecutor.java:1074)&#10;        at java.util.concurrent.ThreadPoolExecutor.runWorker(ThreadPoolExecutor.java:1134)&#10;        at java.util.concurrent.ThreadPoolExecutor$Worker.run(ThreadPoolExecutor.java:624)&#10;        at java.lang.Thread.run(Thread.java:748)&#10;&quot;Datanode ReportManager Thread - 3&quot; daemon prio=5 tid=689 in Object.wait()&#10;java.lang.Thread.State: WAITING (on object monitor)&#10;        at sun.misc.Unsafe.park(Native Method)&#10;        at java.util.concurrent.locks.LockSupport.park(LockSupport.java:175)&#10;        at java.util.concurrent.locks.AbstractQueuedSynchronizer$ConditionObject.await(AbstractQueuedSynchronizer.java:2039)&#10;        at java.util.concurrent.ScheduledThreadPoolExecutor$DelayedWorkQueue.take(ScheduledThreadPoolExecutor.java:1088)&#10;        at java.util.concurrent.ScheduledThreadPoolExecutor$DelayedWorkQueue.take(ScheduledThreadPoolExecutor.java:809)&#10;        at java.util.concurrent.ThreadPoolExecutor.getTask(ThreadPoolExecutor.java:1074)&#10;        at java.util.concurrent.ThreadPoolExecutor.runWorker(ThreadPoolExecutor.java:1134)&#10;        at java.util.concurrent.ThreadPoolExecutor$Worker.run(ThreadPoolExecutor.java:624)&#10;        at java.lang.Thread.run(Thread.java:748)&#10;&quot;pool-196-thread-6&quot;  prio=5 tid=2210 in Object.wait()&#10;java.lang.Thread.State: WAITING (on object monitor)&#10;        at sun.misc.Unsafe.park(Native Method)&#10;        at java.util.concurrent.locks.LockSupport.park(LockSupport.java:175)&#10;        at java.util.concurrent.locks.AbstractQueuedSynchronizer$ConditionObject.await(AbstractQueuedSynchronizer.java:2039)&#10;        at java.util.concurrent.ArrayBlockingQueue.take(ArrayBlockingQueue.java:403)&#10;        at java.util.concurrent.ThreadPoolExecutor.getTask(ThreadPoolExecutor.java:1074)&#10;        at java.util.concurrent.ThreadPoolExecutor.runWorker(ThreadPoolExecutor.java:1134)&#10;        at java.util.concurrent.ThreadPoolExecutor$Worker.run(ThreadPoolExecutor.java:624)&#10;        at java.lang.Thread.run(Thread.java:748)&#10;&quot;metrics-hadoop-metrics2-reporter-47-thread-1&quot; daemon prio=5 tid=1004 timed_waiting&#10;java.lang.Thread.State: TIMED_WAITING&#10;        at sun.misc.Unsafe.park(Native Method)&#10;        at java.util.concurrent.locks.LockSupport.parkNanos(LockSupport.java:215)&#10;        at java.util.concurrent.locks.AbstractQueuedSynchronizer$ConditionObject.awaitNanos(AbstractQueuedSynchronizer.java:2078)&#10;        at java.util.concurrent.ScheduledThreadPoolExecutor$DelayedWorkQueue.take(ScheduledThreadPoolExecutor.java:1093)&#10;        at java.util.concurrent.ScheduledThreadPoolExecutor$DelayedWorkQueue.take(ScheduledThreadPoolExecutor.java:809)&#10;        at java.util.concurrent.ThreadPoolExecutor.getTask(ThreadPoolExecutor.java:1074)&#10;        at java.util.concurrent.ThreadPoolExecutor.runWorker(ThreadPoolExecutor.java:1134)&#10;        at java.util.concurrent.ThreadPoolExecutor$Worker.run(ThreadPoolExecutor.java:624)&#10;        at java.lang.Thread.run(Thread.java:748)&#10;&quot;BlockDeletingService#1&quot; daemon prio=5 tid=2142 in Object.wait()&#10;java.lang.Thread.State: WAITING (on object monitor)&#10;        at sun.misc.Unsafe.park(Native Method)&#10;        at java.util.concurrent.locks.LockSupport.park(LockSupport.java:175)&#10;        at java.util.concurrent.locks.AbstractQueuedSynchronizer$ConditionObject.await(AbstractQueuedSynchronizer.java:2039)&#10;        at java.util.concurrent.ScheduledThreadPoolExecutor$DelayedWorkQueue.take(ScheduledThreadPoolExecutor.java:1088)&#10;        at java.util.concurrent.ScheduledThreadPoolExecutor$DelayedWorkQueue.take(ScheduledThreadPoolExecutor.java:809)&#10;        at java.util.concurrent.ThreadPoolExecutor.getTask(ThreadPoolExecutor.java:1074)&#10;        at java.util.concurrent.ThreadPoolExecutor.runWorker(ThreadPoolExecutor.java:1134)&#10;        at java.util.concurrent.ThreadPoolExecutor$Worker.run(ThreadPoolExecutor.java:624)&#10;        at java.lang.Thread.run(Thread.java:748)&#10;&quot;EventQueue-NodeRegistrationContainerReportForContainerSafeModeRule&quot; daemon prio=5 tid=2271 in Object.wait()&#10;java.lang.Thread.State: WAITING (on object monitor)&#10;        at sun.misc.Unsafe.park(Native Method)&#10;        at java.util.concurrent.locks.LockSupport.park(LockSupport.java:175)&#10;        at java.util.concurrent.locks.AbstractQueuedSynchronizer$ConditionObject.await(AbstractQueuedSynchronizer.java:2039)&#10;        at java.util.concurrent.LinkedBlockingQueue.take(LinkedBlockingQueue.java:442)&#10;        at java.util.concurrent.ThreadPoolExecutor.getTask(ThreadPoolExecutor.java:1074)&#10;        at java.util.concurrent.ThreadPoolExecutor.runWorker(ThreadPoolExecutor.java:1134)&#10;        at java.util.concurrent.ThreadPoolExecutor$Worker.run(ThreadPoolExecutor.java:624)&#10;        at java.lang.Thread.run(Thread.java:748)&#10;&quot;metrics-hadoop-metrics2-reporter-112-thread-1&quot; daemon prio=5 tid=2310 timed_waiting&#10;java.lang.Thread.State: TIMED_WAITING&#10;        at sun.misc.Unsafe.park(Native Method)&#10;        at java.util.concurrent.locks.LockSupport.parkNanos(LockSupport.java:215)&#10;        at java.util.concurrent.locks.AbstractQueuedSynchronizer$ConditionObject.awaitNanos(AbstractQueuedSynchronizer.java:2078)&#10;        at java.util.concurrent.ScheduledThreadPoolExecutor$DelayedWorkQueue.take(ScheduledThreadPoolExecutor.java:1093)&#10;        at java.util.concurrent.ScheduledThreadPoolExecutor$DelayedWorkQueue.take(ScheduledThreadPoolExecutor.java:809)&#10;        at java.util.concurrent.ThreadPoolExecutor.getTask(ThreadPoolExecutor.java:1074)&#10;        at java.util.concurrent.ThreadPoolExecutor.runWorker(ThreadPoolExecutor.java:1134)&#10;        at java.util.concurrent.ThreadPoolExecutor$Worker.run(ThreadPoolExecutor.java:624)&#10;        at java.lang.Thread.run(Thread.java:748)&#10;&quot;pool-196-thread-52&quot;  prio=5 tid=2256 in Object.wait()&#10;java.lang.Thread.State: WAITING (on object monitor)&#10;        at sun.misc.Unsafe.park(Native Method)&#10;        at java.util.concurrent.locks.LockSupport.park(LockSupport.java:175)&#10;        at java.util.concurrent.locks.AbstractQueuedSynchronizer$ConditionObject.await(AbstractQueuedSynchronizer.java:2039)&#10;        at java.util.concurrent.ArrayBlockingQueue.take(ArrayBlockingQueue.java:403)&#10;        at java.util.concurrent.ThreadPoolExecutor.getTask(ThreadPoolExecutor.java:1074)&#10;        at java.util.concurrent.ThreadPoolExecutor.runWorker(ThreadPoolExecutor.java:1134)&#10;        at java.util.concurrent.ThreadPoolExecutor$Worker.run(ThreadPoolExecutor.java:624)&#10;        at java.lang.Thread.run(Thread.java:748)&#10;&quot;pool-174-thread-1&quot; daemon prio=5 tid=2003 timed_waiting&#10;java.lang.Thread.State: TIMED_WAITING&#10;        at sun.misc.Unsafe.park(Native Method)&#10;        at java.util.concurrent.locks.LockSupport.parkNanos(LockSupport.java:215)&#10;        at java.util.concurrent.locks.AbstractQueuedSynchronizer$ConditionObject.awaitNanos(AbstractQueuedSynchronizer.java:2078)&#10;        at java.util.concurrent.ScheduledThreadPoolExecutor$DelayedWorkQueue.take(ScheduledThreadPoolExecutor.java:1093)&#10;        at java.util.concurrent.ScheduledThreadPoolExecutor$DelayedWorkQueue.take(ScheduledThreadPoolExecutor.java:809)&#10;        at java.util.concurrent.ThreadPoolExecutor.getTask(ThreadPoolExecutor.java:1074)&#10;        at java.util.concurrent.ThreadPoolExecutor.runWorker(ThreadPoolExecutor.java:1134)&#10;        at java.util.concurrent.ThreadPoolExecutor$Worker.run(ThreadPoolExecutor.java:624)&#10;        at java.lang.Thread.run(Thread.java:748)&#10;&quot;pool-196-thread-11&quot;  prio=5 tid=2215 in Object.wait()&#10;java.lang.Thread.State: WAITING (on object monitor)&#10;        at sun.misc.Unsafe.park(Native Method)&#10;        at java.util.concurrent.locks.LockSupport.park(LockSupport.java:175)&#10;        at java.util.concurrent.locks.AbstractQueuedSynchronizer$ConditionObject.await(AbstractQueuedSynchronizer.java:2039)&#10;        at java.util.concurrent.ArrayBlockingQueue.take(ArrayBlockingQueue.java:403)&#10;        at java.util.concurrent.ThreadPoolExecutor.getTask(ThreadPoolExecutor.java:1074)&#10;        at java.util.concurrent.ThreadPoolExecutor.runWorker(ThreadPoolExecutor.java:1134)&#10;        at java.util.concurrent.ThreadPoolExecutor$Worker.run(ThreadPoolExecutor.java:624)&#10;        at java.lang.Thread.run(Thread.java:748)&#10;&quot;pool-176-thread-12&quot;  prio=5 tid=2091 in Object.wait()&#10;java.lang.Thread.State: WAITING (on object monitor)&#10;        at sun.misc.Unsafe.park(Native Method)&#10;        at java.util.concurrent.locks.LockSupport.park(LockSupport.java:175)&#10;        at java.util.concurrent.locks.AbstractQueuedSynchronizer$ConditionObject.await(AbstractQueuedSynchronizer.java:2039)&#10;        at java.util.concurrent.ArrayBlockingQueue.take(ArrayBlockingQueue.java:403)&#10;        at java.util.concurrent.ThreadPoolExecutor.getTask(ThreadPoolExecutor.java:1074)&#10;        at java.util.concurrent.ThreadPoolExecutor.runWorker(ThreadPoolExecutor.java:1134)&#10;        at java.util.concurrent.ThreadPoolExecutor$Worker.run(ThreadPoolExecutor.java:624)&#10;        at java.lang.Thread.run(Thread.java:748)&#10;&quot;metrics-hadoop-metrics2-reporter-70-thread-1&quot; daemon prio=5 tid=1613 timed_waiting&#10;java.lang.Thread.State: TIMED_WAITING&#10;        at sun.misc.Unsafe.park(Native Method)&#10;        at java.util.concurrent.locks.LockSupport.parkNanos(LockSupport.java:215)&#10;        at java.util.concurrent.locks.AbstractQueuedSynchronizer$ConditionObject.awaitNanos(AbstractQueuedSynchronizer.java:2078)&#10;        at java.util.concurrent.ScheduledThreadPoolExecutor$DelayedWorkQueue.take(ScheduledThreadPoolExecutor.java:1093)&#10;        at java.util.concurrent.ScheduledThreadPoolExecutor$DelayedWorkQueue.take(ScheduledThreadPoolExecutor.java:809)&#10;        at java.util.concurrent.ThreadPoolExecutor.getTask(ThreadPoolExecutor.java:1074)&#10;        at java.util.concurrent.ThreadPoolExecutor.runWorker(ThreadPoolExecutor.java:1134)&#10;        at java.util.concurrent.ThreadPoolExecutor$Worker.run(ThreadPoolExecutor.java:624)&#10;        at java.lang.Thread.run(Thread.java:748)&#10;&quot;metrics-hadoop-metrics2-reporter-21-thread-1&quot; daemon prio=5 tid=492 timed_waiting&#10;java.lang.Thread.State: TIMED_WAITING&#10;        at sun.misc.Unsafe.park(Native Method)&#10;        at java.util.concurrent.locks.LockSupport.parkNanos(LockSupport.java:215)&#10;        at java.util.concurrent.locks.AbstractQueuedSynchronizer$ConditionObject.awaitNanos(AbstractQueuedSynchronizer.java:2078)&#10;        at java.util.concurrent.ScheduledThreadPoolExecutor$DelayedWorkQueue.take(ScheduledThreadPoolExecutor.java:1093)&#10;        at java.util.concurrent.ScheduledThreadPoolExecutor$DelayedWorkQueue.take(ScheduledThreadPoolExecutor.java:809)&#10;        at java.util.concurrent.ThreadPoolExecutor.getTask(ThreadPoolExecutor.java:1074)&#10;        at java.util.concurrent.ThreadPoolExecutor.runWorker(ThreadPoolExecutor.java:1134)&#10;        at java.util.concurrent.ThreadPoolExecutor$Worker.run(ThreadPoolExecutor.java:624)&#10;        at java.lang.Thread.run(Thread.java:748)&#10;&quot;IPC Client (405488475) connection to /0.0.0.0:35803 from jenkins1000&quot; daemon prio=5 tid=2079 timed_waiting&#10;java.lang.Thread.State: TIMED_WAITING&#10;        at java.lang.Object.wait(Native Method)&#10;        at org.apache.hadoop.ipc.Client$Connection.waitForWork(Client.java:1024)&#10;        at org.apache.hadoop.ipc.Client$Connection.run(Client.java:1068)&#10;&quot;Datanode ReportManager Thread - 3&quot; daemon prio=5 tid=1373 timed_waiting&#10;java.lang.Thread.State: TIMED_WAITING&#10;        at sun.misc.Unsafe.park(Native Method)&#10;        at java.util.concurrent.locks.LockSupport.parkNanos(LockSupport.java:215)&#10;        at java.util.concurrent.locks.AbstractQueuedSynchronizer$ConditionObject.awaitNanos(AbstractQueuedSynchronizer.java:2078)&#10;        at java.util.concurrent.ScheduledThreadPoolExecutor$DelayedWorkQueue.take(ScheduledThreadPoolExecutor.java:1093)&#10;        at java.util.concurrent.ScheduledThreadPoolExecutor$DelayedWorkQueue.take(ScheduledThreadPoolExecutor.java:809)&#10;        at java.util.concurrent.ThreadPoolExecutor.getTask(ThreadPoolExecutor.java:1074)&#10;        at java.util.concurrent.ThreadPoolExecutor.runWorker(ThreadPoolExecutor.java:1134)&#10;        at java.util.concurrent.ThreadPoolExecutor$Worker.run(ThreadPoolExecutor.java:624)&#10;        at java.lang.Thread.run(Thread.java:748)&#10;&quot;org.apache.hadoop.util.JvmPauseMonitor$Monitor@68c857a6&quot; daemon prio=5 tid=2050 timed_waiting&#10;java.lang.Thread.State: TIMED_WAITING&#10;        at java.lang.Thread.sleep(Native Method)&#10;        at org.apache.hadoop.util.JvmPauseMonitor$Monitor.run(JvmPauseMonitor.java:192)&#10;        at java.lang.Thread.run(Thread.java:748)&#10;&quot;IPC Server handler 3 on 37818&quot; daemon prio=5 tid=1905 timed_waiting&#10;java.lang.Thread.State: TIMED_WAITING&#10;        at sun.misc.Unsafe.park(Native Method)&#10;        at java.util.concurrent.locks.LockSupport.parkNanos(LockSupport.java:215)&#10;        at java.util.concurrent.locks.AbstractQueuedSynchronizer$ConditionObject.awaitNanos(AbstractQueuedSynchronizer.java:2078)&#10;        at java.util.concurrent.LinkedBlockingQueue.poll(LinkedBlockingQueue.java:467)&#10;        at org.apache.hadoop.ipc.CallQueueManager.take(CallQueueManager.java:288)&#10;        at org.apache.hadoop.ipc.Server$Handler.run(Server.java:2668)&#10;&quot;metrics-hadoop-metrics2-reporter-42-thread-1&quot; daemon prio=5 tid=989 timed_waiting&#10;java.lang.Thread.State: TIMED_WAITING&#10;        at sun.misc.Unsafe.park(Native Method)&#10;        at java.util.concurrent.locks.LockSupport.parkNanos(LockSupport.java:215)&#10;        at java.util.concurrent.locks.AbstractQueuedSynchronizer$ConditionObject.awaitNanos(AbstractQueuedSynchronizer.java:2078)&#10;        at java.util.concurrent.ScheduledThreadPoolExecutor$DelayedWorkQueue.take(ScheduledThreadPoolExecutor.java:1093)&#10;        at java.util.concurrent.ScheduledThreadPoolExecutor$DelayedWorkQueue.take(ScheduledThreadPoolExecutor.java:809)&#10;        at java.util.concurrent.ThreadPoolExecutor.getTask(ThreadPoolExecutor.java:1074)&#10;        at java.util.concurrent.ThreadPoolExecutor.runWorker(ThreadPoolExecutor.java:1134)&#10;        at java.util.concurrent.ThreadPoolExecutor$Worker.run(ThreadPoolExecutor.java:624)&#10;        at java.lang.Thread.run(Thread.java:748)&#10;&quot;metrics-hadoop-metrics2-reporter-125-thread-1&quot; daemon prio=5 tid=2484 timed_waiting&#10;java.lang.Thread.State: TIMED_WAITING&#10;        at sun.misc.Unsafe.park(Native Method)&#10;        at java.util.concurrent.locks.LockSupport.parkNanos(LockSupport.java:215)&#10;        at java.util.concurrent.locks.AbstractQueuedSynchronizer$ConditionObject.awaitNanos(AbstractQueuedSynchronizer.java:2078)&#10;        at java.util.concurrent.ScheduledThreadPoolExecutor$DelayedWorkQueue.take(ScheduledThreadPoolExecutor.java:1093)&#10;        at java.util.concurrent.ScheduledThreadPoolExecutor$DelayedWorkQueue.take(ScheduledThreadPoolExecutor.java:809)&#10;        at java.util.concurrent.ThreadPoolExecutor.getTask(ThreadPoolExecutor.java:1074)&#10;        at java.util.concurrent.ThreadPoolExecutor.runWorker(ThreadPoolExecutor.java:1134)&#10;        at java.util.concurrent.ThreadPoolExecutor$Worker.run(ThreadPoolExecutor.java:624)&#10;        at java.lang.Thread.run(Thread.java:748)&#10;&quot;metrics-hadoop-metrics2-reporter-63-thread-1&quot; daemon prio=5 tid=1154 timed_waiting&#10;java.lang.Thread.State: TIMED_WAITING&#10;        at sun.misc.Unsafe.park(Native Method)&#10;        at java.util.concurrent.locks.LockSupport.parkNanos(LockSupport.java:215)&#10;        at java.util.concurrent.locks.AbstractQueuedSynchronizer$ConditionObject.awaitNanos(AbstractQueuedSynchronizer.java:2078)&#10;        at java.util.concurrent.ScheduledThreadPoolExecutor$DelayedWorkQueue.take(ScheduledThreadPoolExecutor.java:1093)&#10;        at java.util.concurrent.ScheduledThreadPoolExecutor$DelayedWorkQueue.take(ScheduledThreadPoolExecutor.java:809)&#10;        at java.util.concurrent.ThreadPoolExecutor.getTask(ThreadPoolExecutor.java:1074)&#10;        at java.util.concurrent.ThreadPoolExecutor.runWorker(ThreadPoolExecutor.java:1134)&#10;        at java.util.concurrent.ThreadPoolExecutor$Worker.run(ThreadPoolExecutor.java:624)&#10;        at java.lang.Thread.run(Thread.java:748)&#10;&quot;grpc-default-executor-4&quot; daemon prio=5 tid=2516 timed_waiting&#10;java.lang.Thread.State: TIMED_WAITING&#10;        at sun.misc.Unsafe.park(Native Method)&#10;        at java.util.concurrent.locks.LockSupport.parkNanos(LockSupport.java:215)&#10;        at java.util.concurrent.SynchronousQueue$TransferStack.awaitFulfill(SynchronousQueue.java:460)&#10;        at java.util.concurrent.SynchronousQueue$TransferStack.transfer(SynchronousQueue.java:362)&#10;        at java.util.concurrent.SynchronousQueue.poll(SynchronousQueue.java:941)&#10;        at java.util.concurrent.ThreadPoolExecutor.getTask(ThreadPoolExecutor.java:1073)&#10;        at java.util.concurrent.ThreadPoolExecutor.runWorker(ThreadPoolExecutor.java:1134)&#10;        at java.util.concurrent.ThreadPoolExecutor$Worker.run(ThreadPoolExecutor.java:624)&#10;        at java.lang.Thread.run(Thread.java:748)&#10;&quot;metrics-hadoop-metrics2-reporter-45-thread-1&quot; daemon prio=5 tid=999 timed_waiting&#10;java.lang.Thread.State: TIMED_WAITING&#10;        at sun.misc.Unsafe.park(Native Method)&#10;        at java.util.concurrent.locks.LockSupport.parkNanos(LockSupport.java:215)&#10;        at java.util.concurrent.locks.AbstractQueuedSynchronizer$ConditionObject.awaitNanos(AbstractQueuedSynchronizer.java:2078)&#10;        at java.util.concurrent.ScheduledThreadPoolExecutor$DelayedWorkQueue.take(ScheduledThreadPoolExecutor.java:1093)&#10;        at java.util.concurrent.ScheduledThreadPoolExecutor$DelayedWorkQueue.take(ScheduledThreadPoolExecutor.java:809)&#10;        at java.util.concurrent.ThreadPoolExecutor.getTask(ThreadPoolExecutor.java:1074)&#10;        at java.util.concurrent.ThreadPoolExecutor.runWorker(ThreadPoolExecutor.java:1134)&#10;        at java.util.concurrent.ThreadPoolExecutor$Worker.run(ThreadPoolExecutor.java:624)&#10;        at java.lang.Thread.run(Thread.java:748)&#10;&quot;67f35358-9777-4ff9-96f4-8a61bc3a94fe@group-21BA9BD4283D-StateMachineUpdater&quot; daemon prio=5 tid=2483 in Object.wait()&#10;java.lang.Thread.State: WAITING (on object monitor)&#10;        at java.lang.Object.wait(Native Method)&#10;        at java.lang.Object.wait(Object.java:502)&#10;        at org.apache.ratis.server.impl.StateMachineUpdater.waitForCommit(StateMachineUpdater.java:194)&#10;        at org.apache.ratis.server.impl.StateMachineUpdater.run(StateMachineUpdater.java:159)&#10;        at java.lang.Thread.run(Thread.java:748)&#10;&quot;pool-186-thread-3&quot;  prio=5 tid=2145 in Object.wait()&#10;java.lang.Thread.State: WAITING (on object monitor)&#10;        at sun.misc.Unsafe.park(Native Method)&#10;        at java.util.concurrent.locks.LockSupport.park(LockSupport.java:175)&#10;        at java.util.concurrent.locks.AbstractQueuedSynchronizer$ConditionObject.await(AbstractQueuedSynchronizer.java:2039)&#10;        at java.util.concurrent.ArrayBlockingQueue.take(ArrayBlockingQueue.java:403)&#10;        at java.util.concurrent.ThreadPoolExecutor.getTask(ThreadPoolExecutor.java:1074)&#10;        at java.util.concurrent.ThreadPoolExecutor.runWorker(ThreadPoolExecutor.java:1134)&#10;        at java.util.concurrent.ThreadPoolExecutor$Worker.run(ThreadPoolExecutor.java:624)&#10;        at java.lang.Thread.run(Thread.java:748)&#10;&quot;metrics-hadoop-metrics2-reporter-10-thread-1&quot; daemon prio=5 tid=457 timed_waiting&#10;java.lang.Thread.State: TIMED_WAITING&#10;        at sun.misc.Unsafe.park(Native Method)&#10;        at java.util.concurrent.locks.LockSupport.parkNanos(LockSupport.java:215)&#10;        at java.util.concurrent.locks.AbstractQueuedSynchronizer$ConditionObject.awaitNanos(AbstractQueuedSynchronizer.java:2078)&#10;        at java.util.concurrent.ScheduledThreadPoolExecutor$DelayedWorkQueue.take(ScheduledThreadPoolExecutor.java:1093)&#10;        at java.util.concurrent.ScheduledThreadPoolExecutor$DelayedWorkQueue.take(ScheduledThreadPoolExecutor.java:809)&#10;        at java.util.concurrent.ThreadPoolExecutor.getTask(ThreadPoolExecutor.java:1074)&#10;        at java.util.concurrent.ThreadPoolExecutor.runWorker(ThreadPoolExecutor.java:1134)&#10;        at java.util.concurrent.ThreadPoolExecutor$Worker.run(ThreadPoolExecutor.java:624)&#10;        at java.lang.Thread.run(Thread.java:748)&#10;&quot;IPC Server handler 5 on 37818&quot; daemon prio=5 tid=1907 timed_waiting&#10;java.lang.Thread.State: TIMED_WAITING&#10;        at sun.misc.Unsafe.park(Native Method)&#10;        at java.util.concurrent.locks.LockSupport.parkNanos(LockSupport.java:215)&#10;        at java.util.concurrent.locks.AbstractQueuedSynchronizer$ConditionObject.awaitNanos(AbstractQueuedSynchronizer.java:2078)&#10;        at java.util.concurrent.LinkedBlockingQueue.poll(LinkedBlockingQueue.java:467)&#10;        at org.apache.hadoop.ipc.CallQueueManager.take(CallQueueManager.java:288)&#10;        at org.apache.hadoop.ipc.Server$Handler.run(Server.java:2668)&#10;&quot;metrics-hadoop-metrics2-reporter-133-thread-1&quot; daemon prio=5 tid=2546 timed_waiting&#10;java.lang.Thread.State: TIMED_WAITING&#10;        at sun.misc.Unsafe.park(Native Method)&#10;        at java.util.concurrent.locks.LockSupport.parkNanos(LockSupport.java:215)&#10;        at java.util.concurrent.locks.AbstractQueuedSynchronizer$ConditionObject.awaitNanos(AbstractQueuedSynchronizer.java:2078)&#10;        at java.util.concurrent.ScheduledThreadPoolExecutor$DelayedWorkQueue.take(ScheduledThreadPoolExecutor.java:1093)&#10;        at java.util.concurrent.ScheduledThreadPoolExecutor$DelayedWorkQueue.take(ScheduledThreadPoolExecutor.java:809)&#10;        at java.util.concurrent.ThreadPoolExecutor.getTask(ThreadPoolExecutor.java:1074)&#10;        at java.util.concurrent.ThreadPoolExecutor.runWorker(ThreadPoolExecutor.java:1134)&#10;        at java.util.concurrent.ThreadPoolExecutor$Worker.run(ThreadPoolExecutor.java:624)&#10;        at java.lang.Thread.run(Thread.java:748)&#10;&quot;grpc-default-executor-3&quot; daemon prio=5 tid=2346 timed_waiting&#10;java.lang.Thread.State: TIMED_WAITING&#10;        at sun.misc.Unsafe.park(Native Method)&#10;        at java.util.concurrent.locks.LockSupport.parkNanos(LockSupport.java:215)&#10;        at java.util.concurrent.SynchronousQueue$TransferStack.awaitFulfill(SynchronousQueue.java:460)&#10;        at java.util.concurrent.SynchronousQueue$TransferStack.transfer(SynchronousQueue.java:362)&#10;        at java.util.concurrent.SynchronousQueue.poll(SynchronousQueue.java:941)&#10;        at java.util.concurrent.ThreadPoolExecutor.getTask(ThreadPoolExecutor.java:1073)&#10;        at java.util.concurrent.ThreadPoolExecutor.runWorker(ThreadPoolExecutor.java:1134)&#10;        at java.util.concurrent.ThreadPoolExecutor$Worker.run(ThreadPoolExecutor.java:624)&#10;        at java.lang.Thread.run(Thread.java:748)&#10;&quot;org.eclipse.jetty.server.session.HashSessionManager@76fe6cdcTimer&quot; daemon prio=5 tid=2016 timed_waiting&#10;java.lang.Thread.State: TIMED_WAITING&#10;        at sun.misc.Unsafe.park(Native Method)&#10;        at java.util.concurrent.locks.LockSupport.parkNanos(LockSupport.java:215)&#10;        at java.util.concurrent.locks.AbstractQueuedSynchronizer$ConditionObject.awaitNanos(AbstractQueuedSynchronizer.java:2078)&#10;        at java.util.concurrent.ScheduledThreadPoolExecutor$DelayedWorkQueue.take(ScheduledThreadPoolExecutor.java:1093)&#10;        at java.util.concurrent.ScheduledThreadPoolExecutor$DelayedWorkQueue.take(ScheduledThreadPoolExecutor.java:809)&#10;        at java.util.concurrent.ThreadPoolExecutor.getTask(ThreadPoolExecutor.java:1074)&#10;        at java.util.concurrent.ThreadPoolExecutor.runWorker(ThreadPoolExecutor.java:1134)&#10;        at java.util.concurrent.ThreadPoolExecutor$Worker.run(ThreadPoolExecutor.java:624)&#10;        at java.lang.Thread.run(Thread.java:748)&#10;&quot;pool-186-thread-23&quot;  prio=5 tid=2165 in Object.wait()&#10;java.lang.Thread.State: WAITING (on object monitor)&#10;        at sun.misc.Unsafe.park(Native Method)&#10;        at java.util.concurrent.locks.LockSupport.park(LockSupport.java:175)&#10;        at java.util.concurrent.locks.AbstractQueuedSynchronizer$ConditionObject.await(AbstractQueuedSynchronizer.java:2039)&#10;        at java.util.concurrent.ArrayBlockingQueue.take(ArrayBlockingQueue.java:403)&#10;        at java.util.concurrent.ThreadPoolExecutor.getTask(ThreadPoolExecutor.java:1074)&#10;        at java.util.concurrent.ThreadPoolExecutor.runWorker(ThreadPoolExecutor.java:1134)&#10;        at java.util.concurrent.ThreadPoolExecutor$Worker.run(ThreadPoolExecutor.java:624)&#10;        at java.lang.Thread.run(Thread.java:748)&#10;&quot;IPC Server handler 8 on 43940&quot; daemon prio=5 tid=1890 timed_waiting&#10;java.lang.Thread.State: TIMED_WAITING&#10;        at sun.misc.Unsafe.park(Native Method)&#10;        at java.util.concurrent.locks.LockSupport.parkNanos(LockSupport.java:215)&#10;        at java.util.concurrent.locks.AbstractQueuedSynchronizer$ConditionObject.awaitNanos(AbstractQueuedSynchronizer.java:2078)&#10;        at java.util.concurrent.LinkedBlockingQueue.poll(LinkedBlockingQueue.java:467)&#10;        at org.apache.hadoop.ipc.CallQueueManager.take(CallQueueManager.java:288)&#10;        at org.apache.hadoop.ipc.Server$Handler.run(Server.java:2668)&#10;&quot;pool-196-thread-10&quot;  prio=5 tid=2214 in Object.wait()&#10;java.lang.Thread.State: WAITING (on object monitor)&#10;        at sun.misc.Unsafe.park(Native Method)&#10;        at java.util.concurrent.locks.LockSupport.park(LockSupport.java:175)&#10;        at java.util.concurrent.locks.AbstractQueuedSynchronizer$ConditionObject.await(AbstractQueuedSynchronizer.java:2039)&#10;        at java.util.concurrent.ArrayBlockingQueue.take(ArrayBlockingQueue.java:403)&#10;        at java.util.concurrent.ThreadPoolExecutor.getTask(ThreadPoolExecutor.java:1074)&#10;        at java.util.concurrent.ThreadPoolExecutor.runWorker(ThreadPoolExecutor.java:1134)&#10;        at java.util.concurrent.ThreadPoolExecutor$Worker.run(ThreadPoolExecutor.java:624)&#10;        at java.lang.Thread.run(Thread.java:748)&#10;&quot;Datanode ReportManager Thread - 1&quot; daemon prio=5 tid=741 in Object.wait()&#10;java.lang.Thread.State: WAITING (on object monitor)&#10;        at sun.misc.Unsafe.park(Native Method)&#10;        at java.util.concurrent.locks.LockSupport.park(LockSupport.java:175)&#10;        at java.util.concurrent.locks.AbstractQueuedSynchronizer$ConditionObject.await(AbstractQueuedSynchronizer.java:2039)&#10;        at java.util.concurrent.ScheduledThreadPoolExecutor$DelayedWorkQueue.take(ScheduledThreadPoolExecutor.java:1088)&#10;        at java.util.concurrent.ScheduledThreadPoolExecutor$DelayedWorkQueue.take(ScheduledThreadPoolExecutor.java:809)&#10;        at java.util.concurrent.ThreadPoolExecutor.getTask(ThreadPoolExecutor.java:1074)&#10;        at java.util.concurrent.ThreadPoolExecutor.runWorker(ThreadPoolExecutor.java:1134)&#10;        at java.util.concurrent.ThreadPoolExecutor$Worker.run(ThreadPoolExecutor.java:624)&#10;        at java.lang.Thread.run(Thread.java:748)&#10;&quot;pool-196-thread-20&quot;  prio=5 tid=2224 in Object.wait()&#10;java.lang.Thread.State: WAITING (on object monitor)&#10;        at sun.misc.Unsafe.park(Native Method)&#10;        at java.util.concurrent.locks.LockSupport.park(LockSupport.java:175)&#10;        at java.util.concurrent.locks.AbstractQueuedSynchronizer$ConditionObject.await(AbstractQueuedSynchronizer.java:2039)&#10;        at java.util.concurrent.ArrayBlockingQueue.take(ArrayBlockingQueue.java:403)&#10;        at java.util.concurrent.ThreadPoolExecutor.getTask(ThreadPoolExecutor.java:1074)&#10;        at java.util.concurrent.ThreadPoolExecutor.runWorker(ThreadPoolExecutor.java:1134)&#10;        at java.util.concurrent.ThreadPoolExecutor$Worker.run(ThreadPoolExecutor.java:624)&#10;        at java.lang.Thread.run(Thread.java:748)&#10;&quot;pool-196-thread-2&quot;  prio=5 tid=2206 in Object.wait()&#10;java.lang.Thread.State: WAITING (on object monitor)&#10;        at sun.misc.Unsafe.park(Native Method)&#10;        at java.util.concurrent.locks.LockSupport.park(LockSupport.java:175)&#10;        at java.util.concurrent.locks.AbstractQueuedSynchronizer$ConditionObject.await(AbstractQueuedSynchronizer.java:2039)&#10;        at java.util.concurrent.ArrayBlockingQueue.take(ArrayBlockingQueue.java:403)&#10;        at java.util.concurrent.ThreadPoolExecutor.getTask(ThreadPoolExecutor.java:1074)&#10;        at java.util.concurrent.ThreadPoolExecutor.runWorker(ThreadPoolExecutor.java:1134)&#10;        at java.util.concurrent.ThreadPoolExecutor$Worker.run(ThreadPoolExecutor.java:624)&#10;        at java.lang.Thread.run(Thread.java:748)&#10;&quot;pool-186-thread-32&quot;  prio=5 tid=2174 in Object.wait()&#10;java.lang.Thread.State: WAITING (on object monitor)&#10;        at sun.misc.Unsafe.park(Native Method)&#10;        at java.util.concurrent.locks.LockSupport.park(LockSupport.java:175)&#10;        at java.util.concurrent.locks.AbstractQueuedSynchronizer$ConditionObject.await(AbstractQueuedSynchronizer.java:2039)&#10;        at java.util.concurrent.ArrayBlockingQueue.take(ArrayBlockingQueue.java:403)&#10;        at java.util.concurrent.ThreadPoolExecutor.getTask(ThreadPoolExecutor.java:1074)&#10;        at java.util.concurrent.ThreadPoolExecutor.runWorker(ThreadPoolExecutor.java:1134)&#10;        at java.util.concurrent.ThreadPoolExecutor$Worker.run(ThreadPoolExecutor.java:624)&#10;        at java.lang.Thread.run(Thread.java:748)&#10;&quot;pool-176-thread-47&quot;  prio=5 tid=2126 in Object.wait()&#10;java.lang.Thread.State: WAITING (on object monitor)&#10;        at sun.misc.Unsafe.park(Native Method)&#10;        at java.util.concurrent.locks.LockSupport.park(LockSupport.java:175)&#10;        at java.util.concurrent.locks.AbstractQueuedSynchronizer$ConditionObject.await(AbstractQueuedSynchronizer.java:2039)&#10;        at java.util.concurrent.ArrayBlockingQueue.take(ArrayBlockingQueue.java:403)&#10;        at java.util.concurrent.ThreadPoolExecutor.getTask(ThreadPoolExecutor.java:1074)&#10;        at java.util.concurrent.ThreadPoolExecutor.runWorker(ThreadPoolExecutor.java:1134)&#10;        at java.util.concurrent.ThreadPoolExecutor$Worker.run(ThreadPoolExecutor.java:624)&#10;        at java.lang.Thread.run(Thread.java:748)&#10;&quot;pool-200-thread-1&quot;  prio=5 tid=2059 timed_waiting&#10;java.lang.Thread.State: TIMED_WAITING&#10;        at sun.misc.Unsafe.park(Native Method)&#10;        at java.util.concurrent.locks.LockSupport.parkNanos(LockSupport.java:215)&#10;        at java.util.concurrent.locks.AbstractQueuedSynchronizer$ConditionObject.awaitNanos(AbstractQueuedSynchronizer.java:2078)&#10;        at java.util.concurrent.ScheduledThreadPoolExecutor$DelayedWorkQueue.take(ScheduledThreadPoolExecutor.java:1093)&#10;        at java.util.concurrent.ScheduledThreadPoolExecutor$DelayedWorkQueue.take(ScheduledThreadPoolExecutor.java:809)&#10;        at java.util.concurrent.ThreadPoolExecutor.getTask(ThreadPoolExecutor.java:1074)&#10;        at java.util.concurrent.ThreadPoolExecutor.runWorker(ThreadPoolExecutor.java:1134)&#10;        at java.util.concurrent.ThreadPoolExecutor$Worker.run(ThreadPoolExecutor.java:624)&#10;        at java.lang.Thread.run(Thread.java:748)&#10;&quot;Socket Reader #1 for port 35803&quot;  prio=5 tid=1868 runnable&#10;java.lang.Thread.State: RUNNABLE&#10;        at sun.nio.ch.EPollArrayWrapper.epollWait(Native Method)&#10;        at sun.nio.ch.EPollArrayWrapper.poll(EPollArrayWrapper.java:269)&#10;        at sun.nio.ch.EPollSelectorImpl.doSelect(EPollSelectorImpl.java:93)&#10;        at sun.nio.ch.SelectorImpl.lockAndDoSelect(SelectorImpl.java:86)&#10;        at sun.nio.ch.SelectorImpl.select(SelectorImpl.java:97)&#10;        at sun.nio.ch.SelectorImpl.select(SelectorImpl.java:101)&#10;        at org.apache.hadoop.ipc.Server$Listener$Reader.doRunLoop(Server.java:1097)&#10;        at org.apache.hadoop.ipc.Server$Listener$Reader.run(Server.java:1076)&#10;&quot;surefire-forkedjvm-ping-30s&quot; daemon prio=5 tid=9 timed_waiting&#10;java.lang.Thread.State: TIMED_WAITING&#10;        at sun.misc.Unsafe.park(Native Method)&#10;        at java.util.concurrent.locks.LockSupport.parkNanos(LockSupport.java:215)&#10;        at java.util.concurrent.locks.AbstractQueuedSynchronizer$ConditionObject.awaitNanos(AbstractQueuedSynchronizer.java:2078)&#10;        at java.util.concurrent.ScheduledThreadPoolExecutor$DelayedWorkQueue.take(ScheduledThreadPoolExecutor.java:1093)&#10;        at java.util.concurrent.ScheduledThreadPoolExecutor$DelayedWorkQueue.take(ScheduledThreadPoolExecutor.java:809)&#10;        at java.util.concurrent.ThreadPoolExecutor.getTask(ThreadPoolExecutor.java:1074)&#10;        at java.util.concurrent.ThreadPoolExecutor.runWorker(ThreadPoolExecutor.java:1134)&#10;        at java.util.concurrent.ThreadPoolExecutor$Worker.run(ThreadPoolExecutor.java:624)&#10;        at java.lang.Thread.run(Thread.java:748)&#10;&quot;pool-176-thread-29&quot;  prio=5 tid=2108 in Object.wait()&#10;java.lang.Thread.State: WAITING (on object monitor)&#10;        at sun.misc.Unsafe.park(Native Method)&#10;        at java.util.concurrent.locks.LockSupport.park(LockSupport.java:175)&#10;        at java.util.concurrent.locks.AbstractQueuedSynchronizer$ConditionObject.await(AbstractQueuedSynchronizer.java:2039)&#10;        at java.util.concurrent.ArrayBlockingQueue.take(ArrayBlockingQueue.java:403)&#10;        at java.util.concurrent.ThreadPoolExecutor.getTask(ThreadPoolExecutor.java:1074)&#10;        at java.util.concurrent.ThreadPoolExecutor.runWorker(ThreadPoolExecutor.java:1134)&#10;        at java.util.concurrent.ThreadPoolExecutor$Worker.run(ThreadPoolExecutor.java:624)&#10;        at java.lang.Thread.run(Thread.java:748)&#10;&quot;pool-196-thread-59&quot;  prio=5 tid=2263 in Object.wait()&#10;java.lang.Thread.State: WAITING (on object monitor)&#10;        at sun.misc.Unsafe.park(Native Method)&#10;        at java.util.concurrent.locks.LockSupport.park(LockSupport.java:175)&#10;        at java.util.concurrent.locks.AbstractQueuedSynchronizer$ConditionObject.await(AbstractQueuedSynchronizer.java:2039)&#10;        at java.util.concurrent.ArrayBlockingQueue.take(ArrayBlockingQueue.java:403)&#10;        at java.util.concurrent.ThreadPoolExecutor.getTask(ThreadPoolExecutor.java:1074)&#10;        at java.util.concurrent.ThreadPoolExecutor.runWorker(ThreadPoolExecutor.java:1134)&#10;        at java.util.concurrent.ThreadPoolExecutor$Worker.run(ThreadPoolExecutor.java:624)&#10;        at java.lang.Thread.run(Thread.java:748)&#10;&quot;org.eclipse.jetty.server.session.HashSessionManager@17b37e9aTimer&quot; daemon prio=5 tid=2070 timed_waiting&#10;java.lang.Thread.State: TIMED_WAITING&#10;        at sun.misc.Unsafe.park(Native Method)&#10;        at java.util.concurrent.locks.LockSupport.parkNanos(LockSupport.java:215)&#10;        at java.util.concurrent.locks.AbstractQueuedSynchronizer$ConditionObject.awaitNanos(AbstractQueuedSynchronizer.java:2078)&#10;        at java.util.concurrent.ScheduledThreadPoolExecutor$DelayedWorkQueue.take(ScheduledThreadPoolExecutor.java:1093)&#10;        at java.util.concurrent.ScheduledThreadPoolExecutor$DelayedWorkQueue.take(ScheduledThreadPoolExecutor.java:809)&#10;        at java.util.concurrent.ThreadPoolExecutor.getTask(ThreadPoolExecutor.java:1074)&#10;        at java.util.concurrent.ThreadPoolExecutor.runWorker(ThreadPoolExecutor.java:1134)&#10;        at java.util.concurrent.ThreadPoolExecutor$Worker.run(ThreadPoolExecutor.java:624)&#10;        at java.lang.Thread.run(Thread.java:748)&#10;&quot;metrics-hadoop-metrics2-reporter-68-thread-1&quot; daemon prio=5 tid=1610 timed_waiting&#10;java.lang.Thread.State: TIMED_WAITING&#10;        at sun.misc.Unsafe.park(Native Method)&#10;        at java.util.concurrent.locks.LockSupport.parkNanos(LockSupport.java:215)&#10;        at java.util.concurrent.locks.AbstractQueuedSynchronizer$ConditionObject.awaitNanos(AbstractQueuedSynchronizer.java:2078)&#10;        at java.util.concurrent.ScheduledThreadPoolExecutor$DelayedWorkQueue.take(ScheduledThreadPoolExecutor.java:1093)&#10;        at java.util.concurrent.ScheduledThreadPoolExecutor$DelayedWorkQueue.take(ScheduledThreadPoolExecutor.java:809)&#10;        at java.util.concurrent.ThreadPoolExecutor.getTask(ThreadPoolExecutor.java:1074)&#10;        at java.util.concurrent.ThreadPoolExecutor.runWorker(ThreadPoolExecutor.java:1134)&#10;        at java.util.concurrent.ThreadPoolExecutor$Worker.run(ThreadPoolExecutor.java:624)&#10;        at java.lang.Thread.run(Thread.java:748)&#10;&quot;pool-176-thread-23&quot;  prio=5 tid=2102 in Object.wait()&#10;java.lang.Thread.State: WAITING (on object monitor)&#10;        at sun.misc.Unsafe.park(Native Method)&#10;        at java.util.concurrent.locks.LockSupport.park(LockSupport.java:175)&#10;        at java.util.concurrent.locks.AbstractQueuedSynchronizer$ConditionObject.await(AbstractQueuedSynchronizer.java:2039)&#10;        at java.util.concurrent.ArrayBlockingQueue.take(ArrayBlockingQueue.java:403)&#10;        at java.util.concurrent.ThreadPoolExecutor.getTask(ThreadPoolExecutor.java:1074)&#10;        at java.util.concurrent.ThreadPoolExecutor.runWorker(ThreadPoolExecutor.java:1134)&#10;        at java.util.concurrent.ThreadPoolExecutor$Worker.run(ThreadPoolExecutor.java:624)&#10;        at java.lang.Thread.run(Thread.java:748)&#10;&quot;grpc-default-boss-ELG-8-1&quot; daemon prio=5 tid=2140 runnable&#10;java.lang.Thread.State: RUNNABLE&#10;        at sun.nio.ch.EPollArrayWrapper.epollWait(Native Method)&#10;        at sun.nio.ch.EPollArrayWrapper.poll(EPollArrayWrapper.java:269)&#10;        at sun.nio.ch.EPollSelectorImpl.doSelect(EPollSelectorImpl.java:93)&#10;        at sun.nio.ch.SelectorImpl.lockAndDoSelect(SelectorImpl.java:86)&#10;        at sun.nio.ch.SelectorImpl.select(SelectorImpl.java:97)&#10;        at org.apache.ratis.thirdparty.io.netty.channel.nio.SelectedSelectionKeySetSelector.select(SelectedSelectionKeySetSelector.java:62)&#10;        at org.apache.ratis.thirdparty.io.netty.channel.nio.NioEventLoop.select(NioEventLoop.java:753)&#10;        at org.apache.ratis.thirdparty.io.netty.channel.nio.NioEventLoop.run(NioEventLoop.java:408)&#10;        at org.apache.ratis.thirdparty.io.netty.util.concurrent.SingleThreadEventExecutor$5.run(SingleThreadEventExecutor.java:897)&#10;        at org.apache.ratis.thirdparty.io.netty.util.concurrent.FastThreadLocalRunnable.run(FastThreadLocalRunnable.java:30)&#10;        at java.lang.Thread.run(Thread.java:748)&#10;&quot;IPC Server handler 9 on 37818&quot; daemon prio=5 tid=1911 timed_waiting&#10;java.lang.Thread.State: TIMED_WAITING&#10;        at sun.misc.Unsafe.park(Native Method)&#10;        at java.util.concurrent.locks.LockSupport.parkNanos(LockSupport.java:215)&#10;        at java.util.concurrent.locks.AbstractQueuedSynchronizer$ConditionObject.awaitNanos(AbstractQueuedSynchronizer.java:2078)&#10;        at java.util.concurrent.LinkedBlockingQueue.poll(LinkedBlockingQueue.java:467)&#10;        at org.apache.hadoop.ipc.CallQueueManager.take(CallQueueManager.java:288)&#10;        at org.apache.hadoop.ipc.Server$Handler.run(Server.java:2668)&#10;&quot;pool-186-thread-55&quot;  prio=5 tid=2197 in Object.wait()&#10;java.lang.Thread.State: WAITING (on object monitor)&#10;        at sun.misc.Unsafe.park(Native Method)&#10;        at java.util.concurrent.locks.LockSupport.park(LockSupport.java:175)&#10;        at java.util.concurrent.locks.AbstractQueuedSynchronizer$ConditionObject.await(AbstractQueuedSynchronizer.java:2039)&#10;        at java.util.concurrent.ArrayBlockingQueue.take(ArrayBlockingQueue.java:403)&#10;        at java.util.concurrent.ThreadPoolExecutor.getTask(ThreadPoolExecutor.java:1074)&#10;        at java.util.concurrent.ThreadPoolExecutor.runWorker(ThreadPoolExecutor.java:1134)&#10;        at java.util.concurrent.ThreadPoolExecutor$Worker.run(ThreadPoolExecutor.java:624)&#10;        at java.lang.Thread.run(Thread.java:748)&#10;&quot;metrics-hadoop-metrics2-reporter-84-thread-1&quot; daemon prio=5 tid=1655 timed_waiting&#10;java.lang.Thread.State: TIMED_WAITING&#10;        at sun.misc.Unsafe.park(Native Method)&#10;        at java.util.concurrent.locks.LockSupport.parkNanos(LockSupport.java:215)&#10;        at java.util.concurrent.locks.AbstractQueuedSynchronizer$ConditionObject.awaitNanos(AbstractQueuedSynchronizer.java:2078)&#10;        at java.util.concurrent.ScheduledThreadPoolExecutor$DelayedWorkQueue.take(ScheduledThreadPoolExecutor.java:1093)&#10;        at java.util.concurrent.ScheduledThreadPoolExecutor$DelayedWorkQueue.take(ScheduledThreadPoolExecutor.java:809)&#10;        at java.util.concurrent.ThreadPoolExecutor.getTask(ThreadPoolExecutor.java:1074)&#10;        at java.util.concurrent.ThreadPoolExecutor.runWorker(ThreadPoolExecutor.java:1134)&#10;        at java.util.concurrent.ThreadPoolExecutor$Worker.run(ThreadPoolExecutor.java:624)&#10;        at java.lang.Thread.run(Thread.java:748)&#10;&quot;qtp1664093259-2035&quot; daemon prio=5 tid=2035 timed_waiting&#10;java.lang.Thread.State: TIMED_WAITING&#10;        at sun.misc.Unsafe.park(Native Method)&#10;        at java.util.concurrent.locks.LockSupport.parkNanos(LockSupport.java:215)&#10;        at java.util.concurrent.locks.AbstractQueuedSynchronizer$ConditionObject.awaitNanos(AbstractQueuedSynchronizer.java:2078)&#10;        at org.eclipse.jetty.util.BlockingArrayQueue.poll(BlockingArrayQueue.java:392)&#10;        at org.eclipse.jetty.util.thread.QueuedThreadPool.idleJobPoll(QueuedThreadPool.java:563)&#10;        at org.eclipse.jetty.util.thread.QueuedThreadPool.access$800(QueuedThreadPool.java:48)&#10;        at org.eclipse.jetty.util.thread.QueuedThreadPool$2.run(QueuedThreadPool.java:626)&#10;        at java.lang.Thread.run(Thread.java:748)&#10;&quot;pool-176-thread-36&quot;  prio=5 tid=2115 in Object.wait()&#10;java.lang.Thread.State: WAITING (on object monitor)&#10;        at sun.misc.Unsafe.park(Native Method)&#10;        at java.util.concurrent.locks.LockSupport.park(LockSupport.java:175)&#10;        at java.util.concurrent.locks.AbstractQueuedSynchronizer$ConditionObject.await(AbstractQueuedSynchronizer.java:2039)&#10;        at java.util.concurrent.ArrayBlockingQueue.take(ArrayBlockingQueue.java:403)&#10;        at java.util.concurrent.ThreadPoolExecutor.getTask(ThreadPoolExecutor.java:1074)&#10;        at java.util.concurrent.ThreadPoolExecutor.runWorker(ThreadPoolExecutor.java:1134)&#10;        at java.util.concurrent.ThreadPoolExecutor$Worker.run(ThreadPoolExecutor.java:624)&#10;        at java.lang.Thread.run(Thread.java:748)&#10;&quot;Datanode State Machine Thread - 0&quot; daemon prio=5 tid=2024 timed_waiting&#10;java.lang.Thread.State: TIMED_WAITING&#10;        at sun.misc.Unsafe.park(Native Method)&#10;        at java.util.concurrent.locks.LockSupport.parkNanos(LockSupport.java:215)&#10;        at java.util.concurrent.SynchronousQueue$TransferStack.awaitFulfill(SynchronousQueue.java:460)&#10;        at java.util.concurrent.SynchronousQueue$TransferStack.transfer(SynchronousQueue.java:362)&#10;        at java.util.concurrent.SynchronousQueue.poll(SynchronousQueue.java:941)&#10;        at java.util.concurrent.ThreadPoolExecutor.getTask(ThreadPoolExecutor.java:1073)&#10;        at java.util.concurrent.ThreadPoolExecutor.runWorker(ThreadPoolExecutor.java:1134)&#10;        at java.util.concurrent.ThreadPoolExecutor$Worker.run(ThreadPoolExecutor.java:624)&#10;        at java.lang.Thread.run(Thread.java:748)&#10;&quot;Datanode ReportManager Thread - 3&quot; daemon prio=5 tid=1400 in Object.wait()&#10;java.lang.Thread.State: WAITING (on object monitor)&#10;        at sun.misc.Unsafe.park(Native Method)&#10;        at java.util.concurrent.locks.LockSupport.park(LockSupport.java:175)&#10;        at java.util.concurrent.locks.AbstractQueuedSynchronizer$ConditionObject.await(AbstractQueuedSynchronizer.java:2039)&#10;        at java.util.concurrent.ScheduledThreadPoolExecutor$DelayedWorkQueue.take(ScheduledThreadPoolExecutor.java:1088)&#10;        at java.util.concurrent.ScheduledThreadPoolExecutor$DelayedWorkQueue.take(ScheduledThreadPoolExecutor.java:809)&#10;        at java.util.concurrent.ThreadPoolExecutor.getTask(ThreadPoolExecutor.java:1074)&#10;        at java.util.concurrent.ThreadPoolExecutor.runWorker(ThreadPoolExecutor.java:1134)&#10;        at java.util.concurrent.ThreadPoolExecutor$Worker.run(ThreadPoolExecutor.java:624)&#10;        at java.lang.Thread.run(Thread.java:748)&#10;&quot;metrics-hadoop-metrics2-reporter-135-thread-1&quot; daemon prio=5 tid=2550 timed_waiting&#10;java.lang.Thread.State: TIMED_WAITING&#10;        at sun.misc.Unsafe.park(Native Method)&#10;        at java.util.concurrent.locks.LockSupport.parkNanos(LockSupport.java:215)&#10;        at java.util.concurrent.locks.AbstractQueuedSynchronizer$ConditionObject.awaitNanos(AbstractQueuedSynchronizer.java:2078)&#10;        at java.util.concurrent.ScheduledThreadPoolExecutor$DelayedWorkQueue.take(ScheduledThreadPoolExecutor.java:1093)&#10;        at java.util.concurrent.ScheduledThreadPoolExecutor$DelayedWorkQueue.take(ScheduledThreadPoolExecutor.java:809)&#10;        at java.util.concurrent.ThreadPoolExecutor.getTask(ThreadPoolExecutor.java:1074)&#10;        at java.util.concurrent.ThreadPoolExecutor.runWorker(ThreadPoolExecutor.java:1134)&#10;        at java.util.concurrent.ThreadPoolExecutor$Worker.run(ThreadPoolExecutor.java:624)&#10;        at java.lang.Thread.run(Thread.java:748)&#10;&quot;Timer-1&quot; daemon prio=5 tid=149 timed_waiting&#10;java.lang.Thread.State: TIMED_WAITING&#10;        at java.lang.Object.wait(Native Method)&#10;        at java.util.TimerThread.mainLoop(Timer.java:552)&#10;        at java.util.TimerThread.run(Timer.java:505)&#10;&quot;pool-186-thread-16&quot;  prio=5 tid=2158 in Object.wait()&#10;java.lang.Thread.State: WAITING (on object monitor)&#10;        at sun.misc.Unsafe.park(Native Method)&#10;        at java.util.concurrent.locks.LockSupport.park(LockSupport.java:175)&#10;        at java.util.concurrent.locks.AbstractQueuedSynchronizer$ConditionObject.await(AbstractQueuedSynchronizer.java:2039)&#10;        at java.util.concurrent.ArrayBlockingQueue.take(ArrayBlockingQueue.java:403)&#10;        at java.util.concurrent.ThreadPoolExecutor.getTask(ThreadPoolExecutor.java:1074)&#10;        at java.util.concurrent.ThreadPoolExecutor.runWorker(ThreadPoolExecutor.java:1134)&#10;        at java.util.concurrent.ThreadPoolExecutor$Worker.run(ThreadPoolExecutor.java:624)&#10;        at java.lang.Thread.run(Thread.java:748)&#10;&quot;metrics-hadoop-metrics2-reporter-66-thread-1&quot; daemon prio=5 tid=1173 timed_waiting&#10;java.lang.Thread.State: TIMED_WAITING&#10;        at sun.misc.Unsafe.park(Native Method)&#10;        at java.util.concurrent.locks.LockSupport.parkNanos(LockSupport.java:215)&#10;        at java.util.concurrent.locks.AbstractQueuedSynchronizer$ConditionObject.awaitNanos(AbstractQueuedSynchronizer.java:2078)&#10;        at java.util.concurrent.ScheduledThreadPoolExecutor$DelayedWorkQueue.take(ScheduledThreadPoolExecutor.java:1093)&#10;        at java.util.concurrent.ScheduledThreadPoolExecutor$DelayedWorkQueue.take(ScheduledThreadPoolExecutor.java:809)&#10;        at java.util.concurrent.ThreadPoolExecutor.getTask(ThreadPoolExecutor.java:1074)&#10;        at java.util.concurrent.ThreadPoolExecutor.runWorker(ThreadPoolExecutor.java:1134)&#10;        at java.util.concurrent.ThreadPoolExecutor$Worker.run(ThreadPoolExecutor.java:624)&#10;        at java.lang.Thread.run(Thread.java:748)&#10;&quot;metrics-hadoop-metrics2-reporter-75-thread-1&quot; daemon prio=5 tid=1627 timed_waiting&#10;java.lang.Thread.State: TIMED_WAITING&#10;        at sun.misc.Unsafe.park(Native Method)&#10;        at java.util.concurrent.locks.LockSupport.parkNanos(LockSupport.java:215)&#10;        at java.util.concurrent.locks.AbstractQueuedSynchronizer$ConditionObject.awaitNanos(AbstractQueuedSynchronizer.java:2078)&#10;        at java.util.concurrent.ScheduledThreadPoolExecutor$DelayedWorkQueue.take(ScheduledThreadPoolExecutor.java:1093)&#10;        at java.util.concurrent.ScheduledThreadPoolExecutor$DelayedWorkQueue.take(ScheduledThreadPoolExecutor.java:809)&#10;        at java.util.concurrent.ThreadPoolExecutor.getTask(ThreadPoolExecutor.java:1074)&#10;        at java.util.concurrent.ThreadPoolExecutor.runWorker(ThreadPoolExecutor.java:1134)&#10;        at java.util.concurrent.ThreadPoolExecutor$Worker.run(ThreadPoolExecutor.java:624)&#10;        at java.lang.Thread.run(Thread.java:748)&#10;&quot;IPC Server handler 14 on 37818&quot; daemon prio=5 tid=1916 timed_waiting&#10;java.lang.Thread.State: TIMED_WAITING&#10;        at sun.misc.Unsafe.park(Native Method)&#10;        at java.util.concurrent.locks.LockSupport.parkNanos(LockSupport.java:215)&#10;        at java.util.concurrent.locks.AbstractQueuedSynchronizer$ConditionObject.awaitNanos(AbstractQueuedSynchronizer.java:2078)&#10;        at java.util.concurrent.LinkedBlockingQueue.poll(LinkedBlockingQueue.java:467)&#10;        at org.apache.hadoop.ipc.CallQueueManager.take(CallQueueManager.java:288)&#10;        at org.apache.hadoop.ipc.Server$Handler.run(Server.java:2668)&#10;&quot;pool-186-thread-18&quot;  prio=5 tid=2160 in Object.wait()&#10;java.lang.Thread.State: WAITING (on object monitor)&#10;        at sun.misc.Unsafe.park(Native Method)&#10;        at java.util.concurrent.locks.LockSupport.park(LockSupport.java:175)&#10;        at java.util.concurrent.locks.AbstractQueuedSynchronizer$ConditionObject.await(AbstractQueuedSynchronizer.java:2039)&#10;        at java.util.concurrent.ArrayBlockingQueue.take(ArrayBlockingQueue.java:403)&#10;        at java.util.concurrent.ThreadPoolExecutor.getTask(ThreadPoolExecutor.java:1074)&#10;        at java.util.concurrent.ThreadPoolExecutor.runWorker(ThreadPoolExecutor.java:1134)&#10;        at java.util.concurrent.ThreadPoolExecutor$Worker.run(ThreadPoolExecutor.java:624)&#10;        at java.lang.Thread.run(Thread.java:748)&#10;&quot;Timer for &apos;StorageContainerManager&apos; metrics system&quot; daemon prio=5 tid=1880 timed_waiting&#10;java.lang.Thread.State: TIMED_WAITING&#10;        at java.lang.Object.wait(Native Method)&#10;        at java.util.TimerThread.mainLoop(Timer.java:552)&#10;        at java.util.TimerThread.run(Timer.java:505)&#10;&quot;metrics-hadoop-metrics2-reporter-99-thread-1&quot; daemon prio=5 tid=1848 timed_waiting&#10;java.lang.Thread.State: TIMED_WAITING&#10;        at sun.misc.Unsafe.park(Native Method)&#10;        at java.util.concurrent.locks.LockSupport.parkNanos(LockSupport.java:215)&#10;        at java.util.concurrent.locks.AbstractQueuedSynchronizer$ConditionObject.awaitNanos(AbstractQueuedSynchronizer.java:2078)&#10;        at java.util.concurrent.ScheduledThreadPoolExecutor$DelayedWorkQueue.take(ScheduledThreadPoolExecutor.java:1093)&#10;        at java.util.concurrent.ScheduledThreadPoolExecutor$DelayedWorkQueue.take(ScheduledThreadPoolExecutor.java:809)&#10;        at java.util.concurrent.ThreadPoolExecutor.getTask(ThreadPoolExecutor.java:1074)&#10;        at java.util.concurrent.ThreadPoolExecutor.runWorker(ThreadPoolExecutor.java:1134)&#10;        at java.util.concurrent.ThreadPoolExecutor$Worker.run(ThreadPoolExecutor.java:624)&#10;        at java.lang.Thread.run(Thread.java:748)&#10;&quot;metrics-hadoop-metrics2-reporter-37-thread-1&quot; daemon prio=5 tid=973 timed_waiting&#10;java.lang.Thread.State: TIMED_WAITING&#10;        at sun.misc.Unsafe.park(Native Method)&#10;        at java.util.concurrent.locks.LockSupport.parkNanos(LockSupport.java:215)&#10;        at java.util.concurrent.locks.AbstractQueuedSynchronizer$ConditionObject.awaitNanos(AbstractQueuedSynchronizer.java:2078)&#10;        at java.util.concurrent.ScheduledThreadPoolExecutor$DelayedWorkQueue.take(ScheduledThreadPoolExecutor.java:1093)&#10;        at java.util.concurrent.ScheduledThreadPoolExecutor$DelayedWorkQueue.take(ScheduledThreadPoolExecutor.java:809)&#10;        at java.util.concurrent.ThreadPoolExecutor.getTask(ThreadPoolExecutor.java:1074)&#10;        at java.util.concurrent.ThreadPoolExecutor.runWorker(ThreadPoolExecutor.java:1134)&#10;        at java.util.concurrent.ThreadPoolExecutor$Worker.run(ThreadPoolExecutor.java:624)&#10;        at java.lang.Thread.run(Thread.java:748)&#10;&quot;7c431f9d-51bc-458b-a3a6-511ec217d887@group-21BA9BD4283D-SegmentedRaftLogWorker&quot;  prio=5 tid=2482 timed_waiting&#10;java.lang.Thread.State: TIMED_WAITING&#10;        at sun.misc.Unsafe.park(Native Method)&#10;        at java.util.concurrent.locks.LockSupport.parkNanos(LockSupport.java:215)&#10;        at java.util.concurrent.locks.AbstractQueuedSynchronizer$ConditionObject.awaitNanos(AbstractQueuedSynchronizer.java:2078)&#10;        at org.apache.ratis.util.DataBlockingQueue.poll(DataBlockingQueue.java:137)&#10;        at org.apache.ratis.server.raftlog.segmented.SegmentedRaftLogWorker.run(SegmentedRaftLogWorker.java:282)&#10;        at java.lang.Thread.run(Thread.java:748)&#10;&quot;metrics-hadoop-metrics2-reporter-71-thread-1&quot; daemon prio=5 tid=1617 timed_waiting&#10;java.lang.Thread.State: TIMED_WAITING&#10;        at sun.misc.Unsafe.park(Native Method)&#10;        at java.util.concurrent.locks.LockSupport.parkNanos(LockSupport.java:215)&#10;        at java.util.concurrent.locks.AbstractQueuedSynchronizer$ConditionObject.awaitNanos(AbstractQueuedSynchronizer.java:2078)&#10;        at java.util.concurrent.ScheduledThreadPoolExecutor$DelayedWorkQueue.take(ScheduledThreadPoolExecutor.java:1093)&#10;        at java.util.concurrent.ScheduledThreadPoolExecutor$DelayedWorkQueue.take(ScheduledThreadPoolExecutor.java:809)&#10;        at java.util.concurrent.ThreadPoolExecutor.getTask(ThreadPoolExecutor.java:1074)&#10;        at java.util.concurrent.ThreadPoolExecutor.runWorker(ThreadPoolExecutor.java:1134)&#10;        at java.util.concurrent.ThreadPoolExecutor$Worker.run(ThreadPoolExecutor.java:624)&#10;        at java.lang.Thread.run(Thread.java:748)&#10;&quot;metrics-hadoop-metrics2-reporter-69-thread-1&quot; daemon prio=5 tid=1611 timed_waiting&#10;java.lang.Thread.State: TIMED_WAITING&#10;        at sun.misc.Unsafe.park(Native Method)&#10;        at java.util.concurrent.locks.LockSupport.parkNanos(LockSupport.java:215)&#10;        at java.util.concurrent.locks.AbstractQueuedSynchronizer$ConditionObject.awaitNanos(AbstractQueuedSynchronizer.java:2078)&#10;        at java.util.concurrent.ScheduledThreadPoolExecutor$DelayedWorkQueue.take(ScheduledThreadPoolExecutor.java:1093)&#10;        at java.util.concurrent.ScheduledThreadPoolExecutor$DelayedWorkQueue.take(ScheduledThreadPoolExecutor.java:809)&#10;        at java.util.concurrent.ThreadPoolExecutor.getTask(ThreadPoolExecutor.java:1074)&#10;        at java.util.concurrent.ThreadPoolExecutor.runWorker(ThreadPoolExecutor.java:1134)&#10;        at java.util.concurrent.ThreadPoolExecutor$Worker.run(ThreadPoolExecutor.java:624)&#10;        at java.lang.Thread.run(Thread.java:748)&#10;&quot;Datanode State Machine Thread - 0&quot; daemon prio=5 tid=2044 timed_waiting&#10;java.lang.Thread.State: TIMED_WAITING&#10;        at java.lang.Thread.sleep(Native Method)&#10;        at org.apache.hadoop.ozone.container.common.statemachine.DatanodeStateMachine.start(DatanodeStateMachine.java:191)&#10;        at org.apache.hadoop.ozone.container.common.statemachine.DatanodeStateMachine.lambda$startDaemon$0(DatanodeStateMachine.java:349)&#10;        at org.apache.hadoop.ozone.container.common.statemachine.DatanodeStateMachine$$Lambda$140/1867108691.run(Unknown Source)&#10;        at java.lang.Thread.run(Thread.java:748)&#10;&quot;metrics-hadoop-metrics2-reporter-14-thread-1&quot; daemon prio=5 tid=469 timed_waiting&#10;java.lang.Thread.State: TIMED_WAITING&#10;        at sun.misc.Unsafe.park(Native Method)&#10;        at java.util.concurrent.locks.LockSupport.parkNanos(LockSupport.java:215)&#10;        at java.util.concurrent.locks.AbstractQueuedSynchronizer$ConditionObject.awaitNanos(AbstractQueuedSynchronizer.java:2078)&#10;        at java.util.concurrent.ScheduledThreadPoolExecutor$DelayedWorkQueue.take(ScheduledThreadPoolExecutor.java:1093)&#10;        at java.util.concurrent.ScheduledThreadPoolExecutor$DelayedWorkQueue.take(ScheduledThreadPoolExecutor.java:809)&#10;        at java.util.concurrent.ThreadPoolExecutor.getTask(ThreadPoolExecutor.java:1074)&#10;        at java.util.concurrent.ThreadPoolExecutor.runWorker(ThreadPoolExecutor.java:1134)&#10;        at java.util.concurrent.ThreadPoolExecutor$Worker.run(ThreadPoolExecutor.java:624)&#10;        at java.lang.Thread.run(Thread.java:748)&#10;&quot;pool-177-thread-1&quot;  prio=5 tid=2281 in Object.wait()&#10;java.lang.Thread.State: WAITING (on object monitor)&#10;        at sun.misc.Unsafe.park(Native Method)&#10;        at java.util.concurrent.locks.LockSupport.park(LockSupport.java:175)&#10;        at java.util.concurrent.locks.AbstractQueuedSynchronizer$ConditionObject.await(AbstractQueuedSynchronizer.java:2039)&#10;        at java.util.concurrent.LinkedBlockingQueue.take(LinkedBlockingQueue.java:442)&#10;        at java.util.concurrent.ThreadPoolExecutor.getTask(ThreadPoolExecutor.java:1074)&#10;        at java.util.concurrent.ThreadPoolExecutor.runWorker(ThreadPoolExecutor.java:1134)&#10;        at java.util.concurrent.ThreadPoolExecutor$Worker.run(ThreadPoolExecutor.java:624)&#10;        at java.lang.Thread.run(Thread.java:748)&#10;&quot;metrics-hadoop-metrics2-reporter-9-thread-1&quot; daemon prio=5 tid=454 timed_waiting&#10;java.lang.Thread.State: TIMED_WAITING&#10;        at sun.misc.Unsafe.park(Native Method)&#10;        at java.util.concurrent.locks.LockSupport.parkNanos(LockSupport.java:215)&#10;        at java.util.concurrent.locks.AbstractQueuedSynchronizer$ConditionObject.awaitNanos(AbstractQueuedSynchronizer.java:2078)&#10;        at java.util.concurrent.ScheduledThreadPoolExecutor$DelayedWorkQueue.take(ScheduledThreadPoolExecutor.java:1093)&#10;        at java.util.concurrent.ScheduledThreadPoolExecutor$DelayedWorkQueue.take(ScheduledThreadPoolExecutor.java:809)&#10;        at java.util.concurrent.ThreadPoolExecutor.getTask(ThreadPoolExecutor.java:1074)&#10;        at java.util.concurrent.ThreadPoolExecutor.runWorker(ThreadPoolExecutor.java:1134)&#10;        at java.util.concurrent.ThreadPoolExecutor$Worker.run(ThreadPoolExecutor.java:624)&#10;        at java.lang.Thread.run(Thread.java:748)&#10;&quot;pool-186-thread-29&quot;  prio=5 tid=2171 in Object.wait()&#10;java.lang.Thread.State: WAITING (on object monitor)&#10;        at sun.misc.Unsafe.park(Native Method)&#10;        at java.util.concurrent.locks.LockSupport.park(LockSupport.java:175)&#10;        at java.util.concurrent.locks.AbstractQueuedSynchronizer$ConditionObject.await(AbstractQueuedSynchronizer.java:2039)&#10;        at java.util.concurrent.ArrayBlockingQueue.take(ArrayBlockingQueue.java:403)&#10;        at java.util.concurrent.ThreadPoolExecutor.getTask(ThreadPoolExecutor.java:1074)&#10;        at java.util.concurrent.ThreadPoolExecutor.runWorker(ThreadPoolExecutor.java:1134)&#10;        at java.util.concurrent.ThreadPoolExecutor$Worker.run(ThreadPoolExecutor.java:624)&#10;        at java.lang.Thread.run(Thread.java:748)&#10;&quot;org.eclipse.jetty.server.session.HashSessionManager@74d6736Timer&quot; daemon prio=5 tid=1952 timed_waiting&#10;java.lang.Thread.State: TIMED_WAITING&#10;        at sun.misc.Unsafe.park(Native Method)&#10;        at java.util.concurrent.locks.LockSupport.parkNanos(LockSupport.java:215)&#10;        at java.util.concurrent.locks.AbstractQueuedSynchronizer$ConditionObject.awaitNanos(AbstractQueuedSynchronizer.java:2078)&#10;        at java.util.concurrent.ScheduledThreadPoolExecutor$DelayedWorkQueue.take(ScheduledThreadPoolExecutor.java:1093)&#10;        at java.util.concurrent.ScheduledThreadPoolExecutor$DelayedWorkQueue.take(ScheduledThreadPoolExecutor.java:809)&#10;        at java.util.concurrent.ThreadPoolExecutor.getTask(ThreadPoolExecutor.java:1074)&#10;        at java.util.concurrent.ThreadPoolExecutor.runWorker(ThreadPoolExecutor.java:1134)&#10;        at java.util.concurrent.ThreadPoolExecutor$Worker.run(ThreadPoolExecutor.java:624)&#10;        at java.lang.Thread.run(Thread.java:748)&#10;&quot;refreshUsed-/workdir/hadoop-ozone/integration-test/target/test-dir/MiniOzoneClusterImpl-3afb9865-6449-4209-9387-449993352e62/datanode-0/data/containers&quot; daemon prio=5 tid=2001 timed_waiting&#10;java.lang.Thread.State: TIMED_WAITING&#10;        at java.lang.Thread.sleep(Native Method)&#10;        at org.apache.hadoop.fs.CachingGetSpaceUsed$RefreshThread.run(CachingGetSpaceUsed.java:179)&#10;        at java.lang.Thread.run(Thread.java:748)&#10;&quot;EventQueue-SafemodestatusForSafeModeHandler&quot; daemon prio=5 tid=2274 in Object.wait()&#10;java.lang.Thread.State: WAITING (on object monitor)&#10;        at sun.misc.Unsafe.park(Native Method)&#10;        at java.util.concurrent.locks.LockSupport.park(LockSupport.java:175)&#10;        at java.util.concurrent.locks.AbstractQueuedSynchronizer$ConditionObject.await(AbstractQueuedSynchronizer.java:2039)&#10;        at java.util.concurrent.LinkedBlockingQueue.take(LinkedBlockingQueue.java:442)&#10;        at java.util.concurrent.ThreadPoolExecutor.getTask(ThreadPoolExecutor.java:1074)&#10;        at java.util.concurrent.ThreadPoolExecutor.runWorker(ThreadPoolExecutor.java:1134)&#10;        at java.util.concurrent.ThreadPoolExecutor$Worker.run(ThreadPoolExecutor.java:624)&#10;        at java.lang.Thread.run(Thread.java:748)&#10;&quot;Datanode State Machine Thread - 0&quot; daemon prio=5 tid=2017 timed_waiting&#10;java.lang.Thread.State: TIMED_WAITING&#10;        at java.lang.Thread.sleep(Native Method)&#10;        at org.apache.hadoop.ozone.container.common.statemachine.DatanodeStateMachine.start(DatanodeStateMachine.java:191)&#10;        at org.apache.hadoop.ozone.container.common.statemachine.DatanodeStateMachine.lambda$startDaemon$0(DatanodeStateMachine.java:349)&#10;        at org.apache.hadoop.ozone.container.common.statemachine.DatanodeStateMachine$$Lambda$140/1867108691.run(Unknown Source)&#10;        at java.lang.Thread.run(Thread.java:748)&#10;&quot;Datanode ReportManager Thread - 0&quot; daemon prio=5 tid=2072 timed_waiting&#10;java.lang.Thread.State: TIMED_WAITING&#10;        at sun.misc.Unsafe.park(Native Method)&#10;        at java.util.concurrent.locks.LockSupport.parkNanos(LockSupport.java:215)&#10;        at java.util.concurrent.locks.AbstractQueuedSynchronizer$ConditionObject.awaitNanos(AbstractQueuedSynchronizer.java:2078)&#10;        at java.util.concurrent.ScheduledThreadPoolExecutor$DelayedWorkQueue.take(ScheduledThreadPoolExecutor.java:1093)&#10;        at java.util.concurrent.ScheduledThreadPoolExecutor$DelayedWorkQueue.take(ScheduledThreadPoolExecutor.java:809)&#10;        at java.util.concurrent.ThreadPoolExecutor.getTask(ThreadPoolExecutor.java:1074)&#10;        at java.util.concurrent.ThreadPoolExecutor.runWorker(ThreadPoolExecutor.java:1134)&#10;        at java.util.concurrent.ThreadPoolExecutor$Worker.run(ThreadPoolExecutor.java:624)&#10;        at java.lang.Thread.run(Thread.java:748)&#10;&quot;Datanode ReportManager Thread - 2&quot; daemon prio=5 tid=688 in Object.wait()&#10;java.lang.Thread.State: WAITING (on object monitor)&#10;        at sun.misc.Unsafe.park(Native Method)&#10;        at java.util.concurrent.locks.LockSupport.park(LockSupport.java:175)&#10;        at java.util.concurrent.locks.AbstractQueuedSynchronizer$ConditionObject.await(AbstractQueuedSynchronizer.java:2039)&#10;        at java.util.concurrent.ScheduledThreadPoolExecutor$DelayedWorkQueue.take(ScheduledThreadPoolExecutor.java:1088)&#10;        at java.util.concurrent.ScheduledThreadPoolExecutor$DelayedWorkQueue.take(ScheduledThreadPoolExecutor.java:809)&#10;        at java.util.concurrent.ThreadPoolExecutor.getTask(ThreadPoolExecutor.java:1074)&#10;        at java.util.concurrent.ThreadPoolExecutor.runWorker(ThreadPoolExecutor.java:1134)&#10;        at java.util.concurrent.ThreadPoolExecutor$Worker.run(ThreadPoolExecutor.java:624)&#10;        at java.lang.Thread.run(Thread.java:748)&#10;&quot;IPC Server handler 15 on 37818&quot; daemon prio=5 tid=1917 timed_waiting&#10;java.lang.Thread.State: TIMED_WAITING&#10;        at sun.misc.Unsafe.park(Native Method)&#10;        at java.util.concurrent.locks.LockSupport.parkNanos(LockSupport.java:215)&#10;        at java.util.concurrent.locks.AbstractQueuedSynchronizer$ConditionObject.awaitNanos(AbstractQueuedSynchronizer.java:2078)&#10;        at java.util.concurrent.LinkedBlockingQueue.poll(LinkedBlockingQueue.java:467)&#10;        at org.apache.hadoop.ipc.CallQueueManager.take(CallQueueManager.java:288)&#10;        at org.apache.hadoop.ipc.Server$Handler.run(Server.java:2668)&#10;&quot;IPC Server handler 7 on 43940&quot; daemon prio=5 tid=1889 timed_waiting&#10;java.lang.Thread.State: TIMED_WAITING&#10;        at sun.misc.Unsafe.park(Native Method)&#10;        at java.util.concurrent.locks.LockSupport.parkNanos(LockSupport.java:215)&#10;        at java.util.concurrent.locks.AbstractQueuedSynchronizer$ConditionObject.awaitNanos(AbstractQueuedSynchronizer.java:2078)&#10;        at java.util.concurrent.LinkedBlockingQueue.poll(LinkedBlockingQueue.java:467)&#10;        at org.apache.hadoop.ipc.CallQueueManager.take(CallQueueManager.java:288)&#10;        at org.apache.hadoop.ipc.Server$Handler.run(Server.java:2668)&#10;&quot;pool-186-thread-19&quot;  prio=5 tid=2161 in Object.wait()&#10;java.lang.Thread.State: WAITING (on object monitor)&#10;        at sun.misc.Unsafe.park(Native Method)&#10;        at java.util.concurrent.locks.LockSupport.park(LockSupport.java:175)&#10;        at java.util.concurrent.locks.AbstractQueuedSynchronizer$ConditionObject.await(AbstractQueuedSynchronizer.java:2039)&#10;        at java.util.concurrent.ArrayBlockingQueue.take(ArrayBlockingQueue.java:403)&#10;        at java.util.concurrent.ThreadPoolExecutor.getTask(ThreadPoolExecutor.java:1074)&#10;        at java.util.concurrent.ThreadPoolExecutor.runWorker(ThreadPoolExecutor.java:1134)&#10;        at java.util.concurrent.ThreadPoolExecutor$Worker.run(ThreadPoolExecutor.java:624)&#10;        at java.lang.Thread.run(Thread.java:748)&#10;&quot;IPC Server handler 1 on 37818&quot; daemon prio=5 tid=1903 timed_waiting&#10;java.lang.Thread.State: TIMED_WAITING&#10;        at sun.misc.Unsafe.park(Native Method)&#10;        at java.util.concurrent.locks.LockSupport.parkNanos(LockSupport.java:215)&#10;        at java.util.concurrent.locks.AbstractQueuedSynchronizer$ConditionObject.awaitNanos(AbstractQueuedSynchronizer.java:2078)&#10;        at java.util.concurrent.LinkedBlockingQueue.poll(LinkedBlockingQueue.java:467)&#10;        at org.apache.hadoop.ipc.CallQueueManager.take(CallQueueManager.java:288)&#10;        at org.apache.hadoop.ipc.Server$Handler.run(Server.java:2668)&#10;&quot;metrics-hadoop-metrics2-reporter-89-thread-1&quot; daemon prio=5 tid=1674 timed_waiting&#10;java.lang.Thread.State: TIMED_WAITING&#10;        at sun.misc.Unsafe.park(Native Method)&#10;        at java.util.concurrent.locks.LockSupport.parkNanos(LockSupport.java:215)&#10;        at java.util.concurrent.locks.AbstractQueuedSynchronizer$ConditionObject.awaitNanos(AbstractQueuedSynchronizer.java:2078)&#10;        at java.util.concurrent.ScheduledThreadPoolExecutor$DelayedWorkQueue.take(ScheduledThreadPoolExecutor.java:1093)&#10;        at java.util.concurrent.ScheduledThreadPoolExecutor$DelayedWorkQueue.take(ScheduledThreadPoolExecutor.java:809)&#10;        at java.util.concurrent.ThreadPoolExecutor.getTask(ThreadPoolExecutor.java:1074)&#10;        at java.util.concurrent.ThreadPoolExecutor.runWorker(ThreadPoolExecutor.java:1134)&#10;        at java.util.concurrent.ThreadPoolExecutor$Worker.run(ThreadPoolExecutor.java:624)&#10;        at java.lang.Thread.run(Thread.java:748)&#10;&quot;IPC Server handler 0 on 35803&quot; daemon prio=5 tid=1922 timed_waiting&#10;java.lang.Thread.State: TIMED_WAITING&#10;        at sun.misc.Unsafe.park(Native Method)&#10;        at java.util.concurrent.locks.LockSupport.parkNanos(LockSupport.java:215)&#10;        at java.util.concurrent.locks.AbstractQueuedSynchronizer$ConditionObject.awaitNanos(AbstractQueuedSynchronizer.java:2078)&#10;        at java.util.concurrent.LinkedBlockingQueue.poll(LinkedBlockingQueue.java:467)&#10;        at org.apache.hadoop.ipc.CallQueueManager.take(CallQueueManager.java:288)&#10;        at org.apache.hadoop.ipc.Server$Handler.run(Server.java:2668)&#10;&quot;metrics-hadoop-metrics2-reporter-1-thread-1&quot; daemon prio=5 tid=435 timed_waiting&#10;java.lang.Thread.State: TIMED_WAITING&#10;        at sun.misc.Unsafe.park(Native Method)&#10;        at java.util.concurrent.locks.LockSupport.parkNanos(LockSupport.java:215)&#10;        at java.util.concurrent.locks.AbstractQueuedSynchronizer$ConditionObject.awaitNanos(AbstractQueuedSynchronizer.java:2078)&#10;        at java.util.concurrent.ScheduledThreadPoolExecutor$DelayedWorkQueue.take(ScheduledThreadPoolExecutor.java:1093)&#10;        at java.util.concurrent.ScheduledThreadPoolExecutor$DelayedWorkQueue.take(ScheduledThreadPoolExecutor.java:809)&#10;        at java.util.concurrent.ThreadPoolExecutor.getTask(ThreadPoolExecutor.java:1074)&#10;        at java.util.concurrent.ThreadPoolExecutor.runWorker(ThreadPoolExecutor.java:1134)&#10;        at java.util.concurrent.ThreadPoolExecutor$Worker.run(ThreadPoolExecutor.java:624)&#10;        at java.lang.Thread.run(Thread.java:748)&#10;&quot;Finalizer&quot; daemon prio=8 tid=3 in Object.wait()&#10;java.lang.Thread.State: WAITING (on object monitor)&#10;        at java.lang.Object.wait(Native Method)&#10;        at java.lang.ref.ReferenceQueue.remove(ReferenceQueue.java:144)&#10;        at java.lang.ref.ReferenceQueue.remove(ReferenceQueue.java:165)&#10;        at java.lang.ref.Finalizer$FinalizerThread.run(Finalizer.java:216)&#10;&quot;Command processor thread&quot; daemon prio=5 tid=2022 timed_waiting&#10;java.lang.Thread.State: TIMED_WAITING&#10;        at java.lang.Thread.sleep(Native Method)&#10;        at org.apache.hadoop.ozone.container.common.statemachine.DatanodeStateMachine.lambda$initCommandHandlerThread$1(DatanodeStateMachine.java:439)&#10;        at org.apache.hadoop.ozone.container.common.statemachine.DatanodeStateMachine$$Lambda$141/1549535869.run(Unknown Source)&#10;        at java.lang.Thread.run(Thread.java:748)&#10;&quot;IPC Server handler 18 on 44019&quot; daemon prio=5 tid=1984 timed_waiting&#10;java.lang.Thread.State: TIMED_WAITING&#10;        at sun.misc.Unsafe.park(Native Method)&#10;        at java.util.concurrent.locks.LockSupport.parkNanos(LockSupport.java:215)&#10;        at java.util.concurrent.locks.AbstractQueuedSynchronizer$ConditionObject.awaitNanos(AbstractQueuedSynchronizer.java:2078)&#10;        at java.util.concurrent.LinkedBlockingQueue.poll(LinkedBlockingQueue.java:467)&#10;        at org.apache.hadoop.ipc.CallQueueManager.take(CallQueueManager.java:288)&#10;        at org.apache.hadoop.ipc.Server$Handler.run(Server.java:2668)&#10;&quot;pool-176-thread-22&quot;  prio=5 tid=2101 in Object.wait()&#10;java.lang.Thread.State: WAITING (on object monitor)&#10;        at sun.misc.Unsafe.park(Native Method)&#10;        at java.util.concurrent.locks.LockSupport.park(LockSupport.java:175)&#10;        at java.util.concurrent.locks.AbstractQueuedSynchronizer$ConditionObject.await(AbstractQueuedSynchronizer.java:2039)&#10;        at java.util.concurrent.ArrayBlockingQueue.take(ArrayBlockingQueue.java:403)&#10;        at java.util.concurrent.ThreadPoolExecutor.getTask(ThreadPoolExecutor.java:1074)&#10;        at java.util.concurrent.ThreadPoolExecutor.runWorker(ThreadPoolExecutor.java:1134)&#10;        at java.util.concurrent.ThreadPoolExecutor$Worker.run(ThreadPoolExecutor.java:624)&#10;        at java.lang.Thread.run(Thread.java:748)&#10;&quot;IPC Server handler 10 on 44019&quot; daemon prio=5 tid=1976 timed_waiting&#10;java.lang.Thread.State: TIMED_WAITING&#10;        at sun.misc.Unsafe.park(Native Method)&#10;        at java.util.concurrent.locks.LockSupport.parkNanos(LockSupport.java:215)&#10;        at java.util.concurrent.locks.AbstractQueuedSynchronizer$ConditionObject.awaitNanos(AbstractQueuedSynchronizer.java:2078)&#10;        at java.util.concurrent.LinkedBlockingQueue.poll(LinkedBlockingQueue.java:467)&#10;        at org.apache.hadoop.ipc.CallQueueManager.take(CallQueueManager.java:288)&#10;        at org.apache.hadoop.ipc.Server$Handler.run(Server.java:2668)&#10;&quot;pool-176-thread-56&quot;  prio=5 tid=2135 in Object.wait()&#10;java.lang.Thread.State: WAITING (on object monitor)&#10;        at sun.misc.Unsafe.park(Native Method)&#10;        at java.util.concurrent.locks.LockSupport.park(LockSupport.java:175)&#10;        at java.util.concurrent.locks.AbstractQueuedSynchronizer$ConditionObject.await(AbstractQueuedSynchronizer.java:2039)&#10;        at java.util.concurrent.ArrayBlockingQueue.take(ArrayBlockingQueue.java:403)&#10;        at java.util.concurrent.ThreadPoolExecutor.getTask(ThreadPoolExecutor.java:1074)&#10;        at java.util.concurrent.ThreadPoolExecutor.runWorker(ThreadPoolExecutor.java:1134)&#10;        at java.util.concurrent.ThreadPoolExecutor$Worker.run(ThreadPoolExecutor.java:624)&#10;        at java.lang.Thread.run(Thread.java:748)&#10;&quot;metrics-hadoop-metrics2-reporter-50-thread-1&quot; daemon prio=5 tid=1022 timed_waiting&#10;java.lang.Thread.State: TIMED_WAITING&#10;        at sun.misc.Unsafe.park(Native Method)&#10;        at java.util.concurrent.locks.LockSupport.parkNanos(LockSupport.java:215)&#10;        at java.util.concurrent.locks.AbstractQueuedSynchronizer$ConditionObject.awaitNanos(AbstractQueuedSynchronizer.java:2078)&#10;        at java.util.concurrent.ScheduledThreadPoolExecutor$DelayedWorkQueue.take(ScheduledThreadPoolExecutor.java:1093)&#10;        at java.util.concurrent.ScheduledThreadPoolExecutor$DelayedWorkQueue.take(ScheduledThreadPoolExecutor.java:809)&#10;        at java.util.concurrent.ThreadPoolExecutor.getTask(ThreadPoolExecutor.java:1074)&#10;        at java.util.concurrent.ThreadPoolExecutor.runWorker(ThreadPoolExecutor.java:1134)&#10;        at java.util.concurrent.ThreadPoolExecutor$Worker.run(ThreadPoolExecutor.java:624)&#10;        at java.lang.Thread.run(Thread.java:748)&#10;&quot;pool-176-thread-51&quot;  prio=5 tid=2130 in Object.wait()&#10;java.lang.Thread.State: WAITING (on object monitor)&#10;        at sun.misc.Unsafe.park(Native Method)&#10;        at java.util.concurrent.locks.LockSupport.park(LockSupport.java:175)&#10;        at java.util.concurrent.locks.AbstractQueuedSynchronizer$ConditionObject.await(AbstractQueuedSynchronizer.java:2039)&#10;        at java.util.concurrent.ArrayBlockingQueue.take(ArrayBlockingQueue.java:403)&#10;        at java.util.concurrent.ThreadPoolExecutor.getTask(ThreadPoolExecutor.java:1074)&#10;        at java.util.concurrent.ThreadPoolExecutor.runWorker(ThreadPoolExecutor.java:1134)&#10;        at java.util.concurrent.ThreadPoolExecutor$Worker.run(ThreadPoolExecutor.java:624)&#10;        at java.lang.Thread.run(Thread.java:748)&#10;&quot;pool-176-thread-52&quot;  prio=5 tid=2131 in Object.wait()&#10;java.lang.Thread.State: WAITING (on object monitor)&#10;        at sun.misc.Unsafe.park(Native Method)&#10;        at java.util.concurrent.locks.LockSupport.park(LockSupport.java:175)&#10;        at java.util.concurrent.locks.AbstractQueuedSynchronizer$ConditionObject.await(AbstractQueuedSynchronizer.java:2039)&#10;        at java.util.concurrent.ArrayBlockingQueue.take(ArrayBlockingQueue.java:403)&#10;        at java.util.concurrent.ThreadPoolExecutor.getTask(ThreadPoolExecutor.java:1074)&#10;        at java.util.concurrent.ThreadPoolExecutor.runWorker(ThreadPoolExecutor.java:1134)&#10;        at java.util.concurrent.ThreadPoolExecutor$Worker.run(ThreadPoolExecutor.java:624)&#10;        at java.lang.Thread.run(Thread.java:748)&#10;&quot;metrics-hadoop-metrics2-reporter-18-thread-1&quot; daemon prio=5 tid=484 timed_waiting&#10;java.lang.Thread.State: TIMED_WAITING&#10;        at sun.misc.Unsafe.park(Native Method)&#10;        at java.util.concurrent.locks.LockSupport.parkNanos(LockSupport.java:215)&#10;        at java.util.concurrent.locks.AbstractQueuedSynchronizer$ConditionObject.awaitNanos(AbstractQueuedSynchronizer.java:2078)&#10;        at java.util.concurrent.ScheduledThreadPoolExecutor$DelayedWorkQueue.take(ScheduledThreadPoolExecutor.java:1093)&#10;        at java.util.concurrent.ScheduledThreadPoolExecutor$DelayedWorkQueue.take(ScheduledThreadPoolExecutor.java:809)&#10;        at java.util.concurrent.ThreadPoolExecutor.getTask(ThreadPoolExecutor.java:1074)&#10;        at java.util.concurrent.ThreadPoolExecutor.runWorker(ThreadPoolExecutor.java:1134)&#10;        at java.util.concurrent.ThreadPoolExecutor$Worker.run(ThreadPoolExecutor.java:624)&#10;        at java.lang.Thread.run(Thread.java:748)&#10;&quot;IPC Server listener on 44019&quot; daemon prio=5 tid=1959 runnable&#10;java.lang.Thread.State: RUNNABLE&#10;        at sun.nio.ch.EPollArrayWrapper.epollWait(Native Method)&#10;        at sun.nio.ch.EPollArrayWrapper.poll(EPollArrayWrapper.java:269)&#10;        at sun.nio.ch.EPollSelectorImpl.doSelect(EPollSelectorImpl.java:93)&#10;        at sun.nio.ch.SelectorImpl.lockAndDoSelect(SelectorImpl.java:86)&#10;        at sun.nio.ch.SelectorImpl.select(SelectorImpl.java:97)&#10;        at sun.nio.ch.SelectorImpl.select(SelectorImpl.java:101)&#10;        at org.apache.hadoop.ipc.Server$Listener.run(Server.java:1159)&#10;&quot;Datanode ReportManager Thread - 0&quot; daemon prio=5 tid=2045 in Object.wait()&#10;java.lang.Thread.State: WAITING (on object monitor)&#10;        at sun.misc.Unsafe.park(Native Method)&#10;        at java.util.concurrent.locks.LockSupport.park(LockSupport.java:175)&#10;        at java.util.concurrent.locks.AbstractQueuedSynchronizer$ConditionObject.await(AbstractQueuedSynchronizer.java:2039)&#10;        at java.util.concurrent.ScheduledThreadPoolExecutor$DelayedWorkQueue.take(ScheduledThreadPoolExecutor.java:1088)&#10;        at java.util.concurrent.ScheduledThreadPoolExecutor$DelayedWorkQueue.take(ScheduledThreadPoolExecutor.java:809)&#10;        at java.util.concurrent.ThreadPoolExecutor.getTask(ThreadPoolExecutor.java:1074)&#10;        at java.util.concurrent.ThreadPoolExecutor.runWorker(ThreadPoolExecutor.java:1134)&#10;        at java.util.concurrent.ThreadPoolExecutor$Worker.run(ThreadPoolExecutor.java:624)&#10;        at java.lang.Thread.run(Thread.java:748)&#10;&quot;pool-196-thread-50&quot;  prio=5 tid=2254 in Object.wait()&#10;java.lang.Thread.State: WAITING (on object monitor)&#10;        at sun.misc.Unsafe.park(Native Method)&#10;        at java.util.concurrent.locks.LockSupport.park(LockSupport.java:175)&#10;        at java.util.concurrent.locks.AbstractQueuedSynchronizer$ConditionObject.await(AbstractQueuedSynchronizer.java:2039)&#10;        at java.util.concurrent.ArrayBlockingQueue.take(ArrayBlockingQueue.java:403)&#10;        at java.util.concurrent.ThreadPoolExecutor.getTask(ThreadPoolExecutor.java:1074)&#10;        at java.util.concurrent.ThreadPoolExecutor.runWorker(ThreadPoolExecutor.java:1134)&#10;        at java.util.concurrent.ThreadPoolExecutor$Worker.run(ThreadPoolExecutor.java:624)&#10;        at java.lang.Thread.run(Thread.java:748)&#10;&quot;pool-176-thread-5&quot;  prio=5 tid=2084 in Object.wait()&#10;java.lang.Thread.State: WAITING (on object monitor)&#10;        at sun.misc.Unsafe.park(Native Method)&#10;        at java.util.concurrent.locks.LockSupport.park(LockSupport.java:175)&#10;        at java.util.concurrent.locks.AbstractQueuedSynchronizer$ConditionObject.await(AbstractQueuedSynchronizer.java:2039)&#10;        at java.util.concurrent.ArrayBlockingQueue.take(ArrayBlockingQueue.java:403)&#10;        at java.util.concurrent.ThreadPoolExecutor.getTask(ThreadPoolExecutor.java:1074)&#10;        at java.util.concurrent.ThreadPoolExecutor.runWorker(ThreadPoolExecutor.java:1134)&#10;        at java.util.concurrent.ThreadPoolExecutor$Worker.run(ThreadPoolExecutor.java:624)&#10;        at java.lang.Thread.run(Thread.java:748)&#10;&quot;IPC Server handler 17 on 35803&quot; daemon prio=5 tid=1939 timed_waiting&#10;java.lang.Thread.State: TIMED_WAITING&#10;        at sun.misc.Unsafe.park(Native Method)&#10;        at java.util.concurrent.locks.LockSupport.parkNanos(LockSupport.java:215)&#10;        at java.util.concurrent.locks.AbstractQueuedSynchronizer$ConditionObject.awaitNanos(AbstractQueuedSynchronizer.java:2078)&#10;        at java.util.concurrent.LinkedBlockingQueue.poll(LinkedBlockingQueue.java:467)&#10;        at org.apache.hadoop.ipc.CallQueueManager.take(CallQueueManager.java:288)&#10;        at org.apache.hadoop.ipc.Server$Handler.run(Server.java:2668)&#10;&quot;Datanode ReportManager Thread - 0&quot; daemon prio=5 tid=740 in Object.wait()&#10;java.lang.Thread.State: WAITING (on object monitor)&#10;        at sun.misc.Unsafe.park(Native Method)&#10;        at java.util.concurrent.locks.LockSupport.park(LockSupport.java:175)&#10;        at java.util.concurrent.locks.AbstractQueuedSynchronizer$ConditionObject.await(AbstractQueuedSynchronizer.java:2039)&#10;        at java.util.concurrent.ScheduledThreadPoolExecutor$DelayedWorkQueue.take(ScheduledThreadPoolExecutor.java:1088)&#10;        at java.util.concurrent.ScheduledThreadPoolExecutor$DelayedWorkQueue.take(ScheduledThreadPoolExecutor.java:809)&#10;        at java.util.concurrent.ThreadPoolExecutor.getTask(ThreadPoolExecutor.java:1074)&#10;        at java.util.concurrent.ThreadPoolExecutor.runWorker(ThreadPoolExecutor.java:1134)&#10;        at java.util.concurrent.ThreadPoolExecutor$Worker.run(ThreadPoolExecutor.java:624)&#10;        at java.lang.Thread.run(Thread.java:748)&#10;&quot;pool-186-thread-45&quot;  prio=5 tid=2187 in Object.wait()&#10;java.lang.Thread.State: WAITING (on object monitor)&#10;        at sun.misc.Unsafe.park(Native Method)&#10;        at java.util.concurrent.locks.LockSupport.park(LockSupport.java:175)&#10;        at java.util.concurrent.locks.AbstractQueuedSynchronizer$ConditionObject.await(AbstractQueuedSynchronizer.java:2039)&#10;        at java.util.concurrent.ArrayBlockingQueue.take(ArrayBlockingQueue.java:403)&#10;        at java.util.concurrent.ThreadPoolExecutor.getTask(ThreadPoolExecutor.java:1074)&#10;        at java.util.concurrent.ThreadPoolExecutor.runWorker(ThreadPoolExecutor.java:1134)&#10;        at java.util.concurrent.ThreadPoolExecutor$Worker.run(ThreadPoolExecutor.java:624)&#10;        at java.lang.Thread.run(Thread.java:748)&#10;&quot;pool-176-thread-50&quot;  prio=5 tid=2129 in Object.wait()&#10;java.lang.Thread.State: WAITING (on object monitor)&#10;        at sun.misc.Unsafe.park(Native Method)&#10;        at java.util.concurrent.locks.LockSupport.park(LockSupport.java:175)&#10;        at java.util.concurrent.locks.AbstractQueuedSynchronizer$ConditionObject.await(AbstractQueuedSynchronizer.java:2039)&#10;        at java.util.concurrent.ArrayBlockingQueue.take(ArrayBlockingQueue.java:403)&#10;        at java.util.concurrent.ThreadPoolExecutor.getTask(ThreadPoolExecutor.java:1074)&#10;        at java.util.concurrent.ThreadPoolExecutor.runWorker(ThreadPoolExecutor.java:1134)&#10;        at java.util.concurrent.ThreadPoolExecutor$Worker.run(ThreadPoolExecutor.java:624)&#10;        at java.lang.Thread.run(Thread.java:748)&#10;&quot;IPC Server handler 19 on 44019&quot; daemon prio=5 tid=1985 timed_waiting&#10;java.lang.Thread.State: TIMED_WAITING&#10;        at sun.misc.Unsafe.park(Native Method)&#10;        at java.util.concurrent.locks.LockSupport.parkNanos(LockSupport.java:215)&#10;        at java.util.concurrent.locks.AbstractQueuedSynchronizer$ConditionObject.awaitNanos(AbstractQueuedSynchronizer.java:2078)&#10;        at java.util.concurrent.LinkedBlockingQueue.poll(LinkedBlockingQueue.java:467)&#10;        at org.apache.hadoop.ipc.CallQueueManager.take(CallQueueManager.java:288)&#10;        at org.apache.hadoop.ipc.Server$Handler.run(Server.java:2668)&#10;&quot;pool-196-thread-33&quot;  prio=5 tid=2237 in Object.wait()&#10;java.lang.Thread.State: WAITING (on object monitor)&#10;        at sun.misc.Unsafe.park(Native Method)&#10;        at java.util.concurrent.locks.LockSupport.park(LockSupport.java:175)&#10;        at java.util.concurrent.locks.AbstractQueuedSynchronizer$ConditionObject.await(AbstractQueuedSynchronizer.java:2039)&#10;        at java.util.concurrent.ArrayBlockingQueue.take(ArrayBlockingQueue.java:403)&#10;        at java.util.concurrent.ThreadPoolExecutor.getTask(ThreadPoolExecutor.java:1074)&#10;        at java.util.concurrent.ThreadPoolExecutor.runWorker(ThreadPoolExecutor.java:1134)&#10;        at java.util.concurrent.ThreadPoolExecutor$Worker.run(ThreadPoolExecutor.java:624)&#10;        at java.lang.Thread.run(Thread.java:748)&#10;&quot;Command processor thread&quot; daemon prio=5 tid=2076 timed_waiting&#10;java.lang.Thread.State: TIMED_WAITING&#10;        at java.lang.Thread.sleep(Native Method)&#10;        at org.apache.hadoop.ozone.container.common.statemachine.DatanodeStateMachine.lambda$initCommandHandlerThread$1(DatanodeStateMachine.java:439)&#10;        at org.apache.hadoop.ozone.container.common.statemachine.DatanodeStateMachine$$Lambda$141/1549535869.run(Unknown Source)&#10;        at java.lang.Thread.run(Thread.java:748)&#10;&quot;metrics-hadoop-metrics2-reporter-30-thread-1&quot; daemon prio=5 tid=954 timed_waiting&#10;java.lang.Thread.State: TIMED_WAITING&#10;        at sun.misc.Unsafe.park(Native Method)&#10;        at java.util.concurrent.locks.LockSupport.parkNanos(LockSupport.java:215)&#10;        at java.util.concurrent.locks.AbstractQueuedSynchronizer$ConditionObject.awaitNanos(AbstractQueuedSynchronizer.java:2078)&#10;        at java.util.concurrent.ScheduledThreadPoolExecutor$DelayedWorkQueue.take(ScheduledThreadPoolExecutor.java:1093)&#10;        at java.util.concurrent.ScheduledThreadPoolExecutor$DelayedWorkQueue.take(ScheduledThreadPoolExecutor.java:809)&#10;        at java.util.concurrent.ThreadPoolExecutor.getTask(ThreadPoolExecutor.java:1074)&#10;        at java.util.concurrent.ThreadPoolExecutor.runWorker(ThreadPoolExecutor.java:1134)&#10;        at java.util.concurrent.ThreadPoolExecutor$Worker.run(ThreadPoolExecutor.java:624)&#10;        at java.lang.Thread.run(Thread.java:748)&#10;&quot;metrics-hadoop-metrics2-reporter-119-thread-1&quot; daemon prio=5 tid=2333 timed_waiting&#10;java.lang.Thread.State: TIMED_WAITING&#10;        at sun.misc.Unsafe.park(Native Method)&#10;        at java.util.concurrent.locks.LockSupport.parkNanos(LockSupport.java:215)&#10;        at java.util.concurrent.locks.AbstractQueuedSynchronizer$ConditionObject.awaitNanos(AbstractQueuedSynchronizer.java:2078)&#10;        at java.util.concurrent.ScheduledThreadPoolExecutor$DelayedWorkQueue.take(ScheduledThreadPoolExecutor.java:1093)&#10;        at java.util.concurrent.ScheduledThreadPoolExecutor$DelayedWorkQueue.take(ScheduledThreadPoolExecutor.java:809)&#10;        at java.util.concurrent.ThreadPoolExecutor.getTask(ThreadPoolExecutor.java:1074)&#10;        at java.util.concurrent.ThreadPoolExecutor.runWorker(ThreadPoolExecutor.java:1134)&#10;        at java.util.concurrent.ThreadPoolExecutor$Worker.run(ThreadPoolExecutor.java:624)&#10;        at java.lang.Thread.run(Thread.java:748)&#10;&quot;IPC Server handler 7 on 44019&quot; daemon prio=5 tid=1973 timed_waiting&#10;java.lang.Thread.State: TIMED_WAITING&#10;        at sun.misc.Unsafe.park(Native Method)&#10;        at java.util.concurrent.locks.LockSupport.parkNanos(LockSupport.java:215)&#10;        at java.util.concurrent.locks.AbstractQueuedSynchronizer$ConditionObject.awaitNanos(AbstractQueuedSynchronizer.java:2078)&#10;        at java.util.concurrent.LinkedBlockingQueue.poll(LinkedBlockingQueue.java:467)&#10;        at org.apache.hadoop.ipc.CallQueueManager.take(CallQueueManager.java:288)&#10;        at org.apache.hadoop.ipc.Server$Handler.run(Server.java:2668)&#10;&quot;org.eclipse.jetty.server.session.HashSessionManager@58af5076Timer&quot; daemon prio=5 tid=2041 timed_waiting&#10;java.lang.Thread.State: TIMED_WAITING&#10;        at sun.misc.Unsafe.park(Native Method)&#10;        at java.util.concurrent.locks.LockSupport.parkNanos(LockSupport.java:215)&#10;        at java.util.concurrent.locks.AbstractQueuedSynchronizer$ConditionObject.awaitNanos(AbstractQueuedSynchronizer.java:2078)&#10;        at java.util.concurrent.ScheduledThreadPoolExecutor$DelayedWorkQueue.take(ScheduledThreadPoolExecutor.java:1093)&#10;        at java.util.concurrent.ScheduledThreadPoolExecutor$DelayedWorkQueue.take(ScheduledThreadPoolExecutor.java:809)&#10;        at java.util.concurrent.ThreadPoolExecutor.getTask(ThreadPoolExecutor.java:1074)&#10;        at java.util.concurrent.ThreadPoolExecutor.runWorker(ThreadPoolExecutor.java:1134)&#10;        at java.util.concurrent.ThreadPoolExecutor$Worker.run(ThreadPoolExecutor.java:624)&#10;        at java.lang.Thread.run(Thread.java:748)&#10;&quot;pool-176-thread-32&quot;  prio=5 tid=2111 in Object.wait()&#10;java.lang.Thread.State: WAITING (on object monitor)&#10;        at sun.misc.Unsafe.park(Native Method)&#10;        at java.util.concurrent.locks.LockSupport.park(LockSupport.java:175)&#10;        at java.util.concurrent.locks.AbstractQueuedSynchronizer$ConditionObject.await(AbstractQueuedSynchronizer.java:2039)&#10;        at java.util.concurrent.ArrayBlockingQueue.take(ArrayBlockingQueue.java:403)&#10;        at java.util.concurrent.ThreadPoolExecutor.getTask(ThreadPoolExecutor.java:1074)&#10;        at java.util.concurrent.ThreadPoolExecutor.runWorker(ThreadPoolExecutor.java:1134)&#10;        at java.util.concurrent.ThreadPoolExecutor$Worker.run(ThreadPoolExecutor.java:624)&#10;        at java.lang.Thread.run(Thread.java:748)&#10;&quot;pool-196-thread-42&quot;  prio=5 tid=2246 in Object.wait()&#10;java.lang.Thread.State: WAITING (on object monitor)&#10;        at sun.misc.Unsafe.park(Native Method)&#10;        at java.util.concurrent.locks.LockSupport.park(LockSupport.java:175)&#10;        at java.util.concurrent.locks.AbstractQueuedSynchronizer$ConditionObject.await(AbstractQueuedSynchronizer.java:2039)&#10;        at java.util.concurrent.ArrayBlockingQueue.take(ArrayBlockingQueue.java:403)&#10;        at java.util.concurrent.ThreadPoolExecutor.getTask(ThreadPoolExecutor.java:1074)&#10;        at java.util.concurrent.ThreadPoolExecutor.runWorker(ThreadPoolExecutor.java:1134)&#10;        at java.util.concurrent.ThreadPoolExecutor$Worker.run(ThreadPoolExecutor.java:624)&#10;        at java.lang.Thread.run(Thread.java:748)&#10;&quot;qtp2077845538-1993&quot; daemon prio=5 tid=1993 timed_waiting&#10;java.lang.Thread.State: TIMED_WAITING&#10;        at sun.misc.Unsafe.park(Native Method)&#10;        at java.util.concurrent.locks.LockSupport.parkNanos(LockSupport.java:215)&#10;        at java.util.concurrent.locks.AbstractQueuedSynchronizer$ConditionObject.awaitNanos(AbstractQueuedSynchronizer.java:2078)&#10;        at org.eclipse.jetty.util.BlockingArrayQueue.poll(BlockingArrayQueue.java:392)&#10;        at org.eclipse.jetty.util.thread.QueuedThreadPool.idleJobPoll(QueuedThreadPool.java:563)&#10;        at org.eclipse.jetty.util.thread.QueuedThreadPool.access$800(QueuedThreadPool.java:48)&#10;        at org.eclipse.jetty.util.thread.QueuedThreadPool$2.run(QueuedThreadPool.java:626)&#10;        at java.lang.Thread.run(Thread.java:748)&#10;&quot;pool-176-thread-42&quot;  prio=5 tid=2121 in Object.wait()&#10;java.lang.Thread.State: WAITING (on object monitor)&#10;        at sun.misc.Unsafe.park(Native Method)&#10;        at java.util.concurrent.locks.LockSupport.park(LockSupport.java:175)&#10;        at java.util.concurrent.locks.AbstractQueuedSynchronizer$ConditionObject.await(AbstractQueuedSynchronizer.java:2039)&#10;        at java.util.concurrent.ArrayBlockingQueue.take(ArrayBlockingQueue.java:403)&#10;        at java.util.concurrent.ThreadPoolExecutor.getTask(ThreadPoolExecutor.java:1074)&#10;        at java.util.concurrent.ThreadPoolExecutor.runWorker(ThreadPoolExecutor.java:1134)&#10;        at java.util.concurrent.ThreadPoolExecutor$Worker.run(ThreadPoolExecutor.java:624)&#10;        at java.lang.Thread.run(Thread.java:748)&#10;&quot;metrics-hadoop-metrics2-reporter-8-thread-1&quot; daemon prio=5 tid=452 timed_waiting&#10;java.lang.Thread.State: TIMED_WAITING&#10;        at sun.misc.Unsafe.park(Native Method)&#10;        at java.util.concurrent.locks.LockSupport.parkNanos(LockSupport.java:215)&#10;        at java.util.concurrent.locks.AbstractQueuedSynchronizer$ConditionObject.awaitNanos(AbstractQueuedSynchronizer.java:2078)&#10;        at java.util.concurrent.ScheduledThreadPoolExecutor$DelayedWorkQueue.take(ScheduledThreadPoolExecutor.java:1093)&#10;        at java.util.concurrent.ScheduledThreadPoolExecutor$DelayedWorkQueue.take(ScheduledThreadPoolExecutor.java:809)&#10;        at java.util.concurrent.ThreadPoolExecutor.getTask(ThreadPoolExecutor.java:1074)&#10;        at java.util.concurrent.ThreadPoolExecutor.runWorker(ThreadPoolExecutor.java:1134)&#10;        at java.util.concurrent.ThreadPoolExecutor$Worker.run(ThreadPoolExecutor.java:624)&#10;        at java.lang.Thread.run(Thread.java:748)&#10;&quot;pool-186-thread-13&quot;  prio=5 tid=2155 in Object.wait()&#10;java.lang.Thread.State: WAITING (on object monitor)&#10;        at sun.misc.Unsafe.park(Native Method)&#10;        at java.util.concurrent.locks.LockSupport.park(LockSupport.java:175)&#10;        at java.util.concurrent.locks.AbstractQueuedSynchronizer$ConditionObject.await(AbstractQueuedSynchronizer.java:2039)&#10;        at java.util.concurrent.ArrayBlockingQueue.take(ArrayBlockingQueue.java:403)&#10;        at java.util.concurrent.ThreadPoolExecutor.getTask(ThreadPoolExecutor.java:1074)&#10;        at java.util.concurrent.ThreadPoolExecutor.runWorker(ThreadPoolExecutor.java:1134)&#10;        at java.util.concurrent.ThreadPoolExecutor$Worker.run(ThreadPoolExecutor.java:624)&#10;        at java.lang.Thread.run(Thread.java:748)&#10;&quot;Datanode ReportManager Thread - 0&quot; daemon prio=5 tid=1370 in Object.wait()&#10;java.lang.Thread.State: WAITING (on object monitor)&#10;        at sun.misc.Unsafe.park(Native Method)&#10;        at java.util.concurrent.locks.LockSupport.park(LockSupport.java:175)&#10;        at java.util.concurrent.locks.AbstractQueuedSynchronizer$ConditionObject.await(AbstractQueuedSynchronizer.java:2039)&#10;        at java.util.concurrent.ScheduledThreadPoolExecutor$DelayedWorkQueue.take(ScheduledThreadPoolExecutor.java:1088)&#10;        at java.util.concurrent.ScheduledThreadPoolExecutor$DelayedWorkQueue.take(ScheduledThreadPoolExecutor.java:809)&#10;        at java.util.concurrent.ThreadPoolExecutor.getTask(ThreadPoolExecutor.java:1074)&#10;        at java.util.concurrent.ThreadPoolExecutor.runWorker(ThreadPoolExecutor.java:1134)&#10;        at java.util.concurrent.ThreadPoolExecutor$Worker.run(ThreadPoolExecutor.java:624)&#10;        at java.lang.Thread.run(Thread.java:748)&#10;&quot;pool-176-thread-31&quot;  prio=5 tid=2110 in Object.wait()&#10;java.lang.Thread.State: WAITING (on object monitor)&#10;        at sun.misc.Unsafe.park(Native Method)&#10;        at java.util.concurrent.locks.LockSupport.park(LockSupport.java:175)&#10;        at java.util.concurrent.locks.AbstractQueuedSynchronizer$ConditionObject.await(AbstractQueuedSynchronizer.java:2039)&#10;        at java.util.concurrent.ArrayBlockingQueue.take(ArrayBlockingQueue.java:403)&#10;        at java.util.concurrent.ThreadPoolExecutor.getTask(ThreadPoolExecutor.java:1074)&#10;        at java.util.concurrent.ThreadPoolExecutor.runWorker(ThreadPoolExecutor.java:1134)&#10;        at java.util.concurrent.ThreadPoolExecutor$Worker.run(ThreadPoolExecutor.java:624)&#10;        at java.lang.Thread.run(Thread.java:748)&#10;&quot;metrics-hadoop-metrics2-reporter-132-thread-1&quot; daemon prio=5 tid=2508 timed_waiting&#10;java.lang.Thread.State: TIMED_WAITING&#10;        at sun.misc.Unsafe.park(Native Method)&#10;        at java.util.concurrent.locks.LockSupport.parkNanos(LockSupport.java:215)&#10;        at java.util.concurrent.locks.AbstractQueuedSynchronizer$ConditionObject.awaitNanos(AbstractQueuedSynchronizer.java:2078)&#10;        at java.util.concurrent.ScheduledThreadPoolExecutor$DelayedWorkQueue.take(ScheduledThreadPoolExecutor.java:1093)&#10;        at java.util.concurrent.ScheduledThreadPoolExecutor$DelayedWorkQueue.take(ScheduledThreadPoolExecutor.java:809)&#10;        at java.util.concurrent.ThreadPoolExecutor.getTask(ThreadPoolExecutor.java:1074)&#10;        at java.util.concurrent.ThreadPoolExecutor.runWorker(ThreadPoolExecutor.java:1134)&#10;        at java.util.concurrent.ThreadPoolExecutor$Worker.run(ThreadPoolExecutor.java:624)&#10;        at java.lang.Thread.run(Thread.java:748)&#10;&quot;metrics-hadoop-metrics2-reporter-83-thread-1&quot; daemon prio=5 tid=1653 timed_waiting&#10;java.lang.Thread.State: TIMED_WAITING&#10;        at sun.misc.Unsafe.park(Native Method)&#10;        at java.util.concurrent.locks.LockSupport.parkNanos(LockSupport.java:215)&#10;        at java.util.concurrent.locks.AbstractQueuedSynchronizer$ConditionObject.awaitNanos(AbstractQueuedSynchronizer.java:2078)&#10;        at java.util.concurrent.ScheduledThreadPoolExecutor$DelayedWorkQueue.take(ScheduledThreadPoolExecutor.java:1093)&#10;        at java.util.concurrent.ScheduledThreadPoolExecutor$DelayedWorkQueue.take(ScheduledThreadPoolExecutor.java:809)&#10;        at java.util.concurrent.ThreadPoolExecutor.getTask(ThreadPoolExecutor.java:1074)&#10;        at java.util.concurrent.ThreadPoolExecutor.runWorker(ThreadPoolExecutor.java:1134)&#10;        at java.util.concurrent.ThreadPoolExecutor$Worker.run(ThreadPoolExecutor.java:624)&#10;        at java.lang.Thread.run(Thread.java:748)&#10;&quot;Datanode ReportManager Thread - 1&quot; daemon prio=5 tid=1398 in Object.wait()&#10;java.lang.Thread.State: WAITING (on object monitor)&#10;        at sun.misc.Unsafe.park(Native Method)&#10;        at java.util.concurrent.locks.LockSupport.park(LockSupport.java:175)&#10;        at java.util.concurrent.locks.AbstractQueuedSynchronizer$ConditionObject.await(AbstractQueuedSynchronizer.java:2039)&#10;        at java.util.concurrent.ScheduledThreadPoolExecutor$DelayedWorkQueue.take(ScheduledThreadPoolExecutor.java:1088)&#10;        at java.util.concurrent.ScheduledThreadPoolExecutor$DelayedWorkQueue.take(ScheduledThreadPoolExecutor.java:809)&#10;        at java.util.concurrent.ThreadPoolExecutor.getTask(ThreadPoolExecutor.java:1074)&#10;        at java.util.concurrent.ThreadPoolExecutor.runWorker(ThreadPoolExecutor.java:1134)&#10;        at java.util.concurrent.ThreadPoolExecutor$Worker.run(ThreadPoolExecutor.java:624)&#10;        at java.lang.Thread.run(Thread.java:748)&#10;&quot;metrics-hadoop-metrics2-reporter-131-thread-1&quot; daemon prio=5 tid=2506 timed_waiting&#10;java.lang.Thread.State: TIMED_WAITING&#10;        at sun.misc.Unsafe.park(Native Method)&#10;        at java.util.concurrent.locks.LockSupport.parkNanos(LockSupport.java:215)&#10;        at java.util.concurrent.locks.AbstractQueuedSynchronizer$ConditionObject.awaitNanos(AbstractQueuedSynchronizer.java:2078)&#10;        at java.util.concurrent.ScheduledThreadPoolExecutor$DelayedWorkQueue.take(ScheduledThreadPoolExecutor.java:1093)&#10;        at java.util.concurrent.ScheduledThreadPoolExecutor$DelayedWorkQueue.take(ScheduledThreadPoolExecutor.java:809)&#10;        at java.util.concurrent.ThreadPoolExecutor.getTask(ThreadPoolExecutor.java:1074)&#10;        at java.util.concurrent.ThreadPoolExecutor.runWorker(ThreadPoolExecutor.java:1134)&#10;        at java.util.concurrent.ThreadPoolExecutor$Worker.run(ThreadPoolExecutor.java:624)&#10;        at java.lang.Thread.run(Thread.java:748)&#10;&quot;pool-196-thread-18&quot;  prio=5 tid=2222 in Object.wait()&#10;java.lang.Thread.State: WAITING (on object monitor)&#10;        at sun.misc.Unsafe.park(Native Method)&#10;        at java.util.concurrent.locks.LockSupport.park(LockSupport.java:175)&#10;        at java.util.concurrent.locks.AbstractQueuedSynchronizer$ConditionObject.await(AbstractQueuedSynchronizer.java:2039)&#10;        at java.util.concurrent.ArrayBlockingQueue.take(ArrayBlockingQueue.java:403)&#10;        at java.util.concurrent.ThreadPoolExecutor.getTask(ThreadPoolExecutor.java:1074)&#10;        at java.util.concurrent.ThreadPoolExecutor.runWorker(ThreadPoolExecutor.java:1134)&#10;        at java.util.concurrent.ThreadPoolExecutor$Worker.run(ThreadPoolExecutor.java:624)&#10;        at java.lang.Thread.run(Thread.java:748)&#10;&quot;pool-176-thread-20&quot;  prio=5 tid=2099 in Object.wait()&#10;java.lang.Thread.State: WAITING (on object monitor)&#10;        at sun.misc.Unsafe.park(Native Method)&#10;        at java.util.concurrent.locks.LockSupport.park(LockSupport.java:175)&#10;        at java.util.concurrent.locks.AbstractQueuedSynchronizer$ConditionObject.await(AbstractQueuedSynchronizer.java:2039)&#10;        at java.util.concurrent.ArrayBlockingQueue.take(ArrayBlockingQueue.java:403)&#10;        at java.util.concurrent.ThreadPoolExecutor.getTask(ThreadPoolExecutor.java:1074)&#10;        at java.util.concurrent.ThreadPoolExecutor.runWorker(ThreadPoolExecutor.java:1134)&#10;        at java.util.concurrent.ThreadPoolExecutor$Worker.run(ThreadPoolExecutor.java:624)&#10;        at java.lang.Thread.run(Thread.java:748)&#10;&quot;Datanode ReportManager Thread - 0&quot; daemon prio=5 tid=713 in Object.wait()&#10;java.lang.Thread.State: WAITING (on object monitor)&#10;        at sun.misc.Unsafe.park(Native Method)&#10;        at java.util.concurrent.locks.LockSupport.park(LockSupport.java:175)&#10;        at java.util.concurrent.locks.AbstractQueuedSynchronizer$ConditionObject.await(AbstractQueuedSynchronizer.java:2039)&#10;        at java.util.concurrent.ScheduledThreadPoolExecutor$DelayedWorkQueue.take(ScheduledThreadPoolExecutor.java:1088)&#10;        at java.util.concurrent.ScheduledThreadPoolExecutor$DelayedWorkQueue.take(ScheduledThreadPoolExecutor.java:809)&#10;        at java.util.concurrent.ThreadPoolExecutor.getTask(ThreadPoolExecutor.java:1074)&#10;        at java.util.concurrent.ThreadPoolExecutor.runWorker(ThreadPoolExecutor.java:1134)&#10;        at java.util.concurrent.ThreadPoolExecutor$Worker.run(ThreadPoolExecutor.java:624)&#10;        at java.lang.Thread.run(Thread.java:748)&#10;&quot;metrics-hadoop-metrics2-reporter-4-thread-1&quot; daemon prio=5 tid=441 timed_waiting&#10;java.lang.Thread.State: TIMED_WAITING&#10;        at sun.misc.Unsafe.park(Native Method)&#10;        at java.util.concurrent.locks.LockSupport.parkNanos(LockSupport.java:215)&#10;        at java.util.concurrent.locks.AbstractQueuedSynchronizer$ConditionObject.awaitNanos(AbstractQueuedSynchronizer.java:2078)&#10;        at java.util.concurrent.ScheduledThreadPoolExecutor$DelayedWorkQueue.take(ScheduledThreadPoolExecutor.java:1093)&#10;        at java.util.concurrent.ScheduledThreadPoolExecutor$DelayedWorkQueue.take(ScheduledThreadPoolExecutor.java:809)&#10;        at java.util.concurrent.ThreadPoolExecutor.getTask(ThreadPoolExecutor.java:1074)&#10;        at java.util.concurrent.ThreadPoolExecutor.runWorker(ThreadPoolExecutor.java:1134)&#10;        at java.util.concurrent.ThreadPoolExecutor$Worker.run(ThreadPoolExecutor.java:624)&#10;        at java.lang.Thread.run(Thread.java:748)&#10;&quot;IPC Server handler 13 on 44019&quot; daemon prio=5 tid=1979 timed_waiting&#10;java.lang.Thread.State: TIMED_WAITING&#10;        at sun.misc.Unsafe.park(Native Method)&#10;        at java.util.concurrent.locks.LockSupport.parkNanos(LockSupport.java:215)&#10;        at java.util.concurrent.locks.AbstractQueuedSynchronizer$ConditionObject.awaitNanos(AbstractQueuedSynchronizer.java:2078)&#10;        at java.util.concurrent.LinkedBlockingQueue.poll(LinkedBlockingQueue.java:467)&#10;        at org.apache.hadoop.ipc.CallQueueManager.take(CallQueueManager.java:288)&#10;        at org.apache.hadoop.ipc.Server$Handler.run(Server.java:2668)&#10;&quot;pool-197-thread-1&quot;  prio=5 tid=2301 in Object.wait()&#10;java.lang.Thread.State: WAITING (on object monitor)&#10;        at sun.misc.Unsafe.park(Native Method)&#10;        at java.util.concurrent.locks.LockSupport.park(LockSupport.java:175)&#10;        at java.util.concurrent.locks.AbstractQueuedSynchronizer$ConditionObject.await(AbstractQueuedSynchronizer.java:2039)&#10;        at java.util.concurrent.LinkedBlockingQueue.take(LinkedBlockingQueue.java:442)&#10;        at java.util.concurrent.ThreadPoolExecutor.getTask(ThreadPoolExecutor.java:1074)&#10;        at java.util.concurrent.ThreadPoolExecutor.runWorker(ThreadPoolExecutor.java:1134)&#10;        at java.util.concurrent.ThreadPoolExecutor$Worker.run(ThreadPoolExecutor.java:624)&#10;        at java.lang.Thread.run(Thread.java:748)&#10;&quot;metrics-hadoop-metrics2-reporter-86-thread-1&quot; daemon prio=5 tid=1659 timed_waiting&#10;java.lang.Thread.State: TIMED_WAITING&#10;        at sun.misc.Unsafe.park(Native Method)&#10;        at java.util.concurrent.locks.LockSupport.parkNanos(LockSupport.java:215)&#10;        at java.util.concurrent.locks.AbstractQueuedSynchronizer$ConditionObject.awaitNanos(AbstractQueuedSynchronizer.java:2078)&#10;        at java.util.concurrent.ScheduledThreadPoolExecutor$DelayedWorkQueue.take(ScheduledThreadPoolExecutor.java:1093)&#10;        at java.util.concurrent.ScheduledThreadPoolExecutor$DelayedWorkQueue.take(ScheduledThreadPoolExecutor.java:809)&#10;        at java.util.concurrent.ThreadPoolExecutor.getTask(ThreadPoolExecutor.java:1074)&#10;        at java.util.concurrent.ThreadPoolExecutor.runWorker(ThreadPoolExecutor.java:1134)&#10;        at java.util.concurrent.ThreadPoolExecutor$Worker.run(ThreadPoolExecutor.java:624)&#10;        at java.lang.Thread.run(Thread.java:748)&#10;&quot;pool-196-thread-23&quot;  prio=5 tid=2227 in Object.wait()&#10;java.lang.Thread.State: WAITING (on object monitor)&#10;        at sun.misc.Unsafe.park(Native Method)&#10;        at java.util.concurrent.locks.LockSupport.park(LockSupport.java:175)&#10;        at java.util.concurrent.locks.AbstractQueuedSynchronizer$ConditionObject.await(AbstractQueuedSynchronizer.java:2039)&#10;        at java.util.concurrent.ArrayBlockingQueue.take(ArrayBlockingQueue.java:403)&#10;        at java.util.concurrent.ThreadPoolExecutor.getTask(ThreadPoolExecutor.java:1074)&#10;        at java.util.concurrent.ThreadPoolExecutor.runWorker(ThreadPoolExecutor.java:1134)&#10;        at java.util.concurrent.ThreadPoolExecutor$Worker.run(ThreadPoolExecutor.java:624)&#10;        at java.lang.Thread.run(Thread.java:748)&#10;&quot;metrics-hadoop-metrics2-reporter-94-thread-1&quot; daemon prio=5 tid=1826 timed_waiting&#10;java.lang.Thread.State: TIMED_WAITING&#10;        at sun.misc.Unsafe.park(Native Method)&#10;        at java.util.concurrent.locks.LockSupport.parkNanos(LockSupport.java:215)&#10;        at java.util.concurrent.locks.AbstractQueuedSynchronizer$ConditionObject.awaitNanos(AbstractQueuedSynchronizer.java:2078)&#10;        at java.util.concurrent.ScheduledThreadPoolExecutor$DelayedWorkQueue.take(ScheduledThreadPoolExecutor.java:1093)&#10;        at java.util.concurrent.ScheduledThreadPoolExecutor$DelayedWorkQueue.take(ScheduledThreadPoolExecutor.java:809)&#10;        at java.util.concurrent.ThreadPoolExecutor.getTask(ThreadPoolExecutor.java:1074)&#10;        at java.util.concurrent.ThreadPoolExecutor.runWorker(ThreadPoolExecutor.java:1134)&#10;        at java.util.concurrent.ThreadPoolExecutor$Worker.run(ThreadPoolExecutor.java:624)&#10;        at java.lang.Thread.run(Thread.java:748)&#10;&quot;pool-176-thread-41&quot;  prio=5 tid=2120 in Object.wait()&#10;java.lang.Thread.State: WAITING (on object monitor)&#10;        at sun.misc.Unsafe.park(Native Method)&#10;        at java.util.concurrent.locks.LockSupport.park(LockSupport.java:175)&#10;        at java.util.concurrent.locks.AbstractQueuedSynchronizer$ConditionObject.await(AbstractQueuedSynchronizer.java:2039)&#10;        at java.util.concurrent.ArrayBlockingQueue.take(ArrayBlockingQueue.java:403)&#10;        at java.util.concurrent.ThreadPoolExecutor.getTask(ThreadPoolExecutor.java:1074)&#10;        at java.util.concurrent.ThreadPoolExecutor.runWorker(ThreadPoolExecutor.java:1134)&#10;        at java.util.concurrent.ThreadPoolExecutor$Worker.run(ThreadPoolExecutor.java:624)&#10;        at java.lang.Thread.run(Thread.java:748)&#10;&quot;Datanode ReportManager Thread - 2&quot; daemon prio=5 tid=2047 in Object.wait()&#10;java.lang.Thread.State: WAITING (on object monitor)&#10;        at sun.misc.Unsafe.park(Native Method)&#10;        at java.util.concurrent.locks.LockSupport.park(LockSupport.java:175)&#10;        at java.util.concurrent.locks.AbstractQueuedSynchronizer$ConditionObject.await(AbstractQueuedSynchronizer.java:2039)&#10;        at java.util.concurrent.ScheduledThreadPoolExecutor$DelayedWorkQueue.take(ScheduledThreadPoolExecutor.java:1088)&#10;        at java.util.concurrent.ScheduledThreadPoolExecutor$DelayedWorkQueue.take(ScheduledThreadPoolExecutor.java:809)&#10;        at java.util.concurrent.ThreadPoolExecutor.getTask(ThreadPoolExecutor.java:1074)&#10;        at java.util.concurrent.ThreadPoolExecutor.runWorker(ThreadPoolExecutor.java:1134)&#10;        at java.util.concurrent.ThreadPoolExecutor$Worker.run(ThreadPoolExecutor.java:624)&#10;        at java.lang.Thread.run(Thread.java:748)&#10;&quot;refreshUsed-/workdir/hadoop-ozone/integration-test/target/test-dir/MiniOzoneClusterImpl-3afb9865-6449-4209-9387-449993352e62/datanode-2/data/containers&quot; daemon prio=5 tid=2055 timed_waiting&#10;java.lang.Thread.State: TIMED_WAITING&#10;        at java.lang.Thread.sleep(Native Method)&#10;        at org.apache.hadoop.fs.CachingGetSpaceUsed$RefreshThread.run(CachingGetSpaceUsed.java:179)&#10;        at java.lang.Thread.run(Thread.java:748)&#10;&quot;refreshUsed-/workdir/hadoop-ozone/integration-test/target/test-dir/MiniOzoneClusterImpl-3afb9865-6449-4209-9387-449993352e62/datanode-1/data/containers&quot; daemon prio=5 tid=2028 timed_waiting&#10;java.lang.Thread.State: TIMED_WAITING&#10;        at java.lang.Thread.sleep(Native Method)&#10;        at org.apache.hadoop.fs.CachingGetSpaceUsed$RefreshThread.run(CachingGetSpaceUsed.java:179)&#10;        at java.lang.Thread.run(Thread.java:748)&#10;&quot;pool-176-thread-58&quot;  prio=5 tid=2137 in Object.wait()&#10;java.lang.Thread.State: WAITING (on object monitor)&#10;        at sun.misc.Unsafe.park(Native Method)&#10;        at java.util.concurrent.locks.LockSupport.park(LockSupport.java:175)&#10;        at java.util.concurrent.locks.AbstractQueuedSynchronizer$ConditionObject.await(AbstractQueuedSynchronizer.java:2039)&#10;        at java.util.concurrent.ArrayBlockingQueue.take(ArrayBlockingQueue.java:403)&#10;        at java.util.concurrent.ThreadPoolExecutor.getTask(ThreadPoolExecutor.java:1074)&#10;        at java.util.concurrent.ThreadPoolExecutor.runWorker(ThreadPoolExecutor.java:1134)&#10;        at java.util.concurrent.ThreadPoolExecutor$Worker.run(ThreadPoolExecutor.java:624)&#10;        at java.lang.Thread.run(Thread.java:748)&#10;&quot;67f35358-9777-4ff9-96f4-8a61bc3a94fe@group-1A4316BA6214-StateMachineUpdater&quot; daemon prio=5 tid=2294 in Object.wait()&#10;java.lang.Thread.State: WAITING (on object monitor)&#10;        at java.lang.Object.wait(Native Method)&#10;        at java.lang.Object.wait(Object.java:502)&#10;        at org.apache.ratis.server.impl.StateMachineUpdater.waitForCommit(StateMachineUpdater.java:194)&#10;        at org.apache.ratis.server.impl.StateMachineUpdater.run(StateMachineUpdater.java:159)&#10;        at java.lang.Thread.run(Thread.java:748)&#10;&quot;pool-176-thread-44&quot;  prio=5 tid=2123 in Object.wait()&#10;java.lang.Thread.State: WAITING (on object monitor)&#10;        at sun.misc.Unsafe.park(Native Method)&#10;        at java.util.concurrent.locks.LockSupport.park(LockSupport.java:175)&#10;        at java.util.concurrent.locks.AbstractQueuedSynchronizer$ConditionObject.await(AbstractQueuedSynchronizer.java:2039)&#10;        at java.util.concurrent.ArrayBlockingQueue.take(ArrayBlockingQueue.java:403)&#10;        at java.util.concurrent.ThreadPoolExecutor.getTask(ThreadPoolExecutor.java:1074)&#10;        at java.util.concurrent.ThreadPoolExecutor.runWorker(ThreadPoolExecutor.java:1134)&#10;        at java.util.concurrent.ThreadPoolExecutor$Worker.run(ThreadPoolExecutor.java:624)&#10;        at java.lang.Thread.run(Thread.java:748)&#10;&quot;pool-176-thread-26&quot;  prio=5 tid=2105 in Object.wait()&#10;java.lang.Thread.State: WAITING (on object monitor)&#10;        at sun.misc.Unsafe.park(Native Method)&#10;        at java.util.concurrent.locks.LockSupport.park(LockSupport.java:175)&#10;        at java.util.concurrent.locks.AbstractQueuedSynchronizer$ConditionObject.await(AbstractQueuedSynchronizer.java:2039)&#10;        at java.util.concurrent.ArrayBlockingQueue.take(ArrayBlockingQueue.java:403)&#10;        at java.util.concurrent.ThreadPoolExecutor.getTask(ThreadPoolExecutor.java:1074)&#10;        at java.util.concurrent.ThreadPoolExecutor.runWorker(ThreadPoolExecutor.java:1134)&#10;        at java.util.concurrent.ThreadPoolExecutor$Worker.run(ThreadPoolExecutor.java:624)&#10;        at java.lang.Thread.run(Thread.java:748)&#10;&quot;IPC Server handler 4 on 43940&quot; daemon prio=5 tid=1886 timed_waiting&#10;java.lang.Thread.State: TIMED_WAITING&#10;        at sun.misc.Unsafe.park(Native Method)&#10;        at java.util.concurrent.locks.LockSupport.parkNanos(LockSupport.java:215)&#10;        at java.util.concurrent.locks.AbstractQueuedSynchronizer$ConditionObject.awaitNanos(AbstractQueuedSynchronizer.java:2078)&#10;        at java.util.concurrent.LinkedBlockingQueue.poll(LinkedBlockingQueue.java:467)&#10;        at org.apache.hadoop.ipc.CallQueueManager.take(CallQueueManager.java:288)&#10;        at org.apache.hadoop.ipc.Server$Handler.run(Server.java:2668)&#10;&quot;qtp584694804-1949&quot; daemon prio=5 tid=1949 timed_waiting&#10;java.lang.Thread.State: TIMED_WAITING&#10;        at sun.misc.Unsafe.park(Native Method)&#10;        at java.util.concurrent.locks.LockSupport.parkNanos(LockSupport.java:215)&#10;        at java.util.concurrent.locks.AbstractQueuedSynchronizer$ConditionObject.awaitNanos(AbstractQueuedSynchronizer.java:2078)&#10;        at org.eclipse.jetty.util.BlockingArrayQueue.poll(BlockingArrayQueue.java:392)&#10;        at org.eclipse.jetty.util.thread.QueuedThreadPool.idleJobPoll(QueuedThreadPool.java:563)&#10;        at org.eclipse.jetty.util.thread.QueuedThreadPool.access$800(QueuedThreadPool.java:48)&#10;        at org.eclipse.jetty.util.thread.QueuedThreadPool$2.run(QueuedThreadPool.java:626)&#10;        at java.lang.Thread.run(Thread.java:748)&#10;&quot;pool-176-thread-11&quot;  prio=5 tid=2090 in Object.wait()&#10;java.lang.Thread.State: WAITING (on object monitor)&#10;        at sun.misc.Unsafe.park(Native Method)&#10;        at java.util.concurrent.locks.LockSupport.park(LockSupport.java:175)&#10;        at java.util.concurrent.locks.AbstractQueuedSynchronizer$ConditionObject.await(AbstractQueuedSynchronizer.java:2039)&#10;        at java.util.concurrent.ArrayBlockingQueue.take(ArrayBlockingQueue.java:403)&#10;        at java.util.concurrent.ThreadPoolExecutor.getTask(ThreadPoolExecutor.java:1074)&#10;        at java.util.concurrent.ThreadPoolExecutor.runWorker(ThreadPoolExecutor.java:1134)&#10;        at java.util.concurrent.ThreadPoolExecutor$Worker.run(ThreadPoolExecutor.java:624)&#10;        at java.lang.Thread.run(Thread.java:748)&#10;&quot;pool-186-thread-7&quot;  prio=5 tid=2149 in Object.wait()&#10;java.lang.Thread.State: WAITING (on object monitor)&#10;        at sun.misc.Unsafe.park(Native Method)&#10;        at java.util.concurrent.locks.LockSupport.park(LockSupport.java:175)&#10;        at java.util.concurrent.locks.AbstractQueuedSynchronizer$ConditionObject.await(AbstractQueuedSynchronizer.java:2039)&#10;        at java.util.concurrent.ArrayBlockingQueue.take(ArrayBlockingQueue.java:403)&#10;        at java.util.concurrent.ThreadPoolExecutor.getTask(ThreadPoolExecutor.java:1074)&#10;        at java.util.concurrent.ThreadPoolExecutor.runWorker(ThreadPoolExecutor.java:1134)&#10;        at java.util.concurrent.ThreadPoolExecutor$Worker.run(ThreadPoolExecutor.java:624)&#10;        at java.lang.Thread.run(Thread.java:748)&#10;&quot;metrics-hadoop-metrics2-reporter-113-thread-1&quot; daemon prio=5 tid=2320 timed_waiting&#10;java.lang.Thread.State: TIMED_WAITING&#10;        at sun.misc.Unsafe.park(Native Method)&#10;        at java.util.concurrent.locks.LockSupport.parkNanos(LockSupport.java:215)&#10;        at java.util.concurrent.locks.AbstractQueuedSynchronizer$ConditionObject.awaitNanos(AbstractQueuedSynchronizer.java:2078)&#10;        at java.util.concurrent.ScheduledThreadPoolExecutor$DelayedWorkQueue.take(ScheduledThreadPoolExecutor.java:1093)&#10;        at java.util.concurrent.ScheduledThreadPoolExecutor$DelayedWorkQueue.take(ScheduledThreadPoolExecutor.java:809)&#10;        at java.util.concurrent.ThreadPoolExecutor.getTask(ThreadPoolExecutor.java:1074)&#10;        at java.util.concurrent.ThreadPoolExecutor.runWorker(ThreadPoolExecutor.java:1134)&#10;        at java.util.concurrent.ThreadPoolExecutor$Worker.run(ThreadPoolExecutor.java:624)&#10;        at java.lang.Thread.run(Thread.java:748)&#10;&quot;pool-186-thread-28&quot;  prio=5 tid=2170 in Object.wait()&#10;java.lang.Thread.State: WAITING (on object monitor)&#10;        at sun.misc.Unsafe.park(Native Method)&#10;        at java.util.concurrent.locks.LockSupport.park(LockSupport.java:175)&#10;        at java.util.concurrent.locks.AbstractQueuedSynchronizer$ConditionObject.await(AbstractQueuedSynchronizer.java:2039)&#10;        at java.util.concurrent.ArrayBlockingQueue.take(ArrayBlockingQueue.java:403)&#10;        at java.util.concurrent.ThreadPoolExecutor.getTask(ThreadPoolExecutor.java:1074)&#10;        at java.util.concurrent.ThreadPoolExecutor.runWorker(ThreadPoolExecutor.java:1134)&#10;        at java.util.concurrent.ThreadPoolExecutor$Worker.run(ThreadPoolExecutor.java:624)&#10;        at java.lang.Thread.run(Thread.java:748)&#10;&quot;pool-176-thread-59&quot;  prio=5 tid=2138 in Object.wait()&#10;java.lang.Thread.State: WAITING (on object monitor)&#10;        at sun.misc.Unsafe.park(Native Method)&#10;        at java.util.concurrent.locks.LockSupport.park(LockSupport.java:175)&#10;        at java.util.concurrent.locks.AbstractQueuedSynchronizer$ConditionObject.await(AbstractQueuedSynchronizer.java:2039)&#10;        at java.util.concurrent.ArrayBlockingQueue.take(ArrayBlockingQueue.java:403)&#10;        at java.util.concurrent.ThreadPoolExecutor.getTask(ThreadPoolExecutor.java:1074)&#10;        at java.util.concurrent.ThreadPoolExecutor.runWorker(ThreadPoolExecutor.java:1134)&#10;        at java.util.concurrent.ThreadPoolExecutor$Worker.run(ThreadPoolExecutor.java:624)&#10;        at java.lang.Thread.run(Thread.java:748)&#10;&quot;pool-176-thread-57&quot;  prio=5 tid=2136 in Object.wait()&#10;java.lang.Thread.State: WAITING (on object monitor)&#10;        at sun.misc.Unsafe.park(Native Method)&#10;        at java.util.concurrent.locks.LockSupport.park(LockSupport.java:175)&#10;        at java.util.concurrent.locks.AbstractQueuedSynchronizer$ConditionObject.await(AbstractQueuedSynchronizer.java:2039)&#10;        at java.util.concurrent.ArrayBlockingQueue.take(ArrayBlockingQueue.java:403)&#10;        at java.util.concurrent.ThreadPoolExecutor.getTask(ThreadPoolExecutor.java:1074)&#10;        at java.util.concurrent.ThreadPoolExecutor.runWorker(ThreadPoolExecutor.java:1134)&#10;        at java.util.concurrent.ThreadPoolExecutor$Worker.run(ThreadPoolExecutor.java:624)&#10;        at java.lang.Thread.run(Thread.java:748)&#10;&quot;IPC Server handler 5 on 35803&quot; daemon prio=5 tid=1927 timed_waiting&#10;java.lang.Thread.State: TIMED_WAITING&#10;        at sun.misc.Unsafe.park(Native Method)&#10;        at java.util.concurrent.locks.LockSupport.parkNanos(LockSupport.java:215)&#10;        at java.util.concurrent.locks.AbstractQueuedSynchronizer$ConditionObject.awaitNanos(AbstractQueuedSynchronizer.java:2078)&#10;        at java.util.concurrent.LinkedBlockingQueue.poll(LinkedBlockingQueue.java:467)&#10;        at org.apache.hadoop.ipc.CallQueueManager.take(CallQueueManager.java:288)&#10;        at org.apache.hadoop.ipc.Server$Handler.run(Server.java:2668)&#10;&quot;metrics-hadoop-metrics2-reporter-26-thread-1&quot; daemon prio=5 tid=516 timed_waiting&#10;java.lang.Thread.State: TIMED_WAITING&#10;        at sun.misc.Unsafe.park(Native Method)&#10;        at java.util.concurrent.locks.LockSupport.parkNanos(LockSupport.java:215)&#10;        at java.util.concurrent.locks.AbstractQueuedSynchronizer$ConditionObject.awaitNanos(AbstractQueuedSynchronizer.java:2078)&#10;        at java.util.concurrent.ScheduledThreadPoolExecutor$DelayedWorkQueue.take(ScheduledThreadPoolExecutor.java:1093)&#10;        at java.util.concurrent.ScheduledThreadPoolExecutor$DelayedWorkQueue.take(ScheduledThreadPoolExecutor.java:809)&#10;        at java.util.concurrent.ThreadPoolExecutor.getTask(ThreadPoolExecutor.java:1074)&#10;        at java.util.concurrent.ThreadPoolExecutor.runWorker(ThreadPoolExecutor.java:1134)&#10;        at java.util.concurrent.ThreadPoolExecutor$Worker.run(ThreadPoolExecutor.java:624)&#10;        at java.lang.Thread.run(Thread.java:748)&#10;&quot;pool-186-thread-25&quot;  prio=5 tid=2167 in Object.wait()&#10;java.lang.Thread.State: WAITING (on object monitor)&#10;        at sun.misc.Unsafe.park(Native Method)&#10;        at java.util.concurrent.locks.LockSupport.park(LockSupport.java:175)&#10;        at java.util.concurrent.locks.AbstractQueuedSynchronizer$ConditionObject.await(AbstractQueuedSynchronizer.java:2039)&#10;        at java.util.concurrent.ArrayBlockingQueue.take(ArrayBlockingQueue.java:403)&#10;        at java.util.concurrent.ThreadPoolExecutor.getTask(ThreadPoolExecutor.java:1074)&#10;        at java.util.concurrent.ThreadPoolExecutor.runWorker(ThreadPoolExecutor.java:1134)&#10;        at java.util.concurrent.ThreadPoolExecutor$Worker.run(ThreadPoolExecutor.java:624)&#10;        at java.lang.Thread.run(Thread.java:748)&#10;&quot;pool-176-thread-30&quot;  prio=5 tid=2109 in Object.wait()&#10;java.lang.Thread.State: WAITING (on object monitor)&#10;        at sun.misc.Unsafe.park(Native Method)&#10;        at java.util.concurrent.locks.LockSupport.park(LockSupport.java:175)&#10;        at java.util.concurrent.locks.AbstractQueuedSynchronizer$ConditionObject.await(AbstractQueuedSynchronizer.java:2039)&#10;        at java.util.concurrent.ArrayBlockingQueue.take(ArrayBlockingQueue.java:403)&#10;        at java.util.concurrent.ThreadPoolExecutor.getTask(ThreadPoolExecutor.java:1074)&#10;        at java.util.concurrent.ThreadPoolExecutor.runWorker(ThreadPoolExecutor.java:1134)&#10;        at java.util.concurrent.ThreadPoolExecutor$Worker.run(ThreadPoolExecutor.java:624)&#10;        at java.lang.Thread.run(Thread.java:748)&#10;&quot;pool-186-thread-22&quot;  prio=5 tid=2164 in Object.wait()&#10;java.lang.Thread.State: WAITING (on object monitor)&#10;        at sun.misc.Unsafe.park(Native Method)&#10;        at java.util.concurrent.locks.LockSupport.park(LockSupport.java:175)&#10;        at java.util.concurrent.locks.AbstractQueuedSynchronizer$ConditionObject.await(AbstractQueuedSynchronizer.java:2039)&#10;        at java.util.concurrent.ArrayBlockingQueue.take(ArrayBlockingQueue.java:403)&#10;        at java.util.concurrent.ThreadPoolExecutor.getTask(ThreadPoolExecutor.java:1074)&#10;        at java.util.concurrent.ThreadPoolExecutor.runWorker(ThreadPoolExecutor.java:1134)&#10;        at java.util.concurrent.ThreadPoolExecutor$Worker.run(ThreadPoolExecutor.java:624)&#10;        at java.lang.Thread.run(Thread.java:748)&#10;&quot;Datanode ReportManager Thread - 1&quot; daemon prio=5 tid=1344 in Object.wait()&#10;java.lang.Thread.State: WAITING (on object monitor)&#10;        at sun.misc.Unsafe.park(Native Method)&#10;        at java.util.concurrent.locks.LockSupport.park(LockSupport.java:175)&#10;        at java.util.concurrent.locks.AbstractQueuedSynchronizer$ConditionObject.await(AbstractQueuedSynchronizer.java:2039)&#10;        at java.util.concurrent.ScheduledThreadPoolExecutor$DelayedWorkQueue.take(ScheduledThreadPoolExecutor.java:1088)&#10;        at java.util.concurrent.ScheduledThreadPoolExecutor$DelayedWorkQueue.take(ScheduledThreadPoolExecutor.java:809)&#10;        at java.util.concurrent.ThreadPoolExecutor.getTask(ThreadPoolExecutor.java:1074)&#10;        at java.util.concurrent.ThreadPoolExecutor.runWorker(ThreadPoolExecutor.java:1134)&#10;        at java.util.concurrent.ThreadPoolExecutor$Worker.run(ThreadPoolExecutor.java:624)&#10;        at java.lang.Thread.run(Thread.java:748)&#10;&quot;metrics-hadoop-metrics2-reporter-33-thread-1&quot; daemon prio=5 tid=963 timed_waiting&#10;java.lang.Thread.State: TIMED_WAITING&#10;        at sun.misc.Unsafe.park(Native Method)&#10;        at java.util.concurrent.locks.LockSupport.parkNanos(LockSupport.java:215)&#10;        at java.util.concurrent.locks.AbstractQueuedSynchronizer$ConditionObject.awaitNanos(AbstractQueuedSynchronizer.java:2078)&#10;        at java.util.concurrent.ScheduledThreadPoolExecutor$DelayedWorkQueue.take(ScheduledThreadPoolExecutor.java:1093)&#10;        at java.util.concurrent.ScheduledThreadPoolExecutor$DelayedWorkQueue.take(ScheduledThreadPoolExecutor.java:809)&#10;        at java.util.concurrent.ThreadPoolExecutor.getTask(ThreadPoolExecutor.java:1074)&#10;        at java.util.concurrent.ThreadPoolExecutor.runWorker(ThreadPoolExecutor.java:1134)&#10;        at java.util.concurrent.ThreadPoolExecutor$Worker.run(ThreadPoolExecutor.java:624)&#10;        at java.lang.Thread.run(Thread.java:748)&#10;&quot;pool-186-thread-15&quot;  prio=5 tid=2157 in Object.wait()&#10;java.lang.Thread.State: WAITING (on object monitor)&#10;        at sun.misc.Unsafe.park(Native Method)&#10;        at java.util.concurrent.locks.LockSupport.park(LockSupport.java:175)&#10;        at java.util.concurrent.locks.AbstractQueuedSynchronizer$ConditionObject.await(AbstractQueuedSynchronizer.java:2039)&#10;        at java.util.concurrent.ArrayBlockingQueue.take(ArrayBlockingQueue.java:403)&#10;        at java.util.concurrent.ThreadPoolExecutor.getTask(ThreadPoolExecutor.java:1074)&#10;        at java.util.concurrent.ThreadPoolExecutor.runWorker(ThreadPoolExecutor.java:1134)&#10;        at java.util.concurrent.ThreadPoolExecutor$Worker.run(ThreadPoolExecutor.java:624)&#10;        at java.lang.Thread.run(Thread.java:748)&#10;&quot;Datanode ReportManager Thread - 2&quot; daemon prio=5 tid=1345 in Object.wait()&#10;java.lang.Thread.State: WAITING (on object monitor)&#10;        at sun.misc.Unsafe.park(Native Method)&#10;        at java.util.concurrent.locks.LockSupport.park(LockSupport.java:175)&#10;        at java.util.concurrent.locks.AbstractQueuedSynchronizer$ConditionObject.await(AbstractQueuedSynchronizer.java:2039)&#10;        at java.util.concurrent.ScheduledThreadPoolExecutor$DelayedWorkQueue.take(ScheduledThreadPoolExecutor.java:1088)&#10;        at java.util.concurrent.ScheduledThreadPoolExecutor$DelayedWorkQueue.take(ScheduledThreadPoolExecutor.java:809)&#10;        at java.util.concurrent.ThreadPoolExecutor.getTask(ThreadPoolExecutor.java:1074)&#10;        at java.util.concurrent.ThreadPoolExecutor.runWorker(ThreadPoolExecutor.java:1134)&#10;        at java.util.concurrent.ThreadPoolExecutor$Worker.run(ThreadPoolExecutor.java:624)&#10;        at java.lang.Thread.run(Thread.java:748)&#10;&quot;qtp1664093259-2033&quot; daemon prio=5 tid=2033 runnable&#10;java.lang.Thread.State: RUNNABLE&#10;        at sun.nio.ch.EPollArrayWrapper.epollWait(Native Method)&#10;        at sun.nio.ch.EPollArrayWrapper.poll(EPollArrayWrapper.java:269)&#10;        at sun.nio.ch.EPollSelectorImpl.doSelect(EPollSelectorImpl.java:93)&#10;        at sun.nio.ch.SelectorImpl.lockAndDoSelect(SelectorImpl.java:86)&#10;        at sun.nio.ch.SelectorImpl.select(SelectorImpl.java:97)&#10;        at sun.nio.ch.SelectorImpl.select(SelectorImpl.java:101)&#10;        at org.eclipse.jetty.io.ManagedSelector$SelectorProducer.select(ManagedSelector.java:243)&#10;        at org.eclipse.jetty.io.ManagedSelector$SelectorProducer.produce(ManagedSelector.java:191)&#10;        at org.eclipse.jetty.util.thread.strategy.ExecuteProduceConsume.executeProduceConsume(ExecuteProduceConsume.java:249)&#10;        at org.eclipse.jetty.util.thread.strategy.ExecuteProduceConsume.produceConsume(ExecuteProduceConsume.java:148)&#10;        at org.eclipse.jetty.util.thread.strategy.ExecuteProduceConsume.execute(ExecuteProduceConsume.java:100)&#10;        at org.eclipse.jetty.io.ManagedSelector.run(ManagedSelector.java:147)&#10;        at org.eclipse.jetty.util.thread.QueuedThreadPool.runJob(QueuedThreadPool.java:671)&#10;        at org.eclipse.jetty.util.thread.QueuedThreadPool$2.run(QueuedThreadPool.java:589)&#10;        at java.lang.Thread.run(Thread.java:748)&#10;&quot;IPC Server idle connection scanner for port 35803&quot; daemon prio=5 tid=1869 timed_waiting&#10;java.lang.Thread.State: TIMED_WAITING&#10;        at java.lang.Object.wait(Native Method)&#10;        at java.util.TimerThread.mainLoop(Timer.java:552)&#10;        at java.util.TimerThread.run(Timer.java:505)&#10;&quot;metrics-hadoop-metrics2-reporter-128-thread-1&quot; daemon prio=5 tid=2490 timed_waiting&#10;java.lang.Thread.State: TIMED_WAITING&#10;        at sun.misc.Unsafe.park(Native Method)&#10;        at java.util.concurrent.locks.LockSupport.parkNanos(LockSupport.java:215)&#10;        at java.util.concurrent.locks.AbstractQueuedSynchronizer$ConditionObject.awaitNanos(AbstractQueuedSynchronizer.java:2078)&#10;        at java.util.concurrent.ScheduledThreadPoolExecutor$DelayedWorkQueue.take(ScheduledThreadPoolExecutor.java:1093)&#10;        at java.util.concurrent.ScheduledThreadPoolExecutor$DelayedWorkQueue.take(ScheduledThreadPoolExecutor.java:809)&#10;        at java.util.concurrent.ThreadPoolExecutor.getTask(ThreadPoolExecutor.java:1074)&#10;        at java.util.concurrent.ThreadPoolExecutor.runWorker(ThreadPoolExecutor.java:1134)&#10;        at java.util.concurrent.ThreadPoolExecutor$Worker.run(ThreadPoolExecutor.java:624)&#10;        at java.lang.Thread.run(Thread.java:748)&#10;&quot;IPC Server idle connection scanner for port 43940&quot; daemon prio=5 tid=1877 timed_waiting&#10;java.lang.Thread.State: TIMED_WAITING&#10;        at java.lang.Object.wait(Native Method)&#10;        at java.util.TimerThread.mainLoop(Timer.java:552)&#10;        at java.util.TimerThread.run(Timer.java:505)&#10;&quot;IPC Server handler 3 on 43940&quot; daemon prio=5 tid=1885 timed_waiting&#10;java.lang.Thread.State: TIMED_WAITING&#10;        at sun.misc.Unsafe.park(Native Method)&#10;        at java.util.concurrent.locks.LockSupport.parkNanos(LockSupport.java:215)&#10;        at java.util.concurrent.locks.AbstractQueuedSynchronizer$ConditionObject.awaitNanos(AbstractQueuedSynchronizer.java:2078)&#10;        at java.util.concurrent.LinkedBlockingQueue.poll(LinkedBlockingQueue.java:467)&#10;        at org.apache.hadoop.ipc.CallQueueManager.take(CallQueueManager.java:288)&#10;        at org.apache.hadoop.ipc.Server$Handler.run(Server.java:2668)&#10;&quot;7c431f9d-51bc-458b-a3a6-511ec217d887@group-524E986F5930-StateMachineUpdater&quot; daemon prio=5 tid=2306 in Object.wait()&#10;java.lang.Thread.State: WAITING (on object monitor)&#10;        at java.lang.Object.wait(Native Method)&#10;        at java.lang.Object.wait(Object.java:502)&#10;        at org.apache.ratis.server.impl.StateMachineUpdater.waitForCommit(StateMachineUpdater.java:194)&#10;        at org.apache.ratis.server.impl.StateMachineUpdater.run(StateMachineUpdater.java:159)&#10;        at java.lang.Thread.run(Thread.java:748)&#10;&quot;qtp2077845538-1991&quot; daemon prio=5 tid=1991 timed_waiting&#10;java.lang.Thread.State: TIMED_WAITING&#10;        at sun.misc.Unsafe.park(Native Method)&#10;        at java.util.concurrent.locks.LockSupport.parkNanos(LockSupport.java:215)&#10;        at java.util.concurrent.locks.AbstractQueuedSynchronizer$ConditionObject.awaitNanos(AbstractQueuedSynchronizer.java:2078)&#10;        at org.eclipse.jetty.util.BlockingArrayQueue.poll(BlockingArrayQueue.java:392)&#10;        at org.eclipse.jetty.util.thread.QueuedThreadPool.idleJobPoll(QueuedThreadPool.java:563)&#10;        at org.eclipse.jetty.util.thread.QueuedThreadPool.access$800(QueuedThreadPool.java:48)&#10;        at org.eclipse.jetty.util.thread.QueuedThreadPool$2.run(QueuedThreadPool.java:626)&#10;        at java.lang.Thread.run(Thread.java:748)&#10;&quot;IPC Server handler 3 on 44019&quot; daemon prio=5 tid=1969 timed_waiting&#10;java.lang.Thread.State: TIMED_WAITING&#10;        at sun.misc.Unsafe.park(Native Method)&#10;        at java.util.concurrent.locks.LockSupport.parkNanos(LockSupport.java:215)&#10;        at java.util.concurrent.locks.AbstractQueuedSynchronizer$ConditionObject.awaitNanos(AbstractQueuedSynchronizer.java:2078)&#10;        at java.util.concurrent.LinkedBlockingQueue.poll(LinkedBlockingQueue.java:467)&#10;        at org.apache.hadoop.ipc.CallQueueManager.take(CallQueueManager.java:288)&#10;        at org.apache.hadoop.ipc.Server$Handler.run(Server.java:2668)&#10;&quot;metrics-hadoop-metrics2-reporter-52-thread-1&quot; daemon prio=5 tid=1047 timed_waiting&#10;java.lang.Thread.State: TIMED_WAITING&#10;        at sun.misc.Unsafe.park(Native Method)&#10;        at java.util.concurrent.locks.LockSupport.parkNanos(LockSupport.java:215)&#10;        at java.util.concurrent.locks.AbstractQueuedSynchronizer$ConditionObject.awaitNanos(AbstractQueuedSynchronizer.java:2078)&#10;        at java.util.concurrent.ScheduledThreadPoolExecutor$DelayedWorkQueue.take(ScheduledThreadPoolExecutor.java:1093)&#10;        at java.util.concurrent.ScheduledThreadPoolExecutor$DelayedWorkQueue.take(ScheduledThreadPoolExecutor.java:809)&#10;        at java.util.concurrent.ThreadPoolExecutor.getTask(ThreadPoolExecutor.java:1074)&#10;        at java.util.concurrent.ThreadPoolExecutor.runWorker(ThreadPoolExecutor.java:1134)&#10;        at java.util.concurrent.ThreadPoolExecutor$Worker.run(ThreadPoolExecutor.java:624)&#10;        at java.lang.Thread.run(Thread.java:748)&#10;&quot;pool-186-thread-9&quot;  prio=5 tid=2151 in Object.wait()&#10;java.lang.Thread.State: WAITING (on object monitor)&#10;        at sun.misc.Unsafe.park(Native Method)&#10;        at java.util.concurrent.locks.LockSupport.park(LockSupport.java:175)&#10;        at java.util.concurrent.locks.AbstractQueuedSynchronizer$ConditionObject.await(AbstractQueuedSynchronizer.java:2039)&#10;        at java.util.concurrent.ArrayBlockingQueue.take(ArrayBlockingQueue.java:403)&#10;        at java.util.concurrent.ThreadPoolExecutor.getTask(ThreadPoolExecutor.java:1074)&#10;        at java.util.concurrent.ThreadPoolExecutor.runWorker(ThreadPoolExecutor.java:1134)&#10;        at java.util.concurrent.ThreadPoolExecutor$Worker.run(ThreadPoolExecutor.java:624)&#10;        at java.lang.Thread.run(Thread.java:748)&#10;&quot;metrics-hadoop-metrics2-reporter-92-thread-1&quot; daemon prio=5 tid=1824 timed_waiting&#10;java.lang.Thread.State: TIMED_WAITING&#10;        at sun.misc.Unsafe.park(Native Method)&#10;        at java.util.concurrent.locks.LockSupport.parkNanos(LockSupport.java:215)&#10;        at java.util.concurrent.locks.AbstractQueuedSynchronizer$ConditionObject.awaitNanos(AbstractQueuedSynchronizer.java:2078)&#10;        at java.util.concurrent.ScheduledThreadPoolExecutor$DelayedWorkQueue.take(ScheduledThreadPoolExecutor.java:1093)&#10;        at java.util.concurrent.ScheduledThreadPoolExecutor$DelayedWorkQueue.take(ScheduledThreadPoolExecutor.java:809)&#10;        at java.util.concurrent.ThreadPoolExecutor.getTask(ThreadPoolExecutor.java:1074)&#10;        at java.util.concurrent.ThreadPoolExecutor.runWorker(ThreadPoolExecutor.java:1134)&#10;        at java.util.concurrent.ThreadPoolExecutor$Worker.run(ThreadPoolExecutor.java:624)&#10;        at java.lang.Thread.run(Thread.java:748)&#10;&quot;org.eclipse.jetty.server.session.HashSessionManager@7c663eafTimer&quot; daemon prio=5 tid=2015 timed_waiting&#10;java.lang.Thread.State: TIMED_WAITING&#10;        at sun.misc.Unsafe.park(Native Method)&#10;        at java.util.concurrent.locks.LockSupport.parkNanos(LockSupport.java:215)&#10;        at java.util.concurrent.locks.AbstractQueuedSynchronizer$ConditionObject.awaitNanos(AbstractQueuedSynchronizer.java:2078)&#10;        at java.util.concurrent.ScheduledThreadPoolExecutor$DelayedWorkQueue.take(ScheduledThreadPoolExecutor.java:1093)&#10;        at java.util.concurrent.ScheduledThreadPoolExecutor$DelayedWorkQueue.take(ScheduledThreadPoolExecutor.java:809)&#10;        at java.util.concurrent.ThreadPoolExecutor.getTask(ThreadPoolExecutor.java:1074)&#10;        at java.util.concurrent.ThreadPoolExecutor.runWorker(ThreadPoolExecutor.java:1134)&#10;        at java.util.concurrent.ThreadPoolExecutor$Worker.run(ThreadPoolExecutor.java:624)&#10;        at java.lang.Thread.run(Thread.java:748)&#10;&quot;pool-186-thread-36&quot;  prio=5 tid=2178 in Object.wait()&#10;java.lang.Thread.State: WAITING (on object monitor)&#10;        at sun.misc.Unsafe.park(Native Method)&#10;        at java.util.concurrent.locks.LockSupport.park(LockSupport.java:175)&#10;        at java.util.concurrent.locks.AbstractQueuedSynchronizer$ConditionObject.await(AbstractQueuedSynchronizer.java:2039)&#10;        at java.util.concurrent.ArrayBlockingQueue.take(ArrayBlockingQueue.java:403)&#10;        at java.util.concurrent.ThreadPoolExecutor.getTask(ThreadPoolExecutor.java:1074)&#10;        at java.util.concurrent.ThreadPoolExecutor.runWorker(ThreadPoolExecutor.java:1134)&#10;        at java.util.concurrent.ThreadPoolExecutor$Worker.run(ThreadPoolExecutor.java:624)&#10;        at java.lang.Thread.run(Thread.java:748)&#10;&quot;qtp1821228886-2013&quot; daemon prio=5 tid=2013 timed_waiting&#10;java.lang.Thread.State: TIMED_WAITING&#10;        at sun.misc.Unsafe.park(Native Method)&#10;        at java.util.concurrent.locks.LockSupport.parkNanos(LockSupport.java:215)&#10;        at java.util.concurrent.locks.AbstractQueuedSynchronizer$ConditionObject.awaitNanos(AbstractQueuedSynchronizer.java:2078)&#10;        at org.eclipse.jetty.util.BlockingArrayQueue.poll(BlockingArrayQueue.java:392)&#10;        at org.eclipse.jetty.util.thread.QueuedThreadPool.idleJobPoll(QueuedThreadPool.java:563)&#10;        at org.eclipse.jetty.util.thread.QueuedThreadPool.access$800(QueuedThreadPool.java:48)&#10;        at org.eclipse.jetty.util.thread.QueuedThreadPool$2.run(QueuedThreadPool.java:626)&#10;        at java.lang.Thread.run(Thread.java:748)&#10;&quot;qtp2077845538-1988-acceptor-0@2e5809a2-ServerConnector@4d0e54e0{HTTP/1.1,[http/1.1]}{0.0.0.0:36272}&quot; daemon prio=3 tid=1988 runnable&#10;java.lang.Thread.State: RUNNABLE&#10;        at sun.nio.ch.ServerSocketChannelImpl.accept0(Native Method)&#10;        at sun.nio.ch.ServerSocketChannelImpl.accept(ServerSocketChannelImpl.java:422)&#10;        at sun.nio.ch.ServerSocketChannelImpl.accept(ServerSocketChannelImpl.java:250)&#10;        at org.eclipse.jetty.server.ServerConnector.accept(ServerConnector.java:397)&#10;        at org.eclipse.jetty.server.AbstractConnector$Acceptor.run(AbstractConnector.java:601)&#10;        at org.eclipse.jetty.util.thread.QueuedThreadPool.runJob(QueuedThreadPool.java:671)&#10;        at org.eclipse.jetty.util.thread.QueuedThreadPool$2.run(QueuedThreadPool.java:589)&#10;        at java.lang.Thread.run(Thread.java:748)&#10;&quot;Thread-1157&quot; daemon prio=5 tid=2338 timed_waiting&#10;java.lang.Thread.State: TIMED_WAITING&#10;        at sun.misc.Unsafe.park(Native Method)&#10;        at java.util.concurrent.locks.LockSupport.parkNanos(LockSupport.java:215)&#10;        at java.util.concurrent.locks.AbstractQueuedSynchronizer$ConditionObject.awaitNanos(AbstractQueuedSynchronizer.java:2078)&#10;        at java.util.concurrent.ArrayBlockingQueue.poll(ArrayBlockingQueue.java:418)&#10;        at org.apache.ratis.server.impl.LeaderState$EventQueue.poll(LeaderState.java:115)&#10;        at org.apache.ratis.server.impl.LeaderState$EventProcessor.run(LeaderState.java:467)&#10;&quot;pool-196-thread-51&quot;  prio=5 tid=2255 in Object.wait()&#10;java.lang.Thread.State: WAITING (on object monitor)&#10;        at sun.misc.Unsafe.park(Native Method)&#10;        at java.util.concurrent.locks.LockSupport.park(LockSupport.java:175)&#10;        at java.util.concurrent.locks.AbstractQueuedSynchronizer$ConditionObject.await(AbstractQueuedSynchronizer.java:2039)&#10;        at java.util.concurrent.ArrayBlockingQueue.take(ArrayBlockingQueue.java:403)&#10;        at java.util.concurrent.ThreadPoolExecutor.getTask(ThreadPoolExecutor.java:1074)&#10;        at java.util.concurrent.ThreadPoolExecutor.runWorker(ThreadPoolExecutor.java:1134)&#10;        at java.util.concurrent.ThreadPoolExecutor$Worker.run(ThreadPoolExecutor.java:624)&#10;        at java.lang.Thread.run(Thread.java:748)&#10;&quot;pool-176-thread-21&quot;  prio=5 tid=2100 in Object.wait()&#10;java.lang.Thread.State: WAITING (on object monitor)&#10;        at sun.misc.Unsafe.park(Native Method)&#10;        at java.util.concurrent.locks.LockSupport.park(LockSupport.java:175)&#10;        at java.util.concurrent.locks.AbstractQueuedSynchronizer$ConditionObject.await(AbstractQueuedSynchronizer.java:2039)&#10;        at java.util.concurrent.ArrayBlockingQueue.take(ArrayBlockingQueue.java:403)&#10;        at java.util.concurrent.ThreadPoolExecutor.getTask(ThreadPoolExecutor.java:1074)&#10;        at java.util.concurrent.ThreadPoolExecutor.runWorker(ThreadPoolExecutor.java:1134)&#10;        at java.util.concurrent.ThreadPoolExecutor$Worker.run(ThreadPoolExecutor.java:624)&#10;        at java.lang.Thread.run(Thread.java:748)&#10;&quot;pool-196-thread-12&quot;  prio=5 tid=2216 in Object.wait()&#10;java.lang.Thread.State: WAITING (on object monitor)&#10;        at sun.misc.Unsafe.park(Native Method)&#10;        at java.util.concurrent.locks.LockSupport.park(LockSupport.java:175)&#10;        at java.util.concurrent.locks.AbstractQueuedSynchronizer$ConditionObject.await(AbstractQueuedSynchronizer.java:2039)&#10;        at java.util.concurrent.ArrayBlockingQueue.take(ArrayBlockingQueue.java:403)&#10;        at java.util.concurrent.ThreadPoolExecutor.getTask(ThreadPoolExecutor.java:1074)&#10;        at java.util.concurrent.ThreadPoolExecutor.runWorker(ThreadPoolExecutor.java:1134)&#10;        at java.util.concurrent.ThreadPoolExecutor$Worker.run(ThreadPoolExecutor.java:624)&#10;        at java.lang.Thread.run(Thread.java:748)&#10;&quot;pool-176-thread-40&quot;  prio=5 tid=2119 in Object.wait()&#10;java.lang.Thread.State: WAITING (on object monitor)&#10;        at sun.misc.Unsafe.park(Native Method)&#10;        at java.util.concurrent.locks.LockSupport.park(LockSupport.java:175)&#10;        at java.util.concurrent.locks.AbstractQueuedSynchronizer$ConditionObject.await(AbstractQueuedSynchronizer.java:2039)&#10;        at java.util.concurrent.ArrayBlockingQueue.take(ArrayBlockingQueue.java:403)&#10;        at java.util.concurrent.ThreadPoolExecutor.getTask(ThreadPoolExecutor.java:1074)&#10;        at java.util.concurrent.ThreadPoolExecutor.runWorker(ThreadPoolExecutor.java:1134)&#10;        at java.util.concurrent.ThreadPoolExecutor$Worker.run(ThreadPoolExecutor.java:624)&#10;        at java.lang.Thread.run(Thread.java:748)&#10;&quot;67f35358-9777-4ff9-96f4-8a61bc3a94fe@group-1A4316BA6214-SegmentedRaftLogWorker&quot;  prio=5 tid=2293 timed_waiting&#10;java.lang.Thread.State: TIMED_WAITING&#10;        at sun.misc.Unsafe.park(Native Method)&#10;        at java.util.concurrent.locks.LockSupport.parkNanos(LockSupport.java:215)&#10;        at java.util.concurrent.locks.AbstractQueuedSynchronizer$ConditionObject.awaitNanos(AbstractQueuedSynchronizer.java:2078)&#10;        at org.apache.ratis.util.DataBlockingQueue.poll(DataBlockingQueue.java:137)&#10;        at org.apache.ratis.server.raftlog.segmented.SegmentedRaftLogWorker.run(SegmentedRaftLogWorker.java:282)&#10;        at java.lang.Thread.run(Thread.java:748)&#10;&quot;pool-186-thread-44&quot;  prio=5 tid=2186 in Object.wait()&#10;java.lang.Thread.State: WAITING (on object monitor)&#10;        at sun.misc.Unsafe.park(Native Method)&#10;        at java.util.concurrent.locks.LockSupport.park(LockSupport.java:175)&#10;        at java.util.concurrent.locks.AbstractQueuedSynchronizer$ConditionObject.await(AbstractQueuedSynchronizer.java:2039)&#10;        at java.util.concurrent.ArrayBlockingQueue.take(ArrayBlockingQueue.java:403)&#10;        at java.util.concurrent.ThreadPoolExecutor.getTask(ThreadPoolExecutor.java:1074)&#10;        at java.util.concurrent.ThreadPoolExecutor.runWorker(ThreadPoolExecutor.java:1134)&#10;        at java.util.concurrent.ThreadPoolExecutor$Worker.run(ThreadPoolExecutor.java:624)&#10;        at java.lang.Thread.run(Thread.java:748)&#10;&quot;Datanode ReportManager Thread - 0&quot; daemon prio=5 tid=1397 in Object.wait()&#10;java.lang.Thread.State: WAITING (on object monitor)&#10;        at sun.misc.Unsafe.park(Native Method)&#10;        at java.util.concurrent.locks.LockSupport.park(LockSupport.java:175)&#10;        at java.util.concurrent.locks.AbstractQueuedSynchronizer$ConditionObject.await(AbstractQueuedSynchronizer.java:2039)&#10;        at java.util.concurrent.ScheduledThreadPoolExecutor$DelayedWorkQueue.take(ScheduledThreadPoolExecutor.java:1088)&#10;        at java.util.concurrent.ScheduledThreadPoolExecutor$DelayedWorkQueue.take(ScheduledThreadPoolExecutor.java:809)&#10;        at java.util.concurrent.ThreadPoolExecutor.getTask(ThreadPoolExecutor.java:1074)&#10;        at java.util.concurrent.ThreadPoolExecutor.runWorker(ThreadPoolExecutor.java:1134)&#10;        at java.util.concurrent.ThreadPoolExecutor$Worker.run(ThreadPoolExecutor.java:624)&#10;        at java.lang.Thread.run(Thread.java:748)&#10;&quot;IPC Server handler 2 on 43940&quot; daemon prio=5 tid=1884 timed_waiting&#10;java.lang.Thread.State: TIMED_WAITING&#10;        at sun.misc.Unsafe.park(Native Method)&#10;        at java.util.concurrent.locks.LockSupport.parkNanos(LockSupport.java:215)&#10;        at java.util.concurrent.locks.AbstractQueuedSynchronizer$ConditionObject.awaitNanos(AbstractQueuedSynchronizer.java:2078)&#10;        at java.util.concurrent.LinkedBlockingQueue.poll(LinkedBlockingQueue.java:467)&#10;        at org.apache.hadoop.ipc.CallQueueManager.take(CallQueueManager.java:288)&#10;        at org.apache.hadoop.ipc.Server$Handler.run(Server.java:2668)&#10;&quot;b9cfa588-8e56-4331-be2f-4c26f25c6739@group-21BA9BD4283D-StateMachineUpdater&quot; daemon prio=5 tid=2479 in Object.wait()&#10;java.lang.Thread.State: WAITING (on object monitor)&#10;        at java.lang.Object.wait(Native Method)&#10;        at java.lang.Object.wait(Object.java:502)&#10;        at org.apache.ratis.server.impl.StateMachineUpdater.waitForCommit(StateMachineUpdater.java:194)&#10;        at org.apache.ratis.server.impl.StateMachineUpdater.run(StateMachineUpdater.java:159)&#10;        at java.lang.Thread.run(Thread.java:748)&#10;&quot;pool-186-thread-48&quot;  prio=5 tid=2190 in Object.wait()&#10;java.lang.Thread.State: WAITING (on object monitor)&#10;        at sun.misc.Unsafe.park(Native Method)&#10;        at java.util.concurrent.locks.LockSupport.park(LockSupport.java:175)&#10;        at java.util.concurrent.locks.AbstractQueuedSynchronizer$ConditionObject.await(AbstractQueuedSynchronizer.java:2039)&#10;        at java.util.concurrent.ArrayBlockingQueue.take(ArrayBlockingQueue.java:403)&#10;        at java.util.concurrent.ThreadPoolExecutor.getTask(ThreadPoolExecutor.java:1074)&#10;        at java.util.concurrent.ThreadPoolExecutor.runWorker(ThreadPoolExecutor.java:1134)&#10;        at java.util.concurrent.ThreadPoolExecutor$Worker.run(ThreadPoolExecutor.java:624)&#10;        at java.lang.Thread.run(Thread.java:748)&#10;&quot;metrics-hadoop-metrics2-reporter-78-thread-1&quot; daemon prio=5 tid=1634 timed_waiting&#10;java.lang.Thread.State: TIMED_WAITING&#10;        at sun.misc.Unsafe.park(Native Method)&#10;        at java.util.concurrent.locks.LockSupport.parkNanos(LockSupport.java:215)&#10;        at java.util.concurrent.locks.AbstractQueuedSynchronizer$ConditionObject.awaitNanos(AbstractQueuedSynchronizer.java:2078)&#10;        at java.util.concurrent.ScheduledThreadPoolExecutor$DelayedWorkQueue.take(ScheduledThreadPoolExecutor.java:1093)&#10;        at java.util.concurrent.ScheduledThreadPoolExecutor$DelayedWorkQueue.take(ScheduledThreadPoolExecutor.java:809)&#10;        at java.util.concurrent.ThreadPoolExecutor.getTask(ThreadPoolExecutor.java:1074)&#10;        at java.util.concurrent.ThreadPoolExecutor.runWorker(ThreadPoolExecutor.java:1134)&#10;        at java.util.concurrent.ThreadPoolExecutor$Worker.run(ThreadPoolExecutor.java:624)&#10;        at java.lang.Thread.run(Thread.java:748)&#10;&quot;metrics-hadoop-metrics2-reporter-46-thread-1&quot; daemon prio=5 tid=1001 timed_waiting&#10;java.lang.Thread.State: TIMED_WAITING&#10;        at sun.misc.Unsafe.park(Native Method)&#10;        at java.util.concurrent.locks.LockSupport.parkNanos(LockSupport.java:215)&#10;        at java.util.concurrent.locks.AbstractQueuedSynchronizer$ConditionObject.awaitNanos(AbstractQueuedSynchronizer.java:2078)&#10;        at java.util.concurrent.ScheduledThreadPoolExecutor$DelayedWorkQueue.take(ScheduledThreadPoolExecutor.java:1093)&#10;        at java.util.concurrent.ScheduledThreadPoolExecutor$DelayedWorkQueue.take(ScheduledThreadPoolExecutor.java:809)&#10;        at java.util.concurrent.ThreadPoolExecutor.getTask(ThreadPoolExecutor.java:1074)&#10;        at java.util.concurrent.ThreadPoolExecutor.runWorker(ThreadPoolExecutor.java:1134)&#10;        at java.util.concurrent.ThreadPoolExecutor$Worker.run(ThreadPoolExecutor.java:624)&#10;        at java.lang.Thread.run(Thread.java:748)&#10;&quot;pool-186-thread-56&quot;  prio=5 tid=2198 in Object.wait()&#10;java.lang.Thread.State: WAITING (on object monitor)&#10;        at sun.misc.Unsafe.park(Native Method)&#10;        at java.util.concurrent.locks.LockSupport.park(LockSupport.java:175)&#10;        at java.util.concurrent.locks.AbstractQueuedSynchronizer$ConditionObject.await(AbstractQueuedSynchronizer.java:2039)&#10;        at java.util.concurrent.ArrayBlockingQueue.take(ArrayBlockingQueue.java:403)&#10;        at java.util.concurrent.ThreadPoolExecutor.getTask(ThreadPoolExecutor.java:1074)&#10;        at java.util.concurrent.ThreadPoolExecutor.runWorker(ThreadPoolExecutor.java:1134)&#10;        at java.util.concurrent.ThreadPoolExecutor$Worker.run(ThreadPoolExecutor.java:624)&#10;        at java.lang.Thread.run(Thread.java:748)&#10;&quot;qtp1821228886-2008&quot; daemon prio=5 tid=2008 timed_waiting&#10;java.lang.Thread.State: TIMED_WAITING&#10;        at sun.misc.Unsafe.park(Native Method)&#10;        at java.util.concurrent.locks.LockSupport.parkNanos(LockSupport.java:215)&#10;        at java.util.concurrent.locks.AbstractQueuedSynchronizer$ConditionObject.awaitNanos(AbstractQueuedSynchronizer.java:2078)&#10;        at org.eclipse.jetty.util.BlockingArrayQueue.poll(BlockingArrayQueue.java:392)&#10;        at org.eclipse.jetty.util.thread.QueuedThreadPool.idleJobPoll(QueuedThreadPool.java:563)&#10;        at org.eclipse.jetty.util.thread.QueuedThreadPool.access$800(QueuedThreadPool.java:48)&#10;        at org.eclipse.jetty.util.thread.QueuedThreadPool$2.run(QueuedThreadPool.java:626)&#10;        at java.lang.Thread.run(Thread.java:748)&#10;&quot;IPC Server handler 15 on 44019&quot; daemon prio=5 tid=1981 timed_waiting&#10;java.lang.Thread.State: TIMED_WAITING&#10;        at sun.misc.Unsafe.park(Native Method)&#10;        at java.util.concurrent.locks.LockSupport.parkNanos(LockSupport.java:215)&#10;        at java.util.concurrent.locks.AbstractQueuedSynchronizer$ConditionObject.awaitNanos(AbstractQueuedSynchronizer.java:2078)&#10;        at java.util.concurrent.LinkedBlockingQueue.poll(LinkedBlockingQueue.java:467)&#10;        at org.apache.hadoop.ipc.CallQueueManager.take(CallQueueManager.java:288)&#10;        at org.apache.hadoop.ipc.Server$Handler.run(Server.java:2668)&#10;&quot;Socket Reader #1 for port 44019&quot;  prio=5 tid=1960 runnable&#10;java.lang.Thread.State: RUNNABLE&#10;        at sun.nio.ch.EPollArrayWrapper.epollWait(Native Method)&#10;        at sun.nio.ch.EPollArrayWrapper.poll(EPollArrayWrapper.java:269)&#10;        at sun.nio.ch.EPollSelectorImpl.doSelect(EPollSelectorImpl.java:93)&#10;        at sun.nio.ch.SelectorImpl.lockAndDoSelect(SelectorImpl.java:86)&#10;        at sun.nio.ch.SelectorImpl.select(SelectorImpl.java:97)&#10;        at sun.nio.ch.SelectorImpl.select(SelectorImpl.java:101)&#10;        at org.apache.hadoop.ipc.Server$Listener$Reader.doRunLoop(Server.java:1097)&#10;        at org.apache.hadoop.ipc.Server$Listener$Reader.run(Server.java:1076)&#10;&quot;pool-196-thread-32&quot;  prio=5 tid=2236 in Object.wait()&#10;java.lang.Thread.State: WAITING (on object monitor)&#10;        at sun.misc.Unsafe.park(Native Method)&#10;        at java.util.concurrent.locks.LockSupport.park(LockSupport.java:175)&#10;        at java.util.concurrent.locks.AbstractQueuedSynchronizer$ConditionObject.await(AbstractQueuedSynchronizer.java:2039)&#10;        at java.util.concurrent.ArrayBlockingQueue.take(ArrayBlockingQueue.java:403)&#10;        at java.util.concurrent.ThreadPoolExecutor.getTask(ThreadPoolExecutor.java:1074)&#10;        at java.util.concurrent.ThreadPoolExecutor.runWorker(ThreadPoolExecutor.java:1134)&#10;        at java.util.concurrent.ThreadPoolExecutor$Worker.run(ThreadPoolExecutor.java:624)&#10;        at java.lang.Thread.run(Thread.java:748)&#10;&quot;pool-186-thread-57&quot;  prio=5 tid=2199 in Object.wait()&#10;java.lang.Thread.State: WAITING (on object monitor)&#10;        at sun.misc.Unsafe.park(Native Method)&#10;        at java.util.concurrent.locks.LockSupport.park(LockSupport.java:175)&#10;        at java.util.concurrent.locks.AbstractQueuedSynchronizer$ConditionObject.await(AbstractQueuedSynchronizer.java:2039)&#10;        at java.util.concurrent.ArrayBlockingQueue.take(ArrayBlockingQueue.java:403)&#10;        at java.util.concurrent.ThreadPoolExecutor.getTask(ThreadPoolExecutor.java:1074)&#10;        at java.util.concurrent.ThreadPoolExecutor.runWorker(ThreadPoolExecutor.java:1134)&#10;        at java.util.concurrent.ThreadPoolExecutor$Worker.run(ThreadPoolExecutor.java:624)&#10;        at java.lang.Thread.run(Thread.java:748)&#10;&quot;pool-186-thread-53&quot;  prio=5 tid=2195 in Object.wait()&#10;java.lang.Thread.State: WAITING (on object monitor)&#10;        at sun.misc.Unsafe.park(Native Method)&#10;        at java.util.concurrent.locks.LockSupport.park(LockSupport.java:175)&#10;        at java.util.concurrent.locks.AbstractQueuedSynchronizer$ConditionObject.await(AbstractQueuedSynchronizer.java:2039)&#10;        at java.util.concurrent.ArrayBlockingQueue.take(ArrayBlockingQueue.java:403)&#10;        at java.util.concurrent.ThreadPoolExecutor.getTask(ThreadPoolExecutor.java:1074)&#10;        at java.util.concurrent.ThreadPoolExecutor.runWorker(ThreadPoolExecutor.java:1134)&#10;        at java.util.concurrent.ThreadPoolExecutor$Worker.run(ThreadPoolExecutor.java:624)&#10;        at java.lang.Thread.run(Thread.java:748)&#10;&quot;pool-186-thread-50&quot;  prio=5 tid=2192 in Object.wait()&#10;java.lang.Thread.State: WAITING (on object monitor)&#10;        at sun.misc.Unsafe.park(Native Method)&#10;        at java.util.concurrent.locks.LockSupport.park(LockSupport.java:175)&#10;        at java.util.concurrent.locks.AbstractQueuedSynchronizer$ConditionObject.await(AbstractQueuedSynchronizer.java:2039)&#10;        at java.util.concurrent.ArrayBlockingQueue.take(ArrayBlockingQueue.java:403)&#10;        at java.util.concurrent.ThreadPoolExecutor.getTask(ThreadPoolExecutor.java:1074)&#10;        at java.util.concurrent.ThreadPoolExecutor.runWorker(ThreadPoolExecutor.java:1134)&#10;        at java.util.concurrent.ThreadPoolExecutor$Worker.run(ThreadPoolExecutor.java:624)&#10;        at java.lang.Thread.run(Thread.java:748)&#10;&quot;grpc-default-worker-ELG-9-3&quot; daemon prio=5 tid=2279 runnable&#10;java.lang.Thread.State: RUNNABLE&#10;        at sun.nio.ch.EPollArrayWrapper.epollWait(Native Method)&#10;        at sun.nio.ch.EPollArrayWrapper.poll(EPollArrayWrapper.java:269)&#10;        at sun.nio.ch.EPollSelectorImpl.doSelect(EPollSelectorImpl.java:93)&#10;        at sun.nio.ch.SelectorImpl.lockAndDoSelect(SelectorImpl.java:86)&#10;        at sun.nio.ch.SelectorImpl.select(SelectorImpl.java:97)&#10;        at org.apache.ratis.thirdparty.io.netty.channel.nio.SelectedSelectionKeySetSelector.select(SelectedSelectionKeySetSelector.java:62)&#10;        at org.apache.ratis.thirdparty.io.netty.channel.nio.NioEventLoop.select(NioEventLoop.java:753)&#10;        at org.apache.ratis.thirdparty.io.netty.channel.nio.NioEventLoop.run(NioEventLoop.java:408)&#10;        at org.apache.ratis.thirdparty.io.netty.util.concurrent.SingleThreadEventExecutor$5.run(SingleThreadEventExecutor.java:897)&#10;        at org.apache.ratis.thirdparty.io.netty.util.concurrent.FastThreadLocalRunnable.run(FastThreadLocalRunnable.java:30)&#10;        at java.lang.Thread.run(Thread.java:748)&#10;&quot;metrics-hadoop-metrics2-reporter-122-thread-1&quot; daemon prio=5 tid=2352 timed_waiting&#10;java.lang.Thread.State: TIMED_WAITING&#10;        at sun.misc.Unsafe.park(Native Method)&#10;        at java.util.concurrent.locks.LockSupport.parkNanos(LockSupport.java:215)&#10;        at java.util.concurrent.locks.AbstractQueuedSynchronizer$ConditionObject.awaitNanos(AbstractQueuedSynchronizer.java:2078)&#10;        at java.util.concurrent.ScheduledThreadPoolExecutor$DelayedWorkQueue.take(ScheduledThreadPoolExecutor.java:1093)&#10;        at java.util.concurrent.ScheduledThreadPoolExecutor$DelayedWorkQueue.take(ScheduledThreadPoolExecutor.java:809)&#10;        at java.util.concurrent.ThreadPoolExecutor.getTask(ThreadPoolExecutor.java:1074)&#10;        at java.util.concurrent.ThreadPoolExecutor.runWorker(ThreadPoolExecutor.java:1134)&#10;        at java.util.concurrent.ThreadPoolExecutor$Worker.run(ThreadPoolExecutor.java:624)&#10;        at java.lang.Thread.run(Thread.java:748)&#10;&quot;IPC Server handler 6 on 35803&quot; daemon prio=5 tid=1928 timed_waiting&#10;java.lang.Thread.State: TIMED_WAITING&#10;        at sun.misc.Unsafe.park(Native Method)&#10;        at java.util.concurrent.locks.LockSupport.parkNanos(LockSupport.java:215)&#10;        at java.util.concurrent.locks.AbstractQueuedSynchronizer$ConditionObject.awaitNanos(AbstractQueuedSynchronizer.java:2078)&#10;        at java.util.concurrent.LinkedBlockingQueue.poll(LinkedBlockingQueue.java:467)&#10;        at org.apache.hadoop.ipc.CallQueueManager.take(CallQueueManager.java:288)&#10;        at org.apache.hadoop.ipc.Server$Handler.run(Server.java:2668)&#10;&quot;pool-196-thread-56&quot;  prio=5 tid=2260 in Object.wait()&#10;java.lang.Thread.State: WAITING (on object monitor)&#10;        at sun.misc.Unsafe.park(Native Method)&#10;        at java.util.concurrent.locks.LockSupport.park(LockSupport.java:175)&#10;        at java.util.concurrent.locks.AbstractQueuedSynchronizer$ConditionObject.await(AbstractQueuedSynchronizer.java:2039)&#10;        at java.util.concurrent.ArrayBlockingQueue.take(ArrayBlockingQueue.java:403)&#10;        at java.util.concurrent.ThreadPoolExecutor.getTask(ThreadPoolExecutor.java:1074)&#10;        at java.util.concurrent.ThreadPoolExecutor.runWorker(ThreadPoolExecutor.java:1134)&#10;        at java.util.concurrent.ThreadPoolExecutor$Worker.run(ThreadPoolExecutor.java:624)&#10;        at java.lang.Thread.run(Thread.java:748)&#10;&quot;metrics-hadoop-metrics2-reporter-72-thread-1&quot; daemon prio=5 tid=1620 timed_waiting&#10;java.lang.Thread.State: TIMED_WAITING&#10;        at sun.misc.Unsafe.park(Native Method)&#10;        at java.util.concurrent.locks.LockSupport.parkNanos(LockSupport.java:215)&#10;        at java.util.concurrent.locks.AbstractQueuedSynchronizer$ConditionObject.awaitNanos(AbstractQueuedSynchronizer.java:2078)&#10;        at java.util.concurrent.ScheduledThreadPoolExecutor$DelayedWorkQueue.take(ScheduledThreadPoolExecutor.java:1093)&#10;        at java.util.concurrent.ScheduledThreadPoolExecutor$DelayedWorkQueue.take(ScheduledThreadPoolExecutor.java:809)&#10;        at java.util.concurrent.ThreadPoolExecutor.getTask(ThreadPoolExecutor.java:1074)&#10;        at java.util.concurrent.ThreadPoolExecutor.runWorker(ThreadPoolExecutor.java:1134)&#10;        at java.util.concurrent.ThreadPoolExecutor$Worker.run(ThreadPoolExecutor.java:624)&#10;        at java.lang.Thread.run(Thread.java:748)&#10;&quot;pool-186-thread-52&quot;  prio=5 tid=2194 in Object.wait()&#10;java.lang.Thread.State: WAITING (on object monitor)&#10;        at sun.misc.Unsafe.park(Native Method)&#10;        at java.util.concurrent.locks.LockSupport.park(LockSupport.java:175)&#10;        at java.util.concurrent.locks.AbstractQueuedSynchronizer$ConditionObject.await(AbstractQueuedSynchronizer.java:2039)&#10;        at java.util.concurrent.ArrayBlockingQueue.take(ArrayBlockingQueue.java:403)&#10;        at java.util.concurrent.ThreadPoolExecutor.getTask(ThreadPoolExecutor.java:1074)&#10;        at java.util.concurrent.ThreadPoolExecutor.runWorker(ThreadPoolExecutor.java:1134)&#10;        at java.util.concurrent.ThreadPoolExecutor$Worker.run(ThreadPoolExecutor.java:624)&#10;        at java.lang.Thread.run(Thread.java:748)&#10;&quot;pool-176-thread-9&quot;  prio=5 tid=2088 in Object.wait()&#10;java.lang.Thread.State: WAITING (on object monitor)&#10;        at sun.misc.Unsafe.park(Native Method)&#10;        at java.util.concurrent.locks.LockSupport.park(LockSupport.java:175)&#10;        at java.util.concurrent.locks.AbstractQueuedSynchronizer$ConditionObject.await(AbstractQueuedSynchronizer.java:2039)&#10;        at java.util.concurrent.ArrayBlockingQueue.take(ArrayBlockingQueue.java:403)&#10;        at java.util.concurrent.ThreadPoolExecutor.getTask(ThreadPoolExecutor.java:1074)&#10;        at java.util.concurrent.ThreadPoolExecutor.runWorker(ThreadPoolExecutor.java:1134)&#10;        at java.util.concurrent.ThreadPoolExecutor$Worker.run(ThreadPoolExecutor.java:624)&#10;        at java.lang.Thread.run(Thread.java:748)&#10;&quot;metrics-hadoop-metrics2-reporter-107-thread-1&quot; daemon prio=5 tid=2299 timed_waiting&#10;java.lang.Thread.State: TIMED_WAITING&#10;        at sun.misc.Unsafe.park(Native Method)&#10;        at java.util.concurrent.locks.LockSupport.parkNanos(LockSupport.java:215)&#10;        at java.util.concurrent.locks.AbstractQueuedSynchronizer$ConditionObject.awaitNanos(AbstractQueuedSynchronizer.java:2078)&#10;        at java.util.concurrent.ScheduledThreadPoolExecutor$DelayedWorkQueue.take(ScheduledThreadPoolExecutor.java:1093)&#10;        at java.util.concurrent.ScheduledThreadPoolExecutor$DelayedWorkQueue.take(ScheduledThreadPoolExecutor.java:809)&#10;        at java.util.concurrent.ThreadPoolExecutor.getTask(ThreadPoolExecutor.java:1074)&#10;        at java.util.concurrent.ThreadPoolExecutor.runWorker(ThreadPoolExecutor.java:1134)&#10;        at java.util.concurrent.ThreadPoolExecutor$Worker.run(ThreadPoolExecutor.java:624)&#10;        at java.lang.Thread.run(Thread.java:748)&#10;&quot;metrics-hadoop-metrics2-reporter-41-thread-1&quot; daemon prio=5 tid=981 timed_waiting&#10;java.lang.Thread.State: TIMED_WAITING&#10;        at sun.misc.Unsafe.park(Native Method)&#10;        at java.util.concurrent.locks.LockSupport.parkNanos(LockSupport.java:215)&#10;        at java.util.concurrent.locks.AbstractQueuedSynchronizer$ConditionObject.awaitNanos(AbstractQueuedSynchronizer.java:2078)&#10;        at java.util.concurrent.ScheduledThreadPoolExecutor$DelayedWorkQueue.take(ScheduledThreadPoolExecutor.java:1093)&#10;        at java.util.concurrent.ScheduledThreadPoolExecutor$DelayedWorkQueue.take(ScheduledThreadPoolExecutor.java:809)&#10;        at java.util.concurrent.ThreadPoolExecutor.getTask(ThreadPoolExecutor.java:1074)&#10;        at java.util.concurrent.ThreadPoolExecutor.runWorker(ThreadPoolExecutor.java:1134)&#10;        at java.util.concurrent.ThreadPoolExecutor$Worker.run(ThreadPoolExecutor.java:624)&#10;        at java.lang.Thread.run(Thread.java:748)&#10;&quot;pool-186-thread-8&quot;  prio=5 tid=2150 in Object.wait()&#10;java.lang.Thread.State: WAITING (on object monitor)&#10;        at sun.misc.Unsafe.park(Native Method)&#10;        at java.util.concurrent.locks.LockSupport.park(LockSupport.java:175)&#10;        at java.util.concurrent.locks.AbstractQueuedSynchronizer$ConditionObject.await(AbstractQueuedSynchronizer.java:2039)&#10;        at java.util.concurrent.ArrayBlockingQueue.take(ArrayBlockingQueue.java:403)&#10;        at java.util.concurrent.ThreadPoolExecutor.getTask(ThreadPoolExecutor.java:1074)&#10;        at java.util.concurrent.ThreadPoolExecutor.runWorker(ThreadPoolExecutor.java:1134)&#10;        at java.util.concurrent.ThreadPoolExecutor$Worker.run(ThreadPoolExecutor.java:624)&#10;        at java.lang.Thread.run(Thread.java:748)&#10;&quot;org.apache.hadoop.util.JvmPauseMonitor$Monitor@4616b02d&quot; daemon prio=5 tid=2077 timed_waiting&#10;java.lang.Thread.State: TIMED_WAITING&#10;        at java.lang.Thread.sleep(Native Method)&#10;        at org.apache.hadoop.util.JvmPauseMonitor$Monitor.run(JvmPauseMonitor.java:192)&#10;        at java.lang.Thread.run(Thread.java:748)&#10;&quot;org.eclipse.jetty.server.session.HashSessionManager@493da830Timer&quot; daemon prio=5 tid=2068 timed_waiting&#10;java.lang.Thread.State: TIMED_WAITING&#10;        at sun.misc.Unsafe.park(Native Method)&#10;        at java.util.concurrent.locks.LockSupport.parkNanos(LockSupport.java:215)&#10;        at java.util.concurrent.locks.AbstractQueuedSynchronizer$ConditionObject.awaitNanos(AbstractQueuedSynchronizer.java:2078)&#10;        at java.util.concurrent.ScheduledThreadPoolExecutor$DelayedWorkQueue.take(ScheduledThreadPoolExecutor.java:1093)&#10;        at java.util.concurrent.ScheduledThreadPoolExecutor$DelayedWorkQueue.take(ScheduledThreadPoolExecutor.java:809)&#10;        at java.util.concurrent.ThreadPoolExecutor.getTask(ThreadPoolExecutor.java:1074)&#10;        at java.util.concurrent.ThreadPoolExecutor.runWorker(ThreadPoolExecutor.java:1134)&#10;        at java.util.concurrent.ThreadPoolExecutor$Worker.run(ThreadPoolExecutor.java:624)&#10;        at java.lang.Thread.run(Thread.java:748)&#10;&quot;IPC Server handler 6 on 37818&quot; daemon prio=5 tid=1908 timed_waiting&#10;java.lang.Thread.State: TIMED_WAITING&#10;        at sun.misc.Unsafe.park(Native Method)&#10;        at java.util.concurrent.locks.LockSupport.parkNanos(LockSupport.java:215)&#10;        at java.util.concurrent.locks.AbstractQueuedSynchronizer$ConditionObject.awaitNanos(AbstractQueuedSynchronizer.java:2078)&#10;        at java.util.concurrent.LinkedBlockingQueue.poll(LinkedBlockingQueue.java:467)&#10;        at org.apache.hadoop.ipc.CallQueueManager.take(CallQueueManager.java:288)&#10;        at org.apache.hadoop.ipc.Server$Handler.run(Server.java:2668)&#10;&quot;metrics-hadoop-metrics2-reporter-103-thread-1&quot; daemon prio=5 tid=2288 timed_waiting&#10;java.lang.Thread.State: TIMED_WAITING&#10;        at sun.misc.Unsafe.park(Native Method)&#10;        at java.util.concurrent.locks.LockSupport.parkNanos(LockSupport.java:215)&#10;        at java.util.concurrent.locks.AbstractQueuedSynchronizer$ConditionObject.awaitNanos(AbstractQueuedSynchronizer.java:2078)&#10;        at java.util.concurrent.ScheduledThreadPoolExecutor$DelayedWorkQueue.take(ScheduledThreadPoolExecutor.java:1093)&#10;        at java.util.concurrent.ScheduledThreadPoolExecutor$DelayedWorkQueue.take(ScheduledThreadPoolExecutor.java:809)&#10;        at java.util.concurrent.ThreadPoolExecutor.getTask(ThreadPoolExecutor.java:1074)&#10;        at java.util.concurrent.ThreadPoolExecutor.runWorker(ThreadPoolExecutor.java:1134)&#10;        at java.util.concurrent.ThreadPoolExecutor$Worker.run(ThreadPoolExecutor.java:624)&#10;        at java.lang.Thread.run(Thread.java:748)&#10;&quot;pool-186-thread-4&quot;  prio=5 tid=2146 in Object.wait()&#10;java.lang.Thread.State: WAITING (on object monitor)&#10;        at sun.misc.Unsafe.park(Native Method)&#10;        at java.util.concurrent.locks.LockSupport.park(LockSupport.java:175)&#10;        at java.util.concurrent.locks.AbstractQueuedSynchronizer$ConditionObject.await(AbstractQueuedSynchronizer.java:2039)&#10;        at java.util.concurrent.ArrayBlockingQueue.take(ArrayBlockingQueue.java:403)&#10;        at java.util.concurrent.ThreadPoolExecutor.getTask(ThreadPoolExecutor.java:1074)&#10;        at java.util.concurrent.ThreadPoolExecutor.runWorker(ThreadPoolExecutor.java:1134)&#10;        at java.util.concurrent.ThreadPoolExecutor$Worker.run(ThreadPoolExecutor.java:624)&#10;        at java.lang.Thread.run(Thread.java:748)&#10;&quot;pool-176-thread-25&quot;  prio=5 tid=2104 in Object.wait()&#10;java.lang.Thread.State: WAITING (on object monitor)&#10;        at sun.misc.Unsafe.park(Native Method)&#10;        at java.util.concurrent.locks.LockSupport.park(LockSupport.java:175)&#10;        at java.util.concurrent.locks.AbstractQueuedSynchronizer$ConditionObject.await(AbstractQueuedSynchronizer.java:2039)&#10;        at java.util.concurrent.ArrayBlockingQueue.take(ArrayBlockingQueue.java:403)&#10;        at java.util.concurrent.ThreadPoolExecutor.getTask(ThreadPoolExecutor.java:1074)&#10;        at java.util.concurrent.ThreadPoolExecutor.runWorker(ThreadPoolExecutor.java:1134)&#10;        at java.util.concurrent.ThreadPoolExecutor$Worker.run(ThreadPoolExecutor.java:624)&#10;        at java.lang.Thread.run(Thread.java:748)&#10;&quot;metrics-hadoop-metrics2-reporter-13-thread-1&quot; daemon prio=5 tid=464 timed_waiting&#10;java.lang.Thread.State: TIMED_WAITING&#10;        at sun.misc.Unsafe.park(Native Method)&#10;        at java.util.concurrent.locks.LockSupport.parkNanos(LockSupport.java:215)&#10;        at java.util.concurrent.locks.AbstractQueuedSynchronizer$ConditionObject.awaitNanos(AbstractQueuedSynchronizer.java:2078)&#10;        at java.util.concurrent.ScheduledThreadPoolExecutor$DelayedWorkQueue.take(ScheduledThreadPoolExecutor.java:1093)&#10;        at java.util.concurrent.ScheduledThreadPoolExecutor$DelayedWorkQueue.take(ScheduledThreadPoolExecutor.java:809)&#10;        at java.util.concurrent.ThreadPoolExecutor.getTask(ThreadPoolExecutor.java:1074)&#10;        at java.util.concurrent.ThreadPoolExecutor.runWorker(ThreadPoolExecutor.java:1134)&#10;        at java.util.concurrent.ThreadPoolExecutor$Worker.run(ThreadPoolExecutor.java:624)&#10;        at java.lang.Thread.run(Thread.java:748)&#10;&quot;pool-196-thread-60&quot;  prio=5 tid=2264 in Object.wait()&#10;java.lang.Thread.State: WAITING (on object monitor)&#10;        at sun.misc.Unsafe.park(Native Method)&#10;        at java.util.concurrent.locks.LockSupport.park(LockSupport.java:175)&#10;        at java.util.concurrent.locks.AbstractQueuedSynchronizer$ConditionObject.await(AbstractQueuedSynchronizer.java:2039)&#10;        at java.util.concurrent.ArrayBlockingQueue.take(ArrayBlockingQueue.java:403)&#10;        at java.util.concurrent.ThreadPoolExecutor.getTask(ThreadPoolExecutor.java:1074)&#10;        at java.util.concurrent.ThreadPoolExecutor.runWorker(ThreadPoolExecutor.java:1134)&#10;        at java.util.concurrent.ThreadPoolExecutor$Worker.run(ThreadPoolExecutor.java:624)&#10;        at java.lang.Thread.run(Thread.java:748)&#10;&quot;pool-171-thread-1&quot;  prio=5 tid=1986 timed_waiting&#10;java.lang.Thread.State: TIMED_WAITING&#10;        at sun.misc.Unsafe.park(Native Method)&#10;        at java.util.concurrent.locks.LockSupport.parkNanos(LockSupport.java:215)&#10;        at java.util.concurrent.locks.AbstractQueuedSynchronizer$ConditionObject.awaitNanos(AbstractQueuedSynchronizer.java:2078)&#10;        at java.util.concurrent.ScheduledThreadPoolExecutor$DelayedWorkQueue.take(ScheduledThreadPoolExecutor.java:1093)&#10;        at java.util.concurrent.ScheduledThreadPoolExecutor$DelayedWorkQueue.take(ScheduledThreadPoolExecutor.java:809)&#10;        at java.util.concurrent.ThreadPoolExecutor.getTask(ThreadPoolExecutor.java:1074)&#10;        at java.util.concurrent.ThreadPoolExecutor.runWorker(ThreadPoolExecutor.java:1134)&#10;        at java.util.concurrent.ThreadPoolExecutor$Worker.run(ThreadPoolExecutor.java:624)&#10;        at java.lang.Thread.run(Thread.java:748)&#10;&quot;pool-196-thread-16&quot;  prio=5 tid=2220 in Object.wait()&#10;java.lang.Thread.State: WAITING (on object monitor)&#10;        at sun.misc.Unsafe.park(Native Method)&#10;        at java.util.concurrent.locks.LockSupport.park(LockSupport.java:175)&#10;        at java.util.concurrent.locks.AbstractQueuedSynchronizer$ConditionObject.await(AbstractQueuedSynchronizer.java:2039)&#10;        at java.util.concurrent.ArrayBlockingQueue.take(ArrayBlockingQueue.java:403)&#10;        at java.util.concurrent.ThreadPoolExecutor.getTask(ThreadPoolExecutor.java:1074)&#10;        at java.util.concurrent.ThreadPoolExecutor.runWorker(ThreadPoolExecutor.java:1134)&#10;        at java.util.concurrent.ThreadPoolExecutor$Worker.run(ThreadPoolExecutor.java:624)&#10;        at java.lang.Thread.run(Thread.java:748)&#10;&quot;EventQueue-NewNodeForNewNodeHandler&quot; daemon prio=5 tid=2267 in Object.wait()&#10;java.lang.Thread.State: WAITING (on object monitor)&#10;        at sun.misc.Unsafe.park(Native Method)&#10;        at java.util.concurrent.locks.LockSupport.park(LockSupport.java:175)&#10;        at java.util.concurrent.locks.AbstractQueuedSynchronizer$ConditionObject.await(AbstractQueuedSynchronizer.java:2039)&#10;        at java.util.concurrent.LinkedBlockingQueue.take(LinkedBlockingQueue.java:442)&#10;        at java.util.concurrent.ThreadPoolExecutor.getTask(ThreadPoolExecutor.java:1074)&#10;        at java.util.concurrent.ThreadPoolExecutor.runWorker(ThreadPoolExecutor.java:1134)&#10;        at java.util.concurrent.ThreadPoolExecutor$Worker.run(ThreadPoolExecutor.java:624)&#10;        at java.lang.Thread.run(Thread.java:748)&#10;&quot;pool-186-thread-41&quot;  prio=5 tid=2183 in Object.wait()&#10;java.lang.Thread.State: WAITING (on object monitor)&#10;        at sun.misc.Unsafe.park(Native Method)&#10;        at java.util.concurrent.locks.LockSupport.park(LockSupport.java:175)&#10;        at java.util.concurrent.locks.AbstractQueuedSynchronizer$ConditionObject.await(AbstractQueuedSynchronizer.java:2039)&#10;        at java.util.concurrent.ArrayBlockingQueue.take(ArrayBlockingQueue.java:403)&#10;        at java.util.concurrent.ThreadPoolExecutor.getTask(ThreadPoolExecutor.java:1074)&#10;        at java.util.concurrent.ThreadPoolExecutor.runWorker(ThreadPoolExecutor.java:1134)&#10;        at java.util.concurrent.ThreadPoolExecutor$Worker.run(ThreadPoolExecutor.java:624)&#10;        at java.lang.Thread.run(Thread.java:748)&#10;&quot;pool-176-thread-19&quot;  prio=5 tid=2098 in Object.wait()&#10;java.lang.Thread.State: WAITING (on object monitor)&#10;        at sun.misc.Unsafe.park(Native Method)&#10;        at java.util.concurrent.locks.LockSupport.park(LockSupport.java:175)&#10;        at java.util.concurrent.locks.AbstractQueuedSynchronizer$ConditionObject.await(AbstractQueuedSynchronizer.java:2039)&#10;        at java.util.concurrent.ArrayBlockingQueue.take(ArrayBlockingQueue.java:403)&#10;        at java.util.concurrent.ThreadPoolExecutor.getTask(ThreadPoolExecutor.java:1074)&#10;        at java.util.concurrent.ThreadPoolExecutor.runWorker(ThreadPoolExecutor.java:1134)&#10;        at java.util.concurrent.ThreadPoolExecutor$Worker.run(ThreadPoolExecutor.java:624)&#10;        at java.lang.Thread.run(Thread.java:748)&#10;&quot;Command processor thread&quot; daemon prio=5 tid=2049 timed_waiting&#10;java.lang.Thread.State: TIMED_WAITING&#10;        at java.lang.Thread.sleep(Native Method)&#10;        at org.apache.hadoop.ozone.container.common.statemachine.DatanodeStateMachine.lambda$initCommandHandlerThread$1(DatanodeStateMachine.java:439)&#10;        at org.apache.hadoop.ozone.container.common.statemachine.DatanodeStateMachine$$Lambda$141/1549535869.run(Unknown Source)&#10;        at java.lang.Thread.run(Thread.java:748)&#10;&quot;grpc-default-worker-ELG-9-1&quot; daemon prio=5 tid=2276 runnable&#10;java.lang.Thread.State: RUNNABLE&#10;        at sun.nio.ch.EPollArrayWrapper.epollWait(Native Method)&#10;        at sun.nio.ch.EPollArrayWrapper.poll(EPollArrayWrapper.java:269)&#10;        at sun.nio.ch.EPollSelectorImpl.doSelect(EPollSelectorImpl.java:93)&#10;        at sun.nio.ch.SelectorImpl.lockAndDoSelect(SelectorImpl.java:86)&#10;        at sun.nio.ch.SelectorImpl.select(SelectorImpl.java:97)&#10;        at org.apache.ratis.thirdparty.io.netty.channel.nio.SelectedSelectionKeySetSelector.select(SelectedSelectionKeySetSelector.java:62)&#10;        at org.apache.ratis.thirdparty.io.netty.channel.nio.NioEventLoop.select(NioEventLoop.java:753)&#10;        at org.apache.ratis.thirdparty.io.netty.channel.nio.NioEventLoop.run(NioEventLoop.java:408)&#10;        at org.apache.ratis.thirdparty.io.netty.util.concurrent.SingleThreadEventExecutor$5.run(SingleThreadEventExecutor.java:897)&#10;        at org.apache.ratis.thirdparty.io.netty.util.concurrent.FastThreadLocalRunnable.run(FastThreadLocalRunnable.java:30)&#10;        at java.lang.Thread.run(Thread.java:748)&#10;&quot;pool-186-thread-6&quot;  prio=5 tid=2148 in Object.wait()&#10;java.lang.Thread.State: WAITING (on object monitor)&#10;        at sun.misc.Unsafe.park(Native Method)&#10;        at java.util.concurrent.locks.LockSupport.park(LockSupport.java:175)&#10;        at java.util.concurrent.locks.AbstractQueuedSynchronizer$ConditionObject.await(AbstractQueuedSynchronizer.java:2039)&#10;        at java.util.concurrent.ArrayBlockingQueue.take(ArrayBlockingQueue.java:403)&#10;        at java.util.concurrent.ThreadPoolExecutor.getTask(ThreadPoolExecutor.java:1074)&#10;        at java.util.concurrent.ThreadPoolExecutor.runWorker(ThreadPoolExecutor.java:1134)&#10;        at java.util.concurrent.ThreadPoolExecutor$Worker.run(ThreadPoolExecutor.java:624)&#10;        at java.lang.Thread.run(Thread.java:748)&#10;&quot;IPC Server handler 10 on 37818&quot; daemon prio=5 tid=1912 timed_waiting&#10;java.lang.Thread.State: TIMED_WAITING&#10;        at sun.misc.Unsafe.park(Native Method)&#10;        at java.util.concurrent.locks.LockSupport.parkNanos(LockSupport.java:215)&#10;        at java.util.concurrent.locks.AbstractQueuedSynchronizer$ConditionObject.awaitNanos(AbstractQueuedSynchronizer.java:2078)&#10;        at java.util.concurrent.LinkedBlockingQueue.poll(LinkedBlockingQueue.java:467)&#10;        at org.apache.hadoop.ipc.CallQueueManager.take(CallQueueManager.java:288)&#10;        at org.apache.hadoop.ipc.Server$Handler.run(Server.java:2668)&#10;&quot;metrics-hadoop-metrics2-reporter-51-thread-1&quot; daemon prio=5 tid=1024 timed_waiting&#10;java.lang.Thread.State: TIMED_WAITING&#10;        at sun.misc.Unsafe.park(Native Method)&#10;        at java.util.concurrent.locks.LockSupport.parkNanos(LockSupport.java:215)&#10;        at java.util.concurrent.locks.AbstractQueuedSynchronizer$ConditionObject.awaitNanos(AbstractQueuedSynchronizer.java:2078)&#10;        at java.util.concurrent.ScheduledThreadPoolExecutor$DelayedWorkQueue.take(ScheduledThreadPoolExecutor.java:1093)&#10;        at java.util.concurrent.ScheduledThreadPoolExecutor$DelayedWorkQueue.take(ScheduledThreadPoolExecutor.java:809)&#10;        at java.util.concurrent.ThreadPoolExecutor.getTask(ThreadPoolExecutor.java:1074)&#10;        at java.util.concurrent.ThreadPoolExecutor.runWorker(ThreadPoolExecutor.java:1134)&#10;        at java.util.concurrent.ThreadPoolExecutor$Worker.run(ThreadPoolExecutor.java:624)&#10;        at java.lang.Thread.run(Thread.java:748)&#10;&quot;qtp584694804-1947&quot; daemon prio=5 tid=1947 timed_waiting&#10;java.lang.Thread.State: TIMED_WAITING&#10;        at sun.misc.Unsafe.park(Native Method)&#10;        at java.util.concurrent.locks.LockSupport.parkNanos(LockSupport.java:215)&#10;        at java.util.concurrent.locks.AbstractQueuedSynchronizer$ConditionObject.awaitNanos(AbstractQueuedSynchronizer.java:2078)&#10;        at org.eclipse.jetty.util.BlockingArrayQueue.poll(BlockingArrayQueue.java:392)&#10;        at org.eclipse.jetty.util.thread.QueuedThreadPool.idleJobPoll(QueuedThreadPool.java:563)&#10;        at org.eclipse.jetty.util.thread.QueuedThreadPool.access$800(QueuedThreadPool.java:48)&#10;        at org.eclipse.jetty.util.thread.QueuedThreadPool$2.run(QueuedThreadPool.java:626)&#10;        at java.lang.Thread.run(Thread.java:748)&#10;&quot;KeyDeletingService#0&quot; daemon prio=5 tid=1964 timed_waiting&#10;java.lang.Thread.State: TIMED_WAITING&#10;        at sun.misc.Unsafe.park(Native Method)&#10;        at java.util.concurrent.locks.LockSupport.parkNanos(LockSupport.java:215)&#10;        at java.util.concurrent.locks.AbstractQueuedSynchronizer$ConditionObject.awaitNanos(AbstractQueuedSynchronizer.java:2078)&#10;        at java.util.concurrent.ScheduledThreadPoolExecutor$DelayedWorkQueue.take(ScheduledThreadPoolExecutor.java:1093)&#10;        at java.util.concurrent.ScheduledThreadPoolExecutor$DelayedWorkQueue.take(ScheduledThreadPoolExecutor.java:809)&#10;        at java.util.concurrent.ThreadPoolExecutor.getTask(ThreadPoolExecutor.java:1074)&#10;        at java.util.concurrent.ThreadPoolExecutor.runWorker(ThreadPoolExecutor.java:1134)&#10;        at java.util.concurrent.ThreadPoolExecutor$Worker.run(ThreadPoolExecutor.java:624)&#10;        at java.lang.Thread.run(Thread.java:748)&#10;&quot;pool-196-thread-40&quot;  prio=5 tid=2244 in Object.wait()&#10;java.lang.Thread.State: WAITING (on object monitor)&#10;        at sun.misc.Unsafe.park(Native Method)&#10;        at java.util.concurrent.locks.LockSupport.park(LockSupport.java:175)&#10;        at java.util.concurrent.locks.AbstractQueuedSynchronizer$ConditionObject.await(AbstractQueuedSynchronizer.java:2039)&#10;        at java.util.concurrent.ArrayBlockingQueue.take(ArrayBlockingQueue.java:403)&#10;        at java.util.concurrent.ThreadPoolExecutor.getTask(ThreadPoolExecutor.java:1074)&#10;        at java.util.concurrent.ThreadPoolExecutor.runWorker(ThreadPoolExecutor.java:1134)&#10;        at java.util.concurrent.ThreadPoolExecutor$Worker.run(ThreadPoolExecutor.java:624)&#10;        at java.lang.Thread.run(Thread.java:748)&#10;&quot;OMDoubleBufferFlushThread&quot; daemon prio=5 tid=1958 timed_waiting&#10;java.lang.Thread.State: TIMED_WAITING&#10;        at java.lang.Object.wait(Native Method)&#10;        at org.apache.hadoop.ozone.om.ratis.OzoneManagerDoubleBuffer.canFlush(OzoneManagerDoubleBuffer.java:322)&#10;        at org.apache.hadoop.ozone.om.ratis.OzoneManagerDoubleBuffer.flushTransactions(OzoneManagerDoubleBuffer.java:130)&#10;        at org.apache.hadoop.ozone.om.ratis.OzoneManagerDoubleBuffer$$Lambda$49/509858326.run(Unknown Source)&#10;        at java.lang.Thread.run(Thread.java:748)&#10;&quot;pool-196-thread-31&quot;  prio=5 tid=2235 in Object.wait()&#10;java.lang.Thread.State: WAITING (on object monitor)&#10;        at sun.misc.Unsafe.park(Native Method)&#10;        at java.util.concurrent.locks.LockSupport.park(LockSupport.java:175)&#10;        at java.util.concurrent.locks.AbstractQueuedSynchronizer$ConditionObject.await(AbstractQueuedSynchronizer.java:2039)&#10;        at java.util.concurrent.ArrayBlockingQueue.take(ArrayBlockingQueue.java:403)&#10;        at java.util.concurrent.ThreadPoolExecutor.getTask(ThreadPoolExecutor.java:1074)&#10;        at java.util.concurrent.ThreadPoolExecutor.runWorker(ThreadPoolExecutor.java:1134)&#10;        at java.util.concurrent.ThreadPoolExecutor$Worker.run(ThreadPoolExecutor.java:624)&#10;        at java.lang.Thread.run(Thread.java:748)&#10;&quot;qtp1664093259-2034-acceptor-0@34dfed5b-ServerConnector@58fbd02e{HTTP/1.1,[http/1.1]}{0.0.0.0:39930}&quot; daemon prio=3 tid=2034 runnable&#10;java.lang.Thread.State: RUNNABLE&#10;        at sun.nio.ch.ServerSocketChannelImpl.accept0(Native Method)&#10;        at sun.nio.ch.ServerSocketChannelImpl.accept(ServerSocketChannelImpl.java:422)&#10;        at sun.nio.ch.ServerSocketChannelImpl.accept(ServerSocketChannelImpl.java:250)&#10;        at org.eclipse.jetty.server.ServerConnector.accept(ServerConnector.java:397)&#10;        at org.eclipse.jetty.server.AbstractConnector$Acceptor.run(AbstractConnector.java:601)&#10;        at org.eclipse.jetty.util.thread.QueuedThreadPool.runJob(QueuedThreadPool.java:671)&#10;        at org.eclipse.jetty.util.thread.QueuedThreadPool$2.run(QueuedThreadPool.java:589)&#10;        at java.lang.Thread.run(Thread.java:748)&#10;&quot;IPC Server handler 16 on 35803&quot; daemon prio=5 tid=1938 timed_waiting&#10;java.lang.Thread.State: TIMED_WAITING&#10;        at sun.misc.Unsafe.park(Native Method)&#10;        at java.util.concurrent.locks.LockSupport.parkNanos(LockSupport.java:215)&#10;        at java.util.concurrent.locks.AbstractQueuedSynchronizer$ConditionObject.awaitNanos(AbstractQueuedSynchronizer.java:2078)&#10;        at java.util.concurrent.LinkedBlockingQueue.poll(LinkedBlockingQueue.java:467)&#10;        at org.apache.hadoop.ipc.CallQueueManager.take(CallQueueManager.java:288)&#10;        at org.apache.hadoop.ipc.Server$Handler.run(Server.java:2668)&#10;&quot;IPC Server handler 16 on 43940&quot; daemon prio=5 tid=1898 timed_waiting&#10;java.lang.Thread.State: TIMED_WAITING&#10;        at sun.misc.Unsafe.park(Native Method)&#10;        at java.util.concurrent.locks.LockSupport.parkNanos(LockSupport.java:215)&#10;        at java.util.concurrent.locks.AbstractQueuedSynchronizer$ConditionObject.awaitNanos(AbstractQueuedSynchronizer.java:2078)&#10;        at java.util.concurrent.LinkedBlockingQueue.poll(LinkedBlockingQueue.java:467)&#10;        at org.apache.hadoop.ipc.CallQueueManager.take(CallQueueManager.java:288)&#10;        at org.apache.hadoop.ipc.Server$Handler.run(Server.java:2668)&#10;&quot;IPC Server handler 6 on 44019&quot; daemon prio=5 tid=1972 timed_waiting&#10;java.lang.Thread.State: TIMED_WAITING&#10;        at sun.misc.Unsafe.park(Native Method)&#10;        at java.util.concurrent.locks.LockSupport.parkNanos(LockSupport.java:215)&#10;        at java.util.concurrent.locks.AbstractQueuedSynchronizer$ConditionObject.awaitNanos(AbstractQueuedSynchronizer.java:2078)&#10;        at java.util.concurrent.LinkedBlockingQueue.poll(LinkedBlockingQueue.java:467)&#10;        at org.apache.hadoop.ipc.CallQueueManager.take(CallQueueManager.java:288)&#10;        at org.apache.hadoop.ipc.Server$Handler.run(Server.java:2668)&#10;&quot;qtp1664093259-2040&quot; daemon prio=5 tid=2040 timed_waiting&#10;java.lang.Thread.State: TIMED_WAITING&#10;        at sun.misc.Unsafe.park(Native Method)&#10;        at java.util.concurrent.locks.LockSupport.parkNanos(LockSupport.java:215)&#10;        at java.util.concurrent.locks.AbstractQueuedSynchronizer$ConditionObject.awaitNanos(AbstractQueuedSynchronizer.java:2078)&#10;        at org.eclipse.jetty.util.BlockingArrayQueue.poll(BlockingArrayQueue.java:392)&#10;        at org.eclipse.jetty.util.thread.QueuedThreadPool.idleJobPoll(QueuedThreadPool.java:563)&#10;        at org.eclipse.jetty.util.thread.QueuedThreadPool.access$800(QueuedThreadPool.java:48)&#10;        at org.eclipse.jetty.util.thread.QueuedThreadPool$2.run(QueuedThreadPool.java:626)&#10;        at java.lang.Thread.run(Thread.java:748)&#10;&quot;qtp1821228886-2009&quot; daemon prio=5 tid=2009 timed_waiting&#10;java.lang.Thread.State: TIMED_WAITING&#10;        at sun.misc.Unsafe.park(Native Method)&#10;        at java.util.concurrent.locks.LockSupport.parkNanos(LockSupport.java:215)&#10;        at java.util.concurrent.locks.AbstractQueuedSynchronizer$ConditionObject.awaitNanos(AbstractQueuedSynchronizer.java:2078)&#10;        at org.eclipse.jetty.util.BlockingArrayQueue.poll(BlockingArrayQueue.java:392)&#10;        at org.eclipse.jetty.util.thread.QueuedThreadPool.idleJobPoll(QueuedThreadPool.java:563)&#10;        at org.eclipse.jetty.util.thread.QueuedThreadPool.access$800(QueuedThreadPool.java:48)&#10;        at org.eclipse.jetty.util.thread.QueuedThreadPool$2.run(QueuedThreadPool.java:626)&#10;        at java.lang.Thread.run(Thread.java:748)&#10;&quot;pool-194-thread-1&quot; daemon prio=5 tid=2057 timed_waiting&#10;java.lang.Thread.State: TIMED_WAITING&#10;        at sun.misc.Unsafe.park(Native Method)&#10;        at java.util.concurrent.locks.LockSupport.parkNanos(LockSupport.java:215)&#10;        at java.util.concurrent.locks.AbstractQueuedSynchronizer$ConditionObject.awaitNanos(AbstractQueuedSynchronizer.java:2078)&#10;        at java.util.concurrent.ScheduledThreadPoolExecutor$DelayedWorkQueue.take(ScheduledThreadPoolExecutor.java:1093)&#10;        at java.util.concurrent.ScheduledThreadPoolExecutor$DelayedWorkQueue.take(ScheduledThreadPoolExecutor.java:809)&#10;        at java.util.concurrent.ThreadPoolExecutor.getTask(ThreadPoolExecutor.java:1074)&#10;        at java.util.concurrent.ThreadPoolExecutor.runWorker(ThreadPoolExecutor.java:1134)&#10;        at java.util.concurrent.ThreadPoolExecutor$Worker.run(ThreadPoolExecutor.java:624)&#10;        at java.lang.Thread.run(Thread.java:748)&#10;&quot;qtp584694804-1948&quot; daemon prio=5 tid=1948 timed_waiting&#10;java.lang.Thread.State: TIMED_WAITING&#10;        at sun.misc.Unsafe.park(Native Method)&#10;        at java.util.concurrent.locks.LockSupport.parkNanos(LockSupport.java:215)&#10;        at java.util.concurrent.locks.AbstractQueuedSynchronizer$ConditionObject.awaitNanos(AbstractQueuedSynchronizer.java:2078)&#10;        at org.eclipse.jetty.util.BlockingArrayQueue.poll(BlockingArrayQueue.java:392)&#10;        at org.eclipse.jetty.util.thread.QueuedThreadPool.idleJobPoll(QueuedThreadPool.java:563)&#10;        at org.eclipse.jetty.util.thread.QueuedThreadPool.access$800(QueuedThreadPool.java:48)&#10;        at org.eclipse.jetty.util.thread.QueuedThreadPool$2.run(QueuedThreadPool.java:626)&#10;        at java.lang.Thread.run(Thread.java:748)&#10;&quot;IPC Server handler 1 on 43940&quot; daemon prio=5 tid=1883 timed_waiting&#10;java.lang.Thread.State: TIMED_WAITING&#10;        at sun.misc.Unsafe.park(Native Method)&#10;        at java.util.concurrent.locks.LockSupport.parkNanos(LockSupport.java:215)&#10;        at java.util.concurrent.locks.AbstractQueuedSynchronizer$ConditionObject.awaitNanos(AbstractQueuedSynchronizer.java:2078)&#10;        at java.util.concurrent.LinkedBlockingQueue.poll(LinkedBlockingQueue.java:467)&#10;        at org.apache.hadoop.ipc.CallQueueManager.take(CallQueueManager.java:288)&#10;        at org.apache.hadoop.ipc.Server$Handler.run(Server.java:2668)&#10;&quot;IPC Server handler 19 on 43940&quot; daemon prio=5 tid=1901 timed_waiting&#10;java.lang.Thread.State: TIMED_WAITING&#10;        at sun.misc.Unsafe.park(Native Method)&#10;        at java.util.concurrent.locks.LockSupport.parkNanos(LockSupport.java:215)&#10;        at java.util.concurrent.locks.AbstractQueuedSynchronizer$ConditionObject.awaitNanos(AbstractQueuedSynchronizer.java:2078)&#10;        at java.util.concurrent.LinkedBlockingQueue.poll(LinkedBlockingQueue.java:467)&#10;        at org.apache.hadoop.ipc.CallQueueManager.take(CallQueueManager.java:288)&#10;        at org.apache.hadoop.ipc.Server$Handler.run(Server.java:2668)&#10;&quot;metrics-hadoop-metrics2-reporter-111-thread-1&quot; daemon prio=5 tid=2308 timed_waiting&#10;java.lang.Thread.State: TIMED_WAITING&#10;        at sun.misc.Unsafe.park(Native Method)&#10;        at java.util.concurrent.locks.LockSupport.parkNanos(LockSupport.java:215)&#10;        at java.util.concurrent.locks.AbstractQueuedSynchronizer$ConditionObject.awaitNanos(AbstractQueuedSynchronizer.java:2078)&#10;        at java.util.concurrent.ScheduledThreadPoolExecutor$DelayedWorkQueue.take(ScheduledThreadPoolExecutor.java:1093)&#10;        at java.util.concurrent.ScheduledThreadPoolExecutor$DelayedWorkQueue.take(ScheduledThreadPoolExecutor.java:809)&#10;        at java.util.concurrent.ThreadPoolExecutor.getTask(ThreadPoolExecutor.java:1074)&#10;        at java.util.concurrent.ThreadPoolExecutor.runWorker(ThreadPoolExecutor.java:1134)&#10;        at java.util.concurrent.ThreadPoolExecutor$Worker.run(ThreadPoolExecutor.java:624)&#10;        at java.lang.Thread.run(Thread.java:748)&#10;&quot;metrics-hadoop-metrics2-reporter-101-thread-1&quot; daemon prio=5 tid=2285 timed_waiting&#10;java.lang.Thread.State: TIMED_WAITING&#10;        at sun.misc.Unsafe.park(Native Method)&#10;        at java.util.concurrent.locks.LockSupport.parkNanos(LockSupport.java:215)&#10;        at java.util.concurrent.locks.AbstractQueuedSynchronizer$ConditionObject.awaitNanos(AbstractQueuedSynchronizer.java:2078)&#10;        at java.util.concurrent.ScheduledThreadPoolExecutor$DelayedWorkQueue.take(ScheduledThreadPoolExecutor.java:1093)&#10;        at java.util.concurrent.ScheduledThreadPoolExecutor$DelayedWorkQueue.take(ScheduledThreadPoolExecutor.java:809)&#10;        at java.util.concurrent.ThreadPoolExecutor.getTask(ThreadPoolExecutor.java:1074)&#10;        at java.util.concurrent.ThreadPoolExecutor.runWorker(ThreadPoolExecutor.java:1134)&#10;        at java.util.concurrent.ThreadPoolExecutor$Worker.run(ThreadPoolExecutor.java:624)&#10;        at java.lang.Thread.run(Thread.java:748)&#10;&quot;IPC Server handler 7 on 37818&quot; daemon prio=5 tid=1909 timed_waiting&#10;java.lang.Thread.State: TIMED_WAITING&#10;        at sun.misc.Unsafe.park(Native Method)&#10;        at java.util.concurrent.locks.LockSupport.parkNanos(LockSupport.java:215)&#10;        at java.util.concurrent.locks.AbstractQueuedSynchronizer$ConditionObject.awaitNanos(AbstractQueuedSynchronizer.java:2078)&#10;        at java.util.concurrent.LinkedBlockingQueue.poll(LinkedBlockingQueue.java:467)&#10;        at org.apache.hadoop.ipc.CallQueueManager.take(CallQueueManager.java:288)&#10;        at org.apache.hadoop.ipc.Server$Handler.run(Server.java:2668)&#10;&quot;pool-196-thread-46&quot;  prio=5 tid=2250 in Object.wait()&#10;java.lang.Thread.State: WAITING (on object monitor)&#10;        at sun.misc.Unsafe.park(Native Method)&#10;        at java.util.concurrent.locks.LockSupport.park(LockSupport.java:175)&#10;        at java.util.concurrent.locks.AbstractQueuedSynchronizer$ConditionObject.await(AbstractQueuedSynchronizer.java:2039)&#10;        at java.util.concurrent.ArrayBlockingQueue.take(ArrayBlockingQueue.java:403)&#10;        at java.util.concurrent.ThreadPoolExecutor.getTask(ThreadPoolExecutor.java:1074)&#10;        at java.util.concurrent.ThreadPoolExecutor.runWorker(ThreadPoolExecutor.java:1134)&#10;        at java.util.concurrent.ThreadPoolExecutor$Worker.run(ThreadPoolExecutor.java:624)&#10;        at java.lang.Thread.run(Thread.java:748)&#10;&quot;b9cfa588-8e56-4331-be2f-4c26f25c6739@group-1C5C21C10390-StateMachineUpdater&quot; daemon prio=5 tid=2284 in Object.wait()&#10;java.lang.Thread.State: WAITING (on object monitor)&#10;        at java.lang.Object.wait(Native Method)&#10;        at java.lang.Object.wait(Object.java:502)&#10;        at org.apache.ratis.server.impl.StateMachineUpdater.waitForCommit(StateMachineUpdater.java:194)&#10;        at org.apache.ratis.server.impl.StateMachineUpdater.run(StateMachineUpdater.java:159)&#10;        at java.lang.Thread.run(Thread.java:748)&#10;&quot;metrics-hadoop-metrics2-reporter-44-thread-1&quot; daemon prio=5 tid=994 timed_waiting&#10;java.lang.Thread.State: TIMED_WAITING&#10;        at sun.misc.Unsafe.park(Native Method)&#10;        at java.util.concurrent.locks.LockSupport.parkNanos(LockSupport.java:215)&#10;        at java.util.concurrent.locks.AbstractQueuedSynchronizer$ConditionObject.awaitNanos(AbstractQueuedSynchronizer.java:2078)&#10;        at java.util.concurrent.ScheduledThreadPoolExecutor$DelayedWorkQueue.take(ScheduledThreadPoolExecutor.java:1093)&#10;        at java.util.concurrent.ScheduledThreadPoolExecutor$DelayedWorkQueue.take(ScheduledThreadPoolExecutor.java:809)&#10;        at java.util.concurrent.ThreadPoolExecutor.getTask(ThreadPoolExecutor.java:1074)&#10;        at java.util.concurrent.ThreadPoolExecutor.runWorker(ThreadPoolExecutor.java:1134)&#10;        at java.util.concurrent.ThreadPoolExecutor$Worker.run(ThreadPoolExecutor.java:624)&#10;        at java.lang.Thread.run(Thread.java:748)&#10;&quot;7c431f9d-51bc-458b-a3a6-511ec217d887@group-21BA9BD4283D-StateMachineUpdater&quot; daemon prio=5 tid=2485 in Object.wait()&#10;java.lang.Thread.State: WAITING (on object monitor)&#10;        at java.lang.Object.wait(Native Method)&#10;        at java.lang.Object.wait(Object.java:502)&#10;        at org.apache.ratis.server.impl.StateMachineUpdater.waitForCommit(StateMachineUpdater.java:194)&#10;        at org.apache.ratis.server.impl.StateMachineUpdater.run(StateMachineUpdater.java:159)&#10;        at java.lang.Thread.run(Thread.java:748)&#10;&quot;pool-158-thread-1&quot;  prio=5 tid=1879 timed_waiting&#10;java.lang.Thread.State: TIMED_WAITING&#10;        at sun.misc.Unsafe.park(Native Method)&#10;        at java.util.concurrent.locks.LockSupport.parkNanos(LockSupport.java:215)&#10;        at java.util.concurrent.locks.AbstractQueuedSynchronizer$ConditionObject.awaitNanos(AbstractQueuedSynchronizer.java:2078)&#10;        at java.util.concurrent.ScheduledThreadPoolExecutor$DelayedWorkQueue.take(ScheduledThreadPoolExecutor.java:1093)&#10;        at java.util.concurrent.ScheduledThreadPoolExecutor$DelayedWorkQueue.take(ScheduledThreadPoolExecutor.java:809)&#10;        at java.util.concurrent.ThreadPoolExecutor.getTask(ThreadPoolExecutor.java:1074)&#10;        at java.util.concurrent.ThreadPoolExecutor.runWorker(ThreadPoolExecutor.java:1134)&#10;        at java.util.concurrent.ThreadPoolExecutor$Worker.run(ThreadPoolExecutor.java:624)&#10;        at java.lang.Thread.run(Thread.java:748)&#10;&quot;org.eclipse.jetty.server.session.HashSessionManager@7327a447Timer&quot; daemon prio=5 tid=2043 timed_waiting&#10;java.lang.Thread.State: TIMED_WAITING&#10;        at sun.misc.Unsafe.park(Native Method)&#10;        at java.util.concurrent.locks.LockSupport.parkNanos(LockSupport.java:215)&#10;        at java.util.concurrent.locks.AbstractQueuedSynchronizer$ConditionObject.awaitNanos(AbstractQueuedSynchronizer.java:2078)&#10;        at java.util.concurrent.ScheduledThreadPoolExecutor$DelayedWorkQueue.take(ScheduledThreadPoolExecutor.java:1093)&#10;        at java.util.concurrent.ScheduledThreadPoolExecutor$DelayedWorkQueue.take(ScheduledThreadPoolExecutor.java:809)&#10;        at java.util.concurrent.ThreadPoolExecutor.getTask(ThreadPoolExecutor.java:1074)&#10;        at java.util.concurrent.ThreadPoolExecutor.runWorker(ThreadPoolExecutor.java:1134)&#10;        at java.util.concurrent.ThreadPoolExecutor$Worker.run(ThreadPoolExecutor.java:624)&#10;        at java.lang.Thread.run(Thread.java:748)&#10;&quot;metrics-hadoop-metrics2-reporter-7-thread-1&quot; daemon prio=5 tid=451 timed_waiting&#10;java.lang.Thread.State: TIMED_WAITING&#10;        at sun.misc.Unsafe.park(Native Method)&#10;        at java.util.concurrent.locks.LockSupport.parkNanos(LockSupport.java:215)&#10;        at java.util.concurrent.locks.AbstractQueuedSynchronizer$ConditionObject.awaitNanos(AbstractQueuedSynchronizer.java:2078)&#10;        at java.util.concurrent.ScheduledThreadPoolExecutor$DelayedWorkQueue.take(ScheduledThreadPoolExecutor.java:1093)&#10;        at java.util.concurrent.ScheduledThreadPoolExecutor$DelayedWorkQueue.take(ScheduledThreadPoolExecutor.java:809)&#10;        at java.util.concurrent.ThreadPoolExecutor.getTask(ThreadPoolExecutor.java:1074)&#10;        at java.util.concurrent.ThreadPoolExecutor.runWorker(ThreadPoolExecutor.java:1134)&#10;        at java.util.concurrent.ThreadPoolExecutor$Worker.run(ThreadPoolExecutor.java:624)&#10;        at java.lang.Thread.run(Thread.java:748)&#10;&quot;pool-176-thread-34&quot;  prio=5 tid=2113 in Object.wait()&#10;java.lang.Thread.State: WAITING (on object monitor)&#10;        at sun.misc.Unsafe.park(Native Method)&#10;        at java.util.concurrent.locks.LockSupport.park(LockSupport.java:175)&#10;        at java.util.concurrent.locks.AbstractQueuedSynchronizer$ConditionObject.await(AbstractQueuedSynchronizer.java:2039)&#10;        at java.util.concurrent.ArrayBlockingQueue.take(ArrayBlockingQueue.java:403)&#10;        at java.util.concurrent.ThreadPoolExecutor.getTask(ThreadPoolExecutor.java:1074)&#10;        at java.util.concurrent.ThreadPoolExecutor.runWorker(ThreadPoolExecutor.java:1134)&#10;        at java.util.concurrent.ThreadPoolExecutor$Worker.run(ThreadPoolExecutor.java:624)&#10;        at java.lang.Thread.run(Thread.java:748)&#10;&quot;org.eclipse.jetty.server.session.HashSessionManager@430b2699Timer&quot; daemon prio=5 tid=2069 timed_waiting&#10;java.lang.Thread.State: TIMED_WAITING&#10;        at sun.misc.Unsafe.park(Native Method)&#10;        at java.util.concurrent.locks.LockSupport.parkNanos(LockSupport.java:215)&#10;        at java.util.concurrent.locks.AbstractQueuedSynchronizer$ConditionObject.awaitNanos(AbstractQueuedSynchronizer.java:2078)&#10;        at java.util.concurrent.ScheduledThreadPoolExecutor$DelayedWorkQueue.take(ScheduledThreadPoolExecutor.java:1093)&#10;        at java.util.concurrent.ScheduledThreadPoolExecutor$DelayedWorkQueue.take(ScheduledThreadPoolExecutor.java:809)&#10;        at java.util.concurrent.ThreadPoolExecutor.getTask(ThreadPoolExecutor.java:1074)&#10;        at java.util.concurrent.ThreadPoolExecutor.runWorker(ThreadPoolExecutor.java:1134)&#10;        at java.util.concurrent.ThreadPoolExecutor$Worker.run(ThreadPoolExecutor.java:624)&#10;        at java.lang.Thread.run(Thread.java:748)&#10;&quot;IPC Server handler 11 on 44019&quot; daemon prio=5 tid=1977 timed_waiting&#10;java.lang.Thread.State: TIMED_WAITING&#10;        at sun.misc.Unsafe.park(Native Method)&#10;        at java.util.concurrent.locks.LockSupport.parkNanos(LockSupport.java:215)&#10;        at java.util.concurrent.locks.AbstractQueuedSynchronizer$ConditionObject.awaitNanos(AbstractQueuedSynchronizer.java:2078)&#10;        at java.util.concurrent.LinkedBlockingQueue.poll(LinkedBlockingQueue.java:467)&#10;        at org.apache.hadoop.ipc.CallQueueManager.take(CallQueueManager.java:288)&#10;        at org.apache.hadoop.ipc.Server$Handler.run(Server.java:2668)&#10;&quot;b9cfa588-8e56-4331-be2f-4c26f25c6739@group-1C5C21C10390-SegmentedRaftLogWorker&quot;  prio=5 tid=2283 timed_waiting&#10;java.lang.Thread.State: TIMED_WAITING&#10;        at sun.misc.Unsafe.park(Native Method)&#10;        at java.util.concurrent.locks.LockSupport.parkNanos(LockSupport.java:215)&#10;        at java.util.concurrent.locks.AbstractQueuedSynchronizer$ConditionObject.awaitNanos(AbstractQueuedSynchronizer.java:2078)&#10;        at org.apache.ratis.util.DataBlockingQueue.poll(DataBlockingQueue.java:137)&#10;        at org.apache.ratis.server.raftlog.segmented.SegmentedRaftLogWorker.run(SegmentedRaftLogWorker.java:282)&#10;        at java.lang.Thread.run(Thread.java:748)&#10;&quot;pool-176-thread-13&quot;  prio=5 tid=2092 in Object.wait()&#10;java.lang.Thread.State: WAITING (on object monitor)&#10;        at sun.misc.Unsafe.park(Native Method)&#10;        at java.util.concurrent.locks.LockSupport.park(LockSupport.java:175)&#10;        at java.util.concurrent.locks.AbstractQueuedSynchronizer$ConditionObject.await(AbstractQueuedSynchronizer.java:2039)&#10;        at java.util.concurrent.ArrayBlockingQueue.take(ArrayBlockingQueue.java:403)&#10;        at java.util.concurrent.ThreadPoolExecutor.getTask(ThreadPoolExecutor.java:1074)&#10;        at java.util.concurrent.ThreadPoolExecutor.runWorker(ThreadPoolExecutor.java:1134)&#10;        at java.util.concurrent.ThreadPoolExecutor$Worker.run(ThreadPoolExecutor.java:624)&#10;        at java.lang.Thread.run(Thread.java:748)&#10;&quot;IPC Server handler 13 on 35803&quot; daemon prio=5 tid=1935 timed_waiting&#10;java.lang.Thread.State: TIMED_WAITING&#10;        at sun.misc.Unsafe.park(Native Method)&#10;        at java.util.concurrent.locks.LockSupport.parkNanos(LockSupport.java:215)&#10;        at java.util.concurrent.locks.AbstractQueuedSynchronizer$ConditionObject.awaitNanos(AbstractQueuedSynchronizer.java:2078)&#10;        at java.util.concurrent.LinkedBlockingQueue.poll(LinkedBlockingQueue.java:467)&#10;        at org.apache.hadoop.ipc.CallQueueManager.take(CallQueueManager.java:288)&#10;        at org.apache.hadoop.ipc.Server$Handler.run(Server.java:2668)&#10;&quot;pool-196-thread-54&quot;  prio=5 tid=2258 in Object.wait()&#10;java.lang.Thread.State: WAITING (on object monitor)&#10;        at sun.misc.Unsafe.park(Native Method)&#10;        at java.util.concurrent.locks.LockSupport.park(LockSupport.java:175)&#10;        at java.util.concurrent.locks.AbstractQueuedSynchronizer$ConditionObject.await(AbstractQueuedSynchronizer.java:2039)&#10;        at java.util.concurrent.ArrayBlockingQueue.take(ArrayBlockingQueue.java:403)&#10;        at java.util.concurrent.ThreadPoolExecutor.getTask(ThreadPoolExecutor.java:1074)&#10;        at java.util.concurrent.ThreadPoolExecutor.runWorker(ThreadPoolExecutor.java:1134)&#10;        at java.util.concurrent.ThreadPoolExecutor$Worker.run(ThreadPoolExecutor.java:624)&#10;        at java.lang.Thread.run(Thread.java:748)&#10;&quot;pool-186-thread-35&quot;  prio=5 tid=2177 in Object.wait()&#10;java.lang.Thread.State: WAITING (on object monitor)&#10;        at sun.misc.Unsafe.park(Native Method)&#10;        at java.util.concurrent.locks.LockSupport.park(LockSupport.java:175)&#10;        at java.util.concurrent.locks.AbstractQueuedSynchronizer$ConditionObject.await(AbstractQueuedSynchronizer.java:2039)&#10;        at java.util.concurrent.ArrayBlockingQueue.take(ArrayBlockingQueue.java:403)&#10;        at java.util.concurrent.ThreadPoolExecutor.getTask(ThreadPoolExecutor.java:1074)&#10;        at java.util.concurrent.ThreadPoolExecutor.runWorker(ThreadPoolExecutor.java:1134)&#10;        at java.util.concurrent.ThreadPoolExecutor$Worker.run(ThreadPoolExecutor.java:624)&#10;        at java.lang.Thread.run(Thread.java:748)&#10;&quot;Datanode ReportManager Thread - 3&quot; daemon prio=5 tid=2075 in Object.wait()&#10;java.lang.Thread.State: WAITING (on object monitor)&#10;        at sun.misc.Unsafe.park(Native Method)&#10;        at java.util.concurrent.locks.LockSupport.park(LockSupport.java:175)&#10;        at java.util.concurrent.locks.AbstractQueuedSynchronizer$ConditionObject.await(AbstractQueuedSynchronizer.java:2039)&#10;        at java.util.concurrent.ScheduledThreadPoolExecutor$DelayedWorkQueue.take(ScheduledThreadPoolExecutor.java:1088)&#10;        at java.util.concurrent.ScheduledThreadPoolExecutor$DelayedWorkQueue.take(ScheduledThreadPoolExecutor.java:809)&#10;        at java.util.concurrent.ThreadPoolExecutor.getTask(ThreadPoolExecutor.java:1074)&#10;        at java.util.concurrent.ThreadPoolExecutor.runWorker(ThreadPoolExecutor.java:1134)&#10;        at java.util.concurrent.ThreadPoolExecutor$Worker.run(ThreadPoolExecutor.java:624)&#10;        at java.lang.Thread.run(Thread.java:748)&#10;&quot;IPC Server handler 10 on 35803&quot; daemon prio=5 tid=1932 timed_waiting&#10;java.lang.Thread.State: TIMED_WAITING&#10;        at sun.misc.Unsafe.park(Native Method)&#10;        at java.util.concurrent.locks.LockSupport.parkNanos(LockSupport.java:215)&#10;        at java.util.concurrent.locks.AbstractQueuedSynchronizer$ConditionObject.awaitNanos(AbstractQueuedSynchronizer.java:2078)&#10;        at java.util.concurrent.LinkedBlockingQueue.poll(LinkedBlockingQueue.java:467)&#10;        at org.apache.hadoop.ipc.CallQueueManager.take(CallQueueManager.java:288)&#10;        at org.apache.hadoop.ipc.Server$Handler.run(Server.java:2668)&#10;&quot;IPC Server handler 2 on 44019&quot; daemon prio=5 tid=1967 timed_waiting&#10;java.lang.Thread.State: TIMED_WAITING&#10;        at sun.misc.Unsafe.park(Native Method)&#10;        at java.util.concurrent.locks.LockSupport.parkNanos(LockSupport.java:215)&#10;        at java.util.concurrent.locks.AbstractQueuedSynchronizer$ConditionObject.awaitNanos(AbstractQueuedSynchronizer.java:2078)&#10;        at java.util.concurrent.LinkedBlockingQueue.poll(LinkedBlockingQueue.java:467)&#10;        at org.apache.hadoop.ipc.CallQueueManager.take(CallQueueManager.java:288)&#10;        at org.apache.hadoop.ipc.Server$Handler.run(Server.java:2668)&#10;&quot;metrics-hadoop-metrics2-reporter-65-thread-1&quot; daemon prio=5 tid=1171 timed_waiting&#10;java.lang.Thread.State: TIMED_WAITING&#10;        at sun.misc.Unsafe.park(Native Method)&#10;        at java.util.concurrent.locks.LockSupport.parkNanos(LockSupport.java:215)&#10;        at java.util.concurrent.locks.AbstractQueuedSynchronizer$ConditionObject.awaitNanos(AbstractQueuedSynchronizer.java:2078)&#10;        at java.util.concurrent.ScheduledThreadPoolExecutor$DelayedWorkQueue.take(ScheduledThreadPoolExecutor.java:1093)&#10;        at java.util.concurrent.ScheduledThreadPoolExecutor$DelayedWorkQueue.take(ScheduledThreadPoolExecutor.java:809)&#10;        at java.util.concurrent.ThreadPoolExecutor.getTask(ThreadPoolExecutor.java:1074)&#10;        at java.util.concurrent.ThreadPoolExecutor.runWorker(ThreadPoolExecutor.java:1134)&#10;        at java.util.concurrent.ThreadPoolExecutor$Worker.run(ThreadPoolExecutor.java:624)&#10;        at java.lang.Thread.run(Thread.java:748)&#10;&quot;pool-196-thread-27&quot;  prio=5 tid=2231 in Object.wait()&#10;java.lang.Thread.State: WAITING (on object monitor)&#10;        at sun.misc.Unsafe.park(Native Method)&#10;        at java.util.concurrent.locks.LockSupport.park(LockSupport.java:175)&#10;        at java.util.concurrent.locks.AbstractQueuedSynchronizer$ConditionObject.await(AbstractQueuedSynchronizer.java:2039)&#10;        at java.util.concurrent.ArrayBlockingQueue.take(ArrayBlockingQueue.java:403)&#10;        at java.util.concurrent.ThreadPoolExecutor.getTask(ThreadPoolExecutor.java:1074)&#10;        at java.util.concurrent.ThreadPoolExecutor.runWorker(ThreadPoolExecutor.java:1134)&#10;        at java.util.concurrent.ThreadPoolExecutor$Worker.run(ThreadPoolExecutor.java:624)&#10;        at java.lang.Thread.run(Thread.java:748)&#10;&quot;pool-176-thread-28&quot;  prio=5 tid=2107 in Object.wait()&#10;java.lang.Thread.State: WAITING (on object monitor)&#10;        at sun.misc.Unsafe.park(Native Method)&#10;        at java.util.concurrent.locks.LockSupport.park(LockSupport.java:175)&#10;        at java.util.concurrent.locks.AbstractQueuedSynchronizer$ConditionObject.await(AbstractQueuedSynchronizer.java:2039)&#10;        at java.util.concurrent.ArrayBlockingQueue.take(ArrayBlockingQueue.java:403)&#10;        at java.util.concurrent.ThreadPoolExecutor.getTask(ThreadPoolExecutor.java:1074)&#10;        at java.util.concurrent.ThreadPoolExecutor.runWorker(ThreadPoolExecutor.java:1134)&#10;        at java.util.concurrent.ThreadPoolExecutor$Worker.run(ThreadPoolExecutor.java:624)&#10;        at java.lang.Thread.run(Thread.java:748)&#10;&quot;pool-176-thread-14&quot;  prio=5 tid=2093 in Object.wait()&#10;java.lang.Thread.State: WAITING (on object monitor)&#10;        at sun.misc.Unsafe.park(Native Method)&#10;        at java.util.concurrent.locks.LockSupport.park(LockSupport.java:175)&#10;        at java.util.concurrent.locks.AbstractQueuedSynchronizer$ConditionObject.await(AbstractQueuedSynchronizer.java:2039)&#10;        at java.util.concurrent.ArrayBlockingQueue.take(ArrayBlockingQueue.java:403)&#10;        at java.util.concurrent.ThreadPoolExecutor.getTask(ThreadPoolExecutor.java:1074)&#10;        at java.util.concurrent.ThreadPoolExecutor.runWorker(ThreadPoolExecutor.java:1134)&#10;        at java.util.concurrent.ThreadPoolExecutor$Worker.run(ThreadPoolExecutor.java:624)&#10;        at java.lang.Thread.run(Thread.java:748)&#10;&quot;IPC Server handler 0 on 37818&quot; daemon prio=5 tid=1902 timed_waiting&#10;java.lang.Thread.State: TIMED_WAITING&#10;        at sun.misc.Unsafe.park(Native Method)&#10;        at java.util.concurrent.locks.LockSupport.parkNanos(LockSupport.java:215)&#10;        at java.util.concurrent.locks.AbstractQueuedSynchronizer$ConditionObject.awaitNanos(AbstractQueuedSynchronizer.java:2078)&#10;        at java.util.concurrent.LinkedBlockingQueue.poll(LinkedBlockingQueue.java:467)&#10;        at org.apache.hadoop.ipc.CallQueueManager.take(CallQueueManager.java:288)&#10;        at org.apache.hadoop.ipc.Server$Handler.run(Server.java:2668)&#10;&quot;pool-196-thread-7&quot;  prio=5 tid=2211 in Object.wait()&#10;java.lang.Thread.State: WAITING (on object monitor)&#10;        at sun.misc.Unsafe.park(Native Method)&#10;        at java.util.concurrent.locks.LockSupport.park(LockSupport.java:175)&#10;        at java.util.concurrent.locks.AbstractQueuedSynchronizer$ConditionObject.await(AbstractQueuedSynchronizer.java:2039)&#10;        at java.util.concurrent.ArrayBlockingQueue.take(ArrayBlockingQueue.java:403)&#10;        at java.util.concurrent.ThreadPoolExecutor.getTask(ThreadPoolExecutor.java:1074)&#10;        at java.util.concurrent.ThreadPoolExecutor.runWorker(ThreadPoolExecutor.java:1134)&#10;        at java.util.concurrent.ThreadPoolExecutor$Worker.run(ThreadPoolExecutor.java:624)&#10;        at java.lang.Thread.run(Thread.java:748)&#10;&quot;metrics-hadoop-metrics2-reporter-124-thread-1&quot; daemon prio=5 tid=2481 timed_waiting&#10;java.lang.Thread.State: TIMED_WAITING&#10;        at sun.misc.Unsafe.park(Native Method)&#10;        at java.util.concurrent.locks.LockSupport.parkNanos(LockSupport.java:215)&#10;        at java.util.concurrent.locks.AbstractQueuedSynchronizer$ConditionObject.awaitNanos(AbstractQueuedSynchronizer.java:2078)&#10;        at java.util.concurrent.ScheduledThreadPoolExecutor$DelayedWorkQueue.take(ScheduledThreadPoolExecutor.java:1093)&#10;        at java.util.concurrent.ScheduledThreadPoolExecutor$DelayedWorkQueue.take(ScheduledThreadPoolExecutor.java:809)&#10;        at java.util.concurrent.ThreadPoolExecutor.getTask(ThreadPoolExecutor.java:1074)&#10;        at java.util.concurrent.ThreadPoolExecutor.runWorker(ThreadPoolExecutor.java:1134)&#10;        at java.util.concurrent.ThreadPoolExecutor$Worker.run(ThreadPoolExecutor.java:624)&#10;        at java.lang.Thread.run(Thread.java:748)&#10;&quot;metrics-hadoop-metrics2-reporter-120-thread-1&quot; daemon prio=5 tid=2339 timed_waiting&#10;java.lang.Thread.State: TIMED_WAITING&#10;        at sun.misc.Unsafe.park(Native Method)&#10;        at java.util.concurrent.locks.LockSupport.parkNanos(LockSupport.java:215)&#10;        at java.util.concurrent.locks.AbstractQueuedSynchronizer$ConditionObject.awaitNanos(AbstractQueuedSynchronizer.java:2078)&#10;        at java.util.concurrent.ScheduledThreadPoolExecutor$DelayedWorkQueue.take(ScheduledThreadPoolExecutor.java:1093)&#10;        at java.util.concurrent.ScheduledThreadPoolExecutor$DelayedWorkQueue.take(ScheduledThreadPoolExecutor.java:809)&#10;        at java.util.concurrent.ThreadPoolExecutor.getTask(ThreadPoolExecutor.java:1074)&#10;        at java.util.concurrent.ThreadPoolExecutor.runWorker(ThreadPoolExecutor.java:1134)&#10;        at java.util.concurrent.ThreadPoolExecutor$Worker.run(ThreadPoolExecutor.java:624)&#10;        at java.lang.Thread.run(Thread.java:748)&#10;&quot;IPC Server handler 11 on 35803&quot; daemon prio=5 tid=1933 timed_waiting&#10;java.lang.Thread.State: TIMED_WAITING&#10;        at sun.misc.Unsafe.park(Native Method)&#10;        at java.util.concurrent.locks.LockSupport.parkNanos(LockSupport.java:215)&#10;        at java.util.concurrent.locks.AbstractQueuedSynchronizer$ConditionObject.awaitNanos(AbstractQueuedSynchronizer.java:2078)&#10;        at java.util.concurrent.LinkedBlockingQueue.poll(LinkedBlockingQueue.java:467)&#10;        at org.apache.hadoop.ipc.CallQueueManager.take(CallQueueManager.java:288)&#10;        at org.apache.hadoop.ipc.Server$Handler.run(Server.java:2668)&#10;&quot;main&quot;  prio=5 tid=1 runnable&#10;java.lang.Thread.State: RUNNABLE&#10;        at java.lang.Thread.dumpThreads(Native Method)&#10;        at java.lang.Thread.getAllStackTraces(Thread.java:1610)&#10;        at org.apache.hadoop.test.TimedOutTestsListener.buildThreadDump(TimedOutTestsListener.java:87)&#10;        at org.apache.hadoop.test.TimedOutTestsListener.buildThreadDiagnosticString(TimedOutTestsListener.java:73)&#10;        at org.apache.hadoop.test.GenericTestUtils.waitFor(GenericTestUtils.java:389)&#10;        at org.apache.hadoop.ozone.MiniOzoneClusterImpl.waitForClusterToBeReady(MiniOzoneClusterImpl.java:149)&#10;        at org.apache.hadoop.ozone.scm.TestXceiverClientManager.init(TestXceiverClientManager.java:63)&#10;        at sun.reflect.NativeMethodAccessorImpl.invoke0(Native Method)&#10;        at sun.reflect.NativeMethodAccessorImpl.invoke(NativeMethodAccessorImpl.java:62)&#10;        at sun.reflect.DelegatingMethodAccessorImpl.invoke(DelegatingMethodAccessorImpl.java:43)&#10;        at java.lang.reflect.Method.invoke(Method.java:498)&#10;        at org.junit.runners.model.FrameworkMethod$1.runReflectiveCall(FrameworkMethod.java:47)&#10;        at org.junit.internal.runners.model.ReflectiveCallable.run(ReflectiveCallable.java:12)&#10;        at org.junit.runners.model.FrameworkMethod.invokeExplosively(FrameworkMethod.java:44)&#10;        at org.junit.internal.runners.statements.RunBefores.evaluate(RunBefores.java:24)&#10;        at org.junit.internal.runners.statements.RunAfters.evaluate(RunAfters.java:27)&#10;        at org.junit.rules.ExpectedException$ExpectedExceptionStatement.evaluate(ExpectedException.java:168)&#10;        at org.junit.rules.RunRules.evaluate(RunRules.java:20)&#10;        at org.junit.runners.ParentRunner.runLeaf(ParentRunner.java:271)&#10;        at org.junit.runners.BlockJUnit4ClassRunner.runChild(BlockJUnit4ClassRunner.java:70)&#10;        at org.junit.runners.BlockJUnit4ClassRunner.runChild(BlockJUnit4ClassRunner.java:50)&#10;        at org.junit.runners.ParentRunner$3.run(ParentRunner.java:238)&#10;        at org.junit.runners.ParentRunner$1.schedule(ParentRunner.java:63)&#10;        at org.junit.runners.ParentRunner.runChildren(ParentRunner.java:236)&#10;        at org.junit.runners.ParentRunner.access$000(ParentRunner.java:53)&#10;        at org.junit.runners.ParentRunner$2.evaluate(ParentRunner.java:229)&#10;        at org.junit.runners.ParentRunner.run(ParentRunner.java:309)&#10;        at org.apache.maven.surefire.junit4.JUnit4Provider.execute(JUnit4Provider.java:365)&#10;        at org.apache.maven.surefire.junit4.JUnit4Provider.executeWithRerun(JUnit4Provider.java:273)&#10;        at org.apache.maven.surefire.junit4.JUnit4Provider.executeTestSet(JUnit4Provider.java:238)&#10;        at org.apache.maven.surefire.junit4.JUnit4Provider.invoke(JUnit4Provider.java:159)&#10;        at org.apache.maven.surefire.booter.ForkedBooter.invokeProviderInSameClassLoader(ForkedBooter.java:384)&#10;        at org.apache.maven.surefire.booter.ForkedBooter.runSuitesInProcess(ForkedBooter.java:345)&#10;        at org.apache.maven.surefire.booter.ForkedBooter.execute(ForkedBooter.java:126)&#10;        at org.apache.maven.surefire.booter.ForkedBooter.main(ForkedBooter.java:418)&#10;&quot;metrics-hadoop-metrics2-reporter-23-thread-1&quot; daemon prio=5 tid=501 timed_waiting&#10;java.lang.Thread.State: TIMED_WAITING&#10;        at sun.misc.Unsafe.park(Native Method)&#10;        at java.util.concurrent.locks.LockSupport.parkNanos(LockSupport.java:215)&#10;        at java.util.concurrent.locks.AbstractQueuedSynchronizer$ConditionObject.awaitNanos(AbstractQueuedSynchronizer.java:2078)&#10;        at java.util.concurrent.ScheduledThreadPoolExecutor$DelayedWorkQueue.take(ScheduledThreadPoolExecutor.java:1093)&#10;        at java.util.concurrent.ScheduledThreadPoolExecutor$DelayedWorkQueue.take(ScheduledThreadPoolExecutor.java:809)&#10;        at java.util.concurrent.ThreadPoolExecutor.getTask(ThreadPoolExecutor.java:1074)&#10;        at java.util.concurrent.ThreadPoolExecutor.runWorker(ThreadPoolExecutor.java:1134)&#10;        at java.util.concurrent.ThreadPoolExecutor$Worker.run(ThreadPoolExecutor.java:624)&#10;        at java.lang.Thread.run(Thread.java:748)&#10;&quot;IPC Server handler 5 on 44019&quot; daemon prio=5 tid=1971 timed_waiting&#10;java.lang.Thread.State: TIMED_WAITING&#10;        at sun.misc.Unsafe.park(Native Method)&#10;        at java.util.concurrent.locks.LockSupport.parkNanos(LockSupport.java:215)&#10;        at java.util.concurrent.locks.AbstractQueuedSynchronizer$ConditionObject.awaitNanos(AbstractQueuedSynchronizer.java:2078)&#10;        at java.util.concurrent.LinkedBlockingQueue.poll(LinkedBlockingQueue.java:467)&#10;        at org.apache.hadoop.ipc.CallQueueManager.take(CallQueueManager.java:288)&#10;        at org.apache.hadoop.ipc.Server$Handler.run(Server.java:2668)&#10;&quot;pool-196-thread-29&quot;  prio=5 tid=2233 in Object.wait()&#10;java.lang.Thread.State: WAITING (on object monitor)&#10;        at sun.misc.Unsafe.park(Native Method)&#10;        at java.util.concurrent.locks.LockSupport.park(LockSupport.java:175)&#10;        at java.util.concurrent.locks.AbstractQueuedSynchronizer$ConditionObject.await(AbstractQueuedSynchronizer.java:2039)&#10;        at java.util.concurrent.ArrayBlockingQueue.take(ArrayBlockingQueue.java:403)&#10;        at java.util.concurrent.ThreadPoolExecutor.getTask(ThreadPoolExecutor.java:1074)&#10;        at java.util.concurrent.ThreadPoolExecutor.runWorker(ThreadPoolExecutor.java:1134)&#10;        at java.util.concurrent.ThreadPoolExecutor$Worker.run(ThreadPoolExecutor.java:624)&#10;        at java.lang.Thread.run(Thread.java:748)&#10;&quot;metrics-hadoop-metrics2-reporter-56-thread-1&quot; daemon prio=5 tid=1129 timed_waiting&#10;java.lang.Thread.State: TIMED_WAITING&#10;        at sun.misc.Unsafe.park(Native Method)&#10;        at java.util.concurrent.locks.LockSupport.parkNanos(LockSupport.java:215)&#10;        at java.util.concurrent.locks.AbstractQueuedSynchronizer$ConditionObject.awaitNanos(AbstractQueuedSynchronizer.java:2078)&#10;        at java.util.concurrent.ScheduledThreadPoolExecutor$DelayedWorkQueue.take(ScheduledThreadPoolExecutor.java:1093)&#10;        at java.util.concurrent.ScheduledThreadPoolExecutor$DelayedWorkQueue.take(ScheduledThreadPoolExecutor.java:809)&#10;        at java.util.concurrent.ThreadPoolExecutor.getTask(ThreadPoolExecutor.java:1074)&#10;        at java.util.concurrent.ThreadPoolExecutor.runWorker(ThreadPoolExecutor.java:1134)&#10;        at java.util.concurrent.ThreadPoolExecutor$Worker.run(ThreadPoolExecutor.java:624)&#10;        at java.lang.Thread.run(Thread.java:748)&#10;&quot;Datanode ReportManager Thread - 3&quot; daemon prio=5 tid=1346 timed_waiting&#10;java.lang.Thread.State: TIMED_WAITING&#10;        at sun.misc.Unsafe.park(Native Method)&#10;        at java.util.concurrent.locks.LockSupport.parkNanos(LockSupport.java:215)&#10;        at java.util.concurrent.locks.AbstractQueuedSynchronizer$ConditionObject.awaitNanos(AbstractQueuedSynchronizer.java:2078)&#10;        at java.util.concurrent.ScheduledThreadPoolExecutor$DelayedWorkQueue.take(ScheduledThreadPoolExecutor.java:1093)&#10;        at java.util.concurrent.ScheduledThreadPoolExecutor$DelayedWorkQueue.take(ScheduledThreadPoolExecutor.java:809)&#10;        at java.util.concurrent.ThreadPoolExecutor.getTask(ThreadPoolExecutor.java:1074)&#10;        at java.util.concurrent.ThreadPoolExecutor.runWorker(ThreadPoolExecutor.java:1134)&#10;        at java.util.concurrent.ThreadPoolExecutor$Worker.run(ThreadPoolExecutor.java:624)&#10;        at java.lang.Thread.run(Thread.java:748)&#10;&quot;qtp2077845538-1989&quot; daemon prio=5 tid=1989 timed_waiting&#10;java.lang.Thread.State: TIMED_WAITING&#10;        at sun.misc.Unsafe.park(Native Method)&#10;        at java.util.concurrent.locks.LockSupport.parkNanos(LockSupport.java:215)&#10;        at java.util.concurrent.locks.AbstractQueuedSynchronizer$ConditionObject.awaitNanos(AbstractQueuedSynchronizer.java:2078)&#10;        at org.eclipse.jetty.util.BlockingArrayQueue.poll(BlockingArrayQueue.java:392)&#10;        at org.eclipse.jetty.util.thread.QueuedThreadPool.idleJobPoll(QueuedThreadPool.java:563)&#10;        at org.eclipse.jetty.util.thread.QueuedThreadPool.access$800(QueuedThreadPool.java:48)&#10;        at org.eclipse.jetty.util.thread.QueuedThreadPool$2.run(QueuedThreadPool.java:626)&#10;        at java.lang.Thread.run(Thread.java:748)&#10;&quot;IPC Server handler 1 on 44019&quot; daemon prio=5 tid=1966 timed_waiting&#10;java.lang.Thread.State: TIMED_WAITING&#10;        at sun.misc.Unsafe.park(Native Method)&#10;        at java.util.concurrent.locks.LockSupport.parkNanos(LockSupport.java:215)&#10;        at java.util.concurrent.locks.AbstractQueuedSynchronizer$ConditionObject.awaitNanos(AbstractQueuedSynchronizer.java:2078)&#10;        at java.util.concurrent.LinkedBlockingQueue.poll(LinkedBlockingQueue.java:467)&#10;        at org.apache.hadoop.ipc.CallQueueManager.take(CallQueueManager.java:288)&#10;        at org.apache.hadoop.ipc.Server$Handler.run(Server.java:2668)&#10;&quot;Datanode State Machine Thread - 0&quot; daemon prio=5 tid=2051 timed_waiting&#10;java.lang.Thread.State: TIMED_WAITING&#10;        at sun.misc.Unsafe.park(Native Method)&#10;        at java.util.concurrent.locks.LockSupport.parkNanos(LockSupport.java:215)&#10;        at java.util.concurrent.SynchronousQueue$TransferStack.awaitFulfill(SynchronousQueue.java:460)&#10;        at java.util.concurrent.SynchronousQueue$TransferStack.transfer(SynchronousQueue.java:362)&#10;        at java.util.concurrent.SynchronousQueue.poll(SynchronousQueue.java:941)&#10;        at java.util.concurrent.ThreadPoolExecutor.getTask(ThreadPoolExecutor.java:1073)&#10;        at java.util.concurrent.ThreadPoolExecutor.runWorker(ThreadPoolExecutor.java:1134)&#10;        at java.util.concurrent.ThreadPoolExecutor$Worker.run(ThreadPoolExecutor.java:624)&#10;        at java.lang.Thread.run(Thread.java:748)&#10;&quot;pool-176-thread-3&quot;  prio=5 tid=2082 in Object.wait()&#10;java.lang.Thread.State: WAITING (on object monitor)&#10;        at sun.misc.Unsafe.park(Native Method)&#10;        at java.util.concurrent.locks.LockSupport.park(LockSupport.java:175)&#10;        at java.util.concurrent.locks.AbstractQueuedSynchronizer$ConditionObject.await(AbstractQueuedSynchronizer.java:2039)&#10;        at java.util.concurrent.ArrayBlockingQueue.take(ArrayBlockingQueue.java:403)&#10;        at java.util.concurrent.ThreadPoolExecutor.getTask(ThreadPoolExecutor.java:1074)&#10;        at java.util.concurrent.ThreadPoolExecutor.runWorker(ThreadPoolExecutor.java:1134)&#10;        at java.util.concurrent.ThreadPoolExecutor$Worker.run(ThreadPoolExecutor.java:624)&#10;        at java.lang.Thread.run(Thread.java:748)&#10;&quot;pool-196-thread-17&quot;  prio=5 tid=2221 in Object.wait()&#10;java.lang.Thread.State: WAITING (on object monitor)&#10;        at sun.misc.Unsafe.park(Native Method)&#10;        at java.util.concurrent.locks.LockSupport.park(LockSupport.java:175)&#10;        at java.util.concurrent.locks.AbstractQueuedSynchronizer$ConditionObject.await(AbstractQueuedSynchronizer.java:2039)&#10;        at java.util.concurrent.ArrayBlockingQueue.take(ArrayBlockingQueue.java:403)&#10;        at java.util.concurrent.ThreadPoolExecutor.getTask(ThreadPoolExecutor.java:1074)&#10;        at java.util.concurrent.ThreadPoolExecutor.runWorker(ThreadPoolExecutor.java:1134)&#10;        at java.util.concurrent.ThreadPoolExecutor$Worker.run(ThreadPoolExecutor.java:624)&#10;        at java.lang.Thread.run(Thread.java:748)&#10;&quot;qtp1300497562-2060&quot; daemon prio=5 tid=2060 runnable&#10;java.lang.Thread.State: RUNNABLE&#10;        at sun.nio.ch.EPollArrayWrapper.epollWait(Native Method)&#10;        at sun.nio.ch.EPollArrayWrapper.poll(EPollArrayWrapper.java:269)&#10;        at sun.nio.ch.EPollSelectorImpl.doSelect(EPollSelectorImpl.java:93)&#10;        at sun.nio.ch.SelectorImpl.lockAndDoSelect(SelectorImpl.java:86)&#10;        at sun.nio.ch.SelectorImpl.select(SelectorImpl.java:97)&#10;        at sun.nio.ch.SelectorImpl.select(SelectorImpl.java:101)&#10;        at org.eclipse.jetty.io.ManagedSelector$SelectorProducer.select(ManagedSelector.java:243)&#10;        at org.eclipse.jetty.io.ManagedSelector$SelectorProducer.produce(ManagedSelector.java:191)&#10;        at org.eclipse.jetty.util.thread.strategy.ExecuteProduceConsume.executeProduceConsume(ExecuteProduceConsume.java:249)&#10;        at org.eclipse.jetty.util.thread.strategy.ExecuteProduceConsume.produceConsume(ExecuteProduceConsume.java:148)&#10;        at org.eclipse.jetty.util.thread.strategy.ExecuteProduceConsume.execute(ExecuteProduceConsume.java:100)&#10;        at org.eclipse.jetty.io.ManagedSelector.run(ManagedSelector.java:147)&#10;        at org.eclipse.jetty.util.thread.QueuedThreadPool.runJob(QueuedThreadPool.java:671)&#10;        at org.eclipse.jetty.util.thread.QueuedThreadPool$2.run(QueuedThreadPool.java:589)&#10;        at java.lang.Thread.run(Thread.java:748)&#10;&quot;Datanode ReportManager Thread - 2&quot; daemon prio=5 tid=1372 in Object.wait()&#10;java.lang.Thread.State: WAITING (on object monitor)&#10;        at sun.misc.Unsafe.park(Native Method)&#10;        at java.util.concurrent.locks.LockSupport.park(LockSupport.java:175)&#10;        at java.util.concurrent.locks.AbstractQueuedSynchronizer$ConditionObject.await(AbstractQueuedSynchronizer.java:2039)&#10;        at java.util.concurrent.ScheduledThreadPoolExecutor$DelayedWorkQueue.take(ScheduledThreadPoolExecutor.java:1088)&#10;        at java.util.concurrent.ScheduledThreadPoolExecutor$DelayedWorkQueue.take(ScheduledThreadPoolExecutor.java:809)&#10;        at java.util.concurrent.ThreadPoolExecutor.getTask(ThreadPoolExecutor.java:1074)&#10;        at java.util.concurrent.ThreadPoolExecutor.runWorker(ThreadPoolExecutor.java:1134)&#10;        at java.util.concurrent.ThreadPoolExecutor$Worker.run(ThreadPoolExecutor.java:624)&#10;        at java.lang.Thread.run(Thread.java:748)&#10;&quot;pool-176-thread-8&quot;  prio=5 tid=2087 in Object.wait()&#10;java.lang.Thread.State: WAITING (on object monitor)&#10;        at sun.misc.Unsafe.park(Native Method)&#10;        at java.util.concurrent.locks.LockSupport.park(LockSupport.java:175)&#10;        at java.util.concurrent.locks.AbstractQueuedSynchronizer$ConditionObject.await(AbstractQueuedSynchronizer.java:2039)&#10;        at java.util.concurrent.ArrayBlockingQueue.take(ArrayBlockingQueue.java:403)&#10;        at java.util.concurrent.ThreadPoolExecutor.getTask(ThreadPoolExecutor.java:1074)&#10;        at java.util.concurrent.ThreadPoolExecutor.runWorker(ThreadPoolExecutor.java:1134)&#10;        at java.util.concurrent.ThreadPoolExecutor$Worker.run(ThreadPoolExecutor.java:624)&#10;        at java.lang.Thread.run(Thread.java:748)&#10;&quot;java.util.concurrent.ThreadPoolExecutor$Worker@77c9131b[State = -1, empty queue]&quot; daemon prio=5 tid=2509 timed_waiting&#10;java.lang.Thread.State: TIMED_WAITING&#10;        at sun.misc.Unsafe.park(Native Method)&#10;        at java.util.concurrent.locks.LockSupport.parkNanos(LockSupport.java:215)&#10;        at java.util.concurrent.locks.AbstractQueuedSynchronizer$ConditionObject.awaitNanos(AbstractQueuedSynchronizer.java:2078)&#10;        at java.util.concurrent.ScheduledThreadPoolExecutor$DelayedWorkQueue.take(ScheduledThreadPoolExecutor.java:1093)&#10;        at java.util.concurrent.ScheduledThreadPoolExecutor$DelayedWorkQueue.take(ScheduledThreadPoolExecutor.java:809)&#10;        at java.util.concurrent.ThreadPoolExecutor.getTask(ThreadPoolExecutor.java:1074)&#10;        at java.util.concurrent.ThreadPoolExecutor.runWorker(ThreadPoolExecutor.java:1134)&#10;        at java.util.concurrent.ThreadPoolExecutor$Worker.run(ThreadPoolExecutor.java:624)&#10;        at java.lang.Thread.run(Thread.java:748)&#10;&quot;metrics-hadoop-metrics2-reporter-116-thread-1&quot; daemon prio=5 tid=2327 timed_waiting&#10;java.lang.Thread.State: TIMED_WAITING&#10;        at sun.misc.Unsafe.park(Native Method)&#10;        at java.util.concurrent.locks.LockSupport.parkNanos(LockSupport.java:215)&#10;        at java.util.concurrent.locks.AbstractQueuedSynchronizer$ConditionObject.awaitNanos(AbstractQueuedSynchronizer.java:2078)&#10;        at java.util.concurrent.ScheduledThreadPoolExecutor$DelayedWorkQueue.take(ScheduledThreadPoolExecutor.java:1093)&#10;        at java.util.concurrent.ScheduledThreadPoolExecutor$DelayedWorkQueue.take(ScheduledThreadPoolExecutor.java:809)&#10;        at java.util.concurrent.ThreadPoolExecutor.getTask(ThreadPoolExecutor.java:1074)&#10;        at java.util.concurrent.ThreadPoolExecutor.runWorker(ThreadPoolExecutor.java:1134)&#10;        at java.util.concurrent.ThreadPoolExecutor$Worker.run(ThreadPoolExecutor.java:624)&#10;        at java.lang.Thread.run(Thread.java:748)&#10;&quot;metrics-hadoop-metrics2-reporter-40-thread-1&quot; daemon prio=5 tid=979 timed_waiting&#10;java.lang.Thread.State: TIMED_WAITING&#10;        at sun.misc.Unsafe.park(Native Method)&#10;        at java.util.concurrent.locks.LockSupport.parkNanos(LockSupport.java:215)&#10;        at java.util.concurrent.locks.AbstractQueuedSynchronizer$ConditionObject.awaitNanos(AbstractQueuedSynchronizer.java:2078)&#10;        at java.util.concurrent.ScheduledThreadPoolExecutor$DelayedWorkQueue.take(ScheduledThreadPoolExecutor.java:1093)&#10;        at java.util.concurrent.ScheduledThreadPoolExecutor$DelayedWorkQueue.take(ScheduledThreadPoolExecutor.java:809)&#10;        at java.util.concurrent.ThreadPoolExecutor.getTask(ThreadPoolExecutor.java:1074)&#10;        at java.util.concurrent.ThreadPoolExecutor.runWorker(ThreadPoolExecutor.java:1134)&#10;        at java.util.concurrent.ThreadPoolExecutor$Worker.run(ThreadPoolExecutor.java:624)&#10;        at java.lang.Thread.run(Thread.java:748)&#10;&quot;qtp1664093259-2037&quot; daemon prio=5 tid=2037 timed_waiting&#10;java.lang.Thread.State: TIMED_WAITING&#10;        at sun.misc.Unsafe.park(Native Method)&#10;        at java.util.concurrent.locks.LockSupport.parkNanos(LockSupport.java:215)&#10;        at java.util.concurrent.locks.AbstractQueuedSynchronizer$ConditionObject.awaitNanos(AbstractQueuedSynchronizer.java:2078)&#10;        at org.eclipse.jetty.util.BlockingArrayQueue.poll(BlockingArrayQueue.java:392)&#10;        at org.eclipse.jetty.util.thread.QueuedThreadPool.idleJobPoll(QueuedThreadPool.java:563)&#10;        at org.eclipse.jetty.util.thread.QueuedThreadPool.access$800(QueuedThreadPool.java:48)&#10;        at org.eclipse.jetty.util.thread.QueuedThreadPool$2.run(QueuedThreadPool.java:626)&#10;        at java.lang.Thread.run(Thread.java:748)&#10;&quot;pool-186-thread-47&quot;  prio=5 tid=2189 in Object.wait()&#10;java.lang.Thread.State: WAITING (on object monitor)&#10;        at sun.misc.Unsafe.park(Native Method)&#10;        at java.util.concurrent.locks.LockSupport.park(LockSupport.java:175)&#10;        at java.util.concurrent.locks.AbstractQueuedSynchronizer$ConditionObject.await(AbstractQueuedSynchronizer.java:2039)&#10;        at java.util.concurrent.ArrayBlockingQueue.take(ArrayBlockingQueue.java:403)&#10;        at java.util.concurrent.ThreadPoolExecutor.getTask(ThreadPoolExecutor.java:1074)&#10;        at java.util.concurrent.ThreadPoolExecutor.runWorker(ThreadPoolExecutor.java:1134)&#10;        at java.util.concurrent.ThreadPoolExecutor$Worker.run(ThreadPoolExecutor.java:624)&#10;        at java.lang.Thread.run(Thread.java:748)&#10;&quot;pool-186-thread-39&quot;  prio=5 tid=2181 in Object.wait()&#10;java.lang.Thread.State: WAITING (on object monitor)&#10;        at sun.misc.Unsafe.park(Native Method)&#10;        at java.util.concurrent.locks.LockSupport.park(LockSupport.java:175)&#10;        at java.util.concurrent.locks.AbstractQueuedSynchronizer$ConditionObject.await(AbstractQueuedSynchronizer.java:2039)&#10;        at java.util.concurrent.ArrayBlockingQueue.take(ArrayBlockingQueue.java:403)&#10;        at java.util.concurrent.ThreadPoolExecutor.getTask(ThreadPoolExecutor.java:1074)&#10;        at java.util.concurrent.ThreadPoolExecutor.runWorker(ThreadPoolExecutor.java:1134)&#10;        at java.util.concurrent.ThreadPoolExecutor$Worker.run(ThreadPoolExecutor.java:624)&#10;        at java.lang.Thread.run(Thread.java:748)&#10;&quot;pool-176-thread-16&quot;  prio=5 tid=2095 in Object.wait()&#10;java.lang.Thread.State: WAITING (on object monitor)&#10;        at sun.misc.Unsafe.park(Native Method)&#10;        at java.util.concurrent.locks.LockSupport.park(LockSupport.java:175)&#10;        at java.util.concurrent.locks.AbstractQueuedSynchronizer$ConditionObject.await(AbstractQueuedSynchronizer.java:2039)&#10;        at java.util.concurrent.ArrayBlockingQueue.take(ArrayBlockingQueue.java:403)&#10;        at java.util.concurrent.ThreadPoolExecutor.getTask(ThreadPoolExecutor.java:1074)&#10;        at java.util.concurrent.ThreadPoolExecutor.runWorker(ThreadPoolExecutor.java:1134)&#10;        at java.util.concurrent.ThreadPoolExecutor$Worker.run(ThreadPoolExecutor.java:624)&#10;        at java.lang.Thread.run(Thread.java:748)&#10;&quot;qtp584694804-1946&quot; daemon prio=5 tid=1946 timed_waiting&#10;java.lang.Thread.State: TIMED_WAITING&#10;        at sun.misc.Unsafe.park(Native Method)&#10;        at java.util.concurrent.locks.LockSupport.parkNanos(LockSupport.java:215)&#10;        at java.util.concurrent.locks.AbstractQueuedSynchronizer$ConditionObject.awaitNanos(AbstractQueuedSynchronizer.java:2078)&#10;        at org.eclipse.jetty.util.BlockingArrayQueue.poll(BlockingArrayQueue.java:392)&#10;        at org.eclipse.jetty.util.thread.QueuedThreadPool.idleJobPoll(QueuedThreadPool.java:563)&#10;        at org.eclipse.jetty.util.thread.QueuedThreadPool.access$800(QueuedThreadPool.java:48)&#10;        at org.eclipse.jetty.util.thread.QueuedThreadPool$2.run(QueuedThreadPool.java:626)&#10;        at java.lang.Thread.run(Thread.java:748)&#10;&quot;metrics-hadoop-metrics2-reporter-48-thread-1&quot; daemon prio=5 tid=1006 timed_waiting&#10;java.lang.Thread.State: TIMED_WAITING&#10;        at sun.misc.Unsafe.park(Native Method)&#10;        at java.util.concurrent.locks.LockSupport.parkNanos(LockSupport.java:215)&#10;        at java.util.concurrent.locks.AbstractQueuedSynchronizer$ConditionObject.awaitNanos(AbstractQueuedSynchronizer.java:2078)&#10;        at java.util.concurrent.ScheduledThreadPoolExecutor$DelayedWorkQueue.take(ScheduledThreadPoolExecutor.java:1093)&#10;        at java.util.concurrent.ScheduledThreadPoolExecutor$DelayedWorkQueue.take(ScheduledThreadPoolExecutor.java:809)&#10;        at java.util.concurrent.ThreadPoolExecutor.getTask(ThreadPoolExecutor.java:1074)&#10;        at java.util.concurrent.ThreadPoolExecutor.runWorker(ThreadPoolExecutor.java:1134)&#10;        at java.util.concurrent.ThreadPoolExecutor$Worker.run(ThreadPoolExecutor.java:624)&#10;        at java.lang.Thread.run(Thread.java:748)&#10;&quot;b9cfa588-8e56-4331-be2f-4c26f25c6739@group-21BA9BD4283D-SegmentedRaftLogWorker&quot;  prio=5 tid=2478 timed_waiting&#10;java.lang.Thread.State: TIMED_WAITING&#10;        at sun.misc.Unsafe.park(Native Method)&#10;        at java.util.concurrent.locks.LockSupport.parkNanos(LockSupport.java:215)&#10;        at java.util.concurrent.locks.AbstractQueuedSynchronizer$ConditionObject.awaitNanos(AbstractQueuedSynchronizer.java:2078)&#10;        at org.apache.ratis.util.DataBlockingQueue.poll(DataBlockingQueue.java:137)&#10;        at org.apache.ratis.server.raftlog.segmented.SegmentedRaftLogWorker.run(SegmentedRaftLogWorker.java:282)&#10;        at java.lang.Thread.run(Thread.java:748)&#10;&quot;pool-196-thread-57&quot;  prio=5 tid=2261 in Object.wait()&#10;java.lang.Thread.State: WAITING (on object monitor)&#10;        at sun.misc.Unsafe.park(Native Method)&#10;        at java.util.concurrent.locks.LockSupport.park(LockSupport.java:175)&#10;        at java.util.concurrent.locks.AbstractQueuedSynchronizer$ConditionObject.await(AbstractQueuedSynchronizer.java:2039)&#10;        at java.util.concurrent.ArrayBlockingQueue.take(ArrayBlockingQueue.java:403)&#10;        at java.util.concurrent.ThreadPoolExecutor.getTask(ThreadPoolExecutor.java:1074)&#10;        at java.util.concurrent.ThreadPoolExecutor.runWorker(ThreadPoolExecutor.java:1134)&#10;        at java.util.concurrent.ThreadPoolExecutor$Worker.run(ThreadPoolExecutor.java:624)&#10;        at java.lang.Thread.run(Thread.java:748)&#10;&quot;IPC Server handler 15 on 43940&quot; daemon prio=5 tid=1897 timed_waiting&#10;java.lang.Thread.State: TIMED_WAITING&#10;        at sun.misc.Unsafe.park(Native Method)&#10;        at java.util.concurrent.locks.LockSupport.parkNanos(LockSupport.java:215)&#10;        at java.util.concurrent.locks.AbstractQueuedSynchronizer$ConditionObject.awaitNanos(AbstractQueuedSynchronizer.java:2078)&#10;        at java.util.concurrent.LinkedBlockingQueue.poll(LinkedBlockingQueue.java:467)&#10;        at org.apache.hadoop.ipc.CallQueueManager.take(CallQueueManager.java:288)&#10;        at org.apache.hadoop.ipc.Server$Handler.run(Server.java:2668)&#10;&quot;pool-187-thread-1&quot;  prio=5 tid=2291 in Object.wait()&#10;java.lang.Thread.State: WAITING (on object monitor)&#10;        at sun.misc.Unsafe.park(Native Method)&#10;        at java.util.concurrent.locks.LockSupport.park(LockSupport.java:175)&#10;        at java.util.concurrent.locks.AbstractQueuedSynchronizer$ConditionObject.await(AbstractQueuedSynchronizer.java:2039)&#10;        at java.util.concurrent.LinkedBlockingQueue.take(LinkedBlockingQueue.java:442)&#10;        at java.util.concurrent.ThreadPoolExecutor.getTask(ThreadPoolExecutor.java:1074)&#10;        at java.util.concurrent.ThreadPoolExecutor.runWorker(ThreadPoolExecutor.java:1134)&#10;        at java.util.concurrent.ThreadPoolExecutor$Worker.run(ThreadPoolExecutor.java:624)&#10;        at java.lang.Thread.run(Thread.java:748)&#10;&quot;pool-186-thread-34&quot;  prio=5 tid=2176 in Object.wait()&#10;java.lang.Thread.State: WAITING (on object monitor)&#10;        at sun.misc.Unsafe.park(Native Method)&#10;        at java.util.concurrent.locks.LockSupport.park(LockSupport.java:175)&#10;        at java.util.concurrent.locks.AbstractQueuedSynchronizer$ConditionObject.await(AbstractQueuedSynchronizer.java:2039)&#10;        at java.util.concurrent.ArrayBlockingQueue.take(ArrayBlockingQueue.java:403)&#10;        at java.util.concurrent.ThreadPoolExecutor.getTask(ThreadPoolExecutor.java:1074)&#10;        at java.util.concurrent.ThreadPoolExecutor.runWorker(ThreadPoolExecutor.java:1134)&#10;        at java.util.concurrent.ThreadPoolExecutor$Worker.run(ThreadPoolExecutor.java:624)&#10;        at java.lang.Thread.run(Thread.java:748)&#10;&quot;IPC Server handler 12 on 44019&quot; daemon prio=5 tid=1978 timed_waiting&#10;java.lang.Thread.State: TIMED_WAITING&#10;        at sun.misc.Unsafe.park(Native Method)&#10;        at java.util.concurrent.locks.LockSupport.parkNanos(LockSupport.java:215)&#10;        at java.util.concurrent.locks.AbstractQueuedSynchronizer$ConditionObject.awaitNanos(AbstractQueuedSynchronizer.java:2078)&#10;        at java.util.concurrent.LinkedBlockingQueue.poll(LinkedBlockingQueue.java:467)&#10;        at org.apache.hadoop.ipc.CallQueueManager.take(CallQueueManager.java:288)&#10;        at org.apache.hadoop.ipc.Server$Handler.run(Server.java:2668)&#10;&quot;IPC Server handler 17 on 37818&quot; daemon prio=5 tid=1919 timed_waiting&#10;java.lang.Thread.State: TIMED_WAITING&#10;        at sun.misc.Unsafe.park(Native Method)&#10;        at java.util.concurrent.locks.LockSupport.parkNanos(LockSupport.java:215)&#10;        at java.util.concurrent.locks.AbstractQueuedSynchronizer$ConditionObject.awaitNanos(AbstractQueuedSynchronizer.java:2078)&#10;        at java.util.concurrent.LinkedBlockingQueue.poll(LinkedBlockingQueue.java:467)&#10;        at org.apache.hadoop.ipc.CallQueueManager.take(CallQueueManager.java:288)&#10;        at org.apache.hadoop.ipc.Server$Handler.run(Server.java:2668)&#10;&quot;pool-180-thread-1&quot;  prio=5 tid=2005 timed_waiting&#10;java.lang.Thread.State: TIMED_WAITING&#10;        at sun.misc.Unsafe.park(Native Method)&#10;        at java.util.concurrent.locks.LockSupport.parkNanos(LockSupport.java:215)&#10;        at java.util.concurrent.locks.AbstractQueuedSynchronizer$ConditionObject.awaitNanos(AbstractQueuedSynchronizer.java:2078)&#10;        at java.util.concurrent.ScheduledThreadPoolExecutor$DelayedWorkQueue.take(ScheduledThreadPoolExecutor.java:1093)&#10;        at java.util.concurrent.ScheduledThreadPoolExecutor$DelayedWorkQueue.take(ScheduledThreadPoolExecutor.java:809)&#10;        at java.util.concurrent.ThreadPoolExecutor.getTask(ThreadPoolExecutor.java:1074)&#10;        at java.util.concurrent.ThreadPoolExecutor.runWorker(ThreadPoolExecutor.java:1134)&#10;        at java.util.concurrent.ThreadPoolExecutor$Worker.run(ThreadPoolExecutor.java:624)&#10;        at java.lang.Thread.run(Thread.java:748)&#10;&quot;KeyDeletingService#1&quot; daemon prio=5 tid=1968 in Object.wait()&#10;java.lang.Thread.State: WAITING (on object monitor)&#10;        at sun.misc.Unsafe.park(Native Method)&#10;        at java.util.concurrent.locks.LockSupport.park(LockSupport.java:175)&#10;        at java.util.concurrent.locks.AbstractQueuedSynchronizer$ConditionObject.await(AbstractQueuedSynchronizer.java:2039)&#10;        at java.util.concurrent.ScheduledThreadPoolExecutor$DelayedWorkQueue.take(ScheduledThreadPoolExecutor.java:1088)&#10;        at java.util.concurrent.ScheduledThreadPoolExecutor$DelayedWorkQueue.take(ScheduledThreadPoolExecutor.java:809)&#10;        at java.util.concurrent.ThreadPoolExecutor.getTask(ThreadPoolExecutor.java:1074)&#10;        at java.util.concurrent.ThreadPoolExecutor.runWorker(ThreadPoolExecutor.java:1134)&#10;        at java.util.concurrent.ThreadPoolExecutor$Worker.run(ThreadPoolExecutor.java:624)&#10;        at java.lang.Thread.run(Thread.java:748)&#10;&quot;Datanode ReportManager Thread - 2&quot; daemon prio=5 tid=2020 timed_waiting&#10;java.lang.Thread.State: TIMED_WAITING&#10;        at sun.misc.Unsafe.park(Native Method)&#10;        at java.util.concurrent.locks.LockSupport.parkNanos(LockSupport.java:215)&#10;        at java.util.concurrent.locks.AbstractQueuedSynchronizer$ConditionObject.awaitNanos(AbstractQueuedSynchronizer.java:2078)&#10;        at java.util.concurrent.ScheduledThreadPoolExecutor$DelayedWorkQueue.take(ScheduledThreadPoolExecutor.java:1093)&#10;        at java.util.concurrent.ScheduledThreadPoolExecutor$DelayedWorkQueue.take(ScheduledThreadPoolExecutor.java:809)&#10;        at java.util.concurrent.ThreadPoolExecutor.getTask(ThreadPoolExecutor.java:1074)&#10;        at java.util.concurrent.ThreadPoolExecutor.runWorker(ThreadPoolExecutor.java:1134)&#10;        at java.util.concurrent.ThreadPoolExecutor$Worker.run(ThreadPoolExecutor.java:624)&#10;        at java.lang.Thread.run(Thread.java:748)&#10;&quot;pool-196-thread-37&quot;  prio=5 tid=2241 in Object.wait()&#10;java.lang.Thread.State: WAITING (on object monitor)&#10;        at sun.misc.Unsafe.park(Native Method)&#10;        at java.util.concurrent.locks.LockSupport.park(LockSupport.java:175)&#10;        at java.util.concurrent.locks.AbstractQueuedSynchronizer$ConditionObject.await(AbstractQueuedSynchronizer.java:2039)&#10;        at java.util.concurrent.ArrayBlockingQueue.take(ArrayBlockingQueue.java:403)&#10;        at java.util.concurrent.ThreadPoolExecutor.getTask(ThreadPoolExecutor.java:1074)&#10;        at java.util.concurrent.ThreadPoolExecutor.runWorker(ThreadPoolExecutor.java:1134)&#10;        at java.util.concurrent.ThreadPoolExecutor$Worker.run(ThreadPoolExecutor.java:624)&#10;        at java.lang.Thread.run(Thread.java:748)&#10;&quot;pool-176-thread-55&quot;  prio=5 tid=2134 in Object.wait()&#10;java.lang.Thread.State: WAITING (on object monitor)&#10;        at sun.misc.Unsafe.park(Native Method)&#10;        at java.util.concurrent.locks.LockSupport.park(LockSupport.java:175)&#10;        at java.util.concurrent.locks.AbstractQueuedSynchronizer$ConditionObject.await(AbstractQueuedSynchronizer.java:2039)&#10;        at java.util.concurrent.ArrayBlockingQueue.take(ArrayBlockingQueue.java:403)&#10;        at java.util.concurrent.ThreadPoolExecutor.getTask(ThreadPoolExecutor.java:1074)&#10;        at java.util.concurrent.ThreadPoolExecutor.runWorker(ThreadPoolExecutor.java:1134)&#10;        at java.util.concurrent.ThreadPoolExecutor$Worker.run(ThreadPoolExecutor.java:624)&#10;        at java.lang.Thread.run(Thread.java:748)&#10;&quot;pool-176-thread-49&quot;  prio=5 tid=2128 in Object.wait()&#10;java.lang.Thread.State: WAITING (on object monitor)&#10;        at sun.misc.Unsafe.park(Native Method)&#10;        at java.util.concurrent.locks.LockSupport.park(LockSupport.java:175)&#10;        at java.util.concurrent.locks.AbstractQueuedSynchronizer$ConditionObject.await(AbstractQueuedSynchronizer.java:2039)&#10;        at java.util.concurrent.ArrayBlockingQueue.take(ArrayBlockingQueue.java:403)&#10;        at java.util.concurrent.ThreadPoolExecutor.getTask(ThreadPoolExecutor.java:1074)&#10;        at java.util.concurrent.ThreadPoolExecutor.runWorker(ThreadPoolExecutor.java:1134)&#10;        at java.util.concurrent.ThreadPoolExecutor$Worker.run(ThreadPoolExecutor.java:624)&#10;        at java.lang.Thread.run(Thread.java:748)&#10;&quot;metrics-hadoop-metrics2-reporter-20-thread-1&quot; daemon prio=5 tid=486 timed_waiting&#10;java.lang.Thread.State: TIMED_WAITING&#10;        at sun.misc.Unsafe.park(Native Method)&#10;        at java.util.concurrent.locks.LockSupport.parkNanos(LockSupport.java:215)&#10;        at java.util.concurrent.locks.AbstractQueuedSynchronizer$ConditionObject.awaitNanos(AbstractQueuedSynchronizer.java:2078)&#10;        at java.util.concurrent.ScheduledThreadPoolExecutor$DelayedWorkQueue.take(ScheduledThreadPoolExecutor.java:1093)&#10;        at java.util.concurrent.ScheduledThreadPoolExecutor$DelayedWorkQueue.take(ScheduledThreadPoolExecutor.java:809)&#10;        at java.util.concurrent.ThreadPoolExecutor.getTask(ThreadPoolExecutor.java:1074)&#10;        at java.util.concurrent.ThreadPoolExecutor.runWorker(ThreadPoolExecutor.java:1134)&#10;        at java.util.concurrent.ThreadPoolExecutor$Worker.run(ThreadPoolExecutor.java:624)&#10;        at java.lang.Thread.run(Thread.java:748)&#10;&quot;IPC Server listener on 37818&quot; daemon prio=5 tid=1871 runnable&#10;java.lang.Thread.State: RUNNABLE&#10;        at sun.nio.ch.EPollArrayWrapper.epollWait(Native Method)&#10;        at sun.nio.ch.EPollArrayWrapper.poll(EPollArrayWrapper.java:269)&#10;        at sun.nio.ch.EPollSelectorImpl.doSelect(EPollSelectorImpl.java:93)&#10;        at sun.nio.ch.SelectorImpl.lockAndDoSelect(SelectorImpl.java:86)&#10;        at sun.nio.ch.SelectorImpl.select(SelectorImpl.java:97)&#10;        at sun.nio.ch.SelectorImpl.select(SelectorImpl.java:101)&#10;        at org.apache.hadoop.ipc.Server$Listener.run(Server.java:1159)&#10;&quot;IPC Server handler 8 on 44019&quot; daemon prio=5 tid=1974 timed_waiting&#10;java.lang.Thread.State: TIMED_WAITING&#10;        at sun.misc.Unsafe.park(Native Method)&#10;        at java.util.concurrent.locks.LockSupport.parkNanos(LockSupport.java:215)&#10;        at java.util.concurrent.locks.AbstractQueuedSynchronizer$ConditionObject.awaitNanos(AbstractQueuedSynchronizer.java:2078)&#10;        at java.util.concurrent.LinkedBlockingQueue.poll(LinkedBlockingQueue.java:467)&#10;        at org.apache.hadoop.ipc.CallQueueManager.take(CallQueueManager.java:288)&#10;        at org.apache.hadoop.ipc.Server$Handler.run(Server.java:2668)&#10;&quot;IPC Server handler 0 on 44019&quot; daemon prio=5 tid=1965 timed_waiting&#10;java.lang.Thread.State: TIMED_WAITING&#10;        at sun.misc.Unsafe.park(Native Method)&#10;        at java.util.concurrent.locks.LockSupport.parkNanos(LockSupport.java:215)&#10;        at java.util.concurrent.locks.AbstractQueuedSynchronizer$ConditionObject.awaitNanos(AbstractQueuedSynchronizer.java:2078)&#10;        at java.util.concurrent.LinkedBlockingQueue.poll(LinkedBlockingQueue.java:467)&#10;        at org.apache.hadoop.ipc.CallQueueManager.take(CallQueueManager.java:288)&#10;        at org.apache.hadoop.ipc.Server$Handler.run(Server.java:2668)&#10;&quot;pool-176-thread-39&quot;  prio=5 tid=2118 in Object.wait()&#10;java.lang.Thread.State: WAITING (on object monitor)&#10;        at sun.misc.Unsafe.park(Native Method)&#10;        at java.util.concurrent.locks.LockSupport.park(LockSupport.java:175)&#10;        at java.util.concurrent.locks.AbstractQueuedSynchronizer$ConditionObject.await(AbstractQueuedSynchronizer.java:2039)&#10;        at java.util.concurrent.ArrayBlockingQueue.take(ArrayBlockingQueue.java:403)&#10;        at java.util.concurrent.ThreadPoolExecutor.getTask(ThreadPoolExecutor.java:1074)&#10;        at java.util.concurrent.ThreadPoolExecutor.runWorker(ThreadPoolExecutor.java:1134)&#10;        at java.util.concurrent.ThreadPoolExecutor$Worker.run(ThreadPoolExecutor.java:624)&#10;        at java.lang.Thread.run(Thread.java:748)&#10;&quot;pool-196-thread-19&quot;  prio=5 tid=2223 in Object.wait()&#10;java.lang.Thread.State: WAITING (on object monitor)&#10;        at sun.misc.Unsafe.park(Native Method)&#10;        at java.util.concurrent.locks.LockSupport.park(LockSupport.java:175)&#10;        at java.util.concurrent.locks.AbstractQueuedSynchronizer$ConditionObject.await(AbstractQueuedSynchronizer.java:2039)&#10;        at java.util.concurrent.ArrayBlockingQueue.take(ArrayBlockingQueue.java:403)&#10;        at java.util.concurrent.ThreadPoolExecutor.getTask(ThreadPoolExecutor.java:1074)&#10;        at java.util.concurrent.ThreadPoolExecutor.runWorker(ThreadPoolExecutor.java:1134)&#10;        at java.util.concurrent.ThreadPoolExecutor$Worker.run(ThreadPoolExecutor.java:624)&#10;        at java.lang.Thread.run(Thread.java:748)&#10;&quot;Periodic HDDS volume checker&quot;  prio=5 tid=2026 timed_waiting&#10;java.lang.Thread.State: TIMED_WAITING&#10;        at sun.misc.Unsafe.park(Native Method)&#10;        at java.util.concurrent.locks.LockSupport.parkNanos(LockSupport.java:215)&#10;        at java.util.concurrent.locks.AbstractQueuedSynchronizer$ConditionObject.awaitNanos(AbstractQueuedSynchronizer.java:2078)&#10;        at java.util.concurrent.ScheduledThreadPoolExecutor$DelayedWorkQueue.take(ScheduledThreadPoolExecutor.java:1093)&#10;        at java.util.concurrent.ScheduledThreadPoolExecutor$DelayedWorkQueue.take(ScheduledThreadPoolExecutor.java:809)&#10;        at java.util.concurrent.ThreadPoolExecutor.getTask(ThreadPoolExecutor.java:1074)&#10;        at java.util.concurrent.ThreadPoolExecutor.runWorker(ThreadPoolExecutor.java:1134)&#10;        at java.util.concurrent.ThreadPoolExecutor$Worker.run(ThreadPoolExecutor.java:624)&#10;        at java.lang.Thread.run(Thread.java:748)&#10;&quot;metrics-hadoop-metrics2-reporter-25-thread-1&quot; daemon prio=5 tid=514 timed_waiting&#10;java.lang.Thread.State: TIMED_WAITING&#10;        at sun.misc.Unsafe.park(Native Method)&#10;        at java.util.concurrent.locks.LockSupport.parkNanos(LockSupport.java:215)&#10;        at java.util.concurrent.locks.AbstractQueuedSynchronizer$ConditionObject.awaitNanos(AbstractQueuedSynchronizer.java:2078)&#10;        at java.util.concurrent.ScheduledThreadPoolExecutor$DelayedWorkQueue.take(ScheduledThreadPoolExecutor.java:1093)&#10;        at java.util.concurrent.ScheduledThreadPoolExecutor$DelayedWorkQueue.take(ScheduledThreadPoolExecutor.java:809)&#10;        at java.util.concurrent.ThreadPoolExecutor.getTask(ThreadPoolExecutor.java:1074)&#10;        at java.util.concurrent.ThreadPoolExecutor.runWorker(ThreadPoolExecutor.java:1134)&#10;        at java.util.concurrent.ThreadPoolExecutor$Worker.run(ThreadPoolExecutor.java:624)&#10;        at java.lang.Thread.run(Thread.java:748)&#10;&quot;Thread-3788&quot; daemon prio=5 tid=4992 timed_waiting&#10;java.lang.Thread.State: TIMED_WAITING&#10;        at java.lang.Thread.sleep(Native Method)&#10;        at org.apache.ratis.util.JavaUtils.sleep(JavaUtils.java:247)&#10;        at org.apache.ratis.server.impl.FollowerState.run(FollowerState.java:97)&#10;&quot;IPC Server handler 18 on 35803&quot; daemon prio=5 tid=1940 timed_waiting&#10;java.lang.Thread.State: TIMED_WAITING&#10;        at sun.misc.Unsafe.park(Native Method)&#10;        at java.util.concurrent.locks.LockSupport.parkNanos(LockSupport.java:215)&#10;        at java.util.concurrent.locks.AbstractQueuedSynchronizer$ConditionObject.awaitNanos(AbstractQueuedSynchronizer.java:2078)&#10;        at java.util.concurrent.LinkedBlockingQueue.poll(LinkedBlockingQueue.java:467)&#10;        at org.apache.hadoop.ipc.CallQueueManager.take(CallQueueManager.java:288)&#10;        at org.apache.hadoop.ipc.Server$Handler.run(Server.java:2668)&#10;&quot;IPC Server handler 10 on 43940&quot; daemon prio=5 tid=1892 timed_waiting&#10;java.lang.Thread.State: TIMED_WAITING&#10;        at sun.misc.Unsafe.park(Native Method)&#10;        at java.util.concurrent.locks.LockSupport.parkNanos(LockSupport.java:215)&#10;        at java.util.concurrent.locks.AbstractQueuedSynchronizer$ConditionObject.awaitNanos(AbstractQueuedSynchronizer.java:2078)&#10;        at java.util.concurrent.LinkedBlockingQueue.poll(LinkedBlockingQueue.java:467)&#10;        at org.apache.hadoop.ipc.CallQueueManager.take(CallQueueManager.java:288)&#10;        at org.apache.hadoop.ipc.Server$Handler.run(Server.java:2668)&#10;&quot;metrics-hadoop-metrics2-reporter-74-thread-1&quot; daemon prio=5 tid=1623 timed_waiting&#10;java.lang.Thread.State: TIMED_WAITING&#10;        at sun.misc.Unsafe.park(Native Method)&#10;        at java.util.concurrent.locks.LockSupport.parkNanos(LockSupport.java:215)&#10;        at java.util.concurrent.locks.AbstractQueuedSynchronizer$ConditionObject.awaitNanos(AbstractQueuedSynchronizer.java:2078)&#10;        at java.util.concurrent.ScheduledThreadPoolExecutor$DelayedWorkQueue.take(ScheduledThreadPoolExecutor.java:1093)&#10;        at java.util.concurrent.ScheduledThreadPoolExecutor$DelayedWorkQueue.take(ScheduledThreadPoolExecutor.java:809)&#10;        at java.util.concurrent.ThreadPoolExecutor.getTask(ThreadPoolExecutor.java:1074)&#10;        at java.util.concurrent.ThreadPoolExecutor.runWorker(ThreadPoolExecutor.java:1134)&#10;        at java.util.concurrent.ThreadPoolExecutor$Worker.run(ThreadPoolExecutor.java:624)&#10;        at java.lang.Thread.run(Thread.java:748)&#10;&quot;IPC Parameter Sending Thread #0&quot; daemon prio=5 tid=105 timed_waiting&#10;java.lang.Thread.State: TIMED_WAITING&#10;        at sun.misc.Unsafe.park(Native Method)&#10;        at java.util.concurrent.locks.LockSupport.parkNanos(LockSupport.java:215)&#10;        at java.util.concurrent.SynchronousQueue$TransferStack.awaitFulfill(SynchronousQueue.java:460)&#10;        at java.util.concurrent.SynchronousQueue$TransferStack.transfer(SynchronousQueue.java:362)&#10;        at java.util.concurrent.SynchronousQueue.poll(SynchronousQueue.java:941)&#10;        at java.util.concurrent.ThreadPoolExecutor.getTask(ThreadPoolExecutor.java:1073)&#10;        at java.util.concurrent.ThreadPoolExecutor.runWorker(ThreadPoolExecutor.java:1134)&#10;        at java.util.concurrent.ThreadPoolExecutor$Worker.run(ThreadPoolExecutor.java:624)&#10;        at java.lang.Thread.run(Thread.java:748)&#10;&quot;Datanode State Machine Thread - 0&quot; daemon prio=5 tid=2071 timed_waiting&#10;java.lang.Thread.State: TIMED_WAITING&#10;        at java.lang.Thread.sleep(Native Method)&#10;        at org.apache.hadoop.ozone.container.common.statemachine.DatanodeStateMachine.start(DatanodeStateMachine.java:191)&#10;        at org.apache.hadoop.ozone.container.common.statemachine.DatanodeStateMachine.lambda$startDaemon$0(DatanodeStateMachine.java:349)&#10;        at org.apache.hadoop.ozone.container.common.statemachine.DatanodeStateMachine$$Lambda$140/1867108691.run(Unknown Source)&#10;        at java.lang.Thread.run(Thread.java:748)&#10;&quot;BlockDeletingService#1&quot; daemon prio=5 tid=2204 in Object.wait()&#10;java.lang.Thread.State: WAITING (on object monitor)&#10;        at sun.misc.Unsafe.park(Native Method)&#10;        at java.util.concurrent.locks.LockSupport.park(LockSupport.java:175)&#10;        at java.util.concurrent.locks.AbstractQueuedSynchronizer$ConditionObject.await(AbstractQueuedSynchronizer.java:2039)&#10;        at java.util.concurrent.ScheduledThreadPoolExecutor$DelayedWorkQueue.take(ScheduledThreadPoolExecutor.java:1088)&#10;        at java.util.concurrent.ScheduledThreadPoolExecutor$DelayedWorkQueue.take(ScheduledThreadPoolExecutor.java:809)&#10;        at java.util.concurrent.ThreadPoolExecutor.getTask(ThreadPoolExecutor.java:1074)&#10;        at java.util.concurrent.ThreadPoolExecutor.runWorker(ThreadPoolExecutor.java:1134)&#10;        at java.util.concurrent.ThreadPoolExecutor$Worker.run(ThreadPoolExecutor.java:624)&#10;        at java.lang.Thread.run(Thread.java:748)&#10;&quot;IPC Server handler 8 on 35803&quot; daemon prio=5 tid=1930 timed_waiting&#10;java.lang.Thread.State: TIMED_WAITING&#10;        at sun.misc.Unsafe.park(Native Method)&#10;        at java.util.concurrent.locks.LockSupport.parkNanos(LockSupport.java:215)&#10;        at java.util.concurrent.locks.AbstractQueuedSynchronizer$ConditionObject.awaitNanos(AbstractQueuedSynchronizer.java:2078)&#10;        at java.util.concurrent.LinkedBlockingQueue.poll(LinkedBlockingQueue.java:467)&#10;        at org.apache.hadoop.ipc.CallQueueManager.take(CallQueueManager.java:288)&#10;        at org.apache.hadoop.ipc.Server$Handler.run(Server.java:2668)&#10;&quot;metrics-hadoop-metrics2-reporter-12-thread-1&quot; daemon prio=5 tid=462 timed_waiting&#10;java.lang.Thread.State: TIMED_WAITING&#10;        at sun.misc.Unsafe.park(Native Method)&#10;        at java.util.concurrent.locks.LockSupport.parkNanos(LockSupport.java:215)&#10;        at java.util.concurrent.locks.AbstractQueuedSynchronizer$ConditionObject.awaitNanos(AbstractQueuedSynchronizer.java:2078)&#10;        at java.util.concurrent.ScheduledThreadPoolExecutor$DelayedWorkQueue.take(ScheduledThreadPoolExecutor.java:1093)&#10;        at java.util.concurrent.ScheduledThreadPoolExecutor$DelayedWorkQueue.take(ScheduledThreadPoolExecutor.java:809)&#10;        at java.util.concurrent.ThreadPoolExecutor.getTask(ThreadPoolExecutor.java:1074)&#10;        at java.util.concurrent.ThreadPoolExecutor.runWorker(ThreadPoolExecutor.java:1134)&#10;        at java.util.concurrent.ThreadPoolExecutor$Worker.run(ThreadPoolExecutor.java:624)&#10;        at java.lang.Thread.run(Thread.java:748)&#10;&quot;metrics-hadoop-metrics2-reporter-134-thread-1&quot; daemon prio=5 tid=2548 timed_waiting&#10;java.lang.Thread.State: TIMED_WAITING&#10;        at sun.misc.Unsafe.park(Native Method)&#10;        at java.util.concurrent.locks.LockSupport.parkNanos(LockSupport.java:215)&#10;        at java.util.concurrent.locks.AbstractQueuedSynchronizer$ConditionObject.awaitNanos(AbstractQueuedSynchronizer.java:2078)&#10;        at java.util.concurrent.ScheduledThreadPoolExecutor$DelayedWorkQueue.take(ScheduledThreadPoolExecutor.java:1093)&#10;        at java.util.concurrent.ScheduledThreadPoolExecutor$DelayedWorkQueue.take(ScheduledThreadPoolExecutor.java:809)&#10;        at java.util.concurrent.ThreadPoolExecutor.getTask(ThreadPoolExecutor.java:1074)&#10;        at java.util.concurrent.ThreadPoolExecutor.runWorker(ThreadPoolExecutor.java:1134)&#10;        at java.util.concurrent.ThreadPoolExecutor$Worker.run(ThreadPoolExecutor.java:624)&#10;        at java.lang.Thread.run(Thread.java:748)&#10;&quot;IPC Server handler 11 on 43940&quot; daemon prio=5 tid=1893 timed_waiting&#10;java.lang.Thread.State: TIMED_WAITING&#10;        at sun.misc.Unsafe.park(Native Method)&#10;        at java.util.concurrent.locks.LockSupport.parkNanos(LockSupport.java:215)&#10;        at java.util.concurrent.locks.AbstractQueuedSynchronizer$ConditionObject.awaitNanos(AbstractQueuedSynchronizer.java:2078)&#10;        at java.util.concurrent.LinkedBlockingQueue.poll(LinkedBlockingQueue.java:467)&#10;        at org.apache.hadoop.ipc.CallQueueManager.take(CallQueueManager.java:288)&#10;        at org.apache.hadoop.ipc.Server$Handler.run(Server.java:2668)&#10;&quot;pool-196-thread-44&quot;  prio=5 tid=2248 in Object.wait()&#10;java.lang.Thread.State: WAITING (on object monitor)&#10;        at sun.misc.Unsafe.park(Native Method)&#10;        at java.util.concurrent.locks.LockSupport.park(LockSupport.java:175)&#10;        at java.util.concurrent.locks.AbstractQueuedSynchronizer$ConditionObject.await(AbstractQueuedSynchronizer.java:2039)&#10;        at java.util.concurrent.ArrayBlockingQueue.take(ArrayBlockingQueue.java:403)&#10;        at java.util.concurrent.ThreadPoolExecutor.getTask(ThreadPoolExecutor.java:1074)&#10;        at java.util.concurrent.ThreadPoolExecutor.runWorker(ThreadPoolExecutor.java:1134)&#10;        at java.util.concurrent.ThreadPoolExecutor$Worker.run(ThreadPoolExecutor.java:624)&#10;        at java.lang.Thread.run(Thread.java:748)&#10;&quot;java.util.concurrent.ThreadPoolExecutor$Worker@35211ebc[State = -1, empty queue]&quot; daemon prio=5 tid=2356 timed_waiting&#10;java.lang.Thread.State: TIMED_WAITING&#10;        at sun.misc.Unsafe.park(Native Method)&#10;        at java.util.concurrent.locks.LockSupport.parkNanos(LockSupport.java:215)&#10;        at java.util.concurrent.locks.AbstractQueuedSynchronizer$ConditionObject.awaitNanos(AbstractQueuedSynchronizer.java:2078)&#10;        at java.util.concurrent.ScheduledThreadPoolExecutor$DelayedWorkQueue.take(ScheduledThreadPoolExecutor.java:1093)&#10;        at java.util.concurrent.ScheduledThreadPoolExecutor$DelayedWorkQueue.take(ScheduledThreadPoolExecutor.java:809)&#10;        at java.util.concurrent.ThreadPoolExecutor.getTask(ThreadPoolExecutor.java:1074)&#10;        at java.util.concurrent.ThreadPoolExecutor.runWorker(ThreadPoolExecutor.java:1134)&#10;        at java.util.concurrent.ThreadPoolExecutor$Worker.run(ThreadPoolExecutor.java:624)&#10;        at java.lang.Thread.run(Thread.java:748)&#10;&quot;pool-196-thread-25&quot;  prio=5 tid=2229 in Object.wait()&#10;java.lang.Thread.State: WAITING (on object monitor)&#10;        at sun.misc.Unsafe.park(Native Method)&#10;        at java.util.concurrent.locks.LockSupport.park(LockSupport.java:175)&#10;        at java.util.concurrent.locks.AbstractQueuedSynchronizer$ConditionObject.await(AbstractQueuedSynchronizer.java:2039)&#10;        at java.util.concurrent.ArrayBlockingQueue.take(ArrayBlockingQueue.java:403)&#10;        at java.util.concurrent.ThreadPoolExecutor.getTask(ThreadPoolExecutor.java:1074)&#10;        at java.util.concurrent.ThreadPoolExecutor.runWorker(ThreadPoolExecutor.java:1134)&#10;        at java.util.concurrent.ThreadPoolExecutor$Worker.run(ThreadPoolExecutor.java:624)&#10;        at java.lang.Thread.run(Thread.java:748)&#10;&quot;SCMBlockDeletingService#1&quot; daemon prio=5 tid=1955 in Object.wait()&#10;java.lang.Thread.State: WAITING (on object monitor)&#10;        at sun.misc.Unsafe.park(Native Method)&#10;        at java.util.concurrent.locks.LockSupport.park(LockSupport.java:175)&#10;        at java.util.concurrent.locks.AbstractQueuedSynchronizer$ConditionObject.await(AbstractQueuedSynchronizer.java:2039)&#10;        at java.util.concurrent.ScheduledThreadPoolExecutor$DelayedWorkQueue.take(ScheduledThreadPoolExecutor.java:1088)&#10;        at java.util.concurrent.ScheduledThreadPoolExecutor$DelayedWorkQueue.take(ScheduledThreadPoolExecutor.java:809)&#10;        at java.util.concurrent.ThreadPoolExecutor.getTask(ThreadPoolExecutor.java:1074)&#10;        at java.util.concurrent.ThreadPoolExecutor.runWorker(ThreadPoolExecutor.java:1134)&#10;        at java.util.concurrent.ThreadPoolExecutor$Worker.run(ThreadPoolExecutor.java:624)&#10;        at java.lang.Thread.run(Thread.java:748)&#10;&quot;Datanode ReportManager Thread - 2&quot; daemon prio=5 tid=1399 timed_waiting&#10;java.lang.Thread.State: TIMED_WAITING&#10;        at sun.misc.Unsafe.park(Native Method)&#10;        at java.util.concurrent.locks.LockSupport.parkNanos(LockSupport.java:215)&#10;        at java.util.concurrent.locks.AbstractQueuedSynchronizer$ConditionObject.awaitNanos(AbstractQueuedSynchronizer.java:2078)&#10;        at java.util.concurrent.ScheduledThreadPoolExecutor$DelayedWorkQueue.take(ScheduledThreadPoolExecutor.java:1093)&#10;        at java.util.concurrent.ScheduledThreadPoolExecutor$DelayedWorkQueue.take(ScheduledThreadPoolExecutor.java:809)&#10;        at java.util.concurrent.ThreadPoolExecutor.getTask(ThreadPoolExecutor.java:1074)&#10;        at java.util.concurrent.ThreadPoolExecutor.runWorker(ThreadPoolExecutor.java:1134)&#10;        at java.util.concurrent.ThreadPoolExecutor$Worker.run(ThreadPoolExecutor.java:624)&#10;        at java.lang.Thread.run(Thread.java:748)&#10;&quot;67f35358-9777-4ff9-96f4-8a61bc3a94fe@group-21BA9BD4283D-SegmentedRaftLogWorker&quot;  prio=5 tid=2480 timed_waiting&#10;java.lang.Thread.State: TIMED_WAITING&#10;        at sun.misc.Unsafe.park(Native Method)&#10;        at java.util.concurrent.locks.LockSupport.parkNanos(LockSupport.java:215)&#10;        at java.util.concurrent.locks.AbstractQueuedSynchronizer$ConditionObject.awaitNanos(AbstractQueuedSynchronizer.java:2078)&#10;        at org.apache.ratis.util.DataBlockingQueue.poll(DataBlockingQueue.java:137)&#10;        at org.apache.ratis.server.raftlog.segmented.SegmentedRaftLogWorker.run(SegmentedRaftLogWorker.java:282)&#10;        at java.lang.Thread.run(Thread.java:748)&#10;&quot;metrics-hadoop-metrics2-reporter-67-thread-1&quot; daemon prio=5 tid=1607 timed_waiting&#10;java.lang.Thread.State: TIMED_WAITING&#10;        at sun.misc.Unsafe.park(Native Method)&#10;        at java.util.concurrent.locks.LockSupport.parkNanos(LockSupport.java:215)&#10;        at java.util.concurrent.locks.AbstractQueuedSynchronizer$ConditionObject.awaitNanos(AbstractQueuedSynchronizer.java:2078)&#10;        at java.util.concurrent.ScheduledThreadPoolExecutor$DelayedWorkQueue.take(ScheduledThreadPoolExecutor.java:1093)&#10;        at java.util.concurrent.ScheduledThreadPoolExecutor$DelayedWorkQueue.take(ScheduledThreadPoolExecutor.java:809)&#10;        at java.util.concurrent.ThreadPoolExecutor.getTask(ThreadPoolExecutor.java:1074)&#10;        at java.util.concurrent.ThreadPoolExecutor.runWorker(ThreadPoolExecutor.java:1134)&#10;        at java.util.concurrent.ThreadPoolExecutor$Worker.run(ThreadPoolExecutor.java:624)&#10;        at java.lang.Thread.run(Thread.java:748)&#10;&quot;metrics-hadoop-metrics2-reporter-102-thread-1&quot; daemon prio=5 tid=2286 timed_waiting&#10;java.lang.Thread.State: TIMED_WAITING&#10;        at sun.misc.Unsafe.park(Native Method)&#10;        at java.util.concurrent.locks.LockSupport.parkNanos(LockSupport.java:215)&#10;        at java.util.concurrent.locks.AbstractQueuedSynchronizer$ConditionObject.awaitNanos(AbstractQueuedSynchronizer.java:2078)&#10;        at java.util.concurrent.ScheduledThreadPoolExecutor$DelayedWorkQueue.take(ScheduledThreadPoolExecutor.java:1093)&#10;        at java.util.concurrent.ScheduledThreadPoolExecutor$DelayedWorkQueue.take(ScheduledThreadPoolExecutor.java:809)&#10;        at java.util.concurrent.ThreadPoolExecutor.getTask(ThreadPoolExecutor.java:1074)&#10;        at java.util.concurrent.ThreadPoolExecutor.runWorker(ThreadPoolExecutor.java:1134)&#10;        at java.util.concurrent.ThreadPoolExecutor$Worker.run(ThreadPoolExecutor.java:624)&#10;        at java.lang.Thread.run(Thread.java:748)&#10;&quot;pool-176-thread-10&quot;  prio=5 tid=2089 in Object.wait()&#10;java.lang.Thread.State: WAITING (on object monitor)&#10;        at sun.misc.Unsafe.park(Native Method)&#10;        at java.util.concurrent.locks.LockSupport.park(LockSupport.java:175)&#10;        at java.util.concurrent.locks.AbstractQueuedSynchronizer$ConditionObject.await(AbstractQueuedSynchronizer.java:2039)&#10;        at java.util.concurrent.ArrayBlockingQueue.take(ArrayBlockingQueue.java:403)&#10;        at java.util.concurrent.ThreadPoolExecutor.getTask(ThreadPoolExecutor.java:1074)&#10;        at java.util.concurrent.ThreadPoolExecutor.runWorker(ThreadPoolExecutor.java:1134)&#10;        at java.util.concurrent.ThreadPoolExecutor$Worker.run(ThreadPoolExecutor.java:624)&#10;        at java.lang.Thread.run(Thread.java:748)&#10;&quot;Socket Reader #1 for port 37818&quot;  prio=5 tid=1872 runnable&#10;java.lang.Thread.State: RUNNABLE&#10;        at sun.nio.ch.EPollArrayWrapper.epollWait(Native Method)&#10;        at sun.nio.ch.EPollArrayWrapper.poll(EPollArrayWrapper.java:269)&#10;        at sun.nio.ch.EPollSelectorImpl.doSelect(EPollSelectorImpl.java:93)&#10;        at sun.nio.ch.SelectorImpl.lockAndDoSelect(SelectorImpl.java:86)&#10;        at sun.nio.ch.SelectorImpl.select(SelectorImpl.java:97)&#10;        at sun.nio.ch.SelectorImpl.select(SelectorImpl.java:101)&#10;        at org.apache.hadoop.ipc.Server$Listener$Reader.doRunLoop(Server.java:1097)&#10;        at org.apache.hadoop.ipc.Server$Listener$Reader.run(Server.java:1076)&#10;&quot;pool-176-thread-54&quot;  prio=5 tid=2133 in Object.wait()&#10;java.lang.Thread.State: WAITING (on object monitor)&#10;        at sun.misc.Unsafe.park(Native Method)&#10;        at java.util.concurrent.locks.LockSupport.park(LockSupport.java:175)&#10;        at java.util.concurrent.locks.AbstractQueuedSynchronizer$ConditionObject.await(AbstractQueuedSynchronizer.java:2039)&#10;        at java.util.concurrent.ArrayBlockingQueue.take(ArrayBlockingQueue.java:403)&#10;        at java.util.concurrent.ThreadPoolExecutor.getTask(ThreadPoolExecutor.java:1074)&#10;        at java.util.concurrent.ThreadPoolExecutor.runWorker(ThreadPoolExecutor.java:1134)&#10;        at java.util.concurrent.ThreadPoolExecutor$Worker.run(ThreadPoolExecutor.java:624)&#10;        at java.lang.Thread.run(Thread.java:748)&#10;&quot;pool-186-thread-49&quot;  prio=5 tid=2191 in Object.wait()&#10;java.lang.Thread.State: WAITING (on object monitor)&#10;        at sun.misc.Unsafe.park(Native Method)&#10;        at java.util.concurrent.locks.LockSupport.park(LockSupport.java:175)&#10;        at java.util.concurrent.locks.AbstractQueuedSynchronizer$ConditionObject.await(AbstractQueuedSynchronizer.java:2039)&#10;        at java.util.concurrent.ArrayBlockingQueue.take(ArrayBlockingQueue.java:403)&#10;        at java.util.concurrent.ThreadPoolExecutor.getTask(ThreadPoolExecutor.java:1074)&#10;        at java.util.concurrent.ThreadPoolExecutor.runWorker(ThreadPoolExecutor.java:1134)&#10;        at java.util.concurrent.ThreadPoolExecutor$Worker.run(ThreadPoolExecutor.java:624)&#10;        at java.lang.Thread.run(Thread.java:748)&#10;&quot;org.eclipse.jetty.server.session.HashSessionManager@7a3b7122Timer&quot; daemon prio=5 tid=2042 timed_waiting&#10;java.lang.Thread.State: TIMED_WAITING&#10;        at sun.misc.Unsafe.park(Native Method)&#10;        at java.util.concurrent.locks.LockSupport.parkNanos(LockSupport.java:215)&#10;        at java.util.concurrent.locks.AbstractQueuedSynchronizer$ConditionObject.awaitNanos(AbstractQueuedSynchronizer.java:2078)&#10;        at java.util.concurrent.ScheduledThreadPoolExecutor$DelayedWorkQueue.take(ScheduledThreadPoolExecutor.java:1093)&#10;        at java.util.concurrent.ScheduledThreadPoolExecutor$DelayedWorkQueue.take(ScheduledThreadPoolExecutor.java:809)&#10;        at java.util.concurrent.ThreadPoolExecutor.getTask(ThreadPoolExecutor.java:1074)&#10;        at java.util.concurrent.ThreadPoolExecutor.runWorker(ThreadPoolExecutor.java:1134)&#10;        at java.util.concurrent.ThreadPoolExecutor$Worker.run(ThreadPoolExecutor.java:624)&#10;        at java.lang.Thread.run(Thread.java:748)&#10;&quot;pool-196-thread-30&quot;  prio=5 tid=2234 in Object.wait()&#10;java.lang.Thread.State: WAITING (on object monitor)&#10;        at sun.misc.Unsafe.park(Native Method)&#10;        at java.util.concurrent.locks.LockSupport.park(LockSupport.java:175)&#10;        at java.util.concurrent.locks.AbstractQueuedSynchronizer$ConditionObject.await(AbstractQueuedSynchronizer.java:2039)&#10;        at java.util.concurrent.ArrayBlockingQueue.take(ArrayBlockingQueue.java:403)&#10;        at java.util.concurrent.ThreadPoolExecutor.getTask(ThreadPoolExecutor.java:1074)&#10;        at java.util.concurrent.ThreadPoolExecutor.runWorker(ThreadPoolExecutor.java:1134)&#10;        at java.util.concurrent.ThreadPoolExecutor$Worker.run(ThreadPoolExecutor.java:624)&#10;        at java.lang.Thread.run(Thread.java:748)&#10;&quot;metrics-hadoop-metrics2-reporter-32-thread-1&quot; daemon prio=5 tid=961 timed_waiting&#10;java.lang.Thread.State: TIMED_WAITING&#10;        at sun.misc.Unsafe.park(Native Method)&#10;        at java.util.concurrent.locks.LockSupport.parkNanos(LockSupport.java:215)&#10;        at java.util.concurrent.locks.AbstractQueuedSynchronizer$ConditionObject.awaitNanos(AbstractQueuedSynchronizer.java:2078)&#10;        at java.util.concurrent.ScheduledThreadPoolExecutor$DelayedWorkQueue.take(ScheduledThreadPoolExecutor.java:1093)&#10;        at java.util.concurrent.ScheduledThreadPoolExecutor$DelayedWorkQueue.take(ScheduledThreadPoolExecutor.java:809)&#10;        at java.util.concurrent.ThreadPoolExecutor.getTask(ThreadPoolExecutor.java:1074)&#10;        at java.util.concurrent.ThreadPoolExecutor.runWorker(ThreadPoolExecutor.java:1134)&#10;        at java.util.concurrent.ThreadPoolExecutor$Worker.run(ThreadPoolExecutor.java:624)&#10;        at java.lang.Thread.run(Thread.java:748)&#10;&quot;pool-186-thread-1&quot;  prio=5 tid=2143 in Object.wait()&#10;java.lang.Thread.State: WAITING (on object monitor)&#10;        at sun.misc.Unsafe.park(Native Method)&#10;        at java.util.concurrent.locks.LockSupport.park(LockSupport.java:175)&#10;        at java.util.concurrent.locks.AbstractQueuedSynchronizer$ConditionObject.await(AbstractQueuedSynchronizer.java:2039)&#10;        at java.util.concurrent.ArrayBlockingQueue.take(ArrayBlockingQueue.java:403)&#10;        at java.util.concurrent.ThreadPoolExecutor.getTask(ThreadPoolExecutor.java:1074)&#10;        at java.util.concurrent.ThreadPoolExecutor.runWorker(ThreadPoolExecutor.java:1134)&#10;        at java.util.concurrent.ThreadPoolExecutor$Worker.run(ThreadPoolExecutor.java:624)&#10;        at java.lang.Thread.run(Thread.java:748)&#10;&quot;pool-196-thread-39&quot;  prio=5 tid=2243 in Object.wait()&#10;java.lang.Thread.State: WAITING (on object monitor)&#10;        at sun.misc.Unsafe.park(Native Method)&#10;        at java.util.concurrent.locks.LockSupport.park(LockSupport.java:175)&#10;        at java.util.concurrent.locks.AbstractQueuedSynchronizer$ConditionObject.await(AbstractQueuedSynchronizer.java:2039)&#10;        at java.util.concurrent.ArrayBlockingQueue.take(ArrayBlockingQueue.java:403)&#10;        at java.util.concurrent.ThreadPoolExecutor.getTask(ThreadPoolExecutor.java:1074)&#10;        at java.util.concurrent.ThreadPoolExecutor.runWorker(ThreadPoolExecutor.java:1134)&#10;        at java.util.concurrent.ThreadPoolExecutor$Worker.run(ThreadPoolExecutor.java:624)&#10;        at java.lang.Thread.run(Thread.java:748)&#10;&quot;metrics-hadoop-metrics2-reporter-61-thread-1&quot; daemon prio=5 tid=1149 timed_waiting&#10;java.lang.Thread.State: TIMED_WAITING&#10;        at sun.misc.Unsafe.park(Native Method)&#10;        at java.util.concurrent.locks.LockSupport.parkNanos(LockSupport.java:215)&#10;        at java.util.concurrent.locks.AbstractQueuedSynchronizer$ConditionObject.awaitNanos(AbstractQueuedSynchronizer.java:2078)&#10;        at java.util.concurrent.ScheduledThreadPoolExecutor$DelayedWorkQueue.take(ScheduledThreadPoolExecutor.java:1093)&#10;        at java.util.concurrent.ScheduledThreadPoolExecutor$DelayedWorkQueue.take(ScheduledThreadPoolExecutor.java:809)&#10;        at java.util.concurrent.ThreadPoolExecutor.getTask(ThreadPoolExecutor.java:1074)&#10;        at java.util.concurrent.ThreadPoolExecutor.runWorker(ThreadPoolExecutor.java:1134)&#10;        at java.util.concurrent.ThreadPoolExecutor$Worker.run(ThreadPoolExecutor.java:624)&#10;        at java.lang.Thread.run(Thread.java:748)&#10;&quot;RatisPipelineUtilsThread&quot;  prio=5 tid=2268 timed_waiting&#10;java.lang.Thread.State: TIMED_WAITING&#10;        at sun.misc.Unsafe.park(Native Method)&#10;        at java.util.concurrent.locks.LockSupport.parkNanos(LockSupport.java:215)&#10;        at java.util.concurrent.locks.AbstractQueuedSynchronizer$ConditionObject.awaitNanos(AbstractQueuedSynchronizer.java:2078)&#10;        at java.util.concurrent.ScheduledThreadPoolExecutor$DelayedWorkQueue.take(ScheduledThreadPoolExecutor.java:1093)&#10;        at java.util.concurrent.ScheduledThreadPoolExecutor$DelayedWorkQueue.take(ScheduledThreadPoolExecutor.java:809)&#10;        at java.util.concurrent.ThreadPoolExecutor.getTask(ThreadPoolExecutor.java:1074)&#10;        at java.util.concurrent.ThreadPoolExecutor.runWorker(ThreadPoolExecutor.java:1134)&#10;        at java.util.concurrent.ThreadPoolExecutor$Worker.run(ThreadPoolExecutor.java:624)&#10;        at java.lang.Thread.run(Thread.java:748)&#10;&quot;org.apache.hadoop.util.JvmPauseMonitor$Monitor@3eb3232b&quot; daemon prio=5 tid=1954 timed_waiting&#10;java.lang.Thread.State: TIMED_WAITING&#10;        at java.lang.Thread.sleep(Native Method)&#10;        at org.apache.hadoop.util.JvmPauseMonitor$Monitor.run(JvmPauseMonitor.java:192)&#10;        at java.lang.Thread.run(Thread.java:748)&#10;&quot;IPC Server handler 3 on 35803&quot; daemon prio=5 tid=1925 timed_waiting&#10;java.lang.Thread.State: TIMED_WAITING&#10;        at sun.misc.Unsafe.park(Native Method)&#10;        at java.util.concurrent.locks.LockSupport.parkNanos(LockSupport.java:215)&#10;        at java.util.concurrent.locks.AbstractQueuedSynchronizer$ConditionObject.awaitNanos(AbstractQueuedSynchronizer.java:2078)&#10;        at java.util.concurrent.LinkedBlockingQueue.poll(LinkedBlockingQueue.java:467)&#10;        at org.apache.hadoop.ipc.CallQueueManager.take(CallQueueManager.java:288)&#10;        at org.apache.hadoop.ipc.Server$Handler.run(Server.java:2668)&#10;&quot;pool-196-thread-35&quot;  prio=5 tid=2239 in Object.wait()&#10;java.lang.Thread.State: WAITING (on object monitor)&#10;        at sun.misc.Unsafe.park(Native Method)&#10;        at java.util.concurrent.locks.LockSupport.park(LockSupport.java:175)&#10;        at java.util.concurrent.locks.AbstractQueuedSynchronizer$ConditionObject.await(AbstractQueuedSynchronizer.java:2039)&#10;        at java.util.concurrent.ArrayBlockingQueue.take(ArrayBlockingQueue.java:403)&#10;        at java.util.concurrent.ThreadPoolExecutor.getTask(ThreadPoolExecutor.java:1074)&#10;        at java.util.concurrent.ThreadPoolExecutor.runWorker(ThreadPoolExecutor.java:1134)&#10;        at java.util.concurrent.ThreadPoolExecutor$Worker.run(ThreadPoolExecutor.java:624)&#10;        at java.lang.Thread.run(Thread.java:748)&#10;&quot;pool-176-thread-2&quot;  prio=5 tid=2081 in Object.wait()&#10;java.lang.Thread.State: WAITING (on object monitor)&#10;        at sun.misc.Unsafe.park(Native Method)&#10;        at java.util.concurrent.locks.LockSupport.park(LockSupport.java:175)&#10;        at java.util.concurrent.locks.AbstractQueuedSynchronizer$ConditionObject.await(AbstractQueuedSynchronizer.java:2039)&#10;        at java.util.concurrent.ArrayBlockingQueue.take(ArrayBlockingQueue.java:403)&#10;        at java.util.concurrent.ThreadPoolExecutor.getTask(ThreadPoolExecutor.java:1074)&#10;        at java.util.concurrent.ThreadPoolExecutor.runWorker(ThreadPoolExecutor.java:1134)&#10;        at java.util.concurrent.ThreadPoolExecutor$Worker.run(ThreadPoolExecutor.java:624)&#10;        at java.lang.Thread.run(Thread.java:748)&#10;&quot;qtp1300497562-2064&quot; daemon prio=5 tid=2064 timed_waiting&#10;java.lang.Thread.State: TIMED_WAITING&#10;        at sun.misc.Unsafe.park(Native Method)&#10;        at java.util.concurrent.locks.LockSupport.parkNanos(LockSupport.java:215)&#10;        at java.util.concurrent.locks.AbstractQueuedSynchronizer$ConditionObject.awaitNanos(AbstractQueuedSynchronizer.java:2078)&#10;        at org.eclipse.jetty.util.BlockingArrayQueue.poll(BlockingArrayQueue.java:392)&#10;        at org.eclipse.jetty.util.thread.QueuedThreadPool.idleJobPoll(QueuedThreadPool.java:563)&#10;        at org.eclipse.jetty.util.thread.QueuedThreadPool.access$800(QueuedThreadPool.java:48)&#10;        at org.eclipse.jetty.util.thread.QueuedThreadPool$2.run(QueuedThreadPool.java:626)&#10;        at java.lang.Thread.run(Thread.java:748)&#10;&quot;SCMBlockDeletingService#0&quot; daemon prio=5 tid=1953 timed_waiting&#10;java.lang.Thread.State: TIMED_WAITING&#10;        at sun.misc.Unsafe.park(Native Method)&#10;        at java.util.concurrent.locks.LockSupport.parkNanos(LockSupport.java:215)&#10;        at java.util.concurrent.locks.AbstractQueuedSynchronizer$ConditionObject.awaitNanos(AbstractQueuedSynchronizer.java:2078)&#10;        at java.util.concurrent.ScheduledThreadPoolExecutor$DelayedWorkQueue.take(ScheduledThreadPoolExecutor.java:1093)&#10;        at java.util.concurrent.ScheduledThreadPoolExecutor$DelayedWorkQueue.take(ScheduledThreadPoolExecutor.java:809)&#10;        at java.util.concurrent.ThreadPoolExecutor.getTask(ThreadPoolExecutor.java:1074)&#10;        at java.util.concurrent.ThreadPoolExecutor.runWorker(ThreadPoolExecutor.java:1134)&#10;        at java.util.concurrent.ThreadPoolExecutor$Worker.run(ThreadPoolExecutor.java:624)&#10;        at java.lang.Thread.run(Thread.java:748)&#10;&quot;metrics-hadoop-metrics2-reporter-109-thread-1&quot; daemon prio=5 tid=2304 timed_waiting&#10;java.lang.Thread.State: TIMED_WAITING&#10;        at sun.misc.Unsafe.park(Native Method)&#10;        at java.util.concurrent.locks.LockSupport.parkNanos(LockSupport.java:215)&#10;        at java.util.concurrent.locks.AbstractQueuedSynchronizer$ConditionObject.awaitNanos(AbstractQueuedSynchronizer.java:2078)&#10;        at java.util.concurrent.ScheduledThreadPoolExecutor$DelayedWorkQueue.take(ScheduledThreadPoolExecutor.java:1093)&#10;        at java.util.concurrent.ScheduledThreadPoolExecutor$DelayedWorkQueue.take(ScheduledThreadPoolExecutor.java:809)&#10;        at java.util.concurrent.ThreadPoolExecutor.getTask(ThreadPoolExecutor.java:1074)&#10;        at java.util.concurrent.ThreadPoolExecutor.runWorker(ThreadPoolExecutor.java:1134)&#10;        at java.util.concurrent.ThreadPoolExecutor$Worker.run(ThreadPoolExecutor.java:624)&#10;        at java.lang.Thread.run(Thread.java:748)&#10;&quot;pool-176-thread-33&quot;  prio=5 tid=2112 in Object.wait()&#10;java.lang.Thread.State: WAITING (on object monitor)&#10;        at sun.misc.Unsafe.park(Native Method)&#10;        at java.util.concurrent.locks.LockSupport.park(LockSupport.java:175)&#10;        at java.util.concurrent.locks.AbstractQueuedSynchronizer$ConditionObject.await(AbstractQueuedSynchronizer.java:2039)&#10;        at java.util.concurrent.ArrayBlockingQueue.take(ArrayBlockingQueue.java:403)&#10;        at java.util.concurrent.ThreadPoolExecutor.getTask(ThreadPoolExecutor.java:1074)&#10;        at java.util.concurrent.ThreadPoolExecutor.runWorker(ThreadPoolExecutor.java:1134)&#10;        at java.util.concurrent.ThreadPoolExecutor$Worker.run(ThreadPoolExecutor.java:624)&#10;        at java.lang.Thread.run(Thread.java:748)&#10;&quot;Signal Dispatcher&quot; daemon prio=9 tid=4 runnable&#10;java.lang.Thread.State: RUNNABLE&#10;&quot;7c431f9d-51bc-458b-a3a6-511ec217d887@group-524E986F5930-SegmentedRaftLogWorker&quot;  prio=5 tid=2305 timed_waiting&#10;java.lang.Thread.State: TIMED_WAITING&#10;        at sun.misc.Unsafe.park(Native Method)&#10;        at java.util.concurrent.locks.LockSupport.parkNanos(LockSupport.java:215)&#10;        at java.util.concurrent.locks.AbstractQueuedSynchronizer$ConditionObject.awaitNanos(AbstractQueuedSynchronizer.java:2078)&#10;        at org.apache.ratis.util.DataBlockingQueue.poll(DataBlockingQueue.java:137)&#10;        at org.apache.ratis.server.raftlog.segmented.SegmentedRaftLogWorker.run(SegmentedRaftLogWorker.java:282)&#10;        at java.lang.Thread.run(Thread.java:748)&#10;&quot;IPC Server handler 8 on 37818&quot; daemon prio=5 tid=1910 timed_waiting&#10;java.lang.Thread.State: TIMED_WAITING&#10;        at sun.misc.Unsafe.park(Native Method)&#10;        at java.util.concurrent.locks.LockSupport.parkNanos(LockSupport.java:215)&#10;        at java.util.concurrent.locks.AbstractQueuedSynchronizer$ConditionObject.awaitNanos(AbstractQueuedSynchronizer.java:2078)&#10;        at java.util.concurrent.LinkedBlockingQueue.poll(LinkedBlockingQueue.java:467)&#10;        at org.apache.hadoop.ipc.CallQueueManager.take(CallQueueManager.java:288)&#10;        at org.apache.hadoop.ipc.Server$Handler.run(Server.java:2668)&#10;&quot;pool-196-thread-28&quot;  prio=5 tid=2232 in Object.wait()&#10;java.lang.Thread.State: WAITING (on object monitor)&#10;        at sun.misc.Unsafe.park(Native Method)&#10;        at java.util.concurrent.locks.LockSupport.park(LockSupport.java:175)&#10;        at java.util.concurrent.locks.AbstractQueuedSynchronizer$ConditionObject.await(AbstractQueuedSynchronizer.java:2039)&#10;        at java.util.concurrent.ArrayBlockingQueue.take(ArrayBlockingQueue.java:403)&#10;        at java.util.concurrent.ThreadPoolExecutor.getTask(ThreadPoolExecutor.java:1074)&#10;        at java.util.concurrent.ThreadPoolExecutor.runWorker(ThreadPoolExecutor.java:1134)&#10;        at java.util.concurrent.ThreadPoolExecutor$Worker.run(ThreadPoolExecutor.java:624)&#10;        at java.lang.Thread.run(Thread.java:748)&#10;&quot;IPC Server handler 4 on 44019&quot; daemon prio=5 tid=1970 timed_waiting&#10;java.lang.Thread.State: TIMED_WAITING&#10;        at sun.misc.Unsafe.park(Native Method)&#10;        at java.util.concurrent.locks.LockSupport.parkNanos(LockSupport.java:215)&#10;        at java.util.concurrent.locks.AbstractQueuedSynchronizer$ConditionObject.awaitNanos(AbstractQueuedSynchronizer.java:2078)&#10;        at java.util.concurrent.LinkedBlockingQueue.poll(LinkedBlockingQueue.java:467)&#10;        at org.apache.hadoop.ipc.CallQueueManager.take(CallQueueManager.java:288)&#10;        at org.apache.hadoop.ipc.Server$Handler.run(Server.java:2668)&#10;&quot;IPC Server handler 12 on 37818&quot; daemon prio=5 tid=1914 timed_waiting&#10;java.lang.Thread.State: TIMED_WAITING&#10;        at sun.misc.Unsafe.park(Native Method)&#10;        at java.util.concurrent.locks.LockSupport.parkNanos(LockSupport.java:215)&#10;        at java.util.concurrent.locks.AbstractQueuedSynchronizer$ConditionObject.awaitNanos(AbstractQueuedSynchronizer.java:2078)&#10;        at java.util.concurrent.LinkedBlockingQueue.poll(LinkedBlockingQueue.java:467)&#10;        at org.apache.hadoop.ipc.CallQueueManager.take(CallQueueManager.java:288)&#10;        at org.apache.hadoop.ipc.Server$Handler.run(Server.java:2668)&#10;&quot;IPC Server handler 2 on 35803&quot; daemon prio=5 tid=1924 timed_waiting&#10;java.lang.Thread.State: TIMED_WAITING&#10;        at sun.misc.Unsafe.park(Native Method)&#10;        at java.util.concurrent.locks.LockSupport.parkNanos(LockSupport.java:215)&#10;        at java.util.concurrent.locks.AbstractQueuedSynchronizer$ConditionObject.awaitNanos(AbstractQueuedSynchronizer.java:2078)&#10;        at java.util.concurrent.LinkedBlockingQueue.poll(LinkedBlockingQueue.java:467)&#10;        at org.apache.hadoop.ipc.CallQueueManager.take(CallQueueManager.java:288)&#10;        at org.apache.hadoop.ipc.Server$Handler.run(Server.java:2668)&#10;&quot;metrics-hadoop-metrics2-reporter-16-thread-1&quot; daemon prio=5 tid=480 timed_waiting&#10;java.lang.Thread.State: TIMED_WAITING&#10;        at sun.misc.Unsafe.park(Native Method)&#10;        at java.util.concurrent.locks.LockSupport.parkNanos(LockSupport.java:215)&#10;        at java.util.concurrent.locks.AbstractQueuedSynchronizer$ConditionObject.awaitNanos(AbstractQueuedSynchronizer.java:2078)&#10;        at java.util.concurrent.ScheduledThreadPoolExecutor$DelayedWorkQueue.take(ScheduledThreadPoolExecutor.java:1093)&#10;        at java.util.concurrent.ScheduledThreadPoolExecutor$DelayedWorkQueue.take(ScheduledThreadPoolExecutor.java:809)&#10;        at java.util.concurrent.ThreadPoolExecutor.getTask(ThreadPoolExecutor.java:1074)&#10;        at java.util.concurrent.ThreadPoolExecutor.runWorker(ThreadPoolExecutor.java:1134)&#10;        at java.util.concurrent.ThreadPoolExecutor$Worker.run(ThreadPoolExecutor.java:624)&#10;        at java.lang.Thread.run(Thread.java:748)&#10;&quot;pool-196-thread-21&quot;  prio=5 tid=2225 in Object.wait()&#10;java.lang.Thread.State: WAITING (on object monitor)&#10;        at sun.misc.Unsafe.park(Native Method)&#10;        at java.util.concurrent.locks.LockSupport.park(LockSupport.java:175)&#10;        at java.util.concurrent.locks.AbstractQueuedSynchronizer$ConditionObject.await(AbstractQueuedSynchronizer.java:2039)&#10;        at java.util.concurrent.ArrayBlockingQueue.take(ArrayBlockingQueue.java:403)&#10;        at java.util.concurrent.ThreadPoolExecutor.getTask(ThreadPoolExecutor.java:1074)&#10;        at java.util.concurrent.ThreadPoolExecutor.runWorker(ThreadPoolExecutor.java:1134)&#10;        at java.util.concurrent.ThreadPoolExecutor$Worker.run(ThreadPoolExecutor.java:624)&#10;        at java.lang.Thread.run(Thread.java:748)&#10;&quot;org.eclipse.jetty.server.session.HashSessionManager@51dae791Timer&quot; daemon prio=5 tid=1950 timed_waiting&#10;java.lang.Thread.State: TIMED_WAITING&#10;        at sun.misc.Unsafe.park(Native Method)&#10;        at java.util.concurrent.locks.LockSupport.parkNanos(LockSupport.java:215)&#10;        at java.util.concurrent.locks.AbstractQueuedSynchronizer$ConditionObject.awaitNanos(AbstractQueuedSynchronizer.java:2078)&#10;        at java.util.concurrent.ScheduledThreadPoolExecutor$DelayedWorkQueue.take(ScheduledThreadPoolExecutor.java:1093)&#10;        at java.util.concurrent.ScheduledThreadPoolExecutor$DelayedWorkQueue.take(ScheduledThreadPoolExecutor.java:809)&#10;        at java.util.concurrent.ThreadPoolExecutor.getTask(ThreadPoolExecutor.java:1074)&#10;        at java.util.concurrent.ThreadPoolExecutor.runWorker(ThreadPoolExecutor.java:1134)&#10;        at java.util.concurrent.ThreadPoolExecutor$Worker.run(ThreadPoolExecutor.java:624)&#10;        at java.lang.Thread.run(Thread.java:748)&#10;&quot;Datanode ReportManager Thread - 0&quot; daemon prio=5 tid=686 timed_waiting&#10;java.lang.Thread.State: TIMED_WAITING&#10;        at sun.misc.Unsafe.park(Native Method)&#10;        at java.util.concurrent.locks.LockSupport.parkNanos(LockSupport.java:215)&#10;        at java.util.concurrent.locks.AbstractQueuedSynchronizer$ConditionObject.awaitNanos(AbstractQueuedSynchronizer.java:2078)&#10;        at java.util.concurrent.ScheduledThreadPoolExecutor$DelayedWorkQueue.take(ScheduledThreadPoolExecutor.java:1093)&#10;        at java.util.concurrent.ScheduledThreadPoolExecutor$DelayedWorkQueue.take(ScheduledThreadPoolExecutor.java:809)&#10;        at java.util.concurrent.ThreadPoolExecutor.getTask(ThreadPoolExecutor.java:1074)&#10;        at java.util.concurrent.ThreadPoolExecutor.runWorker(ThreadPoolExecutor.java:1134)&#10;        at java.util.concurrent.ThreadPoolExecutor$Worker.run(ThreadPoolExecutor.java:624)&#10;        at java.lang.Thread.run(Thread.java:748)&#10;&quot;metrics-hadoop-metrics2-reporter-106-thread-1&quot; daemon prio=5 tid=2296 timed_waiting&#10;java.lang.Thread.State: TIMED_WAITING&#10;        at sun.misc.Unsafe.park(Native Method)&#10;        at java.util.concurrent.locks.LockSupport.parkNanos(LockSupport.java:215)&#10;        at java.util.concurrent.locks.AbstractQueuedSynchronizer$ConditionObject.awaitNanos(AbstractQueuedSynchronizer.java:2078)&#10;        at java.util.concurrent.ScheduledThreadPoolExecutor$DelayedWorkQueue.take(ScheduledThreadPoolExecutor.java:1093)&#10;        at java.util.concurrent.ScheduledThreadPoolExecutor$DelayedWorkQueue.take(ScheduledThreadPoolExecutor.java:809)&#10;        at java.util.concurrent.ThreadPoolExecutor.getTask(ThreadPoolExecutor.java:1074)&#10;        at java.util.concurrent.ThreadPoolExecutor.runWorker(ThreadPoolExecutor.java:1134)&#10;        at java.util.concurrent.ThreadPoolExecutor$Worker.run(ThreadPoolExecutor.java:624)&#10;        at java.lang.Thread.run(Thread.java:748)&#10;&quot;metrics-hadoop-metrics2-reporter-105-thread-1&quot; daemon prio=5 tid=2295 timed_waiting&#10;java.lang.Thread.State: TIMED_WAITING&#10;        at sun.misc.Unsafe.park(Native Method)&#10;        at java.util.concurrent.locks.LockSupport.parkNanos(LockSupport.java:215)&#10;        at java.util.concurrent.locks.AbstractQueuedSynchronizer$ConditionObject.awaitNanos(AbstractQueuedSynchronizer.java:2078)&#10;        at java.util.concurrent.ScheduledThreadPoolExecutor$DelayedWorkQueue.take(ScheduledThreadPoolExecutor.java:1093)&#10;        at java.util.concurrent.ScheduledThreadPoolExecutor$DelayedWorkQueue.take(ScheduledThreadPoolExecutor.java:809)&#10;        at java.util.concurrent.ThreadPoolExecutor.getTask(ThreadPoolExecutor.java:1074)&#10;        at java.util.concurrent.ThreadPoolExecutor.runWorker(ThreadPoolExecutor.java:1134)&#10;        at java.util.concurrent.ThreadPoolExecutor$Worker.run(ThreadPoolExecutor.java:624)&#10;        at java.lang.Thread.run(Thread.java:748)&#10;&quot;qtp1300497562-2067&quot; daemon prio=5 tid=2067 timed_waiting&#10;java.lang.Thread.State: TIMED_WAITING&#10;        at sun.misc.Unsafe.park(Native Method)&#10;        at java.util.concurrent.locks.LockSupport.parkNanos(LockSupport.java:215)&#10;        at java.util.concurrent.locks.AbstractQueuedSynchronizer$ConditionObject.awaitNanos(AbstractQueuedSynchronizer.java:2078)&#10;        at org.eclipse.jetty.util.BlockingArrayQueue.poll(BlockingArrayQueue.java:392)&#10;        at org.eclipse.jetty.util.thread.QueuedThreadPool.idleJobPoll(QueuedThreadPool.java:563)&#10;        at org.eclipse.jetty.util.thread.QueuedThreadPool.access$800(QueuedThreadPool.java:48)&#10;        at org.eclipse.jetty.util.thread.QueuedThreadPool$2.run(QueuedThreadPool.java:626)&#10;        at java.lang.Thread.run(Thread.java:748)&#10;&quot;pool-196-thread-13&quot;  prio=5 tid=2217 in Object.wait()&#10;java.lang.Thread.State: WAITING (on object monitor)&#10;        at sun.misc.Unsafe.park(Native Method)&#10;        at java.util.concurrent.locks.LockSupport.park(LockSupport.java:175)&#10;        at java.util.concurrent.locks.AbstractQueuedSynchronizer$ConditionObject.await(AbstractQueuedSynchronizer.java:2039)&#10;        at java.util.concurrent.ArrayBlockingQueue.take(ArrayBlockingQueue.java:403)&#10;        at java.util.concurrent.ThreadPoolExecutor.getTask(ThreadPoolExecutor.java:1074)&#10;        at java.util.concurrent.ThreadPoolExecutor.runWorker(ThreadPoolExecutor.java:1134)&#10;        at java.util.concurrent.ThreadPoolExecutor$Worker.run(ThreadPoolExecutor.java:624)&#10;        at java.lang.Thread.run(Thread.java:748)&#10;&quot;IPC Server handler 14 on 43940&quot; daemon prio=5 tid=1896 timed_waiting&#10;java.lang.Thread.State: TIMED_WAITING&#10;        at sun.misc.Unsafe.park(Native Method)&#10;        at java.util.concurrent.locks.LockSupport.parkNanos(LockSupport.java:215)&#10;        at java.util.concurrent.locks.AbstractQueuedSynchronizer$ConditionObject.awaitNanos(AbstractQueuedSynchronizer.java:2078)&#10;        at java.util.concurrent.LinkedBlockingQueue.poll(LinkedBlockingQueue.java:467)&#10;        at org.apache.hadoop.ipc.CallQueueManager.take(CallQueueManager.java:288)&#10;        at org.apache.hadoop.ipc.Server$Handler.run(Server.java:2668)&#10;&quot;Periodic HDDS volume checker&quot;  prio=5 tid=1999 timed_waiting&#10;java.lang.Thread.State: TIMED_WAITING&#10;        at sun.misc.Unsafe.park(Native Method)&#10;        at java.util.concurrent.locks.LockSupport.parkNanos(LockSupport.java:215)&#10;        at java.util.concurrent.locks.AbstractQueuedSynchronizer$ConditionObject.awaitNanos(AbstractQueuedSynchronizer.java:2078)&#10;        at java.util.concurrent.ScheduledThreadPoolExecutor$DelayedWorkQueue.take(ScheduledThreadPoolExecutor.java:1093)&#10;        at java.util.concurrent.ScheduledThreadPoolExecutor$DelayedWorkQueue.take(ScheduledThreadPoolExecutor.java:809)&#10;        at java.util.concurrent.ThreadPoolExecutor.getTask(ThreadPoolExecutor.java:1074)&#10;        at java.util.concurrent.ThreadPoolExecutor.runWorker(ThreadPoolExecutor.java:1134)&#10;        at java.util.concurrent.ThreadPoolExecutor$Worker.run(ThreadPoolExecutor.java:624)&#10;        at java.lang.Thread.run(Thread.java:748)&#10;&quot;pool-186-thread-51&quot;  prio=5 tid=2193 in Object.wait()&#10;java.lang.Thread.State: WAITING (on object monitor)&#10;        at sun.misc.Unsafe.park(Native Method)&#10;        at java.util.concurrent.locks.LockSupport.park(LockSupport.java:175)&#10;        at java.util.concurrent.locks.AbstractQueuedSynchronizer$ConditionObject.await(AbstractQueuedSynchronizer.java:2039)&#10;        at java.util.concurrent.ArrayBlockingQueue.take(ArrayBlockingQueue.java:403)&#10;        at java.util.concurrent.ThreadPoolExecutor.getTask(ThreadPoolExecutor.java:1074)&#10;        at java.util.concurrent.ThreadPoolExecutor.runWorker(ThreadPoolExecutor.java:1134)&#10;        at java.util.concurrent.ThreadPoolExecutor$Worker.run(ThreadPoolExecutor.java:624)&#10;        at java.lang.Thread.run(Thread.java:748)&#10;&quot;pool-186-thread-26&quot;  prio=5 tid=2168 in Object.wait()&#10;java.lang.Thread.State: WAITING (on object monitor)&#10;        at sun.misc.Unsafe.park(Native Method)&#10;        at java.util.concurrent.locks.LockSupport.park(LockSupport.java:175)&#10;        at java.util.concurrent.locks.AbstractQueuedSynchronizer$ConditionObject.await(AbstractQueuedSynchronizer.java:2039)&#10;        at java.util.concurrent.ArrayBlockingQueue.take(ArrayBlockingQueue.java:403)&#10;        at java.util.concurrent.ThreadPoolExecutor.getTask(ThreadPoolExecutor.java:1074)&#10;        at java.util.concurrent.ThreadPoolExecutor.runWorker(ThreadPoolExecutor.java:1134)&#10;        at java.util.concurrent.ThreadPoolExecutor$Worker.run(ThreadPoolExecutor.java:624)&#10;        at java.lang.Thread.run(Thread.java:748)&#10;&quot;pool-186-thread-59&quot;  prio=5 tid=2201 in Object.wait()&#10;java.lang.Thread.State: WAITING (on object monitor)&#10;        at sun.misc.Unsafe.park(Native Method)&#10;        at java.util.concurrent.locks.LockSupport.park(LockSupport.java:175)&#10;        at java.util.concurrent.locks.AbstractQueuedSynchronizer$ConditionObject.await(AbstractQueuedSynchronizer.java:2039)&#10;        at java.util.concurrent.ArrayBlockingQueue.take(ArrayBlockingQueue.java:403)&#10;        at java.util.concurrent.ThreadPoolExecutor.getTask(ThreadPoolExecutor.java:1074)&#10;        at java.util.concurrent.ThreadPoolExecutor.runWorker(ThreadPoolExecutor.java:1134)&#10;        at java.util.concurrent.ThreadPoolExecutor$Worker.run(ThreadPoolExecutor.java:624)&#10;        at java.lang.Thread.run(Thread.java:748)&#10;&quot;qtp2077845538-1990&quot; daemon prio=5 tid=1990 timed_waiting&#10;java.lang.Thread.State: TIMED_WAITING&#10;        at sun.misc.Unsafe.park(Native Method)&#10;        at java.util.concurrent.locks.LockSupport.parkNanos(LockSupport.java:215)&#10;        at java.util.concurrent.locks.AbstractQueuedSynchronizer$ConditionObject.awaitNanos(AbstractQueuedSynchronizer.java:2078)&#10;        at org.eclipse.jetty.util.BlockingArrayQueue.poll(BlockingArrayQueue.java:392)&#10;        at org.eclipse.jetty.util.thread.QueuedThreadPool.idleJobPoll(QueuedThreadPool.java:563)&#10;        at org.eclipse.jetty.util.thread.QueuedThreadPool.access$800(QueuedThreadPool.java:48)&#10;        at org.eclipse.jetty.util.thread.QueuedThreadPool$2.run(QueuedThreadPool.java:626)&#10;        at java.lang.Thread.run(Thread.java:748)&#10;&quot;Thread-1141&quot; daemon prio=5 tid=2302 timed_waiting&#10;java.lang.Thread.State: TIMED_WAITING&#10;        at sun.misc.Unsafe.park(Native Method)&#10;        at java.util.concurrent.locks.LockSupport.parkNanos(LockSupport.java:215)&#10;        at java.util.concurrent.locks.AbstractQueuedSynchronizer$ConditionObject.awaitNanos(AbstractQueuedSynchronizer.java:2078)&#10;        at java.util.concurrent.ArrayBlockingQueue.poll(ArrayBlockingQueue.java:418)&#10;        at org.apache.ratis.server.impl.LeaderState$EventQueue.poll(LeaderState.java:115)&#10;        at org.apache.ratis.server.impl.LeaderState$EventProcessor.run(LeaderState.java:467)&#10;&quot;Datanode ReportManager Thread - 0&quot; daemon prio=5 tid=2018 in Object.wait()&#10;java.lang.Thread.State: WAITING (on object monitor)&#10;        at sun.misc.Unsafe.park(Native Method)&#10;        at java.util.concurrent.locks.LockSupport.park(LockSupport.java:175)&#10;        at java.util.concurrent.locks.AbstractQueuedSynchronizer$ConditionObject.await(AbstractQueuedSynchronizer.java:2039)&#10;        at java.util.concurrent.ScheduledThreadPoolExecutor$DelayedWorkQueue.take(ScheduledThreadPoolExecutor.java:1088)&#10;        at java.util.concurrent.ScheduledThreadPoolExecutor$DelayedWorkQueue.take(ScheduledThreadPoolExecutor.java:809)&#10;        at java.util.concurrent.ThreadPoolExecutor.getTask(ThreadPoolExecutor.java:1074)&#10;        at java.util.concurrent.ThreadPoolExecutor.runWorker(ThreadPoolExecutor.java:1134)&#10;        at java.util.concurrent.ThreadPoolExecutor$Worker.run(ThreadPoolExecutor.java:624)&#10;        at java.lang.Thread.run(Thread.java:748)&#10;&quot;metrics-hadoop-metrics2-reporter-130-thread-1&quot; daemon prio=5 tid=2504 timed_waiting&#10;java.lang.Thread.State: TIMED_WAITING&#10;        at sun.misc.Unsafe.park(Native Method)&#10;        at java.util.concurrent.locks.LockSupport.parkNanos(LockSupport.java:215)&#10;        at java.util.concurrent.locks.AbstractQueuedSynchronizer$ConditionObject.awaitNanos(AbstractQueuedSynchronizer.java:2078)&#10;        at java.util.concurrent.ScheduledThreadPoolExecutor$DelayedWorkQueue.take(ScheduledThreadPoolExecutor.java:1093)&#10;        at java.util.concurrent.ScheduledThreadPoolExecutor$DelayedWorkQueue.take(ScheduledThreadPoolExecutor.java:809)&#10;        at java.util.concurrent.ThreadPoolExecutor.getTask(ThreadPoolExecutor.java:1074)&#10;        at java.util.concurrent.ThreadPoolExecutor.runWorker(ThreadPoolExecutor.java:1134)&#10;        at java.util.concurrent.ThreadPoolExecutor$Worker.run(ThreadPoolExecutor.java:624)&#10;        at java.lang.Thread.run(Thread.java:748)&#10;&quot;pool-176-thread-18&quot;  prio=5 tid=2097 in Object.wait()&#10;java.lang.Thread.State: WAITING (on object monitor)&#10;        at sun.misc.Unsafe.park(Native Method)&#10;        at java.util.concurrent.locks.LockSupport.park(LockSupport.java:175)&#10;        at java.util.concurrent.locks.AbstractQueuedSynchronizer$ConditionObject.await(AbstractQueuedSynchronizer.java:2039)&#10;        at java.util.concurrent.ArrayBlockingQueue.take(ArrayBlockingQueue.java:403)&#10;        at java.util.concurrent.ThreadPoolExecutor.getTask(ThreadPoolExecutor.java:1074)&#10;        at java.util.concurrent.ThreadPoolExecutor.runWorker(ThreadPoolExecutor.java:1134)&#10;        at java.util.concurrent.ThreadPoolExecutor$Worker.run(ThreadPoolExecutor.java:624)&#10;        at java.lang.Thread.run(Thread.java:748)&#10;&quot;metrics-hadoop-metrics2-reporter-17-thread-1&quot; daemon prio=5 tid=479 timed_waiting&#10;java.lang.Thread.State: TIMED_WAITING&#10;        at sun.misc.Unsafe.park(Native Method)&#10;        at java.util.concurrent.locks.LockSupport.parkNanos(LockSupport.java:215)&#10;        at java.util.concurrent.locks.AbstractQueuedSynchronizer$ConditionObject.awaitNanos(AbstractQueuedSynchronizer.java:2078)&#10;        at java.util.concurrent.ScheduledThreadPoolExecutor$DelayedWorkQueue.take(ScheduledThreadPoolExecutor.java:1093)&#10;        at java.util.concurrent.ScheduledThreadPoolExecutor$DelayedWorkQueue.take(ScheduledThreadPoolExecutor.java:809)&#10;        at java.util.concurrent.ThreadPoolExecutor.getTask(ThreadPoolExecutor.java:1074)&#10;        at java.util.concurrent.ThreadPoolExecutor.runWorker(ThreadPoolExecutor.java:1134)&#10;        at java.util.concurrent.ThreadPoolExecutor$Worker.run(ThreadPoolExecutor.java:624)&#10;        at java.lang.Thread.run(Thread.java:748)&#10;&quot;IPC Server handler 2 on 37818&quot; daemon prio=5 tid=1904 timed_waiting&#10;java.lang.Thread.State: TIMED_WAITING&#10;        at sun.misc.Unsafe.park(Native Method)&#10;        at java.util.concurrent.locks.LockSupport.parkNanos(LockSupport.java:215)&#10;        at java.util.concurrent.locks.AbstractQueuedSynchronizer$ConditionObject.awaitNanos(AbstractQueuedSynchronizer.java:2078)&#10;        at java.util.concurrent.LinkedBlockingQueue.poll(LinkedBlockingQueue.java:467)&#10;        at org.apache.hadoop.ipc.CallQueueManager.take(CallQueueManager.java:288)&#10;        at org.apache.hadoop.ipc.Server$Handler.run(Server.java:2668)&#10;&quot;metrics-hadoop-metrics2-reporter-64-thread-1&quot; daemon prio=5 tid=1169 timed_waiting&#10;java.lang.Thread.State: TIMED_WAITING&#10;        at sun.misc.Unsafe.park(Native Method)&#10;        at java.util.concurrent.locks.LockSupport.parkNanos(LockSupport.java:215)&#10;        at java.util.concurrent.locks.AbstractQueuedSynchronizer$ConditionObject.awaitNanos(AbstractQueuedSynchronizer.java:2078)&#10;        at java.util.concurrent.ScheduledThreadPoolExecutor$DelayedWorkQueue.take(ScheduledThreadPoolExecutor.java:1093)&#10;        at java.util.concurrent.ScheduledThreadPoolExecutor$DelayedWorkQueue.take(ScheduledThreadPoolExecutor.java:809)&#10;        at java.util.concurrent.ThreadPoolExecutor.getTask(ThreadPoolExecutor.java:1074)&#10;        at java.util.concurrent.ThreadPoolExecutor.runWorker(ThreadPoolExecutor.java:1134)&#10;        at java.util.concurrent.ThreadPoolExecutor$Worker.run(ThreadPoolExecutor.java:624)&#10;        at java.lang.Thread.run(Thread.java:748)&#10;&quot;pool-186-thread-14&quot;  prio=5 tid=2156 in Object.wait()&#10;java.lang.Thread.State: WAITING (on object monitor)&#10;        at sun.misc.Unsafe.park(Native Method)&#10;        at java.util.concurrent.locks.LockSupport.park(LockSupport.java:175)&#10;        at java.util.concurrent.locks.AbstractQueuedSynchronizer$ConditionObject.await(AbstractQueuedSynchronizer.java:2039)&#10;        at java.util.concurrent.ArrayBlockingQueue.take(ArrayBlockingQueue.java:403)&#10;        at java.util.concurrent.ThreadPoolExecutor.getTask(ThreadPoolExecutor.java:1074)&#10;        at java.util.concurrent.ThreadPoolExecutor.runWorker(ThreadPoolExecutor.java:1134)&#10;        at java.util.concurrent.ThreadPoolExecutor$Worker.run(ThreadPoolExecutor.java:624)&#10;        at java.lang.Thread.run(Thread.java:748)&#10;&quot;metrics-hadoop-metrics2-reporter-100-thread-1&quot; daemon prio=5 tid=2282 timed_waiting&#10;java.lang.Thread.State: TIMED_WAITING&#10;        at sun.misc.Unsafe.park(Native Method)&#10;        at java.util.concurrent.locks.LockSupport.parkNanos(LockSupport.java:215)&#10;        at java.util.concurrent.locks.AbstractQueuedSynchronizer$ConditionObject.awaitNanos(AbstractQueuedSynchronizer.java:2078)&#10;        at java.util.concurrent.ScheduledThreadPoolExecutor$DelayedWorkQueue.take(ScheduledThreadPoolExecutor.java:1093)&#10;        at java.util.concurrent.ScheduledThreadPoolExecutor$DelayedWorkQueue.take(ScheduledThreadPoolExecutor.java:809)&#10;        at java.util.concurrent.ThreadPoolExecutor.getTask(ThreadPoolExecutor.java:1074)&#10;        at java.util.concurrent.ThreadPoolExecutor.runWorker(ThreadPoolExecutor.java:1134)&#10;        at java.util.concurrent.ThreadPoolExecutor$Worker.run(ThreadPoolExecutor.java:624)&#10;        at java.lang.Thread.run(Thread.java:748)&#10;&quot;org.eclipse.jetty.server.session.HashSessionManager@9efcd90Timer&quot; daemon prio=5 tid=1951 timed_waiting&#10;java.lang.Thread.State: TIMED_WAITING&#10;        at sun.misc.Unsafe.park(Native Method)&#10;        at java.util.concurrent.locks.LockSupport.parkNanos(LockSupport.java:215)&#10;        at java.util.concurrent.locks.AbstractQueuedSynchronizer$ConditionObject.awaitNanos(AbstractQueuedSynchronizer.java:2078)&#10;        at java.util.concurrent.ScheduledThreadPoolExecutor$DelayedWorkQueue.take(ScheduledThreadPoolExecutor.java:1093)&#10;        at java.util.concurrent.ScheduledThreadPoolExecutor$DelayedWorkQueue.take(ScheduledThreadPoolExecutor.java:809)&#10;        at java.util.concurrent.ThreadPoolExecutor.getTask(ThreadPoolExecutor.java:1074)&#10;        at java.util.concurrent.ThreadPoolExecutor.runWorker(ThreadPoolExecutor.java:1134)&#10;        at java.util.concurrent.ThreadPoolExecutor$Worker.run(ThreadPoolExecutor.java:624)&#10;        at java.lang.Thread.run(Thread.java:748)&#10;&quot;pool-184-thread-1&quot; daemon prio=5 tid=2030 timed_waiting&#10;java.lang.Thread.State: TIMED_WAITING&#10;        at sun.misc.Unsafe.park(Native Method)&#10;        at java.util.concurrent.locks.LockSupport.parkNanos(LockSupport.java:215)&#10;        at java.util.concurrent.locks.AbstractQueuedSynchronizer$ConditionObject.awaitNanos(AbstractQueuedSynchronizer.java:2078)&#10;        at java.util.concurrent.ScheduledThreadPoolExecutor$DelayedWorkQueue.take(ScheduledThreadPoolExecutor.java:1093)&#10;        at java.util.concurrent.ScheduledThreadPoolExecutor$DelayedWorkQueue.take(ScheduledThreadPoolExecutor.java:809)&#10;        at java.util.concurrent.ThreadPoolExecutor.getTask(ThreadPoolExecutor.java:1074)&#10;        at java.util.concurrent.ThreadPoolExecutor.runWorker(ThreadPoolExecutor.java:1134)&#10;        at java.util.concurrent.ThreadPoolExecutor$Worker.run(ThreadPoolExecutor.java:624)&#10;        at java.lang.Thread.run(Thread.java:748)&#10;&quot;metrics-hadoop-metrics2-reporter-22-thread-1&quot; daemon prio=5 tid=499 timed_waiting&#10;java.lang.Thread.State: TIMED_WAITING&#10;        at sun.misc.Unsafe.park(Native Method)&#10;        at java.util.concurrent.locks.LockSupport.parkNanos(LockSupport.java:215)&#10;        at java.util.concurrent.locks.AbstractQueuedSynchronizer$ConditionObject.awaitNanos(AbstractQueuedSynchronizer.java:2078)&#10;        at java.util.concurrent.ScheduledThreadPoolExecutor$DelayedWorkQueue.take(ScheduledThreadPoolExecutor.java:1093)&#10;        at java.util.concurrent.ScheduledThreadPoolExecutor$DelayedWorkQueue.take(ScheduledThreadPoolExecutor.java:809)&#10;        at java.util.concurrent.ThreadPoolExecutor.getTask(ThreadPoolExecutor.java:1074)&#10;        at java.util.concurrent.ThreadPoolExecutor.runWorker(ThreadPoolExecutor.java:1134)&#10;        at java.util.concurrent.ThreadPoolExecutor$Worker.run(ThreadPoolExecutor.java:624)&#10;        at java.lang.Thread.run(Thread.java:748)&#10;&quot;pool-186-thread-11&quot;  prio=5 tid=2153 in Object.wait()&#10;java.lang.Thread.State: WAITING (on object monitor)&#10;        at sun.misc.Unsafe.park(Native Method)&#10;        at java.util.concurrent.locks.LockSupport.park(LockSupport.java:175)&#10;        at java.util.concurrent.locks.AbstractQueuedSynchronizer$ConditionObject.await(AbstractQueuedSynchronizer.java:2039)&#10;        at java.util.concurrent.ArrayBlockingQueue.take(ArrayBlockingQueue.java:403)&#10;        at java.util.concurrent.ThreadPoolExecutor.getTask(ThreadPoolExecutor.java:1074)&#10;        at java.util.concurrent.ThreadPoolExecutor.runWorker(ThreadPoolExecutor.java:1134)&#10;        at java.util.concurrent.ThreadPoolExecutor$Worker.run(ThreadPoolExecutor.java:624)&#10;        at java.lang.Thread.run(Thread.java:748)&#10;&quot;org.eclipse.jetty.server.session.HashSessionManager@b3e86d5Timer&quot; daemon prio=5 tid=1997 timed_waiting&#10;java.lang.Thread.State: TIMED_WAITING&#10;        at sun.misc.Unsafe.park(Native Method)&#10;        at java.util.concurrent.locks.LockSupport.parkNanos(LockSupport.java:215)&#10;        at java.util.concurrent.locks.AbstractQueuedSynchronizer$ConditionObject.awaitNanos(AbstractQueuedSynchronizer.java:2078)&#10;        at java.util.concurrent.ScheduledThreadPoolExecutor$DelayedWorkQueue.take(ScheduledThreadPoolExecutor.java:1093)&#10;        at java.util.concurrent.ScheduledThreadPoolExecutor$DelayedWorkQueue.take(ScheduledThreadPoolExecutor.java:809)&#10;        at java.util.concurrent.ThreadPoolExecutor.getTask(ThreadPoolExecutor.java:1074)&#10;        at java.util.concurrent.ThreadPoolExecutor.runWorker(ThreadPoolExecutor.java:1134)&#10;        at java.util.concurrent.ThreadPoolExecutor$Worker.run(ThreadPoolExecutor.java:624)&#10;        at java.lang.Thread.run(Thread.java:748)&#10;&quot;IPC Server handler 17 on 43940&quot; daemon prio=5 tid=1899 timed_waiting&#10;java.lang.Thread.State: TIMED_WAITING&#10;        at sun.misc.Unsafe.park(Native Method)&#10;        at java.util.concurrent.locks.LockSupport.parkNanos(LockSupport.java:215)&#10;        at java.util.concurrent.locks.AbstractQueuedSynchronizer$ConditionObject.awaitNanos(AbstractQueuedSynchronizer.java:2078)&#10;        at java.util.concurrent.LinkedBlockingQueue.poll(LinkedBlockingQueue.java:467)&#10;        at org.apache.hadoop.ipc.CallQueueManager.take(CallQueueManager.java:288)&#10;        at org.apache.hadoop.ipc.Server$Handler.run(Server.java:2668)&#10;&quot;java.util.concurrent.ThreadPoolExecutor$Worker@56091865[State = -1, empty queue]&quot; daemon prio=5 tid=2553 timed_waiting&#10;java.lang.Thread.State: TIMED_WAITING&#10;        at sun.misc.Unsafe.park(Native Method)&#10;        at java.util.concurrent.locks.LockSupport.parkNanos(LockSupport.java:215)&#10;        at java.util.concurrent.locks.AbstractQueuedSynchronizer$ConditionObject.awaitNanos(AbstractQueuedSynchronizer.java:2078)&#10;        at java.util.concurrent.ScheduledThreadPoolExecutor$DelayedWorkQueue.take(ScheduledThreadPoolExecutor.java:1093)&#10;        at java.util.concurrent.ScheduledThreadPoolExecutor$DelayedWorkQueue.take(ScheduledThreadPoolExecutor.java:809)&#10;        at java.util.concurrent.ThreadPoolExecutor.getTask(ThreadPoolExecutor.java:1074)&#10;        at java.util.concurrent.ThreadPoolExecutor.runWorker(ThreadPoolExecutor.java:1134)&#10;        at java.util.concurrent.ThreadPoolExecutor$Worker.run(ThreadPoolExecutor.java:624)&#10;        at java.lang.Thread.run(Thread.java:748)&#10;&quot;Datanode ReportManager Thread - 1&quot; daemon prio=5 tid=1371 in Object.wait()&#10;java.lang.Thread.State: WAITING (on object monitor)&#10;        at sun.misc.Unsafe.park(Native Method)&#10;        at java.util.concurrent.locks.LockSupport.park(LockSupport.java:175)&#10;        at java.util.concurrent.locks.AbstractQueuedSynchronizer$ConditionObject.await(AbstractQueuedSynchronizer.java:2039)&#10;        at java.util.concurrent.ScheduledThreadPoolExecutor$DelayedWorkQueue.take(ScheduledThreadPoolExecutor.java:1088)&#10;        at java.util.concurrent.ScheduledThreadPoolExecutor$DelayedWorkQueue.take(ScheduledThreadPoolExecutor.java:809)&#10;        at java.util.concurrent.ThreadPoolExecutor.getTask(ThreadPoolExecutor.java:1074)&#10;        at java.util.concurrent.ThreadPoolExecutor.runWorker(ThreadPoolExecutor.java:1134)&#10;        at java.util.concurrent.ThreadPoolExecutor$Worker.run(ThreadPoolExecutor.java:624)&#10;        at java.lang.Thread.run(Thread.java:748)&#10;&quot;pool-176-thread-35&quot;  prio=5 tid=2114 in Object.wait()&#10;java.lang.Thread.State: WAITING (on object monitor)&#10;        at sun.misc.Unsafe.park(Native Method)&#10;        at java.util.concurrent.locks.LockSupport.park(LockSupport.java:175)&#10;        at java.util.concurrent.locks.AbstractQueuedSynchronizer$ConditionObject.await(AbstractQueuedSynchronizer.java:2039)&#10;        at java.util.concurrent.ArrayBlockingQueue.take(ArrayBlockingQueue.java:403)&#10;        at java.util.concurrent.ThreadPoolExecutor.getTask(ThreadPoolExecutor.java:1074)&#10;        at java.util.concurrent.ThreadPoolExecutor.runWorker(ThreadPoolExecutor.java:1134)&#10;        at java.util.concurrent.ThreadPoolExecutor$Worker.run(ThreadPoolExecutor.java:624)&#10;        at java.lang.Thread.run(Thread.java:748)&#10;&quot;metrics-hadoop-metrics2-reporter-88-thread-1&quot; daemon prio=5 tid=1672 timed_waiting&#10;java.lang.Thread.State: TIMED_WAITING&#10;        at sun.misc.Unsafe.park(Native Method)&#10;        at java.util.concurrent.locks.LockSupport.parkNanos(LockSupport.java:215)&#10;        at java.util.concurrent.locks.AbstractQueuedSynchronizer$ConditionObject.awaitNanos(AbstractQueuedSynchronizer.java:2078)&#10;        at java.util.concurrent.ScheduledThreadPoolExecutor$DelayedWorkQueue.take(ScheduledThreadPoolExecutor.java:1093)&#10;        at java.util.concurrent.ScheduledThreadPoolExecutor$DelayedWorkQueue.take(ScheduledThreadPoolExecutor.java:809)&#10;        at java.util.concurrent.ThreadPoolExecutor.getTask(ThreadPoolExecutor.java:1074)&#10;        at java.util.concurrent.ThreadPoolExecutor.runWorker(ThreadPoolExecutor.java:1134)&#10;        at java.util.concurrent.ThreadPoolExecutor$Worker.run(ThreadPoolExecutor.java:624)&#10;        at java.lang.Thread.run(Thread.java:748)&#10;&#10;" type="java.util.concurrent.TimeoutException">java.util.concurrent.TimeoutException: 
Timed out waiting for condition. Thread diagnostics:
Timestamp: 2019-10-17 06:48:29,117

"pool-176-thread-24"  prio=5 tid=2103 in Object.wait()
java.lang.Thread.State: WAITING (on object monitor)
        at sun.misc.Unsafe.park(Native Method)
        at java.util.concurrent.locks.LockSupport.park(LockSupport.java:175)
        at java.util.concurrent.locks.AbstractQueuedSynchronizer$ConditionObject.await(AbstractQueuedSynchronizer.java:2039)
        at java.util.concurrent.ArrayBlockingQueue.take(ArrayBlockingQueue.java:403)
        at java.util.concurrent.ThreadPoolExecutor.getTask(ThreadPoolExecutor.java:1074)
        at java.util.concurrent.ThreadPoolExecutor.runWorker(ThreadPoolExecutor.java:1134)
        at java.util.concurrent.ThreadPoolExecutor$Worker.run(ThreadPoolExecutor.java:624)
        at java.lang.Thread.run(Thread.java:748)
"grpc-default-worker-ELG-9-4" daemon prio=5 tid=2280 runnable
java.lang.Thread.State: RUNNABLE
        at sun.nio.ch.EPollArrayWrapper.epollWait(Native Method)
        at sun.nio.ch.EPollArrayWrapper.poll(EPollArrayWrapper.java:269)
        at sun.nio.ch.EPollSelectorImpl.doSelect(EPollSelectorImpl.java:93)
        at sun.nio.ch.SelectorImpl.lockAndDoSelect(SelectorImpl.java:86)
        at sun.nio.ch.SelectorImpl.select(SelectorImpl.java:97)
        at org.apache.ratis.thirdparty.io.netty.channel.nio.SelectedSelectionKeySetSelector.select(SelectedSelectionKeySetSelector.java:62)
        at org.apache.ratis.thirdparty.io.netty.channel.nio.NioEventLoop.select(NioEventLoop.java:753)
        at org.apache.ratis.thirdparty.io.netty.channel.nio.NioEventLoop.run(NioEventLoop.java:408)
        at org.apache.ratis.thirdparty.io.netty.util.concurrent.SingleThreadEventExecutor$5.run(SingleThreadEventExecutor.java:897)
        at org.apache.ratis.thirdparty.io.netty.util.concurrent.FastThreadLocalRunnable.run(FastThreadLocalRunnable.java:30)
        at java.lang.Thread.run(Thread.java:748)
"metrics-hadoop-metrics2-reporter-34-thread-1" daemon prio=5 tid=966 timed_waiting
java.lang.Thread.State: TIMED_WAITING
        at sun.misc.Unsafe.park(Native Method)
        at java.util.concurrent.locks.LockSupport.parkNanos(LockSupport.java:215)
        at java.util.concurrent.locks.AbstractQueuedSynchronizer$ConditionObject.awaitNanos(AbstractQueuedSynchronizer.java:2078)
        at java.util.concurrent.ScheduledThreadPoolExecutor$DelayedWorkQueue.take(ScheduledThreadPoolExecutor.java:1093)
        at java.util.concurrent.ScheduledThreadPoolExecutor$DelayedWorkQueue.take(ScheduledThreadPoolExecutor.java:809)
        at java.util.concurrent.ThreadPoolExecutor.getTask(ThreadPoolExecutor.java:1074)
        at java.util.concurrent.ThreadPoolExecutor.runWorker(ThreadPoolExecutor.java:1134)
        at java.util.concurrent.ThreadPoolExecutor$Worker.run(ThreadPoolExecutor.java:624)
        at java.lang.Thread.run(Thread.java:748)
"pool-196-thread-3"  prio=5 tid=2207 in Object.wait()
java.lang.Thread.State: WAITING (on object monitor)
        at sun.misc.Unsafe.park(Native Method)
        at java.util.concurrent.locks.LockSupport.park(LockSupport.java:175)
        at java.util.concurrent.locks.AbstractQueuedSynchronizer$ConditionObject.await(AbstractQueuedSynchronizer.java:2039)
        at java.util.concurrent.ArrayBlockingQueue.take(ArrayBlockingQueue.java:403)
        at java.util.concurrent.ThreadPoolExecutor.getTask(ThreadPoolExecutor.java:1074)
        at java.util.concurrent.ThreadPoolExecutor.runWorker(ThreadPoolExecutor.java:1134)
        at java.util.concurrent.ThreadPoolExecutor$Worker.run(ThreadPoolExecutor.java:624)
        at java.lang.Thread.run(Thread.java:748)
"metrics-hadoop-metrics2-reporter-43-thread-1" daemon prio=5 tid=992 timed_waiting
java.lang.Thread.State: TIMED_WAITING
        at sun.misc.Unsafe.park(Native Method)
        at java.util.concurrent.locks.LockSupport.parkNanos(LockSupport.java:215)
        at java.util.concurrent.locks.AbstractQueuedSynchronizer$ConditionObject.awaitNanos(AbstractQueuedSynchronizer.java:2078)
        at java.util.concurrent.ScheduledThreadPoolExecutor$DelayedWorkQueue.take(ScheduledThreadPoolExecutor.java:1093)
        at java.util.concurrent.ScheduledThreadPoolExecutor$DelayedWorkQueue.take(ScheduledThreadPoolExecutor.java:809)
        at java.util.concurrent.ThreadPoolExecutor.getTask(ThreadPoolExecutor.java:1074)
        at java.util.concurrent.ThreadPoolExecutor.runWorker(ThreadPoolExecutor.java:1134)
        at java.util.concurrent.ThreadPoolExecutor$Worker.run(ThreadPoolExecutor.java:624)
        at java.lang.Thread.run(Thread.java:748)
"pool-196-thread-36"  prio=5 tid=2240 in Object.wait()
java.lang.Thread.State: WAITING (on object monitor)
        at sun.misc.Unsafe.park(Native Method)
        at java.util.concurrent.locks.LockSupport.park(LockSupport.java:175)
        at java.util.concurrent.locks.AbstractQueuedSynchronizer$ConditionObject.await(AbstractQueuedSynchronizer.java:2039)
        at java.util.concurrent.ArrayBlockingQueue.take(ArrayBlockingQueue.java:403)
        at java.util.concurrent.ThreadPoolExecutor.getTask(ThreadPoolExecutor.java:1074)
        at java.util.concurrent.ThreadPoolExecutor.runWorker(ThreadPoolExecutor.java:1134)
        at java.util.concurrent.ThreadPoolExecutor$Worker.run(ThreadPoolExecutor.java:624)
        at java.lang.Thread.run(Thread.java:748)
"Datanode ReportManager Thread - 3" daemon prio=5 tid=743 in Object.wait()
java.lang.Thread.State: WAITING (on object monitor)
        at sun.misc.Unsafe.park(Native Method)
        at java.util.concurrent.locks.LockSupport.park(LockSupport.java:175)
        at java.util.concurrent.locks.AbstractQueuedSynchronizer$ConditionObject.await(AbstractQueuedSynchronizer.java:2039)
        at java.util.concurrent.ScheduledThreadPoolExecutor$DelayedWorkQueue.take(ScheduledThreadPoolExecutor.java:1088)
        at java.util.concurrent.ScheduledThreadPoolExecutor$DelayedWorkQueue.take(ScheduledThreadPoolExecutor.java:809)
        at java.util.concurrent.ThreadPoolExecutor.getTask(ThreadPoolExecutor.java:1074)
        at java.util.concurrent.ThreadPoolExecutor.runWorker(ThreadPoolExecutor.java:1134)
        at java.util.concurrent.ThreadPoolExecutor$Worker.run(ThreadPoolExecutor.java:624)
        at java.lang.Thread.run(Thread.java:748)
"pool-196-thread-38"  prio=5 tid=2242 in Object.wait()
java.lang.Thread.State: WAITING (on object monitor)
        at sun.misc.Unsafe.park(Native Method)
        at java.util.concurrent.locks.LockSupport.park(LockSupport.java:175)
        at java.util.concurrent.locks.AbstractQueuedSynchronizer$ConditionObject.await(AbstractQueuedSynchronizer.java:2039)
        at java.util.concurrent.ArrayBlockingQueue.take(ArrayBlockingQueue.java:403)
        at java.util.concurrent.ThreadPoolExecutor.getTask(ThreadPoolExecutor.java:1074)
        at java.util.concurrent.ThreadPoolExecutor.runWorker(ThreadPoolExecutor.java:1134)
        at java.util.concurrent.ThreadPoolExecutor$Worker.run(ThreadPoolExecutor.java:624)
        at java.lang.Thread.run(Thread.java:748)
"IPC Server Responder" daemon prio=5 tid=1962 runnable
java.lang.Thread.State: RUNNABLE
        at sun.nio.ch.EPollArrayWrapper.epollWait(Native Method)
        at sun.nio.ch.EPollArrayWrapper.poll(EPollArrayWrapper.java:269)
        at sun.nio.ch.EPollSelectorImpl.doSelect(EPollSelectorImpl.java:93)
        at sun.nio.ch.SelectorImpl.lockAndDoSelect(SelectorImpl.java:86)
        at sun.nio.ch.SelectorImpl.select(SelectorImpl.java:97)
        at org.apache.hadoop.ipc.Server$Responder.doRunLoop(Server.java:1334)
        at org.apache.hadoop.ipc.Server$Responder.run(Server.java:1317)
"metrics-hadoop-metrics2-reporter-114-thread-1" daemon prio=5 tid=2322 timed_waiting
java.lang.Thread.State: TIMED_WAITING
        at sun.misc.Unsafe.park(Native Method)
        at java.util.concurrent.locks.LockSupport.parkNanos(LockSupport.java:215)
        at java.util.concurrent.locks.AbstractQueuedSynchronizer$ConditionObject.awaitNanos(AbstractQueuedSynchronizer.java:2078)
        at java.util.concurrent.ScheduledThreadPoolExecutor$DelayedWorkQueue.take(ScheduledThreadPoolExecutor.java:1093)
        at java.util.concurrent.ScheduledThreadPoolExecutor$DelayedWorkQueue.take(ScheduledThreadPoolExecutor.java:809)
        at java.util.concurrent.ThreadPoolExecutor.getTask(ThreadPoolExecutor.java:1074)
        at java.util.concurrent.ThreadPoolExecutor.runWorker(ThreadPoolExecutor.java:1134)
        at java.util.concurrent.ThreadPoolExecutor$Worker.run(ThreadPoolExecutor.java:624)
        at java.lang.Thread.run(Thread.java:748)
"pool-186-thread-46"  prio=5 tid=2188 in Object.wait()
java.lang.Thread.State: WAITING (on object monitor)
        at sun.misc.Unsafe.park(Native Method)
        at java.util.concurrent.locks.LockSupport.park(LockSupport.java:175)
        at java.util.concurrent.locks.AbstractQueuedSynchronizer$ConditionObject.await(AbstractQueuedSynchronizer.java:2039)
        at java.util.concurrent.ArrayBlockingQueue.take(ArrayBlockingQueue.java:403)
        at java.util.concurrent.ThreadPoolExecutor.getTask(ThreadPoolExecutor.java:1074)
        at java.util.concurrent.ThreadPoolExecutor.runWorker(ThreadPoolExecutor.java:1134)
        at java.util.concurrent.ThreadPoolExecutor$Worker.run(ThreadPoolExecutor.java:624)
        at java.lang.Thread.run(Thread.java:748)
"pool-176-thread-53"  prio=5 tid=2132 in Object.wait()
java.lang.Thread.State: WAITING (on object monitor)
        at sun.misc.Unsafe.park(Native Method)
        at java.util.concurrent.locks.LockSupport.park(LockSupport.java:175)
        at java.util.concurrent.locks.AbstractQueuedSynchronizer$ConditionObject.await(AbstractQueuedSynchronizer.java:2039)
        at java.util.concurrent.ArrayBlockingQueue.take(ArrayBlockingQueue.java:403)
        at java.util.concurrent.ThreadPoolExecutor.getTask(ThreadPoolExecutor.java:1074)
        at java.util.concurrent.ThreadPoolExecutor.runWorker(ThreadPoolExecutor.java:1134)
        at java.util.concurrent.ThreadPoolExecutor$Worker.run(ThreadPoolExecutor.java:624)
        at java.lang.Thread.run(Thread.java:748)
"pool-196-thread-26"  prio=5 tid=2230 in Object.wait()
java.lang.Thread.State: WAITING (on object monitor)
        at sun.misc.Unsafe.park(Native Method)
        at java.util.concurrent.locks.LockSupport.park(LockSupport.java:175)
        at java.util.concurrent.locks.AbstractQueuedSynchronizer$ConditionObject.await(AbstractQueuedSynchronizer.java:2039)
        at java.util.concurrent.ArrayBlockingQueue.take(ArrayBlockingQueue.java:403)
        at java.util.concurrent.ThreadPoolExecutor.getTask(ThreadPoolExecutor.java:1074)
        at java.util.concurrent.ThreadPoolExecutor.runWorker(ThreadPoolExecutor.java:1134)
        at java.util.concurrent.ThreadPoolExecutor$Worker.run(ThreadPoolExecutor.java:624)
        at java.lang.Thread.run(Thread.java:748)
"pool-176-thread-43"  prio=5 tid=2122 in Object.wait()
java.lang.Thread.State: WAITING (on object monitor)
        at sun.misc.Unsafe.park(Native Method)
        at java.util.concurrent.locks.LockSupport.park(LockSupport.java:175)
        at java.util.concurrent.locks.AbstractQueuedSynchronizer$ConditionObject.await(AbstractQueuedSynchronizer.java:2039)
        at java.util.concurrent.ArrayBlockingQueue.take(ArrayBlockingQueue.java:403)
        at java.util.concurrent.ThreadPoolExecutor.getTask(ThreadPoolExecutor.java:1074)
        at java.util.concurrent.ThreadPoolExecutor.runWorker(ThreadPoolExecutor.java:1134)
        at java.util.concurrent.ThreadPoolExecutor$Worker.run(ThreadPoolExecutor.java:624)
        at java.lang.Thread.run(Thread.java:748)
"pool-186-thread-30"  prio=5 tid=2172 in Object.wait()
java.lang.Thread.State: WAITING (on object monitor)
        at sun.misc.Unsafe.park(Native Method)
        at java.util.concurrent.locks.LockSupport.park(LockSupport.java:175)
        at java.util.concurrent.locks.AbstractQueuedSynchronizer$ConditionObject.await(AbstractQueuedSynchronizer.java:2039)
        at java.util.concurrent.ArrayBlockingQueue.take(ArrayBlockingQueue.java:403)
        at java.util.concurrent.ThreadPoolExecutor.getTask(ThreadPoolExecutor.java:1074)
        at java.util.concurrent.ThreadPoolExecutor.runWorker(ThreadPoolExecutor.java:1134)
        at java.util.concurrent.ThreadPoolExecutor$Worker.run(ThreadPoolExecutor.java:624)
        at java.lang.Thread.run(Thread.java:748)
"metrics-hadoop-metrics2-reporter-27-thread-1" daemon prio=5 tid=518 timed_waiting
java.lang.Thread.State: TIMED_WAITING
        at sun.misc.Unsafe.park(Native Method)
        at java.util.concurrent.locks.LockSupport.parkNanos(LockSupport.java:215)
        at java.util.concurrent.locks.AbstractQueuedSynchronizer$ConditionObject.awaitNanos(AbstractQueuedSynchronizer.java:2078)
        at java.util.concurrent.ScheduledThreadPoolExecutor$DelayedWorkQueue.take(ScheduledThreadPoolExecutor.java:1093)
        at java.util.concurrent.ScheduledThreadPoolExecutor$DelayedWorkQueue.take(ScheduledThreadPoolExecutor.java:809)
        at java.util.concurrent.ThreadPoolExecutor.getTask(ThreadPoolExecutor.java:1074)
        at java.util.concurrent.ThreadPoolExecutor.runWorker(ThreadPoolExecutor.java:1134)
        at java.util.concurrent.ThreadPoolExecutor$Worker.run(ThreadPoolExecutor.java:624)
        at java.lang.Thread.run(Thread.java:748)
"Datanode State Machine Thread - 0" daemon prio=5 tid=2078 timed_waiting
java.lang.Thread.State: TIMED_WAITING
        at sun.misc.Unsafe.park(Native Method)
        at java.util.concurrent.locks.LockSupport.parkNanos(LockSupport.java:215)
        at java.util.concurrent.SynchronousQueue$TransferStack.awaitFulfill(SynchronousQueue.java:460)
        at java.util.concurrent.SynchronousQueue$TransferStack.transfer(SynchronousQueue.java:362)
        at java.util.concurrent.SynchronousQueue.poll(SynchronousQueue.java:941)
        at java.util.concurrent.ThreadPoolExecutor.getTask(ThreadPoolExecutor.java:1073)
        at java.util.concurrent.ThreadPoolExecutor.runWorker(ThreadPoolExecutor.java:1134)
        at java.util.concurrent.ThreadPoolExecutor$Worker.run(ThreadPoolExecutor.java:624)
        at java.lang.Thread.run(Thread.java:748)
"IPC Server handler 18 on 43940" daemon prio=5 tid=1900 timed_waiting
java.lang.Thread.State: TIMED_WAITING
        at sun.misc.Unsafe.park(Native Method)
        at java.util.concurrent.locks.LockSupport.parkNanos(LockSupport.java:215)
        at java.util.concurrent.locks.AbstractQueuedSynchronizer$ConditionObject.awaitNanos(AbstractQueuedSynchronizer.java:2078)
        at java.util.concurrent.LinkedBlockingQueue.poll(LinkedBlockingQueue.java:467)
        at org.apache.hadoop.ipc.CallQueueManager.take(CallQueueManager.java:288)
        at org.apache.hadoop.ipc.Server$Handler.run(Server.java:2668)
"metrics-hadoop-metrics2-reporter-5-thread-1" daemon prio=5 tid=447 timed_waiting
java.lang.Thread.State: TIMED_WAITING
        at sun.misc.Unsafe.park(Native Method)
        at java.util.concurrent.locks.LockSupport.parkNanos(LockSupport.java:215)
        at java.util.concurrent.locks.AbstractQueuedSynchronizer$ConditionObject.awaitNanos(AbstractQueuedSynchronizer.java:2078)
        at java.util.concurrent.ScheduledThreadPoolExecutor$DelayedWorkQueue.take(ScheduledThreadPoolExecutor.java:1093)
        at java.util.concurrent.ScheduledThreadPoolExecutor$DelayedWorkQueue.take(ScheduledThreadPoolExecutor.java:809)
        at java.util.concurrent.ThreadPoolExecutor.getTask(ThreadPoolExecutor.java:1074)
        at java.util.concurrent.ThreadPoolExecutor.runWorker(ThreadPoolExecutor.java:1134)
        at java.util.concurrent.ThreadPoolExecutor$Worker.run(ThreadPoolExecutor.java:624)
        at java.lang.Thread.run(Thread.java:748)
"pool-186-thread-17"  prio=5 tid=2159 in Object.wait()
java.lang.Thread.State: WAITING (on object monitor)
        at sun.misc.Unsafe.park(Native Method)
        at java.util.concurrent.locks.LockSupport.park(LockSupport.java:175)
        at java.util.concurrent.locks.AbstractQueuedSynchronizer$ConditionObject.await(AbstractQueuedSynchronizer.java:2039)
        at java.util.concurrent.ArrayBlockingQueue.take(ArrayBlockingQueue.java:403)
        at java.util.concurrent.ThreadPoolExecutor.getTask(ThreadPoolExecutor.java:1074)
        at java.util.concurrent.ThreadPoolExecutor.runWorker(ThreadPoolExecutor.java:1134)
        at java.util.concurrent.ThreadPoolExecutor$Worker.run(ThreadPoolExecutor.java:624)
        at java.lang.Thread.run(Thread.java:748)
"Thread-3787" daemon prio=5 tid=4991 timed_waiting
java.lang.Thread.State: TIMED_WAITING
        at java.lang.Thread.sleep(Native Method)
        at org.apache.ratis.util.JavaUtils.sleep(JavaUtils.java:247)
        at org.apache.ratis.server.impl.FollowerState.run(FollowerState.java:97)
"metrics-hadoop-metrics2-reporter-79-thread-1" daemon prio=5 tid=1642 timed_waiting
java.lang.Thread.State: TIMED_WAITING
        at sun.misc.Unsafe.park(Native Method)
        at java.util.concurrent.locks.LockSupport.parkNanos(LockSupport.java:215)
        at java.util.concurrent.locks.AbstractQueuedSynchronizer$ConditionObject.awaitNanos(AbstractQueuedSynchronizer.java:2078)
        at java.util.concurrent.ScheduledThreadPoolExecutor$DelayedWorkQueue.take(ScheduledThreadPoolExecutor.java:1093)
        at java.util.concurrent.ScheduledThreadPoolExecutor$DelayedWorkQueue.take(ScheduledThreadPoolExecutor.java:809)
        at java.util.concurrent.ThreadPoolExecutor.getTask(ThreadPoolExecutor.java:1074)
        at java.util.concurrent.ThreadPoolExecutor.runWorker(ThreadPoolExecutor.java:1134)
        at java.util.concurrent.ThreadPoolExecutor$Worker.run(ThreadPoolExecutor.java:624)
        at java.lang.Thread.run(Thread.java:748)
"metrics-hadoop-metrics2-reporter-3-thread-1" daemon prio=5 tid=439 timed_waiting
java.lang.Thread.State: TIMED_WAITING
        at sun.misc.Unsafe.park(Native Method)
        at java.util.concurrent.locks.LockSupport.parkNanos(LockSupport.java:215)
        at java.util.concurrent.locks.AbstractQueuedSynchronizer$ConditionObject.awaitNanos(AbstractQueuedSynchronizer.java:2078)
        at java.util.concurrent.ScheduledThreadPoolExecutor$DelayedWorkQueue.take(ScheduledThreadPoolExecutor.java:1093)
        at java.util.concurrent.ScheduledThreadPoolExecutor$DelayedWorkQueue.take(ScheduledThreadPoolExecutor.java:809)
        at java.util.concurrent.ThreadPoolExecutor.getTask(ThreadPoolExecutor.java:1074)
        at java.util.concurrent.ThreadPoolExecutor.runWorker(ThreadPoolExecutor.java:1134)
        at java.util.concurrent.ThreadPoolExecutor$Worker.run(ThreadPoolExecutor.java:624)
        at java.lang.Thread.run(Thread.java:748)
"metrics-hadoop-metrics2-reporter-15-thread-1" daemon prio=5 tid=478 timed_waiting
java.lang.Thread.State: TIMED_WAITING
        at sun.misc.Unsafe.park(Native Method)
        at java.util.concurrent.locks.LockSupport.parkNanos(LockSupport.java:215)
        at java.util.concurrent.locks.AbstractQueuedSynchronizer$ConditionObject.awaitNanos(AbstractQueuedSynchronizer.java:2078)
        at java.util.concurrent.ScheduledThreadPoolExecutor$DelayedWorkQueue.take(ScheduledThreadPoolExecutor.java:1093)
        at java.util.concurrent.ScheduledThreadPoolExecutor$DelayedWorkQueue.take(ScheduledThreadPoolExecutor.java:809)
        at java.util.concurrent.ThreadPoolExecutor.getTask(ThreadPoolExecutor.java:1074)
        at java.util.concurrent.ThreadPoolExecutor.runWorker(ThreadPoolExecutor.java:1134)
        at java.util.concurrent.ThreadPoolExecutor$Worker.run(ThreadPoolExecutor.java:624)
        at java.lang.Thread.run(Thread.java:748)
"IPC Server handler 13 on 37818" daemon prio=5 tid=1915 timed_waiting
java.lang.Thread.State: TIMED_WAITING
        at sun.misc.Unsafe.park(Native Method)
        at java.util.concurrent.locks.LockSupport.parkNanos(LockSupport.java:215)
        at java.util.concurrent.locks.AbstractQueuedSynchronizer$ConditionObject.awaitNanos(AbstractQueuedSynchronizer.java:2078)
        at java.util.concurrent.LinkedBlockingQueue.poll(LinkedBlockingQueue.java:467)
        at org.apache.hadoop.ipc.CallQueueManager.take(CallQueueManager.java:288)
        at org.apache.hadoop.ipc.Server$Handler.run(Server.java:2668)
"metrics-hadoop-metrics2-reporter-35-thread-1" daemon prio=5 tid=967 timed_waiting
java.lang.Thread.State: TIMED_WAITING
        at sun.misc.Unsafe.park(Native Method)
        at java.util.concurrent.locks.LockSupport.parkNanos(LockSupport.java:215)
        at java.util.concurrent.locks.AbstractQueuedSynchronizer$ConditionObject.awaitNanos(AbstractQueuedSynchronizer.java:2078)
        at java.util.concurrent.ScheduledThreadPoolExecutor$DelayedWorkQueue.take(ScheduledThreadPoolExecutor.java:1093)
        at java.util.concurrent.ScheduledThreadPoolExecutor$DelayedWorkQueue.take(ScheduledThreadPoolExecutor.java:809)
        at java.util.concurrent.ThreadPoolExecutor.getTask(ThreadPoolExecutor.java:1074)
        at java.util.concurrent.ThreadPoolExecutor.runWorker(ThreadPoolExecutor.java:1134)
        at java.util.concurrent.ThreadPoolExecutor$Worker.run(ThreadPoolExecutor.java:624)
        at java.lang.Thread.run(Thread.java:748)
"metrics-hadoop-metrics2-reporter-121-thread-1" daemon prio=5 tid=2350 timed_waiting
java.lang.Thread.State: TIMED_WAITING
        at sun.misc.Unsafe.park(Native Method)
        at java.util.concurrent.locks.LockSupport.parkNanos(LockSupport.java:215)
        at java.util.concurrent.locks.AbstractQueuedSynchronizer$ConditionObject.awaitNanos(AbstractQueuedSynchronizer.java:2078)
        at java.util.concurrent.ScheduledThreadPoolExecutor$DelayedWorkQueue.take(ScheduledThreadPoolExecutor.java:1093)
        at java.util.concurrent.ScheduledThreadPoolExecutor$DelayedWorkQueue.take(ScheduledThreadPoolExecutor.java:809)
        at java.util.concurrent.ThreadPoolExecutor.getTask(ThreadPoolExecutor.java:1074)
        at java.util.concurrent.ThreadPoolExecutor.runWorker(ThreadPoolExecutor.java:1134)
        at java.util.concurrent.ThreadPoolExecutor$Worker.run(ThreadPoolExecutor.java:624)
        at java.lang.Thread.run(Thread.java:748)
"pool-176-thread-1"  prio=5 tid=2080 in Object.wait()
java.lang.Thread.State: WAITING (on object monitor)
        at sun.misc.Unsafe.park(Native Method)
        at java.util.concurrent.locks.LockSupport.park(LockSupport.java:175)
        at java.util.concurrent.locks.AbstractQueuedSynchronizer$ConditionObject.await(AbstractQueuedSynchronizer.java:2039)
        at java.util.concurrent.ArrayBlockingQueue.take(ArrayBlockingQueue.java:403)
        at java.util.concurrent.ThreadPoolExecutor.getTask(ThreadPoolExecutor.java:1074)
        at java.util.concurrent.ThreadPoolExecutor.runWorker(ThreadPoolExecutor.java:1134)
        at java.util.concurrent.ThreadPoolExecutor$Worker.run(ThreadPoolExecutor.java:624)
        at java.lang.Thread.run(Thread.java:748)
"IPC Server handler 0 on 43940" daemon prio=5 tid=1882 timed_waiting
java.lang.Thread.State: TIMED_WAITING
        at sun.misc.Unsafe.park(Native Method)
        at java.util.concurrent.locks.LockSupport.parkNanos(LockSupport.java:215)
        at java.util.concurrent.locks.AbstractQueuedSynchronizer$ConditionObject.awaitNanos(AbstractQueuedSynchronizer.java:2078)
        at java.util.concurrent.LinkedBlockingQueue.poll(LinkedBlockingQueue.java:467)
        at org.apache.hadoop.ipc.CallQueueManager.take(CallQueueManager.java:288)
        at org.apache.hadoop.ipc.Server$Handler.run(Server.java:2668)
"pool-196-thread-47"  prio=5 tid=2251 in Object.wait()
java.lang.Thread.State: WAITING (on object monitor)
        at sun.misc.Unsafe.park(Native Method)
        at java.util.concurrent.locks.LockSupport.park(LockSupport.java:175)
        at java.util.concurrent.locks.AbstractQueuedSynchronizer$ConditionObject.await(AbstractQueuedSynchronizer.java:2039)
        at java.util.concurrent.ArrayBlockingQueue.take(ArrayBlockingQueue.java:403)
        at java.util.concurrent.ThreadPoolExecutor.getTask(ThreadPoolExecutor.java:1074)
        at java.util.concurrent.ThreadPoolExecutor.runWorker(ThreadPoolExecutor.java:1134)
        at java.util.concurrent.ThreadPoolExecutor$Worker.run(ThreadPoolExecutor.java:624)
        at java.lang.Thread.run(Thread.java:748)
"IPC Server handler 7 on 35803" daemon prio=5 tid=1929 timed_waiting
java.lang.Thread.State: TIMED_WAITING
        at sun.misc.Unsafe.park(Native Method)
        at java.util.concurrent.locks.LockSupport.parkNanos(LockSupport.java:215)
        at java.util.concurrent.locks.AbstractQueuedSynchronizer$ConditionObject.awaitNanos(AbstractQueuedSynchronizer.java:2078)
        at java.util.concurrent.LinkedBlockingQueue.poll(LinkedBlockingQueue.java:467)
        at org.apache.hadoop.ipc.CallQueueManager.take(CallQueueManager.java:288)
        at org.apache.hadoop.ipc.Server$Handler.run(Server.java:2668)
"metrics-hadoop-metrics2-reporter-123-thread-1" daemon prio=5 tid=2354 timed_waiting
java.lang.Thread.State: TIMED_WAITING
        at sun.misc.Unsafe.park(Native Method)
        at java.util.concurrent.locks.LockSupport.parkNanos(LockSupport.java:215)
        at java.util.concurrent.locks.AbstractQueuedSynchronizer$ConditionObject.awaitNanos(AbstractQueuedSynchronizer.java:2078)
        at java.util.concurrent.ScheduledThreadPoolExecutor$DelayedWorkQueue.take(ScheduledThreadPoolExecutor.java:1093)
        at java.util.concurrent.ScheduledThreadPoolExecutor$DelayedWorkQueue.take(ScheduledThreadPoolExecutor.java:809)
        at java.util.concurrent.ThreadPoolExecutor.getTask(ThreadPoolExecutor.java:1074)
        at java.util.concurrent.ThreadPoolExecutor.runWorker(ThreadPoolExecutor.java:1134)
        at java.util.concurrent.ThreadPoolExecutor$Worker.run(ThreadPoolExecutor.java:624)
        at java.lang.Thread.run(Thread.java:748)
"metrics-hadoop-metrics2-reporter-59-thread-1" daemon prio=5 tid=1138 timed_waiting
java.lang.Thread.State: TIMED_WAITING
        at sun.misc.Unsafe.park(Native Method)
        at java.util.concurrent.locks.LockSupport.parkNanos(LockSupport.java:215)
        at java.util.concurrent.locks.AbstractQueuedSynchronizer$ConditionObject.awaitNanos(AbstractQueuedSynchronizer.java:2078)
        at java.util.concurrent.ScheduledThreadPoolExecutor$DelayedWorkQueue.take(ScheduledThreadPoolExecutor.java:1093)
        at java.util.concurrent.ScheduledThreadPoolExecutor$DelayedWorkQueue.take(ScheduledThreadPoolExecutor.java:809)
        at java.util.concurrent.ThreadPoolExecutor.getTask(ThreadPoolExecutor.java:1074)
        at java.util.concurrent.ThreadPoolExecutor.runWorker(ThreadPoolExecutor.java:1134)
        at java.util.concurrent.ThreadPoolExecutor$Worker.run(ThreadPoolExecutor.java:624)
        at java.lang.Thread.run(Thread.java:748)
"qtp2077845538-1994" daemon prio=5 tid=1994 timed_waiting
java.lang.Thread.State: TIMED_WAITING
        at sun.misc.Unsafe.park(Native Method)
        at java.util.concurrent.locks.LockSupport.parkNanos(LockSupport.java:215)
        at java.util.concurrent.locks.AbstractQueuedSynchronizer$ConditionObject.awaitNanos(AbstractQueuedSynchronizer.java:2078)
        at org.eclipse.jetty.util.BlockingArrayQueue.poll(BlockingArrayQueue.java:392)
        at org.eclipse.jetty.util.thread.QueuedThreadPool.idleJobPoll(QueuedThreadPool.java:563)
        at org.eclipse.jetty.util.thread.QueuedThreadPool.access$800(QueuedThreadPool.java:48)
        at org.eclipse.jetty.util.thread.QueuedThreadPool$2.run(QueuedThreadPool.java:626)
        at java.lang.Thread.run(Thread.java:748)
"qtp2077845538-1992" daemon prio=5 tid=1992 timed_waiting
java.lang.Thread.State: TIMED_WAITING
        at sun.misc.Unsafe.park(Native Method)
        at java.util.concurrent.locks.LockSupport.parkNanos(LockSupport.java:215)
        at java.util.concurrent.locks.AbstractQueuedSynchronizer$ConditionObject.awaitNanos(AbstractQueuedSynchronizer.java:2078)
        at org.eclipse.jetty.util.BlockingArrayQueue.poll(BlockingArrayQueue.java:392)
        at org.eclipse.jetty.util.thread.QueuedThreadPool.idleJobPoll(QueuedThreadPool.java:563)
        at org.eclipse.jetty.util.thread.QueuedThreadPool.access$800(QueuedThreadPool.java:48)
        at org.eclipse.jetty.util.thread.QueuedThreadPool$2.run(QueuedThreadPool.java:626)
        at java.lang.Thread.run(Thread.java:748)
"grpc-default-executor-1" daemon prio=5 tid=2314 timed_waiting
java.lang.Thread.State: TIMED_WAITING
        at sun.misc.Unsafe.park(Native Method)
        at java.util.concurrent.locks.LockSupport.parkNanos(LockSupport.java:215)
        at java.util.concurrent.SynchronousQueue$TransferStack.awaitFulfill(SynchronousQueue.java:460)
        at java.util.concurrent.SynchronousQueue$TransferStack.transfer(SynchronousQueue.java:362)
        at java.util.concurrent.SynchronousQueue.poll(SynchronousQueue.java:941)
        at java.util.concurrent.ThreadPoolExecutor.getTask(ThreadPoolExecutor.java:1073)
        at java.util.concurrent.ThreadPoolExecutor.runWorker(ThreadPoolExecutor.java:1134)
        at java.util.concurrent.ThreadPoolExecutor$Worker.run(ThreadPoolExecutor.java:624)
        at java.lang.Thread.run(Thread.java:748)
"EventQueue-ContainerReportForContainerReportHandler" daemon prio=5 tid=2269 in Object.wait()
java.lang.Thread.State: WAITING (on object monitor)
        at sun.misc.Unsafe.park(Native Method)
        at java.util.concurrent.locks.LockSupport.park(LockSupport.java:175)
        at java.util.concurrent.locks.AbstractQueuedSynchronizer$ConditionObject.await(AbstractQueuedSynchronizer.java:2039)
        at java.util.concurrent.LinkedBlockingQueue.take(LinkedBlockingQueue.java:442)
        at java.util.concurrent.ThreadPoolExecutor.getTask(ThreadPoolExecutor.java:1074)
        at java.util.concurrent.ThreadPoolExecutor.runWorker(ThreadPoolExecutor.java:1134)
        at java.util.concurrent.ThreadPoolExecutor$Worker.run(ThreadPoolExecutor.java:624)
        at java.lang.Thread.run(Thread.java:748)
"pool-196-thread-14"  prio=5 tid=2218 in Object.wait()
java.lang.Thread.State: WAITING (on object monitor)
        at sun.misc.Unsafe.park(Native Method)
        at java.util.concurrent.locks.LockSupport.park(LockSupport.java:175)
        at java.util.concurrent.locks.AbstractQueuedSynchronizer$ConditionObject.await(AbstractQueuedSynchronizer.java:2039)
        at java.util.concurrent.ArrayBlockingQueue.take(ArrayBlockingQueue.java:403)
        at java.util.concurrent.ThreadPoolExecutor.getTask(ThreadPoolExecutor.java:1074)
        at java.util.concurrent.ThreadPoolExecutor.runWorker(ThreadPoolExecutor.java:1134)
        at java.util.concurrent.ThreadPoolExecutor$Worker.run(ThreadPoolExecutor.java:624)
        at java.lang.Thread.run(Thread.java:748)
"pool-196-thread-5"  prio=5 tid=2209 in Object.wait()
java.lang.Thread.State: WAITING (on object monitor)
        at sun.misc.Unsafe.park(Native Method)
        at java.util.concurrent.locks.LockSupport.park(LockSupport.java:175)
        at java.util.concurrent.locks.AbstractQueuedSynchronizer$ConditionObject.await(AbstractQueuedSynchronizer.java:2039)
        at java.util.concurrent.ArrayBlockingQueue.take(ArrayBlockingQueue.java:403)
        at java.util.concurrent.ThreadPoolExecutor.getTask(ThreadPoolExecutor.java:1074)
        at java.util.concurrent.ThreadPoolExecutor.runWorker(ThreadPoolExecutor.java:1134)
        at java.util.concurrent.ThreadPoolExecutor$Worker.run(ThreadPoolExecutor.java:624)
        at java.lang.Thread.run(Thread.java:748)
"metrics-hadoop-metrics2-reporter-77-thread-1" daemon prio=5 tid=1632 timed_waiting
java.lang.Thread.State: TIMED_WAITING
        at sun.misc.Unsafe.park(Native Method)
        at java.util.concurrent.locks.LockSupport.parkNanos(LockSupport.java:215)
        at java.util.concurrent.locks.AbstractQueuedSynchronizer$ConditionObject.awaitNanos(AbstractQueuedSynchronizer.java:2078)
        at java.util.concurrent.ScheduledThreadPoolExecutor$DelayedWorkQueue.take(ScheduledThreadPoolExecutor.java:1093)
        at java.util.concurrent.ScheduledThreadPoolExecutor$DelayedWorkQueue.take(ScheduledThreadPoolExecutor.java:809)
        at java.util.concurrent.ThreadPoolExecutor.getTask(ThreadPoolExecutor.java:1074)
        at java.util.concurrent.ThreadPoolExecutor.runWorker(ThreadPoolExecutor.java:1134)
        at java.util.concurrent.ThreadPoolExecutor$Worker.run(ThreadPoolExecutor.java:624)
        at java.lang.Thread.run(Thread.java:748)
"metrics-hadoop-metrics2-reporter-76-thread-1" daemon prio=5 tid=1630 timed_waiting
java.lang.Thread.State: TIMED_WAITING
        at sun.misc.Unsafe.park(Native Method)
        at java.util.concurrent.locks.LockSupport.parkNanos(LockSupport.java:215)
        at java.util.concurrent.locks.AbstractQueuedSynchronizer$ConditionObject.awaitNanos(AbstractQueuedSynchronizer.java:2078)
        at java.util.concurrent.ScheduledThreadPoolExecutor$DelayedWorkQueue.take(ScheduledThreadPoolExecutor.java:1093)
        at java.util.concurrent.ScheduledThreadPoolExecutor$DelayedWorkQueue.take(ScheduledThreadPoolExecutor.java:809)
        at java.util.concurrent.ThreadPoolExecutor.getTask(ThreadPoolExecutor.java:1074)
        at java.util.concurrent.ThreadPoolExecutor.runWorker(ThreadPoolExecutor.java:1134)
        at java.util.concurrent.ThreadPoolExecutor$Worker.run(ThreadPoolExecutor.java:624)
        at java.lang.Thread.run(Thread.java:748)
"pool-186-thread-42"  prio=5 tid=2184 in Object.wait()
java.lang.Thread.State: WAITING (on object monitor)
        at sun.misc.Unsafe.park(Native Method)
        at java.util.concurrent.locks.LockSupport.park(LockSupport.java:175)
        at java.util.concurrent.locks.AbstractQueuedSynchronizer$ConditionObject.await(AbstractQueuedSynchronizer.java:2039)
        at java.util.concurrent.ArrayBlockingQueue.take(ArrayBlockingQueue.java:403)
        at java.util.concurrent.ThreadPoolExecutor.getTask(ThreadPoolExecutor.java:1074)
        at java.util.concurrent.ThreadPoolExecutor.runWorker(ThreadPoolExecutor.java:1134)
        at java.util.concurrent.ThreadPoolExecutor$Worker.run(ThreadPoolExecutor.java:624)
        at java.lang.Thread.run(Thread.java:748)
"IPC Server handler 6 on 43940" daemon prio=5 tid=1888 timed_waiting
java.lang.Thread.State: TIMED_WAITING
        at sun.misc.Unsafe.park(Native Method)
        at java.util.concurrent.locks.LockSupport.parkNanos(LockSupport.java:215)
        at java.util.concurrent.locks.AbstractQueuedSynchronizer$ConditionObject.awaitNanos(AbstractQueuedSynchronizer.java:2078)
        at java.util.concurrent.LinkedBlockingQueue.poll(LinkedBlockingQueue.java:467)
        at org.apache.hadoop.ipc.CallQueueManager.take(CallQueueManager.java:288)
        at org.apache.hadoop.ipc.Server$Handler.run(Server.java:2668)
"metrics-hadoop-metrics2-reporter-38-thread-1" daemon prio=5 tid=975 timed_waiting
java.lang.Thread.State: TIMED_WAITING
        at sun.misc.Unsafe.park(Native Method)
        at java.util.concurrent.locks.LockSupport.parkNanos(LockSupport.java:215)
        at java.util.concurrent.locks.AbstractQueuedSynchronizer$ConditionObject.awaitNanos(AbstractQueuedSynchronizer.java:2078)
        at java.util.concurrent.ScheduledThreadPoolExecutor$DelayedWorkQueue.take(ScheduledThreadPoolExecutor.java:1093)
        at java.util.concurrent.ScheduledThreadPoolExecutor$DelayedWorkQueue.take(ScheduledThreadPoolExecutor.java:809)
        at java.util.concurrent.ThreadPoolExecutor.getTask(ThreadPoolExecutor.java:1074)
        at java.util.concurrent.ThreadPoolExecutor.runWorker(ThreadPoolExecutor.java:1134)
        at java.util.concurrent.ThreadPoolExecutor$Worker.run(ThreadPoolExecutor.java:624)
        at java.lang.Thread.run(Thread.java:748)
"IPC Server handler 19 on 35803" daemon prio=5 tid=1941 timed_waiting
java.lang.Thread.State: TIMED_WAITING
        at sun.misc.Unsafe.park(Native Method)
        at java.util.concurrent.locks.LockSupport.parkNanos(LockSupport.java:215)
        at java.util.concurrent.locks.AbstractQueuedSynchronizer$ConditionObject.awaitNanos(AbstractQueuedSynchronizer.java:2078)
        at java.util.concurrent.LinkedBlockingQueue.poll(LinkedBlockingQueue.java:467)
        at org.apache.hadoop.ipc.CallQueueManager.take(CallQueueManager.java:288)
        at org.apache.hadoop.ipc.Server$Handler.run(Server.java:2668)
"IPC Server handler 19 on 37818" daemon prio=5 tid=1921 timed_waiting
java.lang.Thread.State: TIMED_WAITING
        at sun.misc.Unsafe.park(Native Method)
        at java.util.concurrent.locks.LockSupport.parkNanos(LockSupport.java:215)
        at java.util.concurrent.locks.AbstractQueuedSynchronizer$ConditionObject.awaitNanos(AbstractQueuedSynchronizer.java:2078)
        at java.util.concurrent.LinkedBlockingQueue.poll(LinkedBlockingQueue.java:467)
        at org.apache.hadoop.ipc.CallQueueManager.take(CallQueueManager.java:288)
        at org.apache.hadoop.ipc.Server$Handler.run(Server.java:2668)
"metrics-hadoop-metrics2-reporter-55-thread-1" daemon prio=5 tid=1126 timed_waiting
java.lang.Thread.State: TIMED_WAITING
        at sun.misc.Unsafe.park(Native Method)
        at java.util.concurrent.locks.LockSupport.parkNanos(LockSupport.java:215)
        at java.util.concurrent.locks.AbstractQueuedSynchronizer$ConditionObject.awaitNanos(AbstractQueuedSynchronizer.java:2078)
        at java.util.concurrent.ScheduledThreadPoolExecutor$DelayedWorkQueue.take(ScheduledThreadPoolExecutor.java:1093)
        at java.util.concurrent.ScheduledThreadPoolExecutor$DelayedWorkQueue.take(ScheduledThreadPoolExecutor.java:809)
        at java.util.concurrent.ThreadPoolExecutor.getTask(ThreadPoolExecutor.java:1074)
        at java.util.concurrent.ThreadPoolExecutor.runWorker(ThreadPoolExecutor.java:1134)
        at java.util.concurrent.ThreadPoolExecutor$Worker.run(ThreadPoolExecutor.java:624)
        at java.lang.Thread.run(Thread.java:748)
"pool-196-thread-55"  prio=5 tid=2259 in Object.wait()
java.lang.Thread.State: WAITING (on object monitor)
        at sun.misc.Unsafe.park(Native Method)
        at java.util.concurrent.locks.LockSupport.park(LockSupport.java:175)
        at java.util.concurrent.locks.AbstractQueuedSynchronizer$ConditionObject.await(AbstractQueuedSynchronizer.java:2039)
        at java.util.concurrent.ArrayBlockingQueue.take(ArrayBlockingQueue.java:403)
        at java.util.concurrent.ThreadPoolExecutor.getTask(ThreadPoolExecutor.java:1074)
        at java.util.concurrent.ThreadPoolExecutor.runWorker(ThreadPoolExecutor.java:1134)
        at java.util.concurrent.ThreadPoolExecutor$Worker.run(ThreadPoolExecutor.java:624)
        at java.lang.Thread.run(Thread.java:748)
"metrics-hadoop-metrics2-reporter-39-thread-1" daemon prio=5 tid=978 timed_waiting
java.lang.Thread.State: TIMED_WAITING
        at sun.misc.Unsafe.park(Native Method)
        at java.util.concurrent.locks.LockSupport.parkNanos(LockSupport.java:215)
        at java.util.concurrent.locks.AbstractQueuedSynchronizer$ConditionObject.awaitNanos(AbstractQueuedSynchronizer.java:2078)
        at java.util.concurrent.ScheduledThreadPoolExecutor$DelayedWorkQueue.take(ScheduledThreadPoolExecutor.java:1093)
        at java.util.concurrent.ScheduledThreadPoolExecutor$DelayedWorkQueue.take(ScheduledThreadPoolExecutor.java:809)
        at java.util.concurrent.ThreadPoolExecutor.getTask(ThreadPoolExecutor.java:1074)
        at java.util.concurrent.ThreadPoolExecutor.runWorker(ThreadPoolExecutor.java:1134)
        at java.util.concurrent.ThreadPoolExecutor$Worker.run(ThreadPoolExecutor.java:624)
        at java.lang.Thread.run(Thread.java:748)
"Timer-4"  prio=5 tid=1963 timed_waiting
java.lang.Thread.State: TIMED_WAITING
        at java.lang.Object.wait(Native Method)
        at java.util.TimerThread.mainLoop(Timer.java:552)
        at java.util.TimerThread.run(Timer.java:505)
"metrics-hadoop-metrics2-reporter-60-thread-1" daemon prio=5 tid=1134 timed_waiting
java.lang.Thread.State: TIMED_WAITING
        at sun.misc.Unsafe.park(Native Method)
        at java.util.concurrent.locks.LockSupport.parkNanos(LockSupport.java:215)
        at java.util.concurrent.locks.AbstractQueuedSynchronizer$ConditionObject.awaitNanos(AbstractQueuedSynchronizer.java:2078)
        at java.util.concurrent.ScheduledThreadPoolExecutor$DelayedWorkQueue.take(ScheduledThreadPoolExecutor.java:1093)
        at java.util.concurrent.ScheduledThreadPoolExecutor$DelayedWorkQueue.take(ScheduledThreadPoolExecutor.java:809)
        at java.util.concurrent.ThreadPoolExecutor.getTask(ThreadPoolExecutor.java:1074)
        at java.util.concurrent.ThreadPoolExecutor.runWorker(ThreadPoolExecutor.java:1134)
        at java.util.concurrent.ThreadPoolExecutor$Worker.run(ThreadPoolExecutor.java:624)
        at java.lang.Thread.run(Thread.java:748)
"qtp1300497562-2061-acceptor-0@718124c4-ServerConnector@29c17c3d{HTTP/1.1,[http/1.1]}{0.0.0.0:35351}" daemon prio=3 tid=2061 runnable
java.lang.Thread.State: RUNNABLE
        at sun.nio.ch.ServerSocketChannelImpl.accept0(Native Method)
        at sun.nio.ch.ServerSocketChannelImpl.accept(ServerSocketChannelImpl.java:422)
        at sun.nio.ch.ServerSocketChannelImpl.accept(ServerSocketChannelImpl.java:250)
        at org.eclipse.jetty.server.ServerConnector.accept(ServerConnector.java:397)
        at org.eclipse.jetty.server.AbstractConnector$Acceptor.run(AbstractConnector.java:601)
        at org.eclipse.jetty.util.thread.QueuedThreadPool.runJob(QueuedThreadPool.java:671)
        at org.eclipse.jetty.util.thread.QueuedThreadPool$2.run(QueuedThreadPool.java:589)
        at java.lang.Thread.run(Thread.java:748)
"pool-196-thread-34"  prio=5 tid=2238 in Object.wait()
java.lang.Thread.State: WAITING (on object monitor)
        at sun.misc.Unsafe.park(Native Method)
        at java.util.concurrent.locks.LockSupport.park(LockSupport.java:175)
        at java.util.concurrent.locks.AbstractQueuedSynchronizer$ConditionObject.await(AbstractQueuedSynchronizer.java:2039)
        at java.util.concurrent.ArrayBlockingQueue.take(ArrayBlockingQueue.java:403)
        at java.util.concurrent.ThreadPoolExecutor.getTask(ThreadPoolExecutor.java:1074)
        at java.util.concurrent.ThreadPoolExecutor.runWorker(ThreadPoolExecutor.java:1134)
        at java.util.concurrent.ThreadPoolExecutor$Worker.run(ThreadPoolExecutor.java:624)
        at java.lang.Thread.run(Thread.java:748)
"pool-186-thread-24"  prio=5 tid=2166 in Object.wait()
java.lang.Thread.State: WAITING (on object monitor)
        at sun.misc.Unsafe.park(Native Method)
        at java.util.concurrent.locks.LockSupport.park(LockSupport.java:175)
        at java.util.concurrent.locks.AbstractQueuedSynchronizer$ConditionObject.await(AbstractQueuedSynchronizer.java:2039)
        at java.util.concurrent.ArrayBlockingQueue.take(ArrayBlockingQueue.java:403)
        at java.util.concurrent.ThreadPoolExecutor.getTask(ThreadPoolExecutor.java:1074)
        at java.util.concurrent.ThreadPoolExecutor.runWorker(ThreadPoolExecutor.java:1134)
        at java.util.concurrent.ThreadPoolExecutor$Worker.run(ThreadPoolExecutor.java:624)
        at java.lang.Thread.run(Thread.java:748)
"qtp1821228886-2010" daemon prio=5 tid=2010 timed_waiting
java.lang.Thread.State: TIMED_WAITING
        at sun.misc.Unsafe.park(Native Method)
        at java.util.concurrent.locks.LockSupport.parkNanos(LockSupport.java:215)
        at java.util.concurrent.locks.AbstractQueuedSynchronizer$ConditionObject.awaitNanos(AbstractQueuedSynchronizer.java:2078)
        at org.eclipse.jetty.util.BlockingArrayQueue.poll(BlockingArrayQueue.java:392)
        at org.eclipse.jetty.util.thread.QueuedThreadPool.idleJobPoll(QueuedThreadPool.java:563)
        at org.eclipse.jetty.util.thread.QueuedThreadPool.access$800(QueuedThreadPool.java:48)
        at org.eclipse.jetty.util.thread.QueuedThreadPool$2.run(QueuedThreadPool.java:626)
        at java.lang.Thread.run(Thread.java:748)
"pool-186-thread-12"  prio=5 tid=2154 in Object.wait()
java.lang.Thread.State: WAITING (on object monitor)
        at sun.misc.Unsafe.park(Native Method)
        at java.util.concurrent.locks.LockSupport.park(LockSupport.java:175)
        at java.util.concurrent.locks.AbstractQueuedSynchronizer$ConditionObject.await(AbstractQueuedSynchronizer.java:2039)
        at java.util.concurrent.ArrayBlockingQueue.take(ArrayBlockingQueue.java:403)
        at java.util.concurrent.ThreadPoolExecutor.getTask(ThreadPoolExecutor.java:1074)
        at java.util.concurrent.ThreadPoolExecutor.runWorker(ThreadPoolExecutor.java:1134)
        at java.util.concurrent.ThreadPoolExecutor$Worker.run(ThreadPoolExecutor.java:624)
        at java.lang.Thread.run(Thread.java:748)
"qtp584694804-1945" daemon prio=5 tid=1945 timed_waiting
java.lang.Thread.State: TIMED_WAITING
        at sun.misc.Unsafe.park(Native Method)
        at java.util.concurrent.locks.LockSupport.parkNanos(LockSupport.java:215)
        at java.util.concurrent.locks.AbstractQueuedSynchronizer$ConditionObject.awaitNanos(AbstractQueuedSynchronizer.java:2078)
        at org.eclipse.jetty.util.BlockingArrayQueue.poll(BlockingArrayQueue.java:392)
        at org.eclipse.jetty.util.thread.QueuedThreadPool.idleJobPoll(QueuedThreadPool.java:563)
        at org.eclipse.jetty.util.thread.QueuedThreadPool.access$800(QueuedThreadPool.java:48)
        at org.eclipse.jetty.util.thread.QueuedThreadPool$2.run(QueuedThreadPool.java:626)
        at java.lang.Thread.run(Thread.java:748)
"Reference Handler" daemon prio=10 tid=2 in Object.wait()
java.lang.Thread.State: WAITING (on object monitor)
        at java.lang.Object.wait(Native Method)
        at java.lang.Object.wait(Object.java:502)
        at java.lang.ref.Reference.tryHandlePending(Reference.java:191)
        at java.lang.ref.Reference$ReferenceHandler.run(Reference.java:153)
"BlockDeletingService#0" daemon prio=5 tid=2265 timed_waiting
java.lang.Thread.State: TIMED_WAITING
        at sun.misc.Unsafe.park(Native Method)
        at java.util.concurrent.locks.LockSupport.parkNanos(LockSupport.java:215)
        at java.util.concurrent.locks.AbstractQueuedSynchronizer$ConditionObject.awaitNanos(AbstractQueuedSynchronizer.java:2078)
        at java.util.concurrent.ScheduledThreadPoolExecutor$DelayedWorkQueue.take(ScheduledThreadPoolExecutor.java:1093)
        at java.util.concurrent.ScheduledThreadPoolExecutor$DelayedWorkQueue.take(ScheduledThreadPoolExecutor.java:809)
        at java.util.concurrent.ThreadPoolExecutor.getTask(ThreadPoolExecutor.java:1074)
        at java.util.concurrent.ThreadPoolExecutor.runWorker(ThreadPoolExecutor.java:1134)
        at java.util.concurrent.ThreadPoolExecutor$Worker.run(ThreadPoolExecutor.java:624)
        at java.lang.Thread.run(Thread.java:748)
"metrics-hadoop-metrics2-reporter-80-thread-1" daemon prio=5 tid=1643 timed_waiting
java.lang.Thread.State: TIMED_WAITING
        at sun.misc.Unsafe.park(Native Method)
        at java.util.concurrent.locks.LockSupport.parkNanos(LockSupport.java:215)
        at java.util.concurrent.locks.AbstractQueuedSynchronizer$ConditionObject.awaitNanos(AbstractQueuedSynchronizer.java:2078)
        at java.util.concurrent.ScheduledThreadPoolExecutor$DelayedWorkQueue.take(ScheduledThreadPoolExecutor.java:1093)
        at java.util.concurrent.ScheduledThreadPoolExecutor$DelayedWorkQueue.take(ScheduledThreadPoolExecutor.java:809)
        at java.util.concurrent.ThreadPoolExecutor.getTask(ThreadPoolExecutor.java:1074)
        at java.util.concurrent.ThreadPoolExecutor.runWorker(ThreadPoolExecutor.java:1134)
        at java.util.concurrent.ThreadPoolExecutor$Worker.run(ThreadPoolExecutor.java:624)
        at java.lang.Thread.run(Thread.java:748)
"BlockDeletingService#1" daemon prio=5 tid=2266 in Object.wait()
java.lang.Thread.State: WAITING (on object monitor)
        at sun.misc.Unsafe.park(Native Method)
        at java.util.concurrent.locks.LockSupport.park(LockSupport.java:175)
        at java.util.concurrent.locks.AbstractQueuedSynchronizer$ConditionObject.await(AbstractQueuedSynchronizer.java:2039)
        at java.util.concurrent.ScheduledThreadPoolExecutor$DelayedWorkQueue.take(ScheduledThreadPoolExecutor.java:1088)
        at java.util.concurrent.ScheduledThreadPoolExecutor$DelayedWorkQueue.take(ScheduledThreadPoolExecutor.java:809)
        at java.util.concurrent.ThreadPoolExecutor.getTask(ThreadPoolExecutor.java:1074)
        at java.util.concurrent.ThreadPoolExecutor.runWorker(ThreadPoolExecutor.java:1134)
        at java.util.concurrent.ThreadPoolExecutor$Worker.run(ThreadPoolExecutor.java:624)
        at java.lang.Thread.run(Thread.java:748)
"metrics-hadoop-metrics2-reporter-81-thread-1" daemon prio=5 tid=1649 timed_waiting
java.lang.Thread.State: TIMED_WAITING
        at sun.misc.Unsafe.park(Native Method)
        at java.util.concurrent.locks.LockSupport.parkNanos(LockSupport.java:215)
        at java.util.concurrent.locks.AbstractQueuedSynchronizer$ConditionObject.awaitNanos(AbstractQueuedSynchronizer.java:2078)
        at java.util.concurrent.ScheduledThreadPoolExecutor$DelayedWorkQueue.take(ScheduledThreadPoolExecutor.java:1093)
        at java.util.concurrent.ScheduledThreadPoolExecutor$DelayedWorkQueue.take(ScheduledThreadPoolExecutor.java:809)
        at java.util.concurrent.ThreadPoolExecutor.getTask(ThreadPoolExecutor.java:1074)
        at java.util.concurrent.ThreadPoolExecutor.runWorker(ThreadPoolExecutor.java:1134)
        at java.util.concurrent.ThreadPoolExecutor$Worker.run(ThreadPoolExecutor.java:624)
        at java.lang.Thread.run(Thread.java:748)
"org.eclipse.jetty.server.session.HashSessionManager@d2e6b0bTimer" daemon prio=5 tid=1996 timed_waiting
java.lang.Thread.State: TIMED_WAITING
        at sun.misc.Unsafe.park(Native Method)
        at java.util.concurrent.locks.LockSupport.parkNanos(LockSupport.java:215)
        at java.util.concurrent.locks.AbstractQueuedSynchronizer$ConditionObject.awaitNanos(AbstractQueuedSynchronizer.java:2078)
        at java.util.concurrent.ScheduledThreadPoolExecutor$DelayedWorkQueue.take(ScheduledThreadPoolExecutor.java:1093)
        at java.util.concurrent.ScheduledThreadPoolExecutor$DelayedWorkQueue.take(ScheduledThreadPoolExecutor.java:809)
        at java.util.concurrent.ThreadPoolExecutor.getTask(ThreadPoolExecutor.java:1074)
        at java.util.concurrent.ThreadPoolExecutor.runWorker(ThreadPoolExecutor.java:1134)
        at java.util.concurrent.ThreadPoolExecutor$Worker.run(ThreadPoolExecutor.java:624)
        at java.lang.Thread.run(Thread.java:748)
"metrics-hadoop-metrics2-reporter-98-thread-1" daemon prio=5 tid=1846 timed_waiting
java.lang.Thread.State: TIMED_WAITING
        at sun.misc.Unsafe.park(Native Method)
        at java.util.concurrent.locks.LockSupport.parkNanos(LockSupport.java:215)
        at java.util.concurrent.locks.AbstractQueuedSynchronizer$ConditionObject.awaitNanos(AbstractQueuedSynchronizer.java:2078)
        at java.util.concurrent.ScheduledThreadPoolExecutor$DelayedWorkQueue.take(ScheduledThreadPoolExecutor.java:1093)
        at java.util.concurrent.ScheduledThreadPoolExecutor$DelayedWorkQueue.take(ScheduledThreadPoolExecutor.java:809)
        at java.util.concurrent.ThreadPoolExecutor.getTask(ThreadPoolExecutor.java:1074)
        at java.util.concurrent.ThreadPoolExecutor.runWorker(ThreadPoolExecutor.java:1134)
        at java.util.concurrent.ThreadPoolExecutor$Worker.run(ThreadPoolExecutor.java:624)
        at java.lang.Thread.run(Thread.java:748)
"pool-196-thread-15"  prio=5 tid=2219 in Object.wait()
java.lang.Thread.State: WAITING (on object monitor)
        at sun.misc.Unsafe.park(Native Method)
        at java.util.concurrent.locks.LockSupport.park(LockSupport.java:175)
        at java.util.concurrent.locks.AbstractQueuedSynchronizer$ConditionObject.await(AbstractQueuedSynchronizer.java:2039)
        at java.util.concurrent.ArrayBlockingQueue.take(ArrayBlockingQueue.java:403)
        at java.util.concurrent.ThreadPoolExecutor.getTask(ThreadPoolExecutor.java:1074)
        at java.util.concurrent.ThreadPoolExecutor.runWorker(ThreadPoolExecutor.java:1134)
        at java.util.concurrent.ThreadPoolExecutor$Worker.run(ThreadPoolExecutor.java:624)
        at java.lang.Thread.run(Thread.java:748)
"Datanode ReportManager Thread - 1" daemon prio=5 tid=687 in Object.wait()
java.lang.Thread.State: WAITING (on object monitor)
        at sun.misc.Unsafe.park(Native Method)
        at java.util.concurrent.locks.LockSupport.park(LockSupport.java:175)
        at java.util.concurrent.locks.AbstractQueuedSynchronizer$ConditionObject.await(AbstractQueuedSynchronizer.java:2039)
        at java.util.concurrent.ScheduledThreadPoolExecutor$DelayedWorkQueue.take(ScheduledThreadPoolExecutor.java:1088)
        at java.util.concurrent.ScheduledThreadPoolExecutor$DelayedWorkQueue.take(ScheduledThreadPoolExecutor.java:809)
        at java.util.concurrent.ThreadPoolExecutor.getTask(ThreadPoolExecutor.java:1074)
        at java.util.concurrent.ThreadPoolExecutor.runWorker(ThreadPoolExecutor.java:1134)
        at java.util.concurrent.ThreadPoolExecutor$Worker.run(ThreadPoolExecutor.java:624)
        at java.lang.Thread.run(Thread.java:748)
"Thread-3789" daemon prio=5 tid=4993 terminated
java.lang.Thread.State: TERMINATED
        at java.lang.Thread.sleep(Native Method)
        at org.apache.ratis.util.JavaUtils.sleep(JavaUtils.java:247)
        at org.apache.ratis.server.impl.FollowerState.run(FollowerState.java:97)
"pool-186-thread-37"  prio=5 tid=2179 in Object.wait()
java.lang.Thread.State: WAITING (on object monitor)
        at sun.misc.Unsafe.park(Native Method)
        at java.util.concurrent.locks.LockSupport.park(LockSupport.java:175)
        at java.util.concurrent.locks.AbstractQueuedSynchronizer$ConditionObject.await(AbstractQueuedSynchronizer.java:2039)
        at java.util.concurrent.ArrayBlockingQueue.take(ArrayBlockingQueue.java:403)
        at java.util.concurrent.ThreadPoolExecutor.getTask(ThreadPoolExecutor.java:1074)
        at java.util.concurrent.ThreadPoolExecutor.runWorker(ThreadPoolExecutor.java:1134)
        at java.util.concurrent.ThreadPoolExecutor$Worker.run(ThreadPoolExecutor.java:624)
        at java.lang.Thread.run(Thread.java:748)
"IPC Server handler 11 on 37818" daemon prio=5 tid=1913 timed_waiting
java.lang.Thread.State: TIMED_WAITING
        at sun.misc.Unsafe.park(Native Method)
        at java.util.concurrent.locks.LockSupport.parkNanos(LockSupport.java:215)
        at java.util.concurrent.locks.AbstractQueuedSynchronizer$ConditionObject.awaitNanos(AbstractQueuedSynchronizer.java:2078)
        at java.util.concurrent.LinkedBlockingQueue.poll(LinkedBlockingQueue.java:467)
        at org.apache.hadoop.ipc.CallQueueManager.take(CallQueueManager.java:288)
        at org.apache.hadoop.ipc.Server$Handler.run(Server.java:2668)
"pool-186-thread-33"  prio=5 tid=2175 in Object.wait()
java.lang.Thread.State: WAITING (on object monitor)
        at sun.misc.Unsafe.park(Native Method)
        at java.util.concurrent.locks.LockSupport.park(LockSupport.java:175)
        at java.util.concurrent.locks.AbstractQueuedSynchronizer$ConditionObject.await(AbstractQueuedSynchronizer.java:2039)
        at java.util.concurrent.ArrayBlockingQueue.take(ArrayBlockingQueue.java:403)
        at java.util.concurrent.ThreadPoolExecutor.getTask(ThreadPoolExecutor.java:1074)
        at java.util.concurrent.ThreadPoolExecutor.runWorker(ThreadPoolExecutor.java:1134)
        at java.util.concurrent.ThreadPoolExecutor$Worker.run(ThreadPoolExecutor.java:624)
        at java.lang.Thread.run(Thread.java:748)
"IPC Server handler 16 on 44019" daemon prio=5 tid=1982 timed_waiting
java.lang.Thread.State: TIMED_WAITING
        at sun.misc.Unsafe.park(Native Method)
        at java.util.concurrent.locks.LockSupport.parkNanos(LockSupport.java:215)
        at java.util.concurrent.locks.AbstractQueuedSynchronizer$ConditionObject.awaitNanos(AbstractQueuedSynchronizer.java:2078)
        at java.util.concurrent.LinkedBlockingQueue.poll(LinkedBlockingQueue.java:467)
        at org.apache.hadoop.ipc.CallQueueManager.take(CallQueueManager.java:288)
        at org.apache.hadoop.ipc.Server$Handler.run(Server.java:2668)
"pool-196-thread-43"  prio=5 tid=2247 in Object.wait()
java.lang.Thread.State: WAITING (on object monitor)
        at sun.misc.Unsafe.park(Native Method)
        at java.util.concurrent.locks.LockSupport.park(LockSupport.java:175)
        at java.util.concurrent.locks.AbstractQueuedSynchronizer$ConditionObject.await(AbstractQueuedSynchronizer.java:2039)
        at java.util.concurrent.ArrayBlockingQueue.take(ArrayBlockingQueue.java:403)
        at java.util.concurrent.ThreadPoolExecutor.getTask(ThreadPoolExecutor.java:1074)
        at java.util.concurrent.ThreadPoolExecutor.runWorker(ThreadPoolExecutor.java:1134)
        at java.util.concurrent.ThreadPoolExecutor$Worker.run(ThreadPoolExecutor.java:624)
        at java.lang.Thread.run(Thread.java:748)
"pool-196-thread-45"  prio=5 tid=2249 in Object.wait()
java.lang.Thread.State: WAITING (on object monitor)
        at sun.misc.Unsafe.park(Native Method)
        at java.util.concurrent.locks.LockSupport.park(LockSupport.java:175)
        at java.util.concurrent.locks.AbstractQueuedSynchronizer$ConditionObject.await(AbstractQueuedSynchronizer.java:2039)
        at java.util.concurrent.ArrayBlockingQueue.take(ArrayBlockingQueue.java:403)
        at java.util.concurrent.ThreadPoolExecutor.getTask(ThreadPoolExecutor.java:1074)
        at java.util.concurrent.ThreadPoolExecutor.runWorker(ThreadPoolExecutor.java:1134)
        at java.util.concurrent.ThreadPoolExecutor$Worker.run(ThreadPoolExecutor.java:624)
        at java.lang.Thread.run(Thread.java:748)
"BlockDeletingService#0" daemon prio=5 tid=2203 timed_waiting
java.lang.Thread.State: TIMED_WAITING
        at sun.misc.Unsafe.park(Native Method)
        at java.util.concurrent.locks.LockSupport.parkNanos(LockSupport.java:215)
        at java.util.concurrent.locks.AbstractQueuedSynchronizer$ConditionObject.awaitNanos(AbstractQueuedSynchronizer.java:2078)
        at java.util.concurrent.ScheduledThreadPoolExecutor$DelayedWorkQueue.take(ScheduledThreadPoolExecutor.java:1093)
        at java.util.concurrent.ScheduledThreadPoolExecutor$DelayedWorkQueue.take(ScheduledThreadPoolExecutor.java:809)
        at java.util.concurrent.ThreadPoolExecutor.getTask(ThreadPoolExecutor.java:1074)
        at java.util.concurrent.ThreadPoolExecutor.runWorker(ThreadPoolExecutor.java:1134)
        at java.util.concurrent.ThreadPoolExecutor$Worker.run(ThreadPoolExecutor.java:624)
        at java.lang.Thread.run(Thread.java:748)
"IPC Server handler 13 on 43940" daemon prio=5 tid=1895 timed_waiting
java.lang.Thread.State: TIMED_WAITING
        at sun.misc.Unsafe.park(Native Method)
        at java.util.concurrent.locks.LockSupport.parkNanos(LockSupport.java:215)
        at java.util.concurrent.locks.AbstractQueuedSynchronizer$ConditionObject.awaitNanos(AbstractQueuedSynchronizer.java:2078)
        at java.util.concurrent.LinkedBlockingQueue.poll(LinkedBlockingQueue.java:467)
        at org.apache.hadoop.ipc.CallQueueManager.take(CallQueueManager.java:288)
        at org.apache.hadoop.ipc.Server$Handler.run(Server.java:2668)
"metrics-hadoop-metrics2-reporter-57-thread-1" daemon prio=5 tid=1132 timed_waiting
java.lang.Thread.State: TIMED_WAITING
        at sun.misc.Unsafe.park(Native Method)
        at java.util.concurrent.locks.LockSupport.parkNanos(LockSupport.java:215)
        at java.util.concurrent.locks.AbstractQueuedSynchronizer$ConditionObject.awaitNanos(AbstractQueuedSynchronizer.java:2078)
        at java.util.concurrent.ScheduledThreadPoolExecutor$DelayedWorkQueue.take(ScheduledThreadPoolExecutor.java:1093)
        at java.util.concurrent.ScheduledThreadPoolExecutor$DelayedWorkQueue.take(ScheduledThreadPoolExecutor.java:809)
        at java.util.concurrent.ThreadPoolExecutor.getTask(ThreadPoolExecutor.java:1074)
        at java.util.concurrent.ThreadPoolExecutor.runWorker(ThreadPoolExecutor.java:1134)
        at java.util.concurrent.ThreadPoolExecutor$Worker.run(ThreadPoolExecutor.java:624)
        at java.lang.Thread.run(Thread.java:748)
"Datanode ReportManager Thread - 2" daemon prio=5 tid=715 in Object.wait()
java.lang.Thread.State: WAITING (on object monitor)
        at sun.misc.Unsafe.park(Native Method)
        at java.util.concurrent.locks.LockSupport.park(LockSupport.java:175)
        at java.util.concurrent.locks.AbstractQueuedSynchronizer$ConditionObject.await(AbstractQueuedSynchronizer.java:2039)
        at java.util.concurrent.ScheduledThreadPoolExecutor$DelayedWorkQueue.take(ScheduledThreadPoolExecutor.java:1088)
        at java.util.concurrent.ScheduledThreadPoolExecutor$DelayedWorkQueue.take(ScheduledThreadPoolExecutor.java:809)
        at java.util.concurrent.ThreadPoolExecutor.getTask(ThreadPoolExecutor.java:1074)
        at java.util.concurrent.ThreadPoolExecutor.runWorker(ThreadPoolExecutor.java:1134)
        at java.util.concurrent.ThreadPoolExecutor$Worker.run(ThreadPoolExecutor.java:624)
        at java.lang.Thread.run(Thread.java:748)
"pool-176-thread-15"  prio=5 tid=2094 in Object.wait()
java.lang.Thread.State: WAITING (on object monitor)
        at sun.misc.Unsafe.park(Native Method)
        at java.util.concurrent.locks.LockSupport.park(LockSupport.java:175)
        at java.util.concurrent.locks.AbstractQueuedSynchronizer$ConditionObject.await(AbstractQueuedSynchronizer.java:2039)
        at java.util.concurrent.ArrayBlockingQueue.take(ArrayBlockingQueue.java:403)
        at java.util.concurrent.ThreadPoolExecutor.getTask(ThreadPoolExecutor.java:1074)
        at java.util.concurrent.ThreadPoolExecutor.runWorker(ThreadPoolExecutor.java:1134)
        at java.util.concurrent.ThreadPoolExecutor$Worker.run(ThreadPoolExecutor.java:624)
        at java.lang.Thread.run(Thread.java:748)
"pool-196-thread-48"  prio=5 tid=2252 in Object.wait()
java.lang.Thread.State: WAITING (on object monitor)
        at sun.misc.Unsafe.park(Native Method)
        at java.util.concurrent.locks.LockSupport.park(LockSupport.java:175)
        at java.util.concurrent.locks.AbstractQueuedSynchronizer$ConditionObject.await(AbstractQueuedSynchronizer.java:2039)
        at java.util.concurrent.ArrayBlockingQueue.take(ArrayBlockingQueue.java:403)
        at java.util.concurrent.ThreadPoolExecutor.getTask(ThreadPoolExecutor.java:1074)
        at java.util.concurrent.ThreadPoolExecutor.runWorker(ThreadPoolExecutor.java:1134)
        at java.util.concurrent.ThreadPoolExecutor$Worker.run(ThreadPoolExecutor.java:624)
        at java.lang.Thread.run(Thread.java:748)
"pool-186-thread-58"  prio=5 tid=2200 in Object.wait()
java.lang.Thread.State: WAITING (on object monitor)
        at sun.misc.Unsafe.park(Native Method)
        at java.util.concurrent.locks.LockSupport.park(LockSupport.java:175)
        at java.util.concurrent.locks.AbstractQueuedSynchronizer$ConditionObject.await(AbstractQueuedSynchronizer.java:2039)
        at java.util.concurrent.ArrayBlockingQueue.take(ArrayBlockingQueue.java:403)
        at java.util.concurrent.ThreadPoolExecutor.getTask(ThreadPoolExecutor.java:1074)
        at java.util.concurrent.ThreadPoolExecutor.runWorker(ThreadPoolExecutor.java:1134)
        at java.util.concurrent.ThreadPoolExecutor$Worker.run(ThreadPoolExecutor.java:624)
        at java.lang.Thread.run(Thread.java:748)
"pool-176-thread-60"  prio=5 tid=2139 in Object.wait()
java.lang.Thread.State: WAITING (on object monitor)
        at sun.misc.Unsafe.park(Native Method)
        at java.util.concurrent.locks.LockSupport.park(LockSupport.java:175)
        at java.util.concurrent.locks.AbstractQueuedSynchronizer$ConditionObject.await(AbstractQueuedSynchronizer.java:2039)
        at java.util.concurrent.ArrayBlockingQueue.take(ArrayBlockingQueue.java:403)
        at java.util.concurrent.ThreadPoolExecutor.getTask(ThreadPoolExecutor.java:1074)
        at java.util.concurrent.ThreadPoolExecutor.runWorker(ThreadPoolExecutor.java:1134)
        at java.util.concurrent.ThreadPoolExecutor$Worker.run(ThreadPoolExecutor.java:624)
        at java.lang.Thread.run(Thread.java:748)
"metrics-hadoop-metrics2-reporter-93-thread-1" daemon prio=5 tid=1825 timed_waiting
java.lang.Thread.State: TIMED_WAITING
        at sun.misc.Unsafe.park(Native Method)
        at java.util.concurrent.locks.LockSupport.parkNanos(LockSupport.java:215)
        at java.util.concurrent.locks.AbstractQueuedSynchronizer$ConditionObject.awaitNanos(AbstractQueuedSynchronizer.java:2078)
        at java.util.concurrent.ScheduledThreadPoolExecutor$DelayedWorkQueue.take(ScheduledThreadPoolExecutor.java:1093)
        at java.util.concurrent.ScheduledThreadPoolExecutor$DelayedWorkQueue.take(ScheduledThreadPoolExecutor.java:809)
        at java.util.concurrent.ThreadPoolExecutor.getTask(ThreadPoolExecutor.java:1074)
        at java.util.concurrent.ThreadPoolExecutor.runWorker(ThreadPoolExecutor.java:1134)
        at java.util.concurrent.ThreadPoolExecutor$Worker.run(ThreadPoolExecutor.java:624)
        at java.lang.Thread.run(Thread.java:748)
"pool-186-thread-60"  prio=5 tid=2202 in Object.wait()
java.lang.Thread.State: WAITING (on object monitor)
        at sun.misc.Unsafe.park(Native Method)
        at java.util.concurrent.locks.LockSupport.park(LockSupport.java:175)
        at java.util.concurrent.locks.AbstractQueuedSynchronizer$ConditionObject.await(AbstractQueuedSynchronizer.java:2039)
        at java.util.concurrent.ArrayBlockingQueue.take(ArrayBlockingQueue.java:403)
        at java.util.concurrent.ThreadPoolExecutor.getTask(ThreadPoolExecutor.java:1074)
        at java.util.concurrent.ThreadPoolExecutor.runWorker(ThreadPoolExecutor.java:1134)
        at java.util.concurrent.ThreadPoolExecutor$Worker.run(ThreadPoolExecutor.java:624)
        at java.lang.Thread.run(Thread.java:748)
"pool-186-thread-54"  prio=5 tid=2196 in Object.wait()
java.lang.Thread.State: WAITING (on object monitor)
        at sun.misc.Unsafe.park(Native Method)
        at java.util.concurrent.locks.LockSupport.park(LockSupport.java:175)
        at java.util.concurrent.locks.AbstractQueuedSynchronizer$ConditionObject.await(AbstractQueuedSynchronizer.java:2039)
        at java.util.concurrent.ArrayBlockingQueue.take(ArrayBlockingQueue.java:403)
        at java.util.concurrent.ThreadPoolExecutor.getTask(ThreadPoolExecutor.java:1074)
        at java.util.concurrent.ThreadPoolExecutor.runWorker(ThreadPoolExecutor.java:1134)
        at java.util.concurrent.ThreadPoolExecutor$Worker.run(ThreadPoolExecutor.java:624)
        at java.lang.Thread.run(Thread.java:748)
"grpc-default-executor-0" daemon prio=5 tid=2277 timed_waiting
java.lang.Thread.State: TIMED_WAITING
        at sun.misc.Unsafe.park(Native Method)
        at java.util.concurrent.locks.LockSupport.parkNanos(LockSupport.java:215)
        at java.util.concurrent.SynchronousQueue$TransferStack.awaitFulfill(SynchronousQueue.java:460)
        at java.util.concurrent.SynchronousQueue$TransferStack.transfer(SynchronousQueue.java:362)
        at java.util.concurrent.SynchronousQueue.poll(SynchronousQueue.java:941)
        at java.util.concurrent.ThreadPoolExecutor.getTask(ThreadPoolExecutor.java:1073)
        at java.util.concurrent.ThreadPoolExecutor.runWorker(ThreadPoolExecutor.java:1134)
        at java.util.concurrent.ThreadPoolExecutor$Worker.run(ThreadPoolExecutor.java:624)
        at java.lang.Thread.run(Thread.java:748)
"IPC Server idle connection scanner for port 37818" daemon prio=5 tid=1873 timed_waiting
java.lang.Thread.State: TIMED_WAITING
        at java.lang.Object.wait(Native Method)
        at java.util.TimerThread.mainLoop(Timer.java:552)
        at java.util.TimerThread.run(Timer.java:505)
"process reaper" daemon prio=10 tid=10 timed_waiting
java.lang.Thread.State: TIMED_WAITING
        at sun.misc.Unsafe.park(Native Method)
        at java.util.concurrent.locks.LockSupport.parkNanos(LockSupport.java:215)
        at java.util.concurrent.SynchronousQueue$TransferStack.awaitFulfill(SynchronousQueue.java:460)
        at java.util.concurrent.SynchronousQueue$TransferStack.transfer(SynchronousQueue.java:362)
        at java.util.concurrent.SynchronousQueue.poll(SynchronousQueue.java:941)
        at java.util.concurrent.ThreadPoolExecutor.getTask(ThreadPoolExecutor.java:1073)
        at java.util.concurrent.ThreadPoolExecutor.runWorker(ThreadPoolExecutor.java:1134)
        at java.util.concurrent.ThreadPoolExecutor$Worker.run(ThreadPoolExecutor.java:624)
        at java.lang.Thread.run(Thread.java:748)
"metrics-hadoop-metrics2-reporter-97-thread-1" daemon prio=5 tid=1844 timed_waiting
java.lang.Thread.State: TIMED_WAITING
        at sun.misc.Unsafe.park(Native Method)
        at java.util.concurrent.locks.LockSupport.parkNanos(LockSupport.java:215)
        at java.util.concurrent.locks.AbstractQueuedSynchronizer$ConditionObject.awaitNanos(AbstractQueuedSynchronizer.java:2078)
        at java.util.concurrent.ScheduledThreadPoolExecutor$DelayedWorkQueue.take(ScheduledThreadPoolExecutor.java:1093)
        at java.util.concurrent.ScheduledThreadPoolExecutor$DelayedWorkQueue.take(ScheduledThreadPoolExecutor.java:809)
        at java.util.concurrent.ThreadPoolExecutor.getTask(ThreadPoolExecutor.java:1074)
        at java.util.concurrent.ThreadPoolExecutor.runWorker(ThreadPoolExecutor.java:1134)
        at java.util.concurrent.ThreadPoolExecutor$Worker.run(ThreadPoolExecutor.java:624)
        at java.lang.Thread.run(Thread.java:748)
"qtp584694804-1942" daemon prio=5 tid=1942 runnable
java.lang.Thread.State: RUNNABLE
        at sun.nio.ch.EPollArrayWrapper.epollWait(Native Method)
        at sun.nio.ch.EPollArrayWrapper.poll(EPollArrayWrapper.java:269)
        at sun.nio.ch.EPollSelectorImpl.doSelect(EPollSelectorImpl.java:93)
        at sun.nio.ch.SelectorImpl.lockAndDoSelect(SelectorImpl.java:86)
        at sun.nio.ch.SelectorImpl.select(SelectorImpl.java:97)
        at sun.nio.ch.SelectorImpl.select(SelectorImpl.java:101)
        at org.eclipse.jetty.io.ManagedSelector$SelectorProducer.select(ManagedSelector.java:243)
        at org.eclipse.jetty.io.ManagedSelector$SelectorProducer.produce(ManagedSelector.java:191)
        at org.eclipse.jetty.util.thread.strategy.ExecuteProduceConsume.executeProduceConsume(ExecuteProduceConsume.java:249)
        at org.eclipse.jetty.util.thread.strategy.ExecuteProduceConsume.produceConsume(ExecuteProduceConsume.java:148)
        at org.eclipse.jetty.util.thread.strategy.ExecuteProduceConsume.execute(ExecuteProduceConsume.java:100)
        at org.eclipse.jetty.io.ManagedSelector.run(ManagedSelector.java:147)
        at org.eclipse.jetty.util.thread.QueuedThreadPool.runJob(QueuedThreadPool.java:671)
        at org.eclipse.jetty.util.thread.QueuedThreadPool$2.run(QueuedThreadPool.java:589)
        at java.lang.Thread.run(Thread.java:748)
"metrics-hadoop-metrics2-reporter-117-thread-1" daemon prio=5 tid=2329 timed_waiting
java.lang.Thread.State: TIMED_WAITING
        at sun.misc.Unsafe.park(Native Method)
        at java.util.concurrent.locks.LockSupport.parkNanos(LockSupport.java:215)
        at java.util.concurrent.locks.AbstractQueuedSynchronizer$ConditionObject.awaitNanos(AbstractQueuedSynchronizer.java:2078)
        at java.util.concurrent.ScheduledThreadPoolExecutor$DelayedWorkQueue.take(ScheduledThreadPoolExecutor.java:1093)
        at java.util.concurrent.ScheduledThreadPoolExecutor$DelayedWorkQueue.take(ScheduledThreadPoolExecutor.java:809)
        at java.util.concurrent.ThreadPoolExecutor.getTask(ThreadPoolExecutor.java:1074)
        at java.util.concurrent.ThreadPoolExecutor.runWorker(ThreadPoolExecutor.java:1134)
        at java.util.concurrent.ThreadPoolExecutor$Worker.run(ThreadPoolExecutor.java:624)
        at java.lang.Thread.run(Thread.java:748)
"org.eclipse.jetty.server.session.HashSessionManager@2c9a6717Timer" daemon prio=5 tid=2014 timed_waiting
java.lang.Thread.State: TIMED_WAITING
        at sun.misc.Unsafe.park(Native Method)
        at java.util.concurrent.locks.LockSupport.parkNanos(LockSupport.java:215)
        at java.util.concurrent.locks.AbstractQueuedSynchronizer$ConditionObject.awaitNanos(AbstractQueuedSynchronizer.java:2078)
        at java.util.concurrent.ScheduledThreadPoolExecutor$DelayedWorkQueue.take(ScheduledThreadPoolExecutor.java:1093)
        at java.util.concurrent.ScheduledThreadPoolExecutor$DelayedWorkQueue.take(ScheduledThreadPoolExecutor.java:809)
        at java.util.concurrent.ThreadPoolExecutor.getTask(ThreadPoolExecutor.java:1074)
        at java.util.concurrent.ThreadPoolExecutor.runWorker(ThreadPoolExecutor.java:1134)
        at java.util.concurrent.ThreadPoolExecutor$Worker.run(ThreadPoolExecutor.java:624)
        at java.lang.Thread.run(Thread.java:748)
"pool-176-thread-37"  prio=5 tid=2116 in Object.wait()
java.lang.Thread.State: WAITING (on object monitor)
        at sun.misc.Unsafe.park(Native Method)
        at java.util.concurrent.locks.LockSupport.park(LockSupport.java:175)
        at java.util.concurrent.locks.AbstractQueuedSynchronizer$ConditionObject.await(AbstractQueuedSynchronizer.java:2039)
        at java.util.concurrent.ArrayBlockingQueue.take(ArrayBlockingQueue.java:403)
        at java.util.concurrent.ThreadPoolExecutor.getTask(ThreadPoolExecutor.java:1074)
        at java.util.concurrent.ThreadPoolExecutor.runWorker(ThreadPoolExecutor.java:1134)
        at java.util.concurrent.ThreadPoolExecutor$Worker.run(ThreadPoolExecutor.java:624)
        at java.lang.Thread.run(Thread.java:748)
"IPC Server handler 4 on 35803" daemon prio=5 tid=1926 timed_waiting
java.lang.Thread.State: TIMED_WAITING
        at sun.misc.Unsafe.park(Native Method)
        at java.util.concurrent.locks.LockSupport.parkNanos(LockSupport.java:215)
        at java.util.concurrent.locks.AbstractQueuedSynchronizer$ConditionObject.awaitNanos(AbstractQueuedSynchronizer.java:2078)
        at java.util.concurrent.LinkedBlockingQueue.poll(LinkedBlockingQueue.java:467)
        at org.apache.hadoop.ipc.CallQueueManager.take(CallQueueManager.java:288)
        at org.apache.hadoop.ipc.Server$Handler.run(Server.java:2668)
"jaeger.RemoteReporter-QueueProcessor" daemon prio=5 tid=147 in Object.wait()
java.lang.Thread.State: WAITING (on object monitor)
        at sun.misc.Unsafe.park(Native Method)
        at java.util.concurrent.locks.LockSupport.park(LockSupport.java:175)
        at java.util.concurrent.locks.AbstractQueuedSynchronizer$ConditionObject.await(AbstractQueuedSynchronizer.java:2039)
        at java.util.concurrent.ArrayBlockingQueue.take(ArrayBlockingQueue.java:403)
        at io.jaegertracing.internal.reporters.RemoteReporter$QueueProcessor.run(RemoteReporter.java:173)
        at java.lang.Thread.run(Thread.java:748)
"java.util.concurrent.ThreadPoolExecutor$Worker@3714934[State = -1, empty queue]" daemon prio=5 tid=2510 timed_waiting
java.lang.Thread.State: TIMED_WAITING
        at sun.misc.Unsafe.park(Native Method)
        at java.util.concurrent.locks.LockSupport.parkNanos(LockSupport.java:215)
        at java.util.concurrent.locks.AbstractQueuedSynchronizer$ConditionObject.awaitNanos(AbstractQueuedSynchronizer.java:2078)
        at java.util.concurrent.ScheduledThreadPoolExecutor$DelayedWorkQueue.take(ScheduledThreadPoolExecutor.java:1093)
        at java.util.concurrent.ScheduledThreadPoolExecutor$DelayedWorkQueue.take(ScheduledThreadPoolExecutor.java:809)
        at java.util.concurrent.ThreadPoolExecutor.getTask(ThreadPoolExecutor.java:1074)
        at java.util.concurrent.ThreadPoolExecutor.runWorker(ThreadPoolExecutor.java:1134)
        at java.util.concurrent.ThreadPoolExecutor$Worker.run(ThreadPoolExecutor.java:624)
        at java.lang.Thread.run(Thread.java:748)
"pool-186-thread-21"  prio=5 tid=2163 in Object.wait()
java.lang.Thread.State: WAITING (on object monitor)
        at sun.misc.Unsafe.park(Native Method)
        at java.util.concurrent.locks.LockSupport.park(LockSupport.java:175)
        at java.util.concurrent.locks.AbstractQueuedSynchronizer$ConditionObject.await(AbstractQueuedSynchronizer.java:2039)
        at java.util.concurrent.ArrayBlockingQueue.take(ArrayBlockingQueue.java:403)
        at java.util.concurrent.ThreadPoolExecutor.getTask(ThreadPoolExecutor.java:1074)
        at java.util.concurrent.ThreadPoolExecutor.runWorker(ThreadPoolExecutor.java:1134)
        at java.util.concurrent.ThreadPoolExecutor$Worker.run(ThreadPoolExecutor.java:624)
        at java.lang.Thread.run(Thread.java:748)
"qtp1821228886-2006" daemon prio=5 tid=2006 runnable
java.lang.Thread.State: RUNNABLE
        at sun.nio.ch.EPollArrayWrapper.epollWait(Native Method)
        at sun.nio.ch.EPollArrayWrapper.poll(EPollArrayWrapper.java:269)
        at sun.nio.ch.EPollSelectorImpl.doSelect(EPollSelectorImpl.java:93)
        at sun.nio.ch.SelectorImpl.lockAndDoSelect(SelectorImpl.java:86)
        at sun.nio.ch.SelectorImpl.select(SelectorImpl.java:97)
        at sun.nio.ch.SelectorImpl.select(SelectorImpl.java:101)
        at org.eclipse.jetty.io.ManagedSelector$SelectorProducer.select(ManagedSelector.java:243)
        at org.eclipse.jetty.io.ManagedSelector$SelectorProducer.produce(ManagedSelector.java:191)
        at org.eclipse.jetty.util.thread.strategy.ExecuteProduceConsume.executeProduceConsume(ExecuteProduceConsume.java:249)
        at org.eclipse.jetty.util.thread.strategy.ExecuteProduceConsume.produceConsume(ExecuteProduceConsume.java:148)
        at org.eclipse.jetty.util.thread.strategy.ExecuteProduceConsume.execute(ExecuteProduceConsume.java:100)
        at org.eclipse.jetty.io.ManagedSelector.run(ManagedSelector.java:147)
        at org.eclipse.jetty.util.thread.QueuedThreadPool.runJob(QueuedThreadPool.java:671)
        at org.eclipse.jetty.util.thread.QueuedThreadPool$2.run(QueuedThreadPool.java:589)
        at java.lang.Thread.run(Thread.java:748)
"metrics-hadoop-metrics2-reporter-115-thread-1" daemon prio=5 tid=2324 timed_waiting
java.lang.Thread.State: TIMED_WAITING
        at sun.misc.Unsafe.park(Native Method)
        at java.util.concurrent.locks.LockSupport.parkNanos(LockSupport.java:215)
        at java.util.concurrent.locks.AbstractQueuedSynchronizer$ConditionObject.awaitNanos(AbstractQueuedSynchronizer.java:2078)
        at java.util.concurrent.ScheduledThreadPoolExecutor$DelayedWorkQueue.take(ScheduledThreadPoolExecutor.java:1093)
        at java.util.concurrent.ScheduledThreadPoolExecutor$DelayedWorkQueue.take(ScheduledThreadPoolExecutor.java:809)
        at java.util.concurrent.ThreadPoolExecutor.getTask(ThreadPoolExecutor.java:1074)
        at java.util.concurrent.ThreadPoolExecutor.runWorker(ThreadPoolExecutor.java:1134)
        at java.util.concurrent.ThreadPoolExecutor$Worker.run(ThreadPoolExecutor.java:624)
        at java.lang.Thread.run(Thread.java:748)
"pool-196-thread-8"  prio=5 tid=2212 in Object.wait()
java.lang.Thread.State: WAITING (on object monitor)
        at sun.misc.Unsafe.park(Native Method)
        at java.util.concurrent.locks.LockSupport.park(LockSupport.java:175)
        at java.util.concurrent.locks.AbstractQueuedSynchronizer$ConditionObject.await(AbstractQueuedSynchronizer.java:2039)
        at java.util.concurrent.ArrayBlockingQueue.take(ArrayBlockingQueue.java:403)
        at java.util.concurrent.ThreadPoolExecutor.getTask(ThreadPoolExecutor.java:1074)
        at java.util.concurrent.ThreadPoolExecutor.runWorker(ThreadPoolExecutor.java:1134)
        at java.util.concurrent.ThreadPoolExecutor$Worker.run(ThreadPoolExecutor.java:624)
        at java.lang.Thread.run(Thread.java:748)
"IPC Server handler 17 on 44019" daemon prio=5 tid=1983 timed_waiting
java.lang.Thread.State: TIMED_WAITING
        at sun.misc.Unsafe.park(Native Method)
        at java.util.concurrent.locks.LockSupport.parkNanos(LockSupport.java:215)
        at java.util.concurrent.locks.AbstractQueuedSynchronizer$ConditionObject.awaitNanos(AbstractQueuedSynchronizer.java:2078)
        at java.util.concurrent.LinkedBlockingQueue.poll(LinkedBlockingQueue.java:467)
        at org.apache.hadoop.ipc.CallQueueManager.take(CallQueueManager.java:288)
        at org.apache.hadoop.ipc.Server$Handler.run(Server.java:2668)
"pool-186-thread-31"  prio=5 tid=2173 in Object.wait()
java.lang.Thread.State: WAITING (on object monitor)
        at sun.misc.Unsafe.park(Native Method)
        at java.util.concurrent.locks.LockSupport.park(LockSupport.java:175)
        at java.util.concurrent.locks.AbstractQueuedSynchronizer$ConditionObject.await(AbstractQueuedSynchronizer.java:2039)
        at java.util.concurrent.ArrayBlockingQueue.take(ArrayBlockingQueue.java:403)
        at java.util.concurrent.ThreadPoolExecutor.getTask(ThreadPoolExecutor.java:1074)
        at java.util.concurrent.ThreadPoolExecutor.runWorker(ThreadPoolExecutor.java:1134)
        at java.util.concurrent.ThreadPoolExecutor$Worker.run(ThreadPoolExecutor.java:624)
        at java.lang.Thread.run(Thread.java:748)
"pool-176-thread-38"  prio=5 tid=2117 in Object.wait()
java.lang.Thread.State: WAITING (on object monitor)
        at sun.misc.Unsafe.park(Native Method)
        at java.util.concurrent.locks.LockSupport.park(LockSupport.java:175)
        at java.util.concurrent.locks.AbstractQueuedSynchronizer$ConditionObject.await(AbstractQueuedSynchronizer.java:2039)
        at java.util.concurrent.ArrayBlockingQueue.take(ArrayBlockingQueue.java:403)
        at java.util.concurrent.ThreadPoolExecutor.getTask(ThreadPoolExecutor.java:1074)
        at java.util.concurrent.ThreadPoolExecutor.runWorker(ThreadPoolExecutor.java:1134)
        at java.util.concurrent.ThreadPoolExecutor$Worker.run(ThreadPoolExecutor.java:624)
        at java.lang.Thread.run(Thread.java:748)
"grpc-default-executor-2" daemon prio=5 tid=2315 timed_waiting
java.lang.Thread.State: TIMED_WAITING
        at sun.misc.Unsafe.park(Native Method)
        at java.util.concurrent.locks.LockSupport.parkNanos(LockSupport.java:215)
        at java.util.concurrent.SynchronousQueue$TransferStack.awaitFulfill(SynchronousQueue.java:460)
        at java.util.concurrent.SynchronousQueue$TransferStack.transfer(SynchronousQueue.java:362)
        at java.util.concurrent.SynchronousQueue.poll(SynchronousQueue.java:941)
        at java.util.concurrent.ThreadPoolExecutor.getTask(ThreadPoolExecutor.java:1073)
        at java.util.concurrent.ThreadPoolExecutor.runWorker(ThreadPoolExecutor.java:1134)
        at java.util.concurrent.ThreadPoolExecutor$Worker.run(ThreadPoolExecutor.java:624)
        at java.lang.Thread.run(Thread.java:748)
"qtp2077845538-1987" daemon prio=5 tid=1987 runnable
java.lang.Thread.State: RUNNABLE
        at sun.nio.ch.EPollArrayWrapper.epollWait(Native Method)
        at sun.nio.ch.EPollArrayWrapper.poll(EPollArrayWrapper.java:269)
        at sun.nio.ch.EPollSelectorImpl.doSelect(EPollSelectorImpl.java:93)
        at sun.nio.ch.SelectorImpl.lockAndDoSelect(SelectorImpl.java:86)
        at sun.nio.ch.SelectorImpl.select(SelectorImpl.java:97)
        at sun.nio.ch.SelectorImpl.select(SelectorImpl.java:101)
        at org.eclipse.jetty.io.ManagedSelector$SelectorProducer.select(ManagedSelector.java:243)
        at org.eclipse.jetty.io.ManagedSelector$SelectorProducer.produce(ManagedSelector.java:191)
        at org.eclipse.jetty.util.thread.strategy.ExecuteProduceConsume.executeProduceConsume(ExecuteProduceConsume.java:249)
        at org.eclipse.jetty.util.thread.strategy.ExecuteProduceConsume.produceConsume(ExecuteProduceConsume.java:148)
        at org.eclipse.jetty.util.thread.strategy.ExecuteProduceConsume.execute(ExecuteProduceConsume.java:100)
        at org.eclipse.jetty.io.ManagedSelector.run(ManagedSelector.java:147)
        at org.eclipse.jetty.util.thread.QueuedThreadPool.runJob(QueuedThreadPool.java:671)
        at org.eclipse.jetty.util.thread.QueuedThreadPool$2.run(QueuedThreadPool.java:589)
        at java.lang.Thread.run(Thread.java:748)
"pool-186-thread-40"  prio=5 tid=2182 in Object.wait()
java.lang.Thread.State: WAITING (on object monitor)
        at sun.misc.Unsafe.park(Native Method)
        at java.util.concurrent.locks.LockSupport.park(LockSupport.java:175)
        at java.util.concurrent.locks.AbstractQueuedSynchronizer$ConditionObject.await(AbstractQueuedSynchronizer.java:2039)
        at java.util.concurrent.ArrayBlockingQueue.take(ArrayBlockingQueue.java:403)
        at java.util.concurrent.ThreadPoolExecutor.getTask(ThreadPoolExecutor.java:1074)
        at java.util.concurrent.ThreadPoolExecutor.runWorker(ThreadPoolExecutor.java:1134)
        at java.util.concurrent.ThreadPoolExecutor$Worker.run(ThreadPoolExecutor.java:624)
        at java.lang.Thread.run(Thread.java:748)
"qtp584694804-1943-acceptor-0@104eb276-ServerConnector@19a20bb2{HTTP/1.1,[http/1.1]}{0.0.0.0:45693}" daemon prio=3 tid=1943 runnable
java.lang.Thread.State: RUNNABLE
        at sun.nio.ch.ServerSocketChannelImpl.accept0(Native Method)
        at sun.nio.ch.ServerSocketChannelImpl.accept(ServerSocketChannelImpl.java:422)
        at sun.nio.ch.ServerSocketChannelImpl.accept(ServerSocketChannelImpl.java:250)
        at org.eclipse.jetty.server.ServerConnector.accept(ServerConnector.java:397)
        at org.eclipse.jetty.server.AbstractConnector$Acceptor.run(AbstractConnector.java:601)
        at org.eclipse.jetty.util.thread.QueuedThreadPool.runJob(QueuedThreadPool.java:671)
        at org.eclipse.jetty.util.thread.QueuedThreadPool$2.run(QueuedThreadPool.java:589)
        at java.lang.Thread.run(Thread.java:748)
"pool-196-thread-49"  prio=5 tid=2253 in Object.wait()
java.lang.Thread.State: WAITING (on object monitor)
        at sun.misc.Unsafe.park(Native Method)
        at java.util.concurrent.locks.LockSupport.park(LockSupport.java:175)
        at java.util.concurrent.locks.AbstractQueuedSynchronizer$ConditionObject.await(AbstractQueuedSynchronizer.java:2039)
        at java.util.concurrent.ArrayBlockingQueue.take(ArrayBlockingQueue.java:403)
        at java.util.concurrent.ThreadPoolExecutor.getTask(ThreadPoolExecutor.java:1074)
        at java.util.concurrent.ThreadPoolExecutor.runWorker(ThreadPoolExecutor.java:1134)
        at java.util.concurrent.ThreadPoolExecutor$Worker.run(ThreadPoolExecutor.java:624)
        at java.lang.Thread.run(Thread.java:748)
"qtp1300497562-2063" daemon prio=5 tid=2063 timed_waiting
java.lang.Thread.State: TIMED_WAITING
        at sun.misc.Unsafe.park(Native Method)
        at java.util.concurrent.locks.LockSupport.parkNanos(LockSupport.java:215)
        at java.util.concurrent.locks.AbstractQueuedSynchronizer$ConditionObject.awaitNanos(AbstractQueuedSynchronizer.java:2078)
        at org.eclipse.jetty.util.BlockingArrayQueue.poll(BlockingArrayQueue.java:392)
        at org.eclipse.jetty.util.thread.QueuedThreadPool.idleJobPoll(QueuedThreadPool.java:563)
        at org.eclipse.jetty.util.thread.QueuedThreadPool.access$800(QueuedThreadPool.java:48)
        at org.eclipse.jetty.util.thread.QueuedThreadPool$2.run(QueuedThreadPool.java:626)
        at java.lang.Thread.run(Thread.java:748)
"java.util.concurrent.ThreadPoolExecutor$Worker@72277900[State = -1, empty queue]" daemon prio=5 tid=2552 timed_waiting
java.lang.Thread.State: TIMED_WAITING
        at sun.misc.Unsafe.park(Native Method)
        at java.util.concurrent.locks.LockSupport.parkNanos(LockSupport.java:215)
        at java.util.concurrent.locks.AbstractQueuedSynchronizer$ConditionObject.awaitNanos(AbstractQueuedSynchronizer.java:2078)
        at java.util.concurrent.ScheduledThreadPoolExecutor$DelayedWorkQueue.take(ScheduledThreadPoolExecutor.java:1093)
        at java.util.concurrent.ScheduledThreadPoolExecutor$DelayedWorkQueue.take(ScheduledThreadPoolExecutor.java:809)
        at java.util.concurrent.ThreadPoolExecutor.getTask(ThreadPoolExecutor.java:1074)
        at java.util.concurrent.ThreadPoolExecutor.runWorker(ThreadPoolExecutor.java:1134)
        at java.util.concurrent.ThreadPoolExecutor$Worker.run(ThreadPoolExecutor.java:624)
        at java.lang.Thread.run(Thread.java:748)
"pool-190-thread-1"  prio=5 tid=2032 timed_waiting
java.lang.Thread.State: TIMED_WAITING
        at sun.misc.Unsafe.park(Native Method)
        at java.util.concurrent.locks.LockSupport.parkNanos(LockSupport.java:215)
        at java.util.concurrent.locks.AbstractQueuedSynchronizer$ConditionObject.awaitNanos(AbstractQueuedSynchronizer.java:2078)
        at java.util.concurrent.ScheduledThreadPoolExecutor$DelayedWorkQueue.take(ScheduledThreadPoolExecutor.java:1093)
        at java.util.concurrent.ScheduledThreadPoolExecutor$DelayedWorkQueue.take(ScheduledThreadPoolExecutor.java:809)
        at java.util.concurrent.ThreadPoolExecutor.getTask(ThreadPoolExecutor.java:1074)
        at java.util.concurrent.ThreadPoolExecutor.runWorker(ThreadPoolExecutor.java:1134)
        at java.util.concurrent.ThreadPoolExecutor$Worker.run(ThreadPoolExecutor.java:624)
        at java.lang.Thread.run(Thread.java:748)
"pool-186-thread-2"  prio=5 tid=2144 in Object.wait()
java.lang.Thread.State: WAITING (on object monitor)
        at sun.misc.Unsafe.park(Native Method)
        at java.util.concurrent.locks.LockSupport.park(LockSupport.java:175)
        at java.util.concurrent.locks.AbstractQueuedSynchronizer$ConditionObject.await(AbstractQueuedSynchronizer.java:2039)
        at java.util.concurrent.ArrayBlockingQueue.take(ArrayBlockingQueue.java:403)
        at java.util.concurrent.ThreadPoolExecutor.getTask(ThreadPoolExecutor.java:1074)
        at java.util.concurrent.ThreadPoolExecutor.runWorker(ThreadPoolExecutor.java:1134)
        at java.util.concurrent.ThreadPoolExecutor$Worker.run(ThreadPoolExecutor.java:624)
        at java.lang.Thread.run(Thread.java:748)
"java.util.concurrent.ThreadPoolExecutor$Worker@7c052e25[State = -1, empty queue]" daemon prio=5 tid=2357 timed_waiting
java.lang.Thread.State: TIMED_WAITING
        at sun.misc.Unsafe.park(Native Method)
        at java.util.concurrent.locks.LockSupport.parkNanos(LockSupport.java:215)
        at java.util.concurrent.locks.AbstractQueuedSynchronizer$ConditionObject.awaitNanos(AbstractQueuedSynchronizer.java:2078)
        at java.util.concurrent.ScheduledThreadPoolExecutor$DelayedWorkQueue.take(ScheduledThreadPoolExecutor.java:1093)
        at java.util.concurrent.ScheduledThreadPoolExecutor$DelayedWorkQueue.take(ScheduledThreadPoolExecutor.java:809)
        at java.util.concurrent.ThreadPoolExecutor.getTask(ThreadPoolExecutor.java:1074)
        at java.util.concurrent.ThreadPoolExecutor.runWorker(ThreadPoolExecutor.java:1134)
        at java.util.concurrent.ThreadPoolExecutor$Worker.run(ThreadPoolExecutor.java:624)
        at java.lang.Thread.run(Thread.java:748)
"Datanode ReportManager Thread - 1" daemon prio=5 tid=2073 in Object.wait()
java.lang.Thread.State: WAITING (on object monitor)
        at sun.misc.Unsafe.park(Native Method)
        at java.util.concurrent.locks.LockSupport.park(LockSupport.java:175)
        at java.util.concurrent.locks.AbstractQueuedSynchronizer$ConditionObject.await(AbstractQueuedSynchronizer.java:2039)
        at java.util.concurrent.ScheduledThreadPoolExecutor$DelayedWorkQueue.take(ScheduledThreadPoolExecutor.java:1088)
        at java.util.concurrent.ScheduledThreadPoolExecutor$DelayedWorkQueue.take(ScheduledThreadPoolExecutor.java:809)
        at java.util.concurrent.ThreadPoolExecutor.getTask(ThreadPoolExecutor.java:1074)
        at java.util.concurrent.ThreadPoolExecutor.runWorker(ThreadPoolExecutor.java:1134)
        at java.util.concurrent.ThreadPoolExecutor$Worker.run(ThreadPoolExecutor.java:624)
        at java.lang.Thread.run(Thread.java:748)
"metrics-hadoop-metrics2-reporter-104-thread-1" daemon prio=5 tid=2292 timed_waiting
java.lang.Thread.State: TIMED_WAITING
        at sun.misc.Unsafe.park(Native Method)
        at java.util.concurrent.locks.LockSupport.parkNanos(LockSupport.java:215)
        at java.util.concurrent.locks.AbstractQueuedSynchronizer$ConditionObject.awaitNanos(AbstractQueuedSynchronizer.java:2078)
        at java.util.concurrent.ScheduledThreadPoolExecutor$DelayedWorkQueue.take(ScheduledThreadPoolExecutor.java:1093)
        at java.util.concurrent.ScheduledThreadPoolExecutor$DelayedWorkQueue.take(ScheduledThreadPoolExecutor.java:809)
        at java.util.concurrent.ThreadPoolExecutor.getTask(ThreadPoolExecutor.java:1074)
        at java.util.concurrent.ThreadPoolExecutor.runWorker(ThreadPoolExecutor.java:1134)
        at java.util.concurrent.ThreadPoolExecutor$Worker.run(ThreadPoolExecutor.java:624)
        at java.lang.Thread.run(Thread.java:748)
"qtp584694804-1944" daemon prio=5 tid=1944 timed_waiting
java.lang.Thread.State: TIMED_WAITING
        at sun.misc.Unsafe.park(Native Method)
        at java.util.concurrent.locks.LockSupport.parkNanos(LockSupport.java:215)
        at java.util.concurrent.locks.AbstractQueuedSynchronizer$ConditionObject.awaitNanos(AbstractQueuedSynchronizer.java:2078)
        at org.eclipse.jetty.util.BlockingArrayQueue.poll(BlockingArrayQueue.java:392)
        at org.eclipse.jetty.util.thread.QueuedThreadPool.idleJobPoll(QueuedThreadPool.java:563)
        at org.eclipse.jetty.util.thread.QueuedThreadPool.access$800(QueuedThreadPool.java:48)
        at org.eclipse.jetty.util.thread.QueuedThreadPool$2.run(QueuedThreadPool.java:626)
        at java.lang.Thread.run(Thread.java:748)
"qtp1664093259-2039" daemon prio=5 tid=2039 timed_waiting
java.lang.Thread.State: TIMED_WAITING
        at sun.misc.Unsafe.park(Native Method)
        at java.util.concurrent.locks.LockSupport.parkNanos(LockSupport.java:215)
        at java.util.concurrent.locks.AbstractQueuedSynchronizer$ConditionObject.awaitNanos(AbstractQueuedSynchronizer.java:2078)
        at org.eclipse.jetty.util.BlockingArrayQueue.poll(BlockingArrayQueue.java:392)
        at org.eclipse.jetty.util.thread.QueuedThreadPool.idleJobPoll(QueuedThreadPool.java:563)
        at org.eclipse.jetty.util.thread.QueuedThreadPool.access$800(QueuedThreadPool.java:48)
        at org.eclipse.jetty.util.thread.QueuedThreadPool$2.run(QueuedThreadPool.java:626)
        at java.lang.Thread.run(Thread.java:748)
"pool-176-thread-46"  prio=5 tid=2125 in Object.wait()
java.lang.Thread.State: WAITING (on object monitor)
        at sun.misc.Unsafe.park(Native Method)
        at java.util.concurrent.locks.LockSupport.park(LockSupport.java:175)
        at java.util.concurrent.locks.AbstractQueuedSynchronizer$ConditionObject.await(AbstractQueuedSynchronizer.java:2039)
        at java.util.concurrent.ArrayBlockingQueue.take(ArrayBlockingQueue.java:403)
        at java.util.concurrent.ThreadPoolExecutor.getTask(ThreadPoolExecutor.java:1074)
        at java.util.concurrent.ThreadPoolExecutor.runWorker(ThreadPoolExecutor.java:1134)
        at java.util.concurrent.ThreadPoolExecutor$Worker.run(ThreadPoolExecutor.java:624)
        at java.lang.Thread.run(Thread.java:748)
"IPC Server handler 1 on 35803" daemon prio=5 tid=1923 timed_waiting
java.lang.Thread.State: TIMED_WAITING
        at sun.misc.Unsafe.park(Native Method)
        at java.util.concurrent.locks.LockSupport.parkNanos(LockSupport.java:215)
        at java.util.concurrent.locks.AbstractQueuedSynchronizer$ConditionObject.awaitNanos(AbstractQueuedSynchronizer.java:2078)
        at java.util.concurrent.LinkedBlockingQueue.poll(LinkedBlockingQueue.java:467)
        at org.apache.hadoop.ipc.CallQueueManager.take(CallQueueManager.java:288)
        at org.apache.hadoop.ipc.Server$Handler.run(Server.java:2668)
"metrics-hadoop-metrics2-reporter-95-thread-1" daemon prio=5 tid=1829 timed_waiting
java.lang.Thread.State: TIMED_WAITING
        at sun.misc.Unsafe.park(Native Method)
        at java.util.concurrent.locks.LockSupport.parkNanos(LockSupport.java:215)
        at java.util.concurrent.locks.AbstractQueuedSynchronizer$ConditionObject.awaitNanos(AbstractQueuedSynchronizer.java:2078)
        at java.util.concurrent.ScheduledThreadPoolExecutor$DelayedWorkQueue.take(ScheduledThreadPoolExecutor.java:1093)
        at java.util.concurrent.ScheduledThreadPoolExecutor$DelayedWorkQueue.take(ScheduledThreadPoolExecutor.java:809)
        at java.util.concurrent.ThreadPoolExecutor.getTask(ThreadPoolExecutor.java:1074)
        at java.util.concurrent.ThreadPoolExecutor.runWorker(ThreadPoolExecutor.java:1134)
        at java.util.concurrent.ThreadPoolExecutor$Worker.run(ThreadPoolExecutor.java:624)
        at java.lang.Thread.run(Thread.java:748)
"IPC Server Responder" daemon prio=5 tid=1878 runnable
java.lang.Thread.State: RUNNABLE
        at sun.nio.ch.EPollArrayWrapper.epollWait(Native Method)
        at sun.nio.ch.EPollArrayWrapper.poll(EPollArrayWrapper.java:269)
        at sun.nio.ch.EPollSelectorImpl.doSelect(EPollSelectorImpl.java:93)
        at sun.nio.ch.SelectorImpl.lockAndDoSelect(SelectorImpl.java:86)
        at sun.nio.ch.SelectorImpl.select(SelectorImpl.java:97)
        at org.apache.hadoop.ipc.Server$Responder.doRunLoop(Server.java:1334)
        at org.apache.hadoop.ipc.Server$Responder.run(Server.java:1317)
"Datanode ReportManager Thread - 2" daemon prio=5 tid=742 timed_waiting
java.lang.Thread.State: TIMED_WAITING
        at sun.misc.Unsafe.park(Native Method)
        at java.util.concurrent.locks.LockSupport.parkNanos(LockSupport.java:215)
        at java.util.concurrent.locks.AbstractQueuedSynchronizer$ConditionObject.awaitNanos(AbstractQueuedSynchronizer.java:2078)
        at java.util.concurrent.ScheduledThreadPoolExecutor$DelayedWorkQueue.take(ScheduledThreadPoolExecutor.java:1093)
        at java.util.concurrent.ScheduledThreadPoolExecutor$DelayedWorkQueue.take(ScheduledThreadPoolExecutor.java:809)
        at java.util.concurrent.ThreadPoolExecutor.getTask(ThreadPoolExecutor.java:1074)
        at java.util.concurrent.ThreadPoolExecutor.runWorker(ThreadPoolExecutor.java:1134)
        at java.util.concurrent.ThreadPoolExecutor$Worker.run(ThreadPoolExecutor.java:624)
        at java.lang.Thread.run(Thread.java:748)
"IPC Server Responder" daemon prio=5 tid=1870 runnable
java.lang.Thread.State: RUNNABLE
        at sun.nio.ch.EPollArrayWrapper.epollWait(Native Method)
        at sun.nio.ch.EPollArrayWrapper.poll(EPollArrayWrapper.java:269)
        at sun.nio.ch.EPollSelectorImpl.doSelect(EPollSelectorImpl.java:93)
        at sun.nio.ch.SelectorImpl.lockAndDoSelect(SelectorImpl.java:86)
        at sun.nio.ch.SelectorImpl.select(SelectorImpl.java:97)
        at org.apache.hadoop.ipc.Server$Responder.doRunLoop(Server.java:1334)
        at org.apache.hadoop.ipc.Server$Responder.run(Server.java:1317)
"qtp1664093259-2036" daemon prio=5 tid=2036 timed_waiting
java.lang.Thread.State: TIMED_WAITING
        at sun.misc.Unsafe.park(Native Method)
        at java.util.concurrent.locks.LockSupport.parkNanos(LockSupport.java:215)
        at java.util.concurrent.locks.AbstractQueuedSynchronizer$ConditionObject.awaitNanos(AbstractQueuedSynchronizer.java:2078)
        at org.eclipse.jetty.util.BlockingArrayQueue.poll(BlockingArrayQueue.java:392)
        at org.eclipse.jetty.util.thread.QueuedThreadPool.idleJobPoll(QueuedThreadPool.java:563)
        at org.eclipse.jetty.util.thread.QueuedThreadPool.access$800(QueuedThreadPool.java:48)
        at org.eclipse.jetty.util.thread.QueuedThreadPool$2.run(QueuedThreadPool.java:626)
        at java.lang.Thread.run(Thread.java:748)
"surefire-forkedjvm-command-thread" daemon prio=5 tid=8 runnable
java.lang.Thread.State: RUNNABLE
        at java.io.FileInputStream.readBytes(Native Method)
        at java.io.FileInputStream.read(FileInputStream.java:255)
        at java.io.BufferedInputStream.fill(BufferedInputStream.java:246)
        at java.io.BufferedInputStream.read(BufferedInputStream.java:265)
        at java.io.DataInputStream.readInt(DataInputStream.java:387)
        at org.apache.maven.surefire.booter.MasterProcessCommand.decode(MasterProcessCommand.java:115)
        at org.apache.maven.surefire.booter.CommandReader$CommandRunnable.run(CommandReader.java:390)
        at java.lang.Thread.run(Thread.java:748)
"metrics-hadoop-metrics2-reporter-49-thread-1" daemon prio=5 tid=1017 timed_waiting
java.lang.Thread.State: TIMED_WAITING
        at sun.misc.Unsafe.park(Native Method)
        at java.util.concurrent.locks.LockSupport.parkNanos(LockSupport.java:215)
        at java.util.concurrent.locks.AbstractQueuedSynchronizer$ConditionObject.awaitNanos(AbstractQueuedSynchronizer.java:2078)
        at java.util.concurrent.ScheduledThreadPoolExecutor$DelayedWorkQueue.take(ScheduledThreadPoolExecutor.java:1093)
        at java.util.concurrent.ScheduledThreadPoolExecutor$DelayedWorkQueue.take(ScheduledThreadPoolExecutor.java:809)
        at java.util.concurrent.ThreadPoolExecutor.getTask(ThreadPoolExecutor.java:1074)
        at java.util.concurrent.ThreadPoolExecutor.runWorker(ThreadPoolExecutor.java:1134)
        at java.util.concurrent.ThreadPoolExecutor$Worker.run(ThreadPoolExecutor.java:624)
        at java.lang.Thread.run(Thread.java:748)
"metrics-hadoop-metrics2-reporter-19-thread-1" daemon prio=5 tid=485 timed_waiting
java.lang.Thread.State: TIMED_WAITING
        at sun.misc.Unsafe.park(Native Method)
        at java.util.concurrent.locks.LockSupport.parkNanos(LockSupport.java:215)
        at java.util.concurrent.locks.AbstractQueuedSynchronizer$ConditionObject.awaitNanos(AbstractQueuedSynchronizer.java:2078)
        at java.util.concurrent.ScheduledThreadPoolExecutor$DelayedWorkQueue.take(ScheduledThreadPoolExecutor.java:1093)
        at java.util.concurrent.ScheduledThreadPoolExecutor$DelayedWorkQueue.take(ScheduledThreadPoolExecutor.java:809)
        at java.util.concurrent.ThreadPoolExecutor.getTask(ThreadPoolExecutor.java:1074)
        at java.util.concurrent.ThreadPoolExecutor.runWorker(ThreadPoolExecutor.java:1134)
        at java.util.concurrent.ThreadPoolExecutor$Worker.run(ThreadPoolExecutor.java:624)
        at java.lang.Thread.run(Thread.java:748)
"metrics-hadoop-metrics2-reporter-96-thread-1" daemon prio=5 tid=1831 timed_waiting
java.lang.Thread.State: TIMED_WAITING
        at sun.misc.Unsafe.park(Native Method)
        at java.util.concurrent.locks.LockSupport.parkNanos(LockSupport.java:215)
        at java.util.concurrent.locks.AbstractQueuedSynchronizer$ConditionObject.awaitNanos(AbstractQueuedSynchronizer.java:2078)
        at java.util.concurrent.ScheduledThreadPoolExecutor$DelayedWorkQueue.take(ScheduledThreadPoolExecutor.java:1093)
        at java.util.concurrent.ScheduledThreadPoolExecutor$DelayedWorkQueue.take(ScheduledThreadPoolExecutor.java:809)
        at java.util.concurrent.ThreadPoolExecutor.getTask(ThreadPoolExecutor.java:1074)
        at java.util.concurrent.ThreadPoolExecutor.runWorker(ThreadPoolExecutor.java:1134)
        at java.util.concurrent.ThreadPoolExecutor$Worker.run(ThreadPoolExecutor.java:624)
        at java.lang.Thread.run(Thread.java:748)
"metrics-hadoop-metrics2-reporter-126-thread-1" daemon prio=5 tid=2487 timed_waiting
java.lang.Thread.State: TIMED_WAITING
        at sun.misc.Unsafe.park(Native Method)
        at java.util.concurrent.locks.LockSupport.parkNanos(LockSupport.java:215)
        at java.util.concurrent.locks.AbstractQueuedSynchronizer$ConditionObject.awaitNanos(AbstractQueuedSynchronizer.java:2078)
        at java.util.concurrent.ScheduledThreadPoolExecutor$DelayedWorkQueue.take(ScheduledThreadPoolExecutor.java:1093)
        at java.util.concurrent.ScheduledThreadPoolExecutor$DelayedWorkQueue.take(ScheduledThreadPoolExecutor.java:809)
        at java.util.concurrent.ThreadPoolExecutor.getTask(ThreadPoolExecutor.java:1074)
        at java.util.concurrent.ThreadPoolExecutor.runWorker(ThreadPoolExecutor.java:1134)
        at java.util.concurrent.ThreadPoolExecutor$Worker.run(ThreadPoolExecutor.java:624)
        at java.lang.Thread.run(Thread.java:748)
"metrics-hadoop-metrics2-reporter-31-thread-1" daemon prio=5 tid=956 timed_waiting
java.lang.Thread.State: TIMED_WAITING
        at sun.misc.Unsafe.park(Native Method)
        at java.util.concurrent.locks.LockSupport.parkNanos(LockSupport.java:215)
        at java.util.concurrent.locks.AbstractQueuedSynchronizer$ConditionObject.awaitNanos(AbstractQueuedSynchronizer.java:2078)
        at java.util.concurrent.ScheduledThreadPoolExecutor$DelayedWorkQueue.take(ScheduledThreadPoolExecutor.java:1093)
        at java.util.concurrent.ScheduledThreadPoolExecutor$DelayedWorkQueue.take(ScheduledThreadPoolExecutor.java:809)
        at java.util.concurrent.ThreadPoolExecutor.getTask(ThreadPoolExecutor.java:1074)
        at java.util.concurrent.ThreadPoolExecutor.runWorker(ThreadPoolExecutor.java:1134)
        at java.util.concurrent.ThreadPoolExecutor$Worker.run(ThreadPoolExecutor.java:624)
        at java.lang.Thread.run(Thread.java:748)
"pool-176-thread-6"  prio=5 tid=2085 in Object.wait()
java.lang.Thread.State: WAITING (on object monitor)
        at sun.misc.Unsafe.park(Native Method)
        at java.util.concurrent.locks.LockSupport.park(LockSupport.java:175)
        at java.util.concurrent.locks.AbstractQueuedSynchronizer$ConditionObject.await(AbstractQueuedSynchronizer.java:2039)
        at java.util.concurrent.ArrayBlockingQueue.take(ArrayBlockingQueue.java:403)
        at java.util.concurrent.ThreadPoolExecutor.getTask(ThreadPoolExecutor.java:1074)
        at java.util.concurrent.ThreadPoolExecutor.runWorker(ThreadPoolExecutor.java:1134)
        at java.util.concurrent.ThreadPoolExecutor$Worker.run(ThreadPoolExecutor.java:624)
        at java.lang.Thread.run(Thread.java:748)
"IPC Server idle connection scanner for port 44019" daemon prio=5 tid=1961 timed_waiting
java.lang.Thread.State: TIMED_WAITING
        at java.lang.Object.wait(Native Method)
        at java.util.TimerThread.mainLoop(Timer.java:552)
        at java.util.TimerThread.run(Timer.java:505)
"IPC Server handler 5 on 43940" daemon prio=5 tid=1887 timed_waiting
java.lang.Thread.State: TIMED_WAITING
        at sun.misc.Unsafe.park(Native Method)
        at java.util.concurrent.locks.LockSupport.parkNanos(LockSupport.java:215)
        at java.util.concurrent.locks.AbstractQueuedSynchronizer$ConditionObject.awaitNanos(AbstractQueuedSynchronizer.java:2078)
        at java.util.concurrent.LinkedBlockingQueue.poll(LinkedBlockingQueue.java:467)
        at org.apache.hadoop.ipc.CallQueueManager.take(CallQueueManager.java:288)
        at org.apache.hadoop.ipc.Server$Handler.run(Server.java:2668)
"pool-176-thread-4"  prio=5 tid=2083 in Object.wait()
java.lang.Thread.State: WAITING (on object monitor)
        at sun.misc.Unsafe.park(Native Method)
        at java.util.concurrent.locks.LockSupport.park(LockSupport.java:175)
        at java.util.concurrent.locks.AbstractQueuedSynchronizer$ConditionObject.await(AbstractQueuedSynchronizer.java:2039)
        at java.util.concurrent.ArrayBlockingQueue.take(ArrayBlockingQueue.java:403)
        at java.util.concurrent.ThreadPoolExecutor.getTask(ThreadPoolExecutor.java:1074)
        at java.util.concurrent.ThreadPoolExecutor.runWorker(ThreadPoolExecutor.java:1134)
        at java.util.concurrent.ThreadPoolExecutor$Worker.run(ThreadPoolExecutor.java:624)
        at java.lang.Thread.run(Thread.java:748)
"pool-176-thread-45"  prio=5 tid=2124 in Object.wait()
java.lang.Thread.State: WAITING (on object monitor)
        at sun.misc.Unsafe.park(Native Method)
        at java.util.concurrent.locks.LockSupport.park(LockSupport.java:175)
        at java.util.concurrent.locks.AbstractQueuedSynchronizer$ConditionObject.await(AbstractQueuedSynchronizer.java:2039)
        at java.util.concurrent.ArrayBlockingQueue.take(ArrayBlockingQueue.java:403)
        at java.util.concurrent.ThreadPoolExecutor.getTask(ThreadPoolExecutor.java:1074)
        at java.util.concurrent.ThreadPoolExecutor.runWorker(ThreadPoolExecutor.java:1134)
        at java.util.concurrent.ThreadPoolExecutor$Worker.run(ThreadPoolExecutor.java:624)
        at java.lang.Thread.run(Thread.java:748)
"pool-176-thread-48"  prio=5 tid=2127 in Object.wait()
java.lang.Thread.State: WAITING (on object monitor)
        at sun.misc.Unsafe.park(Native Method)
        at java.util.concurrent.locks.LockSupport.park(LockSupport.java:175)
        at java.util.concurrent.locks.AbstractQueuedSynchronizer$ConditionObject.await(AbstractQueuedSynchronizer.java:2039)
        at java.util.concurrent.ArrayBlockingQueue.take(ArrayBlockingQueue.java:403)
        at java.util.concurrent.ThreadPoolExecutor.getTask(ThreadPoolExecutor.java:1074)
        at java.util.concurrent.ThreadPoolExecutor.runWorker(ThreadPoolExecutor.java:1134)
        at java.util.concurrent.ThreadPoolExecutor$Worker.run(ThreadPoolExecutor.java:624)
        at java.lang.Thread.run(Thread.java:748)
"qtp1821228886-2007-acceptor-0@7e9932bc-ServerConnector@46039a21{HTTP/1.1,[http/1.1]}{0.0.0.0:35466}" daemon prio=3 tid=2007 runnable
java.lang.Thread.State: RUNNABLE
        at sun.nio.ch.ServerSocketChannelImpl.accept0(Native Method)
        at sun.nio.ch.ServerSocketChannelImpl.accept(ServerSocketChannelImpl.java:422)
        at sun.nio.ch.ServerSocketChannelImpl.accept(ServerSocketChannelImpl.java:250)
        at org.eclipse.jetty.server.ServerConnector.accept(ServerConnector.java:397)
        at org.eclipse.jetty.server.AbstractConnector$Acceptor.run(AbstractConnector.java:601)
        at org.eclipse.jetty.util.thread.QueuedThreadPool.runJob(QueuedThreadPool.java:671)
        at org.eclipse.jetty.util.thread.QueuedThreadPool$2.run(QueuedThreadPool.java:589)
        at java.lang.Thread.run(Thread.java:748)
"pool-196-thread-58"  prio=5 tid=2262 in Object.wait()
java.lang.Thread.State: WAITING (on object monitor)
        at sun.misc.Unsafe.park(Native Method)
        at java.util.concurrent.locks.LockSupport.park(LockSupport.java:175)
        at java.util.concurrent.locks.AbstractQueuedSynchronizer$ConditionObject.await(AbstractQueuedSynchronizer.java:2039)
        at java.util.concurrent.ArrayBlockingQueue.take(ArrayBlockingQueue.java:403)
        at java.util.concurrent.ThreadPoolExecutor.getTask(ThreadPoolExecutor.java:1074)
        at java.util.concurrent.ThreadPoolExecutor.runWorker(ThreadPoolExecutor.java:1134)
        at java.util.concurrent.ThreadPoolExecutor$Worker.run(ThreadPoolExecutor.java:624)
        at java.lang.Thread.run(Thread.java:748)
"org.apache.hadoop.util.JvmPauseMonitor$Monitor@581b72c5" daemon prio=5 tid=2023 timed_waiting
java.lang.Thread.State: TIMED_WAITING
        at java.lang.Thread.sleep(Native Method)
        at org.apache.hadoop.util.JvmPauseMonitor$Monitor.run(JvmPauseMonitor.java:192)
        at java.lang.Thread.run(Thread.java:748)
"IPC Server handler 9 on 44019" daemon prio=5 tid=1975 timed_waiting
java.lang.Thread.State: TIMED_WAITING
        at sun.misc.Unsafe.park(Native Method)
        at java.util.concurrent.locks.LockSupport.parkNanos(LockSupport.java:215)
        at java.util.concurrent.locks.AbstractQueuedSynchronizer$ConditionObject.awaitNanos(AbstractQueuedSynchronizer.java:2078)
        at java.util.concurrent.LinkedBlockingQueue.poll(LinkedBlockingQueue.java:467)
        at org.apache.hadoop.ipc.CallQueueManager.take(CallQueueManager.java:288)
        at org.apache.hadoop.ipc.Server$Handler.run(Server.java:2668)
"metrics-hadoop-metrics2-reporter-91-thread-1" daemon prio=5 tid=1818 timed_waiting
java.lang.Thread.State: TIMED_WAITING
        at sun.misc.Unsafe.park(Native Method)
        at java.util.concurrent.locks.LockSupport.parkNanos(LockSupport.java:215)
        at java.util.concurrent.locks.AbstractQueuedSynchronizer$ConditionObject.awaitNanos(AbstractQueuedSynchronizer.java:2078)
        at java.util.concurrent.ScheduledThreadPoolExecutor$DelayedWorkQueue.take(ScheduledThreadPoolExecutor.java:1093)
        at java.util.concurrent.ScheduledThreadPoolExecutor$DelayedWorkQueue.take(ScheduledThreadPoolExecutor.java:809)
        at java.util.concurrent.ThreadPoolExecutor.getTask(ThreadPoolExecutor.java:1074)
        at java.util.concurrent.ThreadPoolExecutor.runWorker(ThreadPoolExecutor.java:1134)
        at java.util.concurrent.ThreadPoolExecutor$Worker.run(ThreadPoolExecutor.java:624)
        at java.lang.Thread.run(Thread.java:748)
"Datanode ReportManager Thread - 1" daemon prio=5 tid=714 timed_waiting
java.lang.Thread.State: TIMED_WAITING
        at sun.misc.Unsafe.park(Native Method)
        at java.util.concurrent.locks.LockSupport.parkNanos(LockSupport.java:215)
        at java.util.concurrent.locks.AbstractQueuedSynchronizer$ConditionObject.awaitNanos(AbstractQueuedSynchronizer.java:2078)
        at java.util.concurrent.ScheduledThreadPoolExecutor$DelayedWorkQueue.take(ScheduledThreadPoolExecutor.java:1093)
        at java.util.concurrent.ScheduledThreadPoolExecutor$DelayedWorkQueue.take(ScheduledThreadPoolExecutor.java:809)
        at java.util.concurrent.ThreadPoolExecutor.getTask(ThreadPoolExecutor.java:1074)
        at java.util.concurrent.ThreadPoolExecutor.runWorker(ThreadPoolExecutor.java:1134)
        at java.util.concurrent.ThreadPoolExecutor$Worker.run(ThreadPoolExecutor.java:624)
        at java.lang.Thread.run(Thread.java:748)
"IPC Server handler 14 on 44019" daemon prio=5 tid=1980 timed_waiting
java.lang.Thread.State: TIMED_WAITING
        at sun.misc.Unsafe.park(Native Method)
        at java.util.concurrent.locks.LockSupport.parkNanos(LockSupport.java:215)
        at java.util.concurrent.locks.AbstractQueuedSynchronizer$ConditionObject.awaitNanos(AbstractQueuedSynchronizer.java:2078)
        at java.util.concurrent.LinkedBlockingQueue.poll(LinkedBlockingQueue.java:467)
        at org.apache.hadoop.ipc.CallQueueManager.take(CallQueueManager.java:288)
        at org.apache.hadoop.ipc.Server$Handler.run(Server.java:2668)
"IPC Server handler 9 on 43940" daemon prio=5 tid=1891 timed_waiting
java.lang.Thread.State: TIMED_WAITING
        at sun.misc.Unsafe.park(Native Method)
        at java.util.concurrent.locks.LockSupport.parkNanos(LockSupport.java:215)
        at java.util.concurrent.locks.AbstractQueuedSynchronizer$ConditionObject.awaitNanos(AbstractQueuedSynchronizer.java:2078)
        at java.util.concurrent.LinkedBlockingQueue.poll(LinkedBlockingQueue.java:467)
        at org.apache.hadoop.ipc.CallQueueManager.take(CallQueueManager.java:288)
        at org.apache.hadoop.ipc.Server$Handler.run(Server.java:2668)
"EventQueue-NodeRegistrationContainerReportForDataNodeSafeModeRule" daemon prio=5 tid=2270 in Object.wait()
java.lang.Thread.State: WAITING (on object monitor)
        at sun.misc.Unsafe.park(Native Method)
        at java.util.concurrent.locks.LockSupport.park(LockSupport.java:175)
        at java.util.concurrent.locks.AbstractQueuedSynchronizer$ConditionObject.await(AbstractQueuedSynchronizer.java:2039)
        at java.util.concurrent.LinkedBlockingQueue.take(LinkedBlockingQueue.java:442)
        at java.util.concurrent.ThreadPoolExecutor.getTask(ThreadPoolExecutor.java:1074)
        at java.util.concurrent.ThreadPoolExecutor.runWorker(ThreadPoolExecutor.java:1134)
        at java.util.concurrent.ThreadPoolExecutor$Worker.run(ThreadPoolExecutor.java:624)
        at java.lang.Thread.run(Thread.java:748)
"metrics-hadoop-metrics2-reporter-85-thread-1" daemon prio=5 tid=1657 timed_waiting
java.lang.Thread.State: TIMED_WAITING
        at sun.misc.Unsafe.park(Native Method)
        at java.util.concurrent.locks.LockSupport.parkNanos(LockSupport.java:215)
        at java.util.concurrent.locks.AbstractQueuedSynchronizer$ConditionObject.awaitNanos(AbstractQueuedSynchronizer.java:2078)
        at java.util.concurrent.ScheduledThreadPoolExecutor$DelayedWorkQueue.take(ScheduledThreadPoolExecutor.java:1093)
        at java.util.concurrent.ScheduledThreadPoolExecutor$DelayedWorkQueue.take(ScheduledThreadPoolExecutor.java:809)
        at java.util.concurrent.ThreadPoolExecutor.getTask(ThreadPoolExecutor.java:1074)
        at java.util.concurrent.ThreadPoolExecutor.runWorker(ThreadPoolExecutor.java:1134)
        at java.util.concurrent.ThreadPoolExecutor$Worker.run(ThreadPoolExecutor.java:624)
        at java.lang.Thread.run(Thread.java:748)
"pool-196-thread-53"  prio=5 tid=2257 in Object.wait()
java.lang.Thread.State: WAITING (on object monitor)
        at sun.misc.Unsafe.park(Native Method)
        at java.util.concurrent.locks.LockSupport.park(LockSupport.java:175)
        at java.util.concurrent.locks.AbstractQueuedSynchronizer$ConditionObject.await(AbstractQueuedSynchronizer.java:2039)
        at java.util.concurrent.ArrayBlockingQueue.take(ArrayBlockingQueue.java:403)
        at java.util.concurrent.ThreadPoolExecutor.getTask(ThreadPoolExecutor.java:1074)
        at java.util.concurrent.ThreadPoolExecutor.runWorker(ThreadPoolExecutor.java:1134)
        at java.util.concurrent.ThreadPoolExecutor$Worker.run(ThreadPoolExecutor.java:624)
        at java.lang.Thread.run(Thread.java:748)
"pool-186-thread-10"  prio=5 tid=2152 in Object.wait()
java.lang.Thread.State: WAITING (on object monitor)
        at sun.misc.Unsafe.park(Native Method)
        at java.util.concurrent.locks.LockSupport.park(LockSupport.java:175)
        at java.util.concurrent.locks.AbstractQueuedSynchronizer$ConditionObject.await(AbstractQueuedSynchronizer.java:2039)
        at java.util.concurrent.ArrayBlockingQueue.take(ArrayBlockingQueue.java:403)
        at java.util.concurrent.ThreadPoolExecutor.getTask(ThreadPoolExecutor.java:1074)
        at java.util.concurrent.ThreadPoolExecutor.runWorker(ThreadPoolExecutor.java:1134)
        at java.util.concurrent.ThreadPoolExecutor$Worker.run(ThreadPoolExecutor.java:624)
        at java.lang.Thread.run(Thread.java:748)
"IPC Server handler 9 on 35803" daemon prio=5 tid=1931 timed_waiting
java.lang.Thread.State: TIMED_WAITING
        at sun.misc.Unsafe.park(Native Method)
        at java.util.concurrent.locks.LockSupport.parkNanos(LockSupport.java:215)
        at java.util.concurrent.locks.AbstractQueuedSynchronizer$ConditionObject.awaitNanos(AbstractQueuedSynchronizer.java:2078)
        at java.util.concurrent.LinkedBlockingQueue.poll(LinkedBlockingQueue.java:467)
        at org.apache.hadoop.ipc.CallQueueManager.take(CallQueueManager.java:288)
        at org.apache.hadoop.ipc.Server$Handler.run(Server.java:2668)
"metrics-hadoop-metrics2-reporter-108-thread-1" daemon prio=5 tid=2303 timed_waiting
java.lang.Thread.State: TIMED_WAITING
        at sun.misc.Unsafe.park(Native Method)
        at java.util.concurrent.locks.LockSupport.parkNanos(LockSupport.java:215)
        at java.util.concurrent.locks.AbstractQueuedSynchronizer$ConditionObject.awaitNanos(AbstractQueuedSynchronizer.java:2078)
        at java.util.concurrent.ScheduledThreadPoolExecutor$DelayedWorkQueue.take(ScheduledThreadPoolExecutor.java:1093)
        at java.util.concurrent.ScheduledThreadPoolExecutor$DelayedWorkQueue.take(ScheduledThreadPoolExecutor.java:809)
        at java.util.concurrent.ThreadPoolExecutor.getTask(ThreadPoolExecutor.java:1074)
        at java.util.concurrent.ThreadPoolExecutor.runWorker(ThreadPoolExecutor.java:1134)
        at java.util.concurrent.ThreadPoolExecutor$Worker.run(ThreadPoolExecutor.java:624)
        at java.lang.Thread.run(Thread.java:748)
"BlockDeletingService#0" daemon prio=5 tid=2141 timed_waiting
java.lang.Thread.State: TIMED_WAITING
        at sun.misc.Unsafe.park(Native Method)
        at java.util.concurrent.locks.LockSupport.parkNanos(LockSupport.java:215)
        at java.util.concurrent.locks.AbstractQueuedSynchronizer$ConditionObject.awaitNanos(AbstractQueuedSynchronizer.java:2078)
        at java.util.concurrent.ScheduledThreadPoolExecutor$DelayedWorkQueue.take(ScheduledThreadPoolExecutor.java:1093)
        at java.util.concurrent.ScheduledThreadPoolExecutor$DelayedWorkQueue.take(ScheduledThreadPoolExecutor.java:809)
        at java.util.concurrent.ThreadPoolExecutor.getTask(ThreadPoolExecutor.java:1074)
        at java.util.concurrent.ThreadPoolExecutor.runWorker(ThreadPoolExecutor.java:1134)
        at java.util.concurrent.ThreadPoolExecutor$Worker.run(ThreadPoolExecutor.java:624)
        at java.lang.Thread.run(Thread.java:748)
"metrics-hadoop-metrics2-reporter-2-thread-1" daemon prio=5 tid=438 timed_waiting
java.lang.Thread.State: TIMED_WAITING
        at sun.misc.Unsafe.park(Native Method)
        at java.util.concurrent.locks.LockSupport.parkNanos(LockSupport.java:215)
        at java.util.concurrent.locks.AbstractQueuedSynchronizer$ConditionObject.awaitNanos(AbstractQueuedSynchronizer.java:2078)
        at java.util.concurrent.ScheduledThreadPoolExecutor$DelayedWorkQueue.take(ScheduledThreadPoolExecutor.java:1093)
        at java.util.concurrent.ScheduledThreadPoolExecutor$DelayedWorkQueue.take(ScheduledThreadPoolExecutor.java:809)
        at java.util.concurrent.ThreadPoolExecutor.getTask(ThreadPoolExecutor.java:1074)
        at java.util.concurrent.ThreadPoolExecutor.runWorker(ThreadPoolExecutor.java:1134)
        at java.util.concurrent.ThreadPoolExecutor$Worker.run(ThreadPoolExecutor.java:624)
        at java.lang.Thread.run(Thread.java:748)
"IPC Server handler 14 on 35803" daemon prio=5 tid=1936 timed_waiting
java.lang.Thread.State: TIMED_WAITING
        at sun.misc.Unsafe.park(Native Method)
        at java.util.concurrent.locks.LockSupport.parkNanos(LockSupport.java:215)
        at java.util.concurrent.locks.AbstractQueuedSynchronizer$ConditionObject.awaitNanos(AbstractQueuedSynchronizer.java:2078)
        at java.util.concurrent.LinkedBlockingQueue.poll(LinkedBlockingQueue.java:467)
        at org.apache.hadoop.ipc.CallQueueManager.take(CallQueueManager.java:288)
        at org.apache.hadoop.ipc.Server$Handler.run(Server.java:2668)
"metrics-hadoop-metrics2-reporter-62-thread-1" daemon prio=5 tid=1152 timed_waiting
java.lang.Thread.State: TIMED_WAITING
        at sun.misc.Unsafe.park(Native Method)
        at java.util.concurrent.locks.LockSupport.parkNanos(LockSupport.java:215)
        at java.util.concurrent.locks.AbstractQueuedSynchronizer$ConditionObject.awaitNanos(AbstractQueuedSynchronizer.java:2078)
        at java.util.concurrent.ScheduledThreadPoolExecutor$DelayedWorkQueue.take(ScheduledThreadPoolExecutor.java:1093)
        at java.util.concurrent.ScheduledThreadPoolExecutor$DelayedWorkQueue.take(ScheduledThreadPoolExecutor.java:809)
        at java.util.concurrent.ThreadPoolExecutor.getTask(ThreadPoolExecutor.java:1074)
        at java.util.concurrent.ThreadPoolExecutor.runWorker(ThreadPoolExecutor.java:1134)
        at java.util.concurrent.ThreadPoolExecutor$Worker.run(ThreadPoolExecutor.java:624)
        at java.lang.Thread.run(Thread.java:748)
"IPC Server handler 12 on 35803" daemon prio=5 tid=1934 timed_waiting
java.lang.Thread.State: TIMED_WAITING
        at sun.misc.Unsafe.park(Native Method)
        at java.util.concurrent.locks.LockSupport.parkNanos(LockSupport.java:215)
        at java.util.concurrent.locks.AbstractQueuedSynchronizer$ConditionObject.awaitNanos(AbstractQueuedSynchronizer.java:2078)
        at java.util.concurrent.LinkedBlockingQueue.poll(LinkedBlockingQueue.java:467)
        at org.apache.hadoop.ipc.CallQueueManager.take(CallQueueManager.java:288)
        at org.apache.hadoop.ipc.Server$Handler.run(Server.java:2668)
"pool-196-thread-9"  prio=5 tid=2213 in Object.wait()
java.lang.Thread.State: WAITING (on object monitor)
        at sun.misc.Unsafe.park(Native Method)
        at java.util.concurrent.locks.LockSupport.park(LockSupport.java:175)
        at java.util.concurrent.locks.AbstractQueuedSynchronizer$ConditionObject.await(AbstractQueuedSynchronizer.java:2039)
        at java.util.concurrent.ArrayBlockingQueue.take(ArrayBlockingQueue.java:403)
        at java.util.concurrent.ThreadPoolExecutor.getTask(ThreadPoolExecutor.java:1074)
        at java.util.concurrent.ThreadPoolExecutor.runWorker(ThreadPoolExecutor.java:1134)
        at java.util.concurrent.ThreadPoolExecutor$Worker.run(ThreadPoolExecutor.java:624)
        at java.lang.Thread.run(Thread.java:748)
"EventQueue-PipelineReportForPipelineReportHandler" daemon prio=5 tid=2272 in Object.wait()
java.lang.Thread.State: WAITING (on object monitor)
        at sun.misc.Unsafe.park(Native Method)
        at java.util.concurrent.locks.LockSupport.park(LockSupport.java:175)
        at java.util.concurrent.locks.AbstractQueuedSynchronizer$ConditionObject.await(AbstractQueuedSynchronizer.java:2039)
        at java.util.concurrent.LinkedBlockingQueue.take(LinkedBlockingQueue.java:442)
        at java.util.concurrent.ThreadPoolExecutor.getTask(ThreadPoolExecutor.java:1074)
        at java.util.concurrent.ThreadPoolExecutor.runWorker(ThreadPoolExecutor.java:1134)
        at java.util.concurrent.ThreadPoolExecutor$Worker.run(ThreadPoolExecutor.java:624)
        at java.lang.Thread.run(Thread.java:748)
"IPC Server handler 18 on 37818" daemon prio=5 tid=1920 timed_waiting
java.lang.Thread.State: TIMED_WAITING
        at sun.misc.Unsafe.park(Native Method)
        at java.util.concurrent.locks.LockSupport.parkNanos(LockSupport.java:215)
        at java.util.concurrent.locks.AbstractQueuedSynchronizer$ConditionObject.awaitNanos(AbstractQueuedSynchronizer.java:2078)
        at java.util.concurrent.LinkedBlockingQueue.poll(LinkedBlockingQueue.java:467)
        at org.apache.hadoop.ipc.CallQueueManager.take(CallQueueManager.java:288)
        at org.apache.hadoop.ipc.Server$Handler.run(Server.java:2668)
"IPC Server handler 12 on 43940" daemon prio=5 tid=1894 timed_waiting
java.lang.Thread.State: TIMED_WAITING
        at sun.misc.Unsafe.park(Native Method)
        at java.util.concurrent.locks.LockSupport.parkNanos(LockSupport.java:215)
        at java.util.concurrent.locks.AbstractQueuedSynchronizer$ConditionObject.awaitNanos(AbstractQueuedSynchronizer.java:2078)
        at java.util.concurrent.LinkedBlockingQueue.poll(LinkedBlockingQueue.java:467)
        at org.apache.hadoop.ipc.CallQueueManager.take(CallQueueManager.java:288)
        at org.apache.hadoop.ipc.Server$Handler.run(Server.java:2668)
"metrics-hadoop-metrics2-reporter-73-thread-1" daemon prio=5 tid=1621 timed_waiting
java.lang.Thread.State: TIMED_WAITING
        at sun.misc.Unsafe.park(Native Method)
        at java.util.concurrent.locks.LockSupport.parkNanos(LockSupport.java:215)
        at java.util.concurrent.locks.AbstractQueuedSynchronizer$ConditionObject.awaitNanos(AbstractQueuedSynchronizer.java:2078)
        at java.util.concurrent.ScheduledThreadPoolExecutor$DelayedWorkQueue.take(ScheduledThreadPoolExecutor.java:1093)
        at java.util.concurrent.ScheduledThreadPoolExecutor$DelayedWorkQueue.take(ScheduledThreadPoolExecutor.java:809)
        at java.util.concurrent.ThreadPoolExecutor.getTask(ThreadPoolExecutor.java:1074)
        at java.util.concurrent.ThreadPoolExecutor.runWorker(ThreadPoolExecutor.java:1134)
        at java.util.concurrent.ThreadPoolExecutor$Worker.run(ThreadPoolExecutor.java:624)
        at java.lang.Thread.run(Thread.java:748)
"metrics-hadoop-metrics2-reporter-127-thread-1" daemon prio=5 tid=2489 timed_waiting
java.lang.Thread.State: TIMED_WAITING
        at sun.misc.Unsafe.park(Native Method)
        at java.util.concurrent.locks.LockSupport.parkNanos(LockSupport.java:215)
        at java.util.concurrent.locks.AbstractQueuedSynchronizer$ConditionObject.awaitNanos(AbstractQueuedSynchronizer.java:2078)
        at java.util.concurrent.ScheduledThreadPoolExecutor$DelayedWorkQueue.take(ScheduledThreadPoolExecutor.java:1093)
        at java.util.concurrent.ScheduledThreadPoolExecutor$DelayedWorkQueue.take(ScheduledThreadPoolExecutor.java:809)
        at java.util.concurrent.ThreadPoolExecutor.getTask(ThreadPoolExecutor.java:1074)
        at java.util.concurrent.ThreadPoolExecutor.runWorker(ThreadPoolExecutor.java:1134)
        at java.util.concurrent.ThreadPoolExecutor$Worker.run(ThreadPoolExecutor.java:624)
        at java.lang.Thread.run(Thread.java:748)
"Datanode ReportManager Thread - 3" daemon prio=5 tid=2021 in Object.wait()
java.lang.Thread.State: WAITING (on object monitor)
        at sun.misc.Unsafe.park(Native Method)
        at java.util.concurrent.locks.LockSupport.park(LockSupport.java:175)
        at java.util.concurrent.locks.AbstractQueuedSynchronizer$ConditionObject.await(AbstractQueuedSynchronizer.java:2039)
        at java.util.concurrent.ScheduledThreadPoolExecutor$DelayedWorkQueue.take(ScheduledThreadPoolExecutor.java:1088)
        at java.util.concurrent.ScheduledThreadPoolExecutor$DelayedWorkQueue.take(ScheduledThreadPoolExecutor.java:809)
        at java.util.concurrent.ThreadPoolExecutor.getTask(ThreadPoolExecutor.java:1074)
        at java.util.concurrent.ThreadPoolExecutor.runWorker(ThreadPoolExecutor.java:1134)
        at java.util.concurrent.ThreadPoolExecutor$Worker.run(ThreadPoolExecutor.java:624)
        at java.lang.Thread.run(Thread.java:748)
"metrics-hadoop-metrics2-reporter-6-thread-1" daemon prio=5 tid=448 timed_waiting
java.lang.Thread.State: TIMED_WAITING
        at sun.misc.Unsafe.park(Native Method)
        at java.util.concurrent.locks.LockSupport.parkNanos(LockSupport.java:215)
        at java.util.concurrent.locks.AbstractQueuedSynchronizer$ConditionObject.awaitNanos(AbstractQueuedSynchronizer.java:2078)
        at java.util.concurrent.ScheduledThreadPoolExecutor$DelayedWorkQueue.take(ScheduledThreadPoolExecutor.java:1093)
        at java.util.concurrent.ScheduledThreadPoolExecutor$DelayedWorkQueue.take(ScheduledThreadPoolExecutor.java:809)
        at java.util.concurrent.ThreadPoolExecutor.getTask(ThreadPoolExecutor.java:1074)
        at java.util.concurrent.ThreadPoolExecutor.runWorker(ThreadPoolExecutor.java:1134)
        at java.util.concurrent.ThreadPoolExecutor$Worker.run(ThreadPoolExecutor.java:624)
        at java.lang.Thread.run(Thread.java:748)
"Datanode ReportManager Thread - 1" daemon prio=5 tid=2046 in Object.wait()
java.lang.Thread.State: WAITING (on object monitor)
        at sun.misc.Unsafe.park(Native Method)
        at java.util.concurrent.locks.LockSupport.park(LockSupport.java:175)
        at java.util.concurrent.locks.AbstractQueuedSynchronizer$ConditionObject.await(AbstractQueuedSynchronizer.java:2039)
        at java.util.concurrent.ScheduledThreadPoolExecutor$DelayedWorkQueue.take(ScheduledThreadPoolExecutor.java:1088)
        at java.util.concurrent.ScheduledThreadPoolExecutor$DelayedWorkQueue.take(ScheduledThreadPoolExecutor.java:809)
        at java.util.concurrent.ThreadPoolExecutor.getTask(ThreadPoolExecutor.java:1074)
        at java.util.concurrent.ThreadPoolExecutor.runWorker(ThreadPoolExecutor.java:1134)
        at java.util.concurrent.ThreadPoolExecutor$Worker.run(ThreadPoolExecutor.java:624)
        at java.lang.Thread.run(Thread.java:748)
"pool-176-thread-17"  prio=5 tid=2096 in Object.wait()
java.lang.Thread.State: WAITING (on object monitor)
        at sun.misc.Unsafe.park(Native Method)
        at java.util.concurrent.locks.LockSupport.park(LockSupport.java:175)
        at java.util.concurrent.locks.AbstractQueuedSynchronizer$ConditionObject.await(AbstractQueuedSynchronizer.java:2039)
        at java.util.concurrent.ArrayBlockingQueue.take(ArrayBlockingQueue.java:403)
        at java.util.concurrent.ThreadPoolExecutor.getTask(ThreadPoolExecutor.java:1074)
        at java.util.concurrent.ThreadPoolExecutor.runWorker(ThreadPoolExecutor.java:1134)
        at java.util.concurrent.ThreadPoolExecutor$Worker.run(ThreadPoolExecutor.java:624)
        at java.lang.Thread.run(Thread.java:748)
"qtp1821228886-2011" daemon prio=5 tid=2011 timed_waiting
java.lang.Thread.State: TIMED_WAITING
        at sun.misc.Unsafe.park(Native Method)
        at java.util.concurrent.locks.LockSupport.parkNanos(LockSupport.java:215)
        at java.util.concurrent.locks.AbstractQueuedSynchronizer$ConditionObject.awaitNanos(AbstractQueuedSynchronizer.java:2078)
        at org.eclipse.jetty.util.BlockingArrayQueue.poll(BlockingArrayQueue.java:392)
        at org.eclipse.jetty.util.thread.QueuedThreadPool.idleJobPoll(QueuedThreadPool.java:563)
        at org.eclipse.jetty.util.thread.QueuedThreadPool.access$800(QueuedThreadPool.java:48)
        at org.eclipse.jetty.util.thread.QueuedThreadPool$2.run(QueuedThreadPool.java:626)
        at java.lang.Thread.run(Thread.java:748)
"metrics-hadoop-metrics2-reporter-82-thread-1" daemon prio=5 tid=1651 timed_waiting
java.lang.Thread.State: TIMED_WAITING
        at sun.misc.Unsafe.park(Native Method)
        at java.util.concurrent.locks.LockSupport.parkNanos(LockSupport.java:215)
        at java.util.concurrent.locks.AbstractQueuedSynchronizer$ConditionObject.awaitNanos(AbstractQueuedSynchronizer.java:2078)
        at java.util.concurrent.ScheduledThreadPoolExecutor$DelayedWorkQueue.take(ScheduledThreadPoolExecutor.java:1093)
        at java.util.concurrent.ScheduledThreadPoolExecutor$DelayedWorkQueue.take(ScheduledThreadPoolExecutor.java:809)
        at java.util.concurrent.ThreadPoolExecutor.getTask(ThreadPoolExecutor.java:1074)
        at java.util.concurrent.ThreadPoolExecutor.runWorker(ThreadPoolExecutor.java:1134)
        at java.util.concurrent.ThreadPoolExecutor$Worker.run(ThreadPoolExecutor.java:624)
        at java.lang.Thread.run(Thread.java:748)
"metrics-hadoop-metrics2-reporter-54-thread-1" daemon prio=5 tid=1053 timed_waiting
java.lang.Thread.State: TIMED_WAITING
        at sun.misc.Unsafe.park(Native Method)
        at java.util.concurrent.locks.LockSupport.parkNanos(LockSupport.java:215)
        at java.util.concurrent.locks.AbstractQueuedSynchronizer$ConditionObject.awaitNanos(AbstractQueuedSynchronizer.java:2078)
        at java.util.concurrent.ScheduledThreadPoolExecutor$DelayedWorkQueue.take(ScheduledThreadPoolExecutor.java:1093)
        at java.util.concurrent.ScheduledThreadPoolExecutor$DelayedWorkQueue.take(ScheduledThreadPoolExecutor.java:809)
        at java.util.concurrent.ThreadPoolExecutor.getTask(ThreadPoolExecutor.java:1074)
        at java.util.concurrent.ThreadPoolExecutor.runWorker(ThreadPoolExecutor.java:1134)
        at java.util.concurrent.ThreadPoolExecutor$Worker.run(ThreadPoolExecutor.java:624)
        at java.lang.Thread.run(Thread.java:748)
"pool-186-thread-38"  prio=5 tid=2180 in Object.wait()
java.lang.Thread.State: WAITING (on object monitor)
        at sun.misc.Unsafe.park(Native Method)
        at java.util.concurrent.locks.LockSupport.park(LockSupport.java:175)
        at java.util.concurrent.locks.AbstractQueuedSynchronizer$ConditionObject.await(AbstractQueuedSynchronizer.java:2039)
        at java.util.concurrent.ArrayBlockingQueue.take(ArrayBlockingQueue.java:403)
        at java.util.concurrent.ThreadPoolExecutor.getTask(ThreadPoolExecutor.java:1074)
        at java.util.concurrent.ThreadPoolExecutor.runWorker(ThreadPoolExecutor.java:1134)
        at java.util.concurrent.ThreadPoolExecutor$Worker.run(ThreadPoolExecutor.java:624)
        at java.lang.Thread.run(Thread.java:748)
"Datanode ReportManager Thread - 3" daemon prio=5 tid=2048 timed_waiting
java.lang.Thread.State: TIMED_WAITING
        at sun.misc.Unsafe.park(Native Method)
        at java.util.concurrent.locks.LockSupport.parkNanos(LockSupport.java:215)
        at java.util.concurrent.locks.AbstractQueuedSynchronizer$ConditionObject.awaitNanos(AbstractQueuedSynchronizer.java:2078)
        at java.util.concurrent.ScheduledThreadPoolExecutor$DelayedWorkQueue.take(ScheduledThreadPoolExecutor.java:1093)
        at java.util.concurrent.ScheduledThreadPoolExecutor$DelayedWorkQueue.take(ScheduledThreadPoolExecutor.java:809)
        at java.util.concurrent.ThreadPoolExecutor.getTask(ThreadPoolExecutor.java:1074)
        at java.util.concurrent.ThreadPoolExecutor.runWorker(ThreadPoolExecutor.java:1134)
        at java.util.concurrent.ThreadPoolExecutor$Worker.run(ThreadPoolExecutor.java:624)
        at java.lang.Thread.run(Thread.java:748)
"IPC Server listener on 43940" daemon prio=5 tid=1875 runnable
java.lang.Thread.State: RUNNABLE
        at sun.nio.ch.EPollArrayWrapper.epollWait(Native Method)
        at sun.nio.ch.EPollArrayWrapper.poll(EPollArrayWrapper.java:269)
        at sun.nio.ch.EPollSelectorImpl.doSelect(EPollSelectorImpl.java:93)
        at sun.nio.ch.SelectorImpl.lockAndDoSelect(SelectorImpl.java:86)
        at sun.nio.ch.SelectorImpl.select(SelectorImpl.java:97)
        at sun.nio.ch.SelectorImpl.select(SelectorImpl.java:101)
        at org.apache.hadoop.ipc.Server$Listener.run(Server.java:1159)
"pool-186-thread-20"  prio=5 tid=2162 in Object.wait()
java.lang.Thread.State: WAITING (on object monitor)
        at sun.misc.Unsafe.park(Native Method)
        at java.util.concurrent.locks.LockSupport.park(LockSupport.java:175)
        at java.util.concurrent.locks.AbstractQueuedSynchronizer$ConditionObject.await(AbstractQueuedSynchronizer.java:2039)
        at java.util.concurrent.ArrayBlockingQueue.take(ArrayBlockingQueue.java:403)
        at java.util.concurrent.ThreadPoolExecutor.getTask(ThreadPoolExecutor.java:1074)
        at java.util.concurrent.ThreadPoolExecutor.runWorker(ThreadPoolExecutor.java:1134)
        at java.util.concurrent.ThreadPoolExecutor$Worker.run(ThreadPoolExecutor.java:624)
        at java.lang.Thread.run(Thread.java:748)
"pool-186-thread-27"  prio=5 tid=2169 in Object.wait()
java.lang.Thread.State: WAITING (on object monitor)
        at sun.misc.Unsafe.park(Native Method)
        at java.util.concurrent.locks.LockSupport.park(LockSupport.java:175)
        at java.util.concurrent.locks.AbstractQueuedSynchronizer$ConditionObject.await(AbstractQueuedSynchronizer.java:2039)
        at java.util.concurrent.ArrayBlockingQueue.take(ArrayBlockingQueue.java:403)
        at java.util.concurrent.ThreadPoolExecutor.getTask(ThreadPoolExecutor.java:1074)
        at java.util.concurrent.ThreadPoolExecutor.runWorker(ThreadPoolExecutor.java:1134)
        at java.util.concurrent.ThreadPoolExecutor$Worker.run(ThreadPoolExecutor.java:624)
        at java.lang.Thread.run(Thread.java:748)
"grpc-default-worker-ELG-9-2" daemon prio=5 tid=2278 runnable
java.lang.Thread.State: RUNNABLE
        at sun.nio.ch.EPollArrayWrapper.epollWait(Native Method)
        at sun.nio.ch.EPollArrayWrapper.poll(EPollArrayWrapper.java:269)
        at sun.nio.ch.EPollSelectorImpl.doSelect(EPollSelectorImpl.java:93)
        at sun.nio.ch.SelectorImpl.lockAndDoSelect(SelectorImpl.java:86)
        at sun.nio.ch.SelectorImpl.select(SelectorImpl.java:97)
        at org.apache.ratis.thirdparty.io.netty.channel.nio.SelectedSelectionKeySetSelector.select(SelectedSelectionKeySetSelector.java:62)
        at org.apache.ratis.thirdparty.io.netty.channel.nio.NioEventLoop.select(NioEventLoop.java:753)
        at org.apache.ratis.thirdparty.io.netty.channel.nio.NioEventLoop.run(NioEventLoop.java:408)
        at org.apache.ratis.thirdparty.io.netty.util.concurrent.SingleThreadEventExecutor$5.run(SingleThreadEventExecutor.java:897)
        at org.apache.ratis.thirdparty.io.netty.util.concurrent.FastThreadLocalRunnable.run(FastThreadLocalRunnable.java:30)
        at java.lang.Thread.run(Thread.java:748)
"pool-196-thread-24"  prio=5 tid=2228 in Object.wait()
java.lang.Thread.State: WAITING (on object monitor)
        at sun.misc.Unsafe.park(Native Method)
        at java.util.concurrent.locks.LockSupport.park(LockSupport.java:175)
        at java.util.concurrent.locks.AbstractQueuedSynchronizer$ConditionObject.await(AbstractQueuedSynchronizer.java:2039)
        at java.util.concurrent.ArrayBlockingQueue.take(ArrayBlockingQueue.java:403)
        at java.util.concurrent.ThreadPoolExecutor.getTask(ThreadPoolExecutor.java:1074)
        at java.util.concurrent.ThreadPoolExecutor.runWorker(ThreadPoolExecutor.java:1134)
        at java.util.concurrent.ThreadPoolExecutor$Worker.run(ThreadPoolExecutor.java:624)
        at java.lang.Thread.run(Thread.java:748)
"pool-196-thread-1"  prio=5 tid=2205 in Object.wait()
java.lang.Thread.State: WAITING (on object monitor)
        at sun.misc.Unsafe.park(Native Method)
        at java.util.concurrent.locks.LockSupport.park(LockSupport.java:175)
        at java.util.concurrent.locks.AbstractQueuedSynchronizer$ConditionObject.await(AbstractQueuedSynchronizer.java:2039)
        at java.util.concurrent.ArrayBlockingQueue.take(ArrayBlockingQueue.java:403)
        at java.util.concurrent.ThreadPoolExecutor.getTask(ThreadPoolExecutor.java:1074)
        at java.util.concurrent.ThreadPoolExecutor.runWorker(ThreadPoolExecutor.java:1134)
        at java.util.concurrent.ThreadPoolExecutor$Worker.run(ThreadPoolExecutor.java:624)
        at java.lang.Thread.run(Thread.java:748)
"Datanode ReportManager Thread - 1" daemon prio=5 tid=2019 in Object.wait()
java.lang.Thread.State: WAITING (on object monitor)
        at sun.misc.Unsafe.park(Native Method)
        at java.util.concurrent.locks.LockSupport.park(LockSupport.java:175)
        at java.util.concurrent.locks.AbstractQueuedSynchronizer$ConditionObject.await(AbstractQueuedSynchronizer.java:2039)
        at java.util.concurrent.ScheduledThreadPoolExecutor$DelayedWorkQueue.take(ScheduledThreadPoolExecutor.java:1088)
        at java.util.concurrent.ScheduledThreadPoolExecutor$DelayedWorkQueue.take(ScheduledThreadPoolExecutor.java:809)
        at java.util.concurrent.ThreadPoolExecutor.getTask(ThreadPoolExecutor.java:1074)
        at java.util.concurrent.ThreadPoolExecutor.runWorker(ThreadPoolExecutor.java:1134)
        at java.util.concurrent.ThreadPoolExecutor$Worker.run(ThreadPoolExecutor.java:624)
        at java.lang.Thread.run(Thread.java:748)
"Datanode ReportManager Thread - 0" daemon prio=5 tid=1343 in Object.wait()
java.lang.Thread.State: WAITING (on object monitor)
        at sun.misc.Unsafe.park(Native Method)
        at java.util.concurrent.locks.LockSupport.park(LockSupport.java:175)
        at java.util.concurrent.locks.AbstractQueuedSynchronizer$ConditionObject.await(AbstractQueuedSynchronizer.java:2039)
        at java.util.concurrent.ScheduledThreadPoolExecutor$DelayedWorkQueue.take(ScheduledThreadPoolExecutor.java:1088)
        at java.util.concurrent.ScheduledThreadPoolExecutor$DelayedWorkQueue.take(ScheduledThreadPoolExecutor.java:809)
        at java.util.concurrent.ThreadPoolExecutor.getTask(ThreadPoolExecutor.java:1074)
        at java.util.concurrent.ThreadPoolExecutor.runWorker(ThreadPoolExecutor.java:1134)
        at java.util.concurrent.ThreadPoolExecutor$Worker.run(ThreadPoolExecutor.java:624)
        at java.lang.Thread.run(Thread.java:748)
"SCM Heartbeat Processing Thread - 0" daemon prio=5 tid=1866 timed_waiting
java.lang.Thread.State: TIMED_WAITING
        at sun.misc.Unsafe.park(Native Method)
        at java.util.concurrent.locks.LockSupport.parkNanos(LockSupport.java:215)
        at java.util.concurrent.locks.AbstractQueuedSynchronizer$ConditionObject.awaitNanos(AbstractQueuedSynchronizer.java:2078)
        at java.util.concurrent.ScheduledThreadPoolExecutor$DelayedWorkQueue.take(ScheduledThreadPoolExecutor.java:1093)
        at java.util.concurrent.ScheduledThreadPoolExecutor$DelayedWorkQueue.take(ScheduledThreadPoolExecutor.java:809)
        at java.util.concurrent.ThreadPoolExecutor.getTask(ThreadPoolExecutor.java:1074)
        at java.util.concurrent.ThreadPoolExecutor.runWorker(ThreadPoolExecutor.java:1134)
        at java.util.concurrent.ThreadPoolExecutor$Worker.run(ThreadPoolExecutor.java:624)
        at java.lang.Thread.run(Thread.java:748)
"qtp1821228886-2012" daemon prio=5 tid=2012 timed_waiting
java.lang.Thread.State: TIMED_WAITING
        at sun.misc.Unsafe.park(Native Method)
        at java.util.concurrent.locks.LockSupport.parkNanos(LockSupport.java:215)
        at java.util.concurrent.locks.AbstractQueuedSynchronizer$ConditionObject.awaitNanos(AbstractQueuedSynchronizer.java:2078)
        at org.eclipse.jetty.util.BlockingArrayQueue.poll(BlockingArrayQueue.java:392)
        at org.eclipse.jetty.util.thread.QueuedThreadPool.idleJobPoll(QueuedThreadPool.java:563)
        at org.eclipse.jetty.util.thread.QueuedThreadPool.access$800(QueuedThreadPool.java:48)
        at org.eclipse.jetty.util.thread.QueuedThreadPool$2.run(QueuedThreadPool.java:626)
        at java.lang.Thread.run(Thread.java:748)
"pool-176-thread-7"  prio=5 tid=2086 in Object.wait()
java.lang.Thread.State: WAITING (on object monitor)
        at sun.misc.Unsafe.park(Native Method)
        at java.util.concurrent.locks.LockSupport.park(LockSupport.java:175)
        at java.util.concurrent.locks.AbstractQueuedSynchronizer$ConditionObject.await(AbstractQueuedSynchronizer.java:2039)
        at java.util.concurrent.ArrayBlockingQueue.take(ArrayBlockingQueue.java:403)
        at java.util.concurrent.ThreadPoolExecutor.getTask(ThreadPoolExecutor.java:1074)
        at java.util.concurrent.ThreadPoolExecutor.runWorker(ThreadPoolExecutor.java:1134)
        at java.util.concurrent.ThreadPoolExecutor$Worker.run(ThreadPoolExecutor.java:624)
        at java.lang.Thread.run(Thread.java:748)
"metrics-hadoop-metrics2-reporter-58-thread-1" daemon prio=5 tid=1136 timed_waiting
java.lang.Thread.State: TIMED_WAITING
        at sun.misc.Unsafe.park(Native Method)
        at java.util.concurrent.locks.LockSupport.parkNanos(LockSupport.java:215)
        at java.util.concurrent.locks.AbstractQueuedSynchronizer$ConditionObject.awaitNanos(AbstractQueuedSynchronizer.java:2078)
        at java.util.concurrent.ScheduledThreadPoolExecutor$DelayedWorkQueue.take(ScheduledThreadPoolExecutor.java:1093)
        at java.util.concurrent.ScheduledThreadPoolExecutor$DelayedWorkQueue.take(ScheduledThreadPoolExecutor.java:809)
        at java.util.concurrent.ThreadPoolExecutor.getTask(ThreadPoolExecutor.java:1074)
        at java.util.concurrent.ThreadPoolExecutor.runWorker(ThreadPoolExecutor.java:1134)
        at java.util.concurrent.ThreadPoolExecutor$Worker.run(ThreadPoolExecutor.java:624)
        at java.lang.Thread.run(Thread.java:748)
"IPC Server listener on 35803" daemon prio=5 tid=1867 runnable
java.lang.Thread.State: RUNNABLE
        at sun.nio.ch.EPollArrayWrapper.epollWait(Native Method)
        at sun.nio.ch.EPollArrayWrapper.poll(EPollArrayWrapper.java:269)
        at sun.nio.ch.EPollSelectorImpl.doSelect(EPollSelectorImpl.java:93)
        at sun.nio.ch.SelectorImpl.lockAndDoSelect(SelectorImpl.java:86)
        at sun.nio.ch.SelectorImpl.select(SelectorImpl.java:97)
        at sun.nio.ch.SelectorImpl.select(SelectorImpl.java:101)
        at org.apache.hadoop.ipc.Server$Listener.run(Server.java:1159)
"pool-196-thread-4"  prio=5 tid=2208 in Object.wait()
java.lang.Thread.State: WAITING (on object monitor)
        at sun.misc.Unsafe.park(Native Method)
        at java.util.concurrent.locks.LockSupport.park(LockSupport.java:175)
        at java.util.concurrent.locks.AbstractQueuedSynchronizer$ConditionObject.await(AbstractQueuedSynchronizer.java:2039)
        at java.util.concurrent.ArrayBlockingQueue.take(ArrayBlockingQueue.java:403)
        at java.util.concurrent.ThreadPoolExecutor.getTask(ThreadPoolExecutor.java:1074)
        at java.util.concurrent.ThreadPoolExecutor.runWorker(ThreadPoolExecutor.java:1134)
        at java.util.concurrent.ThreadPoolExecutor$Worker.run(ThreadPoolExecutor.java:624)
        at java.lang.Thread.run(Thread.java:748)
"metrics-hadoop-metrics2-reporter-53-thread-1" daemon prio=5 tid=1049 timed_waiting
java.lang.Thread.State: TIMED_WAITING
        at sun.misc.Unsafe.park(Native Method)
        at java.util.concurrent.locks.LockSupport.parkNanos(LockSupport.java:215)
        at java.util.concurrent.locks.AbstractQueuedSynchronizer$ConditionObject.awaitNanos(AbstractQueuedSynchronizer.java:2078)
        at java.util.concurrent.ScheduledThreadPoolExecutor$DelayedWorkQueue.take(ScheduledThreadPoolExecutor.java:1093)
        at java.util.concurrent.ScheduledThreadPoolExecutor$DelayedWorkQueue.take(ScheduledThreadPoolExecutor.java:809)
        at java.util.concurrent.ThreadPoolExecutor.getTask(ThreadPoolExecutor.java:1074)
        at java.util.concurrent.ThreadPoolExecutor.runWorker(ThreadPoolExecutor.java:1134)
        at java.util.concurrent.ThreadPoolExecutor$Worker.run(ThreadPoolExecutor.java:624)
        at java.lang.Thread.run(Thread.java:748)
"Datanode ReportManager Thread - 2" daemon prio=5 tid=2074 in Object.wait()
java.lang.Thread.State: WAITING (on object monitor)
        at sun.misc.Unsafe.park(Native Method)
        at java.util.concurrent.locks.LockSupport.park(LockSupport.java:175)
        at java.util.concurrent.locks.AbstractQueuedSynchronizer$ConditionObject.await(AbstractQueuedSynchronizer.java:2039)
        at java.util.concurrent.ScheduledThreadPoolExecutor$DelayedWorkQueue.take(ScheduledThreadPoolExecutor.java:1088)
        at java.util.concurrent.ScheduledThreadPoolExecutor$DelayedWorkQueue.take(ScheduledThreadPoolExecutor.java:809)
        at java.util.concurrent.ThreadPoolExecutor.getTask(ThreadPoolExecutor.java:1074)
        at java.util.concurrent.ThreadPoolExecutor.runWorker(ThreadPoolExecutor.java:1134)
        at java.util.concurrent.ThreadPoolExecutor$Worker.run(ThreadPoolExecutor.java:624)
        at java.lang.Thread.run(Thread.java:748)
"metrics-hadoop-metrics2-reporter-28-thread-1" daemon prio=5 tid=950 timed_waiting
java.lang.Thread.State: TIMED_WAITING
        at sun.misc.Unsafe.park(Native Method)
        at java.util.concurrent.locks.LockSupport.parkNanos(LockSupport.java:215)
        at java.util.concurrent.locks.AbstractQueuedSynchronizer$ConditionObject.awaitNanos(AbstractQueuedSynchronizer.java:2078)
        at java.util.concurrent.ScheduledThreadPoolExecutor$DelayedWorkQueue.take(ScheduledThreadPoolExecutor.java:1093)
        at java.util.concurrent.ScheduledThreadPoolExecutor$DelayedWorkQueue.take(ScheduledThreadPoolExecutor.java:809)
        at java.util.concurrent.ThreadPoolExecutor.getTask(ThreadPoolExecutor.java:1074)
        at java.util.concurrent.ThreadPoolExecutor.runWorker(ThreadPoolExecutor.java:1134)
        at java.util.concurrent.ThreadPoolExecutor$Worker.run(ThreadPoolExecutor.java:624)
        at java.lang.Thread.run(Thread.java:748)
"metrics-hadoop-metrics2-reporter-110-thread-1" daemon prio=5 tid=2307 timed_waiting
java.lang.Thread.State: TIMED_WAITING
        at sun.misc.Unsafe.park(Native Method)
        at java.util.concurrent.locks.LockSupport.parkNanos(LockSupport.java:215)
        at java.util.concurrent.locks.AbstractQueuedSynchronizer$ConditionObject.awaitNanos(AbstractQueuedSynchronizer.java:2078)
        at java.util.concurrent.ScheduledThreadPoolExecutor$DelayedWorkQueue.take(ScheduledThreadPoolExecutor.java:1093)
        at java.util.concurrent.ScheduledThreadPoolExecutor$DelayedWorkQueue.take(ScheduledThreadPoolExecutor.java:809)
        at java.util.concurrent.ThreadPoolExecutor.getTask(ThreadPoolExecutor.java:1074)
        at java.util.concurrent.ThreadPoolExecutor.runWorker(ThreadPoolExecutor.java:1134)
        at java.util.concurrent.ThreadPoolExecutor$Worker.run(ThreadPoolExecutor.java:624)
        at java.lang.Thread.run(Thread.java:748)
"IPC Server Responder" daemon prio=5 tid=1874 runnable
java.lang.Thread.State: RUNNABLE
        at sun.nio.ch.EPollArrayWrapper.epollWait(Native Method)
        at sun.nio.ch.EPollArrayWrapper.poll(EPollArrayWrapper.java:269)
        at sun.nio.ch.EPollSelectorImpl.doSelect(EPollSelectorImpl.java:93)
        at sun.nio.ch.SelectorImpl.lockAndDoSelect(SelectorImpl.java:86)
        at sun.nio.ch.SelectorImpl.select(SelectorImpl.java:97)
        at org.apache.hadoop.ipc.Server$Responder.doRunLoop(Server.java:1334)
        at org.apache.hadoop.ipc.Server$Responder.run(Server.java:1317)
"pool-176-thread-27"  prio=5 tid=2106 in Object.wait()
java.lang.Thread.State: WAITING (on object monitor)
        at sun.misc.Unsafe.park(Native Method)
        at java.util.concurrent.locks.LockSupport.park(LockSupport.java:175)
        at java.util.concurrent.locks.AbstractQueuedSynchronizer$ConditionObject.await(AbstractQueuedSynchronizer.java:2039)
        at java.util.concurrent.ArrayBlockingQueue.take(ArrayBlockingQueue.java:403)
        at java.util.concurrent.ThreadPoolExecutor.getTask(ThreadPoolExecutor.java:1074)
        at java.util.concurrent.ThreadPoolExecutor.runWorker(ThreadPoolExecutor.java:1134)
        at java.util.concurrent.ThreadPoolExecutor$Worker.run(ThreadPoolExecutor.java:624)
        at java.lang.Thread.run(Thread.java:748)
"metrics-hadoop-metrics2-reporter-90-thread-1" daemon prio=5 tid=1676 timed_waiting
java.lang.Thread.State: TIMED_WAITING
        at sun.misc.Unsafe.park(Native Method)
        at java.util.concurrent.locks.LockSupport.parkNanos(LockSupport.java:215)
        at java.util.concurrent.locks.AbstractQueuedSynchronizer$ConditionObject.awaitNanos(AbstractQueuedSynchronizer.java:2078)
        at java.util.concurrent.ScheduledThreadPoolExecutor$DelayedWorkQueue.take(ScheduledThreadPoolExecutor.java:1093)
        at java.util.concurrent.ScheduledThreadPoolExecutor$DelayedWorkQueue.take(ScheduledThreadPoolExecutor.java:809)
        at java.util.concurrent.ThreadPoolExecutor.getTask(ThreadPoolExecutor.java:1074)
        at java.util.concurrent.ThreadPoolExecutor.runWorker(ThreadPoolExecutor.java:1134)
        at java.util.concurrent.ThreadPoolExecutor$Worker.run(ThreadPoolExecutor.java:624)
        at java.lang.Thread.run(Thread.java:748)
"org.eclipse.jetty.server.session.HashSessionManager@609e57daTimer" daemon prio=5 tid=1995 timed_waiting
java.lang.Thread.State: TIMED_WAITING
        at sun.misc.Unsafe.park(Native Method)
        at java.util.concurrent.locks.LockSupport.parkNanos(LockSupport.java:215)
        at java.util.concurrent.locks.AbstractQueuedSynchronizer$ConditionObject.awaitNanos(AbstractQueuedSynchronizer.java:2078)
        at java.util.concurrent.ScheduledThreadPoolExecutor$DelayedWorkQueue.take(ScheduledThreadPoolExecutor.java:1093)
        at java.util.concurrent.ScheduledThreadPoolExecutor$DelayedWorkQueue.take(ScheduledThreadPoolExecutor.java:809)
        at java.util.concurrent.ThreadPoolExecutor.getTask(ThreadPoolExecutor.java:1074)
        at java.util.concurrent.ThreadPoolExecutor.runWorker(ThreadPoolExecutor.java:1134)
        at java.util.concurrent.ThreadPoolExecutor$Worker.run(ThreadPoolExecutor.java:624)
        at java.lang.Thread.run(Thread.java:748)
"metrics-hadoop-metrics2-reporter-118-thread-1" daemon prio=5 tid=2332 timed_waiting
java.lang.Thread.State: TIMED_WAITING
        at sun.misc.Unsafe.park(Native Method)
        at java.util.concurrent.locks.LockSupport.parkNanos(LockSupport.java:215)
        at java.util.concurrent.locks.AbstractQueuedSynchronizer$ConditionObject.awaitNanos(AbstractQueuedSynchronizer.java:2078)
        at java.util.concurrent.ScheduledThreadPoolExecutor$DelayedWorkQueue.take(ScheduledThreadPoolExecutor.java:1093)
        at java.util.concurrent.ScheduledThreadPoolExecutor$DelayedWorkQueue.take(ScheduledThreadPoolExecutor.java:809)
        at java.util.concurrent.ThreadPoolExecutor.getTask(ThreadPoolExecutor.java:1074)
        at java.util.concurrent.ThreadPoolExecutor.runWorker(ThreadPoolExecutor.java:1134)
        at java.util.concurrent.ThreadPoolExecutor$Worker.run(ThreadPoolExecutor.java:624)
        at java.lang.Thread.run(Thread.java:748)
"IPC Server handler 4 on 37818" daemon prio=5 tid=1906 timed_waiting
java.lang.Thread.State: TIMED_WAITING
        at sun.misc.Unsafe.park(Native Method)
        at java.util.concurrent.locks.LockSupport.parkNanos(LockSupport.java:215)
        at java.util.concurrent.locks.AbstractQueuedSynchronizer$ConditionObject.awaitNanos(AbstractQueuedSynchronizer.java:2078)
        at java.util.concurrent.LinkedBlockingQueue.poll(LinkedBlockingQueue.java:467)
        at org.apache.hadoop.ipc.CallQueueManager.take(CallQueueManager.java:288)
        at org.apache.hadoop.ipc.Server$Handler.run(Server.java:2668)
"metrics-hadoop-metrics2-reporter-87-thread-1" daemon prio=5 tid=1661 timed_waiting
java.lang.Thread.State: TIMED_WAITING
        at sun.misc.Unsafe.park(Native Method)
        at java.util.concurrent.locks.LockSupport.parkNanos(LockSupport.java:215)
        at java.util.concurrent.locks.AbstractQueuedSynchronizer$ConditionObject.awaitNanos(AbstractQueuedSynchronizer.java:2078)
        at java.util.concurrent.ScheduledThreadPoolExecutor$DelayedWorkQueue.take(ScheduledThreadPoolExecutor.java:1093)
        at java.util.concurrent.ScheduledThreadPoolExecutor$DelayedWorkQueue.take(ScheduledThreadPoolExecutor.java:809)
        at java.util.concurrent.ThreadPoolExecutor.getTask(ThreadPoolExecutor.java:1074)
        at java.util.concurrent.ThreadPoolExecutor.runWorker(ThreadPoolExecutor.java:1134)
        at java.util.concurrent.ThreadPoolExecutor$Worker.run(ThreadPoolExecutor.java:624)
        at java.lang.Thread.run(Thread.java:748)
"Thread-1146" daemon prio=5 tid=2317 timed_waiting
java.lang.Thread.State: TIMED_WAITING
        at sun.misc.Unsafe.park(Native Method)
        at java.util.concurrent.locks.LockSupport.parkNanos(LockSupport.java:215)
        at java.util.concurrent.locks.AbstractQueuedSynchronizer$ConditionObject.awaitNanos(AbstractQueuedSynchronizer.java:2078)
        at java.util.concurrent.ArrayBlockingQueue.poll(ArrayBlockingQueue.java:418)
        at org.apache.ratis.server.impl.LeaderState$EventQueue.poll(LeaderState.java:115)
        at org.apache.ratis.server.impl.LeaderState$EventProcessor.run(LeaderState.java:467)
"pool-196-thread-22"  prio=5 tid=2226 in Object.wait()
java.lang.Thread.State: WAITING (on object monitor)
        at sun.misc.Unsafe.park(Native Method)
        at java.util.concurrent.locks.LockSupport.park(LockSupport.java:175)
        at java.util.concurrent.locks.AbstractQueuedSynchronizer$ConditionObject.await(AbstractQueuedSynchronizer.java:2039)
        at java.util.concurrent.ArrayBlockingQueue.take(ArrayBlockingQueue.java:403)
        at java.util.concurrent.ThreadPoolExecutor.getTask(ThreadPoolExecutor.java:1074)
        at java.util.concurrent.ThreadPoolExecutor.runWorker(ThreadPoolExecutor.java:1134)
        at java.util.concurrent.ThreadPoolExecutor$Worker.run(ThreadPoolExecutor.java:624)
        at java.lang.Thread.run(Thread.java:748)
"qtp1300497562-2066" daemon prio=5 tid=2066 timed_waiting
java.lang.Thread.State: TIMED_WAITING
        at sun.misc.Unsafe.park(Native Method)
        at java.util.concurrent.locks.LockSupport.parkNanos(LockSupport.java:215)
        at java.util.concurrent.locks.AbstractQueuedSynchronizer$ConditionObject.awaitNanos(AbstractQueuedSynchronizer.java:2078)
        at org.eclipse.jetty.util.BlockingArrayQueue.poll(BlockingArrayQueue.java:392)
        at org.eclipse.jetty.util.thread.QueuedThreadPool.idleJobPoll(QueuedThreadPool.java:563)
        at org.eclipse.jetty.util.thread.QueuedThreadPool.access$800(QueuedThreadPool.java:48)
        at org.eclipse.jetty.util.thread.QueuedThreadPool$2.run(QueuedThreadPool.java:626)
        at java.lang.Thread.run(Thread.java:748)
"metrics-hadoop-metrics2-reporter-24-thread-1" daemon prio=5 tid=503 timed_waiting
java.lang.Thread.State: TIMED_WAITING
        at sun.misc.Unsafe.park(Native Method)
        at java.util.concurrent.locks.LockSupport.parkNanos(LockSupport.java:215)
        at java.util.concurrent.locks.AbstractQueuedSynchronizer$ConditionObject.awaitNanos(AbstractQueuedSynchronizer.java:2078)
        at java.util.concurrent.ScheduledThreadPoolExecutor$DelayedWorkQueue.take(ScheduledThreadPoolExecutor.java:1093)
        at java.util.concurrent.ScheduledThreadPoolExecutor$DelayedWorkQueue.take(ScheduledThreadPoolExecutor.java:809)
        at java.util.concurrent.ThreadPoolExecutor.getTask(ThreadPoolExecutor.java:1074)
        at java.util.concurrent.ThreadPoolExecutor.runWorker(ThreadPoolExecutor.java:1134)
        at java.util.concurrent.ThreadPoolExecutor$Worker.run(ThreadPoolExecutor.java:624)
        at java.lang.Thread.run(Thread.java:748)
"Datanode ReportManager Thread - 3" daemon prio=5 tid=716 in Object.wait()
java.lang.Thread.State: WAITING (on object monitor)
        at sun.misc.Unsafe.park(Native Method)
        at java.util.concurrent.locks.LockSupport.park(LockSupport.java:175)
        at java.util.concurrent.locks.AbstractQueuedSynchronizer$ConditionObject.await(AbstractQueuedSynchronizer.java:2039)
        at java.util.concurrent.ScheduledThreadPoolExecutor$DelayedWorkQueue.take(ScheduledThreadPoolExecutor.java:1088)
        at java.util.concurrent.ScheduledThreadPoolExecutor$DelayedWorkQueue.take(ScheduledThreadPoolExecutor.java:809)
        at java.util.concurrent.ThreadPoolExecutor.getTask(ThreadPoolExecutor.java:1074)
        at java.util.concurrent.ThreadPoolExecutor.runWorker(ThreadPoolExecutor.java:1134)
        at java.util.concurrent.ThreadPoolExecutor$Worker.run(ThreadPoolExecutor.java:624)
        at java.lang.Thread.run(Thread.java:748)
"Socket Reader #1 for port 43940"  prio=5 tid=1876 runnable
java.lang.Thread.State: RUNNABLE
        at sun.nio.ch.EPollArrayWrapper.epollWait(Native Method)
        at sun.nio.ch.EPollArrayWrapper.poll(EPollArrayWrapper.java:269)
        at sun.nio.ch.EPollSelectorImpl.doSelect(EPollSelectorImpl.java:93)
        at sun.nio.ch.SelectorImpl.lockAndDoSelect(SelectorImpl.java:86)
        at sun.nio.ch.SelectorImpl.select(SelectorImpl.java:97)
        at sun.nio.ch.SelectorImpl.select(SelectorImpl.java:101)
        at org.apache.hadoop.ipc.Server$Listener$Reader.doRunLoop(Server.java:1097)
        at org.apache.hadoop.ipc.Server$Listener$Reader.run(Server.java:1076)
"metrics-hadoop-metrics2-reporter-11-thread-1" daemon prio=5 tid=461 timed_waiting
java.lang.Thread.State: TIMED_WAITING
        at sun.misc.Unsafe.park(Native Method)
        at java.util.concurrent.locks.LockSupport.parkNanos(LockSupport.java:215)
        at java.util.concurrent.locks.AbstractQueuedSynchronizer$ConditionObject.awaitNanos(AbstractQueuedSynchronizer.java:2078)
        at java.util.concurrent.ScheduledThreadPoolExecutor$DelayedWorkQueue.take(ScheduledThreadPoolExecutor.java:1093)
        at java.util.concurrent.ScheduledThreadPoolExecutor$DelayedWorkQueue.take(ScheduledThreadPoolExecutor.java:809)
        at java.util.concurrent.ThreadPoolExecutor.getTask(ThreadPoolExecutor.java:1074)
        at java.util.concurrent.ThreadPoolExecutor.runWorker(ThreadPoolExecutor.java:1134)
        at java.util.concurrent.ThreadPoolExecutor$Worker.run(ThreadPoolExecutor.java:624)
        at java.lang.Thread.run(Thread.java:748)
"pool-186-thread-5"  prio=5 tid=2147 in Object.wait()
java.lang.Thread.State: WAITING (on object monitor)
        at sun.misc.Unsafe.park(Native Method)
        at java.util.concurrent.locks.LockSupport.park(LockSupport.java:175)
        at java.util.concurrent.locks.AbstractQueuedSynchronizer$ConditionObject.await(AbstractQueuedSynchronizer.java:2039)
        at java.util.concurrent.ArrayBlockingQueue.take(ArrayBlockingQueue.java:403)
        at java.util.concurrent.ThreadPoolExecutor.getTask(ThreadPoolExecutor.java:1074)
        at java.util.concurrent.ThreadPoolExecutor.runWorker(ThreadPoolExecutor.java:1134)
        at java.util.concurrent.ThreadPoolExecutor$Worker.run(ThreadPoolExecutor.java:624)
        at java.lang.Thread.run(Thread.java:748)
"metrics-hadoop-metrics2-reporter-129-thread-1" daemon prio=5 tid=2492 timed_waiting
java.lang.Thread.State: TIMED_WAITING
        at sun.misc.Unsafe.park(Native Method)
        at java.util.concurrent.locks.LockSupport.parkNanos(LockSupport.java:215)
        at java.util.concurrent.locks.AbstractQueuedSynchronizer$ConditionObject.awaitNanos(AbstractQueuedSynchronizer.java:2078)
        at java.util.concurrent.ScheduledThreadPoolExecutor$DelayedWorkQueue.take(ScheduledThreadPoolExecutor.java:1093)
        at java.util.concurrent.ScheduledThreadPoolExecutor$DelayedWorkQueue.take(ScheduledThreadPoolExecutor.java:809)
        at java.util.concurrent.ThreadPoolExecutor.getTask(ThreadPoolExecutor.java:1074)
        at java.util.concurrent.ThreadPoolExecutor.runWorker(ThreadPoolExecutor.java:1134)
        at java.util.concurrent.ThreadPoolExecutor$Worker.run(ThreadPoolExecutor.java:624)
        at java.lang.Thread.run(Thread.java:748)
"qtp1664093259-2038" daemon prio=5 tid=2038 timed_waiting
java.lang.Thread.State: TIMED_WAITING
        at sun.misc.Unsafe.park(Native Method)
        at java.util.concurrent.locks.LockSupport.parkNanos(LockSupport.java:215)
        at java.util.concurrent.locks.AbstractQueuedSynchronizer$ConditionObject.awaitNanos(AbstractQueuedSynchronizer.java:2078)
        at org.eclipse.jetty.util.BlockingArrayQueue.poll(BlockingArrayQueue.java:392)
        at org.eclipse.jetty.util.thread.QueuedThreadPool.idleJobPoll(QueuedThreadPool.java:563)
        at org.eclipse.jetty.util.thread.QueuedThreadPool.access$800(QueuedThreadPool.java:48)
        at org.eclipse.jetty.util.thread.QueuedThreadPool$2.run(QueuedThreadPool.java:626)
        at java.lang.Thread.run(Thread.java:748)
"IPC Server handler 15 on 35803" daemon prio=5 tid=1937 timed_waiting
java.lang.Thread.State: TIMED_WAITING
        at sun.misc.Unsafe.park(Native Method)
        at java.util.concurrent.locks.LockSupport.parkNanos(LockSupport.java:215)
        at java.util.concurrent.locks.AbstractQueuedSynchronizer$ConditionObject.awaitNanos(AbstractQueuedSynchronizer.java:2078)
        at java.util.concurrent.LinkedBlockingQueue.poll(LinkedBlockingQueue.java:467)
        at org.apache.hadoop.ipc.CallQueueManager.take(CallQueueManager.java:288)
        at org.apache.hadoop.ipc.Server$Handler.run(Server.java:2668)
"qtp1300497562-2062" daemon prio=5 tid=2062 timed_waiting
java.lang.Thread.State: TIMED_WAITING
        at sun.misc.Unsafe.park(Native Method)
        at java.util.concurrent.locks.LockSupport.parkNanos(LockSupport.java:215)
        at java.util.concurrent.locks.AbstractQueuedSynchronizer$ConditionObject.awaitNanos(AbstractQueuedSynchronizer.java:2078)
        at org.eclipse.jetty.util.BlockingArrayQueue.poll(BlockingArrayQueue.java:392)
        at org.eclipse.jetty.util.thread.QueuedThreadPool.idleJobPoll(QueuedThreadPool.java:563)
        at org.eclipse.jetty.util.thread.QueuedThreadPool.access$800(QueuedThreadPool.java:48)
        at org.eclipse.jetty.util.thread.QueuedThreadPool$2.run(QueuedThreadPool.java:626)
        at java.lang.Thread.run(Thread.java:748)
"jaeger.RemoteReporter-FlushTimer" daemon prio=5 tid=148 timed_waiting
java.lang.Thread.State: TIMED_WAITING
        at java.lang.Object.wait(Native Method)
        at java.util.TimerThread.mainLoop(Timer.java:552)
        at java.util.TimerThread.run(Timer.java:505)
"pool-186-thread-43"  prio=5 tid=2185 in Object.wait()
java.lang.Thread.State: WAITING (on object monitor)
        at sun.misc.Unsafe.park(Native Method)
        at java.util.concurrent.locks.LockSupport.park(LockSupport.java:175)
        at java.util.concurrent.locks.AbstractQueuedSynchronizer$ConditionObject.await(AbstractQueuedSynchronizer.java:2039)
        at java.util.concurrent.ArrayBlockingQueue.take(ArrayBlockingQueue.java:403)
        at java.util.concurrent.ThreadPoolExecutor.getTask(ThreadPoolExecutor.java:1074)
        at java.util.concurrent.ThreadPoolExecutor.runWorker(ThreadPoolExecutor.java:1134)
        at java.util.concurrent.ThreadPoolExecutor$Worker.run(ThreadPoolExecutor.java:624)
        at java.lang.Thread.run(Thread.java:748)
"qtp1300497562-2065" daemon prio=5 tid=2065 timed_waiting
java.lang.Thread.State: TIMED_WAITING
        at sun.misc.Unsafe.park(Native Method)
        at java.util.concurrent.locks.LockSupport.parkNanos(LockSupport.java:215)
        at java.util.concurrent.locks.AbstractQueuedSynchronizer$ConditionObject.awaitNanos(AbstractQueuedSynchronizer.java:2078)
        at org.eclipse.jetty.util.BlockingArrayQueue.poll(BlockingArrayQueue.java:392)
        at org.eclipse.jetty.util.thread.QueuedThreadPool.idleJobPoll(QueuedThreadPool.java:563)
        at org.eclipse.jetty.util.thread.QueuedThreadPool.access$800(QueuedThreadPool.java:48)
        at org.eclipse.jetty.util.thread.QueuedThreadPool$2.run(QueuedThreadPool.java:626)
        at java.lang.Thread.run(Thread.java:748)
"Periodic HDDS volume checker"  prio=5 tid=2053 timed_waiting
java.lang.Thread.State: TIMED_WAITING
        at sun.misc.Unsafe.park(Native Method)
        at java.util.concurrent.locks.LockSupport.parkNanos(LockSupport.java:215)
        at java.util.concurrent.locks.AbstractQueuedSynchronizer$ConditionObject.awaitNanos(AbstractQueuedSynchronizer.java:2078)
        at java.util.concurrent.ScheduledThreadPoolExecutor$DelayedWorkQueue.take(ScheduledThreadPoolExecutor.java:1093)
        at java.util.concurrent.ScheduledThreadPoolExecutor$DelayedWorkQueue.take(ScheduledThreadPoolExecutor.java:809)
        at java.util.concurrent.ThreadPoolExecutor.getTask(ThreadPoolExecutor.java:1074)
        at java.util.concurrent.ThreadPoolExecutor.runWorker(ThreadPoolExecutor.java:1134)
        at java.util.concurrent.ThreadPoolExecutor$Worker.run(ThreadPoolExecutor.java:624)
        at java.lang.Thread.run(Thread.java:748)
"IPC Server handler 16 on 37818" daemon prio=5 tid=1918 timed_waiting
java.lang.Thread.State: TIMED_WAITING
        at sun.misc.Unsafe.park(Native Method)
        at java.util.concurrent.locks.LockSupport.parkNanos(LockSupport.java:215)
        at java.util.concurrent.locks.AbstractQueuedSynchronizer$ConditionObject.awaitNanos(AbstractQueuedSynchronizer.java:2078)
        at java.util.concurrent.LinkedBlockingQueue.poll(LinkedBlockingQueue.java:467)
        at org.apache.hadoop.ipc.CallQueueManager.take(CallQueueManager.java:288)
        at org.apache.hadoop.ipc.Server$Handler.run(Server.java:2668)
"metrics-hadoop-metrics2-reporter-29-thread-1" daemon prio=5 tid=953 timed_waiting
java.lang.Thread.State: TIMED_WAITING
        at sun.misc.Unsafe.park(Native Method)
        at java.util.concurrent.locks.LockSupport.parkNanos(LockSupport.java:215)
        at java.util.concurrent.locks.AbstractQueuedSynchronizer$ConditionObject.awaitNanos(AbstractQueuedSynchronizer.java:2078)
        at java.util.concurrent.ScheduledThreadPoolExecutor$DelayedWorkQueue.take(ScheduledThreadPoolExecutor.java:1093)
        at java.util.concurrent.ScheduledThreadPoolExecutor$DelayedWorkQueue.take(ScheduledThreadPoolExecutor.java:809)
        at java.util.concurrent.ThreadPoolExecutor.getTask(ThreadPoolExecutor.java:1074)
        at java.util.concurrent.ThreadPoolExecutor.runWorker(ThreadPoolExecutor.java:1134)
        at java.util.concurrent.ThreadPoolExecutor$Worker.run(ThreadPoolExecutor.java:624)
        at java.lang.Thread.run(Thread.java:748)
"pool-196-thread-41"  prio=5 tid=2245 in Object.wait()
java.lang.Thread.State: WAITING (on object monitor)
        at sun.misc.Unsafe.park(Native Method)
        at java.util.concurrent.locks.LockSupport.park(LockSupport.java:175)
        at java.util.concurrent.locks.AbstractQueuedSynchronizer$ConditionObject.await(AbstractQueuedSynchronizer.java:2039)
        at java.util.concurrent.ArrayBlockingQueue.take(ArrayBlockingQueue.java:403)
        at java.util.concurrent.ThreadPoolExecutor.getTask(ThreadPoolExecutor.java:1074)
        at java.util.concurrent.ThreadPoolExecutor.runWorker(ThreadPoolExecutor.java:1134)
        at java.util.concurrent.ThreadPoolExecutor$Worker.run(ThreadPoolExecutor.java:624)
        at java.lang.Thread.run(Thread.java:748)
"CommandWatcher-LeaseManager#LeaseMonitor" daemon prio=5 tid=1881 timed_waiting
java.lang.Thread.State: TIMED_WAITING
        at java.lang.Thread.sleep(Native Method)
        at org.apache.hadoop.ozone.lease.LeaseManager$LeaseMonitor.run(LeaseManager.java:234)
        at java.lang.Thread.run(Thread.java:748)
"ReplicationMonitor" daemon prio=5 tid=2472 timed_waiting
java.lang.Thread.State: TIMED_WAITING
        at java.lang.Object.wait(Native Method)
        at org.apache.hadoop.hdds.scm.container.ReplicationManager.run(ReplicationManager.java:229)
        at org.apache.hadoop.hdds.scm.container.ReplicationManager$$Lambda$511/278366299.run(Unknown Source)
        at java.lang.Thread.run(Thread.java:748)
"metrics-hadoop-metrics2-reporter-36-thread-1" daemon prio=5 tid=969 timed_waiting
java.lang.Thread.State: TIMED_WAITING
        at sun.misc.Unsafe.park(Native Method)
        at java.util.concurrent.locks.LockSupport.parkNanos(LockSupport.java:215)
        at java.util.concurrent.locks.AbstractQueuedSynchronizer$ConditionObject.awaitNanos(AbstractQueuedSynchronizer.java:2078)
        at java.util.concurrent.ScheduledThreadPoolExecutor$DelayedWorkQueue.take(ScheduledThreadPoolExecutor.java:1093)
        at java.util.concurrent.ScheduledThreadPoolExecutor$DelayedWorkQueue.take(ScheduledThreadPoolExecutor.java:809)
        at java.util.concurrent.ThreadPoolExecutor.getTask(ThreadPoolExecutor.java:1074)
        at java.util.concurrent.ThreadPoolExecutor.runWorker(ThreadPoolExecutor.java:1134)
        at java.util.concurrent.ThreadPoolExecutor$Worker.run(ThreadPoolExecutor.java:624)
        at java.lang.Thread.run(Thread.java:748)
"Datanode ReportManager Thread - 3" daemon prio=5 tid=689 in Object.wait()
java.lang.Thread.State: WAITING (on object monitor)
        at sun.misc.Unsafe.park(Native Method)
        at java.util.concurrent.locks.LockSupport.park(LockSupport.java:175)
        at java.util.concurrent.locks.AbstractQueuedSynchronizer$ConditionObject.await(AbstractQueuedSynchronizer.java:2039)
        at java.util.concurrent.ScheduledThreadPoolExecutor$DelayedWorkQueue.take(ScheduledThreadPoolExecutor.java:1088)
        at java.util.concurrent.ScheduledThreadPoolExecutor$DelayedWorkQueue.take(ScheduledThreadPoolExecutor.java:809)
        at java.util.concurrent.ThreadPoolExecutor.getTask(ThreadPoolExecutor.java:1074)
        at java.util.concurrent.ThreadPoolExecutor.runWorker(ThreadPoolExecutor.java:1134)
        at java.util.concurrent.ThreadPoolExecutor$Worker.run(ThreadPoolExecutor.java:624)
        at java.lang.Thread.run(Thread.java:748)
"pool-196-thread-6"  prio=5 tid=2210 in Object.wait()
java.lang.Thread.State: WAITING (on object monitor)
        at sun.misc.Unsafe.park(Native Method)
        at java.util.concurrent.locks.LockSupport.park(LockSupport.java:175)
        at java.util.concurrent.locks.AbstractQueuedSynchronizer$ConditionObject.await(AbstractQueuedSynchronizer.java:2039)
        at java.util.concurrent.ArrayBlockingQueue.take(ArrayBlockingQueue.java:403)
        at java.util.concurrent.ThreadPoolExecutor.getTask(ThreadPoolExecutor.java:1074)
        at java.util.concurrent.ThreadPoolExecutor.runWorker(ThreadPoolExecutor.java:1134)
        at java.util.concurrent.ThreadPoolExecutor$Worker.run(ThreadPoolExecutor.java:624)
        at java.lang.Thread.run(Thread.java:748)
"metrics-hadoop-metrics2-reporter-47-thread-1" daemon prio=5 tid=1004 timed_waiting
java.lang.Thread.State: TIMED_WAITING
        at sun.misc.Unsafe.park(Native Method)
        at java.util.concurrent.locks.LockSupport.parkNanos(LockSupport.java:215)
        at java.util.concurrent.locks.AbstractQueuedSynchronizer$ConditionObject.awaitNanos(AbstractQueuedSynchronizer.java:2078)
        at java.util.concurrent.ScheduledThreadPoolExecutor$DelayedWorkQueue.take(ScheduledThreadPoolExecutor.java:1093)
        at java.util.concurrent.ScheduledThreadPoolExecutor$DelayedWorkQueue.take(ScheduledThreadPoolExecutor.java:809)
        at java.util.concurrent.ThreadPoolExecutor.getTask(ThreadPoolExecutor.java:1074)
        at java.util.concurrent.ThreadPoolExecutor.runWorker(ThreadPoolExecutor.java:1134)
        at java.util.concurrent.ThreadPoolExecutor$Worker.run(ThreadPoolExecutor.java:624)
        at java.lang.Thread.run(Thread.java:748)
"BlockDeletingService#1" daemon prio=5 tid=2142 in Object.wait()
java.lang.Thread.State: WAITING (on object monitor)
        at sun.misc.Unsafe.park(Native Method)
        at java.util.concurrent.locks.LockSupport.park(LockSupport.java:175)
        at java.util.concurrent.locks.AbstractQueuedSynchronizer$ConditionObject.await(AbstractQueuedSynchronizer.java:2039)
        at java.util.concurrent.ScheduledThreadPoolExecutor$DelayedWorkQueue.take(ScheduledThreadPoolExecutor.java:1088)
        at java.util.concurrent.ScheduledThreadPoolExecutor$DelayedWorkQueue.take(ScheduledThreadPoolExecutor.java:809)
        at java.util.concurrent.ThreadPoolExecutor.getTask(ThreadPoolExecutor.java:1074)
        at java.util.concurrent.ThreadPoolExecutor.runWorker(ThreadPoolExecutor.java:1134)
        at java.util.concurrent.ThreadPoolExecutor$Worker.run(ThreadPoolExecutor.java:624)
        at java.lang.Thread.run(Thread.java:748)
"EventQueue-NodeRegistrationContainerReportForContainerSafeModeRule" daemon prio=5 tid=2271 in Object.wait()
java.lang.Thread.State: WAITING (on object monitor)
        at sun.misc.Unsafe.park(Native Method)
        at java.util.concurrent.locks.LockSupport.park(LockSupport.java:175)
        at java.util.concurrent.locks.AbstractQueuedSynchronizer$ConditionObject.await(AbstractQueuedSynchronizer.java:2039)
        at java.util.concurrent.LinkedBlockingQueue.take(LinkedBlockingQueue.java:442)
        at java.util.concurrent.ThreadPoolExecutor.getTask(ThreadPoolExecutor.java:1074)
        at java.util.concurrent.ThreadPoolExecutor.runWorker(ThreadPoolExecutor.java:1134)
        at java.util.concurrent.ThreadPoolExecutor$Worker.run(ThreadPoolExecutor.java:624)
        at java.lang.Thread.run(Thread.java:748)
"metrics-hadoop-metrics2-reporter-112-thread-1" daemon prio=5 tid=2310 timed_waiting
java.lang.Thread.State: TIMED_WAITING
        at sun.misc.Unsafe.park(Native Method)
        at java.util.concurrent.locks.LockSupport.parkNanos(LockSupport.java:215)
        at java.util.concurrent.locks.AbstractQueuedSynchronizer$ConditionObject.awaitNanos(AbstractQueuedSynchronizer.java:2078)
        at java.util.concurrent.ScheduledThreadPoolExecutor$DelayedWorkQueue.take(ScheduledThreadPoolExecutor.java:1093)
        at java.util.concurrent.ScheduledThreadPoolExecutor$DelayedWorkQueue.take(ScheduledThreadPoolExecutor.java:809)
        at java.util.concurrent.ThreadPoolExecutor.getTask(ThreadPoolExecutor.java:1074)
        at java.util.concurrent.ThreadPoolExecutor.runWorker(ThreadPoolExecutor.java:1134)
        at java.util.concurrent.ThreadPoolExecutor$Worker.run(ThreadPoolExecutor.java:624)
        at java.lang.Thread.run(Thread.java:748)
"pool-196-thread-52"  prio=5 tid=2256 in Object.wait()
java.lang.Thread.State: WAITING (on object monitor)
        at sun.misc.Unsafe.park(Native Method)
        at java.util.concurrent.locks.LockSupport.park(LockSupport.java:175)
        at java.util.concurrent.locks.AbstractQueuedSynchronizer$ConditionObject.await(AbstractQueuedSynchronizer.java:2039)
        at java.util.concurrent.ArrayBlockingQueue.take(ArrayBlockingQueue.java:403)
        at java.util.concurrent.ThreadPoolExecutor.getTask(ThreadPoolExecutor.java:1074)
        at java.util.concurrent.ThreadPoolExecutor.runWorker(ThreadPoolExecutor.java:1134)
        at java.util.concurrent.ThreadPoolExecutor$Worker.run(ThreadPoolExecutor.java:624)
        at java.lang.Thread.run(Thread.java:748)
"pool-174-thread-1" daemon prio=5 tid=2003 timed_waiting
java.lang.Thread.State: TIMED_WAITING
        at sun.misc.Unsafe.park(Native Method)
        at java.util.concurrent.locks.LockSupport.parkNanos(LockSupport.java:215)
        at java.util.concurrent.locks.AbstractQueuedSynchronizer$ConditionObject.awaitNanos(AbstractQueuedSynchronizer.java:2078)
        at java.util.concurrent.ScheduledThreadPoolExecutor$DelayedWorkQueue.take(ScheduledThreadPoolExecutor.java:1093)
        at java.util.concurrent.ScheduledThreadPoolExecutor$DelayedWorkQueue.take(ScheduledThreadPoolExecutor.java:809)
        at java.util.concurrent.ThreadPoolExecutor.getTask(ThreadPoolExecutor.java:1074)
        at java.util.concurrent.ThreadPoolExecutor.runWorker(ThreadPoolExecutor.java:1134)
        at java.util.concurrent.ThreadPoolExecutor$Worker.run(ThreadPoolExecutor.java:624)
        at java.lang.Thread.run(Thread.java:748)
"pool-196-thread-11"  prio=5 tid=2215 in Object.wait()
java.lang.Thread.State: WAITING (on object monitor)
        at sun.misc.Unsafe.park(Native Method)
        at java.util.concurrent.locks.LockSupport.park(LockSupport.java:175)
        at java.util.concurrent.locks.AbstractQueuedSynchronizer$ConditionObject.await(AbstractQueuedSynchronizer.java:2039)
        at java.util.concurrent.ArrayBlockingQueue.take(ArrayBlockingQueue.java:403)
        at java.util.concurrent.ThreadPoolExecutor.getTask(ThreadPoolExecutor.java:1074)
        at java.util.concurrent.ThreadPoolExecutor.runWorker(ThreadPoolExecutor.java:1134)
        at java.util.concurrent.ThreadPoolExecutor$Worker.run(ThreadPoolExecutor.java:624)
        at java.lang.Thread.run(Thread.java:748)
"pool-176-thread-12"  prio=5 tid=2091 in Object.wait()
java.lang.Thread.State: WAITING (on object monitor)
        at sun.misc.Unsafe.park(Native Method)
        at java.util.concurrent.locks.LockSupport.park(LockSupport.java:175)
        at java.util.concurrent.locks.AbstractQueuedSynchronizer$ConditionObject.await(AbstractQueuedSynchronizer.java:2039)
        at java.util.concurrent.ArrayBlockingQueue.take(ArrayBlockingQueue.java:403)
        at java.util.concurrent.ThreadPoolExecutor.getTask(ThreadPoolExecutor.java:1074)
        at java.util.concurrent.ThreadPoolExecutor.runWorker(ThreadPoolExecutor.java:1134)
        at java.util.concurrent.ThreadPoolExecutor$Worker.run(ThreadPoolExecutor.java:624)
        at java.lang.Thread.run(Thread.java:748)
"metrics-hadoop-metrics2-reporter-70-thread-1" daemon prio=5 tid=1613 timed_waiting
java.lang.Thread.State: TIMED_WAITING
        at sun.misc.Unsafe.park(Native Method)
        at java.util.concurrent.locks.LockSupport.parkNanos(LockSupport.java:215)
        at java.util.concurrent.locks.AbstractQueuedSynchronizer$ConditionObject.awaitNanos(AbstractQueuedSynchronizer.java:2078)
        at java.util.concurrent.ScheduledThreadPoolExecutor$DelayedWorkQueue.take(ScheduledThreadPoolExecutor.java:1093)
        at java.util.concurrent.ScheduledThreadPoolExecutor$DelayedWorkQueue.take(ScheduledThreadPoolExecutor.java:809)
        at java.util.concurrent.ThreadPoolExecutor.getTask(ThreadPoolExecutor.java:1074)
        at java.util.concurrent.ThreadPoolExecutor.runWorker(ThreadPoolExecutor.java:1134)
        at java.util.concurrent.ThreadPoolExecutor$Worker.run(ThreadPoolExecutor.java:624)
        at java.lang.Thread.run(Thread.java:748)
"metrics-hadoop-metrics2-reporter-21-thread-1" daemon prio=5 tid=492 timed_waiting
java.lang.Thread.State: TIMED_WAITING
        at sun.misc.Unsafe.park(Native Method)
        at java.util.concurrent.locks.LockSupport.parkNanos(LockSupport.java:215)
        at java.util.concurrent.locks.AbstractQueuedSynchronizer$ConditionObject.awaitNanos(AbstractQueuedSynchronizer.java:2078)
        at java.util.concurrent.ScheduledThreadPoolExecutor$DelayedWorkQueue.take(ScheduledThreadPoolExecutor.java:1093)
        at java.util.concurrent.ScheduledThreadPoolExecutor$DelayedWorkQueue.take(ScheduledThreadPoolExecutor.java:809)
        at java.util.concurrent.ThreadPoolExecutor.getTask(ThreadPoolExecutor.java:1074)
        at java.util.concurrent.ThreadPoolExecutor.runWorker(ThreadPoolExecutor.java:1134)
        at java.util.concurrent.ThreadPoolExecutor$Worker.run(ThreadPoolExecutor.java:624)
        at java.lang.Thread.run(Thread.java:748)
"IPC Client (405488475) connection to /0.0.0.0:35803 from jenkins1000" daemon prio=5 tid=2079 timed_waiting
java.lang.Thread.State: TIMED_WAITING
        at java.lang.Object.wait(Native Method)
        at org.apache.hadoop.ipc.Client$Connection.waitForWork(Client.java:1024)
        at org.apache.hadoop.ipc.Client$Connection.run(Client.java:1068)
"Datanode ReportManager Thread - 3" daemon prio=5 tid=1373 timed_waiting
java.lang.Thread.State: TIMED_WAITING
        at sun.misc.Unsafe.park(Native Method)
        at java.util.concurrent.locks.LockSupport.parkNanos(LockSupport.java:215)
        at java.util.concurrent.locks.AbstractQueuedSynchronizer$ConditionObject.awaitNanos(AbstractQueuedSynchronizer.java:2078)
        at java.util.concurrent.ScheduledThreadPoolExecutor$DelayedWorkQueue.take(ScheduledThreadPoolExecutor.java:1093)
        at java.util.concurrent.ScheduledThreadPoolExecutor$DelayedWorkQueue.take(ScheduledThreadPoolExecutor.java:809)
        at java.util.concurrent.ThreadPoolExecutor.getTask(ThreadPoolExecutor.java:1074)
        at java.util.concurrent.ThreadPoolExecutor.runWorker(ThreadPoolExecutor.java:1134)
        at java.util.concurrent.ThreadPoolExecutor$Worker.run(ThreadPoolExecutor.java:624)
        at java.lang.Thread.run(Thread.java:748)
"org.apache.hadoop.util.JvmPauseMonitor$Monitor@68c857a6" daemon prio=5 tid=2050 timed_waiting
java.lang.Thread.State: TIMED_WAITING
        at java.lang.Thread.sleep(Native Method)
        at org.apache.hadoop.util.JvmPauseMonitor$Monitor.run(JvmPauseMonitor.java:192)
        at java.lang.Thread.run(Thread.java:748)
"IPC Server handler 3 on 37818" daemon prio=5 tid=1905 timed_waiting
java.lang.Thread.State: TIMED_WAITING
        at sun.misc.Unsafe.park(Native Method)
        at java.util.concurrent.locks.LockSupport.parkNanos(LockSupport.java:215)
        at java.util.concurrent.locks.AbstractQueuedSynchronizer$ConditionObject.awaitNanos(AbstractQueuedSynchronizer.java:2078)
        at java.util.concurrent.LinkedBlockingQueue.poll(LinkedBlockingQueue.java:467)
        at org.apache.hadoop.ipc.CallQueueManager.take(CallQueueManager.java:288)
        at org.apache.hadoop.ipc.Server$Handler.run(Server.java:2668)
"metrics-hadoop-metrics2-reporter-42-thread-1" daemon prio=5 tid=989 timed_waiting
java.lang.Thread.State: TIMED_WAITING
        at sun.misc.Unsafe.park(Native Method)
        at java.util.concurrent.locks.LockSupport.parkNanos(LockSupport.java:215)
        at java.util.concurrent.locks.AbstractQueuedSynchronizer$ConditionObject.awaitNanos(AbstractQueuedSynchronizer.java:2078)
        at java.util.concurrent.ScheduledThreadPoolExecutor$DelayedWorkQueue.take(ScheduledThreadPoolExecutor.java:1093)
        at java.util.concurrent.ScheduledThreadPoolExecutor$DelayedWorkQueue.take(ScheduledThreadPoolExecutor.java:809)
        at java.util.concurrent.ThreadPoolExecutor.getTask(ThreadPoolExecutor.java:1074)
        at java.util.concurrent.ThreadPoolExecutor.runWorker(ThreadPoolExecutor.java:1134)
        at java.util.concurrent.ThreadPoolExecutor$Worker.run(ThreadPoolExecutor.java:624)
        at java.lang.Thread.run(Thread.java:748)
"metrics-hadoop-metrics2-reporter-125-thread-1" daemon prio=5 tid=2484 timed_waiting
java.lang.Thread.State: TIMED_WAITING
        at sun.misc.Unsafe.park(Native Method)
        at java.util.concurrent.locks.LockSupport.parkNanos(LockSupport.java:215)
        at java.util.concurrent.locks.AbstractQueuedSynchronizer$ConditionObject.awaitNanos(AbstractQueuedSynchronizer.java:2078)
        at java.util.concurrent.ScheduledThreadPoolExecutor$DelayedWorkQueue.take(ScheduledThreadPoolExecutor.java:1093)
        at java.util.concurrent.ScheduledThreadPoolExecutor$DelayedWorkQueue.take(ScheduledThreadPoolExecutor.java:809)
        at java.util.concurrent.ThreadPoolExecutor.getTask(ThreadPoolExecutor.java:1074)
        at java.util.concurrent.ThreadPoolExecutor.runWorker(ThreadPoolExecutor.java:1134)
        at java.util.concurrent.ThreadPoolExecutor$Worker.run(ThreadPoolExecutor.java:624)
        at java.lang.Thread.run(Thread.java:748)
"metrics-hadoop-metrics2-reporter-63-thread-1" daemon prio=5 tid=1154 timed_waiting
java.lang.Thread.State: TIMED_WAITING
        at sun.misc.Unsafe.park(Native Method)
        at java.util.concurrent.locks.LockSupport.parkNanos(LockSupport.java:215)
        at java.util.concurrent.locks.AbstractQueuedSynchronizer$ConditionObject.awaitNanos(AbstractQueuedSynchronizer.java:2078)
        at java.util.concurrent.ScheduledThreadPoolExecutor$DelayedWorkQueue.take(ScheduledThreadPoolExecutor.java:1093)
        at java.util.concurrent.ScheduledThreadPoolExecutor$DelayedWorkQueue.take(ScheduledThreadPoolExecutor.java:809)
        at java.util.concurrent.ThreadPoolExecutor.getTask(ThreadPoolExecutor.java:1074)
        at java.util.concurrent.ThreadPoolExecutor.runWorker(ThreadPoolExecutor.java:1134)
        at java.util.concurrent.ThreadPoolExecutor$Worker.run(ThreadPoolExecutor.java:624)
        at java.lang.Thread.run(Thread.java:748)
"grpc-default-executor-4" daemon prio=5 tid=2516 timed_waiting
java.lang.Thread.State: TIMED_WAITING
        at sun.misc.Unsafe.park(Native Method)
        at java.util.concurrent.locks.LockSupport.parkNanos(LockSupport.java:215)
        at java.util.concurrent.SynchronousQueue$TransferStack.awaitFulfill(SynchronousQueue.java:460)
        at java.util.concurrent.SynchronousQueue$TransferStack.transfer(SynchronousQueue.java:362)
        at java.util.concurrent.SynchronousQueue.poll(SynchronousQueue.java:941)
        at java.util.concurrent.ThreadPoolExecutor.getTask(ThreadPoolExecutor.java:1073)
        at java.util.concurrent.ThreadPoolExecutor.runWorker(ThreadPoolExecutor.java:1134)
        at java.util.concurrent.ThreadPoolExecutor$Worker.run(ThreadPoolExecutor.java:624)
        at java.lang.Thread.run(Thread.java:748)
"metrics-hadoop-metrics2-reporter-45-thread-1" daemon prio=5 tid=999 timed_waiting
java.lang.Thread.State: TIMED_WAITING
        at sun.misc.Unsafe.park(Native Method)
        at java.util.concurrent.locks.LockSupport.parkNanos(LockSupport.java:215)
        at java.util.concurrent.locks.AbstractQueuedSynchronizer$ConditionObject.awaitNanos(AbstractQueuedSynchronizer.java:2078)
        at java.util.concurrent.ScheduledThreadPoolExecutor$DelayedWorkQueue.take(ScheduledThreadPoolExecutor.java:1093)
        at java.util.concurrent.ScheduledThreadPoolExecutor$DelayedWorkQueue.take(ScheduledThreadPoolExecutor.java:809)
        at java.util.concurrent.ThreadPoolExecutor.getTask(ThreadPoolExecutor.java:1074)
        at java.util.concurrent.ThreadPoolExecutor.runWorker(ThreadPoolExecutor.java:1134)
        at java.util.concurrent.ThreadPoolExecutor$Worker.run(ThreadPoolExecutor.java:624)
        at java.lang.Thread.run(Thread.java:748)
"67f35358-9777-4ff9-96f4-8a61bc3a94fe@group-21BA9BD4283D-StateMachineUpdater" daemon prio=5 tid=2483 in Object.wait()
java.lang.Thread.State: WAITING (on object monitor)
        at java.lang.Object.wait(Native Method)
        at java.lang.Object.wait(Object.java:502)
        at org.apache.ratis.server.impl.StateMachineUpdater.waitForCommit(StateMachineUpdater.java:194)
        at org.apache.ratis.server.impl.StateMachineUpdater.run(StateMachineUpdater.java:159)
        at java.lang.Thread.run(Thread.java:748)
"pool-186-thread-3"  prio=5 tid=2145 in Object.wait()
java.lang.Thread.State: WAITING (on object monitor)
        at sun.misc.Unsafe.park(Native Method)
        at java.util.concurrent.locks.LockSupport.park(LockSupport.java:175)
        at java.util.concurrent.locks.AbstractQueuedSynchronizer$ConditionObject.await(AbstractQueuedSynchronizer.java:2039)
        at java.util.concurrent.ArrayBlockingQueue.take(ArrayBlockingQueue.java:403)
        at java.util.concurrent.ThreadPoolExecutor.getTask(ThreadPoolExecutor.java:1074)
        at java.util.concurrent.ThreadPoolExecutor.runWorker(ThreadPoolExecutor.java:1134)
        at java.util.concurrent.ThreadPoolExecutor$Worker.run(ThreadPoolExecutor.java:624)
        at java.lang.Thread.run(Thread.java:748)
"metrics-hadoop-metrics2-reporter-10-thread-1" daemon prio=5 tid=457 timed_waiting
java.lang.Thread.State: TIMED_WAITING
        at sun.misc.Unsafe.park(Native Method)
        at java.util.concurrent.locks.LockSupport.parkNanos(LockSupport.java:215)
        at java.util.concurrent.locks.AbstractQueuedSynchronizer$ConditionObject.awaitNanos(AbstractQueuedSynchronizer.java:2078)
        at java.util.concurrent.ScheduledThreadPoolExecutor$DelayedWorkQueue.take(ScheduledThreadPoolExecutor.java:1093)
        at java.util.concurrent.ScheduledThreadPoolExecutor$DelayedWorkQueue.take(ScheduledThreadPoolExecutor.java:809)
        at java.util.concurrent.ThreadPoolExecutor.getTask(ThreadPoolExecutor.java:1074)
        at java.util.concurrent.ThreadPoolExecutor.runWorker(ThreadPoolExecutor.java:1134)
        at java.util.concurrent.ThreadPoolExecutor$Worker.run(ThreadPoolExecutor.java:624)
        at java.lang.Thread.run(Thread.java:748)
"IPC Server handler 5 on 37818" daemon prio=5 tid=1907 timed_waiting
java.lang.Thread.State: TIMED_WAITING
        at sun.misc.Unsafe.park(Native Method)
        at java.util.concurrent.locks.LockSupport.parkNanos(LockSupport.java:215)
        at java.util.concurrent.locks.AbstractQueuedSynchronizer$ConditionObject.awaitNanos(AbstractQueuedSynchronizer.java:2078)
        at java.util.concurrent.LinkedBlockingQueue.poll(LinkedBlockingQueue.java:467)
        at org.apache.hadoop.ipc.CallQueueManager.take(CallQueueManager.java:288)
        at org.apache.hadoop.ipc.Server$Handler.run(Server.java:2668)
"metrics-hadoop-metrics2-reporter-133-thread-1" daemon prio=5 tid=2546 timed_waiting
java.lang.Thread.State: TIMED_WAITING
        at sun.misc.Unsafe.park(Native Method)
        at java.util.concurrent.locks.LockSupport.parkNanos(LockSupport.java:215)
        at java.util.concurrent.locks.AbstractQueuedSynchronizer$ConditionObject.awaitNanos(AbstractQueuedSynchronizer.java:2078)
        at java.util.concurrent.ScheduledThreadPoolExecutor$DelayedWorkQueue.take(ScheduledThreadPoolExecutor.java:1093)
        at java.util.concurrent.ScheduledThreadPoolExecutor$DelayedWorkQueue.take(ScheduledThreadPoolExecutor.java:809)
        at java.util.concurrent.ThreadPoolExecutor.getTask(ThreadPoolExecutor.java:1074)
        at java.util.concurrent.ThreadPoolExecutor.runWorker(ThreadPoolExecutor.java:1134)
        at java.util.concurrent.ThreadPoolExecutor$Worker.run(ThreadPoolExecutor.java:624)
        at java.lang.Thread.run(Thread.java:748)
"grpc-default-executor-3" daemon prio=5 tid=2346 timed_waiting
java.lang.Thread.State: TIMED_WAITING
        at sun.misc.Unsafe.park(Native Method)
        at java.util.concurrent.locks.LockSupport.parkNanos(LockSupport.java:215)
        at java.util.concurrent.SynchronousQueue$TransferStack.awaitFulfill(SynchronousQueue.java:460)
        at java.util.concurrent.SynchronousQueue$TransferStack.transfer(SynchronousQueue.java:362)
        at java.util.concurrent.SynchronousQueue.poll(SynchronousQueue.java:941)
        at java.util.concurrent.ThreadPoolExecutor.getTask(ThreadPoolExecutor.java:1073)
        at java.util.concurrent.ThreadPoolExecutor.runWorker(ThreadPoolExecutor.java:1134)
        at java.util.concurrent.ThreadPoolExecutor$Worker.run(ThreadPoolExecutor.java:624)
        at java.lang.Thread.run(Thread.java:748)
"org.eclipse.jetty.server.session.HashSessionManager@76fe6cdcTimer" daemon prio=5 tid=2016 timed_waiting
java.lang.Thread.State: TIMED_WAITING
        at sun.misc.Unsafe.park(Native Method)
        at java.util.concurrent.locks.LockSupport.parkNanos(LockSupport.java:215)
        at java.util.concurrent.locks.AbstractQueuedSynchronizer$ConditionObject.awaitNanos(AbstractQueuedSynchronizer.java:2078)
        at java.util.concurrent.ScheduledThreadPoolExecutor$DelayedWorkQueue.take(ScheduledThreadPoolExecutor.java:1093)
        at java.util.concurrent.ScheduledThreadPoolExecutor$DelayedWorkQueue.take(ScheduledThreadPoolExecutor.java:809)
        at java.util.concurrent.ThreadPoolExecutor.getTask(ThreadPoolExecutor.java:1074)
        at java.util.concurrent.ThreadPoolExecutor.runWorker(ThreadPoolExecutor.java:1134)
        at java.util.concurrent.ThreadPoolExecutor$Worker.run(ThreadPoolExecutor.java:624)
        at java.lang.Thread.run(Thread.java:748)
"pool-186-thread-23"  prio=5 tid=2165 in Object.wait()
java.lang.Thread.State: WAITING (on object monitor)
        at sun.misc.Unsafe.park(Native Method)
        at java.util.concurrent.locks.LockSupport.park(LockSupport.java:175)
        at java.util.concurrent.locks.AbstractQueuedSynchronizer$ConditionObject.await(AbstractQueuedSynchronizer.java:2039)
        at java.util.concurrent.ArrayBlockingQueue.take(ArrayBlockingQueue.java:403)
        at java.util.concurrent.ThreadPoolExecutor.getTask(ThreadPoolExecutor.java:1074)
        at java.util.concurrent.ThreadPoolExecutor.runWorker(ThreadPoolExecutor.java:1134)
        at java.util.concurrent.ThreadPoolExecutor$Worker.run(ThreadPoolExecutor.java:624)
        at java.lang.Thread.run(Thread.java:748)
"IPC Server handler 8 on 43940" daemon prio=5 tid=1890 timed_waiting
java.lang.Thread.State: TIMED_WAITING
        at sun.misc.Unsafe.park(Native Method)
        at java.util.concurrent.locks.LockSupport.parkNanos(LockSupport.java:215)
        at java.util.concurrent.locks.AbstractQueuedSynchronizer$ConditionObject.awaitNanos(AbstractQueuedSynchronizer.java:2078)
        at java.util.concurrent.LinkedBlockingQueue.poll(LinkedBlockingQueue.java:467)
        at org.apache.hadoop.ipc.CallQueueManager.take(CallQueueManager.java:288)
        at org.apache.hadoop.ipc.Server$Handler.run(Server.java:2668)
"pool-196-thread-10"  prio=5 tid=2214 in Object.wait()
java.lang.Thread.State: WAITING (on object monitor)
        at sun.misc.Unsafe.park(Native Method)
        at java.util.concurrent.locks.LockSupport.park(LockSupport.java:175)
        at java.util.concurrent.locks.AbstractQueuedSynchronizer$ConditionObject.await(AbstractQueuedSynchronizer.java:2039)
        at java.util.concurrent.ArrayBlockingQueue.take(ArrayBlockingQueue.java:403)
        at java.util.concurrent.ThreadPoolExecutor.getTask(ThreadPoolExecutor.java:1074)
        at java.util.concurrent.ThreadPoolExecutor.runWorker(ThreadPoolExecutor.java:1134)
        at java.util.concurrent.ThreadPoolExecutor$Worker.run(ThreadPoolExecutor.java:624)
        at java.lang.Thread.run(Thread.java:748)
"Datanode ReportManager Thread - 1" daemon prio=5 tid=741 in Object.wait()
java.lang.Thread.State: WAITING (on object monitor)
        at sun.misc.Unsafe.park(Native Method)
        at java.util.concurrent.locks.LockSupport.park(LockSupport.java:175)
        at java.util.concurrent.locks.AbstractQueuedSynchronizer$ConditionObject.await(AbstractQueuedSynchronizer.java:2039)
        at java.util.concurrent.ScheduledThreadPoolExecutor$DelayedWorkQueue.take(ScheduledThreadPoolExecutor.java:1088)
        at java.util.concurrent.ScheduledThreadPoolExecutor$DelayedWorkQueue.take(ScheduledThreadPoolExecutor.java:809)
        at java.util.concurrent.ThreadPoolExecutor.getTask(ThreadPoolExecutor.java:1074)
        at java.util.concurrent.ThreadPoolExecutor.runWorker(ThreadPoolExecutor.java:1134)
        at java.util.concurrent.ThreadPoolExecutor$Worker.run(ThreadPoolExecutor.java:624)
        at java.lang.Thread.run(Thread.java:748)
"pool-196-thread-20"  prio=5 tid=2224 in Object.wait()
java.lang.Thread.State: WAITING (on object monitor)
        at sun.misc.Unsafe.park(Native Method)
        at java.util.concurrent.locks.LockSupport.park(LockSupport.java:175)
        at java.util.concurrent.locks.AbstractQueuedSynchronizer$ConditionObject.await(AbstractQueuedSynchronizer.java:2039)
        at java.util.concurrent.ArrayBlockingQueue.take(ArrayBlockingQueue.java:403)
        at java.util.concurrent.ThreadPoolExecutor.getTask(ThreadPoolExecutor.java:1074)
        at java.util.concurrent.ThreadPoolExecutor.runWorker(ThreadPoolExecutor.java:1134)
        at java.util.concurrent.ThreadPoolExecutor$Worker.run(ThreadPoolExecutor.java:624)
        at java.lang.Thread.run(Thread.java:748)
"pool-196-thread-2"  prio=5 tid=2206 in Object.wait()
java.lang.Thread.State: WAITING (on object monitor)
        at sun.misc.Unsafe.park(Native Method)
        at java.util.concurrent.locks.LockSupport.park(LockSupport.java:175)
        at java.util.concurrent.locks.AbstractQueuedSynchronizer$ConditionObject.await(AbstractQueuedSynchronizer.java:2039)
        at java.util.concurrent.ArrayBlockingQueue.take(ArrayBlockingQueue.java:403)
        at java.util.concurrent.ThreadPoolExecutor.getTask(ThreadPoolExecutor.java:1074)
        at java.util.concurrent.ThreadPoolExecutor.runWorker(ThreadPoolExecutor.java:1134)
        at java.util.concurrent.ThreadPoolExecutor$Worker.run(ThreadPoolExecutor.java:624)
        at java.lang.Thread.run(Thread.java:748)
"pool-186-thread-32"  prio=5 tid=2174 in Object.wait()
java.lang.Thread.State: WAITING (on object monitor)
        at sun.misc.Unsafe.park(Native Method)
        at java.util.concurrent.locks.LockSupport.park(LockSupport.java:175)
        at java.util.concurrent.locks.AbstractQueuedSynchronizer$ConditionObject.await(AbstractQueuedSynchronizer.java:2039)
        at java.util.concurrent.ArrayBlockingQueue.take(ArrayBlockingQueue.java:403)
        at java.util.concurrent.ThreadPoolExecutor.getTask(ThreadPoolExecutor.java:1074)
        at java.util.concurrent.ThreadPoolExecutor.runWorker(ThreadPoolExecutor.java:1134)
        at java.util.concurrent.ThreadPoolExecutor$Worker.run(ThreadPoolExecutor.java:624)
        at java.lang.Thread.run(Thread.java:748)
"pool-176-thread-47"  prio=5 tid=2126 in Object.wait()
java.lang.Thread.State: WAITING (on object monitor)
        at sun.misc.Unsafe.park(Native Method)
        at java.util.concurrent.locks.LockSupport.park(LockSupport.java:175)
        at java.util.concurrent.locks.AbstractQueuedSynchronizer$ConditionObject.await(AbstractQueuedSynchronizer.java:2039)
        at java.util.concurrent.ArrayBlockingQueue.take(ArrayBlockingQueue.java:403)
        at java.util.concurrent.ThreadPoolExecutor.getTask(ThreadPoolExecutor.java:1074)
        at java.util.concurrent.ThreadPoolExecutor.runWorker(ThreadPoolExecutor.java:1134)
        at java.util.concurrent.ThreadPoolExecutor$Worker.run(ThreadPoolExecutor.java:624)
        at java.lang.Thread.run(Thread.java:748)
"pool-200-thread-1"  prio=5 tid=2059 timed_waiting
java.lang.Thread.State: TIMED_WAITING
        at sun.misc.Unsafe.park(Native Method)
        at java.util.concurrent.locks.LockSupport.parkNanos(LockSupport.java:215)
        at java.util.concurrent.locks.AbstractQueuedSynchronizer$ConditionObject.awaitNanos(AbstractQueuedSynchronizer.java:2078)
        at java.util.concurrent.ScheduledThreadPoolExecutor$DelayedWorkQueue.take(ScheduledThreadPoolExecutor.java:1093)
        at java.util.concurrent.ScheduledThreadPoolExecutor$DelayedWorkQueue.take(ScheduledThreadPoolExecutor.java:809)
        at java.util.concurrent.ThreadPoolExecutor.getTask(ThreadPoolExecutor.java:1074)
        at java.util.concurrent.ThreadPoolExecutor.runWorker(ThreadPoolExecutor.java:1134)
        at java.util.concurrent.ThreadPoolExecutor$Worker.run(ThreadPoolExecutor.java:624)
        at java.lang.Thread.run(Thread.java:748)
"Socket Reader #1 for port 35803"  prio=5 tid=1868 runnable
java.lang.Thread.State: RUNNABLE
        at sun.nio.ch.EPollArrayWrapper.epollWait(Native Method)
        at sun.nio.ch.EPollArrayWrapper.poll(EPollArrayWrapper.java:269)
        at sun.nio.ch.EPollSelectorImpl.doSelect(EPollSelectorImpl.java:93)
        at sun.nio.ch.SelectorImpl.lockAndDoSelect(SelectorImpl.java:86)
        at sun.nio.ch.SelectorImpl.select(SelectorImpl.java:97)
        at sun.nio.ch.SelectorImpl.select(SelectorImpl.java:101)
        at org.apache.hadoop.ipc.Server$Listener$Reader.doRunLoop(Server.java:1097)
        at org.apache.hadoop.ipc.Server$Listener$Reader.run(Server.java:1076)
"surefire-forkedjvm-ping-30s" daemon prio=5 tid=9 timed_waiting
java.lang.Thread.State: TIMED_WAITING
        at sun.misc.Unsafe.park(Native Method)
        at java.util.concurrent.locks.LockSupport.parkNanos(LockSupport.java:215)
        at java.util.concurrent.locks.AbstractQueuedSynchronizer$ConditionObject.awaitNanos(AbstractQueuedSynchronizer.java:2078)
        at java.util.concurrent.ScheduledThreadPoolExecutor$DelayedWorkQueue.take(ScheduledThreadPoolExecutor.java:1093)
        at java.util.concurrent.ScheduledThreadPoolExecutor$DelayedWorkQueue.take(ScheduledThreadPoolExecutor.java:809)
        at java.util.concurrent.ThreadPoolExecutor.getTask(ThreadPoolExecutor.java:1074)
        at java.util.concurrent.ThreadPoolExecutor.runWorker(ThreadPoolExecutor.java:1134)
        at java.util.concurrent.ThreadPoolExecutor$Worker.run(ThreadPoolExecutor.java:624)
        at java.lang.Thread.run(Thread.java:748)
"pool-176-thread-29"  prio=5 tid=2108 in Object.wait()
java.lang.Thread.State: WAITING (on object monitor)
        at sun.misc.Unsafe.park(Native Method)
        at java.util.concurrent.locks.LockSupport.park(LockSupport.java:175)
        at java.util.concurrent.locks.AbstractQueuedSynchronizer$ConditionObject.await(AbstractQueuedSynchronizer.java:2039)
        at java.util.concurrent.ArrayBlockingQueue.take(ArrayBlockingQueue.java:403)
        at java.util.concurrent.ThreadPoolExecutor.getTask(ThreadPoolExecutor.java:1074)
        at java.util.concurrent.ThreadPoolExecutor.runWorker(ThreadPoolExecutor.java:1134)
        at java.util.concurrent.ThreadPoolExecutor$Worker.run(ThreadPoolExecutor.java:624)
        at java.lang.Thread.run(Thread.java:748)
"pool-196-thread-59"  prio=5 tid=2263 in Object.wait()
java.lang.Thread.State: WAITING (on object monitor)
        at sun.misc.Unsafe.park(Native Method)
        at java.util.concurrent.locks.LockSupport.park(LockSupport.java:175)
        at java.util.concurrent.locks.AbstractQueuedSynchronizer$ConditionObject.await(AbstractQueuedSynchronizer.java:2039)
        at java.util.concurrent.ArrayBlockingQueue.take(ArrayBlockingQueue.java:403)
        at java.util.concurrent.ThreadPoolExecutor.getTask(ThreadPoolExecutor.java:1074)
        at java.util.concurrent.ThreadPoolExecutor.runWorker(ThreadPoolExecutor.java:1134)
        at java.util.concurrent.ThreadPoolExecutor$Worker.run(ThreadPoolExecutor.java:624)
        at java.lang.Thread.run(Thread.java:748)
"org.eclipse.jetty.server.session.HashSessionManager@17b37e9aTimer" daemon prio=5 tid=2070 timed_waiting
java.lang.Thread.State: TIMED_WAITING
        at sun.misc.Unsafe.park(Native Method)
        at java.util.concurrent.locks.LockSupport.parkNanos(LockSupport.java:215)
        at java.util.concurrent.locks.AbstractQueuedSynchronizer$ConditionObject.awaitNanos(AbstractQueuedSynchronizer.java:2078)
        at java.util.concurrent.ScheduledThreadPoolExecutor$DelayedWorkQueue.take(ScheduledThreadPoolExecutor.java:1093)
        at java.util.concurrent.ScheduledThreadPoolExecutor$DelayedWorkQueue.take(ScheduledThreadPoolExecutor.java:809)
        at java.util.concurrent.ThreadPoolExecutor.getTask(ThreadPoolExecutor.java:1074)
        at java.util.concurrent.ThreadPoolExecutor.runWorker(ThreadPoolExecutor.java:1134)
        at java.util.concurrent.ThreadPoolExecutor$Worker.run(ThreadPoolExecutor.java:624)
        at java.lang.Thread.run(Thread.java:748)
"metrics-hadoop-metrics2-reporter-68-thread-1" daemon prio=5 tid=1610 timed_waiting
java.lang.Thread.State: TIMED_WAITING
        at sun.misc.Unsafe.park(Native Method)
        at java.util.concurrent.locks.LockSupport.parkNanos(LockSupport.java:215)
        at java.util.concurrent.locks.AbstractQueuedSynchronizer$ConditionObject.awaitNanos(AbstractQueuedSynchronizer.java:2078)
        at java.util.concurrent.ScheduledThreadPoolExecutor$DelayedWorkQueue.take(ScheduledThreadPoolExecutor.java:1093)
        at java.util.concurrent.ScheduledThreadPoolExecutor$DelayedWorkQueue.take(ScheduledThreadPoolExecutor.java:809)
        at java.util.concurrent.ThreadPoolExecutor.getTask(ThreadPoolExecutor.java:1074)
        at java.util.concurrent.ThreadPoolExecutor.runWorker(ThreadPoolExecutor.java:1134)
        at java.util.concurrent.ThreadPoolExecutor$Worker.run(ThreadPoolExecutor.java:624)
        at java.lang.Thread.run(Thread.java:748)
"pool-176-thread-23"  prio=5 tid=2102 in Object.wait()
java.lang.Thread.State: WAITING (on object monitor)
        at sun.misc.Unsafe.park(Native Method)
        at java.util.concurrent.locks.LockSupport.park(LockSupport.java:175)
        at java.util.concurrent.locks.AbstractQueuedSynchronizer$ConditionObject.await(AbstractQueuedSynchronizer.java:2039)
        at java.util.concurrent.ArrayBlockingQueue.take(ArrayBlockingQueue.java:403)
        at java.util.concurrent.ThreadPoolExecutor.getTask(ThreadPoolExecutor.java:1074)
        at java.util.concurrent.ThreadPoolExecutor.runWorker(ThreadPoolExecutor.java:1134)
        at java.util.concurrent.ThreadPoolExecutor$Worker.run(ThreadPoolExecutor.java:624)
        at java.lang.Thread.run(Thread.java:748)
"grpc-default-boss-ELG-8-1" daemon prio=5 tid=2140 runnable
java.lang.Thread.State: RUNNABLE
        at sun.nio.ch.EPollArrayWrapper.epollWait(Native Method)
        at sun.nio.ch.EPollArrayWrapper.poll(EPollArrayWrapper.java:269)
        at sun.nio.ch.EPollSelectorImpl.doSelect(EPollSelectorImpl.java:93)
        at sun.nio.ch.SelectorImpl.lockAndDoSelect(SelectorImpl.java:86)
        at sun.nio.ch.SelectorImpl.select(SelectorImpl.java:97)
        at org.apache.ratis.thirdparty.io.netty.channel.nio.SelectedSelectionKeySetSelector.select(SelectedSelectionKeySetSelector.java:62)
        at org.apache.ratis.thirdparty.io.netty.channel.nio.NioEventLoop.select(NioEventLoop.java:753)
        at org.apache.ratis.thirdparty.io.netty.channel.nio.NioEventLoop.run(NioEventLoop.java:408)
        at org.apache.ratis.thirdparty.io.netty.util.concurrent.SingleThreadEventExecutor$5.run(SingleThreadEventExecutor.java:897)
        at org.apache.ratis.thirdparty.io.netty.util.concurrent.FastThreadLocalRunnable.run(FastThreadLocalRunnable.java:30)
        at java.lang.Thread.run(Thread.java:748)
"IPC Server handler 9 on 37818" daemon prio=5 tid=1911 timed_waiting
java.lang.Thread.State: TIMED_WAITING
        at sun.misc.Unsafe.park(Native Method)
        at java.util.concurrent.locks.LockSupport.parkNanos(LockSupport.java:215)
        at java.util.concurrent.locks.AbstractQueuedSynchronizer$ConditionObject.awaitNanos(AbstractQueuedSynchronizer.java:2078)
        at java.util.concurrent.LinkedBlockingQueue.poll(LinkedBlockingQueue.java:467)
        at org.apache.hadoop.ipc.CallQueueManager.take(CallQueueManager.java:288)
        at org.apache.hadoop.ipc.Server$Handler.run(Server.java:2668)
"pool-186-thread-55"  prio=5 tid=2197 in Object.wait()
java.lang.Thread.State: WAITING (on object monitor)
        at sun.misc.Unsafe.park(Native Method)
        at java.util.concurrent.locks.LockSupport.park(LockSupport.java:175)
        at java.util.concurrent.locks.AbstractQueuedSynchronizer$ConditionObject.await(AbstractQueuedSynchronizer.java:2039)
        at java.util.concurrent.ArrayBlockingQueue.take(ArrayBlockingQueue.java:403)
        at java.util.concurrent.ThreadPoolExecutor.getTask(ThreadPoolExecutor.java:1074)
        at java.util.concurrent.ThreadPoolExecutor.runWorker(ThreadPoolExecutor.java:1134)
        at java.util.concurrent.ThreadPoolExecutor$Worker.run(ThreadPoolExecutor.java:624)
        at java.lang.Thread.run(Thread.java:748)
"metrics-hadoop-metrics2-reporter-84-thread-1" daemon prio=5 tid=1655 timed_waiting
java.lang.Thread.State: TIMED_WAITING
        at sun.misc.Unsafe.park(Native Method)
        at java.util.concurrent.locks.LockSupport.parkNanos(LockSupport.java:215)
        at java.util.concurrent.locks.AbstractQueuedSynchronizer$ConditionObject.awaitNanos(AbstractQueuedSynchronizer.java:2078)
        at java.util.concurrent.ScheduledThreadPoolExecutor$DelayedWorkQueue.take(ScheduledThreadPoolExecutor.java:1093)
        at java.util.concurrent.ScheduledThreadPoolExecutor$DelayedWorkQueue.take(ScheduledThreadPoolExecutor.java:809)
        at java.util.concurrent.ThreadPoolExecutor.getTask(ThreadPoolExecutor.java:1074)
        at java.util.concurrent.ThreadPoolExecutor.runWorker(ThreadPoolExecutor.java:1134)
        at java.util.concurrent.ThreadPoolExecutor$Worker.run(ThreadPoolExecutor.java:624)
        at java.lang.Thread.run(Thread.java:748)
"qtp1664093259-2035" daemon prio=5 tid=2035 timed_waiting
java.lang.Thread.State: TIMED_WAITING
        at sun.misc.Unsafe.park(Native Method)
        at java.util.concurrent.locks.LockSupport.parkNanos(LockSupport.java:215)
        at java.util.concurrent.locks.AbstractQueuedSynchronizer$ConditionObject.awaitNanos(AbstractQueuedSynchronizer.java:2078)
        at org.eclipse.jetty.util.BlockingArrayQueue.poll(BlockingArrayQueue.java:392)
        at org.eclipse.jetty.util.thread.QueuedThreadPool.idleJobPoll(QueuedThreadPool.java:563)
        at org.eclipse.jetty.util.thread.QueuedThreadPool.access$800(QueuedThreadPool.java:48)
        at org.eclipse.jetty.util.thread.QueuedThreadPool$2.run(QueuedThreadPool.java:626)
        at java.lang.Thread.run(Thread.java:748)
"pool-176-thread-36"  prio=5 tid=2115 in Object.wait()
java.lang.Thread.State: WAITING (on object monitor)
        at sun.misc.Unsafe.park(Native Method)
        at java.util.concurrent.locks.LockSupport.park(LockSupport.java:175)
        at java.util.concurrent.locks.AbstractQueuedSynchronizer$ConditionObject.await(AbstractQueuedSynchronizer.java:2039)
        at java.util.concurrent.ArrayBlockingQueue.take(ArrayBlockingQueue.java:403)
        at java.util.concurrent.ThreadPoolExecutor.getTask(ThreadPoolExecutor.java:1074)
        at java.util.concurrent.ThreadPoolExecutor.runWorker(ThreadPoolExecutor.java:1134)
        at java.util.concurrent.ThreadPoolExecutor$Worker.run(ThreadPoolExecutor.java:624)
        at java.lang.Thread.run(Thread.java:748)
"Datanode State Machine Thread - 0" daemon prio=5 tid=2024 timed_waiting
java.lang.Thread.State: TIMED_WAITING
        at sun.misc.Unsafe.park(Native Method)
        at java.util.concurrent.locks.LockSupport.parkNanos(LockSupport.java:215)
        at java.util.concurrent.SynchronousQueue$TransferStack.awaitFulfill(SynchronousQueue.java:460)
        at java.util.concurrent.SynchronousQueue$TransferStack.transfer(SynchronousQueue.java:362)
        at java.util.concurrent.SynchronousQueue.poll(SynchronousQueue.java:941)
        at java.util.concurrent.ThreadPoolExecutor.getTask(ThreadPoolExecutor.java:1073)
        at java.util.concurrent.ThreadPoolExecutor.runWorker(ThreadPoolExecutor.java:1134)
        at java.util.concurrent.ThreadPoolExecutor$Worker.run(ThreadPoolExecutor.java:624)
        at java.lang.Thread.run(Thread.java:748)
"Datanode ReportManager Thread - 3" daemon prio=5 tid=1400 in Object.wait()
java.lang.Thread.State: WAITING (on object monitor)
        at sun.misc.Unsafe.park(Native Method)
        at java.util.concurrent.locks.LockSupport.park(LockSupport.java:175)
        at java.util.concurrent.locks.AbstractQueuedSynchronizer$ConditionObject.await(AbstractQueuedSynchronizer.java:2039)
        at java.util.concurrent.ScheduledThreadPoolExecutor$DelayedWorkQueue.take(ScheduledThreadPoolExecutor.java:1088)
        at java.util.concurrent.ScheduledThreadPoolExecutor$DelayedWorkQueue.take(ScheduledThreadPoolExecutor.java:809)
        at java.util.concurrent.ThreadPoolExecutor.getTask(ThreadPoolExecutor.java:1074)
        at java.util.concurrent.ThreadPoolExecutor.runWorker(ThreadPoolExecutor.java:1134)
        at java.util.concurrent.ThreadPoolExecutor$Worker.run(ThreadPoolExecutor.java:624)
        at java.lang.Thread.run(Thread.java:748)
"metrics-hadoop-metrics2-reporter-135-thread-1" daemon prio=5 tid=2550 timed_waiting
java.lang.Thread.State: TIMED_WAITING
        at sun.misc.Unsafe.park(Native Method)
        at java.util.concurrent.locks.LockSupport.parkNanos(LockSupport.java:215)
        at java.util.concurrent.locks.AbstractQueuedSynchronizer$ConditionObject.awaitNanos(AbstractQueuedSynchronizer.java:2078)
        at java.util.concurrent.ScheduledThreadPoolExecutor$DelayedWorkQueue.take(ScheduledThreadPoolExecutor.java:1093)
        at java.util.concurrent.ScheduledThreadPoolExecutor$DelayedWorkQueue.take(ScheduledThreadPoolExecutor.java:809)
        at java.util.concurrent.ThreadPoolExecutor.getTask(ThreadPoolExecutor.java:1074)
        at java.util.concurrent.ThreadPoolExecutor.runWorker(ThreadPoolExecutor.java:1134)
        at java.util.concurrent.ThreadPoolExecutor$Worker.run(ThreadPoolExecutor.java:624)
        at java.lang.Thread.run(Thread.java:748)
"Timer-1" daemon prio=5 tid=149 timed_waiting
java.lang.Thread.State: TIMED_WAITING
        at java.lang.Object.wait(Native Method)
        at java.util.TimerThread.mainLoop(Timer.java:552)
        at java.util.TimerThread.run(Timer.java:505)
"pool-186-thread-16"  prio=5 tid=2158 in Object.wait()
java.lang.Thread.State: WAITING (on object monitor)
        at sun.misc.Unsafe.park(Native Method)
        at java.util.concurrent.locks.LockSupport.park(LockSupport.java:175)
        at java.util.concurrent.locks.AbstractQueuedSynchronizer$ConditionObject.await(AbstractQueuedSynchronizer.java:2039)
        at java.util.concurrent.ArrayBlockingQueue.take(ArrayBlockingQueue.java:403)
        at java.util.concurrent.ThreadPoolExecutor.getTask(ThreadPoolExecutor.java:1074)
        at java.util.concurrent.ThreadPoolExecutor.runWorker(ThreadPoolExecutor.java:1134)
        at java.util.concurrent.ThreadPoolExecutor$Worker.run(ThreadPoolExecutor.java:624)
        at java.lang.Thread.run(Thread.java:748)
"metrics-hadoop-metrics2-reporter-66-thread-1" daemon prio=5 tid=1173 timed_waiting
java.lang.Thread.State: TIMED_WAITING
        at sun.misc.Unsafe.park(Native Method)
        at java.util.concurrent.locks.LockSupport.parkNanos(LockSupport.java:215)
        at java.util.concurrent.locks.AbstractQueuedSynchronizer$ConditionObject.awaitNanos(AbstractQueuedSynchronizer.java:2078)
        at java.util.concurrent.ScheduledThreadPoolExecutor$DelayedWorkQueue.take(ScheduledThreadPoolExecutor.java:1093)
        at java.util.concurrent.ScheduledThreadPoolExecutor$DelayedWorkQueue.take(ScheduledThreadPoolExecutor.java:809)
        at java.util.concurrent.ThreadPoolExecutor.getTask(ThreadPoolExecutor.java:1074)
        at java.util.concurrent.ThreadPoolExecutor.runWorker(ThreadPoolExecutor.java:1134)
        at java.util.concurrent.ThreadPoolExecutor$Worker.run(ThreadPoolExecutor.java:624)
        at java.lang.Thread.run(Thread.java:748)
"metrics-hadoop-metrics2-reporter-75-thread-1" daemon prio=5 tid=1627 timed_waiting
java.lang.Thread.State: TIMED_WAITING
        at sun.misc.Unsafe.park(Native Method)
        at java.util.concurrent.locks.LockSupport.parkNanos(LockSupport.java:215)
        at java.util.concurrent.locks.AbstractQueuedSynchronizer$ConditionObject.awaitNanos(AbstractQueuedSynchronizer.java:2078)
        at java.util.concurrent.ScheduledThreadPoolExecutor$DelayedWorkQueue.take(ScheduledThreadPoolExecutor.java:1093)
        at java.util.concurrent.ScheduledThreadPoolExecutor$DelayedWorkQueue.take(ScheduledThreadPoolExecutor.java:809)
        at java.util.concurrent.ThreadPoolExecutor.getTask(ThreadPoolExecutor.java:1074)
        at java.util.concurrent.ThreadPoolExecutor.runWorker(ThreadPoolExecutor.java:1134)
        at java.util.concurrent.ThreadPoolExecutor$Worker.run(ThreadPoolExecutor.java:624)
        at java.lang.Thread.run(Thread.java:748)
"IPC Server handler 14 on 37818" daemon prio=5 tid=1916 timed_waiting
java.lang.Thread.State: TIMED_WAITING
        at sun.misc.Unsafe.park(Native Method)
        at java.util.concurrent.locks.LockSupport.parkNanos(LockSupport.java:215)
        at java.util.concurrent.locks.AbstractQueuedSynchronizer$ConditionObject.awaitNanos(AbstractQueuedSynchronizer.java:2078)
        at java.util.concurrent.LinkedBlockingQueue.poll(LinkedBlockingQueue.java:467)
        at org.apache.hadoop.ipc.CallQueueManager.take(CallQueueManager.java:288)
        at org.apache.hadoop.ipc.Server$Handler.run(Server.java:2668)
"pool-186-thread-18"  prio=5 tid=2160 in Object.wait()
java.lang.Thread.State: WAITING (on object monitor)
        at sun.misc.Unsafe.park(Native Method)
        at java.util.concurrent.locks.LockSupport.park(LockSupport.java:175)
        at java.util.concurrent.locks.AbstractQueuedSynchronizer$ConditionObject.await(AbstractQueuedSynchronizer.java:2039)
        at java.util.concurrent.ArrayBlockingQueue.take(ArrayBlockingQueue.java:403)
        at java.util.concurrent.ThreadPoolExecutor.getTask(ThreadPoolExecutor.java:1074)
        at java.util.concurrent.ThreadPoolExecutor.runWorker(ThreadPoolExecutor.java:1134)
        at java.util.concurrent.ThreadPoolExecutor$Worker.run(ThreadPoolExecutor.java:624)
        at java.lang.Thread.run(Thread.java:748)
"Timer for 'StorageContainerManager' metrics system" daemon prio=5 tid=1880 timed_waiting
java.lang.Thread.State: TIMED_WAITING
        at java.lang.Object.wait(Native Method)
        at java.util.TimerThread.mainLoop(Timer.java:552)
        at java.util.TimerThread.run(Timer.java:505)
"metrics-hadoop-metrics2-reporter-99-thread-1" daemon prio=5 tid=1848 timed_waiting
java.lang.Thread.State: TIMED_WAITING
        at sun.misc.Unsafe.park(Native Method)
        at java.util.concurrent.locks.LockSupport.parkNanos(LockSupport.java:215)
        at java.util.concurrent.locks.AbstractQueuedSynchronizer$ConditionObject.awaitNanos(AbstractQueuedSynchronizer.java:2078)
        at java.util.concurrent.ScheduledThreadPoolExecutor$DelayedWorkQueue.take(ScheduledThreadPoolExecutor.java:1093)
        at java.util.concurrent.ScheduledThreadPoolExecutor$DelayedWorkQueue.take(ScheduledThreadPoolExecutor.java:809)
        at java.util.concurrent.ThreadPoolExecutor.getTask(ThreadPoolExecutor.java:1074)
        at java.util.concurrent.ThreadPoolExecutor.runWorker(ThreadPoolExecutor.java:1134)
        at java.util.concurrent.ThreadPoolExecutor$Worker.run(ThreadPoolExecutor.java:624)
        at java.lang.Thread.run(Thread.java:748)
"metrics-hadoop-metrics2-reporter-37-thread-1" daemon prio=5 tid=973 timed_waiting
java.lang.Thread.State: TIMED_WAITING
        at sun.misc.Unsafe.park(Native Method)
        at java.util.concurrent.locks.LockSupport.parkNanos(LockSupport.java:215)
        at java.util.concurrent.locks.AbstractQueuedSynchronizer$ConditionObject.awaitNanos(AbstractQueuedSynchronizer.java:2078)
        at java.util.concurrent.ScheduledThreadPoolExecutor$DelayedWorkQueue.take(ScheduledThreadPoolExecutor.java:1093)
        at java.util.concurrent.ScheduledThreadPoolExecutor$DelayedWorkQueue.take(ScheduledThreadPoolExecutor.java:809)
        at java.util.concurrent.ThreadPoolExecutor.getTask(ThreadPoolExecutor.java:1074)
        at java.util.concurrent.ThreadPoolExecutor.runWorker(ThreadPoolExecutor.java:1134)
        at java.util.concurrent.ThreadPoolExecutor$Worker.run(ThreadPoolExecutor.java:624)
        at java.lang.Thread.run(Thread.java:748)
"7c431f9d-51bc-458b-a3a6-511ec217d887@group-21BA9BD4283D-SegmentedRaftLogWorker"  prio=5 tid=2482 timed_waiting
java.lang.Thread.State: TIMED_WAITING
        at sun.misc.Unsafe.park(Native Method)
        at java.util.concurrent.locks.LockSupport.parkNanos(LockSupport.java:215)
        at java.util.concurrent.locks.AbstractQueuedSynchronizer$ConditionObject.awaitNanos(AbstractQueuedSynchronizer.java:2078)
        at org.apache.ratis.util.DataBlockingQueue.poll(DataBlockingQueue.java:137)
        at org.apache.ratis.server.raftlog.segmented.SegmentedRaftLogWorker.run(SegmentedRaftLogWorker.java:282)
        at java.lang.Thread.run(Thread.java:748)
"metrics-hadoop-metrics2-reporter-71-thread-1" daemon prio=5 tid=1617 timed_waiting
java.lang.Thread.State: TIMED_WAITING
        at sun.misc.Unsafe.park(Native Method)
        at java.util.concurrent.locks.LockSupport.parkNanos(LockSupport.java:215)
        at java.util.concurrent.locks.AbstractQueuedSynchronizer$ConditionObject.awaitNanos(AbstractQueuedSynchronizer.java:2078)
        at java.util.concurrent.ScheduledThreadPoolExecutor$DelayedWorkQueue.take(ScheduledThreadPoolExecutor.java:1093)
        at java.util.concurrent.ScheduledThreadPoolExecutor$DelayedWorkQueue.take(ScheduledThreadPoolExecutor.java:809)
        at java.util.concurrent.ThreadPoolExecutor.getTask(ThreadPoolExecutor.java:1074)
        at java.util.concurrent.ThreadPoolExecutor.runWorker(ThreadPoolExecutor.java:1134)
        at java.util.concurrent.ThreadPoolExecutor$Worker.run(ThreadPoolExecutor.java:624)
        at java.lang.Thread.run(Thread.java:748)
"metrics-hadoop-metrics2-reporter-69-thread-1" daemon prio=5 tid=1611 timed_waiting
java.lang.Thread.State: TIMED_WAITING
        at sun.misc.Unsafe.park(Native Method)
        at java.util.concurrent.locks.LockSupport.parkNanos(LockSupport.java:215)
        at java.util.concurrent.locks.AbstractQueuedSynchronizer$ConditionObject.awaitNanos(AbstractQueuedSynchronizer.java:2078)
        at java.util.concurrent.ScheduledThreadPoolExecutor$DelayedWorkQueue.take(ScheduledThreadPoolExecutor.java:1093)
        at java.util.concurrent.ScheduledThreadPoolExecutor$DelayedWorkQueue.take(ScheduledThreadPoolExecutor.java:809)
        at java.util.concurrent.ThreadPoolExecutor.getTask(ThreadPoolExecutor.java:1074)
        at java.util.concurrent.ThreadPoolExecutor.runWorker(ThreadPoolExecutor.java:1134)
        at java.util.concurrent.ThreadPoolExecutor$Worker.run(ThreadPoolExecutor.java:624)
        at java.lang.Thread.run(Thread.java:748)
"Datanode State Machine Thread - 0" daemon prio=5 tid=2044 timed_waiting
java.lang.Thread.State: TIMED_WAITING
        at java.lang.Thread.sleep(Native Method)
        at org.apache.hadoop.ozone.container.common.statemachine.DatanodeStateMachine.start(DatanodeStateMachine.java:191)
        at org.apache.hadoop.ozone.container.common.statemachine.DatanodeStateMachine.lambda$startDaemon$0(DatanodeStateMachine.java:349)
        at org.apache.hadoop.ozone.container.common.statemachine.DatanodeStateMachine$$Lambda$140/1867108691.run(Unknown Source)
        at java.lang.Thread.run(Thread.java:748)
"metrics-hadoop-metrics2-reporter-14-thread-1" daemon prio=5 tid=469 timed_waiting
java.lang.Thread.State: TIMED_WAITING
        at sun.misc.Unsafe.park(Native Method)
        at java.util.concurrent.locks.LockSupport.parkNanos(LockSupport.java:215)
        at java.util.concurrent.locks.AbstractQueuedSynchronizer$ConditionObject.awaitNanos(AbstractQueuedSynchronizer.java:2078)
        at java.util.concurrent.ScheduledThreadPoolExecutor$DelayedWorkQueue.take(ScheduledThreadPoolExecutor.java:1093)
        at java.util.concurrent.ScheduledThreadPoolExecutor$DelayedWorkQueue.take(ScheduledThreadPoolExecutor.java:809)
        at java.util.concurrent.ThreadPoolExecutor.getTask(ThreadPoolExecutor.java:1074)
        at java.util.concurrent.ThreadPoolExecutor.runWorker(ThreadPoolExecutor.java:1134)
        at java.util.concurrent.ThreadPoolExecutor$Worker.run(ThreadPoolExecutor.java:624)
        at java.lang.Thread.run(Thread.java:748)
"pool-177-thread-1"  prio=5 tid=2281 in Object.wait()
java.lang.Thread.State: WAITING (on object monitor)
        at sun.misc.Unsafe.park(Native Method)
        at java.util.concurrent.locks.LockSupport.park(LockSupport.java:175)
        at java.util.concurrent.locks.AbstractQueuedSynchronizer$ConditionObject.await(AbstractQueuedSynchronizer.java:2039)
        at java.util.concurrent.LinkedBlockingQueue.take(LinkedBlockingQueue.java:442)
        at java.util.concurrent.ThreadPoolExecutor.getTask(ThreadPoolExecutor.java:1074)
        at java.util.concurrent.ThreadPoolExecutor.runWorker(ThreadPoolExecutor.java:1134)
        at java.util.concurrent.ThreadPoolExecutor$Worker.run(ThreadPoolExecutor.java:624)
        at java.lang.Thread.run(Thread.java:748)
"metrics-hadoop-metrics2-reporter-9-thread-1" daemon prio=5 tid=454 timed_waiting
java.lang.Thread.State: TIMED_WAITING
        at sun.misc.Unsafe.park(Native Method)
        at java.util.concurrent.locks.LockSupport.parkNanos(LockSupport.java:215)
        at java.util.concurrent.locks.AbstractQueuedSynchronizer$ConditionObject.awaitNanos(AbstractQueuedSynchronizer.java:2078)
        at java.util.concurrent.ScheduledThreadPoolExecutor$DelayedWorkQueue.take(ScheduledThreadPoolExecutor.java:1093)
        at java.util.concurrent.ScheduledThreadPoolExecutor$DelayedWorkQueue.take(ScheduledThreadPoolExecutor.java:809)
        at java.util.concurrent.ThreadPoolExecutor.getTask(ThreadPoolExecutor.java:1074)
        at java.util.concurrent.ThreadPoolExecutor.runWorker(ThreadPoolExecutor.java:1134)
        at java.util.concurrent.ThreadPoolExecutor$Worker.run(ThreadPoolExecutor.java:624)
        at java.lang.Thread.run(Thread.java:748)
"pool-186-thread-29"  prio=5 tid=2171 in Object.wait()
java.lang.Thread.State: WAITING (on object monitor)
        at sun.misc.Unsafe.park(Native Method)
        at java.util.concurrent.locks.LockSupport.park(LockSupport.java:175)
        at java.util.concurrent.locks.AbstractQueuedSynchronizer$ConditionObject.await(AbstractQueuedSynchronizer.java:2039)
        at java.util.concurrent.ArrayBlockingQueue.take(ArrayBlockingQueue.java:403)
        at java.util.concurrent.ThreadPoolExecutor.getTask(ThreadPoolExecutor.java:1074)
        at java.util.concurrent.ThreadPoolExecutor.runWorker(ThreadPoolExecutor.java:1134)
        at java.util.concurrent.ThreadPoolExecutor$Worker.run(ThreadPoolExecutor.java:624)
        at java.lang.Thread.run(Thread.java:748)
"org.eclipse.jetty.server.session.HashSessionManager@74d6736Timer" daemon prio=5 tid=1952 timed_waiting
java.lang.Thread.State: TIMED_WAITING
        at sun.misc.Unsafe.park(Native Method)
        at java.util.concurrent.locks.LockSupport.parkNanos(LockSupport.java:215)
        at java.util.concurrent.locks.AbstractQueuedSynchronizer$ConditionObject.awaitNanos(AbstractQueuedSynchronizer.java:2078)
        at java.util.concurrent.ScheduledThreadPoolExecutor$DelayedWorkQueue.take(ScheduledThreadPoolExecutor.java:1093)
        at java.util.concurrent.ScheduledThreadPoolExecutor$DelayedWorkQueue.take(ScheduledThreadPoolExecutor.java:809)
        at java.util.concurrent.ThreadPoolExecutor.getTask(ThreadPoolExecutor.java:1074)
        at java.util.concurrent.ThreadPoolExecutor.runWorker(ThreadPoolExecutor.java:1134)
        at java.util.concurrent.ThreadPoolExecutor$Worker.run(ThreadPoolExecutor.java:624)
        at java.lang.Thread.run(Thread.java:748)
"refreshUsed-/workdir/hadoop-ozone/integration-test/target/test-dir/MiniOzoneClusterImpl-3afb9865-6449-4209-9387-449993352e62/datanode-0/data/containers" daemon prio=5 tid=2001 timed_waiting
java.lang.Thread.State: TIMED_WAITING
        at java.lang.Thread.sleep(Native Method)
        at org.apache.hadoop.fs.CachingGetSpaceUsed$RefreshThread.run(CachingGetSpaceUsed.java:179)
        at java.lang.Thread.run(Thread.java:748)
"EventQueue-SafemodestatusForSafeModeHandler" daemon prio=5 tid=2274 in Object.wait()
java.lang.Thread.State: WAITING (on object monitor)
        at sun.misc.Unsafe.park(Native Method)
        at java.util.concurrent.locks.LockSupport.park(LockSupport.java:175)
        at java.util.concurrent.locks.AbstractQueuedSynchronizer$ConditionObject.await(AbstractQueuedSynchronizer.java:2039)
        at java.util.concurrent.LinkedBlockingQueue.take(LinkedBlockingQueue.java:442)
        at java.util.concurrent.ThreadPoolExecutor.getTask(ThreadPoolExecutor.java:1074)
        at java.util.concurrent.ThreadPoolExecutor.runWorker(ThreadPoolExecutor.java:1134)
        at java.util.concurrent.ThreadPoolExecutor$Worker.run(ThreadPoolExecutor.java:624)
        at java.lang.Thread.run(Thread.java:748)
"Datanode State Machine Thread - 0" daemon prio=5 tid=2017 timed_waiting
java.lang.Thread.State: TIMED_WAITING
        at java.lang.Thread.sleep(Native Method)
        at org.apache.hadoop.ozone.container.common.statemachine.DatanodeStateMachine.start(DatanodeStateMachine.java:191)
        at org.apache.hadoop.ozone.container.common.statemachine.DatanodeStateMachine.lambda$startDaemon$0(DatanodeStateMachine.java:349)
        at org.apache.hadoop.ozone.container.common.statemachine.DatanodeStateMachine$$Lambda$140/1867108691.run(Unknown Source)
        at java.lang.Thread.run(Thread.java:748)
"Datanode ReportManager Thread - 0" daemon prio=5 tid=2072 timed_waiting
java.lang.Thread.State: TIMED_WAITING
        at sun.misc.Unsafe.park(Native Method)
        at java.util.concurrent.locks.LockSupport.parkNanos(LockSupport.java:215)
        at java.util.concurrent.locks.AbstractQueuedSynchronizer$ConditionObject.awaitNanos(AbstractQueuedSynchronizer.java:2078)
        at java.util.concurrent.ScheduledThreadPoolExecutor$DelayedWorkQueue.take(ScheduledThreadPoolExecutor.java:1093)
        at java.util.concurrent.ScheduledThreadPoolExecutor$DelayedWorkQueue.take(ScheduledThreadPoolExecutor.java:809)
        at java.util.concurrent.ThreadPoolExecutor.getTask(ThreadPoolExecutor.java:1074)
        at java.util.concurrent.ThreadPoolExecutor.runWorker(ThreadPoolExecutor.java:1134)
        at java.util.concurrent.ThreadPoolExecutor$Worker.run(ThreadPoolExecutor.java:624)
        at java.lang.Thread.run(Thread.java:748)
"Datanode ReportManager Thread - 2" daemon prio=5 tid=688 in Object.wait()
java.lang.Thread.State: WAITING (on object monitor)
        at sun.misc.Unsafe.park(Native Method)
        at java.util.concurrent.locks.LockSupport.park(LockSupport.java:175)
        at java.util.concurrent.locks.AbstractQueuedSynchronizer$ConditionObject.await(AbstractQueuedSynchronizer.java:2039)
        at java.util.concurrent.ScheduledThreadPoolExecutor$DelayedWorkQueue.take(ScheduledThreadPoolExecutor.java:1088)
        at java.util.concurrent.ScheduledThreadPoolExecutor$DelayedWorkQueue.take(ScheduledThreadPoolExecutor.java:809)
        at java.util.concurrent.ThreadPoolExecutor.getTask(ThreadPoolExecutor.java:1074)
        at java.util.concurrent.ThreadPoolExecutor.runWorker(ThreadPoolExecutor.java:1134)
        at java.util.concurrent.ThreadPoolExecutor$Worker.run(ThreadPoolExecutor.java:624)
        at java.lang.Thread.run(Thread.java:748)
"IPC Server handler 15 on 37818" daemon prio=5 tid=1917 timed_waiting
java.lang.Thread.State: TIMED_WAITING
        at sun.misc.Unsafe.park(Native Method)
        at java.util.concurrent.locks.LockSupport.parkNanos(LockSupport.java:215)
        at java.util.concurrent.locks.AbstractQueuedSynchronizer$ConditionObject.awaitNanos(AbstractQueuedSynchronizer.java:2078)
        at java.util.concurrent.LinkedBlockingQueue.poll(LinkedBlockingQueue.java:467)
        at org.apache.hadoop.ipc.CallQueueManager.take(CallQueueManager.java:288)
        at org.apache.hadoop.ipc.Server$Handler.run(Server.java:2668)
"IPC Server handler 7 on 43940" daemon prio=5 tid=1889 timed_waiting
java.lang.Thread.State: TIMED_WAITING
        at sun.misc.Unsafe.park(Native Method)
        at java.util.concurrent.locks.LockSupport.parkNanos(LockSupport.java:215)
        at java.util.concurrent.locks.AbstractQueuedSynchronizer$ConditionObject.awaitNanos(AbstractQueuedSynchronizer.java:2078)
        at java.util.concurrent.LinkedBlockingQueue.poll(LinkedBlockingQueue.java:467)
        at org.apache.hadoop.ipc.CallQueueManager.take(CallQueueManager.java:288)
        at org.apache.hadoop.ipc.Server$Handler.run(Server.java:2668)
"pool-186-thread-19"  prio=5 tid=2161 in Object.wait()
java.lang.Thread.State: WAITING (on object monitor)
        at sun.misc.Unsafe.park(Native Method)
        at java.util.concurrent.locks.LockSupport.park(LockSupport.java:175)
        at java.util.concurrent.locks.AbstractQueuedSynchronizer$ConditionObject.await(AbstractQueuedSynchronizer.java:2039)
        at java.util.concurrent.ArrayBlockingQueue.take(ArrayBlockingQueue.java:403)
        at java.util.concurrent.ThreadPoolExecutor.getTask(ThreadPoolExecutor.java:1074)
        at java.util.concurrent.ThreadPoolExecutor.runWorker(ThreadPoolExecutor.java:1134)
        at java.util.concurrent.ThreadPoolExecutor$Worker.run(ThreadPoolExecutor.java:624)
        at java.lang.Thread.run(Thread.java:748)
"IPC Server handler 1 on 37818" daemon prio=5 tid=1903 timed_waiting
java.lang.Thread.State: TIMED_WAITING
        at sun.misc.Unsafe.park(Native Method)
        at java.util.concurrent.locks.LockSupport.parkNanos(LockSupport.java:215)
        at java.util.concurrent.locks.AbstractQueuedSynchronizer$ConditionObject.awaitNanos(AbstractQueuedSynchronizer.java:2078)
        at java.util.concurrent.LinkedBlockingQueue.poll(LinkedBlockingQueue.java:467)
        at org.apache.hadoop.ipc.CallQueueManager.take(CallQueueManager.java:288)
        at org.apache.hadoop.ipc.Server$Handler.run(Server.java:2668)
"metrics-hadoop-metrics2-reporter-89-thread-1" daemon prio=5 tid=1674 timed_waiting
java.lang.Thread.State: TIMED_WAITING
        at sun.misc.Unsafe.park(Native Method)
        at java.util.concurrent.locks.LockSupport.parkNanos(LockSupport.java:215)
        at java.util.concurrent.locks.AbstractQueuedSynchronizer$ConditionObject.awaitNanos(AbstractQueuedSynchronizer.java:2078)
        at java.util.concurrent.ScheduledThreadPoolExecutor$DelayedWorkQueue.take(ScheduledThreadPoolExecutor.java:1093)
        at java.util.concurrent.ScheduledThreadPoolExecutor$DelayedWorkQueue.take(ScheduledThreadPoolExecutor.java:809)
        at java.util.concurrent.ThreadPoolExecutor.getTask(ThreadPoolExecutor.java:1074)
        at java.util.concurrent.ThreadPoolExecutor.runWorker(ThreadPoolExecutor.java:1134)
        at java.util.concurrent.ThreadPoolExecutor$Worker.run(ThreadPoolExecutor.java:624)
        at java.lang.Thread.run(Thread.java:748)
"IPC Server handler 0 on 35803" daemon prio=5 tid=1922 timed_waiting
java.lang.Thread.State: TIMED_WAITING
        at sun.misc.Unsafe.park(Native Method)
        at java.util.concurrent.locks.LockSupport.parkNanos(LockSupport.java:215)
        at java.util.concurrent.locks.AbstractQueuedSynchronizer$ConditionObject.awaitNanos(AbstractQueuedSynchronizer.java:2078)
        at java.util.concurrent.LinkedBlockingQueue.poll(LinkedBlockingQueue.java:467)
        at org.apache.hadoop.ipc.CallQueueManager.take(CallQueueManager.java:288)
        at org.apache.hadoop.ipc.Server$Handler.run(Server.java:2668)
"metrics-hadoop-metrics2-reporter-1-thread-1" daemon prio=5 tid=435 timed_waiting
java.lang.Thread.State: TIMED_WAITING
        at sun.misc.Unsafe.park(Native Method)
        at java.util.concurrent.locks.LockSupport.parkNanos(LockSupport.java:215)
        at java.util.concurrent.locks.AbstractQueuedSynchronizer$ConditionObject.awaitNanos(AbstractQueuedSynchronizer.java:2078)
        at java.util.concurrent.ScheduledThreadPoolExecutor$DelayedWorkQueue.take(ScheduledThreadPoolExecutor.java:1093)
        at java.util.concurrent.ScheduledThreadPoolExecutor$DelayedWorkQueue.take(ScheduledThreadPoolExecutor.java:809)
        at java.util.concurrent.ThreadPoolExecutor.getTask(ThreadPoolExecutor.java:1074)
        at java.util.concurrent.ThreadPoolExecutor.runWorker(ThreadPoolExecutor.java:1134)
        at java.util.concurrent.ThreadPoolExecutor$Worker.run(ThreadPoolExecutor.java:624)
        at java.lang.Thread.run(Thread.java:748)
"Finalizer" daemon prio=8 tid=3 in Object.wait()
java.lang.Thread.State: WAITING (on object monitor)
        at java.lang.Object.wait(Native Method)
        at java.lang.ref.ReferenceQueue.remove(ReferenceQueue.java:144)
        at java.lang.ref.ReferenceQueue.remove(ReferenceQueue.java:165)
        at java.lang.ref.Finalizer$FinalizerThread.run(Finalizer.java:216)
"Command processor thread" daemon prio=5 tid=2022 timed_waiting
java.lang.Thread.State: TIMED_WAITING
        at java.lang.Thread.sleep(Native Method)
        at org.apache.hadoop.ozone.container.common.statemachine.DatanodeStateMachine.lambda$initCommandHandlerThread$1(DatanodeStateMachine.java:439)
        at org.apache.hadoop.ozone.container.common.statemachine.DatanodeStateMachine$$Lambda$141/1549535869.run(Unknown Source)
        at java.lang.Thread.run(Thread.java:748)
"IPC Server handler 18 on 44019" daemon prio=5 tid=1984 timed_waiting
java.lang.Thread.State: TIMED_WAITING
        at sun.misc.Unsafe.park(Native Method)
        at java.util.concurrent.locks.LockSupport.parkNanos(LockSupport.java:215)
        at java.util.concurrent.locks.AbstractQueuedSynchronizer$ConditionObject.awaitNanos(AbstractQueuedSynchronizer.java:2078)
        at java.util.concurrent.LinkedBlockingQueue.poll(LinkedBlockingQueue.java:467)
        at org.apache.hadoop.ipc.CallQueueManager.take(CallQueueManager.java:288)
        at org.apache.hadoop.ipc.Server$Handler.run(Server.java:2668)
"pool-176-thread-22"  prio=5 tid=2101 in Object.wait()
java.lang.Thread.State: WAITING (on object monitor)
        at sun.misc.Unsafe.park(Native Method)
        at java.util.concurrent.locks.LockSupport.park(LockSupport.java:175)
        at java.util.concurrent.locks.AbstractQueuedSynchronizer$ConditionObject.await(AbstractQueuedSynchronizer.java:2039)
        at java.util.concurrent.ArrayBlockingQueue.take(ArrayBlockingQueue.java:403)
        at java.util.concurrent.ThreadPoolExecutor.getTask(ThreadPoolExecutor.java:1074)
        at java.util.concurrent.ThreadPoolExecutor.runWorker(ThreadPoolExecutor.java:1134)
        at java.util.concurrent.ThreadPoolExecutor$Worker.run(ThreadPoolExecutor.java:624)
        at java.lang.Thread.run(Thread.java:748)
"IPC Server handler 10 on 44019" daemon prio=5 tid=1976 timed_waiting
java.lang.Thread.State: TIMED_WAITING
        at sun.misc.Unsafe.park(Native Method)
        at java.util.concurrent.locks.LockSupport.parkNanos(LockSupport.java:215)
        at java.util.concurrent.locks.AbstractQueuedSynchronizer$ConditionObject.awaitNanos(AbstractQueuedSynchronizer.java:2078)
        at java.util.concurrent.LinkedBlockingQueue.poll(LinkedBlockingQueue.java:467)
        at org.apache.hadoop.ipc.CallQueueManager.take(CallQueueManager.java:288)
        at org.apache.hadoop.ipc.Server$Handler.run(Server.java:2668)
"pool-176-thread-56"  prio=5 tid=2135 in Object.wait()
java.lang.Thread.State: WAITING (on object monitor)
        at sun.misc.Unsafe.park(Native Method)
        at java.util.concurrent.locks.LockSupport.park(LockSupport.java:175)
        at java.util.concurrent.locks.AbstractQueuedSynchronizer$ConditionObject.await(AbstractQueuedSynchronizer.java:2039)
        at java.util.concurrent.ArrayBlockingQueue.take(ArrayBlockingQueue.java:403)
        at java.util.concurrent.ThreadPoolExecutor.getTask(ThreadPoolExecutor.java:1074)
        at java.util.concurrent.ThreadPoolExecutor.runWorker(ThreadPoolExecutor.java:1134)
        at java.util.concurrent.ThreadPoolExecutor$Worker.run(ThreadPoolExecutor.java:624)
        at java.lang.Thread.run(Thread.java:748)
"metrics-hadoop-metrics2-reporter-50-thread-1" daemon prio=5 tid=1022 timed_waiting
java.lang.Thread.State: TIMED_WAITING
        at sun.misc.Unsafe.park(Native Method)
        at java.util.concurrent.locks.LockSupport.parkNanos(LockSupport.java:215)
        at java.util.concurrent.locks.AbstractQueuedSynchronizer$ConditionObject.awaitNanos(AbstractQueuedSynchronizer.java:2078)
        at java.util.concurrent.ScheduledThreadPoolExecutor$DelayedWorkQueue.take(ScheduledThreadPoolExecutor.java:1093)
        at java.util.concurrent.ScheduledThreadPoolExecutor$DelayedWorkQueue.take(ScheduledThreadPoolExecutor.java:809)
        at java.util.concurrent.ThreadPoolExecutor.getTask(ThreadPoolExecutor.java:1074)
        at java.util.concurrent.ThreadPoolExecutor.runWorker(ThreadPoolExecutor.java:1134)
        at java.util.concurrent.ThreadPoolExecutor$Worker.run(ThreadPoolExecutor.java:624)
        at java.lang.Thread.run(Thread.java:748)
"pool-176-thread-51"  prio=5 tid=2130 in Object.wait()
java.lang.Thread.State: WAITING (on object monitor)
        at sun.misc.Unsafe.park(Native Method)
        at java.util.concurrent.locks.LockSupport.park(LockSupport.java:175)
        at java.util.concurrent.locks.AbstractQueuedSynchronizer$ConditionObject.await(AbstractQueuedSynchronizer.java:2039)
        at java.util.concurrent.ArrayBlockingQueue.take(ArrayBlockingQueue.java:403)
        at java.util.concurrent.ThreadPoolExecutor.getTask(ThreadPoolExecutor.java:1074)
        at java.util.concurrent.ThreadPoolExecutor.runWorker(ThreadPoolExecutor.java:1134)
        at java.util.concurrent.ThreadPoolExecutor$Worker.run(ThreadPoolExecutor.java:624)
        at java.lang.Thread.run(Thread.java:748)
"pool-176-thread-52"  prio=5 tid=2131 in Object.wait()
java.lang.Thread.State: WAITING (on object monitor)
        at sun.misc.Unsafe.park(Native Method)
        at java.util.concurrent.locks.LockSupport.park(LockSupport.java:175)
        at java.util.concurrent.locks.AbstractQueuedSynchronizer$ConditionObject.await(AbstractQueuedSynchronizer.java:2039)
        at java.util.concurrent.ArrayBlockingQueue.take(ArrayBlockingQueue.java:403)
        at java.util.concurrent.ThreadPoolExecutor.getTask(ThreadPoolExecutor.java:1074)
        at java.util.concurrent.ThreadPoolExecutor.runWorker(ThreadPoolExecutor.java:1134)
        at java.util.concurrent.ThreadPoolExecutor$Worker.run(ThreadPoolExecutor.java:624)
        at java.lang.Thread.run(Thread.java:748)
"metrics-hadoop-metrics2-reporter-18-thread-1" daemon prio=5 tid=484 timed_waiting
java.lang.Thread.State: TIMED_WAITING
        at sun.misc.Unsafe.park(Native Method)
        at java.util.concurrent.locks.LockSupport.parkNanos(LockSupport.java:215)
        at java.util.concurrent.locks.AbstractQueuedSynchronizer$ConditionObject.awaitNanos(AbstractQueuedSynchronizer.java:2078)
        at java.util.concurrent.ScheduledThreadPoolExecutor$DelayedWorkQueue.take(ScheduledThreadPoolExecutor.java:1093)
        at java.util.concurrent.ScheduledThreadPoolExecutor$DelayedWorkQueue.take(ScheduledThreadPoolExecutor.java:809)
        at java.util.concurrent.ThreadPoolExecutor.getTask(ThreadPoolExecutor.java:1074)
        at java.util.concurrent.ThreadPoolExecutor.runWorker(ThreadPoolExecutor.java:1134)
        at java.util.concurrent.ThreadPoolExecutor$Worker.run(ThreadPoolExecutor.java:624)
        at java.lang.Thread.run(Thread.java:748)
"IPC Server listener on 44019" daemon prio=5 tid=1959 runnable
java.lang.Thread.State: RUNNABLE
        at sun.nio.ch.EPollArrayWrapper.epollWait(Native Method)
        at sun.nio.ch.EPollArrayWrapper.poll(EPollArrayWrapper.java:269)
        at sun.nio.ch.EPollSelectorImpl.doSelect(EPollSelectorImpl.java:93)
        at sun.nio.ch.SelectorImpl.lockAndDoSelect(SelectorImpl.java:86)
        at sun.nio.ch.SelectorImpl.select(SelectorImpl.java:97)
        at sun.nio.ch.SelectorImpl.select(SelectorImpl.java:101)
        at org.apache.hadoop.ipc.Server$Listener.run(Server.java:1159)
"Datanode ReportManager Thread - 0" daemon prio=5 tid=2045 in Object.wait()
java.lang.Thread.State: WAITING (on object monitor)
        at sun.misc.Unsafe.park(Native Method)
        at java.util.concurrent.locks.LockSupport.park(LockSupport.java:175)
        at java.util.concurrent.locks.AbstractQueuedSynchronizer$ConditionObject.await(AbstractQueuedSynchronizer.java:2039)
        at java.util.concurrent.ScheduledThreadPoolExecutor$DelayedWorkQueue.take(ScheduledThreadPoolExecutor.java:1088)
        at java.util.concurrent.ScheduledThreadPoolExecutor$DelayedWorkQueue.take(ScheduledThreadPoolExecutor.java:809)
        at java.util.concurrent.ThreadPoolExecutor.getTask(ThreadPoolExecutor.java:1074)
        at java.util.concurrent.ThreadPoolExecutor.runWorker(ThreadPoolExecutor.java:1134)
        at java.util.concurrent.ThreadPoolExecutor$Worker.run(ThreadPoolExecutor.java:624)
        at java.lang.Thread.run(Thread.java:748)
"pool-196-thread-50"  prio=5 tid=2254 in Object.wait()
java.lang.Thread.State: WAITING (on object monitor)
        at sun.misc.Unsafe.park(Native Method)
        at java.util.concurrent.locks.LockSupport.park(LockSupport.java:175)
        at java.util.concurrent.locks.AbstractQueuedSynchronizer$ConditionObject.await(AbstractQueuedSynchronizer.java:2039)
        at java.util.concurrent.ArrayBlockingQueue.take(ArrayBlockingQueue.java:403)
        at java.util.concurrent.ThreadPoolExecutor.getTask(ThreadPoolExecutor.java:1074)
        at java.util.concurrent.ThreadPoolExecutor.runWorker(ThreadPoolExecutor.java:1134)
        at java.util.concurrent.ThreadPoolExecutor$Worker.run(ThreadPoolExecutor.java:624)
        at java.lang.Thread.run(Thread.java:748)
"pool-176-thread-5"  prio=5 tid=2084 in Object.wait()
java.lang.Thread.State: WAITING (on object monitor)
        at sun.misc.Unsafe.park(Native Method)
        at java.util.concurrent.locks.LockSupport.park(LockSupport.java:175)
        at java.util.concurrent.locks.AbstractQueuedSynchronizer$ConditionObject.await(AbstractQueuedSynchronizer.java:2039)
        at java.util.concurrent.ArrayBlockingQueue.take(ArrayBlockingQueue.java:403)
        at java.util.concurrent.ThreadPoolExecutor.getTask(ThreadPoolExecutor.java:1074)
        at java.util.concurrent.ThreadPoolExecutor.runWorker(ThreadPoolExecutor.java:1134)
        at java.util.concurrent.ThreadPoolExecutor$Worker.run(ThreadPoolExecutor.java:624)
        at java.lang.Thread.run(Thread.java:748)
"IPC Server handler 17 on 35803" daemon prio=5 tid=1939 timed_waiting
java.lang.Thread.State: TIMED_WAITING
        at sun.misc.Unsafe.park(Native Method)
        at java.util.concurrent.locks.LockSupport.parkNanos(LockSupport.java:215)
        at java.util.concurrent.locks.AbstractQueuedSynchronizer$ConditionObject.awaitNanos(AbstractQueuedSynchronizer.java:2078)
        at java.util.concurrent.LinkedBlockingQueue.poll(LinkedBlockingQueue.java:467)
        at org.apache.hadoop.ipc.CallQueueManager.take(CallQueueManager.java:288)
        at org.apache.hadoop.ipc.Server$Handler.run(Server.java:2668)
"Datanode ReportManager Thread - 0" daemon prio=5 tid=740 in Object.wait()
java.lang.Thread.State: WAITING (on object monitor)
        at sun.misc.Unsafe.park(Native Method)
        at java.util.concurrent.locks.LockSupport.park(LockSupport.java:175)
        at java.util.concurrent.locks.AbstractQueuedSynchronizer$ConditionObject.await(AbstractQueuedSynchronizer.java:2039)
        at java.util.concurrent.ScheduledThreadPoolExecutor$DelayedWorkQueue.take(ScheduledThreadPoolExecutor.java:1088)
        at java.util.concurrent.ScheduledThreadPoolExecutor$DelayedWorkQueue.take(ScheduledThreadPoolExecutor.java:809)
        at java.util.concurrent.ThreadPoolExecutor.getTask(ThreadPoolExecutor.java:1074)
        at java.util.concurrent.ThreadPoolExecutor.runWorker(ThreadPoolExecutor.java:1134)
        at java.util.concurrent.ThreadPoolExecutor$Worker.run(ThreadPoolExecutor.java:624)
        at java.lang.Thread.run(Thread.java:748)
"pool-186-thread-45"  prio=5 tid=2187 in Object.wait()
java.lang.Thread.State: WAITING (on object monitor)
        at sun.misc.Unsafe.park(Native Method)
        at java.util.concurrent.locks.LockSupport.park(LockSupport.java:175)
        at java.util.concurrent.locks.AbstractQueuedSynchronizer$ConditionObject.await(AbstractQueuedSynchronizer.java:2039)
        at java.util.concurrent.ArrayBlockingQueue.take(ArrayBlockingQueue.java:403)
        at java.util.concurrent.ThreadPoolExecutor.getTask(ThreadPoolExecutor.java:1074)
        at java.util.concurrent.ThreadPoolExecutor.runWorker(ThreadPoolExecutor.java:1134)
        at java.util.concurrent.ThreadPoolExecutor$Worker.run(ThreadPoolExecutor.java:624)
        at java.lang.Thread.run(Thread.java:748)
"pool-176-thread-50"  prio=5 tid=2129 in Object.wait()
java.lang.Thread.State: WAITING (on object monitor)
        at sun.misc.Unsafe.park(Native Method)
        at java.util.concurrent.locks.LockSupport.park(LockSupport.java:175)
        at java.util.concurrent.locks.AbstractQueuedSynchronizer$ConditionObject.await(AbstractQueuedSynchronizer.java:2039)
        at java.util.concurrent.ArrayBlockingQueue.take(ArrayBlockingQueue.java:403)
        at java.util.concurrent.ThreadPoolExecutor.getTask(ThreadPoolExecutor.java:1074)
        at java.util.concurrent.ThreadPoolExecutor.runWorker(ThreadPoolExecutor.java:1134)
        at java.util.concurrent.ThreadPoolExecutor$Worker.run(ThreadPoolExecutor.java:624)
        at java.lang.Thread.run(Thread.java:748)
"IPC Server handler 19 on 44019" daemon prio=5 tid=1985 timed_waiting
java.lang.Thread.State: TIMED_WAITING
        at sun.misc.Unsafe.park(Native Method)
        at java.util.concurrent.locks.LockSupport.parkNanos(LockSupport.java:215)
        at java.util.concurrent.locks.AbstractQueuedSynchronizer$ConditionObject.awaitNanos(AbstractQueuedSynchronizer.java:2078)
        at java.util.concurrent.LinkedBlockingQueue.poll(LinkedBlockingQueue.java:467)
        at org.apache.hadoop.ipc.CallQueueManager.take(CallQueueManager.java:288)
        at org.apache.hadoop.ipc.Server$Handler.run(Server.java:2668)
"pool-196-thread-33"  prio=5 tid=2237 in Object.wait()
java.lang.Thread.State: WAITING (on object monitor)
        at sun.misc.Unsafe.park(Native Method)
        at java.util.concurrent.locks.LockSupport.park(LockSupport.java:175)
        at java.util.concurrent.locks.AbstractQueuedSynchronizer$ConditionObject.await(AbstractQueuedSynchronizer.java:2039)
        at java.util.concurrent.ArrayBlockingQueue.take(ArrayBlockingQueue.java:403)
        at java.util.concurrent.ThreadPoolExecutor.getTask(ThreadPoolExecutor.java:1074)
        at java.util.concurrent.ThreadPoolExecutor.runWorker(ThreadPoolExecutor.java:1134)
        at java.util.concurrent.ThreadPoolExecutor$Worker.run(ThreadPoolExecutor.java:624)
        at java.lang.Thread.run(Thread.java:748)
"Command processor thread" daemon prio=5 tid=2076 timed_waiting
java.lang.Thread.State: TIMED_WAITING
        at java.lang.Thread.sleep(Native Method)
        at org.apache.hadoop.ozone.container.common.statemachine.DatanodeStateMachine.lambda$initCommandHandlerThread$1(DatanodeStateMachine.java:439)
        at org.apache.hadoop.ozone.container.common.statemachine.DatanodeStateMachine$$Lambda$141/1549535869.run(Unknown Source)
        at java.lang.Thread.run(Thread.java:748)
"metrics-hadoop-metrics2-reporter-30-thread-1" daemon prio=5 tid=954 timed_waiting
java.lang.Thread.State: TIMED_WAITING
        at sun.misc.Unsafe.park(Native Method)
        at java.util.concurrent.locks.LockSupport.parkNanos(LockSupport.java:215)
        at java.util.concurrent.locks.AbstractQueuedSynchronizer$ConditionObject.awaitNanos(AbstractQueuedSynchronizer.java:2078)
        at java.util.concurrent.ScheduledThreadPoolExecutor$DelayedWorkQueue.take(ScheduledThreadPoolExecutor.java:1093)
        at java.util.concurrent.ScheduledThreadPoolExecutor$DelayedWorkQueue.take(ScheduledThreadPoolExecutor.java:809)
        at java.util.concurrent.ThreadPoolExecutor.getTask(ThreadPoolExecutor.java:1074)
        at java.util.concurrent.ThreadPoolExecutor.runWorker(ThreadPoolExecutor.java:1134)
        at java.util.concurrent.ThreadPoolExecutor$Worker.run(ThreadPoolExecutor.java:624)
        at java.lang.Thread.run(Thread.java:748)
"metrics-hadoop-metrics2-reporter-119-thread-1" daemon prio=5 tid=2333 timed_waiting
java.lang.Thread.State: TIMED_WAITING
        at sun.misc.Unsafe.park(Native Method)
        at java.util.concurrent.locks.LockSupport.parkNanos(LockSupport.java:215)
        at java.util.concurrent.locks.AbstractQueuedSynchronizer$ConditionObject.awaitNanos(AbstractQueuedSynchronizer.java:2078)
        at java.util.concurrent.ScheduledThreadPoolExecutor$DelayedWorkQueue.take(ScheduledThreadPoolExecutor.java:1093)
        at java.util.concurrent.ScheduledThreadPoolExecutor$DelayedWorkQueue.take(ScheduledThreadPoolExecutor.java:809)
        at java.util.concurrent.ThreadPoolExecutor.getTask(ThreadPoolExecutor.java:1074)
        at java.util.concurrent.ThreadPoolExecutor.runWorker(ThreadPoolExecutor.java:1134)
        at java.util.concurrent.ThreadPoolExecutor$Worker.run(ThreadPoolExecutor.java:624)
        at java.lang.Thread.run(Thread.java:748)
"IPC Server handler 7 on 44019" daemon prio=5 tid=1973 timed_waiting
java.lang.Thread.State: TIMED_WAITING
        at sun.misc.Unsafe.park(Native Method)
        at java.util.concurrent.locks.LockSupport.parkNanos(LockSupport.java:215)
        at java.util.concurrent.locks.AbstractQueuedSynchronizer$ConditionObject.awaitNanos(AbstractQueuedSynchronizer.java:2078)
        at java.util.concurrent.LinkedBlockingQueue.poll(LinkedBlockingQueue.java:467)
        at org.apache.hadoop.ipc.CallQueueManager.take(CallQueueManager.java:288)
        at org.apache.hadoop.ipc.Server$Handler.run(Server.java:2668)
"org.eclipse.jetty.server.session.HashSessionManager@58af5076Timer" daemon prio=5 tid=2041 timed_waiting
java.lang.Thread.State: TIMED_WAITING
        at sun.misc.Unsafe.park(Native Method)
        at java.util.concurrent.locks.LockSupport.parkNanos(LockSupport.java:215)
        at java.util.concurrent.locks.AbstractQueuedSynchronizer$ConditionObject.awaitNanos(AbstractQueuedSynchronizer.java:2078)
        at java.util.concurrent.ScheduledThreadPoolExecutor$DelayedWorkQueue.take(ScheduledThreadPoolExecutor.java:1093)
        at java.util.concurrent.ScheduledThreadPoolExecutor$DelayedWorkQueue.take(ScheduledThreadPoolExecutor.java:809)
        at java.util.concurrent.ThreadPoolExecutor.getTask(ThreadPoolExecutor.java:1074)
        at java.util.concurrent.ThreadPoolExecutor.runWorker(ThreadPoolExecutor.java:1134)
        at java.util.concurrent.ThreadPoolExecutor$Worker.run(ThreadPoolExecutor.java:624)
        at java.lang.Thread.run(Thread.java:748)
"pool-176-thread-32"  prio=5 tid=2111 in Object.wait()
java.lang.Thread.State: WAITING (on object monitor)
        at sun.misc.Unsafe.park(Native Method)
        at java.util.concurrent.locks.LockSupport.park(LockSupport.java:175)
        at java.util.concurrent.locks.AbstractQueuedSynchronizer$ConditionObject.await(AbstractQueuedSynchronizer.java:2039)
        at java.util.concurrent.ArrayBlockingQueue.take(ArrayBlockingQueue.java:403)
        at java.util.concurrent.ThreadPoolExecutor.getTask(ThreadPoolExecutor.java:1074)
        at java.util.concurrent.ThreadPoolExecutor.runWorker(ThreadPoolExecutor.java:1134)
        at java.util.concurrent.ThreadPoolExecutor$Worker.run(ThreadPoolExecutor.java:624)
        at java.lang.Thread.run(Thread.java:748)
"pool-196-thread-42"  prio=5 tid=2246 in Object.wait()
java.lang.Thread.State: WAITING (on object monitor)
        at sun.misc.Unsafe.park(Native Method)
        at java.util.concurrent.locks.LockSupport.park(LockSupport.java:175)
        at java.util.concurrent.locks.AbstractQueuedSynchronizer$ConditionObject.await(AbstractQueuedSynchronizer.java:2039)
        at java.util.concurrent.ArrayBlockingQueue.take(ArrayBlockingQueue.java:403)
        at java.util.concurrent.ThreadPoolExecutor.getTask(ThreadPoolExecutor.java:1074)
        at java.util.concurrent.ThreadPoolExecutor.runWorker(ThreadPoolExecutor.java:1134)
        at java.util.concurrent.ThreadPoolExecutor$Worker.run(ThreadPoolExecutor.java:624)
        at java.lang.Thread.run(Thread.java:748)
"qtp2077845538-1993" daemon prio=5 tid=1993 timed_waiting
java.lang.Thread.State: TIMED_WAITING
        at sun.misc.Unsafe.park(Native Method)
        at java.util.concurrent.locks.LockSupport.parkNanos(LockSupport.java:215)
        at java.util.concurrent.locks.AbstractQueuedSynchronizer$ConditionObject.awaitNanos(AbstractQueuedSynchronizer.java:2078)
        at org.eclipse.jetty.util.BlockingArrayQueue.poll(BlockingArrayQueue.java:392)
        at org.eclipse.jetty.util.thread.QueuedThreadPool.idleJobPoll(QueuedThreadPool.java:563)
        at org.eclipse.jetty.util.thread.QueuedThreadPool.access$800(QueuedThreadPool.java:48)
        at org.eclipse.jetty.util.thread.QueuedThreadPool$2.run(QueuedThreadPool.java:626)
        at java.lang.Thread.run(Thread.java:748)
"pool-176-thread-42"  prio=5 tid=2121 in Object.wait()
java.lang.Thread.State: WAITING (on object monitor)
        at sun.misc.Unsafe.park(Native Method)
        at java.util.concurrent.locks.LockSupport.park(LockSupport.java:175)
        at java.util.concurrent.locks.AbstractQueuedSynchronizer$ConditionObject.await(AbstractQueuedSynchronizer.java:2039)
        at java.util.concurrent.ArrayBlockingQueue.take(ArrayBlockingQueue.java:403)
        at java.util.concurrent.ThreadPoolExecutor.getTask(ThreadPoolExecutor.java:1074)
        at java.util.concurrent.ThreadPoolExecutor.runWorker(ThreadPoolExecutor.java:1134)
        at java.util.concurrent.ThreadPoolExecutor$Worker.run(ThreadPoolExecutor.java:624)
        at java.lang.Thread.run(Thread.java:748)
"metrics-hadoop-metrics2-reporter-8-thread-1" daemon prio=5 tid=452 timed_waiting
java.lang.Thread.State: TIMED_WAITING
        at sun.misc.Unsafe.park(Native Method)
        at java.util.concurrent.locks.LockSupport.parkNanos(LockSupport.java:215)
        at java.util.concurrent.locks.AbstractQueuedSynchronizer$ConditionObject.awaitNanos(AbstractQueuedSynchronizer.java:2078)
        at java.util.concurrent.ScheduledThreadPoolExecutor$DelayedWorkQueue.take(ScheduledThreadPoolExecutor.java:1093)
        at java.util.concurrent.ScheduledThreadPoolExecutor$DelayedWorkQueue.take(ScheduledThreadPoolExecutor.java:809)
        at java.util.concurrent.ThreadPoolExecutor.getTask(ThreadPoolExecutor.java:1074)
        at java.util.concurrent.ThreadPoolExecutor.runWorker(ThreadPoolExecutor.java:1134)
        at java.util.concurrent.ThreadPoolExecutor$Worker.run(ThreadPoolExecutor.java:624)
        at java.lang.Thread.run(Thread.java:748)
"pool-186-thread-13"  prio=5 tid=2155 in Object.wait()
java.lang.Thread.State: WAITING (on object monitor)
        at sun.misc.Unsafe.park(Native Method)
        at java.util.concurrent.locks.LockSupport.park(LockSupport.java:175)
        at java.util.concurrent.locks.AbstractQueuedSynchronizer$ConditionObject.await(AbstractQueuedSynchronizer.java:2039)
        at java.util.concurrent.ArrayBlockingQueue.take(ArrayBlockingQueue.java:403)
        at java.util.concurrent.ThreadPoolExecutor.getTask(ThreadPoolExecutor.java:1074)
        at java.util.concurrent.ThreadPoolExecutor.runWorker(ThreadPoolExecutor.java:1134)
        at java.util.concurrent.ThreadPoolExecutor$Worker.run(ThreadPoolExecutor.java:624)
        at java.lang.Thread.run(Thread.java:748)
"Datanode ReportManager Thread - 0" daemon prio=5 tid=1370 in Object.wait()
java.lang.Thread.State: WAITING (on object monitor)
        at sun.misc.Unsafe.park(Native Method)
        at java.util.concurrent.locks.LockSupport.park(LockSupport.java:175)
        at java.util.concurrent.locks.AbstractQueuedSynchronizer$ConditionObject.await(AbstractQueuedSynchronizer.java:2039)
        at java.util.concurrent.ScheduledThreadPoolExecutor$DelayedWorkQueue.take(ScheduledThreadPoolExecutor.java:1088)
        at java.util.concurrent.ScheduledThreadPoolExecutor$DelayedWorkQueue.take(ScheduledThreadPoolExecutor.java:809)
        at java.util.concurrent.ThreadPoolExecutor.getTask(ThreadPoolExecutor.java:1074)
        at java.util.concurrent.ThreadPoolExecutor.runWorker(ThreadPoolExecutor.java:1134)
        at java.util.concurrent.ThreadPoolExecutor$Worker.run(ThreadPoolExecutor.java:624)
        at java.lang.Thread.run(Thread.java:748)
"pool-176-thread-31"  prio=5 tid=2110 in Object.wait()
java.lang.Thread.State: WAITING (on object monitor)
        at sun.misc.Unsafe.park(Native Method)
        at java.util.concurrent.locks.LockSupport.park(LockSupport.java:175)
        at java.util.concurrent.locks.AbstractQueuedSynchronizer$ConditionObject.await(AbstractQueuedSynchronizer.java:2039)
        at java.util.concurrent.ArrayBlockingQueue.take(ArrayBlockingQueue.java:403)
        at java.util.concurrent.ThreadPoolExecutor.getTask(ThreadPoolExecutor.java:1074)
        at java.util.concurrent.ThreadPoolExecutor.runWorker(ThreadPoolExecutor.java:1134)
        at java.util.concurrent.ThreadPoolExecutor$Worker.run(ThreadPoolExecutor.java:624)
        at java.lang.Thread.run(Thread.java:748)
"metrics-hadoop-metrics2-reporter-132-thread-1" daemon prio=5 tid=2508 timed_waiting
java.lang.Thread.State: TIMED_WAITING
        at sun.misc.Unsafe.park(Native Method)
        at java.util.concurrent.locks.LockSupport.parkNanos(LockSupport.java:215)
        at java.util.concurrent.locks.AbstractQueuedSynchronizer$ConditionObject.awaitNanos(AbstractQueuedSynchronizer.java:2078)
        at java.util.concurrent.ScheduledThreadPoolExecutor$DelayedWorkQueue.take(ScheduledThreadPoolExecutor.java:1093)
        at java.util.concurrent.ScheduledThreadPoolExecutor$DelayedWorkQueue.take(ScheduledThreadPoolExecutor.java:809)
        at java.util.concurrent.ThreadPoolExecutor.getTask(ThreadPoolExecutor.java:1074)
        at java.util.concurrent.ThreadPoolExecutor.runWorker(ThreadPoolExecutor.java:1134)
        at java.util.concurrent.ThreadPoolExecutor$Worker.run(ThreadPoolExecutor.java:624)
        at java.lang.Thread.run(Thread.java:748)
"metrics-hadoop-metrics2-reporter-83-thread-1" daemon prio=5 tid=1653 timed_waiting
java.lang.Thread.State: TIMED_WAITING
        at sun.misc.Unsafe.park(Native Method)
        at java.util.concurrent.locks.LockSupport.parkNanos(LockSupport.java:215)
        at java.util.concurrent.locks.AbstractQueuedSynchronizer$ConditionObject.awaitNanos(AbstractQueuedSynchronizer.java:2078)
        at java.util.concurrent.ScheduledThreadPoolExecutor$DelayedWorkQueue.take(ScheduledThreadPoolExecutor.java:1093)
        at java.util.concurrent.ScheduledThreadPoolExecutor$DelayedWorkQueue.take(ScheduledThreadPoolExecutor.java:809)
        at java.util.concurrent.ThreadPoolExecutor.getTask(ThreadPoolExecutor.java:1074)
        at java.util.concurrent.ThreadPoolExecutor.runWorker(ThreadPoolExecutor.java:1134)
        at java.util.concurrent.ThreadPoolExecutor$Worker.run(ThreadPoolExecutor.java:624)
        at java.lang.Thread.run(Thread.java:748)
"Datanode ReportManager Thread - 1" daemon prio=5 tid=1398 in Object.wait()
java.lang.Thread.State: WAITING (on object monitor)
        at sun.misc.Unsafe.park(Native Method)
        at java.util.concurrent.locks.LockSupport.park(LockSupport.java:175)
        at java.util.concurrent.locks.AbstractQueuedSynchronizer$ConditionObject.await(AbstractQueuedSynchronizer.java:2039)
        at java.util.concurrent.ScheduledThreadPoolExecutor$DelayedWorkQueue.take(ScheduledThreadPoolExecutor.java:1088)
        at java.util.concurrent.ScheduledThreadPoolExecutor$DelayedWorkQueue.take(ScheduledThreadPoolExecutor.java:809)
        at java.util.concurrent.ThreadPoolExecutor.getTask(ThreadPoolExecutor.java:1074)
        at java.util.concurrent.ThreadPoolExecutor.runWorker(ThreadPoolExecutor.java:1134)
        at java.util.concurrent.ThreadPoolExecutor$Worker.run(ThreadPoolExecutor.java:624)
        at java.lang.Thread.run(Thread.java:748)
"metrics-hadoop-metrics2-reporter-131-thread-1" daemon prio=5 tid=2506 timed_waiting
java.lang.Thread.State: TIMED_WAITING
        at sun.misc.Unsafe.park(Native Method)
        at java.util.concurrent.locks.LockSupport.parkNanos(LockSupport.java:215)
        at java.util.concurrent.locks.AbstractQueuedSynchronizer$ConditionObject.awaitNanos(AbstractQueuedSynchronizer.java:2078)
        at java.util.concurrent.ScheduledThreadPoolExecutor$DelayedWorkQueue.take(ScheduledThreadPoolExecutor.java:1093)
        at java.util.concurrent.ScheduledThreadPoolExecutor$DelayedWorkQueue.take(ScheduledThreadPoolExecutor.java:809)
        at java.util.concurrent.ThreadPoolExecutor.getTask(ThreadPoolExecutor.java:1074)
        at java.util.concurrent.ThreadPoolExecutor.runWorker(ThreadPoolExecutor.java:1134)
        at java.util.concurrent.ThreadPoolExecutor$Worker.run(ThreadPoolExecutor.java:624)
        at java.lang.Thread.run(Thread.java:748)
"pool-196-thread-18"  prio=5 tid=2222 in Object.wait()
java.lang.Thread.State: WAITING (on object monitor)
        at sun.misc.Unsafe.park(Native Method)
        at java.util.concurrent.locks.LockSupport.park(LockSupport.java:175)
        at java.util.concurrent.locks.AbstractQueuedSynchronizer$ConditionObject.await(AbstractQueuedSynchronizer.java:2039)
        at java.util.concurrent.ArrayBlockingQueue.take(ArrayBlockingQueue.java:403)
        at java.util.concurrent.ThreadPoolExecutor.getTask(ThreadPoolExecutor.java:1074)
        at java.util.concurrent.ThreadPoolExecutor.runWorker(ThreadPoolExecutor.java:1134)
        at java.util.concurrent.ThreadPoolExecutor$Worker.run(ThreadPoolExecutor.java:624)
        at java.lang.Thread.run(Thread.java:748)
"pool-176-thread-20"  prio=5 tid=2099 in Object.wait()
java.lang.Thread.State: WAITING (on object monitor)
        at sun.misc.Unsafe.park(Native Method)
        at java.util.concurrent.locks.LockSupport.park(LockSupport.java:175)
        at java.util.concurrent.locks.AbstractQueuedSynchronizer$ConditionObject.await(AbstractQueuedSynchronizer.java:2039)
        at java.util.concurrent.ArrayBlockingQueue.take(ArrayBlockingQueue.java:403)
        at java.util.concurrent.ThreadPoolExecutor.getTask(ThreadPoolExecutor.java:1074)
        at java.util.concurrent.ThreadPoolExecutor.runWorker(ThreadPoolExecutor.java:1134)
        at java.util.concurrent.ThreadPoolExecutor$Worker.run(ThreadPoolExecutor.java:624)
        at java.lang.Thread.run(Thread.java:748)
"Datanode ReportManager Thread - 0" daemon prio=5 tid=713 in Object.wait()
java.lang.Thread.State: WAITING (on object monitor)
        at sun.misc.Unsafe.park(Native Method)
        at java.util.concurrent.locks.LockSupport.park(LockSupport.java:175)
        at java.util.concurrent.locks.AbstractQueuedSynchronizer$ConditionObject.await(AbstractQueuedSynchronizer.java:2039)
        at java.util.concurrent.ScheduledThreadPoolExecutor$DelayedWorkQueue.take(ScheduledThreadPoolExecutor.java:1088)
        at java.util.concurrent.ScheduledThreadPoolExecutor$DelayedWorkQueue.take(ScheduledThreadPoolExecutor.java:809)
        at java.util.concurrent.ThreadPoolExecutor.getTask(ThreadPoolExecutor.java:1074)
        at java.util.concurrent.ThreadPoolExecutor.runWorker(ThreadPoolExecutor.java:1134)
        at java.util.concurrent.ThreadPoolExecutor$Worker.run(ThreadPoolExecutor.java:624)
        at java.lang.Thread.run(Thread.java:748)
"metrics-hadoop-metrics2-reporter-4-thread-1" daemon prio=5 tid=441 timed_waiting
java.lang.Thread.State: TIMED_WAITING
        at sun.misc.Unsafe.park(Native Method)
        at java.util.concurrent.locks.LockSupport.parkNanos(LockSupport.java:215)
        at java.util.concurrent.locks.AbstractQueuedSynchronizer$ConditionObject.awaitNanos(AbstractQueuedSynchronizer.java:2078)
        at java.util.concurrent.ScheduledThreadPoolExecutor$DelayedWorkQueue.take(ScheduledThreadPoolExecutor.java:1093)
        at java.util.concurrent.ScheduledThreadPoolExecutor$DelayedWorkQueue.take(ScheduledThreadPoolExecutor.java:809)
        at java.util.concurrent.ThreadPoolExecutor.getTask(ThreadPoolExecutor.java:1074)
        at java.util.concurrent.ThreadPoolExecutor.runWorker(ThreadPoolExecutor.java:1134)
        at java.util.concurrent.ThreadPoolExecutor$Worker.run(ThreadPoolExecutor.java:624)
        at java.lang.Thread.run(Thread.java:748)
"IPC Server handler 13 on 44019" daemon prio=5 tid=1979 timed_waiting
java.lang.Thread.State: TIMED_WAITING
        at sun.misc.Unsafe.park(Native Method)
        at java.util.concurrent.locks.LockSupport.parkNanos(LockSupport.java:215)
        at java.util.concurrent.locks.AbstractQueuedSynchronizer$ConditionObject.awaitNanos(AbstractQueuedSynchronizer.java:2078)
        at java.util.concurrent.LinkedBlockingQueue.poll(LinkedBlockingQueue.java:467)
        at org.apache.hadoop.ipc.CallQueueManager.take(CallQueueManager.java:288)
        at org.apache.hadoop.ipc.Server$Handler.run(Server.java:2668)
"pool-197-thread-1"  prio=5 tid=2301 in Object.wait()
java.lang.Thread.State: WAITING (on object monitor)
        at sun.misc.Unsafe.park(Native Method)
        at java.util.concurrent.locks.LockSupport.park(LockSupport.java:175)
        at java.util.concurrent.locks.AbstractQueuedSynchronizer$ConditionObject.await(AbstractQueuedSynchronizer.java:2039)
        at java.util.concurrent.LinkedBlockingQueue.take(LinkedBlockingQueue.java:442)
        at java.util.concurrent.ThreadPoolExecutor.getTask(ThreadPoolExecutor.java:1074)
        at java.util.concurrent.ThreadPoolExecutor.runWorker(ThreadPoolExecutor.java:1134)
        at java.util.concurrent.ThreadPoolExecutor$Worker.run(ThreadPoolExecutor.java:624)
        at java.lang.Thread.run(Thread.java:748)
"metrics-hadoop-metrics2-reporter-86-thread-1" daemon prio=5 tid=1659 timed_waiting
java.lang.Thread.State: TIMED_WAITING
        at sun.misc.Unsafe.park(Native Method)
        at java.util.concurrent.locks.LockSupport.parkNanos(LockSupport.java:215)
        at java.util.concurrent.locks.AbstractQueuedSynchronizer$ConditionObject.awaitNanos(AbstractQueuedSynchronizer.java:2078)
        at java.util.concurrent.ScheduledThreadPoolExecutor$DelayedWorkQueue.take(ScheduledThreadPoolExecutor.java:1093)
        at java.util.concurrent.ScheduledThreadPoolExecutor$DelayedWorkQueue.take(ScheduledThreadPoolExecutor.java:809)
        at java.util.concurrent.ThreadPoolExecutor.getTask(ThreadPoolExecutor.java:1074)
        at java.util.concurrent.ThreadPoolExecutor.runWorker(ThreadPoolExecutor.java:1134)
        at java.util.concurrent.ThreadPoolExecutor$Worker.run(ThreadPoolExecutor.java:624)
        at java.lang.Thread.run(Thread.java:748)
"pool-196-thread-23"  prio=5 tid=2227 in Object.wait()
java.lang.Thread.State: WAITING (on object monitor)
        at sun.misc.Unsafe.park(Native Method)
        at java.util.concurrent.locks.LockSupport.park(LockSupport.java:175)
        at java.util.concurrent.locks.AbstractQueuedSynchronizer$ConditionObject.await(AbstractQueuedSynchronizer.java:2039)
        at java.util.concurrent.ArrayBlockingQueue.take(ArrayBlockingQueue.java:403)
        at java.util.concurrent.ThreadPoolExecutor.getTask(ThreadPoolExecutor.java:1074)
        at java.util.concurrent.ThreadPoolExecutor.runWorker(ThreadPoolExecutor.java:1134)
        at java.util.concurrent.ThreadPoolExecutor$Worker.run(ThreadPoolExecutor.java:624)
        at java.lang.Thread.run(Thread.java:748)
"metrics-hadoop-metrics2-reporter-94-thread-1" daemon prio=5 tid=1826 timed_waiting
java.lang.Thread.State: TIMED_WAITING
        at sun.misc.Unsafe.park(Native Method)
        at java.util.concurrent.locks.LockSupport.parkNanos(LockSupport.java:215)
        at java.util.concurrent.locks.AbstractQueuedSynchronizer$ConditionObject.awaitNanos(AbstractQueuedSynchronizer.java:2078)
        at java.util.concurrent.ScheduledThreadPoolExecutor$DelayedWorkQueue.take(ScheduledThreadPoolExecutor.java:1093)
        at java.util.concurrent.ScheduledThreadPoolExecutor$DelayedWorkQueue.take(ScheduledThreadPoolExecutor.java:809)
        at java.util.concurrent.ThreadPoolExecutor.getTask(ThreadPoolExecutor.java:1074)
        at java.util.concurrent.ThreadPoolExecutor.runWorker(ThreadPoolExecutor.java:1134)
        at java.util.concurrent.ThreadPoolExecutor$Worker.run(ThreadPoolExecutor.java:624)
        at java.lang.Thread.run(Thread.java:748)
"pool-176-thread-41"  prio=5 tid=2120 in Object.wait()
java.lang.Thread.State: WAITING (on object monitor)
        at sun.misc.Unsafe.park(Native Method)
        at java.util.concurrent.locks.LockSupport.park(LockSupport.java:175)
        at java.util.concurrent.locks.AbstractQueuedSynchronizer$ConditionObject.await(AbstractQueuedSynchronizer.java:2039)
        at java.util.concurrent.ArrayBlockingQueue.take(ArrayBlockingQueue.java:403)
        at java.util.concurrent.ThreadPoolExecutor.getTask(ThreadPoolExecutor.java:1074)
        at java.util.concurrent.ThreadPoolExecutor.runWorker(ThreadPoolExecutor.java:1134)
        at java.util.concurrent.ThreadPoolExecutor$Worker.run(ThreadPoolExecutor.java:624)
        at java.lang.Thread.run(Thread.java:748)
"Datanode ReportManager Thread - 2" daemon prio=5 tid=2047 in Object.wait()
java.lang.Thread.State: WAITING (on object monitor)
        at sun.misc.Unsafe.park(Native Method)
        at java.util.concurrent.locks.LockSupport.park(LockSupport.java:175)
        at java.util.concurrent.locks.AbstractQueuedSynchronizer$ConditionObject.await(AbstractQueuedSynchronizer.java:2039)
        at java.util.concurrent.ScheduledThreadPoolExecutor$DelayedWorkQueue.take(ScheduledThreadPoolExecutor.java:1088)
        at java.util.concurrent.ScheduledThreadPoolExecutor$DelayedWorkQueue.take(ScheduledThreadPoolExecutor.java:809)
        at java.util.concurrent.ThreadPoolExecutor.getTask(ThreadPoolExecutor.java:1074)
        at java.util.concurrent.ThreadPoolExecutor.runWorker(ThreadPoolExecutor.java:1134)
        at java.util.concurrent.ThreadPoolExecutor$Worker.run(ThreadPoolExecutor.java:624)
        at java.lang.Thread.run(Thread.java:748)
"refreshUsed-/workdir/hadoop-ozone/integration-test/target/test-dir/MiniOzoneClusterImpl-3afb9865-6449-4209-9387-449993352e62/datanode-2/data/containers" daemon prio=5 tid=2055 timed_waiting
java.lang.Thread.State: TIMED_WAITING
        at java.lang.Thread.sleep(Native Method)
        at org.apache.hadoop.fs.CachingGetSpaceUsed$RefreshThread.run(CachingGetSpaceUsed.java:179)
        at java.lang.Thread.run(Thread.java:748)
"refreshUsed-/workdir/hadoop-ozone/integration-test/target/test-dir/MiniOzoneClusterImpl-3afb9865-6449-4209-9387-449993352e62/datanode-1/data/containers" daemon prio=5 tid=2028 timed_waiting
java.lang.Thread.State: TIMED_WAITING
        at java.lang.Thread.sleep(Native Method)
        at org.apache.hadoop.fs.CachingGetSpaceUsed$RefreshThread.run(CachingGetSpaceUsed.java:179)
        at java.lang.Thread.run(Thread.java:748)
"pool-176-thread-58"  prio=5 tid=2137 in Object.wait()
java.lang.Thread.State: WAITING (on object monitor)
        at sun.misc.Unsafe.park(Native Method)
        at java.util.concurrent.locks.LockSupport.park(LockSupport.java:175)
        at java.util.concurrent.locks.AbstractQueuedSynchronizer$ConditionObject.await(AbstractQueuedSynchronizer.java:2039)
        at java.util.concurrent.ArrayBlockingQueue.take(ArrayBlockingQueue.java:403)
        at java.util.concurrent.ThreadPoolExecutor.getTask(ThreadPoolExecutor.java:1074)
        at java.util.concurrent.ThreadPoolExecutor.runWorker(ThreadPoolExecutor.java:1134)
        at java.util.concurrent.ThreadPoolExecutor$Worker.run(ThreadPoolExecutor.java:624)
        at java.lang.Thread.run(Thread.java:748)
"67f35358-9777-4ff9-96f4-8a61bc3a94fe@group-1A4316BA6214-StateMachineUpdater" daemon prio=5 tid=2294 in Object.wait()
java.lang.Thread.State: WAITING (on object monitor)
        at java.lang.Object.wait(Native Method)
        at java.lang.Object.wait(Object.java:502)
        at org.apache.ratis.server.impl.StateMachineUpdater.waitForCommit(StateMachineUpdater.java:194)
        at org.apache.ratis.server.impl.StateMachineUpdater.run(StateMachineUpdater.java:159)
        at java.lang.Thread.run(Thread.java:748)
"pool-176-thread-44"  prio=5 tid=2123 in Object.wait()
java.lang.Thread.State: WAITING (on object monitor)
        at sun.misc.Unsafe.park(Native Method)
        at java.util.concurrent.locks.LockSupport.park(LockSupport.java:175)
        at java.util.concurrent.locks.AbstractQueuedSynchronizer$ConditionObject.await(AbstractQueuedSynchronizer.java:2039)
        at java.util.concurrent.ArrayBlockingQueue.take(ArrayBlockingQueue.java:403)
        at java.util.concurrent.ThreadPoolExecutor.getTask(ThreadPoolExecutor.java:1074)
        at java.util.concurrent.ThreadPoolExecutor.runWorker(ThreadPoolExecutor.java:1134)
        at java.util.concurrent.ThreadPoolExecutor$Worker.run(ThreadPoolExecutor.java:624)
        at java.lang.Thread.run(Thread.java:748)
"pool-176-thread-26"  prio=5 tid=2105 in Object.wait()
java.lang.Thread.State: WAITING (on object monitor)
        at sun.misc.Unsafe.park(Native Method)
        at java.util.concurrent.locks.LockSupport.park(LockSupport.java:175)
        at java.util.concurrent.locks.AbstractQueuedSynchronizer$ConditionObject.await(AbstractQueuedSynchronizer.java:2039)
        at java.util.concurrent.ArrayBlockingQueue.take(ArrayBlockingQueue.java:403)
        at java.util.concurrent.ThreadPoolExecutor.getTask(ThreadPoolExecutor.java:1074)
        at java.util.concurrent.ThreadPoolExecutor.runWorker(ThreadPoolExecutor.java:1134)
        at java.util.concurrent.ThreadPoolExecutor$Worker.run(ThreadPoolExecutor.java:624)
        at java.lang.Thread.run(Thread.java:748)
"IPC Server handler 4 on 43940" daemon prio=5 tid=1886 timed_waiting
java.lang.Thread.State: TIMED_WAITING
        at sun.misc.Unsafe.park(Native Method)
        at java.util.concurrent.locks.LockSupport.parkNanos(LockSupport.java:215)
        at java.util.concurrent.locks.AbstractQueuedSynchronizer$ConditionObject.awaitNanos(AbstractQueuedSynchronizer.java:2078)
        at java.util.concurrent.LinkedBlockingQueue.poll(LinkedBlockingQueue.java:467)
        at org.apache.hadoop.ipc.CallQueueManager.take(CallQueueManager.java:288)
        at org.apache.hadoop.ipc.Server$Handler.run(Server.java:2668)
"qtp584694804-1949" daemon prio=5 tid=1949 timed_waiting
java.lang.Thread.State: TIMED_WAITING
        at sun.misc.Unsafe.park(Native Method)
        at java.util.concurrent.locks.LockSupport.parkNanos(LockSupport.java:215)
        at java.util.concurrent.locks.AbstractQueuedSynchronizer$ConditionObject.awaitNanos(AbstractQueuedSynchronizer.java:2078)
        at org.eclipse.jetty.util.BlockingArrayQueue.poll(BlockingArrayQueue.java:392)
        at org.eclipse.jetty.util.thread.QueuedThreadPool.idleJobPoll(QueuedThreadPool.java:563)
        at org.eclipse.jetty.util.thread.QueuedThreadPool.access$800(QueuedThreadPool.java:48)
        at org.eclipse.jetty.util.thread.QueuedThreadPool$2.run(QueuedThreadPool.java:626)
        at java.lang.Thread.run(Thread.java:748)
"pool-176-thread-11"  prio=5 tid=2090 in Object.wait()
java.lang.Thread.State: WAITING (on object monitor)
        at sun.misc.Unsafe.park(Native Method)
        at java.util.concurrent.locks.LockSupport.park(LockSupport.java:175)
        at java.util.concurrent.locks.AbstractQueuedSynchronizer$ConditionObject.await(AbstractQueuedSynchronizer.java:2039)
        at java.util.concurrent.ArrayBlockingQueue.take(ArrayBlockingQueue.java:403)
        at java.util.concurrent.ThreadPoolExecutor.getTask(ThreadPoolExecutor.java:1074)
        at java.util.concurrent.ThreadPoolExecutor.runWorker(ThreadPoolExecutor.java:1134)
        at java.util.concurrent.ThreadPoolExecutor$Worker.run(ThreadPoolExecutor.java:624)
        at java.lang.Thread.run(Thread.java:748)
"pool-186-thread-7"  prio=5 tid=2149 in Object.wait()
java.lang.Thread.State: WAITING (on object monitor)
        at sun.misc.Unsafe.park(Native Method)
        at java.util.concurrent.locks.LockSupport.park(LockSupport.java:175)
        at java.util.concurrent.locks.AbstractQueuedSynchronizer$ConditionObject.await(AbstractQueuedSynchronizer.java:2039)
        at java.util.concurrent.ArrayBlockingQueue.take(ArrayBlockingQueue.java:403)
        at java.util.concurrent.ThreadPoolExecutor.getTask(ThreadPoolExecutor.java:1074)
        at java.util.concurrent.ThreadPoolExecutor.runWorker(ThreadPoolExecutor.java:1134)
        at java.util.concurrent.ThreadPoolExecutor$Worker.run(ThreadPoolExecutor.java:624)
        at java.lang.Thread.run(Thread.java:748)
"metrics-hadoop-metrics2-reporter-113-thread-1" daemon prio=5 tid=2320 timed_waiting
java.lang.Thread.State: TIMED_WAITING
        at sun.misc.Unsafe.park(Native Method)
        at java.util.concurrent.locks.LockSupport.parkNanos(LockSupport.java:215)
        at java.util.concurrent.locks.AbstractQueuedSynchronizer$ConditionObject.awaitNanos(AbstractQueuedSynchronizer.java:2078)
        at java.util.concurrent.ScheduledThreadPoolExecutor$DelayedWorkQueue.take(ScheduledThreadPoolExecutor.java:1093)
        at java.util.concurrent.ScheduledThreadPoolExecutor$DelayedWorkQueue.take(ScheduledThreadPoolExecutor.java:809)
        at java.util.concurrent.ThreadPoolExecutor.getTask(ThreadPoolExecutor.java:1074)
        at java.util.concurrent.ThreadPoolExecutor.runWorker(ThreadPoolExecutor.java:1134)
        at java.util.concurrent.ThreadPoolExecutor$Worker.run(ThreadPoolExecutor.java:624)
        at java.lang.Thread.run(Thread.java:748)
"pool-186-thread-28"  prio=5 tid=2170 in Object.wait()
java.lang.Thread.State: WAITING (on object monitor)
        at sun.misc.Unsafe.park(Native Method)
        at java.util.concurrent.locks.LockSupport.park(LockSupport.java:175)
        at java.util.concurrent.locks.AbstractQueuedSynchronizer$ConditionObject.await(AbstractQueuedSynchronizer.java:2039)
        at java.util.concurrent.ArrayBlockingQueue.take(ArrayBlockingQueue.java:403)
        at java.util.concurrent.ThreadPoolExecutor.getTask(ThreadPoolExecutor.java:1074)
        at java.util.concurrent.ThreadPoolExecutor.runWorker(ThreadPoolExecutor.java:1134)
        at java.util.concurrent.ThreadPoolExecutor$Worker.run(ThreadPoolExecutor.java:624)
        at java.lang.Thread.run(Thread.java:748)
"pool-176-thread-59"  prio=5 tid=2138 in Object.wait()
java.lang.Thread.State: WAITING (on object monitor)
        at sun.misc.Unsafe.park(Native Method)
        at java.util.concurrent.locks.LockSupport.park(LockSupport.java:175)
        at java.util.concurrent.locks.AbstractQueuedSynchronizer$ConditionObject.await(AbstractQueuedSynchronizer.java:2039)
        at java.util.concurrent.ArrayBlockingQueue.take(ArrayBlockingQueue.java:403)
        at java.util.concurrent.ThreadPoolExecutor.getTask(ThreadPoolExecutor.java:1074)
        at java.util.concurrent.ThreadPoolExecutor.runWorker(ThreadPoolExecutor.java:1134)
        at java.util.concurrent.ThreadPoolExecutor$Worker.run(ThreadPoolExecutor.java:624)
        at java.lang.Thread.run(Thread.java:748)
"pool-176-thread-57"  prio=5 tid=2136 in Object.wait()
java.lang.Thread.State: WAITING (on object monitor)
        at sun.misc.Unsafe.park(Native Method)
        at java.util.concurrent.locks.LockSupport.park(LockSupport.java:175)
        at java.util.concurrent.locks.AbstractQueuedSynchronizer$ConditionObject.await(AbstractQueuedSynchronizer.java:2039)
        at java.util.concurrent.ArrayBlockingQueue.take(ArrayBlockingQueue.java:403)
        at java.util.concurrent.ThreadPoolExecutor.getTask(ThreadPoolExecutor.java:1074)
        at java.util.concurrent.ThreadPoolExecutor.runWorker(ThreadPoolExecutor.java:1134)
        at java.util.concurrent.ThreadPoolExecutor$Worker.run(ThreadPoolExecutor.java:624)
        at java.lang.Thread.run(Thread.java:748)
"IPC Server handler 5 on 35803" daemon prio=5 tid=1927 timed_waiting
java.lang.Thread.State: TIMED_WAITING
        at sun.misc.Unsafe.park(Native Method)
        at java.util.concurrent.locks.LockSupport.parkNanos(LockSupport.java:215)
        at java.util.concurrent.locks.AbstractQueuedSynchronizer$ConditionObject.awaitNanos(AbstractQueuedSynchronizer.java:2078)
        at java.util.concurrent.LinkedBlockingQueue.poll(LinkedBlockingQueue.java:467)
        at org.apache.hadoop.ipc.CallQueueManager.take(CallQueueManager.java:288)
        at org.apache.hadoop.ipc.Server$Handler.run(Server.java:2668)
"metrics-hadoop-metrics2-reporter-26-thread-1" daemon prio=5 tid=516 timed_waiting
java.lang.Thread.State: TIMED_WAITING
        at sun.misc.Unsafe.park(Native Method)
        at java.util.concurrent.locks.LockSupport.parkNanos(LockSupport.java:215)
        at java.util.concurrent.locks.AbstractQueuedSynchronizer$ConditionObject.awaitNanos(AbstractQueuedSynchronizer.java:2078)
        at java.util.concurrent.ScheduledThreadPoolExecutor$DelayedWorkQueue.take(ScheduledThreadPoolExecutor.java:1093)
        at java.util.concurrent.ScheduledThreadPoolExecutor$DelayedWorkQueue.take(ScheduledThreadPoolExecutor.java:809)
        at java.util.concurrent.ThreadPoolExecutor.getTask(ThreadPoolExecutor.java:1074)
        at java.util.concurrent.ThreadPoolExecutor.runWorker(ThreadPoolExecutor.java:1134)
        at java.util.concurrent.ThreadPoolExecutor$Worker.run(ThreadPoolExecutor.java:624)
        at java.lang.Thread.run(Thread.java:748)
"pool-186-thread-25"  prio=5 tid=2167 in Object.wait()
java.lang.Thread.State: WAITING (on object monitor)
        at sun.misc.Unsafe.park(Native Method)
        at java.util.concurrent.locks.LockSupport.park(LockSupport.java:175)
        at java.util.concurrent.locks.AbstractQueuedSynchronizer$ConditionObject.await(AbstractQueuedSynchronizer.java:2039)
        at java.util.concurrent.ArrayBlockingQueue.take(ArrayBlockingQueue.java:403)
        at java.util.concurrent.ThreadPoolExecutor.getTask(ThreadPoolExecutor.java:1074)
        at java.util.concurrent.ThreadPoolExecutor.runWorker(ThreadPoolExecutor.java:1134)
        at java.util.concurrent.ThreadPoolExecutor$Worker.run(ThreadPoolExecutor.java:624)
        at java.lang.Thread.run(Thread.java:748)
"pool-176-thread-30"  prio=5 tid=2109 in Object.wait()
java.lang.Thread.State: WAITING (on object monitor)
        at sun.misc.Unsafe.park(Native Method)
        at java.util.concurrent.locks.LockSupport.park(LockSupport.java:175)
        at java.util.concurrent.locks.AbstractQueuedSynchronizer$ConditionObject.await(AbstractQueuedSynchronizer.java:2039)
        at java.util.concurrent.ArrayBlockingQueue.take(ArrayBlockingQueue.java:403)
        at java.util.concurrent.ThreadPoolExecutor.getTask(ThreadPoolExecutor.java:1074)
        at java.util.concurrent.ThreadPoolExecutor.runWorker(ThreadPoolExecutor.java:1134)
        at java.util.concurrent.ThreadPoolExecutor$Worker.run(ThreadPoolExecutor.java:624)
        at java.lang.Thread.run(Thread.java:748)
"pool-186-thread-22"  prio=5 tid=2164 in Object.wait()
java.lang.Thread.State: WAITING (on object monitor)
        at sun.misc.Unsafe.park(Native Method)
        at java.util.concurrent.locks.LockSupport.park(LockSupport.java:175)
        at java.util.concurrent.locks.AbstractQueuedSynchronizer$ConditionObject.await(AbstractQueuedSynchronizer.java:2039)
        at java.util.concurrent.ArrayBlockingQueue.take(ArrayBlockingQueue.java:403)
        at java.util.concurrent.ThreadPoolExecutor.getTask(ThreadPoolExecutor.java:1074)
        at java.util.concurrent.ThreadPoolExecutor.runWorker(ThreadPoolExecutor.java:1134)
        at java.util.concurrent.ThreadPoolExecutor$Worker.run(ThreadPoolExecutor.java:624)
        at java.lang.Thread.run(Thread.java:748)
"Datanode ReportManager Thread - 1" daemon prio=5 tid=1344 in Object.wait()
java.lang.Thread.State: WAITING (on object monitor)
        at sun.misc.Unsafe.park(Native Method)
        at java.util.concurrent.locks.LockSupport.park(LockSupport.java:175)
        at java.util.concurrent.locks.AbstractQueuedSynchronizer$ConditionObject.await(AbstractQueuedSynchronizer.java:2039)
        at java.util.concurrent.ScheduledThreadPoolExecutor$DelayedWorkQueue.take(ScheduledThreadPoolExecutor.java:1088)
        at java.util.concurrent.ScheduledThreadPoolExecutor$DelayedWorkQueue.take(ScheduledThreadPoolExecutor.java:809)
        at java.util.concurrent.ThreadPoolExecutor.getTask(ThreadPoolExecutor.java:1074)
        at java.util.concurrent.ThreadPoolExecutor.runWorker(ThreadPoolExecutor.java:1134)
        at java.util.concurrent.ThreadPoolExecutor$Worker.run(ThreadPoolExecutor.java:624)
        at java.lang.Thread.run(Thread.java:748)
"metrics-hadoop-metrics2-reporter-33-thread-1" daemon prio=5 tid=963 timed_waiting
java.lang.Thread.State: TIMED_WAITING
        at sun.misc.Unsafe.park(Native Method)
        at java.util.concurrent.locks.LockSupport.parkNanos(LockSupport.java:215)
        at java.util.concurrent.locks.AbstractQueuedSynchronizer$ConditionObject.awaitNanos(AbstractQueuedSynchronizer.java:2078)
        at java.util.concurrent.ScheduledThreadPoolExecutor$DelayedWorkQueue.take(ScheduledThreadPoolExecutor.java:1093)
        at java.util.concurrent.ScheduledThreadPoolExecutor$DelayedWorkQueue.take(ScheduledThreadPoolExecutor.java:809)
        at java.util.concurrent.ThreadPoolExecutor.getTask(ThreadPoolExecutor.java:1074)
        at java.util.concurrent.ThreadPoolExecutor.runWorker(ThreadPoolExecutor.java:1134)
        at java.util.concurrent.ThreadPoolExecutor$Worker.run(ThreadPoolExecutor.java:624)
        at java.lang.Thread.run(Thread.java:748)
"pool-186-thread-15"  prio=5 tid=2157 in Object.wait()
java.lang.Thread.State: WAITING (on object monitor)
        at sun.misc.Unsafe.park(Native Method)
        at java.util.concurrent.locks.LockSupport.park(LockSupport.java:175)
        at java.util.concurrent.locks.AbstractQueuedSynchronizer$ConditionObject.await(AbstractQueuedSynchronizer.java:2039)
        at java.util.concurrent.ArrayBlockingQueue.take(ArrayBlockingQueue.java:403)
        at java.util.concurrent.ThreadPoolExecutor.getTask(ThreadPoolExecutor.java:1074)
        at java.util.concurrent.ThreadPoolExecutor.runWorker(ThreadPoolExecutor.java:1134)
        at java.util.concurrent.ThreadPoolExecutor$Worker.run(ThreadPoolExecutor.java:624)
        at java.lang.Thread.run(Thread.java:748)
"Datanode ReportManager Thread - 2" daemon prio=5 tid=1345 in Object.wait()
java.lang.Thread.State: WAITING (on object monitor)
        at sun.misc.Unsafe.park(Native Method)
        at java.util.concurrent.locks.LockSupport.park(LockSupport.java:175)
        at java.util.concurrent.locks.AbstractQueuedSynchronizer$ConditionObject.await(AbstractQueuedSynchronizer.java:2039)
        at java.util.concurrent.ScheduledThreadPoolExecutor$DelayedWorkQueue.take(ScheduledThreadPoolExecutor.java:1088)
        at java.util.concurrent.ScheduledThreadPoolExecutor$DelayedWorkQueue.take(ScheduledThreadPoolExecutor.java:809)
        at java.util.concurrent.ThreadPoolExecutor.getTask(ThreadPoolExecutor.java:1074)
        at java.util.concurrent.ThreadPoolExecutor.runWorker(ThreadPoolExecutor.java:1134)
        at java.util.concurrent.ThreadPoolExecutor$Worker.run(ThreadPoolExecutor.java:624)
        at java.lang.Thread.run(Thread.java:748)
"qtp1664093259-2033" daemon prio=5 tid=2033 runnable
java.lang.Thread.State: RUNNABLE
        at sun.nio.ch.EPollArrayWrapper.epollWait(Native Method)
        at sun.nio.ch.EPollArrayWrapper.poll(EPollArrayWrapper.java:269)
        at sun.nio.ch.EPollSelectorImpl.doSelect(EPollSelectorImpl.java:93)
        at sun.nio.ch.SelectorImpl.lockAndDoSelect(SelectorImpl.java:86)
        at sun.nio.ch.SelectorImpl.select(SelectorImpl.java:97)
        at sun.nio.ch.SelectorImpl.select(SelectorImpl.java:101)
        at org.eclipse.jetty.io.ManagedSelector$SelectorProducer.select(ManagedSelector.java:243)
        at org.eclipse.jetty.io.ManagedSelector$SelectorProducer.produce(ManagedSelector.java:191)
        at org.eclipse.jetty.util.thread.strategy.ExecuteProduceConsume.executeProduceConsume(ExecuteProduceConsume.java:249)
        at org.eclipse.jetty.util.thread.strategy.ExecuteProduceConsume.produceConsume(ExecuteProduceConsume.java:148)
        at org.eclipse.jetty.util.thread.strategy.ExecuteProduceConsume.execute(ExecuteProduceConsume.java:100)
        at org.eclipse.jetty.io.ManagedSelector.run(ManagedSelector.java:147)
        at org.eclipse.jetty.util.thread.QueuedThreadPool.runJob(QueuedThreadPool.java:671)
        at org.eclipse.jetty.util.thread.QueuedThreadPool$2.run(QueuedThreadPool.java:589)
        at java.lang.Thread.run(Thread.java:748)
"IPC Server idle connection scanner for port 35803" daemon prio=5 tid=1869 timed_waiting
java.lang.Thread.State: TIMED_WAITING
        at java.lang.Object.wait(Native Method)
        at java.util.TimerThread.mainLoop(Timer.java:552)
        at java.util.TimerThread.run(Timer.java:505)
"metrics-hadoop-metrics2-reporter-128-thread-1" daemon prio=5 tid=2490 timed_waiting
java.lang.Thread.State: TIMED_WAITING
        at sun.misc.Unsafe.park(Native Method)
        at java.util.concurrent.locks.LockSupport.parkNanos(LockSupport.java:215)
        at java.util.concurrent.locks.AbstractQueuedSynchronizer$ConditionObject.awaitNanos(AbstractQueuedSynchronizer.java:2078)
        at java.util.concurrent.ScheduledThreadPoolExecutor$DelayedWorkQueue.take(ScheduledThreadPoolExecutor.java:1093)
        at java.util.concurrent.ScheduledThreadPoolExecutor$DelayedWorkQueue.take(ScheduledThreadPoolExecutor.java:809)
        at java.util.concurrent.ThreadPoolExecutor.getTask(ThreadPoolExecutor.java:1074)
        at java.util.concurrent.ThreadPoolExecutor.runWorker(ThreadPoolExecutor.java:1134)
        at java.util.concurrent.ThreadPoolExecutor$Worker.run(ThreadPoolExecutor.java:624)
        at java.lang.Thread.run(Thread.java:748)
"IPC Server idle connection scanner for port 43940" daemon prio=5 tid=1877 timed_waiting
java.lang.Thread.State: TIMED_WAITING
        at java.lang.Object.wait(Native Method)
        at java.util.TimerThread.mainLoop(Timer.java:552)
        at java.util.TimerThread.run(Timer.java:505)
"IPC Server handler 3 on 43940" daemon prio=5 tid=1885 timed_waiting
java.lang.Thread.State: TIMED_WAITING
        at sun.misc.Unsafe.park(Native Method)
        at java.util.concurrent.locks.LockSupport.parkNanos(LockSupport.java:215)
        at java.util.concurrent.locks.AbstractQueuedSynchronizer$ConditionObject.awaitNanos(AbstractQueuedSynchronizer.java:2078)
        at java.util.concurrent.LinkedBlockingQueue.poll(LinkedBlockingQueue.java:467)
        at org.apache.hadoop.ipc.CallQueueManager.take(CallQueueManager.java:288)
        at org.apache.hadoop.ipc.Server$Handler.run(Server.java:2668)
"7c431f9d-51bc-458b-a3a6-511ec217d887@group-524E986F5930-StateMachineUpdater" daemon prio=5 tid=2306 in Object.wait()
java.lang.Thread.State: WAITING (on object monitor)
        at java.lang.Object.wait(Native Method)
        at java.lang.Object.wait(Object.java:502)
        at org.apache.ratis.server.impl.StateMachineUpdater.waitForCommit(StateMachineUpdater.java:194)
        at org.apache.ratis.server.impl.StateMachineUpdater.run(StateMachineUpdater.java:159)
        at java.lang.Thread.run(Thread.java:748)
"qtp2077845538-1991" daemon prio=5 tid=1991 timed_waiting
java.lang.Thread.State: TIMED_WAITING
        at sun.misc.Unsafe.park(Native Method)
        at java.util.concurrent.locks.LockSupport.parkNanos(LockSupport.java:215)
        at java.util.concurrent.locks.AbstractQueuedSynchronizer$ConditionObject.awaitNanos(AbstractQueuedSynchronizer.java:2078)
        at org.eclipse.jetty.util.BlockingArrayQueue.poll(BlockingArrayQueue.java:392)
        at org.eclipse.jetty.util.thread.QueuedThreadPool.idleJobPoll(QueuedThreadPool.java:563)
        at org.eclipse.jetty.util.thread.QueuedThreadPool.access$800(QueuedThreadPool.java:48)
        at org.eclipse.jetty.util.thread.QueuedThreadPool$2.run(QueuedThreadPool.java:626)
        at java.lang.Thread.run(Thread.java:748)
"IPC Server handler 3 on 44019" daemon prio=5 tid=1969 timed_waiting
java.lang.Thread.State: TIMED_WAITING
        at sun.misc.Unsafe.park(Native Method)
        at java.util.concurrent.locks.LockSupport.parkNanos(LockSupport.java:215)
        at java.util.concurrent.locks.AbstractQueuedSynchronizer$ConditionObject.awaitNanos(AbstractQueuedSynchronizer.java:2078)
        at java.util.concurrent.LinkedBlockingQueue.poll(LinkedBlockingQueue.java:467)
        at org.apache.hadoop.ipc.CallQueueManager.take(CallQueueManager.java:288)
        at org.apache.hadoop.ipc.Server$Handler.run(Server.java:2668)
"metrics-hadoop-metrics2-reporter-52-thread-1" daemon prio=5 tid=1047 timed_waiting
java.lang.Thread.State: TIMED_WAITING
        at sun.misc.Unsafe.park(Native Method)
        at java.util.concurrent.locks.LockSupport.parkNanos(LockSupport.java:215)
        at java.util.concurrent.locks.AbstractQueuedSynchronizer$ConditionObject.awaitNanos(AbstractQueuedSynchronizer.java:2078)
        at java.util.concurrent.ScheduledThreadPoolExecutor$DelayedWorkQueue.take(ScheduledThreadPoolExecutor.java:1093)
        at java.util.concurrent.ScheduledThreadPoolExecutor$DelayedWorkQueue.take(ScheduledThreadPoolExecutor.java:809)
        at java.util.concurrent.ThreadPoolExecutor.getTask(ThreadPoolExecutor.java:1074)
        at java.util.concurrent.ThreadPoolExecutor.runWorker(ThreadPoolExecutor.java:1134)
        at java.util.concurrent.ThreadPoolExecutor$Worker.run(ThreadPoolExecutor.java:624)
        at java.lang.Thread.run(Thread.java:748)
"pool-186-thread-9"  prio=5 tid=2151 in Object.wait()
java.lang.Thread.State: WAITING (on object monitor)
        at sun.misc.Unsafe.park(Native Method)
        at java.util.concurrent.locks.LockSupport.park(LockSupport.java:175)
        at java.util.concurrent.locks.AbstractQueuedSynchronizer$ConditionObject.await(AbstractQueuedSynchronizer.java:2039)
        at java.util.concurrent.ArrayBlockingQueue.take(ArrayBlockingQueue.java:403)
        at java.util.concurrent.ThreadPoolExecutor.getTask(ThreadPoolExecutor.java:1074)
        at java.util.concurrent.ThreadPoolExecutor.runWorker(ThreadPoolExecutor.java:1134)
        at java.util.concurrent.ThreadPoolExecutor$Worker.run(ThreadPoolExecutor.java:624)
        at java.lang.Thread.run(Thread.java:748)
"metrics-hadoop-metrics2-reporter-92-thread-1" daemon prio=5 tid=1824 timed_waiting
java.lang.Thread.State: TIMED_WAITING
        at sun.misc.Unsafe.park(Native Method)
        at java.util.concurrent.locks.LockSupport.parkNanos(LockSupport.java:215)
        at java.util.concurrent.locks.AbstractQueuedSynchronizer$ConditionObject.awaitNanos(AbstractQueuedSynchronizer.java:2078)
        at java.util.concurrent.ScheduledThreadPoolExecutor$DelayedWorkQueue.take(ScheduledThreadPoolExecutor.java:1093)
        at java.util.concurrent.ScheduledThreadPoolExecutor$DelayedWorkQueue.take(ScheduledThreadPoolExecutor.java:809)
        at java.util.concurrent.ThreadPoolExecutor.getTask(ThreadPoolExecutor.java:1074)
        at java.util.concurrent.ThreadPoolExecutor.runWorker(ThreadPoolExecutor.java:1134)
        at java.util.concurrent.ThreadPoolExecutor$Worker.run(ThreadPoolExecutor.java:624)
        at java.lang.Thread.run(Thread.java:748)
"org.eclipse.jetty.server.session.HashSessionManager@7c663eafTimer" daemon prio=5 tid=2015 timed_waiting
java.lang.Thread.State: TIMED_WAITING
        at sun.misc.Unsafe.park(Native Method)
        at java.util.concurrent.locks.LockSupport.parkNanos(LockSupport.java:215)
        at java.util.concurrent.locks.AbstractQueuedSynchronizer$ConditionObject.awaitNanos(AbstractQueuedSynchronizer.java:2078)
        at java.util.concurrent.ScheduledThreadPoolExecutor$DelayedWorkQueue.take(ScheduledThreadPoolExecutor.java:1093)
        at java.util.concurrent.ScheduledThreadPoolExecutor$DelayedWorkQueue.take(ScheduledThreadPoolExecutor.java:809)
        at java.util.concurrent.ThreadPoolExecutor.getTask(ThreadPoolExecutor.java:1074)
        at java.util.concurrent.ThreadPoolExecutor.runWorker(ThreadPoolExecutor.java:1134)
        at java.util.concurrent.ThreadPoolExecutor$Worker.run(ThreadPoolExecutor.java:624)
        at java.lang.Thread.run(Thread.java:748)
"pool-186-thread-36"  prio=5 tid=2178 in Object.wait()
java.lang.Thread.State: WAITING (on object monitor)
        at sun.misc.Unsafe.park(Native Method)
        at java.util.concurrent.locks.LockSupport.park(LockSupport.java:175)
        at java.util.concurrent.locks.AbstractQueuedSynchronizer$ConditionObject.await(AbstractQueuedSynchronizer.java:2039)
        at java.util.concurrent.ArrayBlockingQueue.take(ArrayBlockingQueue.java:403)
        at java.util.concurrent.ThreadPoolExecutor.getTask(ThreadPoolExecutor.java:1074)
        at java.util.concurrent.ThreadPoolExecutor.runWorker(ThreadPoolExecutor.java:1134)
        at java.util.concurrent.ThreadPoolExecutor$Worker.run(ThreadPoolExecutor.java:624)
        at java.lang.Thread.run(Thread.java:748)
"qtp1821228886-2013" daemon prio=5 tid=2013 timed_waiting
java.lang.Thread.State: TIMED_WAITING
        at sun.misc.Unsafe.park(Native Method)
        at java.util.concurrent.locks.LockSupport.parkNanos(LockSupport.java:215)
        at java.util.concurrent.locks.AbstractQueuedSynchronizer$ConditionObject.awaitNanos(AbstractQueuedSynchronizer.java:2078)
        at org.eclipse.jetty.util.BlockingArrayQueue.poll(BlockingArrayQueue.java:392)
        at org.eclipse.jetty.util.thread.QueuedThreadPool.idleJobPoll(QueuedThreadPool.java:563)
        at org.eclipse.jetty.util.thread.QueuedThreadPool.access$800(QueuedThreadPool.java:48)
        at org.eclipse.jetty.util.thread.QueuedThreadPool$2.run(QueuedThreadPool.java:626)
        at java.lang.Thread.run(Thread.java:748)
"qtp2077845538-1988-acceptor-0@2e5809a2-ServerConnector@4d0e54e0{HTTP/1.1,[http/1.1]}{0.0.0.0:36272}" daemon prio=3 tid=1988 runnable
java.lang.Thread.State: RUNNABLE
        at sun.nio.ch.ServerSocketChannelImpl.accept0(Native Method)
        at sun.nio.ch.ServerSocketChannelImpl.accept(ServerSocketChannelImpl.java:422)
        at sun.nio.ch.ServerSocketChannelImpl.accept(ServerSocketChannelImpl.java:250)
        at org.eclipse.jetty.server.ServerConnector.accept(ServerConnector.java:397)
        at org.eclipse.jetty.server.AbstractConnector$Acceptor.run(AbstractConnector.java:601)
        at org.eclipse.jetty.util.thread.QueuedThreadPool.runJob(QueuedThreadPool.java:671)
        at org.eclipse.jetty.util.thread.QueuedThreadPool$2.run(QueuedThreadPool.java:589)
        at java.lang.Thread.run(Thread.java:748)
"Thread-1157" daemon prio=5 tid=2338 timed_waiting
java.lang.Thread.State: TIMED_WAITING
        at sun.misc.Unsafe.park(Native Method)
        at java.util.concurrent.locks.LockSupport.parkNanos(LockSupport.java:215)
        at java.util.concurrent.locks.AbstractQueuedSynchronizer$ConditionObject.awaitNanos(AbstractQueuedSynchronizer.java:2078)
        at java.util.concurrent.ArrayBlockingQueue.poll(ArrayBlockingQueue.java:418)
        at org.apache.ratis.server.impl.LeaderState$EventQueue.poll(LeaderState.java:115)
        at org.apache.ratis.server.impl.LeaderState$EventProcessor.run(LeaderState.java:467)
"pool-196-thread-51"  prio=5 tid=2255 in Object.wait()
java.lang.Thread.State: WAITING (on object monitor)
        at sun.misc.Unsafe.park(Native Method)
        at java.util.concurrent.locks.LockSupport.park(LockSupport.java:175)
        at java.util.concurrent.locks.AbstractQueuedSynchronizer$ConditionObject.await(AbstractQueuedSynchronizer.java:2039)
        at java.util.concurrent.ArrayBlockingQueue.take(ArrayBlockingQueue.java:403)
        at java.util.concurrent.ThreadPoolExecutor.getTask(ThreadPoolExecutor.java:1074)
        at java.util.concurrent.ThreadPoolExecutor.runWorker(ThreadPoolExecutor.java:1134)
        at java.util.concurrent.ThreadPoolExecutor$Worker.run(ThreadPoolExecutor.java:624)
        at java.lang.Thread.run(Thread.java:748)
"pool-176-thread-21"  prio=5 tid=2100 in Object.wait()
java.lang.Thread.State: WAITING (on object monitor)
        at sun.misc.Unsafe.park(Native Method)
        at java.util.concurrent.locks.LockSupport.park(LockSupport.java:175)
        at java.util.concurrent.locks.AbstractQueuedSynchronizer$ConditionObject.await(AbstractQueuedSynchronizer.java:2039)
        at java.util.concurrent.ArrayBlockingQueue.take(ArrayBlockingQueue.java:403)
        at java.util.concurrent.ThreadPoolExecutor.getTask(ThreadPoolExecutor.java:1074)
        at java.util.concurrent.ThreadPoolExecutor.runWorker(ThreadPoolExecutor.java:1134)
        at java.util.concurrent.ThreadPoolExecutor$Worker.run(ThreadPoolExecutor.java:624)
        at java.lang.Thread.run(Thread.java:748)
"pool-196-thread-12"  prio=5 tid=2216 in Object.wait()
java.lang.Thread.State: WAITING (on object monitor)
        at sun.misc.Unsafe.park(Native Method)
        at java.util.concurrent.locks.LockSupport.park(LockSupport.java:175)
        at java.util.concurrent.locks.AbstractQueuedSynchronizer$ConditionObject.await(AbstractQueuedSynchronizer.java:2039)
        at java.util.concurrent.ArrayBlockingQueue.take(ArrayBlockingQueue.java:403)
        at java.util.concurrent.ThreadPoolExecutor.getTask(ThreadPoolExecutor.java:1074)
        at java.util.concurrent.ThreadPoolExecutor.runWorker(ThreadPoolExecutor.java:1134)
        at java.util.concurrent.ThreadPoolExecutor$Worker.run(ThreadPoolExecutor.java:624)
        at java.lang.Thread.run(Thread.java:748)
"pool-176-thread-40"  prio=5 tid=2119 in Object.wait()
java.lang.Thread.State: WAITING (on object monitor)
        at sun.misc.Unsafe.park(Native Method)
        at java.util.concurrent.locks.LockSupport.park(LockSupport.java:175)
        at java.util.concurrent.locks.AbstractQueuedSynchronizer$ConditionObject.await(AbstractQueuedSynchronizer.java:2039)
        at java.util.concurrent.ArrayBlockingQueue.take(ArrayBlockingQueue.java:403)
        at java.util.concurrent.ThreadPoolExecutor.getTask(ThreadPoolExecutor.java:1074)
        at java.util.concurrent.ThreadPoolExecutor.runWorker(ThreadPoolExecutor.java:1134)
        at java.util.concurrent.ThreadPoolExecutor$Worker.run(ThreadPoolExecutor.java:624)
        at java.lang.Thread.run(Thread.java:748)
"67f35358-9777-4ff9-96f4-8a61bc3a94fe@group-1A4316BA6214-SegmentedRaftLogWorker"  prio=5 tid=2293 timed_waiting
java.lang.Thread.State: TIMED_WAITING
        at sun.misc.Unsafe.park(Native Method)
        at java.util.concurrent.locks.LockSupport.parkNanos(LockSupport.java:215)
        at java.util.concurrent.locks.AbstractQueuedSynchronizer$ConditionObject.awaitNanos(AbstractQueuedSynchronizer.java:2078)
        at org.apache.ratis.util.DataBlockingQueue.poll(DataBlockingQueue.java:137)
        at org.apache.ratis.server.raftlog.segmented.SegmentedRaftLogWorker.run(SegmentedRaftLogWorker.java:282)
        at java.lang.Thread.run(Thread.java:748)
"pool-186-thread-44"  prio=5 tid=2186 in Object.wait()
java.lang.Thread.State: WAITING (on object monitor)
        at sun.misc.Unsafe.park(Native Method)
        at java.util.concurrent.locks.LockSupport.park(LockSupport.java:175)
        at java.util.concurrent.locks.AbstractQueuedSynchronizer$ConditionObject.await(AbstractQueuedSynchronizer.java:2039)
        at java.util.concurrent.ArrayBlockingQueue.take(ArrayBlockingQueue.java:403)
        at java.util.concurrent.ThreadPoolExecutor.getTask(ThreadPoolExecutor.java:1074)
        at java.util.concurrent.ThreadPoolExecutor.runWorker(ThreadPoolExecutor.java:1134)
        at java.util.concurrent.ThreadPoolExecutor$Worker.run(ThreadPoolExecutor.java:624)
        at java.lang.Thread.run(Thread.java:748)
"Datanode ReportManager Thread - 0" daemon prio=5 tid=1397 in Object.wait()
java.lang.Thread.State: WAITING (on object monitor)
        at sun.misc.Unsafe.park(Native Method)
        at java.util.concurrent.locks.LockSupport.park(LockSupport.java:175)
        at java.util.concurrent.locks.AbstractQueuedSynchronizer$ConditionObject.await(AbstractQueuedSynchronizer.java:2039)
        at java.util.concurrent.ScheduledThreadPoolExecutor$DelayedWorkQueue.take(ScheduledThreadPoolExecutor.java:1088)
        at java.util.concurrent.ScheduledThreadPoolExecutor$DelayedWorkQueue.take(ScheduledThreadPoolExecutor.java:809)
        at java.util.concurrent.ThreadPoolExecutor.getTask(ThreadPoolExecutor.java:1074)
        at java.util.concurrent.ThreadPoolExecutor.runWorker(ThreadPoolExecutor.java:1134)
        at java.util.concurrent.ThreadPoolExecutor$Worker.run(ThreadPoolExecutor.java:624)
        at java.lang.Thread.run(Thread.java:748)
"IPC Server handler 2 on 43940" daemon prio=5 tid=1884 timed_waiting
java.lang.Thread.State: TIMED_WAITING
        at sun.misc.Unsafe.park(Native Method)
        at java.util.concurrent.locks.LockSupport.parkNanos(LockSupport.java:215)
        at java.util.concurrent.locks.AbstractQueuedSynchronizer$ConditionObject.awaitNanos(AbstractQueuedSynchronizer.java:2078)
        at java.util.concurrent.LinkedBlockingQueue.poll(LinkedBlockingQueue.java:467)
        at org.apache.hadoop.ipc.CallQueueManager.take(CallQueueManager.java:288)
        at org.apache.hadoop.ipc.Server$Handler.run(Server.java:2668)
"b9cfa588-8e56-4331-be2f-4c26f25c6739@group-21BA9BD4283D-StateMachineUpdater" daemon prio=5 tid=2479 in Object.wait()
java.lang.Thread.State: WAITING (on object monitor)
        at java.lang.Object.wait(Native Method)
        at java.lang.Object.wait(Object.java:502)
        at org.apache.ratis.server.impl.StateMachineUpdater.waitForCommit(StateMachineUpdater.java:194)
        at org.apache.ratis.server.impl.StateMachineUpdater.run(StateMachineUpdater.java:159)
        at java.lang.Thread.run(Thread.java:748)
"pool-186-thread-48"  prio=5 tid=2190 in Object.wait()
java.lang.Thread.State: WAITING (on object monitor)
        at sun.misc.Unsafe.park(Native Method)
        at java.util.concurrent.locks.LockSupport.park(LockSupport.java:175)
        at java.util.concurrent.locks.AbstractQueuedSynchronizer$ConditionObject.await(AbstractQueuedSynchronizer.java:2039)
        at java.util.concurrent.ArrayBlockingQueue.take(ArrayBlockingQueue.java:403)
        at java.util.concurrent.ThreadPoolExecutor.getTask(ThreadPoolExecutor.java:1074)
        at java.util.concurrent.ThreadPoolExecutor.runWorker(ThreadPoolExecutor.java:1134)
        at java.util.concurrent.ThreadPoolExecutor$Worker.run(ThreadPoolExecutor.java:624)
        at java.lang.Thread.run(Thread.java:748)
"metrics-hadoop-metrics2-reporter-78-thread-1" daemon prio=5 tid=1634 timed_waiting
java.lang.Thread.State: TIMED_WAITING
        at sun.misc.Unsafe.park(Native Method)
        at java.util.concurrent.locks.LockSupport.parkNanos(LockSupport.java:215)
        at java.util.concurrent.locks.AbstractQueuedSynchronizer$ConditionObject.awaitNanos(AbstractQueuedSynchronizer.java:2078)
        at java.util.concurrent.ScheduledThreadPoolExecutor$DelayedWorkQueue.take(ScheduledThreadPoolExecutor.java:1093)
        at java.util.concurrent.ScheduledThreadPoolExecutor$DelayedWorkQueue.take(ScheduledThreadPoolExecutor.java:809)
        at java.util.concurrent.ThreadPoolExecutor.getTask(ThreadPoolExecutor.java:1074)
        at java.util.concurrent.ThreadPoolExecutor.runWorker(ThreadPoolExecutor.java:1134)
        at java.util.concurrent.ThreadPoolExecutor$Worker.run(ThreadPoolExecutor.java:624)
        at java.lang.Thread.run(Thread.java:748)
"metrics-hadoop-metrics2-reporter-46-thread-1" daemon prio=5 tid=1001 timed_waiting
java.lang.Thread.State: TIMED_WAITING
        at sun.misc.Unsafe.park(Native Method)
        at java.util.concurrent.locks.LockSupport.parkNanos(LockSupport.java:215)
        at java.util.concurrent.locks.AbstractQueuedSynchronizer$ConditionObject.awaitNanos(AbstractQueuedSynchronizer.java:2078)
        at java.util.concurrent.ScheduledThreadPoolExecutor$DelayedWorkQueue.take(ScheduledThreadPoolExecutor.java:1093)
        at java.util.concurrent.ScheduledThreadPoolExecutor$DelayedWorkQueue.take(ScheduledThreadPoolExecutor.java:809)
        at java.util.concurrent.ThreadPoolExecutor.getTask(ThreadPoolExecutor.java:1074)
        at java.util.concurrent.ThreadPoolExecutor.runWorker(ThreadPoolExecutor.java:1134)
        at java.util.concurrent.ThreadPoolExecutor$Worker.run(ThreadPoolExecutor.java:624)
        at java.lang.Thread.run(Thread.java:748)
"pool-186-thread-56"  prio=5 tid=2198 in Object.wait()
java.lang.Thread.State: WAITING (on object monitor)
        at sun.misc.Unsafe.park(Native Method)
        at java.util.concurrent.locks.LockSupport.park(LockSupport.java:175)
        at java.util.concurrent.locks.AbstractQueuedSynchronizer$ConditionObject.await(AbstractQueuedSynchronizer.java:2039)
        at java.util.concurrent.ArrayBlockingQueue.take(ArrayBlockingQueue.java:403)
        at java.util.concurrent.ThreadPoolExecutor.getTask(ThreadPoolExecutor.java:1074)
        at java.util.concurrent.ThreadPoolExecutor.runWorker(ThreadPoolExecutor.java:1134)
        at java.util.concurrent.ThreadPoolExecutor$Worker.run(ThreadPoolExecutor.java:624)
        at java.lang.Thread.run(Thread.java:748)
"qtp1821228886-2008" daemon prio=5 tid=2008 timed_waiting
java.lang.Thread.State: TIMED_WAITING
        at sun.misc.Unsafe.park(Native Method)
        at java.util.concurrent.locks.LockSupport.parkNanos(LockSupport.java:215)
        at java.util.concurrent.locks.AbstractQueuedSynchronizer$ConditionObject.awaitNanos(AbstractQueuedSynchronizer.java:2078)
        at org.eclipse.jetty.util.BlockingArrayQueue.poll(BlockingArrayQueue.java:392)
        at org.eclipse.jetty.util.thread.QueuedThreadPool.idleJobPoll(QueuedThreadPool.java:563)
        at org.eclipse.jetty.util.thread.QueuedThreadPool.access$800(QueuedThreadPool.java:48)
        at org.eclipse.jetty.util.thread.QueuedThreadPool$2.run(QueuedThreadPool.java:626)
        at java.lang.Thread.run(Thread.java:748)
"IPC Server handler 15 on 44019" daemon prio=5 tid=1981 timed_waiting
java.lang.Thread.State: TIMED_WAITING
        at sun.misc.Unsafe.park(Native Method)
        at java.util.concurrent.locks.LockSupport.parkNanos(LockSupport.java:215)
        at java.util.concurrent.locks.AbstractQueuedSynchronizer$ConditionObject.awaitNanos(AbstractQueuedSynchronizer.java:2078)
        at java.util.concurrent.LinkedBlockingQueue.poll(LinkedBlockingQueue.java:467)
        at org.apache.hadoop.ipc.CallQueueManager.take(CallQueueManager.java:288)
        at org.apache.hadoop.ipc.Server$Handler.run(Server.java:2668)
"Socket Reader #1 for port 44019"  prio=5 tid=1960 runnable
java.lang.Thread.State: RUNNABLE
        at sun.nio.ch.EPollArrayWrapper.epollWait(Native Method)
        at sun.nio.ch.EPollArrayWrapper.poll(EPollArrayWrapper.java:269)
        at sun.nio.ch.EPollSelectorImpl.doSelect(EPollSelectorImpl.java:93)
        at sun.nio.ch.SelectorImpl.lockAndDoSelect(SelectorImpl.java:86)
        at sun.nio.ch.SelectorImpl.select(SelectorImpl.java:97)
        at sun.nio.ch.SelectorImpl.select(SelectorImpl.java:101)
        at org.apache.hadoop.ipc.Server$Listener$Reader.doRunLoop(Server.java:1097)
        at org.apache.hadoop.ipc.Server$Listener$Reader.run(Server.java:1076)
"pool-196-thread-32"  prio=5 tid=2236 in Object.wait()
java.lang.Thread.State: WAITING (on object monitor)
        at sun.misc.Unsafe.park(Native Method)
        at java.util.concurrent.locks.LockSupport.park(LockSupport.java:175)
        at java.util.concurrent.locks.AbstractQueuedSynchronizer$ConditionObject.await(AbstractQueuedSynchronizer.java:2039)
        at java.util.concurrent.ArrayBlockingQueue.take(ArrayBlockingQueue.java:403)
        at java.util.concurrent.ThreadPoolExecutor.getTask(ThreadPoolExecutor.java:1074)
        at java.util.concurrent.ThreadPoolExecutor.runWorker(ThreadPoolExecutor.java:1134)
        at java.util.concurrent.ThreadPoolExecutor$Worker.run(ThreadPoolExecutor.java:624)
        at java.lang.Thread.run(Thread.java:748)
"pool-186-thread-57"  prio=5 tid=2199 in Object.wait()
java.lang.Thread.State: WAITING (on object monitor)
        at sun.misc.Unsafe.park(Native Method)
        at java.util.concurrent.locks.LockSupport.park(LockSupport.java:175)
        at java.util.concurrent.locks.AbstractQueuedSynchronizer$ConditionObject.await(AbstractQueuedSynchronizer.java:2039)
        at java.util.concurrent.ArrayBlockingQueue.take(ArrayBlockingQueue.java:403)
        at java.util.concurrent.ThreadPoolExecutor.getTask(ThreadPoolExecutor.java:1074)
        at java.util.concurrent.ThreadPoolExecutor.runWorker(ThreadPoolExecutor.java:1134)
        at java.util.concurrent.ThreadPoolExecutor$Worker.run(ThreadPoolExecutor.java:624)
        at java.lang.Thread.run(Thread.java:748)
"pool-186-thread-53"  prio=5 tid=2195 in Object.wait()
java.lang.Thread.State: WAITING (on object monitor)
        at sun.misc.Unsafe.park(Native Method)
        at java.util.concurrent.locks.LockSupport.park(LockSupport.java:175)
        at java.util.concurrent.locks.AbstractQueuedSynchronizer$ConditionObject.await(AbstractQueuedSynchronizer.java:2039)
        at java.util.concurrent.ArrayBlockingQueue.take(ArrayBlockingQueue.java:403)
        at java.util.concurrent.ThreadPoolExecutor.getTask(ThreadPoolExecutor.java:1074)
        at java.util.concurrent.ThreadPoolExecutor.runWorker(ThreadPoolExecutor.java:1134)
        at java.util.concurrent.ThreadPoolExecutor$Worker.run(ThreadPoolExecutor.java:624)
        at java.lang.Thread.run(Thread.java:748)
"pool-186-thread-50"  prio=5 tid=2192 in Object.wait()
java.lang.Thread.State: WAITING (on object monitor)
        at sun.misc.Unsafe.park(Native Method)
        at java.util.concurrent.locks.LockSupport.park(LockSupport.java:175)
        at java.util.concurrent.locks.AbstractQueuedSynchronizer$ConditionObject.await(AbstractQueuedSynchronizer.java:2039)
        at java.util.concurrent.ArrayBlockingQueue.take(ArrayBlockingQueue.java:403)
        at java.util.concurrent.ThreadPoolExecutor.getTask(ThreadPoolExecutor.java:1074)
        at java.util.concurrent.ThreadPoolExecutor.runWorker(ThreadPoolExecutor.java:1134)
        at java.util.concurrent.ThreadPoolExecutor$Worker.run(ThreadPoolExecutor.java:624)
        at java.lang.Thread.run(Thread.java:748)
"grpc-default-worker-ELG-9-3" daemon prio=5 tid=2279 runnable
java.lang.Thread.State: RUNNABLE
        at sun.nio.ch.EPollArrayWrapper.epollWait(Native Method)
        at sun.nio.ch.EPollArrayWrapper.poll(EPollArrayWrapper.java:269)
        at sun.nio.ch.EPollSelectorImpl.doSelect(EPollSelectorImpl.java:93)
        at sun.nio.ch.SelectorImpl.lockAndDoSelect(SelectorImpl.java:86)
        at sun.nio.ch.SelectorImpl.select(SelectorImpl.java:97)
        at org.apache.ratis.thirdparty.io.netty.channel.nio.SelectedSelectionKeySetSelector.select(SelectedSelectionKeySetSelector.java:62)
        at org.apache.ratis.thirdparty.io.netty.channel.nio.NioEventLoop.select(NioEventLoop.java:753)
        at org.apache.ratis.thirdparty.io.netty.channel.nio.NioEventLoop.run(NioEventLoop.java:408)
        at org.apache.ratis.thirdparty.io.netty.util.concurrent.SingleThreadEventExecutor$5.run(SingleThreadEventExecutor.java:897)
        at org.apache.ratis.thirdparty.io.netty.util.concurrent.FastThreadLocalRunnable.run(FastThreadLocalRunnable.java:30)
        at java.lang.Thread.run(Thread.java:748)
"metrics-hadoop-metrics2-reporter-122-thread-1" daemon prio=5 tid=2352 timed_waiting
java.lang.Thread.State: TIMED_WAITING
        at sun.misc.Unsafe.park(Native Method)
        at java.util.concurrent.locks.LockSupport.parkNanos(LockSupport.java:215)
        at java.util.concurrent.locks.AbstractQueuedSynchronizer$ConditionObject.awaitNanos(AbstractQueuedSynchronizer.java:2078)
        at java.util.concurrent.ScheduledThreadPoolExecutor$DelayedWorkQueue.take(ScheduledThreadPoolExecutor.java:1093)
        at java.util.concurrent.ScheduledThreadPoolExecutor$DelayedWorkQueue.take(ScheduledThreadPoolExecutor.java:809)
        at java.util.concurrent.ThreadPoolExecutor.getTask(ThreadPoolExecutor.java:1074)
        at java.util.concurrent.ThreadPoolExecutor.runWorker(ThreadPoolExecutor.java:1134)
        at java.util.concurrent.ThreadPoolExecutor$Worker.run(ThreadPoolExecutor.java:624)
        at java.lang.Thread.run(Thread.java:748)
"IPC Server handler 6 on 35803" daemon prio=5 tid=1928 timed_waiting
java.lang.Thread.State: TIMED_WAITING
        at sun.misc.Unsafe.park(Native Method)
        at java.util.concurrent.locks.LockSupport.parkNanos(LockSupport.java:215)
        at java.util.concurrent.locks.AbstractQueuedSynchronizer$ConditionObject.awaitNanos(AbstractQueuedSynchronizer.java:2078)
        at java.util.concurrent.LinkedBlockingQueue.poll(LinkedBlockingQueue.java:467)
        at org.apache.hadoop.ipc.CallQueueManager.take(CallQueueManager.java:288)
        at org.apache.hadoop.ipc.Server$Handler.run(Server.java:2668)
"pool-196-thread-56"  prio=5 tid=2260 in Object.wait()
java.lang.Thread.State: WAITING (on object monitor)
        at sun.misc.Unsafe.park(Native Method)
        at java.util.concurrent.locks.LockSupport.park(LockSupport.java:175)
        at java.util.concurrent.locks.AbstractQueuedSynchronizer$ConditionObject.await(AbstractQueuedSynchronizer.java:2039)
        at java.util.concurrent.ArrayBlockingQueue.take(ArrayBlockingQueue.java:403)
        at java.util.concurrent.ThreadPoolExecutor.getTask(ThreadPoolExecutor.java:1074)
        at java.util.concurrent.ThreadPoolExecutor.runWorker(ThreadPoolExecutor.java:1134)
        at java.util.concurrent.ThreadPoolExecutor$Worker.run(ThreadPoolExecutor.java:624)
        at java.lang.Thread.run(Thread.java:748)
"metrics-hadoop-metrics2-reporter-72-thread-1" daemon prio=5 tid=1620 timed_waiting
java.lang.Thread.State: TIMED_WAITING
        at sun.misc.Unsafe.park(Native Method)
        at java.util.concurrent.locks.LockSupport.parkNanos(LockSupport.java:215)
        at java.util.concurrent.locks.AbstractQueuedSynchronizer$ConditionObject.awaitNanos(AbstractQueuedSynchronizer.java:2078)
        at java.util.concurrent.ScheduledThreadPoolExecutor$DelayedWorkQueue.take(ScheduledThreadPoolExecutor.java:1093)
        at java.util.concurrent.ScheduledThreadPoolExecutor$DelayedWorkQueue.take(ScheduledThreadPoolExecutor.java:809)
        at java.util.concurrent.ThreadPoolExecutor.getTask(ThreadPoolExecutor.java:1074)
        at java.util.concurrent.ThreadPoolExecutor.runWorker(ThreadPoolExecutor.java:1134)
        at java.util.concurrent.ThreadPoolExecutor$Worker.run(ThreadPoolExecutor.java:624)
        at java.lang.Thread.run(Thread.java:748)
"pool-186-thread-52"  prio=5 tid=2194 in Object.wait()
java.lang.Thread.State: WAITING (on object monitor)
        at sun.misc.Unsafe.park(Native Method)
        at java.util.concurrent.locks.LockSupport.park(LockSupport.java:175)
        at java.util.concurrent.locks.AbstractQueuedSynchronizer$ConditionObject.await(AbstractQueuedSynchronizer.java:2039)
        at java.util.concurrent.ArrayBlockingQueue.take(ArrayBlockingQueue.java:403)
        at java.util.concurrent.ThreadPoolExecutor.getTask(ThreadPoolExecutor.java:1074)
        at java.util.concurrent.ThreadPoolExecutor.runWorker(ThreadPoolExecutor.java:1134)
        at java.util.concurrent.ThreadPoolExecutor$Worker.run(ThreadPoolExecutor.java:624)
        at java.lang.Thread.run(Thread.java:748)
"pool-176-thread-9"  prio=5 tid=2088 in Object.wait()
java.lang.Thread.State: WAITING (on object monitor)
        at sun.misc.Unsafe.park(Native Method)
        at java.util.concurrent.locks.LockSupport.park(LockSupport.java:175)
        at java.util.concurrent.locks.AbstractQueuedSynchronizer$ConditionObject.await(AbstractQueuedSynchronizer.java:2039)
        at java.util.concurrent.ArrayBlockingQueue.take(ArrayBlockingQueue.java:403)
        at java.util.concurrent.ThreadPoolExecutor.getTask(ThreadPoolExecutor.java:1074)
        at java.util.concurrent.ThreadPoolExecutor.runWorker(ThreadPoolExecutor.java:1134)
        at java.util.concurrent.ThreadPoolExecutor$Worker.run(ThreadPoolExecutor.java:624)
        at java.lang.Thread.run(Thread.java:748)
"metrics-hadoop-metrics2-reporter-107-thread-1" daemon prio=5 tid=2299 timed_waiting
java.lang.Thread.State: TIMED_WAITING
        at sun.misc.Unsafe.park(Native Method)
        at java.util.concurrent.locks.LockSupport.parkNanos(LockSupport.java:215)
        at java.util.concurrent.locks.AbstractQueuedSynchronizer$ConditionObject.awaitNanos(AbstractQueuedSynchronizer.java:2078)
        at java.util.concurrent.ScheduledThreadPoolExecutor$DelayedWorkQueue.take(ScheduledThreadPoolExecutor.java:1093)
        at java.util.concurrent.ScheduledThreadPoolExecutor$DelayedWorkQueue.take(ScheduledThreadPoolExecutor.java:809)
        at java.util.concurrent.ThreadPoolExecutor.getTask(ThreadPoolExecutor.java:1074)
        at java.util.concurrent.ThreadPoolExecutor.runWorker(ThreadPoolExecutor.java:1134)
        at java.util.concurrent.ThreadPoolExecutor$Worker.run(ThreadPoolExecutor.java:624)
        at java.lang.Thread.run(Thread.java:748)
"metrics-hadoop-metrics2-reporter-41-thread-1" daemon prio=5 tid=981 timed_waiting
java.lang.Thread.State: TIMED_WAITING
        at sun.misc.Unsafe.park(Native Method)
        at java.util.concurrent.locks.LockSupport.parkNanos(LockSupport.java:215)
        at java.util.concurrent.locks.AbstractQueuedSynchronizer$ConditionObject.awaitNanos(AbstractQueuedSynchronizer.java:2078)
        at java.util.concurrent.ScheduledThreadPoolExecutor$DelayedWorkQueue.take(ScheduledThreadPoolExecutor.java:1093)
        at java.util.concurrent.ScheduledThreadPoolExecutor$DelayedWorkQueue.take(ScheduledThreadPoolExecutor.java:809)
        at java.util.concurrent.ThreadPoolExecutor.getTask(ThreadPoolExecutor.java:1074)
        at java.util.concurrent.ThreadPoolExecutor.runWorker(ThreadPoolExecutor.java:1134)
        at java.util.concurrent.ThreadPoolExecutor$Worker.run(ThreadPoolExecutor.java:624)
        at java.lang.Thread.run(Thread.java:748)
"pool-186-thread-8"  prio=5 tid=2150 in Object.wait()
java.lang.Thread.State: WAITING (on object monitor)
        at sun.misc.Unsafe.park(Native Method)
        at java.util.concurrent.locks.LockSupport.park(LockSupport.java:175)
        at java.util.concurrent.locks.AbstractQueuedSynchronizer$ConditionObject.await(AbstractQueuedSynchronizer.java:2039)
        at java.util.concurrent.ArrayBlockingQueue.take(ArrayBlockingQueue.java:403)
        at java.util.concurrent.ThreadPoolExecutor.getTask(ThreadPoolExecutor.java:1074)
        at java.util.concurrent.ThreadPoolExecutor.runWorker(ThreadPoolExecutor.java:1134)
        at java.util.concurrent.ThreadPoolExecutor$Worker.run(ThreadPoolExecutor.java:624)
        at java.lang.Thread.run(Thread.java:748)
"org.apache.hadoop.util.JvmPauseMonitor$Monitor@4616b02d" daemon prio=5 tid=2077 timed_waiting
java.lang.Thread.State: TIMED_WAITING
        at java.lang.Thread.sleep(Native Method)
        at org.apache.hadoop.util.JvmPauseMonitor$Monitor.run(JvmPauseMonitor.java:192)
        at java.lang.Thread.run(Thread.java:748)
"org.eclipse.jetty.server.session.HashSessionManager@493da830Timer" daemon prio=5 tid=2068 timed_waiting
java.lang.Thread.State: TIMED_WAITING
        at sun.misc.Unsafe.park(Native Method)
        at java.util.concurrent.locks.LockSupport.parkNanos(LockSupport.java:215)
        at java.util.concurrent.locks.AbstractQueuedSynchronizer$ConditionObject.awaitNanos(AbstractQueuedSynchronizer.java:2078)
        at java.util.concurrent.ScheduledThreadPoolExecutor$DelayedWorkQueue.take(ScheduledThreadPoolExecutor.java:1093)
        at java.util.concurrent.ScheduledThreadPoolExecutor$DelayedWorkQueue.take(ScheduledThreadPoolExecutor.java:809)
        at java.util.concurrent.ThreadPoolExecutor.getTask(ThreadPoolExecutor.java:1074)
        at java.util.concurrent.ThreadPoolExecutor.runWorker(ThreadPoolExecutor.java:1134)
        at java.util.concurrent.ThreadPoolExecutor$Worker.run(ThreadPoolExecutor.java:624)
        at java.lang.Thread.run(Thread.java:748)
"IPC Server handler 6 on 37818" daemon prio=5 tid=1908 timed_waiting
java.lang.Thread.State: TIMED_WAITING
        at sun.misc.Unsafe.park(Native Method)
        at java.util.concurrent.locks.LockSupport.parkNanos(LockSupport.java:215)
        at java.util.concurrent.locks.AbstractQueuedSynchronizer$ConditionObject.awaitNanos(AbstractQueuedSynchronizer.java:2078)
        at java.util.concurrent.LinkedBlockingQueue.poll(LinkedBlockingQueue.java:467)
        at org.apache.hadoop.ipc.CallQueueManager.take(CallQueueManager.java:288)
        at org.apache.hadoop.ipc.Server$Handler.run(Server.java:2668)
"metrics-hadoop-metrics2-reporter-103-thread-1" daemon prio=5 tid=2288 timed_waiting
java.lang.Thread.State: TIMED_WAITING
        at sun.misc.Unsafe.park(Native Method)
        at java.util.concurrent.locks.LockSupport.parkNanos(LockSupport.java:215)
        at java.util.concurrent.locks.AbstractQueuedSynchronizer$ConditionObject.awaitNanos(AbstractQueuedSynchronizer.java:2078)
        at java.util.concurrent.ScheduledThreadPoolExecutor$DelayedWorkQueue.take(ScheduledThreadPoolExecutor.java:1093)
        at java.util.concurrent.ScheduledThreadPoolExecutor$DelayedWorkQueue.take(ScheduledThreadPoolExecutor.java:809)
        at java.util.concurrent.ThreadPoolExecutor.getTask(ThreadPoolExecutor.java:1074)
        at java.util.concurrent.ThreadPoolExecutor.runWorker(ThreadPoolExecutor.java:1134)
        at java.util.concurrent.ThreadPoolExecutor$Worker.run(ThreadPoolExecutor.java:624)
        at java.lang.Thread.run(Thread.java:748)
"pool-186-thread-4"  prio=5 tid=2146 in Object.wait()
java.lang.Thread.State: WAITING (on object monitor)
        at sun.misc.Unsafe.park(Native Method)
        at java.util.concurrent.locks.LockSupport.park(LockSupport.java:175)
        at java.util.concurrent.locks.AbstractQueuedSynchronizer$ConditionObject.await(AbstractQueuedSynchronizer.java:2039)
        at java.util.concurrent.ArrayBlockingQueue.take(ArrayBlockingQueue.java:403)
        at java.util.concurrent.ThreadPoolExecutor.getTask(ThreadPoolExecutor.java:1074)
        at java.util.concurrent.ThreadPoolExecutor.runWorker(ThreadPoolExecutor.java:1134)
        at java.util.concurrent.ThreadPoolExecutor$Worker.run(ThreadPoolExecutor.java:624)
        at java.lang.Thread.run(Thread.java:748)
"pool-176-thread-25"  prio=5 tid=2104 in Object.wait()
java.lang.Thread.State: WAITING (on object monitor)
        at sun.misc.Unsafe.park(Native Method)
        at java.util.concurrent.locks.LockSupport.park(LockSupport.java:175)
        at java.util.concurrent.locks.AbstractQueuedSynchronizer$ConditionObject.await(AbstractQueuedSynchronizer.java:2039)
        at java.util.concurrent.ArrayBlockingQueue.take(ArrayBlockingQueue.java:403)
        at java.util.concurrent.ThreadPoolExecutor.getTask(ThreadPoolExecutor.java:1074)
        at java.util.concurrent.ThreadPoolExecutor.runWorker(ThreadPoolExecutor.java:1134)
        at java.util.concurrent.ThreadPoolExecutor$Worker.run(ThreadPoolExecutor.java:624)
        at java.lang.Thread.run(Thread.java:748)
"metrics-hadoop-metrics2-reporter-13-thread-1" daemon prio=5 tid=464 timed_waiting
java.lang.Thread.State: TIMED_WAITING
        at sun.misc.Unsafe.park(Native Method)
        at java.util.concurrent.locks.LockSupport.parkNanos(LockSupport.java:215)
        at java.util.concurrent.locks.AbstractQueuedSynchronizer$ConditionObject.awaitNanos(AbstractQueuedSynchronizer.java:2078)
        at java.util.concurrent.ScheduledThreadPoolExecutor$DelayedWorkQueue.take(ScheduledThreadPoolExecutor.java:1093)
        at java.util.concurrent.ScheduledThreadPoolExecutor$DelayedWorkQueue.take(ScheduledThreadPoolExecutor.java:809)
        at java.util.concurrent.ThreadPoolExecutor.getTask(ThreadPoolExecutor.java:1074)
        at java.util.concurrent.ThreadPoolExecutor.runWorker(ThreadPoolExecutor.java:1134)
        at java.util.concurrent.ThreadPoolExecutor$Worker.run(ThreadPoolExecutor.java:624)
        at java.lang.Thread.run(Thread.java:748)
"pool-196-thread-60"  prio=5 tid=2264 in Object.wait()
java.lang.Thread.State: WAITING (on object monitor)
        at sun.misc.Unsafe.park(Native Method)
        at java.util.concurrent.locks.LockSupport.park(LockSupport.java:175)
        at java.util.concurrent.locks.AbstractQueuedSynchronizer$ConditionObject.await(AbstractQueuedSynchronizer.java:2039)
        at java.util.concurrent.ArrayBlockingQueue.take(ArrayBlockingQueue.java:403)
        at java.util.concurrent.ThreadPoolExecutor.getTask(ThreadPoolExecutor.java:1074)
        at java.util.concurrent.ThreadPoolExecutor.runWorker(ThreadPoolExecutor.java:1134)
        at java.util.concurrent.ThreadPoolExecutor$Worker.run(ThreadPoolExecutor.java:624)
        at java.lang.Thread.run(Thread.java:748)
"pool-171-thread-1"  prio=5 tid=1986 timed_waiting
java.lang.Thread.State: TIMED_WAITING
        at sun.misc.Unsafe.park(Native Method)
        at java.util.concurrent.locks.LockSupport.parkNanos(LockSupport.java:215)
        at java.util.concurrent.locks.AbstractQueuedSynchronizer$ConditionObject.awaitNanos(AbstractQueuedSynchronizer.java:2078)
        at java.util.concurrent.ScheduledThreadPoolExecutor$DelayedWorkQueue.take(ScheduledThreadPoolExecutor.java:1093)
        at java.util.concurrent.ScheduledThreadPoolExecutor$DelayedWorkQueue.take(ScheduledThreadPoolExecutor.java:809)
        at java.util.concurrent.ThreadPoolExecutor.getTask(ThreadPoolExecutor.java:1074)
        at java.util.concurrent.ThreadPoolExecutor.runWorker(ThreadPoolExecutor.java:1134)
        at java.util.concurrent.ThreadPoolExecutor$Worker.run(ThreadPoolExecutor.java:624)
        at java.lang.Thread.run(Thread.java:748)
"pool-196-thread-16"  prio=5 tid=2220 in Object.wait()
java.lang.Thread.State: WAITING (on object monitor)
        at sun.misc.Unsafe.park(Native Method)
        at java.util.concurrent.locks.LockSupport.park(LockSupport.java:175)
        at java.util.concurrent.locks.AbstractQueuedSynchronizer$ConditionObject.await(AbstractQueuedSynchronizer.java:2039)
        at java.util.concurrent.ArrayBlockingQueue.take(ArrayBlockingQueue.java:403)
        at java.util.concurrent.ThreadPoolExecutor.getTask(ThreadPoolExecutor.java:1074)
        at java.util.concurrent.ThreadPoolExecutor.runWorker(ThreadPoolExecutor.java:1134)
        at java.util.concurrent.ThreadPoolExecutor$Worker.run(ThreadPoolExecutor.java:624)
        at java.lang.Thread.run(Thread.java:748)
"EventQueue-NewNodeForNewNodeHandler" daemon prio=5 tid=2267 in Object.wait()
java.lang.Thread.State: WAITING (on object monitor)
        at sun.misc.Unsafe.park(Native Method)
        at java.util.concurrent.locks.LockSupport.park(LockSupport.java:175)
        at java.util.concurrent.locks.AbstractQueuedSynchronizer$ConditionObject.await(AbstractQueuedSynchronizer.java:2039)
        at java.util.concurrent.LinkedBlockingQueue.take(LinkedBlockingQueue.java:442)
        at java.util.concurrent.ThreadPoolExecutor.getTask(ThreadPoolExecutor.java:1074)
        at java.util.concurrent.ThreadPoolExecutor.runWorker(ThreadPoolExecutor.java:1134)
        at java.util.concurrent.ThreadPoolExecutor$Worker.run(ThreadPoolExecutor.java:624)
        at java.lang.Thread.run(Thread.java:748)
"pool-186-thread-41"  prio=5 tid=2183 in Object.wait()
java.lang.Thread.State: WAITING (on object monitor)
        at sun.misc.Unsafe.park(Native Method)
        at java.util.concurrent.locks.LockSupport.park(LockSupport.java:175)
        at java.util.concurrent.locks.AbstractQueuedSynchronizer$ConditionObject.await(AbstractQueuedSynchronizer.java:2039)
        at java.util.concurrent.ArrayBlockingQueue.take(ArrayBlockingQueue.java:403)
        at java.util.concurrent.ThreadPoolExecutor.getTask(ThreadPoolExecutor.java:1074)
        at java.util.concurrent.ThreadPoolExecutor.runWorker(ThreadPoolExecutor.java:1134)
        at java.util.concurrent.ThreadPoolExecutor$Worker.run(ThreadPoolExecutor.java:624)
        at java.lang.Thread.run(Thread.java:748)
"pool-176-thread-19"  prio=5 tid=2098 in Object.wait()
java.lang.Thread.State: WAITING (on object monitor)
        at sun.misc.Unsafe.park(Native Method)
        at java.util.concurrent.locks.LockSupport.park(LockSupport.java:175)
        at java.util.concurrent.locks.AbstractQueuedSynchronizer$ConditionObject.await(AbstractQueuedSynchronizer.java:2039)
        at java.util.concurrent.ArrayBlockingQueue.take(ArrayBlockingQueue.java:403)
        at java.util.concurrent.ThreadPoolExecutor.getTask(ThreadPoolExecutor.java:1074)
        at java.util.concurrent.ThreadPoolExecutor.runWorker(ThreadPoolExecutor.java:1134)
        at java.util.concurrent.ThreadPoolExecutor$Worker.run(ThreadPoolExecutor.java:624)
        at java.lang.Thread.run(Thread.java:748)
"Command processor thread" daemon prio=5 tid=2049 timed_waiting
java.lang.Thread.State: TIMED_WAITING
        at java.lang.Thread.sleep(Native Method)
        at org.apache.hadoop.ozone.container.common.statemachine.DatanodeStateMachine.lambda$initCommandHandlerThread$1(DatanodeStateMachine.java:439)
        at org.apache.hadoop.ozone.container.common.statemachine.DatanodeStateMachine$$Lambda$141/1549535869.run(Unknown Source)
        at java.lang.Thread.run(Thread.java:748)
"grpc-default-worker-ELG-9-1" daemon prio=5 tid=2276 runnable
java.lang.Thread.State: RUNNABLE
        at sun.nio.ch.EPollArrayWrapper.epollWait(Native Method)
        at sun.nio.ch.EPollArrayWrapper.poll(EPollArrayWrapper.java:269)
        at sun.nio.ch.EPollSelectorImpl.doSelect(EPollSelectorImpl.java:93)
        at sun.nio.ch.SelectorImpl.lockAndDoSelect(SelectorImpl.java:86)
        at sun.nio.ch.SelectorImpl.select(SelectorImpl.java:97)
        at org.apache.ratis.thirdparty.io.netty.channel.nio.SelectedSelectionKeySetSelector.select(SelectedSelectionKeySetSelector.java:62)
        at org.apache.ratis.thirdparty.io.netty.channel.nio.NioEventLoop.select(NioEventLoop.java:753)
        at org.apache.ratis.thirdparty.io.netty.channel.nio.NioEventLoop.run(NioEventLoop.java:408)
        at org.apache.ratis.thirdparty.io.netty.util.concurrent.SingleThreadEventExecutor$5.run(SingleThreadEventExecutor.java:897)
        at org.apache.ratis.thirdparty.io.netty.util.concurrent.FastThreadLocalRunnable.run(FastThreadLocalRunnable.java:30)
        at java.lang.Thread.run(Thread.java:748)
"pool-186-thread-6"  prio=5 tid=2148 in Object.wait()
java.lang.Thread.State: WAITING (on object monitor)
        at sun.misc.Unsafe.park(Native Method)
        at java.util.concurrent.locks.LockSupport.park(LockSupport.java:175)
        at java.util.concurrent.locks.AbstractQueuedSynchronizer$ConditionObject.await(AbstractQueuedSynchronizer.java:2039)
        at java.util.concurrent.ArrayBlockingQueue.take(ArrayBlockingQueue.java:403)
        at java.util.concurrent.ThreadPoolExecutor.getTask(ThreadPoolExecutor.java:1074)
        at java.util.concurrent.ThreadPoolExecutor.runWorker(ThreadPoolExecutor.java:1134)
        at java.util.concurrent.ThreadPoolExecutor$Worker.run(ThreadPoolExecutor.java:624)
        at java.lang.Thread.run(Thread.java:748)
"IPC Server handler 10 on 37818" daemon prio=5 tid=1912 timed_waiting
java.lang.Thread.State: TIMED_WAITING
        at sun.misc.Unsafe.park(Native Method)
        at java.util.concurrent.locks.LockSupport.parkNanos(LockSupport.java:215)
        at java.util.concurrent.locks.AbstractQueuedSynchronizer$ConditionObject.awaitNanos(AbstractQueuedSynchronizer.java:2078)
        at java.util.concurrent.LinkedBlockingQueue.poll(LinkedBlockingQueue.java:467)
        at org.apache.hadoop.ipc.CallQueueManager.take(CallQueueManager.java:288)
        at org.apache.hadoop.ipc.Server$Handler.run(Server.java:2668)
"metrics-hadoop-metrics2-reporter-51-thread-1" daemon prio=5 tid=1024 timed_waiting
java.lang.Thread.State: TIMED_WAITING
        at sun.misc.Unsafe.park(Native Method)
        at java.util.concurrent.locks.LockSupport.parkNanos(LockSupport.java:215)
        at java.util.concurrent.locks.AbstractQueuedSynchronizer$ConditionObject.awaitNanos(AbstractQueuedSynchronizer.java:2078)
        at java.util.concurrent.ScheduledThreadPoolExecutor$DelayedWorkQueue.take(ScheduledThreadPoolExecutor.java:1093)
        at java.util.concurrent.ScheduledThreadPoolExecutor$DelayedWorkQueue.take(ScheduledThreadPoolExecutor.java:809)
        at java.util.concurrent.ThreadPoolExecutor.getTask(ThreadPoolExecutor.java:1074)
        at java.util.concurrent.ThreadPoolExecutor.runWorker(ThreadPoolExecutor.java:1134)
        at java.util.concurrent.ThreadPoolExecutor$Worker.run(ThreadPoolExecutor.java:624)
        at java.lang.Thread.run(Thread.java:748)
"qtp584694804-1947" daemon prio=5 tid=1947 timed_waiting
java.lang.Thread.State: TIMED_WAITING
        at sun.misc.Unsafe.park(Native Method)
        at java.util.concurrent.locks.LockSupport.parkNanos(LockSupport.java:215)
        at java.util.concurrent.locks.AbstractQueuedSynchronizer$ConditionObject.awaitNanos(AbstractQueuedSynchronizer.java:2078)
        at org.eclipse.jetty.util.BlockingArrayQueue.poll(BlockingArrayQueue.java:392)
        at org.eclipse.jetty.util.thread.QueuedThreadPool.idleJobPoll(QueuedThreadPool.java:563)
        at org.eclipse.jetty.util.thread.QueuedThreadPool.access$800(QueuedThreadPool.java:48)
        at org.eclipse.jetty.util.thread.QueuedThreadPool$2.run(QueuedThreadPool.java:626)
        at java.lang.Thread.run(Thread.java:748)
"KeyDeletingService#0" daemon prio=5 tid=1964 timed_waiting
java.lang.Thread.State: TIMED_WAITING
        at sun.misc.Unsafe.park(Native Method)
        at java.util.concurrent.locks.LockSupport.parkNanos(LockSupport.java:215)
        at java.util.concurrent.locks.AbstractQueuedSynchronizer$ConditionObject.awaitNanos(AbstractQueuedSynchronizer.java:2078)
        at java.util.concurrent.ScheduledThreadPoolExecutor$DelayedWorkQueue.take(ScheduledThreadPoolExecutor.java:1093)
        at java.util.concurrent.ScheduledThreadPoolExecutor$DelayedWorkQueue.take(ScheduledThreadPoolExecutor.java:809)
        at java.util.concurrent.ThreadPoolExecutor.getTask(ThreadPoolExecutor.java:1074)
        at java.util.concurrent.ThreadPoolExecutor.runWorker(ThreadPoolExecutor.java:1134)
        at java.util.concurrent.ThreadPoolExecutor$Worker.run(ThreadPoolExecutor.java:624)
        at java.lang.Thread.run(Thread.java:748)
"pool-196-thread-40"  prio=5 tid=2244 in Object.wait()
java.lang.Thread.State: WAITING (on object monitor)
        at sun.misc.Unsafe.park(Native Method)
        at java.util.concurrent.locks.LockSupport.park(LockSupport.java:175)
        at java.util.concurrent.locks.AbstractQueuedSynchronizer$ConditionObject.await(AbstractQueuedSynchronizer.java:2039)
        at java.util.concurrent.ArrayBlockingQueue.take(ArrayBlockingQueue.java:403)
        at java.util.concurrent.ThreadPoolExecutor.getTask(ThreadPoolExecutor.java:1074)
        at java.util.concurrent.ThreadPoolExecutor.runWorker(ThreadPoolExecutor.java:1134)
        at java.util.concurrent.ThreadPoolExecutor$Worker.run(ThreadPoolExecutor.java:624)
        at java.lang.Thread.run(Thread.java:748)
"OMDoubleBufferFlushThread" daemon prio=5 tid=1958 timed_waiting
java.lang.Thread.State: TIMED_WAITING
        at java.lang.Object.wait(Native Method)
        at org.apache.hadoop.ozone.om.ratis.OzoneManagerDoubleBuffer.canFlush(OzoneManagerDoubleBuffer.java:322)
        at org.apache.hadoop.ozone.om.ratis.OzoneManagerDoubleBuffer.flushTransactions(OzoneManagerDoubleBuffer.java:130)
        at org.apache.hadoop.ozone.om.ratis.OzoneManagerDoubleBuffer$$Lambda$49/509858326.run(Unknown Source)
        at java.lang.Thread.run(Thread.java:748)
"pool-196-thread-31"  prio=5 tid=2235 in Object.wait()
java.lang.Thread.State: WAITING (on object monitor)
        at sun.misc.Unsafe.park(Native Method)
        at java.util.concurrent.locks.LockSupport.park(LockSupport.java:175)
        at java.util.concurrent.locks.AbstractQueuedSynchronizer$ConditionObject.await(AbstractQueuedSynchronizer.java:2039)
        at java.util.concurrent.ArrayBlockingQueue.take(ArrayBlockingQueue.java:403)
        at java.util.concurrent.ThreadPoolExecutor.getTask(ThreadPoolExecutor.java:1074)
        at java.util.concurrent.ThreadPoolExecutor.runWorker(ThreadPoolExecutor.java:1134)
        at java.util.concurrent.ThreadPoolExecutor$Worker.run(ThreadPoolExecutor.java:624)
        at java.lang.Thread.run(Thread.java:748)
"qtp1664093259-2034-acceptor-0@34dfed5b-ServerConnector@58fbd02e{HTTP/1.1,[http/1.1]}{0.0.0.0:39930}" daemon prio=3 tid=2034 runnable
java.lang.Thread.State: RUNNABLE
        at sun.nio.ch.ServerSocketChannelImpl.accept0(Native Method)
        at sun.nio.ch.ServerSocketChannelImpl.accept(ServerSocketChannelImpl.java:422)
        at sun.nio.ch.ServerSocketChannelImpl.accept(ServerSocketChannelImpl.java:250)
        at org.eclipse.jetty.server.ServerConnector.accept(ServerConnector.java:397)
        at org.eclipse.jetty.server.AbstractConnector$Acceptor.run(AbstractConnector.java:601)
        at org.eclipse.jetty.util.thread.QueuedThreadPool.runJob(QueuedThreadPool.java:671)
        at org.eclipse.jetty.util.thread.QueuedThreadPool$2.run(QueuedThreadPool.java:589)
        at java.lang.Thread.run(Thread.java:748)
"IPC Server handler 16 on 35803" daemon prio=5 tid=1938 timed_waiting
java.lang.Thread.State: TIMED_WAITING
        at sun.misc.Unsafe.park(Native Method)
        at java.util.concurrent.locks.LockSupport.parkNanos(LockSupport.java:215)
        at java.util.concurrent.locks.AbstractQueuedSynchronizer$ConditionObject.awaitNanos(AbstractQueuedSynchronizer.java:2078)
        at java.util.concurrent.LinkedBlockingQueue.poll(LinkedBlockingQueue.java:467)
        at org.apache.hadoop.ipc.CallQueueManager.take(CallQueueManager.java:288)
        at org.apache.hadoop.ipc.Server$Handler.run(Server.java:2668)
"IPC Server handler 16 on 43940" daemon prio=5 tid=1898 timed_waiting
java.lang.Thread.State: TIMED_WAITING
        at sun.misc.Unsafe.park(Native Method)
        at java.util.concurrent.locks.LockSupport.parkNanos(LockSupport.java:215)
        at java.util.concurrent.locks.AbstractQueuedSynchronizer$ConditionObject.awaitNanos(AbstractQueuedSynchronizer.java:2078)
        at java.util.concurrent.LinkedBlockingQueue.poll(LinkedBlockingQueue.java:467)
        at org.apache.hadoop.ipc.CallQueueManager.take(CallQueueManager.java:288)
        at org.apache.hadoop.ipc.Server$Handler.run(Server.java:2668)
"IPC Server handler 6 on 44019" daemon prio=5 tid=1972 timed_waiting
java.lang.Thread.State: TIMED_WAITING
        at sun.misc.Unsafe.park(Native Method)
        at java.util.concurrent.locks.LockSupport.parkNanos(LockSupport.java:215)
        at java.util.concurrent.locks.AbstractQueuedSynchronizer$ConditionObject.awaitNanos(AbstractQueuedSynchronizer.java:2078)
        at java.util.concurrent.LinkedBlockingQueue.poll(LinkedBlockingQueue.java:467)
        at org.apache.hadoop.ipc.CallQueueManager.take(CallQueueManager.java:288)
        at org.apache.hadoop.ipc.Server$Handler.run(Server.java:2668)
"qtp1664093259-2040" daemon prio=5 tid=2040 timed_waiting
java.lang.Thread.State: TIMED_WAITING
        at sun.misc.Unsafe.park(Native Method)
        at java.util.concurrent.locks.LockSupport.parkNanos(LockSupport.java:215)
        at java.util.concurrent.locks.AbstractQueuedSynchronizer$ConditionObject.awaitNanos(AbstractQueuedSynchronizer.java:2078)
        at org.eclipse.jetty.util.BlockingArrayQueue.poll(BlockingArrayQueue.java:392)
        at org.eclipse.jetty.util.thread.QueuedThreadPool.idleJobPoll(QueuedThreadPool.java:563)
        at org.eclipse.jetty.util.thread.QueuedThreadPool.access$800(QueuedThreadPool.java:48)
        at org.eclipse.jetty.util.thread.QueuedThreadPool$2.run(QueuedThreadPool.java:626)
        at java.lang.Thread.run(Thread.java:748)
"qtp1821228886-2009" daemon prio=5 tid=2009 timed_waiting
java.lang.Thread.State: TIMED_WAITING
        at sun.misc.Unsafe.park(Native Method)
        at java.util.concurrent.locks.LockSupport.parkNanos(LockSupport.java:215)
        at java.util.concurrent.locks.AbstractQueuedSynchronizer$ConditionObject.awaitNanos(AbstractQueuedSynchronizer.java:2078)
        at org.eclipse.jetty.util.BlockingArrayQueue.poll(BlockingArrayQueue.java:392)
        at org.eclipse.jetty.util.thread.QueuedThreadPool.idleJobPoll(QueuedThreadPool.java:563)
        at org.eclipse.jetty.util.thread.QueuedThreadPool.access$800(QueuedThreadPool.java:48)
        at org.eclipse.jetty.util.thread.QueuedThreadPool$2.run(QueuedThreadPool.java:626)
        at java.lang.Thread.run(Thread.java:748)
"pool-194-thread-1" daemon prio=5 tid=2057 timed_waiting
java.lang.Thread.State: TIMED_WAITING
        at sun.misc.Unsafe.park(Native Method)
        at java.util.concurrent.locks.LockSupport.parkNanos(LockSupport.java:215)
        at java.util.concurrent.locks.AbstractQueuedSynchronizer$ConditionObject.awaitNanos(AbstractQueuedSynchronizer.java:2078)
        at java.util.concurrent.ScheduledThreadPoolExecutor$DelayedWorkQueue.take(ScheduledThreadPoolExecutor.java:1093)
        at java.util.concurrent.ScheduledThreadPoolExecutor$DelayedWorkQueue.take(ScheduledThreadPoolExecutor.java:809)
        at java.util.concurrent.ThreadPoolExecutor.getTask(ThreadPoolExecutor.java:1074)
        at java.util.concurrent.ThreadPoolExecutor.runWorker(ThreadPoolExecutor.java:1134)
        at java.util.concurrent.ThreadPoolExecutor$Worker.run(ThreadPoolExecutor.java:624)
        at java.lang.Thread.run(Thread.java:748)
"qtp584694804-1948" daemon prio=5 tid=1948 timed_waiting
java.lang.Thread.State: TIMED_WAITING
        at sun.misc.Unsafe.park(Native Method)
        at java.util.concurrent.locks.LockSupport.parkNanos(LockSupport.java:215)
        at java.util.concurrent.locks.AbstractQueuedSynchronizer$ConditionObject.awaitNanos(AbstractQueuedSynchronizer.java:2078)
        at org.eclipse.jetty.util.BlockingArrayQueue.poll(BlockingArrayQueue.java:392)
        at org.eclipse.jetty.util.thread.QueuedThreadPool.idleJobPoll(QueuedThreadPool.java:563)
        at org.eclipse.jetty.util.thread.QueuedThreadPool.access$800(QueuedThreadPool.java:48)
        at org.eclipse.jetty.util.thread.QueuedThreadPool$2.run(QueuedThreadPool.java:626)
        at java.lang.Thread.run(Thread.java:748)
"IPC Server handler 1 on 43940" daemon prio=5 tid=1883 timed_waiting
java.lang.Thread.State: TIMED_WAITING
        at sun.misc.Unsafe.park(Native Method)
        at java.util.concurrent.locks.LockSupport.parkNanos(LockSupport.java:215)
        at java.util.concurrent.locks.AbstractQueuedSynchronizer$ConditionObject.awaitNanos(AbstractQueuedSynchronizer.java:2078)
        at java.util.concurrent.LinkedBlockingQueue.poll(LinkedBlockingQueue.java:467)
        at org.apache.hadoop.ipc.CallQueueManager.take(CallQueueManager.java:288)
        at org.apache.hadoop.ipc.Server$Handler.run(Server.java:2668)
"IPC Server handler 19 on 43940" daemon prio=5 tid=1901 timed_waiting
java.lang.Thread.State: TIMED_WAITING
        at sun.misc.Unsafe.park(Native Method)
        at java.util.concurrent.locks.LockSupport.parkNanos(LockSupport.java:215)
        at java.util.concurrent.locks.AbstractQueuedSynchronizer$ConditionObject.awaitNanos(AbstractQueuedSynchronizer.java:2078)
        at java.util.concurrent.LinkedBlockingQueue.poll(LinkedBlockingQueue.java:467)
        at org.apache.hadoop.ipc.CallQueueManager.take(CallQueueManager.java:288)
        at org.apache.hadoop.ipc.Server$Handler.run(Server.java:2668)
"metrics-hadoop-metrics2-reporter-111-thread-1" daemon prio=5 tid=2308 timed_waiting
java.lang.Thread.State: TIMED_WAITING
        at sun.misc.Unsafe.park(Native Method)
        at java.util.concurrent.locks.LockSupport.parkNanos(LockSupport.java:215)
        at java.util.concurrent.locks.AbstractQueuedSynchronizer$ConditionObject.awaitNanos(AbstractQueuedSynchronizer.java:2078)
        at java.util.concurrent.ScheduledThreadPoolExecutor$DelayedWorkQueue.take(ScheduledThreadPoolExecutor.java:1093)
        at java.util.concurrent.ScheduledThreadPoolExecutor$DelayedWorkQueue.take(ScheduledThreadPoolExecutor.java:809)
        at java.util.concurrent.ThreadPoolExecutor.getTask(ThreadPoolExecutor.java:1074)
        at java.util.concurrent.ThreadPoolExecutor.runWorker(ThreadPoolExecutor.java:1134)
        at java.util.concurrent.ThreadPoolExecutor$Worker.run(ThreadPoolExecutor.java:624)
        at java.lang.Thread.run(Thread.java:748)
"metrics-hadoop-metrics2-reporter-101-thread-1" daemon prio=5 tid=2285 timed_waiting
java.lang.Thread.State: TIMED_WAITING
        at sun.misc.Unsafe.park(Native Method)
        at java.util.concurrent.locks.LockSupport.parkNanos(LockSupport.java:215)
        at java.util.concurrent.locks.AbstractQueuedSynchronizer$ConditionObject.awaitNanos(AbstractQueuedSynchronizer.java:2078)
        at java.util.concurrent.ScheduledThreadPoolExecutor$DelayedWorkQueue.take(ScheduledThreadPoolExecutor.java:1093)
        at java.util.concurrent.ScheduledThreadPoolExecutor$DelayedWorkQueue.take(ScheduledThreadPoolExecutor.java:809)
        at java.util.concurrent.ThreadPoolExecutor.getTask(ThreadPoolExecutor.java:1074)
        at java.util.concurrent.ThreadPoolExecutor.runWorker(ThreadPoolExecutor.java:1134)
        at java.util.concurrent.ThreadPoolExecutor$Worker.run(ThreadPoolExecutor.java:624)
        at java.lang.Thread.run(Thread.java:748)
"IPC Server handler 7 on 37818" daemon prio=5 tid=1909 timed_waiting
java.lang.Thread.State: TIMED_WAITING
        at sun.misc.Unsafe.park(Native Method)
        at java.util.concurrent.locks.LockSupport.parkNanos(LockSupport.java:215)
        at java.util.concurrent.locks.AbstractQueuedSynchronizer$ConditionObject.awaitNanos(AbstractQueuedSynchronizer.java:2078)
        at java.util.concurrent.LinkedBlockingQueue.poll(LinkedBlockingQueue.java:467)
        at org.apache.hadoop.ipc.CallQueueManager.take(CallQueueManager.java:288)
        at org.apache.hadoop.ipc.Server$Handler.run(Server.java:2668)
"pool-196-thread-46"  prio=5 tid=2250 in Object.wait()
java.lang.Thread.State: WAITING (on object monitor)
        at sun.misc.Unsafe.park(Native Method)
        at java.util.concurrent.locks.LockSupport.park(LockSupport.java:175)
        at java.util.concurrent.locks.AbstractQueuedSynchronizer$ConditionObject.await(AbstractQueuedSynchronizer.java:2039)
        at java.util.concurrent.ArrayBlockingQueue.take(ArrayBlockingQueue.java:403)
        at java.util.concurrent.ThreadPoolExecutor.getTask(ThreadPoolExecutor.java:1074)
        at java.util.concurrent.ThreadPoolExecutor.runWorker(ThreadPoolExecutor.java:1134)
        at java.util.concurrent.ThreadPoolExecutor$Worker.run(ThreadPoolExecutor.java:624)
        at java.lang.Thread.run(Thread.java:748)
"b9cfa588-8e56-4331-be2f-4c26f25c6739@group-1C5C21C10390-StateMachineUpdater" daemon prio=5 tid=2284 in Object.wait()
java.lang.Thread.State: WAITING (on object monitor)
        at java.lang.Object.wait(Native Method)
        at java.lang.Object.wait(Object.java:502)
        at org.apache.ratis.server.impl.StateMachineUpdater.waitForCommit(StateMachineUpdater.java:194)
        at org.apache.ratis.server.impl.StateMachineUpdater.run(StateMachineUpdater.java:159)
        at java.lang.Thread.run(Thread.java:748)
"metrics-hadoop-metrics2-reporter-44-thread-1" daemon prio=5 tid=994 timed_waiting
java.lang.Thread.State: TIMED_WAITING
        at sun.misc.Unsafe.park(Native Method)
        at java.util.concurrent.locks.LockSupport.parkNanos(LockSupport.java:215)
        at java.util.concurrent.locks.AbstractQueuedSynchronizer$ConditionObject.awaitNanos(AbstractQueuedSynchronizer.java:2078)
        at java.util.concurrent.ScheduledThreadPoolExecutor$DelayedWorkQueue.take(ScheduledThreadPoolExecutor.java:1093)
        at java.util.concurrent.ScheduledThreadPoolExecutor$DelayedWorkQueue.take(ScheduledThreadPoolExecutor.java:809)
        at java.util.concurrent.ThreadPoolExecutor.getTask(ThreadPoolExecutor.java:1074)
        at java.util.concurrent.ThreadPoolExecutor.runWorker(ThreadPoolExecutor.java:1134)
        at java.util.concurrent.ThreadPoolExecutor$Worker.run(ThreadPoolExecutor.java:624)
        at java.lang.Thread.run(Thread.java:748)
"7c431f9d-51bc-458b-a3a6-511ec217d887@group-21BA9BD4283D-StateMachineUpdater" daemon prio=5 tid=2485 in Object.wait()
java.lang.Thread.State: WAITING (on object monitor)
        at java.lang.Object.wait(Native Method)
        at java.lang.Object.wait(Object.java:502)
        at org.apache.ratis.server.impl.StateMachineUpdater.waitForCommit(StateMachineUpdater.java:194)
        at org.apache.ratis.server.impl.StateMachineUpdater.run(StateMachineUpdater.java:159)
        at java.lang.Thread.run(Thread.java:748)
"pool-158-thread-1"  prio=5 tid=1879 timed_waiting
java.lang.Thread.State: TIMED_WAITING
        at sun.misc.Unsafe.park(Native Method)
        at java.util.concurrent.locks.LockSupport.parkNanos(LockSupport.java:215)
        at java.util.concurrent.locks.AbstractQueuedSynchronizer$ConditionObject.awaitNanos(AbstractQueuedSynchronizer.java:2078)
        at java.util.concurrent.ScheduledThreadPoolExecutor$DelayedWorkQueue.take(ScheduledThreadPoolExecutor.java:1093)
        at java.util.concurrent.ScheduledThreadPoolExecutor$DelayedWorkQueue.take(ScheduledThreadPoolExecutor.java:809)
        at java.util.concurrent.ThreadPoolExecutor.getTask(ThreadPoolExecutor.java:1074)
        at java.util.concurrent.ThreadPoolExecutor.runWorker(ThreadPoolExecutor.java:1134)
        at java.util.concurrent.ThreadPoolExecutor$Worker.run(ThreadPoolExecutor.java:624)
        at java.lang.Thread.run(Thread.java:748)
"org.eclipse.jetty.server.session.HashSessionManager@7327a447Timer" daemon prio=5 tid=2043 timed_waiting
java.lang.Thread.State: TIMED_WAITING
        at sun.misc.Unsafe.park(Native Method)
        at java.util.concurrent.locks.LockSupport.parkNanos(LockSupport.java:215)
        at java.util.concurrent.locks.AbstractQueuedSynchronizer$ConditionObject.awaitNanos(AbstractQueuedSynchronizer.java:2078)
        at java.util.concurrent.ScheduledThreadPoolExecutor$DelayedWorkQueue.take(ScheduledThreadPoolExecutor.java:1093)
        at java.util.concurrent.ScheduledThreadPoolExecutor$DelayedWorkQueue.take(ScheduledThreadPoolExecutor.java:809)
        at java.util.concurrent.ThreadPoolExecutor.getTask(ThreadPoolExecutor.java:1074)
        at java.util.concurrent.ThreadPoolExecutor.runWorker(ThreadPoolExecutor.java:1134)
        at java.util.concurrent.ThreadPoolExecutor$Worker.run(ThreadPoolExecutor.java:624)
        at java.lang.Thread.run(Thread.java:748)
"metrics-hadoop-metrics2-reporter-7-thread-1" daemon prio=5 tid=451 timed_waiting
java.lang.Thread.State: TIMED_WAITING
        at sun.misc.Unsafe.park(Native Method)
        at java.util.concurrent.locks.LockSupport.parkNanos(LockSupport.java:215)
        at java.util.concurrent.locks.AbstractQueuedSynchronizer$ConditionObject.awaitNanos(AbstractQueuedSynchronizer.java:2078)
        at java.util.concurrent.ScheduledThreadPoolExecutor$DelayedWorkQueue.take(ScheduledThreadPoolExecutor.java:1093)
        at java.util.concurrent.ScheduledThreadPoolExecutor$DelayedWorkQueue.take(ScheduledThreadPoolExecutor.java:809)
        at java.util.concurrent.ThreadPoolExecutor.getTask(ThreadPoolExecutor.java:1074)
        at java.util.concurrent.ThreadPoolExecutor.runWorker(ThreadPoolExecutor.java:1134)
        at java.util.concurrent.ThreadPoolExecutor$Worker.run(ThreadPoolExecutor.java:624)
        at java.lang.Thread.run(Thread.java:748)
"pool-176-thread-34"  prio=5 tid=2113 in Object.wait()
java.lang.Thread.State: WAITING (on object monitor)
        at sun.misc.Unsafe.park(Native Method)
        at java.util.concurrent.locks.LockSupport.park(LockSupport.java:175)
        at java.util.concurrent.locks.AbstractQueuedSynchronizer$ConditionObject.await(AbstractQueuedSynchronizer.java:2039)
        at java.util.concurrent.ArrayBlockingQueue.take(ArrayBlockingQueue.java:403)
        at java.util.concurrent.ThreadPoolExecutor.getTask(ThreadPoolExecutor.java:1074)
        at java.util.concurrent.ThreadPoolExecutor.runWorker(ThreadPoolExecutor.java:1134)
        at java.util.concurrent.ThreadPoolExecutor$Worker.run(ThreadPoolExecutor.java:624)
        at java.lang.Thread.run(Thread.java:748)
"org.eclipse.jetty.server.session.HashSessionManager@430b2699Timer" daemon prio=5 tid=2069 timed_waiting
java.lang.Thread.State: TIMED_WAITING
        at sun.misc.Unsafe.park(Native Method)
        at java.util.concurrent.locks.LockSupport.parkNanos(LockSupport.java:215)
        at java.util.concurrent.locks.AbstractQueuedSynchronizer$ConditionObject.awaitNanos(AbstractQueuedSynchronizer.java:2078)
        at java.util.concurrent.ScheduledThreadPoolExecutor$DelayedWorkQueue.take(ScheduledThreadPoolExecutor.java:1093)
        at java.util.concurrent.ScheduledThreadPoolExecutor$DelayedWorkQueue.take(ScheduledThreadPoolExecutor.java:809)
        at java.util.concurrent.ThreadPoolExecutor.getTask(ThreadPoolExecutor.java:1074)
        at java.util.concurrent.ThreadPoolExecutor.runWorker(ThreadPoolExecutor.java:1134)
        at java.util.concurrent.ThreadPoolExecutor$Worker.run(ThreadPoolExecutor.java:624)
        at java.lang.Thread.run(Thread.java:748)
"IPC Server handler 11 on 44019" daemon prio=5 tid=1977 timed_waiting
java.lang.Thread.State: TIMED_WAITING
        at sun.misc.Unsafe.park(Native Method)
        at java.util.concurrent.locks.LockSupport.parkNanos(LockSupport.java:215)
        at java.util.concurrent.locks.AbstractQueuedSynchronizer$ConditionObject.awaitNanos(AbstractQueuedSynchronizer.java:2078)
        at java.util.concurrent.LinkedBlockingQueue.poll(LinkedBlockingQueue.java:467)
        at org.apache.hadoop.ipc.CallQueueManager.take(CallQueueManager.java:288)
        at org.apache.hadoop.ipc.Server$Handler.run(Server.java:2668)
"b9cfa588-8e56-4331-be2f-4c26f25c6739@group-1C5C21C10390-SegmentedRaftLogWorker"  prio=5 tid=2283 timed_waiting
java.lang.Thread.State: TIMED_WAITING
        at sun.misc.Unsafe.park(Native Method)
        at java.util.concurrent.locks.LockSupport.parkNanos(LockSupport.java:215)
        at java.util.concurrent.locks.AbstractQueuedSynchronizer$ConditionObject.awaitNanos(AbstractQueuedSynchronizer.java:2078)
        at org.apache.ratis.util.DataBlockingQueue.poll(DataBlockingQueue.java:137)
        at org.apache.ratis.server.raftlog.segmented.SegmentedRaftLogWorker.run(SegmentedRaftLogWorker.java:282)
        at java.lang.Thread.run(Thread.java:748)
"pool-176-thread-13"  prio=5 tid=2092 in Object.wait()
java.lang.Thread.State: WAITING (on object monitor)
        at sun.misc.Unsafe.park(Native Method)
        at java.util.concurrent.locks.LockSupport.park(LockSupport.java:175)
        at java.util.concurrent.locks.AbstractQueuedSynchronizer$ConditionObject.await(AbstractQueuedSynchronizer.java:2039)
        at java.util.concurrent.ArrayBlockingQueue.take(ArrayBlockingQueue.java:403)
        at java.util.concurrent.ThreadPoolExecutor.getTask(ThreadPoolExecutor.java:1074)
        at java.util.concurrent.ThreadPoolExecutor.runWorker(ThreadPoolExecutor.java:1134)
        at java.util.concurrent.ThreadPoolExecutor$Worker.run(ThreadPoolExecutor.java:624)
        at java.lang.Thread.run(Thread.java:748)
"IPC Server handler 13 on 35803" daemon prio=5 tid=1935 timed_waiting
java.lang.Thread.State: TIMED_WAITING
        at sun.misc.Unsafe.park(Native Method)
        at java.util.concurrent.locks.LockSupport.parkNanos(LockSupport.java:215)
        at java.util.concurrent.locks.AbstractQueuedSynchronizer$ConditionObject.awaitNanos(AbstractQueuedSynchronizer.java:2078)
        at java.util.concurrent.LinkedBlockingQueue.poll(LinkedBlockingQueue.java:467)
        at org.apache.hadoop.ipc.CallQueueManager.take(CallQueueManager.java:288)
        at org.apache.hadoop.ipc.Server$Handler.run(Server.java:2668)
"pool-196-thread-54"  prio=5 tid=2258 in Object.wait()
java.lang.Thread.State: WAITING (on object monitor)
        at sun.misc.Unsafe.park(Native Method)
        at java.util.concurrent.locks.LockSupport.park(LockSupport.java:175)
        at java.util.concurrent.locks.AbstractQueuedSynchronizer$ConditionObject.await(AbstractQueuedSynchronizer.java:2039)
        at java.util.concurrent.ArrayBlockingQueue.take(ArrayBlockingQueue.java:403)
        at java.util.concurrent.ThreadPoolExecutor.getTask(ThreadPoolExecutor.java:1074)
        at java.util.concurrent.ThreadPoolExecutor.runWorker(ThreadPoolExecutor.java:1134)
        at java.util.concurrent.ThreadPoolExecutor$Worker.run(ThreadPoolExecutor.java:624)
        at java.lang.Thread.run(Thread.java:748)
"pool-186-thread-35"  prio=5 tid=2177 in Object.wait()
java.lang.Thread.State: WAITING (on object monitor)
        at sun.misc.Unsafe.park(Native Method)
        at java.util.concurrent.locks.LockSupport.park(LockSupport.java:175)
        at java.util.concurrent.locks.AbstractQueuedSynchronizer$ConditionObject.await(AbstractQueuedSynchronizer.java:2039)
        at java.util.concurrent.ArrayBlockingQueue.take(ArrayBlockingQueue.java:403)
        at java.util.concurrent.ThreadPoolExecutor.getTask(ThreadPoolExecutor.java:1074)
        at java.util.concurrent.ThreadPoolExecutor.runWorker(ThreadPoolExecutor.java:1134)
        at java.util.concurrent.ThreadPoolExecutor$Worker.run(ThreadPoolExecutor.java:624)
        at java.lang.Thread.run(Thread.java:748)
"Datanode ReportManager Thread - 3" daemon prio=5 tid=2075 in Object.wait()
java.lang.Thread.State: WAITING (on object monitor)
        at sun.misc.Unsafe.park(Native Method)
        at java.util.concurrent.locks.LockSupport.park(LockSupport.java:175)
        at java.util.concurrent.locks.AbstractQueuedSynchronizer$ConditionObject.await(AbstractQueuedSynchronizer.java:2039)
        at java.util.concurrent.ScheduledThreadPoolExecutor$DelayedWorkQueue.take(ScheduledThreadPoolExecutor.java:1088)
        at java.util.concurrent.ScheduledThreadPoolExecutor$DelayedWorkQueue.take(ScheduledThreadPoolExecutor.java:809)
        at java.util.concurrent.ThreadPoolExecutor.getTask(ThreadPoolExecutor.java:1074)
        at java.util.concurrent.ThreadPoolExecutor.runWorker(ThreadPoolExecutor.java:1134)
        at java.util.concurrent.ThreadPoolExecutor$Worker.run(ThreadPoolExecutor.java:624)
        at java.lang.Thread.run(Thread.java:748)
"IPC Server handler 10 on 35803" daemon prio=5 tid=1932 timed_waiting
java.lang.Thread.State: TIMED_WAITING
        at sun.misc.Unsafe.park(Native Method)
        at java.util.concurrent.locks.LockSupport.parkNanos(LockSupport.java:215)
        at java.util.concurrent.locks.AbstractQueuedSynchronizer$ConditionObject.awaitNanos(AbstractQueuedSynchronizer.java:2078)
        at java.util.concurrent.LinkedBlockingQueue.poll(LinkedBlockingQueue.java:467)
        at org.apache.hadoop.ipc.CallQueueManager.take(CallQueueManager.java:288)
        at org.apache.hadoop.ipc.Server$Handler.run(Server.java:2668)
"IPC Server handler 2 on 44019" daemon prio=5 tid=1967 timed_waiting
java.lang.Thread.State: TIMED_WAITING
        at sun.misc.Unsafe.park(Native Method)
        at java.util.concurrent.locks.LockSupport.parkNanos(LockSupport.java:215)
        at java.util.concurrent.locks.AbstractQueuedSynchronizer$ConditionObject.awaitNanos(AbstractQueuedSynchronizer.java:2078)
        at java.util.concurrent.LinkedBlockingQueue.poll(LinkedBlockingQueue.java:467)
        at org.apache.hadoop.ipc.CallQueueManager.take(CallQueueManager.java:288)
        at org.apache.hadoop.ipc.Server$Handler.run(Server.java:2668)
"metrics-hadoop-metrics2-reporter-65-thread-1" daemon prio=5 tid=1171 timed_waiting
java.lang.Thread.State: TIMED_WAITING
        at sun.misc.Unsafe.park(Native Method)
        at java.util.concurrent.locks.LockSupport.parkNanos(LockSupport.java:215)
        at java.util.concurrent.locks.AbstractQueuedSynchronizer$ConditionObject.awaitNanos(AbstractQueuedSynchronizer.java:2078)
        at java.util.concurrent.ScheduledThreadPoolExecutor$DelayedWorkQueue.take(ScheduledThreadPoolExecutor.java:1093)
        at java.util.concurrent.ScheduledThreadPoolExecutor$DelayedWorkQueue.take(ScheduledThreadPoolExecutor.java:809)
        at java.util.concurrent.ThreadPoolExecutor.getTask(ThreadPoolExecutor.java:1074)
        at java.util.concurrent.ThreadPoolExecutor.runWorker(ThreadPoolExecutor.java:1134)
        at java.util.concurrent.ThreadPoolExecutor$Worker.run(ThreadPoolExecutor.java:624)
        at java.lang.Thread.run(Thread.java:748)
"pool-196-thread-27"  prio=5 tid=2231 in Object.wait()
java.lang.Thread.State: WAITING (on object monitor)
        at sun.misc.Unsafe.park(Native Method)
        at java.util.concurrent.locks.LockSupport.park(LockSupport.java:175)
        at java.util.concurrent.locks.AbstractQueuedSynchronizer$ConditionObject.await(AbstractQueuedSynchronizer.java:2039)
        at java.util.concurrent.ArrayBlockingQueue.take(ArrayBlockingQueue.java:403)
        at java.util.concurrent.ThreadPoolExecutor.getTask(ThreadPoolExecutor.java:1074)
        at java.util.concurrent.ThreadPoolExecutor.runWorker(ThreadPoolExecutor.java:1134)
        at java.util.concurrent.ThreadPoolExecutor$Worker.run(ThreadPoolExecutor.java:624)
        at java.lang.Thread.run(Thread.java:748)
"pool-176-thread-28"  prio=5 tid=2107 in Object.wait()
java.lang.Thread.State: WAITING (on object monitor)
        at sun.misc.Unsafe.park(Native Method)
        at java.util.concurrent.locks.LockSupport.park(LockSupport.java:175)
        at java.util.concurrent.locks.AbstractQueuedSynchronizer$ConditionObject.await(AbstractQueuedSynchronizer.java:2039)
        at java.util.concurrent.ArrayBlockingQueue.take(ArrayBlockingQueue.java:403)
        at java.util.concurrent.ThreadPoolExecutor.getTask(ThreadPoolExecutor.java:1074)
        at java.util.concurrent.ThreadPoolExecutor.runWorker(ThreadPoolExecutor.java:1134)
        at java.util.concurrent.ThreadPoolExecutor$Worker.run(ThreadPoolExecutor.java:624)
        at java.lang.Thread.run(Thread.java:748)
"pool-176-thread-14"  prio=5 tid=2093 in Object.wait()
java.lang.Thread.State: WAITING (on object monitor)
        at sun.misc.Unsafe.park(Native Method)
        at java.util.concurrent.locks.LockSupport.park(LockSupport.java:175)
        at java.util.concurrent.locks.AbstractQueuedSynchronizer$ConditionObject.await(AbstractQueuedSynchronizer.java:2039)
        at java.util.concurrent.ArrayBlockingQueue.take(ArrayBlockingQueue.java:403)
        at java.util.concurrent.ThreadPoolExecutor.getTask(ThreadPoolExecutor.java:1074)
        at java.util.concurrent.ThreadPoolExecutor.runWorker(ThreadPoolExecutor.java:1134)
        at java.util.concurrent.ThreadPoolExecutor$Worker.run(ThreadPoolExecutor.java:624)
        at java.lang.Thread.run(Thread.java:748)
"IPC Server handler 0 on 37818" daemon prio=5 tid=1902 timed_waiting
java.lang.Thread.State: TIMED_WAITING
        at sun.misc.Unsafe.park(Native Method)
        at java.util.concurrent.locks.LockSupport.parkNanos(LockSupport.java:215)
        at java.util.concurrent.locks.AbstractQueuedSynchronizer$ConditionObject.awaitNanos(AbstractQueuedSynchronizer.java:2078)
        at java.util.concurrent.LinkedBlockingQueue.poll(LinkedBlockingQueue.java:467)
        at org.apache.hadoop.ipc.CallQueueManager.take(CallQueueManager.java:288)
        at org.apache.hadoop.ipc.Server$Handler.run(Server.java:2668)
"pool-196-thread-7"  prio=5 tid=2211 in Object.wait()
java.lang.Thread.State: WAITING (on object monitor)
        at sun.misc.Unsafe.park(Native Method)
        at java.util.concurrent.locks.LockSupport.park(LockSupport.java:175)
        at java.util.concurrent.locks.AbstractQueuedSynchronizer$ConditionObject.await(AbstractQueuedSynchronizer.java:2039)
        at java.util.concurrent.ArrayBlockingQueue.take(ArrayBlockingQueue.java:403)
        at java.util.concurrent.ThreadPoolExecutor.getTask(ThreadPoolExecutor.java:1074)
        at java.util.concurrent.ThreadPoolExecutor.runWorker(ThreadPoolExecutor.java:1134)
        at java.util.concurrent.ThreadPoolExecutor$Worker.run(ThreadPoolExecutor.java:624)
        at java.lang.Thread.run(Thread.java:748)
"metrics-hadoop-metrics2-reporter-124-thread-1" daemon prio=5 tid=2481 timed_waiting
java.lang.Thread.State: TIMED_WAITING
        at sun.misc.Unsafe.park(Native Method)
        at java.util.concurrent.locks.LockSupport.parkNanos(LockSupport.java:215)
        at java.util.concurrent.locks.AbstractQueuedSynchronizer$ConditionObject.awaitNanos(AbstractQueuedSynchronizer.java:2078)
        at java.util.concurrent.ScheduledThreadPoolExecutor$DelayedWorkQueue.take(ScheduledThreadPoolExecutor.java:1093)
        at java.util.concurrent.ScheduledThreadPoolExecutor$DelayedWorkQueue.take(ScheduledThreadPoolExecutor.java:809)
        at java.util.concurrent.ThreadPoolExecutor.getTask(ThreadPoolExecutor.java:1074)
        at java.util.concurrent.ThreadPoolExecutor.runWorker(ThreadPoolExecutor.java:1134)
        at java.util.concurrent.ThreadPoolExecutor$Worker.run(ThreadPoolExecutor.java:624)
        at java.lang.Thread.run(Thread.java:748)
"metrics-hadoop-metrics2-reporter-120-thread-1" daemon prio=5 tid=2339 timed_waiting
java.lang.Thread.State: TIMED_WAITING
        at sun.misc.Unsafe.park(Native Method)
        at java.util.concurrent.locks.LockSupport.parkNanos(LockSupport.java:215)
        at java.util.concurrent.locks.AbstractQueuedSynchronizer$ConditionObject.awaitNanos(AbstractQueuedSynchronizer.java:2078)
        at java.util.concurrent.ScheduledThreadPoolExecutor$DelayedWorkQueue.take(ScheduledThreadPoolExecutor.java:1093)
        at java.util.concurrent.ScheduledThreadPoolExecutor$DelayedWorkQueue.take(ScheduledThreadPoolExecutor.java:809)
        at java.util.concurrent.ThreadPoolExecutor.getTask(ThreadPoolExecutor.java:1074)
        at java.util.concurrent.ThreadPoolExecutor.runWorker(ThreadPoolExecutor.java:1134)
        at java.util.concurrent.ThreadPoolExecutor$Worker.run(ThreadPoolExecutor.java:624)
        at java.lang.Thread.run(Thread.java:748)
"IPC Server handler 11 on 35803" daemon prio=5 tid=1933 timed_waiting
java.lang.Thread.State: TIMED_WAITING
        at sun.misc.Unsafe.park(Native Method)
        at java.util.concurrent.locks.LockSupport.parkNanos(LockSupport.java:215)
        at java.util.concurrent.locks.AbstractQueuedSynchronizer$ConditionObject.awaitNanos(AbstractQueuedSynchronizer.java:2078)
        at java.util.concurrent.LinkedBlockingQueue.poll(LinkedBlockingQueue.java:467)
        at org.apache.hadoop.ipc.CallQueueManager.take(CallQueueManager.java:288)
        at org.apache.hadoop.ipc.Server$Handler.run(Server.java:2668)
"main"  prio=5 tid=1 runnable
java.lang.Thread.State: RUNNABLE
        at java.lang.Thread.dumpThreads(Native Method)
        at java.lang.Thread.getAllStackTraces(Thread.java:1610)
        at org.apache.hadoop.test.TimedOutTestsListener.buildThreadDump(TimedOutTestsListener.java:87)
        at org.apache.hadoop.test.TimedOutTestsListener.buildThreadDiagnosticString(TimedOutTestsListener.java:73)
        at org.apache.hadoop.test.GenericTestUtils.waitFor(GenericTestUtils.java:389)
        at org.apache.hadoop.ozone.MiniOzoneClusterImpl.waitForClusterToBeReady(MiniOzoneClusterImpl.java:149)
        at org.apache.hadoop.ozone.scm.TestXceiverClientManager.init(TestXceiverClientManager.java:63)
        at sun.reflect.NativeMethodAccessorImpl.invoke0(Native Method)
        at sun.reflect.NativeMethodAccessorImpl.invoke(NativeMethodAccessorImpl.java:62)
        at sun.reflect.DelegatingMethodAccessorImpl.invoke(DelegatingMethodAccessorImpl.java:43)
        at java.lang.reflect.Method.invoke(Method.java:498)
        at org.junit.runners.model.FrameworkMethod$1.runReflectiveCall(FrameworkMethod.java:47)
        at org.junit.internal.runners.model.ReflectiveCallable.run(ReflectiveCallable.java:12)
        at org.junit.runners.model.FrameworkMethod.invokeExplosively(FrameworkMethod.java:44)
        at org.junit.internal.runners.statements.RunBefores.evaluate(RunBefores.java:24)
        at org.junit.internal.runners.statements.RunAfters.evaluate(RunAfters.java:27)
        at org.junit.rules.ExpectedException$ExpectedExceptionStatement.evaluate(ExpectedException.java:168)
        at org.junit.rules.RunRules.evaluate(RunRules.java:20)
        at org.junit.runners.ParentRunner.runLeaf(ParentRunner.java:271)
        at org.junit.runners.BlockJUnit4ClassRunner.runChild(BlockJUnit4ClassRunner.java:70)
        at org.junit.runners.BlockJUnit4ClassRunner.runChild(BlockJUnit4ClassRunner.java:50)
        at org.junit.runners.ParentRunner$3.run(ParentRunner.java:238)
        at org.junit.runners.ParentRunner$1.schedule(ParentRunner.java:63)
        at org.junit.runners.ParentRunner.runChildren(ParentRunner.java:236)
        at org.junit.runners.ParentRunner.access$000(ParentRunner.java:53)
        at org.junit.runners.ParentRunner$2.evaluate(ParentRunner.java:229)
        at org.junit.runners.ParentRunner.run(ParentRunner.java:309)
        at org.apache.maven.surefire.junit4.JUnit4Provider.execute(JUnit4Provider.java:365)
        at org.apache.maven.surefire.junit4.JUnit4Provider.executeWithRerun(JUnit4Provider.java:273)
        at org.apache.maven.surefire.junit4.JUnit4Provider.executeTestSet(JUnit4Provider.java:238)
        at org.apache.maven.surefire.junit4.JUnit4Provider.invoke(JUnit4Provider.java:159)
        at org.apache.maven.surefire.booter.ForkedBooter.invokeProviderInSameClassLoader(ForkedBooter.java:384)
        at org.apache.maven.surefire.booter.ForkedBooter.runSuitesInProcess(ForkedBooter.java:345)
        at org.apache.maven.surefire.booter.ForkedBooter.execute(ForkedBooter.java:126)
        at org.apache.maven.surefire.booter.ForkedBooter.main(ForkedBooter.java:418)
"metrics-hadoop-metrics2-reporter-23-thread-1" daemon prio=5 tid=501 timed_waiting
java.lang.Thread.State: TIMED_WAITING
        at sun.misc.Unsafe.park(Native Method)
        at java.util.concurrent.locks.LockSupport.parkNanos(LockSupport.java:215)
        at java.util.concurrent.locks.AbstractQueuedSynchronizer$ConditionObject.awaitNanos(AbstractQueuedSynchronizer.java:2078)
        at java.util.concurrent.ScheduledThreadPoolExecutor$DelayedWorkQueue.take(ScheduledThreadPoolExecutor.java:1093)
        at java.util.concurrent.ScheduledThreadPoolExecutor$DelayedWorkQueue.take(ScheduledThreadPoolExecutor.java:809)
        at java.util.concurrent.ThreadPoolExecutor.getTask(ThreadPoolExecutor.java:1074)
        at java.util.concurrent.ThreadPoolExecutor.runWorker(ThreadPoolExecutor.java:1134)
        at java.util.concurrent.ThreadPoolExecutor$Worker.run(ThreadPoolExecutor.java:624)
        at java.lang.Thread.run(Thread.java:748)
"IPC Server handler 5 on 44019" daemon prio=5 tid=1971 timed_waiting
java.lang.Thread.State: TIMED_WAITING
        at sun.misc.Unsafe.park(Native Method)
        at java.util.concurrent.locks.LockSupport.parkNanos(LockSupport.java:215)
        at java.util.concurrent.locks.AbstractQueuedSynchronizer$ConditionObject.awaitNanos(AbstractQueuedSynchronizer.java:2078)
        at java.util.concurrent.LinkedBlockingQueue.poll(LinkedBlockingQueue.java:467)
        at org.apache.hadoop.ipc.CallQueueManager.take(CallQueueManager.java:288)
        at org.apache.hadoop.ipc.Server$Handler.run(Server.java:2668)
"pool-196-thread-29"  prio=5 tid=2233 in Object.wait()
java.lang.Thread.State: WAITING (on object monitor)
        at sun.misc.Unsafe.park(Native Method)
        at java.util.concurrent.locks.LockSupport.park(LockSupport.java:175)
        at java.util.concurrent.locks.AbstractQueuedSynchronizer$ConditionObject.await(AbstractQueuedSynchronizer.java:2039)
        at java.util.concurrent.ArrayBlockingQueue.take(ArrayBlockingQueue.java:403)
        at java.util.concurrent.ThreadPoolExecutor.getTask(ThreadPoolExecutor.java:1074)
        at java.util.concurrent.ThreadPoolExecutor.runWorker(ThreadPoolExecutor.java:1134)
        at java.util.concurrent.ThreadPoolExecutor$Worker.run(ThreadPoolExecutor.java:624)
        at java.lang.Thread.run(Thread.java:748)
"metrics-hadoop-metrics2-reporter-56-thread-1" daemon prio=5 tid=1129 timed_waiting
java.lang.Thread.State: TIMED_WAITING
        at sun.misc.Unsafe.park(Native Method)
        at java.util.concurrent.locks.LockSupport.parkNanos(LockSupport.java:215)
        at java.util.concurrent.locks.AbstractQueuedSynchronizer$ConditionObject.awaitNanos(AbstractQueuedSynchronizer.java:2078)
        at java.util.concurrent.ScheduledThreadPoolExecutor$DelayedWorkQueue.take(ScheduledThreadPoolExecutor.java:1093)
        at java.util.concurrent.ScheduledThreadPoolExecutor$DelayedWorkQueue.take(ScheduledThreadPoolExecutor.java:809)
        at java.util.concurrent.ThreadPoolExecutor.getTask(ThreadPoolExecutor.java:1074)
        at java.util.concurrent.ThreadPoolExecutor.runWorker(ThreadPoolExecutor.java:1134)
        at java.util.concurrent.ThreadPoolExecutor$Worker.run(ThreadPoolExecutor.java:624)
        at java.lang.Thread.run(Thread.java:748)
"Datanode ReportManager Thread - 3" daemon prio=5 tid=1346 timed_waiting
java.lang.Thread.State: TIMED_WAITING
        at sun.misc.Unsafe.park(Native Method)
        at java.util.concurrent.locks.LockSupport.parkNanos(LockSupport.java:215)
        at java.util.concurrent.locks.AbstractQueuedSynchronizer$ConditionObject.awaitNanos(AbstractQueuedSynchronizer.java:2078)
        at java.util.concurrent.ScheduledThreadPoolExecutor$DelayedWorkQueue.take(ScheduledThreadPoolExecutor.java:1093)
        at java.util.concurrent.ScheduledThreadPoolExecutor$DelayedWorkQueue.take(ScheduledThreadPoolExecutor.java:809)
        at java.util.concurrent.ThreadPoolExecutor.getTask(ThreadPoolExecutor.java:1074)
        at java.util.concurrent.ThreadPoolExecutor.runWorker(ThreadPoolExecutor.java:1134)
        at java.util.concurrent.ThreadPoolExecutor$Worker.run(ThreadPoolExecutor.java:624)
        at java.lang.Thread.run(Thread.java:748)
"qtp2077845538-1989" daemon prio=5 tid=1989 timed_waiting
java.lang.Thread.State: TIMED_WAITING
        at sun.misc.Unsafe.park(Native Method)
        at java.util.concurrent.locks.LockSupport.parkNanos(LockSupport.java:215)
        at java.util.concurrent.locks.AbstractQueuedSynchronizer$ConditionObject.awaitNanos(AbstractQueuedSynchronizer.java:2078)
        at org.eclipse.jetty.util.BlockingArrayQueue.poll(BlockingArrayQueue.java:392)
        at org.eclipse.jetty.util.thread.QueuedThreadPool.idleJobPoll(QueuedThreadPool.java:563)
        at org.eclipse.jetty.util.thread.QueuedThreadPool.access$800(QueuedThreadPool.java:48)
        at org.eclipse.jetty.util.thread.QueuedThreadPool$2.run(QueuedThreadPool.java:626)
        at java.lang.Thread.run(Thread.java:748)
"IPC Server handler 1 on 44019" daemon prio=5 tid=1966 timed_waiting
java.lang.Thread.State: TIMED_WAITING
        at sun.misc.Unsafe.park(Native Method)
        at java.util.concurrent.locks.LockSupport.parkNanos(LockSupport.java:215)
        at java.util.concurrent.locks.AbstractQueuedSynchronizer$ConditionObject.awaitNanos(AbstractQueuedSynchronizer.java:2078)
        at java.util.concurrent.LinkedBlockingQueue.poll(LinkedBlockingQueue.java:467)
        at org.apache.hadoop.ipc.CallQueueManager.take(CallQueueManager.java:288)
        at org.apache.hadoop.ipc.Server$Handler.run(Server.java:2668)
"Datanode State Machine Thread - 0" daemon prio=5 tid=2051 timed_waiting
java.lang.Thread.State: TIMED_WAITING
        at sun.misc.Unsafe.park(Native Method)
        at java.util.concurrent.locks.LockSupport.parkNanos(LockSupport.java:215)
        at java.util.concurrent.SynchronousQueue$TransferStack.awaitFulfill(SynchronousQueue.java:460)
        at java.util.concurrent.SynchronousQueue$TransferStack.transfer(SynchronousQueue.java:362)
        at java.util.concurrent.SynchronousQueue.poll(SynchronousQueue.java:941)
        at java.util.concurrent.ThreadPoolExecutor.getTask(ThreadPoolExecutor.java:1073)
        at java.util.concurrent.ThreadPoolExecutor.runWorker(ThreadPoolExecutor.java:1134)
        at java.util.concurrent.ThreadPoolExecutor$Worker.run(ThreadPoolExecutor.java:624)
        at java.lang.Thread.run(Thread.java:748)
"pool-176-thread-3"  prio=5 tid=2082 in Object.wait()
java.lang.Thread.State: WAITING (on object monitor)
        at sun.misc.Unsafe.park(Native Method)
        at java.util.concurrent.locks.LockSupport.park(LockSupport.java:175)
        at java.util.concurrent.locks.AbstractQueuedSynchronizer$ConditionObject.await(AbstractQueuedSynchronizer.java:2039)
        at java.util.concurrent.ArrayBlockingQueue.take(ArrayBlockingQueue.java:403)
        at java.util.concurrent.ThreadPoolExecutor.getTask(ThreadPoolExecutor.java:1074)
        at java.util.concurrent.ThreadPoolExecutor.runWorker(ThreadPoolExecutor.java:1134)
        at java.util.concurrent.ThreadPoolExecutor$Worker.run(ThreadPoolExecutor.java:624)
        at java.lang.Thread.run(Thread.java:748)
"pool-196-thread-17"  prio=5 tid=2221 in Object.wait()
java.lang.Thread.State: WAITING (on object monitor)
        at sun.misc.Unsafe.park(Native Method)
        at java.util.concurrent.locks.LockSupport.park(LockSupport.java:175)
        at java.util.concurrent.locks.AbstractQueuedSynchronizer$ConditionObject.await(AbstractQueuedSynchronizer.java:2039)
        at java.util.concurrent.ArrayBlockingQueue.take(ArrayBlockingQueue.java:403)
        at java.util.concurrent.ThreadPoolExecutor.getTask(ThreadPoolExecutor.java:1074)
        at java.util.concurrent.ThreadPoolExecutor.runWorker(ThreadPoolExecutor.java:1134)
        at java.util.concurrent.ThreadPoolExecutor$Worker.run(ThreadPoolExecutor.java:624)
        at java.lang.Thread.run(Thread.java:748)
"qtp1300497562-2060" daemon prio=5 tid=2060 runnable
java.lang.Thread.State: RUNNABLE
        at sun.nio.ch.EPollArrayWrapper.epollWait(Native Method)
        at sun.nio.ch.EPollArrayWrapper.poll(EPollArrayWrapper.java:269)
        at sun.nio.ch.EPollSelectorImpl.doSelect(EPollSelectorImpl.java:93)
        at sun.nio.ch.SelectorImpl.lockAndDoSelect(SelectorImpl.java:86)
        at sun.nio.ch.SelectorImpl.select(SelectorImpl.java:97)
        at sun.nio.ch.SelectorImpl.select(SelectorImpl.java:101)
        at org.eclipse.jetty.io.ManagedSelector$SelectorProducer.select(ManagedSelector.java:243)
        at org.eclipse.jetty.io.ManagedSelector$SelectorProducer.produce(ManagedSelector.java:191)
        at org.eclipse.jetty.util.thread.strategy.ExecuteProduceConsume.executeProduceConsume(ExecuteProduceConsume.java:249)
        at org.eclipse.jetty.util.thread.strategy.ExecuteProduceConsume.produceConsume(ExecuteProduceConsume.java:148)
        at org.eclipse.jetty.util.thread.strategy.ExecuteProduceConsume.execute(ExecuteProduceConsume.java:100)
        at org.eclipse.jetty.io.ManagedSelector.run(ManagedSelector.java:147)
        at org.eclipse.jetty.util.thread.QueuedThreadPool.runJob(QueuedThreadPool.java:671)
        at org.eclipse.jetty.util.thread.QueuedThreadPool$2.run(QueuedThreadPool.java:589)
        at java.lang.Thread.run(Thread.java:748)
"Datanode ReportManager Thread - 2" daemon prio=5 tid=1372 in Object.wait()
java.lang.Thread.State: WAITING (on object monitor)
        at sun.misc.Unsafe.park(Native Method)
        at java.util.concurrent.locks.LockSupport.park(LockSupport.java:175)
        at java.util.concurrent.locks.AbstractQueuedSynchronizer$ConditionObject.await(AbstractQueuedSynchronizer.java:2039)
        at java.util.concurrent.ScheduledThreadPoolExecutor$DelayedWorkQueue.take(ScheduledThreadPoolExecutor.java:1088)
        at java.util.concurrent.ScheduledThreadPoolExecutor$DelayedWorkQueue.take(ScheduledThreadPoolExecutor.java:809)
        at java.util.concurrent.ThreadPoolExecutor.getTask(ThreadPoolExecutor.java:1074)
        at java.util.concurrent.ThreadPoolExecutor.runWorker(ThreadPoolExecutor.java:1134)
        at java.util.concurrent.ThreadPoolExecutor$Worker.run(ThreadPoolExecutor.java:624)
        at java.lang.Thread.run(Thread.java:748)
"pool-176-thread-8"  prio=5 tid=2087 in Object.wait()
java.lang.Thread.State: WAITING (on object monitor)
        at sun.misc.Unsafe.park(Native Method)
        at java.util.concurrent.locks.LockSupport.park(LockSupport.java:175)
        at java.util.concurrent.locks.AbstractQueuedSynchronizer$ConditionObject.await(AbstractQueuedSynchronizer.java:2039)
        at java.util.concurrent.ArrayBlockingQueue.take(ArrayBlockingQueue.java:403)
        at java.util.concurrent.ThreadPoolExecutor.getTask(ThreadPoolExecutor.java:1074)
        at java.util.concurrent.ThreadPoolExecutor.runWorker(ThreadPoolExecutor.java:1134)
        at java.util.concurrent.ThreadPoolExecutor$Worker.run(ThreadPoolExecutor.java:624)
        at java.lang.Thread.run(Thread.java:748)
"java.util.concurrent.ThreadPoolExecutor$Worker@77c9131b[State = -1, empty queue]" daemon prio=5 tid=2509 timed_waiting
java.lang.Thread.State: TIMED_WAITING
        at sun.misc.Unsafe.park(Native Method)
        at java.util.concurrent.locks.LockSupport.parkNanos(LockSupport.java:215)
        at java.util.concurrent.locks.AbstractQueuedSynchronizer$ConditionObject.awaitNanos(AbstractQueuedSynchronizer.java:2078)
        at java.util.concurrent.ScheduledThreadPoolExecutor$DelayedWorkQueue.take(ScheduledThreadPoolExecutor.java:1093)
        at java.util.concurrent.ScheduledThreadPoolExecutor$DelayedWorkQueue.take(ScheduledThreadPoolExecutor.java:809)
        at java.util.concurrent.ThreadPoolExecutor.getTask(ThreadPoolExecutor.java:1074)
        at java.util.concurrent.ThreadPoolExecutor.runWorker(ThreadPoolExecutor.java:1134)
        at java.util.concurrent.ThreadPoolExecutor$Worker.run(ThreadPoolExecutor.java:624)
        at java.lang.Thread.run(Thread.java:748)
"metrics-hadoop-metrics2-reporter-116-thread-1" daemon prio=5 tid=2327 timed_waiting
java.lang.Thread.State: TIMED_WAITING
        at sun.misc.Unsafe.park(Native Method)
        at java.util.concurrent.locks.LockSupport.parkNanos(LockSupport.java:215)
        at java.util.concurrent.locks.AbstractQueuedSynchronizer$ConditionObject.awaitNanos(AbstractQueuedSynchronizer.java:2078)
        at java.util.concurrent.ScheduledThreadPoolExecutor$DelayedWorkQueue.take(ScheduledThreadPoolExecutor.java:1093)
        at java.util.concurrent.ScheduledThreadPoolExecutor$DelayedWorkQueue.take(ScheduledThreadPoolExecutor.java:809)
        at java.util.concurrent.ThreadPoolExecutor.getTask(ThreadPoolExecutor.java:1074)
        at java.util.concurrent.ThreadPoolExecutor.runWorker(ThreadPoolExecutor.java:1134)
        at java.util.concurrent.ThreadPoolExecutor$Worker.run(ThreadPoolExecutor.java:624)
        at java.lang.Thread.run(Thread.java:748)
"metrics-hadoop-metrics2-reporter-40-thread-1" daemon prio=5 tid=979 timed_waiting
java.lang.Thread.State: TIMED_WAITING
        at sun.misc.Unsafe.park(Native Method)
        at java.util.concurrent.locks.LockSupport.parkNanos(LockSupport.java:215)
        at java.util.concurrent.locks.AbstractQueuedSynchronizer$ConditionObject.awaitNanos(AbstractQueuedSynchronizer.java:2078)
        at java.util.concurrent.ScheduledThreadPoolExecutor$DelayedWorkQueue.take(ScheduledThreadPoolExecutor.java:1093)
        at java.util.concurrent.ScheduledThreadPoolExecutor$DelayedWorkQueue.take(ScheduledThreadPoolExecutor.java:809)
        at java.util.concurrent.ThreadPoolExecutor.getTask(ThreadPoolExecutor.java:1074)
        at java.util.concurrent.ThreadPoolExecutor.runWorker(ThreadPoolExecutor.java:1134)
        at java.util.concurrent.ThreadPoolExecutor$Worker.run(ThreadPoolExecutor.java:624)
        at java.lang.Thread.run(Thread.java:748)
"qtp1664093259-2037" daemon prio=5 tid=2037 timed_waiting
java.lang.Thread.State: TIMED_WAITING
        at sun.misc.Unsafe.park(Native Method)
        at java.util.concurrent.locks.LockSupport.parkNanos(LockSupport.java:215)
        at java.util.concurrent.locks.AbstractQueuedSynchronizer$ConditionObject.awaitNanos(AbstractQueuedSynchronizer.java:2078)
        at org.eclipse.jetty.util.BlockingArrayQueue.poll(BlockingArrayQueue.java:392)
        at org.eclipse.jetty.util.thread.QueuedThreadPool.idleJobPoll(QueuedThreadPool.java:563)
        at org.eclipse.jetty.util.thread.QueuedThreadPool.access$800(QueuedThreadPool.java:48)
        at org.eclipse.jetty.util.thread.QueuedThreadPool$2.run(QueuedThreadPool.java:626)
        at java.lang.Thread.run(Thread.java:748)
"pool-186-thread-47"  prio=5 tid=2189 in Object.wait()
java.lang.Thread.State: WAITING (on object monitor)
        at sun.misc.Unsafe.park(Native Method)
        at java.util.concurrent.locks.LockSupport.park(LockSupport.java:175)
        at java.util.concurrent.locks.AbstractQueuedSynchronizer$ConditionObject.await(AbstractQueuedSynchronizer.java:2039)
        at java.util.concurrent.ArrayBlockingQueue.take(ArrayBlockingQueue.java:403)
        at java.util.concurrent.ThreadPoolExecutor.getTask(ThreadPoolExecutor.java:1074)
        at java.util.concurrent.ThreadPoolExecutor.runWorker(ThreadPoolExecutor.java:1134)
        at java.util.concurrent.ThreadPoolExecutor$Worker.run(ThreadPoolExecutor.java:624)
        at java.lang.Thread.run(Thread.java:748)
"pool-186-thread-39"  prio=5 tid=2181 in Object.wait()
java.lang.Thread.State: WAITING (on object monitor)
        at sun.misc.Unsafe.park(Native Method)
        at java.util.concurrent.locks.LockSupport.park(LockSupport.java:175)
        at java.util.concurrent.locks.AbstractQueuedSynchronizer$ConditionObject.await(AbstractQueuedSynchronizer.java:2039)
        at java.util.concurrent.ArrayBlockingQueue.take(ArrayBlockingQueue.java:403)
        at java.util.concurrent.ThreadPoolExecutor.getTask(ThreadPoolExecutor.java:1074)
        at java.util.concurrent.ThreadPoolExecutor.runWorker(ThreadPoolExecutor.java:1134)
        at java.util.concurrent.ThreadPoolExecutor$Worker.run(ThreadPoolExecutor.java:624)
        at java.lang.Thread.run(Thread.java:748)
"pool-176-thread-16"  prio=5 tid=2095 in Object.wait()
java.lang.Thread.State: WAITING (on object monitor)
        at sun.misc.Unsafe.park(Native Method)
        at java.util.concurrent.locks.LockSupport.park(LockSupport.java:175)
        at java.util.concurrent.locks.AbstractQueuedSynchronizer$ConditionObject.await(AbstractQueuedSynchronizer.java:2039)
        at java.util.concurrent.ArrayBlockingQueue.take(ArrayBlockingQueue.java:403)
        at java.util.concurrent.ThreadPoolExecutor.getTask(ThreadPoolExecutor.java:1074)
        at java.util.concurrent.ThreadPoolExecutor.runWorker(ThreadPoolExecutor.java:1134)
        at java.util.concurrent.ThreadPoolExecutor$Worker.run(ThreadPoolExecutor.java:624)
        at java.lang.Thread.run(Thread.java:748)
"qtp584694804-1946" daemon prio=5 tid=1946 timed_waiting
java.lang.Thread.State: TIMED_WAITING
        at sun.misc.Unsafe.park(Native Method)
        at java.util.concurrent.locks.LockSupport.parkNanos(LockSupport.java:215)
        at java.util.concurrent.locks.AbstractQueuedSynchronizer$ConditionObject.awaitNanos(AbstractQueuedSynchronizer.java:2078)
        at org.eclipse.jetty.util.BlockingArrayQueue.poll(BlockingArrayQueue.java:392)
        at org.eclipse.jetty.util.thread.QueuedThreadPool.idleJobPoll(QueuedThreadPool.java:563)
        at org.eclipse.jetty.util.thread.QueuedThreadPool.access$800(QueuedThreadPool.java:48)
        at org.eclipse.jetty.util.thread.QueuedThreadPool$2.run(QueuedThreadPool.java:626)
        at java.lang.Thread.run(Thread.java:748)
"metrics-hadoop-metrics2-reporter-48-thread-1" daemon prio=5 tid=1006 timed_waiting
java.lang.Thread.State: TIMED_WAITING
        at sun.misc.Unsafe.park(Native Method)
        at java.util.concurrent.locks.LockSupport.parkNanos(LockSupport.java:215)
        at java.util.concurrent.locks.AbstractQueuedSynchronizer$ConditionObject.awaitNanos(AbstractQueuedSynchronizer.java:2078)
        at java.util.concurrent.ScheduledThreadPoolExecutor$DelayedWorkQueue.take(ScheduledThreadPoolExecutor.java:1093)
        at java.util.concurrent.ScheduledThreadPoolExecutor$DelayedWorkQueue.take(ScheduledThreadPoolExecutor.java:809)
        at java.util.concurrent.ThreadPoolExecutor.getTask(ThreadPoolExecutor.java:1074)
        at java.util.concurrent.ThreadPoolExecutor.runWorker(ThreadPoolExecutor.java:1134)
        at java.util.concurrent.ThreadPoolExecutor$Worker.run(ThreadPoolExecutor.java:624)
        at java.lang.Thread.run(Thread.java:748)
"b9cfa588-8e56-4331-be2f-4c26f25c6739@group-21BA9BD4283D-SegmentedRaftLogWorker"  prio=5 tid=2478 timed_waiting
java.lang.Thread.State: TIMED_WAITING
        at sun.misc.Unsafe.park(Native Method)
        at java.util.concurrent.locks.LockSupport.parkNanos(LockSupport.java:215)
        at java.util.concurrent.locks.AbstractQueuedSynchronizer$ConditionObject.awaitNanos(AbstractQueuedSynchronizer.java:2078)
        at org.apache.ratis.util.DataBlockingQueue.poll(DataBlockingQueue.java:137)
        at org.apache.ratis.server.raftlog.segmented.SegmentedRaftLogWorker.run(SegmentedRaftLogWorker.java:282)
        at java.lang.Thread.run(Thread.java:748)
"pool-196-thread-57"  prio=5 tid=2261 in Object.wait()
java.lang.Thread.State: WAITING (on object monitor)
        at sun.misc.Unsafe.park(Native Method)
        at java.util.concurrent.locks.LockSupport.park(LockSupport.java:175)
        at java.util.concurrent.locks.AbstractQueuedSynchronizer$ConditionObject.await(AbstractQueuedSynchronizer.java:2039)
        at java.util.concurrent.ArrayBlockingQueue.take(ArrayBlockingQueue.java:403)
        at java.util.concurrent.ThreadPoolExecutor.getTask(ThreadPoolExecutor.java:1074)
        at java.util.concurrent.ThreadPoolExecutor.runWorker(ThreadPoolExecutor.java:1134)
        at java.util.concurrent.ThreadPoolExecutor$Worker.run(ThreadPoolExecutor.java:624)
        at java.lang.Thread.run(Thread.java:748)
"IPC Server handler 15 on 43940" daemon prio=5 tid=1897 timed_waiting
java.lang.Thread.State: TIMED_WAITING
        at sun.misc.Unsafe.park(Native Method)
        at java.util.concurrent.locks.LockSupport.parkNanos(LockSupport.java:215)
        at java.util.concurrent.locks.AbstractQueuedSynchronizer$ConditionObject.awaitNanos(AbstractQueuedSynchronizer.java:2078)
        at java.util.concurrent.LinkedBlockingQueue.poll(LinkedBlockingQueue.java:467)
        at org.apache.hadoop.ipc.CallQueueManager.take(CallQueueManager.java:288)
        at org.apache.hadoop.ipc.Server$Handler.run(Server.java:2668)
"pool-187-thread-1"  prio=5 tid=2291 in Object.wait()
java.lang.Thread.State: WAITING (on object monitor)
        at sun.misc.Unsafe.park(Native Method)
        at java.util.concurrent.locks.LockSupport.park(LockSupport.java:175)
        at java.util.concurrent.locks.AbstractQueuedSynchronizer$ConditionObject.await(AbstractQueuedSynchronizer.java:2039)
        at java.util.concurrent.LinkedBlockingQueue.take(LinkedBlockingQueue.java:442)
        at java.util.concurrent.ThreadPoolExecutor.getTask(ThreadPoolExecutor.java:1074)
        at java.util.concurrent.ThreadPoolExecutor.runWorker(ThreadPoolExecutor.java:1134)
        at java.util.concurrent.ThreadPoolExecutor$Worker.run(ThreadPoolExecutor.java:624)
        at java.lang.Thread.run(Thread.java:748)
"pool-186-thread-34"  prio=5 tid=2176 in Object.wait()
java.lang.Thread.State: WAITING (on object monitor)
        at sun.misc.Unsafe.park(Native Method)
        at java.util.concurrent.locks.LockSupport.park(LockSupport.java:175)
        at java.util.concurrent.locks.AbstractQueuedSynchronizer$ConditionObject.await(AbstractQueuedSynchronizer.java:2039)
        at java.util.concurrent.ArrayBlockingQueue.take(ArrayBlockingQueue.java:403)
        at java.util.concurrent.ThreadPoolExecutor.getTask(ThreadPoolExecutor.java:1074)
        at java.util.concurrent.ThreadPoolExecutor.runWorker(ThreadPoolExecutor.java:1134)
        at java.util.concurrent.ThreadPoolExecutor$Worker.run(ThreadPoolExecutor.java:624)
        at java.lang.Thread.run(Thread.java:748)
"IPC Server handler 12 on 44019" daemon prio=5 tid=1978 timed_waiting
java.lang.Thread.State: TIMED_WAITING
        at sun.misc.Unsafe.park(Native Method)
        at java.util.concurrent.locks.LockSupport.parkNanos(LockSupport.java:215)
        at java.util.concurrent.locks.AbstractQueuedSynchronizer$ConditionObject.awaitNanos(AbstractQueuedSynchronizer.java:2078)
        at java.util.concurrent.LinkedBlockingQueue.poll(LinkedBlockingQueue.java:467)
        at org.apache.hadoop.ipc.CallQueueManager.take(CallQueueManager.java:288)
        at org.apache.hadoop.ipc.Server$Handler.run(Server.java:2668)
"IPC Server handler 17 on 37818" daemon prio=5 tid=1919 timed_waiting
java.lang.Thread.State: TIMED_WAITING
        at sun.misc.Unsafe.park(Native Method)
        at java.util.concurrent.locks.LockSupport.parkNanos(LockSupport.java:215)
        at java.util.concurrent.locks.AbstractQueuedSynchronizer$ConditionObject.awaitNanos(AbstractQueuedSynchronizer.java:2078)
        at java.util.concurrent.LinkedBlockingQueue.poll(LinkedBlockingQueue.java:467)
        at org.apache.hadoop.ipc.CallQueueManager.take(CallQueueManager.java:288)
        at org.apache.hadoop.ipc.Server$Handler.run(Server.java:2668)
"pool-180-thread-1"  prio=5 tid=2005 timed_waiting
java.lang.Thread.State: TIMED_WAITING
        at sun.misc.Unsafe.park(Native Method)
        at java.util.concurrent.locks.LockSupport.parkNanos(LockSupport.java:215)
        at java.util.concurrent.locks.AbstractQueuedSynchronizer$ConditionObject.awaitNanos(AbstractQueuedSynchronizer.java:2078)
        at java.util.concurrent.ScheduledThreadPoolExecutor$DelayedWorkQueue.take(ScheduledThreadPoolExecutor.java:1093)
        at java.util.concurrent.ScheduledThreadPoolExecutor$DelayedWorkQueue.take(ScheduledThreadPoolExecutor.java:809)
        at java.util.concurrent.ThreadPoolExecutor.getTask(ThreadPoolExecutor.java:1074)
        at java.util.concurrent.ThreadPoolExecutor.runWorker(ThreadPoolExecutor.java:1134)
        at java.util.concurrent.ThreadPoolExecutor$Worker.run(ThreadPoolExecutor.java:624)
        at java.lang.Thread.run(Thread.java:748)
"KeyDeletingService#1" daemon prio=5 tid=1968 in Object.wait()
java.lang.Thread.State: WAITING (on object monitor)
        at sun.misc.Unsafe.park(Native Method)
        at java.util.concurrent.locks.LockSupport.park(LockSupport.java:175)
        at java.util.concurrent.locks.AbstractQueuedSynchronizer$ConditionObject.await(AbstractQueuedSynchronizer.java:2039)
        at java.util.concurrent.ScheduledThreadPoolExecutor$DelayedWorkQueue.take(ScheduledThreadPoolExecutor.java:1088)
        at java.util.concurrent.ScheduledThreadPoolExecutor$DelayedWorkQueue.take(ScheduledThreadPoolExecutor.java:809)
        at java.util.concurrent.ThreadPoolExecutor.getTask(ThreadPoolExecutor.java:1074)
        at java.util.concurrent.ThreadPoolExecutor.runWorker(ThreadPoolExecutor.java:1134)
        at java.util.concurrent.ThreadPoolExecutor$Worker.run(ThreadPoolExecutor.java:624)
        at java.lang.Thread.run(Thread.java:748)
"Datanode ReportManager Thread - 2" daemon prio=5 tid=2020 timed_waiting
java.lang.Thread.State: TIMED_WAITING
        at sun.misc.Unsafe.park(Native Method)
        at java.util.concurrent.locks.LockSupport.parkNanos(LockSupport.java:215)
        at java.util.concurrent.locks.AbstractQueuedSynchronizer$ConditionObject.awaitNanos(AbstractQueuedSynchronizer.java:2078)
        at java.util.concurrent.ScheduledThreadPoolExecutor$DelayedWorkQueue.take(ScheduledThreadPoolExecutor.java:1093)
        at java.util.concurrent.ScheduledThreadPoolExecutor$DelayedWorkQueue.take(ScheduledThreadPoolExecutor.java:809)
        at java.util.concurrent.ThreadPoolExecutor.getTask(ThreadPoolExecutor.java:1074)
        at java.util.concurrent.ThreadPoolExecutor.runWorker(ThreadPoolExecutor.java:1134)
        at java.util.concurrent.ThreadPoolExecutor$Worker.run(ThreadPoolExecutor.java:624)
        at java.lang.Thread.run(Thread.java:748)
"pool-196-thread-37"  prio=5 tid=2241 in Object.wait()
java.lang.Thread.State: WAITING (on object monitor)
        at sun.misc.Unsafe.park(Native Method)
        at java.util.concurrent.locks.LockSupport.park(LockSupport.java:175)
        at java.util.concurrent.locks.AbstractQueuedSynchronizer$ConditionObject.await(AbstractQueuedSynchronizer.java:2039)
        at java.util.concurrent.ArrayBlockingQueue.take(ArrayBlockingQueue.java:403)
        at java.util.concurrent.ThreadPoolExecutor.getTask(ThreadPoolExecutor.java:1074)
        at java.util.concurrent.ThreadPoolExecutor.runWorker(ThreadPoolExecutor.java:1134)
        at java.util.concurrent.ThreadPoolExecutor$Worker.run(ThreadPoolExecutor.java:624)
        at java.lang.Thread.run(Thread.java:748)
"pool-176-thread-55"  prio=5 tid=2134 in Object.wait()
java.lang.Thread.State: WAITING (on object monitor)
        at sun.misc.Unsafe.park(Native Method)
        at java.util.concurrent.locks.LockSupport.park(LockSupport.java:175)
        at java.util.concurrent.locks.AbstractQueuedSynchronizer$ConditionObject.await(AbstractQueuedSynchronizer.java:2039)
        at java.util.concurrent.ArrayBlockingQueue.take(ArrayBlockingQueue.java:403)
        at java.util.concurrent.ThreadPoolExecutor.getTask(ThreadPoolExecutor.java:1074)
        at java.util.concurrent.ThreadPoolExecutor.runWorker(ThreadPoolExecutor.java:1134)
        at java.util.concurrent.ThreadPoolExecutor$Worker.run(ThreadPoolExecutor.java:624)
        at java.lang.Thread.run(Thread.java:748)
"pool-176-thread-49"  prio=5 tid=2128 in Object.wait()
java.lang.Thread.State: WAITING (on object monitor)
        at sun.misc.Unsafe.park(Native Method)
        at java.util.concurrent.locks.LockSupport.park(LockSupport.java:175)
        at java.util.concurrent.locks.AbstractQueuedSynchronizer$ConditionObject.await(AbstractQueuedSynchronizer.java:2039)
        at java.util.concurrent.ArrayBlockingQueue.take(ArrayBlockingQueue.java:403)
        at java.util.concurrent.ThreadPoolExecutor.getTask(ThreadPoolExecutor.java:1074)
        at java.util.concurrent.ThreadPoolExecutor.runWorker(ThreadPoolExecutor.java:1134)
        at java.util.concurrent.ThreadPoolExecutor$Worker.run(ThreadPoolExecutor.java:624)
        at java.lang.Thread.run(Thread.java:748)
"metrics-hadoop-metrics2-reporter-20-thread-1" daemon prio=5 tid=486 timed_waiting
java.lang.Thread.State: TIMED_WAITING
        at sun.misc.Unsafe.park(Native Method)
        at java.util.concurrent.locks.LockSupport.parkNanos(LockSupport.java:215)
        at java.util.concurrent.locks.AbstractQueuedSynchronizer$ConditionObject.awaitNanos(AbstractQueuedSynchronizer.java:2078)
        at java.util.concurrent.ScheduledThreadPoolExecutor$DelayedWorkQueue.take(ScheduledThreadPoolExecutor.java:1093)
        at java.util.concurrent.ScheduledThreadPoolExecutor$DelayedWorkQueue.take(ScheduledThreadPoolExecutor.java:809)
        at java.util.concurrent.ThreadPoolExecutor.getTask(ThreadPoolExecutor.java:1074)
        at java.util.concurrent.ThreadPoolExecutor.runWorker(ThreadPoolExecutor.java:1134)
        at java.util.concurrent.ThreadPoolExecutor$Worker.run(ThreadPoolExecutor.java:624)
        at java.lang.Thread.run(Thread.java:748)
"IPC Server listener on 37818" daemon prio=5 tid=1871 runnable
java.lang.Thread.State: RUNNABLE
        at sun.nio.ch.EPollArrayWrapper.epollWait(Native Method)
        at sun.nio.ch.EPollArrayWrapper.poll(EPollArrayWrapper.java:269)
        at sun.nio.ch.EPollSelectorImpl.doSelect(EPollSelectorImpl.java:93)
        at sun.nio.ch.SelectorImpl.lockAndDoSelect(SelectorImpl.java:86)
        at sun.nio.ch.SelectorImpl.select(SelectorImpl.java:97)
        at sun.nio.ch.SelectorImpl.select(SelectorImpl.java:101)
        at org.apache.hadoop.ipc.Server$Listener.run(Server.java:1159)
"IPC Server handler 8 on 44019" daemon prio=5 tid=1974 timed_waiting
java.lang.Thread.State: TIMED_WAITING
        at sun.misc.Unsafe.park(Native Method)
        at java.util.concurrent.locks.LockSupport.parkNanos(LockSupport.java:215)
        at java.util.concurrent.locks.AbstractQueuedSynchronizer$ConditionObject.awaitNanos(AbstractQueuedSynchronizer.java:2078)
        at java.util.concurrent.LinkedBlockingQueue.poll(LinkedBlockingQueue.java:467)
        at org.apache.hadoop.ipc.CallQueueManager.take(CallQueueManager.java:288)
        at org.apache.hadoop.ipc.Server$Handler.run(Server.java:2668)
"IPC Server handler 0 on 44019" daemon prio=5 tid=1965 timed_waiting
java.lang.Thread.State: TIMED_WAITING
        at sun.misc.Unsafe.park(Native Method)
        at java.util.concurrent.locks.LockSupport.parkNanos(LockSupport.java:215)
        at java.util.concurrent.locks.AbstractQueuedSynchronizer$ConditionObject.awaitNanos(AbstractQueuedSynchronizer.java:2078)
        at java.util.concurrent.LinkedBlockingQueue.poll(LinkedBlockingQueue.java:467)
        at org.apache.hadoop.ipc.CallQueueManager.take(CallQueueManager.java:288)
        at org.apache.hadoop.ipc.Server$Handler.run(Server.java:2668)
"pool-176-thread-39"  prio=5 tid=2118 in Object.wait()
java.lang.Thread.State: WAITING (on object monitor)
        at sun.misc.Unsafe.park(Native Method)
        at java.util.concurrent.locks.LockSupport.park(LockSupport.java:175)
        at java.util.concurrent.locks.AbstractQueuedSynchronizer$ConditionObject.await(AbstractQueuedSynchronizer.java:2039)
        at java.util.concurrent.ArrayBlockingQueue.take(ArrayBlockingQueue.java:403)
        at java.util.concurrent.ThreadPoolExecutor.getTask(ThreadPoolExecutor.java:1074)
        at java.util.concurrent.ThreadPoolExecutor.runWorker(ThreadPoolExecutor.java:1134)
        at java.util.concurrent.ThreadPoolExecutor$Worker.run(ThreadPoolExecutor.java:624)
        at java.lang.Thread.run(Thread.java:748)
"pool-196-thread-19"  prio=5 tid=2223 in Object.wait()
java.lang.Thread.State: WAITING (on object monitor)
        at sun.misc.Unsafe.park(Native Method)
        at java.util.concurrent.locks.LockSupport.park(LockSupport.java:175)
        at java.util.concurrent.locks.AbstractQueuedSynchronizer$ConditionObject.await(AbstractQueuedSynchronizer.java:2039)
        at java.util.concurrent.ArrayBlockingQueue.take(ArrayBlockingQueue.java:403)
        at java.util.concurrent.ThreadPoolExecutor.getTask(ThreadPoolExecutor.java:1074)
        at java.util.concurrent.ThreadPoolExecutor.runWorker(ThreadPoolExecutor.java:1134)
        at java.util.concurrent.ThreadPoolExecutor$Worker.run(ThreadPoolExecutor.java:624)
        at java.lang.Thread.run(Thread.java:748)
"Periodic HDDS volume checker"  prio=5 tid=2026 timed_waiting
java.lang.Thread.State: TIMED_WAITING
        at sun.misc.Unsafe.park(Native Method)
        at java.util.concurrent.locks.LockSupport.parkNanos(LockSupport.java:215)
        at java.util.concurrent.locks.AbstractQueuedSynchronizer$ConditionObject.awaitNanos(AbstractQueuedSynchronizer.java:2078)
        at java.util.concurrent.ScheduledThreadPoolExecutor$DelayedWorkQueue.take(ScheduledThreadPoolExecutor.java:1093)
        at java.util.concurrent.ScheduledThreadPoolExecutor$DelayedWorkQueue.take(ScheduledThreadPoolExecutor.java:809)
        at java.util.concurrent.ThreadPoolExecutor.getTask(ThreadPoolExecutor.java:1074)
        at java.util.concurrent.ThreadPoolExecutor.runWorker(ThreadPoolExecutor.java:1134)
        at java.util.concurrent.ThreadPoolExecutor$Worker.run(ThreadPoolExecutor.java:624)
        at java.lang.Thread.run(Thread.java:748)
"metrics-hadoop-metrics2-reporter-25-thread-1" daemon prio=5 tid=514 timed_waiting
java.lang.Thread.State: TIMED_WAITING
        at sun.misc.Unsafe.park(Native Method)
        at java.util.concurrent.locks.LockSupport.parkNanos(LockSupport.java:215)
        at java.util.concurrent.locks.AbstractQueuedSynchronizer$ConditionObject.awaitNanos(AbstractQueuedSynchronizer.java:2078)
        at java.util.concurrent.ScheduledThreadPoolExecutor$DelayedWorkQueue.take(ScheduledThreadPoolExecutor.java:1093)
        at java.util.concurrent.ScheduledThreadPoolExecutor$DelayedWorkQueue.take(ScheduledThreadPoolExecutor.java:809)
        at java.util.concurrent.ThreadPoolExecutor.getTask(ThreadPoolExecutor.java:1074)
        at java.util.concurrent.ThreadPoolExecutor.runWorker(ThreadPoolExecutor.java:1134)
        at java.util.concurrent.ThreadPoolExecutor$Worker.run(ThreadPoolExecutor.java:624)
        at java.lang.Thread.run(Thread.java:748)
"Thread-3788" daemon prio=5 tid=4992 timed_waiting
java.lang.Thread.State: TIMED_WAITING
        at java.lang.Thread.sleep(Native Method)
        at org.apache.ratis.util.JavaUtils.sleep(JavaUtils.java:247)
        at org.apache.ratis.server.impl.FollowerState.run(FollowerState.java:97)
"IPC Server handler 18 on 35803" daemon prio=5 tid=1940 timed_waiting
java.lang.Thread.State: TIMED_WAITING
        at sun.misc.Unsafe.park(Native Method)
        at java.util.concurrent.locks.LockSupport.parkNanos(LockSupport.java:215)
        at java.util.concurrent.locks.AbstractQueuedSynchronizer$ConditionObject.awaitNanos(AbstractQueuedSynchronizer.java:2078)
        at java.util.concurrent.LinkedBlockingQueue.poll(LinkedBlockingQueue.java:467)
        at org.apache.hadoop.ipc.CallQueueManager.take(CallQueueManager.java:288)
        at org.apache.hadoop.ipc.Server$Handler.run(Server.java:2668)
"IPC Server handler 10 on 43940" daemon prio=5 tid=1892 timed_waiting
java.lang.Thread.State: TIMED_WAITING
        at sun.misc.Unsafe.park(Native Method)
        at java.util.concurrent.locks.LockSupport.parkNanos(LockSupport.java:215)
        at java.util.concurrent.locks.AbstractQueuedSynchronizer$ConditionObject.awaitNanos(AbstractQueuedSynchronizer.java:2078)
        at java.util.concurrent.LinkedBlockingQueue.poll(LinkedBlockingQueue.java:467)
        at org.apache.hadoop.ipc.CallQueueManager.take(CallQueueManager.java:288)
        at org.apache.hadoop.ipc.Server$Handler.run(Server.java:2668)
"metrics-hadoop-metrics2-reporter-74-thread-1" daemon prio=5 tid=1623 timed_waiting
java.lang.Thread.State: TIMED_WAITING
        at sun.misc.Unsafe.park(Native Method)
        at java.util.concurrent.locks.LockSupport.parkNanos(LockSupport.java:215)
        at java.util.concurrent.locks.AbstractQueuedSynchronizer$ConditionObject.awaitNanos(AbstractQueuedSynchronizer.java:2078)
        at java.util.concurrent.ScheduledThreadPoolExecutor$DelayedWorkQueue.take(ScheduledThreadPoolExecutor.java:1093)
        at java.util.concurrent.ScheduledThreadPoolExecutor$DelayedWorkQueue.take(ScheduledThreadPoolExecutor.java:809)
        at java.util.concurrent.ThreadPoolExecutor.getTask(ThreadPoolExecutor.java:1074)
        at java.util.concurrent.ThreadPoolExecutor.runWorker(ThreadPoolExecutor.java:1134)
        at java.util.concurrent.ThreadPoolExecutor$Worker.run(ThreadPoolExecutor.java:624)
        at java.lang.Thread.run(Thread.java:748)
"IPC Parameter Sending Thread #0" daemon prio=5 tid=105 timed_waiting
java.lang.Thread.State: TIMED_WAITING
        at sun.misc.Unsafe.park(Native Method)
        at java.util.concurrent.locks.LockSupport.parkNanos(LockSupport.java:215)
        at java.util.concurrent.SynchronousQueue$TransferStack.awaitFulfill(SynchronousQueue.java:460)
        at java.util.concurrent.SynchronousQueue$TransferStack.transfer(SynchronousQueue.java:362)
        at java.util.concurrent.SynchronousQueue.poll(SynchronousQueue.java:941)
        at java.util.concurrent.ThreadPoolExecutor.getTask(ThreadPoolExecutor.java:1073)
        at java.util.concurrent.ThreadPoolExecutor.runWorker(ThreadPoolExecutor.java:1134)
        at java.util.concurrent.ThreadPoolExecutor$Worker.run(ThreadPoolExecutor.java:624)
        at java.lang.Thread.run(Thread.java:748)
"Datanode State Machine Thread - 0" daemon prio=5 tid=2071 timed_waiting
java.lang.Thread.State: TIMED_WAITING
        at java.lang.Thread.sleep(Native Method)
        at org.apache.hadoop.ozone.container.common.statemachine.DatanodeStateMachine.start(DatanodeStateMachine.java:191)
        at org.apache.hadoop.ozone.container.common.statemachine.DatanodeStateMachine.lambda$startDaemon$0(DatanodeStateMachine.java:349)
        at org.apache.hadoop.ozone.container.common.statemachine.DatanodeStateMachine$$Lambda$140/1867108691.run(Unknown Source)
        at java.lang.Thread.run(Thread.java:748)
"BlockDeletingService#1" daemon prio=5 tid=2204 in Object.wait()
java.lang.Thread.State: WAITING (on object monitor)
        at sun.misc.Unsafe.park(Native Method)
        at java.util.concurrent.locks.LockSupport.park(LockSupport.java:175)
        at java.util.concurrent.locks.AbstractQueuedSynchronizer$ConditionObject.await(AbstractQueuedSynchronizer.java:2039)
        at java.util.concurrent.ScheduledThreadPoolExecutor$DelayedWorkQueue.take(ScheduledThreadPoolExecutor.java:1088)
        at java.util.concurrent.ScheduledThreadPoolExecutor$DelayedWorkQueue.take(ScheduledThreadPoolExecutor.java:809)
        at java.util.concurrent.ThreadPoolExecutor.getTask(ThreadPoolExecutor.java:1074)
        at java.util.concurrent.ThreadPoolExecutor.runWorker(ThreadPoolExecutor.java:1134)
        at java.util.concurrent.ThreadPoolExecutor$Worker.run(ThreadPoolExecutor.java:624)
        at java.lang.Thread.run(Thread.java:748)
"IPC Server handler 8 on 35803" daemon prio=5 tid=1930 timed_waiting
java.lang.Thread.State: TIMED_WAITING
        at sun.misc.Unsafe.park(Native Method)
        at java.util.concurrent.locks.LockSupport.parkNanos(LockSupport.java:215)
        at java.util.concurrent.locks.AbstractQueuedSynchronizer$ConditionObject.awaitNanos(AbstractQueuedSynchronizer.java:2078)
        at java.util.concurrent.LinkedBlockingQueue.poll(LinkedBlockingQueue.java:467)
        at org.apache.hadoop.ipc.CallQueueManager.take(CallQueueManager.java:288)
        at org.apache.hadoop.ipc.Server$Handler.run(Server.java:2668)
"metrics-hadoop-metrics2-reporter-12-thread-1" daemon prio=5 tid=462 timed_waiting
java.lang.Thread.State: TIMED_WAITING
        at sun.misc.Unsafe.park(Native Method)
        at java.util.concurrent.locks.LockSupport.parkNanos(LockSupport.java:215)
        at java.util.concurrent.locks.AbstractQueuedSynchronizer$ConditionObject.awaitNanos(AbstractQueuedSynchronizer.java:2078)
        at java.util.concurrent.ScheduledThreadPoolExecutor$DelayedWorkQueue.take(ScheduledThreadPoolExecutor.java:1093)
        at java.util.concurrent.ScheduledThreadPoolExecutor$DelayedWorkQueue.take(ScheduledThreadPoolExecutor.java:809)
        at java.util.concurrent.ThreadPoolExecutor.getTask(ThreadPoolExecutor.java:1074)
        at java.util.concurrent.ThreadPoolExecutor.runWorker(ThreadPoolExecutor.java:1134)
        at java.util.concurrent.ThreadPoolExecutor$Worker.run(ThreadPoolExecutor.java:624)
        at java.lang.Thread.run(Thread.java:748)
"metrics-hadoop-metrics2-reporter-134-thread-1" daemon prio=5 tid=2548 timed_waiting
java.lang.Thread.State: TIMED_WAITING
        at sun.misc.Unsafe.park(Native Method)
        at java.util.concurrent.locks.LockSupport.parkNanos(LockSupport.java:215)
        at java.util.concurrent.locks.AbstractQueuedSynchronizer$ConditionObject.awaitNanos(AbstractQueuedSynchronizer.java:2078)
        at java.util.concurrent.ScheduledThreadPoolExecutor$DelayedWorkQueue.take(ScheduledThreadPoolExecutor.java:1093)
        at java.util.concurrent.ScheduledThreadPoolExecutor$DelayedWorkQueue.take(ScheduledThreadPoolExecutor.java:809)
        at java.util.concurrent.ThreadPoolExecutor.getTask(ThreadPoolExecutor.java:1074)
        at java.util.concurrent.ThreadPoolExecutor.runWorker(ThreadPoolExecutor.java:1134)
        at java.util.concurrent.ThreadPoolExecutor$Worker.run(ThreadPoolExecutor.java:624)
        at java.lang.Thread.run(Thread.java:748)
"IPC Server handler 11 on 43940" daemon prio=5 tid=1893 timed_waiting
java.lang.Thread.State: TIMED_WAITING
        at sun.misc.Unsafe.park(Native Method)
        at java.util.concurrent.locks.LockSupport.parkNanos(LockSupport.java:215)
        at java.util.concurrent.locks.AbstractQueuedSynchronizer$ConditionObject.awaitNanos(AbstractQueuedSynchronizer.java:2078)
        at java.util.concurrent.LinkedBlockingQueue.poll(LinkedBlockingQueue.java:467)
        at org.apache.hadoop.ipc.CallQueueManager.take(CallQueueManager.java:288)
        at org.apache.hadoop.ipc.Server$Handler.run(Server.java:2668)
"pool-196-thread-44"  prio=5 tid=2248 in Object.wait()
java.lang.Thread.State: WAITING (on object monitor)
        at sun.misc.Unsafe.park(Native Method)
        at java.util.concurrent.locks.LockSupport.park(LockSupport.java:175)
        at java.util.concurrent.locks.AbstractQueuedSynchronizer$ConditionObject.await(AbstractQueuedSynchronizer.java:2039)
        at java.util.concurrent.ArrayBlockingQueue.take(ArrayBlockingQueue.java:403)
        at java.util.concurrent.ThreadPoolExecutor.getTask(ThreadPoolExecutor.java:1074)
        at java.util.concurrent.ThreadPoolExecutor.runWorker(ThreadPoolExecutor.java:1134)
        at java.util.concurrent.ThreadPoolExecutor$Worker.run(ThreadPoolExecutor.java:624)
        at java.lang.Thread.run(Thread.java:748)
"java.util.concurrent.ThreadPoolExecutor$Worker@35211ebc[State = -1, empty queue]" daemon prio=5 tid=2356 timed_waiting
java.lang.Thread.State: TIMED_WAITING
        at sun.misc.Unsafe.park(Native Method)
        at java.util.concurrent.locks.LockSupport.parkNanos(LockSupport.java:215)
        at java.util.concurrent.locks.AbstractQueuedSynchronizer$ConditionObject.awaitNanos(AbstractQueuedSynchronizer.java:2078)
        at java.util.concurrent.ScheduledThreadPoolExecutor$DelayedWorkQueue.take(ScheduledThreadPoolExecutor.java:1093)
        at java.util.concurrent.ScheduledThreadPoolExecutor$DelayedWorkQueue.take(ScheduledThreadPoolExecutor.java:809)
        at java.util.concurrent.ThreadPoolExecutor.getTask(ThreadPoolExecutor.java:1074)
        at java.util.concurrent.ThreadPoolExecutor.runWorker(ThreadPoolExecutor.java:1134)
        at java.util.concurrent.ThreadPoolExecutor$Worker.run(ThreadPoolExecutor.java:624)
        at java.lang.Thread.run(Thread.java:748)
"pool-196-thread-25"  prio=5 tid=2229 in Object.wait()
java.lang.Thread.State: WAITING (on object monitor)
        at sun.misc.Unsafe.park(Native Method)
        at java.util.concurrent.locks.LockSupport.park(LockSupport.java:175)
        at java.util.concurrent.locks.AbstractQueuedSynchronizer$ConditionObject.await(AbstractQueuedSynchronizer.java:2039)
        at java.util.concurrent.ArrayBlockingQueue.take(ArrayBlockingQueue.java:403)
        at java.util.concurrent.ThreadPoolExecutor.getTask(ThreadPoolExecutor.java:1074)
        at java.util.concurrent.ThreadPoolExecutor.runWorker(ThreadPoolExecutor.java:1134)
        at java.util.concurrent.ThreadPoolExecutor$Worker.run(ThreadPoolExecutor.java:624)
        at java.lang.Thread.run(Thread.java:748)
"SCMBlockDeletingService#1" daemon prio=5 tid=1955 in Object.wait()
java.lang.Thread.State: WAITING (on object monitor)
        at sun.misc.Unsafe.park(Native Method)
        at java.util.concurrent.locks.LockSupport.park(LockSupport.java:175)
        at java.util.concurrent.locks.AbstractQueuedSynchronizer$ConditionObject.await(AbstractQueuedSynchronizer.java:2039)
        at java.util.concurrent.ScheduledThreadPoolExecutor$DelayedWorkQueue.take(ScheduledThreadPoolExecutor.java:1088)
        at java.util.concurrent.ScheduledThreadPoolExecutor$DelayedWorkQueue.take(ScheduledThreadPoolExecutor.java:809)
        at java.util.concurrent.ThreadPoolExecutor.getTask(ThreadPoolExecutor.java:1074)
        at java.util.concurrent.ThreadPoolExecutor.runWorker(ThreadPoolExecutor.java:1134)
        at java.util.concurrent.ThreadPoolExecutor$Worker.run(ThreadPoolExecutor.java:624)
        at java.lang.Thread.run(Thread.java:748)
"Datanode ReportManager Thread - 2" daemon prio=5 tid=1399 timed_waiting
java.lang.Thread.State: TIMED_WAITING
        at sun.misc.Unsafe.park(Native Method)
        at java.util.concurrent.locks.LockSupport.parkNanos(LockSupport.java:215)
        at java.util.concurrent.locks.AbstractQueuedSynchronizer$ConditionObject.awaitNanos(AbstractQueuedSynchronizer.java:2078)
        at java.util.concurrent.ScheduledThreadPoolExecutor$DelayedWorkQueue.take(ScheduledThreadPoolExecutor.java:1093)
        at java.util.concurrent.ScheduledThreadPoolExecutor$DelayedWorkQueue.take(ScheduledThreadPoolExecutor.java:809)
        at java.util.concurrent.ThreadPoolExecutor.getTask(ThreadPoolExecutor.java:1074)
        at java.util.concurrent.ThreadPoolExecutor.runWorker(ThreadPoolExecutor.java:1134)
        at java.util.concurrent.ThreadPoolExecutor$Worker.run(ThreadPoolExecutor.java:624)
        at java.lang.Thread.run(Thread.java:748)
"67f35358-9777-4ff9-96f4-8a61bc3a94fe@group-21BA9BD4283D-SegmentedRaftLogWorker"  prio=5 tid=2480 timed_waiting
java.lang.Thread.State: TIMED_WAITING
        at sun.misc.Unsafe.park(Native Method)
        at java.util.concurrent.locks.LockSupport.parkNanos(LockSupport.java:215)
        at java.util.concurrent.locks.AbstractQueuedSynchronizer$ConditionObject.awaitNanos(AbstractQueuedSynchronizer.java:2078)
        at org.apache.ratis.util.DataBlockingQueue.poll(DataBlockingQueue.java:137)
        at org.apache.ratis.server.raftlog.segmented.SegmentedRaftLogWorker.run(SegmentedRaftLogWorker.java:282)
        at java.lang.Thread.run(Thread.java:748)
"metrics-hadoop-metrics2-reporter-67-thread-1" daemon prio=5 tid=1607 timed_waiting
java.lang.Thread.State: TIMED_WAITING
        at sun.misc.Unsafe.park(Native Method)
        at java.util.concurrent.locks.LockSupport.parkNanos(LockSupport.java:215)
        at java.util.concurrent.locks.AbstractQueuedSynchronizer$ConditionObject.awaitNanos(AbstractQueuedSynchronizer.java:2078)
        at java.util.concurrent.ScheduledThreadPoolExecutor$DelayedWorkQueue.take(ScheduledThreadPoolExecutor.java:1093)
        at java.util.concurrent.ScheduledThreadPoolExecutor$DelayedWorkQueue.take(ScheduledThreadPoolExecutor.java:809)
        at java.util.concurrent.ThreadPoolExecutor.getTask(ThreadPoolExecutor.java:1074)
        at java.util.concurrent.ThreadPoolExecutor.runWorker(ThreadPoolExecutor.java:1134)
        at java.util.concurrent.ThreadPoolExecutor$Worker.run(ThreadPoolExecutor.java:624)
        at java.lang.Thread.run(Thread.java:748)
"metrics-hadoop-metrics2-reporter-102-thread-1" daemon prio=5 tid=2286 timed_waiting
java.lang.Thread.State: TIMED_WAITING
        at sun.misc.Unsafe.park(Native Method)
        at java.util.concurrent.locks.LockSupport.parkNanos(LockSupport.java:215)
        at java.util.concurrent.locks.AbstractQueuedSynchronizer$ConditionObject.awaitNanos(AbstractQueuedSynchronizer.java:2078)
        at java.util.concurrent.ScheduledThreadPoolExecutor$DelayedWorkQueue.take(ScheduledThreadPoolExecutor.java:1093)
        at java.util.concurrent.ScheduledThreadPoolExecutor$DelayedWorkQueue.take(ScheduledThreadPoolExecutor.java:809)
        at java.util.concurrent.ThreadPoolExecutor.getTask(ThreadPoolExecutor.java:1074)
        at java.util.concurrent.ThreadPoolExecutor.runWorker(ThreadPoolExecutor.java:1134)
        at java.util.concurrent.ThreadPoolExecutor$Worker.run(ThreadPoolExecutor.java:624)
        at java.lang.Thread.run(Thread.java:748)
"pool-176-thread-10"  prio=5 tid=2089 in Object.wait()
java.lang.Thread.State: WAITING (on object monitor)
        at sun.misc.Unsafe.park(Native Method)
        at java.util.concurrent.locks.LockSupport.park(LockSupport.java:175)
        at java.util.concurrent.locks.AbstractQueuedSynchronizer$ConditionObject.await(AbstractQueuedSynchronizer.java:2039)
        at java.util.concurrent.ArrayBlockingQueue.take(ArrayBlockingQueue.java:403)
        at java.util.concurrent.ThreadPoolExecutor.getTask(ThreadPoolExecutor.java:1074)
        at java.util.concurrent.ThreadPoolExecutor.runWorker(ThreadPoolExecutor.java:1134)
        at java.util.concurrent.ThreadPoolExecutor$Worker.run(ThreadPoolExecutor.java:624)
        at java.lang.Thread.run(Thread.java:748)
"Socket Reader #1 for port 37818"  prio=5 tid=1872 runnable
java.lang.Thread.State: RUNNABLE
        at sun.nio.ch.EPollArrayWrapper.epollWait(Native Method)
        at sun.nio.ch.EPollArrayWrapper.poll(EPollArrayWrapper.java:269)
        at sun.nio.ch.EPollSelectorImpl.doSelect(EPollSelectorImpl.java:93)
        at sun.nio.ch.SelectorImpl.lockAndDoSelect(SelectorImpl.java:86)
        at sun.nio.ch.SelectorImpl.select(SelectorImpl.java:97)
        at sun.nio.ch.SelectorImpl.select(SelectorImpl.java:101)
        at org.apache.hadoop.ipc.Server$Listener$Reader.doRunLoop(Server.java:1097)
        at org.apache.hadoop.ipc.Server$Listener$Reader.run(Server.java:1076)
"pool-176-thread-54"  prio=5 tid=2133 in Object.wait()
java.lang.Thread.State: WAITING (on object monitor)
        at sun.misc.Unsafe.park(Native Method)
        at java.util.concurrent.locks.LockSupport.park(LockSupport.java:175)
        at java.util.concurrent.locks.AbstractQueuedSynchronizer$ConditionObject.await(AbstractQueuedSynchronizer.java:2039)
        at java.util.concurrent.ArrayBlockingQueue.take(ArrayBlockingQueue.java:403)
        at java.util.concurrent.ThreadPoolExecutor.getTask(ThreadPoolExecutor.java:1074)
        at java.util.concurrent.ThreadPoolExecutor.runWorker(ThreadPoolExecutor.java:1134)
        at java.util.concurrent.ThreadPoolExecutor$Worker.run(ThreadPoolExecutor.java:624)
        at java.lang.Thread.run(Thread.java:748)
"pool-186-thread-49"  prio=5 tid=2191 in Object.wait()
java.lang.Thread.State: WAITING (on object monitor)
        at sun.misc.Unsafe.park(Native Method)
        at java.util.concurrent.locks.LockSupport.park(LockSupport.java:175)
        at java.util.concurrent.locks.AbstractQueuedSynchronizer$ConditionObject.await(AbstractQueuedSynchronizer.java:2039)
        at java.util.concurrent.ArrayBlockingQueue.take(ArrayBlockingQueue.java:403)
        at java.util.concurrent.ThreadPoolExecutor.getTask(ThreadPoolExecutor.java:1074)
        at java.util.concurrent.ThreadPoolExecutor.runWorker(ThreadPoolExecutor.java:1134)
        at java.util.concurrent.ThreadPoolExecutor$Worker.run(ThreadPoolExecutor.java:624)
        at java.lang.Thread.run(Thread.java:748)
"org.eclipse.jetty.server.session.HashSessionManager@7a3b7122Timer" daemon prio=5 tid=2042 timed_waiting
java.lang.Thread.State: TIMED_WAITING
        at sun.misc.Unsafe.park(Native Method)
        at java.util.concurrent.locks.LockSupport.parkNanos(LockSupport.java:215)
        at java.util.concurrent.locks.AbstractQueuedSynchronizer$ConditionObject.awaitNanos(AbstractQueuedSynchronizer.java:2078)
        at java.util.concurrent.ScheduledThreadPoolExecutor$DelayedWorkQueue.take(ScheduledThreadPoolExecutor.java:1093)
        at java.util.concurrent.ScheduledThreadPoolExecutor$DelayedWorkQueue.take(ScheduledThreadPoolExecutor.java:809)
        at java.util.concurrent.ThreadPoolExecutor.getTask(ThreadPoolExecutor.java:1074)
        at java.util.concurrent.ThreadPoolExecutor.runWorker(ThreadPoolExecutor.java:1134)
        at java.util.concurrent.ThreadPoolExecutor$Worker.run(ThreadPoolExecutor.java:624)
        at java.lang.Thread.run(Thread.java:748)
"pool-196-thread-30"  prio=5 tid=2234 in Object.wait()
java.lang.Thread.State: WAITING (on object monitor)
        at sun.misc.Unsafe.park(Native Method)
        at java.util.concurrent.locks.LockSupport.park(LockSupport.java:175)
        at java.util.concurrent.locks.AbstractQueuedSynchronizer$ConditionObject.await(AbstractQueuedSynchronizer.java:2039)
        at java.util.concurrent.ArrayBlockingQueue.take(ArrayBlockingQueue.java:403)
        at java.util.concurrent.ThreadPoolExecutor.getTask(ThreadPoolExecutor.java:1074)
        at java.util.concurrent.ThreadPoolExecutor.runWorker(ThreadPoolExecutor.java:1134)
        at java.util.concurrent.ThreadPoolExecutor$Worker.run(ThreadPoolExecutor.java:624)
        at java.lang.Thread.run(Thread.java:748)
"metrics-hadoop-metrics2-reporter-32-thread-1" daemon prio=5 tid=961 timed_waiting
java.lang.Thread.State: TIMED_WAITING
        at sun.misc.Unsafe.park(Native Method)
        at java.util.concurrent.locks.LockSupport.parkNanos(LockSupport.java:215)
        at java.util.concurrent.locks.AbstractQueuedSynchronizer$ConditionObject.awaitNanos(AbstractQueuedSynchronizer.java:2078)
        at java.util.concurrent.ScheduledThreadPoolExecutor$DelayedWorkQueue.take(ScheduledThreadPoolExecutor.java:1093)
        at java.util.concurrent.ScheduledThreadPoolExecutor$DelayedWorkQueue.take(ScheduledThreadPoolExecutor.java:809)
        at java.util.concurrent.ThreadPoolExecutor.getTask(ThreadPoolExecutor.java:1074)
        at java.util.concurrent.ThreadPoolExecutor.runWorker(ThreadPoolExecutor.java:1134)
        at java.util.concurrent.ThreadPoolExecutor$Worker.run(ThreadPoolExecutor.java:624)
        at java.lang.Thread.run(Thread.java:748)
"pool-186-thread-1"  prio=5 tid=2143 in Object.wait()
java.lang.Thread.State: WAITING (on object monitor)
        at sun.misc.Unsafe.park(Native Method)
        at java.util.concurrent.locks.LockSupport.park(LockSupport.java:175)
        at java.util.concurrent.locks.AbstractQueuedSynchronizer$ConditionObject.await(AbstractQueuedSynchronizer.java:2039)
        at java.util.concurrent.ArrayBlockingQueue.take(ArrayBlockingQueue.java:403)
        at java.util.concurrent.ThreadPoolExecutor.getTask(ThreadPoolExecutor.java:1074)
        at java.util.concurrent.ThreadPoolExecutor.runWorker(ThreadPoolExecutor.java:1134)
        at java.util.concurrent.ThreadPoolExecutor$Worker.run(ThreadPoolExecutor.java:624)
        at java.lang.Thread.run(Thread.java:748)
"pool-196-thread-39"  prio=5 tid=2243 in Object.wait()
java.lang.Thread.State: WAITING (on object monitor)
        at sun.misc.Unsafe.park(Native Method)
        at java.util.concurrent.locks.LockSupport.park(LockSupport.java:175)
        at java.util.concurrent.locks.AbstractQueuedSynchronizer$ConditionObject.await(AbstractQueuedSynchronizer.java:2039)
        at java.util.concurrent.ArrayBlockingQueue.take(ArrayBlockingQueue.java:403)
        at java.util.concurrent.ThreadPoolExecutor.getTask(ThreadPoolExecutor.java:1074)
        at java.util.concurrent.ThreadPoolExecutor.runWorker(ThreadPoolExecutor.java:1134)
        at java.util.concurrent.ThreadPoolExecutor$Worker.run(ThreadPoolExecutor.java:624)
        at java.lang.Thread.run(Thread.java:748)
"metrics-hadoop-metrics2-reporter-61-thread-1" daemon prio=5 tid=1149 timed_waiting
java.lang.Thread.State: TIMED_WAITING
        at sun.misc.Unsafe.park(Native Method)
        at java.util.concurrent.locks.LockSupport.parkNanos(LockSupport.java:215)
        at java.util.concurrent.locks.AbstractQueuedSynchronizer$ConditionObject.awaitNanos(AbstractQueuedSynchronizer.java:2078)
        at java.util.concurrent.ScheduledThreadPoolExecutor$DelayedWorkQueue.take(ScheduledThreadPoolExecutor.java:1093)
        at java.util.concurrent.ScheduledThreadPoolExecutor$DelayedWorkQueue.take(ScheduledThreadPoolExecutor.java:809)
        at java.util.concurrent.ThreadPoolExecutor.getTask(ThreadPoolExecutor.java:1074)
        at java.util.concurrent.ThreadPoolExecutor.runWorker(ThreadPoolExecutor.java:1134)
        at java.util.concurrent.ThreadPoolExecutor$Worker.run(ThreadPoolExecutor.java:624)
        at java.lang.Thread.run(Thread.java:748)
"RatisPipelineUtilsThread"  prio=5 tid=2268 timed_waiting
java.lang.Thread.State: TIMED_WAITING
        at sun.misc.Unsafe.park(Native Method)
        at java.util.concurrent.locks.LockSupport.parkNanos(LockSupport.java:215)
        at java.util.concurrent.locks.AbstractQueuedSynchronizer$ConditionObject.awaitNanos(AbstractQueuedSynchronizer.java:2078)
        at java.util.concurrent.ScheduledThreadPoolExecutor$DelayedWorkQueue.take(ScheduledThreadPoolExecutor.java:1093)
        at java.util.concurrent.ScheduledThreadPoolExecutor$DelayedWorkQueue.take(ScheduledThreadPoolExecutor.java:809)
        at java.util.concurrent.ThreadPoolExecutor.getTask(ThreadPoolExecutor.java:1074)
        at java.util.concurrent.ThreadPoolExecutor.runWorker(ThreadPoolExecutor.java:1134)
        at java.util.concurrent.ThreadPoolExecutor$Worker.run(ThreadPoolExecutor.java:624)
        at java.lang.Thread.run(Thread.java:748)
"org.apache.hadoop.util.JvmPauseMonitor$Monitor@3eb3232b" daemon prio=5 tid=1954 timed_waiting
java.lang.Thread.State: TIMED_WAITING
        at java.lang.Thread.sleep(Native Method)
        at org.apache.hadoop.util.JvmPauseMonitor$Monitor.run(JvmPauseMonitor.java:192)
        at java.lang.Thread.run(Thread.java:748)
"IPC Server handler 3 on 35803" daemon prio=5 tid=1925 timed_waiting
java.lang.Thread.State: TIMED_WAITING
        at sun.misc.Unsafe.park(Native Method)
        at java.util.concurrent.locks.LockSupport.parkNanos(LockSupport.java:215)
        at java.util.concurrent.locks.AbstractQueuedSynchronizer$ConditionObject.awaitNanos(AbstractQueuedSynchronizer.java:2078)
        at java.util.concurrent.LinkedBlockingQueue.poll(LinkedBlockingQueue.java:467)
        at org.apache.hadoop.ipc.CallQueueManager.take(CallQueueManager.java:288)
        at org.apache.hadoop.ipc.Server$Handler.run(Server.java:2668)
"pool-196-thread-35"  prio=5 tid=2239 in Object.wait()
java.lang.Thread.State: WAITING (on object monitor)
        at sun.misc.Unsafe.park(Native Method)
        at java.util.concurrent.locks.LockSupport.park(LockSupport.java:175)
        at java.util.concurrent.locks.AbstractQueuedSynchronizer$ConditionObject.await(AbstractQueuedSynchronizer.java:2039)
        at java.util.concurrent.ArrayBlockingQueue.take(ArrayBlockingQueue.java:403)
        at java.util.concurrent.ThreadPoolExecutor.getTask(ThreadPoolExecutor.java:1074)
        at java.util.concurrent.ThreadPoolExecutor.runWorker(ThreadPoolExecutor.java:1134)
        at java.util.concurrent.ThreadPoolExecutor$Worker.run(ThreadPoolExecutor.java:624)
        at java.lang.Thread.run(Thread.java:748)
"pool-176-thread-2"  prio=5 tid=2081 in Object.wait()
java.lang.Thread.State: WAITING (on object monitor)
        at sun.misc.Unsafe.park(Native Method)
        at java.util.concurrent.locks.LockSupport.park(LockSupport.java:175)
        at java.util.concurrent.locks.AbstractQueuedSynchronizer$ConditionObject.await(AbstractQueuedSynchronizer.java:2039)
        at java.util.concurrent.ArrayBlockingQueue.take(ArrayBlockingQueue.java:403)
        at java.util.concurrent.ThreadPoolExecutor.getTask(ThreadPoolExecutor.java:1074)
        at java.util.concurrent.ThreadPoolExecutor.runWorker(ThreadPoolExecutor.java:1134)
        at java.util.concurrent.ThreadPoolExecutor$Worker.run(ThreadPoolExecutor.java:624)
        at java.lang.Thread.run(Thread.java:748)
"qtp1300497562-2064" daemon prio=5 tid=2064 timed_waiting
java.lang.Thread.State: TIMED_WAITING
        at sun.misc.Unsafe.park(Native Method)
        at java.util.concurrent.locks.LockSupport.parkNanos(LockSupport.java:215)
        at java.util.concurrent.locks.AbstractQueuedSynchronizer$ConditionObject.awaitNanos(AbstractQueuedSynchronizer.java:2078)
        at org.eclipse.jetty.util.BlockingArrayQueue.poll(BlockingArrayQueue.java:392)
        at org.eclipse.jetty.util.thread.QueuedThreadPool.idleJobPoll(QueuedThreadPool.java:563)
        at org.eclipse.jetty.util.thread.QueuedThreadPool.access$800(QueuedThreadPool.java:48)
        at org.eclipse.jetty.util.thread.QueuedThreadPool$2.run(QueuedThreadPool.java:626)
        at java.lang.Thread.run(Thread.java:748)
"SCMBlockDeletingService#0" daemon prio=5 tid=1953 timed_waiting
java.lang.Thread.State: TIMED_WAITING
        at sun.misc.Unsafe.park(Native Method)
        at java.util.concurrent.locks.LockSupport.parkNanos(LockSupport.java:215)
        at java.util.concurrent.locks.AbstractQueuedSynchronizer$ConditionObject.awaitNanos(AbstractQueuedSynchronizer.java:2078)
        at java.util.concurrent.ScheduledThreadPoolExecutor$DelayedWorkQueue.take(ScheduledThreadPoolExecutor.java:1093)
        at java.util.concurrent.ScheduledThreadPoolExecutor$DelayedWorkQueue.take(ScheduledThreadPoolExecutor.java:809)
        at java.util.concurrent.ThreadPoolExecutor.getTask(ThreadPoolExecutor.java:1074)
        at java.util.concurrent.ThreadPoolExecutor.runWorker(ThreadPoolExecutor.java:1134)
        at java.util.concurrent.ThreadPoolExecutor$Worker.run(ThreadPoolExecutor.java:624)
        at java.lang.Thread.run(Thread.java:748)
"metrics-hadoop-metrics2-reporter-109-thread-1" daemon prio=5 tid=2304 timed_waiting
java.lang.Thread.State: TIMED_WAITING
        at sun.misc.Unsafe.park(Native Method)
        at java.util.concurrent.locks.LockSupport.parkNanos(LockSupport.java:215)
        at java.util.concurrent.locks.AbstractQueuedSynchronizer$ConditionObject.awaitNanos(AbstractQueuedSynchronizer.java:2078)
        at java.util.concurrent.ScheduledThreadPoolExecutor$DelayedWorkQueue.take(ScheduledThreadPoolExecutor.java:1093)
        at java.util.concurrent.ScheduledThreadPoolExecutor$DelayedWorkQueue.take(ScheduledThreadPoolExecutor.java:809)
        at java.util.concurrent.ThreadPoolExecutor.getTask(ThreadPoolExecutor.java:1074)
        at java.util.concurrent.ThreadPoolExecutor.runWorker(ThreadPoolExecutor.java:1134)
        at java.util.concurrent.ThreadPoolExecutor$Worker.run(ThreadPoolExecutor.java:624)
        at java.lang.Thread.run(Thread.java:748)
"pool-176-thread-33"  prio=5 tid=2112 in Object.wait()
java.lang.Thread.State: WAITING (on object monitor)
        at sun.misc.Unsafe.park(Native Method)
        at java.util.concurrent.locks.LockSupport.park(LockSupport.java:175)
        at java.util.concurrent.locks.AbstractQueuedSynchronizer$ConditionObject.await(AbstractQueuedSynchronizer.java:2039)
        at java.util.concurrent.ArrayBlockingQueue.take(ArrayBlockingQueue.java:403)
        at java.util.concurrent.ThreadPoolExecutor.getTask(ThreadPoolExecutor.java:1074)
        at java.util.concurrent.ThreadPoolExecutor.runWorker(ThreadPoolExecutor.java:1134)
        at java.util.concurrent.ThreadPoolExecutor$Worker.run(ThreadPoolExecutor.java:624)
        at java.lang.Thread.run(Thread.java:748)
"Signal Dispatcher" daemon prio=9 tid=4 runnable
java.lang.Thread.State: RUNNABLE
"7c431f9d-51bc-458b-a3a6-511ec217d887@group-524E986F5930-SegmentedRaftLogWorker"  prio=5 tid=2305 timed_waiting
java.lang.Thread.State: TIMED_WAITING
        at sun.misc.Unsafe.park(Native Method)
        at java.util.concurrent.locks.LockSupport.parkNanos(LockSupport.java:215)
        at java.util.concurrent.locks.AbstractQueuedSynchronizer$ConditionObject.awaitNanos(AbstractQueuedSynchronizer.java:2078)
        at org.apache.ratis.util.DataBlockingQueue.poll(DataBlockingQueue.java:137)
        at org.apache.ratis.server.raftlog.segmented.SegmentedRaftLogWorker.run(SegmentedRaftLogWorker.java:282)
        at java.lang.Thread.run(Thread.java:748)
"IPC Server handler 8 on 37818" daemon prio=5 tid=1910 timed_waiting
java.lang.Thread.State: TIMED_WAITING
        at sun.misc.Unsafe.park(Native Method)
        at java.util.concurrent.locks.LockSupport.parkNanos(LockSupport.java:215)
        at java.util.concurrent.locks.AbstractQueuedSynchronizer$ConditionObject.awaitNanos(AbstractQueuedSynchronizer.java:2078)
        at java.util.concurrent.LinkedBlockingQueue.poll(LinkedBlockingQueue.java:467)
        at org.apache.hadoop.ipc.CallQueueManager.take(CallQueueManager.java:288)
        at org.apache.hadoop.ipc.Server$Handler.run(Server.java:2668)
"pool-196-thread-28"  prio=5 tid=2232 in Object.wait()
java.lang.Thread.State: WAITING (on object monitor)
        at sun.misc.Unsafe.park(Native Method)
        at java.util.concurrent.locks.LockSupport.park(LockSupport.java:175)
        at java.util.concurrent.locks.AbstractQueuedSynchronizer$ConditionObject.await(AbstractQueuedSynchronizer.java:2039)
        at java.util.concurrent.ArrayBlockingQueue.take(ArrayBlockingQueue.java:403)
        at java.util.concurrent.ThreadPoolExecutor.getTask(ThreadPoolExecutor.java:1074)
        at java.util.concurrent.ThreadPoolExecutor.runWorker(ThreadPoolExecutor.java:1134)
        at java.util.concurrent.ThreadPoolExecutor$Worker.run(ThreadPoolExecutor.java:624)
        at java.lang.Thread.run(Thread.java:748)
"IPC Server handler 4 on 44019" daemon prio=5 tid=1970 timed_waiting
java.lang.Thread.State: TIMED_WAITING
        at sun.misc.Unsafe.park(Native Method)
        at java.util.concurrent.locks.LockSupport.parkNanos(LockSupport.java:215)
        at java.util.concurrent.locks.AbstractQueuedSynchronizer$ConditionObject.awaitNanos(AbstractQueuedSynchronizer.java:2078)
        at java.util.concurrent.LinkedBlockingQueue.poll(LinkedBlockingQueue.java:467)
        at org.apache.hadoop.ipc.CallQueueManager.take(CallQueueManager.java:288)
        at org.apache.hadoop.ipc.Server$Handler.run(Server.java:2668)
"IPC Server handler 12 on 37818" daemon prio=5 tid=1914 timed_waiting
java.lang.Thread.State: TIMED_WAITING
        at sun.misc.Unsafe.park(Native Method)
        at java.util.concurrent.locks.LockSupport.parkNanos(LockSupport.java:215)
        at java.util.concurrent.locks.AbstractQueuedSynchronizer$ConditionObject.awaitNanos(AbstractQueuedSynchronizer.java:2078)
        at java.util.concurrent.LinkedBlockingQueue.poll(LinkedBlockingQueue.java:467)
        at org.apache.hadoop.ipc.CallQueueManager.take(CallQueueManager.java:288)
        at org.apache.hadoop.ipc.Server$Handler.run(Server.java:2668)
"IPC Server handler 2 on 35803" daemon prio=5 tid=1924 timed_waiting
java.lang.Thread.State: TIMED_WAITING
        at sun.misc.Unsafe.park(Native Method)
        at java.util.concurrent.locks.LockSupport.parkNanos(LockSupport.java:215)
        at java.util.concurrent.locks.AbstractQueuedSynchronizer$ConditionObject.awaitNanos(AbstractQueuedSynchronizer.java:2078)
        at java.util.concurrent.LinkedBlockingQueue.poll(LinkedBlockingQueue.java:467)
        at org.apache.hadoop.ipc.CallQueueManager.take(CallQueueManager.java:288)
        at org.apache.hadoop.ipc.Server$Handler.run(Server.java:2668)
"metrics-hadoop-metrics2-reporter-16-thread-1" daemon prio=5 tid=480 timed_waiting
java.lang.Thread.State: TIMED_WAITING
        at sun.misc.Unsafe.park(Native Method)
        at java.util.concurrent.locks.LockSupport.parkNanos(LockSupport.java:215)
        at java.util.concurrent.locks.AbstractQueuedSynchronizer$ConditionObject.awaitNanos(AbstractQueuedSynchronizer.java:2078)
        at java.util.concurrent.ScheduledThreadPoolExecutor$DelayedWorkQueue.take(ScheduledThreadPoolExecutor.java:1093)
        at java.util.concurrent.ScheduledThreadPoolExecutor$DelayedWorkQueue.take(ScheduledThreadPoolExecutor.java:809)
        at java.util.concurrent.ThreadPoolExecutor.getTask(ThreadPoolExecutor.java:1074)
        at java.util.concurrent.ThreadPoolExecutor.runWorker(ThreadPoolExecutor.java:1134)
        at java.util.concurrent.ThreadPoolExecutor$Worker.run(ThreadPoolExecutor.java:624)
        at java.lang.Thread.run(Thread.java:748)
"pool-196-thread-21"  prio=5 tid=2225 in Object.wait()
java.lang.Thread.State: WAITING (on object monitor)
        at sun.misc.Unsafe.park(Native Method)
        at java.util.concurrent.locks.LockSupport.park(LockSupport.java:175)
        at java.util.concurrent.locks.AbstractQueuedSynchronizer$ConditionObject.await(AbstractQueuedSynchronizer.java:2039)
        at java.util.concurrent.ArrayBlockingQueue.take(ArrayBlockingQueue.java:403)
        at java.util.concurrent.ThreadPoolExecutor.getTask(ThreadPoolExecutor.java:1074)
        at java.util.concurrent.ThreadPoolExecutor.runWorker(ThreadPoolExecutor.java:1134)
        at java.util.concurrent.ThreadPoolExecutor$Worker.run(ThreadPoolExecutor.java:624)
        at java.lang.Thread.run(Thread.java:748)
"org.eclipse.jetty.server.session.HashSessionManager@51dae791Timer" daemon prio=5 tid=1950 timed_waiting
java.lang.Thread.State: TIMED_WAITING
        at sun.misc.Unsafe.park(Native Method)
        at java.util.concurrent.locks.LockSupport.parkNanos(LockSupport.java:215)
        at java.util.concurrent.locks.AbstractQueuedSynchronizer$ConditionObject.awaitNanos(AbstractQueuedSynchronizer.java:2078)
        at java.util.concurrent.ScheduledThreadPoolExecutor$DelayedWorkQueue.take(ScheduledThreadPoolExecutor.java:1093)
        at java.util.concurrent.ScheduledThreadPoolExecutor$DelayedWorkQueue.take(ScheduledThreadPoolExecutor.java:809)
        at java.util.concurrent.ThreadPoolExecutor.getTask(ThreadPoolExecutor.java:1074)
        at java.util.concurrent.ThreadPoolExecutor.runWorker(ThreadPoolExecutor.java:1134)
        at java.util.concurrent.ThreadPoolExecutor$Worker.run(ThreadPoolExecutor.java:624)
        at java.lang.Thread.run(Thread.java:748)
"Datanode ReportManager Thread - 0" daemon prio=5 tid=686 timed_waiting
java.lang.Thread.State: TIMED_WAITING
        at sun.misc.Unsafe.park(Native Method)
        at java.util.concurrent.locks.LockSupport.parkNanos(LockSupport.java:215)
        at java.util.concurrent.locks.AbstractQueuedSynchronizer$ConditionObject.awaitNanos(AbstractQueuedSynchronizer.java:2078)
        at java.util.concurrent.ScheduledThreadPoolExecutor$DelayedWorkQueue.take(ScheduledThreadPoolExecutor.java:1093)
        at java.util.concurrent.ScheduledThreadPoolExecutor$DelayedWorkQueue.take(ScheduledThreadPoolExecutor.java:809)
        at java.util.concurrent.ThreadPoolExecutor.getTask(ThreadPoolExecutor.java:1074)
        at java.util.concurrent.ThreadPoolExecutor.runWorker(ThreadPoolExecutor.java:1134)
        at java.util.concurrent.ThreadPoolExecutor$Worker.run(ThreadPoolExecutor.java:624)
        at java.lang.Thread.run(Thread.java:748)
"metrics-hadoop-metrics2-reporter-106-thread-1" daemon prio=5 tid=2296 timed_waiting
java.lang.Thread.State: TIMED_WAITING
        at sun.misc.Unsafe.park(Native Method)
        at java.util.concurrent.locks.LockSupport.parkNanos(LockSupport.java:215)
        at java.util.concurrent.locks.AbstractQueuedSynchronizer$ConditionObject.awaitNanos(AbstractQueuedSynchronizer.java:2078)
        at java.util.concurrent.ScheduledThreadPoolExecutor$DelayedWorkQueue.take(ScheduledThreadPoolExecutor.java:1093)
        at java.util.concurrent.ScheduledThreadPoolExecutor$DelayedWorkQueue.take(ScheduledThreadPoolExecutor.java:809)
        at java.util.concurrent.ThreadPoolExecutor.getTask(ThreadPoolExecutor.java:1074)
        at java.util.concurrent.ThreadPoolExecutor.runWorker(ThreadPoolExecutor.java:1134)
        at java.util.concurrent.ThreadPoolExecutor$Worker.run(ThreadPoolExecutor.java:624)
        at java.lang.Thread.run(Thread.java:748)
"metrics-hadoop-metrics2-reporter-105-thread-1" daemon prio=5 tid=2295 timed_waiting
java.lang.Thread.State: TIMED_WAITING
        at sun.misc.Unsafe.park(Native Method)
        at java.util.concurrent.locks.LockSupport.parkNanos(LockSupport.java:215)
        at java.util.concurrent.locks.AbstractQueuedSynchronizer$ConditionObject.awaitNanos(AbstractQueuedSynchronizer.java:2078)
        at java.util.concurrent.ScheduledThreadPoolExecutor$DelayedWorkQueue.take(ScheduledThreadPoolExecutor.java:1093)
        at java.util.concurrent.ScheduledThreadPoolExecutor$DelayedWorkQueue.take(ScheduledThreadPoolExecutor.java:809)
        at java.util.concurrent.ThreadPoolExecutor.getTask(ThreadPoolExecutor.java:1074)
        at java.util.concurrent.ThreadPoolExecutor.runWorker(ThreadPoolExecutor.java:1134)
        at java.util.concurrent.ThreadPoolExecutor$Worker.run(ThreadPoolExecutor.java:624)
        at java.lang.Thread.run(Thread.java:748)
"qtp1300497562-2067" daemon prio=5 tid=2067 timed_waiting
java.lang.Thread.State: TIMED_WAITING
        at sun.misc.Unsafe.park(Native Method)
        at java.util.concurrent.locks.LockSupport.parkNanos(LockSupport.java:215)
        at java.util.concurrent.locks.AbstractQueuedSynchronizer$ConditionObject.awaitNanos(AbstractQueuedSynchronizer.java:2078)
        at org.eclipse.jetty.util.BlockingArrayQueue.poll(BlockingArrayQueue.java:392)
        at org.eclipse.jetty.util.thread.QueuedThreadPool.idleJobPoll(QueuedThreadPool.java:563)
        at org.eclipse.jetty.util.thread.QueuedThreadPool.access$800(QueuedThreadPool.java:48)
        at org.eclipse.jetty.util.thread.QueuedThreadPool$2.run(QueuedThreadPool.java:626)
        at java.lang.Thread.run(Thread.java:748)
"pool-196-thread-13"  prio=5 tid=2217 in Object.wait()
java.lang.Thread.State: WAITING (on object monitor)
        at sun.misc.Unsafe.park(Native Method)
        at java.util.concurrent.locks.LockSupport.park(LockSupport.java:175)
        at java.util.concurrent.locks.AbstractQueuedSynchronizer$ConditionObject.await(AbstractQueuedSynchronizer.java:2039)
        at java.util.concurrent.ArrayBlockingQueue.take(ArrayBlockingQueue.java:403)
        at java.util.concurrent.ThreadPoolExecutor.getTask(ThreadPoolExecutor.java:1074)
        at java.util.concurrent.ThreadPoolExecutor.runWorker(ThreadPoolExecutor.java:1134)
        at java.util.concurrent.ThreadPoolExecutor$Worker.run(ThreadPoolExecutor.java:624)
        at java.lang.Thread.run(Thread.java:748)
"IPC Server handler 14 on 43940" daemon prio=5 tid=1896 timed_waiting
java.lang.Thread.State: TIMED_WAITING
        at sun.misc.Unsafe.park(Native Method)
        at java.util.concurrent.locks.LockSupport.parkNanos(LockSupport.java:215)
        at java.util.concurrent.locks.AbstractQueuedSynchronizer$ConditionObject.awaitNanos(AbstractQueuedSynchronizer.java:2078)
        at java.util.concurrent.LinkedBlockingQueue.poll(LinkedBlockingQueue.java:467)
        at org.apache.hadoop.ipc.CallQueueManager.take(CallQueueManager.java:288)
        at org.apache.hadoop.ipc.Server$Handler.run(Server.java:2668)
"Periodic HDDS volume checker"  prio=5 tid=1999 timed_waiting
java.lang.Thread.State: TIMED_WAITING
        at sun.misc.Unsafe.park(Native Method)
        at java.util.concurrent.locks.LockSupport.parkNanos(LockSupport.java:215)
        at java.util.concurrent.locks.AbstractQueuedSynchronizer$ConditionObject.awaitNanos(AbstractQueuedSynchronizer.java:2078)
        at java.util.concurrent.ScheduledThreadPoolExecutor$DelayedWorkQueue.take(ScheduledThreadPoolExecutor.java:1093)
        at java.util.concurrent.ScheduledThreadPoolExecutor$DelayedWorkQueue.take(ScheduledThreadPoolExecutor.java:809)
        at java.util.concurrent.ThreadPoolExecutor.getTask(ThreadPoolExecutor.java:1074)
        at java.util.concurrent.ThreadPoolExecutor.runWorker(ThreadPoolExecutor.java:1134)
        at java.util.concurrent.ThreadPoolExecutor$Worker.run(ThreadPoolExecutor.java:624)
        at java.lang.Thread.run(Thread.java:748)
"pool-186-thread-51"  prio=5 tid=2193 in Object.wait()
java.lang.Thread.State: WAITING (on object monitor)
        at sun.misc.Unsafe.park(Native Method)
        at java.util.concurrent.locks.LockSupport.park(LockSupport.java:175)
        at java.util.concurrent.locks.AbstractQueuedSynchronizer$ConditionObject.await(AbstractQueuedSynchronizer.java:2039)
        at java.util.concurrent.ArrayBlockingQueue.take(ArrayBlockingQueue.java:403)
        at java.util.concurrent.ThreadPoolExecutor.getTask(ThreadPoolExecutor.java:1074)
        at java.util.concurrent.ThreadPoolExecutor.runWorker(ThreadPoolExecutor.java:1134)
        at java.util.concurrent.ThreadPoolExecutor$Worker.run(ThreadPoolExecutor.java:624)
        at java.lang.Thread.run(Thread.java:748)
"pool-186-thread-26"  prio=5 tid=2168 in Object.wait()
java.lang.Thread.State: WAITING (on object monitor)
        at sun.misc.Unsafe.park(Native Method)
        at java.util.concurrent.locks.LockSupport.park(LockSupport.java:175)
        at java.util.concurrent.locks.AbstractQueuedSynchronizer$ConditionObject.await(AbstractQueuedSynchronizer.java:2039)
        at java.util.concurrent.ArrayBlockingQueue.take(ArrayBlockingQueue.java:403)
        at java.util.concurrent.ThreadPoolExecutor.getTask(ThreadPoolExecutor.java:1074)
        at java.util.concurrent.ThreadPoolExecutor.runWorker(ThreadPoolExecutor.java:1134)
        at java.util.concurrent.ThreadPoolExecutor$Worker.run(ThreadPoolExecutor.java:624)
        at java.lang.Thread.run(Thread.java:748)
"pool-186-thread-59"  prio=5 tid=2201 in Object.wait()
java.lang.Thread.State: WAITING (on object monitor)
        at sun.misc.Unsafe.park(Native Method)
        at java.util.concurrent.locks.LockSupport.park(LockSupport.java:175)
        at java.util.concurrent.locks.AbstractQueuedSynchronizer$ConditionObject.await(AbstractQueuedSynchronizer.java:2039)
        at java.util.concurrent.ArrayBlockingQueue.take(ArrayBlockingQueue.java:403)
        at java.util.concurrent.ThreadPoolExecutor.getTask(ThreadPoolExecutor.java:1074)
        at java.util.concurrent.ThreadPoolExecutor.runWorker(ThreadPoolExecutor.java:1134)
        at java.util.concurrent.ThreadPoolExecutor$Worker.run(ThreadPoolExecutor.java:624)
        at java.lang.Thread.run(Thread.java:748)
"qtp2077845538-1990" daemon prio=5 tid=1990 timed_waiting
java.lang.Thread.State: TIMED_WAITING
        at sun.misc.Unsafe.park(Native Method)
        at java.util.concurrent.locks.LockSupport.parkNanos(LockSupport.java:215)
        at java.util.concurrent.locks.AbstractQueuedSynchronizer$ConditionObject.awaitNanos(AbstractQueuedSynchronizer.java:2078)
        at org.eclipse.jetty.util.BlockingArrayQueue.poll(BlockingArrayQueue.java:392)
        at org.eclipse.jetty.util.thread.QueuedThreadPool.idleJobPoll(QueuedThreadPool.java:563)
        at org.eclipse.jetty.util.thread.QueuedThreadPool.access$800(QueuedThreadPool.java:48)
        at org.eclipse.jetty.util.thread.QueuedThreadPool$2.run(QueuedThreadPool.java:626)
        at java.lang.Thread.run(Thread.java:748)
"Thread-1141" daemon prio=5 tid=2302 timed_waiting
java.lang.Thread.State: TIMED_WAITING
        at sun.misc.Unsafe.park(Native Method)
        at java.util.concurrent.locks.LockSupport.parkNanos(LockSupport.java:215)
        at java.util.concurrent.locks.AbstractQueuedSynchronizer$ConditionObject.awaitNanos(AbstractQueuedSynchronizer.java:2078)
        at java.util.concurrent.ArrayBlockingQueue.poll(ArrayBlockingQueue.java:418)
        at org.apache.ratis.server.impl.LeaderState$EventQueue.poll(LeaderState.java:115)
        at org.apache.ratis.server.impl.LeaderState$EventProcessor.run(LeaderState.java:467)
"Datanode ReportManager Thread - 0" daemon prio=5 tid=2018 in Object.wait()
java.lang.Thread.State: WAITING (on object monitor)
        at sun.misc.Unsafe.park(Native Method)
        at java.util.concurrent.locks.LockSupport.park(LockSupport.java:175)
        at java.util.concurrent.locks.AbstractQueuedSynchronizer$ConditionObject.await(AbstractQueuedSynchronizer.java:2039)
        at java.util.concurrent.ScheduledThreadPoolExecutor$DelayedWorkQueue.take(ScheduledThreadPoolExecutor.java:1088)
        at java.util.concurrent.ScheduledThreadPoolExecutor$DelayedWorkQueue.take(ScheduledThreadPoolExecutor.java:809)
        at java.util.concurrent.ThreadPoolExecutor.getTask(ThreadPoolExecutor.java:1074)
        at java.util.concurrent.ThreadPoolExecutor.runWorker(ThreadPoolExecutor.java:1134)
        at java.util.concurrent.ThreadPoolExecutor$Worker.run(ThreadPoolExecutor.java:624)
        at java.lang.Thread.run(Thread.java:748)
"metrics-hadoop-metrics2-reporter-130-thread-1" daemon prio=5 tid=2504 timed_waiting
java.lang.Thread.State: TIMED_WAITING
        at sun.misc.Unsafe.park(Native Method)
        at java.util.concurrent.locks.LockSupport.parkNanos(LockSupport.java:215)
        at java.util.concurrent.locks.AbstractQueuedSynchronizer$ConditionObject.awaitNanos(AbstractQueuedSynchronizer.java:2078)
        at java.util.concurrent.ScheduledThreadPoolExecutor$DelayedWorkQueue.take(ScheduledThreadPoolExecutor.java:1093)
        at java.util.concurrent.ScheduledThreadPoolExecutor$DelayedWorkQueue.take(ScheduledThreadPoolExecutor.java:809)
        at java.util.concurrent.ThreadPoolExecutor.getTask(ThreadPoolExecutor.java:1074)
        at java.util.concurrent.ThreadPoolExecutor.runWorker(ThreadPoolExecutor.java:1134)
        at java.util.concurrent.ThreadPoolExecutor$Worker.run(ThreadPoolExecutor.java:624)
        at java.lang.Thread.run(Thread.java:748)
"pool-176-thread-18"  prio=5 tid=2097 in Object.wait()
java.lang.Thread.State: WAITING (on object monitor)
        at sun.misc.Unsafe.park(Native Method)
        at java.util.concurrent.locks.LockSupport.park(LockSupport.java:175)
        at java.util.concurrent.locks.AbstractQueuedSynchronizer$ConditionObject.await(AbstractQueuedSynchronizer.java:2039)
        at java.util.concurrent.ArrayBlockingQueue.take(ArrayBlockingQueue.java:403)
        at java.util.concurrent.ThreadPoolExecutor.getTask(ThreadPoolExecutor.java:1074)
        at java.util.concurrent.ThreadPoolExecutor.runWorker(ThreadPoolExecutor.java:1134)
        at java.util.concurrent.ThreadPoolExecutor$Worker.run(ThreadPoolExecutor.java:624)
        at java.lang.Thread.run(Thread.java:748)
"metrics-hadoop-metrics2-reporter-17-thread-1" daemon prio=5 tid=479 timed_waiting
java.lang.Thread.State: TIMED_WAITING
        at sun.misc.Unsafe.park(Native Method)
        at java.util.concurrent.locks.LockSupport.parkNanos(LockSupport.java:215)
        at java.util.concurrent.locks.AbstractQueuedSynchronizer$ConditionObject.awaitNanos(AbstractQueuedSynchronizer.java:2078)
        at java.util.concurrent.ScheduledThreadPoolExecutor$DelayedWorkQueue.take(ScheduledThreadPoolExecutor.java:1093)
        at java.util.concurrent.ScheduledThreadPoolExecutor$DelayedWorkQueue.take(ScheduledThreadPoolExecutor.java:809)
        at java.util.concurrent.ThreadPoolExecutor.getTask(ThreadPoolExecutor.java:1074)
        at java.util.concurrent.ThreadPoolExecutor.runWorker(ThreadPoolExecutor.java:1134)
        at java.util.concurrent.ThreadPoolExecutor$Worker.run(ThreadPoolExecutor.java:624)
        at java.lang.Thread.run(Thread.java:748)
"IPC Server handler 2 on 37818" daemon prio=5 tid=1904 timed_waiting
java.lang.Thread.State: TIMED_WAITING
        at sun.misc.Unsafe.park(Native Method)
        at java.util.concurrent.locks.LockSupport.parkNanos(LockSupport.java:215)
        at java.util.concurrent.locks.AbstractQueuedSynchronizer$ConditionObject.awaitNanos(AbstractQueuedSynchronizer.java:2078)
        at java.util.concurrent.LinkedBlockingQueue.poll(LinkedBlockingQueue.java:467)
        at org.apache.hadoop.ipc.CallQueueManager.take(CallQueueManager.java:288)
        at org.apache.hadoop.ipc.Server$Handler.run(Server.java:2668)
"metrics-hadoop-metrics2-reporter-64-thread-1" daemon prio=5 tid=1169 timed_waiting
java.lang.Thread.State: TIMED_WAITING
        at sun.misc.Unsafe.park(Native Method)
        at java.util.concurrent.locks.LockSupport.parkNanos(LockSupport.java:215)
        at java.util.concurrent.locks.AbstractQueuedSynchronizer$ConditionObject.awaitNanos(AbstractQueuedSynchronizer.java:2078)
        at java.util.concurrent.ScheduledThreadPoolExecutor$DelayedWorkQueue.take(ScheduledThreadPoolExecutor.java:1093)
        at java.util.concurrent.ScheduledThreadPoolExecutor$DelayedWorkQueue.take(ScheduledThreadPoolExecutor.java:809)
        at java.util.concurrent.ThreadPoolExecutor.getTask(ThreadPoolExecutor.java:1074)
        at java.util.concurrent.ThreadPoolExecutor.runWorker(ThreadPoolExecutor.java:1134)
        at java.util.concurrent.ThreadPoolExecutor$Worker.run(ThreadPoolExecutor.java:624)
        at java.lang.Thread.run(Thread.java:748)
"pool-186-thread-14"  prio=5 tid=2156 in Object.wait()
java.lang.Thread.State: WAITING (on object monitor)
        at sun.misc.Unsafe.park(Native Method)
        at java.util.concurrent.locks.LockSupport.park(LockSupport.java:175)
        at java.util.concurrent.locks.AbstractQueuedSynchronizer$ConditionObject.await(AbstractQueuedSynchronizer.java:2039)
        at java.util.concurrent.ArrayBlockingQueue.take(ArrayBlockingQueue.java:403)
        at java.util.concurrent.ThreadPoolExecutor.getTask(ThreadPoolExecutor.java:1074)
        at java.util.concurrent.ThreadPoolExecutor.runWorker(ThreadPoolExecutor.java:1134)
        at java.util.concurrent.ThreadPoolExecutor$Worker.run(ThreadPoolExecutor.java:624)
        at java.lang.Thread.run(Thread.java:748)
"metrics-hadoop-metrics2-reporter-100-thread-1" daemon prio=5 tid=2282 timed_waiting
java.lang.Thread.State: TIMED_WAITING
        at sun.misc.Unsafe.park(Native Method)
        at java.util.concurrent.locks.LockSupport.parkNanos(LockSupport.java:215)
        at java.util.concurrent.locks.AbstractQueuedSynchronizer$ConditionObject.awaitNanos(AbstractQueuedSynchronizer.java:2078)
        at java.util.concurrent.ScheduledThreadPoolExecutor$DelayedWorkQueue.take(ScheduledThreadPoolExecutor.java:1093)
        at java.util.concurrent.ScheduledThreadPoolExecutor$DelayedWorkQueue.take(ScheduledThreadPoolExecutor.java:809)
        at java.util.concurrent.ThreadPoolExecutor.getTask(ThreadPoolExecutor.java:1074)
        at java.util.concurrent.ThreadPoolExecutor.runWorker(ThreadPoolExecutor.java:1134)
        at java.util.concurrent.ThreadPoolExecutor$Worker.run(ThreadPoolExecutor.java:624)
        at java.lang.Thread.run(Thread.java:748)
"org.eclipse.jetty.server.session.HashSessionManager@9efcd90Timer" daemon prio=5 tid=1951 timed_waiting
java.lang.Thread.State: TIMED_WAITING
        at sun.misc.Unsafe.park(Native Method)
        at java.util.concurrent.locks.LockSupport.parkNanos(LockSupport.java:215)
        at java.util.concurrent.locks.AbstractQueuedSynchronizer$ConditionObject.awaitNanos(AbstractQueuedSynchronizer.java:2078)
        at java.util.concurrent.ScheduledThreadPoolExecutor$DelayedWorkQueue.take(ScheduledThreadPoolExecutor.java:1093)
        at java.util.concurrent.ScheduledThreadPoolExecutor$DelayedWorkQueue.take(ScheduledThreadPoolExecutor.java:809)
        at java.util.concurrent.ThreadPoolExecutor.getTask(ThreadPoolExecutor.java:1074)
        at java.util.concurrent.ThreadPoolExecutor.runWorker(ThreadPoolExecutor.java:1134)
        at java.util.concurrent.ThreadPoolExecutor$Worker.run(ThreadPoolExecutor.java:624)
        at java.lang.Thread.run(Thread.java:748)
"pool-184-thread-1" daemon prio=5 tid=2030 timed_waiting
java.lang.Thread.State: TIMED_WAITING
        at sun.misc.Unsafe.park(Native Method)
        at java.util.concurrent.locks.LockSupport.parkNanos(LockSupport.java:215)
        at java.util.concurrent.locks.AbstractQueuedSynchronizer$ConditionObject.awaitNanos(AbstractQueuedSynchronizer.java:2078)
        at java.util.concurrent.ScheduledThreadPoolExecutor$DelayedWorkQueue.take(ScheduledThreadPoolExecutor.java:1093)
        at java.util.concurrent.ScheduledThreadPoolExecutor$DelayedWorkQueue.take(ScheduledThreadPoolExecutor.java:809)
        at java.util.concurrent.ThreadPoolExecutor.getTask(ThreadPoolExecutor.java:1074)
        at java.util.concurrent.ThreadPoolExecutor.runWorker(ThreadPoolExecutor.java:1134)
        at java.util.concurrent.ThreadPoolExecutor$Worker.run(ThreadPoolExecutor.java:624)
        at java.lang.Thread.run(Thread.java:748)
"metrics-hadoop-metrics2-reporter-22-thread-1" daemon prio=5 tid=499 timed_waiting
java.lang.Thread.State: TIMED_WAITING
        at sun.misc.Unsafe.park(Native Method)
        at java.util.concurrent.locks.LockSupport.parkNanos(LockSupport.java:215)
        at java.util.concurrent.locks.AbstractQueuedSynchronizer$ConditionObject.awaitNanos(AbstractQueuedSynchronizer.java:2078)
        at java.util.concurrent.ScheduledThreadPoolExecutor$DelayedWorkQueue.take(ScheduledThreadPoolExecutor.java:1093)
        at java.util.concurrent.ScheduledThreadPoolExecutor$DelayedWorkQueue.take(ScheduledThreadPoolExecutor.java:809)
        at java.util.concurrent.ThreadPoolExecutor.getTask(ThreadPoolExecutor.java:1074)
        at java.util.concurrent.ThreadPoolExecutor.runWorker(ThreadPoolExecutor.java:1134)
        at java.util.concurrent.ThreadPoolExecutor$Worker.run(ThreadPoolExecutor.java:624)
        at java.lang.Thread.run(Thread.java:748)
"pool-186-thread-11"  prio=5 tid=2153 in Object.wait()
java.lang.Thread.State: WAITING (on object monitor)
        at sun.misc.Unsafe.park(Native Method)
        at java.util.concurrent.locks.LockSupport.park(LockSupport.java:175)
        at java.util.concurrent.locks.AbstractQueuedSynchronizer$ConditionObject.await(AbstractQueuedSynchronizer.java:2039)
        at java.util.concurrent.ArrayBlockingQueue.take(ArrayBlockingQueue.java:403)
        at java.util.concurrent.ThreadPoolExecutor.getTask(ThreadPoolExecutor.java:1074)
        at java.util.concurrent.ThreadPoolExecutor.runWorker(ThreadPoolExecutor.java:1134)
        at java.util.concurrent.ThreadPoolExecutor$Worker.run(ThreadPoolExecutor.java:624)
        at java.lang.Thread.run(Thread.java:748)
"org.eclipse.jetty.server.session.HashSessionManager@b3e86d5Timer" daemon prio=5 tid=1997 timed_waiting
java.lang.Thread.State: TIMED_WAITING
        at sun.misc.Unsafe.park(Native Method)
        at java.util.concurrent.locks.LockSupport.parkNanos(LockSupport.java:215)
        at java.util.concurrent.locks.AbstractQueuedSynchronizer$ConditionObject.awaitNanos(AbstractQueuedSynchronizer.java:2078)
        at java.util.concurrent.ScheduledThreadPoolExecutor$DelayedWorkQueue.take(ScheduledThreadPoolExecutor.java:1093)
        at java.util.concurrent.ScheduledThreadPoolExecutor$DelayedWorkQueue.take(ScheduledThreadPoolExecutor.java:809)
        at java.util.concurrent.ThreadPoolExecutor.getTask(ThreadPoolExecutor.java:1074)
        at java.util.concurrent.ThreadPoolExecutor.runWorker(ThreadPoolExecutor.java:1134)
        at java.util.concurrent.ThreadPoolExecutor$Worker.run(ThreadPoolExecutor.java:624)
        at java.lang.Thread.run(Thread.java:748)
"IPC Server handler 17 on 43940" daemon prio=5 tid=1899 timed_waiting
java.lang.Thread.State: TIMED_WAITING
        at sun.misc.Unsafe.park(Native Method)
        at java.util.concurrent.locks.LockSupport.parkNanos(LockSupport.java:215)
        at java.util.concurrent.locks.AbstractQueuedSynchronizer$ConditionObject.awaitNanos(AbstractQueuedSynchronizer.java:2078)
        at java.util.concurrent.LinkedBlockingQueue.poll(LinkedBlockingQueue.java:467)
        at org.apache.hadoop.ipc.CallQueueManager.take(CallQueueManager.java:288)
        at org.apache.hadoop.ipc.Server$Handler.run(Server.java:2668)
"java.util.concurrent.ThreadPoolExecutor$Worker@56091865[State = -1, empty queue]" daemon prio=5 tid=2553 timed_waiting
java.lang.Thread.State: TIMED_WAITING
        at sun.misc.Unsafe.park(Native Method)
        at java.util.concurrent.locks.LockSupport.parkNanos(LockSupport.java:215)
        at java.util.concurrent.locks.AbstractQueuedSynchronizer$ConditionObject.awaitNanos(AbstractQueuedSynchronizer.java:2078)
        at java.util.concurrent.ScheduledThreadPoolExecutor$DelayedWorkQueue.take(ScheduledThreadPoolExecutor.java:1093)
        at java.util.concurrent.ScheduledThreadPoolExecutor$DelayedWorkQueue.take(ScheduledThreadPoolExecutor.java:809)
        at java.util.concurrent.ThreadPoolExecutor.getTask(ThreadPoolExecutor.java:1074)
        at java.util.concurrent.ThreadPoolExecutor.runWorker(ThreadPoolExecutor.java:1134)
        at java.util.concurrent.ThreadPoolExecutor$Worker.run(ThreadPoolExecutor.java:624)
        at java.lang.Thread.run(Thread.java:748)
"Datanode ReportManager Thread - 1" daemon prio=5 tid=1371 in Object.wait()
java.lang.Thread.State: WAITING (on object monitor)
        at sun.misc.Unsafe.park(Native Method)
        at java.util.concurrent.locks.LockSupport.park(LockSupport.java:175)
        at java.util.concurrent.locks.AbstractQueuedSynchronizer$ConditionObject.await(AbstractQueuedSynchronizer.java:2039)
        at java.util.concurrent.ScheduledThreadPoolExecutor$DelayedWorkQueue.take(ScheduledThreadPoolExecutor.java:1088)
        at java.util.concurrent.ScheduledThreadPoolExecutor$DelayedWorkQueue.take(ScheduledThreadPoolExecutor.java:809)
        at java.util.concurrent.ThreadPoolExecutor.getTask(ThreadPoolExecutor.java:1074)
        at java.util.concurrent.ThreadPoolExecutor.runWorker(ThreadPoolExecutor.java:1134)
        at java.util.concurrent.ThreadPoolExecutor$Worker.run(ThreadPoolExecutor.java:624)
        at java.lang.Thread.run(Thread.java:748)
"pool-176-thread-35"  prio=5 tid=2114 in Object.wait()
java.lang.Thread.State: WAITING (on object monitor)
        at sun.misc.Unsafe.park(Native Method)
        at java.util.concurrent.locks.LockSupport.park(LockSupport.java:175)
        at java.util.concurrent.locks.AbstractQueuedSynchronizer$ConditionObject.await(AbstractQueuedSynchronizer.java:2039)
        at java.util.concurrent.ArrayBlockingQueue.take(ArrayBlockingQueue.java:403)
        at java.util.concurrent.ThreadPoolExecutor.getTask(ThreadPoolExecutor.java:1074)
        at java.util.concurrent.ThreadPoolExecutor.runWorker(ThreadPoolExecutor.java:1134)
        at java.util.concurrent.ThreadPoolExecutor$Worker.run(ThreadPoolExecutor.java:624)
        at java.lang.Thread.run(Thread.java:748)
"metrics-hadoop-metrics2-reporter-88-thread-1" daemon prio=5 tid=1672 timed_waiting
java.lang.Thread.State: TIMED_WAITING
        at sun.misc.Unsafe.park(Native Method)
        at java.util.concurrent.locks.LockSupport.parkNanos(LockSupport.java:215)
        at java.util.concurrent.locks.AbstractQueuedSynchronizer$ConditionObject.awaitNanos(AbstractQueuedSynchronizer.java:2078)
        at java.util.concurrent.ScheduledThreadPoolExecutor$DelayedWorkQueue.take(ScheduledThreadPoolExecutor.java:1093)
        at java.util.concurrent.ScheduledThreadPoolExecutor$DelayedWorkQueue.take(ScheduledThreadPoolExecutor.java:809)
        at java.util.concurrent.ThreadPoolExecutor.getTask(ThreadPoolExecutor.java:1074)
        at java.util.concurrent.ThreadPoolExecutor.runWorker(ThreadPoolExecutor.java:1134)
        at java.util.concurrent.ThreadPoolExecutor$Worker.run(ThreadPoolExecutor.java:624)
        at java.lang.Thread.run(Thread.java:748)


	at org.apache.hadoop.test.GenericTestUtils.waitFor(GenericTestUtils.java:389)
	at org.apache.hadoop.ozone.MiniOzoneClusterImpl.waitForClusterToBeReady(MiniOzoneClusterImpl.java:149)
	at org.apache.hadoop.ozone.scm.TestXceiverClientManager.init(TestXceiverClientManager.java:63)
	at sun.reflect.NativeMethodAccessorImpl.invoke0(Native Method)
	at sun.reflect.NativeMethodAccessorImpl.invoke(NativeMethodAccessorImpl.java:62)
	at sun.reflect.DelegatingMethodAccessorImpl.invoke(DelegatingMethodAccessorImpl.java:43)
	at java.lang.reflect.Method.invoke(Method.java:498)
	at org.junit.runners.model.FrameworkMethod$1.runReflectiveCall(FrameworkMethod.java:47)
	at org.junit.internal.runners.model.ReflectiveCallable.run(ReflectiveCallable.java:12)
	at org.junit.runners.model.FrameworkMethod.invokeExplosively(FrameworkMethod.java:44)
	at org.junit.internal.runners.statements.RunBefores.evaluate(RunBefores.java:24)
	at org.junit.internal.runners.statements.RunAfters.evaluate(RunAfters.java:27)
	at org.junit.rules.ExpectedException$ExpectedExceptionStatement.evaluate(ExpectedException.java:168)
	at org.junit.rules.RunRules.evaluate(RunRules.java:20)
	at org.junit.runners.ParentRunner.runLeaf(ParentRunner.java:271)
	at org.junit.runners.BlockJUnit4ClassRunner.runChild(BlockJUnit4ClassRunner.java:70)
	at org.junit.runners.BlockJUnit4ClassRunner.runChild(BlockJUnit4ClassRunner.java:50)
	at org.junit.runners.ParentRunner$3.run(ParentRunner.java:238)
	at org.junit.runners.ParentRunner$1.schedule(ParentRunner.java:63)
	at org.junit.runners.ParentRunner.runChildren(ParentRunner.java:236)
	at org.junit.runners.ParentRunner.access$000(ParentRunner.java:53)
	at org.junit.runners.ParentRunner$2.evaluate(ParentRunner.java:229)
	at org.junit.runners.ParentRunner.run(ParentRunner.java:309)
	at org.apache.maven.surefire.junit4.JUnit4Provider.execute(JUnit4Provider.java:365)
	at org.apache.maven.surefire.junit4.JUnit4Provider.executeWithRerun(JUnit4Provider.java:273)
	at org.apache.maven.surefire.junit4.JUnit4Provider.executeTestSet(JUnit4Provider.java:238)
	at org.apache.maven.surefire.junit4.JUnit4Provider.invoke(JUnit4Provider.java:159)
	at org.apache.maven.surefire.booter.ForkedBooter.invokeProviderInSameClassLoader(ForkedBooter.java:384)
	at org.apache.maven.surefire.booter.ForkedBooter.runSuitesInProcess(ForkedBooter.java:345)
	at org.apache.maven.surefire.booter.ForkedBooter.execute(ForkedBooter.java:126)
	at org.apache.maven.surefire.booter.ForkedBooter.main(ForkedBooter.java:418)
</error>
    <system-out><![CDATA[2019-10-17 06:47:27,690 [main] WARN  server.ServerUtils (ServerUtils.java:getScmDbDir(145)) - ozone.scm.db.dirs is not configured. We recommend adding this setting. Falling back to ozone.metadata.dirs instead.
2019-10-17 06:47:27,714 [main] WARN  server.ServerUtils (ServerUtils.java:getScmDbDir(145)) - ozone.scm.db.dirs is not configured. We recommend adding this setting. Falling back to ozone.metadata.dirs instead.
2019-10-17 06:47:27,714 [main] WARN  server.ServerUtils (ServerUtils.java:getScmDbDir(145)) - ozone.scm.db.dirs is not configured. We recommend adding this setting. Falling back to ozone.metadata.dirs instead.
2019-10-17 06:47:27,715 [main] INFO  db.DBStoreBuilder (DBStoreBuilder.java:addTable(117)) - using custom profile for table: deletedBlocks
2019-10-17 06:47:27,715 [main] INFO  db.DBStoreBuilder (DBStoreBuilder.java:processTables(168)) - Using default column profile:DBProfile.DISK for Table:deletedBlocks
2019-10-17 06:47:27,715 [main] INFO  db.DBStoreBuilder (DBStoreBuilder.java:addTable(117)) - using custom profile for table: validCerts
2019-10-17 06:47:27,715 [main] INFO  db.DBStoreBuilder (DBStoreBuilder.java:processTables(168)) - Using default column profile:DBProfile.DISK for Table:validCerts
2019-10-17 06:47:27,715 [main] INFO  db.DBStoreBuilder (DBStoreBuilder.java:addTable(117)) - using custom profile for table: revokedCerts
2019-10-17 06:47:27,715 [main] INFO  db.DBStoreBuilder (DBStoreBuilder.java:processTables(168)) - Using default column profile:DBProfile.DISK for Table:revokedCerts
2019-10-17 06:47:27,716 [main] INFO  db.DBStoreBuilder (DBStoreBuilder.java:addTable(117)) - using custom profile for table: default
2019-10-17 06:47:27,716 [main] INFO  db.DBStoreBuilder (DBStoreBuilder.java:processTables(174)) - Using default column profile:DBProfile.DISK for Table:default
2019-10-17 06:47:27,716 [main] INFO  db.DBStoreBuilder (DBStoreBuilder.java:getDbProfile(205)) - Using default options. DBProfile.DISK
2019-10-17 06:47:27,925 [main] INFO  net.NodeSchemaLoader (NodeSchemaLoader.java:loadSchemaFromFile(125)) - Loading file from sun.misc.CompoundEnumeration@2a097d77
2019-10-17 06:47:27,926 [main] INFO  net.NodeSchemaLoader (NodeSchemaLoader.java:loadSchema(171)) - Loading network topology layer schema file
2019-10-17 06:47:27,930 [main] WARN  server.ServerUtils (ServerUtils.java:sanitizeUserArgs(70)) - ozone.scm.stale.node.interval value = 300000 is larger than max = 100000 based on the key value of ozone.scm.heartbeat.thread.interval, reset to the max value 100000.
2019-10-17 06:47:27,930 [main] WARN  server.ServerUtils (ServerUtils.java:sanitizeUserArgs(70)) - ozone.scm.stale.node.interval value = 300000 is larger than max = 100000 based on the key value of ozone.scm.heartbeat.thread.interval, reset to the max value 100000.
2019-10-17 06:47:27,930 [main] INFO  node.SCMNodeManager (SCMNodeManager.java:<init>(116)) - Entering startup safe mode.
2019-10-17 06:47:27,931 [main] INFO  algorithms.ContainerPlacementPolicyFactory (ContainerPlacementPolicyFactory.java:getPolicy(57)) - Create container placement policy of type org.apache.hadoop.hdds.scm.container.placement.algorithms.SCMContainerPlacementRandom
2019-10-17 06:47:27,931 [main] WARN  server.ServerUtils (ServerUtils.java:getScmDbDir(145)) - ozone.scm.db.dirs is not configured. We recommend adding this setting. Falling back to ozone.metadata.dirs instead.
2019-10-17 06:47:27,976 [main] INFO  pipeline.SCMPipelineManager (SCMPipelineManager.java:initializePipelineState(132)) - No pipeline exists in current db
2019-10-17 06:47:27,977 [main] WARN  server.ServerUtils (ServerUtils.java:getScmDbDir(145)) - ozone.scm.db.dirs is not configured. We recommend adding this setting. Falling back to ozone.metadata.dirs instead.
2019-10-17 06:47:28,025 [main] WARN  events.EventQueue (EventQueue.java:fireEvent(183)) - No event handler registered for event TypedEvent{payloadType=SafeModeStatus, name='SafeModeStatus'}
2019-10-17 06:47:28,026 [main] INFO  ipc.CallQueueManager (CallQueueManager.java:<init>(84)) - Using callQueue: class java.util.concurrent.LinkedBlockingQueue, queueCapacity: 2000, scheduler: class org.apache.hadoop.ipc.DefaultRpcScheduler, ipcBackoff: false.
2019-10-17 06:47:28,027 [Socket Reader #1 for port 35803] INFO  ipc.Server (Server.java:run(1074)) - Starting Socket Reader #1 for port 35803
2019-10-17 06:47:28,029 [main] INFO  ipc.CallQueueManager (CallQueueManager.java:<init>(84)) - Using callQueue: class java.util.concurrent.LinkedBlockingQueue, queueCapacity: 2000, scheduler: class org.apache.hadoop.ipc.DefaultRpcScheduler, ipcBackoff: false.
2019-10-17 06:47:28,029 [Socket Reader #1 for port 37818] INFO  ipc.Server (Server.java:run(1074)) - Starting Socket Reader #1 for port 37818
2019-10-17 06:47:28,031 [main] INFO  ipc.CallQueueManager (CallQueueManager.java:<init>(84)) - Using callQueue: class java.util.concurrent.LinkedBlockingQueue, queueCapacity: 2000, scheduler: class org.apache.hadoop.ipc.DefaultRpcScheduler, ipcBackoff: false.
2019-10-17 06:47:28,031 [Socket Reader #1 for port 43940] INFO  ipc.Server (Server.java:run(1074)) - Starting Socket Reader #1 for port 43940
2019-10-17 06:47:28,036 [main] INFO  hdfs.DFSUtil (DFSUtil.java:httpServerTemplateForNNAndJN(1641)) - Starting Web-server for scm at: http://0.0.0.0:0
2019-10-17 06:47:28,038 [main] INFO  server.AuthenticationFilter (AuthenticationFilter.java:constructSecretProvider(240)) - Unable to initialize FileSignerSecretProvider, falling back to use random secrets.
2019-10-17 06:47:28,039 [main] WARN  http.HttpRequestLog (HttpRequestLog.java:getRequestLog(97)) - Jetty request log can only be enabled using Log4j
2019-10-17 06:47:28,040 [main] INFO  http.HttpServer2 (HttpServer2.java:addGlobalFilter(975)) - Added global filter 'safety' (class=org.apache.hadoop.http.HttpServer2$QuotingInputFilter)
2019-10-17 06:47:28,041 [main] INFO  http.HttpServer2 (HttpServer2.java:addFilter(948)) - Added filter static_user_filter (class=org.apache.hadoop.http.lib.StaticUserWebFilter$StaticUserFilter) to context scm
2019-10-17 06:47:28,041 [main] INFO  http.HttpServer2 (HttpServer2.java:addFilter(958)) - Added filter static_user_filter (class=org.apache.hadoop.http.lib.StaticUserWebFilter$StaticUserFilter) to context logs
2019-10-17 06:47:28,041 [main] INFO  http.HttpServer2 (HttpServer2.java:addFilter(958)) - Added filter static_user_filter (class=org.apache.hadoop.http.lib.StaticUserWebFilter$StaticUserFilter) to context static
2019-10-17 06:47:28,043 [main] INFO  server.StorageContainerManager (StorageContainerManager.java:start(772)) - StorageContainerLocationProtocol RPC server is listening at /0.0.0.0:43940
2019-10-17 06:47:28,045 [main] WARN  impl.MetricsConfig (MetricsConfig.java:loadFirst(134)) - Cannot locate configuration: tried hadoop-metrics2-storagecontainermanager.properties,hadoop-metrics2.properties
2019-10-17 06:47:28,047 [main] INFO  impl.MetricsSystemImpl (MetricsSystemImpl.java:startTimer(374)) - Scheduled Metric snapshot period at 10 second(s).
2019-10-17 06:47:28,048 [main] INFO  impl.MetricsSystemImpl (MetricsSystemImpl.java:start(191)) - StorageContainerManager metrics system started
2019-10-17 06:47:28,080 [main] WARN  impl.MetricsSystemImpl (MetricsSystemImpl.java:register(276)) - Sink prometheus already exists!
2019-10-17 06:47:28,119 [main] INFO  server.SCMClientProtocolServer (SCMClientProtocolServer.java:start(159)) - RPC server for Client  is listening at /0.0.0.0:43940
2019-10-17 06:47:28,120 [IPC Server listener on 43940] INFO  ipc.Server (Server.java:run(1153)) - IPC Server listener on 43940: starting
2019-10-17 06:47:28,120 [IPC Server Responder] INFO  ipc.Server (Server.java:run(1314)) - IPC Server Responder: starting
2019-10-17 06:47:28,122 [main] INFO  server.StorageContainerManager (StorageContainerManager.java:start(782)) - ScmBlockLocationProtocol RPC server is listening at /0.0.0.0:37818
2019-10-17 06:47:28,122 [main] INFO  server.SCMBlockProtocolServer (SCMBlockProtocolServer.java:start(146)) - RPC server for Block Protocol is listening at /0.0.0.0:37818
2019-10-17 06:47:28,123 [IPC Server Responder] INFO  ipc.Server (Server.java:run(1314)) - IPC Server Responder: starting
2019-10-17 06:47:28,123 [IPC Server listener on 37818] INFO  ipc.Server (Server.java:run(1153)) - IPC Server listener on 37818: starting
2019-10-17 06:47:28,125 [main] INFO  server.StorageContainerManager (StorageContainerManager.java:start(786)) - ScmDatanodeProtocl RPC server is listening at /0.0.0.0:35803
2019-10-17 06:47:28,126 [main] INFO  server.SCMDatanodeProtocolServer (SCMDatanodeProtocolServer.java:start(169)) - RPC server for DataNodes is listening at /0.0.0.0:35803
2019-10-17 06:47:28,126 [IPC Server Responder] INFO  ipc.Server (Server.java:run(1314)) - IPC Server Responder: starting
2019-10-17 06:47:28,126 [IPC Server listener on 35803] INFO  ipc.Server (Server.java:run(1153)) - IPC Server listener on 35803: starting
2019-10-17 06:47:28,134 [main] INFO  http.HttpServer2 (HttpServer2.java:bindListener(1191)) - Jetty bound to port 45693
2019-10-17 06:47:28,135 [main] INFO  server.Server (Server.java:doStart(351)) - jetty-9.3.25.v20180904, build timestamp: 2018-09-04T21:11:46Z, git hash: 3ce520221d0240229c862b122d2b06c12a625732
2019-10-17 06:47:28,137 [main] INFO  handler.ContextHandler (ContextHandler.java:doStart(781)) - Started o.e.j.s.ServletContextHandler@40d60f2{/logs,file:///workdir/hadoop-ozone/integration-test/target/log,AVAILABLE}
2019-10-17 06:47:28,137 [main] INFO  handler.ContextHandler (ContextHandler.java:doStart(781)) - Started o.e.j.s.ServletContextHandler@2f74900b{/static,file:///workdir/hadoop-ozone/integration-test/target/test-classes/webapps/static,AVAILABLE}
2019-10-17 06:47:28,142 [main] INFO  handler.ContextHandler (ContextHandler.java:doStart(781)) - Started o.e.j.w.WebAppContext@668625f5{/,file:///workdir/hadoop-ozone/integration-test/target/test-classes/webapps/scm/,AVAILABLE}{/scm}
2019-10-17 06:47:28,142 [main] INFO  server.AbstractConnector (AbstractConnector.java:doStart(278)) - Started ServerConnector@19a20bb2{HTTP/1.1,[http/1.1]}{0.0.0.0:45693}
2019-10-17 06:47:28,143 [main] INFO  server.Server (Server.java:doStart(419)) - Started @62450ms
2019-10-17 06:47:28,143 [main] WARN  impl.MetricsSystemImpl (MetricsSystemImpl.java:register(276)) - Sink prometheus already exists!
2019-10-17 06:47:28,144 [main] INFO  server.BaseHttpServer (BaseHttpServer.java:updateConnectorAddress(215)) - HTTP server of SCM is listening at http://0.0.0.0:45693
2019-10-17 06:47:28,144 [main] WARN  server.ServerUtils (ServerUtils.java:getDBPath(222)) - ozone.om.db.dirs is not configured. We recommend adding this setting. Falling back to ozone.metadata.dirs instead.
2019-10-17 06:47:28,145 [org.apache.hadoop.util.JvmPauseMonitor$Monitor@3eb3232b] INFO  util.JvmPauseMonitor (JvmPauseMonitor.java:run(188)) - Starting JVM pause monitor
2019-10-17 06:47:28,159 [main] INFO  ha.OMHANodeDetails (OMHANodeDetails.java:loadOMHAConfig(190)) - Configuration either no ozone.om.address set. Falling back to the default OM address /127.0.0.1:0
2019-10-17 06:47:28,159 [main] INFO  ha.OMHANodeDetails (OMHANodeDetails.java:getOMNodeDetails(220)) - OM Service ID is not set. Setting it to the default ID: omServiceIdDefault
2019-10-17 06:47:28,159 [main] WARN  server.ServerUtils (ServerUtils.java:getDBPath(222)) - ozone.om.db.dirs is not configured. We recommend adding this setting. Falling back to ozone.metadata.dirs instead.
2019-10-17 06:47:28,160 [main] WARN  server.ServerUtils (ServerUtils.java:getDBPath(222)) - ozone.om.db.dirs is not configured. We recommend adding this setting. Falling back to ozone.metadata.dirs instead.
2019-10-17 06:47:28,166 [main] WARN  server.ServerUtils (ServerUtils.java:getDBPath(222)) - ozone.om.db.dirs is not configured. We recommend adding this setting. Falling back to ozone.metadata.dirs instead.
2019-10-17 06:47:28,166 [main] INFO  db.DBStoreBuilder (DBStoreBuilder.java:addTable(117)) - using custom profile for table: userTable
2019-10-17 06:47:28,166 [main] INFO  db.DBStoreBuilder (DBStoreBuilder.java:processTables(168)) - Using default column profile:DBProfile.DISK for Table:userTable
2019-10-17 06:47:28,167 [main] INFO  db.DBStoreBuilder (DBStoreBuilder.java:addTable(117)) - using custom profile for table: volumeTable
2019-10-17 06:47:28,167 [main] INFO  db.DBStoreBuilder (DBStoreBuilder.java:processTables(168)) - Using default column profile:DBProfile.DISK for Table:volumeTable
2019-10-17 06:47:28,167 [main] INFO  db.DBStoreBuilder (DBStoreBuilder.java:addTable(117)) - using custom profile for table: bucketTable
2019-10-17 06:47:28,167 [main] INFO  db.DBStoreBuilder (DBStoreBuilder.java:processTables(168)) - Using default column profile:DBProfile.DISK for Table:bucketTable
2019-10-17 06:47:28,167 [main] INFO  db.DBStoreBuilder (DBStoreBuilder.java:addTable(117)) - using custom profile for table: keyTable
2019-10-17 06:47:28,168 [main] INFO  db.DBStoreBuilder (DBStoreBuilder.java:processTables(168)) - Using default column profile:DBProfile.DISK for Table:keyTable
2019-10-17 06:47:28,168 [main] INFO  db.DBStoreBuilder (DBStoreBuilder.java:addTable(117)) - using custom profile for table: deletedTable
2019-10-17 06:47:28,168 [main] INFO  db.DBStoreBuilder (DBStoreBuilder.java:processTables(168)) - Using default column profile:DBProfile.DISK for Table:deletedTable
2019-10-17 06:47:28,168 [main] INFO  db.DBStoreBuilder (DBStoreBuilder.java:addTable(117)) - using custom profile for table: openKeyTable
2019-10-17 06:47:28,168 [main] INFO  db.DBStoreBuilder (DBStoreBuilder.java:processTables(168)) - Using default column profile:DBProfile.DISK for Table:openKeyTable
2019-10-17 06:47:28,169 [main] INFO  db.DBStoreBuilder (DBStoreBuilder.java:addTable(117)) - using custom profile for table: s3Table
2019-10-17 06:47:28,169 [main] INFO  db.DBStoreBuilder (DBStoreBuilder.java:processTables(168)) - Using default column profile:DBProfile.DISK for Table:s3Table
2019-10-17 06:47:28,169 [main] INFO  db.DBStoreBuilder (DBStoreBuilder.java:addTable(117)) - using custom profile for table: multipartInfoTable
2019-10-17 06:47:28,169 [main] INFO  db.DBStoreBuilder (DBStoreBuilder.java:processTables(168)) - Using default column profile:DBProfile.DISK for Table:multipartInfoTable
2019-10-17 06:47:28,169 [main] INFO  db.DBStoreBuilder (DBStoreBuilder.java:addTable(117)) - using custom profile for table: dTokenTable
2019-10-17 06:47:28,170 [main] INFO  db.DBStoreBuilder (DBStoreBuilder.java:processTables(168)) - Using default column profile:DBProfile.DISK for Table:dTokenTable
2019-10-17 06:47:28,170 [main] INFO  db.DBStoreBuilder (DBStoreBuilder.java:addTable(117)) - using custom profile for table: s3SecretTable
2019-10-17 06:47:28,170 [main] INFO  db.DBStoreBuilder (DBStoreBuilder.java:processTables(168)) - Using default column profile:DBProfile.DISK for Table:s3SecretTable
2019-10-17 06:47:28,170 [main] INFO  db.DBStoreBuilder (DBStoreBuilder.java:addTable(117)) - using custom profile for table: prefixTable
2019-10-17 06:47:28,170 [main] INFO  db.DBStoreBuilder (DBStoreBuilder.java:processTables(168)) - Using default column profile:DBProfile.DISK for Table:prefixTable
2019-10-17 06:47:28,171 [main] INFO  db.DBStoreBuilder (DBStoreBuilder.java:addTable(117)) - using custom profile for table: default
2019-10-17 06:47:28,171 [main] INFO  db.DBStoreBuilder (DBStoreBuilder.java:processTables(174)) - Using default column profile:DBProfile.DISK for Table:default
2019-10-17 06:47:28,171 [main] INFO  db.DBStoreBuilder (DBStoreBuilder.java:getDbProfile(205)) - Using default options. DBProfile.DISK
2019-10-17 06:47:28,680 [main] INFO  ipc.CallQueueManager (CallQueueManager.java:<init>(84)) - Using callQueue: class java.util.concurrent.LinkedBlockingQueue, queueCapacity: 2000, scheduler: class org.apache.hadoop.ipc.DefaultRpcScheduler, ipcBackoff: false.
2019-10-17 06:47:28,681 [Socket Reader #1 for port 44019] INFO  ipc.Server (Server.java:run(1074)) - Starting Socket Reader #1 for port 44019
2019-10-17 06:47:28,692 [main] INFO  om.OzoneManager (OzoneManager.java:start(1071)) - OzoneManager RPC server is listening at localhost/127.0.0.1:44019
2019-10-17 06:47:28,692 [main] INFO  impl.MetricsSystemImpl (MetricsSystemImpl.java:init(158)) - OzoneManager metrics system started (again)
2019-10-17 06:47:28,693 [IPC Server Responder] INFO  ipc.Server (Server.java:run(1314)) - IPC Server Responder: starting
2019-10-17 06:47:28,693 [IPC Server listener on 44019] INFO  ipc.Server (Server.java:run(1153)) - IPC Server listener on 44019: starting
2019-10-17 06:47:28,697 [main] INFO  hdfs.DFSUtil (DFSUtil.java:httpServerTemplateForNNAndJN(1641)) - Starting Web-server for ozoneManager at: http://0.0.0.0:0
2019-10-17 06:47:28,699 [main] INFO  server.AuthenticationFilter (AuthenticationFilter.java:constructSecretProvider(240)) - Unable to initialize FileSignerSecretProvider, falling back to use random secrets.
2019-10-17 06:47:28,699 [main] WARN  http.HttpRequestLog (HttpRequestLog.java:getRequestLog(97)) - Jetty request log can only be enabled using Log4j
2019-10-17 06:47:28,701 [main] INFO  http.HttpServer2 (HttpServer2.java:addGlobalFilter(975)) - Added global filter 'safety' (class=org.apache.hadoop.http.HttpServer2$QuotingInputFilter)
2019-10-17 06:47:28,702 [main] INFO  http.HttpServer2 (HttpServer2.java:addFilter(948)) - Added filter static_user_filter (class=org.apache.hadoop.http.lib.StaticUserWebFilter$StaticUserFilter) to context ozoneManager
2019-10-17 06:47:28,702 [main] INFO  http.HttpServer2 (HttpServer2.java:addFilter(958)) - Added filter static_user_filter (class=org.apache.hadoop.http.lib.StaticUserWebFilter$StaticUserFilter) to context logs
2019-10-17 06:47:28,702 [main] INFO  http.HttpServer2 (HttpServer2.java:addFilter(958)) - Added filter static_user_filter (class=org.apache.hadoop.http.lib.StaticUserWebFilter$StaticUserFilter) to context static
2019-10-17 06:47:28,703 [main] INFO  http.HttpServer2 (HttpServer2.java:bindListener(1191)) - Jetty bound to port 36272
2019-10-17 06:47:28,703 [main] INFO  server.Server (Server.java:doStart(351)) - jetty-9.3.25.v20180904, build timestamp: 2018-09-04T21:11:46Z, git hash: 3ce520221d0240229c862b122d2b06c12a625732
2019-10-17 06:47:28,705 [main] INFO  handler.ContextHandler (ContextHandler.java:doStart(781)) - Started o.e.j.s.ServletContextHandler@2ee48610{/logs,file:///workdir/hadoop-ozone/integration-test/target/log,AVAILABLE}
2019-10-17 06:47:28,706 [main] INFO  handler.ContextHandler (ContextHandler.java:doStart(781)) - Started o.e.j.s.ServletContextHandler@6d08b4e6{/static,file:///workdir/hadoop-ozone/integration-test/target/test-classes/webapps/static,AVAILABLE}
2019-10-17 06:47:28,710 [main] INFO  handler.ContextHandler (ContextHandler.java:doStart(781)) - Started o.e.j.w.WebAppContext@e111c7c{/,file:///workdir/hadoop-ozone/integration-test/target/test-classes/webapps/ozoneManager/,AVAILABLE}{/ozoneManager}
2019-10-17 06:47:28,711 [main] INFO  server.AbstractConnector (AbstractConnector.java:doStart(278)) - Started ServerConnector@4d0e54e0{HTTP/1.1,[http/1.1]}{0.0.0.0:36272}
2019-10-17 06:47:28,711 [main] INFO  server.Server (Server.java:doStart(419)) - Started @63019ms
2019-10-17 06:47:28,712 [main] WARN  impl.MetricsSystemImpl (MetricsSystemImpl.java:register(276)) - Sink prometheus already exists!
2019-10-17 06:47:28,713 [main] INFO  server.BaseHttpServer (BaseHttpServer.java:updateConnectorAddress(215)) - HTTP server of OZONEMANAGER is listening at http://0.0.0.0:36272
2019-10-17 06:47:28,721 [main] INFO  impl.MetricsSystemImpl (MetricsSystemImpl.java:init(158)) - HddsDatanode metrics system started (again)
2019-10-17 06:47:28,724 [main] INFO  ozone.HddsDatanodeService (HddsDatanodeService.java:start(184)) - HddsDatanodeService host:pr-hdds-1868-lzclr-202649289 ip:192.168.34.62
2019-10-17 06:47:28,730 [main] INFO  volume.HddsVolume (HddsVolume.java:<init>(176)) - Creating Volume: /workdir/hadoop-ozone/integration-test/target/test-dir/MiniOzoneClusterImpl-3afb9865-6449-4209-9387-449993352e62/datanode-0/data/containers/hdds of  storage type : DISK and capacity : 1482555576320
2019-10-17 06:47:28,730 [main] INFO  volume.VolumeSet (VolumeSet.java:initializeVolumeSet(170)) - Added Volume : /workdir/hadoop-ozone/integration-test/target/test-dir/MiniOzoneClusterImpl-3afb9865-6449-4209-9387-449993352e62/datanode-0/data/containers/hdds to VolumeSet
2019-10-17 06:47:28,730 [main] INFO  volume.ThrottledAsyncChecker (ThrottledAsyncChecker.java:schedule(141)) - Scheduling a check for /workdir/hadoop-ozone/integration-test/target/test-dir/MiniOzoneClusterImpl-3afb9865-6449-4209-9387-449993352e62/datanode-0/data/containers/hdds
2019-10-17 06:47:28,731 [main] INFO  volume.HddsVolumeChecker (HddsVolumeChecker.java:checkAllVolumes(204)) - Scheduled health check for volume /workdir/hadoop-ozone/integration-test/target/test-dir/MiniOzoneClusterImpl-3afb9865-6449-4209-9387-449993352e62/datanode-0/data/containers/hdds
2019-10-17 06:47:28,746 [main] INFO  impl.RaftServerProxy (ConfUtils.java:logGet(43)) - raft.rpc.type = GRPC (default)
2019-10-17 06:47:28,747 [main] INFO  grpc.GrpcFactory (GrpcFactory.java:checkPooledByteBufAllocatorUseCacheForAllThreads(45)) - PERFORMANCE WARNING: useCacheForAllThreads is true that may cause Netty to create a lot garbage objects and, as a result, trigger GC.
	It is recommended to disable useCacheForAllThreads by setting -Dorg.apache.ratis.thirdparty.io.netty.allocator.useCacheForAllThreads=false in command line.
2019-10-17 06:47:28,747 [main] INFO  grpc.GrpcConfigKeys$Server (ConfUtils.java:logGet(43)) - raft.grpc.server.port = 0 (default)
2019-10-17 06:47:28,747 [main] INFO  server.GrpcService (ConfUtils.java:logGet(43)) - raft.grpc.message.size.max = 33570816 (custom)
2019-10-17 06:47:28,748 [main] INFO  server.RaftServerConfigKeys (ConfUtils.java:logGet(43)) - raft.server.log.appender.buffer.byte-limit = 33554432 (custom)
2019-10-17 06:47:28,748 [main] INFO  server.GrpcService (ConfUtils.java:logGet(43)) - raft.grpc.flow.control.window = 1MB (=1048576) (default)
2019-10-17 06:47:28,748 [main] INFO  server.RaftServerConfigKeys (ConfUtils.java:logGet(43)) - raft.server.rpc.request.timeout = 3000ms (default)
2019-10-17 06:47:28,749 [main] INFO  server.RaftServerConfigKeys (ConfUtils.java:logGet(43)) - raft.server.storage.dir = [/workdir/hadoop-ozone/integration-test/target/test-dir/MiniOzoneClusterImpl-3afb9865-6449-4209-9387-449993352e62/datanode-0/data/ratis] (custom)
2019-10-17 06:47:28,751 [main] INFO  hdfs.DFSUtil (DFSUtil.java:httpServerTemplateForNNAndJN(1641)) - Starting Web-server for hddsDatanode at: http://0.0.0.0:0
2019-10-17 06:47:28,753 [main] INFO  server.AuthenticationFilter (AuthenticationFilter.java:constructSecretProvider(240)) - Unable to initialize FileSignerSecretProvider, falling back to use random secrets.
2019-10-17 06:47:28,753 [main] WARN  http.HttpRequestLog (HttpRequestLog.java:getRequestLog(97)) - Jetty request log can only be enabled using Log4j
2019-10-17 06:47:28,755 [main] INFO  http.HttpServer2 (HttpServer2.java:addGlobalFilter(975)) - Added global filter 'safety' (class=org.apache.hadoop.http.HttpServer2$QuotingInputFilter)
2019-10-17 06:47:28,756 [main] INFO  http.HttpServer2 (HttpServer2.java:addFilter(948)) - Added filter static_user_filter (class=org.apache.hadoop.http.lib.StaticUserWebFilter$StaticUserFilter) to context hddsDatanode
2019-10-17 06:47:28,756 [main] INFO  http.HttpServer2 (HttpServer2.java:addFilter(958)) - Added filter static_user_filter (class=org.apache.hadoop.http.lib.StaticUserWebFilter$StaticUserFilter) to context logs
2019-10-17 06:47:28,756 [main] INFO  http.HttpServer2 (HttpServer2.java:addFilter(958)) - Added filter static_user_filter (class=org.apache.hadoop.http.lib.StaticUserWebFilter$StaticUserFilter) to context static
2019-10-17 06:47:28,757 [main] INFO  http.HttpServer2 (HttpServer2.java:bindListener(1191)) - Jetty bound to port 35466
2019-10-17 06:47:28,757 [main] INFO  server.Server (Server.java:doStart(351)) - jetty-9.3.25.v20180904, build timestamp: 2018-09-04T21:11:46Z, git hash: 3ce520221d0240229c862b122d2b06c12a625732
2019-10-17 06:47:28,759 [main] INFO  handler.ContextHandler (ContextHandler.java:doStart(781)) - Started o.e.j.s.ServletContextHandler@54089484{/logs,file:///workdir/hadoop-ozone/integration-test/target/log,AVAILABLE}
2019-10-17 06:47:28,759 [main] INFO  handler.ContextHandler (ContextHandler.java:doStart(781)) - Started o.e.j.s.ServletContextHandler@65fe2691{/static,jar:file:/home/user/.m2/repository/org/apache/hadoop/hadoop-hdds-container-service/0.5.0-SNAPSHOT/hadoop-hdds-container-service-0.5.0-SNAPSHOT.jar!/webapps/static,AVAILABLE}
2019-10-17 06:47:28,806 [main] INFO  handler.ContextHandler (ContextHandler.java:doStart(781)) - Started o.e.j.w.WebAppContext@786ff1cb{/,file:///tmp/jetty-0.0.0.0-35466-hddsDatanode-_-any-8299522298903023259.dir/webapp/,AVAILABLE}{/hddsDatanode}
2019-10-17 06:47:28,806 [main] INFO  server.AbstractConnector (AbstractConnector.java:doStart(278)) - Started ServerConnector@46039a21{HTTP/1.1,[http/1.1]}{0.0.0.0:35466}
2019-10-17 06:47:28,807 [main] INFO  server.Server (Server.java:doStart(419)) - Started @63114ms
2019-10-17 06:47:28,807 [main] WARN  impl.MetricsSystemImpl (MetricsSystemImpl.java:register(276)) - Sink prometheus already exists!
2019-10-17 06:47:28,808 [main] INFO  server.BaseHttpServer (BaseHttpServer.java:updateConnectorAddress(215)) - HTTP server of HDDSDATANODE is listening at http://0.0.0.0:35466
2019-10-17 06:47:28,809 [main] INFO  impl.MetricsSystemImpl (MetricsSystemImpl.java:init(158)) - HddsDatanode metrics system started (again)
2019-10-17 06:47:28,811 [org.apache.hadoop.util.JvmPauseMonitor$Monitor@581b72c5] INFO  util.JvmPauseMonitor (JvmPauseMonitor.java:run(188)) - Starting JVM pause monitor
2019-10-17 06:47:28,812 [main] INFO  ozone.HddsDatanodeService (HddsDatanodeService.java:start(184)) - HddsDatanodeService host:pr-hdds-1868-lzclr-202649289 ip:192.168.34.62
2019-10-17 06:47:28,813 [Datanode State Machine Thread - 0] INFO  datanode.InitDatanodeState (InitDatanodeState.java:persistContainerDatanodeDetails(140)) - DatanodeDetails is persisted to /workdir/hadoop-ozone/integration-test/target/test-dir/MiniOzoneClusterImpl-3afb9865-6449-4209-9387-449993352e62/datanode-0/meta/datanode.id
2019-10-17 06:47:28,818 [main] INFO  volume.HddsVolume (HddsVolume.java:<init>(176)) - Creating Volume: /workdir/hadoop-ozone/integration-test/target/test-dir/MiniOzoneClusterImpl-3afb9865-6449-4209-9387-449993352e62/datanode-1/data/containers/hdds of  storage type : DISK and capacity : 1482555576320
2019-10-17 06:47:28,818 [main] INFO  volume.VolumeSet (VolumeSet.java:initializeVolumeSet(170)) - Added Volume : /workdir/hadoop-ozone/integration-test/target/test-dir/MiniOzoneClusterImpl-3afb9865-6449-4209-9387-449993352e62/datanode-1/data/containers/hdds to VolumeSet
2019-10-17 06:47:28,818 [main] INFO  volume.ThrottledAsyncChecker (ThrottledAsyncChecker.java:schedule(141)) - Scheduling a check for /workdir/hadoop-ozone/integration-test/target/test-dir/MiniOzoneClusterImpl-3afb9865-6449-4209-9387-449993352e62/datanode-1/data/containers/hdds
2019-10-17 06:47:28,819 [main] INFO  volume.HddsVolumeChecker (HddsVolumeChecker.java:checkAllVolumes(204)) - Scheduled health check for volume /workdir/hadoop-ozone/integration-test/target/test-dir/MiniOzoneClusterImpl-3afb9865-6449-4209-9387-449993352e62/datanode-1/data/containers/hdds
2019-10-17 06:47:28,834 [main] INFO  impl.RaftServerProxy (ConfUtils.java:logGet(43)) - raft.rpc.type = GRPC (default)
2019-10-17 06:47:28,834 [main] INFO  grpc.GrpcFactory (GrpcFactory.java:checkPooledByteBufAllocatorUseCacheForAllThreads(45)) - PERFORMANCE WARNING: useCacheForAllThreads is true that may cause Netty to create a lot garbage objects and, as a result, trigger GC.
	It is recommended to disable useCacheForAllThreads by setting -Dorg.apache.ratis.thirdparty.io.netty.allocator.useCacheForAllThreads=false in command line.
2019-10-17 06:47:28,834 [main] INFO  grpc.GrpcConfigKeys$Server (ConfUtils.java:logGet(43)) - raft.grpc.server.port = 0 (default)
2019-10-17 06:47:28,834 [main] INFO  server.GrpcService (ConfUtils.java:logGet(43)) - raft.grpc.message.size.max = 33570816 (custom)
2019-10-17 06:47:28,835 [main] INFO  server.RaftServerConfigKeys (ConfUtils.java:logGet(43)) - raft.server.log.appender.buffer.byte-limit = 33554432 (custom)
2019-10-17 06:47:28,835 [main] INFO  server.GrpcService (ConfUtils.java:logGet(43)) - raft.grpc.flow.control.window = 1MB (=1048576) (default)
2019-10-17 06:47:28,835 [main] INFO  server.RaftServerConfigKeys (ConfUtils.java:logGet(43)) - raft.server.rpc.request.timeout = 3000ms (default)
2019-10-17 06:47:28,835 [main] INFO  server.RaftServerConfigKeys (ConfUtils.java:logGet(43)) - raft.server.storage.dir = [/workdir/hadoop-ozone/integration-test/target/test-dir/MiniOzoneClusterImpl-3afb9865-6449-4209-9387-449993352e62/datanode-1/data/ratis] (custom)
2019-10-17 06:47:28,837 [main] INFO  hdfs.DFSUtil (DFSUtil.java:httpServerTemplateForNNAndJN(1641)) - Starting Web-server for hddsDatanode at: http://0.0.0.0:0
2019-10-17 06:47:28,839 [main] INFO  server.AuthenticationFilter (AuthenticationFilter.java:constructSecretProvider(240)) - Unable to initialize FileSignerSecretProvider, falling back to use random secrets.
2019-10-17 06:47:28,840 [main] WARN  http.HttpRequestLog (HttpRequestLog.java:getRequestLog(97)) - Jetty request log can only be enabled using Log4j
2019-10-17 06:47:28,841 [main] INFO  http.HttpServer2 (HttpServer2.java:addGlobalFilter(975)) - Added global filter 'safety' (class=org.apache.hadoop.http.HttpServer2$QuotingInputFilter)
2019-10-17 06:47:28,842 [main] INFO  http.HttpServer2 (HttpServer2.java:addFilter(948)) - Added filter static_user_filter (class=org.apache.hadoop.http.lib.StaticUserWebFilter$StaticUserFilter) to context hddsDatanode
2019-10-17 06:47:28,842 [main] INFO  http.HttpServer2 (HttpServer2.java:addFilter(958)) - Added filter static_user_filter (class=org.apache.hadoop.http.lib.StaticUserWebFilter$StaticUserFilter) to context logs
2019-10-17 06:47:28,842 [main] INFO  http.HttpServer2 (HttpServer2.java:addFilter(958)) - Added filter static_user_filter (class=org.apache.hadoop.http.lib.StaticUserWebFilter$StaticUserFilter) to context static
2019-10-17 06:47:28,843 [main] INFO  http.HttpServer2 (HttpServer2.java:bindListener(1191)) - Jetty bound to port 39930
2019-10-17 06:47:28,843 [main] INFO  server.Server (Server.java:doStart(351)) - jetty-9.3.25.v20180904, build timestamp: 2018-09-04T21:11:46Z, git hash: 3ce520221d0240229c862b122d2b06c12a625732
2019-10-17 06:47:28,844 [main] INFO  handler.ContextHandler (ContextHandler.java:doStart(781)) - Started o.e.j.s.ServletContextHandler@b67cc70{/logs,file:///workdir/hadoop-ozone/integration-test/target/log,AVAILABLE}
2019-10-17 06:47:28,845 [main] INFO  handler.ContextHandler (ContextHandler.java:doStart(781)) - Started o.e.j.s.ServletContextHandler@38b3f208{/static,jar:file:/home/user/.m2/repository/org/apache/hadoop/hadoop-hdds-container-service/0.5.0-SNAPSHOT/hadoop-hdds-container-service-0.5.0-SNAPSHOT.jar!/webapps/static,AVAILABLE}
2019-10-17 06:47:28,872 [main] INFO  handler.ContextHandler (ContextHandler.java:doStart(781)) - Started o.e.j.w.WebAppContext@2954f6ab{/,file:///tmp/jetty-0.0.0.0-39930-hddsDatanode-_-any-3426422821028849492.dir/webapp/,AVAILABLE}{/hddsDatanode}
2019-10-17 06:47:28,873 [main] INFO  server.AbstractConnector (AbstractConnector.java:doStart(278)) - Started ServerConnector@58fbd02e{HTTP/1.1,[http/1.1]}{0.0.0.0:39930}
2019-10-17 06:47:28,874 [main] INFO  server.Server (Server.java:doStart(419)) - Started @63181ms
2019-10-17 06:47:28,874 [main] WARN  impl.MetricsSystemImpl (MetricsSystemImpl.java:register(276)) - Sink prometheus already exists!
2019-10-17 06:47:28,875 [main] INFO  server.BaseHttpServer (BaseHttpServer.java:updateConnectorAddress(215)) - HTTP server of HDDSDATANODE is listening at http://0.0.0.0:39930
2019-10-17 06:47:28,875 [main] INFO  impl.MetricsSystemImpl (MetricsSystemImpl.java:init(158)) - HddsDatanode metrics system started (again)
2019-10-17 06:47:28,878 [org.apache.hadoop.util.JvmPauseMonitor$Monitor@68c857a6] INFO  util.JvmPauseMonitor (JvmPauseMonitor.java:run(188)) - Starting JVM pause monitor
2019-10-17 06:47:28,878 [main] INFO  ozone.HddsDatanodeService (HddsDatanodeService.java:start(184)) - HddsDatanodeService host:pr-hdds-1868-lzclr-202649289 ip:192.168.34.62
2019-10-17 06:47:28,879 [Datanode State Machine Thread - 0] INFO  datanode.InitDatanodeState (InitDatanodeState.java:persistContainerDatanodeDetails(140)) - DatanodeDetails is persisted to /workdir/hadoop-ozone/integration-test/target/test-dir/MiniOzoneClusterImpl-3afb9865-6449-4209-9387-449993352e62/datanode-1/meta/datanode.id
2019-10-17 06:47:28,883 [main] INFO  volume.HddsVolume (HddsVolume.java:<init>(176)) - Creating Volume: /workdir/hadoop-ozone/integration-test/target/test-dir/MiniOzoneClusterImpl-3afb9865-6449-4209-9387-449993352e62/datanode-2/data/containers/hdds of  storage type : DISK and capacity : 1482555576320
2019-10-17 06:47:28,883 [main] INFO  volume.VolumeSet (VolumeSet.java:initializeVolumeSet(170)) - Added Volume : /workdir/hadoop-ozone/integration-test/target/test-dir/MiniOzoneClusterImpl-3afb9865-6449-4209-9387-449993352e62/datanode-2/data/containers/hdds to VolumeSet
2019-10-17 06:47:28,884 [main] INFO  volume.ThrottledAsyncChecker (ThrottledAsyncChecker.java:schedule(141)) - Scheduling a check for /workdir/hadoop-ozone/integration-test/target/test-dir/MiniOzoneClusterImpl-3afb9865-6449-4209-9387-449993352e62/datanode-2/data/containers/hdds
2019-10-17 06:47:28,884 [main] INFO  volume.HddsVolumeChecker (HddsVolumeChecker.java:checkAllVolumes(204)) - Scheduled health check for volume /workdir/hadoop-ozone/integration-test/target/test-dir/MiniOzoneClusterImpl-3afb9865-6449-4209-9387-449993352e62/datanode-2/data/containers/hdds
2019-10-17 06:47:28,895 [main] INFO  impl.RaftServerProxy (ConfUtils.java:logGet(43)) - raft.rpc.type = GRPC (default)
2019-10-17 06:47:28,896 [main] INFO  grpc.GrpcFactory (GrpcFactory.java:checkPooledByteBufAllocatorUseCacheForAllThreads(45)) - PERFORMANCE WARNING: useCacheForAllThreads is true that may cause Netty to create a lot garbage objects and, as a result, trigger GC.
	It is recommended to disable useCacheForAllThreads by setting -Dorg.apache.ratis.thirdparty.io.netty.allocator.useCacheForAllThreads=false in command line.
2019-10-17 06:47:28,896 [main] INFO  grpc.GrpcConfigKeys$Server (ConfUtils.java:logGet(43)) - raft.grpc.server.port = 0 (default)
2019-10-17 06:47:28,896 [main] INFO  server.GrpcService (ConfUtils.java:logGet(43)) - raft.grpc.message.size.max = 33570816 (custom)
2019-10-17 06:47:28,896 [main] INFO  server.RaftServerConfigKeys (ConfUtils.java:logGet(43)) - raft.server.log.appender.buffer.byte-limit = 33554432 (custom)
2019-10-17 06:47:28,896 [main] INFO  server.GrpcService (ConfUtils.java:logGet(43)) - raft.grpc.flow.control.window = 1MB (=1048576) (default)
2019-10-17 06:47:28,896 [main] INFO  server.RaftServerConfigKeys (ConfUtils.java:logGet(43)) - raft.server.rpc.request.timeout = 3000ms (default)
2019-10-17 06:47:28,897 [main] INFO  server.RaftServerConfigKeys (ConfUtils.java:logGet(43)) - raft.server.storage.dir = [/workdir/hadoop-ozone/integration-test/target/test-dir/MiniOzoneClusterImpl-3afb9865-6449-4209-9387-449993352e62/datanode-2/data/ratis] (custom)
2019-10-17 06:47:28,898 [main] INFO  hdfs.DFSUtil (DFSUtil.java:httpServerTemplateForNNAndJN(1641)) - Starting Web-server for hddsDatanode at: http://0.0.0.0:0
2019-10-17 06:47:28,901 [main] INFO  server.AuthenticationFilter (AuthenticationFilter.java:constructSecretProvider(240)) - Unable to initialize FileSignerSecretProvider, falling back to use random secrets.
2019-10-17 06:47:28,901 [main] WARN  http.HttpRequestLog (HttpRequestLog.java:getRequestLog(97)) - Jetty request log can only be enabled using Log4j
2019-10-17 06:47:28,903 [main] INFO  http.HttpServer2 (HttpServer2.java:addGlobalFilter(975)) - Added global filter 'safety' (class=org.apache.hadoop.http.HttpServer2$QuotingInputFilter)
2019-10-17 06:47:28,904 [main] INFO  http.HttpServer2 (HttpServer2.java:addFilter(948)) - Added filter static_user_filter (class=org.apache.hadoop.http.lib.StaticUserWebFilter$StaticUserFilter) to context hddsDatanode
2019-10-17 06:47:28,904 [main] INFO  http.HttpServer2 (HttpServer2.java:addFilter(958)) - Added filter static_user_filter (class=org.apache.hadoop.http.lib.StaticUserWebFilter$StaticUserFilter) to context logs
2019-10-17 06:47:28,904 [main] INFO  http.HttpServer2 (HttpServer2.java:addFilter(958)) - Added filter static_user_filter (class=org.apache.hadoop.http.lib.StaticUserWebFilter$StaticUserFilter) to context static
2019-10-17 06:47:28,905 [main] INFO  http.HttpServer2 (HttpServer2.java:bindListener(1191)) - Jetty bound to port 35351
2019-10-17 06:47:28,905 [main] INFO  server.Server (Server.java:doStart(351)) - jetty-9.3.25.v20180904, build timestamp: 2018-09-04T21:11:46Z, git hash: 3ce520221d0240229c862b122d2b06c12a625732
2019-10-17 06:47:28,907 [main] INFO  handler.ContextHandler (ContextHandler.java:doStart(781)) - Started o.e.j.s.ServletContextHandler@21263314{/logs,file:///workdir/hadoop-ozone/integration-test/target/log,AVAILABLE}
2019-10-17 06:47:28,908 [main] INFO  handler.ContextHandler (ContextHandler.java:doStart(781)) - Started o.e.j.s.ServletContextHandler@4a92c6a9{/static,jar:file:/home/user/.m2/repository/org/apache/hadoop/hadoop-hdds-container-service/0.5.0-SNAPSHOT/hadoop-hdds-container-service-0.5.0-SNAPSHOT.jar!/webapps/static,AVAILABLE}
2019-10-17 06:47:28,939 [main] INFO  handler.ContextHandler (ContextHandler.java:doStart(781)) - Started o.e.j.w.WebAppContext@111d5c97{/,file:///tmp/jetty-0.0.0.0-35351-hddsDatanode-_-any-9078540181911836337.dir/webapp/,AVAILABLE}{/hddsDatanode}
2019-10-17 06:47:28,940 [main] INFO  server.AbstractConnector (AbstractConnector.java:doStart(278)) - Started ServerConnector@29c17c3d{HTTP/1.1,[http/1.1]}{0.0.0.0:35351}
2019-10-17 06:47:28,940 [main] INFO  server.Server (Server.java:doStart(419)) - Started @63247ms
2019-10-17 06:47:28,941 [main] WARN  impl.MetricsSystemImpl (MetricsSystemImpl.java:register(276)) - Sink prometheus already exists!
2019-10-17 06:47:28,942 [main] INFO  server.BaseHttpServer (BaseHttpServer.java:updateConnectorAddress(215)) - HTTP server of HDDSDATANODE is listening at http://0.0.0.0:35351
2019-10-17 06:47:28,942 [main] INFO  ozone.MiniOzoneClusterImpl (MiniOzoneClusterImpl.java:lambda$waitForClusterToBeReady$2(172)) - Waiting for cluster to be ready. Got 0 of 3 DN Heartbeats.
2019-10-17 06:47:28,943 [org.apache.hadoop.util.JvmPauseMonitor$Monitor@4616b02d] INFO  util.JvmPauseMonitor (JvmPauseMonitor.java:run(188)) - Starting JVM pause monitor
2019-10-17 06:47:28,945 [Datanode State Machine Thread - 0] INFO  datanode.InitDatanodeState (InitDatanodeState.java:persistContainerDatanodeDetails(140)) - DatanodeDetails is persisted to /workdir/hadoop-ozone/integration-test/target/test-dir/MiniOzoneClusterImpl-3afb9865-6449-4209-9387-449993352e62/datanode-2/meta/datanode.id
2019-10-17 06:47:29,943 [main] INFO  ozone.MiniOzoneClusterImpl (MiniOzoneClusterImpl.java:lambda$waitForClusterToBeReady$2(172)) - Waiting for cluster to be ready. Got 0 of 3 DN Heartbeats.
2019-10-17 06:47:30,839 [Datanode State Machine Thread - 0] INFO  ozoneimpl.OzoneContainer (OzoneContainer.java:start(213)) - Attempting to start container services.
2019-10-17 06:47:30,839 [Datanode State Machine Thread - 0] INFO  ozoneimpl.OzoneContainer (OzoneContainer.java:startContainerScrub(177)) - Background container scanner has been disabled.
2019-10-17 06:47:30,839 [Datanode State Machine Thread - 0] INFO  ratis.XceiverServerRatis (XceiverServerRatis.java:start(424)) - Starting XceiverServerRatis b9cfa588-8e56-4331-be2f-4c26f25c6739 at port 0
2019-10-17 06:47:30,844 [Datanode State Machine Thread - 0] INFO  impl.RaftServerProxy (RaftServerProxy.java:lambda$start$3(299)) - b9cfa588-8e56-4331-be2f-4c26f25c6739: start RPC server
2019-10-17 06:47:30,846 [Datanode State Machine Thread - 0] INFO  server.GrpcService (GrpcService.java:startImpl(158)) - b9cfa588-8e56-4331-be2f-4c26f25c6739: GrpcService started, listening on 0.0.0.0/0.0.0.0:34777
2019-10-17 06:47:30,846 [Datanode State Machine Thread - 0] INFO  ratis.XceiverServerRatis (XceiverServerRatis.java:start(434)) - XceiverServerRatis b9cfa588-8e56-4331-be2f-4c26f25c6739 is started using port 34777
2019-10-17 06:47:30,850 [Datanode State Machine Thread - 0] INFO  server.XceiverServerGrpc (XceiverServerGrpc.java:start(149)) - XceiverServerGrpc b9cfa588-8e56-4331-be2f-4c26f25c6739 is started using port 35306
2019-10-17 06:47:30,893 [Datanode State Machine Thread - 0] INFO  ozoneimpl.OzoneContainer (OzoneContainer.java:start(213)) - Attempting to start container services.
2019-10-17 06:47:30,893 [Datanode State Machine Thread - 0] INFO  ozoneimpl.OzoneContainer (OzoneContainer.java:startContainerScrub(177)) - Background container scanner has been disabled.
2019-10-17 06:47:30,893 [Datanode State Machine Thread - 0] INFO  ratis.XceiverServerRatis (XceiverServerRatis.java:start(424)) - Starting XceiverServerRatis 67f35358-9777-4ff9-96f4-8a61bc3a94fe at port 0
2019-10-17 06:47:30,900 [Datanode State Machine Thread - 0] INFO  impl.RaftServerProxy (RaftServerProxy.java:lambda$start$3(299)) - 67f35358-9777-4ff9-96f4-8a61bc3a94fe: start RPC server
2019-10-17 06:47:30,900 [Datanode State Machine Thread - 0] INFO  server.GrpcService (GrpcService.java:startImpl(158)) - 67f35358-9777-4ff9-96f4-8a61bc3a94fe: GrpcService started, listening on 0.0.0.0/0.0.0.0:37037
2019-10-17 06:47:30,900 [Datanode State Machine Thread - 0] INFO  ratis.XceiverServerRatis (XceiverServerRatis.java:start(434)) - XceiverServerRatis 67f35358-9777-4ff9-96f4-8a61bc3a94fe is started using port 37037
2019-10-17 06:47:30,901 [Datanode State Machine Thread - 0] INFO  server.XceiverServerGrpc (XceiverServerGrpc.java:start(149)) - XceiverServerGrpc 67f35358-9777-4ff9-96f4-8a61bc3a94fe is started using port 41900
2019-10-17 06:47:30,943 [main] INFO  ozone.MiniOzoneClusterImpl (MiniOzoneClusterImpl.java:lambda$waitForClusterToBeReady$2(172)) - Waiting for cluster to be ready. Got 0 of 3 DN Heartbeats.
2019-10-17 06:47:30,960 [Datanode State Machine Thread - 0] INFO  ozoneimpl.OzoneContainer (OzoneContainer.java:start(213)) - Attempting to start container services.
2019-10-17 06:47:30,960 [Datanode State Machine Thread - 0] INFO  ozoneimpl.OzoneContainer (OzoneContainer.java:startContainerScrub(177)) - Background container scanner has been disabled.
2019-10-17 06:47:30,960 [Datanode State Machine Thread - 0] INFO  ratis.XceiverServerRatis (XceiverServerRatis.java:start(424)) - Starting XceiverServerRatis 7c431f9d-51bc-458b-a3a6-511ec217d887 at port 0
2019-10-17 06:47:30,965 [Datanode State Machine Thread - 0] INFO  impl.RaftServerProxy (RaftServerProxy.java:lambda$start$3(299)) - 7c431f9d-51bc-458b-a3a6-511ec217d887: start RPC server
2019-10-17 06:47:30,966 [Datanode State Machine Thread - 0] INFO  server.GrpcService (GrpcService.java:startImpl(158)) - 7c431f9d-51bc-458b-a3a6-511ec217d887: GrpcService started, listening on 0.0.0.0/0.0.0.0:40420
2019-10-17 06:47:30,966 [Datanode State Machine Thread - 0] INFO  ratis.XceiverServerRatis (XceiverServerRatis.java:start(434)) - XceiverServerRatis 7c431f9d-51bc-458b-a3a6-511ec217d887 is started using port 40420
2019-10-17 06:47:30,968 [Datanode State Machine Thread - 0] INFO  server.XceiverServerGrpc (XceiverServerGrpc.java:start(149)) - XceiverServerGrpc 7c431f9d-51bc-458b-a3a6-511ec217d887 is started using port 38833
2019-10-17 06:47:31,947 [main] INFO  ozone.MiniOzoneClusterImpl (MiniOzoneClusterImpl.java:lambda$waitForClusterToBeReady$2(172)) - Waiting for cluster to be ready. Got 0 of 3 DN Heartbeats.
2019-10-17 06:47:32,814 [IPC Server handler 1 on 35803] INFO  net.NetworkTopology (NetworkTopologyImpl.java:add(111)) - Added a new node: /default-rack/b9cfa588-8e56-4331-be2f-4c26f25c6739
2019-10-17 06:47:32,815 [IPC Server handler 1 on 35803] INFO  node.SCMNodeManager (SCMNodeManager.java:register(268)) - Registered Data node : b9cfa588-8e56-4331-be2f-4c26f25c6739{ip: 192.168.34.62, host: pr-hdds-1868-lzclr-202649289, networkLocation: /default-rack, certSerialId: null}
2019-10-17 06:47:32,816 [EventQueue-NodeRegistrationContainerReportForDataNodeSafeModeRule] INFO  safemode.SCMSafeModeManager (DataNodeSafeModeRule.java:process(71)) - SCM in safe mode. 1 DataNodes registered, 1 required.
2019-10-17 06:47:32,817 [EventQueue-NodeRegistrationContainerReportForContainerSafeModeRule] INFO  safemode.SCMSafeModeManager (SCMSafeModeManager.java:validateSafeModeExitRules(177)) - ScmSafeModeManager, all rules are successfully validated
2019-10-17 06:47:32,817 [EventQueue-NodeRegistrationContainerReportForContainerSafeModeRule] INFO  safemode.SCMSafeModeManager (SCMSafeModeManager.java:exitSafeMode(193)) - SCM exiting safe mode.
2019-10-17 06:47:32,826 [grpc-default-executor-0] INFO  impl.RaftServerProxy (RaftServerProxy.java:addNew(89)) - b9cfa588-8e56-4331-be2f-4c26f25c6739: addNew group-1C5C21C10390:[b9cfa588-8e56-4331-be2f-4c26f25c6739:192.168.34.62:34777] returns group-1C5C21C10390:java.util.concurrent.CompletableFuture@35ea7af2[Not completed]
2019-10-17 06:47:32,828 [pool-177-thread-1] INFO  impl.RaftServerImpl (RaftServerImpl.java:<init>(104)) - b9cfa588-8e56-4331-be2f-4c26f25c6739: new RaftServerImpl for group-1C5C21C10390:[b9cfa588-8e56-4331-be2f-4c26f25c6739:192.168.34.62:34777] with ContainerStateMachine:uninitialized
2019-10-17 06:47:32,828 [pool-177-thread-1] INFO  server.RaftServerConfigKeys (ConfUtils.java:logGet(43)) - raft.server.rpc.timeout.min = 5s (custom)
2019-10-17 06:47:32,828 [pool-177-thread-1] INFO  server.RaftServerConfigKeys (ConfUtils.java:logGet(43)) - raft.server.rpc.timeout.max = 5200ms (custom)
2019-10-17 06:47:32,828 [pool-177-thread-1] INFO  server.RaftServerConfigKeys (ConfUtils.java:logGet(43)) - raft.server.rpcslowness.timeout = 120s (custom)
2019-10-17 06:47:32,828 [pool-177-thread-1] INFO  server.RaftServerConfigKeys (ConfUtils.java:logGet(43)) - raft.server.sleep.deviation.threshold = 300 (default)
2019-10-17 06:47:32,828 [pool-177-thread-1] INFO  server.RaftServerConfigKeys (ConfUtils.java:logGet(43)) - raft.server.log.appender.install.snapshot.enabled = false (custom)
2019-10-17 06:47:32,828 [pool-177-thread-1] INFO  impl.RaftServerImpl (ServerState.java:<init>(103)) - b9cfa588-8e56-4331-be2f-4c26f25c6739@group-1C5C21C10390: ConfigurationManager, init=-1: [b9cfa588-8e56-4331-be2f-4c26f25c6739:192.168.34.62:34777], old=null, confs=<EMPTY_MAP>
2019-10-17 06:47:32,828 [pool-177-thread-1] INFO  server.RaftServerConfigKeys (ConfUtils.java:logGet(43)) - raft.server.storage.dir = [/workdir/hadoop-ozone/integration-test/target/test-dir/MiniOzoneClusterImpl-3afb9865-6449-4209-9387-449993352e62/datanode-0/data/ratis] (custom)
2019-10-17 06:47:32,829 [pool-177-thread-1] INFO  server.RaftServerConfigKeys (ConfUtils.java:logGet(43)) - raft.server.log.corruption.policy = EXCEPTION (default)
2019-10-17 06:47:32,829 [pool-177-thread-1] INFO  storage.RaftStorageDirectory (RaftStorageDirectory.java:analyzeStorage(246)) - The storage directory /workdir/hadoop-ozone/integration-test/target/test-dir/MiniOzoneClusterImpl-3afb9865-6449-4209-9387-449993352e62/datanode-0/data/ratis/a6fd35fa-8588-4418-b626-1c5c21c10390 does not exist. Creating ...
2019-10-17 06:47:32,840 [pool-177-thread-1] INFO  storage.RaftStorageDirectory (RaftStorageDirectory.java:tryLock(328)) - Lock on /workdir/hadoop-ozone/integration-test/target/test-dir/MiniOzoneClusterImpl-3afb9865-6449-4209-9387-449993352e62/datanode-0/data/ratis/a6fd35fa-8588-4418-b626-1c5c21c10390/in_use.lock acquired by nodename 32460@pr-hdds-1868-lzclr-202649289
2019-10-17 06:47:32,850 [pool-177-thread-1] INFO  storage.RaftStorage (RaftStorage.java:format(84)) - Storage directory /workdir/hadoop-ozone/integration-test/target/test-dir/MiniOzoneClusterImpl-3afb9865-6449-4209-9387-449993352e62/datanode-0/data/ratis/a6fd35fa-8588-4418-b626-1c5c21c10390 has been successfully formatted.
2019-10-17 06:47:32,851 [pool-177-thread-1] INFO  ratis.ContainerStateMachine (ContainerStateMachine.java:loadSnapshot(233)) - group-1C5C21C10390: The snapshot info is null. Setting the last applied indexto:(t:0, i:~)
2019-10-17 06:47:32,851 [pool-177-thread-1] INFO  server.RaftServerConfigKeys (ConfUtils.java:logGet(43)) - raft.server.notification.no-leader.timeout = 120s (custom)
2019-10-17 06:47:32,851 [pool-177-thread-1] INFO  server.RaftServerConfigKeys (ConfUtils.java:logGet(43)) - raft.server.log.use.memory = false (default)
2019-10-17 06:47:32,851 [pool-177-thread-1] INFO  server.RaftServerConfigKeys (ConfUtils.java:logGet(43)) - raft.server.log.purge.gap = 1000000 (custom)
2019-10-17 06:47:32,851 [pool-177-thread-1] INFO  server.RaftServerConfigKeys (ConfUtils.java:logGet(43)) - raft.server.log.appender.buffer.byte-limit = 33554432 (custom)
2019-10-17 06:47:32,852 [pool-177-thread-1] INFO  server.RaftServerConfigKeys (ConfUtils.java:logGet(43)) - raft.server.log.segment.size.max = 1048576 (custom)
2019-10-17 06:47:32,854 [pool-177-thread-1] INFO  server.RaftServerConfigKeys (ConfUtils.java:logGet(43)) - raft.server.log.segment.cache.num.max = 2 (custom)
2019-10-17 06:47:32,854 [pool-177-thread-1] INFO  segmented.SegmentedRaftLogWorker (SegmentedRaftLogWorker.java:<init>(173)) - new b9cfa588-8e56-4331-be2f-4c26f25c6739@group-1C5C21C10390-SegmentedRaftLogWorker for RaftStorage:Storage Directory /workdir/hadoop-ozone/integration-test/target/test-dir/MiniOzoneClusterImpl-3afb9865-6449-4209-9387-449993352e62/datanode-0/data/ratis/a6fd35fa-8588-4418-b626-1c5c21c10390
2019-10-17 06:47:32,854 [pool-177-thread-1] INFO  server.RaftServerConfigKeys (ConfUtils.java:logGet(43)) - raft.server.log.queue.byte-limit = 2147483647 (custom)
2019-10-17 06:47:32,854 [pool-177-thread-1] INFO  server.RaftServerConfigKeys (ConfUtils.java:logGet(43)) - raft.server.log.queue.element-limit = 1024 (custom)
2019-10-17 06:47:32,854 [pool-177-thread-1] INFO  server.RaftServerConfigKeys (ConfUtils.java:logGet(43)) - raft.server.log.segment.size.max = 1048576 (custom)
2019-10-17 06:47:32,854 [pool-177-thread-1] INFO  server.RaftServerConfigKeys (ConfUtils.java:logGet(43)) - raft.server.log.preallocated.size = 16384 (custom)
2019-10-17 06:47:32,854 [pool-177-thread-1] INFO  server.RaftServerConfigKeys (ConfUtils.java:logGet(43)) - raft.server.log.write.buffer.size = 33554432 (custom)
2019-10-17 06:47:32,854 [pool-177-thread-1] INFO  server.RaftServerConfigKeys (ConfUtils.java:logGet(43)) - raft.server.log.force.sync.num = 128 (default)
2019-10-17 06:47:32,855 [pool-177-thread-1] INFO  server.RaftServerConfigKeys (ConfUtils.java:logGet(43)) - raft.server.log.statemachine.data.sync = true (default)
2019-10-17 06:47:32,855 [pool-177-thread-1] INFO  server.RaftServerConfigKeys (ConfUtils.java:logGet(43)) - raft.server.log.statemachine.data.sync.timeout = 10s (default)
2019-10-17 06:47:32,855 [pool-177-thread-1] INFO  server.RaftServerConfigKeys (ConfUtils.java:logGet(43)) - raft.server.log.statemachine.data.sync.timeout.retry = -1 (default)
2019-10-17 06:47:32,855 [pool-177-thread-1] INFO  server.RaftServerConfigKeys (ConfUtils.java:logGet(43)) - raft.server.log.statemachine.data.caching.enabled = true (custom)
2019-10-17 06:47:32,860 [pool-177-thread-1] INFO  segmented.SegmentedRaftLogWorker (SegmentedRaftLogWorker.java:lambda$new$0(128)) - b9cfa588-8e56-4331-be2f-4c26f25c6739@group-1C5C21C10390-SegmentedRaftLogWorker: flushIndex: setUnconditionally 0 -> -1
2019-10-17 06:47:32,860 [pool-177-thread-1] INFO  server.RaftServerConfigKeys (ConfUtils.java:logGet(43)) - raft.server.snapshot.auto.trigger.enabled = true (custom)
2019-10-17 06:47:32,861 [pool-177-thread-1] INFO  server.RaftServerConfigKeys (ConfUtils.java:logGet(43)) - raft.server.snapshot.auto.trigger.threshold = 10000 (custom)
2019-10-17 06:47:32,861 [pool-177-thread-1] INFO  server.RaftServerConfigKeys (ConfUtils.java:logGet(43)) - raft.server.snapshot.retention.file.num = 5 (custom)
2019-10-17 06:47:32,861 [pool-177-thread-1] INFO  server.RaftServerConfigKeys (ConfUtils.java:logGet(43)) - raft.server.retrycache.expirytime = 600000ms (custom)
2019-10-17 06:47:32,864 [pool-177-thread-1] INFO  impl.RaftServerImpl (RaftServerImpl.java:start(195)) - b9cfa588-8e56-4331-be2f-4c26f25c6739@group-1C5C21C10390: start as a follower, conf=-1: [b9cfa588-8e56-4331-be2f-4c26f25c6739:192.168.34.62:34777], old=null
2019-10-17 06:47:32,865 [pool-177-thread-1] INFO  impl.RaftServerImpl (RaftServerImpl.java:setRole(184)) - b9cfa588-8e56-4331-be2f-4c26f25c6739@group-1C5C21C10390: changes role from      null to FOLLOWER at term 0 for startAsFollower
2019-10-17 06:47:32,865 [pool-177-thread-1] INFO  impl.RoleInfo (RoleInfo.java:updateAndGet(143)) - b9cfa588-8e56-4331-be2f-4c26f25c6739: start FollowerState
2019-10-17 06:47:32,865 [pool-177-thread-1] INFO  util.JmxRegister (JmxRegister.java:tryRegister(44)) - Successfully registered JMX Bean with object name Ratis:service=RaftServer,group=group-1C5C21C10390,id=b9cfa588-8e56-4331-be2f-4c26f25c6739
2019-10-17 06:47:32,870 [RatisPipelineUtilsThread] INFO  pipeline.PipelineStateManager (PipelineStateManager.java:addPipeline(55)) - Created pipeline Pipeline[ Id: a6fd35fa-8588-4418-b626-1c5c21c10390, Nodes: b9cfa588-8e56-4331-be2f-4c26f25c6739{ip: 192.168.34.62, host: pr-hdds-1868-lzclr-202649289, networkLocation: /default-rack, certSerialId: null}, Type:RATIS, Factor:ONE, State:ALLOCATED]
2019-10-17 06:47:32,879 [IPC Server handler 2 on 35803] INFO  net.NetworkTopology (NetworkTopologyImpl.java:add(111)) - Added a new node: /default-rack/67f35358-9777-4ff9-96f4-8a61bc3a94fe
2019-10-17 06:47:32,879 [IPC Server handler 2 on 35803] INFO  node.SCMNodeManager (SCMNodeManager.java:register(268)) - Registered Data node : 67f35358-9777-4ff9-96f4-8a61bc3a94fe{ip: 192.168.34.62, host: pr-hdds-1868-lzclr-202649289, networkLocation: /default-rack, certSerialId: null}
2019-10-17 06:47:32,886 [grpc-default-executor-0] INFO  impl.RaftServerProxy (RaftServerProxy.java:addNew(89)) - 67f35358-9777-4ff9-96f4-8a61bc3a94fe: addNew group-1A4316BA6214:[67f35358-9777-4ff9-96f4-8a61bc3a94fe:192.168.34.62:37037] returns group-1A4316BA6214:java.util.concurrent.CompletableFuture@331e44c6[Not completed]
2019-10-17 06:47:32,888 [pool-187-thread-1] INFO  impl.RaftServerImpl (RaftServerImpl.java:<init>(104)) - 67f35358-9777-4ff9-96f4-8a61bc3a94fe: new RaftServerImpl for group-1A4316BA6214:[67f35358-9777-4ff9-96f4-8a61bc3a94fe:192.168.34.62:37037] with ContainerStateMachine:uninitialized
2019-10-17 06:47:32,888 [pool-187-thread-1] INFO  server.RaftServerConfigKeys (ConfUtils.java:logGet(43)) - raft.server.rpc.timeout.min = 5s (custom)
2019-10-17 06:47:32,888 [pool-187-thread-1] INFO  server.RaftServerConfigKeys (ConfUtils.java:logGet(43)) - raft.server.rpc.timeout.max = 5200ms (custom)
2019-10-17 06:47:32,888 [pool-187-thread-1] INFO  server.RaftServerConfigKeys (ConfUtils.java:logGet(43)) - raft.server.rpcslowness.timeout = 120s (custom)
2019-10-17 06:47:32,888 [pool-187-thread-1] INFO  server.RaftServerConfigKeys (ConfUtils.java:logGet(43)) - raft.server.sleep.deviation.threshold = 300 (default)
2019-10-17 06:47:32,888 [pool-187-thread-1] INFO  server.RaftServerConfigKeys (ConfUtils.java:logGet(43)) - raft.server.log.appender.install.snapshot.enabled = false (custom)
2019-10-17 06:47:32,889 [pool-187-thread-1] INFO  impl.RaftServerImpl (ServerState.java:<init>(103)) - 67f35358-9777-4ff9-96f4-8a61bc3a94fe@group-1A4316BA6214: ConfigurationManager, init=-1: [67f35358-9777-4ff9-96f4-8a61bc3a94fe:192.168.34.62:37037], old=null, confs=<EMPTY_MAP>
2019-10-17 06:47:32,889 [pool-187-thread-1] INFO  server.RaftServerConfigKeys (ConfUtils.java:logGet(43)) - raft.server.storage.dir = [/workdir/hadoop-ozone/integration-test/target/test-dir/MiniOzoneClusterImpl-3afb9865-6449-4209-9387-449993352e62/datanode-1/data/ratis] (custom)
2019-10-17 06:47:32,889 [pool-187-thread-1] INFO  server.RaftServerConfigKeys (ConfUtils.java:logGet(43)) - raft.server.log.corruption.policy = EXCEPTION (default)
2019-10-17 06:47:32,889 [pool-187-thread-1] INFO  storage.RaftStorageDirectory (RaftStorageDirectory.java:analyzeStorage(246)) - The storage directory /workdir/hadoop-ozone/integration-test/target/test-dir/MiniOzoneClusterImpl-3afb9865-6449-4209-9387-449993352e62/datanode-1/data/ratis/f6295ed0-5f19-4005-ba3c-1a4316ba6214 does not exist. Creating ...
2019-10-17 06:47:32,913 [pool-187-thread-1] INFO  storage.RaftStorageDirectory (RaftStorageDirectory.java:tryLock(328)) - Lock on /workdir/hadoop-ozone/integration-test/target/test-dir/MiniOzoneClusterImpl-3afb9865-6449-4209-9387-449993352e62/datanode-1/data/ratis/f6295ed0-5f19-4005-ba3c-1a4316ba6214/in_use.lock acquired by nodename 32460@pr-hdds-1868-lzclr-202649289
2019-10-17 06:47:32,936 [pool-187-thread-1] INFO  storage.RaftStorage (RaftStorage.java:format(84)) - Storage directory /workdir/hadoop-ozone/integration-test/target/test-dir/MiniOzoneClusterImpl-3afb9865-6449-4209-9387-449993352e62/datanode-1/data/ratis/f6295ed0-5f19-4005-ba3c-1a4316ba6214 has been successfully formatted.
2019-10-17 06:47:32,937 [pool-187-thread-1] INFO  ratis.ContainerStateMachine (ContainerStateMachine.java:loadSnapshot(233)) - group-1A4316BA6214: The snapshot info is null. Setting the last applied indexto:(t:0, i:~)
2019-10-17 06:47:32,937 [pool-187-thread-1] INFO  server.RaftServerConfigKeys (ConfUtils.java:logGet(43)) - raft.server.notification.no-leader.timeout = 120s (custom)
2019-10-17 06:47:32,937 [pool-187-thread-1] INFO  server.RaftServerConfigKeys (ConfUtils.java:logGet(43)) - raft.server.log.use.memory = false (default)
2019-10-17 06:47:32,937 [pool-187-thread-1] INFO  server.RaftServerConfigKeys (ConfUtils.java:logGet(43)) - raft.server.log.purge.gap = 1000000 (custom)
2019-10-17 06:47:32,937 [pool-187-thread-1] INFO  server.RaftServerConfigKeys (ConfUtils.java:logGet(43)) - raft.server.log.appender.buffer.byte-limit = 33554432 (custom)
2019-10-17 06:47:32,938 [pool-187-thread-1] INFO  server.RaftServerConfigKeys (ConfUtils.java:logGet(43)) - raft.server.log.segment.size.max = 1048576 (custom)
2019-10-17 06:47:32,940 [pool-187-thread-1] INFO  server.RaftServerConfigKeys (ConfUtils.java:logGet(43)) - raft.server.log.segment.cache.num.max = 2 (custom)
2019-10-17 06:47:32,940 [pool-187-thread-1] INFO  segmented.SegmentedRaftLogWorker (SegmentedRaftLogWorker.java:<init>(173)) - new 67f35358-9777-4ff9-96f4-8a61bc3a94fe@group-1A4316BA6214-SegmentedRaftLogWorker for RaftStorage:Storage Directory /workdir/hadoop-ozone/integration-test/target/test-dir/MiniOzoneClusterImpl-3afb9865-6449-4209-9387-449993352e62/datanode-1/data/ratis/f6295ed0-5f19-4005-ba3c-1a4316ba6214
2019-10-17 06:47:32,941 [pool-187-thread-1] INFO  server.RaftServerConfigKeys (ConfUtils.java:logGet(43)) - raft.server.log.queue.byte-limit = 2147483647 (custom)
2019-10-17 06:47:32,941 [pool-187-thread-1] INFO  server.RaftServerConfigKeys (ConfUtils.java:logGet(43)) - raft.server.log.queue.element-limit = 1024 (custom)
2019-10-17 06:47:32,941 [pool-187-thread-1] INFO  server.RaftServerConfigKeys (ConfUtils.java:logGet(43)) - raft.server.log.segment.size.max = 1048576 (custom)
2019-10-17 06:47:32,941 [pool-187-thread-1] INFO  server.RaftServerConfigKeys (ConfUtils.java:logGet(43)) - raft.server.log.preallocated.size = 16384 (custom)
2019-10-17 06:47:32,941 [pool-187-thread-1] INFO  server.RaftServerConfigKeys (ConfUtils.java:logGet(43)) - raft.server.log.write.buffer.size = 33554432 (custom)
2019-10-17 06:47:32,941 [pool-187-thread-1] INFO  server.RaftServerConfigKeys (ConfUtils.java:logGet(43)) - raft.server.log.force.sync.num = 128 (default)
2019-10-17 06:47:32,941 [pool-187-thread-1] INFO  server.RaftServerConfigKeys (ConfUtils.java:logGet(43)) - raft.server.log.statemachine.data.sync = true (default)
2019-10-17 06:47:32,942 [pool-187-thread-1] INFO  server.RaftServerConfigKeys (ConfUtils.java:logGet(43)) - raft.server.log.statemachine.data.sync.timeout = 10s (default)
2019-10-17 06:47:32,942 [pool-187-thread-1] INFO  server.RaftServerConfigKeys (ConfUtils.java:logGet(43)) - raft.server.log.statemachine.data.sync.timeout.retry = -1 (default)
2019-10-17 06:47:32,942 [pool-187-thread-1] INFO  server.RaftServerConfigKeys (ConfUtils.java:logGet(43)) - raft.server.log.statemachine.data.caching.enabled = true (custom)
2019-10-17 06:47:32,943 [pool-187-thread-1] INFO  segmented.SegmentedRaftLogWorker (SegmentedRaftLogWorker.java:lambda$new$0(128)) - 67f35358-9777-4ff9-96f4-8a61bc3a94fe@group-1A4316BA6214-SegmentedRaftLogWorker: flushIndex: setUnconditionally 0 -> -1
2019-10-17 06:47:32,943 [pool-187-thread-1] INFO  server.RaftServerConfigKeys (ConfUtils.java:logGet(43)) - raft.server.snapshot.auto.trigger.enabled = true (custom)
2019-10-17 06:47:32,943 [pool-187-thread-1] INFO  server.RaftServerConfigKeys (ConfUtils.java:logGet(43)) - raft.server.snapshot.auto.trigger.threshold = 10000 (custom)
2019-10-17 06:47:32,943 [pool-187-thread-1] INFO  server.RaftServerConfigKeys (ConfUtils.java:logGet(43)) - raft.server.snapshot.retention.file.num = 5 (custom)
2019-10-17 06:47:32,943 [pool-187-thread-1] INFO  server.RaftServerConfigKeys (ConfUtils.java:logGet(43)) - raft.server.retrycache.expirytime = 600000ms (custom)
2019-10-17 06:47:32,945 [IPC Server handler 3 on 35803] INFO  net.NetworkTopology (NetworkTopologyImpl.java:add(111)) - Added a new node: /default-rack/7c431f9d-51bc-458b-a3a6-511ec217d887
2019-10-17 06:47:32,945 [IPC Server handler 3 on 35803] INFO  node.SCMNodeManager (SCMNodeManager.java:register(268)) - Registered Data node : 7c431f9d-51bc-458b-a3a6-511ec217d887{ip: 192.168.34.62, host: pr-hdds-1868-lzclr-202649289, networkLocation: /default-rack, certSerialId: null}
2019-10-17 06:47:32,948 [pool-187-thread-1] INFO  impl.RaftServerImpl (RaftServerImpl.java:start(195)) - 67f35358-9777-4ff9-96f4-8a61bc3a94fe@group-1A4316BA6214: start as a follower, conf=-1: [67f35358-9777-4ff9-96f4-8a61bc3a94fe:192.168.34.62:37037], old=null
2019-10-17 06:47:32,948 [Thread-1135] INFO  impl.FollowerState (FollowerState.java:run(108)) - b9cfa588-8e56-4331-be2f-4c26f25c6739@group-1C5C21C10390-FollowerState: change to CANDIDATE, lastRpcTime:83ms, electionTimeout:83ms
2019-10-17 06:47:32,948 [pool-187-thread-1] INFO  impl.RaftServerImpl (RaftServerImpl.java:setRole(184)) - 67f35358-9777-4ff9-96f4-8a61bc3a94fe@group-1A4316BA6214: changes role from      null to FOLLOWER at term 0 for startAsFollower
2019-10-17 06:47:32,948 [Thread-1135] INFO  impl.RoleInfo (RoleInfo.java:shutdownFollowerState(121)) - b9cfa588-8e56-4331-be2f-4c26f25c6739: shutdown FollowerState
2019-10-17 06:47:32,948 [pool-187-thread-1] INFO  impl.RoleInfo (RoleInfo.java:updateAndGet(143)) - 67f35358-9777-4ff9-96f4-8a61bc3a94fe: start FollowerState
2019-10-17 06:47:32,948 [Thread-1135] INFO  impl.RaftServerImpl (RaftServerImpl.java:setRole(184)) - b9cfa588-8e56-4331-be2f-4c26f25c6739@group-1C5C21C10390: changes role from  FOLLOWER to CANDIDATE at term 0 for changeToCandidate
2019-10-17 06:47:32,949 [Thread-1135] INFO  impl.RoleInfo (RoleInfo.java:updateAndGet(143)) - b9cfa588-8e56-4331-be2f-4c26f25c6739: start LeaderElection
2019-10-17 06:47:32,949 [pool-187-thread-1] INFO  util.JmxRegister (JmxRegister.java:tryRegister(44)) - Successfully registered JMX Bean with object name Ratis:service=RaftServer,group=group-1A4316BA6214,id=67f35358-9777-4ff9-96f4-8a61bc3a94fe
2019-10-17 06:47:32,956 [RatisPipelineUtilsThread] INFO  pipeline.PipelineStateManager (PipelineStateManager.java:addPipeline(55)) - Created pipeline Pipeline[ Id: f6295ed0-5f19-4005-ba3c-1a4316ba6214, Nodes: 67f35358-9777-4ff9-96f4-8a61bc3a94fe{ip: 192.168.34.62, host: pr-hdds-1868-lzclr-202649289, networkLocation: /default-rack, certSerialId: null}, Type:RATIS, Factor:ONE, State:ALLOCATED]
2019-10-17 06:47:32,964 [b9cfa588-8e56-4331-be2f-4c26f25c6739@group-1C5C21C10390-LeaderElection54] INFO  impl.LeaderElection (LeaderElection.java:askForVotes(178)) - b9cfa588-8e56-4331-be2f-4c26f25c6739@group-1C5C21C10390-LeaderElection54: begin an election at term 1 for -1: [b9cfa588-8e56-4331-be2f-4c26f25c6739:192.168.34.62:34777], old=null
2019-10-17 06:47:32,964 [grpc-default-executor-0] INFO  impl.RaftServerProxy (RaftServerProxy.java:addNew(89)) - 7c431f9d-51bc-458b-a3a6-511ec217d887: addNew group-524E986F5930:[7c431f9d-51bc-458b-a3a6-511ec217d887:192.168.34.62:40420] returns group-524E986F5930:java.util.concurrent.CompletableFuture@69637d84[Not completed]
2019-10-17 06:47:32,965 [b9cfa588-8e56-4331-be2f-4c26f25c6739@group-1C5C21C10390-LeaderElection54] INFO  impl.RoleInfo (RoleInfo.java:shutdownLeaderElection(134)) - b9cfa588-8e56-4331-be2f-4c26f25c6739: shutdown LeaderElection
2019-10-17 06:47:32,965 [b9cfa588-8e56-4331-be2f-4c26f25c6739@group-1C5C21C10390-LeaderElection54] INFO  impl.RaftServerImpl (RaftServerImpl.java:setRole(184)) - b9cfa588-8e56-4331-be2f-4c26f25c6739@group-1C5C21C10390: changes role from CANDIDATE to LEADER at term 1 for changeToLeader
2019-10-17 06:47:32,965 [b9cfa588-8e56-4331-be2f-4c26f25c6739@group-1C5C21C10390-LeaderElection54] INFO  ratis.XceiverServerRatis (XceiverServerRatis.java:handleLeaderChangedNotification(699)) - Leader change notification received for group: group-1C5C21C10390 with new leaderId: b9cfa588-8e56-4331-be2f-4c26f25c6739
2019-10-17 06:47:32,965 [b9cfa588-8e56-4331-be2f-4c26f25c6739@group-1C5C21C10390-LeaderElection54] INFO  impl.RaftServerImpl (ServerState.java:setLeader(256)) - b9cfa588-8e56-4331-be2f-4c26f25c6739@group-1C5C21C10390: change Leader from null to b9cfa588-8e56-4331-be2f-4c26f25c6739 at term 1 for becomeLeader, leader elected after 113ms
2019-10-17 06:47:32,965 [b9cfa588-8e56-4331-be2f-4c26f25c6739@group-1C5C21C10390-LeaderElection54] INFO  server.RaftServerConfigKeys (ConfUtils.java:logGet(43)) - raft.server.staging.catchup.gap = 1000 (default)
2019-10-17 06:47:32,965 [b9cfa588-8e56-4331-be2f-4c26f25c6739@group-1C5C21C10390-LeaderElection54] INFO  server.RaftServerConfigKeys (ConfUtils.java:logGet(43)) - raft.server.rpc.sleep.time = 25ms (default)
2019-10-17 06:47:32,966 [b9cfa588-8e56-4331-be2f-4c26f25c6739@group-1C5C21C10390-LeaderElection54] INFO  server.RaftServerConfigKeys (ConfUtils.java:logGet(43)) - raft.server.write.element-limit = 4096 (default)
2019-10-17 06:47:32,966 [b9cfa588-8e56-4331-be2f-4c26f25c6739@group-1C5C21C10390-LeaderElection54] INFO  server.RaftServerConfigKeys (ConfUtils.java:logGet(43)) - raft.server.watch.timeout = 10s (default)
2019-10-17 06:47:32,966 [b9cfa588-8e56-4331-be2f-4c26f25c6739@group-1C5C21C10390-LeaderElection54] INFO  server.RaftServerConfigKeys (ConfUtils.java:logGet(43)) - raft.server.watch.timeout.denomination = 1s (default)
2019-10-17 06:47:32,967 [b9cfa588-8e56-4331-be2f-4c26f25c6739@group-1C5C21C10390-LeaderElection54] INFO  server.RaftServerConfigKeys (ConfUtils.java:logGet(43)) - raft.server.watch.element-limit = 65536 (default)
2019-10-17 06:47:32,967 [pool-197-thread-1] INFO  impl.RaftServerImpl (RaftServerImpl.java:<init>(104)) - 7c431f9d-51bc-458b-a3a6-511ec217d887: new RaftServerImpl for group-524E986F5930:[7c431f9d-51bc-458b-a3a6-511ec217d887:192.168.34.62:40420] with ContainerStateMachine:uninitialized
2019-10-17 06:47:32,967 [pool-197-thread-1] INFO  server.RaftServerConfigKeys (ConfUtils.java:logGet(43)) - raft.server.rpc.timeout.min = 5s (custom)
2019-10-17 06:47:32,967 [pool-197-thread-1] INFO  server.RaftServerConfigKeys (ConfUtils.java:logGet(43)) - raft.server.rpc.timeout.max = 5200ms (custom)
2019-10-17 06:47:32,967 [pool-197-thread-1] INFO  server.RaftServerConfigKeys (ConfUtils.java:logGet(43)) - raft.server.rpcslowness.timeout = 120s (custom)
2019-10-17 06:47:32,967 [pool-197-thread-1] INFO  server.RaftServerConfigKeys (ConfUtils.java:logGet(43)) - raft.server.sleep.deviation.threshold = 300 (default)
2019-10-17 06:47:32,967 [pool-197-thread-1] INFO  server.RaftServerConfigKeys (ConfUtils.java:logGet(43)) - raft.server.log.appender.install.snapshot.enabled = false (custom)
2019-10-17 06:47:32,968 [pool-197-thread-1] INFO  impl.RaftServerImpl (ServerState.java:<init>(103)) - 7c431f9d-51bc-458b-a3a6-511ec217d887@group-524E986F5930: ConfigurationManager, init=-1: [7c431f9d-51bc-458b-a3a6-511ec217d887:192.168.34.62:40420], old=null, confs=<EMPTY_MAP>
2019-10-17 06:47:32,968 [pool-197-thread-1] INFO  server.RaftServerConfigKeys (ConfUtils.java:logGet(43)) - raft.server.storage.dir = [/workdir/hadoop-ozone/integration-test/target/test-dir/MiniOzoneClusterImpl-3afb9865-6449-4209-9387-449993352e62/datanode-2/data/ratis] (custom)
2019-10-17 06:47:32,968 [pool-197-thread-1] INFO  server.RaftServerConfigKeys (ConfUtils.java:logGet(43)) - raft.server.log.corruption.policy = EXCEPTION (default)
2019-10-17 06:47:32,968 [pool-197-thread-1] INFO  storage.RaftStorageDirectory (RaftStorageDirectory.java:analyzeStorage(246)) - The storage directory /workdir/hadoop-ozone/integration-test/target/test-dir/MiniOzoneClusterImpl-3afb9865-6449-4209-9387-449993352e62/datanode-2/data/ratis/55f0ed2f-b65b-49b3-802f-524e986f5930 does not exist. Creating ...
2019-10-17 06:47:32,968 [b9cfa588-8e56-4331-be2f-4c26f25c6739@group-1C5C21C10390-LeaderElection54] INFO  impl.RoleInfo (RoleInfo.java:updateAndGet(143)) - b9cfa588-8e56-4331-be2f-4c26f25c6739: start LeaderState
2019-10-17 06:47:32,969 [b9cfa588-8e56-4331-be2f-4c26f25c6739@group-1C5C21C10390-LeaderElection54] INFO  segmented.SegmentedRaftLogWorker (SegmentedRaftLogWorker.java:startLogSegment(385)) - b9cfa588-8e56-4331-be2f-4c26f25c6739@group-1C5C21C10390-SegmentedRaftLogWorker: Starting segment from index:0
2019-10-17 06:47:32,969 [b9cfa588-8e56-4331-be2f-4c26f25c6739@group-1C5C21C10390-LeaderElection54] INFO  impl.RaftServerImpl (ServerState.java:setRaftConf(357)) - b9cfa588-8e56-4331-be2f-4c26f25c6739@group-1C5C21C10390: set configuration 0: [b9cfa588-8e56-4331-be2f-4c26f25c6739:192.168.34.62:34777], old=null at 0
2019-10-17 06:47:32,991 [pool-197-thread-1] INFO  storage.RaftStorageDirectory (RaftStorageDirectory.java:tryLock(328)) - Lock on /workdir/hadoop-ozone/integration-test/target/test-dir/MiniOzoneClusterImpl-3afb9865-6449-4209-9387-449993352e62/datanode-2/data/ratis/55f0ed2f-b65b-49b3-802f-524e986f5930/in_use.lock acquired by nodename 32460@pr-hdds-1868-lzclr-202649289
2019-10-17 06:47:33,003 [b9cfa588-8e56-4331-be2f-4c26f25c6739@group-1C5C21C10390-SegmentedRaftLogWorker] INFO  segmented.SegmentedRaftLogWorker (SegmentedRaftLogWorker.java:execute(576)) - b9cfa588-8e56-4331-be2f-4c26f25c6739@group-1C5C21C10390-SegmentedRaftLogWorker: created new log segment /workdir/hadoop-ozone/integration-test/target/test-dir/MiniOzoneClusterImpl-3afb9865-6449-4209-9387-449993352e62/datanode-0/data/ratis/a6fd35fa-8588-4418-b626-1c5c21c10390/current/log_inprogress_0
2019-10-17 06:47:33,003 [pool-197-thread-1] INFO  storage.RaftStorage (RaftStorage.java:format(84)) - Storage directory /workdir/hadoop-ozone/integration-test/target/test-dir/MiniOzoneClusterImpl-3afb9865-6449-4209-9387-449993352e62/datanode-2/data/ratis/55f0ed2f-b65b-49b3-802f-524e986f5930 has been successfully formatted.
2019-10-17 06:47:33,004 [pool-197-thread-1] INFO  ratis.ContainerStateMachine (ContainerStateMachine.java:loadSnapshot(233)) - group-524E986F5930: The snapshot info is null. Setting the last applied indexto:(t:0, i:~)
2019-10-17 06:47:33,004 [pool-197-thread-1] INFO  server.RaftServerConfigKeys (ConfUtils.java:logGet(43)) - raft.server.notification.no-leader.timeout = 120s (custom)
2019-10-17 06:47:33,004 [pool-197-thread-1] INFO  server.RaftServerConfigKeys (ConfUtils.java:logGet(43)) - raft.server.log.use.memory = false (default)
2019-10-17 06:47:33,004 [pool-197-thread-1] INFO  server.RaftServerConfigKeys (ConfUtils.java:logGet(43)) - raft.server.log.purge.gap = 1000000 (custom)
2019-10-17 06:47:33,004 [pool-197-thread-1] INFO  server.RaftServerConfigKeys (ConfUtils.java:logGet(43)) - raft.server.log.appender.buffer.byte-limit = 33554432 (custom)
2019-10-17 06:47:33,004 [pool-197-thread-1] INFO  server.RaftServerConfigKeys (ConfUtils.java:logGet(43)) - raft.server.log.segment.size.max = 1048576 (custom)
2019-10-17 06:47:33,006 [pool-197-thread-1] INFO  server.RaftServerConfigKeys (ConfUtils.java:logGet(43)) - raft.server.log.segment.cache.num.max = 2 (custom)
2019-10-17 06:47:33,006 [pool-197-thread-1] INFO  segmented.SegmentedRaftLogWorker (SegmentedRaftLogWorker.java:<init>(173)) - new 7c431f9d-51bc-458b-a3a6-511ec217d887@group-524E986F5930-SegmentedRaftLogWorker for RaftStorage:Storage Directory /workdir/hadoop-ozone/integration-test/target/test-dir/MiniOzoneClusterImpl-3afb9865-6449-4209-9387-449993352e62/datanode-2/data/ratis/55f0ed2f-b65b-49b3-802f-524e986f5930
2019-10-17 06:47:33,006 [pool-197-thread-1] INFO  server.RaftServerConfigKeys (ConfUtils.java:logGet(43)) - raft.server.log.queue.byte-limit = 2147483647 (custom)
2019-10-17 06:47:33,006 [pool-197-thread-1] INFO  server.RaftServerConfigKeys (ConfUtils.java:logGet(43)) - raft.server.log.queue.element-limit = 1024 (custom)
2019-10-17 06:47:33,006 [pool-197-thread-1] INFO  server.RaftServerConfigKeys (ConfUtils.java:logGet(43)) - raft.server.log.segment.size.max = 1048576 (custom)
2019-10-17 06:47:33,006 [pool-197-thread-1] INFO  server.RaftServerConfigKeys (ConfUtils.java:logGet(43)) - raft.server.log.preallocated.size = 16384 (custom)
2019-10-17 06:47:33,006 [pool-197-thread-1] INFO  server.RaftServerConfigKeys (ConfUtils.java:logGet(43)) - raft.server.log.write.buffer.size = 33554432 (custom)
2019-10-17 06:47:33,006 [pool-197-thread-1] INFO  server.RaftServerConfigKeys (ConfUtils.java:logGet(43)) - raft.server.log.force.sync.num = 128 (default)
2019-10-17 06:47:33,006 [pool-197-thread-1] INFO  server.RaftServerConfigKeys (ConfUtils.java:logGet(43)) - raft.server.log.statemachine.data.sync = true (default)
2019-10-17 06:47:33,006 [pool-197-thread-1] INFO  server.RaftServerConfigKeys (ConfUtils.java:logGet(43)) - raft.server.log.statemachine.data.sync.timeout = 10s (default)
2019-10-17 06:47:33,006 [pool-197-thread-1] INFO  server.RaftServerConfigKeys (ConfUtils.java:logGet(43)) - raft.server.log.statemachine.data.sync.timeout.retry = -1 (default)
2019-10-17 06:47:33,007 [pool-197-thread-1] INFO  server.RaftServerConfigKeys (ConfUtils.java:logGet(43)) - raft.server.log.statemachine.data.caching.enabled = true (custom)
2019-10-17 06:47:33,007 [pool-197-thread-1] INFO  segmented.SegmentedRaftLogWorker (SegmentedRaftLogWorker.java:lambda$new$0(128)) - 7c431f9d-51bc-458b-a3a6-511ec217d887@group-524E986F5930-SegmentedRaftLogWorker: flushIndex: setUnconditionally 0 -> -1
2019-10-17 06:47:33,007 [pool-197-thread-1] INFO  server.RaftServerConfigKeys (ConfUtils.java:logGet(43)) - raft.server.snapshot.auto.trigger.enabled = true (custom)
2019-10-17 06:47:33,007 [pool-197-thread-1] INFO  server.RaftServerConfigKeys (ConfUtils.java:logGet(43)) - raft.server.snapshot.auto.trigger.threshold = 10000 (custom)
2019-10-17 06:47:33,007 [pool-197-thread-1] INFO  server.RaftServerConfigKeys (ConfUtils.java:logGet(43)) - raft.server.snapshot.retention.file.num = 5 (custom)
2019-10-17 06:47:33,008 [pool-197-thread-1] INFO  server.RaftServerConfigKeys (ConfUtils.java:logGet(43)) - raft.server.retrycache.expirytime = 600000ms (custom)
2019-10-17 06:47:33,010 [pool-197-thread-1] INFO  impl.RaftServerImpl (RaftServerImpl.java:start(195)) - 7c431f9d-51bc-458b-a3a6-511ec217d887@group-524E986F5930: start as a follower, conf=-1: [7c431f9d-51bc-458b-a3a6-511ec217d887:192.168.34.62:40420], old=null
2019-10-17 06:47:33,010 [pool-197-thread-1] INFO  impl.RaftServerImpl (RaftServerImpl.java:setRole(184)) - 7c431f9d-51bc-458b-a3a6-511ec217d887@group-524E986F5930: changes role from      null to FOLLOWER at term 0 for startAsFollower
2019-10-17 06:47:33,010 [pool-197-thread-1] INFO  impl.RoleInfo (RoleInfo.java:updateAndGet(143)) - 7c431f9d-51bc-458b-a3a6-511ec217d887: start FollowerState
2019-10-17 06:47:33,011 [pool-197-thread-1] INFO  util.JmxRegister (JmxRegister.java:tryRegister(44)) - Successfully registered JMX Bean with object name Ratis:service=RaftServer,group=group-524E986F5930,id=7c431f9d-51bc-458b-a3a6-511ec217d887
2019-10-17 06:47:33,015 [RatisPipelineUtilsThread] INFO  pipeline.PipelineStateManager (PipelineStateManager.java:addPipeline(55)) - Created pipeline Pipeline[ Id: 55f0ed2f-b65b-49b3-802f-524e986f5930, Nodes: 7c431f9d-51bc-458b-a3a6-511ec217d887{ip: 192.168.34.62, host: pr-hdds-1868-lzclr-202649289, networkLocation: /default-rack, certSerialId: null}, Type:RATIS, Factor:ONE, State:ALLOCATED]
2019-10-17 06:47:33,025 [grpc-default-executor-1] INFO  impl.RaftServerProxy (RaftServerProxy.java:addNew(89)) - 67f35358-9777-4ff9-96f4-8a61bc3a94fe: addNew group-946D1BF9C233:[67f35358-9777-4ff9-96f4-8a61bc3a94fe:192.168.34.62:37037, 7c431f9d-51bc-458b-a3a6-511ec217d887:192.168.34.62:40420, b9cfa588-8e56-4331-be2f-4c26f25c6739:192.168.34.62:34777] returns group-946D1BF9C233:java.util.concurrent.CompletableFuture@74a136f7[Not completed]
2019-10-17 06:47:33,025 [grpc-default-executor-0] INFO  impl.RaftServerProxy (RaftServerProxy.java:addNew(89)) - b9cfa588-8e56-4331-be2f-4c26f25c6739: addNew group-946D1BF9C233:[67f35358-9777-4ff9-96f4-8a61bc3a94fe:192.168.34.62:37037, 7c431f9d-51bc-458b-a3a6-511ec217d887:192.168.34.62:40420, b9cfa588-8e56-4331-be2f-4c26f25c6739:192.168.34.62:34777] returns group-946D1BF9C233:java.util.concurrent.CompletableFuture@518bbcc9[Not completed]
2019-10-17 06:47:33,025 [grpc-default-executor-2] INFO  impl.RaftServerProxy (RaftServerProxy.java:addNew(89)) - 7c431f9d-51bc-458b-a3a6-511ec217d887: addNew group-946D1BF9C233:[67f35358-9777-4ff9-96f4-8a61bc3a94fe:192.168.34.62:37037, 7c431f9d-51bc-458b-a3a6-511ec217d887:192.168.34.62:40420, b9cfa588-8e56-4331-be2f-4c26f25c6739:192.168.34.62:34777] returns group-946D1BF9C233:java.util.concurrent.CompletableFuture@7127fdf0[Not completed]
2019-10-17 06:47:33,026 [pool-177-thread-1] INFO  impl.RaftServerImpl (RaftServerImpl.java:<init>(104)) - b9cfa588-8e56-4331-be2f-4c26f25c6739: new RaftServerImpl for group-946D1BF9C233:[67f35358-9777-4ff9-96f4-8a61bc3a94fe:192.168.34.62:37037, 7c431f9d-51bc-458b-a3a6-511ec217d887:192.168.34.62:40420, b9cfa588-8e56-4331-be2f-4c26f25c6739:192.168.34.62:34777] with ContainerStateMachine:uninitialized
2019-10-17 06:47:33,026 [pool-177-thread-1] INFO  server.RaftServerConfigKeys (ConfUtils.java:logGet(43)) - raft.server.rpc.timeout.min = 5s (custom)
2019-10-17 06:47:33,026 [pool-177-thread-1] INFO  server.RaftServerConfigKeys (ConfUtils.java:logGet(43)) - raft.server.rpc.timeout.max = 5200ms (custom)
2019-10-17 06:47:33,026 [pool-177-thread-1] INFO  server.RaftServerConfigKeys (ConfUtils.java:logGet(43)) - raft.server.rpcslowness.timeout = 120s (custom)
2019-10-17 06:47:33,026 [pool-177-thread-1] INFO  server.RaftServerConfigKeys (ConfUtils.java:logGet(43)) - raft.server.sleep.deviation.threshold = 300 (default)
2019-10-17 06:47:33,027 [pool-177-thread-1] INFO  server.RaftServerConfigKeys (ConfUtils.java:logGet(43)) - raft.server.log.appender.install.snapshot.enabled = false (custom)
2019-10-17 06:47:33,027 [pool-177-thread-1] INFO  impl.RaftServerImpl (ServerState.java:<init>(103)) - b9cfa588-8e56-4331-be2f-4c26f25c6739@group-946D1BF9C233: ConfigurationManager, init=-1: [67f35358-9777-4ff9-96f4-8a61bc3a94fe:192.168.34.62:37037, 7c431f9d-51bc-458b-a3a6-511ec217d887:192.168.34.62:40420, b9cfa588-8e56-4331-be2f-4c26f25c6739:192.168.34.62:34777], old=null, confs=<EMPTY_MAP>
2019-10-17 06:47:33,027 [pool-177-thread-1] INFO  server.RaftServerConfigKeys (ConfUtils.java:logGet(43)) - raft.server.storage.dir = [/workdir/hadoop-ozone/integration-test/target/test-dir/MiniOzoneClusterImpl-3afb9865-6449-4209-9387-449993352e62/datanode-0/data/ratis] (custom)
2019-10-17 06:47:33,027 [pool-177-thread-1] INFO  server.RaftServerConfigKeys (ConfUtils.java:logGet(43)) - raft.server.log.corruption.policy = EXCEPTION (default)
2019-10-17 06:47:33,027 [pool-177-thread-1] INFO  storage.RaftStorageDirectory (RaftStorageDirectory.java:analyzeStorage(246)) - The storage directory /workdir/hadoop-ozone/integration-test/target/test-dir/MiniOzoneClusterImpl-3afb9865-6449-4209-9387-449993352e62/datanode-0/data/ratis/5a307180-86ec-46e7-9679-946d1bf9c233 does not exist. Creating ...
2019-10-17 06:47:33,027 [pool-187-thread-1] INFO  impl.RaftServerImpl (RaftServerImpl.java:<init>(104)) - 67f35358-9777-4ff9-96f4-8a61bc3a94fe: new RaftServerImpl for group-946D1BF9C233:[67f35358-9777-4ff9-96f4-8a61bc3a94fe:192.168.34.62:37037, 7c431f9d-51bc-458b-a3a6-511ec217d887:192.168.34.62:40420, b9cfa588-8e56-4331-be2f-4c26f25c6739:192.168.34.62:34777] with ContainerStateMachine:uninitialized
2019-10-17 06:47:33,028 [pool-187-thread-1] INFO  server.RaftServerConfigKeys (ConfUtils.java:logGet(43)) - raft.server.rpc.timeout.min = 5s (custom)
2019-10-17 06:47:33,028 [pool-197-thread-1] INFO  impl.RaftServerImpl (RaftServerImpl.java:<init>(104)) - 7c431f9d-51bc-458b-a3a6-511ec217d887: new RaftServerImpl for group-946D1BF9C233:[67f35358-9777-4ff9-96f4-8a61bc3a94fe:192.168.34.62:37037, 7c431f9d-51bc-458b-a3a6-511ec217d887:192.168.34.62:40420, b9cfa588-8e56-4331-be2f-4c26f25c6739:192.168.34.62:34777] with ContainerStateMachine:uninitialized
2019-10-17 06:47:33,028 [pool-187-thread-1] INFO  server.RaftServerConfigKeys (ConfUtils.java:logGet(43)) - raft.server.rpc.timeout.max = 5200ms (custom)
2019-10-17 06:47:33,028 [pool-197-thread-1] INFO  server.RaftServerConfigKeys (ConfUtils.java:logGet(43)) - raft.server.rpc.timeout.min = 5s (custom)
2019-10-17 06:47:33,028 [pool-187-thread-1] INFO  server.RaftServerConfigKeys (ConfUtils.java:logGet(43)) - raft.server.rpcslowness.timeout = 120s (custom)
2019-10-17 06:47:33,028 [pool-197-thread-1] INFO  server.RaftServerConfigKeys (ConfUtils.java:logGet(43)) - raft.server.rpc.timeout.max = 5200ms (custom)
2019-10-17 06:47:33,028 [pool-187-thread-1] INFO  server.RaftServerConfigKeys (ConfUtils.java:logGet(43)) - raft.server.sleep.deviation.threshold = 300 (default)
2019-10-17 06:47:33,028 [pool-197-thread-1] INFO  server.RaftServerConfigKeys (ConfUtils.java:logGet(43)) - raft.server.rpcslowness.timeout = 120s (custom)
2019-10-17 06:47:33,028 [pool-187-thread-1] INFO  server.RaftServerConfigKeys (ConfUtils.java:logGet(43)) - raft.server.log.appender.install.snapshot.enabled = false (custom)
2019-10-17 06:47:33,028 [pool-197-thread-1] INFO  server.RaftServerConfigKeys (ConfUtils.java:logGet(43)) - raft.server.sleep.deviation.threshold = 300 (default)
2019-10-17 06:47:33,029 [pool-187-thread-1] INFO  impl.RaftServerImpl (ServerState.java:<init>(103)) - 67f35358-9777-4ff9-96f4-8a61bc3a94fe@group-946D1BF9C233: ConfigurationManager, init=-1: [67f35358-9777-4ff9-96f4-8a61bc3a94fe:192.168.34.62:37037, 7c431f9d-51bc-458b-a3a6-511ec217d887:192.168.34.62:40420, b9cfa588-8e56-4331-be2f-4c26f25c6739:192.168.34.62:34777], old=null, confs=<EMPTY_MAP>
2019-10-17 06:47:33,029 [pool-197-thread-1] INFO  server.RaftServerConfigKeys (ConfUtils.java:logGet(43)) - raft.server.log.appender.install.snapshot.enabled = false (custom)
2019-10-17 06:47:33,029 [pool-187-thread-1] INFO  server.RaftServerConfigKeys (ConfUtils.java:logGet(43)) - raft.server.storage.dir = [/workdir/hadoop-ozone/integration-test/target/test-dir/MiniOzoneClusterImpl-3afb9865-6449-4209-9387-449993352e62/datanode-1/data/ratis] (custom)
2019-10-17 06:47:33,029 [pool-197-thread-1] INFO  impl.RaftServerImpl (ServerState.java:<init>(103)) - 7c431f9d-51bc-458b-a3a6-511ec217d887@group-946D1BF9C233: ConfigurationManager, init=-1: [67f35358-9777-4ff9-96f4-8a61bc3a94fe:192.168.34.62:37037, 7c431f9d-51bc-458b-a3a6-511ec217d887:192.168.34.62:40420, b9cfa588-8e56-4331-be2f-4c26f25c6739:192.168.34.62:34777], old=null, confs=<EMPTY_MAP>
2019-10-17 06:47:33,029 [pool-197-thread-1] INFO  server.RaftServerConfigKeys (ConfUtils.java:logGet(43)) - raft.server.storage.dir = [/workdir/hadoop-ozone/integration-test/target/test-dir/MiniOzoneClusterImpl-3afb9865-6449-4209-9387-449993352e62/datanode-2/data/ratis] (custom)
2019-10-17 06:47:33,029 [pool-187-thread-1] INFO  server.RaftServerConfigKeys (ConfUtils.java:logGet(43)) - raft.server.log.corruption.policy = EXCEPTION (default)
2019-10-17 06:47:33,029 [pool-197-thread-1] INFO  server.RaftServerConfigKeys (ConfUtils.java:logGet(43)) - raft.server.log.corruption.policy = EXCEPTION (default)
2019-10-17 06:47:33,029 [pool-187-thread-1] INFO  storage.RaftStorageDirectory (RaftStorageDirectory.java:analyzeStorage(246)) - The storage directory /workdir/hadoop-ozone/integration-test/target/test-dir/MiniOzoneClusterImpl-3afb9865-6449-4209-9387-449993352e62/datanode-1/data/ratis/5a307180-86ec-46e7-9679-946d1bf9c233 does not exist. Creating ...
2019-10-17 06:47:33,029 [pool-197-thread-1] INFO  storage.RaftStorageDirectory (RaftStorageDirectory.java:analyzeStorage(246)) - The storage directory /workdir/hadoop-ozone/integration-test/target/test-dir/MiniOzoneClusterImpl-3afb9865-6449-4209-9387-449993352e62/datanode-2/data/ratis/5a307180-86ec-46e7-9679-946d1bf9c233 does not exist. Creating ...
2019-10-17 06:47:33,043 [Thread-1138] INFO  impl.FollowerState (FollowerState.java:run(108)) - 67f35358-9777-4ff9-96f4-8a61bc3a94fe@group-1A4316BA6214-FollowerState: change to CANDIDATE, lastRpcTime:94ms, electionTimeout:94ms
2019-10-17 06:47:33,043 [Thread-1138] INFO  impl.RoleInfo (RoleInfo.java:shutdownFollowerState(121)) - 67f35358-9777-4ff9-96f4-8a61bc3a94fe: shutdown FollowerState
2019-10-17 06:47:33,043 [Thread-1138] INFO  impl.RaftServerImpl (RaftServerImpl.java:setRole(184)) - 67f35358-9777-4ff9-96f4-8a61bc3a94fe@group-1A4316BA6214: changes role from  FOLLOWER to CANDIDATE at term 0 for changeToCandidate
2019-10-17 06:47:33,043 [Thread-1138] INFO  impl.RoleInfo (RoleInfo.java:updateAndGet(143)) - 67f35358-9777-4ff9-96f4-8a61bc3a94fe: start LeaderElection
2019-10-17 06:47:33,052 [pool-187-thread-1] INFO  storage.RaftStorageDirectory (RaftStorageDirectory.java:tryLock(328)) - Lock on /workdir/hadoop-ozone/integration-test/target/test-dir/MiniOzoneClusterImpl-3afb9865-6449-4209-9387-449993352e62/datanode-1/data/ratis/5a307180-86ec-46e7-9679-946d1bf9c233/in_use.lock acquired by nodename 32460@pr-hdds-1868-lzclr-202649289
2019-10-17 06:47:33,052 [pool-197-thread-1] INFO  storage.RaftStorageDirectory (RaftStorageDirectory.java:tryLock(328)) - Lock on /workdir/hadoop-ozone/integration-test/target/test-dir/MiniOzoneClusterImpl-3afb9865-6449-4209-9387-449993352e62/datanode-2/data/ratis/5a307180-86ec-46e7-9679-946d1bf9c233/in_use.lock acquired by nodename 32460@pr-hdds-1868-lzclr-202649289
2019-10-17 06:47:33,052 [pool-177-thread-1] INFO  storage.RaftStorageDirectory (RaftStorageDirectory.java:tryLock(328)) - Lock on /workdir/hadoop-ozone/integration-test/target/test-dir/MiniOzoneClusterImpl-3afb9865-6449-4209-9387-449993352e62/datanode-0/data/ratis/5a307180-86ec-46e7-9679-946d1bf9c233/in_use.lock acquired by nodename 32460@pr-hdds-1868-lzclr-202649289
2019-10-17 06:47:33,065 [pool-187-thread-1] INFO  storage.RaftStorage (RaftStorage.java:format(84)) - Storage directory /workdir/hadoop-ozone/integration-test/target/test-dir/MiniOzoneClusterImpl-3afb9865-6449-4209-9387-449993352e62/datanode-1/data/ratis/5a307180-86ec-46e7-9679-946d1bf9c233 has been successfully formatted.
2019-10-17 06:47:33,065 [67f35358-9777-4ff9-96f4-8a61bc3a94fe@group-1A4316BA6214-LeaderElection55] INFO  impl.LeaderElection (LeaderElection.java:askForVotes(178)) - 67f35358-9777-4ff9-96f4-8a61bc3a94fe@group-1A4316BA6214-LeaderElection55: begin an election at term 1 for -1: [67f35358-9777-4ff9-96f4-8a61bc3a94fe:192.168.34.62:37037], old=null
2019-10-17 06:47:33,065 [pool-177-thread-1] INFO  storage.RaftStorage (RaftStorage.java:format(84)) - Storage directory /workdir/hadoop-ozone/integration-test/target/test-dir/MiniOzoneClusterImpl-3afb9865-6449-4209-9387-449993352e62/datanode-0/data/ratis/5a307180-86ec-46e7-9679-946d1bf9c233 has been successfully formatted.
2019-10-17 06:47:33,065 [pool-197-thread-1] INFO  storage.RaftStorage (RaftStorage.java:format(84)) - Storage directory /workdir/hadoop-ozone/integration-test/target/test-dir/MiniOzoneClusterImpl-3afb9865-6449-4209-9387-449993352e62/datanode-2/data/ratis/5a307180-86ec-46e7-9679-946d1bf9c233 has been successfully formatted.
2019-10-17 06:47:33,065 [pool-177-thread-1] INFO  ratis.ContainerStateMachine (ContainerStateMachine.java:loadSnapshot(233)) - group-946D1BF9C233: The snapshot info is null. Setting the last applied indexto:(t:0, i:~)
2019-10-17 06:47:33,065 [pool-187-thread-1] INFO  ratis.ContainerStateMachine (ContainerStateMachine.java:loadSnapshot(233)) - group-946D1BF9C233: The snapshot info is null. Setting the last applied indexto:(t:0, i:~)
2019-10-17 06:47:33,065 [67f35358-9777-4ff9-96f4-8a61bc3a94fe@group-1A4316BA6214-LeaderElection55] INFO  impl.RoleInfo (RoleInfo.java:shutdownLeaderElection(134)) - 67f35358-9777-4ff9-96f4-8a61bc3a94fe: shutdown LeaderElection
2019-10-17 06:47:33,065 [pool-187-thread-1] INFO  server.RaftServerConfigKeys (ConfUtils.java:logGet(43)) - raft.server.notification.no-leader.timeout = 120s (custom)
2019-10-17 06:47:33,065 [pool-197-thread-1] INFO  ratis.ContainerStateMachine (ContainerStateMachine.java:loadSnapshot(233)) - group-946D1BF9C233: The snapshot info is null. Setting the last applied indexto:(t:0, i:~)
2019-10-17 06:47:33,065 [pool-177-thread-1] INFO  server.RaftServerConfigKeys (ConfUtils.java:logGet(43)) - raft.server.notification.no-leader.timeout = 120s (custom)
2019-10-17 06:47:33,066 [pool-197-thread-1] INFO  server.RaftServerConfigKeys (ConfUtils.java:logGet(43)) - raft.server.notification.no-leader.timeout = 120s (custom)
2019-10-17 06:47:33,066 [pool-187-thread-1] INFO  server.RaftServerConfigKeys (ConfUtils.java:logGet(43)) - raft.server.log.use.memory = false (default)
2019-10-17 06:47:33,066 [67f35358-9777-4ff9-96f4-8a61bc3a94fe@group-1A4316BA6214-LeaderElection55] INFO  impl.RaftServerImpl (RaftServerImpl.java:setRole(184)) - 67f35358-9777-4ff9-96f4-8a61bc3a94fe@group-1A4316BA6214: changes role from CANDIDATE to LEADER at term 1 for changeToLeader
2019-10-17 06:47:33,066 [pool-197-thread-1] INFO  server.RaftServerConfigKeys (ConfUtils.java:logGet(43)) - raft.server.log.use.memory = false (default)
2019-10-17 06:47:33,066 [pool-177-thread-1] INFO  server.RaftServerConfigKeys (ConfUtils.java:logGet(43)) - raft.server.log.use.memory = false (default)
2019-10-17 06:47:33,066 [pool-197-thread-1] INFO  server.RaftServerConfigKeys (ConfUtils.java:logGet(43)) - raft.server.log.purge.gap = 1000000 (custom)
2019-10-17 06:47:33,066 [67f35358-9777-4ff9-96f4-8a61bc3a94fe@group-1A4316BA6214-LeaderElection55] INFO  ratis.XceiverServerRatis (XceiverServerRatis.java:handleLeaderChangedNotification(699)) - Leader change notification received for group: group-1A4316BA6214 with new leaderId: 67f35358-9777-4ff9-96f4-8a61bc3a94fe
2019-10-17 06:47:33,066 [pool-187-thread-1] INFO  server.RaftServerConfigKeys (ConfUtils.java:logGet(43)) - raft.server.log.purge.gap = 1000000 (custom)
2019-10-17 06:47:33,066 [pool-197-thread-1] INFO  server.RaftServerConfigKeys (ConfUtils.java:logGet(43)) - raft.server.log.appender.buffer.byte-limit = 33554432 (custom)
2019-10-17 06:47:33,066 [pool-177-thread-1] INFO  server.RaftServerConfigKeys (ConfUtils.java:logGet(43)) - raft.server.log.purge.gap = 1000000 (custom)
2019-10-17 06:47:33,067 [pool-197-thread-1] INFO  server.RaftServerConfigKeys (ConfUtils.java:logGet(43)) - raft.server.log.segment.size.max = 1048576 (custom)
2019-10-17 06:47:33,067 [pool-187-thread-1] INFO  server.RaftServerConfigKeys (ConfUtils.java:logGet(43)) - raft.server.log.appender.buffer.byte-limit = 33554432 (custom)
2019-10-17 06:47:33,067 [67f35358-9777-4ff9-96f4-8a61bc3a94fe@group-1A4316BA6214-LeaderElection55] INFO  impl.RaftServerImpl (ServerState.java:setLeader(256)) - 67f35358-9777-4ff9-96f4-8a61bc3a94fe@group-1A4316BA6214: change Leader from null to 67f35358-9777-4ff9-96f4-8a61bc3a94fe at term 1 for becomeLeader, leader elected after 129ms
2019-10-17 06:47:33,068 [pool-187-thread-1] INFO  server.RaftServerConfigKeys (ConfUtils.java:logGet(43)) - raft.server.log.segment.size.max = 1048576 (custom)
2019-10-17 06:47:33,068 [pool-197-thread-1] INFO  server.RaftServerConfigKeys (ConfUtils.java:logGet(43)) - raft.server.log.segment.cache.num.max = 2 (custom)
2019-10-17 06:47:33,067 [pool-177-thread-1] INFO  server.RaftServerConfigKeys (ConfUtils.java:logGet(43)) - raft.server.log.appender.buffer.byte-limit = 33554432 (custom)
2019-10-17 06:47:33,069 [pool-197-thread-1] INFO  segmented.SegmentedRaftLogWorker (SegmentedRaftLogWorker.java:<init>(173)) - new 7c431f9d-51bc-458b-a3a6-511ec217d887@group-946D1BF9C233-SegmentedRaftLogWorker for RaftStorage:Storage Directory /workdir/hadoop-ozone/integration-test/target/test-dir/MiniOzoneClusterImpl-3afb9865-6449-4209-9387-449993352e62/datanode-2/data/ratis/5a307180-86ec-46e7-9679-946d1bf9c233
2019-10-17 06:47:33,069 [pool-197-thread-1] INFO  server.RaftServerConfigKeys (ConfUtils.java:logGet(43)) - raft.server.log.queue.byte-limit = 2147483647 (custom)
2019-10-17 06:47:33,069 [pool-187-thread-1] INFO  server.RaftServerConfigKeys (ConfUtils.java:logGet(43)) - raft.server.log.segment.cache.num.max = 2 (custom)
2019-10-17 06:47:33,069 [67f35358-9777-4ff9-96f4-8a61bc3a94fe@group-1A4316BA6214-LeaderElection55] INFO  server.RaftServerConfigKeys (ConfUtils.java:logGet(43)) - raft.server.staging.catchup.gap = 1000 (default)
2019-10-17 06:47:33,069 [pool-187-thread-1] INFO  segmented.SegmentedRaftLogWorker (SegmentedRaftLogWorker.java:<init>(173)) - new 67f35358-9777-4ff9-96f4-8a61bc3a94fe@group-946D1BF9C233-SegmentedRaftLogWorker for RaftStorage:Storage Directory /workdir/hadoop-ozone/integration-test/target/test-dir/MiniOzoneClusterImpl-3afb9865-6449-4209-9387-449993352e62/datanode-1/data/ratis/5a307180-86ec-46e7-9679-946d1bf9c233
2019-10-17 06:47:33,069 [pool-197-thread-1] INFO  server.RaftServerConfigKeys (ConfUtils.java:logGet(43)) - raft.server.log.queue.element-limit = 1024 (custom)
2019-10-17 06:47:33,069 [pool-177-thread-1] INFO  server.RaftServerConfigKeys (ConfUtils.java:logGet(43)) - raft.server.log.segment.size.max = 1048576 (custom)
2019-10-17 06:47:33,070 [pool-197-thread-1] INFO  server.RaftServerConfigKeys (ConfUtils.java:logGet(43)) - raft.server.log.segment.size.max = 1048576 (custom)
2019-10-17 06:47:33,069 [pool-187-thread-1] INFO  server.RaftServerConfigKeys (ConfUtils.java:logGet(43)) - raft.server.log.queue.byte-limit = 2147483647 (custom)
2019-10-17 06:47:33,069 [67f35358-9777-4ff9-96f4-8a61bc3a94fe@group-1A4316BA6214-LeaderElection55] INFO  server.RaftServerConfigKeys (ConfUtils.java:logGet(43)) - raft.server.rpc.sleep.time = 25ms (default)
2019-10-17 06:47:33,070 [pool-187-thread-1] INFO  server.RaftServerConfigKeys (ConfUtils.java:logGet(43)) - raft.server.log.queue.element-limit = 1024 (custom)
2019-10-17 06:47:33,070 [pool-197-thread-1] INFO  server.RaftServerConfigKeys (ConfUtils.java:logGet(43)) - raft.server.log.preallocated.size = 16384 (custom)
2019-10-17 06:47:33,070 [pool-177-thread-1] INFO  server.RaftServerConfigKeys (ConfUtils.java:logGet(43)) - raft.server.log.segment.cache.num.max = 2 (custom)
2019-10-17 06:47:33,070 [pool-197-thread-1] INFO  server.RaftServerConfigKeys (ConfUtils.java:logGet(43)) - raft.server.log.write.buffer.size = 33554432 (custom)
2019-10-17 06:47:33,070 [pool-197-thread-1] INFO  server.RaftServerConfigKeys (ConfUtils.java:logGet(43)) - raft.server.log.force.sync.num = 128 (default)
2019-10-17 06:47:33,071 [pool-197-thread-1] INFO  server.RaftServerConfigKeys (ConfUtils.java:logGet(43)) - raft.server.log.statemachine.data.sync = true (default)
2019-10-17 06:47:33,071 [pool-197-thread-1] INFO  server.RaftServerConfigKeys (ConfUtils.java:logGet(43)) - raft.server.log.statemachine.data.sync.timeout = 10s (default)
2019-10-17 06:47:33,071 [pool-197-thread-1] INFO  server.RaftServerConfigKeys (ConfUtils.java:logGet(43)) - raft.server.log.statemachine.data.sync.timeout.retry = -1 (default)
2019-10-17 06:47:33,071 [pool-197-thread-1] INFO  server.RaftServerConfigKeys (ConfUtils.java:logGet(43)) - raft.server.log.statemachine.data.caching.enabled = true (custom)
2019-10-17 06:47:33,070 [pool-187-thread-1] INFO  server.RaftServerConfigKeys (ConfUtils.java:logGet(43)) - raft.server.log.segment.size.max = 1048576 (custom)
2019-10-17 06:47:33,071 [pool-197-thread-1] INFO  segmented.SegmentedRaftLogWorker (SegmentedRaftLogWorker.java:lambda$new$0(128)) - 7c431f9d-51bc-458b-a3a6-511ec217d887@group-946D1BF9C233-SegmentedRaftLogWorker: flushIndex: setUnconditionally 0 -> -1
2019-10-17 06:47:33,070 [67f35358-9777-4ff9-96f4-8a61bc3a94fe@group-1A4316BA6214-LeaderElection55] INFO  server.RaftServerConfigKeys (ConfUtils.java:logGet(43)) - raft.server.write.element-limit = 4096 (default)
2019-10-17 06:47:33,072 [pool-187-thread-1] INFO  server.RaftServerConfigKeys (ConfUtils.java:logGet(43)) - raft.server.log.preallocated.size = 16384 (custom)
2019-10-17 06:47:33,070 [pool-177-thread-1] INFO  segmented.SegmentedRaftLogWorker (SegmentedRaftLogWorker.java:<init>(173)) - new b9cfa588-8e56-4331-be2f-4c26f25c6739@group-946D1BF9C233-SegmentedRaftLogWorker for RaftStorage:Storage Directory /workdir/hadoop-ozone/integration-test/target/test-dir/MiniOzoneClusterImpl-3afb9865-6449-4209-9387-449993352e62/datanode-0/data/ratis/5a307180-86ec-46e7-9679-946d1bf9c233
2019-10-17 06:47:33,072 [pool-187-thread-1] INFO  server.RaftServerConfigKeys (ConfUtils.java:logGet(43)) - raft.server.log.write.buffer.size = 33554432 (custom)
2019-10-17 06:47:33,072 [67f35358-9777-4ff9-96f4-8a61bc3a94fe@group-1A4316BA6214-LeaderElection55] INFO  server.RaftServerConfigKeys (ConfUtils.java:logGet(43)) - raft.server.watch.timeout = 10s (default)
2019-10-17 06:47:33,072 [pool-197-thread-1] INFO  server.RaftServerConfigKeys (ConfUtils.java:logGet(43)) - raft.server.snapshot.auto.trigger.enabled = true (custom)
2019-10-17 06:47:33,072 [67f35358-9777-4ff9-96f4-8a61bc3a94fe@group-1A4316BA6214-LeaderElection55] INFO  server.RaftServerConfigKeys (ConfUtils.java:logGet(43)) - raft.server.watch.timeout.denomination = 1s (default)
2019-10-17 06:47:33,072 [pool-187-thread-1] INFO  server.RaftServerConfigKeys (ConfUtils.java:logGet(43)) - raft.server.log.force.sync.num = 128 (default)
2019-10-17 06:47:33,072 [pool-177-thread-1] INFO  server.RaftServerConfigKeys (ConfUtils.java:logGet(43)) - raft.server.log.queue.byte-limit = 2147483647 (custom)
2019-10-17 06:47:33,072 [pool-187-thread-1] INFO  server.RaftServerConfigKeys (ConfUtils.java:logGet(43)) - raft.server.log.statemachine.data.sync = true (default)
2019-10-17 06:47:33,072 [67f35358-9777-4ff9-96f4-8a61bc3a94fe@group-1A4316BA6214-LeaderElection55] INFO  server.RaftServerConfigKeys (ConfUtils.java:logGet(43)) - raft.server.watch.element-limit = 65536 (default)
2019-10-17 06:47:33,072 [pool-197-thread-1] INFO  server.RaftServerConfigKeys (ConfUtils.java:logGet(43)) - raft.server.snapshot.auto.trigger.threshold = 10000 (custom)
2019-10-17 06:47:33,073 [pool-187-thread-1] INFO  server.RaftServerConfigKeys (ConfUtils.java:logGet(43)) - raft.server.log.statemachine.data.sync.timeout = 10s (default)
2019-10-17 06:47:33,073 [pool-177-thread-1] INFO  server.RaftServerConfigKeys (ConfUtils.java:logGet(43)) - raft.server.log.queue.element-limit = 1024 (custom)
2019-10-17 06:47:33,073 [pool-187-thread-1] INFO  server.RaftServerConfigKeys (ConfUtils.java:logGet(43)) - raft.server.log.statemachine.data.sync.timeout.retry = -1 (default)
2019-10-17 06:47:33,073 [pool-197-thread-1] INFO  server.RaftServerConfigKeys (ConfUtils.java:logGet(43)) - raft.server.snapshot.retention.file.num = 5 (custom)
2019-10-17 06:47:33,073 [pool-187-thread-1] INFO  server.RaftServerConfigKeys (ConfUtils.java:logGet(43)) - raft.server.log.statemachine.data.caching.enabled = true (custom)
2019-10-17 06:47:33,073 [pool-177-thread-1] INFO  server.RaftServerConfigKeys (ConfUtils.java:logGet(43)) - raft.server.log.segment.size.max = 1048576 (custom)
2019-10-17 06:47:33,073 [pool-187-thread-1] INFO  segmented.SegmentedRaftLogWorker (SegmentedRaftLogWorker.java:lambda$new$0(128)) - 67f35358-9777-4ff9-96f4-8a61bc3a94fe@group-946D1BF9C233-SegmentedRaftLogWorker: flushIndex: setUnconditionally 0 -> -1
2019-10-17 06:47:33,073 [pool-197-thread-1] INFO  server.RaftServerConfigKeys (ConfUtils.java:logGet(43)) - raft.server.retrycache.expirytime = 600000ms (custom)
2019-10-17 06:47:33,073 [pool-177-thread-1] INFO  server.RaftServerConfigKeys (ConfUtils.java:logGet(43)) - raft.server.log.preallocated.size = 16384 (custom)
2019-10-17 06:47:33,074 [pool-187-thread-1] INFO  server.RaftServerConfigKeys (ConfUtils.java:logGet(43)) - raft.server.snapshot.auto.trigger.enabled = true (custom)
2019-10-17 06:47:33,074 [pool-177-thread-1] INFO  server.RaftServerConfigKeys (ConfUtils.java:logGet(43)) - raft.server.log.write.buffer.size = 33554432 (custom)
2019-10-17 06:47:33,074 [pool-187-thread-1] INFO  server.RaftServerConfigKeys (ConfUtils.java:logGet(43)) - raft.server.snapshot.auto.trigger.threshold = 10000 (custom)
2019-10-17 06:47:33,074 [pool-177-thread-1] INFO  server.RaftServerConfigKeys (ConfUtils.java:logGet(43)) - raft.server.log.force.sync.num = 128 (default)
2019-10-17 06:47:33,074 [pool-187-thread-1] INFO  server.RaftServerConfigKeys (ConfUtils.java:logGet(43)) - raft.server.snapshot.retention.file.num = 5 (custom)
2019-10-17 06:47:33,074 [pool-177-thread-1] INFO  server.RaftServerConfigKeys (ConfUtils.java:logGet(43)) - raft.server.log.statemachine.data.sync = true (default)
2019-10-17 06:47:33,074 [pool-187-thread-1] INFO  server.RaftServerConfigKeys (ConfUtils.java:logGet(43)) - raft.server.retrycache.expirytime = 600000ms (custom)
2019-10-17 06:47:33,075 [pool-177-thread-1] INFO  server.RaftServerConfigKeys (ConfUtils.java:logGet(43)) - raft.server.log.statemachine.data.sync.timeout = 10s (default)
2019-10-17 06:47:33,075 [pool-177-thread-1] INFO  server.RaftServerConfigKeys (ConfUtils.java:logGet(43)) - raft.server.log.statemachine.data.sync.timeout.retry = -1 (default)
2019-10-17 06:47:33,075 [pool-177-thread-1] INFO  server.RaftServerConfigKeys (ConfUtils.java:logGet(43)) - raft.server.log.statemachine.data.caching.enabled = true (custom)
2019-10-17 06:47:33,075 [pool-177-thread-1] INFO  segmented.SegmentedRaftLogWorker (SegmentedRaftLogWorker.java:lambda$new$0(128)) - b9cfa588-8e56-4331-be2f-4c26f25c6739@group-946D1BF9C233-SegmentedRaftLogWorker: flushIndex: setUnconditionally 0 -> -1
2019-10-17 06:47:33,076 [pool-177-thread-1] INFO  server.RaftServerConfigKeys (ConfUtils.java:logGet(43)) - raft.server.snapshot.auto.trigger.enabled = true (custom)
2019-10-17 06:47:33,076 [pool-177-thread-1] INFO  server.RaftServerConfigKeys (ConfUtils.java:logGet(43)) - raft.server.snapshot.auto.trigger.threshold = 10000 (custom)
2019-10-17 06:47:33,076 [pool-177-thread-1] INFO  server.RaftServerConfigKeys (ConfUtils.java:logGet(43)) - raft.server.snapshot.retention.file.num = 5 (custom)
2019-10-17 06:47:33,076 [pool-177-thread-1] INFO  server.RaftServerConfigKeys (ConfUtils.java:logGet(43)) - raft.server.retrycache.expirytime = 600000ms (custom)
2019-10-17 06:47:33,076 [67f35358-9777-4ff9-96f4-8a61bc3a94fe@group-1A4316BA6214-LeaderElection55] INFO  impl.RoleInfo (RoleInfo.java:updateAndGet(143)) - 67f35358-9777-4ff9-96f4-8a61bc3a94fe: start LeaderState
2019-10-17 06:47:33,077 [67f35358-9777-4ff9-96f4-8a61bc3a94fe@group-1A4316BA6214-LeaderElection55] INFO  segmented.SegmentedRaftLogWorker (SegmentedRaftLogWorker.java:startLogSegment(385)) - 67f35358-9777-4ff9-96f4-8a61bc3a94fe@group-1A4316BA6214-SegmentedRaftLogWorker: Starting segment from index:0
2019-10-17 06:47:33,077 [67f35358-9777-4ff9-96f4-8a61bc3a94fe@group-1A4316BA6214-LeaderElection55] INFO  impl.RaftServerImpl (ServerState.java:setRaftConf(357)) - 67f35358-9777-4ff9-96f4-8a61bc3a94fe@group-1A4316BA6214: set configuration 0: [67f35358-9777-4ff9-96f4-8a61bc3a94fe:192.168.34.62:37037], old=null at 0
2019-10-17 06:47:33,077 [pool-197-thread-1] INFO  impl.RaftServerImpl (RaftServerImpl.java:start(195)) - 7c431f9d-51bc-458b-a3a6-511ec217d887@group-946D1BF9C233: start as a follower, conf=-1: [67f35358-9777-4ff9-96f4-8a61bc3a94fe:192.168.34.62:37037, 7c431f9d-51bc-458b-a3a6-511ec217d887:192.168.34.62:40420, b9cfa588-8e56-4331-be2f-4c26f25c6739:192.168.34.62:34777], old=null
2019-10-17 06:47:33,077 [pool-197-thread-1] INFO  impl.RaftServerImpl (RaftServerImpl.java:setRole(184)) - 7c431f9d-51bc-458b-a3a6-511ec217d887@group-946D1BF9C233: changes role from      null to FOLLOWER at term 0 for startAsFollower
2019-10-17 06:47:33,078 [pool-197-thread-1] INFO  impl.RoleInfo (RoleInfo.java:updateAndGet(143)) - 7c431f9d-51bc-458b-a3a6-511ec217d887: start FollowerState
2019-10-17 06:47:33,078 [pool-197-thread-1] INFO  util.JmxRegister (JmxRegister.java:tryRegister(44)) - Successfully registered JMX Bean with object name Ratis:service=RaftServer,group=group-946D1BF9C233,id=7c431f9d-51bc-458b-a3a6-511ec217d887
2019-10-17 06:47:33,078 [pool-187-thread-1] INFO  impl.RaftServerImpl (RaftServerImpl.java:start(195)) - 67f35358-9777-4ff9-96f4-8a61bc3a94fe@group-946D1BF9C233: start as a follower, conf=-1: [67f35358-9777-4ff9-96f4-8a61bc3a94fe:192.168.34.62:37037, 7c431f9d-51bc-458b-a3a6-511ec217d887:192.168.34.62:40420, b9cfa588-8e56-4331-be2f-4c26f25c6739:192.168.34.62:34777], old=null
2019-10-17 06:47:33,078 [pool-187-thread-1] INFO  impl.RaftServerImpl (RaftServerImpl.java:setRole(184)) - 67f35358-9777-4ff9-96f4-8a61bc3a94fe@group-946D1BF9C233: changes role from      null to FOLLOWER at term 0 for startAsFollower
2019-10-17 06:47:33,078 [pool-187-thread-1] INFO  impl.RoleInfo (RoleInfo.java:updateAndGet(143)) - 67f35358-9777-4ff9-96f4-8a61bc3a94fe: start FollowerState
2019-10-17 06:47:33,079 [pool-177-thread-1] INFO  impl.RaftServerImpl (RaftServerImpl.java:start(195)) - b9cfa588-8e56-4331-be2f-4c26f25c6739@group-946D1BF9C233: start as a follower, conf=-1: [67f35358-9777-4ff9-96f4-8a61bc3a94fe:192.168.34.62:37037, 7c431f9d-51bc-458b-a3a6-511ec217d887:192.168.34.62:40420, b9cfa588-8e56-4331-be2f-4c26f25c6739:192.168.34.62:34777], old=null
2019-10-17 06:47:33,079 [pool-177-thread-1] INFO  impl.RaftServerImpl (RaftServerImpl.java:setRole(184)) - b9cfa588-8e56-4331-be2f-4c26f25c6739@group-946D1BF9C233: changes role from      null to FOLLOWER at term 0 for startAsFollower
2019-10-17 06:47:33,079 [pool-187-thread-1] INFO  util.JmxRegister (JmxRegister.java:tryRegister(44)) - Successfully registered JMX Bean with object name Ratis:service=RaftServer,group=group-946D1BF9C233,id=67f35358-9777-4ff9-96f4-8a61bc3a94fe
2019-10-17 06:47:33,079 [pool-177-thread-1] INFO  impl.RoleInfo (RoleInfo.java:updateAndGet(143)) - b9cfa588-8e56-4331-be2f-4c26f25c6739: start FollowerState
2019-10-17 06:47:33,079 [pool-177-thread-1] INFO  util.JmxRegister (JmxRegister.java:tryRegister(44)) - Successfully registered JMX Bean with object name Ratis:service=RaftServer,group=group-946D1BF9C233,id=b9cfa588-8e56-4331-be2f-4c26f25c6739
2019-10-17 06:47:33,084 [RatisPipelineUtilsThread] INFO  pipeline.PipelineStateManager (PipelineStateManager.java:addPipeline(55)) - Created pipeline Pipeline[ Id: 5a307180-86ec-46e7-9679-946d1bf9c233, Nodes: 7c431f9d-51bc-458b-a3a6-511ec217d887{ip: 192.168.34.62, host: pr-hdds-1868-lzclr-202649289, networkLocation: /default-rack, certSerialId: null}67f35358-9777-4ff9-96f4-8a61bc3a94fe{ip: 192.168.34.62, host: pr-hdds-1868-lzclr-202649289, networkLocation: /default-rack, certSerialId: null}b9cfa588-8e56-4331-be2f-4c26f25c6739{ip: 192.168.34.62, host: pr-hdds-1868-lzclr-202649289, networkLocation: /default-rack, certSerialId: null}, Type:RATIS, Factor:THREE, State:ALLOCATED]
2019-10-17 06:47:33,085 [EventQueue-PipelineReportForPipelineReportHandler] INFO  pipeline.PipelineReportHandler (PipelineReportHandler.java:processPipelineReport(119)) - Pipeline PipelineID=a6fd35fa-8588-4418-b626-1c5c21c10390 reported by b9cfa588-8e56-4331-be2f-4c26f25c6739{ip: 192.168.34.62, host: pr-hdds-1868-lzclr-202649289, networkLocation: /default-rack, certSerialId: null} with leaderId b9cfa588-8e56-4331-be2f-4c26f25c6739
2019-10-17 06:47:33,085 [main] INFO  ozone.MiniOzoneClusterImpl (MiniOzoneClusterImpl.java:lambda$waitForClusterToBeReady$2(164)) - Waiting for 4 number of pipelines out of 4, to report a leader.
2019-10-17 06:47:33,085 [EventQueue-PipelineReportForPipelineReportHandler] INFO  pipeline.PipelineStateManager (PipelineStateManager.java:openPipeline(134)) - Pipeline Pipeline[ Id: a6fd35fa-8588-4418-b626-1c5c21c10390, Nodes: b9cfa588-8e56-4331-be2f-4c26f25c6739{ip: 192.168.34.62, host: pr-hdds-1868-lzclr-202649289, networkLocation: /default-rack, certSerialId: null}, Type:RATIS, Factor:ONE, State:OPEN] moved to OPEN state
2019-10-17 06:47:33,085 [EventQueue-PipelineReportForPipelineReportHandler] INFO  pipeline.PipelineReportHandler (PipelineReportHandler.java:processPipelineReport(119)) - Pipeline PipelineID=f6295ed0-5f19-4005-ba3c-1a4316ba6214 reported by 67f35358-9777-4ff9-96f4-8a61bc3a94fe{ip: 192.168.34.62, host: pr-hdds-1868-lzclr-202649289, networkLocation: /default-rack, certSerialId: null} with leaderId 67f35358-9777-4ff9-96f4-8a61bc3a94fe
2019-10-17 06:47:33,085 [EventQueue-PipelineReportForPipelineReportHandler] INFO  pipeline.PipelineStateManager (PipelineStateManager.java:openPipeline(134)) - Pipeline Pipeline[ Id: f6295ed0-5f19-4005-ba3c-1a4316ba6214, Nodes: 67f35358-9777-4ff9-96f4-8a61bc3a94fe{ip: 192.168.34.62, host: pr-hdds-1868-lzclr-202649289, networkLocation: /default-rack, certSerialId: null}, Type:RATIS, Factor:ONE, State:OPEN] moved to OPEN state
2019-10-17 06:47:33,085 [EventQueue-PipelineReportForPipelineReportHandler] INFO  pipeline.PipelineReportHandler (PipelineReportHandler.java:processPipelineReport(119)) - Pipeline PipelineID=5a307180-86ec-46e7-9679-946d1bf9c233 reported by 67f35358-9777-4ff9-96f4-8a61bc3a94fe{ip: 192.168.34.62, host: pr-hdds-1868-lzclr-202649289, networkLocation: /default-rack, certSerialId: null} with leaderId 
2019-10-17 06:47:33,117 [67f35358-9777-4ff9-96f4-8a61bc3a94fe@group-1A4316BA6214-SegmentedRaftLogWorker] INFO  segmented.SegmentedRaftLogWorker (SegmentedRaftLogWorker.java:execute(576)) - 67f35358-9777-4ff9-96f4-8a61bc3a94fe@group-1A4316BA6214-SegmentedRaftLogWorker: created new log segment /workdir/hadoop-ozone/integration-test/target/test-dir/MiniOzoneClusterImpl-3afb9865-6449-4209-9387-449993352e62/datanode-1/data/ratis/f6295ed0-5f19-4005-ba3c-1a4316ba6214/current/log_inprogress_0
2019-10-17 06:47:33,135 [Thread-1143] INFO  impl.FollowerState (FollowerState.java:run(108)) - 7c431f9d-51bc-458b-a3a6-511ec217d887@group-524E986F5930-FollowerState: change to CANDIDATE, lastRpcTime:124ms, electionTimeout:124ms
2019-10-17 06:47:33,135 [Thread-1143] INFO  impl.RoleInfo (RoleInfo.java:shutdownFollowerState(121)) - 7c431f9d-51bc-458b-a3a6-511ec217d887: shutdown FollowerState
2019-10-17 06:47:33,135 [Thread-1143] INFO  impl.RaftServerImpl (RaftServerImpl.java:setRole(184)) - 7c431f9d-51bc-458b-a3a6-511ec217d887@group-524E986F5930: changes role from  FOLLOWER to CANDIDATE at term 0 for changeToCandidate
2019-10-17 06:47:33,135 [Thread-1143] INFO  impl.RoleInfo (RoleInfo.java:updateAndGet(143)) - 7c431f9d-51bc-458b-a3a6-511ec217d887: start LeaderElection
2019-10-17 06:47:33,151 [7c431f9d-51bc-458b-a3a6-511ec217d887@group-524E986F5930-LeaderElection56] INFO  impl.LeaderElection (LeaderElection.java:askForVotes(178)) - 7c431f9d-51bc-458b-a3a6-511ec217d887@group-524E986F5930-LeaderElection56: begin an election at term 1 for -1: [7c431f9d-51bc-458b-a3a6-511ec217d887:192.168.34.62:40420], old=null
2019-10-17 06:47:33,151 [7c431f9d-51bc-458b-a3a6-511ec217d887@group-524E986F5930-LeaderElection56] INFO  impl.RoleInfo (RoleInfo.java:shutdownLeaderElection(134)) - 7c431f9d-51bc-458b-a3a6-511ec217d887: shutdown LeaderElection
2019-10-17 06:47:33,151 [7c431f9d-51bc-458b-a3a6-511ec217d887@group-524E986F5930-LeaderElection56] INFO  impl.RaftServerImpl (RaftServerImpl.java:setRole(184)) - 7c431f9d-51bc-458b-a3a6-511ec217d887@group-524E986F5930: changes role from CANDIDATE to LEADER at term 1 for changeToLeader
2019-10-17 06:47:33,151 [7c431f9d-51bc-458b-a3a6-511ec217d887@group-524E986F5930-LeaderElection56] INFO  ratis.XceiverServerRatis (XceiverServerRatis.java:handleLeaderChangedNotification(699)) - Leader change notification received for group: group-524E986F5930 with new leaderId: 7c431f9d-51bc-458b-a3a6-511ec217d887
2019-10-17 06:47:33,152 [7c431f9d-51bc-458b-a3a6-511ec217d887@group-524E986F5930-LeaderElection56] INFO  impl.RaftServerImpl (ServerState.java:setLeader(256)) - 7c431f9d-51bc-458b-a3a6-511ec217d887@group-524E986F5930: change Leader from null to 7c431f9d-51bc-458b-a3a6-511ec217d887 at term 1 for becomeLeader, leader elected after 147ms
2019-10-17 06:47:33,152 [7c431f9d-51bc-458b-a3a6-511ec217d887@group-524E986F5930-LeaderElection56] INFO  server.RaftServerConfigKeys (ConfUtils.java:logGet(43)) - raft.server.staging.catchup.gap = 1000 (default)
2019-10-17 06:47:33,152 [7c431f9d-51bc-458b-a3a6-511ec217d887@group-524E986F5930-LeaderElection56] INFO  server.RaftServerConfigKeys (ConfUtils.java:logGet(43)) - raft.server.rpc.sleep.time = 25ms (default)
2019-10-17 06:47:33,154 [7c431f9d-51bc-458b-a3a6-511ec217d887@group-524E986F5930-LeaderElection56] INFO  server.RaftServerConfigKeys (ConfUtils.java:logGet(43)) - raft.server.write.element-limit = 4096 (default)
2019-10-17 06:47:33,154 [7c431f9d-51bc-458b-a3a6-511ec217d887@group-524E986F5930-LeaderElection56] INFO  server.RaftServerConfigKeys (ConfUtils.java:logGet(43)) - raft.server.watch.timeout = 10s (default)
2019-10-17 06:47:33,154 [7c431f9d-51bc-458b-a3a6-511ec217d887@group-524E986F5930-LeaderElection56] INFO  server.RaftServerConfigKeys (ConfUtils.java:logGet(43)) - raft.server.watch.timeout.denomination = 1s (default)
2019-10-17 06:47:33,154 [7c431f9d-51bc-458b-a3a6-511ec217d887@group-524E986F5930-LeaderElection56] INFO  server.RaftServerConfigKeys (ConfUtils.java:logGet(43)) - raft.server.watch.element-limit = 65536 (default)
2019-10-17 06:47:33,154 [EventQueue-PipelineReportForPipelineReportHandler] INFO  pipeline.PipelineReportHandler (PipelineReportHandler.java:processPipelineReport(119)) - Pipeline PipelineID=5a307180-86ec-46e7-9679-946d1bf9c233 reported by 7c431f9d-51bc-458b-a3a6-511ec217d887{ip: 192.168.34.62, host: pr-hdds-1868-lzclr-202649289, networkLocation: /default-rack, certSerialId: null} with leaderId 
2019-10-17 06:47:33,155 [EventQueue-PipelineReportForPipelineReportHandler] INFO  pipeline.PipelineReportHandler (PipelineReportHandler.java:processPipelineReport(119)) - Pipeline PipelineID=55f0ed2f-b65b-49b3-802f-524e986f5930 reported by 7c431f9d-51bc-458b-a3a6-511ec217d887{ip: 192.168.34.62, host: pr-hdds-1868-lzclr-202649289, networkLocation: /default-rack, certSerialId: null} with leaderId 7c431f9d-51bc-458b-a3a6-511ec217d887
2019-10-17 06:47:33,155 [EventQueue-PipelineReportForPipelineReportHandler] INFO  pipeline.PipelineStateManager (PipelineStateManager.java:openPipeline(134)) - Pipeline Pipeline[ Id: 55f0ed2f-b65b-49b3-802f-524e986f5930, Nodes: 7c431f9d-51bc-458b-a3a6-511ec217d887{ip: 192.168.34.62, host: pr-hdds-1868-lzclr-202649289, networkLocation: /default-rack, certSerialId: null}, Type:RATIS, Factor:ONE, State:OPEN] moved to OPEN state
2019-10-17 06:47:33,156 [7c431f9d-51bc-458b-a3a6-511ec217d887@group-524E986F5930-LeaderElection56] INFO  impl.RoleInfo (RoleInfo.java:updateAndGet(143)) - 7c431f9d-51bc-458b-a3a6-511ec217d887: start LeaderState
2019-10-17 06:47:33,156 [7c431f9d-51bc-458b-a3a6-511ec217d887@group-524E986F5930-LeaderElection56] INFO  segmented.SegmentedRaftLogWorker (SegmentedRaftLogWorker.java:startLogSegment(385)) - 7c431f9d-51bc-458b-a3a6-511ec217d887@group-524E986F5930-SegmentedRaftLogWorker: Starting segment from index:0
2019-10-17 06:47:33,156 [7c431f9d-51bc-458b-a3a6-511ec217d887@group-524E986F5930-LeaderElection56] INFO  impl.RaftServerImpl (ServerState.java:setRaftConf(357)) - 7c431f9d-51bc-458b-a3a6-511ec217d887@group-524E986F5930: set configuration 0: [7c431f9d-51bc-458b-a3a6-511ec217d887:192.168.34.62:40420], old=null at 0
2019-10-17 06:47:33,181 [Thread-1151] INFO  impl.FollowerState (FollowerState.java:run(108)) - 67f35358-9777-4ff9-96f4-8a61bc3a94fe@group-946D1BF9C233-FollowerState: change to CANDIDATE, lastRpcTime:102ms, electionTimeout:102ms
2019-10-17 06:47:33,181 [Thread-1151] INFO  impl.RoleInfo (RoleInfo.java:shutdownFollowerState(121)) - 67f35358-9777-4ff9-96f4-8a61bc3a94fe: shutdown FollowerState
2019-10-17 06:47:33,181 [Thread-1151] INFO  impl.RaftServerImpl (RaftServerImpl.java:setRole(184)) - 67f35358-9777-4ff9-96f4-8a61bc3a94fe@group-946D1BF9C233: changes role from  FOLLOWER to CANDIDATE at term 0 for changeToCandidate
2019-10-17 06:47:33,181 [Thread-1151] INFO  impl.RoleInfo (RoleInfo.java:updateAndGet(143)) - 67f35358-9777-4ff9-96f4-8a61bc3a94fe: start LeaderElection
2019-10-17 06:47:33,184 [Thread-1152] INFO  impl.FollowerState (FollowerState.java:run(108)) - b9cfa588-8e56-4331-be2f-4c26f25c6739@group-946D1BF9C233-FollowerState: change to CANDIDATE, lastRpcTime:104ms, electionTimeout:104ms
2019-10-17 06:47:33,184 [Thread-1152] INFO  impl.RoleInfo (RoleInfo.java:shutdownFollowerState(121)) - b9cfa588-8e56-4331-be2f-4c26f25c6739: shutdown FollowerState
2019-10-17 06:47:33,184 [Thread-1152] INFO  impl.RaftServerImpl (RaftServerImpl.java:setRole(184)) - b9cfa588-8e56-4331-be2f-4c26f25c6739@group-946D1BF9C233: changes role from  FOLLOWER to CANDIDATE at term 0 for changeToCandidate
2019-10-17 06:47:33,184 [Thread-1152] INFO  impl.RoleInfo (RoleInfo.java:updateAndGet(143)) - b9cfa588-8e56-4331-be2f-4c26f25c6739: start LeaderElection
2019-10-17 06:47:33,189 [7c431f9d-51bc-458b-a3a6-511ec217d887@group-524E986F5930-SegmentedRaftLogWorker] INFO  segmented.SegmentedRaftLogWorker (SegmentedRaftLogWorker.java:execute(576)) - 7c431f9d-51bc-458b-a3a6-511ec217d887@group-524E986F5930-SegmentedRaftLogWorker: created new log segment /workdir/hadoop-ozone/integration-test/target/test-dir/MiniOzoneClusterImpl-3afb9865-6449-4209-9387-449993352e62/datanode-2/data/ratis/55f0ed2f-b65b-49b3-802f-524e986f5930/current/log_inprogress_0
2019-10-17 06:47:33,189 [b9cfa588-8e56-4331-be2f-4c26f25c6739@group-946D1BF9C233-LeaderElection58] INFO  impl.LeaderElection (LeaderElection.java:askForVotes(178)) - b9cfa588-8e56-4331-be2f-4c26f25c6739@group-946D1BF9C233-LeaderElection58: begin an election at term 1 for -1: [67f35358-9777-4ff9-96f4-8a61bc3a94fe:192.168.34.62:37037, 7c431f9d-51bc-458b-a3a6-511ec217d887:192.168.34.62:40420, b9cfa588-8e56-4331-be2f-4c26f25c6739:192.168.34.62:34777], old=null
2019-10-17 06:47:33,189 [67f35358-9777-4ff9-96f4-8a61bc3a94fe@group-946D1BF9C233-LeaderElection57] INFO  impl.LeaderElection (LeaderElection.java:askForVotes(178)) - 67f35358-9777-4ff9-96f4-8a61bc3a94fe@group-946D1BF9C233-LeaderElection57: begin an election at term 1 for -1: [67f35358-9777-4ff9-96f4-8a61bc3a94fe:192.168.34.62:37037, 7c431f9d-51bc-458b-a3a6-511ec217d887:192.168.34.62:40420, b9cfa588-8e56-4331-be2f-4c26f25c6739:192.168.34.62:34777], old=null
2019-10-17 06:47:33,195 [grpc-default-executor-3] INFO  impl.RaftServerImpl (RaftServerImpl.java:setRole(184)) - 7c431f9d-51bc-458b-a3a6-511ec217d887@group-946D1BF9C233: changes role from  FOLLOWER to FOLLOWER at term 1 for recognizeCandidate:67f35358-9777-4ff9-96f4-8a61bc3a94fe
2019-10-17 06:47:33,196 [grpc-default-executor-3] INFO  impl.RoleInfo (RoleInfo.java:shutdownFollowerState(121)) - 7c431f9d-51bc-458b-a3a6-511ec217d887: shutdown FollowerState
2019-10-17 06:47:33,196 [grpc-default-executor-3] INFO  impl.RoleInfo (RoleInfo.java:updateAndGet(143)) - 7c431f9d-51bc-458b-a3a6-511ec217d887: start FollowerState
2019-10-17 06:47:33,196 [Thread-1150] INFO  impl.FollowerState (FollowerState.java:run(117)) - 7c431f9d-51bc-458b-a3a6-511ec217d887@group-946D1BF9C233-FollowerState was interrupted: java.lang.InterruptedException: sleep interrupted
2019-10-17 06:47:33,206 [67f35358-9777-4ff9-96f4-8a61bc3a94fe@group-946D1BF9C233-LeaderElection57] INFO  impl.LeaderElection (LeaderElection.java:logAndReturn(56)) - 67f35358-9777-4ff9-96f4-8a61bc3a94fe@group-946D1BF9C233-LeaderElection57: Election PASSED; received 2 response(s) [67f35358-9777-4ff9-96f4-8a61bc3a94fe<-7c431f9d-51bc-458b-a3a6-511ec217d887#0:OK-t1, 67f35358-9777-4ff9-96f4-8a61bc3a94fe<-b9cfa588-8e56-4331-be2f-4c26f25c6739#0:FAIL-t1] and 0 exception(s); 67f35358-9777-4ff9-96f4-8a61bc3a94fe@group-946D1BF9C233:t1, leader=null, voted=67f35358-9777-4ff9-96f4-8a61bc3a94fe, raftlog=67f35358-9777-4ff9-96f4-8a61bc3a94fe@group-946D1BF9C233-SegmentedRaftLog:OPENED:c-1,f-1,i0, conf=-1: [67f35358-9777-4ff9-96f4-8a61bc3a94fe:192.168.34.62:37037, 7c431f9d-51bc-458b-a3a6-511ec217d887:192.168.34.62:40420, b9cfa588-8e56-4331-be2f-4c26f25c6739:192.168.34.62:34777], old=null
2019-10-17 06:47:33,206 [67f35358-9777-4ff9-96f4-8a61bc3a94fe@group-946D1BF9C233-LeaderElection57] INFO  impl.RoleInfo (RoleInfo.java:shutdownLeaderElection(134)) - 67f35358-9777-4ff9-96f4-8a61bc3a94fe: shutdown LeaderElection
2019-10-17 06:47:33,206 [67f35358-9777-4ff9-96f4-8a61bc3a94fe@group-946D1BF9C233-LeaderElection57] INFO  impl.RaftServerImpl (RaftServerImpl.java:setRole(184)) - 67f35358-9777-4ff9-96f4-8a61bc3a94fe@group-946D1BF9C233: changes role from CANDIDATE to LEADER at term 1 for changeToLeader
2019-10-17 06:47:33,206 [b9cfa588-8e56-4331-be2f-4c26f25c6739@group-946D1BF9C233-LeaderElection58] INFO  impl.LeaderElection (LeaderElection.java:logAndReturn(56)) - b9cfa588-8e56-4331-be2f-4c26f25c6739@group-946D1BF9C233-LeaderElection58: Election REJECTED; received 2 response(s) [b9cfa588-8e56-4331-be2f-4c26f25c6739<-67f35358-9777-4ff9-96f4-8a61bc3a94fe#0:FAIL-t1, b9cfa588-8e56-4331-be2f-4c26f25c6739<-7c431f9d-51bc-458b-a3a6-511ec217d887#0:FAIL-t1] and 0 exception(s); b9cfa588-8e56-4331-be2f-4c26f25c6739@group-946D1BF9C233:t1, leader=null, voted=b9cfa588-8e56-4331-be2f-4c26f25c6739, raftlog=b9cfa588-8e56-4331-be2f-4c26f25c6739@group-946D1BF9C233-SegmentedRaftLog:OPENED:c-1,f-1,i0, conf=-1: [67f35358-9777-4ff9-96f4-8a61bc3a94fe:192.168.34.62:37037, 7c431f9d-51bc-458b-a3a6-511ec217d887:192.168.34.62:40420, b9cfa588-8e56-4331-be2f-4c26f25c6739:192.168.34.62:34777], old=null
2019-10-17 06:47:33,206 [67f35358-9777-4ff9-96f4-8a61bc3a94fe@group-946D1BF9C233-LeaderElection57] INFO  ratis.XceiverServerRatis (XceiverServerRatis.java:handleLeaderChangedNotification(699)) - Leader change notification received for group: group-946D1BF9C233 with new leaderId: 67f35358-9777-4ff9-96f4-8a61bc3a94fe
2019-10-17 06:47:33,206 [b9cfa588-8e56-4331-be2f-4c26f25c6739@group-946D1BF9C233-LeaderElection58] INFO  impl.RaftServerImpl (RaftServerImpl.java:setRole(184)) - b9cfa588-8e56-4331-be2f-4c26f25c6739@group-946D1BF9C233: changes role from CANDIDATE to FOLLOWER at term 1 for DISCOVERED_A_NEW_TERM
2019-10-17 06:47:33,206 [b9cfa588-8e56-4331-be2f-4c26f25c6739@group-946D1BF9C233-LeaderElection58] INFO  impl.RoleInfo (RoleInfo.java:shutdownLeaderElection(134)) - b9cfa588-8e56-4331-be2f-4c26f25c6739: shutdown LeaderElection
2019-10-17 06:47:33,206 [67f35358-9777-4ff9-96f4-8a61bc3a94fe@group-946D1BF9C233-LeaderElection57] INFO  impl.RaftServerImpl (ServerState.java:setLeader(256)) - 67f35358-9777-4ff9-96f4-8a61bc3a94fe@group-946D1BF9C233: change Leader from null to 67f35358-9777-4ff9-96f4-8a61bc3a94fe at term 1 for becomeLeader, leader elected after 140ms
2019-10-17 06:47:33,207 [b9cfa588-8e56-4331-be2f-4c26f25c6739@group-946D1BF9C233-LeaderElection58] INFO  impl.RoleInfo (RoleInfo.java:updateAndGet(143)) - b9cfa588-8e56-4331-be2f-4c26f25c6739: start FollowerState
2019-10-17 06:47:33,207 [67f35358-9777-4ff9-96f4-8a61bc3a94fe@group-946D1BF9C233-LeaderElection57] INFO  server.RaftServerConfigKeys (ConfUtils.java:logGet(43)) - raft.server.staging.catchup.gap = 1000 (default)
2019-10-17 06:47:33,207 [67f35358-9777-4ff9-96f4-8a61bc3a94fe@group-946D1BF9C233-LeaderElection57] INFO  server.RaftServerConfigKeys (ConfUtils.java:logGet(43)) - raft.server.rpc.sleep.time = 25ms (default)
2019-10-17 06:47:33,207 [67f35358-9777-4ff9-96f4-8a61bc3a94fe@group-946D1BF9C233-LeaderElection57] INFO  server.RaftServerConfigKeys (ConfUtils.java:logGet(43)) - raft.server.write.element-limit = 4096 (default)
2019-10-17 06:47:33,207 [67f35358-9777-4ff9-96f4-8a61bc3a94fe@group-946D1BF9C233-LeaderElection57] INFO  server.RaftServerConfigKeys (ConfUtils.java:logGet(43)) - raft.server.watch.timeout = 10s (default)
2019-10-17 06:47:33,207 [67f35358-9777-4ff9-96f4-8a61bc3a94fe@group-946D1BF9C233-LeaderElection57] INFO  server.RaftServerConfigKeys (ConfUtils.java:logGet(43)) - raft.server.watch.timeout.denomination = 1s (default)
2019-10-17 06:47:33,207 [67f35358-9777-4ff9-96f4-8a61bc3a94fe@group-946D1BF9C233-LeaderElection57] INFO  server.RaftServerConfigKeys (ConfUtils.java:logGet(43)) - raft.server.watch.element-limit = 65536 (default)
2019-10-17 06:47:33,208 [EventQueue-PipelineReportForPipelineReportHandler] INFO  pipeline.PipelineReportHandler (PipelineReportHandler.java:processPipelineReport(119)) - Pipeline PipelineID=5a307180-86ec-46e7-9679-946d1bf9c233 reported by 67f35358-9777-4ff9-96f4-8a61bc3a94fe{ip: 192.168.34.62, host: pr-hdds-1868-lzclr-202649289, networkLocation: /default-rack, certSerialId: null} with leaderId 67f35358-9777-4ff9-96f4-8a61bc3a94fe
2019-10-17 06:47:33,209 [67f35358-9777-4ff9-96f4-8a61bc3a94fe@group-946D1BF9C233-LeaderElection57] INFO  server.RaftServerConfigKeys (ConfUtils.java:logGet(43)) - raft.server.log.appender.snapshot.chunk.size.max = 16MB (=16777216) (default)
2019-10-17 06:47:33,209 [67f35358-9777-4ff9-96f4-8a61bc3a94fe@group-946D1BF9C233-LeaderElection57] INFO  server.RaftServerConfigKeys (ConfUtils.java:logGet(43)) - raft.server.log.appender.buffer.byte-limit = 33554432 (custom)
2019-10-17 06:47:33,209 [67f35358-9777-4ff9-96f4-8a61bc3a94fe@group-946D1BF9C233-LeaderElection57] INFO  server.RaftServerConfigKeys (ConfUtils.java:logGet(43)) - raft.server.log.appender.buffer.element-limit = 1 (custom)
2019-10-17 06:47:33,210 [67f35358-9777-4ff9-96f4-8a61bc3a94fe@group-946D1BF9C233-LeaderElection57] INFO  grpc.GrpcConfigKeys$Server (ConfUtils.java:logGet(43)) - raft.grpc.server.leader.outstanding.appends.max = 128 (default)
2019-10-17 06:47:33,210 [67f35358-9777-4ff9-96f4-8a61bc3a94fe@group-946D1BF9C233-LeaderElection57] INFO  server.RaftServerConfigKeys (ConfUtils.java:logGet(43)) - raft.server.rpc.request.timeout = 3000ms (default)
2019-10-17 06:47:33,210 [67f35358-9777-4ff9-96f4-8a61bc3a94fe@group-946D1BF9C233-LeaderElection57] INFO  server.RaftServerConfigKeys (ConfUtils.java:logGet(43)) - raft.server.log.appender.install.snapshot.enabled = false (custom)
2019-10-17 06:47:33,211 [67f35358-9777-4ff9-96f4-8a61bc3a94fe@group-946D1BF9C233-LeaderElection57] INFO  server.RaftServerConfigKeys (ConfUtils.java:logGet(43)) - raft.server.log.appender.snapshot.chunk.size.max = 16MB (=16777216) (default)
2019-10-17 06:47:33,211 [67f35358-9777-4ff9-96f4-8a61bc3a94fe@group-946D1BF9C233-LeaderElection57] INFO  server.RaftServerConfigKeys (ConfUtils.java:logGet(43)) - raft.server.log.appender.buffer.byte-limit = 33554432 (custom)
2019-10-17 06:47:33,212 [67f35358-9777-4ff9-96f4-8a61bc3a94fe@group-946D1BF9C233-LeaderElection57] INFO  server.RaftServerConfigKeys (ConfUtils.java:logGet(43)) - raft.server.log.appender.buffer.element-limit = 1 (custom)
2019-10-17 06:47:33,212 [67f35358-9777-4ff9-96f4-8a61bc3a94fe@group-946D1BF9C233-LeaderElection57] INFO  grpc.GrpcConfigKeys$Server (ConfUtils.java:logGet(43)) - raft.grpc.server.leader.outstanding.appends.max = 128 (default)
2019-10-17 06:47:33,212 [67f35358-9777-4ff9-96f4-8a61bc3a94fe@group-946D1BF9C233-LeaderElection57] INFO  server.RaftServerConfigKeys (ConfUtils.java:logGet(43)) - raft.server.rpc.request.timeout = 3000ms (default)
2019-10-17 06:47:33,212 [67f35358-9777-4ff9-96f4-8a61bc3a94fe@group-946D1BF9C233-LeaderElection57] INFO  server.RaftServerConfigKeys (ConfUtils.java:logGet(43)) - raft.server.log.appender.install.snapshot.enabled = false (custom)
2019-10-17 06:47:33,213 [Thread-1164] INFO  impl.FollowerState (FollowerState.java:run(108)) - 7c431f9d-51bc-458b-a3a6-511ec217d887@group-946D1BF9C233-FollowerState: change to CANDIDATE, lastRpcTime:17ms, electionTimeout:17ms
2019-10-17 06:47:33,213 [Thread-1164] INFO  impl.RoleInfo (RoleInfo.java:shutdownFollowerState(121)) - 7c431f9d-51bc-458b-a3a6-511ec217d887: shutdown FollowerState
2019-10-17 06:47:33,213 [Thread-1164] INFO  impl.RaftServerImpl (RaftServerImpl.java:setRole(184)) - 7c431f9d-51bc-458b-a3a6-511ec217d887@group-946D1BF9C233: changes role from  FOLLOWER to CANDIDATE at term 1 for changeToCandidate
2019-10-17 06:47:33,213 [Thread-1164] INFO  impl.RoleInfo (RoleInfo.java:updateAndGet(143)) - 7c431f9d-51bc-458b-a3a6-511ec217d887: start LeaderElection
2019-10-17 06:47:33,214 [67f35358-9777-4ff9-96f4-8a61bc3a94fe@group-946D1BF9C233-LeaderElection57] INFO  impl.RoleInfo (RoleInfo.java:updateAndGet(143)) - 67f35358-9777-4ff9-96f4-8a61bc3a94fe: start LeaderState
2019-10-17 06:47:33,214 [67f35358-9777-4ff9-96f4-8a61bc3a94fe@group-946D1BF9C233-LeaderElection57] INFO  segmented.SegmentedRaftLogWorker (SegmentedRaftLogWorker.java:startLogSegment(385)) - 67f35358-9777-4ff9-96f4-8a61bc3a94fe@group-946D1BF9C233-SegmentedRaftLogWorker: Starting segment from index:0
2019-10-17 06:47:33,214 [67f35358-9777-4ff9-96f4-8a61bc3a94fe@group-946D1BF9C233-LeaderElection57] INFO  impl.RaftServerImpl (ServerState.java:setRaftConf(357)) - 67f35358-9777-4ff9-96f4-8a61bc3a94fe@group-946D1BF9C233: set configuration 0: [67f35358-9777-4ff9-96f4-8a61bc3a94fe:192.168.34.62:37037, 7c431f9d-51bc-458b-a3a6-511ec217d887:192.168.34.62:40420, b9cfa588-8e56-4331-be2f-4c26f25c6739:192.168.34.62:34777], old=null at 0
2019-10-17 06:47:33,217 [grpc-default-executor-3] INFO  ratis.XceiverServerRatis (XceiverServerRatis.java:handleLeaderChangedNotification(699)) - Leader change notification received for group: group-946D1BF9C233 with new leaderId: 67f35358-9777-4ff9-96f4-8a61bc3a94fe
2019-10-17 06:47:33,217 [grpc-default-executor-3] INFO  impl.RaftServerImpl (ServerState.java:setLeader(256)) - b9cfa588-8e56-4331-be2f-4c26f25c6739@group-946D1BF9C233: change Leader from null to 67f35358-9777-4ff9-96f4-8a61bc3a94fe at term 1 for appendEntries, leader elected after 151ms
2019-10-17 06:47:33,218 [EventQueue-PipelineReportForPipelineReportHandler] INFO  pipeline.PipelineReportHandler (PipelineReportHandler.java:processPipelineReport(119)) - Pipeline PipelineID=5a307180-86ec-46e7-9679-946d1bf9c233 reported by b9cfa588-8e56-4331-be2f-4c26f25c6739{ip: 192.168.34.62, host: pr-hdds-1868-lzclr-202649289, networkLocation: /default-rack, certSerialId: null} with leaderId 67f35358-9777-4ff9-96f4-8a61bc3a94fe
2019-10-17 06:47:33,220 [grpc-default-executor-3] INFO  impl.RaftServerImpl (ServerState.java:setRaftConf(357)) - b9cfa588-8e56-4331-be2f-4c26f25c6739@group-946D1BF9C233: set configuration 0: [67f35358-9777-4ff9-96f4-8a61bc3a94fe:192.168.34.62:37037, 7c431f9d-51bc-458b-a3a6-511ec217d887:192.168.34.62:40420, b9cfa588-8e56-4331-be2f-4c26f25c6739:192.168.34.62:34777], old=null at 0
2019-10-17 06:47:33,220 [grpc-default-executor-3] INFO  segmented.SegmentedRaftLogWorker (SegmentedRaftLogWorker.java:startLogSegment(385)) - b9cfa588-8e56-4331-be2f-4c26f25c6739@group-946D1BF9C233-SegmentedRaftLogWorker: Starting segment from index:0
2019-10-17 06:47:33,227 [7c431f9d-51bc-458b-a3a6-511ec217d887@group-946D1BF9C233-LeaderElection59] INFO  impl.LeaderElection (LeaderElection.java:askForVotes(178)) - 7c431f9d-51bc-458b-a3a6-511ec217d887@group-946D1BF9C233-LeaderElection59: begin an election at term 2 for -1: [67f35358-9777-4ff9-96f4-8a61bc3a94fe:192.168.34.62:37037, 7c431f9d-51bc-458b-a3a6-511ec217d887:192.168.34.62:40420, b9cfa588-8e56-4331-be2f-4c26f25c6739:192.168.34.62:34777], old=null
2019-10-17 06:47:33,228 [Thread-1166] INFO  impl.RaftServerImpl (ServerState.java:setLeader(256)) - 67f35358-9777-4ff9-96f4-8a61bc3a94fe@group-946D1BF9C233: change Leader from 67f35358-9777-4ff9-96f4-8a61bc3a94fe to null at term 2 for updateCurrentTerm
2019-10-17 06:47:33,229 [Thread-1166] INFO  impl.RaftServerImpl (RaftServerImpl.java:setRole(184)) - 67f35358-9777-4ff9-96f4-8a61bc3a94fe@group-946D1BF9C233: changes role from    LEADER to FOLLOWER at term 2 for stepDown
2019-10-17 06:47:33,229 [Thread-1166] INFO  impl.RoleInfo (RoleInfo.java:shutdownLeaderState(104)) - 67f35358-9777-4ff9-96f4-8a61bc3a94fe: shutdown LeaderState
2019-10-17 06:47:33,246 [org.apache.ratis.server.impl.LogAppender$AppenderDaemon$$Lambda$416/976025154@4d07575] WARN  server.GrpcLogAppender (GrpcLogAppender.java:mayWait(149)) - 67f35358-9777-4ff9-96f4-8a61bc3a94fe@group-946D1BF9C233->b9cfa588-8e56-4331-be2f-4c26f25c6739-GrpcLogAppender: Wait interrupted by java.lang.InterruptedException
2019-10-17 06:47:33,246 [org.apache.ratis.server.impl.LogAppender$AppenderDaemon$$Lambda$416/976025154@35af8055] WARN  server.GrpcLogAppender (GrpcLogAppender.java:mayWait(149)) - 67f35358-9777-4ff9-96f4-8a61bc3a94fe@group-946D1BF9C233->7c431f9d-51bc-458b-a3a6-511ec217d887-GrpcLogAppender: Wait interrupted by java.lang.InterruptedException
2019-10-17 06:47:33,246 [Thread-1166] INFO  impl.PendingRequests (PendingRequests.java:sendNotLeaderResponses(202)) - 67f35358-9777-4ff9-96f4-8a61bc3a94fe@group-946D1BF9C233-PendingRequests: sendNotLeaderResponses
2019-10-17 06:47:33,247 [Thread-1166] INFO  impl.RoleInfo (RoleInfo.java:updateAndGet(143)) - 67f35358-9777-4ff9-96f4-8a61bc3a94fe: start FollowerState
2019-10-17 06:47:33,247 [grpc-default-executor-2] INFO  server.GrpcServerProtocolService (GrpcServerProtocolService.java:onCompleted(113)) - b9cfa588-8e56-4331-be2f-4c26f25c6739: Completed APPEND_ENTRIES, lastRequest: 67f35358-9777-4ff9-96f4-8a61bc3a94fe->b9cfa588-8e56-4331-be2f-4c26f25c6739#1-t1, previous=(t:0, i:0), leaderCommit=-1, initializing? false, entries: size=1, first=(t:1, i:0), CONFIGURATIONENTRY
2019-10-17 06:47:33,247 [grpc-default-executor-3] INFO  server.GrpcServerProtocolService (GrpcServerProtocolService.java:onCompleted(113)) - 7c431f9d-51bc-458b-a3a6-511ec217d887: Completed APPEND_ENTRIES, lastRequest: 67f35358-9777-4ff9-96f4-8a61bc3a94fe->7c431f9d-51bc-458b-a3a6-511ec217d887#0-t1, previous=(t:0, i:0), leaderCommit=-1, initializing? false, entries: <empty>
2019-10-17 06:47:33,248 [grpc-default-executor-3] INFO  server.GrpcLogAppender (GrpcLogAppender.java:onCompleted(308)) - 67f35358-9777-4ff9-96f4-8a61bc3a94fe@group-946D1BF9C233->7c431f9d-51bc-458b-a3a6-511ec217d887-AppendLogResponseHandler: follower responses appendEntries COMPLETED
2019-10-17 06:47:33,248 [grpc-default-executor-2] INFO  server.GrpcLogAppender (GrpcLogAppender.java:onCompleted(308)) - 67f35358-9777-4ff9-96f4-8a61bc3a94fe@group-946D1BF9C233->b9cfa588-8e56-4331-be2f-4c26f25c6739-AppendLogResponseHandler: follower responses appendEntries COMPLETED
2019-10-17 06:47:33,250 [grpc-default-executor-3] INFO  impl.FollowerInfo (FollowerInfo.java:lambda$new$0(51)) - 67f35358-9777-4ff9-96f4-8a61bc3a94fe@group-946D1BF9C233->7c431f9d-51bc-458b-a3a6-511ec217d887: nextIndex: updateUnconditionally 0 -> 0
2019-10-17 06:47:33,251 [grpc-default-executor-2] INFO  impl.FollowerInfo (FollowerInfo.java:lambda$new$0(51)) - 67f35358-9777-4ff9-96f4-8a61bc3a94fe@group-946D1BF9C233->b9cfa588-8e56-4331-be2f-4c26f25c6739: nextIndex: updateUnconditionally 1 -> 0
2019-10-17 06:47:33,252 [grpc-default-executor-2] INFO  impl.RaftServerImpl (ServerState.java:setLeader(256)) - b9cfa588-8e56-4331-be2f-4c26f25c6739@group-946D1BF9C233: change Leader from 67f35358-9777-4ff9-96f4-8a61bc3a94fe to null at term 2 for updateCurrentTerm
2019-10-17 06:47:33,252 [grpc-default-executor-2] INFO  impl.RaftServerImpl (RaftServerImpl.java:setRole(184)) - b9cfa588-8e56-4331-be2f-4c26f25c6739@group-946D1BF9C233: changes role from  FOLLOWER to FOLLOWER at term 2 for recognizeCandidate:7c431f9d-51bc-458b-a3a6-511ec217d887
2019-10-17 06:47:33,252 [grpc-default-executor-2] INFO  impl.RoleInfo (RoleInfo.java:shutdownFollowerState(121)) - b9cfa588-8e56-4331-be2f-4c26f25c6739: shutdown FollowerState
2019-10-17 06:47:33,252 [grpc-default-executor-2] INFO  impl.RoleInfo (RoleInfo.java:updateAndGet(143)) - b9cfa588-8e56-4331-be2f-4c26f25c6739: start FollowerState
2019-10-17 06:47:33,252 [Thread-1165] INFO  impl.FollowerState (FollowerState.java:run(117)) - b9cfa588-8e56-4331-be2f-4c26f25c6739@group-946D1BF9C233-FollowerState was interrupted: java.lang.InterruptedException: sleep interrupted
2019-10-17 06:47:33,279 [b9cfa588-8e56-4331-be2f-4c26f25c6739@group-946D1BF9C233-SegmentedRaftLogWorker] INFO  segmented.SegmentedRaftLogWorker (SegmentedRaftLogWorker.java:execute(576)) - b9cfa588-8e56-4331-be2f-4c26f25c6739@group-946D1BF9C233-SegmentedRaftLogWorker: created new log segment /workdir/hadoop-ozone/integration-test/target/test-dir/MiniOzoneClusterImpl-3afb9865-6449-4209-9387-449993352e62/datanode-0/data/ratis/5a307180-86ec-46e7-9679-946d1bf9c233/current/log_inprogress_0
2019-10-17 06:47:33,281 [grpc-default-executor-3] INFO  impl.RaftServerImpl (RaftServerImpl.java:setRole(184)) - 67f35358-9777-4ff9-96f4-8a61bc3a94fe@group-946D1BF9C233: changes role from  FOLLOWER to FOLLOWER at term 2 for recognizeCandidate:7c431f9d-51bc-458b-a3a6-511ec217d887
2019-10-17 06:47:33,279 [67f35358-9777-4ff9-96f4-8a61bc3a94fe@group-946D1BF9C233-SegmentedRaftLogWorker] INFO  segmented.SegmentedRaftLogWorker (SegmentedRaftLogWorker.java:execute(576)) - 67f35358-9777-4ff9-96f4-8a61bc3a94fe@group-946D1BF9C233-SegmentedRaftLogWorker: created new log segment /workdir/hadoop-ozone/integration-test/target/test-dir/MiniOzoneClusterImpl-3afb9865-6449-4209-9387-449993352e62/datanode-1/data/ratis/5a307180-86ec-46e7-9679-946d1bf9c233/current/log_inprogress_0
2019-10-17 06:47:33,281 [grpc-default-executor-3] INFO  impl.RoleInfo (RoleInfo.java:shutdownFollowerState(121)) - 67f35358-9777-4ff9-96f4-8a61bc3a94fe: shutdown FollowerState
2019-10-17 06:47:33,281 [grpc-default-executor-3] INFO  impl.RoleInfo (RoleInfo.java:updateAndGet(143)) - 67f35358-9777-4ff9-96f4-8a61bc3a94fe: start FollowerState
2019-10-17 06:47:33,281 [Thread-1175] INFO  impl.FollowerState (FollowerState.java:run(117)) - 67f35358-9777-4ff9-96f4-8a61bc3a94fe@group-946D1BF9C233-FollowerState was interrupted: java.lang.InterruptedException: sleep interrupted
2019-10-17 06:47:33,283 [7c431f9d-51bc-458b-a3a6-511ec217d887@group-946D1BF9C233-LeaderElection59] INFO  impl.LeaderElection (LeaderElection.java:logAndReturn(56)) - 7c431f9d-51bc-458b-a3a6-511ec217d887@group-946D1BF9C233-LeaderElection59: Election REJECTED; received 2 response(s) [7c431f9d-51bc-458b-a3a6-511ec217d887<-67f35358-9777-4ff9-96f4-8a61bc3a94fe#0:FAIL-t2, 7c431f9d-51bc-458b-a3a6-511ec217d887<-b9cfa588-8e56-4331-be2f-4c26f25c6739#0:FAIL-t2] and 0 exception(s); 7c431f9d-51bc-458b-a3a6-511ec217d887@group-946D1BF9C233:t2, leader=null, voted=7c431f9d-51bc-458b-a3a6-511ec217d887, raftlog=7c431f9d-51bc-458b-a3a6-511ec217d887@group-946D1BF9C233-SegmentedRaftLog:OPENED:c-1,f-1,i0, conf=-1: [67f35358-9777-4ff9-96f4-8a61bc3a94fe:192.168.34.62:37037, 7c431f9d-51bc-458b-a3a6-511ec217d887:192.168.34.62:40420, b9cfa588-8e56-4331-be2f-4c26f25c6739:192.168.34.62:34777], old=null
2019-10-17 06:47:33,283 [7c431f9d-51bc-458b-a3a6-511ec217d887@group-946D1BF9C233-LeaderElection59] INFO  impl.RaftServerImpl (RaftServerImpl.java:setRole(184)) - 7c431f9d-51bc-458b-a3a6-511ec217d887@group-946D1BF9C233: changes role from CANDIDATE to FOLLOWER at term 2 for DISCOVERED_A_NEW_TERM
2019-10-17 06:47:33,283 [7c431f9d-51bc-458b-a3a6-511ec217d887@group-946D1BF9C233-LeaderElection59] INFO  impl.RoleInfo (RoleInfo.java:shutdownLeaderElection(134)) - 7c431f9d-51bc-458b-a3a6-511ec217d887: shutdown LeaderElection
2019-10-17 06:47:33,283 [7c431f9d-51bc-458b-a3a6-511ec217d887@group-946D1BF9C233-LeaderElection59] INFO  impl.RoleInfo (RoleInfo.java:updateAndGet(143)) - 7c431f9d-51bc-458b-a3a6-511ec217d887: start FollowerState
2019-10-17 06:47:33,452 [Thread-1178] INFO  impl.FollowerState (FollowerState.java:run(108)) - 7c431f9d-51bc-458b-a3a6-511ec217d887@group-946D1BF9C233-FollowerState: change to CANDIDATE, lastRpcTime:169ms, electionTimeout:169ms
2019-10-17 06:47:33,453 [Thread-1178] INFO  impl.RoleInfo (RoleInfo.java:shutdownFollowerState(121)) - 7c431f9d-51bc-458b-a3a6-511ec217d887: shutdown FollowerState
2019-10-17 06:47:33,453 [Thread-1178] INFO  impl.RaftServerImpl (RaftServerImpl.java:setRole(184)) - 7c431f9d-51bc-458b-a3a6-511ec217d887@group-946D1BF9C233: changes role from  FOLLOWER to CANDIDATE at term 2 for changeToCandidate
2019-10-17 06:47:33,453 [Thread-1178] INFO  impl.RoleInfo (RoleInfo.java:updateAndGet(143)) - 7c431f9d-51bc-458b-a3a6-511ec217d887: start LeaderElection
2019-10-17 06:47:33,479 [7c431f9d-51bc-458b-a3a6-511ec217d887@group-946D1BF9C233-LeaderElection60] INFO  impl.LeaderElection (LeaderElection.java:askForVotes(178)) - 7c431f9d-51bc-458b-a3a6-511ec217d887@group-946D1BF9C233-LeaderElection60: begin an election at term 3 for -1: [67f35358-9777-4ff9-96f4-8a61bc3a94fe:192.168.34.62:37037, 7c431f9d-51bc-458b-a3a6-511ec217d887:192.168.34.62:40420, b9cfa588-8e56-4331-be2f-4c26f25c6739:192.168.34.62:34777], old=null
2019-10-17 06:47:33,482 [grpc-default-executor-3] INFO  impl.RaftServerImpl (RaftServerImpl.java:setRole(184)) - 67f35358-9777-4ff9-96f4-8a61bc3a94fe@group-946D1BF9C233: changes role from  FOLLOWER to FOLLOWER at term 3 for recognizeCandidate:7c431f9d-51bc-458b-a3a6-511ec217d887
2019-10-17 06:47:33,482 [grpc-default-executor-2] INFO  impl.RaftServerImpl (RaftServerImpl.java:setRole(184)) - b9cfa588-8e56-4331-be2f-4c26f25c6739@group-946D1BF9C233: changes role from  FOLLOWER to FOLLOWER at term 3 for recognizeCandidate:7c431f9d-51bc-458b-a3a6-511ec217d887
2019-10-17 06:47:33,483 [grpc-default-executor-3] INFO  impl.RoleInfo (RoleInfo.java:shutdownFollowerState(121)) - 67f35358-9777-4ff9-96f4-8a61bc3a94fe: shutdown FollowerState
2019-10-17 06:47:33,483 [grpc-default-executor-2] INFO  impl.RoleInfo (RoleInfo.java:shutdownFollowerState(121)) - b9cfa588-8e56-4331-be2f-4c26f25c6739: shutdown FollowerState
2019-10-17 06:47:33,483 [grpc-default-executor-3] INFO  impl.RoleInfo (RoleInfo.java:updateAndGet(143)) - 67f35358-9777-4ff9-96f4-8a61bc3a94fe: start FollowerState
2019-10-17 06:47:33,483 [Thread-1177] INFO  impl.FollowerState (FollowerState.java:run(117)) - 67f35358-9777-4ff9-96f4-8a61bc3a94fe@group-946D1BF9C233-FollowerState was interrupted: java.lang.InterruptedException: sleep interrupted
2019-10-17 06:47:33,483 [Thread-1176] INFO  impl.FollowerState (FollowerState.java:run(117)) - b9cfa588-8e56-4331-be2f-4c26f25c6739@group-946D1BF9C233-FollowerState was interrupted: java.lang.InterruptedException: sleep interrupted
2019-10-17 06:47:33,483 [grpc-default-executor-2] INFO  impl.RoleInfo (RoleInfo.java:updateAndGet(143)) - b9cfa588-8e56-4331-be2f-4c26f25c6739: start FollowerState
2019-10-17 06:47:33,498 [7c431f9d-51bc-458b-a3a6-511ec217d887@group-946D1BF9C233-LeaderElection60] INFO  impl.LeaderElection (LeaderElection.java:logAndReturn(56)) - 7c431f9d-51bc-458b-a3a6-511ec217d887@group-946D1BF9C233-LeaderElection60: Election REJECTED; received 2 response(s) [7c431f9d-51bc-458b-a3a6-511ec217d887<-67f35358-9777-4ff9-96f4-8a61bc3a94fe#0:FAIL-t3, 7c431f9d-51bc-458b-a3a6-511ec217d887<-b9cfa588-8e56-4331-be2f-4c26f25c6739#0:FAIL-t3] and 0 exception(s); 7c431f9d-51bc-458b-a3a6-511ec217d887@group-946D1BF9C233:t3, leader=null, voted=7c431f9d-51bc-458b-a3a6-511ec217d887, raftlog=7c431f9d-51bc-458b-a3a6-511ec217d887@group-946D1BF9C233-SegmentedRaftLog:OPENED:c-1,f-1,i0, conf=-1: [67f35358-9777-4ff9-96f4-8a61bc3a94fe:192.168.34.62:37037, 7c431f9d-51bc-458b-a3a6-511ec217d887:192.168.34.62:40420, b9cfa588-8e56-4331-be2f-4c26f25c6739:192.168.34.62:34777], old=null
2019-10-17 06:47:33,498 [7c431f9d-51bc-458b-a3a6-511ec217d887@group-946D1BF9C233-LeaderElection60] INFO  impl.RaftServerImpl (RaftServerImpl.java:setRole(184)) - 7c431f9d-51bc-458b-a3a6-511ec217d887@group-946D1BF9C233: changes role from CANDIDATE to FOLLOWER at term 3 for DISCOVERED_A_NEW_TERM
2019-10-17 06:47:33,499 [7c431f9d-51bc-458b-a3a6-511ec217d887@group-946D1BF9C233-LeaderElection60] INFO  impl.RoleInfo (RoleInfo.java:shutdownLeaderElection(134)) - 7c431f9d-51bc-458b-a3a6-511ec217d887: shutdown LeaderElection
2019-10-17 06:47:33,499 [7c431f9d-51bc-458b-a3a6-511ec217d887@group-946D1BF9C233-LeaderElection60] INFO  impl.RoleInfo (RoleInfo.java:updateAndGet(143)) - 7c431f9d-51bc-458b-a3a6-511ec217d887: start FollowerState
2019-10-17 06:47:33,694 [Thread-1185] INFO  impl.FollowerState (FollowerState.java:run(108)) - 7c431f9d-51bc-458b-a3a6-511ec217d887@group-946D1BF9C233-FollowerState: change to CANDIDATE, lastRpcTime:195ms, electionTimeout:195ms
2019-10-17 06:47:33,694 [Thread-1185] INFO  impl.RoleInfo (RoleInfo.java:shutdownFollowerState(121)) - 7c431f9d-51bc-458b-a3a6-511ec217d887: shutdown FollowerState
2019-10-17 06:47:33,694 [Thread-1185] INFO  impl.RaftServerImpl (RaftServerImpl.java:setRole(184)) - 7c431f9d-51bc-458b-a3a6-511ec217d887@group-946D1BF9C233: changes role from  FOLLOWER to CANDIDATE at term 3 for changeToCandidate
2019-10-17 06:47:33,694 [Thread-1185] INFO  impl.RoleInfo (RoleInfo.java:updateAndGet(143)) - 7c431f9d-51bc-458b-a3a6-511ec217d887: start LeaderElection
2019-10-17 06:47:33,718 [7c431f9d-51bc-458b-a3a6-511ec217d887@group-946D1BF9C233-LeaderElection61] INFO  impl.LeaderElection (LeaderElection.java:askForVotes(178)) - 7c431f9d-51bc-458b-a3a6-511ec217d887@group-946D1BF9C233-LeaderElection61: begin an election at term 4 for -1: [67f35358-9777-4ff9-96f4-8a61bc3a94fe:192.168.34.62:37037, 7c431f9d-51bc-458b-a3a6-511ec217d887:192.168.34.62:40420, b9cfa588-8e56-4331-be2f-4c26f25c6739:192.168.34.62:34777], old=null
2019-10-17 06:47:33,721 [grpc-default-executor-3] INFO  impl.RaftServerImpl (RaftServerImpl.java:setRole(184)) - 67f35358-9777-4ff9-96f4-8a61bc3a94fe@group-946D1BF9C233: changes role from  FOLLOWER to FOLLOWER at term 4 for recognizeCandidate:7c431f9d-51bc-458b-a3a6-511ec217d887
2019-10-17 06:47:33,721 [grpc-default-executor-3] INFO  impl.RoleInfo (RoleInfo.java:shutdownFollowerState(121)) - 67f35358-9777-4ff9-96f4-8a61bc3a94fe: shutdown FollowerState
2019-10-17 06:47:33,721 [grpc-default-executor-2] INFO  impl.RaftServerImpl (RaftServerImpl.java:setRole(184)) - b9cfa588-8e56-4331-be2f-4c26f25c6739@group-946D1BF9C233: changes role from  FOLLOWER to FOLLOWER at term 4 for recognizeCandidate:7c431f9d-51bc-458b-a3a6-511ec217d887
2019-10-17 06:47:33,721 [Thread-1183] INFO  impl.FollowerState (FollowerState.java:run(117)) - 67f35358-9777-4ff9-96f4-8a61bc3a94fe@group-946D1BF9C233-FollowerState was interrupted: java.lang.InterruptedException: sleep interrupted
2019-10-17 06:47:33,721 [grpc-default-executor-3] INFO  impl.RoleInfo (RoleInfo.java:updateAndGet(143)) - 67f35358-9777-4ff9-96f4-8a61bc3a94fe: start FollowerState
2019-10-17 06:47:33,721 [grpc-default-executor-2] INFO  impl.RoleInfo (RoleInfo.java:shutdownFollowerState(121)) - b9cfa588-8e56-4331-be2f-4c26f25c6739: shutdown FollowerState
2019-10-17 06:47:33,721 [grpc-default-executor-2] INFO  impl.RoleInfo (RoleInfo.java:updateAndGet(143)) - b9cfa588-8e56-4331-be2f-4c26f25c6739: start FollowerState
2019-10-17 06:47:33,721 [Thread-1184] INFO  impl.FollowerState (FollowerState.java:run(117)) - b9cfa588-8e56-4331-be2f-4c26f25c6739@group-946D1BF9C233-FollowerState was interrupted: java.lang.InterruptedException: sleep interrupted
2019-10-17 06:47:33,739 [7c431f9d-51bc-458b-a3a6-511ec217d887@group-946D1BF9C233-LeaderElection61] INFO  impl.LeaderElection (LeaderElection.java:logAndReturn(56)) - 7c431f9d-51bc-458b-a3a6-511ec217d887@group-946D1BF9C233-LeaderElection61: Election REJECTED; received 2 response(s) [7c431f9d-51bc-458b-a3a6-511ec217d887<-67f35358-9777-4ff9-96f4-8a61bc3a94fe#0:FAIL-t4, 7c431f9d-51bc-458b-a3a6-511ec217d887<-b9cfa588-8e56-4331-be2f-4c26f25c6739#0:FAIL-t4] and 0 exception(s); 7c431f9d-51bc-458b-a3a6-511ec217d887@group-946D1BF9C233:t4, leader=null, voted=7c431f9d-51bc-458b-a3a6-511ec217d887, raftlog=7c431f9d-51bc-458b-a3a6-511ec217d887@group-946D1BF9C233-SegmentedRaftLog:OPENED:c-1,f-1,i0, conf=-1: [67f35358-9777-4ff9-96f4-8a61bc3a94fe:192.168.34.62:37037, 7c431f9d-51bc-458b-a3a6-511ec217d887:192.168.34.62:40420, b9cfa588-8e56-4331-be2f-4c26f25c6739:192.168.34.62:34777], old=null
2019-10-17 06:47:33,739 [7c431f9d-51bc-458b-a3a6-511ec217d887@group-946D1BF9C233-LeaderElection61] INFO  impl.RaftServerImpl (RaftServerImpl.java:setRole(184)) - 7c431f9d-51bc-458b-a3a6-511ec217d887@group-946D1BF9C233: changes role from CANDIDATE to FOLLOWER at term 4 for DISCOVERED_A_NEW_TERM
2019-10-17 06:47:33,739 [7c431f9d-51bc-458b-a3a6-511ec217d887@group-946D1BF9C233-LeaderElection61] INFO  impl.RoleInfo (RoleInfo.java:shutdownLeaderElection(134)) - 7c431f9d-51bc-458b-a3a6-511ec217d887: shutdown LeaderElection
2019-10-17 06:47:33,739 [7c431f9d-51bc-458b-a3a6-511ec217d887@group-946D1BF9C233-LeaderElection61] INFO  impl.RoleInfo (RoleInfo.java:updateAndGet(143)) - 7c431f9d-51bc-458b-a3a6-511ec217d887: start FollowerState
2019-10-17 06:47:33,934 [Thread-1191] INFO  impl.FollowerState (FollowerState.java:run(108)) - 7c431f9d-51bc-458b-a3a6-511ec217d887@group-946D1BF9C233-FollowerState: change to CANDIDATE, lastRpcTime:194ms, electionTimeout:194ms
2019-10-17 06:47:33,934 [Thread-1191] INFO  impl.RoleInfo (RoleInfo.java:shutdownFollowerState(121)) - 7c431f9d-51bc-458b-a3a6-511ec217d887: shutdown FollowerState
2019-10-17 06:47:33,934 [Thread-1191] INFO  impl.RaftServerImpl (RaftServerImpl.java:setRole(184)) - 7c431f9d-51bc-458b-a3a6-511ec217d887@group-946D1BF9C233: changes role from  FOLLOWER to CANDIDATE at term 4 for changeToCandidate
2019-10-17 06:47:33,935 [Thread-1191] INFO  impl.RoleInfo (RoleInfo.java:updateAndGet(143)) - 7c431f9d-51bc-458b-a3a6-511ec217d887: start LeaderElection
2019-10-17 06:47:33,939 [7c431f9d-51bc-458b-a3a6-511ec217d887@group-946D1BF9C233-LeaderElection62] INFO  impl.LeaderElection (LeaderElection.java:askForVotes(178)) - 7c431f9d-51bc-458b-a3a6-511ec217d887@group-946D1BF9C233-LeaderElection62: begin an election at term 5 for -1: [67f35358-9777-4ff9-96f4-8a61bc3a94fe:192.168.34.62:37037, 7c431f9d-51bc-458b-a3a6-511ec217d887:192.168.34.62:40420, b9cfa588-8e56-4331-be2f-4c26f25c6739:192.168.34.62:34777], old=null
2019-10-17 06:47:33,942 [grpc-default-executor-3] INFO  impl.RaftServerImpl (RaftServerImpl.java:setRole(184)) - b9cfa588-8e56-4331-be2f-4c26f25c6739@group-946D1BF9C233: changes role from  FOLLOWER to FOLLOWER at term 5 for recognizeCandidate:7c431f9d-51bc-458b-a3a6-511ec217d887
2019-10-17 06:47:33,942 [grpc-default-executor-2] INFO  impl.RaftServerImpl (RaftServerImpl.java:setRole(184)) - 67f35358-9777-4ff9-96f4-8a61bc3a94fe@group-946D1BF9C233: changes role from  FOLLOWER to FOLLOWER at term 5 for recognizeCandidate:7c431f9d-51bc-458b-a3a6-511ec217d887
2019-10-17 06:47:33,942 [grpc-default-executor-3] INFO  impl.RoleInfo (RoleInfo.java:shutdownFollowerState(121)) - b9cfa588-8e56-4331-be2f-4c26f25c6739: shutdown FollowerState
2019-10-17 06:47:33,942 [grpc-default-executor-2] INFO  impl.RoleInfo (RoleInfo.java:shutdownFollowerState(121)) - 67f35358-9777-4ff9-96f4-8a61bc3a94fe: shutdown FollowerState
2019-10-17 06:47:33,942 [Thread-1190] INFO  impl.FollowerState (FollowerState.java:run(117)) - b9cfa588-8e56-4331-be2f-4c26f25c6739@group-946D1BF9C233-FollowerState was interrupted: java.lang.InterruptedException: sleep interrupted
2019-10-17 06:47:33,942 [grpc-default-executor-3] INFO  impl.RoleInfo (RoleInfo.java:updateAndGet(143)) - b9cfa588-8e56-4331-be2f-4c26f25c6739: start FollowerState
2019-10-17 06:47:33,942 [Thread-1189] INFO  impl.FollowerState (FollowerState.java:run(117)) - 67f35358-9777-4ff9-96f4-8a61bc3a94fe@group-946D1BF9C233-FollowerState was interrupted: java.lang.InterruptedException: sleep interrupted
2019-10-17 06:47:33,942 [grpc-default-executor-2] INFO  impl.RoleInfo (RoleInfo.java:updateAndGet(143)) - 67f35358-9777-4ff9-96f4-8a61bc3a94fe: start FollowerState
2019-10-17 06:47:33,956 [7c431f9d-51bc-458b-a3a6-511ec217d887@group-946D1BF9C233-LeaderElection62] INFO  impl.LeaderElection (LeaderElection.java:logAndReturn(56)) - 7c431f9d-51bc-458b-a3a6-511ec217d887@group-946D1BF9C233-LeaderElection62: Election REJECTED; received 2 response(s) [7c431f9d-51bc-458b-a3a6-511ec217d887<-67f35358-9777-4ff9-96f4-8a61bc3a94fe#0:FAIL-t5, 7c431f9d-51bc-458b-a3a6-511ec217d887<-b9cfa588-8e56-4331-be2f-4c26f25c6739#0:FAIL-t5] and 0 exception(s); 7c431f9d-51bc-458b-a3a6-511ec217d887@group-946D1BF9C233:t5, leader=null, voted=7c431f9d-51bc-458b-a3a6-511ec217d887, raftlog=7c431f9d-51bc-458b-a3a6-511ec217d887@group-946D1BF9C233-SegmentedRaftLog:OPENED:c-1,f-1,i0, conf=-1: [67f35358-9777-4ff9-96f4-8a61bc3a94fe:192.168.34.62:37037, 7c431f9d-51bc-458b-a3a6-511ec217d887:192.168.34.62:40420, b9cfa588-8e56-4331-be2f-4c26f25c6739:192.168.34.62:34777], old=null
2019-10-17 06:47:33,957 [7c431f9d-51bc-458b-a3a6-511ec217d887@group-946D1BF9C233-LeaderElection62] INFO  impl.RaftServerImpl (RaftServerImpl.java:setRole(184)) - 7c431f9d-51bc-458b-a3a6-511ec217d887@group-946D1BF9C233: changes role from CANDIDATE to FOLLOWER at term 5 for DISCOVERED_A_NEW_TERM
2019-10-17 06:47:33,957 [7c431f9d-51bc-458b-a3a6-511ec217d887@group-946D1BF9C233-LeaderElection62] INFO  impl.RoleInfo (RoleInfo.java:shutdownLeaderElection(134)) - 7c431f9d-51bc-458b-a3a6-511ec217d887: shutdown LeaderElection
2019-10-17 06:47:33,957 [7c431f9d-51bc-458b-a3a6-511ec217d887@group-946D1BF9C233-LeaderElection62] INFO  impl.RoleInfo (RoleInfo.java:updateAndGet(143)) - 7c431f9d-51bc-458b-a3a6-511ec217d887: start FollowerState
2019-10-17 06:47:33,985 [Thread-1197] INFO  impl.FollowerState (FollowerState.java:run(108)) - 7c431f9d-51bc-458b-a3a6-511ec217d887@group-946D1BF9C233-FollowerState: change to CANDIDATE, lastRpcTime:28ms, electionTimeout:28ms
2019-10-17 06:47:33,986 [Thread-1197] INFO  impl.RoleInfo (RoleInfo.java:shutdownFollowerState(121)) - 7c431f9d-51bc-458b-a3a6-511ec217d887: shutdown FollowerState
2019-10-17 06:47:33,986 [Thread-1197] INFO  impl.RaftServerImpl (RaftServerImpl.java:setRole(184)) - 7c431f9d-51bc-458b-a3a6-511ec217d887@group-946D1BF9C233: changes role from  FOLLOWER to CANDIDATE at term 5 for changeToCandidate
2019-10-17 06:47:33,986 [Thread-1197] INFO  impl.RoleInfo (RoleInfo.java:updateAndGet(143)) - 7c431f9d-51bc-458b-a3a6-511ec217d887: start LeaderElection
2019-10-17 06:47:33,998 [7c431f9d-51bc-458b-a3a6-511ec217d887@group-946D1BF9C233-LeaderElection63] INFO  impl.LeaderElection (LeaderElection.java:askForVotes(178)) - 7c431f9d-51bc-458b-a3a6-511ec217d887@group-946D1BF9C233-LeaderElection63: begin an election at term 6 for -1: [67f35358-9777-4ff9-96f4-8a61bc3a94fe:192.168.34.62:37037, 7c431f9d-51bc-458b-a3a6-511ec217d887:192.168.34.62:40420, b9cfa588-8e56-4331-be2f-4c26f25c6739:192.168.34.62:34777], old=null
2019-10-17 06:47:34,001 [grpc-default-executor-3] INFO  impl.RaftServerImpl (RaftServerImpl.java:setRole(184)) - b9cfa588-8e56-4331-be2f-4c26f25c6739@group-946D1BF9C233: changes role from  FOLLOWER to FOLLOWER at term 6 for recognizeCandidate:7c431f9d-51bc-458b-a3a6-511ec217d887
2019-10-17 06:47:34,001 [grpc-default-executor-2] INFO  impl.RaftServerImpl (RaftServerImpl.java:setRole(184)) - 67f35358-9777-4ff9-96f4-8a61bc3a94fe@group-946D1BF9C233: changes role from  FOLLOWER to FOLLOWER at term 6 for recognizeCandidate:7c431f9d-51bc-458b-a3a6-511ec217d887
2019-10-17 06:47:34,001 [grpc-default-executor-3] INFO  impl.RoleInfo (RoleInfo.java:shutdownFollowerState(121)) - b9cfa588-8e56-4331-be2f-4c26f25c6739: shutdown FollowerState
2019-10-17 06:47:34,001 [grpc-default-executor-2] INFO  impl.RoleInfo (RoleInfo.java:shutdownFollowerState(121)) - 67f35358-9777-4ff9-96f4-8a61bc3a94fe: shutdown FollowerState
2019-10-17 06:47:34,001 [Thread-1195] INFO  impl.FollowerState (FollowerState.java:run(117)) - b9cfa588-8e56-4331-be2f-4c26f25c6739@group-946D1BF9C233-FollowerState was interrupted: java.lang.InterruptedException: sleep interrupted
2019-10-17 06:47:34,001 [grpc-default-executor-3] INFO  impl.RoleInfo (RoleInfo.java:updateAndGet(143)) - b9cfa588-8e56-4331-be2f-4c26f25c6739: start FollowerState
2019-10-17 06:47:34,001 [Thread-1196] INFO  impl.FollowerState (FollowerState.java:run(117)) - 67f35358-9777-4ff9-96f4-8a61bc3a94fe@group-946D1BF9C233-FollowerState was interrupted: java.lang.InterruptedException: sleep interrupted
2019-10-17 06:47:34,001 [grpc-default-executor-2] INFO  impl.RoleInfo (RoleInfo.java:updateAndGet(143)) - 67f35358-9777-4ff9-96f4-8a61bc3a94fe: start FollowerState
2019-10-17 06:47:34,025 [7c431f9d-51bc-458b-a3a6-511ec217d887@group-946D1BF9C233-LeaderElection63] INFO  impl.LeaderElection (LeaderElection.java:logAndReturn(56)) - 7c431f9d-51bc-458b-a3a6-511ec217d887@group-946D1BF9C233-LeaderElection63: Election REJECTED; received 2 response(s) [7c431f9d-51bc-458b-a3a6-511ec217d887<-67f35358-9777-4ff9-96f4-8a61bc3a94fe#0:FAIL-t6, 7c431f9d-51bc-458b-a3a6-511ec217d887<-b9cfa588-8e56-4331-be2f-4c26f25c6739#0:FAIL-t6] and 0 exception(s); 7c431f9d-51bc-458b-a3a6-511ec217d887@group-946D1BF9C233:t6, leader=null, voted=7c431f9d-51bc-458b-a3a6-511ec217d887, raftlog=7c431f9d-51bc-458b-a3a6-511ec217d887@group-946D1BF9C233-SegmentedRaftLog:OPENED:c-1,f-1,i0, conf=-1: [67f35358-9777-4ff9-96f4-8a61bc3a94fe:192.168.34.62:37037, 7c431f9d-51bc-458b-a3a6-511ec217d887:192.168.34.62:40420, b9cfa588-8e56-4331-be2f-4c26f25c6739:192.168.34.62:34777], old=null
2019-10-17 06:47:34,025 [7c431f9d-51bc-458b-a3a6-511ec217d887@group-946D1BF9C233-LeaderElection63] INFO  impl.RaftServerImpl (RaftServerImpl.java:setRole(184)) - 7c431f9d-51bc-458b-a3a6-511ec217d887@group-946D1BF9C233: changes role from CANDIDATE to FOLLOWER at term 6 for DISCOVERED_A_NEW_TERM
2019-10-17 06:47:34,025 [7c431f9d-51bc-458b-a3a6-511ec217d887@group-946D1BF9C233-LeaderElection63] INFO  impl.RoleInfo (RoleInfo.java:shutdownLeaderElection(134)) - 7c431f9d-51bc-458b-a3a6-511ec217d887: shutdown LeaderElection
2019-10-17 06:47:34,026 [7c431f9d-51bc-458b-a3a6-511ec217d887@group-946D1BF9C233-LeaderElection63] INFO  impl.RoleInfo (RoleInfo.java:updateAndGet(143)) - 7c431f9d-51bc-458b-a3a6-511ec217d887: start FollowerState
2019-10-17 06:47:34,029 [Thread-1203] INFO  impl.FollowerState (FollowerState.java:run(108)) - 7c431f9d-51bc-458b-a3a6-511ec217d887@group-946D1BF9C233-FollowerState: change to CANDIDATE, lastRpcTime:3ms, electionTimeout:3ms
2019-10-17 06:47:34,029 [Thread-1203] INFO  impl.RoleInfo (RoleInfo.java:shutdownFollowerState(121)) - 7c431f9d-51bc-458b-a3a6-511ec217d887: shutdown FollowerState
2019-10-17 06:47:34,029 [Thread-1203] INFO  impl.RaftServerImpl (RaftServerImpl.java:setRole(184)) - 7c431f9d-51bc-458b-a3a6-511ec217d887@group-946D1BF9C233: changes role from  FOLLOWER to CANDIDATE at term 6 for changeToCandidate
2019-10-17 06:47:34,029 [Thread-1203] INFO  impl.RoleInfo (RoleInfo.java:updateAndGet(143)) - 7c431f9d-51bc-458b-a3a6-511ec217d887: start LeaderElection
2019-10-17 06:47:34,042 [7c431f9d-51bc-458b-a3a6-511ec217d887@group-946D1BF9C233-LeaderElection64] INFO  impl.LeaderElection (LeaderElection.java:askForVotes(178)) - 7c431f9d-51bc-458b-a3a6-511ec217d887@group-946D1BF9C233-LeaderElection64: begin an election at term 7 for -1: [67f35358-9777-4ff9-96f4-8a61bc3a94fe:192.168.34.62:37037, 7c431f9d-51bc-458b-a3a6-511ec217d887:192.168.34.62:40420, b9cfa588-8e56-4331-be2f-4c26f25c6739:192.168.34.62:34777], old=null
2019-10-17 06:47:34,045 [grpc-default-executor-2] INFO  impl.RaftServerImpl (RaftServerImpl.java:setRole(184)) - 67f35358-9777-4ff9-96f4-8a61bc3a94fe@group-946D1BF9C233: changes role from  FOLLOWER to FOLLOWER at term 7 for recognizeCandidate:7c431f9d-51bc-458b-a3a6-511ec217d887
2019-10-17 06:47:34,045 [grpc-default-executor-3] INFO  impl.RaftServerImpl (RaftServerImpl.java:setRole(184)) - b9cfa588-8e56-4331-be2f-4c26f25c6739@group-946D1BF9C233: changes role from  FOLLOWER to FOLLOWER at term 7 for recognizeCandidate:7c431f9d-51bc-458b-a3a6-511ec217d887
2019-10-17 06:47:34,045 [grpc-default-executor-2] INFO  impl.RoleInfo (RoleInfo.java:shutdownFollowerState(121)) - 67f35358-9777-4ff9-96f4-8a61bc3a94fe: shutdown FollowerState
2019-10-17 06:47:34,045 [grpc-default-executor-3] INFO  impl.RoleInfo (RoleInfo.java:shutdownFollowerState(121)) - b9cfa588-8e56-4331-be2f-4c26f25c6739: shutdown FollowerState
2019-10-17 06:47:34,045 [Thread-1202] INFO  impl.FollowerState (FollowerState.java:run(117)) - 67f35358-9777-4ff9-96f4-8a61bc3a94fe@group-946D1BF9C233-FollowerState was interrupted: java.lang.InterruptedException: sleep interrupted
2019-10-17 06:47:34,045 [grpc-default-executor-2] INFO  impl.RoleInfo (RoleInfo.java:updateAndGet(143)) - 67f35358-9777-4ff9-96f4-8a61bc3a94fe: start FollowerState
2019-10-17 06:47:34,045 [grpc-default-executor-3] INFO  impl.RoleInfo (RoleInfo.java:updateAndGet(143)) - b9cfa588-8e56-4331-be2f-4c26f25c6739: start FollowerState
2019-10-17 06:47:34,045 [Thread-1201] INFO  impl.FollowerState (FollowerState.java:run(117)) - b9cfa588-8e56-4331-be2f-4c26f25c6739@group-946D1BF9C233-FollowerState was interrupted: java.lang.InterruptedException: sleep interrupted
2019-10-17 06:47:34,068 [7c431f9d-51bc-458b-a3a6-511ec217d887@group-946D1BF9C233-LeaderElection64] INFO  impl.LeaderElection (LeaderElection.java:logAndReturn(56)) - 7c431f9d-51bc-458b-a3a6-511ec217d887@group-946D1BF9C233-LeaderElection64: Election TIMEOUT; received 0 response(s) [] and 0 exception(s); 7c431f9d-51bc-458b-a3a6-511ec217d887@group-946D1BF9C233:t7, leader=null, voted=7c431f9d-51bc-458b-a3a6-511ec217d887, raftlog=7c431f9d-51bc-458b-a3a6-511ec217d887@group-946D1BF9C233-SegmentedRaftLog:OPENED:c-1,f-1,i0, conf=-1: [67f35358-9777-4ff9-96f4-8a61bc3a94fe:192.168.34.62:37037, 7c431f9d-51bc-458b-a3a6-511ec217d887:192.168.34.62:40420, b9cfa588-8e56-4331-be2f-4c26f25c6739:192.168.34.62:34777], old=null
2019-10-17 06:47:34,082 [7c431f9d-51bc-458b-a3a6-511ec217d887@group-946D1BF9C233-LeaderElection64] INFO  impl.LeaderElection (LeaderElection.java:askForVotes(178)) - 7c431f9d-51bc-458b-a3a6-511ec217d887@group-946D1BF9C233-LeaderElection64: begin an election at term 8 for -1: [67f35358-9777-4ff9-96f4-8a61bc3a94fe:192.168.34.62:37037, 7c431f9d-51bc-458b-a3a6-511ec217d887:192.168.34.62:40420, b9cfa588-8e56-4331-be2f-4c26f25c6739:192.168.34.62:34777], old=null
2019-10-17 06:47:34,084 [grpc-default-executor-2] INFO  impl.RaftServerImpl (RaftServerImpl.java:setRole(184)) - 67f35358-9777-4ff9-96f4-8a61bc3a94fe@group-946D1BF9C233: changes role from  FOLLOWER to FOLLOWER at term 8 for recognizeCandidate:7c431f9d-51bc-458b-a3a6-511ec217d887
2019-10-17 06:47:34,084 [grpc-default-executor-3] INFO  impl.RaftServerImpl (RaftServerImpl.java:setRole(184)) - b9cfa588-8e56-4331-be2f-4c26f25c6739@group-946D1BF9C233: changes role from  FOLLOWER to FOLLOWER at term 8 for recognizeCandidate:7c431f9d-51bc-458b-a3a6-511ec217d887
2019-10-17 06:47:34,084 [grpc-default-executor-2] INFO  impl.RoleInfo (RoleInfo.java:shutdownFollowerState(121)) - 67f35358-9777-4ff9-96f4-8a61bc3a94fe: shutdown FollowerState
2019-10-17 06:47:34,084 [grpc-default-executor-3] INFO  impl.RoleInfo (RoleInfo.java:shutdownFollowerState(121)) - b9cfa588-8e56-4331-be2f-4c26f25c6739: shutdown FollowerState
2019-10-17 06:47:34,085 [Thread-1207] INFO  impl.FollowerState (FollowerState.java:run(117)) - 67f35358-9777-4ff9-96f4-8a61bc3a94fe@group-946D1BF9C233-FollowerState was interrupted: java.lang.InterruptedException: sleep interrupted
2019-10-17 06:47:34,084 [grpc-default-executor-2] INFO  impl.RoleInfo (RoleInfo.java:updateAndGet(143)) - 67f35358-9777-4ff9-96f4-8a61bc3a94fe: start FollowerState
2019-10-17 06:47:34,085 [Thread-1208] INFO  impl.FollowerState (FollowerState.java:run(117)) - b9cfa588-8e56-4331-be2f-4c26f25c6739@group-946D1BF9C233-FollowerState was interrupted: java.lang.InterruptedException: sleep interrupted
2019-10-17 06:47:34,085 [grpc-default-executor-3] INFO  impl.RoleInfo (RoleInfo.java:updateAndGet(143)) - b9cfa588-8e56-4331-be2f-4c26f25c6739: start FollowerState
2019-10-17 06:47:34,085 [main] INFO  ozone.MiniOzoneClusterImpl (MiniOzoneClusterImpl.java:lambda$waitForClusterToBeReady$2(164)) - Waiting for 1 number of pipelines out of 4, to report a leader.
2019-10-17 06:47:34,100 [7c431f9d-51bc-458b-a3a6-511ec217d887@group-946D1BF9C233-LeaderElection64] INFO  impl.LeaderElection (LeaderElection.java:logAndReturn(56)) - 7c431f9d-51bc-458b-a3a6-511ec217d887@group-946D1BF9C233-LeaderElection64: Election REJECTED; received 2 response(s) [7c431f9d-51bc-458b-a3a6-511ec217d887<-67f35358-9777-4ff9-96f4-8a61bc3a94fe#0:FAIL-t8, 7c431f9d-51bc-458b-a3a6-511ec217d887<-b9cfa588-8e56-4331-be2f-4c26f25c6739#0:FAIL-t8] and 0 exception(s); 7c431f9d-51bc-458b-a3a6-511ec217d887@group-946D1BF9C233:t8, leader=null, voted=7c431f9d-51bc-458b-a3a6-511ec217d887, raftlog=7c431f9d-51bc-458b-a3a6-511ec217d887@group-946D1BF9C233-SegmentedRaftLog:OPENED:c-1,f-1,i0, conf=-1: [67f35358-9777-4ff9-96f4-8a61bc3a94fe:192.168.34.62:37037, 7c431f9d-51bc-458b-a3a6-511ec217d887:192.168.34.62:40420, b9cfa588-8e56-4331-be2f-4c26f25c6739:192.168.34.62:34777], old=null
2019-10-17 06:47:34,100 [7c431f9d-51bc-458b-a3a6-511ec217d887@group-946D1BF9C233-LeaderElection64] INFO  impl.RaftServerImpl (RaftServerImpl.java:setRole(184)) - 7c431f9d-51bc-458b-a3a6-511ec217d887@group-946D1BF9C233: changes role from CANDIDATE to FOLLOWER at term 8 for DISCOVERED_A_NEW_TERM
2019-10-17 06:47:34,100 [7c431f9d-51bc-458b-a3a6-511ec217d887@group-946D1BF9C233-LeaderElection64] INFO  impl.RoleInfo (RoleInfo.java:shutdownLeaderElection(134)) - 7c431f9d-51bc-458b-a3a6-511ec217d887: shutdown LeaderElection
2019-10-17 06:47:34,100 [7c431f9d-51bc-458b-a3a6-511ec217d887@group-946D1BF9C233-LeaderElection64] INFO  impl.RoleInfo (RoleInfo.java:updateAndGet(143)) - 7c431f9d-51bc-458b-a3a6-511ec217d887: start FollowerState
2019-10-17 06:47:34,201 [Thread-1213] INFO  impl.FollowerState (FollowerState.java:run(108)) - 7c431f9d-51bc-458b-a3a6-511ec217d887@group-946D1BF9C233-FollowerState: change to CANDIDATE, lastRpcTime:101ms, electionTimeout:101ms
2019-10-17 06:47:34,202 [Thread-1213] INFO  impl.RoleInfo (RoleInfo.java:shutdownFollowerState(121)) - 7c431f9d-51bc-458b-a3a6-511ec217d887: shutdown FollowerState
2019-10-17 06:47:34,202 [Thread-1213] INFO  impl.RaftServerImpl (RaftServerImpl.java:setRole(184)) - 7c431f9d-51bc-458b-a3a6-511ec217d887@group-946D1BF9C233: changes role from  FOLLOWER to CANDIDATE at term 8 for changeToCandidate
2019-10-17 06:47:34,202 [Thread-1213] INFO  impl.RoleInfo (RoleInfo.java:updateAndGet(143)) - 7c431f9d-51bc-458b-a3a6-511ec217d887: start LeaderElection
2019-10-17 06:47:34,216 [7c431f9d-51bc-458b-a3a6-511ec217d887@group-946D1BF9C233-LeaderElection65] INFO  impl.LeaderElection (LeaderElection.java:askForVotes(178)) - 7c431f9d-51bc-458b-a3a6-511ec217d887@group-946D1BF9C233-LeaderElection65: begin an election at term 9 for -1: [67f35358-9777-4ff9-96f4-8a61bc3a94fe:192.168.34.62:37037, 7c431f9d-51bc-458b-a3a6-511ec217d887:192.168.34.62:40420, b9cfa588-8e56-4331-be2f-4c26f25c6739:192.168.34.62:34777], old=null
2019-10-17 06:47:34,218 [grpc-default-executor-2] INFO  impl.RaftServerImpl (RaftServerImpl.java:setRole(184)) - 67f35358-9777-4ff9-96f4-8a61bc3a94fe@group-946D1BF9C233: changes role from  FOLLOWER to FOLLOWER at term 9 for recognizeCandidate:7c431f9d-51bc-458b-a3a6-511ec217d887
2019-10-17 06:47:34,218 [grpc-default-executor-3] INFO  impl.RaftServerImpl (RaftServerImpl.java:setRole(184)) - b9cfa588-8e56-4331-be2f-4c26f25c6739@group-946D1BF9C233: changes role from  FOLLOWER to FOLLOWER at term 9 for recognizeCandidate:7c431f9d-51bc-458b-a3a6-511ec217d887
2019-10-17 06:47:34,219 [grpc-default-executor-2] INFO  impl.RoleInfo (RoleInfo.java:shutdownFollowerState(121)) - 67f35358-9777-4ff9-96f4-8a61bc3a94fe: shutdown FollowerState
2019-10-17 06:47:34,219 [grpc-default-executor-3] INFO  impl.RoleInfo (RoleInfo.java:shutdownFollowerState(121)) - b9cfa588-8e56-4331-be2f-4c26f25c6739: shutdown FollowerState
2019-10-17 06:47:34,219 [Thread-1211] INFO  impl.FollowerState (FollowerState.java:run(117)) - 67f35358-9777-4ff9-96f4-8a61bc3a94fe@group-946D1BF9C233-FollowerState was interrupted: java.lang.InterruptedException: sleep interrupted
2019-10-17 06:47:34,219 [grpc-default-executor-2] INFO  impl.RoleInfo (RoleInfo.java:updateAndGet(143)) - 67f35358-9777-4ff9-96f4-8a61bc3a94fe: start FollowerState
2019-10-17 06:47:34,219 [Thread-1212] INFO  impl.FollowerState (FollowerState.java:run(117)) - b9cfa588-8e56-4331-be2f-4c26f25c6739@group-946D1BF9C233-FollowerState was interrupted: java.lang.InterruptedException: sleep interrupted
2019-10-17 06:47:34,219 [grpc-default-executor-3] INFO  impl.RoleInfo (RoleInfo.java:updateAndGet(143)) - b9cfa588-8e56-4331-be2f-4c26f25c6739: start FollowerState
2019-10-17 06:47:34,234 [7c431f9d-51bc-458b-a3a6-511ec217d887@group-946D1BF9C233-LeaderElection65] INFO  impl.LeaderElection (LeaderElection.java:logAndReturn(56)) - 7c431f9d-51bc-458b-a3a6-511ec217d887@group-946D1BF9C233-LeaderElection65: Election REJECTED; received 2 response(s) [7c431f9d-51bc-458b-a3a6-511ec217d887<-67f35358-9777-4ff9-96f4-8a61bc3a94fe#0:FAIL-t9, 7c431f9d-51bc-458b-a3a6-511ec217d887<-b9cfa588-8e56-4331-be2f-4c26f25c6739#0:FAIL-t9] and 0 exception(s); 7c431f9d-51bc-458b-a3a6-511ec217d887@group-946D1BF9C233:t9, leader=null, voted=7c431f9d-51bc-458b-a3a6-511ec217d887, raftlog=7c431f9d-51bc-458b-a3a6-511ec217d887@group-946D1BF9C233-SegmentedRaftLog:OPENED:c-1,f-1,i0, conf=-1: [67f35358-9777-4ff9-96f4-8a61bc3a94fe:192.168.34.62:37037, 7c431f9d-51bc-458b-a3a6-511ec217d887:192.168.34.62:40420, b9cfa588-8e56-4331-be2f-4c26f25c6739:192.168.34.62:34777], old=null
2019-10-17 06:47:34,234 [7c431f9d-51bc-458b-a3a6-511ec217d887@group-946D1BF9C233-LeaderElection65] INFO  impl.RaftServerImpl (RaftServerImpl.java:setRole(184)) - 7c431f9d-51bc-458b-a3a6-511ec217d887@group-946D1BF9C233: changes role from CANDIDATE to FOLLOWER at term 9 for DISCOVERED_A_NEW_TERM
2019-10-17 06:47:34,234 [7c431f9d-51bc-458b-a3a6-511ec217d887@group-946D1BF9C233-LeaderElection65] INFO  impl.RoleInfo (RoleInfo.java:shutdownLeaderElection(134)) - 7c431f9d-51bc-458b-a3a6-511ec217d887: shutdown LeaderElection
2019-10-17 06:47:34,234 [7c431f9d-51bc-458b-a3a6-511ec217d887@group-946D1BF9C233-LeaderElection65] INFO  impl.RoleInfo (RoleInfo.java:updateAndGet(143)) - 7c431f9d-51bc-458b-a3a6-511ec217d887: start FollowerState
2019-10-17 06:47:34,278 [Thread-1219] INFO  impl.FollowerState (FollowerState.java:run(108)) - 7c431f9d-51bc-458b-a3a6-511ec217d887@group-946D1BF9C233-FollowerState: change to CANDIDATE, lastRpcTime:44ms, electionTimeout:44ms
2019-10-17 06:47:34,278 [Thread-1219] INFO  impl.RoleInfo (RoleInfo.java:shutdownFollowerState(121)) - 7c431f9d-51bc-458b-a3a6-511ec217d887: shutdown FollowerState
2019-10-17 06:47:34,278 [Thread-1219] INFO  impl.RaftServerImpl (RaftServerImpl.java:setRole(184)) - 7c431f9d-51bc-458b-a3a6-511ec217d887@group-946D1BF9C233: changes role from  FOLLOWER to CANDIDATE at term 9 for changeToCandidate
2019-10-17 06:47:34,279 [Thread-1219] INFO  impl.RoleInfo (RoleInfo.java:updateAndGet(143)) - 7c431f9d-51bc-458b-a3a6-511ec217d887: start LeaderElection
2019-10-17 06:47:34,291 [7c431f9d-51bc-458b-a3a6-511ec217d887@group-946D1BF9C233-LeaderElection66] INFO  impl.LeaderElection (LeaderElection.java:askForVotes(178)) - 7c431f9d-51bc-458b-a3a6-511ec217d887@group-946D1BF9C233-LeaderElection66: begin an election at term 10 for -1: [67f35358-9777-4ff9-96f4-8a61bc3a94fe:192.168.34.62:37037, 7c431f9d-51bc-458b-a3a6-511ec217d887:192.168.34.62:40420, b9cfa588-8e56-4331-be2f-4c26f25c6739:192.168.34.62:34777], old=null
2019-10-17 06:47:34,294 [grpc-default-executor-2] INFO  impl.RaftServerImpl (RaftServerImpl.java:setRole(184)) - b9cfa588-8e56-4331-be2f-4c26f25c6739@group-946D1BF9C233: changes role from  FOLLOWER to FOLLOWER at term 10 for recognizeCandidate:7c431f9d-51bc-458b-a3a6-511ec217d887
2019-10-17 06:47:34,294 [grpc-default-executor-3] INFO  impl.RaftServerImpl (RaftServerImpl.java:setRole(184)) - 67f35358-9777-4ff9-96f4-8a61bc3a94fe@group-946D1BF9C233: changes role from  FOLLOWER to FOLLOWER at term 10 for recognizeCandidate:7c431f9d-51bc-458b-a3a6-511ec217d887
2019-10-17 06:47:34,294 [grpc-default-executor-2] INFO  impl.RoleInfo (RoleInfo.java:shutdownFollowerState(121)) - b9cfa588-8e56-4331-be2f-4c26f25c6739: shutdown FollowerState
2019-10-17 06:47:34,295 [grpc-default-executor-3] INFO  impl.RoleInfo (RoleInfo.java:shutdownFollowerState(121)) - 67f35358-9777-4ff9-96f4-8a61bc3a94fe: shutdown FollowerState
2019-10-17 06:47:34,295 [Thread-1218] INFO  impl.FollowerState (FollowerState.java:run(117)) - b9cfa588-8e56-4331-be2f-4c26f25c6739@group-946D1BF9C233-FollowerState was interrupted: java.lang.InterruptedException: sleep interrupted
2019-10-17 06:47:34,295 [Thread-1217] INFO  impl.FollowerState (FollowerState.java:run(117)) - 67f35358-9777-4ff9-96f4-8a61bc3a94fe@group-946D1BF9C233-FollowerState was interrupted: java.lang.InterruptedException: sleep interrupted
2019-10-17 06:47:34,295 [grpc-default-executor-2] INFO  impl.RoleInfo (RoleInfo.java:updateAndGet(143)) - b9cfa588-8e56-4331-be2f-4c26f25c6739: start FollowerState
2019-10-17 06:47:34,295 [grpc-default-executor-3] INFO  impl.RoleInfo (RoleInfo.java:updateAndGet(143)) - 67f35358-9777-4ff9-96f4-8a61bc3a94fe: start FollowerState
2019-10-17 06:47:34,310 [7c431f9d-51bc-458b-a3a6-511ec217d887@group-946D1BF9C233-LeaderElection66] INFO  impl.LeaderElection (LeaderElection.java:logAndReturn(56)) - 7c431f9d-51bc-458b-a3a6-511ec217d887@group-946D1BF9C233-LeaderElection66: Election REJECTED; received 2 response(s) [7c431f9d-51bc-458b-a3a6-511ec217d887<-67f35358-9777-4ff9-96f4-8a61bc3a94fe#0:FAIL-t10, 7c431f9d-51bc-458b-a3a6-511ec217d887<-b9cfa588-8e56-4331-be2f-4c26f25c6739#0:FAIL-t10] and 0 exception(s); 7c431f9d-51bc-458b-a3a6-511ec217d887@group-946D1BF9C233:t10, leader=null, voted=7c431f9d-51bc-458b-a3a6-511ec217d887, raftlog=7c431f9d-51bc-458b-a3a6-511ec217d887@group-946D1BF9C233-SegmentedRaftLog:OPENED:c-1,f-1,i0, conf=-1: [67f35358-9777-4ff9-96f4-8a61bc3a94fe:192.168.34.62:37037, 7c431f9d-51bc-458b-a3a6-511ec217d887:192.168.34.62:40420, b9cfa588-8e56-4331-be2f-4c26f25c6739:192.168.34.62:34777], old=null
2019-10-17 06:47:34,310 [7c431f9d-51bc-458b-a3a6-511ec217d887@group-946D1BF9C233-LeaderElection66] INFO  impl.RaftServerImpl (RaftServerImpl.java:setRole(184)) - 7c431f9d-51bc-458b-a3a6-511ec217d887@group-946D1BF9C233: changes role from CANDIDATE to FOLLOWER at term 10 for DISCOVERED_A_NEW_TERM
2019-10-17 06:47:34,310 [7c431f9d-51bc-458b-a3a6-511ec217d887@group-946D1BF9C233-LeaderElection66] INFO  impl.RoleInfo (RoleInfo.java:shutdownLeaderElection(134)) - 7c431f9d-51bc-458b-a3a6-511ec217d887: shutdown LeaderElection
2019-10-17 06:47:34,310 [7c431f9d-51bc-458b-a3a6-511ec217d887@group-946D1BF9C233-LeaderElection66] INFO  impl.RoleInfo (RoleInfo.java:updateAndGet(143)) - 7c431f9d-51bc-458b-a3a6-511ec217d887: start FollowerState
2019-10-17 06:47:34,386 [Thread-1225] INFO  impl.FollowerState (FollowerState.java:run(108)) - 7c431f9d-51bc-458b-a3a6-511ec217d887@group-946D1BF9C233-FollowerState: change to CANDIDATE, lastRpcTime:76ms, electionTimeout:76ms
2019-10-17 06:47:34,387 [Thread-1225] INFO  impl.RoleInfo (RoleInfo.java:shutdownFollowerState(121)) - 7c431f9d-51bc-458b-a3a6-511ec217d887: shutdown FollowerState
2019-10-17 06:47:34,387 [Thread-1225] INFO  impl.RaftServerImpl (RaftServerImpl.java:setRole(184)) - 7c431f9d-51bc-458b-a3a6-511ec217d887@group-946D1BF9C233: changes role from  FOLLOWER to CANDIDATE at term 10 for changeToCandidate
2019-10-17 06:47:34,387 [Thread-1225] INFO  impl.RoleInfo (RoleInfo.java:updateAndGet(143)) - 7c431f9d-51bc-458b-a3a6-511ec217d887: start LeaderElection
2019-10-17 06:47:34,400 [7c431f9d-51bc-458b-a3a6-511ec217d887@group-946D1BF9C233-LeaderElection67] INFO  impl.LeaderElection (LeaderElection.java:askForVotes(178)) - 7c431f9d-51bc-458b-a3a6-511ec217d887@group-946D1BF9C233-LeaderElection67: begin an election at term 11 for -1: [67f35358-9777-4ff9-96f4-8a61bc3a94fe:192.168.34.62:37037, 7c431f9d-51bc-458b-a3a6-511ec217d887:192.168.34.62:40420, b9cfa588-8e56-4331-be2f-4c26f25c6739:192.168.34.62:34777], old=null
2019-10-17 06:47:34,402 [grpc-default-executor-3] INFO  impl.RaftServerImpl (RaftServerImpl.java:setRole(184)) - 67f35358-9777-4ff9-96f4-8a61bc3a94fe@group-946D1BF9C233: changes role from  FOLLOWER to FOLLOWER at term 11 for recognizeCandidate:7c431f9d-51bc-458b-a3a6-511ec217d887
2019-10-17 06:47:34,402 [grpc-default-executor-2] INFO  impl.RaftServerImpl (RaftServerImpl.java:setRole(184)) - b9cfa588-8e56-4331-be2f-4c26f25c6739@group-946D1BF9C233: changes role from  FOLLOWER to FOLLOWER at term 11 for recognizeCandidate:7c431f9d-51bc-458b-a3a6-511ec217d887
2019-10-17 06:47:34,402 [grpc-default-executor-3] INFO  impl.RoleInfo (RoleInfo.java:shutdownFollowerState(121)) - 67f35358-9777-4ff9-96f4-8a61bc3a94fe: shutdown FollowerState
2019-10-17 06:47:34,403 [grpc-default-executor-2] INFO  impl.RoleInfo (RoleInfo.java:shutdownFollowerState(121)) - b9cfa588-8e56-4331-be2f-4c26f25c6739: shutdown FollowerState
2019-10-17 06:47:34,403 [Thread-1224] INFO  impl.FollowerState (FollowerState.java:run(117)) - 67f35358-9777-4ff9-96f4-8a61bc3a94fe@group-946D1BF9C233-FollowerState was interrupted: java.lang.InterruptedException: sleep interrupted
2019-10-17 06:47:34,403 [grpc-default-executor-3] INFO  impl.RoleInfo (RoleInfo.java:updateAndGet(143)) - 67f35358-9777-4ff9-96f4-8a61bc3a94fe: start FollowerState
2019-10-17 06:47:34,403 [Thread-1223] INFO  impl.FollowerState (FollowerState.java:run(117)) - b9cfa588-8e56-4331-be2f-4c26f25c6739@group-946D1BF9C233-FollowerState was interrupted: java.lang.InterruptedException: sleep interrupted
2019-10-17 06:47:34,403 [grpc-default-executor-2] INFO  impl.RoleInfo (RoleInfo.java:updateAndGet(143)) - b9cfa588-8e56-4331-be2f-4c26f25c6739: start FollowerState
2019-10-17 06:47:34,415 [7c431f9d-51bc-458b-a3a6-511ec217d887@group-946D1BF9C233-LeaderElection67] INFO  impl.LeaderElection (LeaderElection.java:logAndReturn(56)) - 7c431f9d-51bc-458b-a3a6-511ec217d887@group-946D1BF9C233-LeaderElection67: Election REJECTED; received 2 response(s) [7c431f9d-51bc-458b-a3a6-511ec217d887<-67f35358-9777-4ff9-96f4-8a61bc3a94fe#0:FAIL-t11, 7c431f9d-51bc-458b-a3a6-511ec217d887<-b9cfa588-8e56-4331-be2f-4c26f25c6739#0:FAIL-t11] and 0 exception(s); 7c431f9d-51bc-458b-a3a6-511ec217d887@group-946D1BF9C233:t11, leader=null, voted=7c431f9d-51bc-458b-a3a6-511ec217d887, raftlog=7c431f9d-51bc-458b-a3a6-511ec217d887@group-946D1BF9C233-SegmentedRaftLog:OPENED:c-1,f-1,i0, conf=-1: [67f35358-9777-4ff9-96f4-8a61bc3a94fe:192.168.34.62:37037, 7c431f9d-51bc-458b-a3a6-511ec217d887:192.168.34.62:40420, b9cfa588-8e56-4331-be2f-4c26f25c6739:192.168.34.62:34777], old=null
2019-10-17 06:47:34,415 [7c431f9d-51bc-458b-a3a6-511ec217d887@group-946D1BF9C233-LeaderElection67] INFO  impl.RaftServerImpl (RaftServerImpl.java:setRole(184)) - 7c431f9d-51bc-458b-a3a6-511ec217d887@group-946D1BF9C233: changes role from CANDIDATE to FOLLOWER at term 11 for DISCOVERED_A_NEW_TERM
2019-10-17 06:47:34,415 [7c431f9d-51bc-458b-a3a6-511ec217d887@group-946D1BF9C233-LeaderElection67] INFO  impl.RoleInfo (RoleInfo.java:shutdownLeaderElection(134)) - 7c431f9d-51bc-458b-a3a6-511ec217d887: shutdown LeaderElection
2019-10-17 06:47:34,416 [7c431f9d-51bc-458b-a3a6-511ec217d887@group-946D1BF9C233-LeaderElection67] INFO  impl.RoleInfo (RoleInfo.java:updateAndGet(143)) - 7c431f9d-51bc-458b-a3a6-511ec217d887: start FollowerState
2019-10-17 06:47:34,450 [Thread-1231] INFO  impl.FollowerState (FollowerState.java:run(108)) - 7c431f9d-51bc-458b-a3a6-511ec217d887@group-946D1BF9C233-FollowerState: change to CANDIDATE, lastRpcTime:34ms, electionTimeout:34ms
2019-10-17 06:47:34,450 [Thread-1231] INFO  impl.RoleInfo (RoleInfo.java:shutdownFollowerState(121)) - 7c431f9d-51bc-458b-a3a6-511ec217d887: shutdown FollowerState
2019-10-17 06:47:34,450 [Thread-1231] INFO  impl.RaftServerImpl (RaftServerImpl.java:setRole(184)) - 7c431f9d-51bc-458b-a3a6-511ec217d887@group-946D1BF9C233: changes role from  FOLLOWER to CANDIDATE at term 11 for changeToCandidate
2019-10-17 06:47:34,450 [Thread-1231] INFO  impl.RoleInfo (RoleInfo.java:updateAndGet(143)) - 7c431f9d-51bc-458b-a3a6-511ec217d887: start LeaderElection
2019-10-17 06:47:34,462 [7c431f9d-51bc-458b-a3a6-511ec217d887@group-946D1BF9C233-LeaderElection68] INFO  impl.LeaderElection (LeaderElection.java:askForVotes(178)) - 7c431f9d-51bc-458b-a3a6-511ec217d887@group-946D1BF9C233-LeaderElection68: begin an election at term 12 for -1: [67f35358-9777-4ff9-96f4-8a61bc3a94fe:192.168.34.62:37037, 7c431f9d-51bc-458b-a3a6-511ec217d887:192.168.34.62:40420, b9cfa588-8e56-4331-be2f-4c26f25c6739:192.168.34.62:34777], old=null
2019-10-17 06:47:34,464 [grpc-default-executor-3] INFO  impl.RaftServerImpl (RaftServerImpl.java:setRole(184)) - 67f35358-9777-4ff9-96f4-8a61bc3a94fe@group-946D1BF9C233: changes role from  FOLLOWER to FOLLOWER at term 12 for recognizeCandidate:7c431f9d-51bc-458b-a3a6-511ec217d887
2019-10-17 06:47:34,464 [grpc-default-executor-3] INFO  impl.RoleInfo (RoleInfo.java:shutdownFollowerState(121)) - 67f35358-9777-4ff9-96f4-8a61bc3a94fe: shutdown FollowerState
2019-10-17 06:47:34,465 [grpc-default-executor-3] INFO  impl.RoleInfo (RoleInfo.java:updateAndGet(143)) - 67f35358-9777-4ff9-96f4-8a61bc3a94fe: start FollowerState
2019-10-17 06:47:34,465 [Thread-1229] INFO  impl.FollowerState (FollowerState.java:run(117)) - 67f35358-9777-4ff9-96f4-8a61bc3a94fe@group-946D1BF9C233-FollowerState was interrupted: java.lang.InterruptedException: sleep interrupted
2019-10-17 06:47:34,465 [grpc-default-executor-2] INFO  impl.RaftServerImpl (RaftServerImpl.java:setRole(184)) - b9cfa588-8e56-4331-be2f-4c26f25c6739@group-946D1BF9C233: changes role from  FOLLOWER to FOLLOWER at term 12 for recognizeCandidate:7c431f9d-51bc-458b-a3a6-511ec217d887
2019-10-17 06:47:34,465 [grpc-default-executor-2] INFO  impl.RoleInfo (RoleInfo.java:shutdownFollowerState(121)) - b9cfa588-8e56-4331-be2f-4c26f25c6739: shutdown FollowerState
2019-10-17 06:47:34,465 [grpc-default-executor-2] INFO  impl.RoleInfo (RoleInfo.java:updateAndGet(143)) - b9cfa588-8e56-4331-be2f-4c26f25c6739: start FollowerState
2019-10-17 06:47:34,466 [Thread-1230] INFO  impl.FollowerState (FollowerState.java:run(117)) - b9cfa588-8e56-4331-be2f-4c26f25c6739@group-946D1BF9C233-FollowerState was interrupted: java.lang.InterruptedException: sleep interrupted
2019-10-17 06:47:34,480 [7c431f9d-51bc-458b-a3a6-511ec217d887@group-946D1BF9C233-LeaderElection68] INFO  impl.LeaderElection (LeaderElection.java:logAndReturn(56)) - 7c431f9d-51bc-458b-a3a6-511ec217d887@group-946D1BF9C233-LeaderElection68: Election REJECTED; received 2 response(s) [7c431f9d-51bc-458b-a3a6-511ec217d887<-67f35358-9777-4ff9-96f4-8a61bc3a94fe#0:FAIL-t12, 7c431f9d-51bc-458b-a3a6-511ec217d887<-b9cfa588-8e56-4331-be2f-4c26f25c6739#0:FAIL-t12] and 0 exception(s); 7c431f9d-51bc-458b-a3a6-511ec217d887@group-946D1BF9C233:t12, leader=null, voted=7c431f9d-51bc-458b-a3a6-511ec217d887, raftlog=7c431f9d-51bc-458b-a3a6-511ec217d887@group-946D1BF9C233-SegmentedRaftLog:OPENED:c-1,f-1,i0, conf=-1: [67f35358-9777-4ff9-96f4-8a61bc3a94fe:192.168.34.62:37037, 7c431f9d-51bc-458b-a3a6-511ec217d887:192.168.34.62:40420, b9cfa588-8e56-4331-be2f-4c26f25c6739:192.168.34.62:34777], old=null
2019-10-17 06:47:34,480 [7c431f9d-51bc-458b-a3a6-511ec217d887@group-946D1BF9C233-LeaderElection68] INFO  impl.RaftServerImpl (RaftServerImpl.java:setRole(184)) - 7c431f9d-51bc-458b-a3a6-511ec217d887@group-946D1BF9C233: changes role from CANDIDATE to FOLLOWER at term 12 for DISCOVERED_A_NEW_TERM
2019-10-17 06:47:34,480 [7c431f9d-51bc-458b-a3a6-511ec217d887@group-946D1BF9C233-LeaderElection68] INFO  impl.RoleInfo (RoleInfo.java:shutdownLeaderElection(134)) - 7c431f9d-51bc-458b-a3a6-511ec217d887: shutdown LeaderElection
2019-10-17 06:47:34,480 [7c431f9d-51bc-458b-a3a6-511ec217d887@group-946D1BF9C233-LeaderElection68] INFO  impl.RoleInfo (RoleInfo.java:updateAndGet(143)) - 7c431f9d-51bc-458b-a3a6-511ec217d887: start FollowerState
2019-10-17 06:47:34,536 [Thread-1237] INFO  impl.FollowerState (FollowerState.java:run(108)) - 7c431f9d-51bc-458b-a3a6-511ec217d887@group-946D1BF9C233-FollowerState: change to CANDIDATE, lastRpcTime:55ms, electionTimeout:55ms
2019-10-17 06:47:34,536 [Thread-1237] INFO  impl.RoleInfo (RoleInfo.java:shutdownFollowerState(121)) - 7c431f9d-51bc-458b-a3a6-511ec217d887: shutdown FollowerState
2019-10-17 06:47:34,536 [Thread-1237] INFO  impl.RaftServerImpl (RaftServerImpl.java:setRole(184)) - 7c431f9d-51bc-458b-a3a6-511ec217d887@group-946D1BF9C233: changes role from  FOLLOWER to CANDIDATE at term 12 for changeToCandidate
2019-10-17 06:47:34,536 [Thread-1237] INFO  impl.RoleInfo (RoleInfo.java:updateAndGet(143)) - 7c431f9d-51bc-458b-a3a6-511ec217d887: start LeaderElection
2019-10-17 06:47:34,548 [7c431f9d-51bc-458b-a3a6-511ec217d887@group-946D1BF9C233-LeaderElection69] INFO  impl.LeaderElection (LeaderElection.java:askForVotes(178)) - 7c431f9d-51bc-458b-a3a6-511ec217d887@group-946D1BF9C233-LeaderElection69: begin an election at term 13 for -1: [67f35358-9777-4ff9-96f4-8a61bc3a94fe:192.168.34.62:37037, 7c431f9d-51bc-458b-a3a6-511ec217d887:192.168.34.62:40420, b9cfa588-8e56-4331-be2f-4c26f25c6739:192.168.34.62:34777], old=null
2019-10-17 06:47:34,550 [grpc-default-executor-3] INFO  impl.RaftServerImpl (RaftServerImpl.java:setRole(184)) - 67f35358-9777-4ff9-96f4-8a61bc3a94fe@group-946D1BF9C233: changes role from  FOLLOWER to FOLLOWER at term 13 for recognizeCandidate:7c431f9d-51bc-458b-a3a6-511ec217d887
2019-10-17 06:47:34,550 [grpc-default-executor-2] INFO  impl.RaftServerImpl (RaftServerImpl.java:setRole(184)) - b9cfa588-8e56-4331-be2f-4c26f25c6739@group-946D1BF9C233: changes role from  FOLLOWER to FOLLOWER at term 13 for recognizeCandidate:7c431f9d-51bc-458b-a3a6-511ec217d887
2019-10-17 06:47:34,551 [grpc-default-executor-3] INFO  impl.RoleInfo (RoleInfo.java:shutdownFollowerState(121)) - 67f35358-9777-4ff9-96f4-8a61bc3a94fe: shutdown FollowerState
2019-10-17 06:47:34,551 [grpc-default-executor-2] INFO  impl.RoleInfo (RoleInfo.java:shutdownFollowerState(121)) - b9cfa588-8e56-4331-be2f-4c26f25c6739: shutdown FollowerState
2019-10-17 06:47:34,551 [Thread-1235] INFO  impl.FollowerState (FollowerState.java:run(117)) - 67f35358-9777-4ff9-96f4-8a61bc3a94fe@group-946D1BF9C233-FollowerState was interrupted: java.lang.InterruptedException: sleep interrupted
2019-10-17 06:47:34,551 [grpc-default-executor-2] INFO  impl.RoleInfo (RoleInfo.java:updateAndGet(143)) - b9cfa588-8e56-4331-be2f-4c26f25c6739: start FollowerState
2019-10-17 06:47:34,551 [grpc-default-executor-3] INFO  impl.RoleInfo (RoleInfo.java:updateAndGet(143)) - 67f35358-9777-4ff9-96f4-8a61bc3a94fe: start FollowerState
2019-10-17 06:47:34,551 [Thread-1236] INFO  impl.FollowerState (FollowerState.java:run(117)) - b9cfa588-8e56-4331-be2f-4c26f25c6739@group-946D1BF9C233-FollowerState was interrupted: java.lang.InterruptedException: sleep interrupted
2019-10-17 06:47:34,559 [7c431f9d-51bc-458b-a3a6-511ec217d887@group-946D1BF9C233-LeaderElection69] INFO  impl.LeaderElection (LeaderElection.java:logAndReturn(56)) - 7c431f9d-51bc-458b-a3a6-511ec217d887@group-946D1BF9C233-LeaderElection69: Election REJECTED; received 2 response(s) [7c431f9d-51bc-458b-a3a6-511ec217d887<-67f35358-9777-4ff9-96f4-8a61bc3a94fe#0:FAIL-t13, 7c431f9d-51bc-458b-a3a6-511ec217d887<-b9cfa588-8e56-4331-be2f-4c26f25c6739#0:FAIL-t13] and 0 exception(s); 7c431f9d-51bc-458b-a3a6-511ec217d887@group-946D1BF9C233:t13, leader=null, voted=7c431f9d-51bc-458b-a3a6-511ec217d887, raftlog=7c431f9d-51bc-458b-a3a6-511ec217d887@group-946D1BF9C233-SegmentedRaftLog:OPENED:c-1,f-1,i0, conf=-1: [67f35358-9777-4ff9-96f4-8a61bc3a94fe:192.168.34.62:37037, 7c431f9d-51bc-458b-a3a6-511ec217d887:192.168.34.62:40420, b9cfa588-8e56-4331-be2f-4c26f25c6739:192.168.34.62:34777], old=null
2019-10-17 06:47:34,559 [7c431f9d-51bc-458b-a3a6-511ec217d887@group-946D1BF9C233-LeaderElection69] INFO  impl.RaftServerImpl (RaftServerImpl.java:setRole(184)) - 7c431f9d-51bc-458b-a3a6-511ec217d887@group-946D1BF9C233: changes role from CANDIDATE to FOLLOWER at term 13 for DISCOVERED_A_NEW_TERM
2019-10-17 06:47:34,559 [7c431f9d-51bc-458b-a3a6-511ec217d887@group-946D1BF9C233-LeaderElection69] INFO  impl.RoleInfo (RoleInfo.java:shutdownLeaderElection(134)) - 7c431f9d-51bc-458b-a3a6-511ec217d887: shutdown LeaderElection
2019-10-17 06:47:34,559 [7c431f9d-51bc-458b-a3a6-511ec217d887@group-946D1BF9C233-LeaderElection69] INFO  impl.RoleInfo (RoleInfo.java:updateAndGet(143)) - 7c431f9d-51bc-458b-a3a6-511ec217d887: start FollowerState
2019-10-17 06:47:34,647 [Thread-1243] INFO  impl.FollowerState (FollowerState.java:run(108)) - 7c431f9d-51bc-458b-a3a6-511ec217d887@group-946D1BF9C233-FollowerState: change to CANDIDATE, lastRpcTime:87ms, electionTimeout:87ms
2019-10-17 06:47:34,647 [Thread-1243] INFO  impl.RoleInfo (RoleInfo.java:shutdownFollowerState(121)) - 7c431f9d-51bc-458b-a3a6-511ec217d887: shutdown FollowerState
2019-10-17 06:47:34,647 [Thread-1243] INFO  impl.RaftServerImpl (RaftServerImpl.java:setRole(184)) - 7c431f9d-51bc-458b-a3a6-511ec217d887@group-946D1BF9C233: changes role from  FOLLOWER to CANDIDATE at term 13 for changeToCandidate
2019-10-17 06:47:34,647 [Thread-1243] INFO  impl.RoleInfo (RoleInfo.java:updateAndGet(143)) - 7c431f9d-51bc-458b-a3a6-511ec217d887: start LeaderElection
2019-10-17 06:47:34,660 [7c431f9d-51bc-458b-a3a6-511ec217d887@group-946D1BF9C233-LeaderElection70] INFO  impl.LeaderElection (LeaderElection.java:askForVotes(178)) - 7c431f9d-51bc-458b-a3a6-511ec217d887@group-946D1BF9C233-LeaderElection70: begin an election at term 14 for -1: [67f35358-9777-4ff9-96f4-8a61bc3a94fe:192.168.34.62:37037, 7c431f9d-51bc-458b-a3a6-511ec217d887:192.168.34.62:40420, b9cfa588-8e56-4331-be2f-4c26f25c6739:192.168.34.62:34777], old=null
2019-10-17 06:47:34,663 [grpc-default-executor-2] INFO  impl.RaftServerImpl (RaftServerImpl.java:setRole(184)) - b9cfa588-8e56-4331-be2f-4c26f25c6739@group-946D1BF9C233: changes role from  FOLLOWER to FOLLOWER at term 14 for recognizeCandidate:7c431f9d-51bc-458b-a3a6-511ec217d887
2019-10-17 06:47:34,663 [grpc-default-executor-3] INFO  impl.RaftServerImpl (RaftServerImpl.java:setRole(184)) - 67f35358-9777-4ff9-96f4-8a61bc3a94fe@group-946D1BF9C233: changes role from  FOLLOWER to FOLLOWER at term 14 for recognizeCandidate:7c431f9d-51bc-458b-a3a6-511ec217d887
2019-10-17 06:47:34,663 [grpc-default-executor-2] INFO  impl.RoleInfo (RoleInfo.java:shutdownFollowerState(121)) - b9cfa588-8e56-4331-be2f-4c26f25c6739: shutdown FollowerState
2019-10-17 06:47:34,663 [grpc-default-executor-3] INFO  impl.RoleInfo (RoleInfo.java:shutdownFollowerState(121)) - 67f35358-9777-4ff9-96f4-8a61bc3a94fe: shutdown FollowerState
2019-10-17 06:47:34,663 [Thread-1242] INFO  impl.FollowerState (FollowerState.java:run(117)) - b9cfa588-8e56-4331-be2f-4c26f25c6739@group-946D1BF9C233-FollowerState was interrupted: java.lang.InterruptedException: sleep interrupted
2019-10-17 06:47:34,663 [grpc-default-executor-2] INFO  impl.RoleInfo (RoleInfo.java:updateAndGet(143)) - b9cfa588-8e56-4331-be2f-4c26f25c6739: start FollowerState
2019-10-17 06:47:34,663 [Thread-1241] INFO  impl.FollowerState (FollowerState.java:run(117)) - 67f35358-9777-4ff9-96f4-8a61bc3a94fe@group-946D1BF9C233-FollowerState was interrupted: java.lang.InterruptedException: sleep interrupted
2019-10-17 06:47:34,663 [grpc-default-executor-3] INFO  impl.RoleInfo (RoleInfo.java:updateAndGet(143)) - 67f35358-9777-4ff9-96f4-8a61bc3a94fe: start FollowerState
2019-10-17 06:47:34,678 [7c431f9d-51bc-458b-a3a6-511ec217d887@group-946D1BF9C233-LeaderElection70] INFO  impl.LeaderElection (LeaderElection.java:logAndReturn(56)) - 7c431f9d-51bc-458b-a3a6-511ec217d887@group-946D1BF9C233-LeaderElection70: Election REJECTED; received 2 response(s) [7c431f9d-51bc-458b-a3a6-511ec217d887<-67f35358-9777-4ff9-96f4-8a61bc3a94fe#0:FAIL-t14, 7c431f9d-51bc-458b-a3a6-511ec217d887<-b9cfa588-8e56-4331-be2f-4c26f25c6739#0:FAIL-t14] and 0 exception(s); 7c431f9d-51bc-458b-a3a6-511ec217d887@group-946D1BF9C233:t14, leader=null, voted=7c431f9d-51bc-458b-a3a6-511ec217d887, raftlog=7c431f9d-51bc-458b-a3a6-511ec217d887@group-946D1BF9C233-SegmentedRaftLog:OPENED:c-1,f-1,i0, conf=-1: [67f35358-9777-4ff9-96f4-8a61bc3a94fe:192.168.34.62:37037, 7c431f9d-51bc-458b-a3a6-511ec217d887:192.168.34.62:40420, b9cfa588-8e56-4331-be2f-4c26f25c6739:192.168.34.62:34777], old=null
2019-10-17 06:47:34,678 [7c431f9d-51bc-458b-a3a6-511ec217d887@group-946D1BF9C233-LeaderElection70] INFO  impl.RaftServerImpl (RaftServerImpl.java:setRole(184)) - 7c431f9d-51bc-458b-a3a6-511ec217d887@group-946D1BF9C233: changes role from CANDIDATE to FOLLOWER at term 14 for DISCOVERED_A_NEW_TERM
2019-10-17 06:47:34,678 [7c431f9d-51bc-458b-a3a6-511ec217d887@group-946D1BF9C233-LeaderElection70] INFO  impl.RoleInfo (RoleInfo.java:shutdownLeaderElection(134)) - 7c431f9d-51bc-458b-a3a6-511ec217d887: shutdown LeaderElection
2019-10-17 06:47:34,678 [7c431f9d-51bc-458b-a3a6-511ec217d887@group-946D1BF9C233-LeaderElection70] INFO  impl.RoleInfo (RoleInfo.java:updateAndGet(143)) - 7c431f9d-51bc-458b-a3a6-511ec217d887: start FollowerState
2019-10-17 06:47:34,842 [Thread-1249] INFO  impl.FollowerState (FollowerState.java:run(108)) - 7c431f9d-51bc-458b-a3a6-511ec217d887@group-946D1BF9C233-FollowerState: change to CANDIDATE, lastRpcTime:164ms, electionTimeout:164ms
2019-10-17 06:47:34,843 [Thread-1249] INFO  impl.RoleInfo (RoleInfo.java:shutdownFollowerState(121)) - 7c431f9d-51bc-458b-a3a6-511ec217d887: shutdown FollowerState
2019-10-17 06:47:34,843 [Thread-1249] INFO  impl.RaftServerImpl (RaftServerImpl.java:setRole(184)) - 7c431f9d-51bc-458b-a3a6-511ec217d887@group-946D1BF9C233: changes role from  FOLLOWER to CANDIDATE at term 14 for changeToCandidate
2019-10-17 06:47:34,843 [Thread-1249] INFO  impl.RoleInfo (RoleInfo.java:updateAndGet(143)) - 7c431f9d-51bc-458b-a3a6-511ec217d887: start LeaderElection
2019-10-17 06:47:34,846 [7c431f9d-51bc-458b-a3a6-511ec217d887@group-946D1BF9C233-LeaderElection71] INFO  impl.LeaderElection (LeaderElection.java:askForVotes(178)) - 7c431f9d-51bc-458b-a3a6-511ec217d887@group-946D1BF9C233-LeaderElection71: begin an election at term 15 for -1: [67f35358-9777-4ff9-96f4-8a61bc3a94fe:192.168.34.62:37037, 7c431f9d-51bc-458b-a3a6-511ec217d887:192.168.34.62:40420, b9cfa588-8e56-4331-be2f-4c26f25c6739:192.168.34.62:34777], old=null
2019-10-17 06:47:34,849 [grpc-default-executor-2] INFO  impl.RaftServerImpl (RaftServerImpl.java:setRole(184)) - 67f35358-9777-4ff9-96f4-8a61bc3a94fe@group-946D1BF9C233: changes role from  FOLLOWER to FOLLOWER at term 15 for recognizeCandidate:7c431f9d-51bc-458b-a3a6-511ec217d887
2019-10-17 06:47:34,849 [grpc-default-executor-3] INFO  impl.RaftServerImpl (RaftServerImpl.java:setRole(184)) - b9cfa588-8e56-4331-be2f-4c26f25c6739@group-946D1BF9C233: changes role from  FOLLOWER to FOLLOWER at term 15 for recognizeCandidate:7c431f9d-51bc-458b-a3a6-511ec217d887
2019-10-17 06:47:34,849 [grpc-default-executor-2] INFO  impl.RoleInfo (RoleInfo.java:shutdownFollowerState(121)) - 67f35358-9777-4ff9-96f4-8a61bc3a94fe: shutdown FollowerState
2019-10-17 06:47:34,849 [grpc-default-executor-3] INFO  impl.RoleInfo (RoleInfo.java:shutdownFollowerState(121)) - b9cfa588-8e56-4331-be2f-4c26f25c6739: shutdown FollowerState
2019-10-17 06:47:34,849 [Thread-1248] INFO  impl.FollowerState (FollowerState.java:run(117)) - 67f35358-9777-4ff9-96f4-8a61bc3a94fe@group-946D1BF9C233-FollowerState was interrupted: java.lang.InterruptedException: sleep interrupted
2019-10-17 06:47:34,849 [grpc-default-executor-2] INFO  impl.RoleInfo (RoleInfo.java:updateAndGet(143)) - 67f35358-9777-4ff9-96f4-8a61bc3a94fe: start FollowerState
2019-10-17 06:47:34,850 [Thread-1247] INFO  impl.FollowerState (FollowerState.java:run(117)) - b9cfa588-8e56-4331-be2f-4c26f25c6739@group-946D1BF9C233-FollowerState was interrupted: java.lang.InterruptedException: sleep interrupted
2019-10-17 06:47:34,850 [grpc-default-executor-3] INFO  impl.RoleInfo (RoleInfo.java:updateAndGet(143)) - b9cfa588-8e56-4331-be2f-4c26f25c6739: start FollowerState
2019-10-17 06:47:34,881 [7c431f9d-51bc-458b-a3a6-511ec217d887@group-946D1BF9C233-LeaderElection71] INFO  impl.LeaderElection (LeaderElection.java:logAndReturn(56)) - 7c431f9d-51bc-458b-a3a6-511ec217d887@group-946D1BF9C233-LeaderElection71: Election REJECTED; received 2 response(s) [7c431f9d-51bc-458b-a3a6-511ec217d887<-67f35358-9777-4ff9-96f4-8a61bc3a94fe#0:FAIL-t15, 7c431f9d-51bc-458b-a3a6-511ec217d887<-b9cfa588-8e56-4331-be2f-4c26f25c6739#0:FAIL-t15] and 0 exception(s); 7c431f9d-51bc-458b-a3a6-511ec217d887@group-946D1BF9C233:t15, leader=null, voted=7c431f9d-51bc-458b-a3a6-511ec217d887, raftlog=7c431f9d-51bc-458b-a3a6-511ec217d887@group-946D1BF9C233-SegmentedRaftLog:OPENED:c-1,f-1,i0, conf=-1: [67f35358-9777-4ff9-96f4-8a61bc3a94fe:192.168.34.62:37037, 7c431f9d-51bc-458b-a3a6-511ec217d887:192.168.34.62:40420, b9cfa588-8e56-4331-be2f-4c26f25c6739:192.168.34.62:34777], old=null
2019-10-17 06:47:34,881 [7c431f9d-51bc-458b-a3a6-511ec217d887@group-946D1BF9C233-LeaderElection71] INFO  impl.RaftServerImpl (RaftServerImpl.java:setRole(184)) - 7c431f9d-51bc-458b-a3a6-511ec217d887@group-946D1BF9C233: changes role from CANDIDATE to FOLLOWER at term 15 for DISCOVERED_A_NEW_TERM
2019-10-17 06:47:34,882 [7c431f9d-51bc-458b-a3a6-511ec217d887@group-946D1BF9C233-LeaderElection71] INFO  impl.RoleInfo (RoleInfo.java:shutdownLeaderElection(134)) - 7c431f9d-51bc-458b-a3a6-511ec217d887: shutdown LeaderElection
2019-10-17 06:47:34,882 [7c431f9d-51bc-458b-a3a6-511ec217d887@group-946D1BF9C233-LeaderElection71] INFO  impl.RoleInfo (RoleInfo.java:updateAndGet(143)) - 7c431f9d-51bc-458b-a3a6-511ec217d887: start FollowerState
2019-10-17 06:47:34,934 [Thread-1255] INFO  impl.FollowerState (FollowerState.java:run(108)) - 7c431f9d-51bc-458b-a3a6-511ec217d887@group-946D1BF9C233-FollowerState: change to CANDIDATE, lastRpcTime:52ms, electionTimeout:52ms
2019-10-17 06:47:34,934 [Thread-1255] INFO  impl.RoleInfo (RoleInfo.java:shutdownFollowerState(121)) - 7c431f9d-51bc-458b-a3a6-511ec217d887: shutdown FollowerState
2019-10-17 06:47:34,934 [Thread-1255] INFO  impl.RaftServerImpl (RaftServerImpl.java:setRole(184)) - 7c431f9d-51bc-458b-a3a6-511ec217d887@group-946D1BF9C233: changes role from  FOLLOWER to CANDIDATE at term 15 for changeToCandidate
2019-10-17 06:47:34,935 [Thread-1255] INFO  impl.RoleInfo (RoleInfo.java:updateAndGet(143)) - 7c431f9d-51bc-458b-a3a6-511ec217d887: start LeaderElection
2019-10-17 06:47:34,949 [7c431f9d-51bc-458b-a3a6-511ec217d887@group-946D1BF9C233-LeaderElection72] INFO  impl.LeaderElection (LeaderElection.java:askForVotes(178)) - 7c431f9d-51bc-458b-a3a6-511ec217d887@group-946D1BF9C233-LeaderElection72: begin an election at term 16 for -1: [67f35358-9777-4ff9-96f4-8a61bc3a94fe:192.168.34.62:37037, 7c431f9d-51bc-458b-a3a6-511ec217d887:192.168.34.62:40420, b9cfa588-8e56-4331-be2f-4c26f25c6739:192.168.34.62:34777], old=null
2019-10-17 06:47:34,951 [grpc-default-executor-3] INFO  impl.RaftServerImpl (RaftServerImpl.java:setRole(184)) - 67f35358-9777-4ff9-96f4-8a61bc3a94fe@group-946D1BF9C233: changes role from  FOLLOWER to FOLLOWER at term 16 for recognizeCandidate:7c431f9d-51bc-458b-a3a6-511ec217d887
2019-10-17 06:47:34,951 [grpc-default-executor-2] INFO  impl.RaftServerImpl (RaftServerImpl.java:setRole(184)) - b9cfa588-8e56-4331-be2f-4c26f25c6739@group-946D1BF9C233: changes role from  FOLLOWER to FOLLOWER at term 16 for recognizeCandidate:7c431f9d-51bc-458b-a3a6-511ec217d887
2019-10-17 06:47:34,951 [grpc-default-executor-3] INFO  impl.RoleInfo (RoleInfo.java:shutdownFollowerState(121)) - 67f35358-9777-4ff9-96f4-8a61bc3a94fe: shutdown FollowerState
2019-10-17 06:47:34,951 [grpc-default-executor-2] INFO  impl.RoleInfo (RoleInfo.java:shutdownFollowerState(121)) - b9cfa588-8e56-4331-be2f-4c26f25c6739: shutdown FollowerState
2019-10-17 06:47:34,951 [grpc-default-executor-3] INFO  impl.RoleInfo (RoleInfo.java:updateAndGet(143)) - 67f35358-9777-4ff9-96f4-8a61bc3a94fe: start FollowerState
2019-10-17 06:47:34,952 [Thread-1254] INFO  impl.FollowerState (FollowerState.java:run(117)) - b9cfa588-8e56-4331-be2f-4c26f25c6739@group-946D1BF9C233-FollowerState was interrupted: java.lang.InterruptedException: sleep interrupted
2019-10-17 06:47:34,952 [grpc-default-executor-2] INFO  impl.RoleInfo (RoleInfo.java:updateAndGet(143)) - b9cfa588-8e56-4331-be2f-4c26f25c6739: start FollowerState
2019-10-17 06:47:34,954 [Thread-1253] INFO  impl.FollowerState (FollowerState.java:run(117)) - 67f35358-9777-4ff9-96f4-8a61bc3a94fe@group-946D1BF9C233-FollowerState was interrupted: java.lang.InterruptedException: sleep interrupted
2019-10-17 06:47:34,966 [7c431f9d-51bc-458b-a3a6-511ec217d887@group-946D1BF9C233-LeaderElection72] INFO  impl.LeaderElection (LeaderElection.java:logAndReturn(56)) - 7c431f9d-51bc-458b-a3a6-511ec217d887@group-946D1BF9C233-LeaderElection72: Election REJECTED; received 2 response(s) [7c431f9d-51bc-458b-a3a6-511ec217d887<-67f35358-9777-4ff9-96f4-8a61bc3a94fe#0:FAIL-t16, 7c431f9d-51bc-458b-a3a6-511ec217d887<-b9cfa588-8e56-4331-be2f-4c26f25c6739#0:FAIL-t16] and 0 exception(s); 7c431f9d-51bc-458b-a3a6-511ec217d887@group-946D1BF9C233:t16, leader=null, voted=7c431f9d-51bc-458b-a3a6-511ec217d887, raftlog=7c431f9d-51bc-458b-a3a6-511ec217d887@group-946D1BF9C233-SegmentedRaftLog:OPENED:c-1,f-1,i0, conf=-1: [67f35358-9777-4ff9-96f4-8a61bc3a94fe:192.168.34.62:37037, 7c431f9d-51bc-458b-a3a6-511ec217d887:192.168.34.62:40420, b9cfa588-8e56-4331-be2f-4c26f25c6739:192.168.34.62:34777], old=null
2019-10-17 06:47:34,966 [7c431f9d-51bc-458b-a3a6-511ec217d887@group-946D1BF9C233-LeaderElection72] INFO  impl.RaftServerImpl (RaftServerImpl.java:setRole(184)) - 7c431f9d-51bc-458b-a3a6-511ec217d887@group-946D1BF9C233: changes role from CANDIDATE to FOLLOWER at term 16 for DISCOVERED_A_NEW_TERM
2019-10-17 06:47:34,966 [7c431f9d-51bc-458b-a3a6-511ec217d887@group-946D1BF9C233-LeaderElection72] INFO  impl.RoleInfo (RoleInfo.java:shutdownLeaderElection(134)) - 7c431f9d-51bc-458b-a3a6-511ec217d887: shutdown LeaderElection
2019-10-17 06:47:34,967 [7c431f9d-51bc-458b-a3a6-511ec217d887@group-946D1BF9C233-LeaderElection72] INFO  impl.RoleInfo (RoleInfo.java:updateAndGet(143)) - 7c431f9d-51bc-458b-a3a6-511ec217d887: start FollowerState
2019-10-17 06:47:35,089 [main] INFO  ozone.MiniOzoneClusterImpl (MiniOzoneClusterImpl.java:lambda$waitForClusterToBeReady$2(164)) - Waiting for 1 number of pipelines out of 4, to report a leader.
2019-10-17 06:47:35,166 [Thread-1261] INFO  impl.FollowerState (FollowerState.java:run(108)) - 7c431f9d-51bc-458b-a3a6-511ec217d887@group-946D1BF9C233-FollowerState: change to CANDIDATE, lastRpcTime:199ms, electionTimeout:199ms
2019-10-17 06:47:35,166 [Thread-1261] INFO  impl.RoleInfo (RoleInfo.java:shutdownFollowerState(121)) - 7c431f9d-51bc-458b-a3a6-511ec217d887: shutdown FollowerState
2019-10-17 06:47:35,166 [Thread-1261] INFO  impl.RaftServerImpl (RaftServerImpl.java:setRole(184)) - 7c431f9d-51bc-458b-a3a6-511ec217d887@group-946D1BF9C233: changes role from  FOLLOWER to CANDIDATE at term 16 for changeToCandidate
2019-10-17 06:47:35,166 [Thread-1261] INFO  impl.RoleInfo (RoleInfo.java:updateAndGet(143)) - 7c431f9d-51bc-458b-a3a6-511ec217d887: start LeaderElection
2019-10-17 06:47:35,181 [7c431f9d-51bc-458b-a3a6-511ec217d887@group-946D1BF9C233-LeaderElection73] INFO  impl.LeaderElection (LeaderElection.java:askForVotes(178)) - 7c431f9d-51bc-458b-a3a6-511ec217d887@group-946D1BF9C233-LeaderElection73: begin an election at term 17 for -1: [67f35358-9777-4ff9-96f4-8a61bc3a94fe:192.168.34.62:37037, 7c431f9d-51bc-458b-a3a6-511ec217d887:192.168.34.62:40420, b9cfa588-8e56-4331-be2f-4c26f25c6739:192.168.34.62:34777], old=null
2019-10-17 06:47:35,184 [grpc-default-executor-3] INFO  impl.RaftServerImpl (RaftServerImpl.java:setRole(184)) - 67f35358-9777-4ff9-96f4-8a61bc3a94fe@group-946D1BF9C233: changes role from  FOLLOWER to FOLLOWER at term 17 for recognizeCandidate:7c431f9d-51bc-458b-a3a6-511ec217d887
2019-10-17 06:47:35,184 [grpc-default-executor-3] INFO  impl.RoleInfo (RoleInfo.java:shutdownFollowerState(121)) - 67f35358-9777-4ff9-96f4-8a61bc3a94fe: shutdown FollowerState
2019-10-17 06:47:35,184 [grpc-default-executor-2] INFO  impl.RaftServerImpl (RaftServerImpl.java:setRole(184)) - b9cfa588-8e56-4331-be2f-4c26f25c6739@group-946D1BF9C233: changes role from  FOLLOWER to FOLLOWER at term 17 for recognizeCandidate:7c431f9d-51bc-458b-a3a6-511ec217d887
2019-10-17 06:47:35,184 [Thread-1259] INFO  impl.FollowerState (FollowerState.java:run(117)) - 67f35358-9777-4ff9-96f4-8a61bc3a94fe@group-946D1BF9C233-FollowerState was interrupted: java.lang.InterruptedException: sleep interrupted
2019-10-17 06:47:35,184 [grpc-default-executor-3] INFO  impl.RoleInfo (RoleInfo.java:updateAndGet(143)) - 67f35358-9777-4ff9-96f4-8a61bc3a94fe: start FollowerState
2019-10-17 06:47:35,184 [grpc-default-executor-2] INFO  impl.RoleInfo (RoleInfo.java:shutdownFollowerState(121)) - b9cfa588-8e56-4331-be2f-4c26f25c6739: shutdown FollowerState
2019-10-17 06:47:35,185 [grpc-default-executor-2] INFO  impl.RoleInfo (RoleInfo.java:updateAndGet(143)) - b9cfa588-8e56-4331-be2f-4c26f25c6739: start FollowerState
2019-10-17 06:47:35,185 [Thread-1260] INFO  impl.FollowerState (FollowerState.java:run(117)) - b9cfa588-8e56-4331-be2f-4c26f25c6739@group-946D1BF9C233-FollowerState was interrupted: java.lang.InterruptedException: sleep interrupted
2019-10-17 06:47:35,209 [7c431f9d-51bc-458b-a3a6-511ec217d887@group-946D1BF9C233-LeaderElection73] INFO  impl.LeaderElection (LeaderElection.java:logAndReturn(56)) - 7c431f9d-51bc-458b-a3a6-511ec217d887@group-946D1BF9C233-LeaderElection73: Election REJECTED; received 2 response(s) [7c431f9d-51bc-458b-a3a6-511ec217d887<-67f35358-9777-4ff9-96f4-8a61bc3a94fe#0:FAIL-t17, 7c431f9d-51bc-458b-a3a6-511ec217d887<-b9cfa588-8e56-4331-be2f-4c26f25c6739#0:FAIL-t17] and 0 exception(s); 7c431f9d-51bc-458b-a3a6-511ec217d887@group-946D1BF9C233:t17, leader=null, voted=7c431f9d-51bc-458b-a3a6-511ec217d887, raftlog=7c431f9d-51bc-458b-a3a6-511ec217d887@group-946D1BF9C233-SegmentedRaftLog:OPENED:c-1,f-1,i0, conf=-1: [67f35358-9777-4ff9-96f4-8a61bc3a94fe:192.168.34.62:37037, 7c431f9d-51bc-458b-a3a6-511ec217d887:192.168.34.62:40420, b9cfa588-8e56-4331-be2f-4c26f25c6739:192.168.34.62:34777], old=null
2019-10-17 06:47:35,210 [7c431f9d-51bc-458b-a3a6-511ec217d887@group-946D1BF9C233-LeaderElection73] INFO  impl.RaftServerImpl (RaftServerImpl.java:setRole(184)) - 7c431f9d-51bc-458b-a3a6-511ec217d887@group-946D1BF9C233: changes role from CANDIDATE to FOLLOWER at term 17 for DISCOVERED_A_NEW_TERM
2019-10-17 06:47:35,210 [7c431f9d-51bc-458b-a3a6-511ec217d887@group-946D1BF9C233-LeaderElection73] INFO  impl.RoleInfo (RoleInfo.java:shutdownLeaderElection(134)) - 7c431f9d-51bc-458b-a3a6-511ec217d887: shutdown LeaderElection
2019-10-17 06:47:35,210 [7c431f9d-51bc-458b-a3a6-511ec217d887@group-946D1BF9C233-LeaderElection73] INFO  impl.RoleInfo (RoleInfo.java:updateAndGet(143)) - 7c431f9d-51bc-458b-a3a6-511ec217d887: start FollowerState
2019-10-17 06:47:35,389 [Thread-1267] INFO  impl.FollowerState (FollowerState.java:run(108)) - 7c431f9d-51bc-458b-a3a6-511ec217d887@group-946D1BF9C233-FollowerState: change to CANDIDATE, lastRpcTime:178ms, electionTimeout:178ms
2019-10-17 06:47:35,389 [Thread-1267] INFO  impl.RoleInfo (RoleInfo.java:shutdownFollowerState(121)) - 7c431f9d-51bc-458b-a3a6-511ec217d887: shutdown FollowerState
2019-10-17 06:47:35,389 [Thread-1267] INFO  impl.RaftServerImpl (RaftServerImpl.java:setRole(184)) - 7c431f9d-51bc-458b-a3a6-511ec217d887@group-946D1BF9C233: changes role from  FOLLOWER to CANDIDATE at term 17 for changeToCandidate
2019-10-17 06:47:35,389 [Thread-1267] INFO  impl.RoleInfo (RoleInfo.java:updateAndGet(143)) - 7c431f9d-51bc-458b-a3a6-511ec217d887: start LeaderElection
2019-10-17 06:47:35,411 [7c431f9d-51bc-458b-a3a6-511ec217d887@group-946D1BF9C233-LeaderElection74] INFO  impl.LeaderElection (LeaderElection.java:askForVotes(178)) - 7c431f9d-51bc-458b-a3a6-511ec217d887@group-946D1BF9C233-LeaderElection74: begin an election at term 18 for -1: [67f35358-9777-4ff9-96f4-8a61bc3a94fe:192.168.34.62:37037, 7c431f9d-51bc-458b-a3a6-511ec217d887:192.168.34.62:40420, b9cfa588-8e56-4331-be2f-4c26f25c6739:192.168.34.62:34777], old=null
2019-10-17 06:47:35,414 [grpc-default-executor-3] INFO  impl.RaftServerImpl (RaftServerImpl.java:setRole(184)) - 67f35358-9777-4ff9-96f4-8a61bc3a94fe@group-946D1BF9C233: changes role from  FOLLOWER to FOLLOWER at term 18 for recognizeCandidate:7c431f9d-51bc-458b-a3a6-511ec217d887
2019-10-17 06:47:35,414 [grpc-default-executor-3] INFO  impl.RoleInfo (RoleInfo.java:shutdownFollowerState(121)) - 67f35358-9777-4ff9-96f4-8a61bc3a94fe: shutdown FollowerState
2019-10-17 06:47:35,414 [grpc-default-executor-2] INFO  impl.RaftServerImpl (RaftServerImpl.java:setRole(184)) - b9cfa588-8e56-4331-be2f-4c26f25c6739@group-946D1BF9C233: changes role from  FOLLOWER to FOLLOWER at term 18 for recognizeCandidate:7c431f9d-51bc-458b-a3a6-511ec217d887
2019-10-17 06:47:35,414 [Thread-1265] INFO  impl.FollowerState (FollowerState.java:run(117)) - 67f35358-9777-4ff9-96f4-8a61bc3a94fe@group-946D1BF9C233-FollowerState was interrupted: java.lang.InterruptedException: sleep interrupted
2019-10-17 06:47:35,414 [grpc-default-executor-3] INFO  impl.RoleInfo (RoleInfo.java:updateAndGet(143)) - 67f35358-9777-4ff9-96f4-8a61bc3a94fe: start FollowerState
2019-10-17 06:47:35,415 [grpc-default-executor-2] INFO  impl.RoleInfo (RoleInfo.java:shutdownFollowerState(121)) - b9cfa588-8e56-4331-be2f-4c26f25c6739: shutdown FollowerState
2019-10-17 06:47:35,415 [grpc-default-executor-2] INFO  impl.RoleInfo (RoleInfo.java:updateAndGet(143)) - b9cfa588-8e56-4331-be2f-4c26f25c6739: start FollowerState
2019-10-17 06:47:35,415 [Thread-1266] INFO  impl.FollowerState (FollowerState.java:run(117)) - b9cfa588-8e56-4331-be2f-4c26f25c6739@group-946D1BF9C233-FollowerState was interrupted: java.lang.InterruptedException: sleep interrupted
2019-10-17 06:47:35,440 [7c431f9d-51bc-458b-a3a6-511ec217d887@group-946D1BF9C233-LeaderElection74] INFO  impl.LeaderElection (LeaderElection.java:logAndReturn(56)) - 7c431f9d-51bc-458b-a3a6-511ec217d887@group-946D1BF9C233-LeaderElection74: Election REJECTED; received 2 response(s) [7c431f9d-51bc-458b-a3a6-511ec217d887<-67f35358-9777-4ff9-96f4-8a61bc3a94fe#0:FAIL-t18, 7c431f9d-51bc-458b-a3a6-511ec217d887<-b9cfa588-8e56-4331-be2f-4c26f25c6739#0:FAIL-t18] and 0 exception(s); 7c431f9d-51bc-458b-a3a6-511ec217d887@group-946D1BF9C233:t18, leader=null, voted=7c431f9d-51bc-458b-a3a6-511ec217d887, raftlog=7c431f9d-51bc-458b-a3a6-511ec217d887@group-946D1BF9C233-SegmentedRaftLog:OPENED:c-1,f-1,i0, conf=-1: [67f35358-9777-4ff9-96f4-8a61bc3a94fe:192.168.34.62:37037, 7c431f9d-51bc-458b-a3a6-511ec217d887:192.168.34.62:40420, b9cfa588-8e56-4331-be2f-4c26f25c6739:192.168.34.62:34777], old=null
2019-10-17 06:47:35,440 [7c431f9d-51bc-458b-a3a6-511ec217d887@group-946D1BF9C233-LeaderElection74] INFO  impl.RaftServerImpl (RaftServerImpl.java:setRole(184)) - 7c431f9d-51bc-458b-a3a6-511ec217d887@group-946D1BF9C233: changes role from CANDIDATE to FOLLOWER at term 18 for DISCOVERED_A_NEW_TERM
2019-10-17 06:47:35,440 [7c431f9d-51bc-458b-a3a6-511ec217d887@group-946D1BF9C233-LeaderElection74] INFO  impl.RoleInfo (RoleInfo.java:shutdownLeaderElection(134)) - 7c431f9d-51bc-458b-a3a6-511ec217d887: shutdown LeaderElection
2019-10-17 06:47:35,440 [7c431f9d-51bc-458b-a3a6-511ec217d887@group-946D1BF9C233-LeaderElection74] INFO  impl.RoleInfo (RoleInfo.java:updateAndGet(143)) - 7c431f9d-51bc-458b-a3a6-511ec217d887: start FollowerState
2019-10-17 06:47:35,505 [Thread-1273] INFO  impl.FollowerState (FollowerState.java:run(108)) - 7c431f9d-51bc-458b-a3a6-511ec217d887@group-946D1BF9C233-FollowerState: change to CANDIDATE, lastRpcTime:65ms, electionTimeout:65ms
2019-10-17 06:47:35,506 [Thread-1273] INFO  impl.RoleInfo (RoleInfo.java:shutdownFollowerState(121)) - 7c431f9d-51bc-458b-a3a6-511ec217d887: shutdown FollowerState
2019-10-17 06:47:35,506 [Thread-1273] INFO  impl.RaftServerImpl (RaftServerImpl.java:setRole(184)) - 7c431f9d-51bc-458b-a3a6-511ec217d887@group-946D1BF9C233: changes role from  FOLLOWER to CANDIDATE at term 18 for changeToCandidate
2019-10-17 06:47:35,506 [Thread-1273] INFO  impl.RoleInfo (RoleInfo.java:updateAndGet(143)) - 7c431f9d-51bc-458b-a3a6-511ec217d887: start LeaderElection
2019-10-17 06:47:35,520 [7c431f9d-51bc-458b-a3a6-511ec217d887@group-946D1BF9C233-LeaderElection75] INFO  impl.LeaderElection (LeaderElection.java:askForVotes(178)) - 7c431f9d-51bc-458b-a3a6-511ec217d887@group-946D1BF9C233-LeaderElection75: begin an election at term 19 for -1: [67f35358-9777-4ff9-96f4-8a61bc3a94fe:192.168.34.62:37037, 7c431f9d-51bc-458b-a3a6-511ec217d887:192.168.34.62:40420, b9cfa588-8e56-4331-be2f-4c26f25c6739:192.168.34.62:34777], old=null
2019-10-17 06:47:35,523 [grpc-default-executor-3] INFO  impl.RaftServerImpl (RaftServerImpl.java:setRole(184)) - 67f35358-9777-4ff9-96f4-8a61bc3a94fe@group-946D1BF9C233: changes role from  FOLLOWER to FOLLOWER at term 19 for recognizeCandidate:7c431f9d-51bc-458b-a3a6-511ec217d887
2019-10-17 06:47:35,523 [grpc-default-executor-3] INFO  impl.RoleInfo (RoleInfo.java:shutdownFollowerState(121)) - 67f35358-9777-4ff9-96f4-8a61bc3a94fe: shutdown FollowerState
2019-10-17 06:47:35,523 [grpc-default-executor-2] INFO  impl.RaftServerImpl (RaftServerImpl.java:setRole(184)) - b9cfa588-8e56-4331-be2f-4c26f25c6739@group-946D1BF9C233: changes role from  FOLLOWER to FOLLOWER at term 19 for recognizeCandidate:7c431f9d-51bc-458b-a3a6-511ec217d887
2019-10-17 06:47:35,523 [Thread-1271] INFO  impl.FollowerState (FollowerState.java:run(117)) - 67f35358-9777-4ff9-96f4-8a61bc3a94fe@group-946D1BF9C233-FollowerState was interrupted: java.lang.InterruptedException: sleep interrupted
2019-10-17 06:47:35,523 [grpc-default-executor-3] INFO  impl.RoleInfo (RoleInfo.java:updateAndGet(143)) - 67f35358-9777-4ff9-96f4-8a61bc3a94fe: start FollowerState
2019-10-17 06:47:35,523 [grpc-default-executor-2] INFO  impl.RoleInfo (RoleInfo.java:shutdownFollowerState(121)) - b9cfa588-8e56-4331-be2f-4c26f25c6739: shutdown FollowerState
2019-10-17 06:47:35,524 [grpc-default-executor-2] INFO  impl.RoleInfo (RoleInfo.java:updateAndGet(143)) - b9cfa588-8e56-4331-be2f-4c26f25c6739: start FollowerState
2019-10-17 06:47:35,524 [Thread-1272] INFO  impl.FollowerState (FollowerState.java:run(117)) - b9cfa588-8e56-4331-be2f-4c26f25c6739@group-946D1BF9C233-FollowerState was interrupted: java.lang.InterruptedException: sleep interrupted
2019-10-17 06:47:35,537 [7c431f9d-51bc-458b-a3a6-511ec217d887@group-946D1BF9C233-LeaderElection75] INFO  impl.LeaderElection (LeaderElection.java:logAndReturn(56)) - 7c431f9d-51bc-458b-a3a6-511ec217d887@group-946D1BF9C233-LeaderElection75: Election REJECTED; received 2 response(s) [7c431f9d-51bc-458b-a3a6-511ec217d887<-67f35358-9777-4ff9-96f4-8a61bc3a94fe#0:FAIL-t19, 7c431f9d-51bc-458b-a3a6-511ec217d887<-b9cfa588-8e56-4331-be2f-4c26f25c6739#0:FAIL-t19] and 0 exception(s); 7c431f9d-51bc-458b-a3a6-511ec217d887@group-946D1BF9C233:t19, leader=null, voted=7c431f9d-51bc-458b-a3a6-511ec217d887, raftlog=7c431f9d-51bc-458b-a3a6-511ec217d887@group-946D1BF9C233-SegmentedRaftLog:OPENED:c-1,f-1,i0, conf=-1: [67f35358-9777-4ff9-96f4-8a61bc3a94fe:192.168.34.62:37037, 7c431f9d-51bc-458b-a3a6-511ec217d887:192.168.34.62:40420, b9cfa588-8e56-4331-be2f-4c26f25c6739:192.168.34.62:34777], old=null
2019-10-17 06:47:35,537 [7c431f9d-51bc-458b-a3a6-511ec217d887@group-946D1BF9C233-LeaderElection75] INFO  impl.RaftServerImpl (RaftServerImpl.java:setRole(184)) - 7c431f9d-51bc-458b-a3a6-511ec217d887@group-946D1BF9C233: changes role from CANDIDATE to FOLLOWER at term 19 for DISCOVERED_A_NEW_TERM
2019-10-17 06:47:35,537 [7c431f9d-51bc-458b-a3a6-511ec217d887@group-946D1BF9C233-LeaderElection75] INFO  impl.RoleInfo (RoleInfo.java:shutdownLeaderElection(134)) - 7c431f9d-51bc-458b-a3a6-511ec217d887: shutdown LeaderElection
2019-10-17 06:47:35,538 [7c431f9d-51bc-458b-a3a6-511ec217d887@group-946D1BF9C233-LeaderElection75] INFO  impl.RoleInfo (RoleInfo.java:updateAndGet(143)) - 7c431f9d-51bc-458b-a3a6-511ec217d887: start FollowerState
2019-10-17 06:47:35,732 [Thread-1279] INFO  impl.FollowerState (FollowerState.java:run(108)) - 7c431f9d-51bc-458b-a3a6-511ec217d887@group-946D1BF9C233-FollowerState: change to CANDIDATE, lastRpcTime:194ms, electionTimeout:194ms
2019-10-17 06:47:35,732 [Thread-1279] INFO  impl.RoleInfo (RoleInfo.java:shutdownFollowerState(121)) - 7c431f9d-51bc-458b-a3a6-511ec217d887: shutdown FollowerState
2019-10-17 06:47:35,732 [Thread-1279] INFO  impl.RaftServerImpl (RaftServerImpl.java:setRole(184)) - 7c431f9d-51bc-458b-a3a6-511ec217d887@group-946D1BF9C233: changes role from  FOLLOWER to CANDIDATE at term 19 for changeToCandidate
2019-10-17 06:47:35,732 [Thread-1279] INFO  impl.RoleInfo (RoleInfo.java:updateAndGet(143)) - 7c431f9d-51bc-458b-a3a6-511ec217d887: start LeaderElection
2019-10-17 06:47:35,742 [7c431f9d-51bc-458b-a3a6-511ec217d887@group-946D1BF9C233-LeaderElection76] INFO  impl.LeaderElection (LeaderElection.java:askForVotes(178)) - 7c431f9d-51bc-458b-a3a6-511ec217d887@group-946D1BF9C233-LeaderElection76: begin an election at term 20 for -1: [67f35358-9777-4ff9-96f4-8a61bc3a94fe:192.168.34.62:37037, 7c431f9d-51bc-458b-a3a6-511ec217d887:192.168.34.62:40420, b9cfa588-8e56-4331-be2f-4c26f25c6739:192.168.34.62:34777], old=null
2019-10-17 06:47:35,745 [grpc-default-executor-3] INFO  impl.RaftServerImpl (RaftServerImpl.java:setRole(184)) - b9cfa588-8e56-4331-be2f-4c26f25c6739@group-946D1BF9C233: changes role from  FOLLOWER to FOLLOWER at term 20 for recognizeCandidate:7c431f9d-51bc-458b-a3a6-511ec217d887
2019-10-17 06:47:35,745 [grpc-default-executor-2] INFO  impl.RaftServerImpl (RaftServerImpl.java:setRole(184)) - 67f35358-9777-4ff9-96f4-8a61bc3a94fe@group-946D1BF9C233: changes role from  FOLLOWER to FOLLOWER at term 20 for recognizeCandidate:7c431f9d-51bc-458b-a3a6-511ec217d887
2019-10-17 06:47:35,745 [grpc-default-executor-3] INFO  impl.RoleInfo (RoleInfo.java:shutdownFollowerState(121)) - b9cfa588-8e56-4331-be2f-4c26f25c6739: shutdown FollowerState
2019-10-17 06:47:35,745 [grpc-default-executor-2] INFO  impl.RoleInfo (RoleInfo.java:shutdownFollowerState(121)) - 67f35358-9777-4ff9-96f4-8a61bc3a94fe: shutdown FollowerState
2019-10-17 06:47:35,745 [Thread-1278] INFO  impl.FollowerState (FollowerState.java:run(117)) - b9cfa588-8e56-4331-be2f-4c26f25c6739@group-946D1BF9C233-FollowerState was interrupted: java.lang.InterruptedException: sleep interrupted
2019-10-17 06:47:35,745 [grpc-default-executor-3] INFO  impl.RoleInfo (RoleInfo.java:updateAndGet(143)) - b9cfa588-8e56-4331-be2f-4c26f25c6739: start FollowerState
2019-10-17 06:47:35,745 [Thread-1277] INFO  impl.FollowerState (FollowerState.java:run(117)) - 67f35358-9777-4ff9-96f4-8a61bc3a94fe@group-946D1BF9C233-FollowerState was interrupted: java.lang.InterruptedException: sleep interrupted
2019-10-17 06:47:35,745 [grpc-default-executor-2] INFO  impl.RoleInfo (RoleInfo.java:updateAndGet(143)) - 67f35358-9777-4ff9-96f4-8a61bc3a94fe: start FollowerState
2019-10-17 06:47:35,771 [7c431f9d-51bc-458b-a3a6-511ec217d887@group-946D1BF9C233-LeaderElection76] INFO  impl.LeaderElection (LeaderElection.java:logAndReturn(56)) - 7c431f9d-51bc-458b-a3a6-511ec217d887@group-946D1BF9C233-LeaderElection76: Election REJECTED; received 2 response(s) [7c431f9d-51bc-458b-a3a6-511ec217d887<-67f35358-9777-4ff9-96f4-8a61bc3a94fe#0:FAIL-t20, 7c431f9d-51bc-458b-a3a6-511ec217d887<-b9cfa588-8e56-4331-be2f-4c26f25c6739#0:FAIL-t20] and 0 exception(s); 7c431f9d-51bc-458b-a3a6-511ec217d887@group-946D1BF9C233:t20, leader=null, voted=7c431f9d-51bc-458b-a3a6-511ec217d887, raftlog=7c431f9d-51bc-458b-a3a6-511ec217d887@group-946D1BF9C233-SegmentedRaftLog:OPENED:c-1,f-1,i0, conf=-1: [67f35358-9777-4ff9-96f4-8a61bc3a94fe:192.168.34.62:37037, 7c431f9d-51bc-458b-a3a6-511ec217d887:192.168.34.62:40420, b9cfa588-8e56-4331-be2f-4c26f25c6739:192.168.34.62:34777], old=null
2019-10-17 06:47:35,771 [7c431f9d-51bc-458b-a3a6-511ec217d887@group-946D1BF9C233-LeaderElection76] INFO  impl.RaftServerImpl (RaftServerImpl.java:setRole(184)) - 7c431f9d-51bc-458b-a3a6-511ec217d887@group-946D1BF9C233: changes role from CANDIDATE to FOLLOWER at term 20 for DISCOVERED_A_NEW_TERM
2019-10-17 06:47:35,772 [7c431f9d-51bc-458b-a3a6-511ec217d887@group-946D1BF9C233-LeaderElection76] INFO  impl.RoleInfo (RoleInfo.java:shutdownLeaderElection(134)) - 7c431f9d-51bc-458b-a3a6-511ec217d887: shutdown LeaderElection
2019-10-17 06:47:35,772 [7c431f9d-51bc-458b-a3a6-511ec217d887@group-946D1BF9C233-LeaderElection76] INFO  impl.RoleInfo (RoleInfo.java:updateAndGet(143)) - 7c431f9d-51bc-458b-a3a6-511ec217d887: start FollowerState
2019-10-17 06:47:35,818 [Thread-1133] INFO  container.ReplicationManager (ReplicationManager.java:start(162)) - Starting Replication Monitor Thread.
2019-10-17 06:47:35,818 [Thread-1133] INFO  pipeline.SCMPipelineManager (SCMPipelineManager.java:finalizeAndDestroyPipeline(315)) - destroying pipeline:Pipeline[ Id: 5a307180-86ec-46e7-9679-946d1bf9c233, Nodes: 7c431f9d-51bc-458b-a3a6-511ec217d887{ip: 192.168.34.62, host: pr-hdds-1868-lzclr-202649289, networkLocation: /default-rack, certSerialId: null}67f35358-9777-4ff9-96f4-8a61bc3a94fe{ip: 192.168.34.62, host: pr-hdds-1868-lzclr-202649289, networkLocation: /default-rack, certSerialId: null}b9cfa588-8e56-4331-be2f-4c26f25c6739{ip: 192.168.34.62, host: pr-hdds-1868-lzclr-202649289, networkLocation: /default-rack, certSerialId: null}, Type:RATIS, Factor:THREE, State:ALLOCATED]
2019-10-17 06:47:35,820 [ReplicationMonitor] INFO  container.ReplicationManager (ReplicationManager.java:run(225)) - Replication Monitor Thread took 0 milliseconds for processing 0 containers.
2019-10-17 06:47:35,820 [Thread-1133] INFO  pipeline.PipelineStateManager (PipelineStateManager.java:finalizePipeline(121)) - Pipeline Pipeline[ Id: 5a307180-86ec-46e7-9679-946d1bf9c233, Nodes: 7c431f9d-51bc-458b-a3a6-511ec217d887{ip: 192.168.34.62, host: pr-hdds-1868-lzclr-202649289, networkLocation: /default-rack, certSerialId: null}67f35358-9777-4ff9-96f4-8a61bc3a94fe{ip: 192.168.34.62, host: pr-hdds-1868-lzclr-202649289, networkLocation: /default-rack, certSerialId: null}b9cfa588-8e56-4331-be2f-4c26f25c6739{ip: 192.168.34.62, host: pr-hdds-1868-lzclr-202649289, networkLocation: /default-rack, certSerialId: null}, Type:RATIS, Factor:THREE, State:CLOSED] moved to CLOSED state
2019-10-17 06:47:35,825 [grpc-default-executor-2] INFO  impl.RaftServerProxy (RaftServerProxy.java:remove(95)) - 7c431f9d-51bc-458b-a3a6-511ec217d887: remove  FOLLOWER 7c431f9d-51bc-458b-a3a6-511ec217d887@group-946D1BF9C233:t20, leader=null, voted=7c431f9d-51bc-458b-a3a6-511ec217d887, raftlog=7c431f9d-51bc-458b-a3a6-511ec217d887@group-946D1BF9C233-SegmentedRaftLog:OPENED:c-1,f-1,i0, conf=-1: [67f35358-9777-4ff9-96f4-8a61bc3a94fe:192.168.34.62:37037, 7c431f9d-51bc-458b-a3a6-511ec217d887:192.168.34.62:40420, b9cfa588-8e56-4331-be2f-4c26f25c6739:192.168.34.62:34777], old=null RUNNING
2019-10-17 06:47:35,826 [grpc-default-executor-2] INFO  impl.RaftServerImpl (RaftServerImpl.java:lambda$shutdown$3(261)) - 7c431f9d-51bc-458b-a3a6-511ec217d887@group-946D1BF9C233: shutdown
2019-10-17 06:47:35,826 [grpc-default-executor-2] INFO  util.JmxRegister (JmxRegister.java:unregister(73)) - Successfully un-registered JMX Bean with object name Ratis:service=RaftServer,group=group-946D1BF9C233,id=7c431f9d-51bc-458b-a3a6-511ec217d887
2019-10-17 06:47:35,826 [grpc-default-executor-2] INFO  impl.RoleInfo (RoleInfo.java:shutdownFollowerState(121)) - 7c431f9d-51bc-458b-a3a6-511ec217d887: shutdown FollowerState
2019-10-17 06:47:35,826 [grpc-default-executor-2] INFO  impl.StateMachineUpdater (StateMachineUpdater.java:stopAndJoin(136)) - 7c431f9d-51bc-458b-a3a6-511ec217d887@group-946D1BF9C233-StateMachineUpdater: set stopIndex = -1
2019-10-17 06:47:35,826 [Thread-1285] INFO  impl.FollowerState (FollowerState.java:run(117)) - 7c431f9d-51bc-458b-a3a6-511ec217d887@group-946D1BF9C233-FollowerState was interrupted: java.lang.InterruptedException: sleep interrupted
2019-10-17 06:47:35,826 [grpc-default-executor-2] INFO  impl.RaftServerImpl (ServerState.java:close(388)) - 7c431f9d-51bc-458b-a3a6-511ec217d887@group-946D1BF9C233: closes. applyIndex: -1
2019-10-17 06:47:35,827 [7c431f9d-51bc-458b-a3a6-511ec217d887@group-946D1BF9C233-SegmentedRaftLogWorker] INFO  segmented.SegmentedRaftLogWorker (SegmentedRaftLogWorker.java:run(316)) - 7c431f9d-51bc-458b-a3a6-511ec217d887@group-946D1BF9C233-SegmentedRaftLogWorker was interrupted, exiting. There are 0 tasks remaining in the queue.
2019-10-17 06:47:35,827 [grpc-default-executor-2] INFO  segmented.SegmentedRaftLogWorker (SegmentedRaftLogWorker.java:close(224)) - 7c431f9d-51bc-458b-a3a6-511ec217d887@group-946D1BF9C233-SegmentedRaftLogWorker close()
2019-10-17 06:47:35,835 [grpc-default-executor-2] INFO  impl.RaftServerProxy (RaftServerProxy.java:remove(95)) - 67f35358-9777-4ff9-96f4-8a61bc3a94fe: remove  FOLLOWER 67f35358-9777-4ff9-96f4-8a61bc3a94fe@group-946D1BF9C233:t20, leader=null, voted=null, raftlog=67f35358-9777-4ff9-96f4-8a61bc3a94fe@group-946D1BF9C233-SegmentedRaftLog:OPENED:c-1,f0,i0, conf=0: [67f35358-9777-4ff9-96f4-8a61bc3a94fe:192.168.34.62:37037, 7c431f9d-51bc-458b-a3a6-511ec217d887:192.168.34.62:40420, b9cfa588-8e56-4331-be2f-4c26f25c6739:192.168.34.62:34777], old=null RUNNING
2019-10-17 06:47:35,835 [grpc-default-executor-2] INFO  impl.RaftServerImpl (RaftServerImpl.java:lambda$shutdown$3(261)) - 67f35358-9777-4ff9-96f4-8a61bc3a94fe@group-946D1BF9C233: shutdown
2019-10-17 06:47:35,836 [grpc-default-executor-2] INFO  util.JmxRegister (JmxRegister.java:unregister(73)) - Successfully un-registered JMX Bean with object name Ratis:service=RaftServer,group=group-946D1BF9C233,id=67f35358-9777-4ff9-96f4-8a61bc3a94fe
2019-10-17 06:47:35,836 [grpc-default-executor-2] INFO  impl.RoleInfo (RoleInfo.java:shutdownFollowerState(121)) - 67f35358-9777-4ff9-96f4-8a61bc3a94fe: shutdown FollowerState
2019-10-17 06:47:35,836 [grpc-default-executor-2] INFO  impl.StateMachineUpdater (StateMachineUpdater.java:stopAndJoin(136)) - 67f35358-9777-4ff9-96f4-8a61bc3a94fe@group-946D1BF9C233-StateMachineUpdater: set stopIndex = -1
2019-10-17 06:47:35,836 [Thread-1284] INFO  impl.FollowerState (FollowerState.java:run(117)) - 67f35358-9777-4ff9-96f4-8a61bc3a94fe@group-946D1BF9C233-FollowerState was interrupted: java.lang.InterruptedException: sleep interrupted
2019-10-17 06:47:35,836 [grpc-default-executor-2] INFO  impl.RaftServerImpl (ServerState.java:close(388)) - 67f35358-9777-4ff9-96f4-8a61bc3a94fe@group-946D1BF9C233: closes. applyIndex: -1
2019-10-17 06:47:35,836 [67f35358-9777-4ff9-96f4-8a61bc3a94fe@group-946D1BF9C233-SegmentedRaftLogWorker] INFO  segmented.SegmentedRaftLogWorker (SegmentedRaftLogWorker.java:run(316)) - 67f35358-9777-4ff9-96f4-8a61bc3a94fe@group-946D1BF9C233-SegmentedRaftLogWorker was interrupted, exiting. There are 0 tasks remaining in the queue.
2019-10-17 06:47:35,837 [grpc-default-executor-2] INFO  segmented.SegmentedRaftLogWorker (SegmentedRaftLogWorker.java:close(224)) - 67f35358-9777-4ff9-96f4-8a61bc3a94fe@group-946D1BF9C233-SegmentedRaftLogWorker close()
2019-10-17 06:47:35,844 [grpc-default-executor-2] INFO  impl.RaftServerProxy (RaftServerProxy.java:remove(95)) - b9cfa588-8e56-4331-be2f-4c26f25c6739: remove  FOLLOWER b9cfa588-8e56-4331-be2f-4c26f25c6739@group-946D1BF9C233:t20, leader=null, voted=null, raftlog=b9cfa588-8e56-4331-be2f-4c26f25c6739@group-946D1BF9C233-SegmentedRaftLog:OPENED:c-1,f0,i0, conf=0: [67f35358-9777-4ff9-96f4-8a61bc3a94fe:192.168.34.62:37037, 7c431f9d-51bc-458b-a3a6-511ec217d887:192.168.34.62:40420, b9cfa588-8e56-4331-be2f-4c26f25c6739:192.168.34.62:34777], old=null RUNNING
2019-10-17 06:47:35,844 [grpc-default-executor-2] INFO  impl.RaftServerImpl (RaftServerImpl.java:lambda$shutdown$3(261)) - b9cfa588-8e56-4331-be2f-4c26f25c6739@group-946D1BF9C233: shutdown
2019-10-17 06:47:35,844 [grpc-default-executor-2] INFO  util.JmxRegister (JmxRegister.java:unregister(73)) - Successfully un-registered JMX Bean with object name Ratis:service=RaftServer,group=group-946D1BF9C233,id=b9cfa588-8e56-4331-be2f-4c26f25c6739
2019-10-17 06:47:35,844 [grpc-default-executor-2] INFO  impl.RoleInfo (RoleInfo.java:shutdownFollowerState(121)) - b9cfa588-8e56-4331-be2f-4c26f25c6739: shutdown FollowerState
2019-10-17 06:47:35,844 [grpc-default-executor-2] INFO  impl.StateMachineUpdater (StateMachineUpdater.java:stopAndJoin(136)) - b9cfa588-8e56-4331-be2f-4c26f25c6739@group-946D1BF9C233-StateMachineUpdater: set stopIndex = -1
2019-10-17 06:47:35,844 [Thread-1283] INFO  impl.FollowerState (FollowerState.java:run(117)) - b9cfa588-8e56-4331-be2f-4c26f25c6739@group-946D1BF9C233-FollowerState was interrupted: java.lang.InterruptedException: sleep interrupted
2019-10-17 06:47:35,844 [grpc-default-executor-2] INFO  impl.RaftServerImpl (ServerState.java:close(388)) - b9cfa588-8e56-4331-be2f-4c26f25c6739@group-946D1BF9C233: closes. applyIndex: -1
2019-10-17 06:47:35,845 [b9cfa588-8e56-4331-be2f-4c26f25c6739@group-946D1BF9C233-SegmentedRaftLogWorker] INFO  segmented.SegmentedRaftLogWorker (SegmentedRaftLogWorker.java:run(316)) - b9cfa588-8e56-4331-be2f-4c26f25c6739@group-946D1BF9C233-SegmentedRaftLogWorker was interrupted, exiting. There are 0 tasks remaining in the queue.
2019-10-17 06:47:35,845 [grpc-default-executor-2] INFO  segmented.SegmentedRaftLogWorker (SegmentedRaftLogWorker.java:close(224)) - b9cfa588-8e56-4331-be2f-4c26f25c6739@group-946D1BF9C233-SegmentedRaftLogWorker close()
2019-10-17 06:47:35,849 [Thread-1133] INFO  pipeline.PipelineStateManager (PipelineStateManager.java:removePipeline(106)) - Pipeline Pipeline[ Id: 5a307180-86ec-46e7-9679-946d1bf9c233, Nodes: 7c431f9d-51bc-458b-a3a6-511ec217d887{ip: 192.168.34.62, host: pr-hdds-1868-lzclr-202649289, networkLocation: /default-rack, certSerialId: null}67f35358-9777-4ff9-96f4-8a61bc3a94fe{ip: 192.168.34.62, host: pr-hdds-1868-lzclr-202649289, networkLocation: /default-rack, certSerialId: null}b9cfa588-8e56-4331-be2f-4c26f25c6739{ip: 192.168.34.62, host: pr-hdds-1868-lzclr-202649289, networkLocation: /default-rack, certSerialId: null}, Type:RATIS, Factor:THREE, State:CLOSED] removed from db
2019-10-17 06:47:35,856 [grpc-default-executor-1] INFO  impl.RaftServerProxy (RaftServerProxy.java:addNew(89)) - 67f35358-9777-4ff9-96f4-8a61bc3a94fe: addNew group-21BA9BD4283D:[67f35358-9777-4ff9-96f4-8a61bc3a94fe:192.168.34.62:37037, 7c431f9d-51bc-458b-a3a6-511ec217d887:192.168.34.62:40420, b9cfa588-8e56-4331-be2f-4c26f25c6739:192.168.34.62:34777] returns group-21BA9BD4283D:java.util.concurrent.CompletableFuture@518c5948[Not completed]
2019-10-17 06:47:35,857 [grpc-default-executor-2] INFO  impl.RaftServerProxy (RaftServerProxy.java:addNew(89)) - b9cfa588-8e56-4331-be2f-4c26f25c6739: addNew group-21BA9BD4283D:[67f35358-9777-4ff9-96f4-8a61bc3a94fe:192.168.34.62:37037, 7c431f9d-51bc-458b-a3a6-511ec217d887:192.168.34.62:40420, b9cfa588-8e56-4331-be2f-4c26f25c6739:192.168.34.62:34777] returns group-21BA9BD4283D:java.util.concurrent.CompletableFuture@725014b7[Not completed]
2019-10-17 06:47:35,857 [grpc-default-executor-3] INFO  impl.RaftServerProxy (RaftServerProxy.java:addNew(89)) - 7c431f9d-51bc-458b-a3a6-511ec217d887: addNew group-21BA9BD4283D:[67f35358-9777-4ff9-96f4-8a61bc3a94fe:192.168.34.62:37037, 7c431f9d-51bc-458b-a3a6-511ec217d887:192.168.34.62:40420, b9cfa588-8e56-4331-be2f-4c26f25c6739:192.168.34.62:34777] returns group-21BA9BD4283D:java.util.concurrent.CompletableFuture@51303e7a[Not completed]
2019-10-17 06:47:35,858 [pool-187-thread-1] INFO  impl.RaftServerImpl (RaftServerImpl.java:<init>(104)) - 67f35358-9777-4ff9-96f4-8a61bc3a94fe: new RaftServerImpl for group-21BA9BD4283D:[67f35358-9777-4ff9-96f4-8a61bc3a94fe:192.168.34.62:37037, 7c431f9d-51bc-458b-a3a6-511ec217d887:192.168.34.62:40420, b9cfa588-8e56-4331-be2f-4c26f25c6739:192.168.34.62:34777] with ContainerStateMachine:uninitialized
2019-10-17 06:47:35,858 [pool-187-thread-1] INFO  server.RaftServerConfigKeys (ConfUtils.java:logGet(43)) - raft.server.rpc.timeout.min = 5s (custom)
2019-10-17 06:47:35,858 [pool-187-thread-1] INFO  server.RaftServerConfigKeys (ConfUtils.java:logGet(43)) - raft.server.rpc.timeout.max = 5200ms (custom)
2019-10-17 06:47:35,858 [pool-187-thread-1] INFO  server.RaftServerConfigKeys (ConfUtils.java:logGet(43)) - raft.server.rpcslowness.timeout = 120s (custom)
2019-10-17 06:47:35,858 [pool-187-thread-1] INFO  server.RaftServerConfigKeys (ConfUtils.java:logGet(43)) - raft.server.sleep.deviation.threshold = 300 (default)
2019-10-17 06:47:35,858 [pool-187-thread-1] INFO  server.RaftServerConfigKeys (ConfUtils.java:logGet(43)) - raft.server.log.appender.install.snapshot.enabled = false (custom)
2019-10-17 06:47:35,858 [pool-187-thread-1] INFO  impl.RaftServerImpl (ServerState.java:<init>(103)) - 67f35358-9777-4ff9-96f4-8a61bc3a94fe@group-21BA9BD4283D: ConfigurationManager, init=-1: [67f35358-9777-4ff9-96f4-8a61bc3a94fe:192.168.34.62:37037, 7c431f9d-51bc-458b-a3a6-511ec217d887:192.168.34.62:40420, b9cfa588-8e56-4331-be2f-4c26f25c6739:192.168.34.62:34777], old=null, confs=<EMPTY_MAP>
2019-10-17 06:47:35,858 [pool-187-thread-1] INFO  server.RaftServerConfigKeys (ConfUtils.java:logGet(43)) - raft.server.storage.dir = [/workdir/hadoop-ozone/integration-test/target/test-dir/MiniOzoneClusterImpl-3afb9865-6449-4209-9387-449993352e62/datanode-1/data/ratis] (custom)
2019-10-17 06:47:35,858 [pool-177-thread-1] INFO  impl.RaftServerImpl (RaftServerImpl.java:<init>(104)) - b9cfa588-8e56-4331-be2f-4c26f25c6739: new RaftServerImpl for group-21BA9BD4283D:[67f35358-9777-4ff9-96f4-8a61bc3a94fe:192.168.34.62:37037, 7c431f9d-51bc-458b-a3a6-511ec217d887:192.168.34.62:40420, b9cfa588-8e56-4331-be2f-4c26f25c6739:192.168.34.62:34777] with ContainerStateMachine:uninitialized
2019-10-17 06:47:35,859 [pool-187-thread-1] INFO  server.RaftServerConfigKeys (ConfUtils.java:logGet(43)) - raft.server.log.corruption.policy = EXCEPTION (default)
2019-10-17 06:47:35,859 [pool-177-thread-1] INFO  server.RaftServerConfigKeys (ConfUtils.java:logGet(43)) - raft.server.rpc.timeout.min = 5s (custom)
2019-10-17 06:47:35,859 [pool-187-thread-1] INFO  storage.RaftStorageDirectory (RaftStorageDirectory.java:analyzeStorage(246)) - The storage directory /workdir/hadoop-ozone/integration-test/target/test-dir/MiniOzoneClusterImpl-3afb9865-6449-4209-9387-449993352e62/datanode-1/data/ratis/3c8bf766-ed5f-4f8c-b994-21ba9bd4283d does not exist. Creating ...
2019-10-17 06:47:35,859 [pool-177-thread-1] INFO  server.RaftServerConfigKeys (ConfUtils.java:logGet(43)) - raft.server.rpc.timeout.max = 5200ms (custom)
2019-10-17 06:47:35,859 [pool-177-thread-1] INFO  server.RaftServerConfigKeys (ConfUtils.java:logGet(43)) - raft.server.rpcslowness.timeout = 120s (custom)
2019-10-17 06:47:35,860 [pool-197-thread-1] INFO  impl.RaftServerImpl (RaftServerImpl.java:<init>(104)) - 7c431f9d-51bc-458b-a3a6-511ec217d887: new RaftServerImpl for group-21BA9BD4283D:[67f35358-9777-4ff9-96f4-8a61bc3a94fe:192.168.34.62:37037, 7c431f9d-51bc-458b-a3a6-511ec217d887:192.168.34.62:40420, b9cfa588-8e56-4331-be2f-4c26f25c6739:192.168.34.62:34777] with ContainerStateMachine:uninitialized
2019-10-17 06:47:35,860 [pool-177-thread-1] INFO  server.RaftServerConfigKeys (ConfUtils.java:logGet(43)) - raft.server.sleep.deviation.threshold = 300 (default)
2019-10-17 06:47:35,860 [pool-197-thread-1] INFO  server.RaftServerConfigKeys (ConfUtils.java:logGet(43)) - raft.server.rpc.timeout.min = 5s (custom)
2019-10-17 06:47:35,860 [pool-177-thread-1] INFO  server.RaftServerConfigKeys (ConfUtils.java:logGet(43)) - raft.server.log.appender.install.snapshot.enabled = false (custom)
2019-10-17 06:47:35,860 [pool-197-thread-1] INFO  server.RaftServerConfigKeys (ConfUtils.java:logGet(43)) - raft.server.rpc.timeout.max = 5200ms (custom)
2019-10-17 06:47:35,861 [pool-177-thread-1] INFO  impl.RaftServerImpl (ServerState.java:<init>(103)) - b9cfa588-8e56-4331-be2f-4c26f25c6739@group-21BA9BD4283D: ConfigurationManager, init=-1: [67f35358-9777-4ff9-96f4-8a61bc3a94fe:192.168.34.62:37037, 7c431f9d-51bc-458b-a3a6-511ec217d887:192.168.34.62:40420, b9cfa588-8e56-4331-be2f-4c26f25c6739:192.168.34.62:34777], old=null, confs=<EMPTY_MAP>
2019-10-17 06:47:35,861 [pool-197-thread-1] INFO  server.RaftServerConfigKeys (ConfUtils.java:logGet(43)) - raft.server.rpcslowness.timeout = 120s (custom)
2019-10-17 06:47:35,861 [pool-177-thread-1] INFO  server.RaftServerConfigKeys (ConfUtils.java:logGet(43)) - raft.server.storage.dir = [/workdir/hadoop-ozone/integration-test/target/test-dir/MiniOzoneClusterImpl-3afb9865-6449-4209-9387-449993352e62/datanode-0/data/ratis] (custom)
2019-10-17 06:47:35,861 [pool-197-thread-1] INFO  server.RaftServerConfigKeys (ConfUtils.java:logGet(43)) - raft.server.sleep.deviation.threshold = 300 (default)
2019-10-17 06:47:35,861 [pool-197-thread-1] INFO  server.RaftServerConfigKeys (ConfUtils.java:logGet(43)) - raft.server.log.appender.install.snapshot.enabled = false (custom)
2019-10-17 06:47:35,861 [pool-177-thread-1] INFO  server.RaftServerConfigKeys (ConfUtils.java:logGet(43)) - raft.server.log.corruption.policy = EXCEPTION (default)
2019-10-17 06:47:35,861 [pool-197-thread-1] INFO  impl.RaftServerImpl (ServerState.java:<init>(103)) - 7c431f9d-51bc-458b-a3a6-511ec217d887@group-21BA9BD4283D: ConfigurationManager, init=-1: [67f35358-9777-4ff9-96f4-8a61bc3a94fe:192.168.34.62:37037, 7c431f9d-51bc-458b-a3a6-511ec217d887:192.168.34.62:40420, b9cfa588-8e56-4331-be2f-4c26f25c6739:192.168.34.62:34777], old=null, confs=<EMPTY_MAP>
2019-10-17 06:47:35,861 [pool-177-thread-1] INFO  storage.RaftStorageDirectory (RaftStorageDirectory.java:analyzeStorage(246)) - The storage directory /workdir/hadoop-ozone/integration-test/target/test-dir/MiniOzoneClusterImpl-3afb9865-6449-4209-9387-449993352e62/datanode-0/data/ratis/3c8bf766-ed5f-4f8c-b994-21ba9bd4283d does not exist. Creating ...
2019-10-17 06:47:35,862 [pool-197-thread-1] INFO  server.RaftServerConfigKeys (ConfUtils.java:logGet(43)) - raft.server.storage.dir = [/workdir/hadoop-ozone/integration-test/target/test-dir/MiniOzoneClusterImpl-3afb9865-6449-4209-9387-449993352e62/datanode-2/data/ratis] (custom)
2019-10-17 06:47:35,862 [pool-197-thread-1] INFO  server.RaftServerConfigKeys (ConfUtils.java:logGet(43)) - raft.server.log.corruption.policy = EXCEPTION (default)
2019-10-17 06:47:35,862 [pool-197-thread-1] INFO  storage.RaftStorageDirectory (RaftStorageDirectory.java:analyzeStorage(246)) - The storage directory /workdir/hadoop-ozone/integration-test/target/test-dir/MiniOzoneClusterImpl-3afb9865-6449-4209-9387-449993352e62/datanode-2/data/ratis/3c8bf766-ed5f-4f8c-b994-21ba9bd4283d does not exist. Creating ...
2019-10-17 06:47:35,884 [pool-177-thread-1] INFO  storage.RaftStorageDirectory (RaftStorageDirectory.java:tryLock(328)) - Lock on /workdir/hadoop-ozone/integration-test/target/test-dir/MiniOzoneClusterImpl-3afb9865-6449-4209-9387-449993352e62/datanode-0/data/ratis/3c8bf766-ed5f-4f8c-b994-21ba9bd4283d/in_use.lock acquired by nodename 32460@pr-hdds-1868-lzclr-202649289
2019-10-17 06:47:35,884 [pool-187-thread-1] INFO  storage.RaftStorageDirectory (RaftStorageDirectory.java:tryLock(328)) - Lock on /workdir/hadoop-ozone/integration-test/target/test-dir/MiniOzoneClusterImpl-3afb9865-6449-4209-9387-449993352e62/datanode-1/data/ratis/3c8bf766-ed5f-4f8c-b994-21ba9bd4283d/in_use.lock acquired by nodename 32460@pr-hdds-1868-lzclr-202649289
2019-10-17 06:47:35,884 [pool-197-thread-1] INFO  storage.RaftStorageDirectory (RaftStorageDirectory.java:tryLock(328)) - Lock on /workdir/hadoop-ozone/integration-test/target/test-dir/MiniOzoneClusterImpl-3afb9865-6449-4209-9387-449993352e62/datanode-2/data/ratis/3c8bf766-ed5f-4f8c-b994-21ba9bd4283d/in_use.lock acquired by nodename 32460@pr-hdds-1868-lzclr-202649289
2019-10-17 06:47:35,898 [pool-187-thread-1] INFO  storage.RaftStorage (RaftStorage.java:format(84)) - Storage directory /workdir/hadoop-ozone/integration-test/target/test-dir/MiniOzoneClusterImpl-3afb9865-6449-4209-9387-449993352e62/datanode-1/data/ratis/3c8bf766-ed5f-4f8c-b994-21ba9bd4283d has been successfully formatted.
2019-10-17 06:47:35,898 [pool-197-thread-1] INFO  storage.RaftStorage (RaftStorage.java:format(84)) - Storage directory /workdir/hadoop-ozone/integration-test/target/test-dir/MiniOzoneClusterImpl-3afb9865-6449-4209-9387-449993352e62/datanode-2/data/ratis/3c8bf766-ed5f-4f8c-b994-21ba9bd4283d has been successfully formatted.
2019-10-17 06:47:35,898 [pool-177-thread-1] INFO  storage.RaftStorage (RaftStorage.java:format(84)) - Storage directory /workdir/hadoop-ozone/integration-test/target/test-dir/MiniOzoneClusterImpl-3afb9865-6449-4209-9387-449993352e62/datanode-0/data/ratis/3c8bf766-ed5f-4f8c-b994-21ba9bd4283d has been successfully formatted.
2019-10-17 06:47:35,898 [pool-187-thread-1] INFO  ratis.ContainerStateMachine (ContainerStateMachine.java:loadSnapshot(233)) - group-21BA9BD4283D: The snapshot info is null. Setting the last applied indexto:(t:0, i:~)
2019-10-17 06:47:35,898 [pool-197-thread-1] INFO  ratis.ContainerStateMachine (ContainerStateMachine.java:loadSnapshot(233)) - group-21BA9BD4283D: The snapshot info is null. Setting the last applied indexto:(t:0, i:~)
2019-10-17 06:47:35,898 [pool-177-thread-1] INFO  ratis.ContainerStateMachine (ContainerStateMachine.java:loadSnapshot(233)) - group-21BA9BD4283D: The snapshot info is null. Setting the last applied indexto:(t:0, i:~)
2019-10-17 06:47:35,898 [pool-187-thread-1] INFO  server.RaftServerConfigKeys (ConfUtils.java:logGet(43)) - raft.server.notification.no-leader.timeout = 120s (custom)
2019-10-17 06:47:35,899 [pool-177-thread-1] INFO  server.RaftServerConfigKeys (ConfUtils.java:logGet(43)) - raft.server.notification.no-leader.timeout = 120s (custom)
2019-10-17 06:47:35,899 [pool-197-thread-1] INFO  server.RaftServerConfigKeys (ConfUtils.java:logGet(43)) - raft.server.notification.no-leader.timeout = 120s (custom)
2019-10-17 06:47:35,899 [pool-177-thread-1] INFO  server.RaftServerConfigKeys (ConfUtils.java:logGet(43)) - raft.server.log.use.memory = false (default)
2019-10-17 06:47:35,899 [pool-187-thread-1] INFO  server.RaftServerConfigKeys (ConfUtils.java:logGet(43)) - raft.server.log.use.memory = false (default)
2019-10-17 06:47:35,899 [pool-177-thread-1] INFO  server.RaftServerConfigKeys (ConfUtils.java:logGet(43)) - raft.server.log.purge.gap = 1000000 (custom)
2019-10-17 06:47:35,899 [pool-197-thread-1] INFO  server.RaftServerConfigKeys (ConfUtils.java:logGet(43)) - raft.server.log.use.memory = false (default)
2019-10-17 06:47:35,899 [pool-177-thread-1] INFO  server.RaftServerConfigKeys (ConfUtils.java:logGet(43)) - raft.server.log.appender.buffer.byte-limit = 33554432 (custom)
2019-10-17 06:47:35,899 [pool-187-thread-1] INFO  server.RaftServerConfigKeys (ConfUtils.java:logGet(43)) - raft.server.log.purge.gap = 1000000 (custom)
2019-10-17 06:47:35,900 [pool-177-thread-1] INFO  server.RaftServerConfigKeys (ConfUtils.java:logGet(43)) - raft.server.log.segment.size.max = 1048576 (custom)
2019-10-17 06:47:35,899 [pool-197-thread-1] INFO  server.RaftServerConfigKeys (ConfUtils.java:logGet(43)) - raft.server.log.purge.gap = 1000000 (custom)
2019-10-17 06:47:35,900 [pool-177-thread-1] INFO  server.RaftServerConfigKeys (ConfUtils.java:logGet(43)) - raft.server.log.segment.cache.num.max = 2 (custom)
2019-10-17 06:47:35,900 [pool-187-thread-1] INFO  server.RaftServerConfigKeys (ConfUtils.java:logGet(43)) - raft.server.log.appender.buffer.byte-limit = 33554432 (custom)
2019-10-17 06:47:35,900 [pool-177-thread-1] INFO  segmented.SegmentedRaftLogWorker (SegmentedRaftLogWorker.java:<init>(173)) - new b9cfa588-8e56-4331-be2f-4c26f25c6739@group-21BA9BD4283D-SegmentedRaftLogWorker for RaftStorage:Storage Directory /workdir/hadoop-ozone/integration-test/target/test-dir/MiniOzoneClusterImpl-3afb9865-6449-4209-9387-449993352e62/datanode-0/data/ratis/3c8bf766-ed5f-4f8c-b994-21ba9bd4283d
2019-10-17 06:47:35,900 [pool-197-thread-1] INFO  server.RaftServerConfigKeys (ConfUtils.java:logGet(43)) - raft.server.log.appender.buffer.byte-limit = 33554432 (custom)
2019-10-17 06:47:35,900 [pool-177-thread-1] INFO  server.RaftServerConfigKeys (ConfUtils.java:logGet(43)) - raft.server.log.queue.byte-limit = 2147483647 (custom)
2019-10-17 06:47:35,900 [pool-187-thread-1] INFO  server.RaftServerConfigKeys (ConfUtils.java:logGet(43)) - raft.server.log.segment.size.max = 1048576 (custom)
2019-10-17 06:47:35,900 [pool-177-thread-1] INFO  server.RaftServerConfigKeys (ConfUtils.java:logGet(43)) - raft.server.log.queue.element-limit = 1024 (custom)
2019-10-17 06:47:35,900 [pool-197-thread-1] INFO  server.RaftServerConfigKeys (ConfUtils.java:logGet(43)) - raft.server.log.segment.size.max = 1048576 (custom)
2019-10-17 06:47:35,900 [pool-177-thread-1] INFO  server.RaftServerConfigKeys (ConfUtils.java:logGet(43)) - raft.server.log.segment.size.max = 1048576 (custom)
2019-10-17 06:47:35,900 [pool-187-thread-1] INFO  server.RaftServerConfigKeys (ConfUtils.java:logGet(43)) - raft.server.log.segment.cache.num.max = 2 (custom)
2019-10-17 06:47:35,900 [pool-177-thread-1] INFO  server.RaftServerConfigKeys (ConfUtils.java:logGet(43)) - raft.server.log.preallocated.size = 16384 (custom)
2019-10-17 06:47:35,900 [pool-197-thread-1] INFO  server.RaftServerConfigKeys (ConfUtils.java:logGet(43)) - raft.server.log.segment.cache.num.max = 2 (custom)
2019-10-17 06:47:35,901 [pool-177-thread-1] INFO  server.RaftServerConfigKeys (ConfUtils.java:logGet(43)) - raft.server.log.write.buffer.size = 33554432 (custom)
2019-10-17 06:47:35,901 [pool-187-thread-1] INFO  segmented.SegmentedRaftLogWorker (SegmentedRaftLogWorker.java:<init>(173)) - new 67f35358-9777-4ff9-96f4-8a61bc3a94fe@group-21BA9BD4283D-SegmentedRaftLogWorker for RaftStorage:Storage Directory /workdir/hadoop-ozone/integration-test/target/test-dir/MiniOzoneClusterImpl-3afb9865-6449-4209-9387-449993352e62/datanode-1/data/ratis/3c8bf766-ed5f-4f8c-b994-21ba9bd4283d
2019-10-17 06:47:35,901 [pool-177-thread-1] INFO  server.RaftServerConfigKeys (ConfUtils.java:logGet(43)) - raft.server.log.force.sync.num = 128 (default)
2019-10-17 06:47:35,901 [pool-197-thread-1] INFO  segmented.SegmentedRaftLogWorker (SegmentedRaftLogWorker.java:<init>(173)) - new 7c431f9d-51bc-458b-a3a6-511ec217d887@group-21BA9BD4283D-SegmentedRaftLogWorker for RaftStorage:Storage Directory /workdir/hadoop-ozone/integration-test/target/test-dir/MiniOzoneClusterImpl-3afb9865-6449-4209-9387-449993352e62/datanode-2/data/ratis/3c8bf766-ed5f-4f8c-b994-21ba9bd4283d
2019-10-17 06:47:35,901 [pool-177-thread-1] INFO  server.RaftServerConfigKeys (ConfUtils.java:logGet(43)) - raft.server.log.statemachine.data.sync = true (default)
2019-10-17 06:47:35,901 [pool-187-thread-1] INFO  server.RaftServerConfigKeys (ConfUtils.java:logGet(43)) - raft.server.log.queue.byte-limit = 2147483647 (custom)
2019-10-17 06:47:35,901 [pool-177-thread-1] INFO  server.RaftServerConfigKeys (ConfUtils.java:logGet(43)) - raft.server.log.statemachine.data.sync.timeout = 10s (default)
2019-10-17 06:47:35,901 [pool-197-thread-1] INFO  server.RaftServerConfigKeys (ConfUtils.java:logGet(43)) - raft.server.log.queue.byte-limit = 2147483647 (custom)
2019-10-17 06:47:35,901 [pool-177-thread-1] INFO  server.RaftServerConfigKeys (ConfUtils.java:logGet(43)) - raft.server.log.statemachine.data.sync.timeout.retry = -1 (default)
2019-10-17 06:47:35,901 [pool-187-thread-1] INFO  server.RaftServerConfigKeys (ConfUtils.java:logGet(43)) - raft.server.log.queue.element-limit = 1024 (custom)
2019-10-17 06:47:35,901 [pool-197-thread-1] INFO  server.RaftServerConfigKeys (ConfUtils.java:logGet(43)) - raft.server.log.queue.element-limit = 1024 (custom)
2019-10-17 06:47:35,901 [pool-187-thread-1] INFO  server.RaftServerConfigKeys (ConfUtils.java:logGet(43)) - raft.server.log.segment.size.max = 1048576 (custom)
2019-10-17 06:47:35,901 [pool-177-thread-1] INFO  server.RaftServerConfigKeys (ConfUtils.java:logGet(43)) - raft.server.log.statemachine.data.caching.enabled = true (custom)
2019-10-17 06:47:35,902 [pool-187-thread-1] INFO  server.RaftServerConfigKeys (ConfUtils.java:logGet(43)) - raft.server.log.preallocated.size = 16384 (custom)
2019-10-17 06:47:35,902 [pool-197-thread-1] INFO  server.RaftServerConfigKeys (ConfUtils.java:logGet(43)) - raft.server.log.segment.size.max = 1048576 (custom)
2019-10-17 06:47:35,902 [pool-187-thread-1] INFO  server.RaftServerConfigKeys (ConfUtils.java:logGet(43)) - raft.server.log.write.buffer.size = 33554432 (custom)
2019-10-17 06:47:35,902 [pool-177-thread-1] INFO  segmented.SegmentedRaftLogWorker (SegmentedRaftLogWorker.java:lambda$new$0(128)) - b9cfa588-8e56-4331-be2f-4c26f25c6739@group-21BA9BD4283D-SegmentedRaftLogWorker: flushIndex: setUnconditionally 0 -> -1
2019-10-17 06:47:35,902 [pool-197-thread-1] INFO  server.RaftServerConfigKeys (ConfUtils.java:logGet(43)) - raft.server.log.preallocated.size = 16384 (custom)
2019-10-17 06:47:35,902 [pool-187-thread-1] INFO  server.RaftServerConfigKeys (ConfUtils.java:logGet(43)) - raft.server.log.force.sync.num = 128 (default)
2019-10-17 06:47:35,902 [pool-177-thread-1] INFO  server.RaftServerConfigKeys (ConfUtils.java:logGet(43)) - raft.server.snapshot.auto.trigger.enabled = true (custom)
2019-10-17 06:47:35,902 [pool-197-thread-1] INFO  server.RaftServerConfigKeys (ConfUtils.java:logGet(43)) - raft.server.log.write.buffer.size = 33554432 (custom)
2019-10-17 06:47:35,902 [pool-177-thread-1] INFO  server.RaftServerConfigKeys (ConfUtils.java:logGet(43)) - raft.server.snapshot.auto.trigger.threshold = 10000 (custom)
2019-10-17 06:47:35,902 [pool-187-thread-1] INFO  server.RaftServerConfigKeys (ConfUtils.java:logGet(43)) - raft.server.log.statemachine.data.sync = true (default)
2019-10-17 06:47:35,903 [pool-177-thread-1] INFO  server.RaftServerConfigKeys (ConfUtils.java:logGet(43)) - raft.server.snapshot.retention.file.num = 5 (custom)
2019-10-17 06:47:35,902 [pool-197-thread-1] INFO  server.RaftServerConfigKeys (ConfUtils.java:logGet(43)) - raft.server.log.force.sync.num = 128 (default)
2019-10-17 06:47:35,903 [pool-177-thread-1] INFO  server.RaftServerConfigKeys (ConfUtils.java:logGet(43)) - raft.server.retrycache.expirytime = 600000ms (custom)
2019-10-17 06:47:35,903 [pool-187-thread-1] INFO  server.RaftServerConfigKeys (ConfUtils.java:logGet(43)) - raft.server.log.statemachine.data.sync.timeout = 10s (default)
2019-10-17 06:47:35,903 [pool-197-thread-1] INFO  server.RaftServerConfigKeys (ConfUtils.java:logGet(43)) - raft.server.log.statemachine.data.sync = true (default)
2019-10-17 06:47:35,903 [pool-187-thread-1] INFO  server.RaftServerConfigKeys (ConfUtils.java:logGet(43)) - raft.server.log.statemachine.data.sync.timeout.retry = -1 (default)
2019-10-17 06:47:35,903 [pool-197-thread-1] INFO  server.RaftServerConfigKeys (ConfUtils.java:logGet(43)) - raft.server.log.statemachine.data.sync.timeout = 10s (default)
2019-10-17 06:47:35,903 [pool-187-thread-1] INFO  server.RaftServerConfigKeys (ConfUtils.java:logGet(43)) - raft.server.log.statemachine.data.caching.enabled = true (custom)
2019-10-17 06:47:35,903 [pool-197-thread-1] INFO  server.RaftServerConfigKeys (ConfUtils.java:logGet(43)) - raft.server.log.statemachine.data.sync.timeout.retry = -1 (default)
2019-10-17 06:47:35,903 [pool-187-thread-1] INFO  segmented.SegmentedRaftLogWorker (SegmentedRaftLogWorker.java:lambda$new$0(128)) - 67f35358-9777-4ff9-96f4-8a61bc3a94fe@group-21BA9BD4283D-SegmentedRaftLogWorker: flushIndex: setUnconditionally 0 -> -1
2019-10-17 06:47:35,904 [pool-187-thread-1] INFO  server.RaftServerConfigKeys (ConfUtils.java:logGet(43)) - raft.server.snapshot.auto.trigger.enabled = true (custom)
2019-10-17 06:47:35,904 [pool-197-thread-1] INFO  server.RaftServerConfigKeys (ConfUtils.java:logGet(43)) - raft.server.log.statemachine.data.caching.enabled = true (custom)
2019-10-17 06:47:35,904 [pool-187-thread-1] INFO  server.RaftServerConfigKeys (ConfUtils.java:logGet(43)) - raft.server.snapshot.auto.trigger.threshold = 10000 (custom)
2019-10-17 06:47:35,904 [pool-187-thread-1] INFO  server.RaftServerConfigKeys (ConfUtils.java:logGet(43)) - raft.server.snapshot.retention.file.num = 5 (custom)
2019-10-17 06:47:35,904 [pool-187-thread-1] INFO  server.RaftServerConfigKeys (ConfUtils.java:logGet(43)) - raft.server.retrycache.expirytime = 600000ms (custom)
2019-10-17 06:47:35,904 [pool-197-thread-1] INFO  segmented.SegmentedRaftLogWorker (SegmentedRaftLogWorker.java:lambda$new$0(128)) - 7c431f9d-51bc-458b-a3a6-511ec217d887@group-21BA9BD4283D-SegmentedRaftLogWorker: flushIndex: setUnconditionally 0 -> -1
2019-10-17 06:47:35,904 [pool-197-thread-1] INFO  server.RaftServerConfigKeys (ConfUtils.java:logGet(43)) - raft.server.snapshot.auto.trigger.enabled = true (custom)
2019-10-17 06:47:35,904 [pool-197-thread-1] INFO  server.RaftServerConfigKeys (ConfUtils.java:logGet(43)) - raft.server.snapshot.auto.trigger.threshold = 10000 (custom)
2019-10-17 06:47:35,904 [pool-177-thread-1] INFO  impl.RaftServerImpl (RaftServerImpl.java:start(195)) - b9cfa588-8e56-4331-be2f-4c26f25c6739@group-21BA9BD4283D: start as a follower, conf=-1: [67f35358-9777-4ff9-96f4-8a61bc3a94fe:192.168.34.62:37037, 7c431f9d-51bc-458b-a3a6-511ec217d887:192.168.34.62:40420, b9cfa588-8e56-4331-be2f-4c26f25c6739:192.168.34.62:34777], old=null
2019-10-17 06:47:35,904 [pool-197-thread-1] INFO  server.RaftServerConfigKeys (ConfUtils.java:logGet(43)) - raft.server.snapshot.retention.file.num = 5 (custom)
2019-10-17 06:47:35,905 [pool-177-thread-1] INFO  impl.RaftServerImpl (RaftServerImpl.java:setRole(184)) - b9cfa588-8e56-4331-be2f-4c26f25c6739@group-21BA9BD4283D: changes role from      null to FOLLOWER at term 0 for startAsFollower
2019-10-17 06:47:35,905 [pool-197-thread-1] INFO  server.RaftServerConfigKeys (ConfUtils.java:logGet(43)) - raft.server.retrycache.expirytime = 600000ms (custom)
2019-10-17 06:47:35,905 [pool-177-thread-1] INFO  impl.RoleInfo (RoleInfo.java:updateAndGet(143)) - b9cfa588-8e56-4331-be2f-4c26f25c6739: start FollowerState
2019-10-17 06:47:35,905 [pool-187-thread-1] INFO  impl.RaftServerImpl (RaftServerImpl.java:start(195)) - 67f35358-9777-4ff9-96f4-8a61bc3a94fe@group-21BA9BD4283D: start as a follower, conf=-1: [67f35358-9777-4ff9-96f4-8a61bc3a94fe:192.168.34.62:37037, 7c431f9d-51bc-458b-a3a6-511ec217d887:192.168.34.62:40420, b9cfa588-8e56-4331-be2f-4c26f25c6739:192.168.34.62:34777], old=null
2019-10-17 06:47:35,905 [pool-187-thread-1] INFO  impl.RaftServerImpl (RaftServerImpl.java:setRole(184)) - 67f35358-9777-4ff9-96f4-8a61bc3a94fe@group-21BA9BD4283D: changes role from      null to FOLLOWER at term 0 for startAsFollower
2019-10-17 06:47:35,905 [pool-177-thread-1] INFO  util.JmxRegister (JmxRegister.java:tryRegister(44)) - Successfully registered JMX Bean with object name Ratis:service=RaftServer,group=group-21BA9BD4283D,id=b9cfa588-8e56-4331-be2f-4c26f25c6739
2019-10-17 06:47:35,905 [pool-187-thread-1] INFO  impl.RoleInfo (RoleInfo.java:updateAndGet(143)) - 67f35358-9777-4ff9-96f4-8a61bc3a94fe: start FollowerState
2019-10-17 06:47:35,906 [pool-187-thread-1] INFO  util.JmxRegister (JmxRegister.java:tryRegister(44)) - Successfully registered JMX Bean with object name Ratis:service=RaftServer,group=group-21BA9BD4283D,id=67f35358-9777-4ff9-96f4-8a61bc3a94fe
2019-10-17 06:47:35,908 [pool-197-thread-1] INFO  impl.RaftServerImpl (RaftServerImpl.java:start(195)) - 7c431f9d-51bc-458b-a3a6-511ec217d887@group-21BA9BD4283D: start as a follower, conf=-1: [67f35358-9777-4ff9-96f4-8a61bc3a94fe:192.168.34.62:37037, 7c431f9d-51bc-458b-a3a6-511ec217d887:192.168.34.62:40420, b9cfa588-8e56-4331-be2f-4c26f25c6739:192.168.34.62:34777], old=null
2019-10-17 06:47:35,908 [pool-197-thread-1] INFO  impl.RaftServerImpl (RaftServerImpl.java:setRole(184)) - 7c431f9d-51bc-458b-a3a6-511ec217d887@group-21BA9BD4283D: changes role from      null to FOLLOWER at term 0 for startAsFollower
2019-10-17 06:47:35,908 [pool-197-thread-1] INFO  impl.RoleInfo (RoleInfo.java:updateAndGet(143)) - 7c431f9d-51bc-458b-a3a6-511ec217d887: start FollowerState
2019-10-17 06:47:35,908 [pool-197-thread-1] INFO  util.JmxRegister (JmxRegister.java:tryRegister(44)) - Successfully registered JMX Bean with object name Ratis:service=RaftServer,group=group-21BA9BD4283D,id=7c431f9d-51bc-458b-a3a6-511ec217d887
2019-10-17 06:47:35,912 [RatisPipelineUtilsThread] INFO  pipeline.PipelineStateManager (PipelineStateManager.java:addPipeline(55)) - Created pipeline Pipeline[ Id: 3c8bf766-ed5f-4f8c-b994-21ba9bd4283d, Nodes: 7c431f9d-51bc-458b-a3a6-511ec217d887{ip: 192.168.34.62, host: pr-hdds-1868-lzclr-202649289, networkLocation: /default-rack, certSerialId: null}67f35358-9777-4ff9-96f4-8a61bc3a94fe{ip: 192.168.34.62, host: pr-hdds-1868-lzclr-202649289, networkLocation: /default-rack, certSerialId: null}b9cfa588-8e56-4331-be2f-4c26f25c6739{ip: 192.168.34.62, host: pr-hdds-1868-lzclr-202649289, networkLocation: /default-rack, certSerialId: null}, Type:RATIS, Factor:THREE, State:ALLOCATED]
2019-10-17 06:47:35,927 [Thread-1294] INFO  impl.FollowerState (FollowerState.java:run(108)) - 67f35358-9777-4ff9-96f4-8a61bc3a94fe@group-21BA9BD4283D-FollowerState: change to CANDIDATE, lastRpcTime:21ms, electionTimeout:21ms
2019-10-17 06:47:35,927 [Thread-1294] INFO  impl.RoleInfo (RoleInfo.java:shutdownFollowerState(121)) - 67f35358-9777-4ff9-96f4-8a61bc3a94fe: shutdown FollowerState
2019-10-17 06:47:35,927 [Thread-1294] INFO  impl.RaftServerImpl (RaftServerImpl.java:setRole(184)) - 67f35358-9777-4ff9-96f4-8a61bc3a94fe@group-21BA9BD4283D: changes role from  FOLLOWER to CANDIDATE at term 0 for changeToCandidate
2019-10-17 06:47:35,927 [Thread-1294] INFO  impl.RoleInfo (RoleInfo.java:updateAndGet(143)) - 67f35358-9777-4ff9-96f4-8a61bc3a94fe: start LeaderElection
2019-10-17 06:47:35,942 [67f35358-9777-4ff9-96f4-8a61bc3a94fe@group-21BA9BD4283D-LeaderElection77] INFO  impl.LeaderElection (LeaderElection.java:askForVotes(178)) - 67f35358-9777-4ff9-96f4-8a61bc3a94fe@group-21BA9BD4283D-LeaderElection77: begin an election at term 1 for -1: [67f35358-9777-4ff9-96f4-8a61bc3a94fe:192.168.34.62:37037, 7c431f9d-51bc-458b-a3a6-511ec217d887:192.168.34.62:40420, b9cfa588-8e56-4331-be2f-4c26f25c6739:192.168.34.62:34777], old=null
2019-10-17 06:47:35,947 [grpc-default-executor-2] INFO  impl.RaftServerImpl (RaftServerImpl.java:setRole(184)) - 7c431f9d-51bc-458b-a3a6-511ec217d887@group-21BA9BD4283D: changes role from  FOLLOWER to FOLLOWER at term 1 for recognizeCandidate:67f35358-9777-4ff9-96f4-8a61bc3a94fe
2019-10-17 06:47:35,948 [grpc-default-executor-2] INFO  impl.RoleInfo (RoleInfo.java:shutdownFollowerState(121)) - 7c431f9d-51bc-458b-a3a6-511ec217d887: shutdown FollowerState
2019-10-17 06:47:35,948 [grpc-default-executor-3] INFO  impl.RaftServerImpl (RaftServerImpl.java:setRole(184)) - b9cfa588-8e56-4331-be2f-4c26f25c6739@group-21BA9BD4283D: changes role from  FOLLOWER to FOLLOWER at term 1 for recognizeCandidate:67f35358-9777-4ff9-96f4-8a61bc3a94fe
2019-10-17 06:47:35,949 [Thread-1295] INFO  impl.FollowerState (FollowerState.java:run(117)) - 7c431f9d-51bc-458b-a3a6-511ec217d887@group-21BA9BD4283D-FollowerState was interrupted: java.lang.InterruptedException: sleep interrupted
2019-10-17 06:47:35,949 [grpc-default-executor-2] INFO  impl.RoleInfo (RoleInfo.java:updateAndGet(143)) - 7c431f9d-51bc-458b-a3a6-511ec217d887: start FollowerState
2019-10-17 06:47:35,949 [grpc-default-executor-3] INFO  impl.RoleInfo (RoleInfo.java:shutdownFollowerState(121)) - b9cfa588-8e56-4331-be2f-4c26f25c6739: shutdown FollowerState
2019-10-17 06:47:35,949 [grpc-default-executor-3] INFO  impl.RoleInfo (RoleInfo.java:updateAndGet(143)) - b9cfa588-8e56-4331-be2f-4c26f25c6739: start FollowerState
2019-10-17 06:47:35,949 [Thread-1293] INFO  impl.FollowerState (FollowerState.java:run(117)) - b9cfa588-8e56-4331-be2f-4c26f25c6739@group-21BA9BD4283D-FollowerState was interrupted: java.lang.InterruptedException: sleep interrupted
2019-10-17 06:47:35,996 [Thread-1303] INFO  impl.FollowerState (FollowerState.java:run(108)) - b9cfa588-8e56-4331-be2f-4c26f25c6739@group-21BA9BD4283D-FollowerState: change to CANDIDATE, lastRpcTime:46ms, electionTimeout:35ms
2019-10-17 06:47:35,996 [Thread-1302] INFO  impl.FollowerState (FollowerState.java:run(108)) - 7c431f9d-51bc-458b-a3a6-511ec217d887@group-21BA9BD4283D-FollowerState: change to CANDIDATE, lastRpcTime:47ms, electionTimeout:20ms
2019-10-17 06:47:35,996 [Thread-1303] INFO  impl.RoleInfo (RoleInfo.java:shutdownFollowerState(121)) - b9cfa588-8e56-4331-be2f-4c26f25c6739: shutdown FollowerState
2019-10-17 06:47:35,996 [Thread-1302] INFO  impl.RoleInfo (RoleInfo.java:shutdownFollowerState(121)) - 7c431f9d-51bc-458b-a3a6-511ec217d887: shutdown FollowerState
2019-10-17 06:47:35,996 [Thread-1303] INFO  impl.RaftServerImpl (RaftServerImpl.java:setRole(184)) - b9cfa588-8e56-4331-be2f-4c26f25c6739@group-21BA9BD4283D: changes role from  FOLLOWER to CANDIDATE at term 1 for changeToCandidate
2019-10-17 06:47:35,997 [Thread-1302] INFO  impl.RaftServerImpl (RaftServerImpl.java:setRole(184)) - 7c431f9d-51bc-458b-a3a6-511ec217d887@group-21BA9BD4283D: changes role from  FOLLOWER to CANDIDATE at term 1 for changeToCandidate
2019-10-17 06:47:35,997 [Thread-1303] INFO  impl.RoleInfo (RoleInfo.java:updateAndGet(143)) - b9cfa588-8e56-4331-be2f-4c26f25c6739: start LeaderElection
2019-10-17 06:47:35,997 [Thread-1302] INFO  impl.RoleInfo (RoleInfo.java:updateAndGet(143)) - 7c431f9d-51bc-458b-a3a6-511ec217d887: start LeaderElection
2019-10-17 06:47:35,997 [67f35358-9777-4ff9-96f4-8a61bc3a94fe@group-21BA9BD4283D-LeaderElection77] INFO  impl.LeaderElection (LeaderElection.java:logAndReturn(56)) - 67f35358-9777-4ff9-96f4-8a61bc3a94fe@group-21BA9BD4283D-LeaderElection77: Election PASSED; received 1 response(s) [67f35358-9777-4ff9-96f4-8a61bc3a94fe<-b9cfa588-8e56-4331-be2f-4c26f25c6739#0:OK-t1] and 0 exception(s); 67f35358-9777-4ff9-96f4-8a61bc3a94fe@group-21BA9BD4283D:t1, leader=null, voted=67f35358-9777-4ff9-96f4-8a61bc3a94fe, raftlog=67f35358-9777-4ff9-96f4-8a61bc3a94fe@group-21BA9BD4283D-SegmentedRaftLog:OPENED:c-1,f-1,i0, conf=-1: [67f35358-9777-4ff9-96f4-8a61bc3a94fe:192.168.34.62:37037, 7c431f9d-51bc-458b-a3a6-511ec217d887:192.168.34.62:40420, b9cfa588-8e56-4331-be2f-4c26f25c6739:192.168.34.62:34777], old=null
2019-10-17 06:47:35,997 [67f35358-9777-4ff9-96f4-8a61bc3a94fe@group-21BA9BD4283D-LeaderElection77] INFO  impl.RoleInfo (RoleInfo.java:shutdownLeaderElection(134)) - 67f35358-9777-4ff9-96f4-8a61bc3a94fe: shutdown LeaderElection
2019-10-17 06:47:35,998 [67f35358-9777-4ff9-96f4-8a61bc3a94fe@group-21BA9BD4283D-LeaderElection77] INFO  impl.RaftServerImpl (RaftServerImpl.java:setRole(184)) - 67f35358-9777-4ff9-96f4-8a61bc3a94fe@group-21BA9BD4283D: changes role from CANDIDATE to LEADER at term 1 for changeToLeader
2019-10-17 06:47:35,998 [67f35358-9777-4ff9-96f4-8a61bc3a94fe@group-21BA9BD4283D-LeaderElection77] INFO  ratis.XceiverServerRatis (XceiverServerRatis.java:handleLeaderChangedNotification(699)) - Leader change notification received for group: group-21BA9BD4283D with new leaderId: 67f35358-9777-4ff9-96f4-8a61bc3a94fe
2019-10-17 06:47:35,998 [67f35358-9777-4ff9-96f4-8a61bc3a94fe@group-21BA9BD4283D-LeaderElection77] INFO  impl.RaftServerImpl (ServerState.java:setLeader(256)) - 67f35358-9777-4ff9-96f4-8a61bc3a94fe@group-21BA9BD4283D: change Leader from null to 67f35358-9777-4ff9-96f4-8a61bc3a94fe at term 1 for becomeLeader, leader elected after 99ms
2019-10-17 06:47:35,998 [67f35358-9777-4ff9-96f4-8a61bc3a94fe@group-21BA9BD4283D-LeaderElection77] INFO  server.RaftServerConfigKeys (ConfUtils.java:logGet(43)) - raft.server.staging.catchup.gap = 1000 (default)
2019-10-17 06:47:35,998 [67f35358-9777-4ff9-96f4-8a61bc3a94fe@group-21BA9BD4283D-LeaderElection77] INFO  server.RaftServerConfigKeys (ConfUtils.java:logGet(43)) - raft.server.rpc.sleep.time = 25ms (default)
2019-10-17 06:47:35,998 [67f35358-9777-4ff9-96f4-8a61bc3a94fe@group-21BA9BD4283D-LeaderElection77] INFO  server.RaftServerConfigKeys (ConfUtils.java:logGet(43)) - raft.server.write.element-limit = 4096 (default)
2019-10-17 06:47:35,999 [67f35358-9777-4ff9-96f4-8a61bc3a94fe@group-21BA9BD4283D-LeaderElection77] INFO  server.RaftServerConfigKeys (ConfUtils.java:logGet(43)) - raft.server.watch.timeout = 10s (default)
2019-10-17 06:47:35,999 [67f35358-9777-4ff9-96f4-8a61bc3a94fe@group-21BA9BD4283D-LeaderElection77] INFO  server.RaftServerConfigKeys (ConfUtils.java:logGet(43)) - raft.server.watch.timeout.denomination = 1s (default)
2019-10-17 06:47:35,999 [67f35358-9777-4ff9-96f4-8a61bc3a94fe@group-21BA9BD4283D-LeaderElection77] INFO  server.RaftServerConfigKeys (ConfUtils.java:logGet(43)) - raft.server.watch.element-limit = 65536 (default)
2019-10-17 06:47:35,999 [EventQueue-PipelineReportForPipelineReportHandler] INFO  pipeline.PipelineReportHandler (PipelineReportHandler.java:processPipelineReport(119)) - Pipeline PipelineID=3c8bf766-ed5f-4f8c-b994-21ba9bd4283d reported by 67f35358-9777-4ff9-96f4-8a61bc3a94fe{ip: 192.168.34.62, host: pr-hdds-1868-lzclr-202649289, networkLocation: /default-rack, certSerialId: null} with leaderId 67f35358-9777-4ff9-96f4-8a61bc3a94fe
2019-10-17 06:47:36,001 [67f35358-9777-4ff9-96f4-8a61bc3a94fe@group-21BA9BD4283D-LeaderElection77] INFO  server.RaftServerConfigKeys (ConfUtils.java:logGet(43)) - raft.server.log.appender.snapshot.chunk.size.max = 16MB (=16777216) (default)
2019-10-17 06:47:36,001 [67f35358-9777-4ff9-96f4-8a61bc3a94fe@group-21BA9BD4283D-LeaderElection77] INFO  server.RaftServerConfigKeys (ConfUtils.java:logGet(43)) - raft.server.log.appender.buffer.byte-limit = 33554432 (custom)
2019-10-17 06:47:36,001 [67f35358-9777-4ff9-96f4-8a61bc3a94fe@group-21BA9BD4283D-LeaderElection77] INFO  server.RaftServerConfigKeys (ConfUtils.java:logGet(43)) - raft.server.log.appender.buffer.element-limit = 1 (custom)
2019-10-17 06:47:36,001 [67f35358-9777-4ff9-96f4-8a61bc3a94fe@group-21BA9BD4283D-LeaderElection77] INFO  grpc.GrpcConfigKeys$Server (ConfUtils.java:logGet(43)) - raft.grpc.server.leader.outstanding.appends.max = 128 (default)
2019-10-17 06:47:36,001 [67f35358-9777-4ff9-96f4-8a61bc3a94fe@group-21BA9BD4283D-LeaderElection77] INFO  server.RaftServerConfigKeys (ConfUtils.java:logGet(43)) - raft.server.rpc.request.timeout = 3000ms (default)
2019-10-17 06:47:36,001 [67f35358-9777-4ff9-96f4-8a61bc3a94fe@group-21BA9BD4283D-LeaderElection77] INFO  server.RaftServerConfigKeys (ConfUtils.java:logGet(43)) - raft.server.log.appender.install.snapshot.enabled = false (custom)
2019-10-17 06:47:36,003 [67f35358-9777-4ff9-96f4-8a61bc3a94fe@group-21BA9BD4283D-LeaderElection77] INFO  server.RaftServerConfigKeys (ConfUtils.java:logGet(43)) - raft.server.log.appender.snapshot.chunk.size.max = 16MB (=16777216) (default)
2019-10-17 06:47:36,003 [67f35358-9777-4ff9-96f4-8a61bc3a94fe@group-21BA9BD4283D-LeaderElection77] INFO  server.RaftServerConfigKeys (ConfUtils.java:logGet(43)) - raft.server.log.appender.buffer.byte-limit = 33554432 (custom)
2019-10-17 06:47:36,003 [67f35358-9777-4ff9-96f4-8a61bc3a94fe@group-21BA9BD4283D-LeaderElection77] INFO  server.RaftServerConfigKeys (ConfUtils.java:logGet(43)) - raft.server.log.appender.buffer.element-limit = 1 (custom)
2019-10-17 06:47:36,003 [67f35358-9777-4ff9-96f4-8a61bc3a94fe@group-21BA9BD4283D-LeaderElection77] INFO  grpc.GrpcConfigKeys$Server (ConfUtils.java:logGet(43)) - raft.grpc.server.leader.outstanding.appends.max = 128 (default)
2019-10-17 06:47:36,004 [67f35358-9777-4ff9-96f4-8a61bc3a94fe@group-21BA9BD4283D-LeaderElection77] INFO  server.RaftServerConfigKeys (ConfUtils.java:logGet(43)) - raft.server.rpc.request.timeout = 3000ms (default)
2019-10-17 06:47:36,004 [67f35358-9777-4ff9-96f4-8a61bc3a94fe@group-21BA9BD4283D-LeaderElection77] INFO  server.RaftServerConfigKeys (ConfUtils.java:logGet(43)) - raft.server.log.appender.install.snapshot.enabled = false (custom)
2019-10-17 06:47:36,006 [67f35358-9777-4ff9-96f4-8a61bc3a94fe@group-21BA9BD4283D-LeaderElection77] INFO  impl.RoleInfo (RoleInfo.java:updateAndGet(143)) - 67f35358-9777-4ff9-96f4-8a61bc3a94fe: start LeaderState
2019-10-17 06:47:36,006 [67f35358-9777-4ff9-96f4-8a61bc3a94fe@group-21BA9BD4283D-LeaderElection77] INFO  segmented.SegmentedRaftLogWorker (SegmentedRaftLogWorker.java:startLogSegment(385)) - 67f35358-9777-4ff9-96f4-8a61bc3a94fe@group-21BA9BD4283D-SegmentedRaftLogWorker: Starting segment from index:0
2019-10-17 06:47:36,008 [67f35358-9777-4ff9-96f4-8a61bc3a94fe@group-21BA9BD4283D-LeaderElection77] INFO  impl.RaftServerImpl (ServerState.java:setRaftConf(357)) - 67f35358-9777-4ff9-96f4-8a61bc3a94fe@group-21BA9BD4283D: set configuration 0: [67f35358-9777-4ff9-96f4-8a61bc3a94fe:192.168.34.62:37037, 7c431f9d-51bc-458b-a3a6-511ec217d887:192.168.34.62:40420, b9cfa588-8e56-4331-be2f-4c26f25c6739:192.168.34.62:34777], old=null at 0
2019-10-17 06:47:36,016 [b9cfa588-8e56-4331-be2f-4c26f25c6739@group-21BA9BD4283D-LeaderElection78] INFO  impl.LeaderElection (LeaderElection.java:askForVotes(178)) - b9cfa588-8e56-4331-be2f-4c26f25c6739@group-21BA9BD4283D-LeaderElection78: begin an election at term 2 for -1: [67f35358-9777-4ff9-96f4-8a61bc3a94fe:192.168.34.62:37037, 7c431f9d-51bc-458b-a3a6-511ec217d887:192.168.34.62:40420, b9cfa588-8e56-4331-be2f-4c26f25c6739:192.168.34.62:34777], old=null
2019-10-17 06:47:36,016 [7c431f9d-51bc-458b-a3a6-511ec217d887@group-21BA9BD4283D-LeaderElection79] INFO  impl.LeaderElection (LeaderElection.java:askForVotes(178)) - 7c431f9d-51bc-458b-a3a6-511ec217d887@group-21BA9BD4283D-LeaderElection79: begin an election at term 2 for -1: [67f35358-9777-4ff9-96f4-8a61bc3a94fe:192.168.34.62:37037, 7c431f9d-51bc-458b-a3a6-511ec217d887:192.168.34.62:40420, b9cfa588-8e56-4331-be2f-4c26f25c6739:192.168.34.62:34777], old=null
2019-10-17 06:47:36,017 [Thread-1306] INFO  impl.RaftServerImpl (ServerState.java:setLeader(256)) - 67f35358-9777-4ff9-96f4-8a61bc3a94fe@group-21BA9BD4283D: change Leader from 67f35358-9777-4ff9-96f4-8a61bc3a94fe to null at term 2 for updateCurrentTerm
2019-10-17 06:47:36,017 [Thread-1306] INFO  impl.RaftServerImpl (RaftServerImpl.java:setRole(184)) - 67f35358-9777-4ff9-96f4-8a61bc3a94fe@group-21BA9BD4283D: changes role from    LEADER to FOLLOWER at term 2 for stepDown
2019-10-17 06:47:36,017 [Thread-1306] INFO  impl.RoleInfo (RoleInfo.java:shutdownLeaderState(104)) - 67f35358-9777-4ff9-96f4-8a61bc3a94fe: shutdown LeaderState
2019-10-17 06:47:36,044 [org.apache.ratis.server.impl.LogAppender$AppenderDaemon$$Lambda$416/976025154@64cdadc6] WARN  server.GrpcLogAppender (GrpcLogAppender.java:mayWait(149)) - 67f35358-9777-4ff9-96f4-8a61bc3a94fe@group-21BA9BD4283D->b9cfa588-8e56-4331-be2f-4c26f25c6739-GrpcLogAppender: Wait interrupted by java.lang.InterruptedException
2019-10-17 06:47:36,044 [Thread-1306] INFO  impl.PendingRequests (PendingRequests.java:sendNotLeaderResponses(202)) - 67f35358-9777-4ff9-96f4-8a61bc3a94fe@group-21BA9BD4283D-PendingRequests: sendNotLeaderResponses
2019-10-17 06:47:36,044 [b9cfa588-8e56-4331-be2f-4c26f25c6739@group-21BA9BD4283D-LeaderElection78] INFO  impl.LeaderElection (LeaderElection.java:logAndReturn(56)) - b9cfa588-8e56-4331-be2f-4c26f25c6739@group-21BA9BD4283D-LeaderElection78: Election TIMEOUT; received 0 response(s) [] and 0 exception(s); b9cfa588-8e56-4331-be2f-4c26f25c6739@group-21BA9BD4283D:t2, leader=null, voted=b9cfa588-8e56-4331-be2f-4c26f25c6739, raftlog=b9cfa588-8e56-4331-be2f-4c26f25c6739@group-21BA9BD4283D-SegmentedRaftLog:OPENED:c-1,f-1,i0, conf=-1: [67f35358-9777-4ff9-96f4-8a61bc3a94fe:192.168.34.62:37037, 7c431f9d-51bc-458b-a3a6-511ec217d887:192.168.34.62:40420, b9cfa588-8e56-4331-be2f-4c26f25c6739:192.168.34.62:34777], old=null
2019-10-17 06:47:36,044 [org.apache.ratis.server.impl.LogAppender$AppenderDaemon$$Lambda$416/976025154@55525dc2] WARN  server.GrpcLogAppender (GrpcLogAppender.java:mayWait(149)) - 67f35358-9777-4ff9-96f4-8a61bc3a94fe@group-21BA9BD4283D->7c431f9d-51bc-458b-a3a6-511ec217d887-GrpcLogAppender: Wait interrupted by java.lang.InterruptedException
2019-10-17 06:47:36,044 [Thread-1306] INFO  impl.RoleInfo (RoleInfo.java:updateAndGet(143)) - 67f35358-9777-4ff9-96f4-8a61bc3a94fe: start FollowerState
2019-10-17 06:47:36,045 [grpc-default-executor-1] INFO  server.GrpcServerProtocolService (GrpcServerProtocolService.java:onCompleted(113)) - 7c431f9d-51bc-458b-a3a6-511ec217d887: Completed APPEND_ENTRIES, lastRequest: 67f35358-9777-4ff9-96f4-8a61bc3a94fe->7c431f9d-51bc-458b-a3a6-511ec217d887#0-t1, previous=(t:0, i:0), leaderCommit=-1, initializing? false, entries: <empty>
2019-10-17 06:47:36,045 [grpc-default-executor-2] INFO  server.GrpcLogAppender (GrpcLogAppender.java:onCompleted(308)) - 67f35358-9777-4ff9-96f4-8a61bc3a94fe@group-21BA9BD4283D->7c431f9d-51bc-458b-a3a6-511ec217d887-AppendLogResponseHandler: follower responses appendEntries COMPLETED
2019-10-17 06:47:36,046 [grpc-default-executor-4] INFO  server.GrpcServerProtocolService (GrpcServerProtocolService.java:onCompleted(113)) - b9cfa588-8e56-4331-be2f-4c26f25c6739: Completed APPEND_ENTRIES, lastRequest: 67f35358-9777-4ff9-96f4-8a61bc3a94fe->b9cfa588-8e56-4331-be2f-4c26f25c6739#0-t1, previous=(t:0, i:0), leaderCommit=-1, initializing? false, entries: <empty>
2019-10-17 06:47:36,048 [grpc-default-executor-2] INFO  impl.FollowerInfo (FollowerInfo.java:lambda$new$0(51)) - 67f35358-9777-4ff9-96f4-8a61bc3a94fe@group-21BA9BD4283D->7c431f9d-51bc-458b-a3a6-511ec217d887: nextIndex: updateUnconditionally 0 -> 0
2019-10-17 06:47:36,055 [7c431f9d-51bc-458b-a3a6-511ec217d887@group-21BA9BD4283D-LeaderElection79] INFO  impl.LeaderElection (LeaderElection.java:logAndReturn(56)) - 7c431f9d-51bc-458b-a3a6-511ec217d887@group-21BA9BD4283D-LeaderElection79: Election TIMEOUT; received 0 response(s) [] and 0 exception(s); 7c431f9d-51bc-458b-a3a6-511ec217d887@group-21BA9BD4283D:t2, leader=null, voted=7c431f9d-51bc-458b-a3a6-511ec217d887, raftlog=7c431f9d-51bc-458b-a3a6-511ec217d887@group-21BA9BD4283D-SegmentedRaftLog:OPENED:c-1,f-1,i0, conf=-1: [67f35358-9777-4ff9-96f4-8a61bc3a94fe:192.168.34.62:37037, 7c431f9d-51bc-458b-a3a6-511ec217d887:192.168.34.62:40420, b9cfa588-8e56-4331-be2f-4c26f25c6739:192.168.34.62:34777], old=null
2019-10-17 06:47:36,058 [67f35358-9777-4ff9-96f4-8a61bc3a94fe@group-21BA9BD4283D-SegmentedRaftLogWorker] INFO  segmented.SegmentedRaftLogWorker (SegmentedRaftLogWorker.java:execute(576)) - 67f35358-9777-4ff9-96f4-8a61bc3a94fe@group-21BA9BD4283D-SegmentedRaftLogWorker: created new log segment /workdir/hadoop-ozone/integration-test/target/test-dir/MiniOzoneClusterImpl-3afb9865-6449-4209-9387-449993352e62/datanode-1/data/ratis/3c8bf766-ed5f-4f8c-b994-21ba9bd4283d/current/log_inprogress_0
2019-10-17 06:47:36,059 [b9cfa588-8e56-4331-be2f-4c26f25c6739@group-21BA9BD4283D-LeaderElection78] INFO  impl.LeaderElection (LeaderElection.java:askForVotes(178)) - b9cfa588-8e56-4331-be2f-4c26f25c6739@group-21BA9BD4283D-LeaderElection78: begin an election at term 3 for -1: [67f35358-9777-4ff9-96f4-8a61bc3a94fe:192.168.34.62:37037, 7c431f9d-51bc-458b-a3a6-511ec217d887:192.168.34.62:40420, b9cfa588-8e56-4331-be2f-4c26f25c6739:192.168.34.62:34777], old=null
2019-10-17 06:47:36,060 [7c431f9d-51bc-458b-a3a6-511ec217d887@group-21BA9BD4283D-LeaderElection79] INFO  impl.LeaderElection (LeaderElection.java:askForVotes(178)) - 7c431f9d-51bc-458b-a3a6-511ec217d887@group-21BA9BD4283D-LeaderElection79: begin an election at term 3 for -1: [67f35358-9777-4ff9-96f4-8a61bc3a94fe:192.168.34.62:37037, 7c431f9d-51bc-458b-a3a6-511ec217d887:192.168.34.62:40420, b9cfa588-8e56-4331-be2f-4c26f25c6739:192.168.34.62:34777], old=null
2019-10-17 06:47:36,060 [grpc-default-executor-4] INFO  impl.RaftServerImpl (RaftServerImpl.java:setRole(184)) - 67f35358-9777-4ff9-96f4-8a61bc3a94fe@group-21BA9BD4283D: changes role from  FOLLOWER to FOLLOWER at term 2 for recognizeCandidate:7c431f9d-51bc-458b-a3a6-511ec217d887
2019-10-17 06:47:36,061 [grpc-default-executor-4] INFO  impl.RoleInfo (RoleInfo.java:shutdownFollowerState(121)) - 67f35358-9777-4ff9-96f4-8a61bc3a94fe: shutdown FollowerState
2019-10-17 06:47:36,061 [Thread-1315] INFO  impl.FollowerState (FollowerState.java:run(117)) - 67f35358-9777-4ff9-96f4-8a61bc3a94fe@group-21BA9BD4283D-FollowerState was interrupted: java.lang.InterruptedException: sleep interrupted
2019-10-17 06:47:36,061 [grpc-default-executor-4] INFO  impl.RoleInfo (RoleInfo.java:updateAndGet(143)) - 67f35358-9777-4ff9-96f4-8a61bc3a94fe: start FollowerState
2019-10-17 06:47:36,061 [grpc-default-executor-0] INFO  impl.RaftServerImpl (RaftServerImpl.java:setRole(184)) - 67f35358-9777-4ff9-96f4-8a61bc3a94fe@group-21BA9BD4283D: changes role from  FOLLOWER to FOLLOWER at term 2 for recognizeCandidate:b9cfa588-8e56-4331-be2f-4c26f25c6739
2019-10-17 06:47:36,061 [grpc-default-executor-0] INFO  impl.RoleInfo (RoleInfo.java:shutdownFollowerState(121)) - 67f35358-9777-4ff9-96f4-8a61bc3a94fe: shutdown FollowerState
2019-10-17 06:47:36,062 [grpc-default-executor-0] INFO  impl.RoleInfo (RoleInfo.java:updateAndGet(143)) - 67f35358-9777-4ff9-96f4-8a61bc3a94fe: start FollowerState
2019-10-17 06:47:36,062 [Thread-1319] INFO  impl.FollowerState (FollowerState.java:run(117)) - 67f35358-9777-4ff9-96f4-8a61bc3a94fe@group-21BA9BD4283D-FollowerState was interrupted: java.lang.InterruptedException: sleep interrupted
2019-10-17 06:47:36,062 [grpc-default-executor-3] INFO  server.GrpcLogAppender (GrpcLogAppender.java:onCompleted(308)) - 67f35358-9777-4ff9-96f4-8a61bc3a94fe@group-21BA9BD4283D->b9cfa588-8e56-4331-be2f-4c26f25c6739-AppendLogResponseHandler: follower responses appendEntries COMPLETED
2019-10-17 06:47:36,064 [grpc-default-executor-3] INFO  impl.FollowerInfo (FollowerInfo.java:lambda$new$0(51)) - 67f35358-9777-4ff9-96f4-8a61bc3a94fe@group-21BA9BD4283D->b9cfa588-8e56-4331-be2f-4c26f25c6739: nextIndex: updateUnconditionally 0 -> 0
2019-10-17 06:47:36,064 [grpc-default-executor-4] INFO  impl.RaftServerImpl (RaftServerImpl.java:setRole(184)) - 67f35358-9777-4ff9-96f4-8a61bc3a94fe@group-21BA9BD4283D: changes role from  FOLLOWER to FOLLOWER at term 3 for recognizeCandidate:b9cfa588-8e56-4331-be2f-4c26f25c6739
2019-10-17 06:47:36,064 [grpc-default-executor-4] INFO  impl.RoleInfo (RoleInfo.java:shutdownFollowerState(121)) - 67f35358-9777-4ff9-96f4-8a61bc3a94fe: shutdown FollowerState
2019-10-17 06:47:36,064 [grpc-default-executor-4] INFO  impl.RoleInfo (RoleInfo.java:updateAndGet(143)) - 67f35358-9777-4ff9-96f4-8a61bc3a94fe: start FollowerState
2019-10-17 06:47:36,065 [Thread-1321] INFO  impl.FollowerState (FollowerState.java:run(117)) - 67f35358-9777-4ff9-96f4-8a61bc3a94fe@group-21BA9BD4283D-FollowerState was interrupted: java.lang.InterruptedException: sleep interrupted
2019-10-17 06:47:36,079 [grpc-default-executor-1] INFO  impl.RaftServerImpl (RaftServerImpl.java:setRole(184)) - 67f35358-9777-4ff9-96f4-8a61bc3a94fe@group-21BA9BD4283D: changes role from  FOLLOWER to FOLLOWER at term 3 for recognizeCandidate:7c431f9d-51bc-458b-a3a6-511ec217d887
2019-10-17 06:47:36,079 [grpc-default-executor-1] INFO  impl.RoleInfo (RoleInfo.java:shutdownFollowerState(121)) - 67f35358-9777-4ff9-96f4-8a61bc3a94fe: shutdown FollowerState
2019-10-17 06:47:36,079 [grpc-default-executor-1] INFO  impl.RoleInfo (RoleInfo.java:updateAndGet(143)) - 67f35358-9777-4ff9-96f4-8a61bc3a94fe: start FollowerState
2019-10-17 06:47:36,079 [Thread-1322] INFO  impl.FollowerState (FollowerState.java:run(117)) - 67f35358-9777-4ff9-96f4-8a61bc3a94fe@group-21BA9BD4283D-FollowerState was interrupted: java.lang.InterruptedException: sleep interrupted
2019-10-17 06:47:36,080 [b9cfa588-8e56-4331-be2f-4c26f25c6739@group-21BA9BD4283D-LeaderElection78] INFO  impl.LeaderElection (LeaderElection.java:logAndReturn(56)) - b9cfa588-8e56-4331-be2f-4c26f25c6739@group-21BA9BD4283D-LeaderElection78: Election REJECTED; received 2 response(s) [b9cfa588-8e56-4331-be2f-4c26f25c6739<-67f35358-9777-4ff9-96f4-8a61bc3a94fe#0:FAIL-t3, b9cfa588-8e56-4331-be2f-4c26f25c6739<-7c431f9d-51bc-458b-a3a6-511ec217d887#0:FAIL-t3] and 0 exception(s); b9cfa588-8e56-4331-be2f-4c26f25c6739@group-21BA9BD4283D:t3, leader=null, voted=b9cfa588-8e56-4331-be2f-4c26f25c6739, raftlog=b9cfa588-8e56-4331-be2f-4c26f25c6739@group-21BA9BD4283D-SegmentedRaftLog:OPENED:c-1,f-1,i0, conf=-1: [67f35358-9777-4ff9-96f4-8a61bc3a94fe:192.168.34.62:37037, 7c431f9d-51bc-458b-a3a6-511ec217d887:192.168.34.62:40420, b9cfa588-8e56-4331-be2f-4c26f25c6739:192.168.34.62:34777], old=null
2019-10-17 06:47:36,080 [b9cfa588-8e56-4331-be2f-4c26f25c6739@group-21BA9BD4283D-LeaderElection78] INFO  impl.RaftServerImpl (RaftServerImpl.java:setRole(184)) - b9cfa588-8e56-4331-be2f-4c26f25c6739@group-21BA9BD4283D: changes role from CANDIDATE to FOLLOWER at term 3 for DISCOVERED_A_NEW_TERM
2019-10-17 06:47:36,080 [7c431f9d-51bc-458b-a3a6-511ec217d887@group-21BA9BD4283D-LeaderElection79] INFO  impl.LeaderElection (LeaderElection.java:logAndReturn(56)) - 7c431f9d-51bc-458b-a3a6-511ec217d887@group-21BA9BD4283D-LeaderElection79: Election REJECTED; received 2 response(s) [7c431f9d-51bc-458b-a3a6-511ec217d887<-67f35358-9777-4ff9-96f4-8a61bc3a94fe#0:FAIL-t3, 7c431f9d-51bc-458b-a3a6-511ec217d887<-b9cfa588-8e56-4331-be2f-4c26f25c6739#0:FAIL-t3] and 0 exception(s); 7c431f9d-51bc-458b-a3a6-511ec217d887@group-21BA9BD4283D:t3, leader=null, voted=7c431f9d-51bc-458b-a3a6-511ec217d887, raftlog=7c431f9d-51bc-458b-a3a6-511ec217d887@group-21BA9BD4283D-SegmentedRaftLog:OPENED:c-1,f-1,i0, conf=-1: [67f35358-9777-4ff9-96f4-8a61bc3a94fe:192.168.34.62:37037, 7c431f9d-51bc-458b-a3a6-511ec217d887:192.168.34.62:40420, b9cfa588-8e56-4331-be2f-4c26f25c6739:192.168.34.62:34777], old=null
2019-10-17 06:47:36,080 [b9cfa588-8e56-4331-be2f-4c26f25c6739@group-21BA9BD4283D-LeaderElection78] INFO  impl.RoleInfo (RoleInfo.java:shutdownLeaderElection(134)) - b9cfa588-8e56-4331-be2f-4c26f25c6739: shutdown LeaderElection
2019-10-17 06:47:36,080 [7c431f9d-51bc-458b-a3a6-511ec217d887@group-21BA9BD4283D-LeaderElection79] INFO  impl.RaftServerImpl (RaftServerImpl.java:setRole(184)) - 7c431f9d-51bc-458b-a3a6-511ec217d887@group-21BA9BD4283D: changes role from CANDIDATE to FOLLOWER at term 3 for DISCOVERED_A_NEW_TERM
2019-10-17 06:47:36,080 [b9cfa588-8e56-4331-be2f-4c26f25c6739@group-21BA9BD4283D-LeaderElection78] INFO  impl.RoleInfo (RoleInfo.java:updateAndGet(143)) - b9cfa588-8e56-4331-be2f-4c26f25c6739: start FollowerState
2019-10-17 06:47:36,080 [7c431f9d-51bc-458b-a3a6-511ec217d887@group-21BA9BD4283D-LeaderElection79] INFO  impl.RoleInfo (RoleInfo.java:shutdownLeaderElection(134)) - 7c431f9d-51bc-458b-a3a6-511ec217d887: shutdown LeaderElection
2019-10-17 06:47:36,080 [7c431f9d-51bc-458b-a3a6-511ec217d887@group-21BA9BD4283D-LeaderElection79] INFO  impl.RoleInfo (RoleInfo.java:updateAndGet(143)) - 7c431f9d-51bc-458b-a3a6-511ec217d887: start FollowerState
2019-10-17 06:47:36,089 [main] INFO  ozone.MiniOzoneClusterImpl (MiniOzoneClusterImpl.java:lambda$waitForClusterToBeReady$2(164)) - Waiting for 1 number of pipelines out of 4, to report a leader.
2019-10-17 06:47:36,168 [Thread-1325] INFO  impl.FollowerState (FollowerState.java:run(108)) - 7c431f9d-51bc-458b-a3a6-511ec217d887@group-21BA9BD4283D-FollowerState: change to CANDIDATE, lastRpcTime:87ms, electionTimeout:87ms
2019-10-17 06:47:36,168 [Thread-1325] INFO  impl.RoleInfo (RoleInfo.java:shutdownFollowerState(121)) - 7c431f9d-51bc-458b-a3a6-511ec217d887: shutdown FollowerState
2019-10-17 06:47:36,168 [Thread-1325] INFO  impl.RaftServerImpl (RaftServerImpl.java:setRole(184)) - 7c431f9d-51bc-458b-a3a6-511ec217d887@group-21BA9BD4283D: changes role from  FOLLOWER to CANDIDATE at term 3 for changeToCandidate
2019-10-17 06:47:36,168 [Thread-1325] INFO  impl.RoleInfo (RoleInfo.java:updateAndGet(143)) - 7c431f9d-51bc-458b-a3a6-511ec217d887: start LeaderElection
2019-10-17 06:47:36,177 [7c431f9d-51bc-458b-a3a6-511ec217d887@group-21BA9BD4283D-LeaderElection80] INFO  impl.LeaderElection (LeaderElection.java:askForVotes(178)) - 7c431f9d-51bc-458b-a3a6-511ec217d887@group-21BA9BD4283D-LeaderElection80: begin an election at term 4 for -1: [67f35358-9777-4ff9-96f4-8a61bc3a94fe:192.168.34.62:37037, 7c431f9d-51bc-458b-a3a6-511ec217d887:192.168.34.62:40420, b9cfa588-8e56-4331-be2f-4c26f25c6739:192.168.34.62:34777], old=null
2019-10-17 06:47:36,179 [Thread-1324] INFO  impl.FollowerState (FollowerState.java:run(108)) - b9cfa588-8e56-4331-be2f-4c26f25c6739@group-21BA9BD4283D-FollowerState: change to CANDIDATE, lastRpcTime:98ms, electionTimeout:98ms
2019-10-17 06:47:36,179 [Thread-1324] INFO  impl.RoleInfo (RoleInfo.java:shutdownFollowerState(121)) - b9cfa588-8e56-4331-be2f-4c26f25c6739: shutdown FollowerState
2019-10-17 06:47:36,179 [Thread-1324] INFO  impl.RaftServerImpl (RaftServerImpl.java:setRole(184)) - b9cfa588-8e56-4331-be2f-4c26f25c6739@group-21BA9BD4283D: changes role from  FOLLOWER to CANDIDATE at term 3 for changeToCandidate
2019-10-17 06:47:36,179 [Thread-1324] INFO  impl.RoleInfo (RoleInfo.java:updateAndGet(143)) - b9cfa588-8e56-4331-be2f-4c26f25c6739: start LeaderElection
2019-10-17 06:47:36,179 [grpc-default-executor-1] INFO  impl.RaftServerImpl (RaftServerImpl.java:setRole(184)) - 67f35358-9777-4ff9-96f4-8a61bc3a94fe@group-21BA9BD4283D: changes role from  FOLLOWER to FOLLOWER at term 4 for recognizeCandidate:7c431f9d-51bc-458b-a3a6-511ec217d887
2019-10-17 06:47:36,179 [grpc-default-executor-4] INFO  impl.RaftServerImpl (RaftServerImpl.java:setRole(184)) - b9cfa588-8e56-4331-be2f-4c26f25c6739@group-21BA9BD4283D: changes role from CANDIDATE to FOLLOWER at term 4 for recognizeCandidate:7c431f9d-51bc-458b-a3a6-511ec217d887
2019-10-17 06:47:36,179 [grpc-default-executor-1] INFO  impl.RoleInfo (RoleInfo.java:shutdownFollowerState(121)) - 67f35358-9777-4ff9-96f4-8a61bc3a94fe: shutdown FollowerState
2019-10-17 06:47:36,180 [grpc-default-executor-4] INFO  impl.RoleInfo (RoleInfo.java:shutdownLeaderElection(134)) - b9cfa588-8e56-4331-be2f-4c26f25c6739: shutdown LeaderElection
2019-10-17 06:47:36,180 [Thread-1323] INFO  impl.FollowerState (FollowerState.java:run(117)) - 67f35358-9777-4ff9-96f4-8a61bc3a94fe@group-21BA9BD4283D-FollowerState was interrupted: java.lang.InterruptedException: sleep interrupted
2019-10-17 06:47:36,180 [grpc-default-executor-1] INFO  impl.RoleInfo (RoleInfo.java:updateAndGet(143)) - 67f35358-9777-4ff9-96f4-8a61bc3a94fe: start FollowerState
2019-10-17 06:47:36,180 [grpc-default-executor-4] INFO  impl.RoleInfo (RoleInfo.java:updateAndGet(143)) - b9cfa588-8e56-4331-be2f-4c26f25c6739: start FollowerState
2019-10-17 06:47:36,191 [7c431f9d-51bc-458b-a3a6-511ec217d887@group-21BA9BD4283D-LeaderElection80] INFO  impl.LeaderElection (LeaderElection.java:logAndReturn(56)) - 7c431f9d-51bc-458b-a3a6-511ec217d887@group-21BA9BD4283D-LeaderElection80: Election TIMEOUT; received 0 response(s) [] and 0 exception(s); 7c431f9d-51bc-458b-a3a6-511ec217d887@group-21BA9BD4283D:t4, leader=null, voted=7c431f9d-51bc-458b-a3a6-511ec217d887, raftlog=7c431f9d-51bc-458b-a3a6-511ec217d887@group-21BA9BD4283D-SegmentedRaftLog:OPENED:c-1,f-1,i0, conf=-1: [67f35358-9777-4ff9-96f4-8a61bc3a94fe:192.168.34.62:37037, 7c431f9d-51bc-458b-a3a6-511ec217d887:192.168.34.62:40420, b9cfa588-8e56-4331-be2f-4c26f25c6739:192.168.34.62:34777], old=null
2019-10-17 06:47:36,194 [7c431f9d-51bc-458b-a3a6-511ec217d887@group-21BA9BD4283D-LeaderElection80] INFO  impl.LeaderElection (LeaderElection.java:askForVotes(178)) - 7c431f9d-51bc-458b-a3a6-511ec217d887@group-21BA9BD4283D-LeaderElection80: begin an election at term 5 for -1: [67f35358-9777-4ff9-96f4-8a61bc3a94fe:192.168.34.62:37037, 7c431f9d-51bc-458b-a3a6-511ec217d887:192.168.34.62:40420, b9cfa588-8e56-4331-be2f-4c26f25c6739:192.168.34.62:34777], old=null
2019-10-17 06:47:36,196 [grpc-default-executor-4] INFO  impl.RaftServerImpl (RaftServerImpl.java:setRole(184)) - 67f35358-9777-4ff9-96f4-8a61bc3a94fe@group-21BA9BD4283D: changes role from  FOLLOWER to FOLLOWER at term 5 for recognizeCandidate:7c431f9d-51bc-458b-a3a6-511ec217d887
2019-10-17 06:47:36,196 [grpc-default-executor-4] INFO  impl.RoleInfo (RoleInfo.java:shutdownFollowerState(121)) - 67f35358-9777-4ff9-96f4-8a61bc3a94fe: shutdown FollowerState
2019-10-17 06:47:36,197 [grpc-default-executor-4] INFO  impl.RoleInfo (RoleInfo.java:updateAndGet(143)) - 67f35358-9777-4ff9-96f4-8a61bc3a94fe: start FollowerState
2019-10-17 06:47:36,197 [Thread-1330] INFO  impl.FollowerState (FollowerState.java:run(117)) - 67f35358-9777-4ff9-96f4-8a61bc3a94fe@group-21BA9BD4283D-FollowerState was interrupted: java.lang.InterruptedException: sleep interrupted
2019-10-17 06:47:36,211 [b9cfa588-8e56-4331-be2f-4c26f25c6739@group-21BA9BD4283D-LeaderElection81] INFO  impl.LeaderElection (LeaderElection.java:askForVotes(178)) - b9cfa588-8e56-4331-be2f-4c26f25c6739@group-21BA9BD4283D-LeaderElection81: begin an election at term 5 for -1: [67f35358-9777-4ff9-96f4-8a61bc3a94fe:192.168.34.62:37037, 7c431f9d-51bc-458b-a3a6-511ec217d887:192.168.34.62:40420, b9cfa588-8e56-4331-be2f-4c26f25c6739:192.168.34.62:34777], old=null
2019-10-17 06:47:36,212 [b9cfa588-8e56-4331-be2f-4c26f25c6739@group-21BA9BD4283D-LeaderElection81] INFO  impl.LeaderElection (LeaderElection.java:logAndReturn(56)) - b9cfa588-8e56-4331-be2f-4c26f25c6739@group-21BA9BD4283D-LeaderElection81: Election REJECTED; received 0 response(s) [] and 0 exception(s); b9cfa588-8e56-4331-be2f-4c26f25c6739@group-21BA9BD4283D:t5, leader=null, voted=b9cfa588-8e56-4331-be2f-4c26f25c6739, raftlog=b9cfa588-8e56-4331-be2f-4c26f25c6739@group-21BA9BD4283D-SegmentedRaftLog:OPENED:c-1,f-1,i0, conf=-1: [67f35358-9777-4ff9-96f4-8a61bc3a94fe:192.168.34.62:37037, 7c431f9d-51bc-458b-a3a6-511ec217d887:192.168.34.62:40420, b9cfa588-8e56-4331-be2f-4c26f25c6739:192.168.34.62:34777], old=null
2019-10-17 06:47:36,213 [7c431f9d-51bc-458b-a3a6-511ec217d887@group-21BA9BD4283D-LeaderElection80] INFO  impl.LeaderElection (LeaderElection.java:logAndReturn(56)) - 7c431f9d-51bc-458b-a3a6-511ec217d887@group-21BA9BD4283D-LeaderElection80: Election REJECTED; received 2 response(s) [7c431f9d-51bc-458b-a3a6-511ec217d887<-67f35358-9777-4ff9-96f4-8a61bc3a94fe#0:FAIL-t5, 7c431f9d-51bc-458b-a3a6-511ec217d887<-b9cfa588-8e56-4331-be2f-4c26f25c6739#0:FAIL-t5] and 0 exception(s); 7c431f9d-51bc-458b-a3a6-511ec217d887@group-21BA9BD4283D:t5, leader=null, voted=7c431f9d-51bc-458b-a3a6-511ec217d887, raftlog=7c431f9d-51bc-458b-a3a6-511ec217d887@group-21BA9BD4283D-SegmentedRaftLog:OPENED:c-1,f-1,i0, conf=-1: [67f35358-9777-4ff9-96f4-8a61bc3a94fe:192.168.34.62:37037, 7c431f9d-51bc-458b-a3a6-511ec217d887:192.168.34.62:40420, b9cfa588-8e56-4331-be2f-4c26f25c6739:192.168.34.62:34777], old=null
2019-10-17 06:47:36,213 [7c431f9d-51bc-458b-a3a6-511ec217d887@group-21BA9BD4283D-LeaderElection80] INFO  impl.RaftServerImpl (RaftServerImpl.java:setRole(184)) - 7c431f9d-51bc-458b-a3a6-511ec217d887@group-21BA9BD4283D: changes role from CANDIDATE to FOLLOWER at term 5 for DISCOVERED_A_NEW_TERM
2019-10-17 06:47:36,213 [7c431f9d-51bc-458b-a3a6-511ec217d887@group-21BA9BD4283D-LeaderElection80] INFO  impl.RoleInfo (RoleInfo.java:shutdownLeaderElection(134)) - 7c431f9d-51bc-458b-a3a6-511ec217d887: shutdown LeaderElection
2019-10-17 06:47:36,213 [7c431f9d-51bc-458b-a3a6-511ec217d887@group-21BA9BD4283D-LeaderElection80] INFO  impl.RoleInfo (RoleInfo.java:updateAndGet(143)) - 7c431f9d-51bc-458b-a3a6-511ec217d887: start FollowerState
2019-10-17 06:47:36,214 [grpc-default-executor-4] INFO  impl.RaftServerImpl (RaftServerImpl.java:setRole(184)) - 67f35358-9777-4ff9-96f4-8a61bc3a94fe@group-21BA9BD4283D: changes role from  FOLLOWER to FOLLOWER at term 5 for recognizeCandidate:b9cfa588-8e56-4331-be2f-4c26f25c6739
2019-10-17 06:47:36,214 [grpc-default-executor-4] INFO  impl.RoleInfo (RoleInfo.java:shutdownFollowerState(121)) - 67f35358-9777-4ff9-96f4-8a61bc3a94fe: shutdown FollowerState
2019-10-17 06:47:36,214 [grpc-default-executor-4] INFO  impl.RoleInfo (RoleInfo.java:updateAndGet(143)) - 67f35358-9777-4ff9-96f4-8a61bc3a94fe: start FollowerState
2019-10-17 06:47:36,214 [Thread-1334] INFO  impl.FollowerState (FollowerState.java:run(117)) - 67f35358-9777-4ff9-96f4-8a61bc3a94fe@group-21BA9BD4283D-FollowerState was interrupted: java.lang.InterruptedException: sleep interrupted
2019-10-17 06:47:36,237 [Thread-1331] INFO  impl.FollowerState (FollowerState.java:run(108)) - b9cfa588-8e56-4331-be2f-4c26f25c6739@group-21BA9BD4283D-FollowerState: change to CANDIDATE, lastRpcTime:57ms, electionTimeout:57ms
2019-10-17 06:47:36,237 [Thread-1331] INFO  impl.RoleInfo (RoleInfo.java:shutdownFollowerState(121)) - b9cfa588-8e56-4331-be2f-4c26f25c6739: shutdown FollowerState
2019-10-17 06:47:36,238 [Thread-1331] INFO  impl.RaftServerImpl (RaftServerImpl.java:setRole(184)) - b9cfa588-8e56-4331-be2f-4c26f25c6739@group-21BA9BD4283D: changes role from  FOLLOWER to CANDIDATE at term 5 for changeToCandidate
2019-10-17 06:47:36,238 [Thread-1331] INFO  impl.RoleInfo (RoleInfo.java:updateAndGet(143)) - b9cfa588-8e56-4331-be2f-4c26f25c6739: start LeaderElection
2019-10-17 06:47:36,253 [b9cfa588-8e56-4331-be2f-4c26f25c6739@group-21BA9BD4283D-LeaderElection82] INFO  impl.LeaderElection (LeaderElection.java:askForVotes(178)) - b9cfa588-8e56-4331-be2f-4c26f25c6739@group-21BA9BD4283D-LeaderElection82: begin an election at term 6 for -1: [67f35358-9777-4ff9-96f4-8a61bc3a94fe:192.168.34.62:37037, 7c431f9d-51bc-458b-a3a6-511ec217d887:192.168.34.62:40420, b9cfa588-8e56-4331-be2f-4c26f25c6739:192.168.34.62:34777], old=null
2019-10-17 06:47:36,255 [grpc-default-executor-4] INFO  impl.RaftServerImpl (RaftServerImpl.java:setRole(184)) - 7c431f9d-51bc-458b-a3a6-511ec217d887@group-21BA9BD4283D: changes role from  FOLLOWER to FOLLOWER at term 6 for recognizeCandidate:b9cfa588-8e56-4331-be2f-4c26f25c6739
2019-10-17 06:47:36,255 [grpc-default-executor-1] INFO  impl.RaftServerImpl (RaftServerImpl.java:setRole(184)) - 67f35358-9777-4ff9-96f4-8a61bc3a94fe@group-21BA9BD4283D: changes role from  FOLLOWER to FOLLOWER at term 6 for recognizeCandidate:b9cfa588-8e56-4331-be2f-4c26f25c6739
2019-10-17 06:47:36,256 [grpc-default-executor-1] INFO  impl.RoleInfo (RoleInfo.java:shutdownFollowerState(121)) - 67f35358-9777-4ff9-96f4-8a61bc3a94fe: shutdown FollowerState
2019-10-17 06:47:36,256 [grpc-default-executor-1] INFO  impl.RoleInfo (RoleInfo.java:updateAndGet(143)) - 67f35358-9777-4ff9-96f4-8a61bc3a94fe: start FollowerState
2019-10-17 06:47:36,255 [grpc-default-executor-4] INFO  impl.RoleInfo (RoleInfo.java:shutdownFollowerState(121)) - 7c431f9d-51bc-458b-a3a6-511ec217d887: shutdown FollowerState
2019-10-17 06:47:36,256 [Thread-1338] INFO  impl.FollowerState (FollowerState.java:run(117)) - 67f35358-9777-4ff9-96f4-8a61bc3a94fe@group-21BA9BD4283D-FollowerState was interrupted: java.lang.InterruptedException: sleep interrupted
2019-10-17 06:47:36,256 [grpc-default-executor-4] INFO  impl.RoleInfo (RoleInfo.java:updateAndGet(143)) - 7c431f9d-51bc-458b-a3a6-511ec217d887: start FollowerState
2019-10-17 06:47:36,257 [Thread-1337] INFO  impl.FollowerState (FollowerState.java:run(117)) - 7c431f9d-51bc-458b-a3a6-511ec217d887@group-21BA9BD4283D-FollowerState was interrupted: java.lang.InterruptedException: sleep interrupted
2019-10-17 06:47:36,280 [b9cfa588-8e56-4331-be2f-4c26f25c6739@group-21BA9BD4283D-LeaderElection82] INFO  impl.LeaderElection (LeaderElection.java:logAndReturn(56)) - b9cfa588-8e56-4331-be2f-4c26f25c6739@group-21BA9BD4283D-LeaderElection82: Election PASSED; received 2 response(s) [b9cfa588-8e56-4331-be2f-4c26f25c6739<-67f35358-9777-4ff9-96f4-8a61bc3a94fe#0:FAIL-t6, b9cfa588-8e56-4331-be2f-4c26f25c6739<-7c431f9d-51bc-458b-a3a6-511ec217d887#0:OK-t6] and 0 exception(s); b9cfa588-8e56-4331-be2f-4c26f25c6739@group-21BA9BD4283D:t6, leader=null, voted=b9cfa588-8e56-4331-be2f-4c26f25c6739, raftlog=b9cfa588-8e56-4331-be2f-4c26f25c6739@group-21BA9BD4283D-SegmentedRaftLog:OPENED:c-1,f-1,i0, conf=-1: [67f35358-9777-4ff9-96f4-8a61bc3a94fe:192.168.34.62:37037, 7c431f9d-51bc-458b-a3a6-511ec217d887:192.168.34.62:40420, b9cfa588-8e56-4331-be2f-4c26f25c6739:192.168.34.62:34777], old=null
2019-10-17 06:47:36,280 [b9cfa588-8e56-4331-be2f-4c26f25c6739@group-21BA9BD4283D-LeaderElection82] INFO  impl.RoleInfo (RoleInfo.java:shutdownLeaderElection(134)) - b9cfa588-8e56-4331-be2f-4c26f25c6739: shutdown LeaderElection
2019-10-17 06:47:36,280 [b9cfa588-8e56-4331-be2f-4c26f25c6739@group-21BA9BD4283D-LeaderElection82] INFO  impl.RaftServerImpl (RaftServerImpl.java:setRole(184)) - b9cfa588-8e56-4331-be2f-4c26f25c6739@group-21BA9BD4283D: changes role from CANDIDATE to LEADER at term 6 for changeToLeader
2019-10-17 06:47:36,280 [b9cfa588-8e56-4331-be2f-4c26f25c6739@group-21BA9BD4283D-LeaderElection82] INFO  ratis.XceiverServerRatis (XceiverServerRatis.java:handleLeaderChangedNotification(699)) - Leader change notification received for group: group-21BA9BD4283D with new leaderId: b9cfa588-8e56-4331-be2f-4c26f25c6739
2019-10-17 06:47:36,280 [b9cfa588-8e56-4331-be2f-4c26f25c6739@group-21BA9BD4283D-LeaderElection82] INFO  impl.RaftServerImpl (ServerState.java:setLeader(256)) - b9cfa588-8e56-4331-be2f-4c26f25c6739@group-21BA9BD4283D: change Leader from null to b9cfa588-8e56-4331-be2f-4c26f25c6739 at term 6 for becomeLeader, leader elected after 381ms
2019-10-17 06:47:36,280 [b9cfa588-8e56-4331-be2f-4c26f25c6739@group-21BA9BD4283D-LeaderElection82] INFO  server.RaftServerConfigKeys (ConfUtils.java:logGet(43)) - raft.server.staging.catchup.gap = 1000 (default)
2019-10-17 06:47:36,280 [b9cfa588-8e56-4331-be2f-4c26f25c6739@group-21BA9BD4283D-LeaderElection82] INFO  server.RaftServerConfigKeys (ConfUtils.java:logGet(43)) - raft.server.rpc.sleep.time = 25ms (default)
2019-10-17 06:47:36,281 [b9cfa588-8e56-4331-be2f-4c26f25c6739@group-21BA9BD4283D-LeaderElection82] INFO  server.RaftServerConfigKeys (ConfUtils.java:logGet(43)) - raft.server.write.element-limit = 4096 (default)
2019-10-17 06:47:36,281 [b9cfa588-8e56-4331-be2f-4c26f25c6739@group-21BA9BD4283D-LeaderElection82] INFO  server.RaftServerConfigKeys (ConfUtils.java:logGet(43)) - raft.server.watch.timeout = 10s (default)
2019-10-17 06:47:36,281 [b9cfa588-8e56-4331-be2f-4c26f25c6739@group-21BA9BD4283D-LeaderElection82] INFO  server.RaftServerConfigKeys (ConfUtils.java:logGet(43)) - raft.server.watch.timeout.denomination = 1s (default)
2019-10-17 06:47:36,281 [b9cfa588-8e56-4331-be2f-4c26f25c6739@group-21BA9BD4283D-LeaderElection82] INFO  server.RaftServerConfigKeys (ConfUtils.java:logGet(43)) - raft.server.watch.element-limit = 65536 (default)
2019-10-17 06:47:36,281 [EventQueue-PipelineReportForPipelineReportHandler] INFO  pipeline.PipelineReportHandler (PipelineReportHandler.java:processPipelineReport(119)) - Pipeline PipelineID=3c8bf766-ed5f-4f8c-b994-21ba9bd4283d reported by b9cfa588-8e56-4331-be2f-4c26f25c6739{ip: 192.168.34.62, host: pr-hdds-1868-lzclr-202649289, networkLocation: /default-rack, certSerialId: null} with leaderId b9cfa588-8e56-4331-be2f-4c26f25c6739
2019-10-17 06:47:36,283 [b9cfa588-8e56-4331-be2f-4c26f25c6739@group-21BA9BD4283D-LeaderElection82] INFO  server.RaftServerConfigKeys (ConfUtils.java:logGet(43)) - raft.server.log.appender.snapshot.chunk.size.max = 16MB (=16777216) (default)
2019-10-17 06:47:36,283 [b9cfa588-8e56-4331-be2f-4c26f25c6739@group-21BA9BD4283D-LeaderElection82] INFO  server.RaftServerConfigKeys (ConfUtils.java:logGet(43)) - raft.server.log.appender.buffer.byte-limit = 33554432 (custom)
2019-10-17 06:47:36,283 [b9cfa588-8e56-4331-be2f-4c26f25c6739@group-21BA9BD4283D-LeaderElection82] INFO  server.RaftServerConfigKeys (ConfUtils.java:logGet(43)) - raft.server.log.appender.buffer.element-limit = 1 (custom)
2019-10-17 06:47:36,283 [b9cfa588-8e56-4331-be2f-4c26f25c6739@group-21BA9BD4283D-LeaderElection82] INFO  grpc.GrpcConfigKeys$Server (ConfUtils.java:logGet(43)) - raft.grpc.server.leader.outstanding.appends.max = 128 (default)
2019-10-17 06:47:36,283 [b9cfa588-8e56-4331-be2f-4c26f25c6739@group-21BA9BD4283D-LeaderElection82] INFO  server.RaftServerConfigKeys (ConfUtils.java:logGet(43)) - raft.server.rpc.request.timeout = 3000ms (default)
2019-10-17 06:47:36,283 [b9cfa588-8e56-4331-be2f-4c26f25c6739@group-21BA9BD4283D-LeaderElection82] INFO  server.RaftServerConfigKeys (ConfUtils.java:logGet(43)) - raft.server.log.appender.install.snapshot.enabled = false (custom)
2019-10-17 06:47:36,285 [b9cfa588-8e56-4331-be2f-4c26f25c6739@group-21BA9BD4283D-LeaderElection82] INFO  server.RaftServerConfigKeys (ConfUtils.java:logGet(43)) - raft.server.log.appender.snapshot.chunk.size.max = 16MB (=16777216) (default)
2019-10-17 06:47:36,285 [b9cfa588-8e56-4331-be2f-4c26f25c6739@group-21BA9BD4283D-LeaderElection82] INFO  server.RaftServerConfigKeys (ConfUtils.java:logGet(43)) - raft.server.log.appender.buffer.byte-limit = 33554432 (custom)
2019-10-17 06:47:36,285 [b9cfa588-8e56-4331-be2f-4c26f25c6739@group-21BA9BD4283D-LeaderElection82] INFO  server.RaftServerConfigKeys (ConfUtils.java:logGet(43)) - raft.server.log.appender.buffer.element-limit = 1 (custom)
2019-10-17 06:47:36,285 [b9cfa588-8e56-4331-be2f-4c26f25c6739@group-21BA9BD4283D-LeaderElection82] INFO  grpc.GrpcConfigKeys$Server (ConfUtils.java:logGet(43)) - raft.grpc.server.leader.outstanding.appends.max = 128 (default)
2019-10-17 06:47:36,285 [b9cfa588-8e56-4331-be2f-4c26f25c6739@group-21BA9BD4283D-LeaderElection82] INFO  server.RaftServerConfigKeys (ConfUtils.java:logGet(43)) - raft.server.rpc.request.timeout = 3000ms (default)
2019-10-17 06:47:36,285 [b9cfa588-8e56-4331-be2f-4c26f25c6739@group-21BA9BD4283D-LeaderElection82] INFO  server.RaftServerConfigKeys (ConfUtils.java:logGet(43)) - raft.server.log.appender.install.snapshot.enabled = false (custom)
2019-10-17 06:47:36,287 [b9cfa588-8e56-4331-be2f-4c26f25c6739@group-21BA9BD4283D-LeaderElection82] INFO  impl.RoleInfo (RoleInfo.java:updateAndGet(143)) - b9cfa588-8e56-4331-be2f-4c26f25c6739: start LeaderState
2019-10-17 06:47:36,287 [b9cfa588-8e56-4331-be2f-4c26f25c6739@group-21BA9BD4283D-LeaderElection82] INFO  segmented.SegmentedRaftLogWorker (SegmentedRaftLogWorker.java:startLogSegment(385)) - b9cfa588-8e56-4331-be2f-4c26f25c6739@group-21BA9BD4283D-SegmentedRaftLogWorker: Starting segment from index:0
2019-10-17 06:47:36,288 [b9cfa588-8e56-4331-be2f-4c26f25c6739@group-21BA9BD4283D-LeaderElection82] INFO  impl.RaftServerImpl (ServerState.java:setRaftConf(357)) - b9cfa588-8e56-4331-be2f-4c26f25c6739@group-21BA9BD4283D: set configuration 0: [67f35358-9777-4ff9-96f4-8a61bc3a94fe:192.168.34.62:37037, 7c431f9d-51bc-458b-a3a6-511ec217d887:192.168.34.62:40420, b9cfa588-8e56-4331-be2f-4c26f25c6739:192.168.34.62:34777], old=null at 0
2019-10-17 06:47:36,314 [Thread-1343] INFO  impl.FollowerState (FollowerState.java:run(108)) - 7c431f9d-51bc-458b-a3a6-511ec217d887@group-21BA9BD4283D-FollowerState: change to CANDIDATE, lastRpcTime:58ms, electionTimeout:52ms
2019-10-17 06:47:36,314 [Thread-1343] INFO  impl.RoleInfo (RoleInfo.java:shutdownFollowerState(121)) - 7c431f9d-51bc-458b-a3a6-511ec217d887: shutdown FollowerState
2019-10-17 06:47:36,315 [Thread-1343] INFO  impl.RaftServerImpl (RaftServerImpl.java:setRole(184)) - 7c431f9d-51bc-458b-a3a6-511ec217d887@group-21BA9BD4283D: changes role from  FOLLOWER to CANDIDATE at term 6 for changeToCandidate
2019-10-17 06:47:36,315 [Thread-1343] INFO  impl.RoleInfo (RoleInfo.java:updateAndGet(143)) - 7c431f9d-51bc-458b-a3a6-511ec217d887: start LeaderElection
2019-10-17 06:47:36,316 [grpc-default-executor-1] INFO  ratis.XceiverServerRatis (XceiverServerRatis.java:handleLeaderChangedNotification(699)) - Leader change notification received for group: group-21BA9BD4283D with new leaderId: b9cfa588-8e56-4331-be2f-4c26f25c6739
2019-10-17 06:47:36,316 [grpc-default-executor-1] INFO  impl.RaftServerImpl (ServerState.java:setLeader(256)) - 67f35358-9777-4ff9-96f4-8a61bc3a94fe@group-21BA9BD4283D: change Leader from null to b9cfa588-8e56-4331-be2f-4c26f25c6739 at term 6 for appendEntries, leader elected after 299ms
2019-10-17 06:47:36,318 [EventQueue-PipelineReportForPipelineReportHandler] INFO  pipeline.PipelineReportHandler (PipelineReportHandler.java:processPipelineReport(119)) - Pipeline PipelineID=3c8bf766-ed5f-4f8c-b994-21ba9bd4283d reported by 67f35358-9777-4ff9-96f4-8a61bc3a94fe{ip: 192.168.34.62, host: pr-hdds-1868-lzclr-202649289, networkLocation: /default-rack, certSerialId: null} with leaderId b9cfa588-8e56-4331-be2f-4c26f25c6739
2019-10-17 06:47:36,318 [grpc-default-executor-1] INFO  impl.RaftServerImpl (ServerState.java:setRaftConf(357)) - 67f35358-9777-4ff9-96f4-8a61bc3a94fe@group-21BA9BD4283D: set configuration 0: [67f35358-9777-4ff9-96f4-8a61bc3a94fe:192.168.34.62:37037, 7c431f9d-51bc-458b-a3a6-511ec217d887:192.168.34.62:40420, b9cfa588-8e56-4331-be2f-4c26f25c6739:192.168.34.62:34777], old=null at 0
2019-10-17 06:47:36,319 [grpc-default-executor-1] INFO  segmented.SegmentedRaftLogWorker (SegmentedRaftLogWorker.java:truncate(401)) - 67f35358-9777-4ff9-96f4-8a61bc3a94fe@group-21BA9BD4283D-SegmentedRaftLogWorker: Truncating segments toTruncate: null
  toDelete: [(0, 0) isOpen? true, length=0, newEndIndex=-1], start index 0
2019-10-17 06:47:36,319 [grpc-default-executor-1] INFO  segmented.SegmentedRaftLogWorker (SegmentedRaftLogWorker.java:startLogSegment(385)) - 67f35358-9777-4ff9-96f4-8a61bc3a94fe@group-21BA9BD4283D-SegmentedRaftLogWorker: Starting segment from index:0
2019-10-17 06:47:36,319 [67f35358-9777-4ff9-96f4-8a61bc3a94fe@group-21BA9BD4283D-SegmentedRaftLogWorker] INFO  segmented.SegmentedRaftLogWorker (SegmentedRaftLogWorker.java:execute(640)) - 67f35358-9777-4ff9-96f4-8a61bc3a94fe@group-21BA9BD4283D-SegmentedRaftLogWorker: Deleted log file /workdir/hadoop-ozone/integration-test/target/test-dir/MiniOzoneClusterImpl-3afb9865-6449-4209-9387-449993352e62/datanode-1/data/ratis/3c8bf766-ed5f-4f8c-b994-21ba9bd4283d/current/log_inprogress_0
2019-10-17 06:47:36,319 [67f35358-9777-4ff9-96f4-8a61bc3a94fe@group-21BA9BD4283D-SegmentedRaftLogWorker] INFO  segmented.SegmentedRaftLogWorker (SegmentedRaftLogWorker.java:lambda$new$0(128)) - 67f35358-9777-4ff9-96f4-8a61bc3a94fe@group-21BA9BD4283D-SegmentedRaftLogWorker: flushIndex: setUnconditionally 0 -> -1
2019-10-17 06:47:36,328 [b9cfa588-8e56-4331-be2f-4c26f25c6739@group-21BA9BD4283D-SegmentedRaftLogWorker] INFO  segmented.SegmentedRaftLogWorker (SegmentedRaftLogWorker.java:execute(576)) - b9cfa588-8e56-4331-be2f-4c26f25c6739@group-21BA9BD4283D-SegmentedRaftLogWorker: created new log segment /workdir/hadoop-ozone/integration-test/target/test-dir/MiniOzoneClusterImpl-3afb9865-6449-4209-9387-449993352e62/datanode-0/data/ratis/3c8bf766-ed5f-4f8c-b994-21ba9bd4283d/current/log_inprogress_0
2019-10-17 06:47:36,328 [7c431f9d-51bc-458b-a3a6-511ec217d887@group-21BA9BD4283D-LeaderElection83] INFO  impl.LeaderElection (LeaderElection.java:askForVotes(178)) - 7c431f9d-51bc-458b-a3a6-511ec217d887@group-21BA9BD4283D-LeaderElection83: begin an election at term 7 for -1: [67f35358-9777-4ff9-96f4-8a61bc3a94fe:192.168.34.62:37037, 7c431f9d-51bc-458b-a3a6-511ec217d887:192.168.34.62:40420, b9cfa588-8e56-4331-be2f-4c26f25c6739:192.168.34.62:34777], old=null
2019-10-17 06:47:36,329 [Thread-1344] INFO  impl.RaftServerImpl (ServerState.java:setLeader(256)) - b9cfa588-8e56-4331-be2f-4c26f25c6739@group-21BA9BD4283D: change Leader from b9cfa588-8e56-4331-be2f-4c26f25c6739 to null at term 7 for updateCurrentTerm
2019-10-17 06:47:36,329 [Thread-1344] INFO  impl.RaftServerImpl (RaftServerImpl.java:setRole(184)) - b9cfa588-8e56-4331-be2f-4c26f25c6739@group-21BA9BD4283D: changes role from    LEADER to FOLLOWER at term 7 for stepDown
2019-10-17 06:47:36,329 [Thread-1344] INFO  impl.RoleInfo (RoleInfo.java:shutdownLeaderState(104)) - b9cfa588-8e56-4331-be2f-4c26f25c6739: shutdown LeaderState
2019-10-17 06:47:36,344 [org.apache.ratis.server.impl.LogAppender$AppenderDaemon$$Lambda$416/976025154@7988b5f8] WARN  server.GrpcLogAppender (GrpcLogAppender.java:mayWait(149)) - b9cfa588-8e56-4331-be2f-4c26f25c6739@group-21BA9BD4283D->7c431f9d-51bc-458b-a3a6-511ec217d887-GrpcLogAppender: Wait interrupted by java.lang.InterruptedException
2019-10-17 06:47:36,344 [org.apache.ratis.server.impl.LogAppender$AppenderDaemon$$Lambda$416/976025154@488a186a] WARN  server.GrpcLogAppender (GrpcLogAppender.java:mayWait(149)) - b9cfa588-8e56-4331-be2f-4c26f25c6739@group-21BA9BD4283D->67f35358-9777-4ff9-96f4-8a61bc3a94fe-GrpcLogAppender: Wait interrupted by java.lang.InterruptedException
2019-10-17 06:47:36,344 [Thread-1344] INFO  impl.PendingRequests (PendingRequests.java:sendNotLeaderResponses(202)) - b9cfa588-8e56-4331-be2f-4c26f25c6739@group-21BA9BD4283D-PendingRequests: sendNotLeaderResponses
2019-10-17 06:47:36,344 [7c431f9d-51bc-458b-a3a6-511ec217d887@group-21BA9BD4283D-LeaderElection83] INFO  impl.LeaderElection (LeaderElection.java:logAndReturn(56)) - 7c431f9d-51bc-458b-a3a6-511ec217d887@group-21BA9BD4283D-LeaderElection83: Election TIMEOUT; received 0 response(s) [] and 0 exception(s); 7c431f9d-51bc-458b-a3a6-511ec217d887@group-21BA9BD4283D:t7, leader=null, voted=7c431f9d-51bc-458b-a3a6-511ec217d887, raftlog=7c431f9d-51bc-458b-a3a6-511ec217d887@group-21BA9BD4283D-SegmentedRaftLog:OPENED:c-1,f-1,i0, conf=-1: [67f35358-9777-4ff9-96f4-8a61bc3a94fe:192.168.34.62:37037, 7c431f9d-51bc-458b-a3a6-511ec217d887:192.168.34.62:40420, b9cfa588-8e56-4331-be2f-4c26f25c6739:192.168.34.62:34777], old=null
2019-10-17 06:47:36,344 [Thread-1344] INFO  impl.RoleInfo (RoleInfo.java:updateAndGet(143)) - b9cfa588-8e56-4331-be2f-4c26f25c6739: start FollowerState
2019-10-17 06:47:36,344 [grpc-default-executor-1] INFO  server.GrpcServerProtocolService (GrpcServerProtocolService.java:onCompleted(113)) - 7c431f9d-51bc-458b-a3a6-511ec217d887: Completed APPEND_ENTRIES, lastRequest: b9cfa588-8e56-4331-be2f-4c26f25c6739->7c431f9d-51bc-458b-a3a6-511ec217d887#0-t6, previous=(t:0, i:0), leaderCommit=-1, initializing? false, entries: <empty>
2019-10-17 06:47:36,344 [grpc-default-executor-4] INFO  server.GrpcServerProtocolService (GrpcServerProtocolService.java:onCompleted(113)) - 67f35358-9777-4ff9-96f4-8a61bc3a94fe: Completed APPEND_ENTRIES, lastRequest: b9cfa588-8e56-4331-be2f-4c26f25c6739->67f35358-9777-4ff9-96f4-8a61bc3a94fe#1-t6, previous=(t:0, i:0), leaderCommit=-1, initializing? false, entries: size=1, first=(t:6, i:0), CONFIGURATIONENTRY
2019-10-17 06:47:36,345 [grpc-default-executor-1] INFO  server.GrpcLogAppender (GrpcLogAppender.java:onCompleted(308)) - b9cfa588-8e56-4331-be2f-4c26f25c6739@group-21BA9BD4283D->7c431f9d-51bc-458b-a3a6-511ec217d887-AppendLogResponseHandler: follower responses appendEntries COMPLETED
2019-10-17 06:47:36,345 [grpc-default-executor-4] INFO  server.GrpcLogAppender (GrpcLogAppender.java:onCompleted(308)) - b9cfa588-8e56-4331-be2f-4c26f25c6739@group-21BA9BD4283D->67f35358-9777-4ff9-96f4-8a61bc3a94fe-AppendLogResponseHandler: follower responses appendEntries COMPLETED
2019-10-17 06:47:36,345 [grpc-default-executor-3] INFO  impl.RaftServerImpl (ServerState.java:setLeader(256)) - 67f35358-9777-4ff9-96f4-8a61bc3a94fe@group-21BA9BD4283D: change Leader from b9cfa588-8e56-4331-be2f-4c26f25c6739 to null at term 7 for updateCurrentTerm
2019-10-17 06:47:36,346 [grpc-default-executor-3] INFO  impl.RaftServerImpl (RaftServerImpl.java:setRole(184)) - 67f35358-9777-4ff9-96f4-8a61bc3a94fe@group-21BA9BD4283D: changes role from  FOLLOWER to FOLLOWER at term 7 for recognizeCandidate:7c431f9d-51bc-458b-a3a6-511ec217d887
2019-10-17 06:47:36,346 [grpc-default-executor-3] INFO  impl.RoleInfo (RoleInfo.java:shutdownFollowerState(121)) - 67f35358-9777-4ff9-96f4-8a61bc3a94fe: shutdown FollowerState
2019-10-17 06:47:36,346 [grpc-default-executor-3] INFO  impl.RoleInfo (RoleInfo.java:updateAndGet(143)) - 67f35358-9777-4ff9-96f4-8a61bc3a94fe: start FollowerState
2019-10-17 06:47:36,346 [grpc-default-executor-1] INFO  impl.FollowerInfo (FollowerInfo.java:lambda$new$0(51)) - b9cfa588-8e56-4331-be2f-4c26f25c6739@group-21BA9BD4283D->7c431f9d-51bc-458b-a3a6-511ec217d887: nextIndex: updateUnconditionally 0 -> 0
2019-10-17 06:47:36,346 [Thread-1342] INFO  impl.FollowerState (FollowerState.java:run(117)) - 67f35358-9777-4ff9-96f4-8a61bc3a94fe@group-21BA9BD4283D-FollowerState was interrupted: java.lang.InterruptedException: sleep interrupted
2019-10-17 06:47:36,347 [grpc-default-executor-4] INFO  impl.FollowerInfo (FollowerInfo.java:lambda$new$0(51)) - b9cfa588-8e56-4331-be2f-4c26f25c6739@group-21BA9BD4283D->67f35358-9777-4ff9-96f4-8a61bc3a94fe: nextIndex: updateUnconditionally 1 -> 0
2019-10-17 06:47:36,357 [67f35358-9777-4ff9-96f4-8a61bc3a94fe@group-21BA9BD4283D-SegmentedRaftLogWorker] INFO  segmented.SegmentedRaftLogWorker (SegmentedRaftLogWorker.java:execute(576)) - 67f35358-9777-4ff9-96f4-8a61bc3a94fe@group-21BA9BD4283D-SegmentedRaftLogWorker: created new log segment /workdir/hadoop-ozone/integration-test/target/test-dir/MiniOzoneClusterImpl-3afb9865-6449-4209-9387-449993352e62/datanode-1/data/ratis/3c8bf766-ed5f-4f8c-b994-21ba9bd4283d/current/log_inprogress_0
2019-10-17 06:47:36,361 [grpc-default-executor-2] INFO  impl.RaftServerImpl (RaftServerImpl.java:setRole(184)) - b9cfa588-8e56-4331-be2f-4c26f25c6739@group-21BA9BD4283D: changes role from  FOLLOWER to FOLLOWER at term 7 for recognizeCandidate:7c431f9d-51bc-458b-a3a6-511ec217d887
2019-10-17 06:47:36,361 [grpc-default-executor-2] INFO  impl.RoleInfo (RoleInfo.java:shutdownFollowerState(121)) - b9cfa588-8e56-4331-be2f-4c26f25c6739: shutdown FollowerState
2019-10-17 06:47:36,357 [7c431f9d-51bc-458b-a3a6-511ec217d887@group-21BA9BD4283D-LeaderElection83] INFO  impl.LeaderElection (LeaderElection.java:askForVotes(178)) - 7c431f9d-51bc-458b-a3a6-511ec217d887@group-21BA9BD4283D-LeaderElection83: begin an election at term 8 for -1: [67f35358-9777-4ff9-96f4-8a61bc3a94fe:192.168.34.62:37037, 7c431f9d-51bc-458b-a3a6-511ec217d887:192.168.34.62:40420, b9cfa588-8e56-4331-be2f-4c26f25c6739:192.168.34.62:34777], old=null
2019-10-17 06:47:36,361 [Thread-1353] INFO  impl.FollowerState (FollowerState.java:run(117)) - b9cfa588-8e56-4331-be2f-4c26f25c6739@group-21BA9BD4283D-FollowerState was interrupted: java.lang.InterruptedException: sleep interrupted
2019-10-17 06:47:36,361 [grpc-default-executor-2] INFO  impl.RoleInfo (RoleInfo.java:updateAndGet(143)) - b9cfa588-8e56-4331-be2f-4c26f25c6739: start FollowerState
2019-10-17 06:47:36,363 [grpc-default-executor-3] INFO  impl.RaftServerImpl (RaftServerImpl.java:setRole(184)) - b9cfa588-8e56-4331-be2f-4c26f25c6739@group-21BA9BD4283D: changes role from  FOLLOWER to FOLLOWER at term 8 for recognizeCandidate:7c431f9d-51bc-458b-a3a6-511ec217d887
2019-10-17 06:47:36,363 [grpc-default-executor-2] INFO  impl.RaftServerImpl (RaftServerImpl.java:setRole(184)) - 67f35358-9777-4ff9-96f4-8a61bc3a94fe@group-21BA9BD4283D: changes role from  FOLLOWER to FOLLOWER at term 8 for recognizeCandidate:7c431f9d-51bc-458b-a3a6-511ec217d887
2019-10-17 06:47:36,363 [grpc-default-executor-3] INFO  impl.RoleInfo (RoleInfo.java:shutdownFollowerState(121)) - b9cfa588-8e56-4331-be2f-4c26f25c6739: shutdown FollowerState
2019-10-17 06:47:36,363 [grpc-default-executor-2] INFO  impl.RoleInfo (RoleInfo.java:shutdownFollowerState(121)) - 67f35358-9777-4ff9-96f4-8a61bc3a94fe: shutdown FollowerState
2019-10-17 06:47:36,364 [Thread-1355] INFO  impl.FollowerState (FollowerState.java:run(117)) - b9cfa588-8e56-4331-be2f-4c26f25c6739@group-21BA9BD4283D-FollowerState was interrupted: java.lang.InterruptedException: sleep interrupted
2019-10-17 06:47:36,364 [Thread-1354] INFO  impl.FollowerState (FollowerState.java:run(117)) - 67f35358-9777-4ff9-96f4-8a61bc3a94fe@group-21BA9BD4283D-FollowerState was interrupted: java.lang.InterruptedException: sleep interrupted
2019-10-17 06:47:36,364 [grpc-default-executor-3] INFO  impl.RoleInfo (RoleInfo.java:updateAndGet(143)) - b9cfa588-8e56-4331-be2f-4c26f25c6739: start FollowerState
2019-10-17 06:47:36,364 [grpc-default-executor-2] INFO  impl.RoleInfo (RoleInfo.java:updateAndGet(143)) - 67f35358-9777-4ff9-96f4-8a61bc3a94fe: start FollowerState
2019-10-17 06:47:36,387 [7c431f9d-51bc-458b-a3a6-511ec217d887@group-21BA9BD4283D-LeaderElection83] INFO  impl.LeaderElection (LeaderElection.java:logAndReturn(56)) - 7c431f9d-51bc-458b-a3a6-511ec217d887@group-21BA9BD4283D-LeaderElection83: Election REJECTED; received 2 response(s) [7c431f9d-51bc-458b-a3a6-511ec217d887<-67f35358-9777-4ff9-96f4-8a61bc3a94fe#0:FAIL-t8, 7c431f9d-51bc-458b-a3a6-511ec217d887<-b9cfa588-8e56-4331-be2f-4c26f25c6739#0:FAIL-t8] and 0 exception(s); 7c431f9d-51bc-458b-a3a6-511ec217d887@group-21BA9BD4283D:t8, leader=null, voted=7c431f9d-51bc-458b-a3a6-511ec217d887, raftlog=7c431f9d-51bc-458b-a3a6-511ec217d887@group-21BA9BD4283D-SegmentedRaftLog:OPENED:c-1,f-1,i0, conf=-1: [67f35358-9777-4ff9-96f4-8a61bc3a94fe:192.168.34.62:37037, 7c431f9d-51bc-458b-a3a6-511ec217d887:192.168.34.62:40420, b9cfa588-8e56-4331-be2f-4c26f25c6739:192.168.34.62:34777], old=null
2019-10-17 06:47:36,387 [7c431f9d-51bc-458b-a3a6-511ec217d887@group-21BA9BD4283D-LeaderElection83] INFO  impl.RaftServerImpl (RaftServerImpl.java:setRole(184)) - 7c431f9d-51bc-458b-a3a6-511ec217d887@group-21BA9BD4283D: changes role from CANDIDATE to FOLLOWER at term 8 for DISCOVERED_A_NEW_TERM
2019-10-17 06:47:36,387 [7c431f9d-51bc-458b-a3a6-511ec217d887@group-21BA9BD4283D-LeaderElection83] INFO  impl.RoleInfo (RoleInfo.java:shutdownLeaderElection(134)) - 7c431f9d-51bc-458b-a3a6-511ec217d887: shutdown LeaderElection
2019-10-17 06:47:36,387 [7c431f9d-51bc-458b-a3a6-511ec217d887@group-21BA9BD4283D-LeaderElection83] INFO  impl.RoleInfo (RoleInfo.java:updateAndGet(143)) - 7c431f9d-51bc-458b-a3a6-511ec217d887: start FollowerState
2019-10-17 06:47:36,443 [Thread-1361] INFO  impl.FollowerState (FollowerState.java:run(108)) - 7c431f9d-51bc-458b-a3a6-511ec217d887@group-21BA9BD4283D-FollowerState: change to CANDIDATE, lastRpcTime:56ms, electionTimeout:56ms
2019-10-17 06:47:36,444 [Thread-1361] INFO  impl.RoleInfo (RoleInfo.java:shutdownFollowerState(121)) - 7c431f9d-51bc-458b-a3a6-511ec217d887: shutdown FollowerState
2019-10-17 06:47:36,444 [Thread-1361] INFO  impl.RaftServerImpl (RaftServerImpl.java:setRole(184)) - 7c431f9d-51bc-458b-a3a6-511ec217d887@group-21BA9BD4283D: changes role from  FOLLOWER to CANDIDATE at term 8 for changeToCandidate
2019-10-17 06:47:36,444 [Thread-1361] INFO  impl.RoleInfo (RoleInfo.java:updateAndGet(143)) - 7c431f9d-51bc-458b-a3a6-511ec217d887: start LeaderElection
2019-10-17 06:47:36,457 [7c431f9d-51bc-458b-a3a6-511ec217d887@group-21BA9BD4283D-LeaderElection84] INFO  impl.LeaderElection (LeaderElection.java:askForVotes(178)) - 7c431f9d-51bc-458b-a3a6-511ec217d887@group-21BA9BD4283D-LeaderElection84: begin an election at term 9 for -1: [67f35358-9777-4ff9-96f4-8a61bc3a94fe:192.168.34.62:37037, 7c431f9d-51bc-458b-a3a6-511ec217d887:192.168.34.62:40420, b9cfa588-8e56-4331-be2f-4c26f25c6739:192.168.34.62:34777], old=null
2019-10-17 06:47:36,460 [grpc-default-executor-2] INFO  impl.RaftServerImpl (RaftServerImpl.java:setRole(184)) - 67f35358-9777-4ff9-96f4-8a61bc3a94fe@group-21BA9BD4283D: changes role from  FOLLOWER to FOLLOWER at term 9 for recognizeCandidate:7c431f9d-51bc-458b-a3a6-511ec217d887
2019-10-17 06:47:36,461 [grpc-default-executor-3] INFO  impl.RaftServerImpl (RaftServerImpl.java:setRole(184)) - b9cfa588-8e56-4331-be2f-4c26f25c6739@group-21BA9BD4283D: changes role from  FOLLOWER to FOLLOWER at term 9 for recognizeCandidate:7c431f9d-51bc-458b-a3a6-511ec217d887
2019-10-17 06:47:36,461 [grpc-default-executor-2] INFO  impl.RoleInfo (RoleInfo.java:shutdownFollowerState(121)) - 67f35358-9777-4ff9-96f4-8a61bc3a94fe: shutdown FollowerState
2019-10-17 06:47:36,461 [grpc-default-executor-3] INFO  impl.RoleInfo (RoleInfo.java:shutdownFollowerState(121)) - b9cfa588-8e56-4331-be2f-4c26f25c6739: shutdown FollowerState
2019-10-17 06:47:36,461 [grpc-default-executor-2] INFO  impl.RoleInfo (RoleInfo.java:updateAndGet(143)) - 67f35358-9777-4ff9-96f4-8a61bc3a94fe: start FollowerState
2019-10-17 06:47:36,461 [Thread-1358] INFO  impl.FollowerState (FollowerState.java:run(117)) - b9cfa588-8e56-4331-be2f-4c26f25c6739@group-21BA9BD4283D-FollowerState was interrupted: java.lang.InterruptedException: sleep interrupted
2019-10-17 06:47:36,461 [grpc-default-executor-3] INFO  impl.RoleInfo (RoleInfo.java:updateAndGet(143)) - b9cfa588-8e56-4331-be2f-4c26f25c6739: start FollowerState
2019-10-17 06:47:36,461 [Thread-1359] INFO  impl.FollowerState (FollowerState.java:run(117)) - 67f35358-9777-4ff9-96f4-8a61bc3a94fe@group-21BA9BD4283D-FollowerState was interrupted: java.lang.InterruptedException: sleep interrupted
2019-10-17 06:47:36,482 [7c431f9d-51bc-458b-a3a6-511ec217d887@group-21BA9BD4283D-LeaderElection84] INFO  impl.LeaderElection (LeaderElection.java:logAndReturn(56)) - 7c431f9d-51bc-458b-a3a6-511ec217d887@group-21BA9BD4283D-LeaderElection84: Election REJECTED; received 2 response(s) [7c431f9d-51bc-458b-a3a6-511ec217d887<-67f35358-9777-4ff9-96f4-8a61bc3a94fe#0:FAIL-t9, 7c431f9d-51bc-458b-a3a6-511ec217d887<-b9cfa588-8e56-4331-be2f-4c26f25c6739#0:FAIL-t9] and 0 exception(s); 7c431f9d-51bc-458b-a3a6-511ec217d887@group-21BA9BD4283D:t9, leader=null, voted=7c431f9d-51bc-458b-a3a6-511ec217d887, raftlog=7c431f9d-51bc-458b-a3a6-511ec217d887@group-21BA9BD4283D-SegmentedRaftLog:OPENED:c-1,f-1,i0, conf=-1: [67f35358-9777-4ff9-96f4-8a61bc3a94fe:192.168.34.62:37037, 7c431f9d-51bc-458b-a3a6-511ec217d887:192.168.34.62:40420, b9cfa588-8e56-4331-be2f-4c26f25c6739:192.168.34.62:34777], old=null
2019-10-17 06:47:36,482 [7c431f9d-51bc-458b-a3a6-511ec217d887@group-21BA9BD4283D-LeaderElection84] INFO  impl.RaftServerImpl (RaftServerImpl.java:setRole(184)) - 7c431f9d-51bc-458b-a3a6-511ec217d887@group-21BA9BD4283D: changes role from CANDIDATE to FOLLOWER at term 9 for DISCOVERED_A_NEW_TERM
2019-10-17 06:47:36,482 [7c431f9d-51bc-458b-a3a6-511ec217d887@group-21BA9BD4283D-LeaderElection84] INFO  impl.RoleInfo (RoleInfo.java:shutdownLeaderElection(134)) - 7c431f9d-51bc-458b-a3a6-511ec217d887: shutdown LeaderElection
2019-10-17 06:47:36,482 [7c431f9d-51bc-458b-a3a6-511ec217d887@group-21BA9BD4283D-LeaderElection84] INFO  impl.RoleInfo (RoleInfo.java:updateAndGet(143)) - 7c431f9d-51bc-458b-a3a6-511ec217d887: start FollowerState
2019-10-17 06:47:36,612 [Thread-1367] INFO  impl.FollowerState (FollowerState.java:run(108)) - 7c431f9d-51bc-458b-a3a6-511ec217d887@group-21BA9BD4283D-FollowerState: change to CANDIDATE, lastRpcTime:129ms, electionTimeout:129ms
2019-10-17 06:47:36,612 [Thread-1367] INFO  impl.RoleInfo (RoleInfo.java:shutdownFollowerState(121)) - 7c431f9d-51bc-458b-a3a6-511ec217d887: shutdown FollowerState
2019-10-17 06:47:36,612 [Thread-1367] INFO  impl.RaftServerImpl (RaftServerImpl.java:setRole(184)) - 7c431f9d-51bc-458b-a3a6-511ec217d887@group-21BA9BD4283D: changes role from  FOLLOWER to CANDIDATE at term 9 for changeToCandidate
2019-10-17 06:47:36,612 [Thread-1367] INFO  impl.RoleInfo (RoleInfo.java:updateAndGet(143)) - 7c431f9d-51bc-458b-a3a6-511ec217d887: start LeaderElection
2019-10-17 06:47:36,626 [7c431f9d-51bc-458b-a3a6-511ec217d887@group-21BA9BD4283D-LeaderElection85] INFO  impl.LeaderElection (LeaderElection.java:askForVotes(178)) - 7c431f9d-51bc-458b-a3a6-511ec217d887@group-21BA9BD4283D-LeaderElection85: begin an election at term 10 for -1: [67f35358-9777-4ff9-96f4-8a61bc3a94fe:192.168.34.62:37037, 7c431f9d-51bc-458b-a3a6-511ec217d887:192.168.34.62:40420, b9cfa588-8e56-4331-be2f-4c26f25c6739:192.168.34.62:34777], old=null
2019-10-17 06:47:36,629 [grpc-default-executor-2] INFO  impl.RaftServerImpl (RaftServerImpl.java:setRole(184)) - b9cfa588-8e56-4331-be2f-4c26f25c6739@group-21BA9BD4283D: changes role from  FOLLOWER to FOLLOWER at term 10 for recognizeCandidate:7c431f9d-51bc-458b-a3a6-511ec217d887
2019-10-17 06:47:36,629 [grpc-default-executor-3] INFO  impl.RaftServerImpl (RaftServerImpl.java:setRole(184)) - 67f35358-9777-4ff9-96f4-8a61bc3a94fe@group-21BA9BD4283D: changes role from  FOLLOWER to FOLLOWER at term 10 for recognizeCandidate:7c431f9d-51bc-458b-a3a6-511ec217d887
2019-10-17 06:47:36,629 [grpc-default-executor-2] INFO  impl.RoleInfo (RoleInfo.java:shutdownFollowerState(121)) - b9cfa588-8e56-4331-be2f-4c26f25c6739: shutdown FollowerState
2019-10-17 06:47:36,630 [grpc-default-executor-3] INFO  impl.RoleInfo (RoleInfo.java:shutdownFollowerState(121)) - 67f35358-9777-4ff9-96f4-8a61bc3a94fe: shutdown FollowerState
2019-10-17 06:47:36,630 [grpc-default-executor-2] INFO  impl.RoleInfo (RoleInfo.java:updateAndGet(143)) - b9cfa588-8e56-4331-be2f-4c26f25c6739: start FollowerState
2019-10-17 06:47:36,630 [Thread-1366] INFO  impl.FollowerState (FollowerState.java:run(117)) - b9cfa588-8e56-4331-be2f-4c26f25c6739@group-21BA9BD4283D-FollowerState was interrupted: java.lang.InterruptedException: sleep interrupted
2019-10-17 06:47:36,630 [Thread-1365] INFO  impl.FollowerState (FollowerState.java:run(117)) - 67f35358-9777-4ff9-96f4-8a61bc3a94fe@group-21BA9BD4283D-FollowerState was interrupted: java.lang.InterruptedException: sleep interrupted
2019-10-17 06:47:36,630 [grpc-default-executor-3] INFO  impl.RoleInfo (RoleInfo.java:updateAndGet(143)) - 67f35358-9777-4ff9-96f4-8a61bc3a94fe: start FollowerState
2019-10-17 06:47:36,643 [7c431f9d-51bc-458b-a3a6-511ec217d887@group-21BA9BD4283D-LeaderElection85] INFO  impl.LeaderElection (LeaderElection.java:logAndReturn(56)) - 7c431f9d-51bc-458b-a3a6-511ec217d887@group-21BA9BD4283D-LeaderElection85: Election REJECTED; received 2 response(s) [7c431f9d-51bc-458b-a3a6-511ec217d887<-67f35358-9777-4ff9-96f4-8a61bc3a94fe#0:FAIL-t10, 7c431f9d-51bc-458b-a3a6-511ec217d887<-b9cfa588-8e56-4331-be2f-4c26f25c6739#0:FAIL-t10] and 0 exception(s); 7c431f9d-51bc-458b-a3a6-511ec217d887@group-21BA9BD4283D:t10, leader=null, voted=7c431f9d-51bc-458b-a3a6-511ec217d887, raftlog=7c431f9d-51bc-458b-a3a6-511ec217d887@group-21BA9BD4283D-SegmentedRaftLog:OPENED:c-1,f-1,i0, conf=-1: [67f35358-9777-4ff9-96f4-8a61bc3a94fe:192.168.34.62:37037, 7c431f9d-51bc-458b-a3a6-511ec217d887:192.168.34.62:40420, b9cfa588-8e56-4331-be2f-4c26f25c6739:192.168.34.62:34777], old=null
2019-10-17 06:47:36,644 [7c431f9d-51bc-458b-a3a6-511ec217d887@group-21BA9BD4283D-LeaderElection85] INFO  impl.RaftServerImpl (RaftServerImpl.java:setRole(184)) - 7c431f9d-51bc-458b-a3a6-511ec217d887@group-21BA9BD4283D: changes role from CANDIDATE to FOLLOWER at term 10 for DISCOVERED_A_NEW_TERM
2019-10-17 06:47:36,644 [7c431f9d-51bc-458b-a3a6-511ec217d887@group-21BA9BD4283D-LeaderElection85] INFO  impl.RoleInfo (RoleInfo.java:shutdownLeaderElection(134)) - 7c431f9d-51bc-458b-a3a6-511ec217d887: shutdown LeaderElection
2019-10-17 06:47:36,644 [7c431f9d-51bc-458b-a3a6-511ec217d887@group-21BA9BD4283D-LeaderElection85] INFO  impl.RoleInfo (RoleInfo.java:updateAndGet(143)) - 7c431f9d-51bc-458b-a3a6-511ec217d887: start FollowerState
2019-10-17 06:47:36,801 [Thread-1373] INFO  impl.FollowerState (FollowerState.java:run(108)) - 7c431f9d-51bc-458b-a3a6-511ec217d887@group-21BA9BD4283D-FollowerState: change to CANDIDATE, lastRpcTime:157ms, electionTimeout:157ms
2019-10-17 06:47:36,802 [Thread-1373] INFO  impl.RoleInfo (RoleInfo.java:shutdownFollowerState(121)) - 7c431f9d-51bc-458b-a3a6-511ec217d887: shutdown FollowerState
2019-10-17 06:47:36,802 [Thread-1373] INFO  impl.RaftServerImpl (RaftServerImpl.java:setRole(184)) - 7c431f9d-51bc-458b-a3a6-511ec217d887@group-21BA9BD4283D: changes role from  FOLLOWER to CANDIDATE at term 10 for changeToCandidate
2019-10-17 06:47:36,802 [Thread-1373] INFO  impl.RoleInfo (RoleInfo.java:updateAndGet(143)) - 7c431f9d-51bc-458b-a3a6-511ec217d887: start LeaderElection
2019-10-17 06:47:36,816 [7c431f9d-51bc-458b-a3a6-511ec217d887@group-21BA9BD4283D-LeaderElection86] INFO  impl.LeaderElection (LeaderElection.java:askForVotes(178)) - 7c431f9d-51bc-458b-a3a6-511ec217d887@group-21BA9BD4283D-LeaderElection86: begin an election at term 11 for -1: [67f35358-9777-4ff9-96f4-8a61bc3a94fe:192.168.34.62:37037, 7c431f9d-51bc-458b-a3a6-511ec217d887:192.168.34.62:40420, b9cfa588-8e56-4331-be2f-4c26f25c6739:192.168.34.62:34777], old=null
2019-10-17 06:47:36,818 [grpc-default-executor-2] INFO  impl.RaftServerImpl (RaftServerImpl.java:setRole(184)) - 67f35358-9777-4ff9-96f4-8a61bc3a94fe@group-21BA9BD4283D: changes role from  FOLLOWER to FOLLOWER at term 11 for recognizeCandidate:7c431f9d-51bc-458b-a3a6-511ec217d887
2019-10-17 06:47:36,818 [grpc-default-executor-3] INFO  impl.RaftServerImpl (RaftServerImpl.java:setRole(184)) - b9cfa588-8e56-4331-be2f-4c26f25c6739@group-21BA9BD4283D: changes role from  FOLLOWER to FOLLOWER at term 11 for recognizeCandidate:7c431f9d-51bc-458b-a3a6-511ec217d887
2019-10-17 06:47:36,819 [grpc-default-executor-2] INFO  impl.RoleInfo (RoleInfo.java:shutdownFollowerState(121)) - 67f35358-9777-4ff9-96f4-8a61bc3a94fe: shutdown FollowerState
2019-10-17 06:47:36,819 [grpc-default-executor-3] INFO  impl.RoleInfo (RoleInfo.java:shutdownFollowerState(121)) - b9cfa588-8e56-4331-be2f-4c26f25c6739: shutdown FollowerState
2019-10-17 06:47:36,819 [grpc-default-executor-2] INFO  impl.RoleInfo (RoleInfo.java:updateAndGet(143)) - 67f35358-9777-4ff9-96f4-8a61bc3a94fe: start FollowerState
2019-10-17 06:47:36,819 [Thread-1372] INFO  impl.FollowerState (FollowerState.java:run(117)) - 67f35358-9777-4ff9-96f4-8a61bc3a94fe@group-21BA9BD4283D-FollowerState was interrupted: java.lang.InterruptedException: sleep interrupted
2019-10-17 06:47:36,819 [Thread-1371] INFO  impl.FollowerState (FollowerState.java:run(117)) - b9cfa588-8e56-4331-be2f-4c26f25c6739@group-21BA9BD4283D-FollowerState was interrupted: java.lang.InterruptedException: sleep interrupted
2019-10-17 06:47:36,819 [grpc-default-executor-3] INFO  impl.RoleInfo (RoleInfo.java:updateAndGet(143)) - b9cfa588-8e56-4331-be2f-4c26f25c6739: start FollowerState
2019-10-17 06:47:36,833 [7c431f9d-51bc-458b-a3a6-511ec217d887@group-21BA9BD4283D-LeaderElection86] INFO  impl.LeaderElection (LeaderElection.java:logAndReturn(56)) - 7c431f9d-51bc-458b-a3a6-511ec217d887@group-21BA9BD4283D-LeaderElection86: Election REJECTED; received 2 response(s) [7c431f9d-51bc-458b-a3a6-511ec217d887<-67f35358-9777-4ff9-96f4-8a61bc3a94fe#0:FAIL-t11, 7c431f9d-51bc-458b-a3a6-511ec217d887<-b9cfa588-8e56-4331-be2f-4c26f25c6739#0:FAIL-t11] and 0 exception(s); 7c431f9d-51bc-458b-a3a6-511ec217d887@group-21BA9BD4283D:t11, leader=null, voted=7c431f9d-51bc-458b-a3a6-511ec217d887, raftlog=7c431f9d-51bc-458b-a3a6-511ec217d887@group-21BA9BD4283D-SegmentedRaftLog:OPENED:c-1,f-1,i0, conf=-1: [67f35358-9777-4ff9-96f4-8a61bc3a94fe:192.168.34.62:37037, 7c431f9d-51bc-458b-a3a6-511ec217d887:192.168.34.62:40420, b9cfa588-8e56-4331-be2f-4c26f25c6739:192.168.34.62:34777], old=null
2019-10-17 06:47:36,834 [7c431f9d-51bc-458b-a3a6-511ec217d887@group-21BA9BD4283D-LeaderElection86] INFO  impl.RaftServerImpl (RaftServerImpl.java:setRole(184)) - 7c431f9d-51bc-458b-a3a6-511ec217d887@group-21BA9BD4283D: changes role from CANDIDATE to FOLLOWER at term 11 for DISCOVERED_A_NEW_TERM
2019-10-17 06:47:36,834 [7c431f9d-51bc-458b-a3a6-511ec217d887@group-21BA9BD4283D-LeaderElection86] INFO  impl.RoleInfo (RoleInfo.java:shutdownLeaderElection(134)) - 7c431f9d-51bc-458b-a3a6-511ec217d887: shutdown LeaderElection
2019-10-17 06:47:36,834 [7c431f9d-51bc-458b-a3a6-511ec217d887@group-21BA9BD4283D-LeaderElection86] INFO  impl.RoleInfo (RoleInfo.java:updateAndGet(143)) - 7c431f9d-51bc-458b-a3a6-511ec217d887: start FollowerState
2019-10-17 06:47:37,024 [Thread-1379] INFO  impl.FollowerState (FollowerState.java:run(108)) - 7c431f9d-51bc-458b-a3a6-511ec217d887@group-21BA9BD4283D-FollowerState: change to CANDIDATE, lastRpcTime:190ms, electionTimeout:190ms
2019-10-17 06:47:37,024 [Thread-1379] INFO  impl.RoleInfo (RoleInfo.java:shutdownFollowerState(121)) - 7c431f9d-51bc-458b-a3a6-511ec217d887: shutdown FollowerState
2019-10-17 06:47:37,025 [Thread-1379] INFO  impl.RaftServerImpl (RaftServerImpl.java:setRole(184)) - 7c431f9d-51bc-458b-a3a6-511ec217d887@group-21BA9BD4283D: changes role from  FOLLOWER to CANDIDATE at term 11 for changeToCandidate
2019-10-17 06:47:37,025 [Thread-1379] INFO  impl.RoleInfo (RoleInfo.java:updateAndGet(143)) - 7c431f9d-51bc-458b-a3a6-511ec217d887: start LeaderElection
2019-10-17 06:47:37,039 [7c431f9d-51bc-458b-a3a6-511ec217d887@group-21BA9BD4283D-LeaderElection87] INFO  impl.LeaderElection (LeaderElection.java:askForVotes(178)) - 7c431f9d-51bc-458b-a3a6-511ec217d887@group-21BA9BD4283D-LeaderElection87: begin an election at term 12 for -1: [67f35358-9777-4ff9-96f4-8a61bc3a94fe:192.168.34.62:37037, 7c431f9d-51bc-458b-a3a6-511ec217d887:192.168.34.62:40420, b9cfa588-8e56-4331-be2f-4c26f25c6739:192.168.34.62:34777], old=null
2019-10-17 06:47:37,041 [grpc-default-executor-3] INFO  impl.RaftServerImpl (RaftServerImpl.java:setRole(184)) - 67f35358-9777-4ff9-96f4-8a61bc3a94fe@group-21BA9BD4283D: changes role from  FOLLOWER to FOLLOWER at term 12 for recognizeCandidate:7c431f9d-51bc-458b-a3a6-511ec217d887
2019-10-17 06:47:37,041 [grpc-default-executor-2] INFO  impl.RaftServerImpl (RaftServerImpl.java:setRole(184)) - b9cfa588-8e56-4331-be2f-4c26f25c6739@group-21BA9BD4283D: changes role from  FOLLOWER to FOLLOWER at term 12 for recognizeCandidate:7c431f9d-51bc-458b-a3a6-511ec217d887
2019-10-17 06:47:37,041 [grpc-default-executor-3] INFO  impl.RoleInfo (RoleInfo.java:shutdownFollowerState(121)) - 67f35358-9777-4ff9-96f4-8a61bc3a94fe: shutdown FollowerState
2019-10-17 06:47:37,042 [grpc-default-executor-2] INFO  impl.RoleInfo (RoleInfo.java:shutdownFollowerState(121)) - b9cfa588-8e56-4331-be2f-4c26f25c6739: shutdown FollowerState
2019-10-17 06:47:37,042 [Thread-1377] INFO  impl.FollowerState (FollowerState.java:run(117)) - 67f35358-9777-4ff9-96f4-8a61bc3a94fe@group-21BA9BD4283D-FollowerState was interrupted: java.lang.InterruptedException: sleep interrupted
2019-10-17 06:47:37,042 [grpc-default-executor-3] INFO  impl.RoleInfo (RoleInfo.java:updateAndGet(143)) - 67f35358-9777-4ff9-96f4-8a61bc3a94fe: start FollowerState
2019-10-17 06:47:37,042 [Thread-1378] INFO  impl.FollowerState (FollowerState.java:run(117)) - b9cfa588-8e56-4331-be2f-4c26f25c6739@group-21BA9BD4283D-FollowerState was interrupted: java.lang.InterruptedException: sleep interrupted
2019-10-17 06:47:37,042 [grpc-default-executor-2] INFO  impl.RoleInfo (RoleInfo.java:updateAndGet(143)) - b9cfa588-8e56-4331-be2f-4c26f25c6739: start FollowerState
2019-10-17 06:47:37,066 [7c431f9d-51bc-458b-a3a6-511ec217d887@group-21BA9BD4283D-LeaderElection87] INFO  impl.LeaderElection (LeaderElection.java:logAndReturn(56)) - 7c431f9d-51bc-458b-a3a6-511ec217d887@group-21BA9BD4283D-LeaderElection87: Election REJECTED; received 2 response(s) [7c431f9d-51bc-458b-a3a6-511ec217d887<-67f35358-9777-4ff9-96f4-8a61bc3a94fe#0:FAIL-t12, 7c431f9d-51bc-458b-a3a6-511ec217d887<-b9cfa588-8e56-4331-be2f-4c26f25c6739#0:FAIL-t12] and 0 exception(s); 7c431f9d-51bc-458b-a3a6-511ec217d887@group-21BA9BD4283D:t12, leader=null, voted=7c431f9d-51bc-458b-a3a6-511ec217d887, raftlog=7c431f9d-51bc-458b-a3a6-511ec217d887@group-21BA9BD4283D-SegmentedRaftLog:OPENED:c-1,f-1,i0, conf=-1: [67f35358-9777-4ff9-96f4-8a61bc3a94fe:192.168.34.62:37037, 7c431f9d-51bc-458b-a3a6-511ec217d887:192.168.34.62:40420, b9cfa588-8e56-4331-be2f-4c26f25c6739:192.168.34.62:34777], old=null
2019-10-17 06:47:37,066 [7c431f9d-51bc-458b-a3a6-511ec217d887@group-21BA9BD4283D-LeaderElection87] INFO  impl.RaftServerImpl (RaftServerImpl.java:setRole(184)) - 7c431f9d-51bc-458b-a3a6-511ec217d887@group-21BA9BD4283D: changes role from CANDIDATE to FOLLOWER at term 12 for DISCOVERED_A_NEW_TERM
2019-10-17 06:47:37,067 [7c431f9d-51bc-458b-a3a6-511ec217d887@group-21BA9BD4283D-LeaderElection87] INFO  impl.RoleInfo (RoleInfo.java:shutdownLeaderElection(134)) - 7c431f9d-51bc-458b-a3a6-511ec217d887: shutdown LeaderElection
2019-10-17 06:47:37,067 [7c431f9d-51bc-458b-a3a6-511ec217d887@group-21BA9BD4283D-LeaderElection87] INFO  impl.RoleInfo (RoleInfo.java:updateAndGet(143)) - 7c431f9d-51bc-458b-a3a6-511ec217d887: start FollowerState
2019-10-17 06:47:37,090 [main] INFO  ozone.MiniOzoneClusterImpl (MiniOzoneClusterImpl.java:lambda$waitForClusterToBeReady$2(164)) - Waiting for 1 number of pipelines out of 4, to report a leader.
2019-10-17 06:47:37,221 [Thread-1385] INFO  impl.FollowerState (FollowerState.java:run(108)) - 7c431f9d-51bc-458b-a3a6-511ec217d887@group-21BA9BD4283D-FollowerState: change to CANDIDATE, lastRpcTime:154ms, electionTimeout:154ms
2019-10-17 06:47:37,221 [Thread-1385] INFO  impl.RoleInfo (RoleInfo.java:shutdownFollowerState(121)) - 7c431f9d-51bc-458b-a3a6-511ec217d887: shutdown FollowerState
2019-10-17 06:47:37,221 [Thread-1385] INFO  impl.RaftServerImpl (RaftServerImpl.java:setRole(184)) - 7c431f9d-51bc-458b-a3a6-511ec217d887@group-21BA9BD4283D: changes role from  FOLLOWER to CANDIDATE at term 12 for changeToCandidate
2019-10-17 06:47:37,222 [Thread-1385] INFO  impl.RoleInfo (RoleInfo.java:updateAndGet(143)) - 7c431f9d-51bc-458b-a3a6-511ec217d887: start LeaderElection
2019-10-17 06:47:37,236 [7c431f9d-51bc-458b-a3a6-511ec217d887@group-21BA9BD4283D-LeaderElection88] INFO  impl.LeaderElection (LeaderElection.java:askForVotes(178)) - 7c431f9d-51bc-458b-a3a6-511ec217d887@group-21BA9BD4283D-LeaderElection88: begin an election at term 13 for -1: [67f35358-9777-4ff9-96f4-8a61bc3a94fe:192.168.34.62:37037, 7c431f9d-51bc-458b-a3a6-511ec217d887:192.168.34.62:40420, b9cfa588-8e56-4331-be2f-4c26f25c6739:192.168.34.62:34777], old=null
2019-10-17 06:47:37,239 [grpc-default-executor-3] INFO  impl.RaftServerImpl (RaftServerImpl.java:setRole(184)) - 67f35358-9777-4ff9-96f4-8a61bc3a94fe@group-21BA9BD4283D: changes role from  FOLLOWER to FOLLOWER at term 13 for recognizeCandidate:7c431f9d-51bc-458b-a3a6-511ec217d887
2019-10-17 06:47:37,239 [grpc-default-executor-3] INFO  impl.RoleInfo (RoleInfo.java:shutdownFollowerState(121)) - 67f35358-9777-4ff9-96f4-8a61bc3a94fe: shutdown FollowerState
2019-10-17 06:47:37,239 [grpc-default-executor-2] INFO  impl.RaftServerImpl (RaftServerImpl.java:setRole(184)) - b9cfa588-8e56-4331-be2f-4c26f25c6739@group-21BA9BD4283D: changes role from  FOLLOWER to FOLLOWER at term 13 for recognizeCandidate:7c431f9d-51bc-458b-a3a6-511ec217d887
2019-10-17 06:47:37,239 [Thread-1383] INFO  impl.FollowerState (FollowerState.java:run(117)) - 67f35358-9777-4ff9-96f4-8a61bc3a94fe@group-21BA9BD4283D-FollowerState was interrupted: java.lang.InterruptedException: sleep interrupted
2019-10-17 06:47:37,239 [grpc-default-executor-3] INFO  impl.RoleInfo (RoleInfo.java:updateAndGet(143)) - 67f35358-9777-4ff9-96f4-8a61bc3a94fe: start FollowerState
2019-10-17 06:47:37,239 [grpc-default-executor-2] INFO  impl.RoleInfo (RoleInfo.java:shutdownFollowerState(121)) - b9cfa588-8e56-4331-be2f-4c26f25c6739: shutdown FollowerState
2019-10-17 06:47:37,240 [grpc-default-executor-2] INFO  impl.RoleInfo (RoleInfo.java:updateAndGet(143)) - b9cfa588-8e56-4331-be2f-4c26f25c6739: start FollowerState
2019-10-17 06:47:37,240 [Thread-1384] INFO  impl.FollowerState (FollowerState.java:run(117)) - b9cfa588-8e56-4331-be2f-4c26f25c6739@group-21BA9BD4283D-FollowerState was interrupted: java.lang.InterruptedException: sleep interrupted
2019-10-17 06:47:37,294 [7c431f9d-51bc-458b-a3a6-511ec217d887@group-21BA9BD4283D-LeaderElection88] INFO  impl.LeaderElection (LeaderElection.java:logAndReturn(56)) - 7c431f9d-51bc-458b-a3a6-511ec217d887@group-21BA9BD4283D-LeaderElection88: Election REJECTED; received 2 response(s) [7c431f9d-51bc-458b-a3a6-511ec217d887<-67f35358-9777-4ff9-96f4-8a61bc3a94fe#0:FAIL-t13, 7c431f9d-51bc-458b-a3a6-511ec217d887<-b9cfa588-8e56-4331-be2f-4c26f25c6739#0:FAIL-t13] and 0 exception(s); 7c431f9d-51bc-458b-a3a6-511ec217d887@group-21BA9BD4283D:t13, leader=null, voted=7c431f9d-51bc-458b-a3a6-511ec217d887, raftlog=7c431f9d-51bc-458b-a3a6-511ec217d887@group-21BA9BD4283D-SegmentedRaftLog:OPENED:c-1,f-1,i0, conf=-1: [67f35358-9777-4ff9-96f4-8a61bc3a94fe:192.168.34.62:37037, 7c431f9d-51bc-458b-a3a6-511ec217d887:192.168.34.62:40420, b9cfa588-8e56-4331-be2f-4c26f25c6739:192.168.34.62:34777], old=null
2019-10-17 06:47:37,294 [7c431f9d-51bc-458b-a3a6-511ec217d887@group-21BA9BD4283D-LeaderElection88] INFO  impl.RaftServerImpl (RaftServerImpl.java:setRole(184)) - 7c431f9d-51bc-458b-a3a6-511ec217d887@group-21BA9BD4283D: changes role from CANDIDATE to FOLLOWER at term 13 for DISCOVERED_A_NEW_TERM
2019-10-17 06:47:37,294 [7c431f9d-51bc-458b-a3a6-511ec217d887@group-21BA9BD4283D-LeaderElection88] INFO  impl.RoleInfo (RoleInfo.java:shutdownLeaderElection(134)) - 7c431f9d-51bc-458b-a3a6-511ec217d887: shutdown LeaderElection
2019-10-17 06:47:37,294 [7c431f9d-51bc-458b-a3a6-511ec217d887@group-21BA9BD4283D-LeaderElection88] INFO  impl.RoleInfo (RoleInfo.java:updateAndGet(143)) - 7c431f9d-51bc-458b-a3a6-511ec217d887: start FollowerState
2019-10-17 06:47:37,367 [Thread-1391] INFO  impl.FollowerState (FollowerState.java:run(108)) - 7c431f9d-51bc-458b-a3a6-511ec217d887@group-21BA9BD4283D-FollowerState: change to CANDIDATE, lastRpcTime:72ms, electionTimeout:72ms
2019-10-17 06:47:37,367 [Thread-1391] INFO  impl.RoleInfo (RoleInfo.java:shutdownFollowerState(121)) - 7c431f9d-51bc-458b-a3a6-511ec217d887: shutdown FollowerState
2019-10-17 06:47:37,367 [Thread-1391] INFO  impl.RaftServerImpl (RaftServerImpl.java:setRole(184)) - 7c431f9d-51bc-458b-a3a6-511ec217d887@group-21BA9BD4283D: changes role from  FOLLOWER to CANDIDATE at term 13 for changeToCandidate
2019-10-17 06:47:37,367 [Thread-1391] INFO  impl.RoleInfo (RoleInfo.java:updateAndGet(143)) - 7c431f9d-51bc-458b-a3a6-511ec217d887: start LeaderElection
2019-10-17 06:47:37,377 [7c431f9d-51bc-458b-a3a6-511ec217d887@group-21BA9BD4283D-LeaderElection89] INFO  impl.LeaderElection (LeaderElection.java:askForVotes(178)) - 7c431f9d-51bc-458b-a3a6-511ec217d887@group-21BA9BD4283D-LeaderElection89: begin an election at term 14 for -1: [67f35358-9777-4ff9-96f4-8a61bc3a94fe:192.168.34.62:37037, 7c431f9d-51bc-458b-a3a6-511ec217d887:192.168.34.62:40420, b9cfa588-8e56-4331-be2f-4c26f25c6739:192.168.34.62:34777], old=null
2019-10-17 06:47:37,380 [grpc-default-executor-2] INFO  impl.RaftServerImpl (RaftServerImpl.java:setRole(184)) - 67f35358-9777-4ff9-96f4-8a61bc3a94fe@group-21BA9BD4283D: changes role from  FOLLOWER to FOLLOWER at term 14 for recognizeCandidate:7c431f9d-51bc-458b-a3a6-511ec217d887
2019-10-17 06:47:37,380 [grpc-default-executor-3] INFO  impl.RaftServerImpl (RaftServerImpl.java:setRole(184)) - b9cfa588-8e56-4331-be2f-4c26f25c6739@group-21BA9BD4283D: changes role from  FOLLOWER to FOLLOWER at term 14 for recognizeCandidate:7c431f9d-51bc-458b-a3a6-511ec217d887
2019-10-17 06:47:37,380 [grpc-default-executor-3] INFO  impl.RoleInfo (RoleInfo.java:shutdownFollowerState(121)) - b9cfa588-8e56-4331-be2f-4c26f25c6739: shutdown FollowerState
2019-10-17 06:47:37,380 [grpc-default-executor-2] INFO  impl.RoleInfo (RoleInfo.java:shutdownFollowerState(121)) - 67f35358-9777-4ff9-96f4-8a61bc3a94fe: shutdown FollowerState
2019-10-17 06:47:37,380 [Thread-1390] INFO  impl.FollowerState (FollowerState.java:run(117)) - b9cfa588-8e56-4331-be2f-4c26f25c6739@group-21BA9BD4283D-FollowerState was interrupted: java.lang.InterruptedException: sleep interrupted
2019-10-17 06:47:37,380 [grpc-default-executor-3] INFO  impl.RoleInfo (RoleInfo.java:updateAndGet(143)) - b9cfa588-8e56-4331-be2f-4c26f25c6739: start FollowerState
2019-10-17 06:47:37,381 [Thread-1389] INFO  impl.FollowerState (FollowerState.java:run(117)) - 67f35358-9777-4ff9-96f4-8a61bc3a94fe@group-21BA9BD4283D-FollowerState was interrupted: java.lang.InterruptedException: sleep interrupted
2019-10-17 06:47:37,381 [grpc-default-executor-2] INFO  impl.RoleInfo (RoleInfo.java:updateAndGet(143)) - 67f35358-9777-4ff9-96f4-8a61bc3a94fe: start FollowerState
2019-10-17 06:47:37,397 [7c431f9d-51bc-458b-a3a6-511ec217d887@group-21BA9BD4283D-LeaderElection89] INFO  impl.LeaderElection (LeaderElection.java:logAndReturn(56)) - 7c431f9d-51bc-458b-a3a6-511ec217d887@group-21BA9BD4283D-LeaderElection89: Election REJECTED; received 2 response(s) [7c431f9d-51bc-458b-a3a6-511ec217d887<-67f35358-9777-4ff9-96f4-8a61bc3a94fe#0:FAIL-t14, 7c431f9d-51bc-458b-a3a6-511ec217d887<-b9cfa588-8e56-4331-be2f-4c26f25c6739#0:FAIL-t14] and 0 exception(s); 7c431f9d-51bc-458b-a3a6-511ec217d887@group-21BA9BD4283D:t14, leader=null, voted=7c431f9d-51bc-458b-a3a6-511ec217d887, raftlog=7c431f9d-51bc-458b-a3a6-511ec217d887@group-21BA9BD4283D-SegmentedRaftLog:OPENED:c-1,f-1,i0, conf=-1: [67f35358-9777-4ff9-96f4-8a61bc3a94fe:192.168.34.62:37037, 7c431f9d-51bc-458b-a3a6-511ec217d887:192.168.34.62:40420, b9cfa588-8e56-4331-be2f-4c26f25c6739:192.168.34.62:34777], old=null
2019-10-17 06:47:37,397 [7c431f9d-51bc-458b-a3a6-511ec217d887@group-21BA9BD4283D-LeaderElection89] INFO  impl.RaftServerImpl (RaftServerImpl.java:setRole(184)) - 7c431f9d-51bc-458b-a3a6-511ec217d887@group-21BA9BD4283D: changes role from CANDIDATE to FOLLOWER at term 14 for DISCOVERED_A_NEW_TERM
2019-10-17 06:47:37,397 [7c431f9d-51bc-458b-a3a6-511ec217d887@group-21BA9BD4283D-LeaderElection89] INFO  impl.RoleInfo (RoleInfo.java:shutdownLeaderElection(134)) - 7c431f9d-51bc-458b-a3a6-511ec217d887: shutdown LeaderElection
2019-10-17 06:47:37,398 [7c431f9d-51bc-458b-a3a6-511ec217d887@group-21BA9BD4283D-LeaderElection89] INFO  impl.RoleInfo (RoleInfo.java:updateAndGet(143)) - 7c431f9d-51bc-458b-a3a6-511ec217d887: start FollowerState
2019-10-17 06:47:37,436 [Thread-1397] INFO  impl.FollowerState (FollowerState.java:run(108)) - 7c431f9d-51bc-458b-a3a6-511ec217d887@group-21BA9BD4283D-FollowerState: change to CANDIDATE, lastRpcTime:38ms, electionTimeout:38ms
2019-10-17 06:47:37,436 [Thread-1397] INFO  impl.RoleInfo (RoleInfo.java:shutdownFollowerState(121)) - 7c431f9d-51bc-458b-a3a6-511ec217d887: shutdown FollowerState
2019-10-17 06:47:37,436 [Thread-1397] INFO  impl.RaftServerImpl (RaftServerImpl.java:setRole(184)) - 7c431f9d-51bc-458b-a3a6-511ec217d887@group-21BA9BD4283D: changes role from  FOLLOWER to CANDIDATE at term 14 for changeToCandidate
2019-10-17 06:47:37,436 [Thread-1397] INFO  impl.RoleInfo (RoleInfo.java:updateAndGet(143)) - 7c431f9d-51bc-458b-a3a6-511ec217d887: start LeaderElection
2019-10-17 06:47:37,451 [7c431f9d-51bc-458b-a3a6-511ec217d887@group-21BA9BD4283D-LeaderElection90] INFO  impl.LeaderElection (LeaderElection.java:askForVotes(178)) - 7c431f9d-51bc-458b-a3a6-511ec217d887@group-21BA9BD4283D-LeaderElection90: begin an election at term 15 for -1: [67f35358-9777-4ff9-96f4-8a61bc3a94fe:192.168.34.62:37037, 7c431f9d-51bc-458b-a3a6-511ec217d887:192.168.34.62:40420, b9cfa588-8e56-4331-be2f-4c26f25c6739:192.168.34.62:34777], old=null
2019-10-17 06:47:37,453 [grpc-default-executor-3] INFO  impl.RaftServerImpl (RaftServerImpl.java:setRole(184)) - 67f35358-9777-4ff9-96f4-8a61bc3a94fe@group-21BA9BD4283D: changes role from  FOLLOWER to FOLLOWER at term 15 for recognizeCandidate:7c431f9d-51bc-458b-a3a6-511ec217d887
2019-10-17 06:47:37,453 [grpc-default-executor-2] INFO  impl.RaftServerImpl (RaftServerImpl.java:setRole(184)) - b9cfa588-8e56-4331-be2f-4c26f25c6739@group-21BA9BD4283D: changes role from  FOLLOWER to FOLLOWER at term 15 for recognizeCandidate:7c431f9d-51bc-458b-a3a6-511ec217d887
2019-10-17 06:47:37,453 [grpc-default-executor-3] INFO  impl.RoleInfo (RoleInfo.java:shutdownFollowerState(121)) - 67f35358-9777-4ff9-96f4-8a61bc3a94fe: shutdown FollowerState
2019-10-17 06:47:37,454 [grpc-default-executor-2] INFO  impl.RoleInfo (RoleInfo.java:shutdownFollowerState(121)) - b9cfa588-8e56-4331-be2f-4c26f25c6739: shutdown FollowerState
2019-10-17 06:47:37,454 [Thread-1396] INFO  impl.FollowerState (FollowerState.java:run(117)) - 67f35358-9777-4ff9-96f4-8a61bc3a94fe@group-21BA9BD4283D-FollowerState was interrupted: java.lang.InterruptedException: sleep interrupted
2019-10-17 06:47:37,454 [grpc-default-executor-3] INFO  impl.RoleInfo (RoleInfo.java:updateAndGet(143)) - 67f35358-9777-4ff9-96f4-8a61bc3a94fe: start FollowerState
2019-10-17 06:47:37,454 [Thread-1395] INFO  impl.FollowerState (FollowerState.java:run(117)) - b9cfa588-8e56-4331-be2f-4c26f25c6739@group-21BA9BD4283D-FollowerState was interrupted: java.lang.InterruptedException: sleep interrupted
2019-10-17 06:47:37,454 [grpc-default-executor-2] INFO  impl.RoleInfo (RoleInfo.java:updateAndGet(143)) - b9cfa588-8e56-4331-be2f-4c26f25c6739: start FollowerState
2019-10-17 06:47:37,469 [7c431f9d-51bc-458b-a3a6-511ec217d887@group-21BA9BD4283D-LeaderElection90] INFO  impl.LeaderElection (LeaderElection.java:logAndReturn(56)) - 7c431f9d-51bc-458b-a3a6-511ec217d887@group-21BA9BD4283D-LeaderElection90: Election REJECTED; received 2 response(s) [7c431f9d-51bc-458b-a3a6-511ec217d887<-67f35358-9777-4ff9-96f4-8a61bc3a94fe#0:FAIL-t15, 7c431f9d-51bc-458b-a3a6-511ec217d887<-b9cfa588-8e56-4331-be2f-4c26f25c6739#0:FAIL-t15] and 0 exception(s); 7c431f9d-51bc-458b-a3a6-511ec217d887@group-21BA9BD4283D:t15, leader=null, voted=7c431f9d-51bc-458b-a3a6-511ec217d887, raftlog=7c431f9d-51bc-458b-a3a6-511ec217d887@group-21BA9BD4283D-SegmentedRaftLog:OPENED:c-1,f-1,i0, conf=-1: [67f35358-9777-4ff9-96f4-8a61bc3a94fe:192.168.34.62:37037, 7c431f9d-51bc-458b-a3a6-511ec217d887:192.168.34.62:40420, b9cfa588-8e56-4331-be2f-4c26f25c6739:192.168.34.62:34777], old=null
2019-10-17 06:47:37,469 [7c431f9d-51bc-458b-a3a6-511ec217d887@group-21BA9BD4283D-LeaderElection90] INFO  impl.RaftServerImpl (RaftServerImpl.java:setRole(184)) - 7c431f9d-51bc-458b-a3a6-511ec217d887@group-21BA9BD4283D: changes role from CANDIDATE to FOLLOWER at term 15 for DISCOVERED_A_NEW_TERM
2019-10-17 06:47:37,469 [7c431f9d-51bc-458b-a3a6-511ec217d887@group-21BA9BD4283D-LeaderElection90] INFO  impl.RoleInfo (RoleInfo.java:shutdownLeaderElection(134)) - 7c431f9d-51bc-458b-a3a6-511ec217d887: shutdown LeaderElection
2019-10-17 06:47:37,469 [7c431f9d-51bc-458b-a3a6-511ec217d887@group-21BA9BD4283D-LeaderElection90] INFO  impl.RoleInfo (RoleInfo.java:updateAndGet(143)) - 7c431f9d-51bc-458b-a3a6-511ec217d887: start FollowerState
2019-10-17 06:47:37,477 [Thread-1403] INFO  impl.FollowerState (FollowerState.java:run(108)) - 7c431f9d-51bc-458b-a3a6-511ec217d887@group-21BA9BD4283D-FollowerState: change to CANDIDATE, lastRpcTime:8ms, electionTimeout:8ms
2019-10-17 06:47:37,477 [Thread-1403] INFO  impl.RoleInfo (RoleInfo.java:shutdownFollowerState(121)) - 7c431f9d-51bc-458b-a3a6-511ec217d887: shutdown FollowerState
2019-10-17 06:47:37,477 [Thread-1403] INFO  impl.RaftServerImpl (RaftServerImpl.java:setRole(184)) - 7c431f9d-51bc-458b-a3a6-511ec217d887@group-21BA9BD4283D: changes role from  FOLLOWER to CANDIDATE at term 15 for changeToCandidate
2019-10-17 06:47:37,478 [Thread-1403] INFO  impl.RoleInfo (RoleInfo.java:updateAndGet(143)) - 7c431f9d-51bc-458b-a3a6-511ec217d887: start LeaderElection
2019-10-17 06:47:37,488 [7c431f9d-51bc-458b-a3a6-511ec217d887@group-21BA9BD4283D-LeaderElection91] INFO  impl.LeaderElection (LeaderElection.java:askForVotes(178)) - 7c431f9d-51bc-458b-a3a6-511ec217d887@group-21BA9BD4283D-LeaderElection91: begin an election at term 16 for -1: [67f35358-9777-4ff9-96f4-8a61bc3a94fe:192.168.34.62:37037, 7c431f9d-51bc-458b-a3a6-511ec217d887:192.168.34.62:40420, b9cfa588-8e56-4331-be2f-4c26f25c6739:192.168.34.62:34777], old=null
2019-10-17 06:47:37,490 [grpc-default-executor-2] INFO  impl.RaftServerImpl (RaftServerImpl.java:setRole(184)) - 67f35358-9777-4ff9-96f4-8a61bc3a94fe@group-21BA9BD4283D: changes role from  FOLLOWER to FOLLOWER at term 16 for recognizeCandidate:7c431f9d-51bc-458b-a3a6-511ec217d887
2019-10-17 06:47:37,490 [grpc-default-executor-2] INFO  impl.RoleInfo (RoleInfo.java:shutdownFollowerState(121)) - 67f35358-9777-4ff9-96f4-8a61bc3a94fe: shutdown FollowerState
2019-10-17 06:47:37,490 [grpc-default-executor-2] INFO  impl.RoleInfo (RoleInfo.java:updateAndGet(143)) - 67f35358-9777-4ff9-96f4-8a61bc3a94fe: start FollowerState
2019-10-17 06:47:37,490 [grpc-default-executor-3] INFO  impl.RaftServerImpl (RaftServerImpl.java:setRole(184)) - b9cfa588-8e56-4331-be2f-4c26f25c6739@group-21BA9BD4283D: changes role from  FOLLOWER to FOLLOWER at term 16 for recognizeCandidate:7c431f9d-51bc-458b-a3a6-511ec217d887
2019-10-17 06:47:37,491 [grpc-default-executor-3] INFO  impl.RoleInfo (RoleInfo.java:shutdownFollowerState(121)) - b9cfa588-8e56-4331-be2f-4c26f25c6739: shutdown FollowerState
2019-10-17 06:47:37,490 [Thread-1401] INFO  impl.FollowerState (FollowerState.java:run(117)) - 67f35358-9777-4ff9-96f4-8a61bc3a94fe@group-21BA9BD4283D-FollowerState was interrupted: java.lang.InterruptedException: sleep interrupted
2019-10-17 06:47:37,491 [grpc-default-executor-3] INFO  impl.RoleInfo (RoleInfo.java:updateAndGet(143)) - b9cfa588-8e56-4331-be2f-4c26f25c6739: start FollowerState
2019-10-17 06:47:37,491 [Thread-1402] INFO  impl.FollowerState (FollowerState.java:run(117)) - b9cfa588-8e56-4331-be2f-4c26f25c6739@group-21BA9BD4283D-FollowerState was interrupted: java.lang.InterruptedException: sleep interrupted
2019-10-17 06:47:37,514 [7c431f9d-51bc-458b-a3a6-511ec217d887@group-21BA9BD4283D-LeaderElection91] INFO  impl.LeaderElection (LeaderElection.java:logAndReturn(56)) - 7c431f9d-51bc-458b-a3a6-511ec217d887@group-21BA9BD4283D-LeaderElection91: Election REJECTED; received 2 response(s) [7c431f9d-51bc-458b-a3a6-511ec217d887<-67f35358-9777-4ff9-96f4-8a61bc3a94fe#0:FAIL-t16, 7c431f9d-51bc-458b-a3a6-511ec217d887<-b9cfa588-8e56-4331-be2f-4c26f25c6739#0:FAIL-t16] and 0 exception(s); 7c431f9d-51bc-458b-a3a6-511ec217d887@group-21BA9BD4283D:t16, leader=null, voted=7c431f9d-51bc-458b-a3a6-511ec217d887, raftlog=7c431f9d-51bc-458b-a3a6-511ec217d887@group-21BA9BD4283D-SegmentedRaftLog:OPENED:c-1,f-1,i0, conf=-1: [67f35358-9777-4ff9-96f4-8a61bc3a94fe:192.168.34.62:37037, 7c431f9d-51bc-458b-a3a6-511ec217d887:192.168.34.62:40420, b9cfa588-8e56-4331-be2f-4c26f25c6739:192.168.34.62:34777], old=null
2019-10-17 06:47:37,514 [7c431f9d-51bc-458b-a3a6-511ec217d887@group-21BA9BD4283D-LeaderElection91] INFO  impl.RaftServerImpl (RaftServerImpl.java:setRole(184)) - 7c431f9d-51bc-458b-a3a6-511ec217d887@group-21BA9BD4283D: changes role from CANDIDATE to FOLLOWER at term 16 for DISCOVERED_A_NEW_TERM
2019-10-17 06:47:37,514 [7c431f9d-51bc-458b-a3a6-511ec217d887@group-21BA9BD4283D-LeaderElection91] INFO  impl.RoleInfo (RoleInfo.java:shutdownLeaderElection(134)) - 7c431f9d-51bc-458b-a3a6-511ec217d887: shutdown LeaderElection
2019-10-17 06:47:37,514 [7c431f9d-51bc-458b-a3a6-511ec217d887@group-21BA9BD4283D-LeaderElection91] INFO  impl.RoleInfo (RoleInfo.java:updateAndGet(143)) - 7c431f9d-51bc-458b-a3a6-511ec217d887: start FollowerState
2019-10-17 06:47:37,620 [Thread-1409] INFO  impl.FollowerState (FollowerState.java:run(108)) - 7c431f9d-51bc-458b-a3a6-511ec217d887@group-21BA9BD4283D-FollowerState: change to CANDIDATE, lastRpcTime:105ms, electionTimeout:105ms
2019-10-17 06:47:37,620 [Thread-1409] INFO  impl.RoleInfo (RoleInfo.java:shutdownFollowerState(121)) - 7c431f9d-51bc-458b-a3a6-511ec217d887: shutdown FollowerState
2019-10-17 06:47:37,620 [Thread-1409] INFO  impl.RaftServerImpl (RaftServerImpl.java:setRole(184)) - 7c431f9d-51bc-458b-a3a6-511ec217d887@group-21BA9BD4283D: changes role from  FOLLOWER to CANDIDATE at term 16 for changeToCandidate
2019-10-17 06:47:37,621 [Thread-1409] INFO  impl.RoleInfo (RoleInfo.java:updateAndGet(143)) - 7c431f9d-51bc-458b-a3a6-511ec217d887: start LeaderElection
2019-10-17 06:47:37,634 [7c431f9d-51bc-458b-a3a6-511ec217d887@group-21BA9BD4283D-LeaderElection92] INFO  impl.LeaderElection (LeaderElection.java:askForVotes(178)) - 7c431f9d-51bc-458b-a3a6-511ec217d887@group-21BA9BD4283D-LeaderElection92: begin an election at term 17 for -1: [67f35358-9777-4ff9-96f4-8a61bc3a94fe:192.168.34.62:37037, 7c431f9d-51bc-458b-a3a6-511ec217d887:192.168.34.62:40420, b9cfa588-8e56-4331-be2f-4c26f25c6739:192.168.34.62:34777], old=null
2019-10-17 06:47:37,637 [grpc-default-executor-3] INFO  impl.RaftServerImpl (RaftServerImpl.java:setRole(184)) - b9cfa588-8e56-4331-be2f-4c26f25c6739@group-21BA9BD4283D: changes role from  FOLLOWER to FOLLOWER at term 17 for recognizeCandidate:7c431f9d-51bc-458b-a3a6-511ec217d887
2019-10-17 06:47:37,637 [grpc-default-executor-2] INFO  impl.RaftServerImpl (RaftServerImpl.java:setRole(184)) - 67f35358-9777-4ff9-96f4-8a61bc3a94fe@group-21BA9BD4283D: changes role from  FOLLOWER to FOLLOWER at term 17 for recognizeCandidate:7c431f9d-51bc-458b-a3a6-511ec217d887
2019-10-17 06:47:37,637 [grpc-default-executor-3] INFO  impl.RoleInfo (RoleInfo.java:shutdownFollowerState(121)) - b9cfa588-8e56-4331-be2f-4c26f25c6739: shutdown FollowerState
2019-10-17 06:47:37,637 [grpc-default-executor-2] INFO  impl.RoleInfo (RoleInfo.java:shutdownFollowerState(121)) - 67f35358-9777-4ff9-96f4-8a61bc3a94fe: shutdown FollowerState
2019-10-17 06:47:37,637 [Thread-1408] INFO  impl.FollowerState (FollowerState.java:run(117)) - b9cfa588-8e56-4331-be2f-4c26f25c6739@group-21BA9BD4283D-FollowerState was interrupted: java.lang.InterruptedException: sleep interrupted
2019-10-17 06:47:37,637 [grpc-default-executor-3] INFO  impl.RoleInfo (RoleInfo.java:updateAndGet(143)) - b9cfa588-8e56-4331-be2f-4c26f25c6739: start FollowerState
2019-10-17 06:47:37,637 [Thread-1407] INFO  impl.FollowerState (FollowerState.java:run(117)) - 67f35358-9777-4ff9-96f4-8a61bc3a94fe@group-21BA9BD4283D-FollowerState was interrupted: java.lang.InterruptedException: sleep interrupted
2019-10-17 06:47:37,637 [grpc-default-executor-2] INFO  impl.RoleInfo (RoleInfo.java:updateAndGet(143)) - 67f35358-9777-4ff9-96f4-8a61bc3a94fe: start FollowerState
2019-10-17 06:47:37,652 [7c431f9d-51bc-458b-a3a6-511ec217d887@group-21BA9BD4283D-LeaderElection92] INFO  impl.LeaderElection (LeaderElection.java:logAndReturn(56)) - 7c431f9d-51bc-458b-a3a6-511ec217d887@group-21BA9BD4283D-LeaderElection92: Election REJECTED; received 2 response(s) [7c431f9d-51bc-458b-a3a6-511ec217d887<-67f35358-9777-4ff9-96f4-8a61bc3a94fe#0:FAIL-t17, 7c431f9d-51bc-458b-a3a6-511ec217d887<-b9cfa588-8e56-4331-be2f-4c26f25c6739#0:FAIL-t17] and 0 exception(s); 7c431f9d-51bc-458b-a3a6-511ec217d887@group-21BA9BD4283D:t17, leader=null, voted=7c431f9d-51bc-458b-a3a6-511ec217d887, raftlog=7c431f9d-51bc-458b-a3a6-511ec217d887@group-21BA9BD4283D-SegmentedRaftLog:OPENED:c-1,f-1,i0, conf=-1: [67f35358-9777-4ff9-96f4-8a61bc3a94fe:192.168.34.62:37037, 7c431f9d-51bc-458b-a3a6-511ec217d887:192.168.34.62:40420, b9cfa588-8e56-4331-be2f-4c26f25c6739:192.168.34.62:34777], old=null
2019-10-17 06:47:37,652 [7c431f9d-51bc-458b-a3a6-511ec217d887@group-21BA9BD4283D-LeaderElection92] INFO  impl.RaftServerImpl (RaftServerImpl.java:setRole(184)) - 7c431f9d-51bc-458b-a3a6-511ec217d887@group-21BA9BD4283D: changes role from CANDIDATE to FOLLOWER at term 17 for DISCOVERED_A_NEW_TERM
2019-10-17 06:47:37,652 [7c431f9d-51bc-458b-a3a6-511ec217d887@group-21BA9BD4283D-LeaderElection92] INFO  impl.RoleInfo (RoleInfo.java:shutdownLeaderElection(134)) - 7c431f9d-51bc-458b-a3a6-511ec217d887: shutdown LeaderElection
2019-10-17 06:47:37,653 [7c431f9d-51bc-458b-a3a6-511ec217d887@group-21BA9BD4283D-LeaderElection92] INFO  impl.RoleInfo (RoleInfo.java:updateAndGet(143)) - 7c431f9d-51bc-458b-a3a6-511ec217d887: start FollowerState
2019-10-17 06:47:37,794 [Thread-1415] INFO  impl.FollowerState (FollowerState.java:run(108)) - 7c431f9d-51bc-458b-a3a6-511ec217d887@group-21BA9BD4283D-FollowerState: change to CANDIDATE, lastRpcTime:141ms, electionTimeout:141ms
2019-10-17 06:47:37,794 [Thread-1415] INFO  impl.RoleInfo (RoleInfo.java:shutdownFollowerState(121)) - 7c431f9d-51bc-458b-a3a6-511ec217d887: shutdown FollowerState
2019-10-17 06:47:37,794 [Thread-1415] INFO  impl.RaftServerImpl (RaftServerImpl.java:setRole(184)) - 7c431f9d-51bc-458b-a3a6-511ec217d887@group-21BA9BD4283D: changes role from  FOLLOWER to CANDIDATE at term 17 for changeToCandidate
2019-10-17 06:47:37,795 [Thread-1415] INFO  impl.RoleInfo (RoleInfo.java:updateAndGet(143)) - 7c431f9d-51bc-458b-a3a6-511ec217d887: start LeaderElection
2019-10-17 06:47:37,809 [7c431f9d-51bc-458b-a3a6-511ec217d887@group-21BA9BD4283D-LeaderElection93] INFO  impl.LeaderElection (LeaderElection.java:askForVotes(178)) - 7c431f9d-51bc-458b-a3a6-511ec217d887@group-21BA9BD4283D-LeaderElection93: begin an election at term 18 for -1: [67f35358-9777-4ff9-96f4-8a61bc3a94fe:192.168.34.62:37037, 7c431f9d-51bc-458b-a3a6-511ec217d887:192.168.34.62:40420, b9cfa588-8e56-4331-be2f-4c26f25c6739:192.168.34.62:34777], old=null
2019-10-17 06:47:37,812 [grpc-default-executor-2] INFO  impl.RaftServerImpl (RaftServerImpl.java:setRole(184)) - 67f35358-9777-4ff9-96f4-8a61bc3a94fe@group-21BA9BD4283D: changes role from  FOLLOWER to FOLLOWER at term 18 for recognizeCandidate:7c431f9d-51bc-458b-a3a6-511ec217d887
2019-10-17 06:47:37,812 [grpc-default-executor-2] INFO  impl.RoleInfo (RoleInfo.java:shutdownFollowerState(121)) - 67f35358-9777-4ff9-96f4-8a61bc3a94fe: shutdown FollowerState
2019-10-17 06:47:37,812 [grpc-default-executor-2] INFO  impl.RoleInfo (RoleInfo.java:updateAndGet(143)) - 67f35358-9777-4ff9-96f4-8a61bc3a94fe: start FollowerState
2019-10-17 06:47:37,812 [Thread-1414] INFO  impl.FollowerState (FollowerState.java:run(117)) - 67f35358-9777-4ff9-96f4-8a61bc3a94fe@group-21BA9BD4283D-FollowerState was interrupted: java.lang.InterruptedException: sleep interrupted
2019-10-17 06:47:37,813 [grpc-default-executor-3] INFO  impl.RaftServerImpl (RaftServerImpl.java:setRole(184)) - b9cfa588-8e56-4331-be2f-4c26f25c6739@group-21BA9BD4283D: changes role from  FOLLOWER to FOLLOWER at term 18 for recognizeCandidate:7c431f9d-51bc-458b-a3a6-511ec217d887
2019-10-17 06:47:37,813 [grpc-default-executor-3] INFO  impl.RoleInfo (RoleInfo.java:shutdownFollowerState(121)) - b9cfa588-8e56-4331-be2f-4c26f25c6739: shutdown FollowerState
2019-10-17 06:47:37,813 [grpc-default-executor-3] INFO  impl.RoleInfo (RoleInfo.java:updateAndGet(143)) - b9cfa588-8e56-4331-be2f-4c26f25c6739: start FollowerState
2019-10-17 06:47:37,813 [Thread-1413] INFO  impl.FollowerState (FollowerState.java:run(117)) - b9cfa588-8e56-4331-be2f-4c26f25c6739@group-21BA9BD4283D-FollowerState was interrupted: java.lang.InterruptedException: sleep interrupted
2019-10-17 06:47:37,838 [7c431f9d-51bc-458b-a3a6-511ec217d887@group-21BA9BD4283D-LeaderElection93] INFO  impl.LeaderElection (LeaderElection.java:logAndReturn(56)) - 7c431f9d-51bc-458b-a3a6-511ec217d887@group-21BA9BD4283D-LeaderElection93: Election REJECTED; received 2 response(s) [7c431f9d-51bc-458b-a3a6-511ec217d887<-67f35358-9777-4ff9-96f4-8a61bc3a94fe#0:FAIL-t18, 7c431f9d-51bc-458b-a3a6-511ec217d887<-b9cfa588-8e56-4331-be2f-4c26f25c6739#0:FAIL-t18] and 0 exception(s); 7c431f9d-51bc-458b-a3a6-511ec217d887@group-21BA9BD4283D:t18, leader=null, voted=7c431f9d-51bc-458b-a3a6-511ec217d887, raftlog=7c431f9d-51bc-458b-a3a6-511ec217d887@group-21BA9BD4283D-SegmentedRaftLog:OPENED:c-1,f-1,i0, conf=-1: [67f35358-9777-4ff9-96f4-8a61bc3a94fe:192.168.34.62:37037, 7c431f9d-51bc-458b-a3a6-511ec217d887:192.168.34.62:40420, b9cfa588-8e56-4331-be2f-4c26f25c6739:192.168.34.62:34777], old=null
2019-10-17 06:47:37,839 [7c431f9d-51bc-458b-a3a6-511ec217d887@group-21BA9BD4283D-LeaderElection93] INFO  impl.RaftServerImpl (RaftServerImpl.java:setRole(184)) - 7c431f9d-51bc-458b-a3a6-511ec217d887@group-21BA9BD4283D: changes role from CANDIDATE to FOLLOWER at term 18 for DISCOVERED_A_NEW_TERM
2019-10-17 06:47:37,839 [7c431f9d-51bc-458b-a3a6-511ec217d887@group-21BA9BD4283D-LeaderElection93] INFO  impl.RoleInfo (RoleInfo.java:shutdownLeaderElection(134)) - 7c431f9d-51bc-458b-a3a6-511ec217d887: shutdown LeaderElection
2019-10-17 06:47:37,839 [7c431f9d-51bc-458b-a3a6-511ec217d887@group-21BA9BD4283D-LeaderElection93] INFO  impl.RoleInfo (RoleInfo.java:updateAndGet(143)) - 7c431f9d-51bc-458b-a3a6-511ec217d887: start FollowerState
2019-10-17 06:47:37,989 [Thread-1421] INFO  impl.FollowerState (FollowerState.java:run(108)) - 7c431f9d-51bc-458b-a3a6-511ec217d887@group-21BA9BD4283D-FollowerState: change to CANDIDATE, lastRpcTime:150ms, electionTimeout:150ms
2019-10-17 06:47:37,989 [Thread-1421] INFO  impl.RoleInfo (RoleInfo.java:shutdownFollowerState(121)) - 7c431f9d-51bc-458b-a3a6-511ec217d887: shutdown FollowerState
2019-10-17 06:47:37,989 [Thread-1421] INFO  impl.RaftServerImpl (RaftServerImpl.java:setRole(184)) - 7c431f9d-51bc-458b-a3a6-511ec217d887@group-21BA9BD4283D: changes role from  FOLLOWER to CANDIDATE at term 18 for changeToCandidate
2019-10-17 06:47:37,990 [Thread-1421] INFO  impl.RoleInfo (RoleInfo.java:updateAndGet(143)) - 7c431f9d-51bc-458b-a3a6-511ec217d887: start LeaderElection
2019-10-17 06:47:37,995 [7c431f9d-51bc-458b-a3a6-511ec217d887@group-21BA9BD4283D-LeaderElection94] INFO  impl.LeaderElection (LeaderElection.java:askForVotes(178)) - 7c431f9d-51bc-458b-a3a6-511ec217d887@group-21BA9BD4283D-LeaderElection94: begin an election at term 19 for -1: [67f35358-9777-4ff9-96f4-8a61bc3a94fe:192.168.34.62:37037, 7c431f9d-51bc-458b-a3a6-511ec217d887:192.168.34.62:40420, b9cfa588-8e56-4331-be2f-4c26f25c6739:192.168.34.62:34777], old=null
2019-10-17 06:47:38,002 [grpc-default-executor-3] INFO  impl.RaftServerImpl (RaftServerImpl.java:setRole(184)) - 67f35358-9777-4ff9-96f4-8a61bc3a94fe@group-21BA9BD4283D: changes role from  FOLLOWER to FOLLOWER at term 19 for recognizeCandidate:7c431f9d-51bc-458b-a3a6-511ec217d887
2019-10-17 06:47:38,002 [grpc-default-executor-2] INFO  impl.RaftServerImpl (RaftServerImpl.java:setRole(184)) - b9cfa588-8e56-4331-be2f-4c26f25c6739@group-21BA9BD4283D: changes role from  FOLLOWER to FOLLOWER at term 19 for recognizeCandidate:7c431f9d-51bc-458b-a3a6-511ec217d887
2019-10-17 06:47:38,003 [grpc-default-executor-3] INFO  impl.RoleInfo (RoleInfo.java:shutdownFollowerState(121)) - 67f35358-9777-4ff9-96f4-8a61bc3a94fe: shutdown FollowerState
2019-10-17 06:47:38,003 [grpc-default-executor-2] INFO  impl.RoleInfo (RoleInfo.java:shutdownFollowerState(121)) - b9cfa588-8e56-4331-be2f-4c26f25c6739: shutdown FollowerState
2019-10-17 06:47:38,003 [grpc-default-executor-3] INFO  impl.RoleInfo (RoleInfo.java:updateAndGet(143)) - 67f35358-9777-4ff9-96f4-8a61bc3a94fe: start FollowerState
2019-10-17 06:47:38,003 [Thread-1420] INFO  impl.FollowerState (FollowerState.java:run(117)) - b9cfa588-8e56-4331-be2f-4c26f25c6739@group-21BA9BD4283D-FollowerState was interrupted: java.lang.InterruptedException: sleep interrupted
2019-10-17 06:47:38,003 [grpc-default-executor-2] INFO  impl.RoleInfo (RoleInfo.java:updateAndGet(143)) - b9cfa588-8e56-4331-be2f-4c26f25c6739: start FollowerState
2019-10-17 06:47:38,003 [Thread-1419] INFO  impl.FollowerState (FollowerState.java:run(117)) - 67f35358-9777-4ff9-96f4-8a61bc3a94fe@group-21BA9BD4283D-FollowerState was interrupted: java.lang.InterruptedException: sleep interrupted
2019-10-17 06:47:38,016 [7c431f9d-51bc-458b-a3a6-511ec217d887@group-21BA9BD4283D-LeaderElection94] INFO  impl.LeaderElection (LeaderElection.java:logAndReturn(56)) - 7c431f9d-51bc-458b-a3a6-511ec217d887@group-21BA9BD4283D-LeaderElection94: Election REJECTED; received 2 response(s) [7c431f9d-51bc-458b-a3a6-511ec217d887<-67f35358-9777-4ff9-96f4-8a61bc3a94fe#0:FAIL-t19, 7c431f9d-51bc-458b-a3a6-511ec217d887<-b9cfa588-8e56-4331-be2f-4c26f25c6739#0:FAIL-t19] and 0 exception(s); 7c431f9d-51bc-458b-a3a6-511ec217d887@group-21BA9BD4283D:t19, leader=null, voted=7c431f9d-51bc-458b-a3a6-511ec217d887, raftlog=7c431f9d-51bc-458b-a3a6-511ec217d887@group-21BA9BD4283D-SegmentedRaftLog:OPENED:c-1,f-1,i0, conf=-1: [67f35358-9777-4ff9-96f4-8a61bc3a94fe:192.168.34.62:37037, 7c431f9d-51bc-458b-a3a6-511ec217d887:192.168.34.62:40420, b9cfa588-8e56-4331-be2f-4c26f25c6739:192.168.34.62:34777], old=null
2019-10-17 06:47:38,016 [7c431f9d-51bc-458b-a3a6-511ec217d887@group-21BA9BD4283D-LeaderElection94] INFO  impl.RaftServerImpl (RaftServerImpl.java:setRole(184)) - 7c431f9d-51bc-458b-a3a6-511ec217d887@group-21BA9BD4283D: changes role from CANDIDATE to FOLLOWER at term 19 for DISCOVERED_A_NEW_TERM
2019-10-17 06:47:38,016 [7c431f9d-51bc-458b-a3a6-511ec217d887@group-21BA9BD4283D-LeaderElection94] INFO  impl.RoleInfo (RoleInfo.java:shutdownLeaderElection(134)) - 7c431f9d-51bc-458b-a3a6-511ec217d887: shutdown LeaderElection
2019-10-17 06:47:38,016 [7c431f9d-51bc-458b-a3a6-511ec217d887@group-21BA9BD4283D-LeaderElection94] INFO  impl.RoleInfo (RoleInfo.java:updateAndGet(143)) - 7c431f9d-51bc-458b-a3a6-511ec217d887: start FollowerState
2019-10-17 06:47:38,038 [Thread-1427] INFO  impl.FollowerState (FollowerState.java:run(108)) - 7c431f9d-51bc-458b-a3a6-511ec217d887@group-21BA9BD4283D-FollowerState: change to CANDIDATE, lastRpcTime:21ms, electionTimeout:21ms
2019-10-17 06:47:38,038 [Thread-1427] INFO  impl.RoleInfo (RoleInfo.java:shutdownFollowerState(121)) - 7c431f9d-51bc-458b-a3a6-511ec217d887: shutdown FollowerState
2019-10-17 06:47:38,038 [Thread-1427] INFO  impl.RaftServerImpl (RaftServerImpl.java:setRole(184)) - 7c431f9d-51bc-458b-a3a6-511ec217d887@group-21BA9BD4283D: changes role from  FOLLOWER to CANDIDATE at term 19 for changeToCandidate
2019-10-17 06:47:38,038 [Thread-1427] INFO  impl.RoleInfo (RoleInfo.java:updateAndGet(143)) - 7c431f9d-51bc-458b-a3a6-511ec217d887: start LeaderElection
2019-10-17 06:47:38,057 [7c431f9d-51bc-458b-a3a6-511ec217d887@group-21BA9BD4283D-LeaderElection95] INFO  impl.LeaderElection (LeaderElection.java:askForVotes(178)) - 7c431f9d-51bc-458b-a3a6-511ec217d887@group-21BA9BD4283D-LeaderElection95: begin an election at term 20 for -1: [67f35358-9777-4ff9-96f4-8a61bc3a94fe:192.168.34.62:37037, 7c431f9d-51bc-458b-a3a6-511ec217d887:192.168.34.62:40420, b9cfa588-8e56-4331-be2f-4c26f25c6739:192.168.34.62:34777], old=null
2019-10-17 06:47:38,060 [grpc-default-executor-2] INFO  impl.RaftServerImpl (RaftServerImpl.java:setRole(184)) - b9cfa588-8e56-4331-be2f-4c26f25c6739@group-21BA9BD4283D: changes role from  FOLLOWER to FOLLOWER at term 20 for recognizeCandidate:7c431f9d-51bc-458b-a3a6-511ec217d887
2019-10-17 06:47:38,060 [grpc-default-executor-3] INFO  impl.RaftServerImpl (RaftServerImpl.java:setRole(184)) - 67f35358-9777-4ff9-96f4-8a61bc3a94fe@group-21BA9BD4283D: changes role from  FOLLOWER to FOLLOWER at term 20 for recognizeCandidate:7c431f9d-51bc-458b-a3a6-511ec217d887
2019-10-17 06:47:38,060 [grpc-default-executor-3] INFO  impl.RoleInfo (RoleInfo.java:shutdownFollowerState(121)) - 67f35358-9777-4ff9-96f4-8a61bc3a94fe: shutdown FollowerState
2019-10-17 06:47:38,060 [7c431f9d-51bc-458b-a3a6-511ec217d887@group-21BA9BD4283D-LeaderElection95] INFO  impl.LeaderElection (LeaderElection.java:logAndReturn(56)) - 7c431f9d-51bc-458b-a3a6-511ec217d887@group-21BA9BD4283D-LeaderElection95: Election TIMEOUT; received 0 response(s) [] and 0 exception(s); 7c431f9d-51bc-458b-a3a6-511ec217d887@group-21BA9BD4283D:t20, leader=null, voted=7c431f9d-51bc-458b-a3a6-511ec217d887, raftlog=7c431f9d-51bc-458b-a3a6-511ec217d887@group-21BA9BD4283D-SegmentedRaftLog:OPENED:c-1,f-1,i0, conf=-1: [67f35358-9777-4ff9-96f4-8a61bc3a94fe:192.168.34.62:37037, 7c431f9d-51bc-458b-a3a6-511ec217d887:192.168.34.62:40420, b9cfa588-8e56-4331-be2f-4c26f25c6739:192.168.34.62:34777], old=null
2019-10-17 06:47:38,060 [grpc-default-executor-2] INFO  impl.RoleInfo (RoleInfo.java:shutdownFollowerState(121)) - b9cfa588-8e56-4331-be2f-4c26f25c6739: shutdown FollowerState
2019-10-17 06:47:38,060 [Thread-1425] INFO  impl.FollowerState (FollowerState.java:run(117)) - 67f35358-9777-4ff9-96f4-8a61bc3a94fe@group-21BA9BD4283D-FollowerState was interrupted: java.lang.InterruptedException: sleep interrupted
2019-10-17 06:47:38,061 [Thread-1426] INFO  impl.FollowerState (FollowerState.java:run(117)) - b9cfa588-8e56-4331-be2f-4c26f25c6739@group-21BA9BD4283D-FollowerState was interrupted: java.lang.InterruptedException: sleep interrupted
2019-10-17 06:47:38,060 [grpc-default-executor-3] INFO  impl.RoleInfo (RoleInfo.java:updateAndGet(143)) - 67f35358-9777-4ff9-96f4-8a61bc3a94fe: start FollowerState
2019-10-17 06:47:38,061 [grpc-default-executor-2] INFO  impl.RoleInfo (RoleInfo.java:updateAndGet(143)) - b9cfa588-8e56-4331-be2f-4c26f25c6739: start FollowerState
2019-10-17 06:47:38,074 [7c431f9d-51bc-458b-a3a6-511ec217d887@group-21BA9BD4283D-LeaderElection95] INFO  impl.LeaderElection (LeaderElection.java:askForVotes(178)) - 7c431f9d-51bc-458b-a3a6-511ec217d887@group-21BA9BD4283D-LeaderElection95: begin an election at term 21 for -1: [67f35358-9777-4ff9-96f4-8a61bc3a94fe:192.168.34.62:37037, 7c431f9d-51bc-458b-a3a6-511ec217d887:192.168.34.62:40420, b9cfa588-8e56-4331-be2f-4c26f25c6739:192.168.34.62:34777], old=null
2019-10-17 06:47:38,076 [grpc-default-executor-3] INFO  impl.RaftServerImpl (RaftServerImpl.java:setRole(184)) - 67f35358-9777-4ff9-96f4-8a61bc3a94fe@group-21BA9BD4283D: changes role from  FOLLOWER to FOLLOWER at term 21 for recognizeCandidate:7c431f9d-51bc-458b-a3a6-511ec217d887
2019-10-17 06:47:38,076 [grpc-default-executor-3] INFO  impl.RoleInfo (RoleInfo.java:shutdownFollowerState(121)) - 67f35358-9777-4ff9-96f4-8a61bc3a94fe: shutdown FollowerState
2019-10-17 06:47:38,076 [grpc-default-executor-3] INFO  impl.RoleInfo (RoleInfo.java:updateAndGet(143)) - 67f35358-9777-4ff9-96f4-8a61bc3a94fe: start FollowerState
2019-10-17 06:47:38,076 [grpc-default-executor-2] INFO  impl.RaftServerImpl (RaftServerImpl.java:setRole(184)) - b9cfa588-8e56-4331-be2f-4c26f25c6739@group-21BA9BD4283D: changes role from  FOLLOWER to FOLLOWER at term 21 for recognizeCandidate:7c431f9d-51bc-458b-a3a6-511ec217d887
2019-10-17 06:47:38,076 [Thread-1431] INFO  impl.FollowerState (FollowerState.java:run(117)) - 67f35358-9777-4ff9-96f4-8a61bc3a94fe@group-21BA9BD4283D-FollowerState was interrupted: java.lang.InterruptedException: sleep interrupted
2019-10-17 06:47:38,076 [grpc-default-executor-2] INFO  impl.RoleInfo (RoleInfo.java:shutdownFollowerState(121)) - b9cfa588-8e56-4331-be2f-4c26f25c6739: shutdown FollowerState
2019-10-17 06:47:38,077 [grpc-default-executor-2] INFO  impl.RoleInfo (RoleInfo.java:updateAndGet(143)) - b9cfa588-8e56-4331-be2f-4c26f25c6739: start FollowerState
2019-10-17 06:47:38,077 [Thread-1432] INFO  impl.FollowerState (FollowerState.java:run(117)) - b9cfa588-8e56-4331-be2f-4c26f25c6739@group-21BA9BD4283D-FollowerState was interrupted: java.lang.InterruptedException: sleep interrupted
2019-10-17 06:47:38,090 [main] INFO  ozone.MiniOzoneClusterImpl (MiniOzoneClusterImpl.java:lambda$waitForClusterToBeReady$2(164)) - Waiting for 1 number of pipelines out of 4, to report a leader.
2019-10-17 06:47:38,091 [7c431f9d-51bc-458b-a3a6-511ec217d887@group-21BA9BD4283D-LeaderElection95] INFO  impl.LeaderElection (LeaderElection.java:logAndReturn(56)) - 7c431f9d-51bc-458b-a3a6-511ec217d887@group-21BA9BD4283D-LeaderElection95: Election REJECTED; received 2 response(s) [7c431f9d-51bc-458b-a3a6-511ec217d887<-67f35358-9777-4ff9-96f4-8a61bc3a94fe#0:FAIL-t21, 7c431f9d-51bc-458b-a3a6-511ec217d887<-b9cfa588-8e56-4331-be2f-4c26f25c6739#0:FAIL-t21] and 0 exception(s); 7c431f9d-51bc-458b-a3a6-511ec217d887@group-21BA9BD4283D:t21, leader=null, voted=7c431f9d-51bc-458b-a3a6-511ec217d887, raftlog=7c431f9d-51bc-458b-a3a6-511ec217d887@group-21BA9BD4283D-SegmentedRaftLog:OPENED:c-1,f-1,i0, conf=-1: [67f35358-9777-4ff9-96f4-8a61bc3a94fe:192.168.34.62:37037, 7c431f9d-51bc-458b-a3a6-511ec217d887:192.168.34.62:40420, b9cfa588-8e56-4331-be2f-4c26f25c6739:192.168.34.62:34777], old=null
2019-10-17 06:47:38,091 [7c431f9d-51bc-458b-a3a6-511ec217d887@group-21BA9BD4283D-LeaderElection95] INFO  impl.RaftServerImpl (RaftServerImpl.java:setRole(184)) - 7c431f9d-51bc-458b-a3a6-511ec217d887@group-21BA9BD4283D: changes role from CANDIDATE to FOLLOWER at term 21 for DISCOVERED_A_NEW_TERM
2019-10-17 06:47:38,091 [7c431f9d-51bc-458b-a3a6-511ec217d887@group-21BA9BD4283D-LeaderElection95] INFO  impl.RoleInfo (RoleInfo.java:shutdownLeaderElection(134)) - 7c431f9d-51bc-458b-a3a6-511ec217d887: shutdown LeaderElection
2019-10-17 06:47:38,091 [7c431f9d-51bc-458b-a3a6-511ec217d887@group-21BA9BD4283D-LeaderElection95] INFO  impl.RoleInfo (RoleInfo.java:updateAndGet(143)) - 7c431f9d-51bc-458b-a3a6-511ec217d887: start FollowerState
2019-10-17 06:47:38,265 [Thread-1437] INFO  impl.FollowerState (FollowerState.java:run(108)) - 7c431f9d-51bc-458b-a3a6-511ec217d887@group-21BA9BD4283D-FollowerState: change to CANDIDATE, lastRpcTime:174ms, electionTimeout:174ms
2019-10-17 06:47:38,266 [Thread-1437] INFO  impl.RoleInfo (RoleInfo.java:shutdownFollowerState(121)) - 7c431f9d-51bc-458b-a3a6-511ec217d887: shutdown FollowerState
2019-10-17 06:47:38,266 [Thread-1437] INFO  impl.RaftServerImpl (RaftServerImpl.java:setRole(184)) - 7c431f9d-51bc-458b-a3a6-511ec217d887@group-21BA9BD4283D: changes role from  FOLLOWER to CANDIDATE at term 21 for changeToCandidate
2019-10-17 06:47:38,266 [Thread-1437] INFO  impl.RoleInfo (RoleInfo.java:updateAndGet(143)) - 7c431f9d-51bc-458b-a3a6-511ec217d887: start LeaderElection
2019-10-17 06:47:38,305 [7c431f9d-51bc-458b-a3a6-511ec217d887@group-21BA9BD4283D-LeaderElection96] INFO  impl.LeaderElection (LeaderElection.java:askForVotes(178)) - 7c431f9d-51bc-458b-a3a6-511ec217d887@group-21BA9BD4283D-LeaderElection96: begin an election at term 22 for -1: [67f35358-9777-4ff9-96f4-8a61bc3a94fe:192.168.34.62:37037, 7c431f9d-51bc-458b-a3a6-511ec217d887:192.168.34.62:40420, b9cfa588-8e56-4331-be2f-4c26f25c6739:192.168.34.62:34777], old=null
2019-10-17 06:47:38,309 [grpc-default-executor-2] INFO  impl.RaftServerImpl (RaftServerImpl.java:setRole(184)) - 67f35358-9777-4ff9-96f4-8a61bc3a94fe@group-21BA9BD4283D: changes role from  FOLLOWER to FOLLOWER at term 22 for recognizeCandidate:7c431f9d-51bc-458b-a3a6-511ec217d887
2019-10-17 06:47:38,309 [grpc-default-executor-3] INFO  impl.RaftServerImpl (RaftServerImpl.java:setRole(184)) - b9cfa588-8e56-4331-be2f-4c26f25c6739@group-21BA9BD4283D: changes role from  FOLLOWER to FOLLOWER at term 22 for recognizeCandidate:7c431f9d-51bc-458b-a3a6-511ec217d887
2019-10-17 06:47:38,309 [grpc-default-executor-2] INFO  impl.RoleInfo (RoleInfo.java:shutdownFollowerState(121)) - 67f35358-9777-4ff9-96f4-8a61bc3a94fe: shutdown FollowerState
2019-10-17 06:47:38,309 [grpc-default-executor-3] INFO  impl.RoleInfo (RoleInfo.java:shutdownFollowerState(121)) - b9cfa588-8e56-4331-be2f-4c26f25c6739: shutdown FollowerState
2019-10-17 06:47:38,309 [Thread-1435] INFO  impl.FollowerState (FollowerState.java:run(117)) - 67f35358-9777-4ff9-96f4-8a61bc3a94fe@group-21BA9BD4283D-FollowerState was interrupted: java.lang.InterruptedException: sleep interrupted
2019-10-17 06:47:38,309 [grpc-default-executor-2] INFO  impl.RoleInfo (RoleInfo.java:updateAndGet(143)) - 67f35358-9777-4ff9-96f4-8a61bc3a94fe: start FollowerState
2019-10-17 06:47:38,309 [Thread-1436] INFO  impl.FollowerState (FollowerState.java:run(117)) - b9cfa588-8e56-4331-be2f-4c26f25c6739@group-21BA9BD4283D-FollowerState was interrupted: java.lang.InterruptedException: sleep interrupted
2019-10-17 06:47:38,309 [grpc-default-executor-3] INFO  impl.RoleInfo (RoleInfo.java:updateAndGet(143)) - b9cfa588-8e56-4331-be2f-4c26f25c6739: start FollowerState
2019-10-17 06:47:38,324 [7c431f9d-51bc-458b-a3a6-511ec217d887@group-21BA9BD4283D-LeaderElection96] INFO  impl.LeaderElection (LeaderElection.java:logAndReturn(56)) - 7c431f9d-51bc-458b-a3a6-511ec217d887@group-21BA9BD4283D-LeaderElection96: Election REJECTED; received 2 response(s) [7c431f9d-51bc-458b-a3a6-511ec217d887<-67f35358-9777-4ff9-96f4-8a61bc3a94fe#0:FAIL-t22, 7c431f9d-51bc-458b-a3a6-511ec217d887<-b9cfa588-8e56-4331-be2f-4c26f25c6739#0:FAIL-t22] and 0 exception(s); 7c431f9d-51bc-458b-a3a6-511ec217d887@group-21BA9BD4283D:t22, leader=null, voted=7c431f9d-51bc-458b-a3a6-511ec217d887, raftlog=7c431f9d-51bc-458b-a3a6-511ec217d887@group-21BA9BD4283D-SegmentedRaftLog:OPENED:c-1,f-1,i0, conf=-1: [67f35358-9777-4ff9-96f4-8a61bc3a94fe:192.168.34.62:37037, 7c431f9d-51bc-458b-a3a6-511ec217d887:192.168.34.62:40420, b9cfa588-8e56-4331-be2f-4c26f25c6739:192.168.34.62:34777], old=null
2019-10-17 06:47:38,324 [7c431f9d-51bc-458b-a3a6-511ec217d887@group-21BA9BD4283D-LeaderElection96] INFO  impl.RaftServerImpl (RaftServerImpl.java:setRole(184)) - 7c431f9d-51bc-458b-a3a6-511ec217d887@group-21BA9BD4283D: changes role from CANDIDATE to FOLLOWER at term 22 for DISCOVERED_A_NEW_TERM
2019-10-17 06:47:38,324 [7c431f9d-51bc-458b-a3a6-511ec217d887@group-21BA9BD4283D-LeaderElection96] INFO  impl.RoleInfo (RoleInfo.java:shutdownLeaderElection(134)) - 7c431f9d-51bc-458b-a3a6-511ec217d887: shutdown LeaderElection
2019-10-17 06:47:38,325 [7c431f9d-51bc-458b-a3a6-511ec217d887@group-21BA9BD4283D-LeaderElection96] INFO  impl.RoleInfo (RoleInfo.java:updateAndGet(143)) - 7c431f9d-51bc-458b-a3a6-511ec217d887: start FollowerState
2019-10-17 06:47:38,412 [Thread-1443] INFO  impl.FollowerState (FollowerState.java:run(108)) - 7c431f9d-51bc-458b-a3a6-511ec217d887@group-21BA9BD4283D-FollowerState: change to CANDIDATE, lastRpcTime:87ms, electionTimeout:87ms
2019-10-17 06:47:38,412 [Thread-1443] INFO  impl.RoleInfo (RoleInfo.java:shutdownFollowerState(121)) - 7c431f9d-51bc-458b-a3a6-511ec217d887: shutdown FollowerState
2019-10-17 06:47:38,412 [Thread-1443] INFO  impl.RaftServerImpl (RaftServerImpl.java:setRole(184)) - 7c431f9d-51bc-458b-a3a6-511ec217d887@group-21BA9BD4283D: changes role from  FOLLOWER to CANDIDATE at term 22 for changeToCandidate
2019-10-17 06:47:38,413 [Thread-1443] INFO  impl.RoleInfo (RoleInfo.java:updateAndGet(143)) - 7c431f9d-51bc-458b-a3a6-511ec217d887: start LeaderElection
2019-10-17 06:47:38,427 [7c431f9d-51bc-458b-a3a6-511ec217d887@group-21BA9BD4283D-LeaderElection97] INFO  impl.LeaderElection (LeaderElection.java:askForVotes(178)) - 7c431f9d-51bc-458b-a3a6-511ec217d887@group-21BA9BD4283D-LeaderElection97: begin an election at term 23 for -1: [67f35358-9777-4ff9-96f4-8a61bc3a94fe:192.168.34.62:37037, 7c431f9d-51bc-458b-a3a6-511ec217d887:192.168.34.62:40420, b9cfa588-8e56-4331-be2f-4c26f25c6739:192.168.34.62:34777], old=null
2019-10-17 06:47:38,430 [grpc-default-executor-3] INFO  impl.RaftServerImpl (RaftServerImpl.java:setRole(184)) - b9cfa588-8e56-4331-be2f-4c26f25c6739@group-21BA9BD4283D: changes role from  FOLLOWER to FOLLOWER at term 23 for recognizeCandidate:7c431f9d-51bc-458b-a3a6-511ec217d887
2019-10-17 06:47:38,430 [grpc-default-executor-2] INFO  impl.RaftServerImpl (RaftServerImpl.java:setRole(184)) - 67f35358-9777-4ff9-96f4-8a61bc3a94fe@group-21BA9BD4283D: changes role from  FOLLOWER to FOLLOWER at term 23 for recognizeCandidate:7c431f9d-51bc-458b-a3a6-511ec217d887
2019-10-17 06:47:38,431 [grpc-default-executor-2] INFO  impl.RoleInfo (RoleInfo.java:shutdownFollowerState(121)) - 67f35358-9777-4ff9-96f4-8a61bc3a94fe: shutdown FollowerState
2019-10-17 06:47:38,431 [grpc-default-executor-3] INFO  impl.RoleInfo (RoleInfo.java:shutdownFollowerState(121)) - b9cfa588-8e56-4331-be2f-4c26f25c6739: shutdown FollowerState
2019-10-17 06:47:38,431 [Thread-1441] INFO  impl.FollowerState (FollowerState.java:run(117)) - 67f35358-9777-4ff9-96f4-8a61bc3a94fe@group-21BA9BD4283D-FollowerState was interrupted: java.lang.InterruptedException: sleep interrupted
2019-10-17 06:47:38,431 [grpc-default-executor-2] INFO  impl.RoleInfo (RoleInfo.java:updateAndGet(143)) - 67f35358-9777-4ff9-96f4-8a61bc3a94fe: start FollowerState
2019-10-17 06:47:38,431 [grpc-default-executor-3] INFO  impl.RoleInfo (RoleInfo.java:updateAndGet(143)) - b9cfa588-8e56-4331-be2f-4c26f25c6739: start FollowerState
2019-10-17 06:47:38,431 [Thread-1442] INFO  impl.FollowerState (FollowerState.java:run(117)) - b9cfa588-8e56-4331-be2f-4c26f25c6739@group-21BA9BD4283D-FollowerState was interrupted: java.lang.InterruptedException: sleep interrupted
2019-10-17 06:47:38,447 [7c431f9d-51bc-458b-a3a6-511ec217d887@group-21BA9BD4283D-LeaderElection97] INFO  impl.LeaderElection (LeaderElection.java:logAndReturn(56)) - 7c431f9d-51bc-458b-a3a6-511ec217d887@group-21BA9BD4283D-LeaderElection97: Election REJECTED; received 2 response(s) [7c431f9d-51bc-458b-a3a6-511ec217d887<-67f35358-9777-4ff9-96f4-8a61bc3a94fe#0:FAIL-t23, 7c431f9d-51bc-458b-a3a6-511ec217d887<-b9cfa588-8e56-4331-be2f-4c26f25c6739#0:FAIL-t23] and 0 exception(s); 7c431f9d-51bc-458b-a3a6-511ec217d887@group-21BA9BD4283D:t23, leader=null, voted=7c431f9d-51bc-458b-a3a6-511ec217d887, raftlog=7c431f9d-51bc-458b-a3a6-511ec217d887@group-21BA9BD4283D-SegmentedRaftLog:OPENED:c-1,f-1,i0, conf=-1: [67f35358-9777-4ff9-96f4-8a61bc3a94fe:192.168.34.62:37037, 7c431f9d-51bc-458b-a3a6-511ec217d887:192.168.34.62:40420, b9cfa588-8e56-4331-be2f-4c26f25c6739:192.168.34.62:34777], old=null
2019-10-17 06:47:38,447 [7c431f9d-51bc-458b-a3a6-511ec217d887@group-21BA9BD4283D-LeaderElection97] INFO  impl.RaftServerImpl (RaftServerImpl.java:setRole(184)) - 7c431f9d-51bc-458b-a3a6-511ec217d887@group-21BA9BD4283D: changes role from CANDIDATE to FOLLOWER at term 23 for DISCOVERED_A_NEW_TERM
2019-10-17 06:47:38,447 [7c431f9d-51bc-458b-a3a6-511ec217d887@group-21BA9BD4283D-LeaderElection97] INFO  impl.RoleInfo (RoleInfo.java:shutdownLeaderElection(134)) - 7c431f9d-51bc-458b-a3a6-511ec217d887: shutdown LeaderElection
2019-10-17 06:47:38,447 [7c431f9d-51bc-458b-a3a6-511ec217d887@group-21BA9BD4283D-LeaderElection97] INFO  impl.RoleInfo (RoleInfo.java:updateAndGet(143)) - 7c431f9d-51bc-458b-a3a6-511ec217d887: start FollowerState
2019-10-17 06:47:38,518 [Thread-1449] INFO  impl.FollowerState (FollowerState.java:run(108)) - 7c431f9d-51bc-458b-a3a6-511ec217d887@group-21BA9BD4283D-FollowerState: change to CANDIDATE, lastRpcTime:70ms, electionTimeout:70ms
2019-10-17 06:47:38,518 [Thread-1449] INFO  impl.RoleInfo (RoleInfo.java:shutdownFollowerState(121)) - 7c431f9d-51bc-458b-a3a6-511ec217d887: shutdown FollowerState
2019-10-17 06:47:38,518 [Thread-1449] INFO  impl.RaftServerImpl (RaftServerImpl.java:setRole(184)) - 7c431f9d-51bc-458b-a3a6-511ec217d887@group-21BA9BD4283D: changes role from  FOLLOWER to CANDIDATE at term 23 for changeToCandidate
2019-10-17 06:47:38,518 [Thread-1449] INFO  impl.RoleInfo (RoleInfo.java:updateAndGet(143)) - 7c431f9d-51bc-458b-a3a6-511ec217d887: start LeaderElection
2019-10-17 06:47:38,532 [7c431f9d-51bc-458b-a3a6-511ec217d887@group-21BA9BD4283D-LeaderElection98] INFO  impl.LeaderElection (LeaderElection.java:askForVotes(178)) - 7c431f9d-51bc-458b-a3a6-511ec217d887@group-21BA9BD4283D-LeaderElection98: begin an election at term 24 for -1: [67f35358-9777-4ff9-96f4-8a61bc3a94fe:192.168.34.62:37037, 7c431f9d-51bc-458b-a3a6-511ec217d887:192.168.34.62:40420, b9cfa588-8e56-4331-be2f-4c26f25c6739:192.168.34.62:34777], old=null
2019-10-17 06:47:38,535 [grpc-default-executor-3] INFO  impl.RaftServerImpl (RaftServerImpl.java:setRole(184)) - 67f35358-9777-4ff9-96f4-8a61bc3a94fe@group-21BA9BD4283D: changes role from  FOLLOWER to FOLLOWER at term 24 for recognizeCandidate:7c431f9d-51bc-458b-a3a6-511ec217d887
2019-10-17 06:47:38,535 [grpc-default-executor-2] INFO  impl.RaftServerImpl (RaftServerImpl.java:setRole(184)) - b9cfa588-8e56-4331-be2f-4c26f25c6739@group-21BA9BD4283D: changes role from  FOLLOWER to FOLLOWER at term 24 for recognizeCandidate:7c431f9d-51bc-458b-a3a6-511ec217d887
2019-10-17 06:47:38,535 [grpc-default-executor-2] INFO  impl.RoleInfo (RoleInfo.java:shutdownFollowerState(121)) - b9cfa588-8e56-4331-be2f-4c26f25c6739: shutdown FollowerState
2019-10-17 06:47:38,535 [grpc-default-executor-3] INFO  impl.RoleInfo (RoleInfo.java:shutdownFollowerState(121)) - 67f35358-9777-4ff9-96f4-8a61bc3a94fe: shutdown FollowerState
2019-10-17 06:47:38,536 [Thread-1448] INFO  impl.FollowerState (FollowerState.java:run(117)) - b9cfa588-8e56-4331-be2f-4c26f25c6739@group-21BA9BD4283D-FollowerState was interrupted: java.lang.InterruptedException: sleep interrupted
2019-10-17 06:47:38,536 [grpc-default-executor-2] INFO  impl.RoleInfo (RoleInfo.java:updateAndGet(143)) - b9cfa588-8e56-4331-be2f-4c26f25c6739: start FollowerState
2019-10-17 06:47:38,536 [Thread-1447] INFO  impl.FollowerState (FollowerState.java:run(117)) - 67f35358-9777-4ff9-96f4-8a61bc3a94fe@group-21BA9BD4283D-FollowerState was interrupted: java.lang.InterruptedException: sleep interrupted
2019-10-17 06:47:38,536 [grpc-default-executor-3] INFO  impl.RoleInfo (RoleInfo.java:updateAndGet(143)) - 67f35358-9777-4ff9-96f4-8a61bc3a94fe: start FollowerState
2019-10-17 06:47:38,560 [7c431f9d-51bc-458b-a3a6-511ec217d887@group-21BA9BD4283D-LeaderElection98] INFO  impl.LeaderElection (LeaderElection.java:logAndReturn(56)) - 7c431f9d-51bc-458b-a3a6-511ec217d887@group-21BA9BD4283D-LeaderElection98: Election REJECTED; received 2 response(s) [7c431f9d-51bc-458b-a3a6-511ec217d887<-67f35358-9777-4ff9-96f4-8a61bc3a94fe#0:FAIL-t24, 7c431f9d-51bc-458b-a3a6-511ec217d887<-b9cfa588-8e56-4331-be2f-4c26f25c6739#0:FAIL-t24] and 0 exception(s); 7c431f9d-51bc-458b-a3a6-511ec217d887@group-21BA9BD4283D:t24, leader=null, voted=7c431f9d-51bc-458b-a3a6-511ec217d887, raftlog=7c431f9d-51bc-458b-a3a6-511ec217d887@group-21BA9BD4283D-SegmentedRaftLog:OPENED:c-1,f-1,i0, conf=-1: [67f35358-9777-4ff9-96f4-8a61bc3a94fe:192.168.34.62:37037, 7c431f9d-51bc-458b-a3a6-511ec217d887:192.168.34.62:40420, b9cfa588-8e56-4331-be2f-4c26f25c6739:192.168.34.62:34777], old=null
2019-10-17 06:47:38,560 [7c431f9d-51bc-458b-a3a6-511ec217d887@group-21BA9BD4283D-LeaderElection98] INFO  impl.RaftServerImpl (RaftServerImpl.java:setRole(184)) - 7c431f9d-51bc-458b-a3a6-511ec217d887@group-21BA9BD4283D: changes role from CANDIDATE to FOLLOWER at term 24 for DISCOVERED_A_NEW_TERM
2019-10-17 06:47:38,560 [7c431f9d-51bc-458b-a3a6-511ec217d887@group-21BA9BD4283D-LeaderElection98] INFO  impl.RoleInfo (RoleInfo.java:shutdownLeaderElection(134)) - 7c431f9d-51bc-458b-a3a6-511ec217d887: shutdown LeaderElection
2019-10-17 06:47:38,560 [7c431f9d-51bc-458b-a3a6-511ec217d887@group-21BA9BD4283D-LeaderElection98] INFO  impl.RoleInfo (RoleInfo.java:updateAndGet(143)) - 7c431f9d-51bc-458b-a3a6-511ec217d887: start FollowerState
2019-10-17 06:47:38,665 [Thread-1455] INFO  impl.FollowerState (FollowerState.java:run(108)) - 7c431f9d-51bc-458b-a3a6-511ec217d887@group-21BA9BD4283D-FollowerState: change to CANDIDATE, lastRpcTime:104ms, electionTimeout:104ms
2019-10-17 06:47:38,665 [Thread-1455] INFO  impl.RoleInfo (RoleInfo.java:shutdownFollowerState(121)) - 7c431f9d-51bc-458b-a3a6-511ec217d887: shutdown FollowerState
2019-10-17 06:47:38,665 [Thread-1455] INFO  impl.RaftServerImpl (RaftServerImpl.java:setRole(184)) - 7c431f9d-51bc-458b-a3a6-511ec217d887@group-21BA9BD4283D: changes role from  FOLLOWER to CANDIDATE at term 24 for changeToCandidate
2019-10-17 06:47:38,665 [Thread-1455] INFO  impl.RoleInfo (RoleInfo.java:updateAndGet(143)) - 7c431f9d-51bc-458b-a3a6-511ec217d887: start LeaderElection
2019-10-17 06:47:38,679 [7c431f9d-51bc-458b-a3a6-511ec217d887@group-21BA9BD4283D-LeaderElection99] INFO  impl.LeaderElection (LeaderElection.java:askForVotes(178)) - 7c431f9d-51bc-458b-a3a6-511ec217d887@group-21BA9BD4283D-LeaderElection99: begin an election at term 25 for -1: [67f35358-9777-4ff9-96f4-8a61bc3a94fe:192.168.34.62:37037, 7c431f9d-51bc-458b-a3a6-511ec217d887:192.168.34.62:40420, b9cfa588-8e56-4331-be2f-4c26f25c6739:192.168.34.62:34777], old=null
2019-10-17 06:47:38,682 [grpc-default-executor-2] INFO  impl.RaftServerImpl (RaftServerImpl.java:setRole(184)) - b9cfa588-8e56-4331-be2f-4c26f25c6739@group-21BA9BD4283D: changes role from  FOLLOWER to FOLLOWER at term 25 for recognizeCandidate:7c431f9d-51bc-458b-a3a6-511ec217d887
2019-10-17 06:47:38,682 [grpc-default-executor-2] INFO  impl.RoleInfo (RoleInfo.java:shutdownFollowerState(121)) - b9cfa588-8e56-4331-be2f-4c26f25c6739: shutdown FollowerState
2019-10-17 06:47:38,682 [grpc-default-executor-3] INFO  impl.RaftServerImpl (RaftServerImpl.java:setRole(184)) - 67f35358-9777-4ff9-96f4-8a61bc3a94fe@group-21BA9BD4283D: changes role from  FOLLOWER to FOLLOWER at term 25 for recognizeCandidate:7c431f9d-51bc-458b-a3a6-511ec217d887
2019-10-17 06:47:38,683 [grpc-default-executor-3] INFO  impl.RoleInfo (RoleInfo.java:shutdownFollowerState(121)) - 67f35358-9777-4ff9-96f4-8a61bc3a94fe: shutdown FollowerState
2019-10-17 06:47:38,683 [Thread-1453] INFO  impl.FollowerState (FollowerState.java:run(117)) - b9cfa588-8e56-4331-be2f-4c26f25c6739@group-21BA9BD4283D-FollowerState was interrupted: java.lang.InterruptedException: sleep interrupted
2019-10-17 06:47:38,683 [grpc-default-executor-2] INFO  impl.RoleInfo (RoleInfo.java:updateAndGet(143)) - b9cfa588-8e56-4331-be2f-4c26f25c6739: start FollowerState
2019-10-17 06:47:38,683 [Thread-1454] INFO  impl.FollowerState (FollowerState.java:run(117)) - 67f35358-9777-4ff9-96f4-8a61bc3a94fe@group-21BA9BD4283D-FollowerState was interrupted: java.lang.InterruptedException: sleep interrupted
2019-10-17 06:47:38,683 [grpc-default-executor-3] INFO  impl.RoleInfo (RoleInfo.java:updateAndGet(143)) - 67f35358-9777-4ff9-96f4-8a61bc3a94fe: start FollowerState
2019-10-17 06:47:38,698 [7c431f9d-51bc-458b-a3a6-511ec217d887@group-21BA9BD4283D-LeaderElection99] INFO  impl.LeaderElection (LeaderElection.java:logAndReturn(56)) - 7c431f9d-51bc-458b-a3a6-511ec217d887@group-21BA9BD4283D-LeaderElection99: Election REJECTED; received 2 response(s) [7c431f9d-51bc-458b-a3a6-511ec217d887<-67f35358-9777-4ff9-96f4-8a61bc3a94fe#0:FAIL-t25, 7c431f9d-51bc-458b-a3a6-511ec217d887<-b9cfa588-8e56-4331-be2f-4c26f25c6739#0:FAIL-t25] and 0 exception(s); 7c431f9d-51bc-458b-a3a6-511ec217d887@group-21BA9BD4283D:t25, leader=null, voted=7c431f9d-51bc-458b-a3a6-511ec217d887, raftlog=7c431f9d-51bc-458b-a3a6-511ec217d887@group-21BA9BD4283D-SegmentedRaftLog:OPENED:c-1,f-1,i0, conf=-1: [67f35358-9777-4ff9-96f4-8a61bc3a94fe:192.168.34.62:37037, 7c431f9d-51bc-458b-a3a6-511ec217d887:192.168.34.62:40420, b9cfa588-8e56-4331-be2f-4c26f25c6739:192.168.34.62:34777], old=null
2019-10-17 06:47:38,698 [7c431f9d-51bc-458b-a3a6-511ec217d887@group-21BA9BD4283D-LeaderElection99] INFO  impl.RaftServerImpl (RaftServerImpl.java:setRole(184)) - 7c431f9d-51bc-458b-a3a6-511ec217d887@group-21BA9BD4283D: changes role from CANDIDATE to FOLLOWER at term 25 for DISCOVERED_A_NEW_TERM
2019-10-17 06:47:38,699 [7c431f9d-51bc-458b-a3a6-511ec217d887@group-21BA9BD4283D-LeaderElection99] INFO  impl.RoleInfo (RoleInfo.java:shutdownLeaderElection(134)) - 7c431f9d-51bc-458b-a3a6-511ec217d887: shutdown LeaderElection
2019-10-17 06:47:38,699 [7c431f9d-51bc-458b-a3a6-511ec217d887@group-21BA9BD4283D-LeaderElection99] INFO  impl.RoleInfo (RoleInfo.java:updateAndGet(143)) - 7c431f9d-51bc-458b-a3a6-511ec217d887: start FollowerState
2019-10-17 06:47:38,813 [Thread-1461] INFO  impl.FollowerState (FollowerState.java:run(108)) - 7c431f9d-51bc-458b-a3a6-511ec217d887@group-21BA9BD4283D-FollowerState: change to CANDIDATE, lastRpcTime:114ms, electionTimeout:114ms
2019-10-17 06:47:38,813 [Thread-1461] INFO  impl.RoleInfo (RoleInfo.java:shutdownFollowerState(121)) - 7c431f9d-51bc-458b-a3a6-511ec217d887: shutdown FollowerState
2019-10-17 06:47:38,814 [Thread-1461] INFO  impl.RaftServerImpl (RaftServerImpl.java:setRole(184)) - 7c431f9d-51bc-458b-a3a6-511ec217d887@group-21BA9BD4283D: changes role from  FOLLOWER to CANDIDATE at term 25 for changeToCandidate
2019-10-17 06:47:38,814 [Thread-1461] INFO  impl.RoleInfo (RoleInfo.java:updateAndGet(143)) - 7c431f9d-51bc-458b-a3a6-511ec217d887: start LeaderElection
2019-10-17 06:47:38,824 [7c431f9d-51bc-458b-a3a6-511ec217d887@group-21BA9BD4283D-LeaderElection100] INFO  impl.LeaderElection (LeaderElection.java:askForVotes(178)) - 7c431f9d-51bc-458b-a3a6-511ec217d887@group-21BA9BD4283D-LeaderElection100: begin an election at term 26 for -1: [67f35358-9777-4ff9-96f4-8a61bc3a94fe:192.168.34.62:37037, 7c431f9d-51bc-458b-a3a6-511ec217d887:192.168.34.62:40420, b9cfa588-8e56-4331-be2f-4c26f25c6739:192.168.34.62:34777], old=null
2019-10-17 06:47:38,827 [grpc-default-executor-2] INFO  impl.RaftServerImpl (RaftServerImpl.java:setRole(184)) - b9cfa588-8e56-4331-be2f-4c26f25c6739@group-21BA9BD4283D: changes role from  FOLLOWER to FOLLOWER at term 26 for recognizeCandidate:7c431f9d-51bc-458b-a3a6-511ec217d887
2019-10-17 06:47:38,827 [grpc-default-executor-3] INFO  impl.RaftServerImpl (RaftServerImpl.java:setRole(184)) - 67f35358-9777-4ff9-96f4-8a61bc3a94fe@group-21BA9BD4283D: changes role from  FOLLOWER to FOLLOWER at term 26 for recognizeCandidate:7c431f9d-51bc-458b-a3a6-511ec217d887
2019-10-17 06:47:38,827 [grpc-default-executor-2] INFO  impl.RoleInfo (RoleInfo.java:shutdownFollowerState(121)) - b9cfa588-8e56-4331-be2f-4c26f25c6739: shutdown FollowerState
2019-10-17 06:47:38,827 [grpc-default-executor-3] INFO  impl.RoleInfo (RoleInfo.java:shutdownFollowerState(121)) - 67f35358-9777-4ff9-96f4-8a61bc3a94fe: shutdown FollowerState
2019-10-17 06:47:38,827 [Thread-1459] INFO  impl.FollowerState (FollowerState.java:run(117)) - b9cfa588-8e56-4331-be2f-4c26f25c6739@group-21BA9BD4283D-FollowerState was interrupted: java.lang.InterruptedException: sleep interrupted
2019-10-17 06:47:38,827 [Thread-1460] INFO  impl.FollowerState (FollowerState.java:run(117)) - 67f35358-9777-4ff9-96f4-8a61bc3a94fe@group-21BA9BD4283D-FollowerState was interrupted: java.lang.InterruptedException: sleep interrupted
2019-10-17 06:47:38,827 [grpc-default-executor-2] INFO  impl.RoleInfo (RoleInfo.java:updateAndGet(143)) - b9cfa588-8e56-4331-be2f-4c26f25c6739: start FollowerState
2019-10-17 06:47:38,827 [grpc-default-executor-3] INFO  impl.RoleInfo (RoleInfo.java:updateAndGet(143)) - 67f35358-9777-4ff9-96f4-8a61bc3a94fe: start FollowerState
2019-10-17 06:47:38,830 [7c431f9d-51bc-458b-a3a6-511ec217d887@group-21BA9BD4283D-LeaderElection100] INFO  impl.LeaderElection (LeaderElection.java:logAndReturn(56)) - 7c431f9d-51bc-458b-a3a6-511ec217d887@group-21BA9BD4283D-LeaderElection100: Election TIMEOUT; received 0 response(s) [] and 0 exception(s); 7c431f9d-51bc-458b-a3a6-511ec217d887@group-21BA9BD4283D:t26, leader=null, voted=7c431f9d-51bc-458b-a3a6-511ec217d887, raftlog=7c431f9d-51bc-458b-a3a6-511ec217d887@group-21BA9BD4283D-SegmentedRaftLog:OPENED:c-1,f-1,i0, conf=-1: [67f35358-9777-4ff9-96f4-8a61bc3a94fe:192.168.34.62:37037, 7c431f9d-51bc-458b-a3a6-511ec217d887:192.168.34.62:40420, b9cfa588-8e56-4331-be2f-4c26f25c6739:192.168.34.62:34777], old=null
2019-10-17 06:47:38,850 [7c431f9d-51bc-458b-a3a6-511ec217d887@group-21BA9BD4283D-LeaderElection100] INFO  impl.LeaderElection (LeaderElection.java:askForVotes(178)) - 7c431f9d-51bc-458b-a3a6-511ec217d887@group-21BA9BD4283D-LeaderElection100: begin an election at term 27 for -1: [67f35358-9777-4ff9-96f4-8a61bc3a94fe:192.168.34.62:37037, 7c431f9d-51bc-458b-a3a6-511ec217d887:192.168.34.62:40420, b9cfa588-8e56-4331-be2f-4c26f25c6739:192.168.34.62:34777], old=null
2019-10-17 06:47:38,852 [grpc-default-executor-3] INFO  impl.RaftServerImpl (RaftServerImpl.java:setRole(184)) - 67f35358-9777-4ff9-96f4-8a61bc3a94fe@group-21BA9BD4283D: changes role from  FOLLOWER to FOLLOWER at term 27 for recognizeCandidate:7c431f9d-51bc-458b-a3a6-511ec217d887
2019-10-17 06:47:38,852 [grpc-default-executor-3] INFO  impl.RoleInfo (RoleInfo.java:shutdownFollowerState(121)) - 67f35358-9777-4ff9-96f4-8a61bc3a94fe: shutdown FollowerState
2019-10-17 06:47:38,852 [grpc-default-executor-2] INFO  impl.RaftServerImpl (RaftServerImpl.java:setRole(184)) - b9cfa588-8e56-4331-be2f-4c26f25c6739@group-21BA9BD4283D: changes role from  FOLLOWER to FOLLOWER at term 27 for recognizeCandidate:7c431f9d-51bc-458b-a3a6-511ec217d887
2019-10-17 06:47:38,853 [Thread-1466] INFO  impl.FollowerState (FollowerState.java:run(117)) - 67f35358-9777-4ff9-96f4-8a61bc3a94fe@group-21BA9BD4283D-FollowerState was interrupted: java.lang.InterruptedException: sleep interrupted
2019-10-17 06:47:38,853 [grpc-default-executor-3] INFO  impl.RoleInfo (RoleInfo.java:updateAndGet(143)) - 67f35358-9777-4ff9-96f4-8a61bc3a94fe: start FollowerState
2019-10-17 06:47:38,853 [grpc-default-executor-2] INFO  impl.RoleInfo (RoleInfo.java:shutdownFollowerState(121)) - b9cfa588-8e56-4331-be2f-4c26f25c6739: shutdown FollowerState
2019-10-17 06:47:38,853 [Thread-1465] INFO  impl.FollowerState (FollowerState.java:run(117)) - b9cfa588-8e56-4331-be2f-4c26f25c6739@group-21BA9BD4283D-FollowerState was interrupted: java.lang.InterruptedException: sleep interrupted
2019-10-17 06:47:38,853 [grpc-default-executor-2] INFO  impl.RoleInfo (RoleInfo.java:updateAndGet(143)) - b9cfa588-8e56-4331-be2f-4c26f25c6739: start FollowerState
2019-10-17 06:47:38,866 [7c431f9d-51bc-458b-a3a6-511ec217d887@group-21BA9BD4283D-LeaderElection100] INFO  impl.LeaderElection (LeaderElection.java:logAndReturn(56)) - 7c431f9d-51bc-458b-a3a6-511ec217d887@group-21BA9BD4283D-LeaderElection100: Election REJECTED; received 2 response(s) [7c431f9d-51bc-458b-a3a6-511ec217d887<-67f35358-9777-4ff9-96f4-8a61bc3a94fe#0:FAIL-t27, 7c431f9d-51bc-458b-a3a6-511ec217d887<-b9cfa588-8e56-4331-be2f-4c26f25c6739#0:FAIL-t27] and 0 exception(s); 7c431f9d-51bc-458b-a3a6-511ec217d887@group-21BA9BD4283D:t27, leader=null, voted=7c431f9d-51bc-458b-a3a6-511ec217d887, raftlog=7c431f9d-51bc-458b-a3a6-511ec217d887@group-21BA9BD4283D-SegmentedRaftLog:OPENED:c-1,f-1,i0, conf=-1: [67f35358-9777-4ff9-96f4-8a61bc3a94fe:192.168.34.62:37037, 7c431f9d-51bc-458b-a3a6-511ec217d887:192.168.34.62:40420, b9cfa588-8e56-4331-be2f-4c26f25c6739:192.168.34.62:34777], old=null
2019-10-17 06:47:38,866 [7c431f9d-51bc-458b-a3a6-511ec217d887@group-21BA9BD4283D-LeaderElection100] INFO  impl.RaftServerImpl (RaftServerImpl.java:setRole(184)) - 7c431f9d-51bc-458b-a3a6-511ec217d887@group-21BA9BD4283D: changes role from CANDIDATE to FOLLOWER at term 27 for DISCOVERED_A_NEW_TERM
2019-10-17 06:47:38,866 [7c431f9d-51bc-458b-a3a6-511ec217d887@group-21BA9BD4283D-LeaderElection100] INFO  impl.RoleInfo (RoleInfo.java:shutdownLeaderElection(134)) - 7c431f9d-51bc-458b-a3a6-511ec217d887: shutdown LeaderElection
2019-10-17 06:47:38,867 [7c431f9d-51bc-458b-a3a6-511ec217d887@group-21BA9BD4283D-LeaderElection100] INFO  impl.RoleInfo (RoleInfo.java:updateAndGet(143)) - 7c431f9d-51bc-458b-a3a6-511ec217d887: start FollowerState
2019-10-17 06:47:38,979 [Thread-1471] INFO  impl.FollowerState (FollowerState.java:run(108)) - 7c431f9d-51bc-458b-a3a6-511ec217d887@group-21BA9BD4283D-FollowerState: change to CANDIDATE, lastRpcTime:112ms, electionTimeout:112ms
2019-10-17 06:47:38,979 [Thread-1471] INFO  impl.RoleInfo (RoleInfo.java:shutdownFollowerState(121)) - 7c431f9d-51bc-458b-a3a6-511ec217d887: shutdown FollowerState
2019-10-17 06:47:38,979 [Thread-1471] INFO  impl.RaftServerImpl (RaftServerImpl.java:setRole(184)) - 7c431f9d-51bc-458b-a3a6-511ec217d887@group-21BA9BD4283D: changes role from  FOLLOWER to CANDIDATE at term 27 for changeToCandidate
2019-10-17 06:47:38,980 [Thread-1471] INFO  impl.RoleInfo (RoleInfo.java:updateAndGet(143)) - 7c431f9d-51bc-458b-a3a6-511ec217d887: start LeaderElection
2019-10-17 06:47:38,999 [7c431f9d-51bc-458b-a3a6-511ec217d887@group-21BA9BD4283D-LeaderElection101] INFO  impl.LeaderElection (LeaderElection.java:askForVotes(178)) - 7c431f9d-51bc-458b-a3a6-511ec217d887@group-21BA9BD4283D-LeaderElection101: begin an election at term 28 for -1: [67f35358-9777-4ff9-96f4-8a61bc3a94fe:192.168.34.62:37037, 7c431f9d-51bc-458b-a3a6-511ec217d887:192.168.34.62:40420, b9cfa588-8e56-4331-be2f-4c26f25c6739:192.168.34.62:34777], old=null
2019-10-17 06:47:39,001 [grpc-default-executor-3] INFO  impl.RaftServerImpl (RaftServerImpl.java:setRole(184)) - b9cfa588-8e56-4331-be2f-4c26f25c6739@group-21BA9BD4283D: changes role from  FOLLOWER to FOLLOWER at term 28 for recognizeCandidate:7c431f9d-51bc-458b-a3a6-511ec217d887
2019-10-17 06:47:39,001 [grpc-default-executor-2] INFO  impl.RaftServerImpl (RaftServerImpl.java:setRole(184)) - 67f35358-9777-4ff9-96f4-8a61bc3a94fe@group-21BA9BD4283D: changes role from  FOLLOWER to FOLLOWER at term 28 for recognizeCandidate:7c431f9d-51bc-458b-a3a6-511ec217d887
2019-10-17 06:47:39,001 [grpc-default-executor-3] INFO  impl.RoleInfo (RoleInfo.java:shutdownFollowerState(121)) - b9cfa588-8e56-4331-be2f-4c26f25c6739: shutdown FollowerState
2019-10-17 06:47:39,002 [grpc-default-executor-2] INFO  impl.RoleInfo (RoleInfo.java:shutdownFollowerState(121)) - 67f35358-9777-4ff9-96f4-8a61bc3a94fe: shutdown FollowerState
2019-10-17 06:47:39,002 [Thread-1470] INFO  impl.FollowerState (FollowerState.java:run(117)) - b9cfa588-8e56-4331-be2f-4c26f25c6739@group-21BA9BD4283D-FollowerState was interrupted: java.lang.InterruptedException: sleep interrupted
2019-10-17 06:47:39,002 [Thread-1469] INFO  impl.FollowerState (FollowerState.java:run(117)) - 67f35358-9777-4ff9-96f4-8a61bc3a94fe@group-21BA9BD4283D-FollowerState was interrupted: java.lang.InterruptedException: sleep interrupted
2019-10-17 06:47:39,002 [grpc-default-executor-3] INFO  impl.RoleInfo (RoleInfo.java:updateAndGet(143)) - b9cfa588-8e56-4331-be2f-4c26f25c6739: start FollowerState
2019-10-17 06:47:39,002 [grpc-default-executor-2] INFO  impl.RoleInfo (RoleInfo.java:updateAndGet(143)) - 67f35358-9777-4ff9-96f4-8a61bc3a94fe: start FollowerState
2019-10-17 06:47:39,017 [7c431f9d-51bc-458b-a3a6-511ec217d887@group-21BA9BD4283D-LeaderElection101] INFO  impl.LeaderElection (LeaderElection.java:logAndReturn(56)) - 7c431f9d-51bc-458b-a3a6-511ec217d887@group-21BA9BD4283D-LeaderElection101: Election REJECTED; received 2 response(s) [7c431f9d-51bc-458b-a3a6-511ec217d887<-67f35358-9777-4ff9-96f4-8a61bc3a94fe#0:FAIL-t28, 7c431f9d-51bc-458b-a3a6-511ec217d887<-b9cfa588-8e56-4331-be2f-4c26f25c6739#0:FAIL-t28] and 0 exception(s); 7c431f9d-51bc-458b-a3a6-511ec217d887@group-21BA9BD4283D:t28, leader=null, voted=7c431f9d-51bc-458b-a3a6-511ec217d887, raftlog=7c431f9d-51bc-458b-a3a6-511ec217d887@group-21BA9BD4283D-SegmentedRaftLog:OPENED:c-1,f-1,i0, conf=-1: [67f35358-9777-4ff9-96f4-8a61bc3a94fe:192.168.34.62:37037, 7c431f9d-51bc-458b-a3a6-511ec217d887:192.168.34.62:40420, b9cfa588-8e56-4331-be2f-4c26f25c6739:192.168.34.62:34777], old=null
2019-10-17 06:47:39,017 [7c431f9d-51bc-458b-a3a6-511ec217d887@group-21BA9BD4283D-LeaderElection101] INFO  impl.RaftServerImpl (RaftServerImpl.java:setRole(184)) - 7c431f9d-51bc-458b-a3a6-511ec217d887@group-21BA9BD4283D: changes role from CANDIDATE to FOLLOWER at term 28 for DISCOVERED_A_NEW_TERM
2019-10-17 06:47:39,018 [7c431f9d-51bc-458b-a3a6-511ec217d887@group-21BA9BD4283D-LeaderElection101] INFO  impl.RoleInfo (RoleInfo.java:shutdownLeaderElection(134)) - 7c431f9d-51bc-458b-a3a6-511ec217d887: shutdown LeaderElection
2019-10-17 06:47:39,018 [7c431f9d-51bc-458b-a3a6-511ec217d887@group-21BA9BD4283D-LeaderElection101] INFO  impl.RoleInfo (RoleInfo.java:updateAndGet(143)) - 7c431f9d-51bc-458b-a3a6-511ec217d887: start FollowerState
2019-10-17 06:47:39,069 [Thread-1477] INFO  impl.FollowerState (FollowerState.java:run(108)) - 7c431f9d-51bc-458b-a3a6-511ec217d887@group-21BA9BD4283D-FollowerState: change to CANDIDATE, lastRpcTime:51ms, electionTimeout:51ms
2019-10-17 06:47:39,069 [Thread-1477] INFO  impl.RoleInfo (RoleInfo.java:shutdownFollowerState(121)) - 7c431f9d-51bc-458b-a3a6-511ec217d887: shutdown FollowerState
2019-10-17 06:47:39,069 [Thread-1477] INFO  impl.RaftServerImpl (RaftServerImpl.java:setRole(184)) - 7c431f9d-51bc-458b-a3a6-511ec217d887@group-21BA9BD4283D: changes role from  FOLLOWER to CANDIDATE at term 28 for changeToCandidate
2019-10-17 06:47:39,069 [Thread-1477] INFO  impl.RoleInfo (RoleInfo.java:updateAndGet(143)) - 7c431f9d-51bc-458b-a3a6-511ec217d887: start LeaderElection
2019-10-17 06:47:39,091 [main] INFO  ozone.MiniOzoneClusterImpl (MiniOzoneClusterImpl.java:lambda$waitForClusterToBeReady$2(164)) - Waiting for 1 number of pipelines out of 4, to report a leader.
2019-10-17 06:47:39,091 [7c431f9d-51bc-458b-a3a6-511ec217d887@group-21BA9BD4283D-LeaderElection102] INFO  impl.LeaderElection (LeaderElection.java:askForVotes(178)) - 7c431f9d-51bc-458b-a3a6-511ec217d887@group-21BA9BD4283D-LeaderElection102: begin an election at term 29 for -1: [67f35358-9777-4ff9-96f4-8a61bc3a94fe:192.168.34.62:37037, 7c431f9d-51bc-458b-a3a6-511ec217d887:192.168.34.62:40420, b9cfa588-8e56-4331-be2f-4c26f25c6739:192.168.34.62:34777], old=null
2019-10-17 06:47:39,094 [grpc-default-executor-2] INFO  impl.RaftServerImpl (RaftServerImpl.java:setRole(184)) - b9cfa588-8e56-4331-be2f-4c26f25c6739@group-21BA9BD4283D: changes role from  FOLLOWER to FOLLOWER at term 29 for recognizeCandidate:7c431f9d-51bc-458b-a3a6-511ec217d887
2019-10-17 06:47:39,094 [grpc-default-executor-3] INFO  impl.RaftServerImpl (RaftServerImpl.java:setRole(184)) - 67f35358-9777-4ff9-96f4-8a61bc3a94fe@group-21BA9BD4283D: changes role from  FOLLOWER to FOLLOWER at term 29 for recognizeCandidate:7c431f9d-51bc-458b-a3a6-511ec217d887
2019-10-17 06:47:39,094 [grpc-default-executor-3] INFO  impl.RoleInfo (RoleInfo.java:shutdownFollowerState(121)) - 67f35358-9777-4ff9-96f4-8a61bc3a94fe: shutdown FollowerState
2019-10-17 06:47:39,094 [grpc-default-executor-2] INFO  impl.RoleInfo (RoleInfo.java:shutdownFollowerState(121)) - b9cfa588-8e56-4331-be2f-4c26f25c6739: shutdown FollowerState
2019-10-17 06:47:39,094 [Thread-1476] INFO  impl.FollowerState (FollowerState.java:run(117)) - 67f35358-9777-4ff9-96f4-8a61bc3a94fe@group-21BA9BD4283D-FollowerState was interrupted: java.lang.InterruptedException: sleep interrupted
2019-10-17 06:47:39,094 [grpc-default-executor-3] INFO  impl.RoleInfo (RoleInfo.java:updateAndGet(143)) - 67f35358-9777-4ff9-96f4-8a61bc3a94fe: start FollowerState
2019-10-17 06:47:39,095 [Thread-1475] INFO  impl.FollowerState (FollowerState.java:run(117)) - b9cfa588-8e56-4331-be2f-4c26f25c6739@group-21BA9BD4283D-FollowerState was interrupted: java.lang.InterruptedException: sleep interrupted
2019-10-17 06:47:39,094 [grpc-default-executor-2] INFO  impl.RoleInfo (RoleInfo.java:updateAndGet(143)) - b9cfa588-8e56-4331-be2f-4c26f25c6739: start FollowerState
2019-10-17 06:47:39,119 [7c431f9d-51bc-458b-a3a6-511ec217d887@group-21BA9BD4283D-LeaderElection102] INFO  impl.LeaderElection (LeaderElection.java:logAndReturn(56)) - 7c431f9d-51bc-458b-a3a6-511ec217d887@group-21BA9BD4283D-LeaderElection102: Election REJECTED; received 2 response(s) [7c431f9d-51bc-458b-a3a6-511ec217d887<-67f35358-9777-4ff9-96f4-8a61bc3a94fe#0:FAIL-t29, 7c431f9d-51bc-458b-a3a6-511ec217d887<-b9cfa588-8e56-4331-be2f-4c26f25c6739#0:FAIL-t29] and 0 exception(s); 7c431f9d-51bc-458b-a3a6-511ec217d887@group-21BA9BD4283D:t29, leader=null, voted=7c431f9d-51bc-458b-a3a6-511ec217d887, raftlog=7c431f9d-51bc-458b-a3a6-511ec217d887@group-21BA9BD4283D-SegmentedRaftLog:OPENED:c-1,f-1,i0, conf=-1: [67f35358-9777-4ff9-96f4-8a61bc3a94fe:192.168.34.62:37037, 7c431f9d-51bc-458b-a3a6-511ec217d887:192.168.34.62:40420, b9cfa588-8e56-4331-be2f-4c26f25c6739:192.168.34.62:34777], old=null
2019-10-17 06:47:39,120 [7c431f9d-51bc-458b-a3a6-511ec217d887@group-21BA9BD4283D-LeaderElection102] INFO  impl.RaftServerImpl (RaftServerImpl.java:setRole(184)) - 7c431f9d-51bc-458b-a3a6-511ec217d887@group-21BA9BD4283D: changes role from CANDIDATE to FOLLOWER at term 29 for DISCOVERED_A_NEW_TERM
2019-10-17 06:47:39,120 [7c431f9d-51bc-458b-a3a6-511ec217d887@group-21BA9BD4283D-LeaderElection102] INFO  impl.RoleInfo (RoleInfo.java:shutdownLeaderElection(134)) - 7c431f9d-51bc-458b-a3a6-511ec217d887: shutdown LeaderElection
2019-10-17 06:47:39,120 [7c431f9d-51bc-458b-a3a6-511ec217d887@group-21BA9BD4283D-LeaderElection102] INFO  impl.RoleInfo (RoleInfo.java:updateAndGet(143)) - 7c431f9d-51bc-458b-a3a6-511ec217d887: start FollowerState
2019-10-17 06:47:39,231 [Thread-1483] INFO  impl.FollowerState (FollowerState.java:run(108)) - 7c431f9d-51bc-458b-a3a6-511ec217d887@group-21BA9BD4283D-FollowerState: change to CANDIDATE, lastRpcTime:111ms, electionTimeout:111ms
2019-10-17 06:47:39,231 [Thread-1483] INFO  impl.RoleInfo (RoleInfo.java:shutdownFollowerState(121)) - 7c431f9d-51bc-458b-a3a6-511ec217d887: shutdown FollowerState
2019-10-17 06:47:39,231 [Thread-1483] INFO  impl.RaftServerImpl (RaftServerImpl.java:setRole(184)) - 7c431f9d-51bc-458b-a3a6-511ec217d887@group-21BA9BD4283D: changes role from  FOLLOWER to CANDIDATE at term 29 for changeToCandidate
2019-10-17 06:47:39,232 [Thread-1483] INFO  impl.RoleInfo (RoleInfo.java:updateAndGet(143)) - 7c431f9d-51bc-458b-a3a6-511ec217d887: start LeaderElection
2019-10-17 06:47:39,254 [7c431f9d-51bc-458b-a3a6-511ec217d887@group-21BA9BD4283D-LeaderElection103] INFO  impl.LeaderElection (LeaderElection.java:askForVotes(178)) - 7c431f9d-51bc-458b-a3a6-511ec217d887@group-21BA9BD4283D-LeaderElection103: begin an election at term 30 for -1: [67f35358-9777-4ff9-96f4-8a61bc3a94fe:192.168.34.62:37037, 7c431f9d-51bc-458b-a3a6-511ec217d887:192.168.34.62:40420, b9cfa588-8e56-4331-be2f-4c26f25c6739:192.168.34.62:34777], old=null
2019-10-17 06:47:39,257 [grpc-default-executor-2] INFO  impl.RaftServerImpl (RaftServerImpl.java:setRole(184)) - b9cfa588-8e56-4331-be2f-4c26f25c6739@group-21BA9BD4283D: changes role from  FOLLOWER to FOLLOWER at term 30 for recognizeCandidate:7c431f9d-51bc-458b-a3a6-511ec217d887
2019-10-17 06:47:39,257 [grpc-default-executor-2] INFO  impl.RoleInfo (RoleInfo.java:shutdownFollowerState(121)) - b9cfa588-8e56-4331-be2f-4c26f25c6739: shutdown FollowerState
2019-10-17 06:47:39,257 [grpc-default-executor-2] INFO  impl.RoleInfo (RoleInfo.java:updateAndGet(143)) - b9cfa588-8e56-4331-be2f-4c26f25c6739: start FollowerState
2019-10-17 06:47:39,257 [Thread-1482] INFO  impl.FollowerState (FollowerState.java:run(117)) - b9cfa588-8e56-4331-be2f-4c26f25c6739@group-21BA9BD4283D-FollowerState was interrupted: java.lang.InterruptedException: sleep interrupted
2019-10-17 06:47:39,257 [grpc-default-executor-3] INFO  impl.RaftServerImpl (RaftServerImpl.java:setRole(184)) - 67f35358-9777-4ff9-96f4-8a61bc3a94fe@group-21BA9BD4283D: changes role from  FOLLOWER to FOLLOWER at term 30 for recognizeCandidate:7c431f9d-51bc-458b-a3a6-511ec217d887
2019-10-17 06:47:39,258 [grpc-default-executor-3] INFO  impl.RoleInfo (RoleInfo.java:shutdownFollowerState(121)) - 67f35358-9777-4ff9-96f4-8a61bc3a94fe: shutdown FollowerState
2019-10-17 06:47:39,258 [grpc-default-executor-3] INFO  impl.RoleInfo (RoleInfo.java:updateAndGet(143)) - 67f35358-9777-4ff9-96f4-8a61bc3a94fe: start FollowerState
2019-10-17 06:47:39,258 [Thread-1481] INFO  impl.FollowerState (FollowerState.java:run(117)) - 67f35358-9777-4ff9-96f4-8a61bc3a94fe@group-21BA9BD4283D-FollowerState was interrupted: java.lang.InterruptedException: sleep interrupted
2019-10-17 06:47:39,276 [7c431f9d-51bc-458b-a3a6-511ec217d887@group-21BA9BD4283D-LeaderElection103] INFO  impl.LeaderElection (LeaderElection.java:logAndReturn(56)) - 7c431f9d-51bc-458b-a3a6-511ec217d887@group-21BA9BD4283D-LeaderElection103: Election REJECTED; received 2 response(s) [7c431f9d-51bc-458b-a3a6-511ec217d887<-67f35358-9777-4ff9-96f4-8a61bc3a94fe#0:FAIL-t30, 7c431f9d-51bc-458b-a3a6-511ec217d887<-b9cfa588-8e56-4331-be2f-4c26f25c6739#0:FAIL-t30] and 0 exception(s); 7c431f9d-51bc-458b-a3a6-511ec217d887@group-21BA9BD4283D:t30, leader=null, voted=7c431f9d-51bc-458b-a3a6-511ec217d887, raftlog=7c431f9d-51bc-458b-a3a6-511ec217d887@group-21BA9BD4283D-SegmentedRaftLog:OPENED:c-1,f-1,i0, conf=-1: [67f35358-9777-4ff9-96f4-8a61bc3a94fe:192.168.34.62:37037, 7c431f9d-51bc-458b-a3a6-511ec217d887:192.168.34.62:40420, b9cfa588-8e56-4331-be2f-4c26f25c6739:192.168.34.62:34777], old=null
2019-10-17 06:47:39,276 [7c431f9d-51bc-458b-a3a6-511ec217d887@group-21BA9BD4283D-LeaderElection103] INFO  impl.RaftServerImpl (RaftServerImpl.java:setRole(184)) - 7c431f9d-51bc-458b-a3a6-511ec217d887@group-21BA9BD4283D: changes role from CANDIDATE to FOLLOWER at term 30 for DISCOVERED_A_NEW_TERM
2019-10-17 06:47:39,276 [7c431f9d-51bc-458b-a3a6-511ec217d887@group-21BA9BD4283D-LeaderElection103] INFO  impl.RoleInfo (RoleInfo.java:shutdownLeaderElection(134)) - 7c431f9d-51bc-458b-a3a6-511ec217d887: shutdown LeaderElection
2019-10-17 06:47:39,276 [7c431f9d-51bc-458b-a3a6-511ec217d887@group-21BA9BD4283D-LeaderElection103] INFO  impl.RoleInfo (RoleInfo.java:updateAndGet(143)) - 7c431f9d-51bc-458b-a3a6-511ec217d887: start FollowerState
2019-10-17 06:47:39,423 [Thread-1489] INFO  impl.FollowerState (FollowerState.java:run(108)) - 7c431f9d-51bc-458b-a3a6-511ec217d887@group-21BA9BD4283D-FollowerState: change to CANDIDATE, lastRpcTime:146ms, electionTimeout:146ms
2019-10-17 06:47:39,423 [Thread-1489] INFO  impl.RoleInfo (RoleInfo.java:shutdownFollowerState(121)) - 7c431f9d-51bc-458b-a3a6-511ec217d887: shutdown FollowerState
2019-10-17 06:47:39,423 [Thread-1489] INFO  impl.RaftServerImpl (RaftServerImpl.java:setRole(184)) - 7c431f9d-51bc-458b-a3a6-511ec217d887@group-21BA9BD4283D: changes role from  FOLLOWER to CANDIDATE at term 30 for changeToCandidate
2019-10-17 06:47:39,423 [Thread-1489] INFO  impl.RoleInfo (RoleInfo.java:updateAndGet(143)) - 7c431f9d-51bc-458b-a3a6-511ec217d887: start LeaderElection
2019-10-17 06:47:39,436 [7c431f9d-51bc-458b-a3a6-511ec217d887@group-21BA9BD4283D-LeaderElection104] INFO  impl.LeaderElection (LeaderElection.java:askForVotes(178)) - 7c431f9d-51bc-458b-a3a6-511ec217d887@group-21BA9BD4283D-LeaderElection104: begin an election at term 31 for -1: [67f35358-9777-4ff9-96f4-8a61bc3a94fe:192.168.34.62:37037, 7c431f9d-51bc-458b-a3a6-511ec217d887:192.168.34.62:40420, b9cfa588-8e56-4331-be2f-4c26f25c6739:192.168.34.62:34777], old=null
2019-10-17 06:47:39,438 [grpc-default-executor-2] INFO  impl.RaftServerImpl (RaftServerImpl.java:setRole(184)) - 67f35358-9777-4ff9-96f4-8a61bc3a94fe@group-21BA9BD4283D: changes role from  FOLLOWER to FOLLOWER at term 31 for recognizeCandidate:7c431f9d-51bc-458b-a3a6-511ec217d887
2019-10-17 06:47:39,438 [grpc-default-executor-2] INFO  impl.RoleInfo (RoleInfo.java:shutdownFollowerState(121)) - 67f35358-9777-4ff9-96f4-8a61bc3a94fe: shutdown FollowerState
2019-10-17 06:47:39,438 [grpc-default-executor-2] INFO  impl.RoleInfo (RoleInfo.java:updateAndGet(143)) - 67f35358-9777-4ff9-96f4-8a61bc3a94fe: start FollowerState
2019-10-17 06:47:39,438 [Thread-1488] INFO  impl.FollowerState (FollowerState.java:run(117)) - 67f35358-9777-4ff9-96f4-8a61bc3a94fe@group-21BA9BD4283D-FollowerState was interrupted: java.lang.InterruptedException: sleep interrupted
2019-10-17 06:47:39,438 [grpc-default-executor-3] INFO  impl.RaftServerImpl (RaftServerImpl.java:setRole(184)) - b9cfa588-8e56-4331-be2f-4c26f25c6739@group-21BA9BD4283D: changes role from  FOLLOWER to FOLLOWER at term 31 for recognizeCandidate:7c431f9d-51bc-458b-a3a6-511ec217d887
2019-10-17 06:47:39,439 [grpc-default-executor-3] INFO  impl.RoleInfo (RoleInfo.java:shutdownFollowerState(121)) - b9cfa588-8e56-4331-be2f-4c26f25c6739: shutdown FollowerState
2019-10-17 06:47:39,439 [grpc-default-executor-3] INFO  impl.RoleInfo (RoleInfo.java:updateAndGet(143)) - b9cfa588-8e56-4331-be2f-4c26f25c6739: start FollowerState
2019-10-17 06:47:39,439 [Thread-1487] INFO  impl.FollowerState (FollowerState.java:run(117)) - b9cfa588-8e56-4331-be2f-4c26f25c6739@group-21BA9BD4283D-FollowerState was interrupted: java.lang.InterruptedException: sleep interrupted
2019-10-17 06:47:39,469 [7c431f9d-51bc-458b-a3a6-511ec217d887@group-21BA9BD4283D-LeaderElection104] INFO  impl.LeaderElection (LeaderElection.java:logAndReturn(56)) - 7c431f9d-51bc-458b-a3a6-511ec217d887@group-21BA9BD4283D-LeaderElection104: Election REJECTED; received 2 response(s) [7c431f9d-51bc-458b-a3a6-511ec217d887<-67f35358-9777-4ff9-96f4-8a61bc3a94fe#0:FAIL-t31, 7c431f9d-51bc-458b-a3a6-511ec217d887<-b9cfa588-8e56-4331-be2f-4c26f25c6739#0:FAIL-t31] and 0 exception(s); 7c431f9d-51bc-458b-a3a6-511ec217d887@group-21BA9BD4283D:t31, leader=null, voted=7c431f9d-51bc-458b-a3a6-511ec217d887, raftlog=7c431f9d-51bc-458b-a3a6-511ec217d887@group-21BA9BD4283D-SegmentedRaftLog:OPENED:c-1,f-1,i0, conf=-1: [67f35358-9777-4ff9-96f4-8a61bc3a94fe:192.168.34.62:37037, 7c431f9d-51bc-458b-a3a6-511ec217d887:192.168.34.62:40420, b9cfa588-8e56-4331-be2f-4c26f25c6739:192.168.34.62:34777], old=null
2019-10-17 06:47:39,469 [7c431f9d-51bc-458b-a3a6-511ec217d887@group-21BA9BD4283D-LeaderElection104] INFO  impl.RaftServerImpl (RaftServerImpl.java:setRole(184)) - 7c431f9d-51bc-458b-a3a6-511ec217d887@group-21BA9BD4283D: changes role from CANDIDATE to FOLLOWER at term 31 for DISCOVERED_A_NEW_TERM
2019-10-17 06:47:39,469 [7c431f9d-51bc-458b-a3a6-511ec217d887@group-21BA9BD4283D-LeaderElection104] INFO  impl.RoleInfo (RoleInfo.java:shutdownLeaderElection(134)) - 7c431f9d-51bc-458b-a3a6-511ec217d887: shutdown LeaderElection
2019-10-17 06:47:39,469 [7c431f9d-51bc-458b-a3a6-511ec217d887@group-21BA9BD4283D-LeaderElection104] INFO  impl.RoleInfo (RoleInfo.java:updateAndGet(143)) - 7c431f9d-51bc-458b-a3a6-511ec217d887: start FollowerState
2019-10-17 06:47:39,587 [Thread-1495] INFO  impl.FollowerState (FollowerState.java:run(108)) - 7c431f9d-51bc-458b-a3a6-511ec217d887@group-21BA9BD4283D-FollowerState: change to CANDIDATE, lastRpcTime:118ms, electionTimeout:118ms
2019-10-17 06:47:39,588 [Thread-1495] INFO  impl.RoleInfo (RoleInfo.java:shutdownFollowerState(121)) - 7c431f9d-51bc-458b-a3a6-511ec217d887: shutdown FollowerState
2019-10-17 06:47:39,588 [Thread-1495] INFO  impl.RaftServerImpl (RaftServerImpl.java:setRole(184)) - 7c431f9d-51bc-458b-a3a6-511ec217d887@group-21BA9BD4283D: changes role from  FOLLOWER to CANDIDATE at term 31 for changeToCandidate
2019-10-17 06:47:39,588 [Thread-1495] INFO  impl.RoleInfo (RoleInfo.java:updateAndGet(143)) - 7c431f9d-51bc-458b-a3a6-511ec217d887: start LeaderElection
2019-10-17 06:47:39,608 [7c431f9d-51bc-458b-a3a6-511ec217d887@group-21BA9BD4283D-LeaderElection105] INFO  impl.LeaderElection (LeaderElection.java:askForVotes(178)) - 7c431f9d-51bc-458b-a3a6-511ec217d887@group-21BA9BD4283D-LeaderElection105: begin an election at term 32 for -1: [67f35358-9777-4ff9-96f4-8a61bc3a94fe:192.168.34.62:37037, 7c431f9d-51bc-458b-a3a6-511ec217d887:192.168.34.62:40420, b9cfa588-8e56-4331-be2f-4c26f25c6739:192.168.34.62:34777], old=null
2019-10-17 06:47:39,610 [grpc-default-executor-3] INFO  impl.RaftServerImpl (RaftServerImpl.java:setRole(184)) - 67f35358-9777-4ff9-96f4-8a61bc3a94fe@group-21BA9BD4283D: changes role from  FOLLOWER to FOLLOWER at term 32 for recognizeCandidate:7c431f9d-51bc-458b-a3a6-511ec217d887
2019-10-17 06:47:39,610 [grpc-default-executor-2] INFO  impl.RaftServerImpl (RaftServerImpl.java:setRole(184)) - b9cfa588-8e56-4331-be2f-4c26f25c6739@group-21BA9BD4283D: changes role from  FOLLOWER to FOLLOWER at term 32 for recognizeCandidate:7c431f9d-51bc-458b-a3a6-511ec217d887
2019-10-17 06:47:39,611 [grpc-default-executor-3] INFO  impl.RoleInfo (RoleInfo.java:shutdownFollowerState(121)) - 67f35358-9777-4ff9-96f4-8a61bc3a94fe: shutdown FollowerState
2019-10-17 06:47:39,611 [grpc-default-executor-2] INFO  impl.RoleInfo (RoleInfo.java:shutdownFollowerState(121)) - b9cfa588-8e56-4331-be2f-4c26f25c6739: shutdown FollowerState
2019-10-17 06:47:39,611 [Thread-1493] INFO  impl.FollowerState (FollowerState.java:run(117)) - 67f35358-9777-4ff9-96f4-8a61bc3a94fe@group-21BA9BD4283D-FollowerState was interrupted: java.lang.InterruptedException: sleep interrupted
2019-10-17 06:47:39,611 [grpc-default-executor-3] INFO  impl.RoleInfo (RoleInfo.java:updateAndGet(143)) - 67f35358-9777-4ff9-96f4-8a61bc3a94fe: start FollowerState
2019-10-17 06:47:39,611 [Thread-1494] INFO  impl.FollowerState (FollowerState.java:run(117)) - b9cfa588-8e56-4331-be2f-4c26f25c6739@group-21BA9BD4283D-FollowerState was interrupted: java.lang.InterruptedException: sleep interrupted
2019-10-17 06:47:39,611 [grpc-default-executor-2] INFO  impl.RoleInfo (RoleInfo.java:updateAndGet(143)) - b9cfa588-8e56-4331-be2f-4c26f25c6739: start FollowerState
2019-10-17 06:47:39,625 [7c431f9d-51bc-458b-a3a6-511ec217d887@group-21BA9BD4283D-LeaderElection105] INFO  impl.LeaderElection (LeaderElection.java:logAndReturn(56)) - 7c431f9d-51bc-458b-a3a6-511ec217d887@group-21BA9BD4283D-LeaderElection105: Election REJECTED; received 2 response(s) [7c431f9d-51bc-458b-a3a6-511ec217d887<-67f35358-9777-4ff9-96f4-8a61bc3a94fe#0:FAIL-t32, 7c431f9d-51bc-458b-a3a6-511ec217d887<-b9cfa588-8e56-4331-be2f-4c26f25c6739#0:FAIL-t32] and 0 exception(s); 7c431f9d-51bc-458b-a3a6-511ec217d887@group-21BA9BD4283D:t32, leader=null, voted=7c431f9d-51bc-458b-a3a6-511ec217d887, raftlog=7c431f9d-51bc-458b-a3a6-511ec217d887@group-21BA9BD4283D-SegmentedRaftLog:OPENED:c-1,f-1,i0, conf=-1: [67f35358-9777-4ff9-96f4-8a61bc3a94fe:192.168.34.62:37037, 7c431f9d-51bc-458b-a3a6-511ec217d887:192.168.34.62:40420, b9cfa588-8e56-4331-be2f-4c26f25c6739:192.168.34.62:34777], old=null
2019-10-17 06:47:39,625 [7c431f9d-51bc-458b-a3a6-511ec217d887@group-21BA9BD4283D-LeaderElection105] INFO  impl.RaftServerImpl (RaftServerImpl.java:setRole(184)) - 7c431f9d-51bc-458b-a3a6-511ec217d887@group-21BA9BD4283D: changes role from CANDIDATE to FOLLOWER at term 32 for DISCOVERED_A_NEW_TERM
2019-10-17 06:47:39,625 [7c431f9d-51bc-458b-a3a6-511ec217d887@group-21BA9BD4283D-LeaderElection105] INFO  impl.RoleInfo (RoleInfo.java:shutdownLeaderElection(134)) - 7c431f9d-51bc-458b-a3a6-511ec217d887: shutdown LeaderElection
2019-10-17 06:47:39,625 [7c431f9d-51bc-458b-a3a6-511ec217d887@group-21BA9BD4283D-LeaderElection105] INFO  impl.RoleInfo (RoleInfo.java:updateAndGet(143)) - 7c431f9d-51bc-458b-a3a6-511ec217d887: start FollowerState
2019-10-17 06:47:39,690 [Thread-1501] INFO  impl.FollowerState (FollowerState.java:run(108)) - 7c431f9d-51bc-458b-a3a6-511ec217d887@group-21BA9BD4283D-FollowerState: change to CANDIDATE, lastRpcTime:64ms, electionTimeout:64ms
2019-10-17 06:47:39,690 [Thread-1501] INFO  impl.RoleInfo (RoleInfo.java:shutdownFollowerState(121)) - 7c431f9d-51bc-458b-a3a6-511ec217d887: shutdown FollowerState
2019-10-17 06:47:39,690 [Thread-1501] INFO  impl.RaftServerImpl (RaftServerImpl.java:setRole(184)) - 7c431f9d-51bc-458b-a3a6-511ec217d887@group-21BA9BD4283D: changes role from  FOLLOWER to CANDIDATE at term 32 for changeToCandidate
2019-10-17 06:47:39,690 [Thread-1501] INFO  impl.RoleInfo (RoleInfo.java:updateAndGet(143)) - 7c431f9d-51bc-458b-a3a6-511ec217d887: start LeaderElection
2019-10-17 06:47:39,722 [7c431f9d-51bc-458b-a3a6-511ec217d887@group-21BA9BD4283D-LeaderElection106] INFO  impl.LeaderElection (LeaderElection.java:askForVotes(178)) - 7c431f9d-51bc-458b-a3a6-511ec217d887@group-21BA9BD4283D-LeaderElection106: begin an election at term 33 for -1: [67f35358-9777-4ff9-96f4-8a61bc3a94fe:192.168.34.62:37037, 7c431f9d-51bc-458b-a3a6-511ec217d887:192.168.34.62:40420, b9cfa588-8e56-4331-be2f-4c26f25c6739:192.168.34.62:34777], old=null
2019-10-17 06:47:39,724 [grpc-default-executor-2] INFO  impl.RaftServerImpl (RaftServerImpl.java:setRole(184)) - 67f35358-9777-4ff9-96f4-8a61bc3a94fe@group-21BA9BD4283D: changes role from  FOLLOWER to FOLLOWER at term 33 for recognizeCandidate:7c431f9d-51bc-458b-a3a6-511ec217d887
2019-10-17 06:47:39,724 [grpc-default-executor-3] INFO  impl.RaftServerImpl (RaftServerImpl.java:setRole(184)) - b9cfa588-8e56-4331-be2f-4c26f25c6739@group-21BA9BD4283D: changes role from  FOLLOWER to FOLLOWER at term 33 for recognizeCandidate:7c431f9d-51bc-458b-a3a6-511ec217d887
2019-10-17 06:47:39,724 [grpc-default-executor-2] INFO  impl.RoleInfo (RoleInfo.java:shutdownFollowerState(121)) - 67f35358-9777-4ff9-96f4-8a61bc3a94fe: shutdown FollowerState
2019-10-17 06:47:39,724 [grpc-default-executor-3] INFO  impl.RoleInfo (RoleInfo.java:shutdownFollowerState(121)) - b9cfa588-8e56-4331-be2f-4c26f25c6739: shutdown FollowerState
2019-10-17 06:47:39,725 [Thread-1499] INFO  impl.FollowerState (FollowerState.java:run(117)) - 67f35358-9777-4ff9-96f4-8a61bc3a94fe@group-21BA9BD4283D-FollowerState was interrupted: java.lang.InterruptedException: sleep interrupted
2019-10-17 06:47:39,725 [grpc-default-executor-2] INFO  impl.RoleInfo (RoleInfo.java:updateAndGet(143)) - 67f35358-9777-4ff9-96f4-8a61bc3a94fe: start FollowerState
2019-10-17 06:47:39,725 [grpc-default-executor-3] INFO  impl.RoleInfo (RoleInfo.java:updateAndGet(143)) - b9cfa588-8e56-4331-be2f-4c26f25c6739: start FollowerState
2019-10-17 06:47:39,725 [Thread-1500] INFO  impl.FollowerState (FollowerState.java:run(117)) - b9cfa588-8e56-4331-be2f-4c26f25c6739@group-21BA9BD4283D-FollowerState was interrupted: java.lang.InterruptedException: sleep interrupted
2019-10-17 06:47:39,743 [7c431f9d-51bc-458b-a3a6-511ec217d887@group-21BA9BD4283D-LeaderElection106] INFO  impl.LeaderElection (LeaderElection.java:logAndReturn(56)) - 7c431f9d-51bc-458b-a3a6-511ec217d887@group-21BA9BD4283D-LeaderElection106: Election REJECTED; received 2 response(s) [7c431f9d-51bc-458b-a3a6-511ec217d887<-67f35358-9777-4ff9-96f4-8a61bc3a94fe#0:FAIL-t33, 7c431f9d-51bc-458b-a3a6-511ec217d887<-b9cfa588-8e56-4331-be2f-4c26f25c6739#0:FAIL-t33] and 0 exception(s); 7c431f9d-51bc-458b-a3a6-511ec217d887@group-21BA9BD4283D:t33, leader=null, voted=7c431f9d-51bc-458b-a3a6-511ec217d887, raftlog=7c431f9d-51bc-458b-a3a6-511ec217d887@group-21BA9BD4283D-SegmentedRaftLog:OPENED:c-1,f-1,i0, conf=-1: [67f35358-9777-4ff9-96f4-8a61bc3a94fe:192.168.34.62:37037, 7c431f9d-51bc-458b-a3a6-511ec217d887:192.168.34.62:40420, b9cfa588-8e56-4331-be2f-4c26f25c6739:192.168.34.62:34777], old=null
2019-10-17 06:47:39,743 [7c431f9d-51bc-458b-a3a6-511ec217d887@group-21BA9BD4283D-LeaderElection106] INFO  impl.RaftServerImpl (RaftServerImpl.java:setRole(184)) - 7c431f9d-51bc-458b-a3a6-511ec217d887@group-21BA9BD4283D: changes role from CANDIDATE to FOLLOWER at term 33 for DISCOVERED_A_NEW_TERM
2019-10-17 06:47:39,743 [7c431f9d-51bc-458b-a3a6-511ec217d887@group-21BA9BD4283D-LeaderElection106] INFO  impl.RoleInfo (RoleInfo.java:shutdownLeaderElection(134)) - 7c431f9d-51bc-458b-a3a6-511ec217d887: shutdown LeaderElection
2019-10-17 06:47:39,743 [7c431f9d-51bc-458b-a3a6-511ec217d887@group-21BA9BD4283D-LeaderElection106] INFO  impl.RoleInfo (RoleInfo.java:updateAndGet(143)) - 7c431f9d-51bc-458b-a3a6-511ec217d887: start FollowerState
2019-10-17 06:47:39,927 [Thread-1507] INFO  impl.FollowerState (FollowerState.java:run(108)) - 7c431f9d-51bc-458b-a3a6-511ec217d887@group-21BA9BD4283D-FollowerState: change to CANDIDATE, lastRpcTime:183ms, electionTimeout:183ms
2019-10-17 06:47:39,927 [Thread-1507] INFO  impl.RoleInfo (RoleInfo.java:shutdownFollowerState(121)) - 7c431f9d-51bc-458b-a3a6-511ec217d887: shutdown FollowerState
2019-10-17 06:47:39,927 [Thread-1507] INFO  impl.RaftServerImpl (RaftServerImpl.java:setRole(184)) - 7c431f9d-51bc-458b-a3a6-511ec217d887@group-21BA9BD4283D: changes role from  FOLLOWER to CANDIDATE at term 33 for changeToCandidate
2019-10-17 06:47:39,927 [Thread-1507] INFO  impl.RoleInfo (RoleInfo.java:updateAndGet(143)) - 7c431f9d-51bc-458b-a3a6-511ec217d887: start LeaderElection
2019-10-17 06:47:39,932 [7c431f9d-51bc-458b-a3a6-511ec217d887@group-21BA9BD4283D-LeaderElection107] INFO  impl.LeaderElection (LeaderElection.java:askForVotes(178)) - 7c431f9d-51bc-458b-a3a6-511ec217d887@group-21BA9BD4283D-LeaderElection107: begin an election at term 34 for -1: [67f35358-9777-4ff9-96f4-8a61bc3a94fe:192.168.34.62:37037, 7c431f9d-51bc-458b-a3a6-511ec217d887:192.168.34.62:40420, b9cfa588-8e56-4331-be2f-4c26f25c6739:192.168.34.62:34777], old=null
2019-10-17 06:47:39,935 [grpc-default-executor-2] INFO  impl.RaftServerImpl (RaftServerImpl.java:setRole(184)) - 67f35358-9777-4ff9-96f4-8a61bc3a94fe@group-21BA9BD4283D: changes role from  FOLLOWER to FOLLOWER at term 34 for recognizeCandidate:7c431f9d-51bc-458b-a3a6-511ec217d887
2019-10-17 06:47:39,935 [grpc-default-executor-3] INFO  impl.RaftServerImpl (RaftServerImpl.java:setRole(184)) - b9cfa588-8e56-4331-be2f-4c26f25c6739@group-21BA9BD4283D: changes role from  FOLLOWER to FOLLOWER at term 34 for recognizeCandidate:7c431f9d-51bc-458b-a3a6-511ec217d887
2019-10-17 06:47:39,935 [grpc-default-executor-2] INFO  impl.RoleInfo (RoleInfo.java:shutdownFollowerState(121)) - 67f35358-9777-4ff9-96f4-8a61bc3a94fe: shutdown FollowerState
2019-10-17 06:47:39,935 [grpc-default-executor-3] INFO  impl.RoleInfo (RoleInfo.java:shutdownFollowerState(121)) - b9cfa588-8e56-4331-be2f-4c26f25c6739: shutdown FollowerState
2019-10-17 06:47:39,935 [Thread-1505] INFO  impl.FollowerState (FollowerState.java:run(117)) - 67f35358-9777-4ff9-96f4-8a61bc3a94fe@group-21BA9BD4283D-FollowerState was interrupted: java.lang.InterruptedException: sleep interrupted
2019-10-17 06:47:39,935 [grpc-default-executor-2] INFO  impl.RoleInfo (RoleInfo.java:updateAndGet(143)) - 67f35358-9777-4ff9-96f4-8a61bc3a94fe: start FollowerState
2019-10-17 06:47:39,936 [Thread-1506] INFO  impl.FollowerState (FollowerState.java:run(117)) - b9cfa588-8e56-4331-be2f-4c26f25c6739@group-21BA9BD4283D-FollowerState was interrupted: java.lang.InterruptedException: sleep interrupted
2019-10-17 06:47:39,936 [grpc-default-executor-3] INFO  impl.RoleInfo (RoleInfo.java:updateAndGet(143)) - b9cfa588-8e56-4331-be2f-4c26f25c6739: start FollowerState
2019-10-17 06:47:39,950 [7c431f9d-51bc-458b-a3a6-511ec217d887@group-21BA9BD4283D-LeaderElection107] INFO  impl.LeaderElection (LeaderElection.java:logAndReturn(56)) - 7c431f9d-51bc-458b-a3a6-511ec217d887@group-21BA9BD4283D-LeaderElection107: Election REJECTED; received 2 response(s) [7c431f9d-51bc-458b-a3a6-511ec217d887<-67f35358-9777-4ff9-96f4-8a61bc3a94fe#0:FAIL-t34, 7c431f9d-51bc-458b-a3a6-511ec217d887<-b9cfa588-8e56-4331-be2f-4c26f25c6739#0:FAIL-t34] and 0 exception(s); 7c431f9d-51bc-458b-a3a6-511ec217d887@group-21BA9BD4283D:t34, leader=null, voted=7c431f9d-51bc-458b-a3a6-511ec217d887, raftlog=7c431f9d-51bc-458b-a3a6-511ec217d887@group-21BA9BD4283D-SegmentedRaftLog:OPENED:c-1,f-1,i0, conf=-1: [67f35358-9777-4ff9-96f4-8a61bc3a94fe:192.168.34.62:37037, 7c431f9d-51bc-458b-a3a6-511ec217d887:192.168.34.62:40420, b9cfa588-8e56-4331-be2f-4c26f25c6739:192.168.34.62:34777], old=null
2019-10-17 06:47:39,950 [7c431f9d-51bc-458b-a3a6-511ec217d887@group-21BA9BD4283D-LeaderElection107] INFO  impl.RaftServerImpl (RaftServerImpl.java:setRole(184)) - 7c431f9d-51bc-458b-a3a6-511ec217d887@group-21BA9BD4283D: changes role from CANDIDATE to FOLLOWER at term 34 for DISCOVERED_A_NEW_TERM
2019-10-17 06:47:39,950 [7c431f9d-51bc-458b-a3a6-511ec217d887@group-21BA9BD4283D-LeaderElection107] INFO  impl.RoleInfo (RoleInfo.java:shutdownLeaderElection(134)) - 7c431f9d-51bc-458b-a3a6-511ec217d887: shutdown LeaderElection
2019-10-17 06:47:39,950 [7c431f9d-51bc-458b-a3a6-511ec217d887@group-21BA9BD4283D-LeaderElection107] INFO  impl.RoleInfo (RoleInfo.java:updateAndGet(143)) - 7c431f9d-51bc-458b-a3a6-511ec217d887: start FollowerState
2019-10-17 06:47:40,091 [main] INFO  ozone.MiniOzoneClusterImpl (MiniOzoneClusterImpl.java:lambda$waitForClusterToBeReady$2(164)) - Waiting for 1 number of pipelines out of 4, to report a leader.
2019-10-17 06:47:40,097 [Thread-1513] INFO  impl.FollowerState (FollowerState.java:run(108)) - 7c431f9d-51bc-458b-a3a6-511ec217d887@group-21BA9BD4283D-FollowerState: change to CANDIDATE, lastRpcTime:146ms, electionTimeout:146ms
2019-10-17 06:47:40,097 [Thread-1513] INFO  impl.RoleInfo (RoleInfo.java:shutdownFollowerState(121)) - 7c431f9d-51bc-458b-a3a6-511ec217d887: shutdown FollowerState
2019-10-17 06:47:40,097 [Thread-1513] INFO  impl.RaftServerImpl (RaftServerImpl.java:setRole(184)) - 7c431f9d-51bc-458b-a3a6-511ec217d887@group-21BA9BD4283D: changes role from  FOLLOWER to CANDIDATE at term 34 for changeToCandidate
2019-10-17 06:47:40,097 [Thread-1513] INFO  impl.RoleInfo (RoleInfo.java:updateAndGet(143)) - 7c431f9d-51bc-458b-a3a6-511ec217d887: start LeaderElection
2019-10-17 06:47:40,111 [7c431f9d-51bc-458b-a3a6-511ec217d887@group-21BA9BD4283D-LeaderElection108] INFO  impl.LeaderElection (LeaderElection.java:askForVotes(178)) - 7c431f9d-51bc-458b-a3a6-511ec217d887@group-21BA9BD4283D-LeaderElection108: begin an election at term 35 for -1: [67f35358-9777-4ff9-96f4-8a61bc3a94fe:192.168.34.62:37037, 7c431f9d-51bc-458b-a3a6-511ec217d887:192.168.34.62:40420, b9cfa588-8e56-4331-be2f-4c26f25c6739:192.168.34.62:34777], old=null
2019-10-17 06:47:40,114 [grpc-default-executor-3] INFO  impl.RaftServerImpl (RaftServerImpl.java:setRole(184)) - b9cfa588-8e56-4331-be2f-4c26f25c6739@group-21BA9BD4283D: changes role from  FOLLOWER to FOLLOWER at term 35 for recognizeCandidate:7c431f9d-51bc-458b-a3a6-511ec217d887
2019-10-17 06:47:40,114 [grpc-default-executor-3] INFO  impl.RoleInfo (RoleInfo.java:shutdownFollowerState(121)) - b9cfa588-8e56-4331-be2f-4c26f25c6739: shutdown FollowerState
2019-10-17 06:47:40,114 [grpc-default-executor-2] INFO  impl.RaftServerImpl (RaftServerImpl.java:setRole(184)) - 67f35358-9777-4ff9-96f4-8a61bc3a94fe@group-21BA9BD4283D: changes role from  FOLLOWER to FOLLOWER at term 35 for recognizeCandidate:7c431f9d-51bc-458b-a3a6-511ec217d887
2019-10-17 06:47:40,114 [grpc-default-executor-2] INFO  impl.RoleInfo (RoleInfo.java:shutdownFollowerState(121)) - 67f35358-9777-4ff9-96f4-8a61bc3a94fe: shutdown FollowerState
2019-10-17 06:47:40,114 [Thread-1512] INFO  impl.FollowerState (FollowerState.java:run(117)) - b9cfa588-8e56-4331-be2f-4c26f25c6739@group-21BA9BD4283D-FollowerState was interrupted: java.lang.InterruptedException: sleep interrupted
2019-10-17 06:47:40,115 [Thread-1511] INFO  impl.FollowerState (FollowerState.java:run(117)) - 67f35358-9777-4ff9-96f4-8a61bc3a94fe@group-21BA9BD4283D-FollowerState was interrupted: java.lang.InterruptedException: sleep interrupted
2019-10-17 06:47:40,114 [grpc-default-executor-3] INFO  impl.RoleInfo (RoleInfo.java:updateAndGet(143)) - b9cfa588-8e56-4331-be2f-4c26f25c6739: start FollowerState
2019-10-17 06:47:40,115 [grpc-default-executor-2] INFO  impl.RoleInfo (RoleInfo.java:updateAndGet(143)) - 67f35358-9777-4ff9-96f4-8a61bc3a94fe: start FollowerState
2019-10-17 06:47:40,130 [7c431f9d-51bc-458b-a3a6-511ec217d887@group-21BA9BD4283D-LeaderElection108] INFO  impl.LeaderElection (LeaderElection.java:logAndReturn(56)) - 7c431f9d-51bc-458b-a3a6-511ec217d887@group-21BA9BD4283D-LeaderElection108: Election REJECTED; received 2 response(s) [7c431f9d-51bc-458b-a3a6-511ec217d887<-67f35358-9777-4ff9-96f4-8a61bc3a94fe#0:FAIL-t35, 7c431f9d-51bc-458b-a3a6-511ec217d887<-b9cfa588-8e56-4331-be2f-4c26f25c6739#0:FAIL-t35] and 0 exception(s); 7c431f9d-51bc-458b-a3a6-511ec217d887@group-21BA9BD4283D:t35, leader=null, voted=7c431f9d-51bc-458b-a3a6-511ec217d887, raftlog=7c431f9d-51bc-458b-a3a6-511ec217d887@group-21BA9BD4283D-SegmentedRaftLog:OPENED:c-1,f-1,i0, conf=-1: [67f35358-9777-4ff9-96f4-8a61bc3a94fe:192.168.34.62:37037, 7c431f9d-51bc-458b-a3a6-511ec217d887:192.168.34.62:40420, b9cfa588-8e56-4331-be2f-4c26f25c6739:192.168.34.62:34777], old=null
2019-10-17 06:47:40,131 [7c431f9d-51bc-458b-a3a6-511ec217d887@group-21BA9BD4283D-LeaderElection108] INFO  impl.RaftServerImpl (RaftServerImpl.java:setRole(184)) - 7c431f9d-51bc-458b-a3a6-511ec217d887@group-21BA9BD4283D: changes role from CANDIDATE to FOLLOWER at term 35 for DISCOVERED_A_NEW_TERM
2019-10-17 06:47:40,131 [7c431f9d-51bc-458b-a3a6-511ec217d887@group-21BA9BD4283D-LeaderElection108] INFO  impl.RoleInfo (RoleInfo.java:shutdownLeaderElection(134)) - 7c431f9d-51bc-458b-a3a6-511ec217d887: shutdown LeaderElection
2019-10-17 06:47:40,131 [7c431f9d-51bc-458b-a3a6-511ec217d887@group-21BA9BD4283D-LeaderElection108] INFO  impl.RoleInfo (RoleInfo.java:updateAndGet(143)) - 7c431f9d-51bc-458b-a3a6-511ec217d887: start FollowerState
2019-10-17 06:47:40,252 [Thread-1519] INFO  impl.FollowerState (FollowerState.java:run(108)) - 7c431f9d-51bc-458b-a3a6-511ec217d887@group-21BA9BD4283D-FollowerState: change to CANDIDATE, lastRpcTime:121ms, electionTimeout:121ms
2019-10-17 06:47:40,252 [Thread-1519] INFO  impl.RoleInfo (RoleInfo.java:shutdownFollowerState(121)) - 7c431f9d-51bc-458b-a3a6-511ec217d887: shutdown FollowerState
2019-10-17 06:47:40,252 [Thread-1519] INFO  impl.RaftServerImpl (RaftServerImpl.java:setRole(184)) - 7c431f9d-51bc-458b-a3a6-511ec217d887@group-21BA9BD4283D: changes role from  FOLLOWER to CANDIDATE at term 35 for changeToCandidate
2019-10-17 06:47:40,253 [Thread-1519] INFO  impl.RoleInfo (RoleInfo.java:updateAndGet(143)) - 7c431f9d-51bc-458b-a3a6-511ec217d887: start LeaderElection
2019-10-17 06:47:40,273 [7c431f9d-51bc-458b-a3a6-511ec217d887@group-21BA9BD4283D-LeaderElection109] INFO  impl.LeaderElection (LeaderElection.java:askForVotes(178)) - 7c431f9d-51bc-458b-a3a6-511ec217d887@group-21BA9BD4283D-LeaderElection109: begin an election at term 36 for -1: [67f35358-9777-4ff9-96f4-8a61bc3a94fe:192.168.34.62:37037, 7c431f9d-51bc-458b-a3a6-511ec217d887:192.168.34.62:40420, b9cfa588-8e56-4331-be2f-4c26f25c6739:192.168.34.62:34777], old=null
2019-10-17 06:47:40,276 [grpc-default-executor-3] INFO  impl.RaftServerImpl (RaftServerImpl.java:setRole(184)) - 67f35358-9777-4ff9-96f4-8a61bc3a94fe@group-21BA9BD4283D: changes role from  FOLLOWER to FOLLOWER at term 36 for recognizeCandidate:7c431f9d-51bc-458b-a3a6-511ec217d887
2019-10-17 06:47:40,276 [grpc-default-executor-3] INFO  impl.RoleInfo (RoleInfo.java:shutdownFollowerState(121)) - 67f35358-9777-4ff9-96f4-8a61bc3a94fe: shutdown FollowerState
2019-10-17 06:47:40,276 [grpc-default-executor-2] INFO  impl.RaftServerImpl (RaftServerImpl.java:setRole(184)) - b9cfa588-8e56-4331-be2f-4c26f25c6739@group-21BA9BD4283D: changes role from  FOLLOWER to FOLLOWER at term 36 for recognizeCandidate:7c431f9d-51bc-458b-a3a6-511ec217d887
2019-10-17 06:47:40,276 [grpc-default-executor-3] INFO  impl.RoleInfo (RoleInfo.java:updateAndGet(143)) - 67f35358-9777-4ff9-96f4-8a61bc3a94fe: start FollowerState
2019-10-17 06:47:40,276 [Thread-1518] INFO  impl.FollowerState (FollowerState.java:run(117)) - 67f35358-9777-4ff9-96f4-8a61bc3a94fe@group-21BA9BD4283D-FollowerState was interrupted: java.lang.InterruptedException: sleep interrupted
2019-10-17 06:47:40,276 [grpc-default-executor-2] INFO  impl.RoleInfo (RoleInfo.java:shutdownFollowerState(121)) - b9cfa588-8e56-4331-be2f-4c26f25c6739: shutdown FollowerState
2019-10-17 06:47:40,277 [grpc-default-executor-2] INFO  impl.RoleInfo (RoleInfo.java:updateAndGet(143)) - b9cfa588-8e56-4331-be2f-4c26f25c6739: start FollowerState
2019-10-17 06:47:40,277 [Thread-1517] INFO  impl.FollowerState (FollowerState.java:run(117)) - b9cfa588-8e56-4331-be2f-4c26f25c6739@group-21BA9BD4283D-FollowerState was interrupted: java.lang.InterruptedException: sleep interrupted
2019-10-17 06:47:40,296 [7c431f9d-51bc-458b-a3a6-511ec217d887@group-21BA9BD4283D-LeaderElection109] INFO  impl.LeaderElection (LeaderElection.java:logAndReturn(56)) - 7c431f9d-51bc-458b-a3a6-511ec217d887@group-21BA9BD4283D-LeaderElection109: Election REJECTED; received 2 response(s) [7c431f9d-51bc-458b-a3a6-511ec217d887<-67f35358-9777-4ff9-96f4-8a61bc3a94fe#0:FAIL-t36, 7c431f9d-51bc-458b-a3a6-511ec217d887<-b9cfa588-8e56-4331-be2f-4c26f25c6739#0:FAIL-t36] and 0 exception(s); 7c431f9d-51bc-458b-a3a6-511ec217d887@group-21BA9BD4283D:t36, leader=null, voted=7c431f9d-51bc-458b-a3a6-511ec217d887, raftlog=7c431f9d-51bc-458b-a3a6-511ec217d887@group-21BA9BD4283D-SegmentedRaftLog:OPENED:c-1,f-1,i0, conf=-1: [67f35358-9777-4ff9-96f4-8a61bc3a94fe:192.168.34.62:37037, 7c431f9d-51bc-458b-a3a6-511ec217d887:192.168.34.62:40420, b9cfa588-8e56-4331-be2f-4c26f25c6739:192.168.34.62:34777], old=null
2019-10-17 06:47:40,297 [7c431f9d-51bc-458b-a3a6-511ec217d887@group-21BA9BD4283D-LeaderElection109] INFO  impl.RaftServerImpl (RaftServerImpl.java:setRole(184)) - 7c431f9d-51bc-458b-a3a6-511ec217d887@group-21BA9BD4283D: changes role from CANDIDATE to FOLLOWER at term 36 for DISCOVERED_A_NEW_TERM
2019-10-17 06:47:40,297 [7c431f9d-51bc-458b-a3a6-511ec217d887@group-21BA9BD4283D-LeaderElection109] INFO  impl.RoleInfo (RoleInfo.java:shutdownLeaderElection(134)) - 7c431f9d-51bc-458b-a3a6-511ec217d887: shutdown LeaderElection
2019-10-17 06:47:40,297 [7c431f9d-51bc-458b-a3a6-511ec217d887@group-21BA9BD4283D-LeaderElection109] INFO  impl.RoleInfo (RoleInfo.java:updateAndGet(143)) - 7c431f9d-51bc-458b-a3a6-511ec217d887: start FollowerState
2019-10-17 06:47:40,397 [Thread-1525] INFO  impl.FollowerState (FollowerState.java:run(108)) - 7c431f9d-51bc-458b-a3a6-511ec217d887@group-21BA9BD4283D-FollowerState: change to CANDIDATE, lastRpcTime:100ms, electionTimeout:100ms
2019-10-17 06:47:40,397 [Thread-1525] INFO  impl.RoleInfo (RoleInfo.java:shutdownFollowerState(121)) - 7c431f9d-51bc-458b-a3a6-511ec217d887: shutdown FollowerState
2019-10-17 06:47:40,398 [Thread-1525] INFO  impl.RaftServerImpl (RaftServerImpl.java:setRole(184)) - 7c431f9d-51bc-458b-a3a6-511ec217d887@group-21BA9BD4283D: changes role from  FOLLOWER to CANDIDATE at term 36 for changeToCandidate
2019-10-17 06:47:40,398 [Thread-1525] INFO  impl.RoleInfo (RoleInfo.java:updateAndGet(143)) - 7c431f9d-51bc-458b-a3a6-511ec217d887: start LeaderElection
2019-10-17 06:47:40,411 [7c431f9d-51bc-458b-a3a6-511ec217d887@group-21BA9BD4283D-LeaderElection110] INFO  impl.LeaderElection (LeaderElection.java:askForVotes(178)) - 7c431f9d-51bc-458b-a3a6-511ec217d887@group-21BA9BD4283D-LeaderElection110: begin an election at term 37 for -1: [67f35358-9777-4ff9-96f4-8a61bc3a94fe:192.168.34.62:37037, 7c431f9d-51bc-458b-a3a6-511ec217d887:192.168.34.62:40420, b9cfa588-8e56-4331-be2f-4c26f25c6739:192.168.34.62:34777], old=null
2019-10-17 06:47:40,414 [grpc-default-executor-3] INFO  impl.RaftServerImpl (RaftServerImpl.java:setRole(184)) - b9cfa588-8e56-4331-be2f-4c26f25c6739@group-21BA9BD4283D: changes role from  FOLLOWER to FOLLOWER at term 37 for recognizeCandidate:7c431f9d-51bc-458b-a3a6-511ec217d887
2019-10-17 06:47:40,414 [grpc-default-executor-2] INFO  impl.RaftServerImpl (RaftServerImpl.java:setRole(184)) - 67f35358-9777-4ff9-96f4-8a61bc3a94fe@group-21BA9BD4283D: changes role from  FOLLOWER to FOLLOWER at term 37 for recognizeCandidate:7c431f9d-51bc-458b-a3a6-511ec217d887
2019-10-17 06:47:40,414 [grpc-default-executor-3] INFO  impl.RoleInfo (RoleInfo.java:shutdownFollowerState(121)) - b9cfa588-8e56-4331-be2f-4c26f25c6739: shutdown FollowerState
2019-10-17 06:47:40,414 [grpc-default-executor-3] INFO  impl.RoleInfo (RoleInfo.java:updateAndGet(143)) - b9cfa588-8e56-4331-be2f-4c26f25c6739: start FollowerState
2019-10-17 06:47:40,414 [Thread-1524] INFO  impl.FollowerState (FollowerState.java:run(117)) - b9cfa588-8e56-4331-be2f-4c26f25c6739@group-21BA9BD4283D-FollowerState was interrupted: java.lang.InterruptedException: sleep interrupted
2019-10-17 06:47:40,414 [grpc-default-executor-2] INFO  impl.RoleInfo (RoleInfo.java:shutdownFollowerState(121)) - 67f35358-9777-4ff9-96f4-8a61bc3a94fe: shutdown FollowerState
2019-10-17 06:47:40,415 [Thread-1523] INFO  impl.FollowerState (FollowerState.java:run(117)) - 67f35358-9777-4ff9-96f4-8a61bc3a94fe@group-21BA9BD4283D-FollowerState was interrupted: java.lang.InterruptedException: sleep interrupted
2019-10-17 06:47:40,415 [grpc-default-executor-2] INFO  impl.RoleInfo (RoleInfo.java:updateAndGet(143)) - 67f35358-9777-4ff9-96f4-8a61bc3a94fe: start FollowerState
2019-10-17 06:47:40,431 [7c431f9d-51bc-458b-a3a6-511ec217d887@group-21BA9BD4283D-LeaderElection110] INFO  impl.LeaderElection (LeaderElection.java:logAndReturn(56)) - 7c431f9d-51bc-458b-a3a6-511ec217d887@group-21BA9BD4283D-LeaderElection110: Election REJECTED; received 2 response(s) [7c431f9d-51bc-458b-a3a6-511ec217d887<-67f35358-9777-4ff9-96f4-8a61bc3a94fe#0:FAIL-t37, 7c431f9d-51bc-458b-a3a6-511ec217d887<-b9cfa588-8e56-4331-be2f-4c26f25c6739#0:FAIL-t37] and 0 exception(s); 7c431f9d-51bc-458b-a3a6-511ec217d887@group-21BA9BD4283D:t37, leader=null, voted=7c431f9d-51bc-458b-a3a6-511ec217d887, raftlog=7c431f9d-51bc-458b-a3a6-511ec217d887@group-21BA9BD4283D-SegmentedRaftLog:OPENED:c-1,f-1,i0, conf=-1: [67f35358-9777-4ff9-96f4-8a61bc3a94fe:192.168.34.62:37037, 7c431f9d-51bc-458b-a3a6-511ec217d887:192.168.34.62:40420, b9cfa588-8e56-4331-be2f-4c26f25c6739:192.168.34.62:34777], old=null
2019-10-17 06:47:40,431 [7c431f9d-51bc-458b-a3a6-511ec217d887@group-21BA9BD4283D-LeaderElection110] INFO  impl.RaftServerImpl (RaftServerImpl.java:setRole(184)) - 7c431f9d-51bc-458b-a3a6-511ec217d887@group-21BA9BD4283D: changes role from CANDIDATE to FOLLOWER at term 37 for DISCOVERED_A_NEW_TERM
2019-10-17 06:47:40,431 [7c431f9d-51bc-458b-a3a6-511ec217d887@group-21BA9BD4283D-LeaderElection110] INFO  impl.RoleInfo (RoleInfo.java:shutdownLeaderElection(134)) - 7c431f9d-51bc-458b-a3a6-511ec217d887: shutdown LeaderElection
2019-10-17 06:47:40,432 [7c431f9d-51bc-458b-a3a6-511ec217d887@group-21BA9BD4283D-LeaderElection110] INFO  impl.RoleInfo (RoleInfo.java:updateAndGet(143)) - 7c431f9d-51bc-458b-a3a6-511ec217d887: start FollowerState
2019-10-17 06:47:40,512 [Thread-1531] INFO  impl.FollowerState (FollowerState.java:run(108)) - 7c431f9d-51bc-458b-a3a6-511ec217d887@group-21BA9BD4283D-FollowerState: change to CANDIDATE, lastRpcTime:80ms, electionTimeout:80ms
2019-10-17 06:47:40,512 [Thread-1531] INFO  impl.RoleInfo (RoleInfo.java:shutdownFollowerState(121)) - 7c431f9d-51bc-458b-a3a6-511ec217d887: shutdown FollowerState
2019-10-17 06:47:40,512 [Thread-1531] INFO  impl.RaftServerImpl (RaftServerImpl.java:setRole(184)) - 7c431f9d-51bc-458b-a3a6-511ec217d887@group-21BA9BD4283D: changes role from  FOLLOWER to CANDIDATE at term 37 for changeToCandidate
2019-10-17 06:47:40,512 [Thread-1531] INFO  impl.RoleInfo (RoleInfo.java:updateAndGet(143)) - 7c431f9d-51bc-458b-a3a6-511ec217d887: start LeaderElection
2019-10-17 06:47:40,536 [7c431f9d-51bc-458b-a3a6-511ec217d887@group-21BA9BD4283D-LeaderElection111] INFO  impl.LeaderElection (LeaderElection.java:askForVotes(178)) - 7c431f9d-51bc-458b-a3a6-511ec217d887@group-21BA9BD4283D-LeaderElection111: begin an election at term 38 for -1: [67f35358-9777-4ff9-96f4-8a61bc3a94fe:192.168.34.62:37037, 7c431f9d-51bc-458b-a3a6-511ec217d887:192.168.34.62:40420, b9cfa588-8e56-4331-be2f-4c26f25c6739:192.168.34.62:34777], old=null
2019-10-17 06:47:40,538 [grpc-default-executor-3] INFO  impl.RaftServerImpl (RaftServerImpl.java:setRole(184)) - 67f35358-9777-4ff9-96f4-8a61bc3a94fe@group-21BA9BD4283D: changes role from  FOLLOWER to FOLLOWER at term 38 for recognizeCandidate:7c431f9d-51bc-458b-a3a6-511ec217d887
2019-10-17 06:47:40,538 [grpc-default-executor-3] INFO  impl.RoleInfo (RoleInfo.java:shutdownFollowerState(121)) - 67f35358-9777-4ff9-96f4-8a61bc3a94fe: shutdown FollowerState
2019-10-17 06:47:40,538 [grpc-default-executor-2] INFO  impl.RaftServerImpl (RaftServerImpl.java:setRole(184)) - b9cfa588-8e56-4331-be2f-4c26f25c6739@group-21BA9BD4283D: changes role from  FOLLOWER to FOLLOWER at term 38 for recognizeCandidate:7c431f9d-51bc-458b-a3a6-511ec217d887
2019-10-17 06:47:40,539 [Thread-1530] INFO  impl.FollowerState (FollowerState.java:run(117)) - 67f35358-9777-4ff9-96f4-8a61bc3a94fe@group-21BA9BD4283D-FollowerState was interrupted: java.lang.InterruptedException: sleep interrupted
2019-10-17 06:47:40,538 [grpc-default-executor-3] INFO  impl.RoleInfo (RoleInfo.java:updateAndGet(143)) - 67f35358-9777-4ff9-96f4-8a61bc3a94fe: start FollowerState
2019-10-17 06:47:40,539 [grpc-default-executor-2] INFO  impl.RoleInfo (RoleInfo.java:shutdownFollowerState(121)) - b9cfa588-8e56-4331-be2f-4c26f25c6739: shutdown FollowerState
2019-10-17 06:47:40,539 [grpc-default-executor-2] INFO  impl.RoleInfo (RoleInfo.java:updateAndGet(143)) - b9cfa588-8e56-4331-be2f-4c26f25c6739: start FollowerState
2019-10-17 06:47:40,539 [Thread-1529] INFO  impl.FollowerState (FollowerState.java:run(117)) - b9cfa588-8e56-4331-be2f-4c26f25c6739@group-21BA9BD4283D-FollowerState was interrupted: java.lang.InterruptedException: sleep interrupted
2019-10-17 06:47:40,553 [7c431f9d-51bc-458b-a3a6-511ec217d887@group-21BA9BD4283D-LeaderElection111] INFO  impl.LeaderElection (LeaderElection.java:logAndReturn(56)) - 7c431f9d-51bc-458b-a3a6-511ec217d887@group-21BA9BD4283D-LeaderElection111: Election REJECTED; received 2 response(s) [7c431f9d-51bc-458b-a3a6-511ec217d887<-67f35358-9777-4ff9-96f4-8a61bc3a94fe#0:FAIL-t38, 7c431f9d-51bc-458b-a3a6-511ec217d887<-b9cfa588-8e56-4331-be2f-4c26f25c6739#0:FAIL-t38] and 0 exception(s); 7c431f9d-51bc-458b-a3a6-511ec217d887@group-21BA9BD4283D:t38, leader=null, voted=7c431f9d-51bc-458b-a3a6-511ec217d887, raftlog=7c431f9d-51bc-458b-a3a6-511ec217d887@group-21BA9BD4283D-SegmentedRaftLog:OPENED:c-1,f-1,i0, conf=-1: [67f35358-9777-4ff9-96f4-8a61bc3a94fe:192.168.34.62:37037, 7c431f9d-51bc-458b-a3a6-511ec217d887:192.168.34.62:40420, b9cfa588-8e56-4331-be2f-4c26f25c6739:192.168.34.62:34777], old=null
2019-10-17 06:47:40,554 [7c431f9d-51bc-458b-a3a6-511ec217d887@group-21BA9BD4283D-LeaderElection111] INFO  impl.RaftServerImpl (RaftServerImpl.java:setRole(184)) - 7c431f9d-51bc-458b-a3a6-511ec217d887@group-21BA9BD4283D: changes role from CANDIDATE to FOLLOWER at term 38 for DISCOVERED_A_NEW_TERM
2019-10-17 06:47:40,554 [7c431f9d-51bc-458b-a3a6-511ec217d887@group-21BA9BD4283D-LeaderElection111] INFO  impl.RoleInfo (RoleInfo.java:shutdownLeaderElection(134)) - 7c431f9d-51bc-458b-a3a6-511ec217d887: shutdown LeaderElection
2019-10-17 06:47:40,554 [7c431f9d-51bc-458b-a3a6-511ec217d887@group-21BA9BD4283D-LeaderElection111] INFO  impl.RoleInfo (RoleInfo.java:updateAndGet(143)) - 7c431f9d-51bc-458b-a3a6-511ec217d887: start FollowerState
2019-10-17 06:47:40,645 [Thread-1537] INFO  impl.FollowerState (FollowerState.java:run(108)) - 7c431f9d-51bc-458b-a3a6-511ec217d887@group-21BA9BD4283D-FollowerState: change to CANDIDATE, lastRpcTime:91ms, electionTimeout:91ms
2019-10-17 06:47:40,645 [Thread-1537] INFO  impl.RoleInfo (RoleInfo.java:shutdownFollowerState(121)) - 7c431f9d-51bc-458b-a3a6-511ec217d887: shutdown FollowerState
2019-10-17 06:47:40,646 [Thread-1537] INFO  impl.RaftServerImpl (RaftServerImpl.java:setRole(184)) - 7c431f9d-51bc-458b-a3a6-511ec217d887@group-21BA9BD4283D: changes role from  FOLLOWER to CANDIDATE at term 38 for changeToCandidate
2019-10-17 06:47:40,646 [Thread-1537] INFO  impl.RoleInfo (RoleInfo.java:updateAndGet(143)) - 7c431f9d-51bc-458b-a3a6-511ec217d887: start LeaderElection
2019-10-17 06:47:40,669 [7c431f9d-51bc-458b-a3a6-511ec217d887@group-21BA9BD4283D-LeaderElection112] INFO  impl.LeaderElection (LeaderElection.java:askForVotes(178)) - 7c431f9d-51bc-458b-a3a6-511ec217d887@group-21BA9BD4283D-LeaderElection112: begin an election at term 39 for -1: [67f35358-9777-4ff9-96f4-8a61bc3a94fe:192.168.34.62:37037, 7c431f9d-51bc-458b-a3a6-511ec217d887:192.168.34.62:40420, b9cfa588-8e56-4331-be2f-4c26f25c6739:192.168.34.62:34777], old=null
2019-10-17 06:47:40,671 [grpc-default-executor-3] INFO  impl.RaftServerImpl (RaftServerImpl.java:setRole(184)) - b9cfa588-8e56-4331-be2f-4c26f25c6739@group-21BA9BD4283D: changes role from  FOLLOWER to FOLLOWER at term 39 for recognizeCandidate:7c431f9d-51bc-458b-a3a6-511ec217d887
2019-10-17 06:47:40,671 [grpc-default-executor-2] INFO  impl.RaftServerImpl (RaftServerImpl.java:setRole(184)) - 67f35358-9777-4ff9-96f4-8a61bc3a94fe@group-21BA9BD4283D: changes role from  FOLLOWER to FOLLOWER at term 39 for recognizeCandidate:7c431f9d-51bc-458b-a3a6-511ec217d887
2019-10-17 06:47:40,671 [grpc-default-executor-3] INFO  impl.RoleInfo (RoleInfo.java:shutdownFollowerState(121)) - b9cfa588-8e56-4331-be2f-4c26f25c6739: shutdown FollowerState
2019-10-17 06:47:40,671 [grpc-default-executor-2] INFO  impl.RoleInfo (RoleInfo.java:shutdownFollowerState(121)) - 67f35358-9777-4ff9-96f4-8a61bc3a94fe: shutdown FollowerState
2019-10-17 06:47:40,671 [Thread-1536] INFO  impl.FollowerState (FollowerState.java:run(117)) - b9cfa588-8e56-4331-be2f-4c26f25c6739@group-21BA9BD4283D-FollowerState was interrupted: java.lang.InterruptedException: sleep interrupted
2019-10-17 06:47:40,671 [grpc-default-executor-3] INFO  impl.RoleInfo (RoleInfo.java:updateAndGet(143)) - b9cfa588-8e56-4331-be2f-4c26f25c6739: start FollowerState
2019-10-17 06:47:40,671 [Thread-1535] INFO  impl.FollowerState (FollowerState.java:run(117)) - 67f35358-9777-4ff9-96f4-8a61bc3a94fe@group-21BA9BD4283D-FollowerState was interrupted: java.lang.InterruptedException: sleep interrupted
2019-10-17 06:47:40,671 [grpc-default-executor-2] INFO  impl.RoleInfo (RoleInfo.java:updateAndGet(143)) - 67f35358-9777-4ff9-96f4-8a61bc3a94fe: start FollowerState
2019-10-17 06:47:40,694 [7c431f9d-51bc-458b-a3a6-511ec217d887@group-21BA9BD4283D-LeaderElection112] INFO  impl.LeaderElection (LeaderElection.java:logAndReturn(56)) - 7c431f9d-51bc-458b-a3a6-511ec217d887@group-21BA9BD4283D-LeaderElection112: Election REJECTED; received 2 response(s) [7c431f9d-51bc-458b-a3a6-511ec217d887<-67f35358-9777-4ff9-96f4-8a61bc3a94fe#0:FAIL-t39, 7c431f9d-51bc-458b-a3a6-511ec217d887<-b9cfa588-8e56-4331-be2f-4c26f25c6739#0:FAIL-t39] and 0 exception(s); 7c431f9d-51bc-458b-a3a6-511ec217d887@group-21BA9BD4283D:t39, leader=null, voted=7c431f9d-51bc-458b-a3a6-511ec217d887, raftlog=7c431f9d-51bc-458b-a3a6-511ec217d887@group-21BA9BD4283D-SegmentedRaftLog:OPENED:c-1,f-1,i0, conf=-1: [67f35358-9777-4ff9-96f4-8a61bc3a94fe:192.168.34.62:37037, 7c431f9d-51bc-458b-a3a6-511ec217d887:192.168.34.62:40420, b9cfa588-8e56-4331-be2f-4c26f25c6739:192.168.34.62:34777], old=null
2019-10-17 06:47:40,694 [7c431f9d-51bc-458b-a3a6-511ec217d887@group-21BA9BD4283D-LeaderElection112] INFO  impl.RaftServerImpl (RaftServerImpl.java:setRole(184)) - 7c431f9d-51bc-458b-a3a6-511ec217d887@group-21BA9BD4283D: changes role from CANDIDATE to FOLLOWER at term 39 for DISCOVERED_A_NEW_TERM
2019-10-17 06:47:40,694 [7c431f9d-51bc-458b-a3a6-511ec217d887@group-21BA9BD4283D-LeaderElection112] INFO  impl.RoleInfo (RoleInfo.java:shutdownLeaderElection(134)) - 7c431f9d-51bc-458b-a3a6-511ec217d887: shutdown LeaderElection
2019-10-17 06:47:40,694 [7c431f9d-51bc-458b-a3a6-511ec217d887@group-21BA9BD4283D-LeaderElection112] INFO  impl.RoleInfo (RoleInfo.java:updateAndGet(143)) - 7c431f9d-51bc-458b-a3a6-511ec217d887: start FollowerState
2019-10-17 06:47:40,789 [Thread-1543] INFO  impl.FollowerState (FollowerState.java:run(108)) - 7c431f9d-51bc-458b-a3a6-511ec217d887@group-21BA9BD4283D-FollowerState: change to CANDIDATE, lastRpcTime:95ms, electionTimeout:95ms
2019-10-17 06:47:40,790 [Thread-1543] INFO  impl.RoleInfo (RoleInfo.java:shutdownFollowerState(121)) - 7c431f9d-51bc-458b-a3a6-511ec217d887: shutdown FollowerState
2019-10-17 06:47:40,790 [Thread-1543] INFO  impl.RaftServerImpl (RaftServerImpl.java:setRole(184)) - 7c431f9d-51bc-458b-a3a6-511ec217d887@group-21BA9BD4283D: changes role from  FOLLOWER to CANDIDATE at term 39 for changeToCandidate
2019-10-17 06:47:40,790 [Thread-1543] INFO  impl.RoleInfo (RoleInfo.java:updateAndGet(143)) - 7c431f9d-51bc-458b-a3a6-511ec217d887: start LeaderElection
2019-10-17 06:47:40,797 [7c431f9d-51bc-458b-a3a6-511ec217d887@group-21BA9BD4283D-LeaderElection113] INFO  impl.LeaderElection (LeaderElection.java:askForVotes(178)) - 7c431f9d-51bc-458b-a3a6-511ec217d887@group-21BA9BD4283D-LeaderElection113: begin an election at term 40 for -1: [67f35358-9777-4ff9-96f4-8a61bc3a94fe:192.168.34.62:37037, 7c431f9d-51bc-458b-a3a6-511ec217d887:192.168.34.62:40420, b9cfa588-8e56-4331-be2f-4c26f25c6739:192.168.34.62:34777], old=null
2019-10-17 06:47:40,799 [grpc-default-executor-3] INFO  impl.RaftServerImpl (RaftServerImpl.java:setRole(184)) - 67f35358-9777-4ff9-96f4-8a61bc3a94fe@group-21BA9BD4283D: changes role from  FOLLOWER to FOLLOWER at term 40 for recognizeCandidate:7c431f9d-51bc-458b-a3a6-511ec217d887
2019-10-17 06:47:40,799 [grpc-default-executor-3] INFO  impl.RoleInfo (RoleInfo.java:shutdownFollowerState(121)) - 67f35358-9777-4ff9-96f4-8a61bc3a94fe: shutdown FollowerState
2019-10-17 06:47:40,799 [grpc-default-executor-3] INFO  impl.RoleInfo (RoleInfo.java:updateAndGet(143)) - 67f35358-9777-4ff9-96f4-8a61bc3a94fe: start FollowerState
2019-10-17 06:47:40,799 [Thread-1542] INFO  impl.FollowerState (FollowerState.java:run(117)) - 67f35358-9777-4ff9-96f4-8a61bc3a94fe@group-21BA9BD4283D-FollowerState was interrupted: java.lang.InterruptedException: sleep interrupted
2019-10-17 06:47:40,799 [grpc-default-executor-2] INFO  impl.RaftServerImpl (RaftServerImpl.java:setRole(184)) - b9cfa588-8e56-4331-be2f-4c26f25c6739@group-21BA9BD4283D: changes role from  FOLLOWER to FOLLOWER at term 40 for recognizeCandidate:7c431f9d-51bc-458b-a3a6-511ec217d887
2019-10-17 06:47:40,800 [grpc-default-executor-2] INFO  impl.RoleInfo (RoleInfo.java:shutdownFollowerState(121)) - b9cfa588-8e56-4331-be2f-4c26f25c6739: shutdown FollowerState
2019-10-17 06:47:40,800 [grpc-default-executor-2] INFO  impl.RoleInfo (RoleInfo.java:updateAndGet(143)) - b9cfa588-8e56-4331-be2f-4c26f25c6739: start FollowerState
2019-10-17 06:47:40,800 [Thread-1541] INFO  impl.FollowerState (FollowerState.java:run(117)) - b9cfa588-8e56-4331-be2f-4c26f25c6739@group-21BA9BD4283D-FollowerState was interrupted: java.lang.InterruptedException: sleep interrupted
2019-10-17 06:47:40,819 [7c431f9d-51bc-458b-a3a6-511ec217d887@group-21BA9BD4283D-LeaderElection113] INFO  impl.LeaderElection (LeaderElection.java:logAndReturn(56)) - 7c431f9d-51bc-458b-a3a6-511ec217d887@group-21BA9BD4283D-LeaderElection113: Election REJECTED; received 2 response(s) [7c431f9d-51bc-458b-a3a6-511ec217d887<-67f35358-9777-4ff9-96f4-8a61bc3a94fe#0:FAIL-t40, 7c431f9d-51bc-458b-a3a6-511ec217d887<-b9cfa588-8e56-4331-be2f-4c26f25c6739#0:FAIL-t40] and 0 exception(s); 7c431f9d-51bc-458b-a3a6-511ec217d887@group-21BA9BD4283D:t40, leader=null, voted=7c431f9d-51bc-458b-a3a6-511ec217d887, raftlog=7c431f9d-51bc-458b-a3a6-511ec217d887@group-21BA9BD4283D-SegmentedRaftLog:OPENED:c-1,f-1,i0, conf=-1: [67f35358-9777-4ff9-96f4-8a61bc3a94fe:192.168.34.62:37037, 7c431f9d-51bc-458b-a3a6-511ec217d887:192.168.34.62:40420, b9cfa588-8e56-4331-be2f-4c26f25c6739:192.168.34.62:34777], old=null
2019-10-17 06:47:40,819 [7c431f9d-51bc-458b-a3a6-511ec217d887@group-21BA9BD4283D-LeaderElection113] INFO  impl.RaftServerImpl (RaftServerImpl.java:setRole(184)) - 7c431f9d-51bc-458b-a3a6-511ec217d887@group-21BA9BD4283D: changes role from CANDIDATE to FOLLOWER at term 40 for DISCOVERED_A_NEW_TERM
2019-10-17 06:47:40,820 [7c431f9d-51bc-458b-a3a6-511ec217d887@group-21BA9BD4283D-LeaderElection113] INFO  impl.RoleInfo (RoleInfo.java:shutdownLeaderElection(134)) - 7c431f9d-51bc-458b-a3a6-511ec217d887: shutdown LeaderElection
2019-10-17 06:47:40,820 [7c431f9d-51bc-458b-a3a6-511ec217d887@group-21BA9BD4283D-LeaderElection113] INFO  impl.RoleInfo (RoleInfo.java:updateAndGet(143)) - 7c431f9d-51bc-458b-a3a6-511ec217d887: start FollowerState
2019-10-17 06:47:40,943 [Thread-1549] INFO  impl.FollowerState (FollowerState.java:run(108)) - 7c431f9d-51bc-458b-a3a6-511ec217d887@group-21BA9BD4283D-FollowerState: change to CANDIDATE, lastRpcTime:123ms, electionTimeout:123ms
2019-10-17 06:47:40,943 [Thread-1549] INFO  impl.RoleInfo (RoleInfo.java:shutdownFollowerState(121)) - 7c431f9d-51bc-458b-a3a6-511ec217d887: shutdown FollowerState
2019-10-17 06:47:40,943 [Thread-1549] INFO  impl.RaftServerImpl (RaftServerImpl.java:setRole(184)) - 7c431f9d-51bc-458b-a3a6-511ec217d887@group-21BA9BD4283D: changes role from  FOLLOWER to CANDIDATE at term 40 for changeToCandidate
2019-10-17 06:47:40,944 [Thread-1549] INFO  impl.RoleInfo (RoleInfo.java:updateAndGet(143)) - 7c431f9d-51bc-458b-a3a6-511ec217d887: start LeaderElection
2019-10-17 06:47:40,966 [7c431f9d-51bc-458b-a3a6-511ec217d887@group-21BA9BD4283D-LeaderElection114] INFO  impl.LeaderElection (LeaderElection.java:askForVotes(178)) - 7c431f9d-51bc-458b-a3a6-511ec217d887@group-21BA9BD4283D-LeaderElection114: begin an election at term 41 for -1: [67f35358-9777-4ff9-96f4-8a61bc3a94fe:192.168.34.62:37037, 7c431f9d-51bc-458b-a3a6-511ec217d887:192.168.34.62:40420, b9cfa588-8e56-4331-be2f-4c26f25c6739:192.168.34.62:34777], old=null
2019-10-17 06:47:40,969 [grpc-default-executor-2] INFO  impl.RaftServerImpl (RaftServerImpl.java:setRole(184)) - 67f35358-9777-4ff9-96f4-8a61bc3a94fe@group-21BA9BD4283D: changes role from  FOLLOWER to FOLLOWER at term 41 for recognizeCandidate:7c431f9d-51bc-458b-a3a6-511ec217d887
2019-10-17 06:47:40,969 [grpc-default-executor-3] INFO  impl.RaftServerImpl (RaftServerImpl.java:setRole(184)) - b9cfa588-8e56-4331-be2f-4c26f25c6739@group-21BA9BD4283D: changes role from  FOLLOWER to FOLLOWER at term 41 for recognizeCandidate:7c431f9d-51bc-458b-a3a6-511ec217d887
2019-10-17 06:47:40,969 [grpc-default-executor-2] INFO  impl.RoleInfo (RoleInfo.java:shutdownFollowerState(121)) - 67f35358-9777-4ff9-96f4-8a61bc3a94fe: shutdown FollowerState
2019-10-17 06:47:40,969 [grpc-default-executor-3] INFO  impl.RoleInfo (RoleInfo.java:shutdownFollowerState(121)) - b9cfa588-8e56-4331-be2f-4c26f25c6739: shutdown FollowerState
2019-10-17 06:47:40,969 [Thread-1547] INFO  impl.FollowerState (FollowerState.java:run(117)) - 67f35358-9777-4ff9-96f4-8a61bc3a94fe@group-21BA9BD4283D-FollowerState was interrupted: java.lang.InterruptedException: sleep interrupted
2019-10-17 06:47:40,969 [grpc-default-executor-2] INFO  impl.RoleInfo (RoleInfo.java:updateAndGet(143)) - 67f35358-9777-4ff9-96f4-8a61bc3a94fe: start FollowerState
2019-10-17 06:47:40,969 [Thread-1548] INFO  impl.FollowerState (FollowerState.java:run(117)) - b9cfa588-8e56-4331-be2f-4c26f25c6739@group-21BA9BD4283D-FollowerState was interrupted: java.lang.InterruptedException: sleep interrupted
2019-10-17 06:47:40,969 [grpc-default-executor-3] INFO  impl.RoleInfo (RoleInfo.java:updateAndGet(143)) - b9cfa588-8e56-4331-be2f-4c26f25c6739: start FollowerState
2019-10-17 06:47:40,984 [7c431f9d-51bc-458b-a3a6-511ec217d887@group-21BA9BD4283D-LeaderElection114] INFO  impl.LeaderElection (LeaderElection.java:logAndReturn(56)) - 7c431f9d-51bc-458b-a3a6-511ec217d887@group-21BA9BD4283D-LeaderElection114: Election REJECTED; received 2 response(s) [7c431f9d-51bc-458b-a3a6-511ec217d887<-67f35358-9777-4ff9-96f4-8a61bc3a94fe#0:FAIL-t41, 7c431f9d-51bc-458b-a3a6-511ec217d887<-b9cfa588-8e56-4331-be2f-4c26f25c6739#0:FAIL-t41] and 0 exception(s); 7c431f9d-51bc-458b-a3a6-511ec217d887@group-21BA9BD4283D:t41, leader=null, voted=7c431f9d-51bc-458b-a3a6-511ec217d887, raftlog=7c431f9d-51bc-458b-a3a6-511ec217d887@group-21BA9BD4283D-SegmentedRaftLog:OPENED:c-1,f-1,i0, conf=-1: [67f35358-9777-4ff9-96f4-8a61bc3a94fe:192.168.34.62:37037, 7c431f9d-51bc-458b-a3a6-511ec217d887:192.168.34.62:40420, b9cfa588-8e56-4331-be2f-4c26f25c6739:192.168.34.62:34777], old=null
2019-10-17 06:47:40,984 [7c431f9d-51bc-458b-a3a6-511ec217d887@group-21BA9BD4283D-LeaderElection114] INFO  impl.RaftServerImpl (RaftServerImpl.java:setRole(184)) - 7c431f9d-51bc-458b-a3a6-511ec217d887@group-21BA9BD4283D: changes role from CANDIDATE to FOLLOWER at term 41 for DISCOVERED_A_NEW_TERM
2019-10-17 06:47:40,984 [7c431f9d-51bc-458b-a3a6-511ec217d887@group-21BA9BD4283D-LeaderElection114] INFO  impl.RoleInfo (RoleInfo.java:shutdownLeaderElection(134)) - 7c431f9d-51bc-458b-a3a6-511ec217d887: shutdown LeaderElection
2019-10-17 06:47:40,984 [7c431f9d-51bc-458b-a3a6-511ec217d887@group-21BA9BD4283D-LeaderElection114] INFO  impl.RoleInfo (RoleInfo.java:updateAndGet(143)) - 7c431f9d-51bc-458b-a3a6-511ec217d887: start FollowerState
2019-10-17 06:47:41,023 [Thread-1555] INFO  impl.FollowerState (FollowerState.java:run(108)) - 7c431f9d-51bc-458b-a3a6-511ec217d887@group-21BA9BD4283D-FollowerState: change to CANDIDATE, lastRpcTime:38ms, electionTimeout:38ms
2019-10-17 06:47:41,023 [Thread-1555] INFO  impl.RoleInfo (RoleInfo.java:shutdownFollowerState(121)) - 7c431f9d-51bc-458b-a3a6-511ec217d887: shutdown FollowerState
2019-10-17 06:47:41,023 [Thread-1555] INFO  impl.RaftServerImpl (RaftServerImpl.java:setRole(184)) - 7c431f9d-51bc-458b-a3a6-511ec217d887@group-21BA9BD4283D: changes role from  FOLLOWER to CANDIDATE at term 41 for changeToCandidate
2019-10-17 06:47:41,023 [Thread-1555] INFO  impl.RoleInfo (RoleInfo.java:updateAndGet(143)) - 7c431f9d-51bc-458b-a3a6-511ec217d887: start LeaderElection
2019-10-17 06:47:41,046 [7c431f9d-51bc-458b-a3a6-511ec217d887@group-21BA9BD4283D-LeaderElection115] INFO  impl.LeaderElection (LeaderElection.java:askForVotes(178)) - 7c431f9d-51bc-458b-a3a6-511ec217d887@group-21BA9BD4283D-LeaderElection115: begin an election at term 42 for -1: [67f35358-9777-4ff9-96f4-8a61bc3a94fe:192.168.34.62:37037, 7c431f9d-51bc-458b-a3a6-511ec217d887:192.168.34.62:40420, b9cfa588-8e56-4331-be2f-4c26f25c6739:192.168.34.62:34777], old=null
2019-10-17 06:47:41,048 [grpc-default-executor-2] INFO  impl.RaftServerImpl (RaftServerImpl.java:setRole(184)) - 67f35358-9777-4ff9-96f4-8a61bc3a94fe@group-21BA9BD4283D: changes role from  FOLLOWER to FOLLOWER at term 42 for recognizeCandidate:7c431f9d-51bc-458b-a3a6-511ec217d887
2019-10-17 06:47:41,048 [grpc-default-executor-3] INFO  impl.RaftServerImpl (RaftServerImpl.java:setRole(184)) - b9cfa588-8e56-4331-be2f-4c26f25c6739@group-21BA9BD4283D: changes role from  FOLLOWER to FOLLOWER at term 42 for recognizeCandidate:7c431f9d-51bc-458b-a3a6-511ec217d887
2019-10-17 06:47:41,048 [grpc-default-executor-3] INFO  impl.RoleInfo (RoleInfo.java:shutdownFollowerState(121)) - b9cfa588-8e56-4331-be2f-4c26f25c6739: shutdown FollowerState
2019-10-17 06:47:41,048 [grpc-default-executor-2] INFO  impl.RoleInfo (RoleInfo.java:shutdownFollowerState(121)) - 67f35358-9777-4ff9-96f4-8a61bc3a94fe: shutdown FollowerState
2019-10-17 06:47:41,049 [Thread-1554] INFO  impl.FollowerState (FollowerState.java:run(117)) - b9cfa588-8e56-4331-be2f-4c26f25c6739@group-21BA9BD4283D-FollowerState was interrupted: java.lang.InterruptedException: sleep interrupted
2019-10-17 06:47:41,049 [Thread-1553] INFO  impl.FollowerState (FollowerState.java:run(117)) - 67f35358-9777-4ff9-96f4-8a61bc3a94fe@group-21BA9BD4283D-FollowerState was interrupted: java.lang.InterruptedException: sleep interrupted
2019-10-17 06:47:41,049 [grpc-default-executor-3] INFO  impl.RoleInfo (RoleInfo.java:updateAndGet(143)) - b9cfa588-8e56-4331-be2f-4c26f25c6739: start FollowerState
2019-10-17 06:47:41,049 [grpc-default-executor-2] INFO  impl.RoleInfo (RoleInfo.java:updateAndGet(143)) - 67f35358-9777-4ff9-96f4-8a61bc3a94fe: start FollowerState
2019-10-17 06:47:41,063 [7c431f9d-51bc-458b-a3a6-511ec217d887@group-21BA9BD4283D-LeaderElection115] INFO  impl.LeaderElection (LeaderElection.java:logAndReturn(56)) - 7c431f9d-51bc-458b-a3a6-511ec217d887@group-21BA9BD4283D-LeaderElection115: Election REJECTED; received 2 response(s) [7c431f9d-51bc-458b-a3a6-511ec217d887<-67f35358-9777-4ff9-96f4-8a61bc3a94fe#0:FAIL-t42, 7c431f9d-51bc-458b-a3a6-511ec217d887<-b9cfa588-8e56-4331-be2f-4c26f25c6739#0:FAIL-t42] and 0 exception(s); 7c431f9d-51bc-458b-a3a6-511ec217d887@group-21BA9BD4283D:t42, leader=null, voted=7c431f9d-51bc-458b-a3a6-511ec217d887, raftlog=7c431f9d-51bc-458b-a3a6-511ec217d887@group-21BA9BD4283D-SegmentedRaftLog:OPENED:c-1,f-1,i0, conf=-1: [67f35358-9777-4ff9-96f4-8a61bc3a94fe:192.168.34.62:37037, 7c431f9d-51bc-458b-a3a6-511ec217d887:192.168.34.62:40420, b9cfa588-8e56-4331-be2f-4c26f25c6739:192.168.34.62:34777], old=null
2019-10-17 06:47:41,063 [7c431f9d-51bc-458b-a3a6-511ec217d887@group-21BA9BD4283D-LeaderElection115] INFO  impl.RaftServerImpl (RaftServerImpl.java:setRole(184)) - 7c431f9d-51bc-458b-a3a6-511ec217d887@group-21BA9BD4283D: changes role from CANDIDATE to FOLLOWER at term 42 for DISCOVERED_A_NEW_TERM
2019-10-17 06:47:41,063 [7c431f9d-51bc-458b-a3a6-511ec217d887@group-21BA9BD4283D-LeaderElection115] INFO  impl.RoleInfo (RoleInfo.java:shutdownLeaderElection(134)) - 7c431f9d-51bc-458b-a3a6-511ec217d887: shutdown LeaderElection
2019-10-17 06:47:41,063 [7c431f9d-51bc-458b-a3a6-511ec217d887@group-21BA9BD4283D-LeaderElection115] INFO  impl.RoleInfo (RoleInfo.java:updateAndGet(143)) - 7c431f9d-51bc-458b-a3a6-511ec217d887: start FollowerState
2019-10-17 06:47:41,092 [main] INFO  ozone.MiniOzoneClusterImpl (MiniOzoneClusterImpl.java:lambda$waitForClusterToBeReady$2(164)) - Waiting for 1 number of pipelines out of 4, to report a leader.
2019-10-17 06:47:41,113 [Thread-1561] INFO  impl.FollowerState (FollowerState.java:run(108)) - 7c431f9d-51bc-458b-a3a6-511ec217d887@group-21BA9BD4283D-FollowerState: change to CANDIDATE, lastRpcTime:49ms, electionTimeout:49ms
2019-10-17 06:47:41,113 [Thread-1561] INFO  impl.RoleInfo (RoleInfo.java:shutdownFollowerState(121)) - 7c431f9d-51bc-458b-a3a6-511ec217d887: shutdown FollowerState
2019-10-17 06:47:41,113 [Thread-1561] INFO  impl.RaftServerImpl (RaftServerImpl.java:setRole(184)) - 7c431f9d-51bc-458b-a3a6-511ec217d887@group-21BA9BD4283D: changes role from  FOLLOWER to CANDIDATE at term 42 for changeToCandidate
2019-10-17 06:47:41,113 [Thread-1561] INFO  impl.RoleInfo (RoleInfo.java:updateAndGet(143)) - 7c431f9d-51bc-458b-a3a6-511ec217d887: start LeaderElection
2019-10-17 06:47:41,126 [7c431f9d-51bc-458b-a3a6-511ec217d887@group-21BA9BD4283D-LeaderElection116] INFO  impl.LeaderElection (LeaderElection.java:askForVotes(178)) - 7c431f9d-51bc-458b-a3a6-511ec217d887@group-21BA9BD4283D-LeaderElection116: begin an election at term 43 for -1: [67f35358-9777-4ff9-96f4-8a61bc3a94fe:192.168.34.62:37037, 7c431f9d-51bc-458b-a3a6-511ec217d887:192.168.34.62:40420, b9cfa588-8e56-4331-be2f-4c26f25c6739:192.168.34.62:34777], old=null
2019-10-17 06:47:41,128 [grpc-default-executor-3] INFO  impl.RaftServerImpl (RaftServerImpl.java:setRole(184)) - b9cfa588-8e56-4331-be2f-4c26f25c6739@group-21BA9BD4283D: changes role from  FOLLOWER to FOLLOWER at term 43 for recognizeCandidate:7c431f9d-51bc-458b-a3a6-511ec217d887
2019-10-17 06:47:41,128 [grpc-default-executor-2] INFO  impl.RaftServerImpl (RaftServerImpl.java:setRole(184)) - 67f35358-9777-4ff9-96f4-8a61bc3a94fe@group-21BA9BD4283D: changes role from  FOLLOWER to FOLLOWER at term 43 for recognizeCandidate:7c431f9d-51bc-458b-a3a6-511ec217d887
2019-10-17 06:47:41,128 [grpc-default-executor-3] INFO  impl.RoleInfo (RoleInfo.java:shutdownFollowerState(121)) - b9cfa588-8e56-4331-be2f-4c26f25c6739: shutdown FollowerState
2019-10-17 06:47:41,129 [grpc-default-executor-2] INFO  impl.RoleInfo (RoleInfo.java:shutdownFollowerState(121)) - 67f35358-9777-4ff9-96f4-8a61bc3a94fe: shutdown FollowerState
2019-10-17 06:47:41,129 [Thread-1559] INFO  impl.FollowerState (FollowerState.java:run(117)) - b9cfa588-8e56-4331-be2f-4c26f25c6739@group-21BA9BD4283D-FollowerState was interrupted: java.lang.InterruptedException: sleep interrupted
2019-10-17 06:47:41,129 [grpc-default-executor-3] INFO  impl.RoleInfo (RoleInfo.java:updateAndGet(143)) - b9cfa588-8e56-4331-be2f-4c26f25c6739: start FollowerState
2019-10-17 06:47:41,129 [Thread-1560] INFO  impl.FollowerState (FollowerState.java:run(117)) - 67f35358-9777-4ff9-96f4-8a61bc3a94fe@group-21BA9BD4283D-FollowerState was interrupted: java.lang.InterruptedException: sleep interrupted
2019-10-17 06:47:41,129 [grpc-default-executor-2] INFO  impl.RoleInfo (RoleInfo.java:updateAndGet(143)) - 67f35358-9777-4ff9-96f4-8a61bc3a94fe: start FollowerState
2019-10-17 06:47:41,144 [7c431f9d-51bc-458b-a3a6-511ec217d887@group-21BA9BD4283D-LeaderElection116] INFO  impl.LeaderElection (LeaderElection.java:logAndReturn(56)) - 7c431f9d-51bc-458b-a3a6-511ec217d887@group-21BA9BD4283D-LeaderElection116: Election REJECTED; received 2 response(s) [7c431f9d-51bc-458b-a3a6-511ec217d887<-67f35358-9777-4ff9-96f4-8a61bc3a94fe#0:FAIL-t43, 7c431f9d-51bc-458b-a3a6-511ec217d887<-b9cfa588-8e56-4331-be2f-4c26f25c6739#0:FAIL-t43] and 0 exception(s); 7c431f9d-51bc-458b-a3a6-511ec217d887@group-21BA9BD4283D:t43, leader=null, voted=7c431f9d-51bc-458b-a3a6-511ec217d887, raftlog=7c431f9d-51bc-458b-a3a6-511ec217d887@group-21BA9BD4283D-SegmentedRaftLog:OPENED:c-1,f-1,i0, conf=-1: [67f35358-9777-4ff9-96f4-8a61bc3a94fe:192.168.34.62:37037, 7c431f9d-51bc-458b-a3a6-511ec217d887:192.168.34.62:40420, b9cfa588-8e56-4331-be2f-4c26f25c6739:192.168.34.62:34777], old=null
2019-10-17 06:47:41,144 [7c431f9d-51bc-458b-a3a6-511ec217d887@group-21BA9BD4283D-LeaderElection116] INFO  impl.RaftServerImpl (RaftServerImpl.java:setRole(184)) - 7c431f9d-51bc-458b-a3a6-511ec217d887@group-21BA9BD4283D: changes role from CANDIDATE to FOLLOWER at term 43 for DISCOVERED_A_NEW_TERM
2019-10-17 06:47:41,144 [7c431f9d-51bc-458b-a3a6-511ec217d887@group-21BA9BD4283D-LeaderElection116] INFO  impl.RoleInfo (RoleInfo.java:shutdownLeaderElection(134)) - 7c431f9d-51bc-458b-a3a6-511ec217d887: shutdown LeaderElection
2019-10-17 06:47:41,144 [7c431f9d-51bc-458b-a3a6-511ec217d887@group-21BA9BD4283D-LeaderElection116] INFO  impl.RoleInfo (RoleInfo.java:updateAndGet(143)) - 7c431f9d-51bc-458b-a3a6-511ec217d887: start FollowerState
2019-10-17 06:47:41,224 [Thread-1567] INFO  impl.FollowerState (FollowerState.java:run(108)) - 7c431f9d-51bc-458b-a3a6-511ec217d887@group-21BA9BD4283D-FollowerState: change to CANDIDATE, lastRpcTime:79ms, electionTimeout:79ms
2019-10-17 06:47:41,224 [Thread-1567] INFO  impl.RoleInfo (RoleInfo.java:shutdownFollowerState(121)) - 7c431f9d-51bc-458b-a3a6-511ec217d887: shutdown FollowerState
2019-10-17 06:47:41,224 [Thread-1567] INFO  impl.RaftServerImpl (RaftServerImpl.java:setRole(184)) - 7c431f9d-51bc-458b-a3a6-511ec217d887@group-21BA9BD4283D: changes role from  FOLLOWER to CANDIDATE at term 43 for changeToCandidate
2019-10-17 06:47:41,224 [Thread-1567] INFO  impl.RoleInfo (RoleInfo.java:updateAndGet(143)) - 7c431f9d-51bc-458b-a3a6-511ec217d887: start LeaderElection
2019-10-17 06:47:41,256 [7c431f9d-51bc-458b-a3a6-511ec217d887@group-21BA9BD4283D-LeaderElection117] INFO  impl.LeaderElection (LeaderElection.java:askForVotes(178)) - 7c431f9d-51bc-458b-a3a6-511ec217d887@group-21BA9BD4283D-LeaderElection117: begin an election at term 44 for -1: [67f35358-9777-4ff9-96f4-8a61bc3a94fe:192.168.34.62:37037, 7c431f9d-51bc-458b-a3a6-511ec217d887:192.168.34.62:40420, b9cfa588-8e56-4331-be2f-4c26f25c6739:192.168.34.62:34777], old=null
2019-10-17 06:47:41,259 [grpc-default-executor-3] INFO  impl.RaftServerImpl (RaftServerImpl.java:setRole(184)) - b9cfa588-8e56-4331-be2f-4c26f25c6739@group-21BA9BD4283D: changes role from  FOLLOWER to FOLLOWER at term 44 for recognizeCandidate:7c431f9d-51bc-458b-a3a6-511ec217d887
2019-10-17 06:47:41,259 [grpc-default-executor-2] INFO  impl.RaftServerImpl (RaftServerImpl.java:setRole(184)) - 67f35358-9777-4ff9-96f4-8a61bc3a94fe@group-21BA9BD4283D: changes role from  FOLLOWER to FOLLOWER at term 44 for recognizeCandidate:7c431f9d-51bc-458b-a3a6-511ec217d887
2019-10-17 06:47:41,259 [grpc-default-executor-3] INFO  impl.RoleInfo (RoleInfo.java:shutdownFollowerState(121)) - b9cfa588-8e56-4331-be2f-4c26f25c6739: shutdown FollowerState
2019-10-17 06:47:41,259 [grpc-default-executor-2] INFO  impl.RoleInfo (RoleInfo.java:shutdownFollowerState(121)) - 67f35358-9777-4ff9-96f4-8a61bc3a94fe: shutdown FollowerState
2019-10-17 06:47:41,259 [Thread-1565] INFO  impl.FollowerState (FollowerState.java:run(117)) - b9cfa588-8e56-4331-be2f-4c26f25c6739@group-21BA9BD4283D-FollowerState was interrupted: java.lang.InterruptedException: sleep interrupted
2019-10-17 06:47:41,259 [grpc-default-executor-3] INFO  impl.RoleInfo (RoleInfo.java:updateAndGet(143)) - b9cfa588-8e56-4331-be2f-4c26f25c6739: start FollowerState
2019-10-17 06:47:41,259 [Thread-1566] INFO  impl.FollowerState (FollowerState.java:run(117)) - 67f35358-9777-4ff9-96f4-8a61bc3a94fe@group-21BA9BD4283D-FollowerState was interrupted: java.lang.InterruptedException: sleep interrupted
2019-10-17 06:47:41,259 [grpc-default-executor-2] INFO  impl.RoleInfo (RoleInfo.java:updateAndGet(143)) - 67f35358-9777-4ff9-96f4-8a61bc3a94fe: start FollowerState
2019-10-17 06:47:41,273 [7c431f9d-51bc-458b-a3a6-511ec217d887@group-21BA9BD4283D-LeaderElection117] INFO  impl.LeaderElection (LeaderElection.java:logAndReturn(56)) - 7c431f9d-51bc-458b-a3a6-511ec217d887@group-21BA9BD4283D-LeaderElection117: Election REJECTED; received 2 response(s) [7c431f9d-51bc-458b-a3a6-511ec217d887<-67f35358-9777-4ff9-96f4-8a61bc3a94fe#0:FAIL-t44, 7c431f9d-51bc-458b-a3a6-511ec217d887<-b9cfa588-8e56-4331-be2f-4c26f25c6739#0:FAIL-t44] and 0 exception(s); 7c431f9d-51bc-458b-a3a6-511ec217d887@group-21BA9BD4283D:t44, leader=null, voted=7c431f9d-51bc-458b-a3a6-511ec217d887, raftlog=7c431f9d-51bc-458b-a3a6-511ec217d887@group-21BA9BD4283D-SegmentedRaftLog:OPENED:c-1,f-1,i0, conf=-1: [67f35358-9777-4ff9-96f4-8a61bc3a94fe:192.168.34.62:37037, 7c431f9d-51bc-458b-a3a6-511ec217d887:192.168.34.62:40420, b9cfa588-8e56-4331-be2f-4c26f25c6739:192.168.34.62:34777], old=null
2019-10-17 06:47:41,273 [7c431f9d-51bc-458b-a3a6-511ec217d887@group-21BA9BD4283D-LeaderElection117] INFO  impl.RaftServerImpl (RaftServerImpl.java:setRole(184)) - 7c431f9d-51bc-458b-a3a6-511ec217d887@group-21BA9BD4283D: changes role from CANDIDATE to FOLLOWER at term 44 for DISCOVERED_A_NEW_TERM
2019-10-17 06:47:41,273 [7c431f9d-51bc-458b-a3a6-511ec217d887@group-21BA9BD4283D-LeaderElection117] INFO  impl.RoleInfo (RoleInfo.java:shutdownLeaderElection(134)) - 7c431f9d-51bc-458b-a3a6-511ec217d887: shutdown LeaderElection
2019-10-17 06:47:41,273 [7c431f9d-51bc-458b-a3a6-511ec217d887@group-21BA9BD4283D-LeaderElection117] INFO  impl.RoleInfo (RoleInfo.java:updateAndGet(143)) - 7c431f9d-51bc-458b-a3a6-511ec217d887: start FollowerState
2019-10-17 06:47:41,293 [Thread-1573] INFO  impl.FollowerState (FollowerState.java:run(108)) - 7c431f9d-51bc-458b-a3a6-511ec217d887@group-21BA9BD4283D-FollowerState: change to CANDIDATE, lastRpcTime:19ms, electionTimeout:19ms
2019-10-17 06:47:41,293 [Thread-1573] INFO  impl.RoleInfo (RoleInfo.java:shutdownFollowerState(121)) - 7c431f9d-51bc-458b-a3a6-511ec217d887: shutdown FollowerState
2019-10-17 06:47:41,293 [Thread-1573] INFO  impl.RaftServerImpl (RaftServerImpl.java:setRole(184)) - 7c431f9d-51bc-458b-a3a6-511ec217d887@group-21BA9BD4283D: changes role from  FOLLOWER to CANDIDATE at term 44 for changeToCandidate
2019-10-17 06:47:41,293 [Thread-1573] INFO  impl.RoleInfo (RoleInfo.java:updateAndGet(143)) - 7c431f9d-51bc-458b-a3a6-511ec217d887: start LeaderElection
2019-10-17 06:47:41,314 [7c431f9d-51bc-458b-a3a6-511ec217d887@group-21BA9BD4283D-LeaderElection118] INFO  impl.LeaderElection (LeaderElection.java:askForVotes(178)) - 7c431f9d-51bc-458b-a3a6-511ec217d887@group-21BA9BD4283D-LeaderElection118: begin an election at term 45 for -1: [67f35358-9777-4ff9-96f4-8a61bc3a94fe:192.168.34.62:37037, 7c431f9d-51bc-458b-a3a6-511ec217d887:192.168.34.62:40420, b9cfa588-8e56-4331-be2f-4c26f25c6739:192.168.34.62:34777], old=null
2019-10-17 06:47:41,316 [grpc-default-executor-3] INFO  impl.RaftServerImpl (RaftServerImpl.java:setRole(184)) - b9cfa588-8e56-4331-be2f-4c26f25c6739@group-21BA9BD4283D: changes role from  FOLLOWER to FOLLOWER at term 45 for recognizeCandidate:7c431f9d-51bc-458b-a3a6-511ec217d887
2019-10-17 06:47:41,316 [grpc-default-executor-3] INFO  impl.RoleInfo (RoleInfo.java:shutdownFollowerState(121)) - b9cfa588-8e56-4331-be2f-4c26f25c6739: shutdown FollowerState
2019-10-17 06:47:41,317 [grpc-default-executor-2] INFO  impl.RaftServerImpl (RaftServerImpl.java:setRole(184)) - 67f35358-9777-4ff9-96f4-8a61bc3a94fe@group-21BA9BD4283D: changes role from  FOLLOWER to FOLLOWER at term 45 for recognizeCandidate:7c431f9d-51bc-458b-a3a6-511ec217d887
2019-10-17 06:47:41,317 [grpc-default-executor-2] INFO  impl.RoleInfo (RoleInfo.java:shutdownFollowerState(121)) - 67f35358-9777-4ff9-96f4-8a61bc3a94fe: shutdown FollowerState
2019-10-17 06:47:41,317 [Thread-1571] INFO  impl.FollowerState (FollowerState.java:run(117)) - b9cfa588-8e56-4331-be2f-4c26f25c6739@group-21BA9BD4283D-FollowerState was interrupted: java.lang.InterruptedException: sleep interrupted
2019-10-17 06:47:41,317 [grpc-default-executor-3] INFO  impl.RoleInfo (RoleInfo.java:updateAndGet(143)) - b9cfa588-8e56-4331-be2f-4c26f25c6739: start FollowerState
2019-10-17 06:47:41,317 [Thread-1572] INFO  impl.FollowerState (FollowerState.java:run(117)) - 67f35358-9777-4ff9-96f4-8a61bc3a94fe@group-21BA9BD4283D-FollowerState was interrupted: java.lang.InterruptedException: sleep interrupted
2019-10-17 06:47:41,317 [grpc-default-executor-2] INFO  impl.RoleInfo (RoleInfo.java:updateAndGet(143)) - 67f35358-9777-4ff9-96f4-8a61bc3a94fe: start FollowerState
2019-10-17 06:47:41,332 [7c431f9d-51bc-458b-a3a6-511ec217d887@group-21BA9BD4283D-LeaderElection118] INFO  impl.LeaderElection (LeaderElection.java:logAndReturn(56)) - 7c431f9d-51bc-458b-a3a6-511ec217d887@group-21BA9BD4283D-LeaderElection118: Election REJECTED; received 2 response(s) [7c431f9d-51bc-458b-a3a6-511ec217d887<-67f35358-9777-4ff9-96f4-8a61bc3a94fe#0:FAIL-t45, 7c431f9d-51bc-458b-a3a6-511ec217d887<-b9cfa588-8e56-4331-be2f-4c26f25c6739#0:FAIL-t45] and 0 exception(s); 7c431f9d-51bc-458b-a3a6-511ec217d887@group-21BA9BD4283D:t45, leader=null, voted=7c431f9d-51bc-458b-a3a6-511ec217d887, raftlog=7c431f9d-51bc-458b-a3a6-511ec217d887@group-21BA9BD4283D-SegmentedRaftLog:OPENED:c-1,f-1,i0, conf=-1: [67f35358-9777-4ff9-96f4-8a61bc3a94fe:192.168.34.62:37037, 7c431f9d-51bc-458b-a3a6-511ec217d887:192.168.34.62:40420, b9cfa588-8e56-4331-be2f-4c26f25c6739:192.168.34.62:34777], old=null
2019-10-17 06:47:41,332 [7c431f9d-51bc-458b-a3a6-511ec217d887@group-21BA9BD4283D-LeaderElection118] INFO  impl.RaftServerImpl (RaftServerImpl.java:setRole(184)) - 7c431f9d-51bc-458b-a3a6-511ec217d887@group-21BA9BD4283D: changes role from CANDIDATE to FOLLOWER at term 45 for DISCOVERED_A_NEW_TERM
2019-10-17 06:47:41,332 [7c431f9d-51bc-458b-a3a6-511ec217d887@group-21BA9BD4283D-LeaderElection118] INFO  impl.RoleInfo (RoleInfo.java:shutdownLeaderElection(134)) - 7c431f9d-51bc-458b-a3a6-511ec217d887: shutdown LeaderElection
2019-10-17 06:47:41,332 [7c431f9d-51bc-458b-a3a6-511ec217d887@group-21BA9BD4283D-LeaderElection118] INFO  impl.RoleInfo (RoleInfo.java:updateAndGet(143)) - 7c431f9d-51bc-458b-a3a6-511ec217d887: start FollowerState
2019-10-17 06:47:41,390 [Thread-1579] INFO  impl.FollowerState (FollowerState.java:run(108)) - 7c431f9d-51bc-458b-a3a6-511ec217d887@group-21BA9BD4283D-FollowerState: change to CANDIDATE, lastRpcTime:57ms, electionTimeout:57ms
2019-10-17 06:47:41,390 [Thread-1579] INFO  impl.RoleInfo (RoleInfo.java:shutdownFollowerState(121)) - 7c431f9d-51bc-458b-a3a6-511ec217d887: shutdown FollowerState
2019-10-17 06:47:41,390 [Thread-1579] INFO  impl.RaftServerImpl (RaftServerImpl.java:setRole(184)) - 7c431f9d-51bc-458b-a3a6-511ec217d887@group-21BA9BD4283D: changes role from  FOLLOWER to CANDIDATE at term 45 for changeToCandidate
2019-10-17 06:47:41,390 [Thread-1579] INFO  impl.RoleInfo (RoleInfo.java:updateAndGet(143)) - 7c431f9d-51bc-458b-a3a6-511ec217d887: start LeaderElection
2019-10-17 06:47:41,399 [7c431f9d-51bc-458b-a3a6-511ec217d887@group-21BA9BD4283D-LeaderElection119] INFO  impl.LeaderElection (LeaderElection.java:askForVotes(178)) - 7c431f9d-51bc-458b-a3a6-511ec217d887@group-21BA9BD4283D-LeaderElection119: begin an election at term 46 for -1: [67f35358-9777-4ff9-96f4-8a61bc3a94fe:192.168.34.62:37037, 7c431f9d-51bc-458b-a3a6-511ec217d887:192.168.34.62:40420, b9cfa588-8e56-4331-be2f-4c26f25c6739:192.168.34.62:34777], old=null
2019-10-17 06:47:41,401 [grpc-default-executor-2] INFO  impl.RaftServerImpl (RaftServerImpl.java:setRole(184)) - b9cfa588-8e56-4331-be2f-4c26f25c6739@group-21BA9BD4283D: changes role from  FOLLOWER to FOLLOWER at term 46 for recognizeCandidate:7c431f9d-51bc-458b-a3a6-511ec217d887
2019-10-17 06:47:41,401 [grpc-default-executor-3] INFO  impl.RaftServerImpl (RaftServerImpl.java:setRole(184)) - 67f35358-9777-4ff9-96f4-8a61bc3a94fe@group-21BA9BD4283D: changes role from  FOLLOWER to FOLLOWER at term 46 for recognizeCandidate:7c431f9d-51bc-458b-a3a6-511ec217d887
2019-10-17 06:47:41,401 [grpc-default-executor-2] INFO  impl.RoleInfo (RoleInfo.java:shutdownFollowerState(121)) - b9cfa588-8e56-4331-be2f-4c26f25c6739: shutdown FollowerState
2019-10-17 06:47:41,402 [grpc-default-executor-3] INFO  impl.RoleInfo (RoleInfo.java:shutdownFollowerState(121)) - 67f35358-9777-4ff9-96f4-8a61bc3a94fe: shutdown FollowerState
2019-10-17 06:47:41,402 [Thread-1577] INFO  impl.FollowerState (FollowerState.java:run(117)) - b9cfa588-8e56-4331-be2f-4c26f25c6739@group-21BA9BD4283D-FollowerState was interrupted: java.lang.InterruptedException: sleep interrupted
2019-10-17 06:47:41,402 [grpc-default-executor-2] INFO  impl.RoleInfo (RoleInfo.java:updateAndGet(143)) - b9cfa588-8e56-4331-be2f-4c26f25c6739: start FollowerState
2019-10-17 06:47:41,402 [Thread-1578] INFO  impl.FollowerState (FollowerState.java:run(117)) - 67f35358-9777-4ff9-96f4-8a61bc3a94fe@group-21BA9BD4283D-FollowerState was interrupted: java.lang.InterruptedException: sleep interrupted
2019-10-17 06:47:41,402 [grpc-default-executor-3] INFO  impl.RoleInfo (RoleInfo.java:updateAndGet(143)) - 67f35358-9777-4ff9-96f4-8a61bc3a94fe: start FollowerState
2019-10-17 06:47:41,427 [7c431f9d-51bc-458b-a3a6-511ec217d887@group-21BA9BD4283D-LeaderElection119] INFO  impl.LeaderElection (LeaderElection.java:logAndReturn(56)) - 7c431f9d-51bc-458b-a3a6-511ec217d887@group-21BA9BD4283D-LeaderElection119: Election REJECTED; received 2 response(s) [7c431f9d-51bc-458b-a3a6-511ec217d887<-67f35358-9777-4ff9-96f4-8a61bc3a94fe#0:FAIL-t46, 7c431f9d-51bc-458b-a3a6-511ec217d887<-b9cfa588-8e56-4331-be2f-4c26f25c6739#0:FAIL-t46] and 0 exception(s); 7c431f9d-51bc-458b-a3a6-511ec217d887@group-21BA9BD4283D:t46, leader=null, voted=7c431f9d-51bc-458b-a3a6-511ec217d887, raftlog=7c431f9d-51bc-458b-a3a6-511ec217d887@group-21BA9BD4283D-SegmentedRaftLog:OPENED:c-1,f-1,i0, conf=-1: [67f35358-9777-4ff9-96f4-8a61bc3a94fe:192.168.34.62:37037, 7c431f9d-51bc-458b-a3a6-511ec217d887:192.168.34.62:40420, b9cfa588-8e56-4331-be2f-4c26f25c6739:192.168.34.62:34777], old=null
2019-10-17 06:47:41,428 [7c431f9d-51bc-458b-a3a6-511ec217d887@group-21BA9BD4283D-LeaderElection119] INFO  impl.RaftServerImpl (RaftServerImpl.java:setRole(184)) - 7c431f9d-51bc-458b-a3a6-511ec217d887@group-21BA9BD4283D: changes role from CANDIDATE to FOLLOWER at term 46 for DISCOVERED_A_NEW_TERM
2019-10-17 06:47:41,428 [7c431f9d-51bc-458b-a3a6-511ec217d887@group-21BA9BD4283D-LeaderElection119] INFO  impl.RoleInfo (RoleInfo.java:shutdownLeaderElection(134)) - 7c431f9d-51bc-458b-a3a6-511ec217d887: shutdown LeaderElection
2019-10-17 06:47:41,428 [7c431f9d-51bc-458b-a3a6-511ec217d887@group-21BA9BD4283D-LeaderElection119] INFO  impl.RoleInfo (RoleInfo.java:updateAndGet(143)) - 7c431f9d-51bc-458b-a3a6-511ec217d887: start FollowerState
2019-10-17 06:47:41,436 [Thread-1585] INFO  impl.FollowerState (FollowerState.java:run(108)) - 7c431f9d-51bc-458b-a3a6-511ec217d887@group-21BA9BD4283D-FollowerState: change to CANDIDATE, lastRpcTime:8ms, electionTimeout:8ms
2019-10-17 06:47:41,436 [Thread-1585] INFO  impl.RoleInfo (RoleInfo.java:shutdownFollowerState(121)) - 7c431f9d-51bc-458b-a3a6-511ec217d887: shutdown FollowerState
2019-10-17 06:47:41,436 [Thread-1585] INFO  impl.RaftServerImpl (RaftServerImpl.java:setRole(184)) - 7c431f9d-51bc-458b-a3a6-511ec217d887@group-21BA9BD4283D: changes role from  FOLLOWER to CANDIDATE at term 46 for changeToCandidate
2019-10-17 06:47:41,436 [Thread-1585] INFO  impl.RoleInfo (RoleInfo.java:updateAndGet(143)) - 7c431f9d-51bc-458b-a3a6-511ec217d887: start LeaderElection
2019-10-17 06:47:41,455 [7c431f9d-51bc-458b-a3a6-511ec217d887@group-21BA9BD4283D-LeaderElection120] INFO  impl.LeaderElection (LeaderElection.java:askForVotes(178)) - 7c431f9d-51bc-458b-a3a6-511ec217d887@group-21BA9BD4283D-LeaderElection120: begin an election at term 47 for -1: [67f35358-9777-4ff9-96f4-8a61bc3a94fe:192.168.34.62:37037, 7c431f9d-51bc-458b-a3a6-511ec217d887:192.168.34.62:40420, b9cfa588-8e56-4331-be2f-4c26f25c6739:192.168.34.62:34777], old=null
2019-10-17 06:47:41,457 [grpc-default-executor-3] INFO  impl.RaftServerImpl (RaftServerImpl.java:setRole(184)) - 67f35358-9777-4ff9-96f4-8a61bc3a94fe@group-21BA9BD4283D: changes role from  FOLLOWER to FOLLOWER at term 47 for recognizeCandidate:7c431f9d-51bc-458b-a3a6-511ec217d887
2019-10-17 06:47:41,457 [grpc-default-executor-3] INFO  impl.RoleInfo (RoleInfo.java:shutdownFollowerState(121)) - 67f35358-9777-4ff9-96f4-8a61bc3a94fe: shutdown FollowerState
2019-10-17 06:47:41,457 [grpc-default-executor-2] INFO  impl.RaftServerImpl (RaftServerImpl.java:setRole(184)) - b9cfa588-8e56-4331-be2f-4c26f25c6739@group-21BA9BD4283D: changes role from  FOLLOWER to FOLLOWER at term 47 for recognizeCandidate:7c431f9d-51bc-458b-a3a6-511ec217d887
2019-10-17 06:47:41,457 [Thread-1584] INFO  impl.FollowerState (FollowerState.java:run(117)) - 67f35358-9777-4ff9-96f4-8a61bc3a94fe@group-21BA9BD4283D-FollowerState was interrupted: java.lang.InterruptedException: sleep interrupted
2019-10-17 06:47:41,457 [grpc-default-executor-3] INFO  impl.RoleInfo (RoleInfo.java:updateAndGet(143)) - 67f35358-9777-4ff9-96f4-8a61bc3a94fe: start FollowerState
2019-10-17 06:47:41,457 [grpc-default-executor-2] INFO  impl.RoleInfo (RoleInfo.java:shutdownFollowerState(121)) - b9cfa588-8e56-4331-be2f-4c26f25c6739: shutdown FollowerState
2019-10-17 06:47:41,457 [grpc-default-executor-2] INFO  impl.RoleInfo (RoleInfo.java:updateAndGet(143)) - b9cfa588-8e56-4331-be2f-4c26f25c6739: start FollowerState
2019-10-17 06:47:41,457 [Thread-1583] INFO  impl.FollowerState (FollowerState.java:run(117)) - b9cfa588-8e56-4331-be2f-4c26f25c6739@group-21BA9BD4283D-FollowerState was interrupted: java.lang.InterruptedException: sleep interrupted
2019-10-17 06:47:41,471 [7c431f9d-51bc-458b-a3a6-511ec217d887@group-21BA9BD4283D-LeaderElection120] INFO  impl.LeaderElection (LeaderElection.java:logAndReturn(56)) - 7c431f9d-51bc-458b-a3a6-511ec217d887@group-21BA9BD4283D-LeaderElection120: Election REJECTED; received 2 response(s) [7c431f9d-51bc-458b-a3a6-511ec217d887<-67f35358-9777-4ff9-96f4-8a61bc3a94fe#0:FAIL-t47, 7c431f9d-51bc-458b-a3a6-511ec217d887<-b9cfa588-8e56-4331-be2f-4c26f25c6739#0:FAIL-t47] and 0 exception(s); 7c431f9d-51bc-458b-a3a6-511ec217d887@group-21BA9BD4283D:t47, leader=null, voted=7c431f9d-51bc-458b-a3a6-511ec217d887, raftlog=7c431f9d-51bc-458b-a3a6-511ec217d887@group-21BA9BD4283D-SegmentedRaftLog:OPENED:c-1,f-1,i0, conf=-1: [67f35358-9777-4ff9-96f4-8a61bc3a94fe:192.168.34.62:37037, 7c431f9d-51bc-458b-a3a6-511ec217d887:192.168.34.62:40420, b9cfa588-8e56-4331-be2f-4c26f25c6739:192.168.34.62:34777], old=null
2019-10-17 06:47:41,471 [7c431f9d-51bc-458b-a3a6-511ec217d887@group-21BA9BD4283D-LeaderElection120] INFO  impl.RaftServerImpl (RaftServerImpl.java:setRole(184)) - 7c431f9d-51bc-458b-a3a6-511ec217d887@group-21BA9BD4283D: changes role from CANDIDATE to FOLLOWER at term 47 for DISCOVERED_A_NEW_TERM
2019-10-17 06:47:41,471 [7c431f9d-51bc-458b-a3a6-511ec217d887@group-21BA9BD4283D-LeaderElection120] INFO  impl.RoleInfo (RoleInfo.java:shutdownLeaderElection(134)) - 7c431f9d-51bc-458b-a3a6-511ec217d887: shutdown LeaderElection
2019-10-17 06:47:41,472 [7c431f9d-51bc-458b-a3a6-511ec217d887@group-21BA9BD4283D-LeaderElection120] INFO  impl.RoleInfo (RoleInfo.java:updateAndGet(143)) - 7c431f9d-51bc-458b-a3a6-511ec217d887: start FollowerState
2019-10-17 06:47:41,473 [Thread-1591] INFO  impl.FollowerState (FollowerState.java:run(108)) - 7c431f9d-51bc-458b-a3a6-511ec217d887@group-21BA9BD4283D-FollowerState: change to CANDIDATE, lastRpcTime:1ms, electionTimeout:1ms
2019-10-17 06:47:41,473 [Thread-1591] INFO  impl.RoleInfo (RoleInfo.java:shutdownFollowerState(121)) - 7c431f9d-51bc-458b-a3a6-511ec217d887: shutdown FollowerState
2019-10-17 06:47:41,473 [Thread-1591] INFO  impl.RaftServerImpl (RaftServerImpl.java:setRole(184)) - 7c431f9d-51bc-458b-a3a6-511ec217d887@group-21BA9BD4283D: changes role from  FOLLOWER to CANDIDATE at term 47 for changeToCandidate
2019-10-17 06:47:41,473 [Thread-1591] INFO  impl.RoleInfo (RoleInfo.java:updateAndGet(143)) - 7c431f9d-51bc-458b-a3a6-511ec217d887: start LeaderElection
2019-10-17 06:47:41,497 [7c431f9d-51bc-458b-a3a6-511ec217d887@group-21BA9BD4283D-LeaderElection121] INFO  impl.LeaderElection (LeaderElection.java:askForVotes(178)) - 7c431f9d-51bc-458b-a3a6-511ec217d887@group-21BA9BD4283D-LeaderElection121: begin an election at term 48 for -1: [67f35358-9777-4ff9-96f4-8a61bc3a94fe:192.168.34.62:37037, 7c431f9d-51bc-458b-a3a6-511ec217d887:192.168.34.62:40420, b9cfa588-8e56-4331-be2f-4c26f25c6739:192.168.34.62:34777], old=null
2019-10-17 06:47:41,499 [grpc-default-executor-2] INFO  impl.RaftServerImpl (RaftServerImpl.java:setRole(184)) - 67f35358-9777-4ff9-96f4-8a61bc3a94fe@group-21BA9BD4283D: changes role from  FOLLOWER to FOLLOWER at term 48 for recognizeCandidate:7c431f9d-51bc-458b-a3a6-511ec217d887
2019-10-17 06:47:41,499 [grpc-default-executor-2] INFO  impl.RoleInfo (RoleInfo.java:shutdownFollowerState(121)) - 67f35358-9777-4ff9-96f4-8a61bc3a94fe: shutdown FollowerState
2019-10-17 06:47:41,499 [grpc-default-executor-4] INFO  impl.RaftServerImpl (RaftServerImpl.java:setRole(184)) - b9cfa588-8e56-4331-be2f-4c26f25c6739@group-21BA9BD4283D: changes role from  FOLLOWER to FOLLOWER at term 48 for recognizeCandidate:7c431f9d-51bc-458b-a3a6-511ec217d887
2019-10-17 06:47:41,499 [Thread-1589] INFO  impl.FollowerState (FollowerState.java:run(117)) - 67f35358-9777-4ff9-96f4-8a61bc3a94fe@group-21BA9BD4283D-FollowerState was interrupted: java.lang.InterruptedException: sleep interrupted
2019-10-17 06:47:41,499 [grpc-default-executor-2] INFO  impl.RoleInfo (RoleInfo.java:updateAndGet(143)) - 67f35358-9777-4ff9-96f4-8a61bc3a94fe: start FollowerState
2019-10-17 06:47:41,499 [grpc-default-executor-4] INFO  impl.RoleInfo (RoleInfo.java:shutdownFollowerState(121)) - b9cfa588-8e56-4331-be2f-4c26f25c6739: shutdown FollowerState
2019-10-17 06:47:41,500 [grpc-default-executor-4] INFO  impl.RoleInfo (RoleInfo.java:updateAndGet(143)) - b9cfa588-8e56-4331-be2f-4c26f25c6739: start FollowerState
2019-10-17 06:47:41,500 [Thread-1590] INFO  impl.FollowerState (FollowerState.java:run(117)) - b9cfa588-8e56-4331-be2f-4c26f25c6739@group-21BA9BD4283D-FollowerState was interrupted: java.lang.InterruptedException: sleep interrupted
2019-10-17 06:47:41,514 [7c431f9d-51bc-458b-a3a6-511ec217d887@group-21BA9BD4283D-LeaderElection121] INFO  impl.LeaderElection (LeaderElection.java:logAndReturn(56)) - 7c431f9d-51bc-458b-a3a6-511ec217d887@group-21BA9BD4283D-LeaderElection121: Election REJECTED; received 2 response(s) [7c431f9d-51bc-458b-a3a6-511ec217d887<-67f35358-9777-4ff9-96f4-8a61bc3a94fe#0:FAIL-t48, 7c431f9d-51bc-458b-a3a6-511ec217d887<-b9cfa588-8e56-4331-be2f-4c26f25c6739#0:FAIL-t48] and 0 exception(s); 7c431f9d-51bc-458b-a3a6-511ec217d887@group-21BA9BD4283D:t48, leader=null, voted=7c431f9d-51bc-458b-a3a6-511ec217d887, raftlog=7c431f9d-51bc-458b-a3a6-511ec217d887@group-21BA9BD4283D-SegmentedRaftLog:OPENED:c-1,f-1,i0, conf=-1: [67f35358-9777-4ff9-96f4-8a61bc3a94fe:192.168.34.62:37037, 7c431f9d-51bc-458b-a3a6-511ec217d887:192.168.34.62:40420, b9cfa588-8e56-4331-be2f-4c26f25c6739:192.168.34.62:34777], old=null
2019-10-17 06:47:41,514 [7c431f9d-51bc-458b-a3a6-511ec217d887@group-21BA9BD4283D-LeaderElection121] INFO  impl.RaftServerImpl (RaftServerImpl.java:setRole(184)) - 7c431f9d-51bc-458b-a3a6-511ec217d887@group-21BA9BD4283D: changes role from CANDIDATE to FOLLOWER at term 48 for DISCOVERED_A_NEW_TERM
2019-10-17 06:47:41,514 [7c431f9d-51bc-458b-a3a6-511ec217d887@group-21BA9BD4283D-LeaderElection121] INFO  impl.RoleInfo (RoleInfo.java:shutdownLeaderElection(134)) - 7c431f9d-51bc-458b-a3a6-511ec217d887: shutdown LeaderElection
2019-10-17 06:47:41,514 [7c431f9d-51bc-458b-a3a6-511ec217d887@group-21BA9BD4283D-LeaderElection121] INFO  impl.RoleInfo (RoleInfo.java:updateAndGet(143)) - 7c431f9d-51bc-458b-a3a6-511ec217d887: start FollowerState
2019-10-17 06:47:41,700 [Thread-1597] INFO  impl.FollowerState (FollowerState.java:run(108)) - 7c431f9d-51bc-458b-a3a6-511ec217d887@group-21BA9BD4283D-FollowerState: change to CANDIDATE, lastRpcTime:186ms, electionTimeout:186ms
2019-10-17 06:47:41,701 [Thread-1597] INFO  impl.RoleInfo (RoleInfo.java:shutdownFollowerState(121)) - 7c431f9d-51bc-458b-a3a6-511ec217d887: shutdown FollowerState
2019-10-17 06:47:41,701 [Thread-1597] INFO  impl.RaftServerImpl (RaftServerImpl.java:setRole(184)) - 7c431f9d-51bc-458b-a3a6-511ec217d887@group-21BA9BD4283D: changes role from  FOLLOWER to CANDIDATE at term 48 for changeToCandidate
2019-10-17 06:47:41,701 [Thread-1597] INFO  impl.RoleInfo (RoleInfo.java:updateAndGet(143)) - 7c431f9d-51bc-458b-a3a6-511ec217d887: start LeaderElection
2019-10-17 06:47:41,715 [7c431f9d-51bc-458b-a3a6-511ec217d887@group-21BA9BD4283D-LeaderElection122] INFO  impl.LeaderElection (LeaderElection.java:askForVotes(178)) - 7c431f9d-51bc-458b-a3a6-511ec217d887@group-21BA9BD4283D-LeaderElection122: begin an election at term 49 for -1: [67f35358-9777-4ff9-96f4-8a61bc3a94fe:192.168.34.62:37037, 7c431f9d-51bc-458b-a3a6-511ec217d887:192.168.34.62:40420, b9cfa588-8e56-4331-be2f-4c26f25c6739:192.168.34.62:34777], old=null
2019-10-17 06:47:41,717 [grpc-default-executor-4] INFO  impl.RaftServerImpl (RaftServerImpl.java:setRole(184)) - 67f35358-9777-4ff9-96f4-8a61bc3a94fe@group-21BA9BD4283D: changes role from  FOLLOWER to FOLLOWER at term 49 for recognizeCandidate:7c431f9d-51bc-458b-a3a6-511ec217d887
2019-10-17 06:47:41,717 [grpc-default-executor-2] INFO  impl.RaftServerImpl (RaftServerImpl.java:setRole(184)) - b9cfa588-8e56-4331-be2f-4c26f25c6739@group-21BA9BD4283D: changes role from  FOLLOWER to FOLLOWER at term 49 for recognizeCandidate:7c431f9d-51bc-458b-a3a6-511ec217d887
2019-10-17 06:47:41,717 [grpc-default-executor-2] INFO  impl.RoleInfo (RoleInfo.java:shutdownFollowerState(121)) - b9cfa588-8e56-4331-be2f-4c26f25c6739: shutdown FollowerState
2019-10-17 06:47:41,717 [grpc-default-executor-4] INFO  impl.RoleInfo (RoleInfo.java:shutdownFollowerState(121)) - 67f35358-9777-4ff9-96f4-8a61bc3a94fe: shutdown FollowerState
2019-10-17 06:47:41,718 [Thread-1596] INFO  impl.FollowerState (FollowerState.java:run(117)) - b9cfa588-8e56-4331-be2f-4c26f25c6739@group-21BA9BD4283D-FollowerState was interrupted: java.lang.InterruptedException: sleep interrupted
2019-10-17 06:47:41,717 [grpc-default-executor-2] INFO  impl.RoleInfo (RoleInfo.java:updateAndGet(143)) - b9cfa588-8e56-4331-be2f-4c26f25c6739: start FollowerState
2019-10-17 06:47:41,718 [Thread-1595] INFO  impl.FollowerState (FollowerState.java:run(117)) - 67f35358-9777-4ff9-96f4-8a61bc3a94fe@group-21BA9BD4283D-FollowerState was interrupted: java.lang.InterruptedException: sleep interrupted
2019-10-17 06:47:41,718 [grpc-default-executor-4] INFO  impl.RoleInfo (RoleInfo.java:updateAndGet(143)) - 67f35358-9777-4ff9-96f4-8a61bc3a94fe: start FollowerState
2019-10-17 06:47:41,756 [7c431f9d-51bc-458b-a3a6-511ec217d887@group-21BA9BD4283D-LeaderElection122] INFO  impl.LeaderElection (LeaderElection.java:logAndReturn(56)) - 7c431f9d-51bc-458b-a3a6-511ec217d887@group-21BA9BD4283D-LeaderElection122: Election REJECTED; received 2 response(s) [7c431f9d-51bc-458b-a3a6-511ec217d887<-67f35358-9777-4ff9-96f4-8a61bc3a94fe#0:FAIL-t49, 7c431f9d-51bc-458b-a3a6-511ec217d887<-b9cfa588-8e56-4331-be2f-4c26f25c6739#0:FAIL-t49] and 0 exception(s); 7c431f9d-51bc-458b-a3a6-511ec217d887@group-21BA9BD4283D:t49, leader=null, voted=7c431f9d-51bc-458b-a3a6-511ec217d887, raftlog=7c431f9d-51bc-458b-a3a6-511ec217d887@group-21BA9BD4283D-SegmentedRaftLog:OPENED:c-1,f-1,i0, conf=-1: [67f35358-9777-4ff9-96f4-8a61bc3a94fe:192.168.34.62:37037, 7c431f9d-51bc-458b-a3a6-511ec217d887:192.168.34.62:40420, b9cfa588-8e56-4331-be2f-4c26f25c6739:192.168.34.62:34777], old=null
2019-10-17 06:47:41,756 [7c431f9d-51bc-458b-a3a6-511ec217d887@group-21BA9BD4283D-LeaderElection122] INFO  impl.RaftServerImpl (RaftServerImpl.java:setRole(184)) - 7c431f9d-51bc-458b-a3a6-511ec217d887@group-21BA9BD4283D: changes role from CANDIDATE to FOLLOWER at term 49 for DISCOVERED_A_NEW_TERM
2019-10-17 06:47:41,756 [7c431f9d-51bc-458b-a3a6-511ec217d887@group-21BA9BD4283D-LeaderElection122] INFO  impl.RoleInfo (RoleInfo.java:shutdownLeaderElection(134)) - 7c431f9d-51bc-458b-a3a6-511ec217d887: shutdown LeaderElection
2019-10-17 06:47:41,756 [7c431f9d-51bc-458b-a3a6-511ec217d887@group-21BA9BD4283D-LeaderElection122] INFO  impl.RoleInfo (RoleInfo.java:updateAndGet(143)) - 7c431f9d-51bc-458b-a3a6-511ec217d887: start FollowerState
2019-10-17 06:47:41,950 [Thread-1603] INFO  impl.FollowerState (FollowerState.java:run(108)) - 7c431f9d-51bc-458b-a3a6-511ec217d887@group-21BA9BD4283D-FollowerState: change to CANDIDATE, lastRpcTime:193ms, electionTimeout:193ms
2019-10-17 06:47:41,950 [Thread-1603] INFO  impl.RoleInfo (RoleInfo.java:shutdownFollowerState(121)) - 7c431f9d-51bc-458b-a3a6-511ec217d887: shutdown FollowerState
2019-10-17 06:47:41,950 [Thread-1603] INFO  impl.RaftServerImpl (RaftServerImpl.java:setRole(184)) - 7c431f9d-51bc-458b-a3a6-511ec217d887@group-21BA9BD4283D: changes role from  FOLLOWER to CANDIDATE at term 49 for changeToCandidate
2019-10-17 06:47:41,950 [Thread-1603] INFO  impl.RoleInfo (RoleInfo.java:updateAndGet(143)) - 7c431f9d-51bc-458b-a3a6-511ec217d887: start LeaderElection
2019-10-17 06:47:41,963 [7c431f9d-51bc-458b-a3a6-511ec217d887@group-21BA9BD4283D-LeaderElection123] INFO  impl.LeaderElection (LeaderElection.java:askForVotes(178)) - 7c431f9d-51bc-458b-a3a6-511ec217d887@group-21BA9BD4283D-LeaderElection123: begin an election at term 50 for -1: [67f35358-9777-4ff9-96f4-8a61bc3a94fe:192.168.34.62:37037, 7c431f9d-51bc-458b-a3a6-511ec217d887:192.168.34.62:40420, b9cfa588-8e56-4331-be2f-4c26f25c6739:192.168.34.62:34777], old=null
2019-10-17 06:47:41,965 [grpc-default-executor-4] INFO  impl.RaftServerImpl (RaftServerImpl.java:setRole(184)) - b9cfa588-8e56-4331-be2f-4c26f25c6739@group-21BA9BD4283D: changes role from  FOLLOWER to FOLLOWER at term 50 for recognizeCandidate:7c431f9d-51bc-458b-a3a6-511ec217d887
2019-10-17 06:47:41,965 [grpc-default-executor-2] INFO  impl.RaftServerImpl (RaftServerImpl.java:setRole(184)) - 67f35358-9777-4ff9-96f4-8a61bc3a94fe@group-21BA9BD4283D: changes role from  FOLLOWER to FOLLOWER at term 50 for recognizeCandidate:7c431f9d-51bc-458b-a3a6-511ec217d887
2019-10-17 06:47:41,965 [grpc-default-executor-4] INFO  impl.RoleInfo (RoleInfo.java:shutdownFollowerState(121)) - b9cfa588-8e56-4331-be2f-4c26f25c6739: shutdown FollowerState
2019-10-17 06:47:41,965 [grpc-default-executor-2] INFO  impl.RoleInfo (RoleInfo.java:shutdownFollowerState(121)) - 67f35358-9777-4ff9-96f4-8a61bc3a94fe: shutdown FollowerState
2019-10-17 06:47:41,966 [Thread-1601] INFO  impl.FollowerState (FollowerState.java:run(117)) - b9cfa588-8e56-4331-be2f-4c26f25c6739@group-21BA9BD4283D-FollowerState was interrupted: java.lang.InterruptedException: sleep interrupted
2019-10-17 06:47:41,966 [grpc-default-executor-4] INFO  impl.RoleInfo (RoleInfo.java:updateAndGet(143)) - b9cfa588-8e56-4331-be2f-4c26f25c6739: start FollowerState
2019-10-17 06:47:41,966 [Thread-1602] INFO  impl.FollowerState (FollowerState.java:run(117)) - 67f35358-9777-4ff9-96f4-8a61bc3a94fe@group-21BA9BD4283D-FollowerState was interrupted: java.lang.InterruptedException: sleep interrupted
2019-10-17 06:47:41,966 [grpc-default-executor-2] INFO  impl.RoleInfo (RoleInfo.java:updateAndGet(143)) - 67f35358-9777-4ff9-96f4-8a61bc3a94fe: start FollowerState
2019-10-17 06:47:41,971 [7c431f9d-51bc-458b-a3a6-511ec217d887@group-21BA9BD4283D-LeaderElection123] INFO  impl.LeaderElection (LeaderElection.java:logAndReturn(56)) - 7c431f9d-51bc-458b-a3a6-511ec217d887@group-21BA9BD4283D-LeaderElection123: Election REJECTED; received 2 response(s) [7c431f9d-51bc-458b-a3a6-511ec217d887<-67f35358-9777-4ff9-96f4-8a61bc3a94fe#0:FAIL-t50, 7c431f9d-51bc-458b-a3a6-511ec217d887<-b9cfa588-8e56-4331-be2f-4c26f25c6739#0:FAIL-t50] and 0 exception(s); 7c431f9d-51bc-458b-a3a6-511ec217d887@group-21BA9BD4283D:t50, leader=null, voted=7c431f9d-51bc-458b-a3a6-511ec217d887, raftlog=7c431f9d-51bc-458b-a3a6-511ec217d887@group-21BA9BD4283D-SegmentedRaftLog:OPENED:c-1,f-1,i0, conf=-1: [67f35358-9777-4ff9-96f4-8a61bc3a94fe:192.168.34.62:37037, 7c431f9d-51bc-458b-a3a6-511ec217d887:192.168.34.62:40420, b9cfa588-8e56-4331-be2f-4c26f25c6739:192.168.34.62:34777], old=null
2019-10-17 06:47:41,971 [7c431f9d-51bc-458b-a3a6-511ec217d887@group-21BA9BD4283D-LeaderElection123] INFO  impl.RaftServerImpl (RaftServerImpl.java:setRole(184)) - 7c431f9d-51bc-458b-a3a6-511ec217d887@group-21BA9BD4283D: changes role from CANDIDATE to FOLLOWER at term 50 for DISCOVERED_A_NEW_TERM
2019-10-17 06:47:41,971 [7c431f9d-51bc-458b-a3a6-511ec217d887@group-21BA9BD4283D-LeaderElection123] INFO  impl.RoleInfo (RoleInfo.java:shutdownLeaderElection(134)) - 7c431f9d-51bc-458b-a3a6-511ec217d887: shutdown LeaderElection
2019-10-17 06:47:41,971 [7c431f9d-51bc-458b-a3a6-511ec217d887@group-21BA9BD4283D-LeaderElection123] INFO  impl.RoleInfo (RoleInfo.java:updateAndGet(143)) - 7c431f9d-51bc-458b-a3a6-511ec217d887: start FollowerState
2019-10-17 06:47:42,032 [Thread-1609] INFO  impl.FollowerState (FollowerState.java:run(108)) - 7c431f9d-51bc-458b-a3a6-511ec217d887@group-21BA9BD4283D-FollowerState: change to CANDIDATE, lastRpcTime:60ms, electionTimeout:60ms
2019-10-17 06:47:42,032 [Thread-1609] INFO  impl.RoleInfo (RoleInfo.java:shutdownFollowerState(121)) - 7c431f9d-51bc-458b-a3a6-511ec217d887: shutdown FollowerState
2019-10-17 06:47:42,032 [Thread-1609] INFO  impl.RaftServerImpl (RaftServerImpl.java:setRole(184)) - 7c431f9d-51bc-458b-a3a6-511ec217d887@group-21BA9BD4283D: changes role from  FOLLOWER to CANDIDATE at term 50 for changeToCandidate
2019-10-17 06:47:42,032 [Thread-1609] INFO  impl.RoleInfo (RoleInfo.java:updateAndGet(143)) - 7c431f9d-51bc-458b-a3a6-511ec217d887: start LeaderElection
2019-10-17 06:47:42,044 [7c431f9d-51bc-458b-a3a6-511ec217d887@group-21BA9BD4283D-LeaderElection124] INFO  impl.LeaderElection (LeaderElection.java:askForVotes(178)) - 7c431f9d-51bc-458b-a3a6-511ec217d887@group-21BA9BD4283D-LeaderElection124: begin an election at term 51 for -1: [67f35358-9777-4ff9-96f4-8a61bc3a94fe:192.168.34.62:37037, 7c431f9d-51bc-458b-a3a6-511ec217d887:192.168.34.62:40420, b9cfa588-8e56-4331-be2f-4c26f25c6739:192.168.34.62:34777], old=null
2019-10-17 06:47:42,046 [grpc-default-executor-2] INFO  impl.RaftServerImpl (RaftServerImpl.java:setRole(184)) - 67f35358-9777-4ff9-96f4-8a61bc3a94fe@group-21BA9BD4283D: changes role from  FOLLOWER to FOLLOWER at term 51 for recognizeCandidate:7c431f9d-51bc-458b-a3a6-511ec217d887
2019-10-17 06:47:42,046 [grpc-default-executor-4] INFO  impl.RaftServerImpl (RaftServerImpl.java:setRole(184)) - b9cfa588-8e56-4331-be2f-4c26f25c6739@group-21BA9BD4283D: changes role from  FOLLOWER to FOLLOWER at term 51 for recognizeCandidate:7c431f9d-51bc-458b-a3a6-511ec217d887
2019-10-17 06:47:42,046 [grpc-default-executor-4] INFO  impl.RoleInfo (RoleInfo.java:shutdownFollowerState(121)) - b9cfa588-8e56-4331-be2f-4c26f25c6739: shutdown FollowerState
2019-10-17 06:47:42,046 [grpc-default-executor-2] INFO  impl.RoleInfo (RoleInfo.java:shutdownFollowerState(121)) - 67f35358-9777-4ff9-96f4-8a61bc3a94fe: shutdown FollowerState
2019-10-17 06:47:42,046 [Thread-1607] INFO  impl.FollowerState (FollowerState.java:run(117)) - b9cfa588-8e56-4331-be2f-4c26f25c6739@group-21BA9BD4283D-FollowerState was interrupted: java.lang.InterruptedException: sleep interrupted
2019-10-17 06:47:42,046 [grpc-default-executor-4] INFO  impl.RoleInfo (RoleInfo.java:updateAndGet(143)) - b9cfa588-8e56-4331-be2f-4c26f25c6739: start FollowerState
2019-10-17 06:47:42,046 [Thread-1608] INFO  impl.FollowerState (FollowerState.java:run(117)) - 67f35358-9777-4ff9-96f4-8a61bc3a94fe@group-21BA9BD4283D-FollowerState was interrupted: java.lang.InterruptedException: sleep interrupted
2019-10-17 06:47:42,046 [grpc-default-executor-2] INFO  impl.RoleInfo (RoleInfo.java:updateAndGet(143)) - 67f35358-9777-4ff9-96f4-8a61bc3a94fe: start FollowerState
2019-10-17 06:47:42,060 [7c431f9d-51bc-458b-a3a6-511ec217d887@group-21BA9BD4283D-LeaderElection124] INFO  impl.LeaderElection (LeaderElection.java:logAndReturn(56)) - 7c431f9d-51bc-458b-a3a6-511ec217d887@group-21BA9BD4283D-LeaderElection124: Election REJECTED; received 2 response(s) [7c431f9d-51bc-458b-a3a6-511ec217d887<-67f35358-9777-4ff9-96f4-8a61bc3a94fe#0:FAIL-t51, 7c431f9d-51bc-458b-a3a6-511ec217d887<-b9cfa588-8e56-4331-be2f-4c26f25c6739#0:FAIL-t51] and 0 exception(s); 7c431f9d-51bc-458b-a3a6-511ec217d887@group-21BA9BD4283D:t51, leader=null, voted=7c431f9d-51bc-458b-a3a6-511ec217d887, raftlog=7c431f9d-51bc-458b-a3a6-511ec217d887@group-21BA9BD4283D-SegmentedRaftLog:OPENED:c-1,f-1,i0, conf=-1: [67f35358-9777-4ff9-96f4-8a61bc3a94fe:192.168.34.62:37037, 7c431f9d-51bc-458b-a3a6-511ec217d887:192.168.34.62:40420, b9cfa588-8e56-4331-be2f-4c26f25c6739:192.168.34.62:34777], old=null
2019-10-17 06:47:42,060 [7c431f9d-51bc-458b-a3a6-511ec217d887@group-21BA9BD4283D-LeaderElection124] INFO  impl.RaftServerImpl (RaftServerImpl.java:setRole(184)) - 7c431f9d-51bc-458b-a3a6-511ec217d887@group-21BA9BD4283D: changes role from CANDIDATE to FOLLOWER at term 51 for DISCOVERED_A_NEW_TERM
2019-10-17 06:47:42,060 [7c431f9d-51bc-458b-a3a6-511ec217d887@group-21BA9BD4283D-LeaderElection124] INFO  impl.RoleInfo (RoleInfo.java:shutdownLeaderElection(134)) - 7c431f9d-51bc-458b-a3a6-511ec217d887: shutdown LeaderElection
2019-10-17 06:47:42,060 [7c431f9d-51bc-458b-a3a6-511ec217d887@group-21BA9BD4283D-LeaderElection124] INFO  impl.RoleInfo (RoleInfo.java:updateAndGet(143)) - 7c431f9d-51bc-458b-a3a6-511ec217d887: start FollowerState
2019-10-17 06:47:42,092 [main] INFO  ozone.MiniOzoneClusterImpl (MiniOzoneClusterImpl.java:lambda$waitForClusterToBeReady$2(164)) - Waiting for 1 number of pipelines out of 4, to report a leader.
2019-10-17 06:47:42,124 [Thread-1615] INFO  impl.FollowerState (FollowerState.java:run(108)) - 7c431f9d-51bc-458b-a3a6-511ec217d887@group-21BA9BD4283D-FollowerState: change to CANDIDATE, lastRpcTime:63ms, electionTimeout:63ms
2019-10-17 06:47:42,124 [Thread-1615] INFO  impl.RoleInfo (RoleInfo.java:shutdownFollowerState(121)) - 7c431f9d-51bc-458b-a3a6-511ec217d887: shutdown FollowerState
2019-10-17 06:47:42,124 [Thread-1615] INFO  impl.RaftServerImpl (RaftServerImpl.java:setRole(184)) - 7c431f9d-51bc-458b-a3a6-511ec217d887@group-21BA9BD4283D: changes role from  FOLLOWER to CANDIDATE at term 51 for changeToCandidate
2019-10-17 06:47:42,124 [Thread-1615] INFO  impl.RoleInfo (RoleInfo.java:updateAndGet(143)) - 7c431f9d-51bc-458b-a3a6-511ec217d887: start LeaderElection
2019-10-17 06:47:42,148 [7c431f9d-51bc-458b-a3a6-511ec217d887@group-21BA9BD4283D-LeaderElection125] INFO  impl.LeaderElection (LeaderElection.java:askForVotes(178)) - 7c431f9d-51bc-458b-a3a6-511ec217d887@group-21BA9BD4283D-LeaderElection125: begin an election at term 52 for -1: [67f35358-9777-4ff9-96f4-8a61bc3a94fe:192.168.34.62:37037, 7c431f9d-51bc-458b-a3a6-511ec217d887:192.168.34.62:40420, b9cfa588-8e56-4331-be2f-4c26f25c6739:192.168.34.62:34777], old=null
2019-10-17 06:47:42,150 [grpc-default-executor-2] INFO  impl.RaftServerImpl (RaftServerImpl.java:setRole(184)) - b9cfa588-8e56-4331-be2f-4c26f25c6739@group-21BA9BD4283D: changes role from  FOLLOWER to FOLLOWER at term 52 for recognizeCandidate:7c431f9d-51bc-458b-a3a6-511ec217d887
2019-10-17 06:47:42,150 [grpc-default-executor-4] INFO  impl.RaftServerImpl (RaftServerImpl.java:setRole(184)) - 67f35358-9777-4ff9-96f4-8a61bc3a94fe@group-21BA9BD4283D: changes role from  FOLLOWER to FOLLOWER at term 52 for recognizeCandidate:7c431f9d-51bc-458b-a3a6-511ec217d887
2019-10-17 06:47:42,151 [grpc-default-executor-4] INFO  impl.RoleInfo (RoleInfo.java:shutdownFollowerState(121)) - 67f35358-9777-4ff9-96f4-8a61bc3a94fe: shutdown FollowerState
2019-10-17 06:47:42,150 [grpc-default-executor-2] INFO  impl.RoleInfo (RoleInfo.java:shutdownFollowerState(121)) - b9cfa588-8e56-4331-be2f-4c26f25c6739: shutdown FollowerState
2019-10-17 06:47:42,151 [Thread-1614] INFO  impl.FollowerState (FollowerState.java:run(117)) - 67f35358-9777-4ff9-96f4-8a61bc3a94fe@group-21BA9BD4283D-FollowerState was interrupted: java.lang.InterruptedException: sleep interrupted
2019-10-17 06:47:42,151 [grpc-default-executor-2] INFO  impl.RoleInfo (RoleInfo.java:updateAndGet(143)) - b9cfa588-8e56-4331-be2f-4c26f25c6739: start FollowerState
2019-10-17 06:47:42,151 [grpc-default-executor-4] INFO  impl.RoleInfo (RoleInfo.java:updateAndGet(143)) - 67f35358-9777-4ff9-96f4-8a61bc3a94fe: start FollowerState
2019-10-17 06:47:42,151 [Thread-1613] INFO  impl.FollowerState (FollowerState.java:run(117)) - b9cfa588-8e56-4331-be2f-4c26f25c6739@group-21BA9BD4283D-FollowerState was interrupted: java.lang.InterruptedException: sleep interrupted
2019-10-17 06:47:42,165 [7c431f9d-51bc-458b-a3a6-511ec217d887@group-21BA9BD4283D-LeaderElection125] INFO  impl.LeaderElection (LeaderElection.java:logAndReturn(56)) - 7c431f9d-51bc-458b-a3a6-511ec217d887@group-21BA9BD4283D-LeaderElection125: Election REJECTED; received 2 response(s) [7c431f9d-51bc-458b-a3a6-511ec217d887<-67f35358-9777-4ff9-96f4-8a61bc3a94fe#0:FAIL-t52, 7c431f9d-51bc-458b-a3a6-511ec217d887<-b9cfa588-8e56-4331-be2f-4c26f25c6739#0:FAIL-t52] and 0 exception(s); 7c431f9d-51bc-458b-a3a6-511ec217d887@group-21BA9BD4283D:t52, leader=null, voted=7c431f9d-51bc-458b-a3a6-511ec217d887, raftlog=7c431f9d-51bc-458b-a3a6-511ec217d887@group-21BA9BD4283D-SegmentedRaftLog:OPENED:c-1,f-1,i0, conf=-1: [67f35358-9777-4ff9-96f4-8a61bc3a94fe:192.168.34.62:37037, 7c431f9d-51bc-458b-a3a6-511ec217d887:192.168.34.62:40420, b9cfa588-8e56-4331-be2f-4c26f25c6739:192.168.34.62:34777], old=null
2019-10-17 06:47:42,165 [7c431f9d-51bc-458b-a3a6-511ec217d887@group-21BA9BD4283D-LeaderElection125] INFO  impl.RaftServerImpl (RaftServerImpl.java:setRole(184)) - 7c431f9d-51bc-458b-a3a6-511ec217d887@group-21BA9BD4283D: changes role from CANDIDATE to FOLLOWER at term 52 for DISCOVERED_A_NEW_TERM
2019-10-17 06:47:42,165 [7c431f9d-51bc-458b-a3a6-511ec217d887@group-21BA9BD4283D-LeaderElection125] INFO  impl.RoleInfo (RoleInfo.java:shutdownLeaderElection(134)) - 7c431f9d-51bc-458b-a3a6-511ec217d887: shutdown LeaderElection
2019-10-17 06:47:42,165 [7c431f9d-51bc-458b-a3a6-511ec217d887@group-21BA9BD4283D-LeaderElection125] INFO  impl.RoleInfo (RoleInfo.java:updateAndGet(143)) - 7c431f9d-51bc-458b-a3a6-511ec217d887: start FollowerState
2019-10-17 06:47:42,211 [Thread-1621] INFO  impl.FollowerState (FollowerState.java:run(108)) - 7c431f9d-51bc-458b-a3a6-511ec217d887@group-21BA9BD4283D-FollowerState: change to CANDIDATE, lastRpcTime:45ms, electionTimeout:45ms
2019-10-17 06:47:42,211 [Thread-1621] INFO  impl.RoleInfo (RoleInfo.java:shutdownFollowerState(121)) - 7c431f9d-51bc-458b-a3a6-511ec217d887: shutdown FollowerState
2019-10-17 06:47:42,211 [Thread-1621] INFO  impl.RaftServerImpl (RaftServerImpl.java:setRole(184)) - 7c431f9d-51bc-458b-a3a6-511ec217d887@group-21BA9BD4283D: changes role from  FOLLOWER to CANDIDATE at term 52 for changeToCandidate
2019-10-17 06:47:42,211 [Thread-1621] INFO  impl.RoleInfo (RoleInfo.java:updateAndGet(143)) - 7c431f9d-51bc-458b-a3a6-511ec217d887: start LeaderElection
2019-10-17 06:47:42,225 [7c431f9d-51bc-458b-a3a6-511ec217d887@group-21BA9BD4283D-LeaderElection126] INFO  impl.LeaderElection (LeaderElection.java:askForVotes(178)) - 7c431f9d-51bc-458b-a3a6-511ec217d887@group-21BA9BD4283D-LeaderElection126: begin an election at term 53 for -1: [67f35358-9777-4ff9-96f4-8a61bc3a94fe:192.168.34.62:37037, 7c431f9d-51bc-458b-a3a6-511ec217d887:192.168.34.62:40420, b9cfa588-8e56-4331-be2f-4c26f25c6739:192.168.34.62:34777], old=null
2019-10-17 06:47:42,228 [grpc-default-executor-4] INFO  impl.RaftServerImpl (RaftServerImpl.java:setRole(184)) - 67f35358-9777-4ff9-96f4-8a61bc3a94fe@group-21BA9BD4283D: changes role from  FOLLOWER to FOLLOWER at term 53 for recognizeCandidate:7c431f9d-51bc-458b-a3a6-511ec217d887
2019-10-17 06:47:42,228 [grpc-default-executor-4] INFO  impl.RoleInfo (RoleInfo.java:shutdownFollowerState(121)) - 67f35358-9777-4ff9-96f4-8a61bc3a94fe: shutdown FollowerState
2019-10-17 06:47:42,228 [grpc-default-executor-2] INFO  impl.RaftServerImpl (RaftServerImpl.java:setRole(184)) - b9cfa588-8e56-4331-be2f-4c26f25c6739@group-21BA9BD4283D: changes role from  FOLLOWER to FOLLOWER at term 53 for recognizeCandidate:7c431f9d-51bc-458b-a3a6-511ec217d887
2019-10-17 06:47:42,228 [Thread-1619] INFO  impl.FollowerState (FollowerState.java:run(117)) - 67f35358-9777-4ff9-96f4-8a61bc3a94fe@group-21BA9BD4283D-FollowerState was interrupted: java.lang.InterruptedException: sleep interrupted
2019-10-17 06:47:42,228 [grpc-default-executor-4] INFO  impl.RoleInfo (RoleInfo.java:updateAndGet(143)) - 67f35358-9777-4ff9-96f4-8a61bc3a94fe: start FollowerState
2019-10-17 06:47:42,228 [grpc-default-executor-2] INFO  impl.RoleInfo (RoleInfo.java:shutdownFollowerState(121)) - b9cfa588-8e56-4331-be2f-4c26f25c6739: shutdown FollowerState
2019-10-17 06:47:42,228 [grpc-default-executor-2] INFO  impl.RoleInfo (RoleInfo.java:updateAndGet(143)) - b9cfa588-8e56-4331-be2f-4c26f25c6739: start FollowerState
2019-10-17 06:47:42,228 [Thread-1620] INFO  impl.FollowerState (FollowerState.java:run(117)) - b9cfa588-8e56-4331-be2f-4c26f25c6739@group-21BA9BD4283D-FollowerState was interrupted: java.lang.InterruptedException: sleep interrupted
2019-10-17 06:47:42,247 [7c431f9d-51bc-458b-a3a6-511ec217d887@group-21BA9BD4283D-LeaderElection126] INFO  impl.LeaderElection (LeaderElection.java:logAndReturn(56)) - 7c431f9d-51bc-458b-a3a6-511ec217d887@group-21BA9BD4283D-LeaderElection126: Election REJECTED; received 2 response(s) [7c431f9d-51bc-458b-a3a6-511ec217d887<-67f35358-9777-4ff9-96f4-8a61bc3a94fe#0:FAIL-t53, 7c431f9d-51bc-458b-a3a6-511ec217d887<-b9cfa588-8e56-4331-be2f-4c26f25c6739#0:FAIL-t53] and 0 exception(s); 7c431f9d-51bc-458b-a3a6-511ec217d887@group-21BA9BD4283D:t53, leader=null, voted=7c431f9d-51bc-458b-a3a6-511ec217d887, raftlog=7c431f9d-51bc-458b-a3a6-511ec217d887@group-21BA9BD4283D-SegmentedRaftLog:OPENED:c-1,f-1,i0, conf=-1: [67f35358-9777-4ff9-96f4-8a61bc3a94fe:192.168.34.62:37037, 7c431f9d-51bc-458b-a3a6-511ec217d887:192.168.34.62:40420, b9cfa588-8e56-4331-be2f-4c26f25c6739:192.168.34.62:34777], old=null
2019-10-17 06:47:42,247 [7c431f9d-51bc-458b-a3a6-511ec217d887@group-21BA9BD4283D-LeaderElection126] INFO  impl.RaftServerImpl (RaftServerImpl.java:setRole(184)) - 7c431f9d-51bc-458b-a3a6-511ec217d887@group-21BA9BD4283D: changes role from CANDIDATE to FOLLOWER at term 53 for DISCOVERED_A_NEW_TERM
2019-10-17 06:47:42,247 [7c431f9d-51bc-458b-a3a6-511ec217d887@group-21BA9BD4283D-LeaderElection126] INFO  impl.RoleInfo (RoleInfo.java:shutdownLeaderElection(134)) - 7c431f9d-51bc-458b-a3a6-511ec217d887: shutdown LeaderElection
2019-10-17 06:47:42,247 [7c431f9d-51bc-458b-a3a6-511ec217d887@group-21BA9BD4283D-LeaderElection126] INFO  impl.RoleInfo (RoleInfo.java:updateAndGet(143)) - 7c431f9d-51bc-458b-a3a6-511ec217d887: start FollowerState
2019-10-17 06:47:42,267 [Thread-1627] INFO  impl.FollowerState (FollowerState.java:run(108)) - 7c431f9d-51bc-458b-a3a6-511ec217d887@group-21BA9BD4283D-FollowerState: change to CANDIDATE, lastRpcTime:19ms, electionTimeout:19ms
2019-10-17 06:47:42,267 [Thread-1627] INFO  impl.RoleInfo (RoleInfo.java:shutdownFollowerState(121)) - 7c431f9d-51bc-458b-a3a6-511ec217d887: shutdown FollowerState
2019-10-17 06:47:42,267 [Thread-1627] INFO  impl.RaftServerImpl (RaftServerImpl.java:setRole(184)) - 7c431f9d-51bc-458b-a3a6-511ec217d887@group-21BA9BD4283D: changes role from  FOLLOWER to CANDIDATE at term 53 for changeToCandidate
2019-10-17 06:47:42,267 [Thread-1627] INFO  impl.RoleInfo (RoleInfo.java:updateAndGet(143)) - 7c431f9d-51bc-458b-a3a6-511ec217d887: start LeaderElection
2019-10-17 06:47:42,280 [7c431f9d-51bc-458b-a3a6-511ec217d887@group-21BA9BD4283D-LeaderElection127] INFO  impl.LeaderElection (LeaderElection.java:askForVotes(178)) - 7c431f9d-51bc-458b-a3a6-511ec217d887@group-21BA9BD4283D-LeaderElection127: begin an election at term 54 for -1: [67f35358-9777-4ff9-96f4-8a61bc3a94fe:192.168.34.62:37037, 7c431f9d-51bc-458b-a3a6-511ec217d887:192.168.34.62:40420, b9cfa588-8e56-4331-be2f-4c26f25c6739:192.168.34.62:34777], old=null
2019-10-17 06:47:42,282 [grpc-default-executor-4] INFO  impl.RaftServerImpl (RaftServerImpl.java:setRole(184)) - 67f35358-9777-4ff9-96f4-8a61bc3a94fe@group-21BA9BD4283D: changes role from  FOLLOWER to FOLLOWER at term 54 for recognizeCandidate:7c431f9d-51bc-458b-a3a6-511ec217d887
2019-10-17 06:47:42,282 [grpc-default-executor-2] INFO  impl.RaftServerImpl (RaftServerImpl.java:setRole(184)) - b9cfa588-8e56-4331-be2f-4c26f25c6739@group-21BA9BD4283D: changes role from  FOLLOWER to FOLLOWER at term 54 for recognizeCandidate:7c431f9d-51bc-458b-a3a6-511ec217d887
2019-10-17 06:47:42,282 [grpc-default-executor-2] INFO  impl.RoleInfo (RoleInfo.java:shutdownFollowerState(121)) - b9cfa588-8e56-4331-be2f-4c26f25c6739: shutdown FollowerState
2019-10-17 06:47:42,282 [grpc-default-executor-4] INFO  impl.RoleInfo (RoleInfo.java:shutdownFollowerState(121)) - 67f35358-9777-4ff9-96f4-8a61bc3a94fe: shutdown FollowerState
2019-10-17 06:47:42,282 [Thread-1626] INFO  impl.FollowerState (FollowerState.java:run(117)) - b9cfa588-8e56-4331-be2f-4c26f25c6739@group-21BA9BD4283D-FollowerState was interrupted: java.lang.InterruptedException: sleep interrupted
2019-10-17 06:47:42,283 [Thread-1625] INFO  impl.FollowerState (FollowerState.java:run(117)) - 67f35358-9777-4ff9-96f4-8a61bc3a94fe@group-21BA9BD4283D-FollowerState was interrupted: java.lang.InterruptedException: sleep interrupted
2019-10-17 06:47:42,282 [grpc-default-executor-2] INFO  impl.RoleInfo (RoleInfo.java:updateAndGet(143)) - b9cfa588-8e56-4331-be2f-4c26f25c6739: start FollowerState
2019-10-17 06:47:42,283 [grpc-default-executor-4] INFO  impl.RoleInfo (RoleInfo.java:updateAndGet(143)) - 67f35358-9777-4ff9-96f4-8a61bc3a94fe: start FollowerState
2019-10-17 06:47:42,297 [7c431f9d-51bc-458b-a3a6-511ec217d887@group-21BA9BD4283D-LeaderElection127] INFO  impl.LeaderElection (LeaderElection.java:logAndReturn(56)) - 7c431f9d-51bc-458b-a3a6-511ec217d887@group-21BA9BD4283D-LeaderElection127: Election REJECTED; received 2 response(s) [7c431f9d-51bc-458b-a3a6-511ec217d887<-67f35358-9777-4ff9-96f4-8a61bc3a94fe#0:FAIL-t54, 7c431f9d-51bc-458b-a3a6-511ec217d887<-b9cfa588-8e56-4331-be2f-4c26f25c6739#0:FAIL-t54] and 0 exception(s); 7c431f9d-51bc-458b-a3a6-511ec217d887@group-21BA9BD4283D:t54, leader=null, voted=7c431f9d-51bc-458b-a3a6-511ec217d887, raftlog=7c431f9d-51bc-458b-a3a6-511ec217d887@group-21BA9BD4283D-SegmentedRaftLog:OPENED:c-1,f-1,i0, conf=-1: [67f35358-9777-4ff9-96f4-8a61bc3a94fe:192.168.34.62:37037, 7c431f9d-51bc-458b-a3a6-511ec217d887:192.168.34.62:40420, b9cfa588-8e56-4331-be2f-4c26f25c6739:192.168.34.62:34777], old=null
2019-10-17 06:47:42,297 [7c431f9d-51bc-458b-a3a6-511ec217d887@group-21BA9BD4283D-LeaderElection127] INFO  impl.RaftServerImpl (RaftServerImpl.java:setRole(184)) - 7c431f9d-51bc-458b-a3a6-511ec217d887@group-21BA9BD4283D: changes role from CANDIDATE to FOLLOWER at term 54 for DISCOVERED_A_NEW_TERM
2019-10-17 06:47:42,297 [7c431f9d-51bc-458b-a3a6-511ec217d887@group-21BA9BD4283D-LeaderElection127] INFO  impl.RoleInfo (RoleInfo.java:shutdownLeaderElection(134)) - 7c431f9d-51bc-458b-a3a6-511ec217d887: shutdown LeaderElection
2019-10-17 06:47:42,297 [7c431f9d-51bc-458b-a3a6-511ec217d887@group-21BA9BD4283D-LeaderElection127] INFO  impl.RoleInfo (RoleInfo.java:updateAndGet(143)) - 7c431f9d-51bc-458b-a3a6-511ec217d887: start FollowerState
2019-10-17 06:47:42,365 [Thread-1633] INFO  impl.FollowerState (FollowerState.java:run(108)) - 7c431f9d-51bc-458b-a3a6-511ec217d887@group-21BA9BD4283D-FollowerState: change to CANDIDATE, lastRpcTime:67ms, electionTimeout:67ms
2019-10-17 06:47:42,365 [Thread-1633] INFO  impl.RoleInfo (RoleInfo.java:shutdownFollowerState(121)) - 7c431f9d-51bc-458b-a3a6-511ec217d887: shutdown FollowerState
2019-10-17 06:47:42,365 [Thread-1633] INFO  impl.RaftServerImpl (RaftServerImpl.java:setRole(184)) - 7c431f9d-51bc-458b-a3a6-511ec217d887@group-21BA9BD4283D: changes role from  FOLLOWER to CANDIDATE at term 54 for changeToCandidate
2019-10-17 06:47:42,365 [Thread-1633] INFO  impl.RoleInfo (RoleInfo.java:updateAndGet(143)) - 7c431f9d-51bc-458b-a3a6-511ec217d887: start LeaderElection
2019-10-17 06:47:42,385 [7c431f9d-51bc-458b-a3a6-511ec217d887@group-21BA9BD4283D-LeaderElection128] INFO  impl.LeaderElection (LeaderElection.java:askForVotes(178)) - 7c431f9d-51bc-458b-a3a6-511ec217d887@group-21BA9BD4283D-LeaderElection128: begin an election at term 55 for -1: [67f35358-9777-4ff9-96f4-8a61bc3a94fe:192.168.34.62:37037, 7c431f9d-51bc-458b-a3a6-511ec217d887:192.168.34.62:40420, b9cfa588-8e56-4331-be2f-4c26f25c6739:192.168.34.62:34777], old=null
2019-10-17 06:47:42,387 [grpc-default-executor-2] INFO  impl.RaftServerImpl (RaftServerImpl.java:setRole(184)) - b9cfa588-8e56-4331-be2f-4c26f25c6739@group-21BA9BD4283D: changes role from  FOLLOWER to FOLLOWER at term 55 for recognizeCandidate:7c431f9d-51bc-458b-a3a6-511ec217d887
2019-10-17 06:47:42,387 [grpc-default-executor-4] INFO  impl.RaftServerImpl (RaftServerImpl.java:setRole(184)) - 67f35358-9777-4ff9-96f4-8a61bc3a94fe@group-21BA9BD4283D: changes role from  FOLLOWER to FOLLOWER at term 55 for recognizeCandidate:7c431f9d-51bc-458b-a3a6-511ec217d887
2019-10-17 06:47:42,387 [grpc-default-executor-2] INFO  impl.RoleInfo (RoleInfo.java:shutdownFollowerState(121)) - b9cfa588-8e56-4331-be2f-4c26f25c6739: shutdown FollowerState
2019-10-17 06:47:42,387 [grpc-default-executor-4] INFO  impl.RoleInfo (RoleInfo.java:shutdownFollowerState(121)) - 67f35358-9777-4ff9-96f4-8a61bc3a94fe: shutdown FollowerState
2019-10-17 06:47:42,387 [Thread-1631] INFO  impl.FollowerState (FollowerState.java:run(117)) - b9cfa588-8e56-4331-be2f-4c26f25c6739@group-21BA9BD4283D-FollowerState was interrupted: java.lang.InterruptedException: sleep interrupted
2019-10-17 06:47:42,387 [grpc-default-executor-2] INFO  impl.RoleInfo (RoleInfo.java:updateAndGet(143)) - b9cfa588-8e56-4331-be2f-4c26f25c6739: start FollowerState
2019-10-17 06:47:42,387 [Thread-1632] INFO  impl.FollowerState (FollowerState.java:run(117)) - 67f35358-9777-4ff9-96f4-8a61bc3a94fe@group-21BA9BD4283D-FollowerState was interrupted: java.lang.InterruptedException: sleep interrupted
2019-10-17 06:47:42,387 [grpc-default-executor-4] INFO  impl.RoleInfo (RoleInfo.java:updateAndGet(143)) - 67f35358-9777-4ff9-96f4-8a61bc3a94fe: start FollowerState
2019-10-17 06:47:42,398 [7c431f9d-51bc-458b-a3a6-511ec217d887@group-21BA9BD4283D-LeaderElection128] INFO  impl.LeaderElection (LeaderElection.java:logAndReturn(56)) - 7c431f9d-51bc-458b-a3a6-511ec217d887@group-21BA9BD4283D-LeaderElection128: Election TIMEOUT; received 0 response(s) [] and 0 exception(s); 7c431f9d-51bc-458b-a3a6-511ec217d887@group-21BA9BD4283D:t55, leader=null, voted=7c431f9d-51bc-458b-a3a6-511ec217d887, raftlog=7c431f9d-51bc-458b-a3a6-511ec217d887@group-21BA9BD4283D-SegmentedRaftLog:OPENED:c-1,f-1,i0, conf=-1: [67f35358-9777-4ff9-96f4-8a61bc3a94fe:192.168.34.62:37037, 7c431f9d-51bc-458b-a3a6-511ec217d887:192.168.34.62:40420, b9cfa588-8e56-4331-be2f-4c26f25c6739:192.168.34.62:34777], old=null
2019-10-17 06:47:42,426 [7c431f9d-51bc-458b-a3a6-511ec217d887@group-21BA9BD4283D-LeaderElection128] INFO  impl.LeaderElection (LeaderElection.java:askForVotes(178)) - 7c431f9d-51bc-458b-a3a6-511ec217d887@group-21BA9BD4283D-LeaderElection128: begin an election at term 56 for -1: [67f35358-9777-4ff9-96f4-8a61bc3a94fe:192.168.34.62:37037, 7c431f9d-51bc-458b-a3a6-511ec217d887:192.168.34.62:40420, b9cfa588-8e56-4331-be2f-4c26f25c6739:192.168.34.62:34777], old=null
2019-10-17 06:47:42,428 [grpc-default-executor-2] INFO  impl.RaftServerImpl (RaftServerImpl.java:setRole(184)) - 67f35358-9777-4ff9-96f4-8a61bc3a94fe@group-21BA9BD4283D: changes role from  FOLLOWER to FOLLOWER at term 56 for recognizeCandidate:7c431f9d-51bc-458b-a3a6-511ec217d887
2019-10-17 06:47:42,428 [grpc-default-executor-2] INFO  impl.RoleInfo (RoleInfo.java:shutdownFollowerState(121)) - 67f35358-9777-4ff9-96f4-8a61bc3a94fe: shutdown FollowerState
2019-10-17 06:47:42,428 [grpc-default-executor-2] INFO  impl.RoleInfo (RoleInfo.java:updateAndGet(143)) - 67f35358-9777-4ff9-96f4-8a61bc3a94fe: start FollowerState
2019-10-17 06:47:42,428 [Thread-1638] INFO  impl.FollowerState (FollowerState.java:run(117)) - 67f35358-9777-4ff9-96f4-8a61bc3a94fe@group-21BA9BD4283D-FollowerState was interrupted: java.lang.InterruptedException: sleep interrupted
2019-10-17 06:47:42,428 [grpc-default-executor-4] INFO  impl.RaftServerImpl (RaftServerImpl.java:setRole(184)) - b9cfa588-8e56-4331-be2f-4c26f25c6739@group-21BA9BD4283D: changes role from  FOLLOWER to FOLLOWER at term 56 for recognizeCandidate:7c431f9d-51bc-458b-a3a6-511ec217d887
2019-10-17 06:47:42,428 [grpc-default-executor-4] INFO  impl.RoleInfo (RoleInfo.java:shutdownFollowerState(121)) - b9cfa588-8e56-4331-be2f-4c26f25c6739: shutdown FollowerState
2019-10-17 06:47:42,429 [grpc-default-executor-4] INFO  impl.RoleInfo (RoleInfo.java:updateAndGet(143)) - b9cfa588-8e56-4331-be2f-4c26f25c6739: start FollowerState
2019-10-17 06:47:42,429 [Thread-1637] INFO  impl.FollowerState (FollowerState.java:run(117)) - b9cfa588-8e56-4331-be2f-4c26f25c6739@group-21BA9BD4283D-FollowerState was interrupted: java.lang.InterruptedException: sleep interrupted
2019-10-17 06:47:42,436 [7c431f9d-51bc-458b-a3a6-511ec217d887@group-21BA9BD4283D-LeaderElection128] INFO  impl.LeaderElection (LeaderElection.java:logAndReturn(56)) - 7c431f9d-51bc-458b-a3a6-511ec217d887@group-21BA9BD4283D-LeaderElection128: Election TIMEOUT; received 0 response(s) [] and 0 exception(s); 7c431f9d-51bc-458b-a3a6-511ec217d887@group-21BA9BD4283D:t56, leader=null, voted=7c431f9d-51bc-458b-a3a6-511ec217d887, raftlog=7c431f9d-51bc-458b-a3a6-511ec217d887@group-21BA9BD4283D-SegmentedRaftLog:OPENED:c-1,f-1,i0, conf=-1: [67f35358-9777-4ff9-96f4-8a61bc3a94fe:192.168.34.62:37037, 7c431f9d-51bc-458b-a3a6-511ec217d887:192.168.34.62:40420, b9cfa588-8e56-4331-be2f-4c26f25c6739:192.168.34.62:34777], old=null
2019-10-17 06:47:42,441 [7c431f9d-51bc-458b-a3a6-511ec217d887@group-21BA9BD4283D-LeaderElection128] INFO  impl.LeaderElection (LeaderElection.java:askForVotes(178)) - 7c431f9d-51bc-458b-a3a6-511ec217d887@group-21BA9BD4283D-LeaderElection128: begin an election at term 57 for -1: [67f35358-9777-4ff9-96f4-8a61bc3a94fe:192.168.34.62:37037, 7c431f9d-51bc-458b-a3a6-511ec217d887:192.168.34.62:40420, b9cfa588-8e56-4331-be2f-4c26f25c6739:192.168.34.62:34777], old=null
2019-10-17 06:47:42,443 [grpc-default-executor-4] INFO  impl.RaftServerImpl (RaftServerImpl.java:setRole(184)) - 67f35358-9777-4ff9-96f4-8a61bc3a94fe@group-21BA9BD4283D: changes role from  FOLLOWER to FOLLOWER at term 57 for recognizeCandidate:7c431f9d-51bc-458b-a3a6-511ec217d887
2019-10-17 06:47:42,443 [grpc-default-executor-4] INFO  impl.RoleInfo (RoleInfo.java:shutdownFollowerState(121)) - 67f35358-9777-4ff9-96f4-8a61bc3a94fe: shutdown FollowerState
2019-10-17 06:47:42,443 [grpc-default-executor-4] INFO  impl.RoleInfo (RoleInfo.java:updateAndGet(143)) - 67f35358-9777-4ff9-96f4-8a61bc3a94fe: start FollowerState
2019-10-17 06:47:42,443 [Thread-1641] INFO  impl.FollowerState (FollowerState.java:run(117)) - 67f35358-9777-4ff9-96f4-8a61bc3a94fe@group-21BA9BD4283D-FollowerState was interrupted: java.lang.InterruptedException: sleep interrupted
2019-10-17 06:47:42,443 [grpc-default-executor-2] INFO  impl.RaftServerImpl (RaftServerImpl.java:setRole(184)) - b9cfa588-8e56-4331-be2f-4c26f25c6739@group-21BA9BD4283D: changes role from  FOLLOWER to FOLLOWER at term 57 for recognizeCandidate:7c431f9d-51bc-458b-a3a6-511ec217d887
2019-10-17 06:47:42,443 [grpc-default-executor-2] INFO  impl.RoleInfo (RoleInfo.java:shutdownFollowerState(121)) - b9cfa588-8e56-4331-be2f-4c26f25c6739: shutdown FollowerState
2019-10-17 06:47:42,443 [grpc-default-executor-2] INFO  impl.RoleInfo (RoleInfo.java:updateAndGet(143)) - b9cfa588-8e56-4331-be2f-4c26f25c6739: start FollowerState
2019-10-17 06:47:42,443 [Thread-1642] INFO  impl.FollowerState (FollowerState.java:run(117)) - b9cfa588-8e56-4331-be2f-4c26f25c6739@group-21BA9BD4283D-FollowerState was interrupted: java.lang.InterruptedException: sleep interrupted
2019-10-17 06:47:42,454 [7c431f9d-51bc-458b-a3a6-511ec217d887@group-21BA9BD4283D-LeaderElection128] INFO  impl.LeaderElection (LeaderElection.java:logAndReturn(56)) - 7c431f9d-51bc-458b-a3a6-511ec217d887@group-21BA9BD4283D-LeaderElection128: Election TIMEOUT; received 0 response(s) [] and 0 exception(s); 7c431f9d-51bc-458b-a3a6-511ec217d887@group-21BA9BD4283D:t57, leader=null, voted=7c431f9d-51bc-458b-a3a6-511ec217d887, raftlog=7c431f9d-51bc-458b-a3a6-511ec217d887@group-21BA9BD4283D-SegmentedRaftLog:OPENED:c-1,f-1,i0, conf=-1: [67f35358-9777-4ff9-96f4-8a61bc3a94fe:192.168.34.62:37037, 7c431f9d-51bc-458b-a3a6-511ec217d887:192.168.34.62:40420, b9cfa588-8e56-4331-be2f-4c26f25c6739:192.168.34.62:34777], old=null
2019-10-17 06:47:42,498 [7c431f9d-51bc-458b-a3a6-511ec217d887@group-21BA9BD4283D-LeaderElection128] INFO  impl.LeaderElection (LeaderElection.java:askForVotes(178)) - 7c431f9d-51bc-458b-a3a6-511ec217d887@group-21BA9BD4283D-LeaderElection128: begin an election at term 58 for -1: [67f35358-9777-4ff9-96f4-8a61bc3a94fe:192.168.34.62:37037, 7c431f9d-51bc-458b-a3a6-511ec217d887:192.168.34.62:40420, b9cfa588-8e56-4331-be2f-4c26f25c6739:192.168.34.62:34777], old=null
2019-10-17 06:47:42,500 [grpc-default-executor-2] INFO  impl.RaftServerImpl (RaftServerImpl.java:setRole(184)) - 67f35358-9777-4ff9-96f4-8a61bc3a94fe@group-21BA9BD4283D: changes role from  FOLLOWER to FOLLOWER at term 58 for recognizeCandidate:7c431f9d-51bc-458b-a3a6-511ec217d887
2019-10-17 06:47:42,500 [grpc-default-executor-4] INFO  impl.RaftServerImpl (RaftServerImpl.java:setRole(184)) - b9cfa588-8e56-4331-be2f-4c26f25c6739@group-21BA9BD4283D: changes role from  FOLLOWER to FOLLOWER at term 58 for recognizeCandidate:7c431f9d-51bc-458b-a3a6-511ec217d887
2019-10-17 06:47:42,500 [grpc-default-executor-2] INFO  impl.RoleInfo (RoleInfo.java:shutdownFollowerState(121)) - 67f35358-9777-4ff9-96f4-8a61bc3a94fe: shutdown FollowerState
2019-10-17 06:47:42,500 [grpc-default-executor-4] INFO  impl.RoleInfo (RoleInfo.java:shutdownFollowerState(121)) - b9cfa588-8e56-4331-be2f-4c26f25c6739: shutdown FollowerState
2019-10-17 06:47:42,500 [grpc-default-executor-2] INFO  impl.RoleInfo (RoleInfo.java:updateAndGet(143)) - 67f35358-9777-4ff9-96f4-8a61bc3a94fe: start FollowerState
2019-10-17 06:47:42,500 [Thread-1646] INFO  impl.FollowerState (FollowerState.java:run(117)) - b9cfa588-8e56-4331-be2f-4c26f25c6739@group-21BA9BD4283D-FollowerState was interrupted: java.lang.InterruptedException: sleep interrupted
2019-10-17 06:47:42,500 [grpc-default-executor-4] INFO  impl.RoleInfo (RoleInfo.java:updateAndGet(143)) - b9cfa588-8e56-4331-be2f-4c26f25c6739: start FollowerState
2019-10-17 06:47:42,500 [Thread-1645] INFO  impl.FollowerState (FollowerState.java:run(117)) - 67f35358-9777-4ff9-96f4-8a61bc3a94fe@group-21BA9BD4283D-FollowerState was interrupted: java.lang.InterruptedException: sleep interrupted
2019-10-17 06:47:42,513 [7c431f9d-51bc-458b-a3a6-511ec217d887@group-21BA9BD4283D-LeaderElection128] INFO  impl.LeaderElection (LeaderElection.java:logAndReturn(56)) - 7c431f9d-51bc-458b-a3a6-511ec217d887@group-21BA9BD4283D-LeaderElection128: Election REJECTED; received 2 response(s) [7c431f9d-51bc-458b-a3a6-511ec217d887<-67f35358-9777-4ff9-96f4-8a61bc3a94fe#0:FAIL-t58, 7c431f9d-51bc-458b-a3a6-511ec217d887<-b9cfa588-8e56-4331-be2f-4c26f25c6739#0:FAIL-t58] and 0 exception(s); 7c431f9d-51bc-458b-a3a6-511ec217d887@group-21BA9BD4283D:t58, leader=null, voted=7c431f9d-51bc-458b-a3a6-511ec217d887, raftlog=7c431f9d-51bc-458b-a3a6-511ec217d887@group-21BA9BD4283D-SegmentedRaftLog:OPENED:c-1,f-1,i0, conf=-1: [67f35358-9777-4ff9-96f4-8a61bc3a94fe:192.168.34.62:37037, 7c431f9d-51bc-458b-a3a6-511ec217d887:192.168.34.62:40420, b9cfa588-8e56-4331-be2f-4c26f25c6739:192.168.34.62:34777], old=null
2019-10-17 06:47:42,513 [7c431f9d-51bc-458b-a3a6-511ec217d887@group-21BA9BD4283D-LeaderElection128] INFO  impl.RaftServerImpl (RaftServerImpl.java:setRole(184)) - 7c431f9d-51bc-458b-a3a6-511ec217d887@group-21BA9BD4283D: changes role from CANDIDATE to FOLLOWER at term 58 for DISCOVERED_A_NEW_TERM
2019-10-17 06:47:42,514 [7c431f9d-51bc-458b-a3a6-511ec217d887@group-21BA9BD4283D-LeaderElection128] INFO  impl.RoleInfo (RoleInfo.java:shutdownLeaderElection(134)) - 7c431f9d-51bc-458b-a3a6-511ec217d887: shutdown LeaderElection
2019-10-17 06:47:42,514 [7c431f9d-51bc-458b-a3a6-511ec217d887@group-21BA9BD4283D-LeaderElection128] INFO  impl.RoleInfo (RoleInfo.java:updateAndGet(143)) - 7c431f9d-51bc-458b-a3a6-511ec217d887: start FollowerState
2019-10-17 06:47:42,536 [Thread-1651] INFO  impl.FollowerState (FollowerState.java:run(108)) - 7c431f9d-51bc-458b-a3a6-511ec217d887@group-21BA9BD4283D-FollowerState: change to CANDIDATE, lastRpcTime:22ms, electionTimeout:22ms
2019-10-17 06:47:42,536 [Thread-1651] INFO  impl.RoleInfo (RoleInfo.java:shutdownFollowerState(121)) - 7c431f9d-51bc-458b-a3a6-511ec217d887: shutdown FollowerState
2019-10-17 06:47:42,536 [Thread-1651] INFO  impl.RaftServerImpl (RaftServerImpl.java:setRole(184)) - 7c431f9d-51bc-458b-a3a6-511ec217d887@group-21BA9BD4283D: changes role from  FOLLOWER to CANDIDATE at term 58 for changeToCandidate
2019-10-17 06:47:42,537 [Thread-1651] INFO  impl.RoleInfo (RoleInfo.java:updateAndGet(143)) - 7c431f9d-51bc-458b-a3a6-511ec217d887: start LeaderElection
2019-10-17 06:47:42,582 [7c431f9d-51bc-458b-a3a6-511ec217d887@group-21BA9BD4283D-LeaderElection129] INFO  impl.LeaderElection (LeaderElection.java:askForVotes(178)) - 7c431f9d-51bc-458b-a3a6-511ec217d887@group-21BA9BD4283D-LeaderElection129: begin an election at term 59 for -1: [67f35358-9777-4ff9-96f4-8a61bc3a94fe:192.168.34.62:37037, 7c431f9d-51bc-458b-a3a6-511ec217d887:192.168.34.62:40420, b9cfa588-8e56-4331-be2f-4c26f25c6739:192.168.34.62:34777], old=null
2019-10-17 06:47:42,584 [grpc-default-executor-2] INFO  impl.RaftServerImpl (RaftServerImpl.java:setRole(184)) - 67f35358-9777-4ff9-96f4-8a61bc3a94fe@group-21BA9BD4283D: changes role from  FOLLOWER to FOLLOWER at term 59 for recognizeCandidate:7c431f9d-51bc-458b-a3a6-511ec217d887
2019-10-17 06:47:42,584 [grpc-default-executor-4] INFO  impl.RaftServerImpl (RaftServerImpl.java:setRole(184)) - b9cfa588-8e56-4331-be2f-4c26f25c6739@group-21BA9BD4283D: changes role from  FOLLOWER to FOLLOWER at term 59 for recognizeCandidate:7c431f9d-51bc-458b-a3a6-511ec217d887
2019-10-17 06:47:42,584 [grpc-default-executor-2] INFO  impl.RoleInfo (RoleInfo.java:shutdownFollowerState(121)) - 67f35358-9777-4ff9-96f4-8a61bc3a94fe: shutdown FollowerState
2019-10-17 06:47:42,584 [grpc-default-executor-4] INFO  impl.RoleInfo (RoleInfo.java:shutdownFollowerState(121)) - b9cfa588-8e56-4331-be2f-4c26f25c6739: shutdown FollowerState
2019-10-17 06:47:42,584 [Thread-1649] INFO  impl.FollowerState (FollowerState.java:run(117)) - 67f35358-9777-4ff9-96f4-8a61bc3a94fe@group-21BA9BD4283D-FollowerState was interrupted: java.lang.InterruptedException: sleep interrupted
2019-10-17 06:47:42,584 [grpc-default-executor-2] INFO  impl.RoleInfo (RoleInfo.java:updateAndGet(143)) - 67f35358-9777-4ff9-96f4-8a61bc3a94fe: start FollowerState
2019-10-17 06:47:42,584 [Thread-1650] INFO  impl.FollowerState (FollowerState.java:run(117)) - b9cfa588-8e56-4331-be2f-4c26f25c6739@group-21BA9BD4283D-FollowerState was interrupted: java.lang.InterruptedException: sleep interrupted
2019-10-17 06:47:42,584 [grpc-default-executor-4] INFO  impl.RoleInfo (RoleInfo.java:updateAndGet(143)) - b9cfa588-8e56-4331-be2f-4c26f25c6739: start FollowerState
2019-10-17 06:47:42,606 [7c431f9d-51bc-458b-a3a6-511ec217d887@group-21BA9BD4283D-LeaderElection129] INFO  impl.LeaderElection (LeaderElection.java:logAndReturn(56)) - 7c431f9d-51bc-458b-a3a6-511ec217d887@group-21BA9BD4283D-LeaderElection129: Election REJECTED; received 2 response(s) [7c431f9d-51bc-458b-a3a6-511ec217d887<-67f35358-9777-4ff9-96f4-8a61bc3a94fe#0:FAIL-t59, 7c431f9d-51bc-458b-a3a6-511ec217d887<-b9cfa588-8e56-4331-be2f-4c26f25c6739#0:FAIL-t59] and 0 exception(s); 7c431f9d-51bc-458b-a3a6-511ec217d887@group-21BA9BD4283D:t59, leader=null, voted=7c431f9d-51bc-458b-a3a6-511ec217d887, raftlog=7c431f9d-51bc-458b-a3a6-511ec217d887@group-21BA9BD4283D-SegmentedRaftLog:OPENED:c-1,f-1,i0, conf=-1: [67f35358-9777-4ff9-96f4-8a61bc3a94fe:192.168.34.62:37037, 7c431f9d-51bc-458b-a3a6-511ec217d887:192.168.34.62:40420, b9cfa588-8e56-4331-be2f-4c26f25c6739:192.168.34.62:34777], old=null
2019-10-17 06:47:42,606 [7c431f9d-51bc-458b-a3a6-511ec217d887@group-21BA9BD4283D-LeaderElection129] INFO  impl.RaftServerImpl (RaftServerImpl.java:setRole(184)) - 7c431f9d-51bc-458b-a3a6-511ec217d887@group-21BA9BD4283D: changes role from CANDIDATE to FOLLOWER at term 59 for DISCOVERED_A_NEW_TERM
2019-10-17 06:47:42,606 [7c431f9d-51bc-458b-a3a6-511ec217d887@group-21BA9BD4283D-LeaderElection129] INFO  impl.RoleInfo (RoleInfo.java:shutdownLeaderElection(134)) - 7c431f9d-51bc-458b-a3a6-511ec217d887: shutdown LeaderElection
2019-10-17 06:47:42,607 [7c431f9d-51bc-458b-a3a6-511ec217d887@group-21BA9BD4283D-LeaderElection129] INFO  impl.RoleInfo (RoleInfo.java:updateAndGet(143)) - 7c431f9d-51bc-458b-a3a6-511ec217d887: start FollowerState
2019-10-17 06:47:42,768 [Thread-1657] INFO  impl.FollowerState (FollowerState.java:run(108)) - 7c431f9d-51bc-458b-a3a6-511ec217d887@group-21BA9BD4283D-FollowerState: change to CANDIDATE, lastRpcTime:161ms, electionTimeout:161ms
2019-10-17 06:47:42,768 [Thread-1657] INFO  impl.RoleInfo (RoleInfo.java:shutdownFollowerState(121)) - 7c431f9d-51bc-458b-a3a6-511ec217d887: shutdown FollowerState
2019-10-17 06:47:42,768 [Thread-1657] INFO  impl.RaftServerImpl (RaftServerImpl.java:setRole(184)) - 7c431f9d-51bc-458b-a3a6-511ec217d887@group-21BA9BD4283D: changes role from  FOLLOWER to CANDIDATE at term 59 for changeToCandidate
2019-10-17 06:47:42,769 [Thread-1657] INFO  impl.RoleInfo (RoleInfo.java:updateAndGet(143)) - 7c431f9d-51bc-458b-a3a6-511ec217d887: start LeaderElection
2019-10-17 06:47:42,773 [7c431f9d-51bc-458b-a3a6-511ec217d887@group-21BA9BD4283D-LeaderElection130] INFO  impl.LeaderElection (LeaderElection.java:askForVotes(178)) - 7c431f9d-51bc-458b-a3a6-511ec217d887@group-21BA9BD4283D-LeaderElection130: begin an election at term 60 for -1: [67f35358-9777-4ff9-96f4-8a61bc3a94fe:192.168.34.62:37037, 7c431f9d-51bc-458b-a3a6-511ec217d887:192.168.34.62:40420, b9cfa588-8e56-4331-be2f-4c26f25c6739:192.168.34.62:34777], old=null
2019-10-17 06:47:42,776 [grpc-default-executor-2] INFO  impl.RaftServerImpl (RaftServerImpl.java:setRole(184)) - 67f35358-9777-4ff9-96f4-8a61bc3a94fe@group-21BA9BD4283D: changes role from  FOLLOWER to FOLLOWER at term 60 for recognizeCandidate:7c431f9d-51bc-458b-a3a6-511ec217d887
2019-10-17 06:47:42,776 [grpc-default-executor-4] INFO  impl.RaftServerImpl (RaftServerImpl.java:setRole(184)) - b9cfa588-8e56-4331-be2f-4c26f25c6739@group-21BA9BD4283D: changes role from  FOLLOWER to FOLLOWER at term 60 for recognizeCandidate:7c431f9d-51bc-458b-a3a6-511ec217d887
2019-10-17 06:47:42,776 [grpc-default-executor-4] INFO  impl.RoleInfo (RoleInfo.java:shutdownFollowerState(121)) - b9cfa588-8e56-4331-be2f-4c26f25c6739: shutdown FollowerState
2019-10-17 06:47:42,776 [grpc-default-executor-2] INFO  impl.RoleInfo (RoleInfo.java:shutdownFollowerState(121)) - 67f35358-9777-4ff9-96f4-8a61bc3a94fe: shutdown FollowerState
2019-10-17 06:47:42,776 [Thread-1656] INFO  impl.FollowerState (FollowerState.java:run(117)) - b9cfa588-8e56-4331-be2f-4c26f25c6739@group-21BA9BD4283D-FollowerState was interrupted: java.lang.InterruptedException: sleep interrupted
2019-10-17 06:47:42,776 [Thread-1655] INFO  impl.FollowerState (FollowerState.java:run(117)) - 67f35358-9777-4ff9-96f4-8a61bc3a94fe@group-21BA9BD4283D-FollowerState was interrupted: java.lang.InterruptedException: sleep interrupted
2019-10-17 06:47:42,776 [grpc-default-executor-4] INFO  impl.RoleInfo (RoleInfo.java:updateAndGet(143)) - b9cfa588-8e56-4331-be2f-4c26f25c6739: start FollowerState
2019-10-17 06:47:42,776 [grpc-default-executor-2] INFO  impl.RoleInfo (RoleInfo.java:updateAndGet(143)) - 67f35358-9777-4ff9-96f4-8a61bc3a94fe: start FollowerState
2019-10-17 06:47:42,797 [7c431f9d-51bc-458b-a3a6-511ec217d887@group-21BA9BD4283D-LeaderElection130] INFO  impl.LeaderElection (LeaderElection.java:logAndReturn(56)) - 7c431f9d-51bc-458b-a3a6-511ec217d887@group-21BA9BD4283D-LeaderElection130: Election REJECTED; received 2 response(s) [7c431f9d-51bc-458b-a3a6-511ec217d887<-67f35358-9777-4ff9-96f4-8a61bc3a94fe#0:FAIL-t60, 7c431f9d-51bc-458b-a3a6-511ec217d887<-b9cfa588-8e56-4331-be2f-4c26f25c6739#0:FAIL-t60] and 0 exception(s); 7c431f9d-51bc-458b-a3a6-511ec217d887@group-21BA9BD4283D:t60, leader=null, voted=7c431f9d-51bc-458b-a3a6-511ec217d887, raftlog=7c431f9d-51bc-458b-a3a6-511ec217d887@group-21BA9BD4283D-SegmentedRaftLog:OPENED:c-1,f-1,i0, conf=-1: [67f35358-9777-4ff9-96f4-8a61bc3a94fe:192.168.34.62:37037, 7c431f9d-51bc-458b-a3a6-511ec217d887:192.168.34.62:40420, b9cfa588-8e56-4331-be2f-4c26f25c6739:192.168.34.62:34777], old=null
2019-10-17 06:47:42,797 [7c431f9d-51bc-458b-a3a6-511ec217d887@group-21BA9BD4283D-LeaderElection130] INFO  impl.RaftServerImpl (RaftServerImpl.java:setRole(184)) - 7c431f9d-51bc-458b-a3a6-511ec217d887@group-21BA9BD4283D: changes role from CANDIDATE to FOLLOWER at term 60 for DISCOVERED_A_NEW_TERM
2019-10-17 06:47:42,798 [7c431f9d-51bc-458b-a3a6-511ec217d887@group-21BA9BD4283D-LeaderElection130] INFO  impl.RoleInfo (RoleInfo.java:shutdownLeaderElection(134)) - 7c431f9d-51bc-458b-a3a6-511ec217d887: shutdown LeaderElection
2019-10-17 06:47:42,798 [7c431f9d-51bc-458b-a3a6-511ec217d887@group-21BA9BD4283D-LeaderElection130] INFO  impl.RoleInfo (RoleInfo.java:updateAndGet(143)) - 7c431f9d-51bc-458b-a3a6-511ec217d887: start FollowerState
2019-10-17 06:47:42,844 [Thread-1663] INFO  impl.FollowerState (FollowerState.java:run(108)) - 7c431f9d-51bc-458b-a3a6-511ec217d887@group-21BA9BD4283D-FollowerState: change to CANDIDATE, lastRpcTime:46ms, electionTimeout:46ms
2019-10-17 06:47:42,844 [Thread-1663] INFO  impl.RoleInfo (RoleInfo.java:shutdownFollowerState(121)) - 7c431f9d-51bc-458b-a3a6-511ec217d887: shutdown FollowerState
2019-10-17 06:47:42,844 [Thread-1663] INFO  impl.RaftServerImpl (RaftServerImpl.java:setRole(184)) - 7c431f9d-51bc-458b-a3a6-511ec217d887@group-21BA9BD4283D: changes role from  FOLLOWER to CANDIDATE at term 60 for changeToCandidate
2019-10-17 06:47:42,845 [Thread-1663] INFO  impl.RoleInfo (RoleInfo.java:updateAndGet(143)) - 7c431f9d-51bc-458b-a3a6-511ec217d887: start LeaderElection
2019-10-17 06:47:42,858 [7c431f9d-51bc-458b-a3a6-511ec217d887@group-21BA9BD4283D-LeaderElection131] INFO  impl.LeaderElection (LeaderElection.java:askForVotes(178)) - 7c431f9d-51bc-458b-a3a6-511ec217d887@group-21BA9BD4283D-LeaderElection131: begin an election at term 61 for -1: [67f35358-9777-4ff9-96f4-8a61bc3a94fe:192.168.34.62:37037, 7c431f9d-51bc-458b-a3a6-511ec217d887:192.168.34.62:40420, b9cfa588-8e56-4331-be2f-4c26f25c6739:192.168.34.62:34777], old=null
2019-10-17 06:47:42,860 [grpc-default-executor-2] INFO  impl.RaftServerImpl (RaftServerImpl.java:setRole(184)) - 67f35358-9777-4ff9-96f4-8a61bc3a94fe@group-21BA9BD4283D: changes role from  FOLLOWER to FOLLOWER at term 61 for recognizeCandidate:7c431f9d-51bc-458b-a3a6-511ec217d887
2019-10-17 06:47:42,860 [grpc-default-executor-2] INFO  impl.RoleInfo (RoleInfo.java:shutdownFollowerState(121)) - 67f35358-9777-4ff9-96f4-8a61bc3a94fe: shutdown FollowerState
2019-10-17 06:47:42,860 [grpc-default-executor-4] INFO  impl.RaftServerImpl (RaftServerImpl.java:setRole(184)) - b9cfa588-8e56-4331-be2f-4c26f25c6739@group-21BA9BD4283D: changes role from  FOLLOWER to FOLLOWER at term 61 for recognizeCandidate:7c431f9d-51bc-458b-a3a6-511ec217d887
2019-10-17 06:47:42,860 [grpc-default-executor-2] INFO  impl.RoleInfo (RoleInfo.java:updateAndGet(143)) - 67f35358-9777-4ff9-96f4-8a61bc3a94fe: start FollowerState
2019-10-17 06:47:42,860 [Thread-1662] INFO  impl.FollowerState (FollowerState.java:run(117)) - 67f35358-9777-4ff9-96f4-8a61bc3a94fe@group-21BA9BD4283D-FollowerState was interrupted: java.lang.InterruptedException: sleep interrupted
2019-10-17 06:47:42,860 [grpc-default-executor-4] INFO  impl.RoleInfo (RoleInfo.java:shutdownFollowerState(121)) - b9cfa588-8e56-4331-be2f-4c26f25c6739: shutdown FollowerState
2019-10-17 06:47:42,861 [grpc-default-executor-4] INFO  impl.RoleInfo (RoleInfo.java:updateAndGet(143)) - b9cfa588-8e56-4331-be2f-4c26f25c6739: start FollowerState
2019-10-17 06:47:42,861 [Thread-1661] INFO  impl.FollowerState (FollowerState.java:run(117)) - b9cfa588-8e56-4331-be2f-4c26f25c6739@group-21BA9BD4283D-FollowerState was interrupted: java.lang.InterruptedException: sleep interrupted
2019-10-17 06:47:42,874 [7c431f9d-51bc-458b-a3a6-511ec217d887@group-21BA9BD4283D-LeaderElection131] INFO  impl.LeaderElection (LeaderElection.java:logAndReturn(56)) - 7c431f9d-51bc-458b-a3a6-511ec217d887@group-21BA9BD4283D-LeaderElection131: Election REJECTED; received 2 response(s) [7c431f9d-51bc-458b-a3a6-511ec217d887<-67f35358-9777-4ff9-96f4-8a61bc3a94fe#0:FAIL-t61, 7c431f9d-51bc-458b-a3a6-511ec217d887<-b9cfa588-8e56-4331-be2f-4c26f25c6739#0:FAIL-t61] and 0 exception(s); 7c431f9d-51bc-458b-a3a6-511ec217d887@group-21BA9BD4283D:t61, leader=null, voted=7c431f9d-51bc-458b-a3a6-511ec217d887, raftlog=7c431f9d-51bc-458b-a3a6-511ec217d887@group-21BA9BD4283D-SegmentedRaftLog:OPENED:c-1,f-1,i0, conf=-1: [67f35358-9777-4ff9-96f4-8a61bc3a94fe:192.168.34.62:37037, 7c431f9d-51bc-458b-a3a6-511ec217d887:192.168.34.62:40420, b9cfa588-8e56-4331-be2f-4c26f25c6739:192.168.34.62:34777], old=null
2019-10-17 06:47:42,875 [7c431f9d-51bc-458b-a3a6-511ec217d887@group-21BA9BD4283D-LeaderElection131] INFO  impl.RaftServerImpl (RaftServerImpl.java:setRole(184)) - 7c431f9d-51bc-458b-a3a6-511ec217d887@group-21BA9BD4283D: changes role from CANDIDATE to FOLLOWER at term 61 for DISCOVERED_A_NEW_TERM
2019-10-17 06:47:42,875 [7c431f9d-51bc-458b-a3a6-511ec217d887@group-21BA9BD4283D-LeaderElection131] INFO  impl.RoleInfo (RoleInfo.java:shutdownLeaderElection(134)) - 7c431f9d-51bc-458b-a3a6-511ec217d887: shutdown LeaderElection
2019-10-17 06:47:42,875 [7c431f9d-51bc-458b-a3a6-511ec217d887@group-21BA9BD4283D-LeaderElection131] INFO  impl.RoleInfo (RoleInfo.java:updateAndGet(143)) - 7c431f9d-51bc-458b-a3a6-511ec217d887: start FollowerState
2019-10-17 06:47:42,936 [Thread-1669] INFO  impl.FollowerState (FollowerState.java:run(108)) - 7c431f9d-51bc-458b-a3a6-511ec217d887@group-21BA9BD4283D-FollowerState: change to CANDIDATE, lastRpcTime:61ms, electionTimeout:61ms
2019-10-17 06:47:42,936 [Thread-1669] INFO  impl.RoleInfo (RoleInfo.java:shutdownFollowerState(121)) - 7c431f9d-51bc-458b-a3a6-511ec217d887: shutdown FollowerState
2019-10-17 06:47:42,937 [Thread-1669] INFO  impl.RaftServerImpl (RaftServerImpl.java:setRole(184)) - 7c431f9d-51bc-458b-a3a6-511ec217d887@group-21BA9BD4283D: changes role from  FOLLOWER to CANDIDATE at term 61 for changeToCandidate
2019-10-17 06:47:42,937 [Thread-1669] INFO  impl.RoleInfo (RoleInfo.java:updateAndGet(143)) - 7c431f9d-51bc-458b-a3a6-511ec217d887: start LeaderElection
2019-10-17 06:47:42,960 [7c431f9d-51bc-458b-a3a6-511ec217d887@group-21BA9BD4283D-LeaderElection132] INFO  impl.LeaderElection (LeaderElection.java:askForVotes(178)) - 7c431f9d-51bc-458b-a3a6-511ec217d887@group-21BA9BD4283D-LeaderElection132: begin an election at term 62 for -1: [67f35358-9777-4ff9-96f4-8a61bc3a94fe:192.168.34.62:37037, 7c431f9d-51bc-458b-a3a6-511ec217d887:192.168.34.62:40420, b9cfa588-8e56-4331-be2f-4c26f25c6739:192.168.34.62:34777], old=null
2019-10-17 06:47:42,962 [grpc-default-executor-2] INFO  impl.RaftServerImpl (RaftServerImpl.java:setRole(184)) - 67f35358-9777-4ff9-96f4-8a61bc3a94fe@group-21BA9BD4283D: changes role from  FOLLOWER to FOLLOWER at term 62 for recognizeCandidate:7c431f9d-51bc-458b-a3a6-511ec217d887
2019-10-17 06:47:42,962 [grpc-default-executor-4] INFO  impl.RaftServerImpl (RaftServerImpl.java:setRole(184)) - b9cfa588-8e56-4331-be2f-4c26f25c6739@group-21BA9BD4283D: changes role from  FOLLOWER to FOLLOWER at term 62 for recognizeCandidate:7c431f9d-51bc-458b-a3a6-511ec217d887
2019-10-17 06:47:42,962 [grpc-default-executor-2] INFO  impl.RoleInfo (RoleInfo.java:shutdownFollowerState(121)) - 67f35358-9777-4ff9-96f4-8a61bc3a94fe: shutdown FollowerState
2019-10-17 06:47:42,962 [grpc-default-executor-4] INFO  impl.RoleInfo (RoleInfo.java:shutdownFollowerState(121)) - b9cfa588-8e56-4331-be2f-4c26f25c6739: shutdown FollowerState
2019-10-17 06:47:42,962 [grpc-default-executor-2] INFO  impl.RoleInfo (RoleInfo.java:updateAndGet(143)) - 67f35358-9777-4ff9-96f4-8a61bc3a94fe: start FollowerState
2019-10-17 06:47:42,962 [Thread-1668] INFO  impl.FollowerState (FollowerState.java:run(117)) - b9cfa588-8e56-4331-be2f-4c26f25c6739@group-21BA9BD4283D-FollowerState was interrupted: java.lang.InterruptedException: sleep interrupted
2019-10-17 06:47:42,962 [Thread-1667] INFO  impl.FollowerState (FollowerState.java:run(117)) - 67f35358-9777-4ff9-96f4-8a61bc3a94fe@group-21BA9BD4283D-FollowerState was interrupted: java.lang.InterruptedException: sleep interrupted
2019-10-17 06:47:42,962 [grpc-default-executor-4] INFO  impl.RoleInfo (RoleInfo.java:updateAndGet(143)) - b9cfa588-8e56-4331-be2f-4c26f25c6739: start FollowerState
2019-10-17 06:47:42,976 [7c431f9d-51bc-458b-a3a6-511ec217d887@group-21BA9BD4283D-LeaderElection132] INFO  impl.LeaderElection (LeaderElection.java:logAndReturn(56)) - 7c431f9d-51bc-458b-a3a6-511ec217d887@group-21BA9BD4283D-LeaderElection132: Election REJECTED; received 2 response(s) [7c431f9d-51bc-458b-a3a6-511ec217d887<-67f35358-9777-4ff9-96f4-8a61bc3a94fe#0:FAIL-t62, 7c431f9d-51bc-458b-a3a6-511ec217d887<-b9cfa588-8e56-4331-be2f-4c26f25c6739#0:FAIL-t62] and 0 exception(s); 7c431f9d-51bc-458b-a3a6-511ec217d887@group-21BA9BD4283D:t62, leader=null, voted=7c431f9d-51bc-458b-a3a6-511ec217d887, raftlog=7c431f9d-51bc-458b-a3a6-511ec217d887@group-21BA9BD4283D-SegmentedRaftLog:OPENED:c-1,f-1,i0, conf=-1: [67f35358-9777-4ff9-96f4-8a61bc3a94fe:192.168.34.62:37037, 7c431f9d-51bc-458b-a3a6-511ec217d887:192.168.34.62:40420, b9cfa588-8e56-4331-be2f-4c26f25c6739:192.168.34.62:34777], old=null
2019-10-17 06:47:42,977 [7c431f9d-51bc-458b-a3a6-511ec217d887@group-21BA9BD4283D-LeaderElection132] INFO  impl.RaftServerImpl (RaftServerImpl.java:setRole(184)) - 7c431f9d-51bc-458b-a3a6-511ec217d887@group-21BA9BD4283D: changes role from CANDIDATE to FOLLOWER at term 62 for DISCOVERED_A_NEW_TERM
2019-10-17 06:47:42,977 [7c431f9d-51bc-458b-a3a6-511ec217d887@group-21BA9BD4283D-LeaderElection132] INFO  impl.RoleInfo (RoleInfo.java:shutdownLeaderElection(134)) - 7c431f9d-51bc-458b-a3a6-511ec217d887: shutdown LeaderElection
2019-10-17 06:47:42,977 [7c431f9d-51bc-458b-a3a6-511ec217d887@group-21BA9BD4283D-LeaderElection132] INFO  impl.RoleInfo (RoleInfo.java:updateAndGet(143)) - 7c431f9d-51bc-458b-a3a6-511ec217d887: start FollowerState
2019-10-17 06:47:43,092 [main] INFO  ozone.MiniOzoneClusterImpl (MiniOzoneClusterImpl.java:lambda$waitForClusterToBeReady$2(164)) - Waiting for 1 number of pipelines out of 4, to report a leader.
2019-10-17 06:47:43,117 [Thread-1675] INFO  impl.FollowerState (FollowerState.java:run(108)) - 7c431f9d-51bc-458b-a3a6-511ec217d887@group-21BA9BD4283D-FollowerState: change to CANDIDATE, lastRpcTime:140ms, electionTimeout:140ms
2019-10-17 06:47:43,117 [Thread-1675] INFO  impl.RoleInfo (RoleInfo.java:shutdownFollowerState(121)) - 7c431f9d-51bc-458b-a3a6-511ec217d887: shutdown FollowerState
2019-10-17 06:47:43,117 [Thread-1675] INFO  impl.RaftServerImpl (RaftServerImpl.java:setRole(184)) - 7c431f9d-51bc-458b-a3a6-511ec217d887@group-21BA9BD4283D: changes role from  FOLLOWER to CANDIDATE at term 62 for changeToCandidate
2019-10-17 06:47:43,117 [Thread-1675] INFO  impl.RoleInfo (RoleInfo.java:updateAndGet(143)) - 7c431f9d-51bc-458b-a3a6-511ec217d887: start LeaderElection
2019-10-17 06:47:43,121 [7c431f9d-51bc-458b-a3a6-511ec217d887@group-21BA9BD4283D-LeaderElection133] INFO  impl.LeaderElection (LeaderElection.java:askForVotes(178)) - 7c431f9d-51bc-458b-a3a6-511ec217d887@group-21BA9BD4283D-LeaderElection133: begin an election at term 63 for -1: [67f35358-9777-4ff9-96f4-8a61bc3a94fe:192.168.34.62:37037, 7c431f9d-51bc-458b-a3a6-511ec217d887:192.168.34.62:40420, b9cfa588-8e56-4331-be2f-4c26f25c6739:192.168.34.62:34777], old=null
2019-10-17 06:47:43,123 [grpc-default-executor-4] INFO  impl.RaftServerImpl (RaftServerImpl.java:setRole(184)) - b9cfa588-8e56-4331-be2f-4c26f25c6739@group-21BA9BD4283D: changes role from  FOLLOWER to FOLLOWER at term 63 for recognizeCandidate:7c431f9d-51bc-458b-a3a6-511ec217d887
2019-10-17 06:47:43,123 [grpc-default-executor-2] INFO  impl.RaftServerImpl (RaftServerImpl.java:setRole(184)) - 67f35358-9777-4ff9-96f4-8a61bc3a94fe@group-21BA9BD4283D: changes role from  FOLLOWER to FOLLOWER at term 63 for recognizeCandidate:7c431f9d-51bc-458b-a3a6-511ec217d887
2019-10-17 06:47:43,123 [grpc-default-executor-4] INFO  impl.RoleInfo (RoleInfo.java:shutdownFollowerState(121)) - b9cfa588-8e56-4331-be2f-4c26f25c6739: shutdown FollowerState
2019-10-17 06:47:43,123 [grpc-default-executor-2] INFO  impl.RoleInfo (RoleInfo.java:shutdownFollowerState(121)) - 67f35358-9777-4ff9-96f4-8a61bc3a94fe: shutdown FollowerState
2019-10-17 06:47:43,124 [grpc-default-executor-4] INFO  impl.RoleInfo (RoleInfo.java:updateAndGet(143)) - b9cfa588-8e56-4331-be2f-4c26f25c6739: start FollowerState
2019-10-17 06:47:43,124 [grpc-default-executor-2] INFO  impl.RoleInfo (RoleInfo.java:updateAndGet(143)) - 67f35358-9777-4ff9-96f4-8a61bc3a94fe: start FollowerState
2019-10-17 06:47:43,124 [Thread-1674] INFO  impl.FollowerState (FollowerState.java:run(117)) - b9cfa588-8e56-4331-be2f-4c26f25c6739@group-21BA9BD4283D-FollowerState was interrupted: java.lang.InterruptedException: sleep interrupted
2019-10-17 06:47:43,124 [Thread-1673] INFO  impl.FollowerState (FollowerState.java:run(117)) - 67f35358-9777-4ff9-96f4-8a61bc3a94fe@group-21BA9BD4283D-FollowerState was interrupted: java.lang.InterruptedException: sleep interrupted
2019-10-17 06:47:43,139 [7c431f9d-51bc-458b-a3a6-511ec217d887@group-21BA9BD4283D-LeaderElection133] INFO  impl.LeaderElection (LeaderElection.java:logAndReturn(56)) - 7c431f9d-51bc-458b-a3a6-511ec217d887@group-21BA9BD4283D-LeaderElection133: Election REJECTED; received 2 response(s) [7c431f9d-51bc-458b-a3a6-511ec217d887<-67f35358-9777-4ff9-96f4-8a61bc3a94fe#0:FAIL-t63, 7c431f9d-51bc-458b-a3a6-511ec217d887<-b9cfa588-8e56-4331-be2f-4c26f25c6739#0:FAIL-t63] and 0 exception(s); 7c431f9d-51bc-458b-a3a6-511ec217d887@group-21BA9BD4283D:t63, leader=null, voted=7c431f9d-51bc-458b-a3a6-511ec217d887, raftlog=7c431f9d-51bc-458b-a3a6-511ec217d887@group-21BA9BD4283D-SegmentedRaftLog:OPENED:c-1,f-1,i0, conf=-1: [67f35358-9777-4ff9-96f4-8a61bc3a94fe:192.168.34.62:37037, 7c431f9d-51bc-458b-a3a6-511ec217d887:192.168.34.62:40420, b9cfa588-8e56-4331-be2f-4c26f25c6739:192.168.34.62:34777], old=null
2019-10-17 06:47:43,139 [7c431f9d-51bc-458b-a3a6-511ec217d887@group-21BA9BD4283D-LeaderElection133] INFO  impl.RaftServerImpl (RaftServerImpl.java:setRole(184)) - 7c431f9d-51bc-458b-a3a6-511ec217d887@group-21BA9BD4283D: changes role from CANDIDATE to FOLLOWER at term 63 for DISCOVERED_A_NEW_TERM
2019-10-17 06:47:43,139 [7c431f9d-51bc-458b-a3a6-511ec217d887@group-21BA9BD4283D-LeaderElection133] INFO  impl.RoleInfo (RoleInfo.java:shutdownLeaderElection(134)) - 7c431f9d-51bc-458b-a3a6-511ec217d887: shutdown LeaderElection
2019-10-17 06:47:43,139 [7c431f9d-51bc-458b-a3a6-511ec217d887@group-21BA9BD4283D-LeaderElection133] INFO  impl.RoleInfo (RoleInfo.java:updateAndGet(143)) - 7c431f9d-51bc-458b-a3a6-511ec217d887: start FollowerState
2019-10-17 06:47:43,168 [Thread-1681] INFO  impl.FollowerState (FollowerState.java:run(108)) - 7c431f9d-51bc-458b-a3a6-511ec217d887@group-21BA9BD4283D-FollowerState: change to CANDIDATE, lastRpcTime:29ms, electionTimeout:29ms
2019-10-17 06:47:43,169 [Thread-1681] INFO  impl.RoleInfo (RoleInfo.java:shutdownFollowerState(121)) - 7c431f9d-51bc-458b-a3a6-511ec217d887: shutdown FollowerState
2019-10-17 06:47:43,169 [Thread-1681] INFO  impl.RaftServerImpl (RaftServerImpl.java:setRole(184)) - 7c431f9d-51bc-458b-a3a6-511ec217d887@group-21BA9BD4283D: changes role from  FOLLOWER to CANDIDATE at term 63 for changeToCandidate
2019-10-17 06:47:43,169 [Thread-1681] INFO  impl.RoleInfo (RoleInfo.java:updateAndGet(143)) - 7c431f9d-51bc-458b-a3a6-511ec217d887: start LeaderElection
2019-10-17 06:47:43,185 [7c431f9d-51bc-458b-a3a6-511ec217d887@group-21BA9BD4283D-LeaderElection134] INFO  impl.LeaderElection (LeaderElection.java:askForVotes(178)) - 7c431f9d-51bc-458b-a3a6-511ec217d887@group-21BA9BD4283D-LeaderElection134: begin an election at term 64 for -1: [67f35358-9777-4ff9-96f4-8a61bc3a94fe:192.168.34.62:37037, 7c431f9d-51bc-458b-a3a6-511ec217d887:192.168.34.62:40420, b9cfa588-8e56-4331-be2f-4c26f25c6739:192.168.34.62:34777], old=null
2019-10-17 06:47:43,186 [grpc-default-executor-4] INFO  impl.RaftServerImpl (RaftServerImpl.java:setRole(184)) - 67f35358-9777-4ff9-96f4-8a61bc3a94fe@group-21BA9BD4283D: changes role from  FOLLOWER to FOLLOWER at term 64 for recognizeCandidate:7c431f9d-51bc-458b-a3a6-511ec217d887
2019-10-17 06:47:43,186 [grpc-default-executor-2] INFO  impl.RaftServerImpl (RaftServerImpl.java:setRole(184)) - b9cfa588-8e56-4331-be2f-4c26f25c6739@group-21BA9BD4283D: changes role from  FOLLOWER to FOLLOWER at term 64 for recognizeCandidate:7c431f9d-51bc-458b-a3a6-511ec217d887
2019-10-17 06:47:43,186 [grpc-default-executor-4] INFO  impl.RoleInfo (RoleInfo.java:shutdownFollowerState(121)) - 67f35358-9777-4ff9-96f4-8a61bc3a94fe: shutdown FollowerState
2019-10-17 06:47:43,187 [grpc-default-executor-2] INFO  impl.RoleInfo (RoleInfo.java:shutdownFollowerState(121)) - b9cfa588-8e56-4331-be2f-4c26f25c6739: shutdown FollowerState
2019-10-17 06:47:43,187 [grpc-default-executor-4] INFO  impl.RoleInfo (RoleInfo.java:updateAndGet(143)) - 67f35358-9777-4ff9-96f4-8a61bc3a94fe: start FollowerState
2019-10-17 06:47:43,187 [Thread-1680] INFO  impl.FollowerState (FollowerState.java:run(117)) - 67f35358-9777-4ff9-96f4-8a61bc3a94fe@group-21BA9BD4283D-FollowerState was interrupted: java.lang.InterruptedException: sleep interrupted
2019-10-17 06:47:43,187 [grpc-default-executor-2] INFO  impl.RoleInfo (RoleInfo.java:updateAndGet(143)) - b9cfa588-8e56-4331-be2f-4c26f25c6739: start FollowerState
2019-10-17 06:47:43,187 [Thread-1679] INFO  impl.FollowerState (FollowerState.java:run(117)) - b9cfa588-8e56-4331-be2f-4c26f25c6739@group-21BA9BD4283D-FollowerState was interrupted: java.lang.InterruptedException: sleep interrupted
2019-10-17 06:47:43,201 [7c431f9d-51bc-458b-a3a6-511ec217d887@group-21BA9BD4283D-LeaderElection134] INFO  impl.LeaderElection (LeaderElection.java:logAndReturn(56)) - 7c431f9d-51bc-458b-a3a6-511ec217d887@group-21BA9BD4283D-LeaderElection134: Election REJECTED; received 2 response(s) [7c431f9d-51bc-458b-a3a6-511ec217d887<-67f35358-9777-4ff9-96f4-8a61bc3a94fe#0:FAIL-t64, 7c431f9d-51bc-458b-a3a6-511ec217d887<-b9cfa588-8e56-4331-be2f-4c26f25c6739#0:FAIL-t64] and 0 exception(s); 7c431f9d-51bc-458b-a3a6-511ec217d887@group-21BA9BD4283D:t64, leader=null, voted=7c431f9d-51bc-458b-a3a6-511ec217d887, raftlog=7c431f9d-51bc-458b-a3a6-511ec217d887@group-21BA9BD4283D-SegmentedRaftLog:OPENED:c-1,f-1,i0, conf=-1: [67f35358-9777-4ff9-96f4-8a61bc3a94fe:192.168.34.62:37037, 7c431f9d-51bc-458b-a3a6-511ec217d887:192.168.34.62:40420, b9cfa588-8e56-4331-be2f-4c26f25c6739:192.168.34.62:34777], old=null
2019-10-17 06:47:43,201 [7c431f9d-51bc-458b-a3a6-511ec217d887@group-21BA9BD4283D-LeaderElection134] INFO  impl.RaftServerImpl (RaftServerImpl.java:setRole(184)) - 7c431f9d-51bc-458b-a3a6-511ec217d887@group-21BA9BD4283D: changes role from CANDIDATE to FOLLOWER at term 64 for DISCOVERED_A_NEW_TERM
2019-10-17 06:47:43,201 [7c431f9d-51bc-458b-a3a6-511ec217d887@group-21BA9BD4283D-LeaderElection134] INFO  impl.RoleInfo (RoleInfo.java:shutdownLeaderElection(134)) - 7c431f9d-51bc-458b-a3a6-511ec217d887: shutdown LeaderElection
2019-10-17 06:47:43,201 [7c431f9d-51bc-458b-a3a6-511ec217d887@group-21BA9BD4283D-LeaderElection134] INFO  impl.RoleInfo (RoleInfo.java:updateAndGet(143)) - 7c431f9d-51bc-458b-a3a6-511ec217d887: start FollowerState
2019-10-17 06:47:43,364 [Thread-1687] INFO  impl.FollowerState (FollowerState.java:run(108)) - 7c431f9d-51bc-458b-a3a6-511ec217d887@group-21BA9BD4283D-FollowerState: change to CANDIDATE, lastRpcTime:162ms, electionTimeout:162ms
2019-10-17 06:47:43,364 [Thread-1687] INFO  impl.RoleInfo (RoleInfo.java:shutdownFollowerState(121)) - 7c431f9d-51bc-458b-a3a6-511ec217d887: shutdown FollowerState
2019-10-17 06:47:43,364 [Thread-1687] INFO  impl.RaftServerImpl (RaftServerImpl.java:setRole(184)) - 7c431f9d-51bc-458b-a3a6-511ec217d887@group-21BA9BD4283D: changes role from  FOLLOWER to CANDIDATE at term 64 for changeToCandidate
2019-10-17 06:47:43,364 [Thread-1687] INFO  impl.RoleInfo (RoleInfo.java:updateAndGet(143)) - 7c431f9d-51bc-458b-a3a6-511ec217d887: start LeaderElection
2019-10-17 06:47:43,376 [7c431f9d-51bc-458b-a3a6-511ec217d887@group-21BA9BD4283D-LeaderElection135] INFO  impl.LeaderElection (LeaderElection.java:askForVotes(178)) - 7c431f9d-51bc-458b-a3a6-511ec217d887@group-21BA9BD4283D-LeaderElection135: begin an election at term 65 for -1: [67f35358-9777-4ff9-96f4-8a61bc3a94fe:192.168.34.62:37037, 7c431f9d-51bc-458b-a3a6-511ec217d887:192.168.34.62:40420, b9cfa588-8e56-4331-be2f-4c26f25c6739:192.168.34.62:34777], old=null
2019-10-17 06:47:43,378 [grpc-default-executor-4] INFO  impl.RaftServerImpl (RaftServerImpl.java:setRole(184)) - 67f35358-9777-4ff9-96f4-8a61bc3a94fe@group-21BA9BD4283D: changes role from  FOLLOWER to FOLLOWER at term 65 for recognizeCandidate:7c431f9d-51bc-458b-a3a6-511ec217d887
2019-10-17 06:47:43,378 [grpc-default-executor-2] INFO  impl.RaftServerImpl (RaftServerImpl.java:setRole(184)) - b9cfa588-8e56-4331-be2f-4c26f25c6739@group-21BA9BD4283D: changes role from  FOLLOWER to FOLLOWER at term 65 for recognizeCandidate:7c431f9d-51bc-458b-a3a6-511ec217d887
2019-10-17 06:47:43,378 [grpc-default-executor-4] INFO  impl.RoleInfo (RoleInfo.java:shutdownFollowerState(121)) - 67f35358-9777-4ff9-96f4-8a61bc3a94fe: shutdown FollowerState
2019-10-17 06:47:43,378 [grpc-default-executor-2] INFO  impl.RoleInfo (RoleInfo.java:shutdownFollowerState(121)) - b9cfa588-8e56-4331-be2f-4c26f25c6739: shutdown FollowerState
2019-10-17 06:47:43,379 [grpc-default-executor-4] INFO  impl.RoleInfo (RoleInfo.java:updateAndGet(143)) - 67f35358-9777-4ff9-96f4-8a61bc3a94fe: start FollowerState
2019-10-17 06:47:43,379 [grpc-default-executor-2] INFO  impl.RoleInfo (RoleInfo.java:updateAndGet(143)) - b9cfa588-8e56-4331-be2f-4c26f25c6739: start FollowerState
2019-10-17 06:47:43,379 [Thread-1685] INFO  impl.FollowerState (FollowerState.java:run(117)) - 67f35358-9777-4ff9-96f4-8a61bc3a94fe@group-21BA9BD4283D-FollowerState was interrupted: java.lang.InterruptedException: sleep interrupted
2019-10-17 06:47:43,379 [Thread-1686] INFO  impl.FollowerState (FollowerState.java:run(117)) - b9cfa588-8e56-4331-be2f-4c26f25c6739@group-21BA9BD4283D-FollowerState was interrupted: java.lang.InterruptedException: sleep interrupted
2019-10-17 06:47:43,391 [7c431f9d-51bc-458b-a3a6-511ec217d887@group-21BA9BD4283D-LeaderElection135] INFO  impl.LeaderElection (LeaderElection.java:logAndReturn(56)) - 7c431f9d-51bc-458b-a3a6-511ec217d887@group-21BA9BD4283D-LeaderElection135: Election REJECTED; received 2 response(s) [7c431f9d-51bc-458b-a3a6-511ec217d887<-67f35358-9777-4ff9-96f4-8a61bc3a94fe#0:FAIL-t65, 7c431f9d-51bc-458b-a3a6-511ec217d887<-b9cfa588-8e56-4331-be2f-4c26f25c6739#0:FAIL-t65] and 0 exception(s); 7c431f9d-51bc-458b-a3a6-511ec217d887@group-21BA9BD4283D:t65, leader=null, voted=7c431f9d-51bc-458b-a3a6-511ec217d887, raftlog=7c431f9d-51bc-458b-a3a6-511ec217d887@group-21BA9BD4283D-SegmentedRaftLog:OPENED:c-1,f-1,i0, conf=-1: [67f35358-9777-4ff9-96f4-8a61bc3a94fe:192.168.34.62:37037, 7c431f9d-51bc-458b-a3a6-511ec217d887:192.168.34.62:40420, b9cfa588-8e56-4331-be2f-4c26f25c6739:192.168.34.62:34777], old=null
2019-10-17 06:47:43,391 [7c431f9d-51bc-458b-a3a6-511ec217d887@group-21BA9BD4283D-LeaderElection135] INFO  impl.RaftServerImpl (RaftServerImpl.java:setRole(184)) - 7c431f9d-51bc-458b-a3a6-511ec217d887@group-21BA9BD4283D: changes role from CANDIDATE to FOLLOWER at term 65 for DISCOVERED_A_NEW_TERM
2019-10-17 06:47:43,392 [7c431f9d-51bc-458b-a3a6-511ec217d887@group-21BA9BD4283D-LeaderElection135] INFO  impl.RoleInfo (RoleInfo.java:shutdownLeaderElection(134)) - 7c431f9d-51bc-458b-a3a6-511ec217d887: shutdown LeaderElection
2019-10-17 06:47:43,392 [7c431f9d-51bc-458b-a3a6-511ec217d887@group-21BA9BD4283D-LeaderElection135] INFO  impl.RoleInfo (RoleInfo.java:updateAndGet(143)) - 7c431f9d-51bc-458b-a3a6-511ec217d887: start FollowerState
2019-10-17 06:47:43,424 [Thread-1693] INFO  impl.FollowerState (FollowerState.java:run(108)) - 7c431f9d-51bc-458b-a3a6-511ec217d887@group-21BA9BD4283D-FollowerState: change to CANDIDATE, lastRpcTime:32ms, electionTimeout:32ms
2019-10-17 06:47:43,424 [Thread-1693] INFO  impl.RoleInfo (RoleInfo.java:shutdownFollowerState(121)) - 7c431f9d-51bc-458b-a3a6-511ec217d887: shutdown FollowerState
2019-10-17 06:47:43,424 [Thread-1693] INFO  impl.RaftServerImpl (RaftServerImpl.java:setRole(184)) - 7c431f9d-51bc-458b-a3a6-511ec217d887@group-21BA9BD4283D: changes role from  FOLLOWER to CANDIDATE at term 65 for changeToCandidate
2019-10-17 06:47:43,424 [Thread-1693] INFO  impl.RoleInfo (RoleInfo.java:updateAndGet(143)) - 7c431f9d-51bc-458b-a3a6-511ec217d887: start LeaderElection
2019-10-17 06:47:43,443 [7c431f9d-51bc-458b-a3a6-511ec217d887@group-21BA9BD4283D-LeaderElection136] INFO  impl.LeaderElection (LeaderElection.java:askForVotes(178)) - 7c431f9d-51bc-458b-a3a6-511ec217d887@group-21BA9BD4283D-LeaderElection136: begin an election at term 66 for -1: [67f35358-9777-4ff9-96f4-8a61bc3a94fe:192.168.34.62:37037, 7c431f9d-51bc-458b-a3a6-511ec217d887:192.168.34.62:40420, b9cfa588-8e56-4331-be2f-4c26f25c6739:192.168.34.62:34777], old=null
2019-10-17 06:47:43,445 [grpc-default-executor-2] INFO  impl.RaftServerImpl (RaftServerImpl.java:setRole(184)) - b9cfa588-8e56-4331-be2f-4c26f25c6739@group-21BA9BD4283D: changes role from  FOLLOWER to FOLLOWER at term 66 for recognizeCandidate:7c431f9d-51bc-458b-a3a6-511ec217d887
2019-10-17 06:47:43,445 [grpc-default-executor-4] INFO  impl.RaftServerImpl (RaftServerImpl.java:setRole(184)) - 67f35358-9777-4ff9-96f4-8a61bc3a94fe@group-21BA9BD4283D: changes role from  FOLLOWER to FOLLOWER at term 66 for recognizeCandidate:7c431f9d-51bc-458b-a3a6-511ec217d887
2019-10-17 06:47:43,445 [grpc-default-executor-2] INFO  impl.RoleInfo (RoleInfo.java:shutdownFollowerState(121)) - b9cfa588-8e56-4331-be2f-4c26f25c6739: shutdown FollowerState
2019-10-17 06:47:43,445 [grpc-default-executor-4] INFO  impl.RoleInfo (RoleInfo.java:shutdownFollowerState(121)) - 67f35358-9777-4ff9-96f4-8a61bc3a94fe: shutdown FollowerState
2019-10-17 06:47:43,445 [grpc-default-executor-2] INFO  impl.RoleInfo (RoleInfo.java:updateAndGet(143)) - b9cfa588-8e56-4331-be2f-4c26f25c6739: start FollowerState
2019-10-17 06:47:43,445 [Thread-1692] INFO  impl.FollowerState (FollowerState.java:run(117)) - b9cfa588-8e56-4331-be2f-4c26f25c6739@group-21BA9BD4283D-FollowerState was interrupted: java.lang.InterruptedException: sleep interrupted
2019-10-17 06:47:43,445 [grpc-default-executor-4] INFO  impl.RoleInfo (RoleInfo.java:updateAndGet(143)) - 67f35358-9777-4ff9-96f4-8a61bc3a94fe: start FollowerState
2019-10-17 06:47:43,445 [Thread-1691] INFO  impl.FollowerState (FollowerState.java:run(117)) - 67f35358-9777-4ff9-96f4-8a61bc3a94fe@group-21BA9BD4283D-FollowerState was interrupted: java.lang.InterruptedException: sleep interrupted
2019-10-17 06:47:43,459 [7c431f9d-51bc-458b-a3a6-511ec217d887@group-21BA9BD4283D-LeaderElection136] INFO  impl.LeaderElection (LeaderElection.java:logAndReturn(56)) - 7c431f9d-51bc-458b-a3a6-511ec217d887@group-21BA9BD4283D-LeaderElection136: Election REJECTED; received 2 response(s) [7c431f9d-51bc-458b-a3a6-511ec217d887<-67f35358-9777-4ff9-96f4-8a61bc3a94fe#0:FAIL-t66, 7c431f9d-51bc-458b-a3a6-511ec217d887<-b9cfa588-8e56-4331-be2f-4c26f25c6739#0:FAIL-t66] and 0 exception(s); 7c431f9d-51bc-458b-a3a6-511ec217d887@group-21BA9BD4283D:t66, leader=null, voted=7c431f9d-51bc-458b-a3a6-511ec217d887, raftlog=7c431f9d-51bc-458b-a3a6-511ec217d887@group-21BA9BD4283D-SegmentedRaftLog:OPENED:c-1,f-1,i0, conf=-1: [67f35358-9777-4ff9-96f4-8a61bc3a94fe:192.168.34.62:37037, 7c431f9d-51bc-458b-a3a6-511ec217d887:192.168.34.62:40420, b9cfa588-8e56-4331-be2f-4c26f25c6739:192.168.34.62:34777], old=null
2019-10-17 06:47:43,459 [7c431f9d-51bc-458b-a3a6-511ec217d887@group-21BA9BD4283D-LeaderElection136] INFO  impl.RaftServerImpl (RaftServerImpl.java:setRole(184)) - 7c431f9d-51bc-458b-a3a6-511ec217d887@group-21BA9BD4283D: changes role from CANDIDATE to FOLLOWER at term 66 for DISCOVERED_A_NEW_TERM
2019-10-17 06:47:43,459 [7c431f9d-51bc-458b-a3a6-511ec217d887@group-21BA9BD4283D-LeaderElection136] INFO  impl.RoleInfo (RoleInfo.java:shutdownLeaderElection(134)) - 7c431f9d-51bc-458b-a3a6-511ec217d887: shutdown LeaderElection
2019-10-17 06:47:43,459 [7c431f9d-51bc-458b-a3a6-511ec217d887@group-21BA9BD4283D-LeaderElection136] INFO  impl.RoleInfo (RoleInfo.java:updateAndGet(143)) - 7c431f9d-51bc-458b-a3a6-511ec217d887: start FollowerState
2019-10-17 06:47:43,489 [Thread-1699] INFO  impl.FollowerState (FollowerState.java:run(108)) - 7c431f9d-51bc-458b-a3a6-511ec217d887@group-21BA9BD4283D-FollowerState: change to CANDIDATE, lastRpcTime:30ms, electionTimeout:30ms
2019-10-17 06:47:43,489 [Thread-1699] INFO  impl.RoleInfo (RoleInfo.java:shutdownFollowerState(121)) - 7c431f9d-51bc-458b-a3a6-511ec217d887: shutdown FollowerState
2019-10-17 06:47:43,489 [Thread-1699] INFO  impl.RaftServerImpl (RaftServerImpl.java:setRole(184)) - 7c431f9d-51bc-458b-a3a6-511ec217d887@group-21BA9BD4283D: changes role from  FOLLOWER to CANDIDATE at term 66 for changeToCandidate
2019-10-17 06:47:43,490 [Thread-1699] INFO  impl.RoleInfo (RoleInfo.java:updateAndGet(143)) - 7c431f9d-51bc-458b-a3a6-511ec217d887: start LeaderElection
2019-10-17 06:47:43,503 [7c431f9d-51bc-458b-a3a6-511ec217d887@group-21BA9BD4283D-LeaderElection137] INFO  impl.LeaderElection (LeaderElection.java:askForVotes(178)) - 7c431f9d-51bc-458b-a3a6-511ec217d887@group-21BA9BD4283D-LeaderElection137: begin an election at term 67 for -1: [67f35358-9777-4ff9-96f4-8a61bc3a94fe:192.168.34.62:37037, 7c431f9d-51bc-458b-a3a6-511ec217d887:192.168.34.62:40420, b9cfa588-8e56-4331-be2f-4c26f25c6739:192.168.34.62:34777], old=null
2019-10-17 06:47:43,504 [grpc-default-executor-2] INFO  impl.RaftServerImpl (RaftServerImpl.java:setRole(184)) - 67f35358-9777-4ff9-96f4-8a61bc3a94fe@group-21BA9BD4283D: changes role from  FOLLOWER to FOLLOWER at term 67 for recognizeCandidate:7c431f9d-51bc-458b-a3a6-511ec217d887
2019-10-17 06:47:43,504 [grpc-default-executor-4] INFO  impl.RaftServerImpl (RaftServerImpl.java:setRole(184)) - b9cfa588-8e56-4331-be2f-4c26f25c6739@group-21BA9BD4283D: changes role from  FOLLOWER to FOLLOWER at term 67 for recognizeCandidate:7c431f9d-51bc-458b-a3a6-511ec217d887
2019-10-17 06:47:43,505 [grpc-default-executor-4] INFO  impl.RoleInfo (RoleInfo.java:shutdownFollowerState(121)) - b9cfa588-8e56-4331-be2f-4c26f25c6739: shutdown FollowerState
2019-10-17 06:47:43,504 [grpc-default-executor-2] INFO  impl.RoleInfo (RoleInfo.java:shutdownFollowerState(121)) - 67f35358-9777-4ff9-96f4-8a61bc3a94fe: shutdown FollowerState
2019-10-17 06:47:43,505 [Thread-1697] INFO  impl.FollowerState (FollowerState.java:run(117)) - b9cfa588-8e56-4331-be2f-4c26f25c6739@group-21BA9BD4283D-FollowerState was interrupted: java.lang.InterruptedException: sleep interrupted
2019-10-17 06:47:43,505 [Thread-1698] INFO  impl.FollowerState (FollowerState.java:run(117)) - 67f35358-9777-4ff9-96f4-8a61bc3a94fe@group-21BA9BD4283D-FollowerState was interrupted: java.lang.InterruptedException: sleep interrupted
2019-10-17 06:47:43,505 [grpc-default-executor-4] INFO  impl.RoleInfo (RoleInfo.java:updateAndGet(143)) - b9cfa588-8e56-4331-be2f-4c26f25c6739: start FollowerState
2019-10-17 06:47:43,505 [grpc-default-executor-2] INFO  impl.RoleInfo (RoleInfo.java:updateAndGet(143)) - 67f35358-9777-4ff9-96f4-8a61bc3a94fe: start FollowerState
2019-10-17 06:47:43,519 [7c431f9d-51bc-458b-a3a6-511ec217d887@group-21BA9BD4283D-LeaderElection137] INFO  impl.LeaderElection (LeaderElection.java:logAndReturn(56)) - 7c431f9d-51bc-458b-a3a6-511ec217d887@group-21BA9BD4283D-LeaderElection137: Election REJECTED; received 2 response(s) [7c431f9d-51bc-458b-a3a6-511ec217d887<-67f35358-9777-4ff9-96f4-8a61bc3a94fe#0:FAIL-t67, 7c431f9d-51bc-458b-a3a6-511ec217d887<-b9cfa588-8e56-4331-be2f-4c26f25c6739#0:FAIL-t67] and 0 exception(s); 7c431f9d-51bc-458b-a3a6-511ec217d887@group-21BA9BD4283D:t67, leader=null, voted=7c431f9d-51bc-458b-a3a6-511ec217d887, raftlog=7c431f9d-51bc-458b-a3a6-511ec217d887@group-21BA9BD4283D-SegmentedRaftLog:OPENED:c-1,f-1,i0, conf=-1: [67f35358-9777-4ff9-96f4-8a61bc3a94fe:192.168.34.62:37037, 7c431f9d-51bc-458b-a3a6-511ec217d887:192.168.34.62:40420, b9cfa588-8e56-4331-be2f-4c26f25c6739:192.168.34.62:34777], old=null
2019-10-17 06:47:43,519 [7c431f9d-51bc-458b-a3a6-511ec217d887@group-21BA9BD4283D-LeaderElection137] INFO  impl.RaftServerImpl (RaftServerImpl.java:setRole(184)) - 7c431f9d-51bc-458b-a3a6-511ec217d887@group-21BA9BD4283D: changes role from CANDIDATE to FOLLOWER at term 67 for DISCOVERED_A_NEW_TERM
2019-10-17 06:47:43,519 [7c431f9d-51bc-458b-a3a6-511ec217d887@group-21BA9BD4283D-LeaderElection137] INFO  impl.RoleInfo (RoleInfo.java:shutdownLeaderElection(134)) - 7c431f9d-51bc-458b-a3a6-511ec217d887: shutdown LeaderElection
2019-10-17 06:47:43,519 [7c431f9d-51bc-458b-a3a6-511ec217d887@group-21BA9BD4283D-LeaderElection137] INFO  impl.RoleInfo (RoleInfo.java:updateAndGet(143)) - 7c431f9d-51bc-458b-a3a6-511ec217d887: start FollowerState
2019-10-17 06:47:43,681 [Thread-1705] INFO  impl.FollowerState (FollowerState.java:run(108)) - 7c431f9d-51bc-458b-a3a6-511ec217d887@group-21BA9BD4283D-FollowerState: change to CANDIDATE, lastRpcTime:162ms, electionTimeout:162ms
2019-10-17 06:47:43,681 [Thread-1705] INFO  impl.RoleInfo (RoleInfo.java:shutdownFollowerState(121)) - 7c431f9d-51bc-458b-a3a6-511ec217d887: shutdown FollowerState
2019-10-17 06:47:43,681 [Thread-1705] INFO  impl.RaftServerImpl (RaftServerImpl.java:setRole(184)) - 7c431f9d-51bc-458b-a3a6-511ec217d887@group-21BA9BD4283D: changes role from  FOLLOWER to CANDIDATE at term 67 for changeToCandidate
2019-10-17 06:47:43,682 [Thread-1705] INFO  impl.RoleInfo (RoleInfo.java:updateAndGet(143)) - 7c431f9d-51bc-458b-a3a6-511ec217d887: start LeaderElection
2019-10-17 06:47:43,694 [7c431f9d-51bc-458b-a3a6-511ec217d887@group-21BA9BD4283D-LeaderElection138] INFO  impl.LeaderElection (LeaderElection.java:askForVotes(178)) - 7c431f9d-51bc-458b-a3a6-511ec217d887@group-21BA9BD4283D-LeaderElection138: begin an election at term 68 for -1: [67f35358-9777-4ff9-96f4-8a61bc3a94fe:192.168.34.62:37037, 7c431f9d-51bc-458b-a3a6-511ec217d887:192.168.34.62:40420, b9cfa588-8e56-4331-be2f-4c26f25c6739:192.168.34.62:34777], old=null
2019-10-17 06:47:43,696 [grpc-default-executor-4] INFO  impl.RaftServerImpl (RaftServerImpl.java:setRole(184)) - 67f35358-9777-4ff9-96f4-8a61bc3a94fe@group-21BA9BD4283D: changes role from  FOLLOWER to FOLLOWER at term 68 for recognizeCandidate:7c431f9d-51bc-458b-a3a6-511ec217d887
2019-10-17 06:47:43,696 [grpc-default-executor-2] INFO  impl.RaftServerImpl (RaftServerImpl.java:setRole(184)) - b9cfa588-8e56-4331-be2f-4c26f25c6739@group-21BA9BD4283D: changes role from  FOLLOWER to FOLLOWER at term 68 for recognizeCandidate:7c431f9d-51bc-458b-a3a6-511ec217d887
2019-10-17 06:47:43,696 [grpc-default-executor-4] INFO  impl.RoleInfo (RoleInfo.java:shutdownFollowerState(121)) - 67f35358-9777-4ff9-96f4-8a61bc3a94fe: shutdown FollowerState
2019-10-17 06:47:43,697 [grpc-default-executor-2] INFO  impl.RoleInfo (RoleInfo.java:shutdownFollowerState(121)) - b9cfa588-8e56-4331-be2f-4c26f25c6739: shutdown FollowerState
2019-10-17 06:47:43,697 [Thread-1704] INFO  impl.FollowerState (FollowerState.java:run(117)) - 67f35358-9777-4ff9-96f4-8a61bc3a94fe@group-21BA9BD4283D-FollowerState was interrupted: java.lang.InterruptedException: sleep interrupted
2019-10-17 06:47:43,697 [Thread-1703] INFO  impl.FollowerState (FollowerState.java:run(117)) - b9cfa588-8e56-4331-be2f-4c26f25c6739@group-21BA9BD4283D-FollowerState was interrupted: java.lang.InterruptedException: sleep interrupted
2019-10-17 06:47:43,697 [grpc-default-executor-4] INFO  impl.RoleInfo (RoleInfo.java:updateAndGet(143)) - 67f35358-9777-4ff9-96f4-8a61bc3a94fe: start FollowerState
2019-10-17 06:47:43,697 [grpc-default-executor-2] INFO  impl.RoleInfo (RoleInfo.java:updateAndGet(143)) - b9cfa588-8e56-4331-be2f-4c26f25c6739: start FollowerState
2019-10-17 06:47:43,713 [7c431f9d-51bc-458b-a3a6-511ec217d887@group-21BA9BD4283D-LeaderElection138] INFO  impl.LeaderElection (LeaderElection.java:logAndReturn(56)) - 7c431f9d-51bc-458b-a3a6-511ec217d887@group-21BA9BD4283D-LeaderElection138: Election REJECTED; received 2 response(s) [7c431f9d-51bc-458b-a3a6-511ec217d887<-67f35358-9777-4ff9-96f4-8a61bc3a94fe#0:FAIL-t68, 7c431f9d-51bc-458b-a3a6-511ec217d887<-b9cfa588-8e56-4331-be2f-4c26f25c6739#0:FAIL-t68] and 0 exception(s); 7c431f9d-51bc-458b-a3a6-511ec217d887@group-21BA9BD4283D:t68, leader=null, voted=7c431f9d-51bc-458b-a3a6-511ec217d887, raftlog=7c431f9d-51bc-458b-a3a6-511ec217d887@group-21BA9BD4283D-SegmentedRaftLog:OPENED:c-1,f-1,i0, conf=-1: [67f35358-9777-4ff9-96f4-8a61bc3a94fe:192.168.34.62:37037, 7c431f9d-51bc-458b-a3a6-511ec217d887:192.168.34.62:40420, b9cfa588-8e56-4331-be2f-4c26f25c6739:192.168.34.62:34777], old=null
2019-10-17 06:47:43,713 [7c431f9d-51bc-458b-a3a6-511ec217d887@group-21BA9BD4283D-LeaderElection138] INFO  impl.RaftServerImpl (RaftServerImpl.java:setRole(184)) - 7c431f9d-51bc-458b-a3a6-511ec217d887@group-21BA9BD4283D: changes role from CANDIDATE to FOLLOWER at term 68 for DISCOVERED_A_NEW_TERM
2019-10-17 06:47:43,713 [7c431f9d-51bc-458b-a3a6-511ec217d887@group-21BA9BD4283D-LeaderElection138] INFO  impl.RoleInfo (RoleInfo.java:shutdownLeaderElection(134)) - 7c431f9d-51bc-458b-a3a6-511ec217d887: shutdown LeaderElection
2019-10-17 06:47:43,713 [7c431f9d-51bc-458b-a3a6-511ec217d887@group-21BA9BD4283D-LeaderElection138] INFO  impl.RoleInfo (RoleInfo.java:updateAndGet(143)) - 7c431f9d-51bc-458b-a3a6-511ec217d887: start FollowerState
2019-10-17 06:47:43,732 [Thread-1711] INFO  impl.FollowerState (FollowerState.java:run(108)) - 7c431f9d-51bc-458b-a3a6-511ec217d887@group-21BA9BD4283D-FollowerState: change to CANDIDATE, lastRpcTime:18ms, electionTimeout:18ms
2019-10-17 06:47:43,732 [Thread-1711] INFO  impl.RoleInfo (RoleInfo.java:shutdownFollowerState(121)) - 7c431f9d-51bc-458b-a3a6-511ec217d887: shutdown FollowerState
2019-10-17 06:47:43,732 [Thread-1711] INFO  impl.RaftServerImpl (RaftServerImpl.java:setRole(184)) - 7c431f9d-51bc-458b-a3a6-511ec217d887@group-21BA9BD4283D: changes role from  FOLLOWER to CANDIDATE at term 68 for changeToCandidate
2019-10-17 06:47:43,732 [Thread-1711] INFO  impl.RoleInfo (RoleInfo.java:updateAndGet(143)) - 7c431f9d-51bc-458b-a3a6-511ec217d887: start LeaderElection
2019-10-17 06:47:43,756 [7c431f9d-51bc-458b-a3a6-511ec217d887@group-21BA9BD4283D-LeaderElection139] INFO  impl.LeaderElection (LeaderElection.java:askForVotes(178)) - 7c431f9d-51bc-458b-a3a6-511ec217d887@group-21BA9BD4283D-LeaderElection139: begin an election at term 69 for -1: [67f35358-9777-4ff9-96f4-8a61bc3a94fe:192.168.34.62:37037, 7c431f9d-51bc-458b-a3a6-511ec217d887:192.168.34.62:40420, b9cfa588-8e56-4331-be2f-4c26f25c6739:192.168.34.62:34777], old=null
2019-10-17 06:47:43,758 [grpc-default-executor-4] INFO  impl.RaftServerImpl (RaftServerImpl.java:setRole(184)) - 67f35358-9777-4ff9-96f4-8a61bc3a94fe@group-21BA9BD4283D: changes role from  FOLLOWER to FOLLOWER at term 69 for recognizeCandidate:7c431f9d-51bc-458b-a3a6-511ec217d887
2019-10-17 06:47:43,758 [grpc-default-executor-2] INFO  impl.RaftServerImpl (RaftServerImpl.java:setRole(184)) - b9cfa588-8e56-4331-be2f-4c26f25c6739@group-21BA9BD4283D: changes role from  FOLLOWER to FOLLOWER at term 69 for recognizeCandidate:7c431f9d-51bc-458b-a3a6-511ec217d887
2019-10-17 06:47:43,758 [grpc-default-executor-4] INFO  impl.RoleInfo (RoleInfo.java:shutdownFollowerState(121)) - 67f35358-9777-4ff9-96f4-8a61bc3a94fe: shutdown FollowerState
2019-10-17 06:47:43,758 [grpc-default-executor-2] INFO  impl.RoleInfo (RoleInfo.java:shutdownFollowerState(121)) - b9cfa588-8e56-4331-be2f-4c26f25c6739: shutdown FollowerState
2019-10-17 06:47:43,758 [grpc-default-executor-4] INFO  impl.RoleInfo (RoleInfo.java:updateAndGet(143)) - 67f35358-9777-4ff9-96f4-8a61bc3a94fe: start FollowerState
2019-10-17 06:47:43,758 [grpc-default-executor-2] INFO  impl.RoleInfo (RoleInfo.java:updateAndGet(143)) - b9cfa588-8e56-4331-be2f-4c26f25c6739: start FollowerState
2019-10-17 06:47:43,758 [Thread-1709] INFO  impl.FollowerState (FollowerState.java:run(117)) - 67f35358-9777-4ff9-96f4-8a61bc3a94fe@group-21BA9BD4283D-FollowerState was interrupted: java.lang.InterruptedException: sleep interrupted
2019-10-17 06:47:43,758 [Thread-1710] INFO  impl.FollowerState (FollowerState.java:run(117)) - b9cfa588-8e56-4331-be2f-4c26f25c6739@group-21BA9BD4283D-FollowerState was interrupted: java.lang.InterruptedException: sleep interrupted
2019-10-17 06:47:43,782 [7c431f9d-51bc-458b-a3a6-511ec217d887@group-21BA9BD4283D-LeaderElection139] INFO  impl.LeaderElection (LeaderElection.java:logAndReturn(56)) - 7c431f9d-51bc-458b-a3a6-511ec217d887@group-21BA9BD4283D-LeaderElection139: Election REJECTED; received 2 response(s) [7c431f9d-51bc-458b-a3a6-511ec217d887<-67f35358-9777-4ff9-96f4-8a61bc3a94fe#0:FAIL-t69, 7c431f9d-51bc-458b-a3a6-511ec217d887<-b9cfa588-8e56-4331-be2f-4c26f25c6739#0:FAIL-t69] and 0 exception(s); 7c431f9d-51bc-458b-a3a6-511ec217d887@group-21BA9BD4283D:t69, leader=null, voted=7c431f9d-51bc-458b-a3a6-511ec217d887, raftlog=7c431f9d-51bc-458b-a3a6-511ec217d887@group-21BA9BD4283D-SegmentedRaftLog:OPENED:c-1,f-1,i0, conf=-1: [67f35358-9777-4ff9-96f4-8a61bc3a94fe:192.168.34.62:37037, 7c431f9d-51bc-458b-a3a6-511ec217d887:192.168.34.62:40420, b9cfa588-8e56-4331-be2f-4c26f25c6739:192.168.34.62:34777], old=null
2019-10-17 06:47:43,782 [7c431f9d-51bc-458b-a3a6-511ec217d887@group-21BA9BD4283D-LeaderElection139] INFO  impl.RaftServerImpl (RaftServerImpl.java:setRole(184)) - 7c431f9d-51bc-458b-a3a6-511ec217d887@group-21BA9BD4283D: changes role from CANDIDATE to FOLLOWER at term 69 for DISCOVERED_A_NEW_TERM
2019-10-17 06:47:43,782 [7c431f9d-51bc-458b-a3a6-511ec217d887@group-21BA9BD4283D-LeaderElection139] INFO  impl.RoleInfo (RoleInfo.java:shutdownLeaderElection(134)) - 7c431f9d-51bc-458b-a3a6-511ec217d887: shutdown LeaderElection
2019-10-17 06:47:43,782 [7c431f9d-51bc-458b-a3a6-511ec217d887@group-21BA9BD4283D-LeaderElection139] INFO  impl.RoleInfo (RoleInfo.java:updateAndGet(143)) - 7c431f9d-51bc-458b-a3a6-511ec217d887: start FollowerState
2019-10-17 06:47:43,941 [Thread-1717] INFO  impl.FollowerState (FollowerState.java:run(108)) - 7c431f9d-51bc-458b-a3a6-511ec217d887@group-21BA9BD4283D-FollowerState: change to CANDIDATE, lastRpcTime:159ms, electionTimeout:159ms
2019-10-17 06:47:43,942 [Thread-1717] INFO  impl.RoleInfo (RoleInfo.java:shutdownFollowerState(121)) - 7c431f9d-51bc-458b-a3a6-511ec217d887: shutdown FollowerState
2019-10-17 06:47:43,942 [Thread-1717] INFO  impl.RaftServerImpl (RaftServerImpl.java:setRole(184)) - 7c431f9d-51bc-458b-a3a6-511ec217d887@group-21BA9BD4283D: changes role from  FOLLOWER to CANDIDATE at term 69 for changeToCandidate
2019-10-17 06:47:43,942 [Thread-1717] INFO  impl.RoleInfo (RoleInfo.java:updateAndGet(143)) - 7c431f9d-51bc-458b-a3a6-511ec217d887: start LeaderElection
2019-10-17 06:47:43,963 [7c431f9d-51bc-458b-a3a6-511ec217d887@group-21BA9BD4283D-LeaderElection140] INFO  impl.LeaderElection (LeaderElection.java:askForVotes(178)) - 7c431f9d-51bc-458b-a3a6-511ec217d887@group-21BA9BD4283D-LeaderElection140: begin an election at term 70 for -1: [67f35358-9777-4ff9-96f4-8a61bc3a94fe:192.168.34.62:37037, 7c431f9d-51bc-458b-a3a6-511ec217d887:192.168.34.62:40420, b9cfa588-8e56-4331-be2f-4c26f25c6739:192.168.34.62:34777], old=null
2019-10-17 06:47:43,965 [grpc-default-executor-4] INFO  impl.RaftServerImpl (RaftServerImpl.java:setRole(184)) - b9cfa588-8e56-4331-be2f-4c26f25c6739@group-21BA9BD4283D: changes role from  FOLLOWER to FOLLOWER at term 70 for recognizeCandidate:7c431f9d-51bc-458b-a3a6-511ec217d887
2019-10-17 06:47:43,965 [grpc-default-executor-4] INFO  impl.RoleInfo (RoleInfo.java:shutdownFollowerState(121)) - b9cfa588-8e56-4331-be2f-4c26f25c6739: shutdown FollowerState
2019-10-17 06:47:43,965 [grpc-default-executor-2] INFO  impl.RaftServerImpl (RaftServerImpl.java:setRole(184)) - 67f35358-9777-4ff9-96f4-8a61bc3a94fe@group-21BA9BD4283D: changes role from  FOLLOWER to FOLLOWER at term 70 for recognizeCandidate:7c431f9d-51bc-458b-a3a6-511ec217d887
2019-10-17 06:47:43,965 [grpc-default-executor-2] INFO  impl.RoleInfo (RoleInfo.java:shutdownFollowerState(121)) - 67f35358-9777-4ff9-96f4-8a61bc3a94fe: shutdown FollowerState
2019-10-17 06:47:43,966 [grpc-default-executor-2] INFO  impl.RoleInfo (RoleInfo.java:updateAndGet(143)) - 67f35358-9777-4ff9-96f4-8a61bc3a94fe: start FollowerState
2019-10-17 06:47:43,965 [grpc-default-executor-4] INFO  impl.RoleInfo (RoleInfo.java:updateAndGet(143)) - b9cfa588-8e56-4331-be2f-4c26f25c6739: start FollowerState
2019-10-17 06:47:43,965 [Thread-1716] INFO  impl.FollowerState (FollowerState.java:run(117)) - b9cfa588-8e56-4331-be2f-4c26f25c6739@group-21BA9BD4283D-FollowerState was interrupted: java.lang.InterruptedException: sleep interrupted
2019-10-17 06:47:43,966 [Thread-1715] INFO  impl.FollowerState (FollowerState.java:run(117)) - 67f35358-9777-4ff9-96f4-8a61bc3a94fe@group-21BA9BD4283D-FollowerState was interrupted: java.lang.InterruptedException: sleep interrupted
2019-10-17 06:47:43,980 [7c431f9d-51bc-458b-a3a6-511ec217d887@group-21BA9BD4283D-LeaderElection140] INFO  impl.LeaderElection (LeaderElection.java:logAndReturn(56)) - 7c431f9d-51bc-458b-a3a6-511ec217d887@group-21BA9BD4283D-LeaderElection140: Election REJECTED; received 2 response(s) [7c431f9d-51bc-458b-a3a6-511ec217d887<-67f35358-9777-4ff9-96f4-8a61bc3a94fe#0:FAIL-t70, 7c431f9d-51bc-458b-a3a6-511ec217d887<-b9cfa588-8e56-4331-be2f-4c26f25c6739#0:FAIL-t70] and 0 exception(s); 7c431f9d-51bc-458b-a3a6-511ec217d887@group-21BA9BD4283D:t70, leader=null, voted=7c431f9d-51bc-458b-a3a6-511ec217d887, raftlog=7c431f9d-51bc-458b-a3a6-511ec217d887@group-21BA9BD4283D-SegmentedRaftLog:OPENED:c-1,f-1,i0, conf=-1: [67f35358-9777-4ff9-96f4-8a61bc3a94fe:192.168.34.62:37037, 7c431f9d-51bc-458b-a3a6-511ec217d887:192.168.34.62:40420, b9cfa588-8e56-4331-be2f-4c26f25c6739:192.168.34.62:34777], old=null
2019-10-17 06:47:43,980 [7c431f9d-51bc-458b-a3a6-511ec217d887@group-21BA9BD4283D-LeaderElection140] INFO  impl.RaftServerImpl (RaftServerImpl.java:setRole(184)) - 7c431f9d-51bc-458b-a3a6-511ec217d887@group-21BA9BD4283D: changes role from CANDIDATE to FOLLOWER at term 70 for DISCOVERED_A_NEW_TERM
2019-10-17 06:47:43,980 [7c431f9d-51bc-458b-a3a6-511ec217d887@group-21BA9BD4283D-LeaderElection140] INFO  impl.RoleInfo (RoleInfo.java:shutdownLeaderElection(134)) - 7c431f9d-51bc-458b-a3a6-511ec217d887: shutdown LeaderElection
2019-10-17 06:47:43,980 [7c431f9d-51bc-458b-a3a6-511ec217d887@group-21BA9BD4283D-LeaderElection140] INFO  impl.RoleInfo (RoleInfo.java:updateAndGet(143)) - 7c431f9d-51bc-458b-a3a6-511ec217d887: start FollowerState
2019-10-17 06:47:44,068 [Thread-1723] INFO  impl.FollowerState (FollowerState.java:run(108)) - 7c431f9d-51bc-458b-a3a6-511ec217d887@group-21BA9BD4283D-FollowerState: change to CANDIDATE, lastRpcTime:87ms, electionTimeout:87ms
2019-10-17 06:47:44,068 [Thread-1723] INFO  impl.RoleInfo (RoleInfo.java:shutdownFollowerState(121)) - 7c431f9d-51bc-458b-a3a6-511ec217d887: shutdown FollowerState
2019-10-17 06:47:44,068 [Thread-1723] INFO  impl.RaftServerImpl (RaftServerImpl.java:setRole(184)) - 7c431f9d-51bc-458b-a3a6-511ec217d887@group-21BA9BD4283D: changes role from  FOLLOWER to CANDIDATE at term 70 for changeToCandidate
2019-10-17 06:47:44,068 [Thread-1723] INFO  impl.RoleInfo (RoleInfo.java:updateAndGet(143)) - 7c431f9d-51bc-458b-a3a6-511ec217d887: start LeaderElection
2019-10-17 06:47:44,091 [7c431f9d-51bc-458b-a3a6-511ec217d887@group-21BA9BD4283D-LeaderElection141] INFO  impl.LeaderElection (LeaderElection.java:askForVotes(178)) - 7c431f9d-51bc-458b-a3a6-511ec217d887@group-21BA9BD4283D-LeaderElection141: begin an election at term 71 for -1: [67f35358-9777-4ff9-96f4-8a61bc3a94fe:192.168.34.62:37037, 7c431f9d-51bc-458b-a3a6-511ec217d887:192.168.34.62:40420, b9cfa588-8e56-4331-be2f-4c26f25c6739:192.168.34.62:34777], old=null
2019-10-17 06:47:44,093 [main] INFO  ozone.MiniOzoneClusterImpl (MiniOzoneClusterImpl.java:lambda$waitForClusterToBeReady$2(164)) - Waiting for 1 number of pipelines out of 4, to report a leader.
2019-10-17 06:47:44,093 [grpc-default-executor-4] INFO  impl.RaftServerImpl (RaftServerImpl.java:setRole(184)) - b9cfa588-8e56-4331-be2f-4c26f25c6739@group-21BA9BD4283D: changes role from  FOLLOWER to FOLLOWER at term 71 for recognizeCandidate:7c431f9d-51bc-458b-a3a6-511ec217d887
2019-10-17 06:47:44,093 [grpc-default-executor-4] INFO  impl.RoleInfo (RoleInfo.java:shutdownFollowerState(121)) - b9cfa588-8e56-4331-be2f-4c26f25c6739: shutdown FollowerState
2019-10-17 06:47:44,093 [grpc-default-executor-2] INFO  impl.RaftServerImpl (RaftServerImpl.java:setRole(184)) - 67f35358-9777-4ff9-96f4-8a61bc3a94fe@group-21BA9BD4283D: changes role from  FOLLOWER to FOLLOWER at term 71 for recognizeCandidate:7c431f9d-51bc-458b-a3a6-511ec217d887
2019-10-17 06:47:44,094 [Thread-1721] INFO  impl.FollowerState (FollowerState.java:run(117)) - b9cfa588-8e56-4331-be2f-4c26f25c6739@group-21BA9BD4283D-FollowerState was interrupted: java.lang.InterruptedException: sleep interrupted
2019-10-17 06:47:44,094 [grpc-default-executor-4] INFO  impl.RoleInfo (RoleInfo.java:updateAndGet(143)) - b9cfa588-8e56-4331-be2f-4c26f25c6739: start FollowerState
2019-10-17 06:47:44,094 [grpc-default-executor-2] INFO  impl.RoleInfo (RoleInfo.java:shutdownFollowerState(121)) - 67f35358-9777-4ff9-96f4-8a61bc3a94fe: shutdown FollowerState
2019-10-17 06:47:44,094 [grpc-default-executor-2] INFO  impl.RoleInfo (RoleInfo.java:updateAndGet(143)) - 67f35358-9777-4ff9-96f4-8a61bc3a94fe: start FollowerState
2019-10-17 06:47:44,094 [Thread-1722] INFO  impl.FollowerState (FollowerState.java:run(117)) - 67f35358-9777-4ff9-96f4-8a61bc3a94fe@group-21BA9BD4283D-FollowerState was interrupted: java.lang.InterruptedException: sleep interrupted
2019-10-17 06:47:44,095 [7c431f9d-51bc-458b-a3a6-511ec217d887@group-21BA9BD4283D-LeaderElection141] INFO  impl.LeaderElection (LeaderElection.java:logAndReturn(56)) - 7c431f9d-51bc-458b-a3a6-511ec217d887@group-21BA9BD4283D-LeaderElection141: Election TIMEOUT; received 0 response(s) [] and 0 exception(s); 7c431f9d-51bc-458b-a3a6-511ec217d887@group-21BA9BD4283D:t71, leader=null, voted=7c431f9d-51bc-458b-a3a6-511ec217d887, raftlog=7c431f9d-51bc-458b-a3a6-511ec217d887@group-21BA9BD4283D-SegmentedRaftLog:OPENED:c-1,f-1,i0, conf=-1: [67f35358-9777-4ff9-96f4-8a61bc3a94fe:192.168.34.62:37037, 7c431f9d-51bc-458b-a3a6-511ec217d887:192.168.34.62:40420, b9cfa588-8e56-4331-be2f-4c26f25c6739:192.168.34.62:34777], old=null
2019-10-17 06:47:44,107 [7c431f9d-51bc-458b-a3a6-511ec217d887@group-21BA9BD4283D-LeaderElection141] INFO  impl.LeaderElection (LeaderElection.java:askForVotes(178)) - 7c431f9d-51bc-458b-a3a6-511ec217d887@group-21BA9BD4283D-LeaderElection141: begin an election at term 72 for -1: [67f35358-9777-4ff9-96f4-8a61bc3a94fe:192.168.34.62:37037, 7c431f9d-51bc-458b-a3a6-511ec217d887:192.168.34.62:40420, b9cfa588-8e56-4331-be2f-4c26f25c6739:192.168.34.62:34777], old=null
2019-10-17 06:47:44,108 [grpc-default-executor-2] INFO  impl.RaftServerImpl (RaftServerImpl.java:setRole(184)) - b9cfa588-8e56-4331-be2f-4c26f25c6739@group-21BA9BD4283D: changes role from  FOLLOWER to FOLLOWER at term 72 for recognizeCandidate:7c431f9d-51bc-458b-a3a6-511ec217d887
2019-10-17 06:47:44,109 [grpc-default-executor-2] INFO  impl.RoleInfo (RoleInfo.java:shutdownFollowerState(121)) - b9cfa588-8e56-4331-be2f-4c26f25c6739: shutdown FollowerState
2019-10-17 06:47:44,109 [grpc-default-executor-2] INFO  impl.RoleInfo (RoleInfo.java:updateAndGet(143)) - b9cfa588-8e56-4331-be2f-4c26f25c6739: start FollowerState
2019-10-17 06:47:44,109 [Thread-1727] INFO  impl.FollowerState (FollowerState.java:run(117)) - b9cfa588-8e56-4331-be2f-4c26f25c6739@group-21BA9BD4283D-FollowerState was interrupted: java.lang.InterruptedException: sleep interrupted
2019-10-17 06:47:44,111 [grpc-default-executor-4] INFO  impl.RaftServerImpl (RaftServerImpl.java:setRole(184)) - 67f35358-9777-4ff9-96f4-8a61bc3a94fe@group-21BA9BD4283D: changes role from  FOLLOWER to FOLLOWER at term 72 for recognizeCandidate:7c431f9d-51bc-458b-a3a6-511ec217d887
2019-10-17 06:47:44,111 [grpc-default-executor-4] INFO  impl.RoleInfo (RoleInfo.java:shutdownFollowerState(121)) - 67f35358-9777-4ff9-96f4-8a61bc3a94fe: shutdown FollowerState
2019-10-17 06:47:44,111 [grpc-default-executor-4] INFO  impl.RoleInfo (RoleInfo.java:updateAndGet(143)) - 67f35358-9777-4ff9-96f4-8a61bc3a94fe: start FollowerState
2019-10-17 06:47:44,111 [Thread-1728] INFO  impl.FollowerState (FollowerState.java:run(117)) - 67f35358-9777-4ff9-96f4-8a61bc3a94fe@group-21BA9BD4283D-FollowerState was interrupted: java.lang.InterruptedException: sleep interrupted
2019-10-17 06:47:44,126 [7c431f9d-51bc-458b-a3a6-511ec217d887@group-21BA9BD4283D-LeaderElection141] INFO  impl.LeaderElection (LeaderElection.java:logAndReturn(56)) - 7c431f9d-51bc-458b-a3a6-511ec217d887@group-21BA9BD4283D-LeaderElection141: Election REJECTED; received 2 response(s) [7c431f9d-51bc-458b-a3a6-511ec217d887<-67f35358-9777-4ff9-96f4-8a61bc3a94fe#0:FAIL-t72, 7c431f9d-51bc-458b-a3a6-511ec217d887<-b9cfa588-8e56-4331-be2f-4c26f25c6739#0:FAIL-t72] and 0 exception(s); 7c431f9d-51bc-458b-a3a6-511ec217d887@group-21BA9BD4283D:t72, leader=null, voted=7c431f9d-51bc-458b-a3a6-511ec217d887, raftlog=7c431f9d-51bc-458b-a3a6-511ec217d887@group-21BA9BD4283D-SegmentedRaftLog:OPENED:c-1,f-1,i0, conf=-1: [67f35358-9777-4ff9-96f4-8a61bc3a94fe:192.168.34.62:37037, 7c431f9d-51bc-458b-a3a6-511ec217d887:192.168.34.62:40420, b9cfa588-8e56-4331-be2f-4c26f25c6739:192.168.34.62:34777], old=null
2019-10-17 06:47:44,126 [7c431f9d-51bc-458b-a3a6-511ec217d887@group-21BA9BD4283D-LeaderElection141] INFO  impl.RaftServerImpl (RaftServerImpl.java:setRole(184)) - 7c431f9d-51bc-458b-a3a6-511ec217d887@group-21BA9BD4283D: changes role from CANDIDATE to FOLLOWER at term 72 for DISCOVERED_A_NEW_TERM
2019-10-17 06:47:44,126 [7c431f9d-51bc-458b-a3a6-511ec217d887@group-21BA9BD4283D-LeaderElection141] INFO  impl.RoleInfo (RoleInfo.java:shutdownLeaderElection(134)) - 7c431f9d-51bc-458b-a3a6-511ec217d887: shutdown LeaderElection
2019-10-17 06:47:44,126 [7c431f9d-51bc-458b-a3a6-511ec217d887@group-21BA9BD4283D-LeaderElection141] INFO  impl.RoleInfo (RoleInfo.java:updateAndGet(143)) - 7c431f9d-51bc-458b-a3a6-511ec217d887: start FollowerState
2019-10-17 06:47:44,285 [Thread-1733] INFO  impl.FollowerState (FollowerState.java:run(108)) - 7c431f9d-51bc-458b-a3a6-511ec217d887@group-21BA9BD4283D-FollowerState: change to CANDIDATE, lastRpcTime:158ms, electionTimeout:158ms
2019-10-17 06:47:44,285 [Thread-1733] INFO  impl.RoleInfo (RoleInfo.java:shutdownFollowerState(121)) - 7c431f9d-51bc-458b-a3a6-511ec217d887: shutdown FollowerState
2019-10-17 06:47:44,285 [Thread-1733] INFO  impl.RaftServerImpl (RaftServerImpl.java:setRole(184)) - 7c431f9d-51bc-458b-a3a6-511ec217d887@group-21BA9BD4283D: changes role from  FOLLOWER to CANDIDATE at term 72 for changeToCandidate
2019-10-17 06:47:44,285 [Thread-1733] INFO  impl.RoleInfo (RoleInfo.java:updateAndGet(143)) - 7c431f9d-51bc-458b-a3a6-511ec217d887: start LeaderElection
2019-10-17 06:47:44,291 [7c431f9d-51bc-458b-a3a6-511ec217d887@group-21BA9BD4283D-LeaderElection142] INFO  impl.LeaderElection (LeaderElection.java:askForVotes(178)) - 7c431f9d-51bc-458b-a3a6-511ec217d887@group-21BA9BD4283D-LeaderElection142: begin an election at term 73 for -1: [67f35358-9777-4ff9-96f4-8a61bc3a94fe:192.168.34.62:37037, 7c431f9d-51bc-458b-a3a6-511ec217d887:192.168.34.62:40420, b9cfa588-8e56-4331-be2f-4c26f25c6739:192.168.34.62:34777], old=null
2019-10-17 06:47:44,293 [grpc-default-executor-4] INFO  impl.RaftServerImpl (RaftServerImpl.java:setRole(184)) - b9cfa588-8e56-4331-be2f-4c26f25c6739@group-21BA9BD4283D: changes role from  FOLLOWER to FOLLOWER at term 73 for recognizeCandidate:7c431f9d-51bc-458b-a3a6-511ec217d887
2019-10-17 06:47:44,293 [grpc-default-executor-2] INFO  impl.RaftServerImpl (RaftServerImpl.java:setRole(184)) - 67f35358-9777-4ff9-96f4-8a61bc3a94fe@group-21BA9BD4283D: changes role from  FOLLOWER to FOLLOWER at term 73 for recognizeCandidate:7c431f9d-51bc-458b-a3a6-511ec217d887
2019-10-17 06:47:44,293 [grpc-default-executor-2] INFO  impl.RoleInfo (RoleInfo.java:shutdownFollowerState(121)) - 67f35358-9777-4ff9-96f4-8a61bc3a94fe: shutdown FollowerState
2019-10-17 06:47:44,293 [grpc-default-executor-4] INFO  impl.RoleInfo (RoleInfo.java:shutdownFollowerState(121)) - b9cfa588-8e56-4331-be2f-4c26f25c6739: shutdown FollowerState
2019-10-17 06:47:44,293 [grpc-default-executor-2] INFO  impl.RoleInfo (RoleInfo.java:updateAndGet(143)) - 67f35358-9777-4ff9-96f4-8a61bc3a94fe: start FollowerState
2019-10-17 06:47:44,293 [Thread-1731] INFO  impl.FollowerState (FollowerState.java:run(117)) - b9cfa588-8e56-4331-be2f-4c26f25c6739@group-21BA9BD4283D-FollowerState was interrupted: java.lang.InterruptedException: sleep interrupted
2019-10-17 06:47:44,293 [Thread-1732] INFO  impl.FollowerState (FollowerState.java:run(117)) - 67f35358-9777-4ff9-96f4-8a61bc3a94fe@group-21BA9BD4283D-FollowerState was interrupted: java.lang.InterruptedException: sleep interrupted
2019-10-17 06:47:44,293 [grpc-default-executor-4] INFO  impl.RoleInfo (RoleInfo.java:updateAndGet(143)) - b9cfa588-8e56-4331-be2f-4c26f25c6739: start FollowerState
2019-10-17 06:47:44,323 [7c431f9d-51bc-458b-a3a6-511ec217d887@group-21BA9BD4283D-LeaderElection142] INFO  impl.LeaderElection (LeaderElection.java:logAndReturn(56)) - 7c431f9d-51bc-458b-a3a6-511ec217d887@group-21BA9BD4283D-LeaderElection142: Election REJECTED; received 2 response(s) [7c431f9d-51bc-458b-a3a6-511ec217d887<-67f35358-9777-4ff9-96f4-8a61bc3a94fe#0:FAIL-t73, 7c431f9d-51bc-458b-a3a6-511ec217d887<-b9cfa588-8e56-4331-be2f-4c26f25c6739#0:FAIL-t73] and 0 exception(s); 7c431f9d-51bc-458b-a3a6-511ec217d887@group-21BA9BD4283D:t73, leader=null, voted=7c431f9d-51bc-458b-a3a6-511ec217d887, raftlog=7c431f9d-51bc-458b-a3a6-511ec217d887@group-21BA9BD4283D-SegmentedRaftLog:OPENED:c-1,f-1,i0, conf=-1: [67f35358-9777-4ff9-96f4-8a61bc3a94fe:192.168.34.62:37037, 7c431f9d-51bc-458b-a3a6-511ec217d887:192.168.34.62:40420, b9cfa588-8e56-4331-be2f-4c26f25c6739:192.168.34.62:34777], old=null
2019-10-17 06:47:44,323 [7c431f9d-51bc-458b-a3a6-511ec217d887@group-21BA9BD4283D-LeaderElection142] INFO  impl.RaftServerImpl (RaftServerImpl.java:setRole(184)) - 7c431f9d-51bc-458b-a3a6-511ec217d887@group-21BA9BD4283D: changes role from CANDIDATE to FOLLOWER at term 73 for DISCOVERED_A_NEW_TERM
2019-10-17 06:47:44,323 [7c431f9d-51bc-458b-a3a6-511ec217d887@group-21BA9BD4283D-LeaderElection142] INFO  impl.RoleInfo (RoleInfo.java:shutdownLeaderElection(134)) - 7c431f9d-51bc-458b-a3a6-511ec217d887: shutdown LeaderElection
2019-10-17 06:47:44,323 [7c431f9d-51bc-458b-a3a6-511ec217d887@group-21BA9BD4283D-LeaderElection142] INFO  impl.RoleInfo (RoleInfo.java:updateAndGet(143)) - 7c431f9d-51bc-458b-a3a6-511ec217d887: start FollowerState
2019-10-17 06:47:44,456 [Thread-1739] INFO  impl.FollowerState (FollowerState.java:run(108)) - 7c431f9d-51bc-458b-a3a6-511ec217d887@group-21BA9BD4283D-FollowerState: change to CANDIDATE, lastRpcTime:132ms, electionTimeout:132ms
2019-10-17 06:47:44,456 [Thread-1739] INFO  impl.RoleInfo (RoleInfo.java:shutdownFollowerState(121)) - 7c431f9d-51bc-458b-a3a6-511ec217d887: shutdown FollowerState
2019-10-17 06:47:44,456 [Thread-1739] INFO  impl.RaftServerImpl (RaftServerImpl.java:setRole(184)) - 7c431f9d-51bc-458b-a3a6-511ec217d887@group-21BA9BD4283D: changes role from  FOLLOWER to CANDIDATE at term 73 for changeToCandidate
2019-10-17 06:47:44,456 [Thread-1739] INFO  impl.RoleInfo (RoleInfo.java:updateAndGet(143)) - 7c431f9d-51bc-458b-a3a6-511ec217d887: start LeaderElection
2019-10-17 06:47:44,460 [7c431f9d-51bc-458b-a3a6-511ec217d887@group-21BA9BD4283D-LeaderElection143] INFO  impl.LeaderElection (LeaderElection.java:askForVotes(178)) - 7c431f9d-51bc-458b-a3a6-511ec217d887@group-21BA9BD4283D-LeaderElection143: begin an election at term 74 for -1: [67f35358-9777-4ff9-96f4-8a61bc3a94fe:192.168.34.62:37037, 7c431f9d-51bc-458b-a3a6-511ec217d887:192.168.34.62:40420, b9cfa588-8e56-4331-be2f-4c26f25c6739:192.168.34.62:34777], old=null
2019-10-17 06:47:44,462 [grpc-default-executor-4] INFO  impl.RaftServerImpl (RaftServerImpl.java:setRole(184)) - 67f35358-9777-4ff9-96f4-8a61bc3a94fe@group-21BA9BD4283D: changes role from  FOLLOWER to FOLLOWER at term 74 for recognizeCandidate:7c431f9d-51bc-458b-a3a6-511ec217d887
2019-10-17 06:47:44,462 [grpc-default-executor-4] INFO  impl.RoleInfo (RoleInfo.java:shutdownFollowerState(121)) - 67f35358-9777-4ff9-96f4-8a61bc3a94fe: shutdown FollowerState
2019-10-17 06:47:44,462 [grpc-default-executor-2] INFO  impl.RaftServerImpl (RaftServerImpl.java:setRole(184)) - b9cfa588-8e56-4331-be2f-4c26f25c6739@group-21BA9BD4283D: changes role from  FOLLOWER to FOLLOWER at term 74 for recognizeCandidate:7c431f9d-51bc-458b-a3a6-511ec217d887
2019-10-17 06:47:44,462 [Thread-1737] INFO  impl.FollowerState (FollowerState.java:run(117)) - 67f35358-9777-4ff9-96f4-8a61bc3a94fe@group-21BA9BD4283D-FollowerState was interrupted: java.lang.InterruptedException: sleep interrupted
2019-10-17 06:47:44,462 [grpc-default-executor-4] INFO  impl.RoleInfo (RoleInfo.java:updateAndGet(143)) - 67f35358-9777-4ff9-96f4-8a61bc3a94fe: start FollowerState
2019-10-17 06:47:44,462 [grpc-default-executor-2] INFO  impl.RoleInfo (RoleInfo.java:shutdownFollowerState(121)) - b9cfa588-8e56-4331-be2f-4c26f25c6739: shutdown FollowerState
2019-10-17 06:47:44,462 [grpc-default-executor-2] INFO  impl.RoleInfo (RoleInfo.java:updateAndGet(143)) - b9cfa588-8e56-4331-be2f-4c26f25c6739: start FollowerState
2019-10-17 06:47:44,463 [Thread-1738] INFO  impl.FollowerState (FollowerState.java:run(117)) - b9cfa588-8e56-4331-be2f-4c26f25c6739@group-21BA9BD4283D-FollowerState was interrupted: java.lang.InterruptedException: sleep interrupted
2019-10-17 06:47:44,476 [7c431f9d-51bc-458b-a3a6-511ec217d887@group-21BA9BD4283D-LeaderElection143] INFO  impl.LeaderElection (LeaderElection.java:logAndReturn(56)) - 7c431f9d-51bc-458b-a3a6-511ec217d887@group-21BA9BD4283D-LeaderElection143: Election REJECTED; received 2 response(s) [7c431f9d-51bc-458b-a3a6-511ec217d887<-67f35358-9777-4ff9-96f4-8a61bc3a94fe#0:FAIL-t74, 7c431f9d-51bc-458b-a3a6-511ec217d887<-b9cfa588-8e56-4331-be2f-4c26f25c6739#0:FAIL-t74] and 0 exception(s); 7c431f9d-51bc-458b-a3a6-511ec217d887@group-21BA9BD4283D:t74, leader=null, voted=7c431f9d-51bc-458b-a3a6-511ec217d887, raftlog=7c431f9d-51bc-458b-a3a6-511ec217d887@group-21BA9BD4283D-SegmentedRaftLog:OPENED:c-1,f-1,i0, conf=-1: [67f35358-9777-4ff9-96f4-8a61bc3a94fe:192.168.34.62:37037, 7c431f9d-51bc-458b-a3a6-511ec217d887:192.168.34.62:40420, b9cfa588-8e56-4331-be2f-4c26f25c6739:192.168.34.62:34777], old=null
2019-10-17 06:47:44,476 [7c431f9d-51bc-458b-a3a6-511ec217d887@group-21BA9BD4283D-LeaderElection143] INFO  impl.RaftServerImpl (RaftServerImpl.java:setRole(184)) - 7c431f9d-51bc-458b-a3a6-511ec217d887@group-21BA9BD4283D: changes role from CANDIDATE to FOLLOWER at term 74 for DISCOVERED_A_NEW_TERM
2019-10-17 06:47:44,476 [7c431f9d-51bc-458b-a3a6-511ec217d887@group-21BA9BD4283D-LeaderElection143] INFO  impl.RoleInfo (RoleInfo.java:shutdownLeaderElection(134)) - 7c431f9d-51bc-458b-a3a6-511ec217d887: shutdown LeaderElection
2019-10-17 06:47:44,476 [7c431f9d-51bc-458b-a3a6-511ec217d887@group-21BA9BD4283D-LeaderElection143] INFO  impl.RoleInfo (RoleInfo.java:updateAndGet(143)) - 7c431f9d-51bc-458b-a3a6-511ec217d887: start FollowerState
2019-10-17 06:47:44,510 [Thread-1745] INFO  impl.FollowerState (FollowerState.java:run(108)) - 7c431f9d-51bc-458b-a3a6-511ec217d887@group-21BA9BD4283D-FollowerState: change to CANDIDATE, lastRpcTime:34ms, electionTimeout:34ms
2019-10-17 06:47:44,511 [Thread-1745] INFO  impl.RoleInfo (RoleInfo.java:shutdownFollowerState(121)) - 7c431f9d-51bc-458b-a3a6-511ec217d887: shutdown FollowerState
2019-10-17 06:47:44,511 [Thread-1745] INFO  impl.RaftServerImpl (RaftServerImpl.java:setRole(184)) - 7c431f9d-51bc-458b-a3a6-511ec217d887@group-21BA9BD4283D: changes role from  FOLLOWER to CANDIDATE at term 74 for changeToCandidate
2019-10-17 06:47:44,511 [Thread-1745] INFO  impl.RoleInfo (RoleInfo.java:updateAndGet(143)) - 7c431f9d-51bc-458b-a3a6-511ec217d887: start LeaderElection
2019-10-17 06:47:44,514 [7c431f9d-51bc-458b-a3a6-511ec217d887@group-21BA9BD4283D-LeaderElection144] INFO  impl.LeaderElection (LeaderElection.java:askForVotes(178)) - 7c431f9d-51bc-458b-a3a6-511ec217d887@group-21BA9BD4283D-LeaderElection144: begin an election at term 75 for -1: [67f35358-9777-4ff9-96f4-8a61bc3a94fe:192.168.34.62:37037, 7c431f9d-51bc-458b-a3a6-511ec217d887:192.168.34.62:40420, b9cfa588-8e56-4331-be2f-4c26f25c6739:192.168.34.62:34777], old=null
2019-10-17 06:47:44,516 [grpc-default-executor-4] INFO  impl.RaftServerImpl (RaftServerImpl.java:setRole(184)) - b9cfa588-8e56-4331-be2f-4c26f25c6739@group-21BA9BD4283D: changes role from  FOLLOWER to FOLLOWER at term 75 for recognizeCandidate:7c431f9d-51bc-458b-a3a6-511ec217d887
2019-10-17 06:47:44,516 [grpc-default-executor-2] INFO  impl.RaftServerImpl (RaftServerImpl.java:setRole(184)) - 67f35358-9777-4ff9-96f4-8a61bc3a94fe@group-21BA9BD4283D: changes role from  FOLLOWER to FOLLOWER at term 75 for recognizeCandidate:7c431f9d-51bc-458b-a3a6-511ec217d887
2019-10-17 06:47:44,516 [grpc-default-executor-4] INFO  impl.RoleInfo (RoleInfo.java:shutdownFollowerState(121)) - b9cfa588-8e56-4331-be2f-4c26f25c6739: shutdown FollowerState
2019-10-17 06:47:44,516 [grpc-default-executor-2] INFO  impl.RoleInfo (RoleInfo.java:shutdownFollowerState(121)) - 67f35358-9777-4ff9-96f4-8a61bc3a94fe: shutdown FollowerState
2019-10-17 06:47:44,517 [Thread-1744] INFO  impl.FollowerState (FollowerState.java:run(117)) - b9cfa588-8e56-4331-be2f-4c26f25c6739@group-21BA9BD4283D-FollowerState was interrupted: java.lang.InterruptedException: sleep interrupted
2019-10-17 06:47:44,517 [grpc-default-executor-2] INFO  impl.RoleInfo (RoleInfo.java:updateAndGet(143)) - 67f35358-9777-4ff9-96f4-8a61bc3a94fe: start FollowerState
2019-10-17 06:47:44,516 [grpc-default-executor-4] INFO  impl.RoleInfo (RoleInfo.java:updateAndGet(143)) - b9cfa588-8e56-4331-be2f-4c26f25c6739: start FollowerState
2019-10-17 06:47:44,517 [Thread-1743] INFO  impl.FollowerState (FollowerState.java:run(117)) - 67f35358-9777-4ff9-96f4-8a61bc3a94fe@group-21BA9BD4283D-FollowerState was interrupted: java.lang.InterruptedException: sleep interrupted
2019-10-17 06:47:44,532 [7c431f9d-51bc-458b-a3a6-511ec217d887@group-21BA9BD4283D-LeaderElection144] INFO  impl.LeaderElection (LeaderElection.java:logAndReturn(56)) - 7c431f9d-51bc-458b-a3a6-511ec217d887@group-21BA9BD4283D-LeaderElection144: Election REJECTED; received 2 response(s) [7c431f9d-51bc-458b-a3a6-511ec217d887<-67f35358-9777-4ff9-96f4-8a61bc3a94fe#0:FAIL-t75, 7c431f9d-51bc-458b-a3a6-511ec217d887<-b9cfa588-8e56-4331-be2f-4c26f25c6739#0:FAIL-t75] and 0 exception(s); 7c431f9d-51bc-458b-a3a6-511ec217d887@group-21BA9BD4283D:t75, leader=null, voted=7c431f9d-51bc-458b-a3a6-511ec217d887, raftlog=7c431f9d-51bc-458b-a3a6-511ec217d887@group-21BA9BD4283D-SegmentedRaftLog:OPENED:c-1,f-1,i0, conf=-1: [67f35358-9777-4ff9-96f4-8a61bc3a94fe:192.168.34.62:37037, 7c431f9d-51bc-458b-a3a6-511ec217d887:192.168.34.62:40420, b9cfa588-8e56-4331-be2f-4c26f25c6739:192.168.34.62:34777], old=null
2019-10-17 06:47:44,532 [7c431f9d-51bc-458b-a3a6-511ec217d887@group-21BA9BD4283D-LeaderElection144] INFO  impl.RaftServerImpl (RaftServerImpl.java:setRole(184)) - 7c431f9d-51bc-458b-a3a6-511ec217d887@group-21BA9BD4283D: changes role from CANDIDATE to FOLLOWER at term 75 for DISCOVERED_A_NEW_TERM
2019-10-17 06:47:44,532 [7c431f9d-51bc-458b-a3a6-511ec217d887@group-21BA9BD4283D-LeaderElection144] INFO  impl.RoleInfo (RoleInfo.java:shutdownLeaderElection(134)) - 7c431f9d-51bc-458b-a3a6-511ec217d887: shutdown LeaderElection
2019-10-17 06:47:44,532 [7c431f9d-51bc-458b-a3a6-511ec217d887@group-21BA9BD4283D-LeaderElection144] INFO  impl.RoleInfo (RoleInfo.java:updateAndGet(143)) - 7c431f9d-51bc-458b-a3a6-511ec217d887: start FollowerState
2019-10-17 06:47:44,583 [Thread-1751] INFO  impl.FollowerState (FollowerState.java:run(108)) - 7c431f9d-51bc-458b-a3a6-511ec217d887@group-21BA9BD4283D-FollowerState: change to CANDIDATE, lastRpcTime:51ms, electionTimeout:51ms
2019-10-17 06:47:44,583 [Thread-1751] INFO  impl.RoleInfo (RoleInfo.java:shutdownFollowerState(121)) - 7c431f9d-51bc-458b-a3a6-511ec217d887: shutdown FollowerState
2019-10-17 06:47:44,583 [Thread-1751] INFO  impl.RaftServerImpl (RaftServerImpl.java:setRole(184)) - 7c431f9d-51bc-458b-a3a6-511ec217d887@group-21BA9BD4283D: changes role from  FOLLOWER to CANDIDATE at term 75 for changeToCandidate
2019-10-17 06:47:44,584 [Thread-1751] INFO  impl.RoleInfo (RoleInfo.java:updateAndGet(143)) - 7c431f9d-51bc-458b-a3a6-511ec217d887: start LeaderElection
2019-10-17 06:47:44,614 [7c431f9d-51bc-458b-a3a6-511ec217d887@group-21BA9BD4283D-LeaderElection145] INFO  impl.LeaderElection (LeaderElection.java:askForVotes(178)) - 7c431f9d-51bc-458b-a3a6-511ec217d887@group-21BA9BD4283D-LeaderElection145: begin an election at term 76 for -1: [67f35358-9777-4ff9-96f4-8a61bc3a94fe:192.168.34.62:37037, 7c431f9d-51bc-458b-a3a6-511ec217d887:192.168.34.62:40420, b9cfa588-8e56-4331-be2f-4c26f25c6739:192.168.34.62:34777], old=null
2019-10-17 06:47:44,616 [grpc-default-executor-2] INFO  impl.RaftServerImpl (RaftServerImpl.java:setRole(184)) - 67f35358-9777-4ff9-96f4-8a61bc3a94fe@group-21BA9BD4283D: changes role from  FOLLOWER to FOLLOWER at term 76 for recognizeCandidate:7c431f9d-51bc-458b-a3a6-511ec217d887
2019-10-17 06:47:44,616 [grpc-default-executor-4] INFO  impl.RaftServerImpl (RaftServerImpl.java:setRole(184)) - b9cfa588-8e56-4331-be2f-4c26f25c6739@group-21BA9BD4283D: changes role from  FOLLOWER to FOLLOWER at term 76 for recognizeCandidate:7c431f9d-51bc-458b-a3a6-511ec217d887
2019-10-17 06:47:44,616 [grpc-default-executor-2] INFO  impl.RoleInfo (RoleInfo.java:shutdownFollowerState(121)) - 67f35358-9777-4ff9-96f4-8a61bc3a94fe: shutdown FollowerState
2019-10-17 06:47:44,616 [grpc-default-executor-4] INFO  impl.RoleInfo (RoleInfo.java:shutdownFollowerState(121)) - b9cfa588-8e56-4331-be2f-4c26f25c6739: shutdown FollowerState
2019-10-17 06:47:44,616 [grpc-default-executor-2] INFO  impl.RoleInfo (RoleInfo.java:updateAndGet(143)) - 67f35358-9777-4ff9-96f4-8a61bc3a94fe: start FollowerState
2019-10-17 06:47:44,616 [grpc-default-executor-4] INFO  impl.RoleInfo (RoleInfo.java:updateAndGet(143)) - b9cfa588-8e56-4331-be2f-4c26f25c6739: start FollowerState
2019-10-17 06:47:44,616 [Thread-1749] INFO  impl.FollowerState (FollowerState.java:run(117)) - b9cfa588-8e56-4331-be2f-4c26f25c6739@group-21BA9BD4283D-FollowerState was interrupted: java.lang.InterruptedException: sleep interrupted
2019-10-17 06:47:44,616 [Thread-1750] INFO  impl.FollowerState (FollowerState.java:run(117)) - 67f35358-9777-4ff9-96f4-8a61bc3a94fe@group-21BA9BD4283D-FollowerState was interrupted: java.lang.InterruptedException: sleep interrupted
2019-10-17 06:47:44,620 [7c431f9d-51bc-458b-a3a6-511ec217d887@group-21BA9BD4283D-LeaderElection145] INFO  impl.LeaderElection (LeaderElection.java:logAndReturn(56)) - 7c431f9d-51bc-458b-a3a6-511ec217d887@group-21BA9BD4283D-LeaderElection145: Election REJECTED; received 2 response(s) [7c431f9d-51bc-458b-a3a6-511ec217d887<-67f35358-9777-4ff9-96f4-8a61bc3a94fe#0:FAIL-t76, 7c431f9d-51bc-458b-a3a6-511ec217d887<-b9cfa588-8e56-4331-be2f-4c26f25c6739#0:FAIL-t76] and 0 exception(s); 7c431f9d-51bc-458b-a3a6-511ec217d887@group-21BA9BD4283D:t76, leader=null, voted=7c431f9d-51bc-458b-a3a6-511ec217d887, raftlog=7c431f9d-51bc-458b-a3a6-511ec217d887@group-21BA9BD4283D-SegmentedRaftLog:OPENED:c-1,f-1,i0, conf=-1: [67f35358-9777-4ff9-96f4-8a61bc3a94fe:192.168.34.62:37037, 7c431f9d-51bc-458b-a3a6-511ec217d887:192.168.34.62:40420, b9cfa588-8e56-4331-be2f-4c26f25c6739:192.168.34.62:34777], old=null
2019-10-17 06:47:44,621 [7c431f9d-51bc-458b-a3a6-511ec217d887@group-21BA9BD4283D-LeaderElection145] INFO  impl.RaftServerImpl (RaftServerImpl.java:setRole(184)) - 7c431f9d-51bc-458b-a3a6-511ec217d887@group-21BA9BD4283D: changes role from CANDIDATE to FOLLOWER at term 76 for DISCOVERED_A_NEW_TERM
2019-10-17 06:47:44,621 [7c431f9d-51bc-458b-a3a6-511ec217d887@group-21BA9BD4283D-LeaderElection145] INFO  impl.RoleInfo (RoleInfo.java:shutdownLeaderElection(134)) - 7c431f9d-51bc-458b-a3a6-511ec217d887: shutdown LeaderElection
2019-10-17 06:47:44,621 [7c431f9d-51bc-458b-a3a6-511ec217d887@group-21BA9BD4283D-LeaderElection145] INFO  impl.RoleInfo (RoleInfo.java:updateAndGet(143)) - 7c431f9d-51bc-458b-a3a6-511ec217d887: start FollowerState
2019-10-17 06:47:44,625 [Thread-1757] INFO  impl.FollowerState (FollowerState.java:run(108)) - 7c431f9d-51bc-458b-a3a6-511ec217d887@group-21BA9BD4283D-FollowerState: change to CANDIDATE, lastRpcTime:4ms, electionTimeout:4ms
2019-10-17 06:47:44,625 [Thread-1757] INFO  impl.RoleInfo (RoleInfo.java:shutdownFollowerState(121)) - 7c431f9d-51bc-458b-a3a6-511ec217d887: shutdown FollowerState
2019-10-17 06:47:44,625 [Thread-1757] INFO  impl.RaftServerImpl (RaftServerImpl.java:setRole(184)) - 7c431f9d-51bc-458b-a3a6-511ec217d887@group-21BA9BD4283D: changes role from  FOLLOWER to CANDIDATE at term 76 for changeToCandidate
2019-10-17 06:47:44,626 [Thread-1757] INFO  impl.RoleInfo (RoleInfo.java:updateAndGet(143)) - 7c431f9d-51bc-458b-a3a6-511ec217d887: start LeaderElection
2019-10-17 06:47:44,634 [7c431f9d-51bc-458b-a3a6-511ec217d887@group-21BA9BD4283D-LeaderElection146] INFO  impl.LeaderElection (LeaderElection.java:askForVotes(178)) - 7c431f9d-51bc-458b-a3a6-511ec217d887@group-21BA9BD4283D-LeaderElection146: begin an election at term 77 for -1: [67f35358-9777-4ff9-96f4-8a61bc3a94fe:192.168.34.62:37037, 7c431f9d-51bc-458b-a3a6-511ec217d887:192.168.34.62:40420, b9cfa588-8e56-4331-be2f-4c26f25c6739:192.168.34.62:34777], old=null
2019-10-17 06:47:44,636 [grpc-default-executor-4] INFO  impl.RaftServerImpl (RaftServerImpl.java:setRole(184)) - 67f35358-9777-4ff9-96f4-8a61bc3a94fe@group-21BA9BD4283D: changes role from  FOLLOWER to FOLLOWER at term 77 for recognizeCandidate:7c431f9d-51bc-458b-a3a6-511ec217d887
2019-10-17 06:47:44,636 [grpc-default-executor-2] INFO  impl.RaftServerImpl (RaftServerImpl.java:setRole(184)) - b9cfa588-8e56-4331-be2f-4c26f25c6739@group-21BA9BD4283D: changes role from  FOLLOWER to FOLLOWER at term 77 for recognizeCandidate:7c431f9d-51bc-458b-a3a6-511ec217d887
2019-10-17 06:47:44,636 [grpc-default-executor-4] INFO  impl.RoleInfo (RoleInfo.java:shutdownFollowerState(121)) - 67f35358-9777-4ff9-96f4-8a61bc3a94fe: shutdown FollowerState
2019-10-17 06:47:44,636 [grpc-default-executor-2] INFO  impl.RoleInfo (RoleInfo.java:shutdownFollowerState(121)) - b9cfa588-8e56-4331-be2f-4c26f25c6739: shutdown FollowerState
2019-10-17 06:47:44,636 [grpc-default-executor-4] INFO  impl.RoleInfo (RoleInfo.java:updateAndGet(143)) - 67f35358-9777-4ff9-96f4-8a61bc3a94fe: start FollowerState
2019-10-17 06:47:44,636 [grpc-default-executor-2] INFO  impl.RoleInfo (RoleInfo.java:updateAndGet(143)) - b9cfa588-8e56-4331-be2f-4c26f25c6739: start FollowerState
2019-10-17 06:47:44,636 [Thread-1755] INFO  impl.FollowerState (FollowerState.java:run(117)) - 67f35358-9777-4ff9-96f4-8a61bc3a94fe@group-21BA9BD4283D-FollowerState was interrupted: java.lang.InterruptedException: sleep interrupted
2019-10-17 06:47:44,636 [Thread-1756] INFO  impl.FollowerState (FollowerState.java:run(117)) - b9cfa588-8e56-4331-be2f-4c26f25c6739@group-21BA9BD4283D-FollowerState was interrupted: java.lang.InterruptedException: sleep interrupted
2019-10-17 06:47:44,650 [7c431f9d-51bc-458b-a3a6-511ec217d887@group-21BA9BD4283D-LeaderElection146] INFO  impl.LeaderElection (LeaderElection.java:logAndReturn(56)) - 7c431f9d-51bc-458b-a3a6-511ec217d887@group-21BA9BD4283D-LeaderElection146: Election REJECTED; received 2 response(s) [7c431f9d-51bc-458b-a3a6-511ec217d887<-67f35358-9777-4ff9-96f4-8a61bc3a94fe#0:FAIL-t77, 7c431f9d-51bc-458b-a3a6-511ec217d887<-b9cfa588-8e56-4331-be2f-4c26f25c6739#0:FAIL-t77] and 0 exception(s); 7c431f9d-51bc-458b-a3a6-511ec217d887@group-21BA9BD4283D:t77, leader=null, voted=7c431f9d-51bc-458b-a3a6-511ec217d887, raftlog=7c431f9d-51bc-458b-a3a6-511ec217d887@group-21BA9BD4283D-SegmentedRaftLog:OPENED:c-1,f-1,i0, conf=-1: [67f35358-9777-4ff9-96f4-8a61bc3a94fe:192.168.34.62:37037, 7c431f9d-51bc-458b-a3a6-511ec217d887:192.168.34.62:40420, b9cfa588-8e56-4331-be2f-4c26f25c6739:192.168.34.62:34777], old=null
2019-10-17 06:47:44,650 [7c431f9d-51bc-458b-a3a6-511ec217d887@group-21BA9BD4283D-LeaderElection146] INFO  impl.RaftServerImpl (RaftServerImpl.java:setRole(184)) - 7c431f9d-51bc-458b-a3a6-511ec217d887@group-21BA9BD4283D: changes role from CANDIDATE to FOLLOWER at term 77 for DISCOVERED_A_NEW_TERM
2019-10-17 06:47:44,650 [7c431f9d-51bc-458b-a3a6-511ec217d887@group-21BA9BD4283D-LeaderElection146] INFO  impl.RoleInfo (RoleInfo.java:shutdownLeaderElection(134)) - 7c431f9d-51bc-458b-a3a6-511ec217d887: shutdown LeaderElection
2019-10-17 06:47:44,651 [7c431f9d-51bc-458b-a3a6-511ec217d887@group-21BA9BD4283D-LeaderElection146] INFO  impl.RoleInfo (RoleInfo.java:updateAndGet(143)) - 7c431f9d-51bc-458b-a3a6-511ec217d887: start FollowerState
2019-10-17 06:47:44,840 [Thread-1763] INFO  impl.FollowerState (FollowerState.java:run(108)) - 7c431f9d-51bc-458b-a3a6-511ec217d887@group-21BA9BD4283D-FollowerState: change to CANDIDATE, lastRpcTime:189ms, electionTimeout:189ms
2019-10-17 06:47:44,840 [Thread-1763] INFO  impl.RoleInfo (RoleInfo.java:shutdownFollowerState(121)) - 7c431f9d-51bc-458b-a3a6-511ec217d887: shutdown FollowerState
2019-10-17 06:47:44,840 [Thread-1763] INFO  impl.RaftServerImpl (RaftServerImpl.java:setRole(184)) - 7c431f9d-51bc-458b-a3a6-511ec217d887@group-21BA9BD4283D: changes role from  FOLLOWER to CANDIDATE at term 77 for changeToCandidate
2019-10-17 06:47:44,841 [Thread-1763] INFO  impl.RoleInfo (RoleInfo.java:updateAndGet(143)) - 7c431f9d-51bc-458b-a3a6-511ec217d887: start LeaderElection
2019-10-17 06:47:44,853 [7c431f9d-51bc-458b-a3a6-511ec217d887@group-21BA9BD4283D-LeaderElection147] INFO  impl.LeaderElection (LeaderElection.java:askForVotes(178)) - 7c431f9d-51bc-458b-a3a6-511ec217d887@group-21BA9BD4283D-LeaderElection147: begin an election at term 78 for -1: [67f35358-9777-4ff9-96f4-8a61bc3a94fe:192.168.34.62:37037, 7c431f9d-51bc-458b-a3a6-511ec217d887:192.168.34.62:40420, b9cfa588-8e56-4331-be2f-4c26f25c6739:192.168.34.62:34777], old=null
2019-10-17 06:47:44,855 [grpc-default-executor-4] INFO  impl.RaftServerImpl (RaftServerImpl.java:setRole(184)) - 67f35358-9777-4ff9-96f4-8a61bc3a94fe@group-21BA9BD4283D: changes role from  FOLLOWER to FOLLOWER at term 78 for recognizeCandidate:7c431f9d-51bc-458b-a3a6-511ec217d887
2019-10-17 06:47:44,856 [grpc-default-executor-4] INFO  impl.RoleInfo (RoleInfo.java:shutdownFollowerState(121)) - 67f35358-9777-4ff9-96f4-8a61bc3a94fe: shutdown FollowerState
2019-10-17 06:47:44,856 [grpc-default-executor-4] INFO  impl.RoleInfo (RoleInfo.java:updateAndGet(143)) - 67f35358-9777-4ff9-96f4-8a61bc3a94fe: start FollowerState
2019-10-17 06:47:44,856 [Thread-1761] INFO  impl.FollowerState (FollowerState.java:run(117)) - 67f35358-9777-4ff9-96f4-8a61bc3a94fe@group-21BA9BD4283D-FollowerState was interrupted: java.lang.InterruptedException: sleep interrupted
2019-10-17 06:47:44,856 [grpc-default-executor-2] INFO  impl.RaftServerImpl (RaftServerImpl.java:setRole(184)) - b9cfa588-8e56-4331-be2f-4c26f25c6739@group-21BA9BD4283D: changes role from  FOLLOWER to FOLLOWER at term 78 for recognizeCandidate:7c431f9d-51bc-458b-a3a6-511ec217d887
2019-10-17 06:47:44,856 [grpc-default-executor-2] INFO  impl.RoleInfo (RoleInfo.java:shutdownFollowerState(121)) - b9cfa588-8e56-4331-be2f-4c26f25c6739: shutdown FollowerState
2019-10-17 06:47:44,857 [grpc-default-executor-2] INFO  impl.RoleInfo (RoleInfo.java:updateAndGet(143)) - b9cfa588-8e56-4331-be2f-4c26f25c6739: start FollowerState
2019-10-17 06:47:44,857 [Thread-1762] INFO  impl.FollowerState (FollowerState.java:run(117)) - b9cfa588-8e56-4331-be2f-4c26f25c6739@group-21BA9BD4283D-FollowerState was interrupted: java.lang.InterruptedException: sleep interrupted
2019-10-17 06:47:44,879 [7c431f9d-51bc-458b-a3a6-511ec217d887@group-21BA9BD4283D-LeaderElection147] INFO  impl.LeaderElection (LeaderElection.java:logAndReturn(56)) - 7c431f9d-51bc-458b-a3a6-511ec217d887@group-21BA9BD4283D-LeaderElection147: Election REJECTED; received 2 response(s) [7c431f9d-51bc-458b-a3a6-511ec217d887<-67f35358-9777-4ff9-96f4-8a61bc3a94fe#0:FAIL-t78, 7c431f9d-51bc-458b-a3a6-511ec217d887<-b9cfa588-8e56-4331-be2f-4c26f25c6739#0:FAIL-t78] and 0 exception(s); 7c431f9d-51bc-458b-a3a6-511ec217d887@group-21BA9BD4283D:t78, leader=null, voted=7c431f9d-51bc-458b-a3a6-511ec217d887, raftlog=7c431f9d-51bc-458b-a3a6-511ec217d887@group-21BA9BD4283D-SegmentedRaftLog:OPENED:c-1,f-1,i0, conf=-1: [67f35358-9777-4ff9-96f4-8a61bc3a94fe:192.168.34.62:37037, 7c431f9d-51bc-458b-a3a6-511ec217d887:192.168.34.62:40420, b9cfa588-8e56-4331-be2f-4c26f25c6739:192.168.34.62:34777], old=null
2019-10-17 06:47:44,879 [7c431f9d-51bc-458b-a3a6-511ec217d887@group-21BA9BD4283D-LeaderElection147] INFO  impl.RaftServerImpl (RaftServerImpl.java:setRole(184)) - 7c431f9d-51bc-458b-a3a6-511ec217d887@group-21BA9BD4283D: changes role from CANDIDATE to FOLLOWER at term 78 for DISCOVERED_A_NEW_TERM
2019-10-17 06:47:44,879 [7c431f9d-51bc-458b-a3a6-511ec217d887@group-21BA9BD4283D-LeaderElection147] INFO  impl.RoleInfo (RoleInfo.java:shutdownLeaderElection(134)) - 7c431f9d-51bc-458b-a3a6-511ec217d887: shutdown LeaderElection
2019-10-17 06:47:44,879 [7c431f9d-51bc-458b-a3a6-511ec217d887@group-21BA9BD4283D-LeaderElection147] INFO  impl.RoleInfo (RoleInfo.java:updateAndGet(143)) - 7c431f9d-51bc-458b-a3a6-511ec217d887: start FollowerState
2019-10-17 06:47:45,001 [Thread-1769] INFO  impl.FollowerState (FollowerState.java:run(108)) - 7c431f9d-51bc-458b-a3a6-511ec217d887@group-21BA9BD4283D-FollowerState: change to CANDIDATE, lastRpcTime:121ms, electionTimeout:121ms
2019-10-17 06:47:45,001 [Thread-1769] INFO  impl.RoleInfo (RoleInfo.java:shutdownFollowerState(121)) - 7c431f9d-51bc-458b-a3a6-511ec217d887: shutdown FollowerState
2019-10-17 06:47:45,001 [Thread-1769] INFO  impl.RaftServerImpl (RaftServerImpl.java:setRole(184)) - 7c431f9d-51bc-458b-a3a6-511ec217d887@group-21BA9BD4283D: changes role from  FOLLOWER to CANDIDATE at term 78 for changeToCandidate
2019-10-17 06:47:45,001 [Thread-1769] INFO  impl.RoleInfo (RoleInfo.java:updateAndGet(143)) - 7c431f9d-51bc-458b-a3a6-511ec217d887: start LeaderElection
2019-10-17 06:47:45,024 [7c431f9d-51bc-458b-a3a6-511ec217d887@group-21BA9BD4283D-LeaderElection148] INFO  impl.LeaderElection (LeaderElection.java:askForVotes(178)) - 7c431f9d-51bc-458b-a3a6-511ec217d887@group-21BA9BD4283D-LeaderElection148: begin an election at term 79 for -1: [67f35358-9777-4ff9-96f4-8a61bc3a94fe:192.168.34.62:37037, 7c431f9d-51bc-458b-a3a6-511ec217d887:192.168.34.62:40420, b9cfa588-8e56-4331-be2f-4c26f25c6739:192.168.34.62:34777], old=null
2019-10-17 06:47:45,026 [grpc-default-executor-4] INFO  impl.RaftServerImpl (RaftServerImpl.java:setRole(184)) - b9cfa588-8e56-4331-be2f-4c26f25c6739@group-21BA9BD4283D: changes role from  FOLLOWER to FOLLOWER at term 79 for recognizeCandidate:7c431f9d-51bc-458b-a3a6-511ec217d887
2019-10-17 06:47:45,026 [grpc-default-executor-2] INFO  impl.RaftServerImpl (RaftServerImpl.java:setRole(184)) - 67f35358-9777-4ff9-96f4-8a61bc3a94fe@group-21BA9BD4283D: changes role from  FOLLOWER to FOLLOWER at term 79 for recognizeCandidate:7c431f9d-51bc-458b-a3a6-511ec217d887
2019-10-17 06:47:45,026 [grpc-default-executor-4] INFO  impl.RoleInfo (RoleInfo.java:shutdownFollowerState(121)) - b9cfa588-8e56-4331-be2f-4c26f25c6739: shutdown FollowerState
2019-10-17 06:47:45,027 [grpc-default-executor-2] INFO  impl.RoleInfo (RoleInfo.java:shutdownFollowerState(121)) - 67f35358-9777-4ff9-96f4-8a61bc3a94fe: shutdown FollowerState
2019-10-17 06:47:45,027 [grpc-default-executor-4] INFO  impl.RoleInfo (RoleInfo.java:updateAndGet(143)) - b9cfa588-8e56-4331-be2f-4c26f25c6739: start FollowerState
2019-10-17 06:47:45,027 [grpc-default-executor-2] INFO  impl.RoleInfo (RoleInfo.java:updateAndGet(143)) - 67f35358-9777-4ff9-96f4-8a61bc3a94fe: start FollowerState
2019-10-17 06:47:45,027 [Thread-1768] INFO  impl.FollowerState (FollowerState.java:run(117)) - b9cfa588-8e56-4331-be2f-4c26f25c6739@group-21BA9BD4283D-FollowerState was interrupted: java.lang.InterruptedException: sleep interrupted
2019-10-17 06:47:45,027 [Thread-1767] INFO  impl.FollowerState (FollowerState.java:run(117)) - 67f35358-9777-4ff9-96f4-8a61bc3a94fe@group-21BA9BD4283D-FollowerState was interrupted: java.lang.InterruptedException: sleep interrupted
2019-10-17 06:47:45,040 [7c431f9d-51bc-458b-a3a6-511ec217d887@group-21BA9BD4283D-LeaderElection148] INFO  impl.LeaderElection (LeaderElection.java:logAndReturn(56)) - 7c431f9d-51bc-458b-a3a6-511ec217d887@group-21BA9BD4283D-LeaderElection148: Election REJECTED; received 2 response(s) [7c431f9d-51bc-458b-a3a6-511ec217d887<-67f35358-9777-4ff9-96f4-8a61bc3a94fe#0:FAIL-t79, 7c431f9d-51bc-458b-a3a6-511ec217d887<-b9cfa588-8e56-4331-be2f-4c26f25c6739#0:FAIL-t79] and 0 exception(s); 7c431f9d-51bc-458b-a3a6-511ec217d887@group-21BA9BD4283D:t79, leader=null, voted=7c431f9d-51bc-458b-a3a6-511ec217d887, raftlog=7c431f9d-51bc-458b-a3a6-511ec217d887@group-21BA9BD4283D-SegmentedRaftLog:OPENED:c-1,f-1,i0, conf=-1: [67f35358-9777-4ff9-96f4-8a61bc3a94fe:192.168.34.62:37037, 7c431f9d-51bc-458b-a3a6-511ec217d887:192.168.34.62:40420, b9cfa588-8e56-4331-be2f-4c26f25c6739:192.168.34.62:34777], old=null
2019-10-17 06:47:45,040 [7c431f9d-51bc-458b-a3a6-511ec217d887@group-21BA9BD4283D-LeaderElection148] INFO  impl.RaftServerImpl (RaftServerImpl.java:setRole(184)) - 7c431f9d-51bc-458b-a3a6-511ec217d887@group-21BA9BD4283D: changes role from CANDIDATE to FOLLOWER at term 79 for DISCOVERED_A_NEW_TERM
2019-10-17 06:47:45,041 [7c431f9d-51bc-458b-a3a6-511ec217d887@group-21BA9BD4283D-LeaderElection148] INFO  impl.RoleInfo (RoleInfo.java:shutdownLeaderElection(134)) - 7c431f9d-51bc-458b-a3a6-511ec217d887: shutdown LeaderElection
2019-10-17 06:47:45,041 [7c431f9d-51bc-458b-a3a6-511ec217d887@group-21BA9BD4283D-LeaderElection148] INFO  impl.RoleInfo (RoleInfo.java:updateAndGet(143)) - 7c431f9d-51bc-458b-a3a6-511ec217d887: start FollowerState
2019-10-17 06:47:45,093 [main] INFO  ozone.MiniOzoneClusterImpl (MiniOzoneClusterImpl.java:lambda$waitForClusterToBeReady$2(164)) - Waiting for 1 number of pipelines out of 4, to report a leader.
2019-10-17 06:47:45,094 [Thread-1775] INFO  impl.FollowerState (FollowerState.java:run(108)) - 7c431f9d-51bc-458b-a3a6-511ec217d887@group-21BA9BD4283D-FollowerState: change to CANDIDATE, lastRpcTime:53ms, electionTimeout:53ms
2019-10-17 06:47:45,094 [Thread-1775] INFO  impl.RoleInfo (RoleInfo.java:shutdownFollowerState(121)) - 7c431f9d-51bc-458b-a3a6-511ec217d887: shutdown FollowerState
2019-10-17 06:47:45,094 [Thread-1775] INFO  impl.RaftServerImpl (RaftServerImpl.java:setRole(184)) - 7c431f9d-51bc-458b-a3a6-511ec217d887@group-21BA9BD4283D: changes role from  FOLLOWER to CANDIDATE at term 79 for changeToCandidate
2019-10-17 06:47:45,094 [Thread-1775] INFO  impl.RoleInfo (RoleInfo.java:updateAndGet(143)) - 7c431f9d-51bc-458b-a3a6-511ec217d887: start LeaderElection
2019-10-17 06:47:45,107 [7c431f9d-51bc-458b-a3a6-511ec217d887@group-21BA9BD4283D-LeaderElection149] INFO  impl.LeaderElection (LeaderElection.java:askForVotes(178)) - 7c431f9d-51bc-458b-a3a6-511ec217d887@group-21BA9BD4283D-LeaderElection149: begin an election at term 80 for -1: [67f35358-9777-4ff9-96f4-8a61bc3a94fe:192.168.34.62:37037, 7c431f9d-51bc-458b-a3a6-511ec217d887:192.168.34.62:40420, b9cfa588-8e56-4331-be2f-4c26f25c6739:192.168.34.62:34777], old=null
2019-10-17 06:47:45,110 [grpc-default-executor-2] INFO  impl.RaftServerImpl (RaftServerImpl.java:setRole(184)) - 67f35358-9777-4ff9-96f4-8a61bc3a94fe@group-21BA9BD4283D: changes role from  FOLLOWER to FOLLOWER at term 80 for recognizeCandidate:7c431f9d-51bc-458b-a3a6-511ec217d887
2019-10-17 06:47:45,110 [grpc-default-executor-4] INFO  impl.RaftServerImpl (RaftServerImpl.java:setRole(184)) - b9cfa588-8e56-4331-be2f-4c26f25c6739@group-21BA9BD4283D: changes role from  FOLLOWER to FOLLOWER at term 80 for recognizeCandidate:7c431f9d-51bc-458b-a3a6-511ec217d887
2019-10-17 06:47:45,110 [grpc-default-executor-4] INFO  impl.RoleInfo (RoleInfo.java:shutdownFollowerState(121)) - b9cfa588-8e56-4331-be2f-4c26f25c6739: shutdown FollowerState
2019-10-17 06:47:45,110 [grpc-default-executor-2] INFO  impl.RoleInfo (RoleInfo.java:shutdownFollowerState(121)) - 67f35358-9777-4ff9-96f4-8a61bc3a94fe: shutdown FollowerState
2019-10-17 06:47:45,110 [Thread-1773] INFO  impl.FollowerState (FollowerState.java:run(117)) - b9cfa588-8e56-4331-be2f-4c26f25c6739@group-21BA9BD4283D-FollowerState was interrupted: java.lang.InterruptedException: sleep interrupted
2019-10-17 06:47:45,110 [grpc-default-executor-4] INFO  impl.RoleInfo (RoleInfo.java:updateAndGet(143)) - b9cfa588-8e56-4331-be2f-4c26f25c6739: start FollowerState
2019-10-17 06:47:45,110 [Thread-1774] INFO  impl.FollowerState (FollowerState.java:run(117)) - 67f35358-9777-4ff9-96f4-8a61bc3a94fe@group-21BA9BD4283D-FollowerState was interrupted: java.lang.InterruptedException: sleep interrupted
2019-10-17 06:47:45,110 [grpc-default-executor-2] INFO  impl.RoleInfo (RoleInfo.java:updateAndGet(143)) - 67f35358-9777-4ff9-96f4-8a61bc3a94fe: start FollowerState
2019-10-17 06:47:45,128 [7c431f9d-51bc-458b-a3a6-511ec217d887@group-21BA9BD4283D-LeaderElection149] INFO  impl.LeaderElection (LeaderElection.java:logAndReturn(56)) - 7c431f9d-51bc-458b-a3a6-511ec217d887@group-21BA9BD4283D-LeaderElection149: Election REJECTED; received 2 response(s) [7c431f9d-51bc-458b-a3a6-511ec217d887<-67f35358-9777-4ff9-96f4-8a61bc3a94fe#0:FAIL-t80, 7c431f9d-51bc-458b-a3a6-511ec217d887<-b9cfa588-8e56-4331-be2f-4c26f25c6739#0:FAIL-t80] and 0 exception(s); 7c431f9d-51bc-458b-a3a6-511ec217d887@group-21BA9BD4283D:t80, leader=null, voted=7c431f9d-51bc-458b-a3a6-511ec217d887, raftlog=7c431f9d-51bc-458b-a3a6-511ec217d887@group-21BA9BD4283D-SegmentedRaftLog:OPENED:c-1,f-1,i0, conf=-1: [67f35358-9777-4ff9-96f4-8a61bc3a94fe:192.168.34.62:37037, 7c431f9d-51bc-458b-a3a6-511ec217d887:192.168.34.62:40420, b9cfa588-8e56-4331-be2f-4c26f25c6739:192.168.34.62:34777], old=null
2019-10-17 06:47:45,128 [7c431f9d-51bc-458b-a3a6-511ec217d887@group-21BA9BD4283D-LeaderElection149] INFO  impl.RaftServerImpl (RaftServerImpl.java:setRole(184)) - 7c431f9d-51bc-458b-a3a6-511ec217d887@group-21BA9BD4283D: changes role from CANDIDATE to FOLLOWER at term 80 for DISCOVERED_A_NEW_TERM
2019-10-17 06:47:45,129 [7c431f9d-51bc-458b-a3a6-511ec217d887@group-21BA9BD4283D-LeaderElection149] INFO  impl.RoleInfo (RoleInfo.java:shutdownLeaderElection(134)) - 7c431f9d-51bc-458b-a3a6-511ec217d887: shutdown LeaderElection
2019-10-17 06:47:45,129 [7c431f9d-51bc-458b-a3a6-511ec217d887@group-21BA9BD4283D-LeaderElection149] INFO  impl.RoleInfo (RoleInfo.java:updateAndGet(143)) - 7c431f9d-51bc-458b-a3a6-511ec217d887: start FollowerState
2019-10-17 06:47:45,141 [Thread-1781] INFO  impl.FollowerState (FollowerState.java:run(108)) - 7c431f9d-51bc-458b-a3a6-511ec217d887@group-21BA9BD4283D-FollowerState: change to CANDIDATE, lastRpcTime:12ms, electionTimeout:12ms
2019-10-17 06:47:45,141 [Thread-1781] INFO  impl.RoleInfo (RoleInfo.java:shutdownFollowerState(121)) - 7c431f9d-51bc-458b-a3a6-511ec217d887: shutdown FollowerState
2019-10-17 06:47:45,141 [Thread-1781] INFO  impl.RaftServerImpl (RaftServerImpl.java:setRole(184)) - 7c431f9d-51bc-458b-a3a6-511ec217d887@group-21BA9BD4283D: changes role from  FOLLOWER to CANDIDATE at term 80 for changeToCandidate
2019-10-17 06:47:45,141 [Thread-1781] INFO  impl.RoleInfo (RoleInfo.java:updateAndGet(143)) - 7c431f9d-51bc-458b-a3a6-511ec217d887: start LeaderElection
2019-10-17 06:47:45,153 [7c431f9d-51bc-458b-a3a6-511ec217d887@group-21BA9BD4283D-LeaderElection150] INFO  impl.LeaderElection (LeaderElection.java:askForVotes(178)) - 7c431f9d-51bc-458b-a3a6-511ec217d887@group-21BA9BD4283D-LeaderElection150: begin an election at term 81 for -1: [67f35358-9777-4ff9-96f4-8a61bc3a94fe:192.168.34.62:37037, 7c431f9d-51bc-458b-a3a6-511ec217d887:192.168.34.62:40420, b9cfa588-8e56-4331-be2f-4c26f25c6739:192.168.34.62:34777], old=null
2019-10-17 06:47:45,155 [grpc-default-executor-2] INFO  impl.RaftServerImpl (RaftServerImpl.java:setRole(184)) - 67f35358-9777-4ff9-96f4-8a61bc3a94fe@group-21BA9BD4283D: changes role from  FOLLOWER to FOLLOWER at term 81 for recognizeCandidate:7c431f9d-51bc-458b-a3a6-511ec217d887
2019-10-17 06:47:45,155 [grpc-default-executor-2] INFO  impl.RoleInfo (RoleInfo.java:shutdownFollowerState(121)) - 67f35358-9777-4ff9-96f4-8a61bc3a94fe: shutdown FollowerState
2019-10-17 06:47:45,155 [grpc-default-executor-4] INFO  impl.RaftServerImpl (RaftServerImpl.java:setRole(184)) - b9cfa588-8e56-4331-be2f-4c26f25c6739@group-21BA9BD4283D: changes role from  FOLLOWER to FOLLOWER at term 81 for recognizeCandidate:7c431f9d-51bc-458b-a3a6-511ec217d887
2019-10-17 06:47:45,155 [Thread-1780] INFO  impl.FollowerState (FollowerState.java:run(117)) - 67f35358-9777-4ff9-96f4-8a61bc3a94fe@group-21BA9BD4283D-FollowerState was interrupted: java.lang.InterruptedException: sleep interrupted
2019-10-17 06:47:45,155 [grpc-default-executor-2] INFO  impl.RoleInfo (RoleInfo.java:updateAndGet(143)) - 67f35358-9777-4ff9-96f4-8a61bc3a94fe: start FollowerState
2019-10-17 06:47:45,155 [grpc-default-executor-4] INFO  impl.RoleInfo (RoleInfo.java:shutdownFollowerState(121)) - b9cfa588-8e56-4331-be2f-4c26f25c6739: shutdown FollowerState
2019-10-17 06:47:45,156 [grpc-default-executor-4] INFO  impl.RoleInfo (RoleInfo.java:updateAndGet(143)) - b9cfa588-8e56-4331-be2f-4c26f25c6739: start FollowerState
2019-10-17 06:47:45,156 [Thread-1779] INFO  impl.FollowerState (FollowerState.java:run(117)) - b9cfa588-8e56-4331-be2f-4c26f25c6739@group-21BA9BD4283D-FollowerState was interrupted: java.lang.InterruptedException: sleep interrupted
2019-10-17 06:47:45,169 [7c431f9d-51bc-458b-a3a6-511ec217d887@group-21BA9BD4283D-LeaderElection150] INFO  impl.LeaderElection (LeaderElection.java:logAndReturn(56)) - 7c431f9d-51bc-458b-a3a6-511ec217d887@group-21BA9BD4283D-LeaderElection150: Election REJECTED; received 2 response(s) [7c431f9d-51bc-458b-a3a6-511ec217d887<-67f35358-9777-4ff9-96f4-8a61bc3a94fe#0:FAIL-t81, 7c431f9d-51bc-458b-a3a6-511ec217d887<-b9cfa588-8e56-4331-be2f-4c26f25c6739#0:FAIL-t81] and 0 exception(s); 7c431f9d-51bc-458b-a3a6-511ec217d887@group-21BA9BD4283D:t81, leader=null, voted=7c431f9d-51bc-458b-a3a6-511ec217d887, raftlog=7c431f9d-51bc-458b-a3a6-511ec217d887@group-21BA9BD4283D-SegmentedRaftLog:OPENED:c-1,f-1,i0, conf=-1: [67f35358-9777-4ff9-96f4-8a61bc3a94fe:192.168.34.62:37037, 7c431f9d-51bc-458b-a3a6-511ec217d887:192.168.34.62:40420, b9cfa588-8e56-4331-be2f-4c26f25c6739:192.168.34.62:34777], old=null
2019-10-17 06:47:45,170 [7c431f9d-51bc-458b-a3a6-511ec217d887@group-21BA9BD4283D-LeaderElection150] INFO  impl.RaftServerImpl (RaftServerImpl.java:setRole(184)) - 7c431f9d-51bc-458b-a3a6-511ec217d887@group-21BA9BD4283D: changes role from CANDIDATE to FOLLOWER at term 81 for DISCOVERED_A_NEW_TERM
2019-10-17 06:47:45,170 [7c431f9d-51bc-458b-a3a6-511ec217d887@group-21BA9BD4283D-LeaderElection150] INFO  impl.RoleInfo (RoleInfo.java:shutdownLeaderElection(134)) - 7c431f9d-51bc-458b-a3a6-511ec217d887: shutdown LeaderElection
2019-10-17 06:47:45,170 [7c431f9d-51bc-458b-a3a6-511ec217d887@group-21BA9BD4283D-LeaderElection150] INFO  impl.RoleInfo (RoleInfo.java:updateAndGet(143)) - 7c431f9d-51bc-458b-a3a6-511ec217d887: start FollowerState
2019-10-17 06:47:45,173 [Thread-1787] INFO  impl.FollowerState (FollowerState.java:run(108)) - 7c431f9d-51bc-458b-a3a6-511ec217d887@group-21BA9BD4283D-FollowerState: change to CANDIDATE, lastRpcTime:3ms, electionTimeout:3ms
2019-10-17 06:47:45,173 [Thread-1787] INFO  impl.RoleInfo (RoleInfo.java:shutdownFollowerState(121)) - 7c431f9d-51bc-458b-a3a6-511ec217d887: shutdown FollowerState
2019-10-17 06:47:45,173 [Thread-1787] INFO  impl.RaftServerImpl (RaftServerImpl.java:setRole(184)) - 7c431f9d-51bc-458b-a3a6-511ec217d887@group-21BA9BD4283D: changes role from  FOLLOWER to CANDIDATE at term 81 for changeToCandidate
2019-10-17 06:47:45,173 [Thread-1787] INFO  impl.RoleInfo (RoleInfo.java:updateAndGet(143)) - 7c431f9d-51bc-458b-a3a6-511ec217d887: start LeaderElection
2019-10-17 06:47:45,189 [7c431f9d-51bc-458b-a3a6-511ec217d887@group-21BA9BD4283D-LeaderElection151] INFO  impl.LeaderElection (LeaderElection.java:askForVotes(178)) - 7c431f9d-51bc-458b-a3a6-511ec217d887@group-21BA9BD4283D-LeaderElection151: begin an election at term 82 for -1: [67f35358-9777-4ff9-96f4-8a61bc3a94fe:192.168.34.62:37037, 7c431f9d-51bc-458b-a3a6-511ec217d887:192.168.34.62:40420, b9cfa588-8e56-4331-be2f-4c26f25c6739:192.168.34.62:34777], old=null
2019-10-17 06:47:45,191 [grpc-default-executor-4] INFO  impl.RaftServerImpl (RaftServerImpl.java:setRole(184)) - 67f35358-9777-4ff9-96f4-8a61bc3a94fe@group-21BA9BD4283D: changes role from  FOLLOWER to FOLLOWER at term 82 for recognizeCandidate:7c431f9d-51bc-458b-a3a6-511ec217d887
2019-10-17 06:47:45,191 [grpc-default-executor-4] INFO  impl.RoleInfo (RoleInfo.java:shutdownFollowerState(121)) - 67f35358-9777-4ff9-96f4-8a61bc3a94fe: shutdown FollowerState
2019-10-17 06:47:45,191 [grpc-default-executor-4] INFO  impl.RoleInfo (RoleInfo.java:updateAndGet(143)) - 67f35358-9777-4ff9-96f4-8a61bc3a94fe: start FollowerState
2019-10-17 06:47:45,191 [Thread-1785] INFO  impl.FollowerState (FollowerState.java:run(117)) - 67f35358-9777-4ff9-96f4-8a61bc3a94fe@group-21BA9BD4283D-FollowerState was interrupted: java.lang.InterruptedException: sleep interrupted
2019-10-17 06:47:45,192 [grpc-default-executor-2] INFO  impl.RaftServerImpl (RaftServerImpl.java:setRole(184)) - b9cfa588-8e56-4331-be2f-4c26f25c6739@group-21BA9BD4283D: changes role from  FOLLOWER to FOLLOWER at term 82 for recognizeCandidate:7c431f9d-51bc-458b-a3a6-511ec217d887
2019-10-17 06:47:45,192 [grpc-default-executor-2] INFO  impl.RoleInfo (RoleInfo.java:shutdownFollowerState(121)) - b9cfa588-8e56-4331-be2f-4c26f25c6739: shutdown FollowerState
2019-10-17 06:47:45,192 [grpc-default-executor-2] INFO  impl.RoleInfo (RoleInfo.java:updateAndGet(143)) - b9cfa588-8e56-4331-be2f-4c26f25c6739: start FollowerState
2019-10-17 06:47:45,192 [Thread-1786] INFO  impl.FollowerState (FollowerState.java:run(117)) - b9cfa588-8e56-4331-be2f-4c26f25c6739@group-21BA9BD4283D-FollowerState was interrupted: java.lang.InterruptedException: sleep interrupted
2019-10-17 06:47:45,210 [7c431f9d-51bc-458b-a3a6-511ec217d887@group-21BA9BD4283D-LeaderElection151] INFO  impl.LeaderElection (LeaderElection.java:logAndReturn(56)) - 7c431f9d-51bc-458b-a3a6-511ec217d887@group-21BA9BD4283D-LeaderElection151: Election REJECTED; received 2 response(s) [7c431f9d-51bc-458b-a3a6-511ec217d887<-67f35358-9777-4ff9-96f4-8a61bc3a94fe#0:FAIL-t82, 7c431f9d-51bc-458b-a3a6-511ec217d887<-b9cfa588-8e56-4331-be2f-4c26f25c6739#0:FAIL-t82] and 0 exception(s); 7c431f9d-51bc-458b-a3a6-511ec217d887@group-21BA9BD4283D:t82, leader=null, voted=7c431f9d-51bc-458b-a3a6-511ec217d887, raftlog=7c431f9d-51bc-458b-a3a6-511ec217d887@group-21BA9BD4283D-SegmentedRaftLog:OPENED:c-1,f-1,i0, conf=-1: [67f35358-9777-4ff9-96f4-8a61bc3a94fe:192.168.34.62:37037, 7c431f9d-51bc-458b-a3a6-511ec217d887:192.168.34.62:40420, b9cfa588-8e56-4331-be2f-4c26f25c6739:192.168.34.62:34777], old=null
2019-10-17 06:47:45,210 [7c431f9d-51bc-458b-a3a6-511ec217d887@group-21BA9BD4283D-LeaderElection151] INFO  impl.RaftServerImpl (RaftServerImpl.java:setRole(184)) - 7c431f9d-51bc-458b-a3a6-511ec217d887@group-21BA9BD4283D: changes role from CANDIDATE to FOLLOWER at term 82 for DISCOVERED_A_NEW_TERM
2019-10-17 06:47:45,210 [7c431f9d-51bc-458b-a3a6-511ec217d887@group-21BA9BD4283D-LeaderElection151] INFO  impl.RoleInfo (RoleInfo.java:shutdownLeaderElection(134)) - 7c431f9d-51bc-458b-a3a6-511ec217d887: shutdown LeaderElection
2019-10-17 06:47:45,211 [7c431f9d-51bc-458b-a3a6-511ec217d887@group-21BA9BD4283D-LeaderElection151] INFO  impl.RoleInfo (RoleInfo.java:updateAndGet(143)) - 7c431f9d-51bc-458b-a3a6-511ec217d887: start FollowerState
2019-10-17 06:47:45,337 [Thread-1793] INFO  impl.FollowerState (FollowerState.java:run(108)) - 7c431f9d-51bc-458b-a3a6-511ec217d887@group-21BA9BD4283D-FollowerState: change to CANDIDATE, lastRpcTime:126ms, electionTimeout:126ms
2019-10-17 06:47:45,337 [Thread-1793] INFO  impl.RoleInfo (RoleInfo.java:shutdownFollowerState(121)) - 7c431f9d-51bc-458b-a3a6-511ec217d887: shutdown FollowerState
2019-10-17 06:47:45,337 [Thread-1793] INFO  impl.RaftServerImpl (RaftServerImpl.java:setRole(184)) - 7c431f9d-51bc-458b-a3a6-511ec217d887@group-21BA9BD4283D: changes role from  FOLLOWER to CANDIDATE at term 82 for changeToCandidate
2019-10-17 06:47:45,337 [Thread-1793] INFO  impl.RoleInfo (RoleInfo.java:updateAndGet(143)) - 7c431f9d-51bc-458b-a3a6-511ec217d887: start LeaderElection
2019-10-17 06:47:45,351 [7c431f9d-51bc-458b-a3a6-511ec217d887@group-21BA9BD4283D-LeaderElection152] INFO  impl.LeaderElection (LeaderElection.java:askForVotes(178)) - 7c431f9d-51bc-458b-a3a6-511ec217d887@group-21BA9BD4283D-LeaderElection152: begin an election at term 83 for -1: [67f35358-9777-4ff9-96f4-8a61bc3a94fe:192.168.34.62:37037, 7c431f9d-51bc-458b-a3a6-511ec217d887:192.168.34.62:40420, b9cfa588-8e56-4331-be2f-4c26f25c6739:192.168.34.62:34777], old=null
2019-10-17 06:47:45,353 [grpc-default-executor-4] INFO  impl.RaftServerImpl (RaftServerImpl.java:setRole(184)) - b9cfa588-8e56-4331-be2f-4c26f25c6739@group-21BA9BD4283D: changes role from  FOLLOWER to FOLLOWER at term 83 for recognizeCandidate:7c431f9d-51bc-458b-a3a6-511ec217d887
2019-10-17 06:47:45,353 [grpc-default-executor-2] INFO  impl.RaftServerImpl (RaftServerImpl.java:setRole(184)) - 67f35358-9777-4ff9-96f4-8a61bc3a94fe@group-21BA9BD4283D: changes role from  FOLLOWER to FOLLOWER at term 83 for recognizeCandidate:7c431f9d-51bc-458b-a3a6-511ec217d887
2019-10-17 06:47:45,353 [grpc-default-executor-4] INFO  impl.RoleInfo (RoleInfo.java:shutdownFollowerState(121)) - b9cfa588-8e56-4331-be2f-4c26f25c6739: shutdown FollowerState
2019-10-17 06:47:45,353 [grpc-default-executor-2] INFO  impl.RoleInfo (RoleInfo.java:shutdownFollowerState(121)) - 67f35358-9777-4ff9-96f4-8a61bc3a94fe: shutdown FollowerState
2019-10-17 06:47:45,353 [grpc-default-executor-4] INFO  impl.RoleInfo (RoleInfo.java:updateAndGet(143)) - b9cfa588-8e56-4331-be2f-4c26f25c6739: start FollowerState
2019-10-17 06:47:45,353 [Thread-1791] INFO  impl.FollowerState (FollowerState.java:run(117)) - 67f35358-9777-4ff9-96f4-8a61bc3a94fe@group-21BA9BD4283D-FollowerState was interrupted: java.lang.InterruptedException: sleep interrupted
2019-10-17 06:47:45,353 [Thread-1792] INFO  impl.FollowerState (FollowerState.java:run(117)) - b9cfa588-8e56-4331-be2f-4c26f25c6739@group-21BA9BD4283D-FollowerState was interrupted: java.lang.InterruptedException: sleep interrupted
2019-10-17 06:47:45,353 [grpc-default-executor-2] INFO  impl.RoleInfo (RoleInfo.java:updateAndGet(143)) - 67f35358-9777-4ff9-96f4-8a61bc3a94fe: start FollowerState
2019-10-17 06:47:45,368 [7c431f9d-51bc-458b-a3a6-511ec217d887@group-21BA9BD4283D-LeaderElection152] INFO  impl.LeaderElection (LeaderElection.java:logAndReturn(56)) - 7c431f9d-51bc-458b-a3a6-511ec217d887@group-21BA9BD4283D-LeaderElection152: Election REJECTED; received 2 response(s) [7c431f9d-51bc-458b-a3a6-511ec217d887<-67f35358-9777-4ff9-96f4-8a61bc3a94fe#0:FAIL-t83, 7c431f9d-51bc-458b-a3a6-511ec217d887<-b9cfa588-8e56-4331-be2f-4c26f25c6739#0:FAIL-t83] and 0 exception(s); 7c431f9d-51bc-458b-a3a6-511ec217d887@group-21BA9BD4283D:t83, leader=null, voted=7c431f9d-51bc-458b-a3a6-511ec217d887, raftlog=7c431f9d-51bc-458b-a3a6-511ec217d887@group-21BA9BD4283D-SegmentedRaftLog:OPENED:c-1,f-1,i0, conf=-1: [67f35358-9777-4ff9-96f4-8a61bc3a94fe:192.168.34.62:37037, 7c431f9d-51bc-458b-a3a6-511ec217d887:192.168.34.62:40420, b9cfa588-8e56-4331-be2f-4c26f25c6739:192.168.34.62:34777], old=null
2019-10-17 06:47:45,368 [7c431f9d-51bc-458b-a3a6-511ec217d887@group-21BA9BD4283D-LeaderElection152] INFO  impl.RaftServerImpl (RaftServerImpl.java:setRole(184)) - 7c431f9d-51bc-458b-a3a6-511ec217d887@group-21BA9BD4283D: changes role from CANDIDATE to FOLLOWER at term 83 for DISCOVERED_A_NEW_TERM
2019-10-17 06:47:45,368 [7c431f9d-51bc-458b-a3a6-511ec217d887@group-21BA9BD4283D-LeaderElection152] INFO  impl.RoleInfo (RoleInfo.java:shutdownLeaderElection(134)) - 7c431f9d-51bc-458b-a3a6-511ec217d887: shutdown LeaderElection
2019-10-17 06:47:45,368 [7c431f9d-51bc-458b-a3a6-511ec217d887@group-21BA9BD4283D-LeaderElection152] INFO  impl.RoleInfo (RoleInfo.java:updateAndGet(143)) - 7c431f9d-51bc-458b-a3a6-511ec217d887: start FollowerState
2019-10-17 06:47:45,403 [Thread-1799] INFO  impl.FollowerState (FollowerState.java:run(108)) - 7c431f9d-51bc-458b-a3a6-511ec217d887@group-21BA9BD4283D-FollowerState: change to CANDIDATE, lastRpcTime:34ms, electionTimeout:34ms
2019-10-17 06:47:45,403 [Thread-1799] INFO  impl.RoleInfo (RoleInfo.java:shutdownFollowerState(121)) - 7c431f9d-51bc-458b-a3a6-511ec217d887: shutdown FollowerState
2019-10-17 06:47:45,403 [Thread-1799] INFO  impl.RaftServerImpl (RaftServerImpl.java:setRole(184)) - 7c431f9d-51bc-458b-a3a6-511ec217d887@group-21BA9BD4283D: changes role from  FOLLOWER to CANDIDATE at term 83 for changeToCandidate
2019-10-17 06:47:45,403 [Thread-1799] INFO  impl.RoleInfo (RoleInfo.java:updateAndGet(143)) - 7c431f9d-51bc-458b-a3a6-511ec217d887: start LeaderElection
2019-10-17 06:47:45,420 [7c431f9d-51bc-458b-a3a6-511ec217d887@group-21BA9BD4283D-LeaderElection153] INFO  impl.LeaderElection (LeaderElection.java:askForVotes(178)) - 7c431f9d-51bc-458b-a3a6-511ec217d887@group-21BA9BD4283D-LeaderElection153: begin an election at term 84 for -1: [67f35358-9777-4ff9-96f4-8a61bc3a94fe:192.168.34.62:37037, 7c431f9d-51bc-458b-a3a6-511ec217d887:192.168.34.62:40420, b9cfa588-8e56-4331-be2f-4c26f25c6739:192.168.34.62:34777], old=null
2019-10-17 06:47:45,422 [grpc-default-executor-2] INFO  impl.RaftServerImpl (RaftServerImpl.java:setRole(184)) - 67f35358-9777-4ff9-96f4-8a61bc3a94fe@group-21BA9BD4283D: changes role from  FOLLOWER to FOLLOWER at term 84 for recognizeCandidate:7c431f9d-51bc-458b-a3a6-511ec217d887
2019-10-17 06:47:45,422 [grpc-default-executor-4] INFO  impl.RaftServerImpl (RaftServerImpl.java:setRole(184)) - b9cfa588-8e56-4331-be2f-4c26f25c6739@group-21BA9BD4283D: changes role from  FOLLOWER to FOLLOWER at term 84 for recognizeCandidate:7c431f9d-51bc-458b-a3a6-511ec217d887
2019-10-17 06:47:45,422 [grpc-default-executor-4] INFO  impl.RoleInfo (RoleInfo.java:shutdownFollowerState(121)) - b9cfa588-8e56-4331-be2f-4c26f25c6739: shutdown FollowerState
2019-10-17 06:47:45,422 [grpc-default-executor-2] INFO  impl.RoleInfo (RoleInfo.java:shutdownFollowerState(121)) - 67f35358-9777-4ff9-96f4-8a61bc3a94fe: shutdown FollowerState
2019-10-17 06:47:45,422 [grpc-default-executor-4] INFO  impl.RoleInfo (RoleInfo.java:updateAndGet(143)) - b9cfa588-8e56-4331-be2f-4c26f25c6739: start FollowerState
2019-10-17 06:47:45,422 [Thread-1797] INFO  impl.FollowerState (FollowerState.java:run(117)) - b9cfa588-8e56-4331-be2f-4c26f25c6739@group-21BA9BD4283D-FollowerState was interrupted: java.lang.InterruptedException: sleep interrupted
2019-10-17 06:47:45,422 [grpc-default-executor-2] INFO  impl.RoleInfo (RoleInfo.java:updateAndGet(143)) - 67f35358-9777-4ff9-96f4-8a61bc3a94fe: start FollowerState
2019-10-17 06:47:45,422 [Thread-1798] INFO  impl.FollowerState (FollowerState.java:run(117)) - 67f35358-9777-4ff9-96f4-8a61bc3a94fe@group-21BA9BD4283D-FollowerState was interrupted: java.lang.InterruptedException: sleep interrupted
2019-10-17 06:47:45,436 [7c431f9d-51bc-458b-a3a6-511ec217d887@group-21BA9BD4283D-LeaderElection153] INFO  impl.LeaderElection (LeaderElection.java:logAndReturn(56)) - 7c431f9d-51bc-458b-a3a6-511ec217d887@group-21BA9BD4283D-LeaderElection153: Election REJECTED; received 2 response(s) [7c431f9d-51bc-458b-a3a6-511ec217d887<-67f35358-9777-4ff9-96f4-8a61bc3a94fe#0:FAIL-t84, 7c431f9d-51bc-458b-a3a6-511ec217d887<-b9cfa588-8e56-4331-be2f-4c26f25c6739#0:FAIL-t84] and 0 exception(s); 7c431f9d-51bc-458b-a3a6-511ec217d887@group-21BA9BD4283D:t84, leader=null, voted=7c431f9d-51bc-458b-a3a6-511ec217d887, raftlog=7c431f9d-51bc-458b-a3a6-511ec217d887@group-21BA9BD4283D-SegmentedRaftLog:OPENED:c-1,f-1,i0, conf=-1: [67f35358-9777-4ff9-96f4-8a61bc3a94fe:192.168.34.62:37037, 7c431f9d-51bc-458b-a3a6-511ec217d887:192.168.34.62:40420, b9cfa588-8e56-4331-be2f-4c26f25c6739:192.168.34.62:34777], old=null
2019-10-17 06:47:45,437 [7c431f9d-51bc-458b-a3a6-511ec217d887@group-21BA9BD4283D-LeaderElection153] INFO  impl.RaftServerImpl (RaftServerImpl.java:setRole(184)) - 7c431f9d-51bc-458b-a3a6-511ec217d887@group-21BA9BD4283D: changes role from CANDIDATE to FOLLOWER at term 84 for DISCOVERED_A_NEW_TERM
2019-10-17 06:47:45,437 [7c431f9d-51bc-458b-a3a6-511ec217d887@group-21BA9BD4283D-LeaderElection153] INFO  impl.RoleInfo (RoleInfo.java:shutdownLeaderElection(134)) - 7c431f9d-51bc-458b-a3a6-511ec217d887: shutdown LeaderElection
2019-10-17 06:47:45,437 [7c431f9d-51bc-458b-a3a6-511ec217d887@group-21BA9BD4283D-LeaderElection153] INFO  impl.RoleInfo (RoleInfo.java:updateAndGet(143)) - 7c431f9d-51bc-458b-a3a6-511ec217d887: start FollowerState
2019-10-17 06:47:45,567 [Thread-1805] INFO  impl.FollowerState (FollowerState.java:run(108)) - 7c431f9d-51bc-458b-a3a6-511ec217d887@group-21BA9BD4283D-FollowerState: change to CANDIDATE, lastRpcTime:130ms, electionTimeout:130ms
2019-10-17 06:47:45,567 [Thread-1805] INFO  impl.RoleInfo (RoleInfo.java:shutdownFollowerState(121)) - 7c431f9d-51bc-458b-a3a6-511ec217d887: shutdown FollowerState
2019-10-17 06:47:45,568 [Thread-1805] INFO  impl.RaftServerImpl (RaftServerImpl.java:setRole(184)) - 7c431f9d-51bc-458b-a3a6-511ec217d887@group-21BA9BD4283D: changes role from  FOLLOWER to CANDIDATE at term 84 for changeToCandidate
2019-10-17 06:47:45,568 [Thread-1805] INFO  impl.RoleInfo (RoleInfo.java:updateAndGet(143)) - 7c431f9d-51bc-458b-a3a6-511ec217d887: start LeaderElection
2019-10-17 06:47:45,581 [7c431f9d-51bc-458b-a3a6-511ec217d887@group-21BA9BD4283D-LeaderElection154] INFO  impl.LeaderElection (LeaderElection.java:askForVotes(178)) - 7c431f9d-51bc-458b-a3a6-511ec217d887@group-21BA9BD4283D-LeaderElection154: begin an election at term 85 for -1: [67f35358-9777-4ff9-96f4-8a61bc3a94fe:192.168.34.62:37037, 7c431f9d-51bc-458b-a3a6-511ec217d887:192.168.34.62:40420, b9cfa588-8e56-4331-be2f-4c26f25c6739:192.168.34.62:34777], old=null
2019-10-17 06:47:45,583 [grpc-default-executor-4] INFO  impl.RaftServerImpl (RaftServerImpl.java:setRole(184)) - b9cfa588-8e56-4331-be2f-4c26f25c6739@group-21BA9BD4283D: changes role from  FOLLOWER to FOLLOWER at term 85 for recognizeCandidate:7c431f9d-51bc-458b-a3a6-511ec217d887
2019-10-17 06:47:45,583 [grpc-default-executor-2] INFO  impl.RaftServerImpl (RaftServerImpl.java:setRole(184)) - 67f35358-9777-4ff9-96f4-8a61bc3a94fe@group-21BA9BD4283D: changes role from  FOLLOWER to FOLLOWER at term 85 for recognizeCandidate:7c431f9d-51bc-458b-a3a6-511ec217d887
2019-10-17 06:47:45,583 [grpc-default-executor-4] INFO  impl.RoleInfo (RoleInfo.java:shutdownFollowerState(121)) - b9cfa588-8e56-4331-be2f-4c26f25c6739: shutdown FollowerState
2019-10-17 06:47:45,583 [grpc-default-executor-2] INFO  impl.RoleInfo (RoleInfo.java:shutdownFollowerState(121)) - 67f35358-9777-4ff9-96f4-8a61bc3a94fe: shutdown FollowerState
2019-10-17 06:47:45,584 [grpc-default-executor-4] INFO  impl.RoleInfo (RoleInfo.java:updateAndGet(143)) - b9cfa588-8e56-4331-be2f-4c26f25c6739: start FollowerState
2019-10-17 06:47:45,584 [Thread-1803] INFO  impl.FollowerState (FollowerState.java:run(117)) - b9cfa588-8e56-4331-be2f-4c26f25c6739@group-21BA9BD4283D-FollowerState was interrupted: java.lang.InterruptedException: sleep interrupted
2019-10-17 06:47:45,584 [grpc-default-executor-2] INFO  impl.RoleInfo (RoleInfo.java:updateAndGet(143)) - 67f35358-9777-4ff9-96f4-8a61bc3a94fe: start FollowerState
2019-10-17 06:47:45,584 [Thread-1804] INFO  impl.FollowerState (FollowerState.java:run(117)) - 67f35358-9777-4ff9-96f4-8a61bc3a94fe@group-21BA9BD4283D-FollowerState was interrupted: java.lang.InterruptedException: sleep interrupted
2019-10-17 06:47:45,597 [7c431f9d-51bc-458b-a3a6-511ec217d887@group-21BA9BD4283D-LeaderElection154] INFO  impl.LeaderElection (LeaderElection.java:logAndReturn(56)) - 7c431f9d-51bc-458b-a3a6-511ec217d887@group-21BA9BD4283D-LeaderElection154: Election REJECTED; received 2 response(s) [7c431f9d-51bc-458b-a3a6-511ec217d887<-67f35358-9777-4ff9-96f4-8a61bc3a94fe#0:FAIL-t85, 7c431f9d-51bc-458b-a3a6-511ec217d887<-b9cfa588-8e56-4331-be2f-4c26f25c6739#0:FAIL-t85] and 0 exception(s); 7c431f9d-51bc-458b-a3a6-511ec217d887@group-21BA9BD4283D:t85, leader=null, voted=7c431f9d-51bc-458b-a3a6-511ec217d887, raftlog=7c431f9d-51bc-458b-a3a6-511ec217d887@group-21BA9BD4283D-SegmentedRaftLog:OPENED:c-1,f-1,i0, conf=-1: [67f35358-9777-4ff9-96f4-8a61bc3a94fe:192.168.34.62:37037, 7c431f9d-51bc-458b-a3a6-511ec217d887:192.168.34.62:40420, b9cfa588-8e56-4331-be2f-4c26f25c6739:192.168.34.62:34777], old=null
2019-10-17 06:47:45,598 [7c431f9d-51bc-458b-a3a6-511ec217d887@group-21BA9BD4283D-LeaderElection154] INFO  impl.RaftServerImpl (RaftServerImpl.java:setRole(184)) - 7c431f9d-51bc-458b-a3a6-511ec217d887@group-21BA9BD4283D: changes role from CANDIDATE to FOLLOWER at term 85 for DISCOVERED_A_NEW_TERM
2019-10-17 06:47:45,598 [7c431f9d-51bc-458b-a3a6-511ec217d887@group-21BA9BD4283D-LeaderElection154] INFO  impl.RoleInfo (RoleInfo.java:shutdownLeaderElection(134)) - 7c431f9d-51bc-458b-a3a6-511ec217d887: shutdown LeaderElection
2019-10-17 06:47:45,598 [7c431f9d-51bc-458b-a3a6-511ec217d887@group-21BA9BD4283D-LeaderElection154] INFO  impl.RoleInfo (RoleInfo.java:updateAndGet(143)) - 7c431f9d-51bc-458b-a3a6-511ec217d887: start FollowerState
2019-10-17 06:47:45,604 [Thread-1811] INFO  impl.FollowerState (FollowerState.java:run(108)) - 7c431f9d-51bc-458b-a3a6-511ec217d887@group-21BA9BD4283D-FollowerState: change to CANDIDATE, lastRpcTime:6ms, electionTimeout:6ms
2019-10-17 06:47:45,604 [Thread-1811] INFO  impl.RoleInfo (RoleInfo.java:shutdownFollowerState(121)) - 7c431f9d-51bc-458b-a3a6-511ec217d887: shutdown FollowerState
2019-10-17 06:47:45,604 [Thread-1811] INFO  impl.RaftServerImpl (RaftServerImpl.java:setRole(184)) - 7c431f9d-51bc-458b-a3a6-511ec217d887@group-21BA9BD4283D: changes role from  FOLLOWER to CANDIDATE at term 85 for changeToCandidate
2019-10-17 06:47:45,604 [Thread-1811] INFO  impl.RoleInfo (RoleInfo.java:updateAndGet(143)) - 7c431f9d-51bc-458b-a3a6-511ec217d887: start LeaderElection
2019-10-17 06:47:45,617 [7c431f9d-51bc-458b-a3a6-511ec217d887@group-21BA9BD4283D-LeaderElection155] INFO  impl.LeaderElection (LeaderElection.java:askForVotes(178)) - 7c431f9d-51bc-458b-a3a6-511ec217d887@group-21BA9BD4283D-LeaderElection155: begin an election at term 86 for -1: [67f35358-9777-4ff9-96f4-8a61bc3a94fe:192.168.34.62:37037, 7c431f9d-51bc-458b-a3a6-511ec217d887:192.168.34.62:40420, b9cfa588-8e56-4331-be2f-4c26f25c6739:192.168.34.62:34777], old=null
2019-10-17 06:47:45,619 [grpc-default-executor-4] INFO  impl.RaftServerImpl (RaftServerImpl.java:setRole(184)) - b9cfa588-8e56-4331-be2f-4c26f25c6739@group-21BA9BD4283D: changes role from  FOLLOWER to FOLLOWER at term 86 for recognizeCandidate:7c431f9d-51bc-458b-a3a6-511ec217d887
2019-10-17 06:47:45,619 [grpc-default-executor-2] INFO  impl.RaftServerImpl (RaftServerImpl.java:setRole(184)) - 67f35358-9777-4ff9-96f4-8a61bc3a94fe@group-21BA9BD4283D: changes role from  FOLLOWER to FOLLOWER at term 86 for recognizeCandidate:7c431f9d-51bc-458b-a3a6-511ec217d887
2019-10-17 06:47:45,619 [grpc-default-executor-2] INFO  impl.RoleInfo (RoleInfo.java:shutdownFollowerState(121)) - 67f35358-9777-4ff9-96f4-8a61bc3a94fe: shutdown FollowerState
2019-10-17 06:47:45,619 [grpc-default-executor-4] INFO  impl.RoleInfo (RoleInfo.java:shutdownFollowerState(121)) - b9cfa588-8e56-4331-be2f-4c26f25c6739: shutdown FollowerState
2019-10-17 06:47:45,619 [grpc-default-executor-2] INFO  impl.RoleInfo (RoleInfo.java:updateAndGet(143)) - 67f35358-9777-4ff9-96f4-8a61bc3a94fe: start FollowerState
2019-10-17 06:47:45,619 [grpc-default-executor-4] INFO  impl.RoleInfo (RoleInfo.java:updateAndGet(143)) - b9cfa588-8e56-4331-be2f-4c26f25c6739: start FollowerState
2019-10-17 06:47:45,619 [Thread-1810] INFO  impl.FollowerState (FollowerState.java:run(117)) - 67f35358-9777-4ff9-96f4-8a61bc3a94fe@group-21BA9BD4283D-FollowerState was interrupted: java.lang.InterruptedException: sleep interrupted
2019-10-17 06:47:45,619 [Thread-1809] INFO  impl.FollowerState (FollowerState.java:run(117)) - b9cfa588-8e56-4331-be2f-4c26f25c6739@group-21BA9BD4283D-FollowerState was interrupted: java.lang.InterruptedException: sleep interrupted
2019-10-17 06:47:45,633 [7c431f9d-51bc-458b-a3a6-511ec217d887@group-21BA9BD4283D-LeaderElection155] INFO  impl.LeaderElection (LeaderElection.java:logAndReturn(56)) - 7c431f9d-51bc-458b-a3a6-511ec217d887@group-21BA9BD4283D-LeaderElection155: Election REJECTED; received 2 response(s) [7c431f9d-51bc-458b-a3a6-511ec217d887<-67f35358-9777-4ff9-96f4-8a61bc3a94fe#0:FAIL-t86, 7c431f9d-51bc-458b-a3a6-511ec217d887<-b9cfa588-8e56-4331-be2f-4c26f25c6739#0:FAIL-t86] and 0 exception(s); 7c431f9d-51bc-458b-a3a6-511ec217d887@group-21BA9BD4283D:t86, leader=null, voted=7c431f9d-51bc-458b-a3a6-511ec217d887, raftlog=7c431f9d-51bc-458b-a3a6-511ec217d887@group-21BA9BD4283D-SegmentedRaftLog:OPENED:c-1,f-1,i0, conf=-1: [67f35358-9777-4ff9-96f4-8a61bc3a94fe:192.168.34.62:37037, 7c431f9d-51bc-458b-a3a6-511ec217d887:192.168.34.62:40420, b9cfa588-8e56-4331-be2f-4c26f25c6739:192.168.34.62:34777], old=null
2019-10-17 06:47:45,633 [7c431f9d-51bc-458b-a3a6-511ec217d887@group-21BA9BD4283D-LeaderElection155] INFO  impl.RaftServerImpl (RaftServerImpl.java:setRole(184)) - 7c431f9d-51bc-458b-a3a6-511ec217d887@group-21BA9BD4283D: changes role from CANDIDATE to FOLLOWER at term 86 for DISCOVERED_A_NEW_TERM
2019-10-17 06:47:45,633 [7c431f9d-51bc-458b-a3a6-511ec217d887@group-21BA9BD4283D-LeaderElection155] INFO  impl.RoleInfo (RoleInfo.java:shutdownLeaderElection(134)) - 7c431f9d-51bc-458b-a3a6-511ec217d887: shutdown LeaderElection
2019-10-17 06:47:45,633 [7c431f9d-51bc-458b-a3a6-511ec217d887@group-21BA9BD4283D-LeaderElection155] INFO  impl.RoleInfo (RoleInfo.java:updateAndGet(143)) - 7c431f9d-51bc-458b-a3a6-511ec217d887: start FollowerState
2019-10-17 06:47:45,743 [Thread-1817] INFO  impl.FollowerState (FollowerState.java:run(108)) - 7c431f9d-51bc-458b-a3a6-511ec217d887@group-21BA9BD4283D-FollowerState: change to CANDIDATE, lastRpcTime:110ms, electionTimeout:110ms
2019-10-17 06:47:45,743 [Thread-1817] INFO  impl.RoleInfo (RoleInfo.java:shutdownFollowerState(121)) - 7c431f9d-51bc-458b-a3a6-511ec217d887: shutdown FollowerState
2019-10-17 06:47:45,743 [Thread-1817] INFO  impl.RaftServerImpl (RaftServerImpl.java:setRole(184)) - 7c431f9d-51bc-458b-a3a6-511ec217d887@group-21BA9BD4283D: changes role from  FOLLOWER to CANDIDATE at term 86 for changeToCandidate
2019-10-17 06:47:45,744 [Thread-1817] INFO  impl.RoleInfo (RoleInfo.java:updateAndGet(143)) - 7c431f9d-51bc-458b-a3a6-511ec217d887: start LeaderElection
2019-10-17 06:47:45,749 [7c431f9d-51bc-458b-a3a6-511ec217d887@group-21BA9BD4283D-LeaderElection156] INFO  impl.LeaderElection (LeaderElection.java:askForVotes(178)) - 7c431f9d-51bc-458b-a3a6-511ec217d887@group-21BA9BD4283D-LeaderElection156: begin an election at term 87 for -1: [67f35358-9777-4ff9-96f4-8a61bc3a94fe:192.168.34.62:37037, 7c431f9d-51bc-458b-a3a6-511ec217d887:192.168.34.62:40420, b9cfa588-8e56-4331-be2f-4c26f25c6739:192.168.34.62:34777], old=null
2019-10-17 06:47:45,752 [grpc-default-executor-2] INFO  impl.RaftServerImpl (RaftServerImpl.java:setRole(184)) - 67f35358-9777-4ff9-96f4-8a61bc3a94fe@group-21BA9BD4283D: changes role from  FOLLOWER to FOLLOWER at term 87 for recognizeCandidate:7c431f9d-51bc-458b-a3a6-511ec217d887
2019-10-17 06:47:45,752 [grpc-default-executor-2] INFO  impl.RoleInfo (RoleInfo.java:shutdownFollowerState(121)) - 67f35358-9777-4ff9-96f4-8a61bc3a94fe: shutdown FollowerState
2019-10-17 06:47:45,752 [grpc-default-executor-2] INFO  impl.RoleInfo (RoleInfo.java:updateAndGet(143)) - 67f35358-9777-4ff9-96f4-8a61bc3a94fe: start FollowerState
2019-10-17 06:47:45,752 [Thread-1815] INFO  impl.FollowerState (FollowerState.java:run(117)) - 67f35358-9777-4ff9-96f4-8a61bc3a94fe@group-21BA9BD4283D-FollowerState was interrupted: java.lang.InterruptedException: sleep interrupted
2019-10-17 06:47:45,752 [grpc-default-executor-4] INFO  impl.RaftServerImpl (RaftServerImpl.java:setRole(184)) - b9cfa588-8e56-4331-be2f-4c26f25c6739@group-21BA9BD4283D: changes role from  FOLLOWER to FOLLOWER at term 87 for recognizeCandidate:7c431f9d-51bc-458b-a3a6-511ec217d887
2019-10-17 06:47:45,752 [grpc-default-executor-4] INFO  impl.RoleInfo (RoleInfo.java:shutdownFollowerState(121)) - b9cfa588-8e56-4331-be2f-4c26f25c6739: shutdown FollowerState
2019-10-17 06:47:45,752 [grpc-default-executor-4] INFO  impl.RoleInfo (RoleInfo.java:updateAndGet(143)) - b9cfa588-8e56-4331-be2f-4c26f25c6739: start FollowerState
2019-10-17 06:47:45,752 [Thread-1816] INFO  impl.FollowerState (FollowerState.java:run(117)) - b9cfa588-8e56-4331-be2f-4c26f25c6739@group-21BA9BD4283D-FollowerState was interrupted: java.lang.InterruptedException: sleep interrupted
2019-10-17 06:47:45,770 [7c431f9d-51bc-458b-a3a6-511ec217d887@group-21BA9BD4283D-LeaderElection156] INFO  impl.LeaderElection (LeaderElection.java:logAndReturn(56)) - 7c431f9d-51bc-458b-a3a6-511ec217d887@group-21BA9BD4283D-LeaderElection156: Election REJECTED; received 2 response(s) [7c431f9d-51bc-458b-a3a6-511ec217d887<-67f35358-9777-4ff9-96f4-8a61bc3a94fe#0:FAIL-t87, 7c431f9d-51bc-458b-a3a6-511ec217d887<-b9cfa588-8e56-4331-be2f-4c26f25c6739#0:FAIL-t87] and 0 exception(s); 7c431f9d-51bc-458b-a3a6-511ec217d887@group-21BA9BD4283D:t87, leader=null, voted=7c431f9d-51bc-458b-a3a6-511ec217d887, raftlog=7c431f9d-51bc-458b-a3a6-511ec217d887@group-21BA9BD4283D-SegmentedRaftLog:OPENED:c-1,f-1,i0, conf=-1: [67f35358-9777-4ff9-96f4-8a61bc3a94fe:192.168.34.62:37037, 7c431f9d-51bc-458b-a3a6-511ec217d887:192.168.34.62:40420, b9cfa588-8e56-4331-be2f-4c26f25c6739:192.168.34.62:34777], old=null
2019-10-17 06:47:45,770 [7c431f9d-51bc-458b-a3a6-511ec217d887@group-21BA9BD4283D-LeaderElection156] INFO  impl.RaftServerImpl (RaftServerImpl.java:setRole(184)) - 7c431f9d-51bc-458b-a3a6-511ec217d887@group-21BA9BD4283D: changes role from CANDIDATE to FOLLOWER at term 87 for DISCOVERED_A_NEW_TERM
2019-10-17 06:47:45,770 [7c431f9d-51bc-458b-a3a6-511ec217d887@group-21BA9BD4283D-LeaderElection156] INFO  impl.RoleInfo (RoleInfo.java:shutdownLeaderElection(134)) - 7c431f9d-51bc-458b-a3a6-511ec217d887: shutdown LeaderElection
2019-10-17 06:47:45,770 [7c431f9d-51bc-458b-a3a6-511ec217d887@group-21BA9BD4283D-LeaderElection156] INFO  impl.RoleInfo (RoleInfo.java:updateAndGet(143)) - 7c431f9d-51bc-458b-a3a6-511ec217d887: start FollowerState
2019-10-17 06:47:45,893 [Thread-1823] INFO  impl.FollowerState (FollowerState.java:run(108)) - 7c431f9d-51bc-458b-a3a6-511ec217d887@group-21BA9BD4283D-FollowerState: change to CANDIDATE, lastRpcTime:122ms, electionTimeout:122ms
2019-10-17 06:47:45,893 [Thread-1823] INFO  impl.RoleInfo (RoleInfo.java:shutdownFollowerState(121)) - 7c431f9d-51bc-458b-a3a6-511ec217d887: shutdown FollowerState
2019-10-17 06:47:45,893 [Thread-1823] INFO  impl.RaftServerImpl (RaftServerImpl.java:setRole(184)) - 7c431f9d-51bc-458b-a3a6-511ec217d887@group-21BA9BD4283D: changes role from  FOLLOWER to CANDIDATE at term 87 for changeToCandidate
2019-10-17 06:47:45,893 [Thread-1823] INFO  impl.RoleInfo (RoleInfo.java:updateAndGet(143)) - 7c431f9d-51bc-458b-a3a6-511ec217d887: start LeaderElection
2019-10-17 06:47:45,898 [7c431f9d-51bc-458b-a3a6-511ec217d887@group-21BA9BD4283D-LeaderElection157] INFO  impl.LeaderElection (LeaderElection.java:askForVotes(178)) - 7c431f9d-51bc-458b-a3a6-511ec217d887@group-21BA9BD4283D-LeaderElection157: begin an election at term 88 for -1: [67f35358-9777-4ff9-96f4-8a61bc3a94fe:192.168.34.62:37037, 7c431f9d-51bc-458b-a3a6-511ec217d887:192.168.34.62:40420, b9cfa588-8e56-4331-be2f-4c26f25c6739:192.168.34.62:34777], old=null
2019-10-17 06:47:45,900 [grpc-default-executor-4] INFO  impl.RaftServerImpl (RaftServerImpl.java:setRole(184)) - b9cfa588-8e56-4331-be2f-4c26f25c6739@group-21BA9BD4283D: changes role from  FOLLOWER to FOLLOWER at term 88 for recognizeCandidate:7c431f9d-51bc-458b-a3a6-511ec217d887
2019-10-17 06:47:45,900 [grpc-default-executor-2] INFO  impl.RaftServerImpl (RaftServerImpl.java:setRole(184)) - 67f35358-9777-4ff9-96f4-8a61bc3a94fe@group-21BA9BD4283D: changes role from  FOLLOWER to FOLLOWER at term 88 for recognizeCandidate:7c431f9d-51bc-458b-a3a6-511ec217d887
2019-10-17 06:47:45,900 [grpc-default-executor-4] INFO  impl.RoleInfo (RoleInfo.java:shutdownFollowerState(121)) - b9cfa588-8e56-4331-be2f-4c26f25c6739: shutdown FollowerState
2019-10-17 06:47:45,900 [grpc-default-executor-2] INFO  impl.RoleInfo (RoleInfo.java:shutdownFollowerState(121)) - 67f35358-9777-4ff9-96f4-8a61bc3a94fe: shutdown FollowerState
2019-10-17 06:47:45,900 [grpc-default-executor-4] INFO  impl.RoleInfo (RoleInfo.java:updateAndGet(143)) - b9cfa588-8e56-4331-be2f-4c26f25c6739: start FollowerState
2019-10-17 06:47:45,900 [Thread-1822] INFO  impl.FollowerState (FollowerState.java:run(117)) - b9cfa588-8e56-4331-be2f-4c26f25c6739@group-21BA9BD4283D-FollowerState was interrupted: java.lang.InterruptedException: sleep interrupted
2019-10-17 06:47:45,900 [grpc-default-executor-2] INFO  impl.RoleInfo (RoleInfo.java:updateAndGet(143)) - 67f35358-9777-4ff9-96f4-8a61bc3a94fe: start FollowerState
2019-10-17 06:47:45,900 [Thread-1821] INFO  impl.FollowerState (FollowerState.java:run(117)) - 67f35358-9777-4ff9-96f4-8a61bc3a94fe@group-21BA9BD4283D-FollowerState was interrupted: java.lang.InterruptedException: sleep interrupted
2019-10-17 06:47:45,914 [7c431f9d-51bc-458b-a3a6-511ec217d887@group-21BA9BD4283D-LeaderElection157] INFO  impl.LeaderElection (LeaderElection.java:logAndReturn(56)) - 7c431f9d-51bc-458b-a3a6-511ec217d887@group-21BA9BD4283D-LeaderElection157: Election REJECTED; received 2 response(s) [7c431f9d-51bc-458b-a3a6-511ec217d887<-67f35358-9777-4ff9-96f4-8a61bc3a94fe#0:FAIL-t88, 7c431f9d-51bc-458b-a3a6-511ec217d887<-b9cfa588-8e56-4331-be2f-4c26f25c6739#0:FAIL-t88] and 0 exception(s); 7c431f9d-51bc-458b-a3a6-511ec217d887@group-21BA9BD4283D:t88, leader=null, voted=7c431f9d-51bc-458b-a3a6-511ec217d887, raftlog=7c431f9d-51bc-458b-a3a6-511ec217d887@group-21BA9BD4283D-SegmentedRaftLog:OPENED:c-1,f-1,i0, conf=-1: [67f35358-9777-4ff9-96f4-8a61bc3a94fe:192.168.34.62:37037, 7c431f9d-51bc-458b-a3a6-511ec217d887:192.168.34.62:40420, b9cfa588-8e56-4331-be2f-4c26f25c6739:192.168.34.62:34777], old=null
2019-10-17 06:47:45,915 [7c431f9d-51bc-458b-a3a6-511ec217d887@group-21BA9BD4283D-LeaderElection157] INFO  impl.RaftServerImpl (RaftServerImpl.java:setRole(184)) - 7c431f9d-51bc-458b-a3a6-511ec217d887@group-21BA9BD4283D: changes role from CANDIDATE to FOLLOWER at term 88 for DISCOVERED_A_NEW_TERM
2019-10-17 06:47:45,915 [7c431f9d-51bc-458b-a3a6-511ec217d887@group-21BA9BD4283D-LeaderElection157] INFO  impl.RoleInfo (RoleInfo.java:shutdownLeaderElection(134)) - 7c431f9d-51bc-458b-a3a6-511ec217d887: shutdown LeaderElection
2019-10-17 06:47:45,915 [7c431f9d-51bc-458b-a3a6-511ec217d887@group-21BA9BD4283D-LeaderElection157] INFO  impl.RoleInfo (RoleInfo.java:updateAndGet(143)) - 7c431f9d-51bc-458b-a3a6-511ec217d887: start FollowerState
2019-10-17 06:47:46,018 [Thread-1829] INFO  impl.FollowerState (FollowerState.java:run(108)) - 7c431f9d-51bc-458b-a3a6-511ec217d887@group-21BA9BD4283D-FollowerState: change to CANDIDATE, lastRpcTime:103ms, electionTimeout:103ms
2019-10-17 06:47:46,018 [Thread-1829] INFO  impl.RoleInfo (RoleInfo.java:shutdownFollowerState(121)) - 7c431f9d-51bc-458b-a3a6-511ec217d887: shutdown FollowerState
2019-10-17 06:47:46,019 [Thread-1829] INFO  impl.RaftServerImpl (RaftServerImpl.java:setRole(184)) - 7c431f9d-51bc-458b-a3a6-511ec217d887@group-21BA9BD4283D: changes role from  FOLLOWER to CANDIDATE at term 88 for changeToCandidate
2019-10-17 06:47:46,019 [Thread-1829] INFO  impl.RoleInfo (RoleInfo.java:updateAndGet(143)) - 7c431f9d-51bc-458b-a3a6-511ec217d887: start LeaderElection
2019-10-17 06:47:46,044 [7c431f9d-51bc-458b-a3a6-511ec217d887@group-21BA9BD4283D-LeaderElection158] INFO  impl.LeaderElection (LeaderElection.java:askForVotes(178)) - 7c431f9d-51bc-458b-a3a6-511ec217d887@group-21BA9BD4283D-LeaderElection158: begin an election at term 89 for -1: [67f35358-9777-4ff9-96f4-8a61bc3a94fe:192.168.34.62:37037, 7c431f9d-51bc-458b-a3a6-511ec217d887:192.168.34.62:40420, b9cfa588-8e56-4331-be2f-4c26f25c6739:192.168.34.62:34777], old=null
2019-10-17 06:47:46,046 [grpc-default-executor-4] INFO  impl.RaftServerImpl (RaftServerImpl.java:setRole(184)) - 67f35358-9777-4ff9-96f4-8a61bc3a94fe@group-21BA9BD4283D: changes role from  FOLLOWER to FOLLOWER at term 89 for recognizeCandidate:7c431f9d-51bc-458b-a3a6-511ec217d887
2019-10-17 06:47:46,046 [grpc-default-executor-4] INFO  impl.RoleInfo (RoleInfo.java:shutdownFollowerState(121)) - 67f35358-9777-4ff9-96f4-8a61bc3a94fe: shutdown FollowerState
2019-10-17 06:47:46,046 [grpc-default-executor-4] INFO  impl.RoleInfo (RoleInfo.java:updateAndGet(143)) - 67f35358-9777-4ff9-96f4-8a61bc3a94fe: start FollowerState
2019-10-17 06:47:46,046 [grpc-default-executor-2] INFO  impl.RaftServerImpl (RaftServerImpl.java:setRole(184)) - b9cfa588-8e56-4331-be2f-4c26f25c6739@group-21BA9BD4283D: changes role from  FOLLOWER to FOLLOWER at term 89 for recognizeCandidate:7c431f9d-51bc-458b-a3a6-511ec217d887
2019-10-17 06:47:46,046 [Thread-1828] INFO  impl.FollowerState (FollowerState.java:run(117)) - 67f35358-9777-4ff9-96f4-8a61bc3a94fe@group-21BA9BD4283D-FollowerState was interrupted: java.lang.InterruptedException: sleep interrupted
2019-10-17 06:47:46,047 [grpc-default-executor-2] INFO  impl.RoleInfo (RoleInfo.java:shutdownFollowerState(121)) - b9cfa588-8e56-4331-be2f-4c26f25c6739: shutdown FollowerState
2019-10-17 06:47:46,047 [grpc-default-executor-2] INFO  impl.RoleInfo (RoleInfo.java:updateAndGet(143)) - b9cfa588-8e56-4331-be2f-4c26f25c6739: start FollowerState
2019-10-17 06:47:46,047 [Thread-1827] INFO  impl.FollowerState (FollowerState.java:run(117)) - b9cfa588-8e56-4331-be2f-4c26f25c6739@group-21BA9BD4283D-FollowerState was interrupted: java.lang.InterruptedException: sleep interrupted
2019-10-17 06:47:46,060 [7c431f9d-51bc-458b-a3a6-511ec217d887@group-21BA9BD4283D-LeaderElection158] INFO  impl.LeaderElection (LeaderElection.java:logAndReturn(56)) - 7c431f9d-51bc-458b-a3a6-511ec217d887@group-21BA9BD4283D-LeaderElection158: Election REJECTED; received 2 response(s) [7c431f9d-51bc-458b-a3a6-511ec217d887<-67f35358-9777-4ff9-96f4-8a61bc3a94fe#0:FAIL-t89, 7c431f9d-51bc-458b-a3a6-511ec217d887<-b9cfa588-8e56-4331-be2f-4c26f25c6739#0:FAIL-t89] and 0 exception(s); 7c431f9d-51bc-458b-a3a6-511ec217d887@group-21BA9BD4283D:t89, leader=null, voted=7c431f9d-51bc-458b-a3a6-511ec217d887, raftlog=7c431f9d-51bc-458b-a3a6-511ec217d887@group-21BA9BD4283D-SegmentedRaftLog:OPENED:c-1,f-1,i0, conf=-1: [67f35358-9777-4ff9-96f4-8a61bc3a94fe:192.168.34.62:37037, 7c431f9d-51bc-458b-a3a6-511ec217d887:192.168.34.62:40420, b9cfa588-8e56-4331-be2f-4c26f25c6739:192.168.34.62:34777], old=null
2019-10-17 06:47:46,060 [7c431f9d-51bc-458b-a3a6-511ec217d887@group-21BA9BD4283D-LeaderElection158] INFO  impl.RaftServerImpl (RaftServerImpl.java:setRole(184)) - 7c431f9d-51bc-458b-a3a6-511ec217d887@group-21BA9BD4283D: changes role from CANDIDATE to FOLLOWER at term 89 for DISCOVERED_A_NEW_TERM
2019-10-17 06:47:46,061 [7c431f9d-51bc-458b-a3a6-511ec217d887@group-21BA9BD4283D-LeaderElection158] INFO  impl.RoleInfo (RoleInfo.java:shutdownLeaderElection(134)) - 7c431f9d-51bc-458b-a3a6-511ec217d887: shutdown LeaderElection
2019-10-17 06:47:46,061 [7c431f9d-51bc-458b-a3a6-511ec217d887@group-21BA9BD4283D-LeaderElection158] INFO  impl.RoleInfo (RoleInfo.java:updateAndGet(143)) - 7c431f9d-51bc-458b-a3a6-511ec217d887: start FollowerState
2019-10-17 06:47:46,094 [main] INFO  ozone.MiniOzoneClusterImpl (MiniOzoneClusterImpl.java:lambda$waitForClusterToBeReady$2(164)) - Waiting for 1 number of pipelines out of 4, to report a leader.
2019-10-17 06:47:46,234 [Thread-1835] INFO  impl.FollowerState (FollowerState.java:run(108)) - 7c431f9d-51bc-458b-a3a6-511ec217d887@group-21BA9BD4283D-FollowerState: change to CANDIDATE, lastRpcTime:173ms, electionTimeout:173ms
2019-10-17 06:47:46,234 [Thread-1835] INFO  impl.RoleInfo (RoleInfo.java:shutdownFollowerState(121)) - 7c431f9d-51bc-458b-a3a6-511ec217d887: shutdown FollowerState
2019-10-17 06:47:46,234 [Thread-1835] INFO  impl.RaftServerImpl (RaftServerImpl.java:setRole(184)) - 7c431f9d-51bc-458b-a3a6-511ec217d887@group-21BA9BD4283D: changes role from  FOLLOWER to CANDIDATE at term 89 for changeToCandidate
2019-10-17 06:47:46,234 [Thread-1835] INFO  impl.RoleInfo (RoleInfo.java:updateAndGet(143)) - 7c431f9d-51bc-458b-a3a6-511ec217d887: start LeaderElection
2019-10-17 06:47:46,248 [7c431f9d-51bc-458b-a3a6-511ec217d887@group-21BA9BD4283D-LeaderElection159] INFO  impl.LeaderElection (LeaderElection.java:askForVotes(178)) - 7c431f9d-51bc-458b-a3a6-511ec217d887@group-21BA9BD4283D-LeaderElection159: begin an election at term 90 for -1: [67f35358-9777-4ff9-96f4-8a61bc3a94fe:192.168.34.62:37037, 7c431f9d-51bc-458b-a3a6-511ec217d887:192.168.34.62:40420, b9cfa588-8e56-4331-be2f-4c26f25c6739:192.168.34.62:34777], old=null
2019-10-17 06:47:46,250 [grpc-default-executor-2] INFO  impl.RaftServerImpl (RaftServerImpl.java:setRole(184)) - 67f35358-9777-4ff9-96f4-8a61bc3a94fe@group-21BA9BD4283D: changes role from  FOLLOWER to FOLLOWER at term 90 for recognizeCandidate:7c431f9d-51bc-458b-a3a6-511ec217d887
2019-10-17 06:47:46,250 [grpc-default-executor-4] INFO  impl.RaftServerImpl (RaftServerImpl.java:setRole(184)) - b9cfa588-8e56-4331-be2f-4c26f25c6739@group-21BA9BD4283D: changes role from  FOLLOWER to FOLLOWER at term 90 for recognizeCandidate:7c431f9d-51bc-458b-a3a6-511ec217d887
2019-10-17 06:47:46,251 [grpc-default-executor-4] INFO  impl.RoleInfo (RoleInfo.java:shutdownFollowerState(121)) - b9cfa588-8e56-4331-be2f-4c26f25c6739: shutdown FollowerState
2019-10-17 06:47:46,250 [grpc-default-executor-2] INFO  impl.RoleInfo (RoleInfo.java:shutdownFollowerState(121)) - 67f35358-9777-4ff9-96f4-8a61bc3a94fe: shutdown FollowerState
2019-10-17 06:47:46,251 [grpc-default-executor-4] INFO  impl.RoleInfo (RoleInfo.java:updateAndGet(143)) - b9cfa588-8e56-4331-be2f-4c26f25c6739: start FollowerState
2019-10-17 06:47:46,251 [Thread-1834] INFO  impl.FollowerState (FollowerState.java:run(117)) - b9cfa588-8e56-4331-be2f-4c26f25c6739@group-21BA9BD4283D-FollowerState was interrupted: java.lang.InterruptedException: sleep interrupted
2019-10-17 06:47:46,251 [Thread-1833] INFO  impl.FollowerState (FollowerState.java:run(117)) - 67f35358-9777-4ff9-96f4-8a61bc3a94fe@group-21BA9BD4283D-FollowerState was interrupted: java.lang.InterruptedException: sleep interrupted
2019-10-17 06:47:46,251 [grpc-default-executor-2] INFO  impl.RoleInfo (RoleInfo.java:updateAndGet(143)) - 67f35358-9777-4ff9-96f4-8a61bc3a94fe: start FollowerState
2019-10-17 06:47:46,266 [7c431f9d-51bc-458b-a3a6-511ec217d887@group-21BA9BD4283D-LeaderElection159] INFO  impl.LeaderElection (LeaderElection.java:logAndReturn(56)) - 7c431f9d-51bc-458b-a3a6-511ec217d887@group-21BA9BD4283D-LeaderElection159: Election REJECTED; received 2 response(s) [7c431f9d-51bc-458b-a3a6-511ec217d887<-67f35358-9777-4ff9-96f4-8a61bc3a94fe#0:FAIL-t90, 7c431f9d-51bc-458b-a3a6-511ec217d887<-b9cfa588-8e56-4331-be2f-4c26f25c6739#0:FAIL-t90] and 0 exception(s); 7c431f9d-51bc-458b-a3a6-511ec217d887@group-21BA9BD4283D:t90, leader=null, voted=7c431f9d-51bc-458b-a3a6-511ec217d887, raftlog=7c431f9d-51bc-458b-a3a6-511ec217d887@group-21BA9BD4283D-SegmentedRaftLog:OPENED:c-1,f-1,i0, conf=-1: [67f35358-9777-4ff9-96f4-8a61bc3a94fe:192.168.34.62:37037, 7c431f9d-51bc-458b-a3a6-511ec217d887:192.168.34.62:40420, b9cfa588-8e56-4331-be2f-4c26f25c6739:192.168.34.62:34777], old=null
2019-10-17 06:47:46,266 [7c431f9d-51bc-458b-a3a6-511ec217d887@group-21BA9BD4283D-LeaderElection159] INFO  impl.RaftServerImpl (RaftServerImpl.java:setRole(184)) - 7c431f9d-51bc-458b-a3a6-511ec217d887@group-21BA9BD4283D: changes role from CANDIDATE to FOLLOWER at term 90 for DISCOVERED_A_NEW_TERM
2019-10-17 06:47:46,266 [7c431f9d-51bc-458b-a3a6-511ec217d887@group-21BA9BD4283D-LeaderElection159] INFO  impl.RoleInfo (RoleInfo.java:shutdownLeaderElection(134)) - 7c431f9d-51bc-458b-a3a6-511ec217d887: shutdown LeaderElection
2019-10-17 06:47:46,266 [7c431f9d-51bc-458b-a3a6-511ec217d887@group-21BA9BD4283D-LeaderElection159] INFO  impl.RoleInfo (RoleInfo.java:updateAndGet(143)) - 7c431f9d-51bc-458b-a3a6-511ec217d887: start FollowerState
2019-10-17 06:47:46,316 [Thread-1841] INFO  impl.FollowerState (FollowerState.java:run(108)) - 7c431f9d-51bc-458b-a3a6-511ec217d887@group-21BA9BD4283D-FollowerState: change to CANDIDATE, lastRpcTime:50ms, electionTimeout:50ms
2019-10-17 06:47:46,317 [Thread-1841] INFO  impl.RoleInfo (RoleInfo.java:shutdownFollowerState(121)) - 7c431f9d-51bc-458b-a3a6-511ec217d887: shutdown FollowerState
2019-10-17 06:47:46,317 [Thread-1841] INFO  impl.RaftServerImpl (RaftServerImpl.java:setRole(184)) - 7c431f9d-51bc-458b-a3a6-511ec217d887@group-21BA9BD4283D: changes role from  FOLLOWER to CANDIDATE at term 90 for changeToCandidate
2019-10-17 06:47:46,317 [Thread-1841] INFO  impl.RoleInfo (RoleInfo.java:updateAndGet(143)) - 7c431f9d-51bc-458b-a3a6-511ec217d887: start LeaderElection
2019-10-17 06:47:46,331 [7c431f9d-51bc-458b-a3a6-511ec217d887@group-21BA9BD4283D-LeaderElection160] INFO  impl.LeaderElection (LeaderElection.java:askForVotes(178)) - 7c431f9d-51bc-458b-a3a6-511ec217d887@group-21BA9BD4283D-LeaderElection160: begin an election at term 91 for -1: [67f35358-9777-4ff9-96f4-8a61bc3a94fe:192.168.34.62:37037, 7c431f9d-51bc-458b-a3a6-511ec217d887:192.168.34.62:40420, b9cfa588-8e56-4331-be2f-4c26f25c6739:192.168.34.62:34777], old=null
2019-10-17 06:47:46,333 [grpc-default-executor-2] INFO  impl.RaftServerImpl (RaftServerImpl.java:setRole(184)) - b9cfa588-8e56-4331-be2f-4c26f25c6739@group-21BA9BD4283D: changes role from  FOLLOWER to FOLLOWER at term 91 for recognizeCandidate:7c431f9d-51bc-458b-a3a6-511ec217d887
2019-10-17 06:47:46,333 [grpc-default-executor-4] INFO  impl.RaftServerImpl (RaftServerImpl.java:setRole(184)) - 67f35358-9777-4ff9-96f4-8a61bc3a94fe@group-21BA9BD4283D: changes role from  FOLLOWER to FOLLOWER at term 91 for recognizeCandidate:7c431f9d-51bc-458b-a3a6-511ec217d887
2019-10-17 06:47:46,333 [grpc-default-executor-4] INFO  impl.RoleInfo (RoleInfo.java:shutdownFollowerState(121)) - 67f35358-9777-4ff9-96f4-8a61bc3a94fe: shutdown FollowerState
2019-10-17 06:47:46,333 [grpc-default-executor-2] INFO  impl.RoleInfo (RoleInfo.java:shutdownFollowerState(121)) - b9cfa588-8e56-4331-be2f-4c26f25c6739: shutdown FollowerState
2019-10-17 06:47:46,333 [Thread-1840] INFO  impl.FollowerState (FollowerState.java:run(117)) - 67f35358-9777-4ff9-96f4-8a61bc3a94fe@group-21BA9BD4283D-FollowerState was interrupted: java.lang.InterruptedException: sleep interrupted
2019-10-17 06:47:46,333 [Thread-1839] INFO  impl.FollowerState (FollowerState.java:run(117)) - b9cfa588-8e56-4331-be2f-4c26f25c6739@group-21BA9BD4283D-FollowerState was interrupted: java.lang.InterruptedException: sleep interrupted
2019-10-17 06:47:46,333 [grpc-default-executor-4] INFO  impl.RoleInfo (RoleInfo.java:updateAndGet(143)) - 67f35358-9777-4ff9-96f4-8a61bc3a94fe: start FollowerState
2019-10-17 06:47:46,333 [grpc-default-executor-2] INFO  impl.RoleInfo (RoleInfo.java:updateAndGet(143)) - b9cfa588-8e56-4331-be2f-4c26f25c6739: start FollowerState
2019-10-17 06:47:46,357 [7c431f9d-51bc-458b-a3a6-511ec217d887@group-21BA9BD4283D-LeaderElection160] INFO  impl.LeaderElection (LeaderElection.java:logAndReturn(56)) - 7c431f9d-51bc-458b-a3a6-511ec217d887@group-21BA9BD4283D-LeaderElection160: Election REJECTED; received 2 response(s) [7c431f9d-51bc-458b-a3a6-511ec217d887<-67f35358-9777-4ff9-96f4-8a61bc3a94fe#0:FAIL-t91, 7c431f9d-51bc-458b-a3a6-511ec217d887<-b9cfa588-8e56-4331-be2f-4c26f25c6739#0:FAIL-t91] and 0 exception(s); 7c431f9d-51bc-458b-a3a6-511ec217d887@group-21BA9BD4283D:t91, leader=null, voted=7c431f9d-51bc-458b-a3a6-511ec217d887, raftlog=7c431f9d-51bc-458b-a3a6-511ec217d887@group-21BA9BD4283D-SegmentedRaftLog:OPENED:c-1,f-1,i0, conf=-1: [67f35358-9777-4ff9-96f4-8a61bc3a94fe:192.168.34.62:37037, 7c431f9d-51bc-458b-a3a6-511ec217d887:192.168.34.62:40420, b9cfa588-8e56-4331-be2f-4c26f25c6739:192.168.34.62:34777], old=null
2019-10-17 06:47:46,358 [7c431f9d-51bc-458b-a3a6-511ec217d887@group-21BA9BD4283D-LeaderElection160] INFO  impl.RaftServerImpl (RaftServerImpl.java:setRole(184)) - 7c431f9d-51bc-458b-a3a6-511ec217d887@group-21BA9BD4283D: changes role from CANDIDATE to FOLLOWER at term 91 for DISCOVERED_A_NEW_TERM
2019-10-17 06:47:46,358 [7c431f9d-51bc-458b-a3a6-511ec217d887@group-21BA9BD4283D-LeaderElection160] INFO  impl.RoleInfo (RoleInfo.java:shutdownLeaderElection(134)) - 7c431f9d-51bc-458b-a3a6-511ec217d887: shutdown LeaderElection
2019-10-17 06:47:46,358 [7c431f9d-51bc-458b-a3a6-511ec217d887@group-21BA9BD4283D-LeaderElection160] INFO  impl.RoleInfo (RoleInfo.java:updateAndGet(143)) - 7c431f9d-51bc-458b-a3a6-511ec217d887: start FollowerState
2019-10-17 06:47:46,445 [Thread-1847] INFO  impl.FollowerState (FollowerState.java:run(108)) - 7c431f9d-51bc-458b-a3a6-511ec217d887@group-21BA9BD4283D-FollowerState: change to CANDIDATE, lastRpcTime:87ms, electionTimeout:87ms
2019-10-17 06:47:46,446 [Thread-1847] INFO  impl.RoleInfo (RoleInfo.java:shutdownFollowerState(121)) - 7c431f9d-51bc-458b-a3a6-511ec217d887: shutdown FollowerState
2019-10-17 06:47:46,446 [Thread-1847] INFO  impl.RaftServerImpl (RaftServerImpl.java:setRole(184)) - 7c431f9d-51bc-458b-a3a6-511ec217d887@group-21BA9BD4283D: changes role from  FOLLOWER to CANDIDATE at term 91 for changeToCandidate
2019-10-17 06:47:46,446 [Thread-1847] INFO  impl.RoleInfo (RoleInfo.java:updateAndGet(143)) - 7c431f9d-51bc-458b-a3a6-511ec217d887: start LeaderElection
2019-10-17 06:47:46,458 [7c431f9d-51bc-458b-a3a6-511ec217d887@group-21BA9BD4283D-LeaderElection161] INFO  impl.LeaderElection (LeaderElection.java:askForVotes(178)) - 7c431f9d-51bc-458b-a3a6-511ec217d887@group-21BA9BD4283D-LeaderElection161: begin an election at term 92 for -1: [67f35358-9777-4ff9-96f4-8a61bc3a94fe:192.168.34.62:37037, 7c431f9d-51bc-458b-a3a6-511ec217d887:192.168.34.62:40420, b9cfa588-8e56-4331-be2f-4c26f25c6739:192.168.34.62:34777], old=null
2019-10-17 06:47:46,462 [grpc-default-executor-2] INFO  impl.RaftServerImpl (RaftServerImpl.java:setRole(184)) - 67f35358-9777-4ff9-96f4-8a61bc3a94fe@group-21BA9BD4283D: changes role from  FOLLOWER to FOLLOWER at term 92 for recognizeCandidate:7c431f9d-51bc-458b-a3a6-511ec217d887
2019-10-17 06:47:46,462 [grpc-default-executor-2] INFO  impl.RoleInfo (RoleInfo.java:shutdownFollowerState(121)) - 67f35358-9777-4ff9-96f4-8a61bc3a94fe: shutdown FollowerState
2019-10-17 06:47:46,463 [grpc-default-executor-2] INFO  impl.RoleInfo (RoleInfo.java:updateAndGet(143)) - 67f35358-9777-4ff9-96f4-8a61bc3a94fe: start FollowerState
2019-10-17 06:47:46,462 [grpc-default-executor-4] INFO  impl.RaftServerImpl (RaftServerImpl.java:setRole(184)) - b9cfa588-8e56-4331-be2f-4c26f25c6739@group-21BA9BD4283D: changes role from  FOLLOWER to FOLLOWER at term 92 for recognizeCandidate:7c431f9d-51bc-458b-a3a6-511ec217d887
2019-10-17 06:47:46,463 [grpc-default-executor-4] INFO  impl.RoleInfo (RoleInfo.java:shutdownFollowerState(121)) - b9cfa588-8e56-4331-be2f-4c26f25c6739: shutdown FollowerState
2019-10-17 06:47:46,463 [Thread-1845] INFO  impl.FollowerState (FollowerState.java:run(117)) - 67f35358-9777-4ff9-96f4-8a61bc3a94fe@group-21BA9BD4283D-FollowerState was interrupted: java.lang.InterruptedException: sleep interrupted
2019-10-17 06:47:46,464 [grpc-default-executor-4] INFO  impl.RoleInfo (RoleInfo.java:updateAndGet(143)) - b9cfa588-8e56-4331-be2f-4c26f25c6739: start FollowerState
2019-10-17 06:47:46,464 [Thread-1846] INFO  impl.FollowerState (FollowerState.java:run(117)) - b9cfa588-8e56-4331-be2f-4c26f25c6739@group-21BA9BD4283D-FollowerState was interrupted: java.lang.InterruptedException: sleep interrupted
2019-10-17 06:47:46,473 [7c431f9d-51bc-458b-a3a6-511ec217d887@group-21BA9BD4283D-LeaderElection161] INFO  impl.LeaderElection (LeaderElection.java:logAndReturn(56)) - 7c431f9d-51bc-458b-a3a6-511ec217d887@group-21BA9BD4283D-LeaderElection161: Election REJECTED; received 2 response(s) [7c431f9d-51bc-458b-a3a6-511ec217d887<-67f35358-9777-4ff9-96f4-8a61bc3a94fe#0:FAIL-t92, 7c431f9d-51bc-458b-a3a6-511ec217d887<-b9cfa588-8e56-4331-be2f-4c26f25c6739#0:FAIL-t92] and 0 exception(s); 7c431f9d-51bc-458b-a3a6-511ec217d887@group-21BA9BD4283D:t92, leader=null, voted=7c431f9d-51bc-458b-a3a6-511ec217d887, raftlog=7c431f9d-51bc-458b-a3a6-511ec217d887@group-21BA9BD4283D-SegmentedRaftLog:OPENED:c-1,f-1,i0, conf=-1: [67f35358-9777-4ff9-96f4-8a61bc3a94fe:192.168.34.62:37037, 7c431f9d-51bc-458b-a3a6-511ec217d887:192.168.34.62:40420, b9cfa588-8e56-4331-be2f-4c26f25c6739:192.168.34.62:34777], old=null
2019-10-17 06:47:46,474 [7c431f9d-51bc-458b-a3a6-511ec217d887@group-21BA9BD4283D-LeaderElection161] INFO  impl.RaftServerImpl (RaftServerImpl.java:setRole(184)) - 7c431f9d-51bc-458b-a3a6-511ec217d887@group-21BA9BD4283D: changes role from CANDIDATE to FOLLOWER at term 92 for DISCOVERED_A_NEW_TERM
2019-10-17 06:47:46,474 [7c431f9d-51bc-458b-a3a6-511ec217d887@group-21BA9BD4283D-LeaderElection161] INFO  impl.RoleInfo (RoleInfo.java:shutdownLeaderElection(134)) - 7c431f9d-51bc-458b-a3a6-511ec217d887: shutdown LeaderElection
2019-10-17 06:47:46,474 [7c431f9d-51bc-458b-a3a6-511ec217d887@group-21BA9BD4283D-LeaderElection161] INFO  impl.RoleInfo (RoleInfo.java:updateAndGet(143)) - 7c431f9d-51bc-458b-a3a6-511ec217d887: start FollowerState
2019-10-17 06:47:46,592 [Thread-1853] INFO  impl.FollowerState (FollowerState.java:run(108)) - 7c431f9d-51bc-458b-a3a6-511ec217d887@group-21BA9BD4283D-FollowerState: change to CANDIDATE, lastRpcTime:118ms, electionTimeout:118ms
2019-10-17 06:47:46,592 [Thread-1853] INFO  impl.RoleInfo (RoleInfo.java:shutdownFollowerState(121)) - 7c431f9d-51bc-458b-a3a6-511ec217d887: shutdown FollowerState
2019-10-17 06:47:46,592 [Thread-1853] INFO  impl.RaftServerImpl (RaftServerImpl.java:setRole(184)) - 7c431f9d-51bc-458b-a3a6-511ec217d887@group-21BA9BD4283D: changes role from  FOLLOWER to CANDIDATE at term 92 for changeToCandidate
2019-10-17 06:47:46,593 [Thread-1853] INFO  impl.RoleInfo (RoleInfo.java:updateAndGet(143)) - 7c431f9d-51bc-458b-a3a6-511ec217d887: start LeaderElection
2019-10-17 06:47:46,624 [7c431f9d-51bc-458b-a3a6-511ec217d887@group-21BA9BD4283D-LeaderElection162] INFO  impl.LeaderElection (LeaderElection.java:askForVotes(178)) - 7c431f9d-51bc-458b-a3a6-511ec217d887@group-21BA9BD4283D-LeaderElection162: begin an election at term 93 for -1: [67f35358-9777-4ff9-96f4-8a61bc3a94fe:192.168.34.62:37037, 7c431f9d-51bc-458b-a3a6-511ec217d887:192.168.34.62:40420, b9cfa588-8e56-4331-be2f-4c26f25c6739:192.168.34.62:34777], old=null
2019-10-17 06:47:46,626 [grpc-default-executor-2] INFO  impl.RaftServerImpl (RaftServerImpl.java:setRole(184)) - b9cfa588-8e56-4331-be2f-4c26f25c6739@group-21BA9BD4283D: changes role from  FOLLOWER to FOLLOWER at term 93 for recognizeCandidate:7c431f9d-51bc-458b-a3a6-511ec217d887
2019-10-17 06:47:46,626 [grpc-default-executor-2] INFO  impl.RoleInfo (RoleInfo.java:shutdownFollowerState(121)) - b9cfa588-8e56-4331-be2f-4c26f25c6739: shutdown FollowerState
2019-10-17 06:47:46,626 [grpc-default-executor-4] INFO  impl.RaftServerImpl (RaftServerImpl.java:setRole(184)) - 67f35358-9777-4ff9-96f4-8a61bc3a94fe@group-21BA9BD4283D: changes role from  FOLLOWER to FOLLOWER at term 93 for recognizeCandidate:7c431f9d-51bc-458b-a3a6-511ec217d887
2019-10-17 06:47:46,627 [Thread-1852] INFO  impl.FollowerState (FollowerState.java:run(117)) - b9cfa588-8e56-4331-be2f-4c26f25c6739@group-21BA9BD4283D-FollowerState was interrupted: java.lang.InterruptedException: sleep interrupted
2019-10-17 06:47:46,627 [grpc-default-executor-2] INFO  impl.RoleInfo (RoleInfo.java:updateAndGet(143)) - b9cfa588-8e56-4331-be2f-4c26f25c6739: start FollowerState
2019-10-17 06:47:46,627 [grpc-default-executor-4] INFO  impl.RoleInfo (RoleInfo.java:shutdownFollowerState(121)) - 67f35358-9777-4ff9-96f4-8a61bc3a94fe: shutdown FollowerState
2019-10-17 06:47:46,627 [grpc-default-executor-4] INFO  impl.RoleInfo (RoleInfo.java:updateAndGet(143)) - 67f35358-9777-4ff9-96f4-8a61bc3a94fe: start FollowerState
2019-10-17 06:47:46,627 [Thread-1851] INFO  impl.FollowerState (FollowerState.java:run(117)) - 67f35358-9777-4ff9-96f4-8a61bc3a94fe@group-21BA9BD4283D-FollowerState was interrupted: java.lang.InterruptedException: sleep interrupted
2019-10-17 06:47:46,641 [7c431f9d-51bc-458b-a3a6-511ec217d887@group-21BA9BD4283D-LeaderElection162] INFO  impl.LeaderElection (LeaderElection.java:logAndReturn(56)) - 7c431f9d-51bc-458b-a3a6-511ec217d887@group-21BA9BD4283D-LeaderElection162: Election TIMEOUT; received 0 response(s) [] and 0 exception(s); 7c431f9d-51bc-458b-a3a6-511ec217d887@group-21BA9BD4283D:t93, leader=null, voted=7c431f9d-51bc-458b-a3a6-511ec217d887, raftlog=7c431f9d-51bc-458b-a3a6-511ec217d887@group-21BA9BD4283D-SegmentedRaftLog:OPENED:c-1,f-1,i0, conf=-1: [67f35358-9777-4ff9-96f4-8a61bc3a94fe:192.168.34.62:37037, 7c431f9d-51bc-458b-a3a6-511ec217d887:192.168.34.62:40420, b9cfa588-8e56-4331-be2f-4c26f25c6739:192.168.34.62:34777], old=null
2019-10-17 06:47:46,671 [7c431f9d-51bc-458b-a3a6-511ec217d887@group-21BA9BD4283D-LeaderElection162] INFO  impl.LeaderElection (LeaderElection.java:askForVotes(178)) - 7c431f9d-51bc-458b-a3a6-511ec217d887@group-21BA9BD4283D-LeaderElection162: begin an election at term 94 for -1: [67f35358-9777-4ff9-96f4-8a61bc3a94fe:192.168.34.62:37037, 7c431f9d-51bc-458b-a3a6-511ec217d887:192.168.34.62:40420, b9cfa588-8e56-4331-be2f-4c26f25c6739:192.168.34.62:34777], old=null
2019-10-17 06:47:46,673 [grpc-default-executor-4] INFO  impl.RaftServerImpl (RaftServerImpl.java:setRole(184)) - 67f35358-9777-4ff9-96f4-8a61bc3a94fe@group-21BA9BD4283D: changes role from  FOLLOWER to FOLLOWER at term 94 for recognizeCandidate:7c431f9d-51bc-458b-a3a6-511ec217d887
2019-10-17 06:47:46,673 [grpc-default-executor-4] INFO  impl.RoleInfo (RoleInfo.java:shutdownFollowerState(121)) - 67f35358-9777-4ff9-96f4-8a61bc3a94fe: shutdown FollowerState
2019-10-17 06:47:46,673 [grpc-default-executor-4] INFO  impl.RoleInfo (RoleInfo.java:updateAndGet(143)) - 67f35358-9777-4ff9-96f4-8a61bc3a94fe: start FollowerState
2019-10-17 06:47:46,673 [grpc-default-executor-2] INFO  impl.RaftServerImpl (RaftServerImpl.java:setRole(184)) - b9cfa588-8e56-4331-be2f-4c26f25c6739@group-21BA9BD4283D: changes role from  FOLLOWER to FOLLOWER at term 94 for recognizeCandidate:7c431f9d-51bc-458b-a3a6-511ec217d887
2019-10-17 06:47:46,673 [grpc-default-executor-2] INFO  impl.RoleInfo (RoleInfo.java:shutdownFollowerState(121)) - b9cfa588-8e56-4331-be2f-4c26f25c6739: shutdown FollowerState
2019-10-17 06:47:46,674 [grpc-default-executor-2] INFO  impl.RoleInfo (RoleInfo.java:updateAndGet(143)) - b9cfa588-8e56-4331-be2f-4c26f25c6739: start FollowerState
2019-10-17 06:47:46,673 [Thread-1858] INFO  impl.FollowerState (FollowerState.java:run(117)) - 67f35358-9777-4ff9-96f4-8a61bc3a94fe@group-21BA9BD4283D-FollowerState was interrupted: java.lang.InterruptedException: sleep interrupted
2019-10-17 06:47:46,674 [Thread-1857] INFO  impl.FollowerState (FollowerState.java:run(117)) - b9cfa588-8e56-4331-be2f-4c26f25c6739@group-21BA9BD4283D-FollowerState was interrupted: java.lang.InterruptedException: sleep interrupted
2019-10-17 06:47:46,677 [7c431f9d-51bc-458b-a3a6-511ec217d887@group-21BA9BD4283D-LeaderElection162] INFO  impl.LeaderElection (LeaderElection.java:logAndReturn(56)) - 7c431f9d-51bc-458b-a3a6-511ec217d887@group-21BA9BD4283D-LeaderElection162: Election REJECTED; received 2 response(s) [7c431f9d-51bc-458b-a3a6-511ec217d887<-67f35358-9777-4ff9-96f4-8a61bc3a94fe#0:FAIL-t94, 7c431f9d-51bc-458b-a3a6-511ec217d887<-b9cfa588-8e56-4331-be2f-4c26f25c6739#0:FAIL-t94] and 0 exception(s); 7c431f9d-51bc-458b-a3a6-511ec217d887@group-21BA9BD4283D:t94, leader=null, voted=7c431f9d-51bc-458b-a3a6-511ec217d887, raftlog=7c431f9d-51bc-458b-a3a6-511ec217d887@group-21BA9BD4283D-SegmentedRaftLog:OPENED:c-1,f-1,i0, conf=-1: [67f35358-9777-4ff9-96f4-8a61bc3a94fe:192.168.34.62:37037, 7c431f9d-51bc-458b-a3a6-511ec217d887:192.168.34.62:40420, b9cfa588-8e56-4331-be2f-4c26f25c6739:192.168.34.62:34777], old=null
2019-10-17 06:47:46,678 [7c431f9d-51bc-458b-a3a6-511ec217d887@group-21BA9BD4283D-LeaderElection162] INFO  impl.RaftServerImpl (RaftServerImpl.java:setRole(184)) - 7c431f9d-51bc-458b-a3a6-511ec217d887@group-21BA9BD4283D: changes role from CANDIDATE to FOLLOWER at term 94 for DISCOVERED_A_NEW_TERM
2019-10-17 06:47:46,678 [7c431f9d-51bc-458b-a3a6-511ec217d887@group-21BA9BD4283D-LeaderElection162] INFO  impl.RoleInfo (RoleInfo.java:shutdownLeaderElection(134)) - 7c431f9d-51bc-458b-a3a6-511ec217d887: shutdown LeaderElection
2019-10-17 06:47:46,678 [7c431f9d-51bc-458b-a3a6-511ec217d887@group-21BA9BD4283D-LeaderElection162] INFO  impl.RoleInfo (RoleInfo.java:updateAndGet(143)) - 7c431f9d-51bc-458b-a3a6-511ec217d887: start FollowerState
2019-10-17 06:47:46,878 [Thread-1863] INFO  impl.FollowerState (FollowerState.java:run(108)) - 7c431f9d-51bc-458b-a3a6-511ec217d887@group-21BA9BD4283D-FollowerState: change to CANDIDATE, lastRpcTime:200ms, electionTimeout:200ms
2019-10-17 06:47:46,878 [Thread-1863] INFO  impl.RoleInfo (RoleInfo.java:shutdownFollowerState(121)) - 7c431f9d-51bc-458b-a3a6-511ec217d887: shutdown FollowerState
2019-10-17 06:47:46,878 [Thread-1863] INFO  impl.RaftServerImpl (RaftServerImpl.java:setRole(184)) - 7c431f9d-51bc-458b-a3a6-511ec217d887@group-21BA9BD4283D: changes role from  FOLLOWER to CANDIDATE at term 94 for changeToCandidate
2019-10-17 06:47:46,879 [Thread-1863] INFO  impl.RoleInfo (RoleInfo.java:updateAndGet(143)) - 7c431f9d-51bc-458b-a3a6-511ec217d887: start LeaderElection
2019-10-17 06:47:46,926 [7c431f9d-51bc-458b-a3a6-511ec217d887@group-21BA9BD4283D-LeaderElection163] INFO  impl.LeaderElection (LeaderElection.java:askForVotes(178)) - 7c431f9d-51bc-458b-a3a6-511ec217d887@group-21BA9BD4283D-LeaderElection163: begin an election at term 95 for -1: [67f35358-9777-4ff9-96f4-8a61bc3a94fe:192.168.34.62:37037, 7c431f9d-51bc-458b-a3a6-511ec217d887:192.168.34.62:40420, b9cfa588-8e56-4331-be2f-4c26f25c6739:192.168.34.62:34777], old=null
2019-10-17 06:47:46,929 [grpc-default-executor-2] INFO  impl.RaftServerImpl (RaftServerImpl.java:setRole(184)) - 67f35358-9777-4ff9-96f4-8a61bc3a94fe@group-21BA9BD4283D: changes role from  FOLLOWER to FOLLOWER at term 95 for recognizeCandidate:7c431f9d-51bc-458b-a3a6-511ec217d887
2019-10-17 06:47:46,929 [grpc-default-executor-2] INFO  impl.RoleInfo (RoleInfo.java:shutdownFollowerState(121)) - 67f35358-9777-4ff9-96f4-8a61bc3a94fe: shutdown FollowerState
2019-10-17 06:47:46,929 [Thread-1861] INFO  impl.FollowerState (FollowerState.java:run(117)) - 67f35358-9777-4ff9-96f4-8a61bc3a94fe@group-21BA9BD4283D-FollowerState was interrupted: java.lang.InterruptedException: sleep interrupted
2019-10-17 06:47:46,930 [grpc-default-executor-2] INFO  impl.RoleInfo (RoleInfo.java:updateAndGet(143)) - 67f35358-9777-4ff9-96f4-8a61bc3a94fe: start FollowerState
2019-10-17 06:47:46,930 [grpc-default-executor-4] INFO  impl.RaftServerImpl (RaftServerImpl.java:setRole(184)) - b9cfa588-8e56-4331-be2f-4c26f25c6739@group-21BA9BD4283D: changes role from  FOLLOWER to FOLLOWER at term 95 for recognizeCandidate:7c431f9d-51bc-458b-a3a6-511ec217d887
2019-10-17 06:47:46,930 [grpc-default-executor-4] INFO  impl.RoleInfo (RoleInfo.java:shutdownFollowerState(121)) - b9cfa588-8e56-4331-be2f-4c26f25c6739: shutdown FollowerState
2019-10-17 06:47:46,930 [grpc-default-executor-4] INFO  impl.RoleInfo (RoleInfo.java:updateAndGet(143)) - b9cfa588-8e56-4331-be2f-4c26f25c6739: start FollowerState
2019-10-17 06:47:46,930 [Thread-1862] INFO  impl.FollowerState (FollowerState.java:run(117)) - b9cfa588-8e56-4331-be2f-4c26f25c6739@group-21BA9BD4283D-FollowerState was interrupted: java.lang.InterruptedException: sleep interrupted
2019-10-17 06:47:46,939 [7c431f9d-51bc-458b-a3a6-511ec217d887@group-21BA9BD4283D-LeaderElection163] INFO  impl.LeaderElection (LeaderElection.java:logAndReturn(56)) - 7c431f9d-51bc-458b-a3a6-511ec217d887@group-21BA9BD4283D-LeaderElection163: Election REJECTED; received 2 response(s) [7c431f9d-51bc-458b-a3a6-511ec217d887<-67f35358-9777-4ff9-96f4-8a61bc3a94fe#0:FAIL-t95, 7c431f9d-51bc-458b-a3a6-511ec217d887<-b9cfa588-8e56-4331-be2f-4c26f25c6739#0:FAIL-t95] and 0 exception(s); 7c431f9d-51bc-458b-a3a6-511ec217d887@group-21BA9BD4283D:t95, leader=null, voted=7c431f9d-51bc-458b-a3a6-511ec217d887, raftlog=7c431f9d-51bc-458b-a3a6-511ec217d887@group-21BA9BD4283D-SegmentedRaftLog:OPENED:c-1,f-1,i0, conf=-1: [67f35358-9777-4ff9-96f4-8a61bc3a94fe:192.168.34.62:37037, 7c431f9d-51bc-458b-a3a6-511ec217d887:192.168.34.62:40420, b9cfa588-8e56-4331-be2f-4c26f25c6739:192.168.34.62:34777], old=null
2019-10-17 06:47:46,939 [7c431f9d-51bc-458b-a3a6-511ec217d887@group-21BA9BD4283D-LeaderElection163] INFO  impl.RaftServerImpl (RaftServerImpl.java:setRole(184)) - 7c431f9d-51bc-458b-a3a6-511ec217d887@group-21BA9BD4283D: changes role from CANDIDATE to FOLLOWER at term 95 for DISCOVERED_A_NEW_TERM
2019-10-17 06:47:46,939 [7c431f9d-51bc-458b-a3a6-511ec217d887@group-21BA9BD4283D-LeaderElection163] INFO  impl.RoleInfo (RoleInfo.java:shutdownLeaderElection(134)) - 7c431f9d-51bc-458b-a3a6-511ec217d887: shutdown LeaderElection
2019-10-17 06:47:46,939 [7c431f9d-51bc-458b-a3a6-511ec217d887@group-21BA9BD4283D-LeaderElection163] INFO  impl.RoleInfo (RoleInfo.java:updateAndGet(143)) - 7c431f9d-51bc-458b-a3a6-511ec217d887: start FollowerState
2019-10-17 06:47:47,049 [Thread-1869] INFO  impl.FollowerState (FollowerState.java:run(108)) - 7c431f9d-51bc-458b-a3a6-511ec217d887@group-21BA9BD4283D-FollowerState: change to CANDIDATE, lastRpcTime:110ms, electionTimeout:110ms
2019-10-17 06:47:47,050 [Thread-1869] INFO  impl.RoleInfo (RoleInfo.java:shutdownFollowerState(121)) - 7c431f9d-51bc-458b-a3a6-511ec217d887: shutdown FollowerState
2019-10-17 06:47:47,050 [Thread-1869] INFO  impl.RaftServerImpl (RaftServerImpl.java:setRole(184)) - 7c431f9d-51bc-458b-a3a6-511ec217d887@group-21BA9BD4283D: changes role from  FOLLOWER to CANDIDATE at term 95 for changeToCandidate
2019-10-17 06:47:47,050 [Thread-1869] INFO  impl.RoleInfo (RoleInfo.java:updateAndGet(143)) - 7c431f9d-51bc-458b-a3a6-511ec217d887: start LeaderElection
2019-10-17 06:47:47,069 [7c431f9d-51bc-458b-a3a6-511ec217d887@group-21BA9BD4283D-LeaderElection164] INFO  impl.LeaderElection (LeaderElection.java:askForVotes(178)) - 7c431f9d-51bc-458b-a3a6-511ec217d887@group-21BA9BD4283D-LeaderElection164: begin an election at term 96 for -1: [67f35358-9777-4ff9-96f4-8a61bc3a94fe:192.168.34.62:37037, 7c431f9d-51bc-458b-a3a6-511ec217d887:192.168.34.62:40420, b9cfa588-8e56-4331-be2f-4c26f25c6739:192.168.34.62:34777], old=null
2019-10-17 06:47:47,071 [grpc-default-executor-4] INFO  impl.RaftServerImpl (RaftServerImpl.java:setRole(184)) - b9cfa588-8e56-4331-be2f-4c26f25c6739@group-21BA9BD4283D: changes role from  FOLLOWER to FOLLOWER at term 96 for recognizeCandidate:7c431f9d-51bc-458b-a3a6-511ec217d887
2019-10-17 06:47:47,071 [grpc-default-executor-2] INFO  impl.RaftServerImpl (RaftServerImpl.java:setRole(184)) - 67f35358-9777-4ff9-96f4-8a61bc3a94fe@group-21BA9BD4283D: changes role from  FOLLOWER to FOLLOWER at term 96 for recognizeCandidate:7c431f9d-51bc-458b-a3a6-511ec217d887
2019-10-17 06:47:47,071 [grpc-default-executor-4] INFO  impl.RoleInfo (RoleInfo.java:shutdownFollowerState(121)) - b9cfa588-8e56-4331-be2f-4c26f25c6739: shutdown FollowerState
2019-10-17 06:47:47,072 [grpc-default-executor-2] INFO  impl.RoleInfo (RoleInfo.java:shutdownFollowerState(121)) - 67f35358-9777-4ff9-96f4-8a61bc3a94fe: shutdown FollowerState
2019-10-17 06:47:47,072 [Thread-1868] INFO  impl.FollowerState (FollowerState.java:run(117)) - b9cfa588-8e56-4331-be2f-4c26f25c6739@group-21BA9BD4283D-FollowerState was interrupted: java.lang.InterruptedException: sleep interrupted
2019-10-17 06:47:47,072 [Thread-1867] INFO  impl.FollowerState (FollowerState.java:run(117)) - 67f35358-9777-4ff9-96f4-8a61bc3a94fe@group-21BA9BD4283D-FollowerState was interrupted: java.lang.InterruptedException: sleep interrupted
2019-10-17 06:47:47,072 [grpc-default-executor-4] INFO  impl.RoleInfo (RoleInfo.java:updateAndGet(143)) - b9cfa588-8e56-4331-be2f-4c26f25c6739: start FollowerState
2019-10-17 06:47:47,072 [grpc-default-executor-2] INFO  impl.RoleInfo (RoleInfo.java:updateAndGet(143)) - 67f35358-9777-4ff9-96f4-8a61bc3a94fe: start FollowerState
2019-10-17 06:47:47,079 [7c431f9d-51bc-458b-a3a6-511ec217d887@group-21BA9BD4283D-LeaderElection164] INFO  impl.LeaderElection (LeaderElection.java:logAndReturn(56)) - 7c431f9d-51bc-458b-a3a6-511ec217d887@group-21BA9BD4283D-LeaderElection164: Election REJECTED; received 2 response(s) [7c431f9d-51bc-458b-a3a6-511ec217d887<-67f35358-9777-4ff9-96f4-8a61bc3a94fe#0:FAIL-t96, 7c431f9d-51bc-458b-a3a6-511ec217d887<-b9cfa588-8e56-4331-be2f-4c26f25c6739#0:FAIL-t96] and 0 exception(s); 7c431f9d-51bc-458b-a3a6-511ec217d887@group-21BA9BD4283D:t96, leader=null, voted=7c431f9d-51bc-458b-a3a6-511ec217d887, raftlog=7c431f9d-51bc-458b-a3a6-511ec217d887@group-21BA9BD4283D-SegmentedRaftLog:OPENED:c-1,f-1,i0, conf=-1: [67f35358-9777-4ff9-96f4-8a61bc3a94fe:192.168.34.62:37037, 7c431f9d-51bc-458b-a3a6-511ec217d887:192.168.34.62:40420, b9cfa588-8e56-4331-be2f-4c26f25c6739:192.168.34.62:34777], old=null
2019-10-17 06:47:47,079 [7c431f9d-51bc-458b-a3a6-511ec217d887@group-21BA9BD4283D-LeaderElection164] INFO  impl.RaftServerImpl (RaftServerImpl.java:setRole(184)) - 7c431f9d-51bc-458b-a3a6-511ec217d887@group-21BA9BD4283D: changes role from CANDIDATE to FOLLOWER at term 96 for DISCOVERED_A_NEW_TERM
2019-10-17 06:47:47,080 [7c431f9d-51bc-458b-a3a6-511ec217d887@group-21BA9BD4283D-LeaderElection164] INFO  impl.RoleInfo (RoleInfo.java:shutdownLeaderElection(134)) - 7c431f9d-51bc-458b-a3a6-511ec217d887: shutdown LeaderElection
2019-10-17 06:47:47,080 [7c431f9d-51bc-458b-a3a6-511ec217d887@group-21BA9BD4283D-LeaderElection164] INFO  impl.RoleInfo (RoleInfo.java:updateAndGet(143)) - 7c431f9d-51bc-458b-a3a6-511ec217d887: start FollowerState
2019-10-17 06:47:47,094 [main] INFO  ozone.MiniOzoneClusterImpl (MiniOzoneClusterImpl.java:lambda$waitForClusterToBeReady$2(164)) - Waiting for 1 number of pipelines out of 4, to report a leader.
2019-10-17 06:47:47,154 [Thread-1875] INFO  impl.FollowerState (FollowerState.java:run(108)) - 7c431f9d-51bc-458b-a3a6-511ec217d887@group-21BA9BD4283D-FollowerState: change to CANDIDATE, lastRpcTime:74ms, electionTimeout:74ms
2019-10-17 06:47:47,154 [Thread-1875] INFO  impl.RoleInfo (RoleInfo.java:shutdownFollowerState(121)) - 7c431f9d-51bc-458b-a3a6-511ec217d887: shutdown FollowerState
2019-10-17 06:47:47,154 [Thread-1875] INFO  impl.RaftServerImpl (RaftServerImpl.java:setRole(184)) - 7c431f9d-51bc-458b-a3a6-511ec217d887@group-21BA9BD4283D: changes role from  FOLLOWER to CANDIDATE at term 96 for changeToCandidate
2019-10-17 06:47:47,155 [Thread-1875] INFO  impl.RoleInfo (RoleInfo.java:updateAndGet(143)) - 7c431f9d-51bc-458b-a3a6-511ec217d887: start LeaderElection
2019-10-17 06:47:47,171 [7c431f9d-51bc-458b-a3a6-511ec217d887@group-21BA9BD4283D-LeaderElection165] INFO  impl.LeaderElection (LeaderElection.java:askForVotes(178)) - 7c431f9d-51bc-458b-a3a6-511ec217d887@group-21BA9BD4283D-LeaderElection165: begin an election at term 97 for -1: [67f35358-9777-4ff9-96f4-8a61bc3a94fe:192.168.34.62:37037, 7c431f9d-51bc-458b-a3a6-511ec217d887:192.168.34.62:40420, b9cfa588-8e56-4331-be2f-4c26f25c6739:192.168.34.62:34777], old=null
2019-10-17 06:47:47,173 [grpc-default-executor-4] INFO  impl.RaftServerImpl (RaftServerImpl.java:setRole(184)) - b9cfa588-8e56-4331-be2f-4c26f25c6739@group-21BA9BD4283D: changes role from  FOLLOWER to FOLLOWER at term 97 for recognizeCandidate:7c431f9d-51bc-458b-a3a6-511ec217d887
2019-10-17 06:47:47,173 [grpc-default-executor-2] INFO  impl.RaftServerImpl (RaftServerImpl.java:setRole(184)) - 67f35358-9777-4ff9-96f4-8a61bc3a94fe@group-21BA9BD4283D: changes role from  FOLLOWER to FOLLOWER at term 97 for recognizeCandidate:7c431f9d-51bc-458b-a3a6-511ec217d887
2019-10-17 06:47:47,173 [grpc-default-executor-4] INFO  impl.RoleInfo (RoleInfo.java:shutdownFollowerState(121)) - b9cfa588-8e56-4331-be2f-4c26f25c6739: shutdown FollowerState
2019-10-17 06:47:47,174 [grpc-default-executor-2] INFO  impl.RoleInfo (RoleInfo.java:shutdownFollowerState(121)) - 67f35358-9777-4ff9-96f4-8a61bc3a94fe: shutdown FollowerState
2019-10-17 06:47:47,174 [Thread-1873] INFO  impl.FollowerState (FollowerState.java:run(117)) - b9cfa588-8e56-4331-be2f-4c26f25c6739@group-21BA9BD4283D-FollowerState was interrupted: java.lang.InterruptedException: sleep interrupted
2019-10-17 06:47:47,174 [grpc-default-executor-4] INFO  impl.RoleInfo (RoleInfo.java:updateAndGet(143)) - b9cfa588-8e56-4331-be2f-4c26f25c6739: start FollowerState
2019-10-17 06:47:47,174 [Thread-1874] INFO  impl.FollowerState (FollowerState.java:run(117)) - 67f35358-9777-4ff9-96f4-8a61bc3a94fe@group-21BA9BD4283D-FollowerState was interrupted: java.lang.InterruptedException: sleep interrupted
2019-10-17 06:47:47,174 [7c431f9d-51bc-458b-a3a6-511ec217d887@group-21BA9BD4283D-LeaderElection165] INFO  impl.LeaderElection (LeaderElection.java:logAndReturn(56)) - 7c431f9d-51bc-458b-a3a6-511ec217d887@group-21BA9BD4283D-LeaderElection165: Election TIMEOUT; received 0 response(s) [] and 0 exception(s); 7c431f9d-51bc-458b-a3a6-511ec217d887@group-21BA9BD4283D:t97, leader=null, voted=7c431f9d-51bc-458b-a3a6-511ec217d887, raftlog=7c431f9d-51bc-458b-a3a6-511ec217d887@group-21BA9BD4283D-SegmentedRaftLog:OPENED:c-1,f-1,i0, conf=-1: [67f35358-9777-4ff9-96f4-8a61bc3a94fe:192.168.34.62:37037, 7c431f9d-51bc-458b-a3a6-511ec217d887:192.168.34.62:40420, b9cfa588-8e56-4331-be2f-4c26f25c6739:192.168.34.62:34777], old=null
2019-10-17 06:47:47,174 [grpc-default-executor-2] INFO  impl.RoleInfo (RoleInfo.java:updateAndGet(143)) - 67f35358-9777-4ff9-96f4-8a61bc3a94fe: start FollowerState
2019-10-17 06:47:47,189 [7c431f9d-51bc-458b-a3a6-511ec217d887@group-21BA9BD4283D-LeaderElection165] INFO  impl.LeaderElection (LeaderElection.java:askForVotes(178)) - 7c431f9d-51bc-458b-a3a6-511ec217d887@group-21BA9BD4283D-LeaderElection165: begin an election at term 98 for -1: [67f35358-9777-4ff9-96f4-8a61bc3a94fe:192.168.34.62:37037, 7c431f9d-51bc-458b-a3a6-511ec217d887:192.168.34.62:40420, b9cfa588-8e56-4331-be2f-4c26f25c6739:192.168.34.62:34777], old=null
2019-10-17 06:47:47,190 [grpc-default-executor-2] INFO  impl.RaftServerImpl (RaftServerImpl.java:setRole(184)) - 67f35358-9777-4ff9-96f4-8a61bc3a94fe@group-21BA9BD4283D: changes role from  FOLLOWER to FOLLOWER at term 98 for recognizeCandidate:7c431f9d-51bc-458b-a3a6-511ec217d887
2019-10-17 06:47:47,190 [grpc-default-executor-4] INFO  impl.RaftServerImpl (RaftServerImpl.java:setRole(184)) - b9cfa588-8e56-4331-be2f-4c26f25c6739@group-21BA9BD4283D: changes role from  FOLLOWER to FOLLOWER at term 98 for recognizeCandidate:7c431f9d-51bc-458b-a3a6-511ec217d887
2019-10-17 06:47:47,191 [grpc-default-executor-4] INFO  impl.RoleInfo (RoleInfo.java:shutdownFollowerState(121)) - b9cfa588-8e56-4331-be2f-4c26f25c6739: shutdown FollowerState
2019-10-17 06:47:47,190 [grpc-default-executor-2] INFO  impl.RoleInfo (RoleInfo.java:shutdownFollowerState(121)) - 67f35358-9777-4ff9-96f4-8a61bc3a94fe: shutdown FollowerState
2019-10-17 06:47:47,191 [Thread-1879] INFO  impl.FollowerState (FollowerState.java:run(117)) - b9cfa588-8e56-4331-be2f-4c26f25c6739@group-21BA9BD4283D-FollowerState was interrupted: java.lang.InterruptedException: sleep interrupted
2019-10-17 06:47:47,191 [grpc-default-executor-2] INFO  impl.RoleInfo (RoleInfo.java:updateAndGet(143)) - 67f35358-9777-4ff9-96f4-8a61bc3a94fe: start FollowerState
2019-10-17 06:47:47,191 [grpc-default-executor-4] INFO  impl.RoleInfo (RoleInfo.java:updateAndGet(143)) - b9cfa588-8e56-4331-be2f-4c26f25c6739: start FollowerState
2019-10-17 06:47:47,191 [Thread-1880] INFO  impl.FollowerState (FollowerState.java:run(117)) - 67f35358-9777-4ff9-96f4-8a61bc3a94fe@group-21BA9BD4283D-FollowerState was interrupted: java.lang.InterruptedException: sleep interrupted
2019-10-17 06:47:47,200 [7c431f9d-51bc-458b-a3a6-511ec217d887@group-21BA9BD4283D-LeaderElection165] INFO  impl.LeaderElection (LeaderElection.java:logAndReturn(56)) - 7c431f9d-51bc-458b-a3a6-511ec217d887@group-21BA9BD4283D-LeaderElection165: Election REJECTED; received 2 response(s) [7c431f9d-51bc-458b-a3a6-511ec217d887<-67f35358-9777-4ff9-96f4-8a61bc3a94fe#0:FAIL-t98, 7c431f9d-51bc-458b-a3a6-511ec217d887<-b9cfa588-8e56-4331-be2f-4c26f25c6739#0:FAIL-t98] and 0 exception(s); 7c431f9d-51bc-458b-a3a6-511ec217d887@group-21BA9BD4283D:t98, leader=null, voted=7c431f9d-51bc-458b-a3a6-511ec217d887, raftlog=7c431f9d-51bc-458b-a3a6-511ec217d887@group-21BA9BD4283D-SegmentedRaftLog:OPENED:c-1,f-1,i0, conf=-1: [67f35358-9777-4ff9-96f4-8a61bc3a94fe:192.168.34.62:37037, 7c431f9d-51bc-458b-a3a6-511ec217d887:192.168.34.62:40420, b9cfa588-8e56-4331-be2f-4c26f25c6739:192.168.34.62:34777], old=null
2019-10-17 06:47:47,201 [7c431f9d-51bc-458b-a3a6-511ec217d887@group-21BA9BD4283D-LeaderElection165] INFO  impl.RaftServerImpl (RaftServerImpl.java:setRole(184)) - 7c431f9d-51bc-458b-a3a6-511ec217d887@group-21BA9BD4283D: changes role from CANDIDATE to FOLLOWER at term 98 for DISCOVERED_A_NEW_TERM
2019-10-17 06:47:47,201 [7c431f9d-51bc-458b-a3a6-511ec217d887@group-21BA9BD4283D-LeaderElection165] INFO  impl.RoleInfo (RoleInfo.java:shutdownLeaderElection(134)) - 7c431f9d-51bc-458b-a3a6-511ec217d887: shutdown LeaderElection
2019-10-17 06:47:47,201 [7c431f9d-51bc-458b-a3a6-511ec217d887@group-21BA9BD4283D-LeaderElection165] INFO  impl.RoleInfo (RoleInfo.java:updateAndGet(143)) - 7c431f9d-51bc-458b-a3a6-511ec217d887: start FollowerState
2019-10-17 06:47:47,304 [Thread-1885] INFO  impl.FollowerState (FollowerState.java:run(108)) - 7c431f9d-51bc-458b-a3a6-511ec217d887@group-21BA9BD4283D-FollowerState: change to CANDIDATE, lastRpcTime:103ms, electionTimeout:103ms
2019-10-17 06:47:47,304 [Thread-1885] INFO  impl.RoleInfo (RoleInfo.java:shutdownFollowerState(121)) - 7c431f9d-51bc-458b-a3a6-511ec217d887: shutdown FollowerState
2019-10-17 06:47:47,304 [Thread-1885] INFO  impl.RaftServerImpl (RaftServerImpl.java:setRole(184)) - 7c431f9d-51bc-458b-a3a6-511ec217d887@group-21BA9BD4283D: changes role from  FOLLOWER to CANDIDATE at term 98 for changeToCandidate
2019-10-17 06:47:47,304 [Thread-1885] INFO  impl.RoleInfo (RoleInfo.java:updateAndGet(143)) - 7c431f9d-51bc-458b-a3a6-511ec217d887: start LeaderElection
2019-10-17 06:47:47,322 [7c431f9d-51bc-458b-a3a6-511ec217d887@group-21BA9BD4283D-LeaderElection166] INFO  impl.LeaderElection (LeaderElection.java:askForVotes(178)) - 7c431f9d-51bc-458b-a3a6-511ec217d887@group-21BA9BD4283D-LeaderElection166: begin an election at term 99 for -1: [67f35358-9777-4ff9-96f4-8a61bc3a94fe:192.168.34.62:37037, 7c431f9d-51bc-458b-a3a6-511ec217d887:192.168.34.62:40420, b9cfa588-8e56-4331-be2f-4c26f25c6739:192.168.34.62:34777], old=null
2019-10-17 06:47:47,324 [grpc-default-executor-4] INFO  impl.RaftServerImpl (RaftServerImpl.java:setRole(184)) - 67f35358-9777-4ff9-96f4-8a61bc3a94fe@group-21BA9BD4283D: changes role from  FOLLOWER to FOLLOWER at term 99 for recognizeCandidate:7c431f9d-51bc-458b-a3a6-511ec217d887
2019-10-17 06:47:47,325 [grpc-default-executor-4] INFO  impl.RoleInfo (RoleInfo.java:shutdownFollowerState(121)) - 67f35358-9777-4ff9-96f4-8a61bc3a94fe: shutdown FollowerState
2019-10-17 06:47:47,325 [Thread-1884] INFO  impl.FollowerState (FollowerState.java:run(117)) - 67f35358-9777-4ff9-96f4-8a61bc3a94fe@group-21BA9BD4283D-FollowerState was interrupted: java.lang.InterruptedException: sleep interrupted
2019-10-17 06:47:47,325 [grpc-default-executor-4] INFO  impl.RoleInfo (RoleInfo.java:updateAndGet(143)) - 67f35358-9777-4ff9-96f4-8a61bc3a94fe: start FollowerState
2019-10-17 06:47:47,328 [grpc-default-executor-2] INFO  impl.RaftServerImpl (RaftServerImpl.java:setRole(184)) - b9cfa588-8e56-4331-be2f-4c26f25c6739@group-21BA9BD4283D: changes role from  FOLLOWER to FOLLOWER at term 99 for recognizeCandidate:7c431f9d-51bc-458b-a3a6-511ec217d887
2019-10-17 06:47:47,328 [grpc-default-executor-2] INFO  impl.RoleInfo (RoleInfo.java:shutdownFollowerState(121)) - b9cfa588-8e56-4331-be2f-4c26f25c6739: shutdown FollowerState
2019-10-17 06:47:47,328 [grpc-default-executor-2] INFO  impl.RoleInfo (RoleInfo.java:updateAndGet(143)) - b9cfa588-8e56-4331-be2f-4c26f25c6739: start FollowerState
2019-10-17 06:47:47,328 [Thread-1883] INFO  impl.FollowerState (FollowerState.java:run(117)) - b9cfa588-8e56-4331-be2f-4c26f25c6739@group-21BA9BD4283D-FollowerState was interrupted: java.lang.InterruptedException: sleep interrupted
2019-10-17 06:47:47,343 [7c431f9d-51bc-458b-a3a6-511ec217d887@group-21BA9BD4283D-LeaderElection166] INFO  impl.LeaderElection (LeaderElection.java:logAndReturn(56)) - 7c431f9d-51bc-458b-a3a6-511ec217d887@group-21BA9BD4283D-LeaderElection166: Election REJECTED; received 2 response(s) [7c431f9d-51bc-458b-a3a6-511ec217d887<-67f35358-9777-4ff9-96f4-8a61bc3a94fe#0:FAIL-t99, 7c431f9d-51bc-458b-a3a6-511ec217d887<-b9cfa588-8e56-4331-be2f-4c26f25c6739#0:FAIL-t99] and 0 exception(s); 7c431f9d-51bc-458b-a3a6-511ec217d887@group-21BA9BD4283D:t99, leader=null, voted=7c431f9d-51bc-458b-a3a6-511ec217d887, raftlog=7c431f9d-51bc-458b-a3a6-511ec217d887@group-21BA9BD4283D-SegmentedRaftLog:OPENED:c-1,f-1,i0, conf=-1: [67f35358-9777-4ff9-96f4-8a61bc3a94fe:192.168.34.62:37037, 7c431f9d-51bc-458b-a3a6-511ec217d887:192.168.34.62:40420, b9cfa588-8e56-4331-be2f-4c26f25c6739:192.168.34.62:34777], old=null
2019-10-17 06:47:47,343 [7c431f9d-51bc-458b-a3a6-511ec217d887@group-21BA9BD4283D-LeaderElection166] INFO  impl.RaftServerImpl (RaftServerImpl.java:setRole(184)) - 7c431f9d-51bc-458b-a3a6-511ec217d887@group-21BA9BD4283D: changes role from CANDIDATE to FOLLOWER at term 99 for DISCOVERED_A_NEW_TERM
2019-10-17 06:47:47,344 [7c431f9d-51bc-458b-a3a6-511ec217d887@group-21BA9BD4283D-LeaderElection166] INFO  impl.RoleInfo (RoleInfo.java:shutdownLeaderElection(134)) - 7c431f9d-51bc-458b-a3a6-511ec217d887: shutdown LeaderElection
2019-10-17 06:47:47,344 [7c431f9d-51bc-458b-a3a6-511ec217d887@group-21BA9BD4283D-LeaderElection166] INFO  impl.RoleInfo (RoleInfo.java:updateAndGet(143)) - 7c431f9d-51bc-458b-a3a6-511ec217d887: start FollowerState
2019-10-17 06:47:47,441 [Thread-1891] INFO  impl.FollowerState (FollowerState.java:run(108)) - 7c431f9d-51bc-458b-a3a6-511ec217d887@group-21BA9BD4283D-FollowerState: change to CANDIDATE, lastRpcTime:97ms, electionTimeout:97ms
2019-10-17 06:47:47,441 [Thread-1891] INFO  impl.RoleInfo (RoleInfo.java:shutdownFollowerState(121)) - 7c431f9d-51bc-458b-a3a6-511ec217d887: shutdown FollowerState
2019-10-17 06:47:47,441 [Thread-1891] INFO  impl.RaftServerImpl (RaftServerImpl.java:setRole(184)) - 7c431f9d-51bc-458b-a3a6-511ec217d887@group-21BA9BD4283D: changes role from  FOLLOWER to CANDIDATE at term 99 for changeToCandidate
2019-10-17 06:47:47,441 [Thread-1891] INFO  impl.RoleInfo (RoleInfo.java:updateAndGet(143)) - 7c431f9d-51bc-458b-a3a6-511ec217d887: start LeaderElection
2019-10-17 06:47:47,445 [7c431f9d-51bc-458b-a3a6-511ec217d887@group-21BA9BD4283D-LeaderElection167] INFO  impl.LeaderElection (LeaderElection.java:askForVotes(178)) - 7c431f9d-51bc-458b-a3a6-511ec217d887@group-21BA9BD4283D-LeaderElection167: begin an election at term 100 for -1: [67f35358-9777-4ff9-96f4-8a61bc3a94fe:192.168.34.62:37037, 7c431f9d-51bc-458b-a3a6-511ec217d887:192.168.34.62:40420, b9cfa588-8e56-4331-be2f-4c26f25c6739:192.168.34.62:34777], old=null
2019-10-17 06:47:47,447 [grpc-default-executor-2] INFO  impl.RaftServerImpl (RaftServerImpl.java:setRole(184)) - 67f35358-9777-4ff9-96f4-8a61bc3a94fe@group-21BA9BD4283D: changes role from  FOLLOWER to FOLLOWER at term 100 for recognizeCandidate:7c431f9d-51bc-458b-a3a6-511ec217d887
2019-10-17 06:47:47,447 [grpc-default-executor-4] INFO  impl.RaftServerImpl (RaftServerImpl.java:setRole(184)) - b9cfa588-8e56-4331-be2f-4c26f25c6739@group-21BA9BD4283D: changes role from  FOLLOWER to FOLLOWER at term 100 for recognizeCandidate:7c431f9d-51bc-458b-a3a6-511ec217d887
2019-10-17 06:47:47,447 [grpc-default-executor-4] INFO  impl.RoleInfo (RoleInfo.java:shutdownFollowerState(121)) - b9cfa588-8e56-4331-be2f-4c26f25c6739: shutdown FollowerState
2019-10-17 06:47:47,447 [grpc-default-executor-2] INFO  impl.RoleInfo (RoleInfo.java:shutdownFollowerState(121)) - 67f35358-9777-4ff9-96f4-8a61bc3a94fe: shutdown FollowerState
2019-10-17 06:47:47,447 [Thread-1890] INFO  impl.FollowerState (FollowerState.java:run(117)) - b9cfa588-8e56-4331-be2f-4c26f25c6739@group-21BA9BD4283D-FollowerState was interrupted: java.lang.InterruptedException: sleep interrupted
2019-10-17 06:47:47,447 [grpc-default-executor-4] INFO  impl.RoleInfo (RoleInfo.java:updateAndGet(143)) - b9cfa588-8e56-4331-be2f-4c26f25c6739: start FollowerState
2019-10-17 06:47:47,448 [grpc-default-executor-2] INFO  impl.RoleInfo (RoleInfo.java:updateAndGet(143)) - 67f35358-9777-4ff9-96f4-8a61bc3a94fe: start FollowerState
2019-10-17 06:47:47,448 [Thread-1889] INFO  impl.FollowerState (FollowerState.java:run(117)) - 67f35358-9777-4ff9-96f4-8a61bc3a94fe@group-21BA9BD4283D-FollowerState was interrupted: java.lang.InterruptedException: sleep interrupted
2019-10-17 06:47:47,454 [7c431f9d-51bc-458b-a3a6-511ec217d887@group-21BA9BD4283D-LeaderElection167] INFO  impl.LeaderElection (LeaderElection.java:logAndReturn(56)) - 7c431f9d-51bc-458b-a3a6-511ec217d887@group-21BA9BD4283D-LeaderElection167: Election REJECTED; received 2 response(s) [7c431f9d-51bc-458b-a3a6-511ec217d887<-67f35358-9777-4ff9-96f4-8a61bc3a94fe#0:FAIL-t100, 7c431f9d-51bc-458b-a3a6-511ec217d887<-b9cfa588-8e56-4331-be2f-4c26f25c6739#0:FAIL-t100] and 0 exception(s); 7c431f9d-51bc-458b-a3a6-511ec217d887@group-21BA9BD4283D:t100, leader=null, voted=7c431f9d-51bc-458b-a3a6-511ec217d887, raftlog=7c431f9d-51bc-458b-a3a6-511ec217d887@group-21BA9BD4283D-SegmentedRaftLog:OPENED:c-1,f-1,i0, conf=-1: [67f35358-9777-4ff9-96f4-8a61bc3a94fe:192.168.34.62:37037, 7c431f9d-51bc-458b-a3a6-511ec217d887:192.168.34.62:40420, b9cfa588-8e56-4331-be2f-4c26f25c6739:192.168.34.62:34777], old=null
2019-10-17 06:47:47,455 [7c431f9d-51bc-458b-a3a6-511ec217d887@group-21BA9BD4283D-LeaderElection167] INFO  impl.RaftServerImpl (RaftServerImpl.java:setRole(184)) - 7c431f9d-51bc-458b-a3a6-511ec217d887@group-21BA9BD4283D: changes role from CANDIDATE to FOLLOWER at term 100 for DISCOVERED_A_NEW_TERM
2019-10-17 06:47:47,455 [7c431f9d-51bc-458b-a3a6-511ec217d887@group-21BA9BD4283D-LeaderElection167] INFO  impl.RoleInfo (RoleInfo.java:shutdownLeaderElection(134)) - 7c431f9d-51bc-458b-a3a6-511ec217d887: shutdown LeaderElection
2019-10-17 06:47:47,455 [7c431f9d-51bc-458b-a3a6-511ec217d887@group-21BA9BD4283D-LeaderElection167] INFO  impl.RoleInfo (RoleInfo.java:updateAndGet(143)) - 7c431f9d-51bc-458b-a3a6-511ec217d887: start FollowerState
2019-10-17 06:47:47,517 [Thread-1897] INFO  impl.FollowerState (FollowerState.java:run(108)) - 7c431f9d-51bc-458b-a3a6-511ec217d887@group-21BA9BD4283D-FollowerState: change to CANDIDATE, lastRpcTime:62ms, electionTimeout:62ms
2019-10-17 06:47:47,517 [Thread-1897] INFO  impl.RoleInfo (RoleInfo.java:shutdownFollowerState(121)) - 7c431f9d-51bc-458b-a3a6-511ec217d887: shutdown FollowerState
2019-10-17 06:47:47,517 [Thread-1897] INFO  impl.RaftServerImpl (RaftServerImpl.java:setRole(184)) - 7c431f9d-51bc-458b-a3a6-511ec217d887@group-21BA9BD4283D: changes role from  FOLLOWER to CANDIDATE at term 100 for changeToCandidate
2019-10-17 06:47:47,517 [Thread-1897] INFO  impl.RoleInfo (RoleInfo.java:updateAndGet(143)) - 7c431f9d-51bc-458b-a3a6-511ec217d887: start LeaderElection
2019-10-17 06:47:47,548 [7c431f9d-51bc-458b-a3a6-511ec217d887@group-21BA9BD4283D-LeaderElection168] INFO  impl.LeaderElection (LeaderElection.java:askForVotes(178)) - 7c431f9d-51bc-458b-a3a6-511ec217d887@group-21BA9BD4283D-LeaderElection168: begin an election at term 101 for -1: [67f35358-9777-4ff9-96f4-8a61bc3a94fe:192.168.34.62:37037, 7c431f9d-51bc-458b-a3a6-511ec217d887:192.168.34.62:40420, b9cfa588-8e56-4331-be2f-4c26f25c6739:192.168.34.62:34777], old=null
2019-10-17 06:47:47,550 [grpc-default-executor-4] INFO  impl.RaftServerImpl (RaftServerImpl.java:setRole(184)) - 67f35358-9777-4ff9-96f4-8a61bc3a94fe@group-21BA9BD4283D: changes role from  FOLLOWER to FOLLOWER at term 101 for recognizeCandidate:7c431f9d-51bc-458b-a3a6-511ec217d887
2019-10-17 06:47:47,550 [grpc-default-executor-2] INFO  impl.RaftServerImpl (RaftServerImpl.java:setRole(184)) - b9cfa588-8e56-4331-be2f-4c26f25c6739@group-21BA9BD4283D: changes role from  FOLLOWER to FOLLOWER at term 101 for recognizeCandidate:7c431f9d-51bc-458b-a3a6-511ec217d887
2019-10-17 06:47:47,551 [grpc-default-executor-4] INFO  impl.RoleInfo (RoleInfo.java:shutdownFollowerState(121)) - 67f35358-9777-4ff9-96f4-8a61bc3a94fe: shutdown FollowerState
2019-10-17 06:47:47,551 [grpc-default-executor-2] INFO  impl.RoleInfo (RoleInfo.java:shutdownFollowerState(121)) - b9cfa588-8e56-4331-be2f-4c26f25c6739: shutdown FollowerState
2019-10-17 06:47:47,551 [Thread-1896] INFO  impl.FollowerState (FollowerState.java:run(117)) - 67f35358-9777-4ff9-96f4-8a61bc3a94fe@group-21BA9BD4283D-FollowerState was interrupted: java.lang.InterruptedException: sleep interrupted
2019-10-17 06:47:47,551 [grpc-default-executor-4] INFO  impl.RoleInfo (RoleInfo.java:updateAndGet(143)) - 67f35358-9777-4ff9-96f4-8a61bc3a94fe: start FollowerState
2019-10-17 06:47:47,551 [Thread-1895] INFO  impl.FollowerState (FollowerState.java:run(117)) - b9cfa588-8e56-4331-be2f-4c26f25c6739@group-21BA9BD4283D-FollowerState was interrupted: java.lang.InterruptedException: sleep interrupted
2019-10-17 06:47:47,551 [grpc-default-executor-2] INFO  impl.RoleInfo (RoleInfo.java:updateAndGet(143)) - b9cfa588-8e56-4331-be2f-4c26f25c6739: start FollowerState
2019-10-17 06:47:47,556 [7c431f9d-51bc-458b-a3a6-511ec217d887@group-21BA9BD4283D-LeaderElection168] INFO  impl.LeaderElection (LeaderElection.java:logAndReturn(56)) - 7c431f9d-51bc-458b-a3a6-511ec217d887@group-21BA9BD4283D-LeaderElection168: Election TIMEOUT; received 0 response(s) [] and 0 exception(s); 7c431f9d-51bc-458b-a3a6-511ec217d887@group-21BA9BD4283D:t101, leader=null, voted=7c431f9d-51bc-458b-a3a6-511ec217d887, raftlog=7c431f9d-51bc-458b-a3a6-511ec217d887@group-21BA9BD4283D-SegmentedRaftLog:OPENED:c-1,f-1,i0, conf=-1: [67f35358-9777-4ff9-96f4-8a61bc3a94fe:192.168.34.62:37037, 7c431f9d-51bc-458b-a3a6-511ec217d887:192.168.34.62:40420, b9cfa588-8e56-4331-be2f-4c26f25c6739:192.168.34.62:34777], old=null
2019-10-17 06:47:47,579 [7c431f9d-51bc-458b-a3a6-511ec217d887@group-21BA9BD4283D-LeaderElection168] INFO  impl.LeaderElection (LeaderElection.java:askForVotes(178)) - 7c431f9d-51bc-458b-a3a6-511ec217d887@group-21BA9BD4283D-LeaderElection168: begin an election at term 102 for -1: [67f35358-9777-4ff9-96f4-8a61bc3a94fe:192.168.34.62:37037, 7c431f9d-51bc-458b-a3a6-511ec217d887:192.168.34.62:40420, b9cfa588-8e56-4331-be2f-4c26f25c6739:192.168.34.62:34777], old=null
2019-10-17 06:47:47,581 [grpc-default-executor-2] INFO  impl.RaftServerImpl (RaftServerImpl.java:setRole(184)) - 67f35358-9777-4ff9-96f4-8a61bc3a94fe@group-21BA9BD4283D: changes role from  FOLLOWER to FOLLOWER at term 102 for recognizeCandidate:7c431f9d-51bc-458b-a3a6-511ec217d887
2019-10-17 06:47:47,581 [grpc-default-executor-4] INFO  impl.RaftServerImpl (RaftServerImpl.java:setRole(184)) - b9cfa588-8e56-4331-be2f-4c26f25c6739@group-21BA9BD4283D: changes role from  FOLLOWER to FOLLOWER at term 102 for recognizeCandidate:7c431f9d-51bc-458b-a3a6-511ec217d887
2019-10-17 06:47:47,581 [grpc-default-executor-2] INFO  impl.RoleInfo (RoleInfo.java:shutdownFollowerState(121)) - 67f35358-9777-4ff9-96f4-8a61bc3a94fe: shutdown FollowerState
2019-10-17 06:47:47,581 [grpc-default-executor-4] INFO  impl.RoleInfo (RoleInfo.java:shutdownFollowerState(121)) - b9cfa588-8e56-4331-be2f-4c26f25c6739: shutdown FollowerState
2019-10-17 06:47:47,581 [Thread-1901] INFO  impl.FollowerState (FollowerState.java:run(117)) - 67f35358-9777-4ff9-96f4-8a61bc3a94fe@group-21BA9BD4283D-FollowerState was interrupted: java.lang.InterruptedException: sleep interrupted
2019-10-17 06:47:47,581 [grpc-default-executor-2] INFO  impl.RoleInfo (RoleInfo.java:updateAndGet(143)) - 67f35358-9777-4ff9-96f4-8a61bc3a94fe: start FollowerState
2019-10-17 06:47:47,581 [Thread-1902] INFO  impl.FollowerState (FollowerState.java:run(117)) - b9cfa588-8e56-4331-be2f-4c26f25c6739@group-21BA9BD4283D-FollowerState was interrupted: java.lang.InterruptedException: sleep interrupted
2019-10-17 06:47:47,581 [grpc-default-executor-4] INFO  impl.RoleInfo (RoleInfo.java:updateAndGet(143)) - b9cfa588-8e56-4331-be2f-4c26f25c6739: start FollowerState
2019-10-17 06:47:47,595 [7c431f9d-51bc-458b-a3a6-511ec217d887@group-21BA9BD4283D-LeaderElection168] INFO  impl.LeaderElection (LeaderElection.java:logAndReturn(56)) - 7c431f9d-51bc-458b-a3a6-511ec217d887@group-21BA9BD4283D-LeaderElection168: Election REJECTED; received 2 response(s) [7c431f9d-51bc-458b-a3a6-511ec217d887<-67f35358-9777-4ff9-96f4-8a61bc3a94fe#0:FAIL-t102, 7c431f9d-51bc-458b-a3a6-511ec217d887<-b9cfa588-8e56-4331-be2f-4c26f25c6739#0:FAIL-t102] and 0 exception(s); 7c431f9d-51bc-458b-a3a6-511ec217d887@group-21BA9BD4283D:t102, leader=null, voted=7c431f9d-51bc-458b-a3a6-511ec217d887, raftlog=7c431f9d-51bc-458b-a3a6-511ec217d887@group-21BA9BD4283D-SegmentedRaftLog:OPENED:c-1,f-1,i0, conf=-1: [67f35358-9777-4ff9-96f4-8a61bc3a94fe:192.168.34.62:37037, 7c431f9d-51bc-458b-a3a6-511ec217d887:192.168.34.62:40420, b9cfa588-8e56-4331-be2f-4c26f25c6739:192.168.34.62:34777], old=null
2019-10-17 06:47:47,596 [7c431f9d-51bc-458b-a3a6-511ec217d887@group-21BA9BD4283D-LeaderElection168] INFO  impl.RaftServerImpl (RaftServerImpl.java:setRole(184)) - 7c431f9d-51bc-458b-a3a6-511ec217d887@group-21BA9BD4283D: changes role from CANDIDATE to FOLLOWER at term 102 for DISCOVERED_A_NEW_TERM
2019-10-17 06:47:47,596 [7c431f9d-51bc-458b-a3a6-511ec217d887@group-21BA9BD4283D-LeaderElection168] INFO  impl.RoleInfo (RoleInfo.java:shutdownLeaderElection(134)) - 7c431f9d-51bc-458b-a3a6-511ec217d887: shutdown LeaderElection
2019-10-17 06:47:47,596 [7c431f9d-51bc-458b-a3a6-511ec217d887@group-21BA9BD4283D-LeaderElection168] INFO  impl.RoleInfo (RoleInfo.java:updateAndGet(143)) - 7c431f9d-51bc-458b-a3a6-511ec217d887: start FollowerState
2019-10-17 06:47:47,622 [Thread-1907] INFO  impl.FollowerState (FollowerState.java:run(108)) - 7c431f9d-51bc-458b-a3a6-511ec217d887@group-21BA9BD4283D-FollowerState: change to CANDIDATE, lastRpcTime:26ms, electionTimeout:26ms
2019-10-17 06:47:47,622 [Thread-1907] INFO  impl.RoleInfo (RoleInfo.java:shutdownFollowerState(121)) - 7c431f9d-51bc-458b-a3a6-511ec217d887: shutdown FollowerState
2019-10-17 06:47:47,623 [Thread-1907] INFO  impl.RaftServerImpl (RaftServerImpl.java:setRole(184)) - 7c431f9d-51bc-458b-a3a6-511ec217d887@group-21BA9BD4283D: changes role from  FOLLOWER to CANDIDATE at term 102 for changeToCandidate
2019-10-17 06:47:47,623 [Thread-1907] INFO  impl.RoleInfo (RoleInfo.java:updateAndGet(143)) - 7c431f9d-51bc-458b-a3a6-511ec217d887: start LeaderElection
2019-10-17 06:47:47,646 [7c431f9d-51bc-458b-a3a6-511ec217d887@group-21BA9BD4283D-LeaderElection169] INFO  impl.LeaderElection (LeaderElection.java:askForVotes(178)) - 7c431f9d-51bc-458b-a3a6-511ec217d887@group-21BA9BD4283D-LeaderElection169: begin an election at term 103 for -1: [67f35358-9777-4ff9-96f4-8a61bc3a94fe:192.168.34.62:37037, 7c431f9d-51bc-458b-a3a6-511ec217d887:192.168.34.62:40420, b9cfa588-8e56-4331-be2f-4c26f25c6739:192.168.34.62:34777], old=null
2019-10-17 06:47:47,648 [grpc-default-executor-2] INFO  impl.RaftServerImpl (RaftServerImpl.java:setRole(184)) - 67f35358-9777-4ff9-96f4-8a61bc3a94fe@group-21BA9BD4283D: changes role from  FOLLOWER to FOLLOWER at term 103 for recognizeCandidate:7c431f9d-51bc-458b-a3a6-511ec217d887
2019-10-17 06:47:47,648 [grpc-default-executor-2] INFO  impl.RoleInfo (RoleInfo.java:shutdownFollowerState(121)) - 67f35358-9777-4ff9-96f4-8a61bc3a94fe: shutdown FollowerState
2019-10-17 06:47:47,648 [grpc-default-executor-2] INFO  impl.RoleInfo (RoleInfo.java:updateAndGet(143)) - 67f35358-9777-4ff9-96f4-8a61bc3a94fe: start FollowerState
2019-10-17 06:47:47,648 [Thread-1905] INFO  impl.FollowerState (FollowerState.java:run(117)) - 67f35358-9777-4ff9-96f4-8a61bc3a94fe@group-21BA9BD4283D-FollowerState was interrupted: java.lang.InterruptedException: sleep interrupted
2019-10-17 06:47:47,649 [grpc-default-executor-4] INFO  impl.RaftServerImpl (RaftServerImpl.java:setRole(184)) - b9cfa588-8e56-4331-be2f-4c26f25c6739@group-21BA9BD4283D: changes role from  FOLLOWER to FOLLOWER at term 103 for recognizeCandidate:7c431f9d-51bc-458b-a3a6-511ec217d887
2019-10-17 06:47:47,649 [grpc-default-executor-4] INFO  impl.RoleInfo (RoleInfo.java:shutdownFollowerState(121)) - b9cfa588-8e56-4331-be2f-4c26f25c6739: shutdown FollowerState
2019-10-17 06:47:47,649 [grpc-default-executor-4] INFO  impl.RoleInfo (RoleInfo.java:updateAndGet(143)) - b9cfa588-8e56-4331-be2f-4c26f25c6739: start FollowerState
2019-10-17 06:47:47,649 [Thread-1906] INFO  impl.FollowerState (FollowerState.java:run(117)) - b9cfa588-8e56-4331-be2f-4c26f25c6739@group-21BA9BD4283D-FollowerState was interrupted: java.lang.InterruptedException: sleep interrupted
2019-10-17 06:47:47,662 [7c431f9d-51bc-458b-a3a6-511ec217d887@group-21BA9BD4283D-LeaderElection169] INFO  impl.LeaderElection (LeaderElection.java:logAndReturn(56)) - 7c431f9d-51bc-458b-a3a6-511ec217d887@group-21BA9BD4283D-LeaderElection169: Election REJECTED; received 2 response(s) [7c431f9d-51bc-458b-a3a6-511ec217d887<-67f35358-9777-4ff9-96f4-8a61bc3a94fe#0:FAIL-t103, 7c431f9d-51bc-458b-a3a6-511ec217d887<-b9cfa588-8e56-4331-be2f-4c26f25c6739#0:FAIL-t103] and 0 exception(s); 7c431f9d-51bc-458b-a3a6-511ec217d887@group-21BA9BD4283D:t103, leader=null, voted=7c431f9d-51bc-458b-a3a6-511ec217d887, raftlog=7c431f9d-51bc-458b-a3a6-511ec217d887@group-21BA9BD4283D-SegmentedRaftLog:OPENED:c-1,f-1,i0, conf=-1: [67f35358-9777-4ff9-96f4-8a61bc3a94fe:192.168.34.62:37037, 7c431f9d-51bc-458b-a3a6-511ec217d887:192.168.34.62:40420, b9cfa588-8e56-4331-be2f-4c26f25c6739:192.168.34.62:34777], old=null
2019-10-17 06:47:47,662 [7c431f9d-51bc-458b-a3a6-511ec217d887@group-21BA9BD4283D-LeaderElection169] INFO  impl.RaftServerImpl (RaftServerImpl.java:setRole(184)) - 7c431f9d-51bc-458b-a3a6-511ec217d887@group-21BA9BD4283D: changes role from CANDIDATE to FOLLOWER at term 103 for DISCOVERED_A_NEW_TERM
2019-10-17 06:47:47,663 [7c431f9d-51bc-458b-a3a6-511ec217d887@group-21BA9BD4283D-LeaderElection169] INFO  impl.RoleInfo (RoleInfo.java:shutdownLeaderElection(134)) - 7c431f9d-51bc-458b-a3a6-511ec217d887: shutdown LeaderElection
2019-10-17 06:47:47,663 [7c431f9d-51bc-458b-a3a6-511ec217d887@group-21BA9BD4283D-LeaderElection169] INFO  impl.RoleInfo (RoleInfo.java:updateAndGet(143)) - 7c431f9d-51bc-458b-a3a6-511ec217d887: start FollowerState
2019-10-17 06:47:47,765 [Thread-1913] INFO  impl.FollowerState (FollowerState.java:run(108)) - 7c431f9d-51bc-458b-a3a6-511ec217d887@group-21BA9BD4283D-FollowerState: change to CANDIDATE, lastRpcTime:102ms, electionTimeout:102ms
2019-10-17 06:47:47,765 [Thread-1913] INFO  impl.RoleInfo (RoleInfo.java:shutdownFollowerState(121)) - 7c431f9d-51bc-458b-a3a6-511ec217d887: shutdown FollowerState
2019-10-17 06:47:47,765 [Thread-1913] INFO  impl.RaftServerImpl (RaftServerImpl.java:setRole(184)) - 7c431f9d-51bc-458b-a3a6-511ec217d887@group-21BA9BD4283D: changes role from  FOLLOWER to CANDIDATE at term 103 for changeToCandidate
2019-10-17 06:47:47,765 [Thread-1913] INFO  impl.RoleInfo (RoleInfo.java:updateAndGet(143)) - 7c431f9d-51bc-458b-a3a6-511ec217d887: start LeaderElection
2019-10-17 06:47:47,787 [7c431f9d-51bc-458b-a3a6-511ec217d887@group-21BA9BD4283D-LeaderElection170] INFO  impl.LeaderElection (LeaderElection.java:askForVotes(178)) - 7c431f9d-51bc-458b-a3a6-511ec217d887@group-21BA9BD4283D-LeaderElection170: begin an election at term 104 for -1: [67f35358-9777-4ff9-96f4-8a61bc3a94fe:192.168.34.62:37037, 7c431f9d-51bc-458b-a3a6-511ec217d887:192.168.34.62:40420, b9cfa588-8e56-4331-be2f-4c26f25c6739:192.168.34.62:34777], old=null
2019-10-17 06:47:47,789 [grpc-default-executor-2] INFO  impl.RaftServerImpl (RaftServerImpl.java:setRole(184)) - 67f35358-9777-4ff9-96f4-8a61bc3a94fe@group-21BA9BD4283D: changes role from  FOLLOWER to FOLLOWER at term 104 for recognizeCandidate:7c431f9d-51bc-458b-a3a6-511ec217d887
2019-10-17 06:47:47,789 [grpc-default-executor-4] INFO  impl.RaftServerImpl (RaftServerImpl.java:setRole(184)) - b9cfa588-8e56-4331-be2f-4c26f25c6739@group-21BA9BD4283D: changes role from  FOLLOWER to FOLLOWER at term 104 for recognizeCandidate:7c431f9d-51bc-458b-a3a6-511ec217d887
2019-10-17 06:47:47,789 [grpc-default-executor-4] INFO  impl.RoleInfo (RoleInfo.java:shutdownFollowerState(121)) - b9cfa588-8e56-4331-be2f-4c26f25c6739: shutdown FollowerState
2019-10-17 06:47:47,789 [grpc-default-executor-2] INFO  impl.RoleInfo (RoleInfo.java:shutdownFollowerState(121)) - 67f35358-9777-4ff9-96f4-8a61bc3a94fe: shutdown FollowerState
2019-10-17 06:47:47,790 [Thread-1912] INFO  impl.FollowerState (FollowerState.java:run(117)) - b9cfa588-8e56-4331-be2f-4c26f25c6739@group-21BA9BD4283D-FollowerState was interrupted: java.lang.InterruptedException: sleep interrupted
2019-10-17 06:47:47,790 [grpc-default-executor-4] INFO  impl.RoleInfo (RoleInfo.java:updateAndGet(143)) - b9cfa588-8e56-4331-be2f-4c26f25c6739: start FollowerState
2019-10-17 06:47:47,790 [Thread-1911] INFO  impl.FollowerState (FollowerState.java:run(117)) - 67f35358-9777-4ff9-96f4-8a61bc3a94fe@group-21BA9BD4283D-FollowerState was interrupted: java.lang.InterruptedException: sleep interrupted
2019-10-17 06:47:47,790 [grpc-default-executor-2] INFO  impl.RoleInfo (RoleInfo.java:updateAndGet(143)) - 67f35358-9777-4ff9-96f4-8a61bc3a94fe: start FollowerState
2019-10-17 06:47:47,824 [7c431f9d-51bc-458b-a3a6-511ec217d887@group-21BA9BD4283D-LeaderElection170] INFO  impl.LeaderElection (LeaderElection.java:logAndReturn(56)) - 7c431f9d-51bc-458b-a3a6-511ec217d887@group-21BA9BD4283D-LeaderElection170: Election REJECTED; received 2 response(s) [7c431f9d-51bc-458b-a3a6-511ec217d887<-67f35358-9777-4ff9-96f4-8a61bc3a94fe#0:FAIL-t104, 7c431f9d-51bc-458b-a3a6-511ec217d887<-b9cfa588-8e56-4331-be2f-4c26f25c6739#0:FAIL-t104] and 0 exception(s); 7c431f9d-51bc-458b-a3a6-511ec217d887@group-21BA9BD4283D:t104, leader=null, voted=7c431f9d-51bc-458b-a3a6-511ec217d887, raftlog=7c431f9d-51bc-458b-a3a6-511ec217d887@group-21BA9BD4283D-SegmentedRaftLog:OPENED:c-1,f-1,i0, conf=-1: [67f35358-9777-4ff9-96f4-8a61bc3a94fe:192.168.34.62:37037, 7c431f9d-51bc-458b-a3a6-511ec217d887:192.168.34.62:40420, b9cfa588-8e56-4331-be2f-4c26f25c6739:192.168.34.62:34777], old=null
2019-10-17 06:47:47,824 [7c431f9d-51bc-458b-a3a6-511ec217d887@group-21BA9BD4283D-LeaderElection170] INFO  impl.RaftServerImpl (RaftServerImpl.java:setRole(184)) - 7c431f9d-51bc-458b-a3a6-511ec217d887@group-21BA9BD4283D: changes role from CANDIDATE to FOLLOWER at term 104 for DISCOVERED_A_NEW_TERM
2019-10-17 06:47:47,825 [7c431f9d-51bc-458b-a3a6-511ec217d887@group-21BA9BD4283D-LeaderElection170] INFO  impl.RoleInfo (RoleInfo.java:shutdownLeaderElection(134)) - 7c431f9d-51bc-458b-a3a6-511ec217d887: shutdown LeaderElection
2019-10-17 06:47:47,825 [7c431f9d-51bc-458b-a3a6-511ec217d887@group-21BA9BD4283D-LeaderElection170] INFO  impl.RoleInfo (RoleInfo.java:updateAndGet(143)) - 7c431f9d-51bc-458b-a3a6-511ec217d887: start FollowerState
2019-10-17 06:47:47,983 [Thread-1919] INFO  impl.FollowerState (FollowerState.java:run(108)) - 7c431f9d-51bc-458b-a3a6-511ec217d887@group-21BA9BD4283D-FollowerState: change to CANDIDATE, lastRpcTime:158ms, electionTimeout:158ms
2019-10-17 06:47:47,983 [Thread-1919] INFO  impl.RoleInfo (RoleInfo.java:shutdownFollowerState(121)) - 7c431f9d-51bc-458b-a3a6-511ec217d887: shutdown FollowerState
2019-10-17 06:47:47,984 [Thread-1919] INFO  impl.RaftServerImpl (RaftServerImpl.java:setRole(184)) - 7c431f9d-51bc-458b-a3a6-511ec217d887@group-21BA9BD4283D: changes role from  FOLLOWER to CANDIDATE at term 104 for changeToCandidate
2019-10-17 06:47:47,984 [Thread-1919] INFO  impl.RoleInfo (RoleInfo.java:updateAndGet(143)) - 7c431f9d-51bc-458b-a3a6-511ec217d887: start LeaderElection
2019-10-17 06:47:47,997 [7c431f9d-51bc-458b-a3a6-511ec217d887@group-21BA9BD4283D-LeaderElection171] INFO  impl.LeaderElection (LeaderElection.java:askForVotes(178)) - 7c431f9d-51bc-458b-a3a6-511ec217d887@group-21BA9BD4283D-LeaderElection171: begin an election at term 105 for -1: [67f35358-9777-4ff9-96f4-8a61bc3a94fe:192.168.34.62:37037, 7c431f9d-51bc-458b-a3a6-511ec217d887:192.168.34.62:40420, b9cfa588-8e56-4331-be2f-4c26f25c6739:192.168.34.62:34777], old=null
2019-10-17 06:47:47,999 [grpc-default-executor-2] INFO  impl.RaftServerImpl (RaftServerImpl.java:setRole(184)) - b9cfa588-8e56-4331-be2f-4c26f25c6739@group-21BA9BD4283D: changes role from  FOLLOWER to FOLLOWER at term 105 for recognizeCandidate:7c431f9d-51bc-458b-a3a6-511ec217d887
2019-10-17 06:47:48,000 [grpc-default-executor-2] INFO  impl.RoleInfo (RoleInfo.java:shutdownFollowerState(121)) - b9cfa588-8e56-4331-be2f-4c26f25c6739: shutdown FollowerState
2019-10-17 06:47:47,999 [grpc-default-executor-4] INFO  impl.RaftServerImpl (RaftServerImpl.java:setRole(184)) - 67f35358-9777-4ff9-96f4-8a61bc3a94fe@group-21BA9BD4283D: changes role from  FOLLOWER to FOLLOWER at term 105 for recognizeCandidate:7c431f9d-51bc-458b-a3a6-511ec217d887
2019-10-17 06:47:48,000 [grpc-default-executor-4] INFO  impl.RoleInfo (RoleInfo.java:shutdownFollowerState(121)) - 67f35358-9777-4ff9-96f4-8a61bc3a94fe: shutdown FollowerState
2019-10-17 06:47:48,000 [grpc-default-executor-4] INFO  impl.RoleInfo (RoleInfo.java:updateAndGet(143)) - 67f35358-9777-4ff9-96f4-8a61bc3a94fe: start FollowerState
2019-10-17 06:47:48,000 [Thread-1917] INFO  impl.FollowerState (FollowerState.java:run(117)) - b9cfa588-8e56-4331-be2f-4c26f25c6739@group-21BA9BD4283D-FollowerState was interrupted: java.lang.InterruptedException: sleep interrupted
2019-10-17 06:47:48,000 [grpc-default-executor-2] INFO  impl.RoleInfo (RoleInfo.java:updateAndGet(143)) - b9cfa588-8e56-4331-be2f-4c26f25c6739: start FollowerState
2019-10-17 06:47:48,000 [Thread-1918] INFO  impl.FollowerState (FollowerState.java:run(117)) - 67f35358-9777-4ff9-96f4-8a61bc3a94fe@group-21BA9BD4283D-FollowerState was interrupted: java.lang.InterruptedException: sleep interrupted
2019-10-17 06:47:48,016 [7c431f9d-51bc-458b-a3a6-511ec217d887@group-21BA9BD4283D-LeaderElection171] INFO  impl.LeaderElection (LeaderElection.java:logAndReturn(56)) - 7c431f9d-51bc-458b-a3a6-511ec217d887@group-21BA9BD4283D-LeaderElection171: Election REJECTED; received 2 response(s) [7c431f9d-51bc-458b-a3a6-511ec217d887<-67f35358-9777-4ff9-96f4-8a61bc3a94fe#0:FAIL-t105, 7c431f9d-51bc-458b-a3a6-511ec217d887<-b9cfa588-8e56-4331-be2f-4c26f25c6739#0:FAIL-t105] and 0 exception(s); 7c431f9d-51bc-458b-a3a6-511ec217d887@group-21BA9BD4283D:t105, leader=null, voted=7c431f9d-51bc-458b-a3a6-511ec217d887, raftlog=7c431f9d-51bc-458b-a3a6-511ec217d887@group-21BA9BD4283D-SegmentedRaftLog:OPENED:c-1,f-1,i0, conf=-1: [67f35358-9777-4ff9-96f4-8a61bc3a94fe:192.168.34.62:37037, 7c431f9d-51bc-458b-a3a6-511ec217d887:192.168.34.62:40420, b9cfa588-8e56-4331-be2f-4c26f25c6739:192.168.34.62:34777], old=null
2019-10-17 06:47:48,016 [7c431f9d-51bc-458b-a3a6-511ec217d887@group-21BA9BD4283D-LeaderElection171] INFO  impl.RaftServerImpl (RaftServerImpl.java:setRole(184)) - 7c431f9d-51bc-458b-a3a6-511ec217d887@group-21BA9BD4283D: changes role from CANDIDATE to FOLLOWER at term 105 for DISCOVERED_A_NEW_TERM
2019-10-17 06:47:48,016 [7c431f9d-51bc-458b-a3a6-511ec217d887@group-21BA9BD4283D-LeaderElection171] INFO  impl.RoleInfo (RoleInfo.java:shutdownLeaderElection(134)) - 7c431f9d-51bc-458b-a3a6-511ec217d887: shutdown LeaderElection
2019-10-17 06:47:48,016 [7c431f9d-51bc-458b-a3a6-511ec217d887@group-21BA9BD4283D-LeaderElection171] INFO  impl.RoleInfo (RoleInfo.java:updateAndGet(143)) - 7c431f9d-51bc-458b-a3a6-511ec217d887: start FollowerState
2019-10-17 06:47:48,095 [main] INFO  ozone.MiniOzoneClusterImpl (MiniOzoneClusterImpl.java:lambda$waitForClusterToBeReady$2(164)) - Waiting for 1 number of pipelines out of 4, to report a leader.
2019-10-17 06:47:48,148 [Thread-1925] INFO  impl.FollowerState (FollowerState.java:run(108)) - 7c431f9d-51bc-458b-a3a6-511ec217d887@group-21BA9BD4283D-FollowerState: change to CANDIDATE, lastRpcTime:131ms, electionTimeout:131ms
2019-10-17 06:47:48,148 [Thread-1925] INFO  impl.RoleInfo (RoleInfo.java:shutdownFollowerState(121)) - 7c431f9d-51bc-458b-a3a6-511ec217d887: shutdown FollowerState
2019-10-17 06:47:48,148 [Thread-1925] INFO  impl.RaftServerImpl (RaftServerImpl.java:setRole(184)) - 7c431f9d-51bc-458b-a3a6-511ec217d887@group-21BA9BD4283D: changes role from  FOLLOWER to CANDIDATE at term 105 for changeToCandidate
2019-10-17 06:47:48,149 [Thread-1925] INFO  impl.RoleInfo (RoleInfo.java:updateAndGet(143)) - 7c431f9d-51bc-458b-a3a6-511ec217d887: start LeaderElection
2019-10-17 06:47:48,162 [7c431f9d-51bc-458b-a3a6-511ec217d887@group-21BA9BD4283D-LeaderElection172] INFO  impl.LeaderElection (LeaderElection.java:askForVotes(178)) - 7c431f9d-51bc-458b-a3a6-511ec217d887@group-21BA9BD4283D-LeaderElection172: begin an election at term 106 for -1: [67f35358-9777-4ff9-96f4-8a61bc3a94fe:192.168.34.62:37037, 7c431f9d-51bc-458b-a3a6-511ec217d887:192.168.34.62:40420, b9cfa588-8e56-4331-be2f-4c26f25c6739:192.168.34.62:34777], old=null
2019-10-17 06:47:48,165 [grpc-default-executor-2] INFO  impl.RaftServerImpl (RaftServerImpl.java:setRole(184)) - 67f35358-9777-4ff9-96f4-8a61bc3a94fe@group-21BA9BD4283D: changes role from  FOLLOWER to FOLLOWER at term 106 for recognizeCandidate:7c431f9d-51bc-458b-a3a6-511ec217d887
2019-10-17 06:47:48,165 [grpc-default-executor-4] INFO  impl.RaftServerImpl (RaftServerImpl.java:setRole(184)) - b9cfa588-8e56-4331-be2f-4c26f25c6739@group-21BA9BD4283D: changes role from  FOLLOWER to FOLLOWER at term 106 for recognizeCandidate:7c431f9d-51bc-458b-a3a6-511ec217d887
2019-10-17 06:47:48,165 [grpc-default-executor-2] INFO  impl.RoleInfo (RoleInfo.java:shutdownFollowerState(121)) - 67f35358-9777-4ff9-96f4-8a61bc3a94fe: shutdown FollowerState
2019-10-17 06:47:48,166 [grpc-default-executor-4] INFO  impl.RoleInfo (RoleInfo.java:shutdownFollowerState(121)) - b9cfa588-8e56-4331-be2f-4c26f25c6739: shutdown FollowerState
2019-10-17 06:47:48,166 [grpc-default-executor-2] INFO  impl.RoleInfo (RoleInfo.java:updateAndGet(143)) - 67f35358-9777-4ff9-96f4-8a61bc3a94fe: start FollowerState
2019-10-17 06:47:48,166 [Thread-1923] INFO  impl.FollowerState (FollowerState.java:run(117)) - b9cfa588-8e56-4331-be2f-4c26f25c6739@group-21BA9BD4283D-FollowerState was interrupted: java.lang.InterruptedException: sleep interrupted
2019-10-17 06:47:48,166 [grpc-default-executor-4] INFO  impl.RoleInfo (RoleInfo.java:updateAndGet(143)) - b9cfa588-8e56-4331-be2f-4c26f25c6739: start FollowerState
2019-10-17 06:47:48,166 [Thread-1924] INFO  impl.FollowerState (FollowerState.java:run(117)) - 67f35358-9777-4ff9-96f4-8a61bc3a94fe@group-21BA9BD4283D-FollowerState was interrupted: java.lang.InterruptedException: sleep interrupted
2019-10-17 06:47:48,170 [7c431f9d-51bc-458b-a3a6-511ec217d887@group-21BA9BD4283D-LeaderElection172] INFO  impl.LeaderElection (LeaderElection.java:logAndReturn(56)) - 7c431f9d-51bc-458b-a3a6-511ec217d887@group-21BA9BD4283D-LeaderElection172: Election REJECTED; received 2 response(s) [7c431f9d-51bc-458b-a3a6-511ec217d887<-67f35358-9777-4ff9-96f4-8a61bc3a94fe#0:FAIL-t106, 7c431f9d-51bc-458b-a3a6-511ec217d887<-b9cfa588-8e56-4331-be2f-4c26f25c6739#0:FAIL-t106] and 0 exception(s); 7c431f9d-51bc-458b-a3a6-511ec217d887@group-21BA9BD4283D:t106, leader=null, voted=7c431f9d-51bc-458b-a3a6-511ec217d887, raftlog=7c431f9d-51bc-458b-a3a6-511ec217d887@group-21BA9BD4283D-SegmentedRaftLog:OPENED:c-1,f-1,i0, conf=-1: [67f35358-9777-4ff9-96f4-8a61bc3a94fe:192.168.34.62:37037, 7c431f9d-51bc-458b-a3a6-511ec217d887:192.168.34.62:40420, b9cfa588-8e56-4331-be2f-4c26f25c6739:192.168.34.62:34777], old=null
2019-10-17 06:47:48,170 [7c431f9d-51bc-458b-a3a6-511ec217d887@group-21BA9BD4283D-LeaderElection172] INFO  impl.RaftServerImpl (RaftServerImpl.java:setRole(184)) - 7c431f9d-51bc-458b-a3a6-511ec217d887@group-21BA9BD4283D: changes role from CANDIDATE to FOLLOWER at term 106 for DISCOVERED_A_NEW_TERM
2019-10-17 06:47:48,170 [7c431f9d-51bc-458b-a3a6-511ec217d887@group-21BA9BD4283D-LeaderElection172] INFO  impl.RoleInfo (RoleInfo.java:shutdownLeaderElection(134)) - 7c431f9d-51bc-458b-a3a6-511ec217d887: shutdown LeaderElection
2019-10-17 06:47:48,170 [7c431f9d-51bc-458b-a3a6-511ec217d887@group-21BA9BD4283D-LeaderElection172] INFO  impl.RoleInfo (RoleInfo.java:updateAndGet(143)) - 7c431f9d-51bc-458b-a3a6-511ec217d887: start FollowerState
2019-10-17 06:47:48,347 [Thread-1931] INFO  impl.FollowerState (FollowerState.java:run(108)) - 7c431f9d-51bc-458b-a3a6-511ec217d887@group-21BA9BD4283D-FollowerState: change to CANDIDATE, lastRpcTime:176ms, electionTimeout:176ms
2019-10-17 06:47:48,347 [Thread-1931] INFO  impl.RoleInfo (RoleInfo.java:shutdownFollowerState(121)) - 7c431f9d-51bc-458b-a3a6-511ec217d887: shutdown FollowerState
2019-10-17 06:47:48,347 [Thread-1931] INFO  impl.RaftServerImpl (RaftServerImpl.java:setRole(184)) - 7c431f9d-51bc-458b-a3a6-511ec217d887@group-21BA9BD4283D: changes role from  FOLLOWER to CANDIDATE at term 106 for changeToCandidate
2019-10-17 06:47:48,347 [Thread-1931] INFO  impl.RoleInfo (RoleInfo.java:updateAndGet(143)) - 7c431f9d-51bc-458b-a3a6-511ec217d887: start LeaderElection
2019-10-17 06:47:48,369 [7c431f9d-51bc-458b-a3a6-511ec217d887@group-21BA9BD4283D-LeaderElection173] INFO  impl.LeaderElection (LeaderElection.java:askForVotes(178)) - 7c431f9d-51bc-458b-a3a6-511ec217d887@group-21BA9BD4283D-LeaderElection173: begin an election at term 107 for -1: [67f35358-9777-4ff9-96f4-8a61bc3a94fe:192.168.34.62:37037, 7c431f9d-51bc-458b-a3a6-511ec217d887:192.168.34.62:40420, b9cfa588-8e56-4331-be2f-4c26f25c6739:192.168.34.62:34777], old=null
2019-10-17 06:47:48,371 [grpc-default-executor-4] INFO  impl.RaftServerImpl (RaftServerImpl.java:setRole(184)) - b9cfa588-8e56-4331-be2f-4c26f25c6739@group-21BA9BD4283D: changes role from  FOLLOWER to FOLLOWER at term 107 for recognizeCandidate:7c431f9d-51bc-458b-a3a6-511ec217d887
2019-10-17 06:47:48,371 [grpc-default-executor-2] INFO  impl.RaftServerImpl (RaftServerImpl.java:setRole(184)) - 67f35358-9777-4ff9-96f4-8a61bc3a94fe@group-21BA9BD4283D: changes role from  FOLLOWER to FOLLOWER at term 107 for recognizeCandidate:7c431f9d-51bc-458b-a3a6-511ec217d887
2019-10-17 06:47:48,372 [grpc-default-executor-2] INFO  impl.RoleInfo (RoleInfo.java:shutdownFollowerState(121)) - 67f35358-9777-4ff9-96f4-8a61bc3a94fe: shutdown FollowerState
2019-10-17 06:47:48,372 [grpc-default-executor-2] INFO  impl.RoleInfo (RoleInfo.java:updateAndGet(143)) - 67f35358-9777-4ff9-96f4-8a61bc3a94fe: start FollowerState
2019-10-17 06:47:48,371 [grpc-default-executor-4] INFO  impl.RoleInfo (RoleInfo.java:shutdownFollowerState(121)) - b9cfa588-8e56-4331-be2f-4c26f25c6739: shutdown FollowerState
2019-10-17 06:47:48,372 [Thread-1929] INFO  impl.FollowerState (FollowerState.java:run(117)) - 67f35358-9777-4ff9-96f4-8a61bc3a94fe@group-21BA9BD4283D-FollowerState was interrupted: java.lang.InterruptedException: sleep interrupted
2019-10-17 06:47:48,373 [Thread-1930] INFO  impl.FollowerState (FollowerState.java:run(117)) - b9cfa588-8e56-4331-be2f-4c26f25c6739@group-21BA9BD4283D-FollowerState was interrupted: java.lang.InterruptedException: sleep interrupted
2019-10-17 06:47:48,373 [grpc-default-executor-4] INFO  impl.RoleInfo (RoleInfo.java:updateAndGet(143)) - b9cfa588-8e56-4331-be2f-4c26f25c6739: start FollowerState
2019-10-17 06:47:48,381 [7c431f9d-51bc-458b-a3a6-511ec217d887@group-21BA9BD4283D-LeaderElection173] INFO  impl.LeaderElection (LeaderElection.java:logAndReturn(56)) - 7c431f9d-51bc-458b-a3a6-511ec217d887@group-21BA9BD4283D-LeaderElection173: Election TIMEOUT; received 0 response(s) [] and 0 exception(s); 7c431f9d-51bc-458b-a3a6-511ec217d887@group-21BA9BD4283D:t107, leader=null, voted=7c431f9d-51bc-458b-a3a6-511ec217d887, raftlog=7c431f9d-51bc-458b-a3a6-511ec217d887@group-21BA9BD4283D-SegmentedRaftLog:OPENED:c-1,f-1,i0, conf=-1: [67f35358-9777-4ff9-96f4-8a61bc3a94fe:192.168.34.62:37037, 7c431f9d-51bc-458b-a3a6-511ec217d887:192.168.34.62:40420, b9cfa588-8e56-4331-be2f-4c26f25c6739:192.168.34.62:34777], old=null
2019-10-17 06:47:48,394 [7c431f9d-51bc-458b-a3a6-511ec217d887@group-21BA9BD4283D-LeaderElection173] INFO  impl.LeaderElection (LeaderElection.java:askForVotes(178)) - 7c431f9d-51bc-458b-a3a6-511ec217d887@group-21BA9BD4283D-LeaderElection173: begin an election at term 108 for -1: [67f35358-9777-4ff9-96f4-8a61bc3a94fe:192.168.34.62:37037, 7c431f9d-51bc-458b-a3a6-511ec217d887:192.168.34.62:40420, b9cfa588-8e56-4331-be2f-4c26f25c6739:192.168.34.62:34777], old=null
2019-10-17 06:47:48,396 [grpc-default-executor-4] INFO  impl.RaftServerImpl (RaftServerImpl.java:setRole(184)) - 67f35358-9777-4ff9-96f4-8a61bc3a94fe@group-21BA9BD4283D: changes role from  FOLLOWER to FOLLOWER at term 108 for recognizeCandidate:7c431f9d-51bc-458b-a3a6-511ec217d887
2019-10-17 06:47:48,396 [grpc-default-executor-2] INFO  impl.RaftServerImpl (RaftServerImpl.java:setRole(184)) - b9cfa588-8e56-4331-be2f-4c26f25c6739@group-21BA9BD4283D: changes role from  FOLLOWER to FOLLOWER at term 108 for recognizeCandidate:7c431f9d-51bc-458b-a3a6-511ec217d887
2019-10-17 06:47:48,396 [grpc-default-executor-4] INFO  impl.RoleInfo (RoleInfo.java:shutdownFollowerState(121)) - 67f35358-9777-4ff9-96f4-8a61bc3a94fe: shutdown FollowerState
2019-10-17 06:47:48,396 [grpc-default-executor-2] INFO  impl.RoleInfo (RoleInfo.java:shutdownFollowerState(121)) - b9cfa588-8e56-4331-be2f-4c26f25c6739: shutdown FollowerState
2019-10-17 06:47:48,396 [grpc-default-executor-4] INFO  impl.RoleInfo (RoleInfo.java:updateAndGet(143)) - 67f35358-9777-4ff9-96f4-8a61bc3a94fe: start FollowerState
2019-10-17 06:47:48,396 [Thread-1935] INFO  impl.FollowerState (FollowerState.java:run(117)) - 67f35358-9777-4ff9-96f4-8a61bc3a94fe@group-21BA9BD4283D-FollowerState was interrupted: java.lang.InterruptedException: sleep interrupted
2019-10-17 06:47:48,396 [Thread-1936] INFO  impl.FollowerState (FollowerState.java:run(117)) - b9cfa588-8e56-4331-be2f-4c26f25c6739@group-21BA9BD4283D-FollowerState was interrupted: java.lang.InterruptedException: sleep interrupted
2019-10-17 06:47:48,396 [grpc-default-executor-2] INFO  impl.RoleInfo (RoleInfo.java:updateAndGet(143)) - b9cfa588-8e56-4331-be2f-4c26f25c6739: start FollowerState
2019-10-17 06:47:48,410 [7c431f9d-51bc-458b-a3a6-511ec217d887@group-21BA9BD4283D-LeaderElection173] INFO  impl.LeaderElection (LeaderElection.java:logAndReturn(56)) - 7c431f9d-51bc-458b-a3a6-511ec217d887@group-21BA9BD4283D-LeaderElection173: Election REJECTED; received 2 response(s) [7c431f9d-51bc-458b-a3a6-511ec217d887<-67f35358-9777-4ff9-96f4-8a61bc3a94fe#0:FAIL-t108, 7c431f9d-51bc-458b-a3a6-511ec217d887<-b9cfa588-8e56-4331-be2f-4c26f25c6739#0:FAIL-t108] and 0 exception(s); 7c431f9d-51bc-458b-a3a6-511ec217d887@group-21BA9BD4283D:t108, leader=null, voted=7c431f9d-51bc-458b-a3a6-511ec217d887, raftlog=7c431f9d-51bc-458b-a3a6-511ec217d887@group-21BA9BD4283D-SegmentedRaftLog:OPENED:c-1,f-1,i0, conf=-1: [67f35358-9777-4ff9-96f4-8a61bc3a94fe:192.168.34.62:37037, 7c431f9d-51bc-458b-a3a6-511ec217d887:192.168.34.62:40420, b9cfa588-8e56-4331-be2f-4c26f25c6739:192.168.34.62:34777], old=null
2019-10-17 06:47:48,410 [7c431f9d-51bc-458b-a3a6-511ec217d887@group-21BA9BD4283D-LeaderElection173] INFO  impl.RaftServerImpl (RaftServerImpl.java:setRole(184)) - 7c431f9d-51bc-458b-a3a6-511ec217d887@group-21BA9BD4283D: changes role from CANDIDATE to FOLLOWER at term 108 for DISCOVERED_A_NEW_TERM
2019-10-17 06:47:48,410 [7c431f9d-51bc-458b-a3a6-511ec217d887@group-21BA9BD4283D-LeaderElection173] INFO  impl.RoleInfo (RoleInfo.java:shutdownLeaderElection(134)) - 7c431f9d-51bc-458b-a3a6-511ec217d887: shutdown LeaderElection
2019-10-17 06:47:48,411 [7c431f9d-51bc-458b-a3a6-511ec217d887@group-21BA9BD4283D-LeaderElection173] INFO  impl.RoleInfo (RoleInfo.java:updateAndGet(143)) - 7c431f9d-51bc-458b-a3a6-511ec217d887: start FollowerState
2019-10-17 06:47:48,547 [Thread-1941] INFO  impl.FollowerState (FollowerState.java:run(108)) - 7c431f9d-51bc-458b-a3a6-511ec217d887@group-21BA9BD4283D-FollowerState: change to CANDIDATE, lastRpcTime:136ms, electionTimeout:136ms
2019-10-17 06:47:48,547 [Thread-1941] INFO  impl.RoleInfo (RoleInfo.java:shutdownFollowerState(121)) - 7c431f9d-51bc-458b-a3a6-511ec217d887: shutdown FollowerState
2019-10-17 06:47:48,547 [Thread-1941] INFO  impl.RaftServerImpl (RaftServerImpl.java:setRole(184)) - 7c431f9d-51bc-458b-a3a6-511ec217d887@group-21BA9BD4283D: changes role from  FOLLOWER to CANDIDATE at term 108 for changeToCandidate
2019-10-17 06:47:48,547 [Thread-1941] INFO  impl.RoleInfo (RoleInfo.java:updateAndGet(143)) - 7c431f9d-51bc-458b-a3a6-511ec217d887: start LeaderElection
2019-10-17 06:47:48,561 [7c431f9d-51bc-458b-a3a6-511ec217d887@group-21BA9BD4283D-LeaderElection174] INFO  impl.LeaderElection (LeaderElection.java:askForVotes(178)) - 7c431f9d-51bc-458b-a3a6-511ec217d887@group-21BA9BD4283D-LeaderElection174: begin an election at term 109 for -1: [67f35358-9777-4ff9-96f4-8a61bc3a94fe:192.168.34.62:37037, 7c431f9d-51bc-458b-a3a6-511ec217d887:192.168.34.62:40420, b9cfa588-8e56-4331-be2f-4c26f25c6739:192.168.34.62:34777], old=null
2019-10-17 06:47:48,562 [grpc-default-executor-2] INFO  impl.RaftServerImpl (RaftServerImpl.java:setRole(184)) - b9cfa588-8e56-4331-be2f-4c26f25c6739@group-21BA9BD4283D: changes role from  FOLLOWER to FOLLOWER at term 109 for recognizeCandidate:7c431f9d-51bc-458b-a3a6-511ec217d887
2019-10-17 06:47:48,562 [grpc-default-executor-4] INFO  impl.RaftServerImpl (RaftServerImpl.java:setRole(184)) - 67f35358-9777-4ff9-96f4-8a61bc3a94fe@group-21BA9BD4283D: changes role from  FOLLOWER to FOLLOWER at term 109 for recognizeCandidate:7c431f9d-51bc-458b-a3a6-511ec217d887
2019-10-17 06:47:48,563 [grpc-default-executor-2] INFO  impl.RoleInfo (RoleInfo.java:shutdownFollowerState(121)) - b9cfa588-8e56-4331-be2f-4c26f25c6739: shutdown FollowerState
2019-10-17 06:47:48,563 [grpc-default-executor-4] INFO  impl.RoleInfo (RoleInfo.java:shutdownFollowerState(121)) - 67f35358-9777-4ff9-96f4-8a61bc3a94fe: shutdown FollowerState
2019-10-17 06:47:48,563 [Thread-1940] INFO  impl.FollowerState (FollowerState.java:run(117)) - b9cfa588-8e56-4331-be2f-4c26f25c6739@group-21BA9BD4283D-FollowerState was interrupted: java.lang.InterruptedException: sleep interrupted
2019-10-17 06:47:48,563 [grpc-default-executor-2] INFO  impl.RoleInfo (RoleInfo.java:updateAndGet(143)) - b9cfa588-8e56-4331-be2f-4c26f25c6739: start FollowerState
2019-10-17 06:47:48,563 [Thread-1939] INFO  impl.FollowerState (FollowerState.java:run(117)) - 67f35358-9777-4ff9-96f4-8a61bc3a94fe@group-21BA9BD4283D-FollowerState was interrupted: java.lang.InterruptedException: sleep interrupted
2019-10-17 06:47:48,563 [grpc-default-executor-4] INFO  impl.RoleInfo (RoleInfo.java:updateAndGet(143)) - 67f35358-9777-4ff9-96f4-8a61bc3a94fe: start FollowerState
2019-10-17 06:47:48,577 [7c431f9d-51bc-458b-a3a6-511ec217d887@group-21BA9BD4283D-LeaderElection174] INFO  impl.LeaderElection (LeaderElection.java:logAndReturn(56)) - 7c431f9d-51bc-458b-a3a6-511ec217d887@group-21BA9BD4283D-LeaderElection174: Election REJECTED; received 2 response(s) [7c431f9d-51bc-458b-a3a6-511ec217d887<-67f35358-9777-4ff9-96f4-8a61bc3a94fe#0:FAIL-t109, 7c431f9d-51bc-458b-a3a6-511ec217d887<-b9cfa588-8e56-4331-be2f-4c26f25c6739#0:FAIL-t109] and 0 exception(s); 7c431f9d-51bc-458b-a3a6-511ec217d887@group-21BA9BD4283D:t109, leader=null, voted=7c431f9d-51bc-458b-a3a6-511ec217d887, raftlog=7c431f9d-51bc-458b-a3a6-511ec217d887@group-21BA9BD4283D-SegmentedRaftLog:OPENED:c-1,f-1,i0, conf=-1: [67f35358-9777-4ff9-96f4-8a61bc3a94fe:192.168.34.62:37037, 7c431f9d-51bc-458b-a3a6-511ec217d887:192.168.34.62:40420, b9cfa588-8e56-4331-be2f-4c26f25c6739:192.168.34.62:34777], old=null
2019-10-17 06:47:48,578 [7c431f9d-51bc-458b-a3a6-511ec217d887@group-21BA9BD4283D-LeaderElection174] INFO  impl.RaftServerImpl (RaftServerImpl.java:setRole(184)) - 7c431f9d-51bc-458b-a3a6-511ec217d887@group-21BA9BD4283D: changes role from CANDIDATE to FOLLOWER at term 109 for DISCOVERED_A_NEW_TERM
2019-10-17 06:47:48,578 [7c431f9d-51bc-458b-a3a6-511ec217d887@group-21BA9BD4283D-LeaderElection174] INFO  impl.RoleInfo (RoleInfo.java:shutdownLeaderElection(134)) - 7c431f9d-51bc-458b-a3a6-511ec217d887: shutdown LeaderElection
2019-10-17 06:47:48,578 [7c431f9d-51bc-458b-a3a6-511ec217d887@group-21BA9BD4283D-LeaderElection174] INFO  impl.RoleInfo (RoleInfo.java:updateAndGet(143)) - 7c431f9d-51bc-458b-a3a6-511ec217d887: start FollowerState
2019-10-17 06:47:48,656 [Thread-1947] INFO  impl.FollowerState (FollowerState.java:run(108)) - 7c431f9d-51bc-458b-a3a6-511ec217d887@group-21BA9BD4283D-FollowerState: change to CANDIDATE, lastRpcTime:78ms, electionTimeout:78ms
2019-10-17 06:47:48,657 [Thread-1947] INFO  impl.RoleInfo (RoleInfo.java:shutdownFollowerState(121)) - 7c431f9d-51bc-458b-a3a6-511ec217d887: shutdown FollowerState
2019-10-17 06:47:48,657 [Thread-1947] INFO  impl.RaftServerImpl (RaftServerImpl.java:setRole(184)) - 7c431f9d-51bc-458b-a3a6-511ec217d887@group-21BA9BD4283D: changes role from  FOLLOWER to CANDIDATE at term 109 for changeToCandidate
2019-10-17 06:47:48,657 [Thread-1947] INFO  impl.RoleInfo (RoleInfo.java:updateAndGet(143)) - 7c431f9d-51bc-458b-a3a6-511ec217d887: start LeaderElection
2019-10-17 06:47:48,671 [7c431f9d-51bc-458b-a3a6-511ec217d887@group-21BA9BD4283D-LeaderElection175] INFO  impl.LeaderElection (LeaderElection.java:askForVotes(178)) - 7c431f9d-51bc-458b-a3a6-511ec217d887@group-21BA9BD4283D-LeaderElection175: begin an election at term 110 for -1: [67f35358-9777-4ff9-96f4-8a61bc3a94fe:192.168.34.62:37037, 7c431f9d-51bc-458b-a3a6-511ec217d887:192.168.34.62:40420, b9cfa588-8e56-4331-be2f-4c26f25c6739:192.168.34.62:34777], old=null
2019-10-17 06:47:48,673 [grpc-default-executor-2] INFO  impl.RaftServerImpl (RaftServerImpl.java:setRole(184)) - b9cfa588-8e56-4331-be2f-4c26f25c6739@group-21BA9BD4283D: changes role from  FOLLOWER to FOLLOWER at term 110 for recognizeCandidate:7c431f9d-51bc-458b-a3a6-511ec217d887
2019-10-17 06:47:48,673 [grpc-default-executor-4] INFO  impl.RaftServerImpl (RaftServerImpl.java:setRole(184)) - 67f35358-9777-4ff9-96f4-8a61bc3a94fe@group-21BA9BD4283D: changes role from  FOLLOWER to FOLLOWER at term 110 for recognizeCandidate:7c431f9d-51bc-458b-a3a6-511ec217d887
2019-10-17 06:47:48,673 [grpc-default-executor-2] INFO  impl.RoleInfo (RoleInfo.java:shutdownFollowerState(121)) - b9cfa588-8e56-4331-be2f-4c26f25c6739: shutdown FollowerState
2019-10-17 06:47:48,673 [grpc-default-executor-4] INFO  impl.RoleInfo (RoleInfo.java:shutdownFollowerState(121)) - 67f35358-9777-4ff9-96f4-8a61bc3a94fe: shutdown FollowerState
2019-10-17 06:47:48,674 [Thread-1945] INFO  impl.FollowerState (FollowerState.java:run(117)) - b9cfa588-8e56-4331-be2f-4c26f25c6739@group-21BA9BD4283D-FollowerState was interrupted: java.lang.InterruptedException: sleep interrupted
2019-10-17 06:47:48,674 [Thread-1946] INFO  impl.FollowerState (FollowerState.java:run(117)) - 67f35358-9777-4ff9-96f4-8a61bc3a94fe@group-21BA9BD4283D-FollowerState was interrupted: java.lang.InterruptedException: sleep interrupted
2019-10-17 06:47:48,674 [grpc-default-executor-2] INFO  impl.RoleInfo (RoleInfo.java:updateAndGet(143)) - b9cfa588-8e56-4331-be2f-4c26f25c6739: start FollowerState
2019-10-17 06:47:48,674 [grpc-default-executor-4] INFO  impl.RoleInfo (RoleInfo.java:updateAndGet(143)) - 67f35358-9777-4ff9-96f4-8a61bc3a94fe: start FollowerState
2019-10-17 06:47:48,697 [7c431f9d-51bc-458b-a3a6-511ec217d887@group-21BA9BD4283D-LeaderElection175] INFO  impl.LeaderElection (LeaderElection.java:logAndReturn(56)) - 7c431f9d-51bc-458b-a3a6-511ec217d887@group-21BA9BD4283D-LeaderElection175: Election REJECTED; received 2 response(s) [7c431f9d-51bc-458b-a3a6-511ec217d887<-67f35358-9777-4ff9-96f4-8a61bc3a94fe#0:FAIL-t110, 7c431f9d-51bc-458b-a3a6-511ec217d887<-b9cfa588-8e56-4331-be2f-4c26f25c6739#0:FAIL-t110] and 0 exception(s); 7c431f9d-51bc-458b-a3a6-511ec217d887@group-21BA9BD4283D:t110, leader=null, voted=7c431f9d-51bc-458b-a3a6-511ec217d887, raftlog=7c431f9d-51bc-458b-a3a6-511ec217d887@group-21BA9BD4283D-SegmentedRaftLog:OPENED:c-1,f-1,i0, conf=-1: [67f35358-9777-4ff9-96f4-8a61bc3a94fe:192.168.34.62:37037, 7c431f9d-51bc-458b-a3a6-511ec217d887:192.168.34.62:40420, b9cfa588-8e56-4331-be2f-4c26f25c6739:192.168.34.62:34777], old=null
2019-10-17 06:47:48,697 [7c431f9d-51bc-458b-a3a6-511ec217d887@group-21BA9BD4283D-LeaderElection175] INFO  impl.RaftServerImpl (RaftServerImpl.java:setRole(184)) - 7c431f9d-51bc-458b-a3a6-511ec217d887@group-21BA9BD4283D: changes role from CANDIDATE to FOLLOWER at term 110 for DISCOVERED_A_NEW_TERM
2019-10-17 06:47:48,698 [7c431f9d-51bc-458b-a3a6-511ec217d887@group-21BA9BD4283D-LeaderElection175] INFO  impl.RoleInfo (RoleInfo.java:shutdownLeaderElection(134)) - 7c431f9d-51bc-458b-a3a6-511ec217d887: shutdown LeaderElection
2019-10-17 06:47:48,698 [7c431f9d-51bc-458b-a3a6-511ec217d887@group-21BA9BD4283D-LeaderElection175] INFO  impl.RoleInfo (RoleInfo.java:updateAndGet(143)) - 7c431f9d-51bc-458b-a3a6-511ec217d887: start FollowerState
2019-10-17 06:47:48,884 [Thread-1953] INFO  impl.FollowerState (FollowerState.java:run(108)) - 7c431f9d-51bc-458b-a3a6-511ec217d887@group-21BA9BD4283D-FollowerState: change to CANDIDATE, lastRpcTime:186ms, electionTimeout:186ms
2019-10-17 06:47:48,884 [Thread-1953] INFO  impl.RoleInfo (RoleInfo.java:shutdownFollowerState(121)) - 7c431f9d-51bc-458b-a3a6-511ec217d887: shutdown FollowerState
2019-10-17 06:47:48,884 [Thread-1953] INFO  impl.RaftServerImpl (RaftServerImpl.java:setRole(184)) - 7c431f9d-51bc-458b-a3a6-511ec217d887@group-21BA9BD4283D: changes role from  FOLLOWER to CANDIDATE at term 110 for changeToCandidate
2019-10-17 06:47:48,884 [Thread-1953] INFO  impl.RoleInfo (RoleInfo.java:updateAndGet(143)) - 7c431f9d-51bc-458b-a3a6-511ec217d887: start LeaderElection
2019-10-17 06:47:48,911 [7c431f9d-51bc-458b-a3a6-511ec217d887@group-21BA9BD4283D-LeaderElection176] INFO  impl.LeaderElection (LeaderElection.java:askForVotes(178)) - 7c431f9d-51bc-458b-a3a6-511ec217d887@group-21BA9BD4283D-LeaderElection176: begin an election at term 111 for -1: [67f35358-9777-4ff9-96f4-8a61bc3a94fe:192.168.34.62:37037, 7c431f9d-51bc-458b-a3a6-511ec217d887:192.168.34.62:40420, b9cfa588-8e56-4331-be2f-4c26f25c6739:192.168.34.62:34777], old=null
2019-10-17 06:47:48,913 [grpc-default-executor-4] INFO  impl.RaftServerImpl (RaftServerImpl.java:setRole(184)) - 67f35358-9777-4ff9-96f4-8a61bc3a94fe@group-21BA9BD4283D: changes role from  FOLLOWER to FOLLOWER at term 111 for recognizeCandidate:7c431f9d-51bc-458b-a3a6-511ec217d887
2019-10-17 06:47:48,913 [grpc-default-executor-2] INFO  impl.RaftServerImpl (RaftServerImpl.java:setRole(184)) - b9cfa588-8e56-4331-be2f-4c26f25c6739@group-21BA9BD4283D: changes role from  FOLLOWER to FOLLOWER at term 111 for recognizeCandidate:7c431f9d-51bc-458b-a3a6-511ec217d887
2019-10-17 06:47:48,913 [grpc-default-executor-2] INFO  impl.RoleInfo (RoleInfo.java:shutdownFollowerState(121)) - b9cfa588-8e56-4331-be2f-4c26f25c6739: shutdown FollowerState
2019-10-17 06:47:48,913 [grpc-default-executor-4] INFO  impl.RoleInfo (RoleInfo.java:shutdownFollowerState(121)) - 67f35358-9777-4ff9-96f4-8a61bc3a94fe: shutdown FollowerState
2019-10-17 06:47:48,914 [Thread-1951] INFO  impl.FollowerState (FollowerState.java:run(117)) - b9cfa588-8e56-4331-be2f-4c26f25c6739@group-21BA9BD4283D-FollowerState was interrupted: java.lang.InterruptedException: sleep interrupted
2019-10-17 06:47:48,914 [grpc-default-executor-2] INFO  impl.RoleInfo (RoleInfo.java:updateAndGet(143)) - b9cfa588-8e56-4331-be2f-4c26f25c6739: start FollowerState
2019-10-17 06:47:48,914 [grpc-default-executor-4] INFO  impl.RoleInfo (RoleInfo.java:updateAndGet(143)) - 67f35358-9777-4ff9-96f4-8a61bc3a94fe: start FollowerState
2019-10-17 06:47:48,914 [Thread-1952] INFO  impl.FollowerState (FollowerState.java:run(117)) - 67f35358-9777-4ff9-96f4-8a61bc3a94fe@group-21BA9BD4283D-FollowerState was interrupted: java.lang.InterruptedException: sleep interrupted
2019-10-17 06:47:48,931 [7c431f9d-51bc-458b-a3a6-511ec217d887@group-21BA9BD4283D-LeaderElection176] INFO  impl.LeaderElection (LeaderElection.java:logAndReturn(56)) - 7c431f9d-51bc-458b-a3a6-511ec217d887@group-21BA9BD4283D-LeaderElection176: Election REJECTED; received 2 response(s) [7c431f9d-51bc-458b-a3a6-511ec217d887<-67f35358-9777-4ff9-96f4-8a61bc3a94fe#0:FAIL-t111, 7c431f9d-51bc-458b-a3a6-511ec217d887<-b9cfa588-8e56-4331-be2f-4c26f25c6739#0:FAIL-t111] and 0 exception(s); 7c431f9d-51bc-458b-a3a6-511ec217d887@group-21BA9BD4283D:t111, leader=null, voted=7c431f9d-51bc-458b-a3a6-511ec217d887, raftlog=7c431f9d-51bc-458b-a3a6-511ec217d887@group-21BA9BD4283D-SegmentedRaftLog:OPENED:c-1,f-1,i0, conf=-1: [67f35358-9777-4ff9-96f4-8a61bc3a94fe:192.168.34.62:37037, 7c431f9d-51bc-458b-a3a6-511ec217d887:192.168.34.62:40420, b9cfa588-8e56-4331-be2f-4c26f25c6739:192.168.34.62:34777], old=null
2019-10-17 06:47:48,931 [7c431f9d-51bc-458b-a3a6-511ec217d887@group-21BA9BD4283D-LeaderElection176] INFO  impl.RaftServerImpl (RaftServerImpl.java:setRole(184)) - 7c431f9d-51bc-458b-a3a6-511ec217d887@group-21BA9BD4283D: changes role from CANDIDATE to FOLLOWER at term 111 for DISCOVERED_A_NEW_TERM
2019-10-17 06:47:48,931 [7c431f9d-51bc-458b-a3a6-511ec217d887@group-21BA9BD4283D-LeaderElection176] INFO  impl.RoleInfo (RoleInfo.java:shutdownLeaderElection(134)) - 7c431f9d-51bc-458b-a3a6-511ec217d887: shutdown LeaderElection
2019-10-17 06:47:48,931 [7c431f9d-51bc-458b-a3a6-511ec217d887@group-21BA9BD4283D-LeaderElection176] INFO  impl.RoleInfo (RoleInfo.java:updateAndGet(143)) - 7c431f9d-51bc-458b-a3a6-511ec217d887: start FollowerState
2019-10-17 06:47:49,024 [Thread-1959] INFO  impl.FollowerState (FollowerState.java:run(108)) - 7c431f9d-51bc-458b-a3a6-511ec217d887@group-21BA9BD4283D-FollowerState: change to CANDIDATE, lastRpcTime:92ms, electionTimeout:91ms
2019-10-17 06:47:49,024 [Thread-1959] INFO  impl.RoleInfo (RoleInfo.java:shutdownFollowerState(121)) - 7c431f9d-51bc-458b-a3a6-511ec217d887: shutdown FollowerState
2019-10-17 06:47:49,024 [Thread-1959] INFO  impl.RaftServerImpl (RaftServerImpl.java:setRole(184)) - 7c431f9d-51bc-458b-a3a6-511ec217d887@group-21BA9BD4283D: changes role from  FOLLOWER to CANDIDATE at term 111 for changeToCandidate
2019-10-17 06:47:49,024 [Thread-1959] INFO  impl.RoleInfo (RoleInfo.java:updateAndGet(143)) - 7c431f9d-51bc-458b-a3a6-511ec217d887: start LeaderElection
2019-10-17 06:47:49,038 [7c431f9d-51bc-458b-a3a6-511ec217d887@group-21BA9BD4283D-LeaderElection177] INFO  impl.LeaderElection (LeaderElection.java:askForVotes(178)) - 7c431f9d-51bc-458b-a3a6-511ec217d887@group-21BA9BD4283D-LeaderElection177: begin an election at term 112 for -1: [67f35358-9777-4ff9-96f4-8a61bc3a94fe:192.168.34.62:37037, 7c431f9d-51bc-458b-a3a6-511ec217d887:192.168.34.62:40420, b9cfa588-8e56-4331-be2f-4c26f25c6739:192.168.34.62:34777], old=null
2019-10-17 06:47:49,040 [grpc-default-executor-4] INFO  impl.RaftServerImpl (RaftServerImpl.java:setRole(184)) - 67f35358-9777-4ff9-96f4-8a61bc3a94fe@group-21BA9BD4283D: changes role from  FOLLOWER to FOLLOWER at term 112 for recognizeCandidate:7c431f9d-51bc-458b-a3a6-511ec217d887
2019-10-17 06:47:49,040 [grpc-default-executor-4] INFO  impl.RoleInfo (RoleInfo.java:shutdownFollowerState(121)) - 67f35358-9777-4ff9-96f4-8a61bc3a94fe: shutdown FollowerState
2019-10-17 06:47:49,040 [grpc-default-executor-2] INFO  impl.RaftServerImpl (RaftServerImpl.java:setRole(184)) - b9cfa588-8e56-4331-be2f-4c26f25c6739@group-21BA9BD4283D: changes role from  FOLLOWER to FOLLOWER at term 112 for recognizeCandidate:7c431f9d-51bc-458b-a3a6-511ec217d887
2019-10-17 06:47:49,040 [grpc-default-executor-2] INFO  impl.RoleInfo (RoleInfo.java:shutdownFollowerState(121)) - b9cfa588-8e56-4331-be2f-4c26f25c6739: shutdown FollowerState
2019-10-17 06:47:49,040 [Thread-1958] INFO  impl.FollowerState (FollowerState.java:run(117)) - 67f35358-9777-4ff9-96f4-8a61bc3a94fe@group-21BA9BD4283D-FollowerState was interrupted: java.lang.InterruptedException: sleep interrupted
2019-10-17 06:47:49,040 [grpc-default-executor-4] INFO  impl.RoleInfo (RoleInfo.java:updateAndGet(143)) - 67f35358-9777-4ff9-96f4-8a61bc3a94fe: start FollowerState
2019-10-17 06:47:49,040 [Thread-1957] INFO  impl.FollowerState (FollowerState.java:run(117)) - b9cfa588-8e56-4331-be2f-4c26f25c6739@group-21BA9BD4283D-FollowerState was interrupted: java.lang.InterruptedException: sleep interrupted
2019-10-17 06:47:49,040 [grpc-default-executor-2] INFO  impl.RoleInfo (RoleInfo.java:updateAndGet(143)) - b9cfa588-8e56-4331-be2f-4c26f25c6739: start FollowerState
2019-10-17 06:47:49,057 [7c431f9d-51bc-458b-a3a6-511ec217d887@group-21BA9BD4283D-LeaderElection177] INFO  impl.LeaderElection (LeaderElection.java:logAndReturn(56)) - 7c431f9d-51bc-458b-a3a6-511ec217d887@group-21BA9BD4283D-LeaderElection177: Election REJECTED; received 2 response(s) [7c431f9d-51bc-458b-a3a6-511ec217d887<-67f35358-9777-4ff9-96f4-8a61bc3a94fe#0:FAIL-t112, 7c431f9d-51bc-458b-a3a6-511ec217d887<-b9cfa588-8e56-4331-be2f-4c26f25c6739#0:FAIL-t112] and 0 exception(s); 7c431f9d-51bc-458b-a3a6-511ec217d887@group-21BA9BD4283D:t112, leader=null, voted=7c431f9d-51bc-458b-a3a6-511ec217d887, raftlog=7c431f9d-51bc-458b-a3a6-511ec217d887@group-21BA9BD4283D-SegmentedRaftLog:OPENED:c-1,f-1,i0, conf=-1: [67f35358-9777-4ff9-96f4-8a61bc3a94fe:192.168.34.62:37037, 7c431f9d-51bc-458b-a3a6-511ec217d887:192.168.34.62:40420, b9cfa588-8e56-4331-be2f-4c26f25c6739:192.168.34.62:34777], old=null
2019-10-17 06:47:49,058 [7c431f9d-51bc-458b-a3a6-511ec217d887@group-21BA9BD4283D-LeaderElection177] INFO  impl.RaftServerImpl (RaftServerImpl.java:setRole(184)) - 7c431f9d-51bc-458b-a3a6-511ec217d887@group-21BA9BD4283D: changes role from CANDIDATE to FOLLOWER at term 112 for DISCOVERED_A_NEW_TERM
2019-10-17 06:47:49,058 [7c431f9d-51bc-458b-a3a6-511ec217d887@group-21BA9BD4283D-LeaderElection177] INFO  impl.RoleInfo (RoleInfo.java:shutdownLeaderElection(134)) - 7c431f9d-51bc-458b-a3a6-511ec217d887: shutdown LeaderElection
2019-10-17 06:47:49,058 [7c431f9d-51bc-458b-a3a6-511ec217d887@group-21BA9BD4283D-LeaderElection177] INFO  impl.RoleInfo (RoleInfo.java:updateAndGet(143)) - 7c431f9d-51bc-458b-a3a6-511ec217d887: start FollowerState
2019-10-17 06:47:49,095 [main] INFO  ozone.MiniOzoneClusterImpl (MiniOzoneClusterImpl.java:lambda$waitForClusterToBeReady$2(164)) - Waiting for 1 number of pipelines out of 4, to report a leader.
2019-10-17 06:47:49,101 [Thread-1965] INFO  impl.FollowerState (FollowerState.java:run(108)) - 7c431f9d-51bc-458b-a3a6-511ec217d887@group-21BA9BD4283D-FollowerState: change to CANDIDATE, lastRpcTime:43ms, electionTimeout:43ms
2019-10-17 06:47:49,102 [Thread-1965] INFO  impl.RoleInfo (RoleInfo.java:shutdownFollowerState(121)) - 7c431f9d-51bc-458b-a3a6-511ec217d887: shutdown FollowerState
2019-10-17 06:47:49,102 [Thread-1965] INFO  impl.RaftServerImpl (RaftServerImpl.java:setRole(184)) - 7c431f9d-51bc-458b-a3a6-511ec217d887@group-21BA9BD4283D: changes role from  FOLLOWER to CANDIDATE at term 112 for changeToCandidate
2019-10-17 06:47:49,102 [Thread-1965] INFO  impl.RoleInfo (RoleInfo.java:updateAndGet(143)) - 7c431f9d-51bc-458b-a3a6-511ec217d887: start LeaderElection
2019-10-17 06:47:49,119 [7c431f9d-51bc-458b-a3a6-511ec217d887@group-21BA9BD4283D-LeaderElection178] INFO  impl.LeaderElection (LeaderElection.java:askForVotes(178)) - 7c431f9d-51bc-458b-a3a6-511ec217d887@group-21BA9BD4283D-LeaderElection178: begin an election at term 113 for -1: [67f35358-9777-4ff9-96f4-8a61bc3a94fe:192.168.34.62:37037, 7c431f9d-51bc-458b-a3a6-511ec217d887:192.168.34.62:40420, b9cfa588-8e56-4331-be2f-4c26f25c6739:192.168.34.62:34777], old=null
2019-10-17 06:47:49,121 [grpc-default-executor-4] INFO  impl.RaftServerImpl (RaftServerImpl.java:setRole(184)) - 67f35358-9777-4ff9-96f4-8a61bc3a94fe@group-21BA9BD4283D: changes role from  FOLLOWER to FOLLOWER at term 113 for recognizeCandidate:7c431f9d-51bc-458b-a3a6-511ec217d887
2019-10-17 06:47:49,121 [grpc-default-executor-4] INFO  impl.RoleInfo (RoleInfo.java:shutdownFollowerState(121)) - 67f35358-9777-4ff9-96f4-8a61bc3a94fe: shutdown FollowerState
2019-10-17 06:47:49,122 [grpc-default-executor-4] INFO  impl.RoleInfo (RoleInfo.java:updateAndGet(143)) - 67f35358-9777-4ff9-96f4-8a61bc3a94fe: start FollowerState
2019-10-17 06:47:49,122 [Thread-1963] INFO  impl.FollowerState (FollowerState.java:run(117)) - 67f35358-9777-4ff9-96f4-8a61bc3a94fe@group-21BA9BD4283D-FollowerState was interrupted: java.lang.InterruptedException: sleep interrupted
2019-10-17 06:47:49,122 [grpc-default-executor-2] INFO  impl.RaftServerImpl (RaftServerImpl.java:setRole(184)) - b9cfa588-8e56-4331-be2f-4c26f25c6739@group-21BA9BD4283D: changes role from  FOLLOWER to FOLLOWER at term 113 for recognizeCandidate:7c431f9d-51bc-458b-a3a6-511ec217d887
2019-10-17 06:47:49,122 [grpc-default-executor-2] INFO  impl.RoleInfo (RoleInfo.java:shutdownFollowerState(121)) - b9cfa588-8e56-4331-be2f-4c26f25c6739: shutdown FollowerState
2019-10-17 06:47:49,122 [grpc-default-executor-2] INFO  impl.RoleInfo (RoleInfo.java:updateAndGet(143)) - b9cfa588-8e56-4331-be2f-4c26f25c6739: start FollowerState
2019-10-17 06:47:49,122 [Thread-1964] INFO  impl.FollowerState (FollowerState.java:run(117)) - b9cfa588-8e56-4331-be2f-4c26f25c6739@group-21BA9BD4283D-FollowerState was interrupted: java.lang.InterruptedException: sleep interrupted
2019-10-17 06:47:49,145 [7c431f9d-51bc-458b-a3a6-511ec217d887@group-21BA9BD4283D-LeaderElection178] INFO  impl.LeaderElection (LeaderElection.java:logAndReturn(56)) - 7c431f9d-51bc-458b-a3a6-511ec217d887@group-21BA9BD4283D-LeaderElection178: Election REJECTED; received 2 response(s) [7c431f9d-51bc-458b-a3a6-511ec217d887<-67f35358-9777-4ff9-96f4-8a61bc3a94fe#0:FAIL-t113, 7c431f9d-51bc-458b-a3a6-511ec217d887<-b9cfa588-8e56-4331-be2f-4c26f25c6739#0:FAIL-t113] and 0 exception(s); 7c431f9d-51bc-458b-a3a6-511ec217d887@group-21BA9BD4283D:t113, leader=null, voted=7c431f9d-51bc-458b-a3a6-511ec217d887, raftlog=7c431f9d-51bc-458b-a3a6-511ec217d887@group-21BA9BD4283D-SegmentedRaftLog:OPENED:c-1,f-1,i0, conf=-1: [67f35358-9777-4ff9-96f4-8a61bc3a94fe:192.168.34.62:37037, 7c431f9d-51bc-458b-a3a6-511ec217d887:192.168.34.62:40420, b9cfa588-8e56-4331-be2f-4c26f25c6739:192.168.34.62:34777], old=null
2019-10-17 06:47:49,145 [7c431f9d-51bc-458b-a3a6-511ec217d887@group-21BA9BD4283D-LeaderElection178] INFO  impl.RaftServerImpl (RaftServerImpl.java:setRole(184)) - 7c431f9d-51bc-458b-a3a6-511ec217d887@group-21BA9BD4283D: changes role from CANDIDATE to FOLLOWER at term 113 for DISCOVERED_A_NEW_TERM
2019-10-17 06:47:49,145 [7c431f9d-51bc-458b-a3a6-511ec217d887@group-21BA9BD4283D-LeaderElection178] INFO  impl.RoleInfo (RoleInfo.java:shutdownLeaderElection(134)) - 7c431f9d-51bc-458b-a3a6-511ec217d887: shutdown LeaderElection
2019-10-17 06:47:49,145 [7c431f9d-51bc-458b-a3a6-511ec217d887@group-21BA9BD4283D-LeaderElection178] INFO  impl.RoleInfo (RoleInfo.java:updateAndGet(143)) - 7c431f9d-51bc-458b-a3a6-511ec217d887: start FollowerState
2019-10-17 06:47:49,306 [Thread-1971] INFO  impl.FollowerState (FollowerState.java:run(108)) - 7c431f9d-51bc-458b-a3a6-511ec217d887@group-21BA9BD4283D-FollowerState: change to CANDIDATE, lastRpcTime:160ms, electionTimeout:160ms
2019-10-17 06:47:49,306 [Thread-1971] INFO  impl.RoleInfo (RoleInfo.java:shutdownFollowerState(121)) - 7c431f9d-51bc-458b-a3a6-511ec217d887: shutdown FollowerState
2019-10-17 06:47:49,306 [Thread-1971] INFO  impl.RaftServerImpl (RaftServerImpl.java:setRole(184)) - 7c431f9d-51bc-458b-a3a6-511ec217d887@group-21BA9BD4283D: changes role from  FOLLOWER to CANDIDATE at term 113 for changeToCandidate
2019-10-17 06:47:49,306 [Thread-1971] INFO  impl.RoleInfo (RoleInfo.java:updateAndGet(143)) - 7c431f9d-51bc-458b-a3a6-511ec217d887: start LeaderElection
2019-10-17 06:47:49,319 [7c431f9d-51bc-458b-a3a6-511ec217d887@group-21BA9BD4283D-LeaderElection179] INFO  impl.LeaderElection (LeaderElection.java:askForVotes(178)) - 7c431f9d-51bc-458b-a3a6-511ec217d887@group-21BA9BD4283D-LeaderElection179: begin an election at term 114 for -1: [67f35358-9777-4ff9-96f4-8a61bc3a94fe:192.168.34.62:37037, 7c431f9d-51bc-458b-a3a6-511ec217d887:192.168.34.62:40420, b9cfa588-8e56-4331-be2f-4c26f25c6739:192.168.34.62:34777], old=null
2019-10-17 06:47:49,321 [grpc-default-executor-4] INFO  impl.RaftServerImpl (RaftServerImpl.java:setRole(184)) - 67f35358-9777-4ff9-96f4-8a61bc3a94fe@group-21BA9BD4283D: changes role from  FOLLOWER to FOLLOWER at term 114 for recognizeCandidate:7c431f9d-51bc-458b-a3a6-511ec217d887
2019-10-17 06:47:49,321 [grpc-default-executor-2] INFO  impl.RaftServerImpl (RaftServerImpl.java:setRole(184)) - b9cfa588-8e56-4331-be2f-4c26f25c6739@group-21BA9BD4283D: changes role from  FOLLOWER to FOLLOWER at term 114 for recognizeCandidate:7c431f9d-51bc-458b-a3a6-511ec217d887
2019-10-17 06:47:49,322 [grpc-default-executor-4] INFO  impl.RoleInfo (RoleInfo.java:shutdownFollowerState(121)) - 67f35358-9777-4ff9-96f4-8a61bc3a94fe: shutdown FollowerState
2019-10-17 06:47:49,322 [grpc-default-executor-2] INFO  impl.RoleInfo (RoleInfo.java:shutdownFollowerState(121)) - b9cfa588-8e56-4331-be2f-4c26f25c6739: shutdown FollowerState
2019-10-17 06:47:49,322 [Thread-1969] INFO  impl.FollowerState (FollowerState.java:run(117)) - 67f35358-9777-4ff9-96f4-8a61bc3a94fe@group-21BA9BD4283D-FollowerState was interrupted: java.lang.InterruptedException: sleep interrupted
2019-10-17 06:47:49,322 [grpc-default-executor-4] INFO  impl.RoleInfo (RoleInfo.java:updateAndGet(143)) - 67f35358-9777-4ff9-96f4-8a61bc3a94fe: start FollowerState
2019-10-17 06:47:49,322 [Thread-1970] INFO  impl.FollowerState (FollowerState.java:run(117)) - b9cfa588-8e56-4331-be2f-4c26f25c6739@group-21BA9BD4283D-FollowerState was interrupted: java.lang.InterruptedException: sleep interrupted
2019-10-17 06:47:49,322 [grpc-default-executor-2] INFO  impl.RoleInfo (RoleInfo.java:updateAndGet(143)) - b9cfa588-8e56-4331-be2f-4c26f25c6739: start FollowerState
2019-10-17 06:47:49,336 [7c431f9d-51bc-458b-a3a6-511ec217d887@group-21BA9BD4283D-LeaderElection179] INFO  impl.LeaderElection (LeaderElection.java:logAndReturn(56)) - 7c431f9d-51bc-458b-a3a6-511ec217d887@group-21BA9BD4283D-LeaderElection179: Election REJECTED; received 2 response(s) [7c431f9d-51bc-458b-a3a6-511ec217d887<-67f35358-9777-4ff9-96f4-8a61bc3a94fe#0:FAIL-t114, 7c431f9d-51bc-458b-a3a6-511ec217d887<-b9cfa588-8e56-4331-be2f-4c26f25c6739#0:FAIL-t114] and 0 exception(s); 7c431f9d-51bc-458b-a3a6-511ec217d887@group-21BA9BD4283D:t114, leader=null, voted=7c431f9d-51bc-458b-a3a6-511ec217d887, raftlog=7c431f9d-51bc-458b-a3a6-511ec217d887@group-21BA9BD4283D-SegmentedRaftLog:OPENED:c-1,f-1,i0, conf=-1: [67f35358-9777-4ff9-96f4-8a61bc3a94fe:192.168.34.62:37037, 7c431f9d-51bc-458b-a3a6-511ec217d887:192.168.34.62:40420, b9cfa588-8e56-4331-be2f-4c26f25c6739:192.168.34.62:34777], old=null
2019-10-17 06:47:49,336 [7c431f9d-51bc-458b-a3a6-511ec217d887@group-21BA9BD4283D-LeaderElection179] INFO  impl.RaftServerImpl (RaftServerImpl.java:setRole(184)) - 7c431f9d-51bc-458b-a3a6-511ec217d887@group-21BA9BD4283D: changes role from CANDIDATE to FOLLOWER at term 114 for DISCOVERED_A_NEW_TERM
2019-10-17 06:47:49,336 [7c431f9d-51bc-458b-a3a6-511ec217d887@group-21BA9BD4283D-LeaderElection179] INFO  impl.RoleInfo (RoleInfo.java:shutdownLeaderElection(134)) - 7c431f9d-51bc-458b-a3a6-511ec217d887: shutdown LeaderElection
2019-10-17 06:47:49,336 [7c431f9d-51bc-458b-a3a6-511ec217d887@group-21BA9BD4283D-LeaderElection179] INFO  impl.RoleInfo (RoleInfo.java:updateAndGet(143)) - 7c431f9d-51bc-458b-a3a6-511ec217d887: start FollowerState
2019-10-17 06:47:49,448 [Thread-1977] INFO  impl.FollowerState (FollowerState.java:run(108)) - 7c431f9d-51bc-458b-a3a6-511ec217d887@group-21BA9BD4283D-FollowerState: change to CANDIDATE, lastRpcTime:112ms, electionTimeout:112ms
2019-10-17 06:47:49,448 [Thread-1977] INFO  impl.RoleInfo (RoleInfo.java:shutdownFollowerState(121)) - 7c431f9d-51bc-458b-a3a6-511ec217d887: shutdown FollowerState
2019-10-17 06:47:49,448 [Thread-1977] INFO  impl.RaftServerImpl (RaftServerImpl.java:setRole(184)) - 7c431f9d-51bc-458b-a3a6-511ec217d887@group-21BA9BD4283D: changes role from  FOLLOWER to CANDIDATE at term 114 for changeToCandidate
2019-10-17 06:47:49,448 [Thread-1977] INFO  impl.RoleInfo (RoleInfo.java:updateAndGet(143)) - 7c431f9d-51bc-458b-a3a6-511ec217d887: start LeaderElection
2019-10-17 06:47:49,481 [7c431f9d-51bc-458b-a3a6-511ec217d887@group-21BA9BD4283D-LeaderElection180] INFO  impl.LeaderElection (LeaderElection.java:askForVotes(178)) - 7c431f9d-51bc-458b-a3a6-511ec217d887@group-21BA9BD4283D-LeaderElection180: begin an election at term 115 for -1: [67f35358-9777-4ff9-96f4-8a61bc3a94fe:192.168.34.62:37037, 7c431f9d-51bc-458b-a3a6-511ec217d887:192.168.34.62:40420, b9cfa588-8e56-4331-be2f-4c26f25c6739:192.168.34.62:34777], old=null
2019-10-17 06:47:49,483 [grpc-default-executor-2] INFO  impl.RaftServerImpl (RaftServerImpl.java:setRole(184)) - b9cfa588-8e56-4331-be2f-4c26f25c6739@group-21BA9BD4283D: changes role from  FOLLOWER to FOLLOWER at term 115 for recognizeCandidate:7c431f9d-51bc-458b-a3a6-511ec217d887
2019-10-17 06:47:49,483 [grpc-default-executor-4] INFO  impl.RaftServerImpl (RaftServerImpl.java:setRole(184)) - 67f35358-9777-4ff9-96f4-8a61bc3a94fe@group-21BA9BD4283D: changes role from  FOLLOWER to FOLLOWER at term 115 for recognizeCandidate:7c431f9d-51bc-458b-a3a6-511ec217d887
2019-10-17 06:47:49,483 [grpc-default-executor-2] INFO  impl.RoleInfo (RoleInfo.java:shutdownFollowerState(121)) - b9cfa588-8e56-4331-be2f-4c26f25c6739: shutdown FollowerState
2019-10-17 06:47:49,483 [grpc-default-executor-4] INFO  impl.RoleInfo (RoleInfo.java:shutdownFollowerState(121)) - 67f35358-9777-4ff9-96f4-8a61bc3a94fe: shutdown FollowerState
2019-10-17 06:47:49,483 [Thread-1976] INFO  impl.FollowerState (FollowerState.java:run(117)) - b9cfa588-8e56-4331-be2f-4c26f25c6739@group-21BA9BD4283D-FollowerState was interrupted: java.lang.InterruptedException: sleep interrupted
2019-10-17 06:47:49,483 [grpc-default-executor-2] INFO  impl.RoleInfo (RoleInfo.java:updateAndGet(143)) - b9cfa588-8e56-4331-be2f-4c26f25c6739: start FollowerState
2019-10-17 06:47:49,483 [Thread-1975] INFO  impl.FollowerState (FollowerState.java:run(117)) - 67f35358-9777-4ff9-96f4-8a61bc3a94fe@group-21BA9BD4283D-FollowerState was interrupted: java.lang.InterruptedException: sleep interrupted
2019-10-17 06:47:49,483 [grpc-default-executor-4] INFO  impl.RoleInfo (RoleInfo.java:updateAndGet(143)) - 67f35358-9777-4ff9-96f4-8a61bc3a94fe: start FollowerState
2019-10-17 06:47:49,498 [7c431f9d-51bc-458b-a3a6-511ec217d887@group-21BA9BD4283D-LeaderElection180] INFO  impl.LeaderElection (LeaderElection.java:logAndReturn(56)) - 7c431f9d-51bc-458b-a3a6-511ec217d887@group-21BA9BD4283D-LeaderElection180: Election REJECTED; received 2 response(s) [7c431f9d-51bc-458b-a3a6-511ec217d887<-67f35358-9777-4ff9-96f4-8a61bc3a94fe#0:FAIL-t115, 7c431f9d-51bc-458b-a3a6-511ec217d887<-b9cfa588-8e56-4331-be2f-4c26f25c6739#0:FAIL-t115] and 0 exception(s); 7c431f9d-51bc-458b-a3a6-511ec217d887@group-21BA9BD4283D:t115, leader=null, voted=7c431f9d-51bc-458b-a3a6-511ec217d887, raftlog=7c431f9d-51bc-458b-a3a6-511ec217d887@group-21BA9BD4283D-SegmentedRaftLog:OPENED:c-1,f-1,i0, conf=-1: [67f35358-9777-4ff9-96f4-8a61bc3a94fe:192.168.34.62:37037, 7c431f9d-51bc-458b-a3a6-511ec217d887:192.168.34.62:40420, b9cfa588-8e56-4331-be2f-4c26f25c6739:192.168.34.62:34777], old=null
2019-10-17 06:47:49,498 [7c431f9d-51bc-458b-a3a6-511ec217d887@group-21BA9BD4283D-LeaderElection180] INFO  impl.RaftServerImpl (RaftServerImpl.java:setRole(184)) - 7c431f9d-51bc-458b-a3a6-511ec217d887@group-21BA9BD4283D: changes role from CANDIDATE to FOLLOWER at term 115 for DISCOVERED_A_NEW_TERM
2019-10-17 06:47:49,498 [7c431f9d-51bc-458b-a3a6-511ec217d887@group-21BA9BD4283D-LeaderElection180] INFO  impl.RoleInfo (RoleInfo.java:shutdownLeaderElection(134)) - 7c431f9d-51bc-458b-a3a6-511ec217d887: shutdown LeaderElection
2019-10-17 06:47:49,498 [7c431f9d-51bc-458b-a3a6-511ec217d887@group-21BA9BD4283D-LeaderElection180] INFO  impl.RoleInfo (RoleInfo.java:updateAndGet(143)) - 7c431f9d-51bc-458b-a3a6-511ec217d887: start FollowerState
2019-10-17 06:47:49,551 [Thread-1983] INFO  impl.FollowerState (FollowerState.java:run(108)) - 7c431f9d-51bc-458b-a3a6-511ec217d887@group-21BA9BD4283D-FollowerState: change to CANDIDATE, lastRpcTime:53ms, electionTimeout:53ms
2019-10-17 06:47:49,551 [Thread-1983] INFO  impl.RoleInfo (RoleInfo.java:shutdownFollowerState(121)) - 7c431f9d-51bc-458b-a3a6-511ec217d887: shutdown FollowerState
2019-10-17 06:47:49,551 [Thread-1983] INFO  impl.RaftServerImpl (RaftServerImpl.java:setRole(184)) - 7c431f9d-51bc-458b-a3a6-511ec217d887@group-21BA9BD4283D: changes role from  FOLLOWER to CANDIDATE at term 115 for changeToCandidate
2019-10-17 06:47:49,551 [Thread-1983] INFO  impl.RoleInfo (RoleInfo.java:updateAndGet(143)) - 7c431f9d-51bc-458b-a3a6-511ec217d887: start LeaderElection
2019-10-17 06:47:49,575 [7c431f9d-51bc-458b-a3a6-511ec217d887@group-21BA9BD4283D-LeaderElection181] INFO  impl.LeaderElection (LeaderElection.java:askForVotes(178)) - 7c431f9d-51bc-458b-a3a6-511ec217d887@group-21BA9BD4283D-LeaderElection181: begin an election at term 116 for -1: [67f35358-9777-4ff9-96f4-8a61bc3a94fe:192.168.34.62:37037, 7c431f9d-51bc-458b-a3a6-511ec217d887:192.168.34.62:40420, b9cfa588-8e56-4331-be2f-4c26f25c6739:192.168.34.62:34777], old=null
2019-10-17 06:47:49,576 [grpc-default-executor-4] INFO  impl.RaftServerImpl (RaftServerImpl.java:setRole(184)) - 67f35358-9777-4ff9-96f4-8a61bc3a94fe@group-21BA9BD4283D: changes role from  FOLLOWER to FOLLOWER at term 116 for recognizeCandidate:7c431f9d-51bc-458b-a3a6-511ec217d887
2019-10-17 06:47:49,577 [grpc-default-executor-4] INFO  impl.RoleInfo (RoleInfo.java:shutdownFollowerState(121)) - 67f35358-9777-4ff9-96f4-8a61bc3a94fe: shutdown FollowerState
2019-10-17 06:47:49,576 [grpc-default-executor-2] INFO  impl.RaftServerImpl (RaftServerImpl.java:setRole(184)) - b9cfa588-8e56-4331-be2f-4c26f25c6739@group-21BA9BD4283D: changes role from  FOLLOWER to FOLLOWER at term 116 for recognizeCandidate:7c431f9d-51bc-458b-a3a6-511ec217d887
2019-10-17 06:47:49,577 [Thread-1982] INFO  impl.FollowerState (FollowerState.java:run(117)) - 67f35358-9777-4ff9-96f4-8a61bc3a94fe@group-21BA9BD4283D-FollowerState was interrupted: java.lang.InterruptedException: sleep interrupted
2019-10-17 06:47:49,577 [grpc-default-executor-4] INFO  impl.RoleInfo (RoleInfo.java:updateAndGet(143)) - 67f35358-9777-4ff9-96f4-8a61bc3a94fe: start FollowerState
2019-10-17 06:47:49,577 [grpc-default-executor-2] INFO  impl.RoleInfo (RoleInfo.java:shutdownFollowerState(121)) - b9cfa588-8e56-4331-be2f-4c26f25c6739: shutdown FollowerState
2019-10-17 06:47:49,577 [grpc-default-executor-2] INFO  impl.RoleInfo (RoleInfo.java:updateAndGet(143)) - b9cfa588-8e56-4331-be2f-4c26f25c6739: start FollowerState
2019-10-17 06:47:49,577 [Thread-1981] INFO  impl.FollowerState (FollowerState.java:run(117)) - b9cfa588-8e56-4331-be2f-4c26f25c6739@group-21BA9BD4283D-FollowerState was interrupted: java.lang.InterruptedException: sleep interrupted
2019-10-17 06:47:49,603 [7c431f9d-51bc-458b-a3a6-511ec217d887@group-21BA9BD4283D-LeaderElection181] INFO  impl.LeaderElection (LeaderElection.java:logAndReturn(56)) - 7c431f9d-51bc-458b-a3a6-511ec217d887@group-21BA9BD4283D-LeaderElection181: Election REJECTED; received 2 response(s) [7c431f9d-51bc-458b-a3a6-511ec217d887<-67f35358-9777-4ff9-96f4-8a61bc3a94fe#0:FAIL-t116, 7c431f9d-51bc-458b-a3a6-511ec217d887<-b9cfa588-8e56-4331-be2f-4c26f25c6739#0:FAIL-t116] and 0 exception(s); 7c431f9d-51bc-458b-a3a6-511ec217d887@group-21BA9BD4283D:t116, leader=null, voted=7c431f9d-51bc-458b-a3a6-511ec217d887, raftlog=7c431f9d-51bc-458b-a3a6-511ec217d887@group-21BA9BD4283D-SegmentedRaftLog:OPENED:c-1,f-1,i0, conf=-1: [67f35358-9777-4ff9-96f4-8a61bc3a94fe:192.168.34.62:37037, 7c431f9d-51bc-458b-a3a6-511ec217d887:192.168.34.62:40420, b9cfa588-8e56-4331-be2f-4c26f25c6739:192.168.34.62:34777], old=null
2019-10-17 06:47:49,603 [7c431f9d-51bc-458b-a3a6-511ec217d887@group-21BA9BD4283D-LeaderElection181] INFO  impl.RaftServerImpl (RaftServerImpl.java:setRole(184)) - 7c431f9d-51bc-458b-a3a6-511ec217d887@group-21BA9BD4283D: changes role from CANDIDATE to FOLLOWER at term 116 for DISCOVERED_A_NEW_TERM
2019-10-17 06:47:49,603 [7c431f9d-51bc-458b-a3a6-511ec217d887@group-21BA9BD4283D-LeaderElection181] INFO  impl.RoleInfo (RoleInfo.java:shutdownLeaderElection(134)) - 7c431f9d-51bc-458b-a3a6-511ec217d887: shutdown LeaderElection
2019-10-17 06:47:49,604 [7c431f9d-51bc-458b-a3a6-511ec217d887@group-21BA9BD4283D-LeaderElection181] INFO  impl.RoleInfo (RoleInfo.java:updateAndGet(143)) - 7c431f9d-51bc-458b-a3a6-511ec217d887: start FollowerState
2019-10-17 06:47:49,626 [Thread-1989] INFO  impl.FollowerState (FollowerState.java:run(108)) - 7c431f9d-51bc-458b-a3a6-511ec217d887@group-21BA9BD4283D-FollowerState: change to CANDIDATE, lastRpcTime:22ms, electionTimeout:22ms
2019-10-17 06:47:49,626 [Thread-1989] INFO  impl.RoleInfo (RoleInfo.java:shutdownFollowerState(121)) - 7c431f9d-51bc-458b-a3a6-511ec217d887: shutdown FollowerState
2019-10-17 06:47:49,626 [Thread-1989] INFO  impl.RaftServerImpl (RaftServerImpl.java:setRole(184)) - 7c431f9d-51bc-458b-a3a6-511ec217d887@group-21BA9BD4283D: changes role from  FOLLOWER to CANDIDATE at term 116 for changeToCandidate
2019-10-17 06:47:49,626 [Thread-1989] INFO  impl.RoleInfo (RoleInfo.java:updateAndGet(143)) - 7c431f9d-51bc-458b-a3a6-511ec217d887: start LeaderElection
2019-10-17 06:47:49,640 [7c431f9d-51bc-458b-a3a6-511ec217d887@group-21BA9BD4283D-LeaderElection182] INFO  impl.LeaderElection (LeaderElection.java:askForVotes(178)) - 7c431f9d-51bc-458b-a3a6-511ec217d887@group-21BA9BD4283D-LeaderElection182: begin an election at term 117 for -1: [67f35358-9777-4ff9-96f4-8a61bc3a94fe:192.168.34.62:37037, 7c431f9d-51bc-458b-a3a6-511ec217d887:192.168.34.62:40420, b9cfa588-8e56-4331-be2f-4c26f25c6739:192.168.34.62:34777], old=null
2019-10-17 06:47:49,641 [grpc-default-executor-2] INFO  impl.RaftServerImpl (RaftServerImpl.java:setRole(184)) - b9cfa588-8e56-4331-be2f-4c26f25c6739@group-21BA9BD4283D: changes role from  FOLLOWER to FOLLOWER at term 117 for recognizeCandidate:7c431f9d-51bc-458b-a3a6-511ec217d887
2019-10-17 06:47:49,642 [grpc-default-executor-2] INFO  impl.RoleInfo (RoleInfo.java:shutdownFollowerState(121)) - b9cfa588-8e56-4331-be2f-4c26f25c6739: shutdown FollowerState
2019-10-17 06:47:49,641 [grpc-default-executor-4] INFO  impl.RaftServerImpl (RaftServerImpl.java:setRole(184)) - 67f35358-9777-4ff9-96f4-8a61bc3a94fe@group-21BA9BD4283D: changes role from  FOLLOWER to FOLLOWER at term 117 for recognizeCandidate:7c431f9d-51bc-458b-a3a6-511ec217d887
2019-10-17 06:47:49,642 [Thread-1988] INFO  impl.FollowerState (FollowerState.java:run(117)) - b9cfa588-8e56-4331-be2f-4c26f25c6739@group-21BA9BD4283D-FollowerState was interrupted: java.lang.InterruptedException: sleep interrupted
2019-10-17 06:47:49,642 [grpc-default-executor-2] INFO  impl.RoleInfo (RoleInfo.java:updateAndGet(143)) - b9cfa588-8e56-4331-be2f-4c26f25c6739: start FollowerState
2019-10-17 06:47:49,642 [grpc-default-executor-4] INFO  impl.RoleInfo (RoleInfo.java:shutdownFollowerState(121)) - 67f35358-9777-4ff9-96f4-8a61bc3a94fe: shutdown FollowerState
2019-10-17 06:47:49,642 [grpc-default-executor-4] INFO  impl.RoleInfo (RoleInfo.java:updateAndGet(143)) - 67f35358-9777-4ff9-96f4-8a61bc3a94fe: start FollowerState
2019-10-17 06:47:49,642 [Thread-1987] INFO  impl.FollowerState (FollowerState.java:run(117)) - 67f35358-9777-4ff9-96f4-8a61bc3a94fe@group-21BA9BD4283D-FollowerState was interrupted: java.lang.InterruptedException: sleep interrupted
2019-10-17 06:47:49,656 [7c431f9d-51bc-458b-a3a6-511ec217d887@group-21BA9BD4283D-LeaderElection182] INFO  impl.LeaderElection (LeaderElection.java:logAndReturn(56)) - 7c431f9d-51bc-458b-a3a6-511ec217d887@group-21BA9BD4283D-LeaderElection182: Election REJECTED; received 2 response(s) [7c431f9d-51bc-458b-a3a6-511ec217d887<-67f35358-9777-4ff9-96f4-8a61bc3a94fe#0:FAIL-t117, 7c431f9d-51bc-458b-a3a6-511ec217d887<-b9cfa588-8e56-4331-be2f-4c26f25c6739#0:FAIL-t117] and 0 exception(s); 7c431f9d-51bc-458b-a3a6-511ec217d887@group-21BA9BD4283D:t117, leader=null, voted=7c431f9d-51bc-458b-a3a6-511ec217d887, raftlog=7c431f9d-51bc-458b-a3a6-511ec217d887@group-21BA9BD4283D-SegmentedRaftLog:OPENED:c-1,f-1,i0, conf=-1: [67f35358-9777-4ff9-96f4-8a61bc3a94fe:192.168.34.62:37037, 7c431f9d-51bc-458b-a3a6-511ec217d887:192.168.34.62:40420, b9cfa588-8e56-4331-be2f-4c26f25c6739:192.168.34.62:34777], old=null
2019-10-17 06:47:49,657 [7c431f9d-51bc-458b-a3a6-511ec217d887@group-21BA9BD4283D-LeaderElection182] INFO  impl.RaftServerImpl (RaftServerImpl.java:setRole(184)) - 7c431f9d-51bc-458b-a3a6-511ec217d887@group-21BA9BD4283D: changes role from CANDIDATE to FOLLOWER at term 117 for DISCOVERED_A_NEW_TERM
2019-10-17 06:47:49,657 [7c431f9d-51bc-458b-a3a6-511ec217d887@group-21BA9BD4283D-LeaderElection182] INFO  impl.RoleInfo (RoleInfo.java:shutdownLeaderElection(134)) - 7c431f9d-51bc-458b-a3a6-511ec217d887: shutdown LeaderElection
2019-10-17 06:47:49,657 [7c431f9d-51bc-458b-a3a6-511ec217d887@group-21BA9BD4283D-LeaderElection182] INFO  impl.RoleInfo (RoleInfo.java:updateAndGet(143)) - 7c431f9d-51bc-458b-a3a6-511ec217d887: start FollowerState
2019-10-17 06:47:49,733 [Thread-1995] INFO  impl.FollowerState (FollowerState.java:run(108)) - 7c431f9d-51bc-458b-a3a6-511ec217d887@group-21BA9BD4283D-FollowerState: change to CANDIDATE, lastRpcTime:76ms, electionTimeout:76ms
2019-10-17 06:47:49,733 [Thread-1995] INFO  impl.RoleInfo (RoleInfo.java:shutdownFollowerState(121)) - 7c431f9d-51bc-458b-a3a6-511ec217d887: shutdown FollowerState
2019-10-17 06:47:49,733 [Thread-1995] INFO  impl.RaftServerImpl (RaftServerImpl.java:setRole(184)) - 7c431f9d-51bc-458b-a3a6-511ec217d887@group-21BA9BD4283D: changes role from  FOLLOWER to CANDIDATE at term 117 for changeToCandidate
2019-10-17 06:47:49,733 [Thread-1995] INFO  impl.RoleInfo (RoleInfo.java:updateAndGet(143)) - 7c431f9d-51bc-458b-a3a6-511ec217d887: start LeaderElection
2019-10-17 06:47:49,757 [7c431f9d-51bc-458b-a3a6-511ec217d887@group-21BA9BD4283D-LeaderElection183] INFO  impl.LeaderElection (LeaderElection.java:askForVotes(178)) - 7c431f9d-51bc-458b-a3a6-511ec217d887@group-21BA9BD4283D-LeaderElection183: begin an election at term 118 for -1: [67f35358-9777-4ff9-96f4-8a61bc3a94fe:192.168.34.62:37037, 7c431f9d-51bc-458b-a3a6-511ec217d887:192.168.34.62:40420, b9cfa588-8e56-4331-be2f-4c26f25c6739:192.168.34.62:34777], old=null
2019-10-17 06:47:49,759 [grpc-default-executor-4] INFO  impl.RaftServerImpl (RaftServerImpl.java:setRole(184)) - b9cfa588-8e56-4331-be2f-4c26f25c6739@group-21BA9BD4283D: changes role from  FOLLOWER to FOLLOWER at term 118 for recognizeCandidate:7c431f9d-51bc-458b-a3a6-511ec217d887
2019-10-17 06:47:49,759 [grpc-default-executor-2] INFO  impl.RaftServerImpl (RaftServerImpl.java:setRole(184)) - 67f35358-9777-4ff9-96f4-8a61bc3a94fe@group-21BA9BD4283D: changes role from  FOLLOWER to FOLLOWER at term 118 for recognizeCandidate:7c431f9d-51bc-458b-a3a6-511ec217d887
2019-10-17 06:47:49,759 [grpc-default-executor-2] INFO  impl.RoleInfo (RoleInfo.java:shutdownFollowerState(121)) - 67f35358-9777-4ff9-96f4-8a61bc3a94fe: shutdown FollowerState
2019-10-17 06:47:49,759 [grpc-default-executor-4] INFO  impl.RoleInfo (RoleInfo.java:shutdownFollowerState(121)) - b9cfa588-8e56-4331-be2f-4c26f25c6739: shutdown FollowerState
2019-10-17 06:47:49,760 [Thread-1994] INFO  impl.FollowerState (FollowerState.java:run(117)) - 67f35358-9777-4ff9-96f4-8a61bc3a94fe@group-21BA9BD4283D-FollowerState was interrupted: java.lang.InterruptedException: sleep interrupted
2019-10-17 06:47:49,760 [grpc-default-executor-2] INFO  impl.RoleInfo (RoleInfo.java:updateAndGet(143)) - 67f35358-9777-4ff9-96f4-8a61bc3a94fe: start FollowerState
2019-10-17 06:47:49,760 [Thread-1993] INFO  impl.FollowerState (FollowerState.java:run(117)) - b9cfa588-8e56-4331-be2f-4c26f25c6739@group-21BA9BD4283D-FollowerState was interrupted: java.lang.InterruptedException: sleep interrupted
2019-10-17 06:47:49,760 [grpc-default-executor-4] INFO  impl.RoleInfo (RoleInfo.java:updateAndGet(143)) - b9cfa588-8e56-4331-be2f-4c26f25c6739: start FollowerState
2019-10-17 06:47:49,773 [7c431f9d-51bc-458b-a3a6-511ec217d887@group-21BA9BD4283D-LeaderElection183] INFO  impl.LeaderElection (LeaderElection.java:logAndReturn(56)) - 7c431f9d-51bc-458b-a3a6-511ec217d887@group-21BA9BD4283D-LeaderElection183: Election REJECTED; received 2 response(s) [7c431f9d-51bc-458b-a3a6-511ec217d887<-67f35358-9777-4ff9-96f4-8a61bc3a94fe#0:FAIL-t118, 7c431f9d-51bc-458b-a3a6-511ec217d887<-b9cfa588-8e56-4331-be2f-4c26f25c6739#0:FAIL-t118] and 0 exception(s); 7c431f9d-51bc-458b-a3a6-511ec217d887@group-21BA9BD4283D:t118, leader=null, voted=7c431f9d-51bc-458b-a3a6-511ec217d887, raftlog=7c431f9d-51bc-458b-a3a6-511ec217d887@group-21BA9BD4283D-SegmentedRaftLog:OPENED:c-1,f-1,i0, conf=-1: [67f35358-9777-4ff9-96f4-8a61bc3a94fe:192.168.34.62:37037, 7c431f9d-51bc-458b-a3a6-511ec217d887:192.168.34.62:40420, b9cfa588-8e56-4331-be2f-4c26f25c6739:192.168.34.62:34777], old=null
2019-10-17 06:47:49,773 [7c431f9d-51bc-458b-a3a6-511ec217d887@group-21BA9BD4283D-LeaderElection183] INFO  impl.RaftServerImpl (RaftServerImpl.java:setRole(184)) - 7c431f9d-51bc-458b-a3a6-511ec217d887@group-21BA9BD4283D: changes role from CANDIDATE to FOLLOWER at term 118 for DISCOVERED_A_NEW_TERM
2019-10-17 06:47:49,773 [7c431f9d-51bc-458b-a3a6-511ec217d887@group-21BA9BD4283D-LeaderElection183] INFO  impl.RoleInfo (RoleInfo.java:shutdownLeaderElection(134)) - 7c431f9d-51bc-458b-a3a6-511ec217d887: shutdown LeaderElection
2019-10-17 06:47:49,774 [7c431f9d-51bc-458b-a3a6-511ec217d887@group-21BA9BD4283D-LeaderElection183] INFO  impl.RoleInfo (RoleInfo.java:updateAndGet(143)) - 7c431f9d-51bc-458b-a3a6-511ec217d887: start FollowerState
2019-10-17 06:47:49,844 [Thread-2001] INFO  impl.FollowerState (FollowerState.java:run(108)) - 7c431f9d-51bc-458b-a3a6-511ec217d887@group-21BA9BD4283D-FollowerState: change to CANDIDATE, lastRpcTime:70ms, electionTimeout:70ms
2019-10-17 06:47:49,844 [Thread-2001] INFO  impl.RoleInfo (RoleInfo.java:shutdownFollowerState(121)) - 7c431f9d-51bc-458b-a3a6-511ec217d887: shutdown FollowerState
2019-10-17 06:47:49,844 [Thread-2001] INFO  impl.RaftServerImpl (RaftServerImpl.java:setRole(184)) - 7c431f9d-51bc-458b-a3a6-511ec217d887@group-21BA9BD4283D: changes role from  FOLLOWER to CANDIDATE at term 118 for changeToCandidate
2019-10-17 06:47:49,845 [Thread-2001] INFO  impl.RoleInfo (RoleInfo.java:updateAndGet(143)) - 7c431f9d-51bc-458b-a3a6-511ec217d887: start LeaderElection
2019-10-17 06:47:49,858 [7c431f9d-51bc-458b-a3a6-511ec217d887@group-21BA9BD4283D-LeaderElection184] INFO  impl.LeaderElection (LeaderElection.java:askForVotes(178)) - 7c431f9d-51bc-458b-a3a6-511ec217d887@group-21BA9BD4283D-LeaderElection184: begin an election at term 119 for -1: [67f35358-9777-4ff9-96f4-8a61bc3a94fe:192.168.34.62:37037, 7c431f9d-51bc-458b-a3a6-511ec217d887:192.168.34.62:40420, b9cfa588-8e56-4331-be2f-4c26f25c6739:192.168.34.62:34777], old=null
2019-10-17 06:47:49,861 [grpc-default-executor-4] INFO  impl.RaftServerImpl (RaftServerImpl.java:setRole(184)) - 67f35358-9777-4ff9-96f4-8a61bc3a94fe@group-21BA9BD4283D: changes role from  FOLLOWER to FOLLOWER at term 119 for recognizeCandidate:7c431f9d-51bc-458b-a3a6-511ec217d887
2019-10-17 06:47:49,861 [grpc-default-executor-4] INFO  impl.RoleInfo (RoleInfo.java:shutdownFollowerState(121)) - 67f35358-9777-4ff9-96f4-8a61bc3a94fe: shutdown FollowerState
2019-10-17 06:47:49,861 [grpc-default-executor-4] INFO  impl.RoleInfo (RoleInfo.java:updateAndGet(143)) - 67f35358-9777-4ff9-96f4-8a61bc3a94fe: start FollowerState
2019-10-17 06:47:49,861 [Thread-1999] INFO  impl.FollowerState (FollowerState.java:run(117)) - 67f35358-9777-4ff9-96f4-8a61bc3a94fe@group-21BA9BD4283D-FollowerState was interrupted: java.lang.InterruptedException: sleep interrupted
2019-10-17 06:47:49,861 [grpc-default-executor-2] INFO  impl.RaftServerImpl (RaftServerImpl.java:setRole(184)) - b9cfa588-8e56-4331-be2f-4c26f25c6739@group-21BA9BD4283D: changes role from  FOLLOWER to FOLLOWER at term 119 for recognizeCandidate:7c431f9d-51bc-458b-a3a6-511ec217d887
2019-10-17 06:47:49,861 [grpc-default-executor-2] INFO  impl.RoleInfo (RoleInfo.java:shutdownFollowerState(121)) - b9cfa588-8e56-4331-be2f-4c26f25c6739: shutdown FollowerState
2019-10-17 06:47:49,861 [grpc-default-executor-2] INFO  impl.RoleInfo (RoleInfo.java:updateAndGet(143)) - b9cfa588-8e56-4331-be2f-4c26f25c6739: start FollowerState
2019-10-17 06:47:49,861 [Thread-2000] INFO  impl.FollowerState (FollowerState.java:run(117)) - b9cfa588-8e56-4331-be2f-4c26f25c6739@group-21BA9BD4283D-FollowerState was interrupted: java.lang.InterruptedException: sleep interrupted
2019-10-17 06:47:49,885 [7c431f9d-51bc-458b-a3a6-511ec217d887@group-21BA9BD4283D-LeaderElection184] INFO  impl.LeaderElection (LeaderElection.java:logAndReturn(56)) - 7c431f9d-51bc-458b-a3a6-511ec217d887@group-21BA9BD4283D-LeaderElection184: Election REJECTED; received 2 response(s) [7c431f9d-51bc-458b-a3a6-511ec217d887<-67f35358-9777-4ff9-96f4-8a61bc3a94fe#0:FAIL-t119, 7c431f9d-51bc-458b-a3a6-511ec217d887<-b9cfa588-8e56-4331-be2f-4c26f25c6739#0:FAIL-t119] and 0 exception(s); 7c431f9d-51bc-458b-a3a6-511ec217d887@group-21BA9BD4283D:t119, leader=null, voted=7c431f9d-51bc-458b-a3a6-511ec217d887, raftlog=7c431f9d-51bc-458b-a3a6-511ec217d887@group-21BA9BD4283D-SegmentedRaftLog:OPENED:c-1,f-1,i0, conf=-1: [67f35358-9777-4ff9-96f4-8a61bc3a94fe:192.168.34.62:37037, 7c431f9d-51bc-458b-a3a6-511ec217d887:192.168.34.62:40420, b9cfa588-8e56-4331-be2f-4c26f25c6739:192.168.34.62:34777], old=null
2019-10-17 06:47:49,885 [7c431f9d-51bc-458b-a3a6-511ec217d887@group-21BA9BD4283D-LeaderElection184] INFO  impl.RaftServerImpl (RaftServerImpl.java:setRole(184)) - 7c431f9d-51bc-458b-a3a6-511ec217d887@group-21BA9BD4283D: changes role from CANDIDATE to FOLLOWER at term 119 for DISCOVERED_A_NEW_TERM
2019-10-17 06:47:49,885 [7c431f9d-51bc-458b-a3a6-511ec217d887@group-21BA9BD4283D-LeaderElection184] INFO  impl.RoleInfo (RoleInfo.java:shutdownLeaderElection(134)) - 7c431f9d-51bc-458b-a3a6-511ec217d887: shutdown LeaderElection
2019-10-17 06:47:49,885 [7c431f9d-51bc-458b-a3a6-511ec217d887@group-21BA9BD4283D-LeaderElection184] INFO  impl.RoleInfo (RoleInfo.java:updateAndGet(143)) - 7c431f9d-51bc-458b-a3a6-511ec217d887: start FollowerState
2019-10-17 06:47:49,924 [Thread-2007] INFO  impl.FollowerState (FollowerState.java:run(108)) - 7c431f9d-51bc-458b-a3a6-511ec217d887@group-21BA9BD4283D-FollowerState: change to CANDIDATE, lastRpcTime:39ms, electionTimeout:39ms
2019-10-17 06:47:49,925 [Thread-2007] INFO  impl.RoleInfo (RoleInfo.java:shutdownFollowerState(121)) - 7c431f9d-51bc-458b-a3a6-511ec217d887: shutdown FollowerState
2019-10-17 06:47:49,925 [Thread-2007] INFO  impl.RaftServerImpl (RaftServerImpl.java:setRole(184)) - 7c431f9d-51bc-458b-a3a6-511ec217d887@group-21BA9BD4283D: changes role from  FOLLOWER to CANDIDATE at term 119 for changeToCandidate
2019-10-17 06:47:49,925 [Thread-2007] INFO  impl.RoleInfo (RoleInfo.java:updateAndGet(143)) - 7c431f9d-51bc-458b-a3a6-511ec217d887: start LeaderElection
2019-10-17 06:47:49,953 [7c431f9d-51bc-458b-a3a6-511ec217d887@group-21BA9BD4283D-LeaderElection185] INFO  impl.LeaderElection (LeaderElection.java:askForVotes(178)) - 7c431f9d-51bc-458b-a3a6-511ec217d887@group-21BA9BD4283D-LeaderElection185: begin an election at term 120 for -1: [67f35358-9777-4ff9-96f4-8a61bc3a94fe:192.168.34.62:37037, 7c431f9d-51bc-458b-a3a6-511ec217d887:192.168.34.62:40420, b9cfa588-8e56-4331-be2f-4c26f25c6739:192.168.34.62:34777], old=null
2019-10-17 06:47:49,955 [grpc-default-executor-2] INFO  impl.RaftServerImpl (RaftServerImpl.java:setRole(184)) - 67f35358-9777-4ff9-96f4-8a61bc3a94fe@group-21BA9BD4283D: changes role from  FOLLOWER to FOLLOWER at term 120 for recognizeCandidate:7c431f9d-51bc-458b-a3a6-511ec217d887
2019-10-17 06:47:49,955 [grpc-default-executor-2] INFO  impl.RoleInfo (RoleInfo.java:shutdownFollowerState(121)) - 67f35358-9777-4ff9-96f4-8a61bc3a94fe: shutdown FollowerState
2019-10-17 06:47:49,955 [grpc-default-executor-4] INFO  impl.RaftServerImpl (RaftServerImpl.java:setRole(184)) - b9cfa588-8e56-4331-be2f-4c26f25c6739@group-21BA9BD4283D: changes role from  FOLLOWER to FOLLOWER at term 120 for recognizeCandidate:7c431f9d-51bc-458b-a3a6-511ec217d887
2019-10-17 06:47:49,955 [Thread-2005] INFO  impl.FollowerState (FollowerState.java:run(117)) - 67f35358-9777-4ff9-96f4-8a61bc3a94fe@group-21BA9BD4283D-FollowerState was interrupted: java.lang.InterruptedException: sleep interrupted
2019-10-17 06:47:49,955 [grpc-default-executor-2] INFO  impl.RoleInfo (RoleInfo.java:updateAndGet(143)) - 67f35358-9777-4ff9-96f4-8a61bc3a94fe: start FollowerState
2019-10-17 06:47:49,955 [grpc-default-executor-4] INFO  impl.RoleInfo (RoleInfo.java:shutdownFollowerState(121)) - b9cfa588-8e56-4331-be2f-4c26f25c6739: shutdown FollowerState
2019-10-17 06:47:49,956 [grpc-default-executor-4] INFO  impl.RoleInfo (RoleInfo.java:updateAndGet(143)) - b9cfa588-8e56-4331-be2f-4c26f25c6739: start FollowerState
2019-10-17 06:47:49,956 [Thread-2006] INFO  impl.FollowerState (FollowerState.java:run(117)) - b9cfa588-8e56-4331-be2f-4c26f25c6739@group-21BA9BD4283D-FollowerState was interrupted: java.lang.InterruptedException: sleep interrupted
2019-10-17 06:47:49,975 [7c431f9d-51bc-458b-a3a6-511ec217d887@group-21BA9BD4283D-LeaderElection185] INFO  impl.LeaderElection (LeaderElection.java:logAndReturn(56)) - 7c431f9d-51bc-458b-a3a6-511ec217d887@group-21BA9BD4283D-LeaderElection185: Election REJECTED; received 2 response(s) [7c431f9d-51bc-458b-a3a6-511ec217d887<-67f35358-9777-4ff9-96f4-8a61bc3a94fe#0:FAIL-t120, 7c431f9d-51bc-458b-a3a6-511ec217d887<-b9cfa588-8e56-4331-be2f-4c26f25c6739#0:FAIL-t120] and 0 exception(s); 7c431f9d-51bc-458b-a3a6-511ec217d887@group-21BA9BD4283D:t120, leader=null, voted=7c431f9d-51bc-458b-a3a6-511ec217d887, raftlog=7c431f9d-51bc-458b-a3a6-511ec217d887@group-21BA9BD4283D-SegmentedRaftLog:OPENED:c-1,f-1,i0, conf=-1: [67f35358-9777-4ff9-96f4-8a61bc3a94fe:192.168.34.62:37037, 7c431f9d-51bc-458b-a3a6-511ec217d887:192.168.34.62:40420, b9cfa588-8e56-4331-be2f-4c26f25c6739:192.168.34.62:34777], old=null
2019-10-17 06:47:49,975 [7c431f9d-51bc-458b-a3a6-511ec217d887@group-21BA9BD4283D-LeaderElection185] INFO  impl.RaftServerImpl (RaftServerImpl.java:setRole(184)) - 7c431f9d-51bc-458b-a3a6-511ec217d887@group-21BA9BD4283D: changes role from CANDIDATE to FOLLOWER at term 120 for DISCOVERED_A_NEW_TERM
2019-10-17 06:47:49,975 [7c431f9d-51bc-458b-a3a6-511ec217d887@group-21BA9BD4283D-LeaderElection185] INFO  impl.RoleInfo (RoleInfo.java:shutdownLeaderElection(134)) - 7c431f9d-51bc-458b-a3a6-511ec217d887: shutdown LeaderElection
2019-10-17 06:47:49,975 [7c431f9d-51bc-458b-a3a6-511ec217d887@group-21BA9BD4283D-LeaderElection185] INFO  impl.RoleInfo (RoleInfo.java:updateAndGet(143)) - 7c431f9d-51bc-458b-a3a6-511ec217d887: start FollowerState
2019-10-17 06:47:50,096 [main] INFO  ozone.MiniOzoneClusterImpl (MiniOzoneClusterImpl.java:lambda$waitForClusterToBeReady$2(164)) - Waiting for 1 number of pipelines out of 4, to report a leader.
2019-10-17 06:47:50,160 [Thread-2013] INFO  impl.FollowerState (FollowerState.java:run(108)) - 7c431f9d-51bc-458b-a3a6-511ec217d887@group-21BA9BD4283D-FollowerState: change to CANDIDATE, lastRpcTime:184ms, electionTimeout:184ms
2019-10-17 06:47:50,160 [Thread-2013] INFO  impl.RoleInfo (RoleInfo.java:shutdownFollowerState(121)) - 7c431f9d-51bc-458b-a3a6-511ec217d887: shutdown FollowerState
2019-10-17 06:47:50,160 [Thread-2013] INFO  impl.RaftServerImpl (RaftServerImpl.java:setRole(184)) - 7c431f9d-51bc-458b-a3a6-511ec217d887@group-21BA9BD4283D: changes role from  FOLLOWER to CANDIDATE at term 120 for changeToCandidate
2019-10-17 06:47:50,160 [Thread-2013] INFO  impl.RoleInfo (RoleInfo.java:updateAndGet(143)) - 7c431f9d-51bc-458b-a3a6-511ec217d887: start LeaderElection
2019-10-17 06:47:50,180 [7c431f9d-51bc-458b-a3a6-511ec217d887@group-21BA9BD4283D-LeaderElection186] INFO  impl.LeaderElection (LeaderElection.java:askForVotes(178)) - 7c431f9d-51bc-458b-a3a6-511ec217d887@group-21BA9BD4283D-LeaderElection186: begin an election at term 121 for -1: [67f35358-9777-4ff9-96f4-8a61bc3a94fe:192.168.34.62:37037, 7c431f9d-51bc-458b-a3a6-511ec217d887:192.168.34.62:40420, b9cfa588-8e56-4331-be2f-4c26f25c6739:192.168.34.62:34777], old=null
2019-10-17 06:47:50,182 [grpc-default-executor-4] INFO  impl.RaftServerImpl (RaftServerImpl.java:setRole(184)) - 67f35358-9777-4ff9-96f4-8a61bc3a94fe@group-21BA9BD4283D: changes role from  FOLLOWER to FOLLOWER at term 121 for recognizeCandidate:7c431f9d-51bc-458b-a3a6-511ec217d887
2019-10-17 06:47:50,182 [grpc-default-executor-2] INFO  impl.RaftServerImpl (RaftServerImpl.java:setRole(184)) - b9cfa588-8e56-4331-be2f-4c26f25c6739@group-21BA9BD4283D: changes role from  FOLLOWER to FOLLOWER at term 121 for recognizeCandidate:7c431f9d-51bc-458b-a3a6-511ec217d887
2019-10-17 06:47:50,183 [grpc-default-executor-4] INFO  impl.RoleInfo (RoleInfo.java:shutdownFollowerState(121)) - 67f35358-9777-4ff9-96f4-8a61bc3a94fe: shutdown FollowerState
2019-10-17 06:47:50,183 [grpc-default-executor-2] INFO  impl.RoleInfo (RoleInfo.java:shutdownFollowerState(121)) - b9cfa588-8e56-4331-be2f-4c26f25c6739: shutdown FollowerState
2019-10-17 06:47:50,183 [Thread-2011] INFO  impl.FollowerState (FollowerState.java:run(117)) - 67f35358-9777-4ff9-96f4-8a61bc3a94fe@group-21BA9BD4283D-FollowerState was interrupted: java.lang.InterruptedException: sleep interrupted
2019-10-17 06:47:50,183 [grpc-default-executor-4] INFO  impl.RoleInfo (RoleInfo.java:updateAndGet(143)) - 67f35358-9777-4ff9-96f4-8a61bc3a94fe: start FollowerState
2019-10-17 06:47:50,183 [Thread-2012] INFO  impl.FollowerState (FollowerState.java:run(117)) - b9cfa588-8e56-4331-be2f-4c26f25c6739@group-21BA9BD4283D-FollowerState was interrupted: java.lang.InterruptedException: sleep interrupted
2019-10-17 06:47:50,183 [grpc-default-executor-2] INFO  impl.RoleInfo (RoleInfo.java:updateAndGet(143)) - b9cfa588-8e56-4331-be2f-4c26f25c6739: start FollowerState
2019-10-17 06:47:50,197 [7c431f9d-51bc-458b-a3a6-511ec217d887@group-21BA9BD4283D-LeaderElection186] INFO  impl.LeaderElection (LeaderElection.java:logAndReturn(56)) - 7c431f9d-51bc-458b-a3a6-511ec217d887@group-21BA9BD4283D-LeaderElection186: Election REJECTED; received 2 response(s) [7c431f9d-51bc-458b-a3a6-511ec217d887<-67f35358-9777-4ff9-96f4-8a61bc3a94fe#0:FAIL-t121, 7c431f9d-51bc-458b-a3a6-511ec217d887<-b9cfa588-8e56-4331-be2f-4c26f25c6739#0:FAIL-t121] and 0 exception(s); 7c431f9d-51bc-458b-a3a6-511ec217d887@group-21BA9BD4283D:t121, leader=null, voted=7c431f9d-51bc-458b-a3a6-511ec217d887, raftlog=7c431f9d-51bc-458b-a3a6-511ec217d887@group-21BA9BD4283D-SegmentedRaftLog:OPENED:c-1,f-1,i0, conf=-1: [67f35358-9777-4ff9-96f4-8a61bc3a94fe:192.168.34.62:37037, 7c431f9d-51bc-458b-a3a6-511ec217d887:192.168.34.62:40420, b9cfa588-8e56-4331-be2f-4c26f25c6739:192.168.34.62:34777], old=null
2019-10-17 06:47:50,197 [7c431f9d-51bc-458b-a3a6-511ec217d887@group-21BA9BD4283D-LeaderElection186] INFO  impl.RaftServerImpl (RaftServerImpl.java:setRole(184)) - 7c431f9d-51bc-458b-a3a6-511ec217d887@group-21BA9BD4283D: changes role from CANDIDATE to FOLLOWER at term 121 for DISCOVERED_A_NEW_TERM
2019-10-17 06:47:50,197 [7c431f9d-51bc-458b-a3a6-511ec217d887@group-21BA9BD4283D-LeaderElection186] INFO  impl.RoleInfo (RoleInfo.java:shutdownLeaderElection(134)) - 7c431f9d-51bc-458b-a3a6-511ec217d887: shutdown LeaderElection
2019-10-17 06:47:50,197 [7c431f9d-51bc-458b-a3a6-511ec217d887@group-21BA9BD4283D-LeaderElection186] INFO  impl.RoleInfo (RoleInfo.java:updateAndGet(143)) - 7c431f9d-51bc-458b-a3a6-511ec217d887: start FollowerState
2019-10-17 06:47:50,242 [Thread-2019] INFO  impl.FollowerState (FollowerState.java:run(108)) - 7c431f9d-51bc-458b-a3a6-511ec217d887@group-21BA9BD4283D-FollowerState: change to CANDIDATE, lastRpcTime:44ms, electionTimeout:44ms
2019-10-17 06:47:50,242 [Thread-2019] INFO  impl.RoleInfo (RoleInfo.java:shutdownFollowerState(121)) - 7c431f9d-51bc-458b-a3a6-511ec217d887: shutdown FollowerState
2019-10-17 06:47:50,242 [Thread-2019] INFO  impl.RaftServerImpl (RaftServerImpl.java:setRole(184)) - 7c431f9d-51bc-458b-a3a6-511ec217d887@group-21BA9BD4283D: changes role from  FOLLOWER to CANDIDATE at term 121 for changeToCandidate
2019-10-17 06:47:50,242 [Thread-2019] INFO  impl.RoleInfo (RoleInfo.java:updateAndGet(143)) - 7c431f9d-51bc-458b-a3a6-511ec217d887: start LeaderElection
2019-10-17 06:47:50,253 [7c431f9d-51bc-458b-a3a6-511ec217d887@group-21BA9BD4283D-LeaderElection187] INFO  impl.LeaderElection (LeaderElection.java:askForVotes(178)) - 7c431f9d-51bc-458b-a3a6-511ec217d887@group-21BA9BD4283D-LeaderElection187: begin an election at term 122 for -1: [67f35358-9777-4ff9-96f4-8a61bc3a94fe:192.168.34.62:37037, 7c431f9d-51bc-458b-a3a6-511ec217d887:192.168.34.62:40420, b9cfa588-8e56-4331-be2f-4c26f25c6739:192.168.34.62:34777], old=null
2019-10-17 06:47:50,255 [grpc-default-executor-4] INFO  impl.RaftServerImpl (RaftServerImpl.java:setRole(184)) - b9cfa588-8e56-4331-be2f-4c26f25c6739@group-21BA9BD4283D: changes role from  FOLLOWER to FOLLOWER at term 122 for recognizeCandidate:7c431f9d-51bc-458b-a3a6-511ec217d887
2019-10-17 06:47:50,255 [grpc-default-executor-2] INFO  impl.RaftServerImpl (RaftServerImpl.java:setRole(184)) - 67f35358-9777-4ff9-96f4-8a61bc3a94fe@group-21BA9BD4283D: changes role from  FOLLOWER to FOLLOWER at term 122 for recognizeCandidate:7c431f9d-51bc-458b-a3a6-511ec217d887
2019-10-17 06:47:50,256 [grpc-default-executor-2] INFO  impl.RoleInfo (RoleInfo.java:shutdownFollowerState(121)) - 67f35358-9777-4ff9-96f4-8a61bc3a94fe: shutdown FollowerState
2019-10-17 06:47:50,255 [grpc-default-executor-4] INFO  impl.RoleInfo (RoleInfo.java:shutdownFollowerState(121)) - b9cfa588-8e56-4331-be2f-4c26f25c6739: shutdown FollowerState
2019-10-17 06:47:50,256 [Thread-2017] INFO  impl.FollowerState (FollowerState.java:run(117)) - 67f35358-9777-4ff9-96f4-8a61bc3a94fe@group-21BA9BD4283D-FollowerState was interrupted: java.lang.InterruptedException: sleep interrupted
2019-10-17 06:47:50,256 [grpc-default-executor-4] INFO  impl.RoleInfo (RoleInfo.java:updateAndGet(143)) - b9cfa588-8e56-4331-be2f-4c26f25c6739: start FollowerState
2019-10-17 06:47:50,256 [grpc-default-executor-2] INFO  impl.RoleInfo (RoleInfo.java:updateAndGet(143)) - 67f35358-9777-4ff9-96f4-8a61bc3a94fe: start FollowerState
2019-10-17 06:47:50,256 [Thread-2018] INFO  impl.FollowerState (FollowerState.java:run(117)) - b9cfa588-8e56-4331-be2f-4c26f25c6739@group-21BA9BD4283D-FollowerState was interrupted: java.lang.InterruptedException: sleep interrupted
2019-10-17 06:47:50,272 [7c431f9d-51bc-458b-a3a6-511ec217d887@group-21BA9BD4283D-LeaderElection187] INFO  impl.LeaderElection (LeaderElection.java:logAndReturn(56)) - 7c431f9d-51bc-458b-a3a6-511ec217d887@group-21BA9BD4283D-LeaderElection187: Election REJECTED; received 2 response(s) [7c431f9d-51bc-458b-a3a6-511ec217d887<-67f35358-9777-4ff9-96f4-8a61bc3a94fe#0:FAIL-t122, 7c431f9d-51bc-458b-a3a6-511ec217d887<-b9cfa588-8e56-4331-be2f-4c26f25c6739#0:FAIL-t122] and 0 exception(s); 7c431f9d-51bc-458b-a3a6-511ec217d887@group-21BA9BD4283D:t122, leader=null, voted=7c431f9d-51bc-458b-a3a6-511ec217d887, raftlog=7c431f9d-51bc-458b-a3a6-511ec217d887@group-21BA9BD4283D-SegmentedRaftLog:OPENED:c-1,f-1,i0, conf=-1: [67f35358-9777-4ff9-96f4-8a61bc3a94fe:192.168.34.62:37037, 7c431f9d-51bc-458b-a3a6-511ec217d887:192.168.34.62:40420, b9cfa588-8e56-4331-be2f-4c26f25c6739:192.168.34.62:34777], old=null
2019-10-17 06:47:50,273 [7c431f9d-51bc-458b-a3a6-511ec217d887@group-21BA9BD4283D-LeaderElection187] INFO  impl.RaftServerImpl (RaftServerImpl.java:setRole(184)) - 7c431f9d-51bc-458b-a3a6-511ec217d887@group-21BA9BD4283D: changes role from CANDIDATE to FOLLOWER at term 122 for DISCOVERED_A_NEW_TERM
2019-10-17 06:47:50,273 [7c431f9d-51bc-458b-a3a6-511ec217d887@group-21BA9BD4283D-LeaderElection187] INFO  impl.RoleInfo (RoleInfo.java:shutdownLeaderElection(134)) - 7c431f9d-51bc-458b-a3a6-511ec217d887: shutdown LeaderElection
2019-10-17 06:47:50,273 [7c431f9d-51bc-458b-a3a6-511ec217d887@group-21BA9BD4283D-LeaderElection187] INFO  impl.RoleInfo (RoleInfo.java:updateAndGet(143)) - 7c431f9d-51bc-458b-a3a6-511ec217d887: start FollowerState
2019-10-17 06:47:50,397 [Thread-2025] INFO  impl.FollowerState (FollowerState.java:run(108)) - 7c431f9d-51bc-458b-a3a6-511ec217d887@group-21BA9BD4283D-FollowerState: change to CANDIDATE, lastRpcTime:123ms, electionTimeout:123ms
2019-10-17 06:47:50,397 [Thread-2025] INFO  impl.RoleInfo (RoleInfo.java:shutdownFollowerState(121)) - 7c431f9d-51bc-458b-a3a6-511ec217d887: shutdown FollowerState
2019-10-17 06:47:50,397 [Thread-2025] INFO  impl.RaftServerImpl (RaftServerImpl.java:setRole(184)) - 7c431f9d-51bc-458b-a3a6-511ec217d887@group-21BA9BD4283D: changes role from  FOLLOWER to CANDIDATE at term 122 for changeToCandidate
2019-10-17 06:47:50,397 [Thread-2025] INFO  impl.RoleInfo (RoleInfo.java:updateAndGet(143)) - 7c431f9d-51bc-458b-a3a6-511ec217d887: start LeaderElection
2019-10-17 06:47:50,410 [7c431f9d-51bc-458b-a3a6-511ec217d887@group-21BA9BD4283D-LeaderElection188] INFO  impl.LeaderElection (LeaderElection.java:askForVotes(178)) - 7c431f9d-51bc-458b-a3a6-511ec217d887@group-21BA9BD4283D-LeaderElection188: begin an election at term 123 for -1: [67f35358-9777-4ff9-96f4-8a61bc3a94fe:192.168.34.62:37037, 7c431f9d-51bc-458b-a3a6-511ec217d887:192.168.34.62:40420, b9cfa588-8e56-4331-be2f-4c26f25c6739:192.168.34.62:34777], old=null
2019-10-17 06:47:50,412 [grpc-default-executor-4] INFO  impl.RaftServerImpl (RaftServerImpl.java:setRole(184)) - 67f35358-9777-4ff9-96f4-8a61bc3a94fe@group-21BA9BD4283D: changes role from  FOLLOWER to FOLLOWER at term 123 for recognizeCandidate:7c431f9d-51bc-458b-a3a6-511ec217d887
2019-10-17 06:47:50,412 [grpc-default-executor-4] INFO  impl.RoleInfo (RoleInfo.java:shutdownFollowerState(121)) - 67f35358-9777-4ff9-96f4-8a61bc3a94fe: shutdown FollowerState
2019-10-17 06:47:50,412 [grpc-default-executor-2] INFO  impl.RaftServerImpl (RaftServerImpl.java:setRole(184)) - b9cfa588-8e56-4331-be2f-4c26f25c6739@group-21BA9BD4283D: changes role from  FOLLOWER to FOLLOWER at term 123 for recognizeCandidate:7c431f9d-51bc-458b-a3a6-511ec217d887
2019-10-17 06:47:50,412 [grpc-default-executor-2] INFO  impl.RoleInfo (RoleInfo.java:shutdownFollowerState(121)) - b9cfa588-8e56-4331-be2f-4c26f25c6739: shutdown FollowerState
2019-10-17 06:47:50,412 [Thread-2023] INFO  impl.FollowerState (FollowerState.java:run(117)) - 67f35358-9777-4ff9-96f4-8a61bc3a94fe@group-21BA9BD4283D-FollowerState was interrupted: java.lang.InterruptedException: sleep interrupted
2019-10-17 06:47:50,412 [Thread-2024] INFO  impl.FollowerState (FollowerState.java:run(117)) - b9cfa588-8e56-4331-be2f-4c26f25c6739@group-21BA9BD4283D-FollowerState was interrupted: java.lang.InterruptedException: sleep interrupted
2019-10-17 06:47:50,412 [grpc-default-executor-4] INFO  impl.RoleInfo (RoleInfo.java:updateAndGet(143)) - 67f35358-9777-4ff9-96f4-8a61bc3a94fe: start FollowerState
2019-10-17 06:47:50,412 [grpc-default-executor-2] INFO  impl.RoleInfo (RoleInfo.java:updateAndGet(143)) - b9cfa588-8e56-4331-be2f-4c26f25c6739: start FollowerState
2019-10-17 06:47:50,427 [7c431f9d-51bc-458b-a3a6-511ec217d887@group-21BA9BD4283D-LeaderElection188] INFO  impl.LeaderElection (LeaderElection.java:logAndReturn(56)) - 7c431f9d-51bc-458b-a3a6-511ec217d887@group-21BA9BD4283D-LeaderElection188: Election REJECTED; received 2 response(s) [7c431f9d-51bc-458b-a3a6-511ec217d887<-67f35358-9777-4ff9-96f4-8a61bc3a94fe#0:FAIL-t123, 7c431f9d-51bc-458b-a3a6-511ec217d887<-b9cfa588-8e56-4331-be2f-4c26f25c6739#0:FAIL-t123] and 0 exception(s); 7c431f9d-51bc-458b-a3a6-511ec217d887@group-21BA9BD4283D:t123, leader=null, voted=7c431f9d-51bc-458b-a3a6-511ec217d887, raftlog=7c431f9d-51bc-458b-a3a6-511ec217d887@group-21BA9BD4283D-SegmentedRaftLog:OPENED:c-1,f-1,i0, conf=-1: [67f35358-9777-4ff9-96f4-8a61bc3a94fe:192.168.34.62:37037, 7c431f9d-51bc-458b-a3a6-511ec217d887:192.168.34.62:40420, b9cfa588-8e56-4331-be2f-4c26f25c6739:192.168.34.62:34777], old=null
2019-10-17 06:47:50,427 [7c431f9d-51bc-458b-a3a6-511ec217d887@group-21BA9BD4283D-LeaderElection188] INFO  impl.RaftServerImpl (RaftServerImpl.java:setRole(184)) - 7c431f9d-51bc-458b-a3a6-511ec217d887@group-21BA9BD4283D: changes role from CANDIDATE to FOLLOWER at term 123 for DISCOVERED_A_NEW_TERM
2019-10-17 06:47:50,427 [7c431f9d-51bc-458b-a3a6-511ec217d887@group-21BA9BD4283D-LeaderElection188] INFO  impl.RoleInfo (RoleInfo.java:shutdownLeaderElection(134)) - 7c431f9d-51bc-458b-a3a6-511ec217d887: shutdown LeaderElection
2019-10-17 06:47:50,427 [7c431f9d-51bc-458b-a3a6-511ec217d887@group-21BA9BD4283D-LeaderElection188] INFO  impl.RoleInfo (RoleInfo.java:updateAndGet(143)) - 7c431f9d-51bc-458b-a3a6-511ec217d887: start FollowerState
2019-10-17 06:47:50,586 [Thread-2031] INFO  impl.FollowerState (FollowerState.java:run(108)) - 7c431f9d-51bc-458b-a3a6-511ec217d887@group-21BA9BD4283D-FollowerState: change to CANDIDATE, lastRpcTime:159ms, electionTimeout:159ms
2019-10-17 06:47:50,587 [Thread-2031] INFO  impl.RoleInfo (RoleInfo.java:shutdownFollowerState(121)) - 7c431f9d-51bc-458b-a3a6-511ec217d887: shutdown FollowerState
2019-10-17 06:47:50,587 [Thread-2031] INFO  impl.RaftServerImpl (RaftServerImpl.java:setRole(184)) - 7c431f9d-51bc-458b-a3a6-511ec217d887@group-21BA9BD4283D: changes role from  FOLLOWER to CANDIDATE at term 123 for changeToCandidate
2019-10-17 06:47:50,587 [Thread-2031] INFO  impl.RoleInfo (RoleInfo.java:updateAndGet(143)) - 7c431f9d-51bc-458b-a3a6-511ec217d887: start LeaderElection
2019-10-17 06:47:50,601 [7c431f9d-51bc-458b-a3a6-511ec217d887@group-21BA9BD4283D-LeaderElection189] INFO  impl.LeaderElection (LeaderElection.java:askForVotes(178)) - 7c431f9d-51bc-458b-a3a6-511ec217d887@group-21BA9BD4283D-LeaderElection189: begin an election at term 124 for -1: [67f35358-9777-4ff9-96f4-8a61bc3a94fe:192.168.34.62:37037, 7c431f9d-51bc-458b-a3a6-511ec217d887:192.168.34.62:40420, b9cfa588-8e56-4331-be2f-4c26f25c6739:192.168.34.62:34777], old=null
2019-10-17 06:47:50,603 [grpc-default-executor-3] INFO  impl.RaftServerImpl (RaftServerImpl.java:setRole(184)) - b9cfa588-8e56-4331-be2f-4c26f25c6739@group-21BA9BD4283D: changes role from  FOLLOWER to FOLLOWER at term 124 for recognizeCandidate:7c431f9d-51bc-458b-a3a6-511ec217d887
2019-10-17 06:47:50,603 [grpc-default-executor-4] INFO  impl.RaftServerImpl (RaftServerImpl.java:setRole(184)) - 67f35358-9777-4ff9-96f4-8a61bc3a94fe@group-21BA9BD4283D: changes role from  FOLLOWER to FOLLOWER at term 124 for recognizeCandidate:7c431f9d-51bc-458b-a3a6-511ec217d887
2019-10-17 06:47:50,603 [grpc-default-executor-3] INFO  impl.RoleInfo (RoleInfo.java:shutdownFollowerState(121)) - b9cfa588-8e56-4331-be2f-4c26f25c6739: shutdown FollowerState
2019-10-17 06:47:50,603 [grpc-default-executor-4] INFO  impl.RoleInfo (RoleInfo.java:shutdownFollowerState(121)) - 67f35358-9777-4ff9-96f4-8a61bc3a94fe: shutdown FollowerState
2019-10-17 06:47:50,604 [Thread-2030] INFO  impl.FollowerState (FollowerState.java:run(117)) - b9cfa588-8e56-4331-be2f-4c26f25c6739@group-21BA9BD4283D-FollowerState was interrupted: java.lang.InterruptedException: sleep interrupted
2019-10-17 06:47:50,604 [grpc-default-executor-3] INFO  impl.RoleInfo (RoleInfo.java:updateAndGet(143)) - b9cfa588-8e56-4331-be2f-4c26f25c6739: start FollowerState
2019-10-17 06:47:50,604 [Thread-2029] INFO  impl.FollowerState (FollowerState.java:run(117)) - 67f35358-9777-4ff9-96f4-8a61bc3a94fe@group-21BA9BD4283D-FollowerState was interrupted: java.lang.InterruptedException: sleep interrupted
2019-10-17 06:47:50,604 [grpc-default-executor-4] INFO  impl.RoleInfo (RoleInfo.java:updateAndGet(143)) - 67f35358-9777-4ff9-96f4-8a61bc3a94fe: start FollowerState
2019-10-17 06:47:50,627 [7c431f9d-51bc-458b-a3a6-511ec217d887@group-21BA9BD4283D-LeaderElection189] INFO  impl.LeaderElection (LeaderElection.java:logAndReturn(56)) - 7c431f9d-51bc-458b-a3a6-511ec217d887@group-21BA9BD4283D-LeaderElection189: Election REJECTED; received 2 response(s) [7c431f9d-51bc-458b-a3a6-511ec217d887<-67f35358-9777-4ff9-96f4-8a61bc3a94fe#0:FAIL-t124, 7c431f9d-51bc-458b-a3a6-511ec217d887<-b9cfa588-8e56-4331-be2f-4c26f25c6739#0:FAIL-t124] and 0 exception(s); 7c431f9d-51bc-458b-a3a6-511ec217d887@group-21BA9BD4283D:t124, leader=null, voted=7c431f9d-51bc-458b-a3a6-511ec217d887, raftlog=7c431f9d-51bc-458b-a3a6-511ec217d887@group-21BA9BD4283D-SegmentedRaftLog:OPENED:c-1,f-1,i0, conf=-1: [67f35358-9777-4ff9-96f4-8a61bc3a94fe:192.168.34.62:37037, 7c431f9d-51bc-458b-a3a6-511ec217d887:192.168.34.62:40420, b9cfa588-8e56-4331-be2f-4c26f25c6739:192.168.34.62:34777], old=null
2019-10-17 06:47:50,627 [7c431f9d-51bc-458b-a3a6-511ec217d887@group-21BA9BD4283D-LeaderElection189] INFO  impl.RaftServerImpl (RaftServerImpl.java:setRole(184)) - 7c431f9d-51bc-458b-a3a6-511ec217d887@group-21BA9BD4283D: changes role from CANDIDATE to FOLLOWER at term 124 for DISCOVERED_A_NEW_TERM
2019-10-17 06:47:50,627 [7c431f9d-51bc-458b-a3a6-511ec217d887@group-21BA9BD4283D-LeaderElection189] INFO  impl.RoleInfo (RoleInfo.java:shutdownLeaderElection(134)) - 7c431f9d-51bc-458b-a3a6-511ec217d887: shutdown LeaderElection
2019-10-17 06:47:50,627 [7c431f9d-51bc-458b-a3a6-511ec217d887@group-21BA9BD4283D-LeaderElection189] INFO  impl.RoleInfo (RoleInfo.java:updateAndGet(143)) - 7c431f9d-51bc-458b-a3a6-511ec217d887: start FollowerState
2019-10-17 06:47:50,678 [Thread-2037] INFO  impl.FollowerState (FollowerState.java:run(108)) - 7c431f9d-51bc-458b-a3a6-511ec217d887@group-21BA9BD4283D-FollowerState: change to CANDIDATE, lastRpcTime:50ms, electionTimeout:50ms
2019-10-17 06:47:50,678 [Thread-2037] INFO  impl.RoleInfo (RoleInfo.java:shutdownFollowerState(121)) - 7c431f9d-51bc-458b-a3a6-511ec217d887: shutdown FollowerState
2019-10-17 06:47:50,678 [Thread-2037] INFO  impl.RaftServerImpl (RaftServerImpl.java:setRole(184)) - 7c431f9d-51bc-458b-a3a6-511ec217d887@group-21BA9BD4283D: changes role from  FOLLOWER to CANDIDATE at term 124 for changeToCandidate
2019-10-17 06:47:50,678 [Thread-2037] INFO  impl.RoleInfo (RoleInfo.java:updateAndGet(143)) - 7c431f9d-51bc-458b-a3a6-511ec217d887: start LeaderElection
2019-10-17 06:47:50,692 [7c431f9d-51bc-458b-a3a6-511ec217d887@group-21BA9BD4283D-LeaderElection190] INFO  impl.LeaderElection (LeaderElection.java:askForVotes(178)) - 7c431f9d-51bc-458b-a3a6-511ec217d887@group-21BA9BD4283D-LeaderElection190: begin an election at term 125 for -1: [67f35358-9777-4ff9-96f4-8a61bc3a94fe:192.168.34.62:37037, 7c431f9d-51bc-458b-a3a6-511ec217d887:192.168.34.62:40420, b9cfa588-8e56-4331-be2f-4c26f25c6739:192.168.34.62:34777], old=null
2019-10-17 06:47:50,694 [grpc-default-executor-3] INFO  impl.RaftServerImpl (RaftServerImpl.java:setRole(184)) - b9cfa588-8e56-4331-be2f-4c26f25c6739@group-21BA9BD4283D: changes role from  FOLLOWER to FOLLOWER at term 125 for recognizeCandidate:7c431f9d-51bc-458b-a3a6-511ec217d887
2019-10-17 06:47:50,694 [grpc-default-executor-4] INFO  impl.RaftServerImpl (RaftServerImpl.java:setRole(184)) - 67f35358-9777-4ff9-96f4-8a61bc3a94fe@group-21BA9BD4283D: changes role from  FOLLOWER to FOLLOWER at term 125 for recognizeCandidate:7c431f9d-51bc-458b-a3a6-511ec217d887
2019-10-17 06:47:50,694 [grpc-default-executor-3] INFO  impl.RoleInfo (RoleInfo.java:shutdownFollowerState(121)) - b9cfa588-8e56-4331-be2f-4c26f25c6739: shutdown FollowerState
2019-10-17 06:47:50,694 [grpc-default-executor-4] INFO  impl.RoleInfo (RoleInfo.java:shutdownFollowerState(121)) - 67f35358-9777-4ff9-96f4-8a61bc3a94fe: shutdown FollowerState
2019-10-17 06:47:50,694 [grpc-default-executor-3] INFO  impl.RoleInfo (RoleInfo.java:updateAndGet(143)) - b9cfa588-8e56-4331-be2f-4c26f25c6739: start FollowerState
2019-10-17 06:47:50,695 [Thread-2036] INFO  impl.FollowerState (FollowerState.java:run(117)) - 67f35358-9777-4ff9-96f4-8a61bc3a94fe@group-21BA9BD4283D-FollowerState was interrupted: java.lang.InterruptedException: sleep interrupted
2019-10-17 06:47:50,695 [grpc-default-executor-4] INFO  impl.RoleInfo (RoleInfo.java:updateAndGet(143)) - 67f35358-9777-4ff9-96f4-8a61bc3a94fe: start FollowerState
2019-10-17 06:47:50,695 [Thread-2035] INFO  impl.FollowerState (FollowerState.java:run(117)) - b9cfa588-8e56-4331-be2f-4c26f25c6739@group-21BA9BD4283D-FollowerState was interrupted: java.lang.InterruptedException: sleep interrupted
2019-10-17 06:47:50,719 [7c431f9d-51bc-458b-a3a6-511ec217d887@group-21BA9BD4283D-LeaderElection190] INFO  impl.LeaderElection (LeaderElection.java:logAndReturn(56)) - 7c431f9d-51bc-458b-a3a6-511ec217d887@group-21BA9BD4283D-LeaderElection190: Election REJECTED; received 2 response(s) [7c431f9d-51bc-458b-a3a6-511ec217d887<-67f35358-9777-4ff9-96f4-8a61bc3a94fe#0:FAIL-t125, 7c431f9d-51bc-458b-a3a6-511ec217d887<-b9cfa588-8e56-4331-be2f-4c26f25c6739#0:FAIL-t125] and 0 exception(s); 7c431f9d-51bc-458b-a3a6-511ec217d887@group-21BA9BD4283D:t125, leader=null, voted=7c431f9d-51bc-458b-a3a6-511ec217d887, raftlog=7c431f9d-51bc-458b-a3a6-511ec217d887@group-21BA9BD4283D-SegmentedRaftLog:OPENED:c-1,f-1,i0, conf=-1: [67f35358-9777-4ff9-96f4-8a61bc3a94fe:192.168.34.62:37037, 7c431f9d-51bc-458b-a3a6-511ec217d887:192.168.34.62:40420, b9cfa588-8e56-4331-be2f-4c26f25c6739:192.168.34.62:34777], old=null
2019-10-17 06:47:50,720 [7c431f9d-51bc-458b-a3a6-511ec217d887@group-21BA9BD4283D-LeaderElection190] INFO  impl.RaftServerImpl (RaftServerImpl.java:setRole(184)) - 7c431f9d-51bc-458b-a3a6-511ec217d887@group-21BA9BD4283D: changes role from CANDIDATE to FOLLOWER at term 125 for DISCOVERED_A_NEW_TERM
2019-10-17 06:47:50,720 [7c431f9d-51bc-458b-a3a6-511ec217d887@group-21BA9BD4283D-LeaderElection190] INFO  impl.RoleInfo (RoleInfo.java:shutdownLeaderElection(134)) - 7c431f9d-51bc-458b-a3a6-511ec217d887: shutdown LeaderElection
2019-10-17 06:47:50,720 [7c431f9d-51bc-458b-a3a6-511ec217d887@group-21BA9BD4283D-LeaderElection190] INFO  impl.RoleInfo (RoleInfo.java:updateAndGet(143)) - 7c431f9d-51bc-458b-a3a6-511ec217d887: start FollowerState
2019-10-17 06:47:50,728 [Thread-2043] INFO  impl.FollowerState (FollowerState.java:run(108)) - 7c431f9d-51bc-458b-a3a6-511ec217d887@group-21BA9BD4283D-FollowerState: change to CANDIDATE, lastRpcTime:8ms, electionTimeout:8ms
2019-10-17 06:47:50,728 [Thread-2043] INFO  impl.RoleInfo (RoleInfo.java:shutdownFollowerState(121)) - 7c431f9d-51bc-458b-a3a6-511ec217d887: shutdown FollowerState
2019-10-17 06:47:50,728 [Thread-2043] INFO  impl.RaftServerImpl (RaftServerImpl.java:setRole(184)) - 7c431f9d-51bc-458b-a3a6-511ec217d887@group-21BA9BD4283D: changes role from  FOLLOWER to CANDIDATE at term 125 for changeToCandidate
2019-10-17 06:47:50,728 [Thread-2043] INFO  impl.RoleInfo (RoleInfo.java:updateAndGet(143)) - 7c431f9d-51bc-458b-a3a6-511ec217d887: start LeaderElection
2019-10-17 06:47:50,765 [7c431f9d-51bc-458b-a3a6-511ec217d887@group-21BA9BD4283D-LeaderElection191] INFO  impl.LeaderElection (LeaderElection.java:askForVotes(178)) - 7c431f9d-51bc-458b-a3a6-511ec217d887@group-21BA9BD4283D-LeaderElection191: begin an election at term 126 for -1: [67f35358-9777-4ff9-96f4-8a61bc3a94fe:192.168.34.62:37037, 7c431f9d-51bc-458b-a3a6-511ec217d887:192.168.34.62:40420, b9cfa588-8e56-4331-be2f-4c26f25c6739:192.168.34.62:34777], old=null
2019-10-17 06:47:50,767 [grpc-default-executor-3] INFO  impl.RaftServerImpl (RaftServerImpl.java:setRole(184)) - 67f35358-9777-4ff9-96f4-8a61bc3a94fe@group-21BA9BD4283D: changes role from  FOLLOWER to FOLLOWER at term 126 for recognizeCandidate:7c431f9d-51bc-458b-a3a6-511ec217d887
2019-10-17 06:47:50,767 [grpc-default-executor-3] INFO  impl.RoleInfo (RoleInfo.java:shutdownFollowerState(121)) - 67f35358-9777-4ff9-96f4-8a61bc3a94fe: shutdown FollowerState
2019-10-17 06:47:50,767 [grpc-default-executor-4] INFO  impl.RaftServerImpl (RaftServerImpl.java:setRole(184)) - b9cfa588-8e56-4331-be2f-4c26f25c6739@group-21BA9BD4283D: changes role from  FOLLOWER to FOLLOWER at term 126 for recognizeCandidate:7c431f9d-51bc-458b-a3a6-511ec217d887
2019-10-17 06:47:50,767 [Thread-2042] INFO  impl.FollowerState (FollowerState.java:run(117)) - 67f35358-9777-4ff9-96f4-8a61bc3a94fe@group-21BA9BD4283D-FollowerState was interrupted: java.lang.InterruptedException: sleep interrupted
2019-10-17 06:47:50,767 [grpc-default-executor-3] INFO  impl.RoleInfo (RoleInfo.java:updateAndGet(143)) - 67f35358-9777-4ff9-96f4-8a61bc3a94fe: start FollowerState
2019-10-17 06:47:50,767 [grpc-default-executor-4] INFO  impl.RoleInfo (RoleInfo.java:shutdownFollowerState(121)) - b9cfa588-8e56-4331-be2f-4c26f25c6739: shutdown FollowerState
2019-10-17 06:47:50,767 [Thread-2041] INFO  impl.FollowerState (FollowerState.java:run(117)) - b9cfa588-8e56-4331-be2f-4c26f25c6739@group-21BA9BD4283D-FollowerState was interrupted: java.lang.InterruptedException: sleep interrupted
2019-10-17 06:47:50,767 [grpc-default-executor-4] INFO  impl.RoleInfo (RoleInfo.java:updateAndGet(143)) - b9cfa588-8e56-4331-be2f-4c26f25c6739: start FollowerState
2019-10-17 06:47:50,785 [7c431f9d-51bc-458b-a3a6-511ec217d887@group-21BA9BD4283D-LeaderElection191] INFO  impl.LeaderElection (LeaderElection.java:logAndReturn(56)) - 7c431f9d-51bc-458b-a3a6-511ec217d887@group-21BA9BD4283D-LeaderElection191: Election REJECTED; received 2 response(s) [7c431f9d-51bc-458b-a3a6-511ec217d887<-67f35358-9777-4ff9-96f4-8a61bc3a94fe#0:FAIL-t126, 7c431f9d-51bc-458b-a3a6-511ec217d887<-b9cfa588-8e56-4331-be2f-4c26f25c6739#0:FAIL-t126] and 0 exception(s); 7c431f9d-51bc-458b-a3a6-511ec217d887@group-21BA9BD4283D:t126, leader=null, voted=7c431f9d-51bc-458b-a3a6-511ec217d887, raftlog=7c431f9d-51bc-458b-a3a6-511ec217d887@group-21BA9BD4283D-SegmentedRaftLog:OPENED:c-1,f-1,i0, conf=-1: [67f35358-9777-4ff9-96f4-8a61bc3a94fe:192.168.34.62:37037, 7c431f9d-51bc-458b-a3a6-511ec217d887:192.168.34.62:40420, b9cfa588-8e56-4331-be2f-4c26f25c6739:192.168.34.62:34777], old=null
2019-10-17 06:47:50,785 [7c431f9d-51bc-458b-a3a6-511ec217d887@group-21BA9BD4283D-LeaderElection191] INFO  impl.RaftServerImpl (RaftServerImpl.java:setRole(184)) - 7c431f9d-51bc-458b-a3a6-511ec217d887@group-21BA9BD4283D: changes role from CANDIDATE to FOLLOWER at term 126 for DISCOVERED_A_NEW_TERM
2019-10-17 06:47:50,785 [7c431f9d-51bc-458b-a3a6-511ec217d887@group-21BA9BD4283D-LeaderElection191] INFO  impl.RoleInfo (RoleInfo.java:shutdownLeaderElection(134)) - 7c431f9d-51bc-458b-a3a6-511ec217d887: shutdown LeaderElection
2019-10-17 06:47:50,785 [7c431f9d-51bc-458b-a3a6-511ec217d887@group-21BA9BD4283D-LeaderElection191] INFO  impl.RoleInfo (RoleInfo.java:updateAndGet(143)) - 7c431f9d-51bc-458b-a3a6-511ec217d887: start FollowerState
2019-10-17 06:47:50,787 [Thread-2049] INFO  impl.FollowerState (FollowerState.java:run(108)) - 7c431f9d-51bc-458b-a3a6-511ec217d887@group-21BA9BD4283D-FollowerState: change to CANDIDATE, lastRpcTime:2ms, electionTimeout:2ms
2019-10-17 06:47:50,788 [Thread-2049] INFO  impl.RoleInfo (RoleInfo.java:shutdownFollowerState(121)) - 7c431f9d-51bc-458b-a3a6-511ec217d887: shutdown FollowerState
2019-10-17 06:47:50,788 [Thread-2049] INFO  impl.RaftServerImpl (RaftServerImpl.java:setRole(184)) - 7c431f9d-51bc-458b-a3a6-511ec217d887@group-21BA9BD4283D: changes role from  FOLLOWER to CANDIDATE at term 126 for changeToCandidate
2019-10-17 06:47:50,788 [Thread-2049] INFO  impl.RoleInfo (RoleInfo.java:updateAndGet(143)) - 7c431f9d-51bc-458b-a3a6-511ec217d887: start LeaderElection
2019-10-17 06:47:50,801 [7c431f9d-51bc-458b-a3a6-511ec217d887@group-21BA9BD4283D-LeaderElection192] INFO  impl.LeaderElection (LeaderElection.java:askForVotes(178)) - 7c431f9d-51bc-458b-a3a6-511ec217d887@group-21BA9BD4283D-LeaderElection192: begin an election at term 127 for -1: [67f35358-9777-4ff9-96f4-8a61bc3a94fe:192.168.34.62:37037, 7c431f9d-51bc-458b-a3a6-511ec217d887:192.168.34.62:40420, b9cfa588-8e56-4331-be2f-4c26f25c6739:192.168.34.62:34777], old=null
2019-10-17 06:47:50,803 [grpc-default-executor-3] INFO  impl.RaftServerImpl (RaftServerImpl.java:setRole(184)) - 67f35358-9777-4ff9-96f4-8a61bc3a94fe@group-21BA9BD4283D: changes role from  FOLLOWER to FOLLOWER at term 127 for recognizeCandidate:7c431f9d-51bc-458b-a3a6-511ec217d887
2019-10-17 06:47:50,803 [grpc-default-executor-3] INFO  impl.RoleInfo (RoleInfo.java:shutdownFollowerState(121)) - 67f35358-9777-4ff9-96f4-8a61bc3a94fe: shutdown FollowerState
2019-10-17 06:47:50,803 [grpc-default-executor-3] INFO  impl.RoleInfo (RoleInfo.java:updateAndGet(143)) - 67f35358-9777-4ff9-96f4-8a61bc3a94fe: start FollowerState
2019-10-17 06:47:50,803 [Thread-2047] INFO  impl.FollowerState (FollowerState.java:run(117)) - 67f35358-9777-4ff9-96f4-8a61bc3a94fe@group-21BA9BD4283D-FollowerState was interrupted: java.lang.InterruptedException: sleep interrupted
2019-10-17 06:47:50,804 [grpc-default-executor-4] INFO  impl.RaftServerImpl (RaftServerImpl.java:setRole(184)) - b9cfa588-8e56-4331-be2f-4c26f25c6739@group-21BA9BD4283D: changes role from  FOLLOWER to FOLLOWER at term 127 for recognizeCandidate:7c431f9d-51bc-458b-a3a6-511ec217d887
2019-10-17 06:47:50,804 [grpc-default-executor-4] INFO  impl.RoleInfo (RoleInfo.java:shutdownFollowerState(121)) - b9cfa588-8e56-4331-be2f-4c26f25c6739: shutdown FollowerState
2019-10-17 06:47:50,804 [grpc-default-executor-4] INFO  impl.RoleInfo (RoleInfo.java:updateAndGet(143)) - b9cfa588-8e56-4331-be2f-4c26f25c6739: start FollowerState
2019-10-17 06:47:50,804 [Thread-2048] INFO  impl.FollowerState (FollowerState.java:run(117)) - b9cfa588-8e56-4331-be2f-4c26f25c6739@group-21BA9BD4283D-FollowerState was interrupted: java.lang.InterruptedException: sleep interrupted
2019-10-17 06:47:50,824 [7c431f9d-51bc-458b-a3a6-511ec217d887@group-21BA9BD4283D-LeaderElection192] INFO  impl.LeaderElection (LeaderElection.java:logAndReturn(56)) - 7c431f9d-51bc-458b-a3a6-511ec217d887@group-21BA9BD4283D-LeaderElection192: Election REJECTED; received 2 response(s) [7c431f9d-51bc-458b-a3a6-511ec217d887<-67f35358-9777-4ff9-96f4-8a61bc3a94fe#0:FAIL-t127, 7c431f9d-51bc-458b-a3a6-511ec217d887<-b9cfa588-8e56-4331-be2f-4c26f25c6739#0:FAIL-t127] and 0 exception(s); 7c431f9d-51bc-458b-a3a6-511ec217d887@group-21BA9BD4283D:t127, leader=null, voted=7c431f9d-51bc-458b-a3a6-511ec217d887, raftlog=7c431f9d-51bc-458b-a3a6-511ec217d887@group-21BA9BD4283D-SegmentedRaftLog:OPENED:c-1,f-1,i0, conf=-1: [67f35358-9777-4ff9-96f4-8a61bc3a94fe:192.168.34.62:37037, 7c431f9d-51bc-458b-a3a6-511ec217d887:192.168.34.62:40420, b9cfa588-8e56-4331-be2f-4c26f25c6739:192.168.34.62:34777], old=null
2019-10-17 06:47:50,824 [7c431f9d-51bc-458b-a3a6-511ec217d887@group-21BA9BD4283D-LeaderElection192] INFO  impl.RaftServerImpl (RaftServerImpl.java:setRole(184)) - 7c431f9d-51bc-458b-a3a6-511ec217d887@group-21BA9BD4283D: changes role from CANDIDATE to FOLLOWER at term 127 for DISCOVERED_A_NEW_TERM
2019-10-17 06:47:50,824 [7c431f9d-51bc-458b-a3a6-511ec217d887@group-21BA9BD4283D-LeaderElection192] INFO  impl.RoleInfo (RoleInfo.java:shutdownLeaderElection(134)) - 7c431f9d-51bc-458b-a3a6-511ec217d887: shutdown LeaderElection
2019-10-17 06:47:50,824 [7c431f9d-51bc-458b-a3a6-511ec217d887@group-21BA9BD4283D-LeaderElection192] INFO  impl.RoleInfo (RoleInfo.java:updateAndGet(143)) - 7c431f9d-51bc-458b-a3a6-511ec217d887: start FollowerState
2019-10-17 06:47:50,842 [Thread-2055] INFO  impl.FollowerState (FollowerState.java:run(108)) - 7c431f9d-51bc-458b-a3a6-511ec217d887@group-21BA9BD4283D-FollowerState: change to CANDIDATE, lastRpcTime:17ms, electionTimeout:17ms
2019-10-17 06:47:50,842 [Thread-2055] INFO  impl.RoleInfo (RoleInfo.java:shutdownFollowerState(121)) - 7c431f9d-51bc-458b-a3a6-511ec217d887: shutdown FollowerState
2019-10-17 06:47:50,842 [Thread-2055] INFO  impl.RaftServerImpl (RaftServerImpl.java:setRole(184)) - 7c431f9d-51bc-458b-a3a6-511ec217d887@group-21BA9BD4283D: changes role from  FOLLOWER to CANDIDATE at term 127 for changeToCandidate
2019-10-17 06:47:50,842 [Thread-2055] INFO  impl.RoleInfo (RoleInfo.java:updateAndGet(143)) - 7c431f9d-51bc-458b-a3a6-511ec217d887: start LeaderElection
2019-10-17 06:47:50,866 [7c431f9d-51bc-458b-a3a6-511ec217d887@group-21BA9BD4283D-LeaderElection193] INFO  impl.LeaderElection (LeaderElection.java:askForVotes(178)) - 7c431f9d-51bc-458b-a3a6-511ec217d887@group-21BA9BD4283D-LeaderElection193: begin an election at term 128 for -1: [67f35358-9777-4ff9-96f4-8a61bc3a94fe:192.168.34.62:37037, 7c431f9d-51bc-458b-a3a6-511ec217d887:192.168.34.62:40420, b9cfa588-8e56-4331-be2f-4c26f25c6739:192.168.34.62:34777], old=null
2019-10-17 06:47:50,868 [grpc-default-executor-3] INFO  impl.RaftServerImpl (RaftServerImpl.java:setRole(184)) - 67f35358-9777-4ff9-96f4-8a61bc3a94fe@group-21BA9BD4283D: changes role from  FOLLOWER to FOLLOWER at term 128 for recognizeCandidate:7c431f9d-51bc-458b-a3a6-511ec217d887
2019-10-17 06:47:50,868 [grpc-default-executor-3] INFO  impl.RoleInfo (RoleInfo.java:shutdownFollowerState(121)) - 67f35358-9777-4ff9-96f4-8a61bc3a94fe: shutdown FollowerState
2019-10-17 06:47:50,868 [grpc-default-executor-4] INFO  impl.RaftServerImpl (RaftServerImpl.java:setRole(184)) - b9cfa588-8e56-4331-be2f-4c26f25c6739@group-21BA9BD4283D: changes role from  FOLLOWER to FOLLOWER at term 128 for recognizeCandidate:7c431f9d-51bc-458b-a3a6-511ec217d887
2019-10-17 06:47:50,868 [Thread-2053] INFO  impl.FollowerState (FollowerState.java:run(117)) - 67f35358-9777-4ff9-96f4-8a61bc3a94fe@group-21BA9BD4283D-FollowerState was interrupted: java.lang.InterruptedException: sleep interrupted
2019-10-17 06:47:50,868 [grpc-default-executor-3] INFO  impl.RoleInfo (RoleInfo.java:updateAndGet(143)) - 67f35358-9777-4ff9-96f4-8a61bc3a94fe: start FollowerState
2019-10-17 06:47:50,868 [grpc-default-executor-4] INFO  impl.RoleInfo (RoleInfo.java:shutdownFollowerState(121)) - b9cfa588-8e56-4331-be2f-4c26f25c6739: shutdown FollowerState
2019-10-17 06:47:50,868 [grpc-default-executor-4] INFO  impl.RoleInfo (RoleInfo.java:updateAndGet(143)) - b9cfa588-8e56-4331-be2f-4c26f25c6739: start FollowerState
2019-10-17 06:47:50,868 [Thread-2054] INFO  impl.FollowerState (FollowerState.java:run(117)) - b9cfa588-8e56-4331-be2f-4c26f25c6739@group-21BA9BD4283D-FollowerState was interrupted: java.lang.InterruptedException: sleep interrupted
2019-10-17 06:47:50,881 [7c431f9d-51bc-458b-a3a6-511ec217d887@group-21BA9BD4283D-LeaderElection193] INFO  impl.LeaderElection (LeaderElection.java:logAndReturn(56)) - 7c431f9d-51bc-458b-a3a6-511ec217d887@group-21BA9BD4283D-LeaderElection193: Election REJECTED; received 2 response(s) [7c431f9d-51bc-458b-a3a6-511ec217d887<-67f35358-9777-4ff9-96f4-8a61bc3a94fe#0:FAIL-t128, 7c431f9d-51bc-458b-a3a6-511ec217d887<-b9cfa588-8e56-4331-be2f-4c26f25c6739#0:FAIL-t128] and 0 exception(s); 7c431f9d-51bc-458b-a3a6-511ec217d887@group-21BA9BD4283D:t128, leader=null, voted=7c431f9d-51bc-458b-a3a6-511ec217d887, raftlog=7c431f9d-51bc-458b-a3a6-511ec217d887@group-21BA9BD4283D-SegmentedRaftLog:OPENED:c-1,f-1,i0, conf=-1: [67f35358-9777-4ff9-96f4-8a61bc3a94fe:192.168.34.62:37037, 7c431f9d-51bc-458b-a3a6-511ec217d887:192.168.34.62:40420, b9cfa588-8e56-4331-be2f-4c26f25c6739:192.168.34.62:34777], old=null
2019-10-17 06:47:50,881 [7c431f9d-51bc-458b-a3a6-511ec217d887@group-21BA9BD4283D-LeaderElection193] INFO  impl.RaftServerImpl (RaftServerImpl.java:setRole(184)) - 7c431f9d-51bc-458b-a3a6-511ec217d887@group-21BA9BD4283D: changes role from CANDIDATE to FOLLOWER at term 128 for DISCOVERED_A_NEW_TERM
2019-10-17 06:47:50,881 [7c431f9d-51bc-458b-a3a6-511ec217d887@group-21BA9BD4283D-LeaderElection193] INFO  impl.RoleInfo (RoleInfo.java:shutdownLeaderElection(134)) - 7c431f9d-51bc-458b-a3a6-511ec217d887: shutdown LeaderElection
2019-10-17 06:47:50,882 [7c431f9d-51bc-458b-a3a6-511ec217d887@group-21BA9BD4283D-LeaderElection193] INFO  impl.RoleInfo (RoleInfo.java:updateAndGet(143)) - 7c431f9d-51bc-458b-a3a6-511ec217d887: start FollowerState
2019-10-17 06:47:51,042 [Thread-2061] INFO  impl.FollowerState (FollowerState.java:run(108)) - 7c431f9d-51bc-458b-a3a6-511ec217d887@group-21BA9BD4283D-FollowerState: change to CANDIDATE, lastRpcTime:160ms, electionTimeout:160ms
2019-10-17 06:47:51,042 [Thread-2061] INFO  impl.RoleInfo (RoleInfo.java:shutdownFollowerState(121)) - 7c431f9d-51bc-458b-a3a6-511ec217d887: shutdown FollowerState
2019-10-17 06:47:51,042 [Thread-2061] INFO  impl.RaftServerImpl (RaftServerImpl.java:setRole(184)) - 7c431f9d-51bc-458b-a3a6-511ec217d887@group-21BA9BD4283D: changes role from  FOLLOWER to CANDIDATE at term 128 for changeToCandidate
2019-10-17 06:47:51,042 [Thread-2061] INFO  impl.RoleInfo (RoleInfo.java:updateAndGet(143)) - 7c431f9d-51bc-458b-a3a6-511ec217d887: start LeaderElection
2019-10-17 06:47:51,065 [7c431f9d-51bc-458b-a3a6-511ec217d887@group-21BA9BD4283D-LeaderElection194] INFO  impl.LeaderElection (LeaderElection.java:askForVotes(178)) - 7c431f9d-51bc-458b-a3a6-511ec217d887@group-21BA9BD4283D-LeaderElection194: begin an election at term 129 for -1: [67f35358-9777-4ff9-96f4-8a61bc3a94fe:192.168.34.62:37037, 7c431f9d-51bc-458b-a3a6-511ec217d887:192.168.34.62:40420, b9cfa588-8e56-4331-be2f-4c26f25c6739:192.168.34.62:34777], old=null
2019-10-17 06:47:51,067 [grpc-default-executor-3] INFO  impl.RaftServerImpl (RaftServerImpl.java:setRole(184)) - 67f35358-9777-4ff9-96f4-8a61bc3a94fe@group-21BA9BD4283D: changes role from  FOLLOWER to FOLLOWER at term 129 for recognizeCandidate:7c431f9d-51bc-458b-a3a6-511ec217d887
2019-10-17 06:47:51,067 [grpc-default-executor-3] INFO  impl.RoleInfo (RoleInfo.java:shutdownFollowerState(121)) - 67f35358-9777-4ff9-96f4-8a61bc3a94fe: shutdown FollowerState
2019-10-17 06:47:51,067 [grpc-default-executor-4] INFO  impl.RaftServerImpl (RaftServerImpl.java:setRole(184)) - b9cfa588-8e56-4331-be2f-4c26f25c6739@group-21BA9BD4283D: changes role from  FOLLOWER to FOLLOWER at term 129 for recognizeCandidate:7c431f9d-51bc-458b-a3a6-511ec217d887
2019-10-17 06:47:51,067 [Thread-2059] INFO  impl.FollowerState (FollowerState.java:run(117)) - 67f35358-9777-4ff9-96f4-8a61bc3a94fe@group-21BA9BD4283D-FollowerState was interrupted: java.lang.InterruptedException: sleep interrupted
2019-10-17 06:47:51,067 [grpc-default-executor-4] INFO  impl.RoleInfo (RoleInfo.java:shutdownFollowerState(121)) - b9cfa588-8e56-4331-be2f-4c26f25c6739: shutdown FollowerState
2019-10-17 06:47:51,067 [grpc-default-executor-3] INFO  impl.RoleInfo (RoleInfo.java:updateAndGet(143)) - 67f35358-9777-4ff9-96f4-8a61bc3a94fe: start FollowerState
2019-10-17 06:47:51,067 [Thread-2060] INFO  impl.FollowerState (FollowerState.java:run(117)) - b9cfa588-8e56-4331-be2f-4c26f25c6739@group-21BA9BD4283D-FollowerState was interrupted: java.lang.InterruptedException: sleep interrupted
2019-10-17 06:47:51,067 [grpc-default-executor-4] INFO  impl.RoleInfo (RoleInfo.java:updateAndGet(143)) - b9cfa588-8e56-4331-be2f-4c26f25c6739: start FollowerState
2019-10-17 06:47:51,081 [7c431f9d-51bc-458b-a3a6-511ec217d887@group-21BA9BD4283D-LeaderElection194] INFO  impl.LeaderElection (LeaderElection.java:logAndReturn(56)) - 7c431f9d-51bc-458b-a3a6-511ec217d887@group-21BA9BD4283D-LeaderElection194: Election REJECTED; received 2 response(s) [7c431f9d-51bc-458b-a3a6-511ec217d887<-67f35358-9777-4ff9-96f4-8a61bc3a94fe#0:FAIL-t129, 7c431f9d-51bc-458b-a3a6-511ec217d887<-b9cfa588-8e56-4331-be2f-4c26f25c6739#0:FAIL-t129] and 0 exception(s); 7c431f9d-51bc-458b-a3a6-511ec217d887@group-21BA9BD4283D:t129, leader=null, voted=7c431f9d-51bc-458b-a3a6-511ec217d887, raftlog=7c431f9d-51bc-458b-a3a6-511ec217d887@group-21BA9BD4283D-SegmentedRaftLog:OPENED:c-1,f-1,i0, conf=-1: [67f35358-9777-4ff9-96f4-8a61bc3a94fe:192.168.34.62:37037, 7c431f9d-51bc-458b-a3a6-511ec217d887:192.168.34.62:40420, b9cfa588-8e56-4331-be2f-4c26f25c6739:192.168.34.62:34777], old=null
2019-10-17 06:47:51,081 [7c431f9d-51bc-458b-a3a6-511ec217d887@group-21BA9BD4283D-LeaderElection194] INFO  impl.RaftServerImpl (RaftServerImpl.java:setRole(184)) - 7c431f9d-51bc-458b-a3a6-511ec217d887@group-21BA9BD4283D: changes role from CANDIDATE to FOLLOWER at term 129 for DISCOVERED_A_NEW_TERM
2019-10-17 06:47:51,081 [7c431f9d-51bc-458b-a3a6-511ec217d887@group-21BA9BD4283D-LeaderElection194] INFO  impl.RoleInfo (RoleInfo.java:shutdownLeaderElection(134)) - 7c431f9d-51bc-458b-a3a6-511ec217d887: shutdown LeaderElection
2019-10-17 06:47:51,081 [7c431f9d-51bc-458b-a3a6-511ec217d887@group-21BA9BD4283D-LeaderElection194] INFO  impl.RoleInfo (RoleInfo.java:updateAndGet(143)) - 7c431f9d-51bc-458b-a3a6-511ec217d887: start FollowerState
2019-10-17 06:47:51,097 [main] INFO  ozone.MiniOzoneClusterImpl (MiniOzoneClusterImpl.java:lambda$waitForClusterToBeReady$2(164)) - Waiting for 1 number of pipelines out of 4, to report a leader.
2019-10-17 06:47:51,197 [Thread-2067] INFO  impl.FollowerState (FollowerState.java:run(108)) - 7c431f9d-51bc-458b-a3a6-511ec217d887@group-21BA9BD4283D-FollowerState: change to CANDIDATE, lastRpcTime:116ms, electionTimeout:116ms
2019-10-17 06:47:51,198 [Thread-2067] INFO  impl.RoleInfo (RoleInfo.java:shutdownFollowerState(121)) - 7c431f9d-51bc-458b-a3a6-511ec217d887: shutdown FollowerState
2019-10-17 06:47:51,198 [Thread-2067] INFO  impl.RaftServerImpl (RaftServerImpl.java:setRole(184)) - 7c431f9d-51bc-458b-a3a6-511ec217d887@group-21BA9BD4283D: changes role from  FOLLOWER to CANDIDATE at term 129 for changeToCandidate
2019-10-17 06:47:51,198 [Thread-2067] INFO  impl.RoleInfo (RoleInfo.java:updateAndGet(143)) - 7c431f9d-51bc-458b-a3a6-511ec217d887: start LeaderElection
2019-10-17 06:47:51,211 [7c431f9d-51bc-458b-a3a6-511ec217d887@group-21BA9BD4283D-LeaderElection195] INFO  impl.LeaderElection (LeaderElection.java:askForVotes(178)) - 7c431f9d-51bc-458b-a3a6-511ec217d887@group-21BA9BD4283D-LeaderElection195: begin an election at term 130 for -1: [67f35358-9777-4ff9-96f4-8a61bc3a94fe:192.168.34.62:37037, 7c431f9d-51bc-458b-a3a6-511ec217d887:192.168.34.62:40420, b9cfa588-8e56-4331-be2f-4c26f25c6739:192.168.34.62:34777], old=null
2019-10-17 06:47:51,213 [grpc-default-executor-3] INFO  impl.RaftServerImpl (RaftServerImpl.java:setRole(184)) - 67f35358-9777-4ff9-96f4-8a61bc3a94fe@group-21BA9BD4283D: changes role from  FOLLOWER to FOLLOWER at term 130 for recognizeCandidate:7c431f9d-51bc-458b-a3a6-511ec217d887
2019-10-17 06:47:51,213 [grpc-default-executor-3] INFO  impl.RoleInfo (RoleInfo.java:shutdownFollowerState(121)) - 67f35358-9777-4ff9-96f4-8a61bc3a94fe: shutdown FollowerState
2019-10-17 06:47:51,213 [grpc-default-executor-3] INFO  impl.RoleInfo (RoleInfo.java:updateAndGet(143)) - 67f35358-9777-4ff9-96f4-8a61bc3a94fe: start FollowerState
2019-10-17 06:47:51,213 [Thread-2065] INFO  impl.FollowerState (FollowerState.java:run(117)) - 67f35358-9777-4ff9-96f4-8a61bc3a94fe@group-21BA9BD4283D-FollowerState was interrupted: java.lang.InterruptedException: sleep interrupted
2019-10-17 06:47:51,214 [grpc-default-executor-4] INFO  impl.RaftServerImpl (RaftServerImpl.java:setRole(184)) - b9cfa588-8e56-4331-be2f-4c26f25c6739@group-21BA9BD4283D: changes role from  FOLLOWER to FOLLOWER at term 130 for recognizeCandidate:7c431f9d-51bc-458b-a3a6-511ec217d887
2019-10-17 06:47:51,214 [grpc-default-executor-4] INFO  impl.RoleInfo (RoleInfo.java:shutdownFollowerState(121)) - b9cfa588-8e56-4331-be2f-4c26f25c6739: shutdown FollowerState
2019-10-17 06:47:51,214 [grpc-default-executor-4] INFO  impl.RoleInfo (RoleInfo.java:updateAndGet(143)) - b9cfa588-8e56-4331-be2f-4c26f25c6739: start FollowerState
2019-10-17 06:47:51,214 [Thread-2066] INFO  impl.FollowerState (FollowerState.java:run(117)) - b9cfa588-8e56-4331-be2f-4c26f25c6739@group-21BA9BD4283D-FollowerState was interrupted: java.lang.InterruptedException: sleep interrupted
2019-10-17 06:47:51,251 [7c431f9d-51bc-458b-a3a6-511ec217d887@group-21BA9BD4283D-LeaderElection195] INFO  impl.LeaderElection (LeaderElection.java:logAndReturn(56)) - 7c431f9d-51bc-458b-a3a6-511ec217d887@group-21BA9BD4283D-LeaderElection195: Election REJECTED; received 2 response(s) [7c431f9d-51bc-458b-a3a6-511ec217d887<-67f35358-9777-4ff9-96f4-8a61bc3a94fe#0:FAIL-t130, 7c431f9d-51bc-458b-a3a6-511ec217d887<-b9cfa588-8e56-4331-be2f-4c26f25c6739#0:FAIL-t130] and 0 exception(s); 7c431f9d-51bc-458b-a3a6-511ec217d887@group-21BA9BD4283D:t130, leader=null, voted=7c431f9d-51bc-458b-a3a6-511ec217d887, raftlog=7c431f9d-51bc-458b-a3a6-511ec217d887@group-21BA9BD4283D-SegmentedRaftLog:OPENED:c-1,f-1,i0, conf=-1: [67f35358-9777-4ff9-96f4-8a61bc3a94fe:192.168.34.62:37037, 7c431f9d-51bc-458b-a3a6-511ec217d887:192.168.34.62:40420, b9cfa588-8e56-4331-be2f-4c26f25c6739:192.168.34.62:34777], old=null
2019-10-17 06:47:51,251 [7c431f9d-51bc-458b-a3a6-511ec217d887@group-21BA9BD4283D-LeaderElection195] INFO  impl.RaftServerImpl (RaftServerImpl.java:setRole(184)) - 7c431f9d-51bc-458b-a3a6-511ec217d887@group-21BA9BD4283D: changes role from CANDIDATE to FOLLOWER at term 130 for DISCOVERED_A_NEW_TERM
2019-10-17 06:47:51,252 [7c431f9d-51bc-458b-a3a6-511ec217d887@group-21BA9BD4283D-LeaderElection195] INFO  impl.RoleInfo (RoleInfo.java:shutdownLeaderElection(134)) - 7c431f9d-51bc-458b-a3a6-511ec217d887: shutdown LeaderElection
2019-10-17 06:47:51,252 [7c431f9d-51bc-458b-a3a6-511ec217d887@group-21BA9BD4283D-LeaderElection195] INFO  impl.RoleInfo (RoleInfo.java:updateAndGet(143)) - 7c431f9d-51bc-458b-a3a6-511ec217d887: start FollowerState
2019-10-17 06:47:51,386 [Thread-2073] INFO  impl.FollowerState (FollowerState.java:run(108)) - 7c431f9d-51bc-458b-a3a6-511ec217d887@group-21BA9BD4283D-FollowerState: change to CANDIDATE, lastRpcTime:134ms, electionTimeout:134ms
2019-10-17 06:47:51,387 [Thread-2073] INFO  impl.RoleInfo (RoleInfo.java:shutdownFollowerState(121)) - 7c431f9d-51bc-458b-a3a6-511ec217d887: shutdown FollowerState
2019-10-17 06:47:51,387 [Thread-2073] INFO  impl.RaftServerImpl (RaftServerImpl.java:setRole(184)) - 7c431f9d-51bc-458b-a3a6-511ec217d887@group-21BA9BD4283D: changes role from  FOLLOWER to CANDIDATE at term 130 for changeToCandidate
2019-10-17 06:47:51,387 [Thread-2073] INFO  impl.RoleInfo (RoleInfo.java:updateAndGet(143)) - 7c431f9d-51bc-458b-a3a6-511ec217d887: start LeaderElection
2019-10-17 06:47:51,414 [7c431f9d-51bc-458b-a3a6-511ec217d887@group-21BA9BD4283D-LeaderElection196] INFO  impl.LeaderElection (LeaderElection.java:askForVotes(178)) - 7c431f9d-51bc-458b-a3a6-511ec217d887@group-21BA9BD4283D-LeaderElection196: begin an election at term 131 for -1: [67f35358-9777-4ff9-96f4-8a61bc3a94fe:192.168.34.62:37037, 7c431f9d-51bc-458b-a3a6-511ec217d887:192.168.34.62:40420, b9cfa588-8e56-4331-be2f-4c26f25c6739:192.168.34.62:34777], old=null
2019-10-17 06:47:51,416 [grpc-default-executor-3] INFO  impl.RaftServerImpl (RaftServerImpl.java:setRole(184)) - 67f35358-9777-4ff9-96f4-8a61bc3a94fe@group-21BA9BD4283D: changes role from  FOLLOWER to FOLLOWER at term 131 for recognizeCandidate:7c431f9d-51bc-458b-a3a6-511ec217d887
2019-10-17 06:47:51,416 [grpc-default-executor-4] INFO  impl.RaftServerImpl (RaftServerImpl.java:setRole(184)) - b9cfa588-8e56-4331-be2f-4c26f25c6739@group-21BA9BD4283D: changes role from  FOLLOWER to FOLLOWER at term 131 for recognizeCandidate:7c431f9d-51bc-458b-a3a6-511ec217d887
2019-10-17 06:47:51,416 [grpc-default-executor-3] INFO  impl.RoleInfo (RoleInfo.java:shutdownFollowerState(121)) - 67f35358-9777-4ff9-96f4-8a61bc3a94fe: shutdown FollowerState
2019-10-17 06:47:51,416 [grpc-default-executor-4] INFO  impl.RoleInfo (RoleInfo.java:shutdownFollowerState(121)) - b9cfa588-8e56-4331-be2f-4c26f25c6739: shutdown FollowerState
2019-10-17 06:47:51,416 [Thread-2071] INFO  impl.FollowerState (FollowerState.java:run(117)) - 67f35358-9777-4ff9-96f4-8a61bc3a94fe@group-21BA9BD4283D-FollowerState was interrupted: java.lang.InterruptedException: sleep interrupted
2019-10-17 06:47:51,416 [grpc-default-executor-3] INFO  impl.RoleInfo (RoleInfo.java:updateAndGet(143)) - 67f35358-9777-4ff9-96f4-8a61bc3a94fe: start FollowerState
2019-10-17 06:47:51,417 [Thread-2072] INFO  impl.FollowerState (FollowerState.java:run(117)) - b9cfa588-8e56-4331-be2f-4c26f25c6739@group-21BA9BD4283D-FollowerState was interrupted: java.lang.InterruptedException: sleep interrupted
2019-10-17 06:47:51,417 [grpc-default-executor-4] INFO  impl.RoleInfo (RoleInfo.java:updateAndGet(143)) - b9cfa588-8e56-4331-be2f-4c26f25c6739: start FollowerState
2019-10-17 06:47:51,422 [7c431f9d-51bc-458b-a3a6-511ec217d887@group-21BA9BD4283D-LeaderElection196] INFO  impl.LeaderElection (LeaderElection.java:logAndReturn(56)) - 7c431f9d-51bc-458b-a3a6-511ec217d887@group-21BA9BD4283D-LeaderElection196: Election TIMEOUT; received 0 response(s) [] and 0 exception(s); 7c431f9d-51bc-458b-a3a6-511ec217d887@group-21BA9BD4283D:t131, leader=null, voted=7c431f9d-51bc-458b-a3a6-511ec217d887, raftlog=7c431f9d-51bc-458b-a3a6-511ec217d887@group-21BA9BD4283D-SegmentedRaftLog:OPENED:c-1,f-1,i0, conf=-1: [67f35358-9777-4ff9-96f4-8a61bc3a94fe:192.168.34.62:37037, 7c431f9d-51bc-458b-a3a6-511ec217d887:192.168.34.62:40420, b9cfa588-8e56-4331-be2f-4c26f25c6739:192.168.34.62:34777], old=null
2019-10-17 06:47:51,431 [7c431f9d-51bc-458b-a3a6-511ec217d887@group-21BA9BD4283D-LeaderElection196] INFO  impl.LeaderElection (LeaderElection.java:askForVotes(178)) - 7c431f9d-51bc-458b-a3a6-511ec217d887@group-21BA9BD4283D-LeaderElection196: begin an election at term 132 for -1: [67f35358-9777-4ff9-96f4-8a61bc3a94fe:192.168.34.62:37037, 7c431f9d-51bc-458b-a3a6-511ec217d887:192.168.34.62:40420, b9cfa588-8e56-4331-be2f-4c26f25c6739:192.168.34.62:34777], old=null
2019-10-17 06:47:51,432 [grpc-default-executor-4] INFO  impl.RaftServerImpl (RaftServerImpl.java:setRole(184)) - 67f35358-9777-4ff9-96f4-8a61bc3a94fe@group-21BA9BD4283D: changes role from  FOLLOWER to FOLLOWER at term 132 for recognizeCandidate:7c431f9d-51bc-458b-a3a6-511ec217d887
2019-10-17 06:47:51,432 [grpc-default-executor-4] INFO  impl.RoleInfo (RoleInfo.java:shutdownFollowerState(121)) - 67f35358-9777-4ff9-96f4-8a61bc3a94fe: shutdown FollowerState
2019-10-17 06:47:51,432 [grpc-default-executor-3] INFO  impl.RaftServerImpl (RaftServerImpl.java:setRole(184)) - b9cfa588-8e56-4331-be2f-4c26f25c6739@group-21BA9BD4283D: changes role from  FOLLOWER to FOLLOWER at term 132 for recognizeCandidate:7c431f9d-51bc-458b-a3a6-511ec217d887
2019-10-17 06:47:51,432 [grpc-default-executor-3] INFO  impl.RoleInfo (RoleInfo.java:shutdownFollowerState(121)) - b9cfa588-8e56-4331-be2f-4c26f25c6739: shutdown FollowerState
2019-10-17 06:47:51,432 [Thread-2077] INFO  impl.FollowerState (FollowerState.java:run(117)) - 67f35358-9777-4ff9-96f4-8a61bc3a94fe@group-21BA9BD4283D-FollowerState was interrupted: java.lang.InterruptedException: sleep interrupted
2019-10-17 06:47:51,432 [grpc-default-executor-4] INFO  impl.RoleInfo (RoleInfo.java:updateAndGet(143)) - 67f35358-9777-4ff9-96f4-8a61bc3a94fe: start FollowerState
2019-10-17 06:47:51,432 [Thread-2078] INFO  impl.FollowerState (FollowerState.java:run(117)) - b9cfa588-8e56-4331-be2f-4c26f25c6739@group-21BA9BD4283D-FollowerState was interrupted: java.lang.InterruptedException: sleep interrupted
2019-10-17 06:47:51,432 [grpc-default-executor-3] INFO  impl.RoleInfo (RoleInfo.java:updateAndGet(143)) - b9cfa588-8e56-4331-be2f-4c26f25c6739: start FollowerState
2019-10-17 06:47:51,448 [7c431f9d-51bc-458b-a3a6-511ec217d887@group-21BA9BD4283D-LeaderElection196] INFO  impl.LeaderElection (LeaderElection.java:logAndReturn(56)) - 7c431f9d-51bc-458b-a3a6-511ec217d887@group-21BA9BD4283D-LeaderElection196: Election REJECTED; received 2 response(s) [7c431f9d-51bc-458b-a3a6-511ec217d887<-67f35358-9777-4ff9-96f4-8a61bc3a94fe#0:FAIL-t132, 7c431f9d-51bc-458b-a3a6-511ec217d887<-b9cfa588-8e56-4331-be2f-4c26f25c6739#0:FAIL-t132] and 0 exception(s); 7c431f9d-51bc-458b-a3a6-511ec217d887@group-21BA9BD4283D:t132, leader=null, voted=7c431f9d-51bc-458b-a3a6-511ec217d887, raftlog=7c431f9d-51bc-458b-a3a6-511ec217d887@group-21BA9BD4283D-SegmentedRaftLog:OPENED:c-1,f-1,i0, conf=-1: [67f35358-9777-4ff9-96f4-8a61bc3a94fe:192.168.34.62:37037, 7c431f9d-51bc-458b-a3a6-511ec217d887:192.168.34.62:40420, b9cfa588-8e56-4331-be2f-4c26f25c6739:192.168.34.62:34777], old=null
2019-10-17 06:47:51,449 [7c431f9d-51bc-458b-a3a6-511ec217d887@group-21BA9BD4283D-LeaderElection196] INFO  impl.RaftServerImpl (RaftServerImpl.java:setRole(184)) - 7c431f9d-51bc-458b-a3a6-511ec217d887@group-21BA9BD4283D: changes role from CANDIDATE to FOLLOWER at term 132 for DISCOVERED_A_NEW_TERM
2019-10-17 06:47:51,449 [7c431f9d-51bc-458b-a3a6-511ec217d887@group-21BA9BD4283D-LeaderElection196] INFO  impl.RoleInfo (RoleInfo.java:shutdownLeaderElection(134)) - 7c431f9d-51bc-458b-a3a6-511ec217d887: shutdown LeaderElection
2019-10-17 06:47:51,449 [7c431f9d-51bc-458b-a3a6-511ec217d887@group-21BA9BD4283D-LeaderElection196] INFO  impl.RoleInfo (RoleInfo.java:updateAndGet(143)) - 7c431f9d-51bc-458b-a3a6-511ec217d887: start FollowerState
2019-10-17 06:47:51,547 [Thread-2083] INFO  impl.FollowerState (FollowerState.java:run(108)) - 7c431f9d-51bc-458b-a3a6-511ec217d887@group-21BA9BD4283D-FollowerState: change to CANDIDATE, lastRpcTime:98ms, electionTimeout:98ms
2019-10-17 06:47:51,547 [Thread-2083] INFO  impl.RoleInfo (RoleInfo.java:shutdownFollowerState(121)) - 7c431f9d-51bc-458b-a3a6-511ec217d887: shutdown FollowerState
2019-10-17 06:47:51,547 [Thread-2083] INFO  impl.RaftServerImpl (RaftServerImpl.java:setRole(184)) - 7c431f9d-51bc-458b-a3a6-511ec217d887@group-21BA9BD4283D: changes role from  FOLLOWER to CANDIDATE at term 132 for changeToCandidate
2019-10-17 06:47:51,547 [Thread-2083] INFO  impl.RoleInfo (RoleInfo.java:updateAndGet(143)) - 7c431f9d-51bc-458b-a3a6-511ec217d887: start LeaderElection
2019-10-17 06:47:51,556 [7c431f9d-51bc-458b-a3a6-511ec217d887@group-21BA9BD4283D-LeaderElection197] INFO  impl.LeaderElection (LeaderElection.java:askForVotes(178)) - 7c431f9d-51bc-458b-a3a6-511ec217d887@group-21BA9BD4283D-LeaderElection197: begin an election at term 133 for -1: [67f35358-9777-4ff9-96f4-8a61bc3a94fe:192.168.34.62:37037, 7c431f9d-51bc-458b-a3a6-511ec217d887:192.168.34.62:40420, b9cfa588-8e56-4331-be2f-4c26f25c6739:192.168.34.62:34777], old=null
2019-10-17 06:47:51,558 [grpc-default-executor-4] INFO  impl.RaftServerImpl (RaftServerImpl.java:setRole(184)) - 67f35358-9777-4ff9-96f4-8a61bc3a94fe@group-21BA9BD4283D: changes role from  FOLLOWER to FOLLOWER at term 133 for recognizeCandidate:7c431f9d-51bc-458b-a3a6-511ec217d887
2019-10-17 06:47:51,558 [grpc-default-executor-3] INFO  impl.RaftServerImpl (RaftServerImpl.java:setRole(184)) - b9cfa588-8e56-4331-be2f-4c26f25c6739@group-21BA9BD4283D: changes role from  FOLLOWER to FOLLOWER at term 133 for recognizeCandidate:7c431f9d-51bc-458b-a3a6-511ec217d887
2019-10-17 06:47:51,558 [grpc-default-executor-4] INFO  impl.RoleInfo (RoleInfo.java:shutdownFollowerState(121)) - 67f35358-9777-4ff9-96f4-8a61bc3a94fe: shutdown FollowerState
2019-10-17 06:47:51,558 [grpc-default-executor-3] INFO  impl.RoleInfo (RoleInfo.java:shutdownFollowerState(121)) - b9cfa588-8e56-4331-be2f-4c26f25c6739: shutdown FollowerState
2019-10-17 06:47:51,558 [grpc-default-executor-4] INFO  impl.RoleInfo (RoleInfo.java:updateAndGet(143)) - 67f35358-9777-4ff9-96f4-8a61bc3a94fe: start FollowerState
2019-10-17 06:47:51,558 [Thread-2082] INFO  impl.FollowerState (FollowerState.java:run(117)) - b9cfa588-8e56-4331-be2f-4c26f25c6739@group-21BA9BD4283D-FollowerState was interrupted: java.lang.InterruptedException: sleep interrupted
2019-10-17 06:47:51,558 [grpc-default-executor-3] INFO  impl.RoleInfo (RoleInfo.java:updateAndGet(143)) - b9cfa588-8e56-4331-be2f-4c26f25c6739: start FollowerState
2019-10-17 06:47:51,558 [Thread-2081] INFO  impl.FollowerState (FollowerState.java:run(117)) - 67f35358-9777-4ff9-96f4-8a61bc3a94fe@group-21BA9BD4283D-FollowerState was interrupted: java.lang.InterruptedException: sleep interrupted
2019-10-17 06:47:51,576 [7c431f9d-51bc-458b-a3a6-511ec217d887@group-21BA9BD4283D-LeaderElection197] INFO  impl.LeaderElection (LeaderElection.java:logAndReturn(56)) - 7c431f9d-51bc-458b-a3a6-511ec217d887@group-21BA9BD4283D-LeaderElection197: Election REJECTED; received 2 response(s) [7c431f9d-51bc-458b-a3a6-511ec217d887<-67f35358-9777-4ff9-96f4-8a61bc3a94fe#0:FAIL-t133, 7c431f9d-51bc-458b-a3a6-511ec217d887<-b9cfa588-8e56-4331-be2f-4c26f25c6739#0:FAIL-t133] and 0 exception(s); 7c431f9d-51bc-458b-a3a6-511ec217d887@group-21BA9BD4283D:t133, leader=null, voted=7c431f9d-51bc-458b-a3a6-511ec217d887, raftlog=7c431f9d-51bc-458b-a3a6-511ec217d887@group-21BA9BD4283D-SegmentedRaftLog:OPENED:c-1,f-1,i0, conf=-1: [67f35358-9777-4ff9-96f4-8a61bc3a94fe:192.168.34.62:37037, 7c431f9d-51bc-458b-a3a6-511ec217d887:192.168.34.62:40420, b9cfa588-8e56-4331-be2f-4c26f25c6739:192.168.34.62:34777], old=null
2019-10-17 06:47:51,576 [7c431f9d-51bc-458b-a3a6-511ec217d887@group-21BA9BD4283D-LeaderElection197] INFO  impl.RaftServerImpl (RaftServerImpl.java:setRole(184)) - 7c431f9d-51bc-458b-a3a6-511ec217d887@group-21BA9BD4283D: changes role from CANDIDATE to FOLLOWER at term 133 for DISCOVERED_A_NEW_TERM
2019-10-17 06:47:51,577 [7c431f9d-51bc-458b-a3a6-511ec217d887@group-21BA9BD4283D-LeaderElection197] INFO  impl.RoleInfo (RoleInfo.java:shutdownLeaderElection(134)) - 7c431f9d-51bc-458b-a3a6-511ec217d887: shutdown LeaderElection
2019-10-17 06:47:51,577 [7c431f9d-51bc-458b-a3a6-511ec217d887@group-21BA9BD4283D-LeaderElection197] INFO  impl.RoleInfo (RoleInfo.java:updateAndGet(143)) - 7c431f9d-51bc-458b-a3a6-511ec217d887: start FollowerState
2019-10-17 06:47:51,759 [Thread-2089] INFO  impl.FollowerState (FollowerState.java:run(108)) - 7c431f9d-51bc-458b-a3a6-511ec217d887@group-21BA9BD4283D-FollowerState: change to CANDIDATE, lastRpcTime:182ms, electionTimeout:182ms
2019-10-17 06:47:51,759 [Thread-2089] INFO  impl.RoleInfo (RoleInfo.java:shutdownFollowerState(121)) - 7c431f9d-51bc-458b-a3a6-511ec217d887: shutdown FollowerState
2019-10-17 06:47:51,759 [Thread-2089] INFO  impl.RaftServerImpl (RaftServerImpl.java:setRole(184)) - 7c431f9d-51bc-458b-a3a6-511ec217d887@group-21BA9BD4283D: changes role from  FOLLOWER to CANDIDATE at term 133 for changeToCandidate
2019-10-17 06:47:51,759 [Thread-2089] INFO  impl.RoleInfo (RoleInfo.java:updateAndGet(143)) - 7c431f9d-51bc-458b-a3a6-511ec217d887: start LeaderElection
2019-10-17 06:47:51,771 [7c431f9d-51bc-458b-a3a6-511ec217d887@group-21BA9BD4283D-LeaderElection198] INFO  impl.LeaderElection (LeaderElection.java:askForVotes(178)) - 7c431f9d-51bc-458b-a3a6-511ec217d887@group-21BA9BD4283D-LeaderElection198: begin an election at term 134 for -1: [67f35358-9777-4ff9-96f4-8a61bc3a94fe:192.168.34.62:37037, 7c431f9d-51bc-458b-a3a6-511ec217d887:192.168.34.62:40420, b9cfa588-8e56-4331-be2f-4c26f25c6739:192.168.34.62:34777], old=null
2019-10-17 06:47:51,773 [grpc-default-executor-3] INFO  impl.RaftServerImpl (RaftServerImpl.java:setRole(184)) - 67f35358-9777-4ff9-96f4-8a61bc3a94fe@group-21BA9BD4283D: changes role from  FOLLOWER to FOLLOWER at term 134 for recognizeCandidate:7c431f9d-51bc-458b-a3a6-511ec217d887
2019-10-17 06:47:51,773 [grpc-default-executor-3] INFO  impl.RoleInfo (RoleInfo.java:shutdownFollowerState(121)) - 67f35358-9777-4ff9-96f4-8a61bc3a94fe: shutdown FollowerState
2019-10-17 06:47:51,773 [grpc-default-executor-3] INFO  impl.RoleInfo (RoleInfo.java:updateAndGet(143)) - 67f35358-9777-4ff9-96f4-8a61bc3a94fe: start FollowerState
2019-10-17 06:47:51,773 [Thread-2087] INFO  impl.FollowerState (FollowerState.java:run(117)) - 67f35358-9777-4ff9-96f4-8a61bc3a94fe@group-21BA9BD4283D-FollowerState was interrupted: java.lang.InterruptedException: sleep interrupted
2019-10-17 06:47:51,773 [grpc-default-executor-4] INFO  impl.RaftServerImpl (RaftServerImpl.java:setRole(184)) - b9cfa588-8e56-4331-be2f-4c26f25c6739@group-21BA9BD4283D: changes role from  FOLLOWER to FOLLOWER at term 134 for recognizeCandidate:7c431f9d-51bc-458b-a3a6-511ec217d887
2019-10-17 06:47:51,774 [grpc-default-executor-4] INFO  impl.RoleInfo (RoleInfo.java:shutdownFollowerState(121)) - b9cfa588-8e56-4331-be2f-4c26f25c6739: shutdown FollowerState
2019-10-17 06:47:51,774 [grpc-default-executor-4] INFO  impl.RoleInfo (RoleInfo.java:updateAndGet(143)) - b9cfa588-8e56-4331-be2f-4c26f25c6739: start FollowerState
2019-10-17 06:47:51,774 [Thread-2088] INFO  impl.FollowerState (FollowerState.java:run(117)) - b9cfa588-8e56-4331-be2f-4c26f25c6739@group-21BA9BD4283D-FollowerState was interrupted: java.lang.InterruptedException: sleep interrupted
2019-10-17 06:47:51,787 [7c431f9d-51bc-458b-a3a6-511ec217d887@group-21BA9BD4283D-LeaderElection198] INFO  impl.LeaderElection (LeaderElection.java:logAndReturn(56)) - 7c431f9d-51bc-458b-a3a6-511ec217d887@group-21BA9BD4283D-LeaderElection198: Election REJECTED; received 2 response(s) [7c431f9d-51bc-458b-a3a6-511ec217d887<-67f35358-9777-4ff9-96f4-8a61bc3a94fe#0:FAIL-t134, 7c431f9d-51bc-458b-a3a6-511ec217d887<-b9cfa588-8e56-4331-be2f-4c26f25c6739#0:FAIL-t134] and 0 exception(s); 7c431f9d-51bc-458b-a3a6-511ec217d887@group-21BA9BD4283D:t134, leader=null, voted=7c431f9d-51bc-458b-a3a6-511ec217d887, raftlog=7c431f9d-51bc-458b-a3a6-511ec217d887@group-21BA9BD4283D-SegmentedRaftLog:OPENED:c-1,f-1,i0, conf=-1: [67f35358-9777-4ff9-96f4-8a61bc3a94fe:192.168.34.62:37037, 7c431f9d-51bc-458b-a3a6-511ec217d887:192.168.34.62:40420, b9cfa588-8e56-4331-be2f-4c26f25c6739:192.168.34.62:34777], old=null
2019-10-17 06:47:51,787 [7c431f9d-51bc-458b-a3a6-511ec217d887@group-21BA9BD4283D-LeaderElection198] INFO  impl.RaftServerImpl (RaftServerImpl.java:setRole(184)) - 7c431f9d-51bc-458b-a3a6-511ec217d887@group-21BA9BD4283D: changes role from CANDIDATE to FOLLOWER at term 134 for DISCOVERED_A_NEW_TERM
2019-10-17 06:47:51,787 [7c431f9d-51bc-458b-a3a6-511ec217d887@group-21BA9BD4283D-LeaderElection198] INFO  impl.RoleInfo (RoleInfo.java:shutdownLeaderElection(134)) - 7c431f9d-51bc-458b-a3a6-511ec217d887: shutdown LeaderElection
2019-10-17 06:47:51,787 [7c431f9d-51bc-458b-a3a6-511ec217d887@group-21BA9BD4283D-LeaderElection198] INFO  impl.RoleInfo (RoleInfo.java:updateAndGet(143)) - 7c431f9d-51bc-458b-a3a6-511ec217d887: start FollowerState
2019-10-17 06:47:51,850 [Thread-2095] INFO  impl.FollowerState (FollowerState.java:run(108)) - 7c431f9d-51bc-458b-a3a6-511ec217d887@group-21BA9BD4283D-FollowerState: change to CANDIDATE, lastRpcTime:62ms, electionTimeout:62ms
2019-10-17 06:47:51,850 [Thread-2095] INFO  impl.RoleInfo (RoleInfo.java:shutdownFollowerState(121)) - 7c431f9d-51bc-458b-a3a6-511ec217d887: shutdown FollowerState
2019-10-17 06:47:51,850 [Thread-2095] INFO  impl.RaftServerImpl (RaftServerImpl.java:setRole(184)) - 7c431f9d-51bc-458b-a3a6-511ec217d887@group-21BA9BD4283D: changes role from  FOLLOWER to CANDIDATE at term 134 for changeToCandidate
2019-10-17 06:47:51,850 [Thread-2095] INFO  impl.RoleInfo (RoleInfo.java:updateAndGet(143)) - 7c431f9d-51bc-458b-a3a6-511ec217d887: start LeaderElection
2019-10-17 06:47:51,864 [7c431f9d-51bc-458b-a3a6-511ec217d887@group-21BA9BD4283D-LeaderElection199] INFO  impl.LeaderElection (LeaderElection.java:askForVotes(178)) - 7c431f9d-51bc-458b-a3a6-511ec217d887@group-21BA9BD4283D-LeaderElection199: begin an election at term 135 for -1: [67f35358-9777-4ff9-96f4-8a61bc3a94fe:192.168.34.62:37037, 7c431f9d-51bc-458b-a3a6-511ec217d887:192.168.34.62:40420, b9cfa588-8e56-4331-be2f-4c26f25c6739:192.168.34.62:34777], old=null
2019-10-17 06:47:51,866 [grpc-default-executor-4] INFO  impl.RaftServerImpl (RaftServerImpl.java:setRole(184)) - 67f35358-9777-4ff9-96f4-8a61bc3a94fe@group-21BA9BD4283D: changes role from  FOLLOWER to FOLLOWER at term 135 for recognizeCandidate:7c431f9d-51bc-458b-a3a6-511ec217d887
2019-10-17 06:47:51,866 [grpc-default-executor-3] INFO  impl.RaftServerImpl (RaftServerImpl.java:setRole(184)) - b9cfa588-8e56-4331-be2f-4c26f25c6739@group-21BA9BD4283D: changes role from  FOLLOWER to FOLLOWER at term 135 for recognizeCandidate:7c431f9d-51bc-458b-a3a6-511ec217d887
2019-10-17 06:47:51,866 [grpc-default-executor-4] INFO  impl.RoleInfo (RoleInfo.java:shutdownFollowerState(121)) - 67f35358-9777-4ff9-96f4-8a61bc3a94fe: shutdown FollowerState
2019-10-17 06:47:51,866 [grpc-default-executor-3] INFO  impl.RoleInfo (RoleInfo.java:shutdownFollowerState(121)) - b9cfa588-8e56-4331-be2f-4c26f25c6739: shutdown FollowerState
2019-10-17 06:47:51,866 [Thread-2093] INFO  impl.FollowerState (FollowerState.java:run(117)) - 67f35358-9777-4ff9-96f4-8a61bc3a94fe@group-21BA9BD4283D-FollowerState was interrupted: java.lang.InterruptedException: sleep interrupted
2019-10-17 06:47:51,866 [grpc-default-executor-4] INFO  impl.RoleInfo (RoleInfo.java:updateAndGet(143)) - 67f35358-9777-4ff9-96f4-8a61bc3a94fe: start FollowerState
2019-10-17 06:47:51,866 [Thread-2094] INFO  impl.FollowerState (FollowerState.java:run(117)) - b9cfa588-8e56-4331-be2f-4c26f25c6739@group-21BA9BD4283D-FollowerState was interrupted: java.lang.InterruptedException: sleep interrupted
2019-10-17 06:47:51,866 [grpc-default-executor-3] INFO  impl.RoleInfo (RoleInfo.java:updateAndGet(143)) - b9cfa588-8e56-4331-be2f-4c26f25c6739: start FollowerState
2019-10-17 06:47:51,880 [7c431f9d-51bc-458b-a3a6-511ec217d887@group-21BA9BD4283D-LeaderElection199] INFO  impl.LeaderElection (LeaderElection.java:logAndReturn(56)) - 7c431f9d-51bc-458b-a3a6-511ec217d887@group-21BA9BD4283D-LeaderElection199: Election REJECTED; received 2 response(s) [7c431f9d-51bc-458b-a3a6-511ec217d887<-67f35358-9777-4ff9-96f4-8a61bc3a94fe#0:FAIL-t135, 7c431f9d-51bc-458b-a3a6-511ec217d887<-b9cfa588-8e56-4331-be2f-4c26f25c6739#0:FAIL-t135] and 0 exception(s); 7c431f9d-51bc-458b-a3a6-511ec217d887@group-21BA9BD4283D:t135, leader=null, voted=7c431f9d-51bc-458b-a3a6-511ec217d887, raftlog=7c431f9d-51bc-458b-a3a6-511ec217d887@group-21BA9BD4283D-SegmentedRaftLog:OPENED:c-1,f-1,i0, conf=-1: [67f35358-9777-4ff9-96f4-8a61bc3a94fe:192.168.34.62:37037, 7c431f9d-51bc-458b-a3a6-511ec217d887:192.168.34.62:40420, b9cfa588-8e56-4331-be2f-4c26f25c6739:192.168.34.62:34777], old=null
2019-10-17 06:47:51,880 [7c431f9d-51bc-458b-a3a6-511ec217d887@group-21BA9BD4283D-LeaderElection199] INFO  impl.RaftServerImpl (RaftServerImpl.java:setRole(184)) - 7c431f9d-51bc-458b-a3a6-511ec217d887@group-21BA9BD4283D: changes role from CANDIDATE to FOLLOWER at term 135 for DISCOVERED_A_NEW_TERM
2019-10-17 06:47:51,880 [7c431f9d-51bc-458b-a3a6-511ec217d887@group-21BA9BD4283D-LeaderElection199] INFO  impl.RoleInfo (RoleInfo.java:shutdownLeaderElection(134)) - 7c431f9d-51bc-458b-a3a6-511ec217d887: shutdown LeaderElection
2019-10-17 06:47:51,880 [7c431f9d-51bc-458b-a3a6-511ec217d887@group-21BA9BD4283D-LeaderElection199] INFO  impl.RoleInfo (RoleInfo.java:updateAndGet(143)) - 7c431f9d-51bc-458b-a3a6-511ec217d887: start FollowerState
2019-10-17 06:47:51,971 [Thread-2101] INFO  impl.FollowerState (FollowerState.java:run(108)) - 7c431f9d-51bc-458b-a3a6-511ec217d887@group-21BA9BD4283D-FollowerState: change to CANDIDATE, lastRpcTime:90ms, electionTimeout:90ms
2019-10-17 06:47:51,971 [Thread-2101] INFO  impl.RoleInfo (RoleInfo.java:shutdownFollowerState(121)) - 7c431f9d-51bc-458b-a3a6-511ec217d887: shutdown FollowerState
2019-10-17 06:47:51,971 [Thread-2101] INFO  impl.RaftServerImpl (RaftServerImpl.java:setRole(184)) - 7c431f9d-51bc-458b-a3a6-511ec217d887@group-21BA9BD4283D: changes role from  FOLLOWER to CANDIDATE at term 135 for changeToCandidate
2019-10-17 06:47:51,971 [Thread-2101] INFO  impl.RoleInfo (RoleInfo.java:updateAndGet(143)) - 7c431f9d-51bc-458b-a3a6-511ec217d887: start LeaderElection
2019-10-17 06:47:52,079 [7c431f9d-51bc-458b-a3a6-511ec217d887@group-21BA9BD4283D-LeaderElection200] INFO  impl.LeaderElection (LeaderElection.java:askForVotes(178)) - 7c431f9d-51bc-458b-a3a6-511ec217d887@group-21BA9BD4283D-LeaderElection200: begin an election at term 136 for -1: [67f35358-9777-4ff9-96f4-8a61bc3a94fe:192.168.34.62:37037, 7c431f9d-51bc-458b-a3a6-511ec217d887:192.168.34.62:40420, b9cfa588-8e56-4331-be2f-4c26f25c6739:192.168.34.62:34777], old=null
2019-10-17 06:47:52,081 [grpc-default-executor-4] INFO  impl.RaftServerImpl (RaftServerImpl.java:setRole(184)) - b9cfa588-8e56-4331-be2f-4c26f25c6739@group-21BA9BD4283D: changes role from  FOLLOWER to FOLLOWER at term 136 for recognizeCandidate:7c431f9d-51bc-458b-a3a6-511ec217d887
2019-10-17 06:47:52,081 [grpc-default-executor-3] INFO  impl.RaftServerImpl (RaftServerImpl.java:setRole(184)) - 67f35358-9777-4ff9-96f4-8a61bc3a94fe@group-21BA9BD4283D: changes role from  FOLLOWER to FOLLOWER at term 136 for recognizeCandidate:7c431f9d-51bc-458b-a3a6-511ec217d887
2019-10-17 06:47:52,081 [grpc-default-executor-4] INFO  impl.RoleInfo (RoleInfo.java:shutdownFollowerState(121)) - b9cfa588-8e56-4331-be2f-4c26f25c6739: shutdown FollowerState
2019-10-17 06:47:52,081 [grpc-default-executor-3] INFO  impl.RoleInfo (RoleInfo.java:shutdownFollowerState(121)) - 67f35358-9777-4ff9-96f4-8a61bc3a94fe: shutdown FollowerState
2019-10-17 06:47:52,081 [Thread-2100] INFO  impl.FollowerState (FollowerState.java:run(117)) - b9cfa588-8e56-4331-be2f-4c26f25c6739@group-21BA9BD4283D-FollowerState was interrupted: java.lang.InterruptedException: sleep interrupted
2019-10-17 06:47:52,081 [grpc-default-executor-4] INFO  impl.RoleInfo (RoleInfo.java:updateAndGet(143)) - b9cfa588-8e56-4331-be2f-4c26f25c6739: start FollowerState
2019-10-17 06:47:52,082 [Thread-2099] INFO  impl.FollowerState (FollowerState.java:run(117)) - 67f35358-9777-4ff9-96f4-8a61bc3a94fe@group-21BA9BD4283D-FollowerState was interrupted: java.lang.InterruptedException: sleep interrupted
2019-10-17 06:47:52,082 [grpc-default-executor-3] INFO  impl.RoleInfo (RoleInfo.java:updateAndGet(143)) - 67f35358-9777-4ff9-96f4-8a61bc3a94fe: start FollowerState
2019-10-17 06:47:52,093 [7c431f9d-51bc-458b-a3a6-511ec217d887@group-21BA9BD4283D-LeaderElection200] INFO  impl.LeaderElection (LeaderElection.java:logAndReturn(56)) - 7c431f9d-51bc-458b-a3a6-511ec217d887@group-21BA9BD4283D-LeaderElection200: Election REJECTED; received 2 response(s) [7c431f9d-51bc-458b-a3a6-511ec217d887<-67f35358-9777-4ff9-96f4-8a61bc3a94fe#0:FAIL-t136, 7c431f9d-51bc-458b-a3a6-511ec217d887<-b9cfa588-8e56-4331-be2f-4c26f25c6739#0:FAIL-t136] and 0 exception(s); 7c431f9d-51bc-458b-a3a6-511ec217d887@group-21BA9BD4283D:t136, leader=null, voted=7c431f9d-51bc-458b-a3a6-511ec217d887, raftlog=7c431f9d-51bc-458b-a3a6-511ec217d887@group-21BA9BD4283D-SegmentedRaftLog:OPENED:c-1,f-1,i0, conf=-1: [67f35358-9777-4ff9-96f4-8a61bc3a94fe:192.168.34.62:37037, 7c431f9d-51bc-458b-a3a6-511ec217d887:192.168.34.62:40420, b9cfa588-8e56-4331-be2f-4c26f25c6739:192.168.34.62:34777], old=null
2019-10-17 06:47:52,093 [7c431f9d-51bc-458b-a3a6-511ec217d887@group-21BA9BD4283D-LeaderElection200] INFO  impl.RaftServerImpl (RaftServerImpl.java:setRole(184)) - 7c431f9d-51bc-458b-a3a6-511ec217d887@group-21BA9BD4283D: changes role from CANDIDATE to FOLLOWER at term 136 for DISCOVERED_A_NEW_TERM
2019-10-17 06:47:52,093 [7c431f9d-51bc-458b-a3a6-511ec217d887@group-21BA9BD4283D-LeaderElection200] INFO  impl.RoleInfo (RoleInfo.java:shutdownLeaderElection(134)) - 7c431f9d-51bc-458b-a3a6-511ec217d887: shutdown LeaderElection
2019-10-17 06:47:52,093 [7c431f9d-51bc-458b-a3a6-511ec217d887@group-21BA9BD4283D-LeaderElection200] INFO  impl.RoleInfo (RoleInfo.java:updateAndGet(143)) - 7c431f9d-51bc-458b-a3a6-511ec217d887: start FollowerState
2019-10-17 06:47:52,097 [main] INFO  ozone.MiniOzoneClusterImpl (MiniOzoneClusterImpl.java:lambda$waitForClusterToBeReady$2(164)) - Waiting for 1 number of pipelines out of 4, to report a leader.
2019-10-17 06:47:52,134 [Thread-2107] INFO  impl.FollowerState (FollowerState.java:run(108)) - 7c431f9d-51bc-458b-a3a6-511ec217d887@group-21BA9BD4283D-FollowerState: change to CANDIDATE, lastRpcTime:40ms, electionTimeout:40ms
2019-10-17 06:47:52,134 [Thread-2107] INFO  impl.RoleInfo (RoleInfo.java:shutdownFollowerState(121)) - 7c431f9d-51bc-458b-a3a6-511ec217d887: shutdown FollowerState
2019-10-17 06:47:52,134 [Thread-2107] INFO  impl.RaftServerImpl (RaftServerImpl.java:setRole(184)) - 7c431f9d-51bc-458b-a3a6-511ec217d887@group-21BA9BD4283D: changes role from  FOLLOWER to CANDIDATE at term 136 for changeToCandidate
2019-10-17 06:47:52,134 [Thread-2107] INFO  impl.RoleInfo (RoleInfo.java:updateAndGet(143)) - 7c431f9d-51bc-458b-a3a6-511ec217d887: start LeaderElection
2019-10-17 06:47:52,140 [7c431f9d-51bc-458b-a3a6-511ec217d887@group-21BA9BD4283D-LeaderElection201] INFO  impl.LeaderElection (LeaderElection.java:askForVotes(178)) - 7c431f9d-51bc-458b-a3a6-511ec217d887@group-21BA9BD4283D-LeaderElection201: begin an election at term 137 for -1: [67f35358-9777-4ff9-96f4-8a61bc3a94fe:192.168.34.62:37037, 7c431f9d-51bc-458b-a3a6-511ec217d887:192.168.34.62:40420, b9cfa588-8e56-4331-be2f-4c26f25c6739:192.168.34.62:34777], old=null
2019-10-17 06:47:52,142 [grpc-default-executor-4] INFO  impl.RaftServerImpl (RaftServerImpl.java:setRole(184)) - b9cfa588-8e56-4331-be2f-4c26f25c6739@group-21BA9BD4283D: changes role from  FOLLOWER to FOLLOWER at term 137 for recognizeCandidate:7c431f9d-51bc-458b-a3a6-511ec217d887
2019-10-17 06:47:52,142 [grpc-default-executor-3] INFO  impl.RaftServerImpl (RaftServerImpl.java:setRole(184)) - 67f35358-9777-4ff9-96f4-8a61bc3a94fe@group-21BA9BD4283D: changes role from  FOLLOWER to FOLLOWER at term 137 for recognizeCandidate:7c431f9d-51bc-458b-a3a6-511ec217d887
2019-10-17 06:47:52,142 [grpc-default-executor-3] INFO  impl.RoleInfo (RoleInfo.java:shutdownFollowerState(121)) - 67f35358-9777-4ff9-96f4-8a61bc3a94fe: shutdown FollowerState
2019-10-17 06:47:52,142 [grpc-default-executor-4] INFO  impl.RoleInfo (RoleInfo.java:shutdownFollowerState(121)) - b9cfa588-8e56-4331-be2f-4c26f25c6739: shutdown FollowerState
2019-10-17 06:47:52,142 [Thread-2106] INFO  impl.FollowerState (FollowerState.java:run(117)) - 67f35358-9777-4ff9-96f4-8a61bc3a94fe@group-21BA9BD4283D-FollowerState was interrupted: java.lang.InterruptedException: sleep interrupted
2019-10-17 06:47:52,142 [grpc-default-executor-3] INFO  impl.RoleInfo (RoleInfo.java:updateAndGet(143)) - 67f35358-9777-4ff9-96f4-8a61bc3a94fe: start FollowerState
2019-10-17 06:47:52,142 [grpc-default-executor-4] INFO  impl.RoleInfo (RoleInfo.java:updateAndGet(143)) - b9cfa588-8e56-4331-be2f-4c26f25c6739: start FollowerState
2019-10-17 06:47:52,142 [Thread-2105] INFO  impl.FollowerState (FollowerState.java:run(117)) - b9cfa588-8e56-4331-be2f-4c26f25c6739@group-21BA9BD4283D-FollowerState was interrupted: java.lang.InterruptedException: sleep interrupted
2019-10-17 06:47:52,150 [7c431f9d-51bc-458b-a3a6-511ec217d887@group-21BA9BD4283D-LeaderElection201] INFO  impl.LeaderElection (LeaderElection.java:logAndReturn(56)) - 7c431f9d-51bc-458b-a3a6-511ec217d887@group-21BA9BD4283D-LeaderElection201: Election REJECTED; received 2 response(s) [7c431f9d-51bc-458b-a3a6-511ec217d887<-67f35358-9777-4ff9-96f4-8a61bc3a94fe#0:FAIL-t137, 7c431f9d-51bc-458b-a3a6-511ec217d887<-b9cfa588-8e56-4331-be2f-4c26f25c6739#0:FAIL-t137] and 0 exception(s); 7c431f9d-51bc-458b-a3a6-511ec217d887@group-21BA9BD4283D:t137, leader=null, voted=7c431f9d-51bc-458b-a3a6-511ec217d887, raftlog=7c431f9d-51bc-458b-a3a6-511ec217d887@group-21BA9BD4283D-SegmentedRaftLog:OPENED:c-1,f-1,i0, conf=-1: [67f35358-9777-4ff9-96f4-8a61bc3a94fe:192.168.34.62:37037, 7c431f9d-51bc-458b-a3a6-511ec217d887:192.168.34.62:40420, b9cfa588-8e56-4331-be2f-4c26f25c6739:192.168.34.62:34777], old=null
2019-10-17 06:47:52,150 [7c431f9d-51bc-458b-a3a6-511ec217d887@group-21BA9BD4283D-LeaderElection201] INFO  impl.RaftServerImpl (RaftServerImpl.java:setRole(184)) - 7c431f9d-51bc-458b-a3a6-511ec217d887@group-21BA9BD4283D: changes role from CANDIDATE to FOLLOWER at term 137 for DISCOVERED_A_NEW_TERM
2019-10-17 06:47:52,150 [7c431f9d-51bc-458b-a3a6-511ec217d887@group-21BA9BD4283D-LeaderElection201] INFO  impl.RoleInfo (RoleInfo.java:shutdownLeaderElection(134)) - 7c431f9d-51bc-458b-a3a6-511ec217d887: shutdown LeaderElection
2019-10-17 06:47:52,150 [7c431f9d-51bc-458b-a3a6-511ec217d887@group-21BA9BD4283D-LeaderElection201] INFO  impl.RoleInfo (RoleInfo.java:updateAndGet(143)) - 7c431f9d-51bc-458b-a3a6-511ec217d887: start FollowerState
2019-10-17 06:47:52,239 [Thread-2113] INFO  impl.FollowerState (FollowerState.java:run(108)) - 7c431f9d-51bc-458b-a3a6-511ec217d887@group-21BA9BD4283D-FollowerState: change to CANDIDATE, lastRpcTime:89ms, electionTimeout:89ms
2019-10-17 06:47:52,239 [Thread-2113] INFO  impl.RoleInfo (RoleInfo.java:shutdownFollowerState(121)) - 7c431f9d-51bc-458b-a3a6-511ec217d887: shutdown FollowerState
2019-10-17 06:47:52,239 [Thread-2113] INFO  impl.RaftServerImpl (RaftServerImpl.java:setRole(184)) - 7c431f9d-51bc-458b-a3a6-511ec217d887@group-21BA9BD4283D: changes role from  FOLLOWER to CANDIDATE at term 137 for changeToCandidate
2019-10-17 06:47:52,240 [Thread-2113] INFO  impl.RoleInfo (RoleInfo.java:updateAndGet(143)) - 7c431f9d-51bc-458b-a3a6-511ec217d887: start LeaderElection
2019-10-17 06:47:52,263 [7c431f9d-51bc-458b-a3a6-511ec217d887@group-21BA9BD4283D-LeaderElection202] INFO  impl.LeaderElection (LeaderElection.java:askForVotes(178)) - 7c431f9d-51bc-458b-a3a6-511ec217d887@group-21BA9BD4283D-LeaderElection202: begin an election at term 138 for -1: [67f35358-9777-4ff9-96f4-8a61bc3a94fe:192.168.34.62:37037, 7c431f9d-51bc-458b-a3a6-511ec217d887:192.168.34.62:40420, b9cfa588-8e56-4331-be2f-4c26f25c6739:192.168.34.62:34777], old=null
2019-10-17 06:47:52,265 [grpc-default-executor-3] INFO  impl.RaftServerImpl (RaftServerImpl.java:setRole(184)) - 67f35358-9777-4ff9-96f4-8a61bc3a94fe@group-21BA9BD4283D: changes role from  FOLLOWER to FOLLOWER at term 138 for recognizeCandidate:7c431f9d-51bc-458b-a3a6-511ec217d887
2019-10-17 06:47:52,265 [grpc-default-executor-4] INFO  impl.RaftServerImpl (RaftServerImpl.java:setRole(184)) - b9cfa588-8e56-4331-be2f-4c26f25c6739@group-21BA9BD4283D: changes role from  FOLLOWER to FOLLOWER at term 138 for recognizeCandidate:7c431f9d-51bc-458b-a3a6-511ec217d887
2019-10-17 06:47:52,265 [grpc-default-executor-3] INFO  impl.RoleInfo (RoleInfo.java:shutdownFollowerState(121)) - 67f35358-9777-4ff9-96f4-8a61bc3a94fe: shutdown FollowerState
2019-10-17 06:47:52,265 [grpc-default-executor-4] INFO  impl.RoleInfo (RoleInfo.java:shutdownFollowerState(121)) - b9cfa588-8e56-4331-be2f-4c26f25c6739: shutdown FollowerState
2019-10-17 06:47:52,265 [grpc-default-executor-3] INFO  impl.RoleInfo (RoleInfo.java:updateAndGet(143)) - 67f35358-9777-4ff9-96f4-8a61bc3a94fe: start FollowerState
2019-10-17 06:47:52,265 [Thread-2112] INFO  impl.FollowerState (FollowerState.java:run(117)) - b9cfa588-8e56-4331-be2f-4c26f25c6739@group-21BA9BD4283D-FollowerState was interrupted: java.lang.InterruptedException: sleep interrupted
2019-10-17 06:47:52,265 [Thread-2111] INFO  impl.FollowerState (FollowerState.java:run(117)) - 67f35358-9777-4ff9-96f4-8a61bc3a94fe@group-21BA9BD4283D-FollowerState was interrupted: java.lang.InterruptedException: sleep interrupted
2019-10-17 06:47:52,265 [grpc-default-executor-4] INFO  impl.RoleInfo (RoleInfo.java:updateAndGet(143)) - b9cfa588-8e56-4331-be2f-4c26f25c6739: start FollowerState
2019-10-17 06:47:52,273 [7c431f9d-51bc-458b-a3a6-511ec217d887@group-21BA9BD4283D-LeaderElection202] INFO  impl.LeaderElection (LeaderElection.java:logAndReturn(56)) - 7c431f9d-51bc-458b-a3a6-511ec217d887@group-21BA9BD4283D-LeaderElection202: Election REJECTED; received 2 response(s) [7c431f9d-51bc-458b-a3a6-511ec217d887<-67f35358-9777-4ff9-96f4-8a61bc3a94fe#0:FAIL-t138, 7c431f9d-51bc-458b-a3a6-511ec217d887<-b9cfa588-8e56-4331-be2f-4c26f25c6739#0:FAIL-t138] and 0 exception(s); 7c431f9d-51bc-458b-a3a6-511ec217d887@group-21BA9BD4283D:t138, leader=null, voted=7c431f9d-51bc-458b-a3a6-511ec217d887, raftlog=7c431f9d-51bc-458b-a3a6-511ec217d887@group-21BA9BD4283D-SegmentedRaftLog:OPENED:c-1,f-1,i0, conf=-1: [67f35358-9777-4ff9-96f4-8a61bc3a94fe:192.168.34.62:37037, 7c431f9d-51bc-458b-a3a6-511ec217d887:192.168.34.62:40420, b9cfa588-8e56-4331-be2f-4c26f25c6739:192.168.34.62:34777], old=null
2019-10-17 06:47:52,273 [7c431f9d-51bc-458b-a3a6-511ec217d887@group-21BA9BD4283D-LeaderElection202] INFO  impl.RaftServerImpl (RaftServerImpl.java:setRole(184)) - 7c431f9d-51bc-458b-a3a6-511ec217d887@group-21BA9BD4283D: changes role from CANDIDATE to FOLLOWER at term 138 for DISCOVERED_A_NEW_TERM
2019-10-17 06:47:52,273 [7c431f9d-51bc-458b-a3a6-511ec217d887@group-21BA9BD4283D-LeaderElection202] INFO  impl.RoleInfo (RoleInfo.java:shutdownLeaderElection(134)) - 7c431f9d-51bc-458b-a3a6-511ec217d887: shutdown LeaderElection
2019-10-17 06:47:52,274 [7c431f9d-51bc-458b-a3a6-511ec217d887@group-21BA9BD4283D-LeaderElection202] INFO  impl.RoleInfo (RoleInfo.java:updateAndGet(143)) - 7c431f9d-51bc-458b-a3a6-511ec217d887: start FollowerState
2019-10-17 06:47:52,445 [Thread-2119] INFO  impl.FollowerState (FollowerState.java:run(108)) - 7c431f9d-51bc-458b-a3a6-511ec217d887@group-21BA9BD4283D-FollowerState: change to CANDIDATE, lastRpcTime:171ms, electionTimeout:171ms
2019-10-17 06:47:52,445 [Thread-2119] INFO  impl.RoleInfo (RoleInfo.java:shutdownFollowerState(121)) - 7c431f9d-51bc-458b-a3a6-511ec217d887: shutdown FollowerState
2019-10-17 06:47:52,445 [Thread-2119] INFO  impl.RaftServerImpl (RaftServerImpl.java:setRole(184)) - 7c431f9d-51bc-458b-a3a6-511ec217d887@group-21BA9BD4283D: changes role from  FOLLOWER to CANDIDATE at term 138 for changeToCandidate
2019-10-17 06:47:52,445 [Thread-2119] INFO  impl.RoleInfo (RoleInfo.java:updateAndGet(143)) - 7c431f9d-51bc-458b-a3a6-511ec217d887: start LeaderElection
2019-10-17 06:47:52,458 [7c431f9d-51bc-458b-a3a6-511ec217d887@group-21BA9BD4283D-LeaderElection203] INFO  impl.LeaderElection (LeaderElection.java:askForVotes(178)) - 7c431f9d-51bc-458b-a3a6-511ec217d887@group-21BA9BD4283D-LeaderElection203: begin an election at term 139 for -1: [67f35358-9777-4ff9-96f4-8a61bc3a94fe:192.168.34.62:37037, 7c431f9d-51bc-458b-a3a6-511ec217d887:192.168.34.62:40420, b9cfa588-8e56-4331-be2f-4c26f25c6739:192.168.34.62:34777], old=null
2019-10-17 06:47:52,460 [grpc-default-executor-3] INFO  impl.RaftServerImpl (RaftServerImpl.java:setRole(184)) - 67f35358-9777-4ff9-96f4-8a61bc3a94fe@group-21BA9BD4283D: changes role from  FOLLOWER to FOLLOWER at term 139 for recognizeCandidate:7c431f9d-51bc-458b-a3a6-511ec217d887
2019-10-17 06:47:52,460 [grpc-default-executor-4] INFO  impl.RaftServerImpl (RaftServerImpl.java:setRole(184)) - b9cfa588-8e56-4331-be2f-4c26f25c6739@group-21BA9BD4283D: changes role from  FOLLOWER to FOLLOWER at term 139 for recognizeCandidate:7c431f9d-51bc-458b-a3a6-511ec217d887
2019-10-17 06:47:52,460 [grpc-default-executor-3] INFO  impl.RoleInfo (RoleInfo.java:shutdownFollowerState(121)) - 67f35358-9777-4ff9-96f4-8a61bc3a94fe: shutdown FollowerState
2019-10-17 06:47:52,460 [grpc-default-executor-4] INFO  impl.RoleInfo (RoleInfo.java:shutdownFollowerState(121)) - b9cfa588-8e56-4331-be2f-4c26f25c6739: shutdown FollowerState
2019-10-17 06:47:52,461 [Thread-2117] INFO  impl.FollowerState (FollowerState.java:run(117)) - 67f35358-9777-4ff9-96f4-8a61bc3a94fe@group-21BA9BD4283D-FollowerState was interrupted: java.lang.InterruptedException: sleep interrupted
2019-10-17 06:47:52,461 [grpc-default-executor-4] INFO  impl.RoleInfo (RoleInfo.java:updateAndGet(143)) - b9cfa588-8e56-4331-be2f-4c26f25c6739: start FollowerState
2019-10-17 06:47:52,461 [grpc-default-executor-3] INFO  impl.RoleInfo (RoleInfo.java:updateAndGet(143)) - 67f35358-9777-4ff9-96f4-8a61bc3a94fe: start FollowerState
2019-10-17 06:47:52,461 [Thread-2118] INFO  impl.FollowerState (FollowerState.java:run(117)) - b9cfa588-8e56-4331-be2f-4c26f25c6739@group-21BA9BD4283D-FollowerState was interrupted: java.lang.InterruptedException: sleep interrupted
2019-10-17 06:47:52,504 [7c431f9d-51bc-458b-a3a6-511ec217d887@group-21BA9BD4283D-LeaderElection203] INFO  impl.LeaderElection (LeaderElection.java:logAndReturn(56)) - 7c431f9d-51bc-458b-a3a6-511ec217d887@group-21BA9BD4283D-LeaderElection203: Election REJECTED; received 2 response(s) [7c431f9d-51bc-458b-a3a6-511ec217d887<-67f35358-9777-4ff9-96f4-8a61bc3a94fe#0:FAIL-t139, 7c431f9d-51bc-458b-a3a6-511ec217d887<-b9cfa588-8e56-4331-be2f-4c26f25c6739#0:FAIL-t139] and 0 exception(s); 7c431f9d-51bc-458b-a3a6-511ec217d887@group-21BA9BD4283D:t139, leader=null, voted=7c431f9d-51bc-458b-a3a6-511ec217d887, raftlog=7c431f9d-51bc-458b-a3a6-511ec217d887@group-21BA9BD4283D-SegmentedRaftLog:OPENED:c-1,f-1,i0, conf=-1: [67f35358-9777-4ff9-96f4-8a61bc3a94fe:192.168.34.62:37037, 7c431f9d-51bc-458b-a3a6-511ec217d887:192.168.34.62:40420, b9cfa588-8e56-4331-be2f-4c26f25c6739:192.168.34.62:34777], old=null
2019-10-17 06:47:52,504 [7c431f9d-51bc-458b-a3a6-511ec217d887@group-21BA9BD4283D-LeaderElection203] INFO  impl.RaftServerImpl (RaftServerImpl.java:setRole(184)) - 7c431f9d-51bc-458b-a3a6-511ec217d887@group-21BA9BD4283D: changes role from CANDIDATE to FOLLOWER at term 139 for DISCOVERED_A_NEW_TERM
2019-10-17 06:47:52,504 [7c431f9d-51bc-458b-a3a6-511ec217d887@group-21BA9BD4283D-LeaderElection203] INFO  impl.RoleInfo (RoleInfo.java:shutdownLeaderElection(134)) - 7c431f9d-51bc-458b-a3a6-511ec217d887: shutdown LeaderElection
2019-10-17 06:47:52,504 [7c431f9d-51bc-458b-a3a6-511ec217d887@group-21BA9BD4283D-LeaderElection203] INFO  impl.RoleInfo (RoleInfo.java:updateAndGet(143)) - 7c431f9d-51bc-458b-a3a6-511ec217d887: start FollowerState
2019-10-17 06:47:52,568 [Thread-2125] INFO  impl.FollowerState (FollowerState.java:run(108)) - 7c431f9d-51bc-458b-a3a6-511ec217d887@group-21BA9BD4283D-FollowerState: change to CANDIDATE, lastRpcTime:64ms, electionTimeout:64ms
2019-10-17 06:47:52,569 [Thread-2125] INFO  impl.RoleInfo (RoleInfo.java:shutdownFollowerState(121)) - 7c431f9d-51bc-458b-a3a6-511ec217d887: shutdown FollowerState
2019-10-17 06:47:52,569 [Thread-2125] INFO  impl.RaftServerImpl (RaftServerImpl.java:setRole(184)) - 7c431f9d-51bc-458b-a3a6-511ec217d887@group-21BA9BD4283D: changes role from  FOLLOWER to CANDIDATE at term 139 for changeToCandidate
2019-10-17 06:47:52,569 [Thread-2125] INFO  impl.RoleInfo (RoleInfo.java:updateAndGet(143)) - 7c431f9d-51bc-458b-a3a6-511ec217d887: start LeaderElection
2019-10-17 06:47:52,580 [7c431f9d-51bc-458b-a3a6-511ec217d887@group-21BA9BD4283D-LeaderElection204] INFO  impl.LeaderElection (LeaderElection.java:askForVotes(178)) - 7c431f9d-51bc-458b-a3a6-511ec217d887@group-21BA9BD4283D-LeaderElection204: begin an election at term 140 for -1: [67f35358-9777-4ff9-96f4-8a61bc3a94fe:192.168.34.62:37037, 7c431f9d-51bc-458b-a3a6-511ec217d887:192.168.34.62:40420, b9cfa588-8e56-4331-be2f-4c26f25c6739:192.168.34.62:34777], old=null
2019-10-17 06:47:52,582 [grpc-default-executor-4] INFO  impl.RaftServerImpl (RaftServerImpl.java:setRole(184)) - 67f35358-9777-4ff9-96f4-8a61bc3a94fe@group-21BA9BD4283D: changes role from  FOLLOWER to FOLLOWER at term 140 for recognizeCandidate:7c431f9d-51bc-458b-a3a6-511ec217d887
2019-10-17 06:47:52,582 [grpc-default-executor-3] INFO  impl.RaftServerImpl (RaftServerImpl.java:setRole(184)) - b9cfa588-8e56-4331-be2f-4c26f25c6739@group-21BA9BD4283D: changes role from  FOLLOWER to FOLLOWER at term 140 for recognizeCandidate:7c431f9d-51bc-458b-a3a6-511ec217d887
2019-10-17 06:47:52,582 [grpc-default-executor-3] INFO  impl.RoleInfo (RoleInfo.java:shutdownFollowerState(121)) - b9cfa588-8e56-4331-be2f-4c26f25c6739: shutdown FollowerState
2019-10-17 06:47:52,582 [grpc-default-executor-4] INFO  impl.RoleInfo (RoleInfo.java:shutdownFollowerState(121)) - 67f35358-9777-4ff9-96f4-8a61bc3a94fe: shutdown FollowerState
2019-10-17 06:47:52,583 [Thread-2124] INFO  impl.FollowerState (FollowerState.java:run(117)) - b9cfa588-8e56-4331-be2f-4c26f25c6739@group-21BA9BD4283D-FollowerState was interrupted: java.lang.InterruptedException: sleep interrupted
2019-10-17 06:47:52,583 [grpc-default-executor-3] INFO  impl.RoleInfo (RoleInfo.java:updateAndGet(143)) - b9cfa588-8e56-4331-be2f-4c26f25c6739: start FollowerState
2019-10-17 06:47:52,583 [grpc-default-executor-4] INFO  impl.RoleInfo (RoleInfo.java:updateAndGet(143)) - 67f35358-9777-4ff9-96f4-8a61bc3a94fe: start FollowerState
2019-10-17 06:47:52,583 [Thread-2123] INFO  impl.FollowerState (FollowerState.java:run(117)) - 67f35358-9777-4ff9-96f4-8a61bc3a94fe@group-21BA9BD4283D-FollowerState was interrupted: java.lang.InterruptedException: sleep interrupted
2019-10-17 06:47:52,595 [7c431f9d-51bc-458b-a3a6-511ec217d887@group-21BA9BD4283D-LeaderElection204] INFO  impl.LeaderElection (LeaderElection.java:logAndReturn(56)) - 7c431f9d-51bc-458b-a3a6-511ec217d887@group-21BA9BD4283D-LeaderElection204: Election REJECTED; received 2 response(s) [7c431f9d-51bc-458b-a3a6-511ec217d887<-67f35358-9777-4ff9-96f4-8a61bc3a94fe#0:FAIL-t140, 7c431f9d-51bc-458b-a3a6-511ec217d887<-b9cfa588-8e56-4331-be2f-4c26f25c6739#0:FAIL-t140] and 0 exception(s); 7c431f9d-51bc-458b-a3a6-511ec217d887@group-21BA9BD4283D:t140, leader=null, voted=7c431f9d-51bc-458b-a3a6-511ec217d887, raftlog=7c431f9d-51bc-458b-a3a6-511ec217d887@group-21BA9BD4283D-SegmentedRaftLog:OPENED:c-1,f-1,i0, conf=-1: [67f35358-9777-4ff9-96f4-8a61bc3a94fe:192.168.34.62:37037, 7c431f9d-51bc-458b-a3a6-511ec217d887:192.168.34.62:40420, b9cfa588-8e56-4331-be2f-4c26f25c6739:192.168.34.62:34777], old=null
2019-10-17 06:47:52,595 [7c431f9d-51bc-458b-a3a6-511ec217d887@group-21BA9BD4283D-LeaderElection204] INFO  impl.RaftServerImpl (RaftServerImpl.java:setRole(184)) - 7c431f9d-51bc-458b-a3a6-511ec217d887@group-21BA9BD4283D: changes role from CANDIDATE to FOLLOWER at term 140 for DISCOVERED_A_NEW_TERM
2019-10-17 06:47:52,595 [7c431f9d-51bc-458b-a3a6-511ec217d887@group-21BA9BD4283D-LeaderElection204] INFO  impl.RoleInfo (RoleInfo.java:shutdownLeaderElection(134)) - 7c431f9d-51bc-458b-a3a6-511ec217d887: shutdown LeaderElection
2019-10-17 06:47:52,595 [7c431f9d-51bc-458b-a3a6-511ec217d887@group-21BA9BD4283D-LeaderElection204] INFO  impl.RoleInfo (RoleInfo.java:updateAndGet(143)) - 7c431f9d-51bc-458b-a3a6-511ec217d887: start FollowerState
2019-10-17 06:47:52,694 [Thread-2131] INFO  impl.FollowerState (FollowerState.java:run(108)) - 7c431f9d-51bc-458b-a3a6-511ec217d887@group-21BA9BD4283D-FollowerState: change to CANDIDATE, lastRpcTime:98ms, electionTimeout:98ms
2019-10-17 06:47:52,694 [Thread-2131] INFO  impl.RoleInfo (RoleInfo.java:shutdownFollowerState(121)) - 7c431f9d-51bc-458b-a3a6-511ec217d887: shutdown FollowerState
2019-10-17 06:47:52,694 [Thread-2131] INFO  impl.RaftServerImpl (RaftServerImpl.java:setRole(184)) - 7c431f9d-51bc-458b-a3a6-511ec217d887@group-21BA9BD4283D: changes role from  FOLLOWER to CANDIDATE at term 140 for changeToCandidate
2019-10-17 06:47:52,694 [Thread-2131] INFO  impl.RoleInfo (RoleInfo.java:updateAndGet(143)) - 7c431f9d-51bc-458b-a3a6-511ec217d887: start LeaderElection
2019-10-17 06:47:52,716 [7c431f9d-51bc-458b-a3a6-511ec217d887@group-21BA9BD4283D-LeaderElection205] INFO  impl.LeaderElection (LeaderElection.java:askForVotes(178)) - 7c431f9d-51bc-458b-a3a6-511ec217d887@group-21BA9BD4283D-LeaderElection205: begin an election at term 141 for -1: [67f35358-9777-4ff9-96f4-8a61bc3a94fe:192.168.34.62:37037, 7c431f9d-51bc-458b-a3a6-511ec217d887:192.168.34.62:40420, b9cfa588-8e56-4331-be2f-4c26f25c6739:192.168.34.62:34777], old=null
2019-10-17 06:47:52,717 [grpc-default-executor-4] INFO  impl.RaftServerImpl (RaftServerImpl.java:setRole(184)) - 67f35358-9777-4ff9-96f4-8a61bc3a94fe@group-21BA9BD4283D: changes role from  FOLLOWER to FOLLOWER at term 141 for recognizeCandidate:7c431f9d-51bc-458b-a3a6-511ec217d887
2019-10-17 06:47:52,718 [grpc-default-executor-4] INFO  impl.RoleInfo (RoleInfo.java:shutdownFollowerState(121)) - 67f35358-9777-4ff9-96f4-8a61bc3a94fe: shutdown FollowerState
2019-10-17 06:47:52,718 [grpc-default-executor-3] INFO  impl.RaftServerImpl (RaftServerImpl.java:setRole(184)) - b9cfa588-8e56-4331-be2f-4c26f25c6739@group-21BA9BD4283D: changes role from  FOLLOWER to FOLLOWER at term 141 for recognizeCandidate:7c431f9d-51bc-458b-a3a6-511ec217d887
2019-10-17 06:47:52,718 [grpc-default-executor-3] INFO  impl.RoleInfo (RoleInfo.java:shutdownFollowerState(121)) - b9cfa588-8e56-4331-be2f-4c26f25c6739: shutdown FollowerState
2019-10-17 06:47:52,718 [Thread-2130] INFO  impl.FollowerState (FollowerState.java:run(117)) - 67f35358-9777-4ff9-96f4-8a61bc3a94fe@group-21BA9BD4283D-FollowerState was interrupted: java.lang.InterruptedException: sleep interrupted
2019-10-17 06:47:52,718 [grpc-default-executor-4] INFO  impl.RoleInfo (RoleInfo.java:updateAndGet(143)) - 67f35358-9777-4ff9-96f4-8a61bc3a94fe: start FollowerState
2019-10-17 06:47:52,718 [Thread-2129] INFO  impl.FollowerState (FollowerState.java:run(117)) - b9cfa588-8e56-4331-be2f-4c26f25c6739@group-21BA9BD4283D-FollowerState was interrupted: java.lang.InterruptedException: sleep interrupted
2019-10-17 06:47:52,718 [grpc-default-executor-3] INFO  impl.RoleInfo (RoleInfo.java:updateAndGet(143)) - b9cfa588-8e56-4331-be2f-4c26f25c6739: start FollowerState
2019-10-17 06:47:52,732 [7c431f9d-51bc-458b-a3a6-511ec217d887@group-21BA9BD4283D-LeaderElection205] INFO  impl.LeaderElection (LeaderElection.java:logAndReturn(56)) - 7c431f9d-51bc-458b-a3a6-511ec217d887@group-21BA9BD4283D-LeaderElection205: Election REJECTED; received 2 response(s) [7c431f9d-51bc-458b-a3a6-511ec217d887<-67f35358-9777-4ff9-96f4-8a61bc3a94fe#0:FAIL-t141, 7c431f9d-51bc-458b-a3a6-511ec217d887<-b9cfa588-8e56-4331-be2f-4c26f25c6739#0:FAIL-t141] and 0 exception(s); 7c431f9d-51bc-458b-a3a6-511ec217d887@group-21BA9BD4283D:t141, leader=null, voted=7c431f9d-51bc-458b-a3a6-511ec217d887, raftlog=7c431f9d-51bc-458b-a3a6-511ec217d887@group-21BA9BD4283D-SegmentedRaftLog:OPENED:c-1,f-1,i0, conf=-1: [67f35358-9777-4ff9-96f4-8a61bc3a94fe:192.168.34.62:37037, 7c431f9d-51bc-458b-a3a6-511ec217d887:192.168.34.62:40420, b9cfa588-8e56-4331-be2f-4c26f25c6739:192.168.34.62:34777], old=null
2019-10-17 06:47:52,732 [7c431f9d-51bc-458b-a3a6-511ec217d887@group-21BA9BD4283D-LeaderElection205] INFO  impl.RaftServerImpl (RaftServerImpl.java:setRole(184)) - 7c431f9d-51bc-458b-a3a6-511ec217d887@group-21BA9BD4283D: changes role from CANDIDATE to FOLLOWER at term 141 for DISCOVERED_A_NEW_TERM
2019-10-17 06:47:52,732 [7c431f9d-51bc-458b-a3a6-511ec217d887@group-21BA9BD4283D-LeaderElection205] INFO  impl.RoleInfo (RoleInfo.java:shutdownLeaderElection(134)) - 7c431f9d-51bc-458b-a3a6-511ec217d887: shutdown LeaderElection
2019-10-17 06:47:52,732 [7c431f9d-51bc-458b-a3a6-511ec217d887@group-21BA9BD4283D-LeaderElection205] INFO  impl.RoleInfo (RoleInfo.java:updateAndGet(143)) - 7c431f9d-51bc-458b-a3a6-511ec217d887: start FollowerState
2019-10-17 06:47:52,843 [Thread-2137] INFO  impl.FollowerState (FollowerState.java:run(108)) - 7c431f9d-51bc-458b-a3a6-511ec217d887@group-21BA9BD4283D-FollowerState: change to CANDIDATE, lastRpcTime:110ms, electionTimeout:110ms
2019-10-17 06:47:52,843 [Thread-2137] INFO  impl.RoleInfo (RoleInfo.java:shutdownFollowerState(121)) - 7c431f9d-51bc-458b-a3a6-511ec217d887: shutdown FollowerState
2019-10-17 06:47:52,843 [Thread-2137] INFO  impl.RaftServerImpl (RaftServerImpl.java:setRole(184)) - 7c431f9d-51bc-458b-a3a6-511ec217d887@group-21BA9BD4283D: changes role from  FOLLOWER to CANDIDATE at term 141 for changeToCandidate
2019-10-17 06:47:52,843 [Thread-2137] INFO  impl.RoleInfo (RoleInfo.java:updateAndGet(143)) - 7c431f9d-51bc-458b-a3a6-511ec217d887: start LeaderElection
2019-10-17 06:47:52,853 [7c431f9d-51bc-458b-a3a6-511ec217d887@group-21BA9BD4283D-LeaderElection206] INFO  impl.LeaderElection (LeaderElection.java:askForVotes(178)) - 7c431f9d-51bc-458b-a3a6-511ec217d887@group-21BA9BD4283D-LeaderElection206: begin an election at term 142 for -1: [67f35358-9777-4ff9-96f4-8a61bc3a94fe:192.168.34.62:37037, 7c431f9d-51bc-458b-a3a6-511ec217d887:192.168.34.62:40420, b9cfa588-8e56-4331-be2f-4c26f25c6739:192.168.34.62:34777], old=null
2019-10-17 06:47:52,855 [grpc-default-executor-4] INFO  impl.RaftServerImpl (RaftServerImpl.java:setRole(184)) - b9cfa588-8e56-4331-be2f-4c26f25c6739@group-21BA9BD4283D: changes role from  FOLLOWER to FOLLOWER at term 142 for recognizeCandidate:7c431f9d-51bc-458b-a3a6-511ec217d887
2019-10-17 06:47:52,855 [grpc-default-executor-3] INFO  impl.RaftServerImpl (RaftServerImpl.java:setRole(184)) - 67f35358-9777-4ff9-96f4-8a61bc3a94fe@group-21BA9BD4283D: changes role from  FOLLOWER to FOLLOWER at term 142 for recognizeCandidate:7c431f9d-51bc-458b-a3a6-511ec217d887
2019-10-17 06:47:52,855 [grpc-default-executor-4] INFO  impl.RoleInfo (RoleInfo.java:shutdownFollowerState(121)) - b9cfa588-8e56-4331-be2f-4c26f25c6739: shutdown FollowerState
2019-10-17 06:47:52,855 [grpc-default-executor-3] INFO  impl.RoleInfo (RoleInfo.java:shutdownFollowerState(121)) - 67f35358-9777-4ff9-96f4-8a61bc3a94fe: shutdown FollowerState
2019-10-17 06:47:52,856 [Thread-2136] INFO  impl.FollowerState (FollowerState.java:run(117)) - b9cfa588-8e56-4331-be2f-4c26f25c6739@group-21BA9BD4283D-FollowerState was interrupted: java.lang.InterruptedException: sleep interrupted
2019-10-17 06:47:52,856 [grpc-default-executor-4] INFO  impl.RoleInfo (RoleInfo.java:updateAndGet(143)) - b9cfa588-8e56-4331-be2f-4c26f25c6739: start FollowerState
2019-10-17 06:47:52,856 [Thread-2135] INFO  impl.FollowerState (FollowerState.java:run(117)) - 67f35358-9777-4ff9-96f4-8a61bc3a94fe@group-21BA9BD4283D-FollowerState was interrupted: java.lang.InterruptedException: sleep interrupted
2019-10-17 06:47:52,856 [grpc-default-executor-3] INFO  impl.RoleInfo (RoleInfo.java:updateAndGet(143)) - 67f35358-9777-4ff9-96f4-8a61bc3a94fe: start FollowerState
2019-10-17 06:47:52,871 [7c431f9d-51bc-458b-a3a6-511ec217d887@group-21BA9BD4283D-LeaderElection206] INFO  impl.LeaderElection (LeaderElection.java:logAndReturn(56)) - 7c431f9d-51bc-458b-a3a6-511ec217d887@group-21BA9BD4283D-LeaderElection206: Election REJECTED; received 2 response(s) [7c431f9d-51bc-458b-a3a6-511ec217d887<-67f35358-9777-4ff9-96f4-8a61bc3a94fe#0:FAIL-t142, 7c431f9d-51bc-458b-a3a6-511ec217d887<-b9cfa588-8e56-4331-be2f-4c26f25c6739#0:FAIL-t142] and 0 exception(s); 7c431f9d-51bc-458b-a3a6-511ec217d887@group-21BA9BD4283D:t142, leader=null, voted=7c431f9d-51bc-458b-a3a6-511ec217d887, raftlog=7c431f9d-51bc-458b-a3a6-511ec217d887@group-21BA9BD4283D-SegmentedRaftLog:OPENED:c-1,f-1,i0, conf=-1: [67f35358-9777-4ff9-96f4-8a61bc3a94fe:192.168.34.62:37037, 7c431f9d-51bc-458b-a3a6-511ec217d887:192.168.34.62:40420, b9cfa588-8e56-4331-be2f-4c26f25c6739:192.168.34.62:34777], old=null
2019-10-17 06:47:52,871 [7c431f9d-51bc-458b-a3a6-511ec217d887@group-21BA9BD4283D-LeaderElection206] INFO  impl.RaftServerImpl (RaftServerImpl.java:setRole(184)) - 7c431f9d-51bc-458b-a3a6-511ec217d887@group-21BA9BD4283D: changes role from CANDIDATE to FOLLOWER at term 142 for DISCOVERED_A_NEW_TERM
2019-10-17 06:47:52,871 [7c431f9d-51bc-458b-a3a6-511ec217d887@group-21BA9BD4283D-LeaderElection206] INFO  impl.RoleInfo (RoleInfo.java:shutdownLeaderElection(134)) - 7c431f9d-51bc-458b-a3a6-511ec217d887: shutdown LeaderElection
2019-10-17 06:47:52,871 [7c431f9d-51bc-458b-a3a6-511ec217d887@group-21BA9BD4283D-LeaderElection206] INFO  impl.RoleInfo (RoleInfo.java:updateAndGet(143)) - 7c431f9d-51bc-458b-a3a6-511ec217d887: start FollowerState
2019-10-17 06:47:53,030 [Thread-2143] INFO  impl.FollowerState (FollowerState.java:run(108)) - 7c431f9d-51bc-458b-a3a6-511ec217d887@group-21BA9BD4283D-FollowerState: change to CANDIDATE, lastRpcTime:159ms, electionTimeout:159ms
2019-10-17 06:47:53,031 [Thread-2143] INFO  impl.RoleInfo (RoleInfo.java:shutdownFollowerState(121)) - 7c431f9d-51bc-458b-a3a6-511ec217d887: shutdown FollowerState
2019-10-17 06:47:53,031 [Thread-2143] INFO  impl.RaftServerImpl (RaftServerImpl.java:setRole(184)) - 7c431f9d-51bc-458b-a3a6-511ec217d887@group-21BA9BD4283D: changes role from  FOLLOWER to CANDIDATE at term 142 for changeToCandidate
2019-10-17 06:47:53,031 [Thread-2143] INFO  impl.RoleInfo (RoleInfo.java:updateAndGet(143)) - 7c431f9d-51bc-458b-a3a6-511ec217d887: start LeaderElection
2019-10-17 06:47:53,044 [7c431f9d-51bc-458b-a3a6-511ec217d887@group-21BA9BD4283D-LeaderElection207] INFO  impl.LeaderElection (LeaderElection.java:askForVotes(178)) - 7c431f9d-51bc-458b-a3a6-511ec217d887@group-21BA9BD4283D-LeaderElection207: begin an election at term 143 for -1: [67f35358-9777-4ff9-96f4-8a61bc3a94fe:192.168.34.62:37037, 7c431f9d-51bc-458b-a3a6-511ec217d887:192.168.34.62:40420, b9cfa588-8e56-4331-be2f-4c26f25c6739:192.168.34.62:34777], old=null
2019-10-17 06:47:53,046 [grpc-default-executor-4] INFO  impl.RaftServerImpl (RaftServerImpl.java:setRole(184)) - b9cfa588-8e56-4331-be2f-4c26f25c6739@group-21BA9BD4283D: changes role from  FOLLOWER to FOLLOWER at term 143 for recognizeCandidate:7c431f9d-51bc-458b-a3a6-511ec217d887
2019-10-17 06:47:53,046 [grpc-default-executor-3] INFO  impl.RaftServerImpl (RaftServerImpl.java:setRole(184)) - 67f35358-9777-4ff9-96f4-8a61bc3a94fe@group-21BA9BD4283D: changes role from  FOLLOWER to FOLLOWER at term 143 for recognizeCandidate:7c431f9d-51bc-458b-a3a6-511ec217d887
2019-10-17 06:47:53,046 [grpc-default-executor-4] INFO  impl.RoleInfo (RoleInfo.java:shutdownFollowerState(121)) - b9cfa588-8e56-4331-be2f-4c26f25c6739: shutdown FollowerState
2019-10-17 06:47:53,046 [grpc-default-executor-3] INFO  impl.RoleInfo (RoleInfo.java:shutdownFollowerState(121)) - 67f35358-9777-4ff9-96f4-8a61bc3a94fe: shutdown FollowerState
2019-10-17 06:47:53,046 [Thread-2141] INFO  impl.FollowerState (FollowerState.java:run(117)) - b9cfa588-8e56-4331-be2f-4c26f25c6739@group-21BA9BD4283D-FollowerState was interrupted: java.lang.InterruptedException: sleep interrupted
2019-10-17 06:47:53,046 [grpc-default-executor-4] INFO  impl.RoleInfo (RoleInfo.java:updateAndGet(143)) - b9cfa588-8e56-4331-be2f-4c26f25c6739: start FollowerState
2019-10-17 06:47:53,046 [Thread-2142] INFO  impl.FollowerState (FollowerState.java:run(117)) - 67f35358-9777-4ff9-96f4-8a61bc3a94fe@group-21BA9BD4283D-FollowerState was interrupted: java.lang.InterruptedException: sleep interrupted
2019-10-17 06:47:53,046 [grpc-default-executor-3] INFO  impl.RoleInfo (RoleInfo.java:updateAndGet(143)) - 67f35358-9777-4ff9-96f4-8a61bc3a94fe: start FollowerState
2019-10-17 06:47:53,056 [7c431f9d-51bc-458b-a3a6-511ec217d887@group-21BA9BD4283D-LeaderElection207] INFO  impl.LeaderElection (LeaderElection.java:logAndReturn(56)) - 7c431f9d-51bc-458b-a3a6-511ec217d887@group-21BA9BD4283D-LeaderElection207: Election TIMEOUT; received 0 response(s) [] and 0 exception(s); 7c431f9d-51bc-458b-a3a6-511ec217d887@group-21BA9BD4283D:t143, leader=null, voted=7c431f9d-51bc-458b-a3a6-511ec217d887, raftlog=7c431f9d-51bc-458b-a3a6-511ec217d887@group-21BA9BD4283D-SegmentedRaftLog:OPENED:c-1,f-1,i0, conf=-1: [67f35358-9777-4ff9-96f4-8a61bc3a94fe:192.168.34.62:37037, 7c431f9d-51bc-458b-a3a6-511ec217d887:192.168.34.62:40420, b9cfa588-8e56-4331-be2f-4c26f25c6739:192.168.34.62:34777], old=null
2019-10-17 06:47:53,073 [7c431f9d-51bc-458b-a3a6-511ec217d887@group-21BA9BD4283D-LeaderElection207] INFO  impl.LeaderElection (LeaderElection.java:askForVotes(178)) - 7c431f9d-51bc-458b-a3a6-511ec217d887@group-21BA9BD4283D-LeaderElection207: begin an election at term 144 for -1: [67f35358-9777-4ff9-96f4-8a61bc3a94fe:192.168.34.62:37037, 7c431f9d-51bc-458b-a3a6-511ec217d887:192.168.34.62:40420, b9cfa588-8e56-4331-be2f-4c26f25c6739:192.168.34.62:34777], old=null
2019-10-17 06:47:53,074 [grpc-default-executor-3] INFO  impl.RaftServerImpl (RaftServerImpl.java:setRole(184)) - 67f35358-9777-4ff9-96f4-8a61bc3a94fe@group-21BA9BD4283D: changes role from  FOLLOWER to FOLLOWER at term 144 for recognizeCandidate:7c431f9d-51bc-458b-a3a6-511ec217d887
2019-10-17 06:47:53,074 [grpc-default-executor-3] INFO  impl.RoleInfo (RoleInfo.java:shutdownFollowerState(121)) - 67f35358-9777-4ff9-96f4-8a61bc3a94fe: shutdown FollowerState
2019-10-17 06:47:53,075 [grpc-default-executor-3] INFO  impl.RoleInfo (RoleInfo.java:updateAndGet(143)) - 67f35358-9777-4ff9-96f4-8a61bc3a94fe: start FollowerState
2019-10-17 06:47:53,075 [Thread-2148] INFO  impl.FollowerState (FollowerState.java:run(117)) - 67f35358-9777-4ff9-96f4-8a61bc3a94fe@group-21BA9BD4283D-FollowerState was interrupted: java.lang.InterruptedException: sleep interrupted
2019-10-17 06:47:53,075 [grpc-default-executor-4] INFO  impl.RaftServerImpl (RaftServerImpl.java:setRole(184)) - b9cfa588-8e56-4331-be2f-4c26f25c6739@group-21BA9BD4283D: changes role from  FOLLOWER to FOLLOWER at term 144 for recognizeCandidate:7c431f9d-51bc-458b-a3a6-511ec217d887
2019-10-17 06:47:53,075 [grpc-default-executor-4] INFO  impl.RoleInfo (RoleInfo.java:shutdownFollowerState(121)) - b9cfa588-8e56-4331-be2f-4c26f25c6739: shutdown FollowerState
2019-10-17 06:47:53,075 [grpc-default-executor-4] INFO  impl.RoleInfo (RoleInfo.java:updateAndGet(143)) - b9cfa588-8e56-4331-be2f-4c26f25c6739: start FollowerState
2019-10-17 06:47:53,075 [Thread-2147] INFO  impl.FollowerState (FollowerState.java:run(117)) - b9cfa588-8e56-4331-be2f-4c26f25c6739@group-21BA9BD4283D-FollowerState was interrupted: java.lang.InterruptedException: sleep interrupted
2019-10-17 06:47:53,089 [7c431f9d-51bc-458b-a3a6-511ec217d887@group-21BA9BD4283D-LeaderElection207] INFO  impl.LeaderElection (LeaderElection.java:logAndReturn(56)) - 7c431f9d-51bc-458b-a3a6-511ec217d887@group-21BA9BD4283D-LeaderElection207: Election REJECTED; received 2 response(s) [7c431f9d-51bc-458b-a3a6-511ec217d887<-67f35358-9777-4ff9-96f4-8a61bc3a94fe#0:FAIL-t144, 7c431f9d-51bc-458b-a3a6-511ec217d887<-b9cfa588-8e56-4331-be2f-4c26f25c6739#0:FAIL-t144] and 0 exception(s); 7c431f9d-51bc-458b-a3a6-511ec217d887@group-21BA9BD4283D:t144, leader=null, voted=7c431f9d-51bc-458b-a3a6-511ec217d887, raftlog=7c431f9d-51bc-458b-a3a6-511ec217d887@group-21BA9BD4283D-SegmentedRaftLog:OPENED:c-1,f-1,i0, conf=-1: [67f35358-9777-4ff9-96f4-8a61bc3a94fe:192.168.34.62:37037, 7c431f9d-51bc-458b-a3a6-511ec217d887:192.168.34.62:40420, b9cfa588-8e56-4331-be2f-4c26f25c6739:192.168.34.62:34777], old=null
2019-10-17 06:47:53,089 [7c431f9d-51bc-458b-a3a6-511ec217d887@group-21BA9BD4283D-LeaderElection207] INFO  impl.RaftServerImpl (RaftServerImpl.java:setRole(184)) - 7c431f9d-51bc-458b-a3a6-511ec217d887@group-21BA9BD4283D: changes role from CANDIDATE to FOLLOWER at term 144 for DISCOVERED_A_NEW_TERM
2019-10-17 06:47:53,089 [7c431f9d-51bc-458b-a3a6-511ec217d887@group-21BA9BD4283D-LeaderElection207] INFO  impl.RoleInfo (RoleInfo.java:shutdownLeaderElection(134)) - 7c431f9d-51bc-458b-a3a6-511ec217d887: shutdown LeaderElection
2019-10-17 06:47:53,089 [7c431f9d-51bc-458b-a3a6-511ec217d887@group-21BA9BD4283D-LeaderElection207] INFO  impl.RoleInfo (RoleInfo.java:updateAndGet(143)) - 7c431f9d-51bc-458b-a3a6-511ec217d887: start FollowerState
2019-10-17 06:47:53,097 [main] INFO  ozone.MiniOzoneClusterImpl (MiniOzoneClusterImpl.java:lambda$waitForClusterToBeReady$2(164)) - Waiting for 1 number of pipelines out of 4, to report a leader.
2019-10-17 06:47:53,229 [Thread-2153] INFO  impl.FollowerState (FollowerState.java:run(108)) - 7c431f9d-51bc-458b-a3a6-511ec217d887@group-21BA9BD4283D-FollowerState: change to CANDIDATE, lastRpcTime:140ms, electionTimeout:140ms
2019-10-17 06:47:53,230 [Thread-2153] INFO  impl.RoleInfo (RoleInfo.java:shutdownFollowerState(121)) - 7c431f9d-51bc-458b-a3a6-511ec217d887: shutdown FollowerState
2019-10-17 06:47:53,230 [Thread-2153] INFO  impl.RaftServerImpl (RaftServerImpl.java:setRole(184)) - 7c431f9d-51bc-458b-a3a6-511ec217d887@group-21BA9BD4283D: changes role from  FOLLOWER to CANDIDATE at term 144 for changeToCandidate
2019-10-17 06:47:53,230 [Thread-2153] INFO  impl.RoleInfo (RoleInfo.java:updateAndGet(143)) - 7c431f9d-51bc-458b-a3a6-511ec217d887: start LeaderElection
2019-10-17 06:47:53,235 [7c431f9d-51bc-458b-a3a6-511ec217d887@group-21BA9BD4283D-LeaderElection208] INFO  impl.LeaderElection (LeaderElection.java:askForVotes(178)) - 7c431f9d-51bc-458b-a3a6-511ec217d887@group-21BA9BD4283D-LeaderElection208: begin an election at term 145 for -1: [67f35358-9777-4ff9-96f4-8a61bc3a94fe:192.168.34.62:37037, 7c431f9d-51bc-458b-a3a6-511ec217d887:192.168.34.62:40420, b9cfa588-8e56-4331-be2f-4c26f25c6739:192.168.34.62:34777], old=null
2019-10-17 06:47:53,237 [grpc-default-executor-3] INFO  impl.RaftServerImpl (RaftServerImpl.java:setRole(184)) - 67f35358-9777-4ff9-96f4-8a61bc3a94fe@group-21BA9BD4283D: changes role from  FOLLOWER to FOLLOWER at term 145 for recognizeCandidate:7c431f9d-51bc-458b-a3a6-511ec217d887
2019-10-17 06:47:53,237 [grpc-default-executor-4] INFO  impl.RaftServerImpl (RaftServerImpl.java:setRole(184)) - b9cfa588-8e56-4331-be2f-4c26f25c6739@group-21BA9BD4283D: changes role from  FOLLOWER to FOLLOWER at term 145 for recognizeCandidate:7c431f9d-51bc-458b-a3a6-511ec217d887
2019-10-17 06:47:53,237 [grpc-default-executor-4] INFO  impl.RoleInfo (RoleInfo.java:shutdownFollowerState(121)) - b9cfa588-8e56-4331-be2f-4c26f25c6739: shutdown FollowerState
2019-10-17 06:47:53,237 [grpc-default-executor-3] INFO  impl.RoleInfo (RoleInfo.java:shutdownFollowerState(121)) - 67f35358-9777-4ff9-96f4-8a61bc3a94fe: shutdown FollowerState
2019-10-17 06:47:53,237 [Thread-2152] INFO  impl.FollowerState (FollowerState.java:run(117)) - b9cfa588-8e56-4331-be2f-4c26f25c6739@group-21BA9BD4283D-FollowerState was interrupted: java.lang.InterruptedException: sleep interrupted
2019-10-17 06:47:53,237 [grpc-default-executor-3] INFO  impl.RoleInfo (RoleInfo.java:updateAndGet(143)) - 67f35358-9777-4ff9-96f4-8a61bc3a94fe: start FollowerState
2019-10-17 06:47:53,237 [grpc-default-executor-4] INFO  impl.RoleInfo (RoleInfo.java:updateAndGet(143)) - b9cfa588-8e56-4331-be2f-4c26f25c6739: start FollowerState
2019-10-17 06:47:53,237 [Thread-2151] INFO  impl.FollowerState (FollowerState.java:run(117)) - 67f35358-9777-4ff9-96f4-8a61bc3a94fe@group-21BA9BD4283D-FollowerState was interrupted: java.lang.InterruptedException: sleep interrupted
2019-10-17 06:47:53,252 [7c431f9d-51bc-458b-a3a6-511ec217d887@group-21BA9BD4283D-LeaderElection208] INFO  impl.LeaderElection (LeaderElection.java:logAndReturn(56)) - 7c431f9d-51bc-458b-a3a6-511ec217d887@group-21BA9BD4283D-LeaderElection208: Election REJECTED; received 2 response(s) [7c431f9d-51bc-458b-a3a6-511ec217d887<-67f35358-9777-4ff9-96f4-8a61bc3a94fe#0:FAIL-t145, 7c431f9d-51bc-458b-a3a6-511ec217d887<-b9cfa588-8e56-4331-be2f-4c26f25c6739#0:FAIL-t145] and 0 exception(s); 7c431f9d-51bc-458b-a3a6-511ec217d887@group-21BA9BD4283D:t145, leader=null, voted=7c431f9d-51bc-458b-a3a6-511ec217d887, raftlog=7c431f9d-51bc-458b-a3a6-511ec217d887@group-21BA9BD4283D-SegmentedRaftLog:OPENED:c-1,f-1,i0, conf=-1: [67f35358-9777-4ff9-96f4-8a61bc3a94fe:192.168.34.62:37037, 7c431f9d-51bc-458b-a3a6-511ec217d887:192.168.34.62:40420, b9cfa588-8e56-4331-be2f-4c26f25c6739:192.168.34.62:34777], old=null
2019-10-17 06:47:53,252 [7c431f9d-51bc-458b-a3a6-511ec217d887@group-21BA9BD4283D-LeaderElection208] INFO  impl.RaftServerImpl (RaftServerImpl.java:setRole(184)) - 7c431f9d-51bc-458b-a3a6-511ec217d887@group-21BA9BD4283D: changes role from CANDIDATE to FOLLOWER at term 145 for DISCOVERED_A_NEW_TERM
2019-10-17 06:47:53,252 [7c431f9d-51bc-458b-a3a6-511ec217d887@group-21BA9BD4283D-LeaderElection208] INFO  impl.RoleInfo (RoleInfo.java:shutdownLeaderElection(134)) - 7c431f9d-51bc-458b-a3a6-511ec217d887: shutdown LeaderElection
2019-10-17 06:47:53,252 [7c431f9d-51bc-458b-a3a6-511ec217d887@group-21BA9BD4283D-LeaderElection208] INFO  impl.RoleInfo (RoleInfo.java:updateAndGet(143)) - 7c431f9d-51bc-458b-a3a6-511ec217d887: start FollowerState
2019-10-17 06:47:53,348 [Thread-2159] INFO  impl.FollowerState (FollowerState.java:run(108)) - 7c431f9d-51bc-458b-a3a6-511ec217d887@group-21BA9BD4283D-FollowerState: change to CANDIDATE, lastRpcTime:96ms, electionTimeout:96ms
2019-10-17 06:47:53,348 [Thread-2159] INFO  impl.RoleInfo (RoleInfo.java:shutdownFollowerState(121)) - 7c431f9d-51bc-458b-a3a6-511ec217d887: shutdown FollowerState
2019-10-17 06:47:53,348 [Thread-2159] INFO  impl.RaftServerImpl (RaftServerImpl.java:setRole(184)) - 7c431f9d-51bc-458b-a3a6-511ec217d887@group-21BA9BD4283D: changes role from  FOLLOWER to CANDIDATE at term 145 for changeToCandidate
2019-10-17 06:47:53,349 [Thread-2159] INFO  impl.RoleInfo (RoleInfo.java:updateAndGet(143)) - 7c431f9d-51bc-458b-a3a6-511ec217d887: start LeaderElection
2019-10-17 06:47:53,361 [7c431f9d-51bc-458b-a3a6-511ec217d887@group-21BA9BD4283D-LeaderElection209] INFO  impl.LeaderElection (LeaderElection.java:askForVotes(178)) - 7c431f9d-51bc-458b-a3a6-511ec217d887@group-21BA9BD4283D-LeaderElection209: begin an election at term 146 for -1: [67f35358-9777-4ff9-96f4-8a61bc3a94fe:192.168.34.62:37037, 7c431f9d-51bc-458b-a3a6-511ec217d887:192.168.34.62:40420, b9cfa588-8e56-4331-be2f-4c26f25c6739:192.168.34.62:34777], old=null
2019-10-17 06:47:53,363 [grpc-default-executor-3] INFO  impl.RaftServerImpl (RaftServerImpl.java:setRole(184)) - 67f35358-9777-4ff9-96f4-8a61bc3a94fe@group-21BA9BD4283D: changes role from  FOLLOWER to FOLLOWER at term 146 for recognizeCandidate:7c431f9d-51bc-458b-a3a6-511ec217d887
2019-10-17 06:47:53,363 [grpc-default-executor-3] INFO  impl.RoleInfo (RoleInfo.java:shutdownFollowerState(121)) - 67f35358-9777-4ff9-96f4-8a61bc3a94fe: shutdown FollowerState
2019-10-17 06:47:53,363 [grpc-default-executor-3] INFO  impl.RoleInfo (RoleInfo.java:updateAndGet(143)) - 67f35358-9777-4ff9-96f4-8a61bc3a94fe: start FollowerState
2019-10-17 06:47:53,364 [Thread-2158] INFO  impl.FollowerState (FollowerState.java:run(117)) - 67f35358-9777-4ff9-96f4-8a61bc3a94fe@group-21BA9BD4283D-FollowerState was interrupted: java.lang.InterruptedException: sleep interrupted
2019-10-17 06:47:53,363 [grpc-default-executor-4] INFO  impl.RaftServerImpl (RaftServerImpl.java:setRole(184)) - b9cfa588-8e56-4331-be2f-4c26f25c6739@group-21BA9BD4283D: changes role from  FOLLOWER to FOLLOWER at term 146 for recognizeCandidate:7c431f9d-51bc-458b-a3a6-511ec217d887
2019-10-17 06:47:53,364 [grpc-default-executor-4] INFO  impl.RoleInfo (RoleInfo.java:shutdownFollowerState(121)) - b9cfa588-8e56-4331-be2f-4c26f25c6739: shutdown FollowerState
2019-10-17 06:47:53,364 [grpc-default-executor-4] INFO  impl.RoleInfo (RoleInfo.java:updateAndGet(143)) - b9cfa588-8e56-4331-be2f-4c26f25c6739: start FollowerState
2019-10-17 06:47:53,364 [Thread-2157] INFO  impl.FollowerState (FollowerState.java:run(117)) - b9cfa588-8e56-4331-be2f-4c26f25c6739@group-21BA9BD4283D-FollowerState was interrupted: java.lang.InterruptedException: sleep interrupted
2019-10-17 06:47:53,379 [7c431f9d-51bc-458b-a3a6-511ec217d887@group-21BA9BD4283D-LeaderElection209] INFO  impl.LeaderElection (LeaderElection.java:logAndReturn(56)) - 7c431f9d-51bc-458b-a3a6-511ec217d887@group-21BA9BD4283D-LeaderElection209: Election REJECTED; received 2 response(s) [7c431f9d-51bc-458b-a3a6-511ec217d887<-67f35358-9777-4ff9-96f4-8a61bc3a94fe#0:FAIL-t146, 7c431f9d-51bc-458b-a3a6-511ec217d887<-b9cfa588-8e56-4331-be2f-4c26f25c6739#0:FAIL-t146] and 0 exception(s); 7c431f9d-51bc-458b-a3a6-511ec217d887@group-21BA9BD4283D:t146, leader=null, voted=7c431f9d-51bc-458b-a3a6-511ec217d887, raftlog=7c431f9d-51bc-458b-a3a6-511ec217d887@group-21BA9BD4283D-SegmentedRaftLog:OPENED:c-1,f-1,i0, conf=-1: [67f35358-9777-4ff9-96f4-8a61bc3a94fe:192.168.34.62:37037, 7c431f9d-51bc-458b-a3a6-511ec217d887:192.168.34.62:40420, b9cfa588-8e56-4331-be2f-4c26f25c6739:192.168.34.62:34777], old=null
2019-10-17 06:47:53,380 [7c431f9d-51bc-458b-a3a6-511ec217d887@group-21BA9BD4283D-LeaderElection209] INFO  impl.RaftServerImpl (RaftServerImpl.java:setRole(184)) - 7c431f9d-51bc-458b-a3a6-511ec217d887@group-21BA9BD4283D: changes role from CANDIDATE to FOLLOWER at term 146 for DISCOVERED_A_NEW_TERM
2019-10-17 06:47:53,380 [7c431f9d-51bc-458b-a3a6-511ec217d887@group-21BA9BD4283D-LeaderElection209] INFO  impl.RoleInfo (RoleInfo.java:shutdownLeaderElection(134)) - 7c431f9d-51bc-458b-a3a6-511ec217d887: shutdown LeaderElection
2019-10-17 06:47:53,380 [7c431f9d-51bc-458b-a3a6-511ec217d887@group-21BA9BD4283D-LeaderElection209] INFO  impl.RoleInfo (RoleInfo.java:updateAndGet(143)) - 7c431f9d-51bc-458b-a3a6-511ec217d887: start FollowerState
2019-10-17 06:47:53,567 [Thread-2165] INFO  impl.FollowerState (FollowerState.java:run(108)) - 7c431f9d-51bc-458b-a3a6-511ec217d887@group-21BA9BD4283D-FollowerState: change to CANDIDATE, lastRpcTime:187ms, electionTimeout:187ms
2019-10-17 06:47:53,568 [Thread-2165] INFO  impl.RoleInfo (RoleInfo.java:shutdownFollowerState(121)) - 7c431f9d-51bc-458b-a3a6-511ec217d887: shutdown FollowerState
2019-10-17 06:47:53,568 [Thread-2165] INFO  impl.RaftServerImpl (RaftServerImpl.java:setRole(184)) - 7c431f9d-51bc-458b-a3a6-511ec217d887@group-21BA9BD4283D: changes role from  FOLLOWER to CANDIDATE at term 146 for changeToCandidate
2019-10-17 06:47:53,568 [Thread-2165] INFO  impl.RoleInfo (RoleInfo.java:updateAndGet(143)) - 7c431f9d-51bc-458b-a3a6-511ec217d887: start LeaderElection
2019-10-17 06:47:53,590 [7c431f9d-51bc-458b-a3a6-511ec217d887@group-21BA9BD4283D-LeaderElection210] INFO  impl.LeaderElection (LeaderElection.java:askForVotes(178)) - 7c431f9d-51bc-458b-a3a6-511ec217d887@group-21BA9BD4283D-LeaderElection210: begin an election at term 147 for -1: [67f35358-9777-4ff9-96f4-8a61bc3a94fe:192.168.34.62:37037, 7c431f9d-51bc-458b-a3a6-511ec217d887:192.168.34.62:40420, b9cfa588-8e56-4331-be2f-4c26f25c6739:192.168.34.62:34777], old=null
2019-10-17 06:47:53,593 [grpc-default-executor-4] INFO  impl.RaftServerImpl (RaftServerImpl.java:setRole(184)) - b9cfa588-8e56-4331-be2f-4c26f25c6739@group-21BA9BD4283D: changes role from  FOLLOWER to FOLLOWER at term 147 for recognizeCandidate:7c431f9d-51bc-458b-a3a6-511ec217d887
2019-10-17 06:47:53,593 [grpc-default-executor-3] INFO  impl.RaftServerImpl (RaftServerImpl.java:setRole(184)) - 67f35358-9777-4ff9-96f4-8a61bc3a94fe@group-21BA9BD4283D: changes role from  FOLLOWER to FOLLOWER at term 147 for recognizeCandidate:7c431f9d-51bc-458b-a3a6-511ec217d887
2019-10-17 06:47:53,593 [grpc-default-executor-4] INFO  impl.RoleInfo (RoleInfo.java:shutdownFollowerState(121)) - b9cfa588-8e56-4331-be2f-4c26f25c6739: shutdown FollowerState
2019-10-17 06:47:53,593 [grpc-default-executor-3] INFO  impl.RoleInfo (RoleInfo.java:shutdownFollowerState(121)) - 67f35358-9777-4ff9-96f4-8a61bc3a94fe: shutdown FollowerState
2019-10-17 06:47:53,593 [Thread-2164] INFO  impl.FollowerState (FollowerState.java:run(117)) - b9cfa588-8e56-4331-be2f-4c26f25c6739@group-21BA9BD4283D-FollowerState was interrupted: java.lang.InterruptedException: sleep interrupted
2019-10-17 06:47:53,593 [grpc-default-executor-4] INFO  impl.RoleInfo (RoleInfo.java:updateAndGet(143)) - b9cfa588-8e56-4331-be2f-4c26f25c6739: start FollowerState
2019-10-17 06:47:53,593 [Thread-2163] INFO  impl.FollowerState (FollowerState.java:run(117)) - 67f35358-9777-4ff9-96f4-8a61bc3a94fe@group-21BA9BD4283D-FollowerState was interrupted: java.lang.InterruptedException: sleep interrupted
2019-10-17 06:47:53,593 [grpc-default-executor-3] INFO  impl.RoleInfo (RoleInfo.java:updateAndGet(143)) - 67f35358-9777-4ff9-96f4-8a61bc3a94fe: start FollowerState
2019-10-17 06:47:53,608 [7c431f9d-51bc-458b-a3a6-511ec217d887@group-21BA9BD4283D-LeaderElection210] INFO  impl.LeaderElection (LeaderElection.java:logAndReturn(56)) - 7c431f9d-51bc-458b-a3a6-511ec217d887@group-21BA9BD4283D-LeaderElection210: Election REJECTED; received 2 response(s) [7c431f9d-51bc-458b-a3a6-511ec217d887<-67f35358-9777-4ff9-96f4-8a61bc3a94fe#0:FAIL-t147, 7c431f9d-51bc-458b-a3a6-511ec217d887<-b9cfa588-8e56-4331-be2f-4c26f25c6739#0:FAIL-t147] and 0 exception(s); 7c431f9d-51bc-458b-a3a6-511ec217d887@group-21BA9BD4283D:t147, leader=null, voted=7c431f9d-51bc-458b-a3a6-511ec217d887, raftlog=7c431f9d-51bc-458b-a3a6-511ec217d887@group-21BA9BD4283D-SegmentedRaftLog:OPENED:c-1,f-1,i0, conf=-1: [67f35358-9777-4ff9-96f4-8a61bc3a94fe:192.168.34.62:37037, 7c431f9d-51bc-458b-a3a6-511ec217d887:192.168.34.62:40420, b9cfa588-8e56-4331-be2f-4c26f25c6739:192.168.34.62:34777], old=null
2019-10-17 06:47:53,608 [7c431f9d-51bc-458b-a3a6-511ec217d887@group-21BA9BD4283D-LeaderElection210] INFO  impl.RaftServerImpl (RaftServerImpl.java:setRole(184)) - 7c431f9d-51bc-458b-a3a6-511ec217d887@group-21BA9BD4283D: changes role from CANDIDATE to FOLLOWER at term 147 for DISCOVERED_A_NEW_TERM
2019-10-17 06:47:53,608 [7c431f9d-51bc-458b-a3a6-511ec217d887@group-21BA9BD4283D-LeaderElection210] INFO  impl.RoleInfo (RoleInfo.java:shutdownLeaderElection(134)) - 7c431f9d-51bc-458b-a3a6-511ec217d887: shutdown LeaderElection
2019-10-17 06:47:53,608 [7c431f9d-51bc-458b-a3a6-511ec217d887@group-21BA9BD4283D-LeaderElection210] INFO  impl.RoleInfo (RoleInfo.java:updateAndGet(143)) - 7c431f9d-51bc-458b-a3a6-511ec217d887: start FollowerState
2019-10-17 06:47:53,759 [Thread-2171] INFO  impl.FollowerState (FollowerState.java:run(108)) - 7c431f9d-51bc-458b-a3a6-511ec217d887@group-21BA9BD4283D-FollowerState: change to CANDIDATE, lastRpcTime:151ms, electionTimeout:151ms
2019-10-17 06:47:53,760 [Thread-2171] INFO  impl.RoleInfo (RoleInfo.java:shutdownFollowerState(121)) - 7c431f9d-51bc-458b-a3a6-511ec217d887: shutdown FollowerState
2019-10-17 06:47:53,760 [Thread-2171] INFO  impl.RaftServerImpl (RaftServerImpl.java:setRole(184)) - 7c431f9d-51bc-458b-a3a6-511ec217d887@group-21BA9BD4283D: changes role from  FOLLOWER to CANDIDATE at term 147 for changeToCandidate
2019-10-17 06:47:53,760 [Thread-2171] INFO  impl.RoleInfo (RoleInfo.java:updateAndGet(143)) - 7c431f9d-51bc-458b-a3a6-511ec217d887: start LeaderElection
2019-10-17 06:47:53,773 [7c431f9d-51bc-458b-a3a6-511ec217d887@group-21BA9BD4283D-LeaderElection211] INFO  impl.LeaderElection (LeaderElection.java:askForVotes(178)) - 7c431f9d-51bc-458b-a3a6-511ec217d887@group-21BA9BD4283D-LeaderElection211: begin an election at term 148 for -1: [67f35358-9777-4ff9-96f4-8a61bc3a94fe:192.168.34.62:37037, 7c431f9d-51bc-458b-a3a6-511ec217d887:192.168.34.62:40420, b9cfa588-8e56-4331-be2f-4c26f25c6739:192.168.34.62:34777], old=null
2019-10-17 06:47:53,775 [grpc-default-executor-4] INFO  impl.RaftServerImpl (RaftServerImpl.java:setRole(184)) - b9cfa588-8e56-4331-be2f-4c26f25c6739@group-21BA9BD4283D: changes role from  FOLLOWER to FOLLOWER at term 148 for recognizeCandidate:7c431f9d-51bc-458b-a3a6-511ec217d887
2019-10-17 06:47:53,775 [grpc-default-executor-4] INFO  impl.RoleInfo (RoleInfo.java:shutdownFollowerState(121)) - b9cfa588-8e56-4331-be2f-4c26f25c6739: shutdown FollowerState
2019-10-17 06:47:53,775 [grpc-default-executor-3] INFO  impl.RaftServerImpl (RaftServerImpl.java:setRole(184)) - 67f35358-9777-4ff9-96f4-8a61bc3a94fe@group-21BA9BD4283D: changes role from  FOLLOWER to FOLLOWER at term 148 for recognizeCandidate:7c431f9d-51bc-458b-a3a6-511ec217d887
2019-10-17 06:47:53,775 [Thread-2169] INFO  impl.FollowerState (FollowerState.java:run(117)) - b9cfa588-8e56-4331-be2f-4c26f25c6739@group-21BA9BD4283D-FollowerState was interrupted: java.lang.InterruptedException: sleep interrupted
2019-10-17 06:47:53,775 [grpc-default-executor-4] INFO  impl.RoleInfo (RoleInfo.java:updateAndGet(143)) - b9cfa588-8e56-4331-be2f-4c26f25c6739: start FollowerState
2019-10-17 06:47:53,775 [grpc-default-executor-3] INFO  impl.RoleInfo (RoleInfo.java:shutdownFollowerState(121)) - 67f35358-9777-4ff9-96f4-8a61bc3a94fe: shutdown FollowerState
2019-10-17 06:47:53,775 [grpc-default-executor-3] INFO  impl.RoleInfo (RoleInfo.java:updateAndGet(143)) - 67f35358-9777-4ff9-96f4-8a61bc3a94fe: start FollowerState
2019-10-17 06:47:53,775 [Thread-2170] INFO  impl.FollowerState (FollowerState.java:run(117)) - 67f35358-9777-4ff9-96f4-8a61bc3a94fe@group-21BA9BD4283D-FollowerState was interrupted: java.lang.InterruptedException: sleep interrupted
2019-10-17 06:47:53,789 [7c431f9d-51bc-458b-a3a6-511ec217d887@group-21BA9BD4283D-LeaderElection211] INFO  impl.LeaderElection (LeaderElection.java:logAndReturn(56)) - 7c431f9d-51bc-458b-a3a6-511ec217d887@group-21BA9BD4283D-LeaderElection211: Election REJECTED; received 2 response(s) [7c431f9d-51bc-458b-a3a6-511ec217d887<-67f35358-9777-4ff9-96f4-8a61bc3a94fe#0:FAIL-t148, 7c431f9d-51bc-458b-a3a6-511ec217d887<-b9cfa588-8e56-4331-be2f-4c26f25c6739#0:FAIL-t148] and 0 exception(s); 7c431f9d-51bc-458b-a3a6-511ec217d887@group-21BA9BD4283D:t148, leader=null, voted=7c431f9d-51bc-458b-a3a6-511ec217d887, raftlog=7c431f9d-51bc-458b-a3a6-511ec217d887@group-21BA9BD4283D-SegmentedRaftLog:OPENED:c-1,f-1,i0, conf=-1: [67f35358-9777-4ff9-96f4-8a61bc3a94fe:192.168.34.62:37037, 7c431f9d-51bc-458b-a3a6-511ec217d887:192.168.34.62:40420, b9cfa588-8e56-4331-be2f-4c26f25c6739:192.168.34.62:34777], old=null
2019-10-17 06:47:53,789 [7c431f9d-51bc-458b-a3a6-511ec217d887@group-21BA9BD4283D-LeaderElection211] INFO  impl.RaftServerImpl (RaftServerImpl.java:setRole(184)) - 7c431f9d-51bc-458b-a3a6-511ec217d887@group-21BA9BD4283D: changes role from CANDIDATE to FOLLOWER at term 148 for DISCOVERED_A_NEW_TERM
2019-10-17 06:47:53,790 [7c431f9d-51bc-458b-a3a6-511ec217d887@group-21BA9BD4283D-LeaderElection211] INFO  impl.RoleInfo (RoleInfo.java:shutdownLeaderElection(134)) - 7c431f9d-51bc-458b-a3a6-511ec217d887: shutdown LeaderElection
2019-10-17 06:47:53,790 [7c431f9d-51bc-458b-a3a6-511ec217d887@group-21BA9BD4283D-LeaderElection211] INFO  impl.RoleInfo (RoleInfo.java:updateAndGet(143)) - 7c431f9d-51bc-458b-a3a6-511ec217d887: start FollowerState
2019-10-17 06:47:53,892 [Thread-2177] INFO  impl.FollowerState (FollowerState.java:run(108)) - 7c431f9d-51bc-458b-a3a6-511ec217d887@group-21BA9BD4283D-FollowerState: change to CANDIDATE, lastRpcTime:102ms, electionTimeout:102ms
2019-10-17 06:47:53,892 [Thread-2177] INFO  impl.RoleInfo (RoleInfo.java:shutdownFollowerState(121)) - 7c431f9d-51bc-458b-a3a6-511ec217d887: shutdown FollowerState
2019-10-17 06:47:53,892 [Thread-2177] INFO  impl.RaftServerImpl (RaftServerImpl.java:setRole(184)) - 7c431f9d-51bc-458b-a3a6-511ec217d887@group-21BA9BD4283D: changes role from  FOLLOWER to CANDIDATE at term 148 for changeToCandidate
2019-10-17 06:47:53,893 [Thread-2177] INFO  impl.RoleInfo (RoleInfo.java:updateAndGet(143)) - 7c431f9d-51bc-458b-a3a6-511ec217d887: start LeaderElection
2019-10-17 06:47:53,917 [7c431f9d-51bc-458b-a3a6-511ec217d887@group-21BA9BD4283D-LeaderElection212] INFO  impl.LeaderElection (LeaderElection.java:askForVotes(178)) - 7c431f9d-51bc-458b-a3a6-511ec217d887@group-21BA9BD4283D-LeaderElection212: begin an election at term 149 for -1: [67f35358-9777-4ff9-96f4-8a61bc3a94fe:192.168.34.62:37037, 7c431f9d-51bc-458b-a3a6-511ec217d887:192.168.34.62:40420, b9cfa588-8e56-4331-be2f-4c26f25c6739:192.168.34.62:34777], old=null
2019-10-17 06:47:53,919 [grpc-default-executor-3] INFO  impl.RaftServerImpl (RaftServerImpl.java:setRole(184)) - 67f35358-9777-4ff9-96f4-8a61bc3a94fe@group-21BA9BD4283D: changes role from  FOLLOWER to FOLLOWER at term 149 for recognizeCandidate:7c431f9d-51bc-458b-a3a6-511ec217d887
2019-10-17 06:47:53,919 [grpc-default-executor-4] INFO  impl.RaftServerImpl (RaftServerImpl.java:setRole(184)) - b9cfa588-8e56-4331-be2f-4c26f25c6739@group-21BA9BD4283D: changes role from  FOLLOWER to FOLLOWER at term 149 for recognizeCandidate:7c431f9d-51bc-458b-a3a6-511ec217d887
2019-10-17 06:47:53,920 [grpc-default-executor-3] INFO  impl.RoleInfo (RoleInfo.java:shutdownFollowerState(121)) - 67f35358-9777-4ff9-96f4-8a61bc3a94fe: shutdown FollowerState
2019-10-17 06:47:53,920 [grpc-default-executor-3] INFO  impl.RoleInfo (RoleInfo.java:updateAndGet(143)) - 67f35358-9777-4ff9-96f4-8a61bc3a94fe: start FollowerState
2019-10-17 06:47:53,920 [grpc-default-executor-4] INFO  impl.RoleInfo (RoleInfo.java:shutdownFollowerState(121)) - b9cfa588-8e56-4331-be2f-4c26f25c6739: shutdown FollowerState
2019-10-17 06:47:53,920 [Thread-2176] INFO  impl.FollowerState (FollowerState.java:run(117)) - 67f35358-9777-4ff9-96f4-8a61bc3a94fe@group-21BA9BD4283D-FollowerState was interrupted: java.lang.InterruptedException: sleep interrupted
2019-10-17 06:47:53,920 [Thread-2175] INFO  impl.FollowerState (FollowerState.java:run(117)) - b9cfa588-8e56-4331-be2f-4c26f25c6739@group-21BA9BD4283D-FollowerState was interrupted: java.lang.InterruptedException: sleep interrupted
2019-10-17 06:47:53,920 [grpc-default-executor-4] INFO  impl.RoleInfo (RoleInfo.java:updateAndGet(143)) - b9cfa588-8e56-4331-be2f-4c26f25c6739: start FollowerState
2019-10-17 06:47:53,944 [7c431f9d-51bc-458b-a3a6-511ec217d887@group-21BA9BD4283D-LeaderElection212] INFO  impl.LeaderElection (LeaderElection.java:logAndReturn(56)) - 7c431f9d-51bc-458b-a3a6-511ec217d887@group-21BA9BD4283D-LeaderElection212: Election REJECTED; received 2 response(s) [7c431f9d-51bc-458b-a3a6-511ec217d887<-67f35358-9777-4ff9-96f4-8a61bc3a94fe#0:FAIL-t149, 7c431f9d-51bc-458b-a3a6-511ec217d887<-b9cfa588-8e56-4331-be2f-4c26f25c6739#0:FAIL-t149] and 0 exception(s); 7c431f9d-51bc-458b-a3a6-511ec217d887@group-21BA9BD4283D:t149, leader=null, voted=7c431f9d-51bc-458b-a3a6-511ec217d887, raftlog=7c431f9d-51bc-458b-a3a6-511ec217d887@group-21BA9BD4283D-SegmentedRaftLog:OPENED:c-1,f-1,i0, conf=-1: [67f35358-9777-4ff9-96f4-8a61bc3a94fe:192.168.34.62:37037, 7c431f9d-51bc-458b-a3a6-511ec217d887:192.168.34.62:40420, b9cfa588-8e56-4331-be2f-4c26f25c6739:192.168.34.62:34777], old=null
2019-10-17 06:47:53,944 [7c431f9d-51bc-458b-a3a6-511ec217d887@group-21BA9BD4283D-LeaderElection212] INFO  impl.RaftServerImpl (RaftServerImpl.java:setRole(184)) - 7c431f9d-51bc-458b-a3a6-511ec217d887@group-21BA9BD4283D: changes role from CANDIDATE to FOLLOWER at term 149 for DISCOVERED_A_NEW_TERM
2019-10-17 06:47:53,944 [7c431f9d-51bc-458b-a3a6-511ec217d887@group-21BA9BD4283D-LeaderElection212] INFO  impl.RoleInfo (RoleInfo.java:shutdownLeaderElection(134)) - 7c431f9d-51bc-458b-a3a6-511ec217d887: shutdown LeaderElection
2019-10-17 06:47:53,945 [7c431f9d-51bc-458b-a3a6-511ec217d887@group-21BA9BD4283D-LeaderElection212] INFO  impl.RoleInfo (RoleInfo.java:updateAndGet(143)) - 7c431f9d-51bc-458b-a3a6-511ec217d887: start FollowerState
2019-10-17 06:47:54,098 [main] INFO  ozone.MiniOzoneClusterImpl (MiniOzoneClusterImpl.java:lambda$waitForClusterToBeReady$2(164)) - Waiting for 1 number of pipelines out of 4, to report a leader.
2019-10-17 06:47:54,134 [Thread-2183] INFO  impl.FollowerState (FollowerState.java:run(108)) - 7c431f9d-51bc-458b-a3a6-511ec217d887@group-21BA9BD4283D-FollowerState: change to CANDIDATE, lastRpcTime:189ms, electionTimeout:189ms
2019-10-17 06:47:54,134 [Thread-2183] INFO  impl.RoleInfo (RoleInfo.java:shutdownFollowerState(121)) - 7c431f9d-51bc-458b-a3a6-511ec217d887: shutdown FollowerState
2019-10-17 06:47:54,134 [Thread-2183] INFO  impl.RaftServerImpl (RaftServerImpl.java:setRole(184)) - 7c431f9d-51bc-458b-a3a6-511ec217d887@group-21BA9BD4283D: changes role from  FOLLOWER to CANDIDATE at term 149 for changeToCandidate
2019-10-17 06:47:54,134 [Thread-2183] INFO  impl.RoleInfo (RoleInfo.java:updateAndGet(143)) - 7c431f9d-51bc-458b-a3a6-511ec217d887: start LeaderElection
2019-10-17 06:47:54,155 [7c431f9d-51bc-458b-a3a6-511ec217d887@group-21BA9BD4283D-LeaderElection213] INFO  impl.LeaderElection (LeaderElection.java:askForVotes(178)) - 7c431f9d-51bc-458b-a3a6-511ec217d887@group-21BA9BD4283D-LeaderElection213: begin an election at term 150 for -1: [67f35358-9777-4ff9-96f4-8a61bc3a94fe:192.168.34.62:37037, 7c431f9d-51bc-458b-a3a6-511ec217d887:192.168.34.62:40420, b9cfa588-8e56-4331-be2f-4c26f25c6739:192.168.34.62:34777], old=null
2019-10-17 06:47:54,156 [7c431f9d-51bc-458b-a3a6-511ec217d887@group-21BA9BD4283D-LeaderElection213] INFO  impl.LeaderElection (LeaderElection.java:logAndReturn(56)) - 7c431f9d-51bc-458b-a3a6-511ec217d887@group-21BA9BD4283D-LeaderElection213: Election TIMEOUT; received 0 response(s) [] and 0 exception(s); 7c431f9d-51bc-458b-a3a6-511ec217d887@group-21BA9BD4283D:t150, leader=null, voted=7c431f9d-51bc-458b-a3a6-511ec217d887, raftlog=7c431f9d-51bc-458b-a3a6-511ec217d887@group-21BA9BD4283D-SegmentedRaftLog:OPENED:c-1,f-1,i0, conf=-1: [67f35358-9777-4ff9-96f4-8a61bc3a94fe:192.168.34.62:37037, 7c431f9d-51bc-458b-a3a6-511ec217d887:192.168.34.62:40420, b9cfa588-8e56-4331-be2f-4c26f25c6739:192.168.34.62:34777], old=null
2019-10-17 06:47:54,157 [grpc-default-executor-3] INFO  impl.RaftServerImpl (RaftServerImpl.java:setRole(184)) - 67f35358-9777-4ff9-96f4-8a61bc3a94fe@group-21BA9BD4283D: changes role from  FOLLOWER to FOLLOWER at term 150 for recognizeCandidate:7c431f9d-51bc-458b-a3a6-511ec217d887
2019-10-17 06:47:54,157 [grpc-default-executor-4] INFO  impl.RaftServerImpl (RaftServerImpl.java:setRole(184)) - b9cfa588-8e56-4331-be2f-4c26f25c6739@group-21BA9BD4283D: changes role from  FOLLOWER to FOLLOWER at term 150 for recognizeCandidate:7c431f9d-51bc-458b-a3a6-511ec217d887
2019-10-17 06:47:54,157 [grpc-default-executor-4] INFO  impl.RoleInfo (RoleInfo.java:shutdownFollowerState(121)) - b9cfa588-8e56-4331-be2f-4c26f25c6739: shutdown FollowerState
2019-10-17 06:47:54,157 [grpc-default-executor-3] INFO  impl.RoleInfo (RoleInfo.java:shutdownFollowerState(121)) - 67f35358-9777-4ff9-96f4-8a61bc3a94fe: shutdown FollowerState
2019-10-17 06:47:54,157 [Thread-2182] INFO  impl.FollowerState (FollowerState.java:run(117)) - b9cfa588-8e56-4331-be2f-4c26f25c6739@group-21BA9BD4283D-FollowerState was interrupted: java.lang.InterruptedException: sleep interrupted
2019-10-17 06:47:54,157 [grpc-default-executor-4] INFO  impl.RoleInfo (RoleInfo.java:updateAndGet(143)) - b9cfa588-8e56-4331-be2f-4c26f25c6739: start FollowerState
2019-10-17 06:47:54,157 [Thread-2181] INFO  impl.FollowerState (FollowerState.java:run(117)) - 67f35358-9777-4ff9-96f4-8a61bc3a94fe@group-21BA9BD4283D-FollowerState was interrupted: java.lang.InterruptedException: sleep interrupted
2019-10-17 06:47:54,157 [grpc-default-executor-3] INFO  impl.RoleInfo (RoleInfo.java:updateAndGet(143)) - 67f35358-9777-4ff9-96f4-8a61bc3a94fe: start FollowerState
2019-10-17 06:47:54,171 [7c431f9d-51bc-458b-a3a6-511ec217d887@group-21BA9BD4283D-LeaderElection213] INFO  impl.LeaderElection (LeaderElection.java:askForVotes(178)) - 7c431f9d-51bc-458b-a3a6-511ec217d887@group-21BA9BD4283D-LeaderElection213: begin an election at term 151 for -1: [67f35358-9777-4ff9-96f4-8a61bc3a94fe:192.168.34.62:37037, 7c431f9d-51bc-458b-a3a6-511ec217d887:192.168.34.62:40420, b9cfa588-8e56-4331-be2f-4c26f25c6739:192.168.34.62:34777], old=null
2019-10-17 06:47:54,172 [grpc-default-executor-3] INFO  impl.RaftServerImpl (RaftServerImpl.java:setRole(184)) - b9cfa588-8e56-4331-be2f-4c26f25c6739@group-21BA9BD4283D: changes role from  FOLLOWER to FOLLOWER at term 151 for recognizeCandidate:7c431f9d-51bc-458b-a3a6-511ec217d887
2019-10-17 06:47:54,173 [grpc-default-executor-3] INFO  impl.RoleInfo (RoleInfo.java:shutdownFollowerState(121)) - b9cfa588-8e56-4331-be2f-4c26f25c6739: shutdown FollowerState
2019-10-17 06:47:54,173 [grpc-default-executor-3] INFO  impl.RoleInfo (RoleInfo.java:updateAndGet(143)) - b9cfa588-8e56-4331-be2f-4c26f25c6739: start FollowerState
2019-10-17 06:47:54,173 [grpc-default-executor-4] INFO  impl.RaftServerImpl (RaftServerImpl.java:setRole(184)) - 67f35358-9777-4ff9-96f4-8a61bc3a94fe@group-21BA9BD4283D: changes role from  FOLLOWER to FOLLOWER at term 151 for recognizeCandidate:7c431f9d-51bc-458b-a3a6-511ec217d887
2019-10-17 06:47:54,173 [grpc-default-executor-4] INFO  impl.RoleInfo (RoleInfo.java:shutdownFollowerState(121)) - 67f35358-9777-4ff9-96f4-8a61bc3a94fe: shutdown FollowerState
2019-10-17 06:47:54,173 [Thread-2187] INFO  impl.FollowerState (FollowerState.java:run(117)) - b9cfa588-8e56-4331-be2f-4c26f25c6739@group-21BA9BD4283D-FollowerState was interrupted: java.lang.InterruptedException: sleep interrupted
2019-10-17 06:47:54,173 [grpc-default-executor-4] INFO  impl.RoleInfo (RoleInfo.java:updateAndGet(143)) - 67f35358-9777-4ff9-96f4-8a61bc3a94fe: start FollowerState
2019-10-17 06:47:54,173 [Thread-2188] INFO  impl.FollowerState (FollowerState.java:run(117)) - 67f35358-9777-4ff9-96f4-8a61bc3a94fe@group-21BA9BD4283D-FollowerState was interrupted: java.lang.InterruptedException: sleep interrupted
2019-10-17 06:47:54,187 [7c431f9d-51bc-458b-a3a6-511ec217d887@group-21BA9BD4283D-LeaderElection213] INFO  impl.LeaderElection (LeaderElection.java:logAndReturn(56)) - 7c431f9d-51bc-458b-a3a6-511ec217d887@group-21BA9BD4283D-LeaderElection213: Election REJECTED; received 2 response(s) [7c431f9d-51bc-458b-a3a6-511ec217d887<-67f35358-9777-4ff9-96f4-8a61bc3a94fe#0:FAIL-t151, 7c431f9d-51bc-458b-a3a6-511ec217d887<-b9cfa588-8e56-4331-be2f-4c26f25c6739#0:FAIL-t151] and 0 exception(s); 7c431f9d-51bc-458b-a3a6-511ec217d887@group-21BA9BD4283D:t151, leader=null, voted=7c431f9d-51bc-458b-a3a6-511ec217d887, raftlog=7c431f9d-51bc-458b-a3a6-511ec217d887@group-21BA9BD4283D-SegmentedRaftLog:OPENED:c-1,f-1,i0, conf=-1: [67f35358-9777-4ff9-96f4-8a61bc3a94fe:192.168.34.62:37037, 7c431f9d-51bc-458b-a3a6-511ec217d887:192.168.34.62:40420, b9cfa588-8e56-4331-be2f-4c26f25c6739:192.168.34.62:34777], old=null
2019-10-17 06:47:54,187 [7c431f9d-51bc-458b-a3a6-511ec217d887@group-21BA9BD4283D-LeaderElection213] INFO  impl.RaftServerImpl (RaftServerImpl.java:setRole(184)) - 7c431f9d-51bc-458b-a3a6-511ec217d887@group-21BA9BD4283D: changes role from CANDIDATE to FOLLOWER at term 151 for DISCOVERED_A_NEW_TERM
2019-10-17 06:47:54,187 [7c431f9d-51bc-458b-a3a6-511ec217d887@group-21BA9BD4283D-LeaderElection213] INFO  impl.RoleInfo (RoleInfo.java:shutdownLeaderElection(134)) - 7c431f9d-51bc-458b-a3a6-511ec217d887: shutdown LeaderElection
2019-10-17 06:47:54,187 [7c431f9d-51bc-458b-a3a6-511ec217d887@group-21BA9BD4283D-LeaderElection213] INFO  impl.RoleInfo (RoleInfo.java:updateAndGet(143)) - 7c431f9d-51bc-458b-a3a6-511ec217d887: start FollowerState
2019-10-17 06:47:54,297 [Thread-2193] INFO  impl.FollowerState (FollowerState.java:run(108)) - 7c431f9d-51bc-458b-a3a6-511ec217d887@group-21BA9BD4283D-FollowerState: change to CANDIDATE, lastRpcTime:110ms, electionTimeout:110ms
2019-10-17 06:47:54,298 [Thread-2193] INFO  impl.RoleInfo (RoleInfo.java:shutdownFollowerState(121)) - 7c431f9d-51bc-458b-a3a6-511ec217d887: shutdown FollowerState
2019-10-17 06:47:54,298 [Thread-2193] INFO  impl.RaftServerImpl (RaftServerImpl.java:setRole(184)) - 7c431f9d-51bc-458b-a3a6-511ec217d887@group-21BA9BD4283D: changes role from  FOLLOWER to CANDIDATE at term 151 for changeToCandidate
2019-10-17 06:47:54,298 [Thread-2193] INFO  impl.RoleInfo (RoleInfo.java:updateAndGet(143)) - 7c431f9d-51bc-458b-a3a6-511ec217d887: start LeaderElection
2019-10-17 06:47:54,332 [7c431f9d-51bc-458b-a3a6-511ec217d887@group-21BA9BD4283D-LeaderElection214] INFO  impl.LeaderElection (LeaderElection.java:askForVotes(178)) - 7c431f9d-51bc-458b-a3a6-511ec217d887@group-21BA9BD4283D-LeaderElection214: begin an election at term 152 for -1: [67f35358-9777-4ff9-96f4-8a61bc3a94fe:192.168.34.62:37037, 7c431f9d-51bc-458b-a3a6-511ec217d887:192.168.34.62:40420, b9cfa588-8e56-4331-be2f-4c26f25c6739:192.168.34.62:34777], old=null
2019-10-17 06:47:54,335 [grpc-default-executor-3] INFO  impl.RaftServerImpl (RaftServerImpl.java:setRole(184)) - b9cfa588-8e56-4331-be2f-4c26f25c6739@group-21BA9BD4283D: changes role from  FOLLOWER to FOLLOWER at term 152 for recognizeCandidate:7c431f9d-51bc-458b-a3a6-511ec217d887
2019-10-17 06:47:54,335 [grpc-default-executor-4] INFO  impl.RaftServerImpl (RaftServerImpl.java:setRole(184)) - 67f35358-9777-4ff9-96f4-8a61bc3a94fe@group-21BA9BD4283D: changes role from  FOLLOWER to FOLLOWER at term 152 for recognizeCandidate:7c431f9d-51bc-458b-a3a6-511ec217d887
2019-10-17 06:47:54,335 [grpc-default-executor-3] INFO  impl.RoleInfo (RoleInfo.java:shutdownFollowerState(121)) - b9cfa588-8e56-4331-be2f-4c26f25c6739: shutdown FollowerState
2019-10-17 06:47:54,335 [grpc-default-executor-4] INFO  impl.RoleInfo (RoleInfo.java:shutdownFollowerState(121)) - 67f35358-9777-4ff9-96f4-8a61bc3a94fe: shutdown FollowerState
2019-10-17 06:47:54,335 [Thread-2191] INFO  impl.FollowerState (FollowerState.java:run(117)) - b9cfa588-8e56-4331-be2f-4c26f25c6739@group-21BA9BD4283D-FollowerState was interrupted: java.lang.InterruptedException: sleep interrupted
2019-10-17 06:47:54,335 [grpc-default-executor-3] INFO  impl.RoleInfo (RoleInfo.java:updateAndGet(143)) - b9cfa588-8e56-4331-be2f-4c26f25c6739: start FollowerState
2019-10-17 06:47:54,335 [Thread-2192] INFO  impl.FollowerState (FollowerState.java:run(117)) - 67f35358-9777-4ff9-96f4-8a61bc3a94fe@group-21BA9BD4283D-FollowerState was interrupted: java.lang.InterruptedException: sleep interrupted
2019-10-17 06:47:54,335 [grpc-default-executor-4] INFO  impl.RoleInfo (RoleInfo.java:updateAndGet(143)) - 67f35358-9777-4ff9-96f4-8a61bc3a94fe: start FollowerState
2019-10-17 06:47:54,352 [7c431f9d-51bc-458b-a3a6-511ec217d887@group-21BA9BD4283D-LeaderElection214] INFO  impl.LeaderElection (LeaderElection.java:logAndReturn(56)) - 7c431f9d-51bc-458b-a3a6-511ec217d887@group-21BA9BD4283D-LeaderElection214: Election REJECTED; received 2 response(s) [7c431f9d-51bc-458b-a3a6-511ec217d887<-67f35358-9777-4ff9-96f4-8a61bc3a94fe#0:FAIL-t152, 7c431f9d-51bc-458b-a3a6-511ec217d887<-b9cfa588-8e56-4331-be2f-4c26f25c6739#0:FAIL-t152] and 0 exception(s); 7c431f9d-51bc-458b-a3a6-511ec217d887@group-21BA9BD4283D:t152, leader=null, voted=7c431f9d-51bc-458b-a3a6-511ec217d887, raftlog=7c431f9d-51bc-458b-a3a6-511ec217d887@group-21BA9BD4283D-SegmentedRaftLog:OPENED:c-1,f-1,i0, conf=-1: [67f35358-9777-4ff9-96f4-8a61bc3a94fe:192.168.34.62:37037, 7c431f9d-51bc-458b-a3a6-511ec217d887:192.168.34.62:40420, b9cfa588-8e56-4331-be2f-4c26f25c6739:192.168.34.62:34777], old=null
2019-10-17 06:47:54,352 [7c431f9d-51bc-458b-a3a6-511ec217d887@group-21BA9BD4283D-LeaderElection214] INFO  impl.RaftServerImpl (RaftServerImpl.java:setRole(184)) - 7c431f9d-51bc-458b-a3a6-511ec217d887@group-21BA9BD4283D: changes role from CANDIDATE to FOLLOWER at term 152 for DISCOVERED_A_NEW_TERM
2019-10-17 06:47:54,352 [7c431f9d-51bc-458b-a3a6-511ec217d887@group-21BA9BD4283D-LeaderElection214] INFO  impl.RoleInfo (RoleInfo.java:shutdownLeaderElection(134)) - 7c431f9d-51bc-458b-a3a6-511ec217d887: shutdown LeaderElection
2019-10-17 06:47:54,352 [7c431f9d-51bc-458b-a3a6-511ec217d887@group-21BA9BD4283D-LeaderElection214] INFO  impl.RoleInfo (RoleInfo.java:updateAndGet(143)) - 7c431f9d-51bc-458b-a3a6-511ec217d887: start FollowerState
2019-10-17 06:47:54,519 [Thread-2199] INFO  impl.FollowerState (FollowerState.java:run(108)) - 7c431f9d-51bc-458b-a3a6-511ec217d887@group-21BA9BD4283D-FollowerState: change to CANDIDATE, lastRpcTime:166ms, electionTimeout:166ms
2019-10-17 06:47:54,519 [Thread-2199] INFO  impl.RoleInfo (RoleInfo.java:shutdownFollowerState(121)) - 7c431f9d-51bc-458b-a3a6-511ec217d887: shutdown FollowerState
2019-10-17 06:47:54,519 [Thread-2199] INFO  impl.RaftServerImpl (RaftServerImpl.java:setRole(184)) - 7c431f9d-51bc-458b-a3a6-511ec217d887@group-21BA9BD4283D: changes role from  FOLLOWER to CANDIDATE at term 152 for changeToCandidate
2019-10-17 06:47:54,519 [Thread-2199] INFO  impl.RoleInfo (RoleInfo.java:updateAndGet(143)) - 7c431f9d-51bc-458b-a3a6-511ec217d887: start LeaderElection
2019-10-17 06:47:54,563 [7c431f9d-51bc-458b-a3a6-511ec217d887@group-21BA9BD4283D-LeaderElection215] INFO  impl.LeaderElection (LeaderElection.java:askForVotes(178)) - 7c431f9d-51bc-458b-a3a6-511ec217d887@group-21BA9BD4283D-LeaderElection215: begin an election at term 153 for -1: [67f35358-9777-4ff9-96f4-8a61bc3a94fe:192.168.34.62:37037, 7c431f9d-51bc-458b-a3a6-511ec217d887:192.168.34.62:40420, b9cfa588-8e56-4331-be2f-4c26f25c6739:192.168.34.62:34777], old=null
2019-10-17 06:47:54,566 [grpc-default-executor-3] INFO  impl.RaftServerImpl (RaftServerImpl.java:setRole(184)) - b9cfa588-8e56-4331-be2f-4c26f25c6739@group-21BA9BD4283D: changes role from  FOLLOWER to FOLLOWER at term 153 for recognizeCandidate:7c431f9d-51bc-458b-a3a6-511ec217d887
2019-10-17 06:47:54,566 [grpc-default-executor-4] INFO  impl.RaftServerImpl (RaftServerImpl.java:setRole(184)) - 67f35358-9777-4ff9-96f4-8a61bc3a94fe@group-21BA9BD4283D: changes role from  FOLLOWER to FOLLOWER at term 153 for recognizeCandidate:7c431f9d-51bc-458b-a3a6-511ec217d887
2019-10-17 06:47:54,566 [grpc-default-executor-3] INFO  impl.RoleInfo (RoleInfo.java:shutdownFollowerState(121)) - b9cfa588-8e56-4331-be2f-4c26f25c6739: shutdown FollowerState
2019-10-17 06:47:54,566 [grpc-default-executor-4] INFO  impl.RoleInfo (RoleInfo.java:shutdownFollowerState(121)) - 67f35358-9777-4ff9-96f4-8a61bc3a94fe: shutdown FollowerState
2019-10-17 06:47:54,566 [Thread-2197] INFO  impl.FollowerState (FollowerState.java:run(117)) - b9cfa588-8e56-4331-be2f-4c26f25c6739@group-21BA9BD4283D-FollowerState was interrupted: java.lang.InterruptedException: sleep interrupted
2019-10-17 06:47:54,566 [Thread-2198] INFO  impl.FollowerState (FollowerState.java:run(117)) - 67f35358-9777-4ff9-96f4-8a61bc3a94fe@group-21BA9BD4283D-FollowerState was interrupted: java.lang.InterruptedException: sleep interrupted
2019-10-17 06:47:54,566 [grpc-default-executor-3] INFO  impl.RoleInfo (RoleInfo.java:updateAndGet(143)) - b9cfa588-8e56-4331-be2f-4c26f25c6739: start FollowerState
2019-10-17 06:47:54,566 [grpc-default-executor-4] INFO  impl.RoleInfo (RoleInfo.java:updateAndGet(143)) - 67f35358-9777-4ff9-96f4-8a61bc3a94fe: start FollowerState
2019-10-17 06:47:54,625 [7c431f9d-51bc-458b-a3a6-511ec217d887@group-21BA9BD4283D-LeaderElection215] INFO  impl.LeaderElection (LeaderElection.java:logAndReturn(56)) - 7c431f9d-51bc-458b-a3a6-511ec217d887@group-21BA9BD4283D-LeaderElection215: Election REJECTED; received 2 response(s) [7c431f9d-51bc-458b-a3a6-511ec217d887<-67f35358-9777-4ff9-96f4-8a61bc3a94fe#0:FAIL-t153, 7c431f9d-51bc-458b-a3a6-511ec217d887<-b9cfa588-8e56-4331-be2f-4c26f25c6739#0:FAIL-t153] and 0 exception(s); 7c431f9d-51bc-458b-a3a6-511ec217d887@group-21BA9BD4283D:t153, leader=null, voted=7c431f9d-51bc-458b-a3a6-511ec217d887, raftlog=7c431f9d-51bc-458b-a3a6-511ec217d887@group-21BA9BD4283D-SegmentedRaftLog:OPENED:c-1,f-1,i0, conf=-1: [67f35358-9777-4ff9-96f4-8a61bc3a94fe:192.168.34.62:37037, 7c431f9d-51bc-458b-a3a6-511ec217d887:192.168.34.62:40420, b9cfa588-8e56-4331-be2f-4c26f25c6739:192.168.34.62:34777], old=null
2019-10-17 06:47:54,625 [7c431f9d-51bc-458b-a3a6-511ec217d887@group-21BA9BD4283D-LeaderElection215] INFO  impl.RaftServerImpl (RaftServerImpl.java:setRole(184)) - 7c431f9d-51bc-458b-a3a6-511ec217d887@group-21BA9BD4283D: changes role from CANDIDATE to FOLLOWER at term 153 for DISCOVERED_A_NEW_TERM
2019-10-17 06:47:54,626 [7c431f9d-51bc-458b-a3a6-511ec217d887@group-21BA9BD4283D-LeaderElection215] INFO  impl.RoleInfo (RoleInfo.java:shutdownLeaderElection(134)) - 7c431f9d-51bc-458b-a3a6-511ec217d887: shutdown LeaderElection
2019-10-17 06:47:54,626 [7c431f9d-51bc-458b-a3a6-511ec217d887@group-21BA9BD4283D-LeaderElection215] INFO  impl.RoleInfo (RoleInfo.java:updateAndGet(143)) - 7c431f9d-51bc-458b-a3a6-511ec217d887: start FollowerState
2019-10-17 06:47:54,652 [Thread-2205] INFO  impl.FollowerState (FollowerState.java:run(108)) - 7c431f9d-51bc-458b-a3a6-511ec217d887@group-21BA9BD4283D-FollowerState: change to CANDIDATE, lastRpcTime:26ms, electionTimeout:26ms
2019-10-17 06:47:54,652 [Thread-2205] INFO  impl.RoleInfo (RoleInfo.java:shutdownFollowerState(121)) - 7c431f9d-51bc-458b-a3a6-511ec217d887: shutdown FollowerState
2019-10-17 06:47:54,652 [Thread-2205] INFO  impl.RaftServerImpl (RaftServerImpl.java:setRole(184)) - 7c431f9d-51bc-458b-a3a6-511ec217d887@group-21BA9BD4283D: changes role from  FOLLOWER to CANDIDATE at term 153 for changeToCandidate
2019-10-17 06:47:54,652 [Thread-2205] INFO  impl.RoleInfo (RoleInfo.java:updateAndGet(143)) - 7c431f9d-51bc-458b-a3a6-511ec217d887: start LeaderElection
2019-10-17 06:47:54,674 [7c431f9d-51bc-458b-a3a6-511ec217d887@group-21BA9BD4283D-LeaderElection216] INFO  impl.LeaderElection (LeaderElection.java:askForVotes(178)) - 7c431f9d-51bc-458b-a3a6-511ec217d887@group-21BA9BD4283D-LeaderElection216: begin an election at term 154 for -1: [67f35358-9777-4ff9-96f4-8a61bc3a94fe:192.168.34.62:37037, 7c431f9d-51bc-458b-a3a6-511ec217d887:192.168.34.62:40420, b9cfa588-8e56-4331-be2f-4c26f25c6739:192.168.34.62:34777], old=null
2019-10-17 06:47:54,676 [grpc-default-executor-3] INFO  impl.RaftServerImpl (RaftServerImpl.java:setRole(184)) - b9cfa588-8e56-4331-be2f-4c26f25c6739@group-21BA9BD4283D: changes role from  FOLLOWER to FOLLOWER at term 154 for recognizeCandidate:7c431f9d-51bc-458b-a3a6-511ec217d887
2019-10-17 06:47:54,676 [grpc-default-executor-4] INFO  impl.RaftServerImpl (RaftServerImpl.java:setRole(184)) - 67f35358-9777-4ff9-96f4-8a61bc3a94fe@group-21BA9BD4283D: changes role from  FOLLOWER to FOLLOWER at term 154 for recognizeCandidate:7c431f9d-51bc-458b-a3a6-511ec217d887
2019-10-17 06:47:54,676 [grpc-default-executor-3] INFO  impl.RoleInfo (RoleInfo.java:shutdownFollowerState(121)) - b9cfa588-8e56-4331-be2f-4c26f25c6739: shutdown FollowerState
2019-10-17 06:47:54,676 [grpc-default-executor-4] INFO  impl.RoleInfo (RoleInfo.java:shutdownFollowerState(121)) - 67f35358-9777-4ff9-96f4-8a61bc3a94fe: shutdown FollowerState
2019-10-17 06:47:54,677 [Thread-2203] INFO  impl.FollowerState (FollowerState.java:run(117)) - b9cfa588-8e56-4331-be2f-4c26f25c6739@group-21BA9BD4283D-FollowerState was interrupted: java.lang.InterruptedException: sleep interrupted
2019-10-17 06:47:54,677 [grpc-default-executor-3] INFO  impl.RoleInfo (RoleInfo.java:updateAndGet(143)) - b9cfa588-8e56-4331-be2f-4c26f25c6739: start FollowerState
2019-10-17 06:47:54,677 [grpc-default-executor-4] INFO  impl.RoleInfo (RoleInfo.java:updateAndGet(143)) - 67f35358-9777-4ff9-96f4-8a61bc3a94fe: start FollowerState
2019-10-17 06:47:54,677 [Thread-2204] INFO  impl.FollowerState (FollowerState.java:run(117)) - 67f35358-9777-4ff9-96f4-8a61bc3a94fe@group-21BA9BD4283D-FollowerState was interrupted: java.lang.InterruptedException: sleep interrupted
2019-10-17 06:47:54,691 [7c431f9d-51bc-458b-a3a6-511ec217d887@group-21BA9BD4283D-LeaderElection216] INFO  impl.LeaderElection (LeaderElection.java:logAndReturn(56)) - 7c431f9d-51bc-458b-a3a6-511ec217d887@group-21BA9BD4283D-LeaderElection216: Election REJECTED; received 2 response(s) [7c431f9d-51bc-458b-a3a6-511ec217d887<-67f35358-9777-4ff9-96f4-8a61bc3a94fe#0:FAIL-t154, 7c431f9d-51bc-458b-a3a6-511ec217d887<-b9cfa588-8e56-4331-be2f-4c26f25c6739#0:FAIL-t154] and 0 exception(s); 7c431f9d-51bc-458b-a3a6-511ec217d887@group-21BA9BD4283D:t154, leader=null, voted=7c431f9d-51bc-458b-a3a6-511ec217d887, raftlog=7c431f9d-51bc-458b-a3a6-511ec217d887@group-21BA9BD4283D-SegmentedRaftLog:OPENED:c-1,f-1,i0, conf=-1: [67f35358-9777-4ff9-96f4-8a61bc3a94fe:192.168.34.62:37037, 7c431f9d-51bc-458b-a3a6-511ec217d887:192.168.34.62:40420, b9cfa588-8e56-4331-be2f-4c26f25c6739:192.168.34.62:34777], old=null
2019-10-17 06:47:54,691 [7c431f9d-51bc-458b-a3a6-511ec217d887@group-21BA9BD4283D-LeaderElection216] INFO  impl.RaftServerImpl (RaftServerImpl.java:setRole(184)) - 7c431f9d-51bc-458b-a3a6-511ec217d887@group-21BA9BD4283D: changes role from CANDIDATE to FOLLOWER at term 154 for DISCOVERED_A_NEW_TERM
2019-10-17 06:47:54,691 [7c431f9d-51bc-458b-a3a6-511ec217d887@group-21BA9BD4283D-LeaderElection216] INFO  impl.RoleInfo (RoleInfo.java:shutdownLeaderElection(134)) - 7c431f9d-51bc-458b-a3a6-511ec217d887: shutdown LeaderElection
2019-10-17 06:47:54,691 [7c431f9d-51bc-458b-a3a6-511ec217d887@group-21BA9BD4283D-LeaderElection216] INFO  impl.RoleInfo (RoleInfo.java:updateAndGet(143)) - 7c431f9d-51bc-458b-a3a6-511ec217d887: start FollowerState
2019-10-17 06:47:54,746 [Thread-2211] INFO  impl.FollowerState (FollowerState.java:run(108)) - 7c431f9d-51bc-458b-a3a6-511ec217d887@group-21BA9BD4283D-FollowerState: change to CANDIDATE, lastRpcTime:55ms, electionTimeout:55ms
2019-10-17 06:47:54,747 [Thread-2211] INFO  impl.RoleInfo (RoleInfo.java:shutdownFollowerState(121)) - 7c431f9d-51bc-458b-a3a6-511ec217d887: shutdown FollowerState
2019-10-17 06:47:54,747 [Thread-2211] INFO  impl.RaftServerImpl (RaftServerImpl.java:setRole(184)) - 7c431f9d-51bc-458b-a3a6-511ec217d887@group-21BA9BD4283D: changes role from  FOLLOWER to CANDIDATE at term 154 for changeToCandidate
2019-10-17 06:47:54,747 [Thread-2211] INFO  impl.RoleInfo (RoleInfo.java:updateAndGet(143)) - 7c431f9d-51bc-458b-a3a6-511ec217d887: start LeaderElection
2019-10-17 06:47:54,770 [7c431f9d-51bc-458b-a3a6-511ec217d887@group-21BA9BD4283D-LeaderElection217] INFO  impl.LeaderElection (LeaderElection.java:askForVotes(178)) - 7c431f9d-51bc-458b-a3a6-511ec217d887@group-21BA9BD4283D-LeaderElection217: begin an election at term 155 for -1: [67f35358-9777-4ff9-96f4-8a61bc3a94fe:192.168.34.62:37037, 7c431f9d-51bc-458b-a3a6-511ec217d887:192.168.34.62:40420, b9cfa588-8e56-4331-be2f-4c26f25c6739:192.168.34.62:34777], old=null
2019-10-17 06:47:54,772 [grpc-default-executor-4] INFO  impl.RaftServerImpl (RaftServerImpl.java:setRole(184)) - b9cfa588-8e56-4331-be2f-4c26f25c6739@group-21BA9BD4283D: changes role from  FOLLOWER to FOLLOWER at term 155 for recognizeCandidate:7c431f9d-51bc-458b-a3a6-511ec217d887
2019-10-17 06:47:54,772 [grpc-default-executor-4] INFO  impl.RoleInfo (RoleInfo.java:shutdownFollowerState(121)) - b9cfa588-8e56-4331-be2f-4c26f25c6739: shutdown FollowerState
2019-10-17 06:47:54,772 [grpc-default-executor-3] INFO  impl.RaftServerImpl (RaftServerImpl.java:setRole(184)) - 67f35358-9777-4ff9-96f4-8a61bc3a94fe@group-21BA9BD4283D: changes role from  FOLLOWER to FOLLOWER at term 155 for recognizeCandidate:7c431f9d-51bc-458b-a3a6-511ec217d887
2019-10-17 06:47:54,772 [Thread-2209] INFO  impl.FollowerState (FollowerState.java:run(117)) - b9cfa588-8e56-4331-be2f-4c26f25c6739@group-21BA9BD4283D-FollowerState was interrupted: java.lang.InterruptedException: sleep interrupted
2019-10-17 06:47:54,772 [grpc-default-executor-4] INFO  impl.RoleInfo (RoleInfo.java:updateAndGet(143)) - b9cfa588-8e56-4331-be2f-4c26f25c6739: start FollowerState
2019-10-17 06:47:54,772 [grpc-default-executor-3] INFO  impl.RoleInfo (RoleInfo.java:shutdownFollowerState(121)) - 67f35358-9777-4ff9-96f4-8a61bc3a94fe: shutdown FollowerState
2019-10-17 06:47:54,772 [Thread-2210] INFO  impl.FollowerState (FollowerState.java:run(117)) - 67f35358-9777-4ff9-96f4-8a61bc3a94fe@group-21BA9BD4283D-FollowerState was interrupted: java.lang.InterruptedException: sleep interrupted
2019-10-17 06:47:54,772 [grpc-default-executor-3] INFO  impl.RoleInfo (RoleInfo.java:updateAndGet(143)) - 67f35358-9777-4ff9-96f4-8a61bc3a94fe: start FollowerState
2019-10-17 06:47:54,786 [7c431f9d-51bc-458b-a3a6-511ec217d887@group-21BA9BD4283D-LeaderElection217] INFO  impl.LeaderElection (LeaderElection.java:logAndReturn(56)) - 7c431f9d-51bc-458b-a3a6-511ec217d887@group-21BA9BD4283D-LeaderElection217: Election REJECTED; received 2 response(s) [7c431f9d-51bc-458b-a3a6-511ec217d887<-67f35358-9777-4ff9-96f4-8a61bc3a94fe#0:FAIL-t155, 7c431f9d-51bc-458b-a3a6-511ec217d887<-b9cfa588-8e56-4331-be2f-4c26f25c6739#0:FAIL-t155] and 0 exception(s); 7c431f9d-51bc-458b-a3a6-511ec217d887@group-21BA9BD4283D:t155, leader=null, voted=7c431f9d-51bc-458b-a3a6-511ec217d887, raftlog=7c431f9d-51bc-458b-a3a6-511ec217d887@group-21BA9BD4283D-SegmentedRaftLog:OPENED:c-1,f-1,i0, conf=-1: [67f35358-9777-4ff9-96f4-8a61bc3a94fe:192.168.34.62:37037, 7c431f9d-51bc-458b-a3a6-511ec217d887:192.168.34.62:40420, b9cfa588-8e56-4331-be2f-4c26f25c6739:192.168.34.62:34777], old=null
2019-10-17 06:47:54,786 [7c431f9d-51bc-458b-a3a6-511ec217d887@group-21BA9BD4283D-LeaderElection217] INFO  impl.RaftServerImpl (RaftServerImpl.java:setRole(184)) - 7c431f9d-51bc-458b-a3a6-511ec217d887@group-21BA9BD4283D: changes role from CANDIDATE to FOLLOWER at term 155 for DISCOVERED_A_NEW_TERM
2019-10-17 06:47:54,786 [7c431f9d-51bc-458b-a3a6-511ec217d887@group-21BA9BD4283D-LeaderElection217] INFO  impl.RoleInfo (RoleInfo.java:shutdownLeaderElection(134)) - 7c431f9d-51bc-458b-a3a6-511ec217d887: shutdown LeaderElection
2019-10-17 06:47:54,786 [7c431f9d-51bc-458b-a3a6-511ec217d887@group-21BA9BD4283D-LeaderElection217] INFO  impl.RoleInfo (RoleInfo.java:updateAndGet(143)) - 7c431f9d-51bc-458b-a3a6-511ec217d887: start FollowerState
2019-10-17 06:47:54,786 [Thread-2217] INFO  impl.FollowerState (FollowerState.java:run(108)) - 7c431f9d-51bc-458b-a3a6-511ec217d887@group-21BA9BD4283D-FollowerState: change to CANDIDATE, lastRpcTime:0ms, electionTimeout:0ms
2019-10-17 06:47:54,786 [Thread-2217] INFO  impl.RoleInfo (RoleInfo.java:shutdownFollowerState(121)) - 7c431f9d-51bc-458b-a3a6-511ec217d887: shutdown FollowerState
2019-10-17 06:47:54,786 [Thread-2217] INFO  impl.RaftServerImpl (RaftServerImpl.java:setRole(184)) - 7c431f9d-51bc-458b-a3a6-511ec217d887@group-21BA9BD4283D: changes role from  FOLLOWER to CANDIDATE at term 155 for changeToCandidate
2019-10-17 06:47:54,787 [Thread-2217] INFO  impl.RoleInfo (RoleInfo.java:updateAndGet(143)) - 7c431f9d-51bc-458b-a3a6-511ec217d887: start LeaderElection
2019-10-17 06:47:54,805 [7c431f9d-51bc-458b-a3a6-511ec217d887@group-21BA9BD4283D-LeaderElection218] INFO  impl.LeaderElection (LeaderElection.java:askForVotes(178)) - 7c431f9d-51bc-458b-a3a6-511ec217d887@group-21BA9BD4283D-LeaderElection218: begin an election at term 156 for -1: [67f35358-9777-4ff9-96f4-8a61bc3a94fe:192.168.34.62:37037, 7c431f9d-51bc-458b-a3a6-511ec217d887:192.168.34.62:40420, b9cfa588-8e56-4331-be2f-4c26f25c6739:192.168.34.62:34777], old=null
2019-10-17 06:47:54,807 [grpc-default-executor-4] INFO  impl.RaftServerImpl (RaftServerImpl.java:setRole(184)) - b9cfa588-8e56-4331-be2f-4c26f25c6739@group-21BA9BD4283D: changes role from  FOLLOWER to FOLLOWER at term 156 for recognizeCandidate:7c431f9d-51bc-458b-a3a6-511ec217d887
2019-10-17 06:47:54,807 [grpc-default-executor-3] INFO  impl.RaftServerImpl (RaftServerImpl.java:setRole(184)) - 67f35358-9777-4ff9-96f4-8a61bc3a94fe@group-21BA9BD4283D: changes role from  FOLLOWER to FOLLOWER at term 156 for recognizeCandidate:7c431f9d-51bc-458b-a3a6-511ec217d887
2019-10-17 06:47:54,807 [grpc-default-executor-4] INFO  impl.RoleInfo (RoleInfo.java:shutdownFollowerState(121)) - b9cfa588-8e56-4331-be2f-4c26f25c6739: shutdown FollowerState
2019-10-17 06:47:54,807 [grpc-default-executor-3] INFO  impl.RoleInfo (RoleInfo.java:shutdownFollowerState(121)) - 67f35358-9777-4ff9-96f4-8a61bc3a94fe: shutdown FollowerState
2019-10-17 06:47:54,807 [Thread-2215] INFO  impl.FollowerState (FollowerState.java:run(117)) - b9cfa588-8e56-4331-be2f-4c26f25c6739@group-21BA9BD4283D-FollowerState was interrupted: java.lang.InterruptedException: sleep interrupted
2019-10-17 06:47:54,807 [grpc-default-executor-4] INFO  impl.RoleInfo (RoleInfo.java:updateAndGet(143)) - b9cfa588-8e56-4331-be2f-4c26f25c6739: start FollowerState
2019-10-17 06:47:54,808 [Thread-2216] INFO  impl.FollowerState (FollowerState.java:run(117)) - 67f35358-9777-4ff9-96f4-8a61bc3a94fe@group-21BA9BD4283D-FollowerState was interrupted: java.lang.InterruptedException: sleep interrupted
2019-10-17 06:47:54,808 [grpc-default-executor-3] INFO  impl.RoleInfo (RoleInfo.java:updateAndGet(143)) - 67f35358-9777-4ff9-96f4-8a61bc3a94fe: start FollowerState
2019-10-17 06:47:54,831 [7c431f9d-51bc-458b-a3a6-511ec217d887@group-21BA9BD4283D-LeaderElection218] INFO  impl.LeaderElection (LeaderElection.java:logAndReturn(56)) - 7c431f9d-51bc-458b-a3a6-511ec217d887@group-21BA9BD4283D-LeaderElection218: Election REJECTED; received 2 response(s) [7c431f9d-51bc-458b-a3a6-511ec217d887<-67f35358-9777-4ff9-96f4-8a61bc3a94fe#0:FAIL-t156, 7c431f9d-51bc-458b-a3a6-511ec217d887<-b9cfa588-8e56-4331-be2f-4c26f25c6739#0:FAIL-t156] and 0 exception(s); 7c431f9d-51bc-458b-a3a6-511ec217d887@group-21BA9BD4283D:t156, leader=null, voted=7c431f9d-51bc-458b-a3a6-511ec217d887, raftlog=7c431f9d-51bc-458b-a3a6-511ec217d887@group-21BA9BD4283D-SegmentedRaftLog:OPENED:c-1,f-1,i0, conf=-1: [67f35358-9777-4ff9-96f4-8a61bc3a94fe:192.168.34.62:37037, 7c431f9d-51bc-458b-a3a6-511ec217d887:192.168.34.62:40420, b9cfa588-8e56-4331-be2f-4c26f25c6739:192.168.34.62:34777], old=null
2019-10-17 06:47:54,831 [7c431f9d-51bc-458b-a3a6-511ec217d887@group-21BA9BD4283D-LeaderElection218] INFO  impl.RaftServerImpl (RaftServerImpl.java:setRole(184)) - 7c431f9d-51bc-458b-a3a6-511ec217d887@group-21BA9BD4283D: changes role from CANDIDATE to FOLLOWER at term 156 for DISCOVERED_A_NEW_TERM
2019-10-17 06:47:54,831 [7c431f9d-51bc-458b-a3a6-511ec217d887@group-21BA9BD4283D-LeaderElection218] INFO  impl.RoleInfo (RoleInfo.java:shutdownLeaderElection(134)) - 7c431f9d-51bc-458b-a3a6-511ec217d887: shutdown LeaderElection
2019-10-17 06:47:54,831 [7c431f9d-51bc-458b-a3a6-511ec217d887@group-21BA9BD4283D-LeaderElection218] INFO  impl.RoleInfo (RoleInfo.java:updateAndGet(143)) - 7c431f9d-51bc-458b-a3a6-511ec217d887: start FollowerState
2019-10-17 06:47:54,931 [Thread-2223] INFO  impl.FollowerState (FollowerState.java:run(108)) - 7c431f9d-51bc-458b-a3a6-511ec217d887@group-21BA9BD4283D-FollowerState: change to CANDIDATE, lastRpcTime:99ms, electionTimeout:99ms
2019-10-17 06:47:54,931 [Thread-2223] INFO  impl.RoleInfo (RoleInfo.java:shutdownFollowerState(121)) - 7c431f9d-51bc-458b-a3a6-511ec217d887: shutdown FollowerState
2019-10-17 06:47:54,931 [Thread-2223] INFO  impl.RaftServerImpl (RaftServerImpl.java:setRole(184)) - 7c431f9d-51bc-458b-a3a6-511ec217d887@group-21BA9BD4283D: changes role from  FOLLOWER to CANDIDATE at term 156 for changeToCandidate
2019-10-17 06:47:54,932 [Thread-2223] INFO  impl.RoleInfo (RoleInfo.java:updateAndGet(143)) - 7c431f9d-51bc-458b-a3a6-511ec217d887: start LeaderElection
2019-10-17 06:47:54,944 [7c431f9d-51bc-458b-a3a6-511ec217d887@group-21BA9BD4283D-LeaderElection219] INFO  impl.LeaderElection (LeaderElection.java:askForVotes(178)) - 7c431f9d-51bc-458b-a3a6-511ec217d887@group-21BA9BD4283D-LeaderElection219: begin an election at term 157 for -1: [67f35358-9777-4ff9-96f4-8a61bc3a94fe:192.168.34.62:37037, 7c431f9d-51bc-458b-a3a6-511ec217d887:192.168.34.62:40420, b9cfa588-8e56-4331-be2f-4c26f25c6739:192.168.34.62:34777], old=null
2019-10-17 06:47:54,947 [grpc-default-executor-4] INFO  impl.RaftServerImpl (RaftServerImpl.java:setRole(184)) - b9cfa588-8e56-4331-be2f-4c26f25c6739@group-21BA9BD4283D: changes role from  FOLLOWER to FOLLOWER at term 157 for recognizeCandidate:7c431f9d-51bc-458b-a3a6-511ec217d887
2019-10-17 06:47:54,947 [grpc-default-executor-3] INFO  impl.RaftServerImpl (RaftServerImpl.java:setRole(184)) - 67f35358-9777-4ff9-96f4-8a61bc3a94fe@group-21BA9BD4283D: changes role from  FOLLOWER to FOLLOWER at term 157 for recognizeCandidate:7c431f9d-51bc-458b-a3a6-511ec217d887
2019-10-17 06:47:54,947 [grpc-default-executor-4] INFO  impl.RoleInfo (RoleInfo.java:shutdownFollowerState(121)) - b9cfa588-8e56-4331-be2f-4c26f25c6739: shutdown FollowerState
2019-10-17 06:47:54,947 [grpc-default-executor-3] INFO  impl.RoleInfo (RoleInfo.java:shutdownFollowerState(121)) - 67f35358-9777-4ff9-96f4-8a61bc3a94fe: shutdown FollowerState
2019-10-17 06:47:54,947 [grpc-default-executor-4] INFO  impl.RoleInfo (RoleInfo.java:updateAndGet(143)) - b9cfa588-8e56-4331-be2f-4c26f25c6739: start FollowerState
2019-10-17 06:47:54,947 [Thread-2222] INFO  impl.FollowerState (FollowerState.java:run(117)) - 67f35358-9777-4ff9-96f4-8a61bc3a94fe@group-21BA9BD4283D-FollowerState was interrupted: java.lang.InterruptedException: sleep interrupted
2019-10-17 06:47:54,947 [grpc-default-executor-3] INFO  impl.RoleInfo (RoleInfo.java:updateAndGet(143)) - 67f35358-9777-4ff9-96f4-8a61bc3a94fe: start FollowerState
2019-10-17 06:47:54,947 [Thread-2221] INFO  impl.FollowerState (FollowerState.java:run(117)) - b9cfa588-8e56-4331-be2f-4c26f25c6739@group-21BA9BD4283D-FollowerState was interrupted: java.lang.InterruptedException: sleep interrupted
2019-10-17 06:47:54,969 [7c431f9d-51bc-458b-a3a6-511ec217d887@group-21BA9BD4283D-LeaderElection219] INFO  impl.LeaderElection (LeaderElection.java:logAndReturn(56)) - 7c431f9d-51bc-458b-a3a6-511ec217d887@group-21BA9BD4283D-LeaderElection219: Election REJECTED; received 2 response(s) [7c431f9d-51bc-458b-a3a6-511ec217d887<-67f35358-9777-4ff9-96f4-8a61bc3a94fe#0:FAIL-t157, 7c431f9d-51bc-458b-a3a6-511ec217d887<-b9cfa588-8e56-4331-be2f-4c26f25c6739#0:FAIL-t157] and 0 exception(s); 7c431f9d-51bc-458b-a3a6-511ec217d887@group-21BA9BD4283D:t157, leader=null, voted=7c431f9d-51bc-458b-a3a6-511ec217d887, raftlog=7c431f9d-51bc-458b-a3a6-511ec217d887@group-21BA9BD4283D-SegmentedRaftLog:OPENED:c-1,f-1,i0, conf=-1: [67f35358-9777-4ff9-96f4-8a61bc3a94fe:192.168.34.62:37037, 7c431f9d-51bc-458b-a3a6-511ec217d887:192.168.34.62:40420, b9cfa588-8e56-4331-be2f-4c26f25c6739:192.168.34.62:34777], old=null
2019-10-17 06:47:54,969 [7c431f9d-51bc-458b-a3a6-511ec217d887@group-21BA9BD4283D-LeaderElection219] INFO  impl.RaftServerImpl (RaftServerImpl.java:setRole(184)) - 7c431f9d-51bc-458b-a3a6-511ec217d887@group-21BA9BD4283D: changes role from CANDIDATE to FOLLOWER at term 157 for DISCOVERED_A_NEW_TERM
2019-10-17 06:47:54,969 [7c431f9d-51bc-458b-a3a6-511ec217d887@group-21BA9BD4283D-LeaderElection219] INFO  impl.RoleInfo (RoleInfo.java:shutdownLeaderElection(134)) - 7c431f9d-51bc-458b-a3a6-511ec217d887: shutdown LeaderElection
2019-10-17 06:47:54,969 [7c431f9d-51bc-458b-a3a6-511ec217d887@group-21BA9BD4283D-LeaderElection219] INFO  impl.RoleInfo (RoleInfo.java:updateAndGet(143)) - 7c431f9d-51bc-458b-a3a6-511ec217d887: start FollowerState
2019-10-17 06:47:55,098 [main] INFO  ozone.MiniOzoneClusterImpl (MiniOzoneClusterImpl.java:lambda$waitForClusterToBeReady$2(164)) - Waiting for 1 number of pipelines out of 4, to report a leader.
2019-10-17 06:47:55,126 [Thread-2229] INFO  impl.FollowerState (FollowerState.java:run(108)) - 7c431f9d-51bc-458b-a3a6-511ec217d887@group-21BA9BD4283D-FollowerState: change to CANDIDATE, lastRpcTime:156ms, electionTimeout:156ms
2019-10-17 06:47:55,126 [Thread-2229] INFO  impl.RoleInfo (RoleInfo.java:shutdownFollowerState(121)) - 7c431f9d-51bc-458b-a3a6-511ec217d887: shutdown FollowerState
2019-10-17 06:47:55,126 [Thread-2229] INFO  impl.RaftServerImpl (RaftServerImpl.java:setRole(184)) - 7c431f9d-51bc-458b-a3a6-511ec217d887@group-21BA9BD4283D: changes role from  FOLLOWER to CANDIDATE at term 157 for changeToCandidate
2019-10-17 06:47:55,126 [Thread-2229] INFO  impl.RoleInfo (RoleInfo.java:updateAndGet(143)) - 7c431f9d-51bc-458b-a3a6-511ec217d887: start LeaderElection
2019-10-17 06:47:55,139 [7c431f9d-51bc-458b-a3a6-511ec217d887@group-21BA9BD4283D-LeaderElection220] INFO  impl.LeaderElection (LeaderElection.java:askForVotes(178)) - 7c431f9d-51bc-458b-a3a6-511ec217d887@group-21BA9BD4283D-LeaderElection220: begin an election at term 158 for -1: [67f35358-9777-4ff9-96f4-8a61bc3a94fe:192.168.34.62:37037, 7c431f9d-51bc-458b-a3a6-511ec217d887:192.168.34.62:40420, b9cfa588-8e56-4331-be2f-4c26f25c6739:192.168.34.62:34777], old=null
2019-10-17 06:47:55,141 [grpc-default-executor-4] INFO  impl.RaftServerImpl (RaftServerImpl.java:setRole(184)) - b9cfa588-8e56-4331-be2f-4c26f25c6739@group-21BA9BD4283D: changes role from  FOLLOWER to FOLLOWER at term 158 for recognizeCandidate:7c431f9d-51bc-458b-a3a6-511ec217d887
2019-10-17 06:47:55,141 [grpc-default-executor-3] INFO  impl.RaftServerImpl (RaftServerImpl.java:setRole(184)) - 67f35358-9777-4ff9-96f4-8a61bc3a94fe@group-21BA9BD4283D: changes role from  FOLLOWER to FOLLOWER at term 158 for recognizeCandidate:7c431f9d-51bc-458b-a3a6-511ec217d887
2019-10-17 06:47:55,141 [grpc-default-executor-3] INFO  impl.RoleInfo (RoleInfo.java:shutdownFollowerState(121)) - 67f35358-9777-4ff9-96f4-8a61bc3a94fe: shutdown FollowerState
2019-10-17 06:47:55,141 [grpc-default-executor-4] INFO  impl.RoleInfo (RoleInfo.java:shutdownFollowerState(121)) - b9cfa588-8e56-4331-be2f-4c26f25c6739: shutdown FollowerState
2019-10-17 06:47:55,141 [Thread-2228] INFO  impl.FollowerState (FollowerState.java:run(117)) - 67f35358-9777-4ff9-96f4-8a61bc3a94fe@group-21BA9BD4283D-FollowerState was interrupted: java.lang.InterruptedException: sleep interrupted
2019-10-17 06:47:55,141 [grpc-default-executor-3] INFO  impl.RoleInfo (RoleInfo.java:updateAndGet(143)) - 67f35358-9777-4ff9-96f4-8a61bc3a94fe: start FollowerState
2019-10-17 06:47:55,141 [Thread-2227] INFO  impl.FollowerState (FollowerState.java:run(117)) - b9cfa588-8e56-4331-be2f-4c26f25c6739@group-21BA9BD4283D-FollowerState was interrupted: java.lang.InterruptedException: sleep interrupted
2019-10-17 06:47:55,141 [grpc-default-executor-4] INFO  impl.RoleInfo (RoleInfo.java:updateAndGet(143)) - b9cfa588-8e56-4331-be2f-4c26f25c6739: start FollowerState
2019-10-17 06:47:55,156 [7c431f9d-51bc-458b-a3a6-511ec217d887@group-21BA9BD4283D-LeaderElection220] INFO  impl.LeaderElection (LeaderElection.java:logAndReturn(56)) - 7c431f9d-51bc-458b-a3a6-511ec217d887@group-21BA9BD4283D-LeaderElection220: Election REJECTED; received 2 response(s) [7c431f9d-51bc-458b-a3a6-511ec217d887<-67f35358-9777-4ff9-96f4-8a61bc3a94fe#0:FAIL-t158, 7c431f9d-51bc-458b-a3a6-511ec217d887<-b9cfa588-8e56-4331-be2f-4c26f25c6739#0:FAIL-t158] and 0 exception(s); 7c431f9d-51bc-458b-a3a6-511ec217d887@group-21BA9BD4283D:t158, leader=null, voted=7c431f9d-51bc-458b-a3a6-511ec217d887, raftlog=7c431f9d-51bc-458b-a3a6-511ec217d887@group-21BA9BD4283D-SegmentedRaftLog:OPENED:c-1,f-1,i0, conf=-1: [67f35358-9777-4ff9-96f4-8a61bc3a94fe:192.168.34.62:37037, 7c431f9d-51bc-458b-a3a6-511ec217d887:192.168.34.62:40420, b9cfa588-8e56-4331-be2f-4c26f25c6739:192.168.34.62:34777], old=null
2019-10-17 06:47:55,156 [7c431f9d-51bc-458b-a3a6-511ec217d887@group-21BA9BD4283D-LeaderElection220] INFO  impl.RaftServerImpl (RaftServerImpl.java:setRole(184)) - 7c431f9d-51bc-458b-a3a6-511ec217d887@group-21BA9BD4283D: changes role from CANDIDATE to FOLLOWER at term 158 for DISCOVERED_A_NEW_TERM
2019-10-17 06:47:55,156 [7c431f9d-51bc-458b-a3a6-511ec217d887@group-21BA9BD4283D-LeaderElection220] INFO  impl.RoleInfo (RoleInfo.java:shutdownLeaderElection(134)) - 7c431f9d-51bc-458b-a3a6-511ec217d887: shutdown LeaderElection
2019-10-17 06:47:55,156 [7c431f9d-51bc-458b-a3a6-511ec217d887@group-21BA9BD4283D-LeaderElection220] INFO  impl.RoleInfo (RoleInfo.java:updateAndGet(143)) - 7c431f9d-51bc-458b-a3a6-511ec217d887: start FollowerState
2019-10-17 06:47:55,244 [Thread-2235] INFO  impl.FollowerState (FollowerState.java:run(108)) - 7c431f9d-51bc-458b-a3a6-511ec217d887@group-21BA9BD4283D-FollowerState: change to CANDIDATE, lastRpcTime:87ms, electionTimeout:87ms
2019-10-17 06:47:55,244 [Thread-2235] INFO  impl.RoleInfo (RoleInfo.java:shutdownFollowerState(121)) - 7c431f9d-51bc-458b-a3a6-511ec217d887: shutdown FollowerState
2019-10-17 06:47:55,244 [Thread-2235] INFO  impl.RaftServerImpl (RaftServerImpl.java:setRole(184)) - 7c431f9d-51bc-458b-a3a6-511ec217d887@group-21BA9BD4283D: changes role from  FOLLOWER to CANDIDATE at term 158 for changeToCandidate
2019-10-17 06:47:55,244 [Thread-2235] INFO  impl.RoleInfo (RoleInfo.java:updateAndGet(143)) - 7c431f9d-51bc-458b-a3a6-511ec217d887: start LeaderElection
2019-10-17 06:47:55,258 [7c431f9d-51bc-458b-a3a6-511ec217d887@group-21BA9BD4283D-LeaderElection221] INFO  impl.LeaderElection (LeaderElection.java:askForVotes(178)) - 7c431f9d-51bc-458b-a3a6-511ec217d887@group-21BA9BD4283D-LeaderElection221: begin an election at term 159 for -1: [67f35358-9777-4ff9-96f4-8a61bc3a94fe:192.168.34.62:37037, 7c431f9d-51bc-458b-a3a6-511ec217d887:192.168.34.62:40420, b9cfa588-8e56-4331-be2f-4c26f25c6739:192.168.34.62:34777], old=null
2019-10-17 06:47:55,260 [grpc-default-executor-4] INFO  impl.RaftServerImpl (RaftServerImpl.java:setRole(184)) - b9cfa588-8e56-4331-be2f-4c26f25c6739@group-21BA9BD4283D: changes role from  FOLLOWER to FOLLOWER at term 159 for recognizeCandidate:7c431f9d-51bc-458b-a3a6-511ec217d887
2019-10-17 06:47:55,260 [grpc-default-executor-4] INFO  impl.RoleInfo (RoleInfo.java:shutdownFollowerState(121)) - b9cfa588-8e56-4331-be2f-4c26f25c6739: shutdown FollowerState
2019-10-17 06:47:55,260 [grpc-default-executor-3] INFO  impl.RaftServerImpl (RaftServerImpl.java:setRole(184)) - 67f35358-9777-4ff9-96f4-8a61bc3a94fe@group-21BA9BD4283D: changes role from  FOLLOWER to FOLLOWER at term 159 for recognizeCandidate:7c431f9d-51bc-458b-a3a6-511ec217d887
2019-10-17 06:47:55,260 [Thread-2234] INFO  impl.FollowerState (FollowerState.java:run(117)) - b9cfa588-8e56-4331-be2f-4c26f25c6739@group-21BA9BD4283D-FollowerState was interrupted: java.lang.InterruptedException: sleep interrupted
2019-10-17 06:47:55,260 [grpc-default-executor-4] INFO  impl.RoleInfo (RoleInfo.java:updateAndGet(143)) - b9cfa588-8e56-4331-be2f-4c26f25c6739: start FollowerState
2019-10-17 06:47:55,260 [grpc-default-executor-3] INFO  impl.RoleInfo (RoleInfo.java:shutdownFollowerState(121)) - 67f35358-9777-4ff9-96f4-8a61bc3a94fe: shutdown FollowerState
2019-10-17 06:47:55,260 [grpc-default-executor-3] INFO  impl.RoleInfo (RoleInfo.java:updateAndGet(143)) - 67f35358-9777-4ff9-96f4-8a61bc3a94fe: start FollowerState
2019-10-17 06:47:55,260 [Thread-2233] INFO  impl.FollowerState (FollowerState.java:run(117)) - 67f35358-9777-4ff9-96f4-8a61bc3a94fe@group-21BA9BD4283D-FollowerState was interrupted: java.lang.InterruptedException: sleep interrupted
2019-10-17 06:47:55,274 [7c431f9d-51bc-458b-a3a6-511ec217d887@group-21BA9BD4283D-LeaderElection221] INFO  impl.LeaderElection (LeaderElection.java:logAndReturn(56)) - 7c431f9d-51bc-458b-a3a6-511ec217d887@group-21BA9BD4283D-LeaderElection221: Election REJECTED; received 2 response(s) [7c431f9d-51bc-458b-a3a6-511ec217d887<-67f35358-9777-4ff9-96f4-8a61bc3a94fe#0:FAIL-t159, 7c431f9d-51bc-458b-a3a6-511ec217d887<-b9cfa588-8e56-4331-be2f-4c26f25c6739#0:FAIL-t159] and 0 exception(s); 7c431f9d-51bc-458b-a3a6-511ec217d887@group-21BA9BD4283D:t159, leader=null, voted=7c431f9d-51bc-458b-a3a6-511ec217d887, raftlog=7c431f9d-51bc-458b-a3a6-511ec217d887@group-21BA9BD4283D-SegmentedRaftLog:OPENED:c-1,f-1,i0, conf=-1: [67f35358-9777-4ff9-96f4-8a61bc3a94fe:192.168.34.62:37037, 7c431f9d-51bc-458b-a3a6-511ec217d887:192.168.34.62:40420, b9cfa588-8e56-4331-be2f-4c26f25c6739:192.168.34.62:34777], old=null
2019-10-17 06:47:55,274 [7c431f9d-51bc-458b-a3a6-511ec217d887@group-21BA9BD4283D-LeaderElection221] INFO  impl.RaftServerImpl (RaftServerImpl.java:setRole(184)) - 7c431f9d-51bc-458b-a3a6-511ec217d887@group-21BA9BD4283D: changes role from CANDIDATE to FOLLOWER at term 159 for DISCOVERED_A_NEW_TERM
2019-10-17 06:47:55,274 [7c431f9d-51bc-458b-a3a6-511ec217d887@group-21BA9BD4283D-LeaderElection221] INFO  impl.RoleInfo (RoleInfo.java:shutdownLeaderElection(134)) - 7c431f9d-51bc-458b-a3a6-511ec217d887: shutdown LeaderElection
2019-10-17 06:47:55,275 [7c431f9d-51bc-458b-a3a6-511ec217d887@group-21BA9BD4283D-LeaderElection221] INFO  impl.RoleInfo (RoleInfo.java:updateAndGet(143)) - 7c431f9d-51bc-458b-a3a6-511ec217d887: start FollowerState
2019-10-17 06:47:55,284 [Thread-2241] INFO  impl.FollowerState (FollowerState.java:run(108)) - 7c431f9d-51bc-458b-a3a6-511ec217d887@group-21BA9BD4283D-FollowerState: change to CANDIDATE, lastRpcTime:9ms, electionTimeout:9ms
2019-10-17 06:47:55,284 [Thread-2241] INFO  impl.RoleInfo (RoleInfo.java:shutdownFollowerState(121)) - 7c431f9d-51bc-458b-a3a6-511ec217d887: shutdown FollowerState
2019-10-17 06:47:55,284 [Thread-2241] INFO  impl.RaftServerImpl (RaftServerImpl.java:setRole(184)) - 7c431f9d-51bc-458b-a3a6-511ec217d887@group-21BA9BD4283D: changes role from  FOLLOWER to CANDIDATE at term 159 for changeToCandidate
2019-10-17 06:47:55,284 [Thread-2241] INFO  impl.RoleInfo (RoleInfo.java:updateAndGet(143)) - 7c431f9d-51bc-458b-a3a6-511ec217d887: start LeaderElection
2019-10-17 06:47:55,298 [7c431f9d-51bc-458b-a3a6-511ec217d887@group-21BA9BD4283D-LeaderElection222] INFO  impl.LeaderElection (LeaderElection.java:askForVotes(178)) - 7c431f9d-51bc-458b-a3a6-511ec217d887@group-21BA9BD4283D-LeaderElection222: begin an election at term 160 for -1: [67f35358-9777-4ff9-96f4-8a61bc3a94fe:192.168.34.62:37037, 7c431f9d-51bc-458b-a3a6-511ec217d887:192.168.34.62:40420, b9cfa588-8e56-4331-be2f-4c26f25c6739:192.168.34.62:34777], old=null
2019-10-17 06:47:55,299 [grpc-default-executor-4] INFO  impl.RaftServerImpl (RaftServerImpl.java:setRole(184)) - 67f35358-9777-4ff9-96f4-8a61bc3a94fe@group-21BA9BD4283D: changes role from  FOLLOWER to FOLLOWER at term 160 for recognizeCandidate:7c431f9d-51bc-458b-a3a6-511ec217d887
2019-10-17 06:47:55,299 [grpc-default-executor-3] INFO  impl.RaftServerImpl (RaftServerImpl.java:setRole(184)) - b9cfa588-8e56-4331-be2f-4c26f25c6739@group-21BA9BD4283D: changes role from  FOLLOWER to FOLLOWER at term 160 for recognizeCandidate:7c431f9d-51bc-458b-a3a6-511ec217d887
2019-10-17 06:47:55,300 [grpc-default-executor-3] INFO  impl.RoleInfo (RoleInfo.java:shutdownFollowerState(121)) - b9cfa588-8e56-4331-be2f-4c26f25c6739: shutdown FollowerState
2019-10-17 06:47:55,300 [grpc-default-executor-4] INFO  impl.RoleInfo (RoleInfo.java:shutdownFollowerState(121)) - 67f35358-9777-4ff9-96f4-8a61bc3a94fe: shutdown FollowerState
2019-10-17 06:47:55,300 [Thread-2239] INFO  impl.FollowerState (FollowerState.java:run(117)) - b9cfa588-8e56-4331-be2f-4c26f25c6739@group-21BA9BD4283D-FollowerState was interrupted: java.lang.InterruptedException: sleep interrupted
2019-10-17 06:47:55,300 [grpc-default-executor-3] INFO  impl.RoleInfo (RoleInfo.java:updateAndGet(143)) - b9cfa588-8e56-4331-be2f-4c26f25c6739: start FollowerState
2019-10-17 06:47:55,300 [Thread-2240] INFO  impl.FollowerState (FollowerState.java:run(117)) - 67f35358-9777-4ff9-96f4-8a61bc3a94fe@group-21BA9BD4283D-FollowerState was interrupted: java.lang.InterruptedException: sleep interrupted
2019-10-17 06:47:55,300 [grpc-default-executor-4] INFO  impl.RoleInfo (RoleInfo.java:updateAndGet(143)) - 67f35358-9777-4ff9-96f4-8a61bc3a94fe: start FollowerState
2019-10-17 06:47:55,317 [7c431f9d-51bc-458b-a3a6-511ec217d887@group-21BA9BD4283D-LeaderElection222] INFO  impl.LeaderElection (LeaderElection.java:logAndReturn(56)) - 7c431f9d-51bc-458b-a3a6-511ec217d887@group-21BA9BD4283D-LeaderElection222: Election REJECTED; received 2 response(s) [7c431f9d-51bc-458b-a3a6-511ec217d887<-67f35358-9777-4ff9-96f4-8a61bc3a94fe#0:FAIL-t160, 7c431f9d-51bc-458b-a3a6-511ec217d887<-b9cfa588-8e56-4331-be2f-4c26f25c6739#0:FAIL-t160] and 0 exception(s); 7c431f9d-51bc-458b-a3a6-511ec217d887@group-21BA9BD4283D:t160, leader=null, voted=7c431f9d-51bc-458b-a3a6-511ec217d887, raftlog=7c431f9d-51bc-458b-a3a6-511ec217d887@group-21BA9BD4283D-SegmentedRaftLog:OPENED:c-1,f-1,i0, conf=-1: [67f35358-9777-4ff9-96f4-8a61bc3a94fe:192.168.34.62:37037, 7c431f9d-51bc-458b-a3a6-511ec217d887:192.168.34.62:40420, b9cfa588-8e56-4331-be2f-4c26f25c6739:192.168.34.62:34777], old=null
2019-10-17 06:47:55,317 [7c431f9d-51bc-458b-a3a6-511ec217d887@group-21BA9BD4283D-LeaderElection222] INFO  impl.RaftServerImpl (RaftServerImpl.java:setRole(184)) - 7c431f9d-51bc-458b-a3a6-511ec217d887@group-21BA9BD4283D: changes role from CANDIDATE to FOLLOWER at term 160 for DISCOVERED_A_NEW_TERM
2019-10-17 06:47:55,317 [7c431f9d-51bc-458b-a3a6-511ec217d887@group-21BA9BD4283D-LeaderElection222] INFO  impl.RoleInfo (RoleInfo.java:shutdownLeaderElection(134)) - 7c431f9d-51bc-458b-a3a6-511ec217d887: shutdown LeaderElection
2019-10-17 06:47:55,318 [7c431f9d-51bc-458b-a3a6-511ec217d887@group-21BA9BD4283D-LeaderElection222] INFO  impl.RoleInfo (RoleInfo.java:updateAndGet(143)) - 7c431f9d-51bc-458b-a3a6-511ec217d887: start FollowerState
2019-10-17 06:47:55,474 [Thread-2247] INFO  impl.FollowerState (FollowerState.java:run(108)) - 7c431f9d-51bc-458b-a3a6-511ec217d887@group-21BA9BD4283D-FollowerState: change to CANDIDATE, lastRpcTime:156ms, electionTimeout:156ms
2019-10-17 06:47:55,474 [Thread-2247] INFO  impl.RoleInfo (RoleInfo.java:shutdownFollowerState(121)) - 7c431f9d-51bc-458b-a3a6-511ec217d887: shutdown FollowerState
2019-10-17 06:47:55,474 [Thread-2247] INFO  impl.RaftServerImpl (RaftServerImpl.java:setRole(184)) - 7c431f9d-51bc-458b-a3a6-511ec217d887@group-21BA9BD4283D: changes role from  FOLLOWER to CANDIDATE at term 160 for changeToCandidate
2019-10-17 06:47:55,474 [Thread-2247] INFO  impl.RoleInfo (RoleInfo.java:updateAndGet(143)) - 7c431f9d-51bc-458b-a3a6-511ec217d887: start LeaderElection
2019-10-17 06:47:55,498 [7c431f9d-51bc-458b-a3a6-511ec217d887@group-21BA9BD4283D-LeaderElection223] INFO  impl.LeaderElection (LeaderElection.java:askForVotes(178)) - 7c431f9d-51bc-458b-a3a6-511ec217d887@group-21BA9BD4283D-LeaderElection223: begin an election at term 161 for -1: [67f35358-9777-4ff9-96f4-8a61bc3a94fe:192.168.34.62:37037, 7c431f9d-51bc-458b-a3a6-511ec217d887:192.168.34.62:40420, b9cfa588-8e56-4331-be2f-4c26f25c6739:192.168.34.62:34777], old=null
2019-10-17 06:47:55,500 [grpc-default-executor-2] INFO  impl.RaftServerImpl (RaftServerImpl.java:setRole(184)) - b9cfa588-8e56-4331-be2f-4c26f25c6739@group-21BA9BD4283D: changes role from  FOLLOWER to FOLLOWER at term 161 for recognizeCandidate:7c431f9d-51bc-458b-a3a6-511ec217d887
2019-10-17 06:47:55,500 [grpc-default-executor-2] INFO  impl.RoleInfo (RoleInfo.java:shutdownFollowerState(121)) - b9cfa588-8e56-4331-be2f-4c26f25c6739: shutdown FollowerState
2019-10-17 06:47:55,500 [grpc-default-executor-4] INFO  impl.RaftServerImpl (RaftServerImpl.java:setRole(184)) - 67f35358-9777-4ff9-96f4-8a61bc3a94fe@group-21BA9BD4283D: changes role from  FOLLOWER to FOLLOWER at term 161 for recognizeCandidate:7c431f9d-51bc-458b-a3a6-511ec217d887
2019-10-17 06:47:55,500 [Thread-2245] INFO  impl.FollowerState (FollowerState.java:run(117)) - b9cfa588-8e56-4331-be2f-4c26f25c6739@group-21BA9BD4283D-FollowerState was interrupted: java.lang.InterruptedException: sleep interrupted
2019-10-17 06:47:55,500 [grpc-default-executor-2] INFO  impl.RoleInfo (RoleInfo.java:updateAndGet(143)) - b9cfa588-8e56-4331-be2f-4c26f25c6739: start FollowerState
2019-10-17 06:47:55,500 [grpc-default-executor-4] INFO  impl.RoleInfo (RoleInfo.java:shutdownFollowerState(121)) - 67f35358-9777-4ff9-96f4-8a61bc3a94fe: shutdown FollowerState
2019-10-17 06:47:55,500 [grpc-default-executor-4] INFO  impl.RoleInfo (RoleInfo.java:updateAndGet(143)) - 67f35358-9777-4ff9-96f4-8a61bc3a94fe: start FollowerState
2019-10-17 06:47:55,500 [Thread-2246] INFO  impl.FollowerState (FollowerState.java:run(117)) - 67f35358-9777-4ff9-96f4-8a61bc3a94fe@group-21BA9BD4283D-FollowerState was interrupted: java.lang.InterruptedException: sleep interrupted
2019-10-17 06:47:55,514 [7c431f9d-51bc-458b-a3a6-511ec217d887@group-21BA9BD4283D-LeaderElection223] INFO  impl.LeaderElection (LeaderElection.java:logAndReturn(56)) - 7c431f9d-51bc-458b-a3a6-511ec217d887@group-21BA9BD4283D-LeaderElection223: Election REJECTED; received 2 response(s) [7c431f9d-51bc-458b-a3a6-511ec217d887<-67f35358-9777-4ff9-96f4-8a61bc3a94fe#0:FAIL-t161, 7c431f9d-51bc-458b-a3a6-511ec217d887<-b9cfa588-8e56-4331-be2f-4c26f25c6739#0:FAIL-t161] and 0 exception(s); 7c431f9d-51bc-458b-a3a6-511ec217d887@group-21BA9BD4283D:t161, leader=null, voted=7c431f9d-51bc-458b-a3a6-511ec217d887, raftlog=7c431f9d-51bc-458b-a3a6-511ec217d887@group-21BA9BD4283D-SegmentedRaftLog:OPENED:c-1,f-1,i0, conf=-1: [67f35358-9777-4ff9-96f4-8a61bc3a94fe:192.168.34.62:37037, 7c431f9d-51bc-458b-a3a6-511ec217d887:192.168.34.62:40420, b9cfa588-8e56-4331-be2f-4c26f25c6739:192.168.34.62:34777], old=null
2019-10-17 06:47:55,514 [7c431f9d-51bc-458b-a3a6-511ec217d887@group-21BA9BD4283D-LeaderElection223] INFO  impl.RaftServerImpl (RaftServerImpl.java:setRole(184)) - 7c431f9d-51bc-458b-a3a6-511ec217d887@group-21BA9BD4283D: changes role from CANDIDATE to FOLLOWER at term 161 for DISCOVERED_A_NEW_TERM
2019-10-17 06:47:55,514 [7c431f9d-51bc-458b-a3a6-511ec217d887@group-21BA9BD4283D-LeaderElection223] INFO  impl.RoleInfo (RoleInfo.java:shutdownLeaderElection(134)) - 7c431f9d-51bc-458b-a3a6-511ec217d887: shutdown LeaderElection
2019-10-17 06:47:55,514 [7c431f9d-51bc-458b-a3a6-511ec217d887@group-21BA9BD4283D-LeaderElection223] INFO  impl.RoleInfo (RoleInfo.java:updateAndGet(143)) - 7c431f9d-51bc-458b-a3a6-511ec217d887: start FollowerState
2019-10-17 06:47:55,609 [Thread-2253] INFO  impl.FollowerState (FollowerState.java:run(108)) - 7c431f9d-51bc-458b-a3a6-511ec217d887@group-21BA9BD4283D-FollowerState: change to CANDIDATE, lastRpcTime:95ms, electionTimeout:95ms
2019-10-17 06:47:55,610 [Thread-2253] INFO  impl.RoleInfo (RoleInfo.java:shutdownFollowerState(121)) - 7c431f9d-51bc-458b-a3a6-511ec217d887: shutdown FollowerState
2019-10-17 06:47:55,610 [Thread-2253] INFO  impl.RaftServerImpl (RaftServerImpl.java:setRole(184)) - 7c431f9d-51bc-458b-a3a6-511ec217d887@group-21BA9BD4283D: changes role from  FOLLOWER to CANDIDATE at term 161 for changeToCandidate
2019-10-17 06:47:55,610 [Thread-2253] INFO  impl.RoleInfo (RoleInfo.java:updateAndGet(143)) - 7c431f9d-51bc-458b-a3a6-511ec217d887: start LeaderElection
2019-10-17 06:47:55,628 [7c431f9d-51bc-458b-a3a6-511ec217d887@group-21BA9BD4283D-LeaderElection224] INFO  impl.LeaderElection (LeaderElection.java:askForVotes(178)) - 7c431f9d-51bc-458b-a3a6-511ec217d887@group-21BA9BD4283D-LeaderElection224: begin an election at term 162 for -1: [67f35358-9777-4ff9-96f4-8a61bc3a94fe:192.168.34.62:37037, 7c431f9d-51bc-458b-a3a6-511ec217d887:192.168.34.62:40420, b9cfa588-8e56-4331-be2f-4c26f25c6739:192.168.34.62:34777], old=null
2019-10-17 06:47:55,629 [grpc-default-executor-2] INFO  impl.RaftServerImpl (RaftServerImpl.java:setRole(184)) - 67f35358-9777-4ff9-96f4-8a61bc3a94fe@group-21BA9BD4283D: changes role from  FOLLOWER to FOLLOWER at term 162 for recognizeCandidate:7c431f9d-51bc-458b-a3a6-511ec217d887
2019-10-17 06:47:55,629 [grpc-default-executor-2] INFO  impl.RoleInfo (RoleInfo.java:shutdownFollowerState(121)) - 67f35358-9777-4ff9-96f4-8a61bc3a94fe: shutdown FollowerState
2019-10-17 06:47:55,629 [grpc-default-executor-4] INFO  impl.RaftServerImpl (RaftServerImpl.java:setRole(184)) - b9cfa588-8e56-4331-be2f-4c26f25c6739@group-21BA9BD4283D: changes role from  FOLLOWER to FOLLOWER at term 162 for recognizeCandidate:7c431f9d-51bc-458b-a3a6-511ec217d887
2019-10-17 06:47:55,630 [Thread-2252] INFO  impl.FollowerState (FollowerState.java:run(117)) - 67f35358-9777-4ff9-96f4-8a61bc3a94fe@group-21BA9BD4283D-FollowerState was interrupted: java.lang.InterruptedException: sleep interrupted
2019-10-17 06:47:55,629 [grpc-default-executor-2] INFO  impl.RoleInfo (RoleInfo.java:updateAndGet(143)) - 67f35358-9777-4ff9-96f4-8a61bc3a94fe: start FollowerState
2019-10-17 06:47:55,630 [grpc-default-executor-4] INFO  impl.RoleInfo (RoleInfo.java:shutdownFollowerState(121)) - b9cfa588-8e56-4331-be2f-4c26f25c6739: shutdown FollowerState
2019-10-17 06:47:55,630 [Thread-2251] INFO  impl.FollowerState (FollowerState.java:run(117)) - b9cfa588-8e56-4331-be2f-4c26f25c6739@group-21BA9BD4283D-FollowerState was interrupted: java.lang.InterruptedException: sleep interrupted
2019-10-17 06:47:55,630 [grpc-default-executor-4] INFO  impl.RoleInfo (RoleInfo.java:updateAndGet(143)) - b9cfa588-8e56-4331-be2f-4c26f25c6739: start FollowerState
2019-10-17 06:47:55,648 [7c431f9d-51bc-458b-a3a6-511ec217d887@group-21BA9BD4283D-LeaderElection224] INFO  impl.LeaderElection (LeaderElection.java:logAndReturn(56)) - 7c431f9d-51bc-458b-a3a6-511ec217d887@group-21BA9BD4283D-LeaderElection224: Election REJECTED; received 2 response(s) [7c431f9d-51bc-458b-a3a6-511ec217d887<-67f35358-9777-4ff9-96f4-8a61bc3a94fe#0:FAIL-t162, 7c431f9d-51bc-458b-a3a6-511ec217d887<-b9cfa588-8e56-4331-be2f-4c26f25c6739#0:FAIL-t162] and 0 exception(s); 7c431f9d-51bc-458b-a3a6-511ec217d887@group-21BA9BD4283D:t162, leader=null, voted=7c431f9d-51bc-458b-a3a6-511ec217d887, raftlog=7c431f9d-51bc-458b-a3a6-511ec217d887@group-21BA9BD4283D-SegmentedRaftLog:OPENED:c-1,f-1,i0, conf=-1: [67f35358-9777-4ff9-96f4-8a61bc3a94fe:192.168.34.62:37037, 7c431f9d-51bc-458b-a3a6-511ec217d887:192.168.34.62:40420, b9cfa588-8e56-4331-be2f-4c26f25c6739:192.168.34.62:34777], old=null
2019-10-17 06:47:55,648 [7c431f9d-51bc-458b-a3a6-511ec217d887@group-21BA9BD4283D-LeaderElection224] INFO  impl.RaftServerImpl (RaftServerImpl.java:setRole(184)) - 7c431f9d-51bc-458b-a3a6-511ec217d887@group-21BA9BD4283D: changes role from CANDIDATE to FOLLOWER at term 162 for DISCOVERED_A_NEW_TERM
2019-10-17 06:47:55,648 [7c431f9d-51bc-458b-a3a6-511ec217d887@group-21BA9BD4283D-LeaderElection224] INFO  impl.RoleInfo (RoleInfo.java:shutdownLeaderElection(134)) - 7c431f9d-51bc-458b-a3a6-511ec217d887: shutdown LeaderElection
2019-10-17 06:47:55,648 [7c431f9d-51bc-458b-a3a6-511ec217d887@group-21BA9BD4283D-LeaderElection224] INFO  impl.RoleInfo (RoleInfo.java:updateAndGet(143)) - 7c431f9d-51bc-458b-a3a6-511ec217d887: start FollowerState
2019-10-17 06:47:55,846 [Thread-2259] INFO  impl.FollowerState (FollowerState.java:run(108)) - 7c431f9d-51bc-458b-a3a6-511ec217d887@group-21BA9BD4283D-FollowerState: change to CANDIDATE, lastRpcTime:198ms, electionTimeout:198ms
2019-10-17 06:47:55,846 [Thread-2259] INFO  impl.RoleInfo (RoleInfo.java:shutdownFollowerState(121)) - 7c431f9d-51bc-458b-a3a6-511ec217d887: shutdown FollowerState
2019-10-17 06:47:55,847 [Thread-2259] INFO  impl.RaftServerImpl (RaftServerImpl.java:setRole(184)) - 7c431f9d-51bc-458b-a3a6-511ec217d887@group-21BA9BD4283D: changes role from  FOLLOWER to CANDIDATE at term 162 for changeToCandidate
2019-10-17 06:47:55,847 [Thread-2259] INFO  impl.RoleInfo (RoleInfo.java:updateAndGet(143)) - 7c431f9d-51bc-458b-a3a6-511ec217d887: start LeaderElection
2019-10-17 06:47:55,860 [7c431f9d-51bc-458b-a3a6-511ec217d887@group-21BA9BD4283D-LeaderElection225] INFO  impl.LeaderElection (LeaderElection.java:askForVotes(178)) - 7c431f9d-51bc-458b-a3a6-511ec217d887@group-21BA9BD4283D-LeaderElection225: begin an election at term 163 for -1: [67f35358-9777-4ff9-96f4-8a61bc3a94fe:192.168.34.62:37037, 7c431f9d-51bc-458b-a3a6-511ec217d887:192.168.34.62:40420, b9cfa588-8e56-4331-be2f-4c26f25c6739:192.168.34.62:34777], old=null
2019-10-17 06:47:55,862 [grpc-default-executor-2] INFO  impl.RaftServerImpl (RaftServerImpl.java:setRole(184)) - 67f35358-9777-4ff9-96f4-8a61bc3a94fe@group-21BA9BD4283D: changes role from  FOLLOWER to FOLLOWER at term 163 for recognizeCandidate:7c431f9d-51bc-458b-a3a6-511ec217d887
2019-10-17 06:47:55,862 [grpc-default-executor-4] INFO  impl.RaftServerImpl (RaftServerImpl.java:setRole(184)) - b9cfa588-8e56-4331-be2f-4c26f25c6739@group-21BA9BD4283D: changes role from  FOLLOWER to FOLLOWER at term 163 for recognizeCandidate:7c431f9d-51bc-458b-a3a6-511ec217d887
2019-10-17 06:47:55,862 [grpc-default-executor-2] INFO  impl.RoleInfo (RoleInfo.java:shutdownFollowerState(121)) - 67f35358-9777-4ff9-96f4-8a61bc3a94fe: shutdown FollowerState
2019-10-17 06:47:55,862 [grpc-default-executor-4] INFO  impl.RoleInfo (RoleInfo.java:shutdownFollowerState(121)) - b9cfa588-8e56-4331-be2f-4c26f25c6739: shutdown FollowerState
2019-10-17 06:47:55,862 [Thread-2257] INFO  impl.FollowerState (FollowerState.java:run(117)) - 67f35358-9777-4ff9-96f4-8a61bc3a94fe@group-21BA9BD4283D-FollowerState was interrupted: java.lang.InterruptedException: sleep interrupted
2019-10-17 06:47:55,862 [grpc-default-executor-2] INFO  impl.RoleInfo (RoleInfo.java:updateAndGet(143)) - 67f35358-9777-4ff9-96f4-8a61bc3a94fe: start FollowerState
2019-10-17 06:47:55,862 [Thread-2258] INFO  impl.FollowerState (FollowerState.java:run(117)) - b9cfa588-8e56-4331-be2f-4c26f25c6739@group-21BA9BD4283D-FollowerState was interrupted: java.lang.InterruptedException: sleep interrupted
2019-10-17 06:47:55,862 [grpc-default-executor-4] INFO  impl.RoleInfo (RoleInfo.java:updateAndGet(143)) - b9cfa588-8e56-4331-be2f-4c26f25c6739: start FollowerState
2019-10-17 06:47:55,880 [7c431f9d-51bc-458b-a3a6-511ec217d887@group-21BA9BD4283D-LeaderElection225] INFO  impl.LeaderElection (LeaderElection.java:logAndReturn(56)) - 7c431f9d-51bc-458b-a3a6-511ec217d887@group-21BA9BD4283D-LeaderElection225: Election REJECTED; received 2 response(s) [7c431f9d-51bc-458b-a3a6-511ec217d887<-67f35358-9777-4ff9-96f4-8a61bc3a94fe#0:FAIL-t163, 7c431f9d-51bc-458b-a3a6-511ec217d887<-b9cfa588-8e56-4331-be2f-4c26f25c6739#0:FAIL-t163] and 0 exception(s); 7c431f9d-51bc-458b-a3a6-511ec217d887@group-21BA9BD4283D:t163, leader=null, voted=7c431f9d-51bc-458b-a3a6-511ec217d887, raftlog=7c431f9d-51bc-458b-a3a6-511ec217d887@group-21BA9BD4283D-SegmentedRaftLog:OPENED:c-1,f-1,i0, conf=-1: [67f35358-9777-4ff9-96f4-8a61bc3a94fe:192.168.34.62:37037, 7c431f9d-51bc-458b-a3a6-511ec217d887:192.168.34.62:40420, b9cfa588-8e56-4331-be2f-4c26f25c6739:192.168.34.62:34777], old=null
2019-10-17 06:47:55,880 [7c431f9d-51bc-458b-a3a6-511ec217d887@group-21BA9BD4283D-LeaderElection225] INFO  impl.RaftServerImpl (RaftServerImpl.java:setRole(184)) - 7c431f9d-51bc-458b-a3a6-511ec217d887@group-21BA9BD4283D: changes role from CANDIDATE to FOLLOWER at term 163 for DISCOVERED_A_NEW_TERM
2019-10-17 06:47:55,880 [7c431f9d-51bc-458b-a3a6-511ec217d887@group-21BA9BD4283D-LeaderElection225] INFO  impl.RoleInfo (RoleInfo.java:shutdownLeaderElection(134)) - 7c431f9d-51bc-458b-a3a6-511ec217d887: shutdown LeaderElection
2019-10-17 06:47:55,880 [7c431f9d-51bc-458b-a3a6-511ec217d887@group-21BA9BD4283D-LeaderElection225] INFO  impl.RoleInfo (RoleInfo.java:updateAndGet(143)) - 7c431f9d-51bc-458b-a3a6-511ec217d887: start FollowerState
2019-10-17 06:47:55,901 [Thread-2265] INFO  impl.FollowerState (FollowerState.java:run(108)) - 7c431f9d-51bc-458b-a3a6-511ec217d887@group-21BA9BD4283D-FollowerState: change to CANDIDATE, lastRpcTime:21ms, electionTimeout:21ms
2019-10-17 06:47:55,901 [Thread-2265] INFO  impl.RoleInfo (RoleInfo.java:shutdownFollowerState(121)) - 7c431f9d-51bc-458b-a3a6-511ec217d887: shutdown FollowerState
2019-10-17 06:47:55,901 [Thread-2265] INFO  impl.RaftServerImpl (RaftServerImpl.java:setRole(184)) - 7c431f9d-51bc-458b-a3a6-511ec217d887@group-21BA9BD4283D: changes role from  FOLLOWER to CANDIDATE at term 163 for changeToCandidate
2019-10-17 06:47:55,902 [Thread-2265] INFO  impl.RoleInfo (RoleInfo.java:updateAndGet(143)) - 7c431f9d-51bc-458b-a3a6-511ec217d887: start LeaderElection
2019-10-17 06:47:55,919 [7c431f9d-51bc-458b-a3a6-511ec217d887@group-21BA9BD4283D-LeaderElection226] INFO  impl.LeaderElection (LeaderElection.java:askForVotes(178)) - 7c431f9d-51bc-458b-a3a6-511ec217d887@group-21BA9BD4283D-LeaderElection226: begin an election at term 164 for -1: [67f35358-9777-4ff9-96f4-8a61bc3a94fe:192.168.34.62:37037, 7c431f9d-51bc-458b-a3a6-511ec217d887:192.168.34.62:40420, b9cfa588-8e56-4331-be2f-4c26f25c6739:192.168.34.62:34777], old=null
2019-10-17 06:47:55,921 [grpc-default-executor-2] INFO  impl.RaftServerImpl (RaftServerImpl.java:setRole(184)) - 67f35358-9777-4ff9-96f4-8a61bc3a94fe@group-21BA9BD4283D: changes role from  FOLLOWER to FOLLOWER at term 164 for recognizeCandidate:7c431f9d-51bc-458b-a3a6-511ec217d887
2019-10-17 06:47:55,921 [grpc-default-executor-2] INFO  impl.RoleInfo (RoleInfo.java:shutdownFollowerState(121)) - 67f35358-9777-4ff9-96f4-8a61bc3a94fe: shutdown FollowerState
2019-10-17 06:47:55,921 [grpc-default-executor-4] INFO  impl.RaftServerImpl (RaftServerImpl.java:setRole(184)) - b9cfa588-8e56-4331-be2f-4c26f25c6739@group-21BA9BD4283D: changes role from  FOLLOWER to FOLLOWER at term 164 for recognizeCandidate:7c431f9d-51bc-458b-a3a6-511ec217d887
2019-10-17 06:47:55,921 [Thread-2263] INFO  impl.FollowerState (FollowerState.java:run(117)) - 67f35358-9777-4ff9-96f4-8a61bc3a94fe@group-21BA9BD4283D-FollowerState was interrupted: java.lang.InterruptedException: sleep interrupted
2019-10-17 06:47:55,921 [grpc-default-executor-2] INFO  impl.RoleInfo (RoleInfo.java:updateAndGet(143)) - 67f35358-9777-4ff9-96f4-8a61bc3a94fe: start FollowerState
2019-10-17 06:47:55,921 [grpc-default-executor-4] INFO  impl.RoleInfo (RoleInfo.java:shutdownFollowerState(121)) - b9cfa588-8e56-4331-be2f-4c26f25c6739: shutdown FollowerState
2019-10-17 06:47:55,922 [Thread-2264] INFO  impl.FollowerState (FollowerState.java:run(117)) - b9cfa588-8e56-4331-be2f-4c26f25c6739@group-21BA9BD4283D-FollowerState was interrupted: java.lang.InterruptedException: sleep interrupted
2019-10-17 06:47:55,922 [grpc-default-executor-4] INFO  impl.RoleInfo (RoleInfo.java:updateAndGet(143)) - b9cfa588-8e56-4331-be2f-4c26f25c6739: start FollowerState
2019-10-17 06:47:55,933 [7c431f9d-51bc-458b-a3a6-511ec217d887@group-21BA9BD4283D-LeaderElection226] INFO  impl.LeaderElection (LeaderElection.java:logAndReturn(56)) - 7c431f9d-51bc-458b-a3a6-511ec217d887@group-21BA9BD4283D-LeaderElection226: Election REJECTED; received 2 response(s) [7c431f9d-51bc-458b-a3a6-511ec217d887<-67f35358-9777-4ff9-96f4-8a61bc3a94fe#0:FAIL-t164, 7c431f9d-51bc-458b-a3a6-511ec217d887<-b9cfa588-8e56-4331-be2f-4c26f25c6739#0:FAIL-t164] and 0 exception(s); 7c431f9d-51bc-458b-a3a6-511ec217d887@group-21BA9BD4283D:t164, leader=null, voted=7c431f9d-51bc-458b-a3a6-511ec217d887, raftlog=7c431f9d-51bc-458b-a3a6-511ec217d887@group-21BA9BD4283D-SegmentedRaftLog:OPENED:c-1,f-1,i0, conf=-1: [67f35358-9777-4ff9-96f4-8a61bc3a94fe:192.168.34.62:37037, 7c431f9d-51bc-458b-a3a6-511ec217d887:192.168.34.62:40420, b9cfa588-8e56-4331-be2f-4c26f25c6739:192.168.34.62:34777], old=null
2019-10-17 06:47:55,933 [7c431f9d-51bc-458b-a3a6-511ec217d887@group-21BA9BD4283D-LeaderElection226] INFO  impl.RaftServerImpl (RaftServerImpl.java:setRole(184)) - 7c431f9d-51bc-458b-a3a6-511ec217d887@group-21BA9BD4283D: changes role from CANDIDATE to FOLLOWER at term 164 for DISCOVERED_A_NEW_TERM
2019-10-17 06:47:55,933 [7c431f9d-51bc-458b-a3a6-511ec217d887@group-21BA9BD4283D-LeaderElection226] INFO  impl.RoleInfo (RoleInfo.java:shutdownLeaderElection(134)) - 7c431f9d-51bc-458b-a3a6-511ec217d887: shutdown LeaderElection
2019-10-17 06:47:55,933 [7c431f9d-51bc-458b-a3a6-511ec217d887@group-21BA9BD4283D-LeaderElection226] INFO  impl.RoleInfo (RoleInfo.java:updateAndGet(143)) - 7c431f9d-51bc-458b-a3a6-511ec217d887: start FollowerState
2019-10-17 06:47:56,002 [Thread-2271] INFO  impl.FollowerState (FollowerState.java:run(108)) - 7c431f9d-51bc-458b-a3a6-511ec217d887@group-21BA9BD4283D-FollowerState: change to CANDIDATE, lastRpcTime:68ms, electionTimeout:68ms
2019-10-17 06:47:56,002 [Thread-2271] INFO  impl.RoleInfo (RoleInfo.java:shutdownFollowerState(121)) - 7c431f9d-51bc-458b-a3a6-511ec217d887: shutdown FollowerState
2019-10-17 06:47:56,002 [Thread-2271] INFO  impl.RaftServerImpl (RaftServerImpl.java:setRole(184)) - 7c431f9d-51bc-458b-a3a6-511ec217d887@group-21BA9BD4283D: changes role from  FOLLOWER to CANDIDATE at term 164 for changeToCandidate
2019-10-17 06:47:56,002 [Thread-2271] INFO  impl.RoleInfo (RoleInfo.java:updateAndGet(143)) - 7c431f9d-51bc-458b-a3a6-511ec217d887: start LeaderElection
2019-10-17 06:47:56,032 [7c431f9d-51bc-458b-a3a6-511ec217d887@group-21BA9BD4283D-LeaderElection227] INFO  impl.LeaderElection (LeaderElection.java:askForVotes(178)) - 7c431f9d-51bc-458b-a3a6-511ec217d887@group-21BA9BD4283D-LeaderElection227: begin an election at term 165 for -1: [67f35358-9777-4ff9-96f4-8a61bc3a94fe:192.168.34.62:37037, 7c431f9d-51bc-458b-a3a6-511ec217d887:192.168.34.62:40420, b9cfa588-8e56-4331-be2f-4c26f25c6739:192.168.34.62:34777], old=null
2019-10-17 06:47:56,034 [grpc-default-executor-4] INFO  impl.RaftServerImpl (RaftServerImpl.java:setRole(184)) - 67f35358-9777-4ff9-96f4-8a61bc3a94fe@group-21BA9BD4283D: changes role from  FOLLOWER to FOLLOWER at term 165 for recognizeCandidate:7c431f9d-51bc-458b-a3a6-511ec217d887
2019-10-17 06:47:56,034 [grpc-default-executor-4] INFO  impl.RoleInfo (RoleInfo.java:shutdownFollowerState(121)) - 67f35358-9777-4ff9-96f4-8a61bc3a94fe: shutdown FollowerState
2019-10-17 06:47:56,034 [grpc-default-executor-4] INFO  impl.RoleInfo (RoleInfo.java:updateAndGet(143)) - 67f35358-9777-4ff9-96f4-8a61bc3a94fe: start FollowerState
2019-10-17 06:47:56,034 [grpc-default-executor-2] INFO  impl.RaftServerImpl (RaftServerImpl.java:setRole(184)) - b9cfa588-8e56-4331-be2f-4c26f25c6739@group-21BA9BD4283D: changes role from  FOLLOWER to FOLLOWER at term 165 for recognizeCandidate:7c431f9d-51bc-458b-a3a6-511ec217d887
2019-10-17 06:47:56,034 [grpc-default-executor-2] INFO  impl.RoleInfo (RoleInfo.java:shutdownFollowerState(121)) - b9cfa588-8e56-4331-be2f-4c26f25c6739: shutdown FollowerState
2019-10-17 06:47:56,034 [Thread-2269] INFO  impl.FollowerState (FollowerState.java:run(117)) - 67f35358-9777-4ff9-96f4-8a61bc3a94fe@group-21BA9BD4283D-FollowerState was interrupted: java.lang.InterruptedException: sleep interrupted
2019-10-17 06:47:56,034 [Thread-2270] INFO  impl.FollowerState (FollowerState.java:run(117)) - b9cfa588-8e56-4331-be2f-4c26f25c6739@group-21BA9BD4283D-FollowerState was interrupted: java.lang.InterruptedException: sleep interrupted
2019-10-17 06:47:56,034 [grpc-default-executor-2] INFO  impl.RoleInfo (RoleInfo.java:updateAndGet(143)) - b9cfa588-8e56-4331-be2f-4c26f25c6739: start FollowerState
2019-10-17 06:47:56,048 [7c431f9d-51bc-458b-a3a6-511ec217d887@group-21BA9BD4283D-LeaderElection227] INFO  impl.LeaderElection (LeaderElection.java:logAndReturn(56)) - 7c431f9d-51bc-458b-a3a6-511ec217d887@group-21BA9BD4283D-LeaderElection227: Election REJECTED; received 2 response(s) [7c431f9d-51bc-458b-a3a6-511ec217d887<-67f35358-9777-4ff9-96f4-8a61bc3a94fe#0:FAIL-t165, 7c431f9d-51bc-458b-a3a6-511ec217d887<-b9cfa588-8e56-4331-be2f-4c26f25c6739#0:FAIL-t165] and 0 exception(s); 7c431f9d-51bc-458b-a3a6-511ec217d887@group-21BA9BD4283D:t165, leader=null, voted=7c431f9d-51bc-458b-a3a6-511ec217d887, raftlog=7c431f9d-51bc-458b-a3a6-511ec217d887@group-21BA9BD4283D-SegmentedRaftLog:OPENED:c-1,f-1,i0, conf=-1: [67f35358-9777-4ff9-96f4-8a61bc3a94fe:192.168.34.62:37037, 7c431f9d-51bc-458b-a3a6-511ec217d887:192.168.34.62:40420, b9cfa588-8e56-4331-be2f-4c26f25c6739:192.168.34.62:34777], old=null
2019-10-17 06:47:56,048 [7c431f9d-51bc-458b-a3a6-511ec217d887@group-21BA9BD4283D-LeaderElection227] INFO  impl.RaftServerImpl (RaftServerImpl.java:setRole(184)) - 7c431f9d-51bc-458b-a3a6-511ec217d887@group-21BA9BD4283D: changes role from CANDIDATE to FOLLOWER at term 165 for DISCOVERED_A_NEW_TERM
2019-10-17 06:47:56,049 [7c431f9d-51bc-458b-a3a6-511ec217d887@group-21BA9BD4283D-LeaderElection227] INFO  impl.RoleInfo (RoleInfo.java:shutdownLeaderElection(134)) - 7c431f9d-51bc-458b-a3a6-511ec217d887: shutdown LeaderElection
2019-10-17 06:47:56,049 [7c431f9d-51bc-458b-a3a6-511ec217d887@group-21BA9BD4283D-LeaderElection227] INFO  impl.RoleInfo (RoleInfo.java:updateAndGet(143)) - 7c431f9d-51bc-458b-a3a6-511ec217d887: start FollowerState
2019-10-17 06:47:56,060 [Thread-2277] INFO  impl.FollowerState (FollowerState.java:run(108)) - 7c431f9d-51bc-458b-a3a6-511ec217d887@group-21BA9BD4283D-FollowerState: change to CANDIDATE, lastRpcTime:11ms, electionTimeout:11ms
2019-10-17 06:47:56,060 [Thread-2277] INFO  impl.RoleInfo (RoleInfo.java:shutdownFollowerState(121)) - 7c431f9d-51bc-458b-a3a6-511ec217d887: shutdown FollowerState
2019-10-17 06:47:56,060 [Thread-2277] INFO  impl.RaftServerImpl (RaftServerImpl.java:setRole(184)) - 7c431f9d-51bc-458b-a3a6-511ec217d887@group-21BA9BD4283D: changes role from  FOLLOWER to CANDIDATE at term 165 for changeToCandidate
2019-10-17 06:47:56,060 [Thread-2277] INFO  impl.RoleInfo (RoleInfo.java:updateAndGet(143)) - 7c431f9d-51bc-458b-a3a6-511ec217d887: start LeaderElection
2019-10-17 06:47:56,084 [7c431f9d-51bc-458b-a3a6-511ec217d887@group-21BA9BD4283D-LeaderElection228] INFO  impl.LeaderElection (LeaderElection.java:askForVotes(178)) - 7c431f9d-51bc-458b-a3a6-511ec217d887@group-21BA9BD4283D-LeaderElection228: begin an election at term 166 for -1: [67f35358-9777-4ff9-96f4-8a61bc3a94fe:192.168.34.62:37037, 7c431f9d-51bc-458b-a3a6-511ec217d887:192.168.34.62:40420, b9cfa588-8e56-4331-be2f-4c26f25c6739:192.168.34.62:34777], old=null
2019-10-17 06:47:56,086 [grpc-default-executor-4] INFO  impl.RaftServerImpl (RaftServerImpl.java:setRole(184)) - 67f35358-9777-4ff9-96f4-8a61bc3a94fe@group-21BA9BD4283D: changes role from  FOLLOWER to FOLLOWER at term 166 for recognizeCandidate:7c431f9d-51bc-458b-a3a6-511ec217d887
2019-10-17 06:47:56,086 [grpc-default-executor-4] INFO  impl.RoleInfo (RoleInfo.java:shutdownFollowerState(121)) - 67f35358-9777-4ff9-96f4-8a61bc3a94fe: shutdown FollowerState
2019-10-17 06:47:56,086 [grpc-default-executor-4] INFO  impl.RoleInfo (RoleInfo.java:updateAndGet(143)) - 67f35358-9777-4ff9-96f4-8a61bc3a94fe: start FollowerState
2019-10-17 06:47:56,086 [Thread-2275] INFO  impl.FollowerState (FollowerState.java:run(117)) - 67f35358-9777-4ff9-96f4-8a61bc3a94fe@group-21BA9BD4283D-FollowerState was interrupted: java.lang.InterruptedException: sleep interrupted
2019-10-17 06:47:56,086 [grpc-default-executor-2] INFO  impl.RaftServerImpl (RaftServerImpl.java:setRole(184)) - b9cfa588-8e56-4331-be2f-4c26f25c6739@group-21BA9BD4283D: changes role from  FOLLOWER to FOLLOWER at term 166 for recognizeCandidate:7c431f9d-51bc-458b-a3a6-511ec217d887
2019-10-17 06:47:56,087 [grpc-default-executor-2] INFO  impl.RoleInfo (RoleInfo.java:shutdownFollowerState(121)) - b9cfa588-8e56-4331-be2f-4c26f25c6739: shutdown FollowerState
2019-10-17 06:47:56,087 [grpc-default-executor-2] INFO  impl.RoleInfo (RoleInfo.java:updateAndGet(143)) - b9cfa588-8e56-4331-be2f-4c26f25c6739: start FollowerState
2019-10-17 06:47:56,087 [Thread-2276] INFO  impl.FollowerState (FollowerState.java:run(117)) - b9cfa588-8e56-4331-be2f-4c26f25c6739@group-21BA9BD4283D-FollowerState was interrupted: java.lang.InterruptedException: sleep interrupted
2019-10-17 06:47:56,099 [main] INFO  ozone.MiniOzoneClusterImpl (MiniOzoneClusterImpl.java:lambda$waitForClusterToBeReady$2(164)) - Waiting for 1 number of pipelines out of 4, to report a leader.
2019-10-17 06:47:56,101 [7c431f9d-51bc-458b-a3a6-511ec217d887@group-21BA9BD4283D-LeaderElection228] INFO  impl.LeaderElection (LeaderElection.java:logAndReturn(56)) - 7c431f9d-51bc-458b-a3a6-511ec217d887@group-21BA9BD4283D-LeaderElection228: Election REJECTED; received 2 response(s) [7c431f9d-51bc-458b-a3a6-511ec217d887<-67f35358-9777-4ff9-96f4-8a61bc3a94fe#0:FAIL-t166, 7c431f9d-51bc-458b-a3a6-511ec217d887<-b9cfa588-8e56-4331-be2f-4c26f25c6739#0:FAIL-t166] and 0 exception(s); 7c431f9d-51bc-458b-a3a6-511ec217d887@group-21BA9BD4283D:t166, leader=null, voted=7c431f9d-51bc-458b-a3a6-511ec217d887, raftlog=7c431f9d-51bc-458b-a3a6-511ec217d887@group-21BA9BD4283D-SegmentedRaftLog:OPENED:c-1,f-1,i0, conf=-1: [67f35358-9777-4ff9-96f4-8a61bc3a94fe:192.168.34.62:37037, 7c431f9d-51bc-458b-a3a6-511ec217d887:192.168.34.62:40420, b9cfa588-8e56-4331-be2f-4c26f25c6739:192.168.34.62:34777], old=null
2019-10-17 06:47:56,101 [7c431f9d-51bc-458b-a3a6-511ec217d887@group-21BA9BD4283D-LeaderElection228] INFO  impl.RaftServerImpl (RaftServerImpl.java:setRole(184)) - 7c431f9d-51bc-458b-a3a6-511ec217d887@group-21BA9BD4283D: changes role from CANDIDATE to FOLLOWER at term 166 for DISCOVERED_A_NEW_TERM
2019-10-17 06:47:56,101 [7c431f9d-51bc-458b-a3a6-511ec217d887@group-21BA9BD4283D-LeaderElection228] INFO  impl.RoleInfo (RoleInfo.java:shutdownLeaderElection(134)) - 7c431f9d-51bc-458b-a3a6-511ec217d887: shutdown LeaderElection
2019-10-17 06:47:56,101 [7c431f9d-51bc-458b-a3a6-511ec217d887@group-21BA9BD4283D-LeaderElection228] INFO  impl.RoleInfo (RoleInfo.java:updateAndGet(143)) - 7c431f9d-51bc-458b-a3a6-511ec217d887: start FollowerState
2019-10-17 06:47:56,299 [Thread-2283] INFO  impl.FollowerState (FollowerState.java:run(108)) - 7c431f9d-51bc-458b-a3a6-511ec217d887@group-21BA9BD4283D-FollowerState: change to CANDIDATE, lastRpcTime:198ms, electionTimeout:198ms
2019-10-17 06:47:56,299 [Thread-2283] INFO  impl.RoleInfo (RoleInfo.java:shutdownFollowerState(121)) - 7c431f9d-51bc-458b-a3a6-511ec217d887: shutdown FollowerState
2019-10-17 06:47:56,300 [Thread-2283] INFO  impl.RaftServerImpl (RaftServerImpl.java:setRole(184)) - 7c431f9d-51bc-458b-a3a6-511ec217d887@group-21BA9BD4283D: changes role from  FOLLOWER to CANDIDATE at term 166 for changeToCandidate
2019-10-17 06:47:56,300 [Thread-2283] INFO  impl.RoleInfo (RoleInfo.java:updateAndGet(143)) - 7c431f9d-51bc-458b-a3a6-511ec217d887: start LeaderElection
2019-10-17 06:47:56,309 [7c431f9d-51bc-458b-a3a6-511ec217d887@group-21BA9BD4283D-LeaderElection229] INFO  impl.LeaderElection (LeaderElection.java:askForVotes(178)) - 7c431f9d-51bc-458b-a3a6-511ec217d887@group-21BA9BD4283D-LeaderElection229: begin an election at term 167 for -1: [67f35358-9777-4ff9-96f4-8a61bc3a94fe:192.168.34.62:37037, 7c431f9d-51bc-458b-a3a6-511ec217d887:192.168.34.62:40420, b9cfa588-8e56-4331-be2f-4c26f25c6739:192.168.34.62:34777], old=null
2019-10-17 06:47:56,311 [grpc-default-executor-2] INFO  impl.RaftServerImpl (RaftServerImpl.java:setRole(184)) - b9cfa588-8e56-4331-be2f-4c26f25c6739@group-21BA9BD4283D: changes role from  FOLLOWER to FOLLOWER at term 167 for recognizeCandidate:7c431f9d-51bc-458b-a3a6-511ec217d887
2019-10-17 06:47:56,311 [grpc-default-executor-2] INFO  impl.RoleInfo (RoleInfo.java:shutdownFollowerState(121)) - b9cfa588-8e56-4331-be2f-4c26f25c6739: shutdown FollowerState
2019-10-17 06:47:56,311 [grpc-default-executor-2] INFO  impl.RoleInfo (RoleInfo.java:updateAndGet(143)) - b9cfa588-8e56-4331-be2f-4c26f25c6739: start FollowerState
2019-10-17 06:47:56,311 [grpc-default-executor-4] INFO  impl.RaftServerImpl (RaftServerImpl.java:setRole(184)) - 67f35358-9777-4ff9-96f4-8a61bc3a94fe@group-21BA9BD4283D: changes role from  FOLLOWER to FOLLOWER at term 167 for recognizeCandidate:7c431f9d-51bc-458b-a3a6-511ec217d887
2019-10-17 06:47:56,311 [Thread-2282] INFO  impl.FollowerState (FollowerState.java:run(117)) - b9cfa588-8e56-4331-be2f-4c26f25c6739@group-21BA9BD4283D-FollowerState was interrupted: java.lang.InterruptedException: sleep interrupted
2019-10-17 06:47:56,311 [grpc-default-executor-4] INFO  impl.RoleInfo (RoleInfo.java:shutdownFollowerState(121)) - 67f35358-9777-4ff9-96f4-8a61bc3a94fe: shutdown FollowerState
2019-10-17 06:47:56,311 [grpc-default-executor-4] INFO  impl.RoleInfo (RoleInfo.java:updateAndGet(143)) - 67f35358-9777-4ff9-96f4-8a61bc3a94fe: start FollowerState
2019-10-17 06:47:56,311 [Thread-2281] INFO  impl.FollowerState (FollowerState.java:run(117)) - 67f35358-9777-4ff9-96f4-8a61bc3a94fe@group-21BA9BD4283D-FollowerState was interrupted: java.lang.InterruptedException: sleep interrupted
2019-10-17 06:47:56,324 [7c431f9d-51bc-458b-a3a6-511ec217d887@group-21BA9BD4283D-LeaderElection229] INFO  impl.LeaderElection (LeaderElection.java:logAndReturn(56)) - 7c431f9d-51bc-458b-a3a6-511ec217d887@group-21BA9BD4283D-LeaderElection229: Election REJECTED; received 2 response(s) [7c431f9d-51bc-458b-a3a6-511ec217d887<-67f35358-9777-4ff9-96f4-8a61bc3a94fe#0:FAIL-t167, 7c431f9d-51bc-458b-a3a6-511ec217d887<-b9cfa588-8e56-4331-be2f-4c26f25c6739#0:FAIL-t167] and 0 exception(s); 7c431f9d-51bc-458b-a3a6-511ec217d887@group-21BA9BD4283D:t167, leader=null, voted=7c431f9d-51bc-458b-a3a6-511ec217d887, raftlog=7c431f9d-51bc-458b-a3a6-511ec217d887@group-21BA9BD4283D-SegmentedRaftLog:OPENED:c-1,f-1,i0, conf=-1: [67f35358-9777-4ff9-96f4-8a61bc3a94fe:192.168.34.62:37037, 7c431f9d-51bc-458b-a3a6-511ec217d887:192.168.34.62:40420, b9cfa588-8e56-4331-be2f-4c26f25c6739:192.168.34.62:34777], old=null
2019-10-17 06:47:56,324 [7c431f9d-51bc-458b-a3a6-511ec217d887@group-21BA9BD4283D-LeaderElection229] INFO  impl.RaftServerImpl (RaftServerImpl.java:setRole(184)) - 7c431f9d-51bc-458b-a3a6-511ec217d887@group-21BA9BD4283D: changes role from CANDIDATE to FOLLOWER at term 167 for DISCOVERED_A_NEW_TERM
2019-10-17 06:47:56,324 [7c431f9d-51bc-458b-a3a6-511ec217d887@group-21BA9BD4283D-LeaderElection229] INFO  impl.RoleInfo (RoleInfo.java:shutdownLeaderElection(134)) - 7c431f9d-51bc-458b-a3a6-511ec217d887: shutdown LeaderElection
2019-10-17 06:47:56,325 [7c431f9d-51bc-458b-a3a6-511ec217d887@group-21BA9BD4283D-LeaderElection229] INFO  impl.RoleInfo (RoleInfo.java:updateAndGet(143)) - 7c431f9d-51bc-458b-a3a6-511ec217d887: start FollowerState
2019-10-17 06:47:56,514 [Thread-2289] INFO  impl.FollowerState (FollowerState.java:run(108)) - 7c431f9d-51bc-458b-a3a6-511ec217d887@group-21BA9BD4283D-FollowerState: change to CANDIDATE, lastRpcTime:189ms, electionTimeout:189ms
2019-10-17 06:47:56,514 [Thread-2289] INFO  impl.RoleInfo (RoleInfo.java:shutdownFollowerState(121)) - 7c431f9d-51bc-458b-a3a6-511ec217d887: shutdown FollowerState
2019-10-17 06:47:56,514 [Thread-2289] INFO  impl.RaftServerImpl (RaftServerImpl.java:setRole(184)) - 7c431f9d-51bc-458b-a3a6-511ec217d887@group-21BA9BD4283D: changes role from  FOLLOWER to CANDIDATE at term 167 for changeToCandidate
2019-10-17 06:47:56,514 [Thread-2289] INFO  impl.RoleInfo (RoleInfo.java:updateAndGet(143)) - 7c431f9d-51bc-458b-a3a6-511ec217d887: start LeaderElection
2019-10-17 06:47:56,527 [7c431f9d-51bc-458b-a3a6-511ec217d887@group-21BA9BD4283D-LeaderElection230] INFO  impl.LeaderElection (LeaderElection.java:askForVotes(178)) - 7c431f9d-51bc-458b-a3a6-511ec217d887@group-21BA9BD4283D-LeaderElection230: begin an election at term 168 for -1: [67f35358-9777-4ff9-96f4-8a61bc3a94fe:192.168.34.62:37037, 7c431f9d-51bc-458b-a3a6-511ec217d887:192.168.34.62:40420, b9cfa588-8e56-4331-be2f-4c26f25c6739:192.168.34.62:34777], old=null
2019-10-17 06:47:56,529 [grpc-default-executor-4] INFO  impl.RaftServerImpl (RaftServerImpl.java:setRole(184)) - 67f35358-9777-4ff9-96f4-8a61bc3a94fe@group-21BA9BD4283D: changes role from  FOLLOWER to FOLLOWER at term 168 for recognizeCandidate:7c431f9d-51bc-458b-a3a6-511ec217d887
2019-10-17 06:47:56,529 [grpc-default-executor-4] INFO  impl.RoleInfo (RoleInfo.java:shutdownFollowerState(121)) - 67f35358-9777-4ff9-96f4-8a61bc3a94fe: shutdown FollowerState
2019-10-17 06:47:56,530 [grpc-default-executor-4] INFO  impl.RoleInfo (RoleInfo.java:updateAndGet(143)) - 67f35358-9777-4ff9-96f4-8a61bc3a94fe: start FollowerState
2019-10-17 06:47:56,530 [Thread-2288] INFO  impl.FollowerState (FollowerState.java:run(117)) - 67f35358-9777-4ff9-96f4-8a61bc3a94fe@group-21BA9BD4283D-FollowerState was interrupted: java.lang.InterruptedException: sleep interrupted
2019-10-17 06:47:56,530 [grpc-default-executor-2] INFO  impl.RaftServerImpl (RaftServerImpl.java:setRole(184)) - b9cfa588-8e56-4331-be2f-4c26f25c6739@group-21BA9BD4283D: changes role from  FOLLOWER to FOLLOWER at term 168 for recognizeCandidate:7c431f9d-51bc-458b-a3a6-511ec217d887
2019-10-17 06:47:56,530 [grpc-default-executor-2] INFO  impl.RoleInfo (RoleInfo.java:shutdownFollowerState(121)) - b9cfa588-8e56-4331-be2f-4c26f25c6739: shutdown FollowerState
2019-10-17 06:47:56,530 [grpc-default-executor-2] INFO  impl.RoleInfo (RoleInfo.java:updateAndGet(143)) - b9cfa588-8e56-4331-be2f-4c26f25c6739: start FollowerState
2019-10-17 06:47:56,530 [Thread-2287] INFO  impl.FollowerState (FollowerState.java:run(117)) - b9cfa588-8e56-4331-be2f-4c26f25c6739@group-21BA9BD4283D-FollowerState was interrupted: java.lang.InterruptedException: sleep interrupted
2019-10-17 06:47:56,543 [7c431f9d-51bc-458b-a3a6-511ec217d887@group-21BA9BD4283D-LeaderElection230] INFO  impl.LeaderElection (LeaderElection.java:logAndReturn(56)) - 7c431f9d-51bc-458b-a3a6-511ec217d887@group-21BA9BD4283D-LeaderElection230: Election REJECTED; received 2 response(s) [7c431f9d-51bc-458b-a3a6-511ec217d887<-67f35358-9777-4ff9-96f4-8a61bc3a94fe#0:FAIL-t168, 7c431f9d-51bc-458b-a3a6-511ec217d887<-b9cfa588-8e56-4331-be2f-4c26f25c6739#0:FAIL-t168] and 0 exception(s); 7c431f9d-51bc-458b-a3a6-511ec217d887@group-21BA9BD4283D:t168, leader=null, voted=7c431f9d-51bc-458b-a3a6-511ec217d887, raftlog=7c431f9d-51bc-458b-a3a6-511ec217d887@group-21BA9BD4283D-SegmentedRaftLog:OPENED:c-1,f-1,i0, conf=-1: [67f35358-9777-4ff9-96f4-8a61bc3a94fe:192.168.34.62:37037, 7c431f9d-51bc-458b-a3a6-511ec217d887:192.168.34.62:40420, b9cfa588-8e56-4331-be2f-4c26f25c6739:192.168.34.62:34777], old=null
2019-10-17 06:47:56,543 [7c431f9d-51bc-458b-a3a6-511ec217d887@group-21BA9BD4283D-LeaderElection230] INFO  impl.RaftServerImpl (RaftServerImpl.java:setRole(184)) - 7c431f9d-51bc-458b-a3a6-511ec217d887@group-21BA9BD4283D: changes role from CANDIDATE to FOLLOWER at term 168 for DISCOVERED_A_NEW_TERM
2019-10-17 06:47:56,543 [7c431f9d-51bc-458b-a3a6-511ec217d887@group-21BA9BD4283D-LeaderElection230] INFO  impl.RoleInfo (RoleInfo.java:shutdownLeaderElection(134)) - 7c431f9d-51bc-458b-a3a6-511ec217d887: shutdown LeaderElection
2019-10-17 06:47:56,543 [7c431f9d-51bc-458b-a3a6-511ec217d887@group-21BA9BD4283D-LeaderElection230] INFO  impl.RoleInfo (RoleInfo.java:updateAndGet(143)) - 7c431f9d-51bc-458b-a3a6-511ec217d887: start FollowerState
2019-10-17 06:47:56,696 [Thread-2295] INFO  impl.FollowerState (FollowerState.java:run(108)) - 7c431f9d-51bc-458b-a3a6-511ec217d887@group-21BA9BD4283D-FollowerState: change to CANDIDATE, lastRpcTime:152ms, electionTimeout:152ms
2019-10-17 06:47:56,696 [Thread-2295] INFO  impl.RoleInfo (RoleInfo.java:shutdownFollowerState(121)) - 7c431f9d-51bc-458b-a3a6-511ec217d887: shutdown FollowerState
2019-10-17 06:47:56,696 [Thread-2295] INFO  impl.RaftServerImpl (RaftServerImpl.java:setRole(184)) - 7c431f9d-51bc-458b-a3a6-511ec217d887@group-21BA9BD4283D: changes role from  FOLLOWER to CANDIDATE at term 168 for changeToCandidate
2019-10-17 06:47:56,696 [Thread-2295] INFO  impl.RoleInfo (RoleInfo.java:updateAndGet(143)) - 7c431f9d-51bc-458b-a3a6-511ec217d887: start LeaderElection
2019-10-17 06:47:56,709 [7c431f9d-51bc-458b-a3a6-511ec217d887@group-21BA9BD4283D-LeaderElection231] INFO  impl.LeaderElection (LeaderElection.java:askForVotes(178)) - 7c431f9d-51bc-458b-a3a6-511ec217d887@group-21BA9BD4283D-LeaderElection231: begin an election at term 169 for -1: [67f35358-9777-4ff9-96f4-8a61bc3a94fe:192.168.34.62:37037, 7c431f9d-51bc-458b-a3a6-511ec217d887:192.168.34.62:40420, b9cfa588-8e56-4331-be2f-4c26f25c6739:192.168.34.62:34777], old=null
2019-10-17 06:47:56,711 [grpc-default-executor-4] INFO  impl.RaftServerImpl (RaftServerImpl.java:setRole(184)) - 67f35358-9777-4ff9-96f4-8a61bc3a94fe@group-21BA9BD4283D: changes role from  FOLLOWER to FOLLOWER at term 169 for recognizeCandidate:7c431f9d-51bc-458b-a3a6-511ec217d887
2019-10-17 06:47:56,711 [grpc-default-executor-4] INFO  impl.RoleInfo (RoleInfo.java:shutdownFollowerState(121)) - 67f35358-9777-4ff9-96f4-8a61bc3a94fe: shutdown FollowerState
2019-10-17 06:47:56,712 [grpc-default-executor-4] INFO  impl.RoleInfo (RoleInfo.java:updateAndGet(143)) - 67f35358-9777-4ff9-96f4-8a61bc3a94fe: start FollowerState
2019-10-17 06:47:56,712 [Thread-2293] INFO  impl.FollowerState (FollowerState.java:run(117)) - 67f35358-9777-4ff9-96f4-8a61bc3a94fe@group-21BA9BD4283D-FollowerState was interrupted: java.lang.InterruptedException: sleep interrupted
2019-10-17 06:47:56,712 [grpc-default-executor-2] INFO  impl.RaftServerImpl (RaftServerImpl.java:setRole(184)) - b9cfa588-8e56-4331-be2f-4c26f25c6739@group-21BA9BD4283D: changes role from  FOLLOWER to FOLLOWER at term 169 for recognizeCandidate:7c431f9d-51bc-458b-a3a6-511ec217d887
2019-10-17 06:47:56,712 [grpc-default-executor-2] INFO  impl.RoleInfo (RoleInfo.java:shutdownFollowerState(121)) - b9cfa588-8e56-4331-be2f-4c26f25c6739: shutdown FollowerState
2019-10-17 06:47:56,712 [grpc-default-executor-2] INFO  impl.RoleInfo (RoleInfo.java:updateAndGet(143)) - b9cfa588-8e56-4331-be2f-4c26f25c6739: start FollowerState
2019-10-17 06:47:56,712 [Thread-2294] INFO  impl.FollowerState (FollowerState.java:run(117)) - b9cfa588-8e56-4331-be2f-4c26f25c6739@group-21BA9BD4283D-FollowerState was interrupted: java.lang.InterruptedException: sleep interrupted
2019-10-17 06:47:56,730 [7c431f9d-51bc-458b-a3a6-511ec217d887@group-21BA9BD4283D-LeaderElection231] INFO  impl.LeaderElection (LeaderElection.java:logAndReturn(56)) - 7c431f9d-51bc-458b-a3a6-511ec217d887@group-21BA9BD4283D-LeaderElection231: Election REJECTED; received 2 response(s) [7c431f9d-51bc-458b-a3a6-511ec217d887<-67f35358-9777-4ff9-96f4-8a61bc3a94fe#0:FAIL-t169, 7c431f9d-51bc-458b-a3a6-511ec217d887<-b9cfa588-8e56-4331-be2f-4c26f25c6739#0:FAIL-t169] and 0 exception(s); 7c431f9d-51bc-458b-a3a6-511ec217d887@group-21BA9BD4283D:t169, leader=null, voted=7c431f9d-51bc-458b-a3a6-511ec217d887, raftlog=7c431f9d-51bc-458b-a3a6-511ec217d887@group-21BA9BD4283D-SegmentedRaftLog:OPENED:c-1,f-1,i0, conf=-1: [67f35358-9777-4ff9-96f4-8a61bc3a94fe:192.168.34.62:37037, 7c431f9d-51bc-458b-a3a6-511ec217d887:192.168.34.62:40420, b9cfa588-8e56-4331-be2f-4c26f25c6739:192.168.34.62:34777], old=null
2019-10-17 06:47:56,730 [7c431f9d-51bc-458b-a3a6-511ec217d887@group-21BA9BD4283D-LeaderElection231] INFO  impl.RaftServerImpl (RaftServerImpl.java:setRole(184)) - 7c431f9d-51bc-458b-a3a6-511ec217d887@group-21BA9BD4283D: changes role from CANDIDATE to FOLLOWER at term 169 for DISCOVERED_A_NEW_TERM
2019-10-17 06:47:56,730 [7c431f9d-51bc-458b-a3a6-511ec217d887@group-21BA9BD4283D-LeaderElection231] INFO  impl.RoleInfo (RoleInfo.java:shutdownLeaderElection(134)) - 7c431f9d-51bc-458b-a3a6-511ec217d887: shutdown LeaderElection
2019-10-17 06:47:56,730 [7c431f9d-51bc-458b-a3a6-511ec217d887@group-21BA9BD4283D-LeaderElection231] INFO  impl.RoleInfo (RoleInfo.java:updateAndGet(143)) - 7c431f9d-51bc-458b-a3a6-511ec217d887: start FollowerState
2019-10-17 06:47:56,900 [Thread-2301] INFO  impl.FollowerState (FollowerState.java:run(108)) - 7c431f9d-51bc-458b-a3a6-511ec217d887@group-21BA9BD4283D-FollowerState: change to CANDIDATE, lastRpcTime:170ms, electionTimeout:170ms
2019-10-17 06:47:56,901 [Thread-2301] INFO  impl.RoleInfo (RoleInfo.java:shutdownFollowerState(121)) - 7c431f9d-51bc-458b-a3a6-511ec217d887: shutdown FollowerState
2019-10-17 06:47:56,901 [Thread-2301] INFO  impl.RaftServerImpl (RaftServerImpl.java:setRole(184)) - 7c431f9d-51bc-458b-a3a6-511ec217d887@group-21BA9BD4283D: changes role from  FOLLOWER to CANDIDATE at term 169 for changeToCandidate
2019-10-17 06:47:56,901 [Thread-2301] INFO  impl.RoleInfo (RoleInfo.java:updateAndGet(143)) - 7c431f9d-51bc-458b-a3a6-511ec217d887: start LeaderElection
2019-10-17 06:47:56,914 [7c431f9d-51bc-458b-a3a6-511ec217d887@group-21BA9BD4283D-LeaderElection232] INFO  impl.LeaderElection (LeaderElection.java:askForVotes(178)) - 7c431f9d-51bc-458b-a3a6-511ec217d887@group-21BA9BD4283D-LeaderElection232: begin an election at term 170 for -1: [67f35358-9777-4ff9-96f4-8a61bc3a94fe:192.168.34.62:37037, 7c431f9d-51bc-458b-a3a6-511ec217d887:192.168.34.62:40420, b9cfa588-8e56-4331-be2f-4c26f25c6739:192.168.34.62:34777], old=null
2019-10-17 06:47:56,916 [grpc-default-executor-2] INFO  impl.RaftServerImpl (RaftServerImpl.java:setRole(184)) - 67f35358-9777-4ff9-96f4-8a61bc3a94fe@group-21BA9BD4283D: changes role from  FOLLOWER to FOLLOWER at term 170 for recognizeCandidate:7c431f9d-51bc-458b-a3a6-511ec217d887
2019-10-17 06:47:56,916 [grpc-default-executor-4] INFO  impl.RaftServerImpl (RaftServerImpl.java:setRole(184)) - b9cfa588-8e56-4331-be2f-4c26f25c6739@group-21BA9BD4283D: changes role from  FOLLOWER to FOLLOWER at term 170 for recognizeCandidate:7c431f9d-51bc-458b-a3a6-511ec217d887
2019-10-17 06:47:56,917 [grpc-default-executor-4] INFO  impl.RoleInfo (RoleInfo.java:shutdownFollowerState(121)) - b9cfa588-8e56-4331-be2f-4c26f25c6739: shutdown FollowerState
2019-10-17 06:47:56,917 [grpc-default-executor-2] INFO  impl.RoleInfo (RoleInfo.java:shutdownFollowerState(121)) - 67f35358-9777-4ff9-96f4-8a61bc3a94fe: shutdown FollowerState
2019-10-17 06:47:56,917 [Thread-2300] INFO  impl.FollowerState (FollowerState.java:run(117)) - b9cfa588-8e56-4331-be2f-4c26f25c6739@group-21BA9BD4283D-FollowerState was interrupted: java.lang.InterruptedException: sleep interrupted
2019-10-17 06:47:56,917 [grpc-default-executor-4] INFO  impl.RoleInfo (RoleInfo.java:updateAndGet(143)) - b9cfa588-8e56-4331-be2f-4c26f25c6739: start FollowerState
2019-10-17 06:47:56,917 [Thread-2299] INFO  impl.FollowerState (FollowerState.java:run(117)) - 67f35358-9777-4ff9-96f4-8a61bc3a94fe@group-21BA9BD4283D-FollowerState was interrupted: java.lang.InterruptedException: sleep interrupted
2019-10-17 06:47:56,917 [grpc-default-executor-2] INFO  impl.RoleInfo (RoleInfo.java:updateAndGet(143)) - 67f35358-9777-4ff9-96f4-8a61bc3a94fe: start FollowerState
2019-10-17 06:47:56,956 [7c431f9d-51bc-458b-a3a6-511ec217d887@group-21BA9BD4283D-LeaderElection232] INFO  impl.LeaderElection (LeaderElection.java:logAndReturn(56)) - 7c431f9d-51bc-458b-a3a6-511ec217d887@group-21BA9BD4283D-LeaderElection232: Election REJECTED; received 2 response(s) [7c431f9d-51bc-458b-a3a6-511ec217d887<-67f35358-9777-4ff9-96f4-8a61bc3a94fe#0:FAIL-t170, 7c431f9d-51bc-458b-a3a6-511ec217d887<-b9cfa588-8e56-4331-be2f-4c26f25c6739#0:FAIL-t170] and 0 exception(s); 7c431f9d-51bc-458b-a3a6-511ec217d887@group-21BA9BD4283D:t170, leader=null, voted=7c431f9d-51bc-458b-a3a6-511ec217d887, raftlog=7c431f9d-51bc-458b-a3a6-511ec217d887@group-21BA9BD4283D-SegmentedRaftLog:OPENED:c-1,f-1,i0, conf=-1: [67f35358-9777-4ff9-96f4-8a61bc3a94fe:192.168.34.62:37037, 7c431f9d-51bc-458b-a3a6-511ec217d887:192.168.34.62:40420, b9cfa588-8e56-4331-be2f-4c26f25c6739:192.168.34.62:34777], old=null
2019-10-17 06:47:56,957 [7c431f9d-51bc-458b-a3a6-511ec217d887@group-21BA9BD4283D-LeaderElection232] INFO  impl.RaftServerImpl (RaftServerImpl.java:setRole(184)) - 7c431f9d-51bc-458b-a3a6-511ec217d887@group-21BA9BD4283D: changes role from CANDIDATE to FOLLOWER at term 170 for DISCOVERED_A_NEW_TERM
2019-10-17 06:47:56,957 [7c431f9d-51bc-458b-a3a6-511ec217d887@group-21BA9BD4283D-LeaderElection232] INFO  impl.RoleInfo (RoleInfo.java:shutdownLeaderElection(134)) - 7c431f9d-51bc-458b-a3a6-511ec217d887: shutdown LeaderElection
2019-10-17 06:47:56,957 [7c431f9d-51bc-458b-a3a6-511ec217d887@group-21BA9BD4283D-LeaderElection232] INFO  impl.RoleInfo (RoleInfo.java:updateAndGet(143)) - 7c431f9d-51bc-458b-a3a6-511ec217d887: start FollowerState
2019-10-17 06:47:56,973 [Thread-2307] INFO  impl.FollowerState (FollowerState.java:run(108)) - 7c431f9d-51bc-458b-a3a6-511ec217d887@group-21BA9BD4283D-FollowerState: change to CANDIDATE, lastRpcTime:16ms, electionTimeout:16ms
2019-10-17 06:47:56,973 [Thread-2307] INFO  impl.RoleInfo (RoleInfo.java:shutdownFollowerState(121)) - 7c431f9d-51bc-458b-a3a6-511ec217d887: shutdown FollowerState
2019-10-17 06:47:56,974 [Thread-2307] INFO  impl.RaftServerImpl (RaftServerImpl.java:setRole(184)) - 7c431f9d-51bc-458b-a3a6-511ec217d887@group-21BA9BD4283D: changes role from  FOLLOWER to CANDIDATE at term 170 for changeToCandidate
2019-10-17 06:47:56,974 [Thread-2307] INFO  impl.RoleInfo (RoleInfo.java:updateAndGet(143)) - 7c431f9d-51bc-458b-a3a6-511ec217d887: start LeaderElection
2019-10-17 06:47:56,978 [7c431f9d-51bc-458b-a3a6-511ec217d887@group-21BA9BD4283D-LeaderElection233] INFO  impl.LeaderElection (LeaderElection.java:askForVotes(178)) - 7c431f9d-51bc-458b-a3a6-511ec217d887@group-21BA9BD4283D-LeaderElection233: begin an election at term 171 for -1: [67f35358-9777-4ff9-96f4-8a61bc3a94fe:192.168.34.62:37037, 7c431f9d-51bc-458b-a3a6-511ec217d887:192.168.34.62:40420, b9cfa588-8e56-4331-be2f-4c26f25c6739:192.168.34.62:34777], old=null
2019-10-17 06:47:56,980 [grpc-default-executor-4] INFO  impl.RaftServerImpl (RaftServerImpl.java:setRole(184)) - b9cfa588-8e56-4331-be2f-4c26f25c6739@group-21BA9BD4283D: changes role from  FOLLOWER to FOLLOWER at term 171 for recognizeCandidate:7c431f9d-51bc-458b-a3a6-511ec217d887
2019-10-17 06:47:56,980 [grpc-default-executor-2] INFO  impl.RaftServerImpl (RaftServerImpl.java:setRole(184)) - 67f35358-9777-4ff9-96f4-8a61bc3a94fe@group-21BA9BD4283D: changes role from  FOLLOWER to FOLLOWER at term 171 for recognizeCandidate:7c431f9d-51bc-458b-a3a6-511ec217d887
2019-10-17 06:47:56,980 [grpc-default-executor-4] INFO  impl.RoleInfo (RoleInfo.java:shutdownFollowerState(121)) - b9cfa588-8e56-4331-be2f-4c26f25c6739: shutdown FollowerState
2019-10-17 06:47:56,981 [grpc-default-executor-4] INFO  impl.RoleInfo (RoleInfo.java:updateAndGet(143)) - b9cfa588-8e56-4331-be2f-4c26f25c6739: start FollowerState
2019-10-17 06:47:56,981 [grpc-default-executor-2] INFO  impl.RoleInfo (RoleInfo.java:shutdownFollowerState(121)) - 67f35358-9777-4ff9-96f4-8a61bc3a94fe: shutdown FollowerState
2019-10-17 06:47:56,981 [Thread-2305] INFO  impl.FollowerState (FollowerState.java:run(117)) - b9cfa588-8e56-4331-be2f-4c26f25c6739@group-21BA9BD4283D-FollowerState was interrupted: java.lang.InterruptedException: sleep interrupted
2019-10-17 06:47:56,981 [Thread-2306] INFO  impl.FollowerState (FollowerState.java:run(117)) - 67f35358-9777-4ff9-96f4-8a61bc3a94fe@group-21BA9BD4283D-FollowerState was interrupted: java.lang.InterruptedException: sleep interrupted
2019-10-17 06:47:56,981 [grpc-default-executor-2] INFO  impl.RoleInfo (RoleInfo.java:updateAndGet(143)) - 67f35358-9777-4ff9-96f4-8a61bc3a94fe: start FollowerState
2019-10-17 06:47:57,000 [7c431f9d-51bc-458b-a3a6-511ec217d887@group-21BA9BD4283D-LeaderElection233] INFO  impl.LeaderElection (LeaderElection.java:logAndReturn(56)) - 7c431f9d-51bc-458b-a3a6-511ec217d887@group-21BA9BD4283D-LeaderElection233: Election REJECTED; received 2 response(s) [7c431f9d-51bc-458b-a3a6-511ec217d887<-67f35358-9777-4ff9-96f4-8a61bc3a94fe#0:FAIL-t171, 7c431f9d-51bc-458b-a3a6-511ec217d887<-b9cfa588-8e56-4331-be2f-4c26f25c6739#0:FAIL-t171] and 0 exception(s); 7c431f9d-51bc-458b-a3a6-511ec217d887@group-21BA9BD4283D:t171, leader=null, voted=7c431f9d-51bc-458b-a3a6-511ec217d887, raftlog=7c431f9d-51bc-458b-a3a6-511ec217d887@group-21BA9BD4283D-SegmentedRaftLog:OPENED:c-1,f-1,i0, conf=-1: [67f35358-9777-4ff9-96f4-8a61bc3a94fe:192.168.34.62:37037, 7c431f9d-51bc-458b-a3a6-511ec217d887:192.168.34.62:40420, b9cfa588-8e56-4331-be2f-4c26f25c6739:192.168.34.62:34777], old=null
2019-10-17 06:47:57,000 [7c431f9d-51bc-458b-a3a6-511ec217d887@group-21BA9BD4283D-LeaderElection233] INFO  impl.RaftServerImpl (RaftServerImpl.java:setRole(184)) - 7c431f9d-51bc-458b-a3a6-511ec217d887@group-21BA9BD4283D: changes role from CANDIDATE to FOLLOWER at term 171 for DISCOVERED_A_NEW_TERM
2019-10-17 06:47:57,001 [7c431f9d-51bc-458b-a3a6-511ec217d887@group-21BA9BD4283D-LeaderElection233] INFO  impl.RoleInfo (RoleInfo.java:shutdownLeaderElection(134)) - 7c431f9d-51bc-458b-a3a6-511ec217d887: shutdown LeaderElection
2019-10-17 06:47:57,001 [7c431f9d-51bc-458b-a3a6-511ec217d887@group-21BA9BD4283D-LeaderElection233] INFO  impl.RoleInfo (RoleInfo.java:updateAndGet(143)) - 7c431f9d-51bc-458b-a3a6-511ec217d887: start FollowerState
2019-10-17 06:47:57,015 [Thread-2313] INFO  impl.FollowerState (FollowerState.java:run(108)) - 7c431f9d-51bc-458b-a3a6-511ec217d887@group-21BA9BD4283D-FollowerState: change to CANDIDATE, lastRpcTime:14ms, electionTimeout:14ms
2019-10-17 06:47:57,015 [Thread-2313] INFO  impl.RoleInfo (RoleInfo.java:shutdownFollowerState(121)) - 7c431f9d-51bc-458b-a3a6-511ec217d887: shutdown FollowerState
2019-10-17 06:47:57,015 [Thread-2313] INFO  impl.RaftServerImpl (RaftServerImpl.java:setRole(184)) - 7c431f9d-51bc-458b-a3a6-511ec217d887@group-21BA9BD4283D: changes role from  FOLLOWER to CANDIDATE at term 171 for changeToCandidate
2019-10-17 06:47:57,015 [Thread-2313] INFO  impl.RoleInfo (RoleInfo.java:updateAndGet(143)) - 7c431f9d-51bc-458b-a3a6-511ec217d887: start LeaderElection
2019-10-17 06:47:57,029 [7c431f9d-51bc-458b-a3a6-511ec217d887@group-21BA9BD4283D-LeaderElection234] INFO  impl.LeaderElection (LeaderElection.java:askForVotes(178)) - 7c431f9d-51bc-458b-a3a6-511ec217d887@group-21BA9BD4283D-LeaderElection234: begin an election at term 172 for -1: [67f35358-9777-4ff9-96f4-8a61bc3a94fe:192.168.34.62:37037, 7c431f9d-51bc-458b-a3a6-511ec217d887:192.168.34.62:40420, b9cfa588-8e56-4331-be2f-4c26f25c6739:192.168.34.62:34777], old=null
2019-10-17 06:47:57,030 [grpc-default-executor-4] INFO  impl.RaftServerImpl (RaftServerImpl.java:setRole(184)) - b9cfa588-8e56-4331-be2f-4c26f25c6739@group-21BA9BD4283D: changes role from  FOLLOWER to FOLLOWER at term 172 for recognizeCandidate:7c431f9d-51bc-458b-a3a6-511ec217d887
2019-10-17 06:47:57,030 [grpc-default-executor-4] INFO  impl.RoleInfo (RoleInfo.java:shutdownFollowerState(121)) - b9cfa588-8e56-4331-be2f-4c26f25c6739: shutdown FollowerState
2019-10-17 06:47:57,031 [grpc-default-executor-4] INFO  impl.RoleInfo (RoleInfo.java:updateAndGet(143)) - b9cfa588-8e56-4331-be2f-4c26f25c6739: start FollowerState
2019-10-17 06:47:57,031 [grpc-default-executor-2] INFO  impl.RaftServerImpl (RaftServerImpl.java:setRole(184)) - 67f35358-9777-4ff9-96f4-8a61bc3a94fe@group-21BA9BD4283D: changes role from  FOLLOWER to FOLLOWER at term 172 for recognizeCandidate:7c431f9d-51bc-458b-a3a6-511ec217d887
2019-10-17 06:47:57,031 [grpc-default-executor-2] INFO  impl.RoleInfo (RoleInfo.java:shutdownFollowerState(121)) - 67f35358-9777-4ff9-96f4-8a61bc3a94fe: shutdown FollowerState
2019-10-17 06:47:57,031 [Thread-2311] INFO  impl.FollowerState (FollowerState.java:run(117)) - b9cfa588-8e56-4331-be2f-4c26f25c6739@group-21BA9BD4283D-FollowerState was interrupted: java.lang.InterruptedException: sleep interrupted
2019-10-17 06:47:57,031 [Thread-2312] INFO  impl.FollowerState (FollowerState.java:run(117)) - 67f35358-9777-4ff9-96f4-8a61bc3a94fe@group-21BA9BD4283D-FollowerState was interrupted: java.lang.InterruptedException: sleep interrupted
2019-10-17 06:47:57,031 [grpc-default-executor-2] INFO  impl.RoleInfo (RoleInfo.java:updateAndGet(143)) - 67f35358-9777-4ff9-96f4-8a61bc3a94fe: start FollowerState
2019-10-17 06:47:57,045 [7c431f9d-51bc-458b-a3a6-511ec217d887@group-21BA9BD4283D-LeaderElection234] INFO  impl.LeaderElection (LeaderElection.java:logAndReturn(56)) - 7c431f9d-51bc-458b-a3a6-511ec217d887@group-21BA9BD4283D-LeaderElection234: Election REJECTED; received 2 response(s) [7c431f9d-51bc-458b-a3a6-511ec217d887<-67f35358-9777-4ff9-96f4-8a61bc3a94fe#0:FAIL-t172, 7c431f9d-51bc-458b-a3a6-511ec217d887<-b9cfa588-8e56-4331-be2f-4c26f25c6739#0:FAIL-t172] and 0 exception(s); 7c431f9d-51bc-458b-a3a6-511ec217d887@group-21BA9BD4283D:t172, leader=null, voted=7c431f9d-51bc-458b-a3a6-511ec217d887, raftlog=7c431f9d-51bc-458b-a3a6-511ec217d887@group-21BA9BD4283D-SegmentedRaftLog:OPENED:c-1,f-1,i0, conf=-1: [67f35358-9777-4ff9-96f4-8a61bc3a94fe:192.168.34.62:37037, 7c431f9d-51bc-458b-a3a6-511ec217d887:192.168.34.62:40420, b9cfa588-8e56-4331-be2f-4c26f25c6739:192.168.34.62:34777], old=null
2019-10-17 06:47:57,045 [7c431f9d-51bc-458b-a3a6-511ec217d887@group-21BA9BD4283D-LeaderElection234] INFO  impl.RaftServerImpl (RaftServerImpl.java:setRole(184)) - 7c431f9d-51bc-458b-a3a6-511ec217d887@group-21BA9BD4283D: changes role from CANDIDATE to FOLLOWER at term 172 for DISCOVERED_A_NEW_TERM
2019-10-17 06:47:57,045 [7c431f9d-51bc-458b-a3a6-511ec217d887@group-21BA9BD4283D-LeaderElection234] INFO  impl.RoleInfo (RoleInfo.java:shutdownLeaderElection(134)) - 7c431f9d-51bc-458b-a3a6-511ec217d887: shutdown LeaderElection
2019-10-17 06:47:57,045 [7c431f9d-51bc-458b-a3a6-511ec217d887@group-21BA9BD4283D-LeaderElection234] INFO  impl.RoleInfo (RoleInfo.java:updateAndGet(143)) - 7c431f9d-51bc-458b-a3a6-511ec217d887: start FollowerState
2019-10-17 06:47:57,099 [main] INFO  ozone.MiniOzoneClusterImpl (MiniOzoneClusterImpl.java:lambda$waitForClusterToBeReady$2(164)) - Waiting for 1 number of pipelines out of 4, to report a leader.
2019-10-17 06:47:57,188 [Thread-2319] INFO  impl.FollowerState (FollowerState.java:run(108)) - 7c431f9d-51bc-458b-a3a6-511ec217d887@group-21BA9BD4283D-FollowerState: change to CANDIDATE, lastRpcTime:143ms, electionTimeout:143ms
2019-10-17 06:47:57,189 [Thread-2319] INFO  impl.RoleInfo (RoleInfo.java:shutdownFollowerState(121)) - 7c431f9d-51bc-458b-a3a6-511ec217d887: shutdown FollowerState
2019-10-17 06:47:57,189 [Thread-2319] INFO  impl.RaftServerImpl (RaftServerImpl.java:setRole(184)) - 7c431f9d-51bc-458b-a3a6-511ec217d887@group-21BA9BD4283D: changes role from  FOLLOWER to CANDIDATE at term 172 for changeToCandidate
2019-10-17 06:47:57,189 [Thread-2319] INFO  impl.RoleInfo (RoleInfo.java:updateAndGet(143)) - 7c431f9d-51bc-458b-a3a6-511ec217d887: start LeaderElection
2019-10-17 06:47:57,213 [7c431f9d-51bc-458b-a3a6-511ec217d887@group-21BA9BD4283D-LeaderElection235] INFO  impl.LeaderElection (LeaderElection.java:askForVotes(178)) - 7c431f9d-51bc-458b-a3a6-511ec217d887@group-21BA9BD4283D-LeaderElection235: begin an election at term 173 for -1: [67f35358-9777-4ff9-96f4-8a61bc3a94fe:192.168.34.62:37037, 7c431f9d-51bc-458b-a3a6-511ec217d887:192.168.34.62:40420, b9cfa588-8e56-4331-be2f-4c26f25c6739:192.168.34.62:34777], old=null
2019-10-17 06:47:57,215 [grpc-default-executor-2] INFO  impl.RaftServerImpl (RaftServerImpl.java:setRole(184)) - 67f35358-9777-4ff9-96f4-8a61bc3a94fe@group-21BA9BD4283D: changes role from  FOLLOWER to FOLLOWER at term 173 for recognizeCandidate:7c431f9d-51bc-458b-a3a6-511ec217d887
2019-10-17 06:47:57,215 [grpc-default-executor-2] INFO  impl.RoleInfo (RoleInfo.java:shutdownFollowerState(121)) - 67f35358-9777-4ff9-96f4-8a61bc3a94fe: shutdown FollowerState
2019-10-17 06:47:57,216 [grpc-default-executor-2] INFO  impl.RoleInfo (RoleInfo.java:updateAndGet(143)) - 67f35358-9777-4ff9-96f4-8a61bc3a94fe: start FollowerState
2019-10-17 06:47:57,216 [grpc-default-executor-4] INFO  impl.RaftServerImpl (RaftServerImpl.java:setRole(184)) - b9cfa588-8e56-4331-be2f-4c26f25c6739@group-21BA9BD4283D: changes role from  FOLLOWER to FOLLOWER at term 173 for recognizeCandidate:7c431f9d-51bc-458b-a3a6-511ec217d887
2019-10-17 06:47:57,216 [grpc-default-executor-4] INFO  impl.RoleInfo (RoleInfo.java:shutdownFollowerState(121)) - b9cfa588-8e56-4331-be2f-4c26f25c6739: shutdown FollowerState
2019-10-17 06:47:57,216 [Thread-2318] INFO  impl.FollowerState (FollowerState.java:run(117)) - 67f35358-9777-4ff9-96f4-8a61bc3a94fe@group-21BA9BD4283D-FollowerState was interrupted: java.lang.InterruptedException: sleep interrupted
2019-10-17 06:47:57,216 [Thread-2317] INFO  impl.FollowerState (FollowerState.java:run(117)) - b9cfa588-8e56-4331-be2f-4c26f25c6739@group-21BA9BD4283D-FollowerState was interrupted: java.lang.InterruptedException: sleep interrupted
2019-10-17 06:47:57,216 [grpc-default-executor-4] INFO  impl.RoleInfo (RoleInfo.java:updateAndGet(143)) - b9cfa588-8e56-4331-be2f-4c26f25c6739: start FollowerState
2019-10-17 06:47:57,230 [7c431f9d-51bc-458b-a3a6-511ec217d887@group-21BA9BD4283D-LeaderElection235] INFO  impl.LeaderElection (LeaderElection.java:logAndReturn(56)) - 7c431f9d-51bc-458b-a3a6-511ec217d887@group-21BA9BD4283D-LeaderElection235: Election REJECTED; received 2 response(s) [7c431f9d-51bc-458b-a3a6-511ec217d887<-67f35358-9777-4ff9-96f4-8a61bc3a94fe#0:FAIL-t173, 7c431f9d-51bc-458b-a3a6-511ec217d887<-b9cfa588-8e56-4331-be2f-4c26f25c6739#0:FAIL-t173] and 0 exception(s); 7c431f9d-51bc-458b-a3a6-511ec217d887@group-21BA9BD4283D:t173, leader=null, voted=7c431f9d-51bc-458b-a3a6-511ec217d887, raftlog=7c431f9d-51bc-458b-a3a6-511ec217d887@group-21BA9BD4283D-SegmentedRaftLog:OPENED:c-1,f-1,i0, conf=-1: [67f35358-9777-4ff9-96f4-8a61bc3a94fe:192.168.34.62:37037, 7c431f9d-51bc-458b-a3a6-511ec217d887:192.168.34.62:40420, b9cfa588-8e56-4331-be2f-4c26f25c6739:192.168.34.62:34777], old=null
2019-10-17 06:47:57,230 [7c431f9d-51bc-458b-a3a6-511ec217d887@group-21BA9BD4283D-LeaderElection235] INFO  impl.RaftServerImpl (RaftServerImpl.java:setRole(184)) - 7c431f9d-51bc-458b-a3a6-511ec217d887@group-21BA9BD4283D: changes role from CANDIDATE to FOLLOWER at term 173 for DISCOVERED_A_NEW_TERM
2019-10-17 06:47:57,230 [7c431f9d-51bc-458b-a3a6-511ec217d887@group-21BA9BD4283D-LeaderElection235] INFO  impl.RoleInfo (RoleInfo.java:shutdownLeaderElection(134)) - 7c431f9d-51bc-458b-a3a6-511ec217d887: shutdown LeaderElection
2019-10-17 06:47:57,230 [7c431f9d-51bc-458b-a3a6-511ec217d887@group-21BA9BD4283D-LeaderElection235] INFO  impl.RoleInfo (RoleInfo.java:updateAndGet(143)) - 7c431f9d-51bc-458b-a3a6-511ec217d887: start FollowerState
2019-10-17 06:47:57,301 [Thread-2325] INFO  impl.FollowerState (FollowerState.java:run(108)) - 7c431f9d-51bc-458b-a3a6-511ec217d887@group-21BA9BD4283D-FollowerState: change to CANDIDATE, lastRpcTime:70ms, electionTimeout:70ms
2019-10-17 06:47:57,301 [Thread-2325] INFO  impl.RoleInfo (RoleInfo.java:shutdownFollowerState(121)) - 7c431f9d-51bc-458b-a3a6-511ec217d887: shutdown FollowerState
2019-10-17 06:47:57,301 [Thread-2325] INFO  impl.RaftServerImpl (RaftServerImpl.java:setRole(184)) - 7c431f9d-51bc-458b-a3a6-511ec217d887@group-21BA9BD4283D: changes role from  FOLLOWER to CANDIDATE at term 173 for changeToCandidate
2019-10-17 06:47:57,301 [Thread-2325] INFO  impl.RoleInfo (RoleInfo.java:updateAndGet(143)) - 7c431f9d-51bc-458b-a3a6-511ec217d887: start LeaderElection
2019-10-17 06:47:57,332 [7c431f9d-51bc-458b-a3a6-511ec217d887@group-21BA9BD4283D-LeaderElection236] INFO  impl.LeaderElection (LeaderElection.java:askForVotes(178)) - 7c431f9d-51bc-458b-a3a6-511ec217d887@group-21BA9BD4283D-LeaderElection236: begin an election at term 174 for -1: [67f35358-9777-4ff9-96f4-8a61bc3a94fe:192.168.34.62:37037, 7c431f9d-51bc-458b-a3a6-511ec217d887:192.168.34.62:40420, b9cfa588-8e56-4331-be2f-4c26f25c6739:192.168.34.62:34777], old=null
2019-10-17 06:47:57,334 [grpc-default-executor-4] INFO  impl.RaftServerImpl (RaftServerImpl.java:setRole(184)) - b9cfa588-8e56-4331-be2f-4c26f25c6739@group-21BA9BD4283D: changes role from  FOLLOWER to FOLLOWER at term 174 for recognizeCandidate:7c431f9d-51bc-458b-a3a6-511ec217d887
2019-10-17 06:47:57,334 [grpc-default-executor-4] INFO  impl.RoleInfo (RoleInfo.java:shutdownFollowerState(121)) - b9cfa588-8e56-4331-be2f-4c26f25c6739: shutdown FollowerState
2019-10-17 06:47:57,334 [grpc-default-executor-4] INFO  impl.RoleInfo (RoleInfo.java:updateAndGet(143)) - b9cfa588-8e56-4331-be2f-4c26f25c6739: start FollowerState
2019-10-17 06:47:57,334 [grpc-default-executor-2] INFO  impl.RaftServerImpl (RaftServerImpl.java:setRole(184)) - 67f35358-9777-4ff9-96f4-8a61bc3a94fe@group-21BA9BD4283D: changes role from  FOLLOWER to FOLLOWER at term 174 for recognizeCandidate:7c431f9d-51bc-458b-a3a6-511ec217d887
2019-10-17 06:47:57,335 [Thread-2324] INFO  impl.FollowerState (FollowerState.java:run(117)) - b9cfa588-8e56-4331-be2f-4c26f25c6739@group-21BA9BD4283D-FollowerState was interrupted: java.lang.InterruptedException: sleep interrupted
2019-10-17 06:47:57,335 [grpc-default-executor-2] INFO  impl.RoleInfo (RoleInfo.java:shutdownFollowerState(121)) - 67f35358-9777-4ff9-96f4-8a61bc3a94fe: shutdown FollowerState
2019-10-17 06:47:57,335 [grpc-default-executor-2] INFO  impl.RoleInfo (RoleInfo.java:updateAndGet(143)) - 67f35358-9777-4ff9-96f4-8a61bc3a94fe: start FollowerState
2019-10-17 06:47:57,335 [Thread-2323] INFO  impl.FollowerState (FollowerState.java:run(117)) - 67f35358-9777-4ff9-96f4-8a61bc3a94fe@group-21BA9BD4283D-FollowerState was interrupted: java.lang.InterruptedException: sleep interrupted
2019-10-17 06:47:57,354 [7c431f9d-51bc-458b-a3a6-511ec217d887@group-21BA9BD4283D-LeaderElection236] INFO  impl.LeaderElection (LeaderElection.java:logAndReturn(56)) - 7c431f9d-51bc-458b-a3a6-511ec217d887@group-21BA9BD4283D-LeaderElection236: Election REJECTED; received 2 response(s) [7c431f9d-51bc-458b-a3a6-511ec217d887<-67f35358-9777-4ff9-96f4-8a61bc3a94fe#0:FAIL-t174, 7c431f9d-51bc-458b-a3a6-511ec217d887<-b9cfa588-8e56-4331-be2f-4c26f25c6739#0:FAIL-t174] and 0 exception(s); 7c431f9d-51bc-458b-a3a6-511ec217d887@group-21BA9BD4283D:t174, leader=null, voted=7c431f9d-51bc-458b-a3a6-511ec217d887, raftlog=7c431f9d-51bc-458b-a3a6-511ec217d887@group-21BA9BD4283D-SegmentedRaftLog:OPENED:c-1,f-1,i0, conf=-1: [67f35358-9777-4ff9-96f4-8a61bc3a94fe:192.168.34.62:37037, 7c431f9d-51bc-458b-a3a6-511ec217d887:192.168.34.62:40420, b9cfa588-8e56-4331-be2f-4c26f25c6739:192.168.34.62:34777], old=null
2019-10-17 06:47:57,355 [7c431f9d-51bc-458b-a3a6-511ec217d887@group-21BA9BD4283D-LeaderElection236] INFO  impl.RaftServerImpl (RaftServerImpl.java:setRole(184)) - 7c431f9d-51bc-458b-a3a6-511ec217d887@group-21BA9BD4283D: changes role from CANDIDATE to FOLLOWER at term 174 for DISCOVERED_A_NEW_TERM
2019-10-17 06:47:57,355 [7c431f9d-51bc-458b-a3a6-511ec217d887@group-21BA9BD4283D-LeaderElection236] INFO  impl.RoleInfo (RoleInfo.java:shutdownLeaderElection(134)) - 7c431f9d-51bc-458b-a3a6-511ec217d887: shutdown LeaderElection
2019-10-17 06:47:57,355 [7c431f9d-51bc-458b-a3a6-511ec217d887@group-21BA9BD4283D-LeaderElection236] INFO  impl.RoleInfo (RoleInfo.java:updateAndGet(143)) - 7c431f9d-51bc-458b-a3a6-511ec217d887: start FollowerState
2019-10-17 06:47:57,391 [Thread-2331] INFO  impl.FollowerState (FollowerState.java:run(108)) - 7c431f9d-51bc-458b-a3a6-511ec217d887@group-21BA9BD4283D-FollowerState: change to CANDIDATE, lastRpcTime:36ms, electionTimeout:35ms
2019-10-17 06:47:57,392 [Thread-2331] INFO  impl.RoleInfo (RoleInfo.java:shutdownFollowerState(121)) - 7c431f9d-51bc-458b-a3a6-511ec217d887: shutdown FollowerState
2019-10-17 06:47:57,392 [Thread-2331] INFO  impl.RaftServerImpl (RaftServerImpl.java:setRole(184)) - 7c431f9d-51bc-458b-a3a6-511ec217d887@group-21BA9BD4283D: changes role from  FOLLOWER to CANDIDATE at term 174 for changeToCandidate
2019-10-17 06:47:57,392 [Thread-2331] INFO  impl.RoleInfo (RoleInfo.java:updateAndGet(143)) - 7c431f9d-51bc-458b-a3a6-511ec217d887: start LeaderElection
2019-10-17 06:47:57,420 [7c431f9d-51bc-458b-a3a6-511ec217d887@group-21BA9BD4283D-LeaderElection237] INFO  impl.LeaderElection (LeaderElection.java:askForVotes(178)) - 7c431f9d-51bc-458b-a3a6-511ec217d887@group-21BA9BD4283D-LeaderElection237: begin an election at term 175 for -1: [67f35358-9777-4ff9-96f4-8a61bc3a94fe:192.168.34.62:37037, 7c431f9d-51bc-458b-a3a6-511ec217d887:192.168.34.62:40420, b9cfa588-8e56-4331-be2f-4c26f25c6739:192.168.34.62:34777], old=null
2019-10-17 06:47:57,423 [grpc-default-executor-4] INFO  impl.RaftServerImpl (RaftServerImpl.java:setRole(184)) - 67f35358-9777-4ff9-96f4-8a61bc3a94fe@group-21BA9BD4283D: changes role from  FOLLOWER to FOLLOWER at term 175 for recognizeCandidate:7c431f9d-51bc-458b-a3a6-511ec217d887
2019-10-17 06:47:57,423 [grpc-default-executor-2] INFO  impl.RaftServerImpl (RaftServerImpl.java:setRole(184)) - b9cfa588-8e56-4331-be2f-4c26f25c6739@group-21BA9BD4283D: changes role from  FOLLOWER to FOLLOWER at term 175 for recognizeCandidate:7c431f9d-51bc-458b-a3a6-511ec217d887
2019-10-17 06:47:57,423 [grpc-default-executor-2] INFO  impl.RoleInfo (RoleInfo.java:shutdownFollowerState(121)) - b9cfa588-8e56-4331-be2f-4c26f25c6739: shutdown FollowerState
2019-10-17 06:47:57,423 [grpc-default-executor-4] INFO  impl.RoleInfo (RoleInfo.java:shutdownFollowerState(121)) - 67f35358-9777-4ff9-96f4-8a61bc3a94fe: shutdown FollowerState
2019-10-17 06:47:57,423 [grpc-default-executor-2] INFO  impl.RoleInfo (RoleInfo.java:updateAndGet(143)) - b9cfa588-8e56-4331-be2f-4c26f25c6739: start FollowerState
2019-10-17 06:47:57,423 [Thread-2329] INFO  impl.FollowerState (FollowerState.java:run(117)) - b9cfa588-8e56-4331-be2f-4c26f25c6739@group-21BA9BD4283D-FollowerState was interrupted: java.lang.InterruptedException: sleep interrupted
2019-10-17 06:47:57,423 [Thread-2330] INFO  impl.FollowerState (FollowerState.java:run(117)) - 67f35358-9777-4ff9-96f4-8a61bc3a94fe@group-21BA9BD4283D-FollowerState was interrupted: java.lang.InterruptedException: sleep interrupted
2019-10-17 06:47:57,423 [grpc-default-executor-4] INFO  impl.RoleInfo (RoleInfo.java:updateAndGet(143)) - 67f35358-9777-4ff9-96f4-8a61bc3a94fe: start FollowerState
2019-10-17 06:47:57,438 [7c431f9d-51bc-458b-a3a6-511ec217d887@group-21BA9BD4283D-LeaderElection237] INFO  impl.LeaderElection (LeaderElection.java:logAndReturn(56)) - 7c431f9d-51bc-458b-a3a6-511ec217d887@group-21BA9BD4283D-LeaderElection237: Election REJECTED; received 2 response(s) [7c431f9d-51bc-458b-a3a6-511ec217d887<-67f35358-9777-4ff9-96f4-8a61bc3a94fe#0:FAIL-t175, 7c431f9d-51bc-458b-a3a6-511ec217d887<-b9cfa588-8e56-4331-be2f-4c26f25c6739#0:FAIL-t175] and 0 exception(s); 7c431f9d-51bc-458b-a3a6-511ec217d887@group-21BA9BD4283D:t175, leader=null, voted=7c431f9d-51bc-458b-a3a6-511ec217d887, raftlog=7c431f9d-51bc-458b-a3a6-511ec217d887@group-21BA9BD4283D-SegmentedRaftLog:OPENED:c-1,f-1,i0, conf=-1: [67f35358-9777-4ff9-96f4-8a61bc3a94fe:192.168.34.62:37037, 7c431f9d-51bc-458b-a3a6-511ec217d887:192.168.34.62:40420, b9cfa588-8e56-4331-be2f-4c26f25c6739:192.168.34.62:34777], old=null
2019-10-17 06:47:57,438 [7c431f9d-51bc-458b-a3a6-511ec217d887@group-21BA9BD4283D-LeaderElection237] INFO  impl.RaftServerImpl (RaftServerImpl.java:setRole(184)) - 7c431f9d-51bc-458b-a3a6-511ec217d887@group-21BA9BD4283D: changes role from CANDIDATE to FOLLOWER at term 175 for DISCOVERED_A_NEW_TERM
2019-10-17 06:47:57,438 [7c431f9d-51bc-458b-a3a6-511ec217d887@group-21BA9BD4283D-LeaderElection237] INFO  impl.RoleInfo (RoleInfo.java:shutdownLeaderElection(134)) - 7c431f9d-51bc-458b-a3a6-511ec217d887: shutdown LeaderElection
2019-10-17 06:47:57,438 [7c431f9d-51bc-458b-a3a6-511ec217d887@group-21BA9BD4283D-LeaderElection237] INFO  impl.RoleInfo (RoleInfo.java:updateAndGet(143)) - 7c431f9d-51bc-458b-a3a6-511ec217d887: start FollowerState
2019-10-17 06:47:57,505 [Thread-2337] INFO  impl.FollowerState (FollowerState.java:run(108)) - 7c431f9d-51bc-458b-a3a6-511ec217d887@group-21BA9BD4283D-FollowerState: change to CANDIDATE, lastRpcTime:67ms, electionTimeout:67ms
2019-10-17 06:47:57,506 [Thread-2337] INFO  impl.RoleInfo (RoleInfo.java:shutdownFollowerState(121)) - 7c431f9d-51bc-458b-a3a6-511ec217d887: shutdown FollowerState
2019-10-17 06:47:57,506 [Thread-2337] INFO  impl.RaftServerImpl (RaftServerImpl.java:setRole(184)) - 7c431f9d-51bc-458b-a3a6-511ec217d887@group-21BA9BD4283D: changes role from  FOLLOWER to CANDIDATE at term 175 for changeToCandidate
2019-10-17 06:47:57,506 [Thread-2337] INFO  impl.RoleInfo (RoleInfo.java:updateAndGet(143)) - 7c431f9d-51bc-458b-a3a6-511ec217d887: start LeaderElection
2019-10-17 06:47:57,514 [7c431f9d-51bc-458b-a3a6-511ec217d887@group-21BA9BD4283D-LeaderElection238] INFO  impl.LeaderElection (LeaderElection.java:askForVotes(178)) - 7c431f9d-51bc-458b-a3a6-511ec217d887@group-21BA9BD4283D-LeaderElection238: begin an election at term 176 for -1: [67f35358-9777-4ff9-96f4-8a61bc3a94fe:192.168.34.62:37037, 7c431f9d-51bc-458b-a3a6-511ec217d887:192.168.34.62:40420, b9cfa588-8e56-4331-be2f-4c26f25c6739:192.168.34.62:34777], old=null
2019-10-17 06:47:57,515 [grpc-default-executor-2] INFO  impl.RaftServerImpl (RaftServerImpl.java:setRole(184)) - b9cfa588-8e56-4331-be2f-4c26f25c6739@group-21BA9BD4283D: changes role from  FOLLOWER to FOLLOWER at term 176 for recognizeCandidate:7c431f9d-51bc-458b-a3a6-511ec217d887
2019-10-17 06:47:57,516 [grpc-default-executor-2] INFO  impl.RoleInfo (RoleInfo.java:shutdownFollowerState(121)) - b9cfa588-8e56-4331-be2f-4c26f25c6739: shutdown FollowerState
2019-10-17 06:47:57,516 [grpc-default-executor-4] INFO  impl.RaftServerImpl (RaftServerImpl.java:setRole(184)) - 67f35358-9777-4ff9-96f4-8a61bc3a94fe@group-21BA9BD4283D: changes role from  FOLLOWER to FOLLOWER at term 176 for recognizeCandidate:7c431f9d-51bc-458b-a3a6-511ec217d887
2019-10-17 06:47:57,516 [grpc-default-executor-4] INFO  impl.RoleInfo (RoleInfo.java:shutdownFollowerState(121)) - 67f35358-9777-4ff9-96f4-8a61bc3a94fe: shutdown FollowerState
2019-10-17 06:47:57,516 [grpc-default-executor-2] INFO  impl.RoleInfo (RoleInfo.java:updateAndGet(143)) - b9cfa588-8e56-4331-be2f-4c26f25c6739: start FollowerState
2019-10-17 06:47:57,516 [Thread-2335] INFO  impl.FollowerState (FollowerState.java:run(117)) - b9cfa588-8e56-4331-be2f-4c26f25c6739@group-21BA9BD4283D-FollowerState was interrupted: java.lang.InterruptedException: sleep interrupted
2019-10-17 06:47:57,516 [Thread-2336] INFO  impl.FollowerState (FollowerState.java:run(117)) - 67f35358-9777-4ff9-96f4-8a61bc3a94fe@group-21BA9BD4283D-FollowerState was interrupted: java.lang.InterruptedException: sleep interrupted
2019-10-17 06:47:57,516 [grpc-default-executor-4] INFO  impl.RoleInfo (RoleInfo.java:updateAndGet(143)) - 67f35358-9777-4ff9-96f4-8a61bc3a94fe: start FollowerState
2019-10-17 06:47:57,521 [7c431f9d-51bc-458b-a3a6-511ec217d887@group-21BA9BD4283D-LeaderElection238] INFO  impl.LeaderElection (LeaderElection.java:logAndReturn(56)) - 7c431f9d-51bc-458b-a3a6-511ec217d887@group-21BA9BD4283D-LeaderElection238: Election TIMEOUT; received 0 response(s) [] and 0 exception(s); 7c431f9d-51bc-458b-a3a6-511ec217d887@group-21BA9BD4283D:t176, leader=null, voted=7c431f9d-51bc-458b-a3a6-511ec217d887, raftlog=7c431f9d-51bc-458b-a3a6-511ec217d887@group-21BA9BD4283D-SegmentedRaftLog:OPENED:c-1,f-1,i0, conf=-1: [67f35358-9777-4ff9-96f4-8a61bc3a94fe:192.168.34.62:37037, 7c431f9d-51bc-458b-a3a6-511ec217d887:192.168.34.62:40420, b9cfa588-8e56-4331-be2f-4c26f25c6739:192.168.34.62:34777], old=null
2019-10-17 06:47:57,528 [7c431f9d-51bc-458b-a3a6-511ec217d887@group-21BA9BD4283D-LeaderElection238] INFO  impl.LeaderElection (LeaderElection.java:askForVotes(178)) - 7c431f9d-51bc-458b-a3a6-511ec217d887@group-21BA9BD4283D-LeaderElection238: begin an election at term 177 for -1: [67f35358-9777-4ff9-96f4-8a61bc3a94fe:192.168.34.62:37037, 7c431f9d-51bc-458b-a3a6-511ec217d887:192.168.34.62:40420, b9cfa588-8e56-4331-be2f-4c26f25c6739:192.168.34.62:34777], old=null
2019-10-17 06:47:57,529 [grpc-default-executor-2] INFO  impl.RaftServerImpl (RaftServerImpl.java:setRole(184)) - 67f35358-9777-4ff9-96f4-8a61bc3a94fe@group-21BA9BD4283D: changes role from  FOLLOWER to FOLLOWER at term 177 for recognizeCandidate:7c431f9d-51bc-458b-a3a6-511ec217d887
2019-10-17 06:47:57,529 [grpc-default-executor-2] INFO  impl.RoleInfo (RoleInfo.java:shutdownFollowerState(121)) - 67f35358-9777-4ff9-96f4-8a61bc3a94fe: shutdown FollowerState
2019-10-17 06:47:57,529 [grpc-default-executor-4] INFO  impl.RaftServerImpl (RaftServerImpl.java:setRole(184)) - b9cfa588-8e56-4331-be2f-4c26f25c6739@group-21BA9BD4283D: changes role from  FOLLOWER to FOLLOWER at term 177 for recognizeCandidate:7c431f9d-51bc-458b-a3a6-511ec217d887
2019-10-17 06:47:57,530 [Thread-2342] INFO  impl.FollowerState (FollowerState.java:run(117)) - 67f35358-9777-4ff9-96f4-8a61bc3a94fe@group-21BA9BD4283D-FollowerState was interrupted: java.lang.InterruptedException: sleep interrupted
2019-10-17 06:47:57,529 [grpc-default-executor-2] INFO  impl.RoleInfo (RoleInfo.java:updateAndGet(143)) - 67f35358-9777-4ff9-96f4-8a61bc3a94fe: start FollowerState
2019-10-17 06:47:57,530 [grpc-default-executor-4] INFO  impl.RoleInfo (RoleInfo.java:shutdownFollowerState(121)) - b9cfa588-8e56-4331-be2f-4c26f25c6739: shutdown FollowerState
2019-10-17 06:47:57,530 [grpc-default-executor-4] INFO  impl.RoleInfo (RoleInfo.java:updateAndGet(143)) - b9cfa588-8e56-4331-be2f-4c26f25c6739: start FollowerState
2019-10-17 06:47:57,530 [Thread-2341] INFO  impl.FollowerState (FollowerState.java:run(117)) - b9cfa588-8e56-4331-be2f-4c26f25c6739@group-21BA9BD4283D-FollowerState was interrupted: java.lang.InterruptedException: sleep interrupted
2019-10-17 06:47:57,548 [7c431f9d-51bc-458b-a3a6-511ec217d887@group-21BA9BD4283D-LeaderElection238] INFO  impl.LeaderElection (LeaderElection.java:logAndReturn(56)) - 7c431f9d-51bc-458b-a3a6-511ec217d887@group-21BA9BD4283D-LeaderElection238: Election REJECTED; received 2 response(s) [7c431f9d-51bc-458b-a3a6-511ec217d887<-67f35358-9777-4ff9-96f4-8a61bc3a94fe#0:FAIL-t177, 7c431f9d-51bc-458b-a3a6-511ec217d887<-b9cfa588-8e56-4331-be2f-4c26f25c6739#0:FAIL-t177] and 0 exception(s); 7c431f9d-51bc-458b-a3a6-511ec217d887@group-21BA9BD4283D:t177, leader=null, voted=7c431f9d-51bc-458b-a3a6-511ec217d887, raftlog=7c431f9d-51bc-458b-a3a6-511ec217d887@group-21BA9BD4283D-SegmentedRaftLog:OPENED:c-1,f-1,i0, conf=-1: [67f35358-9777-4ff9-96f4-8a61bc3a94fe:192.168.34.62:37037, 7c431f9d-51bc-458b-a3a6-511ec217d887:192.168.34.62:40420, b9cfa588-8e56-4331-be2f-4c26f25c6739:192.168.34.62:34777], old=null
2019-10-17 06:47:57,548 [7c431f9d-51bc-458b-a3a6-511ec217d887@group-21BA9BD4283D-LeaderElection238] INFO  impl.RaftServerImpl (RaftServerImpl.java:setRole(184)) - 7c431f9d-51bc-458b-a3a6-511ec217d887@group-21BA9BD4283D: changes role from CANDIDATE to FOLLOWER at term 177 for DISCOVERED_A_NEW_TERM
2019-10-17 06:47:57,548 [7c431f9d-51bc-458b-a3a6-511ec217d887@group-21BA9BD4283D-LeaderElection238] INFO  impl.RoleInfo (RoleInfo.java:shutdownLeaderElection(134)) - 7c431f9d-51bc-458b-a3a6-511ec217d887: shutdown LeaderElection
2019-10-17 06:47:57,548 [7c431f9d-51bc-458b-a3a6-511ec217d887@group-21BA9BD4283D-LeaderElection238] INFO  impl.RoleInfo (RoleInfo.java:updateAndGet(143)) - 7c431f9d-51bc-458b-a3a6-511ec217d887: start FollowerState
2019-10-17 06:47:57,553 [Thread-2347] INFO  impl.FollowerState (FollowerState.java:run(108)) - 7c431f9d-51bc-458b-a3a6-511ec217d887@group-21BA9BD4283D-FollowerState: change to CANDIDATE, lastRpcTime:4ms, electionTimeout:4ms
2019-10-17 06:47:57,553 [Thread-2347] INFO  impl.RoleInfo (RoleInfo.java:shutdownFollowerState(121)) - 7c431f9d-51bc-458b-a3a6-511ec217d887: shutdown FollowerState
2019-10-17 06:47:57,553 [Thread-2347] INFO  impl.RaftServerImpl (RaftServerImpl.java:setRole(184)) - 7c431f9d-51bc-458b-a3a6-511ec217d887@group-21BA9BD4283D: changes role from  FOLLOWER to CANDIDATE at term 177 for changeToCandidate
2019-10-17 06:47:57,553 [Thread-2347] INFO  impl.RoleInfo (RoleInfo.java:updateAndGet(143)) - 7c431f9d-51bc-458b-a3a6-511ec217d887: start LeaderElection
2019-10-17 06:47:57,572 [7c431f9d-51bc-458b-a3a6-511ec217d887@group-21BA9BD4283D-LeaderElection239] INFO  impl.LeaderElection (LeaderElection.java:askForVotes(178)) - 7c431f9d-51bc-458b-a3a6-511ec217d887@group-21BA9BD4283D-LeaderElection239: begin an election at term 178 for -1: [67f35358-9777-4ff9-96f4-8a61bc3a94fe:192.168.34.62:37037, 7c431f9d-51bc-458b-a3a6-511ec217d887:192.168.34.62:40420, b9cfa588-8e56-4331-be2f-4c26f25c6739:192.168.34.62:34777], old=null
2019-10-17 06:47:57,574 [grpc-default-executor-2] INFO  impl.RaftServerImpl (RaftServerImpl.java:setRole(184)) - 67f35358-9777-4ff9-96f4-8a61bc3a94fe@group-21BA9BD4283D: changes role from  FOLLOWER to FOLLOWER at term 178 for recognizeCandidate:7c431f9d-51bc-458b-a3a6-511ec217d887
2019-10-17 06:47:57,574 [grpc-default-executor-4] INFO  impl.RaftServerImpl (RaftServerImpl.java:setRole(184)) - b9cfa588-8e56-4331-be2f-4c26f25c6739@group-21BA9BD4283D: changes role from  FOLLOWER to FOLLOWER at term 178 for recognizeCandidate:7c431f9d-51bc-458b-a3a6-511ec217d887
2019-10-17 06:47:57,575 [grpc-default-executor-4] INFO  impl.RoleInfo (RoleInfo.java:shutdownFollowerState(121)) - b9cfa588-8e56-4331-be2f-4c26f25c6739: shutdown FollowerState
2019-10-17 06:47:57,575 [grpc-default-executor-4] INFO  impl.RoleInfo (RoleInfo.java:updateAndGet(143)) - b9cfa588-8e56-4331-be2f-4c26f25c6739: start FollowerState
2019-10-17 06:47:57,574 [grpc-default-executor-2] INFO  impl.RoleInfo (RoleInfo.java:shutdownFollowerState(121)) - 67f35358-9777-4ff9-96f4-8a61bc3a94fe: shutdown FollowerState
2019-10-17 06:47:57,575 [Thread-2346] INFO  impl.FollowerState (FollowerState.java:run(117)) - b9cfa588-8e56-4331-be2f-4c26f25c6739@group-21BA9BD4283D-FollowerState was interrupted: java.lang.InterruptedException: sleep interrupted
2019-10-17 06:47:57,575 [grpc-default-executor-2] INFO  impl.RoleInfo (RoleInfo.java:updateAndGet(143)) - 67f35358-9777-4ff9-96f4-8a61bc3a94fe: start FollowerState
2019-10-17 06:47:57,575 [Thread-2345] INFO  impl.FollowerState (FollowerState.java:run(117)) - 67f35358-9777-4ff9-96f4-8a61bc3a94fe@group-21BA9BD4283D-FollowerState was interrupted: java.lang.InterruptedException: sleep interrupted
2019-10-17 06:47:57,589 [7c431f9d-51bc-458b-a3a6-511ec217d887@group-21BA9BD4283D-LeaderElection239] INFO  impl.LeaderElection (LeaderElection.java:logAndReturn(56)) - 7c431f9d-51bc-458b-a3a6-511ec217d887@group-21BA9BD4283D-LeaderElection239: Election REJECTED; received 2 response(s) [7c431f9d-51bc-458b-a3a6-511ec217d887<-67f35358-9777-4ff9-96f4-8a61bc3a94fe#0:FAIL-t178, 7c431f9d-51bc-458b-a3a6-511ec217d887<-b9cfa588-8e56-4331-be2f-4c26f25c6739#0:FAIL-t178] and 0 exception(s); 7c431f9d-51bc-458b-a3a6-511ec217d887@group-21BA9BD4283D:t178, leader=null, voted=7c431f9d-51bc-458b-a3a6-511ec217d887, raftlog=7c431f9d-51bc-458b-a3a6-511ec217d887@group-21BA9BD4283D-SegmentedRaftLog:OPENED:c-1,f-1,i0, conf=-1: [67f35358-9777-4ff9-96f4-8a61bc3a94fe:192.168.34.62:37037, 7c431f9d-51bc-458b-a3a6-511ec217d887:192.168.34.62:40420, b9cfa588-8e56-4331-be2f-4c26f25c6739:192.168.34.62:34777], old=null
2019-10-17 06:47:57,589 [7c431f9d-51bc-458b-a3a6-511ec217d887@group-21BA9BD4283D-LeaderElection239] INFO  impl.RaftServerImpl (RaftServerImpl.java:setRole(184)) - 7c431f9d-51bc-458b-a3a6-511ec217d887@group-21BA9BD4283D: changes role from CANDIDATE to FOLLOWER at term 178 for DISCOVERED_A_NEW_TERM
2019-10-17 06:47:57,589 [7c431f9d-51bc-458b-a3a6-511ec217d887@group-21BA9BD4283D-LeaderElection239] INFO  impl.RoleInfo (RoleInfo.java:shutdownLeaderElection(134)) - 7c431f9d-51bc-458b-a3a6-511ec217d887: shutdown LeaderElection
2019-10-17 06:47:57,589 [7c431f9d-51bc-458b-a3a6-511ec217d887@group-21BA9BD4283D-LeaderElection239] INFO  impl.RoleInfo (RoleInfo.java:updateAndGet(143)) - 7c431f9d-51bc-458b-a3a6-511ec217d887: start FollowerState
2019-10-17 06:47:57,627 [Thread-2353] INFO  impl.FollowerState (FollowerState.java:run(108)) - 7c431f9d-51bc-458b-a3a6-511ec217d887@group-21BA9BD4283D-FollowerState: change to CANDIDATE, lastRpcTime:37ms, electionTimeout:37ms
2019-10-17 06:47:57,627 [Thread-2353] INFO  impl.RoleInfo (RoleInfo.java:shutdownFollowerState(121)) - 7c431f9d-51bc-458b-a3a6-511ec217d887: shutdown FollowerState
2019-10-17 06:47:57,627 [Thread-2353] INFO  impl.RaftServerImpl (RaftServerImpl.java:setRole(184)) - 7c431f9d-51bc-458b-a3a6-511ec217d887@group-21BA9BD4283D: changes role from  FOLLOWER to CANDIDATE at term 178 for changeToCandidate
2019-10-17 06:47:57,627 [Thread-2353] INFO  impl.RoleInfo (RoleInfo.java:updateAndGet(143)) - 7c431f9d-51bc-458b-a3a6-511ec217d887: start LeaderElection
2019-10-17 06:47:57,643 [7c431f9d-51bc-458b-a3a6-511ec217d887@group-21BA9BD4283D-LeaderElection240] INFO  impl.LeaderElection (LeaderElection.java:askForVotes(178)) - 7c431f9d-51bc-458b-a3a6-511ec217d887@group-21BA9BD4283D-LeaderElection240: begin an election at term 179 for -1: [67f35358-9777-4ff9-96f4-8a61bc3a94fe:192.168.34.62:37037, 7c431f9d-51bc-458b-a3a6-511ec217d887:192.168.34.62:40420, b9cfa588-8e56-4331-be2f-4c26f25c6739:192.168.34.62:34777], old=null
2019-10-17 06:47:57,644 [grpc-default-executor-2] INFO  impl.RaftServerImpl (RaftServerImpl.java:setRole(184)) - 67f35358-9777-4ff9-96f4-8a61bc3a94fe@group-21BA9BD4283D: changes role from  FOLLOWER to FOLLOWER at term 179 for recognizeCandidate:7c431f9d-51bc-458b-a3a6-511ec217d887
2019-10-17 06:47:57,644 [grpc-default-executor-2] INFO  impl.RoleInfo (RoleInfo.java:shutdownFollowerState(121)) - 67f35358-9777-4ff9-96f4-8a61bc3a94fe: shutdown FollowerState
2019-10-17 06:47:57,644 [grpc-default-executor-4] INFO  impl.RaftServerImpl (RaftServerImpl.java:setRole(184)) - b9cfa588-8e56-4331-be2f-4c26f25c6739@group-21BA9BD4283D: changes role from  FOLLOWER to FOLLOWER at term 179 for recognizeCandidate:7c431f9d-51bc-458b-a3a6-511ec217d887
2019-10-17 06:47:57,645 [grpc-default-executor-4] INFO  impl.RoleInfo (RoleInfo.java:shutdownFollowerState(121)) - b9cfa588-8e56-4331-be2f-4c26f25c6739: shutdown FollowerState
2019-10-17 06:47:57,644 [Thread-2352] INFO  impl.FollowerState (FollowerState.java:run(117)) - 67f35358-9777-4ff9-96f4-8a61bc3a94fe@group-21BA9BD4283D-FollowerState was interrupted: java.lang.InterruptedException: sleep interrupted
2019-10-17 06:47:57,644 [grpc-default-executor-2] INFO  impl.RoleInfo (RoleInfo.java:updateAndGet(143)) - 67f35358-9777-4ff9-96f4-8a61bc3a94fe: start FollowerState
2019-10-17 06:47:57,645 [Thread-2351] INFO  impl.FollowerState (FollowerState.java:run(117)) - b9cfa588-8e56-4331-be2f-4c26f25c6739@group-21BA9BD4283D-FollowerState was interrupted: java.lang.InterruptedException: sleep interrupted
2019-10-17 06:47:57,645 [grpc-default-executor-4] INFO  impl.RoleInfo (RoleInfo.java:updateAndGet(143)) - b9cfa588-8e56-4331-be2f-4c26f25c6739: start FollowerState
2019-10-17 06:47:57,658 [7c431f9d-51bc-458b-a3a6-511ec217d887@group-21BA9BD4283D-LeaderElection240] INFO  impl.LeaderElection (LeaderElection.java:logAndReturn(56)) - 7c431f9d-51bc-458b-a3a6-511ec217d887@group-21BA9BD4283D-LeaderElection240: Election REJECTED; received 2 response(s) [7c431f9d-51bc-458b-a3a6-511ec217d887<-67f35358-9777-4ff9-96f4-8a61bc3a94fe#0:FAIL-t179, 7c431f9d-51bc-458b-a3a6-511ec217d887<-b9cfa588-8e56-4331-be2f-4c26f25c6739#0:FAIL-t179] and 0 exception(s); 7c431f9d-51bc-458b-a3a6-511ec217d887@group-21BA9BD4283D:t179, leader=null, voted=7c431f9d-51bc-458b-a3a6-511ec217d887, raftlog=7c431f9d-51bc-458b-a3a6-511ec217d887@group-21BA9BD4283D-SegmentedRaftLog:OPENED:c-1,f-1,i0, conf=-1: [67f35358-9777-4ff9-96f4-8a61bc3a94fe:192.168.34.62:37037, 7c431f9d-51bc-458b-a3a6-511ec217d887:192.168.34.62:40420, b9cfa588-8e56-4331-be2f-4c26f25c6739:192.168.34.62:34777], old=null
2019-10-17 06:47:57,658 [7c431f9d-51bc-458b-a3a6-511ec217d887@group-21BA9BD4283D-LeaderElection240] INFO  impl.RaftServerImpl (RaftServerImpl.java:setRole(184)) - 7c431f9d-51bc-458b-a3a6-511ec217d887@group-21BA9BD4283D: changes role from CANDIDATE to FOLLOWER at term 179 for DISCOVERED_A_NEW_TERM
2019-10-17 06:47:57,658 [7c431f9d-51bc-458b-a3a6-511ec217d887@group-21BA9BD4283D-LeaderElection240] INFO  impl.RoleInfo (RoleInfo.java:shutdownLeaderElection(134)) - 7c431f9d-51bc-458b-a3a6-511ec217d887: shutdown LeaderElection
2019-10-17 06:47:57,659 [7c431f9d-51bc-458b-a3a6-511ec217d887@group-21BA9BD4283D-LeaderElection240] INFO  impl.RoleInfo (RoleInfo.java:updateAndGet(143)) - 7c431f9d-51bc-458b-a3a6-511ec217d887: start FollowerState
2019-10-17 06:47:57,824 [Thread-2359] INFO  impl.FollowerState (FollowerState.java:run(108)) - 7c431f9d-51bc-458b-a3a6-511ec217d887@group-21BA9BD4283D-FollowerState: change to CANDIDATE, lastRpcTime:165ms, electionTimeout:165ms
2019-10-17 06:47:57,824 [Thread-2359] INFO  impl.RoleInfo (RoleInfo.java:shutdownFollowerState(121)) - 7c431f9d-51bc-458b-a3a6-511ec217d887: shutdown FollowerState
2019-10-17 06:47:57,824 [Thread-2359] INFO  impl.RaftServerImpl (RaftServerImpl.java:setRole(184)) - 7c431f9d-51bc-458b-a3a6-511ec217d887@group-21BA9BD4283D: changes role from  FOLLOWER to CANDIDATE at term 179 for changeToCandidate
2019-10-17 06:47:57,825 [Thread-2359] INFO  impl.RoleInfo (RoleInfo.java:updateAndGet(143)) - 7c431f9d-51bc-458b-a3a6-511ec217d887: start LeaderElection
2019-10-17 06:47:57,848 [7c431f9d-51bc-458b-a3a6-511ec217d887@group-21BA9BD4283D-LeaderElection241] INFO  impl.LeaderElection (LeaderElection.java:askForVotes(178)) - 7c431f9d-51bc-458b-a3a6-511ec217d887@group-21BA9BD4283D-LeaderElection241: begin an election at term 180 for -1: [67f35358-9777-4ff9-96f4-8a61bc3a94fe:192.168.34.62:37037, 7c431f9d-51bc-458b-a3a6-511ec217d887:192.168.34.62:40420, b9cfa588-8e56-4331-be2f-4c26f25c6739:192.168.34.62:34777], old=null
2019-10-17 06:47:57,850 [grpc-default-executor-2] INFO  impl.RaftServerImpl (RaftServerImpl.java:setRole(184)) - b9cfa588-8e56-4331-be2f-4c26f25c6739@group-21BA9BD4283D: changes role from  FOLLOWER to FOLLOWER at term 180 for recognizeCandidate:7c431f9d-51bc-458b-a3a6-511ec217d887
2019-10-17 06:47:57,850 [grpc-default-executor-4] INFO  impl.RaftServerImpl (RaftServerImpl.java:setRole(184)) - 67f35358-9777-4ff9-96f4-8a61bc3a94fe@group-21BA9BD4283D: changes role from  FOLLOWER to FOLLOWER at term 180 for recognizeCandidate:7c431f9d-51bc-458b-a3a6-511ec217d887
2019-10-17 06:47:57,850 [grpc-default-executor-2] INFO  impl.RoleInfo (RoleInfo.java:shutdownFollowerState(121)) - b9cfa588-8e56-4331-be2f-4c26f25c6739: shutdown FollowerState
2019-10-17 06:47:57,850 [grpc-default-executor-4] INFO  impl.RoleInfo (RoleInfo.java:shutdownFollowerState(121)) - 67f35358-9777-4ff9-96f4-8a61bc3a94fe: shutdown FollowerState
2019-10-17 06:47:57,850 [Thread-2358] INFO  impl.FollowerState (FollowerState.java:run(117)) - b9cfa588-8e56-4331-be2f-4c26f25c6739@group-21BA9BD4283D-FollowerState was interrupted: java.lang.InterruptedException: sleep interrupted
2019-10-17 06:47:57,850 [grpc-default-executor-2] INFO  impl.RoleInfo (RoleInfo.java:updateAndGet(143)) - b9cfa588-8e56-4331-be2f-4c26f25c6739: start FollowerState
2019-10-17 06:47:57,851 [grpc-default-executor-4] INFO  impl.RoleInfo (RoleInfo.java:updateAndGet(143)) - 67f35358-9777-4ff9-96f4-8a61bc3a94fe: start FollowerState
2019-10-17 06:47:57,851 [Thread-2357] INFO  impl.FollowerState (FollowerState.java:run(117)) - 67f35358-9777-4ff9-96f4-8a61bc3a94fe@group-21BA9BD4283D-FollowerState was interrupted: java.lang.InterruptedException: sleep interrupted
2019-10-17 06:47:57,864 [7c431f9d-51bc-458b-a3a6-511ec217d887@group-21BA9BD4283D-LeaderElection241] INFO  impl.LeaderElection (LeaderElection.java:logAndReturn(56)) - 7c431f9d-51bc-458b-a3a6-511ec217d887@group-21BA9BD4283D-LeaderElection241: Election REJECTED; received 2 response(s) [7c431f9d-51bc-458b-a3a6-511ec217d887<-67f35358-9777-4ff9-96f4-8a61bc3a94fe#0:FAIL-t180, 7c431f9d-51bc-458b-a3a6-511ec217d887<-b9cfa588-8e56-4331-be2f-4c26f25c6739#0:FAIL-t180] and 0 exception(s); 7c431f9d-51bc-458b-a3a6-511ec217d887@group-21BA9BD4283D:t180, leader=null, voted=7c431f9d-51bc-458b-a3a6-511ec217d887, raftlog=7c431f9d-51bc-458b-a3a6-511ec217d887@group-21BA9BD4283D-SegmentedRaftLog:OPENED:c-1,f-1,i0, conf=-1: [67f35358-9777-4ff9-96f4-8a61bc3a94fe:192.168.34.62:37037, 7c431f9d-51bc-458b-a3a6-511ec217d887:192.168.34.62:40420, b9cfa588-8e56-4331-be2f-4c26f25c6739:192.168.34.62:34777], old=null
2019-10-17 06:47:57,864 [7c431f9d-51bc-458b-a3a6-511ec217d887@group-21BA9BD4283D-LeaderElection241] INFO  impl.RaftServerImpl (RaftServerImpl.java:setRole(184)) - 7c431f9d-51bc-458b-a3a6-511ec217d887@group-21BA9BD4283D: changes role from CANDIDATE to FOLLOWER at term 180 for DISCOVERED_A_NEW_TERM
2019-10-17 06:47:57,864 [7c431f9d-51bc-458b-a3a6-511ec217d887@group-21BA9BD4283D-LeaderElection241] INFO  impl.RoleInfo (RoleInfo.java:shutdownLeaderElection(134)) - 7c431f9d-51bc-458b-a3a6-511ec217d887: shutdown LeaderElection
2019-10-17 06:47:57,864 [7c431f9d-51bc-458b-a3a6-511ec217d887@group-21BA9BD4283D-LeaderElection241] INFO  impl.RoleInfo (RoleInfo.java:updateAndGet(143)) - 7c431f9d-51bc-458b-a3a6-511ec217d887: start FollowerState
2019-10-17 06:47:57,960 [Thread-2365] INFO  impl.FollowerState (FollowerState.java:run(108)) - 7c431f9d-51bc-458b-a3a6-511ec217d887@group-21BA9BD4283D-FollowerState: change to CANDIDATE, lastRpcTime:95ms, electionTimeout:95ms
2019-10-17 06:47:57,960 [Thread-2365] INFO  impl.RoleInfo (RoleInfo.java:shutdownFollowerState(121)) - 7c431f9d-51bc-458b-a3a6-511ec217d887: shutdown FollowerState
2019-10-17 06:47:57,960 [Thread-2365] INFO  impl.RaftServerImpl (RaftServerImpl.java:setRole(184)) - 7c431f9d-51bc-458b-a3a6-511ec217d887@group-21BA9BD4283D: changes role from  FOLLOWER to CANDIDATE at term 180 for changeToCandidate
2019-10-17 06:47:57,960 [Thread-2365] INFO  impl.RoleInfo (RoleInfo.java:updateAndGet(143)) - 7c431f9d-51bc-458b-a3a6-511ec217d887: start LeaderElection
2019-10-17 06:47:57,973 [7c431f9d-51bc-458b-a3a6-511ec217d887@group-21BA9BD4283D-LeaderElection242] INFO  impl.LeaderElection (LeaderElection.java:askForVotes(178)) - 7c431f9d-51bc-458b-a3a6-511ec217d887@group-21BA9BD4283D-LeaderElection242: begin an election at term 181 for -1: [67f35358-9777-4ff9-96f4-8a61bc3a94fe:192.168.34.62:37037, 7c431f9d-51bc-458b-a3a6-511ec217d887:192.168.34.62:40420, b9cfa588-8e56-4331-be2f-4c26f25c6739:192.168.34.62:34777], old=null
2019-10-17 06:47:57,975 [grpc-default-executor-2] INFO  impl.RaftServerImpl (RaftServerImpl.java:setRole(184)) - 67f35358-9777-4ff9-96f4-8a61bc3a94fe@group-21BA9BD4283D: changes role from  FOLLOWER to FOLLOWER at term 181 for recognizeCandidate:7c431f9d-51bc-458b-a3a6-511ec217d887
2019-10-17 06:47:57,975 [grpc-default-executor-2] INFO  impl.RoleInfo (RoleInfo.java:shutdownFollowerState(121)) - 67f35358-9777-4ff9-96f4-8a61bc3a94fe: shutdown FollowerState
2019-10-17 06:47:57,975 [grpc-default-executor-4] INFO  impl.RaftServerImpl (RaftServerImpl.java:setRole(184)) - b9cfa588-8e56-4331-be2f-4c26f25c6739@group-21BA9BD4283D: changes role from  FOLLOWER to FOLLOWER at term 181 for recognizeCandidate:7c431f9d-51bc-458b-a3a6-511ec217d887
2019-10-17 06:47:57,975 [Thread-2364] INFO  impl.FollowerState (FollowerState.java:run(117)) - 67f35358-9777-4ff9-96f4-8a61bc3a94fe@group-21BA9BD4283D-FollowerState was interrupted: java.lang.InterruptedException: sleep interrupted
2019-10-17 06:47:57,975 [grpc-default-executor-2] INFO  impl.RoleInfo (RoleInfo.java:updateAndGet(143)) - 67f35358-9777-4ff9-96f4-8a61bc3a94fe: start FollowerState
2019-10-17 06:47:57,975 [grpc-default-executor-4] INFO  impl.RoleInfo (RoleInfo.java:shutdownFollowerState(121)) - b9cfa588-8e56-4331-be2f-4c26f25c6739: shutdown FollowerState
2019-10-17 06:47:57,975 [grpc-default-executor-4] INFO  impl.RoleInfo (RoleInfo.java:updateAndGet(143)) - b9cfa588-8e56-4331-be2f-4c26f25c6739: start FollowerState
2019-10-17 06:47:57,976 [Thread-2363] INFO  impl.FollowerState (FollowerState.java:run(117)) - b9cfa588-8e56-4331-be2f-4c26f25c6739@group-21BA9BD4283D-FollowerState was interrupted: java.lang.InterruptedException: sleep interrupted
2019-10-17 06:47:57,988 [7c431f9d-51bc-458b-a3a6-511ec217d887@group-21BA9BD4283D-LeaderElection242] INFO  impl.LeaderElection (LeaderElection.java:logAndReturn(56)) - 7c431f9d-51bc-458b-a3a6-511ec217d887@group-21BA9BD4283D-LeaderElection242: Election REJECTED; received 2 response(s) [7c431f9d-51bc-458b-a3a6-511ec217d887<-67f35358-9777-4ff9-96f4-8a61bc3a94fe#0:FAIL-t181, 7c431f9d-51bc-458b-a3a6-511ec217d887<-b9cfa588-8e56-4331-be2f-4c26f25c6739#0:FAIL-t181] and 0 exception(s); 7c431f9d-51bc-458b-a3a6-511ec217d887@group-21BA9BD4283D:t181, leader=null, voted=7c431f9d-51bc-458b-a3a6-511ec217d887, raftlog=7c431f9d-51bc-458b-a3a6-511ec217d887@group-21BA9BD4283D-SegmentedRaftLog:OPENED:c-1,f-1,i0, conf=-1: [67f35358-9777-4ff9-96f4-8a61bc3a94fe:192.168.34.62:37037, 7c431f9d-51bc-458b-a3a6-511ec217d887:192.168.34.62:40420, b9cfa588-8e56-4331-be2f-4c26f25c6739:192.168.34.62:34777], old=null
2019-10-17 06:47:57,988 [7c431f9d-51bc-458b-a3a6-511ec217d887@group-21BA9BD4283D-LeaderElection242] INFO  impl.RaftServerImpl (RaftServerImpl.java:setRole(184)) - 7c431f9d-51bc-458b-a3a6-511ec217d887@group-21BA9BD4283D: changes role from CANDIDATE to FOLLOWER at term 181 for DISCOVERED_A_NEW_TERM
2019-10-17 06:47:57,988 [7c431f9d-51bc-458b-a3a6-511ec217d887@group-21BA9BD4283D-LeaderElection242] INFO  impl.RoleInfo (RoleInfo.java:shutdownLeaderElection(134)) - 7c431f9d-51bc-458b-a3a6-511ec217d887: shutdown LeaderElection
2019-10-17 06:47:57,989 [7c431f9d-51bc-458b-a3a6-511ec217d887@group-21BA9BD4283D-LeaderElection242] INFO  impl.RoleInfo (RoleInfo.java:updateAndGet(143)) - 7c431f9d-51bc-458b-a3a6-511ec217d887: start FollowerState
2019-10-17 06:47:58,084 [Thread-2371] INFO  impl.FollowerState (FollowerState.java:run(108)) - 7c431f9d-51bc-458b-a3a6-511ec217d887@group-21BA9BD4283D-FollowerState: change to CANDIDATE, lastRpcTime:95ms, electionTimeout:95ms
2019-10-17 06:47:58,084 [Thread-2371] INFO  impl.RoleInfo (RoleInfo.java:shutdownFollowerState(121)) - 7c431f9d-51bc-458b-a3a6-511ec217d887: shutdown FollowerState
2019-10-17 06:47:58,084 [Thread-2371] INFO  impl.RaftServerImpl (RaftServerImpl.java:setRole(184)) - 7c431f9d-51bc-458b-a3a6-511ec217d887@group-21BA9BD4283D: changes role from  FOLLOWER to CANDIDATE at term 181 for changeToCandidate
2019-10-17 06:47:58,084 [Thread-2371] INFO  impl.RoleInfo (RoleInfo.java:updateAndGet(143)) - 7c431f9d-51bc-458b-a3a6-511ec217d887: start LeaderElection
2019-10-17 06:47:58,098 [7c431f9d-51bc-458b-a3a6-511ec217d887@group-21BA9BD4283D-LeaderElection243] INFO  impl.LeaderElection (LeaderElection.java:askForVotes(178)) - 7c431f9d-51bc-458b-a3a6-511ec217d887@group-21BA9BD4283D-LeaderElection243: begin an election at term 182 for -1: [67f35358-9777-4ff9-96f4-8a61bc3a94fe:192.168.34.62:37037, 7c431f9d-51bc-458b-a3a6-511ec217d887:192.168.34.62:40420, b9cfa588-8e56-4331-be2f-4c26f25c6739:192.168.34.62:34777], old=null
2019-10-17 06:47:58,099 [main] INFO  ozone.MiniOzoneClusterImpl (MiniOzoneClusterImpl.java:lambda$waitForClusterToBeReady$2(164)) - Waiting for 1 number of pipelines out of 4, to report a leader.
2019-10-17 06:47:58,100 [grpc-default-executor-2] INFO  impl.RaftServerImpl (RaftServerImpl.java:setRole(184)) - b9cfa588-8e56-4331-be2f-4c26f25c6739@group-21BA9BD4283D: changes role from  FOLLOWER to FOLLOWER at term 182 for recognizeCandidate:7c431f9d-51bc-458b-a3a6-511ec217d887
2019-10-17 06:47:58,100 [grpc-default-executor-4] INFO  impl.RaftServerImpl (RaftServerImpl.java:setRole(184)) - 67f35358-9777-4ff9-96f4-8a61bc3a94fe@group-21BA9BD4283D: changes role from  FOLLOWER to FOLLOWER at term 182 for recognizeCandidate:7c431f9d-51bc-458b-a3a6-511ec217d887
2019-10-17 06:47:58,100 [grpc-default-executor-2] INFO  impl.RoleInfo (RoleInfo.java:shutdownFollowerState(121)) - b9cfa588-8e56-4331-be2f-4c26f25c6739: shutdown FollowerState
2019-10-17 06:47:58,100 [grpc-default-executor-4] INFO  impl.RoleInfo (RoleInfo.java:shutdownFollowerState(121)) - 67f35358-9777-4ff9-96f4-8a61bc3a94fe: shutdown FollowerState
2019-10-17 06:47:58,100 [Thread-2370] INFO  impl.FollowerState (FollowerState.java:run(117)) - b9cfa588-8e56-4331-be2f-4c26f25c6739@group-21BA9BD4283D-FollowerState was interrupted: java.lang.InterruptedException: sleep interrupted
2019-10-17 06:47:58,100 [grpc-default-executor-2] INFO  impl.RoleInfo (RoleInfo.java:updateAndGet(143)) - b9cfa588-8e56-4331-be2f-4c26f25c6739: start FollowerState
2019-10-17 06:47:58,100 [Thread-2369] INFO  impl.FollowerState (FollowerState.java:run(117)) - 67f35358-9777-4ff9-96f4-8a61bc3a94fe@group-21BA9BD4283D-FollowerState was interrupted: java.lang.InterruptedException: sleep interrupted
2019-10-17 06:47:58,100 [grpc-default-executor-4] INFO  impl.RoleInfo (RoleInfo.java:updateAndGet(143)) - 67f35358-9777-4ff9-96f4-8a61bc3a94fe: start FollowerState
2019-10-17 06:47:58,114 [7c431f9d-51bc-458b-a3a6-511ec217d887@group-21BA9BD4283D-LeaderElection243] INFO  impl.LeaderElection (LeaderElection.java:logAndReturn(56)) - 7c431f9d-51bc-458b-a3a6-511ec217d887@group-21BA9BD4283D-LeaderElection243: Election REJECTED; received 2 response(s) [7c431f9d-51bc-458b-a3a6-511ec217d887<-67f35358-9777-4ff9-96f4-8a61bc3a94fe#0:FAIL-t182, 7c431f9d-51bc-458b-a3a6-511ec217d887<-b9cfa588-8e56-4331-be2f-4c26f25c6739#0:FAIL-t182] and 0 exception(s); 7c431f9d-51bc-458b-a3a6-511ec217d887@group-21BA9BD4283D:t182, leader=null, voted=7c431f9d-51bc-458b-a3a6-511ec217d887, raftlog=7c431f9d-51bc-458b-a3a6-511ec217d887@group-21BA9BD4283D-SegmentedRaftLog:OPENED:c-1,f-1,i0, conf=-1: [67f35358-9777-4ff9-96f4-8a61bc3a94fe:192.168.34.62:37037, 7c431f9d-51bc-458b-a3a6-511ec217d887:192.168.34.62:40420, b9cfa588-8e56-4331-be2f-4c26f25c6739:192.168.34.62:34777], old=null
2019-10-17 06:47:58,114 [7c431f9d-51bc-458b-a3a6-511ec217d887@group-21BA9BD4283D-LeaderElection243] INFO  impl.RaftServerImpl (RaftServerImpl.java:setRole(184)) - 7c431f9d-51bc-458b-a3a6-511ec217d887@group-21BA9BD4283D: changes role from CANDIDATE to FOLLOWER at term 182 for DISCOVERED_A_NEW_TERM
2019-10-17 06:47:58,115 [7c431f9d-51bc-458b-a3a6-511ec217d887@group-21BA9BD4283D-LeaderElection243] INFO  impl.RoleInfo (RoleInfo.java:shutdownLeaderElection(134)) - 7c431f9d-51bc-458b-a3a6-511ec217d887: shutdown LeaderElection
2019-10-17 06:47:58,115 [7c431f9d-51bc-458b-a3a6-511ec217d887@group-21BA9BD4283D-LeaderElection243] INFO  impl.RoleInfo (RoleInfo.java:updateAndGet(143)) - 7c431f9d-51bc-458b-a3a6-511ec217d887: start FollowerState
2019-10-17 06:47:58,263 [Thread-2377] INFO  impl.FollowerState (FollowerState.java:run(108)) - 7c431f9d-51bc-458b-a3a6-511ec217d887@group-21BA9BD4283D-FollowerState: change to CANDIDATE, lastRpcTime:148ms, electionTimeout:148ms
2019-10-17 06:47:58,263 [Thread-2377] INFO  impl.RoleInfo (RoleInfo.java:shutdownFollowerState(121)) - 7c431f9d-51bc-458b-a3a6-511ec217d887: shutdown FollowerState
2019-10-17 06:47:58,263 [Thread-2377] INFO  impl.RaftServerImpl (RaftServerImpl.java:setRole(184)) - 7c431f9d-51bc-458b-a3a6-511ec217d887@group-21BA9BD4283D: changes role from  FOLLOWER to CANDIDATE at term 182 for changeToCandidate
2019-10-17 06:47:58,263 [Thread-2377] INFO  impl.RoleInfo (RoleInfo.java:updateAndGet(143)) - 7c431f9d-51bc-458b-a3a6-511ec217d887: start LeaderElection
2019-10-17 06:47:58,291 [7c431f9d-51bc-458b-a3a6-511ec217d887@group-21BA9BD4283D-LeaderElection244] INFO  impl.LeaderElection (LeaderElection.java:askForVotes(178)) - 7c431f9d-51bc-458b-a3a6-511ec217d887@group-21BA9BD4283D-LeaderElection244: begin an election at term 183 for -1: [67f35358-9777-4ff9-96f4-8a61bc3a94fe:192.168.34.62:37037, 7c431f9d-51bc-458b-a3a6-511ec217d887:192.168.34.62:40420, b9cfa588-8e56-4331-be2f-4c26f25c6739:192.168.34.62:34777], old=null
2019-10-17 06:47:58,292 [grpc-default-executor-4] INFO  impl.RaftServerImpl (RaftServerImpl.java:setRole(184)) - 67f35358-9777-4ff9-96f4-8a61bc3a94fe@group-21BA9BD4283D: changes role from  FOLLOWER to FOLLOWER at term 183 for recognizeCandidate:7c431f9d-51bc-458b-a3a6-511ec217d887
2019-10-17 06:47:58,292 [grpc-default-executor-2] INFO  impl.RaftServerImpl (RaftServerImpl.java:setRole(184)) - b9cfa588-8e56-4331-be2f-4c26f25c6739@group-21BA9BD4283D: changes role from  FOLLOWER to FOLLOWER at term 183 for recognizeCandidate:7c431f9d-51bc-458b-a3a6-511ec217d887
2019-10-17 06:47:58,292 [grpc-default-executor-4] INFO  impl.RoleInfo (RoleInfo.java:shutdownFollowerState(121)) - 67f35358-9777-4ff9-96f4-8a61bc3a94fe: shutdown FollowerState
2019-10-17 06:47:58,293 [grpc-default-executor-2] INFO  impl.RoleInfo (RoleInfo.java:shutdownFollowerState(121)) - b9cfa588-8e56-4331-be2f-4c26f25c6739: shutdown FollowerState
2019-10-17 06:47:58,293 [Thread-2376] INFO  impl.FollowerState (FollowerState.java:run(117)) - 67f35358-9777-4ff9-96f4-8a61bc3a94fe@group-21BA9BD4283D-FollowerState was interrupted: java.lang.InterruptedException: sleep interrupted
2019-10-17 06:47:58,293 [grpc-default-executor-4] INFO  impl.RoleInfo (RoleInfo.java:updateAndGet(143)) - 67f35358-9777-4ff9-96f4-8a61bc3a94fe: start FollowerState
2019-10-17 06:47:58,293 [Thread-2375] INFO  impl.FollowerState (FollowerState.java:run(117)) - b9cfa588-8e56-4331-be2f-4c26f25c6739@group-21BA9BD4283D-FollowerState was interrupted: java.lang.InterruptedException: sleep interrupted
2019-10-17 06:47:58,293 [grpc-default-executor-2] INFO  impl.RoleInfo (RoleInfo.java:updateAndGet(143)) - b9cfa588-8e56-4331-be2f-4c26f25c6739: start FollowerState
2019-10-17 06:47:58,300 [7c431f9d-51bc-458b-a3a6-511ec217d887@group-21BA9BD4283D-LeaderElection244] INFO  impl.LeaderElection (LeaderElection.java:logAndReturn(56)) - 7c431f9d-51bc-458b-a3a6-511ec217d887@group-21BA9BD4283D-LeaderElection244: Election TIMEOUT; received 0 response(s) [] and 0 exception(s); 7c431f9d-51bc-458b-a3a6-511ec217d887@group-21BA9BD4283D:t183, leader=null, voted=7c431f9d-51bc-458b-a3a6-511ec217d887, raftlog=7c431f9d-51bc-458b-a3a6-511ec217d887@group-21BA9BD4283D-SegmentedRaftLog:OPENED:c-1,f-1,i0, conf=-1: [67f35358-9777-4ff9-96f4-8a61bc3a94fe:192.168.34.62:37037, 7c431f9d-51bc-458b-a3a6-511ec217d887:192.168.34.62:40420, b9cfa588-8e56-4331-be2f-4c26f25c6739:192.168.34.62:34777], old=null
2019-10-17 06:47:58,307 [7c431f9d-51bc-458b-a3a6-511ec217d887@group-21BA9BD4283D-LeaderElection244] INFO  impl.LeaderElection (LeaderElection.java:askForVotes(178)) - 7c431f9d-51bc-458b-a3a6-511ec217d887@group-21BA9BD4283D-LeaderElection244: begin an election at term 184 for -1: [67f35358-9777-4ff9-96f4-8a61bc3a94fe:192.168.34.62:37037, 7c431f9d-51bc-458b-a3a6-511ec217d887:192.168.34.62:40420, b9cfa588-8e56-4331-be2f-4c26f25c6739:192.168.34.62:34777], old=null
2019-10-17 06:47:58,309 [grpc-default-executor-2] INFO  impl.RaftServerImpl (RaftServerImpl.java:setRole(184)) - b9cfa588-8e56-4331-be2f-4c26f25c6739@group-21BA9BD4283D: changes role from  FOLLOWER to FOLLOWER at term 184 for recognizeCandidate:7c431f9d-51bc-458b-a3a6-511ec217d887
2019-10-17 06:47:58,309 [grpc-default-executor-2] INFO  impl.RoleInfo (RoleInfo.java:shutdownFollowerState(121)) - b9cfa588-8e56-4331-be2f-4c26f25c6739: shutdown FollowerState
2019-10-17 06:47:58,309 [grpc-default-executor-4] INFO  impl.RaftServerImpl (RaftServerImpl.java:setRole(184)) - 67f35358-9777-4ff9-96f4-8a61bc3a94fe@group-21BA9BD4283D: changes role from  FOLLOWER to FOLLOWER at term 184 for recognizeCandidate:7c431f9d-51bc-458b-a3a6-511ec217d887
2019-10-17 06:47:58,309 [Thread-2382] INFO  impl.FollowerState (FollowerState.java:run(117)) - b9cfa588-8e56-4331-be2f-4c26f25c6739@group-21BA9BD4283D-FollowerState was interrupted: java.lang.InterruptedException: sleep interrupted
2019-10-17 06:47:58,309 [grpc-default-executor-2] INFO  impl.RoleInfo (RoleInfo.java:updateAndGet(143)) - b9cfa588-8e56-4331-be2f-4c26f25c6739: start FollowerState
2019-10-17 06:47:58,309 [grpc-default-executor-4] INFO  impl.RoleInfo (RoleInfo.java:shutdownFollowerState(121)) - 67f35358-9777-4ff9-96f4-8a61bc3a94fe: shutdown FollowerState
2019-10-17 06:47:58,310 [grpc-default-executor-4] INFO  impl.RoleInfo (RoleInfo.java:updateAndGet(143)) - 67f35358-9777-4ff9-96f4-8a61bc3a94fe: start FollowerState
2019-10-17 06:47:58,310 [Thread-2381] INFO  impl.FollowerState (FollowerState.java:run(117)) - 67f35358-9777-4ff9-96f4-8a61bc3a94fe@group-21BA9BD4283D-FollowerState was interrupted: java.lang.InterruptedException: sleep interrupted
2019-10-17 06:47:58,324 [7c431f9d-51bc-458b-a3a6-511ec217d887@group-21BA9BD4283D-LeaderElection244] INFO  impl.LeaderElection (LeaderElection.java:logAndReturn(56)) - 7c431f9d-51bc-458b-a3a6-511ec217d887@group-21BA9BD4283D-LeaderElection244: Election REJECTED; received 2 response(s) [7c431f9d-51bc-458b-a3a6-511ec217d887<-67f35358-9777-4ff9-96f4-8a61bc3a94fe#0:FAIL-t184, 7c431f9d-51bc-458b-a3a6-511ec217d887<-b9cfa588-8e56-4331-be2f-4c26f25c6739#0:FAIL-t184] and 0 exception(s); 7c431f9d-51bc-458b-a3a6-511ec217d887@group-21BA9BD4283D:t184, leader=null, voted=7c431f9d-51bc-458b-a3a6-511ec217d887, raftlog=7c431f9d-51bc-458b-a3a6-511ec217d887@group-21BA9BD4283D-SegmentedRaftLog:OPENED:c-1,f-1,i0, conf=-1: [67f35358-9777-4ff9-96f4-8a61bc3a94fe:192.168.34.62:37037, 7c431f9d-51bc-458b-a3a6-511ec217d887:192.168.34.62:40420, b9cfa588-8e56-4331-be2f-4c26f25c6739:192.168.34.62:34777], old=null
2019-10-17 06:47:58,324 [7c431f9d-51bc-458b-a3a6-511ec217d887@group-21BA9BD4283D-LeaderElection244] INFO  impl.RaftServerImpl (RaftServerImpl.java:setRole(184)) - 7c431f9d-51bc-458b-a3a6-511ec217d887@group-21BA9BD4283D: changes role from CANDIDATE to FOLLOWER at term 184 for DISCOVERED_A_NEW_TERM
2019-10-17 06:47:58,324 [7c431f9d-51bc-458b-a3a6-511ec217d887@group-21BA9BD4283D-LeaderElection244] INFO  impl.RoleInfo (RoleInfo.java:shutdownLeaderElection(134)) - 7c431f9d-51bc-458b-a3a6-511ec217d887: shutdown LeaderElection
2019-10-17 06:47:58,325 [7c431f9d-51bc-458b-a3a6-511ec217d887@group-21BA9BD4283D-LeaderElection244] INFO  impl.RoleInfo (RoleInfo.java:updateAndGet(143)) - 7c431f9d-51bc-458b-a3a6-511ec217d887: start FollowerState
2019-10-17 06:47:58,461 [Thread-2387] INFO  impl.FollowerState (FollowerState.java:run(108)) - 7c431f9d-51bc-458b-a3a6-511ec217d887@group-21BA9BD4283D-FollowerState: change to CANDIDATE, lastRpcTime:136ms, electionTimeout:136ms
2019-10-17 06:47:58,461 [Thread-2387] INFO  impl.RoleInfo (RoleInfo.java:shutdownFollowerState(121)) - 7c431f9d-51bc-458b-a3a6-511ec217d887: shutdown FollowerState
2019-10-17 06:47:58,461 [Thread-2387] INFO  impl.RaftServerImpl (RaftServerImpl.java:setRole(184)) - 7c431f9d-51bc-458b-a3a6-511ec217d887@group-21BA9BD4283D: changes role from  FOLLOWER to CANDIDATE at term 184 for changeToCandidate
2019-10-17 06:47:58,461 [Thread-2387] INFO  impl.RoleInfo (RoleInfo.java:updateAndGet(143)) - 7c431f9d-51bc-458b-a3a6-511ec217d887: start LeaderElection
2019-10-17 06:47:58,468 [7c431f9d-51bc-458b-a3a6-511ec217d887@group-21BA9BD4283D-LeaderElection245] INFO  impl.LeaderElection (LeaderElection.java:askForVotes(178)) - 7c431f9d-51bc-458b-a3a6-511ec217d887@group-21BA9BD4283D-LeaderElection245: begin an election at term 185 for -1: [67f35358-9777-4ff9-96f4-8a61bc3a94fe:192.168.34.62:37037, 7c431f9d-51bc-458b-a3a6-511ec217d887:192.168.34.62:40420, b9cfa588-8e56-4331-be2f-4c26f25c6739:192.168.34.62:34777], old=null
2019-10-17 06:47:58,470 [grpc-default-executor-4] INFO  impl.RaftServerImpl (RaftServerImpl.java:setRole(184)) - b9cfa588-8e56-4331-be2f-4c26f25c6739@group-21BA9BD4283D: changes role from  FOLLOWER to FOLLOWER at term 185 for recognizeCandidate:7c431f9d-51bc-458b-a3a6-511ec217d887
2019-10-17 06:47:58,470 [grpc-default-executor-4] INFO  impl.RoleInfo (RoleInfo.java:shutdownFollowerState(121)) - b9cfa588-8e56-4331-be2f-4c26f25c6739: shutdown FollowerState
2019-10-17 06:47:58,470 [grpc-default-executor-2] INFO  impl.RaftServerImpl (RaftServerImpl.java:setRole(184)) - 67f35358-9777-4ff9-96f4-8a61bc3a94fe@group-21BA9BD4283D: changes role from  FOLLOWER to FOLLOWER at term 185 for recognizeCandidate:7c431f9d-51bc-458b-a3a6-511ec217d887
2019-10-17 06:47:58,471 [grpc-default-executor-2] INFO  impl.RoleInfo (RoleInfo.java:shutdownFollowerState(121)) - 67f35358-9777-4ff9-96f4-8a61bc3a94fe: shutdown FollowerState
2019-10-17 06:47:58,471 [Thread-2385] INFO  impl.FollowerState (FollowerState.java:run(117)) - b9cfa588-8e56-4331-be2f-4c26f25c6739@group-21BA9BD4283D-FollowerState was interrupted: java.lang.InterruptedException: sleep interrupted
2019-10-17 06:47:58,470 [grpc-default-executor-4] INFO  impl.RoleInfo (RoleInfo.java:updateAndGet(143)) - b9cfa588-8e56-4331-be2f-4c26f25c6739: start FollowerState
2019-10-17 06:47:58,471 [Thread-2386] INFO  impl.FollowerState (FollowerState.java:run(117)) - 67f35358-9777-4ff9-96f4-8a61bc3a94fe@group-21BA9BD4283D-FollowerState was interrupted: java.lang.InterruptedException: sleep interrupted
2019-10-17 06:47:58,471 [grpc-default-executor-2] INFO  impl.RoleInfo (RoleInfo.java:updateAndGet(143)) - 67f35358-9777-4ff9-96f4-8a61bc3a94fe: start FollowerState
2019-10-17 06:47:58,484 [7c431f9d-51bc-458b-a3a6-511ec217d887@group-21BA9BD4283D-LeaderElection245] INFO  impl.LeaderElection (LeaderElection.java:logAndReturn(56)) - 7c431f9d-51bc-458b-a3a6-511ec217d887@group-21BA9BD4283D-LeaderElection245: Election REJECTED; received 2 response(s) [7c431f9d-51bc-458b-a3a6-511ec217d887<-67f35358-9777-4ff9-96f4-8a61bc3a94fe#0:FAIL-t185, 7c431f9d-51bc-458b-a3a6-511ec217d887<-b9cfa588-8e56-4331-be2f-4c26f25c6739#0:FAIL-t185] and 0 exception(s); 7c431f9d-51bc-458b-a3a6-511ec217d887@group-21BA9BD4283D:t185, leader=null, voted=7c431f9d-51bc-458b-a3a6-511ec217d887, raftlog=7c431f9d-51bc-458b-a3a6-511ec217d887@group-21BA9BD4283D-SegmentedRaftLog:OPENED:c-1,f-1,i0, conf=-1: [67f35358-9777-4ff9-96f4-8a61bc3a94fe:192.168.34.62:37037, 7c431f9d-51bc-458b-a3a6-511ec217d887:192.168.34.62:40420, b9cfa588-8e56-4331-be2f-4c26f25c6739:192.168.34.62:34777], old=null
2019-10-17 06:47:58,484 [7c431f9d-51bc-458b-a3a6-511ec217d887@group-21BA9BD4283D-LeaderElection245] INFO  impl.RaftServerImpl (RaftServerImpl.java:setRole(184)) - 7c431f9d-51bc-458b-a3a6-511ec217d887@group-21BA9BD4283D: changes role from CANDIDATE to FOLLOWER at term 185 for DISCOVERED_A_NEW_TERM
2019-10-17 06:47:58,485 [7c431f9d-51bc-458b-a3a6-511ec217d887@group-21BA9BD4283D-LeaderElection245] INFO  impl.RoleInfo (RoleInfo.java:shutdownLeaderElection(134)) - 7c431f9d-51bc-458b-a3a6-511ec217d887: shutdown LeaderElection
2019-10-17 06:47:58,485 [7c431f9d-51bc-458b-a3a6-511ec217d887@group-21BA9BD4283D-LeaderElection245] INFO  impl.RoleInfo (RoleInfo.java:updateAndGet(143)) - 7c431f9d-51bc-458b-a3a6-511ec217d887: start FollowerState
2019-10-17 06:47:58,503 [Thread-2393] INFO  impl.FollowerState (FollowerState.java:run(108)) - 7c431f9d-51bc-458b-a3a6-511ec217d887@group-21BA9BD4283D-FollowerState: change to CANDIDATE, lastRpcTime:18ms, electionTimeout:18ms
2019-10-17 06:47:58,503 [Thread-2393] INFO  impl.RoleInfo (RoleInfo.java:shutdownFollowerState(121)) - 7c431f9d-51bc-458b-a3a6-511ec217d887: shutdown FollowerState
2019-10-17 06:47:58,503 [Thread-2393] INFO  impl.RaftServerImpl (RaftServerImpl.java:setRole(184)) - 7c431f9d-51bc-458b-a3a6-511ec217d887@group-21BA9BD4283D: changes role from  FOLLOWER to CANDIDATE at term 185 for changeToCandidate
2019-10-17 06:47:58,503 [Thread-2393] INFO  impl.RoleInfo (RoleInfo.java:updateAndGet(143)) - 7c431f9d-51bc-458b-a3a6-511ec217d887: start LeaderElection
2019-10-17 06:47:58,515 [7c431f9d-51bc-458b-a3a6-511ec217d887@group-21BA9BD4283D-LeaderElection246] INFO  impl.LeaderElection (LeaderElection.java:askForVotes(178)) - 7c431f9d-51bc-458b-a3a6-511ec217d887@group-21BA9BD4283D-LeaderElection246: begin an election at term 186 for -1: [67f35358-9777-4ff9-96f4-8a61bc3a94fe:192.168.34.62:37037, 7c431f9d-51bc-458b-a3a6-511ec217d887:192.168.34.62:40420, b9cfa588-8e56-4331-be2f-4c26f25c6739:192.168.34.62:34777], old=null
2019-10-17 06:47:58,516 [grpc-default-executor-2] INFO  impl.RaftServerImpl (RaftServerImpl.java:setRole(184)) - 67f35358-9777-4ff9-96f4-8a61bc3a94fe@group-21BA9BD4283D: changes role from  FOLLOWER to FOLLOWER at term 186 for recognizeCandidate:7c431f9d-51bc-458b-a3a6-511ec217d887
2019-10-17 06:47:58,516 [grpc-default-executor-4] INFO  impl.RaftServerImpl (RaftServerImpl.java:setRole(184)) - b9cfa588-8e56-4331-be2f-4c26f25c6739@group-21BA9BD4283D: changes role from  FOLLOWER to FOLLOWER at term 186 for recognizeCandidate:7c431f9d-51bc-458b-a3a6-511ec217d887
2019-10-17 06:47:58,517 [grpc-default-executor-4] INFO  impl.RoleInfo (RoleInfo.java:shutdownFollowerState(121)) - b9cfa588-8e56-4331-be2f-4c26f25c6739: shutdown FollowerState
2019-10-17 06:47:58,517 [grpc-default-executor-2] INFO  impl.RoleInfo (RoleInfo.java:shutdownFollowerState(121)) - 67f35358-9777-4ff9-96f4-8a61bc3a94fe: shutdown FollowerState
2019-10-17 06:47:58,517 [Thread-2391] INFO  impl.FollowerState (FollowerState.java:run(117)) - b9cfa588-8e56-4331-be2f-4c26f25c6739@group-21BA9BD4283D-FollowerState was interrupted: java.lang.InterruptedException: sleep interrupted
2019-10-17 06:47:58,517 [grpc-default-executor-4] INFO  impl.RoleInfo (RoleInfo.java:updateAndGet(143)) - b9cfa588-8e56-4331-be2f-4c26f25c6739: start FollowerState
2019-10-17 06:47:58,517 [Thread-2392] INFO  impl.FollowerState (FollowerState.java:run(117)) - 67f35358-9777-4ff9-96f4-8a61bc3a94fe@group-21BA9BD4283D-FollowerState was interrupted: java.lang.InterruptedException: sleep interrupted
2019-10-17 06:47:58,517 [grpc-default-executor-2] INFO  impl.RoleInfo (RoleInfo.java:updateAndGet(143)) - 67f35358-9777-4ff9-96f4-8a61bc3a94fe: start FollowerState
2019-10-17 06:47:58,532 [7c431f9d-51bc-458b-a3a6-511ec217d887@group-21BA9BD4283D-LeaderElection246] INFO  impl.LeaderElection (LeaderElection.java:logAndReturn(56)) - 7c431f9d-51bc-458b-a3a6-511ec217d887@group-21BA9BD4283D-LeaderElection246: Election REJECTED; received 2 response(s) [7c431f9d-51bc-458b-a3a6-511ec217d887<-67f35358-9777-4ff9-96f4-8a61bc3a94fe#0:FAIL-t186, 7c431f9d-51bc-458b-a3a6-511ec217d887<-b9cfa588-8e56-4331-be2f-4c26f25c6739#0:FAIL-t186] and 0 exception(s); 7c431f9d-51bc-458b-a3a6-511ec217d887@group-21BA9BD4283D:t186, leader=null, voted=7c431f9d-51bc-458b-a3a6-511ec217d887, raftlog=7c431f9d-51bc-458b-a3a6-511ec217d887@group-21BA9BD4283D-SegmentedRaftLog:OPENED:c-1,f-1,i0, conf=-1: [67f35358-9777-4ff9-96f4-8a61bc3a94fe:192.168.34.62:37037, 7c431f9d-51bc-458b-a3a6-511ec217d887:192.168.34.62:40420, b9cfa588-8e56-4331-be2f-4c26f25c6739:192.168.34.62:34777], old=null
2019-10-17 06:47:58,532 [7c431f9d-51bc-458b-a3a6-511ec217d887@group-21BA9BD4283D-LeaderElection246] INFO  impl.RaftServerImpl (RaftServerImpl.java:setRole(184)) - 7c431f9d-51bc-458b-a3a6-511ec217d887@group-21BA9BD4283D: changes role from CANDIDATE to FOLLOWER at term 186 for DISCOVERED_A_NEW_TERM
2019-10-17 06:47:58,532 [7c431f9d-51bc-458b-a3a6-511ec217d887@group-21BA9BD4283D-LeaderElection246] INFO  impl.RoleInfo (RoleInfo.java:shutdownLeaderElection(134)) - 7c431f9d-51bc-458b-a3a6-511ec217d887: shutdown LeaderElection
2019-10-17 06:47:58,532 [7c431f9d-51bc-458b-a3a6-511ec217d887@group-21BA9BD4283D-LeaderElection246] INFO  impl.RoleInfo (RoleInfo.java:updateAndGet(143)) - 7c431f9d-51bc-458b-a3a6-511ec217d887: start FollowerState
2019-10-17 06:47:58,599 [Thread-2399] INFO  impl.FollowerState (FollowerState.java:run(108)) - 7c431f9d-51bc-458b-a3a6-511ec217d887@group-21BA9BD4283D-FollowerState: change to CANDIDATE, lastRpcTime:66ms, electionTimeout:66ms
2019-10-17 06:47:58,599 [Thread-2399] INFO  impl.RoleInfo (RoleInfo.java:shutdownFollowerState(121)) - 7c431f9d-51bc-458b-a3a6-511ec217d887: shutdown FollowerState
2019-10-17 06:47:58,599 [Thread-2399] INFO  impl.RaftServerImpl (RaftServerImpl.java:setRole(184)) - 7c431f9d-51bc-458b-a3a6-511ec217d887@group-21BA9BD4283D: changes role from  FOLLOWER to CANDIDATE at term 186 for changeToCandidate
2019-10-17 06:47:58,599 [Thread-2399] INFO  impl.RoleInfo (RoleInfo.java:updateAndGet(143)) - 7c431f9d-51bc-458b-a3a6-511ec217d887: start LeaderElection
2019-10-17 06:47:58,612 [7c431f9d-51bc-458b-a3a6-511ec217d887@group-21BA9BD4283D-LeaderElection247] INFO  impl.LeaderElection (LeaderElection.java:askForVotes(178)) - 7c431f9d-51bc-458b-a3a6-511ec217d887@group-21BA9BD4283D-LeaderElection247: begin an election at term 187 for -1: [67f35358-9777-4ff9-96f4-8a61bc3a94fe:192.168.34.62:37037, 7c431f9d-51bc-458b-a3a6-511ec217d887:192.168.34.62:40420, b9cfa588-8e56-4331-be2f-4c26f25c6739:192.168.34.62:34777], old=null
2019-10-17 06:47:58,614 [grpc-default-executor-2] INFO  impl.RaftServerImpl (RaftServerImpl.java:setRole(184)) - b9cfa588-8e56-4331-be2f-4c26f25c6739@group-21BA9BD4283D: changes role from  FOLLOWER to FOLLOWER at term 187 for recognizeCandidate:7c431f9d-51bc-458b-a3a6-511ec217d887
2019-10-17 06:47:58,614 [grpc-default-executor-4] INFO  impl.RaftServerImpl (RaftServerImpl.java:setRole(184)) - 67f35358-9777-4ff9-96f4-8a61bc3a94fe@group-21BA9BD4283D: changes role from  FOLLOWER to FOLLOWER at term 187 for recognizeCandidate:7c431f9d-51bc-458b-a3a6-511ec217d887
2019-10-17 06:47:58,614 [grpc-default-executor-4] INFO  impl.RoleInfo (RoleInfo.java:shutdownFollowerState(121)) - 67f35358-9777-4ff9-96f4-8a61bc3a94fe: shutdown FollowerState
2019-10-17 06:47:58,614 [grpc-default-executor-2] INFO  impl.RoleInfo (RoleInfo.java:shutdownFollowerState(121)) - b9cfa588-8e56-4331-be2f-4c26f25c6739: shutdown FollowerState
2019-10-17 06:47:58,614 [Thread-2398] INFO  impl.FollowerState (FollowerState.java:run(117)) - 67f35358-9777-4ff9-96f4-8a61bc3a94fe@group-21BA9BD4283D-FollowerState was interrupted: java.lang.InterruptedException: sleep interrupted
2019-10-17 06:47:58,614 [grpc-default-executor-4] INFO  impl.RoleInfo (RoleInfo.java:updateAndGet(143)) - 67f35358-9777-4ff9-96f4-8a61bc3a94fe: start FollowerState
2019-10-17 06:47:58,614 [grpc-default-executor-2] INFO  impl.RoleInfo (RoleInfo.java:updateAndGet(143)) - b9cfa588-8e56-4331-be2f-4c26f25c6739: start FollowerState
2019-10-17 06:47:58,614 [Thread-2397] INFO  impl.FollowerState (FollowerState.java:run(117)) - b9cfa588-8e56-4331-be2f-4c26f25c6739@group-21BA9BD4283D-FollowerState was interrupted: java.lang.InterruptedException: sleep interrupted
2019-10-17 06:47:58,628 [7c431f9d-51bc-458b-a3a6-511ec217d887@group-21BA9BD4283D-LeaderElection247] INFO  impl.LeaderElection (LeaderElection.java:logAndReturn(56)) - 7c431f9d-51bc-458b-a3a6-511ec217d887@group-21BA9BD4283D-LeaderElection247: Election REJECTED; received 2 response(s) [7c431f9d-51bc-458b-a3a6-511ec217d887<-67f35358-9777-4ff9-96f4-8a61bc3a94fe#0:FAIL-t187, 7c431f9d-51bc-458b-a3a6-511ec217d887<-b9cfa588-8e56-4331-be2f-4c26f25c6739#0:FAIL-t187] and 0 exception(s); 7c431f9d-51bc-458b-a3a6-511ec217d887@group-21BA9BD4283D:t187, leader=null, voted=7c431f9d-51bc-458b-a3a6-511ec217d887, raftlog=7c431f9d-51bc-458b-a3a6-511ec217d887@group-21BA9BD4283D-SegmentedRaftLog:OPENED:c-1,f-1,i0, conf=-1: [67f35358-9777-4ff9-96f4-8a61bc3a94fe:192.168.34.62:37037, 7c431f9d-51bc-458b-a3a6-511ec217d887:192.168.34.62:40420, b9cfa588-8e56-4331-be2f-4c26f25c6739:192.168.34.62:34777], old=null
2019-10-17 06:47:58,628 [7c431f9d-51bc-458b-a3a6-511ec217d887@group-21BA9BD4283D-LeaderElection247] INFO  impl.RaftServerImpl (RaftServerImpl.java:setRole(184)) - 7c431f9d-51bc-458b-a3a6-511ec217d887@group-21BA9BD4283D: changes role from CANDIDATE to FOLLOWER at term 187 for DISCOVERED_A_NEW_TERM
2019-10-17 06:47:58,628 [7c431f9d-51bc-458b-a3a6-511ec217d887@group-21BA9BD4283D-LeaderElection247] INFO  impl.RoleInfo (RoleInfo.java:shutdownLeaderElection(134)) - 7c431f9d-51bc-458b-a3a6-511ec217d887: shutdown LeaderElection
2019-10-17 06:47:58,628 [7c431f9d-51bc-458b-a3a6-511ec217d887@group-21BA9BD4283D-LeaderElection247] INFO  impl.RoleInfo (RoleInfo.java:updateAndGet(143)) - 7c431f9d-51bc-458b-a3a6-511ec217d887: start FollowerState
2019-10-17 06:47:58,754 [Thread-2405] INFO  impl.FollowerState (FollowerState.java:run(108)) - 7c431f9d-51bc-458b-a3a6-511ec217d887@group-21BA9BD4283D-FollowerState: change to CANDIDATE, lastRpcTime:125ms, electionTimeout:125ms
2019-10-17 06:47:58,754 [Thread-2405] INFO  impl.RoleInfo (RoleInfo.java:shutdownFollowerState(121)) - 7c431f9d-51bc-458b-a3a6-511ec217d887: shutdown FollowerState
2019-10-17 06:47:58,754 [Thread-2405] INFO  impl.RaftServerImpl (RaftServerImpl.java:setRole(184)) - 7c431f9d-51bc-458b-a3a6-511ec217d887@group-21BA9BD4283D: changes role from  FOLLOWER to CANDIDATE at term 187 for changeToCandidate
2019-10-17 06:47:58,754 [Thread-2405] INFO  impl.RoleInfo (RoleInfo.java:updateAndGet(143)) - 7c431f9d-51bc-458b-a3a6-511ec217d887: start LeaderElection
2019-10-17 06:47:58,768 [7c431f9d-51bc-458b-a3a6-511ec217d887@group-21BA9BD4283D-LeaderElection248] INFO  impl.LeaderElection (LeaderElection.java:askForVotes(178)) - 7c431f9d-51bc-458b-a3a6-511ec217d887@group-21BA9BD4283D-LeaderElection248: begin an election at term 188 for -1: [67f35358-9777-4ff9-96f4-8a61bc3a94fe:192.168.34.62:37037, 7c431f9d-51bc-458b-a3a6-511ec217d887:192.168.34.62:40420, b9cfa588-8e56-4331-be2f-4c26f25c6739:192.168.34.62:34777], old=null
2019-10-17 06:47:58,769 [grpc-default-executor-4] INFO  impl.RaftServerImpl (RaftServerImpl.java:setRole(184)) - 67f35358-9777-4ff9-96f4-8a61bc3a94fe@group-21BA9BD4283D: changes role from  FOLLOWER to FOLLOWER at term 188 for recognizeCandidate:7c431f9d-51bc-458b-a3a6-511ec217d887
2019-10-17 06:47:58,769 [grpc-default-executor-2] INFO  impl.RaftServerImpl (RaftServerImpl.java:setRole(184)) - b9cfa588-8e56-4331-be2f-4c26f25c6739@group-21BA9BD4283D: changes role from  FOLLOWER to FOLLOWER at term 188 for recognizeCandidate:7c431f9d-51bc-458b-a3a6-511ec217d887
2019-10-17 06:47:58,769 [grpc-default-executor-4] INFO  impl.RoleInfo (RoleInfo.java:shutdownFollowerState(121)) - 67f35358-9777-4ff9-96f4-8a61bc3a94fe: shutdown FollowerState
2019-10-17 06:47:58,769 [grpc-default-executor-2] INFO  impl.RoleInfo (RoleInfo.java:shutdownFollowerState(121)) - b9cfa588-8e56-4331-be2f-4c26f25c6739: shutdown FollowerState
2019-10-17 06:47:58,770 [Thread-2403] INFO  impl.FollowerState (FollowerState.java:run(117)) - 67f35358-9777-4ff9-96f4-8a61bc3a94fe@group-21BA9BD4283D-FollowerState was interrupted: java.lang.InterruptedException: sleep interrupted
2019-10-17 06:47:58,770 [grpc-default-executor-4] INFO  impl.RoleInfo (RoleInfo.java:updateAndGet(143)) - 67f35358-9777-4ff9-96f4-8a61bc3a94fe: start FollowerState
2019-10-17 06:47:58,770 [Thread-2404] INFO  impl.FollowerState (FollowerState.java:run(117)) - b9cfa588-8e56-4331-be2f-4c26f25c6739@group-21BA9BD4283D-FollowerState was interrupted: java.lang.InterruptedException: sleep interrupted
2019-10-17 06:47:58,770 [grpc-default-executor-2] INFO  impl.RoleInfo (RoleInfo.java:updateAndGet(143)) - b9cfa588-8e56-4331-be2f-4c26f25c6739: start FollowerState
2019-10-17 06:47:58,812 [7c431f9d-51bc-458b-a3a6-511ec217d887@group-21BA9BD4283D-LeaderElection248] INFO  impl.LeaderElection (LeaderElection.java:logAndReturn(56)) - 7c431f9d-51bc-458b-a3a6-511ec217d887@group-21BA9BD4283D-LeaderElection248: Election REJECTED; received 2 response(s) [7c431f9d-51bc-458b-a3a6-511ec217d887<-67f35358-9777-4ff9-96f4-8a61bc3a94fe#0:FAIL-t188, 7c431f9d-51bc-458b-a3a6-511ec217d887<-b9cfa588-8e56-4331-be2f-4c26f25c6739#0:FAIL-t188] and 0 exception(s); 7c431f9d-51bc-458b-a3a6-511ec217d887@group-21BA9BD4283D:t188, leader=null, voted=7c431f9d-51bc-458b-a3a6-511ec217d887, raftlog=7c431f9d-51bc-458b-a3a6-511ec217d887@group-21BA9BD4283D-SegmentedRaftLog:OPENED:c-1,f-1,i0, conf=-1: [67f35358-9777-4ff9-96f4-8a61bc3a94fe:192.168.34.62:37037, 7c431f9d-51bc-458b-a3a6-511ec217d887:192.168.34.62:40420, b9cfa588-8e56-4331-be2f-4c26f25c6739:192.168.34.62:34777], old=null
2019-10-17 06:47:58,812 [7c431f9d-51bc-458b-a3a6-511ec217d887@group-21BA9BD4283D-LeaderElection248] INFO  impl.RaftServerImpl (RaftServerImpl.java:setRole(184)) - 7c431f9d-51bc-458b-a3a6-511ec217d887@group-21BA9BD4283D: changes role from CANDIDATE to FOLLOWER at term 188 for DISCOVERED_A_NEW_TERM
2019-10-17 06:47:58,812 [7c431f9d-51bc-458b-a3a6-511ec217d887@group-21BA9BD4283D-LeaderElection248] INFO  impl.RoleInfo (RoleInfo.java:shutdownLeaderElection(134)) - 7c431f9d-51bc-458b-a3a6-511ec217d887: shutdown LeaderElection
2019-10-17 06:47:58,812 [7c431f9d-51bc-458b-a3a6-511ec217d887@group-21BA9BD4283D-LeaderElection248] INFO  impl.RoleInfo (RoleInfo.java:updateAndGet(143)) - 7c431f9d-51bc-458b-a3a6-511ec217d887: start FollowerState
2019-10-17 06:47:58,933 [Thread-2411] INFO  impl.FollowerState (FollowerState.java:run(108)) - 7c431f9d-51bc-458b-a3a6-511ec217d887@group-21BA9BD4283D-FollowerState: change to CANDIDATE, lastRpcTime:120ms, electionTimeout:120ms
2019-10-17 06:47:58,933 [Thread-2411] INFO  impl.RoleInfo (RoleInfo.java:shutdownFollowerState(121)) - 7c431f9d-51bc-458b-a3a6-511ec217d887: shutdown FollowerState
2019-10-17 06:47:58,933 [Thread-2411] INFO  impl.RaftServerImpl (RaftServerImpl.java:setRole(184)) - 7c431f9d-51bc-458b-a3a6-511ec217d887@group-21BA9BD4283D: changes role from  FOLLOWER to CANDIDATE at term 188 for changeToCandidate
2019-10-17 06:47:58,933 [Thread-2411] INFO  impl.RoleInfo (RoleInfo.java:updateAndGet(143)) - 7c431f9d-51bc-458b-a3a6-511ec217d887: start LeaderElection
2019-10-17 06:47:58,956 [7c431f9d-51bc-458b-a3a6-511ec217d887@group-21BA9BD4283D-LeaderElection249] INFO  impl.LeaderElection (LeaderElection.java:askForVotes(178)) - 7c431f9d-51bc-458b-a3a6-511ec217d887@group-21BA9BD4283D-LeaderElection249: begin an election at term 189 for -1: [67f35358-9777-4ff9-96f4-8a61bc3a94fe:192.168.34.62:37037, 7c431f9d-51bc-458b-a3a6-511ec217d887:192.168.34.62:40420, b9cfa588-8e56-4331-be2f-4c26f25c6739:192.168.34.62:34777], old=null
2019-10-17 06:47:58,958 [grpc-default-executor-4] INFO  impl.RaftServerImpl (RaftServerImpl.java:setRole(184)) - 67f35358-9777-4ff9-96f4-8a61bc3a94fe@group-21BA9BD4283D: changes role from  FOLLOWER to FOLLOWER at term 189 for recognizeCandidate:7c431f9d-51bc-458b-a3a6-511ec217d887
2019-10-17 06:47:58,958 [grpc-default-executor-2] INFO  impl.RaftServerImpl (RaftServerImpl.java:setRole(184)) - b9cfa588-8e56-4331-be2f-4c26f25c6739@group-21BA9BD4283D: changes role from  FOLLOWER to FOLLOWER at term 189 for recognizeCandidate:7c431f9d-51bc-458b-a3a6-511ec217d887
2019-10-17 06:47:58,959 [grpc-default-executor-4] INFO  impl.RoleInfo (RoleInfo.java:shutdownFollowerState(121)) - 67f35358-9777-4ff9-96f4-8a61bc3a94fe: shutdown FollowerState
2019-10-17 06:47:58,959 [grpc-default-executor-2] INFO  impl.RoleInfo (RoleInfo.java:shutdownFollowerState(121)) - b9cfa588-8e56-4331-be2f-4c26f25c6739: shutdown FollowerState
2019-10-17 06:47:58,959 [Thread-2409] INFO  impl.FollowerState (FollowerState.java:run(117)) - 67f35358-9777-4ff9-96f4-8a61bc3a94fe@group-21BA9BD4283D-FollowerState was interrupted: java.lang.InterruptedException: sleep interrupted
2019-10-17 06:47:58,959 [grpc-default-executor-4] INFO  impl.RoleInfo (RoleInfo.java:updateAndGet(143)) - 67f35358-9777-4ff9-96f4-8a61bc3a94fe: start FollowerState
2019-10-17 06:47:58,959 [Thread-2410] INFO  impl.FollowerState (FollowerState.java:run(117)) - b9cfa588-8e56-4331-be2f-4c26f25c6739@group-21BA9BD4283D-FollowerState was interrupted: java.lang.InterruptedException: sleep interrupted
2019-10-17 06:47:58,959 [grpc-default-executor-2] INFO  impl.RoleInfo (RoleInfo.java:updateAndGet(143)) - b9cfa588-8e56-4331-be2f-4c26f25c6739: start FollowerState
2019-10-17 06:47:58,991 [7c431f9d-51bc-458b-a3a6-511ec217d887@group-21BA9BD4283D-LeaderElection249] INFO  impl.LeaderElection (LeaderElection.java:logAndReturn(56)) - 7c431f9d-51bc-458b-a3a6-511ec217d887@group-21BA9BD4283D-LeaderElection249: Election REJECTED; received 2 response(s) [7c431f9d-51bc-458b-a3a6-511ec217d887<-67f35358-9777-4ff9-96f4-8a61bc3a94fe#0:FAIL-t189, 7c431f9d-51bc-458b-a3a6-511ec217d887<-b9cfa588-8e56-4331-be2f-4c26f25c6739#0:FAIL-t189] and 0 exception(s); 7c431f9d-51bc-458b-a3a6-511ec217d887@group-21BA9BD4283D:t189, leader=null, voted=7c431f9d-51bc-458b-a3a6-511ec217d887, raftlog=7c431f9d-51bc-458b-a3a6-511ec217d887@group-21BA9BD4283D-SegmentedRaftLog:OPENED:c-1,f-1,i0, conf=-1: [67f35358-9777-4ff9-96f4-8a61bc3a94fe:192.168.34.62:37037, 7c431f9d-51bc-458b-a3a6-511ec217d887:192.168.34.62:40420, b9cfa588-8e56-4331-be2f-4c26f25c6739:192.168.34.62:34777], old=null
2019-10-17 06:47:58,991 [7c431f9d-51bc-458b-a3a6-511ec217d887@group-21BA9BD4283D-LeaderElection249] INFO  impl.RaftServerImpl (RaftServerImpl.java:setRole(184)) - 7c431f9d-51bc-458b-a3a6-511ec217d887@group-21BA9BD4283D: changes role from CANDIDATE to FOLLOWER at term 189 for DISCOVERED_A_NEW_TERM
2019-10-17 06:47:58,991 [7c431f9d-51bc-458b-a3a6-511ec217d887@group-21BA9BD4283D-LeaderElection249] INFO  impl.RoleInfo (RoleInfo.java:shutdownLeaderElection(134)) - 7c431f9d-51bc-458b-a3a6-511ec217d887: shutdown LeaderElection
2019-10-17 06:47:58,991 [7c431f9d-51bc-458b-a3a6-511ec217d887@group-21BA9BD4283D-LeaderElection249] INFO  impl.RoleInfo (RoleInfo.java:updateAndGet(143)) - 7c431f9d-51bc-458b-a3a6-511ec217d887: start FollowerState
2019-10-17 06:47:59,033 [Thread-2417] INFO  impl.FollowerState (FollowerState.java:run(108)) - 7c431f9d-51bc-458b-a3a6-511ec217d887@group-21BA9BD4283D-FollowerState: change to CANDIDATE, lastRpcTime:42ms, electionTimeout:42ms
2019-10-17 06:47:59,033 [Thread-2417] INFO  impl.RoleInfo (RoleInfo.java:shutdownFollowerState(121)) - 7c431f9d-51bc-458b-a3a6-511ec217d887: shutdown FollowerState
2019-10-17 06:47:59,034 [Thread-2417] INFO  impl.RaftServerImpl (RaftServerImpl.java:setRole(184)) - 7c431f9d-51bc-458b-a3a6-511ec217d887@group-21BA9BD4283D: changes role from  FOLLOWER to CANDIDATE at term 189 for changeToCandidate
2019-10-17 06:47:59,034 [Thread-2417] INFO  impl.RoleInfo (RoleInfo.java:updateAndGet(143)) - 7c431f9d-51bc-458b-a3a6-511ec217d887: start LeaderElection
2019-10-17 06:47:59,046 [7c431f9d-51bc-458b-a3a6-511ec217d887@group-21BA9BD4283D-LeaderElection250] INFO  impl.LeaderElection (LeaderElection.java:askForVotes(178)) - 7c431f9d-51bc-458b-a3a6-511ec217d887@group-21BA9BD4283D-LeaderElection250: begin an election at term 190 for -1: [67f35358-9777-4ff9-96f4-8a61bc3a94fe:192.168.34.62:37037, 7c431f9d-51bc-458b-a3a6-511ec217d887:192.168.34.62:40420, b9cfa588-8e56-4331-be2f-4c26f25c6739:192.168.34.62:34777], old=null
2019-10-17 06:47:59,048 [grpc-default-executor-4] INFO  impl.RaftServerImpl (RaftServerImpl.java:setRole(184)) - 67f35358-9777-4ff9-96f4-8a61bc3a94fe@group-21BA9BD4283D: changes role from  FOLLOWER to FOLLOWER at term 190 for recognizeCandidate:7c431f9d-51bc-458b-a3a6-511ec217d887
2019-10-17 06:47:59,048 [grpc-default-executor-4] INFO  impl.RoleInfo (RoleInfo.java:shutdownFollowerState(121)) - 67f35358-9777-4ff9-96f4-8a61bc3a94fe: shutdown FollowerState
2019-10-17 06:47:59,048 [grpc-default-executor-2] INFO  impl.RaftServerImpl (RaftServerImpl.java:setRole(184)) - b9cfa588-8e56-4331-be2f-4c26f25c6739@group-21BA9BD4283D: changes role from  FOLLOWER to FOLLOWER at term 190 for recognizeCandidate:7c431f9d-51bc-458b-a3a6-511ec217d887
2019-10-17 06:47:59,048 [grpc-default-executor-2] INFO  impl.RoleInfo (RoleInfo.java:shutdownFollowerState(121)) - b9cfa588-8e56-4331-be2f-4c26f25c6739: shutdown FollowerState
2019-10-17 06:47:59,048 [Thread-2415] INFO  impl.FollowerState (FollowerState.java:run(117)) - 67f35358-9777-4ff9-96f4-8a61bc3a94fe@group-21BA9BD4283D-FollowerState was interrupted: java.lang.InterruptedException: sleep interrupted
2019-10-17 06:47:59,048 [grpc-default-executor-4] INFO  impl.RoleInfo (RoleInfo.java:updateAndGet(143)) - 67f35358-9777-4ff9-96f4-8a61bc3a94fe: start FollowerState
2019-10-17 06:47:59,048 [Thread-2416] INFO  impl.FollowerState (FollowerState.java:run(117)) - b9cfa588-8e56-4331-be2f-4c26f25c6739@group-21BA9BD4283D-FollowerState was interrupted: java.lang.InterruptedException: sleep interrupted
2019-10-17 06:47:59,048 [grpc-default-executor-2] INFO  impl.RoleInfo (RoleInfo.java:updateAndGet(143)) - b9cfa588-8e56-4331-be2f-4c26f25c6739: start FollowerState
2019-10-17 06:47:59,060 [7c431f9d-51bc-458b-a3a6-511ec217d887@group-21BA9BD4283D-LeaderElection250] INFO  impl.LeaderElection (LeaderElection.java:logAndReturn(56)) - 7c431f9d-51bc-458b-a3a6-511ec217d887@group-21BA9BD4283D-LeaderElection250: Election REJECTED; received 2 response(s) [7c431f9d-51bc-458b-a3a6-511ec217d887<-67f35358-9777-4ff9-96f4-8a61bc3a94fe#0:FAIL-t190, 7c431f9d-51bc-458b-a3a6-511ec217d887<-b9cfa588-8e56-4331-be2f-4c26f25c6739#0:FAIL-t190] and 0 exception(s); 7c431f9d-51bc-458b-a3a6-511ec217d887@group-21BA9BD4283D:t190, leader=null, voted=7c431f9d-51bc-458b-a3a6-511ec217d887, raftlog=7c431f9d-51bc-458b-a3a6-511ec217d887@group-21BA9BD4283D-SegmentedRaftLog:OPENED:c-1,f-1,i0, conf=-1: [67f35358-9777-4ff9-96f4-8a61bc3a94fe:192.168.34.62:37037, 7c431f9d-51bc-458b-a3a6-511ec217d887:192.168.34.62:40420, b9cfa588-8e56-4331-be2f-4c26f25c6739:192.168.34.62:34777], old=null
2019-10-17 06:47:59,060 [7c431f9d-51bc-458b-a3a6-511ec217d887@group-21BA9BD4283D-LeaderElection250] INFO  impl.RaftServerImpl (RaftServerImpl.java:setRole(184)) - 7c431f9d-51bc-458b-a3a6-511ec217d887@group-21BA9BD4283D: changes role from CANDIDATE to FOLLOWER at term 190 for DISCOVERED_A_NEW_TERM
2019-10-17 06:47:59,061 [7c431f9d-51bc-458b-a3a6-511ec217d887@group-21BA9BD4283D-LeaderElection250] INFO  impl.RoleInfo (RoleInfo.java:shutdownLeaderElection(134)) - 7c431f9d-51bc-458b-a3a6-511ec217d887: shutdown LeaderElection
2019-10-17 06:47:59,061 [7c431f9d-51bc-458b-a3a6-511ec217d887@group-21BA9BD4283D-LeaderElection250] INFO  impl.RoleInfo (RoleInfo.java:updateAndGet(143)) - 7c431f9d-51bc-458b-a3a6-511ec217d887: start FollowerState
2019-10-17 06:47:59,100 [main] INFO  ozone.MiniOzoneClusterImpl (MiniOzoneClusterImpl.java:lambda$waitForClusterToBeReady$2(164)) - Waiting for 1 number of pipelines out of 4, to report a leader.
2019-10-17 06:47:59,166 [Thread-2423] INFO  impl.FollowerState (FollowerState.java:run(108)) - 7c431f9d-51bc-458b-a3a6-511ec217d887@group-21BA9BD4283D-FollowerState: change to CANDIDATE, lastRpcTime:105ms, electionTimeout:105ms
2019-10-17 06:47:59,166 [Thread-2423] INFO  impl.RoleInfo (RoleInfo.java:shutdownFollowerState(121)) - 7c431f9d-51bc-458b-a3a6-511ec217d887: shutdown FollowerState
2019-10-17 06:47:59,166 [Thread-2423] INFO  impl.RaftServerImpl (RaftServerImpl.java:setRole(184)) - 7c431f9d-51bc-458b-a3a6-511ec217d887@group-21BA9BD4283D: changes role from  FOLLOWER to CANDIDATE at term 190 for changeToCandidate
2019-10-17 06:47:59,166 [Thread-2423] INFO  impl.RoleInfo (RoleInfo.java:updateAndGet(143)) - 7c431f9d-51bc-458b-a3a6-511ec217d887: start LeaderElection
2019-10-17 06:47:59,190 [7c431f9d-51bc-458b-a3a6-511ec217d887@group-21BA9BD4283D-LeaderElection251] INFO  impl.LeaderElection (LeaderElection.java:askForVotes(178)) - 7c431f9d-51bc-458b-a3a6-511ec217d887@group-21BA9BD4283D-LeaderElection251: begin an election at term 191 for -1: [67f35358-9777-4ff9-96f4-8a61bc3a94fe:192.168.34.62:37037, 7c431f9d-51bc-458b-a3a6-511ec217d887:192.168.34.62:40420, b9cfa588-8e56-4331-be2f-4c26f25c6739:192.168.34.62:34777], old=null
2019-10-17 06:47:59,191 [grpc-default-executor-4] INFO  impl.RaftServerImpl (RaftServerImpl.java:setRole(184)) - b9cfa588-8e56-4331-be2f-4c26f25c6739@group-21BA9BD4283D: changes role from  FOLLOWER to FOLLOWER at term 191 for recognizeCandidate:7c431f9d-51bc-458b-a3a6-511ec217d887
2019-10-17 06:47:59,191 [grpc-default-executor-2] INFO  impl.RaftServerImpl (RaftServerImpl.java:setRole(184)) - 67f35358-9777-4ff9-96f4-8a61bc3a94fe@group-21BA9BD4283D: changes role from  FOLLOWER to FOLLOWER at term 191 for recognizeCandidate:7c431f9d-51bc-458b-a3a6-511ec217d887
2019-10-17 06:47:59,192 [grpc-default-executor-2] INFO  impl.RoleInfo (RoleInfo.java:shutdownFollowerState(121)) - 67f35358-9777-4ff9-96f4-8a61bc3a94fe: shutdown FollowerState
2019-10-17 06:47:59,191 [grpc-default-executor-4] INFO  impl.RoleInfo (RoleInfo.java:shutdownFollowerState(121)) - b9cfa588-8e56-4331-be2f-4c26f25c6739: shutdown FollowerState
2019-10-17 06:47:59,192 [Thread-2421] INFO  impl.FollowerState (FollowerState.java:run(117)) - 67f35358-9777-4ff9-96f4-8a61bc3a94fe@group-21BA9BD4283D-FollowerState was interrupted: java.lang.InterruptedException: sleep interrupted
2019-10-17 06:47:59,192 [grpc-default-executor-2] INFO  impl.RoleInfo (RoleInfo.java:updateAndGet(143)) - 67f35358-9777-4ff9-96f4-8a61bc3a94fe: start FollowerState
2019-10-17 06:47:59,192 [Thread-2422] INFO  impl.FollowerState (FollowerState.java:run(117)) - b9cfa588-8e56-4331-be2f-4c26f25c6739@group-21BA9BD4283D-FollowerState was interrupted: java.lang.InterruptedException: sleep interrupted
2019-10-17 06:47:59,192 [grpc-default-executor-4] INFO  impl.RoleInfo (RoleInfo.java:updateAndGet(143)) - b9cfa588-8e56-4331-be2f-4c26f25c6739: start FollowerState
2019-10-17 06:47:59,226 [7c431f9d-51bc-458b-a3a6-511ec217d887@group-21BA9BD4283D-LeaderElection251] INFO  impl.LeaderElection (LeaderElection.java:logAndReturn(56)) - 7c431f9d-51bc-458b-a3a6-511ec217d887@group-21BA9BD4283D-LeaderElection251: Election REJECTED; received 2 response(s) [7c431f9d-51bc-458b-a3a6-511ec217d887<-67f35358-9777-4ff9-96f4-8a61bc3a94fe#0:FAIL-t191, 7c431f9d-51bc-458b-a3a6-511ec217d887<-b9cfa588-8e56-4331-be2f-4c26f25c6739#0:FAIL-t191] and 0 exception(s); 7c431f9d-51bc-458b-a3a6-511ec217d887@group-21BA9BD4283D:t191, leader=null, voted=7c431f9d-51bc-458b-a3a6-511ec217d887, raftlog=7c431f9d-51bc-458b-a3a6-511ec217d887@group-21BA9BD4283D-SegmentedRaftLog:OPENED:c-1,f-1,i0, conf=-1: [67f35358-9777-4ff9-96f4-8a61bc3a94fe:192.168.34.62:37037, 7c431f9d-51bc-458b-a3a6-511ec217d887:192.168.34.62:40420, b9cfa588-8e56-4331-be2f-4c26f25c6739:192.168.34.62:34777], old=null
2019-10-17 06:47:59,226 [7c431f9d-51bc-458b-a3a6-511ec217d887@group-21BA9BD4283D-LeaderElection251] INFO  impl.RaftServerImpl (RaftServerImpl.java:setRole(184)) - 7c431f9d-51bc-458b-a3a6-511ec217d887@group-21BA9BD4283D: changes role from CANDIDATE to FOLLOWER at term 191 for DISCOVERED_A_NEW_TERM
2019-10-17 06:47:59,226 [7c431f9d-51bc-458b-a3a6-511ec217d887@group-21BA9BD4283D-LeaderElection251] INFO  impl.RoleInfo (RoleInfo.java:shutdownLeaderElection(134)) - 7c431f9d-51bc-458b-a3a6-511ec217d887: shutdown LeaderElection
2019-10-17 06:47:59,226 [7c431f9d-51bc-458b-a3a6-511ec217d887@group-21BA9BD4283D-LeaderElection251] INFO  impl.RoleInfo (RoleInfo.java:updateAndGet(143)) - 7c431f9d-51bc-458b-a3a6-511ec217d887: start FollowerState
2019-10-17 06:47:59,238 [Thread-2429] INFO  impl.FollowerState (FollowerState.java:run(108)) - 7c431f9d-51bc-458b-a3a6-511ec217d887@group-21BA9BD4283D-FollowerState: change to CANDIDATE, lastRpcTime:11ms, electionTimeout:11ms
2019-10-17 06:47:59,238 [Thread-2429] INFO  impl.RoleInfo (RoleInfo.java:shutdownFollowerState(121)) - 7c431f9d-51bc-458b-a3a6-511ec217d887: shutdown FollowerState
2019-10-17 06:47:59,238 [Thread-2429] INFO  impl.RaftServerImpl (RaftServerImpl.java:setRole(184)) - 7c431f9d-51bc-458b-a3a6-511ec217d887@group-21BA9BD4283D: changes role from  FOLLOWER to CANDIDATE at term 191 for changeToCandidate
2019-10-17 06:47:59,238 [Thread-2429] INFO  impl.RoleInfo (RoleInfo.java:updateAndGet(143)) - 7c431f9d-51bc-458b-a3a6-511ec217d887: start LeaderElection
2019-10-17 06:47:59,243 [7c431f9d-51bc-458b-a3a6-511ec217d887@group-21BA9BD4283D-LeaderElection252] INFO  impl.LeaderElection (LeaderElection.java:askForVotes(178)) - 7c431f9d-51bc-458b-a3a6-511ec217d887@group-21BA9BD4283D-LeaderElection252: begin an election at term 192 for -1: [67f35358-9777-4ff9-96f4-8a61bc3a94fe:192.168.34.62:37037, 7c431f9d-51bc-458b-a3a6-511ec217d887:192.168.34.62:40420, b9cfa588-8e56-4331-be2f-4c26f25c6739:192.168.34.62:34777], old=null
2019-10-17 06:47:59,244 [grpc-default-executor-4] INFO  impl.RaftServerImpl (RaftServerImpl.java:setRole(184)) - b9cfa588-8e56-4331-be2f-4c26f25c6739@group-21BA9BD4283D: changes role from  FOLLOWER to FOLLOWER at term 192 for recognizeCandidate:7c431f9d-51bc-458b-a3a6-511ec217d887
2019-10-17 06:47:59,244 [grpc-default-executor-2] INFO  impl.RaftServerImpl (RaftServerImpl.java:setRole(184)) - 67f35358-9777-4ff9-96f4-8a61bc3a94fe@group-21BA9BD4283D: changes role from  FOLLOWER to FOLLOWER at term 192 for recognizeCandidate:7c431f9d-51bc-458b-a3a6-511ec217d887
2019-10-17 06:47:59,245 [grpc-default-executor-2] INFO  impl.RoleInfo (RoleInfo.java:shutdownFollowerState(121)) - 67f35358-9777-4ff9-96f4-8a61bc3a94fe: shutdown FollowerState
2019-10-17 06:47:59,245 [grpc-default-executor-4] INFO  impl.RoleInfo (RoleInfo.java:shutdownFollowerState(121)) - b9cfa588-8e56-4331-be2f-4c26f25c6739: shutdown FollowerState
2019-10-17 06:47:59,245 [Thread-2427] INFO  impl.FollowerState (FollowerState.java:run(117)) - 67f35358-9777-4ff9-96f4-8a61bc3a94fe@group-21BA9BD4283D-FollowerState was interrupted: java.lang.InterruptedException: sleep interrupted
2019-10-17 06:47:59,245 [grpc-default-executor-2] INFO  impl.RoleInfo (RoleInfo.java:updateAndGet(143)) - 67f35358-9777-4ff9-96f4-8a61bc3a94fe: start FollowerState
2019-10-17 06:47:59,245 [Thread-2428] INFO  impl.FollowerState (FollowerState.java:run(117)) - b9cfa588-8e56-4331-be2f-4c26f25c6739@group-21BA9BD4283D-FollowerState was interrupted: java.lang.InterruptedException: sleep interrupted
2019-10-17 06:47:59,245 [grpc-default-executor-4] INFO  impl.RoleInfo (RoleInfo.java:updateAndGet(143)) - b9cfa588-8e56-4331-be2f-4c26f25c6739: start FollowerState
2019-10-17 06:47:59,259 [7c431f9d-51bc-458b-a3a6-511ec217d887@group-21BA9BD4283D-LeaderElection252] INFO  impl.LeaderElection (LeaderElection.java:logAndReturn(56)) - 7c431f9d-51bc-458b-a3a6-511ec217d887@group-21BA9BD4283D-LeaderElection252: Election REJECTED; received 2 response(s) [7c431f9d-51bc-458b-a3a6-511ec217d887<-67f35358-9777-4ff9-96f4-8a61bc3a94fe#0:FAIL-t192, 7c431f9d-51bc-458b-a3a6-511ec217d887<-b9cfa588-8e56-4331-be2f-4c26f25c6739#0:FAIL-t192] and 0 exception(s); 7c431f9d-51bc-458b-a3a6-511ec217d887@group-21BA9BD4283D:t192, leader=null, voted=7c431f9d-51bc-458b-a3a6-511ec217d887, raftlog=7c431f9d-51bc-458b-a3a6-511ec217d887@group-21BA9BD4283D-SegmentedRaftLog:OPENED:c-1,f-1,i0, conf=-1: [67f35358-9777-4ff9-96f4-8a61bc3a94fe:192.168.34.62:37037, 7c431f9d-51bc-458b-a3a6-511ec217d887:192.168.34.62:40420, b9cfa588-8e56-4331-be2f-4c26f25c6739:192.168.34.62:34777], old=null
2019-10-17 06:47:59,259 [7c431f9d-51bc-458b-a3a6-511ec217d887@group-21BA9BD4283D-LeaderElection252] INFO  impl.RaftServerImpl (RaftServerImpl.java:setRole(184)) - 7c431f9d-51bc-458b-a3a6-511ec217d887@group-21BA9BD4283D: changes role from CANDIDATE to FOLLOWER at term 192 for DISCOVERED_A_NEW_TERM
2019-10-17 06:47:59,259 [7c431f9d-51bc-458b-a3a6-511ec217d887@group-21BA9BD4283D-LeaderElection252] INFO  impl.RoleInfo (RoleInfo.java:shutdownLeaderElection(134)) - 7c431f9d-51bc-458b-a3a6-511ec217d887: shutdown LeaderElection
2019-10-17 06:47:59,259 [7c431f9d-51bc-458b-a3a6-511ec217d887@group-21BA9BD4283D-LeaderElection252] INFO  impl.RoleInfo (RoleInfo.java:updateAndGet(143)) - 7c431f9d-51bc-458b-a3a6-511ec217d887: start FollowerState
2019-10-17 06:47:59,390 [Thread-2435] INFO  impl.FollowerState (FollowerState.java:run(108)) - 7c431f9d-51bc-458b-a3a6-511ec217d887@group-21BA9BD4283D-FollowerState: change to CANDIDATE, lastRpcTime:131ms, electionTimeout:131ms
2019-10-17 06:47:59,390 [Thread-2435] INFO  impl.RoleInfo (RoleInfo.java:shutdownFollowerState(121)) - 7c431f9d-51bc-458b-a3a6-511ec217d887: shutdown FollowerState
2019-10-17 06:47:59,391 [Thread-2435] INFO  impl.RaftServerImpl (RaftServerImpl.java:setRole(184)) - 7c431f9d-51bc-458b-a3a6-511ec217d887@group-21BA9BD4283D: changes role from  FOLLOWER to CANDIDATE at term 192 for changeToCandidate
2019-10-17 06:47:59,391 [Thread-2435] INFO  impl.RoleInfo (RoleInfo.java:updateAndGet(143)) - 7c431f9d-51bc-458b-a3a6-511ec217d887: start LeaderElection
2019-10-17 06:47:59,404 [7c431f9d-51bc-458b-a3a6-511ec217d887@group-21BA9BD4283D-LeaderElection253] INFO  impl.LeaderElection (LeaderElection.java:askForVotes(178)) - 7c431f9d-51bc-458b-a3a6-511ec217d887@group-21BA9BD4283D-LeaderElection253: begin an election at term 193 for -1: [67f35358-9777-4ff9-96f4-8a61bc3a94fe:192.168.34.62:37037, 7c431f9d-51bc-458b-a3a6-511ec217d887:192.168.34.62:40420, b9cfa588-8e56-4331-be2f-4c26f25c6739:192.168.34.62:34777], old=null
2019-10-17 06:47:59,648 [7c431f9d-51bc-458b-a3a6-511ec217d887@group-21BA9BD4283D-LeaderElection253] INFO  impl.LeaderElection (LeaderElection.java:logAndReturn(56)) - 7c431f9d-51bc-458b-a3a6-511ec217d887@group-21BA9BD4283D-LeaderElection253: Election TIMEOUT; received 0 response(s) [] and 0 exception(s); 7c431f9d-51bc-458b-a3a6-511ec217d887@group-21BA9BD4283D:t193, leader=null, voted=7c431f9d-51bc-458b-a3a6-511ec217d887, raftlog=7c431f9d-51bc-458b-a3a6-511ec217d887@group-21BA9BD4283D-SegmentedRaftLog:OPENED:c-1,f-1,i0, conf=-1: [67f35358-9777-4ff9-96f4-8a61bc3a94fe:192.168.34.62:37037, 7c431f9d-51bc-458b-a3a6-511ec217d887:192.168.34.62:40420, b9cfa588-8e56-4331-be2f-4c26f25c6739:192.168.34.62:34777], old=null
2019-10-17 06:47:59,666 [grpc-default-executor-2] INFO  impl.RaftServerImpl (RaftServerImpl.java:setRole(184)) - b9cfa588-8e56-4331-be2f-4c26f25c6739@group-21BA9BD4283D: changes role from  FOLLOWER to FOLLOWER at term 193 for recognizeCandidate:7c431f9d-51bc-458b-a3a6-511ec217d887
2019-10-17 06:47:59,674 [grpc-default-executor-2] INFO  impl.RoleInfo (RoleInfo.java:shutdownFollowerState(121)) - b9cfa588-8e56-4331-be2f-4c26f25c6739: shutdown FollowerState
2019-10-17 06:47:59,677 [grpc-default-executor-4] INFO  impl.RaftServerImpl (RaftServerImpl.java:setRole(184)) - 67f35358-9777-4ff9-96f4-8a61bc3a94fe@group-21BA9BD4283D: changes role from  FOLLOWER to FOLLOWER at term 193 for recognizeCandidate:7c431f9d-51bc-458b-a3a6-511ec217d887
2019-10-17 06:47:59,681 [grpc-default-executor-4] INFO  impl.RoleInfo (RoleInfo.java:shutdownFollowerState(121)) - 67f35358-9777-4ff9-96f4-8a61bc3a94fe: shutdown FollowerState
2019-10-17 06:47:59,681 [grpc-default-executor-2] INFO  impl.RoleInfo (RoleInfo.java:updateAndGet(143)) - b9cfa588-8e56-4331-be2f-4c26f25c6739: start FollowerState
2019-10-17 06:47:59,691 [Thread-2433] INFO  impl.FollowerState (FollowerState.java:run(117)) - 67f35358-9777-4ff9-96f4-8a61bc3a94fe@group-21BA9BD4283D-FollowerState was interrupted: java.lang.InterruptedException: sleep interrupted
2019-10-17 06:47:59,681 [Thread-2434] INFO  impl.FollowerState (FollowerState.java:run(117)) - b9cfa588-8e56-4331-be2f-4c26f25c6739@group-21BA9BD4283D-FollowerState was interrupted: java.lang.InterruptedException: sleep interrupted
2019-10-17 06:47:59,688 [grpc-default-executor-4] INFO  impl.RoleInfo (RoleInfo.java:updateAndGet(143)) - 67f35358-9777-4ff9-96f4-8a61bc3a94fe: start FollowerState
2019-10-17 06:47:59,707 [7c431f9d-51bc-458b-a3a6-511ec217d887@group-21BA9BD4283D-LeaderElection253] INFO  impl.LeaderElection (LeaderElection.java:askForVotes(178)) - 7c431f9d-51bc-458b-a3a6-511ec217d887@group-21BA9BD4283D-LeaderElection253: begin an election at term 194 for -1: [67f35358-9777-4ff9-96f4-8a61bc3a94fe:192.168.34.62:37037, 7c431f9d-51bc-458b-a3a6-511ec217d887:192.168.34.62:40420, b9cfa588-8e56-4331-be2f-4c26f25c6739:192.168.34.62:34777], old=null
2019-10-17 06:47:59,736 [grpc-default-executor-3] INFO  impl.RaftServerImpl (RaftServerImpl.java:setRole(184)) - 67f35358-9777-4ff9-96f4-8a61bc3a94fe@group-21BA9BD4283D: changes role from  FOLLOWER to FOLLOWER at term 194 for recognizeCandidate:7c431f9d-51bc-458b-a3a6-511ec217d887
2019-10-17 06:47:59,740 [grpc-default-executor-1] INFO  impl.RaftServerImpl (RaftServerImpl.java:setRole(184)) - b9cfa588-8e56-4331-be2f-4c26f25c6739@group-21BA9BD4283D: changes role from  FOLLOWER to FOLLOWER at term 194 for recognizeCandidate:7c431f9d-51bc-458b-a3a6-511ec217d887
2019-10-17 06:47:59,740 [grpc-default-executor-3] INFO  impl.RoleInfo (RoleInfo.java:shutdownFollowerState(121)) - 67f35358-9777-4ff9-96f4-8a61bc3a94fe: shutdown FollowerState
2019-10-17 06:47:59,740 [grpc-default-executor-1] INFO  impl.RoleInfo (RoleInfo.java:shutdownFollowerState(121)) - b9cfa588-8e56-4331-be2f-4c26f25c6739: shutdown FollowerState
2019-10-17 06:47:59,740 [Thread-2440] INFO  impl.FollowerState (FollowerState.java:run(117)) - 67f35358-9777-4ff9-96f4-8a61bc3a94fe@group-21BA9BD4283D-FollowerState was interrupted: java.lang.InterruptedException: sleep interrupted
2019-10-17 06:47:59,740 [grpc-default-executor-3] INFO  impl.RoleInfo (RoleInfo.java:updateAndGet(143)) - 67f35358-9777-4ff9-96f4-8a61bc3a94fe: start FollowerState
2019-10-17 06:47:59,741 [Thread-2439] INFO  impl.FollowerState (FollowerState.java:run(117)) - b9cfa588-8e56-4331-be2f-4c26f25c6739@group-21BA9BD4283D-FollowerState was interrupted: java.lang.InterruptedException: sleep interrupted
2019-10-17 06:47:59,740 [grpc-default-executor-1] INFO  impl.RoleInfo (RoleInfo.java:updateAndGet(143)) - b9cfa588-8e56-4331-be2f-4c26f25c6739: start FollowerState
2019-10-17 06:47:59,765 [7c431f9d-51bc-458b-a3a6-511ec217d887@group-21BA9BD4283D-LeaderElection253] INFO  impl.LeaderElection (LeaderElection.java:logAndReturn(56)) - 7c431f9d-51bc-458b-a3a6-511ec217d887@group-21BA9BD4283D-LeaderElection253: Election REJECTED; received 2 response(s) [7c431f9d-51bc-458b-a3a6-511ec217d887<-67f35358-9777-4ff9-96f4-8a61bc3a94fe#0:FAIL-t194, 7c431f9d-51bc-458b-a3a6-511ec217d887<-b9cfa588-8e56-4331-be2f-4c26f25c6739#0:FAIL-t194] and 0 exception(s); 7c431f9d-51bc-458b-a3a6-511ec217d887@group-21BA9BD4283D:t194, leader=null, voted=7c431f9d-51bc-458b-a3a6-511ec217d887, raftlog=7c431f9d-51bc-458b-a3a6-511ec217d887@group-21BA9BD4283D-SegmentedRaftLog:OPENED:c-1,f-1,i0, conf=-1: [67f35358-9777-4ff9-96f4-8a61bc3a94fe:192.168.34.62:37037, 7c431f9d-51bc-458b-a3a6-511ec217d887:192.168.34.62:40420, b9cfa588-8e56-4331-be2f-4c26f25c6739:192.168.34.62:34777], old=null
2019-10-17 06:47:59,766 [7c431f9d-51bc-458b-a3a6-511ec217d887@group-21BA9BD4283D-LeaderElection253] INFO  impl.RaftServerImpl (RaftServerImpl.java:setRole(184)) - 7c431f9d-51bc-458b-a3a6-511ec217d887@group-21BA9BD4283D: changes role from CANDIDATE to FOLLOWER at term 194 for DISCOVERED_A_NEW_TERM
2019-10-17 06:47:59,766 [7c431f9d-51bc-458b-a3a6-511ec217d887@group-21BA9BD4283D-LeaderElection253] INFO  impl.RoleInfo (RoleInfo.java:shutdownLeaderElection(134)) - 7c431f9d-51bc-458b-a3a6-511ec217d887: shutdown LeaderElection
2019-10-17 06:47:59,766 [7c431f9d-51bc-458b-a3a6-511ec217d887@group-21BA9BD4283D-LeaderElection253] INFO  impl.RoleInfo (RoleInfo.java:updateAndGet(143)) - 7c431f9d-51bc-458b-a3a6-511ec217d887: start FollowerState
2019-10-17 06:47:59,899 [Thread-2445] INFO  impl.FollowerState (FollowerState.java:run(108)) - 7c431f9d-51bc-458b-a3a6-511ec217d887@group-21BA9BD4283D-FollowerState: change to CANDIDATE, lastRpcTime:133ms, electionTimeout:133ms
2019-10-17 06:47:59,900 [Thread-2445] INFO  impl.RoleInfo (RoleInfo.java:shutdownFollowerState(121)) - 7c431f9d-51bc-458b-a3a6-511ec217d887: shutdown FollowerState
2019-10-17 06:47:59,900 [Thread-2445] INFO  impl.RaftServerImpl (RaftServerImpl.java:setRole(184)) - 7c431f9d-51bc-458b-a3a6-511ec217d887@group-21BA9BD4283D: changes role from  FOLLOWER to CANDIDATE at term 194 for changeToCandidate
2019-10-17 06:47:59,900 [Thread-2445] INFO  impl.RoleInfo (RoleInfo.java:updateAndGet(143)) - 7c431f9d-51bc-458b-a3a6-511ec217d887: start LeaderElection
2019-10-17 06:47:59,913 [7c431f9d-51bc-458b-a3a6-511ec217d887@group-21BA9BD4283D-LeaderElection254] INFO  impl.LeaderElection (LeaderElection.java:askForVotes(178)) - 7c431f9d-51bc-458b-a3a6-511ec217d887@group-21BA9BD4283D-LeaderElection254: begin an election at term 195 for -1: [67f35358-9777-4ff9-96f4-8a61bc3a94fe:192.168.34.62:37037, 7c431f9d-51bc-458b-a3a6-511ec217d887:192.168.34.62:40420, b9cfa588-8e56-4331-be2f-4c26f25c6739:192.168.34.62:34777], old=null
2019-10-17 06:47:59,915 [grpc-default-executor-1] INFO  impl.RaftServerImpl (RaftServerImpl.java:setRole(184)) - b9cfa588-8e56-4331-be2f-4c26f25c6739@group-21BA9BD4283D: changes role from  FOLLOWER to FOLLOWER at term 195 for recognizeCandidate:7c431f9d-51bc-458b-a3a6-511ec217d887
2019-10-17 06:47:59,915 [grpc-default-executor-1] INFO  impl.RoleInfo (RoleInfo.java:shutdownFollowerState(121)) - b9cfa588-8e56-4331-be2f-4c26f25c6739: shutdown FollowerState
2019-10-17 06:47:59,915 [grpc-default-executor-3] INFO  impl.RaftServerImpl (RaftServerImpl.java:setRole(184)) - 67f35358-9777-4ff9-96f4-8a61bc3a94fe@group-21BA9BD4283D: changes role from  FOLLOWER to FOLLOWER at term 195 for recognizeCandidate:7c431f9d-51bc-458b-a3a6-511ec217d887
2019-10-17 06:47:59,915 [grpc-default-executor-3] INFO  impl.RoleInfo (RoleInfo.java:shutdownFollowerState(121)) - 67f35358-9777-4ff9-96f4-8a61bc3a94fe: shutdown FollowerState
2019-10-17 06:47:59,915 [Thread-2444] INFO  impl.FollowerState (FollowerState.java:run(117)) - b9cfa588-8e56-4331-be2f-4c26f25c6739@group-21BA9BD4283D-FollowerState was interrupted: java.lang.InterruptedException: sleep interrupted
2019-10-17 06:47:59,915 [grpc-default-executor-1] INFO  impl.RoleInfo (RoleInfo.java:updateAndGet(143)) - b9cfa588-8e56-4331-be2f-4c26f25c6739: start FollowerState
2019-10-17 06:47:59,915 [grpc-default-executor-3] INFO  impl.RoleInfo (RoleInfo.java:updateAndGet(143)) - 67f35358-9777-4ff9-96f4-8a61bc3a94fe: start FollowerState
2019-10-17 06:47:59,915 [Thread-2443] INFO  impl.FollowerState (FollowerState.java:run(117)) - 67f35358-9777-4ff9-96f4-8a61bc3a94fe@group-21BA9BD4283D-FollowerState was interrupted: java.lang.InterruptedException: sleep interrupted
2019-10-17 06:47:59,930 [7c431f9d-51bc-458b-a3a6-511ec217d887@group-21BA9BD4283D-LeaderElection254] INFO  impl.LeaderElection (LeaderElection.java:logAndReturn(56)) - 7c431f9d-51bc-458b-a3a6-511ec217d887@group-21BA9BD4283D-LeaderElection254: Election TIMEOUT; received 0 response(s) [] and 0 exception(s); 7c431f9d-51bc-458b-a3a6-511ec217d887@group-21BA9BD4283D:t195, leader=null, voted=7c431f9d-51bc-458b-a3a6-511ec217d887, raftlog=7c431f9d-51bc-458b-a3a6-511ec217d887@group-21BA9BD4283D-SegmentedRaftLog:OPENED:c-1,f-1,i0, conf=-1: [67f35358-9777-4ff9-96f4-8a61bc3a94fe:192.168.34.62:37037, 7c431f9d-51bc-458b-a3a6-511ec217d887:192.168.34.62:40420, b9cfa588-8e56-4331-be2f-4c26f25c6739:192.168.34.62:34777], old=null
2019-10-17 06:47:59,942 [7c431f9d-51bc-458b-a3a6-511ec217d887@group-21BA9BD4283D-LeaderElection254] INFO  impl.LeaderElection (LeaderElection.java:askForVotes(178)) - 7c431f9d-51bc-458b-a3a6-511ec217d887@group-21BA9BD4283D-LeaderElection254: begin an election at term 196 for -1: [67f35358-9777-4ff9-96f4-8a61bc3a94fe:192.168.34.62:37037, 7c431f9d-51bc-458b-a3a6-511ec217d887:192.168.34.62:40420, b9cfa588-8e56-4331-be2f-4c26f25c6739:192.168.34.62:34777], old=null
2019-10-17 06:47:59,943 [grpc-default-executor-3] INFO  impl.RaftServerImpl (RaftServerImpl.java:setRole(184)) - 67f35358-9777-4ff9-96f4-8a61bc3a94fe@group-21BA9BD4283D: changes role from  FOLLOWER to FOLLOWER at term 196 for recognizeCandidate:7c431f9d-51bc-458b-a3a6-511ec217d887
2019-10-17 06:47:59,943 [grpc-default-executor-1] INFO  impl.RaftServerImpl (RaftServerImpl.java:setRole(184)) - b9cfa588-8e56-4331-be2f-4c26f25c6739@group-21BA9BD4283D: changes role from  FOLLOWER to FOLLOWER at term 196 for recognizeCandidate:7c431f9d-51bc-458b-a3a6-511ec217d887
2019-10-17 06:47:59,944 [grpc-default-executor-1] INFO  impl.RoleInfo (RoleInfo.java:shutdownFollowerState(121)) - b9cfa588-8e56-4331-be2f-4c26f25c6739: shutdown FollowerState
2019-10-17 06:47:59,944 [grpc-default-executor-3] INFO  impl.RoleInfo (RoleInfo.java:shutdownFollowerState(121)) - 67f35358-9777-4ff9-96f4-8a61bc3a94fe: shutdown FollowerState
2019-10-17 06:47:59,944 [Thread-2449] INFO  impl.FollowerState (FollowerState.java:run(117)) - b9cfa588-8e56-4331-be2f-4c26f25c6739@group-21BA9BD4283D-FollowerState was interrupted: java.lang.InterruptedException: sleep interrupted
2019-10-17 06:47:59,944 [Thread-2450] INFO  impl.FollowerState (FollowerState.java:run(117)) - 67f35358-9777-4ff9-96f4-8a61bc3a94fe@group-21BA9BD4283D-FollowerState was interrupted: java.lang.InterruptedException: sleep interrupted
2019-10-17 06:47:59,944 [grpc-default-executor-1] INFO  impl.RoleInfo (RoleInfo.java:updateAndGet(143)) - b9cfa588-8e56-4331-be2f-4c26f25c6739: start FollowerState
2019-10-17 06:47:59,944 [grpc-default-executor-3] INFO  impl.RoleInfo (RoleInfo.java:updateAndGet(143)) - 67f35358-9777-4ff9-96f4-8a61bc3a94fe: start FollowerState
2019-10-17 06:47:59,957 [7c431f9d-51bc-458b-a3a6-511ec217d887@group-21BA9BD4283D-LeaderElection254] INFO  impl.LeaderElection (LeaderElection.java:logAndReturn(56)) - 7c431f9d-51bc-458b-a3a6-511ec217d887@group-21BA9BD4283D-LeaderElection254: Election REJECTED; received 2 response(s) [7c431f9d-51bc-458b-a3a6-511ec217d887<-67f35358-9777-4ff9-96f4-8a61bc3a94fe#0:FAIL-t196, 7c431f9d-51bc-458b-a3a6-511ec217d887<-b9cfa588-8e56-4331-be2f-4c26f25c6739#0:FAIL-t196] and 0 exception(s); 7c431f9d-51bc-458b-a3a6-511ec217d887@group-21BA9BD4283D:t196, leader=null, voted=7c431f9d-51bc-458b-a3a6-511ec217d887, raftlog=7c431f9d-51bc-458b-a3a6-511ec217d887@group-21BA9BD4283D-SegmentedRaftLog:OPENED:c-1,f-1,i0, conf=-1: [67f35358-9777-4ff9-96f4-8a61bc3a94fe:192.168.34.62:37037, 7c431f9d-51bc-458b-a3a6-511ec217d887:192.168.34.62:40420, b9cfa588-8e56-4331-be2f-4c26f25c6739:192.168.34.62:34777], old=null
2019-10-17 06:47:59,957 [7c431f9d-51bc-458b-a3a6-511ec217d887@group-21BA9BD4283D-LeaderElection254] INFO  impl.RaftServerImpl (RaftServerImpl.java:setRole(184)) - 7c431f9d-51bc-458b-a3a6-511ec217d887@group-21BA9BD4283D: changes role from CANDIDATE to FOLLOWER at term 196 for DISCOVERED_A_NEW_TERM
2019-10-17 06:47:59,958 [7c431f9d-51bc-458b-a3a6-511ec217d887@group-21BA9BD4283D-LeaderElection254] INFO  impl.RoleInfo (RoleInfo.java:shutdownLeaderElection(134)) - 7c431f9d-51bc-458b-a3a6-511ec217d887: shutdown LeaderElection
2019-10-17 06:47:59,958 [7c431f9d-51bc-458b-a3a6-511ec217d887@group-21BA9BD4283D-LeaderElection254] INFO  impl.RoleInfo (RoleInfo.java:updateAndGet(143)) - 7c431f9d-51bc-458b-a3a6-511ec217d887: start FollowerState
2019-10-17 06:47:59,979 [Thread-2455] INFO  impl.FollowerState (FollowerState.java:run(108)) - 7c431f9d-51bc-458b-a3a6-511ec217d887@group-21BA9BD4283D-FollowerState: change to CANDIDATE, lastRpcTime:21ms, electionTimeout:21ms
2019-10-17 06:47:59,979 [Thread-2455] INFO  impl.RoleInfo (RoleInfo.java:shutdownFollowerState(121)) - 7c431f9d-51bc-458b-a3a6-511ec217d887: shutdown FollowerState
2019-10-17 06:47:59,979 [Thread-2455] INFO  impl.RaftServerImpl (RaftServerImpl.java:setRole(184)) - 7c431f9d-51bc-458b-a3a6-511ec217d887@group-21BA9BD4283D: changes role from  FOLLOWER to CANDIDATE at term 196 for changeToCandidate
2019-10-17 06:47:59,979 [Thread-2455] INFO  impl.RoleInfo (RoleInfo.java:updateAndGet(143)) - 7c431f9d-51bc-458b-a3a6-511ec217d887: start LeaderElection
2019-10-17 06:47:59,983 [7c431f9d-51bc-458b-a3a6-511ec217d887@group-21BA9BD4283D-LeaderElection255] INFO  impl.LeaderElection (LeaderElection.java:askForVotes(178)) - 7c431f9d-51bc-458b-a3a6-511ec217d887@group-21BA9BD4283D-LeaderElection255: begin an election at term 197 for -1: [67f35358-9777-4ff9-96f4-8a61bc3a94fe:192.168.34.62:37037, 7c431f9d-51bc-458b-a3a6-511ec217d887:192.168.34.62:40420, b9cfa588-8e56-4331-be2f-4c26f25c6739:192.168.34.62:34777], old=null
2019-10-17 06:47:59,985 [grpc-default-executor-3] INFO  impl.RaftServerImpl (RaftServerImpl.java:setRole(184)) - 67f35358-9777-4ff9-96f4-8a61bc3a94fe@group-21BA9BD4283D: changes role from  FOLLOWER to FOLLOWER at term 197 for recognizeCandidate:7c431f9d-51bc-458b-a3a6-511ec217d887
2019-10-17 06:47:59,985 [grpc-default-executor-1] INFO  impl.RaftServerImpl (RaftServerImpl.java:setRole(184)) - b9cfa588-8e56-4331-be2f-4c26f25c6739@group-21BA9BD4283D: changes role from  FOLLOWER to FOLLOWER at term 197 for recognizeCandidate:7c431f9d-51bc-458b-a3a6-511ec217d887
2019-10-17 06:47:59,985 [grpc-default-executor-3] INFO  impl.RoleInfo (RoleInfo.java:shutdownFollowerState(121)) - 67f35358-9777-4ff9-96f4-8a61bc3a94fe: shutdown FollowerState
2019-10-17 06:47:59,985 [grpc-default-executor-1] INFO  impl.RoleInfo (RoleInfo.java:shutdownFollowerState(121)) - b9cfa588-8e56-4331-be2f-4c26f25c6739: shutdown FollowerState
2019-10-17 06:47:59,985 [grpc-default-executor-3] INFO  impl.RoleInfo (RoleInfo.java:updateAndGet(143)) - 67f35358-9777-4ff9-96f4-8a61bc3a94fe: start FollowerState
2019-10-17 06:47:59,985 [Thread-2454] INFO  impl.FollowerState (FollowerState.java:run(117)) - 67f35358-9777-4ff9-96f4-8a61bc3a94fe@group-21BA9BD4283D-FollowerState was interrupted: java.lang.InterruptedException: sleep interrupted
2019-10-17 06:47:59,985 [grpc-default-executor-1] INFO  impl.RoleInfo (RoleInfo.java:updateAndGet(143)) - b9cfa588-8e56-4331-be2f-4c26f25c6739: start FollowerState
2019-10-17 06:47:59,985 [Thread-2453] INFO  impl.FollowerState (FollowerState.java:run(117)) - b9cfa588-8e56-4331-be2f-4c26f25c6739@group-21BA9BD4283D-FollowerState was interrupted: java.lang.InterruptedException: sleep interrupted
2019-10-17 06:48:00,007 [7c431f9d-51bc-458b-a3a6-511ec217d887@group-21BA9BD4283D-LeaderElection255] INFO  impl.LeaderElection (LeaderElection.java:logAndReturn(56)) - 7c431f9d-51bc-458b-a3a6-511ec217d887@group-21BA9BD4283D-LeaderElection255: Election REJECTED; received 2 response(s) [7c431f9d-51bc-458b-a3a6-511ec217d887<-67f35358-9777-4ff9-96f4-8a61bc3a94fe#0:FAIL-t197, 7c431f9d-51bc-458b-a3a6-511ec217d887<-b9cfa588-8e56-4331-be2f-4c26f25c6739#0:FAIL-t197] and 0 exception(s); 7c431f9d-51bc-458b-a3a6-511ec217d887@group-21BA9BD4283D:t197, leader=null, voted=7c431f9d-51bc-458b-a3a6-511ec217d887, raftlog=7c431f9d-51bc-458b-a3a6-511ec217d887@group-21BA9BD4283D-SegmentedRaftLog:OPENED:c-1,f-1,i0, conf=-1: [67f35358-9777-4ff9-96f4-8a61bc3a94fe:192.168.34.62:37037, 7c431f9d-51bc-458b-a3a6-511ec217d887:192.168.34.62:40420, b9cfa588-8e56-4331-be2f-4c26f25c6739:192.168.34.62:34777], old=null
2019-10-17 06:48:00,007 [7c431f9d-51bc-458b-a3a6-511ec217d887@group-21BA9BD4283D-LeaderElection255] INFO  impl.RaftServerImpl (RaftServerImpl.java:setRole(184)) - 7c431f9d-51bc-458b-a3a6-511ec217d887@group-21BA9BD4283D: changes role from CANDIDATE to FOLLOWER at term 197 for DISCOVERED_A_NEW_TERM
2019-10-17 06:48:00,007 [7c431f9d-51bc-458b-a3a6-511ec217d887@group-21BA9BD4283D-LeaderElection255] INFO  impl.RoleInfo (RoleInfo.java:shutdownLeaderElection(134)) - 7c431f9d-51bc-458b-a3a6-511ec217d887: shutdown LeaderElection
2019-10-17 06:48:00,007 [7c431f9d-51bc-458b-a3a6-511ec217d887@group-21BA9BD4283D-LeaderElection255] INFO  impl.RoleInfo (RoleInfo.java:updateAndGet(143)) - 7c431f9d-51bc-458b-a3a6-511ec217d887: start FollowerState
2019-10-17 06:48:00,081 [Thread-2461] INFO  impl.FollowerState (FollowerState.java:run(108)) - 7c431f9d-51bc-458b-a3a6-511ec217d887@group-21BA9BD4283D-FollowerState: change to CANDIDATE, lastRpcTime:73ms, electionTimeout:73ms
2019-10-17 06:48:00,081 [Thread-2461] INFO  impl.RoleInfo (RoleInfo.java:shutdownFollowerState(121)) - 7c431f9d-51bc-458b-a3a6-511ec217d887: shutdown FollowerState
2019-10-17 06:48:00,081 [Thread-2461] INFO  impl.RaftServerImpl (RaftServerImpl.java:setRole(184)) - 7c431f9d-51bc-458b-a3a6-511ec217d887@group-21BA9BD4283D: changes role from  FOLLOWER to CANDIDATE at term 197 for changeToCandidate
2019-10-17 06:48:00,081 [Thread-2461] INFO  impl.RoleInfo (RoleInfo.java:updateAndGet(143)) - 7c431f9d-51bc-458b-a3a6-511ec217d887: start LeaderElection
2019-10-17 06:48:00,098 [7c431f9d-51bc-458b-a3a6-511ec217d887@group-21BA9BD4283D-LeaderElection256] INFO  impl.LeaderElection (LeaderElection.java:askForVotes(178)) - 7c431f9d-51bc-458b-a3a6-511ec217d887@group-21BA9BD4283D-LeaderElection256: begin an election at term 198 for -1: [67f35358-9777-4ff9-96f4-8a61bc3a94fe:192.168.34.62:37037, 7c431f9d-51bc-458b-a3a6-511ec217d887:192.168.34.62:40420, b9cfa588-8e56-4331-be2f-4c26f25c6739:192.168.34.62:34777], old=null
2019-10-17 06:48:00,100 [grpc-default-executor-1] INFO  impl.RaftServerImpl (RaftServerImpl.java:setRole(184)) - 67f35358-9777-4ff9-96f4-8a61bc3a94fe@group-21BA9BD4283D: changes role from  FOLLOWER to FOLLOWER at term 198 for recognizeCandidate:7c431f9d-51bc-458b-a3a6-511ec217d887
2019-10-17 06:48:00,100 [grpc-default-executor-1] INFO  impl.RoleInfo (RoleInfo.java:shutdownFollowerState(121)) - 67f35358-9777-4ff9-96f4-8a61bc3a94fe: shutdown FollowerState
2019-10-17 06:48:00,100 [main] INFO  ozone.MiniOzoneClusterImpl (MiniOzoneClusterImpl.java:lambda$waitForClusterToBeReady$2(164)) - Waiting for 1 number of pipelines out of 4, to report a leader.
2019-10-17 06:48:00,100 [Thread-2459] INFO  impl.FollowerState (FollowerState.java:run(117)) - 67f35358-9777-4ff9-96f4-8a61bc3a94fe@group-21BA9BD4283D-FollowerState was interrupted: java.lang.InterruptedException: sleep interrupted
2019-10-17 06:48:00,100 [grpc-default-executor-3] INFO  impl.RaftServerImpl (RaftServerImpl.java:setRole(184)) - b9cfa588-8e56-4331-be2f-4c26f25c6739@group-21BA9BD4283D: changes role from  FOLLOWER to FOLLOWER at term 198 for recognizeCandidate:7c431f9d-51bc-458b-a3a6-511ec217d887
2019-10-17 06:48:00,100 [grpc-default-executor-1] INFO  impl.RoleInfo (RoleInfo.java:updateAndGet(143)) - 67f35358-9777-4ff9-96f4-8a61bc3a94fe: start FollowerState
2019-10-17 06:48:00,101 [grpc-default-executor-3] INFO  impl.RoleInfo (RoleInfo.java:shutdownFollowerState(121)) - b9cfa588-8e56-4331-be2f-4c26f25c6739: shutdown FollowerState
2019-10-17 06:48:00,101 [grpc-default-executor-3] INFO  impl.RoleInfo (RoleInfo.java:updateAndGet(143)) - b9cfa588-8e56-4331-be2f-4c26f25c6739: start FollowerState
2019-10-17 06:48:00,101 [Thread-2460] INFO  impl.FollowerState (FollowerState.java:run(117)) - b9cfa588-8e56-4331-be2f-4c26f25c6739@group-21BA9BD4283D-FollowerState was interrupted: java.lang.InterruptedException: sleep interrupted
2019-10-17 06:48:00,114 [7c431f9d-51bc-458b-a3a6-511ec217d887@group-21BA9BD4283D-LeaderElection256] INFO  impl.LeaderElection (LeaderElection.java:logAndReturn(56)) - 7c431f9d-51bc-458b-a3a6-511ec217d887@group-21BA9BD4283D-LeaderElection256: Election REJECTED; received 2 response(s) [7c431f9d-51bc-458b-a3a6-511ec217d887<-67f35358-9777-4ff9-96f4-8a61bc3a94fe#0:FAIL-t198, 7c431f9d-51bc-458b-a3a6-511ec217d887<-b9cfa588-8e56-4331-be2f-4c26f25c6739#0:FAIL-t198] and 0 exception(s); 7c431f9d-51bc-458b-a3a6-511ec217d887@group-21BA9BD4283D:t198, leader=null, voted=7c431f9d-51bc-458b-a3a6-511ec217d887, raftlog=7c431f9d-51bc-458b-a3a6-511ec217d887@group-21BA9BD4283D-SegmentedRaftLog:OPENED:c-1,f-1,i0, conf=-1: [67f35358-9777-4ff9-96f4-8a61bc3a94fe:192.168.34.62:37037, 7c431f9d-51bc-458b-a3a6-511ec217d887:192.168.34.62:40420, b9cfa588-8e56-4331-be2f-4c26f25c6739:192.168.34.62:34777], old=null
2019-10-17 06:48:00,114 [7c431f9d-51bc-458b-a3a6-511ec217d887@group-21BA9BD4283D-LeaderElection256] INFO  impl.RaftServerImpl (RaftServerImpl.java:setRole(184)) - 7c431f9d-51bc-458b-a3a6-511ec217d887@group-21BA9BD4283D: changes role from CANDIDATE to FOLLOWER at term 198 for DISCOVERED_A_NEW_TERM
2019-10-17 06:48:00,114 [7c431f9d-51bc-458b-a3a6-511ec217d887@group-21BA9BD4283D-LeaderElection256] INFO  impl.RoleInfo (RoleInfo.java:shutdownLeaderElection(134)) - 7c431f9d-51bc-458b-a3a6-511ec217d887: shutdown LeaderElection
2019-10-17 06:48:00,114 [7c431f9d-51bc-458b-a3a6-511ec217d887@group-21BA9BD4283D-LeaderElection256] INFO  impl.RoleInfo (RoleInfo.java:updateAndGet(143)) - 7c431f9d-51bc-458b-a3a6-511ec217d887: start FollowerState
2019-10-17 06:48:00,124 [Thread-2467] INFO  impl.FollowerState (FollowerState.java:run(108)) - 7c431f9d-51bc-458b-a3a6-511ec217d887@group-21BA9BD4283D-FollowerState: change to CANDIDATE, lastRpcTime:9ms, electionTimeout:9ms
2019-10-17 06:48:00,124 [Thread-2467] INFO  impl.RoleInfo (RoleInfo.java:shutdownFollowerState(121)) - 7c431f9d-51bc-458b-a3a6-511ec217d887: shutdown FollowerState
2019-10-17 06:48:00,124 [Thread-2467] INFO  impl.RaftServerImpl (RaftServerImpl.java:setRole(184)) - 7c431f9d-51bc-458b-a3a6-511ec217d887@group-21BA9BD4283D: changes role from  FOLLOWER to CANDIDATE at term 198 for changeToCandidate
2019-10-17 06:48:00,124 [Thread-2467] INFO  impl.RoleInfo (RoleInfo.java:updateAndGet(143)) - 7c431f9d-51bc-458b-a3a6-511ec217d887: start LeaderElection
2019-10-17 06:48:00,137 [7c431f9d-51bc-458b-a3a6-511ec217d887@group-21BA9BD4283D-LeaderElection257] INFO  impl.LeaderElection (LeaderElection.java:askForVotes(178)) - 7c431f9d-51bc-458b-a3a6-511ec217d887@group-21BA9BD4283D-LeaderElection257: begin an election at term 199 for -1: [67f35358-9777-4ff9-96f4-8a61bc3a94fe:192.168.34.62:37037, 7c431f9d-51bc-458b-a3a6-511ec217d887:192.168.34.62:40420, b9cfa588-8e56-4331-be2f-4c26f25c6739:192.168.34.62:34777], old=null
2019-10-17 06:48:00,139 [grpc-default-executor-3] INFO  impl.RaftServerImpl (RaftServerImpl.java:setRole(184)) - 67f35358-9777-4ff9-96f4-8a61bc3a94fe@group-21BA9BD4283D: changes role from  FOLLOWER to FOLLOWER at term 199 for recognizeCandidate:7c431f9d-51bc-458b-a3a6-511ec217d887
2019-10-17 06:48:00,139 [grpc-default-executor-1] INFO  impl.RaftServerImpl (RaftServerImpl.java:setRole(184)) - b9cfa588-8e56-4331-be2f-4c26f25c6739@group-21BA9BD4283D: changes role from  FOLLOWER to FOLLOWER at term 199 for recognizeCandidate:7c431f9d-51bc-458b-a3a6-511ec217d887
2019-10-17 06:48:00,140 [grpc-default-executor-1] INFO  impl.RoleInfo (RoleInfo.java:shutdownFollowerState(121)) - b9cfa588-8e56-4331-be2f-4c26f25c6739: shutdown FollowerState
2019-10-17 06:48:00,139 [grpc-default-executor-3] INFO  impl.RoleInfo (RoleInfo.java:shutdownFollowerState(121)) - 67f35358-9777-4ff9-96f4-8a61bc3a94fe: shutdown FollowerState
2019-10-17 06:48:00,140 [grpc-default-executor-1] INFO  impl.RoleInfo (RoleInfo.java:updateAndGet(143)) - b9cfa588-8e56-4331-be2f-4c26f25c6739: start FollowerState
2019-10-17 06:48:00,140 [grpc-default-executor-3] INFO  impl.RoleInfo (RoleInfo.java:updateAndGet(143)) - 67f35358-9777-4ff9-96f4-8a61bc3a94fe: start FollowerState
2019-10-17 06:48:00,140 [Thread-2466] INFO  impl.FollowerState (FollowerState.java:run(117)) - b9cfa588-8e56-4331-be2f-4c26f25c6739@group-21BA9BD4283D-FollowerState was interrupted: java.lang.InterruptedException: sleep interrupted
2019-10-17 06:48:00,140 [Thread-2465] INFO  impl.FollowerState (FollowerState.java:run(117)) - 67f35358-9777-4ff9-96f4-8a61bc3a94fe@group-21BA9BD4283D-FollowerState was interrupted: java.lang.InterruptedException: sleep interrupted
2019-10-17 06:48:00,152 [7c431f9d-51bc-458b-a3a6-511ec217d887@group-21BA9BD4283D-LeaderElection257] INFO  impl.LeaderElection (LeaderElection.java:logAndReturn(56)) - 7c431f9d-51bc-458b-a3a6-511ec217d887@group-21BA9BD4283D-LeaderElection257: Election REJECTED; received 2 response(s) [7c431f9d-51bc-458b-a3a6-511ec217d887<-67f35358-9777-4ff9-96f4-8a61bc3a94fe#0:FAIL-t199, 7c431f9d-51bc-458b-a3a6-511ec217d887<-b9cfa588-8e56-4331-be2f-4c26f25c6739#0:FAIL-t199] and 0 exception(s); 7c431f9d-51bc-458b-a3a6-511ec217d887@group-21BA9BD4283D:t199, leader=null, voted=7c431f9d-51bc-458b-a3a6-511ec217d887, raftlog=7c431f9d-51bc-458b-a3a6-511ec217d887@group-21BA9BD4283D-SegmentedRaftLog:OPENED:c-1,f-1,i0, conf=-1: [67f35358-9777-4ff9-96f4-8a61bc3a94fe:192.168.34.62:37037, 7c431f9d-51bc-458b-a3a6-511ec217d887:192.168.34.62:40420, b9cfa588-8e56-4331-be2f-4c26f25c6739:192.168.34.62:34777], old=null
2019-10-17 06:48:00,152 [7c431f9d-51bc-458b-a3a6-511ec217d887@group-21BA9BD4283D-LeaderElection257] INFO  impl.RaftServerImpl (RaftServerImpl.java:setRole(184)) - 7c431f9d-51bc-458b-a3a6-511ec217d887@group-21BA9BD4283D: changes role from CANDIDATE to FOLLOWER at term 199 for DISCOVERED_A_NEW_TERM
2019-10-17 06:48:00,152 [7c431f9d-51bc-458b-a3a6-511ec217d887@group-21BA9BD4283D-LeaderElection257] INFO  impl.RoleInfo (RoleInfo.java:shutdownLeaderElection(134)) - 7c431f9d-51bc-458b-a3a6-511ec217d887: shutdown LeaderElection
2019-10-17 06:48:00,153 [7c431f9d-51bc-458b-a3a6-511ec217d887@group-21BA9BD4283D-LeaderElection257] INFO  impl.RoleInfo (RoleInfo.java:updateAndGet(143)) - 7c431f9d-51bc-458b-a3a6-511ec217d887: start FollowerState
2019-10-17 06:48:00,298 [Thread-2473] INFO  impl.FollowerState (FollowerState.java:run(108)) - 7c431f9d-51bc-458b-a3a6-511ec217d887@group-21BA9BD4283D-FollowerState: change to CANDIDATE, lastRpcTime:145ms, electionTimeout:145ms
2019-10-17 06:48:00,298 [Thread-2473] INFO  impl.RoleInfo (RoleInfo.java:shutdownFollowerState(121)) - 7c431f9d-51bc-458b-a3a6-511ec217d887: shutdown FollowerState
2019-10-17 06:48:00,298 [Thread-2473] INFO  impl.RaftServerImpl (RaftServerImpl.java:setRole(184)) - 7c431f9d-51bc-458b-a3a6-511ec217d887@group-21BA9BD4283D: changes role from  FOLLOWER to CANDIDATE at term 199 for changeToCandidate
2019-10-17 06:48:00,298 [Thread-2473] INFO  impl.RoleInfo (RoleInfo.java:updateAndGet(143)) - 7c431f9d-51bc-458b-a3a6-511ec217d887: start LeaderElection
2019-10-17 06:48:00,312 [7c431f9d-51bc-458b-a3a6-511ec217d887@group-21BA9BD4283D-LeaderElection258] INFO  impl.LeaderElection (LeaderElection.java:askForVotes(178)) - 7c431f9d-51bc-458b-a3a6-511ec217d887@group-21BA9BD4283D-LeaderElection258: begin an election at term 200 for -1: [67f35358-9777-4ff9-96f4-8a61bc3a94fe:192.168.34.62:37037, 7c431f9d-51bc-458b-a3a6-511ec217d887:192.168.34.62:40420, b9cfa588-8e56-4331-be2f-4c26f25c6739:192.168.34.62:34777], old=null
2019-10-17 06:48:00,314 [grpc-default-executor-1] INFO  impl.RaftServerImpl (RaftServerImpl.java:setRole(184)) - 67f35358-9777-4ff9-96f4-8a61bc3a94fe@group-21BA9BD4283D: changes role from  FOLLOWER to FOLLOWER at term 200 for recognizeCandidate:7c431f9d-51bc-458b-a3a6-511ec217d887
2019-10-17 06:48:00,314 [grpc-default-executor-1] INFO  impl.RoleInfo (RoleInfo.java:shutdownFollowerState(121)) - 67f35358-9777-4ff9-96f4-8a61bc3a94fe: shutdown FollowerState
2019-10-17 06:48:00,314 [grpc-default-executor-3] INFO  impl.RaftServerImpl (RaftServerImpl.java:setRole(184)) - b9cfa588-8e56-4331-be2f-4c26f25c6739@group-21BA9BD4283D: changes role from  FOLLOWER to FOLLOWER at term 200 for recognizeCandidate:7c431f9d-51bc-458b-a3a6-511ec217d887
2019-10-17 06:48:00,314 [grpc-default-executor-3] INFO  impl.RoleInfo (RoleInfo.java:shutdownFollowerState(121)) - b9cfa588-8e56-4331-be2f-4c26f25c6739: shutdown FollowerState
2019-10-17 06:48:00,314 [grpc-default-executor-1] INFO  impl.RoleInfo (RoleInfo.java:updateAndGet(143)) - 67f35358-9777-4ff9-96f4-8a61bc3a94fe: start FollowerState
2019-10-17 06:48:00,314 [Thread-2471] INFO  impl.FollowerState (FollowerState.java:run(117)) - b9cfa588-8e56-4331-be2f-4c26f25c6739@group-21BA9BD4283D-FollowerState was interrupted: java.lang.InterruptedException: sleep interrupted
2019-10-17 06:48:00,314 [grpc-default-executor-3] INFO  impl.RoleInfo (RoleInfo.java:updateAndGet(143)) - b9cfa588-8e56-4331-be2f-4c26f25c6739: start FollowerState
2019-10-17 06:48:00,314 [Thread-2472] INFO  impl.FollowerState (FollowerState.java:run(117)) - 67f35358-9777-4ff9-96f4-8a61bc3a94fe@group-21BA9BD4283D-FollowerState was interrupted: java.lang.InterruptedException: sleep interrupted
2019-10-17 06:48:00,339 [7c431f9d-51bc-458b-a3a6-511ec217d887@group-21BA9BD4283D-LeaderElection258] INFO  impl.LeaderElection (LeaderElection.java:logAndReturn(56)) - 7c431f9d-51bc-458b-a3a6-511ec217d887@group-21BA9BD4283D-LeaderElection258: Election REJECTED; received 2 response(s) [7c431f9d-51bc-458b-a3a6-511ec217d887<-67f35358-9777-4ff9-96f4-8a61bc3a94fe#0:FAIL-t200, 7c431f9d-51bc-458b-a3a6-511ec217d887<-b9cfa588-8e56-4331-be2f-4c26f25c6739#0:FAIL-t200] and 0 exception(s); 7c431f9d-51bc-458b-a3a6-511ec217d887@group-21BA9BD4283D:t200, leader=null, voted=7c431f9d-51bc-458b-a3a6-511ec217d887, raftlog=7c431f9d-51bc-458b-a3a6-511ec217d887@group-21BA9BD4283D-SegmentedRaftLog:OPENED:c-1,f-1,i0, conf=-1: [67f35358-9777-4ff9-96f4-8a61bc3a94fe:192.168.34.62:37037, 7c431f9d-51bc-458b-a3a6-511ec217d887:192.168.34.62:40420, b9cfa588-8e56-4331-be2f-4c26f25c6739:192.168.34.62:34777], old=null
2019-10-17 06:48:00,339 [7c431f9d-51bc-458b-a3a6-511ec217d887@group-21BA9BD4283D-LeaderElection258] INFO  impl.RaftServerImpl (RaftServerImpl.java:setRole(184)) - 7c431f9d-51bc-458b-a3a6-511ec217d887@group-21BA9BD4283D: changes role from CANDIDATE to FOLLOWER at term 200 for DISCOVERED_A_NEW_TERM
2019-10-17 06:48:00,339 [7c431f9d-51bc-458b-a3a6-511ec217d887@group-21BA9BD4283D-LeaderElection258] INFO  impl.RoleInfo (RoleInfo.java:shutdownLeaderElection(134)) - 7c431f9d-51bc-458b-a3a6-511ec217d887: shutdown LeaderElection
2019-10-17 06:48:00,339 [7c431f9d-51bc-458b-a3a6-511ec217d887@group-21BA9BD4283D-LeaderElection258] INFO  impl.RoleInfo (RoleInfo.java:updateAndGet(143)) - 7c431f9d-51bc-458b-a3a6-511ec217d887: start FollowerState
2019-10-17 06:48:00,347 [Thread-2479] INFO  impl.FollowerState (FollowerState.java:run(108)) - 7c431f9d-51bc-458b-a3a6-511ec217d887@group-21BA9BD4283D-FollowerState: change to CANDIDATE, lastRpcTime:8ms, electionTimeout:8ms
2019-10-17 06:48:00,347 [Thread-2479] INFO  impl.RoleInfo (RoleInfo.java:shutdownFollowerState(121)) - 7c431f9d-51bc-458b-a3a6-511ec217d887: shutdown FollowerState
2019-10-17 06:48:00,348 [Thread-2479] INFO  impl.RaftServerImpl (RaftServerImpl.java:setRole(184)) - 7c431f9d-51bc-458b-a3a6-511ec217d887@group-21BA9BD4283D: changes role from  FOLLOWER to CANDIDATE at term 200 for changeToCandidate
2019-10-17 06:48:00,348 [Thread-2479] INFO  impl.RoleInfo (RoleInfo.java:updateAndGet(143)) - 7c431f9d-51bc-458b-a3a6-511ec217d887: start LeaderElection
2019-10-17 06:48:00,361 [7c431f9d-51bc-458b-a3a6-511ec217d887@group-21BA9BD4283D-LeaderElection259] INFO  impl.LeaderElection (LeaderElection.java:askForVotes(178)) - 7c431f9d-51bc-458b-a3a6-511ec217d887@group-21BA9BD4283D-LeaderElection259: begin an election at term 201 for -1: [67f35358-9777-4ff9-96f4-8a61bc3a94fe:192.168.34.62:37037, 7c431f9d-51bc-458b-a3a6-511ec217d887:192.168.34.62:40420, b9cfa588-8e56-4331-be2f-4c26f25c6739:192.168.34.62:34777], old=null
2019-10-17 06:48:00,363 [grpc-default-executor-1] INFO  impl.RaftServerImpl (RaftServerImpl.java:setRole(184)) - 67f35358-9777-4ff9-96f4-8a61bc3a94fe@group-21BA9BD4283D: changes role from  FOLLOWER to FOLLOWER at term 201 for recognizeCandidate:7c431f9d-51bc-458b-a3a6-511ec217d887
2019-10-17 06:48:00,363 [grpc-default-executor-1] INFO  impl.RoleInfo (RoleInfo.java:shutdownFollowerState(121)) - 67f35358-9777-4ff9-96f4-8a61bc3a94fe: shutdown FollowerState
2019-10-17 06:48:00,363 [grpc-default-executor-1] INFO  impl.RoleInfo (RoleInfo.java:updateAndGet(143)) - 67f35358-9777-4ff9-96f4-8a61bc3a94fe: start FollowerState
2019-10-17 06:48:00,363 [Thread-2477] INFO  impl.FollowerState (FollowerState.java:run(117)) - 67f35358-9777-4ff9-96f4-8a61bc3a94fe@group-21BA9BD4283D-FollowerState was interrupted: java.lang.InterruptedException: sleep interrupted
2019-10-17 06:48:00,363 [grpc-default-executor-3] INFO  impl.RaftServerImpl (RaftServerImpl.java:setRole(184)) - b9cfa588-8e56-4331-be2f-4c26f25c6739@group-21BA9BD4283D: changes role from  FOLLOWER to FOLLOWER at term 201 for recognizeCandidate:7c431f9d-51bc-458b-a3a6-511ec217d887
2019-10-17 06:48:00,363 [grpc-default-executor-3] INFO  impl.RoleInfo (RoleInfo.java:shutdownFollowerState(121)) - b9cfa588-8e56-4331-be2f-4c26f25c6739: shutdown FollowerState
2019-10-17 06:48:00,363 [grpc-default-executor-3] INFO  impl.RoleInfo (RoleInfo.java:updateAndGet(143)) - b9cfa588-8e56-4331-be2f-4c26f25c6739: start FollowerState
2019-10-17 06:48:00,363 [Thread-2478] INFO  impl.FollowerState (FollowerState.java:run(117)) - b9cfa588-8e56-4331-be2f-4c26f25c6739@group-21BA9BD4283D-FollowerState was interrupted: java.lang.InterruptedException: sleep interrupted
2019-10-17 06:48:00,379 [7c431f9d-51bc-458b-a3a6-511ec217d887@group-21BA9BD4283D-LeaderElection259] INFO  impl.LeaderElection (LeaderElection.java:logAndReturn(56)) - 7c431f9d-51bc-458b-a3a6-511ec217d887@group-21BA9BD4283D-LeaderElection259: Election REJECTED; received 2 response(s) [7c431f9d-51bc-458b-a3a6-511ec217d887<-67f35358-9777-4ff9-96f4-8a61bc3a94fe#0:FAIL-t201, 7c431f9d-51bc-458b-a3a6-511ec217d887<-b9cfa588-8e56-4331-be2f-4c26f25c6739#0:FAIL-t201] and 0 exception(s); 7c431f9d-51bc-458b-a3a6-511ec217d887@group-21BA9BD4283D:t201, leader=null, voted=7c431f9d-51bc-458b-a3a6-511ec217d887, raftlog=7c431f9d-51bc-458b-a3a6-511ec217d887@group-21BA9BD4283D-SegmentedRaftLog:OPENED:c-1,f-1,i0, conf=-1: [67f35358-9777-4ff9-96f4-8a61bc3a94fe:192.168.34.62:37037, 7c431f9d-51bc-458b-a3a6-511ec217d887:192.168.34.62:40420, b9cfa588-8e56-4331-be2f-4c26f25c6739:192.168.34.62:34777], old=null
2019-10-17 06:48:00,379 [7c431f9d-51bc-458b-a3a6-511ec217d887@group-21BA9BD4283D-LeaderElection259] INFO  impl.RaftServerImpl (RaftServerImpl.java:setRole(184)) - 7c431f9d-51bc-458b-a3a6-511ec217d887@group-21BA9BD4283D: changes role from CANDIDATE to FOLLOWER at term 201 for DISCOVERED_A_NEW_TERM
2019-10-17 06:48:00,379 [7c431f9d-51bc-458b-a3a6-511ec217d887@group-21BA9BD4283D-LeaderElection259] INFO  impl.RoleInfo (RoleInfo.java:shutdownLeaderElection(134)) - 7c431f9d-51bc-458b-a3a6-511ec217d887: shutdown LeaderElection
2019-10-17 06:48:00,379 [7c431f9d-51bc-458b-a3a6-511ec217d887@group-21BA9BD4283D-LeaderElection259] INFO  impl.RoleInfo (RoleInfo.java:updateAndGet(143)) - 7c431f9d-51bc-458b-a3a6-511ec217d887: start FollowerState
2019-10-17 06:48:00,459 [Thread-2485] INFO  impl.FollowerState (FollowerState.java:run(108)) - 7c431f9d-51bc-458b-a3a6-511ec217d887@group-21BA9BD4283D-FollowerState: change to CANDIDATE, lastRpcTime:79ms, electionTimeout:79ms
2019-10-17 06:48:00,459 [Thread-2485] INFO  impl.RoleInfo (RoleInfo.java:shutdownFollowerState(121)) - 7c431f9d-51bc-458b-a3a6-511ec217d887: shutdown FollowerState
2019-10-17 06:48:00,459 [Thread-2485] INFO  impl.RaftServerImpl (RaftServerImpl.java:setRole(184)) - 7c431f9d-51bc-458b-a3a6-511ec217d887@group-21BA9BD4283D: changes role from  FOLLOWER to CANDIDATE at term 201 for changeToCandidate
2019-10-17 06:48:00,459 [Thread-2485] INFO  impl.RoleInfo (RoleInfo.java:updateAndGet(143)) - 7c431f9d-51bc-458b-a3a6-511ec217d887: start LeaderElection
2019-10-17 06:48:00,491 [7c431f9d-51bc-458b-a3a6-511ec217d887@group-21BA9BD4283D-LeaderElection260] INFO  impl.LeaderElection (LeaderElection.java:askForVotes(178)) - 7c431f9d-51bc-458b-a3a6-511ec217d887@group-21BA9BD4283D-LeaderElection260: begin an election at term 202 for -1: [67f35358-9777-4ff9-96f4-8a61bc3a94fe:192.168.34.62:37037, 7c431f9d-51bc-458b-a3a6-511ec217d887:192.168.34.62:40420, b9cfa588-8e56-4331-be2f-4c26f25c6739:192.168.34.62:34777], old=null
2019-10-17 06:48:00,493 [grpc-default-executor-1] INFO  impl.RaftServerImpl (RaftServerImpl.java:setRole(184)) - 67f35358-9777-4ff9-96f4-8a61bc3a94fe@group-21BA9BD4283D: changes role from  FOLLOWER to FOLLOWER at term 202 for recognizeCandidate:7c431f9d-51bc-458b-a3a6-511ec217d887
2019-10-17 06:48:00,494 [grpc-default-executor-1] INFO  impl.RoleInfo (RoleInfo.java:shutdownFollowerState(121)) - 67f35358-9777-4ff9-96f4-8a61bc3a94fe: shutdown FollowerState
2019-10-17 06:48:00,493 [grpc-default-executor-3] INFO  impl.RaftServerImpl (RaftServerImpl.java:setRole(184)) - b9cfa588-8e56-4331-be2f-4c26f25c6739@group-21BA9BD4283D: changes role from  FOLLOWER to FOLLOWER at term 202 for recognizeCandidate:7c431f9d-51bc-458b-a3a6-511ec217d887
2019-10-17 06:48:00,494 [grpc-default-executor-3] INFO  impl.RoleInfo (RoleInfo.java:shutdownFollowerState(121)) - b9cfa588-8e56-4331-be2f-4c26f25c6739: shutdown FollowerState
2019-10-17 06:48:00,494 [Thread-2483] INFO  impl.FollowerState (FollowerState.java:run(117)) - 67f35358-9777-4ff9-96f4-8a61bc3a94fe@group-21BA9BD4283D-FollowerState was interrupted: java.lang.InterruptedException: sleep interrupted
2019-10-17 06:48:00,494 [Thread-2484] INFO  impl.FollowerState (FollowerState.java:run(117)) - b9cfa588-8e56-4331-be2f-4c26f25c6739@group-21BA9BD4283D-FollowerState was interrupted: java.lang.InterruptedException: sleep interrupted
2019-10-17 06:48:00,494 [grpc-default-executor-1] INFO  impl.RoleInfo (RoleInfo.java:updateAndGet(143)) - 67f35358-9777-4ff9-96f4-8a61bc3a94fe: start FollowerState
2019-10-17 06:48:00,494 [grpc-default-executor-3] INFO  impl.RoleInfo (RoleInfo.java:updateAndGet(143)) - b9cfa588-8e56-4331-be2f-4c26f25c6739: start FollowerState
2019-10-17 06:48:00,497 [7c431f9d-51bc-458b-a3a6-511ec217d887@group-21BA9BD4283D-LeaderElection260] INFO  impl.LeaderElection (LeaderElection.java:logAndReturn(56)) - 7c431f9d-51bc-458b-a3a6-511ec217d887@group-21BA9BD4283D-LeaderElection260: Election TIMEOUT; received 0 response(s) [] and 0 exception(s); 7c431f9d-51bc-458b-a3a6-511ec217d887@group-21BA9BD4283D:t202, leader=null, voted=7c431f9d-51bc-458b-a3a6-511ec217d887, raftlog=7c431f9d-51bc-458b-a3a6-511ec217d887@group-21BA9BD4283D-SegmentedRaftLog:OPENED:c-1,f-1,i0, conf=-1: [67f35358-9777-4ff9-96f4-8a61bc3a94fe:192.168.34.62:37037, 7c431f9d-51bc-458b-a3a6-511ec217d887:192.168.34.62:40420, b9cfa588-8e56-4331-be2f-4c26f25c6739:192.168.34.62:34777], old=null
2019-10-17 06:48:00,507 [7c431f9d-51bc-458b-a3a6-511ec217d887@group-21BA9BD4283D-LeaderElection260] INFO  impl.LeaderElection (LeaderElection.java:askForVotes(178)) - 7c431f9d-51bc-458b-a3a6-511ec217d887@group-21BA9BD4283D-LeaderElection260: begin an election at term 203 for -1: [67f35358-9777-4ff9-96f4-8a61bc3a94fe:192.168.34.62:37037, 7c431f9d-51bc-458b-a3a6-511ec217d887:192.168.34.62:40420, b9cfa588-8e56-4331-be2f-4c26f25c6739:192.168.34.62:34777], old=null
2019-10-17 06:48:00,509 [grpc-default-executor-3] INFO  impl.RaftServerImpl (RaftServerImpl.java:setRole(184)) - 67f35358-9777-4ff9-96f4-8a61bc3a94fe@group-21BA9BD4283D: changes role from  FOLLOWER to FOLLOWER at term 203 for recognizeCandidate:7c431f9d-51bc-458b-a3a6-511ec217d887
2019-10-17 06:48:00,509 [grpc-default-executor-3] INFO  impl.RoleInfo (RoleInfo.java:shutdownFollowerState(121)) - 67f35358-9777-4ff9-96f4-8a61bc3a94fe: shutdown FollowerState
2019-10-17 06:48:00,509 [grpc-default-executor-3] INFO  impl.RoleInfo (RoleInfo.java:updateAndGet(143)) - 67f35358-9777-4ff9-96f4-8a61bc3a94fe: start FollowerState
2019-10-17 06:48:00,509 [Thread-2489] INFO  impl.FollowerState (FollowerState.java:run(117)) - 67f35358-9777-4ff9-96f4-8a61bc3a94fe@group-21BA9BD4283D-FollowerState was interrupted: java.lang.InterruptedException: sleep interrupted
2019-10-17 06:48:00,509 [grpc-default-executor-1] INFO  impl.RaftServerImpl (RaftServerImpl.java:setRole(184)) - b9cfa588-8e56-4331-be2f-4c26f25c6739@group-21BA9BD4283D: changes role from  FOLLOWER to FOLLOWER at term 203 for recognizeCandidate:7c431f9d-51bc-458b-a3a6-511ec217d887
2019-10-17 06:48:00,509 [grpc-default-executor-1] INFO  impl.RoleInfo (RoleInfo.java:shutdownFollowerState(121)) - b9cfa588-8e56-4331-be2f-4c26f25c6739: shutdown FollowerState
2019-10-17 06:48:00,510 [grpc-default-executor-1] INFO  impl.RoleInfo (RoleInfo.java:updateAndGet(143)) - b9cfa588-8e56-4331-be2f-4c26f25c6739: start FollowerState
2019-10-17 06:48:00,510 [Thread-2490] INFO  impl.FollowerState (FollowerState.java:run(117)) - b9cfa588-8e56-4331-be2f-4c26f25c6739@group-21BA9BD4283D-FollowerState was interrupted: java.lang.InterruptedException: sleep interrupted
2019-10-17 06:48:00,541 [7c431f9d-51bc-458b-a3a6-511ec217d887@group-21BA9BD4283D-LeaderElection260] INFO  impl.LeaderElection (LeaderElection.java:logAndReturn(56)) - 7c431f9d-51bc-458b-a3a6-511ec217d887@group-21BA9BD4283D-LeaderElection260: Election REJECTED; received 2 response(s) [7c431f9d-51bc-458b-a3a6-511ec217d887<-67f35358-9777-4ff9-96f4-8a61bc3a94fe#0:FAIL-t203, 7c431f9d-51bc-458b-a3a6-511ec217d887<-b9cfa588-8e56-4331-be2f-4c26f25c6739#0:FAIL-t203] and 0 exception(s); 7c431f9d-51bc-458b-a3a6-511ec217d887@group-21BA9BD4283D:t203, leader=null, voted=7c431f9d-51bc-458b-a3a6-511ec217d887, raftlog=7c431f9d-51bc-458b-a3a6-511ec217d887@group-21BA9BD4283D-SegmentedRaftLog:OPENED:c-1,f-1,i0, conf=-1: [67f35358-9777-4ff9-96f4-8a61bc3a94fe:192.168.34.62:37037, 7c431f9d-51bc-458b-a3a6-511ec217d887:192.168.34.62:40420, b9cfa588-8e56-4331-be2f-4c26f25c6739:192.168.34.62:34777], old=null
2019-10-17 06:48:00,541 [7c431f9d-51bc-458b-a3a6-511ec217d887@group-21BA9BD4283D-LeaderElection260] INFO  impl.RaftServerImpl (RaftServerImpl.java:setRole(184)) - 7c431f9d-51bc-458b-a3a6-511ec217d887@group-21BA9BD4283D: changes role from CANDIDATE to FOLLOWER at term 203 for DISCOVERED_A_NEW_TERM
2019-10-17 06:48:00,541 [7c431f9d-51bc-458b-a3a6-511ec217d887@group-21BA9BD4283D-LeaderElection260] INFO  impl.RoleInfo (RoleInfo.java:shutdownLeaderElection(134)) - 7c431f9d-51bc-458b-a3a6-511ec217d887: shutdown LeaderElection
2019-10-17 06:48:00,541 [7c431f9d-51bc-458b-a3a6-511ec217d887@group-21BA9BD4283D-LeaderElection260] INFO  impl.RoleInfo (RoleInfo.java:updateAndGet(143)) - 7c431f9d-51bc-458b-a3a6-511ec217d887: start FollowerState
2019-10-17 06:48:00,657 [Thread-2495] INFO  impl.FollowerState (FollowerState.java:run(108)) - 7c431f9d-51bc-458b-a3a6-511ec217d887@group-21BA9BD4283D-FollowerState: change to CANDIDATE, lastRpcTime:115ms, electionTimeout:115ms
2019-10-17 06:48:00,657 [Thread-2495] INFO  impl.RoleInfo (RoleInfo.java:shutdownFollowerState(121)) - 7c431f9d-51bc-458b-a3a6-511ec217d887: shutdown FollowerState
2019-10-17 06:48:00,657 [Thread-2495] INFO  impl.RaftServerImpl (RaftServerImpl.java:setRole(184)) - 7c431f9d-51bc-458b-a3a6-511ec217d887@group-21BA9BD4283D: changes role from  FOLLOWER to CANDIDATE at term 203 for changeToCandidate
2019-10-17 06:48:00,657 [Thread-2495] INFO  impl.RoleInfo (RoleInfo.java:updateAndGet(143)) - 7c431f9d-51bc-458b-a3a6-511ec217d887: start LeaderElection
2019-10-17 06:48:00,672 [7c431f9d-51bc-458b-a3a6-511ec217d887@group-21BA9BD4283D-LeaderElection261] INFO  impl.LeaderElection (LeaderElection.java:askForVotes(178)) - 7c431f9d-51bc-458b-a3a6-511ec217d887@group-21BA9BD4283D-LeaderElection261: begin an election at term 204 for -1: [67f35358-9777-4ff9-96f4-8a61bc3a94fe:192.168.34.62:37037, 7c431f9d-51bc-458b-a3a6-511ec217d887:192.168.34.62:40420, b9cfa588-8e56-4331-be2f-4c26f25c6739:192.168.34.62:34777], old=null
2019-10-17 06:48:00,674 [grpc-default-executor-1] INFO  impl.RaftServerImpl (RaftServerImpl.java:setRole(184)) - 67f35358-9777-4ff9-96f4-8a61bc3a94fe@group-21BA9BD4283D: changes role from  FOLLOWER to FOLLOWER at term 204 for recognizeCandidate:7c431f9d-51bc-458b-a3a6-511ec217d887
2019-10-17 06:48:00,674 [grpc-default-executor-1] INFO  impl.RoleInfo (RoleInfo.java:shutdownFollowerState(121)) - 67f35358-9777-4ff9-96f4-8a61bc3a94fe: shutdown FollowerState
2019-10-17 06:48:00,674 [grpc-default-executor-1] INFO  impl.RoleInfo (RoleInfo.java:updateAndGet(143)) - 67f35358-9777-4ff9-96f4-8a61bc3a94fe: start FollowerState
2019-10-17 06:48:00,674 [Thread-2493] INFO  impl.FollowerState (FollowerState.java:run(117)) - 67f35358-9777-4ff9-96f4-8a61bc3a94fe@group-21BA9BD4283D-FollowerState was interrupted: java.lang.InterruptedException: sleep interrupted
2019-10-17 06:48:00,674 [grpc-default-executor-3] INFO  impl.RaftServerImpl (RaftServerImpl.java:setRole(184)) - b9cfa588-8e56-4331-be2f-4c26f25c6739@group-21BA9BD4283D: changes role from  FOLLOWER to FOLLOWER at term 204 for recognizeCandidate:7c431f9d-51bc-458b-a3a6-511ec217d887
2019-10-17 06:48:00,674 [grpc-default-executor-3] INFO  impl.RoleInfo (RoleInfo.java:shutdownFollowerState(121)) - b9cfa588-8e56-4331-be2f-4c26f25c6739: shutdown FollowerState
2019-10-17 06:48:00,674 [grpc-default-executor-3] INFO  impl.RoleInfo (RoleInfo.java:updateAndGet(143)) - b9cfa588-8e56-4331-be2f-4c26f25c6739: start FollowerState
2019-10-17 06:48:00,674 [Thread-2494] INFO  impl.FollowerState (FollowerState.java:run(117)) - b9cfa588-8e56-4331-be2f-4c26f25c6739@group-21BA9BD4283D-FollowerState was interrupted: java.lang.InterruptedException: sleep interrupted
2019-10-17 06:48:00,698 [7c431f9d-51bc-458b-a3a6-511ec217d887@group-21BA9BD4283D-LeaderElection261] INFO  impl.LeaderElection (LeaderElection.java:logAndReturn(56)) - 7c431f9d-51bc-458b-a3a6-511ec217d887@group-21BA9BD4283D-LeaderElection261: Election REJECTED; received 2 response(s) [7c431f9d-51bc-458b-a3a6-511ec217d887<-67f35358-9777-4ff9-96f4-8a61bc3a94fe#0:FAIL-t204, 7c431f9d-51bc-458b-a3a6-511ec217d887<-b9cfa588-8e56-4331-be2f-4c26f25c6739#0:FAIL-t204] and 0 exception(s); 7c431f9d-51bc-458b-a3a6-511ec217d887@group-21BA9BD4283D:t204, leader=null, voted=7c431f9d-51bc-458b-a3a6-511ec217d887, raftlog=7c431f9d-51bc-458b-a3a6-511ec217d887@group-21BA9BD4283D-SegmentedRaftLog:OPENED:c-1,f-1,i0, conf=-1: [67f35358-9777-4ff9-96f4-8a61bc3a94fe:192.168.34.62:37037, 7c431f9d-51bc-458b-a3a6-511ec217d887:192.168.34.62:40420, b9cfa588-8e56-4331-be2f-4c26f25c6739:192.168.34.62:34777], old=null
2019-10-17 06:48:00,698 [7c431f9d-51bc-458b-a3a6-511ec217d887@group-21BA9BD4283D-LeaderElection261] INFO  impl.RaftServerImpl (RaftServerImpl.java:setRole(184)) - 7c431f9d-51bc-458b-a3a6-511ec217d887@group-21BA9BD4283D: changes role from CANDIDATE to FOLLOWER at term 204 for DISCOVERED_A_NEW_TERM
2019-10-17 06:48:00,698 [7c431f9d-51bc-458b-a3a6-511ec217d887@group-21BA9BD4283D-LeaderElection261] INFO  impl.RoleInfo (RoleInfo.java:shutdownLeaderElection(134)) - 7c431f9d-51bc-458b-a3a6-511ec217d887: shutdown LeaderElection
2019-10-17 06:48:00,698 [7c431f9d-51bc-458b-a3a6-511ec217d887@group-21BA9BD4283D-LeaderElection261] INFO  impl.RoleInfo (RoleInfo.java:updateAndGet(143)) - 7c431f9d-51bc-458b-a3a6-511ec217d887: start FollowerState
2019-10-17 06:48:00,880 [Thread-2501] INFO  impl.FollowerState (FollowerState.java:run(108)) - 7c431f9d-51bc-458b-a3a6-511ec217d887@group-21BA9BD4283D-FollowerState: change to CANDIDATE, lastRpcTime:182ms, electionTimeout:182ms
2019-10-17 06:48:00,880 [Thread-2501] INFO  impl.RoleInfo (RoleInfo.java:shutdownFollowerState(121)) - 7c431f9d-51bc-458b-a3a6-511ec217d887: shutdown FollowerState
2019-10-17 06:48:00,881 [Thread-2501] INFO  impl.RaftServerImpl (RaftServerImpl.java:setRole(184)) - 7c431f9d-51bc-458b-a3a6-511ec217d887@group-21BA9BD4283D: changes role from  FOLLOWER to CANDIDATE at term 204 for changeToCandidate
2019-10-17 06:48:00,881 [Thread-2501] INFO  impl.RoleInfo (RoleInfo.java:updateAndGet(143)) - 7c431f9d-51bc-458b-a3a6-511ec217d887: start LeaderElection
2019-10-17 06:48:00,894 [7c431f9d-51bc-458b-a3a6-511ec217d887@group-21BA9BD4283D-LeaderElection262] INFO  impl.LeaderElection (LeaderElection.java:askForVotes(178)) - 7c431f9d-51bc-458b-a3a6-511ec217d887@group-21BA9BD4283D-LeaderElection262: begin an election at term 205 for -1: [67f35358-9777-4ff9-96f4-8a61bc3a94fe:192.168.34.62:37037, 7c431f9d-51bc-458b-a3a6-511ec217d887:192.168.34.62:40420, b9cfa588-8e56-4331-be2f-4c26f25c6739:192.168.34.62:34777], old=null
2019-10-17 06:48:00,897 [grpc-default-executor-1] INFO  impl.RaftServerImpl (RaftServerImpl.java:setRole(184)) - 67f35358-9777-4ff9-96f4-8a61bc3a94fe@group-21BA9BD4283D: changes role from  FOLLOWER to FOLLOWER at term 205 for recognizeCandidate:7c431f9d-51bc-458b-a3a6-511ec217d887
2019-10-17 06:48:00,897 [grpc-default-executor-3] INFO  impl.RaftServerImpl (RaftServerImpl.java:setRole(184)) - b9cfa588-8e56-4331-be2f-4c26f25c6739@group-21BA9BD4283D: changes role from  FOLLOWER to FOLLOWER at term 205 for recognizeCandidate:7c431f9d-51bc-458b-a3a6-511ec217d887
2019-10-17 06:48:00,897 [grpc-default-executor-1] INFO  impl.RoleInfo (RoleInfo.java:shutdownFollowerState(121)) - 67f35358-9777-4ff9-96f4-8a61bc3a94fe: shutdown FollowerState
2019-10-17 06:48:00,897 [grpc-default-executor-3] INFO  impl.RoleInfo (RoleInfo.java:shutdownFollowerState(121)) - b9cfa588-8e56-4331-be2f-4c26f25c6739: shutdown FollowerState
2019-10-17 06:48:00,897 [Thread-2499] INFO  impl.FollowerState (FollowerState.java:run(117)) - 67f35358-9777-4ff9-96f4-8a61bc3a94fe@group-21BA9BD4283D-FollowerState was interrupted: java.lang.InterruptedException: sleep interrupted
2019-10-17 06:48:00,897 [grpc-default-executor-1] INFO  impl.RoleInfo (RoleInfo.java:updateAndGet(143)) - 67f35358-9777-4ff9-96f4-8a61bc3a94fe: start FollowerState
2019-10-17 06:48:00,898 [grpc-default-executor-3] INFO  impl.RoleInfo (RoleInfo.java:updateAndGet(143)) - b9cfa588-8e56-4331-be2f-4c26f25c6739: start FollowerState
2019-10-17 06:48:00,898 [Thread-2500] INFO  impl.FollowerState (FollowerState.java:run(117)) - b9cfa588-8e56-4331-be2f-4c26f25c6739@group-21BA9BD4283D-FollowerState was interrupted: java.lang.InterruptedException: sleep interrupted
2019-10-17 06:48:00,931 [7c431f9d-51bc-458b-a3a6-511ec217d887@group-21BA9BD4283D-LeaderElection262] INFO  impl.LeaderElection (LeaderElection.java:logAndReturn(56)) - 7c431f9d-51bc-458b-a3a6-511ec217d887@group-21BA9BD4283D-LeaderElection262: Election REJECTED; received 2 response(s) [7c431f9d-51bc-458b-a3a6-511ec217d887<-67f35358-9777-4ff9-96f4-8a61bc3a94fe#0:FAIL-t205, 7c431f9d-51bc-458b-a3a6-511ec217d887<-b9cfa588-8e56-4331-be2f-4c26f25c6739#0:FAIL-t205] and 0 exception(s); 7c431f9d-51bc-458b-a3a6-511ec217d887@group-21BA9BD4283D:t205, leader=null, voted=7c431f9d-51bc-458b-a3a6-511ec217d887, raftlog=7c431f9d-51bc-458b-a3a6-511ec217d887@group-21BA9BD4283D-SegmentedRaftLog:OPENED:c-1,f-1,i0, conf=-1: [67f35358-9777-4ff9-96f4-8a61bc3a94fe:192.168.34.62:37037, 7c431f9d-51bc-458b-a3a6-511ec217d887:192.168.34.62:40420, b9cfa588-8e56-4331-be2f-4c26f25c6739:192.168.34.62:34777], old=null
2019-10-17 06:48:00,931 [7c431f9d-51bc-458b-a3a6-511ec217d887@group-21BA9BD4283D-LeaderElection262] INFO  impl.RaftServerImpl (RaftServerImpl.java:setRole(184)) - 7c431f9d-51bc-458b-a3a6-511ec217d887@group-21BA9BD4283D: changes role from CANDIDATE to FOLLOWER at term 205 for DISCOVERED_A_NEW_TERM
2019-10-17 06:48:00,931 [7c431f9d-51bc-458b-a3a6-511ec217d887@group-21BA9BD4283D-LeaderElection262] INFO  impl.RoleInfo (RoleInfo.java:shutdownLeaderElection(134)) - 7c431f9d-51bc-458b-a3a6-511ec217d887: shutdown LeaderElection
2019-10-17 06:48:00,931 [7c431f9d-51bc-458b-a3a6-511ec217d887@group-21BA9BD4283D-LeaderElection262] INFO  impl.RoleInfo (RoleInfo.java:updateAndGet(143)) - 7c431f9d-51bc-458b-a3a6-511ec217d887: start FollowerState
2019-10-17 06:48:01,053 [Thread-2507] INFO  impl.FollowerState (FollowerState.java:run(108)) - 7c431f9d-51bc-458b-a3a6-511ec217d887@group-21BA9BD4283D-FollowerState: change to CANDIDATE, lastRpcTime:121ms, electionTimeout:121ms
2019-10-17 06:48:01,053 [Thread-2507] INFO  impl.RoleInfo (RoleInfo.java:shutdownFollowerState(121)) - 7c431f9d-51bc-458b-a3a6-511ec217d887: shutdown FollowerState
2019-10-17 06:48:01,053 [Thread-2507] INFO  impl.RaftServerImpl (RaftServerImpl.java:setRole(184)) - 7c431f9d-51bc-458b-a3a6-511ec217d887@group-21BA9BD4283D: changes role from  FOLLOWER to CANDIDATE at term 205 for changeToCandidate
2019-10-17 06:48:01,053 [Thread-2507] INFO  impl.RoleInfo (RoleInfo.java:updateAndGet(143)) - 7c431f9d-51bc-458b-a3a6-511ec217d887: start LeaderElection
2019-10-17 06:48:01,066 [7c431f9d-51bc-458b-a3a6-511ec217d887@group-21BA9BD4283D-LeaderElection263] INFO  impl.LeaderElection (LeaderElection.java:askForVotes(178)) - 7c431f9d-51bc-458b-a3a6-511ec217d887@group-21BA9BD4283D-LeaderElection263: begin an election at term 206 for -1: [67f35358-9777-4ff9-96f4-8a61bc3a94fe:192.168.34.62:37037, 7c431f9d-51bc-458b-a3a6-511ec217d887:192.168.34.62:40420, b9cfa588-8e56-4331-be2f-4c26f25c6739:192.168.34.62:34777], old=null
2019-10-17 06:48:01,068 [grpc-default-executor-1] INFO  impl.RaftServerImpl (RaftServerImpl.java:setRole(184)) - b9cfa588-8e56-4331-be2f-4c26f25c6739@group-21BA9BD4283D: changes role from  FOLLOWER to FOLLOWER at term 206 for recognizeCandidate:7c431f9d-51bc-458b-a3a6-511ec217d887
2019-10-17 06:48:01,068 [grpc-default-executor-3] INFO  impl.RaftServerImpl (RaftServerImpl.java:setRole(184)) - 67f35358-9777-4ff9-96f4-8a61bc3a94fe@group-21BA9BD4283D: changes role from  FOLLOWER to FOLLOWER at term 206 for recognizeCandidate:7c431f9d-51bc-458b-a3a6-511ec217d887
2019-10-17 06:48:01,068 [grpc-default-executor-1] INFO  impl.RoleInfo (RoleInfo.java:shutdownFollowerState(121)) - b9cfa588-8e56-4331-be2f-4c26f25c6739: shutdown FollowerState
2019-10-17 06:48:01,068 [grpc-default-executor-3] INFO  impl.RoleInfo (RoleInfo.java:shutdownFollowerState(121)) - 67f35358-9777-4ff9-96f4-8a61bc3a94fe: shutdown FollowerState
2019-10-17 06:48:01,068 [grpc-default-executor-1] INFO  impl.RoleInfo (RoleInfo.java:updateAndGet(143)) - b9cfa588-8e56-4331-be2f-4c26f25c6739: start FollowerState
2019-10-17 06:48:01,069 [Thread-2505] INFO  impl.FollowerState (FollowerState.java:run(117)) - 67f35358-9777-4ff9-96f4-8a61bc3a94fe@group-21BA9BD4283D-FollowerState was interrupted: java.lang.InterruptedException: sleep interrupted
2019-10-17 06:48:01,068 [grpc-default-executor-3] INFO  impl.RoleInfo (RoleInfo.java:updateAndGet(143)) - 67f35358-9777-4ff9-96f4-8a61bc3a94fe: start FollowerState
2019-10-17 06:48:01,068 [Thread-2506] INFO  impl.FollowerState (FollowerState.java:run(117)) - b9cfa588-8e56-4331-be2f-4c26f25c6739@group-21BA9BD4283D-FollowerState was interrupted: java.lang.InterruptedException: sleep interrupted
2019-10-17 06:48:01,080 [7c431f9d-51bc-458b-a3a6-511ec217d887@group-21BA9BD4283D-LeaderElection263] INFO  impl.LeaderElection (LeaderElection.java:logAndReturn(56)) - 7c431f9d-51bc-458b-a3a6-511ec217d887@group-21BA9BD4283D-LeaderElection263: Election REJECTED; received 2 response(s) [7c431f9d-51bc-458b-a3a6-511ec217d887<-67f35358-9777-4ff9-96f4-8a61bc3a94fe#0:FAIL-t206, 7c431f9d-51bc-458b-a3a6-511ec217d887<-b9cfa588-8e56-4331-be2f-4c26f25c6739#0:FAIL-t206] and 0 exception(s); 7c431f9d-51bc-458b-a3a6-511ec217d887@group-21BA9BD4283D:t206, leader=null, voted=7c431f9d-51bc-458b-a3a6-511ec217d887, raftlog=7c431f9d-51bc-458b-a3a6-511ec217d887@group-21BA9BD4283D-SegmentedRaftLog:OPENED:c-1,f-1,i0, conf=-1: [67f35358-9777-4ff9-96f4-8a61bc3a94fe:192.168.34.62:37037, 7c431f9d-51bc-458b-a3a6-511ec217d887:192.168.34.62:40420, b9cfa588-8e56-4331-be2f-4c26f25c6739:192.168.34.62:34777], old=null
2019-10-17 06:48:01,080 [7c431f9d-51bc-458b-a3a6-511ec217d887@group-21BA9BD4283D-LeaderElection263] INFO  impl.RaftServerImpl (RaftServerImpl.java:setRole(184)) - 7c431f9d-51bc-458b-a3a6-511ec217d887@group-21BA9BD4283D: changes role from CANDIDATE to FOLLOWER at term 206 for DISCOVERED_A_NEW_TERM
2019-10-17 06:48:01,080 [7c431f9d-51bc-458b-a3a6-511ec217d887@group-21BA9BD4283D-LeaderElection263] INFO  impl.RoleInfo (RoleInfo.java:shutdownLeaderElection(134)) - 7c431f9d-51bc-458b-a3a6-511ec217d887: shutdown LeaderElection
2019-10-17 06:48:01,081 [7c431f9d-51bc-458b-a3a6-511ec217d887@group-21BA9BD4283D-LeaderElection263] INFO  impl.RoleInfo (RoleInfo.java:updateAndGet(143)) - 7c431f9d-51bc-458b-a3a6-511ec217d887: start FollowerState
2019-10-17 06:48:01,101 [main] INFO  ozone.MiniOzoneClusterImpl (MiniOzoneClusterImpl.java:lambda$waitForClusterToBeReady$2(164)) - Waiting for 1 number of pipelines out of 4, to report a leader.
2019-10-17 06:48:01,128 [Thread-2513] INFO  impl.FollowerState (FollowerState.java:run(108)) - 7c431f9d-51bc-458b-a3a6-511ec217d887@group-21BA9BD4283D-FollowerState: change to CANDIDATE, lastRpcTime:47ms, electionTimeout:47ms
2019-10-17 06:48:01,128 [Thread-2513] INFO  impl.RoleInfo (RoleInfo.java:shutdownFollowerState(121)) - 7c431f9d-51bc-458b-a3a6-511ec217d887: shutdown FollowerState
2019-10-17 06:48:01,128 [Thread-2513] INFO  impl.RaftServerImpl (RaftServerImpl.java:setRole(184)) - 7c431f9d-51bc-458b-a3a6-511ec217d887@group-21BA9BD4283D: changes role from  FOLLOWER to CANDIDATE at term 206 for changeToCandidate
2019-10-17 06:48:01,128 [Thread-2513] INFO  impl.RoleInfo (RoleInfo.java:updateAndGet(143)) - 7c431f9d-51bc-458b-a3a6-511ec217d887: start LeaderElection
2019-10-17 06:48:01,141 [7c431f9d-51bc-458b-a3a6-511ec217d887@group-21BA9BD4283D-LeaderElection264] INFO  impl.LeaderElection (LeaderElection.java:askForVotes(178)) - 7c431f9d-51bc-458b-a3a6-511ec217d887@group-21BA9BD4283D-LeaderElection264: begin an election at term 207 for -1: [67f35358-9777-4ff9-96f4-8a61bc3a94fe:192.168.34.62:37037, 7c431f9d-51bc-458b-a3a6-511ec217d887:192.168.34.62:40420, b9cfa588-8e56-4331-be2f-4c26f25c6739:192.168.34.62:34777], old=null
2019-10-17 06:48:01,144 [grpc-default-executor-3] INFO  impl.RaftServerImpl (RaftServerImpl.java:setRole(184)) - 67f35358-9777-4ff9-96f4-8a61bc3a94fe@group-21BA9BD4283D: changes role from  FOLLOWER to FOLLOWER at term 207 for recognizeCandidate:7c431f9d-51bc-458b-a3a6-511ec217d887
2019-10-17 06:48:01,144 [grpc-default-executor-3] INFO  impl.RoleInfo (RoleInfo.java:shutdownFollowerState(121)) - 67f35358-9777-4ff9-96f4-8a61bc3a94fe: shutdown FollowerState
2019-10-17 06:48:01,144 [grpc-default-executor-1] INFO  impl.RaftServerImpl (RaftServerImpl.java:setRole(184)) - b9cfa588-8e56-4331-be2f-4c26f25c6739@group-21BA9BD4283D: changes role from  FOLLOWER to FOLLOWER at term 207 for recognizeCandidate:7c431f9d-51bc-458b-a3a6-511ec217d887
2019-10-17 06:48:01,144 [grpc-default-executor-1] INFO  impl.RoleInfo (RoleInfo.java:shutdownFollowerState(121)) - b9cfa588-8e56-4331-be2f-4c26f25c6739: shutdown FollowerState
2019-10-17 06:48:01,144 [Thread-2512] INFO  impl.FollowerState (FollowerState.java:run(117)) - 67f35358-9777-4ff9-96f4-8a61bc3a94fe@group-21BA9BD4283D-FollowerState was interrupted: java.lang.InterruptedException: sleep interrupted
2019-10-17 06:48:01,144 [grpc-default-executor-3] INFO  impl.RoleInfo (RoleInfo.java:updateAndGet(143)) - 67f35358-9777-4ff9-96f4-8a61bc3a94fe: start FollowerState
2019-10-17 06:48:01,144 [Thread-2511] INFO  impl.FollowerState (FollowerState.java:run(117)) - b9cfa588-8e56-4331-be2f-4c26f25c6739@group-21BA9BD4283D-FollowerState was interrupted: java.lang.InterruptedException: sleep interrupted
2019-10-17 06:48:01,144 [grpc-default-executor-1] INFO  impl.RoleInfo (RoleInfo.java:updateAndGet(143)) - b9cfa588-8e56-4331-be2f-4c26f25c6739: start FollowerState
2019-10-17 06:48:01,158 [7c431f9d-51bc-458b-a3a6-511ec217d887@group-21BA9BD4283D-LeaderElection264] INFO  impl.LeaderElection (LeaderElection.java:logAndReturn(56)) - 7c431f9d-51bc-458b-a3a6-511ec217d887@group-21BA9BD4283D-LeaderElection264: Election REJECTED; received 2 response(s) [7c431f9d-51bc-458b-a3a6-511ec217d887<-67f35358-9777-4ff9-96f4-8a61bc3a94fe#0:FAIL-t207, 7c431f9d-51bc-458b-a3a6-511ec217d887<-b9cfa588-8e56-4331-be2f-4c26f25c6739#0:FAIL-t207] and 0 exception(s); 7c431f9d-51bc-458b-a3a6-511ec217d887@group-21BA9BD4283D:t207, leader=null, voted=7c431f9d-51bc-458b-a3a6-511ec217d887, raftlog=7c431f9d-51bc-458b-a3a6-511ec217d887@group-21BA9BD4283D-SegmentedRaftLog:OPENED:c-1,f-1,i0, conf=-1: [67f35358-9777-4ff9-96f4-8a61bc3a94fe:192.168.34.62:37037, 7c431f9d-51bc-458b-a3a6-511ec217d887:192.168.34.62:40420, b9cfa588-8e56-4331-be2f-4c26f25c6739:192.168.34.62:34777], old=null
2019-10-17 06:48:01,158 [7c431f9d-51bc-458b-a3a6-511ec217d887@group-21BA9BD4283D-LeaderElection264] INFO  impl.RaftServerImpl (RaftServerImpl.java:setRole(184)) - 7c431f9d-51bc-458b-a3a6-511ec217d887@group-21BA9BD4283D: changes role from CANDIDATE to FOLLOWER at term 207 for DISCOVERED_A_NEW_TERM
2019-10-17 06:48:01,158 [7c431f9d-51bc-458b-a3a6-511ec217d887@group-21BA9BD4283D-LeaderElection264] INFO  impl.RoleInfo (RoleInfo.java:shutdownLeaderElection(134)) - 7c431f9d-51bc-458b-a3a6-511ec217d887: shutdown LeaderElection
2019-10-17 06:48:01,158 [7c431f9d-51bc-458b-a3a6-511ec217d887@group-21BA9BD4283D-LeaderElection264] INFO  impl.RoleInfo (RoleInfo.java:updateAndGet(143)) - 7c431f9d-51bc-458b-a3a6-511ec217d887: start FollowerState
2019-10-17 06:48:01,309 [Thread-2519] INFO  impl.FollowerState (FollowerState.java:run(108)) - 7c431f9d-51bc-458b-a3a6-511ec217d887@group-21BA9BD4283D-FollowerState: change to CANDIDATE, lastRpcTime:151ms, electionTimeout:151ms
2019-10-17 06:48:01,310 [Thread-2519] INFO  impl.RoleInfo (RoleInfo.java:shutdownFollowerState(121)) - 7c431f9d-51bc-458b-a3a6-511ec217d887: shutdown FollowerState
2019-10-17 06:48:01,310 [Thread-2519] INFO  impl.RaftServerImpl (RaftServerImpl.java:setRole(184)) - 7c431f9d-51bc-458b-a3a6-511ec217d887@group-21BA9BD4283D: changes role from  FOLLOWER to CANDIDATE at term 207 for changeToCandidate
2019-10-17 06:48:01,310 [Thread-2519] INFO  impl.RoleInfo (RoleInfo.java:updateAndGet(143)) - 7c431f9d-51bc-458b-a3a6-511ec217d887: start LeaderElection
2019-10-17 06:48:01,323 [7c431f9d-51bc-458b-a3a6-511ec217d887@group-21BA9BD4283D-LeaderElection265] INFO  impl.LeaderElection (LeaderElection.java:askForVotes(178)) - 7c431f9d-51bc-458b-a3a6-511ec217d887@group-21BA9BD4283D-LeaderElection265: begin an election at term 208 for -1: [67f35358-9777-4ff9-96f4-8a61bc3a94fe:192.168.34.62:37037, 7c431f9d-51bc-458b-a3a6-511ec217d887:192.168.34.62:40420, b9cfa588-8e56-4331-be2f-4c26f25c6739:192.168.34.62:34777], old=null
2019-10-17 06:48:01,326 [grpc-default-executor-1] INFO  impl.RaftServerImpl (RaftServerImpl.java:setRole(184)) - 67f35358-9777-4ff9-96f4-8a61bc3a94fe@group-21BA9BD4283D: changes role from  FOLLOWER to FOLLOWER at term 208 for recognizeCandidate:7c431f9d-51bc-458b-a3a6-511ec217d887
2019-10-17 06:48:01,326 [grpc-default-executor-1] INFO  impl.RoleInfo (RoleInfo.java:shutdownFollowerState(121)) - 67f35358-9777-4ff9-96f4-8a61bc3a94fe: shutdown FollowerState
2019-10-17 06:48:01,326 [grpc-default-executor-1] INFO  impl.RoleInfo (RoleInfo.java:updateAndGet(143)) - 67f35358-9777-4ff9-96f4-8a61bc3a94fe: start FollowerState
2019-10-17 06:48:01,326 [grpc-default-executor-3] INFO  impl.RaftServerImpl (RaftServerImpl.java:setRole(184)) - b9cfa588-8e56-4331-be2f-4c26f25c6739@group-21BA9BD4283D: changes role from  FOLLOWER to FOLLOWER at term 208 for recognizeCandidate:7c431f9d-51bc-458b-a3a6-511ec217d887
2019-10-17 06:48:01,326 [grpc-default-executor-3] INFO  impl.RoleInfo (RoleInfo.java:shutdownFollowerState(121)) - b9cfa588-8e56-4331-be2f-4c26f25c6739: shutdown FollowerState
2019-10-17 06:48:01,326 [Thread-2517] INFO  impl.FollowerState (FollowerState.java:run(117)) - 67f35358-9777-4ff9-96f4-8a61bc3a94fe@group-21BA9BD4283D-FollowerState was interrupted: java.lang.InterruptedException: sleep interrupted
2019-10-17 06:48:01,326 [Thread-2518] INFO  impl.FollowerState (FollowerState.java:run(117)) - b9cfa588-8e56-4331-be2f-4c26f25c6739@group-21BA9BD4283D-FollowerState was interrupted: java.lang.InterruptedException: sleep interrupted
2019-10-17 06:48:01,326 [grpc-default-executor-3] INFO  impl.RoleInfo (RoleInfo.java:updateAndGet(143)) - b9cfa588-8e56-4331-be2f-4c26f25c6739: start FollowerState
2019-10-17 06:48:01,339 [7c431f9d-51bc-458b-a3a6-511ec217d887@group-21BA9BD4283D-LeaderElection265] INFO  impl.LeaderElection (LeaderElection.java:logAndReturn(56)) - 7c431f9d-51bc-458b-a3a6-511ec217d887@group-21BA9BD4283D-LeaderElection265: Election REJECTED; received 2 response(s) [7c431f9d-51bc-458b-a3a6-511ec217d887<-67f35358-9777-4ff9-96f4-8a61bc3a94fe#0:FAIL-t208, 7c431f9d-51bc-458b-a3a6-511ec217d887<-b9cfa588-8e56-4331-be2f-4c26f25c6739#0:FAIL-t208] and 0 exception(s); 7c431f9d-51bc-458b-a3a6-511ec217d887@group-21BA9BD4283D:t208, leader=null, voted=7c431f9d-51bc-458b-a3a6-511ec217d887, raftlog=7c431f9d-51bc-458b-a3a6-511ec217d887@group-21BA9BD4283D-SegmentedRaftLog:OPENED:c-1,f-1,i0, conf=-1: [67f35358-9777-4ff9-96f4-8a61bc3a94fe:192.168.34.62:37037, 7c431f9d-51bc-458b-a3a6-511ec217d887:192.168.34.62:40420, b9cfa588-8e56-4331-be2f-4c26f25c6739:192.168.34.62:34777], old=null
2019-10-17 06:48:01,340 [7c431f9d-51bc-458b-a3a6-511ec217d887@group-21BA9BD4283D-LeaderElection265] INFO  impl.RaftServerImpl (RaftServerImpl.java:setRole(184)) - 7c431f9d-51bc-458b-a3a6-511ec217d887@group-21BA9BD4283D: changes role from CANDIDATE to FOLLOWER at term 208 for DISCOVERED_A_NEW_TERM
2019-10-17 06:48:01,340 [7c431f9d-51bc-458b-a3a6-511ec217d887@group-21BA9BD4283D-LeaderElection265] INFO  impl.RoleInfo (RoleInfo.java:shutdownLeaderElection(134)) - 7c431f9d-51bc-458b-a3a6-511ec217d887: shutdown LeaderElection
2019-10-17 06:48:01,340 [7c431f9d-51bc-458b-a3a6-511ec217d887@group-21BA9BD4283D-LeaderElection265] INFO  impl.RoleInfo (RoleInfo.java:updateAndGet(143)) - 7c431f9d-51bc-458b-a3a6-511ec217d887: start FollowerState
2019-10-17 06:48:01,395 [Thread-2525] INFO  impl.FollowerState (FollowerState.java:run(108)) - 7c431f9d-51bc-458b-a3a6-511ec217d887@group-21BA9BD4283D-FollowerState: change to CANDIDATE, lastRpcTime:55ms, electionTimeout:55ms
2019-10-17 06:48:01,395 [Thread-2525] INFO  impl.RoleInfo (RoleInfo.java:shutdownFollowerState(121)) - 7c431f9d-51bc-458b-a3a6-511ec217d887: shutdown FollowerState
2019-10-17 06:48:01,395 [Thread-2525] INFO  impl.RaftServerImpl (RaftServerImpl.java:setRole(184)) - 7c431f9d-51bc-458b-a3a6-511ec217d887@group-21BA9BD4283D: changes role from  FOLLOWER to CANDIDATE at term 208 for changeToCandidate
2019-10-17 06:48:01,395 [Thread-2525] INFO  impl.RoleInfo (RoleInfo.java:updateAndGet(143)) - 7c431f9d-51bc-458b-a3a6-511ec217d887: start LeaderElection
2019-10-17 06:48:01,428 [7c431f9d-51bc-458b-a3a6-511ec217d887@group-21BA9BD4283D-LeaderElection266] INFO  impl.LeaderElection (LeaderElection.java:askForVotes(178)) - 7c431f9d-51bc-458b-a3a6-511ec217d887@group-21BA9BD4283D-LeaderElection266: begin an election at term 209 for -1: [67f35358-9777-4ff9-96f4-8a61bc3a94fe:192.168.34.62:37037, 7c431f9d-51bc-458b-a3a6-511ec217d887:192.168.34.62:40420, b9cfa588-8e56-4331-be2f-4c26f25c6739:192.168.34.62:34777], old=null
2019-10-17 06:48:01,431 [grpc-default-executor-3] INFO  impl.RaftServerImpl (RaftServerImpl.java:setRole(184)) - b9cfa588-8e56-4331-be2f-4c26f25c6739@group-21BA9BD4283D: changes role from  FOLLOWER to FOLLOWER at term 209 for recognizeCandidate:7c431f9d-51bc-458b-a3a6-511ec217d887
2019-10-17 06:48:01,431 [grpc-default-executor-1] INFO  impl.RaftServerImpl (RaftServerImpl.java:setRole(184)) - 67f35358-9777-4ff9-96f4-8a61bc3a94fe@group-21BA9BD4283D: changes role from  FOLLOWER to FOLLOWER at term 209 for recognizeCandidate:7c431f9d-51bc-458b-a3a6-511ec217d887
2019-10-17 06:48:01,431 [grpc-default-executor-3] INFO  impl.RoleInfo (RoleInfo.java:shutdownFollowerState(121)) - b9cfa588-8e56-4331-be2f-4c26f25c6739: shutdown FollowerState
2019-10-17 06:48:01,431 [grpc-default-executor-1] INFO  impl.RoleInfo (RoleInfo.java:shutdownFollowerState(121)) - 67f35358-9777-4ff9-96f4-8a61bc3a94fe: shutdown FollowerState
2019-10-17 06:48:01,431 [grpc-default-executor-3] INFO  impl.RoleInfo (RoleInfo.java:updateAndGet(143)) - b9cfa588-8e56-4331-be2f-4c26f25c6739: start FollowerState
2019-10-17 06:48:01,431 [Thread-2523] INFO  impl.FollowerState (FollowerState.java:run(117)) - 67f35358-9777-4ff9-96f4-8a61bc3a94fe@group-21BA9BD4283D-FollowerState was interrupted: java.lang.InterruptedException: sleep interrupted
2019-10-17 06:48:01,431 [grpc-default-executor-1] INFO  impl.RoleInfo (RoleInfo.java:updateAndGet(143)) - 67f35358-9777-4ff9-96f4-8a61bc3a94fe: start FollowerState
2019-10-17 06:48:01,431 [Thread-2524] INFO  impl.FollowerState (FollowerState.java:run(117)) - b9cfa588-8e56-4331-be2f-4c26f25c6739@group-21BA9BD4283D-FollowerState was interrupted: java.lang.InterruptedException: sleep interrupted
2019-10-17 06:48:01,434 [7c431f9d-51bc-458b-a3a6-511ec217d887@group-21BA9BD4283D-LeaderElection266] INFO  impl.LeaderElection (LeaderElection.java:logAndReturn(56)) - 7c431f9d-51bc-458b-a3a6-511ec217d887@group-21BA9BD4283D-LeaderElection266: Election TIMEOUT; received 0 response(s) [] and 0 exception(s); 7c431f9d-51bc-458b-a3a6-511ec217d887@group-21BA9BD4283D:t209, leader=null, voted=7c431f9d-51bc-458b-a3a6-511ec217d887, raftlog=7c431f9d-51bc-458b-a3a6-511ec217d887@group-21BA9BD4283D-SegmentedRaftLog:OPENED:c-1,f-1,i0, conf=-1: [67f35358-9777-4ff9-96f4-8a61bc3a94fe:192.168.34.62:37037, 7c431f9d-51bc-458b-a3a6-511ec217d887:192.168.34.62:40420, b9cfa588-8e56-4331-be2f-4c26f25c6739:192.168.34.62:34777], old=null
2019-10-17 06:48:01,444 [7c431f9d-51bc-458b-a3a6-511ec217d887@group-21BA9BD4283D-LeaderElection266] INFO  impl.LeaderElection (LeaderElection.java:askForVotes(178)) - 7c431f9d-51bc-458b-a3a6-511ec217d887@group-21BA9BD4283D-LeaderElection266: begin an election at term 210 for -1: [67f35358-9777-4ff9-96f4-8a61bc3a94fe:192.168.34.62:37037, 7c431f9d-51bc-458b-a3a6-511ec217d887:192.168.34.62:40420, b9cfa588-8e56-4331-be2f-4c26f25c6739:192.168.34.62:34777], old=null
2019-10-17 06:48:01,445 [grpc-default-executor-3] INFO  impl.RaftServerImpl (RaftServerImpl.java:setRole(184)) - 67f35358-9777-4ff9-96f4-8a61bc3a94fe@group-21BA9BD4283D: changes role from  FOLLOWER to FOLLOWER at term 210 for recognizeCandidate:7c431f9d-51bc-458b-a3a6-511ec217d887
2019-10-17 06:48:01,445 [grpc-default-executor-3] INFO  impl.RoleInfo (RoleInfo.java:shutdownFollowerState(121)) - 67f35358-9777-4ff9-96f4-8a61bc3a94fe: shutdown FollowerState
2019-10-17 06:48:01,445 [grpc-default-executor-3] INFO  impl.RoleInfo (RoleInfo.java:updateAndGet(143)) - 67f35358-9777-4ff9-96f4-8a61bc3a94fe: start FollowerState
2019-10-17 06:48:01,445 [Thread-2530] INFO  impl.FollowerState (FollowerState.java:run(117)) - 67f35358-9777-4ff9-96f4-8a61bc3a94fe@group-21BA9BD4283D-FollowerState was interrupted: java.lang.InterruptedException: sleep interrupted
2019-10-17 06:48:01,445 [grpc-default-executor-1] INFO  impl.RaftServerImpl (RaftServerImpl.java:setRole(184)) - b9cfa588-8e56-4331-be2f-4c26f25c6739@group-21BA9BD4283D: changes role from  FOLLOWER to FOLLOWER at term 210 for recognizeCandidate:7c431f9d-51bc-458b-a3a6-511ec217d887
2019-10-17 06:48:01,446 [grpc-default-executor-1] INFO  impl.RoleInfo (RoleInfo.java:shutdownFollowerState(121)) - b9cfa588-8e56-4331-be2f-4c26f25c6739: shutdown FollowerState
2019-10-17 06:48:01,446 [grpc-default-executor-1] INFO  impl.RoleInfo (RoleInfo.java:updateAndGet(143)) - b9cfa588-8e56-4331-be2f-4c26f25c6739: start FollowerState
2019-10-17 06:48:01,446 [Thread-2529] INFO  impl.FollowerState (FollowerState.java:run(117)) - b9cfa588-8e56-4331-be2f-4c26f25c6739@group-21BA9BD4283D-FollowerState was interrupted: java.lang.InterruptedException: sleep interrupted
2019-10-17 06:48:01,456 [7c431f9d-51bc-458b-a3a6-511ec217d887@group-21BA9BD4283D-LeaderElection266] INFO  impl.LeaderElection (LeaderElection.java:logAndReturn(56)) - 7c431f9d-51bc-458b-a3a6-511ec217d887@group-21BA9BD4283D-LeaderElection266: Election REJECTED; received 2 response(s) [7c431f9d-51bc-458b-a3a6-511ec217d887<-67f35358-9777-4ff9-96f4-8a61bc3a94fe#0:FAIL-t210, 7c431f9d-51bc-458b-a3a6-511ec217d887<-b9cfa588-8e56-4331-be2f-4c26f25c6739#0:FAIL-t210] and 0 exception(s); 7c431f9d-51bc-458b-a3a6-511ec217d887@group-21BA9BD4283D:t210, leader=null, voted=7c431f9d-51bc-458b-a3a6-511ec217d887, raftlog=7c431f9d-51bc-458b-a3a6-511ec217d887@group-21BA9BD4283D-SegmentedRaftLog:OPENED:c-1,f-1,i0, conf=-1: [67f35358-9777-4ff9-96f4-8a61bc3a94fe:192.168.34.62:37037, 7c431f9d-51bc-458b-a3a6-511ec217d887:192.168.34.62:40420, b9cfa588-8e56-4331-be2f-4c26f25c6739:192.168.34.62:34777], old=null
2019-10-17 06:48:01,456 [7c431f9d-51bc-458b-a3a6-511ec217d887@group-21BA9BD4283D-LeaderElection266] INFO  impl.RaftServerImpl (RaftServerImpl.java:setRole(184)) - 7c431f9d-51bc-458b-a3a6-511ec217d887@group-21BA9BD4283D: changes role from CANDIDATE to FOLLOWER at term 210 for DISCOVERED_A_NEW_TERM
2019-10-17 06:48:01,456 [7c431f9d-51bc-458b-a3a6-511ec217d887@group-21BA9BD4283D-LeaderElection266] INFO  impl.RoleInfo (RoleInfo.java:shutdownLeaderElection(134)) - 7c431f9d-51bc-458b-a3a6-511ec217d887: shutdown LeaderElection
2019-10-17 06:48:01,456 [7c431f9d-51bc-458b-a3a6-511ec217d887@group-21BA9BD4283D-LeaderElection266] INFO  impl.RoleInfo (RoleInfo.java:updateAndGet(143)) - 7c431f9d-51bc-458b-a3a6-511ec217d887: start FollowerState
2019-10-17 06:48:01,486 [Thread-2535] INFO  impl.FollowerState (FollowerState.java:run(108)) - 7c431f9d-51bc-458b-a3a6-511ec217d887@group-21BA9BD4283D-FollowerState: change to CANDIDATE, lastRpcTime:29ms, electionTimeout:29ms
2019-10-17 06:48:01,486 [Thread-2535] INFO  impl.RoleInfo (RoleInfo.java:shutdownFollowerState(121)) - 7c431f9d-51bc-458b-a3a6-511ec217d887: shutdown FollowerState
2019-10-17 06:48:01,486 [Thread-2535] INFO  impl.RaftServerImpl (RaftServerImpl.java:setRole(184)) - 7c431f9d-51bc-458b-a3a6-511ec217d887@group-21BA9BD4283D: changes role from  FOLLOWER to CANDIDATE at term 210 for changeToCandidate
2019-10-17 06:48:01,486 [Thread-2535] INFO  impl.RoleInfo (RoleInfo.java:updateAndGet(143)) - 7c431f9d-51bc-458b-a3a6-511ec217d887: start LeaderElection
2019-10-17 06:48:01,495 [7c431f9d-51bc-458b-a3a6-511ec217d887@group-21BA9BD4283D-LeaderElection267] INFO  impl.LeaderElection (LeaderElection.java:askForVotes(178)) - 7c431f9d-51bc-458b-a3a6-511ec217d887@group-21BA9BD4283D-LeaderElection267: begin an election at term 211 for -1: [67f35358-9777-4ff9-96f4-8a61bc3a94fe:192.168.34.62:37037, 7c431f9d-51bc-458b-a3a6-511ec217d887:192.168.34.62:40420, b9cfa588-8e56-4331-be2f-4c26f25c6739:192.168.34.62:34777], old=null
2019-10-17 06:48:01,496 [grpc-default-executor-1] INFO  impl.RaftServerImpl (RaftServerImpl.java:setRole(184)) - 67f35358-9777-4ff9-96f4-8a61bc3a94fe@group-21BA9BD4283D: changes role from  FOLLOWER to FOLLOWER at term 211 for recognizeCandidate:7c431f9d-51bc-458b-a3a6-511ec217d887
2019-10-17 06:48:01,497 [grpc-default-executor-1] INFO  impl.RoleInfo (RoleInfo.java:shutdownFollowerState(121)) - 67f35358-9777-4ff9-96f4-8a61bc3a94fe: shutdown FollowerState
2019-10-17 06:48:01,497 [grpc-default-executor-3] INFO  impl.RaftServerImpl (RaftServerImpl.java:setRole(184)) - b9cfa588-8e56-4331-be2f-4c26f25c6739@group-21BA9BD4283D: changes role from  FOLLOWER to FOLLOWER at term 211 for recognizeCandidate:7c431f9d-51bc-458b-a3a6-511ec217d887
2019-10-17 06:48:01,497 [Thread-2533] INFO  impl.FollowerState (FollowerState.java:run(117)) - 67f35358-9777-4ff9-96f4-8a61bc3a94fe@group-21BA9BD4283D-FollowerState was interrupted: java.lang.InterruptedException: sleep interrupted
2019-10-17 06:48:01,497 [grpc-default-executor-1] INFO  impl.RoleInfo (RoleInfo.java:updateAndGet(143)) - 67f35358-9777-4ff9-96f4-8a61bc3a94fe: start FollowerState
2019-10-17 06:48:01,497 [grpc-default-executor-3] INFO  impl.RoleInfo (RoleInfo.java:shutdownFollowerState(121)) - b9cfa588-8e56-4331-be2f-4c26f25c6739: shutdown FollowerState
2019-10-17 06:48:01,497 [grpc-default-executor-3] INFO  impl.RoleInfo (RoleInfo.java:updateAndGet(143)) - b9cfa588-8e56-4331-be2f-4c26f25c6739: start FollowerState
2019-10-17 06:48:01,497 [Thread-2534] INFO  impl.FollowerState (FollowerState.java:run(117)) - b9cfa588-8e56-4331-be2f-4c26f25c6739@group-21BA9BD4283D-FollowerState was interrupted: java.lang.InterruptedException: sleep interrupted
2019-10-17 06:48:01,511 [7c431f9d-51bc-458b-a3a6-511ec217d887@group-21BA9BD4283D-LeaderElection267] INFO  impl.LeaderElection (LeaderElection.java:logAndReturn(56)) - 7c431f9d-51bc-458b-a3a6-511ec217d887@group-21BA9BD4283D-LeaderElection267: Election REJECTED; received 2 response(s) [7c431f9d-51bc-458b-a3a6-511ec217d887<-67f35358-9777-4ff9-96f4-8a61bc3a94fe#0:FAIL-t211, 7c431f9d-51bc-458b-a3a6-511ec217d887<-b9cfa588-8e56-4331-be2f-4c26f25c6739#0:FAIL-t211] and 0 exception(s); 7c431f9d-51bc-458b-a3a6-511ec217d887@group-21BA9BD4283D:t211, leader=null, voted=7c431f9d-51bc-458b-a3a6-511ec217d887, raftlog=7c431f9d-51bc-458b-a3a6-511ec217d887@group-21BA9BD4283D-SegmentedRaftLog:OPENED:c-1,f-1,i0, conf=-1: [67f35358-9777-4ff9-96f4-8a61bc3a94fe:192.168.34.62:37037, 7c431f9d-51bc-458b-a3a6-511ec217d887:192.168.34.62:40420, b9cfa588-8e56-4331-be2f-4c26f25c6739:192.168.34.62:34777], old=null
2019-10-17 06:48:01,511 [7c431f9d-51bc-458b-a3a6-511ec217d887@group-21BA9BD4283D-LeaderElection267] INFO  impl.RaftServerImpl (RaftServerImpl.java:setRole(184)) - 7c431f9d-51bc-458b-a3a6-511ec217d887@group-21BA9BD4283D: changes role from CANDIDATE to FOLLOWER at term 211 for DISCOVERED_A_NEW_TERM
2019-10-17 06:48:01,511 [7c431f9d-51bc-458b-a3a6-511ec217d887@group-21BA9BD4283D-LeaderElection267] INFO  impl.RoleInfo (RoleInfo.java:shutdownLeaderElection(134)) - 7c431f9d-51bc-458b-a3a6-511ec217d887: shutdown LeaderElection
2019-10-17 06:48:01,511 [7c431f9d-51bc-458b-a3a6-511ec217d887@group-21BA9BD4283D-LeaderElection267] INFO  impl.RoleInfo (RoleInfo.java:updateAndGet(143)) - 7c431f9d-51bc-458b-a3a6-511ec217d887: start FollowerState
2019-10-17 06:48:01,710 [Thread-2541] INFO  impl.FollowerState (FollowerState.java:run(108)) - 7c431f9d-51bc-458b-a3a6-511ec217d887@group-21BA9BD4283D-FollowerState: change to CANDIDATE, lastRpcTime:199ms, electionTimeout:199ms
2019-10-17 06:48:01,711 [Thread-2541] INFO  impl.RoleInfo (RoleInfo.java:shutdownFollowerState(121)) - 7c431f9d-51bc-458b-a3a6-511ec217d887: shutdown FollowerState
2019-10-17 06:48:01,711 [Thread-2541] INFO  impl.RaftServerImpl (RaftServerImpl.java:setRole(184)) - 7c431f9d-51bc-458b-a3a6-511ec217d887@group-21BA9BD4283D: changes role from  FOLLOWER to CANDIDATE at term 211 for changeToCandidate
2019-10-17 06:48:01,711 [Thread-2541] INFO  impl.RoleInfo (RoleInfo.java:updateAndGet(143)) - 7c431f9d-51bc-458b-a3a6-511ec217d887: start LeaderElection
2019-10-17 06:48:01,726 [7c431f9d-51bc-458b-a3a6-511ec217d887@group-21BA9BD4283D-LeaderElection268] INFO  impl.LeaderElection (LeaderElection.java:askForVotes(178)) - 7c431f9d-51bc-458b-a3a6-511ec217d887@group-21BA9BD4283D-LeaderElection268: begin an election at term 212 for -1: [67f35358-9777-4ff9-96f4-8a61bc3a94fe:192.168.34.62:37037, 7c431f9d-51bc-458b-a3a6-511ec217d887:192.168.34.62:40420, b9cfa588-8e56-4331-be2f-4c26f25c6739:192.168.34.62:34777], old=null
2019-10-17 06:48:01,728 [grpc-default-executor-3] INFO  impl.RaftServerImpl (RaftServerImpl.java:setRole(184)) - 67f35358-9777-4ff9-96f4-8a61bc3a94fe@group-21BA9BD4283D: changes role from  FOLLOWER to FOLLOWER at term 212 for recognizeCandidate:7c431f9d-51bc-458b-a3a6-511ec217d887
2019-10-17 06:48:01,728 [grpc-default-executor-1] INFO  impl.RaftServerImpl (RaftServerImpl.java:setRole(184)) - b9cfa588-8e56-4331-be2f-4c26f25c6739@group-21BA9BD4283D: changes role from  FOLLOWER to FOLLOWER at term 212 for recognizeCandidate:7c431f9d-51bc-458b-a3a6-511ec217d887
2019-10-17 06:48:01,728 [grpc-default-executor-3] INFO  impl.RoleInfo (RoleInfo.java:shutdownFollowerState(121)) - 67f35358-9777-4ff9-96f4-8a61bc3a94fe: shutdown FollowerState
2019-10-17 06:48:01,728 [grpc-default-executor-1] INFO  impl.RoleInfo (RoleInfo.java:shutdownFollowerState(121)) - b9cfa588-8e56-4331-be2f-4c26f25c6739: shutdown FollowerState
2019-10-17 06:48:01,728 [grpc-default-executor-3] INFO  impl.RoleInfo (RoleInfo.java:updateAndGet(143)) - 67f35358-9777-4ff9-96f4-8a61bc3a94fe: start FollowerState
2019-10-17 06:48:01,728 [grpc-default-executor-1] INFO  impl.RoleInfo (RoleInfo.java:updateAndGet(143)) - b9cfa588-8e56-4331-be2f-4c26f25c6739: start FollowerState
2019-10-17 06:48:01,728 [Thread-2539] INFO  impl.FollowerState (FollowerState.java:run(117)) - 67f35358-9777-4ff9-96f4-8a61bc3a94fe@group-21BA9BD4283D-FollowerState was interrupted: java.lang.InterruptedException: sleep interrupted
2019-10-17 06:48:01,728 [Thread-2540] INFO  impl.FollowerState (FollowerState.java:run(117)) - b9cfa588-8e56-4331-be2f-4c26f25c6739@group-21BA9BD4283D-FollowerState was interrupted: java.lang.InterruptedException: sleep interrupted
2019-10-17 06:48:01,747 [7c431f9d-51bc-458b-a3a6-511ec217d887@group-21BA9BD4283D-LeaderElection268] INFO  impl.LeaderElection (LeaderElection.java:logAndReturn(56)) - 7c431f9d-51bc-458b-a3a6-511ec217d887@group-21BA9BD4283D-LeaderElection268: Election REJECTED; received 2 response(s) [7c431f9d-51bc-458b-a3a6-511ec217d887<-67f35358-9777-4ff9-96f4-8a61bc3a94fe#0:FAIL-t212, 7c431f9d-51bc-458b-a3a6-511ec217d887<-b9cfa588-8e56-4331-be2f-4c26f25c6739#0:FAIL-t212] and 0 exception(s); 7c431f9d-51bc-458b-a3a6-511ec217d887@group-21BA9BD4283D:t212, leader=null, voted=7c431f9d-51bc-458b-a3a6-511ec217d887, raftlog=7c431f9d-51bc-458b-a3a6-511ec217d887@group-21BA9BD4283D-SegmentedRaftLog:OPENED:c-1,f-1,i0, conf=-1: [67f35358-9777-4ff9-96f4-8a61bc3a94fe:192.168.34.62:37037, 7c431f9d-51bc-458b-a3a6-511ec217d887:192.168.34.62:40420, b9cfa588-8e56-4331-be2f-4c26f25c6739:192.168.34.62:34777], old=null
2019-10-17 06:48:01,748 [7c431f9d-51bc-458b-a3a6-511ec217d887@group-21BA9BD4283D-LeaderElection268] INFO  impl.RaftServerImpl (RaftServerImpl.java:setRole(184)) - 7c431f9d-51bc-458b-a3a6-511ec217d887@group-21BA9BD4283D: changes role from CANDIDATE to FOLLOWER at term 212 for DISCOVERED_A_NEW_TERM
2019-10-17 06:48:01,748 [7c431f9d-51bc-458b-a3a6-511ec217d887@group-21BA9BD4283D-LeaderElection268] INFO  impl.RoleInfo (RoleInfo.java:shutdownLeaderElection(134)) - 7c431f9d-51bc-458b-a3a6-511ec217d887: shutdown LeaderElection
2019-10-17 06:48:01,748 [7c431f9d-51bc-458b-a3a6-511ec217d887@group-21BA9BD4283D-LeaderElection268] INFO  impl.RoleInfo (RoleInfo.java:updateAndGet(143)) - 7c431f9d-51bc-458b-a3a6-511ec217d887: start FollowerState
2019-10-17 06:48:01,831 [Thread-2547] INFO  impl.FollowerState (FollowerState.java:run(108)) - 7c431f9d-51bc-458b-a3a6-511ec217d887@group-21BA9BD4283D-FollowerState: change to CANDIDATE, lastRpcTime:83ms, electionTimeout:83ms
2019-10-17 06:48:01,831 [Thread-2547] INFO  impl.RoleInfo (RoleInfo.java:shutdownFollowerState(121)) - 7c431f9d-51bc-458b-a3a6-511ec217d887: shutdown FollowerState
2019-10-17 06:48:01,831 [Thread-2547] INFO  impl.RaftServerImpl (RaftServerImpl.java:setRole(184)) - 7c431f9d-51bc-458b-a3a6-511ec217d887@group-21BA9BD4283D: changes role from  FOLLOWER to CANDIDATE at term 212 for changeToCandidate
2019-10-17 06:48:01,831 [Thread-2547] INFO  impl.RoleInfo (RoleInfo.java:updateAndGet(143)) - 7c431f9d-51bc-458b-a3a6-511ec217d887: start LeaderElection
2019-10-17 06:48:01,858 [7c431f9d-51bc-458b-a3a6-511ec217d887@group-21BA9BD4283D-LeaderElection269] INFO  impl.LeaderElection (LeaderElection.java:askForVotes(178)) - 7c431f9d-51bc-458b-a3a6-511ec217d887@group-21BA9BD4283D-LeaderElection269: begin an election at term 213 for -1: [67f35358-9777-4ff9-96f4-8a61bc3a94fe:192.168.34.62:37037, 7c431f9d-51bc-458b-a3a6-511ec217d887:192.168.34.62:40420, b9cfa588-8e56-4331-be2f-4c26f25c6739:192.168.34.62:34777], old=null
2019-10-17 06:48:01,859 [grpc-default-executor-1] INFO  impl.RaftServerImpl (RaftServerImpl.java:setRole(184)) - 67f35358-9777-4ff9-96f4-8a61bc3a94fe@group-21BA9BD4283D: changes role from  FOLLOWER to FOLLOWER at term 213 for recognizeCandidate:7c431f9d-51bc-458b-a3a6-511ec217d887
2019-10-17 06:48:01,859 [grpc-default-executor-1] INFO  impl.RoleInfo (RoleInfo.java:shutdownFollowerState(121)) - 67f35358-9777-4ff9-96f4-8a61bc3a94fe: shutdown FollowerState
2019-10-17 06:48:01,860 [grpc-default-executor-1] INFO  impl.RoleInfo (RoleInfo.java:updateAndGet(143)) - 67f35358-9777-4ff9-96f4-8a61bc3a94fe: start FollowerState
2019-10-17 06:48:01,860 [Thread-2545] INFO  impl.FollowerState (FollowerState.java:run(117)) - 67f35358-9777-4ff9-96f4-8a61bc3a94fe@group-21BA9BD4283D-FollowerState was interrupted: java.lang.InterruptedException: sleep interrupted
2019-10-17 06:48:01,860 [grpc-default-executor-3] INFO  impl.RaftServerImpl (RaftServerImpl.java:setRole(184)) - b9cfa588-8e56-4331-be2f-4c26f25c6739@group-21BA9BD4283D: changes role from  FOLLOWER to FOLLOWER at term 213 for recognizeCandidate:7c431f9d-51bc-458b-a3a6-511ec217d887
2019-10-17 06:48:01,860 [grpc-default-executor-3] INFO  impl.RoleInfo (RoleInfo.java:shutdownFollowerState(121)) - b9cfa588-8e56-4331-be2f-4c26f25c6739: shutdown FollowerState
2019-10-17 06:48:01,860 [grpc-default-executor-3] INFO  impl.RoleInfo (RoleInfo.java:updateAndGet(143)) - b9cfa588-8e56-4331-be2f-4c26f25c6739: start FollowerState
2019-10-17 06:48:01,860 [Thread-2546] INFO  impl.FollowerState (FollowerState.java:run(117)) - b9cfa588-8e56-4331-be2f-4c26f25c6739@group-21BA9BD4283D-FollowerState was interrupted: java.lang.InterruptedException: sleep interrupted
2019-10-17 06:48:01,885 [7c431f9d-51bc-458b-a3a6-511ec217d887@group-21BA9BD4283D-LeaderElection269] INFO  impl.LeaderElection (LeaderElection.java:logAndReturn(56)) - 7c431f9d-51bc-458b-a3a6-511ec217d887@group-21BA9BD4283D-LeaderElection269: Election REJECTED; received 2 response(s) [7c431f9d-51bc-458b-a3a6-511ec217d887<-67f35358-9777-4ff9-96f4-8a61bc3a94fe#0:FAIL-t213, 7c431f9d-51bc-458b-a3a6-511ec217d887<-b9cfa588-8e56-4331-be2f-4c26f25c6739#0:FAIL-t213] and 0 exception(s); 7c431f9d-51bc-458b-a3a6-511ec217d887@group-21BA9BD4283D:t213, leader=null, voted=7c431f9d-51bc-458b-a3a6-511ec217d887, raftlog=7c431f9d-51bc-458b-a3a6-511ec217d887@group-21BA9BD4283D-SegmentedRaftLog:OPENED:c-1,f-1,i0, conf=-1: [67f35358-9777-4ff9-96f4-8a61bc3a94fe:192.168.34.62:37037, 7c431f9d-51bc-458b-a3a6-511ec217d887:192.168.34.62:40420, b9cfa588-8e56-4331-be2f-4c26f25c6739:192.168.34.62:34777], old=null
2019-10-17 06:48:01,885 [7c431f9d-51bc-458b-a3a6-511ec217d887@group-21BA9BD4283D-LeaderElection269] INFO  impl.RaftServerImpl (RaftServerImpl.java:setRole(184)) - 7c431f9d-51bc-458b-a3a6-511ec217d887@group-21BA9BD4283D: changes role from CANDIDATE to FOLLOWER at term 213 for DISCOVERED_A_NEW_TERM
2019-10-17 06:48:01,885 [7c431f9d-51bc-458b-a3a6-511ec217d887@group-21BA9BD4283D-LeaderElection269] INFO  impl.RoleInfo (RoleInfo.java:shutdownLeaderElection(134)) - 7c431f9d-51bc-458b-a3a6-511ec217d887: shutdown LeaderElection
2019-10-17 06:48:01,885 [7c431f9d-51bc-458b-a3a6-511ec217d887@group-21BA9BD4283D-LeaderElection269] INFO  impl.RoleInfo (RoleInfo.java:updateAndGet(143)) - 7c431f9d-51bc-458b-a3a6-511ec217d887: start FollowerState
2019-10-17 06:48:01,997 [Thread-2553] INFO  impl.FollowerState (FollowerState.java:run(108)) - 7c431f9d-51bc-458b-a3a6-511ec217d887@group-21BA9BD4283D-FollowerState: change to CANDIDATE, lastRpcTime:111ms, electionTimeout:111ms
2019-10-17 06:48:01,997 [Thread-2553] INFO  impl.RoleInfo (RoleInfo.java:shutdownFollowerState(121)) - 7c431f9d-51bc-458b-a3a6-511ec217d887: shutdown FollowerState
2019-10-17 06:48:01,997 [Thread-2553] INFO  impl.RaftServerImpl (RaftServerImpl.java:setRole(184)) - 7c431f9d-51bc-458b-a3a6-511ec217d887@group-21BA9BD4283D: changes role from  FOLLOWER to CANDIDATE at term 213 for changeToCandidate
2019-10-17 06:48:01,997 [Thread-2553] INFO  impl.RoleInfo (RoleInfo.java:updateAndGet(143)) - 7c431f9d-51bc-458b-a3a6-511ec217d887: start LeaderElection
2019-10-17 06:48:02,101 [main] INFO  ozone.MiniOzoneClusterImpl (MiniOzoneClusterImpl.java:lambda$waitForClusterToBeReady$2(164)) - Waiting for 1 number of pipelines out of 4, to report a leader.
2019-10-17 06:48:02,108 [7c431f9d-51bc-458b-a3a6-511ec217d887@group-21BA9BD4283D-LeaderElection270] INFO  impl.LeaderElection (LeaderElection.java:askForVotes(178)) - 7c431f9d-51bc-458b-a3a6-511ec217d887@group-21BA9BD4283D-LeaderElection270: begin an election at term 214 for -1: [67f35358-9777-4ff9-96f4-8a61bc3a94fe:192.168.34.62:37037, 7c431f9d-51bc-458b-a3a6-511ec217d887:192.168.34.62:40420, b9cfa588-8e56-4331-be2f-4c26f25c6739:192.168.34.62:34777], old=null
2019-10-17 06:48:02,109 [grpc-default-executor-3] INFO  impl.RaftServerImpl (RaftServerImpl.java:setRole(184)) - 67f35358-9777-4ff9-96f4-8a61bc3a94fe@group-21BA9BD4283D: changes role from  FOLLOWER to FOLLOWER at term 214 for recognizeCandidate:7c431f9d-51bc-458b-a3a6-511ec217d887
2019-10-17 06:48:02,110 [grpc-default-executor-1] INFO  impl.RaftServerImpl (RaftServerImpl.java:setRole(184)) - b9cfa588-8e56-4331-be2f-4c26f25c6739@group-21BA9BD4283D: changes role from  FOLLOWER to FOLLOWER at term 214 for recognizeCandidate:7c431f9d-51bc-458b-a3a6-511ec217d887
2019-10-17 06:48:02,110 [grpc-default-executor-1] INFO  impl.RoleInfo (RoleInfo.java:shutdownFollowerState(121)) - b9cfa588-8e56-4331-be2f-4c26f25c6739: shutdown FollowerState
2019-10-17 06:48:02,110 [grpc-default-executor-3] INFO  impl.RoleInfo (RoleInfo.java:shutdownFollowerState(121)) - 67f35358-9777-4ff9-96f4-8a61bc3a94fe: shutdown FollowerState
2019-10-17 06:48:02,110 [Thread-2552] INFO  impl.FollowerState (FollowerState.java:run(117)) - b9cfa588-8e56-4331-be2f-4c26f25c6739@group-21BA9BD4283D-FollowerState was interrupted: java.lang.InterruptedException: sleep interrupted
2019-10-17 06:48:02,110 [grpc-default-executor-1] INFO  impl.RoleInfo (RoleInfo.java:updateAndGet(143)) - b9cfa588-8e56-4331-be2f-4c26f25c6739: start FollowerState
2019-10-17 06:48:02,110 [Thread-2551] INFO  impl.FollowerState (FollowerState.java:run(117)) - 67f35358-9777-4ff9-96f4-8a61bc3a94fe@group-21BA9BD4283D-FollowerState was interrupted: java.lang.InterruptedException: sleep interrupted
2019-10-17 06:48:02,110 [grpc-default-executor-3] INFO  impl.RoleInfo (RoleInfo.java:updateAndGet(143)) - 67f35358-9777-4ff9-96f4-8a61bc3a94fe: start FollowerState
2019-10-17 06:48:02,125 [7c431f9d-51bc-458b-a3a6-511ec217d887@group-21BA9BD4283D-LeaderElection270] INFO  impl.LeaderElection (LeaderElection.java:logAndReturn(56)) - 7c431f9d-51bc-458b-a3a6-511ec217d887@group-21BA9BD4283D-LeaderElection270: Election REJECTED; received 2 response(s) [7c431f9d-51bc-458b-a3a6-511ec217d887<-67f35358-9777-4ff9-96f4-8a61bc3a94fe#0:FAIL-t214, 7c431f9d-51bc-458b-a3a6-511ec217d887<-b9cfa588-8e56-4331-be2f-4c26f25c6739#0:FAIL-t214] and 0 exception(s); 7c431f9d-51bc-458b-a3a6-511ec217d887@group-21BA9BD4283D:t214, leader=null, voted=7c431f9d-51bc-458b-a3a6-511ec217d887, raftlog=7c431f9d-51bc-458b-a3a6-511ec217d887@group-21BA9BD4283D-SegmentedRaftLog:OPENED:c-1,f-1,i0, conf=-1: [67f35358-9777-4ff9-96f4-8a61bc3a94fe:192.168.34.62:37037, 7c431f9d-51bc-458b-a3a6-511ec217d887:192.168.34.62:40420, b9cfa588-8e56-4331-be2f-4c26f25c6739:192.168.34.62:34777], old=null
2019-10-17 06:48:02,125 [7c431f9d-51bc-458b-a3a6-511ec217d887@group-21BA9BD4283D-LeaderElection270] INFO  impl.RaftServerImpl (RaftServerImpl.java:setRole(184)) - 7c431f9d-51bc-458b-a3a6-511ec217d887@group-21BA9BD4283D: changes role from CANDIDATE to FOLLOWER at term 214 for DISCOVERED_A_NEW_TERM
2019-10-17 06:48:02,125 [7c431f9d-51bc-458b-a3a6-511ec217d887@group-21BA9BD4283D-LeaderElection270] INFO  impl.RoleInfo (RoleInfo.java:shutdownLeaderElection(134)) - 7c431f9d-51bc-458b-a3a6-511ec217d887: shutdown LeaderElection
2019-10-17 06:48:02,125 [7c431f9d-51bc-458b-a3a6-511ec217d887@group-21BA9BD4283D-LeaderElection270] INFO  impl.RoleInfo (RoleInfo.java:updateAndGet(143)) - 7c431f9d-51bc-458b-a3a6-511ec217d887: start FollowerState
2019-10-17 06:48:02,223 [Thread-2559] INFO  impl.FollowerState (FollowerState.java:run(108)) - 7c431f9d-51bc-458b-a3a6-511ec217d887@group-21BA9BD4283D-FollowerState: change to CANDIDATE, lastRpcTime:97ms, electionTimeout:97ms
2019-10-17 06:48:02,223 [Thread-2559] INFO  impl.RoleInfo (RoleInfo.java:shutdownFollowerState(121)) - 7c431f9d-51bc-458b-a3a6-511ec217d887: shutdown FollowerState
2019-10-17 06:48:02,223 [Thread-2559] INFO  impl.RaftServerImpl (RaftServerImpl.java:setRole(184)) - 7c431f9d-51bc-458b-a3a6-511ec217d887@group-21BA9BD4283D: changes role from  FOLLOWER to CANDIDATE at term 214 for changeToCandidate
2019-10-17 06:48:02,223 [Thread-2559] INFO  impl.RoleInfo (RoleInfo.java:updateAndGet(143)) - 7c431f9d-51bc-458b-a3a6-511ec217d887: start LeaderElection
2019-10-17 06:48:02,229 [7c431f9d-51bc-458b-a3a6-511ec217d887@group-21BA9BD4283D-LeaderElection271] INFO  impl.LeaderElection (LeaderElection.java:askForVotes(178)) - 7c431f9d-51bc-458b-a3a6-511ec217d887@group-21BA9BD4283D-LeaderElection271: begin an election at term 215 for -1: [67f35358-9777-4ff9-96f4-8a61bc3a94fe:192.168.34.62:37037, 7c431f9d-51bc-458b-a3a6-511ec217d887:192.168.34.62:40420, b9cfa588-8e56-4331-be2f-4c26f25c6739:192.168.34.62:34777], old=null
2019-10-17 06:48:02,230 [grpc-default-executor-1] INFO  impl.RaftServerImpl (RaftServerImpl.java:setRole(184)) - 67f35358-9777-4ff9-96f4-8a61bc3a94fe@group-21BA9BD4283D: changes role from  FOLLOWER to FOLLOWER at term 215 for recognizeCandidate:7c431f9d-51bc-458b-a3a6-511ec217d887
2019-10-17 06:48:02,230 [grpc-default-executor-3] INFO  impl.RaftServerImpl (RaftServerImpl.java:setRole(184)) - b9cfa588-8e56-4331-be2f-4c26f25c6739@group-21BA9BD4283D: changes role from  FOLLOWER to FOLLOWER at term 215 for recognizeCandidate:7c431f9d-51bc-458b-a3a6-511ec217d887
2019-10-17 06:48:02,230 [grpc-default-executor-1] INFO  impl.RoleInfo (RoleInfo.java:shutdownFollowerState(121)) - 67f35358-9777-4ff9-96f4-8a61bc3a94fe: shutdown FollowerState
2019-10-17 06:48:02,230 [grpc-default-executor-3] INFO  impl.RoleInfo (RoleInfo.java:shutdownFollowerState(121)) - b9cfa588-8e56-4331-be2f-4c26f25c6739: shutdown FollowerState
2019-10-17 06:48:02,230 [Thread-2558] INFO  impl.FollowerState (FollowerState.java:run(117)) - 67f35358-9777-4ff9-96f4-8a61bc3a94fe@group-21BA9BD4283D-FollowerState was interrupted: java.lang.InterruptedException: sleep interrupted
2019-10-17 06:48:02,231 [Thread-2557] INFO  impl.FollowerState (FollowerState.java:run(117)) - b9cfa588-8e56-4331-be2f-4c26f25c6739@group-21BA9BD4283D-FollowerState was interrupted: java.lang.InterruptedException: sleep interrupted
2019-10-17 06:48:02,230 [grpc-default-executor-1] INFO  impl.RoleInfo (RoleInfo.java:updateAndGet(143)) - 67f35358-9777-4ff9-96f4-8a61bc3a94fe: start FollowerState
2019-10-17 06:48:02,231 [grpc-default-executor-3] INFO  impl.RoleInfo (RoleInfo.java:updateAndGet(143)) - b9cfa588-8e56-4331-be2f-4c26f25c6739: start FollowerState
2019-10-17 06:48:02,248 [7c431f9d-51bc-458b-a3a6-511ec217d887@group-21BA9BD4283D-LeaderElection271] INFO  impl.LeaderElection (LeaderElection.java:logAndReturn(56)) - 7c431f9d-51bc-458b-a3a6-511ec217d887@group-21BA9BD4283D-LeaderElection271: Election REJECTED; received 2 response(s) [7c431f9d-51bc-458b-a3a6-511ec217d887<-67f35358-9777-4ff9-96f4-8a61bc3a94fe#0:FAIL-t215, 7c431f9d-51bc-458b-a3a6-511ec217d887<-b9cfa588-8e56-4331-be2f-4c26f25c6739#0:FAIL-t215] and 0 exception(s); 7c431f9d-51bc-458b-a3a6-511ec217d887@group-21BA9BD4283D:t215, leader=null, voted=7c431f9d-51bc-458b-a3a6-511ec217d887, raftlog=7c431f9d-51bc-458b-a3a6-511ec217d887@group-21BA9BD4283D-SegmentedRaftLog:OPENED:c-1,f-1,i0, conf=-1: [67f35358-9777-4ff9-96f4-8a61bc3a94fe:192.168.34.62:37037, 7c431f9d-51bc-458b-a3a6-511ec217d887:192.168.34.62:40420, b9cfa588-8e56-4331-be2f-4c26f25c6739:192.168.34.62:34777], old=null
2019-10-17 06:48:02,248 [7c431f9d-51bc-458b-a3a6-511ec217d887@group-21BA9BD4283D-LeaderElection271] INFO  impl.RaftServerImpl (RaftServerImpl.java:setRole(184)) - 7c431f9d-51bc-458b-a3a6-511ec217d887@group-21BA9BD4283D: changes role from CANDIDATE to FOLLOWER at term 215 for DISCOVERED_A_NEW_TERM
2019-10-17 06:48:02,248 [7c431f9d-51bc-458b-a3a6-511ec217d887@group-21BA9BD4283D-LeaderElection271] INFO  impl.RoleInfo (RoleInfo.java:shutdownLeaderElection(134)) - 7c431f9d-51bc-458b-a3a6-511ec217d887: shutdown LeaderElection
2019-10-17 06:48:02,249 [7c431f9d-51bc-458b-a3a6-511ec217d887@group-21BA9BD4283D-LeaderElection271] INFO  impl.RoleInfo (RoleInfo.java:updateAndGet(143)) - 7c431f9d-51bc-458b-a3a6-511ec217d887: start FollowerState
2019-10-17 06:48:02,249 [Thread-2565] INFO  impl.FollowerState (FollowerState.java:run(108)) - 7c431f9d-51bc-458b-a3a6-511ec217d887@group-21BA9BD4283D-FollowerState: change to CANDIDATE, lastRpcTime:0ms, electionTimeout:0ms
2019-10-17 06:48:02,249 [Thread-2565] INFO  impl.RoleInfo (RoleInfo.java:shutdownFollowerState(121)) - 7c431f9d-51bc-458b-a3a6-511ec217d887: shutdown FollowerState
2019-10-17 06:48:02,249 [Thread-2565] INFO  impl.RaftServerImpl (RaftServerImpl.java:setRole(184)) - 7c431f9d-51bc-458b-a3a6-511ec217d887@group-21BA9BD4283D: changes role from  FOLLOWER to CANDIDATE at term 215 for changeToCandidate
2019-10-17 06:48:02,249 [Thread-2565] INFO  impl.RoleInfo (RoleInfo.java:updateAndGet(143)) - 7c431f9d-51bc-458b-a3a6-511ec217d887: start LeaderElection
2019-10-17 06:48:02,256 [7c431f9d-51bc-458b-a3a6-511ec217d887@group-21BA9BD4283D-LeaderElection272] INFO  impl.LeaderElection (LeaderElection.java:askForVotes(178)) - 7c431f9d-51bc-458b-a3a6-511ec217d887@group-21BA9BD4283D-LeaderElection272: begin an election at term 216 for -1: [67f35358-9777-4ff9-96f4-8a61bc3a94fe:192.168.34.62:37037, 7c431f9d-51bc-458b-a3a6-511ec217d887:192.168.34.62:40420, b9cfa588-8e56-4331-be2f-4c26f25c6739:192.168.34.62:34777], old=null
2019-10-17 06:48:02,258 [grpc-default-executor-3] INFO  impl.RaftServerImpl (RaftServerImpl.java:setRole(184)) - 67f35358-9777-4ff9-96f4-8a61bc3a94fe@group-21BA9BD4283D: changes role from  FOLLOWER to FOLLOWER at term 216 for recognizeCandidate:7c431f9d-51bc-458b-a3a6-511ec217d887
2019-10-17 06:48:02,258 [grpc-default-executor-3] INFO  impl.RoleInfo (RoleInfo.java:shutdownFollowerState(121)) - 67f35358-9777-4ff9-96f4-8a61bc3a94fe: shutdown FollowerState
2019-10-17 06:48:02,258 [grpc-default-executor-1] INFO  impl.RaftServerImpl (RaftServerImpl.java:setRole(184)) - b9cfa588-8e56-4331-be2f-4c26f25c6739@group-21BA9BD4283D: changes role from  FOLLOWER to FOLLOWER at term 216 for recognizeCandidate:7c431f9d-51bc-458b-a3a6-511ec217d887
2019-10-17 06:48:02,258 [Thread-2563] INFO  impl.FollowerState (FollowerState.java:run(117)) - 67f35358-9777-4ff9-96f4-8a61bc3a94fe@group-21BA9BD4283D-FollowerState was interrupted: java.lang.InterruptedException: sleep interrupted
2019-10-17 06:48:02,258 [grpc-default-executor-3] INFO  impl.RoleInfo (RoleInfo.java:updateAndGet(143)) - 67f35358-9777-4ff9-96f4-8a61bc3a94fe: start FollowerState
2019-10-17 06:48:02,258 [grpc-default-executor-1] INFO  impl.RoleInfo (RoleInfo.java:shutdownFollowerState(121)) - b9cfa588-8e56-4331-be2f-4c26f25c6739: shutdown FollowerState
2019-10-17 06:48:02,259 [grpc-default-executor-1] INFO  impl.RoleInfo (RoleInfo.java:updateAndGet(143)) - b9cfa588-8e56-4331-be2f-4c26f25c6739: start FollowerState
2019-10-17 06:48:02,259 [Thread-2564] INFO  impl.FollowerState (FollowerState.java:run(117)) - b9cfa588-8e56-4331-be2f-4c26f25c6739@group-21BA9BD4283D-FollowerState was interrupted: java.lang.InterruptedException: sleep interrupted
2019-10-17 06:48:02,267 [7c431f9d-51bc-458b-a3a6-511ec217d887@group-21BA9BD4283D-LeaderElection272] INFO  impl.LeaderElection (LeaderElection.java:logAndReturn(56)) - 7c431f9d-51bc-458b-a3a6-511ec217d887@group-21BA9BD4283D-LeaderElection272: Election REJECTED; received 2 response(s) [7c431f9d-51bc-458b-a3a6-511ec217d887<-67f35358-9777-4ff9-96f4-8a61bc3a94fe#0:FAIL-t216, 7c431f9d-51bc-458b-a3a6-511ec217d887<-b9cfa588-8e56-4331-be2f-4c26f25c6739#0:FAIL-t216] and 0 exception(s); 7c431f9d-51bc-458b-a3a6-511ec217d887@group-21BA9BD4283D:t216, leader=null, voted=7c431f9d-51bc-458b-a3a6-511ec217d887, raftlog=7c431f9d-51bc-458b-a3a6-511ec217d887@group-21BA9BD4283D-SegmentedRaftLog:OPENED:c-1,f-1,i0, conf=-1: [67f35358-9777-4ff9-96f4-8a61bc3a94fe:192.168.34.62:37037, 7c431f9d-51bc-458b-a3a6-511ec217d887:192.168.34.62:40420, b9cfa588-8e56-4331-be2f-4c26f25c6739:192.168.34.62:34777], old=null
2019-10-17 06:48:02,267 [7c431f9d-51bc-458b-a3a6-511ec217d887@group-21BA9BD4283D-LeaderElection272] INFO  impl.RaftServerImpl (RaftServerImpl.java:setRole(184)) - 7c431f9d-51bc-458b-a3a6-511ec217d887@group-21BA9BD4283D: changes role from CANDIDATE to FOLLOWER at term 216 for DISCOVERED_A_NEW_TERM
2019-10-17 06:48:02,267 [7c431f9d-51bc-458b-a3a6-511ec217d887@group-21BA9BD4283D-LeaderElection272] INFO  impl.RoleInfo (RoleInfo.java:shutdownLeaderElection(134)) - 7c431f9d-51bc-458b-a3a6-511ec217d887: shutdown LeaderElection
2019-10-17 06:48:02,267 [7c431f9d-51bc-458b-a3a6-511ec217d887@group-21BA9BD4283D-LeaderElection272] INFO  impl.RoleInfo (RoleInfo.java:updateAndGet(143)) - 7c431f9d-51bc-458b-a3a6-511ec217d887: start FollowerState
2019-10-17 06:48:02,368 [Thread-2571] INFO  impl.FollowerState (FollowerState.java:run(108)) - 7c431f9d-51bc-458b-a3a6-511ec217d887@group-21BA9BD4283D-FollowerState: change to CANDIDATE, lastRpcTime:101ms, electionTimeout:101ms
2019-10-17 06:48:02,369 [Thread-2571] INFO  impl.RoleInfo (RoleInfo.java:shutdownFollowerState(121)) - 7c431f9d-51bc-458b-a3a6-511ec217d887: shutdown FollowerState
2019-10-17 06:48:02,369 [Thread-2571] INFO  impl.RaftServerImpl (RaftServerImpl.java:setRole(184)) - 7c431f9d-51bc-458b-a3a6-511ec217d887@group-21BA9BD4283D: changes role from  FOLLOWER to CANDIDATE at term 216 for changeToCandidate
2019-10-17 06:48:02,369 [Thread-2571] INFO  impl.RoleInfo (RoleInfo.java:updateAndGet(143)) - 7c431f9d-51bc-458b-a3a6-511ec217d887: start LeaderElection
2019-10-17 06:48:02,375 [7c431f9d-51bc-458b-a3a6-511ec217d887@group-21BA9BD4283D-LeaderElection273] INFO  impl.LeaderElection (LeaderElection.java:askForVotes(178)) - 7c431f9d-51bc-458b-a3a6-511ec217d887@group-21BA9BD4283D-LeaderElection273: begin an election at term 217 for -1: [67f35358-9777-4ff9-96f4-8a61bc3a94fe:192.168.34.62:37037, 7c431f9d-51bc-458b-a3a6-511ec217d887:192.168.34.62:40420, b9cfa588-8e56-4331-be2f-4c26f25c6739:192.168.34.62:34777], old=null
2019-10-17 06:48:02,376 [grpc-default-executor-1] INFO  impl.RaftServerImpl (RaftServerImpl.java:setRole(184)) - b9cfa588-8e56-4331-be2f-4c26f25c6739@group-21BA9BD4283D: changes role from  FOLLOWER to FOLLOWER at term 217 for recognizeCandidate:7c431f9d-51bc-458b-a3a6-511ec217d887
2019-10-17 06:48:02,376 [grpc-default-executor-3] INFO  impl.RaftServerImpl (RaftServerImpl.java:setRole(184)) - 67f35358-9777-4ff9-96f4-8a61bc3a94fe@group-21BA9BD4283D: changes role from  FOLLOWER to FOLLOWER at term 217 for recognizeCandidate:7c431f9d-51bc-458b-a3a6-511ec217d887
2019-10-17 06:48:02,377 [grpc-default-executor-1] INFO  impl.RoleInfo (RoleInfo.java:shutdownFollowerState(121)) - b9cfa588-8e56-4331-be2f-4c26f25c6739: shutdown FollowerState
2019-10-17 06:48:02,377 [grpc-default-executor-3] INFO  impl.RoleInfo (RoleInfo.java:shutdownFollowerState(121)) - 67f35358-9777-4ff9-96f4-8a61bc3a94fe: shutdown FollowerState
2019-10-17 06:48:02,377 [Thread-2570] INFO  impl.FollowerState (FollowerState.java:run(117)) - b9cfa588-8e56-4331-be2f-4c26f25c6739@group-21BA9BD4283D-FollowerState was interrupted: java.lang.InterruptedException: sleep interrupted
2019-10-17 06:48:02,377 [grpc-default-executor-1] INFO  impl.RoleInfo (RoleInfo.java:updateAndGet(143)) - b9cfa588-8e56-4331-be2f-4c26f25c6739: start FollowerState
2019-10-17 06:48:02,377 [Thread-2569] INFO  impl.FollowerState (FollowerState.java:run(117)) - 67f35358-9777-4ff9-96f4-8a61bc3a94fe@group-21BA9BD4283D-FollowerState was interrupted: java.lang.InterruptedException: sleep interrupted
2019-10-17 06:48:02,377 [grpc-default-executor-3] INFO  impl.RoleInfo (RoleInfo.java:updateAndGet(143)) - 67f35358-9777-4ff9-96f4-8a61bc3a94fe: start FollowerState
2019-10-17 06:48:02,395 [7c431f9d-51bc-458b-a3a6-511ec217d887@group-21BA9BD4283D-LeaderElection273] INFO  impl.LeaderElection (LeaderElection.java:logAndReturn(56)) - 7c431f9d-51bc-458b-a3a6-511ec217d887@group-21BA9BD4283D-LeaderElection273: Election REJECTED; received 2 response(s) [7c431f9d-51bc-458b-a3a6-511ec217d887<-67f35358-9777-4ff9-96f4-8a61bc3a94fe#0:FAIL-t217, 7c431f9d-51bc-458b-a3a6-511ec217d887<-b9cfa588-8e56-4331-be2f-4c26f25c6739#0:FAIL-t217] and 0 exception(s); 7c431f9d-51bc-458b-a3a6-511ec217d887@group-21BA9BD4283D:t217, leader=null, voted=7c431f9d-51bc-458b-a3a6-511ec217d887, raftlog=7c431f9d-51bc-458b-a3a6-511ec217d887@group-21BA9BD4283D-SegmentedRaftLog:OPENED:c-1,f-1,i0, conf=-1: [67f35358-9777-4ff9-96f4-8a61bc3a94fe:192.168.34.62:37037, 7c431f9d-51bc-458b-a3a6-511ec217d887:192.168.34.62:40420, b9cfa588-8e56-4331-be2f-4c26f25c6739:192.168.34.62:34777], old=null
2019-10-17 06:48:02,395 [7c431f9d-51bc-458b-a3a6-511ec217d887@group-21BA9BD4283D-LeaderElection273] INFO  impl.RaftServerImpl (RaftServerImpl.java:setRole(184)) - 7c431f9d-51bc-458b-a3a6-511ec217d887@group-21BA9BD4283D: changes role from CANDIDATE to FOLLOWER at term 217 for DISCOVERED_A_NEW_TERM
2019-10-17 06:48:02,395 [7c431f9d-51bc-458b-a3a6-511ec217d887@group-21BA9BD4283D-LeaderElection273] INFO  impl.RoleInfo (RoleInfo.java:shutdownLeaderElection(134)) - 7c431f9d-51bc-458b-a3a6-511ec217d887: shutdown LeaderElection
2019-10-17 06:48:02,395 [7c431f9d-51bc-458b-a3a6-511ec217d887@group-21BA9BD4283D-LeaderElection273] INFO  impl.RoleInfo (RoleInfo.java:updateAndGet(143)) - 7c431f9d-51bc-458b-a3a6-511ec217d887: start FollowerState
2019-10-17 06:48:02,532 [Thread-2577] INFO  impl.FollowerState (FollowerState.java:run(108)) - 7c431f9d-51bc-458b-a3a6-511ec217d887@group-21BA9BD4283D-FollowerState: change to CANDIDATE, lastRpcTime:136ms, electionTimeout:136ms
2019-10-17 06:48:02,532 [Thread-2577] INFO  impl.RoleInfo (RoleInfo.java:shutdownFollowerState(121)) - 7c431f9d-51bc-458b-a3a6-511ec217d887: shutdown FollowerState
2019-10-17 06:48:02,532 [Thread-2577] INFO  impl.RaftServerImpl (RaftServerImpl.java:setRole(184)) - 7c431f9d-51bc-458b-a3a6-511ec217d887@group-21BA9BD4283D: changes role from  FOLLOWER to CANDIDATE at term 217 for changeToCandidate
2019-10-17 06:48:02,532 [Thread-2577] INFO  impl.RoleInfo (RoleInfo.java:updateAndGet(143)) - 7c431f9d-51bc-458b-a3a6-511ec217d887: start LeaderElection
2019-10-17 06:48:02,536 [7c431f9d-51bc-458b-a3a6-511ec217d887@group-21BA9BD4283D-LeaderElection274] INFO  impl.LeaderElection (LeaderElection.java:askForVotes(178)) - 7c431f9d-51bc-458b-a3a6-511ec217d887@group-21BA9BD4283D-LeaderElection274: begin an election at term 218 for -1: [67f35358-9777-4ff9-96f4-8a61bc3a94fe:192.168.34.62:37037, 7c431f9d-51bc-458b-a3a6-511ec217d887:192.168.34.62:40420, b9cfa588-8e56-4331-be2f-4c26f25c6739:192.168.34.62:34777], old=null
2019-10-17 06:48:02,538 [grpc-default-executor-1] INFO  impl.RaftServerImpl (RaftServerImpl.java:setRole(184)) - 67f35358-9777-4ff9-96f4-8a61bc3a94fe@group-21BA9BD4283D: changes role from  FOLLOWER to FOLLOWER at term 218 for recognizeCandidate:7c431f9d-51bc-458b-a3a6-511ec217d887
2019-10-17 06:48:02,538 [grpc-default-executor-1] INFO  impl.RoleInfo (RoleInfo.java:shutdownFollowerState(121)) - 67f35358-9777-4ff9-96f4-8a61bc3a94fe: shutdown FollowerState
2019-10-17 06:48:02,538 [grpc-default-executor-3] INFO  impl.RaftServerImpl (RaftServerImpl.java:setRole(184)) - b9cfa588-8e56-4331-be2f-4c26f25c6739@group-21BA9BD4283D: changes role from  FOLLOWER to FOLLOWER at term 218 for recognizeCandidate:7c431f9d-51bc-458b-a3a6-511ec217d887
2019-10-17 06:48:02,539 [grpc-default-executor-3] INFO  impl.RoleInfo (RoleInfo.java:shutdownFollowerState(121)) - b9cfa588-8e56-4331-be2f-4c26f25c6739: shutdown FollowerState
2019-10-17 06:48:02,539 [Thread-2576] INFO  impl.FollowerState (FollowerState.java:run(117)) - 67f35358-9777-4ff9-96f4-8a61bc3a94fe@group-21BA9BD4283D-FollowerState was interrupted: java.lang.InterruptedException: sleep interrupted
2019-10-17 06:48:02,539 [grpc-default-executor-1] INFO  impl.RoleInfo (RoleInfo.java:updateAndGet(143)) - 67f35358-9777-4ff9-96f4-8a61bc3a94fe: start FollowerState
2019-10-17 06:48:02,539 [Thread-2575] INFO  impl.FollowerState (FollowerState.java:run(117)) - b9cfa588-8e56-4331-be2f-4c26f25c6739@group-21BA9BD4283D-FollowerState was interrupted: java.lang.InterruptedException: sleep interrupted
2019-10-17 06:48:02,539 [grpc-default-executor-3] INFO  impl.RoleInfo (RoleInfo.java:updateAndGet(143)) - b9cfa588-8e56-4331-be2f-4c26f25c6739: start FollowerState
2019-10-17 06:48:02,566 [7c431f9d-51bc-458b-a3a6-511ec217d887@group-21BA9BD4283D-LeaderElection274] INFO  impl.LeaderElection (LeaderElection.java:logAndReturn(56)) - 7c431f9d-51bc-458b-a3a6-511ec217d887@group-21BA9BD4283D-LeaderElection274: Election REJECTED; received 2 response(s) [7c431f9d-51bc-458b-a3a6-511ec217d887<-67f35358-9777-4ff9-96f4-8a61bc3a94fe#0:FAIL-t218, 7c431f9d-51bc-458b-a3a6-511ec217d887<-b9cfa588-8e56-4331-be2f-4c26f25c6739#0:FAIL-t218] and 0 exception(s); 7c431f9d-51bc-458b-a3a6-511ec217d887@group-21BA9BD4283D:t218, leader=null, voted=7c431f9d-51bc-458b-a3a6-511ec217d887, raftlog=7c431f9d-51bc-458b-a3a6-511ec217d887@group-21BA9BD4283D-SegmentedRaftLog:OPENED:c-1,f-1,i0, conf=-1: [67f35358-9777-4ff9-96f4-8a61bc3a94fe:192.168.34.62:37037, 7c431f9d-51bc-458b-a3a6-511ec217d887:192.168.34.62:40420, b9cfa588-8e56-4331-be2f-4c26f25c6739:192.168.34.62:34777], old=null
2019-10-17 06:48:02,566 [7c431f9d-51bc-458b-a3a6-511ec217d887@group-21BA9BD4283D-LeaderElection274] INFO  impl.RaftServerImpl (RaftServerImpl.java:setRole(184)) - 7c431f9d-51bc-458b-a3a6-511ec217d887@group-21BA9BD4283D: changes role from CANDIDATE to FOLLOWER at term 218 for DISCOVERED_A_NEW_TERM
2019-10-17 06:48:02,566 [7c431f9d-51bc-458b-a3a6-511ec217d887@group-21BA9BD4283D-LeaderElection274] INFO  impl.RoleInfo (RoleInfo.java:shutdownLeaderElection(134)) - 7c431f9d-51bc-458b-a3a6-511ec217d887: shutdown LeaderElection
2019-10-17 06:48:02,567 [7c431f9d-51bc-458b-a3a6-511ec217d887@group-21BA9BD4283D-LeaderElection274] INFO  impl.RoleInfo (RoleInfo.java:updateAndGet(143)) - 7c431f9d-51bc-458b-a3a6-511ec217d887: start FollowerState
2019-10-17 06:48:02,747 [Thread-2583] INFO  impl.FollowerState (FollowerState.java:run(108)) - 7c431f9d-51bc-458b-a3a6-511ec217d887@group-21BA9BD4283D-FollowerState: change to CANDIDATE, lastRpcTime:180ms, electionTimeout:180ms
2019-10-17 06:48:02,747 [Thread-2583] INFO  impl.RoleInfo (RoleInfo.java:shutdownFollowerState(121)) - 7c431f9d-51bc-458b-a3a6-511ec217d887: shutdown FollowerState
2019-10-17 06:48:02,747 [Thread-2583] INFO  impl.RaftServerImpl (RaftServerImpl.java:setRole(184)) - 7c431f9d-51bc-458b-a3a6-511ec217d887@group-21BA9BD4283D: changes role from  FOLLOWER to CANDIDATE at term 218 for changeToCandidate
2019-10-17 06:48:02,747 [Thread-2583] INFO  impl.RoleInfo (RoleInfo.java:updateAndGet(143)) - 7c431f9d-51bc-458b-a3a6-511ec217d887: start LeaderElection
2019-10-17 06:48:02,757 [7c431f9d-51bc-458b-a3a6-511ec217d887@group-21BA9BD4283D-LeaderElection275] INFO  impl.LeaderElection (LeaderElection.java:askForVotes(178)) - 7c431f9d-51bc-458b-a3a6-511ec217d887@group-21BA9BD4283D-LeaderElection275: begin an election at term 219 for -1: [67f35358-9777-4ff9-96f4-8a61bc3a94fe:192.168.34.62:37037, 7c431f9d-51bc-458b-a3a6-511ec217d887:192.168.34.62:40420, b9cfa588-8e56-4331-be2f-4c26f25c6739:192.168.34.62:34777], old=null
2019-10-17 06:48:02,759 [grpc-default-executor-3] INFO  impl.RaftServerImpl (RaftServerImpl.java:setRole(184)) - 67f35358-9777-4ff9-96f4-8a61bc3a94fe@group-21BA9BD4283D: changes role from  FOLLOWER to FOLLOWER at term 219 for recognizeCandidate:7c431f9d-51bc-458b-a3a6-511ec217d887
2019-10-17 06:48:02,759 [grpc-default-executor-1] INFO  impl.RaftServerImpl (RaftServerImpl.java:setRole(184)) - b9cfa588-8e56-4331-be2f-4c26f25c6739@group-21BA9BD4283D: changes role from  FOLLOWER to FOLLOWER at term 219 for recognizeCandidate:7c431f9d-51bc-458b-a3a6-511ec217d887
2019-10-17 06:48:02,759 [grpc-default-executor-3] INFO  impl.RoleInfo (RoleInfo.java:shutdownFollowerState(121)) - 67f35358-9777-4ff9-96f4-8a61bc3a94fe: shutdown FollowerState
2019-10-17 06:48:02,759 [grpc-default-executor-1] INFO  impl.RoleInfo (RoleInfo.java:shutdownFollowerState(121)) - b9cfa588-8e56-4331-be2f-4c26f25c6739: shutdown FollowerState
2019-10-17 06:48:02,759 [grpc-default-executor-3] INFO  impl.RoleInfo (RoleInfo.java:updateAndGet(143)) - 67f35358-9777-4ff9-96f4-8a61bc3a94fe: start FollowerState
2019-10-17 06:48:02,759 [Thread-2582] INFO  impl.FollowerState (FollowerState.java:run(117)) - b9cfa588-8e56-4331-be2f-4c26f25c6739@group-21BA9BD4283D-FollowerState was interrupted: java.lang.InterruptedException: sleep interrupted
2019-10-17 06:48:02,759 [grpc-default-executor-1] INFO  impl.RoleInfo (RoleInfo.java:updateAndGet(143)) - b9cfa588-8e56-4331-be2f-4c26f25c6739: start FollowerState
2019-10-17 06:48:02,759 [Thread-2581] INFO  impl.FollowerState (FollowerState.java:run(117)) - 67f35358-9777-4ff9-96f4-8a61bc3a94fe@group-21BA9BD4283D-FollowerState was interrupted: java.lang.InterruptedException: sleep interrupted
2019-10-17 06:48:02,767 [7c431f9d-51bc-458b-a3a6-511ec217d887@group-21BA9BD4283D-LeaderElection275] INFO  impl.LeaderElection (LeaderElection.java:logAndReturn(56)) - 7c431f9d-51bc-458b-a3a6-511ec217d887@group-21BA9BD4283D-LeaderElection275: Election REJECTED; received 2 response(s) [7c431f9d-51bc-458b-a3a6-511ec217d887<-67f35358-9777-4ff9-96f4-8a61bc3a94fe#0:FAIL-t219, 7c431f9d-51bc-458b-a3a6-511ec217d887<-b9cfa588-8e56-4331-be2f-4c26f25c6739#0:FAIL-t219] and 0 exception(s); 7c431f9d-51bc-458b-a3a6-511ec217d887@group-21BA9BD4283D:t219, leader=null, voted=7c431f9d-51bc-458b-a3a6-511ec217d887, raftlog=7c431f9d-51bc-458b-a3a6-511ec217d887@group-21BA9BD4283D-SegmentedRaftLog:OPENED:c-1,f-1,i0, conf=-1: [67f35358-9777-4ff9-96f4-8a61bc3a94fe:192.168.34.62:37037, 7c431f9d-51bc-458b-a3a6-511ec217d887:192.168.34.62:40420, b9cfa588-8e56-4331-be2f-4c26f25c6739:192.168.34.62:34777], old=null
2019-10-17 06:48:02,767 [7c431f9d-51bc-458b-a3a6-511ec217d887@group-21BA9BD4283D-LeaderElection275] INFO  impl.RaftServerImpl (RaftServerImpl.java:setRole(184)) - 7c431f9d-51bc-458b-a3a6-511ec217d887@group-21BA9BD4283D: changes role from CANDIDATE to FOLLOWER at term 219 for DISCOVERED_A_NEW_TERM
2019-10-17 06:48:02,767 [7c431f9d-51bc-458b-a3a6-511ec217d887@group-21BA9BD4283D-LeaderElection275] INFO  impl.RoleInfo (RoleInfo.java:shutdownLeaderElection(134)) - 7c431f9d-51bc-458b-a3a6-511ec217d887: shutdown LeaderElection
2019-10-17 06:48:02,769 [7c431f9d-51bc-458b-a3a6-511ec217d887@group-21BA9BD4283D-LeaderElection275] INFO  impl.RoleInfo (RoleInfo.java:updateAndGet(143)) - 7c431f9d-51bc-458b-a3a6-511ec217d887: start FollowerState
2019-10-17 06:48:02,868 [Thread-2589] INFO  impl.FollowerState (FollowerState.java:run(108)) - 7c431f9d-51bc-458b-a3a6-511ec217d887@group-21BA9BD4283D-FollowerState: change to CANDIDATE, lastRpcTime:99ms, electionTimeout:99ms
2019-10-17 06:48:02,868 [Thread-2589] INFO  impl.RoleInfo (RoleInfo.java:shutdownFollowerState(121)) - 7c431f9d-51bc-458b-a3a6-511ec217d887: shutdown FollowerState
2019-10-17 06:48:02,868 [Thread-2589] INFO  impl.RaftServerImpl (RaftServerImpl.java:setRole(184)) - 7c431f9d-51bc-458b-a3a6-511ec217d887@group-21BA9BD4283D: changes role from  FOLLOWER to CANDIDATE at term 219 for changeToCandidate
2019-10-17 06:48:02,869 [Thread-2589] INFO  impl.RoleInfo (RoleInfo.java:updateAndGet(143)) - 7c431f9d-51bc-458b-a3a6-511ec217d887: start LeaderElection
2019-10-17 06:48:02,879 [7c431f9d-51bc-458b-a3a6-511ec217d887@group-21BA9BD4283D-LeaderElection276] INFO  impl.LeaderElection (LeaderElection.java:askForVotes(178)) - 7c431f9d-51bc-458b-a3a6-511ec217d887@group-21BA9BD4283D-LeaderElection276: begin an election at term 220 for -1: [67f35358-9777-4ff9-96f4-8a61bc3a94fe:192.168.34.62:37037, 7c431f9d-51bc-458b-a3a6-511ec217d887:192.168.34.62:40420, b9cfa588-8e56-4331-be2f-4c26f25c6739:192.168.34.62:34777], old=null
2019-10-17 06:48:02,880 [grpc-default-executor-1] INFO  impl.RaftServerImpl (RaftServerImpl.java:setRole(184)) - b9cfa588-8e56-4331-be2f-4c26f25c6739@group-21BA9BD4283D: changes role from  FOLLOWER to FOLLOWER at term 220 for recognizeCandidate:7c431f9d-51bc-458b-a3a6-511ec217d887
2019-10-17 06:48:02,880 [grpc-default-executor-3] INFO  impl.RaftServerImpl (RaftServerImpl.java:setRole(184)) - 67f35358-9777-4ff9-96f4-8a61bc3a94fe@group-21BA9BD4283D: changes role from  FOLLOWER to FOLLOWER at term 220 for recognizeCandidate:7c431f9d-51bc-458b-a3a6-511ec217d887
2019-10-17 06:48:02,880 [grpc-default-executor-1] INFO  impl.RoleInfo (RoleInfo.java:shutdownFollowerState(121)) - b9cfa588-8e56-4331-be2f-4c26f25c6739: shutdown FollowerState
2019-10-17 06:48:02,880 [grpc-default-executor-3] INFO  impl.RoleInfo (RoleInfo.java:shutdownFollowerState(121)) - 67f35358-9777-4ff9-96f4-8a61bc3a94fe: shutdown FollowerState
2019-10-17 06:48:02,881 [Thread-2588] INFO  impl.FollowerState (FollowerState.java:run(117)) - b9cfa588-8e56-4331-be2f-4c26f25c6739@group-21BA9BD4283D-FollowerState was interrupted: java.lang.InterruptedException: sleep interrupted
2019-10-17 06:48:02,881 [grpc-default-executor-1] INFO  impl.RoleInfo (RoleInfo.java:updateAndGet(143)) - b9cfa588-8e56-4331-be2f-4c26f25c6739: start FollowerState
2019-10-17 06:48:02,881 [Thread-2587] INFO  impl.FollowerState (FollowerState.java:run(117)) - 67f35358-9777-4ff9-96f4-8a61bc3a94fe@group-21BA9BD4283D-FollowerState was interrupted: java.lang.InterruptedException: sleep interrupted
2019-10-17 06:48:02,881 [grpc-default-executor-3] INFO  impl.RoleInfo (RoleInfo.java:updateAndGet(143)) - 67f35358-9777-4ff9-96f4-8a61bc3a94fe: start FollowerState
2019-10-17 06:48:02,903 [7c431f9d-51bc-458b-a3a6-511ec217d887@group-21BA9BD4283D-LeaderElection276] INFO  impl.LeaderElection (LeaderElection.java:logAndReturn(56)) - 7c431f9d-51bc-458b-a3a6-511ec217d887@group-21BA9BD4283D-LeaderElection276: Election REJECTED; received 2 response(s) [7c431f9d-51bc-458b-a3a6-511ec217d887<-67f35358-9777-4ff9-96f4-8a61bc3a94fe#0:FAIL-t220, 7c431f9d-51bc-458b-a3a6-511ec217d887<-b9cfa588-8e56-4331-be2f-4c26f25c6739#0:FAIL-t220] and 0 exception(s); 7c431f9d-51bc-458b-a3a6-511ec217d887@group-21BA9BD4283D:t220, leader=null, voted=7c431f9d-51bc-458b-a3a6-511ec217d887, raftlog=7c431f9d-51bc-458b-a3a6-511ec217d887@group-21BA9BD4283D-SegmentedRaftLog:OPENED:c-1,f-1,i0, conf=-1: [67f35358-9777-4ff9-96f4-8a61bc3a94fe:192.168.34.62:37037, 7c431f9d-51bc-458b-a3a6-511ec217d887:192.168.34.62:40420, b9cfa588-8e56-4331-be2f-4c26f25c6739:192.168.34.62:34777], old=null
2019-10-17 06:48:02,903 [7c431f9d-51bc-458b-a3a6-511ec217d887@group-21BA9BD4283D-LeaderElection276] INFO  impl.RaftServerImpl (RaftServerImpl.java:setRole(184)) - 7c431f9d-51bc-458b-a3a6-511ec217d887@group-21BA9BD4283D: changes role from CANDIDATE to FOLLOWER at term 220 for DISCOVERED_A_NEW_TERM
2019-10-17 06:48:02,903 [7c431f9d-51bc-458b-a3a6-511ec217d887@group-21BA9BD4283D-LeaderElection276] INFO  impl.RoleInfo (RoleInfo.java:shutdownLeaderElection(134)) - 7c431f9d-51bc-458b-a3a6-511ec217d887: shutdown LeaderElection
2019-10-17 06:48:02,903 [7c431f9d-51bc-458b-a3a6-511ec217d887@group-21BA9BD4283D-LeaderElection276] INFO  impl.RoleInfo (RoleInfo.java:updateAndGet(143)) - 7c431f9d-51bc-458b-a3a6-511ec217d887: start FollowerState
2019-10-17 06:48:03,027 [Thread-2595] INFO  impl.FollowerState (FollowerState.java:run(108)) - 7c431f9d-51bc-458b-a3a6-511ec217d887@group-21BA9BD4283D-FollowerState: change to CANDIDATE, lastRpcTime:123ms, electionTimeout:123ms
2019-10-17 06:48:03,027 [Thread-2595] INFO  impl.RoleInfo (RoleInfo.java:shutdownFollowerState(121)) - 7c431f9d-51bc-458b-a3a6-511ec217d887: shutdown FollowerState
2019-10-17 06:48:03,027 [Thread-2595] INFO  impl.RaftServerImpl (RaftServerImpl.java:setRole(184)) - 7c431f9d-51bc-458b-a3a6-511ec217d887@group-21BA9BD4283D: changes role from  FOLLOWER to CANDIDATE at term 220 for changeToCandidate
2019-10-17 06:48:03,027 [Thread-2595] INFO  impl.RoleInfo (RoleInfo.java:updateAndGet(143)) - 7c431f9d-51bc-458b-a3a6-511ec217d887: start LeaderElection
2019-10-17 06:48:03,041 [7c431f9d-51bc-458b-a3a6-511ec217d887@group-21BA9BD4283D-LeaderElection277] INFO  impl.LeaderElection (LeaderElection.java:askForVotes(178)) - 7c431f9d-51bc-458b-a3a6-511ec217d887@group-21BA9BD4283D-LeaderElection277: begin an election at term 221 for -1: [67f35358-9777-4ff9-96f4-8a61bc3a94fe:192.168.34.62:37037, 7c431f9d-51bc-458b-a3a6-511ec217d887:192.168.34.62:40420, b9cfa588-8e56-4331-be2f-4c26f25c6739:192.168.34.62:34777], old=null
2019-10-17 06:48:03,042 [grpc-default-executor-1] INFO  impl.RaftServerImpl (RaftServerImpl.java:setRole(184)) - 67f35358-9777-4ff9-96f4-8a61bc3a94fe@group-21BA9BD4283D: changes role from  FOLLOWER to FOLLOWER at term 221 for recognizeCandidate:7c431f9d-51bc-458b-a3a6-511ec217d887
2019-10-17 06:48:03,042 [grpc-default-executor-3] INFO  impl.RaftServerImpl (RaftServerImpl.java:setRole(184)) - b9cfa588-8e56-4331-be2f-4c26f25c6739@group-21BA9BD4283D: changes role from  FOLLOWER to FOLLOWER at term 221 for recognizeCandidate:7c431f9d-51bc-458b-a3a6-511ec217d887
2019-10-17 06:48:03,042 [grpc-default-executor-1] INFO  impl.RoleInfo (RoleInfo.java:shutdownFollowerState(121)) - 67f35358-9777-4ff9-96f4-8a61bc3a94fe: shutdown FollowerState
2019-10-17 06:48:03,042 [grpc-default-executor-3] INFO  impl.RoleInfo (RoleInfo.java:shutdownFollowerState(121)) - b9cfa588-8e56-4331-be2f-4c26f25c6739: shutdown FollowerState
2019-10-17 06:48:03,043 [Thread-2594] INFO  impl.FollowerState (FollowerState.java:run(117)) - 67f35358-9777-4ff9-96f4-8a61bc3a94fe@group-21BA9BD4283D-FollowerState was interrupted: java.lang.InterruptedException: sleep interrupted
2019-10-17 06:48:03,043 [Thread-2593] INFO  impl.FollowerState (FollowerState.java:run(117)) - b9cfa588-8e56-4331-be2f-4c26f25c6739@group-21BA9BD4283D-FollowerState was interrupted: java.lang.InterruptedException: sleep interrupted
2019-10-17 06:48:03,042 [grpc-default-executor-1] INFO  impl.RoleInfo (RoleInfo.java:updateAndGet(143)) - 67f35358-9777-4ff9-96f4-8a61bc3a94fe: start FollowerState
2019-10-17 06:48:03,043 [grpc-default-executor-3] INFO  impl.RoleInfo (RoleInfo.java:updateAndGet(143)) - b9cfa588-8e56-4331-be2f-4c26f25c6739: start FollowerState
2019-10-17 06:48:03,057 [7c431f9d-51bc-458b-a3a6-511ec217d887@group-21BA9BD4283D-LeaderElection277] INFO  impl.LeaderElection (LeaderElection.java:logAndReturn(56)) - 7c431f9d-51bc-458b-a3a6-511ec217d887@group-21BA9BD4283D-LeaderElection277: Election REJECTED; received 2 response(s) [7c431f9d-51bc-458b-a3a6-511ec217d887<-67f35358-9777-4ff9-96f4-8a61bc3a94fe#0:FAIL-t221, 7c431f9d-51bc-458b-a3a6-511ec217d887<-b9cfa588-8e56-4331-be2f-4c26f25c6739#0:FAIL-t221] and 0 exception(s); 7c431f9d-51bc-458b-a3a6-511ec217d887@group-21BA9BD4283D:t221, leader=null, voted=7c431f9d-51bc-458b-a3a6-511ec217d887, raftlog=7c431f9d-51bc-458b-a3a6-511ec217d887@group-21BA9BD4283D-SegmentedRaftLog:OPENED:c-1,f-1,i0, conf=-1: [67f35358-9777-4ff9-96f4-8a61bc3a94fe:192.168.34.62:37037, 7c431f9d-51bc-458b-a3a6-511ec217d887:192.168.34.62:40420, b9cfa588-8e56-4331-be2f-4c26f25c6739:192.168.34.62:34777], old=null
2019-10-17 06:48:03,057 [7c431f9d-51bc-458b-a3a6-511ec217d887@group-21BA9BD4283D-LeaderElection277] INFO  impl.RaftServerImpl (RaftServerImpl.java:setRole(184)) - 7c431f9d-51bc-458b-a3a6-511ec217d887@group-21BA9BD4283D: changes role from CANDIDATE to FOLLOWER at term 221 for DISCOVERED_A_NEW_TERM
2019-10-17 06:48:03,057 [7c431f9d-51bc-458b-a3a6-511ec217d887@group-21BA9BD4283D-LeaderElection277] INFO  impl.RoleInfo (RoleInfo.java:shutdownLeaderElection(134)) - 7c431f9d-51bc-458b-a3a6-511ec217d887: shutdown LeaderElection
2019-10-17 06:48:03,057 [7c431f9d-51bc-458b-a3a6-511ec217d887@group-21BA9BD4283D-LeaderElection277] INFO  impl.RoleInfo (RoleInfo.java:updateAndGet(143)) - 7c431f9d-51bc-458b-a3a6-511ec217d887: start FollowerState
2019-10-17 06:48:03,101 [main] INFO  ozone.MiniOzoneClusterImpl (MiniOzoneClusterImpl.java:lambda$waitForClusterToBeReady$2(164)) - Waiting for 1 number of pipelines out of 4, to report a leader.
2019-10-17 06:48:03,122 [Thread-2601] INFO  impl.FollowerState (FollowerState.java:run(108)) - 7c431f9d-51bc-458b-a3a6-511ec217d887@group-21BA9BD4283D-FollowerState: change to CANDIDATE, lastRpcTime:65ms, electionTimeout:65ms
2019-10-17 06:48:03,123 [Thread-2601] INFO  impl.RoleInfo (RoleInfo.java:shutdownFollowerState(121)) - 7c431f9d-51bc-458b-a3a6-511ec217d887: shutdown FollowerState
2019-10-17 06:48:03,123 [Thread-2601] INFO  impl.RaftServerImpl (RaftServerImpl.java:setRole(184)) - 7c431f9d-51bc-458b-a3a6-511ec217d887@group-21BA9BD4283D: changes role from  FOLLOWER to CANDIDATE at term 221 for changeToCandidate
2019-10-17 06:48:03,123 [Thread-2601] INFO  impl.RoleInfo (RoleInfo.java:updateAndGet(143)) - 7c431f9d-51bc-458b-a3a6-511ec217d887: start LeaderElection
2019-10-17 06:48:03,140 [7c431f9d-51bc-458b-a3a6-511ec217d887@group-21BA9BD4283D-LeaderElection278] INFO  impl.LeaderElection (LeaderElection.java:askForVotes(178)) - 7c431f9d-51bc-458b-a3a6-511ec217d887@group-21BA9BD4283D-LeaderElection278: begin an election at term 222 for -1: [67f35358-9777-4ff9-96f4-8a61bc3a94fe:192.168.34.62:37037, 7c431f9d-51bc-458b-a3a6-511ec217d887:192.168.34.62:40420, b9cfa588-8e56-4331-be2f-4c26f25c6739:192.168.34.62:34777], old=null
2019-10-17 06:48:03,142 [grpc-default-executor-1] INFO  impl.RaftServerImpl (RaftServerImpl.java:setRole(184)) - 67f35358-9777-4ff9-96f4-8a61bc3a94fe@group-21BA9BD4283D: changes role from  FOLLOWER to FOLLOWER at term 222 for recognizeCandidate:7c431f9d-51bc-458b-a3a6-511ec217d887
2019-10-17 06:48:03,142 [grpc-default-executor-3] INFO  impl.RaftServerImpl (RaftServerImpl.java:setRole(184)) - b9cfa588-8e56-4331-be2f-4c26f25c6739@group-21BA9BD4283D: changes role from  FOLLOWER to FOLLOWER at term 222 for recognizeCandidate:7c431f9d-51bc-458b-a3a6-511ec217d887
2019-10-17 06:48:03,142 [grpc-default-executor-1] INFO  impl.RoleInfo (RoleInfo.java:shutdownFollowerState(121)) - 67f35358-9777-4ff9-96f4-8a61bc3a94fe: shutdown FollowerState
2019-10-17 06:48:03,142 [grpc-default-executor-3] INFO  impl.RoleInfo (RoleInfo.java:shutdownFollowerState(121)) - b9cfa588-8e56-4331-be2f-4c26f25c6739: shutdown FollowerState
2019-10-17 06:48:03,142 [Thread-2599] INFO  impl.FollowerState (FollowerState.java:run(117)) - 67f35358-9777-4ff9-96f4-8a61bc3a94fe@group-21BA9BD4283D-FollowerState was interrupted: java.lang.InterruptedException: sleep interrupted
2019-10-17 06:48:03,142 [grpc-default-executor-1] INFO  impl.RoleInfo (RoleInfo.java:updateAndGet(143)) - 67f35358-9777-4ff9-96f4-8a61bc3a94fe: start FollowerState
2019-10-17 06:48:03,142 [grpc-default-executor-3] INFO  impl.RoleInfo (RoleInfo.java:updateAndGet(143)) - b9cfa588-8e56-4331-be2f-4c26f25c6739: start FollowerState
2019-10-17 06:48:03,142 [Thread-2600] INFO  impl.FollowerState (FollowerState.java:run(117)) - b9cfa588-8e56-4331-be2f-4c26f25c6739@group-21BA9BD4283D-FollowerState was interrupted: java.lang.InterruptedException: sleep interrupted
2019-10-17 06:48:03,167 [7c431f9d-51bc-458b-a3a6-511ec217d887@group-21BA9BD4283D-LeaderElection278] INFO  impl.LeaderElection (LeaderElection.java:logAndReturn(56)) - 7c431f9d-51bc-458b-a3a6-511ec217d887@group-21BA9BD4283D-LeaderElection278: Election REJECTED; received 2 response(s) [7c431f9d-51bc-458b-a3a6-511ec217d887<-67f35358-9777-4ff9-96f4-8a61bc3a94fe#0:FAIL-t222, 7c431f9d-51bc-458b-a3a6-511ec217d887<-b9cfa588-8e56-4331-be2f-4c26f25c6739#0:FAIL-t222] and 0 exception(s); 7c431f9d-51bc-458b-a3a6-511ec217d887@group-21BA9BD4283D:t222, leader=null, voted=7c431f9d-51bc-458b-a3a6-511ec217d887, raftlog=7c431f9d-51bc-458b-a3a6-511ec217d887@group-21BA9BD4283D-SegmentedRaftLog:OPENED:c-1,f-1,i0, conf=-1: [67f35358-9777-4ff9-96f4-8a61bc3a94fe:192.168.34.62:37037, 7c431f9d-51bc-458b-a3a6-511ec217d887:192.168.34.62:40420, b9cfa588-8e56-4331-be2f-4c26f25c6739:192.168.34.62:34777], old=null
2019-10-17 06:48:03,167 [7c431f9d-51bc-458b-a3a6-511ec217d887@group-21BA9BD4283D-LeaderElection278] INFO  impl.RaftServerImpl (RaftServerImpl.java:setRole(184)) - 7c431f9d-51bc-458b-a3a6-511ec217d887@group-21BA9BD4283D: changes role from CANDIDATE to FOLLOWER at term 222 for DISCOVERED_A_NEW_TERM
2019-10-17 06:48:03,167 [7c431f9d-51bc-458b-a3a6-511ec217d887@group-21BA9BD4283D-LeaderElection278] INFO  impl.RoleInfo (RoleInfo.java:shutdownLeaderElection(134)) - 7c431f9d-51bc-458b-a3a6-511ec217d887: shutdown LeaderElection
2019-10-17 06:48:03,167 [7c431f9d-51bc-458b-a3a6-511ec217d887@group-21BA9BD4283D-LeaderElection278] INFO  impl.RoleInfo (RoleInfo.java:updateAndGet(143)) - 7c431f9d-51bc-458b-a3a6-511ec217d887: start FollowerState
2019-10-17 06:48:03,237 [Thread-2607] INFO  impl.FollowerState (FollowerState.java:run(108)) - 7c431f9d-51bc-458b-a3a6-511ec217d887@group-21BA9BD4283D-FollowerState: change to CANDIDATE, lastRpcTime:69ms, electionTimeout:69ms
2019-10-17 06:48:03,237 [Thread-2607] INFO  impl.RoleInfo (RoleInfo.java:shutdownFollowerState(121)) - 7c431f9d-51bc-458b-a3a6-511ec217d887: shutdown FollowerState
2019-10-17 06:48:03,237 [Thread-2607] INFO  impl.RaftServerImpl (RaftServerImpl.java:setRole(184)) - 7c431f9d-51bc-458b-a3a6-511ec217d887@group-21BA9BD4283D: changes role from  FOLLOWER to CANDIDATE at term 222 for changeToCandidate
2019-10-17 06:48:03,237 [Thread-2607] INFO  impl.RoleInfo (RoleInfo.java:updateAndGet(143)) - 7c431f9d-51bc-458b-a3a6-511ec217d887: start LeaderElection
2019-10-17 06:48:03,250 [7c431f9d-51bc-458b-a3a6-511ec217d887@group-21BA9BD4283D-LeaderElection279] INFO  impl.LeaderElection (LeaderElection.java:askForVotes(178)) - 7c431f9d-51bc-458b-a3a6-511ec217d887@group-21BA9BD4283D-LeaderElection279: begin an election at term 223 for -1: [67f35358-9777-4ff9-96f4-8a61bc3a94fe:192.168.34.62:37037, 7c431f9d-51bc-458b-a3a6-511ec217d887:192.168.34.62:40420, b9cfa588-8e56-4331-be2f-4c26f25c6739:192.168.34.62:34777], old=null
2019-10-17 06:48:03,252 [grpc-default-executor-1] INFO  impl.RaftServerImpl (RaftServerImpl.java:setRole(184)) - 67f35358-9777-4ff9-96f4-8a61bc3a94fe@group-21BA9BD4283D: changes role from  FOLLOWER to FOLLOWER at term 223 for recognizeCandidate:7c431f9d-51bc-458b-a3a6-511ec217d887
2019-10-17 06:48:03,252 [grpc-default-executor-3] INFO  impl.RaftServerImpl (RaftServerImpl.java:setRole(184)) - b9cfa588-8e56-4331-be2f-4c26f25c6739@group-21BA9BD4283D: changes role from  FOLLOWER to FOLLOWER at term 223 for recognizeCandidate:7c431f9d-51bc-458b-a3a6-511ec217d887
2019-10-17 06:48:03,252 [grpc-default-executor-1] INFO  impl.RoleInfo (RoleInfo.java:shutdownFollowerState(121)) - 67f35358-9777-4ff9-96f4-8a61bc3a94fe: shutdown FollowerState
2019-10-17 06:48:03,252 [grpc-default-executor-3] INFO  impl.RoleInfo (RoleInfo.java:shutdownFollowerState(121)) - b9cfa588-8e56-4331-be2f-4c26f25c6739: shutdown FollowerState
2019-10-17 06:48:03,252 [Thread-2605] INFO  impl.FollowerState (FollowerState.java:run(117)) - 67f35358-9777-4ff9-96f4-8a61bc3a94fe@group-21BA9BD4283D-FollowerState was interrupted: java.lang.InterruptedException: sleep interrupted
2019-10-17 06:48:03,252 [grpc-default-executor-1] INFO  impl.RoleInfo (RoleInfo.java:updateAndGet(143)) - 67f35358-9777-4ff9-96f4-8a61bc3a94fe: start FollowerState
2019-10-17 06:48:03,253 [Thread-2606] INFO  impl.FollowerState (FollowerState.java:run(117)) - b9cfa588-8e56-4331-be2f-4c26f25c6739@group-21BA9BD4283D-FollowerState was interrupted: java.lang.InterruptedException: sleep interrupted
2019-10-17 06:48:03,252 [grpc-default-executor-3] INFO  impl.RoleInfo (RoleInfo.java:updateAndGet(143)) - b9cfa588-8e56-4331-be2f-4c26f25c6739: start FollowerState
2019-10-17 06:48:03,267 [7c431f9d-51bc-458b-a3a6-511ec217d887@group-21BA9BD4283D-LeaderElection279] INFO  impl.LeaderElection (LeaderElection.java:logAndReturn(56)) - 7c431f9d-51bc-458b-a3a6-511ec217d887@group-21BA9BD4283D-LeaderElection279: Election REJECTED; received 2 response(s) [7c431f9d-51bc-458b-a3a6-511ec217d887<-67f35358-9777-4ff9-96f4-8a61bc3a94fe#0:FAIL-t223, 7c431f9d-51bc-458b-a3a6-511ec217d887<-b9cfa588-8e56-4331-be2f-4c26f25c6739#0:FAIL-t223] and 0 exception(s); 7c431f9d-51bc-458b-a3a6-511ec217d887@group-21BA9BD4283D:t223, leader=null, voted=7c431f9d-51bc-458b-a3a6-511ec217d887, raftlog=7c431f9d-51bc-458b-a3a6-511ec217d887@group-21BA9BD4283D-SegmentedRaftLog:OPENED:c-1,f-1,i0, conf=-1: [67f35358-9777-4ff9-96f4-8a61bc3a94fe:192.168.34.62:37037, 7c431f9d-51bc-458b-a3a6-511ec217d887:192.168.34.62:40420, b9cfa588-8e56-4331-be2f-4c26f25c6739:192.168.34.62:34777], old=null
2019-10-17 06:48:03,267 [7c431f9d-51bc-458b-a3a6-511ec217d887@group-21BA9BD4283D-LeaderElection279] INFO  impl.RaftServerImpl (RaftServerImpl.java:setRole(184)) - 7c431f9d-51bc-458b-a3a6-511ec217d887@group-21BA9BD4283D: changes role from CANDIDATE to FOLLOWER at term 223 for DISCOVERED_A_NEW_TERM
2019-10-17 06:48:03,267 [7c431f9d-51bc-458b-a3a6-511ec217d887@group-21BA9BD4283D-LeaderElection279] INFO  impl.RoleInfo (RoleInfo.java:shutdownLeaderElection(134)) - 7c431f9d-51bc-458b-a3a6-511ec217d887: shutdown LeaderElection
2019-10-17 06:48:03,267 [7c431f9d-51bc-458b-a3a6-511ec217d887@group-21BA9BD4283D-LeaderElection279] INFO  impl.RoleInfo (RoleInfo.java:updateAndGet(143)) - 7c431f9d-51bc-458b-a3a6-511ec217d887: start FollowerState
2019-10-17 06:48:03,272 [Thread-2613] INFO  impl.FollowerState (FollowerState.java:run(108)) - 7c431f9d-51bc-458b-a3a6-511ec217d887@group-21BA9BD4283D-FollowerState: change to CANDIDATE, lastRpcTime:4ms, electionTimeout:4ms
2019-10-17 06:48:03,272 [Thread-2613] INFO  impl.RoleInfo (RoleInfo.java:shutdownFollowerState(121)) - 7c431f9d-51bc-458b-a3a6-511ec217d887: shutdown FollowerState
2019-10-17 06:48:03,272 [Thread-2613] INFO  impl.RaftServerImpl (RaftServerImpl.java:setRole(184)) - 7c431f9d-51bc-458b-a3a6-511ec217d887@group-21BA9BD4283D: changes role from  FOLLOWER to CANDIDATE at term 223 for changeToCandidate
2019-10-17 06:48:03,272 [Thread-2613] INFO  impl.RoleInfo (RoleInfo.java:updateAndGet(143)) - 7c431f9d-51bc-458b-a3a6-511ec217d887: start LeaderElection
2019-10-17 06:48:03,295 [7c431f9d-51bc-458b-a3a6-511ec217d887@group-21BA9BD4283D-LeaderElection280] INFO  impl.LeaderElection (LeaderElection.java:askForVotes(178)) - 7c431f9d-51bc-458b-a3a6-511ec217d887@group-21BA9BD4283D-LeaderElection280: begin an election at term 224 for -1: [67f35358-9777-4ff9-96f4-8a61bc3a94fe:192.168.34.62:37037, 7c431f9d-51bc-458b-a3a6-511ec217d887:192.168.34.62:40420, b9cfa588-8e56-4331-be2f-4c26f25c6739:192.168.34.62:34777], old=null
2019-10-17 06:48:03,296 [grpc-default-executor-1] INFO  impl.RaftServerImpl (RaftServerImpl.java:setRole(184)) - b9cfa588-8e56-4331-be2f-4c26f25c6739@group-21BA9BD4283D: changes role from  FOLLOWER to FOLLOWER at term 224 for recognizeCandidate:7c431f9d-51bc-458b-a3a6-511ec217d887
2019-10-17 06:48:03,296 [grpc-default-executor-1] INFO  impl.RoleInfo (RoleInfo.java:shutdownFollowerState(121)) - b9cfa588-8e56-4331-be2f-4c26f25c6739: shutdown FollowerState
2019-10-17 06:48:03,296 [grpc-default-executor-3] INFO  impl.RaftServerImpl (RaftServerImpl.java:setRole(184)) - 67f35358-9777-4ff9-96f4-8a61bc3a94fe@group-21BA9BD4283D: changes role from  FOLLOWER to FOLLOWER at term 224 for recognizeCandidate:7c431f9d-51bc-458b-a3a6-511ec217d887
2019-10-17 06:48:03,296 [Thread-2612] INFO  impl.FollowerState (FollowerState.java:run(117)) - b9cfa588-8e56-4331-be2f-4c26f25c6739@group-21BA9BD4283D-FollowerState was interrupted: java.lang.InterruptedException: sleep interrupted
2019-10-17 06:48:03,296 [grpc-default-executor-1] INFO  impl.RoleInfo (RoleInfo.java:updateAndGet(143)) - b9cfa588-8e56-4331-be2f-4c26f25c6739: start FollowerState
2019-10-17 06:48:03,297 [grpc-default-executor-3] INFO  impl.RoleInfo (RoleInfo.java:shutdownFollowerState(121)) - 67f35358-9777-4ff9-96f4-8a61bc3a94fe: shutdown FollowerState
2019-10-17 06:48:03,297 [grpc-default-executor-3] INFO  impl.RoleInfo (RoleInfo.java:updateAndGet(143)) - 67f35358-9777-4ff9-96f4-8a61bc3a94fe: start FollowerState
2019-10-17 06:48:03,297 [Thread-2611] INFO  impl.FollowerState (FollowerState.java:run(117)) - 67f35358-9777-4ff9-96f4-8a61bc3a94fe@group-21BA9BD4283D-FollowerState was interrupted: java.lang.InterruptedException: sleep interrupted
2019-10-17 06:48:03,311 [7c431f9d-51bc-458b-a3a6-511ec217d887@group-21BA9BD4283D-LeaderElection280] INFO  impl.LeaderElection (LeaderElection.java:logAndReturn(56)) - 7c431f9d-51bc-458b-a3a6-511ec217d887@group-21BA9BD4283D-LeaderElection280: Election REJECTED; received 2 response(s) [7c431f9d-51bc-458b-a3a6-511ec217d887<-67f35358-9777-4ff9-96f4-8a61bc3a94fe#0:FAIL-t224, 7c431f9d-51bc-458b-a3a6-511ec217d887<-b9cfa588-8e56-4331-be2f-4c26f25c6739#0:FAIL-t224] and 0 exception(s); 7c431f9d-51bc-458b-a3a6-511ec217d887@group-21BA9BD4283D:t224, leader=null, voted=7c431f9d-51bc-458b-a3a6-511ec217d887, raftlog=7c431f9d-51bc-458b-a3a6-511ec217d887@group-21BA9BD4283D-SegmentedRaftLog:OPENED:c-1,f-1,i0, conf=-1: [67f35358-9777-4ff9-96f4-8a61bc3a94fe:192.168.34.62:37037, 7c431f9d-51bc-458b-a3a6-511ec217d887:192.168.34.62:40420, b9cfa588-8e56-4331-be2f-4c26f25c6739:192.168.34.62:34777], old=null
2019-10-17 06:48:03,311 [7c431f9d-51bc-458b-a3a6-511ec217d887@group-21BA9BD4283D-LeaderElection280] INFO  impl.RaftServerImpl (RaftServerImpl.java:setRole(184)) - 7c431f9d-51bc-458b-a3a6-511ec217d887@group-21BA9BD4283D: changes role from CANDIDATE to FOLLOWER at term 224 for DISCOVERED_A_NEW_TERM
2019-10-17 06:48:03,311 [7c431f9d-51bc-458b-a3a6-511ec217d887@group-21BA9BD4283D-LeaderElection280] INFO  impl.RoleInfo (RoleInfo.java:shutdownLeaderElection(134)) - 7c431f9d-51bc-458b-a3a6-511ec217d887: shutdown LeaderElection
2019-10-17 06:48:03,311 [7c431f9d-51bc-458b-a3a6-511ec217d887@group-21BA9BD4283D-LeaderElection280] INFO  impl.RoleInfo (RoleInfo.java:updateAndGet(143)) - 7c431f9d-51bc-458b-a3a6-511ec217d887: start FollowerState
2019-10-17 06:48:03,360 [Thread-2619] INFO  impl.FollowerState (FollowerState.java:run(108)) - 7c431f9d-51bc-458b-a3a6-511ec217d887@group-21BA9BD4283D-FollowerState: change to CANDIDATE, lastRpcTime:48ms, electionTimeout:48ms
2019-10-17 06:48:03,360 [Thread-2619] INFO  impl.RoleInfo (RoleInfo.java:shutdownFollowerState(121)) - 7c431f9d-51bc-458b-a3a6-511ec217d887: shutdown FollowerState
2019-10-17 06:48:03,360 [Thread-2619] INFO  impl.RaftServerImpl (RaftServerImpl.java:setRole(184)) - 7c431f9d-51bc-458b-a3a6-511ec217d887@group-21BA9BD4283D: changes role from  FOLLOWER to CANDIDATE at term 224 for changeToCandidate
2019-10-17 06:48:03,360 [Thread-2619] INFO  impl.RoleInfo (RoleInfo.java:updateAndGet(143)) - 7c431f9d-51bc-458b-a3a6-511ec217d887: start LeaderElection
2019-10-17 06:48:03,367 [7c431f9d-51bc-458b-a3a6-511ec217d887@group-21BA9BD4283D-LeaderElection281] INFO  impl.LeaderElection (LeaderElection.java:askForVotes(178)) - 7c431f9d-51bc-458b-a3a6-511ec217d887@group-21BA9BD4283D-LeaderElection281: begin an election at term 225 for -1: [67f35358-9777-4ff9-96f4-8a61bc3a94fe:192.168.34.62:37037, 7c431f9d-51bc-458b-a3a6-511ec217d887:192.168.34.62:40420, b9cfa588-8e56-4331-be2f-4c26f25c6739:192.168.34.62:34777], old=null
2019-10-17 06:48:03,368 [grpc-default-executor-1] INFO  impl.RaftServerImpl (RaftServerImpl.java:setRole(184)) - b9cfa588-8e56-4331-be2f-4c26f25c6739@group-21BA9BD4283D: changes role from  FOLLOWER to FOLLOWER at term 225 for recognizeCandidate:7c431f9d-51bc-458b-a3a6-511ec217d887
2019-10-17 06:48:03,368 [grpc-default-executor-3] INFO  impl.RaftServerImpl (RaftServerImpl.java:setRole(184)) - 67f35358-9777-4ff9-96f4-8a61bc3a94fe@group-21BA9BD4283D: changes role from  FOLLOWER to FOLLOWER at term 225 for recognizeCandidate:7c431f9d-51bc-458b-a3a6-511ec217d887
2019-10-17 06:48:03,369 [grpc-default-executor-1] INFO  impl.RoleInfo (RoleInfo.java:shutdownFollowerState(121)) - b9cfa588-8e56-4331-be2f-4c26f25c6739: shutdown FollowerState
2019-10-17 06:48:03,369 [grpc-default-executor-3] INFO  impl.RoleInfo (RoleInfo.java:shutdownFollowerState(121)) - 67f35358-9777-4ff9-96f4-8a61bc3a94fe: shutdown FollowerState
2019-10-17 06:48:03,369 [Thread-2617] INFO  impl.FollowerState (FollowerState.java:run(117)) - b9cfa588-8e56-4331-be2f-4c26f25c6739@group-21BA9BD4283D-FollowerState was interrupted: java.lang.InterruptedException: sleep interrupted
2019-10-17 06:48:03,369 [grpc-default-executor-1] INFO  impl.RoleInfo (RoleInfo.java:updateAndGet(143)) - b9cfa588-8e56-4331-be2f-4c26f25c6739: start FollowerState
2019-10-17 06:48:03,369 [grpc-default-executor-3] INFO  impl.RoleInfo (RoleInfo.java:updateAndGet(143)) - 67f35358-9777-4ff9-96f4-8a61bc3a94fe: start FollowerState
2019-10-17 06:48:03,369 [Thread-2618] INFO  impl.FollowerState (FollowerState.java:run(117)) - 67f35358-9777-4ff9-96f4-8a61bc3a94fe@group-21BA9BD4283D-FollowerState was interrupted: java.lang.InterruptedException: sleep interrupted
2019-10-17 06:48:03,383 [7c431f9d-51bc-458b-a3a6-511ec217d887@group-21BA9BD4283D-LeaderElection281] INFO  impl.LeaderElection (LeaderElection.java:logAndReturn(56)) - 7c431f9d-51bc-458b-a3a6-511ec217d887@group-21BA9BD4283D-LeaderElection281: Election REJECTED; received 2 response(s) [7c431f9d-51bc-458b-a3a6-511ec217d887<-67f35358-9777-4ff9-96f4-8a61bc3a94fe#0:FAIL-t225, 7c431f9d-51bc-458b-a3a6-511ec217d887<-b9cfa588-8e56-4331-be2f-4c26f25c6739#0:FAIL-t225] and 0 exception(s); 7c431f9d-51bc-458b-a3a6-511ec217d887@group-21BA9BD4283D:t225, leader=null, voted=7c431f9d-51bc-458b-a3a6-511ec217d887, raftlog=7c431f9d-51bc-458b-a3a6-511ec217d887@group-21BA9BD4283D-SegmentedRaftLog:OPENED:c-1,f-1,i0, conf=-1: [67f35358-9777-4ff9-96f4-8a61bc3a94fe:192.168.34.62:37037, 7c431f9d-51bc-458b-a3a6-511ec217d887:192.168.34.62:40420, b9cfa588-8e56-4331-be2f-4c26f25c6739:192.168.34.62:34777], old=null
2019-10-17 06:48:03,383 [7c431f9d-51bc-458b-a3a6-511ec217d887@group-21BA9BD4283D-LeaderElection281] INFO  impl.RaftServerImpl (RaftServerImpl.java:setRole(184)) - 7c431f9d-51bc-458b-a3a6-511ec217d887@group-21BA9BD4283D: changes role from CANDIDATE to FOLLOWER at term 225 for DISCOVERED_A_NEW_TERM
2019-10-17 06:48:03,383 [7c431f9d-51bc-458b-a3a6-511ec217d887@group-21BA9BD4283D-LeaderElection281] INFO  impl.RoleInfo (RoleInfo.java:shutdownLeaderElection(134)) - 7c431f9d-51bc-458b-a3a6-511ec217d887: shutdown LeaderElection
2019-10-17 06:48:03,383 [7c431f9d-51bc-458b-a3a6-511ec217d887@group-21BA9BD4283D-LeaderElection281] INFO  impl.RoleInfo (RoleInfo.java:updateAndGet(143)) - 7c431f9d-51bc-458b-a3a6-511ec217d887: start FollowerState
2019-10-17 06:48:03,414 [Thread-2625] INFO  impl.FollowerState (FollowerState.java:run(108)) - 7c431f9d-51bc-458b-a3a6-511ec217d887@group-21BA9BD4283D-FollowerState: change to CANDIDATE, lastRpcTime:30ms, electionTimeout:30ms
2019-10-17 06:48:03,414 [Thread-2625] INFO  impl.RoleInfo (RoleInfo.java:shutdownFollowerState(121)) - 7c431f9d-51bc-458b-a3a6-511ec217d887: shutdown FollowerState
2019-10-17 06:48:03,414 [Thread-2625] INFO  impl.RaftServerImpl (RaftServerImpl.java:setRole(184)) - 7c431f9d-51bc-458b-a3a6-511ec217d887@group-21BA9BD4283D: changes role from  FOLLOWER to CANDIDATE at term 225 for changeToCandidate
2019-10-17 06:48:03,414 [Thread-2625] INFO  impl.RoleInfo (RoleInfo.java:updateAndGet(143)) - 7c431f9d-51bc-458b-a3a6-511ec217d887: start LeaderElection
2019-10-17 06:48:03,427 [7c431f9d-51bc-458b-a3a6-511ec217d887@group-21BA9BD4283D-LeaderElection282] INFO  impl.LeaderElection (LeaderElection.java:askForVotes(178)) - 7c431f9d-51bc-458b-a3a6-511ec217d887@group-21BA9BD4283D-LeaderElection282: begin an election at term 226 for -1: [67f35358-9777-4ff9-96f4-8a61bc3a94fe:192.168.34.62:37037, 7c431f9d-51bc-458b-a3a6-511ec217d887:192.168.34.62:40420, b9cfa588-8e56-4331-be2f-4c26f25c6739:192.168.34.62:34777], old=null
2019-10-17 06:48:03,429 [grpc-default-executor-3] INFO  impl.RaftServerImpl (RaftServerImpl.java:setRole(184)) - 67f35358-9777-4ff9-96f4-8a61bc3a94fe@group-21BA9BD4283D: changes role from  FOLLOWER to FOLLOWER at term 226 for recognizeCandidate:7c431f9d-51bc-458b-a3a6-511ec217d887
2019-10-17 06:48:03,429 [grpc-default-executor-1] INFO  impl.RaftServerImpl (RaftServerImpl.java:setRole(184)) - b9cfa588-8e56-4331-be2f-4c26f25c6739@group-21BA9BD4283D: changes role from  FOLLOWER to FOLLOWER at term 226 for recognizeCandidate:7c431f9d-51bc-458b-a3a6-511ec217d887
2019-10-17 06:48:03,429 [grpc-default-executor-3] INFO  impl.RoleInfo (RoleInfo.java:shutdownFollowerState(121)) - 67f35358-9777-4ff9-96f4-8a61bc3a94fe: shutdown FollowerState
2019-10-17 06:48:03,429 [grpc-default-executor-1] INFO  impl.RoleInfo (RoleInfo.java:shutdownFollowerState(121)) - b9cfa588-8e56-4331-be2f-4c26f25c6739: shutdown FollowerState
2019-10-17 06:48:03,429 [grpc-default-executor-3] INFO  impl.RoleInfo (RoleInfo.java:updateAndGet(143)) - 67f35358-9777-4ff9-96f4-8a61bc3a94fe: start FollowerState
2019-10-17 06:48:03,429 [Thread-2623] INFO  impl.FollowerState (FollowerState.java:run(117)) - b9cfa588-8e56-4331-be2f-4c26f25c6739@group-21BA9BD4283D-FollowerState was interrupted: java.lang.InterruptedException: sleep interrupted
2019-10-17 06:48:03,429 [grpc-default-executor-1] INFO  impl.RoleInfo (RoleInfo.java:updateAndGet(143)) - b9cfa588-8e56-4331-be2f-4c26f25c6739: start FollowerState
2019-10-17 06:48:03,429 [Thread-2624] INFO  impl.FollowerState (FollowerState.java:run(117)) - 67f35358-9777-4ff9-96f4-8a61bc3a94fe@group-21BA9BD4283D-FollowerState was interrupted: java.lang.InterruptedException: sleep interrupted
2019-10-17 06:48:03,445 [7c431f9d-51bc-458b-a3a6-511ec217d887@group-21BA9BD4283D-LeaderElection282] INFO  impl.LeaderElection (LeaderElection.java:logAndReturn(56)) - 7c431f9d-51bc-458b-a3a6-511ec217d887@group-21BA9BD4283D-LeaderElection282: Election REJECTED; received 2 response(s) [7c431f9d-51bc-458b-a3a6-511ec217d887<-67f35358-9777-4ff9-96f4-8a61bc3a94fe#0:FAIL-t226, 7c431f9d-51bc-458b-a3a6-511ec217d887<-b9cfa588-8e56-4331-be2f-4c26f25c6739#0:FAIL-t226] and 0 exception(s); 7c431f9d-51bc-458b-a3a6-511ec217d887@group-21BA9BD4283D:t226, leader=null, voted=7c431f9d-51bc-458b-a3a6-511ec217d887, raftlog=7c431f9d-51bc-458b-a3a6-511ec217d887@group-21BA9BD4283D-SegmentedRaftLog:OPENED:c-1,f-1,i0, conf=-1: [67f35358-9777-4ff9-96f4-8a61bc3a94fe:192.168.34.62:37037, 7c431f9d-51bc-458b-a3a6-511ec217d887:192.168.34.62:40420, b9cfa588-8e56-4331-be2f-4c26f25c6739:192.168.34.62:34777], old=null
2019-10-17 06:48:03,446 [7c431f9d-51bc-458b-a3a6-511ec217d887@group-21BA9BD4283D-LeaderElection282] INFO  impl.RaftServerImpl (RaftServerImpl.java:setRole(184)) - 7c431f9d-51bc-458b-a3a6-511ec217d887@group-21BA9BD4283D: changes role from CANDIDATE to FOLLOWER at term 226 for DISCOVERED_A_NEW_TERM
2019-10-17 06:48:03,446 [7c431f9d-51bc-458b-a3a6-511ec217d887@group-21BA9BD4283D-LeaderElection282] INFO  impl.RoleInfo (RoleInfo.java:shutdownLeaderElection(134)) - 7c431f9d-51bc-458b-a3a6-511ec217d887: shutdown LeaderElection
2019-10-17 06:48:03,446 [7c431f9d-51bc-458b-a3a6-511ec217d887@group-21BA9BD4283D-LeaderElection282] INFO  impl.RoleInfo (RoleInfo.java:updateAndGet(143)) - 7c431f9d-51bc-458b-a3a6-511ec217d887: start FollowerState
2019-10-17 06:48:03,589 [Thread-2631] INFO  impl.FollowerState (FollowerState.java:run(108)) - 7c431f9d-51bc-458b-a3a6-511ec217d887@group-21BA9BD4283D-FollowerState: change to CANDIDATE, lastRpcTime:143ms, electionTimeout:143ms
2019-10-17 06:48:03,589 [Thread-2631] INFO  impl.RoleInfo (RoleInfo.java:shutdownFollowerState(121)) - 7c431f9d-51bc-458b-a3a6-511ec217d887: shutdown FollowerState
2019-10-17 06:48:03,589 [Thread-2631] INFO  impl.RaftServerImpl (RaftServerImpl.java:setRole(184)) - 7c431f9d-51bc-458b-a3a6-511ec217d887@group-21BA9BD4283D: changes role from  FOLLOWER to CANDIDATE at term 226 for changeToCandidate
2019-10-17 06:48:03,589 [Thread-2631] INFO  impl.RoleInfo (RoleInfo.java:updateAndGet(143)) - 7c431f9d-51bc-458b-a3a6-511ec217d887: start LeaderElection
2019-10-17 06:48:03,610 [7c431f9d-51bc-458b-a3a6-511ec217d887@group-21BA9BD4283D-LeaderElection283] INFO  impl.LeaderElection (LeaderElection.java:askForVotes(178)) - 7c431f9d-51bc-458b-a3a6-511ec217d887@group-21BA9BD4283D-LeaderElection283: begin an election at term 227 for -1: [67f35358-9777-4ff9-96f4-8a61bc3a94fe:192.168.34.62:37037, 7c431f9d-51bc-458b-a3a6-511ec217d887:192.168.34.62:40420, b9cfa588-8e56-4331-be2f-4c26f25c6739:192.168.34.62:34777], old=null
2019-10-17 06:48:03,611 [grpc-default-executor-3] INFO  impl.RaftServerImpl (RaftServerImpl.java:setRole(184)) - 67f35358-9777-4ff9-96f4-8a61bc3a94fe@group-21BA9BD4283D: changes role from  FOLLOWER to FOLLOWER at term 227 for recognizeCandidate:7c431f9d-51bc-458b-a3a6-511ec217d887
2019-10-17 06:48:03,611 [grpc-default-executor-1] INFO  impl.RaftServerImpl (RaftServerImpl.java:setRole(184)) - b9cfa588-8e56-4331-be2f-4c26f25c6739@group-21BA9BD4283D: changes role from  FOLLOWER to FOLLOWER at term 227 for recognizeCandidate:7c431f9d-51bc-458b-a3a6-511ec217d887
2019-10-17 06:48:03,612 [grpc-default-executor-1] INFO  impl.RoleInfo (RoleInfo.java:shutdownFollowerState(121)) - b9cfa588-8e56-4331-be2f-4c26f25c6739: shutdown FollowerState
2019-10-17 06:48:03,612 [grpc-default-executor-3] INFO  impl.RoleInfo (RoleInfo.java:shutdownFollowerState(121)) - 67f35358-9777-4ff9-96f4-8a61bc3a94fe: shutdown FollowerState
2019-10-17 06:48:03,612 [grpc-default-executor-1] INFO  impl.RoleInfo (RoleInfo.java:updateAndGet(143)) - b9cfa588-8e56-4331-be2f-4c26f25c6739: start FollowerState
2019-10-17 06:48:03,612 [Thread-2629] INFO  impl.FollowerState (FollowerState.java:run(117)) - 67f35358-9777-4ff9-96f4-8a61bc3a94fe@group-21BA9BD4283D-FollowerState was interrupted: java.lang.InterruptedException: sleep interrupted
2019-10-17 06:48:03,612 [grpc-default-executor-3] INFO  impl.RoleInfo (RoleInfo.java:updateAndGet(143)) - 67f35358-9777-4ff9-96f4-8a61bc3a94fe: start FollowerState
2019-10-17 06:48:03,612 [Thread-2630] INFO  impl.FollowerState (FollowerState.java:run(117)) - b9cfa588-8e56-4331-be2f-4c26f25c6739@group-21BA9BD4283D-FollowerState was interrupted: java.lang.InterruptedException: sleep interrupted
2019-10-17 06:48:03,625 [7c431f9d-51bc-458b-a3a6-511ec217d887@group-21BA9BD4283D-LeaderElection283] INFO  impl.LeaderElection (LeaderElection.java:logAndReturn(56)) - 7c431f9d-51bc-458b-a3a6-511ec217d887@group-21BA9BD4283D-LeaderElection283: Election REJECTED; received 2 response(s) [7c431f9d-51bc-458b-a3a6-511ec217d887<-67f35358-9777-4ff9-96f4-8a61bc3a94fe#0:FAIL-t227, 7c431f9d-51bc-458b-a3a6-511ec217d887<-b9cfa588-8e56-4331-be2f-4c26f25c6739#0:FAIL-t227] and 0 exception(s); 7c431f9d-51bc-458b-a3a6-511ec217d887@group-21BA9BD4283D:t227, leader=null, voted=7c431f9d-51bc-458b-a3a6-511ec217d887, raftlog=7c431f9d-51bc-458b-a3a6-511ec217d887@group-21BA9BD4283D-SegmentedRaftLog:OPENED:c-1,f-1,i0, conf=-1: [67f35358-9777-4ff9-96f4-8a61bc3a94fe:192.168.34.62:37037, 7c431f9d-51bc-458b-a3a6-511ec217d887:192.168.34.62:40420, b9cfa588-8e56-4331-be2f-4c26f25c6739:192.168.34.62:34777], old=null
2019-10-17 06:48:03,626 [7c431f9d-51bc-458b-a3a6-511ec217d887@group-21BA9BD4283D-LeaderElection283] INFO  impl.RaftServerImpl (RaftServerImpl.java:setRole(184)) - 7c431f9d-51bc-458b-a3a6-511ec217d887@group-21BA9BD4283D: changes role from CANDIDATE to FOLLOWER at term 227 for DISCOVERED_A_NEW_TERM
2019-10-17 06:48:03,626 [7c431f9d-51bc-458b-a3a6-511ec217d887@group-21BA9BD4283D-LeaderElection283] INFO  impl.RoleInfo (RoleInfo.java:shutdownLeaderElection(134)) - 7c431f9d-51bc-458b-a3a6-511ec217d887: shutdown LeaderElection
2019-10-17 06:48:03,626 [7c431f9d-51bc-458b-a3a6-511ec217d887@group-21BA9BD4283D-LeaderElection283] INFO  impl.RoleInfo (RoleInfo.java:updateAndGet(143)) - 7c431f9d-51bc-458b-a3a6-511ec217d887: start FollowerState
2019-10-17 06:48:03,685 [Thread-2637] INFO  impl.FollowerState (FollowerState.java:run(108)) - 7c431f9d-51bc-458b-a3a6-511ec217d887@group-21BA9BD4283D-FollowerState: change to CANDIDATE, lastRpcTime:59ms, electionTimeout:59ms
2019-10-17 06:48:03,685 [Thread-2637] INFO  impl.RoleInfo (RoleInfo.java:shutdownFollowerState(121)) - 7c431f9d-51bc-458b-a3a6-511ec217d887: shutdown FollowerState
2019-10-17 06:48:03,685 [Thread-2637] INFO  impl.RaftServerImpl (RaftServerImpl.java:setRole(184)) - 7c431f9d-51bc-458b-a3a6-511ec217d887@group-21BA9BD4283D: changes role from  FOLLOWER to CANDIDATE at term 227 for changeToCandidate
2019-10-17 06:48:03,685 [Thread-2637] INFO  impl.RoleInfo (RoleInfo.java:updateAndGet(143)) - 7c431f9d-51bc-458b-a3a6-511ec217d887: start LeaderElection
2019-10-17 06:48:03,698 [7c431f9d-51bc-458b-a3a6-511ec217d887@group-21BA9BD4283D-LeaderElection284] INFO  impl.LeaderElection (LeaderElection.java:askForVotes(178)) - 7c431f9d-51bc-458b-a3a6-511ec217d887@group-21BA9BD4283D-LeaderElection284: begin an election at term 228 for -1: [67f35358-9777-4ff9-96f4-8a61bc3a94fe:192.168.34.62:37037, 7c431f9d-51bc-458b-a3a6-511ec217d887:192.168.34.62:40420, b9cfa588-8e56-4331-be2f-4c26f25c6739:192.168.34.62:34777], old=null
2019-10-17 06:48:03,700 [grpc-default-executor-1] INFO  impl.RaftServerImpl (RaftServerImpl.java:setRole(184)) - 67f35358-9777-4ff9-96f4-8a61bc3a94fe@group-21BA9BD4283D: changes role from  FOLLOWER to FOLLOWER at term 228 for recognizeCandidate:7c431f9d-51bc-458b-a3a6-511ec217d887
2019-10-17 06:48:03,700 [grpc-default-executor-1] INFO  impl.RoleInfo (RoleInfo.java:shutdownFollowerState(121)) - 67f35358-9777-4ff9-96f4-8a61bc3a94fe: shutdown FollowerState
2019-10-17 06:48:03,700 [grpc-default-executor-3] INFO  impl.RaftServerImpl (RaftServerImpl.java:setRole(184)) - b9cfa588-8e56-4331-be2f-4c26f25c6739@group-21BA9BD4283D: changes role from  FOLLOWER to FOLLOWER at term 228 for recognizeCandidate:7c431f9d-51bc-458b-a3a6-511ec217d887
2019-10-17 06:48:03,700 [Thread-2636] INFO  impl.FollowerState (FollowerState.java:run(117)) - 67f35358-9777-4ff9-96f4-8a61bc3a94fe@group-21BA9BD4283D-FollowerState was interrupted: java.lang.InterruptedException: sleep interrupted
2019-10-17 06:48:03,700 [grpc-default-executor-1] INFO  impl.RoleInfo (RoleInfo.java:updateAndGet(143)) - 67f35358-9777-4ff9-96f4-8a61bc3a94fe: start FollowerState
2019-10-17 06:48:03,700 [grpc-default-executor-3] INFO  impl.RoleInfo (RoleInfo.java:shutdownFollowerState(121)) - b9cfa588-8e56-4331-be2f-4c26f25c6739: shutdown FollowerState
2019-10-17 06:48:03,700 [grpc-default-executor-3] INFO  impl.RoleInfo (RoleInfo.java:updateAndGet(143)) - b9cfa588-8e56-4331-be2f-4c26f25c6739: start FollowerState
2019-10-17 06:48:03,700 [Thread-2635] INFO  impl.FollowerState (FollowerState.java:run(117)) - b9cfa588-8e56-4331-be2f-4c26f25c6739@group-21BA9BD4283D-FollowerState was interrupted: java.lang.InterruptedException: sleep interrupted
2019-10-17 06:48:03,713 [7c431f9d-51bc-458b-a3a6-511ec217d887@group-21BA9BD4283D-LeaderElection284] INFO  impl.LeaderElection (LeaderElection.java:logAndReturn(56)) - 7c431f9d-51bc-458b-a3a6-511ec217d887@group-21BA9BD4283D-LeaderElection284: Election REJECTED; received 2 response(s) [7c431f9d-51bc-458b-a3a6-511ec217d887<-67f35358-9777-4ff9-96f4-8a61bc3a94fe#0:FAIL-t228, 7c431f9d-51bc-458b-a3a6-511ec217d887<-b9cfa588-8e56-4331-be2f-4c26f25c6739#0:FAIL-t228] and 0 exception(s); 7c431f9d-51bc-458b-a3a6-511ec217d887@group-21BA9BD4283D:t228, leader=null, voted=7c431f9d-51bc-458b-a3a6-511ec217d887, raftlog=7c431f9d-51bc-458b-a3a6-511ec217d887@group-21BA9BD4283D-SegmentedRaftLog:OPENED:c-1,f-1,i0, conf=-1: [67f35358-9777-4ff9-96f4-8a61bc3a94fe:192.168.34.62:37037, 7c431f9d-51bc-458b-a3a6-511ec217d887:192.168.34.62:40420, b9cfa588-8e56-4331-be2f-4c26f25c6739:192.168.34.62:34777], old=null
2019-10-17 06:48:03,713 [7c431f9d-51bc-458b-a3a6-511ec217d887@group-21BA9BD4283D-LeaderElection284] INFO  impl.RaftServerImpl (RaftServerImpl.java:setRole(184)) - 7c431f9d-51bc-458b-a3a6-511ec217d887@group-21BA9BD4283D: changes role from CANDIDATE to FOLLOWER at term 228 for DISCOVERED_A_NEW_TERM
2019-10-17 06:48:03,714 [7c431f9d-51bc-458b-a3a6-511ec217d887@group-21BA9BD4283D-LeaderElection284] INFO  impl.RoleInfo (RoleInfo.java:shutdownLeaderElection(134)) - 7c431f9d-51bc-458b-a3a6-511ec217d887: shutdown LeaderElection
2019-10-17 06:48:03,714 [7c431f9d-51bc-458b-a3a6-511ec217d887@group-21BA9BD4283D-LeaderElection284] INFO  impl.RoleInfo (RoleInfo.java:updateAndGet(143)) - 7c431f9d-51bc-458b-a3a6-511ec217d887: start FollowerState
2019-10-17 06:48:03,763 [Thread-2643] INFO  impl.FollowerState (FollowerState.java:run(108)) - 7c431f9d-51bc-458b-a3a6-511ec217d887@group-21BA9BD4283D-FollowerState: change to CANDIDATE, lastRpcTime:49ms, electionTimeout:49ms
2019-10-17 06:48:03,763 [Thread-2643] INFO  impl.RoleInfo (RoleInfo.java:shutdownFollowerState(121)) - 7c431f9d-51bc-458b-a3a6-511ec217d887: shutdown FollowerState
2019-10-17 06:48:03,763 [Thread-2643] INFO  impl.RaftServerImpl (RaftServerImpl.java:setRole(184)) - 7c431f9d-51bc-458b-a3a6-511ec217d887@group-21BA9BD4283D: changes role from  FOLLOWER to CANDIDATE at term 228 for changeToCandidate
2019-10-17 06:48:03,763 [Thread-2643] INFO  impl.RoleInfo (RoleInfo.java:updateAndGet(143)) - 7c431f9d-51bc-458b-a3a6-511ec217d887: start LeaderElection
2019-10-17 06:48:03,779 [7c431f9d-51bc-458b-a3a6-511ec217d887@group-21BA9BD4283D-LeaderElection285] INFO  impl.LeaderElection (LeaderElection.java:askForVotes(178)) - 7c431f9d-51bc-458b-a3a6-511ec217d887@group-21BA9BD4283D-LeaderElection285: begin an election at term 229 for -1: [67f35358-9777-4ff9-96f4-8a61bc3a94fe:192.168.34.62:37037, 7c431f9d-51bc-458b-a3a6-511ec217d887:192.168.34.62:40420, b9cfa588-8e56-4331-be2f-4c26f25c6739:192.168.34.62:34777], old=null
2019-10-17 06:48:03,783 [grpc-default-executor-1] INFO  impl.RaftServerImpl (RaftServerImpl.java:setRole(184)) - b9cfa588-8e56-4331-be2f-4c26f25c6739@group-21BA9BD4283D: changes role from  FOLLOWER to FOLLOWER at term 229 for recognizeCandidate:7c431f9d-51bc-458b-a3a6-511ec217d887
2019-10-17 06:48:03,783 [grpc-default-executor-1] INFO  impl.RoleInfo (RoleInfo.java:shutdownFollowerState(121)) - b9cfa588-8e56-4331-be2f-4c26f25c6739: shutdown FollowerState
2019-10-17 06:48:03,783 [grpc-default-executor-3] INFO  impl.RaftServerImpl (RaftServerImpl.java:setRole(184)) - 67f35358-9777-4ff9-96f4-8a61bc3a94fe@group-21BA9BD4283D: changes role from  FOLLOWER to FOLLOWER at term 229 for recognizeCandidate:7c431f9d-51bc-458b-a3a6-511ec217d887
2019-10-17 06:48:03,783 [Thread-2642] INFO  impl.FollowerState (FollowerState.java:run(117)) - b9cfa588-8e56-4331-be2f-4c26f25c6739@group-21BA9BD4283D-FollowerState was interrupted: java.lang.InterruptedException: sleep interrupted
2019-10-17 06:48:03,783 [grpc-default-executor-1] INFO  impl.RoleInfo (RoleInfo.java:updateAndGet(143)) - b9cfa588-8e56-4331-be2f-4c26f25c6739: start FollowerState
2019-10-17 06:48:03,783 [grpc-default-executor-3] INFO  impl.RoleInfo (RoleInfo.java:shutdownFollowerState(121)) - 67f35358-9777-4ff9-96f4-8a61bc3a94fe: shutdown FollowerState
2019-10-17 06:48:03,784 [grpc-default-executor-3] INFO  impl.RoleInfo (RoleInfo.java:updateAndGet(143)) - 67f35358-9777-4ff9-96f4-8a61bc3a94fe: start FollowerState
2019-10-17 06:48:03,784 [Thread-2641] INFO  impl.FollowerState (FollowerState.java:run(117)) - 67f35358-9777-4ff9-96f4-8a61bc3a94fe@group-21BA9BD4283D-FollowerState was interrupted: java.lang.InterruptedException: sleep interrupted
2019-10-17 06:48:03,788 [7c431f9d-51bc-458b-a3a6-511ec217d887@group-21BA9BD4283D-LeaderElection285] INFO  impl.LeaderElection (LeaderElection.java:logAndReturn(56)) - 7c431f9d-51bc-458b-a3a6-511ec217d887@group-21BA9BD4283D-LeaderElection285: Election REJECTED; received 2 response(s) [7c431f9d-51bc-458b-a3a6-511ec217d887<-67f35358-9777-4ff9-96f4-8a61bc3a94fe#0:FAIL-t229, 7c431f9d-51bc-458b-a3a6-511ec217d887<-b9cfa588-8e56-4331-be2f-4c26f25c6739#0:FAIL-t229] and 0 exception(s); 7c431f9d-51bc-458b-a3a6-511ec217d887@group-21BA9BD4283D:t229, leader=null, voted=7c431f9d-51bc-458b-a3a6-511ec217d887, raftlog=7c431f9d-51bc-458b-a3a6-511ec217d887@group-21BA9BD4283D-SegmentedRaftLog:OPENED:c-1,f-1,i0, conf=-1: [67f35358-9777-4ff9-96f4-8a61bc3a94fe:192.168.34.62:37037, 7c431f9d-51bc-458b-a3a6-511ec217d887:192.168.34.62:40420, b9cfa588-8e56-4331-be2f-4c26f25c6739:192.168.34.62:34777], old=null
2019-10-17 06:48:03,788 [7c431f9d-51bc-458b-a3a6-511ec217d887@group-21BA9BD4283D-LeaderElection285] INFO  impl.RaftServerImpl (RaftServerImpl.java:setRole(184)) - 7c431f9d-51bc-458b-a3a6-511ec217d887@group-21BA9BD4283D: changes role from CANDIDATE to FOLLOWER at term 229 for DISCOVERED_A_NEW_TERM
2019-10-17 06:48:03,788 [7c431f9d-51bc-458b-a3a6-511ec217d887@group-21BA9BD4283D-LeaderElection285] INFO  impl.RoleInfo (RoleInfo.java:shutdownLeaderElection(134)) - 7c431f9d-51bc-458b-a3a6-511ec217d887: shutdown LeaderElection
2019-10-17 06:48:03,788 [7c431f9d-51bc-458b-a3a6-511ec217d887@group-21BA9BD4283D-LeaderElection285] INFO  impl.RoleInfo (RoleInfo.java:updateAndGet(143)) - 7c431f9d-51bc-458b-a3a6-511ec217d887: start FollowerState
2019-10-17 06:48:03,982 [Thread-2649] INFO  impl.FollowerState (FollowerState.java:run(108)) - 7c431f9d-51bc-458b-a3a6-511ec217d887@group-21BA9BD4283D-FollowerState: change to CANDIDATE, lastRpcTime:193ms, electionTimeout:193ms
2019-10-17 06:48:03,982 [Thread-2649] INFO  impl.RoleInfo (RoleInfo.java:shutdownFollowerState(121)) - 7c431f9d-51bc-458b-a3a6-511ec217d887: shutdown FollowerState
2019-10-17 06:48:03,982 [Thread-2649] INFO  impl.RaftServerImpl (RaftServerImpl.java:setRole(184)) - 7c431f9d-51bc-458b-a3a6-511ec217d887@group-21BA9BD4283D: changes role from  FOLLOWER to CANDIDATE at term 229 for changeToCandidate
2019-10-17 06:48:03,982 [Thread-2649] INFO  impl.RoleInfo (RoleInfo.java:updateAndGet(143)) - 7c431f9d-51bc-458b-a3a6-511ec217d887: start LeaderElection
2019-10-17 06:48:04,005 [7c431f9d-51bc-458b-a3a6-511ec217d887@group-21BA9BD4283D-LeaderElection286] INFO  impl.LeaderElection (LeaderElection.java:askForVotes(178)) - 7c431f9d-51bc-458b-a3a6-511ec217d887@group-21BA9BD4283D-LeaderElection286: begin an election at term 230 for -1: [67f35358-9777-4ff9-96f4-8a61bc3a94fe:192.168.34.62:37037, 7c431f9d-51bc-458b-a3a6-511ec217d887:192.168.34.62:40420, b9cfa588-8e56-4331-be2f-4c26f25c6739:192.168.34.62:34777], old=null
2019-10-17 06:48:04,007 [grpc-default-executor-3] INFO  impl.RaftServerImpl (RaftServerImpl.java:setRole(184)) - 67f35358-9777-4ff9-96f4-8a61bc3a94fe@group-21BA9BD4283D: changes role from  FOLLOWER to FOLLOWER at term 230 for recognizeCandidate:7c431f9d-51bc-458b-a3a6-511ec217d887
2019-10-17 06:48:04,008 [grpc-default-executor-3] INFO  impl.RoleInfo (RoleInfo.java:shutdownFollowerState(121)) - 67f35358-9777-4ff9-96f4-8a61bc3a94fe: shutdown FollowerState
2019-10-17 06:48:04,007 [grpc-default-executor-1] INFO  impl.RaftServerImpl (RaftServerImpl.java:setRole(184)) - b9cfa588-8e56-4331-be2f-4c26f25c6739@group-21BA9BD4283D: changes role from  FOLLOWER to FOLLOWER at term 230 for recognizeCandidate:7c431f9d-51bc-458b-a3a6-511ec217d887
2019-10-17 06:48:04,008 [Thread-2648] INFO  impl.FollowerState (FollowerState.java:run(117)) - 67f35358-9777-4ff9-96f4-8a61bc3a94fe@group-21BA9BD4283D-FollowerState was interrupted: java.lang.InterruptedException: sleep interrupted
2019-10-17 06:48:04,008 [grpc-default-executor-3] INFO  impl.RoleInfo (RoleInfo.java:updateAndGet(143)) - 67f35358-9777-4ff9-96f4-8a61bc3a94fe: start FollowerState
2019-10-17 06:48:04,008 [grpc-default-executor-1] INFO  impl.RoleInfo (RoleInfo.java:shutdownFollowerState(121)) - b9cfa588-8e56-4331-be2f-4c26f25c6739: shutdown FollowerState
2019-10-17 06:48:04,008 [grpc-default-executor-1] INFO  impl.RoleInfo (RoleInfo.java:updateAndGet(143)) - b9cfa588-8e56-4331-be2f-4c26f25c6739: start FollowerState
2019-10-17 06:48:04,008 [Thread-2647] INFO  impl.FollowerState (FollowerState.java:run(117)) - b9cfa588-8e56-4331-be2f-4c26f25c6739@group-21BA9BD4283D-FollowerState was interrupted: java.lang.InterruptedException: sleep interrupted
2019-10-17 06:48:04,021 [7c431f9d-51bc-458b-a3a6-511ec217d887@group-21BA9BD4283D-LeaderElection286] INFO  impl.LeaderElection (LeaderElection.java:logAndReturn(56)) - 7c431f9d-51bc-458b-a3a6-511ec217d887@group-21BA9BD4283D-LeaderElection286: Election REJECTED; received 2 response(s) [7c431f9d-51bc-458b-a3a6-511ec217d887<-67f35358-9777-4ff9-96f4-8a61bc3a94fe#0:FAIL-t230, 7c431f9d-51bc-458b-a3a6-511ec217d887<-b9cfa588-8e56-4331-be2f-4c26f25c6739#0:FAIL-t230] and 0 exception(s); 7c431f9d-51bc-458b-a3a6-511ec217d887@group-21BA9BD4283D:t230, leader=null, voted=7c431f9d-51bc-458b-a3a6-511ec217d887, raftlog=7c431f9d-51bc-458b-a3a6-511ec217d887@group-21BA9BD4283D-SegmentedRaftLog:OPENED:c-1,f-1,i0, conf=-1: [67f35358-9777-4ff9-96f4-8a61bc3a94fe:192.168.34.62:37037, 7c431f9d-51bc-458b-a3a6-511ec217d887:192.168.34.62:40420, b9cfa588-8e56-4331-be2f-4c26f25c6739:192.168.34.62:34777], old=null
2019-10-17 06:48:04,021 [7c431f9d-51bc-458b-a3a6-511ec217d887@group-21BA9BD4283D-LeaderElection286] INFO  impl.RaftServerImpl (RaftServerImpl.java:setRole(184)) - 7c431f9d-51bc-458b-a3a6-511ec217d887@group-21BA9BD4283D: changes role from CANDIDATE to FOLLOWER at term 230 for DISCOVERED_A_NEW_TERM
2019-10-17 06:48:04,021 [7c431f9d-51bc-458b-a3a6-511ec217d887@group-21BA9BD4283D-LeaderElection286] INFO  impl.RoleInfo (RoleInfo.java:shutdownLeaderElection(134)) - 7c431f9d-51bc-458b-a3a6-511ec217d887: shutdown LeaderElection
2019-10-17 06:48:04,021 [7c431f9d-51bc-458b-a3a6-511ec217d887@group-21BA9BD4283D-LeaderElection286] INFO  impl.RoleInfo (RoleInfo.java:updateAndGet(143)) - 7c431f9d-51bc-458b-a3a6-511ec217d887: start FollowerState
2019-10-17 06:48:04,102 [main] INFO  ozone.MiniOzoneClusterImpl (MiniOzoneClusterImpl.java:lambda$waitForClusterToBeReady$2(164)) - Waiting for 1 number of pipelines out of 4, to report a leader.
2019-10-17 06:48:04,166 [Thread-2655] INFO  impl.FollowerState (FollowerState.java:run(108)) - 7c431f9d-51bc-458b-a3a6-511ec217d887@group-21BA9BD4283D-FollowerState: change to CANDIDATE, lastRpcTime:144ms, electionTimeout:144ms
2019-10-17 06:48:04,166 [Thread-2655] INFO  impl.RoleInfo (RoleInfo.java:shutdownFollowerState(121)) - 7c431f9d-51bc-458b-a3a6-511ec217d887: shutdown FollowerState
2019-10-17 06:48:04,166 [Thread-2655] INFO  impl.RaftServerImpl (RaftServerImpl.java:setRole(184)) - 7c431f9d-51bc-458b-a3a6-511ec217d887@group-21BA9BD4283D: changes role from  FOLLOWER to CANDIDATE at term 230 for changeToCandidate
2019-10-17 06:48:04,166 [Thread-2655] INFO  impl.RoleInfo (RoleInfo.java:updateAndGet(143)) - 7c431f9d-51bc-458b-a3a6-511ec217d887: start LeaderElection
2019-10-17 06:48:04,182 [7c431f9d-51bc-458b-a3a6-511ec217d887@group-21BA9BD4283D-LeaderElection287] INFO  impl.LeaderElection (LeaderElection.java:askForVotes(178)) - 7c431f9d-51bc-458b-a3a6-511ec217d887@group-21BA9BD4283D-LeaderElection287: begin an election at term 231 for -1: [67f35358-9777-4ff9-96f4-8a61bc3a94fe:192.168.34.62:37037, 7c431f9d-51bc-458b-a3a6-511ec217d887:192.168.34.62:40420, b9cfa588-8e56-4331-be2f-4c26f25c6739:192.168.34.62:34777], old=null
2019-10-17 06:48:04,183 [grpc-default-executor-3] INFO  impl.RaftServerImpl (RaftServerImpl.java:setRole(184)) - 67f35358-9777-4ff9-96f4-8a61bc3a94fe@group-21BA9BD4283D: changes role from  FOLLOWER to FOLLOWER at term 231 for recognizeCandidate:7c431f9d-51bc-458b-a3a6-511ec217d887
2019-10-17 06:48:04,184 [grpc-default-executor-3] INFO  impl.RoleInfo (RoleInfo.java:shutdownFollowerState(121)) - 67f35358-9777-4ff9-96f4-8a61bc3a94fe: shutdown FollowerState
2019-10-17 06:48:04,184 [grpc-default-executor-1] INFO  impl.RaftServerImpl (RaftServerImpl.java:setRole(184)) - b9cfa588-8e56-4331-be2f-4c26f25c6739@group-21BA9BD4283D: changes role from  FOLLOWER to FOLLOWER at term 231 for recognizeCandidate:7c431f9d-51bc-458b-a3a6-511ec217d887
2019-10-17 06:48:04,184 [grpc-default-executor-1] INFO  impl.RoleInfo (RoleInfo.java:shutdownFollowerState(121)) - b9cfa588-8e56-4331-be2f-4c26f25c6739: shutdown FollowerState
2019-10-17 06:48:04,184 [Thread-2653] INFO  impl.FollowerState (FollowerState.java:run(117)) - 67f35358-9777-4ff9-96f4-8a61bc3a94fe@group-21BA9BD4283D-FollowerState was interrupted: java.lang.InterruptedException: sleep interrupted
2019-10-17 06:48:04,184 [grpc-default-executor-1] INFO  impl.RoleInfo (RoleInfo.java:updateAndGet(143)) - b9cfa588-8e56-4331-be2f-4c26f25c6739: start FollowerState
2019-10-17 06:48:04,184 [grpc-default-executor-3] INFO  impl.RoleInfo (RoleInfo.java:updateAndGet(143)) - 67f35358-9777-4ff9-96f4-8a61bc3a94fe: start FollowerState
2019-10-17 06:48:04,184 [Thread-2654] INFO  impl.FollowerState (FollowerState.java:run(117)) - b9cfa588-8e56-4331-be2f-4c26f25c6739@group-21BA9BD4283D-FollowerState was interrupted: java.lang.InterruptedException: sleep interrupted
2019-10-17 06:48:04,202 [7c431f9d-51bc-458b-a3a6-511ec217d887@group-21BA9BD4283D-LeaderElection287] INFO  impl.LeaderElection (LeaderElection.java:logAndReturn(56)) - 7c431f9d-51bc-458b-a3a6-511ec217d887@group-21BA9BD4283D-LeaderElection287: Election REJECTED; received 2 response(s) [7c431f9d-51bc-458b-a3a6-511ec217d887<-67f35358-9777-4ff9-96f4-8a61bc3a94fe#0:FAIL-t231, 7c431f9d-51bc-458b-a3a6-511ec217d887<-b9cfa588-8e56-4331-be2f-4c26f25c6739#0:FAIL-t231] and 0 exception(s); 7c431f9d-51bc-458b-a3a6-511ec217d887@group-21BA9BD4283D:t231, leader=null, voted=7c431f9d-51bc-458b-a3a6-511ec217d887, raftlog=7c431f9d-51bc-458b-a3a6-511ec217d887@group-21BA9BD4283D-SegmentedRaftLog:OPENED:c-1,f-1,i0, conf=-1: [67f35358-9777-4ff9-96f4-8a61bc3a94fe:192.168.34.62:37037, 7c431f9d-51bc-458b-a3a6-511ec217d887:192.168.34.62:40420, b9cfa588-8e56-4331-be2f-4c26f25c6739:192.168.34.62:34777], old=null
2019-10-17 06:48:04,203 [7c431f9d-51bc-458b-a3a6-511ec217d887@group-21BA9BD4283D-LeaderElection287] INFO  impl.RaftServerImpl (RaftServerImpl.java:setRole(184)) - 7c431f9d-51bc-458b-a3a6-511ec217d887@group-21BA9BD4283D: changes role from CANDIDATE to FOLLOWER at term 231 for DISCOVERED_A_NEW_TERM
2019-10-17 06:48:04,203 [7c431f9d-51bc-458b-a3a6-511ec217d887@group-21BA9BD4283D-LeaderElection287] INFO  impl.RoleInfo (RoleInfo.java:shutdownLeaderElection(134)) - 7c431f9d-51bc-458b-a3a6-511ec217d887: shutdown LeaderElection
2019-10-17 06:48:04,203 [7c431f9d-51bc-458b-a3a6-511ec217d887@group-21BA9BD4283D-LeaderElection287] INFO  impl.RoleInfo (RoleInfo.java:updateAndGet(143)) - 7c431f9d-51bc-458b-a3a6-511ec217d887: start FollowerState
2019-10-17 06:48:04,274 [Thread-2661] INFO  impl.FollowerState (FollowerState.java:run(108)) - 7c431f9d-51bc-458b-a3a6-511ec217d887@group-21BA9BD4283D-FollowerState: change to CANDIDATE, lastRpcTime:71ms, electionTimeout:71ms
2019-10-17 06:48:04,274 [Thread-2661] INFO  impl.RoleInfo (RoleInfo.java:shutdownFollowerState(121)) - 7c431f9d-51bc-458b-a3a6-511ec217d887: shutdown FollowerState
2019-10-17 06:48:04,274 [Thread-2661] INFO  impl.RaftServerImpl (RaftServerImpl.java:setRole(184)) - 7c431f9d-51bc-458b-a3a6-511ec217d887@group-21BA9BD4283D: changes role from  FOLLOWER to CANDIDATE at term 231 for changeToCandidate
2019-10-17 06:48:04,275 [Thread-2661] INFO  impl.RoleInfo (RoleInfo.java:updateAndGet(143)) - 7c431f9d-51bc-458b-a3a6-511ec217d887: start LeaderElection
2019-10-17 06:48:04,300 [7c431f9d-51bc-458b-a3a6-511ec217d887@group-21BA9BD4283D-LeaderElection288] INFO  impl.LeaderElection (LeaderElection.java:askForVotes(178)) - 7c431f9d-51bc-458b-a3a6-511ec217d887@group-21BA9BD4283D-LeaderElection288: begin an election at term 232 for -1: [67f35358-9777-4ff9-96f4-8a61bc3a94fe:192.168.34.62:37037, 7c431f9d-51bc-458b-a3a6-511ec217d887:192.168.34.62:40420, b9cfa588-8e56-4331-be2f-4c26f25c6739:192.168.34.62:34777], old=null
2019-10-17 06:48:04,301 [7c431f9d-51bc-458b-a3a6-511ec217d887@group-21BA9BD4283D-LeaderElection288] INFO  impl.LeaderElection (LeaderElection.java:logAndReturn(56)) - 7c431f9d-51bc-458b-a3a6-511ec217d887@group-21BA9BD4283D-LeaderElection288: Election TIMEOUT; received 0 response(s) [] and 0 exception(s); 7c431f9d-51bc-458b-a3a6-511ec217d887@group-21BA9BD4283D:t232, leader=null, voted=7c431f9d-51bc-458b-a3a6-511ec217d887, raftlog=7c431f9d-51bc-458b-a3a6-511ec217d887@group-21BA9BD4283D-SegmentedRaftLog:OPENED:c-1,f-1,i0, conf=-1: [67f35358-9777-4ff9-96f4-8a61bc3a94fe:192.168.34.62:37037, 7c431f9d-51bc-458b-a3a6-511ec217d887:192.168.34.62:40420, b9cfa588-8e56-4331-be2f-4c26f25c6739:192.168.34.62:34777], old=null
2019-10-17 06:48:04,302 [grpc-default-executor-1] INFO  impl.RaftServerImpl (RaftServerImpl.java:setRole(184)) - 67f35358-9777-4ff9-96f4-8a61bc3a94fe@group-21BA9BD4283D: changes role from  FOLLOWER to FOLLOWER at term 232 for recognizeCandidate:7c431f9d-51bc-458b-a3a6-511ec217d887
2019-10-17 06:48:04,302 [grpc-default-executor-1] INFO  impl.RoleInfo (RoleInfo.java:shutdownFollowerState(121)) - 67f35358-9777-4ff9-96f4-8a61bc3a94fe: shutdown FollowerState
2019-10-17 06:48:04,302 [grpc-default-executor-1] INFO  impl.RoleInfo (RoleInfo.java:updateAndGet(143)) - 67f35358-9777-4ff9-96f4-8a61bc3a94fe: start FollowerState
2019-10-17 06:48:04,302 [Thread-2659] INFO  impl.FollowerState (FollowerState.java:run(117)) - 67f35358-9777-4ff9-96f4-8a61bc3a94fe@group-21BA9BD4283D-FollowerState was interrupted: java.lang.InterruptedException: sleep interrupted
2019-10-17 06:48:04,304 [grpc-default-executor-3] INFO  impl.RaftServerImpl (RaftServerImpl.java:setRole(184)) - b9cfa588-8e56-4331-be2f-4c26f25c6739@group-21BA9BD4283D: changes role from  FOLLOWER to FOLLOWER at term 232 for recognizeCandidate:7c431f9d-51bc-458b-a3a6-511ec217d887
2019-10-17 06:48:04,304 [grpc-default-executor-3] INFO  impl.RoleInfo (RoleInfo.java:shutdownFollowerState(121)) - b9cfa588-8e56-4331-be2f-4c26f25c6739: shutdown FollowerState
2019-10-17 06:48:04,304 [Thread-2660] INFO  impl.FollowerState (FollowerState.java:run(117)) - b9cfa588-8e56-4331-be2f-4c26f25c6739@group-21BA9BD4283D-FollowerState was interrupted: java.lang.InterruptedException: sleep interrupted
2019-10-17 06:48:04,304 [grpc-default-executor-3] INFO  impl.RoleInfo (RoleInfo.java:updateAndGet(143)) - b9cfa588-8e56-4331-be2f-4c26f25c6739: start FollowerState
2019-10-17 06:48:04,342 [7c431f9d-51bc-458b-a3a6-511ec217d887@group-21BA9BD4283D-LeaderElection288] INFO  impl.LeaderElection (LeaderElection.java:askForVotes(178)) - 7c431f9d-51bc-458b-a3a6-511ec217d887@group-21BA9BD4283D-LeaderElection288: begin an election at term 233 for -1: [67f35358-9777-4ff9-96f4-8a61bc3a94fe:192.168.34.62:37037, 7c431f9d-51bc-458b-a3a6-511ec217d887:192.168.34.62:40420, b9cfa588-8e56-4331-be2f-4c26f25c6739:192.168.34.62:34777], old=null
2019-10-17 06:48:04,344 [grpc-default-executor-3] INFO  impl.RaftServerImpl (RaftServerImpl.java:setRole(184)) - b9cfa588-8e56-4331-be2f-4c26f25c6739@group-21BA9BD4283D: changes role from  FOLLOWER to FOLLOWER at term 233 for recognizeCandidate:7c431f9d-51bc-458b-a3a6-511ec217d887
2019-10-17 06:48:04,345 [grpc-default-executor-3] INFO  impl.RoleInfo (RoleInfo.java:shutdownFollowerState(121)) - b9cfa588-8e56-4331-be2f-4c26f25c6739: shutdown FollowerState
2019-10-17 06:48:04,345 [grpc-default-executor-3] INFO  impl.RoleInfo (RoleInfo.java:updateAndGet(143)) - b9cfa588-8e56-4331-be2f-4c26f25c6739: start FollowerState
2019-10-17 06:48:04,345 [Thread-2666] INFO  impl.FollowerState (FollowerState.java:run(117)) - b9cfa588-8e56-4331-be2f-4c26f25c6739@group-21BA9BD4283D-FollowerState was interrupted: java.lang.InterruptedException: sleep interrupted
2019-10-17 06:48:04,346 [grpc-default-executor-1] INFO  impl.RaftServerImpl (RaftServerImpl.java:setRole(184)) - 67f35358-9777-4ff9-96f4-8a61bc3a94fe@group-21BA9BD4283D: changes role from  FOLLOWER to FOLLOWER at term 233 for recognizeCandidate:7c431f9d-51bc-458b-a3a6-511ec217d887
2019-10-17 06:48:04,346 [grpc-default-executor-1] INFO  impl.RoleInfo (RoleInfo.java:shutdownFollowerState(121)) - 67f35358-9777-4ff9-96f4-8a61bc3a94fe: shutdown FollowerState
2019-10-17 06:48:04,346 [grpc-default-executor-1] INFO  impl.RoleInfo (RoleInfo.java:updateAndGet(143)) - 67f35358-9777-4ff9-96f4-8a61bc3a94fe: start FollowerState
2019-10-17 06:48:04,346 [Thread-2665] INFO  impl.FollowerState (FollowerState.java:run(117)) - 67f35358-9777-4ff9-96f4-8a61bc3a94fe@group-21BA9BD4283D-FollowerState was interrupted: java.lang.InterruptedException: sleep interrupted
2019-10-17 06:48:04,360 [7c431f9d-51bc-458b-a3a6-511ec217d887@group-21BA9BD4283D-LeaderElection288] INFO  impl.LeaderElection (LeaderElection.java:logAndReturn(56)) - 7c431f9d-51bc-458b-a3a6-511ec217d887@group-21BA9BD4283D-LeaderElection288: Election REJECTED; received 2 response(s) [7c431f9d-51bc-458b-a3a6-511ec217d887<-67f35358-9777-4ff9-96f4-8a61bc3a94fe#0:FAIL-t233, 7c431f9d-51bc-458b-a3a6-511ec217d887<-b9cfa588-8e56-4331-be2f-4c26f25c6739#0:FAIL-t233] and 0 exception(s); 7c431f9d-51bc-458b-a3a6-511ec217d887@group-21BA9BD4283D:t233, leader=null, voted=7c431f9d-51bc-458b-a3a6-511ec217d887, raftlog=7c431f9d-51bc-458b-a3a6-511ec217d887@group-21BA9BD4283D-SegmentedRaftLog:OPENED:c-1,f-1,i0, conf=-1: [67f35358-9777-4ff9-96f4-8a61bc3a94fe:192.168.34.62:37037, 7c431f9d-51bc-458b-a3a6-511ec217d887:192.168.34.62:40420, b9cfa588-8e56-4331-be2f-4c26f25c6739:192.168.34.62:34777], old=null
2019-10-17 06:48:04,360 [7c431f9d-51bc-458b-a3a6-511ec217d887@group-21BA9BD4283D-LeaderElection288] INFO  impl.RaftServerImpl (RaftServerImpl.java:setRole(184)) - 7c431f9d-51bc-458b-a3a6-511ec217d887@group-21BA9BD4283D: changes role from CANDIDATE to FOLLOWER at term 233 for DISCOVERED_A_NEW_TERM
2019-10-17 06:48:04,361 [7c431f9d-51bc-458b-a3a6-511ec217d887@group-21BA9BD4283D-LeaderElection288] INFO  impl.RoleInfo (RoleInfo.java:shutdownLeaderElection(134)) - 7c431f9d-51bc-458b-a3a6-511ec217d887: shutdown LeaderElection
2019-10-17 06:48:04,361 [7c431f9d-51bc-458b-a3a6-511ec217d887@group-21BA9BD4283D-LeaderElection288] INFO  impl.RoleInfo (RoleInfo.java:updateAndGet(143)) - 7c431f9d-51bc-458b-a3a6-511ec217d887: start FollowerState
2019-10-17 06:48:04,535 [Thread-2671] INFO  impl.FollowerState (FollowerState.java:run(108)) - 7c431f9d-51bc-458b-a3a6-511ec217d887@group-21BA9BD4283D-FollowerState: change to CANDIDATE, lastRpcTime:174ms, electionTimeout:174ms
2019-10-17 06:48:04,535 [Thread-2671] INFO  impl.RoleInfo (RoleInfo.java:shutdownFollowerState(121)) - 7c431f9d-51bc-458b-a3a6-511ec217d887: shutdown FollowerState
2019-10-17 06:48:04,535 [Thread-2671] INFO  impl.RaftServerImpl (RaftServerImpl.java:setRole(184)) - 7c431f9d-51bc-458b-a3a6-511ec217d887@group-21BA9BD4283D: changes role from  FOLLOWER to CANDIDATE at term 233 for changeToCandidate
2019-10-17 06:48:04,536 [Thread-2671] INFO  impl.RoleInfo (RoleInfo.java:updateAndGet(143)) - 7c431f9d-51bc-458b-a3a6-511ec217d887: start LeaderElection
2019-10-17 06:48:04,546 [7c431f9d-51bc-458b-a3a6-511ec217d887@group-21BA9BD4283D-LeaderElection289] INFO  impl.LeaderElection (LeaderElection.java:askForVotes(178)) - 7c431f9d-51bc-458b-a3a6-511ec217d887@group-21BA9BD4283D-LeaderElection289: begin an election at term 234 for -1: [67f35358-9777-4ff9-96f4-8a61bc3a94fe:192.168.34.62:37037, 7c431f9d-51bc-458b-a3a6-511ec217d887:192.168.34.62:40420, b9cfa588-8e56-4331-be2f-4c26f25c6739:192.168.34.62:34777], old=null
2019-10-17 06:48:04,548 [grpc-default-executor-3] INFO  impl.RaftServerImpl (RaftServerImpl.java:setRole(184)) - b9cfa588-8e56-4331-be2f-4c26f25c6739@group-21BA9BD4283D: changes role from  FOLLOWER to FOLLOWER at term 234 for recognizeCandidate:7c431f9d-51bc-458b-a3a6-511ec217d887
2019-10-17 06:48:04,548 [grpc-default-executor-1] INFO  impl.RaftServerImpl (RaftServerImpl.java:setRole(184)) - 67f35358-9777-4ff9-96f4-8a61bc3a94fe@group-21BA9BD4283D: changes role from  FOLLOWER to FOLLOWER at term 234 for recognizeCandidate:7c431f9d-51bc-458b-a3a6-511ec217d887
2019-10-17 06:48:04,548 [grpc-default-executor-1] INFO  impl.RoleInfo (RoleInfo.java:shutdownFollowerState(121)) - 67f35358-9777-4ff9-96f4-8a61bc3a94fe: shutdown FollowerState
2019-10-17 06:48:04,548 [grpc-default-executor-3] INFO  impl.RoleInfo (RoleInfo.java:shutdownFollowerState(121)) - b9cfa588-8e56-4331-be2f-4c26f25c6739: shutdown FollowerState
2019-10-17 06:48:04,548 [grpc-default-executor-1] INFO  impl.RoleInfo (RoleInfo.java:updateAndGet(143)) - 67f35358-9777-4ff9-96f4-8a61bc3a94fe: start FollowerState
2019-10-17 06:48:04,548 [Thread-2669] INFO  impl.FollowerState (FollowerState.java:run(117)) - b9cfa588-8e56-4331-be2f-4c26f25c6739@group-21BA9BD4283D-FollowerState was interrupted: java.lang.InterruptedException: sleep interrupted
2019-10-17 06:48:04,548 [grpc-default-executor-3] INFO  impl.RoleInfo (RoleInfo.java:updateAndGet(143)) - b9cfa588-8e56-4331-be2f-4c26f25c6739: start FollowerState
2019-10-17 06:48:04,548 [Thread-2670] INFO  impl.FollowerState (FollowerState.java:run(117)) - 67f35358-9777-4ff9-96f4-8a61bc3a94fe@group-21BA9BD4283D-FollowerState was interrupted: java.lang.InterruptedException: sleep interrupted
2019-10-17 06:48:04,563 [7c431f9d-51bc-458b-a3a6-511ec217d887@group-21BA9BD4283D-LeaderElection289] INFO  impl.LeaderElection (LeaderElection.java:logAndReturn(56)) - 7c431f9d-51bc-458b-a3a6-511ec217d887@group-21BA9BD4283D-LeaderElection289: Election REJECTED; received 2 response(s) [7c431f9d-51bc-458b-a3a6-511ec217d887<-67f35358-9777-4ff9-96f4-8a61bc3a94fe#0:FAIL-t234, 7c431f9d-51bc-458b-a3a6-511ec217d887<-b9cfa588-8e56-4331-be2f-4c26f25c6739#0:FAIL-t234] and 0 exception(s); 7c431f9d-51bc-458b-a3a6-511ec217d887@group-21BA9BD4283D:t234, leader=null, voted=7c431f9d-51bc-458b-a3a6-511ec217d887, raftlog=7c431f9d-51bc-458b-a3a6-511ec217d887@group-21BA9BD4283D-SegmentedRaftLog:OPENED:c-1,f-1,i0, conf=-1: [67f35358-9777-4ff9-96f4-8a61bc3a94fe:192.168.34.62:37037, 7c431f9d-51bc-458b-a3a6-511ec217d887:192.168.34.62:40420, b9cfa588-8e56-4331-be2f-4c26f25c6739:192.168.34.62:34777], old=null
2019-10-17 06:48:04,563 [7c431f9d-51bc-458b-a3a6-511ec217d887@group-21BA9BD4283D-LeaderElection289] INFO  impl.RaftServerImpl (RaftServerImpl.java:setRole(184)) - 7c431f9d-51bc-458b-a3a6-511ec217d887@group-21BA9BD4283D: changes role from CANDIDATE to FOLLOWER at term 234 for DISCOVERED_A_NEW_TERM
2019-10-17 06:48:04,563 [7c431f9d-51bc-458b-a3a6-511ec217d887@group-21BA9BD4283D-LeaderElection289] INFO  impl.RoleInfo (RoleInfo.java:shutdownLeaderElection(134)) - 7c431f9d-51bc-458b-a3a6-511ec217d887: shutdown LeaderElection
2019-10-17 06:48:04,563 [7c431f9d-51bc-458b-a3a6-511ec217d887@group-21BA9BD4283D-LeaderElection289] INFO  impl.RoleInfo (RoleInfo.java:updateAndGet(143)) - 7c431f9d-51bc-458b-a3a6-511ec217d887: start FollowerState
2019-10-17 06:48:04,619 [Thread-2677] INFO  impl.FollowerState (FollowerState.java:run(108)) - 7c431f9d-51bc-458b-a3a6-511ec217d887@group-21BA9BD4283D-FollowerState: change to CANDIDATE, lastRpcTime:55ms, electionTimeout:55ms
2019-10-17 06:48:04,619 [Thread-2677] INFO  impl.RoleInfo (RoleInfo.java:shutdownFollowerState(121)) - 7c431f9d-51bc-458b-a3a6-511ec217d887: shutdown FollowerState
2019-10-17 06:48:04,619 [Thread-2677] INFO  impl.RaftServerImpl (RaftServerImpl.java:setRole(184)) - 7c431f9d-51bc-458b-a3a6-511ec217d887@group-21BA9BD4283D: changes role from  FOLLOWER to CANDIDATE at term 234 for changeToCandidate
2019-10-17 06:48:04,619 [Thread-2677] INFO  impl.RoleInfo (RoleInfo.java:updateAndGet(143)) - 7c431f9d-51bc-458b-a3a6-511ec217d887: start LeaderElection
2019-10-17 06:48:04,648 [7c431f9d-51bc-458b-a3a6-511ec217d887@group-21BA9BD4283D-LeaderElection290] INFO  impl.LeaderElection (LeaderElection.java:askForVotes(178)) - 7c431f9d-51bc-458b-a3a6-511ec217d887@group-21BA9BD4283D-LeaderElection290: begin an election at term 235 for -1: [67f35358-9777-4ff9-96f4-8a61bc3a94fe:192.168.34.62:37037, 7c431f9d-51bc-458b-a3a6-511ec217d887:192.168.34.62:40420, b9cfa588-8e56-4331-be2f-4c26f25c6739:192.168.34.62:34777], old=null
2019-10-17 06:48:04,649 [grpc-default-executor-1] INFO  impl.RaftServerImpl (RaftServerImpl.java:setRole(184)) - 67f35358-9777-4ff9-96f4-8a61bc3a94fe@group-21BA9BD4283D: changes role from  FOLLOWER to FOLLOWER at term 235 for recognizeCandidate:7c431f9d-51bc-458b-a3a6-511ec217d887
2019-10-17 06:48:04,649 [grpc-default-executor-3] INFO  impl.RaftServerImpl (RaftServerImpl.java:setRole(184)) - b9cfa588-8e56-4331-be2f-4c26f25c6739@group-21BA9BD4283D: changes role from  FOLLOWER to FOLLOWER at term 235 for recognizeCandidate:7c431f9d-51bc-458b-a3a6-511ec217d887
2019-10-17 06:48:04,650 [grpc-default-executor-1] INFO  impl.RoleInfo (RoleInfo.java:shutdownFollowerState(121)) - 67f35358-9777-4ff9-96f4-8a61bc3a94fe: shutdown FollowerState
2019-10-17 06:48:04,650 [grpc-default-executor-3] INFO  impl.RoleInfo (RoleInfo.java:shutdownFollowerState(121)) - b9cfa588-8e56-4331-be2f-4c26f25c6739: shutdown FollowerState
2019-10-17 06:48:04,650 [Thread-2675] INFO  impl.FollowerState (FollowerState.java:run(117)) - 67f35358-9777-4ff9-96f4-8a61bc3a94fe@group-21BA9BD4283D-FollowerState was interrupted: java.lang.InterruptedException: sleep interrupted
2019-10-17 06:48:04,650 [grpc-default-executor-1] INFO  impl.RoleInfo (RoleInfo.java:updateAndGet(143)) - 67f35358-9777-4ff9-96f4-8a61bc3a94fe: start FollowerState
2019-10-17 06:48:04,650 [Thread-2676] INFO  impl.FollowerState (FollowerState.java:run(117)) - b9cfa588-8e56-4331-be2f-4c26f25c6739@group-21BA9BD4283D-FollowerState was interrupted: java.lang.InterruptedException: sleep interrupted
2019-10-17 06:48:04,650 [grpc-default-executor-3] INFO  impl.RoleInfo (RoleInfo.java:updateAndGet(143)) - b9cfa588-8e56-4331-be2f-4c26f25c6739: start FollowerState
2019-10-17 06:48:04,664 [7c431f9d-51bc-458b-a3a6-511ec217d887@group-21BA9BD4283D-LeaderElection290] INFO  impl.LeaderElection (LeaderElection.java:logAndReturn(56)) - 7c431f9d-51bc-458b-a3a6-511ec217d887@group-21BA9BD4283D-LeaderElection290: Election REJECTED; received 2 response(s) [7c431f9d-51bc-458b-a3a6-511ec217d887<-67f35358-9777-4ff9-96f4-8a61bc3a94fe#0:FAIL-t235, 7c431f9d-51bc-458b-a3a6-511ec217d887<-b9cfa588-8e56-4331-be2f-4c26f25c6739#0:FAIL-t235] and 0 exception(s); 7c431f9d-51bc-458b-a3a6-511ec217d887@group-21BA9BD4283D:t235, leader=null, voted=7c431f9d-51bc-458b-a3a6-511ec217d887, raftlog=7c431f9d-51bc-458b-a3a6-511ec217d887@group-21BA9BD4283D-SegmentedRaftLog:OPENED:c-1,f-1,i0, conf=-1: [67f35358-9777-4ff9-96f4-8a61bc3a94fe:192.168.34.62:37037, 7c431f9d-51bc-458b-a3a6-511ec217d887:192.168.34.62:40420, b9cfa588-8e56-4331-be2f-4c26f25c6739:192.168.34.62:34777], old=null
2019-10-17 06:48:04,664 [7c431f9d-51bc-458b-a3a6-511ec217d887@group-21BA9BD4283D-LeaderElection290] INFO  impl.RaftServerImpl (RaftServerImpl.java:setRole(184)) - 7c431f9d-51bc-458b-a3a6-511ec217d887@group-21BA9BD4283D: changes role from CANDIDATE to FOLLOWER at term 235 for DISCOVERED_A_NEW_TERM
2019-10-17 06:48:04,664 [7c431f9d-51bc-458b-a3a6-511ec217d887@group-21BA9BD4283D-LeaderElection290] INFO  impl.RoleInfo (RoleInfo.java:shutdownLeaderElection(134)) - 7c431f9d-51bc-458b-a3a6-511ec217d887: shutdown LeaderElection
2019-10-17 06:48:04,664 [7c431f9d-51bc-458b-a3a6-511ec217d887@group-21BA9BD4283D-LeaderElection290] INFO  impl.RoleInfo (RoleInfo.java:updateAndGet(143)) - 7c431f9d-51bc-458b-a3a6-511ec217d887: start FollowerState
2019-10-17 06:48:04,726 [Thread-2683] INFO  impl.FollowerState (FollowerState.java:run(108)) - 7c431f9d-51bc-458b-a3a6-511ec217d887@group-21BA9BD4283D-FollowerState: change to CANDIDATE, lastRpcTime:61ms, electionTimeout:61ms
2019-10-17 06:48:04,726 [Thread-2683] INFO  impl.RoleInfo (RoleInfo.java:shutdownFollowerState(121)) - 7c431f9d-51bc-458b-a3a6-511ec217d887: shutdown FollowerState
2019-10-17 06:48:04,726 [Thread-2683] INFO  impl.RaftServerImpl (RaftServerImpl.java:setRole(184)) - 7c431f9d-51bc-458b-a3a6-511ec217d887@group-21BA9BD4283D: changes role from  FOLLOWER to CANDIDATE at term 235 for changeToCandidate
2019-10-17 06:48:04,726 [Thread-2683] INFO  impl.RoleInfo (RoleInfo.java:updateAndGet(143)) - 7c431f9d-51bc-458b-a3a6-511ec217d887: start LeaderElection
2019-10-17 06:48:04,737 [7c431f9d-51bc-458b-a3a6-511ec217d887@group-21BA9BD4283D-LeaderElection291] INFO  impl.LeaderElection (LeaderElection.java:askForVotes(178)) - 7c431f9d-51bc-458b-a3a6-511ec217d887@group-21BA9BD4283D-LeaderElection291: begin an election at term 236 for -1: [67f35358-9777-4ff9-96f4-8a61bc3a94fe:192.168.34.62:37037, 7c431f9d-51bc-458b-a3a6-511ec217d887:192.168.34.62:40420, b9cfa588-8e56-4331-be2f-4c26f25c6739:192.168.34.62:34777], old=null
2019-10-17 06:48:04,739 [grpc-default-executor-1] INFO  impl.RaftServerImpl (RaftServerImpl.java:setRole(184)) - b9cfa588-8e56-4331-be2f-4c26f25c6739@group-21BA9BD4283D: changes role from  FOLLOWER to FOLLOWER at term 236 for recognizeCandidate:7c431f9d-51bc-458b-a3a6-511ec217d887
2019-10-17 06:48:04,739 [grpc-default-executor-3] INFO  impl.RaftServerImpl (RaftServerImpl.java:setRole(184)) - 67f35358-9777-4ff9-96f4-8a61bc3a94fe@group-21BA9BD4283D: changes role from  FOLLOWER to FOLLOWER at term 236 for recognizeCandidate:7c431f9d-51bc-458b-a3a6-511ec217d887
2019-10-17 06:48:04,739 [grpc-default-executor-3] INFO  impl.RoleInfo (RoleInfo.java:shutdownFollowerState(121)) - 67f35358-9777-4ff9-96f4-8a61bc3a94fe: shutdown FollowerState
2019-10-17 06:48:04,739 [grpc-default-executor-1] INFO  impl.RoleInfo (RoleInfo.java:shutdownFollowerState(121)) - b9cfa588-8e56-4331-be2f-4c26f25c6739: shutdown FollowerState
2019-10-17 06:48:04,739 [Thread-2681] INFO  impl.FollowerState (FollowerState.java:run(117)) - 67f35358-9777-4ff9-96f4-8a61bc3a94fe@group-21BA9BD4283D-FollowerState was interrupted: java.lang.InterruptedException: sleep interrupted
2019-10-17 06:48:04,739 [grpc-default-executor-3] INFO  impl.RoleInfo (RoleInfo.java:updateAndGet(143)) - 67f35358-9777-4ff9-96f4-8a61bc3a94fe: start FollowerState
2019-10-17 06:48:04,739 [Thread-2682] INFO  impl.FollowerState (FollowerState.java:run(117)) - b9cfa588-8e56-4331-be2f-4c26f25c6739@group-21BA9BD4283D-FollowerState was interrupted: java.lang.InterruptedException: sleep interrupted
2019-10-17 06:48:04,739 [grpc-default-executor-1] INFO  impl.RoleInfo (RoleInfo.java:updateAndGet(143)) - b9cfa588-8e56-4331-be2f-4c26f25c6739: start FollowerState
2019-10-17 06:48:04,753 [7c431f9d-51bc-458b-a3a6-511ec217d887@group-21BA9BD4283D-LeaderElection291] INFO  impl.LeaderElection (LeaderElection.java:logAndReturn(56)) - 7c431f9d-51bc-458b-a3a6-511ec217d887@group-21BA9BD4283D-LeaderElection291: Election REJECTED; received 2 response(s) [7c431f9d-51bc-458b-a3a6-511ec217d887<-67f35358-9777-4ff9-96f4-8a61bc3a94fe#0:FAIL-t236, 7c431f9d-51bc-458b-a3a6-511ec217d887<-b9cfa588-8e56-4331-be2f-4c26f25c6739#0:FAIL-t236] and 0 exception(s); 7c431f9d-51bc-458b-a3a6-511ec217d887@group-21BA9BD4283D:t236, leader=null, voted=7c431f9d-51bc-458b-a3a6-511ec217d887, raftlog=7c431f9d-51bc-458b-a3a6-511ec217d887@group-21BA9BD4283D-SegmentedRaftLog:OPENED:c-1,f-1,i0, conf=-1: [67f35358-9777-4ff9-96f4-8a61bc3a94fe:192.168.34.62:37037, 7c431f9d-51bc-458b-a3a6-511ec217d887:192.168.34.62:40420, b9cfa588-8e56-4331-be2f-4c26f25c6739:192.168.34.62:34777], old=null
2019-10-17 06:48:04,753 [7c431f9d-51bc-458b-a3a6-511ec217d887@group-21BA9BD4283D-LeaderElection291] INFO  impl.RaftServerImpl (RaftServerImpl.java:setRole(184)) - 7c431f9d-51bc-458b-a3a6-511ec217d887@group-21BA9BD4283D: changes role from CANDIDATE to FOLLOWER at term 236 for DISCOVERED_A_NEW_TERM
2019-10-17 06:48:04,753 [7c431f9d-51bc-458b-a3a6-511ec217d887@group-21BA9BD4283D-LeaderElection291] INFO  impl.RoleInfo (RoleInfo.java:shutdownLeaderElection(134)) - 7c431f9d-51bc-458b-a3a6-511ec217d887: shutdown LeaderElection
2019-10-17 06:48:04,753 [7c431f9d-51bc-458b-a3a6-511ec217d887@group-21BA9BD4283D-LeaderElection291] INFO  impl.RoleInfo (RoleInfo.java:updateAndGet(143)) - 7c431f9d-51bc-458b-a3a6-511ec217d887: start FollowerState
2019-10-17 06:48:04,850 [Thread-2689] INFO  impl.FollowerState (FollowerState.java:run(108)) - 7c431f9d-51bc-458b-a3a6-511ec217d887@group-21BA9BD4283D-FollowerState: change to CANDIDATE, lastRpcTime:96ms, electionTimeout:96ms
2019-10-17 06:48:04,850 [Thread-2689] INFO  impl.RoleInfo (RoleInfo.java:shutdownFollowerState(121)) - 7c431f9d-51bc-458b-a3a6-511ec217d887: shutdown FollowerState
2019-10-17 06:48:04,850 [Thread-2689] INFO  impl.RaftServerImpl (RaftServerImpl.java:setRole(184)) - 7c431f9d-51bc-458b-a3a6-511ec217d887@group-21BA9BD4283D: changes role from  FOLLOWER to CANDIDATE at term 236 for changeToCandidate
2019-10-17 06:48:04,850 [Thread-2689] INFO  impl.RoleInfo (RoleInfo.java:updateAndGet(143)) - 7c431f9d-51bc-458b-a3a6-511ec217d887: start LeaderElection
2019-10-17 06:48:04,872 [7c431f9d-51bc-458b-a3a6-511ec217d887@group-21BA9BD4283D-LeaderElection292] INFO  impl.LeaderElection (LeaderElection.java:askForVotes(178)) - 7c431f9d-51bc-458b-a3a6-511ec217d887@group-21BA9BD4283D-LeaderElection292: begin an election at term 237 for -1: [67f35358-9777-4ff9-96f4-8a61bc3a94fe:192.168.34.62:37037, 7c431f9d-51bc-458b-a3a6-511ec217d887:192.168.34.62:40420, b9cfa588-8e56-4331-be2f-4c26f25c6739:192.168.34.62:34777], old=null
2019-10-17 06:48:04,874 [grpc-default-executor-3] INFO  impl.RaftServerImpl (RaftServerImpl.java:setRole(184)) - 67f35358-9777-4ff9-96f4-8a61bc3a94fe@group-21BA9BD4283D: changes role from  FOLLOWER to FOLLOWER at term 237 for recognizeCandidate:7c431f9d-51bc-458b-a3a6-511ec217d887
2019-10-17 06:48:04,874 [grpc-default-executor-1] INFO  impl.RaftServerImpl (RaftServerImpl.java:setRole(184)) - b9cfa588-8e56-4331-be2f-4c26f25c6739@group-21BA9BD4283D: changes role from  FOLLOWER to FOLLOWER at term 237 for recognizeCandidate:7c431f9d-51bc-458b-a3a6-511ec217d887
2019-10-17 06:48:04,874 [grpc-default-executor-3] INFO  impl.RoleInfo (RoleInfo.java:shutdownFollowerState(121)) - 67f35358-9777-4ff9-96f4-8a61bc3a94fe: shutdown FollowerState
2019-10-17 06:48:04,874 [grpc-default-executor-1] INFO  impl.RoleInfo (RoleInfo.java:shutdownFollowerState(121)) - b9cfa588-8e56-4331-be2f-4c26f25c6739: shutdown FollowerState
2019-10-17 06:48:04,874 [Thread-2687] INFO  impl.FollowerState (FollowerState.java:run(117)) - 67f35358-9777-4ff9-96f4-8a61bc3a94fe@group-21BA9BD4283D-FollowerState was interrupted: java.lang.InterruptedException: sleep interrupted
2019-10-17 06:48:04,874 [grpc-default-executor-3] INFO  impl.RoleInfo (RoleInfo.java:updateAndGet(143)) - 67f35358-9777-4ff9-96f4-8a61bc3a94fe: start FollowerState
2019-10-17 06:48:04,874 [Thread-2688] INFO  impl.FollowerState (FollowerState.java:run(117)) - b9cfa588-8e56-4331-be2f-4c26f25c6739@group-21BA9BD4283D-FollowerState was interrupted: java.lang.InterruptedException: sleep interrupted
2019-10-17 06:48:04,874 [grpc-default-executor-1] INFO  impl.RoleInfo (RoleInfo.java:updateAndGet(143)) - b9cfa588-8e56-4331-be2f-4c26f25c6739: start FollowerState
2019-10-17 06:48:04,888 [7c431f9d-51bc-458b-a3a6-511ec217d887@group-21BA9BD4283D-LeaderElection292] INFO  impl.LeaderElection (LeaderElection.java:logAndReturn(56)) - 7c431f9d-51bc-458b-a3a6-511ec217d887@group-21BA9BD4283D-LeaderElection292: Election REJECTED; received 2 response(s) [7c431f9d-51bc-458b-a3a6-511ec217d887<-67f35358-9777-4ff9-96f4-8a61bc3a94fe#0:FAIL-t237, 7c431f9d-51bc-458b-a3a6-511ec217d887<-b9cfa588-8e56-4331-be2f-4c26f25c6739#0:FAIL-t237] and 0 exception(s); 7c431f9d-51bc-458b-a3a6-511ec217d887@group-21BA9BD4283D:t237, leader=null, voted=7c431f9d-51bc-458b-a3a6-511ec217d887, raftlog=7c431f9d-51bc-458b-a3a6-511ec217d887@group-21BA9BD4283D-SegmentedRaftLog:OPENED:c-1,f-1,i0, conf=-1: [67f35358-9777-4ff9-96f4-8a61bc3a94fe:192.168.34.62:37037, 7c431f9d-51bc-458b-a3a6-511ec217d887:192.168.34.62:40420, b9cfa588-8e56-4331-be2f-4c26f25c6739:192.168.34.62:34777], old=null
2019-10-17 06:48:04,889 [7c431f9d-51bc-458b-a3a6-511ec217d887@group-21BA9BD4283D-LeaderElection292] INFO  impl.RaftServerImpl (RaftServerImpl.java:setRole(184)) - 7c431f9d-51bc-458b-a3a6-511ec217d887@group-21BA9BD4283D: changes role from CANDIDATE to FOLLOWER at term 237 for DISCOVERED_A_NEW_TERM
2019-10-17 06:48:04,889 [7c431f9d-51bc-458b-a3a6-511ec217d887@group-21BA9BD4283D-LeaderElection292] INFO  impl.RoleInfo (RoleInfo.java:shutdownLeaderElection(134)) - 7c431f9d-51bc-458b-a3a6-511ec217d887: shutdown LeaderElection
2019-10-17 06:48:04,889 [7c431f9d-51bc-458b-a3a6-511ec217d887@group-21BA9BD4283D-LeaderElection292] INFO  impl.RoleInfo (RoleInfo.java:updateAndGet(143)) - 7c431f9d-51bc-458b-a3a6-511ec217d887: start FollowerState
2019-10-17 06:48:04,930 [Thread-2695] INFO  impl.FollowerState (FollowerState.java:run(108)) - 7c431f9d-51bc-458b-a3a6-511ec217d887@group-21BA9BD4283D-FollowerState: change to CANDIDATE, lastRpcTime:41ms, electionTimeout:41ms
2019-10-17 06:48:04,930 [Thread-2695] INFO  impl.RoleInfo (RoleInfo.java:shutdownFollowerState(121)) - 7c431f9d-51bc-458b-a3a6-511ec217d887: shutdown FollowerState
2019-10-17 06:48:04,930 [Thread-2695] INFO  impl.RaftServerImpl (RaftServerImpl.java:setRole(184)) - 7c431f9d-51bc-458b-a3a6-511ec217d887@group-21BA9BD4283D: changes role from  FOLLOWER to CANDIDATE at term 237 for changeToCandidate
2019-10-17 06:48:04,931 [Thread-2695] INFO  impl.RoleInfo (RoleInfo.java:updateAndGet(143)) - 7c431f9d-51bc-458b-a3a6-511ec217d887: start LeaderElection
2019-10-17 06:48:04,955 [7c431f9d-51bc-458b-a3a6-511ec217d887@group-21BA9BD4283D-LeaderElection293] INFO  impl.LeaderElection (LeaderElection.java:askForVotes(178)) - 7c431f9d-51bc-458b-a3a6-511ec217d887@group-21BA9BD4283D-LeaderElection293: begin an election at term 238 for -1: [67f35358-9777-4ff9-96f4-8a61bc3a94fe:192.168.34.62:37037, 7c431f9d-51bc-458b-a3a6-511ec217d887:192.168.34.62:40420, b9cfa588-8e56-4331-be2f-4c26f25c6739:192.168.34.62:34777], old=null
2019-10-17 06:48:04,957 [grpc-default-executor-3] INFO  impl.RaftServerImpl (RaftServerImpl.java:setRole(184)) - b9cfa588-8e56-4331-be2f-4c26f25c6739@group-21BA9BD4283D: changes role from  FOLLOWER to FOLLOWER at term 238 for recognizeCandidate:7c431f9d-51bc-458b-a3a6-511ec217d887
2019-10-17 06:48:04,957 [grpc-default-executor-1] INFO  impl.RaftServerImpl (RaftServerImpl.java:setRole(184)) - 67f35358-9777-4ff9-96f4-8a61bc3a94fe@group-21BA9BD4283D: changes role from  FOLLOWER to FOLLOWER at term 238 for recognizeCandidate:7c431f9d-51bc-458b-a3a6-511ec217d887
2019-10-17 06:48:04,957 [grpc-default-executor-3] INFO  impl.RoleInfo (RoleInfo.java:shutdownFollowerState(121)) - b9cfa588-8e56-4331-be2f-4c26f25c6739: shutdown FollowerState
2019-10-17 06:48:04,957 [grpc-default-executor-1] INFO  impl.RoleInfo (RoleInfo.java:shutdownFollowerState(121)) - 67f35358-9777-4ff9-96f4-8a61bc3a94fe: shutdown FollowerState
2019-10-17 06:48:04,957 [Thread-2694] INFO  impl.FollowerState (FollowerState.java:run(117)) - b9cfa588-8e56-4331-be2f-4c26f25c6739@group-21BA9BD4283D-FollowerState was interrupted: java.lang.InterruptedException: sleep interrupted
2019-10-17 06:48:04,958 [Thread-2693] INFO  impl.FollowerState (FollowerState.java:run(117)) - 67f35358-9777-4ff9-96f4-8a61bc3a94fe@group-21BA9BD4283D-FollowerState was interrupted: java.lang.InterruptedException: sleep interrupted
2019-10-17 06:48:04,957 [grpc-default-executor-3] INFO  impl.RoleInfo (RoleInfo.java:updateAndGet(143)) - b9cfa588-8e56-4331-be2f-4c26f25c6739: start FollowerState
2019-10-17 06:48:04,958 [grpc-default-executor-1] INFO  impl.RoleInfo (RoleInfo.java:updateAndGet(143)) - 67f35358-9777-4ff9-96f4-8a61bc3a94fe: start FollowerState
2019-10-17 06:48:04,958 [7c431f9d-51bc-458b-a3a6-511ec217d887@group-21BA9BD4283D-LeaderElection293] INFO  impl.LeaderElection (LeaderElection.java:logAndReturn(56)) - 7c431f9d-51bc-458b-a3a6-511ec217d887@group-21BA9BD4283D-LeaderElection293: Election TIMEOUT; received 0 response(s) [] and 0 exception(s); 7c431f9d-51bc-458b-a3a6-511ec217d887@group-21BA9BD4283D:t238, leader=null, voted=7c431f9d-51bc-458b-a3a6-511ec217d887, raftlog=7c431f9d-51bc-458b-a3a6-511ec217d887@group-21BA9BD4283D-SegmentedRaftLog:OPENED:c-1,f-1,i0, conf=-1: [67f35358-9777-4ff9-96f4-8a61bc3a94fe:192.168.34.62:37037, 7c431f9d-51bc-458b-a3a6-511ec217d887:192.168.34.62:40420, b9cfa588-8e56-4331-be2f-4c26f25c6739:192.168.34.62:34777], old=null
2019-10-17 06:48:04,972 [7c431f9d-51bc-458b-a3a6-511ec217d887@group-21BA9BD4283D-LeaderElection293] INFO  impl.LeaderElection (LeaderElection.java:askForVotes(178)) - 7c431f9d-51bc-458b-a3a6-511ec217d887@group-21BA9BD4283D-LeaderElection293: begin an election at term 239 for -1: [67f35358-9777-4ff9-96f4-8a61bc3a94fe:192.168.34.62:37037, 7c431f9d-51bc-458b-a3a6-511ec217d887:192.168.34.62:40420, b9cfa588-8e56-4331-be2f-4c26f25c6739:192.168.34.62:34777], old=null
2019-10-17 06:48:04,973 [grpc-default-executor-3] INFO  impl.RaftServerImpl (RaftServerImpl.java:setRole(184)) - 67f35358-9777-4ff9-96f4-8a61bc3a94fe@group-21BA9BD4283D: changes role from  FOLLOWER to FOLLOWER at term 239 for recognizeCandidate:7c431f9d-51bc-458b-a3a6-511ec217d887
2019-10-17 06:48:04,973 [grpc-default-executor-3] INFO  impl.RoleInfo (RoleInfo.java:shutdownFollowerState(121)) - 67f35358-9777-4ff9-96f4-8a61bc3a94fe: shutdown FollowerState
2019-10-17 06:48:04,973 [grpc-default-executor-1] INFO  impl.RaftServerImpl (RaftServerImpl.java:setRole(184)) - b9cfa588-8e56-4331-be2f-4c26f25c6739@group-21BA9BD4283D: changes role from  FOLLOWER to FOLLOWER at term 239 for recognizeCandidate:7c431f9d-51bc-458b-a3a6-511ec217d887
2019-10-17 06:48:04,974 [grpc-default-executor-3] INFO  impl.RoleInfo (RoleInfo.java:updateAndGet(143)) - 67f35358-9777-4ff9-96f4-8a61bc3a94fe: start FollowerState
2019-10-17 06:48:04,974 [Thread-2700] INFO  impl.FollowerState (FollowerState.java:run(117)) - 67f35358-9777-4ff9-96f4-8a61bc3a94fe@group-21BA9BD4283D-FollowerState was interrupted: java.lang.InterruptedException: sleep interrupted
2019-10-17 06:48:04,974 [grpc-default-executor-1] INFO  impl.RoleInfo (RoleInfo.java:shutdownFollowerState(121)) - b9cfa588-8e56-4331-be2f-4c26f25c6739: shutdown FollowerState
2019-10-17 06:48:04,974 [grpc-default-executor-1] INFO  impl.RoleInfo (RoleInfo.java:updateAndGet(143)) - b9cfa588-8e56-4331-be2f-4c26f25c6739: start FollowerState
2019-10-17 06:48:04,974 [Thread-2699] INFO  impl.FollowerState (FollowerState.java:run(117)) - b9cfa588-8e56-4331-be2f-4c26f25c6739@group-21BA9BD4283D-FollowerState was interrupted: java.lang.InterruptedException: sleep interrupted
2019-10-17 06:48:04,988 [7c431f9d-51bc-458b-a3a6-511ec217d887@group-21BA9BD4283D-LeaderElection293] INFO  impl.LeaderElection (LeaderElection.java:logAndReturn(56)) - 7c431f9d-51bc-458b-a3a6-511ec217d887@group-21BA9BD4283D-LeaderElection293: Election REJECTED; received 2 response(s) [7c431f9d-51bc-458b-a3a6-511ec217d887<-67f35358-9777-4ff9-96f4-8a61bc3a94fe#0:FAIL-t239, 7c431f9d-51bc-458b-a3a6-511ec217d887<-b9cfa588-8e56-4331-be2f-4c26f25c6739#0:FAIL-t239] and 0 exception(s); 7c431f9d-51bc-458b-a3a6-511ec217d887@group-21BA9BD4283D:t239, leader=null, voted=7c431f9d-51bc-458b-a3a6-511ec217d887, raftlog=7c431f9d-51bc-458b-a3a6-511ec217d887@group-21BA9BD4283D-SegmentedRaftLog:OPENED:c-1,f-1,i0, conf=-1: [67f35358-9777-4ff9-96f4-8a61bc3a94fe:192.168.34.62:37037, 7c431f9d-51bc-458b-a3a6-511ec217d887:192.168.34.62:40420, b9cfa588-8e56-4331-be2f-4c26f25c6739:192.168.34.62:34777], old=null
2019-10-17 06:48:04,988 [7c431f9d-51bc-458b-a3a6-511ec217d887@group-21BA9BD4283D-LeaderElection293] INFO  impl.RaftServerImpl (RaftServerImpl.java:setRole(184)) - 7c431f9d-51bc-458b-a3a6-511ec217d887@group-21BA9BD4283D: changes role from CANDIDATE to FOLLOWER at term 239 for DISCOVERED_A_NEW_TERM
2019-10-17 06:48:04,988 [7c431f9d-51bc-458b-a3a6-511ec217d887@group-21BA9BD4283D-LeaderElection293] INFO  impl.RoleInfo (RoleInfo.java:shutdownLeaderElection(134)) - 7c431f9d-51bc-458b-a3a6-511ec217d887: shutdown LeaderElection
2019-10-17 06:48:04,988 [7c431f9d-51bc-458b-a3a6-511ec217d887@group-21BA9BD4283D-LeaderElection293] INFO  impl.RoleInfo (RoleInfo.java:updateAndGet(143)) - 7c431f9d-51bc-458b-a3a6-511ec217d887: start FollowerState
2019-10-17 06:48:04,988 [Thread-2705] INFO  impl.FollowerState (FollowerState.java:run(108)) - 7c431f9d-51bc-458b-a3a6-511ec217d887@group-21BA9BD4283D-FollowerState: change to CANDIDATE, lastRpcTime:0ms, electionTimeout:0ms
2019-10-17 06:48:04,989 [Thread-2705] INFO  impl.RoleInfo (RoleInfo.java:shutdownFollowerState(121)) - 7c431f9d-51bc-458b-a3a6-511ec217d887: shutdown FollowerState
2019-10-17 06:48:04,989 [Thread-2705] INFO  impl.RaftServerImpl (RaftServerImpl.java:setRole(184)) - 7c431f9d-51bc-458b-a3a6-511ec217d887@group-21BA9BD4283D: changes role from  FOLLOWER to CANDIDATE at term 239 for changeToCandidate
2019-10-17 06:48:04,989 [Thread-2705] INFO  impl.RoleInfo (RoleInfo.java:updateAndGet(143)) - 7c431f9d-51bc-458b-a3a6-511ec217d887: start LeaderElection
2019-10-17 06:48:05,002 [7c431f9d-51bc-458b-a3a6-511ec217d887@group-21BA9BD4283D-LeaderElection294] INFO  impl.LeaderElection (LeaderElection.java:askForVotes(178)) - 7c431f9d-51bc-458b-a3a6-511ec217d887@group-21BA9BD4283D-LeaderElection294: begin an election at term 240 for -1: [67f35358-9777-4ff9-96f4-8a61bc3a94fe:192.168.34.62:37037, 7c431f9d-51bc-458b-a3a6-511ec217d887:192.168.34.62:40420, b9cfa588-8e56-4331-be2f-4c26f25c6739:192.168.34.62:34777], old=null
2019-10-17 06:48:05,003 [grpc-default-executor-1] INFO  impl.RaftServerImpl (RaftServerImpl.java:setRole(184)) - b9cfa588-8e56-4331-be2f-4c26f25c6739@group-21BA9BD4283D: changes role from  FOLLOWER to FOLLOWER at term 240 for recognizeCandidate:7c431f9d-51bc-458b-a3a6-511ec217d887
2019-10-17 06:48:05,003 [grpc-default-executor-3] INFO  impl.RaftServerImpl (RaftServerImpl.java:setRole(184)) - 67f35358-9777-4ff9-96f4-8a61bc3a94fe@group-21BA9BD4283D: changes role from  FOLLOWER to FOLLOWER at term 240 for recognizeCandidate:7c431f9d-51bc-458b-a3a6-511ec217d887
2019-10-17 06:48:05,004 [grpc-default-executor-3] INFO  impl.RoleInfo (RoleInfo.java:shutdownFollowerState(121)) - 67f35358-9777-4ff9-96f4-8a61bc3a94fe: shutdown FollowerState
2019-10-17 06:48:05,004 [grpc-default-executor-1] INFO  impl.RoleInfo (RoleInfo.java:shutdownFollowerState(121)) - b9cfa588-8e56-4331-be2f-4c26f25c6739: shutdown FollowerState
2019-10-17 06:48:05,004 [Thread-2703] INFO  impl.FollowerState (FollowerState.java:run(117)) - 67f35358-9777-4ff9-96f4-8a61bc3a94fe@group-21BA9BD4283D-FollowerState was interrupted: java.lang.InterruptedException: sleep interrupted
2019-10-17 06:48:05,004 [grpc-default-executor-3] INFO  impl.RoleInfo (RoleInfo.java:updateAndGet(143)) - 67f35358-9777-4ff9-96f4-8a61bc3a94fe: start FollowerState
2019-10-17 06:48:05,004 [Thread-2704] INFO  impl.FollowerState (FollowerState.java:run(117)) - b9cfa588-8e56-4331-be2f-4c26f25c6739@group-21BA9BD4283D-FollowerState was interrupted: java.lang.InterruptedException: sleep interrupted
2019-10-17 06:48:05,004 [grpc-default-executor-1] INFO  impl.RoleInfo (RoleInfo.java:updateAndGet(143)) - b9cfa588-8e56-4331-be2f-4c26f25c6739: start FollowerState
2019-10-17 06:48:05,018 [7c431f9d-51bc-458b-a3a6-511ec217d887@group-21BA9BD4283D-LeaderElection294] INFO  impl.LeaderElection (LeaderElection.java:logAndReturn(56)) - 7c431f9d-51bc-458b-a3a6-511ec217d887@group-21BA9BD4283D-LeaderElection294: Election REJECTED; received 2 response(s) [7c431f9d-51bc-458b-a3a6-511ec217d887<-67f35358-9777-4ff9-96f4-8a61bc3a94fe#0:FAIL-t240, 7c431f9d-51bc-458b-a3a6-511ec217d887<-b9cfa588-8e56-4331-be2f-4c26f25c6739#0:FAIL-t240] and 0 exception(s); 7c431f9d-51bc-458b-a3a6-511ec217d887@group-21BA9BD4283D:t240, leader=null, voted=7c431f9d-51bc-458b-a3a6-511ec217d887, raftlog=7c431f9d-51bc-458b-a3a6-511ec217d887@group-21BA9BD4283D-SegmentedRaftLog:OPENED:c-1,f-1,i0, conf=-1: [67f35358-9777-4ff9-96f4-8a61bc3a94fe:192.168.34.62:37037, 7c431f9d-51bc-458b-a3a6-511ec217d887:192.168.34.62:40420, b9cfa588-8e56-4331-be2f-4c26f25c6739:192.168.34.62:34777], old=null
2019-10-17 06:48:05,018 [7c431f9d-51bc-458b-a3a6-511ec217d887@group-21BA9BD4283D-LeaderElection294] INFO  impl.RaftServerImpl (RaftServerImpl.java:setRole(184)) - 7c431f9d-51bc-458b-a3a6-511ec217d887@group-21BA9BD4283D: changes role from CANDIDATE to FOLLOWER at term 240 for DISCOVERED_A_NEW_TERM
2019-10-17 06:48:05,018 [7c431f9d-51bc-458b-a3a6-511ec217d887@group-21BA9BD4283D-LeaderElection294] INFO  impl.RoleInfo (RoleInfo.java:shutdownLeaderElection(134)) - 7c431f9d-51bc-458b-a3a6-511ec217d887: shutdown LeaderElection
2019-10-17 06:48:05,018 [7c431f9d-51bc-458b-a3a6-511ec217d887@group-21BA9BD4283D-LeaderElection294] INFO  impl.RoleInfo (RoleInfo.java:updateAndGet(143)) - 7c431f9d-51bc-458b-a3a6-511ec217d887: start FollowerState
2019-10-17 06:48:05,061 [Thread-2711] INFO  impl.FollowerState (FollowerState.java:run(108)) - 7c431f9d-51bc-458b-a3a6-511ec217d887@group-21BA9BD4283D-FollowerState: change to CANDIDATE, lastRpcTime:43ms, electionTimeout:43ms
2019-10-17 06:48:05,061 [Thread-2711] INFO  impl.RoleInfo (RoleInfo.java:shutdownFollowerState(121)) - 7c431f9d-51bc-458b-a3a6-511ec217d887: shutdown FollowerState
2019-10-17 06:48:05,062 [Thread-2711] INFO  impl.RaftServerImpl (RaftServerImpl.java:setRole(184)) - 7c431f9d-51bc-458b-a3a6-511ec217d887@group-21BA9BD4283D: changes role from  FOLLOWER to CANDIDATE at term 240 for changeToCandidate
2019-10-17 06:48:05,062 [Thread-2711] INFO  impl.RoleInfo (RoleInfo.java:updateAndGet(143)) - 7c431f9d-51bc-458b-a3a6-511ec217d887: start LeaderElection
2019-10-17 06:48:05,074 [7c431f9d-51bc-458b-a3a6-511ec217d887@group-21BA9BD4283D-LeaderElection295] INFO  impl.LeaderElection (LeaderElection.java:askForVotes(178)) - 7c431f9d-51bc-458b-a3a6-511ec217d887@group-21BA9BD4283D-LeaderElection295: begin an election at term 241 for -1: [67f35358-9777-4ff9-96f4-8a61bc3a94fe:192.168.34.62:37037, 7c431f9d-51bc-458b-a3a6-511ec217d887:192.168.34.62:40420, b9cfa588-8e56-4331-be2f-4c26f25c6739:192.168.34.62:34777], old=null
2019-10-17 06:48:05,076 [grpc-default-executor-1] INFO  impl.RaftServerImpl (RaftServerImpl.java:setRole(184)) - b9cfa588-8e56-4331-be2f-4c26f25c6739@group-21BA9BD4283D: changes role from  FOLLOWER to FOLLOWER at term 241 for recognizeCandidate:7c431f9d-51bc-458b-a3a6-511ec217d887
2019-10-17 06:48:05,077 [grpc-default-executor-1] INFO  impl.RoleInfo (RoleInfo.java:shutdownFollowerState(121)) - b9cfa588-8e56-4331-be2f-4c26f25c6739: shutdown FollowerState
2019-10-17 06:48:05,076 [grpc-default-executor-3] INFO  impl.RaftServerImpl (RaftServerImpl.java:setRole(184)) - 67f35358-9777-4ff9-96f4-8a61bc3a94fe@group-21BA9BD4283D: changes role from  FOLLOWER to FOLLOWER at term 241 for recognizeCandidate:7c431f9d-51bc-458b-a3a6-511ec217d887
2019-10-17 06:48:05,077 [Thread-2710] INFO  impl.FollowerState (FollowerState.java:run(117)) - b9cfa588-8e56-4331-be2f-4c26f25c6739@group-21BA9BD4283D-FollowerState was interrupted: java.lang.InterruptedException: sleep interrupted
2019-10-17 06:48:05,077 [grpc-default-executor-1] INFO  impl.RoleInfo (RoleInfo.java:updateAndGet(143)) - b9cfa588-8e56-4331-be2f-4c26f25c6739: start FollowerState
2019-10-17 06:48:05,077 [grpc-default-executor-3] INFO  impl.RoleInfo (RoleInfo.java:shutdownFollowerState(121)) - 67f35358-9777-4ff9-96f4-8a61bc3a94fe: shutdown FollowerState
2019-10-17 06:48:05,077 [grpc-default-executor-3] INFO  impl.RoleInfo (RoleInfo.java:updateAndGet(143)) - 67f35358-9777-4ff9-96f4-8a61bc3a94fe: start FollowerState
2019-10-17 06:48:05,077 [Thread-2709] INFO  impl.FollowerState (FollowerState.java:run(117)) - 67f35358-9777-4ff9-96f4-8a61bc3a94fe@group-21BA9BD4283D-FollowerState was interrupted: java.lang.InterruptedException: sleep interrupted
2019-10-17 06:48:05,090 [7c431f9d-51bc-458b-a3a6-511ec217d887@group-21BA9BD4283D-LeaderElection295] INFO  impl.LeaderElection (LeaderElection.java:logAndReturn(56)) - 7c431f9d-51bc-458b-a3a6-511ec217d887@group-21BA9BD4283D-LeaderElection295: Election REJECTED; received 2 response(s) [7c431f9d-51bc-458b-a3a6-511ec217d887<-67f35358-9777-4ff9-96f4-8a61bc3a94fe#0:FAIL-t241, 7c431f9d-51bc-458b-a3a6-511ec217d887<-b9cfa588-8e56-4331-be2f-4c26f25c6739#0:FAIL-t241] and 0 exception(s); 7c431f9d-51bc-458b-a3a6-511ec217d887@group-21BA9BD4283D:t241, leader=null, voted=7c431f9d-51bc-458b-a3a6-511ec217d887, raftlog=7c431f9d-51bc-458b-a3a6-511ec217d887@group-21BA9BD4283D-SegmentedRaftLog:OPENED:c-1,f-1,i0, conf=-1: [67f35358-9777-4ff9-96f4-8a61bc3a94fe:192.168.34.62:37037, 7c431f9d-51bc-458b-a3a6-511ec217d887:192.168.34.62:40420, b9cfa588-8e56-4331-be2f-4c26f25c6739:192.168.34.62:34777], old=null
2019-10-17 06:48:05,091 [7c431f9d-51bc-458b-a3a6-511ec217d887@group-21BA9BD4283D-LeaderElection295] INFO  impl.RaftServerImpl (RaftServerImpl.java:setRole(184)) - 7c431f9d-51bc-458b-a3a6-511ec217d887@group-21BA9BD4283D: changes role from CANDIDATE to FOLLOWER at term 241 for DISCOVERED_A_NEW_TERM
2019-10-17 06:48:05,091 [7c431f9d-51bc-458b-a3a6-511ec217d887@group-21BA9BD4283D-LeaderElection295] INFO  impl.RoleInfo (RoleInfo.java:shutdownLeaderElection(134)) - 7c431f9d-51bc-458b-a3a6-511ec217d887: shutdown LeaderElection
2019-10-17 06:48:05,091 [7c431f9d-51bc-458b-a3a6-511ec217d887@group-21BA9BD4283D-LeaderElection295] INFO  impl.RoleInfo (RoleInfo.java:updateAndGet(143)) - 7c431f9d-51bc-458b-a3a6-511ec217d887: start FollowerState
2019-10-17 06:48:05,102 [main] INFO  ozone.MiniOzoneClusterImpl (MiniOzoneClusterImpl.java:lambda$waitForClusterToBeReady$2(164)) - Waiting for 1 number of pipelines out of 4, to report a leader.
2019-10-17 06:48:05,151 [Thread-2717] INFO  impl.FollowerState (FollowerState.java:run(108)) - 7c431f9d-51bc-458b-a3a6-511ec217d887@group-21BA9BD4283D-FollowerState: change to CANDIDATE, lastRpcTime:60ms, electionTimeout:60ms
2019-10-17 06:48:05,151 [Thread-2717] INFO  impl.RoleInfo (RoleInfo.java:shutdownFollowerState(121)) - 7c431f9d-51bc-458b-a3a6-511ec217d887: shutdown FollowerState
2019-10-17 06:48:05,151 [Thread-2717] INFO  impl.RaftServerImpl (RaftServerImpl.java:setRole(184)) - 7c431f9d-51bc-458b-a3a6-511ec217d887@group-21BA9BD4283D: changes role from  FOLLOWER to CANDIDATE at term 241 for changeToCandidate
2019-10-17 06:48:05,152 [Thread-2717] INFO  impl.RoleInfo (RoleInfo.java:updateAndGet(143)) - 7c431f9d-51bc-458b-a3a6-511ec217d887: start LeaderElection
2019-10-17 06:48:05,165 [7c431f9d-51bc-458b-a3a6-511ec217d887@group-21BA9BD4283D-LeaderElection296] INFO  impl.LeaderElection (LeaderElection.java:askForVotes(178)) - 7c431f9d-51bc-458b-a3a6-511ec217d887@group-21BA9BD4283D-LeaderElection296: begin an election at term 242 for -1: [67f35358-9777-4ff9-96f4-8a61bc3a94fe:192.168.34.62:37037, 7c431f9d-51bc-458b-a3a6-511ec217d887:192.168.34.62:40420, b9cfa588-8e56-4331-be2f-4c26f25c6739:192.168.34.62:34777], old=null
2019-10-17 06:48:05,166 [grpc-default-executor-1] INFO  impl.RaftServerImpl (RaftServerImpl.java:setRole(184)) - 67f35358-9777-4ff9-96f4-8a61bc3a94fe@group-21BA9BD4283D: changes role from  FOLLOWER to FOLLOWER at term 242 for recognizeCandidate:7c431f9d-51bc-458b-a3a6-511ec217d887
2019-10-17 06:48:05,166 [grpc-default-executor-1] INFO  impl.RoleInfo (RoleInfo.java:shutdownFollowerState(121)) - 67f35358-9777-4ff9-96f4-8a61bc3a94fe: shutdown FollowerState
2019-10-17 06:48:05,166 [grpc-default-executor-3] INFO  impl.RaftServerImpl (RaftServerImpl.java:setRole(184)) - b9cfa588-8e56-4331-be2f-4c26f25c6739@group-21BA9BD4283D: changes role from  FOLLOWER to FOLLOWER at term 242 for recognizeCandidate:7c431f9d-51bc-458b-a3a6-511ec217d887
2019-10-17 06:48:05,167 [Thread-2716] INFO  impl.FollowerState (FollowerState.java:run(117)) - 67f35358-9777-4ff9-96f4-8a61bc3a94fe@group-21BA9BD4283D-FollowerState was interrupted: java.lang.InterruptedException: sleep interrupted
2019-10-17 06:48:05,167 [grpc-default-executor-1] INFO  impl.RoleInfo (RoleInfo.java:updateAndGet(143)) - 67f35358-9777-4ff9-96f4-8a61bc3a94fe: start FollowerState
2019-10-17 06:48:05,167 [grpc-default-executor-3] INFO  impl.RoleInfo (RoleInfo.java:shutdownFollowerState(121)) - b9cfa588-8e56-4331-be2f-4c26f25c6739: shutdown FollowerState
2019-10-17 06:48:05,167 [grpc-default-executor-3] INFO  impl.RoleInfo (RoleInfo.java:updateAndGet(143)) - b9cfa588-8e56-4331-be2f-4c26f25c6739: start FollowerState
2019-10-17 06:48:05,167 [Thread-2715] INFO  impl.FollowerState (FollowerState.java:run(117)) - b9cfa588-8e56-4331-be2f-4c26f25c6739@group-21BA9BD4283D-FollowerState was interrupted: java.lang.InterruptedException: sleep interrupted
2019-10-17 06:48:05,192 [7c431f9d-51bc-458b-a3a6-511ec217d887@group-21BA9BD4283D-LeaderElection296] INFO  impl.LeaderElection (LeaderElection.java:logAndReturn(56)) - 7c431f9d-51bc-458b-a3a6-511ec217d887@group-21BA9BD4283D-LeaderElection296: Election REJECTED; received 2 response(s) [7c431f9d-51bc-458b-a3a6-511ec217d887<-67f35358-9777-4ff9-96f4-8a61bc3a94fe#0:FAIL-t242, 7c431f9d-51bc-458b-a3a6-511ec217d887<-b9cfa588-8e56-4331-be2f-4c26f25c6739#0:FAIL-t242] and 0 exception(s); 7c431f9d-51bc-458b-a3a6-511ec217d887@group-21BA9BD4283D:t242, leader=null, voted=7c431f9d-51bc-458b-a3a6-511ec217d887, raftlog=7c431f9d-51bc-458b-a3a6-511ec217d887@group-21BA9BD4283D-SegmentedRaftLog:OPENED:c-1,f-1,i0, conf=-1: [67f35358-9777-4ff9-96f4-8a61bc3a94fe:192.168.34.62:37037, 7c431f9d-51bc-458b-a3a6-511ec217d887:192.168.34.62:40420, b9cfa588-8e56-4331-be2f-4c26f25c6739:192.168.34.62:34777], old=null
2019-10-17 06:48:05,192 [7c431f9d-51bc-458b-a3a6-511ec217d887@group-21BA9BD4283D-LeaderElection296] INFO  impl.RaftServerImpl (RaftServerImpl.java:setRole(184)) - 7c431f9d-51bc-458b-a3a6-511ec217d887@group-21BA9BD4283D: changes role from CANDIDATE to FOLLOWER at term 242 for DISCOVERED_A_NEW_TERM
2019-10-17 06:48:05,192 [7c431f9d-51bc-458b-a3a6-511ec217d887@group-21BA9BD4283D-LeaderElection296] INFO  impl.RoleInfo (RoleInfo.java:shutdownLeaderElection(134)) - 7c431f9d-51bc-458b-a3a6-511ec217d887: shutdown LeaderElection
2019-10-17 06:48:05,192 [7c431f9d-51bc-458b-a3a6-511ec217d887@group-21BA9BD4283D-LeaderElection296] INFO  impl.RoleInfo (RoleInfo.java:updateAndGet(143)) - 7c431f9d-51bc-458b-a3a6-511ec217d887: start FollowerState
2019-10-17 06:48:05,294 [Thread-2723] INFO  impl.FollowerState (FollowerState.java:run(108)) - 7c431f9d-51bc-458b-a3a6-511ec217d887@group-21BA9BD4283D-FollowerState: change to CANDIDATE, lastRpcTime:102ms, electionTimeout:102ms
2019-10-17 06:48:05,295 [Thread-2723] INFO  impl.RoleInfo (RoleInfo.java:shutdownFollowerState(121)) - 7c431f9d-51bc-458b-a3a6-511ec217d887: shutdown FollowerState
2019-10-17 06:48:05,295 [Thread-2723] INFO  impl.RaftServerImpl (RaftServerImpl.java:setRole(184)) - 7c431f9d-51bc-458b-a3a6-511ec217d887@group-21BA9BD4283D: changes role from  FOLLOWER to CANDIDATE at term 242 for changeToCandidate
2019-10-17 06:48:05,295 [Thread-2723] INFO  impl.RoleInfo (RoleInfo.java:updateAndGet(143)) - 7c431f9d-51bc-458b-a3a6-511ec217d887: start LeaderElection
2019-10-17 06:48:05,304 [7c431f9d-51bc-458b-a3a6-511ec217d887@group-21BA9BD4283D-LeaderElection297] INFO  impl.LeaderElection (LeaderElection.java:askForVotes(178)) - 7c431f9d-51bc-458b-a3a6-511ec217d887@group-21BA9BD4283D-LeaderElection297: begin an election at term 243 for -1: [67f35358-9777-4ff9-96f4-8a61bc3a94fe:192.168.34.62:37037, 7c431f9d-51bc-458b-a3a6-511ec217d887:192.168.34.62:40420, b9cfa588-8e56-4331-be2f-4c26f25c6739:192.168.34.62:34777], old=null
2019-10-17 06:48:05,306 [grpc-default-executor-3] INFO  impl.RaftServerImpl (RaftServerImpl.java:setRole(184)) - b9cfa588-8e56-4331-be2f-4c26f25c6739@group-21BA9BD4283D: changes role from  FOLLOWER to FOLLOWER at term 243 for recognizeCandidate:7c431f9d-51bc-458b-a3a6-511ec217d887
2019-10-17 06:48:05,306 [grpc-default-executor-1] INFO  impl.RaftServerImpl (RaftServerImpl.java:setRole(184)) - 67f35358-9777-4ff9-96f4-8a61bc3a94fe@group-21BA9BD4283D: changes role from  FOLLOWER to FOLLOWER at term 243 for recognizeCandidate:7c431f9d-51bc-458b-a3a6-511ec217d887
2019-10-17 06:48:05,306 [grpc-default-executor-1] INFO  impl.RoleInfo (RoleInfo.java:shutdownFollowerState(121)) - 67f35358-9777-4ff9-96f4-8a61bc3a94fe: shutdown FollowerState
2019-10-17 06:48:05,306 [grpc-default-executor-3] INFO  impl.RoleInfo (RoleInfo.java:shutdownFollowerState(121)) - b9cfa588-8e56-4331-be2f-4c26f25c6739: shutdown FollowerState
2019-10-17 06:48:05,306 [Thread-2721] INFO  impl.FollowerState (FollowerState.java:run(117)) - 67f35358-9777-4ff9-96f4-8a61bc3a94fe@group-21BA9BD4283D-FollowerState was interrupted: java.lang.InterruptedException: sleep interrupted
2019-10-17 06:48:05,306 [grpc-default-executor-1] INFO  impl.RoleInfo (RoleInfo.java:updateAndGet(143)) - 67f35358-9777-4ff9-96f4-8a61bc3a94fe: start FollowerState
2019-10-17 06:48:05,306 [Thread-2722] INFO  impl.FollowerState (FollowerState.java:run(117)) - b9cfa588-8e56-4331-be2f-4c26f25c6739@group-21BA9BD4283D-FollowerState was interrupted: java.lang.InterruptedException: sleep interrupted
2019-10-17 06:48:05,306 [grpc-default-executor-3] INFO  impl.RoleInfo (RoleInfo.java:updateAndGet(143)) - b9cfa588-8e56-4331-be2f-4c26f25c6739: start FollowerState
2019-10-17 06:48:05,331 [7c431f9d-51bc-458b-a3a6-511ec217d887@group-21BA9BD4283D-LeaderElection297] INFO  impl.LeaderElection (LeaderElection.java:logAndReturn(56)) - 7c431f9d-51bc-458b-a3a6-511ec217d887@group-21BA9BD4283D-LeaderElection297: Election REJECTED; received 2 response(s) [7c431f9d-51bc-458b-a3a6-511ec217d887<-67f35358-9777-4ff9-96f4-8a61bc3a94fe#0:FAIL-t243, 7c431f9d-51bc-458b-a3a6-511ec217d887<-b9cfa588-8e56-4331-be2f-4c26f25c6739#0:FAIL-t243] and 0 exception(s); 7c431f9d-51bc-458b-a3a6-511ec217d887@group-21BA9BD4283D:t243, leader=null, voted=7c431f9d-51bc-458b-a3a6-511ec217d887, raftlog=7c431f9d-51bc-458b-a3a6-511ec217d887@group-21BA9BD4283D-SegmentedRaftLog:OPENED:c-1,f-1,i0, conf=-1: [67f35358-9777-4ff9-96f4-8a61bc3a94fe:192.168.34.62:37037, 7c431f9d-51bc-458b-a3a6-511ec217d887:192.168.34.62:40420, b9cfa588-8e56-4331-be2f-4c26f25c6739:192.168.34.62:34777], old=null
2019-10-17 06:48:05,331 [7c431f9d-51bc-458b-a3a6-511ec217d887@group-21BA9BD4283D-LeaderElection297] INFO  impl.RaftServerImpl (RaftServerImpl.java:setRole(184)) - 7c431f9d-51bc-458b-a3a6-511ec217d887@group-21BA9BD4283D: changes role from CANDIDATE to FOLLOWER at term 243 for DISCOVERED_A_NEW_TERM
2019-10-17 06:48:05,331 [7c431f9d-51bc-458b-a3a6-511ec217d887@group-21BA9BD4283D-LeaderElection297] INFO  impl.RoleInfo (RoleInfo.java:shutdownLeaderElection(134)) - 7c431f9d-51bc-458b-a3a6-511ec217d887: shutdown LeaderElection
2019-10-17 06:48:05,331 [7c431f9d-51bc-458b-a3a6-511ec217d887@group-21BA9BD4283D-LeaderElection297] INFO  impl.RoleInfo (RoleInfo.java:updateAndGet(143)) - 7c431f9d-51bc-458b-a3a6-511ec217d887: start FollowerState
2019-10-17 06:48:05,373 [Thread-2729] INFO  impl.FollowerState (FollowerState.java:run(108)) - 7c431f9d-51bc-458b-a3a6-511ec217d887@group-21BA9BD4283D-FollowerState: change to CANDIDATE, lastRpcTime:42ms, electionTimeout:42ms
2019-10-17 06:48:05,374 [Thread-2729] INFO  impl.RoleInfo (RoleInfo.java:shutdownFollowerState(121)) - 7c431f9d-51bc-458b-a3a6-511ec217d887: shutdown FollowerState
2019-10-17 06:48:05,374 [Thread-2729] INFO  impl.RaftServerImpl (RaftServerImpl.java:setRole(184)) - 7c431f9d-51bc-458b-a3a6-511ec217d887@group-21BA9BD4283D: changes role from  FOLLOWER to CANDIDATE at term 243 for changeToCandidate
2019-10-17 06:48:05,374 [Thread-2729] INFO  impl.RoleInfo (RoleInfo.java:updateAndGet(143)) - 7c431f9d-51bc-458b-a3a6-511ec217d887: start LeaderElection
2019-10-17 06:48:05,387 [7c431f9d-51bc-458b-a3a6-511ec217d887@group-21BA9BD4283D-LeaderElection298] INFO  impl.LeaderElection (LeaderElection.java:askForVotes(178)) - 7c431f9d-51bc-458b-a3a6-511ec217d887@group-21BA9BD4283D-LeaderElection298: begin an election at term 244 for -1: [67f35358-9777-4ff9-96f4-8a61bc3a94fe:192.168.34.62:37037, 7c431f9d-51bc-458b-a3a6-511ec217d887:192.168.34.62:40420, b9cfa588-8e56-4331-be2f-4c26f25c6739:192.168.34.62:34777], old=null
2019-10-17 06:48:05,388 [grpc-default-executor-3] INFO  impl.RaftServerImpl (RaftServerImpl.java:setRole(184)) - 67f35358-9777-4ff9-96f4-8a61bc3a94fe@group-21BA9BD4283D: changes role from  FOLLOWER to FOLLOWER at term 244 for recognizeCandidate:7c431f9d-51bc-458b-a3a6-511ec217d887
2019-10-17 06:48:05,388 [grpc-default-executor-3] INFO  impl.RoleInfo (RoleInfo.java:shutdownFollowerState(121)) - 67f35358-9777-4ff9-96f4-8a61bc3a94fe: shutdown FollowerState
2019-10-17 06:48:05,388 [grpc-default-executor-1] INFO  impl.RaftServerImpl (RaftServerImpl.java:setRole(184)) - b9cfa588-8e56-4331-be2f-4c26f25c6739@group-21BA9BD4283D: changes role from  FOLLOWER to FOLLOWER at term 244 for recognizeCandidate:7c431f9d-51bc-458b-a3a6-511ec217d887
2019-10-17 06:48:05,389 [Thread-2727] INFO  impl.FollowerState (FollowerState.java:run(117)) - 67f35358-9777-4ff9-96f4-8a61bc3a94fe@group-21BA9BD4283D-FollowerState was interrupted: java.lang.InterruptedException: sleep interrupted
2019-10-17 06:48:05,389 [grpc-default-executor-3] INFO  impl.RoleInfo (RoleInfo.java:updateAndGet(143)) - 67f35358-9777-4ff9-96f4-8a61bc3a94fe: start FollowerState
2019-10-17 06:48:05,389 [grpc-default-executor-1] INFO  impl.RoleInfo (RoleInfo.java:shutdownFollowerState(121)) - b9cfa588-8e56-4331-be2f-4c26f25c6739: shutdown FollowerState
2019-10-17 06:48:05,389 [grpc-default-executor-1] INFO  impl.RoleInfo (RoleInfo.java:updateAndGet(143)) - b9cfa588-8e56-4331-be2f-4c26f25c6739: start FollowerState
2019-10-17 06:48:05,389 [Thread-2728] INFO  impl.FollowerState (FollowerState.java:run(117)) - b9cfa588-8e56-4331-be2f-4c26f25c6739@group-21BA9BD4283D-FollowerState was interrupted: java.lang.InterruptedException: sleep interrupted
2019-10-17 06:48:05,402 [7c431f9d-51bc-458b-a3a6-511ec217d887@group-21BA9BD4283D-LeaderElection298] INFO  impl.LeaderElection (LeaderElection.java:logAndReturn(56)) - 7c431f9d-51bc-458b-a3a6-511ec217d887@group-21BA9BD4283D-LeaderElection298: Election REJECTED; received 2 response(s) [7c431f9d-51bc-458b-a3a6-511ec217d887<-67f35358-9777-4ff9-96f4-8a61bc3a94fe#0:FAIL-t244, 7c431f9d-51bc-458b-a3a6-511ec217d887<-b9cfa588-8e56-4331-be2f-4c26f25c6739#0:FAIL-t244] and 0 exception(s); 7c431f9d-51bc-458b-a3a6-511ec217d887@group-21BA9BD4283D:t244, leader=null, voted=7c431f9d-51bc-458b-a3a6-511ec217d887, raftlog=7c431f9d-51bc-458b-a3a6-511ec217d887@group-21BA9BD4283D-SegmentedRaftLog:OPENED:c-1,f-1,i0, conf=-1: [67f35358-9777-4ff9-96f4-8a61bc3a94fe:192.168.34.62:37037, 7c431f9d-51bc-458b-a3a6-511ec217d887:192.168.34.62:40420, b9cfa588-8e56-4331-be2f-4c26f25c6739:192.168.34.62:34777], old=null
2019-10-17 06:48:05,402 [7c431f9d-51bc-458b-a3a6-511ec217d887@group-21BA9BD4283D-LeaderElection298] INFO  impl.RaftServerImpl (RaftServerImpl.java:setRole(184)) - 7c431f9d-51bc-458b-a3a6-511ec217d887@group-21BA9BD4283D: changes role from CANDIDATE to FOLLOWER at term 244 for DISCOVERED_A_NEW_TERM
2019-10-17 06:48:05,402 [7c431f9d-51bc-458b-a3a6-511ec217d887@group-21BA9BD4283D-LeaderElection298] INFO  impl.RoleInfo (RoleInfo.java:shutdownLeaderElection(134)) - 7c431f9d-51bc-458b-a3a6-511ec217d887: shutdown LeaderElection
2019-10-17 06:48:05,402 [7c431f9d-51bc-458b-a3a6-511ec217d887@group-21BA9BD4283D-LeaderElection298] INFO  impl.RoleInfo (RoleInfo.java:updateAndGet(143)) - 7c431f9d-51bc-458b-a3a6-511ec217d887: start FollowerState
2019-10-17 06:48:05,547 [Thread-2735] INFO  impl.FollowerState (FollowerState.java:run(108)) - 7c431f9d-51bc-458b-a3a6-511ec217d887@group-21BA9BD4283D-FollowerState: change to CANDIDATE, lastRpcTime:145ms, electionTimeout:145ms
2019-10-17 06:48:05,548 [Thread-2735] INFO  impl.RoleInfo (RoleInfo.java:shutdownFollowerState(121)) - 7c431f9d-51bc-458b-a3a6-511ec217d887: shutdown FollowerState
2019-10-17 06:48:05,548 [Thread-2735] INFO  impl.RaftServerImpl (RaftServerImpl.java:setRole(184)) - 7c431f9d-51bc-458b-a3a6-511ec217d887@group-21BA9BD4283D: changes role from  FOLLOWER to CANDIDATE at term 244 for changeToCandidate
2019-10-17 06:48:05,548 [Thread-2735] INFO  impl.RoleInfo (RoleInfo.java:updateAndGet(143)) - 7c431f9d-51bc-458b-a3a6-511ec217d887: start LeaderElection
2019-10-17 06:48:05,571 [7c431f9d-51bc-458b-a3a6-511ec217d887@group-21BA9BD4283D-LeaderElection299] INFO  impl.LeaderElection (LeaderElection.java:askForVotes(178)) - 7c431f9d-51bc-458b-a3a6-511ec217d887@group-21BA9BD4283D-LeaderElection299: begin an election at term 245 for -1: [67f35358-9777-4ff9-96f4-8a61bc3a94fe:192.168.34.62:37037, 7c431f9d-51bc-458b-a3a6-511ec217d887:192.168.34.62:40420, b9cfa588-8e56-4331-be2f-4c26f25c6739:192.168.34.62:34777], old=null
2019-10-17 06:48:05,573 [grpc-default-executor-3] INFO  impl.RaftServerImpl (RaftServerImpl.java:setRole(184)) - b9cfa588-8e56-4331-be2f-4c26f25c6739@group-21BA9BD4283D: changes role from  FOLLOWER to FOLLOWER at term 245 for recognizeCandidate:7c431f9d-51bc-458b-a3a6-511ec217d887
2019-10-17 06:48:05,573 [grpc-default-executor-1] INFO  impl.RaftServerImpl (RaftServerImpl.java:setRole(184)) - 67f35358-9777-4ff9-96f4-8a61bc3a94fe@group-21BA9BD4283D: changes role from  FOLLOWER to FOLLOWER at term 245 for recognizeCandidate:7c431f9d-51bc-458b-a3a6-511ec217d887
2019-10-17 06:48:05,573 [grpc-default-executor-3] INFO  impl.RoleInfo (RoleInfo.java:shutdownFollowerState(121)) - b9cfa588-8e56-4331-be2f-4c26f25c6739: shutdown FollowerState
2019-10-17 06:48:05,573 [grpc-default-executor-1] INFO  impl.RoleInfo (RoleInfo.java:shutdownFollowerState(121)) - 67f35358-9777-4ff9-96f4-8a61bc3a94fe: shutdown FollowerState
2019-10-17 06:48:05,573 [grpc-default-executor-3] INFO  impl.RoleInfo (RoleInfo.java:updateAndGet(143)) - b9cfa588-8e56-4331-be2f-4c26f25c6739: start FollowerState
2019-10-17 06:48:05,574 [Thread-2733] INFO  impl.FollowerState (FollowerState.java:run(117)) - 67f35358-9777-4ff9-96f4-8a61bc3a94fe@group-21BA9BD4283D-FollowerState was interrupted: java.lang.InterruptedException: sleep interrupted
2019-10-17 06:48:05,574 [Thread-2734] INFO  impl.FollowerState (FollowerState.java:run(117)) - b9cfa588-8e56-4331-be2f-4c26f25c6739@group-21BA9BD4283D-FollowerState was interrupted: java.lang.InterruptedException: sleep interrupted
2019-10-17 06:48:05,574 [grpc-default-executor-1] INFO  impl.RoleInfo (RoleInfo.java:updateAndGet(143)) - 67f35358-9777-4ff9-96f4-8a61bc3a94fe: start FollowerState
2019-10-17 06:48:05,586 [7c431f9d-51bc-458b-a3a6-511ec217d887@group-21BA9BD4283D-LeaderElection299] INFO  impl.LeaderElection (LeaderElection.java:logAndReturn(56)) - 7c431f9d-51bc-458b-a3a6-511ec217d887@group-21BA9BD4283D-LeaderElection299: Election REJECTED; received 2 response(s) [7c431f9d-51bc-458b-a3a6-511ec217d887<-67f35358-9777-4ff9-96f4-8a61bc3a94fe#0:FAIL-t245, 7c431f9d-51bc-458b-a3a6-511ec217d887<-b9cfa588-8e56-4331-be2f-4c26f25c6739#0:FAIL-t245] and 0 exception(s); 7c431f9d-51bc-458b-a3a6-511ec217d887@group-21BA9BD4283D:t245, leader=null, voted=7c431f9d-51bc-458b-a3a6-511ec217d887, raftlog=7c431f9d-51bc-458b-a3a6-511ec217d887@group-21BA9BD4283D-SegmentedRaftLog:OPENED:c-1,f-1,i0, conf=-1: [67f35358-9777-4ff9-96f4-8a61bc3a94fe:192.168.34.62:37037, 7c431f9d-51bc-458b-a3a6-511ec217d887:192.168.34.62:40420, b9cfa588-8e56-4331-be2f-4c26f25c6739:192.168.34.62:34777], old=null
2019-10-17 06:48:05,587 [7c431f9d-51bc-458b-a3a6-511ec217d887@group-21BA9BD4283D-LeaderElection299] INFO  impl.RaftServerImpl (RaftServerImpl.java:setRole(184)) - 7c431f9d-51bc-458b-a3a6-511ec217d887@group-21BA9BD4283D: changes role from CANDIDATE to FOLLOWER at term 245 for DISCOVERED_A_NEW_TERM
2019-10-17 06:48:05,587 [7c431f9d-51bc-458b-a3a6-511ec217d887@group-21BA9BD4283D-LeaderElection299] INFO  impl.RoleInfo (RoleInfo.java:shutdownLeaderElection(134)) - 7c431f9d-51bc-458b-a3a6-511ec217d887: shutdown LeaderElection
2019-10-17 06:48:05,587 [7c431f9d-51bc-458b-a3a6-511ec217d887@group-21BA9BD4283D-LeaderElection299] INFO  impl.RoleInfo (RoleInfo.java:updateAndGet(143)) - 7c431f9d-51bc-458b-a3a6-511ec217d887: start FollowerState
2019-10-17 06:48:05,677 [Thread-2741] INFO  impl.FollowerState (FollowerState.java:run(108)) - 7c431f9d-51bc-458b-a3a6-511ec217d887@group-21BA9BD4283D-FollowerState: change to CANDIDATE, lastRpcTime:90ms, electionTimeout:90ms
2019-10-17 06:48:05,677 [Thread-2741] INFO  impl.RoleInfo (RoleInfo.java:shutdownFollowerState(121)) - 7c431f9d-51bc-458b-a3a6-511ec217d887: shutdown FollowerState
2019-10-17 06:48:05,677 [Thread-2741] INFO  impl.RaftServerImpl (RaftServerImpl.java:setRole(184)) - 7c431f9d-51bc-458b-a3a6-511ec217d887@group-21BA9BD4283D: changes role from  FOLLOWER to CANDIDATE at term 245 for changeToCandidate
2019-10-17 06:48:05,678 [Thread-2741] INFO  impl.RoleInfo (RoleInfo.java:updateAndGet(143)) - 7c431f9d-51bc-458b-a3a6-511ec217d887: start LeaderElection
2019-10-17 06:48:05,701 [7c431f9d-51bc-458b-a3a6-511ec217d887@group-21BA9BD4283D-LeaderElection300] INFO  impl.LeaderElection (LeaderElection.java:askForVotes(178)) - 7c431f9d-51bc-458b-a3a6-511ec217d887@group-21BA9BD4283D-LeaderElection300: begin an election at term 246 for -1: [67f35358-9777-4ff9-96f4-8a61bc3a94fe:192.168.34.62:37037, 7c431f9d-51bc-458b-a3a6-511ec217d887:192.168.34.62:40420, b9cfa588-8e56-4331-be2f-4c26f25c6739:192.168.34.62:34777], old=null
2019-10-17 06:48:05,702 [grpc-default-executor-1] INFO  impl.RaftServerImpl (RaftServerImpl.java:setRole(184)) - 67f35358-9777-4ff9-96f4-8a61bc3a94fe@group-21BA9BD4283D: changes role from  FOLLOWER to FOLLOWER at term 246 for recognizeCandidate:7c431f9d-51bc-458b-a3a6-511ec217d887
2019-10-17 06:48:05,702 [grpc-default-executor-1] INFO  impl.RoleInfo (RoleInfo.java:shutdownFollowerState(121)) - 67f35358-9777-4ff9-96f4-8a61bc3a94fe: shutdown FollowerState
2019-10-17 06:48:05,702 [grpc-default-executor-3] INFO  impl.RaftServerImpl (RaftServerImpl.java:setRole(184)) - b9cfa588-8e56-4331-be2f-4c26f25c6739@group-21BA9BD4283D: changes role from  FOLLOWER to FOLLOWER at term 246 for recognizeCandidate:7c431f9d-51bc-458b-a3a6-511ec217d887
2019-10-17 06:48:05,703 [Thread-2740] INFO  impl.FollowerState (FollowerState.java:run(117)) - 67f35358-9777-4ff9-96f4-8a61bc3a94fe@group-21BA9BD4283D-FollowerState was interrupted: java.lang.InterruptedException: sleep interrupted
2019-10-17 06:48:05,703 [grpc-default-executor-1] INFO  impl.RoleInfo (RoleInfo.java:updateAndGet(143)) - 67f35358-9777-4ff9-96f4-8a61bc3a94fe: start FollowerState
2019-10-17 06:48:05,703 [grpc-default-executor-3] INFO  impl.RoleInfo (RoleInfo.java:shutdownFollowerState(121)) - b9cfa588-8e56-4331-be2f-4c26f25c6739: shutdown FollowerState
2019-10-17 06:48:05,703 [grpc-default-executor-3] INFO  impl.RoleInfo (RoleInfo.java:updateAndGet(143)) - b9cfa588-8e56-4331-be2f-4c26f25c6739: start FollowerState
2019-10-17 06:48:05,703 [Thread-2739] INFO  impl.FollowerState (FollowerState.java:run(117)) - b9cfa588-8e56-4331-be2f-4c26f25c6739@group-21BA9BD4283D-FollowerState was interrupted: java.lang.InterruptedException: sleep interrupted
2019-10-17 06:48:05,716 [7c431f9d-51bc-458b-a3a6-511ec217d887@group-21BA9BD4283D-LeaderElection300] INFO  impl.LeaderElection (LeaderElection.java:logAndReturn(56)) - 7c431f9d-51bc-458b-a3a6-511ec217d887@group-21BA9BD4283D-LeaderElection300: Election REJECTED; received 2 response(s) [7c431f9d-51bc-458b-a3a6-511ec217d887<-67f35358-9777-4ff9-96f4-8a61bc3a94fe#0:FAIL-t246, 7c431f9d-51bc-458b-a3a6-511ec217d887<-b9cfa588-8e56-4331-be2f-4c26f25c6739#0:FAIL-t246] and 0 exception(s); 7c431f9d-51bc-458b-a3a6-511ec217d887@group-21BA9BD4283D:t246, leader=null, voted=7c431f9d-51bc-458b-a3a6-511ec217d887, raftlog=7c431f9d-51bc-458b-a3a6-511ec217d887@group-21BA9BD4283D-SegmentedRaftLog:OPENED:c-1,f-1,i0, conf=-1: [67f35358-9777-4ff9-96f4-8a61bc3a94fe:192.168.34.62:37037, 7c431f9d-51bc-458b-a3a6-511ec217d887:192.168.34.62:40420, b9cfa588-8e56-4331-be2f-4c26f25c6739:192.168.34.62:34777], old=null
2019-10-17 06:48:05,717 [7c431f9d-51bc-458b-a3a6-511ec217d887@group-21BA9BD4283D-LeaderElection300] INFO  impl.RaftServerImpl (RaftServerImpl.java:setRole(184)) - 7c431f9d-51bc-458b-a3a6-511ec217d887@group-21BA9BD4283D: changes role from CANDIDATE to FOLLOWER at term 246 for DISCOVERED_A_NEW_TERM
2019-10-17 06:48:05,717 [7c431f9d-51bc-458b-a3a6-511ec217d887@group-21BA9BD4283D-LeaderElection300] INFO  impl.RoleInfo (RoleInfo.java:shutdownLeaderElection(134)) - 7c431f9d-51bc-458b-a3a6-511ec217d887: shutdown LeaderElection
2019-10-17 06:48:05,717 [7c431f9d-51bc-458b-a3a6-511ec217d887@group-21BA9BD4283D-LeaderElection300] INFO  impl.RoleInfo (RoleInfo.java:updateAndGet(143)) - 7c431f9d-51bc-458b-a3a6-511ec217d887: start FollowerState
2019-10-17 06:48:05,861 [Thread-2747] INFO  impl.FollowerState (FollowerState.java:run(108)) - 7c431f9d-51bc-458b-a3a6-511ec217d887@group-21BA9BD4283D-FollowerState: change to CANDIDATE, lastRpcTime:144ms, electionTimeout:144ms
2019-10-17 06:48:05,861 [Thread-2747] INFO  impl.RoleInfo (RoleInfo.java:shutdownFollowerState(121)) - 7c431f9d-51bc-458b-a3a6-511ec217d887: shutdown FollowerState
2019-10-17 06:48:05,861 [Thread-2747] INFO  impl.RaftServerImpl (RaftServerImpl.java:setRole(184)) - 7c431f9d-51bc-458b-a3a6-511ec217d887@group-21BA9BD4283D: changes role from  FOLLOWER to CANDIDATE at term 246 for changeToCandidate
2019-10-17 06:48:05,861 [Thread-2747] INFO  impl.RoleInfo (RoleInfo.java:updateAndGet(143)) - 7c431f9d-51bc-458b-a3a6-511ec217d887: start LeaderElection
2019-10-17 06:48:05,876 [7c431f9d-51bc-458b-a3a6-511ec217d887@group-21BA9BD4283D-LeaderElection301] INFO  impl.LeaderElection (LeaderElection.java:askForVotes(178)) - 7c431f9d-51bc-458b-a3a6-511ec217d887@group-21BA9BD4283D-LeaderElection301: begin an election at term 247 for -1: [67f35358-9777-4ff9-96f4-8a61bc3a94fe:192.168.34.62:37037, 7c431f9d-51bc-458b-a3a6-511ec217d887:192.168.34.62:40420, b9cfa588-8e56-4331-be2f-4c26f25c6739:192.168.34.62:34777], old=null
2019-10-17 06:48:05,877 [grpc-default-executor-3] INFO  impl.RaftServerImpl (RaftServerImpl.java:setRole(184)) - 67f35358-9777-4ff9-96f4-8a61bc3a94fe@group-21BA9BD4283D: changes role from  FOLLOWER to FOLLOWER at term 247 for recognizeCandidate:7c431f9d-51bc-458b-a3a6-511ec217d887
2019-10-17 06:48:05,877 [grpc-default-executor-1] INFO  impl.RaftServerImpl (RaftServerImpl.java:setRole(184)) - b9cfa588-8e56-4331-be2f-4c26f25c6739@group-21BA9BD4283D: changes role from  FOLLOWER to FOLLOWER at term 247 for recognizeCandidate:7c431f9d-51bc-458b-a3a6-511ec217d887
2019-10-17 06:48:05,877 [grpc-default-executor-3] INFO  impl.RoleInfo (RoleInfo.java:shutdownFollowerState(121)) - 67f35358-9777-4ff9-96f4-8a61bc3a94fe: shutdown FollowerState
2019-10-17 06:48:05,877 [grpc-default-executor-1] INFO  impl.RoleInfo (RoleInfo.java:shutdownFollowerState(121)) - b9cfa588-8e56-4331-be2f-4c26f25c6739: shutdown FollowerState
2019-10-17 06:48:05,878 [Thread-2745] INFO  impl.FollowerState (FollowerState.java:run(117)) - 67f35358-9777-4ff9-96f4-8a61bc3a94fe@group-21BA9BD4283D-FollowerState was interrupted: java.lang.InterruptedException: sleep interrupted
2019-10-17 06:48:05,877 [grpc-default-executor-3] INFO  impl.RoleInfo (RoleInfo.java:updateAndGet(143)) - 67f35358-9777-4ff9-96f4-8a61bc3a94fe: start FollowerState
2019-10-17 06:48:05,878 [Thread-2746] INFO  impl.FollowerState (FollowerState.java:run(117)) - b9cfa588-8e56-4331-be2f-4c26f25c6739@group-21BA9BD4283D-FollowerState was interrupted: java.lang.InterruptedException: sleep interrupted
2019-10-17 06:48:05,878 [grpc-default-executor-1] INFO  impl.RoleInfo (RoleInfo.java:updateAndGet(143)) - b9cfa588-8e56-4331-be2f-4c26f25c6739: start FollowerState
2019-10-17 06:48:05,891 [7c431f9d-51bc-458b-a3a6-511ec217d887@group-21BA9BD4283D-LeaderElection301] INFO  impl.LeaderElection (LeaderElection.java:logAndReturn(56)) - 7c431f9d-51bc-458b-a3a6-511ec217d887@group-21BA9BD4283D-LeaderElection301: Election REJECTED; received 2 response(s) [7c431f9d-51bc-458b-a3a6-511ec217d887<-67f35358-9777-4ff9-96f4-8a61bc3a94fe#0:FAIL-t247, 7c431f9d-51bc-458b-a3a6-511ec217d887<-b9cfa588-8e56-4331-be2f-4c26f25c6739#0:FAIL-t247] and 0 exception(s); 7c431f9d-51bc-458b-a3a6-511ec217d887@group-21BA9BD4283D:t247, leader=null, voted=7c431f9d-51bc-458b-a3a6-511ec217d887, raftlog=7c431f9d-51bc-458b-a3a6-511ec217d887@group-21BA9BD4283D-SegmentedRaftLog:OPENED:c-1,f-1,i0, conf=-1: [67f35358-9777-4ff9-96f4-8a61bc3a94fe:192.168.34.62:37037, 7c431f9d-51bc-458b-a3a6-511ec217d887:192.168.34.62:40420, b9cfa588-8e56-4331-be2f-4c26f25c6739:192.168.34.62:34777], old=null
2019-10-17 06:48:05,891 [7c431f9d-51bc-458b-a3a6-511ec217d887@group-21BA9BD4283D-LeaderElection301] INFO  impl.RaftServerImpl (RaftServerImpl.java:setRole(184)) - 7c431f9d-51bc-458b-a3a6-511ec217d887@group-21BA9BD4283D: changes role from CANDIDATE to FOLLOWER at term 247 for DISCOVERED_A_NEW_TERM
2019-10-17 06:48:05,891 [7c431f9d-51bc-458b-a3a6-511ec217d887@group-21BA9BD4283D-LeaderElection301] INFO  impl.RoleInfo (RoleInfo.java:shutdownLeaderElection(134)) - 7c431f9d-51bc-458b-a3a6-511ec217d887: shutdown LeaderElection
2019-10-17 06:48:05,891 [7c431f9d-51bc-458b-a3a6-511ec217d887@group-21BA9BD4283D-LeaderElection301] INFO  impl.RoleInfo (RoleInfo.java:updateAndGet(143)) - 7c431f9d-51bc-458b-a3a6-511ec217d887: start FollowerState
2019-10-17 06:48:05,949 [Thread-2753] INFO  impl.FollowerState (FollowerState.java:run(108)) - 7c431f9d-51bc-458b-a3a6-511ec217d887@group-21BA9BD4283D-FollowerState: change to CANDIDATE, lastRpcTime:57ms, electionTimeout:57ms
2019-10-17 06:48:05,949 [Thread-2753] INFO  impl.RoleInfo (RoleInfo.java:shutdownFollowerState(121)) - 7c431f9d-51bc-458b-a3a6-511ec217d887: shutdown FollowerState
2019-10-17 06:48:05,949 [Thread-2753] INFO  impl.RaftServerImpl (RaftServerImpl.java:setRole(184)) - 7c431f9d-51bc-458b-a3a6-511ec217d887@group-21BA9BD4283D: changes role from  FOLLOWER to CANDIDATE at term 247 for changeToCandidate
2019-10-17 06:48:05,949 [Thread-2753] INFO  impl.RoleInfo (RoleInfo.java:updateAndGet(143)) - 7c431f9d-51bc-458b-a3a6-511ec217d887: start LeaderElection
2019-10-17 06:48:05,963 [7c431f9d-51bc-458b-a3a6-511ec217d887@group-21BA9BD4283D-LeaderElection302] INFO  impl.LeaderElection (LeaderElection.java:askForVotes(178)) - 7c431f9d-51bc-458b-a3a6-511ec217d887@group-21BA9BD4283D-LeaderElection302: begin an election at term 248 for -1: [67f35358-9777-4ff9-96f4-8a61bc3a94fe:192.168.34.62:37037, 7c431f9d-51bc-458b-a3a6-511ec217d887:192.168.34.62:40420, b9cfa588-8e56-4331-be2f-4c26f25c6739:192.168.34.62:34777], old=null
2019-10-17 06:48:05,964 [grpc-default-executor-1] INFO  impl.RaftServerImpl (RaftServerImpl.java:setRole(184)) - b9cfa588-8e56-4331-be2f-4c26f25c6739@group-21BA9BD4283D: changes role from  FOLLOWER to FOLLOWER at term 248 for recognizeCandidate:7c431f9d-51bc-458b-a3a6-511ec217d887
2019-10-17 06:48:05,964 [grpc-default-executor-3] INFO  impl.RaftServerImpl (RaftServerImpl.java:setRole(184)) - 67f35358-9777-4ff9-96f4-8a61bc3a94fe@group-21BA9BD4283D: changes role from  FOLLOWER to FOLLOWER at term 248 for recognizeCandidate:7c431f9d-51bc-458b-a3a6-511ec217d887
2019-10-17 06:48:05,965 [grpc-default-executor-3] INFO  impl.RoleInfo (RoleInfo.java:shutdownFollowerState(121)) - 67f35358-9777-4ff9-96f4-8a61bc3a94fe: shutdown FollowerState
2019-10-17 06:48:05,965 [grpc-default-executor-1] INFO  impl.RoleInfo (RoleInfo.java:shutdownFollowerState(121)) - b9cfa588-8e56-4331-be2f-4c26f25c6739: shutdown FollowerState
2019-10-17 06:48:05,965 [Thread-2751] INFO  impl.FollowerState (FollowerState.java:run(117)) - 67f35358-9777-4ff9-96f4-8a61bc3a94fe@group-21BA9BD4283D-FollowerState was interrupted: java.lang.InterruptedException: sleep interrupted
2019-10-17 06:48:05,965 [grpc-default-executor-3] INFO  impl.RoleInfo (RoleInfo.java:updateAndGet(143)) - 67f35358-9777-4ff9-96f4-8a61bc3a94fe: start FollowerState
2019-10-17 06:48:05,965 [Thread-2752] INFO  impl.FollowerState (FollowerState.java:run(117)) - b9cfa588-8e56-4331-be2f-4c26f25c6739@group-21BA9BD4283D-FollowerState was interrupted: java.lang.InterruptedException: sleep interrupted
2019-10-17 06:48:05,965 [grpc-default-executor-1] INFO  impl.RoleInfo (RoleInfo.java:updateAndGet(143)) - b9cfa588-8e56-4331-be2f-4c26f25c6739: start FollowerState
2019-10-17 06:48:05,979 [7c431f9d-51bc-458b-a3a6-511ec217d887@group-21BA9BD4283D-LeaderElection302] INFO  impl.LeaderElection (LeaderElection.java:logAndReturn(56)) - 7c431f9d-51bc-458b-a3a6-511ec217d887@group-21BA9BD4283D-LeaderElection302: Election REJECTED; received 2 response(s) [7c431f9d-51bc-458b-a3a6-511ec217d887<-67f35358-9777-4ff9-96f4-8a61bc3a94fe#0:FAIL-t248, 7c431f9d-51bc-458b-a3a6-511ec217d887<-b9cfa588-8e56-4331-be2f-4c26f25c6739#0:FAIL-t248] and 0 exception(s); 7c431f9d-51bc-458b-a3a6-511ec217d887@group-21BA9BD4283D:t248, leader=null, voted=7c431f9d-51bc-458b-a3a6-511ec217d887, raftlog=7c431f9d-51bc-458b-a3a6-511ec217d887@group-21BA9BD4283D-SegmentedRaftLog:OPENED:c-1,f-1,i0, conf=-1: [67f35358-9777-4ff9-96f4-8a61bc3a94fe:192.168.34.62:37037, 7c431f9d-51bc-458b-a3a6-511ec217d887:192.168.34.62:40420, b9cfa588-8e56-4331-be2f-4c26f25c6739:192.168.34.62:34777], old=null
2019-10-17 06:48:05,979 [7c431f9d-51bc-458b-a3a6-511ec217d887@group-21BA9BD4283D-LeaderElection302] INFO  impl.RaftServerImpl (RaftServerImpl.java:setRole(184)) - 7c431f9d-51bc-458b-a3a6-511ec217d887@group-21BA9BD4283D: changes role from CANDIDATE to FOLLOWER at term 248 for DISCOVERED_A_NEW_TERM
2019-10-17 06:48:05,979 [7c431f9d-51bc-458b-a3a6-511ec217d887@group-21BA9BD4283D-LeaderElection302] INFO  impl.RoleInfo (RoleInfo.java:shutdownLeaderElection(134)) - 7c431f9d-51bc-458b-a3a6-511ec217d887: shutdown LeaderElection
2019-10-17 06:48:05,979 [7c431f9d-51bc-458b-a3a6-511ec217d887@group-21BA9BD4283D-LeaderElection302] INFO  impl.RoleInfo (RoleInfo.java:updateAndGet(143)) - 7c431f9d-51bc-458b-a3a6-511ec217d887: start FollowerState
2019-10-17 06:48:06,032 [Thread-2759] INFO  impl.FollowerState (FollowerState.java:run(108)) - 7c431f9d-51bc-458b-a3a6-511ec217d887@group-21BA9BD4283D-FollowerState: change to CANDIDATE, lastRpcTime:53ms, electionTimeout:53ms
2019-10-17 06:48:06,033 [Thread-2759] INFO  impl.RoleInfo (RoleInfo.java:shutdownFollowerState(121)) - 7c431f9d-51bc-458b-a3a6-511ec217d887: shutdown FollowerState
2019-10-17 06:48:06,033 [Thread-2759] INFO  impl.RaftServerImpl (RaftServerImpl.java:setRole(184)) - 7c431f9d-51bc-458b-a3a6-511ec217d887@group-21BA9BD4283D: changes role from  FOLLOWER to CANDIDATE at term 248 for changeToCandidate
2019-10-17 06:48:06,033 [Thread-2759] INFO  impl.RoleInfo (RoleInfo.java:updateAndGet(143)) - 7c431f9d-51bc-458b-a3a6-511ec217d887: start LeaderElection
2019-10-17 06:48:06,052 [7c431f9d-51bc-458b-a3a6-511ec217d887@group-21BA9BD4283D-LeaderElection303] INFO  impl.LeaderElection (LeaderElection.java:askForVotes(178)) - 7c431f9d-51bc-458b-a3a6-511ec217d887@group-21BA9BD4283D-LeaderElection303: begin an election at term 249 for -1: [67f35358-9777-4ff9-96f4-8a61bc3a94fe:192.168.34.62:37037, 7c431f9d-51bc-458b-a3a6-511ec217d887:192.168.34.62:40420, b9cfa588-8e56-4331-be2f-4c26f25c6739:192.168.34.62:34777], old=null
2019-10-17 06:48:06,053 [grpc-default-executor-1] INFO  impl.RaftServerImpl (RaftServerImpl.java:setRole(184)) - 67f35358-9777-4ff9-96f4-8a61bc3a94fe@group-21BA9BD4283D: changes role from  FOLLOWER to FOLLOWER at term 249 for recognizeCandidate:7c431f9d-51bc-458b-a3a6-511ec217d887
2019-10-17 06:48:06,053 [grpc-default-executor-1] INFO  impl.RoleInfo (RoleInfo.java:shutdownFollowerState(121)) - 67f35358-9777-4ff9-96f4-8a61bc3a94fe: shutdown FollowerState
2019-10-17 06:48:06,053 [grpc-default-executor-3] INFO  impl.RaftServerImpl (RaftServerImpl.java:setRole(184)) - b9cfa588-8e56-4331-be2f-4c26f25c6739@group-21BA9BD4283D: changes role from  FOLLOWER to FOLLOWER at term 249 for recognizeCandidate:7c431f9d-51bc-458b-a3a6-511ec217d887
2019-10-17 06:48:06,053 [Thread-2757] INFO  impl.FollowerState (FollowerState.java:run(117)) - 67f35358-9777-4ff9-96f4-8a61bc3a94fe@group-21BA9BD4283D-FollowerState was interrupted: java.lang.InterruptedException: sleep interrupted
2019-10-17 06:48:06,053 [grpc-default-executor-1] INFO  impl.RoleInfo (RoleInfo.java:updateAndGet(143)) - 67f35358-9777-4ff9-96f4-8a61bc3a94fe: start FollowerState
2019-10-17 06:48:06,053 [grpc-default-executor-3] INFO  impl.RoleInfo (RoleInfo.java:shutdownFollowerState(121)) - b9cfa588-8e56-4331-be2f-4c26f25c6739: shutdown FollowerState
2019-10-17 06:48:06,054 [grpc-default-executor-3] INFO  impl.RoleInfo (RoleInfo.java:updateAndGet(143)) - b9cfa588-8e56-4331-be2f-4c26f25c6739: start FollowerState
2019-10-17 06:48:06,054 [Thread-2758] INFO  impl.FollowerState (FollowerState.java:run(117)) - b9cfa588-8e56-4331-be2f-4c26f25c6739@group-21BA9BD4283D-FollowerState was interrupted: java.lang.InterruptedException: sleep interrupted
2019-10-17 06:48:06,068 [7c431f9d-51bc-458b-a3a6-511ec217d887@group-21BA9BD4283D-LeaderElection303] INFO  impl.LeaderElection (LeaderElection.java:logAndReturn(56)) - 7c431f9d-51bc-458b-a3a6-511ec217d887@group-21BA9BD4283D-LeaderElection303: Election REJECTED; received 2 response(s) [7c431f9d-51bc-458b-a3a6-511ec217d887<-67f35358-9777-4ff9-96f4-8a61bc3a94fe#0:FAIL-t249, 7c431f9d-51bc-458b-a3a6-511ec217d887<-b9cfa588-8e56-4331-be2f-4c26f25c6739#0:FAIL-t249] and 0 exception(s); 7c431f9d-51bc-458b-a3a6-511ec217d887@group-21BA9BD4283D:t249, leader=null, voted=7c431f9d-51bc-458b-a3a6-511ec217d887, raftlog=7c431f9d-51bc-458b-a3a6-511ec217d887@group-21BA9BD4283D-SegmentedRaftLog:OPENED:c-1,f-1,i0, conf=-1: [67f35358-9777-4ff9-96f4-8a61bc3a94fe:192.168.34.62:37037, 7c431f9d-51bc-458b-a3a6-511ec217d887:192.168.34.62:40420, b9cfa588-8e56-4331-be2f-4c26f25c6739:192.168.34.62:34777], old=null
2019-10-17 06:48:06,068 [7c431f9d-51bc-458b-a3a6-511ec217d887@group-21BA9BD4283D-LeaderElection303] INFO  impl.RaftServerImpl (RaftServerImpl.java:setRole(184)) - 7c431f9d-51bc-458b-a3a6-511ec217d887@group-21BA9BD4283D: changes role from CANDIDATE to FOLLOWER at term 249 for DISCOVERED_A_NEW_TERM
2019-10-17 06:48:06,068 [7c431f9d-51bc-458b-a3a6-511ec217d887@group-21BA9BD4283D-LeaderElection303] INFO  impl.RoleInfo (RoleInfo.java:shutdownLeaderElection(134)) - 7c431f9d-51bc-458b-a3a6-511ec217d887: shutdown LeaderElection
2019-10-17 06:48:06,068 [7c431f9d-51bc-458b-a3a6-511ec217d887@group-21BA9BD4283D-LeaderElection303] INFO  impl.RoleInfo (RoleInfo.java:updateAndGet(143)) - 7c431f9d-51bc-458b-a3a6-511ec217d887: start FollowerState
2019-10-17 06:48:06,100 [Thread-2765] INFO  impl.FollowerState (FollowerState.java:run(108)) - 7c431f9d-51bc-458b-a3a6-511ec217d887@group-21BA9BD4283D-FollowerState: change to CANDIDATE, lastRpcTime:31ms, electionTimeout:31ms
2019-10-17 06:48:06,100 [Thread-2765] INFO  impl.RoleInfo (RoleInfo.java:shutdownFollowerState(121)) - 7c431f9d-51bc-458b-a3a6-511ec217d887: shutdown FollowerState
2019-10-17 06:48:06,100 [Thread-2765] INFO  impl.RaftServerImpl (RaftServerImpl.java:setRole(184)) - 7c431f9d-51bc-458b-a3a6-511ec217d887@group-21BA9BD4283D: changes role from  FOLLOWER to CANDIDATE at term 249 for changeToCandidate
2019-10-17 06:48:06,100 [Thread-2765] INFO  impl.RoleInfo (RoleInfo.java:updateAndGet(143)) - 7c431f9d-51bc-458b-a3a6-511ec217d887: start LeaderElection
2019-10-17 06:48:06,103 [main] INFO  ozone.MiniOzoneClusterImpl (MiniOzoneClusterImpl.java:lambda$waitForClusterToBeReady$2(164)) - Waiting for 1 number of pipelines out of 4, to report a leader.
2019-10-17 06:48:06,113 [7c431f9d-51bc-458b-a3a6-511ec217d887@group-21BA9BD4283D-LeaderElection304] INFO  impl.LeaderElection (LeaderElection.java:askForVotes(178)) - 7c431f9d-51bc-458b-a3a6-511ec217d887@group-21BA9BD4283D-LeaderElection304: begin an election at term 250 for -1: [67f35358-9777-4ff9-96f4-8a61bc3a94fe:192.168.34.62:37037, 7c431f9d-51bc-458b-a3a6-511ec217d887:192.168.34.62:40420, b9cfa588-8e56-4331-be2f-4c26f25c6739:192.168.34.62:34777], old=null
2019-10-17 06:48:06,114 [grpc-default-executor-3] INFO  impl.RaftServerImpl (RaftServerImpl.java:setRole(184)) - 67f35358-9777-4ff9-96f4-8a61bc3a94fe@group-21BA9BD4283D: changes role from  FOLLOWER to FOLLOWER at term 250 for recognizeCandidate:7c431f9d-51bc-458b-a3a6-511ec217d887
2019-10-17 06:48:06,115 [grpc-default-executor-3] INFO  impl.RoleInfo (RoleInfo.java:shutdownFollowerState(121)) - 67f35358-9777-4ff9-96f4-8a61bc3a94fe: shutdown FollowerState
2019-10-17 06:48:06,115 [grpc-default-executor-3] INFO  impl.RoleInfo (RoleInfo.java:updateAndGet(143)) - 67f35358-9777-4ff9-96f4-8a61bc3a94fe: start FollowerState
2019-10-17 06:48:06,115 [Thread-2763] INFO  impl.FollowerState (FollowerState.java:run(117)) - 67f35358-9777-4ff9-96f4-8a61bc3a94fe@group-21BA9BD4283D-FollowerState was interrupted: java.lang.InterruptedException: sleep interrupted
2019-10-17 06:48:06,115 [grpc-default-executor-1] INFO  impl.RaftServerImpl (RaftServerImpl.java:setRole(184)) - b9cfa588-8e56-4331-be2f-4c26f25c6739@group-21BA9BD4283D: changes role from  FOLLOWER to FOLLOWER at term 250 for recognizeCandidate:7c431f9d-51bc-458b-a3a6-511ec217d887
2019-10-17 06:48:06,115 [grpc-default-executor-1] INFO  impl.RoleInfo (RoleInfo.java:shutdownFollowerState(121)) - b9cfa588-8e56-4331-be2f-4c26f25c6739: shutdown FollowerState
2019-10-17 06:48:06,115 [grpc-default-executor-1] INFO  impl.RoleInfo (RoleInfo.java:updateAndGet(143)) - b9cfa588-8e56-4331-be2f-4c26f25c6739: start FollowerState
2019-10-17 06:48:06,115 [Thread-2764] INFO  impl.FollowerState (FollowerState.java:run(117)) - b9cfa588-8e56-4331-be2f-4c26f25c6739@group-21BA9BD4283D-FollowerState was interrupted: java.lang.InterruptedException: sleep interrupted
2019-10-17 06:48:06,129 [7c431f9d-51bc-458b-a3a6-511ec217d887@group-21BA9BD4283D-LeaderElection304] INFO  impl.LeaderElection (LeaderElection.java:logAndReturn(56)) - 7c431f9d-51bc-458b-a3a6-511ec217d887@group-21BA9BD4283D-LeaderElection304: Election REJECTED; received 2 response(s) [7c431f9d-51bc-458b-a3a6-511ec217d887<-67f35358-9777-4ff9-96f4-8a61bc3a94fe#0:FAIL-t250, 7c431f9d-51bc-458b-a3a6-511ec217d887<-b9cfa588-8e56-4331-be2f-4c26f25c6739#0:FAIL-t250] and 0 exception(s); 7c431f9d-51bc-458b-a3a6-511ec217d887@group-21BA9BD4283D:t250, leader=null, voted=7c431f9d-51bc-458b-a3a6-511ec217d887, raftlog=7c431f9d-51bc-458b-a3a6-511ec217d887@group-21BA9BD4283D-SegmentedRaftLog:OPENED:c-1,f-1,i0, conf=-1: [67f35358-9777-4ff9-96f4-8a61bc3a94fe:192.168.34.62:37037, 7c431f9d-51bc-458b-a3a6-511ec217d887:192.168.34.62:40420, b9cfa588-8e56-4331-be2f-4c26f25c6739:192.168.34.62:34777], old=null
2019-10-17 06:48:06,129 [7c431f9d-51bc-458b-a3a6-511ec217d887@group-21BA9BD4283D-LeaderElection304] INFO  impl.RaftServerImpl (RaftServerImpl.java:setRole(184)) - 7c431f9d-51bc-458b-a3a6-511ec217d887@group-21BA9BD4283D: changes role from CANDIDATE to FOLLOWER at term 250 for DISCOVERED_A_NEW_TERM
2019-10-17 06:48:06,129 [7c431f9d-51bc-458b-a3a6-511ec217d887@group-21BA9BD4283D-LeaderElection304] INFO  impl.RoleInfo (RoleInfo.java:shutdownLeaderElection(134)) - 7c431f9d-51bc-458b-a3a6-511ec217d887: shutdown LeaderElection
2019-10-17 06:48:06,130 [7c431f9d-51bc-458b-a3a6-511ec217d887@group-21BA9BD4283D-LeaderElection304] INFO  impl.RoleInfo (RoleInfo.java:updateAndGet(143)) - 7c431f9d-51bc-458b-a3a6-511ec217d887: start FollowerState
2019-10-17 06:48:06,229 [Thread-2771] INFO  impl.FollowerState (FollowerState.java:run(108)) - 7c431f9d-51bc-458b-a3a6-511ec217d887@group-21BA9BD4283D-FollowerState: change to CANDIDATE, lastRpcTime:99ms, electionTimeout:99ms
2019-10-17 06:48:06,229 [Thread-2771] INFO  impl.RoleInfo (RoleInfo.java:shutdownFollowerState(121)) - 7c431f9d-51bc-458b-a3a6-511ec217d887: shutdown FollowerState
2019-10-17 06:48:06,229 [Thread-2771] INFO  impl.RaftServerImpl (RaftServerImpl.java:setRole(184)) - 7c431f9d-51bc-458b-a3a6-511ec217d887@group-21BA9BD4283D: changes role from  FOLLOWER to CANDIDATE at term 250 for changeToCandidate
2019-10-17 06:48:06,229 [Thread-2771] INFO  impl.RoleInfo (RoleInfo.java:updateAndGet(143)) - 7c431f9d-51bc-458b-a3a6-511ec217d887: start LeaderElection
2019-10-17 06:48:06,243 [7c431f9d-51bc-458b-a3a6-511ec217d887@group-21BA9BD4283D-LeaderElection305] INFO  impl.LeaderElection (LeaderElection.java:askForVotes(178)) - 7c431f9d-51bc-458b-a3a6-511ec217d887@group-21BA9BD4283D-LeaderElection305: begin an election at term 251 for -1: [67f35358-9777-4ff9-96f4-8a61bc3a94fe:192.168.34.62:37037, 7c431f9d-51bc-458b-a3a6-511ec217d887:192.168.34.62:40420, b9cfa588-8e56-4331-be2f-4c26f25c6739:192.168.34.62:34777], old=null
2019-10-17 06:48:06,244 [grpc-default-executor-1] INFO  impl.RaftServerImpl (RaftServerImpl.java:setRole(184)) - 67f35358-9777-4ff9-96f4-8a61bc3a94fe@group-21BA9BD4283D: changes role from  FOLLOWER to FOLLOWER at term 251 for recognizeCandidate:7c431f9d-51bc-458b-a3a6-511ec217d887
2019-10-17 06:48:06,244 [grpc-default-executor-3] INFO  impl.RaftServerImpl (RaftServerImpl.java:setRole(184)) - b9cfa588-8e56-4331-be2f-4c26f25c6739@group-21BA9BD4283D: changes role from  FOLLOWER to FOLLOWER at term 251 for recognizeCandidate:7c431f9d-51bc-458b-a3a6-511ec217d887
2019-10-17 06:48:06,244 [grpc-default-executor-1] INFO  impl.RoleInfo (RoleInfo.java:shutdownFollowerState(121)) - 67f35358-9777-4ff9-96f4-8a61bc3a94fe: shutdown FollowerState
2019-10-17 06:48:06,245 [grpc-default-executor-3] INFO  impl.RoleInfo (RoleInfo.java:shutdownFollowerState(121)) - b9cfa588-8e56-4331-be2f-4c26f25c6739: shutdown FollowerState
2019-10-17 06:48:06,245 [grpc-default-executor-1] INFO  impl.RoleInfo (RoleInfo.java:updateAndGet(143)) - 67f35358-9777-4ff9-96f4-8a61bc3a94fe: start FollowerState
2019-10-17 06:48:06,245 [grpc-default-executor-3] INFO  impl.RoleInfo (RoleInfo.java:updateAndGet(143)) - b9cfa588-8e56-4331-be2f-4c26f25c6739: start FollowerState
2019-10-17 06:48:06,245 [Thread-2770] INFO  impl.FollowerState (FollowerState.java:run(117)) - b9cfa588-8e56-4331-be2f-4c26f25c6739@group-21BA9BD4283D-FollowerState was interrupted: java.lang.InterruptedException: sleep interrupted
2019-10-17 06:48:06,245 [Thread-2769] INFO  impl.FollowerState (FollowerState.java:run(117)) - 67f35358-9777-4ff9-96f4-8a61bc3a94fe@group-21BA9BD4283D-FollowerState was interrupted: java.lang.InterruptedException: sleep interrupted
2019-10-17 06:48:06,258 [7c431f9d-51bc-458b-a3a6-511ec217d887@group-21BA9BD4283D-LeaderElection305] INFO  impl.LeaderElection (LeaderElection.java:logAndReturn(56)) - 7c431f9d-51bc-458b-a3a6-511ec217d887@group-21BA9BD4283D-LeaderElection305: Election REJECTED; received 2 response(s) [7c431f9d-51bc-458b-a3a6-511ec217d887<-67f35358-9777-4ff9-96f4-8a61bc3a94fe#0:FAIL-t251, 7c431f9d-51bc-458b-a3a6-511ec217d887<-b9cfa588-8e56-4331-be2f-4c26f25c6739#0:FAIL-t251] and 0 exception(s); 7c431f9d-51bc-458b-a3a6-511ec217d887@group-21BA9BD4283D:t251, leader=null, voted=7c431f9d-51bc-458b-a3a6-511ec217d887, raftlog=7c431f9d-51bc-458b-a3a6-511ec217d887@group-21BA9BD4283D-SegmentedRaftLog:OPENED:c-1,f-1,i0, conf=-1: [67f35358-9777-4ff9-96f4-8a61bc3a94fe:192.168.34.62:37037, 7c431f9d-51bc-458b-a3a6-511ec217d887:192.168.34.62:40420, b9cfa588-8e56-4331-be2f-4c26f25c6739:192.168.34.62:34777], old=null
2019-10-17 06:48:06,259 [7c431f9d-51bc-458b-a3a6-511ec217d887@group-21BA9BD4283D-LeaderElection305] INFO  impl.RaftServerImpl (RaftServerImpl.java:setRole(184)) - 7c431f9d-51bc-458b-a3a6-511ec217d887@group-21BA9BD4283D: changes role from CANDIDATE to FOLLOWER at term 251 for DISCOVERED_A_NEW_TERM
2019-10-17 06:48:06,259 [7c431f9d-51bc-458b-a3a6-511ec217d887@group-21BA9BD4283D-LeaderElection305] INFO  impl.RoleInfo (RoleInfo.java:shutdownLeaderElection(134)) - 7c431f9d-51bc-458b-a3a6-511ec217d887: shutdown LeaderElection
2019-10-17 06:48:06,259 [7c431f9d-51bc-458b-a3a6-511ec217d887@group-21BA9BD4283D-LeaderElection305] INFO  impl.RoleInfo (RoleInfo.java:updateAndGet(143)) - 7c431f9d-51bc-458b-a3a6-511ec217d887: start FollowerState
2019-10-17 06:48:06,439 [Thread-2777] INFO  impl.FollowerState (FollowerState.java:run(108)) - 7c431f9d-51bc-458b-a3a6-511ec217d887@group-21BA9BD4283D-FollowerState: change to CANDIDATE, lastRpcTime:180ms, electionTimeout:180ms
2019-10-17 06:48:06,439 [Thread-2777] INFO  impl.RoleInfo (RoleInfo.java:shutdownFollowerState(121)) - 7c431f9d-51bc-458b-a3a6-511ec217d887: shutdown FollowerState
2019-10-17 06:48:06,439 [Thread-2777] INFO  impl.RaftServerImpl (RaftServerImpl.java:setRole(184)) - 7c431f9d-51bc-458b-a3a6-511ec217d887@group-21BA9BD4283D: changes role from  FOLLOWER to CANDIDATE at term 251 for changeToCandidate
2019-10-17 06:48:06,440 [Thread-2777] INFO  impl.RoleInfo (RoleInfo.java:updateAndGet(143)) - 7c431f9d-51bc-458b-a3a6-511ec217d887: start LeaderElection
2019-10-17 06:48:06,453 [7c431f9d-51bc-458b-a3a6-511ec217d887@group-21BA9BD4283D-LeaderElection306] INFO  impl.LeaderElection (LeaderElection.java:askForVotes(178)) - 7c431f9d-51bc-458b-a3a6-511ec217d887@group-21BA9BD4283D-LeaderElection306: begin an election at term 252 for -1: [67f35358-9777-4ff9-96f4-8a61bc3a94fe:192.168.34.62:37037, 7c431f9d-51bc-458b-a3a6-511ec217d887:192.168.34.62:40420, b9cfa588-8e56-4331-be2f-4c26f25c6739:192.168.34.62:34777], old=null
2019-10-17 06:48:06,454 [grpc-default-executor-1] INFO  impl.RaftServerImpl (RaftServerImpl.java:setRole(184)) - b9cfa588-8e56-4331-be2f-4c26f25c6739@group-21BA9BD4283D: changes role from  FOLLOWER to FOLLOWER at term 252 for recognizeCandidate:7c431f9d-51bc-458b-a3a6-511ec217d887
2019-10-17 06:48:06,454 [grpc-default-executor-1] INFO  impl.RoleInfo (RoleInfo.java:shutdownFollowerState(121)) - b9cfa588-8e56-4331-be2f-4c26f25c6739: shutdown FollowerState
2019-10-17 06:48:06,454 [grpc-default-executor-3] INFO  impl.RaftServerImpl (RaftServerImpl.java:setRole(184)) - 67f35358-9777-4ff9-96f4-8a61bc3a94fe@group-21BA9BD4283D: changes role from  FOLLOWER to FOLLOWER at term 252 for recognizeCandidate:7c431f9d-51bc-458b-a3a6-511ec217d887
2019-10-17 06:48:06,455 [grpc-default-executor-1] INFO  impl.RoleInfo (RoleInfo.java:updateAndGet(143)) - b9cfa588-8e56-4331-be2f-4c26f25c6739: start FollowerState
2019-10-17 06:48:06,455 [Thread-2776] INFO  impl.FollowerState (FollowerState.java:run(117)) - b9cfa588-8e56-4331-be2f-4c26f25c6739@group-21BA9BD4283D-FollowerState was interrupted: java.lang.InterruptedException: sleep interrupted
2019-10-17 06:48:06,455 [grpc-default-executor-3] INFO  impl.RoleInfo (RoleInfo.java:shutdownFollowerState(121)) - 67f35358-9777-4ff9-96f4-8a61bc3a94fe: shutdown FollowerState
2019-10-17 06:48:06,455 [grpc-default-executor-3] INFO  impl.RoleInfo (RoleInfo.java:updateAndGet(143)) - 67f35358-9777-4ff9-96f4-8a61bc3a94fe: start FollowerState
2019-10-17 06:48:06,455 [Thread-2775] INFO  impl.FollowerState (FollowerState.java:run(117)) - 67f35358-9777-4ff9-96f4-8a61bc3a94fe@group-21BA9BD4283D-FollowerState was interrupted: java.lang.InterruptedException: sleep interrupted
2019-10-17 06:48:06,478 [7c431f9d-51bc-458b-a3a6-511ec217d887@group-21BA9BD4283D-LeaderElection306] INFO  impl.LeaderElection (LeaderElection.java:logAndReturn(56)) - 7c431f9d-51bc-458b-a3a6-511ec217d887@group-21BA9BD4283D-LeaderElection306: Election REJECTED; received 2 response(s) [7c431f9d-51bc-458b-a3a6-511ec217d887<-67f35358-9777-4ff9-96f4-8a61bc3a94fe#0:FAIL-t252, 7c431f9d-51bc-458b-a3a6-511ec217d887<-b9cfa588-8e56-4331-be2f-4c26f25c6739#0:FAIL-t252] and 0 exception(s); 7c431f9d-51bc-458b-a3a6-511ec217d887@group-21BA9BD4283D:t252, leader=null, voted=7c431f9d-51bc-458b-a3a6-511ec217d887, raftlog=7c431f9d-51bc-458b-a3a6-511ec217d887@group-21BA9BD4283D-SegmentedRaftLog:OPENED:c-1,f-1,i0, conf=-1: [67f35358-9777-4ff9-96f4-8a61bc3a94fe:192.168.34.62:37037, 7c431f9d-51bc-458b-a3a6-511ec217d887:192.168.34.62:40420, b9cfa588-8e56-4331-be2f-4c26f25c6739:192.168.34.62:34777], old=null
2019-10-17 06:48:06,478 [7c431f9d-51bc-458b-a3a6-511ec217d887@group-21BA9BD4283D-LeaderElection306] INFO  impl.RaftServerImpl (RaftServerImpl.java:setRole(184)) - 7c431f9d-51bc-458b-a3a6-511ec217d887@group-21BA9BD4283D: changes role from CANDIDATE to FOLLOWER at term 252 for DISCOVERED_A_NEW_TERM
2019-10-17 06:48:06,478 [7c431f9d-51bc-458b-a3a6-511ec217d887@group-21BA9BD4283D-LeaderElection306] INFO  impl.RoleInfo (RoleInfo.java:shutdownLeaderElection(134)) - 7c431f9d-51bc-458b-a3a6-511ec217d887: shutdown LeaderElection
2019-10-17 06:48:06,478 [7c431f9d-51bc-458b-a3a6-511ec217d887@group-21BA9BD4283D-LeaderElection306] INFO  impl.RoleInfo (RoleInfo.java:updateAndGet(143)) - 7c431f9d-51bc-458b-a3a6-511ec217d887: start FollowerState
2019-10-17 06:48:06,641 [Thread-2783] INFO  impl.FollowerState (FollowerState.java:run(108)) - 7c431f9d-51bc-458b-a3a6-511ec217d887@group-21BA9BD4283D-FollowerState: change to CANDIDATE, lastRpcTime:162ms, electionTimeout:162ms
2019-10-17 06:48:06,641 [Thread-2783] INFO  impl.RoleInfo (RoleInfo.java:shutdownFollowerState(121)) - 7c431f9d-51bc-458b-a3a6-511ec217d887: shutdown FollowerState
2019-10-17 06:48:06,641 [Thread-2783] INFO  impl.RaftServerImpl (RaftServerImpl.java:setRole(184)) - 7c431f9d-51bc-458b-a3a6-511ec217d887@group-21BA9BD4283D: changes role from  FOLLOWER to CANDIDATE at term 252 for changeToCandidate
2019-10-17 06:48:06,641 [Thread-2783] INFO  impl.RoleInfo (RoleInfo.java:updateAndGet(143)) - 7c431f9d-51bc-458b-a3a6-511ec217d887: start LeaderElection
2019-10-17 06:48:06,672 [7c431f9d-51bc-458b-a3a6-511ec217d887@group-21BA9BD4283D-LeaderElection307] INFO  impl.LeaderElection (LeaderElection.java:askForVotes(178)) - 7c431f9d-51bc-458b-a3a6-511ec217d887@group-21BA9BD4283D-LeaderElection307: begin an election at term 253 for -1: [67f35358-9777-4ff9-96f4-8a61bc3a94fe:192.168.34.62:37037, 7c431f9d-51bc-458b-a3a6-511ec217d887:192.168.34.62:40420, b9cfa588-8e56-4331-be2f-4c26f25c6739:192.168.34.62:34777], old=null
2019-10-17 06:48:06,674 [grpc-default-executor-1] INFO  impl.RaftServerImpl (RaftServerImpl.java:setRole(184)) - b9cfa588-8e56-4331-be2f-4c26f25c6739@group-21BA9BD4283D: changes role from  FOLLOWER to FOLLOWER at term 253 for recognizeCandidate:7c431f9d-51bc-458b-a3a6-511ec217d887
2019-10-17 06:48:06,674 [grpc-default-executor-3] INFO  impl.RaftServerImpl (RaftServerImpl.java:setRole(184)) - 67f35358-9777-4ff9-96f4-8a61bc3a94fe@group-21BA9BD4283D: changes role from  FOLLOWER to FOLLOWER at term 253 for recognizeCandidate:7c431f9d-51bc-458b-a3a6-511ec217d887
2019-10-17 06:48:06,674 [grpc-default-executor-1] INFO  impl.RoleInfo (RoleInfo.java:shutdownFollowerState(121)) - b9cfa588-8e56-4331-be2f-4c26f25c6739: shutdown FollowerState
2019-10-17 06:48:06,674 [grpc-default-executor-3] INFO  impl.RoleInfo (RoleInfo.java:shutdownFollowerState(121)) - 67f35358-9777-4ff9-96f4-8a61bc3a94fe: shutdown FollowerState
2019-10-17 06:48:06,674 [grpc-default-executor-1] INFO  impl.RoleInfo (RoleInfo.java:updateAndGet(143)) - b9cfa588-8e56-4331-be2f-4c26f25c6739: start FollowerState
2019-10-17 06:48:06,674 [Thread-2782] INFO  impl.FollowerState (FollowerState.java:run(117)) - 67f35358-9777-4ff9-96f4-8a61bc3a94fe@group-21BA9BD4283D-FollowerState was interrupted: java.lang.InterruptedException: sleep interrupted
2019-10-17 06:48:06,674 [Thread-2781] INFO  impl.FollowerState (FollowerState.java:run(117)) - b9cfa588-8e56-4331-be2f-4c26f25c6739@group-21BA9BD4283D-FollowerState was interrupted: java.lang.InterruptedException: sleep interrupted
2019-10-17 06:48:06,674 [grpc-default-executor-3] INFO  impl.RoleInfo (RoleInfo.java:updateAndGet(143)) - 67f35358-9777-4ff9-96f4-8a61bc3a94fe: start FollowerState
2019-10-17 06:48:06,707 [7c431f9d-51bc-458b-a3a6-511ec217d887@group-21BA9BD4283D-LeaderElection307] INFO  impl.LeaderElection (LeaderElection.java:logAndReturn(56)) - 7c431f9d-51bc-458b-a3a6-511ec217d887@group-21BA9BD4283D-LeaderElection307: Election REJECTED; received 2 response(s) [7c431f9d-51bc-458b-a3a6-511ec217d887<-67f35358-9777-4ff9-96f4-8a61bc3a94fe#0:FAIL-t253, 7c431f9d-51bc-458b-a3a6-511ec217d887<-b9cfa588-8e56-4331-be2f-4c26f25c6739#0:FAIL-t253] and 0 exception(s); 7c431f9d-51bc-458b-a3a6-511ec217d887@group-21BA9BD4283D:t253, leader=null, voted=7c431f9d-51bc-458b-a3a6-511ec217d887, raftlog=7c431f9d-51bc-458b-a3a6-511ec217d887@group-21BA9BD4283D-SegmentedRaftLog:OPENED:c-1,f-1,i0, conf=-1: [67f35358-9777-4ff9-96f4-8a61bc3a94fe:192.168.34.62:37037, 7c431f9d-51bc-458b-a3a6-511ec217d887:192.168.34.62:40420, b9cfa588-8e56-4331-be2f-4c26f25c6739:192.168.34.62:34777], old=null
2019-10-17 06:48:06,708 [7c431f9d-51bc-458b-a3a6-511ec217d887@group-21BA9BD4283D-LeaderElection307] INFO  impl.RaftServerImpl (RaftServerImpl.java:setRole(184)) - 7c431f9d-51bc-458b-a3a6-511ec217d887@group-21BA9BD4283D: changes role from CANDIDATE to FOLLOWER at term 253 for DISCOVERED_A_NEW_TERM
2019-10-17 06:48:06,708 [7c431f9d-51bc-458b-a3a6-511ec217d887@group-21BA9BD4283D-LeaderElection307] INFO  impl.RoleInfo (RoleInfo.java:shutdownLeaderElection(134)) - 7c431f9d-51bc-458b-a3a6-511ec217d887: shutdown LeaderElection
2019-10-17 06:48:06,708 [7c431f9d-51bc-458b-a3a6-511ec217d887@group-21BA9BD4283D-LeaderElection307] INFO  impl.RoleInfo (RoleInfo.java:updateAndGet(143)) - 7c431f9d-51bc-458b-a3a6-511ec217d887: start FollowerState
2019-10-17 06:48:06,783 [Thread-2789] INFO  impl.FollowerState (FollowerState.java:run(108)) - 7c431f9d-51bc-458b-a3a6-511ec217d887@group-21BA9BD4283D-FollowerState: change to CANDIDATE, lastRpcTime:75ms, electionTimeout:75ms
2019-10-17 06:48:06,783 [Thread-2789] INFO  impl.RoleInfo (RoleInfo.java:shutdownFollowerState(121)) - 7c431f9d-51bc-458b-a3a6-511ec217d887: shutdown FollowerState
2019-10-17 06:48:06,783 [Thread-2789] INFO  impl.RaftServerImpl (RaftServerImpl.java:setRole(184)) - 7c431f9d-51bc-458b-a3a6-511ec217d887@group-21BA9BD4283D: changes role from  FOLLOWER to CANDIDATE at term 253 for changeToCandidate
2019-10-17 06:48:06,783 [Thread-2789] INFO  impl.RoleInfo (RoleInfo.java:updateAndGet(143)) - 7c431f9d-51bc-458b-a3a6-511ec217d887: start LeaderElection
2019-10-17 06:48:06,806 [7c431f9d-51bc-458b-a3a6-511ec217d887@group-21BA9BD4283D-LeaderElection308] INFO  impl.LeaderElection (LeaderElection.java:askForVotes(178)) - 7c431f9d-51bc-458b-a3a6-511ec217d887@group-21BA9BD4283D-LeaderElection308: begin an election at term 254 for -1: [67f35358-9777-4ff9-96f4-8a61bc3a94fe:192.168.34.62:37037, 7c431f9d-51bc-458b-a3a6-511ec217d887:192.168.34.62:40420, b9cfa588-8e56-4331-be2f-4c26f25c6739:192.168.34.62:34777], old=null
2019-10-17 06:48:06,808 [grpc-default-executor-3] INFO  impl.RaftServerImpl (RaftServerImpl.java:setRole(184)) - 67f35358-9777-4ff9-96f4-8a61bc3a94fe@group-21BA9BD4283D: changes role from  FOLLOWER to FOLLOWER at term 254 for recognizeCandidate:7c431f9d-51bc-458b-a3a6-511ec217d887
2019-10-17 06:48:06,808 [grpc-default-executor-1] INFO  impl.RaftServerImpl (RaftServerImpl.java:setRole(184)) - b9cfa588-8e56-4331-be2f-4c26f25c6739@group-21BA9BD4283D: changes role from  FOLLOWER to FOLLOWER at term 254 for recognizeCandidate:7c431f9d-51bc-458b-a3a6-511ec217d887
2019-10-17 06:48:06,808 [grpc-default-executor-1] INFO  impl.RoleInfo (RoleInfo.java:shutdownFollowerState(121)) - b9cfa588-8e56-4331-be2f-4c26f25c6739: shutdown FollowerState
2019-10-17 06:48:06,808 [grpc-default-executor-3] INFO  impl.RoleInfo (RoleInfo.java:shutdownFollowerState(121)) - 67f35358-9777-4ff9-96f4-8a61bc3a94fe: shutdown FollowerState
2019-10-17 06:48:06,808 [Thread-2787] INFO  impl.FollowerState (FollowerState.java:run(117)) - b9cfa588-8e56-4331-be2f-4c26f25c6739@group-21BA9BD4283D-FollowerState was interrupted: java.lang.InterruptedException: sleep interrupted
2019-10-17 06:48:06,808 [grpc-default-executor-1] INFO  impl.RoleInfo (RoleInfo.java:updateAndGet(143)) - b9cfa588-8e56-4331-be2f-4c26f25c6739: start FollowerState
2019-10-17 06:48:06,809 [Thread-2788] INFO  impl.FollowerState (FollowerState.java:run(117)) - 67f35358-9777-4ff9-96f4-8a61bc3a94fe@group-21BA9BD4283D-FollowerState was interrupted: java.lang.InterruptedException: sleep interrupted
2019-10-17 06:48:06,809 [grpc-default-executor-3] INFO  impl.RoleInfo (RoleInfo.java:updateAndGet(143)) - 67f35358-9777-4ff9-96f4-8a61bc3a94fe: start FollowerState
2019-10-17 06:48:06,823 [7c431f9d-51bc-458b-a3a6-511ec217d887@group-21BA9BD4283D-LeaderElection308] INFO  impl.LeaderElection (LeaderElection.java:logAndReturn(56)) - 7c431f9d-51bc-458b-a3a6-511ec217d887@group-21BA9BD4283D-LeaderElection308: Election REJECTED; received 2 response(s) [7c431f9d-51bc-458b-a3a6-511ec217d887<-67f35358-9777-4ff9-96f4-8a61bc3a94fe#0:FAIL-t254, 7c431f9d-51bc-458b-a3a6-511ec217d887<-b9cfa588-8e56-4331-be2f-4c26f25c6739#0:FAIL-t254] and 0 exception(s); 7c431f9d-51bc-458b-a3a6-511ec217d887@group-21BA9BD4283D:t254, leader=null, voted=7c431f9d-51bc-458b-a3a6-511ec217d887, raftlog=7c431f9d-51bc-458b-a3a6-511ec217d887@group-21BA9BD4283D-SegmentedRaftLog:OPENED:c-1,f-1,i0, conf=-1: [67f35358-9777-4ff9-96f4-8a61bc3a94fe:192.168.34.62:37037, 7c431f9d-51bc-458b-a3a6-511ec217d887:192.168.34.62:40420, b9cfa588-8e56-4331-be2f-4c26f25c6739:192.168.34.62:34777], old=null
2019-10-17 06:48:06,823 [7c431f9d-51bc-458b-a3a6-511ec217d887@group-21BA9BD4283D-LeaderElection308] INFO  impl.RaftServerImpl (RaftServerImpl.java:setRole(184)) - 7c431f9d-51bc-458b-a3a6-511ec217d887@group-21BA9BD4283D: changes role from CANDIDATE to FOLLOWER at term 254 for DISCOVERED_A_NEW_TERM
2019-10-17 06:48:06,823 [7c431f9d-51bc-458b-a3a6-511ec217d887@group-21BA9BD4283D-LeaderElection308] INFO  impl.RoleInfo (RoleInfo.java:shutdownLeaderElection(134)) - 7c431f9d-51bc-458b-a3a6-511ec217d887: shutdown LeaderElection
2019-10-17 06:48:06,823 [7c431f9d-51bc-458b-a3a6-511ec217d887@group-21BA9BD4283D-LeaderElection308] INFO  impl.RoleInfo (RoleInfo.java:updateAndGet(143)) - 7c431f9d-51bc-458b-a3a6-511ec217d887: start FollowerState
2019-10-17 06:48:07,002 [Thread-2795] INFO  impl.FollowerState (FollowerState.java:run(108)) - 7c431f9d-51bc-458b-a3a6-511ec217d887@group-21BA9BD4283D-FollowerState: change to CANDIDATE, lastRpcTime:178ms, electionTimeout:178ms
2019-10-17 06:48:07,002 [Thread-2795] INFO  impl.RoleInfo (RoleInfo.java:shutdownFollowerState(121)) - 7c431f9d-51bc-458b-a3a6-511ec217d887: shutdown FollowerState
2019-10-17 06:48:07,002 [Thread-2795] INFO  impl.RaftServerImpl (RaftServerImpl.java:setRole(184)) - 7c431f9d-51bc-458b-a3a6-511ec217d887@group-21BA9BD4283D: changes role from  FOLLOWER to CANDIDATE at term 254 for changeToCandidate
2019-10-17 06:48:07,002 [Thread-2795] INFO  impl.RoleInfo (RoleInfo.java:updateAndGet(143)) - 7c431f9d-51bc-458b-a3a6-511ec217d887: start LeaderElection
2019-10-17 06:48:07,022 [7c431f9d-51bc-458b-a3a6-511ec217d887@group-21BA9BD4283D-LeaderElection309] INFO  impl.LeaderElection (LeaderElection.java:askForVotes(178)) - 7c431f9d-51bc-458b-a3a6-511ec217d887@group-21BA9BD4283D-LeaderElection309: begin an election at term 255 for -1: [67f35358-9777-4ff9-96f4-8a61bc3a94fe:192.168.34.62:37037, 7c431f9d-51bc-458b-a3a6-511ec217d887:192.168.34.62:40420, b9cfa588-8e56-4331-be2f-4c26f25c6739:192.168.34.62:34777], old=null
2019-10-17 06:48:07,024 [grpc-default-executor-3] INFO  impl.RaftServerImpl (RaftServerImpl.java:setRole(184)) - b9cfa588-8e56-4331-be2f-4c26f25c6739@group-21BA9BD4283D: changes role from  FOLLOWER to FOLLOWER at term 255 for recognizeCandidate:7c431f9d-51bc-458b-a3a6-511ec217d887
2019-10-17 06:48:07,024 [grpc-default-executor-1] INFO  impl.RaftServerImpl (RaftServerImpl.java:setRole(184)) - 67f35358-9777-4ff9-96f4-8a61bc3a94fe@group-21BA9BD4283D: changes role from  FOLLOWER to FOLLOWER at term 255 for recognizeCandidate:7c431f9d-51bc-458b-a3a6-511ec217d887
2019-10-17 06:48:07,024 [grpc-default-executor-1] INFO  impl.RoleInfo (RoleInfo.java:shutdownFollowerState(121)) - 67f35358-9777-4ff9-96f4-8a61bc3a94fe: shutdown FollowerState
2019-10-17 06:48:07,024 [grpc-default-executor-3] INFO  impl.RoleInfo (RoleInfo.java:shutdownFollowerState(121)) - b9cfa588-8e56-4331-be2f-4c26f25c6739: shutdown FollowerState
2019-10-17 06:48:07,024 [Thread-2794] INFO  impl.FollowerState (FollowerState.java:run(117)) - 67f35358-9777-4ff9-96f4-8a61bc3a94fe@group-21BA9BD4283D-FollowerState was interrupted: java.lang.InterruptedException: sleep interrupted
2019-10-17 06:48:07,024 [grpc-default-executor-1] INFO  impl.RoleInfo (RoleInfo.java:updateAndGet(143)) - 67f35358-9777-4ff9-96f4-8a61bc3a94fe: start FollowerState
2019-10-17 06:48:07,025 [Thread-2793] INFO  impl.FollowerState (FollowerState.java:run(117)) - b9cfa588-8e56-4331-be2f-4c26f25c6739@group-21BA9BD4283D-FollowerState was interrupted: java.lang.InterruptedException: sleep interrupted
2019-10-17 06:48:07,024 [grpc-default-executor-3] INFO  impl.RoleInfo (RoleInfo.java:updateAndGet(143)) - b9cfa588-8e56-4331-be2f-4c26f25c6739: start FollowerState
2019-10-17 06:48:07,054 [7c431f9d-51bc-458b-a3a6-511ec217d887@group-21BA9BD4283D-LeaderElection309] INFO  impl.LeaderElection (LeaderElection.java:logAndReturn(56)) - 7c431f9d-51bc-458b-a3a6-511ec217d887@group-21BA9BD4283D-LeaderElection309: Election REJECTED; received 2 response(s) [7c431f9d-51bc-458b-a3a6-511ec217d887<-67f35358-9777-4ff9-96f4-8a61bc3a94fe#0:FAIL-t255, 7c431f9d-51bc-458b-a3a6-511ec217d887<-b9cfa588-8e56-4331-be2f-4c26f25c6739#0:FAIL-t255] and 0 exception(s); 7c431f9d-51bc-458b-a3a6-511ec217d887@group-21BA9BD4283D:t255, leader=null, voted=7c431f9d-51bc-458b-a3a6-511ec217d887, raftlog=7c431f9d-51bc-458b-a3a6-511ec217d887@group-21BA9BD4283D-SegmentedRaftLog:OPENED:c-1,f-1,i0, conf=-1: [67f35358-9777-4ff9-96f4-8a61bc3a94fe:192.168.34.62:37037, 7c431f9d-51bc-458b-a3a6-511ec217d887:192.168.34.62:40420, b9cfa588-8e56-4331-be2f-4c26f25c6739:192.168.34.62:34777], old=null
2019-10-17 06:48:07,054 [7c431f9d-51bc-458b-a3a6-511ec217d887@group-21BA9BD4283D-LeaderElection309] INFO  impl.RaftServerImpl (RaftServerImpl.java:setRole(184)) - 7c431f9d-51bc-458b-a3a6-511ec217d887@group-21BA9BD4283D: changes role from CANDIDATE to FOLLOWER at term 255 for DISCOVERED_A_NEW_TERM
2019-10-17 06:48:07,054 [7c431f9d-51bc-458b-a3a6-511ec217d887@group-21BA9BD4283D-LeaderElection309] INFO  impl.RoleInfo (RoleInfo.java:shutdownLeaderElection(134)) - 7c431f9d-51bc-458b-a3a6-511ec217d887: shutdown LeaderElection
2019-10-17 06:48:07,054 [7c431f9d-51bc-458b-a3a6-511ec217d887@group-21BA9BD4283D-LeaderElection309] INFO  impl.RoleInfo (RoleInfo.java:updateAndGet(143)) - 7c431f9d-51bc-458b-a3a6-511ec217d887: start FollowerState
2019-10-17 06:48:07,103 [main] INFO  ozone.MiniOzoneClusterImpl (MiniOzoneClusterImpl.java:lambda$waitForClusterToBeReady$2(164)) - Waiting for 1 number of pipelines out of 4, to report a leader.
2019-10-17 06:48:07,188 [Thread-2801] INFO  impl.FollowerState (FollowerState.java:run(108)) - 7c431f9d-51bc-458b-a3a6-511ec217d887@group-21BA9BD4283D-FollowerState: change to CANDIDATE, lastRpcTime:134ms, electionTimeout:134ms
2019-10-17 06:48:07,188 [Thread-2801] INFO  impl.RoleInfo (RoleInfo.java:shutdownFollowerState(121)) - 7c431f9d-51bc-458b-a3a6-511ec217d887: shutdown FollowerState
2019-10-17 06:48:07,188 [Thread-2801] INFO  impl.RaftServerImpl (RaftServerImpl.java:setRole(184)) - 7c431f9d-51bc-458b-a3a6-511ec217d887@group-21BA9BD4283D: changes role from  FOLLOWER to CANDIDATE at term 255 for changeToCandidate
2019-10-17 06:48:07,189 [Thread-2801] INFO  impl.RoleInfo (RoleInfo.java:updateAndGet(143)) - 7c431f9d-51bc-458b-a3a6-511ec217d887: start LeaderElection
2019-10-17 06:48:07,200 [7c431f9d-51bc-458b-a3a6-511ec217d887@group-21BA9BD4283D-LeaderElection310] INFO  impl.LeaderElection (LeaderElection.java:askForVotes(178)) - 7c431f9d-51bc-458b-a3a6-511ec217d887@group-21BA9BD4283D-LeaderElection310: begin an election at term 256 for -1: [67f35358-9777-4ff9-96f4-8a61bc3a94fe:192.168.34.62:37037, 7c431f9d-51bc-458b-a3a6-511ec217d887:192.168.34.62:40420, b9cfa588-8e56-4331-be2f-4c26f25c6739:192.168.34.62:34777], old=null
2019-10-17 06:48:07,201 [grpc-default-executor-3] INFO  impl.RaftServerImpl (RaftServerImpl.java:setRole(184)) - b9cfa588-8e56-4331-be2f-4c26f25c6739@group-21BA9BD4283D: changes role from  FOLLOWER to FOLLOWER at term 256 for recognizeCandidate:7c431f9d-51bc-458b-a3a6-511ec217d887
2019-10-17 06:48:07,201 [grpc-default-executor-1] INFO  impl.RaftServerImpl (RaftServerImpl.java:setRole(184)) - 67f35358-9777-4ff9-96f4-8a61bc3a94fe@group-21BA9BD4283D: changes role from  FOLLOWER to FOLLOWER at term 256 for recognizeCandidate:7c431f9d-51bc-458b-a3a6-511ec217d887
2019-10-17 06:48:07,202 [grpc-default-executor-3] INFO  impl.RoleInfo (RoleInfo.java:shutdownFollowerState(121)) - b9cfa588-8e56-4331-be2f-4c26f25c6739: shutdown FollowerState
2019-10-17 06:48:07,202 [grpc-default-executor-1] INFO  impl.RoleInfo (RoleInfo.java:shutdownFollowerState(121)) - 67f35358-9777-4ff9-96f4-8a61bc3a94fe: shutdown FollowerState
2019-10-17 06:48:07,202 [Thread-2800] INFO  impl.FollowerState (FollowerState.java:run(117)) - b9cfa588-8e56-4331-be2f-4c26f25c6739@group-21BA9BD4283D-FollowerState was interrupted: java.lang.InterruptedException: sleep interrupted
2019-10-17 06:48:07,202 [grpc-default-executor-3] INFO  impl.RoleInfo (RoleInfo.java:updateAndGet(143)) - b9cfa588-8e56-4331-be2f-4c26f25c6739: start FollowerState
2019-10-17 06:48:07,202 [Thread-2799] INFO  impl.FollowerState (FollowerState.java:run(117)) - 67f35358-9777-4ff9-96f4-8a61bc3a94fe@group-21BA9BD4283D-FollowerState was interrupted: java.lang.InterruptedException: sleep interrupted
2019-10-17 06:48:07,202 [grpc-default-executor-1] INFO  impl.RoleInfo (RoleInfo.java:updateAndGet(143)) - 67f35358-9777-4ff9-96f4-8a61bc3a94fe: start FollowerState
2019-10-17 06:48:07,236 [7c431f9d-51bc-458b-a3a6-511ec217d887@group-21BA9BD4283D-LeaderElection310] INFO  impl.LeaderElection (LeaderElection.java:logAndReturn(56)) - 7c431f9d-51bc-458b-a3a6-511ec217d887@group-21BA9BD4283D-LeaderElection310: Election REJECTED; received 2 response(s) [7c431f9d-51bc-458b-a3a6-511ec217d887<-67f35358-9777-4ff9-96f4-8a61bc3a94fe#0:FAIL-t256, 7c431f9d-51bc-458b-a3a6-511ec217d887<-b9cfa588-8e56-4331-be2f-4c26f25c6739#0:FAIL-t256] and 0 exception(s); 7c431f9d-51bc-458b-a3a6-511ec217d887@group-21BA9BD4283D:t256, leader=null, voted=7c431f9d-51bc-458b-a3a6-511ec217d887, raftlog=7c431f9d-51bc-458b-a3a6-511ec217d887@group-21BA9BD4283D-SegmentedRaftLog:OPENED:c-1,f-1,i0, conf=-1: [67f35358-9777-4ff9-96f4-8a61bc3a94fe:192.168.34.62:37037, 7c431f9d-51bc-458b-a3a6-511ec217d887:192.168.34.62:40420, b9cfa588-8e56-4331-be2f-4c26f25c6739:192.168.34.62:34777], old=null
2019-10-17 06:48:07,237 [7c431f9d-51bc-458b-a3a6-511ec217d887@group-21BA9BD4283D-LeaderElection310] INFO  impl.RaftServerImpl (RaftServerImpl.java:setRole(184)) - 7c431f9d-51bc-458b-a3a6-511ec217d887@group-21BA9BD4283D: changes role from CANDIDATE to FOLLOWER at term 256 for DISCOVERED_A_NEW_TERM
2019-10-17 06:48:07,237 [7c431f9d-51bc-458b-a3a6-511ec217d887@group-21BA9BD4283D-LeaderElection310] INFO  impl.RoleInfo (RoleInfo.java:shutdownLeaderElection(134)) - 7c431f9d-51bc-458b-a3a6-511ec217d887: shutdown LeaderElection
2019-10-17 06:48:07,237 [7c431f9d-51bc-458b-a3a6-511ec217d887@group-21BA9BD4283D-LeaderElection310] INFO  impl.RoleInfo (RoleInfo.java:updateAndGet(143)) - 7c431f9d-51bc-458b-a3a6-511ec217d887: start FollowerState
2019-10-17 06:48:07,420 [Thread-2807] INFO  impl.FollowerState (FollowerState.java:run(108)) - 7c431f9d-51bc-458b-a3a6-511ec217d887@group-21BA9BD4283D-FollowerState: change to CANDIDATE, lastRpcTime:183ms, electionTimeout:183ms
2019-10-17 06:48:07,420 [Thread-2807] INFO  impl.RoleInfo (RoleInfo.java:shutdownFollowerState(121)) - 7c431f9d-51bc-458b-a3a6-511ec217d887: shutdown FollowerState
2019-10-17 06:48:07,420 [Thread-2807] INFO  impl.RaftServerImpl (RaftServerImpl.java:setRole(184)) - 7c431f9d-51bc-458b-a3a6-511ec217d887@group-21BA9BD4283D: changes role from  FOLLOWER to CANDIDATE at term 256 for changeToCandidate
2019-10-17 06:48:07,420 [Thread-2807] INFO  impl.RoleInfo (RoleInfo.java:updateAndGet(143)) - 7c431f9d-51bc-458b-a3a6-511ec217d887: start LeaderElection
2019-10-17 06:48:07,428 [7c431f9d-51bc-458b-a3a6-511ec217d887@group-21BA9BD4283D-LeaderElection311] INFO  impl.LeaderElection (LeaderElection.java:askForVotes(178)) - 7c431f9d-51bc-458b-a3a6-511ec217d887@group-21BA9BD4283D-LeaderElection311: begin an election at term 257 for -1: [67f35358-9777-4ff9-96f4-8a61bc3a94fe:192.168.34.62:37037, 7c431f9d-51bc-458b-a3a6-511ec217d887:192.168.34.62:40420, b9cfa588-8e56-4331-be2f-4c26f25c6739:192.168.34.62:34777], old=null
2019-10-17 06:48:07,430 [grpc-default-executor-3] INFO  impl.RaftServerImpl (RaftServerImpl.java:setRole(184)) - 67f35358-9777-4ff9-96f4-8a61bc3a94fe@group-21BA9BD4283D: changes role from  FOLLOWER to FOLLOWER at term 257 for recognizeCandidate:7c431f9d-51bc-458b-a3a6-511ec217d887
2019-10-17 06:48:07,430 [grpc-default-executor-3] INFO  impl.RoleInfo (RoleInfo.java:shutdownFollowerState(121)) - 67f35358-9777-4ff9-96f4-8a61bc3a94fe: shutdown FollowerState
2019-10-17 06:48:07,430 [grpc-default-executor-1] INFO  impl.RaftServerImpl (RaftServerImpl.java:setRole(184)) - b9cfa588-8e56-4331-be2f-4c26f25c6739@group-21BA9BD4283D: changes role from  FOLLOWER to FOLLOWER at term 257 for recognizeCandidate:7c431f9d-51bc-458b-a3a6-511ec217d887
2019-10-17 06:48:07,430 [grpc-default-executor-3] INFO  impl.RoleInfo (RoleInfo.java:updateAndGet(143)) - 67f35358-9777-4ff9-96f4-8a61bc3a94fe: start FollowerState
2019-10-17 06:48:07,430 [Thread-2806] INFO  impl.FollowerState (FollowerState.java:run(117)) - 67f35358-9777-4ff9-96f4-8a61bc3a94fe@group-21BA9BD4283D-FollowerState was interrupted: java.lang.InterruptedException: sleep interrupted
2019-10-17 06:48:07,430 [grpc-default-executor-1] INFO  impl.RoleInfo (RoleInfo.java:shutdownFollowerState(121)) - b9cfa588-8e56-4331-be2f-4c26f25c6739: shutdown FollowerState
2019-10-17 06:48:07,430 [grpc-default-executor-1] INFO  impl.RoleInfo (RoleInfo.java:updateAndGet(143)) - b9cfa588-8e56-4331-be2f-4c26f25c6739: start FollowerState
2019-10-17 06:48:07,430 [Thread-2805] INFO  impl.FollowerState (FollowerState.java:run(117)) - b9cfa588-8e56-4331-be2f-4c26f25c6739@group-21BA9BD4283D-FollowerState was interrupted: java.lang.InterruptedException: sleep interrupted
2019-10-17 06:48:07,443 [7c431f9d-51bc-458b-a3a6-511ec217d887@group-21BA9BD4283D-LeaderElection311] INFO  impl.LeaderElection (LeaderElection.java:logAndReturn(56)) - 7c431f9d-51bc-458b-a3a6-511ec217d887@group-21BA9BD4283D-LeaderElection311: Election REJECTED; received 2 response(s) [7c431f9d-51bc-458b-a3a6-511ec217d887<-67f35358-9777-4ff9-96f4-8a61bc3a94fe#0:FAIL-t257, 7c431f9d-51bc-458b-a3a6-511ec217d887<-b9cfa588-8e56-4331-be2f-4c26f25c6739#0:FAIL-t257] and 0 exception(s); 7c431f9d-51bc-458b-a3a6-511ec217d887@group-21BA9BD4283D:t257, leader=null, voted=7c431f9d-51bc-458b-a3a6-511ec217d887, raftlog=7c431f9d-51bc-458b-a3a6-511ec217d887@group-21BA9BD4283D-SegmentedRaftLog:OPENED:c-1,f-1,i0, conf=-1: [67f35358-9777-4ff9-96f4-8a61bc3a94fe:192.168.34.62:37037, 7c431f9d-51bc-458b-a3a6-511ec217d887:192.168.34.62:40420, b9cfa588-8e56-4331-be2f-4c26f25c6739:192.168.34.62:34777], old=null
2019-10-17 06:48:07,443 [7c431f9d-51bc-458b-a3a6-511ec217d887@group-21BA9BD4283D-LeaderElection311] INFO  impl.RaftServerImpl (RaftServerImpl.java:setRole(184)) - 7c431f9d-51bc-458b-a3a6-511ec217d887@group-21BA9BD4283D: changes role from CANDIDATE to FOLLOWER at term 257 for DISCOVERED_A_NEW_TERM
2019-10-17 06:48:07,444 [7c431f9d-51bc-458b-a3a6-511ec217d887@group-21BA9BD4283D-LeaderElection311] INFO  impl.RoleInfo (RoleInfo.java:shutdownLeaderElection(134)) - 7c431f9d-51bc-458b-a3a6-511ec217d887: shutdown LeaderElection
2019-10-17 06:48:07,444 [7c431f9d-51bc-458b-a3a6-511ec217d887@group-21BA9BD4283D-LeaderElection311] INFO  impl.RoleInfo (RoleInfo.java:updateAndGet(143)) - 7c431f9d-51bc-458b-a3a6-511ec217d887: start FollowerState
2019-10-17 06:48:07,570 [Thread-2813] INFO  impl.FollowerState (FollowerState.java:run(108)) - 7c431f9d-51bc-458b-a3a6-511ec217d887@group-21BA9BD4283D-FollowerState: change to CANDIDATE, lastRpcTime:126ms, electionTimeout:126ms
2019-10-17 06:48:07,570 [Thread-2813] INFO  impl.RoleInfo (RoleInfo.java:shutdownFollowerState(121)) - 7c431f9d-51bc-458b-a3a6-511ec217d887: shutdown FollowerState
2019-10-17 06:48:07,570 [Thread-2813] INFO  impl.RaftServerImpl (RaftServerImpl.java:setRole(184)) - 7c431f9d-51bc-458b-a3a6-511ec217d887@group-21BA9BD4283D: changes role from  FOLLOWER to CANDIDATE at term 257 for changeToCandidate
2019-10-17 06:48:07,570 [Thread-2813] INFO  impl.RoleInfo (RoleInfo.java:updateAndGet(143)) - 7c431f9d-51bc-458b-a3a6-511ec217d887: start LeaderElection
2019-10-17 06:48:07,588 [7c431f9d-51bc-458b-a3a6-511ec217d887@group-21BA9BD4283D-LeaderElection312] INFO  impl.LeaderElection (LeaderElection.java:askForVotes(178)) - 7c431f9d-51bc-458b-a3a6-511ec217d887@group-21BA9BD4283D-LeaderElection312: begin an election at term 258 for -1: [67f35358-9777-4ff9-96f4-8a61bc3a94fe:192.168.34.62:37037, 7c431f9d-51bc-458b-a3a6-511ec217d887:192.168.34.62:40420, b9cfa588-8e56-4331-be2f-4c26f25c6739:192.168.34.62:34777], old=null
2019-10-17 06:48:07,590 [grpc-default-executor-3] INFO  impl.RaftServerImpl (RaftServerImpl.java:setRole(184)) - b9cfa588-8e56-4331-be2f-4c26f25c6739@group-21BA9BD4283D: changes role from  FOLLOWER to FOLLOWER at term 258 for recognizeCandidate:7c431f9d-51bc-458b-a3a6-511ec217d887
2019-10-17 06:48:07,590 [grpc-default-executor-1] INFO  impl.RaftServerImpl (RaftServerImpl.java:setRole(184)) - 67f35358-9777-4ff9-96f4-8a61bc3a94fe@group-21BA9BD4283D: changes role from  FOLLOWER to FOLLOWER at term 258 for recognizeCandidate:7c431f9d-51bc-458b-a3a6-511ec217d887
2019-10-17 06:48:07,590 [grpc-default-executor-3] INFO  impl.RoleInfo (RoleInfo.java:shutdownFollowerState(121)) - b9cfa588-8e56-4331-be2f-4c26f25c6739: shutdown FollowerState
2019-10-17 06:48:07,590 [grpc-default-executor-1] INFO  impl.RoleInfo (RoleInfo.java:shutdownFollowerState(121)) - 67f35358-9777-4ff9-96f4-8a61bc3a94fe: shutdown FollowerState
2019-10-17 06:48:07,590 [grpc-default-executor-3] INFO  impl.RoleInfo (RoleInfo.java:updateAndGet(143)) - b9cfa588-8e56-4331-be2f-4c26f25c6739: start FollowerState
2019-10-17 06:48:07,590 [Thread-2811] INFO  impl.FollowerState (FollowerState.java:run(117)) - 67f35358-9777-4ff9-96f4-8a61bc3a94fe@group-21BA9BD4283D-FollowerState was interrupted: java.lang.InterruptedException: sleep interrupted
2019-10-17 06:48:07,590 [grpc-default-executor-1] INFO  impl.RoleInfo (RoleInfo.java:updateAndGet(143)) - 67f35358-9777-4ff9-96f4-8a61bc3a94fe: start FollowerState
2019-10-17 06:48:07,590 [Thread-2812] INFO  impl.FollowerState (FollowerState.java:run(117)) - b9cfa588-8e56-4331-be2f-4c26f25c6739@group-21BA9BD4283D-FollowerState was interrupted: java.lang.InterruptedException: sleep interrupted
2019-10-17 06:48:07,614 [7c431f9d-51bc-458b-a3a6-511ec217d887@group-21BA9BD4283D-LeaderElection312] INFO  impl.LeaderElection (LeaderElection.java:logAndReturn(56)) - 7c431f9d-51bc-458b-a3a6-511ec217d887@group-21BA9BD4283D-LeaderElection312: Election REJECTED; received 2 response(s) [7c431f9d-51bc-458b-a3a6-511ec217d887<-67f35358-9777-4ff9-96f4-8a61bc3a94fe#0:FAIL-t258, 7c431f9d-51bc-458b-a3a6-511ec217d887<-b9cfa588-8e56-4331-be2f-4c26f25c6739#0:FAIL-t258] and 0 exception(s); 7c431f9d-51bc-458b-a3a6-511ec217d887@group-21BA9BD4283D:t258, leader=null, voted=7c431f9d-51bc-458b-a3a6-511ec217d887, raftlog=7c431f9d-51bc-458b-a3a6-511ec217d887@group-21BA9BD4283D-SegmentedRaftLog:OPENED:c-1,f-1,i0, conf=-1: [67f35358-9777-4ff9-96f4-8a61bc3a94fe:192.168.34.62:37037, 7c431f9d-51bc-458b-a3a6-511ec217d887:192.168.34.62:40420, b9cfa588-8e56-4331-be2f-4c26f25c6739:192.168.34.62:34777], old=null
2019-10-17 06:48:07,614 [7c431f9d-51bc-458b-a3a6-511ec217d887@group-21BA9BD4283D-LeaderElection312] INFO  impl.RaftServerImpl (RaftServerImpl.java:setRole(184)) - 7c431f9d-51bc-458b-a3a6-511ec217d887@group-21BA9BD4283D: changes role from CANDIDATE to FOLLOWER at term 258 for DISCOVERED_A_NEW_TERM
2019-10-17 06:48:07,615 [7c431f9d-51bc-458b-a3a6-511ec217d887@group-21BA9BD4283D-LeaderElection312] INFO  impl.RoleInfo (RoleInfo.java:shutdownLeaderElection(134)) - 7c431f9d-51bc-458b-a3a6-511ec217d887: shutdown LeaderElection
2019-10-17 06:48:07,615 [7c431f9d-51bc-458b-a3a6-511ec217d887@group-21BA9BD4283D-LeaderElection312] INFO  impl.RoleInfo (RoleInfo.java:updateAndGet(143)) - 7c431f9d-51bc-458b-a3a6-511ec217d887: start FollowerState
2019-10-17 06:48:07,659 [Thread-2819] INFO  impl.FollowerState (FollowerState.java:run(108)) - 7c431f9d-51bc-458b-a3a6-511ec217d887@group-21BA9BD4283D-FollowerState: change to CANDIDATE, lastRpcTime:44ms, electionTimeout:44ms
2019-10-17 06:48:07,659 [Thread-2819] INFO  impl.RoleInfo (RoleInfo.java:shutdownFollowerState(121)) - 7c431f9d-51bc-458b-a3a6-511ec217d887: shutdown FollowerState
2019-10-17 06:48:07,659 [Thread-2819] INFO  impl.RaftServerImpl (RaftServerImpl.java:setRole(184)) - 7c431f9d-51bc-458b-a3a6-511ec217d887@group-21BA9BD4283D: changes role from  FOLLOWER to CANDIDATE at term 258 for changeToCandidate
2019-10-17 06:48:07,659 [Thread-2819] INFO  impl.RoleInfo (RoleInfo.java:updateAndGet(143)) - 7c431f9d-51bc-458b-a3a6-511ec217d887: start LeaderElection
2019-10-17 06:48:07,672 [7c431f9d-51bc-458b-a3a6-511ec217d887@group-21BA9BD4283D-LeaderElection313] INFO  impl.LeaderElection (LeaderElection.java:askForVotes(178)) - 7c431f9d-51bc-458b-a3a6-511ec217d887@group-21BA9BD4283D-LeaderElection313: begin an election at term 259 for -1: [67f35358-9777-4ff9-96f4-8a61bc3a94fe:192.168.34.62:37037, 7c431f9d-51bc-458b-a3a6-511ec217d887:192.168.34.62:40420, b9cfa588-8e56-4331-be2f-4c26f25c6739:192.168.34.62:34777], old=null
2019-10-17 06:48:07,674 [grpc-default-executor-3] INFO  impl.RaftServerImpl (RaftServerImpl.java:setRole(184)) - 67f35358-9777-4ff9-96f4-8a61bc3a94fe@group-21BA9BD4283D: changes role from  FOLLOWER to FOLLOWER at term 259 for recognizeCandidate:7c431f9d-51bc-458b-a3a6-511ec217d887
2019-10-17 06:48:07,674 [grpc-default-executor-1] INFO  impl.RaftServerImpl (RaftServerImpl.java:setRole(184)) - b9cfa588-8e56-4331-be2f-4c26f25c6739@group-21BA9BD4283D: changes role from  FOLLOWER to FOLLOWER at term 259 for recognizeCandidate:7c431f9d-51bc-458b-a3a6-511ec217d887
2019-10-17 06:48:07,674 [grpc-default-executor-3] INFO  impl.RoleInfo (RoleInfo.java:shutdownFollowerState(121)) - 67f35358-9777-4ff9-96f4-8a61bc3a94fe: shutdown FollowerState
2019-10-17 06:48:07,674 [grpc-default-executor-1] INFO  impl.RoleInfo (RoleInfo.java:shutdownFollowerState(121)) - b9cfa588-8e56-4331-be2f-4c26f25c6739: shutdown FollowerState
2019-10-17 06:48:07,674 [Thread-2818] INFO  impl.FollowerState (FollowerState.java:run(117)) - 67f35358-9777-4ff9-96f4-8a61bc3a94fe@group-21BA9BD4283D-FollowerState was interrupted: java.lang.InterruptedException: sleep interrupted
2019-10-17 06:48:07,674 [grpc-default-executor-3] INFO  impl.RoleInfo (RoleInfo.java:updateAndGet(143)) - 67f35358-9777-4ff9-96f4-8a61bc3a94fe: start FollowerState
2019-10-17 06:48:07,675 [Thread-2817] INFO  impl.FollowerState (FollowerState.java:run(117)) - b9cfa588-8e56-4331-be2f-4c26f25c6739@group-21BA9BD4283D-FollowerState was interrupted: java.lang.InterruptedException: sleep interrupted
2019-10-17 06:48:07,675 [grpc-default-executor-1] INFO  impl.RoleInfo (RoleInfo.java:updateAndGet(143)) - b9cfa588-8e56-4331-be2f-4c26f25c6739: start FollowerState
2019-10-17 06:48:07,691 [7c431f9d-51bc-458b-a3a6-511ec217d887@group-21BA9BD4283D-LeaderElection313] INFO  impl.LeaderElection (LeaderElection.java:logAndReturn(56)) - 7c431f9d-51bc-458b-a3a6-511ec217d887@group-21BA9BD4283D-LeaderElection313: Election TIMEOUT; received 0 response(s) [] and 0 exception(s); 7c431f9d-51bc-458b-a3a6-511ec217d887@group-21BA9BD4283D:t259, leader=null, voted=7c431f9d-51bc-458b-a3a6-511ec217d887, raftlog=7c431f9d-51bc-458b-a3a6-511ec217d887@group-21BA9BD4283D-SegmentedRaftLog:OPENED:c-1,f-1,i0, conf=-1: [67f35358-9777-4ff9-96f4-8a61bc3a94fe:192.168.34.62:37037, 7c431f9d-51bc-458b-a3a6-511ec217d887:192.168.34.62:40420, b9cfa588-8e56-4331-be2f-4c26f25c6739:192.168.34.62:34777], old=null
2019-10-17 06:48:07,712 [7c431f9d-51bc-458b-a3a6-511ec217d887@group-21BA9BD4283D-LeaderElection313] INFO  impl.LeaderElection (LeaderElection.java:askForVotes(178)) - 7c431f9d-51bc-458b-a3a6-511ec217d887@group-21BA9BD4283D-LeaderElection313: begin an election at term 260 for -1: [67f35358-9777-4ff9-96f4-8a61bc3a94fe:192.168.34.62:37037, 7c431f9d-51bc-458b-a3a6-511ec217d887:192.168.34.62:40420, b9cfa588-8e56-4331-be2f-4c26f25c6739:192.168.34.62:34777], old=null
2019-10-17 06:48:07,714 [grpc-default-executor-3] INFO  impl.RaftServerImpl (RaftServerImpl.java:setRole(184)) - 67f35358-9777-4ff9-96f4-8a61bc3a94fe@group-21BA9BD4283D: changes role from  FOLLOWER to FOLLOWER at term 260 for recognizeCandidate:7c431f9d-51bc-458b-a3a6-511ec217d887
2019-10-17 06:48:07,714 [grpc-default-executor-1] INFO  impl.RaftServerImpl (RaftServerImpl.java:setRole(184)) - b9cfa588-8e56-4331-be2f-4c26f25c6739@group-21BA9BD4283D: changes role from  FOLLOWER to FOLLOWER at term 260 for recognizeCandidate:7c431f9d-51bc-458b-a3a6-511ec217d887
2019-10-17 06:48:07,714 [grpc-default-executor-1] INFO  impl.RoleInfo (RoleInfo.java:shutdownFollowerState(121)) - b9cfa588-8e56-4331-be2f-4c26f25c6739: shutdown FollowerState
2019-10-17 06:48:07,714 [grpc-default-executor-3] INFO  impl.RoleInfo (RoleInfo.java:shutdownFollowerState(121)) - 67f35358-9777-4ff9-96f4-8a61bc3a94fe: shutdown FollowerState
2019-10-17 06:48:07,714 [Thread-2824] INFO  impl.FollowerState (FollowerState.java:run(117)) - b9cfa588-8e56-4331-be2f-4c26f25c6739@group-21BA9BD4283D-FollowerState was interrupted: java.lang.InterruptedException: sleep interrupted
2019-10-17 06:48:07,714 [Thread-2823] INFO  impl.FollowerState (FollowerState.java:run(117)) - 67f35358-9777-4ff9-96f4-8a61bc3a94fe@group-21BA9BD4283D-FollowerState was interrupted: java.lang.InterruptedException: sleep interrupted
2019-10-17 06:48:07,714 [grpc-default-executor-1] INFO  impl.RoleInfo (RoleInfo.java:updateAndGet(143)) - b9cfa588-8e56-4331-be2f-4c26f25c6739: start FollowerState
2019-10-17 06:48:07,714 [grpc-default-executor-3] INFO  impl.RoleInfo (RoleInfo.java:updateAndGet(143)) - 67f35358-9777-4ff9-96f4-8a61bc3a94fe: start FollowerState
2019-10-17 06:48:07,734 [7c431f9d-51bc-458b-a3a6-511ec217d887@group-21BA9BD4283D-LeaderElection313] INFO  impl.LeaderElection (LeaderElection.java:logAndReturn(56)) - 7c431f9d-51bc-458b-a3a6-511ec217d887@group-21BA9BD4283D-LeaderElection313: Election REJECTED; received 2 response(s) [7c431f9d-51bc-458b-a3a6-511ec217d887<-67f35358-9777-4ff9-96f4-8a61bc3a94fe#0:FAIL-t260, 7c431f9d-51bc-458b-a3a6-511ec217d887<-b9cfa588-8e56-4331-be2f-4c26f25c6739#0:FAIL-t260] and 0 exception(s); 7c431f9d-51bc-458b-a3a6-511ec217d887@group-21BA9BD4283D:t260, leader=null, voted=7c431f9d-51bc-458b-a3a6-511ec217d887, raftlog=7c431f9d-51bc-458b-a3a6-511ec217d887@group-21BA9BD4283D-SegmentedRaftLog:OPENED:c-1,f-1,i0, conf=-1: [67f35358-9777-4ff9-96f4-8a61bc3a94fe:192.168.34.62:37037, 7c431f9d-51bc-458b-a3a6-511ec217d887:192.168.34.62:40420, b9cfa588-8e56-4331-be2f-4c26f25c6739:192.168.34.62:34777], old=null
2019-10-17 06:48:07,735 [7c431f9d-51bc-458b-a3a6-511ec217d887@group-21BA9BD4283D-LeaderElection313] INFO  impl.RaftServerImpl (RaftServerImpl.java:setRole(184)) - 7c431f9d-51bc-458b-a3a6-511ec217d887@group-21BA9BD4283D: changes role from CANDIDATE to FOLLOWER at term 260 for DISCOVERED_A_NEW_TERM
2019-10-17 06:48:07,735 [7c431f9d-51bc-458b-a3a6-511ec217d887@group-21BA9BD4283D-LeaderElection313] INFO  impl.RoleInfo (RoleInfo.java:shutdownLeaderElection(134)) - 7c431f9d-51bc-458b-a3a6-511ec217d887: shutdown LeaderElection
2019-10-17 06:48:07,735 [7c431f9d-51bc-458b-a3a6-511ec217d887@group-21BA9BD4283D-LeaderElection313] INFO  impl.RoleInfo (RoleInfo.java:updateAndGet(143)) - 7c431f9d-51bc-458b-a3a6-511ec217d887: start FollowerState
2019-10-17 06:48:07,760 [Thread-2829] INFO  impl.FollowerState (FollowerState.java:run(108)) - 7c431f9d-51bc-458b-a3a6-511ec217d887@group-21BA9BD4283D-FollowerState: change to CANDIDATE, lastRpcTime:25ms, electionTimeout:25ms
2019-10-17 06:48:07,760 [Thread-2829] INFO  impl.RoleInfo (RoleInfo.java:shutdownFollowerState(121)) - 7c431f9d-51bc-458b-a3a6-511ec217d887: shutdown FollowerState
2019-10-17 06:48:07,760 [Thread-2829] INFO  impl.RaftServerImpl (RaftServerImpl.java:setRole(184)) - 7c431f9d-51bc-458b-a3a6-511ec217d887@group-21BA9BD4283D: changes role from  FOLLOWER to CANDIDATE at term 260 for changeToCandidate
2019-10-17 06:48:07,760 [Thread-2829] INFO  impl.RoleInfo (RoleInfo.java:updateAndGet(143)) - 7c431f9d-51bc-458b-a3a6-511ec217d887: start LeaderElection
2019-10-17 06:48:07,774 [7c431f9d-51bc-458b-a3a6-511ec217d887@group-21BA9BD4283D-LeaderElection314] INFO  impl.LeaderElection (LeaderElection.java:askForVotes(178)) - 7c431f9d-51bc-458b-a3a6-511ec217d887@group-21BA9BD4283D-LeaderElection314: begin an election at term 261 for -1: [67f35358-9777-4ff9-96f4-8a61bc3a94fe:192.168.34.62:37037, 7c431f9d-51bc-458b-a3a6-511ec217d887:192.168.34.62:40420, b9cfa588-8e56-4331-be2f-4c26f25c6739:192.168.34.62:34777], old=null
2019-10-17 06:48:07,776 [grpc-default-executor-1] INFO  impl.RaftServerImpl (RaftServerImpl.java:setRole(184)) - b9cfa588-8e56-4331-be2f-4c26f25c6739@group-21BA9BD4283D: changes role from  FOLLOWER to FOLLOWER at term 261 for recognizeCandidate:7c431f9d-51bc-458b-a3a6-511ec217d887
2019-10-17 06:48:07,776 [grpc-default-executor-3] INFO  impl.RaftServerImpl (RaftServerImpl.java:setRole(184)) - 67f35358-9777-4ff9-96f4-8a61bc3a94fe@group-21BA9BD4283D: changes role from  FOLLOWER to FOLLOWER at term 261 for recognizeCandidate:7c431f9d-51bc-458b-a3a6-511ec217d887
2019-10-17 06:48:07,778 [grpc-default-executor-1] INFO  impl.RoleInfo (RoleInfo.java:shutdownFollowerState(121)) - b9cfa588-8e56-4331-be2f-4c26f25c6739: shutdown FollowerState
2019-10-17 06:48:07,778 [grpc-default-executor-3] INFO  impl.RoleInfo (RoleInfo.java:shutdownFollowerState(121)) - 67f35358-9777-4ff9-96f4-8a61bc3a94fe: shutdown FollowerState
2019-10-17 06:48:07,778 [Thread-2827] INFO  impl.FollowerState (FollowerState.java:run(117)) - b9cfa588-8e56-4331-be2f-4c26f25c6739@group-21BA9BD4283D-FollowerState was interrupted: java.lang.InterruptedException: sleep interrupted
2019-10-17 06:48:07,778 [grpc-default-executor-1] INFO  impl.RoleInfo (RoleInfo.java:updateAndGet(143)) - b9cfa588-8e56-4331-be2f-4c26f25c6739: start FollowerState
2019-10-17 06:48:07,778 [Thread-2828] INFO  impl.FollowerState (FollowerState.java:run(117)) - 67f35358-9777-4ff9-96f4-8a61bc3a94fe@group-21BA9BD4283D-FollowerState was interrupted: java.lang.InterruptedException: sleep interrupted
2019-10-17 06:48:07,778 [grpc-default-executor-3] INFO  impl.RoleInfo (RoleInfo.java:updateAndGet(143)) - 67f35358-9777-4ff9-96f4-8a61bc3a94fe: start FollowerState
2019-10-17 06:48:07,792 [7c431f9d-51bc-458b-a3a6-511ec217d887@group-21BA9BD4283D-LeaderElection314] INFO  impl.LeaderElection (LeaderElection.java:logAndReturn(56)) - 7c431f9d-51bc-458b-a3a6-511ec217d887@group-21BA9BD4283D-LeaderElection314: Election REJECTED; received 2 response(s) [7c431f9d-51bc-458b-a3a6-511ec217d887<-67f35358-9777-4ff9-96f4-8a61bc3a94fe#0:FAIL-t261, 7c431f9d-51bc-458b-a3a6-511ec217d887<-b9cfa588-8e56-4331-be2f-4c26f25c6739#0:FAIL-t261] and 0 exception(s); 7c431f9d-51bc-458b-a3a6-511ec217d887@group-21BA9BD4283D:t261, leader=null, voted=7c431f9d-51bc-458b-a3a6-511ec217d887, raftlog=7c431f9d-51bc-458b-a3a6-511ec217d887@group-21BA9BD4283D-SegmentedRaftLog:OPENED:c-1,f-1,i0, conf=-1: [67f35358-9777-4ff9-96f4-8a61bc3a94fe:192.168.34.62:37037, 7c431f9d-51bc-458b-a3a6-511ec217d887:192.168.34.62:40420, b9cfa588-8e56-4331-be2f-4c26f25c6739:192.168.34.62:34777], old=null
2019-10-17 06:48:07,793 [7c431f9d-51bc-458b-a3a6-511ec217d887@group-21BA9BD4283D-LeaderElection314] INFO  impl.RaftServerImpl (RaftServerImpl.java:setRole(184)) - 7c431f9d-51bc-458b-a3a6-511ec217d887@group-21BA9BD4283D: changes role from CANDIDATE to FOLLOWER at term 261 for DISCOVERED_A_NEW_TERM
2019-10-17 06:48:07,793 [7c431f9d-51bc-458b-a3a6-511ec217d887@group-21BA9BD4283D-LeaderElection314] INFO  impl.RoleInfo (RoleInfo.java:shutdownLeaderElection(134)) - 7c431f9d-51bc-458b-a3a6-511ec217d887: shutdown LeaderElection
2019-10-17 06:48:07,793 [7c431f9d-51bc-458b-a3a6-511ec217d887@group-21BA9BD4283D-LeaderElection314] INFO  impl.RoleInfo (RoleInfo.java:updateAndGet(143)) - 7c431f9d-51bc-458b-a3a6-511ec217d887: start FollowerState
2019-10-17 06:48:07,795 [Thread-2835] INFO  impl.FollowerState (FollowerState.java:run(108)) - 7c431f9d-51bc-458b-a3a6-511ec217d887@group-21BA9BD4283D-FollowerState: change to CANDIDATE, lastRpcTime:2ms, electionTimeout:2ms
2019-10-17 06:48:07,795 [Thread-2835] INFO  impl.RoleInfo (RoleInfo.java:shutdownFollowerState(121)) - 7c431f9d-51bc-458b-a3a6-511ec217d887: shutdown FollowerState
2019-10-17 06:48:07,795 [Thread-2835] INFO  impl.RaftServerImpl (RaftServerImpl.java:setRole(184)) - 7c431f9d-51bc-458b-a3a6-511ec217d887@group-21BA9BD4283D: changes role from  FOLLOWER to CANDIDATE at term 261 for changeToCandidate
2019-10-17 06:48:07,795 [Thread-2835] INFO  impl.RoleInfo (RoleInfo.java:updateAndGet(143)) - 7c431f9d-51bc-458b-a3a6-511ec217d887: start LeaderElection
2019-10-17 06:48:07,820 [7c431f9d-51bc-458b-a3a6-511ec217d887@group-21BA9BD4283D-LeaderElection315] INFO  impl.LeaderElection (LeaderElection.java:askForVotes(178)) - 7c431f9d-51bc-458b-a3a6-511ec217d887@group-21BA9BD4283D-LeaderElection315: begin an election at term 262 for -1: [67f35358-9777-4ff9-96f4-8a61bc3a94fe:192.168.34.62:37037, 7c431f9d-51bc-458b-a3a6-511ec217d887:192.168.34.62:40420, b9cfa588-8e56-4331-be2f-4c26f25c6739:192.168.34.62:34777], old=null
2019-10-17 06:48:07,822 [grpc-default-executor-3] INFO  impl.RaftServerImpl (RaftServerImpl.java:setRole(184)) - 67f35358-9777-4ff9-96f4-8a61bc3a94fe@group-21BA9BD4283D: changes role from  FOLLOWER to FOLLOWER at term 262 for recognizeCandidate:7c431f9d-51bc-458b-a3a6-511ec217d887
2019-10-17 06:48:07,822 [grpc-default-executor-3] INFO  impl.RoleInfo (RoleInfo.java:shutdownFollowerState(121)) - 67f35358-9777-4ff9-96f4-8a61bc3a94fe: shutdown FollowerState
2019-10-17 06:48:07,822 [grpc-default-executor-1] INFO  impl.RaftServerImpl (RaftServerImpl.java:setRole(184)) - b9cfa588-8e56-4331-be2f-4c26f25c6739@group-21BA9BD4283D: changes role from  FOLLOWER to FOLLOWER at term 262 for recognizeCandidate:7c431f9d-51bc-458b-a3a6-511ec217d887
2019-10-17 06:48:07,822 [Thread-2834] INFO  impl.FollowerState (FollowerState.java:run(117)) - 67f35358-9777-4ff9-96f4-8a61bc3a94fe@group-21BA9BD4283D-FollowerState was interrupted: java.lang.InterruptedException: sleep interrupted
2019-10-17 06:48:07,822 [grpc-default-executor-3] INFO  impl.RoleInfo (RoleInfo.java:updateAndGet(143)) - 67f35358-9777-4ff9-96f4-8a61bc3a94fe: start FollowerState
2019-10-17 06:48:07,822 [grpc-default-executor-1] INFO  impl.RoleInfo (RoleInfo.java:shutdownFollowerState(121)) - b9cfa588-8e56-4331-be2f-4c26f25c6739: shutdown FollowerState
2019-10-17 06:48:07,823 [grpc-default-executor-1] INFO  impl.RoleInfo (RoleInfo.java:updateAndGet(143)) - b9cfa588-8e56-4331-be2f-4c26f25c6739: start FollowerState
2019-10-17 06:48:07,823 [Thread-2833] INFO  impl.FollowerState (FollowerState.java:run(117)) - b9cfa588-8e56-4331-be2f-4c26f25c6739@group-21BA9BD4283D-FollowerState was interrupted: java.lang.InterruptedException: sleep interrupted
2019-10-17 06:48:07,836 [7c431f9d-51bc-458b-a3a6-511ec217d887@group-21BA9BD4283D-LeaderElection315] INFO  impl.LeaderElection (LeaderElection.java:logAndReturn(56)) - 7c431f9d-51bc-458b-a3a6-511ec217d887@group-21BA9BD4283D-LeaderElection315: Election REJECTED; received 2 response(s) [7c431f9d-51bc-458b-a3a6-511ec217d887<-67f35358-9777-4ff9-96f4-8a61bc3a94fe#0:FAIL-t262, 7c431f9d-51bc-458b-a3a6-511ec217d887<-b9cfa588-8e56-4331-be2f-4c26f25c6739#0:FAIL-t262] and 0 exception(s); 7c431f9d-51bc-458b-a3a6-511ec217d887@group-21BA9BD4283D:t262, leader=null, voted=7c431f9d-51bc-458b-a3a6-511ec217d887, raftlog=7c431f9d-51bc-458b-a3a6-511ec217d887@group-21BA9BD4283D-SegmentedRaftLog:OPENED:c-1,f-1,i0, conf=-1: [67f35358-9777-4ff9-96f4-8a61bc3a94fe:192.168.34.62:37037, 7c431f9d-51bc-458b-a3a6-511ec217d887:192.168.34.62:40420, b9cfa588-8e56-4331-be2f-4c26f25c6739:192.168.34.62:34777], old=null
2019-10-17 06:48:07,836 [7c431f9d-51bc-458b-a3a6-511ec217d887@group-21BA9BD4283D-LeaderElection315] INFO  impl.RaftServerImpl (RaftServerImpl.java:setRole(184)) - 7c431f9d-51bc-458b-a3a6-511ec217d887@group-21BA9BD4283D: changes role from CANDIDATE to FOLLOWER at term 262 for DISCOVERED_A_NEW_TERM
2019-10-17 06:48:07,836 [7c431f9d-51bc-458b-a3a6-511ec217d887@group-21BA9BD4283D-LeaderElection315] INFO  impl.RoleInfo (RoleInfo.java:shutdownLeaderElection(134)) - 7c431f9d-51bc-458b-a3a6-511ec217d887: shutdown LeaderElection
2019-10-17 06:48:07,836 [7c431f9d-51bc-458b-a3a6-511ec217d887@group-21BA9BD4283D-LeaderElection315] INFO  impl.RoleInfo (RoleInfo.java:updateAndGet(143)) - 7c431f9d-51bc-458b-a3a6-511ec217d887: start FollowerState
2019-10-17 06:48:07,886 [Thread-2841] INFO  impl.FollowerState (FollowerState.java:run(108)) - 7c431f9d-51bc-458b-a3a6-511ec217d887@group-21BA9BD4283D-FollowerState: change to CANDIDATE, lastRpcTime:49ms, electionTimeout:49ms
2019-10-17 06:48:07,886 [Thread-2841] INFO  impl.RoleInfo (RoleInfo.java:shutdownFollowerState(121)) - 7c431f9d-51bc-458b-a3a6-511ec217d887: shutdown FollowerState
2019-10-17 06:48:07,886 [Thread-2841] INFO  impl.RaftServerImpl (RaftServerImpl.java:setRole(184)) - 7c431f9d-51bc-458b-a3a6-511ec217d887@group-21BA9BD4283D: changes role from  FOLLOWER to CANDIDATE at term 262 for changeToCandidate
2019-10-17 06:48:07,886 [Thread-2841] INFO  impl.RoleInfo (RoleInfo.java:updateAndGet(143)) - 7c431f9d-51bc-458b-a3a6-511ec217d887: start LeaderElection
2019-10-17 06:48:07,893 [7c431f9d-51bc-458b-a3a6-511ec217d887@group-21BA9BD4283D-LeaderElection316] INFO  impl.LeaderElection (LeaderElection.java:askForVotes(178)) - 7c431f9d-51bc-458b-a3a6-511ec217d887@group-21BA9BD4283D-LeaderElection316: begin an election at term 263 for -1: [67f35358-9777-4ff9-96f4-8a61bc3a94fe:192.168.34.62:37037, 7c431f9d-51bc-458b-a3a6-511ec217d887:192.168.34.62:40420, b9cfa588-8e56-4331-be2f-4c26f25c6739:192.168.34.62:34777], old=null
2019-10-17 06:48:07,894 [grpc-default-executor-3] INFO  impl.RaftServerImpl (RaftServerImpl.java:setRole(184)) - b9cfa588-8e56-4331-be2f-4c26f25c6739@group-21BA9BD4283D: changes role from  FOLLOWER to FOLLOWER at term 263 for recognizeCandidate:7c431f9d-51bc-458b-a3a6-511ec217d887
2019-10-17 06:48:07,894 [grpc-default-executor-3] INFO  impl.RoleInfo (RoleInfo.java:shutdownFollowerState(121)) - b9cfa588-8e56-4331-be2f-4c26f25c6739: shutdown FollowerState
2019-10-17 06:48:07,894 [grpc-default-executor-1] INFO  impl.RaftServerImpl (RaftServerImpl.java:setRole(184)) - 67f35358-9777-4ff9-96f4-8a61bc3a94fe@group-21BA9BD4283D: changes role from  FOLLOWER to FOLLOWER at term 263 for recognizeCandidate:7c431f9d-51bc-458b-a3a6-511ec217d887
2019-10-17 06:48:07,895 [grpc-default-executor-1] INFO  impl.RoleInfo (RoleInfo.java:shutdownFollowerState(121)) - 67f35358-9777-4ff9-96f4-8a61bc3a94fe: shutdown FollowerState
2019-10-17 06:48:07,895 [Thread-2840] INFO  impl.FollowerState (FollowerState.java:run(117)) - b9cfa588-8e56-4331-be2f-4c26f25c6739@group-21BA9BD4283D-FollowerState was interrupted: java.lang.InterruptedException: sleep interrupted
2019-10-17 06:48:07,895 [grpc-default-executor-3] INFO  impl.RoleInfo (RoleInfo.java:updateAndGet(143)) - b9cfa588-8e56-4331-be2f-4c26f25c6739: start FollowerState
2019-10-17 06:48:07,895 [Thread-2839] INFO  impl.FollowerState (FollowerState.java:run(117)) - 67f35358-9777-4ff9-96f4-8a61bc3a94fe@group-21BA9BD4283D-FollowerState was interrupted: java.lang.InterruptedException: sleep interrupted
2019-10-17 06:48:07,895 [grpc-default-executor-1] INFO  impl.RoleInfo (RoleInfo.java:updateAndGet(143)) - 67f35358-9777-4ff9-96f4-8a61bc3a94fe: start FollowerState
2019-10-17 06:48:07,909 [7c431f9d-51bc-458b-a3a6-511ec217d887@group-21BA9BD4283D-LeaderElection316] INFO  impl.LeaderElection (LeaderElection.java:logAndReturn(56)) - 7c431f9d-51bc-458b-a3a6-511ec217d887@group-21BA9BD4283D-LeaderElection316: Election REJECTED; received 2 response(s) [7c431f9d-51bc-458b-a3a6-511ec217d887<-67f35358-9777-4ff9-96f4-8a61bc3a94fe#0:FAIL-t263, 7c431f9d-51bc-458b-a3a6-511ec217d887<-b9cfa588-8e56-4331-be2f-4c26f25c6739#0:FAIL-t263] and 0 exception(s); 7c431f9d-51bc-458b-a3a6-511ec217d887@group-21BA9BD4283D:t263, leader=null, voted=7c431f9d-51bc-458b-a3a6-511ec217d887, raftlog=7c431f9d-51bc-458b-a3a6-511ec217d887@group-21BA9BD4283D-SegmentedRaftLog:OPENED:c-1,f-1,i0, conf=-1: [67f35358-9777-4ff9-96f4-8a61bc3a94fe:192.168.34.62:37037, 7c431f9d-51bc-458b-a3a6-511ec217d887:192.168.34.62:40420, b9cfa588-8e56-4331-be2f-4c26f25c6739:192.168.34.62:34777], old=null
2019-10-17 06:48:07,910 [7c431f9d-51bc-458b-a3a6-511ec217d887@group-21BA9BD4283D-LeaderElection316] INFO  impl.RaftServerImpl (RaftServerImpl.java:setRole(184)) - 7c431f9d-51bc-458b-a3a6-511ec217d887@group-21BA9BD4283D: changes role from CANDIDATE to FOLLOWER at term 263 for DISCOVERED_A_NEW_TERM
2019-10-17 06:48:07,910 [7c431f9d-51bc-458b-a3a6-511ec217d887@group-21BA9BD4283D-LeaderElection316] INFO  impl.RoleInfo (RoleInfo.java:shutdownLeaderElection(134)) - 7c431f9d-51bc-458b-a3a6-511ec217d887: shutdown LeaderElection
2019-10-17 06:48:07,910 [7c431f9d-51bc-458b-a3a6-511ec217d887@group-21BA9BD4283D-LeaderElection316] INFO  impl.RoleInfo (RoleInfo.java:updateAndGet(143)) - 7c431f9d-51bc-458b-a3a6-511ec217d887: start FollowerState
2019-10-17 06:48:07,945 [Thread-2847] INFO  impl.FollowerState (FollowerState.java:run(108)) - 7c431f9d-51bc-458b-a3a6-511ec217d887@group-21BA9BD4283D-FollowerState: change to CANDIDATE, lastRpcTime:35ms, electionTimeout:35ms
2019-10-17 06:48:07,945 [Thread-2847] INFO  impl.RoleInfo (RoleInfo.java:shutdownFollowerState(121)) - 7c431f9d-51bc-458b-a3a6-511ec217d887: shutdown FollowerState
2019-10-17 06:48:07,945 [Thread-2847] INFO  impl.RaftServerImpl (RaftServerImpl.java:setRole(184)) - 7c431f9d-51bc-458b-a3a6-511ec217d887@group-21BA9BD4283D: changes role from  FOLLOWER to CANDIDATE at term 263 for changeToCandidate
2019-10-17 06:48:07,946 [Thread-2847] INFO  impl.RoleInfo (RoleInfo.java:updateAndGet(143)) - 7c431f9d-51bc-458b-a3a6-511ec217d887: start LeaderElection
2019-10-17 06:48:07,963 [7c431f9d-51bc-458b-a3a6-511ec217d887@group-21BA9BD4283D-LeaderElection317] INFO  impl.LeaderElection (LeaderElection.java:askForVotes(178)) - 7c431f9d-51bc-458b-a3a6-511ec217d887@group-21BA9BD4283D-LeaderElection317: begin an election at term 264 for -1: [67f35358-9777-4ff9-96f4-8a61bc3a94fe:192.168.34.62:37037, 7c431f9d-51bc-458b-a3a6-511ec217d887:192.168.34.62:40420, b9cfa588-8e56-4331-be2f-4c26f25c6739:192.168.34.62:34777], old=null
2019-10-17 06:48:07,965 [grpc-default-executor-3] INFO  impl.RaftServerImpl (RaftServerImpl.java:setRole(184)) - 67f35358-9777-4ff9-96f4-8a61bc3a94fe@group-21BA9BD4283D: changes role from  FOLLOWER to FOLLOWER at term 264 for recognizeCandidate:7c431f9d-51bc-458b-a3a6-511ec217d887
2019-10-17 06:48:07,965 [grpc-default-executor-1] INFO  impl.RaftServerImpl (RaftServerImpl.java:setRole(184)) - b9cfa588-8e56-4331-be2f-4c26f25c6739@group-21BA9BD4283D: changes role from  FOLLOWER to FOLLOWER at term 264 for recognizeCandidate:7c431f9d-51bc-458b-a3a6-511ec217d887
2019-10-17 06:48:07,965 [grpc-default-executor-3] INFO  impl.RoleInfo (RoleInfo.java:shutdownFollowerState(121)) - 67f35358-9777-4ff9-96f4-8a61bc3a94fe: shutdown FollowerState
2019-10-17 06:48:07,965 [grpc-default-executor-1] INFO  impl.RoleInfo (RoleInfo.java:shutdownFollowerState(121)) - b9cfa588-8e56-4331-be2f-4c26f25c6739: shutdown FollowerState
2019-10-17 06:48:07,965 [Thread-2846] INFO  impl.FollowerState (FollowerState.java:run(117)) - 67f35358-9777-4ff9-96f4-8a61bc3a94fe@group-21BA9BD4283D-FollowerState was interrupted: java.lang.InterruptedException: sleep interrupted
2019-10-17 06:48:07,965 [grpc-default-executor-3] INFO  impl.RoleInfo (RoleInfo.java:updateAndGet(143)) - 67f35358-9777-4ff9-96f4-8a61bc3a94fe: start FollowerState
2019-10-17 06:48:07,965 [Thread-2845] INFO  impl.FollowerState (FollowerState.java:run(117)) - b9cfa588-8e56-4331-be2f-4c26f25c6739@group-21BA9BD4283D-FollowerState was interrupted: java.lang.InterruptedException: sleep interrupted
2019-10-17 06:48:07,965 [grpc-default-executor-1] INFO  impl.RoleInfo (RoleInfo.java:updateAndGet(143)) - b9cfa588-8e56-4331-be2f-4c26f25c6739: start FollowerState
2019-10-17 06:48:07,980 [7c431f9d-51bc-458b-a3a6-511ec217d887@group-21BA9BD4283D-LeaderElection317] INFO  impl.LeaderElection (LeaderElection.java:logAndReturn(56)) - 7c431f9d-51bc-458b-a3a6-511ec217d887@group-21BA9BD4283D-LeaderElection317: Election REJECTED; received 2 response(s) [7c431f9d-51bc-458b-a3a6-511ec217d887<-67f35358-9777-4ff9-96f4-8a61bc3a94fe#0:FAIL-t264, 7c431f9d-51bc-458b-a3a6-511ec217d887<-b9cfa588-8e56-4331-be2f-4c26f25c6739#0:FAIL-t264] and 0 exception(s); 7c431f9d-51bc-458b-a3a6-511ec217d887@group-21BA9BD4283D:t264, leader=null, voted=7c431f9d-51bc-458b-a3a6-511ec217d887, raftlog=7c431f9d-51bc-458b-a3a6-511ec217d887@group-21BA9BD4283D-SegmentedRaftLog:OPENED:c-1,f-1,i0, conf=-1: [67f35358-9777-4ff9-96f4-8a61bc3a94fe:192.168.34.62:37037, 7c431f9d-51bc-458b-a3a6-511ec217d887:192.168.34.62:40420, b9cfa588-8e56-4331-be2f-4c26f25c6739:192.168.34.62:34777], old=null
2019-10-17 06:48:07,980 [7c431f9d-51bc-458b-a3a6-511ec217d887@group-21BA9BD4283D-LeaderElection317] INFO  impl.RaftServerImpl (RaftServerImpl.java:setRole(184)) - 7c431f9d-51bc-458b-a3a6-511ec217d887@group-21BA9BD4283D: changes role from CANDIDATE to FOLLOWER at term 264 for DISCOVERED_A_NEW_TERM
2019-10-17 06:48:07,980 [7c431f9d-51bc-458b-a3a6-511ec217d887@group-21BA9BD4283D-LeaderElection317] INFO  impl.RoleInfo (RoleInfo.java:shutdownLeaderElection(134)) - 7c431f9d-51bc-458b-a3a6-511ec217d887: shutdown LeaderElection
2019-10-17 06:48:07,980 [7c431f9d-51bc-458b-a3a6-511ec217d887@group-21BA9BD4283D-LeaderElection317] INFO  impl.RoleInfo (RoleInfo.java:updateAndGet(143)) - 7c431f9d-51bc-458b-a3a6-511ec217d887: start FollowerState
2019-10-17 06:48:08,103 [main] INFO  ozone.MiniOzoneClusterImpl (MiniOzoneClusterImpl.java:lambda$waitForClusterToBeReady$2(164)) - Waiting for 1 number of pipelines out of 4, to report a leader.
2019-10-17 06:48:08,149 [Thread-2853] INFO  impl.FollowerState (FollowerState.java:run(108)) - 7c431f9d-51bc-458b-a3a6-511ec217d887@group-21BA9BD4283D-FollowerState: change to CANDIDATE, lastRpcTime:168ms, electionTimeout:168ms
2019-10-17 06:48:08,149 [Thread-2853] INFO  impl.RoleInfo (RoleInfo.java:shutdownFollowerState(121)) - 7c431f9d-51bc-458b-a3a6-511ec217d887: shutdown FollowerState
2019-10-17 06:48:08,149 [Thread-2853] INFO  impl.RaftServerImpl (RaftServerImpl.java:setRole(184)) - 7c431f9d-51bc-458b-a3a6-511ec217d887@group-21BA9BD4283D: changes role from  FOLLOWER to CANDIDATE at term 264 for changeToCandidate
2019-10-17 06:48:08,149 [Thread-2853] INFO  impl.RoleInfo (RoleInfo.java:updateAndGet(143)) - 7c431f9d-51bc-458b-a3a6-511ec217d887: start LeaderElection
2019-10-17 06:48:08,162 [7c431f9d-51bc-458b-a3a6-511ec217d887@group-21BA9BD4283D-LeaderElection318] INFO  impl.LeaderElection (LeaderElection.java:askForVotes(178)) - 7c431f9d-51bc-458b-a3a6-511ec217d887@group-21BA9BD4283D-LeaderElection318: begin an election at term 265 for -1: [67f35358-9777-4ff9-96f4-8a61bc3a94fe:192.168.34.62:37037, 7c431f9d-51bc-458b-a3a6-511ec217d887:192.168.34.62:40420, b9cfa588-8e56-4331-be2f-4c26f25c6739:192.168.34.62:34777], old=null
2019-10-17 06:48:08,164 [grpc-default-executor-3] INFO  impl.RaftServerImpl (RaftServerImpl.java:setRole(184)) - b9cfa588-8e56-4331-be2f-4c26f25c6739@group-21BA9BD4283D: changes role from  FOLLOWER to FOLLOWER at term 265 for recognizeCandidate:7c431f9d-51bc-458b-a3a6-511ec217d887
2019-10-17 06:48:08,164 [grpc-default-executor-1] INFO  impl.RaftServerImpl (RaftServerImpl.java:setRole(184)) - 67f35358-9777-4ff9-96f4-8a61bc3a94fe@group-21BA9BD4283D: changes role from  FOLLOWER to FOLLOWER at term 265 for recognizeCandidate:7c431f9d-51bc-458b-a3a6-511ec217d887
2019-10-17 06:48:08,164 [grpc-default-executor-3] INFO  impl.RoleInfo (RoleInfo.java:shutdownFollowerState(121)) - b9cfa588-8e56-4331-be2f-4c26f25c6739: shutdown FollowerState
2019-10-17 06:48:08,164 [grpc-default-executor-1] INFO  impl.RoleInfo (RoleInfo.java:shutdownFollowerState(121)) - 67f35358-9777-4ff9-96f4-8a61bc3a94fe: shutdown FollowerState
2019-10-17 06:48:08,164 [grpc-default-executor-3] INFO  impl.RoleInfo (RoleInfo.java:updateAndGet(143)) - b9cfa588-8e56-4331-be2f-4c26f25c6739: start FollowerState
2019-10-17 06:48:08,164 [Thread-2852] INFO  impl.FollowerState (FollowerState.java:run(117)) - b9cfa588-8e56-4331-be2f-4c26f25c6739@group-21BA9BD4283D-FollowerState was interrupted: java.lang.InterruptedException: sleep interrupted
2019-10-17 06:48:08,164 [Thread-2851] INFO  impl.FollowerState (FollowerState.java:run(117)) - 67f35358-9777-4ff9-96f4-8a61bc3a94fe@group-21BA9BD4283D-FollowerState was interrupted: java.lang.InterruptedException: sleep interrupted
2019-10-17 06:48:08,164 [grpc-default-executor-1] INFO  impl.RoleInfo (RoleInfo.java:updateAndGet(143)) - 67f35358-9777-4ff9-96f4-8a61bc3a94fe: start FollowerState
2019-10-17 06:48:08,179 [7c431f9d-51bc-458b-a3a6-511ec217d887@group-21BA9BD4283D-LeaderElection318] INFO  impl.LeaderElection (LeaderElection.java:logAndReturn(56)) - 7c431f9d-51bc-458b-a3a6-511ec217d887@group-21BA9BD4283D-LeaderElection318: Election REJECTED; received 2 response(s) [7c431f9d-51bc-458b-a3a6-511ec217d887<-67f35358-9777-4ff9-96f4-8a61bc3a94fe#0:FAIL-t265, 7c431f9d-51bc-458b-a3a6-511ec217d887<-b9cfa588-8e56-4331-be2f-4c26f25c6739#0:FAIL-t265] and 0 exception(s); 7c431f9d-51bc-458b-a3a6-511ec217d887@group-21BA9BD4283D:t265, leader=null, voted=7c431f9d-51bc-458b-a3a6-511ec217d887, raftlog=7c431f9d-51bc-458b-a3a6-511ec217d887@group-21BA9BD4283D-SegmentedRaftLog:OPENED:c-1,f-1,i0, conf=-1: [67f35358-9777-4ff9-96f4-8a61bc3a94fe:192.168.34.62:37037, 7c431f9d-51bc-458b-a3a6-511ec217d887:192.168.34.62:40420, b9cfa588-8e56-4331-be2f-4c26f25c6739:192.168.34.62:34777], old=null
2019-10-17 06:48:08,179 [7c431f9d-51bc-458b-a3a6-511ec217d887@group-21BA9BD4283D-LeaderElection318] INFO  impl.RaftServerImpl (RaftServerImpl.java:setRole(184)) - 7c431f9d-51bc-458b-a3a6-511ec217d887@group-21BA9BD4283D: changes role from CANDIDATE to FOLLOWER at term 265 for DISCOVERED_A_NEW_TERM
2019-10-17 06:48:08,179 [7c431f9d-51bc-458b-a3a6-511ec217d887@group-21BA9BD4283D-LeaderElection318] INFO  impl.RoleInfo (RoleInfo.java:shutdownLeaderElection(134)) - 7c431f9d-51bc-458b-a3a6-511ec217d887: shutdown LeaderElection
2019-10-17 06:48:08,179 [7c431f9d-51bc-458b-a3a6-511ec217d887@group-21BA9BD4283D-LeaderElection318] INFO  impl.RoleInfo (RoleInfo.java:updateAndGet(143)) - 7c431f9d-51bc-458b-a3a6-511ec217d887: start FollowerState
2019-10-17 06:48:08,278 [Thread-2859] INFO  impl.FollowerState (FollowerState.java:run(108)) - 7c431f9d-51bc-458b-a3a6-511ec217d887@group-21BA9BD4283D-FollowerState: change to CANDIDATE, lastRpcTime:99ms, electionTimeout:99ms
2019-10-17 06:48:08,278 [Thread-2859] INFO  impl.RoleInfo (RoleInfo.java:shutdownFollowerState(121)) - 7c431f9d-51bc-458b-a3a6-511ec217d887: shutdown FollowerState
2019-10-17 06:48:08,279 [Thread-2859] INFO  impl.RaftServerImpl (RaftServerImpl.java:setRole(184)) - 7c431f9d-51bc-458b-a3a6-511ec217d887@group-21BA9BD4283D: changes role from  FOLLOWER to CANDIDATE at term 265 for changeToCandidate
2019-10-17 06:48:08,279 [Thread-2859] INFO  impl.RoleInfo (RoleInfo.java:updateAndGet(143)) - 7c431f9d-51bc-458b-a3a6-511ec217d887: start LeaderElection
2019-10-17 06:48:08,292 [7c431f9d-51bc-458b-a3a6-511ec217d887@group-21BA9BD4283D-LeaderElection319] INFO  impl.LeaderElection (LeaderElection.java:askForVotes(178)) - 7c431f9d-51bc-458b-a3a6-511ec217d887@group-21BA9BD4283D-LeaderElection319: begin an election at term 266 for -1: [67f35358-9777-4ff9-96f4-8a61bc3a94fe:192.168.34.62:37037, 7c431f9d-51bc-458b-a3a6-511ec217d887:192.168.34.62:40420, b9cfa588-8e56-4331-be2f-4c26f25c6739:192.168.34.62:34777], old=null
2019-10-17 06:48:08,294 [grpc-default-executor-3] INFO  impl.RaftServerImpl (RaftServerImpl.java:setRole(184)) - 67f35358-9777-4ff9-96f4-8a61bc3a94fe@group-21BA9BD4283D: changes role from  FOLLOWER to FOLLOWER at term 266 for recognizeCandidate:7c431f9d-51bc-458b-a3a6-511ec217d887
2019-10-17 06:48:08,294 [grpc-default-executor-1] INFO  impl.RaftServerImpl (RaftServerImpl.java:setRole(184)) - b9cfa588-8e56-4331-be2f-4c26f25c6739@group-21BA9BD4283D: changes role from  FOLLOWER to FOLLOWER at term 266 for recognizeCandidate:7c431f9d-51bc-458b-a3a6-511ec217d887
2019-10-17 06:48:08,294 [grpc-default-executor-3] INFO  impl.RoleInfo (RoleInfo.java:shutdownFollowerState(121)) - 67f35358-9777-4ff9-96f4-8a61bc3a94fe: shutdown FollowerState
2019-10-17 06:48:08,294 [grpc-default-executor-1] INFO  impl.RoleInfo (RoleInfo.java:shutdownFollowerState(121)) - b9cfa588-8e56-4331-be2f-4c26f25c6739: shutdown FollowerState
2019-10-17 06:48:08,294 [Thread-2858] INFO  impl.FollowerState (FollowerState.java:run(117)) - 67f35358-9777-4ff9-96f4-8a61bc3a94fe@group-21BA9BD4283D-FollowerState was interrupted: java.lang.InterruptedException: sleep interrupted
2019-10-17 06:48:08,294 [grpc-default-executor-3] INFO  impl.RoleInfo (RoleInfo.java:updateAndGet(143)) - 67f35358-9777-4ff9-96f4-8a61bc3a94fe: start FollowerState
2019-10-17 06:48:08,294 [Thread-2857] INFO  impl.FollowerState (FollowerState.java:run(117)) - b9cfa588-8e56-4331-be2f-4c26f25c6739@group-21BA9BD4283D-FollowerState was interrupted: java.lang.InterruptedException: sleep interrupted
2019-10-17 06:48:08,294 [grpc-default-executor-1] INFO  impl.RoleInfo (RoleInfo.java:updateAndGet(143)) - b9cfa588-8e56-4331-be2f-4c26f25c6739: start FollowerState
2019-10-17 06:48:08,316 [7c431f9d-51bc-458b-a3a6-511ec217d887@group-21BA9BD4283D-LeaderElection319] INFO  impl.LeaderElection (LeaderElection.java:logAndReturn(56)) - 7c431f9d-51bc-458b-a3a6-511ec217d887@group-21BA9BD4283D-LeaderElection319: Election REJECTED; received 2 response(s) [7c431f9d-51bc-458b-a3a6-511ec217d887<-67f35358-9777-4ff9-96f4-8a61bc3a94fe#0:FAIL-t266, 7c431f9d-51bc-458b-a3a6-511ec217d887<-b9cfa588-8e56-4331-be2f-4c26f25c6739#0:FAIL-t266] and 0 exception(s); 7c431f9d-51bc-458b-a3a6-511ec217d887@group-21BA9BD4283D:t266, leader=null, voted=7c431f9d-51bc-458b-a3a6-511ec217d887, raftlog=7c431f9d-51bc-458b-a3a6-511ec217d887@group-21BA9BD4283D-SegmentedRaftLog:OPENED:c-1,f-1,i0, conf=-1: [67f35358-9777-4ff9-96f4-8a61bc3a94fe:192.168.34.62:37037, 7c431f9d-51bc-458b-a3a6-511ec217d887:192.168.34.62:40420, b9cfa588-8e56-4331-be2f-4c26f25c6739:192.168.34.62:34777], old=null
2019-10-17 06:48:08,316 [7c431f9d-51bc-458b-a3a6-511ec217d887@group-21BA9BD4283D-LeaderElection319] INFO  impl.RaftServerImpl (RaftServerImpl.java:setRole(184)) - 7c431f9d-51bc-458b-a3a6-511ec217d887@group-21BA9BD4283D: changes role from CANDIDATE to FOLLOWER at term 266 for DISCOVERED_A_NEW_TERM
2019-10-17 06:48:08,316 [7c431f9d-51bc-458b-a3a6-511ec217d887@group-21BA9BD4283D-LeaderElection319] INFO  impl.RoleInfo (RoleInfo.java:shutdownLeaderElection(134)) - 7c431f9d-51bc-458b-a3a6-511ec217d887: shutdown LeaderElection
2019-10-17 06:48:08,316 [7c431f9d-51bc-458b-a3a6-511ec217d887@group-21BA9BD4283D-LeaderElection319] INFO  impl.RoleInfo (RoleInfo.java:updateAndGet(143)) - 7c431f9d-51bc-458b-a3a6-511ec217d887: start FollowerState
2019-10-17 06:48:08,417 [Thread-2865] INFO  impl.FollowerState (FollowerState.java:run(108)) - 7c431f9d-51bc-458b-a3a6-511ec217d887@group-21BA9BD4283D-FollowerState: change to CANDIDATE, lastRpcTime:101ms, electionTimeout:101ms
2019-10-17 06:48:08,417 [Thread-2865] INFO  impl.RoleInfo (RoleInfo.java:shutdownFollowerState(121)) - 7c431f9d-51bc-458b-a3a6-511ec217d887: shutdown FollowerState
2019-10-17 06:48:08,418 [Thread-2865] INFO  impl.RaftServerImpl (RaftServerImpl.java:setRole(184)) - 7c431f9d-51bc-458b-a3a6-511ec217d887@group-21BA9BD4283D: changes role from  FOLLOWER to CANDIDATE at term 266 for changeToCandidate
2019-10-17 06:48:08,418 [Thread-2865] INFO  impl.RoleInfo (RoleInfo.java:updateAndGet(143)) - 7c431f9d-51bc-458b-a3a6-511ec217d887: start LeaderElection
2019-10-17 06:48:08,431 [7c431f9d-51bc-458b-a3a6-511ec217d887@group-21BA9BD4283D-LeaderElection320] INFO  impl.LeaderElection (LeaderElection.java:askForVotes(178)) - 7c431f9d-51bc-458b-a3a6-511ec217d887@group-21BA9BD4283D-LeaderElection320: begin an election at term 267 for -1: [67f35358-9777-4ff9-96f4-8a61bc3a94fe:192.168.34.62:37037, 7c431f9d-51bc-458b-a3a6-511ec217d887:192.168.34.62:40420, b9cfa588-8e56-4331-be2f-4c26f25c6739:192.168.34.62:34777], old=null
2019-10-17 06:48:08,432 [grpc-default-executor-1] INFO  impl.RaftServerImpl (RaftServerImpl.java:setRole(184)) - b9cfa588-8e56-4331-be2f-4c26f25c6739@group-21BA9BD4283D: changes role from  FOLLOWER to FOLLOWER at term 267 for recognizeCandidate:7c431f9d-51bc-458b-a3a6-511ec217d887
2019-10-17 06:48:08,432 [grpc-default-executor-1] INFO  impl.RoleInfo (RoleInfo.java:shutdownFollowerState(121)) - b9cfa588-8e56-4331-be2f-4c26f25c6739: shutdown FollowerState
2019-10-17 06:48:08,432 [grpc-default-executor-3] INFO  impl.RaftServerImpl (RaftServerImpl.java:setRole(184)) - 67f35358-9777-4ff9-96f4-8a61bc3a94fe@group-21BA9BD4283D: changes role from  FOLLOWER to FOLLOWER at term 267 for recognizeCandidate:7c431f9d-51bc-458b-a3a6-511ec217d887
2019-10-17 06:48:08,433 [Thread-2864] INFO  impl.FollowerState (FollowerState.java:run(117)) - b9cfa588-8e56-4331-be2f-4c26f25c6739@group-21BA9BD4283D-FollowerState was interrupted: java.lang.InterruptedException: sleep interrupted
2019-10-17 06:48:08,433 [grpc-default-executor-1] INFO  impl.RoleInfo (RoleInfo.java:updateAndGet(143)) - b9cfa588-8e56-4331-be2f-4c26f25c6739: start FollowerState
2019-10-17 06:48:08,433 [grpc-default-executor-3] INFO  impl.RoleInfo (RoleInfo.java:shutdownFollowerState(121)) - 67f35358-9777-4ff9-96f4-8a61bc3a94fe: shutdown FollowerState
2019-10-17 06:48:08,433 [grpc-default-executor-3] INFO  impl.RoleInfo (RoleInfo.java:updateAndGet(143)) - 67f35358-9777-4ff9-96f4-8a61bc3a94fe: start FollowerState
2019-10-17 06:48:08,433 [Thread-2863] INFO  impl.FollowerState (FollowerState.java:run(117)) - 67f35358-9777-4ff9-96f4-8a61bc3a94fe@group-21BA9BD4283D-FollowerState was interrupted: java.lang.InterruptedException: sleep interrupted
2019-10-17 06:48:08,443 [7c431f9d-51bc-458b-a3a6-511ec217d887@group-21BA9BD4283D-LeaderElection320] INFO  impl.LeaderElection (LeaderElection.java:logAndReturn(56)) - 7c431f9d-51bc-458b-a3a6-511ec217d887@group-21BA9BD4283D-LeaderElection320: Election TIMEOUT; received 0 response(s) [] and 0 exception(s); 7c431f9d-51bc-458b-a3a6-511ec217d887@group-21BA9BD4283D:t267, leader=null, voted=7c431f9d-51bc-458b-a3a6-511ec217d887, raftlog=7c431f9d-51bc-458b-a3a6-511ec217d887@group-21BA9BD4283D-SegmentedRaftLog:OPENED:c-1,f-1,i0, conf=-1: [67f35358-9777-4ff9-96f4-8a61bc3a94fe:192.168.34.62:37037, 7c431f9d-51bc-458b-a3a6-511ec217d887:192.168.34.62:40420, b9cfa588-8e56-4331-be2f-4c26f25c6739:192.168.34.62:34777], old=null
2019-10-17 06:48:08,446 [7c431f9d-51bc-458b-a3a6-511ec217d887@group-21BA9BD4283D-LeaderElection320] INFO  impl.LeaderElection (LeaderElection.java:askForVotes(178)) - 7c431f9d-51bc-458b-a3a6-511ec217d887@group-21BA9BD4283D-LeaderElection320: begin an election at term 268 for -1: [67f35358-9777-4ff9-96f4-8a61bc3a94fe:192.168.34.62:37037, 7c431f9d-51bc-458b-a3a6-511ec217d887:192.168.34.62:40420, b9cfa588-8e56-4331-be2f-4c26f25c6739:192.168.34.62:34777], old=null
2019-10-17 06:48:08,447 [grpc-default-executor-1] INFO  impl.RaftServerImpl (RaftServerImpl.java:setRole(184)) - 67f35358-9777-4ff9-96f4-8a61bc3a94fe@group-21BA9BD4283D: changes role from  FOLLOWER to FOLLOWER at term 268 for recognizeCandidate:7c431f9d-51bc-458b-a3a6-511ec217d887
2019-10-17 06:48:08,447 [grpc-default-executor-1] INFO  impl.RoleInfo (RoleInfo.java:shutdownFollowerState(121)) - 67f35358-9777-4ff9-96f4-8a61bc3a94fe: shutdown FollowerState
2019-10-17 06:48:08,447 [grpc-default-executor-1] INFO  impl.RoleInfo (RoleInfo.java:updateAndGet(143)) - 67f35358-9777-4ff9-96f4-8a61bc3a94fe: start FollowerState
2019-10-17 06:48:08,447 [grpc-default-executor-3] INFO  impl.RaftServerImpl (RaftServerImpl.java:setRole(184)) - b9cfa588-8e56-4331-be2f-4c26f25c6739@group-21BA9BD4283D: changes role from  FOLLOWER to FOLLOWER at term 268 for recognizeCandidate:7c431f9d-51bc-458b-a3a6-511ec217d887
2019-10-17 06:48:08,447 [grpc-default-executor-3] INFO  impl.RoleInfo (RoleInfo.java:shutdownFollowerState(121)) - b9cfa588-8e56-4331-be2f-4c26f25c6739: shutdown FollowerState
2019-10-17 06:48:08,447 [Thread-2870] INFO  impl.FollowerState (FollowerState.java:run(117)) - 67f35358-9777-4ff9-96f4-8a61bc3a94fe@group-21BA9BD4283D-FollowerState was interrupted: java.lang.InterruptedException: sleep interrupted
2019-10-17 06:48:08,447 [Thread-2869] INFO  impl.FollowerState (FollowerState.java:run(117)) - b9cfa588-8e56-4331-be2f-4c26f25c6739@group-21BA9BD4283D-FollowerState was interrupted: java.lang.InterruptedException: sleep interrupted
2019-10-17 06:48:08,447 [grpc-default-executor-3] INFO  impl.RoleInfo (RoleInfo.java:updateAndGet(143)) - b9cfa588-8e56-4331-be2f-4c26f25c6739: start FollowerState
2019-10-17 06:48:08,460 [7c431f9d-51bc-458b-a3a6-511ec217d887@group-21BA9BD4283D-LeaderElection320] INFO  impl.LeaderElection (LeaderElection.java:logAndReturn(56)) - 7c431f9d-51bc-458b-a3a6-511ec217d887@group-21BA9BD4283D-LeaderElection320: Election REJECTED; received 2 response(s) [7c431f9d-51bc-458b-a3a6-511ec217d887<-67f35358-9777-4ff9-96f4-8a61bc3a94fe#0:FAIL-t268, 7c431f9d-51bc-458b-a3a6-511ec217d887<-b9cfa588-8e56-4331-be2f-4c26f25c6739#0:FAIL-t268] and 0 exception(s); 7c431f9d-51bc-458b-a3a6-511ec217d887@group-21BA9BD4283D:t268, leader=null, voted=7c431f9d-51bc-458b-a3a6-511ec217d887, raftlog=7c431f9d-51bc-458b-a3a6-511ec217d887@group-21BA9BD4283D-SegmentedRaftLog:OPENED:c-1,f-1,i0, conf=-1: [67f35358-9777-4ff9-96f4-8a61bc3a94fe:192.168.34.62:37037, 7c431f9d-51bc-458b-a3a6-511ec217d887:192.168.34.62:40420, b9cfa588-8e56-4331-be2f-4c26f25c6739:192.168.34.62:34777], old=null
2019-10-17 06:48:08,460 [7c431f9d-51bc-458b-a3a6-511ec217d887@group-21BA9BD4283D-LeaderElection320] INFO  impl.RaftServerImpl (RaftServerImpl.java:setRole(184)) - 7c431f9d-51bc-458b-a3a6-511ec217d887@group-21BA9BD4283D: changes role from CANDIDATE to FOLLOWER at term 268 for DISCOVERED_A_NEW_TERM
2019-10-17 06:48:08,460 [7c431f9d-51bc-458b-a3a6-511ec217d887@group-21BA9BD4283D-LeaderElection320] INFO  impl.RoleInfo (RoleInfo.java:shutdownLeaderElection(134)) - 7c431f9d-51bc-458b-a3a6-511ec217d887: shutdown LeaderElection
2019-10-17 06:48:08,461 [7c431f9d-51bc-458b-a3a6-511ec217d887@group-21BA9BD4283D-LeaderElection320] INFO  impl.RoleInfo (RoleInfo.java:updateAndGet(143)) - 7c431f9d-51bc-458b-a3a6-511ec217d887: start FollowerState
2019-10-17 06:48:08,501 [Thread-2875] INFO  impl.FollowerState (FollowerState.java:run(108)) - 7c431f9d-51bc-458b-a3a6-511ec217d887@group-21BA9BD4283D-FollowerState: change to CANDIDATE, lastRpcTime:40ms, electionTimeout:40ms
2019-10-17 06:48:08,501 [Thread-2875] INFO  impl.RoleInfo (RoleInfo.java:shutdownFollowerState(121)) - 7c431f9d-51bc-458b-a3a6-511ec217d887: shutdown FollowerState
2019-10-17 06:48:08,501 [Thread-2875] INFO  impl.RaftServerImpl (RaftServerImpl.java:setRole(184)) - 7c431f9d-51bc-458b-a3a6-511ec217d887@group-21BA9BD4283D: changes role from  FOLLOWER to CANDIDATE at term 268 for changeToCandidate
2019-10-17 06:48:08,501 [Thread-2875] INFO  impl.RoleInfo (RoleInfo.java:updateAndGet(143)) - 7c431f9d-51bc-458b-a3a6-511ec217d887: start LeaderElection
2019-10-17 06:48:08,523 [7c431f9d-51bc-458b-a3a6-511ec217d887@group-21BA9BD4283D-LeaderElection321] INFO  impl.LeaderElection (LeaderElection.java:askForVotes(178)) - 7c431f9d-51bc-458b-a3a6-511ec217d887@group-21BA9BD4283D-LeaderElection321: begin an election at term 269 for -1: [67f35358-9777-4ff9-96f4-8a61bc3a94fe:192.168.34.62:37037, 7c431f9d-51bc-458b-a3a6-511ec217d887:192.168.34.62:40420, b9cfa588-8e56-4331-be2f-4c26f25c6739:192.168.34.62:34777], old=null
2019-10-17 06:48:08,524 [grpc-default-executor-1] INFO  impl.RaftServerImpl (RaftServerImpl.java:setRole(184)) - 67f35358-9777-4ff9-96f4-8a61bc3a94fe@group-21BA9BD4283D: changes role from  FOLLOWER to FOLLOWER at term 269 for recognizeCandidate:7c431f9d-51bc-458b-a3a6-511ec217d887
2019-10-17 06:48:08,524 [grpc-default-executor-1] INFO  impl.RoleInfo (RoleInfo.java:shutdownFollowerState(121)) - 67f35358-9777-4ff9-96f4-8a61bc3a94fe: shutdown FollowerState
2019-10-17 06:48:08,524 [grpc-default-executor-3] INFO  impl.RaftServerImpl (RaftServerImpl.java:setRole(184)) - b9cfa588-8e56-4331-be2f-4c26f25c6739@group-21BA9BD4283D: changes role from  FOLLOWER to FOLLOWER at term 269 for recognizeCandidate:7c431f9d-51bc-458b-a3a6-511ec217d887
2019-10-17 06:48:08,525 [grpc-default-executor-3] INFO  impl.RoleInfo (RoleInfo.java:shutdownFollowerState(121)) - b9cfa588-8e56-4331-be2f-4c26f25c6739: shutdown FollowerState
2019-10-17 06:48:08,525 [Thread-2873] INFO  impl.FollowerState (FollowerState.java:run(117)) - 67f35358-9777-4ff9-96f4-8a61bc3a94fe@group-21BA9BD4283D-FollowerState was interrupted: java.lang.InterruptedException: sleep interrupted
2019-10-17 06:48:08,525 [Thread-2874] INFO  impl.FollowerState (FollowerState.java:run(117)) - b9cfa588-8e56-4331-be2f-4c26f25c6739@group-21BA9BD4283D-FollowerState was interrupted: java.lang.InterruptedException: sleep interrupted
2019-10-17 06:48:08,525 [grpc-default-executor-1] INFO  impl.RoleInfo (RoleInfo.java:updateAndGet(143)) - 67f35358-9777-4ff9-96f4-8a61bc3a94fe: start FollowerState
2019-10-17 06:48:08,525 [grpc-default-executor-3] INFO  impl.RoleInfo (RoleInfo.java:updateAndGet(143)) - b9cfa588-8e56-4331-be2f-4c26f25c6739: start FollowerState
2019-10-17 06:48:08,529 [7c431f9d-51bc-458b-a3a6-511ec217d887@group-21BA9BD4283D-LeaderElection321] INFO  impl.LeaderElection (LeaderElection.java:logAndReturn(56)) - 7c431f9d-51bc-458b-a3a6-511ec217d887@group-21BA9BD4283D-LeaderElection321: Election REJECTED; received 2 response(s) [7c431f9d-51bc-458b-a3a6-511ec217d887<-67f35358-9777-4ff9-96f4-8a61bc3a94fe#0:FAIL-t269, 7c431f9d-51bc-458b-a3a6-511ec217d887<-b9cfa588-8e56-4331-be2f-4c26f25c6739#0:FAIL-t269] and 0 exception(s); 7c431f9d-51bc-458b-a3a6-511ec217d887@group-21BA9BD4283D:t269, leader=null, voted=7c431f9d-51bc-458b-a3a6-511ec217d887, raftlog=7c431f9d-51bc-458b-a3a6-511ec217d887@group-21BA9BD4283D-SegmentedRaftLog:OPENED:c-1,f-1,i0, conf=-1: [67f35358-9777-4ff9-96f4-8a61bc3a94fe:192.168.34.62:37037, 7c431f9d-51bc-458b-a3a6-511ec217d887:192.168.34.62:40420, b9cfa588-8e56-4331-be2f-4c26f25c6739:192.168.34.62:34777], old=null
2019-10-17 06:48:08,529 [7c431f9d-51bc-458b-a3a6-511ec217d887@group-21BA9BD4283D-LeaderElection321] INFO  impl.RaftServerImpl (RaftServerImpl.java:setRole(184)) - 7c431f9d-51bc-458b-a3a6-511ec217d887@group-21BA9BD4283D: changes role from CANDIDATE to FOLLOWER at term 269 for DISCOVERED_A_NEW_TERM
2019-10-17 06:48:08,529 [7c431f9d-51bc-458b-a3a6-511ec217d887@group-21BA9BD4283D-LeaderElection321] INFO  impl.RoleInfo (RoleInfo.java:shutdownLeaderElection(134)) - 7c431f9d-51bc-458b-a3a6-511ec217d887: shutdown LeaderElection
2019-10-17 06:48:08,529 [7c431f9d-51bc-458b-a3a6-511ec217d887@group-21BA9BD4283D-LeaderElection321] INFO  impl.RoleInfo (RoleInfo.java:updateAndGet(143)) - 7c431f9d-51bc-458b-a3a6-511ec217d887: start FollowerState
2019-10-17 06:48:08,691 [Thread-2881] INFO  impl.FollowerState (FollowerState.java:run(108)) - 7c431f9d-51bc-458b-a3a6-511ec217d887@group-21BA9BD4283D-FollowerState: change to CANDIDATE, lastRpcTime:162ms, electionTimeout:162ms
2019-10-17 06:48:08,691 [Thread-2881] INFO  impl.RoleInfo (RoleInfo.java:shutdownFollowerState(121)) - 7c431f9d-51bc-458b-a3a6-511ec217d887: shutdown FollowerState
2019-10-17 06:48:08,692 [Thread-2881] INFO  impl.RaftServerImpl (RaftServerImpl.java:setRole(184)) - 7c431f9d-51bc-458b-a3a6-511ec217d887@group-21BA9BD4283D: changes role from  FOLLOWER to CANDIDATE at term 269 for changeToCandidate
2019-10-17 06:48:08,692 [Thread-2881] INFO  impl.RoleInfo (RoleInfo.java:updateAndGet(143)) - 7c431f9d-51bc-458b-a3a6-511ec217d887: start LeaderElection
2019-10-17 06:48:08,706 [7c431f9d-51bc-458b-a3a6-511ec217d887@group-21BA9BD4283D-LeaderElection322] INFO  impl.LeaderElection (LeaderElection.java:askForVotes(178)) - 7c431f9d-51bc-458b-a3a6-511ec217d887@group-21BA9BD4283D-LeaderElection322: begin an election at term 270 for -1: [67f35358-9777-4ff9-96f4-8a61bc3a94fe:192.168.34.62:37037, 7c431f9d-51bc-458b-a3a6-511ec217d887:192.168.34.62:40420, b9cfa588-8e56-4331-be2f-4c26f25c6739:192.168.34.62:34777], old=null
2019-10-17 06:48:08,708 [grpc-default-executor-1] INFO  impl.RaftServerImpl (RaftServerImpl.java:setRole(184)) - b9cfa588-8e56-4331-be2f-4c26f25c6739@group-21BA9BD4283D: changes role from  FOLLOWER to FOLLOWER at term 270 for recognizeCandidate:7c431f9d-51bc-458b-a3a6-511ec217d887
2019-10-17 06:48:08,708 [grpc-default-executor-1] INFO  impl.RoleInfo (RoleInfo.java:shutdownFollowerState(121)) - b9cfa588-8e56-4331-be2f-4c26f25c6739: shutdown FollowerState
2019-10-17 06:48:08,708 [grpc-default-executor-3] INFO  impl.RaftServerImpl (RaftServerImpl.java:setRole(184)) - 67f35358-9777-4ff9-96f4-8a61bc3a94fe@group-21BA9BD4283D: changes role from  FOLLOWER to FOLLOWER at term 270 for recognizeCandidate:7c431f9d-51bc-458b-a3a6-511ec217d887
2019-10-17 06:48:08,708 [Thread-2880] INFO  impl.FollowerState (FollowerState.java:run(117)) - b9cfa588-8e56-4331-be2f-4c26f25c6739@group-21BA9BD4283D-FollowerState was interrupted: java.lang.InterruptedException: sleep interrupted
2019-10-17 06:48:08,708 [grpc-default-executor-1] INFO  impl.RoleInfo (RoleInfo.java:updateAndGet(143)) - b9cfa588-8e56-4331-be2f-4c26f25c6739: start FollowerState
2019-10-17 06:48:08,708 [grpc-default-executor-3] INFO  impl.RoleInfo (RoleInfo.java:shutdownFollowerState(121)) - 67f35358-9777-4ff9-96f4-8a61bc3a94fe: shutdown FollowerState
2019-10-17 06:48:08,709 [grpc-default-executor-3] INFO  impl.RoleInfo (RoleInfo.java:updateAndGet(143)) - 67f35358-9777-4ff9-96f4-8a61bc3a94fe: start FollowerState
2019-10-17 06:48:08,709 [Thread-2879] INFO  impl.FollowerState (FollowerState.java:run(117)) - 67f35358-9777-4ff9-96f4-8a61bc3a94fe@group-21BA9BD4283D-FollowerState was interrupted: java.lang.InterruptedException: sleep interrupted
2019-10-17 06:48:08,722 [7c431f9d-51bc-458b-a3a6-511ec217d887@group-21BA9BD4283D-LeaderElection322] INFO  impl.LeaderElection (LeaderElection.java:logAndReturn(56)) - 7c431f9d-51bc-458b-a3a6-511ec217d887@group-21BA9BD4283D-LeaderElection322: Election REJECTED; received 2 response(s) [7c431f9d-51bc-458b-a3a6-511ec217d887<-67f35358-9777-4ff9-96f4-8a61bc3a94fe#0:FAIL-t270, 7c431f9d-51bc-458b-a3a6-511ec217d887<-b9cfa588-8e56-4331-be2f-4c26f25c6739#0:FAIL-t270] and 0 exception(s); 7c431f9d-51bc-458b-a3a6-511ec217d887@group-21BA9BD4283D:t270, leader=null, voted=7c431f9d-51bc-458b-a3a6-511ec217d887, raftlog=7c431f9d-51bc-458b-a3a6-511ec217d887@group-21BA9BD4283D-SegmentedRaftLog:OPENED:c-1,f-1,i0, conf=-1: [67f35358-9777-4ff9-96f4-8a61bc3a94fe:192.168.34.62:37037, 7c431f9d-51bc-458b-a3a6-511ec217d887:192.168.34.62:40420, b9cfa588-8e56-4331-be2f-4c26f25c6739:192.168.34.62:34777], old=null
2019-10-17 06:48:08,722 [7c431f9d-51bc-458b-a3a6-511ec217d887@group-21BA9BD4283D-LeaderElection322] INFO  impl.RaftServerImpl (RaftServerImpl.java:setRole(184)) - 7c431f9d-51bc-458b-a3a6-511ec217d887@group-21BA9BD4283D: changes role from CANDIDATE to FOLLOWER at term 270 for DISCOVERED_A_NEW_TERM
2019-10-17 06:48:08,722 [7c431f9d-51bc-458b-a3a6-511ec217d887@group-21BA9BD4283D-LeaderElection322] INFO  impl.RoleInfo (RoleInfo.java:shutdownLeaderElection(134)) - 7c431f9d-51bc-458b-a3a6-511ec217d887: shutdown LeaderElection
2019-10-17 06:48:08,722 [7c431f9d-51bc-458b-a3a6-511ec217d887@group-21BA9BD4283D-LeaderElection322] INFO  impl.RoleInfo (RoleInfo.java:updateAndGet(143)) - 7c431f9d-51bc-458b-a3a6-511ec217d887: start FollowerState
2019-10-17 06:48:08,753 [Thread-2887] INFO  impl.FollowerState (FollowerState.java:run(108)) - 7c431f9d-51bc-458b-a3a6-511ec217d887@group-21BA9BD4283D-FollowerState: change to CANDIDATE, lastRpcTime:30ms, electionTimeout:30ms
2019-10-17 06:48:08,753 [Thread-2887] INFO  impl.RoleInfo (RoleInfo.java:shutdownFollowerState(121)) - 7c431f9d-51bc-458b-a3a6-511ec217d887: shutdown FollowerState
2019-10-17 06:48:08,753 [Thread-2887] INFO  impl.RaftServerImpl (RaftServerImpl.java:setRole(184)) - 7c431f9d-51bc-458b-a3a6-511ec217d887@group-21BA9BD4283D: changes role from  FOLLOWER to CANDIDATE at term 270 for changeToCandidate
2019-10-17 06:48:08,753 [Thread-2887] INFO  impl.RoleInfo (RoleInfo.java:updateAndGet(143)) - 7c431f9d-51bc-458b-a3a6-511ec217d887: start LeaderElection
2019-10-17 06:48:08,756 [7c431f9d-51bc-458b-a3a6-511ec217d887@group-21BA9BD4283D-LeaderElection323] INFO  impl.LeaderElection (LeaderElection.java:askForVotes(178)) - 7c431f9d-51bc-458b-a3a6-511ec217d887@group-21BA9BD4283D-LeaderElection323: begin an election at term 271 for -1: [67f35358-9777-4ff9-96f4-8a61bc3a94fe:192.168.34.62:37037, 7c431f9d-51bc-458b-a3a6-511ec217d887:192.168.34.62:40420, b9cfa588-8e56-4331-be2f-4c26f25c6739:192.168.34.62:34777], old=null
2019-10-17 06:48:08,757 [grpc-default-executor-1] INFO  impl.RaftServerImpl (RaftServerImpl.java:setRole(184)) - 67f35358-9777-4ff9-96f4-8a61bc3a94fe@group-21BA9BD4283D: changes role from  FOLLOWER to FOLLOWER at term 271 for recognizeCandidate:7c431f9d-51bc-458b-a3a6-511ec217d887
2019-10-17 06:48:08,757 [grpc-default-executor-1] INFO  impl.RoleInfo (RoleInfo.java:shutdownFollowerState(121)) - 67f35358-9777-4ff9-96f4-8a61bc3a94fe: shutdown FollowerState
2019-10-17 06:48:08,757 [grpc-default-executor-1] INFO  impl.RoleInfo (RoleInfo.java:updateAndGet(143)) - 67f35358-9777-4ff9-96f4-8a61bc3a94fe: start FollowerState
2019-10-17 06:48:08,757 [Thread-2886] INFO  impl.FollowerState (FollowerState.java:run(117)) - 67f35358-9777-4ff9-96f4-8a61bc3a94fe@group-21BA9BD4283D-FollowerState was interrupted: java.lang.InterruptedException: sleep interrupted
2019-10-17 06:48:08,757 [grpc-default-executor-3] INFO  impl.RaftServerImpl (RaftServerImpl.java:setRole(184)) - b9cfa588-8e56-4331-be2f-4c26f25c6739@group-21BA9BD4283D: changes role from  FOLLOWER to FOLLOWER at term 271 for recognizeCandidate:7c431f9d-51bc-458b-a3a6-511ec217d887
2019-10-17 06:48:08,758 [grpc-default-executor-3] INFO  impl.RoleInfo (RoleInfo.java:shutdownFollowerState(121)) - b9cfa588-8e56-4331-be2f-4c26f25c6739: shutdown FollowerState
2019-10-17 06:48:08,758 [grpc-default-executor-3] INFO  impl.RoleInfo (RoleInfo.java:updateAndGet(143)) - b9cfa588-8e56-4331-be2f-4c26f25c6739: start FollowerState
2019-10-17 06:48:08,758 [Thread-2885] INFO  impl.FollowerState (FollowerState.java:run(117)) - b9cfa588-8e56-4331-be2f-4c26f25c6739@group-21BA9BD4283D-FollowerState was interrupted: java.lang.InterruptedException: sleep interrupted
2019-10-17 06:48:08,770 [7c431f9d-51bc-458b-a3a6-511ec217d887@group-21BA9BD4283D-LeaderElection323] INFO  impl.LeaderElection (LeaderElection.java:logAndReturn(56)) - 7c431f9d-51bc-458b-a3a6-511ec217d887@group-21BA9BD4283D-LeaderElection323: Election REJECTED; received 2 response(s) [7c431f9d-51bc-458b-a3a6-511ec217d887<-67f35358-9777-4ff9-96f4-8a61bc3a94fe#0:FAIL-t271, 7c431f9d-51bc-458b-a3a6-511ec217d887<-b9cfa588-8e56-4331-be2f-4c26f25c6739#0:FAIL-t271] and 0 exception(s); 7c431f9d-51bc-458b-a3a6-511ec217d887@group-21BA9BD4283D:t271, leader=null, voted=7c431f9d-51bc-458b-a3a6-511ec217d887, raftlog=7c431f9d-51bc-458b-a3a6-511ec217d887@group-21BA9BD4283D-SegmentedRaftLog:OPENED:c-1,f-1,i0, conf=-1: [67f35358-9777-4ff9-96f4-8a61bc3a94fe:192.168.34.62:37037, 7c431f9d-51bc-458b-a3a6-511ec217d887:192.168.34.62:40420, b9cfa588-8e56-4331-be2f-4c26f25c6739:192.168.34.62:34777], old=null
2019-10-17 06:48:08,771 [7c431f9d-51bc-458b-a3a6-511ec217d887@group-21BA9BD4283D-LeaderElection323] INFO  impl.RaftServerImpl (RaftServerImpl.java:setRole(184)) - 7c431f9d-51bc-458b-a3a6-511ec217d887@group-21BA9BD4283D: changes role from CANDIDATE to FOLLOWER at term 271 for DISCOVERED_A_NEW_TERM
2019-10-17 06:48:08,771 [7c431f9d-51bc-458b-a3a6-511ec217d887@group-21BA9BD4283D-LeaderElection323] INFO  impl.RoleInfo (RoleInfo.java:shutdownLeaderElection(134)) - 7c431f9d-51bc-458b-a3a6-511ec217d887: shutdown LeaderElection
2019-10-17 06:48:08,771 [7c431f9d-51bc-458b-a3a6-511ec217d887@group-21BA9BD4283D-LeaderElection323] INFO  impl.RoleInfo (RoleInfo.java:updateAndGet(143)) - 7c431f9d-51bc-458b-a3a6-511ec217d887: start FollowerState
2019-10-17 06:48:08,851 [Thread-2893] INFO  impl.FollowerState (FollowerState.java:run(108)) - 7c431f9d-51bc-458b-a3a6-511ec217d887@group-21BA9BD4283D-FollowerState: change to CANDIDATE, lastRpcTime:80ms, electionTimeout:80ms
2019-10-17 06:48:08,851 [Thread-2893] INFO  impl.RoleInfo (RoleInfo.java:shutdownFollowerState(121)) - 7c431f9d-51bc-458b-a3a6-511ec217d887: shutdown FollowerState
2019-10-17 06:48:08,851 [Thread-2893] INFO  impl.RaftServerImpl (RaftServerImpl.java:setRole(184)) - 7c431f9d-51bc-458b-a3a6-511ec217d887@group-21BA9BD4283D: changes role from  FOLLOWER to CANDIDATE at term 271 for changeToCandidate
2019-10-17 06:48:08,852 [Thread-2893] INFO  impl.RoleInfo (RoleInfo.java:updateAndGet(143)) - 7c431f9d-51bc-458b-a3a6-511ec217d887: start LeaderElection
2019-10-17 06:48:08,880 [7c431f9d-51bc-458b-a3a6-511ec217d887@group-21BA9BD4283D-LeaderElection324] INFO  impl.LeaderElection (LeaderElection.java:askForVotes(178)) - 7c431f9d-51bc-458b-a3a6-511ec217d887@group-21BA9BD4283D-LeaderElection324: begin an election at term 272 for -1: [67f35358-9777-4ff9-96f4-8a61bc3a94fe:192.168.34.62:37037, 7c431f9d-51bc-458b-a3a6-511ec217d887:192.168.34.62:40420, b9cfa588-8e56-4331-be2f-4c26f25c6739:192.168.34.62:34777], old=null
2019-10-17 06:48:08,882 [grpc-default-executor-1] INFO  impl.RaftServerImpl (RaftServerImpl.java:setRole(184)) - 67f35358-9777-4ff9-96f4-8a61bc3a94fe@group-21BA9BD4283D: changes role from  FOLLOWER to FOLLOWER at term 272 for recognizeCandidate:7c431f9d-51bc-458b-a3a6-511ec217d887
2019-10-17 06:48:08,882 [grpc-default-executor-3] INFO  impl.RaftServerImpl (RaftServerImpl.java:setRole(184)) - b9cfa588-8e56-4331-be2f-4c26f25c6739@group-21BA9BD4283D: changes role from  FOLLOWER to FOLLOWER at term 272 for recognizeCandidate:7c431f9d-51bc-458b-a3a6-511ec217d887
2019-10-17 06:48:08,882 [grpc-default-executor-3] INFO  impl.RoleInfo (RoleInfo.java:shutdownFollowerState(121)) - b9cfa588-8e56-4331-be2f-4c26f25c6739: shutdown FollowerState
2019-10-17 06:48:08,882 [grpc-default-executor-1] INFO  impl.RoleInfo (RoleInfo.java:shutdownFollowerState(121)) - 67f35358-9777-4ff9-96f4-8a61bc3a94fe: shutdown FollowerState
2019-10-17 06:48:08,882 [Thread-2892] INFO  impl.FollowerState (FollowerState.java:run(117)) - b9cfa588-8e56-4331-be2f-4c26f25c6739@group-21BA9BD4283D-FollowerState was interrupted: java.lang.InterruptedException: sleep interrupted
2019-10-17 06:48:08,882 [grpc-default-executor-3] INFO  impl.RoleInfo (RoleInfo.java:updateAndGet(143)) - b9cfa588-8e56-4331-be2f-4c26f25c6739: start FollowerState
2019-10-17 06:48:08,883 [Thread-2891] INFO  impl.FollowerState (FollowerState.java:run(117)) - 67f35358-9777-4ff9-96f4-8a61bc3a94fe@group-21BA9BD4283D-FollowerState was interrupted: java.lang.InterruptedException: sleep interrupted
2019-10-17 06:48:08,883 [grpc-default-executor-1] INFO  impl.RoleInfo (RoleInfo.java:updateAndGet(143)) - 67f35358-9777-4ff9-96f4-8a61bc3a94fe: start FollowerState
2019-10-17 06:48:08,897 [7c431f9d-51bc-458b-a3a6-511ec217d887@group-21BA9BD4283D-LeaderElection324] INFO  impl.LeaderElection (LeaderElection.java:logAndReturn(56)) - 7c431f9d-51bc-458b-a3a6-511ec217d887@group-21BA9BD4283D-LeaderElection324: Election REJECTED; received 2 response(s) [7c431f9d-51bc-458b-a3a6-511ec217d887<-67f35358-9777-4ff9-96f4-8a61bc3a94fe#0:FAIL-t272, 7c431f9d-51bc-458b-a3a6-511ec217d887<-b9cfa588-8e56-4331-be2f-4c26f25c6739#0:FAIL-t272] and 0 exception(s); 7c431f9d-51bc-458b-a3a6-511ec217d887@group-21BA9BD4283D:t272, leader=null, voted=7c431f9d-51bc-458b-a3a6-511ec217d887, raftlog=7c431f9d-51bc-458b-a3a6-511ec217d887@group-21BA9BD4283D-SegmentedRaftLog:OPENED:c-1,f-1,i0, conf=-1: [67f35358-9777-4ff9-96f4-8a61bc3a94fe:192.168.34.62:37037, 7c431f9d-51bc-458b-a3a6-511ec217d887:192.168.34.62:40420, b9cfa588-8e56-4331-be2f-4c26f25c6739:192.168.34.62:34777], old=null
2019-10-17 06:48:08,897 [7c431f9d-51bc-458b-a3a6-511ec217d887@group-21BA9BD4283D-LeaderElection324] INFO  impl.RaftServerImpl (RaftServerImpl.java:setRole(184)) - 7c431f9d-51bc-458b-a3a6-511ec217d887@group-21BA9BD4283D: changes role from CANDIDATE to FOLLOWER at term 272 for DISCOVERED_A_NEW_TERM
2019-10-17 06:48:08,897 [7c431f9d-51bc-458b-a3a6-511ec217d887@group-21BA9BD4283D-LeaderElection324] INFO  impl.RoleInfo (RoleInfo.java:shutdownLeaderElection(134)) - 7c431f9d-51bc-458b-a3a6-511ec217d887: shutdown LeaderElection
2019-10-17 06:48:08,897 [7c431f9d-51bc-458b-a3a6-511ec217d887@group-21BA9BD4283D-LeaderElection324] INFO  impl.RoleInfo (RoleInfo.java:updateAndGet(143)) - 7c431f9d-51bc-458b-a3a6-511ec217d887: start FollowerState
2019-10-17 06:48:09,036 [Thread-2899] INFO  impl.FollowerState (FollowerState.java:run(108)) - 7c431f9d-51bc-458b-a3a6-511ec217d887@group-21BA9BD4283D-FollowerState: change to CANDIDATE, lastRpcTime:138ms, electionTimeout:138ms
2019-10-17 06:48:09,036 [Thread-2899] INFO  impl.RoleInfo (RoleInfo.java:shutdownFollowerState(121)) - 7c431f9d-51bc-458b-a3a6-511ec217d887: shutdown FollowerState
2019-10-17 06:48:09,036 [Thread-2899] INFO  impl.RaftServerImpl (RaftServerImpl.java:setRole(184)) - 7c431f9d-51bc-458b-a3a6-511ec217d887@group-21BA9BD4283D: changes role from  FOLLOWER to CANDIDATE at term 272 for changeToCandidate
2019-10-17 06:48:09,036 [Thread-2899] INFO  impl.RoleInfo (RoleInfo.java:updateAndGet(143)) - 7c431f9d-51bc-458b-a3a6-511ec217d887: start LeaderElection
2019-10-17 06:48:09,062 [7c431f9d-51bc-458b-a3a6-511ec217d887@group-21BA9BD4283D-LeaderElection325] INFO  impl.LeaderElection (LeaderElection.java:askForVotes(178)) - 7c431f9d-51bc-458b-a3a6-511ec217d887@group-21BA9BD4283D-LeaderElection325: begin an election at term 273 for -1: [67f35358-9777-4ff9-96f4-8a61bc3a94fe:192.168.34.62:37037, 7c431f9d-51bc-458b-a3a6-511ec217d887:192.168.34.62:40420, b9cfa588-8e56-4331-be2f-4c26f25c6739:192.168.34.62:34777], old=null
2019-10-17 06:48:09,063 [grpc-default-executor-3] INFO  impl.RaftServerImpl (RaftServerImpl.java:setRole(184)) - 67f35358-9777-4ff9-96f4-8a61bc3a94fe@group-21BA9BD4283D: changes role from  FOLLOWER to FOLLOWER at term 273 for recognizeCandidate:7c431f9d-51bc-458b-a3a6-511ec217d887
2019-10-17 06:48:09,063 [grpc-default-executor-1] INFO  impl.RaftServerImpl (RaftServerImpl.java:setRole(184)) - b9cfa588-8e56-4331-be2f-4c26f25c6739@group-21BA9BD4283D: changes role from  FOLLOWER to FOLLOWER at term 273 for recognizeCandidate:7c431f9d-51bc-458b-a3a6-511ec217d887
2019-10-17 06:48:09,063 [grpc-default-executor-1] INFO  impl.RoleInfo (RoleInfo.java:shutdownFollowerState(121)) - b9cfa588-8e56-4331-be2f-4c26f25c6739: shutdown FollowerState
2019-10-17 06:48:09,063 [grpc-default-executor-3] INFO  impl.RoleInfo (RoleInfo.java:shutdownFollowerState(121)) - 67f35358-9777-4ff9-96f4-8a61bc3a94fe: shutdown FollowerState
2019-10-17 06:48:09,063 [Thread-2897] INFO  impl.FollowerState (FollowerState.java:run(117)) - b9cfa588-8e56-4331-be2f-4c26f25c6739@group-21BA9BD4283D-FollowerState was interrupted: java.lang.InterruptedException: sleep interrupted
2019-10-17 06:48:09,063 [grpc-default-executor-1] INFO  impl.RoleInfo (RoleInfo.java:updateAndGet(143)) - b9cfa588-8e56-4331-be2f-4c26f25c6739: start FollowerState
2019-10-17 06:48:09,064 [Thread-2898] INFO  impl.FollowerState (FollowerState.java:run(117)) - 67f35358-9777-4ff9-96f4-8a61bc3a94fe@group-21BA9BD4283D-FollowerState was interrupted: java.lang.InterruptedException: sleep interrupted
2019-10-17 06:48:09,064 [grpc-default-executor-3] INFO  impl.RoleInfo (RoleInfo.java:updateAndGet(143)) - 67f35358-9777-4ff9-96f4-8a61bc3a94fe: start FollowerState
2019-10-17 06:48:09,076 [7c431f9d-51bc-458b-a3a6-511ec217d887@group-21BA9BD4283D-LeaderElection325] INFO  impl.LeaderElection (LeaderElection.java:logAndReturn(56)) - 7c431f9d-51bc-458b-a3a6-511ec217d887@group-21BA9BD4283D-LeaderElection325: Election REJECTED; received 2 response(s) [7c431f9d-51bc-458b-a3a6-511ec217d887<-67f35358-9777-4ff9-96f4-8a61bc3a94fe#0:FAIL-t273, 7c431f9d-51bc-458b-a3a6-511ec217d887<-b9cfa588-8e56-4331-be2f-4c26f25c6739#0:FAIL-t273] and 0 exception(s); 7c431f9d-51bc-458b-a3a6-511ec217d887@group-21BA9BD4283D:t273, leader=null, voted=7c431f9d-51bc-458b-a3a6-511ec217d887, raftlog=7c431f9d-51bc-458b-a3a6-511ec217d887@group-21BA9BD4283D-SegmentedRaftLog:OPENED:c-1,f-1,i0, conf=-1: [67f35358-9777-4ff9-96f4-8a61bc3a94fe:192.168.34.62:37037, 7c431f9d-51bc-458b-a3a6-511ec217d887:192.168.34.62:40420, b9cfa588-8e56-4331-be2f-4c26f25c6739:192.168.34.62:34777], old=null
2019-10-17 06:48:09,076 [7c431f9d-51bc-458b-a3a6-511ec217d887@group-21BA9BD4283D-LeaderElection325] INFO  impl.RaftServerImpl (RaftServerImpl.java:setRole(184)) - 7c431f9d-51bc-458b-a3a6-511ec217d887@group-21BA9BD4283D: changes role from CANDIDATE to FOLLOWER at term 273 for DISCOVERED_A_NEW_TERM
2019-10-17 06:48:09,076 [7c431f9d-51bc-458b-a3a6-511ec217d887@group-21BA9BD4283D-LeaderElection325] INFO  impl.RoleInfo (RoleInfo.java:shutdownLeaderElection(134)) - 7c431f9d-51bc-458b-a3a6-511ec217d887: shutdown LeaderElection
2019-10-17 06:48:09,076 [7c431f9d-51bc-458b-a3a6-511ec217d887@group-21BA9BD4283D-LeaderElection325] INFO  impl.RoleInfo (RoleInfo.java:updateAndGet(143)) - 7c431f9d-51bc-458b-a3a6-511ec217d887: start FollowerState
2019-10-17 06:48:09,104 [main] INFO  ozone.MiniOzoneClusterImpl (MiniOzoneClusterImpl.java:lambda$waitForClusterToBeReady$2(164)) - Waiting for 1 number of pipelines out of 4, to report a leader.
2019-10-17 06:48:09,198 [Thread-2905] INFO  impl.FollowerState (FollowerState.java:run(108)) - 7c431f9d-51bc-458b-a3a6-511ec217d887@group-21BA9BD4283D-FollowerState: change to CANDIDATE, lastRpcTime:122ms, electionTimeout:122ms
2019-10-17 06:48:09,198 [Thread-2905] INFO  impl.RoleInfo (RoleInfo.java:shutdownFollowerState(121)) - 7c431f9d-51bc-458b-a3a6-511ec217d887: shutdown FollowerState
2019-10-17 06:48:09,199 [Thread-2905] INFO  impl.RaftServerImpl (RaftServerImpl.java:setRole(184)) - 7c431f9d-51bc-458b-a3a6-511ec217d887@group-21BA9BD4283D: changes role from  FOLLOWER to CANDIDATE at term 273 for changeToCandidate
2019-10-17 06:48:09,199 [Thread-2905] INFO  impl.RoleInfo (RoleInfo.java:updateAndGet(143)) - 7c431f9d-51bc-458b-a3a6-511ec217d887: start LeaderElection
2019-10-17 06:48:09,235 [7c431f9d-51bc-458b-a3a6-511ec217d887@group-21BA9BD4283D-LeaderElection326] INFO  impl.LeaderElection (LeaderElection.java:askForVotes(178)) - 7c431f9d-51bc-458b-a3a6-511ec217d887@group-21BA9BD4283D-LeaderElection326: begin an election at term 274 for -1: [67f35358-9777-4ff9-96f4-8a61bc3a94fe:192.168.34.62:37037, 7c431f9d-51bc-458b-a3a6-511ec217d887:192.168.34.62:40420, b9cfa588-8e56-4331-be2f-4c26f25c6739:192.168.34.62:34777], old=null
2019-10-17 06:48:09,236 [grpc-default-executor-1] INFO  impl.RaftServerImpl (RaftServerImpl.java:setRole(184)) - 67f35358-9777-4ff9-96f4-8a61bc3a94fe@group-21BA9BD4283D: changes role from  FOLLOWER to FOLLOWER at term 274 for recognizeCandidate:7c431f9d-51bc-458b-a3a6-511ec217d887
2019-10-17 06:48:09,236 [grpc-default-executor-3] INFO  impl.RaftServerImpl (RaftServerImpl.java:setRole(184)) - b9cfa588-8e56-4331-be2f-4c26f25c6739@group-21BA9BD4283D: changes role from  FOLLOWER to FOLLOWER at term 274 for recognizeCandidate:7c431f9d-51bc-458b-a3a6-511ec217d887
2019-10-17 06:48:09,236 [grpc-default-executor-3] INFO  impl.RoleInfo (RoleInfo.java:shutdownFollowerState(121)) - b9cfa588-8e56-4331-be2f-4c26f25c6739: shutdown FollowerState
2019-10-17 06:48:09,236 [grpc-default-executor-1] INFO  impl.RoleInfo (RoleInfo.java:shutdownFollowerState(121)) - 67f35358-9777-4ff9-96f4-8a61bc3a94fe: shutdown FollowerState
2019-10-17 06:48:09,237 [Thread-2903] INFO  impl.FollowerState (FollowerState.java:run(117)) - b9cfa588-8e56-4331-be2f-4c26f25c6739@group-21BA9BD4283D-FollowerState was interrupted: java.lang.InterruptedException: sleep interrupted
2019-10-17 06:48:09,237 [grpc-default-executor-3] INFO  impl.RoleInfo (RoleInfo.java:updateAndGet(143)) - b9cfa588-8e56-4331-be2f-4c26f25c6739: start FollowerState
2019-10-17 06:48:09,237 [grpc-default-executor-1] INFO  impl.RoleInfo (RoleInfo.java:updateAndGet(143)) - 67f35358-9777-4ff9-96f4-8a61bc3a94fe: start FollowerState
2019-10-17 06:48:09,237 [Thread-2904] INFO  impl.FollowerState (FollowerState.java:run(117)) - 67f35358-9777-4ff9-96f4-8a61bc3a94fe@group-21BA9BD4283D-FollowerState was interrupted: java.lang.InterruptedException: sleep interrupted
2019-10-17 06:48:09,250 [7c431f9d-51bc-458b-a3a6-511ec217d887@group-21BA9BD4283D-LeaderElection326] INFO  impl.LeaderElection (LeaderElection.java:logAndReturn(56)) - 7c431f9d-51bc-458b-a3a6-511ec217d887@group-21BA9BD4283D-LeaderElection326: Election REJECTED; received 2 response(s) [7c431f9d-51bc-458b-a3a6-511ec217d887<-67f35358-9777-4ff9-96f4-8a61bc3a94fe#0:FAIL-t274, 7c431f9d-51bc-458b-a3a6-511ec217d887<-b9cfa588-8e56-4331-be2f-4c26f25c6739#0:FAIL-t274] and 0 exception(s); 7c431f9d-51bc-458b-a3a6-511ec217d887@group-21BA9BD4283D:t274, leader=null, voted=7c431f9d-51bc-458b-a3a6-511ec217d887, raftlog=7c431f9d-51bc-458b-a3a6-511ec217d887@group-21BA9BD4283D-SegmentedRaftLog:OPENED:c-1,f-1,i0, conf=-1: [67f35358-9777-4ff9-96f4-8a61bc3a94fe:192.168.34.62:37037, 7c431f9d-51bc-458b-a3a6-511ec217d887:192.168.34.62:40420, b9cfa588-8e56-4331-be2f-4c26f25c6739:192.168.34.62:34777], old=null
2019-10-17 06:48:09,250 [7c431f9d-51bc-458b-a3a6-511ec217d887@group-21BA9BD4283D-LeaderElection326] INFO  impl.RaftServerImpl (RaftServerImpl.java:setRole(184)) - 7c431f9d-51bc-458b-a3a6-511ec217d887@group-21BA9BD4283D: changes role from CANDIDATE to FOLLOWER at term 274 for DISCOVERED_A_NEW_TERM
2019-10-17 06:48:09,250 [7c431f9d-51bc-458b-a3a6-511ec217d887@group-21BA9BD4283D-LeaderElection326] INFO  impl.RoleInfo (RoleInfo.java:shutdownLeaderElection(134)) - 7c431f9d-51bc-458b-a3a6-511ec217d887: shutdown LeaderElection
2019-10-17 06:48:09,250 [7c431f9d-51bc-458b-a3a6-511ec217d887@group-21BA9BD4283D-LeaderElection326] INFO  impl.RoleInfo (RoleInfo.java:updateAndGet(143)) - 7c431f9d-51bc-458b-a3a6-511ec217d887: start FollowerState
2019-10-17 06:48:09,406 [Thread-2911] INFO  impl.FollowerState (FollowerState.java:run(108)) - 7c431f9d-51bc-458b-a3a6-511ec217d887@group-21BA9BD4283D-FollowerState: change to CANDIDATE, lastRpcTime:155ms, electionTimeout:155ms
2019-10-17 06:48:09,406 [Thread-2911] INFO  impl.RoleInfo (RoleInfo.java:shutdownFollowerState(121)) - 7c431f9d-51bc-458b-a3a6-511ec217d887: shutdown FollowerState
2019-10-17 06:48:09,406 [Thread-2911] INFO  impl.RaftServerImpl (RaftServerImpl.java:setRole(184)) - 7c431f9d-51bc-458b-a3a6-511ec217d887@group-21BA9BD4283D: changes role from  FOLLOWER to CANDIDATE at term 274 for changeToCandidate
2019-10-17 06:48:09,406 [Thread-2911] INFO  impl.RoleInfo (RoleInfo.java:updateAndGet(143)) - 7c431f9d-51bc-458b-a3a6-511ec217d887: start LeaderElection
2019-10-17 06:48:09,415 [7c431f9d-51bc-458b-a3a6-511ec217d887@group-21BA9BD4283D-LeaderElection327] INFO  impl.LeaderElection (LeaderElection.java:askForVotes(178)) - 7c431f9d-51bc-458b-a3a6-511ec217d887@group-21BA9BD4283D-LeaderElection327: begin an election at term 275 for -1: [67f35358-9777-4ff9-96f4-8a61bc3a94fe:192.168.34.62:37037, 7c431f9d-51bc-458b-a3a6-511ec217d887:192.168.34.62:40420, b9cfa588-8e56-4331-be2f-4c26f25c6739:192.168.34.62:34777], old=null
2019-10-17 06:48:09,417 [grpc-default-executor-3] INFO  impl.RaftServerImpl (RaftServerImpl.java:setRole(184)) - b9cfa588-8e56-4331-be2f-4c26f25c6739@group-21BA9BD4283D: changes role from  FOLLOWER to FOLLOWER at term 275 for recognizeCandidate:7c431f9d-51bc-458b-a3a6-511ec217d887
2019-10-17 06:48:09,417 [grpc-default-executor-3] INFO  impl.RoleInfo (RoleInfo.java:shutdownFollowerState(121)) - b9cfa588-8e56-4331-be2f-4c26f25c6739: shutdown FollowerState
2019-10-17 06:48:09,417 [grpc-default-executor-1] INFO  impl.RaftServerImpl (RaftServerImpl.java:setRole(184)) - 67f35358-9777-4ff9-96f4-8a61bc3a94fe@group-21BA9BD4283D: changes role from  FOLLOWER to FOLLOWER at term 275 for recognizeCandidate:7c431f9d-51bc-458b-a3a6-511ec217d887
2019-10-17 06:48:09,417 [Thread-2909] INFO  impl.FollowerState (FollowerState.java:run(117)) - b9cfa588-8e56-4331-be2f-4c26f25c6739@group-21BA9BD4283D-FollowerState was interrupted: java.lang.InterruptedException: sleep interrupted
2019-10-17 06:48:09,417 [grpc-default-executor-3] INFO  impl.RoleInfo (RoleInfo.java:updateAndGet(143)) - b9cfa588-8e56-4331-be2f-4c26f25c6739: start FollowerState
2019-10-17 06:48:09,417 [grpc-default-executor-1] INFO  impl.RoleInfo (RoleInfo.java:shutdownFollowerState(121)) - 67f35358-9777-4ff9-96f4-8a61bc3a94fe: shutdown FollowerState
2019-10-17 06:48:09,418 [grpc-default-executor-1] INFO  impl.RoleInfo (RoleInfo.java:updateAndGet(143)) - 67f35358-9777-4ff9-96f4-8a61bc3a94fe: start FollowerState
2019-10-17 06:48:09,418 [Thread-2910] INFO  impl.FollowerState (FollowerState.java:run(117)) - 67f35358-9777-4ff9-96f4-8a61bc3a94fe@group-21BA9BD4283D-FollowerState was interrupted: java.lang.InterruptedException: sleep interrupted
2019-10-17 06:48:09,431 [7c431f9d-51bc-458b-a3a6-511ec217d887@group-21BA9BD4283D-LeaderElection327] INFO  impl.LeaderElection (LeaderElection.java:logAndReturn(56)) - 7c431f9d-51bc-458b-a3a6-511ec217d887@group-21BA9BD4283D-LeaderElection327: Election REJECTED; received 2 response(s) [7c431f9d-51bc-458b-a3a6-511ec217d887<-67f35358-9777-4ff9-96f4-8a61bc3a94fe#0:FAIL-t275, 7c431f9d-51bc-458b-a3a6-511ec217d887<-b9cfa588-8e56-4331-be2f-4c26f25c6739#0:FAIL-t275] and 0 exception(s); 7c431f9d-51bc-458b-a3a6-511ec217d887@group-21BA9BD4283D:t275, leader=null, voted=7c431f9d-51bc-458b-a3a6-511ec217d887, raftlog=7c431f9d-51bc-458b-a3a6-511ec217d887@group-21BA9BD4283D-SegmentedRaftLog:OPENED:c-1,f-1,i0, conf=-1: [67f35358-9777-4ff9-96f4-8a61bc3a94fe:192.168.34.62:37037, 7c431f9d-51bc-458b-a3a6-511ec217d887:192.168.34.62:40420, b9cfa588-8e56-4331-be2f-4c26f25c6739:192.168.34.62:34777], old=null
2019-10-17 06:48:09,431 [7c431f9d-51bc-458b-a3a6-511ec217d887@group-21BA9BD4283D-LeaderElection327] INFO  impl.RaftServerImpl (RaftServerImpl.java:setRole(184)) - 7c431f9d-51bc-458b-a3a6-511ec217d887@group-21BA9BD4283D: changes role from CANDIDATE to FOLLOWER at term 275 for DISCOVERED_A_NEW_TERM
2019-10-17 06:48:09,431 [7c431f9d-51bc-458b-a3a6-511ec217d887@group-21BA9BD4283D-LeaderElection327] INFO  impl.RoleInfo (RoleInfo.java:shutdownLeaderElection(134)) - 7c431f9d-51bc-458b-a3a6-511ec217d887: shutdown LeaderElection
2019-10-17 06:48:09,431 [7c431f9d-51bc-458b-a3a6-511ec217d887@group-21BA9BD4283D-LeaderElection327] INFO  impl.RoleInfo (RoleInfo.java:updateAndGet(143)) - 7c431f9d-51bc-458b-a3a6-511ec217d887: start FollowerState
2019-10-17 06:48:09,588 [Thread-2917] INFO  impl.FollowerState (FollowerState.java:run(108)) - 7c431f9d-51bc-458b-a3a6-511ec217d887@group-21BA9BD4283D-FollowerState: change to CANDIDATE, lastRpcTime:157ms, electionTimeout:157ms
2019-10-17 06:48:09,588 [Thread-2917] INFO  impl.RoleInfo (RoleInfo.java:shutdownFollowerState(121)) - 7c431f9d-51bc-458b-a3a6-511ec217d887: shutdown FollowerState
2019-10-17 06:48:09,589 [Thread-2917] INFO  impl.RaftServerImpl (RaftServerImpl.java:setRole(184)) - 7c431f9d-51bc-458b-a3a6-511ec217d887@group-21BA9BD4283D: changes role from  FOLLOWER to CANDIDATE at term 275 for changeToCandidate
2019-10-17 06:48:09,589 [Thread-2917] INFO  impl.RoleInfo (RoleInfo.java:updateAndGet(143)) - 7c431f9d-51bc-458b-a3a6-511ec217d887: start LeaderElection
2019-10-17 06:48:09,603 [7c431f9d-51bc-458b-a3a6-511ec217d887@group-21BA9BD4283D-LeaderElection328] INFO  impl.LeaderElection (LeaderElection.java:askForVotes(178)) - 7c431f9d-51bc-458b-a3a6-511ec217d887@group-21BA9BD4283D-LeaderElection328: begin an election at term 276 for -1: [67f35358-9777-4ff9-96f4-8a61bc3a94fe:192.168.34.62:37037, 7c431f9d-51bc-458b-a3a6-511ec217d887:192.168.34.62:40420, b9cfa588-8e56-4331-be2f-4c26f25c6739:192.168.34.62:34777], old=null
2019-10-17 06:48:09,604 [grpc-default-executor-3] INFO  impl.RaftServerImpl (RaftServerImpl.java:setRole(184)) - 67f35358-9777-4ff9-96f4-8a61bc3a94fe@group-21BA9BD4283D: changes role from  FOLLOWER to FOLLOWER at term 276 for recognizeCandidate:7c431f9d-51bc-458b-a3a6-511ec217d887
2019-10-17 06:48:09,605 [grpc-default-executor-3] INFO  impl.RoleInfo (RoleInfo.java:shutdownFollowerState(121)) - 67f35358-9777-4ff9-96f4-8a61bc3a94fe: shutdown FollowerState
2019-10-17 06:48:09,605 [grpc-default-executor-1] INFO  impl.RaftServerImpl (RaftServerImpl.java:setRole(184)) - b9cfa588-8e56-4331-be2f-4c26f25c6739@group-21BA9BD4283D: changes role from  FOLLOWER to FOLLOWER at term 276 for recognizeCandidate:7c431f9d-51bc-458b-a3a6-511ec217d887
2019-10-17 06:48:09,605 [Thread-2916] INFO  impl.FollowerState (FollowerState.java:run(117)) - 67f35358-9777-4ff9-96f4-8a61bc3a94fe@group-21BA9BD4283D-FollowerState was interrupted: java.lang.InterruptedException: sleep interrupted
2019-10-17 06:48:09,605 [grpc-default-executor-3] INFO  impl.RoleInfo (RoleInfo.java:updateAndGet(143)) - 67f35358-9777-4ff9-96f4-8a61bc3a94fe: start FollowerState
2019-10-17 06:48:09,605 [grpc-default-executor-1] INFO  impl.RoleInfo (RoleInfo.java:shutdownFollowerState(121)) - b9cfa588-8e56-4331-be2f-4c26f25c6739: shutdown FollowerState
2019-10-17 06:48:09,605 [grpc-default-executor-1] INFO  impl.RoleInfo (RoleInfo.java:updateAndGet(143)) - b9cfa588-8e56-4331-be2f-4c26f25c6739: start FollowerState
2019-10-17 06:48:09,605 [Thread-2915] INFO  impl.FollowerState (FollowerState.java:run(117)) - b9cfa588-8e56-4331-be2f-4c26f25c6739@group-21BA9BD4283D-FollowerState was interrupted: java.lang.InterruptedException: sleep interrupted
2019-10-17 06:48:09,618 [7c431f9d-51bc-458b-a3a6-511ec217d887@group-21BA9BD4283D-LeaderElection328] INFO  impl.LeaderElection (LeaderElection.java:logAndReturn(56)) - 7c431f9d-51bc-458b-a3a6-511ec217d887@group-21BA9BD4283D-LeaderElection328: Election REJECTED; received 2 response(s) [7c431f9d-51bc-458b-a3a6-511ec217d887<-67f35358-9777-4ff9-96f4-8a61bc3a94fe#0:FAIL-t276, 7c431f9d-51bc-458b-a3a6-511ec217d887<-b9cfa588-8e56-4331-be2f-4c26f25c6739#0:FAIL-t276] and 0 exception(s); 7c431f9d-51bc-458b-a3a6-511ec217d887@group-21BA9BD4283D:t276, leader=null, voted=7c431f9d-51bc-458b-a3a6-511ec217d887, raftlog=7c431f9d-51bc-458b-a3a6-511ec217d887@group-21BA9BD4283D-SegmentedRaftLog:OPENED:c-1,f-1,i0, conf=-1: [67f35358-9777-4ff9-96f4-8a61bc3a94fe:192.168.34.62:37037, 7c431f9d-51bc-458b-a3a6-511ec217d887:192.168.34.62:40420, b9cfa588-8e56-4331-be2f-4c26f25c6739:192.168.34.62:34777], old=null
2019-10-17 06:48:09,618 [7c431f9d-51bc-458b-a3a6-511ec217d887@group-21BA9BD4283D-LeaderElection328] INFO  impl.RaftServerImpl (RaftServerImpl.java:setRole(184)) - 7c431f9d-51bc-458b-a3a6-511ec217d887@group-21BA9BD4283D: changes role from CANDIDATE to FOLLOWER at term 276 for DISCOVERED_A_NEW_TERM
2019-10-17 06:48:09,618 [7c431f9d-51bc-458b-a3a6-511ec217d887@group-21BA9BD4283D-LeaderElection328] INFO  impl.RoleInfo (RoleInfo.java:shutdownLeaderElection(134)) - 7c431f9d-51bc-458b-a3a6-511ec217d887: shutdown LeaderElection
2019-10-17 06:48:09,618 [7c431f9d-51bc-458b-a3a6-511ec217d887@group-21BA9BD4283D-LeaderElection328] INFO  impl.RoleInfo (RoleInfo.java:updateAndGet(143)) - 7c431f9d-51bc-458b-a3a6-511ec217d887: start FollowerState
2019-10-17 06:48:09,621 [Thread-2923] INFO  impl.FollowerState (FollowerState.java:run(108)) - 7c431f9d-51bc-458b-a3a6-511ec217d887@group-21BA9BD4283D-FollowerState: change to CANDIDATE, lastRpcTime:2ms, electionTimeout:2ms
2019-10-17 06:48:09,621 [Thread-2923] INFO  impl.RoleInfo (RoleInfo.java:shutdownFollowerState(121)) - 7c431f9d-51bc-458b-a3a6-511ec217d887: shutdown FollowerState
2019-10-17 06:48:09,621 [Thread-2923] INFO  impl.RaftServerImpl (RaftServerImpl.java:setRole(184)) - 7c431f9d-51bc-458b-a3a6-511ec217d887@group-21BA9BD4283D: changes role from  FOLLOWER to CANDIDATE at term 276 for changeToCandidate
2019-10-17 06:48:09,621 [Thread-2923] INFO  impl.RoleInfo (RoleInfo.java:updateAndGet(143)) - 7c431f9d-51bc-458b-a3a6-511ec217d887: start LeaderElection
2019-10-17 06:48:09,633 [7c431f9d-51bc-458b-a3a6-511ec217d887@group-21BA9BD4283D-LeaderElection329] INFO  impl.LeaderElection (LeaderElection.java:askForVotes(178)) - 7c431f9d-51bc-458b-a3a6-511ec217d887@group-21BA9BD4283D-LeaderElection329: begin an election at term 277 for -1: [67f35358-9777-4ff9-96f4-8a61bc3a94fe:192.168.34.62:37037, 7c431f9d-51bc-458b-a3a6-511ec217d887:192.168.34.62:40420, b9cfa588-8e56-4331-be2f-4c26f25c6739:192.168.34.62:34777], old=null
2019-10-17 06:48:09,634 [grpc-default-executor-3] INFO  impl.RaftServerImpl (RaftServerImpl.java:setRole(184)) - 67f35358-9777-4ff9-96f4-8a61bc3a94fe@group-21BA9BD4283D: changes role from  FOLLOWER to FOLLOWER at term 277 for recognizeCandidate:7c431f9d-51bc-458b-a3a6-511ec217d887
2019-10-17 06:48:09,635 [grpc-default-executor-3] INFO  impl.RoleInfo (RoleInfo.java:shutdownFollowerState(121)) - 67f35358-9777-4ff9-96f4-8a61bc3a94fe: shutdown FollowerState
2019-10-17 06:48:09,635 [grpc-default-executor-1] INFO  impl.RaftServerImpl (RaftServerImpl.java:setRole(184)) - b9cfa588-8e56-4331-be2f-4c26f25c6739@group-21BA9BD4283D: changes role from  FOLLOWER to FOLLOWER at term 277 for recognizeCandidate:7c431f9d-51bc-458b-a3a6-511ec217d887
2019-10-17 06:48:09,635 [grpc-default-executor-1] INFO  impl.RoleInfo (RoleInfo.java:shutdownFollowerState(121)) - b9cfa588-8e56-4331-be2f-4c26f25c6739: shutdown FollowerState
2019-10-17 06:48:09,635 [grpc-default-executor-3] INFO  impl.RoleInfo (RoleInfo.java:updateAndGet(143)) - 67f35358-9777-4ff9-96f4-8a61bc3a94fe: start FollowerState
2019-10-17 06:48:09,635 [Thread-2921] INFO  impl.FollowerState (FollowerState.java:run(117)) - 67f35358-9777-4ff9-96f4-8a61bc3a94fe@group-21BA9BD4283D-FollowerState was interrupted: java.lang.InterruptedException: sleep interrupted
2019-10-17 06:48:09,635 [Thread-2922] INFO  impl.FollowerState (FollowerState.java:run(117)) - b9cfa588-8e56-4331-be2f-4c26f25c6739@group-21BA9BD4283D-FollowerState was interrupted: java.lang.InterruptedException: sleep interrupted
2019-10-17 06:48:09,635 [grpc-default-executor-1] INFO  impl.RoleInfo (RoleInfo.java:updateAndGet(143)) - b9cfa588-8e56-4331-be2f-4c26f25c6739: start FollowerState
2019-10-17 06:48:09,645 [7c431f9d-51bc-458b-a3a6-511ec217d887@group-21BA9BD4283D-LeaderElection329] INFO  impl.LeaderElection (LeaderElection.java:logAndReturn(56)) - 7c431f9d-51bc-458b-a3a6-511ec217d887@group-21BA9BD4283D-LeaderElection329: Election TIMEOUT; received 0 response(s) [] and 0 exception(s); 7c431f9d-51bc-458b-a3a6-511ec217d887@group-21BA9BD4283D:t277, leader=null, voted=7c431f9d-51bc-458b-a3a6-511ec217d887, raftlog=7c431f9d-51bc-458b-a3a6-511ec217d887@group-21BA9BD4283D-SegmentedRaftLog:OPENED:c-1,f-1,i0, conf=-1: [67f35358-9777-4ff9-96f4-8a61bc3a94fe:192.168.34.62:37037, 7c431f9d-51bc-458b-a3a6-511ec217d887:192.168.34.62:40420, b9cfa588-8e56-4331-be2f-4c26f25c6739:192.168.34.62:34777], old=null
2019-10-17 06:48:09,648 [7c431f9d-51bc-458b-a3a6-511ec217d887@group-21BA9BD4283D-LeaderElection329] INFO  impl.LeaderElection (LeaderElection.java:askForVotes(178)) - 7c431f9d-51bc-458b-a3a6-511ec217d887@group-21BA9BD4283D-LeaderElection329: begin an election at term 278 for -1: [67f35358-9777-4ff9-96f4-8a61bc3a94fe:192.168.34.62:37037, 7c431f9d-51bc-458b-a3a6-511ec217d887:192.168.34.62:40420, b9cfa588-8e56-4331-be2f-4c26f25c6739:192.168.34.62:34777], old=null
2019-10-17 06:48:09,649 [grpc-default-executor-1] INFO  impl.RaftServerImpl (RaftServerImpl.java:setRole(184)) - 67f35358-9777-4ff9-96f4-8a61bc3a94fe@group-21BA9BD4283D: changes role from  FOLLOWER to FOLLOWER at term 278 for recognizeCandidate:7c431f9d-51bc-458b-a3a6-511ec217d887
2019-10-17 06:48:09,649 [grpc-default-executor-1] INFO  impl.RoleInfo (RoleInfo.java:shutdownFollowerState(121)) - 67f35358-9777-4ff9-96f4-8a61bc3a94fe: shutdown FollowerState
2019-10-17 06:48:09,649 [grpc-default-executor-1] INFO  impl.RoleInfo (RoleInfo.java:updateAndGet(143)) - 67f35358-9777-4ff9-96f4-8a61bc3a94fe: start FollowerState
2019-10-17 06:48:09,649 [Thread-2927] INFO  impl.FollowerState (FollowerState.java:run(117)) - 67f35358-9777-4ff9-96f4-8a61bc3a94fe@group-21BA9BD4283D-FollowerState was interrupted: java.lang.InterruptedException: sleep interrupted
2019-10-17 06:48:09,650 [grpc-default-executor-3] INFO  impl.RaftServerImpl (RaftServerImpl.java:setRole(184)) - b9cfa588-8e56-4331-be2f-4c26f25c6739@group-21BA9BD4283D: changes role from  FOLLOWER to FOLLOWER at term 278 for recognizeCandidate:7c431f9d-51bc-458b-a3a6-511ec217d887
2019-10-17 06:48:09,650 [grpc-default-executor-3] INFO  impl.RoleInfo (RoleInfo.java:shutdownFollowerState(121)) - b9cfa588-8e56-4331-be2f-4c26f25c6739: shutdown FollowerState
2019-10-17 06:48:09,650 [grpc-default-executor-3] INFO  impl.RoleInfo (RoleInfo.java:updateAndGet(143)) - b9cfa588-8e56-4331-be2f-4c26f25c6739: start FollowerState
2019-10-17 06:48:09,650 [Thread-2928] INFO  impl.FollowerState (FollowerState.java:run(117)) - b9cfa588-8e56-4331-be2f-4c26f25c6739@group-21BA9BD4283D-FollowerState was interrupted: java.lang.InterruptedException: sleep interrupted
2019-10-17 06:48:09,663 [7c431f9d-51bc-458b-a3a6-511ec217d887@group-21BA9BD4283D-LeaderElection329] INFO  impl.LeaderElection (LeaderElection.java:logAndReturn(56)) - 7c431f9d-51bc-458b-a3a6-511ec217d887@group-21BA9BD4283D-LeaderElection329: Election REJECTED; received 2 response(s) [7c431f9d-51bc-458b-a3a6-511ec217d887<-67f35358-9777-4ff9-96f4-8a61bc3a94fe#0:FAIL-t278, 7c431f9d-51bc-458b-a3a6-511ec217d887<-b9cfa588-8e56-4331-be2f-4c26f25c6739#0:FAIL-t278] and 0 exception(s); 7c431f9d-51bc-458b-a3a6-511ec217d887@group-21BA9BD4283D:t278, leader=null, voted=7c431f9d-51bc-458b-a3a6-511ec217d887, raftlog=7c431f9d-51bc-458b-a3a6-511ec217d887@group-21BA9BD4283D-SegmentedRaftLog:OPENED:c-1,f-1,i0, conf=-1: [67f35358-9777-4ff9-96f4-8a61bc3a94fe:192.168.34.62:37037, 7c431f9d-51bc-458b-a3a6-511ec217d887:192.168.34.62:40420, b9cfa588-8e56-4331-be2f-4c26f25c6739:192.168.34.62:34777], old=null
2019-10-17 06:48:09,663 [7c431f9d-51bc-458b-a3a6-511ec217d887@group-21BA9BD4283D-LeaderElection329] INFO  impl.RaftServerImpl (RaftServerImpl.java:setRole(184)) - 7c431f9d-51bc-458b-a3a6-511ec217d887@group-21BA9BD4283D: changes role from CANDIDATE to FOLLOWER at term 278 for DISCOVERED_A_NEW_TERM
2019-10-17 06:48:09,663 [7c431f9d-51bc-458b-a3a6-511ec217d887@group-21BA9BD4283D-LeaderElection329] INFO  impl.RoleInfo (RoleInfo.java:shutdownLeaderElection(134)) - 7c431f9d-51bc-458b-a3a6-511ec217d887: shutdown LeaderElection
2019-10-17 06:48:09,663 [7c431f9d-51bc-458b-a3a6-511ec217d887@group-21BA9BD4283D-LeaderElection329] INFO  impl.RoleInfo (RoleInfo.java:updateAndGet(143)) - 7c431f9d-51bc-458b-a3a6-511ec217d887: start FollowerState
2019-10-17 06:48:09,684 [Thread-2933] INFO  impl.FollowerState (FollowerState.java:run(108)) - 7c431f9d-51bc-458b-a3a6-511ec217d887@group-21BA9BD4283D-FollowerState: change to CANDIDATE, lastRpcTime:20ms, electionTimeout:20ms
2019-10-17 06:48:09,684 [Thread-2933] INFO  impl.RoleInfo (RoleInfo.java:shutdownFollowerState(121)) - 7c431f9d-51bc-458b-a3a6-511ec217d887: shutdown FollowerState
2019-10-17 06:48:09,684 [Thread-2933] INFO  impl.RaftServerImpl (RaftServerImpl.java:setRole(184)) - 7c431f9d-51bc-458b-a3a6-511ec217d887@group-21BA9BD4283D: changes role from  FOLLOWER to CANDIDATE at term 278 for changeToCandidate
2019-10-17 06:48:09,684 [Thread-2933] INFO  impl.RoleInfo (RoleInfo.java:updateAndGet(143)) - 7c431f9d-51bc-458b-a3a6-511ec217d887: start LeaderElection
2019-10-17 06:48:09,703 [7c431f9d-51bc-458b-a3a6-511ec217d887@group-21BA9BD4283D-LeaderElection330] INFO  impl.LeaderElection (LeaderElection.java:askForVotes(178)) - 7c431f9d-51bc-458b-a3a6-511ec217d887@group-21BA9BD4283D-LeaderElection330: begin an election at term 279 for -1: [67f35358-9777-4ff9-96f4-8a61bc3a94fe:192.168.34.62:37037, 7c431f9d-51bc-458b-a3a6-511ec217d887:192.168.34.62:40420, b9cfa588-8e56-4331-be2f-4c26f25c6739:192.168.34.62:34777], old=null
2019-10-17 06:48:09,704 [grpc-default-executor-1] INFO  impl.RaftServerImpl (RaftServerImpl.java:setRole(184)) - b9cfa588-8e56-4331-be2f-4c26f25c6739@group-21BA9BD4283D: changes role from  FOLLOWER to FOLLOWER at term 279 for recognizeCandidate:7c431f9d-51bc-458b-a3a6-511ec217d887
2019-10-17 06:48:09,704 [grpc-default-executor-3] INFO  impl.RaftServerImpl (RaftServerImpl.java:setRole(184)) - 67f35358-9777-4ff9-96f4-8a61bc3a94fe@group-21BA9BD4283D: changes role from  FOLLOWER to FOLLOWER at term 279 for recognizeCandidate:7c431f9d-51bc-458b-a3a6-511ec217d887
2019-10-17 06:48:09,704 [grpc-default-executor-1] INFO  impl.RoleInfo (RoleInfo.java:shutdownFollowerState(121)) - b9cfa588-8e56-4331-be2f-4c26f25c6739: shutdown FollowerState
2019-10-17 06:48:09,705 [grpc-default-executor-3] INFO  impl.RoleInfo (RoleInfo.java:shutdownFollowerState(121)) - 67f35358-9777-4ff9-96f4-8a61bc3a94fe: shutdown FollowerState
2019-10-17 06:48:09,705 [Thread-2932] INFO  impl.FollowerState (FollowerState.java:run(117)) - b9cfa588-8e56-4331-be2f-4c26f25c6739@group-21BA9BD4283D-FollowerState was interrupted: java.lang.InterruptedException: sleep interrupted
2019-10-17 06:48:09,705 [grpc-default-executor-1] INFO  impl.RoleInfo (RoleInfo.java:updateAndGet(143)) - b9cfa588-8e56-4331-be2f-4c26f25c6739: start FollowerState
2019-10-17 06:48:09,705 [grpc-default-executor-3] INFO  impl.RoleInfo (RoleInfo.java:updateAndGet(143)) - 67f35358-9777-4ff9-96f4-8a61bc3a94fe: start FollowerState
2019-10-17 06:48:09,705 [Thread-2931] INFO  impl.FollowerState (FollowerState.java:run(117)) - 67f35358-9777-4ff9-96f4-8a61bc3a94fe@group-21BA9BD4283D-FollowerState was interrupted: java.lang.InterruptedException: sleep interrupted
2019-10-17 06:48:09,708 [7c431f9d-51bc-458b-a3a6-511ec217d887@group-21BA9BD4283D-LeaderElection330] INFO  impl.LeaderElection (LeaderElection.java:logAndReturn(56)) - 7c431f9d-51bc-458b-a3a6-511ec217d887@group-21BA9BD4283D-LeaderElection330: Election TIMEOUT; received 0 response(s) [] and 0 exception(s); 7c431f9d-51bc-458b-a3a6-511ec217d887@group-21BA9BD4283D:t279, leader=null, voted=7c431f9d-51bc-458b-a3a6-511ec217d887, raftlog=7c431f9d-51bc-458b-a3a6-511ec217d887@group-21BA9BD4283D-SegmentedRaftLog:OPENED:c-1,f-1,i0, conf=-1: [67f35358-9777-4ff9-96f4-8a61bc3a94fe:192.168.34.62:37037, 7c431f9d-51bc-458b-a3a6-511ec217d887:192.168.34.62:40420, b9cfa588-8e56-4331-be2f-4c26f25c6739:192.168.34.62:34777], old=null
2019-10-17 06:48:09,727 [7c431f9d-51bc-458b-a3a6-511ec217d887@group-21BA9BD4283D-LeaderElection330] INFO  impl.LeaderElection (LeaderElection.java:askForVotes(178)) - 7c431f9d-51bc-458b-a3a6-511ec217d887@group-21BA9BD4283D-LeaderElection330: begin an election at term 280 for -1: [67f35358-9777-4ff9-96f4-8a61bc3a94fe:192.168.34.62:37037, 7c431f9d-51bc-458b-a3a6-511ec217d887:192.168.34.62:40420, b9cfa588-8e56-4331-be2f-4c26f25c6739:192.168.34.62:34777], old=null
2019-10-17 06:48:09,728 [grpc-default-executor-4] INFO  impl.RaftServerImpl (RaftServerImpl.java:setRole(184)) - b9cfa588-8e56-4331-be2f-4c26f25c6739@group-21BA9BD4283D: changes role from  FOLLOWER to FOLLOWER at term 280 for recognizeCandidate:7c431f9d-51bc-458b-a3a6-511ec217d887
2019-10-17 06:48:09,728 [grpc-default-executor-3] INFO  impl.RaftServerImpl (RaftServerImpl.java:setRole(184)) - 67f35358-9777-4ff9-96f4-8a61bc3a94fe@group-21BA9BD4283D: changes role from  FOLLOWER to FOLLOWER at term 280 for recognizeCandidate:7c431f9d-51bc-458b-a3a6-511ec217d887
2019-10-17 06:48:09,728 [grpc-default-executor-3] INFO  impl.RoleInfo (RoleInfo.java:shutdownFollowerState(121)) - 67f35358-9777-4ff9-96f4-8a61bc3a94fe: shutdown FollowerState
2019-10-17 06:48:09,728 [grpc-default-executor-4] INFO  impl.RoleInfo (RoleInfo.java:shutdownFollowerState(121)) - b9cfa588-8e56-4331-be2f-4c26f25c6739: shutdown FollowerState
2019-10-17 06:48:09,728 [Thread-2938] INFO  impl.FollowerState (FollowerState.java:run(117)) - 67f35358-9777-4ff9-96f4-8a61bc3a94fe@group-21BA9BD4283D-FollowerState was interrupted: java.lang.InterruptedException: sleep interrupted
2019-10-17 06:48:09,728 [grpc-default-executor-3] INFO  impl.RoleInfo (RoleInfo.java:updateAndGet(143)) - 67f35358-9777-4ff9-96f4-8a61bc3a94fe: start FollowerState
2019-10-17 06:48:09,728 [Thread-2937] INFO  impl.FollowerState (FollowerState.java:run(117)) - b9cfa588-8e56-4331-be2f-4c26f25c6739@group-21BA9BD4283D-FollowerState was interrupted: java.lang.InterruptedException: sleep interrupted
2019-10-17 06:48:09,728 [grpc-default-executor-4] INFO  impl.RoleInfo (RoleInfo.java:updateAndGet(143)) - b9cfa588-8e56-4331-be2f-4c26f25c6739: start FollowerState
2019-10-17 06:48:09,741 [7c431f9d-51bc-458b-a3a6-511ec217d887@group-21BA9BD4283D-LeaderElection330] INFO  impl.LeaderElection (LeaderElection.java:logAndReturn(56)) - 7c431f9d-51bc-458b-a3a6-511ec217d887@group-21BA9BD4283D-LeaderElection330: Election REJECTED; received 2 response(s) [7c431f9d-51bc-458b-a3a6-511ec217d887<-67f35358-9777-4ff9-96f4-8a61bc3a94fe#0:FAIL-t280, 7c431f9d-51bc-458b-a3a6-511ec217d887<-b9cfa588-8e56-4331-be2f-4c26f25c6739#0:FAIL-t280] and 0 exception(s); 7c431f9d-51bc-458b-a3a6-511ec217d887@group-21BA9BD4283D:t280, leader=null, voted=7c431f9d-51bc-458b-a3a6-511ec217d887, raftlog=7c431f9d-51bc-458b-a3a6-511ec217d887@group-21BA9BD4283D-SegmentedRaftLog:OPENED:c-1,f-1,i0, conf=-1: [67f35358-9777-4ff9-96f4-8a61bc3a94fe:192.168.34.62:37037, 7c431f9d-51bc-458b-a3a6-511ec217d887:192.168.34.62:40420, b9cfa588-8e56-4331-be2f-4c26f25c6739:192.168.34.62:34777], old=null
2019-10-17 06:48:09,742 [7c431f9d-51bc-458b-a3a6-511ec217d887@group-21BA9BD4283D-LeaderElection330] INFO  impl.RaftServerImpl (RaftServerImpl.java:setRole(184)) - 7c431f9d-51bc-458b-a3a6-511ec217d887@group-21BA9BD4283D: changes role from CANDIDATE to FOLLOWER at term 280 for DISCOVERED_A_NEW_TERM
2019-10-17 06:48:09,742 [7c431f9d-51bc-458b-a3a6-511ec217d887@group-21BA9BD4283D-LeaderElection330] INFO  impl.RoleInfo (RoleInfo.java:shutdownLeaderElection(134)) - 7c431f9d-51bc-458b-a3a6-511ec217d887: shutdown LeaderElection
2019-10-17 06:48:09,742 [7c431f9d-51bc-458b-a3a6-511ec217d887@group-21BA9BD4283D-LeaderElection330] INFO  impl.RoleInfo (RoleInfo.java:updateAndGet(143)) - 7c431f9d-51bc-458b-a3a6-511ec217d887: start FollowerState
2019-10-17 06:48:09,776 [Thread-2943] INFO  impl.FollowerState (FollowerState.java:run(108)) - 7c431f9d-51bc-458b-a3a6-511ec217d887@group-21BA9BD4283D-FollowerState: change to CANDIDATE, lastRpcTime:34ms, electionTimeout:34ms
2019-10-17 06:48:09,776 [Thread-2943] INFO  impl.RoleInfo (RoleInfo.java:shutdownFollowerState(121)) - 7c431f9d-51bc-458b-a3a6-511ec217d887: shutdown FollowerState
2019-10-17 06:48:09,776 [Thread-2943] INFO  impl.RaftServerImpl (RaftServerImpl.java:setRole(184)) - 7c431f9d-51bc-458b-a3a6-511ec217d887@group-21BA9BD4283D: changes role from  FOLLOWER to CANDIDATE at term 280 for changeToCandidate
2019-10-17 06:48:09,776 [Thread-2943] INFO  impl.RoleInfo (RoleInfo.java:updateAndGet(143)) - 7c431f9d-51bc-458b-a3a6-511ec217d887: start LeaderElection
2019-10-17 06:48:09,783 [7c431f9d-51bc-458b-a3a6-511ec217d887@group-21BA9BD4283D-LeaderElection331] INFO  impl.LeaderElection (LeaderElection.java:askForVotes(178)) - 7c431f9d-51bc-458b-a3a6-511ec217d887@group-21BA9BD4283D-LeaderElection331: begin an election at term 281 for -1: [67f35358-9777-4ff9-96f4-8a61bc3a94fe:192.168.34.62:37037, 7c431f9d-51bc-458b-a3a6-511ec217d887:192.168.34.62:40420, b9cfa588-8e56-4331-be2f-4c26f25c6739:192.168.34.62:34777], old=null
2019-10-17 06:48:09,784 [grpc-default-executor-4] INFO  impl.RaftServerImpl (RaftServerImpl.java:setRole(184)) - b9cfa588-8e56-4331-be2f-4c26f25c6739@group-21BA9BD4283D: changes role from  FOLLOWER to FOLLOWER at term 281 for recognizeCandidate:7c431f9d-51bc-458b-a3a6-511ec217d887
2019-10-17 06:48:09,784 [grpc-default-executor-3] INFO  impl.RaftServerImpl (RaftServerImpl.java:setRole(184)) - 67f35358-9777-4ff9-96f4-8a61bc3a94fe@group-21BA9BD4283D: changes role from  FOLLOWER to FOLLOWER at term 281 for recognizeCandidate:7c431f9d-51bc-458b-a3a6-511ec217d887
2019-10-17 06:48:09,785 [grpc-default-executor-3] INFO  impl.RoleInfo (RoleInfo.java:shutdownFollowerState(121)) - 67f35358-9777-4ff9-96f4-8a61bc3a94fe: shutdown FollowerState
2019-10-17 06:48:09,785 [grpc-default-executor-4] INFO  impl.RoleInfo (RoleInfo.java:shutdownFollowerState(121)) - b9cfa588-8e56-4331-be2f-4c26f25c6739: shutdown FollowerState
2019-10-17 06:48:09,785 [grpc-default-executor-3] INFO  impl.RoleInfo (RoleInfo.java:updateAndGet(143)) - 67f35358-9777-4ff9-96f4-8a61bc3a94fe: start FollowerState
2019-10-17 06:48:09,785 [Thread-2942] INFO  impl.FollowerState (FollowerState.java:run(117)) - b9cfa588-8e56-4331-be2f-4c26f25c6739@group-21BA9BD4283D-FollowerState was interrupted: java.lang.InterruptedException: sleep interrupted
2019-10-17 06:48:09,785 [Thread-2941] INFO  impl.FollowerState (FollowerState.java:run(117)) - 67f35358-9777-4ff9-96f4-8a61bc3a94fe@group-21BA9BD4283D-FollowerState was interrupted: java.lang.InterruptedException: sleep interrupted
2019-10-17 06:48:09,785 [grpc-default-executor-4] INFO  impl.RoleInfo (RoleInfo.java:updateAndGet(143)) - b9cfa588-8e56-4331-be2f-4c26f25c6739: start FollowerState
2019-10-17 06:48:09,808 [7c431f9d-51bc-458b-a3a6-511ec217d887@group-21BA9BD4283D-LeaderElection331] INFO  impl.LeaderElection (LeaderElection.java:logAndReturn(56)) - 7c431f9d-51bc-458b-a3a6-511ec217d887@group-21BA9BD4283D-LeaderElection331: Election REJECTED; received 2 response(s) [7c431f9d-51bc-458b-a3a6-511ec217d887<-67f35358-9777-4ff9-96f4-8a61bc3a94fe#0:FAIL-t281, 7c431f9d-51bc-458b-a3a6-511ec217d887<-b9cfa588-8e56-4331-be2f-4c26f25c6739#0:FAIL-t281] and 0 exception(s); 7c431f9d-51bc-458b-a3a6-511ec217d887@group-21BA9BD4283D:t281, leader=null, voted=7c431f9d-51bc-458b-a3a6-511ec217d887, raftlog=7c431f9d-51bc-458b-a3a6-511ec217d887@group-21BA9BD4283D-SegmentedRaftLog:OPENED:c-1,f-1,i0, conf=-1: [67f35358-9777-4ff9-96f4-8a61bc3a94fe:192.168.34.62:37037, 7c431f9d-51bc-458b-a3a6-511ec217d887:192.168.34.62:40420, b9cfa588-8e56-4331-be2f-4c26f25c6739:192.168.34.62:34777], old=null
2019-10-17 06:48:09,808 [7c431f9d-51bc-458b-a3a6-511ec217d887@group-21BA9BD4283D-LeaderElection331] INFO  impl.RaftServerImpl (RaftServerImpl.java:setRole(184)) - 7c431f9d-51bc-458b-a3a6-511ec217d887@group-21BA9BD4283D: changes role from CANDIDATE to FOLLOWER at term 281 for DISCOVERED_A_NEW_TERM
2019-10-17 06:48:09,808 [7c431f9d-51bc-458b-a3a6-511ec217d887@group-21BA9BD4283D-LeaderElection331] INFO  impl.RoleInfo (RoleInfo.java:shutdownLeaderElection(134)) - 7c431f9d-51bc-458b-a3a6-511ec217d887: shutdown LeaderElection
2019-10-17 06:48:09,808 [7c431f9d-51bc-458b-a3a6-511ec217d887@group-21BA9BD4283D-LeaderElection331] INFO  impl.RoleInfo (RoleInfo.java:updateAndGet(143)) - 7c431f9d-51bc-458b-a3a6-511ec217d887: start FollowerState
2019-10-17 06:48:09,967 [Thread-2949] INFO  impl.FollowerState (FollowerState.java:run(108)) - 7c431f9d-51bc-458b-a3a6-511ec217d887@group-21BA9BD4283D-FollowerState: change to CANDIDATE, lastRpcTime:159ms, electionTimeout:159ms
2019-10-17 06:48:09,967 [Thread-2949] INFO  impl.RoleInfo (RoleInfo.java:shutdownFollowerState(121)) - 7c431f9d-51bc-458b-a3a6-511ec217d887: shutdown FollowerState
2019-10-17 06:48:09,967 [Thread-2949] INFO  impl.RaftServerImpl (RaftServerImpl.java:setRole(184)) - 7c431f9d-51bc-458b-a3a6-511ec217d887@group-21BA9BD4283D: changes role from  FOLLOWER to CANDIDATE at term 281 for changeToCandidate
2019-10-17 06:48:09,968 [Thread-2949] INFO  impl.RoleInfo (RoleInfo.java:updateAndGet(143)) - 7c431f9d-51bc-458b-a3a6-511ec217d887: start LeaderElection
2019-10-17 06:48:09,991 [7c431f9d-51bc-458b-a3a6-511ec217d887@group-21BA9BD4283D-LeaderElection332] INFO  impl.LeaderElection (LeaderElection.java:askForVotes(178)) - 7c431f9d-51bc-458b-a3a6-511ec217d887@group-21BA9BD4283D-LeaderElection332: begin an election at term 282 for -1: [67f35358-9777-4ff9-96f4-8a61bc3a94fe:192.168.34.62:37037, 7c431f9d-51bc-458b-a3a6-511ec217d887:192.168.34.62:40420, b9cfa588-8e56-4331-be2f-4c26f25c6739:192.168.34.62:34777], old=null
2019-10-17 06:48:09,993 [grpc-default-executor-3] INFO  impl.RaftServerImpl (RaftServerImpl.java:setRole(184)) - 67f35358-9777-4ff9-96f4-8a61bc3a94fe@group-21BA9BD4283D: changes role from  FOLLOWER to FOLLOWER at term 282 for recognizeCandidate:7c431f9d-51bc-458b-a3a6-511ec217d887
2019-10-17 06:48:09,993 [grpc-default-executor-4] INFO  impl.RaftServerImpl (RaftServerImpl.java:setRole(184)) - b9cfa588-8e56-4331-be2f-4c26f25c6739@group-21BA9BD4283D: changes role from  FOLLOWER to FOLLOWER at term 282 for recognizeCandidate:7c431f9d-51bc-458b-a3a6-511ec217d887
2019-10-17 06:48:09,993 [grpc-default-executor-4] INFO  impl.RoleInfo (RoleInfo.java:shutdownFollowerState(121)) - b9cfa588-8e56-4331-be2f-4c26f25c6739: shutdown FollowerState
2019-10-17 06:48:09,993 [grpc-default-executor-3] INFO  impl.RoleInfo (RoleInfo.java:shutdownFollowerState(121)) - 67f35358-9777-4ff9-96f4-8a61bc3a94fe: shutdown FollowerState
2019-10-17 06:48:09,993 [Thread-2948] INFO  impl.FollowerState (FollowerState.java:run(117)) - b9cfa588-8e56-4331-be2f-4c26f25c6739@group-21BA9BD4283D-FollowerState was interrupted: java.lang.InterruptedException: sleep interrupted
2019-10-17 06:48:09,993 [grpc-default-executor-4] INFO  impl.RoleInfo (RoleInfo.java:updateAndGet(143)) - b9cfa588-8e56-4331-be2f-4c26f25c6739: start FollowerState
2019-10-17 06:48:09,993 [Thread-2947] INFO  impl.FollowerState (FollowerState.java:run(117)) - 67f35358-9777-4ff9-96f4-8a61bc3a94fe@group-21BA9BD4283D-FollowerState was interrupted: java.lang.InterruptedException: sleep interrupted
2019-10-17 06:48:09,993 [grpc-default-executor-3] INFO  impl.RoleInfo (RoleInfo.java:updateAndGet(143)) - 67f35358-9777-4ff9-96f4-8a61bc3a94fe: start FollowerState
2019-10-17 06:48:10,018 [7c431f9d-51bc-458b-a3a6-511ec217d887@group-21BA9BD4283D-LeaderElection332] INFO  impl.LeaderElection (LeaderElection.java:logAndReturn(56)) - 7c431f9d-51bc-458b-a3a6-511ec217d887@group-21BA9BD4283D-LeaderElection332: Election REJECTED; received 2 response(s) [7c431f9d-51bc-458b-a3a6-511ec217d887<-67f35358-9777-4ff9-96f4-8a61bc3a94fe#0:FAIL-t282, 7c431f9d-51bc-458b-a3a6-511ec217d887<-b9cfa588-8e56-4331-be2f-4c26f25c6739#0:FAIL-t282] and 0 exception(s); 7c431f9d-51bc-458b-a3a6-511ec217d887@group-21BA9BD4283D:t282, leader=null, voted=7c431f9d-51bc-458b-a3a6-511ec217d887, raftlog=7c431f9d-51bc-458b-a3a6-511ec217d887@group-21BA9BD4283D-SegmentedRaftLog:OPENED:c-1,f-1,i0, conf=-1: [67f35358-9777-4ff9-96f4-8a61bc3a94fe:192.168.34.62:37037, 7c431f9d-51bc-458b-a3a6-511ec217d887:192.168.34.62:40420, b9cfa588-8e56-4331-be2f-4c26f25c6739:192.168.34.62:34777], old=null
2019-10-17 06:48:10,018 [7c431f9d-51bc-458b-a3a6-511ec217d887@group-21BA9BD4283D-LeaderElection332] INFO  impl.RaftServerImpl (RaftServerImpl.java:setRole(184)) - 7c431f9d-51bc-458b-a3a6-511ec217d887@group-21BA9BD4283D: changes role from CANDIDATE to FOLLOWER at term 282 for DISCOVERED_A_NEW_TERM
2019-10-17 06:48:10,018 [7c431f9d-51bc-458b-a3a6-511ec217d887@group-21BA9BD4283D-LeaderElection332] INFO  impl.RoleInfo (RoleInfo.java:shutdownLeaderElection(134)) - 7c431f9d-51bc-458b-a3a6-511ec217d887: shutdown LeaderElection
2019-10-17 06:48:10,018 [7c431f9d-51bc-458b-a3a6-511ec217d887@group-21BA9BD4283D-LeaderElection332] INFO  impl.RoleInfo (RoleInfo.java:updateAndGet(143)) - 7c431f9d-51bc-458b-a3a6-511ec217d887: start FollowerState
2019-10-17 06:48:10,034 [Thread-2955] INFO  impl.FollowerState (FollowerState.java:run(108)) - 7c431f9d-51bc-458b-a3a6-511ec217d887@group-21BA9BD4283D-FollowerState: change to CANDIDATE, lastRpcTime:16ms, electionTimeout:16ms
2019-10-17 06:48:10,034 [Thread-2955] INFO  impl.RoleInfo (RoleInfo.java:shutdownFollowerState(121)) - 7c431f9d-51bc-458b-a3a6-511ec217d887: shutdown FollowerState
2019-10-17 06:48:10,035 [Thread-2955] INFO  impl.RaftServerImpl (RaftServerImpl.java:setRole(184)) - 7c431f9d-51bc-458b-a3a6-511ec217d887@group-21BA9BD4283D: changes role from  FOLLOWER to CANDIDATE at term 282 for changeToCandidate
2019-10-17 06:48:10,035 [Thread-2955] INFO  impl.RoleInfo (RoleInfo.java:updateAndGet(143)) - 7c431f9d-51bc-458b-a3a6-511ec217d887: start LeaderElection
2019-10-17 06:48:10,057 [7c431f9d-51bc-458b-a3a6-511ec217d887@group-21BA9BD4283D-LeaderElection333] INFO  impl.LeaderElection (LeaderElection.java:askForVotes(178)) - 7c431f9d-51bc-458b-a3a6-511ec217d887@group-21BA9BD4283D-LeaderElection333: begin an election at term 283 for -1: [67f35358-9777-4ff9-96f4-8a61bc3a94fe:192.168.34.62:37037, 7c431f9d-51bc-458b-a3a6-511ec217d887:192.168.34.62:40420, b9cfa588-8e56-4331-be2f-4c26f25c6739:192.168.34.62:34777], old=null
2019-10-17 06:48:10,058 [grpc-default-executor-3] INFO  impl.RaftServerImpl (RaftServerImpl.java:setRole(184)) - 67f35358-9777-4ff9-96f4-8a61bc3a94fe@group-21BA9BD4283D: changes role from  FOLLOWER to FOLLOWER at term 283 for recognizeCandidate:7c431f9d-51bc-458b-a3a6-511ec217d887
2019-10-17 06:48:10,058 [grpc-default-executor-3] INFO  impl.RoleInfo (RoleInfo.java:shutdownFollowerState(121)) - 67f35358-9777-4ff9-96f4-8a61bc3a94fe: shutdown FollowerState
2019-10-17 06:48:10,058 [grpc-default-executor-4] INFO  impl.RaftServerImpl (RaftServerImpl.java:setRole(184)) - b9cfa588-8e56-4331-be2f-4c26f25c6739@group-21BA9BD4283D: changes role from  FOLLOWER to FOLLOWER at term 283 for recognizeCandidate:7c431f9d-51bc-458b-a3a6-511ec217d887
2019-10-17 06:48:10,059 [Thread-2954] INFO  impl.FollowerState (FollowerState.java:run(117)) - 67f35358-9777-4ff9-96f4-8a61bc3a94fe@group-21BA9BD4283D-FollowerState was interrupted: java.lang.InterruptedException: sleep interrupted
2019-10-17 06:48:10,059 [grpc-default-executor-3] INFO  impl.RoleInfo (RoleInfo.java:updateAndGet(143)) - 67f35358-9777-4ff9-96f4-8a61bc3a94fe: start FollowerState
2019-10-17 06:48:10,059 [grpc-default-executor-4] INFO  impl.RoleInfo (RoleInfo.java:shutdownFollowerState(121)) - b9cfa588-8e56-4331-be2f-4c26f25c6739: shutdown FollowerState
2019-10-17 06:48:10,059 [grpc-default-executor-4] INFO  impl.RoleInfo (RoleInfo.java:updateAndGet(143)) - b9cfa588-8e56-4331-be2f-4c26f25c6739: start FollowerState
2019-10-17 06:48:10,059 [Thread-2953] INFO  impl.FollowerState (FollowerState.java:run(117)) - b9cfa588-8e56-4331-be2f-4c26f25c6739@group-21BA9BD4283D-FollowerState was interrupted: java.lang.InterruptedException: sleep interrupted
2019-10-17 06:48:10,079 [7c431f9d-51bc-458b-a3a6-511ec217d887@group-21BA9BD4283D-LeaderElection333] INFO  impl.LeaderElection (LeaderElection.java:logAndReturn(56)) - 7c431f9d-51bc-458b-a3a6-511ec217d887@group-21BA9BD4283D-LeaderElection333: Election REJECTED; received 2 response(s) [7c431f9d-51bc-458b-a3a6-511ec217d887<-67f35358-9777-4ff9-96f4-8a61bc3a94fe#0:FAIL-t283, 7c431f9d-51bc-458b-a3a6-511ec217d887<-b9cfa588-8e56-4331-be2f-4c26f25c6739#0:FAIL-t283] and 0 exception(s); 7c431f9d-51bc-458b-a3a6-511ec217d887@group-21BA9BD4283D:t283, leader=null, voted=7c431f9d-51bc-458b-a3a6-511ec217d887, raftlog=7c431f9d-51bc-458b-a3a6-511ec217d887@group-21BA9BD4283D-SegmentedRaftLog:OPENED:c-1,f-1,i0, conf=-1: [67f35358-9777-4ff9-96f4-8a61bc3a94fe:192.168.34.62:37037, 7c431f9d-51bc-458b-a3a6-511ec217d887:192.168.34.62:40420, b9cfa588-8e56-4331-be2f-4c26f25c6739:192.168.34.62:34777], old=null
2019-10-17 06:48:10,079 [7c431f9d-51bc-458b-a3a6-511ec217d887@group-21BA9BD4283D-LeaderElection333] INFO  impl.RaftServerImpl (RaftServerImpl.java:setRole(184)) - 7c431f9d-51bc-458b-a3a6-511ec217d887@group-21BA9BD4283D: changes role from CANDIDATE to FOLLOWER at term 283 for DISCOVERED_A_NEW_TERM
2019-10-17 06:48:10,079 [7c431f9d-51bc-458b-a3a6-511ec217d887@group-21BA9BD4283D-LeaderElection333] INFO  impl.RoleInfo (RoleInfo.java:shutdownLeaderElection(134)) - 7c431f9d-51bc-458b-a3a6-511ec217d887: shutdown LeaderElection
2019-10-17 06:48:10,079 [7c431f9d-51bc-458b-a3a6-511ec217d887@group-21BA9BD4283D-LeaderElection333] INFO  impl.RoleInfo (RoleInfo.java:updateAndGet(143)) - 7c431f9d-51bc-458b-a3a6-511ec217d887: start FollowerState
2019-10-17 06:48:10,104 [main] INFO  ozone.MiniOzoneClusterImpl (MiniOzoneClusterImpl.java:lambda$waitForClusterToBeReady$2(164)) - Waiting for 1 number of pipelines out of 4, to report a leader.
2019-10-17 06:48:10,140 [Thread-2961] INFO  impl.FollowerState (FollowerState.java:run(108)) - 7c431f9d-51bc-458b-a3a6-511ec217d887@group-21BA9BD4283D-FollowerState: change to CANDIDATE, lastRpcTime:61ms, electionTimeout:61ms
2019-10-17 06:48:10,141 [Thread-2961] INFO  impl.RoleInfo (RoleInfo.java:shutdownFollowerState(121)) - 7c431f9d-51bc-458b-a3a6-511ec217d887: shutdown FollowerState
2019-10-17 06:48:10,141 [Thread-2961] INFO  impl.RaftServerImpl (RaftServerImpl.java:setRole(184)) - 7c431f9d-51bc-458b-a3a6-511ec217d887@group-21BA9BD4283D: changes role from  FOLLOWER to CANDIDATE at term 283 for changeToCandidate
2019-10-17 06:48:10,141 [Thread-2961] INFO  impl.RoleInfo (RoleInfo.java:updateAndGet(143)) - 7c431f9d-51bc-458b-a3a6-511ec217d887: start LeaderElection
2019-10-17 06:48:10,155 [7c431f9d-51bc-458b-a3a6-511ec217d887@group-21BA9BD4283D-LeaderElection334] INFO  impl.LeaderElection (LeaderElection.java:askForVotes(178)) - 7c431f9d-51bc-458b-a3a6-511ec217d887@group-21BA9BD4283D-LeaderElection334: begin an election at term 284 for -1: [67f35358-9777-4ff9-96f4-8a61bc3a94fe:192.168.34.62:37037, 7c431f9d-51bc-458b-a3a6-511ec217d887:192.168.34.62:40420, b9cfa588-8e56-4331-be2f-4c26f25c6739:192.168.34.62:34777], old=null
2019-10-17 06:48:10,156 [grpc-default-executor-4] INFO  impl.RaftServerImpl (RaftServerImpl.java:setRole(184)) - b9cfa588-8e56-4331-be2f-4c26f25c6739@group-21BA9BD4283D: changes role from  FOLLOWER to FOLLOWER at term 284 for recognizeCandidate:7c431f9d-51bc-458b-a3a6-511ec217d887
2019-10-17 06:48:10,156 [grpc-default-executor-4] INFO  impl.RoleInfo (RoleInfo.java:shutdownFollowerState(121)) - b9cfa588-8e56-4331-be2f-4c26f25c6739: shutdown FollowerState
2019-10-17 06:48:10,156 [grpc-default-executor-3] INFO  impl.RaftServerImpl (RaftServerImpl.java:setRole(184)) - 67f35358-9777-4ff9-96f4-8a61bc3a94fe@group-21BA9BD4283D: changes role from  FOLLOWER to FOLLOWER at term 284 for recognizeCandidate:7c431f9d-51bc-458b-a3a6-511ec217d887
2019-10-17 06:48:10,157 [grpc-default-executor-3] INFO  impl.RoleInfo (RoleInfo.java:shutdownFollowerState(121)) - 67f35358-9777-4ff9-96f4-8a61bc3a94fe: shutdown FollowerState
2019-10-17 06:48:10,157 [Thread-2960] INFO  impl.FollowerState (FollowerState.java:run(117)) - b9cfa588-8e56-4331-be2f-4c26f25c6739@group-21BA9BD4283D-FollowerState was interrupted: java.lang.InterruptedException: sleep interrupted
2019-10-17 06:48:10,157 [grpc-default-executor-4] INFO  impl.RoleInfo (RoleInfo.java:updateAndGet(143)) - b9cfa588-8e56-4331-be2f-4c26f25c6739: start FollowerState
2019-10-17 06:48:10,157 [Thread-2959] INFO  impl.FollowerState (FollowerState.java:run(117)) - 67f35358-9777-4ff9-96f4-8a61bc3a94fe@group-21BA9BD4283D-FollowerState was interrupted: java.lang.InterruptedException: sleep interrupted
2019-10-17 06:48:10,157 [grpc-default-executor-3] INFO  impl.RoleInfo (RoleInfo.java:updateAndGet(143)) - 67f35358-9777-4ff9-96f4-8a61bc3a94fe: start FollowerState
2019-10-17 06:48:10,170 [7c431f9d-51bc-458b-a3a6-511ec217d887@group-21BA9BD4283D-LeaderElection334] INFO  impl.LeaderElection (LeaderElection.java:logAndReturn(56)) - 7c431f9d-51bc-458b-a3a6-511ec217d887@group-21BA9BD4283D-LeaderElection334: Election REJECTED; received 2 response(s) [7c431f9d-51bc-458b-a3a6-511ec217d887<-67f35358-9777-4ff9-96f4-8a61bc3a94fe#0:FAIL-t284, 7c431f9d-51bc-458b-a3a6-511ec217d887<-b9cfa588-8e56-4331-be2f-4c26f25c6739#0:FAIL-t284] and 0 exception(s); 7c431f9d-51bc-458b-a3a6-511ec217d887@group-21BA9BD4283D:t284, leader=null, voted=7c431f9d-51bc-458b-a3a6-511ec217d887, raftlog=7c431f9d-51bc-458b-a3a6-511ec217d887@group-21BA9BD4283D-SegmentedRaftLog:OPENED:c-1,f-1,i0, conf=-1: [67f35358-9777-4ff9-96f4-8a61bc3a94fe:192.168.34.62:37037, 7c431f9d-51bc-458b-a3a6-511ec217d887:192.168.34.62:40420, b9cfa588-8e56-4331-be2f-4c26f25c6739:192.168.34.62:34777], old=null
2019-10-17 06:48:10,170 [7c431f9d-51bc-458b-a3a6-511ec217d887@group-21BA9BD4283D-LeaderElection334] INFO  impl.RaftServerImpl (RaftServerImpl.java:setRole(184)) - 7c431f9d-51bc-458b-a3a6-511ec217d887@group-21BA9BD4283D: changes role from CANDIDATE to FOLLOWER at term 284 for DISCOVERED_A_NEW_TERM
2019-10-17 06:48:10,170 [7c431f9d-51bc-458b-a3a6-511ec217d887@group-21BA9BD4283D-LeaderElection334] INFO  impl.RoleInfo (RoleInfo.java:shutdownLeaderElection(134)) - 7c431f9d-51bc-458b-a3a6-511ec217d887: shutdown LeaderElection
2019-10-17 06:48:10,171 [7c431f9d-51bc-458b-a3a6-511ec217d887@group-21BA9BD4283D-LeaderElection334] INFO  impl.RoleInfo (RoleInfo.java:updateAndGet(143)) - 7c431f9d-51bc-458b-a3a6-511ec217d887: start FollowerState
2019-10-17 06:48:10,321 [Thread-2967] INFO  impl.FollowerState (FollowerState.java:run(108)) - 7c431f9d-51bc-458b-a3a6-511ec217d887@group-21BA9BD4283D-FollowerState: change to CANDIDATE, lastRpcTime:150ms, electionTimeout:150ms
2019-10-17 06:48:10,321 [Thread-2967] INFO  impl.RoleInfo (RoleInfo.java:shutdownFollowerState(121)) - 7c431f9d-51bc-458b-a3a6-511ec217d887: shutdown FollowerState
2019-10-17 06:48:10,321 [Thread-2967] INFO  impl.RaftServerImpl (RaftServerImpl.java:setRole(184)) - 7c431f9d-51bc-458b-a3a6-511ec217d887@group-21BA9BD4283D: changes role from  FOLLOWER to CANDIDATE at term 284 for changeToCandidate
2019-10-17 06:48:10,321 [Thread-2967] INFO  impl.RoleInfo (RoleInfo.java:updateAndGet(143)) - 7c431f9d-51bc-458b-a3a6-511ec217d887: start LeaderElection
2019-10-17 06:48:10,356 [7c431f9d-51bc-458b-a3a6-511ec217d887@group-21BA9BD4283D-LeaderElection335] INFO  impl.LeaderElection (LeaderElection.java:askForVotes(178)) - 7c431f9d-51bc-458b-a3a6-511ec217d887@group-21BA9BD4283D-LeaderElection335: begin an election at term 285 for -1: [67f35358-9777-4ff9-96f4-8a61bc3a94fe:192.168.34.62:37037, 7c431f9d-51bc-458b-a3a6-511ec217d887:192.168.34.62:40420, b9cfa588-8e56-4331-be2f-4c26f25c6739:192.168.34.62:34777], old=null
2019-10-17 06:48:10,358 [grpc-default-executor-4] INFO  impl.RaftServerImpl (RaftServerImpl.java:setRole(184)) - b9cfa588-8e56-4331-be2f-4c26f25c6739@group-21BA9BD4283D: changes role from  FOLLOWER to FOLLOWER at term 285 for recognizeCandidate:7c431f9d-51bc-458b-a3a6-511ec217d887
2019-10-17 06:48:10,358 [grpc-default-executor-3] INFO  impl.RaftServerImpl (RaftServerImpl.java:setRole(184)) - 67f35358-9777-4ff9-96f4-8a61bc3a94fe@group-21BA9BD4283D: changes role from  FOLLOWER to FOLLOWER at term 285 for recognizeCandidate:7c431f9d-51bc-458b-a3a6-511ec217d887
2019-10-17 06:48:10,358 [grpc-default-executor-4] INFO  impl.RoleInfo (RoleInfo.java:shutdownFollowerState(121)) - b9cfa588-8e56-4331-be2f-4c26f25c6739: shutdown FollowerState
2019-10-17 06:48:10,358 [grpc-default-executor-3] INFO  impl.RoleInfo (RoleInfo.java:shutdownFollowerState(121)) - 67f35358-9777-4ff9-96f4-8a61bc3a94fe: shutdown FollowerState
2019-10-17 06:48:10,358 [Thread-2965] INFO  impl.FollowerState (FollowerState.java:run(117)) - b9cfa588-8e56-4331-be2f-4c26f25c6739@group-21BA9BD4283D-FollowerState was interrupted: java.lang.InterruptedException: sleep interrupted
2019-10-17 06:48:10,358 [grpc-default-executor-4] INFO  impl.RoleInfo (RoleInfo.java:updateAndGet(143)) - b9cfa588-8e56-4331-be2f-4c26f25c6739: start FollowerState
2019-10-17 06:48:10,358 [grpc-default-executor-3] INFO  impl.RoleInfo (RoleInfo.java:updateAndGet(143)) - 67f35358-9777-4ff9-96f4-8a61bc3a94fe: start FollowerState
2019-10-17 06:48:10,359 [Thread-2966] INFO  impl.FollowerState (FollowerState.java:run(117)) - 67f35358-9777-4ff9-96f4-8a61bc3a94fe@group-21BA9BD4283D-FollowerState was interrupted: java.lang.InterruptedException: sleep interrupted
2019-10-17 06:48:10,368 [7c431f9d-51bc-458b-a3a6-511ec217d887@group-21BA9BD4283D-LeaderElection335] INFO  impl.LeaderElection (LeaderElection.java:logAndReturn(56)) - 7c431f9d-51bc-458b-a3a6-511ec217d887@group-21BA9BD4283D-LeaderElection335: Election REJECTED; received 2 response(s) [7c431f9d-51bc-458b-a3a6-511ec217d887<-67f35358-9777-4ff9-96f4-8a61bc3a94fe#0:FAIL-t285, 7c431f9d-51bc-458b-a3a6-511ec217d887<-b9cfa588-8e56-4331-be2f-4c26f25c6739#0:FAIL-t285] and 0 exception(s); 7c431f9d-51bc-458b-a3a6-511ec217d887@group-21BA9BD4283D:t285, leader=null, voted=7c431f9d-51bc-458b-a3a6-511ec217d887, raftlog=7c431f9d-51bc-458b-a3a6-511ec217d887@group-21BA9BD4283D-SegmentedRaftLog:OPENED:c-1,f-1,i0, conf=-1: [67f35358-9777-4ff9-96f4-8a61bc3a94fe:192.168.34.62:37037, 7c431f9d-51bc-458b-a3a6-511ec217d887:192.168.34.62:40420, b9cfa588-8e56-4331-be2f-4c26f25c6739:192.168.34.62:34777], old=null
2019-10-17 06:48:10,369 [7c431f9d-51bc-458b-a3a6-511ec217d887@group-21BA9BD4283D-LeaderElection335] INFO  impl.RaftServerImpl (RaftServerImpl.java:setRole(184)) - 7c431f9d-51bc-458b-a3a6-511ec217d887@group-21BA9BD4283D: changes role from CANDIDATE to FOLLOWER at term 285 for DISCOVERED_A_NEW_TERM
2019-10-17 06:48:10,369 [7c431f9d-51bc-458b-a3a6-511ec217d887@group-21BA9BD4283D-LeaderElection335] INFO  impl.RoleInfo (RoleInfo.java:shutdownLeaderElection(134)) - 7c431f9d-51bc-458b-a3a6-511ec217d887: shutdown LeaderElection
2019-10-17 06:48:10,369 [7c431f9d-51bc-458b-a3a6-511ec217d887@group-21BA9BD4283D-LeaderElection335] INFO  impl.RoleInfo (RoleInfo.java:updateAndGet(143)) - 7c431f9d-51bc-458b-a3a6-511ec217d887: start FollowerState
2019-10-17 06:48:10,399 [Thread-2973] INFO  impl.FollowerState (FollowerState.java:run(108)) - 7c431f9d-51bc-458b-a3a6-511ec217d887@group-21BA9BD4283D-FollowerState: change to CANDIDATE, lastRpcTime:30ms, electionTimeout:30ms
2019-10-17 06:48:10,400 [Thread-2973] INFO  impl.RoleInfo (RoleInfo.java:shutdownFollowerState(121)) - 7c431f9d-51bc-458b-a3a6-511ec217d887: shutdown FollowerState
2019-10-17 06:48:10,400 [Thread-2973] INFO  impl.RaftServerImpl (RaftServerImpl.java:setRole(184)) - 7c431f9d-51bc-458b-a3a6-511ec217d887@group-21BA9BD4283D: changes role from  FOLLOWER to CANDIDATE at term 285 for changeToCandidate
2019-10-17 06:48:10,400 [Thread-2973] INFO  impl.RoleInfo (RoleInfo.java:updateAndGet(143)) - 7c431f9d-51bc-458b-a3a6-511ec217d887: start LeaderElection
2019-10-17 06:48:10,411 [7c431f9d-51bc-458b-a3a6-511ec217d887@group-21BA9BD4283D-LeaderElection336] INFO  impl.LeaderElection (LeaderElection.java:askForVotes(178)) - 7c431f9d-51bc-458b-a3a6-511ec217d887@group-21BA9BD4283D-LeaderElection336: begin an election at term 286 for -1: [67f35358-9777-4ff9-96f4-8a61bc3a94fe:192.168.34.62:37037, 7c431f9d-51bc-458b-a3a6-511ec217d887:192.168.34.62:40420, b9cfa588-8e56-4331-be2f-4c26f25c6739:192.168.34.62:34777], old=null
2019-10-17 06:48:10,412 [grpc-default-executor-3] INFO  impl.RaftServerImpl (RaftServerImpl.java:setRole(184)) - 67f35358-9777-4ff9-96f4-8a61bc3a94fe@group-21BA9BD4283D: changes role from  FOLLOWER to FOLLOWER at term 286 for recognizeCandidate:7c431f9d-51bc-458b-a3a6-511ec217d887
2019-10-17 06:48:10,413 [grpc-default-executor-3] INFO  impl.RoleInfo (RoleInfo.java:shutdownFollowerState(121)) - 67f35358-9777-4ff9-96f4-8a61bc3a94fe: shutdown FollowerState
2019-10-17 06:48:10,413 [grpc-default-executor-3] INFO  impl.RoleInfo (RoleInfo.java:updateAndGet(143)) - 67f35358-9777-4ff9-96f4-8a61bc3a94fe: start FollowerState
2019-10-17 06:48:10,413 [Thread-2972] INFO  impl.FollowerState (FollowerState.java:run(117)) - 67f35358-9777-4ff9-96f4-8a61bc3a94fe@group-21BA9BD4283D-FollowerState was interrupted: java.lang.InterruptedException: sleep interrupted
2019-10-17 06:48:10,413 [grpc-default-executor-4] INFO  impl.RaftServerImpl (RaftServerImpl.java:setRole(184)) - b9cfa588-8e56-4331-be2f-4c26f25c6739@group-21BA9BD4283D: changes role from  FOLLOWER to FOLLOWER at term 286 for recognizeCandidate:7c431f9d-51bc-458b-a3a6-511ec217d887
2019-10-17 06:48:10,413 [grpc-default-executor-4] INFO  impl.RoleInfo (RoleInfo.java:shutdownFollowerState(121)) - b9cfa588-8e56-4331-be2f-4c26f25c6739: shutdown FollowerState
2019-10-17 06:48:10,413 [grpc-default-executor-4] INFO  impl.RoleInfo (RoleInfo.java:updateAndGet(143)) - b9cfa588-8e56-4331-be2f-4c26f25c6739: start FollowerState
2019-10-17 06:48:10,413 [Thread-2971] INFO  impl.FollowerState (FollowerState.java:run(117)) - b9cfa588-8e56-4331-be2f-4c26f25c6739@group-21BA9BD4283D-FollowerState was interrupted: java.lang.InterruptedException: sleep interrupted
2019-10-17 06:48:10,426 [7c431f9d-51bc-458b-a3a6-511ec217d887@group-21BA9BD4283D-LeaderElection336] INFO  impl.LeaderElection (LeaderElection.java:logAndReturn(56)) - 7c431f9d-51bc-458b-a3a6-511ec217d887@group-21BA9BD4283D-LeaderElection336: Election REJECTED; received 2 response(s) [7c431f9d-51bc-458b-a3a6-511ec217d887<-67f35358-9777-4ff9-96f4-8a61bc3a94fe#0:FAIL-t286, 7c431f9d-51bc-458b-a3a6-511ec217d887<-b9cfa588-8e56-4331-be2f-4c26f25c6739#0:FAIL-t286] and 0 exception(s); 7c431f9d-51bc-458b-a3a6-511ec217d887@group-21BA9BD4283D:t286, leader=null, voted=7c431f9d-51bc-458b-a3a6-511ec217d887, raftlog=7c431f9d-51bc-458b-a3a6-511ec217d887@group-21BA9BD4283D-SegmentedRaftLog:OPENED:c-1,f-1,i0, conf=-1: [67f35358-9777-4ff9-96f4-8a61bc3a94fe:192.168.34.62:37037, 7c431f9d-51bc-458b-a3a6-511ec217d887:192.168.34.62:40420, b9cfa588-8e56-4331-be2f-4c26f25c6739:192.168.34.62:34777], old=null
2019-10-17 06:48:10,426 [7c431f9d-51bc-458b-a3a6-511ec217d887@group-21BA9BD4283D-LeaderElection336] INFO  impl.RaftServerImpl (RaftServerImpl.java:setRole(184)) - 7c431f9d-51bc-458b-a3a6-511ec217d887@group-21BA9BD4283D: changes role from CANDIDATE to FOLLOWER at term 286 for DISCOVERED_A_NEW_TERM
2019-10-17 06:48:10,426 [7c431f9d-51bc-458b-a3a6-511ec217d887@group-21BA9BD4283D-LeaderElection336] INFO  impl.RoleInfo (RoleInfo.java:shutdownLeaderElection(134)) - 7c431f9d-51bc-458b-a3a6-511ec217d887: shutdown LeaderElection
2019-10-17 06:48:10,426 [7c431f9d-51bc-458b-a3a6-511ec217d887@group-21BA9BD4283D-LeaderElection336] INFO  impl.RoleInfo (RoleInfo.java:updateAndGet(143)) - 7c431f9d-51bc-458b-a3a6-511ec217d887: start FollowerState
2019-10-17 06:48:10,614 [Thread-2979] INFO  impl.FollowerState (FollowerState.java:run(108)) - 7c431f9d-51bc-458b-a3a6-511ec217d887@group-21BA9BD4283D-FollowerState: change to CANDIDATE, lastRpcTime:187ms, electionTimeout:187ms
2019-10-17 06:48:10,614 [Thread-2979] INFO  impl.RoleInfo (RoleInfo.java:shutdownFollowerState(121)) - 7c431f9d-51bc-458b-a3a6-511ec217d887: shutdown FollowerState
2019-10-17 06:48:10,614 [Thread-2979] INFO  impl.RaftServerImpl (RaftServerImpl.java:setRole(184)) - 7c431f9d-51bc-458b-a3a6-511ec217d887@group-21BA9BD4283D: changes role from  FOLLOWER to CANDIDATE at term 286 for changeToCandidate
2019-10-17 06:48:10,614 [Thread-2979] INFO  impl.RoleInfo (RoleInfo.java:updateAndGet(143)) - 7c431f9d-51bc-458b-a3a6-511ec217d887: start LeaderElection
2019-10-17 06:48:10,637 [7c431f9d-51bc-458b-a3a6-511ec217d887@group-21BA9BD4283D-LeaderElection337] INFO  impl.LeaderElection (LeaderElection.java:askForVotes(178)) - 7c431f9d-51bc-458b-a3a6-511ec217d887@group-21BA9BD4283D-LeaderElection337: begin an election at term 287 for -1: [67f35358-9777-4ff9-96f4-8a61bc3a94fe:192.168.34.62:37037, 7c431f9d-51bc-458b-a3a6-511ec217d887:192.168.34.62:40420, b9cfa588-8e56-4331-be2f-4c26f25c6739:192.168.34.62:34777], old=null
2019-10-17 06:48:10,639 [grpc-default-executor-3] INFO  impl.RaftServerImpl (RaftServerImpl.java:setRole(184)) - b9cfa588-8e56-4331-be2f-4c26f25c6739@group-21BA9BD4283D: changes role from  FOLLOWER to FOLLOWER at term 287 for recognizeCandidate:7c431f9d-51bc-458b-a3a6-511ec217d887
2019-10-17 06:48:10,639 [grpc-default-executor-3] INFO  impl.RoleInfo (RoleInfo.java:shutdownFollowerState(121)) - b9cfa588-8e56-4331-be2f-4c26f25c6739: shutdown FollowerState
2019-10-17 06:48:10,639 [grpc-default-executor-3] INFO  impl.RoleInfo (RoleInfo.java:updateAndGet(143)) - b9cfa588-8e56-4331-be2f-4c26f25c6739: start FollowerState
2019-10-17 06:48:10,639 [Thread-2978] INFO  impl.FollowerState (FollowerState.java:run(117)) - b9cfa588-8e56-4331-be2f-4c26f25c6739@group-21BA9BD4283D-FollowerState was interrupted: java.lang.InterruptedException: sleep interrupted
2019-10-17 06:48:10,639 [grpc-default-executor-4] INFO  impl.RaftServerImpl (RaftServerImpl.java:setRole(184)) - 67f35358-9777-4ff9-96f4-8a61bc3a94fe@group-21BA9BD4283D: changes role from  FOLLOWER to FOLLOWER at term 287 for recognizeCandidate:7c431f9d-51bc-458b-a3a6-511ec217d887
2019-10-17 06:48:10,639 [grpc-default-executor-4] INFO  impl.RoleInfo (RoleInfo.java:shutdownFollowerState(121)) - 67f35358-9777-4ff9-96f4-8a61bc3a94fe: shutdown FollowerState
2019-10-17 06:48:10,639 [grpc-default-executor-4] INFO  impl.RoleInfo (RoleInfo.java:updateAndGet(143)) - 67f35358-9777-4ff9-96f4-8a61bc3a94fe: start FollowerState
2019-10-17 06:48:10,639 [Thread-2977] INFO  impl.FollowerState (FollowerState.java:run(117)) - 67f35358-9777-4ff9-96f4-8a61bc3a94fe@group-21BA9BD4283D-FollowerState was interrupted: java.lang.InterruptedException: sleep interrupted
2019-10-17 06:48:10,654 [7c431f9d-51bc-458b-a3a6-511ec217d887@group-21BA9BD4283D-LeaderElection337] INFO  impl.LeaderElection (LeaderElection.java:logAndReturn(56)) - 7c431f9d-51bc-458b-a3a6-511ec217d887@group-21BA9BD4283D-LeaderElection337: Election REJECTED; received 2 response(s) [7c431f9d-51bc-458b-a3a6-511ec217d887<-67f35358-9777-4ff9-96f4-8a61bc3a94fe#0:FAIL-t287, 7c431f9d-51bc-458b-a3a6-511ec217d887<-b9cfa588-8e56-4331-be2f-4c26f25c6739#0:FAIL-t287] and 0 exception(s); 7c431f9d-51bc-458b-a3a6-511ec217d887@group-21BA9BD4283D:t287, leader=null, voted=7c431f9d-51bc-458b-a3a6-511ec217d887, raftlog=7c431f9d-51bc-458b-a3a6-511ec217d887@group-21BA9BD4283D-SegmentedRaftLog:OPENED:c-1,f-1,i0, conf=-1: [67f35358-9777-4ff9-96f4-8a61bc3a94fe:192.168.34.62:37037, 7c431f9d-51bc-458b-a3a6-511ec217d887:192.168.34.62:40420, b9cfa588-8e56-4331-be2f-4c26f25c6739:192.168.34.62:34777], old=null
2019-10-17 06:48:10,654 [7c431f9d-51bc-458b-a3a6-511ec217d887@group-21BA9BD4283D-LeaderElection337] INFO  impl.RaftServerImpl (RaftServerImpl.java:setRole(184)) - 7c431f9d-51bc-458b-a3a6-511ec217d887@group-21BA9BD4283D: changes role from CANDIDATE to FOLLOWER at term 287 for DISCOVERED_A_NEW_TERM
2019-10-17 06:48:10,654 [7c431f9d-51bc-458b-a3a6-511ec217d887@group-21BA9BD4283D-LeaderElection337] INFO  impl.RoleInfo (RoleInfo.java:shutdownLeaderElection(134)) - 7c431f9d-51bc-458b-a3a6-511ec217d887: shutdown LeaderElection
2019-10-17 06:48:10,654 [7c431f9d-51bc-458b-a3a6-511ec217d887@group-21BA9BD4283D-LeaderElection337] INFO  impl.RoleInfo (RoleInfo.java:updateAndGet(143)) - 7c431f9d-51bc-458b-a3a6-511ec217d887: start FollowerState
2019-10-17 06:48:10,666 [Thread-2985] INFO  impl.FollowerState (FollowerState.java:run(108)) - 7c431f9d-51bc-458b-a3a6-511ec217d887@group-21BA9BD4283D-FollowerState: change to CANDIDATE, lastRpcTime:12ms, electionTimeout:12ms
2019-10-17 06:48:10,667 [Thread-2985] INFO  impl.RoleInfo (RoleInfo.java:shutdownFollowerState(121)) - 7c431f9d-51bc-458b-a3a6-511ec217d887: shutdown FollowerState
2019-10-17 06:48:10,667 [Thread-2985] INFO  impl.RaftServerImpl (RaftServerImpl.java:setRole(184)) - 7c431f9d-51bc-458b-a3a6-511ec217d887@group-21BA9BD4283D: changes role from  FOLLOWER to CANDIDATE at term 287 for changeToCandidate
2019-10-17 06:48:10,667 [Thread-2985] INFO  impl.RoleInfo (RoleInfo.java:updateAndGet(143)) - 7c431f9d-51bc-458b-a3a6-511ec217d887: start LeaderElection
2019-10-17 06:48:10,688 [7c431f9d-51bc-458b-a3a6-511ec217d887@group-21BA9BD4283D-LeaderElection338] INFO  impl.LeaderElection (LeaderElection.java:askForVotes(178)) - 7c431f9d-51bc-458b-a3a6-511ec217d887@group-21BA9BD4283D-LeaderElection338: begin an election at term 288 for -1: [67f35358-9777-4ff9-96f4-8a61bc3a94fe:192.168.34.62:37037, 7c431f9d-51bc-458b-a3a6-511ec217d887:192.168.34.62:40420, b9cfa588-8e56-4331-be2f-4c26f25c6739:192.168.34.62:34777], old=null
2019-10-17 06:48:10,689 [grpc-default-executor-4] INFO  impl.RaftServerImpl (RaftServerImpl.java:setRole(184)) - b9cfa588-8e56-4331-be2f-4c26f25c6739@group-21BA9BD4283D: changes role from  FOLLOWER to FOLLOWER at term 288 for recognizeCandidate:7c431f9d-51bc-458b-a3a6-511ec217d887
2019-10-17 06:48:10,689 [grpc-default-executor-3] INFO  impl.RaftServerImpl (RaftServerImpl.java:setRole(184)) - 67f35358-9777-4ff9-96f4-8a61bc3a94fe@group-21BA9BD4283D: changes role from  FOLLOWER to FOLLOWER at term 288 for recognizeCandidate:7c431f9d-51bc-458b-a3a6-511ec217d887
2019-10-17 06:48:10,689 [grpc-default-executor-4] INFO  impl.RoleInfo (RoleInfo.java:shutdownFollowerState(121)) - b9cfa588-8e56-4331-be2f-4c26f25c6739: shutdown FollowerState
2019-10-17 06:48:10,689 [grpc-default-executor-3] INFO  impl.RoleInfo (RoleInfo.java:shutdownFollowerState(121)) - 67f35358-9777-4ff9-96f4-8a61bc3a94fe: shutdown FollowerState
2019-10-17 06:48:10,690 [Thread-2983] INFO  impl.FollowerState (FollowerState.java:run(117)) - b9cfa588-8e56-4331-be2f-4c26f25c6739@group-21BA9BD4283D-FollowerState was interrupted: java.lang.InterruptedException: sleep interrupted
2019-10-17 06:48:10,689 [grpc-default-executor-4] INFO  impl.RoleInfo (RoleInfo.java:updateAndGet(143)) - b9cfa588-8e56-4331-be2f-4c26f25c6739: start FollowerState
2019-10-17 06:48:10,690 [grpc-default-executor-3] INFO  impl.RoleInfo (RoleInfo.java:updateAndGet(143)) - 67f35358-9777-4ff9-96f4-8a61bc3a94fe: start FollowerState
2019-10-17 06:48:10,690 [Thread-2984] INFO  impl.FollowerState (FollowerState.java:run(117)) - 67f35358-9777-4ff9-96f4-8a61bc3a94fe@group-21BA9BD4283D-FollowerState was interrupted: java.lang.InterruptedException: sleep interrupted
2019-10-17 06:48:10,714 [7c431f9d-51bc-458b-a3a6-511ec217d887@group-21BA9BD4283D-LeaderElection338] INFO  impl.LeaderElection (LeaderElection.java:logAndReturn(56)) - 7c431f9d-51bc-458b-a3a6-511ec217d887@group-21BA9BD4283D-LeaderElection338: Election REJECTED; received 2 response(s) [7c431f9d-51bc-458b-a3a6-511ec217d887<-67f35358-9777-4ff9-96f4-8a61bc3a94fe#0:FAIL-t288, 7c431f9d-51bc-458b-a3a6-511ec217d887<-b9cfa588-8e56-4331-be2f-4c26f25c6739#0:FAIL-t288] and 0 exception(s); 7c431f9d-51bc-458b-a3a6-511ec217d887@group-21BA9BD4283D:t288, leader=null, voted=7c431f9d-51bc-458b-a3a6-511ec217d887, raftlog=7c431f9d-51bc-458b-a3a6-511ec217d887@group-21BA9BD4283D-SegmentedRaftLog:OPENED:c-1,f-1,i0, conf=-1: [67f35358-9777-4ff9-96f4-8a61bc3a94fe:192.168.34.62:37037, 7c431f9d-51bc-458b-a3a6-511ec217d887:192.168.34.62:40420, b9cfa588-8e56-4331-be2f-4c26f25c6739:192.168.34.62:34777], old=null
2019-10-17 06:48:10,714 [7c431f9d-51bc-458b-a3a6-511ec217d887@group-21BA9BD4283D-LeaderElection338] INFO  impl.RaftServerImpl (RaftServerImpl.java:setRole(184)) - 7c431f9d-51bc-458b-a3a6-511ec217d887@group-21BA9BD4283D: changes role from CANDIDATE to FOLLOWER at term 288 for DISCOVERED_A_NEW_TERM
2019-10-17 06:48:10,714 [7c431f9d-51bc-458b-a3a6-511ec217d887@group-21BA9BD4283D-LeaderElection338] INFO  impl.RoleInfo (RoleInfo.java:shutdownLeaderElection(134)) - 7c431f9d-51bc-458b-a3a6-511ec217d887: shutdown LeaderElection
2019-10-17 06:48:10,714 [7c431f9d-51bc-458b-a3a6-511ec217d887@group-21BA9BD4283D-LeaderElection338] INFO  impl.RoleInfo (RoleInfo.java:updateAndGet(143)) - 7c431f9d-51bc-458b-a3a6-511ec217d887: start FollowerState
2019-10-17 06:48:10,810 [Thread-2991] INFO  impl.FollowerState (FollowerState.java:run(108)) - 7c431f9d-51bc-458b-a3a6-511ec217d887@group-21BA9BD4283D-FollowerState: change to CANDIDATE, lastRpcTime:96ms, electionTimeout:96ms
2019-10-17 06:48:10,811 [Thread-2991] INFO  impl.RoleInfo (RoleInfo.java:shutdownFollowerState(121)) - 7c431f9d-51bc-458b-a3a6-511ec217d887: shutdown FollowerState
2019-10-17 06:48:10,811 [Thread-2991] INFO  impl.RaftServerImpl (RaftServerImpl.java:setRole(184)) - 7c431f9d-51bc-458b-a3a6-511ec217d887@group-21BA9BD4283D: changes role from  FOLLOWER to CANDIDATE at term 288 for changeToCandidate
2019-10-17 06:48:10,811 [Thread-2991] INFO  impl.RoleInfo (RoleInfo.java:updateAndGet(143)) - 7c431f9d-51bc-458b-a3a6-511ec217d887: start LeaderElection
2019-10-17 06:48:10,835 [7c431f9d-51bc-458b-a3a6-511ec217d887@group-21BA9BD4283D-LeaderElection339] INFO  impl.LeaderElection (LeaderElection.java:askForVotes(178)) - 7c431f9d-51bc-458b-a3a6-511ec217d887@group-21BA9BD4283D-LeaderElection339: begin an election at term 289 for -1: [67f35358-9777-4ff9-96f4-8a61bc3a94fe:192.168.34.62:37037, 7c431f9d-51bc-458b-a3a6-511ec217d887:192.168.34.62:40420, b9cfa588-8e56-4331-be2f-4c26f25c6739:192.168.34.62:34777], old=null
2019-10-17 06:48:10,837 [grpc-default-executor-4] INFO  impl.RaftServerImpl (RaftServerImpl.java:setRole(184)) - 67f35358-9777-4ff9-96f4-8a61bc3a94fe@group-21BA9BD4283D: changes role from  FOLLOWER to FOLLOWER at term 289 for recognizeCandidate:7c431f9d-51bc-458b-a3a6-511ec217d887
2019-10-17 06:48:10,837 [grpc-default-executor-3] INFO  impl.RaftServerImpl (RaftServerImpl.java:setRole(184)) - b9cfa588-8e56-4331-be2f-4c26f25c6739@group-21BA9BD4283D: changes role from  FOLLOWER to FOLLOWER at term 289 for recognizeCandidate:7c431f9d-51bc-458b-a3a6-511ec217d887
2019-10-17 06:48:10,837 [grpc-default-executor-4] INFO  impl.RoleInfo (RoleInfo.java:shutdownFollowerState(121)) - 67f35358-9777-4ff9-96f4-8a61bc3a94fe: shutdown FollowerState
2019-10-17 06:48:10,837 [grpc-default-executor-3] INFO  impl.RoleInfo (RoleInfo.java:shutdownFollowerState(121)) - b9cfa588-8e56-4331-be2f-4c26f25c6739: shutdown FollowerState
2019-10-17 06:48:10,837 [Thread-2990] INFO  impl.FollowerState (FollowerState.java:run(117)) - 67f35358-9777-4ff9-96f4-8a61bc3a94fe@group-21BA9BD4283D-FollowerState was interrupted: java.lang.InterruptedException: sleep interrupted
2019-10-17 06:48:10,837 [grpc-default-executor-4] INFO  impl.RoleInfo (RoleInfo.java:updateAndGet(143)) - 67f35358-9777-4ff9-96f4-8a61bc3a94fe: start FollowerState
2019-10-17 06:48:10,838 [Thread-2989] INFO  impl.FollowerState (FollowerState.java:run(117)) - b9cfa588-8e56-4331-be2f-4c26f25c6739@group-21BA9BD4283D-FollowerState was interrupted: java.lang.InterruptedException: sleep interrupted
2019-10-17 06:48:10,837 [grpc-default-executor-3] INFO  impl.RoleInfo (RoleInfo.java:updateAndGet(143)) - b9cfa588-8e56-4331-be2f-4c26f25c6739: start FollowerState
2019-10-17 06:48:10,851 [7c431f9d-51bc-458b-a3a6-511ec217d887@group-21BA9BD4283D-LeaderElection339] INFO  impl.LeaderElection (LeaderElection.java:logAndReturn(56)) - 7c431f9d-51bc-458b-a3a6-511ec217d887@group-21BA9BD4283D-LeaderElection339: Election REJECTED; received 2 response(s) [7c431f9d-51bc-458b-a3a6-511ec217d887<-67f35358-9777-4ff9-96f4-8a61bc3a94fe#0:FAIL-t289, 7c431f9d-51bc-458b-a3a6-511ec217d887<-b9cfa588-8e56-4331-be2f-4c26f25c6739#0:FAIL-t289] and 0 exception(s); 7c431f9d-51bc-458b-a3a6-511ec217d887@group-21BA9BD4283D:t289, leader=null, voted=7c431f9d-51bc-458b-a3a6-511ec217d887, raftlog=7c431f9d-51bc-458b-a3a6-511ec217d887@group-21BA9BD4283D-SegmentedRaftLog:OPENED:c-1,f-1,i0, conf=-1: [67f35358-9777-4ff9-96f4-8a61bc3a94fe:192.168.34.62:37037, 7c431f9d-51bc-458b-a3a6-511ec217d887:192.168.34.62:40420, b9cfa588-8e56-4331-be2f-4c26f25c6739:192.168.34.62:34777], old=null
2019-10-17 06:48:10,851 [7c431f9d-51bc-458b-a3a6-511ec217d887@group-21BA9BD4283D-LeaderElection339] INFO  impl.RaftServerImpl (RaftServerImpl.java:setRole(184)) - 7c431f9d-51bc-458b-a3a6-511ec217d887@group-21BA9BD4283D: changes role from CANDIDATE to FOLLOWER at term 289 for DISCOVERED_A_NEW_TERM
2019-10-17 06:48:10,852 [7c431f9d-51bc-458b-a3a6-511ec217d887@group-21BA9BD4283D-LeaderElection339] INFO  impl.RoleInfo (RoleInfo.java:shutdownLeaderElection(134)) - 7c431f9d-51bc-458b-a3a6-511ec217d887: shutdown LeaderElection
2019-10-17 06:48:10,852 [7c431f9d-51bc-458b-a3a6-511ec217d887@group-21BA9BD4283D-LeaderElection339] INFO  impl.RoleInfo (RoleInfo.java:updateAndGet(143)) - 7c431f9d-51bc-458b-a3a6-511ec217d887: start FollowerState
2019-10-17 06:48:11,029 [Thread-2997] INFO  impl.FollowerState (FollowerState.java:run(108)) - 7c431f9d-51bc-458b-a3a6-511ec217d887@group-21BA9BD4283D-FollowerState: change to CANDIDATE, lastRpcTime:177ms, electionTimeout:177ms
2019-10-17 06:48:11,029 [Thread-2997] INFO  impl.RoleInfo (RoleInfo.java:shutdownFollowerState(121)) - 7c431f9d-51bc-458b-a3a6-511ec217d887: shutdown FollowerState
2019-10-17 06:48:11,029 [Thread-2997] INFO  impl.RaftServerImpl (RaftServerImpl.java:setRole(184)) - 7c431f9d-51bc-458b-a3a6-511ec217d887@group-21BA9BD4283D: changes role from  FOLLOWER to CANDIDATE at term 289 for changeToCandidate
2019-10-17 06:48:11,029 [Thread-2997] INFO  impl.RoleInfo (RoleInfo.java:updateAndGet(143)) - 7c431f9d-51bc-458b-a3a6-511ec217d887: start LeaderElection
2019-10-17 06:48:11,057 [7c431f9d-51bc-458b-a3a6-511ec217d887@group-21BA9BD4283D-LeaderElection340] INFO  impl.LeaderElection (LeaderElection.java:askForVotes(178)) - 7c431f9d-51bc-458b-a3a6-511ec217d887@group-21BA9BD4283D-LeaderElection340: begin an election at term 290 for -1: [67f35358-9777-4ff9-96f4-8a61bc3a94fe:192.168.34.62:37037, 7c431f9d-51bc-458b-a3a6-511ec217d887:192.168.34.62:40420, b9cfa588-8e56-4331-be2f-4c26f25c6739:192.168.34.62:34777], old=null
2019-10-17 06:48:11,058 [grpc-default-executor-3] INFO  impl.RaftServerImpl (RaftServerImpl.java:setRole(184)) - 67f35358-9777-4ff9-96f4-8a61bc3a94fe@group-21BA9BD4283D: changes role from  FOLLOWER to FOLLOWER at term 290 for recognizeCandidate:7c431f9d-51bc-458b-a3a6-511ec217d887
2019-10-17 06:48:11,058 [grpc-default-executor-4] INFO  impl.RaftServerImpl (RaftServerImpl.java:setRole(184)) - b9cfa588-8e56-4331-be2f-4c26f25c6739@group-21BA9BD4283D: changes role from  FOLLOWER to FOLLOWER at term 290 for recognizeCandidate:7c431f9d-51bc-458b-a3a6-511ec217d887
2019-10-17 06:48:11,059 [grpc-default-executor-4] INFO  impl.RoleInfo (RoleInfo.java:shutdownFollowerState(121)) - b9cfa588-8e56-4331-be2f-4c26f25c6739: shutdown FollowerState
2019-10-17 06:48:11,059 [grpc-default-executor-3] INFO  impl.RoleInfo (RoleInfo.java:shutdownFollowerState(121)) - 67f35358-9777-4ff9-96f4-8a61bc3a94fe: shutdown FollowerState
2019-10-17 06:48:11,059 [Thread-2996] INFO  impl.FollowerState (FollowerState.java:run(117)) - b9cfa588-8e56-4331-be2f-4c26f25c6739@group-21BA9BD4283D-FollowerState was interrupted: java.lang.InterruptedException: sleep interrupted
2019-10-17 06:48:11,059 [grpc-default-executor-4] INFO  impl.RoleInfo (RoleInfo.java:updateAndGet(143)) - b9cfa588-8e56-4331-be2f-4c26f25c6739: start FollowerState
2019-10-17 06:48:11,059 [Thread-2995] INFO  impl.FollowerState (FollowerState.java:run(117)) - 67f35358-9777-4ff9-96f4-8a61bc3a94fe@group-21BA9BD4283D-FollowerState was interrupted: java.lang.InterruptedException: sleep interrupted
2019-10-17 06:48:11,059 [grpc-default-executor-3] INFO  impl.RoleInfo (RoleInfo.java:updateAndGet(143)) - 67f35358-9777-4ff9-96f4-8a61bc3a94fe: start FollowerState
2019-10-17 06:48:11,078 [7c431f9d-51bc-458b-a3a6-511ec217d887@group-21BA9BD4283D-LeaderElection340] INFO  impl.LeaderElection (LeaderElection.java:logAndReturn(56)) - 7c431f9d-51bc-458b-a3a6-511ec217d887@group-21BA9BD4283D-LeaderElection340: Election REJECTED; received 2 response(s) [7c431f9d-51bc-458b-a3a6-511ec217d887<-67f35358-9777-4ff9-96f4-8a61bc3a94fe#0:FAIL-t290, 7c431f9d-51bc-458b-a3a6-511ec217d887<-b9cfa588-8e56-4331-be2f-4c26f25c6739#0:FAIL-t290] and 0 exception(s); 7c431f9d-51bc-458b-a3a6-511ec217d887@group-21BA9BD4283D:t290, leader=null, voted=7c431f9d-51bc-458b-a3a6-511ec217d887, raftlog=7c431f9d-51bc-458b-a3a6-511ec217d887@group-21BA9BD4283D-SegmentedRaftLog:OPENED:c-1,f-1,i0, conf=-1: [67f35358-9777-4ff9-96f4-8a61bc3a94fe:192.168.34.62:37037, 7c431f9d-51bc-458b-a3a6-511ec217d887:192.168.34.62:40420, b9cfa588-8e56-4331-be2f-4c26f25c6739:192.168.34.62:34777], old=null
2019-10-17 06:48:11,078 [7c431f9d-51bc-458b-a3a6-511ec217d887@group-21BA9BD4283D-LeaderElection340] INFO  impl.RaftServerImpl (RaftServerImpl.java:setRole(184)) - 7c431f9d-51bc-458b-a3a6-511ec217d887@group-21BA9BD4283D: changes role from CANDIDATE to FOLLOWER at term 290 for DISCOVERED_A_NEW_TERM
2019-10-17 06:48:11,078 [7c431f9d-51bc-458b-a3a6-511ec217d887@group-21BA9BD4283D-LeaderElection340] INFO  impl.RoleInfo (RoleInfo.java:shutdownLeaderElection(134)) - 7c431f9d-51bc-458b-a3a6-511ec217d887: shutdown LeaderElection
2019-10-17 06:48:11,078 [7c431f9d-51bc-458b-a3a6-511ec217d887@group-21BA9BD4283D-LeaderElection340] INFO  impl.RoleInfo (RoleInfo.java:updateAndGet(143)) - 7c431f9d-51bc-458b-a3a6-511ec217d887: start FollowerState
2019-10-17 06:48:11,104 [main] INFO  ozone.MiniOzoneClusterImpl (MiniOzoneClusterImpl.java:lambda$waitForClusterToBeReady$2(164)) - Waiting for 1 number of pipelines out of 4, to report a leader.
2019-10-17 06:48:11,148 [Thread-3003] INFO  impl.FollowerState (FollowerState.java:run(108)) - 7c431f9d-51bc-458b-a3a6-511ec217d887@group-21BA9BD4283D-FollowerState: change to CANDIDATE, lastRpcTime:70ms, electionTimeout:70ms
2019-10-17 06:48:11,148 [Thread-3003] INFO  impl.RoleInfo (RoleInfo.java:shutdownFollowerState(121)) - 7c431f9d-51bc-458b-a3a6-511ec217d887: shutdown FollowerState
2019-10-17 06:48:11,148 [Thread-3003] INFO  impl.RaftServerImpl (RaftServerImpl.java:setRole(184)) - 7c431f9d-51bc-458b-a3a6-511ec217d887@group-21BA9BD4283D: changes role from  FOLLOWER to CANDIDATE at term 290 for changeToCandidate
2019-10-17 06:48:11,149 [Thread-3003] INFO  impl.RoleInfo (RoleInfo.java:updateAndGet(143)) - 7c431f9d-51bc-458b-a3a6-511ec217d887: start LeaderElection
2019-10-17 06:48:11,173 [7c431f9d-51bc-458b-a3a6-511ec217d887@group-21BA9BD4283D-LeaderElection341] INFO  impl.LeaderElection (LeaderElection.java:askForVotes(178)) - 7c431f9d-51bc-458b-a3a6-511ec217d887@group-21BA9BD4283D-LeaderElection341: begin an election at term 291 for -1: [67f35358-9777-4ff9-96f4-8a61bc3a94fe:192.168.34.62:37037, 7c431f9d-51bc-458b-a3a6-511ec217d887:192.168.34.62:40420, b9cfa588-8e56-4331-be2f-4c26f25c6739:192.168.34.62:34777], old=null
2019-10-17 06:48:11,175 [grpc-default-executor-4] INFO  impl.RaftServerImpl (RaftServerImpl.java:setRole(184)) - 67f35358-9777-4ff9-96f4-8a61bc3a94fe@group-21BA9BD4283D: changes role from  FOLLOWER to FOLLOWER at term 291 for recognizeCandidate:7c431f9d-51bc-458b-a3a6-511ec217d887
2019-10-17 06:48:11,175 [grpc-default-executor-3] INFO  impl.RaftServerImpl (RaftServerImpl.java:setRole(184)) - b9cfa588-8e56-4331-be2f-4c26f25c6739@group-21BA9BD4283D: changes role from  FOLLOWER to FOLLOWER at term 291 for recognizeCandidate:7c431f9d-51bc-458b-a3a6-511ec217d887
2019-10-17 06:48:11,175 [grpc-default-executor-3] INFO  impl.RoleInfo (RoleInfo.java:shutdownFollowerState(121)) - b9cfa588-8e56-4331-be2f-4c26f25c6739: shutdown FollowerState
2019-10-17 06:48:11,175 [grpc-default-executor-4] INFO  impl.RoleInfo (RoleInfo.java:shutdownFollowerState(121)) - 67f35358-9777-4ff9-96f4-8a61bc3a94fe: shutdown FollowerState
2019-10-17 06:48:11,176 [Thread-3001] INFO  impl.FollowerState (FollowerState.java:run(117)) - b9cfa588-8e56-4331-be2f-4c26f25c6739@group-21BA9BD4283D-FollowerState was interrupted: java.lang.InterruptedException: sleep interrupted
2019-10-17 06:48:11,176 [grpc-default-executor-3] INFO  impl.RoleInfo (RoleInfo.java:updateAndGet(143)) - b9cfa588-8e56-4331-be2f-4c26f25c6739: start FollowerState
2019-10-17 06:48:11,176 [Thread-3002] INFO  impl.FollowerState (FollowerState.java:run(117)) - 67f35358-9777-4ff9-96f4-8a61bc3a94fe@group-21BA9BD4283D-FollowerState was interrupted: java.lang.InterruptedException: sleep interrupted
2019-10-17 06:48:11,176 [grpc-default-executor-4] INFO  impl.RoleInfo (RoleInfo.java:updateAndGet(143)) - 67f35358-9777-4ff9-96f4-8a61bc3a94fe: start FollowerState
2019-10-17 06:48:11,197 [7c431f9d-51bc-458b-a3a6-511ec217d887@group-21BA9BD4283D-LeaderElection341] INFO  impl.LeaderElection (LeaderElection.java:logAndReturn(56)) - 7c431f9d-51bc-458b-a3a6-511ec217d887@group-21BA9BD4283D-LeaderElection341: Election REJECTED; received 2 response(s) [7c431f9d-51bc-458b-a3a6-511ec217d887<-67f35358-9777-4ff9-96f4-8a61bc3a94fe#0:FAIL-t291, 7c431f9d-51bc-458b-a3a6-511ec217d887<-b9cfa588-8e56-4331-be2f-4c26f25c6739#0:FAIL-t291] and 0 exception(s); 7c431f9d-51bc-458b-a3a6-511ec217d887@group-21BA9BD4283D:t291, leader=null, voted=7c431f9d-51bc-458b-a3a6-511ec217d887, raftlog=7c431f9d-51bc-458b-a3a6-511ec217d887@group-21BA9BD4283D-SegmentedRaftLog:OPENED:c-1,f-1,i0, conf=-1: [67f35358-9777-4ff9-96f4-8a61bc3a94fe:192.168.34.62:37037, 7c431f9d-51bc-458b-a3a6-511ec217d887:192.168.34.62:40420, b9cfa588-8e56-4331-be2f-4c26f25c6739:192.168.34.62:34777], old=null
2019-10-17 06:48:11,197 [7c431f9d-51bc-458b-a3a6-511ec217d887@group-21BA9BD4283D-LeaderElection341] INFO  impl.RaftServerImpl (RaftServerImpl.java:setRole(184)) - 7c431f9d-51bc-458b-a3a6-511ec217d887@group-21BA9BD4283D: changes role from CANDIDATE to FOLLOWER at term 291 for DISCOVERED_A_NEW_TERM
2019-10-17 06:48:11,197 [7c431f9d-51bc-458b-a3a6-511ec217d887@group-21BA9BD4283D-LeaderElection341] INFO  impl.RoleInfo (RoleInfo.java:shutdownLeaderElection(134)) - 7c431f9d-51bc-458b-a3a6-511ec217d887: shutdown LeaderElection
2019-10-17 06:48:11,197 [7c431f9d-51bc-458b-a3a6-511ec217d887@group-21BA9BD4283D-LeaderElection341] INFO  impl.RoleInfo (RoleInfo.java:updateAndGet(143)) - 7c431f9d-51bc-458b-a3a6-511ec217d887: start FollowerState
2019-10-17 06:48:11,348 [Thread-3009] INFO  impl.FollowerState (FollowerState.java:run(108)) - 7c431f9d-51bc-458b-a3a6-511ec217d887@group-21BA9BD4283D-FollowerState: change to CANDIDATE, lastRpcTime:150ms, electionTimeout:150ms
2019-10-17 06:48:11,348 [Thread-3009] INFO  impl.RoleInfo (RoleInfo.java:shutdownFollowerState(121)) - 7c431f9d-51bc-458b-a3a6-511ec217d887: shutdown FollowerState
2019-10-17 06:48:11,348 [Thread-3009] INFO  impl.RaftServerImpl (RaftServerImpl.java:setRole(184)) - 7c431f9d-51bc-458b-a3a6-511ec217d887@group-21BA9BD4283D: changes role from  FOLLOWER to CANDIDATE at term 291 for changeToCandidate
2019-10-17 06:48:11,348 [Thread-3009] INFO  impl.RoleInfo (RoleInfo.java:updateAndGet(143)) - 7c431f9d-51bc-458b-a3a6-511ec217d887: start LeaderElection
2019-10-17 06:48:11,372 [7c431f9d-51bc-458b-a3a6-511ec217d887@group-21BA9BD4283D-LeaderElection342] INFO  impl.LeaderElection (LeaderElection.java:askForVotes(178)) - 7c431f9d-51bc-458b-a3a6-511ec217d887@group-21BA9BD4283D-LeaderElection342: begin an election at term 292 for -1: [67f35358-9777-4ff9-96f4-8a61bc3a94fe:192.168.34.62:37037, 7c431f9d-51bc-458b-a3a6-511ec217d887:192.168.34.62:40420, b9cfa588-8e56-4331-be2f-4c26f25c6739:192.168.34.62:34777], old=null
2019-10-17 06:48:11,373 [grpc-default-executor-4] INFO  impl.RaftServerImpl (RaftServerImpl.java:setRole(184)) - b9cfa588-8e56-4331-be2f-4c26f25c6739@group-21BA9BD4283D: changes role from  FOLLOWER to FOLLOWER at term 292 for recognizeCandidate:7c431f9d-51bc-458b-a3a6-511ec217d887
2019-10-17 06:48:11,373 [grpc-default-executor-3] INFO  impl.RaftServerImpl (RaftServerImpl.java:setRole(184)) - 67f35358-9777-4ff9-96f4-8a61bc3a94fe@group-21BA9BD4283D: changes role from  FOLLOWER to FOLLOWER at term 292 for recognizeCandidate:7c431f9d-51bc-458b-a3a6-511ec217d887
2019-10-17 06:48:11,374 [grpc-default-executor-3] INFO  impl.RoleInfo (RoleInfo.java:shutdownFollowerState(121)) - 67f35358-9777-4ff9-96f4-8a61bc3a94fe: shutdown FollowerState
2019-10-17 06:48:11,374 [grpc-default-executor-4] INFO  impl.RoleInfo (RoleInfo.java:shutdownFollowerState(121)) - b9cfa588-8e56-4331-be2f-4c26f25c6739: shutdown FollowerState
2019-10-17 06:48:11,374 [Thread-3008] INFO  impl.FollowerState (FollowerState.java:run(117)) - 67f35358-9777-4ff9-96f4-8a61bc3a94fe@group-21BA9BD4283D-FollowerState was interrupted: java.lang.InterruptedException: sleep interrupted
2019-10-17 06:48:11,374 [Thread-3007] INFO  impl.FollowerState (FollowerState.java:run(117)) - b9cfa588-8e56-4331-be2f-4c26f25c6739@group-21BA9BD4283D-FollowerState was interrupted: java.lang.InterruptedException: sleep interrupted
2019-10-17 06:48:11,374 [grpc-default-executor-4] INFO  impl.RoleInfo (RoleInfo.java:updateAndGet(143)) - b9cfa588-8e56-4331-be2f-4c26f25c6739: start FollowerState
2019-10-17 06:48:11,374 [grpc-default-executor-3] INFO  impl.RoleInfo (RoleInfo.java:updateAndGet(143)) - 67f35358-9777-4ff9-96f4-8a61bc3a94fe: start FollowerState
2019-10-17 06:48:11,388 [7c431f9d-51bc-458b-a3a6-511ec217d887@group-21BA9BD4283D-LeaderElection342] INFO  impl.LeaderElection (LeaderElection.java:logAndReturn(56)) - 7c431f9d-51bc-458b-a3a6-511ec217d887@group-21BA9BD4283D-LeaderElection342: Election REJECTED; received 2 response(s) [7c431f9d-51bc-458b-a3a6-511ec217d887<-67f35358-9777-4ff9-96f4-8a61bc3a94fe#0:FAIL-t292, 7c431f9d-51bc-458b-a3a6-511ec217d887<-b9cfa588-8e56-4331-be2f-4c26f25c6739#0:FAIL-t292] and 0 exception(s); 7c431f9d-51bc-458b-a3a6-511ec217d887@group-21BA9BD4283D:t292, leader=null, voted=7c431f9d-51bc-458b-a3a6-511ec217d887, raftlog=7c431f9d-51bc-458b-a3a6-511ec217d887@group-21BA9BD4283D-SegmentedRaftLog:OPENED:c-1,f-1,i0, conf=-1: [67f35358-9777-4ff9-96f4-8a61bc3a94fe:192.168.34.62:37037, 7c431f9d-51bc-458b-a3a6-511ec217d887:192.168.34.62:40420, b9cfa588-8e56-4331-be2f-4c26f25c6739:192.168.34.62:34777], old=null
2019-10-17 06:48:11,388 [7c431f9d-51bc-458b-a3a6-511ec217d887@group-21BA9BD4283D-LeaderElection342] INFO  impl.RaftServerImpl (RaftServerImpl.java:setRole(184)) - 7c431f9d-51bc-458b-a3a6-511ec217d887@group-21BA9BD4283D: changes role from CANDIDATE to FOLLOWER at term 292 for DISCOVERED_A_NEW_TERM
2019-10-17 06:48:11,388 [7c431f9d-51bc-458b-a3a6-511ec217d887@group-21BA9BD4283D-LeaderElection342] INFO  impl.RoleInfo (RoleInfo.java:shutdownLeaderElection(134)) - 7c431f9d-51bc-458b-a3a6-511ec217d887: shutdown LeaderElection
2019-10-17 06:48:11,389 [7c431f9d-51bc-458b-a3a6-511ec217d887@group-21BA9BD4283D-LeaderElection342] INFO  impl.RoleInfo (RoleInfo.java:updateAndGet(143)) - 7c431f9d-51bc-458b-a3a6-511ec217d887: start FollowerState
2019-10-17 06:48:11,582 [Thread-3015] INFO  impl.FollowerState (FollowerState.java:run(108)) - 7c431f9d-51bc-458b-a3a6-511ec217d887@group-21BA9BD4283D-FollowerState: change to CANDIDATE, lastRpcTime:193ms, electionTimeout:193ms
2019-10-17 06:48:11,582 [Thread-3015] INFO  impl.RoleInfo (RoleInfo.java:shutdownFollowerState(121)) - 7c431f9d-51bc-458b-a3a6-511ec217d887: shutdown FollowerState
2019-10-17 06:48:11,582 [Thread-3015] INFO  impl.RaftServerImpl (RaftServerImpl.java:setRole(184)) - 7c431f9d-51bc-458b-a3a6-511ec217d887@group-21BA9BD4283D: changes role from  FOLLOWER to CANDIDATE at term 292 for changeToCandidate
2019-10-17 06:48:11,582 [Thread-3015] INFO  impl.RoleInfo (RoleInfo.java:updateAndGet(143)) - 7c431f9d-51bc-458b-a3a6-511ec217d887: start LeaderElection
2019-10-17 06:48:11,596 [7c431f9d-51bc-458b-a3a6-511ec217d887@group-21BA9BD4283D-LeaderElection343] INFO  impl.LeaderElection (LeaderElection.java:askForVotes(178)) - 7c431f9d-51bc-458b-a3a6-511ec217d887@group-21BA9BD4283D-LeaderElection343: begin an election at term 293 for -1: [67f35358-9777-4ff9-96f4-8a61bc3a94fe:192.168.34.62:37037, 7c431f9d-51bc-458b-a3a6-511ec217d887:192.168.34.62:40420, b9cfa588-8e56-4331-be2f-4c26f25c6739:192.168.34.62:34777], old=null
2019-10-17 06:48:11,598 [grpc-default-executor-3] INFO  impl.RaftServerImpl (RaftServerImpl.java:setRole(184)) - 67f35358-9777-4ff9-96f4-8a61bc3a94fe@group-21BA9BD4283D: changes role from  FOLLOWER to FOLLOWER at term 293 for recognizeCandidate:7c431f9d-51bc-458b-a3a6-511ec217d887
2019-10-17 06:48:11,598 [grpc-default-executor-3] INFO  impl.RoleInfo (RoleInfo.java:shutdownFollowerState(121)) - 67f35358-9777-4ff9-96f4-8a61bc3a94fe: shutdown FollowerState
2019-10-17 06:48:11,598 [grpc-default-executor-4] INFO  impl.RaftServerImpl (RaftServerImpl.java:setRole(184)) - b9cfa588-8e56-4331-be2f-4c26f25c6739@group-21BA9BD4283D: changes role from  FOLLOWER to FOLLOWER at term 293 for recognizeCandidate:7c431f9d-51bc-458b-a3a6-511ec217d887
2019-10-17 06:48:11,598 [grpc-default-executor-4] INFO  impl.RoleInfo (RoleInfo.java:shutdownFollowerState(121)) - b9cfa588-8e56-4331-be2f-4c26f25c6739: shutdown FollowerState
2019-10-17 06:48:11,598 [Thread-3013] INFO  impl.FollowerState (FollowerState.java:run(117)) - 67f35358-9777-4ff9-96f4-8a61bc3a94fe@group-21BA9BD4283D-FollowerState was interrupted: java.lang.InterruptedException: sleep interrupted
2019-10-17 06:48:11,598 [grpc-default-executor-3] INFO  impl.RoleInfo (RoleInfo.java:updateAndGet(143)) - 67f35358-9777-4ff9-96f4-8a61bc3a94fe: start FollowerState
2019-10-17 06:48:11,598 [Thread-3014] INFO  impl.FollowerState (FollowerState.java:run(117)) - b9cfa588-8e56-4331-be2f-4c26f25c6739@group-21BA9BD4283D-FollowerState was interrupted: java.lang.InterruptedException: sleep interrupted
2019-10-17 06:48:11,598 [grpc-default-executor-4] INFO  impl.RoleInfo (RoleInfo.java:updateAndGet(143)) - b9cfa588-8e56-4331-be2f-4c26f25c6739: start FollowerState
2019-10-17 06:48:11,613 [7c431f9d-51bc-458b-a3a6-511ec217d887@group-21BA9BD4283D-LeaderElection343] INFO  impl.LeaderElection (LeaderElection.java:logAndReturn(56)) - 7c431f9d-51bc-458b-a3a6-511ec217d887@group-21BA9BD4283D-LeaderElection343: Election REJECTED; received 2 response(s) [7c431f9d-51bc-458b-a3a6-511ec217d887<-67f35358-9777-4ff9-96f4-8a61bc3a94fe#0:FAIL-t293, 7c431f9d-51bc-458b-a3a6-511ec217d887<-b9cfa588-8e56-4331-be2f-4c26f25c6739#0:FAIL-t293] and 0 exception(s); 7c431f9d-51bc-458b-a3a6-511ec217d887@group-21BA9BD4283D:t293, leader=null, voted=7c431f9d-51bc-458b-a3a6-511ec217d887, raftlog=7c431f9d-51bc-458b-a3a6-511ec217d887@group-21BA9BD4283D-SegmentedRaftLog:OPENED:c-1,f-1,i0, conf=-1: [67f35358-9777-4ff9-96f4-8a61bc3a94fe:192.168.34.62:37037, 7c431f9d-51bc-458b-a3a6-511ec217d887:192.168.34.62:40420, b9cfa588-8e56-4331-be2f-4c26f25c6739:192.168.34.62:34777], old=null
2019-10-17 06:48:11,613 [7c431f9d-51bc-458b-a3a6-511ec217d887@group-21BA9BD4283D-LeaderElection343] INFO  impl.RaftServerImpl (RaftServerImpl.java:setRole(184)) - 7c431f9d-51bc-458b-a3a6-511ec217d887@group-21BA9BD4283D: changes role from CANDIDATE to FOLLOWER at term 293 for DISCOVERED_A_NEW_TERM
2019-10-17 06:48:11,613 [7c431f9d-51bc-458b-a3a6-511ec217d887@group-21BA9BD4283D-LeaderElection343] INFO  impl.RoleInfo (RoleInfo.java:shutdownLeaderElection(134)) - 7c431f9d-51bc-458b-a3a6-511ec217d887: shutdown LeaderElection
2019-10-17 06:48:11,613 [7c431f9d-51bc-458b-a3a6-511ec217d887@group-21BA9BD4283D-LeaderElection343] INFO  impl.RoleInfo (RoleInfo.java:updateAndGet(143)) - 7c431f9d-51bc-458b-a3a6-511ec217d887: start FollowerState
2019-10-17 06:48:11,781 [Thread-3021] INFO  impl.FollowerState (FollowerState.java:run(108)) - 7c431f9d-51bc-458b-a3a6-511ec217d887@group-21BA9BD4283D-FollowerState: change to CANDIDATE, lastRpcTime:167ms, electionTimeout:167ms
2019-10-17 06:48:11,781 [Thread-3021] INFO  impl.RoleInfo (RoleInfo.java:shutdownFollowerState(121)) - 7c431f9d-51bc-458b-a3a6-511ec217d887: shutdown FollowerState
2019-10-17 06:48:11,781 [Thread-3021] INFO  impl.RaftServerImpl (RaftServerImpl.java:setRole(184)) - 7c431f9d-51bc-458b-a3a6-511ec217d887@group-21BA9BD4283D: changes role from  FOLLOWER to CANDIDATE at term 293 for changeToCandidate
2019-10-17 06:48:11,781 [Thread-3021] INFO  impl.RoleInfo (RoleInfo.java:updateAndGet(143)) - 7c431f9d-51bc-458b-a3a6-511ec217d887: start LeaderElection
2019-10-17 06:48:11,795 [7c431f9d-51bc-458b-a3a6-511ec217d887@group-21BA9BD4283D-LeaderElection344] INFO  impl.LeaderElection (LeaderElection.java:askForVotes(178)) - 7c431f9d-51bc-458b-a3a6-511ec217d887@group-21BA9BD4283D-LeaderElection344: begin an election at term 294 for -1: [67f35358-9777-4ff9-96f4-8a61bc3a94fe:192.168.34.62:37037, 7c431f9d-51bc-458b-a3a6-511ec217d887:192.168.34.62:40420, b9cfa588-8e56-4331-be2f-4c26f25c6739:192.168.34.62:34777], old=null
2019-10-17 06:48:11,796 [grpc-default-executor-4] INFO  impl.RaftServerImpl (RaftServerImpl.java:setRole(184)) - 67f35358-9777-4ff9-96f4-8a61bc3a94fe@group-21BA9BD4283D: changes role from  FOLLOWER to FOLLOWER at term 294 for recognizeCandidate:7c431f9d-51bc-458b-a3a6-511ec217d887
2019-10-17 06:48:11,797 [grpc-default-executor-3] INFO  impl.RaftServerImpl (RaftServerImpl.java:setRole(184)) - b9cfa588-8e56-4331-be2f-4c26f25c6739@group-21BA9BD4283D: changes role from  FOLLOWER to FOLLOWER at term 294 for recognizeCandidate:7c431f9d-51bc-458b-a3a6-511ec217d887
2019-10-17 06:48:11,797 [grpc-default-executor-4] INFO  impl.RoleInfo (RoleInfo.java:shutdownFollowerState(121)) - 67f35358-9777-4ff9-96f4-8a61bc3a94fe: shutdown FollowerState
2019-10-17 06:48:11,797 [grpc-default-executor-3] INFO  impl.RoleInfo (RoleInfo.java:shutdownFollowerState(121)) - b9cfa588-8e56-4331-be2f-4c26f25c6739: shutdown FollowerState
2019-10-17 06:48:11,797 [grpc-default-executor-4] INFO  impl.RoleInfo (RoleInfo.java:updateAndGet(143)) - 67f35358-9777-4ff9-96f4-8a61bc3a94fe: start FollowerState
2019-10-17 06:48:11,797 [Thread-3019] INFO  impl.FollowerState (FollowerState.java:run(117)) - 67f35358-9777-4ff9-96f4-8a61bc3a94fe@group-21BA9BD4283D-FollowerState was interrupted: java.lang.InterruptedException: sleep interrupted
2019-10-17 06:48:11,797 [Thread-3020] INFO  impl.FollowerState (FollowerState.java:run(117)) - b9cfa588-8e56-4331-be2f-4c26f25c6739@group-21BA9BD4283D-FollowerState was interrupted: java.lang.InterruptedException: sleep interrupted
2019-10-17 06:48:11,797 [grpc-default-executor-3] INFO  impl.RoleInfo (RoleInfo.java:updateAndGet(143)) - b9cfa588-8e56-4331-be2f-4c26f25c6739: start FollowerState
2019-10-17 06:48:11,823 [7c431f9d-51bc-458b-a3a6-511ec217d887@group-21BA9BD4283D-LeaderElection344] INFO  impl.LeaderElection (LeaderElection.java:logAndReturn(56)) - 7c431f9d-51bc-458b-a3a6-511ec217d887@group-21BA9BD4283D-LeaderElection344: Election REJECTED; received 2 response(s) [7c431f9d-51bc-458b-a3a6-511ec217d887<-67f35358-9777-4ff9-96f4-8a61bc3a94fe#0:FAIL-t294, 7c431f9d-51bc-458b-a3a6-511ec217d887<-b9cfa588-8e56-4331-be2f-4c26f25c6739#0:FAIL-t294] and 0 exception(s); 7c431f9d-51bc-458b-a3a6-511ec217d887@group-21BA9BD4283D:t294, leader=null, voted=7c431f9d-51bc-458b-a3a6-511ec217d887, raftlog=7c431f9d-51bc-458b-a3a6-511ec217d887@group-21BA9BD4283D-SegmentedRaftLog:OPENED:c-1,f-1,i0, conf=-1: [67f35358-9777-4ff9-96f4-8a61bc3a94fe:192.168.34.62:37037, 7c431f9d-51bc-458b-a3a6-511ec217d887:192.168.34.62:40420, b9cfa588-8e56-4331-be2f-4c26f25c6739:192.168.34.62:34777], old=null
2019-10-17 06:48:11,823 [7c431f9d-51bc-458b-a3a6-511ec217d887@group-21BA9BD4283D-LeaderElection344] INFO  impl.RaftServerImpl (RaftServerImpl.java:setRole(184)) - 7c431f9d-51bc-458b-a3a6-511ec217d887@group-21BA9BD4283D: changes role from CANDIDATE to FOLLOWER at term 294 for DISCOVERED_A_NEW_TERM
2019-10-17 06:48:11,823 [7c431f9d-51bc-458b-a3a6-511ec217d887@group-21BA9BD4283D-LeaderElection344] INFO  impl.RoleInfo (RoleInfo.java:shutdownLeaderElection(134)) - 7c431f9d-51bc-458b-a3a6-511ec217d887: shutdown LeaderElection
2019-10-17 06:48:11,823 [7c431f9d-51bc-458b-a3a6-511ec217d887@group-21BA9BD4283D-LeaderElection344] INFO  impl.RoleInfo (RoleInfo.java:updateAndGet(143)) - 7c431f9d-51bc-458b-a3a6-511ec217d887: start FollowerState
2019-10-17 06:48:11,965 [Thread-3027] INFO  impl.FollowerState (FollowerState.java:run(108)) - 7c431f9d-51bc-458b-a3a6-511ec217d887@group-21BA9BD4283D-FollowerState: change to CANDIDATE, lastRpcTime:141ms, electionTimeout:141ms
2019-10-17 06:48:11,965 [Thread-3027] INFO  impl.RoleInfo (RoleInfo.java:shutdownFollowerState(121)) - 7c431f9d-51bc-458b-a3a6-511ec217d887: shutdown FollowerState
2019-10-17 06:48:11,965 [Thread-3027] INFO  impl.RaftServerImpl (RaftServerImpl.java:setRole(184)) - 7c431f9d-51bc-458b-a3a6-511ec217d887@group-21BA9BD4283D: changes role from  FOLLOWER to CANDIDATE at term 294 for changeToCandidate
2019-10-17 06:48:11,965 [Thread-3027] INFO  impl.RoleInfo (RoleInfo.java:updateAndGet(143)) - 7c431f9d-51bc-458b-a3a6-511ec217d887: start LeaderElection
2019-10-17 06:48:11,989 [7c431f9d-51bc-458b-a3a6-511ec217d887@group-21BA9BD4283D-LeaderElection345] INFO  impl.LeaderElection (LeaderElection.java:askForVotes(178)) - 7c431f9d-51bc-458b-a3a6-511ec217d887@group-21BA9BD4283D-LeaderElection345: begin an election at term 295 for -1: [67f35358-9777-4ff9-96f4-8a61bc3a94fe:192.168.34.62:37037, 7c431f9d-51bc-458b-a3a6-511ec217d887:192.168.34.62:40420, b9cfa588-8e56-4331-be2f-4c26f25c6739:192.168.34.62:34777], old=null
2019-10-17 06:48:11,991 [grpc-default-executor-3] INFO  impl.RaftServerImpl (RaftServerImpl.java:setRole(184)) - b9cfa588-8e56-4331-be2f-4c26f25c6739@group-21BA9BD4283D: changes role from  FOLLOWER to FOLLOWER at term 295 for recognizeCandidate:7c431f9d-51bc-458b-a3a6-511ec217d887
2019-10-17 06:48:11,991 [grpc-default-executor-4] INFO  impl.RaftServerImpl (RaftServerImpl.java:setRole(184)) - 67f35358-9777-4ff9-96f4-8a61bc3a94fe@group-21BA9BD4283D: changes role from  FOLLOWER to FOLLOWER at term 295 for recognizeCandidate:7c431f9d-51bc-458b-a3a6-511ec217d887
2019-10-17 06:48:11,992 [grpc-default-executor-4] INFO  impl.RoleInfo (RoleInfo.java:shutdownFollowerState(121)) - 67f35358-9777-4ff9-96f4-8a61bc3a94fe: shutdown FollowerState
2019-10-17 06:48:11,991 [grpc-default-executor-3] INFO  impl.RoleInfo (RoleInfo.java:shutdownFollowerState(121)) - b9cfa588-8e56-4331-be2f-4c26f25c6739: shutdown FollowerState
2019-10-17 06:48:11,992 [Thread-3025] INFO  impl.FollowerState (FollowerState.java:run(117)) - 67f35358-9777-4ff9-96f4-8a61bc3a94fe@group-21BA9BD4283D-FollowerState was interrupted: java.lang.InterruptedException: sleep interrupted
2019-10-17 06:48:11,992 [grpc-default-executor-4] INFO  impl.RoleInfo (RoleInfo.java:updateAndGet(143)) - 67f35358-9777-4ff9-96f4-8a61bc3a94fe: start FollowerState
2019-10-17 06:48:11,992 [grpc-default-executor-3] INFO  impl.RoleInfo (RoleInfo.java:updateAndGet(143)) - b9cfa588-8e56-4331-be2f-4c26f25c6739: start FollowerState
2019-10-17 06:48:11,992 [Thread-3026] INFO  impl.FollowerState (FollowerState.java:run(117)) - b9cfa588-8e56-4331-be2f-4c26f25c6739@group-21BA9BD4283D-FollowerState was interrupted: java.lang.InterruptedException: sleep interrupted
2019-10-17 06:48:12,005 [7c431f9d-51bc-458b-a3a6-511ec217d887@group-21BA9BD4283D-LeaderElection345] INFO  impl.LeaderElection (LeaderElection.java:logAndReturn(56)) - 7c431f9d-51bc-458b-a3a6-511ec217d887@group-21BA9BD4283D-LeaderElection345: Election REJECTED; received 2 response(s) [7c431f9d-51bc-458b-a3a6-511ec217d887<-67f35358-9777-4ff9-96f4-8a61bc3a94fe#0:FAIL-t295, 7c431f9d-51bc-458b-a3a6-511ec217d887<-b9cfa588-8e56-4331-be2f-4c26f25c6739#0:FAIL-t295] and 0 exception(s); 7c431f9d-51bc-458b-a3a6-511ec217d887@group-21BA9BD4283D:t295, leader=null, voted=7c431f9d-51bc-458b-a3a6-511ec217d887, raftlog=7c431f9d-51bc-458b-a3a6-511ec217d887@group-21BA9BD4283D-SegmentedRaftLog:OPENED:c-1,f-1,i0, conf=-1: [67f35358-9777-4ff9-96f4-8a61bc3a94fe:192.168.34.62:37037, 7c431f9d-51bc-458b-a3a6-511ec217d887:192.168.34.62:40420, b9cfa588-8e56-4331-be2f-4c26f25c6739:192.168.34.62:34777], old=null
2019-10-17 06:48:12,006 [7c431f9d-51bc-458b-a3a6-511ec217d887@group-21BA9BD4283D-LeaderElection345] INFO  impl.RaftServerImpl (RaftServerImpl.java:setRole(184)) - 7c431f9d-51bc-458b-a3a6-511ec217d887@group-21BA9BD4283D: changes role from CANDIDATE to FOLLOWER at term 295 for DISCOVERED_A_NEW_TERM
2019-10-17 06:48:12,006 [7c431f9d-51bc-458b-a3a6-511ec217d887@group-21BA9BD4283D-LeaderElection345] INFO  impl.RoleInfo (RoleInfo.java:shutdownLeaderElection(134)) - 7c431f9d-51bc-458b-a3a6-511ec217d887: shutdown LeaderElection
2019-10-17 06:48:12,006 [7c431f9d-51bc-458b-a3a6-511ec217d887@group-21BA9BD4283D-LeaderElection345] INFO  impl.RoleInfo (RoleInfo.java:updateAndGet(143)) - 7c431f9d-51bc-458b-a3a6-511ec217d887: start FollowerState
2019-10-17 06:48:12,026 [Thread-3033] INFO  impl.FollowerState (FollowerState.java:run(108)) - 7c431f9d-51bc-458b-a3a6-511ec217d887@group-21BA9BD4283D-FollowerState: change to CANDIDATE, lastRpcTime:20ms, electionTimeout:20ms
2019-10-17 06:48:12,027 [Thread-3033] INFO  impl.RoleInfo (RoleInfo.java:shutdownFollowerState(121)) - 7c431f9d-51bc-458b-a3a6-511ec217d887: shutdown FollowerState
2019-10-17 06:48:12,027 [Thread-3033] INFO  impl.RaftServerImpl (RaftServerImpl.java:setRole(184)) - 7c431f9d-51bc-458b-a3a6-511ec217d887@group-21BA9BD4283D: changes role from  FOLLOWER to CANDIDATE at term 295 for changeToCandidate
2019-10-17 06:48:12,027 [Thread-3033] INFO  impl.RoleInfo (RoleInfo.java:updateAndGet(143)) - 7c431f9d-51bc-458b-a3a6-511ec217d887: start LeaderElection
2019-10-17 06:48:12,041 [7c431f9d-51bc-458b-a3a6-511ec217d887@group-21BA9BD4283D-LeaderElection346] INFO  impl.LeaderElection (LeaderElection.java:askForVotes(178)) - 7c431f9d-51bc-458b-a3a6-511ec217d887@group-21BA9BD4283D-LeaderElection346: begin an election at term 296 for -1: [67f35358-9777-4ff9-96f4-8a61bc3a94fe:192.168.34.62:37037, 7c431f9d-51bc-458b-a3a6-511ec217d887:192.168.34.62:40420, b9cfa588-8e56-4331-be2f-4c26f25c6739:192.168.34.62:34777], old=null
2019-10-17 06:48:12,043 [grpc-default-executor-4] INFO  impl.RaftServerImpl (RaftServerImpl.java:setRole(184)) - 67f35358-9777-4ff9-96f4-8a61bc3a94fe@group-21BA9BD4283D: changes role from  FOLLOWER to FOLLOWER at term 296 for recognizeCandidate:7c431f9d-51bc-458b-a3a6-511ec217d887
2019-10-17 06:48:12,043 [grpc-default-executor-3] INFO  impl.RaftServerImpl (RaftServerImpl.java:setRole(184)) - b9cfa588-8e56-4331-be2f-4c26f25c6739@group-21BA9BD4283D: changes role from  FOLLOWER to FOLLOWER at term 296 for recognizeCandidate:7c431f9d-51bc-458b-a3a6-511ec217d887
2019-10-17 06:48:12,043 [grpc-default-executor-3] INFO  impl.RoleInfo (RoleInfo.java:shutdownFollowerState(121)) - b9cfa588-8e56-4331-be2f-4c26f25c6739: shutdown FollowerState
2019-10-17 06:48:12,043 [grpc-default-executor-4] INFO  impl.RoleInfo (RoleInfo.java:shutdownFollowerState(121)) - 67f35358-9777-4ff9-96f4-8a61bc3a94fe: shutdown FollowerState
2019-10-17 06:48:12,043 [Thread-3032] INFO  impl.FollowerState (FollowerState.java:run(117)) - b9cfa588-8e56-4331-be2f-4c26f25c6739@group-21BA9BD4283D-FollowerState was interrupted: java.lang.InterruptedException: sleep interrupted
2019-10-17 06:48:12,043 [grpc-default-executor-3] INFO  impl.RoleInfo (RoleInfo.java:updateAndGet(143)) - b9cfa588-8e56-4331-be2f-4c26f25c6739: start FollowerState
2019-10-17 06:48:12,043 [grpc-default-executor-4] INFO  impl.RoleInfo (RoleInfo.java:updateAndGet(143)) - 67f35358-9777-4ff9-96f4-8a61bc3a94fe: start FollowerState
2019-10-17 06:48:12,043 [Thread-3031] INFO  impl.FollowerState (FollowerState.java:run(117)) - 67f35358-9777-4ff9-96f4-8a61bc3a94fe@group-21BA9BD4283D-FollowerState was interrupted: java.lang.InterruptedException: sleep interrupted
2019-10-17 06:48:12,060 [7c431f9d-51bc-458b-a3a6-511ec217d887@group-21BA9BD4283D-LeaderElection346] INFO  impl.LeaderElection (LeaderElection.java:logAndReturn(56)) - 7c431f9d-51bc-458b-a3a6-511ec217d887@group-21BA9BD4283D-LeaderElection346: Election REJECTED; received 2 response(s) [7c431f9d-51bc-458b-a3a6-511ec217d887<-67f35358-9777-4ff9-96f4-8a61bc3a94fe#0:FAIL-t296, 7c431f9d-51bc-458b-a3a6-511ec217d887<-b9cfa588-8e56-4331-be2f-4c26f25c6739#0:FAIL-t296] and 0 exception(s); 7c431f9d-51bc-458b-a3a6-511ec217d887@group-21BA9BD4283D:t296, leader=null, voted=7c431f9d-51bc-458b-a3a6-511ec217d887, raftlog=7c431f9d-51bc-458b-a3a6-511ec217d887@group-21BA9BD4283D-SegmentedRaftLog:OPENED:c-1,f-1,i0, conf=-1: [67f35358-9777-4ff9-96f4-8a61bc3a94fe:192.168.34.62:37037, 7c431f9d-51bc-458b-a3a6-511ec217d887:192.168.34.62:40420, b9cfa588-8e56-4331-be2f-4c26f25c6739:192.168.34.62:34777], old=null
2019-10-17 06:48:12,060 [7c431f9d-51bc-458b-a3a6-511ec217d887@group-21BA9BD4283D-LeaderElection346] INFO  impl.RaftServerImpl (RaftServerImpl.java:setRole(184)) - 7c431f9d-51bc-458b-a3a6-511ec217d887@group-21BA9BD4283D: changes role from CANDIDATE to FOLLOWER at term 296 for DISCOVERED_A_NEW_TERM
2019-10-17 06:48:12,061 [7c431f9d-51bc-458b-a3a6-511ec217d887@group-21BA9BD4283D-LeaderElection346] INFO  impl.RoleInfo (RoleInfo.java:shutdownLeaderElection(134)) - 7c431f9d-51bc-458b-a3a6-511ec217d887: shutdown LeaderElection
2019-10-17 06:48:12,061 [7c431f9d-51bc-458b-a3a6-511ec217d887@group-21BA9BD4283D-LeaderElection346] INFO  impl.RoleInfo (RoleInfo.java:updateAndGet(143)) - 7c431f9d-51bc-458b-a3a6-511ec217d887: start FollowerState
2019-10-17 06:48:12,105 [main] INFO  ozone.MiniOzoneClusterImpl (MiniOzoneClusterImpl.java:lambda$waitForClusterToBeReady$2(164)) - Waiting for 1 number of pipelines out of 4, to report a leader.
2019-10-17 06:48:12,217 [Thread-3039] INFO  impl.FollowerState (FollowerState.java:run(108)) - 7c431f9d-51bc-458b-a3a6-511ec217d887@group-21BA9BD4283D-FollowerState: change to CANDIDATE, lastRpcTime:156ms, electionTimeout:156ms
2019-10-17 06:48:12,217 [Thread-3039] INFO  impl.RoleInfo (RoleInfo.java:shutdownFollowerState(121)) - 7c431f9d-51bc-458b-a3a6-511ec217d887: shutdown FollowerState
2019-10-17 06:48:12,217 [Thread-3039] INFO  impl.RaftServerImpl (RaftServerImpl.java:setRole(184)) - 7c431f9d-51bc-458b-a3a6-511ec217d887@group-21BA9BD4283D: changes role from  FOLLOWER to CANDIDATE at term 296 for changeToCandidate
2019-10-17 06:48:12,217 [Thread-3039] INFO  impl.RoleInfo (RoleInfo.java:updateAndGet(143)) - 7c431f9d-51bc-458b-a3a6-511ec217d887: start LeaderElection
2019-10-17 06:48:12,237 [7c431f9d-51bc-458b-a3a6-511ec217d887@group-21BA9BD4283D-LeaderElection347] INFO  impl.LeaderElection (LeaderElection.java:askForVotes(178)) - 7c431f9d-51bc-458b-a3a6-511ec217d887@group-21BA9BD4283D-LeaderElection347: begin an election at term 297 for -1: [67f35358-9777-4ff9-96f4-8a61bc3a94fe:192.168.34.62:37037, 7c431f9d-51bc-458b-a3a6-511ec217d887:192.168.34.62:40420, b9cfa588-8e56-4331-be2f-4c26f25c6739:192.168.34.62:34777], old=null
2019-10-17 06:48:12,239 [grpc-default-executor-3] INFO  impl.RaftServerImpl (RaftServerImpl.java:setRole(184)) - 67f35358-9777-4ff9-96f4-8a61bc3a94fe@group-21BA9BD4283D: changes role from  FOLLOWER to FOLLOWER at term 297 for recognizeCandidate:7c431f9d-51bc-458b-a3a6-511ec217d887
2019-10-17 06:48:12,239 [grpc-default-executor-4] INFO  impl.RaftServerImpl (RaftServerImpl.java:setRole(184)) - b9cfa588-8e56-4331-be2f-4c26f25c6739@group-21BA9BD4283D: changes role from  FOLLOWER to FOLLOWER at term 297 for recognizeCandidate:7c431f9d-51bc-458b-a3a6-511ec217d887
2019-10-17 06:48:12,239 [grpc-default-executor-3] INFO  impl.RoleInfo (RoleInfo.java:shutdownFollowerState(121)) - 67f35358-9777-4ff9-96f4-8a61bc3a94fe: shutdown FollowerState
2019-10-17 06:48:12,239 [grpc-default-executor-4] INFO  impl.RoleInfo (RoleInfo.java:shutdownFollowerState(121)) - b9cfa588-8e56-4331-be2f-4c26f25c6739: shutdown FollowerState
2019-10-17 06:48:12,239 [grpc-default-executor-3] INFO  impl.RoleInfo (RoleInfo.java:updateAndGet(143)) - 67f35358-9777-4ff9-96f4-8a61bc3a94fe: start FollowerState
2019-10-17 06:48:12,240 [Thread-3037] INFO  impl.FollowerState (FollowerState.java:run(117)) - b9cfa588-8e56-4331-be2f-4c26f25c6739@group-21BA9BD4283D-FollowerState was interrupted: java.lang.InterruptedException: sleep interrupted
2019-10-17 06:48:12,239 [Thread-3038] INFO  impl.FollowerState (FollowerState.java:run(117)) - 67f35358-9777-4ff9-96f4-8a61bc3a94fe@group-21BA9BD4283D-FollowerState was interrupted: java.lang.InterruptedException: sleep interrupted
2019-10-17 06:48:12,239 [grpc-default-executor-4] INFO  impl.RoleInfo (RoleInfo.java:updateAndGet(143)) - b9cfa588-8e56-4331-be2f-4c26f25c6739: start FollowerState
2019-10-17 06:48:12,252 [7c431f9d-51bc-458b-a3a6-511ec217d887@group-21BA9BD4283D-LeaderElection347] INFO  impl.LeaderElection (LeaderElection.java:logAndReturn(56)) - 7c431f9d-51bc-458b-a3a6-511ec217d887@group-21BA9BD4283D-LeaderElection347: Election TIMEOUT; received 0 response(s) [] and 0 exception(s); 7c431f9d-51bc-458b-a3a6-511ec217d887@group-21BA9BD4283D:t297, leader=null, voted=7c431f9d-51bc-458b-a3a6-511ec217d887, raftlog=7c431f9d-51bc-458b-a3a6-511ec217d887@group-21BA9BD4283D-SegmentedRaftLog:OPENED:c-1,f-1,i0, conf=-1: [67f35358-9777-4ff9-96f4-8a61bc3a94fe:192.168.34.62:37037, 7c431f9d-51bc-458b-a3a6-511ec217d887:192.168.34.62:40420, b9cfa588-8e56-4331-be2f-4c26f25c6739:192.168.34.62:34777], old=null
2019-10-17 06:48:12,259 [7c431f9d-51bc-458b-a3a6-511ec217d887@group-21BA9BD4283D-LeaderElection347] INFO  impl.LeaderElection (LeaderElection.java:askForVotes(178)) - 7c431f9d-51bc-458b-a3a6-511ec217d887@group-21BA9BD4283D-LeaderElection347: begin an election at term 298 for -1: [67f35358-9777-4ff9-96f4-8a61bc3a94fe:192.168.34.62:37037, 7c431f9d-51bc-458b-a3a6-511ec217d887:192.168.34.62:40420, b9cfa588-8e56-4331-be2f-4c26f25c6739:192.168.34.62:34777], old=null
2019-10-17 06:48:12,260 [grpc-default-executor-3] INFO  impl.RaftServerImpl (RaftServerImpl.java:setRole(184)) - 67f35358-9777-4ff9-96f4-8a61bc3a94fe@group-21BA9BD4283D: changes role from  FOLLOWER to FOLLOWER at term 298 for recognizeCandidate:7c431f9d-51bc-458b-a3a6-511ec217d887
2019-10-17 06:48:12,260 [grpc-default-executor-4] INFO  impl.RaftServerImpl (RaftServerImpl.java:setRole(184)) - b9cfa588-8e56-4331-be2f-4c26f25c6739@group-21BA9BD4283D: changes role from  FOLLOWER to FOLLOWER at term 298 for recognizeCandidate:7c431f9d-51bc-458b-a3a6-511ec217d887
2019-10-17 06:48:12,260 [grpc-default-executor-3] INFO  impl.RoleInfo (RoleInfo.java:shutdownFollowerState(121)) - 67f35358-9777-4ff9-96f4-8a61bc3a94fe: shutdown FollowerState
2019-10-17 06:48:12,260 [grpc-default-executor-4] INFO  impl.RoleInfo (RoleInfo.java:shutdownFollowerState(121)) - b9cfa588-8e56-4331-be2f-4c26f25c6739: shutdown FollowerState
2019-10-17 06:48:12,261 [Thread-3043] INFO  impl.FollowerState (FollowerState.java:run(117)) - 67f35358-9777-4ff9-96f4-8a61bc3a94fe@group-21BA9BD4283D-FollowerState was interrupted: java.lang.InterruptedException: sleep interrupted
2019-10-17 06:48:12,261 [grpc-default-executor-3] INFO  impl.RoleInfo (RoleInfo.java:updateAndGet(143)) - 67f35358-9777-4ff9-96f4-8a61bc3a94fe: start FollowerState
2019-10-17 06:48:12,261 [Thread-3044] INFO  impl.FollowerState (FollowerState.java:run(117)) - b9cfa588-8e56-4331-be2f-4c26f25c6739@group-21BA9BD4283D-FollowerState was interrupted: java.lang.InterruptedException: sleep interrupted
2019-10-17 06:48:12,261 [grpc-default-executor-4] INFO  impl.RoleInfo (RoleInfo.java:updateAndGet(143)) - b9cfa588-8e56-4331-be2f-4c26f25c6739: start FollowerState
2019-10-17 06:48:12,267 [7c431f9d-51bc-458b-a3a6-511ec217d887@group-21BA9BD4283D-LeaderElection347] INFO  impl.LeaderElection (LeaderElection.java:logAndReturn(56)) - 7c431f9d-51bc-458b-a3a6-511ec217d887@group-21BA9BD4283D-LeaderElection347: Election REJECTED; received 2 response(s) [7c431f9d-51bc-458b-a3a6-511ec217d887<-67f35358-9777-4ff9-96f4-8a61bc3a94fe#0:FAIL-t298, 7c431f9d-51bc-458b-a3a6-511ec217d887<-b9cfa588-8e56-4331-be2f-4c26f25c6739#0:FAIL-t298] and 0 exception(s); 7c431f9d-51bc-458b-a3a6-511ec217d887@group-21BA9BD4283D:t298, leader=null, voted=7c431f9d-51bc-458b-a3a6-511ec217d887, raftlog=7c431f9d-51bc-458b-a3a6-511ec217d887@group-21BA9BD4283D-SegmentedRaftLog:OPENED:c-1,f-1,i0, conf=-1: [67f35358-9777-4ff9-96f4-8a61bc3a94fe:192.168.34.62:37037, 7c431f9d-51bc-458b-a3a6-511ec217d887:192.168.34.62:40420, b9cfa588-8e56-4331-be2f-4c26f25c6739:192.168.34.62:34777], old=null
2019-10-17 06:48:12,267 [7c431f9d-51bc-458b-a3a6-511ec217d887@group-21BA9BD4283D-LeaderElection347] INFO  impl.RaftServerImpl (RaftServerImpl.java:setRole(184)) - 7c431f9d-51bc-458b-a3a6-511ec217d887@group-21BA9BD4283D: changes role from CANDIDATE to FOLLOWER at term 298 for DISCOVERED_A_NEW_TERM
2019-10-17 06:48:12,267 [7c431f9d-51bc-458b-a3a6-511ec217d887@group-21BA9BD4283D-LeaderElection347] INFO  impl.RoleInfo (RoleInfo.java:shutdownLeaderElection(134)) - 7c431f9d-51bc-458b-a3a6-511ec217d887: shutdown LeaderElection
2019-10-17 06:48:12,267 [7c431f9d-51bc-458b-a3a6-511ec217d887@group-21BA9BD4283D-LeaderElection347] INFO  impl.RoleInfo (RoleInfo.java:updateAndGet(143)) - 7c431f9d-51bc-458b-a3a6-511ec217d887: start FollowerState
2019-10-17 06:48:12,339 [Thread-3049] INFO  impl.FollowerState (FollowerState.java:run(108)) - 7c431f9d-51bc-458b-a3a6-511ec217d887@group-21BA9BD4283D-FollowerState: change to CANDIDATE, lastRpcTime:71ms, electionTimeout:71ms
2019-10-17 06:48:12,339 [Thread-3049] INFO  impl.RoleInfo (RoleInfo.java:shutdownFollowerState(121)) - 7c431f9d-51bc-458b-a3a6-511ec217d887: shutdown FollowerState
2019-10-17 06:48:12,339 [Thread-3049] INFO  impl.RaftServerImpl (RaftServerImpl.java:setRole(184)) - 7c431f9d-51bc-458b-a3a6-511ec217d887@group-21BA9BD4283D: changes role from  FOLLOWER to CANDIDATE at term 298 for changeToCandidate
2019-10-17 06:48:12,339 [Thread-3049] INFO  impl.RoleInfo (RoleInfo.java:updateAndGet(143)) - 7c431f9d-51bc-458b-a3a6-511ec217d887: start LeaderElection
2019-10-17 06:48:12,353 [7c431f9d-51bc-458b-a3a6-511ec217d887@group-21BA9BD4283D-LeaderElection348] INFO  impl.LeaderElection (LeaderElection.java:askForVotes(178)) - 7c431f9d-51bc-458b-a3a6-511ec217d887@group-21BA9BD4283D-LeaderElection348: begin an election at term 299 for -1: [67f35358-9777-4ff9-96f4-8a61bc3a94fe:192.168.34.62:37037, 7c431f9d-51bc-458b-a3a6-511ec217d887:192.168.34.62:40420, b9cfa588-8e56-4331-be2f-4c26f25c6739:192.168.34.62:34777], old=null
2019-10-17 06:48:12,355 [grpc-default-executor-3] INFO  impl.RaftServerImpl (RaftServerImpl.java:setRole(184)) - 67f35358-9777-4ff9-96f4-8a61bc3a94fe@group-21BA9BD4283D: changes role from  FOLLOWER to FOLLOWER at term 299 for recognizeCandidate:7c431f9d-51bc-458b-a3a6-511ec217d887
2019-10-17 06:48:12,355 [grpc-default-executor-4] INFO  impl.RaftServerImpl (RaftServerImpl.java:setRole(184)) - b9cfa588-8e56-4331-be2f-4c26f25c6739@group-21BA9BD4283D: changes role from  FOLLOWER to FOLLOWER at term 299 for recognizeCandidate:7c431f9d-51bc-458b-a3a6-511ec217d887
2019-10-17 06:48:12,355 [grpc-default-executor-3] INFO  impl.RoleInfo (RoleInfo.java:shutdownFollowerState(121)) - 67f35358-9777-4ff9-96f4-8a61bc3a94fe: shutdown FollowerState
2019-10-17 06:48:12,355 [grpc-default-executor-4] INFO  impl.RoleInfo (RoleInfo.java:shutdownFollowerState(121)) - b9cfa588-8e56-4331-be2f-4c26f25c6739: shutdown FollowerState
2019-10-17 06:48:12,356 [Thread-3047] INFO  impl.FollowerState (FollowerState.java:run(117)) - 67f35358-9777-4ff9-96f4-8a61bc3a94fe@group-21BA9BD4283D-FollowerState was interrupted: java.lang.InterruptedException: sleep interrupted
2019-10-17 06:48:12,355 [grpc-default-executor-3] INFO  impl.RoleInfo (RoleInfo.java:updateAndGet(143)) - 67f35358-9777-4ff9-96f4-8a61bc3a94fe: start FollowerState
2019-10-17 06:48:12,356 [Thread-3048] INFO  impl.FollowerState (FollowerState.java:run(117)) - b9cfa588-8e56-4331-be2f-4c26f25c6739@group-21BA9BD4283D-FollowerState was interrupted: java.lang.InterruptedException: sleep interrupted
2019-10-17 06:48:12,356 [grpc-default-executor-4] INFO  impl.RoleInfo (RoleInfo.java:updateAndGet(143)) - b9cfa588-8e56-4331-be2f-4c26f25c6739: start FollowerState
2019-10-17 06:48:12,372 [7c431f9d-51bc-458b-a3a6-511ec217d887@group-21BA9BD4283D-LeaderElection348] INFO  impl.LeaderElection (LeaderElection.java:logAndReturn(56)) - 7c431f9d-51bc-458b-a3a6-511ec217d887@group-21BA9BD4283D-LeaderElection348: Election REJECTED; received 2 response(s) [7c431f9d-51bc-458b-a3a6-511ec217d887<-67f35358-9777-4ff9-96f4-8a61bc3a94fe#0:FAIL-t299, 7c431f9d-51bc-458b-a3a6-511ec217d887<-b9cfa588-8e56-4331-be2f-4c26f25c6739#0:FAIL-t299] and 0 exception(s); 7c431f9d-51bc-458b-a3a6-511ec217d887@group-21BA9BD4283D:t299, leader=null, voted=7c431f9d-51bc-458b-a3a6-511ec217d887, raftlog=7c431f9d-51bc-458b-a3a6-511ec217d887@group-21BA9BD4283D-SegmentedRaftLog:OPENED:c-1,f-1,i0, conf=-1: [67f35358-9777-4ff9-96f4-8a61bc3a94fe:192.168.34.62:37037, 7c431f9d-51bc-458b-a3a6-511ec217d887:192.168.34.62:40420, b9cfa588-8e56-4331-be2f-4c26f25c6739:192.168.34.62:34777], old=null
2019-10-17 06:48:12,372 [7c431f9d-51bc-458b-a3a6-511ec217d887@group-21BA9BD4283D-LeaderElection348] INFO  impl.RaftServerImpl (RaftServerImpl.java:setRole(184)) - 7c431f9d-51bc-458b-a3a6-511ec217d887@group-21BA9BD4283D: changes role from CANDIDATE to FOLLOWER at term 299 for DISCOVERED_A_NEW_TERM
2019-10-17 06:48:12,372 [7c431f9d-51bc-458b-a3a6-511ec217d887@group-21BA9BD4283D-LeaderElection348] INFO  impl.RoleInfo (RoleInfo.java:shutdownLeaderElection(134)) - 7c431f9d-51bc-458b-a3a6-511ec217d887: shutdown LeaderElection
2019-10-17 06:48:12,372 [7c431f9d-51bc-458b-a3a6-511ec217d887@group-21BA9BD4283D-LeaderElection348] INFO  impl.RoleInfo (RoleInfo.java:updateAndGet(143)) - 7c431f9d-51bc-458b-a3a6-511ec217d887: start FollowerState
2019-10-17 06:48:12,403 [Thread-3055] INFO  impl.FollowerState (FollowerState.java:run(108)) - 7c431f9d-51bc-458b-a3a6-511ec217d887@group-21BA9BD4283D-FollowerState: change to CANDIDATE, lastRpcTime:31ms, electionTimeout:31ms
2019-10-17 06:48:12,404 [Thread-3055] INFO  impl.RoleInfo (RoleInfo.java:shutdownFollowerState(121)) - 7c431f9d-51bc-458b-a3a6-511ec217d887: shutdown FollowerState
2019-10-17 06:48:12,404 [Thread-3055] INFO  impl.RaftServerImpl (RaftServerImpl.java:setRole(184)) - 7c431f9d-51bc-458b-a3a6-511ec217d887@group-21BA9BD4283D: changes role from  FOLLOWER to CANDIDATE at term 299 for changeToCandidate
2019-10-17 06:48:12,404 [Thread-3055] INFO  impl.RoleInfo (RoleInfo.java:updateAndGet(143)) - 7c431f9d-51bc-458b-a3a6-511ec217d887: start LeaderElection
2019-10-17 06:48:12,417 [7c431f9d-51bc-458b-a3a6-511ec217d887@group-21BA9BD4283D-LeaderElection349] INFO  impl.LeaderElection (LeaderElection.java:askForVotes(178)) - 7c431f9d-51bc-458b-a3a6-511ec217d887@group-21BA9BD4283D-LeaderElection349: begin an election at term 300 for -1: [67f35358-9777-4ff9-96f4-8a61bc3a94fe:192.168.34.62:37037, 7c431f9d-51bc-458b-a3a6-511ec217d887:192.168.34.62:40420, b9cfa588-8e56-4331-be2f-4c26f25c6739:192.168.34.62:34777], old=null
2019-10-17 06:48:12,419 [grpc-default-executor-4] INFO  impl.RaftServerImpl (RaftServerImpl.java:setRole(184)) - b9cfa588-8e56-4331-be2f-4c26f25c6739@group-21BA9BD4283D: changes role from  FOLLOWER to FOLLOWER at term 300 for recognizeCandidate:7c431f9d-51bc-458b-a3a6-511ec217d887
2019-10-17 06:48:12,419 [grpc-default-executor-3] INFO  impl.RaftServerImpl (RaftServerImpl.java:setRole(184)) - 67f35358-9777-4ff9-96f4-8a61bc3a94fe@group-21BA9BD4283D: changes role from  FOLLOWER to FOLLOWER at term 300 for recognizeCandidate:7c431f9d-51bc-458b-a3a6-511ec217d887
2019-10-17 06:48:12,419 [grpc-default-executor-3] INFO  impl.RoleInfo (RoleInfo.java:shutdownFollowerState(121)) - 67f35358-9777-4ff9-96f4-8a61bc3a94fe: shutdown FollowerState
2019-10-17 06:48:12,419 [grpc-default-executor-4] INFO  impl.RoleInfo (RoleInfo.java:shutdownFollowerState(121)) - b9cfa588-8e56-4331-be2f-4c26f25c6739: shutdown FollowerState
2019-10-17 06:48:12,419 [Thread-3053] INFO  impl.FollowerState (FollowerState.java:run(117)) - 67f35358-9777-4ff9-96f4-8a61bc3a94fe@group-21BA9BD4283D-FollowerState was interrupted: java.lang.InterruptedException: sleep interrupted
2019-10-17 06:48:12,419 [grpc-default-executor-3] INFO  impl.RoleInfo (RoleInfo.java:updateAndGet(143)) - 67f35358-9777-4ff9-96f4-8a61bc3a94fe: start FollowerState
2019-10-17 06:48:12,419 [grpc-default-executor-4] INFO  impl.RoleInfo (RoleInfo.java:updateAndGet(143)) - b9cfa588-8e56-4331-be2f-4c26f25c6739: start FollowerState
2019-10-17 06:48:12,419 [Thread-3054] INFO  impl.FollowerState (FollowerState.java:run(117)) - b9cfa588-8e56-4331-be2f-4c26f25c6739@group-21BA9BD4283D-FollowerState was interrupted: java.lang.InterruptedException: sleep interrupted
2019-10-17 06:48:12,434 [7c431f9d-51bc-458b-a3a6-511ec217d887@group-21BA9BD4283D-LeaderElection349] INFO  impl.LeaderElection (LeaderElection.java:logAndReturn(56)) - 7c431f9d-51bc-458b-a3a6-511ec217d887@group-21BA9BD4283D-LeaderElection349: Election REJECTED; received 2 response(s) [7c431f9d-51bc-458b-a3a6-511ec217d887<-67f35358-9777-4ff9-96f4-8a61bc3a94fe#0:FAIL-t300, 7c431f9d-51bc-458b-a3a6-511ec217d887<-b9cfa588-8e56-4331-be2f-4c26f25c6739#0:FAIL-t300] and 0 exception(s); 7c431f9d-51bc-458b-a3a6-511ec217d887@group-21BA9BD4283D:t300, leader=null, voted=7c431f9d-51bc-458b-a3a6-511ec217d887, raftlog=7c431f9d-51bc-458b-a3a6-511ec217d887@group-21BA9BD4283D-SegmentedRaftLog:OPENED:c-1,f-1,i0, conf=-1: [67f35358-9777-4ff9-96f4-8a61bc3a94fe:192.168.34.62:37037, 7c431f9d-51bc-458b-a3a6-511ec217d887:192.168.34.62:40420, b9cfa588-8e56-4331-be2f-4c26f25c6739:192.168.34.62:34777], old=null
2019-10-17 06:48:12,434 [7c431f9d-51bc-458b-a3a6-511ec217d887@group-21BA9BD4283D-LeaderElection349] INFO  impl.RaftServerImpl (RaftServerImpl.java:setRole(184)) - 7c431f9d-51bc-458b-a3a6-511ec217d887@group-21BA9BD4283D: changes role from CANDIDATE to FOLLOWER at term 300 for DISCOVERED_A_NEW_TERM
2019-10-17 06:48:12,434 [7c431f9d-51bc-458b-a3a6-511ec217d887@group-21BA9BD4283D-LeaderElection349] INFO  impl.RoleInfo (RoleInfo.java:shutdownLeaderElection(134)) - 7c431f9d-51bc-458b-a3a6-511ec217d887: shutdown LeaderElection
2019-10-17 06:48:12,434 [7c431f9d-51bc-458b-a3a6-511ec217d887@group-21BA9BD4283D-LeaderElection349] INFO  impl.RoleInfo (RoleInfo.java:updateAndGet(143)) - 7c431f9d-51bc-458b-a3a6-511ec217d887: start FollowerState
2019-10-17 06:48:12,605 [Thread-3061] INFO  impl.FollowerState (FollowerState.java:run(108)) - 7c431f9d-51bc-458b-a3a6-511ec217d887@group-21BA9BD4283D-FollowerState: change to CANDIDATE, lastRpcTime:170ms, electionTimeout:170ms
2019-10-17 06:48:12,605 [Thread-3061] INFO  impl.RoleInfo (RoleInfo.java:shutdownFollowerState(121)) - 7c431f9d-51bc-458b-a3a6-511ec217d887: shutdown FollowerState
2019-10-17 06:48:12,605 [Thread-3061] INFO  impl.RaftServerImpl (RaftServerImpl.java:setRole(184)) - 7c431f9d-51bc-458b-a3a6-511ec217d887@group-21BA9BD4283D: changes role from  FOLLOWER to CANDIDATE at term 300 for changeToCandidate
2019-10-17 06:48:12,605 [Thread-3061] INFO  impl.RoleInfo (RoleInfo.java:updateAndGet(143)) - 7c431f9d-51bc-458b-a3a6-511ec217d887: start LeaderElection
2019-10-17 06:48:12,612 [7c431f9d-51bc-458b-a3a6-511ec217d887@group-21BA9BD4283D-LeaderElection350] INFO  impl.LeaderElection (LeaderElection.java:askForVotes(178)) - 7c431f9d-51bc-458b-a3a6-511ec217d887@group-21BA9BD4283D-LeaderElection350: begin an election at term 301 for -1: [67f35358-9777-4ff9-96f4-8a61bc3a94fe:192.168.34.62:37037, 7c431f9d-51bc-458b-a3a6-511ec217d887:192.168.34.62:40420, b9cfa588-8e56-4331-be2f-4c26f25c6739:192.168.34.62:34777], old=null
2019-10-17 06:48:12,613 [grpc-default-executor-3] INFO  impl.RaftServerImpl (RaftServerImpl.java:setRole(184)) - 67f35358-9777-4ff9-96f4-8a61bc3a94fe@group-21BA9BD4283D: changes role from  FOLLOWER to FOLLOWER at term 301 for recognizeCandidate:7c431f9d-51bc-458b-a3a6-511ec217d887
2019-10-17 06:48:12,613 [grpc-default-executor-3] INFO  impl.RoleInfo (RoleInfo.java:shutdownFollowerState(121)) - 67f35358-9777-4ff9-96f4-8a61bc3a94fe: shutdown FollowerState
2019-10-17 06:48:12,613 [grpc-default-executor-4] INFO  impl.RaftServerImpl (RaftServerImpl.java:setRole(184)) - b9cfa588-8e56-4331-be2f-4c26f25c6739@group-21BA9BD4283D: changes role from  FOLLOWER to FOLLOWER at term 301 for recognizeCandidate:7c431f9d-51bc-458b-a3a6-511ec217d887
2019-10-17 06:48:12,614 [Thread-3059] INFO  impl.FollowerState (FollowerState.java:run(117)) - 67f35358-9777-4ff9-96f4-8a61bc3a94fe@group-21BA9BD4283D-FollowerState was interrupted: java.lang.InterruptedException: sleep interrupted
2019-10-17 06:48:12,614 [grpc-default-executor-3] INFO  impl.RoleInfo (RoleInfo.java:updateAndGet(143)) - 67f35358-9777-4ff9-96f4-8a61bc3a94fe: start FollowerState
2019-10-17 06:48:12,614 [grpc-default-executor-4] INFO  impl.RoleInfo (RoleInfo.java:shutdownFollowerState(121)) - b9cfa588-8e56-4331-be2f-4c26f25c6739: shutdown FollowerState
2019-10-17 06:48:12,614 [grpc-default-executor-4] INFO  impl.RoleInfo (RoleInfo.java:updateAndGet(143)) - b9cfa588-8e56-4331-be2f-4c26f25c6739: start FollowerState
2019-10-17 06:48:12,614 [Thread-3060] INFO  impl.FollowerState (FollowerState.java:run(117)) - b9cfa588-8e56-4331-be2f-4c26f25c6739@group-21BA9BD4283D-FollowerState was interrupted: java.lang.InterruptedException: sleep interrupted
2019-10-17 06:48:12,630 [7c431f9d-51bc-458b-a3a6-511ec217d887@group-21BA9BD4283D-LeaderElection350] INFO  impl.LeaderElection (LeaderElection.java:logAndReturn(56)) - 7c431f9d-51bc-458b-a3a6-511ec217d887@group-21BA9BD4283D-LeaderElection350: Election REJECTED; received 2 response(s) [7c431f9d-51bc-458b-a3a6-511ec217d887<-67f35358-9777-4ff9-96f4-8a61bc3a94fe#0:FAIL-t301, 7c431f9d-51bc-458b-a3a6-511ec217d887<-b9cfa588-8e56-4331-be2f-4c26f25c6739#0:FAIL-t301] and 0 exception(s); 7c431f9d-51bc-458b-a3a6-511ec217d887@group-21BA9BD4283D:t301, leader=null, voted=7c431f9d-51bc-458b-a3a6-511ec217d887, raftlog=7c431f9d-51bc-458b-a3a6-511ec217d887@group-21BA9BD4283D-SegmentedRaftLog:OPENED:c-1,f-1,i0, conf=-1: [67f35358-9777-4ff9-96f4-8a61bc3a94fe:192.168.34.62:37037, 7c431f9d-51bc-458b-a3a6-511ec217d887:192.168.34.62:40420, b9cfa588-8e56-4331-be2f-4c26f25c6739:192.168.34.62:34777], old=null
2019-10-17 06:48:12,630 [7c431f9d-51bc-458b-a3a6-511ec217d887@group-21BA9BD4283D-LeaderElection350] INFO  impl.RaftServerImpl (RaftServerImpl.java:setRole(184)) - 7c431f9d-51bc-458b-a3a6-511ec217d887@group-21BA9BD4283D: changes role from CANDIDATE to FOLLOWER at term 301 for DISCOVERED_A_NEW_TERM
2019-10-17 06:48:12,630 [7c431f9d-51bc-458b-a3a6-511ec217d887@group-21BA9BD4283D-LeaderElection350] INFO  impl.RoleInfo (RoleInfo.java:shutdownLeaderElection(134)) - 7c431f9d-51bc-458b-a3a6-511ec217d887: shutdown LeaderElection
2019-10-17 06:48:12,630 [7c431f9d-51bc-458b-a3a6-511ec217d887@group-21BA9BD4283D-LeaderElection350] INFO  impl.RoleInfo (RoleInfo.java:updateAndGet(143)) - 7c431f9d-51bc-458b-a3a6-511ec217d887: start FollowerState
2019-10-17 06:48:12,757 [Thread-3067] INFO  impl.FollowerState (FollowerState.java:run(108)) - 7c431f9d-51bc-458b-a3a6-511ec217d887@group-21BA9BD4283D-FollowerState: change to CANDIDATE, lastRpcTime:127ms, electionTimeout:127ms
2019-10-17 06:48:12,758 [Thread-3067] INFO  impl.RoleInfo (RoleInfo.java:shutdownFollowerState(121)) - 7c431f9d-51bc-458b-a3a6-511ec217d887: shutdown FollowerState
2019-10-17 06:48:12,758 [Thread-3067] INFO  impl.RaftServerImpl (RaftServerImpl.java:setRole(184)) - 7c431f9d-51bc-458b-a3a6-511ec217d887@group-21BA9BD4283D: changes role from  FOLLOWER to CANDIDATE at term 301 for changeToCandidate
2019-10-17 06:48:12,758 [Thread-3067] INFO  impl.RoleInfo (RoleInfo.java:updateAndGet(143)) - 7c431f9d-51bc-458b-a3a6-511ec217d887: start LeaderElection
2019-10-17 06:48:12,779 [7c431f9d-51bc-458b-a3a6-511ec217d887@group-21BA9BD4283D-LeaderElection351] INFO  impl.LeaderElection (LeaderElection.java:askForVotes(178)) - 7c431f9d-51bc-458b-a3a6-511ec217d887@group-21BA9BD4283D-LeaderElection351: begin an election at term 302 for -1: [67f35358-9777-4ff9-96f4-8a61bc3a94fe:192.168.34.62:37037, 7c431f9d-51bc-458b-a3a6-511ec217d887:192.168.34.62:40420, b9cfa588-8e56-4331-be2f-4c26f25c6739:192.168.34.62:34777], old=null
2019-10-17 06:48:12,781 [grpc-default-executor-4] INFO  impl.RaftServerImpl (RaftServerImpl.java:setRole(184)) - b9cfa588-8e56-4331-be2f-4c26f25c6739@group-21BA9BD4283D: changes role from  FOLLOWER to FOLLOWER at term 302 for recognizeCandidate:7c431f9d-51bc-458b-a3a6-511ec217d887
2019-10-17 06:48:12,781 [grpc-default-executor-3] INFO  impl.RaftServerImpl (RaftServerImpl.java:setRole(184)) - 67f35358-9777-4ff9-96f4-8a61bc3a94fe@group-21BA9BD4283D: changes role from  FOLLOWER to FOLLOWER at term 302 for recognizeCandidate:7c431f9d-51bc-458b-a3a6-511ec217d887
2019-10-17 06:48:12,782 [grpc-default-executor-3] INFO  impl.RoleInfo (RoleInfo.java:shutdownFollowerState(121)) - 67f35358-9777-4ff9-96f4-8a61bc3a94fe: shutdown FollowerState
2019-10-17 06:48:12,782 [grpc-default-executor-4] INFO  impl.RoleInfo (RoleInfo.java:shutdownFollowerState(121)) - b9cfa588-8e56-4331-be2f-4c26f25c6739: shutdown FollowerState
2019-10-17 06:48:12,782 [Thread-3065] INFO  impl.FollowerState (FollowerState.java:run(117)) - 67f35358-9777-4ff9-96f4-8a61bc3a94fe@group-21BA9BD4283D-FollowerState was interrupted: java.lang.InterruptedException: sleep interrupted
2019-10-17 06:48:12,782 [grpc-default-executor-3] INFO  impl.RoleInfo (RoleInfo.java:updateAndGet(143)) - 67f35358-9777-4ff9-96f4-8a61bc3a94fe: start FollowerState
2019-10-17 06:48:12,782 [grpc-default-executor-4] INFO  impl.RoleInfo (RoleInfo.java:updateAndGet(143)) - b9cfa588-8e56-4331-be2f-4c26f25c6739: start FollowerState
2019-10-17 06:48:12,782 [Thread-3066] INFO  impl.FollowerState (FollowerState.java:run(117)) - b9cfa588-8e56-4331-be2f-4c26f25c6739@group-21BA9BD4283D-FollowerState was interrupted: java.lang.InterruptedException: sleep interrupted
2019-10-17 06:48:12,800 [7c431f9d-51bc-458b-a3a6-511ec217d887@group-21BA9BD4283D-LeaderElection351] INFO  impl.LeaderElection (LeaderElection.java:logAndReturn(56)) - 7c431f9d-51bc-458b-a3a6-511ec217d887@group-21BA9BD4283D-LeaderElection351: Election REJECTED; received 2 response(s) [7c431f9d-51bc-458b-a3a6-511ec217d887<-67f35358-9777-4ff9-96f4-8a61bc3a94fe#0:FAIL-t302, 7c431f9d-51bc-458b-a3a6-511ec217d887<-b9cfa588-8e56-4331-be2f-4c26f25c6739#0:FAIL-t302] and 0 exception(s); 7c431f9d-51bc-458b-a3a6-511ec217d887@group-21BA9BD4283D:t302, leader=null, voted=7c431f9d-51bc-458b-a3a6-511ec217d887, raftlog=7c431f9d-51bc-458b-a3a6-511ec217d887@group-21BA9BD4283D-SegmentedRaftLog:OPENED:c-1,f-1,i0, conf=-1: [67f35358-9777-4ff9-96f4-8a61bc3a94fe:192.168.34.62:37037, 7c431f9d-51bc-458b-a3a6-511ec217d887:192.168.34.62:40420, b9cfa588-8e56-4331-be2f-4c26f25c6739:192.168.34.62:34777], old=null
2019-10-17 06:48:12,801 [7c431f9d-51bc-458b-a3a6-511ec217d887@group-21BA9BD4283D-LeaderElection351] INFO  impl.RaftServerImpl (RaftServerImpl.java:setRole(184)) - 7c431f9d-51bc-458b-a3a6-511ec217d887@group-21BA9BD4283D: changes role from CANDIDATE to FOLLOWER at term 302 for DISCOVERED_A_NEW_TERM
2019-10-17 06:48:12,801 [7c431f9d-51bc-458b-a3a6-511ec217d887@group-21BA9BD4283D-LeaderElection351] INFO  impl.RoleInfo (RoleInfo.java:shutdownLeaderElection(134)) - 7c431f9d-51bc-458b-a3a6-511ec217d887: shutdown LeaderElection
2019-10-17 06:48:12,801 [7c431f9d-51bc-458b-a3a6-511ec217d887@group-21BA9BD4283D-LeaderElection351] INFO  impl.RoleInfo (RoleInfo.java:updateAndGet(143)) - 7c431f9d-51bc-458b-a3a6-511ec217d887: start FollowerState
2019-10-17 06:48:12,974 [Thread-3073] INFO  impl.FollowerState (FollowerState.java:run(108)) - 7c431f9d-51bc-458b-a3a6-511ec217d887@group-21BA9BD4283D-FollowerState: change to CANDIDATE, lastRpcTime:173ms, electionTimeout:173ms
2019-10-17 06:48:12,974 [Thread-3073] INFO  impl.RoleInfo (RoleInfo.java:shutdownFollowerState(121)) - 7c431f9d-51bc-458b-a3a6-511ec217d887: shutdown FollowerState
2019-10-17 06:48:12,974 [Thread-3073] INFO  impl.RaftServerImpl (RaftServerImpl.java:setRole(184)) - 7c431f9d-51bc-458b-a3a6-511ec217d887@group-21BA9BD4283D: changes role from  FOLLOWER to CANDIDATE at term 302 for changeToCandidate
2019-10-17 06:48:12,975 [Thread-3073] INFO  impl.RoleInfo (RoleInfo.java:updateAndGet(143)) - 7c431f9d-51bc-458b-a3a6-511ec217d887: start LeaderElection
2019-10-17 06:48:13,003 [7c431f9d-51bc-458b-a3a6-511ec217d887@group-21BA9BD4283D-LeaderElection352] INFO  impl.LeaderElection (LeaderElection.java:askForVotes(178)) - 7c431f9d-51bc-458b-a3a6-511ec217d887@group-21BA9BD4283D-LeaderElection352: begin an election at term 303 for -1: [67f35358-9777-4ff9-96f4-8a61bc3a94fe:192.168.34.62:37037, 7c431f9d-51bc-458b-a3a6-511ec217d887:192.168.34.62:40420, b9cfa588-8e56-4331-be2f-4c26f25c6739:192.168.34.62:34777], old=null
2019-10-17 06:48:13,005 [grpc-default-executor-4] INFO  impl.RaftServerImpl (RaftServerImpl.java:setRole(184)) - 67f35358-9777-4ff9-96f4-8a61bc3a94fe@group-21BA9BD4283D: changes role from  FOLLOWER to FOLLOWER at term 303 for recognizeCandidate:7c431f9d-51bc-458b-a3a6-511ec217d887
2019-10-17 06:48:13,005 [grpc-default-executor-4] INFO  impl.RoleInfo (RoleInfo.java:shutdownFollowerState(121)) - 67f35358-9777-4ff9-96f4-8a61bc3a94fe: shutdown FollowerState
2019-10-17 06:48:13,005 [grpc-default-executor-4] INFO  impl.RoleInfo (RoleInfo.java:updateAndGet(143)) - 67f35358-9777-4ff9-96f4-8a61bc3a94fe: start FollowerState
2019-10-17 06:48:13,005 [Thread-3071] INFO  impl.FollowerState (FollowerState.java:run(117)) - 67f35358-9777-4ff9-96f4-8a61bc3a94fe@group-21BA9BD4283D-FollowerState was interrupted: java.lang.InterruptedException: sleep interrupted
2019-10-17 06:48:13,005 [grpc-default-executor-3] INFO  impl.RaftServerImpl (RaftServerImpl.java:setRole(184)) - b9cfa588-8e56-4331-be2f-4c26f25c6739@group-21BA9BD4283D: changes role from  FOLLOWER to FOLLOWER at term 303 for recognizeCandidate:7c431f9d-51bc-458b-a3a6-511ec217d887
2019-10-17 06:48:13,006 [grpc-default-executor-3] INFO  impl.RoleInfo (RoleInfo.java:shutdownFollowerState(121)) - b9cfa588-8e56-4331-be2f-4c26f25c6739: shutdown FollowerState
2019-10-17 06:48:13,006 [grpc-default-executor-3] INFO  impl.RoleInfo (RoleInfo.java:updateAndGet(143)) - b9cfa588-8e56-4331-be2f-4c26f25c6739: start FollowerState
2019-10-17 06:48:13,006 [Thread-3072] INFO  impl.FollowerState (FollowerState.java:run(117)) - b9cfa588-8e56-4331-be2f-4c26f25c6739@group-21BA9BD4283D-FollowerState was interrupted: java.lang.InterruptedException: sleep interrupted
2019-10-17 06:48:13,019 [7c431f9d-51bc-458b-a3a6-511ec217d887@group-21BA9BD4283D-LeaderElection352] INFO  impl.LeaderElection (LeaderElection.java:logAndReturn(56)) - 7c431f9d-51bc-458b-a3a6-511ec217d887@group-21BA9BD4283D-LeaderElection352: Election REJECTED; received 2 response(s) [7c431f9d-51bc-458b-a3a6-511ec217d887<-67f35358-9777-4ff9-96f4-8a61bc3a94fe#0:FAIL-t303, 7c431f9d-51bc-458b-a3a6-511ec217d887<-b9cfa588-8e56-4331-be2f-4c26f25c6739#0:FAIL-t303] and 0 exception(s); 7c431f9d-51bc-458b-a3a6-511ec217d887@group-21BA9BD4283D:t303, leader=null, voted=7c431f9d-51bc-458b-a3a6-511ec217d887, raftlog=7c431f9d-51bc-458b-a3a6-511ec217d887@group-21BA9BD4283D-SegmentedRaftLog:OPENED:c-1,f-1,i0, conf=-1: [67f35358-9777-4ff9-96f4-8a61bc3a94fe:192.168.34.62:37037, 7c431f9d-51bc-458b-a3a6-511ec217d887:192.168.34.62:40420, b9cfa588-8e56-4331-be2f-4c26f25c6739:192.168.34.62:34777], old=null
2019-10-17 06:48:13,019 [7c431f9d-51bc-458b-a3a6-511ec217d887@group-21BA9BD4283D-LeaderElection352] INFO  impl.RaftServerImpl (RaftServerImpl.java:setRole(184)) - 7c431f9d-51bc-458b-a3a6-511ec217d887@group-21BA9BD4283D: changes role from CANDIDATE to FOLLOWER at term 303 for DISCOVERED_A_NEW_TERM
2019-10-17 06:48:13,020 [7c431f9d-51bc-458b-a3a6-511ec217d887@group-21BA9BD4283D-LeaderElection352] INFO  impl.RoleInfo (RoleInfo.java:shutdownLeaderElection(134)) - 7c431f9d-51bc-458b-a3a6-511ec217d887: shutdown LeaderElection
2019-10-17 06:48:13,020 [7c431f9d-51bc-458b-a3a6-511ec217d887@group-21BA9BD4283D-LeaderElection352] INFO  impl.RoleInfo (RoleInfo.java:updateAndGet(143)) - 7c431f9d-51bc-458b-a3a6-511ec217d887: start FollowerState
2019-10-17 06:48:13,105 [main] INFO  ozone.MiniOzoneClusterImpl (MiniOzoneClusterImpl.java:lambda$waitForClusterToBeReady$2(164)) - Waiting for 1 number of pipelines out of 4, to report a leader.
2019-10-17 06:48:13,128 [Thread-3079] INFO  impl.FollowerState (FollowerState.java:run(108)) - 7c431f9d-51bc-458b-a3a6-511ec217d887@group-21BA9BD4283D-FollowerState: change to CANDIDATE, lastRpcTime:108ms, electionTimeout:108ms
2019-10-17 06:48:13,128 [Thread-3079] INFO  impl.RoleInfo (RoleInfo.java:shutdownFollowerState(121)) - 7c431f9d-51bc-458b-a3a6-511ec217d887: shutdown FollowerState
2019-10-17 06:48:13,128 [Thread-3079] INFO  impl.RaftServerImpl (RaftServerImpl.java:setRole(184)) - 7c431f9d-51bc-458b-a3a6-511ec217d887@group-21BA9BD4283D: changes role from  FOLLOWER to CANDIDATE at term 303 for changeToCandidate
2019-10-17 06:48:13,128 [Thread-3079] INFO  impl.RoleInfo (RoleInfo.java:updateAndGet(143)) - 7c431f9d-51bc-458b-a3a6-511ec217d887: start LeaderElection
2019-10-17 06:48:13,141 [7c431f9d-51bc-458b-a3a6-511ec217d887@group-21BA9BD4283D-LeaderElection353] INFO  impl.LeaderElection (LeaderElection.java:askForVotes(178)) - 7c431f9d-51bc-458b-a3a6-511ec217d887@group-21BA9BD4283D-LeaderElection353: begin an election at term 304 for -1: [67f35358-9777-4ff9-96f4-8a61bc3a94fe:192.168.34.62:37037, 7c431f9d-51bc-458b-a3a6-511ec217d887:192.168.34.62:40420, b9cfa588-8e56-4331-be2f-4c26f25c6739:192.168.34.62:34777], old=null
2019-10-17 06:48:13,142 [grpc-default-executor-4] INFO  impl.RaftServerImpl (RaftServerImpl.java:setRole(184)) - 67f35358-9777-4ff9-96f4-8a61bc3a94fe@group-21BA9BD4283D: changes role from  FOLLOWER to FOLLOWER at term 304 for recognizeCandidate:7c431f9d-51bc-458b-a3a6-511ec217d887
2019-10-17 06:48:13,142 [grpc-default-executor-4] INFO  impl.RoleInfo (RoleInfo.java:shutdownFollowerState(121)) - 67f35358-9777-4ff9-96f4-8a61bc3a94fe: shutdown FollowerState
2019-10-17 06:48:13,142 [grpc-default-executor-4] INFO  impl.RoleInfo (RoleInfo.java:updateAndGet(143)) - 67f35358-9777-4ff9-96f4-8a61bc3a94fe: start FollowerState
2019-10-17 06:48:13,142 [grpc-default-executor-3] INFO  impl.RaftServerImpl (RaftServerImpl.java:setRole(184)) - b9cfa588-8e56-4331-be2f-4c26f25c6739@group-21BA9BD4283D: changes role from  FOLLOWER to FOLLOWER at term 304 for recognizeCandidate:7c431f9d-51bc-458b-a3a6-511ec217d887
2019-10-17 06:48:13,143 [grpc-default-executor-3] INFO  impl.RoleInfo (RoleInfo.java:shutdownFollowerState(121)) - b9cfa588-8e56-4331-be2f-4c26f25c6739: shutdown FollowerState
2019-10-17 06:48:13,142 [Thread-3077] INFO  impl.FollowerState (FollowerState.java:run(117)) - 67f35358-9777-4ff9-96f4-8a61bc3a94fe@group-21BA9BD4283D-FollowerState was interrupted: java.lang.InterruptedException: sleep interrupted
2019-10-17 06:48:13,143 [Thread-3078] INFO  impl.FollowerState (FollowerState.java:run(117)) - b9cfa588-8e56-4331-be2f-4c26f25c6739@group-21BA9BD4283D-FollowerState was interrupted: java.lang.InterruptedException: sleep interrupted
2019-10-17 06:48:13,143 [grpc-default-executor-3] INFO  impl.RoleInfo (RoleInfo.java:updateAndGet(143)) - b9cfa588-8e56-4331-be2f-4c26f25c6739: start FollowerState
2019-10-17 06:48:13,157 [7c431f9d-51bc-458b-a3a6-511ec217d887@group-21BA9BD4283D-LeaderElection353] INFO  impl.LeaderElection (LeaderElection.java:logAndReturn(56)) - 7c431f9d-51bc-458b-a3a6-511ec217d887@group-21BA9BD4283D-LeaderElection353: Election REJECTED; received 2 response(s) [7c431f9d-51bc-458b-a3a6-511ec217d887<-67f35358-9777-4ff9-96f4-8a61bc3a94fe#0:FAIL-t304, 7c431f9d-51bc-458b-a3a6-511ec217d887<-b9cfa588-8e56-4331-be2f-4c26f25c6739#0:FAIL-t304] and 0 exception(s); 7c431f9d-51bc-458b-a3a6-511ec217d887@group-21BA9BD4283D:t304, leader=null, voted=7c431f9d-51bc-458b-a3a6-511ec217d887, raftlog=7c431f9d-51bc-458b-a3a6-511ec217d887@group-21BA9BD4283D-SegmentedRaftLog:OPENED:c-1,f-1,i0, conf=-1: [67f35358-9777-4ff9-96f4-8a61bc3a94fe:192.168.34.62:37037, 7c431f9d-51bc-458b-a3a6-511ec217d887:192.168.34.62:40420, b9cfa588-8e56-4331-be2f-4c26f25c6739:192.168.34.62:34777], old=null
2019-10-17 06:48:13,157 [7c431f9d-51bc-458b-a3a6-511ec217d887@group-21BA9BD4283D-LeaderElection353] INFO  impl.RaftServerImpl (RaftServerImpl.java:setRole(184)) - 7c431f9d-51bc-458b-a3a6-511ec217d887@group-21BA9BD4283D: changes role from CANDIDATE to FOLLOWER at term 304 for DISCOVERED_A_NEW_TERM
2019-10-17 06:48:13,157 [7c431f9d-51bc-458b-a3a6-511ec217d887@group-21BA9BD4283D-LeaderElection353] INFO  impl.RoleInfo (RoleInfo.java:shutdownLeaderElection(134)) - 7c431f9d-51bc-458b-a3a6-511ec217d887: shutdown LeaderElection
2019-10-17 06:48:13,157 [7c431f9d-51bc-458b-a3a6-511ec217d887@group-21BA9BD4283D-LeaderElection353] INFO  impl.RoleInfo (RoleInfo.java:updateAndGet(143)) - 7c431f9d-51bc-458b-a3a6-511ec217d887: start FollowerState
2019-10-17 06:48:13,200 [Thread-3085] INFO  impl.FollowerState (FollowerState.java:run(108)) - 7c431f9d-51bc-458b-a3a6-511ec217d887@group-21BA9BD4283D-FollowerState: change to CANDIDATE, lastRpcTime:43ms, electionTimeout:43ms
2019-10-17 06:48:13,200 [Thread-3085] INFO  impl.RoleInfo (RoleInfo.java:shutdownFollowerState(121)) - 7c431f9d-51bc-458b-a3a6-511ec217d887: shutdown FollowerState
2019-10-17 06:48:13,200 [Thread-3085] INFO  impl.RaftServerImpl (RaftServerImpl.java:setRole(184)) - 7c431f9d-51bc-458b-a3a6-511ec217d887@group-21BA9BD4283D: changes role from  FOLLOWER to CANDIDATE at term 304 for changeToCandidate
2019-10-17 06:48:13,200 [Thread-3085] INFO  impl.RoleInfo (RoleInfo.java:updateAndGet(143)) - 7c431f9d-51bc-458b-a3a6-511ec217d887: start LeaderElection
2019-10-17 06:48:13,224 [7c431f9d-51bc-458b-a3a6-511ec217d887@group-21BA9BD4283D-LeaderElection354] INFO  impl.LeaderElection (LeaderElection.java:askForVotes(178)) - 7c431f9d-51bc-458b-a3a6-511ec217d887@group-21BA9BD4283D-LeaderElection354: begin an election at term 305 for -1: [67f35358-9777-4ff9-96f4-8a61bc3a94fe:192.168.34.62:37037, 7c431f9d-51bc-458b-a3a6-511ec217d887:192.168.34.62:40420, b9cfa588-8e56-4331-be2f-4c26f25c6739:192.168.34.62:34777], old=null
2019-10-17 06:48:13,225 [grpc-default-executor-4] INFO  impl.RaftServerImpl (RaftServerImpl.java:setRole(184)) - 67f35358-9777-4ff9-96f4-8a61bc3a94fe@group-21BA9BD4283D: changes role from  FOLLOWER to FOLLOWER at term 305 for recognizeCandidate:7c431f9d-51bc-458b-a3a6-511ec217d887
2019-10-17 06:48:13,225 [grpc-default-executor-4] INFO  impl.RoleInfo (RoleInfo.java:shutdownFollowerState(121)) - 67f35358-9777-4ff9-96f4-8a61bc3a94fe: shutdown FollowerState
2019-10-17 06:48:13,225 [grpc-default-executor-3] INFO  impl.RaftServerImpl (RaftServerImpl.java:setRole(184)) - b9cfa588-8e56-4331-be2f-4c26f25c6739@group-21BA9BD4283D: changes role from  FOLLOWER to FOLLOWER at term 305 for recognizeCandidate:7c431f9d-51bc-458b-a3a6-511ec217d887
2019-10-17 06:48:13,226 [Thread-3083] INFO  impl.FollowerState (FollowerState.java:run(117)) - 67f35358-9777-4ff9-96f4-8a61bc3a94fe@group-21BA9BD4283D-FollowerState was interrupted: java.lang.InterruptedException: sleep interrupted
2019-10-17 06:48:13,226 [grpc-default-executor-4] INFO  impl.RoleInfo (RoleInfo.java:updateAndGet(143)) - 67f35358-9777-4ff9-96f4-8a61bc3a94fe: start FollowerState
2019-10-17 06:48:13,226 [grpc-default-executor-3] INFO  impl.RoleInfo (RoleInfo.java:shutdownFollowerState(121)) - b9cfa588-8e56-4331-be2f-4c26f25c6739: shutdown FollowerState
2019-10-17 06:48:13,226 [grpc-default-executor-3] INFO  impl.RoleInfo (RoleInfo.java:updateAndGet(143)) - b9cfa588-8e56-4331-be2f-4c26f25c6739: start FollowerState
2019-10-17 06:48:13,226 [Thread-3084] INFO  impl.FollowerState (FollowerState.java:run(117)) - b9cfa588-8e56-4331-be2f-4c26f25c6739@group-21BA9BD4283D-FollowerState was interrupted: java.lang.InterruptedException: sleep interrupted
2019-10-17 06:48:13,233 [7c431f9d-51bc-458b-a3a6-511ec217d887@group-21BA9BD4283D-LeaderElection354] INFO  impl.LeaderElection (LeaderElection.java:logAndReturn(56)) - 7c431f9d-51bc-458b-a3a6-511ec217d887@group-21BA9BD4283D-LeaderElection354: Election TIMEOUT; received 0 response(s) [] and 0 exception(s); 7c431f9d-51bc-458b-a3a6-511ec217d887@group-21BA9BD4283D:t305, leader=null, voted=7c431f9d-51bc-458b-a3a6-511ec217d887, raftlog=7c431f9d-51bc-458b-a3a6-511ec217d887@group-21BA9BD4283D-SegmentedRaftLog:OPENED:c-1,f-1,i0, conf=-1: [67f35358-9777-4ff9-96f4-8a61bc3a94fe:192.168.34.62:37037, 7c431f9d-51bc-458b-a3a6-511ec217d887:192.168.34.62:40420, b9cfa588-8e56-4331-be2f-4c26f25c6739:192.168.34.62:34777], old=null
2019-10-17 06:48:13,239 [7c431f9d-51bc-458b-a3a6-511ec217d887@group-21BA9BD4283D-LeaderElection354] INFO  impl.LeaderElection (LeaderElection.java:askForVotes(178)) - 7c431f9d-51bc-458b-a3a6-511ec217d887@group-21BA9BD4283D-LeaderElection354: begin an election at term 306 for -1: [67f35358-9777-4ff9-96f4-8a61bc3a94fe:192.168.34.62:37037, 7c431f9d-51bc-458b-a3a6-511ec217d887:192.168.34.62:40420, b9cfa588-8e56-4331-be2f-4c26f25c6739:192.168.34.62:34777], old=null
2019-10-17 06:48:13,240 [grpc-default-executor-3] INFO  impl.RaftServerImpl (RaftServerImpl.java:setRole(184)) - 67f35358-9777-4ff9-96f4-8a61bc3a94fe@group-21BA9BD4283D: changes role from  FOLLOWER to FOLLOWER at term 306 for recognizeCandidate:7c431f9d-51bc-458b-a3a6-511ec217d887
2019-10-17 06:48:13,240 [grpc-default-executor-3] INFO  impl.RoleInfo (RoleInfo.java:shutdownFollowerState(121)) - 67f35358-9777-4ff9-96f4-8a61bc3a94fe: shutdown FollowerState
2019-10-17 06:48:13,241 [grpc-default-executor-3] INFO  impl.RoleInfo (RoleInfo.java:updateAndGet(143)) - 67f35358-9777-4ff9-96f4-8a61bc3a94fe: start FollowerState
2019-10-17 06:48:13,241 [Thread-3089] INFO  impl.FollowerState (FollowerState.java:run(117)) - 67f35358-9777-4ff9-96f4-8a61bc3a94fe@group-21BA9BD4283D-FollowerState was interrupted: java.lang.InterruptedException: sleep interrupted
2019-10-17 06:48:13,241 [grpc-default-executor-4] INFO  impl.RaftServerImpl (RaftServerImpl.java:setRole(184)) - b9cfa588-8e56-4331-be2f-4c26f25c6739@group-21BA9BD4283D: changes role from  FOLLOWER to FOLLOWER at term 306 for recognizeCandidate:7c431f9d-51bc-458b-a3a6-511ec217d887
2019-10-17 06:48:13,241 [grpc-default-executor-4] INFO  impl.RoleInfo (RoleInfo.java:shutdownFollowerState(121)) - b9cfa588-8e56-4331-be2f-4c26f25c6739: shutdown FollowerState
2019-10-17 06:48:13,241 [grpc-default-executor-4] INFO  impl.RoleInfo (RoleInfo.java:updateAndGet(143)) - b9cfa588-8e56-4331-be2f-4c26f25c6739: start FollowerState
2019-10-17 06:48:13,241 [Thread-3090] INFO  impl.FollowerState (FollowerState.java:run(117)) - b9cfa588-8e56-4331-be2f-4c26f25c6739@group-21BA9BD4283D-FollowerState was interrupted: java.lang.InterruptedException: sleep interrupted
2019-10-17 06:48:13,256 [7c431f9d-51bc-458b-a3a6-511ec217d887@group-21BA9BD4283D-LeaderElection354] INFO  impl.LeaderElection (LeaderElection.java:logAndReturn(56)) - 7c431f9d-51bc-458b-a3a6-511ec217d887@group-21BA9BD4283D-LeaderElection354: Election REJECTED; received 2 response(s) [7c431f9d-51bc-458b-a3a6-511ec217d887<-67f35358-9777-4ff9-96f4-8a61bc3a94fe#0:FAIL-t306, 7c431f9d-51bc-458b-a3a6-511ec217d887<-b9cfa588-8e56-4331-be2f-4c26f25c6739#0:FAIL-t306] and 0 exception(s); 7c431f9d-51bc-458b-a3a6-511ec217d887@group-21BA9BD4283D:t306, leader=null, voted=7c431f9d-51bc-458b-a3a6-511ec217d887, raftlog=7c431f9d-51bc-458b-a3a6-511ec217d887@group-21BA9BD4283D-SegmentedRaftLog:OPENED:c-1,f-1,i0, conf=-1: [67f35358-9777-4ff9-96f4-8a61bc3a94fe:192.168.34.62:37037, 7c431f9d-51bc-458b-a3a6-511ec217d887:192.168.34.62:40420, b9cfa588-8e56-4331-be2f-4c26f25c6739:192.168.34.62:34777], old=null
2019-10-17 06:48:13,257 [7c431f9d-51bc-458b-a3a6-511ec217d887@group-21BA9BD4283D-LeaderElection354] INFO  impl.RaftServerImpl (RaftServerImpl.java:setRole(184)) - 7c431f9d-51bc-458b-a3a6-511ec217d887@group-21BA9BD4283D: changes role from CANDIDATE to FOLLOWER at term 306 for DISCOVERED_A_NEW_TERM
2019-10-17 06:48:13,257 [7c431f9d-51bc-458b-a3a6-511ec217d887@group-21BA9BD4283D-LeaderElection354] INFO  impl.RoleInfo (RoleInfo.java:shutdownLeaderElection(134)) - 7c431f9d-51bc-458b-a3a6-511ec217d887: shutdown LeaderElection
2019-10-17 06:48:13,257 [7c431f9d-51bc-458b-a3a6-511ec217d887@group-21BA9BD4283D-LeaderElection354] INFO  impl.RoleInfo (RoleInfo.java:updateAndGet(143)) - 7c431f9d-51bc-458b-a3a6-511ec217d887: start FollowerState
2019-10-17 06:48:13,426 [Thread-3095] INFO  impl.FollowerState (FollowerState.java:run(108)) - 7c431f9d-51bc-458b-a3a6-511ec217d887@group-21BA9BD4283D-FollowerState: change to CANDIDATE, lastRpcTime:169ms, electionTimeout:169ms
2019-10-17 06:48:13,426 [Thread-3095] INFO  impl.RoleInfo (RoleInfo.java:shutdownFollowerState(121)) - 7c431f9d-51bc-458b-a3a6-511ec217d887: shutdown FollowerState
2019-10-17 06:48:13,426 [Thread-3095] INFO  impl.RaftServerImpl (RaftServerImpl.java:setRole(184)) - 7c431f9d-51bc-458b-a3a6-511ec217d887@group-21BA9BD4283D: changes role from  FOLLOWER to CANDIDATE at term 306 for changeToCandidate
2019-10-17 06:48:13,427 [Thread-3095] INFO  impl.RoleInfo (RoleInfo.java:updateAndGet(143)) - 7c431f9d-51bc-458b-a3a6-511ec217d887: start LeaderElection
2019-10-17 06:48:13,453 [7c431f9d-51bc-458b-a3a6-511ec217d887@group-21BA9BD4283D-LeaderElection355] INFO  impl.LeaderElection (LeaderElection.java:askForVotes(178)) - 7c431f9d-51bc-458b-a3a6-511ec217d887@group-21BA9BD4283D-LeaderElection355: begin an election at term 307 for -1: [67f35358-9777-4ff9-96f4-8a61bc3a94fe:192.168.34.62:37037, 7c431f9d-51bc-458b-a3a6-511ec217d887:192.168.34.62:40420, b9cfa588-8e56-4331-be2f-4c26f25c6739:192.168.34.62:34777], old=null
2019-10-17 06:48:13,456 [grpc-default-executor-3] INFO  impl.RaftServerImpl (RaftServerImpl.java:setRole(184)) - 67f35358-9777-4ff9-96f4-8a61bc3a94fe@group-21BA9BD4283D: changes role from  FOLLOWER to FOLLOWER at term 307 for recognizeCandidate:7c431f9d-51bc-458b-a3a6-511ec217d887
2019-10-17 06:48:13,456 [grpc-default-executor-3] INFO  impl.RoleInfo (RoleInfo.java:shutdownFollowerState(121)) - 67f35358-9777-4ff9-96f4-8a61bc3a94fe: shutdown FollowerState
2019-10-17 06:48:13,456 [grpc-default-executor-4] INFO  impl.RaftServerImpl (RaftServerImpl.java:setRole(184)) - b9cfa588-8e56-4331-be2f-4c26f25c6739@group-21BA9BD4283D: changes role from  FOLLOWER to FOLLOWER at term 307 for recognizeCandidate:7c431f9d-51bc-458b-a3a6-511ec217d887
2019-10-17 06:48:13,456 [grpc-default-executor-4] INFO  impl.RoleInfo (RoleInfo.java:shutdownFollowerState(121)) - b9cfa588-8e56-4331-be2f-4c26f25c6739: shutdown FollowerState
2019-10-17 06:48:13,456 [Thread-3093] INFO  impl.FollowerState (FollowerState.java:run(117)) - 67f35358-9777-4ff9-96f4-8a61bc3a94fe@group-21BA9BD4283D-FollowerState was interrupted: java.lang.InterruptedException: sleep interrupted
2019-10-17 06:48:13,456 [grpc-default-executor-3] INFO  impl.RoleInfo (RoleInfo.java:updateAndGet(143)) - 67f35358-9777-4ff9-96f4-8a61bc3a94fe: start FollowerState
2019-10-17 06:48:13,456 [Thread-3094] INFO  impl.FollowerState (FollowerState.java:run(117)) - b9cfa588-8e56-4331-be2f-4c26f25c6739@group-21BA9BD4283D-FollowerState was interrupted: java.lang.InterruptedException: sleep interrupted
2019-10-17 06:48:13,456 [grpc-default-executor-4] INFO  impl.RoleInfo (RoleInfo.java:updateAndGet(143)) - b9cfa588-8e56-4331-be2f-4c26f25c6739: start FollowerState
2019-10-17 06:48:13,471 [7c431f9d-51bc-458b-a3a6-511ec217d887@group-21BA9BD4283D-LeaderElection355] INFO  impl.LeaderElection (LeaderElection.java:logAndReturn(56)) - 7c431f9d-51bc-458b-a3a6-511ec217d887@group-21BA9BD4283D-LeaderElection355: Election REJECTED; received 2 response(s) [7c431f9d-51bc-458b-a3a6-511ec217d887<-67f35358-9777-4ff9-96f4-8a61bc3a94fe#0:FAIL-t307, 7c431f9d-51bc-458b-a3a6-511ec217d887<-b9cfa588-8e56-4331-be2f-4c26f25c6739#0:FAIL-t307] and 0 exception(s); 7c431f9d-51bc-458b-a3a6-511ec217d887@group-21BA9BD4283D:t307, leader=null, voted=7c431f9d-51bc-458b-a3a6-511ec217d887, raftlog=7c431f9d-51bc-458b-a3a6-511ec217d887@group-21BA9BD4283D-SegmentedRaftLog:OPENED:c-1,f-1,i0, conf=-1: [67f35358-9777-4ff9-96f4-8a61bc3a94fe:192.168.34.62:37037, 7c431f9d-51bc-458b-a3a6-511ec217d887:192.168.34.62:40420, b9cfa588-8e56-4331-be2f-4c26f25c6739:192.168.34.62:34777], old=null
2019-10-17 06:48:13,472 [7c431f9d-51bc-458b-a3a6-511ec217d887@group-21BA9BD4283D-LeaderElection355] INFO  impl.RaftServerImpl (RaftServerImpl.java:setRole(184)) - 7c431f9d-51bc-458b-a3a6-511ec217d887@group-21BA9BD4283D: changes role from CANDIDATE to FOLLOWER at term 307 for DISCOVERED_A_NEW_TERM
2019-10-17 06:48:13,472 [7c431f9d-51bc-458b-a3a6-511ec217d887@group-21BA9BD4283D-LeaderElection355] INFO  impl.RoleInfo (RoleInfo.java:shutdownLeaderElection(134)) - 7c431f9d-51bc-458b-a3a6-511ec217d887: shutdown LeaderElection
2019-10-17 06:48:13,472 [7c431f9d-51bc-458b-a3a6-511ec217d887@group-21BA9BD4283D-LeaderElection355] INFO  impl.RoleInfo (RoleInfo.java:updateAndGet(143)) - 7c431f9d-51bc-458b-a3a6-511ec217d887: start FollowerState
2019-10-17 06:48:13,550 [Thread-3101] INFO  impl.FollowerState (FollowerState.java:run(108)) - 7c431f9d-51bc-458b-a3a6-511ec217d887@group-21BA9BD4283D-FollowerState: change to CANDIDATE, lastRpcTime:78ms, electionTimeout:78ms
2019-10-17 06:48:13,550 [Thread-3101] INFO  impl.RoleInfo (RoleInfo.java:shutdownFollowerState(121)) - 7c431f9d-51bc-458b-a3a6-511ec217d887: shutdown FollowerState
2019-10-17 06:48:13,550 [Thread-3101] INFO  impl.RaftServerImpl (RaftServerImpl.java:setRole(184)) - 7c431f9d-51bc-458b-a3a6-511ec217d887@group-21BA9BD4283D: changes role from  FOLLOWER to CANDIDATE at term 307 for changeToCandidate
2019-10-17 06:48:13,551 [Thread-3101] INFO  impl.RoleInfo (RoleInfo.java:updateAndGet(143)) - 7c431f9d-51bc-458b-a3a6-511ec217d887: start LeaderElection
2019-10-17 06:48:13,574 [7c431f9d-51bc-458b-a3a6-511ec217d887@group-21BA9BD4283D-LeaderElection356] INFO  impl.LeaderElection (LeaderElection.java:askForVotes(178)) - 7c431f9d-51bc-458b-a3a6-511ec217d887@group-21BA9BD4283D-LeaderElection356: begin an election at term 308 for -1: [67f35358-9777-4ff9-96f4-8a61bc3a94fe:192.168.34.62:37037, 7c431f9d-51bc-458b-a3a6-511ec217d887:192.168.34.62:40420, b9cfa588-8e56-4331-be2f-4c26f25c6739:192.168.34.62:34777], old=null
2019-10-17 06:48:13,576 [7c431f9d-51bc-458b-a3a6-511ec217d887@group-21BA9BD4283D-LeaderElection356] INFO  impl.LeaderElection (LeaderElection.java:logAndReturn(56)) - 7c431f9d-51bc-458b-a3a6-511ec217d887@group-21BA9BD4283D-LeaderElection356: Election TIMEOUT; received 0 response(s) [] and 0 exception(s); 7c431f9d-51bc-458b-a3a6-511ec217d887@group-21BA9BD4283D:t308, leader=null, voted=7c431f9d-51bc-458b-a3a6-511ec217d887, raftlog=7c431f9d-51bc-458b-a3a6-511ec217d887@group-21BA9BD4283D-SegmentedRaftLog:OPENED:c-1,f-1,i0, conf=-1: [67f35358-9777-4ff9-96f4-8a61bc3a94fe:192.168.34.62:37037, 7c431f9d-51bc-458b-a3a6-511ec217d887:192.168.34.62:40420, b9cfa588-8e56-4331-be2f-4c26f25c6739:192.168.34.62:34777], old=null
2019-10-17 06:48:13,576 [grpc-default-executor-4] INFO  impl.RaftServerImpl (RaftServerImpl.java:setRole(184)) - 67f35358-9777-4ff9-96f4-8a61bc3a94fe@group-21BA9BD4283D: changes role from  FOLLOWER to FOLLOWER at term 308 for recognizeCandidate:7c431f9d-51bc-458b-a3a6-511ec217d887
2019-10-17 06:48:13,576 [grpc-default-executor-4] INFO  impl.RoleInfo (RoleInfo.java:shutdownFollowerState(121)) - 67f35358-9777-4ff9-96f4-8a61bc3a94fe: shutdown FollowerState
2019-10-17 06:48:13,577 [grpc-default-executor-4] INFO  impl.RoleInfo (RoleInfo.java:updateAndGet(143)) - 67f35358-9777-4ff9-96f4-8a61bc3a94fe: start FollowerState
2019-10-17 06:48:13,577 [Thread-3099] INFO  impl.FollowerState (FollowerState.java:run(117)) - 67f35358-9777-4ff9-96f4-8a61bc3a94fe@group-21BA9BD4283D-FollowerState was interrupted: java.lang.InterruptedException: sleep interrupted
2019-10-17 06:48:13,577 [grpc-default-executor-3] INFO  impl.RaftServerImpl (RaftServerImpl.java:setRole(184)) - b9cfa588-8e56-4331-be2f-4c26f25c6739@group-21BA9BD4283D: changes role from  FOLLOWER to FOLLOWER at term 308 for recognizeCandidate:7c431f9d-51bc-458b-a3a6-511ec217d887
2019-10-17 06:48:13,577 [grpc-default-executor-3] INFO  impl.RoleInfo (RoleInfo.java:shutdownFollowerState(121)) - b9cfa588-8e56-4331-be2f-4c26f25c6739: shutdown FollowerState
2019-10-17 06:48:13,577 [grpc-default-executor-3] INFO  impl.RoleInfo (RoleInfo.java:updateAndGet(143)) - b9cfa588-8e56-4331-be2f-4c26f25c6739: start FollowerState
2019-10-17 06:48:13,577 [Thread-3100] INFO  impl.FollowerState (FollowerState.java:run(117)) - b9cfa588-8e56-4331-be2f-4c26f25c6739@group-21BA9BD4283D-FollowerState was interrupted: java.lang.InterruptedException: sleep interrupted
2019-10-17 06:48:13,598 [7c431f9d-51bc-458b-a3a6-511ec217d887@group-21BA9BD4283D-LeaderElection356] INFO  impl.LeaderElection (LeaderElection.java:askForVotes(178)) - 7c431f9d-51bc-458b-a3a6-511ec217d887@group-21BA9BD4283D-LeaderElection356: begin an election at term 309 for -1: [67f35358-9777-4ff9-96f4-8a61bc3a94fe:192.168.34.62:37037, 7c431f9d-51bc-458b-a3a6-511ec217d887:192.168.34.62:40420, b9cfa588-8e56-4331-be2f-4c26f25c6739:192.168.34.62:34777], old=null
2019-10-17 06:48:13,600 [grpc-default-executor-4] INFO  impl.RaftServerImpl (RaftServerImpl.java:setRole(184)) - 67f35358-9777-4ff9-96f4-8a61bc3a94fe@group-21BA9BD4283D: changes role from  FOLLOWER to FOLLOWER at term 309 for recognizeCandidate:7c431f9d-51bc-458b-a3a6-511ec217d887
2019-10-17 06:48:13,600 [grpc-default-executor-4] INFO  impl.RoleInfo (RoleInfo.java:shutdownFollowerState(121)) - 67f35358-9777-4ff9-96f4-8a61bc3a94fe: shutdown FollowerState
2019-10-17 06:48:13,600 [grpc-default-executor-4] INFO  impl.RoleInfo (RoleInfo.java:updateAndGet(143)) - 67f35358-9777-4ff9-96f4-8a61bc3a94fe: start FollowerState
2019-10-17 06:48:13,600 [Thread-3105] INFO  impl.FollowerState (FollowerState.java:run(117)) - 67f35358-9777-4ff9-96f4-8a61bc3a94fe@group-21BA9BD4283D-FollowerState was interrupted: java.lang.InterruptedException: sleep interrupted
2019-10-17 06:48:13,601 [grpc-default-executor-3] INFO  impl.RaftServerImpl (RaftServerImpl.java:setRole(184)) - b9cfa588-8e56-4331-be2f-4c26f25c6739@group-21BA9BD4283D: changes role from  FOLLOWER to FOLLOWER at term 309 for recognizeCandidate:7c431f9d-51bc-458b-a3a6-511ec217d887
2019-10-17 06:48:13,601 [grpc-default-executor-3] INFO  impl.RoleInfo (RoleInfo.java:shutdownFollowerState(121)) - b9cfa588-8e56-4331-be2f-4c26f25c6739: shutdown FollowerState
2019-10-17 06:48:13,601 [grpc-default-executor-3] INFO  impl.RoleInfo (RoleInfo.java:updateAndGet(143)) - b9cfa588-8e56-4331-be2f-4c26f25c6739: start FollowerState
2019-10-17 06:48:13,601 [Thread-3106] INFO  impl.FollowerState (FollowerState.java:run(117)) - b9cfa588-8e56-4331-be2f-4c26f25c6739@group-21BA9BD4283D-FollowerState was interrupted: java.lang.InterruptedException: sleep interrupted
2019-10-17 06:48:13,614 [7c431f9d-51bc-458b-a3a6-511ec217d887@group-21BA9BD4283D-LeaderElection356] INFO  impl.LeaderElection (LeaderElection.java:logAndReturn(56)) - 7c431f9d-51bc-458b-a3a6-511ec217d887@group-21BA9BD4283D-LeaderElection356: Election REJECTED; received 2 response(s) [7c431f9d-51bc-458b-a3a6-511ec217d887<-67f35358-9777-4ff9-96f4-8a61bc3a94fe#0:FAIL-t309, 7c431f9d-51bc-458b-a3a6-511ec217d887<-b9cfa588-8e56-4331-be2f-4c26f25c6739#0:FAIL-t309] and 0 exception(s); 7c431f9d-51bc-458b-a3a6-511ec217d887@group-21BA9BD4283D:t309, leader=null, voted=7c431f9d-51bc-458b-a3a6-511ec217d887, raftlog=7c431f9d-51bc-458b-a3a6-511ec217d887@group-21BA9BD4283D-SegmentedRaftLog:OPENED:c-1,f-1,i0, conf=-1: [67f35358-9777-4ff9-96f4-8a61bc3a94fe:192.168.34.62:37037, 7c431f9d-51bc-458b-a3a6-511ec217d887:192.168.34.62:40420, b9cfa588-8e56-4331-be2f-4c26f25c6739:192.168.34.62:34777], old=null
2019-10-17 06:48:13,614 [7c431f9d-51bc-458b-a3a6-511ec217d887@group-21BA9BD4283D-LeaderElection356] INFO  impl.RaftServerImpl (RaftServerImpl.java:setRole(184)) - 7c431f9d-51bc-458b-a3a6-511ec217d887@group-21BA9BD4283D: changes role from CANDIDATE to FOLLOWER at term 309 for DISCOVERED_A_NEW_TERM
2019-10-17 06:48:13,614 [7c431f9d-51bc-458b-a3a6-511ec217d887@group-21BA9BD4283D-LeaderElection356] INFO  impl.RoleInfo (RoleInfo.java:shutdownLeaderElection(134)) - 7c431f9d-51bc-458b-a3a6-511ec217d887: shutdown LeaderElection
2019-10-17 06:48:13,614 [7c431f9d-51bc-458b-a3a6-511ec217d887@group-21BA9BD4283D-LeaderElection356] INFO  impl.RoleInfo (RoleInfo.java:updateAndGet(143)) - 7c431f9d-51bc-458b-a3a6-511ec217d887: start FollowerState
2019-10-17 06:48:13,743 [Thread-3111] INFO  impl.FollowerState (FollowerState.java:run(108)) - 7c431f9d-51bc-458b-a3a6-511ec217d887@group-21BA9BD4283D-FollowerState: change to CANDIDATE, lastRpcTime:128ms, electionTimeout:128ms
2019-10-17 06:48:13,743 [Thread-3111] INFO  impl.RoleInfo (RoleInfo.java:shutdownFollowerState(121)) - 7c431f9d-51bc-458b-a3a6-511ec217d887: shutdown FollowerState
2019-10-17 06:48:13,743 [Thread-3111] INFO  impl.RaftServerImpl (RaftServerImpl.java:setRole(184)) - 7c431f9d-51bc-458b-a3a6-511ec217d887@group-21BA9BD4283D: changes role from  FOLLOWER to CANDIDATE at term 309 for changeToCandidate
2019-10-17 06:48:13,743 [Thread-3111] INFO  impl.RoleInfo (RoleInfo.java:updateAndGet(143)) - 7c431f9d-51bc-458b-a3a6-511ec217d887: start LeaderElection
2019-10-17 06:48:13,759 [7c431f9d-51bc-458b-a3a6-511ec217d887@group-21BA9BD4283D-LeaderElection357] INFO  impl.LeaderElection (LeaderElection.java:askForVotes(178)) - 7c431f9d-51bc-458b-a3a6-511ec217d887@group-21BA9BD4283D-LeaderElection357: begin an election at term 310 for -1: [67f35358-9777-4ff9-96f4-8a61bc3a94fe:192.168.34.62:37037, 7c431f9d-51bc-458b-a3a6-511ec217d887:192.168.34.62:40420, b9cfa588-8e56-4331-be2f-4c26f25c6739:192.168.34.62:34777], old=null
2019-10-17 06:48:13,761 [grpc-default-executor-4] INFO  impl.RaftServerImpl (RaftServerImpl.java:setRole(184)) - b9cfa588-8e56-4331-be2f-4c26f25c6739@group-21BA9BD4283D: changes role from  FOLLOWER to FOLLOWER at term 310 for recognizeCandidate:7c431f9d-51bc-458b-a3a6-511ec217d887
2019-10-17 06:48:13,761 [grpc-default-executor-3] INFO  impl.RaftServerImpl (RaftServerImpl.java:setRole(184)) - 67f35358-9777-4ff9-96f4-8a61bc3a94fe@group-21BA9BD4283D: changes role from  FOLLOWER to FOLLOWER at term 310 for recognizeCandidate:7c431f9d-51bc-458b-a3a6-511ec217d887
2019-10-17 06:48:13,761 [grpc-default-executor-4] INFO  impl.RoleInfo (RoleInfo.java:shutdownFollowerState(121)) - b9cfa588-8e56-4331-be2f-4c26f25c6739: shutdown FollowerState
2019-10-17 06:48:13,761 [grpc-default-executor-3] INFO  impl.RoleInfo (RoleInfo.java:shutdownFollowerState(121)) - 67f35358-9777-4ff9-96f4-8a61bc3a94fe: shutdown FollowerState
2019-10-17 06:48:13,761 [Thread-3110] INFO  impl.FollowerState (FollowerState.java:run(117)) - b9cfa588-8e56-4331-be2f-4c26f25c6739@group-21BA9BD4283D-FollowerState was interrupted: java.lang.InterruptedException: sleep interrupted
2019-10-17 06:48:13,761 [grpc-default-executor-4] INFO  impl.RoleInfo (RoleInfo.java:updateAndGet(143)) - b9cfa588-8e56-4331-be2f-4c26f25c6739: start FollowerState
2019-10-17 06:48:13,762 [Thread-3109] INFO  impl.FollowerState (FollowerState.java:run(117)) - 67f35358-9777-4ff9-96f4-8a61bc3a94fe@group-21BA9BD4283D-FollowerState was interrupted: java.lang.InterruptedException: sleep interrupted
2019-10-17 06:48:13,761 [grpc-default-executor-3] INFO  impl.RoleInfo (RoleInfo.java:updateAndGet(143)) - 67f35358-9777-4ff9-96f4-8a61bc3a94fe: start FollowerState
2019-10-17 06:48:13,788 [7c431f9d-51bc-458b-a3a6-511ec217d887@group-21BA9BD4283D-LeaderElection357] INFO  impl.LeaderElection (LeaderElection.java:logAndReturn(56)) - 7c431f9d-51bc-458b-a3a6-511ec217d887@group-21BA9BD4283D-LeaderElection357: Election REJECTED; received 2 response(s) [7c431f9d-51bc-458b-a3a6-511ec217d887<-67f35358-9777-4ff9-96f4-8a61bc3a94fe#0:FAIL-t310, 7c431f9d-51bc-458b-a3a6-511ec217d887<-b9cfa588-8e56-4331-be2f-4c26f25c6739#0:FAIL-t310] and 0 exception(s); 7c431f9d-51bc-458b-a3a6-511ec217d887@group-21BA9BD4283D:t310, leader=null, voted=7c431f9d-51bc-458b-a3a6-511ec217d887, raftlog=7c431f9d-51bc-458b-a3a6-511ec217d887@group-21BA9BD4283D-SegmentedRaftLog:OPENED:c-1,f-1,i0, conf=-1: [67f35358-9777-4ff9-96f4-8a61bc3a94fe:192.168.34.62:37037, 7c431f9d-51bc-458b-a3a6-511ec217d887:192.168.34.62:40420, b9cfa588-8e56-4331-be2f-4c26f25c6739:192.168.34.62:34777], old=null
2019-10-17 06:48:13,788 [7c431f9d-51bc-458b-a3a6-511ec217d887@group-21BA9BD4283D-LeaderElection357] INFO  impl.RaftServerImpl (RaftServerImpl.java:setRole(184)) - 7c431f9d-51bc-458b-a3a6-511ec217d887@group-21BA9BD4283D: changes role from CANDIDATE to FOLLOWER at term 310 for DISCOVERED_A_NEW_TERM
2019-10-17 06:48:13,788 [7c431f9d-51bc-458b-a3a6-511ec217d887@group-21BA9BD4283D-LeaderElection357] INFO  impl.RoleInfo (RoleInfo.java:shutdownLeaderElection(134)) - 7c431f9d-51bc-458b-a3a6-511ec217d887: shutdown LeaderElection
2019-10-17 06:48:13,788 [7c431f9d-51bc-458b-a3a6-511ec217d887@group-21BA9BD4283D-LeaderElection357] INFO  impl.RoleInfo (RoleInfo.java:updateAndGet(143)) - 7c431f9d-51bc-458b-a3a6-511ec217d887: start FollowerState
2019-10-17 06:48:13,872 [Thread-3117] INFO  impl.FollowerState (FollowerState.java:run(108)) - 7c431f9d-51bc-458b-a3a6-511ec217d887@group-21BA9BD4283D-FollowerState: change to CANDIDATE, lastRpcTime:83ms, electionTimeout:83ms
2019-10-17 06:48:13,872 [Thread-3117] INFO  impl.RoleInfo (RoleInfo.java:shutdownFollowerState(121)) - 7c431f9d-51bc-458b-a3a6-511ec217d887: shutdown FollowerState
2019-10-17 06:48:13,872 [Thread-3117] INFO  impl.RaftServerImpl (RaftServerImpl.java:setRole(184)) - 7c431f9d-51bc-458b-a3a6-511ec217d887@group-21BA9BD4283D: changes role from  FOLLOWER to CANDIDATE at term 310 for changeToCandidate
2019-10-17 06:48:13,872 [Thread-3117] INFO  impl.RoleInfo (RoleInfo.java:updateAndGet(143)) - 7c431f9d-51bc-458b-a3a6-511ec217d887: start LeaderElection
2019-10-17 06:48:13,886 [7c431f9d-51bc-458b-a3a6-511ec217d887@group-21BA9BD4283D-LeaderElection358] INFO  impl.LeaderElection (LeaderElection.java:askForVotes(178)) - 7c431f9d-51bc-458b-a3a6-511ec217d887@group-21BA9BD4283D-LeaderElection358: begin an election at term 311 for -1: [67f35358-9777-4ff9-96f4-8a61bc3a94fe:192.168.34.62:37037, 7c431f9d-51bc-458b-a3a6-511ec217d887:192.168.34.62:40420, b9cfa588-8e56-4331-be2f-4c26f25c6739:192.168.34.62:34777], old=null
2019-10-17 06:48:13,887 [grpc-default-executor-3] INFO  impl.RaftServerImpl (RaftServerImpl.java:setRole(184)) - 67f35358-9777-4ff9-96f4-8a61bc3a94fe@group-21BA9BD4283D: changes role from  FOLLOWER to FOLLOWER at term 311 for recognizeCandidate:7c431f9d-51bc-458b-a3a6-511ec217d887
2019-10-17 06:48:13,887 [grpc-default-executor-3] INFO  impl.RoleInfo (RoleInfo.java:shutdownFollowerState(121)) - 67f35358-9777-4ff9-96f4-8a61bc3a94fe: shutdown FollowerState
2019-10-17 06:48:13,887 [grpc-default-executor-3] INFO  impl.RoleInfo (RoleInfo.java:updateAndGet(143)) - 67f35358-9777-4ff9-96f4-8a61bc3a94fe: start FollowerState
2019-10-17 06:48:13,887 [Thread-3116] INFO  impl.FollowerState (FollowerState.java:run(117)) - 67f35358-9777-4ff9-96f4-8a61bc3a94fe@group-21BA9BD4283D-FollowerState was interrupted: java.lang.InterruptedException: sleep interrupted
2019-10-17 06:48:13,887 [grpc-default-executor-4] INFO  impl.RaftServerImpl (RaftServerImpl.java:setRole(184)) - b9cfa588-8e56-4331-be2f-4c26f25c6739@group-21BA9BD4283D: changes role from  FOLLOWER to FOLLOWER at term 311 for recognizeCandidate:7c431f9d-51bc-458b-a3a6-511ec217d887
2019-10-17 06:48:13,887 [grpc-default-executor-4] INFO  impl.RoleInfo (RoleInfo.java:shutdownFollowerState(121)) - b9cfa588-8e56-4331-be2f-4c26f25c6739: shutdown FollowerState
2019-10-17 06:48:13,888 [grpc-default-executor-4] INFO  impl.RoleInfo (RoleInfo.java:updateAndGet(143)) - b9cfa588-8e56-4331-be2f-4c26f25c6739: start FollowerState
2019-10-17 06:48:13,888 [Thread-3115] INFO  impl.FollowerState (FollowerState.java:run(117)) - b9cfa588-8e56-4331-be2f-4c26f25c6739@group-21BA9BD4283D-FollowerState was interrupted: java.lang.InterruptedException: sleep interrupted
2019-10-17 06:48:13,910 [7c431f9d-51bc-458b-a3a6-511ec217d887@group-21BA9BD4283D-LeaderElection358] INFO  impl.LeaderElection (LeaderElection.java:logAndReturn(56)) - 7c431f9d-51bc-458b-a3a6-511ec217d887@group-21BA9BD4283D-LeaderElection358: Election REJECTED; received 2 response(s) [7c431f9d-51bc-458b-a3a6-511ec217d887<-67f35358-9777-4ff9-96f4-8a61bc3a94fe#0:FAIL-t311, 7c431f9d-51bc-458b-a3a6-511ec217d887<-b9cfa588-8e56-4331-be2f-4c26f25c6739#0:FAIL-t311] and 0 exception(s); 7c431f9d-51bc-458b-a3a6-511ec217d887@group-21BA9BD4283D:t311, leader=null, voted=7c431f9d-51bc-458b-a3a6-511ec217d887, raftlog=7c431f9d-51bc-458b-a3a6-511ec217d887@group-21BA9BD4283D-SegmentedRaftLog:OPENED:c-1,f-1,i0, conf=-1: [67f35358-9777-4ff9-96f4-8a61bc3a94fe:192.168.34.62:37037, 7c431f9d-51bc-458b-a3a6-511ec217d887:192.168.34.62:40420, b9cfa588-8e56-4331-be2f-4c26f25c6739:192.168.34.62:34777], old=null
2019-10-17 06:48:13,911 [7c431f9d-51bc-458b-a3a6-511ec217d887@group-21BA9BD4283D-LeaderElection358] INFO  impl.RaftServerImpl (RaftServerImpl.java:setRole(184)) - 7c431f9d-51bc-458b-a3a6-511ec217d887@group-21BA9BD4283D: changes role from CANDIDATE to FOLLOWER at term 311 for DISCOVERED_A_NEW_TERM
2019-10-17 06:48:13,911 [7c431f9d-51bc-458b-a3a6-511ec217d887@group-21BA9BD4283D-LeaderElection358] INFO  impl.RoleInfo (RoleInfo.java:shutdownLeaderElection(134)) - 7c431f9d-51bc-458b-a3a6-511ec217d887: shutdown LeaderElection
2019-10-17 06:48:13,911 [7c431f9d-51bc-458b-a3a6-511ec217d887@group-21BA9BD4283D-LeaderElection358] INFO  impl.RoleInfo (RoleInfo.java:updateAndGet(143)) - 7c431f9d-51bc-458b-a3a6-511ec217d887: start FollowerState
2019-10-17 06:48:14,027 [Thread-3123] INFO  impl.FollowerState (FollowerState.java:run(108)) - 7c431f9d-51bc-458b-a3a6-511ec217d887@group-21BA9BD4283D-FollowerState: change to CANDIDATE, lastRpcTime:116ms, electionTimeout:116ms
2019-10-17 06:48:14,027 [Thread-3123] INFO  impl.RoleInfo (RoleInfo.java:shutdownFollowerState(121)) - 7c431f9d-51bc-458b-a3a6-511ec217d887: shutdown FollowerState
2019-10-17 06:48:14,027 [Thread-3123] INFO  impl.RaftServerImpl (RaftServerImpl.java:setRole(184)) - 7c431f9d-51bc-458b-a3a6-511ec217d887@group-21BA9BD4283D: changes role from  FOLLOWER to CANDIDATE at term 311 for changeToCandidate
2019-10-17 06:48:14,027 [Thread-3123] INFO  impl.RoleInfo (RoleInfo.java:updateAndGet(143)) - 7c431f9d-51bc-458b-a3a6-511ec217d887: start LeaderElection
2019-10-17 06:48:14,052 [7c431f9d-51bc-458b-a3a6-511ec217d887@group-21BA9BD4283D-LeaderElection359] INFO  impl.LeaderElection (LeaderElection.java:askForVotes(178)) - 7c431f9d-51bc-458b-a3a6-511ec217d887@group-21BA9BD4283D-LeaderElection359: begin an election at term 312 for -1: [67f35358-9777-4ff9-96f4-8a61bc3a94fe:192.168.34.62:37037, 7c431f9d-51bc-458b-a3a6-511ec217d887:192.168.34.62:40420, b9cfa588-8e56-4331-be2f-4c26f25c6739:192.168.34.62:34777], old=null
2019-10-17 06:48:14,053 [grpc-default-executor-3] INFO  impl.RaftServerImpl (RaftServerImpl.java:setRole(184)) - 67f35358-9777-4ff9-96f4-8a61bc3a94fe@group-21BA9BD4283D: changes role from  FOLLOWER to FOLLOWER at term 312 for recognizeCandidate:7c431f9d-51bc-458b-a3a6-511ec217d887
2019-10-17 06:48:14,053 [grpc-default-executor-3] INFO  impl.RoleInfo (RoleInfo.java:shutdownFollowerState(121)) - 67f35358-9777-4ff9-96f4-8a61bc3a94fe: shutdown FollowerState
2019-10-17 06:48:14,053 [grpc-default-executor-3] INFO  impl.RoleInfo (RoleInfo.java:updateAndGet(143)) - 67f35358-9777-4ff9-96f4-8a61bc3a94fe: start FollowerState
2019-10-17 06:48:14,053 [Thread-3121] INFO  impl.FollowerState (FollowerState.java:run(117)) - 67f35358-9777-4ff9-96f4-8a61bc3a94fe@group-21BA9BD4283D-FollowerState was interrupted: java.lang.InterruptedException: sleep interrupted
2019-10-17 06:48:14,054 [grpc-default-executor-4] INFO  impl.RaftServerImpl (RaftServerImpl.java:setRole(184)) - b9cfa588-8e56-4331-be2f-4c26f25c6739@group-21BA9BD4283D: changes role from  FOLLOWER to FOLLOWER at term 312 for recognizeCandidate:7c431f9d-51bc-458b-a3a6-511ec217d887
2019-10-17 06:48:14,054 [grpc-default-executor-4] INFO  impl.RoleInfo (RoleInfo.java:shutdownFollowerState(121)) - b9cfa588-8e56-4331-be2f-4c26f25c6739: shutdown FollowerState
2019-10-17 06:48:14,054 [grpc-default-executor-4] INFO  impl.RoleInfo (RoleInfo.java:updateAndGet(143)) - b9cfa588-8e56-4331-be2f-4c26f25c6739: start FollowerState
2019-10-17 06:48:14,054 [Thread-3122] INFO  impl.FollowerState (FollowerState.java:run(117)) - b9cfa588-8e56-4331-be2f-4c26f25c6739@group-21BA9BD4283D-FollowerState was interrupted: java.lang.InterruptedException: sleep interrupted
2019-10-17 06:48:14,067 [7c431f9d-51bc-458b-a3a6-511ec217d887@group-21BA9BD4283D-LeaderElection359] INFO  impl.LeaderElection (LeaderElection.java:logAndReturn(56)) - 7c431f9d-51bc-458b-a3a6-511ec217d887@group-21BA9BD4283D-LeaderElection359: Election REJECTED; received 2 response(s) [7c431f9d-51bc-458b-a3a6-511ec217d887<-67f35358-9777-4ff9-96f4-8a61bc3a94fe#0:FAIL-t312, 7c431f9d-51bc-458b-a3a6-511ec217d887<-b9cfa588-8e56-4331-be2f-4c26f25c6739#0:FAIL-t312] and 0 exception(s); 7c431f9d-51bc-458b-a3a6-511ec217d887@group-21BA9BD4283D:t312, leader=null, voted=7c431f9d-51bc-458b-a3a6-511ec217d887, raftlog=7c431f9d-51bc-458b-a3a6-511ec217d887@group-21BA9BD4283D-SegmentedRaftLog:OPENED:c-1,f-1,i0, conf=-1: [67f35358-9777-4ff9-96f4-8a61bc3a94fe:192.168.34.62:37037, 7c431f9d-51bc-458b-a3a6-511ec217d887:192.168.34.62:40420, b9cfa588-8e56-4331-be2f-4c26f25c6739:192.168.34.62:34777], old=null
2019-10-17 06:48:14,067 [7c431f9d-51bc-458b-a3a6-511ec217d887@group-21BA9BD4283D-LeaderElection359] INFO  impl.RaftServerImpl (RaftServerImpl.java:setRole(184)) - 7c431f9d-51bc-458b-a3a6-511ec217d887@group-21BA9BD4283D: changes role from CANDIDATE to FOLLOWER at term 312 for DISCOVERED_A_NEW_TERM
2019-10-17 06:48:14,067 [7c431f9d-51bc-458b-a3a6-511ec217d887@group-21BA9BD4283D-LeaderElection359] INFO  impl.RoleInfo (RoleInfo.java:shutdownLeaderElection(134)) - 7c431f9d-51bc-458b-a3a6-511ec217d887: shutdown LeaderElection
2019-10-17 06:48:14,067 [7c431f9d-51bc-458b-a3a6-511ec217d887@group-21BA9BD4283D-LeaderElection359] INFO  impl.RoleInfo (RoleInfo.java:updateAndGet(143)) - 7c431f9d-51bc-458b-a3a6-511ec217d887: start FollowerState
2019-10-17 06:48:14,097 [Thread-3129] INFO  impl.FollowerState (FollowerState.java:run(108)) - 7c431f9d-51bc-458b-a3a6-511ec217d887@group-21BA9BD4283D-FollowerState: change to CANDIDATE, lastRpcTime:29ms, electionTimeout:29ms
2019-10-17 06:48:14,097 [Thread-3129] INFO  impl.RoleInfo (RoleInfo.java:shutdownFollowerState(121)) - 7c431f9d-51bc-458b-a3a6-511ec217d887: shutdown FollowerState
2019-10-17 06:48:14,097 [Thread-3129] INFO  impl.RaftServerImpl (RaftServerImpl.java:setRole(184)) - 7c431f9d-51bc-458b-a3a6-511ec217d887@group-21BA9BD4283D: changes role from  FOLLOWER to CANDIDATE at term 312 for changeToCandidate
2019-10-17 06:48:14,097 [Thread-3129] INFO  impl.RoleInfo (RoleInfo.java:updateAndGet(143)) - 7c431f9d-51bc-458b-a3a6-511ec217d887: start LeaderElection
2019-10-17 06:48:14,106 [main] INFO  ozone.MiniOzoneClusterImpl (MiniOzoneClusterImpl.java:lambda$waitForClusterToBeReady$2(164)) - Waiting for 1 number of pipelines out of 4, to report a leader.
2019-10-17 06:48:14,121 [7c431f9d-51bc-458b-a3a6-511ec217d887@group-21BA9BD4283D-LeaderElection360] INFO  impl.LeaderElection (LeaderElection.java:askForVotes(178)) - 7c431f9d-51bc-458b-a3a6-511ec217d887@group-21BA9BD4283D-LeaderElection360: begin an election at term 313 for -1: [67f35358-9777-4ff9-96f4-8a61bc3a94fe:192.168.34.62:37037, 7c431f9d-51bc-458b-a3a6-511ec217d887:192.168.34.62:40420, b9cfa588-8e56-4331-be2f-4c26f25c6739:192.168.34.62:34777], old=null
2019-10-17 06:48:14,123 [grpc-default-executor-3] INFO  impl.RaftServerImpl (RaftServerImpl.java:setRole(184)) - 67f35358-9777-4ff9-96f4-8a61bc3a94fe@group-21BA9BD4283D: changes role from  FOLLOWER to FOLLOWER at term 313 for recognizeCandidate:7c431f9d-51bc-458b-a3a6-511ec217d887
2019-10-17 06:48:14,123 [grpc-default-executor-3] INFO  impl.RoleInfo (RoleInfo.java:shutdownFollowerState(121)) - 67f35358-9777-4ff9-96f4-8a61bc3a94fe: shutdown FollowerState
2019-10-17 06:48:14,123 [grpc-default-executor-3] INFO  impl.RoleInfo (RoleInfo.java:updateAndGet(143)) - 67f35358-9777-4ff9-96f4-8a61bc3a94fe: start FollowerState
2019-10-17 06:48:14,123 [Thread-3127] INFO  impl.FollowerState (FollowerState.java:run(117)) - 67f35358-9777-4ff9-96f4-8a61bc3a94fe@group-21BA9BD4283D-FollowerState was interrupted: java.lang.InterruptedException: sleep interrupted
2019-10-17 06:48:14,123 [grpc-default-executor-4] INFO  impl.RaftServerImpl (RaftServerImpl.java:setRole(184)) - b9cfa588-8e56-4331-be2f-4c26f25c6739@group-21BA9BD4283D: changes role from  FOLLOWER to FOLLOWER at term 313 for recognizeCandidate:7c431f9d-51bc-458b-a3a6-511ec217d887
2019-10-17 06:48:14,123 [grpc-default-executor-4] INFO  impl.RoleInfo (RoleInfo.java:shutdownFollowerState(121)) - b9cfa588-8e56-4331-be2f-4c26f25c6739: shutdown FollowerState
2019-10-17 06:48:14,124 [grpc-default-executor-4] INFO  impl.RoleInfo (RoleInfo.java:updateAndGet(143)) - b9cfa588-8e56-4331-be2f-4c26f25c6739: start FollowerState
2019-10-17 06:48:14,124 [Thread-3128] INFO  impl.FollowerState (FollowerState.java:run(117)) - b9cfa588-8e56-4331-be2f-4c26f25c6739@group-21BA9BD4283D-FollowerState was interrupted: java.lang.InterruptedException: sleep interrupted
2019-10-17 06:48:14,137 [7c431f9d-51bc-458b-a3a6-511ec217d887@group-21BA9BD4283D-LeaderElection360] INFO  impl.LeaderElection (LeaderElection.java:logAndReturn(56)) - 7c431f9d-51bc-458b-a3a6-511ec217d887@group-21BA9BD4283D-LeaderElection360: Election REJECTED; received 2 response(s) [7c431f9d-51bc-458b-a3a6-511ec217d887<-67f35358-9777-4ff9-96f4-8a61bc3a94fe#0:FAIL-t313, 7c431f9d-51bc-458b-a3a6-511ec217d887<-b9cfa588-8e56-4331-be2f-4c26f25c6739#0:FAIL-t313] and 0 exception(s); 7c431f9d-51bc-458b-a3a6-511ec217d887@group-21BA9BD4283D:t313, leader=null, voted=7c431f9d-51bc-458b-a3a6-511ec217d887, raftlog=7c431f9d-51bc-458b-a3a6-511ec217d887@group-21BA9BD4283D-SegmentedRaftLog:OPENED:c-1,f-1,i0, conf=-1: [67f35358-9777-4ff9-96f4-8a61bc3a94fe:192.168.34.62:37037, 7c431f9d-51bc-458b-a3a6-511ec217d887:192.168.34.62:40420, b9cfa588-8e56-4331-be2f-4c26f25c6739:192.168.34.62:34777], old=null
2019-10-17 06:48:14,137 [7c431f9d-51bc-458b-a3a6-511ec217d887@group-21BA9BD4283D-LeaderElection360] INFO  impl.RaftServerImpl (RaftServerImpl.java:setRole(184)) - 7c431f9d-51bc-458b-a3a6-511ec217d887@group-21BA9BD4283D: changes role from CANDIDATE to FOLLOWER at term 313 for DISCOVERED_A_NEW_TERM
2019-10-17 06:48:14,138 [7c431f9d-51bc-458b-a3a6-511ec217d887@group-21BA9BD4283D-LeaderElection360] INFO  impl.RoleInfo (RoleInfo.java:shutdownLeaderElection(134)) - 7c431f9d-51bc-458b-a3a6-511ec217d887: shutdown LeaderElection
2019-10-17 06:48:14,138 [7c431f9d-51bc-458b-a3a6-511ec217d887@group-21BA9BD4283D-LeaderElection360] INFO  impl.RoleInfo (RoleInfo.java:updateAndGet(143)) - 7c431f9d-51bc-458b-a3a6-511ec217d887: start FollowerState
2019-10-17 06:48:14,223 [Thread-3135] INFO  impl.FollowerState (FollowerState.java:run(108)) - 7c431f9d-51bc-458b-a3a6-511ec217d887@group-21BA9BD4283D-FollowerState: change to CANDIDATE, lastRpcTime:85ms, electionTimeout:85ms
2019-10-17 06:48:14,223 [Thread-3135] INFO  impl.RoleInfo (RoleInfo.java:shutdownFollowerState(121)) - 7c431f9d-51bc-458b-a3a6-511ec217d887: shutdown FollowerState
2019-10-17 06:48:14,223 [Thread-3135] INFO  impl.RaftServerImpl (RaftServerImpl.java:setRole(184)) - 7c431f9d-51bc-458b-a3a6-511ec217d887@group-21BA9BD4283D: changes role from  FOLLOWER to CANDIDATE at term 313 for changeToCandidate
2019-10-17 06:48:14,223 [Thread-3135] INFO  impl.RoleInfo (RoleInfo.java:updateAndGet(143)) - 7c431f9d-51bc-458b-a3a6-511ec217d887: start LeaderElection
2019-10-17 06:48:14,248 [7c431f9d-51bc-458b-a3a6-511ec217d887@group-21BA9BD4283D-LeaderElection361] INFO  impl.LeaderElection (LeaderElection.java:askForVotes(178)) - 7c431f9d-51bc-458b-a3a6-511ec217d887@group-21BA9BD4283D-LeaderElection361: begin an election at term 314 for -1: [67f35358-9777-4ff9-96f4-8a61bc3a94fe:192.168.34.62:37037, 7c431f9d-51bc-458b-a3a6-511ec217d887:192.168.34.62:40420, b9cfa588-8e56-4331-be2f-4c26f25c6739:192.168.34.62:34777], old=null
2019-10-17 06:48:14,250 [grpc-default-executor-3] INFO  impl.RaftServerImpl (RaftServerImpl.java:setRole(184)) - b9cfa588-8e56-4331-be2f-4c26f25c6739@group-21BA9BD4283D: changes role from  FOLLOWER to FOLLOWER at term 314 for recognizeCandidate:7c431f9d-51bc-458b-a3a6-511ec217d887
2019-10-17 06:48:14,250 [grpc-default-executor-3] INFO  impl.RoleInfo (RoleInfo.java:shutdownFollowerState(121)) - b9cfa588-8e56-4331-be2f-4c26f25c6739: shutdown FollowerState
2019-10-17 06:48:14,250 [grpc-default-executor-3] INFO  impl.RoleInfo (RoleInfo.java:updateAndGet(143)) - b9cfa588-8e56-4331-be2f-4c26f25c6739: start FollowerState
2019-10-17 06:48:14,250 [Thread-3134] INFO  impl.FollowerState (FollowerState.java:run(117)) - b9cfa588-8e56-4331-be2f-4c26f25c6739@group-21BA9BD4283D-FollowerState was interrupted: java.lang.InterruptedException: sleep interrupted
2019-10-17 06:48:14,250 [grpc-default-executor-4] INFO  impl.RaftServerImpl (RaftServerImpl.java:setRole(184)) - 67f35358-9777-4ff9-96f4-8a61bc3a94fe@group-21BA9BD4283D: changes role from  FOLLOWER to FOLLOWER at term 314 for recognizeCandidate:7c431f9d-51bc-458b-a3a6-511ec217d887
2019-10-17 06:48:14,250 [grpc-default-executor-4] INFO  impl.RoleInfo (RoleInfo.java:shutdownFollowerState(121)) - 67f35358-9777-4ff9-96f4-8a61bc3a94fe: shutdown FollowerState
2019-10-17 06:48:14,250 [grpc-default-executor-4] INFO  impl.RoleInfo (RoleInfo.java:updateAndGet(143)) - 67f35358-9777-4ff9-96f4-8a61bc3a94fe: start FollowerState
2019-10-17 06:48:14,250 [Thread-3133] INFO  impl.FollowerState (FollowerState.java:run(117)) - 67f35358-9777-4ff9-96f4-8a61bc3a94fe@group-21BA9BD4283D-FollowerState was interrupted: java.lang.InterruptedException: sleep interrupted
2019-10-17 06:48:14,263 [7c431f9d-51bc-458b-a3a6-511ec217d887@group-21BA9BD4283D-LeaderElection361] INFO  impl.LeaderElection (LeaderElection.java:logAndReturn(56)) - 7c431f9d-51bc-458b-a3a6-511ec217d887@group-21BA9BD4283D-LeaderElection361: Election REJECTED; received 2 response(s) [7c431f9d-51bc-458b-a3a6-511ec217d887<-67f35358-9777-4ff9-96f4-8a61bc3a94fe#0:FAIL-t314, 7c431f9d-51bc-458b-a3a6-511ec217d887<-b9cfa588-8e56-4331-be2f-4c26f25c6739#0:FAIL-t314] and 0 exception(s); 7c431f9d-51bc-458b-a3a6-511ec217d887@group-21BA9BD4283D:t314, leader=null, voted=7c431f9d-51bc-458b-a3a6-511ec217d887, raftlog=7c431f9d-51bc-458b-a3a6-511ec217d887@group-21BA9BD4283D-SegmentedRaftLog:OPENED:c-1,f-1,i0, conf=-1: [67f35358-9777-4ff9-96f4-8a61bc3a94fe:192.168.34.62:37037, 7c431f9d-51bc-458b-a3a6-511ec217d887:192.168.34.62:40420, b9cfa588-8e56-4331-be2f-4c26f25c6739:192.168.34.62:34777], old=null
2019-10-17 06:48:14,263 [7c431f9d-51bc-458b-a3a6-511ec217d887@group-21BA9BD4283D-LeaderElection361] INFO  impl.RaftServerImpl (RaftServerImpl.java:setRole(184)) - 7c431f9d-51bc-458b-a3a6-511ec217d887@group-21BA9BD4283D: changes role from CANDIDATE to FOLLOWER at term 314 for DISCOVERED_A_NEW_TERM
2019-10-17 06:48:14,263 [7c431f9d-51bc-458b-a3a6-511ec217d887@group-21BA9BD4283D-LeaderElection361] INFO  impl.RoleInfo (RoleInfo.java:shutdownLeaderElection(134)) - 7c431f9d-51bc-458b-a3a6-511ec217d887: shutdown LeaderElection
2019-10-17 06:48:14,263 [7c431f9d-51bc-458b-a3a6-511ec217d887@group-21BA9BD4283D-LeaderElection361] INFO  impl.RoleInfo (RoleInfo.java:updateAndGet(143)) - 7c431f9d-51bc-458b-a3a6-511ec217d887: start FollowerState
2019-10-17 06:48:14,422 [Thread-3141] INFO  impl.FollowerState (FollowerState.java:run(108)) - 7c431f9d-51bc-458b-a3a6-511ec217d887@group-21BA9BD4283D-FollowerState: change to CANDIDATE, lastRpcTime:158ms, electionTimeout:158ms
2019-10-17 06:48:14,422 [Thread-3141] INFO  impl.RoleInfo (RoleInfo.java:shutdownFollowerState(121)) - 7c431f9d-51bc-458b-a3a6-511ec217d887: shutdown FollowerState
2019-10-17 06:48:14,422 [Thread-3141] INFO  impl.RaftServerImpl (RaftServerImpl.java:setRole(184)) - 7c431f9d-51bc-458b-a3a6-511ec217d887@group-21BA9BD4283D: changes role from  FOLLOWER to CANDIDATE at term 314 for changeToCandidate
2019-10-17 06:48:14,422 [Thread-3141] INFO  impl.RoleInfo (RoleInfo.java:updateAndGet(143)) - 7c431f9d-51bc-458b-a3a6-511ec217d887: start LeaderElection
2019-10-17 06:48:14,434 [7c431f9d-51bc-458b-a3a6-511ec217d887@group-21BA9BD4283D-LeaderElection362] INFO  impl.LeaderElection (LeaderElection.java:askForVotes(178)) - 7c431f9d-51bc-458b-a3a6-511ec217d887@group-21BA9BD4283D-LeaderElection362: begin an election at term 315 for -1: [67f35358-9777-4ff9-96f4-8a61bc3a94fe:192.168.34.62:37037, 7c431f9d-51bc-458b-a3a6-511ec217d887:192.168.34.62:40420, b9cfa588-8e56-4331-be2f-4c26f25c6739:192.168.34.62:34777], old=null
2019-10-17 06:48:14,435 [grpc-default-executor-3] INFO  impl.RaftServerImpl (RaftServerImpl.java:setRole(184)) - 67f35358-9777-4ff9-96f4-8a61bc3a94fe@group-21BA9BD4283D: changes role from  FOLLOWER to FOLLOWER at term 315 for recognizeCandidate:7c431f9d-51bc-458b-a3a6-511ec217d887
2019-10-17 06:48:14,435 [grpc-default-executor-4] INFO  impl.RaftServerImpl (RaftServerImpl.java:setRole(184)) - b9cfa588-8e56-4331-be2f-4c26f25c6739@group-21BA9BD4283D: changes role from  FOLLOWER to FOLLOWER at term 315 for recognizeCandidate:7c431f9d-51bc-458b-a3a6-511ec217d887
2019-10-17 06:48:14,435 [grpc-default-executor-4] INFO  impl.RoleInfo (RoleInfo.java:shutdownFollowerState(121)) - b9cfa588-8e56-4331-be2f-4c26f25c6739: shutdown FollowerState
2019-10-17 06:48:14,435 [grpc-default-executor-3] INFO  impl.RoleInfo (RoleInfo.java:shutdownFollowerState(121)) - 67f35358-9777-4ff9-96f4-8a61bc3a94fe: shutdown FollowerState
2019-10-17 06:48:14,436 [Thread-3139] INFO  impl.FollowerState (FollowerState.java:run(117)) - b9cfa588-8e56-4331-be2f-4c26f25c6739@group-21BA9BD4283D-FollowerState was interrupted: java.lang.InterruptedException: sleep interrupted
2019-10-17 06:48:14,436 [grpc-default-executor-4] INFO  impl.RoleInfo (RoleInfo.java:updateAndGet(143)) - b9cfa588-8e56-4331-be2f-4c26f25c6739: start FollowerState
2019-10-17 06:48:14,436 [Thread-3140] INFO  impl.FollowerState (FollowerState.java:run(117)) - 67f35358-9777-4ff9-96f4-8a61bc3a94fe@group-21BA9BD4283D-FollowerState was interrupted: java.lang.InterruptedException: sleep interrupted
2019-10-17 06:48:14,436 [grpc-default-executor-3] INFO  impl.RoleInfo (RoleInfo.java:updateAndGet(143)) - 67f35358-9777-4ff9-96f4-8a61bc3a94fe: start FollowerState
2019-10-17 06:48:14,451 [7c431f9d-51bc-458b-a3a6-511ec217d887@group-21BA9BD4283D-LeaderElection362] INFO  impl.LeaderElection (LeaderElection.java:logAndReturn(56)) - 7c431f9d-51bc-458b-a3a6-511ec217d887@group-21BA9BD4283D-LeaderElection362: Election REJECTED; received 2 response(s) [7c431f9d-51bc-458b-a3a6-511ec217d887<-67f35358-9777-4ff9-96f4-8a61bc3a94fe#0:FAIL-t315, 7c431f9d-51bc-458b-a3a6-511ec217d887<-b9cfa588-8e56-4331-be2f-4c26f25c6739#0:FAIL-t315] and 0 exception(s); 7c431f9d-51bc-458b-a3a6-511ec217d887@group-21BA9BD4283D:t315, leader=null, voted=7c431f9d-51bc-458b-a3a6-511ec217d887, raftlog=7c431f9d-51bc-458b-a3a6-511ec217d887@group-21BA9BD4283D-SegmentedRaftLog:OPENED:c-1,f-1,i0, conf=-1: [67f35358-9777-4ff9-96f4-8a61bc3a94fe:192.168.34.62:37037, 7c431f9d-51bc-458b-a3a6-511ec217d887:192.168.34.62:40420, b9cfa588-8e56-4331-be2f-4c26f25c6739:192.168.34.62:34777], old=null
2019-10-17 06:48:14,451 [7c431f9d-51bc-458b-a3a6-511ec217d887@group-21BA9BD4283D-LeaderElection362] INFO  impl.RaftServerImpl (RaftServerImpl.java:setRole(184)) - 7c431f9d-51bc-458b-a3a6-511ec217d887@group-21BA9BD4283D: changes role from CANDIDATE to FOLLOWER at term 315 for DISCOVERED_A_NEW_TERM
2019-10-17 06:48:14,451 [7c431f9d-51bc-458b-a3a6-511ec217d887@group-21BA9BD4283D-LeaderElection362] INFO  impl.RoleInfo (RoleInfo.java:shutdownLeaderElection(134)) - 7c431f9d-51bc-458b-a3a6-511ec217d887: shutdown LeaderElection
2019-10-17 06:48:14,451 [7c431f9d-51bc-458b-a3a6-511ec217d887@group-21BA9BD4283D-LeaderElection362] INFO  impl.RoleInfo (RoleInfo.java:updateAndGet(143)) - 7c431f9d-51bc-458b-a3a6-511ec217d887: start FollowerState
2019-10-17 06:48:14,570 [Thread-3147] INFO  impl.FollowerState (FollowerState.java:run(108)) - 7c431f9d-51bc-458b-a3a6-511ec217d887@group-21BA9BD4283D-FollowerState: change to CANDIDATE, lastRpcTime:119ms, electionTimeout:119ms
2019-10-17 06:48:14,570 [Thread-3147] INFO  impl.RoleInfo (RoleInfo.java:shutdownFollowerState(121)) - 7c431f9d-51bc-458b-a3a6-511ec217d887: shutdown FollowerState
2019-10-17 06:48:14,570 [Thread-3147] INFO  impl.RaftServerImpl (RaftServerImpl.java:setRole(184)) - 7c431f9d-51bc-458b-a3a6-511ec217d887@group-21BA9BD4283D: changes role from  FOLLOWER to CANDIDATE at term 315 for changeToCandidate
2019-10-17 06:48:14,571 [Thread-3147] INFO  impl.RoleInfo (RoleInfo.java:updateAndGet(143)) - 7c431f9d-51bc-458b-a3a6-511ec217d887: start LeaderElection
2019-10-17 06:48:14,606 [7c431f9d-51bc-458b-a3a6-511ec217d887@group-21BA9BD4283D-LeaderElection363] INFO  impl.LeaderElection (LeaderElection.java:askForVotes(178)) - 7c431f9d-51bc-458b-a3a6-511ec217d887@group-21BA9BD4283D-LeaderElection363: begin an election at term 316 for -1: [67f35358-9777-4ff9-96f4-8a61bc3a94fe:192.168.34.62:37037, 7c431f9d-51bc-458b-a3a6-511ec217d887:192.168.34.62:40420, b9cfa588-8e56-4331-be2f-4c26f25c6739:192.168.34.62:34777], old=null
2019-10-17 06:48:14,607 [grpc-default-executor-4] INFO  impl.RaftServerImpl (RaftServerImpl.java:setRole(184)) - 67f35358-9777-4ff9-96f4-8a61bc3a94fe@group-21BA9BD4283D: changes role from  FOLLOWER to FOLLOWER at term 316 for recognizeCandidate:7c431f9d-51bc-458b-a3a6-511ec217d887
2019-10-17 06:48:14,607 [grpc-default-executor-3] INFO  impl.RaftServerImpl (RaftServerImpl.java:setRole(184)) - b9cfa588-8e56-4331-be2f-4c26f25c6739@group-21BA9BD4283D: changes role from  FOLLOWER to FOLLOWER at term 316 for recognizeCandidate:7c431f9d-51bc-458b-a3a6-511ec217d887
2019-10-17 06:48:14,607 [grpc-default-executor-4] INFO  impl.RoleInfo (RoleInfo.java:shutdownFollowerState(121)) - 67f35358-9777-4ff9-96f4-8a61bc3a94fe: shutdown FollowerState
2019-10-17 06:48:14,608 [grpc-default-executor-3] INFO  impl.RoleInfo (RoleInfo.java:shutdownFollowerState(121)) - b9cfa588-8e56-4331-be2f-4c26f25c6739: shutdown FollowerState
2019-10-17 06:48:14,608 [Thread-3146] INFO  impl.FollowerState (FollowerState.java:run(117)) - 67f35358-9777-4ff9-96f4-8a61bc3a94fe@group-21BA9BD4283D-FollowerState was interrupted: java.lang.InterruptedException: sleep interrupted
2019-10-17 06:48:14,608 [grpc-default-executor-4] INFO  impl.RoleInfo (RoleInfo.java:updateAndGet(143)) - 67f35358-9777-4ff9-96f4-8a61bc3a94fe: start FollowerState
2019-10-17 06:48:14,608 [Thread-3145] INFO  impl.FollowerState (FollowerState.java:run(117)) - b9cfa588-8e56-4331-be2f-4c26f25c6739@group-21BA9BD4283D-FollowerState was interrupted: java.lang.InterruptedException: sleep interrupted
2019-10-17 06:48:14,608 [grpc-default-executor-3] INFO  impl.RoleInfo (RoleInfo.java:updateAndGet(143)) - b9cfa588-8e56-4331-be2f-4c26f25c6739: start FollowerState
2019-10-17 06:48:14,622 [7c431f9d-51bc-458b-a3a6-511ec217d887@group-21BA9BD4283D-LeaderElection363] INFO  impl.LeaderElection (LeaderElection.java:logAndReturn(56)) - 7c431f9d-51bc-458b-a3a6-511ec217d887@group-21BA9BD4283D-LeaderElection363: Election REJECTED; received 2 response(s) [7c431f9d-51bc-458b-a3a6-511ec217d887<-67f35358-9777-4ff9-96f4-8a61bc3a94fe#0:FAIL-t316, 7c431f9d-51bc-458b-a3a6-511ec217d887<-b9cfa588-8e56-4331-be2f-4c26f25c6739#0:FAIL-t316] and 0 exception(s); 7c431f9d-51bc-458b-a3a6-511ec217d887@group-21BA9BD4283D:t316, leader=null, voted=7c431f9d-51bc-458b-a3a6-511ec217d887, raftlog=7c431f9d-51bc-458b-a3a6-511ec217d887@group-21BA9BD4283D-SegmentedRaftLog:OPENED:c-1,f-1,i0, conf=-1: [67f35358-9777-4ff9-96f4-8a61bc3a94fe:192.168.34.62:37037, 7c431f9d-51bc-458b-a3a6-511ec217d887:192.168.34.62:40420, b9cfa588-8e56-4331-be2f-4c26f25c6739:192.168.34.62:34777], old=null
2019-10-17 06:48:14,622 [7c431f9d-51bc-458b-a3a6-511ec217d887@group-21BA9BD4283D-LeaderElection363] INFO  impl.RaftServerImpl (RaftServerImpl.java:setRole(184)) - 7c431f9d-51bc-458b-a3a6-511ec217d887@group-21BA9BD4283D: changes role from CANDIDATE to FOLLOWER at term 316 for DISCOVERED_A_NEW_TERM
2019-10-17 06:48:14,622 [7c431f9d-51bc-458b-a3a6-511ec217d887@group-21BA9BD4283D-LeaderElection363] INFO  impl.RoleInfo (RoleInfo.java:shutdownLeaderElection(134)) - 7c431f9d-51bc-458b-a3a6-511ec217d887: shutdown LeaderElection
2019-10-17 06:48:14,622 [7c431f9d-51bc-458b-a3a6-511ec217d887@group-21BA9BD4283D-LeaderElection363] INFO  impl.RoleInfo (RoleInfo.java:updateAndGet(143)) - 7c431f9d-51bc-458b-a3a6-511ec217d887: start FollowerState
2019-10-17 06:48:14,691 [Thread-3153] INFO  impl.FollowerState (FollowerState.java:run(108)) - 7c431f9d-51bc-458b-a3a6-511ec217d887@group-21BA9BD4283D-FollowerState: change to CANDIDATE, lastRpcTime:68ms, electionTimeout:68ms
2019-10-17 06:48:14,691 [Thread-3153] INFO  impl.RoleInfo (RoleInfo.java:shutdownFollowerState(121)) - 7c431f9d-51bc-458b-a3a6-511ec217d887: shutdown FollowerState
2019-10-17 06:48:14,691 [Thread-3153] INFO  impl.RaftServerImpl (RaftServerImpl.java:setRole(184)) - 7c431f9d-51bc-458b-a3a6-511ec217d887@group-21BA9BD4283D: changes role from  FOLLOWER to CANDIDATE at term 316 for changeToCandidate
2019-10-17 06:48:14,691 [Thread-3153] INFO  impl.RoleInfo (RoleInfo.java:updateAndGet(143)) - 7c431f9d-51bc-458b-a3a6-511ec217d887: start LeaderElection
2019-10-17 06:48:14,704 [7c431f9d-51bc-458b-a3a6-511ec217d887@group-21BA9BD4283D-LeaderElection364] INFO  impl.LeaderElection (LeaderElection.java:askForVotes(178)) - 7c431f9d-51bc-458b-a3a6-511ec217d887@group-21BA9BD4283D-LeaderElection364: begin an election at term 317 for -1: [67f35358-9777-4ff9-96f4-8a61bc3a94fe:192.168.34.62:37037, 7c431f9d-51bc-458b-a3a6-511ec217d887:192.168.34.62:40420, b9cfa588-8e56-4331-be2f-4c26f25c6739:192.168.34.62:34777], old=null
2019-10-17 06:48:14,706 [grpc-default-executor-4] INFO  impl.RaftServerImpl (RaftServerImpl.java:setRole(184)) - 67f35358-9777-4ff9-96f4-8a61bc3a94fe@group-21BA9BD4283D: changes role from  FOLLOWER to FOLLOWER at term 317 for recognizeCandidate:7c431f9d-51bc-458b-a3a6-511ec217d887
2019-10-17 06:48:14,706 [grpc-default-executor-3] INFO  impl.RaftServerImpl (RaftServerImpl.java:setRole(184)) - b9cfa588-8e56-4331-be2f-4c26f25c6739@group-21BA9BD4283D: changes role from  FOLLOWER to FOLLOWER at term 317 for recognizeCandidate:7c431f9d-51bc-458b-a3a6-511ec217d887
2019-10-17 06:48:14,706 [grpc-default-executor-4] INFO  impl.RoleInfo (RoleInfo.java:shutdownFollowerState(121)) - 67f35358-9777-4ff9-96f4-8a61bc3a94fe: shutdown FollowerState
2019-10-17 06:48:14,706 [grpc-default-executor-3] INFO  impl.RoleInfo (RoleInfo.java:shutdownFollowerState(121)) - b9cfa588-8e56-4331-be2f-4c26f25c6739: shutdown FollowerState
2019-10-17 06:48:14,706 [grpc-default-executor-4] INFO  impl.RoleInfo (RoleInfo.java:updateAndGet(143)) - 67f35358-9777-4ff9-96f4-8a61bc3a94fe: start FollowerState
2019-10-17 06:48:14,706 [Thread-3151] INFO  impl.FollowerState (FollowerState.java:run(117)) - 67f35358-9777-4ff9-96f4-8a61bc3a94fe@group-21BA9BD4283D-FollowerState was interrupted: java.lang.InterruptedException: sleep interrupted
2019-10-17 06:48:14,706 [Thread-3152] INFO  impl.FollowerState (FollowerState.java:run(117)) - b9cfa588-8e56-4331-be2f-4c26f25c6739@group-21BA9BD4283D-FollowerState was interrupted: java.lang.InterruptedException: sleep interrupted
2019-10-17 06:48:14,706 [grpc-default-executor-3] INFO  impl.RoleInfo (RoleInfo.java:updateAndGet(143)) - b9cfa588-8e56-4331-be2f-4c26f25c6739: start FollowerState
2019-10-17 06:48:14,721 [7c431f9d-51bc-458b-a3a6-511ec217d887@group-21BA9BD4283D-LeaderElection364] INFO  impl.LeaderElection (LeaderElection.java:logAndReturn(56)) - 7c431f9d-51bc-458b-a3a6-511ec217d887@group-21BA9BD4283D-LeaderElection364: Election REJECTED; received 2 response(s) [7c431f9d-51bc-458b-a3a6-511ec217d887<-67f35358-9777-4ff9-96f4-8a61bc3a94fe#0:FAIL-t317, 7c431f9d-51bc-458b-a3a6-511ec217d887<-b9cfa588-8e56-4331-be2f-4c26f25c6739#0:FAIL-t317] and 0 exception(s); 7c431f9d-51bc-458b-a3a6-511ec217d887@group-21BA9BD4283D:t317, leader=null, voted=7c431f9d-51bc-458b-a3a6-511ec217d887, raftlog=7c431f9d-51bc-458b-a3a6-511ec217d887@group-21BA9BD4283D-SegmentedRaftLog:OPENED:c-1,f-1,i0, conf=-1: [67f35358-9777-4ff9-96f4-8a61bc3a94fe:192.168.34.62:37037, 7c431f9d-51bc-458b-a3a6-511ec217d887:192.168.34.62:40420, b9cfa588-8e56-4331-be2f-4c26f25c6739:192.168.34.62:34777], old=null
2019-10-17 06:48:14,721 [7c431f9d-51bc-458b-a3a6-511ec217d887@group-21BA9BD4283D-LeaderElection364] INFO  impl.RaftServerImpl (RaftServerImpl.java:setRole(184)) - 7c431f9d-51bc-458b-a3a6-511ec217d887@group-21BA9BD4283D: changes role from CANDIDATE to FOLLOWER at term 317 for DISCOVERED_A_NEW_TERM
2019-10-17 06:48:14,721 [7c431f9d-51bc-458b-a3a6-511ec217d887@group-21BA9BD4283D-LeaderElection364] INFO  impl.RoleInfo (RoleInfo.java:shutdownLeaderElection(134)) - 7c431f9d-51bc-458b-a3a6-511ec217d887: shutdown LeaderElection
2019-10-17 06:48:14,721 [7c431f9d-51bc-458b-a3a6-511ec217d887@group-21BA9BD4283D-LeaderElection364] INFO  impl.RoleInfo (RoleInfo.java:updateAndGet(143)) - 7c431f9d-51bc-458b-a3a6-511ec217d887: start FollowerState
2019-10-17 06:48:14,754 [Thread-3159] INFO  impl.FollowerState (FollowerState.java:run(108)) - 7c431f9d-51bc-458b-a3a6-511ec217d887@group-21BA9BD4283D-FollowerState: change to CANDIDATE, lastRpcTime:32ms, electionTimeout:32ms
2019-10-17 06:48:14,754 [Thread-3159] INFO  impl.RoleInfo (RoleInfo.java:shutdownFollowerState(121)) - 7c431f9d-51bc-458b-a3a6-511ec217d887: shutdown FollowerState
2019-10-17 06:48:14,754 [Thread-3159] INFO  impl.RaftServerImpl (RaftServerImpl.java:setRole(184)) - 7c431f9d-51bc-458b-a3a6-511ec217d887@group-21BA9BD4283D: changes role from  FOLLOWER to CANDIDATE at term 317 for changeToCandidate
2019-10-17 06:48:14,754 [Thread-3159] INFO  impl.RoleInfo (RoleInfo.java:updateAndGet(143)) - 7c431f9d-51bc-458b-a3a6-511ec217d887: start LeaderElection
2019-10-17 06:48:14,789 [7c431f9d-51bc-458b-a3a6-511ec217d887@group-21BA9BD4283D-LeaderElection365] INFO  impl.LeaderElection (LeaderElection.java:askForVotes(178)) - 7c431f9d-51bc-458b-a3a6-511ec217d887@group-21BA9BD4283D-LeaderElection365: begin an election at term 318 for -1: [67f35358-9777-4ff9-96f4-8a61bc3a94fe:192.168.34.62:37037, 7c431f9d-51bc-458b-a3a6-511ec217d887:192.168.34.62:40420, b9cfa588-8e56-4331-be2f-4c26f25c6739:192.168.34.62:34777], old=null
2019-10-17 06:48:14,790 [grpc-default-executor-4] INFO  impl.RaftServerImpl (RaftServerImpl.java:setRole(184)) - 67f35358-9777-4ff9-96f4-8a61bc3a94fe@group-21BA9BD4283D: changes role from  FOLLOWER to FOLLOWER at term 318 for recognizeCandidate:7c431f9d-51bc-458b-a3a6-511ec217d887
2019-10-17 06:48:14,790 [grpc-default-executor-3] INFO  impl.RaftServerImpl (RaftServerImpl.java:setRole(184)) - b9cfa588-8e56-4331-be2f-4c26f25c6739@group-21BA9BD4283D: changes role from  FOLLOWER to FOLLOWER at term 318 for recognizeCandidate:7c431f9d-51bc-458b-a3a6-511ec217d887
2019-10-17 06:48:14,790 [grpc-default-executor-4] INFO  impl.RoleInfo (RoleInfo.java:shutdownFollowerState(121)) - 67f35358-9777-4ff9-96f4-8a61bc3a94fe: shutdown FollowerState
2019-10-17 06:48:14,790 [grpc-default-executor-3] INFO  impl.RoleInfo (RoleInfo.java:shutdownFollowerState(121)) - b9cfa588-8e56-4331-be2f-4c26f25c6739: shutdown FollowerState
2019-10-17 06:48:14,791 [Thread-3157] INFO  impl.FollowerState (FollowerState.java:run(117)) - 67f35358-9777-4ff9-96f4-8a61bc3a94fe@group-21BA9BD4283D-FollowerState was interrupted: java.lang.InterruptedException: sleep interrupted
2019-10-17 06:48:14,791 [Thread-3158] INFO  impl.FollowerState (FollowerState.java:run(117)) - b9cfa588-8e56-4331-be2f-4c26f25c6739@group-21BA9BD4283D-FollowerState was interrupted: java.lang.InterruptedException: sleep interrupted
2019-10-17 06:48:14,791 [grpc-default-executor-4] INFO  impl.RoleInfo (RoleInfo.java:updateAndGet(143)) - 67f35358-9777-4ff9-96f4-8a61bc3a94fe: start FollowerState
2019-10-17 06:48:14,791 [grpc-default-executor-3] INFO  impl.RoleInfo (RoleInfo.java:updateAndGet(143)) - b9cfa588-8e56-4331-be2f-4c26f25c6739: start FollowerState
2019-10-17 06:48:14,815 [7c431f9d-51bc-458b-a3a6-511ec217d887@group-21BA9BD4283D-LeaderElection365] INFO  impl.LeaderElection (LeaderElection.java:logAndReturn(56)) - 7c431f9d-51bc-458b-a3a6-511ec217d887@group-21BA9BD4283D-LeaderElection365: Election REJECTED; received 2 response(s) [7c431f9d-51bc-458b-a3a6-511ec217d887<-67f35358-9777-4ff9-96f4-8a61bc3a94fe#0:FAIL-t318, 7c431f9d-51bc-458b-a3a6-511ec217d887<-b9cfa588-8e56-4331-be2f-4c26f25c6739#0:FAIL-t318] and 0 exception(s); 7c431f9d-51bc-458b-a3a6-511ec217d887@group-21BA9BD4283D:t318, leader=null, voted=7c431f9d-51bc-458b-a3a6-511ec217d887, raftlog=7c431f9d-51bc-458b-a3a6-511ec217d887@group-21BA9BD4283D-SegmentedRaftLog:OPENED:c-1,f-1,i0, conf=-1: [67f35358-9777-4ff9-96f4-8a61bc3a94fe:192.168.34.62:37037, 7c431f9d-51bc-458b-a3a6-511ec217d887:192.168.34.62:40420, b9cfa588-8e56-4331-be2f-4c26f25c6739:192.168.34.62:34777], old=null
2019-10-17 06:48:14,815 [7c431f9d-51bc-458b-a3a6-511ec217d887@group-21BA9BD4283D-LeaderElection365] INFO  impl.RaftServerImpl (RaftServerImpl.java:setRole(184)) - 7c431f9d-51bc-458b-a3a6-511ec217d887@group-21BA9BD4283D: changes role from CANDIDATE to FOLLOWER at term 318 for DISCOVERED_A_NEW_TERM
2019-10-17 06:48:14,815 [7c431f9d-51bc-458b-a3a6-511ec217d887@group-21BA9BD4283D-LeaderElection365] INFO  impl.RoleInfo (RoleInfo.java:shutdownLeaderElection(134)) - 7c431f9d-51bc-458b-a3a6-511ec217d887: shutdown LeaderElection
2019-10-17 06:48:14,815 [7c431f9d-51bc-458b-a3a6-511ec217d887@group-21BA9BD4283D-LeaderElection365] INFO  impl.RoleInfo (RoleInfo.java:updateAndGet(143)) - 7c431f9d-51bc-458b-a3a6-511ec217d887: start FollowerState
2019-10-17 06:48:14,984 [Thread-3165] INFO  impl.FollowerState (FollowerState.java:run(108)) - 7c431f9d-51bc-458b-a3a6-511ec217d887@group-21BA9BD4283D-FollowerState: change to CANDIDATE, lastRpcTime:169ms, electionTimeout:169ms
2019-10-17 06:48:14,985 [Thread-3165] INFO  impl.RoleInfo (RoleInfo.java:shutdownFollowerState(121)) - 7c431f9d-51bc-458b-a3a6-511ec217d887: shutdown FollowerState
2019-10-17 06:48:14,985 [Thread-3165] INFO  impl.RaftServerImpl (RaftServerImpl.java:setRole(184)) - 7c431f9d-51bc-458b-a3a6-511ec217d887@group-21BA9BD4283D: changes role from  FOLLOWER to CANDIDATE at term 318 for changeToCandidate
2019-10-17 06:48:14,985 [Thread-3165] INFO  impl.RoleInfo (RoleInfo.java:updateAndGet(143)) - 7c431f9d-51bc-458b-a3a6-511ec217d887: start LeaderElection
2019-10-17 06:48:14,998 [7c431f9d-51bc-458b-a3a6-511ec217d887@group-21BA9BD4283D-LeaderElection366] INFO  impl.LeaderElection (LeaderElection.java:askForVotes(178)) - 7c431f9d-51bc-458b-a3a6-511ec217d887@group-21BA9BD4283D-LeaderElection366: begin an election at term 319 for -1: [67f35358-9777-4ff9-96f4-8a61bc3a94fe:192.168.34.62:37037, 7c431f9d-51bc-458b-a3a6-511ec217d887:192.168.34.62:40420, b9cfa588-8e56-4331-be2f-4c26f25c6739:192.168.34.62:34777], old=null
2019-10-17 06:48:14,999 [grpc-default-executor-3] INFO  impl.RaftServerImpl (RaftServerImpl.java:setRole(184)) - b9cfa588-8e56-4331-be2f-4c26f25c6739@group-21BA9BD4283D: changes role from  FOLLOWER to FOLLOWER at term 319 for recognizeCandidate:7c431f9d-51bc-458b-a3a6-511ec217d887
2019-10-17 06:48:15,000 [grpc-default-executor-3] INFO  impl.RoleInfo (RoleInfo.java:shutdownFollowerState(121)) - b9cfa588-8e56-4331-be2f-4c26f25c6739: shutdown FollowerState
2019-10-17 06:48:14,999 [grpc-default-executor-4] INFO  impl.RaftServerImpl (RaftServerImpl.java:setRole(184)) - 67f35358-9777-4ff9-96f4-8a61bc3a94fe@group-21BA9BD4283D: changes role from  FOLLOWER to FOLLOWER at term 319 for recognizeCandidate:7c431f9d-51bc-458b-a3a6-511ec217d887
2019-10-17 06:48:15,000 [grpc-default-executor-4] INFO  impl.RoleInfo (RoleInfo.java:shutdownFollowerState(121)) - 67f35358-9777-4ff9-96f4-8a61bc3a94fe: shutdown FollowerState
2019-10-17 06:48:15,000 [Thread-3164] INFO  impl.FollowerState (FollowerState.java:run(117)) - b9cfa588-8e56-4331-be2f-4c26f25c6739@group-21BA9BD4283D-FollowerState was interrupted: java.lang.InterruptedException: sleep interrupted
2019-10-17 06:48:15,000 [grpc-default-executor-3] INFO  impl.RoleInfo (RoleInfo.java:updateAndGet(143)) - b9cfa588-8e56-4331-be2f-4c26f25c6739: start FollowerState
2019-10-17 06:48:15,000 [Thread-3163] INFO  impl.FollowerState (FollowerState.java:run(117)) - 67f35358-9777-4ff9-96f4-8a61bc3a94fe@group-21BA9BD4283D-FollowerState was interrupted: java.lang.InterruptedException: sleep interrupted
2019-10-17 06:48:15,000 [grpc-default-executor-4] INFO  impl.RoleInfo (RoleInfo.java:updateAndGet(143)) - 67f35358-9777-4ff9-96f4-8a61bc3a94fe: start FollowerState
2019-10-17 06:48:15,014 [7c431f9d-51bc-458b-a3a6-511ec217d887@group-21BA9BD4283D-LeaderElection366] INFO  impl.LeaderElection (LeaderElection.java:logAndReturn(56)) - 7c431f9d-51bc-458b-a3a6-511ec217d887@group-21BA9BD4283D-LeaderElection366: Election REJECTED; received 2 response(s) [7c431f9d-51bc-458b-a3a6-511ec217d887<-67f35358-9777-4ff9-96f4-8a61bc3a94fe#0:FAIL-t319, 7c431f9d-51bc-458b-a3a6-511ec217d887<-b9cfa588-8e56-4331-be2f-4c26f25c6739#0:FAIL-t319] and 0 exception(s); 7c431f9d-51bc-458b-a3a6-511ec217d887@group-21BA9BD4283D:t319, leader=null, voted=7c431f9d-51bc-458b-a3a6-511ec217d887, raftlog=7c431f9d-51bc-458b-a3a6-511ec217d887@group-21BA9BD4283D-SegmentedRaftLog:OPENED:c-1,f-1,i0, conf=-1: [67f35358-9777-4ff9-96f4-8a61bc3a94fe:192.168.34.62:37037, 7c431f9d-51bc-458b-a3a6-511ec217d887:192.168.34.62:40420, b9cfa588-8e56-4331-be2f-4c26f25c6739:192.168.34.62:34777], old=null
2019-10-17 06:48:15,014 [7c431f9d-51bc-458b-a3a6-511ec217d887@group-21BA9BD4283D-LeaderElection366] INFO  impl.RaftServerImpl (RaftServerImpl.java:setRole(184)) - 7c431f9d-51bc-458b-a3a6-511ec217d887@group-21BA9BD4283D: changes role from CANDIDATE to FOLLOWER at term 319 for DISCOVERED_A_NEW_TERM
2019-10-17 06:48:15,014 [7c431f9d-51bc-458b-a3a6-511ec217d887@group-21BA9BD4283D-LeaderElection366] INFO  impl.RoleInfo (RoleInfo.java:shutdownLeaderElection(134)) - 7c431f9d-51bc-458b-a3a6-511ec217d887: shutdown LeaderElection
2019-10-17 06:48:15,014 [7c431f9d-51bc-458b-a3a6-511ec217d887@group-21BA9BD4283D-LeaderElection366] INFO  impl.RoleInfo (RoleInfo.java:updateAndGet(143)) - 7c431f9d-51bc-458b-a3a6-511ec217d887: start FollowerState
2019-10-17 06:48:15,097 [Thread-3171] INFO  impl.FollowerState (FollowerState.java:run(108)) - 7c431f9d-51bc-458b-a3a6-511ec217d887@group-21BA9BD4283D-FollowerState: change to CANDIDATE, lastRpcTime:83ms, electionTimeout:83ms
2019-10-17 06:48:15,098 [Thread-3171] INFO  impl.RoleInfo (RoleInfo.java:shutdownFollowerState(121)) - 7c431f9d-51bc-458b-a3a6-511ec217d887: shutdown FollowerState
2019-10-17 06:48:15,098 [Thread-3171] INFO  impl.RaftServerImpl (RaftServerImpl.java:setRole(184)) - 7c431f9d-51bc-458b-a3a6-511ec217d887@group-21BA9BD4283D: changes role from  FOLLOWER to CANDIDATE at term 319 for changeToCandidate
2019-10-17 06:48:15,098 [Thread-3171] INFO  impl.RoleInfo (RoleInfo.java:updateAndGet(143)) - 7c431f9d-51bc-458b-a3a6-511ec217d887: start LeaderElection
2019-10-17 06:48:15,106 [main] INFO  ozone.MiniOzoneClusterImpl (MiniOzoneClusterImpl.java:lambda$waitForClusterToBeReady$2(164)) - Waiting for 1 number of pipelines out of 4, to report a leader.
2019-10-17 06:48:15,124 [7c431f9d-51bc-458b-a3a6-511ec217d887@group-21BA9BD4283D-LeaderElection367] INFO  impl.LeaderElection (LeaderElection.java:askForVotes(178)) - 7c431f9d-51bc-458b-a3a6-511ec217d887@group-21BA9BD4283D-LeaderElection367: begin an election at term 320 for -1: [67f35358-9777-4ff9-96f4-8a61bc3a94fe:192.168.34.62:37037, 7c431f9d-51bc-458b-a3a6-511ec217d887:192.168.34.62:40420, b9cfa588-8e56-4331-be2f-4c26f25c6739:192.168.34.62:34777], old=null
2019-10-17 06:48:15,125 [grpc-default-executor-3] INFO  impl.RaftServerImpl (RaftServerImpl.java:setRole(184)) - 67f35358-9777-4ff9-96f4-8a61bc3a94fe@group-21BA9BD4283D: changes role from  FOLLOWER to FOLLOWER at term 320 for recognizeCandidate:7c431f9d-51bc-458b-a3a6-511ec217d887
2019-10-17 06:48:15,125 [grpc-default-executor-4] INFO  impl.RaftServerImpl (RaftServerImpl.java:setRole(184)) - b9cfa588-8e56-4331-be2f-4c26f25c6739@group-21BA9BD4283D: changes role from  FOLLOWER to FOLLOWER at term 320 for recognizeCandidate:7c431f9d-51bc-458b-a3a6-511ec217d887
2019-10-17 06:48:15,125 [grpc-default-executor-4] INFO  impl.RoleInfo (RoleInfo.java:shutdownFollowerState(121)) - b9cfa588-8e56-4331-be2f-4c26f25c6739: shutdown FollowerState
2019-10-17 06:48:15,125 [grpc-default-executor-3] INFO  impl.RoleInfo (RoleInfo.java:shutdownFollowerState(121)) - 67f35358-9777-4ff9-96f4-8a61bc3a94fe: shutdown FollowerState
2019-10-17 06:48:15,126 [Thread-3169] INFO  impl.FollowerState (FollowerState.java:run(117)) - b9cfa588-8e56-4331-be2f-4c26f25c6739@group-21BA9BD4283D-FollowerState was interrupted: java.lang.InterruptedException: sleep interrupted
2019-10-17 06:48:15,125 [grpc-default-executor-4] INFO  impl.RoleInfo (RoleInfo.java:updateAndGet(143)) - b9cfa588-8e56-4331-be2f-4c26f25c6739: start FollowerState
2019-10-17 06:48:15,126 [Thread-3170] INFO  impl.FollowerState (FollowerState.java:run(117)) - 67f35358-9777-4ff9-96f4-8a61bc3a94fe@group-21BA9BD4283D-FollowerState was interrupted: java.lang.InterruptedException: sleep interrupted
2019-10-17 06:48:15,126 [grpc-default-executor-3] INFO  impl.RoleInfo (RoleInfo.java:updateAndGet(143)) - 67f35358-9777-4ff9-96f4-8a61bc3a94fe: start FollowerState
2019-10-17 06:48:15,141 [7c431f9d-51bc-458b-a3a6-511ec217d887@group-21BA9BD4283D-LeaderElection367] INFO  impl.LeaderElection (LeaderElection.java:logAndReturn(56)) - 7c431f9d-51bc-458b-a3a6-511ec217d887@group-21BA9BD4283D-LeaderElection367: Election REJECTED; received 2 response(s) [7c431f9d-51bc-458b-a3a6-511ec217d887<-67f35358-9777-4ff9-96f4-8a61bc3a94fe#0:FAIL-t320, 7c431f9d-51bc-458b-a3a6-511ec217d887<-b9cfa588-8e56-4331-be2f-4c26f25c6739#0:FAIL-t320] and 0 exception(s); 7c431f9d-51bc-458b-a3a6-511ec217d887@group-21BA9BD4283D:t320, leader=null, voted=7c431f9d-51bc-458b-a3a6-511ec217d887, raftlog=7c431f9d-51bc-458b-a3a6-511ec217d887@group-21BA9BD4283D-SegmentedRaftLog:OPENED:c-1,f-1,i0, conf=-1: [67f35358-9777-4ff9-96f4-8a61bc3a94fe:192.168.34.62:37037, 7c431f9d-51bc-458b-a3a6-511ec217d887:192.168.34.62:40420, b9cfa588-8e56-4331-be2f-4c26f25c6739:192.168.34.62:34777], old=null
2019-10-17 06:48:15,141 [7c431f9d-51bc-458b-a3a6-511ec217d887@group-21BA9BD4283D-LeaderElection367] INFO  impl.RaftServerImpl (RaftServerImpl.java:setRole(184)) - 7c431f9d-51bc-458b-a3a6-511ec217d887@group-21BA9BD4283D: changes role from CANDIDATE to FOLLOWER at term 320 for DISCOVERED_A_NEW_TERM
2019-10-17 06:48:15,141 [7c431f9d-51bc-458b-a3a6-511ec217d887@group-21BA9BD4283D-LeaderElection367] INFO  impl.RoleInfo (RoleInfo.java:shutdownLeaderElection(134)) - 7c431f9d-51bc-458b-a3a6-511ec217d887: shutdown LeaderElection
2019-10-17 06:48:15,142 [7c431f9d-51bc-458b-a3a6-511ec217d887@group-21BA9BD4283D-LeaderElection367] INFO  impl.RoleInfo (RoleInfo.java:updateAndGet(143)) - 7c431f9d-51bc-458b-a3a6-511ec217d887: start FollowerState
2019-10-17 06:48:15,222 [Thread-3177] INFO  impl.FollowerState (FollowerState.java:run(108)) - 7c431f9d-51bc-458b-a3a6-511ec217d887@group-21BA9BD4283D-FollowerState: change to CANDIDATE, lastRpcTime:80ms, electionTimeout:80ms
2019-10-17 06:48:15,222 [Thread-3177] INFO  impl.RoleInfo (RoleInfo.java:shutdownFollowerState(121)) - 7c431f9d-51bc-458b-a3a6-511ec217d887: shutdown FollowerState
2019-10-17 06:48:15,222 [Thread-3177] INFO  impl.RaftServerImpl (RaftServerImpl.java:setRole(184)) - 7c431f9d-51bc-458b-a3a6-511ec217d887@group-21BA9BD4283D: changes role from  FOLLOWER to CANDIDATE at term 320 for changeToCandidate
2019-10-17 06:48:15,222 [Thread-3177] INFO  impl.RoleInfo (RoleInfo.java:updateAndGet(143)) - 7c431f9d-51bc-458b-a3a6-511ec217d887: start LeaderElection
2019-10-17 06:48:15,227 [7c431f9d-51bc-458b-a3a6-511ec217d887@group-21BA9BD4283D-LeaderElection368] INFO  impl.LeaderElection (LeaderElection.java:askForVotes(178)) - 7c431f9d-51bc-458b-a3a6-511ec217d887@group-21BA9BD4283D-LeaderElection368: begin an election at term 321 for -1: [67f35358-9777-4ff9-96f4-8a61bc3a94fe:192.168.34.62:37037, 7c431f9d-51bc-458b-a3a6-511ec217d887:192.168.34.62:40420, b9cfa588-8e56-4331-be2f-4c26f25c6739:192.168.34.62:34777], old=null
2019-10-17 06:48:15,228 [grpc-default-executor-3] INFO  impl.RaftServerImpl (RaftServerImpl.java:setRole(184)) - 67f35358-9777-4ff9-96f4-8a61bc3a94fe@group-21BA9BD4283D: changes role from  FOLLOWER to FOLLOWER at term 321 for recognizeCandidate:7c431f9d-51bc-458b-a3a6-511ec217d887
2019-10-17 06:48:15,229 [grpc-default-executor-3] INFO  impl.RoleInfo (RoleInfo.java:shutdownFollowerState(121)) - 67f35358-9777-4ff9-96f4-8a61bc3a94fe: shutdown FollowerState
2019-10-17 06:48:15,229 [grpc-default-executor-3] INFO  impl.RoleInfo (RoleInfo.java:updateAndGet(143)) - 67f35358-9777-4ff9-96f4-8a61bc3a94fe: start FollowerState
2019-10-17 06:48:15,229 [Thread-3176] INFO  impl.FollowerState (FollowerState.java:run(117)) - 67f35358-9777-4ff9-96f4-8a61bc3a94fe@group-21BA9BD4283D-FollowerState was interrupted: java.lang.InterruptedException: sleep interrupted
2019-10-17 06:48:15,229 [grpc-default-executor-4] INFO  impl.RaftServerImpl (RaftServerImpl.java:setRole(184)) - b9cfa588-8e56-4331-be2f-4c26f25c6739@group-21BA9BD4283D: changes role from  FOLLOWER to FOLLOWER at term 321 for recognizeCandidate:7c431f9d-51bc-458b-a3a6-511ec217d887
2019-10-17 06:48:15,229 [grpc-default-executor-4] INFO  impl.RoleInfo (RoleInfo.java:shutdownFollowerState(121)) - b9cfa588-8e56-4331-be2f-4c26f25c6739: shutdown FollowerState
2019-10-17 06:48:15,229 [grpc-default-executor-4] INFO  impl.RoleInfo (RoleInfo.java:updateAndGet(143)) - b9cfa588-8e56-4331-be2f-4c26f25c6739: start FollowerState
2019-10-17 06:48:15,229 [Thread-3175] INFO  impl.FollowerState (FollowerState.java:run(117)) - b9cfa588-8e56-4331-be2f-4c26f25c6739@group-21BA9BD4283D-FollowerState was interrupted: java.lang.InterruptedException: sleep interrupted
2019-10-17 06:48:15,255 [7c431f9d-51bc-458b-a3a6-511ec217d887@group-21BA9BD4283D-LeaderElection368] INFO  impl.LeaderElection (LeaderElection.java:logAndReturn(56)) - 7c431f9d-51bc-458b-a3a6-511ec217d887@group-21BA9BD4283D-LeaderElection368: Election REJECTED; received 2 response(s) [7c431f9d-51bc-458b-a3a6-511ec217d887<-67f35358-9777-4ff9-96f4-8a61bc3a94fe#0:FAIL-t321, 7c431f9d-51bc-458b-a3a6-511ec217d887<-b9cfa588-8e56-4331-be2f-4c26f25c6739#0:FAIL-t321] and 0 exception(s); 7c431f9d-51bc-458b-a3a6-511ec217d887@group-21BA9BD4283D:t321, leader=null, voted=7c431f9d-51bc-458b-a3a6-511ec217d887, raftlog=7c431f9d-51bc-458b-a3a6-511ec217d887@group-21BA9BD4283D-SegmentedRaftLog:OPENED:c-1,f-1,i0, conf=-1: [67f35358-9777-4ff9-96f4-8a61bc3a94fe:192.168.34.62:37037, 7c431f9d-51bc-458b-a3a6-511ec217d887:192.168.34.62:40420, b9cfa588-8e56-4331-be2f-4c26f25c6739:192.168.34.62:34777], old=null
2019-10-17 06:48:15,255 [7c431f9d-51bc-458b-a3a6-511ec217d887@group-21BA9BD4283D-LeaderElection368] INFO  impl.RaftServerImpl (RaftServerImpl.java:setRole(184)) - 7c431f9d-51bc-458b-a3a6-511ec217d887@group-21BA9BD4283D: changes role from CANDIDATE to FOLLOWER at term 321 for DISCOVERED_A_NEW_TERM
2019-10-17 06:48:15,255 [7c431f9d-51bc-458b-a3a6-511ec217d887@group-21BA9BD4283D-LeaderElection368] INFO  impl.RoleInfo (RoleInfo.java:shutdownLeaderElection(134)) - 7c431f9d-51bc-458b-a3a6-511ec217d887: shutdown LeaderElection
2019-10-17 06:48:15,255 [7c431f9d-51bc-458b-a3a6-511ec217d887@group-21BA9BD4283D-LeaderElection368] INFO  impl.RoleInfo (RoleInfo.java:updateAndGet(143)) - 7c431f9d-51bc-458b-a3a6-511ec217d887: start FollowerState
2019-10-17 06:48:15,401 [Thread-3183] INFO  impl.FollowerState (FollowerState.java:run(108)) - 7c431f9d-51bc-458b-a3a6-511ec217d887@group-21BA9BD4283D-FollowerState: change to CANDIDATE, lastRpcTime:146ms, electionTimeout:146ms
2019-10-17 06:48:15,401 [Thread-3183] INFO  impl.RoleInfo (RoleInfo.java:shutdownFollowerState(121)) - 7c431f9d-51bc-458b-a3a6-511ec217d887: shutdown FollowerState
2019-10-17 06:48:15,401 [Thread-3183] INFO  impl.RaftServerImpl (RaftServerImpl.java:setRole(184)) - 7c431f9d-51bc-458b-a3a6-511ec217d887@group-21BA9BD4283D: changes role from  FOLLOWER to CANDIDATE at term 321 for changeToCandidate
2019-10-17 06:48:15,402 [Thread-3183] INFO  impl.RoleInfo (RoleInfo.java:updateAndGet(143)) - 7c431f9d-51bc-458b-a3a6-511ec217d887: start LeaderElection
2019-10-17 06:48:15,421 [7c431f9d-51bc-458b-a3a6-511ec217d887@group-21BA9BD4283D-LeaderElection369] INFO  impl.LeaderElection (LeaderElection.java:askForVotes(178)) - 7c431f9d-51bc-458b-a3a6-511ec217d887@group-21BA9BD4283D-LeaderElection369: begin an election at term 322 for -1: [67f35358-9777-4ff9-96f4-8a61bc3a94fe:192.168.34.62:37037, 7c431f9d-51bc-458b-a3a6-511ec217d887:192.168.34.62:40420, b9cfa588-8e56-4331-be2f-4c26f25c6739:192.168.34.62:34777], old=null
2019-10-17 06:48:15,422 [grpc-default-executor-3] INFO  impl.RaftServerImpl (RaftServerImpl.java:setRole(184)) - 67f35358-9777-4ff9-96f4-8a61bc3a94fe@group-21BA9BD4283D: changes role from  FOLLOWER to FOLLOWER at term 322 for recognizeCandidate:7c431f9d-51bc-458b-a3a6-511ec217d887
2019-10-17 06:48:15,422 [grpc-default-executor-3] INFO  impl.RoleInfo (RoleInfo.java:shutdownFollowerState(121)) - 67f35358-9777-4ff9-96f4-8a61bc3a94fe: shutdown FollowerState
2019-10-17 06:48:15,422 [grpc-default-executor-3] INFO  impl.RoleInfo (RoleInfo.java:updateAndGet(143)) - 67f35358-9777-4ff9-96f4-8a61bc3a94fe: start FollowerState
2019-10-17 06:48:15,422 [grpc-default-executor-4] INFO  impl.RaftServerImpl (RaftServerImpl.java:setRole(184)) - b9cfa588-8e56-4331-be2f-4c26f25c6739@group-21BA9BD4283D: changes role from  FOLLOWER to FOLLOWER at term 322 for recognizeCandidate:7c431f9d-51bc-458b-a3a6-511ec217d887
2019-10-17 06:48:15,422 [grpc-default-executor-4] INFO  impl.RoleInfo (RoleInfo.java:shutdownFollowerState(121)) - b9cfa588-8e56-4331-be2f-4c26f25c6739: shutdown FollowerState
2019-10-17 06:48:15,422 [Thread-3181] INFO  impl.FollowerState (FollowerState.java:run(117)) - 67f35358-9777-4ff9-96f4-8a61bc3a94fe@group-21BA9BD4283D-FollowerState was interrupted: java.lang.InterruptedException: sleep interrupted
2019-10-17 06:48:15,423 [Thread-3182] INFO  impl.FollowerState (FollowerState.java:run(117)) - b9cfa588-8e56-4331-be2f-4c26f25c6739@group-21BA9BD4283D-FollowerState was interrupted: java.lang.InterruptedException: sleep interrupted
2019-10-17 06:48:15,423 [grpc-default-executor-4] INFO  impl.RoleInfo (RoleInfo.java:updateAndGet(143)) - b9cfa588-8e56-4331-be2f-4c26f25c6739: start FollowerState
2019-10-17 06:48:15,443 [7c431f9d-51bc-458b-a3a6-511ec217d887@group-21BA9BD4283D-LeaderElection369] INFO  impl.LeaderElection (LeaderElection.java:logAndReturn(56)) - 7c431f9d-51bc-458b-a3a6-511ec217d887@group-21BA9BD4283D-LeaderElection369: Election REJECTED; received 2 response(s) [7c431f9d-51bc-458b-a3a6-511ec217d887<-67f35358-9777-4ff9-96f4-8a61bc3a94fe#0:FAIL-t322, 7c431f9d-51bc-458b-a3a6-511ec217d887<-b9cfa588-8e56-4331-be2f-4c26f25c6739#0:FAIL-t322] and 0 exception(s); 7c431f9d-51bc-458b-a3a6-511ec217d887@group-21BA9BD4283D:t322, leader=null, voted=7c431f9d-51bc-458b-a3a6-511ec217d887, raftlog=7c431f9d-51bc-458b-a3a6-511ec217d887@group-21BA9BD4283D-SegmentedRaftLog:OPENED:c-1,f-1,i0, conf=-1: [67f35358-9777-4ff9-96f4-8a61bc3a94fe:192.168.34.62:37037, 7c431f9d-51bc-458b-a3a6-511ec217d887:192.168.34.62:40420, b9cfa588-8e56-4331-be2f-4c26f25c6739:192.168.34.62:34777], old=null
2019-10-17 06:48:15,443 [7c431f9d-51bc-458b-a3a6-511ec217d887@group-21BA9BD4283D-LeaderElection369] INFO  impl.RaftServerImpl (RaftServerImpl.java:setRole(184)) - 7c431f9d-51bc-458b-a3a6-511ec217d887@group-21BA9BD4283D: changes role from CANDIDATE to FOLLOWER at term 322 for DISCOVERED_A_NEW_TERM
2019-10-17 06:48:15,443 [7c431f9d-51bc-458b-a3a6-511ec217d887@group-21BA9BD4283D-LeaderElection369] INFO  impl.RoleInfo (RoleInfo.java:shutdownLeaderElection(134)) - 7c431f9d-51bc-458b-a3a6-511ec217d887: shutdown LeaderElection
2019-10-17 06:48:15,443 [7c431f9d-51bc-458b-a3a6-511ec217d887@group-21BA9BD4283D-LeaderElection369] INFO  impl.RoleInfo (RoleInfo.java:updateAndGet(143)) - 7c431f9d-51bc-458b-a3a6-511ec217d887: start FollowerState
2019-10-17 06:48:15,509 [Thread-3189] INFO  impl.FollowerState (FollowerState.java:run(108)) - 7c431f9d-51bc-458b-a3a6-511ec217d887@group-21BA9BD4283D-FollowerState: change to CANDIDATE, lastRpcTime:66ms, electionTimeout:66ms
2019-10-17 06:48:15,510 [Thread-3189] INFO  impl.RoleInfo (RoleInfo.java:shutdownFollowerState(121)) - 7c431f9d-51bc-458b-a3a6-511ec217d887: shutdown FollowerState
2019-10-17 06:48:15,510 [Thread-3189] INFO  impl.RaftServerImpl (RaftServerImpl.java:setRole(184)) - 7c431f9d-51bc-458b-a3a6-511ec217d887@group-21BA9BD4283D: changes role from  FOLLOWER to CANDIDATE at term 322 for changeToCandidate
2019-10-17 06:48:15,510 [Thread-3189] INFO  impl.RoleInfo (RoleInfo.java:updateAndGet(143)) - 7c431f9d-51bc-458b-a3a6-511ec217d887: start LeaderElection
2019-10-17 06:48:15,531 [7c431f9d-51bc-458b-a3a6-511ec217d887@group-21BA9BD4283D-LeaderElection370] INFO  impl.LeaderElection (LeaderElection.java:askForVotes(178)) - 7c431f9d-51bc-458b-a3a6-511ec217d887@group-21BA9BD4283D-LeaderElection370: begin an election at term 323 for -1: [67f35358-9777-4ff9-96f4-8a61bc3a94fe:192.168.34.62:37037, 7c431f9d-51bc-458b-a3a6-511ec217d887:192.168.34.62:40420, b9cfa588-8e56-4331-be2f-4c26f25c6739:192.168.34.62:34777], old=null
2019-10-17 06:48:15,533 [grpc-default-executor-4] INFO  impl.RaftServerImpl (RaftServerImpl.java:setRole(184)) - b9cfa588-8e56-4331-be2f-4c26f25c6739@group-21BA9BD4283D: changes role from  FOLLOWER to FOLLOWER at term 323 for recognizeCandidate:7c431f9d-51bc-458b-a3a6-511ec217d887
2019-10-17 06:48:15,533 [grpc-default-executor-4] INFO  impl.RoleInfo (RoleInfo.java:shutdownFollowerState(121)) - b9cfa588-8e56-4331-be2f-4c26f25c6739: shutdown FollowerState
2019-10-17 06:48:15,533 [grpc-default-executor-3] INFO  impl.RaftServerImpl (RaftServerImpl.java:setRole(184)) - 67f35358-9777-4ff9-96f4-8a61bc3a94fe@group-21BA9BD4283D: changes role from  FOLLOWER to FOLLOWER at term 323 for recognizeCandidate:7c431f9d-51bc-458b-a3a6-511ec217d887
2019-10-17 06:48:15,533 [Thread-3188] INFO  impl.FollowerState (FollowerState.java:run(117)) - b9cfa588-8e56-4331-be2f-4c26f25c6739@group-21BA9BD4283D-FollowerState was interrupted: java.lang.InterruptedException: sleep interrupted
2019-10-17 06:48:15,533 [grpc-default-executor-4] INFO  impl.RoleInfo (RoleInfo.java:updateAndGet(143)) - b9cfa588-8e56-4331-be2f-4c26f25c6739: start FollowerState
2019-10-17 06:48:15,533 [grpc-default-executor-3] INFO  impl.RoleInfo (RoleInfo.java:shutdownFollowerState(121)) - 67f35358-9777-4ff9-96f4-8a61bc3a94fe: shutdown FollowerState
2019-10-17 06:48:15,533 [grpc-default-executor-3] INFO  impl.RoleInfo (RoleInfo.java:updateAndGet(143)) - 67f35358-9777-4ff9-96f4-8a61bc3a94fe: start FollowerState
2019-10-17 06:48:15,533 [Thread-3187] INFO  impl.FollowerState (FollowerState.java:run(117)) - 67f35358-9777-4ff9-96f4-8a61bc3a94fe@group-21BA9BD4283D-FollowerState was interrupted: java.lang.InterruptedException: sleep interrupted
2019-10-17 06:48:15,550 [7c431f9d-51bc-458b-a3a6-511ec217d887@group-21BA9BD4283D-LeaderElection370] INFO  impl.LeaderElection (LeaderElection.java:logAndReturn(56)) - 7c431f9d-51bc-458b-a3a6-511ec217d887@group-21BA9BD4283D-LeaderElection370: Election REJECTED; received 2 response(s) [7c431f9d-51bc-458b-a3a6-511ec217d887<-67f35358-9777-4ff9-96f4-8a61bc3a94fe#0:FAIL-t323, 7c431f9d-51bc-458b-a3a6-511ec217d887<-b9cfa588-8e56-4331-be2f-4c26f25c6739#0:FAIL-t323] and 0 exception(s); 7c431f9d-51bc-458b-a3a6-511ec217d887@group-21BA9BD4283D:t323, leader=null, voted=7c431f9d-51bc-458b-a3a6-511ec217d887, raftlog=7c431f9d-51bc-458b-a3a6-511ec217d887@group-21BA9BD4283D-SegmentedRaftLog:OPENED:c-1,f-1,i0, conf=-1: [67f35358-9777-4ff9-96f4-8a61bc3a94fe:192.168.34.62:37037, 7c431f9d-51bc-458b-a3a6-511ec217d887:192.168.34.62:40420, b9cfa588-8e56-4331-be2f-4c26f25c6739:192.168.34.62:34777], old=null
2019-10-17 06:48:15,551 [7c431f9d-51bc-458b-a3a6-511ec217d887@group-21BA9BD4283D-LeaderElection370] INFO  impl.RaftServerImpl (RaftServerImpl.java:setRole(184)) - 7c431f9d-51bc-458b-a3a6-511ec217d887@group-21BA9BD4283D: changes role from CANDIDATE to FOLLOWER at term 323 for DISCOVERED_A_NEW_TERM
2019-10-17 06:48:15,551 [7c431f9d-51bc-458b-a3a6-511ec217d887@group-21BA9BD4283D-LeaderElection370] INFO  impl.RoleInfo (RoleInfo.java:shutdownLeaderElection(134)) - 7c431f9d-51bc-458b-a3a6-511ec217d887: shutdown LeaderElection
2019-10-17 06:48:15,551 [7c431f9d-51bc-458b-a3a6-511ec217d887@group-21BA9BD4283D-LeaderElection370] INFO  impl.RoleInfo (RoleInfo.java:updateAndGet(143)) - 7c431f9d-51bc-458b-a3a6-511ec217d887: start FollowerState
2019-10-17 06:48:15,618 [Thread-3195] INFO  impl.FollowerState (FollowerState.java:run(108)) - 7c431f9d-51bc-458b-a3a6-511ec217d887@group-21BA9BD4283D-FollowerState: change to CANDIDATE, lastRpcTime:67ms, electionTimeout:67ms
2019-10-17 06:48:15,618 [Thread-3195] INFO  impl.RoleInfo (RoleInfo.java:shutdownFollowerState(121)) - 7c431f9d-51bc-458b-a3a6-511ec217d887: shutdown FollowerState
2019-10-17 06:48:15,619 [Thread-3195] INFO  impl.RaftServerImpl (RaftServerImpl.java:setRole(184)) - 7c431f9d-51bc-458b-a3a6-511ec217d887@group-21BA9BD4283D: changes role from  FOLLOWER to CANDIDATE at term 323 for changeToCandidate
2019-10-17 06:48:15,619 [Thread-3195] INFO  impl.RoleInfo (RoleInfo.java:updateAndGet(143)) - 7c431f9d-51bc-458b-a3a6-511ec217d887: start LeaderElection
2019-10-17 06:48:15,633 [7c431f9d-51bc-458b-a3a6-511ec217d887@group-21BA9BD4283D-LeaderElection371] INFO  impl.LeaderElection (LeaderElection.java:askForVotes(178)) - 7c431f9d-51bc-458b-a3a6-511ec217d887@group-21BA9BD4283D-LeaderElection371: begin an election at term 324 for -1: [67f35358-9777-4ff9-96f4-8a61bc3a94fe:192.168.34.62:37037, 7c431f9d-51bc-458b-a3a6-511ec217d887:192.168.34.62:40420, b9cfa588-8e56-4331-be2f-4c26f25c6739:192.168.34.62:34777], old=null
2019-10-17 06:48:15,635 [grpc-default-executor-4] INFO  impl.RaftServerImpl (RaftServerImpl.java:setRole(184)) - b9cfa588-8e56-4331-be2f-4c26f25c6739@group-21BA9BD4283D: changes role from  FOLLOWER to FOLLOWER at term 324 for recognizeCandidate:7c431f9d-51bc-458b-a3a6-511ec217d887
2019-10-17 06:48:15,635 [grpc-default-executor-3] INFO  impl.RaftServerImpl (RaftServerImpl.java:setRole(184)) - 67f35358-9777-4ff9-96f4-8a61bc3a94fe@group-21BA9BD4283D: changes role from  FOLLOWER to FOLLOWER at term 324 for recognizeCandidate:7c431f9d-51bc-458b-a3a6-511ec217d887
2019-10-17 06:48:15,635 [grpc-default-executor-3] INFO  impl.RoleInfo (RoleInfo.java:shutdownFollowerState(121)) - 67f35358-9777-4ff9-96f4-8a61bc3a94fe: shutdown FollowerState
2019-10-17 06:48:15,635 [grpc-default-executor-4] INFO  impl.RoleInfo (RoleInfo.java:shutdownFollowerState(121)) - b9cfa588-8e56-4331-be2f-4c26f25c6739: shutdown FollowerState
2019-10-17 06:48:15,635 [Thread-3194] INFO  impl.FollowerState (FollowerState.java:run(117)) - 67f35358-9777-4ff9-96f4-8a61bc3a94fe@group-21BA9BD4283D-FollowerState was interrupted: java.lang.InterruptedException: sleep interrupted
2019-10-17 06:48:15,635 [grpc-default-executor-3] INFO  impl.RoleInfo (RoleInfo.java:updateAndGet(143)) - 67f35358-9777-4ff9-96f4-8a61bc3a94fe: start FollowerState
2019-10-17 06:48:15,635 [Thread-3193] INFO  impl.FollowerState (FollowerState.java:run(117)) - b9cfa588-8e56-4331-be2f-4c26f25c6739@group-21BA9BD4283D-FollowerState was interrupted: java.lang.InterruptedException: sleep interrupted
2019-10-17 06:48:15,635 [grpc-default-executor-4] INFO  impl.RoleInfo (RoleInfo.java:updateAndGet(143)) - b9cfa588-8e56-4331-be2f-4c26f25c6739: start FollowerState
2019-10-17 06:48:15,659 [7c431f9d-51bc-458b-a3a6-511ec217d887@group-21BA9BD4283D-LeaderElection371] INFO  impl.LeaderElection (LeaderElection.java:logAndReturn(56)) - 7c431f9d-51bc-458b-a3a6-511ec217d887@group-21BA9BD4283D-LeaderElection371: Election TIMEOUT; received 0 response(s) [] and 0 exception(s); 7c431f9d-51bc-458b-a3a6-511ec217d887@group-21BA9BD4283D:t324, leader=null, voted=7c431f9d-51bc-458b-a3a6-511ec217d887, raftlog=7c431f9d-51bc-458b-a3a6-511ec217d887@group-21BA9BD4283D-SegmentedRaftLog:OPENED:c-1,f-1,i0, conf=-1: [67f35358-9777-4ff9-96f4-8a61bc3a94fe:192.168.34.62:37037, 7c431f9d-51bc-458b-a3a6-511ec217d887:192.168.34.62:40420, b9cfa588-8e56-4331-be2f-4c26f25c6739:192.168.34.62:34777], old=null
2019-10-17 06:48:15,668 [7c431f9d-51bc-458b-a3a6-511ec217d887@group-21BA9BD4283D-LeaderElection371] INFO  impl.LeaderElection (LeaderElection.java:askForVotes(178)) - 7c431f9d-51bc-458b-a3a6-511ec217d887@group-21BA9BD4283D-LeaderElection371: begin an election at term 325 for -1: [67f35358-9777-4ff9-96f4-8a61bc3a94fe:192.168.34.62:37037, 7c431f9d-51bc-458b-a3a6-511ec217d887:192.168.34.62:40420, b9cfa588-8e56-4331-be2f-4c26f25c6739:192.168.34.62:34777], old=null
2019-10-17 06:48:15,669 [grpc-default-executor-3] INFO  impl.RaftServerImpl (RaftServerImpl.java:setRole(184)) - 67f35358-9777-4ff9-96f4-8a61bc3a94fe@group-21BA9BD4283D: changes role from  FOLLOWER to FOLLOWER at term 325 for recognizeCandidate:7c431f9d-51bc-458b-a3a6-511ec217d887
2019-10-17 06:48:15,669 [grpc-default-executor-4] INFO  impl.RaftServerImpl (RaftServerImpl.java:setRole(184)) - b9cfa588-8e56-4331-be2f-4c26f25c6739@group-21BA9BD4283D: changes role from  FOLLOWER to FOLLOWER at term 325 for recognizeCandidate:7c431f9d-51bc-458b-a3a6-511ec217d887
2019-10-17 06:48:15,670 [grpc-default-executor-3] INFO  impl.RoleInfo (RoleInfo.java:shutdownFollowerState(121)) - 67f35358-9777-4ff9-96f4-8a61bc3a94fe: shutdown FollowerState
2019-10-17 06:48:15,670 [grpc-default-executor-4] INFO  impl.RoleInfo (RoleInfo.java:shutdownFollowerState(121)) - b9cfa588-8e56-4331-be2f-4c26f25c6739: shutdown FollowerState
2019-10-17 06:48:15,670 [Thread-3199] INFO  impl.FollowerState (FollowerState.java:run(117)) - 67f35358-9777-4ff9-96f4-8a61bc3a94fe@group-21BA9BD4283D-FollowerState was interrupted: java.lang.InterruptedException: sleep interrupted
2019-10-17 06:48:15,670 [grpc-default-executor-3] INFO  impl.RoleInfo (RoleInfo.java:updateAndGet(143)) - 67f35358-9777-4ff9-96f4-8a61bc3a94fe: start FollowerState
2019-10-17 06:48:15,670 [grpc-default-executor-4] INFO  impl.RoleInfo (RoleInfo.java:updateAndGet(143)) - b9cfa588-8e56-4331-be2f-4c26f25c6739: start FollowerState
2019-10-17 06:48:15,670 [Thread-3200] INFO  impl.FollowerState (FollowerState.java:run(117)) - b9cfa588-8e56-4331-be2f-4c26f25c6739@group-21BA9BD4283D-FollowerState was interrupted: java.lang.InterruptedException: sleep interrupted
2019-10-17 06:48:15,684 [7c431f9d-51bc-458b-a3a6-511ec217d887@group-21BA9BD4283D-LeaderElection371] INFO  impl.LeaderElection (LeaderElection.java:logAndReturn(56)) - 7c431f9d-51bc-458b-a3a6-511ec217d887@group-21BA9BD4283D-LeaderElection371: Election REJECTED; received 2 response(s) [7c431f9d-51bc-458b-a3a6-511ec217d887<-67f35358-9777-4ff9-96f4-8a61bc3a94fe#0:FAIL-t325, 7c431f9d-51bc-458b-a3a6-511ec217d887<-b9cfa588-8e56-4331-be2f-4c26f25c6739#0:FAIL-t325] and 0 exception(s); 7c431f9d-51bc-458b-a3a6-511ec217d887@group-21BA9BD4283D:t325, leader=null, voted=7c431f9d-51bc-458b-a3a6-511ec217d887, raftlog=7c431f9d-51bc-458b-a3a6-511ec217d887@group-21BA9BD4283D-SegmentedRaftLog:OPENED:c-1,f-1,i0, conf=-1: [67f35358-9777-4ff9-96f4-8a61bc3a94fe:192.168.34.62:37037, 7c431f9d-51bc-458b-a3a6-511ec217d887:192.168.34.62:40420, b9cfa588-8e56-4331-be2f-4c26f25c6739:192.168.34.62:34777], old=null
2019-10-17 06:48:15,685 [7c431f9d-51bc-458b-a3a6-511ec217d887@group-21BA9BD4283D-LeaderElection371] INFO  impl.RaftServerImpl (RaftServerImpl.java:setRole(184)) - 7c431f9d-51bc-458b-a3a6-511ec217d887@group-21BA9BD4283D: changes role from CANDIDATE to FOLLOWER at term 325 for DISCOVERED_A_NEW_TERM
2019-10-17 06:48:15,685 [7c431f9d-51bc-458b-a3a6-511ec217d887@group-21BA9BD4283D-LeaderElection371] INFO  impl.RoleInfo (RoleInfo.java:shutdownLeaderElection(134)) - 7c431f9d-51bc-458b-a3a6-511ec217d887: shutdown LeaderElection
2019-10-17 06:48:15,685 [7c431f9d-51bc-458b-a3a6-511ec217d887@group-21BA9BD4283D-LeaderElection371] INFO  impl.RoleInfo (RoleInfo.java:updateAndGet(143)) - 7c431f9d-51bc-458b-a3a6-511ec217d887: start FollowerState
2019-10-17 06:48:15,750 [Thread-3205] INFO  impl.FollowerState (FollowerState.java:run(108)) - 7c431f9d-51bc-458b-a3a6-511ec217d887@group-21BA9BD4283D-FollowerState: change to CANDIDATE, lastRpcTime:65ms, electionTimeout:65ms
2019-10-17 06:48:15,750 [Thread-3205] INFO  impl.RoleInfo (RoleInfo.java:shutdownFollowerState(121)) - 7c431f9d-51bc-458b-a3a6-511ec217d887: shutdown FollowerState
2019-10-17 06:48:15,750 [Thread-3205] INFO  impl.RaftServerImpl (RaftServerImpl.java:setRole(184)) - 7c431f9d-51bc-458b-a3a6-511ec217d887@group-21BA9BD4283D: changes role from  FOLLOWER to CANDIDATE at term 325 for changeToCandidate
2019-10-17 06:48:15,751 [Thread-3205] INFO  impl.RoleInfo (RoleInfo.java:updateAndGet(143)) - 7c431f9d-51bc-458b-a3a6-511ec217d887: start LeaderElection
2019-10-17 06:48:15,763 [7c431f9d-51bc-458b-a3a6-511ec217d887@group-21BA9BD4283D-LeaderElection372] INFO  impl.LeaderElection (LeaderElection.java:askForVotes(178)) - 7c431f9d-51bc-458b-a3a6-511ec217d887@group-21BA9BD4283D-LeaderElection372: begin an election at term 326 for -1: [67f35358-9777-4ff9-96f4-8a61bc3a94fe:192.168.34.62:37037, 7c431f9d-51bc-458b-a3a6-511ec217d887:192.168.34.62:40420, b9cfa588-8e56-4331-be2f-4c26f25c6739:192.168.34.62:34777], old=null
2019-10-17 06:48:15,764 [grpc-default-executor-4] INFO  impl.RaftServerImpl (RaftServerImpl.java:setRole(184)) - b9cfa588-8e56-4331-be2f-4c26f25c6739@group-21BA9BD4283D: changes role from  FOLLOWER to FOLLOWER at term 326 for recognizeCandidate:7c431f9d-51bc-458b-a3a6-511ec217d887
2019-10-17 06:48:15,764 [grpc-default-executor-3] INFO  impl.RaftServerImpl (RaftServerImpl.java:setRole(184)) - 67f35358-9777-4ff9-96f4-8a61bc3a94fe@group-21BA9BD4283D: changes role from  FOLLOWER to FOLLOWER at term 326 for recognizeCandidate:7c431f9d-51bc-458b-a3a6-511ec217d887
2019-10-17 06:48:15,764 [grpc-default-executor-4] INFO  impl.RoleInfo (RoleInfo.java:shutdownFollowerState(121)) - b9cfa588-8e56-4331-be2f-4c26f25c6739: shutdown FollowerState
2019-10-17 06:48:15,764 [grpc-default-executor-3] INFO  impl.RoleInfo (RoleInfo.java:shutdownFollowerState(121)) - 67f35358-9777-4ff9-96f4-8a61bc3a94fe: shutdown FollowerState
2019-10-17 06:48:15,765 [Thread-3204] INFO  impl.FollowerState (FollowerState.java:run(117)) - b9cfa588-8e56-4331-be2f-4c26f25c6739@group-21BA9BD4283D-FollowerState was interrupted: java.lang.InterruptedException: sleep interrupted
2019-10-17 06:48:15,765 [Thread-3203] INFO  impl.FollowerState (FollowerState.java:run(117)) - 67f35358-9777-4ff9-96f4-8a61bc3a94fe@group-21BA9BD4283D-FollowerState was interrupted: java.lang.InterruptedException: sleep interrupted
2019-10-17 06:48:15,764 [grpc-default-executor-4] INFO  impl.RoleInfo (RoleInfo.java:updateAndGet(143)) - b9cfa588-8e56-4331-be2f-4c26f25c6739: start FollowerState
2019-10-17 06:48:15,765 [grpc-default-executor-3] INFO  impl.RoleInfo (RoleInfo.java:updateAndGet(143)) - 67f35358-9777-4ff9-96f4-8a61bc3a94fe: start FollowerState
2019-10-17 06:48:15,790 [7c431f9d-51bc-458b-a3a6-511ec217d887@group-21BA9BD4283D-LeaderElection372] INFO  impl.LeaderElection (LeaderElection.java:logAndReturn(56)) - 7c431f9d-51bc-458b-a3a6-511ec217d887@group-21BA9BD4283D-LeaderElection372: Election REJECTED; received 2 response(s) [7c431f9d-51bc-458b-a3a6-511ec217d887<-67f35358-9777-4ff9-96f4-8a61bc3a94fe#0:FAIL-t326, 7c431f9d-51bc-458b-a3a6-511ec217d887<-b9cfa588-8e56-4331-be2f-4c26f25c6739#0:FAIL-t326] and 0 exception(s); 7c431f9d-51bc-458b-a3a6-511ec217d887@group-21BA9BD4283D:t326, leader=null, voted=7c431f9d-51bc-458b-a3a6-511ec217d887, raftlog=7c431f9d-51bc-458b-a3a6-511ec217d887@group-21BA9BD4283D-SegmentedRaftLog:OPENED:c-1,f-1,i0, conf=-1: [67f35358-9777-4ff9-96f4-8a61bc3a94fe:192.168.34.62:37037, 7c431f9d-51bc-458b-a3a6-511ec217d887:192.168.34.62:40420, b9cfa588-8e56-4331-be2f-4c26f25c6739:192.168.34.62:34777], old=null
2019-10-17 06:48:15,791 [7c431f9d-51bc-458b-a3a6-511ec217d887@group-21BA9BD4283D-LeaderElection372] INFO  impl.RaftServerImpl (RaftServerImpl.java:setRole(184)) - 7c431f9d-51bc-458b-a3a6-511ec217d887@group-21BA9BD4283D: changes role from CANDIDATE to FOLLOWER at term 326 for DISCOVERED_A_NEW_TERM
2019-10-17 06:48:15,791 [7c431f9d-51bc-458b-a3a6-511ec217d887@group-21BA9BD4283D-LeaderElection372] INFO  impl.RoleInfo (RoleInfo.java:shutdownLeaderElection(134)) - 7c431f9d-51bc-458b-a3a6-511ec217d887: shutdown LeaderElection
2019-10-17 06:48:15,791 [7c431f9d-51bc-458b-a3a6-511ec217d887@group-21BA9BD4283D-LeaderElection372] INFO  impl.RoleInfo (RoleInfo.java:updateAndGet(143)) - 7c431f9d-51bc-458b-a3a6-511ec217d887: start FollowerState
2019-10-17 06:48:15,890 [Thread-3211] INFO  impl.FollowerState (FollowerState.java:run(108)) - 7c431f9d-51bc-458b-a3a6-511ec217d887@group-21BA9BD4283D-FollowerState: change to CANDIDATE, lastRpcTime:99ms, electionTimeout:99ms
2019-10-17 06:48:15,890 [Thread-3211] INFO  impl.RoleInfo (RoleInfo.java:shutdownFollowerState(121)) - 7c431f9d-51bc-458b-a3a6-511ec217d887: shutdown FollowerState
2019-10-17 06:48:15,890 [Thread-3211] INFO  impl.RaftServerImpl (RaftServerImpl.java:setRole(184)) - 7c431f9d-51bc-458b-a3a6-511ec217d887@group-21BA9BD4283D: changes role from  FOLLOWER to CANDIDATE at term 326 for changeToCandidate
2019-10-17 06:48:15,891 [Thread-3211] INFO  impl.RoleInfo (RoleInfo.java:updateAndGet(143)) - 7c431f9d-51bc-458b-a3a6-511ec217d887: start LeaderElection
2019-10-17 06:48:15,911 [7c431f9d-51bc-458b-a3a6-511ec217d887@group-21BA9BD4283D-LeaderElection373] INFO  impl.LeaderElection (LeaderElection.java:askForVotes(178)) - 7c431f9d-51bc-458b-a3a6-511ec217d887@group-21BA9BD4283D-LeaderElection373: begin an election at term 327 for -1: [67f35358-9777-4ff9-96f4-8a61bc3a94fe:192.168.34.62:37037, 7c431f9d-51bc-458b-a3a6-511ec217d887:192.168.34.62:40420, b9cfa588-8e56-4331-be2f-4c26f25c6739:192.168.34.62:34777], old=null
2019-10-17 06:48:15,913 [grpc-default-executor-3] INFO  impl.RaftServerImpl (RaftServerImpl.java:setRole(184)) - b9cfa588-8e56-4331-be2f-4c26f25c6739@group-21BA9BD4283D: changes role from  FOLLOWER to FOLLOWER at term 327 for recognizeCandidate:7c431f9d-51bc-458b-a3a6-511ec217d887
2019-10-17 06:48:15,913 [grpc-default-executor-3] INFO  impl.RoleInfo (RoleInfo.java:shutdownFollowerState(121)) - b9cfa588-8e56-4331-be2f-4c26f25c6739: shutdown FollowerState
2019-10-17 06:48:15,913 [grpc-default-executor-4] INFO  impl.RaftServerImpl (RaftServerImpl.java:setRole(184)) - 67f35358-9777-4ff9-96f4-8a61bc3a94fe@group-21BA9BD4283D: changes role from  FOLLOWER to FOLLOWER at term 327 for recognizeCandidate:7c431f9d-51bc-458b-a3a6-511ec217d887
2019-10-17 06:48:15,913 [Thread-3209] INFO  impl.FollowerState (FollowerState.java:run(117)) - b9cfa588-8e56-4331-be2f-4c26f25c6739@group-21BA9BD4283D-FollowerState was interrupted: java.lang.InterruptedException: sleep interrupted
2019-10-17 06:48:15,913 [grpc-default-executor-3] INFO  impl.RoleInfo (RoleInfo.java:updateAndGet(143)) - b9cfa588-8e56-4331-be2f-4c26f25c6739: start FollowerState
2019-10-17 06:48:15,913 [grpc-default-executor-4] INFO  impl.RoleInfo (RoleInfo.java:shutdownFollowerState(121)) - 67f35358-9777-4ff9-96f4-8a61bc3a94fe: shutdown FollowerState
2019-10-17 06:48:15,914 [Thread-3210] INFO  impl.FollowerState (FollowerState.java:run(117)) - 67f35358-9777-4ff9-96f4-8a61bc3a94fe@group-21BA9BD4283D-FollowerState was interrupted: java.lang.InterruptedException: sleep interrupted
2019-10-17 06:48:15,914 [grpc-default-executor-4] INFO  impl.RoleInfo (RoleInfo.java:updateAndGet(143)) - 67f35358-9777-4ff9-96f4-8a61bc3a94fe: start FollowerState
2019-10-17 06:48:15,948 [7c431f9d-51bc-458b-a3a6-511ec217d887@group-21BA9BD4283D-LeaderElection373] INFO  impl.LeaderElection (LeaderElection.java:logAndReturn(56)) - 7c431f9d-51bc-458b-a3a6-511ec217d887@group-21BA9BD4283D-LeaderElection373: Election REJECTED; received 2 response(s) [7c431f9d-51bc-458b-a3a6-511ec217d887<-67f35358-9777-4ff9-96f4-8a61bc3a94fe#0:FAIL-t327, 7c431f9d-51bc-458b-a3a6-511ec217d887<-b9cfa588-8e56-4331-be2f-4c26f25c6739#0:FAIL-t327] and 0 exception(s); 7c431f9d-51bc-458b-a3a6-511ec217d887@group-21BA9BD4283D:t327, leader=null, voted=7c431f9d-51bc-458b-a3a6-511ec217d887, raftlog=7c431f9d-51bc-458b-a3a6-511ec217d887@group-21BA9BD4283D-SegmentedRaftLog:OPENED:c-1,f-1,i0, conf=-1: [67f35358-9777-4ff9-96f4-8a61bc3a94fe:192.168.34.62:37037, 7c431f9d-51bc-458b-a3a6-511ec217d887:192.168.34.62:40420, b9cfa588-8e56-4331-be2f-4c26f25c6739:192.168.34.62:34777], old=null
2019-10-17 06:48:15,948 [7c431f9d-51bc-458b-a3a6-511ec217d887@group-21BA9BD4283D-LeaderElection373] INFO  impl.RaftServerImpl (RaftServerImpl.java:setRole(184)) - 7c431f9d-51bc-458b-a3a6-511ec217d887@group-21BA9BD4283D: changes role from CANDIDATE to FOLLOWER at term 327 for DISCOVERED_A_NEW_TERM
2019-10-17 06:48:15,948 [7c431f9d-51bc-458b-a3a6-511ec217d887@group-21BA9BD4283D-LeaderElection373] INFO  impl.RoleInfo (RoleInfo.java:shutdownLeaderElection(134)) - 7c431f9d-51bc-458b-a3a6-511ec217d887: shutdown LeaderElection
2019-10-17 06:48:15,948 [7c431f9d-51bc-458b-a3a6-511ec217d887@group-21BA9BD4283D-LeaderElection373] INFO  impl.RoleInfo (RoleInfo.java:updateAndGet(143)) - 7c431f9d-51bc-458b-a3a6-511ec217d887: start FollowerState
2019-10-17 06:48:15,949 [Thread-3217] INFO  impl.FollowerState (FollowerState.java:run(108)) - 7c431f9d-51bc-458b-a3a6-511ec217d887@group-21BA9BD4283D-FollowerState: change to CANDIDATE, lastRpcTime:1ms, electionTimeout:1ms
2019-10-17 06:48:15,949 [Thread-3217] INFO  impl.RoleInfo (RoleInfo.java:shutdownFollowerState(121)) - 7c431f9d-51bc-458b-a3a6-511ec217d887: shutdown FollowerState
2019-10-17 06:48:15,949 [Thread-3217] INFO  impl.RaftServerImpl (RaftServerImpl.java:setRole(184)) - 7c431f9d-51bc-458b-a3a6-511ec217d887@group-21BA9BD4283D: changes role from  FOLLOWER to CANDIDATE at term 327 for changeToCandidate
2019-10-17 06:48:15,950 [Thread-3217] INFO  impl.RoleInfo (RoleInfo.java:updateAndGet(143)) - 7c431f9d-51bc-458b-a3a6-511ec217d887: start LeaderElection
2019-10-17 06:48:15,973 [7c431f9d-51bc-458b-a3a6-511ec217d887@group-21BA9BD4283D-LeaderElection374] INFO  impl.LeaderElection (LeaderElection.java:askForVotes(178)) - 7c431f9d-51bc-458b-a3a6-511ec217d887@group-21BA9BD4283D-LeaderElection374: begin an election at term 328 for -1: [67f35358-9777-4ff9-96f4-8a61bc3a94fe:192.168.34.62:37037, 7c431f9d-51bc-458b-a3a6-511ec217d887:192.168.34.62:40420, b9cfa588-8e56-4331-be2f-4c26f25c6739:192.168.34.62:34777], old=null
2019-10-17 06:48:15,974 [grpc-default-executor-3] INFO  impl.RaftServerImpl (RaftServerImpl.java:setRole(184)) - 67f35358-9777-4ff9-96f4-8a61bc3a94fe@group-21BA9BD4283D: changes role from  FOLLOWER to FOLLOWER at term 328 for recognizeCandidate:7c431f9d-51bc-458b-a3a6-511ec217d887
2019-10-17 06:48:15,974 [grpc-default-executor-4] INFO  impl.RaftServerImpl (RaftServerImpl.java:setRole(184)) - b9cfa588-8e56-4331-be2f-4c26f25c6739@group-21BA9BD4283D: changes role from  FOLLOWER to FOLLOWER at term 328 for recognizeCandidate:7c431f9d-51bc-458b-a3a6-511ec217d887
2019-10-17 06:48:15,974 [grpc-default-executor-4] INFO  impl.RoleInfo (RoleInfo.java:shutdownFollowerState(121)) - b9cfa588-8e56-4331-be2f-4c26f25c6739: shutdown FollowerState
2019-10-17 06:48:15,974 [grpc-default-executor-3] INFO  impl.RoleInfo (RoleInfo.java:shutdownFollowerState(121)) - 67f35358-9777-4ff9-96f4-8a61bc3a94fe: shutdown FollowerState
2019-10-17 06:48:15,974 [Thread-3215] INFO  impl.FollowerState (FollowerState.java:run(117)) - b9cfa588-8e56-4331-be2f-4c26f25c6739@group-21BA9BD4283D-FollowerState was interrupted: java.lang.InterruptedException: sleep interrupted
2019-10-17 06:48:15,974 [grpc-default-executor-4] INFO  impl.RoleInfo (RoleInfo.java:updateAndGet(143)) - b9cfa588-8e56-4331-be2f-4c26f25c6739: start FollowerState
2019-10-17 06:48:15,974 [Thread-3216] INFO  impl.FollowerState (FollowerState.java:run(117)) - 67f35358-9777-4ff9-96f4-8a61bc3a94fe@group-21BA9BD4283D-FollowerState was interrupted: java.lang.InterruptedException: sleep interrupted
2019-10-17 06:48:15,974 [grpc-default-executor-3] INFO  impl.RoleInfo (RoleInfo.java:updateAndGet(143)) - 67f35358-9777-4ff9-96f4-8a61bc3a94fe: start FollowerState
2019-10-17 06:48:15,999 [7c431f9d-51bc-458b-a3a6-511ec217d887@group-21BA9BD4283D-LeaderElection374] INFO  impl.LeaderElection (LeaderElection.java:logAndReturn(56)) - 7c431f9d-51bc-458b-a3a6-511ec217d887@group-21BA9BD4283D-LeaderElection374: Election REJECTED; received 2 response(s) [7c431f9d-51bc-458b-a3a6-511ec217d887<-67f35358-9777-4ff9-96f4-8a61bc3a94fe#0:FAIL-t328, 7c431f9d-51bc-458b-a3a6-511ec217d887<-b9cfa588-8e56-4331-be2f-4c26f25c6739#0:FAIL-t328] and 0 exception(s); 7c431f9d-51bc-458b-a3a6-511ec217d887@group-21BA9BD4283D:t328, leader=null, voted=7c431f9d-51bc-458b-a3a6-511ec217d887, raftlog=7c431f9d-51bc-458b-a3a6-511ec217d887@group-21BA9BD4283D-SegmentedRaftLog:OPENED:c-1,f-1,i0, conf=-1: [67f35358-9777-4ff9-96f4-8a61bc3a94fe:192.168.34.62:37037, 7c431f9d-51bc-458b-a3a6-511ec217d887:192.168.34.62:40420, b9cfa588-8e56-4331-be2f-4c26f25c6739:192.168.34.62:34777], old=null
2019-10-17 06:48:15,999 [7c431f9d-51bc-458b-a3a6-511ec217d887@group-21BA9BD4283D-LeaderElection374] INFO  impl.RaftServerImpl (RaftServerImpl.java:setRole(184)) - 7c431f9d-51bc-458b-a3a6-511ec217d887@group-21BA9BD4283D: changes role from CANDIDATE to FOLLOWER at term 328 for DISCOVERED_A_NEW_TERM
2019-10-17 06:48:15,999 [7c431f9d-51bc-458b-a3a6-511ec217d887@group-21BA9BD4283D-LeaderElection374] INFO  impl.RoleInfo (RoleInfo.java:shutdownLeaderElection(134)) - 7c431f9d-51bc-458b-a3a6-511ec217d887: shutdown LeaderElection
2019-10-17 06:48:16,000 [7c431f9d-51bc-458b-a3a6-511ec217d887@group-21BA9BD4283D-LeaderElection374] INFO  impl.RoleInfo (RoleInfo.java:updateAndGet(143)) - 7c431f9d-51bc-458b-a3a6-511ec217d887: start FollowerState
2019-10-17 06:48:16,106 [main] INFO  ozone.MiniOzoneClusterImpl (MiniOzoneClusterImpl.java:lambda$waitForClusterToBeReady$2(164)) - Waiting for 1 number of pipelines out of 4, to report a leader.
2019-10-17 06:48:16,171 [Thread-3223] INFO  impl.FollowerState (FollowerState.java:run(108)) - 7c431f9d-51bc-458b-a3a6-511ec217d887@group-21BA9BD4283D-FollowerState: change to CANDIDATE, lastRpcTime:171ms, electionTimeout:171ms
2019-10-17 06:48:16,172 [Thread-3223] INFO  impl.RoleInfo (RoleInfo.java:shutdownFollowerState(121)) - 7c431f9d-51bc-458b-a3a6-511ec217d887: shutdown FollowerState
2019-10-17 06:48:16,172 [Thread-3223] INFO  impl.RaftServerImpl (RaftServerImpl.java:setRole(184)) - 7c431f9d-51bc-458b-a3a6-511ec217d887@group-21BA9BD4283D: changes role from  FOLLOWER to CANDIDATE at term 328 for changeToCandidate
2019-10-17 06:48:16,172 [Thread-3223] INFO  impl.RoleInfo (RoleInfo.java:updateAndGet(143)) - 7c431f9d-51bc-458b-a3a6-511ec217d887: start LeaderElection
2019-10-17 06:48:16,196 [7c431f9d-51bc-458b-a3a6-511ec217d887@group-21BA9BD4283D-LeaderElection375] INFO  impl.LeaderElection (LeaderElection.java:askForVotes(178)) - 7c431f9d-51bc-458b-a3a6-511ec217d887@group-21BA9BD4283D-LeaderElection375: begin an election at term 329 for -1: [67f35358-9777-4ff9-96f4-8a61bc3a94fe:192.168.34.62:37037, 7c431f9d-51bc-458b-a3a6-511ec217d887:192.168.34.62:40420, b9cfa588-8e56-4331-be2f-4c26f25c6739:192.168.34.62:34777], old=null
2019-10-17 06:48:16,198 [grpc-default-executor-4] INFO  impl.RaftServerImpl (RaftServerImpl.java:setRole(184)) - b9cfa588-8e56-4331-be2f-4c26f25c6739@group-21BA9BD4283D: changes role from  FOLLOWER to FOLLOWER at term 329 for recognizeCandidate:7c431f9d-51bc-458b-a3a6-511ec217d887
2019-10-17 06:48:16,198 [grpc-default-executor-3] INFO  impl.RaftServerImpl (RaftServerImpl.java:setRole(184)) - 67f35358-9777-4ff9-96f4-8a61bc3a94fe@group-21BA9BD4283D: changes role from  FOLLOWER to FOLLOWER at term 329 for recognizeCandidate:7c431f9d-51bc-458b-a3a6-511ec217d887
2019-10-17 06:48:16,198 [grpc-default-executor-3] INFO  impl.RoleInfo (RoleInfo.java:shutdownFollowerState(121)) - 67f35358-9777-4ff9-96f4-8a61bc3a94fe: shutdown FollowerState
2019-10-17 06:48:16,198 [grpc-default-executor-4] INFO  impl.RoleInfo (RoleInfo.java:shutdownFollowerState(121)) - b9cfa588-8e56-4331-be2f-4c26f25c6739: shutdown FollowerState
2019-10-17 06:48:16,199 [grpc-default-executor-4] INFO  impl.RoleInfo (RoleInfo.java:updateAndGet(143)) - b9cfa588-8e56-4331-be2f-4c26f25c6739: start FollowerState
2019-10-17 06:48:16,199 [Thread-3222] INFO  impl.FollowerState (FollowerState.java:run(117)) - 67f35358-9777-4ff9-96f4-8a61bc3a94fe@group-21BA9BD4283D-FollowerState was interrupted: java.lang.InterruptedException: sleep interrupted
2019-10-17 06:48:16,199 [grpc-default-executor-3] INFO  impl.RoleInfo (RoleInfo.java:updateAndGet(143)) - 67f35358-9777-4ff9-96f4-8a61bc3a94fe: start FollowerState
2019-10-17 06:48:16,199 [Thread-3221] INFO  impl.FollowerState (FollowerState.java:run(117)) - b9cfa588-8e56-4331-be2f-4c26f25c6739@group-21BA9BD4283D-FollowerState was interrupted: java.lang.InterruptedException: sleep interrupted
2019-10-17 06:48:16,214 [7c431f9d-51bc-458b-a3a6-511ec217d887@group-21BA9BD4283D-LeaderElection375] INFO  impl.LeaderElection (LeaderElection.java:logAndReturn(56)) - 7c431f9d-51bc-458b-a3a6-511ec217d887@group-21BA9BD4283D-LeaderElection375: Election REJECTED; received 2 response(s) [7c431f9d-51bc-458b-a3a6-511ec217d887<-67f35358-9777-4ff9-96f4-8a61bc3a94fe#0:FAIL-t329, 7c431f9d-51bc-458b-a3a6-511ec217d887<-b9cfa588-8e56-4331-be2f-4c26f25c6739#0:FAIL-t329] and 0 exception(s); 7c431f9d-51bc-458b-a3a6-511ec217d887@group-21BA9BD4283D:t329, leader=null, voted=7c431f9d-51bc-458b-a3a6-511ec217d887, raftlog=7c431f9d-51bc-458b-a3a6-511ec217d887@group-21BA9BD4283D-SegmentedRaftLog:OPENED:c-1,f-1,i0, conf=-1: [67f35358-9777-4ff9-96f4-8a61bc3a94fe:192.168.34.62:37037, 7c431f9d-51bc-458b-a3a6-511ec217d887:192.168.34.62:40420, b9cfa588-8e56-4331-be2f-4c26f25c6739:192.168.34.62:34777], old=null
2019-10-17 06:48:16,214 [7c431f9d-51bc-458b-a3a6-511ec217d887@group-21BA9BD4283D-LeaderElection375] INFO  impl.RaftServerImpl (RaftServerImpl.java:setRole(184)) - 7c431f9d-51bc-458b-a3a6-511ec217d887@group-21BA9BD4283D: changes role from CANDIDATE to FOLLOWER at term 329 for DISCOVERED_A_NEW_TERM
2019-10-17 06:48:16,214 [7c431f9d-51bc-458b-a3a6-511ec217d887@group-21BA9BD4283D-LeaderElection375] INFO  impl.RoleInfo (RoleInfo.java:shutdownLeaderElection(134)) - 7c431f9d-51bc-458b-a3a6-511ec217d887: shutdown LeaderElection
2019-10-17 06:48:16,214 [7c431f9d-51bc-458b-a3a6-511ec217d887@group-21BA9BD4283D-LeaderElection375] INFO  impl.RoleInfo (RoleInfo.java:updateAndGet(143)) - 7c431f9d-51bc-458b-a3a6-511ec217d887: start FollowerState
2019-10-17 06:48:16,329 [Thread-3229] INFO  impl.FollowerState (FollowerState.java:run(108)) - 7c431f9d-51bc-458b-a3a6-511ec217d887@group-21BA9BD4283D-FollowerState: change to CANDIDATE, lastRpcTime:115ms, electionTimeout:115ms
2019-10-17 06:48:16,329 [Thread-3229] INFO  impl.RoleInfo (RoleInfo.java:shutdownFollowerState(121)) - 7c431f9d-51bc-458b-a3a6-511ec217d887: shutdown FollowerState
2019-10-17 06:48:16,329 [Thread-3229] INFO  impl.RaftServerImpl (RaftServerImpl.java:setRole(184)) - 7c431f9d-51bc-458b-a3a6-511ec217d887@group-21BA9BD4283D: changes role from  FOLLOWER to CANDIDATE at term 329 for changeToCandidate
2019-10-17 06:48:16,330 [Thread-3229] INFO  impl.RoleInfo (RoleInfo.java:updateAndGet(143)) - 7c431f9d-51bc-458b-a3a6-511ec217d887: start LeaderElection
2019-10-17 06:48:16,362 [7c431f9d-51bc-458b-a3a6-511ec217d887@group-21BA9BD4283D-LeaderElection376] INFO  impl.LeaderElection (LeaderElection.java:askForVotes(178)) - 7c431f9d-51bc-458b-a3a6-511ec217d887@group-21BA9BD4283D-LeaderElection376: begin an election at term 330 for -1: [67f35358-9777-4ff9-96f4-8a61bc3a94fe:192.168.34.62:37037, 7c431f9d-51bc-458b-a3a6-511ec217d887:192.168.34.62:40420, b9cfa588-8e56-4331-be2f-4c26f25c6739:192.168.34.62:34777], old=null
2019-10-17 06:48:16,363 [grpc-default-executor-3] INFO  impl.RaftServerImpl (RaftServerImpl.java:setRole(184)) - b9cfa588-8e56-4331-be2f-4c26f25c6739@group-21BA9BD4283D: changes role from  FOLLOWER to FOLLOWER at term 330 for recognizeCandidate:7c431f9d-51bc-458b-a3a6-511ec217d887
2019-10-17 06:48:16,363 [grpc-default-executor-4] INFO  impl.RaftServerImpl (RaftServerImpl.java:setRole(184)) - 67f35358-9777-4ff9-96f4-8a61bc3a94fe@group-21BA9BD4283D: changes role from  FOLLOWER to FOLLOWER at term 330 for recognizeCandidate:7c431f9d-51bc-458b-a3a6-511ec217d887
2019-10-17 06:48:16,364 [grpc-default-executor-4] INFO  impl.RoleInfo (RoleInfo.java:shutdownFollowerState(121)) - 67f35358-9777-4ff9-96f4-8a61bc3a94fe: shutdown FollowerState
2019-10-17 06:48:16,363 [grpc-default-executor-3] INFO  impl.RoleInfo (RoleInfo.java:shutdownFollowerState(121)) - b9cfa588-8e56-4331-be2f-4c26f25c6739: shutdown FollowerState
2019-10-17 06:48:16,364 [Thread-3227] INFO  impl.FollowerState (FollowerState.java:run(117)) - 67f35358-9777-4ff9-96f4-8a61bc3a94fe@group-21BA9BD4283D-FollowerState was interrupted: java.lang.InterruptedException: sleep interrupted
2019-10-17 06:48:16,364 [grpc-default-executor-4] INFO  impl.RoleInfo (RoleInfo.java:updateAndGet(143)) - 67f35358-9777-4ff9-96f4-8a61bc3a94fe: start FollowerState
2019-10-17 06:48:16,364 [grpc-default-executor-3] INFO  impl.RoleInfo (RoleInfo.java:updateAndGet(143)) - b9cfa588-8e56-4331-be2f-4c26f25c6739: start FollowerState
2019-10-17 06:48:16,364 [Thread-3228] INFO  impl.FollowerState (FollowerState.java:run(117)) - b9cfa588-8e56-4331-be2f-4c26f25c6739@group-21BA9BD4283D-FollowerState was interrupted: java.lang.InterruptedException: sleep interrupted
2019-10-17 06:48:16,378 [7c431f9d-51bc-458b-a3a6-511ec217d887@group-21BA9BD4283D-LeaderElection376] INFO  impl.LeaderElection (LeaderElection.java:logAndReturn(56)) - 7c431f9d-51bc-458b-a3a6-511ec217d887@group-21BA9BD4283D-LeaderElection376: Election REJECTED; received 2 response(s) [7c431f9d-51bc-458b-a3a6-511ec217d887<-67f35358-9777-4ff9-96f4-8a61bc3a94fe#0:FAIL-t330, 7c431f9d-51bc-458b-a3a6-511ec217d887<-b9cfa588-8e56-4331-be2f-4c26f25c6739#0:FAIL-t330] and 0 exception(s); 7c431f9d-51bc-458b-a3a6-511ec217d887@group-21BA9BD4283D:t330, leader=null, voted=7c431f9d-51bc-458b-a3a6-511ec217d887, raftlog=7c431f9d-51bc-458b-a3a6-511ec217d887@group-21BA9BD4283D-SegmentedRaftLog:OPENED:c-1,f-1,i0, conf=-1: [67f35358-9777-4ff9-96f4-8a61bc3a94fe:192.168.34.62:37037, 7c431f9d-51bc-458b-a3a6-511ec217d887:192.168.34.62:40420, b9cfa588-8e56-4331-be2f-4c26f25c6739:192.168.34.62:34777], old=null
2019-10-17 06:48:16,378 [7c431f9d-51bc-458b-a3a6-511ec217d887@group-21BA9BD4283D-LeaderElection376] INFO  impl.RaftServerImpl (RaftServerImpl.java:setRole(184)) - 7c431f9d-51bc-458b-a3a6-511ec217d887@group-21BA9BD4283D: changes role from CANDIDATE to FOLLOWER at term 330 for DISCOVERED_A_NEW_TERM
2019-10-17 06:48:16,378 [7c431f9d-51bc-458b-a3a6-511ec217d887@group-21BA9BD4283D-LeaderElection376] INFO  impl.RoleInfo (RoleInfo.java:shutdownLeaderElection(134)) - 7c431f9d-51bc-458b-a3a6-511ec217d887: shutdown LeaderElection
2019-10-17 06:48:16,378 [7c431f9d-51bc-458b-a3a6-511ec217d887@group-21BA9BD4283D-LeaderElection376] INFO  impl.RoleInfo (RoleInfo.java:updateAndGet(143)) - 7c431f9d-51bc-458b-a3a6-511ec217d887: start FollowerState
2019-10-17 06:48:16,394 [Thread-3235] INFO  impl.FollowerState (FollowerState.java:run(108)) - 7c431f9d-51bc-458b-a3a6-511ec217d887@group-21BA9BD4283D-FollowerState: change to CANDIDATE, lastRpcTime:15ms, electionTimeout:15ms
2019-10-17 06:48:16,394 [Thread-3235] INFO  impl.RoleInfo (RoleInfo.java:shutdownFollowerState(121)) - 7c431f9d-51bc-458b-a3a6-511ec217d887: shutdown FollowerState
2019-10-17 06:48:16,394 [Thread-3235] INFO  impl.RaftServerImpl (RaftServerImpl.java:setRole(184)) - 7c431f9d-51bc-458b-a3a6-511ec217d887@group-21BA9BD4283D: changes role from  FOLLOWER to CANDIDATE at term 330 for changeToCandidate
2019-10-17 06:48:16,394 [Thread-3235] INFO  impl.RoleInfo (RoleInfo.java:updateAndGet(143)) - 7c431f9d-51bc-458b-a3a6-511ec217d887: start LeaderElection
2019-10-17 06:48:16,417 [7c431f9d-51bc-458b-a3a6-511ec217d887@group-21BA9BD4283D-LeaderElection377] INFO  impl.LeaderElection (LeaderElection.java:askForVotes(178)) - 7c431f9d-51bc-458b-a3a6-511ec217d887@group-21BA9BD4283D-LeaderElection377: begin an election at term 331 for -1: [67f35358-9777-4ff9-96f4-8a61bc3a94fe:192.168.34.62:37037, 7c431f9d-51bc-458b-a3a6-511ec217d887:192.168.34.62:40420, b9cfa588-8e56-4331-be2f-4c26f25c6739:192.168.34.62:34777], old=null
2019-10-17 06:48:16,419 [grpc-default-executor-3] INFO  impl.RaftServerImpl (RaftServerImpl.java:setRole(184)) - b9cfa588-8e56-4331-be2f-4c26f25c6739@group-21BA9BD4283D: changes role from  FOLLOWER to FOLLOWER at term 331 for recognizeCandidate:7c431f9d-51bc-458b-a3a6-511ec217d887
2019-10-17 06:48:16,419 [grpc-default-executor-4] INFO  impl.RaftServerImpl (RaftServerImpl.java:setRole(184)) - 67f35358-9777-4ff9-96f4-8a61bc3a94fe@group-21BA9BD4283D: changes role from  FOLLOWER to FOLLOWER at term 331 for recognizeCandidate:7c431f9d-51bc-458b-a3a6-511ec217d887
2019-10-17 06:48:16,419 [grpc-default-executor-4] INFO  impl.RoleInfo (RoleInfo.java:shutdownFollowerState(121)) - 67f35358-9777-4ff9-96f4-8a61bc3a94fe: shutdown FollowerState
2019-10-17 06:48:16,419 [grpc-default-executor-3] INFO  impl.RoleInfo (RoleInfo.java:shutdownFollowerState(121)) - b9cfa588-8e56-4331-be2f-4c26f25c6739: shutdown FollowerState
2019-10-17 06:48:16,419 [Thread-3233] INFO  impl.FollowerState (FollowerState.java:run(117)) - 67f35358-9777-4ff9-96f4-8a61bc3a94fe@group-21BA9BD4283D-FollowerState was interrupted: java.lang.InterruptedException: sleep interrupted
2019-10-17 06:48:16,419 [Thread-3234] INFO  impl.FollowerState (FollowerState.java:run(117)) - b9cfa588-8e56-4331-be2f-4c26f25c6739@group-21BA9BD4283D-FollowerState was interrupted: java.lang.InterruptedException: sleep interrupted
2019-10-17 06:48:16,419 [grpc-default-executor-3] INFO  impl.RoleInfo (RoleInfo.java:updateAndGet(143)) - b9cfa588-8e56-4331-be2f-4c26f25c6739: start FollowerState
2019-10-17 06:48:16,419 [grpc-default-executor-4] INFO  impl.RoleInfo (RoleInfo.java:updateAndGet(143)) - 67f35358-9777-4ff9-96f4-8a61bc3a94fe: start FollowerState
2019-10-17 06:48:16,433 [7c431f9d-51bc-458b-a3a6-511ec217d887@group-21BA9BD4283D-LeaderElection377] INFO  impl.LeaderElection (LeaderElection.java:logAndReturn(56)) - 7c431f9d-51bc-458b-a3a6-511ec217d887@group-21BA9BD4283D-LeaderElection377: Election REJECTED; received 2 response(s) [7c431f9d-51bc-458b-a3a6-511ec217d887<-67f35358-9777-4ff9-96f4-8a61bc3a94fe#0:FAIL-t331, 7c431f9d-51bc-458b-a3a6-511ec217d887<-b9cfa588-8e56-4331-be2f-4c26f25c6739#0:FAIL-t331] and 0 exception(s); 7c431f9d-51bc-458b-a3a6-511ec217d887@group-21BA9BD4283D:t331, leader=null, voted=7c431f9d-51bc-458b-a3a6-511ec217d887, raftlog=7c431f9d-51bc-458b-a3a6-511ec217d887@group-21BA9BD4283D-SegmentedRaftLog:OPENED:c-1,f-1,i0, conf=-1: [67f35358-9777-4ff9-96f4-8a61bc3a94fe:192.168.34.62:37037, 7c431f9d-51bc-458b-a3a6-511ec217d887:192.168.34.62:40420, b9cfa588-8e56-4331-be2f-4c26f25c6739:192.168.34.62:34777], old=null
2019-10-17 06:48:16,433 [7c431f9d-51bc-458b-a3a6-511ec217d887@group-21BA9BD4283D-LeaderElection377] INFO  impl.RaftServerImpl (RaftServerImpl.java:setRole(184)) - 7c431f9d-51bc-458b-a3a6-511ec217d887@group-21BA9BD4283D: changes role from CANDIDATE to FOLLOWER at term 331 for DISCOVERED_A_NEW_TERM
2019-10-17 06:48:16,433 [7c431f9d-51bc-458b-a3a6-511ec217d887@group-21BA9BD4283D-LeaderElection377] INFO  impl.RoleInfo (RoleInfo.java:shutdownLeaderElection(134)) - 7c431f9d-51bc-458b-a3a6-511ec217d887: shutdown LeaderElection
2019-10-17 06:48:16,433 [7c431f9d-51bc-458b-a3a6-511ec217d887@group-21BA9BD4283D-LeaderElection377] INFO  impl.RoleInfo (RoleInfo.java:updateAndGet(143)) - 7c431f9d-51bc-458b-a3a6-511ec217d887: start FollowerState
2019-10-17 06:48:16,595 [Thread-3241] INFO  impl.FollowerState (FollowerState.java:run(108)) - 7c431f9d-51bc-458b-a3a6-511ec217d887@group-21BA9BD4283D-FollowerState: change to CANDIDATE, lastRpcTime:162ms, electionTimeout:162ms
2019-10-17 06:48:16,595 [Thread-3241] INFO  impl.RoleInfo (RoleInfo.java:shutdownFollowerState(121)) - 7c431f9d-51bc-458b-a3a6-511ec217d887: shutdown FollowerState
2019-10-17 06:48:16,595 [Thread-3241] INFO  impl.RaftServerImpl (RaftServerImpl.java:setRole(184)) - 7c431f9d-51bc-458b-a3a6-511ec217d887@group-21BA9BD4283D: changes role from  FOLLOWER to CANDIDATE at term 331 for changeToCandidate
2019-10-17 06:48:16,596 [Thread-3241] INFO  impl.RoleInfo (RoleInfo.java:updateAndGet(143)) - 7c431f9d-51bc-458b-a3a6-511ec217d887: start LeaderElection
2019-10-17 06:48:16,619 [7c431f9d-51bc-458b-a3a6-511ec217d887@group-21BA9BD4283D-LeaderElection378] INFO  impl.LeaderElection (LeaderElection.java:askForVotes(178)) - 7c431f9d-51bc-458b-a3a6-511ec217d887@group-21BA9BD4283D-LeaderElection378: begin an election at term 332 for -1: [67f35358-9777-4ff9-96f4-8a61bc3a94fe:192.168.34.62:37037, 7c431f9d-51bc-458b-a3a6-511ec217d887:192.168.34.62:40420, b9cfa588-8e56-4331-be2f-4c26f25c6739:192.168.34.62:34777], old=null
2019-10-17 06:48:16,620 [grpc-default-executor-4] INFO  impl.RaftServerImpl (RaftServerImpl.java:setRole(184)) - b9cfa588-8e56-4331-be2f-4c26f25c6739@group-21BA9BD4283D: changes role from  FOLLOWER to FOLLOWER at term 332 for recognizeCandidate:7c431f9d-51bc-458b-a3a6-511ec217d887
2019-10-17 06:48:16,620 [grpc-default-executor-3] INFO  impl.RaftServerImpl (RaftServerImpl.java:setRole(184)) - 67f35358-9777-4ff9-96f4-8a61bc3a94fe@group-21BA9BD4283D: changes role from  FOLLOWER to FOLLOWER at term 332 for recognizeCandidate:7c431f9d-51bc-458b-a3a6-511ec217d887
2019-10-17 06:48:16,621 [grpc-default-executor-3] INFO  impl.RoleInfo (RoleInfo.java:shutdownFollowerState(121)) - 67f35358-9777-4ff9-96f4-8a61bc3a94fe: shutdown FollowerState
2019-10-17 06:48:16,621 [grpc-default-executor-4] INFO  impl.RoleInfo (RoleInfo.java:shutdownFollowerState(121)) - b9cfa588-8e56-4331-be2f-4c26f25c6739: shutdown FollowerState
2019-10-17 06:48:16,621 [Thread-3239] INFO  impl.FollowerState (FollowerState.java:run(117)) - 67f35358-9777-4ff9-96f4-8a61bc3a94fe@group-21BA9BD4283D-FollowerState was interrupted: java.lang.InterruptedException: sleep interrupted
2019-10-17 06:48:16,621 [grpc-default-executor-3] INFO  impl.RoleInfo (RoleInfo.java:updateAndGet(143)) - 67f35358-9777-4ff9-96f4-8a61bc3a94fe: start FollowerState
2019-10-17 06:48:16,621 [Thread-3240] INFO  impl.FollowerState (FollowerState.java:run(117)) - b9cfa588-8e56-4331-be2f-4c26f25c6739@group-21BA9BD4283D-FollowerState was interrupted: java.lang.InterruptedException: sleep interrupted
2019-10-17 06:48:16,621 [grpc-default-executor-4] INFO  impl.RoleInfo (RoleInfo.java:updateAndGet(143)) - b9cfa588-8e56-4331-be2f-4c26f25c6739: start FollowerState
2019-10-17 06:48:16,655 [7c431f9d-51bc-458b-a3a6-511ec217d887@group-21BA9BD4283D-LeaderElection378] INFO  impl.LeaderElection (LeaderElection.java:logAndReturn(56)) - 7c431f9d-51bc-458b-a3a6-511ec217d887@group-21BA9BD4283D-LeaderElection378: Election REJECTED; received 2 response(s) [7c431f9d-51bc-458b-a3a6-511ec217d887<-67f35358-9777-4ff9-96f4-8a61bc3a94fe#0:FAIL-t332, 7c431f9d-51bc-458b-a3a6-511ec217d887<-b9cfa588-8e56-4331-be2f-4c26f25c6739#0:FAIL-t332] and 0 exception(s); 7c431f9d-51bc-458b-a3a6-511ec217d887@group-21BA9BD4283D:t332, leader=null, voted=7c431f9d-51bc-458b-a3a6-511ec217d887, raftlog=7c431f9d-51bc-458b-a3a6-511ec217d887@group-21BA9BD4283D-SegmentedRaftLog:OPENED:c-1,f-1,i0, conf=-1: [67f35358-9777-4ff9-96f4-8a61bc3a94fe:192.168.34.62:37037, 7c431f9d-51bc-458b-a3a6-511ec217d887:192.168.34.62:40420, b9cfa588-8e56-4331-be2f-4c26f25c6739:192.168.34.62:34777], old=null
2019-10-17 06:48:16,655 [7c431f9d-51bc-458b-a3a6-511ec217d887@group-21BA9BD4283D-LeaderElection378] INFO  impl.RaftServerImpl (RaftServerImpl.java:setRole(184)) - 7c431f9d-51bc-458b-a3a6-511ec217d887@group-21BA9BD4283D: changes role from CANDIDATE to FOLLOWER at term 332 for DISCOVERED_A_NEW_TERM
2019-10-17 06:48:16,655 [7c431f9d-51bc-458b-a3a6-511ec217d887@group-21BA9BD4283D-LeaderElection378] INFO  impl.RoleInfo (RoleInfo.java:shutdownLeaderElection(134)) - 7c431f9d-51bc-458b-a3a6-511ec217d887: shutdown LeaderElection
2019-10-17 06:48:16,655 [7c431f9d-51bc-458b-a3a6-511ec217d887@group-21BA9BD4283D-LeaderElection378] INFO  impl.RoleInfo (RoleInfo.java:updateAndGet(143)) - 7c431f9d-51bc-458b-a3a6-511ec217d887: start FollowerState
2019-10-17 06:48:16,798 [Thread-3247] INFO  impl.FollowerState (FollowerState.java:run(108)) - 7c431f9d-51bc-458b-a3a6-511ec217d887@group-21BA9BD4283D-FollowerState: change to CANDIDATE, lastRpcTime:143ms, electionTimeout:143ms
2019-10-17 06:48:16,799 [Thread-3247] INFO  impl.RoleInfo (RoleInfo.java:shutdownFollowerState(121)) - 7c431f9d-51bc-458b-a3a6-511ec217d887: shutdown FollowerState
2019-10-17 06:48:16,799 [Thread-3247] INFO  impl.RaftServerImpl (RaftServerImpl.java:setRole(184)) - 7c431f9d-51bc-458b-a3a6-511ec217d887@group-21BA9BD4283D: changes role from  FOLLOWER to CANDIDATE at term 332 for changeToCandidate
2019-10-17 06:48:16,799 [Thread-3247] INFO  impl.RoleInfo (RoleInfo.java:updateAndGet(143)) - 7c431f9d-51bc-458b-a3a6-511ec217d887: start LeaderElection
2019-10-17 06:48:16,830 [7c431f9d-51bc-458b-a3a6-511ec217d887@group-21BA9BD4283D-LeaderElection379] INFO  impl.LeaderElection (LeaderElection.java:askForVotes(178)) - 7c431f9d-51bc-458b-a3a6-511ec217d887@group-21BA9BD4283D-LeaderElection379: begin an election at term 333 for -1: [67f35358-9777-4ff9-96f4-8a61bc3a94fe:192.168.34.62:37037, 7c431f9d-51bc-458b-a3a6-511ec217d887:192.168.34.62:40420, b9cfa588-8e56-4331-be2f-4c26f25c6739:192.168.34.62:34777], old=null
2019-10-17 06:48:16,831 [grpc-default-executor-3] INFO  impl.RaftServerImpl (RaftServerImpl.java:setRole(184)) - 67f35358-9777-4ff9-96f4-8a61bc3a94fe@group-21BA9BD4283D: changes role from  FOLLOWER to FOLLOWER at term 333 for recognizeCandidate:7c431f9d-51bc-458b-a3a6-511ec217d887
2019-10-17 06:48:16,832 [grpc-default-executor-3] INFO  impl.RoleInfo (RoleInfo.java:shutdownFollowerState(121)) - 67f35358-9777-4ff9-96f4-8a61bc3a94fe: shutdown FollowerState
2019-10-17 06:48:16,831 [grpc-default-executor-4] INFO  impl.RaftServerImpl (RaftServerImpl.java:setRole(184)) - b9cfa588-8e56-4331-be2f-4c26f25c6739@group-21BA9BD4283D: changes role from  FOLLOWER to FOLLOWER at term 333 for recognizeCandidate:7c431f9d-51bc-458b-a3a6-511ec217d887
2019-10-17 06:48:16,832 [Thread-3245] INFO  impl.FollowerState (FollowerState.java:run(117)) - 67f35358-9777-4ff9-96f4-8a61bc3a94fe@group-21BA9BD4283D-FollowerState was interrupted: java.lang.InterruptedException: sleep interrupted
2019-10-17 06:48:16,832 [grpc-default-executor-3] INFO  impl.RoleInfo (RoleInfo.java:updateAndGet(143)) - 67f35358-9777-4ff9-96f4-8a61bc3a94fe: start FollowerState
2019-10-17 06:48:16,832 [grpc-default-executor-4] INFO  impl.RoleInfo (RoleInfo.java:shutdownFollowerState(121)) - b9cfa588-8e56-4331-be2f-4c26f25c6739: shutdown FollowerState
2019-10-17 06:48:16,832 [grpc-default-executor-4] INFO  impl.RoleInfo (RoleInfo.java:updateAndGet(143)) - b9cfa588-8e56-4331-be2f-4c26f25c6739: start FollowerState
2019-10-17 06:48:16,832 [Thread-3246] INFO  impl.FollowerState (FollowerState.java:run(117)) - b9cfa588-8e56-4331-be2f-4c26f25c6739@group-21BA9BD4283D-FollowerState was interrupted: java.lang.InterruptedException: sleep interrupted
2019-10-17 06:48:16,846 [7c431f9d-51bc-458b-a3a6-511ec217d887@group-21BA9BD4283D-LeaderElection379] INFO  impl.LeaderElection (LeaderElection.java:logAndReturn(56)) - 7c431f9d-51bc-458b-a3a6-511ec217d887@group-21BA9BD4283D-LeaderElection379: Election REJECTED; received 2 response(s) [7c431f9d-51bc-458b-a3a6-511ec217d887<-67f35358-9777-4ff9-96f4-8a61bc3a94fe#0:FAIL-t333, 7c431f9d-51bc-458b-a3a6-511ec217d887<-b9cfa588-8e56-4331-be2f-4c26f25c6739#0:FAIL-t333] and 0 exception(s); 7c431f9d-51bc-458b-a3a6-511ec217d887@group-21BA9BD4283D:t333, leader=null, voted=7c431f9d-51bc-458b-a3a6-511ec217d887, raftlog=7c431f9d-51bc-458b-a3a6-511ec217d887@group-21BA9BD4283D-SegmentedRaftLog:OPENED:c-1,f-1,i0, conf=-1: [67f35358-9777-4ff9-96f4-8a61bc3a94fe:192.168.34.62:37037, 7c431f9d-51bc-458b-a3a6-511ec217d887:192.168.34.62:40420, b9cfa588-8e56-4331-be2f-4c26f25c6739:192.168.34.62:34777], old=null
2019-10-17 06:48:16,846 [7c431f9d-51bc-458b-a3a6-511ec217d887@group-21BA9BD4283D-LeaderElection379] INFO  impl.RaftServerImpl (RaftServerImpl.java:setRole(184)) - 7c431f9d-51bc-458b-a3a6-511ec217d887@group-21BA9BD4283D: changes role from CANDIDATE to FOLLOWER at term 333 for DISCOVERED_A_NEW_TERM
2019-10-17 06:48:16,846 [7c431f9d-51bc-458b-a3a6-511ec217d887@group-21BA9BD4283D-LeaderElection379] INFO  impl.RoleInfo (RoleInfo.java:shutdownLeaderElection(134)) - 7c431f9d-51bc-458b-a3a6-511ec217d887: shutdown LeaderElection
2019-10-17 06:48:16,846 [7c431f9d-51bc-458b-a3a6-511ec217d887@group-21BA9BD4283D-LeaderElection379] INFO  impl.RoleInfo (RoleInfo.java:updateAndGet(143)) - 7c431f9d-51bc-458b-a3a6-511ec217d887: start FollowerState
2019-10-17 06:48:16,882 [Thread-3253] INFO  impl.FollowerState (FollowerState.java:run(108)) - 7c431f9d-51bc-458b-a3a6-511ec217d887@group-21BA9BD4283D-FollowerState: change to CANDIDATE, lastRpcTime:35ms, electionTimeout:35ms
2019-10-17 06:48:16,882 [Thread-3253] INFO  impl.RoleInfo (RoleInfo.java:shutdownFollowerState(121)) - 7c431f9d-51bc-458b-a3a6-511ec217d887: shutdown FollowerState
2019-10-17 06:48:16,882 [Thread-3253] INFO  impl.RaftServerImpl (RaftServerImpl.java:setRole(184)) - 7c431f9d-51bc-458b-a3a6-511ec217d887@group-21BA9BD4283D: changes role from  FOLLOWER to CANDIDATE at term 333 for changeToCandidate
2019-10-17 06:48:16,882 [Thread-3253] INFO  impl.RoleInfo (RoleInfo.java:updateAndGet(143)) - 7c431f9d-51bc-458b-a3a6-511ec217d887: start LeaderElection
2019-10-17 06:48:16,896 [7c431f9d-51bc-458b-a3a6-511ec217d887@group-21BA9BD4283D-LeaderElection380] INFO  impl.LeaderElection (LeaderElection.java:askForVotes(178)) - 7c431f9d-51bc-458b-a3a6-511ec217d887@group-21BA9BD4283D-LeaderElection380: begin an election at term 334 for -1: [67f35358-9777-4ff9-96f4-8a61bc3a94fe:192.168.34.62:37037, 7c431f9d-51bc-458b-a3a6-511ec217d887:192.168.34.62:40420, b9cfa588-8e56-4331-be2f-4c26f25c6739:192.168.34.62:34777], old=null
2019-10-17 06:48:16,897 [grpc-default-executor-3] INFO  impl.RaftServerImpl (RaftServerImpl.java:setRole(184)) - 67f35358-9777-4ff9-96f4-8a61bc3a94fe@group-21BA9BD4283D: changes role from  FOLLOWER to FOLLOWER at term 334 for recognizeCandidate:7c431f9d-51bc-458b-a3a6-511ec217d887
2019-10-17 06:48:16,897 [grpc-default-executor-3] INFO  impl.RoleInfo (RoleInfo.java:shutdownFollowerState(121)) - 67f35358-9777-4ff9-96f4-8a61bc3a94fe: shutdown FollowerState
2019-10-17 06:48:16,897 [grpc-default-executor-4] INFO  impl.RaftServerImpl (RaftServerImpl.java:setRole(184)) - b9cfa588-8e56-4331-be2f-4c26f25c6739@group-21BA9BD4283D: changes role from  FOLLOWER to FOLLOWER at term 334 for recognizeCandidate:7c431f9d-51bc-458b-a3a6-511ec217d887
2019-10-17 06:48:16,898 [Thread-3251] INFO  impl.FollowerState (FollowerState.java:run(117)) - 67f35358-9777-4ff9-96f4-8a61bc3a94fe@group-21BA9BD4283D-FollowerState was interrupted: java.lang.InterruptedException: sleep interrupted
2019-10-17 06:48:16,897 [grpc-default-executor-3] INFO  impl.RoleInfo (RoleInfo.java:updateAndGet(143)) - 67f35358-9777-4ff9-96f4-8a61bc3a94fe: start FollowerState
2019-10-17 06:48:16,898 [grpc-default-executor-4] INFO  impl.RoleInfo (RoleInfo.java:shutdownFollowerState(121)) - b9cfa588-8e56-4331-be2f-4c26f25c6739: shutdown FollowerState
2019-10-17 06:48:16,898 [Thread-3252] INFO  impl.FollowerState (FollowerState.java:run(117)) - b9cfa588-8e56-4331-be2f-4c26f25c6739@group-21BA9BD4283D-FollowerState was interrupted: java.lang.InterruptedException: sleep interrupted
2019-10-17 06:48:16,898 [grpc-default-executor-4] INFO  impl.RoleInfo (RoleInfo.java:updateAndGet(143)) - b9cfa588-8e56-4331-be2f-4c26f25c6739: start FollowerState
2019-10-17 06:48:16,917 [7c431f9d-51bc-458b-a3a6-511ec217d887@group-21BA9BD4283D-LeaderElection380] INFO  impl.LeaderElection (LeaderElection.java:logAndReturn(56)) - 7c431f9d-51bc-458b-a3a6-511ec217d887@group-21BA9BD4283D-LeaderElection380: Election REJECTED; received 2 response(s) [7c431f9d-51bc-458b-a3a6-511ec217d887<-67f35358-9777-4ff9-96f4-8a61bc3a94fe#0:FAIL-t334, 7c431f9d-51bc-458b-a3a6-511ec217d887<-b9cfa588-8e56-4331-be2f-4c26f25c6739#0:FAIL-t334] and 0 exception(s); 7c431f9d-51bc-458b-a3a6-511ec217d887@group-21BA9BD4283D:t334, leader=null, voted=7c431f9d-51bc-458b-a3a6-511ec217d887, raftlog=7c431f9d-51bc-458b-a3a6-511ec217d887@group-21BA9BD4283D-SegmentedRaftLog:OPENED:c-1,f-1,i0, conf=-1: [67f35358-9777-4ff9-96f4-8a61bc3a94fe:192.168.34.62:37037, 7c431f9d-51bc-458b-a3a6-511ec217d887:192.168.34.62:40420, b9cfa588-8e56-4331-be2f-4c26f25c6739:192.168.34.62:34777], old=null
2019-10-17 06:48:16,918 [7c431f9d-51bc-458b-a3a6-511ec217d887@group-21BA9BD4283D-LeaderElection380] INFO  impl.RaftServerImpl (RaftServerImpl.java:setRole(184)) - 7c431f9d-51bc-458b-a3a6-511ec217d887@group-21BA9BD4283D: changes role from CANDIDATE to FOLLOWER at term 334 for DISCOVERED_A_NEW_TERM
2019-10-17 06:48:16,918 [7c431f9d-51bc-458b-a3a6-511ec217d887@group-21BA9BD4283D-LeaderElection380] INFO  impl.RoleInfo (RoleInfo.java:shutdownLeaderElection(134)) - 7c431f9d-51bc-458b-a3a6-511ec217d887: shutdown LeaderElection
2019-10-17 06:48:16,918 [7c431f9d-51bc-458b-a3a6-511ec217d887@group-21BA9BD4283D-LeaderElection380] INFO  impl.RoleInfo (RoleInfo.java:updateAndGet(143)) - 7c431f9d-51bc-458b-a3a6-511ec217d887: start FollowerState
2019-10-17 06:48:16,992 [Thread-3259] INFO  impl.FollowerState (FollowerState.java:run(108)) - 7c431f9d-51bc-458b-a3a6-511ec217d887@group-21BA9BD4283D-FollowerState: change to CANDIDATE, lastRpcTime:74ms, electionTimeout:74ms
2019-10-17 06:48:16,992 [Thread-3259] INFO  impl.RoleInfo (RoleInfo.java:shutdownFollowerState(121)) - 7c431f9d-51bc-458b-a3a6-511ec217d887: shutdown FollowerState
2019-10-17 06:48:16,992 [Thread-3259] INFO  impl.RaftServerImpl (RaftServerImpl.java:setRole(184)) - 7c431f9d-51bc-458b-a3a6-511ec217d887@group-21BA9BD4283D: changes role from  FOLLOWER to CANDIDATE at term 334 for changeToCandidate
2019-10-17 06:48:16,992 [Thread-3259] INFO  impl.RoleInfo (RoleInfo.java:updateAndGet(143)) - 7c431f9d-51bc-458b-a3a6-511ec217d887: start LeaderElection
2019-10-17 06:48:17,007 [7c431f9d-51bc-458b-a3a6-511ec217d887@group-21BA9BD4283D-LeaderElection381] INFO  impl.LeaderElection (LeaderElection.java:askForVotes(178)) - 7c431f9d-51bc-458b-a3a6-511ec217d887@group-21BA9BD4283D-LeaderElection381: begin an election at term 335 for -1: [67f35358-9777-4ff9-96f4-8a61bc3a94fe:192.168.34.62:37037, 7c431f9d-51bc-458b-a3a6-511ec217d887:192.168.34.62:40420, b9cfa588-8e56-4331-be2f-4c26f25c6739:192.168.34.62:34777], old=null
2019-10-17 06:48:17,008 [grpc-default-executor-3] INFO  impl.RaftServerImpl (RaftServerImpl.java:setRole(184)) - b9cfa588-8e56-4331-be2f-4c26f25c6739@group-21BA9BD4283D: changes role from  FOLLOWER to FOLLOWER at term 335 for recognizeCandidate:7c431f9d-51bc-458b-a3a6-511ec217d887
2019-10-17 06:48:17,009 [grpc-default-executor-3] INFO  impl.RoleInfo (RoleInfo.java:shutdownFollowerState(121)) - b9cfa588-8e56-4331-be2f-4c26f25c6739: shutdown FollowerState
2019-10-17 06:48:17,009 [grpc-default-executor-4] INFO  impl.RaftServerImpl (RaftServerImpl.java:setRole(184)) - 67f35358-9777-4ff9-96f4-8a61bc3a94fe@group-21BA9BD4283D: changes role from  FOLLOWER to FOLLOWER at term 335 for recognizeCandidate:7c431f9d-51bc-458b-a3a6-511ec217d887
2019-10-17 06:48:17,009 [grpc-default-executor-4] INFO  impl.RoleInfo (RoleInfo.java:shutdownFollowerState(121)) - 67f35358-9777-4ff9-96f4-8a61bc3a94fe: shutdown FollowerState
2019-10-17 06:48:17,009 [Thread-3258] INFO  impl.FollowerState (FollowerState.java:run(117)) - b9cfa588-8e56-4331-be2f-4c26f25c6739@group-21BA9BD4283D-FollowerState was interrupted: java.lang.InterruptedException: sleep interrupted
2019-10-17 06:48:17,009 [grpc-default-executor-3] INFO  impl.RoleInfo (RoleInfo.java:updateAndGet(143)) - b9cfa588-8e56-4331-be2f-4c26f25c6739: start FollowerState
2019-10-17 06:48:17,009 [Thread-3257] INFO  impl.FollowerState (FollowerState.java:run(117)) - 67f35358-9777-4ff9-96f4-8a61bc3a94fe@group-21BA9BD4283D-FollowerState was interrupted: java.lang.InterruptedException: sleep interrupted
2019-10-17 06:48:17,009 [grpc-default-executor-4] INFO  impl.RoleInfo (RoleInfo.java:updateAndGet(143)) - 67f35358-9777-4ff9-96f4-8a61bc3a94fe: start FollowerState
2019-10-17 06:48:17,043 [7c431f9d-51bc-458b-a3a6-511ec217d887@group-21BA9BD4283D-LeaderElection381] INFO  impl.LeaderElection (LeaderElection.java:logAndReturn(56)) - 7c431f9d-51bc-458b-a3a6-511ec217d887@group-21BA9BD4283D-LeaderElection381: Election REJECTED; received 2 response(s) [7c431f9d-51bc-458b-a3a6-511ec217d887<-67f35358-9777-4ff9-96f4-8a61bc3a94fe#0:FAIL-t335, 7c431f9d-51bc-458b-a3a6-511ec217d887<-b9cfa588-8e56-4331-be2f-4c26f25c6739#0:FAIL-t335] and 0 exception(s); 7c431f9d-51bc-458b-a3a6-511ec217d887@group-21BA9BD4283D:t335, leader=null, voted=7c431f9d-51bc-458b-a3a6-511ec217d887, raftlog=7c431f9d-51bc-458b-a3a6-511ec217d887@group-21BA9BD4283D-SegmentedRaftLog:OPENED:c-1,f-1,i0, conf=-1: [67f35358-9777-4ff9-96f4-8a61bc3a94fe:192.168.34.62:37037, 7c431f9d-51bc-458b-a3a6-511ec217d887:192.168.34.62:40420, b9cfa588-8e56-4331-be2f-4c26f25c6739:192.168.34.62:34777], old=null
2019-10-17 06:48:17,043 [7c431f9d-51bc-458b-a3a6-511ec217d887@group-21BA9BD4283D-LeaderElection381] INFO  impl.RaftServerImpl (RaftServerImpl.java:setRole(184)) - 7c431f9d-51bc-458b-a3a6-511ec217d887@group-21BA9BD4283D: changes role from CANDIDATE to FOLLOWER at term 335 for DISCOVERED_A_NEW_TERM
2019-10-17 06:48:17,043 [7c431f9d-51bc-458b-a3a6-511ec217d887@group-21BA9BD4283D-LeaderElection381] INFO  impl.RoleInfo (RoleInfo.java:shutdownLeaderElection(134)) - 7c431f9d-51bc-458b-a3a6-511ec217d887: shutdown LeaderElection
2019-10-17 06:48:17,043 [7c431f9d-51bc-458b-a3a6-511ec217d887@group-21BA9BD4283D-LeaderElection381] INFO  impl.RoleInfo (RoleInfo.java:updateAndGet(143)) - 7c431f9d-51bc-458b-a3a6-511ec217d887: start FollowerState
2019-10-17 06:48:17,084 [Thread-3265] INFO  impl.FollowerState (FollowerState.java:run(108)) - 7c431f9d-51bc-458b-a3a6-511ec217d887@group-21BA9BD4283D-FollowerState: change to CANDIDATE, lastRpcTime:41ms, electionTimeout:41ms
2019-10-17 06:48:17,085 [Thread-3265] INFO  impl.RoleInfo (RoleInfo.java:shutdownFollowerState(121)) - 7c431f9d-51bc-458b-a3a6-511ec217d887: shutdown FollowerState
2019-10-17 06:48:17,085 [Thread-3265] INFO  impl.RaftServerImpl (RaftServerImpl.java:setRole(184)) - 7c431f9d-51bc-458b-a3a6-511ec217d887@group-21BA9BD4283D: changes role from  FOLLOWER to CANDIDATE at term 335 for changeToCandidate
2019-10-17 06:48:17,085 [Thread-3265] INFO  impl.RoleInfo (RoleInfo.java:updateAndGet(143)) - 7c431f9d-51bc-458b-a3a6-511ec217d887: start LeaderElection
2019-10-17 06:48:17,107 [main] INFO  ozone.MiniOzoneClusterImpl (MiniOzoneClusterImpl.java:lambda$waitForClusterToBeReady$2(164)) - Waiting for 1 number of pipelines out of 4, to report a leader.
2019-10-17 06:48:17,108 [7c431f9d-51bc-458b-a3a6-511ec217d887@group-21BA9BD4283D-LeaderElection382] INFO  impl.LeaderElection (LeaderElection.java:askForVotes(178)) - 7c431f9d-51bc-458b-a3a6-511ec217d887@group-21BA9BD4283D-LeaderElection382: begin an election at term 336 for -1: [67f35358-9777-4ff9-96f4-8a61bc3a94fe:192.168.34.62:37037, 7c431f9d-51bc-458b-a3a6-511ec217d887:192.168.34.62:40420, b9cfa588-8e56-4331-be2f-4c26f25c6739:192.168.34.62:34777], old=null
2019-10-17 06:48:17,109 [grpc-default-executor-3] INFO  impl.RaftServerImpl (RaftServerImpl.java:setRole(184)) - 67f35358-9777-4ff9-96f4-8a61bc3a94fe@group-21BA9BD4283D: changes role from  FOLLOWER to FOLLOWER at term 336 for recognizeCandidate:7c431f9d-51bc-458b-a3a6-511ec217d887
2019-10-17 06:48:17,109 [grpc-default-executor-3] INFO  impl.RoleInfo (RoleInfo.java:shutdownFollowerState(121)) - 67f35358-9777-4ff9-96f4-8a61bc3a94fe: shutdown FollowerState
2019-10-17 06:48:17,109 [grpc-default-executor-4] INFO  impl.RaftServerImpl (RaftServerImpl.java:setRole(184)) - b9cfa588-8e56-4331-be2f-4c26f25c6739@group-21BA9BD4283D: changes role from  FOLLOWER to FOLLOWER at term 336 for recognizeCandidate:7c431f9d-51bc-458b-a3a6-511ec217d887
2019-10-17 06:48:17,110 [grpc-default-executor-4] INFO  impl.RoleInfo (RoleInfo.java:shutdownFollowerState(121)) - b9cfa588-8e56-4331-be2f-4c26f25c6739: shutdown FollowerState
2019-10-17 06:48:17,110 [Thread-3264] INFO  impl.FollowerState (FollowerState.java:run(117)) - 67f35358-9777-4ff9-96f4-8a61bc3a94fe@group-21BA9BD4283D-FollowerState was interrupted: java.lang.InterruptedException: sleep interrupted
2019-10-17 06:48:17,109 [grpc-default-executor-3] INFO  impl.RoleInfo (RoleInfo.java:updateAndGet(143)) - 67f35358-9777-4ff9-96f4-8a61bc3a94fe: start FollowerState
2019-10-17 06:48:17,110 [Thread-3263] INFO  impl.FollowerState (FollowerState.java:run(117)) - b9cfa588-8e56-4331-be2f-4c26f25c6739@group-21BA9BD4283D-FollowerState was interrupted: java.lang.InterruptedException: sleep interrupted
2019-10-17 06:48:17,110 [grpc-default-executor-4] INFO  impl.RoleInfo (RoleInfo.java:updateAndGet(143)) - b9cfa588-8e56-4331-be2f-4c26f25c6739: start FollowerState
2019-10-17 06:48:17,135 [7c431f9d-51bc-458b-a3a6-511ec217d887@group-21BA9BD4283D-LeaderElection382] INFO  impl.LeaderElection (LeaderElection.java:logAndReturn(56)) - 7c431f9d-51bc-458b-a3a6-511ec217d887@group-21BA9BD4283D-LeaderElection382: Election REJECTED; received 2 response(s) [7c431f9d-51bc-458b-a3a6-511ec217d887<-67f35358-9777-4ff9-96f4-8a61bc3a94fe#0:FAIL-t336, 7c431f9d-51bc-458b-a3a6-511ec217d887<-b9cfa588-8e56-4331-be2f-4c26f25c6739#0:FAIL-t336] and 0 exception(s); 7c431f9d-51bc-458b-a3a6-511ec217d887@group-21BA9BD4283D:t336, leader=null, voted=7c431f9d-51bc-458b-a3a6-511ec217d887, raftlog=7c431f9d-51bc-458b-a3a6-511ec217d887@group-21BA9BD4283D-SegmentedRaftLog:OPENED:c-1,f-1,i0, conf=-1: [67f35358-9777-4ff9-96f4-8a61bc3a94fe:192.168.34.62:37037, 7c431f9d-51bc-458b-a3a6-511ec217d887:192.168.34.62:40420, b9cfa588-8e56-4331-be2f-4c26f25c6739:192.168.34.62:34777], old=null
2019-10-17 06:48:17,135 [7c431f9d-51bc-458b-a3a6-511ec217d887@group-21BA9BD4283D-LeaderElection382] INFO  impl.RaftServerImpl (RaftServerImpl.java:setRole(184)) - 7c431f9d-51bc-458b-a3a6-511ec217d887@group-21BA9BD4283D: changes role from CANDIDATE to FOLLOWER at term 336 for DISCOVERED_A_NEW_TERM
2019-10-17 06:48:17,135 [7c431f9d-51bc-458b-a3a6-511ec217d887@group-21BA9BD4283D-LeaderElection382] INFO  impl.RoleInfo (RoleInfo.java:shutdownLeaderElection(134)) - 7c431f9d-51bc-458b-a3a6-511ec217d887: shutdown LeaderElection
2019-10-17 06:48:17,135 [7c431f9d-51bc-458b-a3a6-511ec217d887@group-21BA9BD4283D-LeaderElection382] INFO  impl.RoleInfo (RoleInfo.java:updateAndGet(143)) - 7c431f9d-51bc-458b-a3a6-511ec217d887: start FollowerState
2019-10-17 06:48:17,193 [Thread-3271] INFO  impl.FollowerState (FollowerState.java:run(108)) - 7c431f9d-51bc-458b-a3a6-511ec217d887@group-21BA9BD4283D-FollowerState: change to CANDIDATE, lastRpcTime:57ms, electionTimeout:57ms
2019-10-17 06:48:17,193 [Thread-3271] INFO  impl.RoleInfo (RoleInfo.java:shutdownFollowerState(121)) - 7c431f9d-51bc-458b-a3a6-511ec217d887: shutdown FollowerState
2019-10-17 06:48:17,193 [Thread-3271] INFO  impl.RaftServerImpl (RaftServerImpl.java:setRole(184)) - 7c431f9d-51bc-458b-a3a6-511ec217d887@group-21BA9BD4283D: changes role from  FOLLOWER to CANDIDATE at term 336 for changeToCandidate
2019-10-17 06:48:17,193 [Thread-3271] INFO  impl.RoleInfo (RoleInfo.java:updateAndGet(143)) - 7c431f9d-51bc-458b-a3a6-511ec217d887: start LeaderElection
2019-10-17 06:48:17,207 [7c431f9d-51bc-458b-a3a6-511ec217d887@group-21BA9BD4283D-LeaderElection383] INFO  impl.LeaderElection (LeaderElection.java:askForVotes(178)) - 7c431f9d-51bc-458b-a3a6-511ec217d887@group-21BA9BD4283D-LeaderElection383: begin an election at term 337 for -1: [67f35358-9777-4ff9-96f4-8a61bc3a94fe:192.168.34.62:37037, 7c431f9d-51bc-458b-a3a6-511ec217d887:192.168.34.62:40420, b9cfa588-8e56-4331-be2f-4c26f25c6739:192.168.34.62:34777], old=null
2019-10-17 06:48:17,208 [grpc-default-executor-3] INFO  impl.RaftServerImpl (RaftServerImpl.java:setRole(184)) - 67f35358-9777-4ff9-96f4-8a61bc3a94fe@group-21BA9BD4283D: changes role from  FOLLOWER to FOLLOWER at term 337 for recognizeCandidate:7c431f9d-51bc-458b-a3a6-511ec217d887
2019-10-17 06:48:17,208 [grpc-default-executor-4] INFO  impl.RaftServerImpl (RaftServerImpl.java:setRole(184)) - b9cfa588-8e56-4331-be2f-4c26f25c6739@group-21BA9BD4283D: changes role from  FOLLOWER to FOLLOWER at term 337 for recognizeCandidate:7c431f9d-51bc-458b-a3a6-511ec217d887
2019-10-17 06:48:17,208 [grpc-default-executor-3] INFO  impl.RoleInfo (RoleInfo.java:shutdownFollowerState(121)) - 67f35358-9777-4ff9-96f4-8a61bc3a94fe: shutdown FollowerState
2019-10-17 06:48:17,208 [grpc-default-executor-4] INFO  impl.RoleInfo (RoleInfo.java:shutdownFollowerState(121)) - b9cfa588-8e56-4331-be2f-4c26f25c6739: shutdown FollowerState
2019-10-17 06:48:17,208 [grpc-default-executor-3] INFO  impl.RoleInfo (RoleInfo.java:updateAndGet(143)) - 67f35358-9777-4ff9-96f4-8a61bc3a94fe: start FollowerState
2019-10-17 06:48:17,208 [grpc-default-executor-4] INFO  impl.RoleInfo (RoleInfo.java:updateAndGet(143)) - b9cfa588-8e56-4331-be2f-4c26f25c6739: start FollowerState
2019-10-17 06:48:17,208 [Thread-3269] INFO  impl.FollowerState (FollowerState.java:run(117)) - 67f35358-9777-4ff9-96f4-8a61bc3a94fe@group-21BA9BD4283D-FollowerState was interrupted: java.lang.InterruptedException: sleep interrupted
2019-10-17 06:48:17,209 [Thread-3270] INFO  impl.FollowerState (FollowerState.java:run(117)) - b9cfa588-8e56-4331-be2f-4c26f25c6739@group-21BA9BD4283D-FollowerState was interrupted: java.lang.InterruptedException: sleep interrupted
2019-10-17 06:48:17,280 [7c431f9d-51bc-458b-a3a6-511ec217d887@group-21BA9BD4283D-LeaderElection383] INFO  impl.LeaderElection (LeaderElection.java:logAndReturn(56)) - 7c431f9d-51bc-458b-a3a6-511ec217d887@group-21BA9BD4283D-LeaderElection383: Election REJECTED; received 2 response(s) [7c431f9d-51bc-458b-a3a6-511ec217d887<-67f35358-9777-4ff9-96f4-8a61bc3a94fe#0:FAIL-t337, 7c431f9d-51bc-458b-a3a6-511ec217d887<-b9cfa588-8e56-4331-be2f-4c26f25c6739#0:FAIL-t337] and 0 exception(s); 7c431f9d-51bc-458b-a3a6-511ec217d887@group-21BA9BD4283D:t337, leader=null, voted=7c431f9d-51bc-458b-a3a6-511ec217d887, raftlog=7c431f9d-51bc-458b-a3a6-511ec217d887@group-21BA9BD4283D-SegmentedRaftLog:OPENED:c-1,f-1,i0, conf=-1: [67f35358-9777-4ff9-96f4-8a61bc3a94fe:192.168.34.62:37037, 7c431f9d-51bc-458b-a3a6-511ec217d887:192.168.34.62:40420, b9cfa588-8e56-4331-be2f-4c26f25c6739:192.168.34.62:34777], old=null
2019-10-17 06:48:17,280 [7c431f9d-51bc-458b-a3a6-511ec217d887@group-21BA9BD4283D-LeaderElection383] INFO  impl.RaftServerImpl (RaftServerImpl.java:setRole(184)) - 7c431f9d-51bc-458b-a3a6-511ec217d887@group-21BA9BD4283D: changes role from CANDIDATE to FOLLOWER at term 337 for DISCOVERED_A_NEW_TERM
2019-10-17 06:48:17,280 [7c431f9d-51bc-458b-a3a6-511ec217d887@group-21BA9BD4283D-LeaderElection383] INFO  impl.RoleInfo (RoleInfo.java:shutdownLeaderElection(134)) - 7c431f9d-51bc-458b-a3a6-511ec217d887: shutdown LeaderElection
2019-10-17 06:48:17,280 [7c431f9d-51bc-458b-a3a6-511ec217d887@group-21BA9BD4283D-LeaderElection383] INFO  impl.RoleInfo (RoleInfo.java:updateAndGet(143)) - 7c431f9d-51bc-458b-a3a6-511ec217d887: start FollowerState
2019-10-17 06:48:17,344 [Thread-3277] INFO  impl.FollowerState (FollowerState.java:run(108)) - 7c431f9d-51bc-458b-a3a6-511ec217d887@group-21BA9BD4283D-FollowerState: change to CANDIDATE, lastRpcTime:63ms, electionTimeout:63ms
2019-10-17 06:48:17,344 [Thread-3277] INFO  impl.RoleInfo (RoleInfo.java:shutdownFollowerState(121)) - 7c431f9d-51bc-458b-a3a6-511ec217d887: shutdown FollowerState
2019-10-17 06:48:17,344 [Thread-3277] INFO  impl.RaftServerImpl (RaftServerImpl.java:setRole(184)) - 7c431f9d-51bc-458b-a3a6-511ec217d887@group-21BA9BD4283D: changes role from  FOLLOWER to CANDIDATE at term 337 for changeToCandidate
2019-10-17 06:48:17,344 [Thread-3277] INFO  impl.RoleInfo (RoleInfo.java:updateAndGet(143)) - 7c431f9d-51bc-458b-a3a6-511ec217d887: start LeaderElection
2019-10-17 06:48:17,368 [7c431f9d-51bc-458b-a3a6-511ec217d887@group-21BA9BD4283D-LeaderElection384] INFO  impl.LeaderElection (LeaderElection.java:askForVotes(178)) - 7c431f9d-51bc-458b-a3a6-511ec217d887@group-21BA9BD4283D-LeaderElection384: begin an election at term 338 for -1: [67f35358-9777-4ff9-96f4-8a61bc3a94fe:192.168.34.62:37037, 7c431f9d-51bc-458b-a3a6-511ec217d887:192.168.34.62:40420, b9cfa588-8e56-4331-be2f-4c26f25c6739:192.168.34.62:34777], old=null
2019-10-17 06:48:17,370 [grpc-default-executor-4] INFO  impl.RaftServerImpl (RaftServerImpl.java:setRole(184)) - b9cfa588-8e56-4331-be2f-4c26f25c6739@group-21BA9BD4283D: changes role from  FOLLOWER to FOLLOWER at term 338 for recognizeCandidate:7c431f9d-51bc-458b-a3a6-511ec217d887
2019-10-17 06:48:17,370 [grpc-default-executor-3] INFO  impl.RaftServerImpl (RaftServerImpl.java:setRole(184)) - 67f35358-9777-4ff9-96f4-8a61bc3a94fe@group-21BA9BD4283D: changes role from  FOLLOWER to FOLLOWER at term 338 for recognizeCandidate:7c431f9d-51bc-458b-a3a6-511ec217d887
2019-10-17 06:48:17,370 [grpc-default-executor-3] INFO  impl.RoleInfo (RoleInfo.java:shutdownFollowerState(121)) - 67f35358-9777-4ff9-96f4-8a61bc3a94fe: shutdown FollowerState
2019-10-17 06:48:17,370 [grpc-default-executor-4] INFO  impl.RoleInfo (RoleInfo.java:shutdownFollowerState(121)) - b9cfa588-8e56-4331-be2f-4c26f25c6739: shutdown FollowerState
2019-10-17 06:48:17,370 [Thread-3275] INFO  impl.FollowerState (FollowerState.java:run(117)) - 67f35358-9777-4ff9-96f4-8a61bc3a94fe@group-21BA9BD4283D-FollowerState was interrupted: java.lang.InterruptedException: sleep interrupted
2019-10-17 06:48:17,370 [Thread-3276] INFO  impl.FollowerState (FollowerState.java:run(117)) - b9cfa588-8e56-4331-be2f-4c26f25c6739@group-21BA9BD4283D-FollowerState was interrupted: java.lang.InterruptedException: sleep interrupted
2019-10-17 06:48:17,370 [grpc-default-executor-3] INFO  impl.RoleInfo (RoleInfo.java:updateAndGet(143)) - 67f35358-9777-4ff9-96f4-8a61bc3a94fe: start FollowerState
2019-10-17 06:48:17,370 [grpc-default-executor-4] INFO  impl.RoleInfo (RoleInfo.java:updateAndGet(143)) - b9cfa588-8e56-4331-be2f-4c26f25c6739: start FollowerState
2019-10-17 06:48:17,383 [7c431f9d-51bc-458b-a3a6-511ec217d887@group-21BA9BD4283D-LeaderElection384] INFO  impl.LeaderElection (LeaderElection.java:logAndReturn(56)) - 7c431f9d-51bc-458b-a3a6-511ec217d887@group-21BA9BD4283D-LeaderElection384: Election REJECTED; received 2 response(s) [7c431f9d-51bc-458b-a3a6-511ec217d887<-67f35358-9777-4ff9-96f4-8a61bc3a94fe#0:FAIL-t338, 7c431f9d-51bc-458b-a3a6-511ec217d887<-b9cfa588-8e56-4331-be2f-4c26f25c6739#0:FAIL-t338] and 0 exception(s); 7c431f9d-51bc-458b-a3a6-511ec217d887@group-21BA9BD4283D:t338, leader=null, voted=7c431f9d-51bc-458b-a3a6-511ec217d887, raftlog=7c431f9d-51bc-458b-a3a6-511ec217d887@group-21BA9BD4283D-SegmentedRaftLog:OPENED:c-1,f-1,i0, conf=-1: [67f35358-9777-4ff9-96f4-8a61bc3a94fe:192.168.34.62:37037, 7c431f9d-51bc-458b-a3a6-511ec217d887:192.168.34.62:40420, b9cfa588-8e56-4331-be2f-4c26f25c6739:192.168.34.62:34777], old=null
2019-10-17 06:48:17,384 [7c431f9d-51bc-458b-a3a6-511ec217d887@group-21BA9BD4283D-LeaderElection384] INFO  impl.RaftServerImpl (RaftServerImpl.java:setRole(184)) - 7c431f9d-51bc-458b-a3a6-511ec217d887@group-21BA9BD4283D: changes role from CANDIDATE to FOLLOWER at term 338 for DISCOVERED_A_NEW_TERM
2019-10-17 06:48:17,384 [7c431f9d-51bc-458b-a3a6-511ec217d887@group-21BA9BD4283D-LeaderElection384] INFO  impl.RoleInfo (RoleInfo.java:shutdownLeaderElection(134)) - 7c431f9d-51bc-458b-a3a6-511ec217d887: shutdown LeaderElection
2019-10-17 06:48:17,384 [7c431f9d-51bc-458b-a3a6-511ec217d887@group-21BA9BD4283D-LeaderElection384] INFO  impl.RoleInfo (RoleInfo.java:updateAndGet(143)) - 7c431f9d-51bc-458b-a3a6-511ec217d887: start FollowerState
2019-10-17 06:48:17,408 [Thread-3283] INFO  impl.FollowerState (FollowerState.java:run(108)) - 7c431f9d-51bc-458b-a3a6-511ec217d887@group-21BA9BD4283D-FollowerState: change to CANDIDATE, lastRpcTime:24ms, electionTimeout:24ms
2019-10-17 06:48:17,408 [Thread-3283] INFO  impl.RoleInfo (RoleInfo.java:shutdownFollowerState(121)) - 7c431f9d-51bc-458b-a3a6-511ec217d887: shutdown FollowerState
2019-10-17 06:48:17,408 [Thread-3283] INFO  impl.RaftServerImpl (RaftServerImpl.java:setRole(184)) - 7c431f9d-51bc-458b-a3a6-511ec217d887@group-21BA9BD4283D: changes role from  FOLLOWER to CANDIDATE at term 338 for changeToCandidate
2019-10-17 06:48:17,408 [Thread-3283] INFO  impl.RoleInfo (RoleInfo.java:updateAndGet(143)) - 7c431f9d-51bc-458b-a3a6-511ec217d887: start LeaderElection
2019-10-17 06:48:17,421 [7c431f9d-51bc-458b-a3a6-511ec217d887@group-21BA9BD4283D-LeaderElection385] INFO  impl.LeaderElection (LeaderElection.java:askForVotes(178)) - 7c431f9d-51bc-458b-a3a6-511ec217d887@group-21BA9BD4283D-LeaderElection385: begin an election at term 339 for -1: [67f35358-9777-4ff9-96f4-8a61bc3a94fe:192.168.34.62:37037, 7c431f9d-51bc-458b-a3a6-511ec217d887:192.168.34.62:40420, b9cfa588-8e56-4331-be2f-4c26f25c6739:192.168.34.62:34777], old=null
2019-10-17 06:48:17,422 [grpc-default-executor-3] INFO  impl.RaftServerImpl (RaftServerImpl.java:setRole(184)) - b9cfa588-8e56-4331-be2f-4c26f25c6739@group-21BA9BD4283D: changes role from  FOLLOWER to FOLLOWER at term 339 for recognizeCandidate:7c431f9d-51bc-458b-a3a6-511ec217d887
2019-10-17 06:48:17,422 [grpc-default-executor-3] INFO  impl.RoleInfo (RoleInfo.java:shutdownFollowerState(121)) - b9cfa588-8e56-4331-be2f-4c26f25c6739: shutdown FollowerState
2019-10-17 06:48:17,422 [grpc-default-executor-3] INFO  impl.RoleInfo (RoleInfo.java:updateAndGet(143)) - b9cfa588-8e56-4331-be2f-4c26f25c6739: start FollowerState
2019-10-17 06:48:17,422 [grpc-default-executor-4] INFO  impl.RaftServerImpl (RaftServerImpl.java:setRole(184)) - 67f35358-9777-4ff9-96f4-8a61bc3a94fe@group-21BA9BD4283D: changes role from  FOLLOWER to FOLLOWER at term 339 for recognizeCandidate:7c431f9d-51bc-458b-a3a6-511ec217d887
2019-10-17 06:48:17,423 [grpc-default-executor-4] INFO  impl.RoleInfo (RoleInfo.java:shutdownFollowerState(121)) - 67f35358-9777-4ff9-96f4-8a61bc3a94fe: shutdown FollowerState
2019-10-17 06:48:17,422 [Thread-3282] INFO  impl.FollowerState (FollowerState.java:run(117)) - b9cfa588-8e56-4331-be2f-4c26f25c6739@group-21BA9BD4283D-FollowerState was interrupted: java.lang.InterruptedException: sleep interrupted
2019-10-17 06:48:17,423 [Thread-3281] INFO  impl.FollowerState (FollowerState.java:run(117)) - 67f35358-9777-4ff9-96f4-8a61bc3a94fe@group-21BA9BD4283D-FollowerState was interrupted: java.lang.InterruptedException: sleep interrupted
2019-10-17 06:48:17,423 [grpc-default-executor-4] INFO  impl.RoleInfo (RoleInfo.java:updateAndGet(143)) - 67f35358-9777-4ff9-96f4-8a61bc3a94fe: start FollowerState
2019-10-17 06:48:17,437 [7c431f9d-51bc-458b-a3a6-511ec217d887@group-21BA9BD4283D-LeaderElection385] INFO  impl.LeaderElection (LeaderElection.java:logAndReturn(56)) - 7c431f9d-51bc-458b-a3a6-511ec217d887@group-21BA9BD4283D-LeaderElection385: Election REJECTED; received 2 response(s) [7c431f9d-51bc-458b-a3a6-511ec217d887<-67f35358-9777-4ff9-96f4-8a61bc3a94fe#0:FAIL-t339, 7c431f9d-51bc-458b-a3a6-511ec217d887<-b9cfa588-8e56-4331-be2f-4c26f25c6739#0:FAIL-t339] and 0 exception(s); 7c431f9d-51bc-458b-a3a6-511ec217d887@group-21BA9BD4283D:t339, leader=null, voted=7c431f9d-51bc-458b-a3a6-511ec217d887, raftlog=7c431f9d-51bc-458b-a3a6-511ec217d887@group-21BA9BD4283D-SegmentedRaftLog:OPENED:c-1,f-1,i0, conf=-1: [67f35358-9777-4ff9-96f4-8a61bc3a94fe:192.168.34.62:37037, 7c431f9d-51bc-458b-a3a6-511ec217d887:192.168.34.62:40420, b9cfa588-8e56-4331-be2f-4c26f25c6739:192.168.34.62:34777], old=null
2019-10-17 06:48:17,437 [7c431f9d-51bc-458b-a3a6-511ec217d887@group-21BA9BD4283D-LeaderElection385] INFO  impl.RaftServerImpl (RaftServerImpl.java:setRole(184)) - 7c431f9d-51bc-458b-a3a6-511ec217d887@group-21BA9BD4283D: changes role from CANDIDATE to FOLLOWER at term 339 for DISCOVERED_A_NEW_TERM
2019-10-17 06:48:17,437 [7c431f9d-51bc-458b-a3a6-511ec217d887@group-21BA9BD4283D-LeaderElection385] INFO  impl.RoleInfo (RoleInfo.java:shutdownLeaderElection(134)) - 7c431f9d-51bc-458b-a3a6-511ec217d887: shutdown LeaderElection
2019-10-17 06:48:17,437 [7c431f9d-51bc-458b-a3a6-511ec217d887@group-21BA9BD4283D-LeaderElection385] INFO  impl.RoleInfo (RoleInfo.java:updateAndGet(143)) - 7c431f9d-51bc-458b-a3a6-511ec217d887: start FollowerState
2019-10-17 06:48:17,453 [Thread-3289] INFO  impl.FollowerState (FollowerState.java:run(108)) - 7c431f9d-51bc-458b-a3a6-511ec217d887@group-21BA9BD4283D-FollowerState: change to CANDIDATE, lastRpcTime:15ms, electionTimeout:15ms
2019-10-17 06:48:17,453 [Thread-3289] INFO  impl.RoleInfo (RoleInfo.java:shutdownFollowerState(121)) - 7c431f9d-51bc-458b-a3a6-511ec217d887: shutdown FollowerState
2019-10-17 06:48:17,453 [Thread-3289] INFO  impl.RaftServerImpl (RaftServerImpl.java:setRole(184)) - 7c431f9d-51bc-458b-a3a6-511ec217d887@group-21BA9BD4283D: changes role from  FOLLOWER to CANDIDATE at term 339 for changeToCandidate
2019-10-17 06:48:17,453 [Thread-3289] INFO  impl.RoleInfo (RoleInfo.java:updateAndGet(143)) - 7c431f9d-51bc-458b-a3a6-511ec217d887: start LeaderElection
2019-10-17 06:48:17,466 [7c431f9d-51bc-458b-a3a6-511ec217d887@group-21BA9BD4283D-LeaderElection386] INFO  impl.LeaderElection (LeaderElection.java:askForVotes(178)) - 7c431f9d-51bc-458b-a3a6-511ec217d887@group-21BA9BD4283D-LeaderElection386: begin an election at term 340 for -1: [67f35358-9777-4ff9-96f4-8a61bc3a94fe:192.168.34.62:37037, 7c431f9d-51bc-458b-a3a6-511ec217d887:192.168.34.62:40420, b9cfa588-8e56-4331-be2f-4c26f25c6739:192.168.34.62:34777], old=null
2019-10-17 06:48:17,467 [grpc-default-executor-4] INFO  impl.RaftServerImpl (RaftServerImpl.java:setRole(184)) - 67f35358-9777-4ff9-96f4-8a61bc3a94fe@group-21BA9BD4283D: changes role from  FOLLOWER to FOLLOWER at term 340 for recognizeCandidate:7c431f9d-51bc-458b-a3a6-511ec217d887
2019-10-17 06:48:17,467 [grpc-default-executor-3] INFO  impl.RaftServerImpl (RaftServerImpl.java:setRole(184)) - b9cfa588-8e56-4331-be2f-4c26f25c6739@group-21BA9BD4283D: changes role from  FOLLOWER to FOLLOWER at term 340 for recognizeCandidate:7c431f9d-51bc-458b-a3a6-511ec217d887
2019-10-17 06:48:17,467 [grpc-default-executor-4] INFO  impl.RoleInfo (RoleInfo.java:shutdownFollowerState(121)) - 67f35358-9777-4ff9-96f4-8a61bc3a94fe: shutdown FollowerState
2019-10-17 06:48:17,467 [grpc-default-executor-3] INFO  impl.RoleInfo (RoleInfo.java:shutdownFollowerState(121)) - b9cfa588-8e56-4331-be2f-4c26f25c6739: shutdown FollowerState
2019-10-17 06:48:17,468 [Thread-3288] INFO  impl.FollowerState (FollowerState.java:run(117)) - 67f35358-9777-4ff9-96f4-8a61bc3a94fe@group-21BA9BD4283D-FollowerState was interrupted: java.lang.InterruptedException: sleep interrupted
2019-10-17 06:48:17,468 [grpc-default-executor-4] INFO  impl.RoleInfo (RoleInfo.java:updateAndGet(143)) - 67f35358-9777-4ff9-96f4-8a61bc3a94fe: start FollowerState
2019-10-17 06:48:17,468 [Thread-3287] INFO  impl.FollowerState (FollowerState.java:run(117)) - b9cfa588-8e56-4331-be2f-4c26f25c6739@group-21BA9BD4283D-FollowerState was interrupted: java.lang.InterruptedException: sleep interrupted
2019-10-17 06:48:17,468 [grpc-default-executor-3] INFO  impl.RoleInfo (RoleInfo.java:updateAndGet(143)) - b9cfa588-8e56-4331-be2f-4c26f25c6739: start FollowerState
2019-10-17 06:48:17,482 [7c431f9d-51bc-458b-a3a6-511ec217d887@group-21BA9BD4283D-LeaderElection386] INFO  impl.LeaderElection (LeaderElection.java:logAndReturn(56)) - 7c431f9d-51bc-458b-a3a6-511ec217d887@group-21BA9BD4283D-LeaderElection386: Election REJECTED; received 2 response(s) [7c431f9d-51bc-458b-a3a6-511ec217d887<-67f35358-9777-4ff9-96f4-8a61bc3a94fe#0:FAIL-t340, 7c431f9d-51bc-458b-a3a6-511ec217d887<-b9cfa588-8e56-4331-be2f-4c26f25c6739#0:FAIL-t340] and 0 exception(s); 7c431f9d-51bc-458b-a3a6-511ec217d887@group-21BA9BD4283D:t340, leader=null, voted=7c431f9d-51bc-458b-a3a6-511ec217d887, raftlog=7c431f9d-51bc-458b-a3a6-511ec217d887@group-21BA9BD4283D-SegmentedRaftLog:OPENED:c-1,f-1,i0, conf=-1: [67f35358-9777-4ff9-96f4-8a61bc3a94fe:192.168.34.62:37037, 7c431f9d-51bc-458b-a3a6-511ec217d887:192.168.34.62:40420, b9cfa588-8e56-4331-be2f-4c26f25c6739:192.168.34.62:34777], old=null
2019-10-17 06:48:17,482 [7c431f9d-51bc-458b-a3a6-511ec217d887@group-21BA9BD4283D-LeaderElection386] INFO  impl.RaftServerImpl (RaftServerImpl.java:setRole(184)) - 7c431f9d-51bc-458b-a3a6-511ec217d887@group-21BA9BD4283D: changes role from CANDIDATE to FOLLOWER at term 340 for DISCOVERED_A_NEW_TERM
2019-10-17 06:48:17,482 [7c431f9d-51bc-458b-a3a6-511ec217d887@group-21BA9BD4283D-LeaderElection386] INFO  impl.RoleInfo (RoleInfo.java:shutdownLeaderElection(134)) - 7c431f9d-51bc-458b-a3a6-511ec217d887: shutdown LeaderElection
2019-10-17 06:48:17,482 [7c431f9d-51bc-458b-a3a6-511ec217d887@group-21BA9BD4283D-LeaderElection386] INFO  impl.RoleInfo (RoleInfo.java:updateAndGet(143)) - 7c431f9d-51bc-458b-a3a6-511ec217d887: start FollowerState
2019-10-17 06:48:17,621 [Thread-3295] INFO  impl.FollowerState (FollowerState.java:run(108)) - 7c431f9d-51bc-458b-a3a6-511ec217d887@group-21BA9BD4283D-FollowerState: change to CANDIDATE, lastRpcTime:139ms, electionTimeout:139ms
2019-10-17 06:48:17,622 [Thread-3295] INFO  impl.RoleInfo (RoleInfo.java:shutdownFollowerState(121)) - 7c431f9d-51bc-458b-a3a6-511ec217d887: shutdown FollowerState
2019-10-17 06:48:17,622 [Thread-3295] INFO  impl.RaftServerImpl (RaftServerImpl.java:setRole(184)) - 7c431f9d-51bc-458b-a3a6-511ec217d887@group-21BA9BD4283D: changes role from  FOLLOWER to CANDIDATE at term 340 for changeToCandidate
2019-10-17 06:48:17,622 [Thread-3295] INFO  impl.RoleInfo (RoleInfo.java:updateAndGet(143)) - 7c431f9d-51bc-458b-a3a6-511ec217d887: start LeaderElection
2019-10-17 06:48:17,638 [7c431f9d-51bc-458b-a3a6-511ec217d887@group-21BA9BD4283D-LeaderElection387] INFO  impl.LeaderElection (LeaderElection.java:askForVotes(178)) - 7c431f9d-51bc-458b-a3a6-511ec217d887@group-21BA9BD4283D-LeaderElection387: begin an election at term 341 for -1: [67f35358-9777-4ff9-96f4-8a61bc3a94fe:192.168.34.62:37037, 7c431f9d-51bc-458b-a3a6-511ec217d887:192.168.34.62:40420, b9cfa588-8e56-4331-be2f-4c26f25c6739:192.168.34.62:34777], old=null
2019-10-17 06:48:17,640 [grpc-default-executor-4] INFO  impl.RaftServerImpl (RaftServerImpl.java:setRole(184)) - b9cfa588-8e56-4331-be2f-4c26f25c6739@group-21BA9BD4283D: changes role from  FOLLOWER to FOLLOWER at term 341 for recognizeCandidate:7c431f9d-51bc-458b-a3a6-511ec217d887
2019-10-17 06:48:17,640 [grpc-default-executor-3] INFO  impl.RaftServerImpl (RaftServerImpl.java:setRole(184)) - 67f35358-9777-4ff9-96f4-8a61bc3a94fe@group-21BA9BD4283D: changes role from  FOLLOWER to FOLLOWER at term 341 for recognizeCandidate:7c431f9d-51bc-458b-a3a6-511ec217d887
2019-10-17 06:48:17,640 [grpc-default-executor-4] INFO  impl.RoleInfo (RoleInfo.java:shutdownFollowerState(121)) - b9cfa588-8e56-4331-be2f-4c26f25c6739: shutdown FollowerState
2019-10-17 06:48:17,640 [grpc-default-executor-3] INFO  impl.RoleInfo (RoleInfo.java:shutdownFollowerState(121)) - 67f35358-9777-4ff9-96f4-8a61bc3a94fe: shutdown FollowerState
2019-10-17 06:48:17,640 [Thread-3294] INFO  impl.FollowerState (FollowerState.java:run(117)) - b9cfa588-8e56-4331-be2f-4c26f25c6739@group-21BA9BD4283D-FollowerState was interrupted: java.lang.InterruptedException: sleep interrupted
2019-10-17 06:48:17,640 [grpc-default-executor-4] INFO  impl.RoleInfo (RoleInfo.java:updateAndGet(143)) - b9cfa588-8e56-4331-be2f-4c26f25c6739: start FollowerState
2019-10-17 06:48:17,641 [Thread-3293] INFO  impl.FollowerState (FollowerState.java:run(117)) - 67f35358-9777-4ff9-96f4-8a61bc3a94fe@group-21BA9BD4283D-FollowerState was interrupted: java.lang.InterruptedException: sleep interrupted
2019-10-17 06:48:17,641 [grpc-default-executor-3] INFO  impl.RoleInfo (RoleInfo.java:updateAndGet(143)) - 67f35358-9777-4ff9-96f4-8a61bc3a94fe: start FollowerState
2019-10-17 06:48:17,663 [7c431f9d-51bc-458b-a3a6-511ec217d887@group-21BA9BD4283D-LeaderElection387] INFO  impl.LeaderElection (LeaderElection.java:logAndReturn(56)) - 7c431f9d-51bc-458b-a3a6-511ec217d887@group-21BA9BD4283D-LeaderElection387: Election REJECTED; received 2 response(s) [7c431f9d-51bc-458b-a3a6-511ec217d887<-67f35358-9777-4ff9-96f4-8a61bc3a94fe#0:FAIL-t341, 7c431f9d-51bc-458b-a3a6-511ec217d887<-b9cfa588-8e56-4331-be2f-4c26f25c6739#0:FAIL-t341] and 0 exception(s); 7c431f9d-51bc-458b-a3a6-511ec217d887@group-21BA9BD4283D:t341, leader=null, voted=7c431f9d-51bc-458b-a3a6-511ec217d887, raftlog=7c431f9d-51bc-458b-a3a6-511ec217d887@group-21BA9BD4283D-SegmentedRaftLog:OPENED:c-1,f-1,i0, conf=-1: [67f35358-9777-4ff9-96f4-8a61bc3a94fe:192.168.34.62:37037, 7c431f9d-51bc-458b-a3a6-511ec217d887:192.168.34.62:40420, b9cfa588-8e56-4331-be2f-4c26f25c6739:192.168.34.62:34777], old=null
2019-10-17 06:48:17,663 [7c431f9d-51bc-458b-a3a6-511ec217d887@group-21BA9BD4283D-LeaderElection387] INFO  impl.RaftServerImpl (RaftServerImpl.java:setRole(184)) - 7c431f9d-51bc-458b-a3a6-511ec217d887@group-21BA9BD4283D: changes role from CANDIDATE to FOLLOWER at term 341 for DISCOVERED_A_NEW_TERM
2019-10-17 06:48:17,663 [7c431f9d-51bc-458b-a3a6-511ec217d887@group-21BA9BD4283D-LeaderElection387] INFO  impl.RoleInfo (RoleInfo.java:shutdownLeaderElection(134)) - 7c431f9d-51bc-458b-a3a6-511ec217d887: shutdown LeaderElection
2019-10-17 06:48:17,663 [7c431f9d-51bc-458b-a3a6-511ec217d887@group-21BA9BD4283D-LeaderElection387] INFO  impl.RoleInfo (RoleInfo.java:updateAndGet(143)) - 7c431f9d-51bc-458b-a3a6-511ec217d887: start FollowerState
2019-10-17 06:48:17,702 [Thread-3301] INFO  impl.FollowerState (FollowerState.java:run(108)) - 7c431f9d-51bc-458b-a3a6-511ec217d887@group-21BA9BD4283D-FollowerState: change to CANDIDATE, lastRpcTime:39ms, electionTimeout:39ms
2019-10-17 06:48:17,702 [Thread-3301] INFO  impl.RoleInfo (RoleInfo.java:shutdownFollowerState(121)) - 7c431f9d-51bc-458b-a3a6-511ec217d887: shutdown FollowerState
2019-10-17 06:48:17,702 [Thread-3301] INFO  impl.RaftServerImpl (RaftServerImpl.java:setRole(184)) - 7c431f9d-51bc-458b-a3a6-511ec217d887@group-21BA9BD4283D: changes role from  FOLLOWER to CANDIDATE at term 341 for changeToCandidate
2019-10-17 06:48:17,702 [Thread-3301] INFO  impl.RoleInfo (RoleInfo.java:updateAndGet(143)) - 7c431f9d-51bc-458b-a3a6-511ec217d887: start LeaderElection
2019-10-17 06:48:17,718 [7c431f9d-51bc-458b-a3a6-511ec217d887@group-21BA9BD4283D-LeaderElection388] INFO  impl.LeaderElection (LeaderElection.java:askForVotes(178)) - 7c431f9d-51bc-458b-a3a6-511ec217d887@group-21BA9BD4283D-LeaderElection388: begin an election at term 342 for -1: [67f35358-9777-4ff9-96f4-8a61bc3a94fe:192.168.34.62:37037, 7c431f9d-51bc-458b-a3a6-511ec217d887:192.168.34.62:40420, b9cfa588-8e56-4331-be2f-4c26f25c6739:192.168.34.62:34777], old=null
2019-10-17 06:48:17,719 [grpc-default-executor-3] INFO  impl.RaftServerImpl (RaftServerImpl.java:setRole(184)) - 67f35358-9777-4ff9-96f4-8a61bc3a94fe@group-21BA9BD4283D: changes role from  FOLLOWER to FOLLOWER at term 342 for recognizeCandidate:7c431f9d-51bc-458b-a3a6-511ec217d887
2019-10-17 06:48:17,719 [grpc-default-executor-4] INFO  impl.RaftServerImpl (RaftServerImpl.java:setRole(184)) - b9cfa588-8e56-4331-be2f-4c26f25c6739@group-21BA9BD4283D: changes role from  FOLLOWER to FOLLOWER at term 342 for recognizeCandidate:7c431f9d-51bc-458b-a3a6-511ec217d887
2019-10-17 06:48:17,719 [grpc-default-executor-4] INFO  impl.RoleInfo (RoleInfo.java:shutdownFollowerState(121)) - b9cfa588-8e56-4331-be2f-4c26f25c6739: shutdown FollowerState
2019-10-17 06:48:17,719 [grpc-default-executor-3] INFO  impl.RoleInfo (RoleInfo.java:shutdownFollowerState(121)) - 67f35358-9777-4ff9-96f4-8a61bc3a94fe: shutdown FollowerState
2019-10-17 06:48:17,719 [Thread-3299] INFO  impl.FollowerState (FollowerState.java:run(117)) - b9cfa588-8e56-4331-be2f-4c26f25c6739@group-21BA9BD4283D-FollowerState was interrupted: java.lang.InterruptedException: sleep interrupted
2019-10-17 06:48:17,719 [grpc-default-executor-4] INFO  impl.RoleInfo (RoleInfo.java:updateAndGet(143)) - b9cfa588-8e56-4331-be2f-4c26f25c6739: start FollowerState
2019-10-17 06:48:17,719 [Thread-3300] INFO  impl.FollowerState (FollowerState.java:run(117)) - 67f35358-9777-4ff9-96f4-8a61bc3a94fe@group-21BA9BD4283D-FollowerState was interrupted: java.lang.InterruptedException: sleep interrupted
2019-10-17 06:48:17,719 [grpc-default-executor-3] INFO  impl.RoleInfo (RoleInfo.java:updateAndGet(143)) - 67f35358-9777-4ff9-96f4-8a61bc3a94fe: start FollowerState
2019-10-17 06:48:17,743 [7c431f9d-51bc-458b-a3a6-511ec217d887@group-21BA9BD4283D-LeaderElection388] INFO  impl.LeaderElection (LeaderElection.java:logAndReturn(56)) - 7c431f9d-51bc-458b-a3a6-511ec217d887@group-21BA9BD4283D-LeaderElection388: Election REJECTED; received 2 response(s) [7c431f9d-51bc-458b-a3a6-511ec217d887<-67f35358-9777-4ff9-96f4-8a61bc3a94fe#0:FAIL-t342, 7c431f9d-51bc-458b-a3a6-511ec217d887<-b9cfa588-8e56-4331-be2f-4c26f25c6739#0:FAIL-t342] and 0 exception(s); 7c431f9d-51bc-458b-a3a6-511ec217d887@group-21BA9BD4283D:t342, leader=null, voted=7c431f9d-51bc-458b-a3a6-511ec217d887, raftlog=7c431f9d-51bc-458b-a3a6-511ec217d887@group-21BA9BD4283D-SegmentedRaftLog:OPENED:c-1,f-1,i0, conf=-1: [67f35358-9777-4ff9-96f4-8a61bc3a94fe:192.168.34.62:37037, 7c431f9d-51bc-458b-a3a6-511ec217d887:192.168.34.62:40420, b9cfa588-8e56-4331-be2f-4c26f25c6739:192.168.34.62:34777], old=null
2019-10-17 06:48:17,743 [7c431f9d-51bc-458b-a3a6-511ec217d887@group-21BA9BD4283D-LeaderElection388] INFO  impl.RaftServerImpl (RaftServerImpl.java:setRole(184)) - 7c431f9d-51bc-458b-a3a6-511ec217d887@group-21BA9BD4283D: changes role from CANDIDATE to FOLLOWER at term 342 for DISCOVERED_A_NEW_TERM
2019-10-17 06:48:17,743 [7c431f9d-51bc-458b-a3a6-511ec217d887@group-21BA9BD4283D-LeaderElection388] INFO  impl.RoleInfo (RoleInfo.java:shutdownLeaderElection(134)) - 7c431f9d-51bc-458b-a3a6-511ec217d887: shutdown LeaderElection
2019-10-17 06:48:17,743 [7c431f9d-51bc-458b-a3a6-511ec217d887@group-21BA9BD4283D-LeaderElection388] INFO  impl.RoleInfo (RoleInfo.java:updateAndGet(143)) - 7c431f9d-51bc-458b-a3a6-511ec217d887: start FollowerState
2019-10-17 06:48:17,833 [Thread-3307] INFO  impl.FollowerState (FollowerState.java:run(108)) - 7c431f9d-51bc-458b-a3a6-511ec217d887@group-21BA9BD4283D-FollowerState: change to CANDIDATE, lastRpcTime:90ms, electionTimeout:90ms
2019-10-17 06:48:17,833 [Thread-3307] INFO  impl.RoleInfo (RoleInfo.java:shutdownFollowerState(121)) - 7c431f9d-51bc-458b-a3a6-511ec217d887: shutdown FollowerState
2019-10-17 06:48:17,833 [Thread-3307] INFO  impl.RaftServerImpl (RaftServerImpl.java:setRole(184)) - 7c431f9d-51bc-458b-a3a6-511ec217d887@group-21BA9BD4283D: changes role from  FOLLOWER to CANDIDATE at term 342 for changeToCandidate
2019-10-17 06:48:17,834 [Thread-3307] INFO  impl.RoleInfo (RoleInfo.java:updateAndGet(143)) - 7c431f9d-51bc-458b-a3a6-511ec217d887: start LeaderElection
2019-10-17 06:48:17,879 [7c431f9d-51bc-458b-a3a6-511ec217d887@group-21BA9BD4283D-LeaderElection389] INFO  impl.LeaderElection (LeaderElection.java:askForVotes(178)) - 7c431f9d-51bc-458b-a3a6-511ec217d887@group-21BA9BD4283D-LeaderElection389: begin an election at term 343 for -1: [67f35358-9777-4ff9-96f4-8a61bc3a94fe:192.168.34.62:37037, 7c431f9d-51bc-458b-a3a6-511ec217d887:192.168.34.62:40420, b9cfa588-8e56-4331-be2f-4c26f25c6739:192.168.34.62:34777], old=null
2019-10-17 06:48:17,881 [grpc-default-executor-3] INFO  impl.RaftServerImpl (RaftServerImpl.java:setRole(184)) - 67f35358-9777-4ff9-96f4-8a61bc3a94fe@group-21BA9BD4283D: changes role from  FOLLOWER to FOLLOWER at term 343 for recognizeCandidate:7c431f9d-51bc-458b-a3a6-511ec217d887
2019-10-17 06:48:17,882 [grpc-default-executor-3] INFO  impl.RoleInfo (RoleInfo.java:shutdownFollowerState(121)) - 67f35358-9777-4ff9-96f4-8a61bc3a94fe: shutdown FollowerState
2019-10-17 06:48:17,882 [grpc-default-executor-4] INFO  impl.RaftServerImpl (RaftServerImpl.java:setRole(184)) - b9cfa588-8e56-4331-be2f-4c26f25c6739@group-21BA9BD4283D: changes role from  FOLLOWER to FOLLOWER at term 343 for recognizeCandidate:7c431f9d-51bc-458b-a3a6-511ec217d887
2019-10-17 06:48:17,882 [grpc-default-executor-4] INFO  impl.RoleInfo (RoleInfo.java:shutdownFollowerState(121)) - b9cfa588-8e56-4331-be2f-4c26f25c6739: shutdown FollowerState
2019-10-17 06:48:17,882 [Thread-3306] INFO  impl.FollowerState (FollowerState.java:run(117)) - 67f35358-9777-4ff9-96f4-8a61bc3a94fe@group-21BA9BD4283D-FollowerState was interrupted: java.lang.InterruptedException: sleep interrupted
2019-10-17 06:48:17,882 [Thread-3305] INFO  impl.FollowerState (FollowerState.java:run(117)) - b9cfa588-8e56-4331-be2f-4c26f25c6739@group-21BA9BD4283D-FollowerState was interrupted: java.lang.InterruptedException: sleep interrupted
2019-10-17 06:48:17,882 [grpc-default-executor-3] INFO  impl.RoleInfo (RoleInfo.java:updateAndGet(143)) - 67f35358-9777-4ff9-96f4-8a61bc3a94fe: start FollowerState
2019-10-17 06:48:17,882 [grpc-default-executor-4] INFO  impl.RoleInfo (RoleInfo.java:updateAndGet(143)) - b9cfa588-8e56-4331-be2f-4c26f25c6739: start FollowerState
2019-10-17 06:48:17,896 [7c431f9d-51bc-458b-a3a6-511ec217d887@group-21BA9BD4283D-LeaderElection389] INFO  impl.LeaderElection (LeaderElection.java:logAndReturn(56)) - 7c431f9d-51bc-458b-a3a6-511ec217d887@group-21BA9BD4283D-LeaderElection389: Election REJECTED; received 2 response(s) [7c431f9d-51bc-458b-a3a6-511ec217d887<-67f35358-9777-4ff9-96f4-8a61bc3a94fe#0:FAIL-t343, 7c431f9d-51bc-458b-a3a6-511ec217d887<-b9cfa588-8e56-4331-be2f-4c26f25c6739#0:FAIL-t343] and 0 exception(s); 7c431f9d-51bc-458b-a3a6-511ec217d887@group-21BA9BD4283D:t343, leader=null, voted=7c431f9d-51bc-458b-a3a6-511ec217d887, raftlog=7c431f9d-51bc-458b-a3a6-511ec217d887@group-21BA9BD4283D-SegmentedRaftLog:OPENED:c-1,f-1,i0, conf=-1: [67f35358-9777-4ff9-96f4-8a61bc3a94fe:192.168.34.62:37037, 7c431f9d-51bc-458b-a3a6-511ec217d887:192.168.34.62:40420, b9cfa588-8e56-4331-be2f-4c26f25c6739:192.168.34.62:34777], old=null
2019-10-17 06:48:17,896 [7c431f9d-51bc-458b-a3a6-511ec217d887@group-21BA9BD4283D-LeaderElection389] INFO  impl.RaftServerImpl (RaftServerImpl.java:setRole(184)) - 7c431f9d-51bc-458b-a3a6-511ec217d887@group-21BA9BD4283D: changes role from CANDIDATE to FOLLOWER at term 343 for DISCOVERED_A_NEW_TERM
2019-10-17 06:48:17,896 [7c431f9d-51bc-458b-a3a6-511ec217d887@group-21BA9BD4283D-LeaderElection389] INFO  impl.RoleInfo (RoleInfo.java:shutdownLeaderElection(134)) - 7c431f9d-51bc-458b-a3a6-511ec217d887: shutdown LeaderElection
2019-10-17 06:48:17,897 [7c431f9d-51bc-458b-a3a6-511ec217d887@group-21BA9BD4283D-LeaderElection389] INFO  impl.RoleInfo (RoleInfo.java:updateAndGet(143)) - 7c431f9d-51bc-458b-a3a6-511ec217d887: start FollowerState
2019-10-17 06:48:17,972 [Thread-3313] INFO  impl.FollowerState (FollowerState.java:run(108)) - 7c431f9d-51bc-458b-a3a6-511ec217d887@group-21BA9BD4283D-FollowerState: change to CANDIDATE, lastRpcTime:75ms, electionTimeout:75ms
2019-10-17 06:48:17,972 [Thread-3313] INFO  impl.RoleInfo (RoleInfo.java:shutdownFollowerState(121)) - 7c431f9d-51bc-458b-a3a6-511ec217d887: shutdown FollowerState
2019-10-17 06:48:17,972 [Thread-3313] INFO  impl.RaftServerImpl (RaftServerImpl.java:setRole(184)) - 7c431f9d-51bc-458b-a3a6-511ec217d887@group-21BA9BD4283D: changes role from  FOLLOWER to CANDIDATE at term 343 for changeToCandidate
2019-10-17 06:48:17,972 [Thread-3313] INFO  impl.RoleInfo (RoleInfo.java:updateAndGet(143)) - 7c431f9d-51bc-458b-a3a6-511ec217d887: start LeaderElection
2019-10-17 06:48:17,980 [7c431f9d-51bc-458b-a3a6-511ec217d887@group-21BA9BD4283D-LeaderElection390] INFO  impl.LeaderElection (LeaderElection.java:askForVotes(178)) - 7c431f9d-51bc-458b-a3a6-511ec217d887@group-21BA9BD4283D-LeaderElection390: begin an election at term 344 for -1: [67f35358-9777-4ff9-96f4-8a61bc3a94fe:192.168.34.62:37037, 7c431f9d-51bc-458b-a3a6-511ec217d887:192.168.34.62:40420, b9cfa588-8e56-4331-be2f-4c26f25c6739:192.168.34.62:34777], old=null
2019-10-17 06:48:17,981 [grpc-default-executor-4] INFO  impl.RaftServerImpl (RaftServerImpl.java:setRole(184)) - b9cfa588-8e56-4331-be2f-4c26f25c6739@group-21BA9BD4283D: changes role from  FOLLOWER to FOLLOWER at term 344 for recognizeCandidate:7c431f9d-51bc-458b-a3a6-511ec217d887
2019-10-17 06:48:17,981 [grpc-default-executor-3] INFO  impl.RaftServerImpl (RaftServerImpl.java:setRole(184)) - 67f35358-9777-4ff9-96f4-8a61bc3a94fe@group-21BA9BD4283D: changes role from  FOLLOWER to FOLLOWER at term 344 for recognizeCandidate:7c431f9d-51bc-458b-a3a6-511ec217d887
2019-10-17 06:48:17,981 [grpc-default-executor-4] INFO  impl.RoleInfo (RoleInfo.java:shutdownFollowerState(121)) - b9cfa588-8e56-4331-be2f-4c26f25c6739: shutdown FollowerState
2019-10-17 06:48:17,981 [grpc-default-executor-3] INFO  impl.RoleInfo (RoleInfo.java:shutdownFollowerState(121)) - 67f35358-9777-4ff9-96f4-8a61bc3a94fe: shutdown FollowerState
2019-10-17 06:48:17,981 [grpc-default-executor-4] INFO  impl.RoleInfo (RoleInfo.java:updateAndGet(143)) - b9cfa588-8e56-4331-be2f-4c26f25c6739: start FollowerState
2019-10-17 06:48:17,982 [Thread-3311] INFO  impl.FollowerState (FollowerState.java:run(117)) - 67f35358-9777-4ff9-96f4-8a61bc3a94fe@group-21BA9BD4283D-FollowerState was interrupted: java.lang.InterruptedException: sleep interrupted
2019-10-17 06:48:17,982 [grpc-default-executor-3] INFO  impl.RoleInfo (RoleInfo.java:updateAndGet(143)) - 67f35358-9777-4ff9-96f4-8a61bc3a94fe: start FollowerState
2019-10-17 06:48:17,981 [Thread-3312] INFO  impl.FollowerState (FollowerState.java:run(117)) - b9cfa588-8e56-4331-be2f-4c26f25c6739@group-21BA9BD4283D-FollowerState was interrupted: java.lang.InterruptedException: sleep interrupted
2019-10-17 06:48:17,998 [7c431f9d-51bc-458b-a3a6-511ec217d887@group-21BA9BD4283D-LeaderElection390] INFO  impl.LeaderElection (LeaderElection.java:logAndReturn(56)) - 7c431f9d-51bc-458b-a3a6-511ec217d887@group-21BA9BD4283D-LeaderElection390: Election REJECTED; received 2 response(s) [7c431f9d-51bc-458b-a3a6-511ec217d887<-67f35358-9777-4ff9-96f4-8a61bc3a94fe#0:FAIL-t344, 7c431f9d-51bc-458b-a3a6-511ec217d887<-b9cfa588-8e56-4331-be2f-4c26f25c6739#0:FAIL-t344] and 0 exception(s); 7c431f9d-51bc-458b-a3a6-511ec217d887@group-21BA9BD4283D:t344, leader=null, voted=7c431f9d-51bc-458b-a3a6-511ec217d887, raftlog=7c431f9d-51bc-458b-a3a6-511ec217d887@group-21BA9BD4283D-SegmentedRaftLog:OPENED:c-1,f-1,i0, conf=-1: [67f35358-9777-4ff9-96f4-8a61bc3a94fe:192.168.34.62:37037, 7c431f9d-51bc-458b-a3a6-511ec217d887:192.168.34.62:40420, b9cfa588-8e56-4331-be2f-4c26f25c6739:192.168.34.62:34777], old=null
2019-10-17 06:48:17,998 [7c431f9d-51bc-458b-a3a6-511ec217d887@group-21BA9BD4283D-LeaderElection390] INFO  impl.RaftServerImpl (RaftServerImpl.java:setRole(184)) - 7c431f9d-51bc-458b-a3a6-511ec217d887@group-21BA9BD4283D: changes role from CANDIDATE to FOLLOWER at term 344 for DISCOVERED_A_NEW_TERM
2019-10-17 06:48:17,998 [7c431f9d-51bc-458b-a3a6-511ec217d887@group-21BA9BD4283D-LeaderElection390] INFO  impl.RoleInfo (RoleInfo.java:shutdownLeaderElection(134)) - 7c431f9d-51bc-458b-a3a6-511ec217d887: shutdown LeaderElection
2019-10-17 06:48:17,998 [7c431f9d-51bc-458b-a3a6-511ec217d887@group-21BA9BD4283D-LeaderElection390] INFO  impl.RoleInfo (RoleInfo.java:updateAndGet(143)) - 7c431f9d-51bc-458b-a3a6-511ec217d887: start FollowerState
2019-10-17 06:48:18,107 [main] INFO  ozone.MiniOzoneClusterImpl (MiniOzoneClusterImpl.java:lambda$waitForClusterToBeReady$2(164)) - Waiting for 1 number of pipelines out of 4, to report a leader.
2019-10-17 06:48:18,115 [Thread-3319] INFO  impl.FollowerState (FollowerState.java:run(108)) - 7c431f9d-51bc-458b-a3a6-511ec217d887@group-21BA9BD4283D-FollowerState: change to CANDIDATE, lastRpcTime:116ms, electionTimeout:116ms
2019-10-17 06:48:18,115 [Thread-3319] INFO  impl.RoleInfo (RoleInfo.java:shutdownFollowerState(121)) - 7c431f9d-51bc-458b-a3a6-511ec217d887: shutdown FollowerState
2019-10-17 06:48:18,115 [Thread-3319] INFO  impl.RaftServerImpl (RaftServerImpl.java:setRole(184)) - 7c431f9d-51bc-458b-a3a6-511ec217d887@group-21BA9BD4283D: changes role from  FOLLOWER to CANDIDATE at term 344 for changeToCandidate
2019-10-17 06:48:18,115 [Thread-3319] INFO  impl.RoleInfo (RoleInfo.java:updateAndGet(143)) - 7c431f9d-51bc-458b-a3a6-511ec217d887: start LeaderElection
2019-10-17 06:48:18,128 [7c431f9d-51bc-458b-a3a6-511ec217d887@group-21BA9BD4283D-LeaderElection391] INFO  impl.LeaderElection (LeaderElection.java:askForVotes(178)) - 7c431f9d-51bc-458b-a3a6-511ec217d887@group-21BA9BD4283D-LeaderElection391: begin an election at term 345 for -1: [67f35358-9777-4ff9-96f4-8a61bc3a94fe:192.168.34.62:37037, 7c431f9d-51bc-458b-a3a6-511ec217d887:192.168.34.62:40420, b9cfa588-8e56-4331-be2f-4c26f25c6739:192.168.34.62:34777], old=null
2019-10-17 06:48:18,129 [grpc-default-executor-4] INFO  impl.RaftServerImpl (RaftServerImpl.java:setRole(184)) - 67f35358-9777-4ff9-96f4-8a61bc3a94fe@group-21BA9BD4283D: changes role from  FOLLOWER to FOLLOWER at term 345 for recognizeCandidate:7c431f9d-51bc-458b-a3a6-511ec217d887
2019-10-17 06:48:18,129 [grpc-default-executor-3] INFO  impl.RaftServerImpl (RaftServerImpl.java:setRole(184)) - b9cfa588-8e56-4331-be2f-4c26f25c6739@group-21BA9BD4283D: changes role from  FOLLOWER to FOLLOWER at term 345 for recognizeCandidate:7c431f9d-51bc-458b-a3a6-511ec217d887
2019-10-17 06:48:18,129 [grpc-default-executor-4] INFO  impl.RoleInfo (RoleInfo.java:shutdownFollowerState(121)) - 67f35358-9777-4ff9-96f4-8a61bc3a94fe: shutdown FollowerState
2019-10-17 06:48:18,129 [grpc-default-executor-3] INFO  impl.RoleInfo (RoleInfo.java:shutdownFollowerState(121)) - b9cfa588-8e56-4331-be2f-4c26f25c6739: shutdown FollowerState
2019-10-17 06:48:18,129 [Thread-3318] INFO  impl.FollowerState (FollowerState.java:run(117)) - 67f35358-9777-4ff9-96f4-8a61bc3a94fe@group-21BA9BD4283D-FollowerState was interrupted: java.lang.InterruptedException: sleep interrupted
2019-10-17 06:48:18,129 [grpc-default-executor-4] INFO  impl.RoleInfo (RoleInfo.java:updateAndGet(143)) - 67f35358-9777-4ff9-96f4-8a61bc3a94fe: start FollowerState
2019-10-17 06:48:18,130 [Thread-3317] INFO  impl.FollowerState (FollowerState.java:run(117)) - b9cfa588-8e56-4331-be2f-4c26f25c6739@group-21BA9BD4283D-FollowerState was interrupted: java.lang.InterruptedException: sleep interrupted
2019-10-17 06:48:18,130 [grpc-default-executor-3] INFO  impl.RoleInfo (RoleInfo.java:updateAndGet(143)) - b9cfa588-8e56-4331-be2f-4c26f25c6739: start FollowerState
2019-10-17 06:48:18,142 [7c431f9d-51bc-458b-a3a6-511ec217d887@group-21BA9BD4283D-LeaderElection391] INFO  impl.LeaderElection (LeaderElection.java:logAndReturn(56)) - 7c431f9d-51bc-458b-a3a6-511ec217d887@group-21BA9BD4283D-LeaderElection391: Election REJECTED; received 2 response(s) [7c431f9d-51bc-458b-a3a6-511ec217d887<-67f35358-9777-4ff9-96f4-8a61bc3a94fe#0:FAIL-t345, 7c431f9d-51bc-458b-a3a6-511ec217d887<-b9cfa588-8e56-4331-be2f-4c26f25c6739#0:FAIL-t345] and 0 exception(s); 7c431f9d-51bc-458b-a3a6-511ec217d887@group-21BA9BD4283D:t345, leader=null, voted=7c431f9d-51bc-458b-a3a6-511ec217d887, raftlog=7c431f9d-51bc-458b-a3a6-511ec217d887@group-21BA9BD4283D-SegmentedRaftLog:OPENED:c-1,f-1,i0, conf=-1: [67f35358-9777-4ff9-96f4-8a61bc3a94fe:192.168.34.62:37037, 7c431f9d-51bc-458b-a3a6-511ec217d887:192.168.34.62:40420, b9cfa588-8e56-4331-be2f-4c26f25c6739:192.168.34.62:34777], old=null
2019-10-17 06:48:18,142 [7c431f9d-51bc-458b-a3a6-511ec217d887@group-21BA9BD4283D-LeaderElection391] INFO  impl.RaftServerImpl (RaftServerImpl.java:setRole(184)) - 7c431f9d-51bc-458b-a3a6-511ec217d887@group-21BA9BD4283D: changes role from CANDIDATE to FOLLOWER at term 345 for DISCOVERED_A_NEW_TERM
2019-10-17 06:48:18,143 [7c431f9d-51bc-458b-a3a6-511ec217d887@group-21BA9BD4283D-LeaderElection391] INFO  impl.RoleInfo (RoleInfo.java:shutdownLeaderElection(134)) - 7c431f9d-51bc-458b-a3a6-511ec217d887: shutdown LeaderElection
2019-10-17 06:48:18,143 [7c431f9d-51bc-458b-a3a6-511ec217d887@group-21BA9BD4283D-LeaderElection391] INFO  impl.RoleInfo (RoleInfo.java:updateAndGet(143)) - 7c431f9d-51bc-458b-a3a6-511ec217d887: start FollowerState
2019-10-17 06:48:18,148 [Thread-3325] INFO  impl.FollowerState (FollowerState.java:run(108)) - 7c431f9d-51bc-458b-a3a6-511ec217d887@group-21BA9BD4283D-FollowerState: change to CANDIDATE, lastRpcTime:5ms, electionTimeout:5ms
2019-10-17 06:48:18,148 [Thread-3325] INFO  impl.RoleInfo (RoleInfo.java:shutdownFollowerState(121)) - 7c431f9d-51bc-458b-a3a6-511ec217d887: shutdown FollowerState
2019-10-17 06:48:18,148 [Thread-3325] INFO  impl.RaftServerImpl (RaftServerImpl.java:setRole(184)) - 7c431f9d-51bc-458b-a3a6-511ec217d887@group-21BA9BD4283D: changes role from  FOLLOWER to CANDIDATE at term 345 for changeToCandidate
2019-10-17 06:48:18,148 [Thread-3325] INFO  impl.RoleInfo (RoleInfo.java:updateAndGet(143)) - 7c431f9d-51bc-458b-a3a6-511ec217d887: start LeaderElection
2019-10-17 06:48:18,160 [7c431f9d-51bc-458b-a3a6-511ec217d887@group-21BA9BD4283D-LeaderElection392] INFO  impl.LeaderElection (LeaderElection.java:askForVotes(178)) - 7c431f9d-51bc-458b-a3a6-511ec217d887@group-21BA9BD4283D-LeaderElection392: begin an election at term 346 for -1: [67f35358-9777-4ff9-96f4-8a61bc3a94fe:192.168.34.62:37037, 7c431f9d-51bc-458b-a3a6-511ec217d887:192.168.34.62:40420, b9cfa588-8e56-4331-be2f-4c26f25c6739:192.168.34.62:34777], old=null
2019-10-17 06:48:18,161 [grpc-default-executor-4] INFO  impl.RaftServerImpl (RaftServerImpl.java:setRole(184)) - 67f35358-9777-4ff9-96f4-8a61bc3a94fe@group-21BA9BD4283D: changes role from  FOLLOWER to FOLLOWER at term 346 for recognizeCandidate:7c431f9d-51bc-458b-a3a6-511ec217d887
2019-10-17 06:48:18,161 [grpc-default-executor-4] INFO  impl.RoleInfo (RoleInfo.java:shutdownFollowerState(121)) - 67f35358-9777-4ff9-96f4-8a61bc3a94fe: shutdown FollowerState
2019-10-17 06:48:18,161 [grpc-default-executor-3] INFO  impl.RaftServerImpl (RaftServerImpl.java:setRole(184)) - b9cfa588-8e56-4331-be2f-4c26f25c6739@group-21BA9BD4283D: changes role from  FOLLOWER to FOLLOWER at term 346 for recognizeCandidate:7c431f9d-51bc-458b-a3a6-511ec217d887
2019-10-17 06:48:18,161 [Thread-3323] INFO  impl.FollowerState (FollowerState.java:run(117)) - 67f35358-9777-4ff9-96f4-8a61bc3a94fe@group-21BA9BD4283D-FollowerState was interrupted: java.lang.InterruptedException: sleep interrupted
2019-10-17 06:48:18,161 [grpc-default-executor-4] INFO  impl.RoleInfo (RoleInfo.java:updateAndGet(143)) - 67f35358-9777-4ff9-96f4-8a61bc3a94fe: start FollowerState
2019-10-17 06:48:18,161 [grpc-default-executor-3] INFO  impl.RoleInfo (RoleInfo.java:shutdownFollowerState(121)) - b9cfa588-8e56-4331-be2f-4c26f25c6739: shutdown FollowerState
2019-10-17 06:48:18,162 [grpc-default-executor-3] INFO  impl.RoleInfo (RoleInfo.java:updateAndGet(143)) - b9cfa588-8e56-4331-be2f-4c26f25c6739: start FollowerState
2019-10-17 06:48:18,162 [Thread-3324] INFO  impl.FollowerState (FollowerState.java:run(117)) - b9cfa588-8e56-4331-be2f-4c26f25c6739@group-21BA9BD4283D-FollowerState was interrupted: java.lang.InterruptedException: sleep interrupted
2019-10-17 06:48:18,174 [7c431f9d-51bc-458b-a3a6-511ec217d887@group-21BA9BD4283D-LeaderElection392] INFO  impl.LeaderElection (LeaderElection.java:logAndReturn(56)) - 7c431f9d-51bc-458b-a3a6-511ec217d887@group-21BA9BD4283D-LeaderElection392: Election REJECTED; received 2 response(s) [7c431f9d-51bc-458b-a3a6-511ec217d887<-67f35358-9777-4ff9-96f4-8a61bc3a94fe#0:FAIL-t346, 7c431f9d-51bc-458b-a3a6-511ec217d887<-b9cfa588-8e56-4331-be2f-4c26f25c6739#0:FAIL-t346] and 0 exception(s); 7c431f9d-51bc-458b-a3a6-511ec217d887@group-21BA9BD4283D:t346, leader=null, voted=7c431f9d-51bc-458b-a3a6-511ec217d887, raftlog=7c431f9d-51bc-458b-a3a6-511ec217d887@group-21BA9BD4283D-SegmentedRaftLog:OPENED:c-1,f-1,i0, conf=-1: [67f35358-9777-4ff9-96f4-8a61bc3a94fe:192.168.34.62:37037, 7c431f9d-51bc-458b-a3a6-511ec217d887:192.168.34.62:40420, b9cfa588-8e56-4331-be2f-4c26f25c6739:192.168.34.62:34777], old=null
2019-10-17 06:48:18,175 [7c431f9d-51bc-458b-a3a6-511ec217d887@group-21BA9BD4283D-LeaderElection392] INFO  impl.RaftServerImpl (RaftServerImpl.java:setRole(184)) - 7c431f9d-51bc-458b-a3a6-511ec217d887@group-21BA9BD4283D: changes role from CANDIDATE to FOLLOWER at term 346 for DISCOVERED_A_NEW_TERM
2019-10-17 06:48:18,175 [7c431f9d-51bc-458b-a3a6-511ec217d887@group-21BA9BD4283D-LeaderElection392] INFO  impl.RoleInfo (RoleInfo.java:shutdownLeaderElection(134)) - 7c431f9d-51bc-458b-a3a6-511ec217d887: shutdown LeaderElection
2019-10-17 06:48:18,175 [7c431f9d-51bc-458b-a3a6-511ec217d887@group-21BA9BD4283D-LeaderElection392] INFO  impl.RoleInfo (RoleInfo.java:updateAndGet(143)) - 7c431f9d-51bc-458b-a3a6-511ec217d887: start FollowerState
2019-10-17 06:48:18,329 [Thread-3331] INFO  impl.FollowerState (FollowerState.java:run(108)) - 7c431f9d-51bc-458b-a3a6-511ec217d887@group-21BA9BD4283D-FollowerState: change to CANDIDATE, lastRpcTime:154ms, electionTimeout:154ms
2019-10-17 06:48:18,329 [Thread-3331] INFO  impl.RoleInfo (RoleInfo.java:shutdownFollowerState(121)) - 7c431f9d-51bc-458b-a3a6-511ec217d887: shutdown FollowerState
2019-10-17 06:48:18,329 [Thread-3331] INFO  impl.RaftServerImpl (RaftServerImpl.java:setRole(184)) - 7c431f9d-51bc-458b-a3a6-511ec217d887@group-21BA9BD4283D: changes role from  FOLLOWER to CANDIDATE at term 346 for changeToCandidate
2019-10-17 06:48:18,329 [Thread-3331] INFO  impl.RoleInfo (RoleInfo.java:updateAndGet(143)) - 7c431f9d-51bc-458b-a3a6-511ec217d887: start LeaderElection
2019-10-17 06:48:18,355 [7c431f9d-51bc-458b-a3a6-511ec217d887@group-21BA9BD4283D-LeaderElection393] INFO  impl.LeaderElection (LeaderElection.java:askForVotes(178)) - 7c431f9d-51bc-458b-a3a6-511ec217d887@group-21BA9BD4283D-LeaderElection393: begin an election at term 347 for -1: [67f35358-9777-4ff9-96f4-8a61bc3a94fe:192.168.34.62:37037, 7c431f9d-51bc-458b-a3a6-511ec217d887:192.168.34.62:40420, b9cfa588-8e56-4331-be2f-4c26f25c6739:192.168.34.62:34777], old=null
2019-10-17 06:48:18,356 [grpc-default-executor-4] INFO  impl.RaftServerImpl (RaftServerImpl.java:setRole(184)) - b9cfa588-8e56-4331-be2f-4c26f25c6739@group-21BA9BD4283D: changes role from  FOLLOWER to FOLLOWER at term 347 for recognizeCandidate:7c431f9d-51bc-458b-a3a6-511ec217d887
2019-10-17 06:48:18,356 [grpc-default-executor-3] INFO  impl.RaftServerImpl (RaftServerImpl.java:setRole(184)) - 67f35358-9777-4ff9-96f4-8a61bc3a94fe@group-21BA9BD4283D: changes role from  FOLLOWER to FOLLOWER at term 347 for recognizeCandidate:7c431f9d-51bc-458b-a3a6-511ec217d887
2019-10-17 06:48:18,356 [grpc-default-executor-4] INFO  impl.RoleInfo (RoleInfo.java:shutdownFollowerState(121)) - b9cfa588-8e56-4331-be2f-4c26f25c6739: shutdown FollowerState
2019-10-17 06:48:18,356 [grpc-default-executor-3] INFO  impl.RoleInfo (RoleInfo.java:shutdownFollowerState(121)) - 67f35358-9777-4ff9-96f4-8a61bc3a94fe: shutdown FollowerState
2019-10-17 06:48:18,357 [Thread-3330] INFO  impl.FollowerState (FollowerState.java:run(117)) - b9cfa588-8e56-4331-be2f-4c26f25c6739@group-21BA9BD4283D-FollowerState was interrupted: java.lang.InterruptedException: sleep interrupted
2019-10-17 06:48:18,357 [grpc-default-executor-4] INFO  impl.RoleInfo (RoleInfo.java:updateAndGet(143)) - b9cfa588-8e56-4331-be2f-4c26f25c6739: start FollowerState
2019-10-17 06:48:18,357 [Thread-3329] INFO  impl.FollowerState (FollowerState.java:run(117)) - 67f35358-9777-4ff9-96f4-8a61bc3a94fe@group-21BA9BD4283D-FollowerState was interrupted: java.lang.InterruptedException: sleep interrupted
2019-10-17 06:48:18,357 [grpc-default-executor-3] INFO  impl.RoleInfo (RoleInfo.java:updateAndGet(143)) - 67f35358-9777-4ff9-96f4-8a61bc3a94fe: start FollowerState
2019-10-17 06:48:18,381 [7c431f9d-51bc-458b-a3a6-511ec217d887@group-21BA9BD4283D-LeaderElection393] INFO  impl.LeaderElection (LeaderElection.java:logAndReturn(56)) - 7c431f9d-51bc-458b-a3a6-511ec217d887@group-21BA9BD4283D-LeaderElection393: Election REJECTED; received 2 response(s) [7c431f9d-51bc-458b-a3a6-511ec217d887<-67f35358-9777-4ff9-96f4-8a61bc3a94fe#0:FAIL-t347, 7c431f9d-51bc-458b-a3a6-511ec217d887<-b9cfa588-8e56-4331-be2f-4c26f25c6739#0:FAIL-t347] and 0 exception(s); 7c431f9d-51bc-458b-a3a6-511ec217d887@group-21BA9BD4283D:t347, leader=null, voted=7c431f9d-51bc-458b-a3a6-511ec217d887, raftlog=7c431f9d-51bc-458b-a3a6-511ec217d887@group-21BA9BD4283D-SegmentedRaftLog:OPENED:c-1,f-1,i0, conf=-1: [67f35358-9777-4ff9-96f4-8a61bc3a94fe:192.168.34.62:37037, 7c431f9d-51bc-458b-a3a6-511ec217d887:192.168.34.62:40420, b9cfa588-8e56-4331-be2f-4c26f25c6739:192.168.34.62:34777], old=null
2019-10-17 06:48:18,381 [7c431f9d-51bc-458b-a3a6-511ec217d887@group-21BA9BD4283D-LeaderElection393] INFO  impl.RaftServerImpl (RaftServerImpl.java:setRole(184)) - 7c431f9d-51bc-458b-a3a6-511ec217d887@group-21BA9BD4283D: changes role from CANDIDATE to FOLLOWER at term 347 for DISCOVERED_A_NEW_TERM
2019-10-17 06:48:18,381 [7c431f9d-51bc-458b-a3a6-511ec217d887@group-21BA9BD4283D-LeaderElection393] INFO  impl.RoleInfo (RoleInfo.java:shutdownLeaderElection(134)) - 7c431f9d-51bc-458b-a3a6-511ec217d887: shutdown LeaderElection
2019-10-17 06:48:18,381 [7c431f9d-51bc-458b-a3a6-511ec217d887@group-21BA9BD4283D-LeaderElection393] INFO  impl.RoleInfo (RoleInfo.java:updateAndGet(143)) - 7c431f9d-51bc-458b-a3a6-511ec217d887: start FollowerState
2019-10-17 06:48:18,519 [Thread-3337] INFO  impl.FollowerState (FollowerState.java:run(108)) - 7c431f9d-51bc-458b-a3a6-511ec217d887@group-21BA9BD4283D-FollowerState: change to CANDIDATE, lastRpcTime:138ms, electionTimeout:138ms
2019-10-17 06:48:18,519 [Thread-3337] INFO  impl.RoleInfo (RoleInfo.java:shutdownFollowerState(121)) - 7c431f9d-51bc-458b-a3a6-511ec217d887: shutdown FollowerState
2019-10-17 06:48:18,520 [Thread-3337] INFO  impl.RaftServerImpl (RaftServerImpl.java:setRole(184)) - 7c431f9d-51bc-458b-a3a6-511ec217d887@group-21BA9BD4283D: changes role from  FOLLOWER to CANDIDATE at term 347 for changeToCandidate
2019-10-17 06:48:18,520 [Thread-3337] INFO  impl.RoleInfo (RoleInfo.java:updateAndGet(143)) - 7c431f9d-51bc-458b-a3a6-511ec217d887: start LeaderElection
2019-10-17 06:48:18,533 [7c431f9d-51bc-458b-a3a6-511ec217d887@group-21BA9BD4283D-LeaderElection394] INFO  impl.LeaderElection (LeaderElection.java:askForVotes(178)) - 7c431f9d-51bc-458b-a3a6-511ec217d887@group-21BA9BD4283D-LeaderElection394: begin an election at term 348 for -1: [67f35358-9777-4ff9-96f4-8a61bc3a94fe:192.168.34.62:37037, 7c431f9d-51bc-458b-a3a6-511ec217d887:192.168.34.62:40420, b9cfa588-8e56-4331-be2f-4c26f25c6739:192.168.34.62:34777], old=null
2019-10-17 06:48:18,534 [grpc-default-executor-3] INFO  impl.RaftServerImpl (RaftServerImpl.java:setRole(184)) - 67f35358-9777-4ff9-96f4-8a61bc3a94fe@group-21BA9BD4283D: changes role from  FOLLOWER to FOLLOWER at term 348 for recognizeCandidate:7c431f9d-51bc-458b-a3a6-511ec217d887
2019-10-17 06:48:18,534 [grpc-default-executor-3] INFO  impl.RoleInfo (RoleInfo.java:shutdownFollowerState(121)) - 67f35358-9777-4ff9-96f4-8a61bc3a94fe: shutdown FollowerState
2019-10-17 06:48:18,534 [grpc-default-executor-4] INFO  impl.RaftServerImpl (RaftServerImpl.java:setRole(184)) - b9cfa588-8e56-4331-be2f-4c26f25c6739@group-21BA9BD4283D: changes role from  FOLLOWER to FOLLOWER at term 348 for recognizeCandidate:7c431f9d-51bc-458b-a3a6-511ec217d887
2019-10-17 06:48:18,534 [grpc-default-executor-4] INFO  impl.RoleInfo (RoleInfo.java:shutdownFollowerState(121)) - b9cfa588-8e56-4331-be2f-4c26f25c6739: shutdown FollowerState
2019-10-17 06:48:18,534 [Thread-3336] INFO  impl.FollowerState (FollowerState.java:run(117)) - 67f35358-9777-4ff9-96f4-8a61bc3a94fe@group-21BA9BD4283D-FollowerState was interrupted: java.lang.InterruptedException: sleep interrupted
2019-10-17 06:48:18,534 [grpc-default-executor-3] INFO  impl.RoleInfo (RoleInfo.java:updateAndGet(143)) - 67f35358-9777-4ff9-96f4-8a61bc3a94fe: start FollowerState
2019-10-17 06:48:18,534 [Thread-3335] INFO  impl.FollowerState (FollowerState.java:run(117)) - b9cfa588-8e56-4331-be2f-4c26f25c6739@group-21BA9BD4283D-FollowerState was interrupted: java.lang.InterruptedException: sleep interrupted
2019-10-17 06:48:18,534 [grpc-default-executor-4] INFO  impl.RoleInfo (RoleInfo.java:updateAndGet(143)) - b9cfa588-8e56-4331-be2f-4c26f25c6739: start FollowerState
2019-10-17 06:48:18,561 [7c431f9d-51bc-458b-a3a6-511ec217d887@group-21BA9BD4283D-LeaderElection394] INFO  impl.LeaderElection (LeaderElection.java:logAndReturn(56)) - 7c431f9d-51bc-458b-a3a6-511ec217d887@group-21BA9BD4283D-LeaderElection394: Election REJECTED; received 2 response(s) [7c431f9d-51bc-458b-a3a6-511ec217d887<-67f35358-9777-4ff9-96f4-8a61bc3a94fe#0:FAIL-t348, 7c431f9d-51bc-458b-a3a6-511ec217d887<-b9cfa588-8e56-4331-be2f-4c26f25c6739#0:FAIL-t348] and 0 exception(s); 7c431f9d-51bc-458b-a3a6-511ec217d887@group-21BA9BD4283D:t348, leader=null, voted=7c431f9d-51bc-458b-a3a6-511ec217d887, raftlog=7c431f9d-51bc-458b-a3a6-511ec217d887@group-21BA9BD4283D-SegmentedRaftLog:OPENED:c-1,f-1,i0, conf=-1: [67f35358-9777-4ff9-96f4-8a61bc3a94fe:192.168.34.62:37037, 7c431f9d-51bc-458b-a3a6-511ec217d887:192.168.34.62:40420, b9cfa588-8e56-4331-be2f-4c26f25c6739:192.168.34.62:34777], old=null
2019-10-17 06:48:18,561 [7c431f9d-51bc-458b-a3a6-511ec217d887@group-21BA9BD4283D-LeaderElection394] INFO  impl.RaftServerImpl (RaftServerImpl.java:setRole(184)) - 7c431f9d-51bc-458b-a3a6-511ec217d887@group-21BA9BD4283D: changes role from CANDIDATE to FOLLOWER at term 348 for DISCOVERED_A_NEW_TERM
2019-10-17 06:48:18,561 [7c431f9d-51bc-458b-a3a6-511ec217d887@group-21BA9BD4283D-LeaderElection394] INFO  impl.RoleInfo (RoleInfo.java:shutdownLeaderElection(134)) - 7c431f9d-51bc-458b-a3a6-511ec217d887: shutdown LeaderElection
2019-10-17 06:48:18,561 [7c431f9d-51bc-458b-a3a6-511ec217d887@group-21BA9BD4283D-LeaderElection394] INFO  impl.RoleInfo (RoleInfo.java:updateAndGet(143)) - 7c431f9d-51bc-458b-a3a6-511ec217d887: start FollowerState
2019-10-17 06:48:18,644 [Thread-3343] INFO  impl.FollowerState (FollowerState.java:run(108)) - 7c431f9d-51bc-458b-a3a6-511ec217d887@group-21BA9BD4283D-FollowerState: change to CANDIDATE, lastRpcTime:83ms, electionTimeout:83ms
2019-10-17 06:48:18,644 [Thread-3343] INFO  impl.RoleInfo (RoleInfo.java:shutdownFollowerState(121)) - 7c431f9d-51bc-458b-a3a6-511ec217d887: shutdown FollowerState
2019-10-17 06:48:18,644 [Thread-3343] INFO  impl.RaftServerImpl (RaftServerImpl.java:setRole(184)) - 7c431f9d-51bc-458b-a3a6-511ec217d887@group-21BA9BD4283D: changes role from  FOLLOWER to CANDIDATE at term 348 for changeToCandidate
2019-10-17 06:48:18,645 [Thread-3343] INFO  impl.RoleInfo (RoleInfo.java:updateAndGet(143)) - 7c431f9d-51bc-458b-a3a6-511ec217d887: start LeaderElection
2019-10-17 06:48:18,652 [7c431f9d-51bc-458b-a3a6-511ec217d887@group-21BA9BD4283D-LeaderElection395] INFO  impl.LeaderElection (LeaderElection.java:askForVotes(178)) - 7c431f9d-51bc-458b-a3a6-511ec217d887@group-21BA9BD4283D-LeaderElection395: begin an election at term 349 for -1: [67f35358-9777-4ff9-96f4-8a61bc3a94fe:192.168.34.62:37037, 7c431f9d-51bc-458b-a3a6-511ec217d887:192.168.34.62:40420, b9cfa588-8e56-4331-be2f-4c26f25c6739:192.168.34.62:34777], old=null
2019-10-17 06:48:18,653 [grpc-default-executor-3] INFO  impl.RaftServerImpl (RaftServerImpl.java:setRole(184)) - 67f35358-9777-4ff9-96f4-8a61bc3a94fe@group-21BA9BD4283D: changes role from  FOLLOWER to FOLLOWER at term 349 for recognizeCandidate:7c431f9d-51bc-458b-a3a6-511ec217d887
2019-10-17 06:48:18,653 [grpc-default-executor-3] INFO  impl.RoleInfo (RoleInfo.java:shutdownFollowerState(121)) - 67f35358-9777-4ff9-96f4-8a61bc3a94fe: shutdown FollowerState
2019-10-17 06:48:18,653 [grpc-default-executor-4] INFO  impl.RaftServerImpl (RaftServerImpl.java:setRole(184)) - b9cfa588-8e56-4331-be2f-4c26f25c6739@group-21BA9BD4283D: changes role from  FOLLOWER to FOLLOWER at term 349 for recognizeCandidate:7c431f9d-51bc-458b-a3a6-511ec217d887
2019-10-17 06:48:18,654 [grpc-default-executor-4] INFO  impl.RoleInfo (RoleInfo.java:shutdownFollowerState(121)) - b9cfa588-8e56-4331-be2f-4c26f25c6739: shutdown FollowerState
2019-10-17 06:48:18,653 [Thread-3341] INFO  impl.FollowerState (FollowerState.java:run(117)) - 67f35358-9777-4ff9-96f4-8a61bc3a94fe@group-21BA9BD4283D-FollowerState was interrupted: java.lang.InterruptedException: sleep interrupted
2019-10-17 06:48:18,653 [grpc-default-executor-3] INFO  impl.RoleInfo (RoleInfo.java:updateAndGet(143)) - 67f35358-9777-4ff9-96f4-8a61bc3a94fe: start FollowerState
2019-10-17 06:48:18,654 [Thread-3342] INFO  impl.FollowerState (FollowerState.java:run(117)) - b9cfa588-8e56-4331-be2f-4c26f25c6739@group-21BA9BD4283D-FollowerState was interrupted: java.lang.InterruptedException: sleep interrupted
2019-10-17 06:48:18,654 [grpc-default-executor-4] INFO  impl.RoleInfo (RoleInfo.java:updateAndGet(143)) - b9cfa588-8e56-4331-be2f-4c26f25c6739: start FollowerState
2019-10-17 06:48:18,671 [7c431f9d-51bc-458b-a3a6-511ec217d887@group-21BA9BD4283D-LeaderElection395] INFO  impl.LeaderElection (LeaderElection.java:logAndReturn(56)) - 7c431f9d-51bc-458b-a3a6-511ec217d887@group-21BA9BD4283D-LeaderElection395: Election REJECTED; received 2 response(s) [7c431f9d-51bc-458b-a3a6-511ec217d887<-67f35358-9777-4ff9-96f4-8a61bc3a94fe#0:FAIL-t349, 7c431f9d-51bc-458b-a3a6-511ec217d887<-b9cfa588-8e56-4331-be2f-4c26f25c6739#0:FAIL-t349] and 0 exception(s); 7c431f9d-51bc-458b-a3a6-511ec217d887@group-21BA9BD4283D:t349, leader=null, voted=7c431f9d-51bc-458b-a3a6-511ec217d887, raftlog=7c431f9d-51bc-458b-a3a6-511ec217d887@group-21BA9BD4283D-SegmentedRaftLog:OPENED:c-1,f-1,i0, conf=-1: [67f35358-9777-4ff9-96f4-8a61bc3a94fe:192.168.34.62:37037, 7c431f9d-51bc-458b-a3a6-511ec217d887:192.168.34.62:40420, b9cfa588-8e56-4331-be2f-4c26f25c6739:192.168.34.62:34777], old=null
2019-10-17 06:48:18,672 [7c431f9d-51bc-458b-a3a6-511ec217d887@group-21BA9BD4283D-LeaderElection395] INFO  impl.RaftServerImpl (RaftServerImpl.java:setRole(184)) - 7c431f9d-51bc-458b-a3a6-511ec217d887@group-21BA9BD4283D: changes role from CANDIDATE to FOLLOWER at term 349 for DISCOVERED_A_NEW_TERM
2019-10-17 06:48:18,672 [7c431f9d-51bc-458b-a3a6-511ec217d887@group-21BA9BD4283D-LeaderElection395] INFO  impl.RoleInfo (RoleInfo.java:shutdownLeaderElection(134)) - 7c431f9d-51bc-458b-a3a6-511ec217d887: shutdown LeaderElection
2019-10-17 06:48:18,672 [7c431f9d-51bc-458b-a3a6-511ec217d887@group-21BA9BD4283D-LeaderElection395] INFO  impl.RoleInfo (RoleInfo.java:updateAndGet(143)) - 7c431f9d-51bc-458b-a3a6-511ec217d887: start FollowerState
2019-10-17 06:48:18,796 [Thread-3349] INFO  impl.FollowerState (FollowerState.java:run(108)) - 7c431f9d-51bc-458b-a3a6-511ec217d887@group-21BA9BD4283D-FollowerState: change to CANDIDATE, lastRpcTime:124ms, electionTimeout:124ms
2019-10-17 06:48:18,796 [Thread-3349] INFO  impl.RoleInfo (RoleInfo.java:shutdownFollowerState(121)) - 7c431f9d-51bc-458b-a3a6-511ec217d887: shutdown FollowerState
2019-10-17 06:48:18,796 [Thread-3349] INFO  impl.RaftServerImpl (RaftServerImpl.java:setRole(184)) - 7c431f9d-51bc-458b-a3a6-511ec217d887@group-21BA9BD4283D: changes role from  FOLLOWER to CANDIDATE at term 349 for changeToCandidate
2019-10-17 06:48:18,796 [Thread-3349] INFO  impl.RoleInfo (RoleInfo.java:updateAndGet(143)) - 7c431f9d-51bc-458b-a3a6-511ec217d887: start LeaderElection
2019-10-17 06:48:18,811 [7c431f9d-51bc-458b-a3a6-511ec217d887@group-21BA9BD4283D-LeaderElection396] INFO  impl.LeaderElection (LeaderElection.java:askForVotes(178)) - 7c431f9d-51bc-458b-a3a6-511ec217d887@group-21BA9BD4283D-LeaderElection396: begin an election at term 350 for -1: [67f35358-9777-4ff9-96f4-8a61bc3a94fe:192.168.34.62:37037, 7c431f9d-51bc-458b-a3a6-511ec217d887:192.168.34.62:40420, b9cfa588-8e56-4331-be2f-4c26f25c6739:192.168.34.62:34777], old=null
2019-10-17 06:48:18,813 [grpc-default-executor-3] INFO  impl.RaftServerImpl (RaftServerImpl.java:setRole(184)) - b9cfa588-8e56-4331-be2f-4c26f25c6739@group-21BA9BD4283D: changes role from  FOLLOWER to FOLLOWER at term 350 for recognizeCandidate:7c431f9d-51bc-458b-a3a6-511ec217d887
2019-10-17 06:48:18,813 [grpc-default-executor-4] INFO  impl.RaftServerImpl (RaftServerImpl.java:setRole(184)) - 67f35358-9777-4ff9-96f4-8a61bc3a94fe@group-21BA9BD4283D: changes role from  FOLLOWER to FOLLOWER at term 350 for recognizeCandidate:7c431f9d-51bc-458b-a3a6-511ec217d887
2019-10-17 06:48:18,813 [grpc-default-executor-3] INFO  impl.RoleInfo (RoleInfo.java:shutdownFollowerState(121)) - b9cfa588-8e56-4331-be2f-4c26f25c6739: shutdown FollowerState
2019-10-17 06:48:18,813 [grpc-default-executor-4] INFO  impl.RoleInfo (RoleInfo.java:shutdownFollowerState(121)) - 67f35358-9777-4ff9-96f4-8a61bc3a94fe: shutdown FollowerState
2019-10-17 06:48:18,813 [Thread-3348] INFO  impl.FollowerState (FollowerState.java:run(117)) - b9cfa588-8e56-4331-be2f-4c26f25c6739@group-21BA9BD4283D-FollowerState was interrupted: java.lang.InterruptedException: sleep interrupted
2019-10-17 06:48:18,813 [Thread-3347] INFO  impl.FollowerState (FollowerState.java:run(117)) - 67f35358-9777-4ff9-96f4-8a61bc3a94fe@group-21BA9BD4283D-FollowerState was interrupted: java.lang.InterruptedException: sleep interrupted
2019-10-17 06:48:18,813 [grpc-default-executor-3] INFO  impl.RoleInfo (RoleInfo.java:updateAndGet(143)) - b9cfa588-8e56-4331-be2f-4c26f25c6739: start FollowerState
2019-10-17 06:48:18,813 [grpc-default-executor-4] INFO  impl.RoleInfo (RoleInfo.java:updateAndGet(143)) - 67f35358-9777-4ff9-96f4-8a61bc3a94fe: start FollowerState
2019-10-17 06:48:18,827 [7c431f9d-51bc-458b-a3a6-511ec217d887@group-21BA9BD4283D-LeaderElection396] INFO  impl.LeaderElection (LeaderElection.java:logAndReturn(56)) - 7c431f9d-51bc-458b-a3a6-511ec217d887@group-21BA9BD4283D-LeaderElection396: Election REJECTED; received 2 response(s) [7c431f9d-51bc-458b-a3a6-511ec217d887<-67f35358-9777-4ff9-96f4-8a61bc3a94fe#0:FAIL-t350, 7c431f9d-51bc-458b-a3a6-511ec217d887<-b9cfa588-8e56-4331-be2f-4c26f25c6739#0:FAIL-t350] and 0 exception(s); 7c431f9d-51bc-458b-a3a6-511ec217d887@group-21BA9BD4283D:t350, leader=null, voted=7c431f9d-51bc-458b-a3a6-511ec217d887, raftlog=7c431f9d-51bc-458b-a3a6-511ec217d887@group-21BA9BD4283D-SegmentedRaftLog:OPENED:c-1,f-1,i0, conf=-1: [67f35358-9777-4ff9-96f4-8a61bc3a94fe:192.168.34.62:37037, 7c431f9d-51bc-458b-a3a6-511ec217d887:192.168.34.62:40420, b9cfa588-8e56-4331-be2f-4c26f25c6739:192.168.34.62:34777], old=null
2019-10-17 06:48:18,828 [7c431f9d-51bc-458b-a3a6-511ec217d887@group-21BA9BD4283D-LeaderElection396] INFO  impl.RaftServerImpl (RaftServerImpl.java:setRole(184)) - 7c431f9d-51bc-458b-a3a6-511ec217d887@group-21BA9BD4283D: changes role from CANDIDATE to FOLLOWER at term 350 for DISCOVERED_A_NEW_TERM
2019-10-17 06:48:18,828 [7c431f9d-51bc-458b-a3a6-511ec217d887@group-21BA9BD4283D-LeaderElection396] INFO  impl.RoleInfo (RoleInfo.java:shutdownLeaderElection(134)) - 7c431f9d-51bc-458b-a3a6-511ec217d887: shutdown LeaderElection
2019-10-17 06:48:18,828 [7c431f9d-51bc-458b-a3a6-511ec217d887@group-21BA9BD4283D-LeaderElection396] INFO  impl.RoleInfo (RoleInfo.java:updateAndGet(143)) - 7c431f9d-51bc-458b-a3a6-511ec217d887: start FollowerState
2019-10-17 06:48:18,919 [Thread-3355] INFO  impl.FollowerState (FollowerState.java:run(108)) - 7c431f9d-51bc-458b-a3a6-511ec217d887@group-21BA9BD4283D-FollowerState: change to CANDIDATE, lastRpcTime:91ms, electionTimeout:91ms
2019-10-17 06:48:18,919 [Thread-3355] INFO  impl.RoleInfo (RoleInfo.java:shutdownFollowerState(121)) - 7c431f9d-51bc-458b-a3a6-511ec217d887: shutdown FollowerState
2019-10-17 06:48:18,919 [Thread-3355] INFO  impl.RaftServerImpl (RaftServerImpl.java:setRole(184)) - 7c431f9d-51bc-458b-a3a6-511ec217d887@group-21BA9BD4283D: changes role from  FOLLOWER to CANDIDATE at term 350 for changeToCandidate
2019-10-17 06:48:18,919 [Thread-3355] INFO  impl.RoleInfo (RoleInfo.java:updateAndGet(143)) - 7c431f9d-51bc-458b-a3a6-511ec217d887: start LeaderElection
2019-10-17 06:48:18,943 [7c431f9d-51bc-458b-a3a6-511ec217d887@group-21BA9BD4283D-LeaderElection397] INFO  impl.LeaderElection (LeaderElection.java:askForVotes(178)) - 7c431f9d-51bc-458b-a3a6-511ec217d887@group-21BA9BD4283D-LeaderElection397: begin an election at term 351 for -1: [67f35358-9777-4ff9-96f4-8a61bc3a94fe:192.168.34.62:37037, 7c431f9d-51bc-458b-a3a6-511ec217d887:192.168.34.62:40420, b9cfa588-8e56-4331-be2f-4c26f25c6739:192.168.34.62:34777], old=null
2019-10-17 06:48:18,945 [grpc-default-executor-4] INFO  impl.RaftServerImpl (RaftServerImpl.java:setRole(184)) - 67f35358-9777-4ff9-96f4-8a61bc3a94fe@group-21BA9BD4283D: changes role from  FOLLOWER to FOLLOWER at term 351 for recognizeCandidate:7c431f9d-51bc-458b-a3a6-511ec217d887
2019-10-17 06:48:18,945 [grpc-default-executor-3] INFO  impl.RaftServerImpl (RaftServerImpl.java:setRole(184)) - b9cfa588-8e56-4331-be2f-4c26f25c6739@group-21BA9BD4283D: changes role from  FOLLOWER to FOLLOWER at term 351 for recognizeCandidate:7c431f9d-51bc-458b-a3a6-511ec217d887
2019-10-17 06:48:18,945 [grpc-default-executor-3] INFO  impl.RoleInfo (RoleInfo.java:shutdownFollowerState(121)) - b9cfa588-8e56-4331-be2f-4c26f25c6739: shutdown FollowerState
2019-10-17 06:48:18,945 [grpc-default-executor-4] INFO  impl.RoleInfo (RoleInfo.java:shutdownFollowerState(121)) - 67f35358-9777-4ff9-96f4-8a61bc3a94fe: shutdown FollowerState
2019-10-17 06:48:18,945 [Thread-3353] INFO  impl.FollowerState (FollowerState.java:run(117)) - b9cfa588-8e56-4331-be2f-4c26f25c6739@group-21BA9BD4283D-FollowerState was interrupted: java.lang.InterruptedException: sleep interrupted
2019-10-17 06:48:18,945 [grpc-default-executor-3] INFO  impl.RoleInfo (RoleInfo.java:updateAndGet(143)) - b9cfa588-8e56-4331-be2f-4c26f25c6739: start FollowerState
2019-10-17 06:48:18,945 [Thread-3354] INFO  impl.FollowerState (FollowerState.java:run(117)) - 67f35358-9777-4ff9-96f4-8a61bc3a94fe@group-21BA9BD4283D-FollowerState was interrupted: java.lang.InterruptedException: sleep interrupted
2019-10-17 06:48:18,945 [grpc-default-executor-4] INFO  impl.RoleInfo (RoleInfo.java:updateAndGet(143)) - 67f35358-9777-4ff9-96f4-8a61bc3a94fe: start FollowerState
2019-10-17 06:48:18,963 [7c431f9d-51bc-458b-a3a6-511ec217d887@group-21BA9BD4283D-LeaderElection397] INFO  impl.LeaderElection (LeaderElection.java:logAndReturn(56)) - 7c431f9d-51bc-458b-a3a6-511ec217d887@group-21BA9BD4283D-LeaderElection397: Election REJECTED; received 2 response(s) [7c431f9d-51bc-458b-a3a6-511ec217d887<-67f35358-9777-4ff9-96f4-8a61bc3a94fe#0:FAIL-t351, 7c431f9d-51bc-458b-a3a6-511ec217d887<-b9cfa588-8e56-4331-be2f-4c26f25c6739#0:FAIL-t351] and 0 exception(s); 7c431f9d-51bc-458b-a3a6-511ec217d887@group-21BA9BD4283D:t351, leader=null, voted=7c431f9d-51bc-458b-a3a6-511ec217d887, raftlog=7c431f9d-51bc-458b-a3a6-511ec217d887@group-21BA9BD4283D-SegmentedRaftLog:OPENED:c-1,f-1,i0, conf=-1: [67f35358-9777-4ff9-96f4-8a61bc3a94fe:192.168.34.62:37037, 7c431f9d-51bc-458b-a3a6-511ec217d887:192.168.34.62:40420, b9cfa588-8e56-4331-be2f-4c26f25c6739:192.168.34.62:34777], old=null
2019-10-17 06:48:18,963 [7c431f9d-51bc-458b-a3a6-511ec217d887@group-21BA9BD4283D-LeaderElection397] INFO  impl.RaftServerImpl (RaftServerImpl.java:setRole(184)) - 7c431f9d-51bc-458b-a3a6-511ec217d887@group-21BA9BD4283D: changes role from CANDIDATE to FOLLOWER at term 351 for DISCOVERED_A_NEW_TERM
2019-10-17 06:48:18,964 [7c431f9d-51bc-458b-a3a6-511ec217d887@group-21BA9BD4283D-LeaderElection397] INFO  impl.RoleInfo (RoleInfo.java:shutdownLeaderElection(134)) - 7c431f9d-51bc-458b-a3a6-511ec217d887: shutdown LeaderElection
2019-10-17 06:48:18,964 [7c431f9d-51bc-458b-a3a6-511ec217d887@group-21BA9BD4283D-LeaderElection397] INFO  impl.RoleInfo (RoleInfo.java:updateAndGet(143)) - 7c431f9d-51bc-458b-a3a6-511ec217d887: start FollowerState
2019-10-17 06:48:19,084 [Thread-3361] INFO  impl.FollowerState (FollowerState.java:run(108)) - 7c431f9d-51bc-458b-a3a6-511ec217d887@group-21BA9BD4283D-FollowerState: change to CANDIDATE, lastRpcTime:120ms, electionTimeout:120ms
2019-10-17 06:48:19,084 [Thread-3361] INFO  impl.RoleInfo (RoleInfo.java:shutdownFollowerState(121)) - 7c431f9d-51bc-458b-a3a6-511ec217d887: shutdown FollowerState
2019-10-17 06:48:19,084 [Thread-3361] INFO  impl.RaftServerImpl (RaftServerImpl.java:setRole(184)) - 7c431f9d-51bc-458b-a3a6-511ec217d887@group-21BA9BD4283D: changes role from  FOLLOWER to CANDIDATE at term 351 for changeToCandidate
2019-10-17 06:48:19,084 [Thread-3361] INFO  impl.RoleInfo (RoleInfo.java:updateAndGet(143)) - 7c431f9d-51bc-458b-a3a6-511ec217d887: start LeaderElection
2019-10-17 06:48:19,107 [7c431f9d-51bc-458b-a3a6-511ec217d887@group-21BA9BD4283D-LeaderElection398] INFO  impl.LeaderElection (LeaderElection.java:askForVotes(178)) - 7c431f9d-51bc-458b-a3a6-511ec217d887@group-21BA9BD4283D-LeaderElection398: begin an election at term 352 for -1: [67f35358-9777-4ff9-96f4-8a61bc3a94fe:192.168.34.62:37037, 7c431f9d-51bc-458b-a3a6-511ec217d887:192.168.34.62:40420, b9cfa588-8e56-4331-be2f-4c26f25c6739:192.168.34.62:34777], old=null
2019-10-17 06:48:19,108 [main] INFO  ozone.MiniOzoneClusterImpl (MiniOzoneClusterImpl.java:lambda$waitForClusterToBeReady$2(164)) - Waiting for 1 number of pipelines out of 4, to report a leader.
2019-10-17 06:48:19,108 [grpc-default-executor-4] INFO  impl.RaftServerImpl (RaftServerImpl.java:setRole(184)) - 67f35358-9777-4ff9-96f4-8a61bc3a94fe@group-21BA9BD4283D: changes role from  FOLLOWER to FOLLOWER at term 352 for recognizeCandidate:7c431f9d-51bc-458b-a3a6-511ec217d887
2019-10-17 06:48:19,108 [grpc-default-executor-4] INFO  impl.RoleInfo (RoleInfo.java:shutdownFollowerState(121)) - 67f35358-9777-4ff9-96f4-8a61bc3a94fe: shutdown FollowerState
2019-10-17 06:48:19,108 [grpc-default-executor-3] INFO  impl.RaftServerImpl (RaftServerImpl.java:setRole(184)) - b9cfa588-8e56-4331-be2f-4c26f25c6739@group-21BA9BD4283D: changes role from  FOLLOWER to FOLLOWER at term 352 for recognizeCandidate:7c431f9d-51bc-458b-a3a6-511ec217d887
2019-10-17 06:48:19,108 [grpc-default-executor-3] INFO  impl.RoleInfo (RoleInfo.java:shutdownFollowerState(121)) - b9cfa588-8e56-4331-be2f-4c26f25c6739: shutdown FollowerState
2019-10-17 06:48:19,109 [grpc-default-executor-3] INFO  impl.RoleInfo (RoleInfo.java:updateAndGet(143)) - b9cfa588-8e56-4331-be2f-4c26f25c6739: start FollowerState
2019-10-17 06:48:19,108 [Thread-3360] INFO  impl.FollowerState (FollowerState.java:run(117)) - 67f35358-9777-4ff9-96f4-8a61bc3a94fe@group-21BA9BD4283D-FollowerState was interrupted: java.lang.InterruptedException: sleep interrupted
2019-10-17 06:48:19,108 [grpc-default-executor-4] INFO  impl.RoleInfo (RoleInfo.java:updateAndGet(143)) - 67f35358-9777-4ff9-96f4-8a61bc3a94fe: start FollowerState
2019-10-17 06:48:19,109 [Thread-3359] INFO  impl.FollowerState (FollowerState.java:run(117)) - b9cfa588-8e56-4331-be2f-4c26f25c6739@group-21BA9BD4283D-FollowerState was interrupted: java.lang.InterruptedException: sleep interrupted
2019-10-17 06:48:19,151 [7c431f9d-51bc-458b-a3a6-511ec217d887@group-21BA9BD4283D-LeaderElection398] INFO  impl.LeaderElection (LeaderElection.java:logAndReturn(56)) - 7c431f9d-51bc-458b-a3a6-511ec217d887@group-21BA9BD4283D-LeaderElection398: Election REJECTED; received 2 response(s) [7c431f9d-51bc-458b-a3a6-511ec217d887<-67f35358-9777-4ff9-96f4-8a61bc3a94fe#0:FAIL-t352, 7c431f9d-51bc-458b-a3a6-511ec217d887<-b9cfa588-8e56-4331-be2f-4c26f25c6739#0:FAIL-t352] and 0 exception(s); 7c431f9d-51bc-458b-a3a6-511ec217d887@group-21BA9BD4283D:t352, leader=null, voted=7c431f9d-51bc-458b-a3a6-511ec217d887, raftlog=7c431f9d-51bc-458b-a3a6-511ec217d887@group-21BA9BD4283D-SegmentedRaftLog:OPENED:c-1,f-1,i0, conf=-1: [67f35358-9777-4ff9-96f4-8a61bc3a94fe:192.168.34.62:37037, 7c431f9d-51bc-458b-a3a6-511ec217d887:192.168.34.62:40420, b9cfa588-8e56-4331-be2f-4c26f25c6739:192.168.34.62:34777], old=null
2019-10-17 06:48:19,151 [7c431f9d-51bc-458b-a3a6-511ec217d887@group-21BA9BD4283D-LeaderElection398] INFO  impl.RaftServerImpl (RaftServerImpl.java:setRole(184)) - 7c431f9d-51bc-458b-a3a6-511ec217d887@group-21BA9BD4283D: changes role from CANDIDATE to FOLLOWER at term 352 for DISCOVERED_A_NEW_TERM
2019-10-17 06:48:19,151 [7c431f9d-51bc-458b-a3a6-511ec217d887@group-21BA9BD4283D-LeaderElection398] INFO  impl.RoleInfo (RoleInfo.java:shutdownLeaderElection(134)) - 7c431f9d-51bc-458b-a3a6-511ec217d887: shutdown LeaderElection
2019-10-17 06:48:19,151 [7c431f9d-51bc-458b-a3a6-511ec217d887@group-21BA9BD4283D-LeaderElection398] INFO  impl.RoleInfo (RoleInfo.java:updateAndGet(143)) - 7c431f9d-51bc-458b-a3a6-511ec217d887: start FollowerState
2019-10-17 06:48:19,152 [Thread-3367] INFO  impl.FollowerState (FollowerState.java:run(108)) - 7c431f9d-51bc-458b-a3a6-511ec217d887@group-21BA9BD4283D-FollowerState: change to CANDIDATE, lastRpcTime:1ms, electionTimeout:1ms
2019-10-17 06:48:19,152 [Thread-3367] INFO  impl.RoleInfo (RoleInfo.java:shutdownFollowerState(121)) - 7c431f9d-51bc-458b-a3a6-511ec217d887: shutdown FollowerState
2019-10-17 06:48:19,152 [Thread-3367] INFO  impl.RaftServerImpl (RaftServerImpl.java:setRole(184)) - 7c431f9d-51bc-458b-a3a6-511ec217d887@group-21BA9BD4283D: changes role from  FOLLOWER to CANDIDATE at term 352 for changeToCandidate
2019-10-17 06:48:19,153 [Thread-3367] INFO  impl.RoleInfo (RoleInfo.java:updateAndGet(143)) - 7c431f9d-51bc-458b-a3a6-511ec217d887: start LeaderElection
2019-10-17 06:48:19,165 [7c431f9d-51bc-458b-a3a6-511ec217d887@group-21BA9BD4283D-LeaderElection399] INFO  impl.LeaderElection (LeaderElection.java:askForVotes(178)) - 7c431f9d-51bc-458b-a3a6-511ec217d887@group-21BA9BD4283D-LeaderElection399: begin an election at term 353 for -1: [67f35358-9777-4ff9-96f4-8a61bc3a94fe:192.168.34.62:37037, 7c431f9d-51bc-458b-a3a6-511ec217d887:192.168.34.62:40420, b9cfa588-8e56-4331-be2f-4c26f25c6739:192.168.34.62:34777], old=null
2019-10-17 06:48:19,167 [grpc-default-executor-4] INFO  impl.RaftServerImpl (RaftServerImpl.java:setRole(184)) - b9cfa588-8e56-4331-be2f-4c26f25c6739@group-21BA9BD4283D: changes role from  FOLLOWER to FOLLOWER at term 353 for recognizeCandidate:7c431f9d-51bc-458b-a3a6-511ec217d887
2019-10-17 06:48:19,167 [grpc-default-executor-4] INFO  impl.RoleInfo (RoleInfo.java:shutdownFollowerState(121)) - b9cfa588-8e56-4331-be2f-4c26f25c6739: shutdown FollowerState
2019-10-17 06:48:19,167 [grpc-default-executor-3] INFO  impl.RaftServerImpl (RaftServerImpl.java:setRole(184)) - 67f35358-9777-4ff9-96f4-8a61bc3a94fe@group-21BA9BD4283D: changes role from  FOLLOWER to FOLLOWER at term 353 for recognizeCandidate:7c431f9d-51bc-458b-a3a6-511ec217d887
2019-10-17 06:48:19,167 [Thread-3366] INFO  impl.FollowerState (FollowerState.java:run(117)) - b9cfa588-8e56-4331-be2f-4c26f25c6739@group-21BA9BD4283D-FollowerState was interrupted: java.lang.InterruptedException: sleep interrupted
2019-10-17 06:48:19,167 [grpc-default-executor-4] INFO  impl.RoleInfo (RoleInfo.java:updateAndGet(143)) - b9cfa588-8e56-4331-be2f-4c26f25c6739: start FollowerState
2019-10-17 06:48:19,167 [grpc-default-executor-3] INFO  impl.RoleInfo (RoleInfo.java:shutdownFollowerState(121)) - 67f35358-9777-4ff9-96f4-8a61bc3a94fe: shutdown FollowerState
2019-10-17 06:48:19,168 [grpc-default-executor-3] INFO  impl.RoleInfo (RoleInfo.java:updateAndGet(143)) - 67f35358-9777-4ff9-96f4-8a61bc3a94fe: start FollowerState
2019-10-17 06:48:19,168 [Thread-3365] INFO  impl.FollowerState (FollowerState.java:run(117)) - 67f35358-9777-4ff9-96f4-8a61bc3a94fe@group-21BA9BD4283D-FollowerState was interrupted: java.lang.InterruptedException: sleep interrupted
2019-10-17 06:48:19,191 [7c431f9d-51bc-458b-a3a6-511ec217d887@group-21BA9BD4283D-LeaderElection399] INFO  impl.LeaderElection (LeaderElection.java:logAndReturn(56)) - 7c431f9d-51bc-458b-a3a6-511ec217d887@group-21BA9BD4283D-LeaderElection399: Election REJECTED; received 2 response(s) [7c431f9d-51bc-458b-a3a6-511ec217d887<-67f35358-9777-4ff9-96f4-8a61bc3a94fe#0:FAIL-t353, 7c431f9d-51bc-458b-a3a6-511ec217d887<-b9cfa588-8e56-4331-be2f-4c26f25c6739#0:FAIL-t353] and 0 exception(s); 7c431f9d-51bc-458b-a3a6-511ec217d887@group-21BA9BD4283D:t353, leader=null, voted=7c431f9d-51bc-458b-a3a6-511ec217d887, raftlog=7c431f9d-51bc-458b-a3a6-511ec217d887@group-21BA9BD4283D-SegmentedRaftLog:OPENED:c-1,f-1,i0, conf=-1: [67f35358-9777-4ff9-96f4-8a61bc3a94fe:192.168.34.62:37037, 7c431f9d-51bc-458b-a3a6-511ec217d887:192.168.34.62:40420, b9cfa588-8e56-4331-be2f-4c26f25c6739:192.168.34.62:34777], old=null
2019-10-17 06:48:19,191 [7c431f9d-51bc-458b-a3a6-511ec217d887@group-21BA9BD4283D-LeaderElection399] INFO  impl.RaftServerImpl (RaftServerImpl.java:setRole(184)) - 7c431f9d-51bc-458b-a3a6-511ec217d887@group-21BA9BD4283D: changes role from CANDIDATE to FOLLOWER at term 353 for DISCOVERED_A_NEW_TERM
2019-10-17 06:48:19,191 [7c431f9d-51bc-458b-a3a6-511ec217d887@group-21BA9BD4283D-LeaderElection399] INFO  impl.RoleInfo (RoleInfo.java:shutdownLeaderElection(134)) - 7c431f9d-51bc-458b-a3a6-511ec217d887: shutdown LeaderElection
2019-10-17 06:48:19,191 [7c431f9d-51bc-458b-a3a6-511ec217d887@group-21BA9BD4283D-LeaderElection399] INFO  impl.RoleInfo (RoleInfo.java:updateAndGet(143)) - 7c431f9d-51bc-458b-a3a6-511ec217d887: start FollowerState
2019-10-17 06:48:19,240 [Thread-3373] INFO  impl.FollowerState (FollowerState.java:run(108)) - 7c431f9d-51bc-458b-a3a6-511ec217d887@group-21BA9BD4283D-FollowerState: change to CANDIDATE, lastRpcTime:48ms, electionTimeout:48ms
2019-10-17 06:48:19,240 [Thread-3373] INFO  impl.RoleInfo (RoleInfo.java:shutdownFollowerState(121)) - 7c431f9d-51bc-458b-a3a6-511ec217d887: shutdown FollowerState
2019-10-17 06:48:19,240 [Thread-3373] INFO  impl.RaftServerImpl (RaftServerImpl.java:setRole(184)) - 7c431f9d-51bc-458b-a3a6-511ec217d887@group-21BA9BD4283D: changes role from  FOLLOWER to CANDIDATE at term 353 for changeToCandidate
2019-10-17 06:48:19,240 [Thread-3373] INFO  impl.RoleInfo (RoleInfo.java:updateAndGet(143)) - 7c431f9d-51bc-458b-a3a6-511ec217d887: start LeaderElection
2019-10-17 06:48:19,255 [7c431f9d-51bc-458b-a3a6-511ec217d887@group-21BA9BD4283D-LeaderElection400] INFO  impl.LeaderElection (LeaderElection.java:askForVotes(178)) - 7c431f9d-51bc-458b-a3a6-511ec217d887@group-21BA9BD4283D-LeaderElection400: begin an election at term 354 for -1: [67f35358-9777-4ff9-96f4-8a61bc3a94fe:192.168.34.62:37037, 7c431f9d-51bc-458b-a3a6-511ec217d887:192.168.34.62:40420, b9cfa588-8e56-4331-be2f-4c26f25c6739:192.168.34.62:34777], old=null
2019-10-17 06:48:19,256 [grpc-default-executor-4] INFO  impl.RaftServerImpl (RaftServerImpl.java:setRole(184)) - 67f35358-9777-4ff9-96f4-8a61bc3a94fe@group-21BA9BD4283D: changes role from  FOLLOWER to FOLLOWER at term 354 for recognizeCandidate:7c431f9d-51bc-458b-a3a6-511ec217d887
2019-10-17 06:48:19,256 [grpc-default-executor-3] INFO  impl.RaftServerImpl (RaftServerImpl.java:setRole(184)) - b9cfa588-8e56-4331-be2f-4c26f25c6739@group-21BA9BD4283D: changes role from  FOLLOWER to FOLLOWER at term 354 for recognizeCandidate:7c431f9d-51bc-458b-a3a6-511ec217d887
2019-10-17 06:48:19,257 [grpc-default-executor-4] INFO  impl.RoleInfo (RoleInfo.java:shutdownFollowerState(121)) - 67f35358-9777-4ff9-96f4-8a61bc3a94fe: shutdown FollowerState
2019-10-17 06:48:19,257 [grpc-default-executor-3] INFO  impl.RoleInfo (RoleInfo.java:shutdownFollowerState(121)) - b9cfa588-8e56-4331-be2f-4c26f25c6739: shutdown FollowerState
2019-10-17 06:48:19,257 [grpc-default-executor-4] INFO  impl.RoleInfo (RoleInfo.java:updateAndGet(143)) - 67f35358-9777-4ff9-96f4-8a61bc3a94fe: start FollowerState
2019-10-17 06:48:19,257 [Thread-3371] INFO  impl.FollowerState (FollowerState.java:run(117)) - b9cfa588-8e56-4331-be2f-4c26f25c6739@group-21BA9BD4283D-FollowerState was interrupted: java.lang.InterruptedException: sleep interrupted
2019-10-17 06:48:19,257 [Thread-3372] INFO  impl.FollowerState (FollowerState.java:run(117)) - 67f35358-9777-4ff9-96f4-8a61bc3a94fe@group-21BA9BD4283D-FollowerState was interrupted: java.lang.InterruptedException: sleep interrupted
2019-10-17 06:48:19,257 [grpc-default-executor-3] INFO  impl.RoleInfo (RoleInfo.java:updateAndGet(143)) - b9cfa588-8e56-4331-be2f-4c26f25c6739: start FollowerState
2019-10-17 06:48:19,277 [7c431f9d-51bc-458b-a3a6-511ec217d887@group-21BA9BD4283D-LeaderElection400] INFO  impl.LeaderElection (LeaderElection.java:logAndReturn(56)) - 7c431f9d-51bc-458b-a3a6-511ec217d887@group-21BA9BD4283D-LeaderElection400: Election REJECTED; received 2 response(s) [7c431f9d-51bc-458b-a3a6-511ec217d887<-67f35358-9777-4ff9-96f4-8a61bc3a94fe#0:FAIL-t354, 7c431f9d-51bc-458b-a3a6-511ec217d887<-b9cfa588-8e56-4331-be2f-4c26f25c6739#0:FAIL-t354] and 0 exception(s); 7c431f9d-51bc-458b-a3a6-511ec217d887@group-21BA9BD4283D:t354, leader=null, voted=7c431f9d-51bc-458b-a3a6-511ec217d887, raftlog=7c431f9d-51bc-458b-a3a6-511ec217d887@group-21BA9BD4283D-SegmentedRaftLog:OPENED:c-1,f-1,i0, conf=-1: [67f35358-9777-4ff9-96f4-8a61bc3a94fe:192.168.34.62:37037, 7c431f9d-51bc-458b-a3a6-511ec217d887:192.168.34.62:40420, b9cfa588-8e56-4331-be2f-4c26f25c6739:192.168.34.62:34777], old=null
2019-10-17 06:48:19,278 [7c431f9d-51bc-458b-a3a6-511ec217d887@group-21BA9BD4283D-LeaderElection400] INFO  impl.RaftServerImpl (RaftServerImpl.java:setRole(184)) - 7c431f9d-51bc-458b-a3a6-511ec217d887@group-21BA9BD4283D: changes role from CANDIDATE to FOLLOWER at term 354 for DISCOVERED_A_NEW_TERM
2019-10-17 06:48:19,278 [7c431f9d-51bc-458b-a3a6-511ec217d887@group-21BA9BD4283D-LeaderElection400] INFO  impl.RoleInfo (RoleInfo.java:shutdownLeaderElection(134)) - 7c431f9d-51bc-458b-a3a6-511ec217d887: shutdown LeaderElection
2019-10-17 06:48:19,278 [7c431f9d-51bc-458b-a3a6-511ec217d887@group-21BA9BD4283D-LeaderElection400] INFO  impl.RoleInfo (RoleInfo.java:updateAndGet(143)) - 7c431f9d-51bc-458b-a3a6-511ec217d887: start FollowerState
2019-10-17 06:48:19,306 [Thread-3379] INFO  impl.FollowerState (FollowerState.java:run(108)) - 7c431f9d-51bc-458b-a3a6-511ec217d887@group-21BA9BD4283D-FollowerState: change to CANDIDATE, lastRpcTime:28ms, electionTimeout:28ms
2019-10-17 06:48:19,306 [Thread-3379] INFO  impl.RoleInfo (RoleInfo.java:shutdownFollowerState(121)) - 7c431f9d-51bc-458b-a3a6-511ec217d887: shutdown FollowerState
2019-10-17 06:48:19,307 [Thread-3379] INFO  impl.RaftServerImpl (RaftServerImpl.java:setRole(184)) - 7c431f9d-51bc-458b-a3a6-511ec217d887@group-21BA9BD4283D: changes role from  FOLLOWER to CANDIDATE at term 354 for changeToCandidate
2019-10-17 06:48:19,307 [Thread-3379] INFO  impl.RoleInfo (RoleInfo.java:updateAndGet(143)) - 7c431f9d-51bc-458b-a3a6-511ec217d887: start LeaderElection
2019-10-17 06:48:19,321 [7c431f9d-51bc-458b-a3a6-511ec217d887@group-21BA9BD4283D-LeaderElection401] INFO  impl.LeaderElection (LeaderElection.java:askForVotes(178)) - 7c431f9d-51bc-458b-a3a6-511ec217d887@group-21BA9BD4283D-LeaderElection401: begin an election at term 355 for -1: [67f35358-9777-4ff9-96f4-8a61bc3a94fe:192.168.34.62:37037, 7c431f9d-51bc-458b-a3a6-511ec217d887:192.168.34.62:40420, b9cfa588-8e56-4331-be2f-4c26f25c6739:192.168.34.62:34777], old=null
2019-10-17 06:48:19,322 [grpc-default-executor-3] INFO  impl.RaftServerImpl (RaftServerImpl.java:setRole(184)) - 67f35358-9777-4ff9-96f4-8a61bc3a94fe@group-21BA9BD4283D: changes role from  FOLLOWER to FOLLOWER at term 355 for recognizeCandidate:7c431f9d-51bc-458b-a3a6-511ec217d887
2019-10-17 06:48:19,323 [grpc-default-executor-3] INFO  impl.RoleInfo (RoleInfo.java:shutdownFollowerState(121)) - 67f35358-9777-4ff9-96f4-8a61bc3a94fe: shutdown FollowerState
2019-10-17 06:48:19,322 [grpc-default-executor-4] INFO  impl.RaftServerImpl (RaftServerImpl.java:setRole(184)) - b9cfa588-8e56-4331-be2f-4c26f25c6739@group-21BA9BD4283D: changes role from  FOLLOWER to FOLLOWER at term 355 for recognizeCandidate:7c431f9d-51bc-458b-a3a6-511ec217d887
2019-10-17 06:48:19,323 [grpc-default-executor-4] INFO  impl.RoleInfo (RoleInfo.java:shutdownFollowerState(121)) - b9cfa588-8e56-4331-be2f-4c26f25c6739: shutdown FollowerState
2019-10-17 06:48:19,323 [Thread-3377] INFO  impl.FollowerState (FollowerState.java:run(117)) - 67f35358-9777-4ff9-96f4-8a61bc3a94fe@group-21BA9BD4283D-FollowerState was interrupted: java.lang.InterruptedException: sleep interrupted
2019-10-17 06:48:19,323 [grpc-default-executor-3] INFO  impl.RoleInfo (RoleInfo.java:updateAndGet(143)) - 67f35358-9777-4ff9-96f4-8a61bc3a94fe: start FollowerState
2019-10-17 06:48:19,323 [grpc-default-executor-4] INFO  impl.RoleInfo (RoleInfo.java:updateAndGet(143)) - b9cfa588-8e56-4331-be2f-4c26f25c6739: start FollowerState
2019-10-17 06:48:19,323 [Thread-3378] INFO  impl.FollowerState (FollowerState.java:run(117)) - b9cfa588-8e56-4331-be2f-4c26f25c6739@group-21BA9BD4283D-FollowerState was interrupted: java.lang.InterruptedException: sleep interrupted
2019-10-17 06:48:19,337 [7c431f9d-51bc-458b-a3a6-511ec217d887@group-21BA9BD4283D-LeaderElection401] INFO  impl.LeaderElection (LeaderElection.java:logAndReturn(56)) - 7c431f9d-51bc-458b-a3a6-511ec217d887@group-21BA9BD4283D-LeaderElection401: Election REJECTED; received 2 response(s) [7c431f9d-51bc-458b-a3a6-511ec217d887<-67f35358-9777-4ff9-96f4-8a61bc3a94fe#0:FAIL-t355, 7c431f9d-51bc-458b-a3a6-511ec217d887<-b9cfa588-8e56-4331-be2f-4c26f25c6739#0:FAIL-t355] and 0 exception(s); 7c431f9d-51bc-458b-a3a6-511ec217d887@group-21BA9BD4283D:t355, leader=null, voted=7c431f9d-51bc-458b-a3a6-511ec217d887, raftlog=7c431f9d-51bc-458b-a3a6-511ec217d887@group-21BA9BD4283D-SegmentedRaftLog:OPENED:c-1,f-1,i0, conf=-1: [67f35358-9777-4ff9-96f4-8a61bc3a94fe:192.168.34.62:37037, 7c431f9d-51bc-458b-a3a6-511ec217d887:192.168.34.62:40420, b9cfa588-8e56-4331-be2f-4c26f25c6739:192.168.34.62:34777], old=null
2019-10-17 06:48:19,337 [7c431f9d-51bc-458b-a3a6-511ec217d887@group-21BA9BD4283D-LeaderElection401] INFO  impl.RaftServerImpl (RaftServerImpl.java:setRole(184)) - 7c431f9d-51bc-458b-a3a6-511ec217d887@group-21BA9BD4283D: changes role from CANDIDATE to FOLLOWER at term 355 for DISCOVERED_A_NEW_TERM
2019-10-17 06:48:19,337 [7c431f9d-51bc-458b-a3a6-511ec217d887@group-21BA9BD4283D-LeaderElection401] INFO  impl.RoleInfo (RoleInfo.java:shutdownLeaderElection(134)) - 7c431f9d-51bc-458b-a3a6-511ec217d887: shutdown LeaderElection
2019-10-17 06:48:19,337 [7c431f9d-51bc-458b-a3a6-511ec217d887@group-21BA9BD4283D-LeaderElection401] INFO  impl.RoleInfo (RoleInfo.java:updateAndGet(143)) - 7c431f9d-51bc-458b-a3a6-511ec217d887: start FollowerState
2019-10-17 06:48:19,528 [Thread-3385] INFO  impl.FollowerState (FollowerState.java:run(108)) - 7c431f9d-51bc-458b-a3a6-511ec217d887@group-21BA9BD4283D-FollowerState: change to CANDIDATE, lastRpcTime:190ms, electionTimeout:190ms
2019-10-17 06:48:19,528 [Thread-3385] INFO  impl.RoleInfo (RoleInfo.java:shutdownFollowerState(121)) - 7c431f9d-51bc-458b-a3a6-511ec217d887: shutdown FollowerState
2019-10-17 06:48:19,528 [Thread-3385] INFO  impl.RaftServerImpl (RaftServerImpl.java:setRole(184)) - 7c431f9d-51bc-458b-a3a6-511ec217d887@group-21BA9BD4283D: changes role from  FOLLOWER to CANDIDATE at term 355 for changeToCandidate
2019-10-17 06:48:19,528 [Thread-3385] INFO  impl.RoleInfo (RoleInfo.java:updateAndGet(143)) - 7c431f9d-51bc-458b-a3a6-511ec217d887: start LeaderElection
2019-10-17 06:48:19,551 [7c431f9d-51bc-458b-a3a6-511ec217d887@group-21BA9BD4283D-LeaderElection402] INFO  impl.LeaderElection (LeaderElection.java:askForVotes(178)) - 7c431f9d-51bc-458b-a3a6-511ec217d887@group-21BA9BD4283D-LeaderElection402: begin an election at term 356 for -1: [67f35358-9777-4ff9-96f4-8a61bc3a94fe:192.168.34.62:37037, 7c431f9d-51bc-458b-a3a6-511ec217d887:192.168.34.62:40420, b9cfa588-8e56-4331-be2f-4c26f25c6739:192.168.34.62:34777], old=null
2019-10-17 06:48:19,552 [grpc-default-executor-3] INFO  impl.RaftServerImpl (RaftServerImpl.java:setRole(184)) - b9cfa588-8e56-4331-be2f-4c26f25c6739@group-21BA9BD4283D: changes role from  FOLLOWER to FOLLOWER at term 356 for recognizeCandidate:7c431f9d-51bc-458b-a3a6-511ec217d887
2019-10-17 06:48:19,552 [grpc-default-executor-4] INFO  impl.RaftServerImpl (RaftServerImpl.java:setRole(184)) - 67f35358-9777-4ff9-96f4-8a61bc3a94fe@group-21BA9BD4283D: changes role from  FOLLOWER to FOLLOWER at term 356 for recognizeCandidate:7c431f9d-51bc-458b-a3a6-511ec217d887
2019-10-17 06:48:19,552 [grpc-default-executor-3] INFO  impl.RoleInfo (RoleInfo.java:shutdownFollowerState(121)) - b9cfa588-8e56-4331-be2f-4c26f25c6739: shutdown FollowerState
2019-10-17 06:48:19,553 [grpc-default-executor-4] INFO  impl.RoleInfo (RoleInfo.java:shutdownFollowerState(121)) - 67f35358-9777-4ff9-96f4-8a61bc3a94fe: shutdown FollowerState
2019-10-17 06:48:19,553 [Thread-3384] INFO  impl.FollowerState (FollowerState.java:run(117)) - b9cfa588-8e56-4331-be2f-4c26f25c6739@group-21BA9BD4283D-FollowerState was interrupted: java.lang.InterruptedException: sleep interrupted
2019-10-17 06:48:19,553 [grpc-default-executor-3] INFO  impl.RoleInfo (RoleInfo.java:updateAndGet(143)) - b9cfa588-8e56-4331-be2f-4c26f25c6739: start FollowerState
2019-10-17 06:48:19,553 [Thread-3383] INFO  impl.FollowerState (FollowerState.java:run(117)) - 67f35358-9777-4ff9-96f4-8a61bc3a94fe@group-21BA9BD4283D-FollowerState was interrupted: java.lang.InterruptedException: sleep interrupted
2019-10-17 06:48:19,553 [grpc-default-executor-4] INFO  impl.RoleInfo (RoleInfo.java:updateAndGet(143)) - 67f35358-9777-4ff9-96f4-8a61bc3a94fe: start FollowerState
2019-10-17 06:48:19,576 [7c431f9d-51bc-458b-a3a6-511ec217d887@group-21BA9BD4283D-LeaderElection402] INFO  impl.LeaderElection (LeaderElection.java:logAndReturn(56)) - 7c431f9d-51bc-458b-a3a6-511ec217d887@group-21BA9BD4283D-LeaderElection402: Election REJECTED; received 2 response(s) [7c431f9d-51bc-458b-a3a6-511ec217d887<-67f35358-9777-4ff9-96f4-8a61bc3a94fe#0:FAIL-t356, 7c431f9d-51bc-458b-a3a6-511ec217d887<-b9cfa588-8e56-4331-be2f-4c26f25c6739#0:FAIL-t356] and 0 exception(s); 7c431f9d-51bc-458b-a3a6-511ec217d887@group-21BA9BD4283D:t356, leader=null, voted=7c431f9d-51bc-458b-a3a6-511ec217d887, raftlog=7c431f9d-51bc-458b-a3a6-511ec217d887@group-21BA9BD4283D-SegmentedRaftLog:OPENED:c-1,f-1,i0, conf=-1: [67f35358-9777-4ff9-96f4-8a61bc3a94fe:192.168.34.62:37037, 7c431f9d-51bc-458b-a3a6-511ec217d887:192.168.34.62:40420, b9cfa588-8e56-4331-be2f-4c26f25c6739:192.168.34.62:34777], old=null
2019-10-17 06:48:19,577 [7c431f9d-51bc-458b-a3a6-511ec217d887@group-21BA9BD4283D-LeaderElection402] INFO  impl.RaftServerImpl (RaftServerImpl.java:setRole(184)) - 7c431f9d-51bc-458b-a3a6-511ec217d887@group-21BA9BD4283D: changes role from CANDIDATE to FOLLOWER at term 356 for DISCOVERED_A_NEW_TERM
2019-10-17 06:48:19,577 [7c431f9d-51bc-458b-a3a6-511ec217d887@group-21BA9BD4283D-LeaderElection402] INFO  impl.RoleInfo (RoleInfo.java:shutdownLeaderElection(134)) - 7c431f9d-51bc-458b-a3a6-511ec217d887: shutdown LeaderElection
2019-10-17 06:48:19,577 [7c431f9d-51bc-458b-a3a6-511ec217d887@group-21BA9BD4283D-LeaderElection402] INFO  impl.RoleInfo (RoleInfo.java:updateAndGet(143)) - 7c431f9d-51bc-458b-a3a6-511ec217d887: start FollowerState
2019-10-17 06:48:19,744 [Thread-3391] INFO  impl.FollowerState (FollowerState.java:run(108)) - 7c431f9d-51bc-458b-a3a6-511ec217d887@group-21BA9BD4283D-FollowerState: change to CANDIDATE, lastRpcTime:167ms, electionTimeout:167ms
2019-10-17 06:48:19,744 [Thread-3391] INFO  impl.RoleInfo (RoleInfo.java:shutdownFollowerState(121)) - 7c431f9d-51bc-458b-a3a6-511ec217d887: shutdown FollowerState
2019-10-17 06:48:19,745 [Thread-3391] INFO  impl.RaftServerImpl (RaftServerImpl.java:setRole(184)) - 7c431f9d-51bc-458b-a3a6-511ec217d887@group-21BA9BD4283D: changes role from  FOLLOWER to CANDIDATE at term 356 for changeToCandidate
2019-10-17 06:48:19,745 [Thread-3391] INFO  impl.RoleInfo (RoleInfo.java:updateAndGet(143)) - 7c431f9d-51bc-458b-a3a6-511ec217d887: start LeaderElection
2019-10-17 06:48:19,758 [7c431f9d-51bc-458b-a3a6-511ec217d887@group-21BA9BD4283D-LeaderElection403] INFO  impl.LeaderElection (LeaderElection.java:askForVotes(178)) - 7c431f9d-51bc-458b-a3a6-511ec217d887@group-21BA9BD4283D-LeaderElection403: begin an election at term 357 for -1: [67f35358-9777-4ff9-96f4-8a61bc3a94fe:192.168.34.62:37037, 7c431f9d-51bc-458b-a3a6-511ec217d887:192.168.34.62:40420, b9cfa588-8e56-4331-be2f-4c26f25c6739:192.168.34.62:34777], old=null
2019-10-17 06:48:19,760 [grpc-default-executor-3] INFO  impl.RaftServerImpl (RaftServerImpl.java:setRole(184)) - 67f35358-9777-4ff9-96f4-8a61bc3a94fe@group-21BA9BD4283D: changes role from  FOLLOWER to FOLLOWER at term 357 for recognizeCandidate:7c431f9d-51bc-458b-a3a6-511ec217d887
2019-10-17 06:48:19,760 [grpc-default-executor-3] INFO  impl.RoleInfo (RoleInfo.java:shutdownFollowerState(121)) - 67f35358-9777-4ff9-96f4-8a61bc3a94fe: shutdown FollowerState
2019-10-17 06:48:19,760 [grpc-default-executor-4] INFO  impl.RaftServerImpl (RaftServerImpl.java:setRole(184)) - b9cfa588-8e56-4331-be2f-4c26f25c6739@group-21BA9BD4283D: changes role from  FOLLOWER to FOLLOWER at term 357 for recognizeCandidate:7c431f9d-51bc-458b-a3a6-511ec217d887
2019-10-17 06:48:19,760 [Thread-3390] INFO  impl.FollowerState (FollowerState.java:run(117)) - 67f35358-9777-4ff9-96f4-8a61bc3a94fe@group-21BA9BD4283D-FollowerState was interrupted: java.lang.InterruptedException: sleep interrupted
2019-10-17 06:48:19,760 [grpc-default-executor-3] INFO  impl.RoleInfo (RoleInfo.java:updateAndGet(143)) - 67f35358-9777-4ff9-96f4-8a61bc3a94fe: start FollowerState
2019-10-17 06:48:19,760 [grpc-default-executor-4] INFO  impl.RoleInfo (RoleInfo.java:shutdownFollowerState(121)) - b9cfa588-8e56-4331-be2f-4c26f25c6739: shutdown FollowerState
2019-10-17 06:48:19,761 [grpc-default-executor-4] INFO  impl.RoleInfo (RoleInfo.java:updateAndGet(143)) - b9cfa588-8e56-4331-be2f-4c26f25c6739: start FollowerState
2019-10-17 06:48:19,761 [Thread-3389] INFO  impl.FollowerState (FollowerState.java:run(117)) - b9cfa588-8e56-4331-be2f-4c26f25c6739@group-21BA9BD4283D-FollowerState was interrupted: java.lang.InterruptedException: sleep interrupted
2019-10-17 06:48:19,782 [7c431f9d-51bc-458b-a3a6-511ec217d887@group-21BA9BD4283D-LeaderElection403] INFO  impl.LeaderElection (LeaderElection.java:logAndReturn(56)) - 7c431f9d-51bc-458b-a3a6-511ec217d887@group-21BA9BD4283D-LeaderElection403: Election REJECTED; received 2 response(s) [7c431f9d-51bc-458b-a3a6-511ec217d887<-67f35358-9777-4ff9-96f4-8a61bc3a94fe#0:FAIL-t357, 7c431f9d-51bc-458b-a3a6-511ec217d887<-b9cfa588-8e56-4331-be2f-4c26f25c6739#0:FAIL-t357] and 0 exception(s); 7c431f9d-51bc-458b-a3a6-511ec217d887@group-21BA9BD4283D:t357, leader=null, voted=7c431f9d-51bc-458b-a3a6-511ec217d887, raftlog=7c431f9d-51bc-458b-a3a6-511ec217d887@group-21BA9BD4283D-SegmentedRaftLog:OPENED:c-1,f-1,i0, conf=-1: [67f35358-9777-4ff9-96f4-8a61bc3a94fe:192.168.34.62:37037, 7c431f9d-51bc-458b-a3a6-511ec217d887:192.168.34.62:40420, b9cfa588-8e56-4331-be2f-4c26f25c6739:192.168.34.62:34777], old=null
2019-10-17 06:48:19,782 [7c431f9d-51bc-458b-a3a6-511ec217d887@group-21BA9BD4283D-LeaderElection403] INFO  impl.RaftServerImpl (RaftServerImpl.java:setRole(184)) - 7c431f9d-51bc-458b-a3a6-511ec217d887@group-21BA9BD4283D: changes role from CANDIDATE to FOLLOWER at term 357 for DISCOVERED_A_NEW_TERM
2019-10-17 06:48:19,783 [7c431f9d-51bc-458b-a3a6-511ec217d887@group-21BA9BD4283D-LeaderElection403] INFO  impl.RoleInfo (RoleInfo.java:shutdownLeaderElection(134)) - 7c431f9d-51bc-458b-a3a6-511ec217d887: shutdown LeaderElection
2019-10-17 06:48:19,783 [7c431f9d-51bc-458b-a3a6-511ec217d887@group-21BA9BD4283D-LeaderElection403] INFO  impl.RoleInfo (RoleInfo.java:updateAndGet(143)) - 7c431f9d-51bc-458b-a3a6-511ec217d887: start FollowerState
2019-10-17 06:48:19,930 [Thread-3397] INFO  impl.FollowerState (FollowerState.java:run(108)) - 7c431f9d-51bc-458b-a3a6-511ec217d887@group-21BA9BD4283D-FollowerState: change to CANDIDATE, lastRpcTime:147ms, electionTimeout:147ms
2019-10-17 06:48:19,930 [Thread-3397] INFO  impl.RoleInfo (RoleInfo.java:shutdownFollowerState(121)) - 7c431f9d-51bc-458b-a3a6-511ec217d887: shutdown FollowerState
2019-10-17 06:48:19,930 [Thread-3397] INFO  impl.RaftServerImpl (RaftServerImpl.java:setRole(184)) - 7c431f9d-51bc-458b-a3a6-511ec217d887@group-21BA9BD4283D: changes role from  FOLLOWER to CANDIDATE at term 357 for changeToCandidate
2019-10-17 06:48:19,930 [Thread-3397] INFO  impl.RoleInfo (RoleInfo.java:updateAndGet(143)) - 7c431f9d-51bc-458b-a3a6-511ec217d887: start LeaderElection
2019-10-17 06:48:19,955 [7c431f9d-51bc-458b-a3a6-511ec217d887@group-21BA9BD4283D-LeaderElection404] INFO  impl.LeaderElection (LeaderElection.java:askForVotes(178)) - 7c431f9d-51bc-458b-a3a6-511ec217d887@group-21BA9BD4283D-LeaderElection404: begin an election at term 358 for -1: [67f35358-9777-4ff9-96f4-8a61bc3a94fe:192.168.34.62:37037, 7c431f9d-51bc-458b-a3a6-511ec217d887:192.168.34.62:40420, b9cfa588-8e56-4331-be2f-4c26f25c6739:192.168.34.62:34777], old=null
2019-10-17 06:48:19,956 [grpc-default-executor-3] INFO  impl.RaftServerImpl (RaftServerImpl.java:setRole(184)) - b9cfa588-8e56-4331-be2f-4c26f25c6739@group-21BA9BD4283D: changes role from  FOLLOWER to FOLLOWER at term 358 for recognizeCandidate:7c431f9d-51bc-458b-a3a6-511ec217d887
2019-10-17 06:48:19,956 [grpc-default-executor-4] INFO  impl.RaftServerImpl (RaftServerImpl.java:setRole(184)) - 67f35358-9777-4ff9-96f4-8a61bc3a94fe@group-21BA9BD4283D: changes role from  FOLLOWER to FOLLOWER at term 358 for recognizeCandidate:7c431f9d-51bc-458b-a3a6-511ec217d887
2019-10-17 06:48:19,957 [grpc-default-executor-4] INFO  impl.RoleInfo (RoleInfo.java:shutdownFollowerState(121)) - 67f35358-9777-4ff9-96f4-8a61bc3a94fe: shutdown FollowerState
2019-10-17 06:48:19,957 [grpc-default-executor-3] INFO  impl.RoleInfo (RoleInfo.java:shutdownFollowerState(121)) - b9cfa588-8e56-4331-be2f-4c26f25c6739: shutdown FollowerState
2019-10-17 06:48:19,957 [Thread-3395] INFO  impl.FollowerState (FollowerState.java:run(117)) - 67f35358-9777-4ff9-96f4-8a61bc3a94fe@group-21BA9BD4283D-FollowerState was interrupted: java.lang.InterruptedException: sleep interrupted
2019-10-17 06:48:19,957 [grpc-default-executor-4] INFO  impl.RoleInfo (RoleInfo.java:updateAndGet(143)) - 67f35358-9777-4ff9-96f4-8a61bc3a94fe: start FollowerState
2019-10-17 06:48:19,957 [Thread-3396] INFO  impl.FollowerState (FollowerState.java:run(117)) - b9cfa588-8e56-4331-be2f-4c26f25c6739@group-21BA9BD4283D-FollowerState was interrupted: java.lang.InterruptedException: sleep interrupted
2019-10-17 06:48:19,957 [grpc-default-executor-3] INFO  impl.RoleInfo (RoleInfo.java:updateAndGet(143)) - b9cfa588-8e56-4331-be2f-4c26f25c6739: start FollowerState
2019-10-17 06:48:19,967 [7c431f9d-51bc-458b-a3a6-511ec217d887@group-21BA9BD4283D-LeaderElection404] INFO  impl.LeaderElection (LeaderElection.java:logAndReturn(56)) - 7c431f9d-51bc-458b-a3a6-511ec217d887@group-21BA9BD4283D-LeaderElection404: Election TIMEOUT; received 0 response(s) [] and 0 exception(s); 7c431f9d-51bc-458b-a3a6-511ec217d887@group-21BA9BD4283D:t358, leader=null, voted=7c431f9d-51bc-458b-a3a6-511ec217d887, raftlog=7c431f9d-51bc-458b-a3a6-511ec217d887@group-21BA9BD4283D-SegmentedRaftLog:OPENED:c-1,f-1,i0, conf=-1: [67f35358-9777-4ff9-96f4-8a61bc3a94fe:192.168.34.62:37037, 7c431f9d-51bc-458b-a3a6-511ec217d887:192.168.34.62:40420, b9cfa588-8e56-4331-be2f-4c26f25c6739:192.168.34.62:34777], old=null
2019-10-17 06:48:19,984 [7c431f9d-51bc-458b-a3a6-511ec217d887@group-21BA9BD4283D-LeaderElection404] INFO  impl.LeaderElection (LeaderElection.java:askForVotes(178)) - 7c431f9d-51bc-458b-a3a6-511ec217d887@group-21BA9BD4283D-LeaderElection404: begin an election at term 359 for -1: [67f35358-9777-4ff9-96f4-8a61bc3a94fe:192.168.34.62:37037, 7c431f9d-51bc-458b-a3a6-511ec217d887:192.168.34.62:40420, b9cfa588-8e56-4331-be2f-4c26f25c6739:192.168.34.62:34777], old=null
2019-10-17 06:48:19,985 [grpc-default-executor-3] INFO  impl.RaftServerImpl (RaftServerImpl.java:setRole(184)) - 67f35358-9777-4ff9-96f4-8a61bc3a94fe@group-21BA9BD4283D: changes role from  FOLLOWER to FOLLOWER at term 359 for recognizeCandidate:7c431f9d-51bc-458b-a3a6-511ec217d887
2019-10-17 06:48:19,985 [grpc-default-executor-4] INFO  impl.RaftServerImpl (RaftServerImpl.java:setRole(184)) - b9cfa588-8e56-4331-be2f-4c26f25c6739@group-21BA9BD4283D: changes role from  FOLLOWER to FOLLOWER at term 359 for recognizeCandidate:7c431f9d-51bc-458b-a3a6-511ec217d887
2019-10-17 06:48:19,985 [grpc-default-executor-3] INFO  impl.RoleInfo (RoleInfo.java:shutdownFollowerState(121)) - 67f35358-9777-4ff9-96f4-8a61bc3a94fe: shutdown FollowerState
2019-10-17 06:48:19,985 [grpc-default-executor-4] INFO  impl.RoleInfo (RoleInfo.java:shutdownFollowerState(121)) - b9cfa588-8e56-4331-be2f-4c26f25c6739: shutdown FollowerState
2019-10-17 06:48:19,985 [Thread-3401] INFO  impl.FollowerState (FollowerState.java:run(117)) - 67f35358-9777-4ff9-96f4-8a61bc3a94fe@group-21BA9BD4283D-FollowerState was interrupted: java.lang.InterruptedException: sleep interrupted
2019-10-17 06:48:19,985 [grpc-default-executor-3] INFO  impl.RoleInfo (RoleInfo.java:updateAndGet(143)) - 67f35358-9777-4ff9-96f4-8a61bc3a94fe: start FollowerState
2019-10-17 06:48:19,985 [Thread-3402] INFO  impl.FollowerState (FollowerState.java:run(117)) - b9cfa588-8e56-4331-be2f-4c26f25c6739@group-21BA9BD4283D-FollowerState was interrupted: java.lang.InterruptedException: sleep interrupted
2019-10-17 06:48:19,985 [grpc-default-executor-4] INFO  impl.RoleInfo (RoleInfo.java:updateAndGet(143)) - b9cfa588-8e56-4331-be2f-4c26f25c6739: start FollowerState
2019-10-17 06:48:19,999 [7c431f9d-51bc-458b-a3a6-511ec217d887@group-21BA9BD4283D-LeaderElection404] INFO  impl.LeaderElection (LeaderElection.java:logAndReturn(56)) - 7c431f9d-51bc-458b-a3a6-511ec217d887@group-21BA9BD4283D-LeaderElection404: Election REJECTED; received 2 response(s) [7c431f9d-51bc-458b-a3a6-511ec217d887<-67f35358-9777-4ff9-96f4-8a61bc3a94fe#0:FAIL-t359, 7c431f9d-51bc-458b-a3a6-511ec217d887<-b9cfa588-8e56-4331-be2f-4c26f25c6739#0:FAIL-t359] and 0 exception(s); 7c431f9d-51bc-458b-a3a6-511ec217d887@group-21BA9BD4283D:t359, leader=null, voted=7c431f9d-51bc-458b-a3a6-511ec217d887, raftlog=7c431f9d-51bc-458b-a3a6-511ec217d887@group-21BA9BD4283D-SegmentedRaftLog:OPENED:c-1,f-1,i0, conf=-1: [67f35358-9777-4ff9-96f4-8a61bc3a94fe:192.168.34.62:37037, 7c431f9d-51bc-458b-a3a6-511ec217d887:192.168.34.62:40420, b9cfa588-8e56-4331-be2f-4c26f25c6739:192.168.34.62:34777], old=null
2019-10-17 06:48:19,999 [7c431f9d-51bc-458b-a3a6-511ec217d887@group-21BA9BD4283D-LeaderElection404] INFO  impl.RaftServerImpl (RaftServerImpl.java:setRole(184)) - 7c431f9d-51bc-458b-a3a6-511ec217d887@group-21BA9BD4283D: changes role from CANDIDATE to FOLLOWER at term 359 for DISCOVERED_A_NEW_TERM
2019-10-17 06:48:19,999 [7c431f9d-51bc-458b-a3a6-511ec217d887@group-21BA9BD4283D-LeaderElection404] INFO  impl.RoleInfo (RoleInfo.java:shutdownLeaderElection(134)) - 7c431f9d-51bc-458b-a3a6-511ec217d887: shutdown LeaderElection
2019-10-17 06:48:19,999 [7c431f9d-51bc-458b-a3a6-511ec217d887@group-21BA9BD4283D-LeaderElection404] INFO  impl.RoleInfo (RoleInfo.java:updateAndGet(143)) - 7c431f9d-51bc-458b-a3a6-511ec217d887: start FollowerState
2019-10-17 06:48:20,066 [Thread-3407] INFO  impl.FollowerState (FollowerState.java:run(108)) - 7c431f9d-51bc-458b-a3a6-511ec217d887@group-21BA9BD4283D-FollowerState: change to CANDIDATE, lastRpcTime:66ms, electionTimeout:66ms
2019-10-17 06:48:20,066 [Thread-3407] INFO  impl.RoleInfo (RoleInfo.java:shutdownFollowerState(121)) - 7c431f9d-51bc-458b-a3a6-511ec217d887: shutdown FollowerState
2019-10-17 06:48:20,066 [Thread-3407] INFO  impl.RaftServerImpl (RaftServerImpl.java:setRole(184)) - 7c431f9d-51bc-458b-a3a6-511ec217d887@group-21BA9BD4283D: changes role from  FOLLOWER to CANDIDATE at term 359 for changeToCandidate
2019-10-17 06:48:20,066 [Thread-3407] INFO  impl.RoleInfo (RoleInfo.java:updateAndGet(143)) - 7c431f9d-51bc-458b-a3a6-511ec217d887: start LeaderElection
2019-10-17 06:48:20,090 [7c431f9d-51bc-458b-a3a6-511ec217d887@group-21BA9BD4283D-LeaderElection405] INFO  impl.LeaderElection (LeaderElection.java:askForVotes(178)) - 7c431f9d-51bc-458b-a3a6-511ec217d887@group-21BA9BD4283D-LeaderElection405: begin an election at term 360 for -1: [67f35358-9777-4ff9-96f4-8a61bc3a94fe:192.168.34.62:37037, 7c431f9d-51bc-458b-a3a6-511ec217d887:192.168.34.62:40420, b9cfa588-8e56-4331-be2f-4c26f25c6739:192.168.34.62:34777], old=null
2019-10-17 06:48:20,091 [grpc-default-executor-3] INFO  impl.RaftServerImpl (RaftServerImpl.java:setRole(184)) - b9cfa588-8e56-4331-be2f-4c26f25c6739@group-21BA9BD4283D: changes role from  FOLLOWER to FOLLOWER at term 360 for recognizeCandidate:7c431f9d-51bc-458b-a3a6-511ec217d887
2019-10-17 06:48:20,092 [grpc-default-executor-3] INFO  impl.RoleInfo (RoleInfo.java:shutdownFollowerState(121)) - b9cfa588-8e56-4331-be2f-4c26f25c6739: shutdown FollowerState
2019-10-17 06:48:20,092 [grpc-default-executor-4] INFO  impl.RaftServerImpl (RaftServerImpl.java:setRole(184)) - 67f35358-9777-4ff9-96f4-8a61bc3a94fe@group-21BA9BD4283D: changes role from  FOLLOWER to FOLLOWER at term 360 for recognizeCandidate:7c431f9d-51bc-458b-a3a6-511ec217d887
2019-10-17 06:48:20,092 [Thread-3406] INFO  impl.FollowerState (FollowerState.java:run(117)) - b9cfa588-8e56-4331-be2f-4c26f25c6739@group-21BA9BD4283D-FollowerState was interrupted: java.lang.InterruptedException: sleep interrupted
2019-10-17 06:48:20,092 [grpc-default-executor-3] INFO  impl.RoleInfo (RoleInfo.java:updateAndGet(143)) - b9cfa588-8e56-4331-be2f-4c26f25c6739: start FollowerState
2019-10-17 06:48:20,092 [grpc-default-executor-4] INFO  impl.RoleInfo (RoleInfo.java:shutdownFollowerState(121)) - 67f35358-9777-4ff9-96f4-8a61bc3a94fe: shutdown FollowerState
2019-10-17 06:48:20,092 [grpc-default-executor-4] INFO  impl.RoleInfo (RoleInfo.java:updateAndGet(143)) - 67f35358-9777-4ff9-96f4-8a61bc3a94fe: start FollowerState
2019-10-17 06:48:20,092 [Thread-3405] INFO  impl.FollowerState (FollowerState.java:run(117)) - 67f35358-9777-4ff9-96f4-8a61bc3a94fe@group-21BA9BD4283D-FollowerState was interrupted: java.lang.InterruptedException: sleep interrupted
2019-10-17 06:48:20,106 [7c431f9d-51bc-458b-a3a6-511ec217d887@group-21BA9BD4283D-LeaderElection405] INFO  impl.LeaderElection (LeaderElection.java:logAndReturn(56)) - 7c431f9d-51bc-458b-a3a6-511ec217d887@group-21BA9BD4283D-LeaderElection405: Election REJECTED; received 2 response(s) [7c431f9d-51bc-458b-a3a6-511ec217d887<-67f35358-9777-4ff9-96f4-8a61bc3a94fe#0:FAIL-t360, 7c431f9d-51bc-458b-a3a6-511ec217d887<-b9cfa588-8e56-4331-be2f-4c26f25c6739#0:FAIL-t360] and 0 exception(s); 7c431f9d-51bc-458b-a3a6-511ec217d887@group-21BA9BD4283D:t360, leader=null, voted=7c431f9d-51bc-458b-a3a6-511ec217d887, raftlog=7c431f9d-51bc-458b-a3a6-511ec217d887@group-21BA9BD4283D-SegmentedRaftLog:OPENED:c-1,f-1,i0, conf=-1: [67f35358-9777-4ff9-96f4-8a61bc3a94fe:192.168.34.62:37037, 7c431f9d-51bc-458b-a3a6-511ec217d887:192.168.34.62:40420, b9cfa588-8e56-4331-be2f-4c26f25c6739:192.168.34.62:34777], old=null
2019-10-17 06:48:20,106 [7c431f9d-51bc-458b-a3a6-511ec217d887@group-21BA9BD4283D-LeaderElection405] INFO  impl.RaftServerImpl (RaftServerImpl.java:setRole(184)) - 7c431f9d-51bc-458b-a3a6-511ec217d887@group-21BA9BD4283D: changes role from CANDIDATE to FOLLOWER at term 360 for DISCOVERED_A_NEW_TERM
2019-10-17 06:48:20,106 [7c431f9d-51bc-458b-a3a6-511ec217d887@group-21BA9BD4283D-LeaderElection405] INFO  impl.RoleInfo (RoleInfo.java:shutdownLeaderElection(134)) - 7c431f9d-51bc-458b-a3a6-511ec217d887: shutdown LeaderElection
2019-10-17 06:48:20,106 [7c431f9d-51bc-458b-a3a6-511ec217d887@group-21BA9BD4283D-LeaderElection405] INFO  impl.RoleInfo (RoleInfo.java:updateAndGet(143)) - 7c431f9d-51bc-458b-a3a6-511ec217d887: start FollowerState
2019-10-17 06:48:20,108 [main] INFO  ozone.MiniOzoneClusterImpl (MiniOzoneClusterImpl.java:lambda$waitForClusterToBeReady$2(164)) - Waiting for 1 number of pipelines out of 4, to report a leader.
2019-10-17 06:48:20,136 [Thread-3413] INFO  impl.FollowerState (FollowerState.java:run(108)) - 7c431f9d-51bc-458b-a3a6-511ec217d887@group-21BA9BD4283D-FollowerState: change to CANDIDATE, lastRpcTime:29ms, electionTimeout:29ms
2019-10-17 06:48:20,136 [Thread-3413] INFO  impl.RoleInfo (RoleInfo.java:shutdownFollowerState(121)) - 7c431f9d-51bc-458b-a3a6-511ec217d887: shutdown FollowerState
2019-10-17 06:48:20,136 [Thread-3413] INFO  impl.RaftServerImpl (RaftServerImpl.java:setRole(184)) - 7c431f9d-51bc-458b-a3a6-511ec217d887@group-21BA9BD4283D: changes role from  FOLLOWER to CANDIDATE at term 360 for changeToCandidate
2019-10-17 06:48:20,136 [Thread-3413] INFO  impl.RoleInfo (RoleInfo.java:updateAndGet(143)) - 7c431f9d-51bc-458b-a3a6-511ec217d887: start LeaderElection
2019-10-17 06:48:20,149 [7c431f9d-51bc-458b-a3a6-511ec217d887@group-21BA9BD4283D-LeaderElection406] INFO  impl.LeaderElection (LeaderElection.java:askForVotes(178)) - 7c431f9d-51bc-458b-a3a6-511ec217d887@group-21BA9BD4283D-LeaderElection406: begin an election at term 361 for -1: [67f35358-9777-4ff9-96f4-8a61bc3a94fe:192.168.34.62:37037, 7c431f9d-51bc-458b-a3a6-511ec217d887:192.168.34.62:40420, b9cfa588-8e56-4331-be2f-4c26f25c6739:192.168.34.62:34777], old=null
2019-10-17 06:48:20,150 [grpc-default-executor-4] INFO  impl.RaftServerImpl (RaftServerImpl.java:setRole(184)) - b9cfa588-8e56-4331-be2f-4c26f25c6739@group-21BA9BD4283D: changes role from  FOLLOWER to FOLLOWER at term 361 for recognizeCandidate:7c431f9d-51bc-458b-a3a6-511ec217d887
2019-10-17 06:48:20,150 [grpc-default-executor-4] INFO  impl.RoleInfo (RoleInfo.java:shutdownFollowerState(121)) - b9cfa588-8e56-4331-be2f-4c26f25c6739: shutdown FollowerState
2019-10-17 06:48:20,150 [grpc-default-executor-4] INFO  impl.RoleInfo (RoleInfo.java:updateAndGet(143)) - b9cfa588-8e56-4331-be2f-4c26f25c6739: start FollowerState
2019-10-17 06:48:20,150 [Thread-3411] INFO  impl.FollowerState (FollowerState.java:run(117)) - b9cfa588-8e56-4331-be2f-4c26f25c6739@group-21BA9BD4283D-FollowerState was interrupted: java.lang.InterruptedException: sleep interrupted
2019-10-17 06:48:20,150 [grpc-default-executor-3] INFO  impl.RaftServerImpl (RaftServerImpl.java:setRole(184)) - 67f35358-9777-4ff9-96f4-8a61bc3a94fe@group-21BA9BD4283D: changes role from  FOLLOWER to FOLLOWER at term 361 for recognizeCandidate:7c431f9d-51bc-458b-a3a6-511ec217d887
2019-10-17 06:48:20,150 [grpc-default-executor-3] INFO  impl.RoleInfo (RoleInfo.java:shutdownFollowerState(121)) - 67f35358-9777-4ff9-96f4-8a61bc3a94fe: shutdown FollowerState
2019-10-17 06:48:20,151 [grpc-default-executor-3] INFO  impl.RoleInfo (RoleInfo.java:updateAndGet(143)) - 67f35358-9777-4ff9-96f4-8a61bc3a94fe: start FollowerState
2019-10-17 06:48:20,151 [Thread-3412] INFO  impl.FollowerState (FollowerState.java:run(117)) - 67f35358-9777-4ff9-96f4-8a61bc3a94fe@group-21BA9BD4283D-FollowerState was interrupted: java.lang.InterruptedException: sleep interrupted
2019-10-17 06:48:20,174 [7c431f9d-51bc-458b-a3a6-511ec217d887@group-21BA9BD4283D-LeaderElection406] INFO  impl.LeaderElection (LeaderElection.java:logAndReturn(56)) - 7c431f9d-51bc-458b-a3a6-511ec217d887@group-21BA9BD4283D-LeaderElection406: Election REJECTED; received 2 response(s) [7c431f9d-51bc-458b-a3a6-511ec217d887<-67f35358-9777-4ff9-96f4-8a61bc3a94fe#0:FAIL-t361, 7c431f9d-51bc-458b-a3a6-511ec217d887<-b9cfa588-8e56-4331-be2f-4c26f25c6739#0:FAIL-t361] and 0 exception(s); 7c431f9d-51bc-458b-a3a6-511ec217d887@group-21BA9BD4283D:t361, leader=null, voted=7c431f9d-51bc-458b-a3a6-511ec217d887, raftlog=7c431f9d-51bc-458b-a3a6-511ec217d887@group-21BA9BD4283D-SegmentedRaftLog:OPENED:c-1,f-1,i0, conf=-1: [67f35358-9777-4ff9-96f4-8a61bc3a94fe:192.168.34.62:37037, 7c431f9d-51bc-458b-a3a6-511ec217d887:192.168.34.62:40420, b9cfa588-8e56-4331-be2f-4c26f25c6739:192.168.34.62:34777], old=null
2019-10-17 06:48:20,175 [7c431f9d-51bc-458b-a3a6-511ec217d887@group-21BA9BD4283D-LeaderElection406] INFO  impl.RaftServerImpl (RaftServerImpl.java:setRole(184)) - 7c431f9d-51bc-458b-a3a6-511ec217d887@group-21BA9BD4283D: changes role from CANDIDATE to FOLLOWER at term 361 for DISCOVERED_A_NEW_TERM
2019-10-17 06:48:20,175 [7c431f9d-51bc-458b-a3a6-511ec217d887@group-21BA9BD4283D-LeaderElection406] INFO  impl.RoleInfo (RoleInfo.java:shutdownLeaderElection(134)) - 7c431f9d-51bc-458b-a3a6-511ec217d887: shutdown LeaderElection
2019-10-17 06:48:20,175 [7c431f9d-51bc-458b-a3a6-511ec217d887@group-21BA9BD4283D-LeaderElection406] INFO  impl.RoleInfo (RoleInfo.java:updateAndGet(143)) - 7c431f9d-51bc-458b-a3a6-511ec217d887: start FollowerState
2019-10-17 06:48:20,256 [Thread-3419] INFO  impl.FollowerState (FollowerState.java:run(108)) - 7c431f9d-51bc-458b-a3a6-511ec217d887@group-21BA9BD4283D-FollowerState: change to CANDIDATE, lastRpcTime:81ms, electionTimeout:81ms
2019-10-17 06:48:20,256 [Thread-3419] INFO  impl.RoleInfo (RoleInfo.java:shutdownFollowerState(121)) - 7c431f9d-51bc-458b-a3a6-511ec217d887: shutdown FollowerState
2019-10-17 06:48:20,256 [Thread-3419] INFO  impl.RaftServerImpl (RaftServerImpl.java:setRole(184)) - 7c431f9d-51bc-458b-a3a6-511ec217d887@group-21BA9BD4283D: changes role from  FOLLOWER to CANDIDATE at term 361 for changeToCandidate
2019-10-17 06:48:20,256 [Thread-3419] INFO  impl.RoleInfo (RoleInfo.java:updateAndGet(143)) - 7c431f9d-51bc-458b-a3a6-511ec217d887: start LeaderElection
2019-10-17 06:48:20,292 [7c431f9d-51bc-458b-a3a6-511ec217d887@group-21BA9BD4283D-LeaderElection407] INFO  impl.LeaderElection (LeaderElection.java:askForVotes(178)) - 7c431f9d-51bc-458b-a3a6-511ec217d887@group-21BA9BD4283D-LeaderElection407: begin an election at term 362 for -1: [67f35358-9777-4ff9-96f4-8a61bc3a94fe:192.168.34.62:37037, 7c431f9d-51bc-458b-a3a6-511ec217d887:192.168.34.62:40420, b9cfa588-8e56-4331-be2f-4c26f25c6739:192.168.34.62:34777], old=null
2019-10-17 06:48:20,294 [grpc-default-executor-3] INFO  impl.RaftServerImpl (RaftServerImpl.java:setRole(184)) - 67f35358-9777-4ff9-96f4-8a61bc3a94fe@group-21BA9BD4283D: changes role from  FOLLOWER to FOLLOWER at term 362 for recognizeCandidate:7c431f9d-51bc-458b-a3a6-511ec217d887
2019-10-17 06:48:20,294 [grpc-default-executor-3] INFO  impl.RoleInfo (RoleInfo.java:shutdownFollowerState(121)) - 67f35358-9777-4ff9-96f4-8a61bc3a94fe: shutdown FollowerState
2019-10-17 06:48:20,294 [grpc-default-executor-4] INFO  impl.RaftServerImpl (RaftServerImpl.java:setRole(184)) - b9cfa588-8e56-4331-be2f-4c26f25c6739@group-21BA9BD4283D: changes role from  FOLLOWER to FOLLOWER at term 362 for recognizeCandidate:7c431f9d-51bc-458b-a3a6-511ec217d887
2019-10-17 06:48:20,294 [grpc-default-executor-4] INFO  impl.RoleInfo (RoleInfo.java:shutdownFollowerState(121)) - b9cfa588-8e56-4331-be2f-4c26f25c6739: shutdown FollowerState
2019-10-17 06:48:20,294 [Thread-3418] INFO  impl.FollowerState (FollowerState.java:run(117)) - 67f35358-9777-4ff9-96f4-8a61bc3a94fe@group-21BA9BD4283D-FollowerState was interrupted: java.lang.InterruptedException: sleep interrupted
2019-10-17 06:48:20,294 [Thread-3417] INFO  impl.FollowerState (FollowerState.java:run(117)) - b9cfa588-8e56-4331-be2f-4c26f25c6739@group-21BA9BD4283D-FollowerState was interrupted: java.lang.InterruptedException: sleep interrupted
2019-10-17 06:48:20,294 [grpc-default-executor-3] INFO  impl.RoleInfo (RoleInfo.java:updateAndGet(143)) - 67f35358-9777-4ff9-96f4-8a61bc3a94fe: start FollowerState
2019-10-17 06:48:20,294 [grpc-default-executor-4] INFO  impl.RoleInfo (RoleInfo.java:updateAndGet(143)) - b9cfa588-8e56-4331-be2f-4c26f25c6739: start FollowerState
2019-10-17 06:48:20,309 [7c431f9d-51bc-458b-a3a6-511ec217d887@group-21BA9BD4283D-LeaderElection407] INFO  impl.LeaderElection (LeaderElection.java:logAndReturn(56)) - 7c431f9d-51bc-458b-a3a6-511ec217d887@group-21BA9BD4283D-LeaderElection407: Election REJECTED; received 2 response(s) [7c431f9d-51bc-458b-a3a6-511ec217d887<-67f35358-9777-4ff9-96f4-8a61bc3a94fe#0:FAIL-t362, 7c431f9d-51bc-458b-a3a6-511ec217d887<-b9cfa588-8e56-4331-be2f-4c26f25c6739#0:FAIL-t362] and 0 exception(s); 7c431f9d-51bc-458b-a3a6-511ec217d887@group-21BA9BD4283D:t362, leader=null, voted=7c431f9d-51bc-458b-a3a6-511ec217d887, raftlog=7c431f9d-51bc-458b-a3a6-511ec217d887@group-21BA9BD4283D-SegmentedRaftLog:OPENED:c-1,f-1,i0, conf=-1: [67f35358-9777-4ff9-96f4-8a61bc3a94fe:192.168.34.62:37037, 7c431f9d-51bc-458b-a3a6-511ec217d887:192.168.34.62:40420, b9cfa588-8e56-4331-be2f-4c26f25c6739:192.168.34.62:34777], old=null
2019-10-17 06:48:20,309 [7c431f9d-51bc-458b-a3a6-511ec217d887@group-21BA9BD4283D-LeaderElection407] INFO  impl.RaftServerImpl (RaftServerImpl.java:setRole(184)) - 7c431f9d-51bc-458b-a3a6-511ec217d887@group-21BA9BD4283D: changes role from CANDIDATE to FOLLOWER at term 362 for DISCOVERED_A_NEW_TERM
2019-10-17 06:48:20,309 [7c431f9d-51bc-458b-a3a6-511ec217d887@group-21BA9BD4283D-LeaderElection407] INFO  impl.RoleInfo (RoleInfo.java:shutdownLeaderElection(134)) - 7c431f9d-51bc-458b-a3a6-511ec217d887: shutdown LeaderElection
2019-10-17 06:48:20,309 [7c431f9d-51bc-458b-a3a6-511ec217d887@group-21BA9BD4283D-LeaderElection407] INFO  impl.RoleInfo (RoleInfo.java:updateAndGet(143)) - 7c431f9d-51bc-458b-a3a6-511ec217d887: start FollowerState
2019-10-17 06:48:20,500 [Thread-3425] INFO  impl.FollowerState (FollowerState.java:run(108)) - 7c431f9d-51bc-458b-a3a6-511ec217d887@group-21BA9BD4283D-FollowerState: change to CANDIDATE, lastRpcTime:190ms, electionTimeout:190ms
2019-10-17 06:48:20,500 [Thread-3425] INFO  impl.RoleInfo (RoleInfo.java:shutdownFollowerState(121)) - 7c431f9d-51bc-458b-a3a6-511ec217d887: shutdown FollowerState
2019-10-17 06:48:20,500 [Thread-3425] INFO  impl.RaftServerImpl (RaftServerImpl.java:setRole(184)) - 7c431f9d-51bc-458b-a3a6-511ec217d887@group-21BA9BD4283D: changes role from  FOLLOWER to CANDIDATE at term 362 for changeToCandidate
2019-10-17 06:48:20,500 [Thread-3425] INFO  impl.RoleInfo (RoleInfo.java:updateAndGet(143)) - 7c431f9d-51bc-458b-a3a6-511ec217d887: start LeaderElection
2019-10-17 06:48:20,508 [7c431f9d-51bc-458b-a3a6-511ec217d887@group-21BA9BD4283D-LeaderElection408] INFO  impl.LeaderElection (LeaderElection.java:askForVotes(178)) - 7c431f9d-51bc-458b-a3a6-511ec217d887@group-21BA9BD4283D-LeaderElection408: begin an election at term 363 for -1: [67f35358-9777-4ff9-96f4-8a61bc3a94fe:192.168.34.62:37037, 7c431f9d-51bc-458b-a3a6-511ec217d887:192.168.34.62:40420, b9cfa588-8e56-4331-be2f-4c26f25c6739:192.168.34.62:34777], old=null
2019-10-17 06:48:20,509 [grpc-default-executor-4] INFO  impl.RaftServerImpl (RaftServerImpl.java:setRole(184)) - 67f35358-9777-4ff9-96f4-8a61bc3a94fe@group-21BA9BD4283D: changes role from  FOLLOWER to FOLLOWER at term 363 for recognizeCandidate:7c431f9d-51bc-458b-a3a6-511ec217d887
2019-10-17 06:48:20,510 [grpc-default-executor-4] INFO  impl.RoleInfo (RoleInfo.java:shutdownFollowerState(121)) - 67f35358-9777-4ff9-96f4-8a61bc3a94fe: shutdown FollowerState
2019-10-17 06:48:20,509 [grpc-default-executor-3] INFO  impl.RaftServerImpl (RaftServerImpl.java:setRole(184)) - b9cfa588-8e56-4331-be2f-4c26f25c6739@group-21BA9BD4283D: changes role from  FOLLOWER to FOLLOWER at term 363 for recognizeCandidate:7c431f9d-51bc-458b-a3a6-511ec217d887
2019-10-17 06:48:20,510 [grpc-default-executor-3] INFO  impl.RoleInfo (RoleInfo.java:shutdownFollowerState(121)) - b9cfa588-8e56-4331-be2f-4c26f25c6739: shutdown FollowerState
2019-10-17 06:48:20,510 [Thread-3423] INFO  impl.FollowerState (FollowerState.java:run(117)) - 67f35358-9777-4ff9-96f4-8a61bc3a94fe@group-21BA9BD4283D-FollowerState was interrupted: java.lang.InterruptedException: sleep interrupted
2019-10-17 06:48:20,510 [grpc-default-executor-4] INFO  impl.RoleInfo (RoleInfo.java:updateAndGet(143)) - 67f35358-9777-4ff9-96f4-8a61bc3a94fe: start FollowerState
2019-10-17 06:48:20,510 [Thread-3424] INFO  impl.FollowerState (FollowerState.java:run(117)) - b9cfa588-8e56-4331-be2f-4c26f25c6739@group-21BA9BD4283D-FollowerState was interrupted: java.lang.InterruptedException: sleep interrupted
2019-10-17 06:48:20,510 [grpc-default-executor-3] INFO  impl.RoleInfo (RoleInfo.java:updateAndGet(143)) - b9cfa588-8e56-4331-be2f-4c26f25c6739: start FollowerState
2019-10-17 06:48:20,528 [7c431f9d-51bc-458b-a3a6-511ec217d887@group-21BA9BD4283D-LeaderElection408] INFO  impl.LeaderElection (LeaderElection.java:logAndReturn(56)) - 7c431f9d-51bc-458b-a3a6-511ec217d887@group-21BA9BD4283D-LeaderElection408: Election REJECTED; received 2 response(s) [7c431f9d-51bc-458b-a3a6-511ec217d887<-67f35358-9777-4ff9-96f4-8a61bc3a94fe#0:FAIL-t363, 7c431f9d-51bc-458b-a3a6-511ec217d887<-b9cfa588-8e56-4331-be2f-4c26f25c6739#0:FAIL-t363] and 0 exception(s); 7c431f9d-51bc-458b-a3a6-511ec217d887@group-21BA9BD4283D:t363, leader=null, voted=7c431f9d-51bc-458b-a3a6-511ec217d887, raftlog=7c431f9d-51bc-458b-a3a6-511ec217d887@group-21BA9BD4283D-SegmentedRaftLog:OPENED:c-1,f-1,i0, conf=-1: [67f35358-9777-4ff9-96f4-8a61bc3a94fe:192.168.34.62:37037, 7c431f9d-51bc-458b-a3a6-511ec217d887:192.168.34.62:40420, b9cfa588-8e56-4331-be2f-4c26f25c6739:192.168.34.62:34777], old=null
2019-10-17 06:48:20,528 [7c431f9d-51bc-458b-a3a6-511ec217d887@group-21BA9BD4283D-LeaderElection408] INFO  impl.RaftServerImpl (RaftServerImpl.java:setRole(184)) - 7c431f9d-51bc-458b-a3a6-511ec217d887@group-21BA9BD4283D: changes role from CANDIDATE to FOLLOWER at term 363 for DISCOVERED_A_NEW_TERM
2019-10-17 06:48:20,528 [7c431f9d-51bc-458b-a3a6-511ec217d887@group-21BA9BD4283D-LeaderElection408] INFO  impl.RoleInfo (RoleInfo.java:shutdownLeaderElection(134)) - 7c431f9d-51bc-458b-a3a6-511ec217d887: shutdown LeaderElection
2019-10-17 06:48:20,528 [7c431f9d-51bc-458b-a3a6-511ec217d887@group-21BA9BD4283D-LeaderElection408] INFO  impl.RoleInfo (RoleInfo.java:updateAndGet(143)) - 7c431f9d-51bc-458b-a3a6-511ec217d887: start FollowerState
2019-10-17 06:48:20,550 [Thread-3431] INFO  impl.FollowerState (FollowerState.java:run(108)) - 7c431f9d-51bc-458b-a3a6-511ec217d887@group-21BA9BD4283D-FollowerState: change to CANDIDATE, lastRpcTime:21ms, electionTimeout:21ms
2019-10-17 06:48:20,550 [Thread-3431] INFO  impl.RoleInfo (RoleInfo.java:shutdownFollowerState(121)) - 7c431f9d-51bc-458b-a3a6-511ec217d887: shutdown FollowerState
2019-10-17 06:48:20,550 [Thread-3431] INFO  impl.RaftServerImpl (RaftServerImpl.java:setRole(184)) - 7c431f9d-51bc-458b-a3a6-511ec217d887@group-21BA9BD4283D: changes role from  FOLLOWER to CANDIDATE at term 363 for changeToCandidate
2019-10-17 06:48:20,550 [Thread-3431] INFO  impl.RoleInfo (RoleInfo.java:updateAndGet(143)) - 7c431f9d-51bc-458b-a3a6-511ec217d887: start LeaderElection
2019-10-17 06:48:20,563 [7c431f9d-51bc-458b-a3a6-511ec217d887@group-21BA9BD4283D-LeaderElection409] INFO  impl.LeaderElection (LeaderElection.java:askForVotes(178)) - 7c431f9d-51bc-458b-a3a6-511ec217d887@group-21BA9BD4283D-LeaderElection409: begin an election at term 364 for -1: [67f35358-9777-4ff9-96f4-8a61bc3a94fe:192.168.34.62:37037, 7c431f9d-51bc-458b-a3a6-511ec217d887:192.168.34.62:40420, b9cfa588-8e56-4331-be2f-4c26f25c6739:192.168.34.62:34777], old=null
2019-10-17 06:48:20,564 [grpc-default-executor-3] INFO  impl.RaftServerImpl (RaftServerImpl.java:setRole(184)) - 67f35358-9777-4ff9-96f4-8a61bc3a94fe@group-21BA9BD4283D: changes role from  FOLLOWER to FOLLOWER at term 364 for recognizeCandidate:7c431f9d-51bc-458b-a3a6-511ec217d887
2019-10-17 06:48:20,564 [grpc-default-executor-3] INFO  impl.RoleInfo (RoleInfo.java:shutdownFollowerState(121)) - 67f35358-9777-4ff9-96f4-8a61bc3a94fe: shutdown FollowerState
2019-10-17 06:48:20,564 [grpc-default-executor-4] INFO  impl.RaftServerImpl (RaftServerImpl.java:setRole(184)) - b9cfa588-8e56-4331-be2f-4c26f25c6739@group-21BA9BD4283D: changes role from  FOLLOWER to FOLLOWER at term 364 for recognizeCandidate:7c431f9d-51bc-458b-a3a6-511ec217d887
2019-10-17 06:48:20,564 [grpc-default-executor-4] INFO  impl.RoleInfo (RoleInfo.java:shutdownFollowerState(121)) - b9cfa588-8e56-4331-be2f-4c26f25c6739: shutdown FollowerState
2019-10-17 06:48:20,564 [Thread-3429] INFO  impl.FollowerState (FollowerState.java:run(117)) - 67f35358-9777-4ff9-96f4-8a61bc3a94fe@group-21BA9BD4283D-FollowerState was interrupted: java.lang.InterruptedException: sleep interrupted
2019-10-17 06:48:20,564 [grpc-default-executor-3] INFO  impl.RoleInfo (RoleInfo.java:updateAndGet(143)) - 67f35358-9777-4ff9-96f4-8a61bc3a94fe: start FollowerState
2019-10-17 06:48:20,565 [Thread-3430] INFO  impl.FollowerState (FollowerState.java:run(117)) - b9cfa588-8e56-4331-be2f-4c26f25c6739@group-21BA9BD4283D-FollowerState was interrupted: java.lang.InterruptedException: sleep interrupted
2019-10-17 06:48:20,565 [grpc-default-executor-4] INFO  impl.RoleInfo (RoleInfo.java:updateAndGet(143)) - b9cfa588-8e56-4331-be2f-4c26f25c6739: start FollowerState
2019-10-17 06:48:20,578 [7c431f9d-51bc-458b-a3a6-511ec217d887@group-21BA9BD4283D-LeaderElection409] INFO  impl.LeaderElection (LeaderElection.java:logAndReturn(56)) - 7c431f9d-51bc-458b-a3a6-511ec217d887@group-21BA9BD4283D-LeaderElection409: Election REJECTED; received 2 response(s) [7c431f9d-51bc-458b-a3a6-511ec217d887<-67f35358-9777-4ff9-96f4-8a61bc3a94fe#0:FAIL-t364, 7c431f9d-51bc-458b-a3a6-511ec217d887<-b9cfa588-8e56-4331-be2f-4c26f25c6739#0:FAIL-t364] and 0 exception(s); 7c431f9d-51bc-458b-a3a6-511ec217d887@group-21BA9BD4283D:t364, leader=null, voted=7c431f9d-51bc-458b-a3a6-511ec217d887, raftlog=7c431f9d-51bc-458b-a3a6-511ec217d887@group-21BA9BD4283D-SegmentedRaftLog:OPENED:c-1,f-1,i0, conf=-1: [67f35358-9777-4ff9-96f4-8a61bc3a94fe:192.168.34.62:37037, 7c431f9d-51bc-458b-a3a6-511ec217d887:192.168.34.62:40420, b9cfa588-8e56-4331-be2f-4c26f25c6739:192.168.34.62:34777], old=null
2019-10-17 06:48:20,579 [7c431f9d-51bc-458b-a3a6-511ec217d887@group-21BA9BD4283D-LeaderElection409] INFO  impl.RaftServerImpl (RaftServerImpl.java:setRole(184)) - 7c431f9d-51bc-458b-a3a6-511ec217d887@group-21BA9BD4283D: changes role from CANDIDATE to FOLLOWER at term 364 for DISCOVERED_A_NEW_TERM
2019-10-17 06:48:20,579 [7c431f9d-51bc-458b-a3a6-511ec217d887@group-21BA9BD4283D-LeaderElection409] INFO  impl.RoleInfo (RoleInfo.java:shutdownLeaderElection(134)) - 7c431f9d-51bc-458b-a3a6-511ec217d887: shutdown LeaderElection
2019-10-17 06:48:20,579 [7c431f9d-51bc-458b-a3a6-511ec217d887@group-21BA9BD4283D-LeaderElection409] INFO  impl.RoleInfo (RoleInfo.java:updateAndGet(143)) - 7c431f9d-51bc-458b-a3a6-511ec217d887: start FollowerState
2019-10-17 06:48:20,732 [Thread-3437] INFO  impl.FollowerState (FollowerState.java:run(108)) - 7c431f9d-51bc-458b-a3a6-511ec217d887@group-21BA9BD4283D-FollowerState: change to CANDIDATE, lastRpcTime:153ms, electionTimeout:153ms
2019-10-17 06:48:20,732 [Thread-3437] INFO  impl.RoleInfo (RoleInfo.java:shutdownFollowerState(121)) - 7c431f9d-51bc-458b-a3a6-511ec217d887: shutdown FollowerState
2019-10-17 06:48:20,732 [Thread-3437] INFO  impl.RaftServerImpl (RaftServerImpl.java:setRole(184)) - 7c431f9d-51bc-458b-a3a6-511ec217d887@group-21BA9BD4283D: changes role from  FOLLOWER to CANDIDATE at term 364 for changeToCandidate
2019-10-17 06:48:20,732 [Thread-3437] INFO  impl.RoleInfo (RoleInfo.java:updateAndGet(143)) - 7c431f9d-51bc-458b-a3a6-511ec217d887: start LeaderElection
2019-10-17 06:48:20,746 [7c431f9d-51bc-458b-a3a6-511ec217d887@group-21BA9BD4283D-LeaderElection410] INFO  impl.LeaderElection (LeaderElection.java:askForVotes(178)) - 7c431f9d-51bc-458b-a3a6-511ec217d887@group-21BA9BD4283D-LeaderElection410: begin an election at term 365 for -1: [67f35358-9777-4ff9-96f4-8a61bc3a94fe:192.168.34.62:37037, 7c431f9d-51bc-458b-a3a6-511ec217d887:192.168.34.62:40420, b9cfa588-8e56-4331-be2f-4c26f25c6739:192.168.34.62:34777], old=null
2019-10-17 06:48:20,747 [grpc-default-executor-3] INFO  impl.RaftServerImpl (RaftServerImpl.java:setRole(184)) - 67f35358-9777-4ff9-96f4-8a61bc3a94fe@group-21BA9BD4283D: changes role from  FOLLOWER to FOLLOWER at term 365 for recognizeCandidate:7c431f9d-51bc-458b-a3a6-511ec217d887
2019-10-17 06:48:20,748 [grpc-default-executor-3] INFO  impl.RoleInfo (RoleInfo.java:shutdownFollowerState(121)) - 67f35358-9777-4ff9-96f4-8a61bc3a94fe: shutdown FollowerState
2019-10-17 06:48:20,748 [grpc-default-executor-4] INFO  impl.RaftServerImpl (RaftServerImpl.java:setRole(184)) - b9cfa588-8e56-4331-be2f-4c26f25c6739@group-21BA9BD4283D: changes role from  FOLLOWER to FOLLOWER at term 365 for recognizeCandidate:7c431f9d-51bc-458b-a3a6-511ec217d887
2019-10-17 06:48:20,748 [Thread-3435] INFO  impl.FollowerState (FollowerState.java:run(117)) - 67f35358-9777-4ff9-96f4-8a61bc3a94fe@group-21BA9BD4283D-FollowerState was interrupted: java.lang.InterruptedException: sleep interrupted
2019-10-17 06:48:20,748 [grpc-default-executor-3] INFO  impl.RoleInfo (RoleInfo.java:updateAndGet(143)) - 67f35358-9777-4ff9-96f4-8a61bc3a94fe: start FollowerState
2019-10-17 06:48:20,748 [grpc-default-executor-4] INFO  impl.RoleInfo (RoleInfo.java:shutdownFollowerState(121)) - b9cfa588-8e56-4331-be2f-4c26f25c6739: shutdown FollowerState
2019-10-17 06:48:20,748 [grpc-default-executor-4] INFO  impl.RoleInfo (RoleInfo.java:updateAndGet(143)) - b9cfa588-8e56-4331-be2f-4c26f25c6739: start FollowerState
2019-10-17 06:48:20,748 [Thread-3436] INFO  impl.FollowerState (FollowerState.java:run(117)) - b9cfa588-8e56-4331-be2f-4c26f25c6739@group-21BA9BD4283D-FollowerState was interrupted: java.lang.InterruptedException: sleep interrupted
2019-10-17 06:48:20,760 [7c431f9d-51bc-458b-a3a6-511ec217d887@group-21BA9BD4283D-LeaderElection410] INFO  impl.LeaderElection (LeaderElection.java:logAndReturn(56)) - 7c431f9d-51bc-458b-a3a6-511ec217d887@group-21BA9BD4283D-LeaderElection410: Election TIMEOUT; received 0 response(s) [] and 0 exception(s); 7c431f9d-51bc-458b-a3a6-511ec217d887@group-21BA9BD4283D:t365, leader=null, voted=7c431f9d-51bc-458b-a3a6-511ec217d887, raftlog=7c431f9d-51bc-458b-a3a6-511ec217d887@group-21BA9BD4283D-SegmentedRaftLog:OPENED:c-1,f-1,i0, conf=-1: [67f35358-9777-4ff9-96f4-8a61bc3a94fe:192.168.34.62:37037, 7c431f9d-51bc-458b-a3a6-511ec217d887:192.168.34.62:40420, b9cfa588-8e56-4331-be2f-4c26f25c6739:192.168.34.62:34777], old=null
2019-10-17 06:48:20,775 [7c431f9d-51bc-458b-a3a6-511ec217d887@group-21BA9BD4283D-LeaderElection410] INFO  impl.LeaderElection (LeaderElection.java:askForVotes(178)) - 7c431f9d-51bc-458b-a3a6-511ec217d887@group-21BA9BD4283D-LeaderElection410: begin an election at term 366 for -1: [67f35358-9777-4ff9-96f4-8a61bc3a94fe:192.168.34.62:37037, 7c431f9d-51bc-458b-a3a6-511ec217d887:192.168.34.62:40420, b9cfa588-8e56-4331-be2f-4c26f25c6739:192.168.34.62:34777], old=null
2019-10-17 06:48:20,776 [grpc-default-executor-3] INFO  impl.RaftServerImpl (RaftServerImpl.java:setRole(184)) - 67f35358-9777-4ff9-96f4-8a61bc3a94fe@group-21BA9BD4283D: changes role from  FOLLOWER to FOLLOWER at term 366 for recognizeCandidate:7c431f9d-51bc-458b-a3a6-511ec217d887
2019-10-17 06:48:20,776 [grpc-default-executor-3] INFO  impl.RoleInfo (RoleInfo.java:shutdownFollowerState(121)) - 67f35358-9777-4ff9-96f4-8a61bc3a94fe: shutdown FollowerState
2019-10-17 06:48:20,776 [grpc-default-executor-3] INFO  impl.RoleInfo (RoleInfo.java:updateAndGet(143)) - 67f35358-9777-4ff9-96f4-8a61bc3a94fe: start FollowerState
2019-10-17 06:48:20,776 [Thread-3441] INFO  impl.FollowerState (FollowerState.java:run(117)) - 67f35358-9777-4ff9-96f4-8a61bc3a94fe@group-21BA9BD4283D-FollowerState was interrupted: java.lang.InterruptedException: sleep interrupted
2019-10-17 06:48:20,777 [grpc-default-executor-4] INFO  impl.RaftServerImpl (RaftServerImpl.java:setRole(184)) - b9cfa588-8e56-4331-be2f-4c26f25c6739@group-21BA9BD4283D: changes role from  FOLLOWER to FOLLOWER at term 366 for recognizeCandidate:7c431f9d-51bc-458b-a3a6-511ec217d887
2019-10-17 06:48:20,777 [grpc-default-executor-4] INFO  impl.RoleInfo (RoleInfo.java:shutdownFollowerState(121)) - b9cfa588-8e56-4331-be2f-4c26f25c6739: shutdown FollowerState
2019-10-17 06:48:20,777 [grpc-default-executor-4] INFO  impl.RoleInfo (RoleInfo.java:updateAndGet(143)) - b9cfa588-8e56-4331-be2f-4c26f25c6739: start FollowerState
2019-10-17 06:48:20,777 [Thread-3442] INFO  impl.FollowerState (FollowerState.java:run(117)) - b9cfa588-8e56-4331-be2f-4c26f25c6739@group-21BA9BD4283D-FollowerState was interrupted: java.lang.InterruptedException: sleep interrupted
2019-10-17 06:48:20,800 [7c431f9d-51bc-458b-a3a6-511ec217d887@group-21BA9BD4283D-LeaderElection410] INFO  impl.LeaderElection (LeaderElection.java:logAndReturn(56)) - 7c431f9d-51bc-458b-a3a6-511ec217d887@group-21BA9BD4283D-LeaderElection410: Election REJECTED; received 2 response(s) [7c431f9d-51bc-458b-a3a6-511ec217d887<-67f35358-9777-4ff9-96f4-8a61bc3a94fe#0:FAIL-t366, 7c431f9d-51bc-458b-a3a6-511ec217d887<-b9cfa588-8e56-4331-be2f-4c26f25c6739#0:FAIL-t366] and 0 exception(s); 7c431f9d-51bc-458b-a3a6-511ec217d887@group-21BA9BD4283D:t366, leader=null, voted=7c431f9d-51bc-458b-a3a6-511ec217d887, raftlog=7c431f9d-51bc-458b-a3a6-511ec217d887@group-21BA9BD4283D-SegmentedRaftLog:OPENED:c-1,f-1,i0, conf=-1: [67f35358-9777-4ff9-96f4-8a61bc3a94fe:192.168.34.62:37037, 7c431f9d-51bc-458b-a3a6-511ec217d887:192.168.34.62:40420, b9cfa588-8e56-4331-be2f-4c26f25c6739:192.168.34.62:34777], old=null
2019-10-17 06:48:20,800 [7c431f9d-51bc-458b-a3a6-511ec217d887@group-21BA9BD4283D-LeaderElection410] INFO  impl.RaftServerImpl (RaftServerImpl.java:setRole(184)) - 7c431f9d-51bc-458b-a3a6-511ec217d887@group-21BA9BD4283D: changes role from CANDIDATE to FOLLOWER at term 366 for DISCOVERED_A_NEW_TERM
2019-10-17 06:48:20,800 [7c431f9d-51bc-458b-a3a6-511ec217d887@group-21BA9BD4283D-LeaderElection410] INFO  impl.RoleInfo (RoleInfo.java:shutdownLeaderElection(134)) - 7c431f9d-51bc-458b-a3a6-511ec217d887: shutdown LeaderElection
2019-10-17 06:48:20,801 [7c431f9d-51bc-458b-a3a6-511ec217d887@group-21BA9BD4283D-LeaderElection410] INFO  impl.RoleInfo (RoleInfo.java:updateAndGet(143)) - 7c431f9d-51bc-458b-a3a6-511ec217d887: start FollowerState
2019-10-17 06:48:20,883 [Thread-3447] INFO  impl.FollowerState (FollowerState.java:run(108)) - 7c431f9d-51bc-458b-a3a6-511ec217d887@group-21BA9BD4283D-FollowerState: change to CANDIDATE, lastRpcTime:82ms, electionTimeout:82ms
2019-10-17 06:48:20,883 [Thread-3447] INFO  impl.RoleInfo (RoleInfo.java:shutdownFollowerState(121)) - 7c431f9d-51bc-458b-a3a6-511ec217d887: shutdown FollowerState
2019-10-17 06:48:20,883 [Thread-3447] INFO  impl.RaftServerImpl (RaftServerImpl.java:setRole(184)) - 7c431f9d-51bc-458b-a3a6-511ec217d887@group-21BA9BD4283D: changes role from  FOLLOWER to CANDIDATE at term 366 for changeToCandidate
2019-10-17 06:48:20,883 [Thread-3447] INFO  impl.RoleInfo (RoleInfo.java:updateAndGet(143)) - 7c431f9d-51bc-458b-a3a6-511ec217d887: start LeaderElection
2019-10-17 06:48:20,888 [7c431f9d-51bc-458b-a3a6-511ec217d887@group-21BA9BD4283D-LeaderElection411] INFO  impl.LeaderElection (LeaderElection.java:askForVotes(178)) - 7c431f9d-51bc-458b-a3a6-511ec217d887@group-21BA9BD4283D-LeaderElection411: begin an election at term 367 for -1: [67f35358-9777-4ff9-96f4-8a61bc3a94fe:192.168.34.62:37037, 7c431f9d-51bc-458b-a3a6-511ec217d887:192.168.34.62:40420, b9cfa588-8e56-4331-be2f-4c26f25c6739:192.168.34.62:34777], old=null
2019-10-17 06:48:20,890 [grpc-default-executor-4] INFO  impl.RaftServerImpl (RaftServerImpl.java:setRole(184)) - 67f35358-9777-4ff9-96f4-8a61bc3a94fe@group-21BA9BD4283D: changes role from  FOLLOWER to FOLLOWER at term 367 for recognizeCandidate:7c431f9d-51bc-458b-a3a6-511ec217d887
2019-10-17 06:48:20,890 [grpc-default-executor-4] INFO  impl.RoleInfo (RoleInfo.java:shutdownFollowerState(121)) - 67f35358-9777-4ff9-96f4-8a61bc3a94fe: shutdown FollowerState
2019-10-17 06:48:20,890 [grpc-default-executor-3] INFO  impl.RaftServerImpl (RaftServerImpl.java:setRole(184)) - b9cfa588-8e56-4331-be2f-4c26f25c6739@group-21BA9BD4283D: changes role from  FOLLOWER to FOLLOWER at term 367 for recognizeCandidate:7c431f9d-51bc-458b-a3a6-511ec217d887
2019-10-17 06:48:20,890 [grpc-default-executor-3] INFO  impl.RoleInfo (RoleInfo.java:shutdownFollowerState(121)) - b9cfa588-8e56-4331-be2f-4c26f25c6739: shutdown FollowerState
2019-10-17 06:48:20,890 [Thread-3445] INFO  impl.FollowerState (FollowerState.java:run(117)) - 67f35358-9777-4ff9-96f4-8a61bc3a94fe@group-21BA9BD4283D-FollowerState was interrupted: java.lang.InterruptedException: sleep interrupted
2019-10-17 06:48:20,890 [grpc-default-executor-4] INFO  impl.RoleInfo (RoleInfo.java:updateAndGet(143)) - 67f35358-9777-4ff9-96f4-8a61bc3a94fe: start FollowerState
2019-10-17 06:48:20,890 [Thread-3446] INFO  impl.FollowerState (FollowerState.java:run(117)) - b9cfa588-8e56-4331-be2f-4c26f25c6739@group-21BA9BD4283D-FollowerState was interrupted: java.lang.InterruptedException: sleep interrupted
2019-10-17 06:48:20,890 [grpc-default-executor-3] INFO  impl.RoleInfo (RoleInfo.java:updateAndGet(143)) - b9cfa588-8e56-4331-be2f-4c26f25c6739: start FollowerState
2019-10-17 06:48:20,913 [7c431f9d-51bc-458b-a3a6-511ec217d887@group-21BA9BD4283D-LeaderElection411] INFO  impl.LeaderElection (LeaderElection.java:logAndReturn(56)) - 7c431f9d-51bc-458b-a3a6-511ec217d887@group-21BA9BD4283D-LeaderElection411: Election REJECTED; received 2 response(s) [7c431f9d-51bc-458b-a3a6-511ec217d887<-67f35358-9777-4ff9-96f4-8a61bc3a94fe#0:FAIL-t367, 7c431f9d-51bc-458b-a3a6-511ec217d887<-b9cfa588-8e56-4331-be2f-4c26f25c6739#0:FAIL-t367] and 0 exception(s); 7c431f9d-51bc-458b-a3a6-511ec217d887@group-21BA9BD4283D:t367, leader=null, voted=7c431f9d-51bc-458b-a3a6-511ec217d887, raftlog=7c431f9d-51bc-458b-a3a6-511ec217d887@group-21BA9BD4283D-SegmentedRaftLog:OPENED:c-1,f-1,i0, conf=-1: [67f35358-9777-4ff9-96f4-8a61bc3a94fe:192.168.34.62:37037, 7c431f9d-51bc-458b-a3a6-511ec217d887:192.168.34.62:40420, b9cfa588-8e56-4331-be2f-4c26f25c6739:192.168.34.62:34777], old=null
2019-10-17 06:48:20,913 [7c431f9d-51bc-458b-a3a6-511ec217d887@group-21BA9BD4283D-LeaderElection411] INFO  impl.RaftServerImpl (RaftServerImpl.java:setRole(184)) - 7c431f9d-51bc-458b-a3a6-511ec217d887@group-21BA9BD4283D: changes role from CANDIDATE to FOLLOWER at term 367 for DISCOVERED_A_NEW_TERM
2019-10-17 06:48:20,913 [7c431f9d-51bc-458b-a3a6-511ec217d887@group-21BA9BD4283D-LeaderElection411] INFO  impl.RoleInfo (RoleInfo.java:shutdownLeaderElection(134)) - 7c431f9d-51bc-458b-a3a6-511ec217d887: shutdown LeaderElection
2019-10-17 06:48:20,913 [7c431f9d-51bc-458b-a3a6-511ec217d887@group-21BA9BD4283D-LeaderElection411] INFO  impl.RoleInfo (RoleInfo.java:updateAndGet(143)) - 7c431f9d-51bc-458b-a3a6-511ec217d887: start FollowerState
2019-10-17 06:48:21,092 [Thread-3453] INFO  impl.FollowerState (FollowerState.java:run(108)) - 7c431f9d-51bc-458b-a3a6-511ec217d887@group-21BA9BD4283D-FollowerState: change to CANDIDATE, lastRpcTime:178ms, electionTimeout:178ms
2019-10-17 06:48:21,092 [Thread-3453] INFO  impl.RoleInfo (RoleInfo.java:shutdownFollowerState(121)) - 7c431f9d-51bc-458b-a3a6-511ec217d887: shutdown FollowerState
2019-10-17 06:48:21,092 [Thread-3453] INFO  impl.RaftServerImpl (RaftServerImpl.java:setRole(184)) - 7c431f9d-51bc-458b-a3a6-511ec217d887@group-21BA9BD4283D: changes role from  FOLLOWER to CANDIDATE at term 367 for changeToCandidate
2019-10-17 06:48:21,092 [Thread-3453] INFO  impl.RoleInfo (RoleInfo.java:updateAndGet(143)) - 7c431f9d-51bc-458b-a3a6-511ec217d887: start LeaderElection
2019-10-17 06:48:21,108 [main] INFO  ozone.MiniOzoneClusterImpl (MiniOzoneClusterImpl.java:lambda$waitForClusterToBeReady$2(164)) - Waiting for 1 number of pipelines out of 4, to report a leader.
2019-10-17 06:48:21,115 [7c431f9d-51bc-458b-a3a6-511ec217d887@group-21BA9BD4283D-LeaderElection412] INFO  impl.LeaderElection (LeaderElection.java:askForVotes(178)) - 7c431f9d-51bc-458b-a3a6-511ec217d887@group-21BA9BD4283D-LeaderElection412: begin an election at term 368 for -1: [67f35358-9777-4ff9-96f4-8a61bc3a94fe:192.168.34.62:37037, 7c431f9d-51bc-458b-a3a6-511ec217d887:192.168.34.62:40420, b9cfa588-8e56-4331-be2f-4c26f25c6739:192.168.34.62:34777], old=null
2019-10-17 06:48:21,116 [grpc-default-executor-4] INFO  impl.RaftServerImpl (RaftServerImpl.java:setRole(184)) - 67f35358-9777-4ff9-96f4-8a61bc3a94fe@group-21BA9BD4283D: changes role from  FOLLOWER to FOLLOWER at term 368 for recognizeCandidate:7c431f9d-51bc-458b-a3a6-511ec217d887
2019-10-17 06:48:21,116 [grpc-default-executor-3] INFO  impl.RaftServerImpl (RaftServerImpl.java:setRole(184)) - b9cfa588-8e56-4331-be2f-4c26f25c6739@group-21BA9BD4283D: changes role from  FOLLOWER to FOLLOWER at term 368 for recognizeCandidate:7c431f9d-51bc-458b-a3a6-511ec217d887
2019-10-17 06:48:21,116 [grpc-default-executor-4] INFO  impl.RoleInfo (RoleInfo.java:shutdownFollowerState(121)) - 67f35358-9777-4ff9-96f4-8a61bc3a94fe: shutdown FollowerState
2019-10-17 06:48:21,117 [grpc-default-executor-3] INFO  impl.RoleInfo (RoleInfo.java:shutdownFollowerState(121)) - b9cfa588-8e56-4331-be2f-4c26f25c6739: shutdown FollowerState
2019-10-17 06:48:21,117 [Thread-3451] INFO  impl.FollowerState (FollowerState.java:run(117)) - 67f35358-9777-4ff9-96f4-8a61bc3a94fe@group-21BA9BD4283D-FollowerState was interrupted: java.lang.InterruptedException: sleep interrupted
2019-10-17 06:48:21,117 [grpc-default-executor-4] INFO  impl.RoleInfo (RoleInfo.java:updateAndGet(143)) - 67f35358-9777-4ff9-96f4-8a61bc3a94fe: start FollowerState
2019-10-17 06:48:21,117 [grpc-default-executor-3] INFO  impl.RoleInfo (RoleInfo.java:updateAndGet(143)) - b9cfa588-8e56-4331-be2f-4c26f25c6739: start FollowerState
2019-10-17 06:48:21,117 [Thread-3452] INFO  impl.FollowerState (FollowerState.java:run(117)) - b9cfa588-8e56-4331-be2f-4c26f25c6739@group-21BA9BD4283D-FollowerState was interrupted: java.lang.InterruptedException: sleep interrupted
2019-10-17 06:48:21,139 [7c431f9d-51bc-458b-a3a6-511ec217d887@group-21BA9BD4283D-LeaderElection412] INFO  impl.LeaderElection (LeaderElection.java:logAndReturn(56)) - 7c431f9d-51bc-458b-a3a6-511ec217d887@group-21BA9BD4283D-LeaderElection412: Election REJECTED; received 2 response(s) [7c431f9d-51bc-458b-a3a6-511ec217d887<-67f35358-9777-4ff9-96f4-8a61bc3a94fe#0:FAIL-t368, 7c431f9d-51bc-458b-a3a6-511ec217d887<-b9cfa588-8e56-4331-be2f-4c26f25c6739#0:FAIL-t368] and 0 exception(s); 7c431f9d-51bc-458b-a3a6-511ec217d887@group-21BA9BD4283D:t368, leader=null, voted=7c431f9d-51bc-458b-a3a6-511ec217d887, raftlog=7c431f9d-51bc-458b-a3a6-511ec217d887@group-21BA9BD4283D-SegmentedRaftLog:OPENED:c-1,f-1,i0, conf=-1: [67f35358-9777-4ff9-96f4-8a61bc3a94fe:192.168.34.62:37037, 7c431f9d-51bc-458b-a3a6-511ec217d887:192.168.34.62:40420, b9cfa588-8e56-4331-be2f-4c26f25c6739:192.168.34.62:34777], old=null
2019-10-17 06:48:21,139 [7c431f9d-51bc-458b-a3a6-511ec217d887@group-21BA9BD4283D-LeaderElection412] INFO  impl.RaftServerImpl (RaftServerImpl.java:setRole(184)) - 7c431f9d-51bc-458b-a3a6-511ec217d887@group-21BA9BD4283D: changes role from CANDIDATE to FOLLOWER at term 368 for DISCOVERED_A_NEW_TERM
2019-10-17 06:48:21,139 [7c431f9d-51bc-458b-a3a6-511ec217d887@group-21BA9BD4283D-LeaderElection412] INFO  impl.RoleInfo (RoleInfo.java:shutdownLeaderElection(134)) - 7c431f9d-51bc-458b-a3a6-511ec217d887: shutdown LeaderElection
2019-10-17 06:48:21,139 [7c431f9d-51bc-458b-a3a6-511ec217d887@group-21BA9BD4283D-LeaderElection412] INFO  impl.RoleInfo (RoleInfo.java:updateAndGet(143)) - 7c431f9d-51bc-458b-a3a6-511ec217d887: start FollowerState
2019-10-17 06:48:21,152 [Thread-3459] INFO  impl.FollowerState (FollowerState.java:run(108)) - 7c431f9d-51bc-458b-a3a6-511ec217d887@group-21BA9BD4283D-FollowerState: change to CANDIDATE, lastRpcTime:13ms, electionTimeout:13ms
2019-10-17 06:48:21,152 [Thread-3459] INFO  impl.RoleInfo (RoleInfo.java:shutdownFollowerState(121)) - 7c431f9d-51bc-458b-a3a6-511ec217d887: shutdown FollowerState
2019-10-17 06:48:21,152 [Thread-3459] INFO  impl.RaftServerImpl (RaftServerImpl.java:setRole(184)) - 7c431f9d-51bc-458b-a3a6-511ec217d887@group-21BA9BD4283D: changes role from  FOLLOWER to CANDIDATE at term 368 for changeToCandidate
2019-10-17 06:48:21,152 [Thread-3459] INFO  impl.RoleInfo (RoleInfo.java:updateAndGet(143)) - 7c431f9d-51bc-458b-a3a6-511ec217d887: start LeaderElection
2019-10-17 06:48:21,165 [7c431f9d-51bc-458b-a3a6-511ec217d887@group-21BA9BD4283D-LeaderElection413] INFO  impl.LeaderElection (LeaderElection.java:askForVotes(178)) - 7c431f9d-51bc-458b-a3a6-511ec217d887@group-21BA9BD4283D-LeaderElection413: begin an election at term 369 for -1: [67f35358-9777-4ff9-96f4-8a61bc3a94fe:192.168.34.62:37037, 7c431f9d-51bc-458b-a3a6-511ec217d887:192.168.34.62:40420, b9cfa588-8e56-4331-be2f-4c26f25c6739:192.168.34.62:34777], old=null
2019-10-17 06:48:21,166 [grpc-default-executor-4] INFO  impl.RaftServerImpl (RaftServerImpl.java:setRole(184)) - 67f35358-9777-4ff9-96f4-8a61bc3a94fe@group-21BA9BD4283D: changes role from  FOLLOWER to FOLLOWER at term 369 for recognizeCandidate:7c431f9d-51bc-458b-a3a6-511ec217d887
2019-10-17 06:48:21,166 [grpc-default-executor-4] INFO  impl.RoleInfo (RoleInfo.java:shutdownFollowerState(121)) - 67f35358-9777-4ff9-96f4-8a61bc3a94fe: shutdown FollowerState
2019-10-17 06:48:21,166 [grpc-default-executor-4] INFO  impl.RoleInfo (RoleInfo.java:updateAndGet(143)) - 67f35358-9777-4ff9-96f4-8a61bc3a94fe: start FollowerState
2019-10-17 06:48:21,167 [Thread-3457] INFO  impl.FollowerState (FollowerState.java:run(117)) - 67f35358-9777-4ff9-96f4-8a61bc3a94fe@group-21BA9BD4283D-FollowerState was interrupted: java.lang.InterruptedException: sleep interrupted
2019-10-17 06:48:21,167 [grpc-default-executor-3] INFO  impl.RaftServerImpl (RaftServerImpl.java:setRole(184)) - b9cfa588-8e56-4331-be2f-4c26f25c6739@group-21BA9BD4283D: changes role from  FOLLOWER to FOLLOWER at term 369 for recognizeCandidate:7c431f9d-51bc-458b-a3a6-511ec217d887
2019-10-17 06:48:21,167 [grpc-default-executor-3] INFO  impl.RoleInfo (RoleInfo.java:shutdownFollowerState(121)) - b9cfa588-8e56-4331-be2f-4c26f25c6739: shutdown FollowerState
2019-10-17 06:48:21,167 [grpc-default-executor-3] INFO  impl.RoleInfo (RoleInfo.java:updateAndGet(143)) - b9cfa588-8e56-4331-be2f-4c26f25c6739: start FollowerState
2019-10-17 06:48:21,167 [Thread-3458] INFO  impl.FollowerState (FollowerState.java:run(117)) - b9cfa588-8e56-4331-be2f-4c26f25c6739@group-21BA9BD4283D-FollowerState was interrupted: java.lang.InterruptedException: sleep interrupted
2019-10-17 06:48:21,181 [7c431f9d-51bc-458b-a3a6-511ec217d887@group-21BA9BD4283D-LeaderElection413] INFO  impl.LeaderElection (LeaderElection.java:logAndReturn(56)) - 7c431f9d-51bc-458b-a3a6-511ec217d887@group-21BA9BD4283D-LeaderElection413: Election REJECTED; received 2 response(s) [7c431f9d-51bc-458b-a3a6-511ec217d887<-67f35358-9777-4ff9-96f4-8a61bc3a94fe#0:FAIL-t369, 7c431f9d-51bc-458b-a3a6-511ec217d887<-b9cfa588-8e56-4331-be2f-4c26f25c6739#0:FAIL-t369] and 0 exception(s); 7c431f9d-51bc-458b-a3a6-511ec217d887@group-21BA9BD4283D:t369, leader=null, voted=7c431f9d-51bc-458b-a3a6-511ec217d887, raftlog=7c431f9d-51bc-458b-a3a6-511ec217d887@group-21BA9BD4283D-SegmentedRaftLog:OPENED:c-1,f-1,i0, conf=-1: [67f35358-9777-4ff9-96f4-8a61bc3a94fe:192.168.34.62:37037, 7c431f9d-51bc-458b-a3a6-511ec217d887:192.168.34.62:40420, b9cfa588-8e56-4331-be2f-4c26f25c6739:192.168.34.62:34777], old=null
2019-10-17 06:48:21,181 [7c431f9d-51bc-458b-a3a6-511ec217d887@group-21BA9BD4283D-LeaderElection413] INFO  impl.RaftServerImpl (RaftServerImpl.java:setRole(184)) - 7c431f9d-51bc-458b-a3a6-511ec217d887@group-21BA9BD4283D: changes role from CANDIDATE to FOLLOWER at term 369 for DISCOVERED_A_NEW_TERM
2019-10-17 06:48:21,181 [7c431f9d-51bc-458b-a3a6-511ec217d887@group-21BA9BD4283D-LeaderElection413] INFO  impl.RoleInfo (RoleInfo.java:shutdownLeaderElection(134)) - 7c431f9d-51bc-458b-a3a6-511ec217d887: shutdown LeaderElection
2019-10-17 06:48:21,181 [7c431f9d-51bc-458b-a3a6-511ec217d887@group-21BA9BD4283D-LeaderElection413] INFO  impl.RoleInfo (RoleInfo.java:updateAndGet(143)) - 7c431f9d-51bc-458b-a3a6-511ec217d887: start FollowerState
2019-10-17 06:48:21,361 [Thread-3465] INFO  impl.FollowerState (FollowerState.java:run(108)) - 7c431f9d-51bc-458b-a3a6-511ec217d887@group-21BA9BD4283D-FollowerState: change to CANDIDATE, lastRpcTime:180ms, electionTimeout:180ms
2019-10-17 06:48:21,362 [Thread-3465] INFO  impl.RoleInfo (RoleInfo.java:shutdownFollowerState(121)) - 7c431f9d-51bc-458b-a3a6-511ec217d887: shutdown FollowerState
2019-10-17 06:48:21,362 [Thread-3465] INFO  impl.RaftServerImpl (RaftServerImpl.java:setRole(184)) - 7c431f9d-51bc-458b-a3a6-511ec217d887@group-21BA9BD4283D: changes role from  FOLLOWER to CANDIDATE at term 369 for changeToCandidate
2019-10-17 06:48:21,362 [Thread-3465] INFO  impl.RoleInfo (RoleInfo.java:updateAndGet(143)) - 7c431f9d-51bc-458b-a3a6-511ec217d887: start LeaderElection
2019-10-17 06:48:21,384 [7c431f9d-51bc-458b-a3a6-511ec217d887@group-21BA9BD4283D-LeaderElection414] INFO  impl.LeaderElection (LeaderElection.java:askForVotes(178)) - 7c431f9d-51bc-458b-a3a6-511ec217d887@group-21BA9BD4283D-LeaderElection414: begin an election at term 370 for -1: [67f35358-9777-4ff9-96f4-8a61bc3a94fe:192.168.34.62:37037, 7c431f9d-51bc-458b-a3a6-511ec217d887:192.168.34.62:40420, b9cfa588-8e56-4331-be2f-4c26f25c6739:192.168.34.62:34777], old=null
2019-10-17 06:48:21,385 [grpc-default-executor-3] INFO  impl.RaftServerImpl (RaftServerImpl.java:setRole(184)) - 67f35358-9777-4ff9-96f4-8a61bc3a94fe@group-21BA9BD4283D: changes role from  FOLLOWER to FOLLOWER at term 370 for recognizeCandidate:7c431f9d-51bc-458b-a3a6-511ec217d887
2019-10-17 06:48:21,385 [grpc-default-executor-3] INFO  impl.RoleInfo (RoleInfo.java:shutdownFollowerState(121)) - 67f35358-9777-4ff9-96f4-8a61bc3a94fe: shutdown FollowerState
2019-10-17 06:48:21,385 [grpc-default-executor-4] INFO  impl.RaftServerImpl (RaftServerImpl.java:setRole(184)) - b9cfa588-8e56-4331-be2f-4c26f25c6739@group-21BA9BD4283D: changes role from  FOLLOWER to FOLLOWER at term 370 for recognizeCandidate:7c431f9d-51bc-458b-a3a6-511ec217d887
2019-10-17 06:48:21,386 [Thread-3463] INFO  impl.FollowerState (FollowerState.java:run(117)) - 67f35358-9777-4ff9-96f4-8a61bc3a94fe@group-21BA9BD4283D-FollowerState was interrupted: java.lang.InterruptedException: sleep interrupted
2019-10-17 06:48:21,386 [grpc-default-executor-3] INFO  impl.RoleInfo (RoleInfo.java:updateAndGet(143)) - 67f35358-9777-4ff9-96f4-8a61bc3a94fe: start FollowerState
2019-10-17 06:48:21,386 [grpc-default-executor-4] INFO  impl.RoleInfo (RoleInfo.java:shutdownFollowerState(121)) - b9cfa588-8e56-4331-be2f-4c26f25c6739: shutdown FollowerState
2019-10-17 06:48:21,386 [grpc-default-executor-4] INFO  impl.RoleInfo (RoleInfo.java:updateAndGet(143)) - b9cfa588-8e56-4331-be2f-4c26f25c6739: start FollowerState
2019-10-17 06:48:21,386 [Thread-3464] INFO  impl.FollowerState (FollowerState.java:run(117)) - b9cfa588-8e56-4331-be2f-4c26f25c6739@group-21BA9BD4283D-FollowerState was interrupted: java.lang.InterruptedException: sleep interrupted
2019-10-17 06:48:21,412 [7c431f9d-51bc-458b-a3a6-511ec217d887@group-21BA9BD4283D-LeaderElection414] INFO  impl.LeaderElection (LeaderElection.java:logAndReturn(56)) - 7c431f9d-51bc-458b-a3a6-511ec217d887@group-21BA9BD4283D-LeaderElection414: Election REJECTED; received 2 response(s) [7c431f9d-51bc-458b-a3a6-511ec217d887<-67f35358-9777-4ff9-96f4-8a61bc3a94fe#0:FAIL-t370, 7c431f9d-51bc-458b-a3a6-511ec217d887<-b9cfa588-8e56-4331-be2f-4c26f25c6739#0:FAIL-t370] and 0 exception(s); 7c431f9d-51bc-458b-a3a6-511ec217d887@group-21BA9BD4283D:t370, leader=null, voted=7c431f9d-51bc-458b-a3a6-511ec217d887, raftlog=7c431f9d-51bc-458b-a3a6-511ec217d887@group-21BA9BD4283D-SegmentedRaftLog:OPENED:c-1,f-1,i0, conf=-1: [67f35358-9777-4ff9-96f4-8a61bc3a94fe:192.168.34.62:37037, 7c431f9d-51bc-458b-a3a6-511ec217d887:192.168.34.62:40420, b9cfa588-8e56-4331-be2f-4c26f25c6739:192.168.34.62:34777], old=null
2019-10-17 06:48:21,412 [7c431f9d-51bc-458b-a3a6-511ec217d887@group-21BA9BD4283D-LeaderElection414] INFO  impl.RaftServerImpl (RaftServerImpl.java:setRole(184)) - 7c431f9d-51bc-458b-a3a6-511ec217d887@group-21BA9BD4283D: changes role from CANDIDATE to FOLLOWER at term 370 for DISCOVERED_A_NEW_TERM
2019-10-17 06:48:21,412 [7c431f9d-51bc-458b-a3a6-511ec217d887@group-21BA9BD4283D-LeaderElection414] INFO  impl.RoleInfo (RoleInfo.java:shutdownLeaderElection(134)) - 7c431f9d-51bc-458b-a3a6-511ec217d887: shutdown LeaderElection
2019-10-17 06:48:21,412 [7c431f9d-51bc-458b-a3a6-511ec217d887@group-21BA9BD4283D-LeaderElection414] INFO  impl.RoleInfo (RoleInfo.java:updateAndGet(143)) - 7c431f9d-51bc-458b-a3a6-511ec217d887: start FollowerState
2019-10-17 06:48:21,427 [Thread-3471] INFO  impl.FollowerState (FollowerState.java:run(108)) - 7c431f9d-51bc-458b-a3a6-511ec217d887@group-21BA9BD4283D-FollowerState: change to CANDIDATE, lastRpcTime:15ms, electionTimeout:15ms
2019-10-17 06:48:21,427 [Thread-3471] INFO  impl.RoleInfo (RoleInfo.java:shutdownFollowerState(121)) - 7c431f9d-51bc-458b-a3a6-511ec217d887: shutdown FollowerState
2019-10-17 06:48:21,427 [Thread-3471] INFO  impl.RaftServerImpl (RaftServerImpl.java:setRole(184)) - 7c431f9d-51bc-458b-a3a6-511ec217d887@group-21BA9BD4283D: changes role from  FOLLOWER to CANDIDATE at term 370 for changeToCandidate
2019-10-17 06:48:21,428 [Thread-3471] INFO  impl.RoleInfo (RoleInfo.java:updateAndGet(143)) - 7c431f9d-51bc-458b-a3a6-511ec217d887: start LeaderElection
2019-10-17 06:48:21,450 [7c431f9d-51bc-458b-a3a6-511ec217d887@group-21BA9BD4283D-LeaderElection415] INFO  impl.LeaderElection (LeaderElection.java:askForVotes(178)) - 7c431f9d-51bc-458b-a3a6-511ec217d887@group-21BA9BD4283D-LeaderElection415: begin an election at term 371 for -1: [67f35358-9777-4ff9-96f4-8a61bc3a94fe:192.168.34.62:37037, 7c431f9d-51bc-458b-a3a6-511ec217d887:192.168.34.62:40420, b9cfa588-8e56-4331-be2f-4c26f25c6739:192.168.34.62:34777], old=null
2019-10-17 06:48:21,452 [grpc-default-executor-4] INFO  impl.RaftServerImpl (RaftServerImpl.java:setRole(184)) - 67f35358-9777-4ff9-96f4-8a61bc3a94fe@group-21BA9BD4283D: changes role from  FOLLOWER to FOLLOWER at term 371 for recognizeCandidate:7c431f9d-51bc-458b-a3a6-511ec217d887
2019-10-17 06:48:21,452 [grpc-default-executor-4] INFO  impl.RoleInfo (RoleInfo.java:shutdownFollowerState(121)) - 67f35358-9777-4ff9-96f4-8a61bc3a94fe: shutdown FollowerState
2019-10-17 06:48:21,452 [grpc-default-executor-3] INFO  impl.RaftServerImpl (RaftServerImpl.java:setRole(184)) - b9cfa588-8e56-4331-be2f-4c26f25c6739@group-21BA9BD4283D: changes role from  FOLLOWER to FOLLOWER at term 371 for recognizeCandidate:7c431f9d-51bc-458b-a3a6-511ec217d887
2019-10-17 06:48:21,452 [Thread-3469] INFO  impl.FollowerState (FollowerState.java:run(117)) - 67f35358-9777-4ff9-96f4-8a61bc3a94fe@group-21BA9BD4283D-FollowerState was interrupted: java.lang.InterruptedException: sleep interrupted
2019-10-17 06:48:21,452 [grpc-default-executor-4] INFO  impl.RoleInfo (RoleInfo.java:updateAndGet(143)) - 67f35358-9777-4ff9-96f4-8a61bc3a94fe: start FollowerState
2019-10-17 06:48:21,452 [grpc-default-executor-3] INFO  impl.RoleInfo (RoleInfo.java:shutdownFollowerState(121)) - b9cfa588-8e56-4331-be2f-4c26f25c6739: shutdown FollowerState
2019-10-17 06:48:21,453 [grpc-default-executor-3] INFO  impl.RoleInfo (RoleInfo.java:updateAndGet(143)) - b9cfa588-8e56-4331-be2f-4c26f25c6739: start FollowerState
2019-10-17 06:48:21,453 [Thread-3470] INFO  impl.FollowerState (FollowerState.java:run(117)) - b9cfa588-8e56-4331-be2f-4c26f25c6739@group-21BA9BD4283D-FollowerState was interrupted: java.lang.InterruptedException: sleep interrupted
2019-10-17 06:48:21,476 [7c431f9d-51bc-458b-a3a6-511ec217d887@group-21BA9BD4283D-LeaderElection415] INFO  impl.LeaderElection (LeaderElection.java:logAndReturn(56)) - 7c431f9d-51bc-458b-a3a6-511ec217d887@group-21BA9BD4283D-LeaderElection415: Election REJECTED; received 2 response(s) [7c431f9d-51bc-458b-a3a6-511ec217d887<-67f35358-9777-4ff9-96f4-8a61bc3a94fe#0:FAIL-t371, 7c431f9d-51bc-458b-a3a6-511ec217d887<-b9cfa588-8e56-4331-be2f-4c26f25c6739#0:FAIL-t371] and 0 exception(s); 7c431f9d-51bc-458b-a3a6-511ec217d887@group-21BA9BD4283D:t371, leader=null, voted=7c431f9d-51bc-458b-a3a6-511ec217d887, raftlog=7c431f9d-51bc-458b-a3a6-511ec217d887@group-21BA9BD4283D-SegmentedRaftLog:OPENED:c-1,f-1,i0, conf=-1: [67f35358-9777-4ff9-96f4-8a61bc3a94fe:192.168.34.62:37037, 7c431f9d-51bc-458b-a3a6-511ec217d887:192.168.34.62:40420, b9cfa588-8e56-4331-be2f-4c26f25c6739:192.168.34.62:34777], old=null
2019-10-17 06:48:21,476 [7c431f9d-51bc-458b-a3a6-511ec217d887@group-21BA9BD4283D-LeaderElection415] INFO  impl.RaftServerImpl (RaftServerImpl.java:setRole(184)) - 7c431f9d-51bc-458b-a3a6-511ec217d887@group-21BA9BD4283D: changes role from CANDIDATE to FOLLOWER at term 371 for DISCOVERED_A_NEW_TERM
2019-10-17 06:48:21,476 [7c431f9d-51bc-458b-a3a6-511ec217d887@group-21BA9BD4283D-LeaderElection415] INFO  impl.RoleInfo (RoleInfo.java:shutdownLeaderElection(134)) - 7c431f9d-51bc-458b-a3a6-511ec217d887: shutdown LeaderElection
2019-10-17 06:48:21,476 [7c431f9d-51bc-458b-a3a6-511ec217d887@group-21BA9BD4283D-LeaderElection415] INFO  impl.RoleInfo (RoleInfo.java:updateAndGet(143)) - 7c431f9d-51bc-458b-a3a6-511ec217d887: start FollowerState
2019-10-17 06:48:21,571 [Thread-3477] INFO  impl.FollowerState (FollowerState.java:run(108)) - 7c431f9d-51bc-458b-a3a6-511ec217d887@group-21BA9BD4283D-FollowerState: change to CANDIDATE, lastRpcTime:95ms, electionTimeout:95ms
2019-10-17 06:48:21,571 [Thread-3477] INFO  impl.RoleInfo (RoleInfo.java:shutdownFollowerState(121)) - 7c431f9d-51bc-458b-a3a6-511ec217d887: shutdown FollowerState
2019-10-17 06:48:21,572 [Thread-3477] INFO  impl.RaftServerImpl (RaftServerImpl.java:setRole(184)) - 7c431f9d-51bc-458b-a3a6-511ec217d887@group-21BA9BD4283D: changes role from  FOLLOWER to CANDIDATE at term 371 for changeToCandidate
2019-10-17 06:48:21,572 [Thread-3477] INFO  impl.RoleInfo (RoleInfo.java:updateAndGet(143)) - 7c431f9d-51bc-458b-a3a6-511ec217d887: start LeaderElection
2019-10-17 06:48:21,591 [7c431f9d-51bc-458b-a3a6-511ec217d887@group-21BA9BD4283D-LeaderElection416] INFO  impl.LeaderElection (LeaderElection.java:askForVotes(178)) - 7c431f9d-51bc-458b-a3a6-511ec217d887@group-21BA9BD4283D-LeaderElection416: begin an election at term 372 for -1: [67f35358-9777-4ff9-96f4-8a61bc3a94fe:192.168.34.62:37037, 7c431f9d-51bc-458b-a3a6-511ec217d887:192.168.34.62:40420, b9cfa588-8e56-4331-be2f-4c26f25c6739:192.168.34.62:34777], old=null
2019-10-17 06:48:21,593 [grpc-default-executor-3] INFO  impl.RaftServerImpl (RaftServerImpl.java:setRole(184)) - 67f35358-9777-4ff9-96f4-8a61bc3a94fe@group-21BA9BD4283D: changes role from  FOLLOWER to FOLLOWER at term 372 for recognizeCandidate:7c431f9d-51bc-458b-a3a6-511ec217d887
2019-10-17 06:48:21,593 [grpc-default-executor-3] INFO  impl.RoleInfo (RoleInfo.java:shutdownFollowerState(121)) - 67f35358-9777-4ff9-96f4-8a61bc3a94fe: shutdown FollowerState
2019-10-17 06:48:21,593 [grpc-default-executor-3] INFO  impl.RoleInfo (RoleInfo.java:updateAndGet(143)) - 67f35358-9777-4ff9-96f4-8a61bc3a94fe: start FollowerState
2019-10-17 06:48:21,593 [Thread-3475] INFO  impl.FollowerState (FollowerState.java:run(117)) - 67f35358-9777-4ff9-96f4-8a61bc3a94fe@group-21BA9BD4283D-FollowerState was interrupted: java.lang.InterruptedException: sleep interrupted
2019-10-17 06:48:21,593 [grpc-default-executor-4] INFO  impl.RaftServerImpl (RaftServerImpl.java:setRole(184)) - b9cfa588-8e56-4331-be2f-4c26f25c6739@group-21BA9BD4283D: changes role from  FOLLOWER to FOLLOWER at term 372 for recognizeCandidate:7c431f9d-51bc-458b-a3a6-511ec217d887
2019-10-17 06:48:21,593 [grpc-default-executor-4] INFO  impl.RoleInfo (RoleInfo.java:shutdownFollowerState(121)) - b9cfa588-8e56-4331-be2f-4c26f25c6739: shutdown FollowerState
2019-10-17 06:48:21,593 [grpc-default-executor-4] INFO  impl.RoleInfo (RoleInfo.java:updateAndGet(143)) - b9cfa588-8e56-4331-be2f-4c26f25c6739: start FollowerState
2019-10-17 06:48:21,594 [Thread-3476] INFO  impl.FollowerState (FollowerState.java:run(117)) - b9cfa588-8e56-4331-be2f-4c26f25c6739@group-21BA9BD4283D-FollowerState was interrupted: java.lang.InterruptedException: sleep interrupted
2019-10-17 06:48:21,607 [7c431f9d-51bc-458b-a3a6-511ec217d887@group-21BA9BD4283D-LeaderElection416] INFO  impl.LeaderElection (LeaderElection.java:logAndReturn(56)) - 7c431f9d-51bc-458b-a3a6-511ec217d887@group-21BA9BD4283D-LeaderElection416: Election REJECTED; received 2 response(s) [7c431f9d-51bc-458b-a3a6-511ec217d887<-67f35358-9777-4ff9-96f4-8a61bc3a94fe#0:FAIL-t372, 7c431f9d-51bc-458b-a3a6-511ec217d887<-b9cfa588-8e56-4331-be2f-4c26f25c6739#0:FAIL-t372] and 0 exception(s); 7c431f9d-51bc-458b-a3a6-511ec217d887@group-21BA9BD4283D:t372, leader=null, voted=7c431f9d-51bc-458b-a3a6-511ec217d887, raftlog=7c431f9d-51bc-458b-a3a6-511ec217d887@group-21BA9BD4283D-SegmentedRaftLog:OPENED:c-1,f-1,i0, conf=-1: [67f35358-9777-4ff9-96f4-8a61bc3a94fe:192.168.34.62:37037, 7c431f9d-51bc-458b-a3a6-511ec217d887:192.168.34.62:40420, b9cfa588-8e56-4331-be2f-4c26f25c6739:192.168.34.62:34777], old=null
2019-10-17 06:48:21,607 [7c431f9d-51bc-458b-a3a6-511ec217d887@group-21BA9BD4283D-LeaderElection416] INFO  impl.RaftServerImpl (RaftServerImpl.java:setRole(184)) - 7c431f9d-51bc-458b-a3a6-511ec217d887@group-21BA9BD4283D: changes role from CANDIDATE to FOLLOWER at term 372 for DISCOVERED_A_NEW_TERM
2019-10-17 06:48:21,607 [7c431f9d-51bc-458b-a3a6-511ec217d887@group-21BA9BD4283D-LeaderElection416] INFO  impl.RoleInfo (RoleInfo.java:shutdownLeaderElection(134)) - 7c431f9d-51bc-458b-a3a6-511ec217d887: shutdown LeaderElection
2019-10-17 06:48:21,607 [7c431f9d-51bc-458b-a3a6-511ec217d887@group-21BA9BD4283D-LeaderElection416] INFO  impl.RoleInfo (RoleInfo.java:updateAndGet(143)) - 7c431f9d-51bc-458b-a3a6-511ec217d887: start FollowerState
2019-10-17 06:48:21,732 [Thread-3483] INFO  impl.FollowerState (FollowerState.java:run(108)) - 7c431f9d-51bc-458b-a3a6-511ec217d887@group-21BA9BD4283D-FollowerState: change to CANDIDATE, lastRpcTime:125ms, electionTimeout:125ms
2019-10-17 06:48:21,733 [Thread-3483] INFO  impl.RoleInfo (RoleInfo.java:shutdownFollowerState(121)) - 7c431f9d-51bc-458b-a3a6-511ec217d887: shutdown FollowerState
2019-10-17 06:48:21,733 [Thread-3483] INFO  impl.RaftServerImpl (RaftServerImpl.java:setRole(184)) - 7c431f9d-51bc-458b-a3a6-511ec217d887@group-21BA9BD4283D: changes role from  FOLLOWER to CANDIDATE at term 372 for changeToCandidate
2019-10-17 06:48:21,733 [Thread-3483] INFO  impl.RoleInfo (RoleInfo.java:updateAndGet(143)) - 7c431f9d-51bc-458b-a3a6-511ec217d887: start LeaderElection
2019-10-17 06:48:21,758 [7c431f9d-51bc-458b-a3a6-511ec217d887@group-21BA9BD4283D-LeaderElection417] INFO  impl.LeaderElection (LeaderElection.java:askForVotes(178)) - 7c431f9d-51bc-458b-a3a6-511ec217d887@group-21BA9BD4283D-LeaderElection417: begin an election at term 373 for -1: [67f35358-9777-4ff9-96f4-8a61bc3a94fe:192.168.34.62:37037, 7c431f9d-51bc-458b-a3a6-511ec217d887:192.168.34.62:40420, b9cfa588-8e56-4331-be2f-4c26f25c6739:192.168.34.62:34777], old=null
2019-10-17 06:48:21,759 [grpc-default-executor-3] INFO  impl.RaftServerImpl (RaftServerImpl.java:setRole(184)) - 67f35358-9777-4ff9-96f4-8a61bc3a94fe@group-21BA9BD4283D: changes role from  FOLLOWER to FOLLOWER at term 373 for recognizeCandidate:7c431f9d-51bc-458b-a3a6-511ec217d887
2019-10-17 06:48:21,759 [grpc-default-executor-3] INFO  impl.RoleInfo (RoleInfo.java:shutdownFollowerState(121)) - 67f35358-9777-4ff9-96f4-8a61bc3a94fe: shutdown FollowerState
2019-10-17 06:48:21,759 [grpc-default-executor-4] INFO  impl.RaftServerImpl (RaftServerImpl.java:setRole(184)) - b9cfa588-8e56-4331-be2f-4c26f25c6739@group-21BA9BD4283D: changes role from  FOLLOWER to FOLLOWER at term 373 for recognizeCandidate:7c431f9d-51bc-458b-a3a6-511ec217d887
2019-10-17 06:48:21,760 [Thread-3481] INFO  impl.FollowerState (FollowerState.java:run(117)) - 67f35358-9777-4ff9-96f4-8a61bc3a94fe@group-21BA9BD4283D-FollowerState was interrupted: java.lang.InterruptedException: sleep interrupted
2019-10-17 06:48:21,760 [grpc-default-executor-3] INFO  impl.RoleInfo (RoleInfo.java:updateAndGet(143)) - 67f35358-9777-4ff9-96f4-8a61bc3a94fe: start FollowerState
2019-10-17 06:48:21,760 [grpc-default-executor-4] INFO  impl.RoleInfo (RoleInfo.java:shutdownFollowerState(121)) - b9cfa588-8e56-4331-be2f-4c26f25c6739: shutdown FollowerState
2019-10-17 06:48:21,760 [grpc-default-executor-4] INFO  impl.RoleInfo (RoleInfo.java:updateAndGet(143)) - b9cfa588-8e56-4331-be2f-4c26f25c6739: start FollowerState
2019-10-17 06:48:21,760 [Thread-3482] INFO  impl.FollowerState (FollowerState.java:run(117)) - b9cfa588-8e56-4331-be2f-4c26f25c6739@group-21BA9BD4283D-FollowerState was interrupted: java.lang.InterruptedException: sleep interrupted
2019-10-17 06:48:21,784 [7c431f9d-51bc-458b-a3a6-511ec217d887@group-21BA9BD4283D-LeaderElection417] INFO  impl.LeaderElection (LeaderElection.java:logAndReturn(56)) - 7c431f9d-51bc-458b-a3a6-511ec217d887@group-21BA9BD4283D-LeaderElection417: Election REJECTED; received 2 response(s) [7c431f9d-51bc-458b-a3a6-511ec217d887<-67f35358-9777-4ff9-96f4-8a61bc3a94fe#0:FAIL-t373, 7c431f9d-51bc-458b-a3a6-511ec217d887<-b9cfa588-8e56-4331-be2f-4c26f25c6739#0:FAIL-t373] and 0 exception(s); 7c431f9d-51bc-458b-a3a6-511ec217d887@group-21BA9BD4283D:t373, leader=null, voted=7c431f9d-51bc-458b-a3a6-511ec217d887, raftlog=7c431f9d-51bc-458b-a3a6-511ec217d887@group-21BA9BD4283D-SegmentedRaftLog:OPENED:c-1,f-1,i0, conf=-1: [67f35358-9777-4ff9-96f4-8a61bc3a94fe:192.168.34.62:37037, 7c431f9d-51bc-458b-a3a6-511ec217d887:192.168.34.62:40420, b9cfa588-8e56-4331-be2f-4c26f25c6739:192.168.34.62:34777], old=null
2019-10-17 06:48:21,784 [7c431f9d-51bc-458b-a3a6-511ec217d887@group-21BA9BD4283D-LeaderElection417] INFO  impl.RaftServerImpl (RaftServerImpl.java:setRole(184)) - 7c431f9d-51bc-458b-a3a6-511ec217d887@group-21BA9BD4283D: changes role from CANDIDATE to FOLLOWER at term 373 for DISCOVERED_A_NEW_TERM
2019-10-17 06:48:21,784 [7c431f9d-51bc-458b-a3a6-511ec217d887@group-21BA9BD4283D-LeaderElection417] INFO  impl.RoleInfo (RoleInfo.java:shutdownLeaderElection(134)) - 7c431f9d-51bc-458b-a3a6-511ec217d887: shutdown LeaderElection
2019-10-17 06:48:21,784 [7c431f9d-51bc-458b-a3a6-511ec217d887@group-21BA9BD4283D-LeaderElection417] INFO  impl.RoleInfo (RoleInfo.java:updateAndGet(143)) - 7c431f9d-51bc-458b-a3a6-511ec217d887: start FollowerState
2019-10-17 06:48:21,940 [Thread-3489] INFO  impl.FollowerState (FollowerState.java:run(108)) - 7c431f9d-51bc-458b-a3a6-511ec217d887@group-21BA9BD4283D-FollowerState: change to CANDIDATE, lastRpcTime:155ms, electionTimeout:155ms
2019-10-17 06:48:21,940 [Thread-3489] INFO  impl.RoleInfo (RoleInfo.java:shutdownFollowerState(121)) - 7c431f9d-51bc-458b-a3a6-511ec217d887: shutdown FollowerState
2019-10-17 06:48:21,940 [Thread-3489] INFO  impl.RaftServerImpl (RaftServerImpl.java:setRole(184)) - 7c431f9d-51bc-458b-a3a6-511ec217d887@group-21BA9BD4283D: changes role from  FOLLOWER to CANDIDATE at term 373 for changeToCandidate
2019-10-17 06:48:21,940 [Thread-3489] INFO  impl.RoleInfo (RoleInfo.java:updateAndGet(143)) - 7c431f9d-51bc-458b-a3a6-511ec217d887: start LeaderElection
2019-10-17 06:48:21,947 [7c431f9d-51bc-458b-a3a6-511ec217d887@group-21BA9BD4283D-LeaderElection418] INFO  impl.LeaderElection (LeaderElection.java:askForVotes(178)) - 7c431f9d-51bc-458b-a3a6-511ec217d887@group-21BA9BD4283D-LeaderElection418: begin an election at term 374 for -1: [67f35358-9777-4ff9-96f4-8a61bc3a94fe:192.168.34.62:37037, 7c431f9d-51bc-458b-a3a6-511ec217d887:192.168.34.62:40420, b9cfa588-8e56-4331-be2f-4c26f25c6739:192.168.34.62:34777], old=null
2019-10-17 06:48:21,948 [grpc-default-executor-3] INFO  impl.RaftServerImpl (RaftServerImpl.java:setRole(184)) - 67f35358-9777-4ff9-96f4-8a61bc3a94fe@group-21BA9BD4283D: changes role from  FOLLOWER to FOLLOWER at term 374 for recognizeCandidate:7c431f9d-51bc-458b-a3a6-511ec217d887
2019-10-17 06:48:21,948 [grpc-default-executor-4] INFO  impl.RaftServerImpl (RaftServerImpl.java:setRole(184)) - b9cfa588-8e56-4331-be2f-4c26f25c6739@group-21BA9BD4283D: changes role from  FOLLOWER to FOLLOWER at term 374 for recognizeCandidate:7c431f9d-51bc-458b-a3a6-511ec217d887
2019-10-17 06:48:21,949 [grpc-default-executor-3] INFO  impl.RoleInfo (RoleInfo.java:shutdownFollowerState(121)) - 67f35358-9777-4ff9-96f4-8a61bc3a94fe: shutdown FollowerState
2019-10-17 06:48:21,949 [grpc-default-executor-4] INFO  impl.RoleInfo (RoleInfo.java:shutdownFollowerState(121)) - b9cfa588-8e56-4331-be2f-4c26f25c6739: shutdown FollowerState
2019-10-17 06:48:21,949 [Thread-3487] INFO  impl.FollowerState (FollowerState.java:run(117)) - 67f35358-9777-4ff9-96f4-8a61bc3a94fe@group-21BA9BD4283D-FollowerState was interrupted: java.lang.InterruptedException: sleep interrupted
2019-10-17 06:48:21,949 [grpc-default-executor-3] INFO  impl.RoleInfo (RoleInfo.java:updateAndGet(143)) - 67f35358-9777-4ff9-96f4-8a61bc3a94fe: start FollowerState
2019-10-17 06:48:21,949 [Thread-3488] INFO  impl.FollowerState (FollowerState.java:run(117)) - b9cfa588-8e56-4331-be2f-4c26f25c6739@group-21BA9BD4283D-FollowerState was interrupted: java.lang.InterruptedException: sleep interrupted
2019-10-17 06:48:21,949 [grpc-default-executor-4] INFO  impl.RoleInfo (RoleInfo.java:updateAndGet(143)) - b9cfa588-8e56-4331-be2f-4c26f25c6739: start FollowerState
2019-10-17 06:48:21,964 [7c431f9d-51bc-458b-a3a6-511ec217d887@group-21BA9BD4283D-LeaderElection418] INFO  impl.LeaderElection (LeaderElection.java:logAndReturn(56)) - 7c431f9d-51bc-458b-a3a6-511ec217d887@group-21BA9BD4283D-LeaderElection418: Election REJECTED; received 2 response(s) [7c431f9d-51bc-458b-a3a6-511ec217d887<-67f35358-9777-4ff9-96f4-8a61bc3a94fe#0:FAIL-t374, 7c431f9d-51bc-458b-a3a6-511ec217d887<-b9cfa588-8e56-4331-be2f-4c26f25c6739#0:FAIL-t374] and 0 exception(s); 7c431f9d-51bc-458b-a3a6-511ec217d887@group-21BA9BD4283D:t374, leader=null, voted=7c431f9d-51bc-458b-a3a6-511ec217d887, raftlog=7c431f9d-51bc-458b-a3a6-511ec217d887@group-21BA9BD4283D-SegmentedRaftLog:OPENED:c-1,f-1,i0, conf=-1: [67f35358-9777-4ff9-96f4-8a61bc3a94fe:192.168.34.62:37037, 7c431f9d-51bc-458b-a3a6-511ec217d887:192.168.34.62:40420, b9cfa588-8e56-4331-be2f-4c26f25c6739:192.168.34.62:34777], old=null
2019-10-17 06:48:21,964 [7c431f9d-51bc-458b-a3a6-511ec217d887@group-21BA9BD4283D-LeaderElection418] INFO  impl.RaftServerImpl (RaftServerImpl.java:setRole(184)) - 7c431f9d-51bc-458b-a3a6-511ec217d887@group-21BA9BD4283D: changes role from CANDIDATE to FOLLOWER at term 374 for DISCOVERED_A_NEW_TERM
2019-10-17 06:48:21,964 [7c431f9d-51bc-458b-a3a6-511ec217d887@group-21BA9BD4283D-LeaderElection418] INFO  impl.RoleInfo (RoleInfo.java:shutdownLeaderElection(134)) - 7c431f9d-51bc-458b-a3a6-511ec217d887: shutdown LeaderElection
2019-10-17 06:48:21,965 [7c431f9d-51bc-458b-a3a6-511ec217d887@group-21BA9BD4283D-LeaderElection418] INFO  impl.RoleInfo (RoleInfo.java:updateAndGet(143)) - 7c431f9d-51bc-458b-a3a6-511ec217d887: start FollowerState
2019-10-17 06:48:22,002 [Thread-3495] INFO  impl.FollowerState (FollowerState.java:run(108)) - 7c431f9d-51bc-458b-a3a6-511ec217d887@group-21BA9BD4283D-FollowerState: change to CANDIDATE, lastRpcTime:37ms, electionTimeout:37ms
2019-10-17 06:48:22,002 [Thread-3495] INFO  impl.RoleInfo (RoleInfo.java:shutdownFollowerState(121)) - 7c431f9d-51bc-458b-a3a6-511ec217d887: shutdown FollowerState
2019-10-17 06:48:22,002 [Thread-3495] INFO  impl.RaftServerImpl (RaftServerImpl.java:setRole(184)) - 7c431f9d-51bc-458b-a3a6-511ec217d887@group-21BA9BD4283D: changes role from  FOLLOWER to CANDIDATE at term 374 for changeToCandidate
2019-10-17 06:48:22,002 [Thread-3495] INFO  impl.RoleInfo (RoleInfo.java:updateAndGet(143)) - 7c431f9d-51bc-458b-a3a6-511ec217d887: start LeaderElection
2019-10-17 06:48:22,015 [7c431f9d-51bc-458b-a3a6-511ec217d887@group-21BA9BD4283D-LeaderElection419] INFO  impl.LeaderElection (LeaderElection.java:askForVotes(178)) - 7c431f9d-51bc-458b-a3a6-511ec217d887@group-21BA9BD4283D-LeaderElection419: begin an election at term 375 for -1: [67f35358-9777-4ff9-96f4-8a61bc3a94fe:192.168.34.62:37037, 7c431f9d-51bc-458b-a3a6-511ec217d887:192.168.34.62:40420, b9cfa588-8e56-4331-be2f-4c26f25c6739:192.168.34.62:34777], old=null
2019-10-17 06:48:22,016 [grpc-default-executor-4] INFO  impl.RaftServerImpl (RaftServerImpl.java:setRole(184)) - b9cfa588-8e56-4331-be2f-4c26f25c6739@group-21BA9BD4283D: changes role from  FOLLOWER to FOLLOWER at term 375 for recognizeCandidate:7c431f9d-51bc-458b-a3a6-511ec217d887
2019-10-17 06:48:22,016 [grpc-default-executor-4] INFO  impl.RoleInfo (RoleInfo.java:shutdownFollowerState(121)) - b9cfa588-8e56-4331-be2f-4c26f25c6739: shutdown FollowerState
2019-10-17 06:48:22,016 [grpc-default-executor-3] INFO  impl.RaftServerImpl (RaftServerImpl.java:setRole(184)) - 67f35358-9777-4ff9-96f4-8a61bc3a94fe@group-21BA9BD4283D: changes role from  FOLLOWER to FOLLOWER at term 375 for recognizeCandidate:7c431f9d-51bc-458b-a3a6-511ec217d887
2019-10-17 06:48:22,017 [grpc-default-executor-3] INFO  impl.RoleInfo (RoleInfo.java:shutdownFollowerState(121)) - 67f35358-9777-4ff9-96f4-8a61bc3a94fe: shutdown FollowerState
2019-10-17 06:48:22,016 [grpc-default-executor-4] INFO  impl.RoleInfo (RoleInfo.java:updateAndGet(143)) - b9cfa588-8e56-4331-be2f-4c26f25c6739: start FollowerState
2019-10-17 06:48:22,016 [Thread-3494] INFO  impl.FollowerState (FollowerState.java:run(117)) - b9cfa588-8e56-4331-be2f-4c26f25c6739@group-21BA9BD4283D-FollowerState was interrupted: java.lang.InterruptedException: sleep interrupted
2019-10-17 06:48:22,017 [Thread-3493] INFO  impl.FollowerState (FollowerState.java:run(117)) - 67f35358-9777-4ff9-96f4-8a61bc3a94fe@group-21BA9BD4283D-FollowerState was interrupted: java.lang.InterruptedException: sleep interrupted
2019-10-17 06:48:22,017 [grpc-default-executor-3] INFO  impl.RoleInfo (RoleInfo.java:updateAndGet(143)) - 67f35358-9777-4ff9-96f4-8a61bc3a94fe: start FollowerState
2019-10-17 06:48:22,030 [7c431f9d-51bc-458b-a3a6-511ec217d887@group-21BA9BD4283D-LeaderElection419] INFO  impl.LeaderElection (LeaderElection.java:logAndReturn(56)) - 7c431f9d-51bc-458b-a3a6-511ec217d887@group-21BA9BD4283D-LeaderElection419: Election REJECTED; received 2 response(s) [7c431f9d-51bc-458b-a3a6-511ec217d887<-67f35358-9777-4ff9-96f4-8a61bc3a94fe#0:FAIL-t375, 7c431f9d-51bc-458b-a3a6-511ec217d887<-b9cfa588-8e56-4331-be2f-4c26f25c6739#0:FAIL-t375] and 0 exception(s); 7c431f9d-51bc-458b-a3a6-511ec217d887@group-21BA9BD4283D:t375, leader=null, voted=7c431f9d-51bc-458b-a3a6-511ec217d887, raftlog=7c431f9d-51bc-458b-a3a6-511ec217d887@group-21BA9BD4283D-SegmentedRaftLog:OPENED:c-1,f-1,i0, conf=-1: [67f35358-9777-4ff9-96f4-8a61bc3a94fe:192.168.34.62:37037, 7c431f9d-51bc-458b-a3a6-511ec217d887:192.168.34.62:40420, b9cfa588-8e56-4331-be2f-4c26f25c6739:192.168.34.62:34777], old=null
2019-10-17 06:48:22,030 [7c431f9d-51bc-458b-a3a6-511ec217d887@group-21BA9BD4283D-LeaderElection419] INFO  impl.RaftServerImpl (RaftServerImpl.java:setRole(184)) - 7c431f9d-51bc-458b-a3a6-511ec217d887@group-21BA9BD4283D: changes role from CANDIDATE to FOLLOWER at term 375 for DISCOVERED_A_NEW_TERM
2019-10-17 06:48:22,030 [7c431f9d-51bc-458b-a3a6-511ec217d887@group-21BA9BD4283D-LeaderElection419] INFO  impl.RoleInfo (RoleInfo.java:shutdownLeaderElection(134)) - 7c431f9d-51bc-458b-a3a6-511ec217d887: shutdown LeaderElection
2019-10-17 06:48:22,030 [7c431f9d-51bc-458b-a3a6-511ec217d887@group-21BA9BD4283D-LeaderElection419] INFO  impl.RoleInfo (RoleInfo.java:updateAndGet(143)) - 7c431f9d-51bc-458b-a3a6-511ec217d887: start FollowerState
2019-10-17 06:48:22,109 [main] INFO  ozone.MiniOzoneClusterImpl (MiniOzoneClusterImpl.java:lambda$waitForClusterToBeReady$2(164)) - Waiting for 1 number of pipelines out of 4, to report a leader.
2019-10-17 06:48:22,222 [Thread-3501] INFO  impl.FollowerState (FollowerState.java:run(108)) - 7c431f9d-51bc-458b-a3a6-511ec217d887@group-21BA9BD4283D-FollowerState: change to CANDIDATE, lastRpcTime:192ms, electionTimeout:192ms
2019-10-17 06:48:22,222 [Thread-3501] INFO  impl.RoleInfo (RoleInfo.java:shutdownFollowerState(121)) - 7c431f9d-51bc-458b-a3a6-511ec217d887: shutdown FollowerState
2019-10-17 06:48:22,222 [Thread-3501] INFO  impl.RaftServerImpl (RaftServerImpl.java:setRole(184)) - 7c431f9d-51bc-458b-a3a6-511ec217d887@group-21BA9BD4283D: changes role from  FOLLOWER to CANDIDATE at term 375 for changeToCandidate
2019-10-17 06:48:22,223 [Thread-3501] INFO  impl.RoleInfo (RoleInfo.java:updateAndGet(143)) - 7c431f9d-51bc-458b-a3a6-511ec217d887: start LeaderElection
2019-10-17 06:48:22,308 [7c431f9d-51bc-458b-a3a6-511ec217d887@group-21BA9BD4283D-LeaderElection420] INFO  impl.LeaderElection (LeaderElection.java:askForVotes(178)) - 7c431f9d-51bc-458b-a3a6-511ec217d887@group-21BA9BD4283D-LeaderElection420: begin an election at term 376 for -1: [67f35358-9777-4ff9-96f4-8a61bc3a94fe:192.168.34.62:37037, 7c431f9d-51bc-458b-a3a6-511ec217d887:192.168.34.62:40420, b9cfa588-8e56-4331-be2f-4c26f25c6739:192.168.34.62:34777], old=null
2019-10-17 06:48:22,309 [grpc-default-executor-3] INFO  impl.RaftServerImpl (RaftServerImpl.java:setRole(184)) - 67f35358-9777-4ff9-96f4-8a61bc3a94fe@group-21BA9BD4283D: changes role from  FOLLOWER to FOLLOWER at term 376 for recognizeCandidate:7c431f9d-51bc-458b-a3a6-511ec217d887
2019-10-17 06:48:22,310 [grpc-default-executor-3] INFO  impl.RoleInfo (RoleInfo.java:shutdownFollowerState(121)) - 67f35358-9777-4ff9-96f4-8a61bc3a94fe: shutdown FollowerState
2019-10-17 06:48:22,310 [grpc-default-executor-3] INFO  impl.RoleInfo (RoleInfo.java:updateAndGet(143)) - 67f35358-9777-4ff9-96f4-8a61bc3a94fe: start FollowerState
2019-10-17 06:48:22,310 [Thread-3500] INFO  impl.FollowerState (FollowerState.java:run(117)) - 67f35358-9777-4ff9-96f4-8a61bc3a94fe@group-21BA9BD4283D-FollowerState was interrupted: java.lang.InterruptedException: sleep interrupted
2019-10-17 06:48:22,337 [grpc-default-executor-4] INFO  impl.RaftServerImpl (RaftServerImpl.java:setRole(184)) - b9cfa588-8e56-4331-be2f-4c26f25c6739@group-21BA9BD4283D: changes role from  FOLLOWER to FOLLOWER at term 376 for recognizeCandidate:7c431f9d-51bc-458b-a3a6-511ec217d887
2019-10-17 06:48:22,338 [grpc-default-executor-4] INFO  impl.RoleInfo (RoleInfo.java:shutdownFollowerState(121)) - b9cfa588-8e56-4331-be2f-4c26f25c6739: shutdown FollowerState
2019-10-17 06:48:22,338 [grpc-default-executor-4] INFO  impl.RoleInfo (RoleInfo.java:updateAndGet(143)) - b9cfa588-8e56-4331-be2f-4c26f25c6739: start FollowerState
2019-10-17 06:48:22,338 [Thread-3499] INFO  impl.FollowerState (FollowerState.java:run(117)) - b9cfa588-8e56-4331-be2f-4c26f25c6739@group-21BA9BD4283D-FollowerState was interrupted: java.lang.InterruptedException: sleep interrupted
2019-10-17 06:48:22,365 [7c431f9d-51bc-458b-a3a6-511ec217d887@group-21BA9BD4283D-LeaderElection420] INFO  impl.LeaderElection (LeaderElection.java:logAndReturn(56)) - 7c431f9d-51bc-458b-a3a6-511ec217d887@group-21BA9BD4283D-LeaderElection420: Election REJECTED; received 2 response(s) [7c431f9d-51bc-458b-a3a6-511ec217d887<-67f35358-9777-4ff9-96f4-8a61bc3a94fe#0:FAIL-t376, 7c431f9d-51bc-458b-a3a6-511ec217d887<-b9cfa588-8e56-4331-be2f-4c26f25c6739#0:FAIL-t376] and 0 exception(s); 7c431f9d-51bc-458b-a3a6-511ec217d887@group-21BA9BD4283D:t376, leader=null, voted=7c431f9d-51bc-458b-a3a6-511ec217d887, raftlog=7c431f9d-51bc-458b-a3a6-511ec217d887@group-21BA9BD4283D-SegmentedRaftLog:OPENED:c-1,f-1,i0, conf=-1: [67f35358-9777-4ff9-96f4-8a61bc3a94fe:192.168.34.62:37037, 7c431f9d-51bc-458b-a3a6-511ec217d887:192.168.34.62:40420, b9cfa588-8e56-4331-be2f-4c26f25c6739:192.168.34.62:34777], old=null
2019-10-17 06:48:22,365 [7c431f9d-51bc-458b-a3a6-511ec217d887@group-21BA9BD4283D-LeaderElection420] INFO  impl.RaftServerImpl (RaftServerImpl.java:setRole(184)) - 7c431f9d-51bc-458b-a3a6-511ec217d887@group-21BA9BD4283D: changes role from CANDIDATE to FOLLOWER at term 376 for DISCOVERED_A_NEW_TERM
2019-10-17 06:48:22,365 [7c431f9d-51bc-458b-a3a6-511ec217d887@group-21BA9BD4283D-LeaderElection420] INFO  impl.RoleInfo (RoleInfo.java:shutdownLeaderElection(134)) - 7c431f9d-51bc-458b-a3a6-511ec217d887: shutdown LeaderElection
2019-10-17 06:48:22,365 [7c431f9d-51bc-458b-a3a6-511ec217d887@group-21BA9BD4283D-LeaderElection420] INFO  impl.RoleInfo (RoleInfo.java:updateAndGet(143)) - 7c431f9d-51bc-458b-a3a6-511ec217d887: start FollowerState
2019-10-17 06:48:22,522 [Thread-3507] INFO  impl.FollowerState (FollowerState.java:run(108)) - 7c431f9d-51bc-458b-a3a6-511ec217d887@group-21BA9BD4283D-FollowerState: change to CANDIDATE, lastRpcTime:156ms, electionTimeout:156ms
2019-10-17 06:48:22,522 [Thread-3507] INFO  impl.RoleInfo (RoleInfo.java:shutdownFollowerState(121)) - 7c431f9d-51bc-458b-a3a6-511ec217d887: shutdown FollowerState
2019-10-17 06:48:22,522 [Thread-3507] INFO  impl.RaftServerImpl (RaftServerImpl.java:setRole(184)) - 7c431f9d-51bc-458b-a3a6-511ec217d887@group-21BA9BD4283D: changes role from  FOLLOWER to CANDIDATE at term 376 for changeToCandidate
2019-10-17 06:48:22,522 [Thread-3507] INFO  impl.RoleInfo (RoleInfo.java:updateAndGet(143)) - 7c431f9d-51bc-458b-a3a6-511ec217d887: start LeaderElection
2019-10-17 06:48:22,528 [7c431f9d-51bc-458b-a3a6-511ec217d887@group-21BA9BD4283D-LeaderElection421] INFO  impl.LeaderElection (LeaderElection.java:askForVotes(178)) - 7c431f9d-51bc-458b-a3a6-511ec217d887@group-21BA9BD4283D-LeaderElection421: begin an election at term 377 for -1: [67f35358-9777-4ff9-96f4-8a61bc3a94fe:192.168.34.62:37037, 7c431f9d-51bc-458b-a3a6-511ec217d887:192.168.34.62:40420, b9cfa588-8e56-4331-be2f-4c26f25c6739:192.168.34.62:34777], old=null
2019-10-17 06:48:22,529 [grpc-default-executor-4] INFO  impl.RaftServerImpl (RaftServerImpl.java:setRole(184)) - b9cfa588-8e56-4331-be2f-4c26f25c6739@group-21BA9BD4283D: changes role from  FOLLOWER to FOLLOWER at term 377 for recognizeCandidate:7c431f9d-51bc-458b-a3a6-511ec217d887
2019-10-17 06:48:22,529 [grpc-default-executor-3] INFO  impl.RaftServerImpl (RaftServerImpl.java:setRole(184)) - 67f35358-9777-4ff9-96f4-8a61bc3a94fe@group-21BA9BD4283D: changes role from  FOLLOWER to FOLLOWER at term 377 for recognizeCandidate:7c431f9d-51bc-458b-a3a6-511ec217d887
2019-10-17 06:48:22,529 [grpc-default-executor-3] INFO  impl.RoleInfo (RoleInfo.java:shutdownFollowerState(121)) - 67f35358-9777-4ff9-96f4-8a61bc3a94fe: shutdown FollowerState
2019-10-17 06:48:22,529 [grpc-default-executor-4] INFO  impl.RoleInfo (RoleInfo.java:shutdownFollowerState(121)) - b9cfa588-8e56-4331-be2f-4c26f25c6739: shutdown FollowerState
2019-10-17 06:48:22,529 [grpc-default-executor-3] INFO  impl.RoleInfo (RoleInfo.java:updateAndGet(143)) - 67f35358-9777-4ff9-96f4-8a61bc3a94fe: start FollowerState
2019-10-17 06:48:22,530 [Thread-3506] INFO  impl.FollowerState (FollowerState.java:run(117)) - b9cfa588-8e56-4331-be2f-4c26f25c6739@group-21BA9BD4283D-FollowerState was interrupted: java.lang.InterruptedException: sleep interrupted
2019-10-17 06:48:22,529 [grpc-default-executor-4] INFO  impl.RoleInfo (RoleInfo.java:updateAndGet(143)) - b9cfa588-8e56-4331-be2f-4c26f25c6739: start FollowerState
2019-10-17 06:48:22,529 [Thread-3505] INFO  impl.FollowerState (FollowerState.java:run(117)) - 67f35358-9777-4ff9-96f4-8a61bc3a94fe@group-21BA9BD4283D-FollowerState was interrupted: java.lang.InterruptedException: sleep interrupted
2019-10-17 06:48:22,549 [7c431f9d-51bc-458b-a3a6-511ec217d887@group-21BA9BD4283D-LeaderElection421] INFO  impl.LeaderElection (LeaderElection.java:logAndReturn(56)) - 7c431f9d-51bc-458b-a3a6-511ec217d887@group-21BA9BD4283D-LeaderElection421: Election REJECTED; received 2 response(s) [7c431f9d-51bc-458b-a3a6-511ec217d887<-67f35358-9777-4ff9-96f4-8a61bc3a94fe#0:FAIL-t377, 7c431f9d-51bc-458b-a3a6-511ec217d887<-b9cfa588-8e56-4331-be2f-4c26f25c6739#0:FAIL-t377] and 0 exception(s); 7c431f9d-51bc-458b-a3a6-511ec217d887@group-21BA9BD4283D:t377, leader=null, voted=7c431f9d-51bc-458b-a3a6-511ec217d887, raftlog=7c431f9d-51bc-458b-a3a6-511ec217d887@group-21BA9BD4283D-SegmentedRaftLog:OPENED:c-1,f-1,i0, conf=-1: [67f35358-9777-4ff9-96f4-8a61bc3a94fe:192.168.34.62:37037, 7c431f9d-51bc-458b-a3a6-511ec217d887:192.168.34.62:40420, b9cfa588-8e56-4331-be2f-4c26f25c6739:192.168.34.62:34777], old=null
2019-10-17 06:48:22,549 [7c431f9d-51bc-458b-a3a6-511ec217d887@group-21BA9BD4283D-LeaderElection421] INFO  impl.RaftServerImpl (RaftServerImpl.java:setRole(184)) - 7c431f9d-51bc-458b-a3a6-511ec217d887@group-21BA9BD4283D: changes role from CANDIDATE to FOLLOWER at term 377 for DISCOVERED_A_NEW_TERM
2019-10-17 06:48:22,549 [7c431f9d-51bc-458b-a3a6-511ec217d887@group-21BA9BD4283D-LeaderElection421] INFO  impl.RoleInfo (RoleInfo.java:shutdownLeaderElection(134)) - 7c431f9d-51bc-458b-a3a6-511ec217d887: shutdown LeaderElection
2019-10-17 06:48:22,549 [7c431f9d-51bc-458b-a3a6-511ec217d887@group-21BA9BD4283D-LeaderElection421] INFO  impl.RoleInfo (RoleInfo.java:updateAndGet(143)) - 7c431f9d-51bc-458b-a3a6-511ec217d887: start FollowerState
2019-10-17 06:48:22,747 [Thread-3513] INFO  impl.FollowerState (FollowerState.java:run(108)) - 7c431f9d-51bc-458b-a3a6-511ec217d887@group-21BA9BD4283D-FollowerState: change to CANDIDATE, lastRpcTime:197ms, electionTimeout:197ms
2019-10-17 06:48:22,747 [Thread-3513] INFO  impl.RoleInfo (RoleInfo.java:shutdownFollowerState(121)) - 7c431f9d-51bc-458b-a3a6-511ec217d887: shutdown FollowerState
2019-10-17 06:48:22,747 [Thread-3513] INFO  impl.RaftServerImpl (RaftServerImpl.java:setRole(184)) - 7c431f9d-51bc-458b-a3a6-511ec217d887@group-21BA9BD4283D: changes role from  FOLLOWER to CANDIDATE at term 377 for changeToCandidate
2019-10-17 06:48:22,747 [Thread-3513] INFO  impl.RoleInfo (RoleInfo.java:updateAndGet(143)) - 7c431f9d-51bc-458b-a3a6-511ec217d887: start LeaderElection
2019-10-17 06:48:22,770 [7c431f9d-51bc-458b-a3a6-511ec217d887@group-21BA9BD4283D-LeaderElection422] INFO  impl.LeaderElection (LeaderElection.java:askForVotes(178)) - 7c431f9d-51bc-458b-a3a6-511ec217d887@group-21BA9BD4283D-LeaderElection422: begin an election at term 378 for -1: [67f35358-9777-4ff9-96f4-8a61bc3a94fe:192.168.34.62:37037, 7c431f9d-51bc-458b-a3a6-511ec217d887:192.168.34.62:40420, b9cfa588-8e56-4331-be2f-4c26f25c6739:192.168.34.62:34777], old=null
2019-10-17 06:48:22,772 [grpc-default-executor-3] INFO  impl.RaftServerImpl (RaftServerImpl.java:setRole(184)) - b9cfa588-8e56-4331-be2f-4c26f25c6739@group-21BA9BD4283D: changes role from  FOLLOWER to FOLLOWER at term 378 for recognizeCandidate:7c431f9d-51bc-458b-a3a6-511ec217d887
2019-10-17 06:48:22,773 [grpc-default-executor-3] INFO  impl.RoleInfo (RoleInfo.java:shutdownFollowerState(121)) - b9cfa588-8e56-4331-be2f-4c26f25c6739: shutdown FollowerState
2019-10-17 06:48:22,773 [grpc-default-executor-3] INFO  impl.RoleInfo (RoleInfo.java:updateAndGet(143)) - b9cfa588-8e56-4331-be2f-4c26f25c6739: start FollowerState
2019-10-17 06:48:22,772 [grpc-default-executor-4] INFO  impl.RaftServerImpl (RaftServerImpl.java:setRole(184)) - 67f35358-9777-4ff9-96f4-8a61bc3a94fe@group-21BA9BD4283D: changes role from  FOLLOWER to FOLLOWER at term 378 for recognizeCandidate:7c431f9d-51bc-458b-a3a6-511ec217d887
2019-10-17 06:48:22,773 [grpc-default-executor-4] INFO  impl.RoleInfo (RoleInfo.java:shutdownFollowerState(121)) - 67f35358-9777-4ff9-96f4-8a61bc3a94fe: shutdown FollowerState
2019-10-17 06:48:22,773 [Thread-3512] INFO  impl.FollowerState (FollowerState.java:run(117)) - b9cfa588-8e56-4331-be2f-4c26f25c6739@group-21BA9BD4283D-FollowerState was interrupted: java.lang.InterruptedException: sleep interrupted
2019-10-17 06:48:22,773 [Thread-3511] INFO  impl.FollowerState (FollowerState.java:run(117)) - 67f35358-9777-4ff9-96f4-8a61bc3a94fe@group-21BA9BD4283D-FollowerState was interrupted: java.lang.InterruptedException: sleep interrupted
2019-10-17 06:48:22,773 [grpc-default-executor-4] INFO  impl.RoleInfo (RoleInfo.java:updateAndGet(143)) - 67f35358-9777-4ff9-96f4-8a61bc3a94fe: start FollowerState
2019-10-17 06:48:22,787 [7c431f9d-51bc-458b-a3a6-511ec217d887@group-21BA9BD4283D-LeaderElection422] INFO  impl.LeaderElection (LeaderElection.java:logAndReturn(56)) - 7c431f9d-51bc-458b-a3a6-511ec217d887@group-21BA9BD4283D-LeaderElection422: Election REJECTED; received 2 response(s) [7c431f9d-51bc-458b-a3a6-511ec217d887<-67f35358-9777-4ff9-96f4-8a61bc3a94fe#0:FAIL-t378, 7c431f9d-51bc-458b-a3a6-511ec217d887<-b9cfa588-8e56-4331-be2f-4c26f25c6739#0:FAIL-t378] and 0 exception(s); 7c431f9d-51bc-458b-a3a6-511ec217d887@group-21BA9BD4283D:t378, leader=null, voted=7c431f9d-51bc-458b-a3a6-511ec217d887, raftlog=7c431f9d-51bc-458b-a3a6-511ec217d887@group-21BA9BD4283D-SegmentedRaftLog:OPENED:c-1,f-1,i0, conf=-1: [67f35358-9777-4ff9-96f4-8a61bc3a94fe:192.168.34.62:37037, 7c431f9d-51bc-458b-a3a6-511ec217d887:192.168.34.62:40420, b9cfa588-8e56-4331-be2f-4c26f25c6739:192.168.34.62:34777], old=null
2019-10-17 06:48:22,787 [7c431f9d-51bc-458b-a3a6-511ec217d887@group-21BA9BD4283D-LeaderElection422] INFO  impl.RaftServerImpl (RaftServerImpl.java:setRole(184)) - 7c431f9d-51bc-458b-a3a6-511ec217d887@group-21BA9BD4283D: changes role from CANDIDATE to FOLLOWER at term 378 for DISCOVERED_A_NEW_TERM
2019-10-17 06:48:22,787 [7c431f9d-51bc-458b-a3a6-511ec217d887@group-21BA9BD4283D-LeaderElection422] INFO  impl.RoleInfo (RoleInfo.java:shutdownLeaderElection(134)) - 7c431f9d-51bc-458b-a3a6-511ec217d887: shutdown LeaderElection
2019-10-17 06:48:22,787 [7c431f9d-51bc-458b-a3a6-511ec217d887@group-21BA9BD4283D-LeaderElection422] INFO  impl.RoleInfo (RoleInfo.java:updateAndGet(143)) - 7c431f9d-51bc-458b-a3a6-511ec217d887: start FollowerState
2019-10-17 06:48:22,947 [Thread-3519] INFO  impl.FollowerState (FollowerState.java:run(108)) - 7c431f9d-51bc-458b-a3a6-511ec217d887@group-21BA9BD4283D-FollowerState: change to CANDIDATE, lastRpcTime:159ms, electionTimeout:159ms
2019-10-17 06:48:22,947 [Thread-3519] INFO  impl.RoleInfo (RoleInfo.java:shutdownFollowerState(121)) - 7c431f9d-51bc-458b-a3a6-511ec217d887: shutdown FollowerState
2019-10-17 06:48:22,947 [Thread-3519] INFO  impl.RaftServerImpl (RaftServerImpl.java:setRole(184)) - 7c431f9d-51bc-458b-a3a6-511ec217d887@group-21BA9BD4283D: changes role from  FOLLOWER to CANDIDATE at term 378 for changeToCandidate
2019-10-17 06:48:22,947 [Thread-3519] INFO  impl.RoleInfo (RoleInfo.java:updateAndGet(143)) - 7c431f9d-51bc-458b-a3a6-511ec217d887: start LeaderElection
2019-10-17 06:48:22,960 [7c431f9d-51bc-458b-a3a6-511ec217d887@group-21BA9BD4283D-LeaderElection423] INFO  impl.LeaderElection (LeaderElection.java:askForVotes(178)) - 7c431f9d-51bc-458b-a3a6-511ec217d887@group-21BA9BD4283D-LeaderElection423: begin an election at term 379 for -1: [67f35358-9777-4ff9-96f4-8a61bc3a94fe:192.168.34.62:37037, 7c431f9d-51bc-458b-a3a6-511ec217d887:192.168.34.62:40420, b9cfa588-8e56-4331-be2f-4c26f25c6739:192.168.34.62:34777], old=null
2019-10-17 06:48:22,962 [grpc-default-executor-4] INFO  impl.RaftServerImpl (RaftServerImpl.java:setRole(184)) - b9cfa588-8e56-4331-be2f-4c26f25c6739@group-21BA9BD4283D: changes role from  FOLLOWER to FOLLOWER at term 379 for recognizeCandidate:7c431f9d-51bc-458b-a3a6-511ec217d887
2019-10-17 06:48:22,962 [grpc-default-executor-3] INFO  impl.RaftServerImpl (RaftServerImpl.java:setRole(184)) - 67f35358-9777-4ff9-96f4-8a61bc3a94fe@group-21BA9BD4283D: changes role from  FOLLOWER to FOLLOWER at term 379 for recognizeCandidate:7c431f9d-51bc-458b-a3a6-511ec217d887
2019-10-17 06:48:22,962 [grpc-default-executor-4] INFO  impl.RoleInfo (RoleInfo.java:shutdownFollowerState(121)) - b9cfa588-8e56-4331-be2f-4c26f25c6739: shutdown FollowerState
2019-10-17 06:48:22,962 [grpc-default-executor-3] INFO  impl.RoleInfo (RoleInfo.java:shutdownFollowerState(121)) - 67f35358-9777-4ff9-96f4-8a61bc3a94fe: shutdown FollowerState
2019-10-17 06:48:22,962 [Thread-3517] INFO  impl.FollowerState (FollowerState.java:run(117)) - b9cfa588-8e56-4331-be2f-4c26f25c6739@group-21BA9BD4283D-FollowerState was interrupted: java.lang.InterruptedException: sleep interrupted
2019-10-17 06:48:22,962 [Thread-3518] INFO  impl.FollowerState (FollowerState.java:run(117)) - 67f35358-9777-4ff9-96f4-8a61bc3a94fe@group-21BA9BD4283D-FollowerState was interrupted: java.lang.InterruptedException: sleep interrupted
2019-10-17 06:48:22,962 [grpc-default-executor-4] INFO  impl.RoleInfo (RoleInfo.java:updateAndGet(143)) - b9cfa588-8e56-4331-be2f-4c26f25c6739: start FollowerState
2019-10-17 06:48:22,962 [grpc-default-executor-3] INFO  impl.RoleInfo (RoleInfo.java:updateAndGet(143)) - 67f35358-9777-4ff9-96f4-8a61bc3a94fe: start FollowerState
2019-10-17 06:48:22,988 [7c431f9d-51bc-458b-a3a6-511ec217d887@group-21BA9BD4283D-LeaderElection423] INFO  impl.LeaderElection (LeaderElection.java:logAndReturn(56)) - 7c431f9d-51bc-458b-a3a6-511ec217d887@group-21BA9BD4283D-LeaderElection423: Election REJECTED; received 2 response(s) [7c431f9d-51bc-458b-a3a6-511ec217d887<-67f35358-9777-4ff9-96f4-8a61bc3a94fe#0:FAIL-t379, 7c431f9d-51bc-458b-a3a6-511ec217d887<-b9cfa588-8e56-4331-be2f-4c26f25c6739#0:FAIL-t379] and 0 exception(s); 7c431f9d-51bc-458b-a3a6-511ec217d887@group-21BA9BD4283D:t379, leader=null, voted=7c431f9d-51bc-458b-a3a6-511ec217d887, raftlog=7c431f9d-51bc-458b-a3a6-511ec217d887@group-21BA9BD4283D-SegmentedRaftLog:OPENED:c-1,f-1,i0, conf=-1: [67f35358-9777-4ff9-96f4-8a61bc3a94fe:192.168.34.62:37037, 7c431f9d-51bc-458b-a3a6-511ec217d887:192.168.34.62:40420, b9cfa588-8e56-4331-be2f-4c26f25c6739:192.168.34.62:34777], old=null
2019-10-17 06:48:22,989 [7c431f9d-51bc-458b-a3a6-511ec217d887@group-21BA9BD4283D-LeaderElection423] INFO  impl.RaftServerImpl (RaftServerImpl.java:setRole(184)) - 7c431f9d-51bc-458b-a3a6-511ec217d887@group-21BA9BD4283D: changes role from CANDIDATE to FOLLOWER at term 379 for DISCOVERED_A_NEW_TERM
2019-10-17 06:48:22,989 [7c431f9d-51bc-458b-a3a6-511ec217d887@group-21BA9BD4283D-LeaderElection423] INFO  impl.RoleInfo (RoleInfo.java:shutdownLeaderElection(134)) - 7c431f9d-51bc-458b-a3a6-511ec217d887: shutdown LeaderElection
2019-10-17 06:48:22,989 [7c431f9d-51bc-458b-a3a6-511ec217d887@group-21BA9BD4283D-LeaderElection423] INFO  impl.RoleInfo (RoleInfo.java:updateAndGet(143)) - 7c431f9d-51bc-458b-a3a6-511ec217d887: start FollowerState
2019-10-17 06:48:23,032 [Thread-3525] INFO  impl.FollowerState (FollowerState.java:run(108)) - 7c431f9d-51bc-458b-a3a6-511ec217d887@group-21BA9BD4283D-FollowerState: change to CANDIDATE, lastRpcTime:43ms, electionTimeout:43ms
2019-10-17 06:48:23,032 [Thread-3525] INFO  impl.RoleInfo (RoleInfo.java:shutdownFollowerState(121)) - 7c431f9d-51bc-458b-a3a6-511ec217d887: shutdown FollowerState
2019-10-17 06:48:23,032 [Thread-3525] INFO  impl.RaftServerImpl (RaftServerImpl.java:setRole(184)) - 7c431f9d-51bc-458b-a3a6-511ec217d887@group-21BA9BD4283D: changes role from  FOLLOWER to CANDIDATE at term 379 for changeToCandidate
2019-10-17 06:48:23,032 [Thread-3525] INFO  impl.RoleInfo (RoleInfo.java:updateAndGet(143)) - 7c431f9d-51bc-458b-a3a6-511ec217d887: start LeaderElection
2019-10-17 06:48:23,070 [7c431f9d-51bc-458b-a3a6-511ec217d887@group-21BA9BD4283D-LeaderElection424] INFO  impl.LeaderElection (LeaderElection.java:askForVotes(178)) - 7c431f9d-51bc-458b-a3a6-511ec217d887@group-21BA9BD4283D-LeaderElection424: begin an election at term 380 for -1: [67f35358-9777-4ff9-96f4-8a61bc3a94fe:192.168.34.62:37037, 7c431f9d-51bc-458b-a3a6-511ec217d887:192.168.34.62:40420, b9cfa588-8e56-4331-be2f-4c26f25c6739:192.168.34.62:34777], old=null
2019-10-17 06:48:23,072 [grpc-default-executor-3] INFO  impl.RaftServerImpl (RaftServerImpl.java:setRole(184)) - b9cfa588-8e56-4331-be2f-4c26f25c6739@group-21BA9BD4283D: changes role from  FOLLOWER to FOLLOWER at term 380 for recognizeCandidate:7c431f9d-51bc-458b-a3a6-511ec217d887
2019-10-17 06:48:23,072 [grpc-default-executor-4] INFO  impl.RaftServerImpl (RaftServerImpl.java:setRole(184)) - 67f35358-9777-4ff9-96f4-8a61bc3a94fe@group-21BA9BD4283D: changes role from  FOLLOWER to FOLLOWER at term 380 for recognizeCandidate:7c431f9d-51bc-458b-a3a6-511ec217d887
2019-10-17 06:48:23,072 [grpc-default-executor-3] INFO  impl.RoleInfo (RoleInfo.java:shutdownFollowerState(121)) - b9cfa588-8e56-4331-be2f-4c26f25c6739: shutdown FollowerState
2019-10-17 06:48:23,072 [grpc-default-executor-4] INFO  impl.RoleInfo (RoleInfo.java:shutdownFollowerState(121)) - 67f35358-9777-4ff9-96f4-8a61bc3a94fe: shutdown FollowerState
2019-10-17 06:48:23,072 [grpc-default-executor-3] INFO  impl.RoleInfo (RoleInfo.java:updateAndGet(143)) - b9cfa588-8e56-4331-be2f-4c26f25c6739: start FollowerState
2019-10-17 06:48:23,072 [Thread-3524] INFO  impl.FollowerState (FollowerState.java:run(117)) - 67f35358-9777-4ff9-96f4-8a61bc3a94fe@group-21BA9BD4283D-FollowerState was interrupted: java.lang.InterruptedException: sleep interrupted
2019-10-17 06:48:23,072 [Thread-3523] INFO  impl.FollowerState (FollowerState.java:run(117)) - b9cfa588-8e56-4331-be2f-4c26f25c6739@group-21BA9BD4283D-FollowerState was interrupted: java.lang.InterruptedException: sleep interrupted
2019-10-17 06:48:23,072 [grpc-default-executor-4] INFO  impl.RoleInfo (RoleInfo.java:updateAndGet(143)) - 67f35358-9777-4ff9-96f4-8a61bc3a94fe: start FollowerState
2019-10-17 06:48:23,097 [7c431f9d-51bc-458b-a3a6-511ec217d887@group-21BA9BD4283D-LeaderElection424] INFO  impl.LeaderElection (LeaderElection.java:logAndReturn(56)) - 7c431f9d-51bc-458b-a3a6-511ec217d887@group-21BA9BD4283D-LeaderElection424: Election REJECTED; received 2 response(s) [7c431f9d-51bc-458b-a3a6-511ec217d887<-67f35358-9777-4ff9-96f4-8a61bc3a94fe#0:FAIL-t380, 7c431f9d-51bc-458b-a3a6-511ec217d887<-b9cfa588-8e56-4331-be2f-4c26f25c6739#0:FAIL-t380] and 0 exception(s); 7c431f9d-51bc-458b-a3a6-511ec217d887@group-21BA9BD4283D:t380, leader=null, voted=7c431f9d-51bc-458b-a3a6-511ec217d887, raftlog=7c431f9d-51bc-458b-a3a6-511ec217d887@group-21BA9BD4283D-SegmentedRaftLog:OPENED:c-1,f-1,i0, conf=-1: [67f35358-9777-4ff9-96f4-8a61bc3a94fe:192.168.34.62:37037, 7c431f9d-51bc-458b-a3a6-511ec217d887:192.168.34.62:40420, b9cfa588-8e56-4331-be2f-4c26f25c6739:192.168.34.62:34777], old=null
2019-10-17 06:48:23,098 [7c431f9d-51bc-458b-a3a6-511ec217d887@group-21BA9BD4283D-LeaderElection424] INFO  impl.RaftServerImpl (RaftServerImpl.java:setRole(184)) - 7c431f9d-51bc-458b-a3a6-511ec217d887@group-21BA9BD4283D: changes role from CANDIDATE to FOLLOWER at term 380 for DISCOVERED_A_NEW_TERM
2019-10-17 06:48:23,098 [7c431f9d-51bc-458b-a3a6-511ec217d887@group-21BA9BD4283D-LeaderElection424] INFO  impl.RoleInfo (RoleInfo.java:shutdownLeaderElection(134)) - 7c431f9d-51bc-458b-a3a6-511ec217d887: shutdown LeaderElection
2019-10-17 06:48:23,098 [7c431f9d-51bc-458b-a3a6-511ec217d887@group-21BA9BD4283D-LeaderElection424] INFO  impl.RoleInfo (RoleInfo.java:updateAndGet(143)) - 7c431f9d-51bc-458b-a3a6-511ec217d887: start FollowerState
2019-10-17 06:48:23,109 [main] INFO  ozone.MiniOzoneClusterImpl (MiniOzoneClusterImpl.java:lambda$waitForClusterToBeReady$2(164)) - Waiting for 1 number of pipelines out of 4, to report a leader.
2019-10-17 06:48:23,182 [Thread-3531] INFO  impl.FollowerState (FollowerState.java:run(108)) - 7c431f9d-51bc-458b-a3a6-511ec217d887@group-21BA9BD4283D-FollowerState: change to CANDIDATE, lastRpcTime:84ms, electionTimeout:84ms
2019-10-17 06:48:23,182 [Thread-3531] INFO  impl.RoleInfo (RoleInfo.java:shutdownFollowerState(121)) - 7c431f9d-51bc-458b-a3a6-511ec217d887: shutdown FollowerState
2019-10-17 06:48:23,182 [Thread-3531] INFO  impl.RaftServerImpl (RaftServerImpl.java:setRole(184)) - 7c431f9d-51bc-458b-a3a6-511ec217d887@group-21BA9BD4283D: changes role from  FOLLOWER to CANDIDATE at term 380 for changeToCandidate
2019-10-17 06:48:23,183 [Thread-3531] INFO  impl.RoleInfo (RoleInfo.java:updateAndGet(143)) - 7c431f9d-51bc-458b-a3a6-511ec217d887: start LeaderElection
2019-10-17 06:48:23,206 [7c431f9d-51bc-458b-a3a6-511ec217d887@group-21BA9BD4283D-LeaderElection425] INFO  impl.LeaderElection (LeaderElection.java:askForVotes(178)) - 7c431f9d-51bc-458b-a3a6-511ec217d887@group-21BA9BD4283D-LeaderElection425: begin an election at term 381 for -1: [67f35358-9777-4ff9-96f4-8a61bc3a94fe:192.168.34.62:37037, 7c431f9d-51bc-458b-a3a6-511ec217d887:192.168.34.62:40420, b9cfa588-8e56-4331-be2f-4c26f25c6739:192.168.34.62:34777], old=null
2019-10-17 06:48:23,208 [grpc-default-executor-3] INFO  impl.RaftServerImpl (RaftServerImpl.java:setRole(184)) - b9cfa588-8e56-4331-be2f-4c26f25c6739@group-21BA9BD4283D: changes role from  FOLLOWER to FOLLOWER at term 381 for recognizeCandidate:7c431f9d-51bc-458b-a3a6-511ec217d887
2019-10-17 06:48:23,208 [grpc-default-executor-3] INFO  impl.RoleInfo (RoleInfo.java:shutdownFollowerState(121)) - b9cfa588-8e56-4331-be2f-4c26f25c6739: shutdown FollowerState
2019-10-17 06:48:23,208 [grpc-default-executor-4] INFO  impl.RaftServerImpl (RaftServerImpl.java:setRole(184)) - 67f35358-9777-4ff9-96f4-8a61bc3a94fe@group-21BA9BD4283D: changes role from  FOLLOWER to FOLLOWER at term 381 for recognizeCandidate:7c431f9d-51bc-458b-a3a6-511ec217d887
2019-10-17 06:48:23,208 [Thread-3529] INFO  impl.FollowerState (FollowerState.java:run(117)) - b9cfa588-8e56-4331-be2f-4c26f25c6739@group-21BA9BD4283D-FollowerState was interrupted: java.lang.InterruptedException: sleep interrupted
2019-10-17 06:48:23,208 [grpc-default-executor-3] INFO  impl.RoleInfo (RoleInfo.java:updateAndGet(143)) - b9cfa588-8e56-4331-be2f-4c26f25c6739: start FollowerState
2019-10-17 06:48:23,208 [grpc-default-executor-4] INFO  impl.RoleInfo (RoleInfo.java:shutdownFollowerState(121)) - 67f35358-9777-4ff9-96f4-8a61bc3a94fe: shutdown FollowerState
2019-10-17 06:48:23,208 [grpc-default-executor-4] INFO  impl.RoleInfo (RoleInfo.java:updateAndGet(143)) - 67f35358-9777-4ff9-96f4-8a61bc3a94fe: start FollowerState
2019-10-17 06:48:23,208 [Thread-3530] INFO  impl.FollowerState (FollowerState.java:run(117)) - 67f35358-9777-4ff9-96f4-8a61bc3a94fe@group-21BA9BD4283D-FollowerState was interrupted: java.lang.InterruptedException: sleep interrupted
2019-10-17 06:48:23,234 [7c431f9d-51bc-458b-a3a6-511ec217d887@group-21BA9BD4283D-LeaderElection425] INFO  impl.LeaderElection (LeaderElection.java:logAndReturn(56)) - 7c431f9d-51bc-458b-a3a6-511ec217d887@group-21BA9BD4283D-LeaderElection425: Election REJECTED; received 2 response(s) [7c431f9d-51bc-458b-a3a6-511ec217d887<-67f35358-9777-4ff9-96f4-8a61bc3a94fe#0:FAIL-t381, 7c431f9d-51bc-458b-a3a6-511ec217d887<-b9cfa588-8e56-4331-be2f-4c26f25c6739#0:FAIL-t381] and 0 exception(s); 7c431f9d-51bc-458b-a3a6-511ec217d887@group-21BA9BD4283D:t381, leader=null, voted=7c431f9d-51bc-458b-a3a6-511ec217d887, raftlog=7c431f9d-51bc-458b-a3a6-511ec217d887@group-21BA9BD4283D-SegmentedRaftLog:OPENED:c-1,f-1,i0, conf=-1: [67f35358-9777-4ff9-96f4-8a61bc3a94fe:192.168.34.62:37037, 7c431f9d-51bc-458b-a3a6-511ec217d887:192.168.34.62:40420, b9cfa588-8e56-4331-be2f-4c26f25c6739:192.168.34.62:34777], old=null
2019-10-17 06:48:23,234 [7c431f9d-51bc-458b-a3a6-511ec217d887@group-21BA9BD4283D-LeaderElection425] INFO  impl.RaftServerImpl (RaftServerImpl.java:setRole(184)) - 7c431f9d-51bc-458b-a3a6-511ec217d887@group-21BA9BD4283D: changes role from CANDIDATE to FOLLOWER at term 381 for DISCOVERED_A_NEW_TERM
2019-10-17 06:48:23,234 [7c431f9d-51bc-458b-a3a6-511ec217d887@group-21BA9BD4283D-LeaderElection425] INFO  impl.RoleInfo (RoleInfo.java:shutdownLeaderElection(134)) - 7c431f9d-51bc-458b-a3a6-511ec217d887: shutdown LeaderElection
2019-10-17 06:48:23,235 [7c431f9d-51bc-458b-a3a6-511ec217d887@group-21BA9BD4283D-LeaderElection425] INFO  impl.RoleInfo (RoleInfo.java:updateAndGet(143)) - 7c431f9d-51bc-458b-a3a6-511ec217d887: start FollowerState
2019-10-17 06:48:23,353 [Thread-3537] INFO  impl.FollowerState (FollowerState.java:run(108)) - 7c431f9d-51bc-458b-a3a6-511ec217d887@group-21BA9BD4283D-FollowerState: change to CANDIDATE, lastRpcTime:118ms, electionTimeout:118ms
2019-10-17 06:48:23,353 [Thread-3537] INFO  impl.RoleInfo (RoleInfo.java:shutdownFollowerState(121)) - 7c431f9d-51bc-458b-a3a6-511ec217d887: shutdown FollowerState
2019-10-17 06:48:23,353 [Thread-3537] INFO  impl.RaftServerImpl (RaftServerImpl.java:setRole(184)) - 7c431f9d-51bc-458b-a3a6-511ec217d887@group-21BA9BD4283D: changes role from  FOLLOWER to CANDIDATE at term 381 for changeToCandidate
2019-10-17 06:48:23,353 [Thread-3537] INFO  impl.RoleInfo (RoleInfo.java:updateAndGet(143)) - 7c431f9d-51bc-458b-a3a6-511ec217d887: start LeaderElection
2019-10-17 06:48:23,375 [7c431f9d-51bc-458b-a3a6-511ec217d887@group-21BA9BD4283D-LeaderElection426] INFO  impl.LeaderElection (LeaderElection.java:askForVotes(178)) - 7c431f9d-51bc-458b-a3a6-511ec217d887@group-21BA9BD4283D-LeaderElection426: begin an election at term 382 for -1: [67f35358-9777-4ff9-96f4-8a61bc3a94fe:192.168.34.62:37037, 7c431f9d-51bc-458b-a3a6-511ec217d887:192.168.34.62:40420, b9cfa588-8e56-4331-be2f-4c26f25c6739:192.168.34.62:34777], old=null
2019-10-17 06:48:23,377 [grpc-default-executor-4] INFO  impl.RaftServerImpl (RaftServerImpl.java:setRole(184)) - b9cfa588-8e56-4331-be2f-4c26f25c6739@group-21BA9BD4283D: changes role from  FOLLOWER to FOLLOWER at term 382 for recognizeCandidate:7c431f9d-51bc-458b-a3a6-511ec217d887
2019-10-17 06:48:23,377 [grpc-default-executor-3] INFO  impl.RaftServerImpl (RaftServerImpl.java:setRole(184)) - 67f35358-9777-4ff9-96f4-8a61bc3a94fe@group-21BA9BD4283D: changes role from  FOLLOWER to FOLLOWER at term 382 for recognizeCandidate:7c431f9d-51bc-458b-a3a6-511ec217d887
2019-10-17 06:48:23,377 [grpc-default-executor-3] INFO  impl.RoleInfo (RoleInfo.java:shutdownFollowerState(121)) - 67f35358-9777-4ff9-96f4-8a61bc3a94fe: shutdown FollowerState
2019-10-17 06:48:23,377 [grpc-default-executor-4] INFO  impl.RoleInfo (RoleInfo.java:shutdownFollowerState(121)) - b9cfa588-8e56-4331-be2f-4c26f25c6739: shutdown FollowerState
2019-10-17 06:48:23,377 [Thread-3536] INFO  impl.FollowerState (FollowerState.java:run(117)) - 67f35358-9777-4ff9-96f4-8a61bc3a94fe@group-21BA9BD4283D-FollowerState was interrupted: java.lang.InterruptedException: sleep interrupted
2019-10-17 06:48:23,377 [grpc-default-executor-3] INFO  impl.RoleInfo (RoleInfo.java:updateAndGet(143)) - 67f35358-9777-4ff9-96f4-8a61bc3a94fe: start FollowerState
2019-10-17 06:48:23,377 [Thread-3535] INFO  impl.FollowerState (FollowerState.java:run(117)) - b9cfa588-8e56-4331-be2f-4c26f25c6739@group-21BA9BD4283D-FollowerState was interrupted: java.lang.InterruptedException: sleep interrupted
2019-10-17 06:48:23,377 [grpc-default-executor-4] INFO  impl.RoleInfo (RoleInfo.java:updateAndGet(143)) - b9cfa588-8e56-4331-be2f-4c26f25c6739: start FollowerState
2019-10-17 06:48:23,391 [7c431f9d-51bc-458b-a3a6-511ec217d887@group-21BA9BD4283D-LeaderElection426] INFO  impl.LeaderElection (LeaderElection.java:logAndReturn(56)) - 7c431f9d-51bc-458b-a3a6-511ec217d887@group-21BA9BD4283D-LeaderElection426: Election REJECTED; received 2 response(s) [7c431f9d-51bc-458b-a3a6-511ec217d887<-67f35358-9777-4ff9-96f4-8a61bc3a94fe#0:FAIL-t382, 7c431f9d-51bc-458b-a3a6-511ec217d887<-b9cfa588-8e56-4331-be2f-4c26f25c6739#0:FAIL-t382] and 0 exception(s); 7c431f9d-51bc-458b-a3a6-511ec217d887@group-21BA9BD4283D:t382, leader=null, voted=7c431f9d-51bc-458b-a3a6-511ec217d887, raftlog=7c431f9d-51bc-458b-a3a6-511ec217d887@group-21BA9BD4283D-SegmentedRaftLog:OPENED:c-1,f-1,i0, conf=-1: [67f35358-9777-4ff9-96f4-8a61bc3a94fe:192.168.34.62:37037, 7c431f9d-51bc-458b-a3a6-511ec217d887:192.168.34.62:40420, b9cfa588-8e56-4331-be2f-4c26f25c6739:192.168.34.62:34777], old=null
2019-10-17 06:48:23,391 [7c431f9d-51bc-458b-a3a6-511ec217d887@group-21BA9BD4283D-LeaderElection426] INFO  impl.RaftServerImpl (RaftServerImpl.java:setRole(184)) - 7c431f9d-51bc-458b-a3a6-511ec217d887@group-21BA9BD4283D: changes role from CANDIDATE to FOLLOWER at term 382 for DISCOVERED_A_NEW_TERM
2019-10-17 06:48:23,391 [7c431f9d-51bc-458b-a3a6-511ec217d887@group-21BA9BD4283D-LeaderElection426] INFO  impl.RoleInfo (RoleInfo.java:shutdownLeaderElection(134)) - 7c431f9d-51bc-458b-a3a6-511ec217d887: shutdown LeaderElection
2019-10-17 06:48:23,391 [7c431f9d-51bc-458b-a3a6-511ec217d887@group-21BA9BD4283D-LeaderElection426] INFO  impl.RoleInfo (RoleInfo.java:updateAndGet(143)) - 7c431f9d-51bc-458b-a3a6-511ec217d887: start FollowerState
2019-10-17 06:48:23,436 [Thread-3543] INFO  impl.FollowerState (FollowerState.java:run(108)) - 7c431f9d-51bc-458b-a3a6-511ec217d887@group-21BA9BD4283D-FollowerState: change to CANDIDATE, lastRpcTime:45ms, electionTimeout:45ms
2019-10-17 06:48:23,436 [Thread-3543] INFO  impl.RoleInfo (RoleInfo.java:shutdownFollowerState(121)) - 7c431f9d-51bc-458b-a3a6-511ec217d887: shutdown FollowerState
2019-10-17 06:48:23,436 [Thread-3543] INFO  impl.RaftServerImpl (RaftServerImpl.java:setRole(184)) - 7c431f9d-51bc-458b-a3a6-511ec217d887@group-21BA9BD4283D: changes role from  FOLLOWER to CANDIDATE at term 382 for changeToCandidate
2019-10-17 06:48:23,436 [Thread-3543] INFO  impl.RoleInfo (RoleInfo.java:updateAndGet(143)) - 7c431f9d-51bc-458b-a3a6-511ec217d887: start LeaderElection
2019-10-17 06:48:23,460 [7c431f9d-51bc-458b-a3a6-511ec217d887@group-21BA9BD4283D-LeaderElection427] INFO  impl.LeaderElection (LeaderElection.java:askForVotes(178)) - 7c431f9d-51bc-458b-a3a6-511ec217d887@group-21BA9BD4283D-LeaderElection427: begin an election at term 383 for -1: [67f35358-9777-4ff9-96f4-8a61bc3a94fe:192.168.34.62:37037, 7c431f9d-51bc-458b-a3a6-511ec217d887:192.168.34.62:40420, b9cfa588-8e56-4331-be2f-4c26f25c6739:192.168.34.62:34777], old=null
2019-10-17 06:48:23,461 [grpc-default-executor-3] INFO  impl.RaftServerImpl (RaftServerImpl.java:setRole(184)) - 67f35358-9777-4ff9-96f4-8a61bc3a94fe@group-21BA9BD4283D: changes role from  FOLLOWER to FOLLOWER at term 383 for recognizeCandidate:7c431f9d-51bc-458b-a3a6-511ec217d887
2019-10-17 06:48:23,462 [grpc-default-executor-3] INFO  impl.RoleInfo (RoleInfo.java:shutdownFollowerState(121)) - 67f35358-9777-4ff9-96f4-8a61bc3a94fe: shutdown FollowerState
2019-10-17 06:48:23,462 [grpc-default-executor-3] INFO  impl.RoleInfo (RoleInfo.java:updateAndGet(143)) - 67f35358-9777-4ff9-96f4-8a61bc3a94fe: start FollowerState
2019-10-17 06:48:23,462 [Thread-3541] INFO  impl.FollowerState (FollowerState.java:run(117)) - 67f35358-9777-4ff9-96f4-8a61bc3a94fe@group-21BA9BD4283D-FollowerState was interrupted: java.lang.InterruptedException: sleep interrupted
2019-10-17 06:48:23,462 [grpc-default-executor-4] INFO  impl.RaftServerImpl (RaftServerImpl.java:setRole(184)) - b9cfa588-8e56-4331-be2f-4c26f25c6739@group-21BA9BD4283D: changes role from  FOLLOWER to FOLLOWER at term 383 for recognizeCandidate:7c431f9d-51bc-458b-a3a6-511ec217d887
2019-10-17 06:48:23,462 [grpc-default-executor-4] INFO  impl.RoleInfo (RoleInfo.java:shutdownFollowerState(121)) - b9cfa588-8e56-4331-be2f-4c26f25c6739: shutdown FollowerState
2019-10-17 06:48:23,462 [grpc-default-executor-4] INFO  impl.RoleInfo (RoleInfo.java:updateAndGet(143)) - b9cfa588-8e56-4331-be2f-4c26f25c6739: start FollowerState
2019-10-17 06:48:23,462 [Thread-3542] INFO  impl.FollowerState (FollowerState.java:run(117)) - b9cfa588-8e56-4331-be2f-4c26f25c6739@group-21BA9BD4283D-FollowerState was interrupted: java.lang.InterruptedException: sleep interrupted
2019-10-17 06:48:23,476 [7c431f9d-51bc-458b-a3a6-511ec217d887@group-21BA9BD4283D-LeaderElection427] INFO  impl.LeaderElection (LeaderElection.java:logAndReturn(56)) - 7c431f9d-51bc-458b-a3a6-511ec217d887@group-21BA9BD4283D-LeaderElection427: Election REJECTED; received 2 response(s) [7c431f9d-51bc-458b-a3a6-511ec217d887<-67f35358-9777-4ff9-96f4-8a61bc3a94fe#0:FAIL-t383, 7c431f9d-51bc-458b-a3a6-511ec217d887<-b9cfa588-8e56-4331-be2f-4c26f25c6739#0:FAIL-t383] and 0 exception(s); 7c431f9d-51bc-458b-a3a6-511ec217d887@group-21BA9BD4283D:t383, leader=null, voted=7c431f9d-51bc-458b-a3a6-511ec217d887, raftlog=7c431f9d-51bc-458b-a3a6-511ec217d887@group-21BA9BD4283D-SegmentedRaftLog:OPENED:c-1,f-1,i0, conf=-1: [67f35358-9777-4ff9-96f4-8a61bc3a94fe:192.168.34.62:37037, 7c431f9d-51bc-458b-a3a6-511ec217d887:192.168.34.62:40420, b9cfa588-8e56-4331-be2f-4c26f25c6739:192.168.34.62:34777], old=null
2019-10-17 06:48:23,476 [7c431f9d-51bc-458b-a3a6-511ec217d887@group-21BA9BD4283D-LeaderElection427] INFO  impl.RaftServerImpl (RaftServerImpl.java:setRole(184)) - 7c431f9d-51bc-458b-a3a6-511ec217d887@group-21BA9BD4283D: changes role from CANDIDATE to FOLLOWER at term 383 for DISCOVERED_A_NEW_TERM
2019-10-17 06:48:23,476 [7c431f9d-51bc-458b-a3a6-511ec217d887@group-21BA9BD4283D-LeaderElection427] INFO  impl.RoleInfo (RoleInfo.java:shutdownLeaderElection(134)) - 7c431f9d-51bc-458b-a3a6-511ec217d887: shutdown LeaderElection
2019-10-17 06:48:23,476 [7c431f9d-51bc-458b-a3a6-511ec217d887@group-21BA9BD4283D-LeaderElection427] INFO  impl.RoleInfo (RoleInfo.java:updateAndGet(143)) - 7c431f9d-51bc-458b-a3a6-511ec217d887: start FollowerState
2019-10-17 06:48:23,590 [Thread-3549] INFO  impl.FollowerState (FollowerState.java:run(108)) - 7c431f9d-51bc-458b-a3a6-511ec217d887@group-21BA9BD4283D-FollowerState: change to CANDIDATE, lastRpcTime:114ms, electionTimeout:114ms
2019-10-17 06:48:23,591 [Thread-3549] INFO  impl.RoleInfo (RoleInfo.java:shutdownFollowerState(121)) - 7c431f9d-51bc-458b-a3a6-511ec217d887: shutdown FollowerState
2019-10-17 06:48:23,591 [Thread-3549] INFO  impl.RaftServerImpl (RaftServerImpl.java:setRole(184)) - 7c431f9d-51bc-458b-a3a6-511ec217d887@group-21BA9BD4283D: changes role from  FOLLOWER to CANDIDATE at term 383 for changeToCandidate
2019-10-17 06:48:23,591 [Thread-3549] INFO  impl.RoleInfo (RoleInfo.java:updateAndGet(143)) - 7c431f9d-51bc-458b-a3a6-511ec217d887: start LeaderElection
2019-10-17 06:48:23,610 [7c431f9d-51bc-458b-a3a6-511ec217d887@group-21BA9BD4283D-LeaderElection428] INFO  impl.LeaderElection (LeaderElection.java:askForVotes(178)) - 7c431f9d-51bc-458b-a3a6-511ec217d887@group-21BA9BD4283D-LeaderElection428: begin an election at term 384 for -1: [67f35358-9777-4ff9-96f4-8a61bc3a94fe:192.168.34.62:37037, 7c431f9d-51bc-458b-a3a6-511ec217d887:192.168.34.62:40420, b9cfa588-8e56-4331-be2f-4c26f25c6739:192.168.34.62:34777], old=null
2019-10-17 06:48:23,611 [grpc-default-executor-3] INFO  impl.RaftServerImpl (RaftServerImpl.java:setRole(184)) - b9cfa588-8e56-4331-be2f-4c26f25c6739@group-21BA9BD4283D: changes role from  FOLLOWER to FOLLOWER at term 384 for recognizeCandidate:7c431f9d-51bc-458b-a3a6-511ec217d887
2019-10-17 06:48:23,611 [grpc-default-executor-4] INFO  impl.RaftServerImpl (RaftServerImpl.java:setRole(184)) - 67f35358-9777-4ff9-96f4-8a61bc3a94fe@group-21BA9BD4283D: changes role from  FOLLOWER to FOLLOWER at term 384 for recognizeCandidate:7c431f9d-51bc-458b-a3a6-511ec217d887
2019-10-17 06:48:23,611 [grpc-default-executor-3] INFO  impl.RoleInfo (RoleInfo.java:shutdownFollowerState(121)) - b9cfa588-8e56-4331-be2f-4c26f25c6739: shutdown FollowerState
2019-10-17 06:48:23,612 [grpc-default-executor-4] INFO  impl.RoleInfo (RoleInfo.java:shutdownFollowerState(121)) - 67f35358-9777-4ff9-96f4-8a61bc3a94fe: shutdown FollowerState
2019-10-17 06:48:23,612 [Thread-3548] INFO  impl.FollowerState (FollowerState.java:run(117)) - b9cfa588-8e56-4331-be2f-4c26f25c6739@group-21BA9BD4283D-FollowerState was interrupted: java.lang.InterruptedException: sleep interrupted
2019-10-17 06:48:23,612 [grpc-default-executor-3] INFO  impl.RoleInfo (RoleInfo.java:updateAndGet(143)) - b9cfa588-8e56-4331-be2f-4c26f25c6739: start FollowerState
2019-10-17 06:48:23,612 [Thread-3547] INFO  impl.FollowerState (FollowerState.java:run(117)) - 67f35358-9777-4ff9-96f4-8a61bc3a94fe@group-21BA9BD4283D-FollowerState was interrupted: java.lang.InterruptedException: sleep interrupted
2019-10-17 06:48:23,612 [grpc-default-executor-4] INFO  impl.RoleInfo (RoleInfo.java:updateAndGet(143)) - 67f35358-9777-4ff9-96f4-8a61bc3a94fe: start FollowerState
2019-10-17 06:48:23,637 [7c431f9d-51bc-458b-a3a6-511ec217d887@group-21BA9BD4283D-LeaderElection428] INFO  impl.LeaderElection (LeaderElection.java:logAndReturn(56)) - 7c431f9d-51bc-458b-a3a6-511ec217d887@group-21BA9BD4283D-LeaderElection428: Election REJECTED; received 2 response(s) [7c431f9d-51bc-458b-a3a6-511ec217d887<-67f35358-9777-4ff9-96f4-8a61bc3a94fe#0:FAIL-t384, 7c431f9d-51bc-458b-a3a6-511ec217d887<-b9cfa588-8e56-4331-be2f-4c26f25c6739#0:FAIL-t384] and 0 exception(s); 7c431f9d-51bc-458b-a3a6-511ec217d887@group-21BA9BD4283D:t384, leader=null, voted=7c431f9d-51bc-458b-a3a6-511ec217d887, raftlog=7c431f9d-51bc-458b-a3a6-511ec217d887@group-21BA9BD4283D-SegmentedRaftLog:OPENED:c-1,f-1,i0, conf=-1: [67f35358-9777-4ff9-96f4-8a61bc3a94fe:192.168.34.62:37037, 7c431f9d-51bc-458b-a3a6-511ec217d887:192.168.34.62:40420, b9cfa588-8e56-4331-be2f-4c26f25c6739:192.168.34.62:34777], old=null
2019-10-17 06:48:23,637 [7c431f9d-51bc-458b-a3a6-511ec217d887@group-21BA9BD4283D-LeaderElection428] INFO  impl.RaftServerImpl (RaftServerImpl.java:setRole(184)) - 7c431f9d-51bc-458b-a3a6-511ec217d887@group-21BA9BD4283D: changes role from CANDIDATE to FOLLOWER at term 384 for DISCOVERED_A_NEW_TERM
2019-10-17 06:48:23,638 [7c431f9d-51bc-458b-a3a6-511ec217d887@group-21BA9BD4283D-LeaderElection428] INFO  impl.RoleInfo (RoleInfo.java:shutdownLeaderElection(134)) - 7c431f9d-51bc-458b-a3a6-511ec217d887: shutdown LeaderElection
2019-10-17 06:48:23,638 [7c431f9d-51bc-458b-a3a6-511ec217d887@group-21BA9BD4283D-LeaderElection428] INFO  impl.RoleInfo (RoleInfo.java:updateAndGet(143)) - 7c431f9d-51bc-458b-a3a6-511ec217d887: start FollowerState
2019-10-17 06:48:23,822 [Thread-3555] INFO  impl.FollowerState (FollowerState.java:run(108)) - 7c431f9d-51bc-458b-a3a6-511ec217d887@group-21BA9BD4283D-FollowerState: change to CANDIDATE, lastRpcTime:184ms, electionTimeout:184ms
2019-10-17 06:48:23,822 [Thread-3555] INFO  impl.RoleInfo (RoleInfo.java:shutdownFollowerState(121)) - 7c431f9d-51bc-458b-a3a6-511ec217d887: shutdown FollowerState
2019-10-17 06:48:23,822 [Thread-3555] INFO  impl.RaftServerImpl (RaftServerImpl.java:setRole(184)) - 7c431f9d-51bc-458b-a3a6-511ec217d887@group-21BA9BD4283D: changes role from  FOLLOWER to CANDIDATE at term 384 for changeToCandidate
2019-10-17 06:48:23,822 [Thread-3555] INFO  impl.RoleInfo (RoleInfo.java:updateAndGet(143)) - 7c431f9d-51bc-458b-a3a6-511ec217d887: start LeaderElection
2019-10-17 06:48:23,837 [7c431f9d-51bc-458b-a3a6-511ec217d887@group-21BA9BD4283D-LeaderElection429] INFO  impl.LeaderElection (LeaderElection.java:askForVotes(178)) - 7c431f9d-51bc-458b-a3a6-511ec217d887@group-21BA9BD4283D-LeaderElection429: begin an election at term 385 for -1: [67f35358-9777-4ff9-96f4-8a61bc3a94fe:192.168.34.62:37037, 7c431f9d-51bc-458b-a3a6-511ec217d887:192.168.34.62:40420, b9cfa588-8e56-4331-be2f-4c26f25c6739:192.168.34.62:34777], old=null
2019-10-17 06:48:23,838 [grpc-default-executor-3] INFO  impl.RaftServerImpl (RaftServerImpl.java:setRole(184)) - b9cfa588-8e56-4331-be2f-4c26f25c6739@group-21BA9BD4283D: changes role from  FOLLOWER to FOLLOWER at term 385 for recognizeCandidate:7c431f9d-51bc-458b-a3a6-511ec217d887
2019-10-17 06:48:23,838 [grpc-default-executor-3] INFO  impl.RoleInfo (RoleInfo.java:shutdownFollowerState(121)) - b9cfa588-8e56-4331-be2f-4c26f25c6739: shutdown FollowerState
2019-10-17 06:48:23,838 [grpc-default-executor-4] INFO  impl.RaftServerImpl (RaftServerImpl.java:setRole(184)) - 67f35358-9777-4ff9-96f4-8a61bc3a94fe@group-21BA9BD4283D: changes role from  FOLLOWER to FOLLOWER at term 385 for recognizeCandidate:7c431f9d-51bc-458b-a3a6-511ec217d887
2019-10-17 06:48:23,838 [Thread-3553] INFO  impl.FollowerState (FollowerState.java:run(117)) - b9cfa588-8e56-4331-be2f-4c26f25c6739@group-21BA9BD4283D-FollowerState was interrupted: java.lang.InterruptedException: sleep interrupted
2019-10-17 06:48:23,838 [grpc-default-executor-3] INFO  impl.RoleInfo (RoleInfo.java:updateAndGet(143)) - b9cfa588-8e56-4331-be2f-4c26f25c6739: start FollowerState
2019-10-17 06:48:23,839 [grpc-default-executor-4] INFO  impl.RoleInfo (RoleInfo.java:shutdownFollowerState(121)) - 67f35358-9777-4ff9-96f4-8a61bc3a94fe: shutdown FollowerState
2019-10-17 06:48:23,839 [grpc-default-executor-4] INFO  impl.RoleInfo (RoleInfo.java:updateAndGet(143)) - 67f35358-9777-4ff9-96f4-8a61bc3a94fe: start FollowerState
2019-10-17 06:48:23,839 [Thread-3554] INFO  impl.FollowerState (FollowerState.java:run(117)) - 67f35358-9777-4ff9-96f4-8a61bc3a94fe@group-21BA9BD4283D-FollowerState was interrupted: java.lang.InterruptedException: sleep interrupted
2019-10-17 06:48:23,853 [7c431f9d-51bc-458b-a3a6-511ec217d887@group-21BA9BD4283D-LeaderElection429] INFO  impl.LeaderElection (LeaderElection.java:logAndReturn(56)) - 7c431f9d-51bc-458b-a3a6-511ec217d887@group-21BA9BD4283D-LeaderElection429: Election REJECTED; received 2 response(s) [7c431f9d-51bc-458b-a3a6-511ec217d887<-67f35358-9777-4ff9-96f4-8a61bc3a94fe#0:FAIL-t385, 7c431f9d-51bc-458b-a3a6-511ec217d887<-b9cfa588-8e56-4331-be2f-4c26f25c6739#0:FAIL-t385] and 0 exception(s); 7c431f9d-51bc-458b-a3a6-511ec217d887@group-21BA9BD4283D:t385, leader=null, voted=7c431f9d-51bc-458b-a3a6-511ec217d887, raftlog=7c431f9d-51bc-458b-a3a6-511ec217d887@group-21BA9BD4283D-SegmentedRaftLog:OPENED:c-1,f-1,i0, conf=-1: [67f35358-9777-4ff9-96f4-8a61bc3a94fe:192.168.34.62:37037, 7c431f9d-51bc-458b-a3a6-511ec217d887:192.168.34.62:40420, b9cfa588-8e56-4331-be2f-4c26f25c6739:192.168.34.62:34777], old=null
2019-10-17 06:48:23,853 [7c431f9d-51bc-458b-a3a6-511ec217d887@group-21BA9BD4283D-LeaderElection429] INFO  impl.RaftServerImpl (RaftServerImpl.java:setRole(184)) - 7c431f9d-51bc-458b-a3a6-511ec217d887@group-21BA9BD4283D: changes role from CANDIDATE to FOLLOWER at term 385 for DISCOVERED_A_NEW_TERM
2019-10-17 06:48:23,853 [7c431f9d-51bc-458b-a3a6-511ec217d887@group-21BA9BD4283D-LeaderElection429] INFO  impl.RoleInfo (RoleInfo.java:shutdownLeaderElection(134)) - 7c431f9d-51bc-458b-a3a6-511ec217d887: shutdown LeaderElection
2019-10-17 06:48:23,853 [7c431f9d-51bc-458b-a3a6-511ec217d887@group-21BA9BD4283D-LeaderElection429] INFO  impl.RoleInfo (RoleInfo.java:updateAndGet(143)) - 7c431f9d-51bc-458b-a3a6-511ec217d887: start FollowerState
2019-10-17 06:48:23,979 [Thread-3561] INFO  impl.FollowerState (FollowerState.java:run(108)) - 7c431f9d-51bc-458b-a3a6-511ec217d887@group-21BA9BD4283D-FollowerState: change to CANDIDATE, lastRpcTime:126ms, electionTimeout:126ms
2019-10-17 06:48:23,980 [Thread-3561] INFO  impl.RoleInfo (RoleInfo.java:shutdownFollowerState(121)) - 7c431f9d-51bc-458b-a3a6-511ec217d887: shutdown FollowerState
2019-10-17 06:48:23,980 [Thread-3561] INFO  impl.RaftServerImpl (RaftServerImpl.java:setRole(184)) - 7c431f9d-51bc-458b-a3a6-511ec217d887@group-21BA9BD4283D: changes role from  FOLLOWER to CANDIDATE at term 385 for changeToCandidate
2019-10-17 06:48:23,980 [Thread-3561] INFO  impl.RoleInfo (RoleInfo.java:updateAndGet(143)) - 7c431f9d-51bc-458b-a3a6-511ec217d887: start LeaderElection
2019-10-17 06:48:24,004 [7c431f9d-51bc-458b-a3a6-511ec217d887@group-21BA9BD4283D-LeaderElection430] INFO  impl.LeaderElection (LeaderElection.java:askForVotes(178)) - 7c431f9d-51bc-458b-a3a6-511ec217d887@group-21BA9BD4283D-LeaderElection430: begin an election at term 386 for -1: [67f35358-9777-4ff9-96f4-8a61bc3a94fe:192.168.34.62:37037, 7c431f9d-51bc-458b-a3a6-511ec217d887:192.168.34.62:40420, b9cfa588-8e56-4331-be2f-4c26f25c6739:192.168.34.62:34777], old=null
2019-10-17 06:48:24,005 [grpc-default-executor-4] INFO  impl.RaftServerImpl (RaftServerImpl.java:setRole(184)) - b9cfa588-8e56-4331-be2f-4c26f25c6739@group-21BA9BD4283D: changes role from  FOLLOWER to FOLLOWER at term 386 for recognizeCandidate:7c431f9d-51bc-458b-a3a6-511ec217d887
2019-10-17 06:48:24,005 [grpc-default-executor-3] INFO  impl.RaftServerImpl (RaftServerImpl.java:setRole(184)) - 67f35358-9777-4ff9-96f4-8a61bc3a94fe@group-21BA9BD4283D: changes role from  FOLLOWER to FOLLOWER at term 386 for recognizeCandidate:7c431f9d-51bc-458b-a3a6-511ec217d887
2019-10-17 06:48:24,005 [grpc-default-executor-4] INFO  impl.RoleInfo (RoleInfo.java:shutdownFollowerState(121)) - b9cfa588-8e56-4331-be2f-4c26f25c6739: shutdown FollowerState
2019-10-17 06:48:24,006 [grpc-default-executor-3] INFO  impl.RoleInfo (RoleInfo.java:shutdownFollowerState(121)) - 67f35358-9777-4ff9-96f4-8a61bc3a94fe: shutdown FollowerState
2019-10-17 06:48:24,006 [Thread-3559] INFO  impl.FollowerState (FollowerState.java:run(117)) - b9cfa588-8e56-4331-be2f-4c26f25c6739@group-21BA9BD4283D-FollowerState was interrupted: java.lang.InterruptedException: sleep interrupted
2019-10-17 06:48:24,006 [grpc-default-executor-4] INFO  impl.RoleInfo (RoleInfo.java:updateAndGet(143)) - b9cfa588-8e56-4331-be2f-4c26f25c6739: start FollowerState
2019-10-17 06:48:24,006 [Thread-3560] INFO  impl.FollowerState (FollowerState.java:run(117)) - 67f35358-9777-4ff9-96f4-8a61bc3a94fe@group-21BA9BD4283D-FollowerState was interrupted: java.lang.InterruptedException: sleep interrupted
2019-10-17 06:48:24,006 [grpc-default-executor-3] INFO  impl.RoleInfo (RoleInfo.java:updateAndGet(143)) - 67f35358-9777-4ff9-96f4-8a61bc3a94fe: start FollowerState
2019-10-17 06:48:24,030 [7c431f9d-51bc-458b-a3a6-511ec217d887@group-21BA9BD4283D-LeaderElection430] INFO  impl.LeaderElection (LeaderElection.java:logAndReturn(56)) - 7c431f9d-51bc-458b-a3a6-511ec217d887@group-21BA9BD4283D-LeaderElection430: Election TIMEOUT; received 0 response(s) [] and 0 exception(s); 7c431f9d-51bc-458b-a3a6-511ec217d887@group-21BA9BD4283D:t386, leader=null, voted=7c431f9d-51bc-458b-a3a6-511ec217d887, raftlog=7c431f9d-51bc-458b-a3a6-511ec217d887@group-21BA9BD4283D-SegmentedRaftLog:OPENED:c-1,f-1,i0, conf=-1: [67f35358-9777-4ff9-96f4-8a61bc3a94fe:192.168.34.62:37037, 7c431f9d-51bc-458b-a3a6-511ec217d887:192.168.34.62:40420, b9cfa588-8e56-4331-be2f-4c26f25c6739:192.168.34.62:34777], old=null
2019-10-17 06:48:24,042 [7c431f9d-51bc-458b-a3a6-511ec217d887@group-21BA9BD4283D-LeaderElection430] INFO  impl.LeaderElection (LeaderElection.java:askForVotes(178)) - 7c431f9d-51bc-458b-a3a6-511ec217d887@group-21BA9BD4283D-LeaderElection430: begin an election at term 387 for -1: [67f35358-9777-4ff9-96f4-8a61bc3a94fe:192.168.34.62:37037, 7c431f9d-51bc-458b-a3a6-511ec217d887:192.168.34.62:40420, b9cfa588-8e56-4331-be2f-4c26f25c6739:192.168.34.62:34777], old=null
2019-10-17 06:48:24,043 [grpc-default-executor-3] INFO  impl.RaftServerImpl (RaftServerImpl.java:setRole(184)) - b9cfa588-8e56-4331-be2f-4c26f25c6739@group-21BA9BD4283D: changes role from  FOLLOWER to FOLLOWER at term 387 for recognizeCandidate:7c431f9d-51bc-458b-a3a6-511ec217d887
2019-10-17 06:48:24,043 [grpc-default-executor-4] INFO  impl.RaftServerImpl (RaftServerImpl.java:setRole(184)) - 67f35358-9777-4ff9-96f4-8a61bc3a94fe@group-21BA9BD4283D: changes role from  FOLLOWER to FOLLOWER at term 387 for recognizeCandidate:7c431f9d-51bc-458b-a3a6-511ec217d887
2019-10-17 06:48:24,043 [grpc-default-executor-3] INFO  impl.RoleInfo (RoleInfo.java:shutdownFollowerState(121)) - b9cfa588-8e56-4331-be2f-4c26f25c6739: shutdown FollowerState
2019-10-17 06:48:24,044 [grpc-default-executor-4] INFO  impl.RoleInfo (RoleInfo.java:shutdownFollowerState(121)) - 67f35358-9777-4ff9-96f4-8a61bc3a94fe: shutdown FollowerState
2019-10-17 06:48:24,044 [Thread-3565] INFO  impl.FollowerState (FollowerState.java:run(117)) - b9cfa588-8e56-4331-be2f-4c26f25c6739@group-21BA9BD4283D-FollowerState was interrupted: java.lang.InterruptedException: sleep interrupted
2019-10-17 06:48:24,044 [grpc-default-executor-3] INFO  impl.RoleInfo (RoleInfo.java:updateAndGet(143)) - b9cfa588-8e56-4331-be2f-4c26f25c6739: start FollowerState
2019-10-17 06:48:24,044 [Thread-3566] INFO  impl.FollowerState (FollowerState.java:run(117)) - 67f35358-9777-4ff9-96f4-8a61bc3a94fe@group-21BA9BD4283D-FollowerState was interrupted: java.lang.InterruptedException: sleep interrupted
2019-10-17 06:48:24,044 [grpc-default-executor-4] INFO  impl.RoleInfo (RoleInfo.java:updateAndGet(143)) - 67f35358-9777-4ff9-96f4-8a61bc3a94fe: start FollowerState
2019-10-17 06:48:24,069 [7c431f9d-51bc-458b-a3a6-511ec217d887@group-21BA9BD4283D-LeaderElection430] INFO  impl.LeaderElection (LeaderElection.java:logAndReturn(56)) - 7c431f9d-51bc-458b-a3a6-511ec217d887@group-21BA9BD4283D-LeaderElection430: Election REJECTED; received 2 response(s) [7c431f9d-51bc-458b-a3a6-511ec217d887<-67f35358-9777-4ff9-96f4-8a61bc3a94fe#0:FAIL-t387, 7c431f9d-51bc-458b-a3a6-511ec217d887<-b9cfa588-8e56-4331-be2f-4c26f25c6739#0:FAIL-t387] and 0 exception(s); 7c431f9d-51bc-458b-a3a6-511ec217d887@group-21BA9BD4283D:t387, leader=null, voted=7c431f9d-51bc-458b-a3a6-511ec217d887, raftlog=7c431f9d-51bc-458b-a3a6-511ec217d887@group-21BA9BD4283D-SegmentedRaftLog:OPENED:c-1,f-1,i0, conf=-1: [67f35358-9777-4ff9-96f4-8a61bc3a94fe:192.168.34.62:37037, 7c431f9d-51bc-458b-a3a6-511ec217d887:192.168.34.62:40420, b9cfa588-8e56-4331-be2f-4c26f25c6739:192.168.34.62:34777], old=null
2019-10-17 06:48:24,069 [7c431f9d-51bc-458b-a3a6-511ec217d887@group-21BA9BD4283D-LeaderElection430] INFO  impl.RaftServerImpl (RaftServerImpl.java:setRole(184)) - 7c431f9d-51bc-458b-a3a6-511ec217d887@group-21BA9BD4283D: changes role from CANDIDATE to FOLLOWER at term 387 for DISCOVERED_A_NEW_TERM
2019-10-17 06:48:24,069 [7c431f9d-51bc-458b-a3a6-511ec217d887@group-21BA9BD4283D-LeaderElection430] INFO  impl.RoleInfo (RoleInfo.java:shutdownLeaderElection(134)) - 7c431f9d-51bc-458b-a3a6-511ec217d887: shutdown LeaderElection
2019-10-17 06:48:24,070 [7c431f9d-51bc-458b-a3a6-511ec217d887@group-21BA9BD4283D-LeaderElection430] INFO  impl.RoleInfo (RoleInfo.java:updateAndGet(143)) - 7c431f9d-51bc-458b-a3a6-511ec217d887: start FollowerState
2019-10-17 06:48:24,110 [main] INFO  ozone.MiniOzoneClusterImpl (MiniOzoneClusterImpl.java:lambda$waitForClusterToBeReady$2(164)) - Waiting for 1 number of pipelines out of 4, to report a leader.
2019-10-17 06:48:24,118 [Thread-3571] INFO  impl.FollowerState (FollowerState.java:run(108)) - 7c431f9d-51bc-458b-a3a6-511ec217d887@group-21BA9BD4283D-FollowerState: change to CANDIDATE, lastRpcTime:48ms, electionTimeout:48ms
2019-10-17 06:48:24,118 [Thread-3571] INFO  impl.RoleInfo (RoleInfo.java:shutdownFollowerState(121)) - 7c431f9d-51bc-458b-a3a6-511ec217d887: shutdown FollowerState
2019-10-17 06:48:24,118 [Thread-3571] INFO  impl.RaftServerImpl (RaftServerImpl.java:setRole(184)) - 7c431f9d-51bc-458b-a3a6-511ec217d887@group-21BA9BD4283D: changes role from  FOLLOWER to CANDIDATE at term 387 for changeToCandidate
2019-10-17 06:48:24,118 [Thread-3571] INFO  impl.RoleInfo (RoleInfo.java:updateAndGet(143)) - 7c431f9d-51bc-458b-a3a6-511ec217d887: start LeaderElection
2019-10-17 06:48:24,129 [7c431f9d-51bc-458b-a3a6-511ec217d887@group-21BA9BD4283D-LeaderElection431] INFO  impl.LeaderElection (LeaderElection.java:askForVotes(178)) - 7c431f9d-51bc-458b-a3a6-511ec217d887@group-21BA9BD4283D-LeaderElection431: begin an election at term 388 for -1: [67f35358-9777-4ff9-96f4-8a61bc3a94fe:192.168.34.62:37037, 7c431f9d-51bc-458b-a3a6-511ec217d887:192.168.34.62:40420, b9cfa588-8e56-4331-be2f-4c26f25c6739:192.168.34.62:34777], old=null
2019-10-17 06:48:24,131 [grpc-default-executor-3] INFO  impl.RaftServerImpl (RaftServerImpl.java:setRole(184)) - 67f35358-9777-4ff9-96f4-8a61bc3a94fe@group-21BA9BD4283D: changes role from  FOLLOWER to FOLLOWER at term 388 for recognizeCandidate:7c431f9d-51bc-458b-a3a6-511ec217d887
2019-10-17 06:48:24,131 [grpc-default-executor-4] INFO  impl.RaftServerImpl (RaftServerImpl.java:setRole(184)) - b9cfa588-8e56-4331-be2f-4c26f25c6739@group-21BA9BD4283D: changes role from  FOLLOWER to FOLLOWER at term 388 for recognizeCandidate:7c431f9d-51bc-458b-a3a6-511ec217d887
2019-10-17 06:48:24,131 [grpc-default-executor-4] INFO  impl.RoleInfo (RoleInfo.java:shutdownFollowerState(121)) - b9cfa588-8e56-4331-be2f-4c26f25c6739: shutdown FollowerState
2019-10-17 06:48:24,131 [grpc-default-executor-3] INFO  impl.RoleInfo (RoleInfo.java:shutdownFollowerState(121)) - 67f35358-9777-4ff9-96f4-8a61bc3a94fe: shutdown FollowerState
2019-10-17 06:48:24,131 [Thread-3569] INFO  impl.FollowerState (FollowerState.java:run(117)) - b9cfa588-8e56-4331-be2f-4c26f25c6739@group-21BA9BD4283D-FollowerState was interrupted: java.lang.InterruptedException: sleep interrupted
2019-10-17 06:48:24,131 [grpc-default-executor-4] INFO  impl.RoleInfo (RoleInfo.java:updateAndGet(143)) - b9cfa588-8e56-4331-be2f-4c26f25c6739: start FollowerState
2019-10-17 06:48:24,131 [grpc-default-executor-3] INFO  impl.RoleInfo (RoleInfo.java:updateAndGet(143)) - 67f35358-9777-4ff9-96f4-8a61bc3a94fe: start FollowerState
2019-10-17 06:48:24,131 [Thread-3570] INFO  impl.FollowerState (FollowerState.java:run(117)) - 67f35358-9777-4ff9-96f4-8a61bc3a94fe@group-21BA9BD4283D-FollowerState was interrupted: java.lang.InterruptedException: sleep interrupted
2019-10-17 06:48:24,146 [7c431f9d-51bc-458b-a3a6-511ec217d887@group-21BA9BD4283D-LeaderElection431] INFO  impl.LeaderElection (LeaderElection.java:logAndReturn(56)) - 7c431f9d-51bc-458b-a3a6-511ec217d887@group-21BA9BD4283D-LeaderElection431: Election REJECTED; received 2 response(s) [7c431f9d-51bc-458b-a3a6-511ec217d887<-67f35358-9777-4ff9-96f4-8a61bc3a94fe#0:FAIL-t388, 7c431f9d-51bc-458b-a3a6-511ec217d887<-b9cfa588-8e56-4331-be2f-4c26f25c6739#0:FAIL-t388] and 0 exception(s); 7c431f9d-51bc-458b-a3a6-511ec217d887@group-21BA9BD4283D:t388, leader=null, voted=7c431f9d-51bc-458b-a3a6-511ec217d887, raftlog=7c431f9d-51bc-458b-a3a6-511ec217d887@group-21BA9BD4283D-SegmentedRaftLog:OPENED:c-1,f-1,i0, conf=-1: [67f35358-9777-4ff9-96f4-8a61bc3a94fe:192.168.34.62:37037, 7c431f9d-51bc-458b-a3a6-511ec217d887:192.168.34.62:40420, b9cfa588-8e56-4331-be2f-4c26f25c6739:192.168.34.62:34777], old=null
2019-10-17 06:48:24,146 [7c431f9d-51bc-458b-a3a6-511ec217d887@group-21BA9BD4283D-LeaderElection431] INFO  impl.RaftServerImpl (RaftServerImpl.java:setRole(184)) - 7c431f9d-51bc-458b-a3a6-511ec217d887@group-21BA9BD4283D: changes role from CANDIDATE to FOLLOWER at term 388 for DISCOVERED_A_NEW_TERM
2019-10-17 06:48:24,146 [7c431f9d-51bc-458b-a3a6-511ec217d887@group-21BA9BD4283D-LeaderElection431] INFO  impl.RoleInfo (RoleInfo.java:shutdownLeaderElection(134)) - 7c431f9d-51bc-458b-a3a6-511ec217d887: shutdown LeaderElection
2019-10-17 06:48:24,146 [7c431f9d-51bc-458b-a3a6-511ec217d887@group-21BA9BD4283D-LeaderElection431] INFO  impl.RoleInfo (RoleInfo.java:updateAndGet(143)) - 7c431f9d-51bc-458b-a3a6-511ec217d887: start FollowerState
2019-10-17 06:48:24,223 [Thread-3577] INFO  impl.FollowerState (FollowerState.java:run(108)) - 7c431f9d-51bc-458b-a3a6-511ec217d887@group-21BA9BD4283D-FollowerState: change to CANDIDATE, lastRpcTime:76ms, electionTimeout:76ms
2019-10-17 06:48:24,223 [Thread-3577] INFO  impl.RoleInfo (RoleInfo.java:shutdownFollowerState(121)) - 7c431f9d-51bc-458b-a3a6-511ec217d887: shutdown FollowerState
2019-10-17 06:48:24,223 [Thread-3577] INFO  impl.RaftServerImpl (RaftServerImpl.java:setRole(184)) - 7c431f9d-51bc-458b-a3a6-511ec217d887@group-21BA9BD4283D: changes role from  FOLLOWER to CANDIDATE at term 388 for changeToCandidate
2019-10-17 06:48:24,223 [Thread-3577] INFO  impl.RoleInfo (RoleInfo.java:updateAndGet(143)) - 7c431f9d-51bc-458b-a3a6-511ec217d887: start LeaderElection
2019-10-17 06:48:24,245 [7c431f9d-51bc-458b-a3a6-511ec217d887@group-21BA9BD4283D-LeaderElection432] INFO  impl.LeaderElection (LeaderElection.java:askForVotes(178)) - 7c431f9d-51bc-458b-a3a6-511ec217d887@group-21BA9BD4283D-LeaderElection432: begin an election at term 389 for -1: [67f35358-9777-4ff9-96f4-8a61bc3a94fe:192.168.34.62:37037, 7c431f9d-51bc-458b-a3a6-511ec217d887:192.168.34.62:40420, b9cfa588-8e56-4331-be2f-4c26f25c6739:192.168.34.62:34777], old=null
2019-10-17 06:48:24,246 [grpc-default-executor-3] INFO  impl.RaftServerImpl (RaftServerImpl.java:setRole(184)) - 67f35358-9777-4ff9-96f4-8a61bc3a94fe@group-21BA9BD4283D: changes role from  FOLLOWER to FOLLOWER at term 389 for recognizeCandidate:7c431f9d-51bc-458b-a3a6-511ec217d887
2019-10-17 06:48:24,246 [grpc-default-executor-4] INFO  impl.RaftServerImpl (RaftServerImpl.java:setRole(184)) - b9cfa588-8e56-4331-be2f-4c26f25c6739@group-21BA9BD4283D: changes role from  FOLLOWER to FOLLOWER at term 389 for recognizeCandidate:7c431f9d-51bc-458b-a3a6-511ec217d887
2019-10-17 06:48:24,246 [grpc-default-executor-4] INFO  impl.RoleInfo (RoleInfo.java:shutdownFollowerState(121)) - b9cfa588-8e56-4331-be2f-4c26f25c6739: shutdown FollowerState
2019-10-17 06:48:24,246 [grpc-default-executor-3] INFO  impl.RoleInfo (RoleInfo.java:shutdownFollowerState(121)) - 67f35358-9777-4ff9-96f4-8a61bc3a94fe: shutdown FollowerState
2019-10-17 06:48:24,247 [Thread-3575] INFO  impl.FollowerState (FollowerState.java:run(117)) - b9cfa588-8e56-4331-be2f-4c26f25c6739@group-21BA9BD4283D-FollowerState was interrupted: java.lang.InterruptedException: sleep interrupted
2019-10-17 06:48:24,247 [grpc-default-executor-4] INFO  impl.RoleInfo (RoleInfo.java:updateAndGet(143)) - b9cfa588-8e56-4331-be2f-4c26f25c6739: start FollowerState
2019-10-17 06:48:24,247 [Thread-3576] INFO  impl.FollowerState (FollowerState.java:run(117)) - 67f35358-9777-4ff9-96f4-8a61bc3a94fe@group-21BA9BD4283D-FollowerState was interrupted: java.lang.InterruptedException: sleep interrupted
2019-10-17 06:48:24,247 [grpc-default-executor-3] INFO  impl.RoleInfo (RoleInfo.java:updateAndGet(143)) - 67f35358-9777-4ff9-96f4-8a61bc3a94fe: start FollowerState
2019-10-17 06:48:24,260 [7c431f9d-51bc-458b-a3a6-511ec217d887@group-21BA9BD4283D-LeaderElection432] INFO  impl.LeaderElection (LeaderElection.java:logAndReturn(56)) - 7c431f9d-51bc-458b-a3a6-511ec217d887@group-21BA9BD4283D-LeaderElection432: Election REJECTED; received 2 response(s) [7c431f9d-51bc-458b-a3a6-511ec217d887<-67f35358-9777-4ff9-96f4-8a61bc3a94fe#0:FAIL-t389, 7c431f9d-51bc-458b-a3a6-511ec217d887<-b9cfa588-8e56-4331-be2f-4c26f25c6739#0:FAIL-t389] and 0 exception(s); 7c431f9d-51bc-458b-a3a6-511ec217d887@group-21BA9BD4283D:t389, leader=null, voted=7c431f9d-51bc-458b-a3a6-511ec217d887, raftlog=7c431f9d-51bc-458b-a3a6-511ec217d887@group-21BA9BD4283D-SegmentedRaftLog:OPENED:c-1,f-1,i0, conf=-1: [67f35358-9777-4ff9-96f4-8a61bc3a94fe:192.168.34.62:37037, 7c431f9d-51bc-458b-a3a6-511ec217d887:192.168.34.62:40420, b9cfa588-8e56-4331-be2f-4c26f25c6739:192.168.34.62:34777], old=null
2019-10-17 06:48:24,260 [7c431f9d-51bc-458b-a3a6-511ec217d887@group-21BA9BD4283D-LeaderElection432] INFO  impl.RaftServerImpl (RaftServerImpl.java:setRole(184)) - 7c431f9d-51bc-458b-a3a6-511ec217d887@group-21BA9BD4283D: changes role from CANDIDATE to FOLLOWER at term 389 for DISCOVERED_A_NEW_TERM
2019-10-17 06:48:24,260 [7c431f9d-51bc-458b-a3a6-511ec217d887@group-21BA9BD4283D-LeaderElection432] INFO  impl.RoleInfo (RoleInfo.java:shutdownLeaderElection(134)) - 7c431f9d-51bc-458b-a3a6-511ec217d887: shutdown LeaderElection
2019-10-17 06:48:24,260 [7c431f9d-51bc-458b-a3a6-511ec217d887@group-21BA9BD4283D-LeaderElection432] INFO  impl.RoleInfo (RoleInfo.java:updateAndGet(143)) - 7c431f9d-51bc-458b-a3a6-511ec217d887: start FollowerState
2019-10-17 06:48:24,363 [Thread-3583] INFO  impl.FollowerState (FollowerState.java:run(108)) - 7c431f9d-51bc-458b-a3a6-511ec217d887@group-21BA9BD4283D-FollowerState: change to CANDIDATE, lastRpcTime:103ms, electionTimeout:103ms
2019-10-17 06:48:24,363 [Thread-3583] INFO  impl.RoleInfo (RoleInfo.java:shutdownFollowerState(121)) - 7c431f9d-51bc-458b-a3a6-511ec217d887: shutdown FollowerState
2019-10-17 06:48:24,364 [Thread-3583] INFO  impl.RaftServerImpl (RaftServerImpl.java:setRole(184)) - 7c431f9d-51bc-458b-a3a6-511ec217d887@group-21BA9BD4283D: changes role from  FOLLOWER to CANDIDATE at term 389 for changeToCandidate
2019-10-17 06:48:24,364 [Thread-3583] INFO  impl.RoleInfo (RoleInfo.java:updateAndGet(143)) - 7c431f9d-51bc-458b-a3a6-511ec217d887: start LeaderElection
2019-10-17 06:48:24,404 [7c431f9d-51bc-458b-a3a6-511ec217d887@group-21BA9BD4283D-LeaderElection433] INFO  impl.LeaderElection (LeaderElection.java:askForVotes(178)) - 7c431f9d-51bc-458b-a3a6-511ec217d887@group-21BA9BD4283D-LeaderElection433: begin an election at term 390 for -1: [67f35358-9777-4ff9-96f4-8a61bc3a94fe:192.168.34.62:37037, 7c431f9d-51bc-458b-a3a6-511ec217d887:192.168.34.62:40420, b9cfa588-8e56-4331-be2f-4c26f25c6739:192.168.34.62:34777], old=null
2019-10-17 06:48:24,406 [grpc-default-executor-4] INFO  impl.RaftServerImpl (RaftServerImpl.java:setRole(184)) - b9cfa588-8e56-4331-be2f-4c26f25c6739@group-21BA9BD4283D: changes role from  FOLLOWER to FOLLOWER at term 390 for recognizeCandidate:7c431f9d-51bc-458b-a3a6-511ec217d887
2019-10-17 06:48:24,407 [grpc-default-executor-4] INFO  impl.RoleInfo (RoleInfo.java:shutdownFollowerState(121)) - b9cfa588-8e56-4331-be2f-4c26f25c6739: shutdown FollowerState
2019-10-17 06:48:24,407 [grpc-default-executor-4] INFO  impl.RoleInfo (RoleInfo.java:updateAndGet(143)) - b9cfa588-8e56-4331-be2f-4c26f25c6739: start FollowerState
2019-10-17 06:48:24,407 [Thread-3581] INFO  impl.FollowerState (FollowerState.java:run(117)) - b9cfa588-8e56-4331-be2f-4c26f25c6739@group-21BA9BD4283D-FollowerState was interrupted: java.lang.InterruptedException: sleep interrupted
2019-10-17 06:48:24,407 [grpc-default-executor-3] INFO  impl.RaftServerImpl (RaftServerImpl.java:setRole(184)) - 67f35358-9777-4ff9-96f4-8a61bc3a94fe@group-21BA9BD4283D: changes role from  FOLLOWER to FOLLOWER at term 390 for recognizeCandidate:7c431f9d-51bc-458b-a3a6-511ec217d887
2019-10-17 06:48:24,407 [grpc-default-executor-3] INFO  impl.RoleInfo (RoleInfo.java:shutdownFollowerState(121)) - 67f35358-9777-4ff9-96f4-8a61bc3a94fe: shutdown FollowerState
2019-10-17 06:48:24,407 [grpc-default-executor-3] INFO  impl.RoleInfo (RoleInfo.java:updateAndGet(143)) - 67f35358-9777-4ff9-96f4-8a61bc3a94fe: start FollowerState
2019-10-17 06:48:24,408 [Thread-3582] INFO  impl.FollowerState (FollowerState.java:run(117)) - 67f35358-9777-4ff9-96f4-8a61bc3a94fe@group-21BA9BD4283D-FollowerState was interrupted: java.lang.InterruptedException: sleep interrupted
2019-10-17 06:48:24,421 [7c431f9d-51bc-458b-a3a6-511ec217d887@group-21BA9BD4283D-LeaderElection433] INFO  impl.LeaderElection (LeaderElection.java:logAndReturn(56)) - 7c431f9d-51bc-458b-a3a6-511ec217d887@group-21BA9BD4283D-LeaderElection433: Election REJECTED; received 2 response(s) [7c431f9d-51bc-458b-a3a6-511ec217d887<-67f35358-9777-4ff9-96f4-8a61bc3a94fe#0:FAIL-t390, 7c431f9d-51bc-458b-a3a6-511ec217d887<-b9cfa588-8e56-4331-be2f-4c26f25c6739#0:FAIL-t390] and 0 exception(s); 7c431f9d-51bc-458b-a3a6-511ec217d887@group-21BA9BD4283D:t390, leader=null, voted=7c431f9d-51bc-458b-a3a6-511ec217d887, raftlog=7c431f9d-51bc-458b-a3a6-511ec217d887@group-21BA9BD4283D-SegmentedRaftLog:OPENED:c-1,f-1,i0, conf=-1: [67f35358-9777-4ff9-96f4-8a61bc3a94fe:192.168.34.62:37037, 7c431f9d-51bc-458b-a3a6-511ec217d887:192.168.34.62:40420, b9cfa588-8e56-4331-be2f-4c26f25c6739:192.168.34.62:34777], old=null
2019-10-17 06:48:24,421 [7c431f9d-51bc-458b-a3a6-511ec217d887@group-21BA9BD4283D-LeaderElection433] INFO  impl.RaftServerImpl (RaftServerImpl.java:setRole(184)) - 7c431f9d-51bc-458b-a3a6-511ec217d887@group-21BA9BD4283D: changes role from CANDIDATE to FOLLOWER at term 390 for DISCOVERED_A_NEW_TERM
2019-10-17 06:48:24,421 [7c431f9d-51bc-458b-a3a6-511ec217d887@group-21BA9BD4283D-LeaderElection433] INFO  impl.RoleInfo (RoleInfo.java:shutdownLeaderElection(134)) - 7c431f9d-51bc-458b-a3a6-511ec217d887: shutdown LeaderElection
2019-10-17 06:48:24,421 [7c431f9d-51bc-458b-a3a6-511ec217d887@group-21BA9BD4283D-LeaderElection433] INFO  impl.RoleInfo (RoleInfo.java:updateAndGet(143)) - 7c431f9d-51bc-458b-a3a6-511ec217d887: start FollowerState
2019-10-17 06:48:24,594 [Thread-3589] INFO  impl.FollowerState (FollowerState.java:run(108)) - 7c431f9d-51bc-458b-a3a6-511ec217d887@group-21BA9BD4283D-FollowerState: change to CANDIDATE, lastRpcTime:173ms, electionTimeout:173ms
2019-10-17 06:48:24,595 [Thread-3589] INFO  impl.RoleInfo (RoleInfo.java:shutdownFollowerState(121)) - 7c431f9d-51bc-458b-a3a6-511ec217d887: shutdown FollowerState
2019-10-17 06:48:24,595 [Thread-3589] INFO  impl.RaftServerImpl (RaftServerImpl.java:setRole(184)) - 7c431f9d-51bc-458b-a3a6-511ec217d887@group-21BA9BD4283D: changes role from  FOLLOWER to CANDIDATE at term 390 for changeToCandidate
2019-10-17 06:48:24,595 [Thread-3589] INFO  impl.RoleInfo (RoleInfo.java:updateAndGet(143)) - 7c431f9d-51bc-458b-a3a6-511ec217d887: start LeaderElection
2019-10-17 06:48:24,609 [7c431f9d-51bc-458b-a3a6-511ec217d887@group-21BA9BD4283D-LeaderElection434] INFO  impl.LeaderElection (LeaderElection.java:askForVotes(178)) - 7c431f9d-51bc-458b-a3a6-511ec217d887@group-21BA9BD4283D-LeaderElection434: begin an election at term 391 for -1: [67f35358-9777-4ff9-96f4-8a61bc3a94fe:192.168.34.62:37037, 7c431f9d-51bc-458b-a3a6-511ec217d887:192.168.34.62:40420, b9cfa588-8e56-4331-be2f-4c26f25c6739:192.168.34.62:34777], old=null
2019-10-17 06:48:24,611 [grpc-default-executor-3] INFO  impl.RaftServerImpl (RaftServerImpl.java:setRole(184)) - 67f35358-9777-4ff9-96f4-8a61bc3a94fe@group-21BA9BD4283D: changes role from  FOLLOWER to FOLLOWER at term 391 for recognizeCandidate:7c431f9d-51bc-458b-a3a6-511ec217d887
2019-10-17 06:48:24,611 [grpc-default-executor-3] INFO  impl.RoleInfo (RoleInfo.java:shutdownFollowerState(121)) - 67f35358-9777-4ff9-96f4-8a61bc3a94fe: shutdown FollowerState
2019-10-17 06:48:24,611 [grpc-default-executor-3] INFO  impl.RoleInfo (RoleInfo.java:updateAndGet(143)) - 67f35358-9777-4ff9-96f4-8a61bc3a94fe: start FollowerState
2019-10-17 06:48:24,611 [grpc-default-executor-4] INFO  impl.RaftServerImpl (RaftServerImpl.java:setRole(184)) - b9cfa588-8e56-4331-be2f-4c26f25c6739@group-21BA9BD4283D: changes role from  FOLLOWER to FOLLOWER at term 391 for recognizeCandidate:7c431f9d-51bc-458b-a3a6-511ec217d887
2019-10-17 06:48:24,611 [grpc-default-executor-4] INFO  impl.RoleInfo (RoleInfo.java:shutdownFollowerState(121)) - b9cfa588-8e56-4331-be2f-4c26f25c6739: shutdown FollowerState
2019-10-17 06:48:24,611 [Thread-3588] INFO  impl.FollowerState (FollowerState.java:run(117)) - 67f35358-9777-4ff9-96f4-8a61bc3a94fe@group-21BA9BD4283D-FollowerState was interrupted: java.lang.InterruptedException: sleep interrupted
2019-10-17 06:48:24,611 [Thread-3587] INFO  impl.FollowerState (FollowerState.java:run(117)) - b9cfa588-8e56-4331-be2f-4c26f25c6739@group-21BA9BD4283D-FollowerState was interrupted: java.lang.InterruptedException: sleep interrupted
2019-10-17 06:48:24,611 [grpc-default-executor-4] INFO  impl.RoleInfo (RoleInfo.java:updateAndGet(143)) - b9cfa588-8e56-4331-be2f-4c26f25c6739: start FollowerState
2019-10-17 06:48:24,629 [7c431f9d-51bc-458b-a3a6-511ec217d887@group-21BA9BD4283D-LeaderElection434] INFO  impl.LeaderElection (LeaderElection.java:logAndReturn(56)) - 7c431f9d-51bc-458b-a3a6-511ec217d887@group-21BA9BD4283D-LeaderElection434: Election REJECTED; received 2 response(s) [7c431f9d-51bc-458b-a3a6-511ec217d887<-67f35358-9777-4ff9-96f4-8a61bc3a94fe#0:FAIL-t391, 7c431f9d-51bc-458b-a3a6-511ec217d887<-b9cfa588-8e56-4331-be2f-4c26f25c6739#0:FAIL-t391] and 0 exception(s); 7c431f9d-51bc-458b-a3a6-511ec217d887@group-21BA9BD4283D:t391, leader=null, voted=7c431f9d-51bc-458b-a3a6-511ec217d887, raftlog=7c431f9d-51bc-458b-a3a6-511ec217d887@group-21BA9BD4283D-SegmentedRaftLog:OPENED:c-1,f-1,i0, conf=-1: [67f35358-9777-4ff9-96f4-8a61bc3a94fe:192.168.34.62:37037, 7c431f9d-51bc-458b-a3a6-511ec217d887:192.168.34.62:40420, b9cfa588-8e56-4331-be2f-4c26f25c6739:192.168.34.62:34777], old=null
2019-10-17 06:48:24,629 [7c431f9d-51bc-458b-a3a6-511ec217d887@group-21BA9BD4283D-LeaderElection434] INFO  impl.RaftServerImpl (RaftServerImpl.java:setRole(184)) - 7c431f9d-51bc-458b-a3a6-511ec217d887@group-21BA9BD4283D: changes role from CANDIDATE to FOLLOWER at term 391 for DISCOVERED_A_NEW_TERM
2019-10-17 06:48:24,629 [7c431f9d-51bc-458b-a3a6-511ec217d887@group-21BA9BD4283D-LeaderElection434] INFO  impl.RoleInfo (RoleInfo.java:shutdownLeaderElection(134)) - 7c431f9d-51bc-458b-a3a6-511ec217d887: shutdown LeaderElection
2019-10-17 06:48:24,629 [7c431f9d-51bc-458b-a3a6-511ec217d887@group-21BA9BD4283D-LeaderElection434] INFO  impl.RoleInfo (RoleInfo.java:updateAndGet(143)) - 7c431f9d-51bc-458b-a3a6-511ec217d887: start FollowerState
2019-10-17 06:48:24,775 [Thread-3595] INFO  impl.FollowerState (FollowerState.java:run(108)) - 7c431f9d-51bc-458b-a3a6-511ec217d887@group-21BA9BD4283D-FollowerState: change to CANDIDATE, lastRpcTime:145ms, electionTimeout:145ms
2019-10-17 06:48:24,775 [Thread-3595] INFO  impl.RoleInfo (RoleInfo.java:shutdownFollowerState(121)) - 7c431f9d-51bc-458b-a3a6-511ec217d887: shutdown FollowerState
2019-10-17 06:48:24,775 [Thread-3595] INFO  impl.RaftServerImpl (RaftServerImpl.java:setRole(184)) - 7c431f9d-51bc-458b-a3a6-511ec217d887@group-21BA9BD4283D: changes role from  FOLLOWER to CANDIDATE at term 391 for changeToCandidate
2019-10-17 06:48:24,775 [Thread-3595] INFO  impl.RoleInfo (RoleInfo.java:updateAndGet(143)) - 7c431f9d-51bc-458b-a3a6-511ec217d887: start LeaderElection
2019-10-17 06:48:24,789 [7c431f9d-51bc-458b-a3a6-511ec217d887@group-21BA9BD4283D-LeaderElection435] INFO  impl.LeaderElection (LeaderElection.java:askForVotes(178)) - 7c431f9d-51bc-458b-a3a6-511ec217d887@group-21BA9BD4283D-LeaderElection435: begin an election at term 392 for -1: [67f35358-9777-4ff9-96f4-8a61bc3a94fe:192.168.34.62:37037, 7c431f9d-51bc-458b-a3a6-511ec217d887:192.168.34.62:40420, b9cfa588-8e56-4331-be2f-4c26f25c6739:192.168.34.62:34777], old=null
2019-10-17 06:48:24,791 [grpc-default-executor-3] INFO  impl.RaftServerImpl (RaftServerImpl.java:setRole(184)) - b9cfa588-8e56-4331-be2f-4c26f25c6739@group-21BA9BD4283D: changes role from  FOLLOWER to FOLLOWER at term 392 for recognizeCandidate:7c431f9d-51bc-458b-a3a6-511ec217d887
2019-10-17 06:48:24,791 [grpc-default-executor-4] INFO  impl.RaftServerImpl (RaftServerImpl.java:setRole(184)) - 67f35358-9777-4ff9-96f4-8a61bc3a94fe@group-21BA9BD4283D: changes role from  FOLLOWER to FOLLOWER at term 392 for recognizeCandidate:7c431f9d-51bc-458b-a3a6-511ec217d887
2019-10-17 06:48:24,791 [grpc-default-executor-3] INFO  impl.RoleInfo (RoleInfo.java:shutdownFollowerState(121)) - b9cfa588-8e56-4331-be2f-4c26f25c6739: shutdown FollowerState
2019-10-17 06:48:24,791 [grpc-default-executor-4] INFO  impl.RoleInfo (RoleInfo.java:shutdownFollowerState(121)) - 67f35358-9777-4ff9-96f4-8a61bc3a94fe: shutdown FollowerState
2019-10-17 06:48:24,791 [Thread-3594] INFO  impl.FollowerState (FollowerState.java:run(117)) - b9cfa588-8e56-4331-be2f-4c26f25c6739@group-21BA9BD4283D-FollowerState was interrupted: java.lang.InterruptedException: sleep interrupted
2019-10-17 06:48:24,791 [grpc-default-executor-3] INFO  impl.RoleInfo (RoleInfo.java:updateAndGet(143)) - b9cfa588-8e56-4331-be2f-4c26f25c6739: start FollowerState
2019-10-17 06:48:24,791 [Thread-3593] INFO  impl.FollowerState (FollowerState.java:run(117)) - 67f35358-9777-4ff9-96f4-8a61bc3a94fe@group-21BA9BD4283D-FollowerState was interrupted: java.lang.InterruptedException: sleep interrupted
2019-10-17 06:48:24,791 [grpc-default-executor-4] INFO  impl.RoleInfo (RoleInfo.java:updateAndGet(143)) - 67f35358-9777-4ff9-96f4-8a61bc3a94fe: start FollowerState
2019-10-17 06:48:24,805 [7c431f9d-51bc-458b-a3a6-511ec217d887@group-21BA9BD4283D-LeaderElection435] INFO  impl.LeaderElection (LeaderElection.java:logAndReturn(56)) - 7c431f9d-51bc-458b-a3a6-511ec217d887@group-21BA9BD4283D-LeaderElection435: Election REJECTED; received 2 response(s) [7c431f9d-51bc-458b-a3a6-511ec217d887<-67f35358-9777-4ff9-96f4-8a61bc3a94fe#0:FAIL-t392, 7c431f9d-51bc-458b-a3a6-511ec217d887<-b9cfa588-8e56-4331-be2f-4c26f25c6739#0:FAIL-t392] and 0 exception(s); 7c431f9d-51bc-458b-a3a6-511ec217d887@group-21BA9BD4283D:t392, leader=null, voted=7c431f9d-51bc-458b-a3a6-511ec217d887, raftlog=7c431f9d-51bc-458b-a3a6-511ec217d887@group-21BA9BD4283D-SegmentedRaftLog:OPENED:c-1,f-1,i0, conf=-1: [67f35358-9777-4ff9-96f4-8a61bc3a94fe:192.168.34.62:37037, 7c431f9d-51bc-458b-a3a6-511ec217d887:192.168.34.62:40420, b9cfa588-8e56-4331-be2f-4c26f25c6739:192.168.34.62:34777], old=null
2019-10-17 06:48:24,805 [7c431f9d-51bc-458b-a3a6-511ec217d887@group-21BA9BD4283D-LeaderElection435] INFO  impl.RaftServerImpl (RaftServerImpl.java:setRole(184)) - 7c431f9d-51bc-458b-a3a6-511ec217d887@group-21BA9BD4283D: changes role from CANDIDATE to FOLLOWER at term 392 for DISCOVERED_A_NEW_TERM
2019-10-17 06:48:24,805 [7c431f9d-51bc-458b-a3a6-511ec217d887@group-21BA9BD4283D-LeaderElection435] INFO  impl.RoleInfo (RoleInfo.java:shutdownLeaderElection(134)) - 7c431f9d-51bc-458b-a3a6-511ec217d887: shutdown LeaderElection
2019-10-17 06:48:24,805 [7c431f9d-51bc-458b-a3a6-511ec217d887@group-21BA9BD4283D-LeaderElection435] INFO  impl.RoleInfo (RoleInfo.java:updateAndGet(143)) - 7c431f9d-51bc-458b-a3a6-511ec217d887: start FollowerState
2019-10-17 06:48:24,953 [Thread-3601] INFO  impl.FollowerState (FollowerState.java:run(108)) - 7c431f9d-51bc-458b-a3a6-511ec217d887@group-21BA9BD4283D-FollowerState: change to CANDIDATE, lastRpcTime:147ms, electionTimeout:147ms
2019-10-17 06:48:24,953 [Thread-3601] INFO  impl.RoleInfo (RoleInfo.java:shutdownFollowerState(121)) - 7c431f9d-51bc-458b-a3a6-511ec217d887: shutdown FollowerState
2019-10-17 06:48:24,953 [Thread-3601] INFO  impl.RaftServerImpl (RaftServerImpl.java:setRole(184)) - 7c431f9d-51bc-458b-a3a6-511ec217d887@group-21BA9BD4283D: changes role from  FOLLOWER to CANDIDATE at term 392 for changeToCandidate
2019-10-17 06:48:24,953 [Thread-3601] INFO  impl.RoleInfo (RoleInfo.java:updateAndGet(143)) - 7c431f9d-51bc-458b-a3a6-511ec217d887: start LeaderElection
2019-10-17 06:48:24,966 [7c431f9d-51bc-458b-a3a6-511ec217d887@group-21BA9BD4283D-LeaderElection436] INFO  impl.LeaderElection (LeaderElection.java:askForVotes(178)) - 7c431f9d-51bc-458b-a3a6-511ec217d887@group-21BA9BD4283D-LeaderElection436: begin an election at term 393 for -1: [67f35358-9777-4ff9-96f4-8a61bc3a94fe:192.168.34.62:37037, 7c431f9d-51bc-458b-a3a6-511ec217d887:192.168.34.62:40420, b9cfa588-8e56-4331-be2f-4c26f25c6739:192.168.34.62:34777], old=null
2019-10-17 06:48:24,966 [7c431f9d-51bc-458b-a3a6-511ec217d887@group-21BA9BD4283D-LeaderElection436] INFO  impl.LeaderElection (LeaderElection.java:logAndReturn(56)) - 7c431f9d-51bc-458b-a3a6-511ec217d887@group-21BA9BD4283D-LeaderElection436: Election TIMEOUT; received 0 response(s) [] and 0 exception(s); 7c431f9d-51bc-458b-a3a6-511ec217d887@group-21BA9BD4283D:t393, leader=null, voted=7c431f9d-51bc-458b-a3a6-511ec217d887, raftlog=7c431f9d-51bc-458b-a3a6-511ec217d887@group-21BA9BD4283D-SegmentedRaftLog:OPENED:c-1,f-1,i0, conf=-1: [67f35358-9777-4ff9-96f4-8a61bc3a94fe:192.168.34.62:37037, 7c431f9d-51bc-458b-a3a6-511ec217d887:192.168.34.62:40420, b9cfa588-8e56-4331-be2f-4c26f25c6739:192.168.34.62:34777], old=null
2019-10-17 06:48:24,967 [grpc-default-executor-3] INFO  impl.RaftServerImpl (RaftServerImpl.java:setRole(184)) - 67f35358-9777-4ff9-96f4-8a61bc3a94fe@group-21BA9BD4283D: changes role from  FOLLOWER to FOLLOWER at term 393 for recognizeCandidate:7c431f9d-51bc-458b-a3a6-511ec217d887
2019-10-17 06:48:24,967 [grpc-default-executor-4] INFO  impl.RaftServerImpl (RaftServerImpl.java:setRole(184)) - b9cfa588-8e56-4331-be2f-4c26f25c6739@group-21BA9BD4283D: changes role from  FOLLOWER to FOLLOWER at term 393 for recognizeCandidate:7c431f9d-51bc-458b-a3a6-511ec217d887
2019-10-17 06:48:24,967 [grpc-default-executor-3] INFO  impl.RoleInfo (RoleInfo.java:shutdownFollowerState(121)) - 67f35358-9777-4ff9-96f4-8a61bc3a94fe: shutdown FollowerState
2019-10-17 06:48:24,967 [grpc-default-executor-4] INFO  impl.RoleInfo (RoleInfo.java:shutdownFollowerState(121)) - b9cfa588-8e56-4331-be2f-4c26f25c6739: shutdown FollowerState
2019-10-17 06:48:24,967 [Thread-3600] INFO  impl.FollowerState (FollowerState.java:run(117)) - 67f35358-9777-4ff9-96f4-8a61bc3a94fe@group-21BA9BD4283D-FollowerState was interrupted: java.lang.InterruptedException: sleep interrupted
2019-10-17 06:48:24,968 [Thread-3599] INFO  impl.FollowerState (FollowerState.java:run(117)) - b9cfa588-8e56-4331-be2f-4c26f25c6739@group-21BA9BD4283D-FollowerState was interrupted: java.lang.InterruptedException: sleep interrupted
2019-10-17 06:48:24,967 [grpc-default-executor-3] INFO  impl.RoleInfo (RoleInfo.java:updateAndGet(143)) - 67f35358-9777-4ff9-96f4-8a61bc3a94fe: start FollowerState
2019-10-17 06:48:24,968 [grpc-default-executor-4] INFO  impl.RoleInfo (RoleInfo.java:updateAndGet(143)) - b9cfa588-8e56-4331-be2f-4c26f25c6739: start FollowerState
2019-10-17 06:48:24,980 [7c431f9d-51bc-458b-a3a6-511ec217d887@group-21BA9BD4283D-LeaderElection436] INFO  impl.LeaderElection (LeaderElection.java:askForVotes(178)) - 7c431f9d-51bc-458b-a3a6-511ec217d887@group-21BA9BD4283D-LeaderElection436: begin an election at term 394 for -1: [67f35358-9777-4ff9-96f4-8a61bc3a94fe:192.168.34.62:37037, 7c431f9d-51bc-458b-a3a6-511ec217d887:192.168.34.62:40420, b9cfa588-8e56-4331-be2f-4c26f25c6739:192.168.34.62:34777], old=null
2019-10-17 06:48:25,001 [grpc-default-executor-2] INFO  impl.RaftServerImpl (RaftServerImpl.java:setRole(184)) - b9cfa588-8e56-4331-be2f-4c26f25c6739@group-21BA9BD4283D: changes role from  FOLLOWER to FOLLOWER at term 394 for recognizeCandidate:7c431f9d-51bc-458b-a3a6-511ec217d887
2019-10-17 06:48:25,001 [grpc-default-executor-2] INFO  impl.RoleInfo (RoleInfo.java:shutdownFollowerState(121)) - b9cfa588-8e56-4331-be2f-4c26f25c6739: shutdown FollowerState
2019-10-17 06:48:25,001 [grpc-default-executor-1] INFO  impl.RaftServerImpl (RaftServerImpl.java:setRole(184)) - 67f35358-9777-4ff9-96f4-8a61bc3a94fe@group-21BA9BD4283D: changes role from  FOLLOWER to FOLLOWER at term 394 for recognizeCandidate:7c431f9d-51bc-458b-a3a6-511ec217d887
2019-10-17 06:48:25,001 [grpc-default-executor-1] INFO  impl.RoleInfo (RoleInfo.java:shutdownFollowerState(121)) - 67f35358-9777-4ff9-96f4-8a61bc3a94fe: shutdown FollowerState
2019-10-17 06:48:25,001 [Thread-3606] INFO  impl.FollowerState (FollowerState.java:run(117)) - b9cfa588-8e56-4331-be2f-4c26f25c6739@group-21BA9BD4283D-FollowerState was interrupted: java.lang.InterruptedException: sleep interrupted
2019-10-17 06:48:25,001 [grpc-default-executor-2] INFO  impl.RoleInfo (RoleInfo.java:updateAndGet(143)) - b9cfa588-8e56-4331-be2f-4c26f25c6739: start FollowerState
2019-10-17 06:48:25,001 [Thread-3605] INFO  impl.FollowerState (FollowerState.java:run(117)) - 67f35358-9777-4ff9-96f4-8a61bc3a94fe@group-21BA9BD4283D-FollowerState was interrupted: java.lang.InterruptedException: sleep interrupted
2019-10-17 06:48:25,001 [grpc-default-executor-1] INFO  impl.RoleInfo (RoleInfo.java:updateAndGet(143)) - 67f35358-9777-4ff9-96f4-8a61bc3a94fe: start FollowerState
2019-10-17 06:48:25,015 [7c431f9d-51bc-458b-a3a6-511ec217d887@group-21BA9BD4283D-LeaderElection436] INFO  impl.LeaderElection (LeaderElection.java:logAndReturn(56)) - 7c431f9d-51bc-458b-a3a6-511ec217d887@group-21BA9BD4283D-LeaderElection436: Election REJECTED; received 2 response(s) [7c431f9d-51bc-458b-a3a6-511ec217d887<-67f35358-9777-4ff9-96f4-8a61bc3a94fe#0:FAIL-t394, 7c431f9d-51bc-458b-a3a6-511ec217d887<-b9cfa588-8e56-4331-be2f-4c26f25c6739#0:FAIL-t394] and 0 exception(s); 7c431f9d-51bc-458b-a3a6-511ec217d887@group-21BA9BD4283D:t394, leader=null, voted=7c431f9d-51bc-458b-a3a6-511ec217d887, raftlog=7c431f9d-51bc-458b-a3a6-511ec217d887@group-21BA9BD4283D-SegmentedRaftLog:OPENED:c-1,f-1,i0, conf=-1: [67f35358-9777-4ff9-96f4-8a61bc3a94fe:192.168.34.62:37037, 7c431f9d-51bc-458b-a3a6-511ec217d887:192.168.34.62:40420, b9cfa588-8e56-4331-be2f-4c26f25c6739:192.168.34.62:34777], old=null
2019-10-17 06:48:25,015 [7c431f9d-51bc-458b-a3a6-511ec217d887@group-21BA9BD4283D-LeaderElection436] INFO  impl.RaftServerImpl (RaftServerImpl.java:setRole(184)) - 7c431f9d-51bc-458b-a3a6-511ec217d887@group-21BA9BD4283D: changes role from CANDIDATE to FOLLOWER at term 394 for DISCOVERED_A_NEW_TERM
2019-10-17 06:48:25,015 [7c431f9d-51bc-458b-a3a6-511ec217d887@group-21BA9BD4283D-LeaderElection436] INFO  impl.RoleInfo (RoleInfo.java:shutdownLeaderElection(134)) - 7c431f9d-51bc-458b-a3a6-511ec217d887: shutdown LeaderElection
2019-10-17 06:48:25,016 [7c431f9d-51bc-458b-a3a6-511ec217d887@group-21BA9BD4283D-LeaderElection436] INFO  impl.RoleInfo (RoleInfo.java:updateAndGet(143)) - 7c431f9d-51bc-458b-a3a6-511ec217d887: start FollowerState
2019-10-17 06:48:25,110 [main] INFO  ozone.MiniOzoneClusterImpl (MiniOzoneClusterImpl.java:lambda$waitForClusterToBeReady$2(164)) - Waiting for 1 number of pipelines out of 4, to report a leader.
2019-10-17 06:48:25,116 [Thread-3611] INFO  impl.FollowerState (FollowerState.java:run(108)) - 7c431f9d-51bc-458b-a3a6-511ec217d887@group-21BA9BD4283D-FollowerState: change to CANDIDATE, lastRpcTime:100ms, electionTimeout:100ms
2019-10-17 06:48:25,116 [Thread-3611] INFO  impl.RoleInfo (RoleInfo.java:shutdownFollowerState(121)) - 7c431f9d-51bc-458b-a3a6-511ec217d887: shutdown FollowerState
2019-10-17 06:48:25,116 [Thread-3611] INFO  impl.RaftServerImpl (RaftServerImpl.java:setRole(184)) - 7c431f9d-51bc-458b-a3a6-511ec217d887@group-21BA9BD4283D: changes role from  FOLLOWER to CANDIDATE at term 394 for changeToCandidate
2019-10-17 06:48:25,116 [Thread-3611] INFO  impl.RoleInfo (RoleInfo.java:updateAndGet(143)) - 7c431f9d-51bc-458b-a3a6-511ec217d887: start LeaderElection
2019-10-17 06:48:25,132 [7c431f9d-51bc-458b-a3a6-511ec217d887@group-21BA9BD4283D-LeaderElection437] INFO  impl.LeaderElection (LeaderElection.java:askForVotes(178)) - 7c431f9d-51bc-458b-a3a6-511ec217d887@group-21BA9BD4283D-LeaderElection437: begin an election at term 395 for -1: [67f35358-9777-4ff9-96f4-8a61bc3a94fe:192.168.34.62:37037, 7c431f9d-51bc-458b-a3a6-511ec217d887:192.168.34.62:40420, b9cfa588-8e56-4331-be2f-4c26f25c6739:192.168.34.62:34777], old=null
2019-10-17 06:48:25,134 [grpc-default-executor-2] INFO  impl.RaftServerImpl (RaftServerImpl.java:setRole(184)) - b9cfa588-8e56-4331-be2f-4c26f25c6739@group-21BA9BD4283D: changes role from  FOLLOWER to FOLLOWER at term 395 for recognizeCandidate:7c431f9d-51bc-458b-a3a6-511ec217d887
2019-10-17 06:48:25,134 [grpc-default-executor-1] INFO  impl.RaftServerImpl (RaftServerImpl.java:setRole(184)) - 67f35358-9777-4ff9-96f4-8a61bc3a94fe@group-21BA9BD4283D: changes role from  FOLLOWER to FOLLOWER at term 395 for recognizeCandidate:7c431f9d-51bc-458b-a3a6-511ec217d887
2019-10-17 06:48:25,134 [grpc-default-executor-2] INFO  impl.RoleInfo (RoleInfo.java:shutdownFollowerState(121)) - b9cfa588-8e56-4331-be2f-4c26f25c6739: shutdown FollowerState
2019-10-17 06:48:25,134 [grpc-default-executor-1] INFO  impl.RoleInfo (RoleInfo.java:shutdownFollowerState(121)) - 67f35358-9777-4ff9-96f4-8a61bc3a94fe: shutdown FollowerState
2019-10-17 06:48:25,134 [Thread-3609] INFO  impl.FollowerState (FollowerState.java:run(117)) - b9cfa588-8e56-4331-be2f-4c26f25c6739@group-21BA9BD4283D-FollowerState was interrupted: java.lang.InterruptedException: sleep interrupted
2019-10-17 06:48:25,134 [grpc-default-executor-2] INFO  impl.RoleInfo (RoleInfo.java:updateAndGet(143)) - b9cfa588-8e56-4331-be2f-4c26f25c6739: start FollowerState
2019-10-17 06:48:25,134 [grpc-default-executor-1] INFO  impl.RoleInfo (RoleInfo.java:updateAndGet(143)) - 67f35358-9777-4ff9-96f4-8a61bc3a94fe: start FollowerState
2019-10-17 06:48:25,134 [Thread-3610] INFO  impl.FollowerState (FollowerState.java:run(117)) - 67f35358-9777-4ff9-96f4-8a61bc3a94fe@group-21BA9BD4283D-FollowerState was interrupted: java.lang.InterruptedException: sleep interrupted
2019-10-17 06:48:25,147 [7c431f9d-51bc-458b-a3a6-511ec217d887@group-21BA9BD4283D-LeaderElection437] INFO  impl.LeaderElection (LeaderElection.java:logAndReturn(56)) - 7c431f9d-51bc-458b-a3a6-511ec217d887@group-21BA9BD4283D-LeaderElection437: Election REJECTED; received 2 response(s) [7c431f9d-51bc-458b-a3a6-511ec217d887<-67f35358-9777-4ff9-96f4-8a61bc3a94fe#0:FAIL-t395, 7c431f9d-51bc-458b-a3a6-511ec217d887<-b9cfa588-8e56-4331-be2f-4c26f25c6739#0:FAIL-t395] and 0 exception(s); 7c431f9d-51bc-458b-a3a6-511ec217d887@group-21BA9BD4283D:t395, leader=null, voted=7c431f9d-51bc-458b-a3a6-511ec217d887, raftlog=7c431f9d-51bc-458b-a3a6-511ec217d887@group-21BA9BD4283D-SegmentedRaftLog:OPENED:c-1,f-1,i0, conf=-1: [67f35358-9777-4ff9-96f4-8a61bc3a94fe:192.168.34.62:37037, 7c431f9d-51bc-458b-a3a6-511ec217d887:192.168.34.62:40420, b9cfa588-8e56-4331-be2f-4c26f25c6739:192.168.34.62:34777], old=null
2019-10-17 06:48:25,147 [7c431f9d-51bc-458b-a3a6-511ec217d887@group-21BA9BD4283D-LeaderElection437] INFO  impl.RaftServerImpl (RaftServerImpl.java:setRole(184)) - 7c431f9d-51bc-458b-a3a6-511ec217d887@group-21BA9BD4283D: changes role from CANDIDATE to FOLLOWER at term 395 for DISCOVERED_A_NEW_TERM
2019-10-17 06:48:25,147 [7c431f9d-51bc-458b-a3a6-511ec217d887@group-21BA9BD4283D-LeaderElection437] INFO  impl.RoleInfo (RoleInfo.java:shutdownLeaderElection(134)) - 7c431f9d-51bc-458b-a3a6-511ec217d887: shutdown LeaderElection
2019-10-17 06:48:25,148 [7c431f9d-51bc-458b-a3a6-511ec217d887@group-21BA9BD4283D-LeaderElection437] INFO  impl.RoleInfo (RoleInfo.java:updateAndGet(143)) - 7c431f9d-51bc-458b-a3a6-511ec217d887: start FollowerState
2019-10-17 06:48:25,310 [Thread-3617] INFO  impl.FollowerState (FollowerState.java:run(108)) - 7c431f9d-51bc-458b-a3a6-511ec217d887@group-21BA9BD4283D-FollowerState: change to CANDIDATE, lastRpcTime:162ms, electionTimeout:162ms
2019-10-17 06:48:25,310 [Thread-3617] INFO  impl.RoleInfo (RoleInfo.java:shutdownFollowerState(121)) - 7c431f9d-51bc-458b-a3a6-511ec217d887: shutdown FollowerState
2019-10-17 06:48:25,310 [Thread-3617] INFO  impl.RaftServerImpl (RaftServerImpl.java:setRole(184)) - 7c431f9d-51bc-458b-a3a6-511ec217d887@group-21BA9BD4283D: changes role from  FOLLOWER to CANDIDATE at term 395 for changeToCandidate
2019-10-17 06:48:25,310 [Thread-3617] INFO  impl.RoleInfo (RoleInfo.java:updateAndGet(143)) - 7c431f9d-51bc-458b-a3a6-511ec217d887: start LeaderElection
2019-10-17 06:48:25,334 [7c431f9d-51bc-458b-a3a6-511ec217d887@group-21BA9BD4283D-LeaderElection438] INFO  impl.LeaderElection (LeaderElection.java:askForVotes(178)) - 7c431f9d-51bc-458b-a3a6-511ec217d887@group-21BA9BD4283D-LeaderElection438: begin an election at term 396 for -1: [67f35358-9777-4ff9-96f4-8a61bc3a94fe:192.168.34.62:37037, 7c431f9d-51bc-458b-a3a6-511ec217d887:192.168.34.62:40420, b9cfa588-8e56-4331-be2f-4c26f25c6739:192.168.34.62:34777], old=null
2019-10-17 06:48:25,336 [grpc-default-executor-2] INFO  impl.RaftServerImpl (RaftServerImpl.java:setRole(184)) - 67f35358-9777-4ff9-96f4-8a61bc3a94fe@group-21BA9BD4283D: changes role from  FOLLOWER to FOLLOWER at term 396 for recognizeCandidate:7c431f9d-51bc-458b-a3a6-511ec217d887
2019-10-17 06:48:25,336 [grpc-default-executor-2] INFO  impl.RoleInfo (RoleInfo.java:shutdownFollowerState(121)) - 67f35358-9777-4ff9-96f4-8a61bc3a94fe: shutdown FollowerState
2019-10-17 06:48:25,336 [grpc-default-executor-1] INFO  impl.RaftServerImpl (RaftServerImpl.java:setRole(184)) - b9cfa588-8e56-4331-be2f-4c26f25c6739@group-21BA9BD4283D: changes role from  FOLLOWER to FOLLOWER at term 396 for recognizeCandidate:7c431f9d-51bc-458b-a3a6-511ec217d887
2019-10-17 06:48:25,336 [grpc-default-executor-1] INFO  impl.RoleInfo (RoleInfo.java:shutdownFollowerState(121)) - b9cfa588-8e56-4331-be2f-4c26f25c6739: shutdown FollowerState
2019-10-17 06:48:25,336 [grpc-default-executor-2] INFO  impl.RoleInfo (RoleInfo.java:updateAndGet(143)) - 67f35358-9777-4ff9-96f4-8a61bc3a94fe: start FollowerState
2019-10-17 06:48:25,336 [grpc-default-executor-1] INFO  impl.RoleInfo (RoleInfo.java:updateAndGet(143)) - b9cfa588-8e56-4331-be2f-4c26f25c6739: start FollowerState
2019-10-17 06:48:25,336 [Thread-3616] INFO  impl.FollowerState (FollowerState.java:run(117)) - 67f35358-9777-4ff9-96f4-8a61bc3a94fe@group-21BA9BD4283D-FollowerState was interrupted: java.lang.InterruptedException: sleep interrupted
2019-10-17 06:48:25,337 [Thread-3615] INFO  impl.FollowerState (FollowerState.java:run(117)) - b9cfa588-8e56-4331-be2f-4c26f25c6739@group-21BA9BD4283D-FollowerState was interrupted: java.lang.InterruptedException: sleep interrupted
2019-10-17 06:48:25,350 [7c431f9d-51bc-458b-a3a6-511ec217d887@group-21BA9BD4283D-LeaderElection438] INFO  impl.LeaderElection (LeaderElection.java:logAndReturn(56)) - 7c431f9d-51bc-458b-a3a6-511ec217d887@group-21BA9BD4283D-LeaderElection438: Election REJECTED; received 2 response(s) [7c431f9d-51bc-458b-a3a6-511ec217d887<-67f35358-9777-4ff9-96f4-8a61bc3a94fe#0:FAIL-t396, 7c431f9d-51bc-458b-a3a6-511ec217d887<-b9cfa588-8e56-4331-be2f-4c26f25c6739#0:FAIL-t396] and 0 exception(s); 7c431f9d-51bc-458b-a3a6-511ec217d887@group-21BA9BD4283D:t396, leader=null, voted=7c431f9d-51bc-458b-a3a6-511ec217d887, raftlog=7c431f9d-51bc-458b-a3a6-511ec217d887@group-21BA9BD4283D-SegmentedRaftLog:OPENED:c-1,f-1,i0, conf=-1: [67f35358-9777-4ff9-96f4-8a61bc3a94fe:192.168.34.62:37037, 7c431f9d-51bc-458b-a3a6-511ec217d887:192.168.34.62:40420, b9cfa588-8e56-4331-be2f-4c26f25c6739:192.168.34.62:34777], old=null
2019-10-17 06:48:25,351 [7c431f9d-51bc-458b-a3a6-511ec217d887@group-21BA9BD4283D-LeaderElection438] INFO  impl.RaftServerImpl (RaftServerImpl.java:setRole(184)) - 7c431f9d-51bc-458b-a3a6-511ec217d887@group-21BA9BD4283D: changes role from CANDIDATE to FOLLOWER at term 396 for DISCOVERED_A_NEW_TERM
2019-10-17 06:48:25,351 [7c431f9d-51bc-458b-a3a6-511ec217d887@group-21BA9BD4283D-LeaderElection438] INFO  impl.RoleInfo (RoleInfo.java:shutdownLeaderElection(134)) - 7c431f9d-51bc-458b-a3a6-511ec217d887: shutdown LeaderElection
2019-10-17 06:48:25,351 [7c431f9d-51bc-458b-a3a6-511ec217d887@group-21BA9BD4283D-LeaderElection438] INFO  impl.RoleInfo (RoleInfo.java:updateAndGet(143)) - 7c431f9d-51bc-458b-a3a6-511ec217d887: start FollowerState
2019-10-17 06:48:25,368 [Thread-3623] INFO  impl.FollowerState (FollowerState.java:run(108)) - 7c431f9d-51bc-458b-a3a6-511ec217d887@group-21BA9BD4283D-FollowerState: change to CANDIDATE, lastRpcTime:17ms, electionTimeout:17ms
2019-10-17 06:48:25,368 [Thread-3623] INFO  impl.RoleInfo (RoleInfo.java:shutdownFollowerState(121)) - 7c431f9d-51bc-458b-a3a6-511ec217d887: shutdown FollowerState
2019-10-17 06:48:25,368 [Thread-3623] INFO  impl.RaftServerImpl (RaftServerImpl.java:setRole(184)) - 7c431f9d-51bc-458b-a3a6-511ec217d887@group-21BA9BD4283D: changes role from  FOLLOWER to CANDIDATE at term 396 for changeToCandidate
2019-10-17 06:48:25,368 [Thread-3623] INFO  impl.RoleInfo (RoleInfo.java:updateAndGet(143)) - 7c431f9d-51bc-458b-a3a6-511ec217d887: start LeaderElection
2019-10-17 06:48:25,381 [7c431f9d-51bc-458b-a3a6-511ec217d887@group-21BA9BD4283D-LeaderElection439] INFO  impl.LeaderElection (LeaderElection.java:askForVotes(178)) - 7c431f9d-51bc-458b-a3a6-511ec217d887@group-21BA9BD4283D-LeaderElection439: begin an election at term 397 for -1: [67f35358-9777-4ff9-96f4-8a61bc3a94fe:192.168.34.62:37037, 7c431f9d-51bc-458b-a3a6-511ec217d887:192.168.34.62:40420, b9cfa588-8e56-4331-be2f-4c26f25c6739:192.168.34.62:34777], old=null
2019-10-17 06:48:25,382 [grpc-default-executor-1] INFO  impl.RaftServerImpl (RaftServerImpl.java:setRole(184)) - b9cfa588-8e56-4331-be2f-4c26f25c6739@group-21BA9BD4283D: changes role from  FOLLOWER to FOLLOWER at term 397 for recognizeCandidate:7c431f9d-51bc-458b-a3a6-511ec217d887
2019-10-17 06:48:25,382 [grpc-default-executor-2] INFO  impl.RaftServerImpl (RaftServerImpl.java:setRole(184)) - 67f35358-9777-4ff9-96f4-8a61bc3a94fe@group-21BA9BD4283D: changes role from  FOLLOWER to FOLLOWER at term 397 for recognizeCandidate:7c431f9d-51bc-458b-a3a6-511ec217d887
2019-10-17 06:48:25,382 [grpc-default-executor-1] INFO  impl.RoleInfo (RoleInfo.java:shutdownFollowerState(121)) - b9cfa588-8e56-4331-be2f-4c26f25c6739: shutdown FollowerState
2019-10-17 06:48:25,382 [grpc-default-executor-2] INFO  impl.RoleInfo (RoleInfo.java:shutdownFollowerState(121)) - 67f35358-9777-4ff9-96f4-8a61bc3a94fe: shutdown FollowerState
2019-10-17 06:48:25,383 [Thread-3622] INFO  impl.FollowerState (FollowerState.java:run(117)) - b9cfa588-8e56-4331-be2f-4c26f25c6739@group-21BA9BD4283D-FollowerState was interrupted: java.lang.InterruptedException: sleep interrupted
2019-10-17 06:48:25,383 [grpc-default-executor-1] INFO  impl.RoleInfo (RoleInfo.java:updateAndGet(143)) - b9cfa588-8e56-4331-be2f-4c26f25c6739: start FollowerState
2019-10-17 06:48:25,383 [Thread-3621] INFO  impl.FollowerState (FollowerState.java:run(117)) - 67f35358-9777-4ff9-96f4-8a61bc3a94fe@group-21BA9BD4283D-FollowerState was interrupted: java.lang.InterruptedException: sleep interrupted
2019-10-17 06:48:25,383 [grpc-default-executor-2] INFO  impl.RoleInfo (RoleInfo.java:updateAndGet(143)) - 67f35358-9777-4ff9-96f4-8a61bc3a94fe: start FollowerState
2019-10-17 06:48:25,408 [7c431f9d-51bc-458b-a3a6-511ec217d887@group-21BA9BD4283D-LeaderElection439] INFO  impl.LeaderElection (LeaderElection.java:logAndReturn(56)) - 7c431f9d-51bc-458b-a3a6-511ec217d887@group-21BA9BD4283D-LeaderElection439: Election REJECTED; received 2 response(s) [7c431f9d-51bc-458b-a3a6-511ec217d887<-67f35358-9777-4ff9-96f4-8a61bc3a94fe#0:FAIL-t397, 7c431f9d-51bc-458b-a3a6-511ec217d887<-b9cfa588-8e56-4331-be2f-4c26f25c6739#0:FAIL-t397] and 0 exception(s); 7c431f9d-51bc-458b-a3a6-511ec217d887@group-21BA9BD4283D:t397, leader=null, voted=7c431f9d-51bc-458b-a3a6-511ec217d887, raftlog=7c431f9d-51bc-458b-a3a6-511ec217d887@group-21BA9BD4283D-SegmentedRaftLog:OPENED:c-1,f-1,i0, conf=-1: [67f35358-9777-4ff9-96f4-8a61bc3a94fe:192.168.34.62:37037, 7c431f9d-51bc-458b-a3a6-511ec217d887:192.168.34.62:40420, b9cfa588-8e56-4331-be2f-4c26f25c6739:192.168.34.62:34777], old=null
2019-10-17 06:48:25,408 [7c431f9d-51bc-458b-a3a6-511ec217d887@group-21BA9BD4283D-LeaderElection439] INFO  impl.RaftServerImpl (RaftServerImpl.java:setRole(184)) - 7c431f9d-51bc-458b-a3a6-511ec217d887@group-21BA9BD4283D: changes role from CANDIDATE to FOLLOWER at term 397 for DISCOVERED_A_NEW_TERM
2019-10-17 06:48:25,408 [7c431f9d-51bc-458b-a3a6-511ec217d887@group-21BA9BD4283D-LeaderElection439] INFO  impl.RoleInfo (RoleInfo.java:shutdownLeaderElection(134)) - 7c431f9d-51bc-458b-a3a6-511ec217d887: shutdown LeaderElection
2019-10-17 06:48:25,408 [7c431f9d-51bc-458b-a3a6-511ec217d887@group-21BA9BD4283D-LeaderElection439] INFO  impl.RoleInfo (RoleInfo.java:updateAndGet(143)) - 7c431f9d-51bc-458b-a3a6-511ec217d887: start FollowerState
2019-10-17 06:48:25,533 [Thread-3629] INFO  impl.FollowerState (FollowerState.java:run(108)) - 7c431f9d-51bc-458b-a3a6-511ec217d887@group-21BA9BD4283D-FollowerState: change to CANDIDATE, lastRpcTime:124ms, electionTimeout:124ms
2019-10-17 06:48:25,533 [Thread-3629] INFO  impl.RoleInfo (RoleInfo.java:shutdownFollowerState(121)) - 7c431f9d-51bc-458b-a3a6-511ec217d887: shutdown FollowerState
2019-10-17 06:48:25,533 [Thread-3629] INFO  impl.RaftServerImpl (RaftServerImpl.java:setRole(184)) - 7c431f9d-51bc-458b-a3a6-511ec217d887@group-21BA9BD4283D: changes role from  FOLLOWER to CANDIDATE at term 397 for changeToCandidate
2019-10-17 06:48:25,533 [Thread-3629] INFO  impl.RoleInfo (RoleInfo.java:updateAndGet(143)) - 7c431f9d-51bc-458b-a3a6-511ec217d887: start LeaderElection
2019-10-17 06:48:25,555 [7c431f9d-51bc-458b-a3a6-511ec217d887@group-21BA9BD4283D-LeaderElection440] INFO  impl.LeaderElection (LeaderElection.java:askForVotes(178)) - 7c431f9d-51bc-458b-a3a6-511ec217d887@group-21BA9BD4283D-LeaderElection440: begin an election at term 398 for -1: [67f35358-9777-4ff9-96f4-8a61bc3a94fe:192.168.34.62:37037, 7c431f9d-51bc-458b-a3a6-511ec217d887:192.168.34.62:40420, b9cfa588-8e56-4331-be2f-4c26f25c6739:192.168.34.62:34777], old=null
2019-10-17 06:48:25,556 [grpc-default-executor-1] INFO  impl.RaftServerImpl (RaftServerImpl.java:setRole(184)) - 67f35358-9777-4ff9-96f4-8a61bc3a94fe@group-21BA9BD4283D: changes role from  FOLLOWER to FOLLOWER at term 398 for recognizeCandidate:7c431f9d-51bc-458b-a3a6-511ec217d887
2019-10-17 06:48:25,556 [grpc-default-executor-2] INFO  impl.RaftServerImpl (RaftServerImpl.java:setRole(184)) - b9cfa588-8e56-4331-be2f-4c26f25c6739@group-21BA9BD4283D: changes role from  FOLLOWER to FOLLOWER at term 398 for recognizeCandidate:7c431f9d-51bc-458b-a3a6-511ec217d887
2019-10-17 06:48:25,556 [grpc-default-executor-1] INFO  impl.RoleInfo (RoleInfo.java:shutdownFollowerState(121)) - 67f35358-9777-4ff9-96f4-8a61bc3a94fe: shutdown FollowerState
2019-10-17 06:48:25,557 [grpc-default-executor-2] INFO  impl.RoleInfo (RoleInfo.java:shutdownFollowerState(121)) - b9cfa588-8e56-4331-be2f-4c26f25c6739: shutdown FollowerState
2019-10-17 06:48:25,557 [Thread-3628] INFO  impl.FollowerState (FollowerState.java:run(117)) - 67f35358-9777-4ff9-96f4-8a61bc3a94fe@group-21BA9BD4283D-FollowerState was interrupted: java.lang.InterruptedException: sleep interrupted
2019-10-17 06:48:25,557 [grpc-default-executor-1] INFO  impl.RoleInfo (RoleInfo.java:updateAndGet(143)) - 67f35358-9777-4ff9-96f4-8a61bc3a94fe: start FollowerState
2019-10-17 06:48:25,557 [grpc-default-executor-2] INFO  impl.RoleInfo (RoleInfo.java:updateAndGet(143)) - b9cfa588-8e56-4331-be2f-4c26f25c6739: start FollowerState
2019-10-17 06:48:25,557 [Thread-3627] INFO  impl.FollowerState (FollowerState.java:run(117)) - b9cfa588-8e56-4331-be2f-4c26f25c6739@group-21BA9BD4283D-FollowerState was interrupted: java.lang.InterruptedException: sleep interrupted
2019-10-17 06:48:25,569 [7c431f9d-51bc-458b-a3a6-511ec217d887@group-21BA9BD4283D-LeaderElection440] INFO  impl.LeaderElection (LeaderElection.java:logAndReturn(56)) - 7c431f9d-51bc-458b-a3a6-511ec217d887@group-21BA9BD4283D-LeaderElection440: Election REJECTED; received 2 response(s) [7c431f9d-51bc-458b-a3a6-511ec217d887<-67f35358-9777-4ff9-96f4-8a61bc3a94fe#0:FAIL-t398, 7c431f9d-51bc-458b-a3a6-511ec217d887<-b9cfa588-8e56-4331-be2f-4c26f25c6739#0:FAIL-t398] and 0 exception(s); 7c431f9d-51bc-458b-a3a6-511ec217d887@group-21BA9BD4283D:t398, leader=null, voted=7c431f9d-51bc-458b-a3a6-511ec217d887, raftlog=7c431f9d-51bc-458b-a3a6-511ec217d887@group-21BA9BD4283D-SegmentedRaftLog:OPENED:c-1,f-1,i0, conf=-1: [67f35358-9777-4ff9-96f4-8a61bc3a94fe:192.168.34.62:37037, 7c431f9d-51bc-458b-a3a6-511ec217d887:192.168.34.62:40420, b9cfa588-8e56-4331-be2f-4c26f25c6739:192.168.34.62:34777], old=null
2019-10-17 06:48:25,570 [7c431f9d-51bc-458b-a3a6-511ec217d887@group-21BA9BD4283D-LeaderElection440] INFO  impl.RaftServerImpl (RaftServerImpl.java:setRole(184)) - 7c431f9d-51bc-458b-a3a6-511ec217d887@group-21BA9BD4283D: changes role from CANDIDATE to FOLLOWER at term 398 for DISCOVERED_A_NEW_TERM
2019-10-17 06:48:25,570 [7c431f9d-51bc-458b-a3a6-511ec217d887@group-21BA9BD4283D-LeaderElection440] INFO  impl.RoleInfo (RoleInfo.java:shutdownLeaderElection(134)) - 7c431f9d-51bc-458b-a3a6-511ec217d887: shutdown LeaderElection
2019-10-17 06:48:25,570 [7c431f9d-51bc-458b-a3a6-511ec217d887@group-21BA9BD4283D-LeaderElection440] INFO  impl.RoleInfo (RoleInfo.java:updateAndGet(143)) - 7c431f9d-51bc-458b-a3a6-511ec217d887: start FollowerState
2019-10-17 06:48:25,700 [Thread-3635] INFO  impl.FollowerState (FollowerState.java:run(108)) - 7c431f9d-51bc-458b-a3a6-511ec217d887@group-21BA9BD4283D-FollowerState: change to CANDIDATE, lastRpcTime:130ms, electionTimeout:130ms
2019-10-17 06:48:25,700 [Thread-3635] INFO  impl.RoleInfo (RoleInfo.java:shutdownFollowerState(121)) - 7c431f9d-51bc-458b-a3a6-511ec217d887: shutdown FollowerState
2019-10-17 06:48:25,700 [Thread-3635] INFO  impl.RaftServerImpl (RaftServerImpl.java:setRole(184)) - 7c431f9d-51bc-458b-a3a6-511ec217d887@group-21BA9BD4283D: changes role from  FOLLOWER to CANDIDATE at term 398 for changeToCandidate
2019-10-17 06:48:25,700 [Thread-3635] INFO  impl.RoleInfo (RoleInfo.java:updateAndGet(143)) - 7c431f9d-51bc-458b-a3a6-511ec217d887: start LeaderElection
2019-10-17 06:48:25,715 [7c431f9d-51bc-458b-a3a6-511ec217d887@group-21BA9BD4283D-LeaderElection441] INFO  impl.LeaderElection (LeaderElection.java:askForVotes(178)) - 7c431f9d-51bc-458b-a3a6-511ec217d887@group-21BA9BD4283D-LeaderElection441: begin an election at term 399 for -1: [67f35358-9777-4ff9-96f4-8a61bc3a94fe:192.168.34.62:37037, 7c431f9d-51bc-458b-a3a6-511ec217d887:192.168.34.62:40420, b9cfa588-8e56-4331-be2f-4c26f25c6739:192.168.34.62:34777], old=null
2019-10-17 06:48:25,716 [grpc-default-executor-2] INFO  impl.RaftServerImpl (RaftServerImpl.java:setRole(184)) - 67f35358-9777-4ff9-96f4-8a61bc3a94fe@group-21BA9BD4283D: changes role from  FOLLOWER to FOLLOWER at term 399 for recognizeCandidate:7c431f9d-51bc-458b-a3a6-511ec217d887
2019-10-17 06:48:25,716 [grpc-default-executor-1] INFO  impl.RaftServerImpl (RaftServerImpl.java:setRole(184)) - b9cfa588-8e56-4331-be2f-4c26f25c6739@group-21BA9BD4283D: changes role from  FOLLOWER to FOLLOWER at term 399 for recognizeCandidate:7c431f9d-51bc-458b-a3a6-511ec217d887
2019-10-17 06:48:25,717 [grpc-default-executor-1] INFO  impl.RoleInfo (RoleInfo.java:shutdownFollowerState(121)) - b9cfa588-8e56-4331-be2f-4c26f25c6739: shutdown FollowerState
2019-10-17 06:48:25,716 [grpc-default-executor-2] INFO  impl.RoleInfo (RoleInfo.java:shutdownFollowerState(121)) - 67f35358-9777-4ff9-96f4-8a61bc3a94fe: shutdown FollowerState
2019-10-17 06:48:25,717 [Thread-3634] INFO  impl.FollowerState (FollowerState.java:run(117)) - b9cfa588-8e56-4331-be2f-4c26f25c6739@group-21BA9BD4283D-FollowerState was interrupted: java.lang.InterruptedException: sleep interrupted
2019-10-17 06:48:25,717 [grpc-default-executor-1] INFO  impl.RoleInfo (RoleInfo.java:updateAndGet(143)) - b9cfa588-8e56-4331-be2f-4c26f25c6739: start FollowerState
2019-10-17 06:48:25,717 [Thread-3633] INFO  impl.FollowerState (FollowerState.java:run(117)) - 67f35358-9777-4ff9-96f4-8a61bc3a94fe@group-21BA9BD4283D-FollowerState was interrupted: java.lang.InterruptedException: sleep interrupted
2019-10-17 06:48:25,717 [grpc-default-executor-2] INFO  impl.RoleInfo (RoleInfo.java:updateAndGet(143)) - 67f35358-9777-4ff9-96f4-8a61bc3a94fe: start FollowerState
2019-10-17 06:48:25,723 [7c431f9d-51bc-458b-a3a6-511ec217d887@group-21BA9BD4283D-LeaderElection441] INFO  impl.LeaderElection (LeaderElection.java:logAndReturn(56)) - 7c431f9d-51bc-458b-a3a6-511ec217d887@group-21BA9BD4283D-LeaderElection441: Election REJECTED; received 2 response(s) [7c431f9d-51bc-458b-a3a6-511ec217d887<-67f35358-9777-4ff9-96f4-8a61bc3a94fe#0:FAIL-t399, 7c431f9d-51bc-458b-a3a6-511ec217d887<-b9cfa588-8e56-4331-be2f-4c26f25c6739#0:FAIL-t399] and 0 exception(s); 7c431f9d-51bc-458b-a3a6-511ec217d887@group-21BA9BD4283D:t399, leader=null, voted=7c431f9d-51bc-458b-a3a6-511ec217d887, raftlog=7c431f9d-51bc-458b-a3a6-511ec217d887@group-21BA9BD4283D-SegmentedRaftLog:OPENED:c-1,f-1,i0, conf=-1: [67f35358-9777-4ff9-96f4-8a61bc3a94fe:192.168.34.62:37037, 7c431f9d-51bc-458b-a3a6-511ec217d887:192.168.34.62:40420, b9cfa588-8e56-4331-be2f-4c26f25c6739:192.168.34.62:34777], old=null
2019-10-17 06:48:25,723 [7c431f9d-51bc-458b-a3a6-511ec217d887@group-21BA9BD4283D-LeaderElection441] INFO  impl.RaftServerImpl (RaftServerImpl.java:setRole(184)) - 7c431f9d-51bc-458b-a3a6-511ec217d887@group-21BA9BD4283D: changes role from CANDIDATE to FOLLOWER at term 399 for DISCOVERED_A_NEW_TERM
2019-10-17 06:48:25,723 [7c431f9d-51bc-458b-a3a6-511ec217d887@group-21BA9BD4283D-LeaderElection441] INFO  impl.RoleInfo (RoleInfo.java:shutdownLeaderElection(134)) - 7c431f9d-51bc-458b-a3a6-511ec217d887: shutdown LeaderElection
2019-10-17 06:48:25,724 [7c431f9d-51bc-458b-a3a6-511ec217d887@group-21BA9BD4283D-LeaderElection441] INFO  impl.RoleInfo (RoleInfo.java:updateAndGet(143)) - 7c431f9d-51bc-458b-a3a6-511ec217d887: start FollowerState
2019-10-17 06:48:25,840 [Thread-3641] INFO  impl.FollowerState (FollowerState.java:run(108)) - 7c431f9d-51bc-458b-a3a6-511ec217d887@group-21BA9BD4283D-FollowerState: change to CANDIDATE, lastRpcTime:116ms, electionTimeout:116ms
2019-10-17 06:48:25,840 [Thread-3641] INFO  impl.RoleInfo (RoleInfo.java:shutdownFollowerState(121)) - 7c431f9d-51bc-458b-a3a6-511ec217d887: shutdown FollowerState
2019-10-17 06:48:25,840 [Thread-3641] INFO  impl.RaftServerImpl (RaftServerImpl.java:setRole(184)) - 7c431f9d-51bc-458b-a3a6-511ec217d887@group-21BA9BD4283D: changes role from  FOLLOWER to CANDIDATE at term 399 for changeToCandidate
2019-10-17 06:48:25,840 [Thread-3641] INFO  impl.RoleInfo (RoleInfo.java:updateAndGet(143)) - 7c431f9d-51bc-458b-a3a6-511ec217d887: start LeaderElection
2019-10-17 06:48:25,852 [7c431f9d-51bc-458b-a3a6-511ec217d887@group-21BA9BD4283D-LeaderElection442] INFO  impl.LeaderElection (LeaderElection.java:askForVotes(178)) - 7c431f9d-51bc-458b-a3a6-511ec217d887@group-21BA9BD4283D-LeaderElection442: begin an election at term 400 for -1: [67f35358-9777-4ff9-96f4-8a61bc3a94fe:192.168.34.62:37037, 7c431f9d-51bc-458b-a3a6-511ec217d887:192.168.34.62:40420, b9cfa588-8e56-4331-be2f-4c26f25c6739:192.168.34.62:34777], old=null
2019-10-17 06:48:25,853 [grpc-default-executor-1] INFO  impl.RaftServerImpl (RaftServerImpl.java:setRole(184)) - 67f35358-9777-4ff9-96f4-8a61bc3a94fe@group-21BA9BD4283D: changes role from  FOLLOWER to FOLLOWER at term 400 for recognizeCandidate:7c431f9d-51bc-458b-a3a6-511ec217d887
2019-10-17 06:48:25,853 [grpc-default-executor-2] INFO  impl.RaftServerImpl (RaftServerImpl.java:setRole(184)) - b9cfa588-8e56-4331-be2f-4c26f25c6739@group-21BA9BD4283D: changes role from  FOLLOWER to FOLLOWER at term 400 for recognizeCandidate:7c431f9d-51bc-458b-a3a6-511ec217d887
2019-10-17 06:48:25,854 [grpc-default-executor-1] INFO  impl.RoleInfo (RoleInfo.java:shutdownFollowerState(121)) - 67f35358-9777-4ff9-96f4-8a61bc3a94fe: shutdown FollowerState
2019-10-17 06:48:25,854 [grpc-default-executor-2] INFO  impl.RoleInfo (RoleInfo.java:shutdownFollowerState(121)) - b9cfa588-8e56-4331-be2f-4c26f25c6739: shutdown FollowerState
2019-10-17 06:48:25,854 [Thread-3640] INFO  impl.FollowerState (FollowerState.java:run(117)) - 67f35358-9777-4ff9-96f4-8a61bc3a94fe@group-21BA9BD4283D-FollowerState was interrupted: java.lang.InterruptedException: sleep interrupted
2019-10-17 06:48:25,854 [grpc-default-executor-1] INFO  impl.RoleInfo (RoleInfo.java:updateAndGet(143)) - 67f35358-9777-4ff9-96f4-8a61bc3a94fe: start FollowerState
2019-10-17 06:48:25,854 [grpc-default-executor-2] INFO  impl.RoleInfo (RoleInfo.java:updateAndGet(143)) - b9cfa588-8e56-4331-be2f-4c26f25c6739: start FollowerState
2019-10-17 06:48:25,854 [Thread-3639] INFO  impl.FollowerState (FollowerState.java:run(117)) - b9cfa588-8e56-4331-be2f-4c26f25c6739@group-21BA9BD4283D-FollowerState was interrupted: java.lang.InterruptedException: sleep interrupted
2019-10-17 06:48:25,881 [7c431f9d-51bc-458b-a3a6-511ec217d887@group-21BA9BD4283D-LeaderElection442] INFO  impl.LeaderElection (LeaderElection.java:logAndReturn(56)) - 7c431f9d-51bc-458b-a3a6-511ec217d887@group-21BA9BD4283D-LeaderElection442: Election REJECTED; received 2 response(s) [7c431f9d-51bc-458b-a3a6-511ec217d887<-67f35358-9777-4ff9-96f4-8a61bc3a94fe#0:FAIL-t400, 7c431f9d-51bc-458b-a3a6-511ec217d887<-b9cfa588-8e56-4331-be2f-4c26f25c6739#0:FAIL-t400] and 0 exception(s); 7c431f9d-51bc-458b-a3a6-511ec217d887@group-21BA9BD4283D:t400, leader=null, voted=7c431f9d-51bc-458b-a3a6-511ec217d887, raftlog=7c431f9d-51bc-458b-a3a6-511ec217d887@group-21BA9BD4283D-SegmentedRaftLog:OPENED:c-1,f-1,i0, conf=-1: [67f35358-9777-4ff9-96f4-8a61bc3a94fe:192.168.34.62:37037, 7c431f9d-51bc-458b-a3a6-511ec217d887:192.168.34.62:40420, b9cfa588-8e56-4331-be2f-4c26f25c6739:192.168.34.62:34777], old=null
2019-10-17 06:48:25,881 [7c431f9d-51bc-458b-a3a6-511ec217d887@group-21BA9BD4283D-LeaderElection442] INFO  impl.RaftServerImpl (RaftServerImpl.java:setRole(184)) - 7c431f9d-51bc-458b-a3a6-511ec217d887@group-21BA9BD4283D: changes role from CANDIDATE to FOLLOWER at term 400 for DISCOVERED_A_NEW_TERM
2019-10-17 06:48:25,881 [7c431f9d-51bc-458b-a3a6-511ec217d887@group-21BA9BD4283D-LeaderElection442] INFO  impl.RoleInfo (RoleInfo.java:shutdownLeaderElection(134)) - 7c431f9d-51bc-458b-a3a6-511ec217d887: shutdown LeaderElection
2019-10-17 06:48:25,881 [7c431f9d-51bc-458b-a3a6-511ec217d887@group-21BA9BD4283D-LeaderElection442] INFO  impl.RoleInfo (RoleInfo.java:updateAndGet(143)) - 7c431f9d-51bc-458b-a3a6-511ec217d887: start FollowerState
2019-10-17 06:48:25,982 [Thread-3647] INFO  impl.FollowerState (FollowerState.java:run(108)) - 7c431f9d-51bc-458b-a3a6-511ec217d887@group-21BA9BD4283D-FollowerState: change to CANDIDATE, lastRpcTime:100ms, electionTimeout:100ms
2019-10-17 06:48:25,982 [Thread-3647] INFO  impl.RoleInfo (RoleInfo.java:shutdownFollowerState(121)) - 7c431f9d-51bc-458b-a3a6-511ec217d887: shutdown FollowerState
2019-10-17 06:48:25,982 [Thread-3647] INFO  impl.RaftServerImpl (RaftServerImpl.java:setRole(184)) - 7c431f9d-51bc-458b-a3a6-511ec217d887@group-21BA9BD4283D: changes role from  FOLLOWER to CANDIDATE at term 400 for changeToCandidate
2019-10-17 06:48:25,982 [Thread-3647] INFO  impl.RoleInfo (RoleInfo.java:updateAndGet(143)) - 7c431f9d-51bc-458b-a3a6-511ec217d887: start LeaderElection
2019-10-17 06:48:26,007 [7c431f9d-51bc-458b-a3a6-511ec217d887@group-21BA9BD4283D-LeaderElection443] INFO  impl.LeaderElection (LeaderElection.java:askForVotes(178)) - 7c431f9d-51bc-458b-a3a6-511ec217d887@group-21BA9BD4283D-LeaderElection443: begin an election at term 401 for -1: [67f35358-9777-4ff9-96f4-8a61bc3a94fe:192.168.34.62:37037, 7c431f9d-51bc-458b-a3a6-511ec217d887:192.168.34.62:40420, b9cfa588-8e56-4331-be2f-4c26f25c6739:192.168.34.62:34777], old=null
2019-10-17 06:48:26,009 [grpc-default-executor-2] INFO  impl.RaftServerImpl (RaftServerImpl.java:setRole(184)) - b9cfa588-8e56-4331-be2f-4c26f25c6739@group-21BA9BD4283D: changes role from  FOLLOWER to FOLLOWER at term 401 for recognizeCandidate:7c431f9d-51bc-458b-a3a6-511ec217d887
2019-10-17 06:48:26,009 [grpc-default-executor-1] INFO  impl.RaftServerImpl (RaftServerImpl.java:setRole(184)) - 67f35358-9777-4ff9-96f4-8a61bc3a94fe@group-21BA9BD4283D: changes role from  FOLLOWER to FOLLOWER at term 401 for recognizeCandidate:7c431f9d-51bc-458b-a3a6-511ec217d887
2019-10-17 06:48:26,009 [grpc-default-executor-1] INFO  impl.RoleInfo (RoleInfo.java:shutdownFollowerState(121)) - 67f35358-9777-4ff9-96f4-8a61bc3a94fe: shutdown FollowerState
2019-10-17 06:48:26,009 [grpc-default-executor-2] INFO  impl.RoleInfo (RoleInfo.java:shutdownFollowerState(121)) - b9cfa588-8e56-4331-be2f-4c26f25c6739: shutdown FollowerState
2019-10-17 06:48:26,009 [Thread-3645] INFO  impl.FollowerState (FollowerState.java:run(117)) - 67f35358-9777-4ff9-96f4-8a61bc3a94fe@group-21BA9BD4283D-FollowerState was interrupted: java.lang.InterruptedException: sleep interrupted
2019-10-17 06:48:26,009 [grpc-default-executor-1] INFO  impl.RoleInfo (RoleInfo.java:updateAndGet(143)) - 67f35358-9777-4ff9-96f4-8a61bc3a94fe: start FollowerState
2019-10-17 06:48:26,009 [Thread-3646] INFO  impl.FollowerState (FollowerState.java:run(117)) - b9cfa588-8e56-4331-be2f-4c26f25c6739@group-21BA9BD4283D-FollowerState was interrupted: java.lang.InterruptedException: sleep interrupted
2019-10-17 06:48:26,009 [grpc-default-executor-2] INFO  impl.RoleInfo (RoleInfo.java:updateAndGet(143)) - b9cfa588-8e56-4331-be2f-4c26f25c6739: start FollowerState
2019-10-17 06:48:26,032 [7c431f9d-51bc-458b-a3a6-511ec217d887@group-21BA9BD4283D-LeaderElection443] INFO  impl.LeaderElection (LeaderElection.java:logAndReturn(56)) - 7c431f9d-51bc-458b-a3a6-511ec217d887@group-21BA9BD4283D-LeaderElection443: Election REJECTED; received 2 response(s) [7c431f9d-51bc-458b-a3a6-511ec217d887<-67f35358-9777-4ff9-96f4-8a61bc3a94fe#0:FAIL-t401, 7c431f9d-51bc-458b-a3a6-511ec217d887<-b9cfa588-8e56-4331-be2f-4c26f25c6739#0:FAIL-t401] and 0 exception(s); 7c431f9d-51bc-458b-a3a6-511ec217d887@group-21BA9BD4283D:t401, leader=null, voted=7c431f9d-51bc-458b-a3a6-511ec217d887, raftlog=7c431f9d-51bc-458b-a3a6-511ec217d887@group-21BA9BD4283D-SegmentedRaftLog:OPENED:c-1,f-1,i0, conf=-1: [67f35358-9777-4ff9-96f4-8a61bc3a94fe:192.168.34.62:37037, 7c431f9d-51bc-458b-a3a6-511ec217d887:192.168.34.62:40420, b9cfa588-8e56-4331-be2f-4c26f25c6739:192.168.34.62:34777], old=null
2019-10-17 06:48:26,032 [7c431f9d-51bc-458b-a3a6-511ec217d887@group-21BA9BD4283D-LeaderElection443] INFO  impl.RaftServerImpl (RaftServerImpl.java:setRole(184)) - 7c431f9d-51bc-458b-a3a6-511ec217d887@group-21BA9BD4283D: changes role from CANDIDATE to FOLLOWER at term 401 for DISCOVERED_A_NEW_TERM
2019-10-17 06:48:26,032 [7c431f9d-51bc-458b-a3a6-511ec217d887@group-21BA9BD4283D-LeaderElection443] INFO  impl.RoleInfo (RoleInfo.java:shutdownLeaderElection(134)) - 7c431f9d-51bc-458b-a3a6-511ec217d887: shutdown LeaderElection
2019-10-17 06:48:26,033 [7c431f9d-51bc-458b-a3a6-511ec217d887@group-21BA9BD4283D-LeaderElection443] INFO  impl.RoleInfo (RoleInfo.java:updateAndGet(143)) - 7c431f9d-51bc-458b-a3a6-511ec217d887: start FollowerState
2019-10-17 06:48:26,072 [Thread-3653] INFO  impl.FollowerState (FollowerState.java:run(108)) - 7c431f9d-51bc-458b-a3a6-511ec217d887@group-21BA9BD4283D-FollowerState: change to CANDIDATE, lastRpcTime:39ms, electionTimeout:39ms
2019-10-17 06:48:26,072 [Thread-3653] INFO  impl.RoleInfo (RoleInfo.java:shutdownFollowerState(121)) - 7c431f9d-51bc-458b-a3a6-511ec217d887: shutdown FollowerState
2019-10-17 06:48:26,072 [Thread-3653] INFO  impl.RaftServerImpl (RaftServerImpl.java:setRole(184)) - 7c431f9d-51bc-458b-a3a6-511ec217d887@group-21BA9BD4283D: changes role from  FOLLOWER to CANDIDATE at term 401 for changeToCandidate
2019-10-17 06:48:26,072 [Thread-3653] INFO  impl.RoleInfo (RoleInfo.java:updateAndGet(143)) - 7c431f9d-51bc-458b-a3a6-511ec217d887: start LeaderElection
2019-10-17 06:48:26,093 [7c431f9d-51bc-458b-a3a6-511ec217d887@group-21BA9BD4283D-LeaderElection444] INFO  impl.LeaderElection (LeaderElection.java:askForVotes(178)) - 7c431f9d-51bc-458b-a3a6-511ec217d887@group-21BA9BD4283D-LeaderElection444: begin an election at term 402 for -1: [67f35358-9777-4ff9-96f4-8a61bc3a94fe:192.168.34.62:37037, 7c431f9d-51bc-458b-a3a6-511ec217d887:192.168.34.62:40420, b9cfa588-8e56-4331-be2f-4c26f25c6739:192.168.34.62:34777], old=null
2019-10-17 06:48:26,094 [grpc-default-executor-2] INFO  impl.RaftServerImpl (RaftServerImpl.java:setRole(184)) - 67f35358-9777-4ff9-96f4-8a61bc3a94fe@group-21BA9BD4283D: changes role from  FOLLOWER to FOLLOWER at term 402 for recognizeCandidate:7c431f9d-51bc-458b-a3a6-511ec217d887
2019-10-17 06:48:26,095 [grpc-default-executor-2] INFO  impl.RoleInfo (RoleInfo.java:shutdownFollowerState(121)) - 67f35358-9777-4ff9-96f4-8a61bc3a94fe: shutdown FollowerState
2019-10-17 06:48:26,095 [grpc-default-executor-2] INFO  impl.RoleInfo (RoleInfo.java:updateAndGet(143)) - 67f35358-9777-4ff9-96f4-8a61bc3a94fe: start FollowerState
2019-10-17 06:48:26,095 [grpc-default-executor-1] INFO  impl.RaftServerImpl (RaftServerImpl.java:setRole(184)) - b9cfa588-8e56-4331-be2f-4c26f25c6739@group-21BA9BD4283D: changes role from  FOLLOWER to FOLLOWER at term 402 for recognizeCandidate:7c431f9d-51bc-458b-a3a6-511ec217d887
2019-10-17 06:48:26,095 [grpc-default-executor-1] INFO  impl.RoleInfo (RoleInfo.java:shutdownFollowerState(121)) - b9cfa588-8e56-4331-be2f-4c26f25c6739: shutdown FollowerState
2019-10-17 06:48:26,095 [Thread-3651] INFO  impl.FollowerState (FollowerState.java:run(117)) - 67f35358-9777-4ff9-96f4-8a61bc3a94fe@group-21BA9BD4283D-FollowerState was interrupted: java.lang.InterruptedException: sleep interrupted
2019-10-17 06:48:26,095 [Thread-3652] INFO  impl.FollowerState (FollowerState.java:run(117)) - b9cfa588-8e56-4331-be2f-4c26f25c6739@group-21BA9BD4283D-FollowerState was interrupted: java.lang.InterruptedException: sleep interrupted
2019-10-17 06:48:26,095 [grpc-default-executor-1] INFO  impl.RoleInfo (RoleInfo.java:updateAndGet(143)) - b9cfa588-8e56-4331-be2f-4c26f25c6739: start FollowerState
2019-10-17 06:48:26,110 [7c431f9d-51bc-458b-a3a6-511ec217d887@group-21BA9BD4283D-LeaderElection444] INFO  impl.LeaderElection (LeaderElection.java:logAndReturn(56)) - 7c431f9d-51bc-458b-a3a6-511ec217d887@group-21BA9BD4283D-LeaderElection444: Election REJECTED; received 2 response(s) [7c431f9d-51bc-458b-a3a6-511ec217d887<-67f35358-9777-4ff9-96f4-8a61bc3a94fe#0:FAIL-t402, 7c431f9d-51bc-458b-a3a6-511ec217d887<-b9cfa588-8e56-4331-be2f-4c26f25c6739#0:FAIL-t402] and 0 exception(s); 7c431f9d-51bc-458b-a3a6-511ec217d887@group-21BA9BD4283D:t402, leader=null, voted=7c431f9d-51bc-458b-a3a6-511ec217d887, raftlog=7c431f9d-51bc-458b-a3a6-511ec217d887@group-21BA9BD4283D-SegmentedRaftLog:OPENED:c-1,f-1,i0, conf=-1: [67f35358-9777-4ff9-96f4-8a61bc3a94fe:192.168.34.62:37037, 7c431f9d-51bc-458b-a3a6-511ec217d887:192.168.34.62:40420, b9cfa588-8e56-4331-be2f-4c26f25c6739:192.168.34.62:34777], old=null
2019-10-17 06:48:26,110 [7c431f9d-51bc-458b-a3a6-511ec217d887@group-21BA9BD4283D-LeaderElection444] INFO  impl.RaftServerImpl (RaftServerImpl.java:setRole(184)) - 7c431f9d-51bc-458b-a3a6-511ec217d887@group-21BA9BD4283D: changes role from CANDIDATE to FOLLOWER at term 402 for DISCOVERED_A_NEW_TERM
2019-10-17 06:48:26,110 [7c431f9d-51bc-458b-a3a6-511ec217d887@group-21BA9BD4283D-LeaderElection444] INFO  impl.RoleInfo (RoleInfo.java:shutdownLeaderElection(134)) - 7c431f9d-51bc-458b-a3a6-511ec217d887: shutdown LeaderElection
2019-10-17 06:48:26,110 [7c431f9d-51bc-458b-a3a6-511ec217d887@group-21BA9BD4283D-LeaderElection444] INFO  impl.RoleInfo (RoleInfo.java:updateAndGet(143)) - 7c431f9d-51bc-458b-a3a6-511ec217d887: start FollowerState
2019-10-17 06:48:26,110 [main] INFO  ozone.MiniOzoneClusterImpl (MiniOzoneClusterImpl.java:lambda$waitForClusterToBeReady$2(164)) - Waiting for 1 number of pipelines out of 4, to report a leader.
2019-10-17 06:48:26,286 [Thread-3659] INFO  impl.FollowerState (FollowerState.java:run(108)) - 7c431f9d-51bc-458b-a3a6-511ec217d887@group-21BA9BD4283D-FollowerState: change to CANDIDATE, lastRpcTime:176ms, electionTimeout:176ms
2019-10-17 06:48:26,286 [Thread-3659] INFO  impl.RoleInfo (RoleInfo.java:shutdownFollowerState(121)) - 7c431f9d-51bc-458b-a3a6-511ec217d887: shutdown FollowerState
2019-10-17 06:48:26,286 [Thread-3659] INFO  impl.RaftServerImpl (RaftServerImpl.java:setRole(184)) - 7c431f9d-51bc-458b-a3a6-511ec217d887@group-21BA9BD4283D: changes role from  FOLLOWER to CANDIDATE at term 402 for changeToCandidate
2019-10-17 06:48:26,286 [Thread-3659] INFO  impl.RoleInfo (RoleInfo.java:updateAndGet(143)) - 7c431f9d-51bc-458b-a3a6-511ec217d887: start LeaderElection
2019-10-17 06:48:26,299 [7c431f9d-51bc-458b-a3a6-511ec217d887@group-21BA9BD4283D-LeaderElection445] INFO  impl.LeaderElection (LeaderElection.java:askForVotes(178)) - 7c431f9d-51bc-458b-a3a6-511ec217d887@group-21BA9BD4283D-LeaderElection445: begin an election at term 403 for -1: [67f35358-9777-4ff9-96f4-8a61bc3a94fe:192.168.34.62:37037, 7c431f9d-51bc-458b-a3a6-511ec217d887:192.168.34.62:40420, b9cfa588-8e56-4331-be2f-4c26f25c6739:192.168.34.62:34777], old=null
2019-10-17 06:48:26,301 [grpc-default-executor-1] INFO  impl.RaftServerImpl (RaftServerImpl.java:setRole(184)) - b9cfa588-8e56-4331-be2f-4c26f25c6739@group-21BA9BD4283D: changes role from  FOLLOWER to FOLLOWER at term 403 for recognizeCandidate:7c431f9d-51bc-458b-a3a6-511ec217d887
2019-10-17 06:48:26,301 [grpc-default-executor-2] INFO  impl.RaftServerImpl (RaftServerImpl.java:setRole(184)) - 67f35358-9777-4ff9-96f4-8a61bc3a94fe@group-21BA9BD4283D: changes role from  FOLLOWER to FOLLOWER at term 403 for recognizeCandidate:7c431f9d-51bc-458b-a3a6-511ec217d887
2019-10-17 06:48:26,301 [grpc-default-executor-1] INFO  impl.RoleInfo (RoleInfo.java:shutdownFollowerState(121)) - b9cfa588-8e56-4331-be2f-4c26f25c6739: shutdown FollowerState
2019-10-17 06:48:26,301 [grpc-default-executor-2] INFO  impl.RoleInfo (RoleInfo.java:shutdownFollowerState(121)) - 67f35358-9777-4ff9-96f4-8a61bc3a94fe: shutdown FollowerState
2019-10-17 06:48:26,301 [Thread-3658] INFO  impl.FollowerState (FollowerState.java:run(117)) - b9cfa588-8e56-4331-be2f-4c26f25c6739@group-21BA9BD4283D-FollowerState was interrupted: java.lang.InterruptedException: sleep interrupted
2019-10-17 06:48:26,301 [grpc-default-executor-1] INFO  impl.RoleInfo (RoleInfo.java:updateAndGet(143)) - b9cfa588-8e56-4331-be2f-4c26f25c6739: start FollowerState
2019-10-17 06:48:26,301 [Thread-3657] INFO  impl.FollowerState (FollowerState.java:run(117)) - 67f35358-9777-4ff9-96f4-8a61bc3a94fe@group-21BA9BD4283D-FollowerState was interrupted: java.lang.InterruptedException: sleep interrupted
2019-10-17 06:48:26,301 [grpc-default-executor-2] INFO  impl.RoleInfo (RoleInfo.java:updateAndGet(143)) - 67f35358-9777-4ff9-96f4-8a61bc3a94fe: start FollowerState
2019-10-17 06:48:26,315 [7c431f9d-51bc-458b-a3a6-511ec217d887@group-21BA9BD4283D-LeaderElection445] INFO  impl.LeaderElection (LeaderElection.java:logAndReturn(56)) - 7c431f9d-51bc-458b-a3a6-511ec217d887@group-21BA9BD4283D-LeaderElection445: Election REJECTED; received 2 response(s) [7c431f9d-51bc-458b-a3a6-511ec217d887<-67f35358-9777-4ff9-96f4-8a61bc3a94fe#0:FAIL-t403, 7c431f9d-51bc-458b-a3a6-511ec217d887<-b9cfa588-8e56-4331-be2f-4c26f25c6739#0:FAIL-t403] and 0 exception(s); 7c431f9d-51bc-458b-a3a6-511ec217d887@group-21BA9BD4283D:t403, leader=null, voted=7c431f9d-51bc-458b-a3a6-511ec217d887, raftlog=7c431f9d-51bc-458b-a3a6-511ec217d887@group-21BA9BD4283D-SegmentedRaftLog:OPENED:c-1,f-1,i0, conf=-1: [67f35358-9777-4ff9-96f4-8a61bc3a94fe:192.168.34.62:37037, 7c431f9d-51bc-458b-a3a6-511ec217d887:192.168.34.62:40420, b9cfa588-8e56-4331-be2f-4c26f25c6739:192.168.34.62:34777], old=null
2019-10-17 06:48:26,315 [7c431f9d-51bc-458b-a3a6-511ec217d887@group-21BA9BD4283D-LeaderElection445] INFO  impl.RaftServerImpl (RaftServerImpl.java:setRole(184)) - 7c431f9d-51bc-458b-a3a6-511ec217d887@group-21BA9BD4283D: changes role from CANDIDATE to FOLLOWER at term 403 for DISCOVERED_A_NEW_TERM
2019-10-17 06:48:26,315 [7c431f9d-51bc-458b-a3a6-511ec217d887@group-21BA9BD4283D-LeaderElection445] INFO  impl.RoleInfo (RoleInfo.java:shutdownLeaderElection(134)) - 7c431f9d-51bc-458b-a3a6-511ec217d887: shutdown LeaderElection
2019-10-17 06:48:26,315 [7c431f9d-51bc-458b-a3a6-511ec217d887@group-21BA9BD4283D-LeaderElection445] INFO  impl.RoleInfo (RoleInfo.java:updateAndGet(143)) - 7c431f9d-51bc-458b-a3a6-511ec217d887: start FollowerState
2019-10-17 06:48:26,320 [Thread-3665] INFO  impl.FollowerState (FollowerState.java:run(108)) - 7c431f9d-51bc-458b-a3a6-511ec217d887@group-21BA9BD4283D-FollowerState: change to CANDIDATE, lastRpcTime:4ms, electionTimeout:4ms
2019-10-17 06:48:26,320 [Thread-3665] INFO  impl.RoleInfo (RoleInfo.java:shutdownFollowerState(121)) - 7c431f9d-51bc-458b-a3a6-511ec217d887: shutdown FollowerState
2019-10-17 06:48:26,320 [Thread-3665] INFO  impl.RaftServerImpl (RaftServerImpl.java:setRole(184)) - 7c431f9d-51bc-458b-a3a6-511ec217d887@group-21BA9BD4283D: changes role from  FOLLOWER to CANDIDATE at term 403 for changeToCandidate
2019-10-17 06:48:26,320 [Thread-3665] INFO  impl.RoleInfo (RoleInfo.java:updateAndGet(143)) - 7c431f9d-51bc-458b-a3a6-511ec217d887: start LeaderElection
2019-10-17 06:48:26,341 [7c431f9d-51bc-458b-a3a6-511ec217d887@group-21BA9BD4283D-LeaderElection446] INFO  impl.LeaderElection (LeaderElection.java:askForVotes(178)) - 7c431f9d-51bc-458b-a3a6-511ec217d887@group-21BA9BD4283D-LeaderElection446: begin an election at term 404 for -1: [67f35358-9777-4ff9-96f4-8a61bc3a94fe:192.168.34.62:37037, 7c431f9d-51bc-458b-a3a6-511ec217d887:192.168.34.62:40420, b9cfa588-8e56-4331-be2f-4c26f25c6739:192.168.34.62:34777], old=null
2019-10-17 06:48:26,342 [grpc-default-executor-1] INFO  impl.RaftServerImpl (RaftServerImpl.java:setRole(184)) - b9cfa588-8e56-4331-be2f-4c26f25c6739@group-21BA9BD4283D: changes role from  FOLLOWER to FOLLOWER at term 404 for recognizeCandidate:7c431f9d-51bc-458b-a3a6-511ec217d887
2019-10-17 06:48:26,342 [grpc-default-executor-1] INFO  impl.RoleInfo (RoleInfo.java:shutdownFollowerState(121)) - b9cfa588-8e56-4331-be2f-4c26f25c6739: shutdown FollowerState
2019-10-17 06:48:26,342 [grpc-default-executor-2] INFO  impl.RaftServerImpl (RaftServerImpl.java:setRole(184)) - 67f35358-9777-4ff9-96f4-8a61bc3a94fe@group-21BA9BD4283D: changes role from  FOLLOWER to FOLLOWER at term 404 for recognizeCandidate:7c431f9d-51bc-458b-a3a6-511ec217d887
2019-10-17 06:48:26,342 [grpc-default-executor-2] INFO  impl.RoleInfo (RoleInfo.java:shutdownFollowerState(121)) - 67f35358-9777-4ff9-96f4-8a61bc3a94fe: shutdown FollowerState
2019-10-17 06:48:26,342 [Thread-3663] INFO  impl.FollowerState (FollowerState.java:run(117)) - b9cfa588-8e56-4331-be2f-4c26f25c6739@group-21BA9BD4283D-FollowerState was interrupted: java.lang.InterruptedException: sleep interrupted
2019-10-17 06:48:26,342 [grpc-default-executor-1] INFO  impl.RoleInfo (RoleInfo.java:updateAndGet(143)) - b9cfa588-8e56-4331-be2f-4c26f25c6739: start FollowerState
2019-10-17 06:48:26,343 [Thread-3664] INFO  impl.FollowerState (FollowerState.java:run(117)) - 67f35358-9777-4ff9-96f4-8a61bc3a94fe@group-21BA9BD4283D-FollowerState was interrupted: java.lang.InterruptedException: sleep interrupted
2019-10-17 06:48:26,343 [grpc-default-executor-2] INFO  impl.RoleInfo (RoleInfo.java:updateAndGet(143)) - 67f35358-9777-4ff9-96f4-8a61bc3a94fe: start FollowerState
2019-10-17 06:48:26,357 [7c431f9d-51bc-458b-a3a6-511ec217d887@group-21BA9BD4283D-LeaderElection446] INFO  impl.LeaderElection (LeaderElection.java:logAndReturn(56)) - 7c431f9d-51bc-458b-a3a6-511ec217d887@group-21BA9BD4283D-LeaderElection446: Election REJECTED; received 2 response(s) [7c431f9d-51bc-458b-a3a6-511ec217d887<-67f35358-9777-4ff9-96f4-8a61bc3a94fe#0:FAIL-t404, 7c431f9d-51bc-458b-a3a6-511ec217d887<-b9cfa588-8e56-4331-be2f-4c26f25c6739#0:FAIL-t404] and 0 exception(s); 7c431f9d-51bc-458b-a3a6-511ec217d887@group-21BA9BD4283D:t404, leader=null, voted=7c431f9d-51bc-458b-a3a6-511ec217d887, raftlog=7c431f9d-51bc-458b-a3a6-511ec217d887@group-21BA9BD4283D-SegmentedRaftLog:OPENED:c-1,f-1,i0, conf=-1: [67f35358-9777-4ff9-96f4-8a61bc3a94fe:192.168.34.62:37037, 7c431f9d-51bc-458b-a3a6-511ec217d887:192.168.34.62:40420, b9cfa588-8e56-4331-be2f-4c26f25c6739:192.168.34.62:34777], old=null
2019-10-17 06:48:26,357 [7c431f9d-51bc-458b-a3a6-511ec217d887@group-21BA9BD4283D-LeaderElection446] INFO  impl.RaftServerImpl (RaftServerImpl.java:setRole(184)) - 7c431f9d-51bc-458b-a3a6-511ec217d887@group-21BA9BD4283D: changes role from CANDIDATE to FOLLOWER at term 404 for DISCOVERED_A_NEW_TERM
2019-10-17 06:48:26,357 [7c431f9d-51bc-458b-a3a6-511ec217d887@group-21BA9BD4283D-LeaderElection446] INFO  impl.RoleInfo (RoleInfo.java:shutdownLeaderElection(134)) - 7c431f9d-51bc-458b-a3a6-511ec217d887: shutdown LeaderElection
2019-10-17 06:48:26,357 [7c431f9d-51bc-458b-a3a6-511ec217d887@group-21BA9BD4283D-LeaderElection446] INFO  impl.RoleInfo (RoleInfo.java:updateAndGet(143)) - 7c431f9d-51bc-458b-a3a6-511ec217d887: start FollowerState
2019-10-17 06:48:26,402 [Thread-3671] INFO  impl.FollowerState (FollowerState.java:run(108)) - 7c431f9d-51bc-458b-a3a6-511ec217d887@group-21BA9BD4283D-FollowerState: change to CANDIDATE, lastRpcTime:45ms, electionTimeout:45ms
2019-10-17 06:48:26,402 [Thread-3671] INFO  impl.RoleInfo (RoleInfo.java:shutdownFollowerState(121)) - 7c431f9d-51bc-458b-a3a6-511ec217d887: shutdown FollowerState
2019-10-17 06:48:26,403 [Thread-3671] INFO  impl.RaftServerImpl (RaftServerImpl.java:setRole(184)) - 7c431f9d-51bc-458b-a3a6-511ec217d887@group-21BA9BD4283D: changes role from  FOLLOWER to CANDIDATE at term 404 for changeToCandidate
2019-10-17 06:48:26,403 [Thread-3671] INFO  impl.RoleInfo (RoleInfo.java:updateAndGet(143)) - 7c431f9d-51bc-458b-a3a6-511ec217d887: start LeaderElection
2019-10-17 06:48:26,437 [7c431f9d-51bc-458b-a3a6-511ec217d887@group-21BA9BD4283D-LeaderElection447] INFO  impl.LeaderElection (LeaderElection.java:askForVotes(178)) - 7c431f9d-51bc-458b-a3a6-511ec217d887@group-21BA9BD4283D-LeaderElection447: begin an election at term 405 for -1: [67f35358-9777-4ff9-96f4-8a61bc3a94fe:192.168.34.62:37037, 7c431f9d-51bc-458b-a3a6-511ec217d887:192.168.34.62:40420, b9cfa588-8e56-4331-be2f-4c26f25c6739:192.168.34.62:34777], old=null
2019-10-17 06:48:26,438 [grpc-default-executor-1] INFO  impl.RaftServerImpl (RaftServerImpl.java:setRole(184)) - 67f35358-9777-4ff9-96f4-8a61bc3a94fe@group-21BA9BD4283D: changes role from  FOLLOWER to FOLLOWER at term 405 for recognizeCandidate:7c431f9d-51bc-458b-a3a6-511ec217d887
2019-10-17 06:48:26,438 [grpc-default-executor-2] INFO  impl.RaftServerImpl (RaftServerImpl.java:setRole(184)) - b9cfa588-8e56-4331-be2f-4c26f25c6739@group-21BA9BD4283D: changes role from  FOLLOWER to FOLLOWER at term 405 for recognizeCandidate:7c431f9d-51bc-458b-a3a6-511ec217d887
2019-10-17 06:48:26,439 [grpc-default-executor-2] INFO  impl.RoleInfo (RoleInfo.java:shutdownFollowerState(121)) - b9cfa588-8e56-4331-be2f-4c26f25c6739: shutdown FollowerState
2019-10-17 06:48:26,438 [grpc-default-executor-1] INFO  impl.RoleInfo (RoleInfo.java:shutdownFollowerState(121)) - 67f35358-9777-4ff9-96f4-8a61bc3a94fe: shutdown FollowerState
2019-10-17 06:48:26,439 [Thread-3669] INFO  impl.FollowerState (FollowerState.java:run(117)) - b9cfa588-8e56-4331-be2f-4c26f25c6739@group-21BA9BD4283D-FollowerState was interrupted: java.lang.InterruptedException: sleep interrupted
2019-10-17 06:48:26,439 [grpc-default-executor-2] INFO  impl.RoleInfo (RoleInfo.java:updateAndGet(143)) - b9cfa588-8e56-4331-be2f-4c26f25c6739: start FollowerState
2019-10-17 06:48:26,439 [Thread-3670] INFO  impl.FollowerState (FollowerState.java:run(117)) - 67f35358-9777-4ff9-96f4-8a61bc3a94fe@group-21BA9BD4283D-FollowerState was interrupted: java.lang.InterruptedException: sleep interrupted
2019-10-17 06:48:26,439 [grpc-default-executor-1] INFO  impl.RoleInfo (RoleInfo.java:updateAndGet(143)) - 67f35358-9777-4ff9-96f4-8a61bc3a94fe: start FollowerState
2019-10-17 06:48:26,453 [7c431f9d-51bc-458b-a3a6-511ec217d887@group-21BA9BD4283D-LeaderElection447] INFO  impl.LeaderElection (LeaderElection.java:logAndReturn(56)) - 7c431f9d-51bc-458b-a3a6-511ec217d887@group-21BA9BD4283D-LeaderElection447: Election REJECTED; received 2 response(s) [7c431f9d-51bc-458b-a3a6-511ec217d887<-67f35358-9777-4ff9-96f4-8a61bc3a94fe#0:FAIL-t405, 7c431f9d-51bc-458b-a3a6-511ec217d887<-b9cfa588-8e56-4331-be2f-4c26f25c6739#0:FAIL-t405] and 0 exception(s); 7c431f9d-51bc-458b-a3a6-511ec217d887@group-21BA9BD4283D:t405, leader=null, voted=7c431f9d-51bc-458b-a3a6-511ec217d887, raftlog=7c431f9d-51bc-458b-a3a6-511ec217d887@group-21BA9BD4283D-SegmentedRaftLog:OPENED:c-1,f-1,i0, conf=-1: [67f35358-9777-4ff9-96f4-8a61bc3a94fe:192.168.34.62:37037, 7c431f9d-51bc-458b-a3a6-511ec217d887:192.168.34.62:40420, b9cfa588-8e56-4331-be2f-4c26f25c6739:192.168.34.62:34777], old=null
2019-10-17 06:48:26,453 [7c431f9d-51bc-458b-a3a6-511ec217d887@group-21BA9BD4283D-LeaderElection447] INFO  impl.RaftServerImpl (RaftServerImpl.java:setRole(184)) - 7c431f9d-51bc-458b-a3a6-511ec217d887@group-21BA9BD4283D: changes role from CANDIDATE to FOLLOWER at term 405 for DISCOVERED_A_NEW_TERM
2019-10-17 06:48:26,453 [7c431f9d-51bc-458b-a3a6-511ec217d887@group-21BA9BD4283D-LeaderElection447] INFO  impl.RoleInfo (RoleInfo.java:shutdownLeaderElection(134)) - 7c431f9d-51bc-458b-a3a6-511ec217d887: shutdown LeaderElection
2019-10-17 06:48:26,453 [7c431f9d-51bc-458b-a3a6-511ec217d887@group-21BA9BD4283D-LeaderElection447] INFO  impl.RoleInfo (RoleInfo.java:updateAndGet(143)) - 7c431f9d-51bc-458b-a3a6-511ec217d887: start FollowerState
2019-10-17 06:48:26,605 [Thread-3677] INFO  impl.FollowerState (FollowerState.java:run(108)) - 7c431f9d-51bc-458b-a3a6-511ec217d887@group-21BA9BD4283D-FollowerState: change to CANDIDATE, lastRpcTime:151ms, electionTimeout:151ms
2019-10-17 06:48:26,605 [Thread-3677] INFO  impl.RoleInfo (RoleInfo.java:shutdownFollowerState(121)) - 7c431f9d-51bc-458b-a3a6-511ec217d887: shutdown FollowerState
2019-10-17 06:48:26,605 [Thread-3677] INFO  impl.RaftServerImpl (RaftServerImpl.java:setRole(184)) - 7c431f9d-51bc-458b-a3a6-511ec217d887@group-21BA9BD4283D: changes role from  FOLLOWER to CANDIDATE at term 405 for changeToCandidate
2019-10-17 06:48:26,605 [Thread-3677] INFO  impl.RoleInfo (RoleInfo.java:updateAndGet(143)) - 7c431f9d-51bc-458b-a3a6-511ec217d887: start LeaderElection
2019-10-17 06:48:26,630 [7c431f9d-51bc-458b-a3a6-511ec217d887@group-21BA9BD4283D-LeaderElection448] INFO  impl.LeaderElection (LeaderElection.java:askForVotes(178)) - 7c431f9d-51bc-458b-a3a6-511ec217d887@group-21BA9BD4283D-LeaderElection448: begin an election at term 406 for -1: [67f35358-9777-4ff9-96f4-8a61bc3a94fe:192.168.34.62:37037, 7c431f9d-51bc-458b-a3a6-511ec217d887:192.168.34.62:40420, b9cfa588-8e56-4331-be2f-4c26f25c6739:192.168.34.62:34777], old=null
2019-10-17 06:48:26,632 [grpc-default-executor-1] INFO  impl.RaftServerImpl (RaftServerImpl.java:setRole(184)) - b9cfa588-8e56-4331-be2f-4c26f25c6739@group-21BA9BD4283D: changes role from  FOLLOWER to FOLLOWER at term 406 for recognizeCandidate:7c431f9d-51bc-458b-a3a6-511ec217d887
2019-10-17 06:48:26,632 [grpc-default-executor-1] INFO  impl.RoleInfo (RoleInfo.java:shutdownFollowerState(121)) - b9cfa588-8e56-4331-be2f-4c26f25c6739: shutdown FollowerState
2019-10-17 06:48:26,632 [grpc-default-executor-1] INFO  impl.RoleInfo (RoleInfo.java:updateAndGet(143)) - b9cfa588-8e56-4331-be2f-4c26f25c6739: start FollowerState
2019-10-17 06:48:26,632 [Thread-3675] INFO  impl.FollowerState (FollowerState.java:run(117)) - b9cfa588-8e56-4331-be2f-4c26f25c6739@group-21BA9BD4283D-FollowerState was interrupted: java.lang.InterruptedException: sleep interrupted
2019-10-17 06:48:26,634 [grpc-default-executor-2] INFO  impl.RaftServerImpl (RaftServerImpl.java:setRole(184)) - 67f35358-9777-4ff9-96f4-8a61bc3a94fe@group-21BA9BD4283D: changes role from  FOLLOWER to FOLLOWER at term 406 for recognizeCandidate:7c431f9d-51bc-458b-a3a6-511ec217d887
2019-10-17 06:48:26,634 [grpc-default-executor-2] INFO  impl.RoleInfo (RoleInfo.java:shutdownFollowerState(121)) - 67f35358-9777-4ff9-96f4-8a61bc3a94fe: shutdown FollowerState
2019-10-17 06:48:26,634 [grpc-default-executor-2] INFO  impl.RoleInfo (RoleInfo.java:updateAndGet(143)) - 67f35358-9777-4ff9-96f4-8a61bc3a94fe: start FollowerState
2019-10-17 06:48:26,634 [Thread-3676] INFO  impl.FollowerState (FollowerState.java:run(117)) - 67f35358-9777-4ff9-96f4-8a61bc3a94fe@group-21BA9BD4283D-FollowerState was interrupted: java.lang.InterruptedException: sleep interrupted
2019-10-17 06:48:26,647 [7c431f9d-51bc-458b-a3a6-511ec217d887@group-21BA9BD4283D-LeaderElection448] INFO  impl.LeaderElection (LeaderElection.java:logAndReturn(56)) - 7c431f9d-51bc-458b-a3a6-511ec217d887@group-21BA9BD4283D-LeaderElection448: Election REJECTED; received 2 response(s) [7c431f9d-51bc-458b-a3a6-511ec217d887<-67f35358-9777-4ff9-96f4-8a61bc3a94fe#0:FAIL-t406, 7c431f9d-51bc-458b-a3a6-511ec217d887<-b9cfa588-8e56-4331-be2f-4c26f25c6739#0:FAIL-t406] and 0 exception(s); 7c431f9d-51bc-458b-a3a6-511ec217d887@group-21BA9BD4283D:t406, leader=null, voted=7c431f9d-51bc-458b-a3a6-511ec217d887, raftlog=7c431f9d-51bc-458b-a3a6-511ec217d887@group-21BA9BD4283D-SegmentedRaftLog:OPENED:c-1,f-1,i0, conf=-1: [67f35358-9777-4ff9-96f4-8a61bc3a94fe:192.168.34.62:37037, 7c431f9d-51bc-458b-a3a6-511ec217d887:192.168.34.62:40420, b9cfa588-8e56-4331-be2f-4c26f25c6739:192.168.34.62:34777], old=null
2019-10-17 06:48:26,647 [7c431f9d-51bc-458b-a3a6-511ec217d887@group-21BA9BD4283D-LeaderElection448] INFO  impl.RaftServerImpl (RaftServerImpl.java:setRole(184)) - 7c431f9d-51bc-458b-a3a6-511ec217d887@group-21BA9BD4283D: changes role from CANDIDATE to FOLLOWER at term 406 for DISCOVERED_A_NEW_TERM
2019-10-17 06:48:26,648 [7c431f9d-51bc-458b-a3a6-511ec217d887@group-21BA9BD4283D-LeaderElection448] INFO  impl.RoleInfo (RoleInfo.java:shutdownLeaderElection(134)) - 7c431f9d-51bc-458b-a3a6-511ec217d887: shutdown LeaderElection
2019-10-17 06:48:26,648 [7c431f9d-51bc-458b-a3a6-511ec217d887@group-21BA9BD4283D-LeaderElection448] INFO  impl.RoleInfo (RoleInfo.java:updateAndGet(143)) - 7c431f9d-51bc-458b-a3a6-511ec217d887: start FollowerState
2019-10-17 06:48:26,680 [Thread-3683] INFO  impl.FollowerState (FollowerState.java:run(108)) - 7c431f9d-51bc-458b-a3a6-511ec217d887@group-21BA9BD4283D-FollowerState: change to CANDIDATE, lastRpcTime:32ms, electionTimeout:32ms
2019-10-17 06:48:26,680 [Thread-3683] INFO  impl.RoleInfo (RoleInfo.java:shutdownFollowerState(121)) - 7c431f9d-51bc-458b-a3a6-511ec217d887: shutdown FollowerState
2019-10-17 06:48:26,680 [Thread-3683] INFO  impl.RaftServerImpl (RaftServerImpl.java:setRole(184)) - 7c431f9d-51bc-458b-a3a6-511ec217d887@group-21BA9BD4283D: changes role from  FOLLOWER to CANDIDATE at term 406 for changeToCandidate
2019-10-17 06:48:26,680 [Thread-3683] INFO  impl.RoleInfo (RoleInfo.java:updateAndGet(143)) - 7c431f9d-51bc-458b-a3a6-511ec217d887: start LeaderElection
2019-10-17 06:48:26,684 [7c431f9d-51bc-458b-a3a6-511ec217d887@group-21BA9BD4283D-LeaderElection449] INFO  impl.LeaderElection (LeaderElection.java:askForVotes(178)) - 7c431f9d-51bc-458b-a3a6-511ec217d887@group-21BA9BD4283D-LeaderElection449: begin an election at term 407 for -1: [67f35358-9777-4ff9-96f4-8a61bc3a94fe:192.168.34.62:37037, 7c431f9d-51bc-458b-a3a6-511ec217d887:192.168.34.62:40420, b9cfa588-8e56-4331-be2f-4c26f25c6739:192.168.34.62:34777], old=null
2019-10-17 06:48:26,685 [grpc-default-executor-2] INFO  impl.RaftServerImpl (RaftServerImpl.java:setRole(184)) - 67f35358-9777-4ff9-96f4-8a61bc3a94fe@group-21BA9BD4283D: changes role from  FOLLOWER to FOLLOWER at term 407 for recognizeCandidate:7c431f9d-51bc-458b-a3a6-511ec217d887
2019-10-17 06:48:26,685 [grpc-default-executor-2] INFO  impl.RoleInfo (RoleInfo.java:shutdownFollowerState(121)) - 67f35358-9777-4ff9-96f4-8a61bc3a94fe: shutdown FollowerState
2019-10-17 06:48:26,685 [grpc-default-executor-1] INFO  impl.RaftServerImpl (RaftServerImpl.java:setRole(184)) - b9cfa588-8e56-4331-be2f-4c26f25c6739@group-21BA9BD4283D: changes role from  FOLLOWER to FOLLOWER at term 407 for recognizeCandidate:7c431f9d-51bc-458b-a3a6-511ec217d887
2019-10-17 06:48:26,686 [grpc-default-executor-1] INFO  impl.RoleInfo (RoleInfo.java:shutdownFollowerState(121)) - b9cfa588-8e56-4331-be2f-4c26f25c6739: shutdown FollowerState
2019-10-17 06:48:26,686 [Thread-3682] INFO  impl.FollowerState (FollowerState.java:run(117)) - 67f35358-9777-4ff9-96f4-8a61bc3a94fe@group-21BA9BD4283D-FollowerState was interrupted: java.lang.InterruptedException: sleep interrupted
2019-10-17 06:48:26,685 [grpc-default-executor-2] INFO  impl.RoleInfo (RoleInfo.java:updateAndGet(143)) - 67f35358-9777-4ff9-96f4-8a61bc3a94fe: start FollowerState
2019-10-17 06:48:26,686 [Thread-3681] INFO  impl.FollowerState (FollowerState.java:run(117)) - b9cfa588-8e56-4331-be2f-4c26f25c6739@group-21BA9BD4283D-FollowerState was interrupted: java.lang.InterruptedException: sleep interrupted
2019-10-17 06:48:26,686 [grpc-default-executor-1] INFO  impl.RoleInfo (RoleInfo.java:updateAndGet(143)) - b9cfa588-8e56-4331-be2f-4c26f25c6739: start FollowerState
2019-10-17 06:48:26,712 [7c431f9d-51bc-458b-a3a6-511ec217d887@group-21BA9BD4283D-LeaderElection449] INFO  impl.LeaderElection (LeaderElection.java:logAndReturn(56)) - 7c431f9d-51bc-458b-a3a6-511ec217d887@group-21BA9BD4283D-LeaderElection449: Election REJECTED; received 2 response(s) [7c431f9d-51bc-458b-a3a6-511ec217d887<-67f35358-9777-4ff9-96f4-8a61bc3a94fe#0:FAIL-t407, 7c431f9d-51bc-458b-a3a6-511ec217d887<-b9cfa588-8e56-4331-be2f-4c26f25c6739#0:FAIL-t407] and 0 exception(s); 7c431f9d-51bc-458b-a3a6-511ec217d887@group-21BA9BD4283D:t407, leader=null, voted=7c431f9d-51bc-458b-a3a6-511ec217d887, raftlog=7c431f9d-51bc-458b-a3a6-511ec217d887@group-21BA9BD4283D-SegmentedRaftLog:OPENED:c-1,f-1,i0, conf=-1: [67f35358-9777-4ff9-96f4-8a61bc3a94fe:192.168.34.62:37037, 7c431f9d-51bc-458b-a3a6-511ec217d887:192.168.34.62:40420, b9cfa588-8e56-4331-be2f-4c26f25c6739:192.168.34.62:34777], old=null
2019-10-17 06:48:26,712 [7c431f9d-51bc-458b-a3a6-511ec217d887@group-21BA9BD4283D-LeaderElection449] INFO  impl.RaftServerImpl (RaftServerImpl.java:setRole(184)) - 7c431f9d-51bc-458b-a3a6-511ec217d887@group-21BA9BD4283D: changes role from CANDIDATE to FOLLOWER at term 407 for DISCOVERED_A_NEW_TERM
2019-10-17 06:48:26,712 [7c431f9d-51bc-458b-a3a6-511ec217d887@group-21BA9BD4283D-LeaderElection449] INFO  impl.RoleInfo (RoleInfo.java:shutdownLeaderElection(134)) - 7c431f9d-51bc-458b-a3a6-511ec217d887: shutdown LeaderElection
2019-10-17 06:48:26,712 [7c431f9d-51bc-458b-a3a6-511ec217d887@group-21BA9BD4283D-LeaderElection449] INFO  impl.RoleInfo (RoleInfo.java:updateAndGet(143)) - 7c431f9d-51bc-458b-a3a6-511ec217d887: start FollowerState
2019-10-17 06:48:26,793 [Thread-3689] INFO  impl.FollowerState (FollowerState.java:run(108)) - 7c431f9d-51bc-458b-a3a6-511ec217d887@group-21BA9BD4283D-FollowerState: change to CANDIDATE, lastRpcTime:80ms, electionTimeout:80ms
2019-10-17 06:48:26,793 [Thread-3689] INFO  impl.RoleInfo (RoleInfo.java:shutdownFollowerState(121)) - 7c431f9d-51bc-458b-a3a6-511ec217d887: shutdown FollowerState
2019-10-17 06:48:26,793 [Thread-3689] INFO  impl.RaftServerImpl (RaftServerImpl.java:setRole(184)) - 7c431f9d-51bc-458b-a3a6-511ec217d887@group-21BA9BD4283D: changes role from  FOLLOWER to CANDIDATE at term 407 for changeToCandidate
2019-10-17 06:48:26,793 [Thread-3689] INFO  impl.RoleInfo (RoleInfo.java:updateAndGet(143)) - 7c431f9d-51bc-458b-a3a6-511ec217d887: start LeaderElection
2019-10-17 06:48:26,806 [7c431f9d-51bc-458b-a3a6-511ec217d887@group-21BA9BD4283D-LeaderElection450] INFO  impl.LeaderElection (LeaderElection.java:askForVotes(178)) - 7c431f9d-51bc-458b-a3a6-511ec217d887@group-21BA9BD4283D-LeaderElection450: begin an election at term 408 for -1: [67f35358-9777-4ff9-96f4-8a61bc3a94fe:192.168.34.62:37037, 7c431f9d-51bc-458b-a3a6-511ec217d887:192.168.34.62:40420, b9cfa588-8e56-4331-be2f-4c26f25c6739:192.168.34.62:34777], old=null
2019-10-17 06:48:26,808 [grpc-default-executor-1] INFO  impl.RaftServerImpl (RaftServerImpl.java:setRole(184)) - 67f35358-9777-4ff9-96f4-8a61bc3a94fe@group-21BA9BD4283D: changes role from  FOLLOWER to FOLLOWER at term 408 for recognizeCandidate:7c431f9d-51bc-458b-a3a6-511ec217d887
2019-10-17 06:48:26,808 [grpc-default-executor-2] INFO  impl.RaftServerImpl (RaftServerImpl.java:setRole(184)) - b9cfa588-8e56-4331-be2f-4c26f25c6739@group-21BA9BD4283D: changes role from  FOLLOWER to FOLLOWER at term 408 for recognizeCandidate:7c431f9d-51bc-458b-a3a6-511ec217d887
2019-10-17 06:48:26,808 [grpc-default-executor-2] INFO  impl.RoleInfo (RoleInfo.java:shutdownFollowerState(121)) - b9cfa588-8e56-4331-be2f-4c26f25c6739: shutdown FollowerState
2019-10-17 06:48:26,808 [grpc-default-executor-1] INFO  impl.RoleInfo (RoleInfo.java:shutdownFollowerState(121)) - 67f35358-9777-4ff9-96f4-8a61bc3a94fe: shutdown FollowerState
2019-10-17 06:48:26,808 [Thread-3688] INFO  impl.FollowerState (FollowerState.java:run(117)) - b9cfa588-8e56-4331-be2f-4c26f25c6739@group-21BA9BD4283D-FollowerState was interrupted: java.lang.InterruptedException: sleep interrupted
2019-10-17 06:48:26,808 [grpc-default-executor-2] INFO  impl.RoleInfo (RoleInfo.java:updateAndGet(143)) - b9cfa588-8e56-4331-be2f-4c26f25c6739: start FollowerState
2019-10-17 06:48:26,808 [grpc-default-executor-1] INFO  impl.RoleInfo (RoleInfo.java:updateAndGet(143)) - 67f35358-9777-4ff9-96f4-8a61bc3a94fe: start FollowerState
2019-10-17 06:48:26,808 [Thread-3687] INFO  impl.FollowerState (FollowerState.java:run(117)) - 67f35358-9777-4ff9-96f4-8a61bc3a94fe@group-21BA9BD4283D-FollowerState was interrupted: java.lang.InterruptedException: sleep interrupted
2019-10-17 06:48:26,833 [7c431f9d-51bc-458b-a3a6-511ec217d887@group-21BA9BD4283D-LeaderElection450] INFO  impl.LeaderElection (LeaderElection.java:logAndReturn(56)) - 7c431f9d-51bc-458b-a3a6-511ec217d887@group-21BA9BD4283D-LeaderElection450: Election REJECTED; received 2 response(s) [7c431f9d-51bc-458b-a3a6-511ec217d887<-67f35358-9777-4ff9-96f4-8a61bc3a94fe#0:FAIL-t408, 7c431f9d-51bc-458b-a3a6-511ec217d887<-b9cfa588-8e56-4331-be2f-4c26f25c6739#0:FAIL-t408] and 0 exception(s); 7c431f9d-51bc-458b-a3a6-511ec217d887@group-21BA9BD4283D:t408, leader=null, voted=7c431f9d-51bc-458b-a3a6-511ec217d887, raftlog=7c431f9d-51bc-458b-a3a6-511ec217d887@group-21BA9BD4283D-SegmentedRaftLog:OPENED:c-1,f-1,i0, conf=-1: [67f35358-9777-4ff9-96f4-8a61bc3a94fe:192.168.34.62:37037, 7c431f9d-51bc-458b-a3a6-511ec217d887:192.168.34.62:40420, b9cfa588-8e56-4331-be2f-4c26f25c6739:192.168.34.62:34777], old=null
2019-10-17 06:48:26,833 [7c431f9d-51bc-458b-a3a6-511ec217d887@group-21BA9BD4283D-LeaderElection450] INFO  impl.RaftServerImpl (RaftServerImpl.java:setRole(184)) - 7c431f9d-51bc-458b-a3a6-511ec217d887@group-21BA9BD4283D: changes role from CANDIDATE to FOLLOWER at term 408 for DISCOVERED_A_NEW_TERM
2019-10-17 06:48:26,833 [7c431f9d-51bc-458b-a3a6-511ec217d887@group-21BA9BD4283D-LeaderElection450] INFO  impl.RoleInfo (RoleInfo.java:shutdownLeaderElection(134)) - 7c431f9d-51bc-458b-a3a6-511ec217d887: shutdown LeaderElection
2019-10-17 06:48:26,833 [7c431f9d-51bc-458b-a3a6-511ec217d887@group-21BA9BD4283D-LeaderElection450] INFO  impl.RoleInfo (RoleInfo.java:updateAndGet(143)) - 7c431f9d-51bc-458b-a3a6-511ec217d887: start FollowerState
2019-10-17 06:48:26,943 [Thread-3695] INFO  impl.FollowerState (FollowerState.java:run(108)) - 7c431f9d-51bc-458b-a3a6-511ec217d887@group-21BA9BD4283D-FollowerState: change to CANDIDATE, lastRpcTime:109ms, electionTimeout:109ms
2019-10-17 06:48:26,943 [Thread-3695] INFO  impl.RoleInfo (RoleInfo.java:shutdownFollowerState(121)) - 7c431f9d-51bc-458b-a3a6-511ec217d887: shutdown FollowerState
2019-10-17 06:48:26,943 [Thread-3695] INFO  impl.RaftServerImpl (RaftServerImpl.java:setRole(184)) - 7c431f9d-51bc-458b-a3a6-511ec217d887@group-21BA9BD4283D: changes role from  FOLLOWER to CANDIDATE at term 408 for changeToCandidate
2019-10-17 06:48:26,943 [Thread-3695] INFO  impl.RoleInfo (RoleInfo.java:updateAndGet(143)) - 7c431f9d-51bc-458b-a3a6-511ec217d887: start LeaderElection
2019-10-17 06:48:26,958 [7c431f9d-51bc-458b-a3a6-511ec217d887@group-21BA9BD4283D-LeaderElection451] INFO  impl.LeaderElection (LeaderElection.java:askForVotes(178)) - 7c431f9d-51bc-458b-a3a6-511ec217d887@group-21BA9BD4283D-LeaderElection451: begin an election at term 409 for -1: [67f35358-9777-4ff9-96f4-8a61bc3a94fe:192.168.34.62:37037, 7c431f9d-51bc-458b-a3a6-511ec217d887:192.168.34.62:40420, b9cfa588-8e56-4331-be2f-4c26f25c6739:192.168.34.62:34777], old=null
2019-10-17 06:48:26,959 [grpc-default-executor-2] INFO  impl.RaftServerImpl (RaftServerImpl.java:setRole(184)) - 67f35358-9777-4ff9-96f4-8a61bc3a94fe@group-21BA9BD4283D: changes role from  FOLLOWER to FOLLOWER at term 409 for recognizeCandidate:7c431f9d-51bc-458b-a3a6-511ec217d887
2019-10-17 06:48:26,959 [grpc-default-executor-1] INFO  impl.RaftServerImpl (RaftServerImpl.java:setRole(184)) - b9cfa588-8e56-4331-be2f-4c26f25c6739@group-21BA9BD4283D: changes role from  FOLLOWER to FOLLOWER at term 409 for recognizeCandidate:7c431f9d-51bc-458b-a3a6-511ec217d887
2019-10-17 06:48:26,959 [grpc-default-executor-2] INFO  impl.RoleInfo (RoleInfo.java:shutdownFollowerState(121)) - 67f35358-9777-4ff9-96f4-8a61bc3a94fe: shutdown FollowerState
2019-10-17 06:48:26,960 [grpc-default-executor-1] INFO  impl.RoleInfo (RoleInfo.java:shutdownFollowerState(121)) - b9cfa588-8e56-4331-be2f-4c26f25c6739: shutdown FollowerState
2019-10-17 06:48:26,960 [Thread-3694] INFO  impl.FollowerState (FollowerState.java:run(117)) - 67f35358-9777-4ff9-96f4-8a61bc3a94fe@group-21BA9BD4283D-FollowerState was interrupted: java.lang.InterruptedException: sleep interrupted
2019-10-17 06:48:26,960 [grpc-default-executor-2] INFO  impl.RoleInfo (RoleInfo.java:updateAndGet(143)) - 67f35358-9777-4ff9-96f4-8a61bc3a94fe: start FollowerState
2019-10-17 06:48:26,960 [Thread-3693] INFO  impl.FollowerState (FollowerState.java:run(117)) - b9cfa588-8e56-4331-be2f-4c26f25c6739@group-21BA9BD4283D-FollowerState was interrupted: java.lang.InterruptedException: sleep interrupted
2019-10-17 06:48:26,960 [grpc-default-executor-1] INFO  impl.RoleInfo (RoleInfo.java:updateAndGet(143)) - b9cfa588-8e56-4331-be2f-4c26f25c6739: start FollowerState
2019-10-17 06:48:26,973 [7c431f9d-51bc-458b-a3a6-511ec217d887@group-21BA9BD4283D-LeaderElection451] INFO  impl.LeaderElection (LeaderElection.java:logAndReturn(56)) - 7c431f9d-51bc-458b-a3a6-511ec217d887@group-21BA9BD4283D-LeaderElection451: Election REJECTED; received 2 response(s) [7c431f9d-51bc-458b-a3a6-511ec217d887<-67f35358-9777-4ff9-96f4-8a61bc3a94fe#0:FAIL-t409, 7c431f9d-51bc-458b-a3a6-511ec217d887<-b9cfa588-8e56-4331-be2f-4c26f25c6739#0:FAIL-t409] and 0 exception(s); 7c431f9d-51bc-458b-a3a6-511ec217d887@group-21BA9BD4283D:t409, leader=null, voted=7c431f9d-51bc-458b-a3a6-511ec217d887, raftlog=7c431f9d-51bc-458b-a3a6-511ec217d887@group-21BA9BD4283D-SegmentedRaftLog:OPENED:c-1,f-1,i0, conf=-1: [67f35358-9777-4ff9-96f4-8a61bc3a94fe:192.168.34.62:37037, 7c431f9d-51bc-458b-a3a6-511ec217d887:192.168.34.62:40420, b9cfa588-8e56-4331-be2f-4c26f25c6739:192.168.34.62:34777], old=null
2019-10-17 06:48:26,973 [7c431f9d-51bc-458b-a3a6-511ec217d887@group-21BA9BD4283D-LeaderElection451] INFO  impl.RaftServerImpl (RaftServerImpl.java:setRole(184)) - 7c431f9d-51bc-458b-a3a6-511ec217d887@group-21BA9BD4283D: changes role from CANDIDATE to FOLLOWER at term 409 for DISCOVERED_A_NEW_TERM
2019-10-17 06:48:26,973 [7c431f9d-51bc-458b-a3a6-511ec217d887@group-21BA9BD4283D-LeaderElection451] INFO  impl.RoleInfo (RoleInfo.java:shutdownLeaderElection(134)) - 7c431f9d-51bc-458b-a3a6-511ec217d887: shutdown LeaderElection
2019-10-17 06:48:26,973 [7c431f9d-51bc-458b-a3a6-511ec217d887@group-21BA9BD4283D-LeaderElection451] INFO  impl.RoleInfo (RoleInfo.java:updateAndGet(143)) - 7c431f9d-51bc-458b-a3a6-511ec217d887: start FollowerState
2019-10-17 06:48:27,011 [Thread-3701] INFO  impl.FollowerState (FollowerState.java:run(108)) - 7c431f9d-51bc-458b-a3a6-511ec217d887@group-21BA9BD4283D-FollowerState: change to CANDIDATE, lastRpcTime:38ms, electionTimeout:38ms
2019-10-17 06:48:27,012 [Thread-3701] INFO  impl.RoleInfo (RoleInfo.java:shutdownFollowerState(121)) - 7c431f9d-51bc-458b-a3a6-511ec217d887: shutdown FollowerState
2019-10-17 06:48:27,012 [Thread-3701] INFO  impl.RaftServerImpl (RaftServerImpl.java:setRole(184)) - 7c431f9d-51bc-458b-a3a6-511ec217d887@group-21BA9BD4283D: changes role from  FOLLOWER to CANDIDATE at term 409 for changeToCandidate
2019-10-17 06:48:27,012 [Thread-3701] INFO  impl.RoleInfo (RoleInfo.java:updateAndGet(143)) - 7c431f9d-51bc-458b-a3a6-511ec217d887: start LeaderElection
2019-10-17 06:48:27,038 [7c431f9d-51bc-458b-a3a6-511ec217d887@group-21BA9BD4283D-LeaderElection452] INFO  impl.LeaderElection (LeaderElection.java:askForVotes(178)) - 7c431f9d-51bc-458b-a3a6-511ec217d887@group-21BA9BD4283D-LeaderElection452: begin an election at term 410 for -1: [67f35358-9777-4ff9-96f4-8a61bc3a94fe:192.168.34.62:37037, 7c431f9d-51bc-458b-a3a6-511ec217d887:192.168.34.62:40420, b9cfa588-8e56-4331-be2f-4c26f25c6739:192.168.34.62:34777], old=null
2019-10-17 06:48:27,039 [grpc-default-executor-1] INFO  impl.RaftServerImpl (RaftServerImpl.java:setRole(184)) - 67f35358-9777-4ff9-96f4-8a61bc3a94fe@group-21BA9BD4283D: changes role from  FOLLOWER to FOLLOWER at term 410 for recognizeCandidate:7c431f9d-51bc-458b-a3a6-511ec217d887
2019-10-17 06:48:27,039 [grpc-default-executor-2] INFO  impl.RaftServerImpl (RaftServerImpl.java:setRole(184)) - b9cfa588-8e56-4331-be2f-4c26f25c6739@group-21BA9BD4283D: changes role from  FOLLOWER to FOLLOWER at term 410 for recognizeCandidate:7c431f9d-51bc-458b-a3a6-511ec217d887
2019-10-17 06:48:27,039 [grpc-default-executor-1] INFO  impl.RoleInfo (RoleInfo.java:shutdownFollowerState(121)) - 67f35358-9777-4ff9-96f4-8a61bc3a94fe: shutdown FollowerState
2019-10-17 06:48:27,039 [grpc-default-executor-2] INFO  impl.RoleInfo (RoleInfo.java:shutdownFollowerState(121)) - b9cfa588-8e56-4331-be2f-4c26f25c6739: shutdown FollowerState
2019-10-17 06:48:27,040 [Thread-3699] INFO  impl.FollowerState (FollowerState.java:run(117)) - 67f35358-9777-4ff9-96f4-8a61bc3a94fe@group-21BA9BD4283D-FollowerState was interrupted: java.lang.InterruptedException: sleep interrupted
2019-10-17 06:48:27,040 [Thread-3700] INFO  impl.FollowerState (FollowerState.java:run(117)) - b9cfa588-8e56-4331-be2f-4c26f25c6739@group-21BA9BD4283D-FollowerState was interrupted: java.lang.InterruptedException: sleep interrupted
2019-10-17 06:48:27,040 [grpc-default-executor-1] INFO  impl.RoleInfo (RoleInfo.java:updateAndGet(143)) - 67f35358-9777-4ff9-96f4-8a61bc3a94fe: start FollowerState
2019-10-17 06:48:27,040 [grpc-default-executor-2] INFO  impl.RoleInfo (RoleInfo.java:updateAndGet(143)) - b9cfa588-8e56-4331-be2f-4c26f25c6739: start FollowerState
2019-10-17 06:48:27,065 [7c431f9d-51bc-458b-a3a6-511ec217d887@group-21BA9BD4283D-LeaderElection452] INFO  impl.LeaderElection (LeaderElection.java:logAndReturn(56)) - 7c431f9d-51bc-458b-a3a6-511ec217d887@group-21BA9BD4283D-LeaderElection452: Election REJECTED; received 2 response(s) [7c431f9d-51bc-458b-a3a6-511ec217d887<-67f35358-9777-4ff9-96f4-8a61bc3a94fe#0:FAIL-t410, 7c431f9d-51bc-458b-a3a6-511ec217d887<-b9cfa588-8e56-4331-be2f-4c26f25c6739#0:FAIL-t410] and 0 exception(s); 7c431f9d-51bc-458b-a3a6-511ec217d887@group-21BA9BD4283D:t410, leader=null, voted=7c431f9d-51bc-458b-a3a6-511ec217d887, raftlog=7c431f9d-51bc-458b-a3a6-511ec217d887@group-21BA9BD4283D-SegmentedRaftLog:OPENED:c-1,f-1,i0, conf=-1: [67f35358-9777-4ff9-96f4-8a61bc3a94fe:192.168.34.62:37037, 7c431f9d-51bc-458b-a3a6-511ec217d887:192.168.34.62:40420, b9cfa588-8e56-4331-be2f-4c26f25c6739:192.168.34.62:34777], old=null
2019-10-17 06:48:27,065 [7c431f9d-51bc-458b-a3a6-511ec217d887@group-21BA9BD4283D-LeaderElection452] INFO  impl.RaftServerImpl (RaftServerImpl.java:setRole(184)) - 7c431f9d-51bc-458b-a3a6-511ec217d887@group-21BA9BD4283D: changes role from CANDIDATE to FOLLOWER at term 410 for DISCOVERED_A_NEW_TERM
2019-10-17 06:48:27,065 [7c431f9d-51bc-458b-a3a6-511ec217d887@group-21BA9BD4283D-LeaderElection452] INFO  impl.RoleInfo (RoleInfo.java:shutdownLeaderElection(134)) - 7c431f9d-51bc-458b-a3a6-511ec217d887: shutdown LeaderElection
2019-10-17 06:48:27,065 [7c431f9d-51bc-458b-a3a6-511ec217d887@group-21BA9BD4283D-LeaderElection452] INFO  impl.RoleInfo (RoleInfo.java:updateAndGet(143)) - 7c431f9d-51bc-458b-a3a6-511ec217d887: start FollowerState
2019-10-17 06:48:27,111 [main] INFO  ozone.MiniOzoneClusterImpl (MiniOzoneClusterImpl.java:lambda$waitForClusterToBeReady$2(164)) - Waiting for 1 number of pipelines out of 4, to report a leader.
2019-10-17 06:48:27,122 [Thread-3707] INFO  impl.FollowerState (FollowerState.java:run(108)) - 7c431f9d-51bc-458b-a3a6-511ec217d887@group-21BA9BD4283D-FollowerState: change to CANDIDATE, lastRpcTime:56ms, electionTimeout:56ms
2019-10-17 06:48:27,122 [Thread-3707] INFO  impl.RoleInfo (RoleInfo.java:shutdownFollowerState(121)) - 7c431f9d-51bc-458b-a3a6-511ec217d887: shutdown FollowerState
2019-10-17 06:48:27,122 [Thread-3707] INFO  impl.RaftServerImpl (RaftServerImpl.java:setRole(184)) - 7c431f9d-51bc-458b-a3a6-511ec217d887@group-21BA9BD4283D: changes role from  FOLLOWER to CANDIDATE at term 410 for changeToCandidate
2019-10-17 06:48:27,122 [Thread-3707] INFO  impl.RoleInfo (RoleInfo.java:updateAndGet(143)) - 7c431f9d-51bc-458b-a3a6-511ec217d887: start LeaderElection
2019-10-17 06:48:27,148 [7c431f9d-51bc-458b-a3a6-511ec217d887@group-21BA9BD4283D-LeaderElection453] INFO  impl.LeaderElection (LeaderElection.java:askForVotes(178)) - 7c431f9d-51bc-458b-a3a6-511ec217d887@group-21BA9BD4283D-LeaderElection453: begin an election at term 411 for -1: [67f35358-9777-4ff9-96f4-8a61bc3a94fe:192.168.34.62:37037, 7c431f9d-51bc-458b-a3a6-511ec217d887:192.168.34.62:40420, b9cfa588-8e56-4331-be2f-4c26f25c6739:192.168.34.62:34777], old=null
2019-10-17 06:48:27,149 [grpc-default-executor-2] INFO  impl.RaftServerImpl (RaftServerImpl.java:setRole(184)) - 67f35358-9777-4ff9-96f4-8a61bc3a94fe@group-21BA9BD4283D: changes role from  FOLLOWER to FOLLOWER at term 411 for recognizeCandidate:7c431f9d-51bc-458b-a3a6-511ec217d887
2019-10-17 06:48:27,149 [grpc-default-executor-2] INFO  impl.RoleInfo (RoleInfo.java:shutdownFollowerState(121)) - 67f35358-9777-4ff9-96f4-8a61bc3a94fe: shutdown FollowerState
2019-10-17 06:48:27,149 [grpc-default-executor-1] INFO  impl.RaftServerImpl (RaftServerImpl.java:setRole(184)) - b9cfa588-8e56-4331-be2f-4c26f25c6739@group-21BA9BD4283D: changes role from  FOLLOWER to FOLLOWER at term 411 for recognizeCandidate:7c431f9d-51bc-458b-a3a6-511ec217d887
2019-10-17 06:48:27,149 [Thread-3705] INFO  impl.FollowerState (FollowerState.java:run(117)) - 67f35358-9777-4ff9-96f4-8a61bc3a94fe@group-21BA9BD4283D-FollowerState was interrupted: java.lang.InterruptedException: sleep interrupted
2019-10-17 06:48:27,149 [grpc-default-executor-2] INFO  impl.RoleInfo (RoleInfo.java:updateAndGet(143)) - 67f35358-9777-4ff9-96f4-8a61bc3a94fe: start FollowerState
2019-10-17 06:48:27,149 [grpc-default-executor-1] INFO  impl.RoleInfo (RoleInfo.java:shutdownFollowerState(121)) - b9cfa588-8e56-4331-be2f-4c26f25c6739: shutdown FollowerState
2019-10-17 06:48:27,150 [grpc-default-executor-1] INFO  impl.RoleInfo (RoleInfo.java:updateAndGet(143)) - b9cfa588-8e56-4331-be2f-4c26f25c6739: start FollowerState
2019-10-17 06:48:27,150 [Thread-3706] INFO  impl.FollowerState (FollowerState.java:run(117)) - b9cfa588-8e56-4331-be2f-4c26f25c6739@group-21BA9BD4283D-FollowerState was interrupted: java.lang.InterruptedException: sleep interrupted
2019-10-17 06:48:27,163 [7c431f9d-51bc-458b-a3a6-511ec217d887@group-21BA9BD4283D-LeaderElection453] INFO  impl.LeaderElection (LeaderElection.java:logAndReturn(56)) - 7c431f9d-51bc-458b-a3a6-511ec217d887@group-21BA9BD4283D-LeaderElection453: Election REJECTED; received 2 response(s) [7c431f9d-51bc-458b-a3a6-511ec217d887<-67f35358-9777-4ff9-96f4-8a61bc3a94fe#0:FAIL-t411, 7c431f9d-51bc-458b-a3a6-511ec217d887<-b9cfa588-8e56-4331-be2f-4c26f25c6739#0:FAIL-t411] and 0 exception(s); 7c431f9d-51bc-458b-a3a6-511ec217d887@group-21BA9BD4283D:t411, leader=null, voted=7c431f9d-51bc-458b-a3a6-511ec217d887, raftlog=7c431f9d-51bc-458b-a3a6-511ec217d887@group-21BA9BD4283D-SegmentedRaftLog:OPENED:c-1,f-1,i0, conf=-1: [67f35358-9777-4ff9-96f4-8a61bc3a94fe:192.168.34.62:37037, 7c431f9d-51bc-458b-a3a6-511ec217d887:192.168.34.62:40420, b9cfa588-8e56-4331-be2f-4c26f25c6739:192.168.34.62:34777], old=null
2019-10-17 06:48:27,163 [7c431f9d-51bc-458b-a3a6-511ec217d887@group-21BA9BD4283D-LeaderElection453] INFO  impl.RaftServerImpl (RaftServerImpl.java:setRole(184)) - 7c431f9d-51bc-458b-a3a6-511ec217d887@group-21BA9BD4283D: changes role from CANDIDATE to FOLLOWER at term 411 for DISCOVERED_A_NEW_TERM
2019-10-17 06:48:27,163 [7c431f9d-51bc-458b-a3a6-511ec217d887@group-21BA9BD4283D-LeaderElection453] INFO  impl.RoleInfo (RoleInfo.java:shutdownLeaderElection(134)) - 7c431f9d-51bc-458b-a3a6-511ec217d887: shutdown LeaderElection
2019-10-17 06:48:27,163 [7c431f9d-51bc-458b-a3a6-511ec217d887@group-21BA9BD4283D-LeaderElection453] INFO  impl.RoleInfo (RoleInfo.java:updateAndGet(143)) - 7c431f9d-51bc-458b-a3a6-511ec217d887: start FollowerState
2019-10-17 06:48:27,362 [Thread-3713] INFO  impl.FollowerState (FollowerState.java:run(108)) - 7c431f9d-51bc-458b-a3a6-511ec217d887@group-21BA9BD4283D-FollowerState: change to CANDIDATE, lastRpcTime:198ms, electionTimeout:198ms
2019-10-17 06:48:27,362 [Thread-3713] INFO  impl.RoleInfo (RoleInfo.java:shutdownFollowerState(121)) - 7c431f9d-51bc-458b-a3a6-511ec217d887: shutdown FollowerState
2019-10-17 06:48:27,362 [Thread-3713] INFO  impl.RaftServerImpl (RaftServerImpl.java:setRole(184)) - 7c431f9d-51bc-458b-a3a6-511ec217d887@group-21BA9BD4283D: changes role from  FOLLOWER to CANDIDATE at term 411 for changeToCandidate
2019-10-17 06:48:27,362 [Thread-3713] INFO  impl.RoleInfo (RoleInfo.java:updateAndGet(143)) - 7c431f9d-51bc-458b-a3a6-511ec217d887: start LeaderElection
2019-10-17 06:48:27,379 [7c431f9d-51bc-458b-a3a6-511ec217d887@group-21BA9BD4283D-LeaderElection454] INFO  impl.LeaderElection (LeaderElection.java:askForVotes(178)) - 7c431f9d-51bc-458b-a3a6-511ec217d887@group-21BA9BD4283D-LeaderElection454: begin an election at term 412 for -1: [67f35358-9777-4ff9-96f4-8a61bc3a94fe:192.168.34.62:37037, 7c431f9d-51bc-458b-a3a6-511ec217d887:192.168.34.62:40420, b9cfa588-8e56-4331-be2f-4c26f25c6739:192.168.34.62:34777], old=null
2019-10-17 06:48:27,381 [grpc-default-executor-1] INFO  impl.RaftServerImpl (RaftServerImpl.java:setRole(184)) - 67f35358-9777-4ff9-96f4-8a61bc3a94fe@group-21BA9BD4283D: changes role from  FOLLOWER to FOLLOWER at term 412 for recognizeCandidate:7c431f9d-51bc-458b-a3a6-511ec217d887
2019-10-17 06:48:27,381 [grpc-default-executor-1] INFO  impl.RoleInfo (RoleInfo.java:shutdownFollowerState(121)) - 67f35358-9777-4ff9-96f4-8a61bc3a94fe: shutdown FollowerState
2019-10-17 06:48:27,381 [grpc-default-executor-2] INFO  impl.RaftServerImpl (RaftServerImpl.java:setRole(184)) - b9cfa588-8e56-4331-be2f-4c26f25c6739@group-21BA9BD4283D: changes role from  FOLLOWER to FOLLOWER at term 412 for recognizeCandidate:7c431f9d-51bc-458b-a3a6-511ec217d887
2019-10-17 06:48:27,381 [grpc-default-executor-2] INFO  impl.RoleInfo (RoleInfo.java:shutdownFollowerState(121)) - b9cfa588-8e56-4331-be2f-4c26f25c6739: shutdown FollowerState
2019-10-17 06:48:27,381 [Thread-3711] INFO  impl.FollowerState (FollowerState.java:run(117)) - 67f35358-9777-4ff9-96f4-8a61bc3a94fe@group-21BA9BD4283D-FollowerState was interrupted: java.lang.InterruptedException: sleep interrupted
2019-10-17 06:48:27,381 [grpc-default-executor-1] INFO  impl.RoleInfo (RoleInfo.java:updateAndGet(143)) - 67f35358-9777-4ff9-96f4-8a61bc3a94fe: start FollowerState
2019-10-17 06:48:27,381 [Thread-3712] INFO  impl.FollowerState (FollowerState.java:run(117)) - b9cfa588-8e56-4331-be2f-4c26f25c6739@group-21BA9BD4283D-FollowerState was interrupted: java.lang.InterruptedException: sleep interrupted
2019-10-17 06:48:27,381 [grpc-default-executor-2] INFO  impl.RoleInfo (RoleInfo.java:updateAndGet(143)) - b9cfa588-8e56-4331-be2f-4c26f25c6739: start FollowerState
2019-10-17 06:48:27,395 [7c431f9d-51bc-458b-a3a6-511ec217d887@group-21BA9BD4283D-LeaderElection454] INFO  impl.LeaderElection (LeaderElection.java:logAndReturn(56)) - 7c431f9d-51bc-458b-a3a6-511ec217d887@group-21BA9BD4283D-LeaderElection454: Election REJECTED; received 2 response(s) [7c431f9d-51bc-458b-a3a6-511ec217d887<-67f35358-9777-4ff9-96f4-8a61bc3a94fe#0:FAIL-t412, 7c431f9d-51bc-458b-a3a6-511ec217d887<-b9cfa588-8e56-4331-be2f-4c26f25c6739#0:FAIL-t412] and 0 exception(s); 7c431f9d-51bc-458b-a3a6-511ec217d887@group-21BA9BD4283D:t412, leader=null, voted=7c431f9d-51bc-458b-a3a6-511ec217d887, raftlog=7c431f9d-51bc-458b-a3a6-511ec217d887@group-21BA9BD4283D-SegmentedRaftLog:OPENED:c-1,f-1,i0, conf=-1: [67f35358-9777-4ff9-96f4-8a61bc3a94fe:192.168.34.62:37037, 7c431f9d-51bc-458b-a3a6-511ec217d887:192.168.34.62:40420, b9cfa588-8e56-4331-be2f-4c26f25c6739:192.168.34.62:34777], old=null
2019-10-17 06:48:27,395 [7c431f9d-51bc-458b-a3a6-511ec217d887@group-21BA9BD4283D-LeaderElection454] INFO  impl.RaftServerImpl (RaftServerImpl.java:setRole(184)) - 7c431f9d-51bc-458b-a3a6-511ec217d887@group-21BA9BD4283D: changes role from CANDIDATE to FOLLOWER at term 412 for DISCOVERED_A_NEW_TERM
2019-10-17 06:48:27,396 [7c431f9d-51bc-458b-a3a6-511ec217d887@group-21BA9BD4283D-LeaderElection454] INFO  impl.RoleInfo (RoleInfo.java:shutdownLeaderElection(134)) - 7c431f9d-51bc-458b-a3a6-511ec217d887: shutdown LeaderElection
2019-10-17 06:48:27,396 [7c431f9d-51bc-458b-a3a6-511ec217d887@group-21BA9BD4283D-LeaderElection454] INFO  impl.RoleInfo (RoleInfo.java:updateAndGet(143)) - 7c431f9d-51bc-458b-a3a6-511ec217d887: start FollowerState
2019-10-17 06:48:27,595 [Thread-3719] INFO  impl.FollowerState (FollowerState.java:run(108)) - 7c431f9d-51bc-458b-a3a6-511ec217d887@group-21BA9BD4283D-FollowerState: change to CANDIDATE, lastRpcTime:199ms, electionTimeout:199ms
2019-10-17 06:48:27,595 [Thread-3719] INFO  impl.RoleInfo (RoleInfo.java:shutdownFollowerState(121)) - 7c431f9d-51bc-458b-a3a6-511ec217d887: shutdown FollowerState
2019-10-17 06:48:27,596 [Thread-3719] INFO  impl.RaftServerImpl (RaftServerImpl.java:setRole(184)) - 7c431f9d-51bc-458b-a3a6-511ec217d887@group-21BA9BD4283D: changes role from  FOLLOWER to CANDIDATE at term 412 for changeToCandidate
2019-10-17 06:48:27,596 [Thread-3719] INFO  impl.RoleInfo (RoleInfo.java:updateAndGet(143)) - 7c431f9d-51bc-458b-a3a6-511ec217d887: start LeaderElection
2019-10-17 06:48:27,622 [7c431f9d-51bc-458b-a3a6-511ec217d887@group-21BA9BD4283D-LeaderElection455] INFO  impl.LeaderElection (LeaderElection.java:askForVotes(178)) - 7c431f9d-51bc-458b-a3a6-511ec217d887@group-21BA9BD4283D-LeaderElection455: begin an election at term 413 for -1: [67f35358-9777-4ff9-96f4-8a61bc3a94fe:192.168.34.62:37037, 7c431f9d-51bc-458b-a3a6-511ec217d887:192.168.34.62:40420, b9cfa588-8e56-4331-be2f-4c26f25c6739:192.168.34.62:34777], old=null
2019-10-17 06:48:27,628 [grpc-default-executor-2] INFO  impl.RaftServerImpl (RaftServerImpl.java:setRole(184)) - 67f35358-9777-4ff9-96f4-8a61bc3a94fe@group-21BA9BD4283D: changes role from  FOLLOWER to FOLLOWER at term 413 for recognizeCandidate:7c431f9d-51bc-458b-a3a6-511ec217d887
2019-10-17 06:48:27,628 [grpc-default-executor-1] INFO  impl.RaftServerImpl (RaftServerImpl.java:setRole(184)) - b9cfa588-8e56-4331-be2f-4c26f25c6739@group-21BA9BD4283D: changes role from  FOLLOWER to FOLLOWER at term 413 for recognizeCandidate:7c431f9d-51bc-458b-a3a6-511ec217d887
2019-10-17 06:48:27,628 [grpc-default-executor-1] INFO  impl.RoleInfo (RoleInfo.java:shutdownFollowerState(121)) - b9cfa588-8e56-4331-be2f-4c26f25c6739: shutdown FollowerState
2019-10-17 06:48:27,628 [grpc-default-executor-2] INFO  impl.RoleInfo (RoleInfo.java:shutdownFollowerState(121)) - 67f35358-9777-4ff9-96f4-8a61bc3a94fe: shutdown FollowerState
2019-10-17 06:48:27,628 [grpc-default-executor-1] INFO  impl.RoleInfo (RoleInfo.java:updateAndGet(143)) - b9cfa588-8e56-4331-be2f-4c26f25c6739: start FollowerState
2019-10-17 06:48:27,628 [grpc-default-executor-2] INFO  impl.RoleInfo (RoleInfo.java:updateAndGet(143)) - 67f35358-9777-4ff9-96f4-8a61bc3a94fe: start FollowerState
2019-10-17 06:48:27,628 [Thread-3717] INFO  impl.FollowerState (FollowerState.java:run(117)) - 67f35358-9777-4ff9-96f4-8a61bc3a94fe@group-21BA9BD4283D-FollowerState was interrupted: java.lang.InterruptedException: sleep interrupted
2019-10-17 06:48:27,628 [Thread-3718] INFO  impl.FollowerState (FollowerState.java:run(117)) - b9cfa588-8e56-4331-be2f-4c26f25c6739@group-21BA9BD4283D-FollowerState was interrupted: java.lang.InterruptedException: sleep interrupted
2019-10-17 06:48:27,642 [7c431f9d-51bc-458b-a3a6-511ec217d887@group-21BA9BD4283D-LeaderElection455] INFO  impl.LeaderElection (LeaderElection.java:logAndReturn(56)) - 7c431f9d-51bc-458b-a3a6-511ec217d887@group-21BA9BD4283D-LeaderElection455: Election REJECTED; received 2 response(s) [7c431f9d-51bc-458b-a3a6-511ec217d887<-67f35358-9777-4ff9-96f4-8a61bc3a94fe#0:FAIL-t413, 7c431f9d-51bc-458b-a3a6-511ec217d887<-b9cfa588-8e56-4331-be2f-4c26f25c6739#0:FAIL-t413] and 0 exception(s); 7c431f9d-51bc-458b-a3a6-511ec217d887@group-21BA9BD4283D:t413, leader=null, voted=7c431f9d-51bc-458b-a3a6-511ec217d887, raftlog=7c431f9d-51bc-458b-a3a6-511ec217d887@group-21BA9BD4283D-SegmentedRaftLog:OPENED:c-1,f-1,i0, conf=-1: [67f35358-9777-4ff9-96f4-8a61bc3a94fe:192.168.34.62:37037, 7c431f9d-51bc-458b-a3a6-511ec217d887:192.168.34.62:40420, b9cfa588-8e56-4331-be2f-4c26f25c6739:192.168.34.62:34777], old=null
2019-10-17 06:48:27,642 [7c431f9d-51bc-458b-a3a6-511ec217d887@group-21BA9BD4283D-LeaderElection455] INFO  impl.RaftServerImpl (RaftServerImpl.java:setRole(184)) - 7c431f9d-51bc-458b-a3a6-511ec217d887@group-21BA9BD4283D: changes role from CANDIDATE to FOLLOWER at term 413 for DISCOVERED_A_NEW_TERM
2019-10-17 06:48:27,642 [7c431f9d-51bc-458b-a3a6-511ec217d887@group-21BA9BD4283D-LeaderElection455] INFO  impl.RoleInfo (RoleInfo.java:shutdownLeaderElection(134)) - 7c431f9d-51bc-458b-a3a6-511ec217d887: shutdown LeaderElection
2019-10-17 06:48:27,642 [7c431f9d-51bc-458b-a3a6-511ec217d887@group-21BA9BD4283D-LeaderElection455] INFO  impl.RoleInfo (RoleInfo.java:updateAndGet(143)) - 7c431f9d-51bc-458b-a3a6-511ec217d887: start FollowerState
2019-10-17 06:48:27,642 [Thread-3725] INFO  impl.FollowerState (FollowerState.java:run(108)) - 7c431f9d-51bc-458b-a3a6-511ec217d887@group-21BA9BD4283D-FollowerState: change to CANDIDATE, lastRpcTime:0ms, electionTimeout:0ms
2019-10-17 06:48:27,643 [Thread-3725] INFO  impl.RoleInfo (RoleInfo.java:shutdownFollowerState(121)) - 7c431f9d-51bc-458b-a3a6-511ec217d887: shutdown FollowerState
2019-10-17 06:48:27,643 [Thread-3725] INFO  impl.RaftServerImpl (RaftServerImpl.java:setRole(184)) - 7c431f9d-51bc-458b-a3a6-511ec217d887@group-21BA9BD4283D: changes role from  FOLLOWER to CANDIDATE at term 413 for changeToCandidate
2019-10-17 06:48:27,643 [Thread-3725] INFO  impl.RoleInfo (RoleInfo.java:updateAndGet(143)) - 7c431f9d-51bc-458b-a3a6-511ec217d887: start LeaderElection
2019-10-17 06:48:27,668 [7c431f9d-51bc-458b-a3a6-511ec217d887@group-21BA9BD4283D-LeaderElection456] INFO  impl.LeaderElection (LeaderElection.java:askForVotes(178)) - 7c431f9d-51bc-458b-a3a6-511ec217d887@group-21BA9BD4283D-LeaderElection456: begin an election at term 414 for -1: [67f35358-9777-4ff9-96f4-8a61bc3a94fe:192.168.34.62:37037, 7c431f9d-51bc-458b-a3a6-511ec217d887:192.168.34.62:40420, b9cfa588-8e56-4331-be2f-4c26f25c6739:192.168.34.62:34777], old=null
2019-10-17 06:48:27,669 [grpc-default-executor-2] INFO  impl.RaftServerImpl (RaftServerImpl.java:setRole(184)) - 67f35358-9777-4ff9-96f4-8a61bc3a94fe@group-21BA9BD4283D: changes role from  FOLLOWER to FOLLOWER at term 414 for recognizeCandidate:7c431f9d-51bc-458b-a3a6-511ec217d887
2019-10-17 06:48:27,669 [grpc-default-executor-1] INFO  impl.RaftServerImpl (RaftServerImpl.java:setRole(184)) - b9cfa588-8e56-4331-be2f-4c26f25c6739@group-21BA9BD4283D: changes role from  FOLLOWER to FOLLOWER at term 414 for recognizeCandidate:7c431f9d-51bc-458b-a3a6-511ec217d887
2019-10-17 06:48:27,669 [grpc-default-executor-1] INFO  impl.RoleInfo (RoleInfo.java:shutdownFollowerState(121)) - b9cfa588-8e56-4331-be2f-4c26f25c6739: shutdown FollowerState
2019-10-17 06:48:27,669 [grpc-default-executor-2] INFO  impl.RoleInfo (RoleInfo.java:shutdownFollowerState(121)) - 67f35358-9777-4ff9-96f4-8a61bc3a94fe: shutdown FollowerState
2019-10-17 06:48:27,669 [Thread-3723] INFO  impl.FollowerState (FollowerState.java:run(117)) - b9cfa588-8e56-4331-be2f-4c26f25c6739@group-21BA9BD4283D-FollowerState was interrupted: java.lang.InterruptedException: sleep interrupted
2019-10-17 06:48:27,669 [grpc-default-executor-1] INFO  impl.RoleInfo (RoleInfo.java:updateAndGet(143)) - b9cfa588-8e56-4331-be2f-4c26f25c6739: start FollowerState
2019-10-17 06:48:27,669 [Thread-3724] INFO  impl.FollowerState (FollowerState.java:run(117)) - 67f35358-9777-4ff9-96f4-8a61bc3a94fe@group-21BA9BD4283D-FollowerState was interrupted: java.lang.InterruptedException: sleep interrupted
2019-10-17 06:48:27,669 [grpc-default-executor-2] INFO  impl.RoleInfo (RoleInfo.java:updateAndGet(143)) - 67f35358-9777-4ff9-96f4-8a61bc3a94fe: start FollowerState
2019-10-17 06:48:27,683 [7c431f9d-51bc-458b-a3a6-511ec217d887@group-21BA9BD4283D-LeaderElection456] INFO  impl.LeaderElection (LeaderElection.java:logAndReturn(56)) - 7c431f9d-51bc-458b-a3a6-511ec217d887@group-21BA9BD4283D-LeaderElection456: Election REJECTED; received 2 response(s) [7c431f9d-51bc-458b-a3a6-511ec217d887<-67f35358-9777-4ff9-96f4-8a61bc3a94fe#0:FAIL-t414, 7c431f9d-51bc-458b-a3a6-511ec217d887<-b9cfa588-8e56-4331-be2f-4c26f25c6739#0:FAIL-t414] and 0 exception(s); 7c431f9d-51bc-458b-a3a6-511ec217d887@group-21BA9BD4283D:t414, leader=null, voted=7c431f9d-51bc-458b-a3a6-511ec217d887, raftlog=7c431f9d-51bc-458b-a3a6-511ec217d887@group-21BA9BD4283D-SegmentedRaftLog:OPENED:c-1,f-1,i0, conf=-1: [67f35358-9777-4ff9-96f4-8a61bc3a94fe:192.168.34.62:37037, 7c431f9d-51bc-458b-a3a6-511ec217d887:192.168.34.62:40420, b9cfa588-8e56-4331-be2f-4c26f25c6739:192.168.34.62:34777], old=null
2019-10-17 06:48:27,683 [7c431f9d-51bc-458b-a3a6-511ec217d887@group-21BA9BD4283D-LeaderElection456] INFO  impl.RaftServerImpl (RaftServerImpl.java:setRole(184)) - 7c431f9d-51bc-458b-a3a6-511ec217d887@group-21BA9BD4283D: changes role from CANDIDATE to FOLLOWER at term 414 for DISCOVERED_A_NEW_TERM
2019-10-17 06:48:27,684 [7c431f9d-51bc-458b-a3a6-511ec217d887@group-21BA9BD4283D-LeaderElection456] INFO  impl.RoleInfo (RoleInfo.java:shutdownLeaderElection(134)) - 7c431f9d-51bc-458b-a3a6-511ec217d887: shutdown LeaderElection
2019-10-17 06:48:27,684 [7c431f9d-51bc-458b-a3a6-511ec217d887@group-21BA9BD4283D-LeaderElection456] INFO  impl.RoleInfo (RoleInfo.java:updateAndGet(143)) - 7c431f9d-51bc-458b-a3a6-511ec217d887: start FollowerState
2019-10-17 06:48:27,859 [Thread-3731] INFO  impl.FollowerState (FollowerState.java:run(108)) - 7c431f9d-51bc-458b-a3a6-511ec217d887@group-21BA9BD4283D-FollowerState: change to CANDIDATE, lastRpcTime:175ms, electionTimeout:175ms
2019-10-17 06:48:27,859 [Thread-3731] INFO  impl.RoleInfo (RoleInfo.java:shutdownFollowerState(121)) - 7c431f9d-51bc-458b-a3a6-511ec217d887: shutdown FollowerState
2019-10-17 06:48:27,859 [Thread-3731] INFO  impl.RaftServerImpl (RaftServerImpl.java:setRole(184)) - 7c431f9d-51bc-458b-a3a6-511ec217d887@group-21BA9BD4283D: changes role from  FOLLOWER to CANDIDATE at term 414 for changeToCandidate
2019-10-17 06:48:27,859 [Thread-3731] INFO  impl.RoleInfo (RoleInfo.java:updateAndGet(143)) - 7c431f9d-51bc-458b-a3a6-511ec217d887: start LeaderElection
2019-10-17 06:48:27,867 [7c431f9d-51bc-458b-a3a6-511ec217d887@group-21BA9BD4283D-LeaderElection457] INFO  impl.LeaderElection (LeaderElection.java:askForVotes(178)) - 7c431f9d-51bc-458b-a3a6-511ec217d887@group-21BA9BD4283D-LeaderElection457: begin an election at term 415 for -1: [67f35358-9777-4ff9-96f4-8a61bc3a94fe:192.168.34.62:37037, 7c431f9d-51bc-458b-a3a6-511ec217d887:192.168.34.62:40420, b9cfa588-8e56-4331-be2f-4c26f25c6739:192.168.34.62:34777], old=null
2019-10-17 06:48:27,868 [grpc-default-executor-1] INFO  impl.RaftServerImpl (RaftServerImpl.java:setRole(184)) - b9cfa588-8e56-4331-be2f-4c26f25c6739@group-21BA9BD4283D: changes role from  FOLLOWER to FOLLOWER at term 415 for recognizeCandidate:7c431f9d-51bc-458b-a3a6-511ec217d887
2019-10-17 06:48:27,868 [grpc-default-executor-1] INFO  impl.RoleInfo (RoleInfo.java:shutdownFollowerState(121)) - b9cfa588-8e56-4331-be2f-4c26f25c6739: shutdown FollowerState
2019-10-17 06:48:27,868 [grpc-default-executor-2] INFO  impl.RaftServerImpl (RaftServerImpl.java:setRole(184)) - 67f35358-9777-4ff9-96f4-8a61bc3a94fe@group-21BA9BD4283D: changes role from  FOLLOWER to FOLLOWER at term 415 for recognizeCandidate:7c431f9d-51bc-458b-a3a6-511ec217d887
2019-10-17 06:48:27,869 [grpc-default-executor-2] INFO  impl.RoleInfo (RoleInfo.java:shutdownFollowerState(121)) - 67f35358-9777-4ff9-96f4-8a61bc3a94fe: shutdown FollowerState
2019-10-17 06:48:27,869 [Thread-3729] INFO  impl.FollowerState (FollowerState.java:run(117)) - b9cfa588-8e56-4331-be2f-4c26f25c6739@group-21BA9BD4283D-FollowerState was interrupted: java.lang.InterruptedException: sleep interrupted
2019-10-17 06:48:27,869 [grpc-default-executor-1] INFO  impl.RoleInfo (RoleInfo.java:updateAndGet(143)) - b9cfa588-8e56-4331-be2f-4c26f25c6739: start FollowerState
2019-10-17 06:48:27,869 [Thread-3730] INFO  impl.FollowerState (FollowerState.java:run(117)) - 67f35358-9777-4ff9-96f4-8a61bc3a94fe@group-21BA9BD4283D-FollowerState was interrupted: java.lang.InterruptedException: sleep interrupted
2019-10-17 06:48:27,869 [grpc-default-executor-2] INFO  impl.RoleInfo (RoleInfo.java:updateAndGet(143)) - 67f35358-9777-4ff9-96f4-8a61bc3a94fe: start FollowerState
2019-10-17 06:48:27,883 [7c431f9d-51bc-458b-a3a6-511ec217d887@group-21BA9BD4283D-LeaderElection457] INFO  impl.LeaderElection (LeaderElection.java:logAndReturn(56)) - 7c431f9d-51bc-458b-a3a6-511ec217d887@group-21BA9BD4283D-LeaderElection457: Election REJECTED; received 2 response(s) [7c431f9d-51bc-458b-a3a6-511ec217d887<-67f35358-9777-4ff9-96f4-8a61bc3a94fe#0:FAIL-t415, 7c431f9d-51bc-458b-a3a6-511ec217d887<-b9cfa588-8e56-4331-be2f-4c26f25c6739#0:FAIL-t415] and 0 exception(s); 7c431f9d-51bc-458b-a3a6-511ec217d887@group-21BA9BD4283D:t415, leader=null, voted=7c431f9d-51bc-458b-a3a6-511ec217d887, raftlog=7c431f9d-51bc-458b-a3a6-511ec217d887@group-21BA9BD4283D-SegmentedRaftLog:OPENED:c-1,f-1,i0, conf=-1: [67f35358-9777-4ff9-96f4-8a61bc3a94fe:192.168.34.62:37037, 7c431f9d-51bc-458b-a3a6-511ec217d887:192.168.34.62:40420, b9cfa588-8e56-4331-be2f-4c26f25c6739:192.168.34.62:34777], old=null
2019-10-17 06:48:27,883 [7c431f9d-51bc-458b-a3a6-511ec217d887@group-21BA9BD4283D-LeaderElection457] INFO  impl.RaftServerImpl (RaftServerImpl.java:setRole(184)) - 7c431f9d-51bc-458b-a3a6-511ec217d887@group-21BA9BD4283D: changes role from CANDIDATE to FOLLOWER at term 415 for DISCOVERED_A_NEW_TERM
2019-10-17 06:48:27,883 [7c431f9d-51bc-458b-a3a6-511ec217d887@group-21BA9BD4283D-LeaderElection457] INFO  impl.RoleInfo (RoleInfo.java:shutdownLeaderElection(134)) - 7c431f9d-51bc-458b-a3a6-511ec217d887: shutdown LeaderElection
2019-10-17 06:48:27,883 [7c431f9d-51bc-458b-a3a6-511ec217d887@group-21BA9BD4283D-LeaderElection457] INFO  impl.RoleInfo (RoleInfo.java:updateAndGet(143)) - 7c431f9d-51bc-458b-a3a6-511ec217d887: start FollowerState
2019-10-17 06:48:28,030 [Thread-3737] INFO  impl.FollowerState (FollowerState.java:run(108)) - 7c431f9d-51bc-458b-a3a6-511ec217d887@group-21BA9BD4283D-FollowerState: change to CANDIDATE, lastRpcTime:147ms, electionTimeout:147ms
2019-10-17 06:48:28,031 [Thread-3737] INFO  impl.RoleInfo (RoleInfo.java:shutdownFollowerState(121)) - 7c431f9d-51bc-458b-a3a6-511ec217d887: shutdown FollowerState
2019-10-17 06:48:28,031 [Thread-3737] INFO  impl.RaftServerImpl (RaftServerImpl.java:setRole(184)) - 7c431f9d-51bc-458b-a3a6-511ec217d887@group-21BA9BD4283D: changes role from  FOLLOWER to CANDIDATE at term 415 for changeToCandidate
2019-10-17 06:48:28,031 [Thread-3737] INFO  impl.RoleInfo (RoleInfo.java:updateAndGet(143)) - 7c431f9d-51bc-458b-a3a6-511ec217d887: start LeaderElection
2019-10-17 06:48:28,053 [7c431f9d-51bc-458b-a3a6-511ec217d887@group-21BA9BD4283D-LeaderElection458] INFO  impl.LeaderElection (LeaderElection.java:askForVotes(178)) - 7c431f9d-51bc-458b-a3a6-511ec217d887@group-21BA9BD4283D-LeaderElection458: begin an election at term 416 for -1: [67f35358-9777-4ff9-96f4-8a61bc3a94fe:192.168.34.62:37037, 7c431f9d-51bc-458b-a3a6-511ec217d887:192.168.34.62:40420, b9cfa588-8e56-4331-be2f-4c26f25c6739:192.168.34.62:34777], old=null
2019-10-17 06:48:28,055 [grpc-default-executor-2] INFO  impl.RaftServerImpl (RaftServerImpl.java:setRole(184)) - 67f35358-9777-4ff9-96f4-8a61bc3a94fe@group-21BA9BD4283D: changes role from  FOLLOWER to FOLLOWER at term 416 for recognizeCandidate:7c431f9d-51bc-458b-a3a6-511ec217d887
2019-10-17 06:48:28,055 [grpc-default-executor-1] INFO  impl.RaftServerImpl (RaftServerImpl.java:setRole(184)) - b9cfa588-8e56-4331-be2f-4c26f25c6739@group-21BA9BD4283D: changes role from  FOLLOWER to FOLLOWER at term 416 for recognizeCandidate:7c431f9d-51bc-458b-a3a6-511ec217d887
2019-10-17 06:48:28,055 [grpc-default-executor-2] INFO  impl.RoleInfo (RoleInfo.java:shutdownFollowerState(121)) - 67f35358-9777-4ff9-96f4-8a61bc3a94fe: shutdown FollowerState
2019-10-17 06:48:28,055 [grpc-default-executor-1] INFO  impl.RoleInfo (RoleInfo.java:shutdownFollowerState(121)) - b9cfa588-8e56-4331-be2f-4c26f25c6739: shutdown FollowerState
2019-10-17 06:48:28,055 [Thread-3736] INFO  impl.FollowerState (FollowerState.java:run(117)) - 67f35358-9777-4ff9-96f4-8a61bc3a94fe@group-21BA9BD4283D-FollowerState was interrupted: java.lang.InterruptedException: sleep interrupted
2019-10-17 06:48:28,055 [grpc-default-executor-2] INFO  impl.RoleInfo (RoleInfo.java:updateAndGet(143)) - 67f35358-9777-4ff9-96f4-8a61bc3a94fe: start FollowerState
2019-10-17 06:48:28,055 [Thread-3735] INFO  impl.FollowerState (FollowerState.java:run(117)) - b9cfa588-8e56-4331-be2f-4c26f25c6739@group-21BA9BD4283D-FollowerState was interrupted: java.lang.InterruptedException: sleep interrupted
2019-10-17 06:48:28,055 [grpc-default-executor-1] INFO  impl.RoleInfo (RoleInfo.java:updateAndGet(143)) - b9cfa588-8e56-4331-be2f-4c26f25c6739: start FollowerState
2019-10-17 06:48:28,078 [7c431f9d-51bc-458b-a3a6-511ec217d887@group-21BA9BD4283D-LeaderElection458] INFO  impl.LeaderElection (LeaderElection.java:logAndReturn(56)) - 7c431f9d-51bc-458b-a3a6-511ec217d887@group-21BA9BD4283D-LeaderElection458: Election REJECTED; received 2 response(s) [7c431f9d-51bc-458b-a3a6-511ec217d887<-67f35358-9777-4ff9-96f4-8a61bc3a94fe#0:FAIL-t416, 7c431f9d-51bc-458b-a3a6-511ec217d887<-b9cfa588-8e56-4331-be2f-4c26f25c6739#0:FAIL-t416] and 0 exception(s); 7c431f9d-51bc-458b-a3a6-511ec217d887@group-21BA9BD4283D:t416, leader=null, voted=7c431f9d-51bc-458b-a3a6-511ec217d887, raftlog=7c431f9d-51bc-458b-a3a6-511ec217d887@group-21BA9BD4283D-SegmentedRaftLog:OPENED:c-1,f-1,i0, conf=-1: [67f35358-9777-4ff9-96f4-8a61bc3a94fe:192.168.34.62:37037, 7c431f9d-51bc-458b-a3a6-511ec217d887:192.168.34.62:40420, b9cfa588-8e56-4331-be2f-4c26f25c6739:192.168.34.62:34777], old=null
2019-10-17 06:48:28,078 [7c431f9d-51bc-458b-a3a6-511ec217d887@group-21BA9BD4283D-LeaderElection458] INFO  impl.RaftServerImpl (RaftServerImpl.java:setRole(184)) - 7c431f9d-51bc-458b-a3a6-511ec217d887@group-21BA9BD4283D: changes role from CANDIDATE to FOLLOWER at term 416 for DISCOVERED_A_NEW_TERM
2019-10-17 06:48:28,078 [7c431f9d-51bc-458b-a3a6-511ec217d887@group-21BA9BD4283D-LeaderElection458] INFO  impl.RoleInfo (RoleInfo.java:shutdownLeaderElection(134)) - 7c431f9d-51bc-458b-a3a6-511ec217d887: shutdown LeaderElection
2019-10-17 06:48:28,079 [7c431f9d-51bc-458b-a3a6-511ec217d887@group-21BA9BD4283D-LeaderElection458] INFO  impl.RoleInfo (RoleInfo.java:updateAndGet(143)) - 7c431f9d-51bc-458b-a3a6-511ec217d887: start FollowerState
2019-10-17 06:48:28,111 [main] INFO  ozone.MiniOzoneClusterImpl (MiniOzoneClusterImpl.java:lambda$waitForClusterToBeReady$2(164)) - Waiting for 1 number of pipelines out of 4, to report a leader.
2019-10-17 06:48:28,169 [Thread-3743] INFO  impl.FollowerState (FollowerState.java:run(108)) - 7c431f9d-51bc-458b-a3a6-511ec217d887@group-21BA9BD4283D-FollowerState: change to CANDIDATE, lastRpcTime:90ms, electionTimeout:90ms
2019-10-17 06:48:28,169 [Thread-3743] INFO  impl.RoleInfo (RoleInfo.java:shutdownFollowerState(121)) - 7c431f9d-51bc-458b-a3a6-511ec217d887: shutdown FollowerState
2019-10-17 06:48:28,169 [Thread-3743] INFO  impl.RaftServerImpl (RaftServerImpl.java:setRole(184)) - 7c431f9d-51bc-458b-a3a6-511ec217d887@group-21BA9BD4283D: changes role from  FOLLOWER to CANDIDATE at term 416 for changeToCandidate
2019-10-17 06:48:28,169 [Thread-3743] INFO  impl.RoleInfo (RoleInfo.java:updateAndGet(143)) - 7c431f9d-51bc-458b-a3a6-511ec217d887: start LeaderElection
2019-10-17 06:48:28,190 [7c431f9d-51bc-458b-a3a6-511ec217d887@group-21BA9BD4283D-LeaderElection459] INFO  impl.LeaderElection (LeaderElection.java:askForVotes(178)) - 7c431f9d-51bc-458b-a3a6-511ec217d887@group-21BA9BD4283D-LeaderElection459: begin an election at term 417 for -1: [67f35358-9777-4ff9-96f4-8a61bc3a94fe:192.168.34.62:37037, 7c431f9d-51bc-458b-a3a6-511ec217d887:192.168.34.62:40420, b9cfa588-8e56-4331-be2f-4c26f25c6739:192.168.34.62:34777], old=null
2019-10-17 06:48:28,192 [grpc-default-executor-1] INFO  impl.RaftServerImpl (RaftServerImpl.java:setRole(184)) - 67f35358-9777-4ff9-96f4-8a61bc3a94fe@group-21BA9BD4283D: changes role from  FOLLOWER to FOLLOWER at term 417 for recognizeCandidate:7c431f9d-51bc-458b-a3a6-511ec217d887
2019-10-17 06:48:28,192 [grpc-default-executor-1] INFO  impl.RoleInfo (RoleInfo.java:shutdownFollowerState(121)) - 67f35358-9777-4ff9-96f4-8a61bc3a94fe: shutdown FollowerState
2019-10-17 06:48:28,192 [grpc-default-executor-1] INFO  impl.RoleInfo (RoleInfo.java:updateAndGet(143)) - 67f35358-9777-4ff9-96f4-8a61bc3a94fe: start FollowerState
2019-10-17 06:48:28,192 [Thread-3741] INFO  impl.FollowerState (FollowerState.java:run(117)) - 67f35358-9777-4ff9-96f4-8a61bc3a94fe@group-21BA9BD4283D-FollowerState was interrupted: java.lang.InterruptedException: sleep interrupted
2019-10-17 06:48:28,193 [grpc-default-executor-2] INFO  impl.RaftServerImpl (RaftServerImpl.java:setRole(184)) - b9cfa588-8e56-4331-be2f-4c26f25c6739@group-21BA9BD4283D: changes role from  FOLLOWER to FOLLOWER at term 417 for recognizeCandidate:7c431f9d-51bc-458b-a3a6-511ec217d887
2019-10-17 06:48:28,193 [grpc-default-executor-2] INFO  impl.RoleInfo (RoleInfo.java:shutdownFollowerState(121)) - b9cfa588-8e56-4331-be2f-4c26f25c6739: shutdown FollowerState
2019-10-17 06:48:28,193 [grpc-default-executor-2] INFO  impl.RoleInfo (RoleInfo.java:updateAndGet(143)) - b9cfa588-8e56-4331-be2f-4c26f25c6739: start FollowerState
2019-10-17 06:48:28,193 [Thread-3742] INFO  impl.FollowerState (FollowerState.java:run(117)) - b9cfa588-8e56-4331-be2f-4c26f25c6739@group-21BA9BD4283D-FollowerState was interrupted: java.lang.InterruptedException: sleep interrupted
2019-10-17 06:48:28,207 [7c431f9d-51bc-458b-a3a6-511ec217d887@group-21BA9BD4283D-LeaderElection459] INFO  impl.LeaderElection (LeaderElection.java:logAndReturn(56)) - 7c431f9d-51bc-458b-a3a6-511ec217d887@group-21BA9BD4283D-LeaderElection459: Election REJECTED; received 2 response(s) [7c431f9d-51bc-458b-a3a6-511ec217d887<-67f35358-9777-4ff9-96f4-8a61bc3a94fe#0:FAIL-t417, 7c431f9d-51bc-458b-a3a6-511ec217d887<-b9cfa588-8e56-4331-be2f-4c26f25c6739#0:FAIL-t417] and 0 exception(s); 7c431f9d-51bc-458b-a3a6-511ec217d887@group-21BA9BD4283D:t417, leader=null, voted=7c431f9d-51bc-458b-a3a6-511ec217d887, raftlog=7c431f9d-51bc-458b-a3a6-511ec217d887@group-21BA9BD4283D-SegmentedRaftLog:OPENED:c-1,f-1,i0, conf=-1: [67f35358-9777-4ff9-96f4-8a61bc3a94fe:192.168.34.62:37037, 7c431f9d-51bc-458b-a3a6-511ec217d887:192.168.34.62:40420, b9cfa588-8e56-4331-be2f-4c26f25c6739:192.168.34.62:34777], old=null
2019-10-17 06:48:28,208 [7c431f9d-51bc-458b-a3a6-511ec217d887@group-21BA9BD4283D-LeaderElection459] INFO  impl.RaftServerImpl (RaftServerImpl.java:setRole(184)) - 7c431f9d-51bc-458b-a3a6-511ec217d887@group-21BA9BD4283D: changes role from CANDIDATE to FOLLOWER at term 417 for DISCOVERED_A_NEW_TERM
2019-10-17 06:48:28,208 [7c431f9d-51bc-458b-a3a6-511ec217d887@group-21BA9BD4283D-LeaderElection459] INFO  impl.RoleInfo (RoleInfo.java:shutdownLeaderElection(134)) - 7c431f9d-51bc-458b-a3a6-511ec217d887: shutdown LeaderElection
2019-10-17 06:48:28,208 [7c431f9d-51bc-458b-a3a6-511ec217d887@group-21BA9BD4283D-LeaderElection459] INFO  impl.RoleInfo (RoleInfo.java:updateAndGet(143)) - 7c431f9d-51bc-458b-a3a6-511ec217d887: start FollowerState
2019-10-17 06:48:28,374 [Thread-3749] INFO  impl.FollowerState (FollowerState.java:run(108)) - 7c431f9d-51bc-458b-a3a6-511ec217d887@group-21BA9BD4283D-FollowerState: change to CANDIDATE, lastRpcTime:166ms, electionTimeout:166ms
2019-10-17 06:48:28,374 [Thread-3749] INFO  impl.RoleInfo (RoleInfo.java:shutdownFollowerState(121)) - 7c431f9d-51bc-458b-a3a6-511ec217d887: shutdown FollowerState
2019-10-17 06:48:28,374 [Thread-3749] INFO  impl.RaftServerImpl (RaftServerImpl.java:setRole(184)) - 7c431f9d-51bc-458b-a3a6-511ec217d887@group-21BA9BD4283D: changes role from  FOLLOWER to CANDIDATE at term 417 for changeToCandidate
2019-10-17 06:48:28,375 [Thread-3749] INFO  impl.RoleInfo (RoleInfo.java:updateAndGet(143)) - 7c431f9d-51bc-458b-a3a6-511ec217d887: start LeaderElection
2019-10-17 06:48:28,401 [7c431f9d-51bc-458b-a3a6-511ec217d887@group-21BA9BD4283D-LeaderElection460] INFO  impl.LeaderElection (LeaderElection.java:askForVotes(178)) - 7c431f9d-51bc-458b-a3a6-511ec217d887@group-21BA9BD4283D-LeaderElection460: begin an election at term 418 for -1: [67f35358-9777-4ff9-96f4-8a61bc3a94fe:192.168.34.62:37037, 7c431f9d-51bc-458b-a3a6-511ec217d887:192.168.34.62:40420, b9cfa588-8e56-4331-be2f-4c26f25c6739:192.168.34.62:34777], old=null
2019-10-17 06:48:28,402 [grpc-default-executor-1] INFO  impl.RaftServerImpl (RaftServerImpl.java:setRole(184)) - 67f35358-9777-4ff9-96f4-8a61bc3a94fe@group-21BA9BD4283D: changes role from  FOLLOWER to FOLLOWER at term 418 for recognizeCandidate:7c431f9d-51bc-458b-a3a6-511ec217d887
2019-10-17 06:48:28,402 [grpc-default-executor-1] INFO  impl.RoleInfo (RoleInfo.java:shutdownFollowerState(121)) - 67f35358-9777-4ff9-96f4-8a61bc3a94fe: shutdown FollowerState
2019-10-17 06:48:28,403 [grpc-default-executor-2] INFO  impl.RaftServerImpl (RaftServerImpl.java:setRole(184)) - b9cfa588-8e56-4331-be2f-4c26f25c6739@group-21BA9BD4283D: changes role from  FOLLOWER to FOLLOWER at term 418 for recognizeCandidate:7c431f9d-51bc-458b-a3a6-511ec217d887
2019-10-17 06:48:28,403 [grpc-default-executor-2] INFO  impl.RoleInfo (RoleInfo.java:shutdownFollowerState(121)) - b9cfa588-8e56-4331-be2f-4c26f25c6739: shutdown FollowerState
2019-10-17 06:48:28,403 [Thread-3747] INFO  impl.FollowerState (FollowerState.java:run(117)) - 67f35358-9777-4ff9-96f4-8a61bc3a94fe@group-21BA9BD4283D-FollowerState was interrupted: java.lang.InterruptedException: sleep interrupted
2019-10-17 06:48:28,403 [Thread-3748] INFO  impl.FollowerState (FollowerState.java:run(117)) - b9cfa588-8e56-4331-be2f-4c26f25c6739@group-21BA9BD4283D-FollowerState was interrupted: java.lang.InterruptedException: sleep interrupted
2019-10-17 06:48:28,403 [grpc-default-executor-1] INFO  impl.RoleInfo (RoleInfo.java:updateAndGet(143)) - 67f35358-9777-4ff9-96f4-8a61bc3a94fe: start FollowerState
2019-10-17 06:48:28,403 [grpc-default-executor-2] INFO  impl.RoleInfo (RoleInfo.java:updateAndGet(143)) - b9cfa588-8e56-4331-be2f-4c26f25c6739: start FollowerState
2019-10-17 06:48:28,417 [7c431f9d-51bc-458b-a3a6-511ec217d887@group-21BA9BD4283D-LeaderElection460] INFO  impl.LeaderElection (LeaderElection.java:logAndReturn(56)) - 7c431f9d-51bc-458b-a3a6-511ec217d887@group-21BA9BD4283D-LeaderElection460: Election REJECTED; received 2 response(s) [7c431f9d-51bc-458b-a3a6-511ec217d887<-67f35358-9777-4ff9-96f4-8a61bc3a94fe#0:FAIL-t418, 7c431f9d-51bc-458b-a3a6-511ec217d887<-b9cfa588-8e56-4331-be2f-4c26f25c6739#0:FAIL-t418] and 0 exception(s); 7c431f9d-51bc-458b-a3a6-511ec217d887@group-21BA9BD4283D:t418, leader=null, voted=7c431f9d-51bc-458b-a3a6-511ec217d887, raftlog=7c431f9d-51bc-458b-a3a6-511ec217d887@group-21BA9BD4283D-SegmentedRaftLog:OPENED:c-1,f-1,i0, conf=-1: [67f35358-9777-4ff9-96f4-8a61bc3a94fe:192.168.34.62:37037, 7c431f9d-51bc-458b-a3a6-511ec217d887:192.168.34.62:40420, b9cfa588-8e56-4331-be2f-4c26f25c6739:192.168.34.62:34777], old=null
2019-10-17 06:48:28,418 [7c431f9d-51bc-458b-a3a6-511ec217d887@group-21BA9BD4283D-LeaderElection460] INFO  impl.RaftServerImpl (RaftServerImpl.java:setRole(184)) - 7c431f9d-51bc-458b-a3a6-511ec217d887@group-21BA9BD4283D: changes role from CANDIDATE to FOLLOWER at term 418 for DISCOVERED_A_NEW_TERM
2019-10-17 06:48:28,418 [7c431f9d-51bc-458b-a3a6-511ec217d887@group-21BA9BD4283D-LeaderElection460] INFO  impl.RoleInfo (RoleInfo.java:shutdownLeaderElection(134)) - 7c431f9d-51bc-458b-a3a6-511ec217d887: shutdown LeaderElection
2019-10-17 06:48:28,418 [7c431f9d-51bc-458b-a3a6-511ec217d887@group-21BA9BD4283D-LeaderElection460] INFO  impl.RoleInfo (RoleInfo.java:updateAndGet(143)) - 7c431f9d-51bc-458b-a3a6-511ec217d887: start FollowerState
2019-10-17 06:48:28,452 [Thread-3755] INFO  impl.FollowerState (FollowerState.java:run(108)) - 7c431f9d-51bc-458b-a3a6-511ec217d887@group-21BA9BD4283D-FollowerState: change to CANDIDATE, lastRpcTime:34ms, electionTimeout:34ms
2019-10-17 06:48:28,452 [Thread-3755] INFO  impl.RoleInfo (RoleInfo.java:shutdownFollowerState(121)) - 7c431f9d-51bc-458b-a3a6-511ec217d887: shutdown FollowerState
2019-10-17 06:48:28,452 [Thread-3755] INFO  impl.RaftServerImpl (RaftServerImpl.java:setRole(184)) - 7c431f9d-51bc-458b-a3a6-511ec217d887@group-21BA9BD4283D: changes role from  FOLLOWER to CANDIDATE at term 418 for changeToCandidate
2019-10-17 06:48:28,452 [Thread-3755] INFO  impl.RoleInfo (RoleInfo.java:updateAndGet(143)) - 7c431f9d-51bc-458b-a3a6-511ec217d887: start LeaderElection
2019-10-17 06:48:28,477 [7c431f9d-51bc-458b-a3a6-511ec217d887@group-21BA9BD4283D-LeaderElection461] INFO  impl.LeaderElection (LeaderElection.java:askForVotes(178)) - 7c431f9d-51bc-458b-a3a6-511ec217d887@group-21BA9BD4283D-LeaderElection461: begin an election at term 419 for -1: [67f35358-9777-4ff9-96f4-8a61bc3a94fe:192.168.34.62:37037, 7c431f9d-51bc-458b-a3a6-511ec217d887:192.168.34.62:40420, b9cfa588-8e56-4331-be2f-4c26f25c6739:192.168.34.62:34777], old=null
2019-10-17 06:48:28,478 [grpc-default-executor-1] INFO  impl.RaftServerImpl (RaftServerImpl.java:setRole(184)) - 67f35358-9777-4ff9-96f4-8a61bc3a94fe@group-21BA9BD4283D: changes role from  FOLLOWER to FOLLOWER at term 419 for recognizeCandidate:7c431f9d-51bc-458b-a3a6-511ec217d887
2019-10-17 06:48:28,478 [grpc-default-executor-1] INFO  impl.RoleInfo (RoleInfo.java:shutdownFollowerState(121)) - 67f35358-9777-4ff9-96f4-8a61bc3a94fe: shutdown FollowerState
2019-10-17 06:48:28,478 [grpc-default-executor-2] INFO  impl.RaftServerImpl (RaftServerImpl.java:setRole(184)) - b9cfa588-8e56-4331-be2f-4c26f25c6739@group-21BA9BD4283D: changes role from  FOLLOWER to FOLLOWER at term 419 for recognizeCandidate:7c431f9d-51bc-458b-a3a6-511ec217d887
2019-10-17 06:48:28,478 [grpc-default-executor-2] INFO  impl.RoleInfo (RoleInfo.java:shutdownFollowerState(121)) - b9cfa588-8e56-4331-be2f-4c26f25c6739: shutdown FollowerState
2019-10-17 06:48:28,478 [Thread-3753] INFO  impl.FollowerState (FollowerState.java:run(117)) - 67f35358-9777-4ff9-96f4-8a61bc3a94fe@group-21BA9BD4283D-FollowerState was interrupted: java.lang.InterruptedException: sleep interrupted
2019-10-17 06:48:28,478 [grpc-default-executor-1] INFO  impl.RoleInfo (RoleInfo.java:updateAndGet(143)) - 67f35358-9777-4ff9-96f4-8a61bc3a94fe: start FollowerState
2019-10-17 06:48:28,479 [Thread-3754] INFO  impl.FollowerState (FollowerState.java:run(117)) - b9cfa588-8e56-4331-be2f-4c26f25c6739@group-21BA9BD4283D-FollowerState was interrupted: java.lang.InterruptedException: sleep interrupted
2019-10-17 06:48:28,479 [grpc-default-executor-2] INFO  impl.RoleInfo (RoleInfo.java:updateAndGet(143)) - b9cfa588-8e56-4331-be2f-4c26f25c6739: start FollowerState
2019-10-17 06:48:28,481 [7c431f9d-51bc-458b-a3a6-511ec217d887@group-21BA9BD4283D-LeaderElection461] INFO  impl.LeaderElection (LeaderElection.java:logAndReturn(56)) - 7c431f9d-51bc-458b-a3a6-511ec217d887@group-21BA9BD4283D-LeaderElection461: Election TIMEOUT; received 0 response(s) [] and 0 exception(s); 7c431f9d-51bc-458b-a3a6-511ec217d887@group-21BA9BD4283D:t419, leader=null, voted=7c431f9d-51bc-458b-a3a6-511ec217d887, raftlog=7c431f9d-51bc-458b-a3a6-511ec217d887@group-21BA9BD4283D-SegmentedRaftLog:OPENED:c-1,f-1,i0, conf=-1: [67f35358-9777-4ff9-96f4-8a61bc3a94fe:192.168.34.62:37037, 7c431f9d-51bc-458b-a3a6-511ec217d887:192.168.34.62:40420, b9cfa588-8e56-4331-be2f-4c26f25c6739:192.168.34.62:34777], old=null
2019-10-17 06:48:28,501 [7c431f9d-51bc-458b-a3a6-511ec217d887@group-21BA9BD4283D-LeaderElection461] INFO  impl.LeaderElection (LeaderElection.java:askForVotes(178)) - 7c431f9d-51bc-458b-a3a6-511ec217d887@group-21BA9BD4283D-LeaderElection461: begin an election at term 420 for -1: [67f35358-9777-4ff9-96f4-8a61bc3a94fe:192.168.34.62:37037, 7c431f9d-51bc-458b-a3a6-511ec217d887:192.168.34.62:40420, b9cfa588-8e56-4331-be2f-4c26f25c6739:192.168.34.62:34777], old=null
2019-10-17 06:48:28,502 [grpc-default-executor-2] INFO  impl.RaftServerImpl (RaftServerImpl.java:setRole(184)) - 67f35358-9777-4ff9-96f4-8a61bc3a94fe@group-21BA9BD4283D: changes role from  FOLLOWER to FOLLOWER at term 420 for recognizeCandidate:7c431f9d-51bc-458b-a3a6-511ec217d887
2019-10-17 06:48:28,502 [grpc-default-executor-2] INFO  impl.RoleInfo (RoleInfo.java:shutdownFollowerState(121)) - 67f35358-9777-4ff9-96f4-8a61bc3a94fe: shutdown FollowerState
2019-10-17 06:48:28,503 [grpc-default-executor-2] INFO  impl.RoleInfo (RoleInfo.java:updateAndGet(143)) - 67f35358-9777-4ff9-96f4-8a61bc3a94fe: start FollowerState
2019-10-17 06:48:28,503 [grpc-default-executor-3] INFO  impl.RaftServerImpl (RaftServerImpl.java:setRole(184)) - b9cfa588-8e56-4331-be2f-4c26f25c6739@group-21BA9BD4283D: changes role from  FOLLOWER to FOLLOWER at term 420 for recognizeCandidate:7c431f9d-51bc-458b-a3a6-511ec217d887
2019-10-17 06:48:28,503 [Thread-3759] INFO  impl.FollowerState (FollowerState.java:run(117)) - 67f35358-9777-4ff9-96f4-8a61bc3a94fe@group-21BA9BD4283D-FollowerState was interrupted: java.lang.InterruptedException: sleep interrupted
2019-10-17 06:48:28,503 [grpc-default-executor-3] INFO  impl.RoleInfo (RoleInfo.java:shutdownFollowerState(121)) - b9cfa588-8e56-4331-be2f-4c26f25c6739: shutdown FollowerState
2019-10-17 06:48:28,503 [grpc-default-executor-3] INFO  impl.RoleInfo (RoleInfo.java:updateAndGet(143)) - b9cfa588-8e56-4331-be2f-4c26f25c6739: start FollowerState
2019-10-17 06:48:28,503 [Thread-3760] INFO  impl.FollowerState (FollowerState.java:run(117)) - b9cfa588-8e56-4331-be2f-4c26f25c6739@group-21BA9BD4283D-FollowerState was interrupted: java.lang.InterruptedException: sleep interrupted
2019-10-17 06:48:28,516 [7c431f9d-51bc-458b-a3a6-511ec217d887@group-21BA9BD4283D-LeaderElection461] INFO  impl.LeaderElection (LeaderElection.java:logAndReturn(56)) - 7c431f9d-51bc-458b-a3a6-511ec217d887@group-21BA9BD4283D-LeaderElection461: Election REJECTED; received 2 response(s) [7c431f9d-51bc-458b-a3a6-511ec217d887<-67f35358-9777-4ff9-96f4-8a61bc3a94fe#0:FAIL-t420, 7c431f9d-51bc-458b-a3a6-511ec217d887<-b9cfa588-8e56-4331-be2f-4c26f25c6739#0:FAIL-t420] and 0 exception(s); 7c431f9d-51bc-458b-a3a6-511ec217d887@group-21BA9BD4283D:t420, leader=null, voted=7c431f9d-51bc-458b-a3a6-511ec217d887, raftlog=7c431f9d-51bc-458b-a3a6-511ec217d887@group-21BA9BD4283D-SegmentedRaftLog:OPENED:c-1,f-1,i0, conf=-1: [67f35358-9777-4ff9-96f4-8a61bc3a94fe:192.168.34.62:37037, 7c431f9d-51bc-458b-a3a6-511ec217d887:192.168.34.62:40420, b9cfa588-8e56-4331-be2f-4c26f25c6739:192.168.34.62:34777], old=null
2019-10-17 06:48:28,516 [7c431f9d-51bc-458b-a3a6-511ec217d887@group-21BA9BD4283D-LeaderElection461] INFO  impl.RaftServerImpl (RaftServerImpl.java:setRole(184)) - 7c431f9d-51bc-458b-a3a6-511ec217d887@group-21BA9BD4283D: changes role from CANDIDATE to FOLLOWER at term 420 for DISCOVERED_A_NEW_TERM
2019-10-17 06:48:28,516 [7c431f9d-51bc-458b-a3a6-511ec217d887@group-21BA9BD4283D-LeaderElection461] INFO  impl.RoleInfo (RoleInfo.java:shutdownLeaderElection(134)) - 7c431f9d-51bc-458b-a3a6-511ec217d887: shutdown LeaderElection
2019-10-17 06:48:28,516 [7c431f9d-51bc-458b-a3a6-511ec217d887@group-21BA9BD4283D-LeaderElection461] INFO  impl.RoleInfo (RoleInfo.java:updateAndGet(143)) - 7c431f9d-51bc-458b-a3a6-511ec217d887: start FollowerState
2019-10-17 06:48:28,522 [Thread-3765] INFO  impl.FollowerState (FollowerState.java:run(108)) - 7c431f9d-51bc-458b-a3a6-511ec217d887@group-21BA9BD4283D-FollowerState: change to CANDIDATE, lastRpcTime:5ms, electionTimeout:5ms
2019-10-17 06:48:28,522 [Thread-3765] INFO  impl.RoleInfo (RoleInfo.java:shutdownFollowerState(121)) - 7c431f9d-51bc-458b-a3a6-511ec217d887: shutdown FollowerState
2019-10-17 06:48:28,522 [Thread-3765] INFO  impl.RaftServerImpl (RaftServerImpl.java:setRole(184)) - 7c431f9d-51bc-458b-a3a6-511ec217d887@group-21BA9BD4283D: changes role from  FOLLOWER to CANDIDATE at term 420 for changeToCandidate
2019-10-17 06:48:28,522 [Thread-3765] INFO  impl.RoleInfo (RoleInfo.java:updateAndGet(143)) - 7c431f9d-51bc-458b-a3a6-511ec217d887: start LeaderElection
2019-10-17 06:48:28,540 [7c431f9d-51bc-458b-a3a6-511ec217d887@group-21BA9BD4283D-LeaderElection462] INFO  impl.LeaderElection (LeaderElection.java:askForVotes(178)) - 7c431f9d-51bc-458b-a3a6-511ec217d887@group-21BA9BD4283D-LeaderElection462: begin an election at term 421 for -1: [67f35358-9777-4ff9-96f4-8a61bc3a94fe:192.168.34.62:37037, 7c431f9d-51bc-458b-a3a6-511ec217d887:192.168.34.62:40420, b9cfa588-8e56-4331-be2f-4c26f25c6739:192.168.34.62:34777], old=null
2019-10-17 06:48:28,541 [grpc-default-executor-2] INFO  impl.RaftServerImpl (RaftServerImpl.java:setRole(184)) - 67f35358-9777-4ff9-96f4-8a61bc3a94fe@group-21BA9BD4283D: changes role from  FOLLOWER to FOLLOWER at term 421 for recognizeCandidate:7c431f9d-51bc-458b-a3a6-511ec217d887
2019-10-17 06:48:28,542 [grpc-default-executor-3] INFO  impl.RaftServerImpl (RaftServerImpl.java:setRole(184)) - b9cfa588-8e56-4331-be2f-4c26f25c6739@group-21BA9BD4283D: changes role from  FOLLOWER to FOLLOWER at term 421 for recognizeCandidate:7c431f9d-51bc-458b-a3a6-511ec217d887
2019-10-17 06:48:28,542 [grpc-default-executor-3] INFO  impl.RoleInfo (RoleInfo.java:shutdownFollowerState(121)) - b9cfa588-8e56-4331-be2f-4c26f25c6739: shutdown FollowerState
2019-10-17 06:48:28,542 [grpc-default-executor-2] INFO  impl.RoleInfo (RoleInfo.java:shutdownFollowerState(121)) - 67f35358-9777-4ff9-96f4-8a61bc3a94fe: shutdown FollowerState
2019-10-17 06:48:28,542 [Thread-3764] INFO  impl.FollowerState (FollowerState.java:run(117)) - b9cfa588-8e56-4331-be2f-4c26f25c6739@group-21BA9BD4283D-FollowerState was interrupted: java.lang.InterruptedException: sleep interrupted
2019-10-17 06:48:28,542 [grpc-default-executor-3] INFO  impl.RoleInfo (RoleInfo.java:updateAndGet(143)) - b9cfa588-8e56-4331-be2f-4c26f25c6739: start FollowerState
2019-10-17 06:48:28,542 [Thread-3763] INFO  impl.FollowerState (FollowerState.java:run(117)) - 67f35358-9777-4ff9-96f4-8a61bc3a94fe@group-21BA9BD4283D-FollowerState was interrupted: java.lang.InterruptedException: sleep interrupted
2019-10-17 06:48:28,542 [grpc-default-executor-2] INFO  impl.RoleInfo (RoleInfo.java:updateAndGet(143)) - 67f35358-9777-4ff9-96f4-8a61bc3a94fe: start FollowerState
2019-10-17 06:48:28,569 [7c431f9d-51bc-458b-a3a6-511ec217d887@group-21BA9BD4283D-LeaderElection462] INFO  impl.LeaderElection (LeaderElection.java:logAndReturn(56)) - 7c431f9d-51bc-458b-a3a6-511ec217d887@group-21BA9BD4283D-LeaderElection462: Election REJECTED; received 2 response(s) [7c431f9d-51bc-458b-a3a6-511ec217d887<-67f35358-9777-4ff9-96f4-8a61bc3a94fe#0:FAIL-t421, 7c431f9d-51bc-458b-a3a6-511ec217d887<-b9cfa588-8e56-4331-be2f-4c26f25c6739#0:FAIL-t421] and 0 exception(s); 7c431f9d-51bc-458b-a3a6-511ec217d887@group-21BA9BD4283D:t421, leader=null, voted=7c431f9d-51bc-458b-a3a6-511ec217d887, raftlog=7c431f9d-51bc-458b-a3a6-511ec217d887@group-21BA9BD4283D-SegmentedRaftLog:OPENED:c-1,f-1,i0, conf=-1: [67f35358-9777-4ff9-96f4-8a61bc3a94fe:192.168.34.62:37037, 7c431f9d-51bc-458b-a3a6-511ec217d887:192.168.34.62:40420, b9cfa588-8e56-4331-be2f-4c26f25c6739:192.168.34.62:34777], old=null
2019-10-17 06:48:28,569 [7c431f9d-51bc-458b-a3a6-511ec217d887@group-21BA9BD4283D-LeaderElection462] INFO  impl.RaftServerImpl (RaftServerImpl.java:setRole(184)) - 7c431f9d-51bc-458b-a3a6-511ec217d887@group-21BA9BD4283D: changes role from CANDIDATE to FOLLOWER at term 421 for DISCOVERED_A_NEW_TERM
2019-10-17 06:48:28,569 [7c431f9d-51bc-458b-a3a6-511ec217d887@group-21BA9BD4283D-LeaderElection462] INFO  impl.RoleInfo (RoleInfo.java:shutdownLeaderElection(134)) - 7c431f9d-51bc-458b-a3a6-511ec217d887: shutdown LeaderElection
2019-10-17 06:48:28,569 [7c431f9d-51bc-458b-a3a6-511ec217d887@group-21BA9BD4283D-LeaderElection462] INFO  impl.RoleInfo (RoleInfo.java:updateAndGet(143)) - 7c431f9d-51bc-458b-a3a6-511ec217d887: start FollowerState
2019-10-17 06:48:28,615 [Thread-3771] INFO  impl.FollowerState (FollowerState.java:run(108)) - 7c431f9d-51bc-458b-a3a6-511ec217d887@group-21BA9BD4283D-FollowerState: change to CANDIDATE, lastRpcTime:46ms, electionTimeout:46ms
2019-10-17 06:48:28,616 [Thread-3771] INFO  impl.RoleInfo (RoleInfo.java:shutdownFollowerState(121)) - 7c431f9d-51bc-458b-a3a6-511ec217d887: shutdown FollowerState
2019-10-17 06:48:28,616 [Thread-3771] INFO  impl.RaftServerImpl (RaftServerImpl.java:setRole(184)) - 7c431f9d-51bc-458b-a3a6-511ec217d887@group-21BA9BD4283D: changes role from  FOLLOWER to CANDIDATE at term 421 for changeToCandidate
2019-10-17 06:48:28,616 [Thread-3771] INFO  impl.RoleInfo (RoleInfo.java:updateAndGet(143)) - 7c431f9d-51bc-458b-a3a6-511ec217d887: start LeaderElection
2019-10-17 06:48:28,639 [7c431f9d-51bc-458b-a3a6-511ec217d887@group-21BA9BD4283D-LeaderElection463] INFO  impl.LeaderElection (LeaderElection.java:askForVotes(178)) - 7c431f9d-51bc-458b-a3a6-511ec217d887@group-21BA9BD4283D-LeaderElection463: begin an election at term 422 for -1: [67f35358-9777-4ff9-96f4-8a61bc3a94fe:192.168.34.62:37037, 7c431f9d-51bc-458b-a3a6-511ec217d887:192.168.34.62:40420, b9cfa588-8e56-4331-be2f-4c26f25c6739:192.168.34.62:34777], old=null
2019-10-17 06:48:28,640 [grpc-default-executor-3] INFO  impl.RaftServerImpl (RaftServerImpl.java:setRole(184)) - 67f35358-9777-4ff9-96f4-8a61bc3a94fe@group-21BA9BD4283D: changes role from  FOLLOWER to FOLLOWER at term 422 for recognizeCandidate:7c431f9d-51bc-458b-a3a6-511ec217d887
2019-10-17 06:48:28,640 [grpc-default-executor-3] INFO  impl.RoleInfo (RoleInfo.java:shutdownFollowerState(121)) - 67f35358-9777-4ff9-96f4-8a61bc3a94fe: shutdown FollowerState
2019-10-17 06:48:28,640 [grpc-default-executor-2] INFO  impl.RaftServerImpl (RaftServerImpl.java:setRole(184)) - b9cfa588-8e56-4331-be2f-4c26f25c6739@group-21BA9BD4283D: changes role from  FOLLOWER to FOLLOWER at term 422 for recognizeCandidate:7c431f9d-51bc-458b-a3a6-511ec217d887
2019-10-17 06:48:28,641 [Thread-3770] INFO  impl.FollowerState (FollowerState.java:run(117)) - 67f35358-9777-4ff9-96f4-8a61bc3a94fe@group-21BA9BD4283D-FollowerState was interrupted: java.lang.InterruptedException: sleep interrupted
2019-10-17 06:48:28,641 [grpc-default-executor-3] INFO  impl.RoleInfo (RoleInfo.java:updateAndGet(143)) - 67f35358-9777-4ff9-96f4-8a61bc3a94fe: start FollowerState
2019-10-17 06:48:28,641 [grpc-default-executor-2] INFO  impl.RoleInfo (RoleInfo.java:shutdownFollowerState(121)) - b9cfa588-8e56-4331-be2f-4c26f25c6739: shutdown FollowerState
2019-10-17 06:48:28,641 [grpc-default-executor-2] INFO  impl.RoleInfo (RoleInfo.java:updateAndGet(143)) - b9cfa588-8e56-4331-be2f-4c26f25c6739: start FollowerState
2019-10-17 06:48:28,641 [Thread-3769] INFO  impl.FollowerState (FollowerState.java:run(117)) - b9cfa588-8e56-4331-be2f-4c26f25c6739@group-21BA9BD4283D-FollowerState was interrupted: java.lang.InterruptedException: sleep interrupted
2019-10-17 06:48:28,667 [7c431f9d-51bc-458b-a3a6-511ec217d887@group-21BA9BD4283D-LeaderElection463] INFO  impl.LeaderElection (LeaderElection.java:logAndReturn(56)) - 7c431f9d-51bc-458b-a3a6-511ec217d887@group-21BA9BD4283D-LeaderElection463: Election REJECTED; received 2 response(s) [7c431f9d-51bc-458b-a3a6-511ec217d887<-67f35358-9777-4ff9-96f4-8a61bc3a94fe#0:FAIL-t422, 7c431f9d-51bc-458b-a3a6-511ec217d887<-b9cfa588-8e56-4331-be2f-4c26f25c6739#0:FAIL-t422] and 0 exception(s); 7c431f9d-51bc-458b-a3a6-511ec217d887@group-21BA9BD4283D:t422, leader=null, voted=7c431f9d-51bc-458b-a3a6-511ec217d887, raftlog=7c431f9d-51bc-458b-a3a6-511ec217d887@group-21BA9BD4283D-SegmentedRaftLog:OPENED:c-1,f-1,i0, conf=-1: [67f35358-9777-4ff9-96f4-8a61bc3a94fe:192.168.34.62:37037, 7c431f9d-51bc-458b-a3a6-511ec217d887:192.168.34.62:40420, b9cfa588-8e56-4331-be2f-4c26f25c6739:192.168.34.62:34777], old=null
2019-10-17 06:48:28,667 [7c431f9d-51bc-458b-a3a6-511ec217d887@group-21BA9BD4283D-LeaderElection463] INFO  impl.RaftServerImpl (RaftServerImpl.java:setRole(184)) - 7c431f9d-51bc-458b-a3a6-511ec217d887@group-21BA9BD4283D: changes role from CANDIDATE to FOLLOWER at term 422 for DISCOVERED_A_NEW_TERM
2019-10-17 06:48:28,667 [7c431f9d-51bc-458b-a3a6-511ec217d887@group-21BA9BD4283D-LeaderElection463] INFO  impl.RoleInfo (RoleInfo.java:shutdownLeaderElection(134)) - 7c431f9d-51bc-458b-a3a6-511ec217d887: shutdown LeaderElection
2019-10-17 06:48:28,667 [7c431f9d-51bc-458b-a3a6-511ec217d887@group-21BA9BD4283D-LeaderElection463] INFO  impl.RoleInfo (RoleInfo.java:updateAndGet(143)) - 7c431f9d-51bc-458b-a3a6-511ec217d887: start FollowerState
2019-10-17 06:48:28,844 [Thread-3777] INFO  impl.FollowerState (FollowerState.java:run(108)) - 7c431f9d-51bc-458b-a3a6-511ec217d887@group-21BA9BD4283D-FollowerState: change to CANDIDATE, lastRpcTime:176ms, electionTimeout:176ms
2019-10-17 06:48:28,844 [Thread-3777] INFO  impl.RoleInfo (RoleInfo.java:shutdownFollowerState(121)) - 7c431f9d-51bc-458b-a3a6-511ec217d887: shutdown FollowerState
2019-10-17 06:48:28,844 [Thread-3777] INFO  impl.RaftServerImpl (RaftServerImpl.java:setRole(184)) - 7c431f9d-51bc-458b-a3a6-511ec217d887@group-21BA9BD4283D: changes role from  FOLLOWER to CANDIDATE at term 422 for changeToCandidate
2019-10-17 06:48:28,844 [Thread-3777] INFO  impl.RoleInfo (RoleInfo.java:updateAndGet(143)) - 7c431f9d-51bc-458b-a3a6-511ec217d887: start LeaderElection
2019-10-17 06:48:28,857 [7c431f9d-51bc-458b-a3a6-511ec217d887@group-21BA9BD4283D-LeaderElection464] INFO  impl.LeaderElection (LeaderElection.java:askForVotes(178)) - 7c431f9d-51bc-458b-a3a6-511ec217d887@group-21BA9BD4283D-LeaderElection464: begin an election at term 423 for -1: [67f35358-9777-4ff9-96f4-8a61bc3a94fe:192.168.34.62:37037, 7c431f9d-51bc-458b-a3a6-511ec217d887:192.168.34.62:40420, b9cfa588-8e56-4331-be2f-4c26f25c6739:192.168.34.62:34777], old=null
2019-10-17 06:48:28,858 [grpc-default-executor-3] INFO  impl.RaftServerImpl (RaftServerImpl.java:setRole(184)) - 67f35358-9777-4ff9-96f4-8a61bc3a94fe@group-21BA9BD4283D: changes role from  FOLLOWER to FOLLOWER at term 423 for recognizeCandidate:7c431f9d-51bc-458b-a3a6-511ec217d887
2019-10-17 06:48:28,858 [grpc-default-executor-2] INFO  impl.RaftServerImpl (RaftServerImpl.java:setRole(184)) - b9cfa588-8e56-4331-be2f-4c26f25c6739@group-21BA9BD4283D: changes role from  FOLLOWER to FOLLOWER at term 423 for recognizeCandidate:7c431f9d-51bc-458b-a3a6-511ec217d887
2019-10-17 06:48:28,858 [grpc-default-executor-3] INFO  impl.RoleInfo (RoleInfo.java:shutdownFollowerState(121)) - 67f35358-9777-4ff9-96f4-8a61bc3a94fe: shutdown FollowerState
2019-10-17 06:48:28,858 [grpc-default-executor-2] INFO  impl.RoleInfo (RoleInfo.java:shutdownFollowerState(121)) - b9cfa588-8e56-4331-be2f-4c26f25c6739: shutdown FollowerState
2019-10-17 06:48:28,858 [Thread-3775] INFO  impl.FollowerState (FollowerState.java:run(117)) - 67f35358-9777-4ff9-96f4-8a61bc3a94fe@group-21BA9BD4283D-FollowerState was interrupted: java.lang.InterruptedException: sleep interrupted
2019-10-17 06:48:28,859 [Thread-3776] INFO  impl.FollowerState (FollowerState.java:run(117)) - b9cfa588-8e56-4331-be2f-4c26f25c6739@group-21BA9BD4283D-FollowerState was interrupted: java.lang.InterruptedException: sleep interrupted
2019-10-17 06:48:28,858 [grpc-default-executor-3] INFO  impl.RoleInfo (RoleInfo.java:updateAndGet(143)) - 67f35358-9777-4ff9-96f4-8a61bc3a94fe: start FollowerState
2019-10-17 06:48:28,859 [grpc-default-executor-2] INFO  impl.RoleInfo (RoleInfo.java:updateAndGet(143)) - b9cfa588-8e56-4331-be2f-4c26f25c6739: start FollowerState
2019-10-17 06:48:28,884 [7c431f9d-51bc-458b-a3a6-511ec217d887@group-21BA9BD4283D-LeaderElection464] INFO  impl.LeaderElection (LeaderElection.java:logAndReturn(56)) - 7c431f9d-51bc-458b-a3a6-511ec217d887@group-21BA9BD4283D-LeaderElection464: Election REJECTED; received 2 response(s) [7c431f9d-51bc-458b-a3a6-511ec217d887<-67f35358-9777-4ff9-96f4-8a61bc3a94fe#0:FAIL-t423, 7c431f9d-51bc-458b-a3a6-511ec217d887<-b9cfa588-8e56-4331-be2f-4c26f25c6739#0:FAIL-t423] and 0 exception(s); 7c431f9d-51bc-458b-a3a6-511ec217d887@group-21BA9BD4283D:t423, leader=null, voted=7c431f9d-51bc-458b-a3a6-511ec217d887, raftlog=7c431f9d-51bc-458b-a3a6-511ec217d887@group-21BA9BD4283D-SegmentedRaftLog:OPENED:c-1,f-1,i0, conf=-1: [67f35358-9777-4ff9-96f4-8a61bc3a94fe:192.168.34.62:37037, 7c431f9d-51bc-458b-a3a6-511ec217d887:192.168.34.62:40420, b9cfa588-8e56-4331-be2f-4c26f25c6739:192.168.34.62:34777], old=null
2019-10-17 06:48:28,884 [7c431f9d-51bc-458b-a3a6-511ec217d887@group-21BA9BD4283D-LeaderElection464] INFO  impl.RaftServerImpl (RaftServerImpl.java:setRole(184)) - 7c431f9d-51bc-458b-a3a6-511ec217d887@group-21BA9BD4283D: changes role from CANDIDATE to FOLLOWER at term 423 for DISCOVERED_A_NEW_TERM
2019-10-17 06:48:28,885 [7c431f9d-51bc-458b-a3a6-511ec217d887@group-21BA9BD4283D-LeaderElection464] INFO  impl.RoleInfo (RoleInfo.java:shutdownLeaderElection(134)) - 7c431f9d-51bc-458b-a3a6-511ec217d887: shutdown LeaderElection
2019-10-17 06:48:28,885 [7c431f9d-51bc-458b-a3a6-511ec217d887@group-21BA9BD4283D-LeaderElection464] INFO  impl.RoleInfo (RoleInfo.java:updateAndGet(143)) - 7c431f9d-51bc-458b-a3a6-511ec217d887: start FollowerState
2019-10-17 06:48:29,054 [Thread-3783] INFO  impl.FollowerState (FollowerState.java:run(108)) - 7c431f9d-51bc-458b-a3a6-511ec217d887@group-21BA9BD4283D-FollowerState: change to CANDIDATE, lastRpcTime:169ms, electionTimeout:169ms
2019-10-17 06:48:29,054 [Thread-3783] INFO  impl.RoleInfo (RoleInfo.java:shutdownFollowerState(121)) - 7c431f9d-51bc-458b-a3a6-511ec217d887: shutdown FollowerState
2019-10-17 06:48:29,054 [Thread-3783] INFO  impl.RaftServerImpl (RaftServerImpl.java:setRole(184)) - 7c431f9d-51bc-458b-a3a6-511ec217d887@group-21BA9BD4283D: changes role from  FOLLOWER to CANDIDATE at term 423 for changeToCandidate
2019-10-17 06:48:29,054 [Thread-3783] INFO  impl.RoleInfo (RoleInfo.java:updateAndGet(143)) - 7c431f9d-51bc-458b-a3a6-511ec217d887: start LeaderElection
2019-10-17 06:48:29,078 [7c431f9d-51bc-458b-a3a6-511ec217d887@group-21BA9BD4283D-LeaderElection465] INFO  impl.LeaderElection (LeaderElection.java:askForVotes(178)) - 7c431f9d-51bc-458b-a3a6-511ec217d887@group-21BA9BD4283D-LeaderElection465: begin an election at term 424 for -1: [67f35358-9777-4ff9-96f4-8a61bc3a94fe:192.168.34.62:37037, 7c431f9d-51bc-458b-a3a6-511ec217d887:192.168.34.62:40420, b9cfa588-8e56-4331-be2f-4c26f25c6739:192.168.34.62:34777], old=null
2019-10-17 06:48:29,079 [grpc-default-executor-2] INFO  impl.RaftServerImpl (RaftServerImpl.java:setRole(184)) - 67f35358-9777-4ff9-96f4-8a61bc3a94fe@group-21BA9BD4283D: changes role from  FOLLOWER to FOLLOWER at term 424 for recognizeCandidate:7c431f9d-51bc-458b-a3a6-511ec217d887
2019-10-17 06:48:29,079 [grpc-default-executor-2] INFO  impl.RoleInfo (RoleInfo.java:shutdownFollowerState(121)) - 67f35358-9777-4ff9-96f4-8a61bc3a94fe: shutdown FollowerState
2019-10-17 06:48:29,079 [grpc-default-executor-2] INFO  impl.RoleInfo (RoleInfo.java:updateAndGet(143)) - 67f35358-9777-4ff9-96f4-8a61bc3a94fe: start FollowerState
2019-10-17 06:48:29,079 [grpc-default-executor-3] INFO  impl.RaftServerImpl (RaftServerImpl.java:setRole(184)) - b9cfa588-8e56-4331-be2f-4c26f25c6739@group-21BA9BD4283D: changes role from  FOLLOWER to FOLLOWER at term 424 for recognizeCandidate:7c431f9d-51bc-458b-a3a6-511ec217d887
2019-10-17 06:48:29,079 [Thread-3781] INFO  impl.FollowerState (FollowerState.java:run(117)) - 67f35358-9777-4ff9-96f4-8a61bc3a94fe@group-21BA9BD4283D-FollowerState was interrupted: java.lang.InterruptedException: sleep interrupted
2019-10-17 06:48:29,080 [grpc-default-executor-3] INFO  impl.RoleInfo (RoleInfo.java:shutdownFollowerState(121)) - b9cfa588-8e56-4331-be2f-4c26f25c6739: shutdown FollowerState
2019-10-17 06:48:29,080 [grpc-default-executor-3] INFO  impl.RoleInfo (RoleInfo.java:updateAndGet(143)) - b9cfa588-8e56-4331-be2f-4c26f25c6739: start FollowerState
2019-10-17 06:48:29,080 [Thread-3782] INFO  impl.FollowerState (FollowerState.java:run(117)) - b9cfa588-8e56-4331-be2f-4c26f25c6739@group-21BA9BD4283D-FollowerState was interrupted: java.lang.InterruptedException: sleep interrupted
2019-10-17 06:48:29,104 [7c431f9d-51bc-458b-a3a6-511ec217d887@group-21BA9BD4283D-LeaderElection465] INFO  impl.LeaderElection (LeaderElection.java:logAndReturn(56)) - 7c431f9d-51bc-458b-a3a6-511ec217d887@group-21BA9BD4283D-LeaderElection465: Election REJECTED; received 2 response(s) [7c431f9d-51bc-458b-a3a6-511ec217d887<-67f35358-9777-4ff9-96f4-8a61bc3a94fe#0:FAIL-t424, 7c431f9d-51bc-458b-a3a6-511ec217d887<-b9cfa588-8e56-4331-be2f-4c26f25c6739#0:FAIL-t424] and 0 exception(s); 7c431f9d-51bc-458b-a3a6-511ec217d887@group-21BA9BD4283D:t424, leader=null, voted=7c431f9d-51bc-458b-a3a6-511ec217d887, raftlog=7c431f9d-51bc-458b-a3a6-511ec217d887@group-21BA9BD4283D-SegmentedRaftLog:OPENED:c-1,f-1,i0, conf=-1: [67f35358-9777-4ff9-96f4-8a61bc3a94fe:192.168.34.62:37037, 7c431f9d-51bc-458b-a3a6-511ec217d887:192.168.34.62:40420, b9cfa588-8e56-4331-be2f-4c26f25c6739:192.168.34.62:34777], old=null
2019-10-17 06:48:29,104 [7c431f9d-51bc-458b-a3a6-511ec217d887@group-21BA9BD4283D-LeaderElection465] INFO  impl.RaftServerImpl (RaftServerImpl.java:setRole(184)) - 7c431f9d-51bc-458b-a3a6-511ec217d887@group-21BA9BD4283D: changes role from CANDIDATE to FOLLOWER at term 424 for DISCOVERED_A_NEW_TERM
2019-10-17 06:48:29,104 [7c431f9d-51bc-458b-a3a6-511ec217d887@group-21BA9BD4283D-LeaderElection465] INFO  impl.RoleInfo (RoleInfo.java:shutdownLeaderElection(134)) - 7c431f9d-51bc-458b-a3a6-511ec217d887: shutdown LeaderElection
2019-10-17 06:48:29,105 [7c431f9d-51bc-458b-a3a6-511ec217d887@group-21BA9BD4283D-LeaderElection465] INFO  impl.RoleInfo (RoleInfo.java:updateAndGet(143)) - 7c431f9d-51bc-458b-a3a6-511ec217d887: start FollowerState
2019-10-17 06:48:29,112 [main] INFO  ozone.MiniOzoneClusterImpl (MiniOzoneClusterImpl.java:lambda$waitForClusterToBeReady$2(164)) - Waiting for 1 number of pipelines out of 4, to report a leader.
2019-10-17 06:48:29,123 [Thread-3789] INFO  impl.FollowerState (FollowerState.java:run(108)) - 7c431f9d-51bc-458b-a3a6-511ec217d887@group-21BA9BD4283D-FollowerState: change to CANDIDATE, lastRpcTime:18ms, electionTimeout:18ms
2019-10-17 06:48:29,123 [Thread-3789] INFO  impl.RoleInfo (RoleInfo.java:shutdownFollowerState(121)) - 7c431f9d-51bc-458b-a3a6-511ec217d887: shutdown FollowerState
2019-10-17 06:48:29,123 [Thread-3789] INFO  impl.RaftServerImpl (RaftServerImpl.java:setRole(184)) - 7c431f9d-51bc-458b-a3a6-511ec217d887@group-21BA9BD4283D: changes role from  FOLLOWER to CANDIDATE at term 424 for changeToCandidate
2019-10-17 06:48:29,123 [Thread-3789] INFO  impl.RoleInfo (RoleInfo.java:updateAndGet(143)) - 7c431f9d-51bc-458b-a3a6-511ec217d887: start LeaderElection
2019-10-17 06:48:29,151 [7c431f9d-51bc-458b-a3a6-511ec217d887@group-21BA9BD4283D-LeaderElection466] INFO  impl.LeaderElection (LeaderElection.java:askForVotes(178)) - 7c431f9d-51bc-458b-a3a6-511ec217d887@group-21BA9BD4283D-LeaderElection466: begin an election at term 425 for -1: [67f35358-9777-4ff9-96f4-8a61bc3a94fe:192.168.34.62:37037, 7c431f9d-51bc-458b-a3a6-511ec217d887:192.168.34.62:40420, b9cfa588-8e56-4331-be2f-4c26f25c6739:192.168.34.62:34777], old=null
2019-10-17 06:48:29,152 [main] INFO  ozone.MiniOzoneClusterImpl (MiniOzoneClusterImpl.java:shutdown(352)) - Shutting down the Mini Ozone Cluster
2019-10-17 06:48:29,152 [grpc-default-executor-3] INFO  impl.RaftServerImpl (RaftServerImpl.java:setRole(184)) - b9cfa588-8e56-4331-be2f-4c26f25c6739@group-21BA9BD4283D: changes role from  FOLLOWER to FOLLOWER at term 425 for recognizeCandidate:7c431f9d-51bc-458b-a3a6-511ec217d887
2019-10-17 06:48:29,153 [grpc-default-executor-3] INFO  impl.RoleInfo (RoleInfo.java:shutdownFollowerState(121)) - b9cfa588-8e56-4331-be2f-4c26f25c6739: shutdown FollowerState
2019-10-17 06:48:29,152 [grpc-default-executor-2] INFO  impl.RaftServerImpl (RaftServerImpl.java:setRole(184)) - 67f35358-9777-4ff9-96f4-8a61bc3a94fe@group-21BA9BD4283D: changes role from  FOLLOWER to FOLLOWER at term 425 for recognizeCandidate:7c431f9d-51bc-458b-a3a6-511ec217d887
2019-10-17 06:48:29,153 [Thread-3788] INFO  impl.FollowerState (FollowerState.java:run(117)) - b9cfa588-8e56-4331-be2f-4c26f25c6739@group-21BA9BD4283D-FollowerState was interrupted: java.lang.InterruptedException: sleep interrupted
2019-10-17 06:48:29,153 [grpc-default-executor-3] INFO  impl.RoleInfo (RoleInfo.java:updateAndGet(143)) - b9cfa588-8e56-4331-be2f-4c26f25c6739: start FollowerState
2019-10-17 06:48:29,153 [main] INFO  ozone.MiniOzoneClusterImpl (MiniOzoneClusterImpl.java:stop(368)) - Stopping the Mini Ozone Cluster
2019-10-17 06:48:29,153 [main] INFO  ozone.MiniOzoneClusterImpl (MiniOzoneClusterImpl.java:stopOM(438)) - Stopping the OzoneManager
2019-10-17 06:48:29,153 [grpc-default-executor-2] INFO  impl.RoleInfo (RoleInfo.java:shutdownFollowerState(121)) - 67f35358-9777-4ff9-96f4-8a61bc3a94fe: shutdown FollowerState
2019-10-17 06:48:29,153 [main] INFO  ipc.Server (Server.java:stop(3082)) - Stopping server on 44019
2019-10-17 06:48:29,153 [grpc-default-executor-2] INFO  impl.RoleInfo (RoleInfo.java:updateAndGet(143)) - 67f35358-9777-4ff9-96f4-8a61bc3a94fe: start FollowerState
2019-10-17 06:48:29,153 [Thread-3787] INFO  impl.FollowerState (FollowerState.java:run(117)) - 67f35358-9777-4ff9-96f4-8a61bc3a94fe@group-21BA9BD4283D-FollowerState was interrupted: java.lang.InterruptedException: sleep interrupted
2019-10-17 06:48:29,157 [IPC Server listener on 44019] INFO  ipc.Server (Server.java:run(1185)) - Stopping IPC Server listener on 44019
2019-10-17 06:48:29,157 [main] INFO  ratis.OzoneManagerDoubleBuffer (OzoneManagerDoubleBuffer.java:stop(250)) - Stopping OMDoubleBuffer flush thread
2019-10-17 06:48:29,157 [IPC Server Responder] INFO  ipc.Server (Server.java:run(1319)) - Stopping IPC Server Responder
2019-10-17 06:48:29,157 [OMDoubleBufferFlushThread] INFO  ratis.OzoneManagerDoubleBuffer (OzoneManagerDoubleBuffer.java:flushTransactions(193)) - OMDoubleBuffer flush thread OMDoubleBufferFlushThread is interrupted and will exit. OMDoubleBufferFlushThread
2019-10-17 06:48:29,157 [main] INFO  utils.BackgroundService (BackgroundService.java:shutdown(151)) - Shutting down service KeyDeletingService
2019-10-17 06:48:29,159 [main] INFO  handler.ContextHandler (ContextHandler.java:doStop(910)) - Stopped o.e.j.w.WebAppContext@e111c7c{/,null,UNAVAILABLE}{/ozoneManager}
2019-10-17 06:48:29,160 [main] INFO  server.AbstractConnector (AbstractConnector.java:doStop(318)) - Stopped ServerConnector@4d0e54e0{HTTP/1.1,[http/1.1]}{0.0.0.0:0}
2019-10-17 06:48:29,161 [main] INFO  handler.ContextHandler (ContextHandler.java:doStop(910)) - Stopped o.e.j.s.ServletContextHandler@6d08b4e6{/static,file:///workdir/hadoop-ozone/integration-test/target/test-classes/webapps/static,UNAVAILABLE}
2019-10-17 06:48:29,161 [main] INFO  handler.ContextHandler (ContextHandler.java:doStop(910)) - Stopped o.e.j.s.ServletContextHandler@2ee48610{/logs,file:///workdir/hadoop-ozone/integration-test/target/log,UNAVAILABLE}
2019-10-17 06:48:29,163 [7c431f9d-51bc-458b-a3a6-511ec217d887@group-21BA9BD4283D-LeaderElection466] INFO  impl.LeaderElection (LeaderElection.java:logAndReturn(56)) - 7c431f9d-51bc-458b-a3a6-511ec217d887@group-21BA9BD4283D-LeaderElection466: Election TIMEOUT; received 0 response(s) [] and 0 exception(s); 7c431f9d-51bc-458b-a3a6-511ec217d887@group-21BA9BD4283D:t425, leader=null, voted=7c431f9d-51bc-458b-a3a6-511ec217d887, raftlog=7c431f9d-51bc-458b-a3a6-511ec217d887@group-21BA9BD4283D-SegmentedRaftLog:OPENED:c-1,f-1,i0, conf=-1: [67f35358-9777-4ff9-96f4-8a61bc3a94fe:192.168.34.62:37037, 7c431f9d-51bc-458b-a3a6-511ec217d887:192.168.34.62:40420, b9cfa588-8e56-4331-be2f-4c26f25c6739:192.168.34.62:34777], old=null
2019-10-17 06:48:29,164 [main] INFO  ozone.MiniOzoneClusterImpl (MiniOzoneClusterImpl.java:stopDatanodes(415)) - Stopping the HddsDatanodes
2019-10-17 06:48:29,187 [7c431f9d-51bc-458b-a3a6-511ec217d887@group-21BA9BD4283D-LeaderElection466] INFO  impl.LeaderElection (LeaderElection.java:askForVotes(178)) - 7c431f9d-51bc-458b-a3a6-511ec217d887@group-21BA9BD4283D-LeaderElection466: begin an election at term 426 for -1: [67f35358-9777-4ff9-96f4-8a61bc3a94fe:192.168.34.62:37037, 7c431f9d-51bc-458b-a3a6-511ec217d887:192.168.34.62:40420, b9cfa588-8e56-4331-be2f-4c26f25c6739:192.168.34.62:34777], old=null
2019-10-17 06:48:29,188 [grpc-default-executor-2] INFO  impl.RaftServerImpl (RaftServerImpl.java:setRole(184)) - 67f35358-9777-4ff9-96f4-8a61bc3a94fe@group-21BA9BD4283D: changes role from  FOLLOWER to FOLLOWER at term 426 for recognizeCandidate:7c431f9d-51bc-458b-a3a6-511ec217d887
2019-10-17 06:48:29,188 [grpc-default-executor-2] INFO  impl.RoleInfo (RoleInfo.java:shutdownFollowerState(121)) - 67f35358-9777-4ff9-96f4-8a61bc3a94fe: shutdown FollowerState
2019-10-17 06:48:29,188 [grpc-default-executor-2] INFO  impl.RoleInfo (RoleInfo.java:updateAndGet(143)) - 67f35358-9777-4ff9-96f4-8a61bc3a94fe: start FollowerState
2019-10-17 06:48:29,188 [Thread-3794] INFO  impl.FollowerState (FollowerState.java:run(117)) - 67f35358-9777-4ff9-96f4-8a61bc3a94fe@group-21BA9BD4283D-FollowerState was interrupted: java.lang.InterruptedException: sleep interrupted
2019-10-17 06:48:29,188 [grpc-default-executor-1] INFO  impl.RaftServerImpl (RaftServerImpl.java:setRole(184)) - b9cfa588-8e56-4331-be2f-4c26f25c6739@group-21BA9BD4283D: changes role from  FOLLOWER to FOLLOWER at term 426 for recognizeCandidate:7c431f9d-51bc-458b-a3a6-511ec217d887
2019-10-17 06:48:29,188 [grpc-default-executor-1] INFO  impl.RoleInfo (RoleInfo.java:shutdownFollowerState(121)) - b9cfa588-8e56-4331-be2f-4c26f25c6739: shutdown FollowerState
2019-10-17 06:48:29,189 [grpc-default-executor-1] INFO  impl.RoleInfo (RoleInfo.java:updateAndGet(143)) - b9cfa588-8e56-4331-be2f-4c26f25c6739: start FollowerState
2019-10-17 06:48:29,189 [Thread-3793] INFO  impl.FollowerState (FollowerState.java:run(117)) - b9cfa588-8e56-4331-be2f-4c26f25c6739@group-21BA9BD4283D-FollowerState was interrupted: java.lang.InterruptedException: sleep interrupted
2019-10-17 06:48:29,202 [7c431f9d-51bc-458b-a3a6-511ec217d887@group-21BA9BD4283D-LeaderElection466] INFO  impl.LeaderElection (LeaderElection.java:logAndReturn(56)) - 7c431f9d-51bc-458b-a3a6-511ec217d887@group-21BA9BD4283D-LeaderElection466: Election REJECTED; received 2 response(s) [7c431f9d-51bc-458b-a3a6-511ec217d887<-67f35358-9777-4ff9-96f4-8a61bc3a94fe#0:FAIL-t426, 7c431f9d-51bc-458b-a3a6-511ec217d887<-b9cfa588-8e56-4331-be2f-4c26f25c6739#0:FAIL-t426] and 0 exception(s); 7c431f9d-51bc-458b-a3a6-511ec217d887@group-21BA9BD4283D:t426, leader=null, voted=7c431f9d-51bc-458b-a3a6-511ec217d887, raftlog=7c431f9d-51bc-458b-a3a6-511ec217d887@group-21BA9BD4283D-SegmentedRaftLog:OPENED:c-1,f-1,i0, conf=-1: [67f35358-9777-4ff9-96f4-8a61bc3a94fe:192.168.34.62:37037, 7c431f9d-51bc-458b-a3a6-511ec217d887:192.168.34.62:40420, b9cfa588-8e56-4331-be2f-4c26f25c6739:192.168.34.62:34777], old=null
2019-10-17 06:48:29,202 [7c431f9d-51bc-458b-a3a6-511ec217d887@group-21BA9BD4283D-LeaderElection466] INFO  impl.RaftServerImpl (RaftServerImpl.java:setRole(184)) - 7c431f9d-51bc-458b-a3a6-511ec217d887@group-21BA9BD4283D: changes role from CANDIDATE to FOLLOWER at term 426 for DISCOVERED_A_NEW_TERM
2019-10-17 06:48:29,202 [7c431f9d-51bc-458b-a3a6-511ec217d887@group-21BA9BD4283D-LeaderElection466] INFO  impl.RoleInfo (RoleInfo.java:shutdownLeaderElection(134)) - 7c431f9d-51bc-458b-a3a6-511ec217d887: shutdown LeaderElection
2019-10-17 06:48:29,202 [7c431f9d-51bc-458b-a3a6-511ec217d887@group-21BA9BD4283D-LeaderElection466] INFO  impl.RoleInfo (RoleInfo.java:updateAndGet(143)) - 7c431f9d-51bc-458b-a3a6-511ec217d887: start FollowerState
2019-10-17 06:48:29,284 [Datanode State Machine Thread - 0] INFO  statemachine.DatanodeStateMachine (DatanodeStateMachine.java:lambda$startDaemon$0(350)) - Ozone container server started.
2019-10-17 06:48:29,306 [Thread-3800] INFO  impl.FollowerState (FollowerState.java:run(108)) - 7c431f9d-51bc-458b-a3a6-511ec217d887@group-21BA9BD4283D-FollowerState: change to CANDIDATE, lastRpcTime:103ms, electionTimeout:103ms
2019-10-17 06:48:29,306 [Thread-3800] INFO  impl.RoleInfo (RoleInfo.java:shutdownFollowerState(121)) - 7c431f9d-51bc-458b-a3a6-511ec217d887: shutdown FollowerState
2019-10-17 06:48:29,306 [Thread-3800] INFO  impl.RaftServerImpl (RaftServerImpl.java:setRole(184)) - 7c431f9d-51bc-458b-a3a6-511ec217d887@group-21BA9BD4283D: changes role from  FOLLOWER to CANDIDATE at term 426 for changeToCandidate
2019-10-17 06:48:29,306 [Thread-3800] INFO  impl.RoleInfo (RoleInfo.java:updateAndGet(143)) - 7c431f9d-51bc-458b-a3a6-511ec217d887: start LeaderElection
2019-10-17 06:48:29,337 [7c431f9d-51bc-458b-a3a6-511ec217d887@group-21BA9BD4283D-LeaderElection467] INFO  impl.LeaderElection (LeaderElection.java:askForVotes(178)) - 7c431f9d-51bc-458b-a3a6-511ec217d887@group-21BA9BD4283D-LeaderElection467: begin an election at term 427 for -1: [67f35358-9777-4ff9-96f4-8a61bc3a94fe:192.168.34.62:37037, 7c431f9d-51bc-458b-a3a6-511ec217d887:192.168.34.62:40420, b9cfa588-8e56-4331-be2f-4c26f25c6739:192.168.34.62:34777], old=null
2019-10-17 06:48:29,338 [Datanode State Machine Thread - 0] INFO  statemachine.DatanodeStateMachine (DatanodeStateMachine.java:lambda$startDaemon$0(350)) - Ozone container server started.
2019-10-17 06:48:29,339 [grpc-default-executor-2] INFO  impl.RaftServerImpl (RaftServerImpl.java:setRole(184)) - b9cfa588-8e56-4331-be2f-4c26f25c6739@group-21BA9BD4283D: changes role from  FOLLOWER to FOLLOWER at term 427 for recognizeCandidate:7c431f9d-51bc-458b-a3a6-511ec217d887
2019-10-17 06:48:29,339 [grpc-default-executor-1] INFO  impl.RaftServerImpl (RaftServerImpl.java:setRole(184)) - 67f35358-9777-4ff9-96f4-8a61bc3a94fe@group-21BA9BD4283D: changes role from  FOLLOWER to FOLLOWER at term 427 for recognizeCandidate:7c431f9d-51bc-458b-a3a6-511ec217d887
2019-10-17 06:48:29,340 [grpc-default-executor-1] INFO  impl.RoleInfo (RoleInfo.java:shutdownFollowerState(121)) - 67f35358-9777-4ff9-96f4-8a61bc3a94fe: shutdown FollowerState
2019-10-17 06:48:29,340 [grpc-default-executor-2] INFO  impl.RoleInfo (RoleInfo.java:shutdownFollowerState(121)) - b9cfa588-8e56-4331-be2f-4c26f25c6739: shutdown FollowerState
2019-10-17 06:48:29,340 [Thread-3798] INFO  impl.FollowerState (FollowerState.java:run(117)) - 67f35358-9777-4ff9-96f4-8a61bc3a94fe@group-21BA9BD4283D-FollowerState was interrupted: java.lang.InterruptedException: sleep interrupted
2019-10-17 06:48:29,340 [grpc-default-executor-1] INFO  impl.RoleInfo (RoleInfo.java:updateAndGet(143)) - 67f35358-9777-4ff9-96f4-8a61bc3a94fe: start FollowerState
2019-10-17 06:48:29,340 [Thread-3799] INFO  impl.FollowerState (FollowerState.java:run(117)) - b9cfa588-8e56-4331-be2f-4c26f25c6739@group-21BA9BD4283D-FollowerState was interrupted: java.lang.InterruptedException: sleep interrupted
2019-10-17 06:48:29,340 [grpc-default-executor-2] INFO  impl.RoleInfo (RoleInfo.java:updateAndGet(143)) - b9cfa588-8e56-4331-be2f-4c26f25c6739: start FollowerState
2019-10-17 06:48:29,366 [7c431f9d-51bc-458b-a3a6-511ec217d887@group-21BA9BD4283D-LeaderElection467] INFO  impl.LeaderElection (LeaderElection.java:logAndReturn(56)) - 7c431f9d-51bc-458b-a3a6-511ec217d887@group-21BA9BD4283D-LeaderElection467: Election REJECTED; received 2 response(s) [7c431f9d-51bc-458b-a3a6-511ec217d887<-67f35358-9777-4ff9-96f4-8a61bc3a94fe#0:FAIL-t427, 7c431f9d-51bc-458b-a3a6-511ec217d887<-b9cfa588-8e56-4331-be2f-4c26f25c6739#0:FAIL-t427] and 0 exception(s); 7c431f9d-51bc-458b-a3a6-511ec217d887@group-21BA9BD4283D:t427, leader=null, voted=7c431f9d-51bc-458b-a3a6-511ec217d887, raftlog=7c431f9d-51bc-458b-a3a6-511ec217d887@group-21BA9BD4283D-SegmentedRaftLog:OPENED:c-1,f-1,i0, conf=-1: [67f35358-9777-4ff9-96f4-8a61bc3a94fe:192.168.34.62:37037, 7c431f9d-51bc-458b-a3a6-511ec217d887:192.168.34.62:40420, b9cfa588-8e56-4331-be2f-4c26f25c6739:192.168.34.62:34777], old=null
2019-10-17 06:48:29,366 [7c431f9d-51bc-458b-a3a6-511ec217d887@group-21BA9BD4283D-LeaderElection467] INFO  impl.RaftServerImpl (RaftServerImpl.java:setRole(184)) - 7c431f9d-51bc-458b-a3a6-511ec217d887@group-21BA9BD4283D: changes role from CANDIDATE to FOLLOWER at term 427 for DISCOVERED_A_NEW_TERM
2019-10-17 06:48:29,366 [7c431f9d-51bc-458b-a3a6-511ec217d887@group-21BA9BD4283D-LeaderElection467] INFO  impl.RoleInfo (RoleInfo.java:shutdownLeaderElection(134)) - 7c431f9d-51bc-458b-a3a6-511ec217d887: shutdown LeaderElection
2019-10-17 06:48:29,367 [7c431f9d-51bc-458b-a3a6-511ec217d887@group-21BA9BD4283D-LeaderElection467] INFO  impl.RoleInfo (RoleInfo.java:updateAndGet(143)) - 7c431f9d-51bc-458b-a3a6-511ec217d887: start FollowerState
2019-10-17 06:48:29,496 [Thread-3806] INFO  impl.FollowerState (FollowerState.java:run(108)) - 7c431f9d-51bc-458b-a3a6-511ec217d887@group-21BA9BD4283D-FollowerState: change to CANDIDATE, lastRpcTime:129ms, electionTimeout:129ms
2019-10-17 06:48:29,496 [Thread-3806] INFO  impl.RoleInfo (RoleInfo.java:shutdownFollowerState(121)) - 7c431f9d-51bc-458b-a3a6-511ec217d887: shutdown FollowerState
2019-10-17 06:48:29,496 [Thread-3806] INFO  impl.RaftServerImpl (RaftServerImpl.java:setRole(184)) - 7c431f9d-51bc-458b-a3a6-511ec217d887@group-21BA9BD4283D: changes role from  FOLLOWER to CANDIDATE at term 427 for changeToCandidate
2019-10-17 06:48:29,496 [Thread-3806] INFO  impl.RoleInfo (RoleInfo.java:updateAndGet(143)) - 7c431f9d-51bc-458b-a3a6-511ec217d887: start LeaderElection
2019-10-17 06:48:29,500 [7c431f9d-51bc-458b-a3a6-511ec217d887@group-21BA9BD4283D-LeaderElection468] INFO  impl.LeaderElection (LeaderElection.java:askForVotes(178)) - 7c431f9d-51bc-458b-a3a6-511ec217d887@group-21BA9BD4283D-LeaderElection468: begin an election at term 428 for -1: [67f35358-9777-4ff9-96f4-8a61bc3a94fe:192.168.34.62:37037, 7c431f9d-51bc-458b-a3a6-511ec217d887:192.168.34.62:40420, b9cfa588-8e56-4331-be2f-4c26f25c6739:192.168.34.62:34777], old=null
2019-10-17 06:48:29,501 [grpc-default-executor-1] INFO  impl.RaftServerImpl (RaftServerImpl.java:setRole(184)) - 67f35358-9777-4ff9-96f4-8a61bc3a94fe@group-21BA9BD4283D: changes role from  FOLLOWER to FOLLOWER at term 428 for recognizeCandidate:7c431f9d-51bc-458b-a3a6-511ec217d887
2019-10-17 06:48:29,501 [grpc-default-executor-2] INFO  impl.RaftServerImpl (RaftServerImpl.java:setRole(184)) - b9cfa588-8e56-4331-be2f-4c26f25c6739@group-21BA9BD4283D: changes role from  FOLLOWER to FOLLOWER at term 428 for recognizeCandidate:7c431f9d-51bc-458b-a3a6-511ec217d887
2019-10-17 06:48:29,501 [grpc-default-executor-1] INFO  impl.RoleInfo (RoleInfo.java:shutdownFollowerState(121)) - 67f35358-9777-4ff9-96f4-8a61bc3a94fe: shutdown FollowerState
2019-10-17 06:48:29,502 [grpc-default-executor-2] INFO  impl.RoleInfo (RoleInfo.java:shutdownFollowerState(121)) - b9cfa588-8e56-4331-be2f-4c26f25c6739: shutdown FollowerState
2019-10-17 06:48:29,502 [Thread-3804] INFO  impl.FollowerState (FollowerState.java:run(117)) - 67f35358-9777-4ff9-96f4-8a61bc3a94fe@group-21BA9BD4283D-FollowerState was interrupted: java.lang.InterruptedException: sleep interrupted
2019-10-17 06:48:29,502 [grpc-default-executor-1] INFO  impl.RoleInfo (RoleInfo.java:updateAndGet(143)) - 67f35358-9777-4ff9-96f4-8a61bc3a94fe: start FollowerState
2019-10-17 06:48:29,502 [Thread-3805] INFO  impl.FollowerState (FollowerState.java:run(117)) - b9cfa588-8e56-4331-be2f-4c26f25c6739@group-21BA9BD4283D-FollowerState was interrupted: java.lang.InterruptedException: sleep interrupted
2019-10-17 06:48:29,502 [grpc-default-executor-2] INFO  impl.RoleInfo (RoleInfo.java:updateAndGet(143)) - b9cfa588-8e56-4331-be2f-4c26f25c6739: start FollowerState
2019-10-17 06:48:29,524 [7c431f9d-51bc-458b-a3a6-511ec217d887@group-21BA9BD4283D-LeaderElection468] INFO  impl.LeaderElection (LeaderElection.java:logAndReturn(56)) - 7c431f9d-51bc-458b-a3a6-511ec217d887@group-21BA9BD4283D-LeaderElection468: Election REJECTED; received 2 response(s) [7c431f9d-51bc-458b-a3a6-511ec217d887<-67f35358-9777-4ff9-96f4-8a61bc3a94fe#0:FAIL-t428, 7c431f9d-51bc-458b-a3a6-511ec217d887<-b9cfa588-8e56-4331-be2f-4c26f25c6739#0:FAIL-t428] and 0 exception(s); 7c431f9d-51bc-458b-a3a6-511ec217d887@group-21BA9BD4283D:t428, leader=null, voted=7c431f9d-51bc-458b-a3a6-511ec217d887, raftlog=7c431f9d-51bc-458b-a3a6-511ec217d887@group-21BA9BD4283D-SegmentedRaftLog:OPENED:c-1,f-1,i0, conf=-1: [67f35358-9777-4ff9-96f4-8a61bc3a94fe:192.168.34.62:37037, 7c431f9d-51bc-458b-a3a6-511ec217d887:192.168.34.62:40420, b9cfa588-8e56-4331-be2f-4c26f25c6739:192.168.34.62:34777], old=null
2019-10-17 06:48:29,524 [7c431f9d-51bc-458b-a3a6-511ec217d887@group-21BA9BD4283D-LeaderElection468] INFO  impl.RaftServerImpl (RaftServerImpl.java:setRole(184)) - 7c431f9d-51bc-458b-a3a6-511ec217d887@group-21BA9BD4283D: changes role from CANDIDATE to FOLLOWER at term 428 for DISCOVERED_A_NEW_TERM
2019-10-17 06:48:29,524 [7c431f9d-51bc-458b-a3a6-511ec217d887@group-21BA9BD4283D-LeaderElection468] INFO  impl.RoleInfo (RoleInfo.java:shutdownLeaderElection(134)) - 7c431f9d-51bc-458b-a3a6-511ec217d887: shutdown LeaderElection
2019-10-17 06:48:29,524 [7c431f9d-51bc-458b-a3a6-511ec217d887@group-21BA9BD4283D-LeaderElection468] INFO  impl.RoleInfo (RoleInfo.java:updateAndGet(143)) - 7c431f9d-51bc-458b-a3a6-511ec217d887: start FollowerState
2019-10-17 06:48:29,587 [Thread-3812] INFO  impl.FollowerState (FollowerState.java:run(108)) - 7c431f9d-51bc-458b-a3a6-511ec217d887@group-21BA9BD4283D-FollowerState: change to CANDIDATE, lastRpcTime:62ms, electionTimeout:62ms
2019-10-17 06:48:29,587 [Thread-3812] INFO  impl.RoleInfo (RoleInfo.java:shutdownFollowerState(121)) - 7c431f9d-51bc-458b-a3a6-511ec217d887: shutdown FollowerState
2019-10-17 06:48:29,587 [Thread-3812] INFO  impl.RaftServerImpl (RaftServerImpl.java:setRole(184)) - 7c431f9d-51bc-458b-a3a6-511ec217d887@group-21BA9BD4283D: changes role from  FOLLOWER to CANDIDATE at term 428 for changeToCandidate
2019-10-17 06:48:29,587 [Thread-3812] INFO  impl.RoleInfo (RoleInfo.java:updateAndGet(143)) - 7c431f9d-51bc-458b-a3a6-511ec217d887: start LeaderElection
2019-10-17 06:48:29,600 [7c431f9d-51bc-458b-a3a6-511ec217d887@group-21BA9BD4283D-LeaderElection469] INFO  impl.LeaderElection (LeaderElection.java:askForVotes(178)) - 7c431f9d-51bc-458b-a3a6-511ec217d887@group-21BA9BD4283D-LeaderElection469: begin an election at term 429 for -1: [67f35358-9777-4ff9-96f4-8a61bc3a94fe:192.168.34.62:37037, 7c431f9d-51bc-458b-a3a6-511ec217d887:192.168.34.62:40420, b9cfa588-8e56-4331-be2f-4c26f25c6739:192.168.34.62:34777], old=null
2019-10-17 06:48:29,601 [grpc-default-executor-1] INFO  impl.RaftServerImpl (RaftServerImpl.java:setRole(184)) - 67f35358-9777-4ff9-96f4-8a61bc3a94fe@group-21BA9BD4283D: changes role from  FOLLOWER to FOLLOWER at term 429 for recognizeCandidate:7c431f9d-51bc-458b-a3a6-511ec217d887
2019-10-17 06:48:29,602 [grpc-default-executor-1] INFO  impl.RoleInfo (RoleInfo.java:shutdownFollowerState(121)) - 67f35358-9777-4ff9-96f4-8a61bc3a94fe: shutdown FollowerState
2019-10-17 06:48:29,602 [grpc-default-executor-2] INFO  impl.RaftServerImpl (RaftServerImpl.java:setRole(184)) - b9cfa588-8e56-4331-be2f-4c26f25c6739@group-21BA9BD4283D: changes role from  FOLLOWER to FOLLOWER at term 429 for recognizeCandidate:7c431f9d-51bc-458b-a3a6-511ec217d887
2019-10-17 06:48:29,602 [grpc-default-executor-2] INFO  impl.RoleInfo (RoleInfo.java:shutdownFollowerState(121)) - b9cfa588-8e56-4331-be2f-4c26f25c6739: shutdown FollowerState
2019-10-17 06:48:29,602 [grpc-default-executor-1] INFO  impl.RoleInfo (RoleInfo.java:updateAndGet(143)) - 67f35358-9777-4ff9-96f4-8a61bc3a94fe: start FollowerState
2019-10-17 06:48:29,602 [Thread-3810] INFO  impl.FollowerState (FollowerState.java:run(117)) - 67f35358-9777-4ff9-96f4-8a61bc3a94fe@group-21BA9BD4283D-FollowerState was interrupted: java.lang.InterruptedException: sleep interrupted
2019-10-17 06:48:29,602 [Thread-3811] INFO  impl.FollowerState (FollowerState.java:run(117)) - b9cfa588-8e56-4331-be2f-4c26f25c6739@group-21BA9BD4283D-FollowerState was interrupted: java.lang.InterruptedException: sleep interrupted
2019-10-17 06:48:29,602 [grpc-default-executor-2] INFO  impl.RoleInfo (RoleInfo.java:updateAndGet(143)) - b9cfa588-8e56-4331-be2f-4c26f25c6739: start FollowerState
2019-10-17 06:48:29,617 [7c431f9d-51bc-458b-a3a6-511ec217d887@group-21BA9BD4283D-LeaderElection469] INFO  impl.LeaderElection (LeaderElection.java:logAndReturn(56)) - 7c431f9d-51bc-458b-a3a6-511ec217d887@group-21BA9BD4283D-LeaderElection469: Election REJECTED; received 2 response(s) [7c431f9d-51bc-458b-a3a6-511ec217d887<-67f35358-9777-4ff9-96f4-8a61bc3a94fe#0:FAIL-t429, 7c431f9d-51bc-458b-a3a6-511ec217d887<-b9cfa588-8e56-4331-be2f-4c26f25c6739#0:FAIL-t429] and 0 exception(s); 7c431f9d-51bc-458b-a3a6-511ec217d887@group-21BA9BD4283D:t429, leader=null, voted=7c431f9d-51bc-458b-a3a6-511ec217d887, raftlog=7c431f9d-51bc-458b-a3a6-511ec217d887@group-21BA9BD4283D-SegmentedRaftLog:OPENED:c-1,f-1,i0, conf=-1: [67f35358-9777-4ff9-96f4-8a61bc3a94fe:192.168.34.62:37037, 7c431f9d-51bc-458b-a3a6-511ec217d887:192.168.34.62:40420, b9cfa588-8e56-4331-be2f-4c26f25c6739:192.168.34.62:34777], old=null
2019-10-17 06:48:29,617 [7c431f9d-51bc-458b-a3a6-511ec217d887@group-21BA9BD4283D-LeaderElection469] INFO  impl.RaftServerImpl (RaftServerImpl.java:setRole(184)) - 7c431f9d-51bc-458b-a3a6-511ec217d887@group-21BA9BD4283D: changes role from CANDIDATE to FOLLOWER at term 429 for DISCOVERED_A_NEW_TERM
2019-10-17 06:48:29,617 [7c431f9d-51bc-458b-a3a6-511ec217d887@group-21BA9BD4283D-LeaderElection469] INFO  impl.RoleInfo (RoleInfo.java:shutdownLeaderElection(134)) - 7c431f9d-51bc-458b-a3a6-511ec217d887: shutdown LeaderElection
2019-10-17 06:48:29,617 [7c431f9d-51bc-458b-a3a6-511ec217d887@group-21BA9BD4283D-LeaderElection469] INFO  impl.RoleInfo (RoleInfo.java:updateAndGet(143)) - 7c431f9d-51bc-458b-a3a6-511ec217d887: start FollowerState
2019-10-17 06:48:29,673 [Thread-3818] INFO  impl.FollowerState (FollowerState.java:run(108)) - 7c431f9d-51bc-458b-a3a6-511ec217d887@group-21BA9BD4283D-FollowerState: change to CANDIDATE, lastRpcTime:56ms, electionTimeout:56ms
2019-10-17 06:48:29,673 [Thread-3818] INFO  impl.RoleInfo (RoleInfo.java:shutdownFollowerState(121)) - 7c431f9d-51bc-458b-a3a6-511ec217d887: shutdown FollowerState
2019-10-17 06:48:29,674 [Thread-3818] INFO  impl.RaftServerImpl (RaftServerImpl.java:setRole(184)) - 7c431f9d-51bc-458b-a3a6-511ec217d887@group-21BA9BD4283D: changes role from  FOLLOWER to CANDIDATE at term 429 for changeToCandidate
2019-10-17 06:48:29,674 [Thread-3818] INFO  impl.RoleInfo (RoleInfo.java:updateAndGet(143)) - 7c431f9d-51bc-458b-a3a6-511ec217d887: start LeaderElection
2019-10-17 06:48:29,699 [7c431f9d-51bc-458b-a3a6-511ec217d887@group-21BA9BD4283D-LeaderElection470] INFO  impl.LeaderElection (LeaderElection.java:askForVotes(178)) - 7c431f9d-51bc-458b-a3a6-511ec217d887@group-21BA9BD4283D-LeaderElection470: begin an election at term 430 for -1: [67f35358-9777-4ff9-96f4-8a61bc3a94fe:192.168.34.62:37037, 7c431f9d-51bc-458b-a3a6-511ec217d887:192.168.34.62:40420, b9cfa588-8e56-4331-be2f-4c26f25c6739:192.168.34.62:34777], old=null
2019-10-17 06:48:29,700 [grpc-default-executor-2] INFO  impl.RaftServerImpl (RaftServerImpl.java:setRole(184)) - 67f35358-9777-4ff9-96f4-8a61bc3a94fe@group-21BA9BD4283D: changes role from  FOLLOWER to FOLLOWER at term 430 for recognizeCandidate:7c431f9d-51bc-458b-a3a6-511ec217d887
2019-10-17 06:48:29,700 [grpc-default-executor-2] INFO  impl.RoleInfo (RoleInfo.java:shutdownFollowerState(121)) - 67f35358-9777-4ff9-96f4-8a61bc3a94fe: shutdown FollowerState
2019-10-17 06:48:29,700 [grpc-default-executor-1] INFO  impl.RaftServerImpl (RaftServerImpl.java:setRole(184)) - b9cfa588-8e56-4331-be2f-4c26f25c6739@group-21BA9BD4283D: changes role from  FOLLOWER to FOLLOWER at term 430 for recognizeCandidate:7c431f9d-51bc-458b-a3a6-511ec217d887
2019-10-17 06:48:29,700 [Thread-3816] INFO  impl.FollowerState (FollowerState.java:run(117)) - 67f35358-9777-4ff9-96f4-8a61bc3a94fe@group-21BA9BD4283D-FollowerState was interrupted: java.lang.InterruptedException: sleep interrupted
2019-10-17 06:48:29,700 [grpc-default-executor-2] INFO  impl.RoleInfo (RoleInfo.java:updateAndGet(143)) - 67f35358-9777-4ff9-96f4-8a61bc3a94fe: start FollowerState
2019-10-17 06:48:29,700 [grpc-default-executor-1] INFO  impl.RoleInfo (RoleInfo.java:shutdownFollowerState(121)) - b9cfa588-8e56-4331-be2f-4c26f25c6739: shutdown FollowerState
2019-10-17 06:48:29,701 [grpc-default-executor-1] INFO  impl.RoleInfo (RoleInfo.java:updateAndGet(143)) - b9cfa588-8e56-4331-be2f-4c26f25c6739: start FollowerState
2019-10-17 06:48:29,701 [Thread-3817] INFO  impl.FollowerState (FollowerState.java:run(117)) - b9cfa588-8e56-4331-be2f-4c26f25c6739@group-21BA9BD4283D-FollowerState was interrupted: java.lang.InterruptedException: sleep interrupted
2019-10-17 06:48:29,726 [7c431f9d-51bc-458b-a3a6-511ec217d887@group-21BA9BD4283D-LeaderElection470] INFO  impl.LeaderElection (LeaderElection.java:logAndReturn(56)) - 7c431f9d-51bc-458b-a3a6-511ec217d887@group-21BA9BD4283D-LeaderElection470: Election REJECTED; received 2 response(s) [7c431f9d-51bc-458b-a3a6-511ec217d887<-67f35358-9777-4ff9-96f4-8a61bc3a94fe#0:FAIL-t430, 7c431f9d-51bc-458b-a3a6-511ec217d887<-b9cfa588-8e56-4331-be2f-4c26f25c6739#0:FAIL-t430] and 0 exception(s); 7c431f9d-51bc-458b-a3a6-511ec217d887@group-21BA9BD4283D:t430, leader=null, voted=7c431f9d-51bc-458b-a3a6-511ec217d887, raftlog=7c431f9d-51bc-458b-a3a6-511ec217d887@group-21BA9BD4283D-SegmentedRaftLog:OPENED:c-1,f-1,i0, conf=-1: [67f35358-9777-4ff9-96f4-8a61bc3a94fe:192.168.34.62:37037, 7c431f9d-51bc-458b-a3a6-511ec217d887:192.168.34.62:40420, b9cfa588-8e56-4331-be2f-4c26f25c6739:192.168.34.62:34777], old=null
2019-10-17 06:48:29,726 [7c431f9d-51bc-458b-a3a6-511ec217d887@group-21BA9BD4283D-LeaderElection470] INFO  impl.RaftServerImpl (RaftServerImpl.java:setRole(184)) - 7c431f9d-51bc-458b-a3a6-511ec217d887@group-21BA9BD4283D: changes role from CANDIDATE to FOLLOWER at term 430 for DISCOVERED_A_NEW_TERM
2019-10-17 06:48:29,726 [7c431f9d-51bc-458b-a3a6-511ec217d887@group-21BA9BD4283D-LeaderElection470] INFO  impl.RoleInfo (RoleInfo.java:shutdownLeaderElection(134)) - 7c431f9d-51bc-458b-a3a6-511ec217d887: shutdown LeaderElection
2019-10-17 06:48:29,726 [7c431f9d-51bc-458b-a3a6-511ec217d887@group-21BA9BD4283D-LeaderElection470] INFO  impl.RoleInfo (RoleInfo.java:updateAndGet(143)) - 7c431f9d-51bc-458b-a3a6-511ec217d887: start FollowerState
2019-10-17 06:48:29,738 [Thread-3824] INFO  impl.FollowerState (FollowerState.java:run(108)) - 7c431f9d-51bc-458b-a3a6-511ec217d887@group-21BA9BD4283D-FollowerState: change to CANDIDATE, lastRpcTime:12ms, electionTimeout:12ms
2019-10-17 06:48:29,739 [Thread-3824] INFO  impl.RoleInfo (RoleInfo.java:shutdownFollowerState(121)) - 7c431f9d-51bc-458b-a3a6-511ec217d887: shutdown FollowerState
2019-10-17 06:48:29,739 [Thread-3824] INFO  impl.RaftServerImpl (RaftServerImpl.java:setRole(184)) - 7c431f9d-51bc-458b-a3a6-511ec217d887@group-21BA9BD4283D: changes role from  FOLLOWER to CANDIDATE at term 430 for changeToCandidate
2019-10-17 06:48:29,739 [Thread-3824] INFO  impl.RoleInfo (RoleInfo.java:updateAndGet(143)) - 7c431f9d-51bc-458b-a3a6-511ec217d887: start LeaderElection
2019-10-17 06:48:29,755 [7c431f9d-51bc-458b-a3a6-511ec217d887@group-21BA9BD4283D-LeaderElection471] INFO  impl.LeaderElection (LeaderElection.java:askForVotes(178)) - 7c431f9d-51bc-458b-a3a6-511ec217d887@group-21BA9BD4283D-LeaderElection471: begin an election at term 431 for -1: [67f35358-9777-4ff9-96f4-8a61bc3a94fe:192.168.34.62:37037, 7c431f9d-51bc-458b-a3a6-511ec217d887:192.168.34.62:40420, b9cfa588-8e56-4331-be2f-4c26f25c6739:192.168.34.62:34777], old=null
2019-10-17 06:48:29,757 [grpc-default-executor-1] INFO  impl.RaftServerImpl (RaftServerImpl.java:setRole(184)) - 67f35358-9777-4ff9-96f4-8a61bc3a94fe@group-21BA9BD4283D: changes role from  FOLLOWER to FOLLOWER at term 431 for recognizeCandidate:7c431f9d-51bc-458b-a3a6-511ec217d887
2019-10-17 06:48:29,757 [grpc-default-executor-1] INFO  impl.RoleInfo (RoleInfo.java:shutdownFollowerState(121)) - 67f35358-9777-4ff9-96f4-8a61bc3a94fe: shutdown FollowerState
2019-10-17 06:48:29,757 [grpc-default-executor-2] INFO  impl.RaftServerImpl (RaftServerImpl.java:setRole(184)) - b9cfa588-8e56-4331-be2f-4c26f25c6739@group-21BA9BD4283D: changes role from  FOLLOWER to FOLLOWER at term 431 for recognizeCandidate:7c431f9d-51bc-458b-a3a6-511ec217d887
2019-10-17 06:48:29,757 [Thread-3822] INFO  impl.FollowerState (FollowerState.java:run(117)) - 67f35358-9777-4ff9-96f4-8a61bc3a94fe@group-21BA9BD4283D-FollowerState was interrupted: java.lang.InterruptedException: sleep interrupted
2019-10-17 06:48:29,757 [grpc-default-executor-1] INFO  impl.RoleInfo (RoleInfo.java:updateAndGet(143)) - 67f35358-9777-4ff9-96f4-8a61bc3a94fe: start FollowerState
2019-10-17 06:48:29,757 [grpc-default-executor-2] INFO  impl.RoleInfo (RoleInfo.java:shutdownFollowerState(121)) - b9cfa588-8e56-4331-be2f-4c26f25c6739: shutdown FollowerState
2019-10-17 06:48:29,757 [grpc-default-executor-2] INFO  impl.RoleInfo (RoleInfo.java:updateAndGet(143)) - b9cfa588-8e56-4331-be2f-4c26f25c6739: start FollowerState
2019-10-17 06:48:29,757 [Thread-3823] INFO  impl.FollowerState (FollowerState.java:run(117)) - b9cfa588-8e56-4331-be2f-4c26f25c6739@group-21BA9BD4283D-FollowerState was interrupted: java.lang.InterruptedException: sleep interrupted
2019-10-17 06:48:29,789 [7c431f9d-51bc-458b-a3a6-511ec217d887@group-21BA9BD4283D-LeaderElection471] INFO  impl.LeaderElection (LeaderElection.java:logAndReturn(56)) - 7c431f9d-51bc-458b-a3a6-511ec217d887@group-21BA9BD4283D-LeaderElection471: Election REJECTED; received 2 response(s) [7c431f9d-51bc-458b-a3a6-511ec217d887<-67f35358-9777-4ff9-96f4-8a61bc3a94fe#0:FAIL-t431, 7c431f9d-51bc-458b-a3a6-511ec217d887<-b9cfa588-8e56-4331-be2f-4c26f25c6739#0:FAIL-t431] and 0 exception(s); 7c431f9d-51bc-458b-a3a6-511ec217d887@group-21BA9BD4283D:t431, leader=null, voted=7c431f9d-51bc-458b-a3a6-511ec217d887, raftlog=7c431f9d-51bc-458b-a3a6-511ec217d887@group-21BA9BD4283D-SegmentedRaftLog:OPENED:c-1,f-1,i0, conf=-1: [67f35358-9777-4ff9-96f4-8a61bc3a94fe:192.168.34.62:37037, 7c431f9d-51bc-458b-a3a6-511ec217d887:192.168.34.62:40420, b9cfa588-8e56-4331-be2f-4c26f25c6739:192.168.34.62:34777], old=null
2019-10-17 06:48:29,789 [7c431f9d-51bc-458b-a3a6-511ec217d887@group-21BA9BD4283D-LeaderElection471] INFO  impl.RaftServerImpl (RaftServerImpl.java:setRole(184)) - 7c431f9d-51bc-458b-a3a6-511ec217d887@group-21BA9BD4283D: changes role from CANDIDATE to FOLLOWER at term 431 for DISCOVERED_A_NEW_TERM
2019-10-17 06:48:29,790 [7c431f9d-51bc-458b-a3a6-511ec217d887@group-21BA9BD4283D-LeaderElection471] INFO  impl.RoleInfo (RoleInfo.java:shutdownLeaderElection(134)) - 7c431f9d-51bc-458b-a3a6-511ec217d887: shutdown LeaderElection
2019-10-17 06:48:29,790 [7c431f9d-51bc-458b-a3a6-511ec217d887@group-21BA9BD4283D-LeaderElection471] INFO  impl.RoleInfo (RoleInfo.java:updateAndGet(143)) - 7c431f9d-51bc-458b-a3a6-511ec217d887: start FollowerState
2019-10-17 06:48:29,980 [Thread-3830] INFO  impl.FollowerState (FollowerState.java:run(108)) - 7c431f9d-51bc-458b-a3a6-511ec217d887@group-21BA9BD4283D-FollowerState: change to CANDIDATE, lastRpcTime:190ms, electionTimeout:190ms
2019-10-17 06:48:29,980 [Thread-3830] INFO  impl.RoleInfo (RoleInfo.java:shutdownFollowerState(121)) - 7c431f9d-51bc-458b-a3a6-511ec217d887: shutdown FollowerState
2019-10-17 06:48:29,980 [Thread-3830] INFO  impl.RaftServerImpl (RaftServerImpl.java:setRole(184)) - 7c431f9d-51bc-458b-a3a6-511ec217d887@group-21BA9BD4283D: changes role from  FOLLOWER to CANDIDATE at term 431 for changeToCandidate
2019-10-17 06:48:29,980 [Thread-3830] INFO  impl.RoleInfo (RoleInfo.java:updateAndGet(143)) - 7c431f9d-51bc-458b-a3a6-511ec217d887: start LeaderElection
2019-10-17 06:48:29,995 [7c431f9d-51bc-458b-a3a6-511ec217d887@group-21BA9BD4283D-LeaderElection472] INFO  impl.LeaderElection (LeaderElection.java:askForVotes(178)) - 7c431f9d-51bc-458b-a3a6-511ec217d887@group-21BA9BD4283D-LeaderElection472: begin an election at term 432 for -1: [67f35358-9777-4ff9-96f4-8a61bc3a94fe:192.168.34.62:37037, 7c431f9d-51bc-458b-a3a6-511ec217d887:192.168.34.62:40420, b9cfa588-8e56-4331-be2f-4c26f25c6739:192.168.34.62:34777], old=null
2019-10-17 06:48:29,996 [grpc-default-executor-2] INFO  impl.RaftServerImpl (RaftServerImpl.java:setRole(184)) - 67f35358-9777-4ff9-96f4-8a61bc3a94fe@group-21BA9BD4283D: changes role from  FOLLOWER to FOLLOWER at term 432 for recognizeCandidate:7c431f9d-51bc-458b-a3a6-511ec217d887
2019-10-17 06:48:29,996 [grpc-default-executor-1] INFO  impl.RaftServerImpl (RaftServerImpl.java:setRole(184)) - b9cfa588-8e56-4331-be2f-4c26f25c6739@group-21BA9BD4283D: changes role from  FOLLOWER to FOLLOWER at term 432 for recognizeCandidate:7c431f9d-51bc-458b-a3a6-511ec217d887
2019-10-17 06:48:29,996 [grpc-default-executor-2] INFO  impl.RoleInfo (RoleInfo.java:shutdownFollowerState(121)) - 67f35358-9777-4ff9-96f4-8a61bc3a94fe: shutdown FollowerState
2019-10-17 06:48:29,997 [grpc-default-executor-1] INFO  impl.RoleInfo (RoleInfo.java:shutdownFollowerState(121)) - b9cfa588-8e56-4331-be2f-4c26f25c6739: shutdown FollowerState
2019-10-17 06:48:29,997 [Thread-3828] INFO  impl.FollowerState (FollowerState.java:run(117)) - 67f35358-9777-4ff9-96f4-8a61bc3a94fe@group-21BA9BD4283D-FollowerState was interrupted: java.lang.InterruptedException: sleep interrupted
2019-10-17 06:48:29,997 [grpc-default-executor-2] INFO  impl.RoleInfo (RoleInfo.java:updateAndGet(143)) - 67f35358-9777-4ff9-96f4-8a61bc3a94fe: start FollowerState
2019-10-17 06:48:29,997 [grpc-default-executor-1] INFO  impl.RoleInfo (RoleInfo.java:updateAndGet(143)) - b9cfa588-8e56-4331-be2f-4c26f25c6739: start FollowerState
2019-10-17 06:48:29,997 [Thread-3829] INFO  impl.FollowerState (FollowerState.java:run(117)) - b9cfa588-8e56-4331-be2f-4c26f25c6739@group-21BA9BD4283D-FollowerState was interrupted: java.lang.InterruptedException: sleep interrupted
2019-10-17 06:48:30,014 [7c431f9d-51bc-458b-a3a6-511ec217d887@group-21BA9BD4283D-LeaderElection472] INFO  impl.LeaderElection (LeaderElection.java:logAndReturn(56)) - 7c431f9d-51bc-458b-a3a6-511ec217d887@group-21BA9BD4283D-LeaderElection472: Election REJECTED; received 2 response(s) [7c431f9d-51bc-458b-a3a6-511ec217d887<-67f35358-9777-4ff9-96f4-8a61bc3a94fe#0:FAIL-t432, 7c431f9d-51bc-458b-a3a6-511ec217d887<-b9cfa588-8e56-4331-be2f-4c26f25c6739#0:FAIL-t432] and 0 exception(s); 7c431f9d-51bc-458b-a3a6-511ec217d887@group-21BA9BD4283D:t432, leader=null, voted=7c431f9d-51bc-458b-a3a6-511ec217d887, raftlog=7c431f9d-51bc-458b-a3a6-511ec217d887@group-21BA9BD4283D-SegmentedRaftLog:OPENED:c-1,f-1,i0, conf=-1: [67f35358-9777-4ff9-96f4-8a61bc3a94fe:192.168.34.62:37037, 7c431f9d-51bc-458b-a3a6-511ec217d887:192.168.34.62:40420, b9cfa588-8e56-4331-be2f-4c26f25c6739:192.168.34.62:34777], old=null
2019-10-17 06:48:30,014 [7c431f9d-51bc-458b-a3a6-511ec217d887@group-21BA9BD4283D-LeaderElection472] INFO  impl.RaftServerImpl (RaftServerImpl.java:setRole(184)) - 7c431f9d-51bc-458b-a3a6-511ec217d887@group-21BA9BD4283D: changes role from CANDIDATE to FOLLOWER at term 432 for DISCOVERED_A_NEW_TERM
2019-10-17 06:48:30,014 [7c431f9d-51bc-458b-a3a6-511ec217d887@group-21BA9BD4283D-LeaderElection472] INFO  impl.RoleInfo (RoleInfo.java:shutdownLeaderElection(134)) - 7c431f9d-51bc-458b-a3a6-511ec217d887: shutdown LeaderElection
2019-10-17 06:48:30,015 [7c431f9d-51bc-458b-a3a6-511ec217d887@group-21BA9BD4283D-LeaderElection472] INFO  impl.RoleInfo (RoleInfo.java:updateAndGet(143)) - 7c431f9d-51bc-458b-a3a6-511ec217d887: start FollowerState
2019-10-17 06:48:30,157 [Thread-3836] INFO  impl.FollowerState (FollowerState.java:run(108)) - 7c431f9d-51bc-458b-a3a6-511ec217d887@group-21BA9BD4283D-FollowerState: change to CANDIDATE, lastRpcTime:142ms, electionTimeout:142ms
2019-10-17 06:48:30,158 [Thread-3836] INFO  impl.RoleInfo (RoleInfo.java:shutdownFollowerState(121)) - 7c431f9d-51bc-458b-a3a6-511ec217d887: shutdown FollowerState
2019-10-17 06:48:30,158 [Thread-3836] INFO  impl.RaftServerImpl (RaftServerImpl.java:setRole(184)) - 7c431f9d-51bc-458b-a3a6-511ec217d887@group-21BA9BD4283D: changes role from  FOLLOWER to CANDIDATE at term 432 for changeToCandidate
2019-10-17 06:48:30,158 [Thread-3836] INFO  impl.RoleInfo (RoleInfo.java:updateAndGet(143)) - 7c431f9d-51bc-458b-a3a6-511ec217d887: start LeaderElection
2019-10-17 06:48:30,176 [7c431f9d-51bc-458b-a3a6-511ec217d887@group-21BA9BD4283D-LeaderElection473] INFO  impl.LeaderElection (LeaderElection.java:askForVotes(178)) - 7c431f9d-51bc-458b-a3a6-511ec217d887@group-21BA9BD4283D-LeaderElection473: begin an election at term 433 for -1: [67f35358-9777-4ff9-96f4-8a61bc3a94fe:192.168.34.62:37037, 7c431f9d-51bc-458b-a3a6-511ec217d887:192.168.34.62:40420, b9cfa588-8e56-4331-be2f-4c26f25c6739:192.168.34.62:34777], old=null
2019-10-17 06:48:30,177 [grpc-default-executor-1] INFO  impl.RaftServerImpl (RaftServerImpl.java:setRole(184)) - 67f35358-9777-4ff9-96f4-8a61bc3a94fe@group-21BA9BD4283D: changes role from  FOLLOWER to FOLLOWER at term 433 for recognizeCandidate:7c431f9d-51bc-458b-a3a6-511ec217d887
2019-10-17 06:48:30,177 [grpc-default-executor-1] INFO  impl.RoleInfo (RoleInfo.java:shutdownFollowerState(121)) - 67f35358-9777-4ff9-96f4-8a61bc3a94fe: shutdown FollowerState
2019-10-17 06:48:30,177 [grpc-default-executor-2] INFO  impl.RaftServerImpl (RaftServerImpl.java:setRole(184)) - b9cfa588-8e56-4331-be2f-4c26f25c6739@group-21BA9BD4283D: changes role from  FOLLOWER to FOLLOWER at term 433 for recognizeCandidate:7c431f9d-51bc-458b-a3a6-511ec217d887
2019-10-17 06:48:30,177 [grpc-default-executor-1] INFO  impl.RoleInfo (RoleInfo.java:updateAndGet(143)) - 67f35358-9777-4ff9-96f4-8a61bc3a94fe: start FollowerState
2019-10-17 06:48:30,177 [Thread-3834] INFO  impl.FollowerState (FollowerState.java:run(117)) - 67f35358-9777-4ff9-96f4-8a61bc3a94fe@group-21BA9BD4283D-FollowerState was interrupted: java.lang.InterruptedException: sleep interrupted
2019-10-17 06:48:30,177 [7c431f9d-51bc-458b-a3a6-511ec217d887@group-21BA9BD4283D-LeaderElection473] INFO  impl.LeaderElection (LeaderElection.java:logAndReturn(56)) - 7c431f9d-51bc-458b-a3a6-511ec217d887@group-21BA9BD4283D-LeaderElection473: Election TIMEOUT; received 0 response(s) [] and 0 exception(s); 7c431f9d-51bc-458b-a3a6-511ec217d887@group-21BA9BD4283D:t433, leader=null, voted=7c431f9d-51bc-458b-a3a6-511ec217d887, raftlog=7c431f9d-51bc-458b-a3a6-511ec217d887@group-21BA9BD4283D-SegmentedRaftLog:OPENED:c-1,f-1,i0, conf=-1: [67f35358-9777-4ff9-96f4-8a61bc3a94fe:192.168.34.62:37037, 7c431f9d-51bc-458b-a3a6-511ec217d887:192.168.34.62:40420, b9cfa588-8e56-4331-be2f-4c26f25c6739:192.168.34.62:34777], old=null
2019-10-17 06:48:30,177 [grpc-default-executor-2] INFO  impl.RoleInfo (RoleInfo.java:shutdownFollowerState(121)) - b9cfa588-8e56-4331-be2f-4c26f25c6739: shutdown FollowerState
2019-10-17 06:48:30,178 [grpc-default-executor-2] INFO  impl.RoleInfo (RoleInfo.java:updateAndGet(143)) - b9cfa588-8e56-4331-be2f-4c26f25c6739: start FollowerState
2019-10-17 06:48:30,178 [Thread-3835] INFO  impl.FollowerState (FollowerState.java:run(117)) - b9cfa588-8e56-4331-be2f-4c26f25c6739@group-21BA9BD4283D-FollowerState was interrupted: java.lang.InterruptedException: sleep interrupted
2019-10-17 06:48:30,202 [7c431f9d-51bc-458b-a3a6-511ec217d887@group-21BA9BD4283D-LeaderElection473] INFO  impl.LeaderElection (LeaderElection.java:askForVotes(178)) - 7c431f9d-51bc-458b-a3a6-511ec217d887@group-21BA9BD4283D-LeaderElection473: begin an election at term 434 for -1: [67f35358-9777-4ff9-96f4-8a61bc3a94fe:192.168.34.62:37037, 7c431f9d-51bc-458b-a3a6-511ec217d887:192.168.34.62:40420, b9cfa588-8e56-4331-be2f-4c26f25c6739:192.168.34.62:34777], old=null
2019-10-17 06:48:30,204 [grpc-default-executor-1] INFO  impl.RaftServerImpl (RaftServerImpl.java:setRole(184)) - 67f35358-9777-4ff9-96f4-8a61bc3a94fe@group-21BA9BD4283D: changes role from  FOLLOWER to FOLLOWER at term 434 for recognizeCandidate:7c431f9d-51bc-458b-a3a6-511ec217d887
2019-10-17 06:48:30,204 [grpc-default-executor-1] INFO  impl.RoleInfo (RoleInfo.java:shutdownFollowerState(121)) - 67f35358-9777-4ff9-96f4-8a61bc3a94fe: shutdown FollowerState
2019-10-17 06:48:30,204 [grpc-default-executor-2] INFO  impl.RaftServerImpl (RaftServerImpl.java:setRole(184)) - b9cfa588-8e56-4331-be2f-4c26f25c6739@group-21BA9BD4283D: changes role from  FOLLOWER to FOLLOWER at term 434 for recognizeCandidate:7c431f9d-51bc-458b-a3a6-511ec217d887
2019-10-17 06:48:30,204 [grpc-default-executor-2] INFO  impl.RoleInfo (RoleInfo.java:shutdownFollowerState(121)) - b9cfa588-8e56-4331-be2f-4c26f25c6739: shutdown FollowerState
2019-10-17 06:48:30,204 [Thread-3840] INFO  impl.FollowerState (FollowerState.java:run(117)) - 67f35358-9777-4ff9-96f4-8a61bc3a94fe@group-21BA9BD4283D-FollowerState was interrupted: java.lang.InterruptedException: sleep interrupted
2019-10-17 06:48:30,204 [grpc-default-executor-1] INFO  impl.RoleInfo (RoleInfo.java:updateAndGet(143)) - 67f35358-9777-4ff9-96f4-8a61bc3a94fe: start FollowerState
2019-10-17 06:48:30,204 [Thread-3841] INFO  impl.FollowerState (FollowerState.java:run(117)) - b9cfa588-8e56-4331-be2f-4c26f25c6739@group-21BA9BD4283D-FollowerState was interrupted: java.lang.InterruptedException: sleep interrupted
2019-10-17 06:48:30,204 [grpc-default-executor-2] INFO  impl.RoleInfo (RoleInfo.java:updateAndGet(143)) - b9cfa588-8e56-4331-be2f-4c26f25c6739: start FollowerState
2019-10-17 06:48:30,219 [7c431f9d-51bc-458b-a3a6-511ec217d887@group-21BA9BD4283D-LeaderElection473] INFO  impl.LeaderElection (LeaderElection.java:logAndReturn(56)) - 7c431f9d-51bc-458b-a3a6-511ec217d887@group-21BA9BD4283D-LeaderElection473: Election REJECTED; received 2 response(s) [7c431f9d-51bc-458b-a3a6-511ec217d887<-67f35358-9777-4ff9-96f4-8a61bc3a94fe#0:FAIL-t434, 7c431f9d-51bc-458b-a3a6-511ec217d887<-b9cfa588-8e56-4331-be2f-4c26f25c6739#0:FAIL-t434] and 0 exception(s); 7c431f9d-51bc-458b-a3a6-511ec217d887@group-21BA9BD4283D:t434, leader=null, voted=7c431f9d-51bc-458b-a3a6-511ec217d887, raftlog=7c431f9d-51bc-458b-a3a6-511ec217d887@group-21BA9BD4283D-SegmentedRaftLog:OPENED:c-1,f-1,i0, conf=-1: [67f35358-9777-4ff9-96f4-8a61bc3a94fe:192.168.34.62:37037, 7c431f9d-51bc-458b-a3a6-511ec217d887:192.168.34.62:40420, b9cfa588-8e56-4331-be2f-4c26f25c6739:192.168.34.62:34777], old=null
2019-10-17 06:48:30,219 [7c431f9d-51bc-458b-a3a6-511ec217d887@group-21BA9BD4283D-LeaderElection473] INFO  impl.RaftServerImpl (RaftServerImpl.java:setRole(184)) - 7c431f9d-51bc-458b-a3a6-511ec217d887@group-21BA9BD4283D: changes role from CANDIDATE to FOLLOWER at term 434 for DISCOVERED_A_NEW_TERM
2019-10-17 06:48:30,219 [7c431f9d-51bc-458b-a3a6-511ec217d887@group-21BA9BD4283D-LeaderElection473] INFO  impl.RoleInfo (RoleInfo.java:shutdownLeaderElection(134)) - 7c431f9d-51bc-458b-a3a6-511ec217d887: shutdown LeaderElection
2019-10-17 06:48:30,219 [7c431f9d-51bc-458b-a3a6-511ec217d887@group-21BA9BD4283D-LeaderElection473] INFO  impl.RoleInfo (RoleInfo.java:updateAndGet(143)) - 7c431f9d-51bc-458b-a3a6-511ec217d887: start FollowerState
2019-10-17 06:48:30,415 [Thread-3846] INFO  impl.FollowerState (FollowerState.java:run(108)) - 7c431f9d-51bc-458b-a3a6-511ec217d887@group-21BA9BD4283D-FollowerState: change to CANDIDATE, lastRpcTime:196ms, electionTimeout:196ms
2019-10-17 06:48:30,415 [Thread-3846] INFO  impl.RoleInfo (RoleInfo.java:shutdownFollowerState(121)) - 7c431f9d-51bc-458b-a3a6-511ec217d887: shutdown FollowerState
2019-10-17 06:48:30,415 [Thread-3846] INFO  impl.RaftServerImpl (RaftServerImpl.java:setRole(184)) - 7c431f9d-51bc-458b-a3a6-511ec217d887@group-21BA9BD4283D: changes role from  FOLLOWER to CANDIDATE at term 434 for changeToCandidate
2019-10-17 06:48:30,416 [Thread-3846] INFO  impl.RoleInfo (RoleInfo.java:updateAndGet(143)) - 7c431f9d-51bc-458b-a3a6-511ec217d887: start LeaderElection
2019-10-17 06:48:30,430 [7c431f9d-51bc-458b-a3a6-511ec217d887@group-21BA9BD4283D-LeaderElection474] INFO  impl.LeaderElection (LeaderElection.java:askForVotes(178)) - 7c431f9d-51bc-458b-a3a6-511ec217d887@group-21BA9BD4283D-LeaderElection474: begin an election at term 435 for -1: [67f35358-9777-4ff9-96f4-8a61bc3a94fe:192.168.34.62:37037, 7c431f9d-51bc-458b-a3a6-511ec217d887:192.168.34.62:40420, b9cfa588-8e56-4331-be2f-4c26f25c6739:192.168.34.62:34777], old=null
2019-10-17 06:48:30,431 [grpc-default-executor-1] INFO  impl.RaftServerImpl (RaftServerImpl.java:setRole(184)) - b9cfa588-8e56-4331-be2f-4c26f25c6739@group-21BA9BD4283D: changes role from  FOLLOWER to FOLLOWER at term 435 for recognizeCandidate:7c431f9d-51bc-458b-a3a6-511ec217d887
2019-10-17 06:48:30,431 [grpc-default-executor-1] INFO  impl.RoleInfo (RoleInfo.java:shutdownFollowerState(121)) - b9cfa588-8e56-4331-be2f-4c26f25c6739: shutdown FollowerState
2019-10-17 06:48:30,431 [grpc-default-executor-2] INFO  impl.RaftServerImpl (RaftServerImpl.java:setRole(184)) - 67f35358-9777-4ff9-96f4-8a61bc3a94fe@group-21BA9BD4283D: changes role from  FOLLOWER to FOLLOWER at term 435 for recognizeCandidate:7c431f9d-51bc-458b-a3a6-511ec217d887
2019-10-17 06:48:30,432 [grpc-default-executor-2] INFO  impl.RoleInfo (RoleInfo.java:shutdownFollowerState(121)) - 67f35358-9777-4ff9-96f4-8a61bc3a94fe: shutdown FollowerState
2019-10-17 06:48:30,432 [Thread-3845] INFO  impl.FollowerState (FollowerState.java:run(117)) - b9cfa588-8e56-4331-be2f-4c26f25c6739@group-21BA9BD4283D-FollowerState was interrupted: java.lang.InterruptedException: sleep interrupted
2019-10-17 06:48:30,431 [grpc-default-executor-1] INFO  impl.RoleInfo (RoleInfo.java:updateAndGet(143)) - b9cfa588-8e56-4331-be2f-4c26f25c6739: start FollowerState
2019-10-17 06:48:30,432 [Thread-3844] INFO  impl.FollowerState (FollowerState.java:run(117)) - 67f35358-9777-4ff9-96f4-8a61bc3a94fe@group-21BA9BD4283D-FollowerState was interrupted: java.lang.InterruptedException: sleep interrupted
2019-10-17 06:48:30,432 [grpc-default-executor-2] INFO  impl.RoleInfo (RoleInfo.java:updateAndGet(143)) - 67f35358-9777-4ff9-96f4-8a61bc3a94fe: start FollowerState
2019-10-17 06:48:30,444 [7c431f9d-51bc-458b-a3a6-511ec217d887@group-21BA9BD4283D-LeaderElection474] INFO  impl.LeaderElection (LeaderElection.java:logAndReturn(56)) - 7c431f9d-51bc-458b-a3a6-511ec217d887@group-21BA9BD4283D-LeaderElection474: Election REJECTED; received 2 response(s) [7c431f9d-51bc-458b-a3a6-511ec217d887<-67f35358-9777-4ff9-96f4-8a61bc3a94fe#0:FAIL-t435, 7c431f9d-51bc-458b-a3a6-511ec217d887<-b9cfa588-8e56-4331-be2f-4c26f25c6739#0:FAIL-t435] and 0 exception(s); 7c431f9d-51bc-458b-a3a6-511ec217d887@group-21BA9BD4283D:t435, leader=null, voted=7c431f9d-51bc-458b-a3a6-511ec217d887, raftlog=7c431f9d-51bc-458b-a3a6-511ec217d887@group-21BA9BD4283D-SegmentedRaftLog:OPENED:c-1,f-1,i0, conf=-1: [67f35358-9777-4ff9-96f4-8a61bc3a94fe:192.168.34.62:37037, 7c431f9d-51bc-458b-a3a6-511ec217d887:192.168.34.62:40420, b9cfa588-8e56-4331-be2f-4c26f25c6739:192.168.34.62:34777], old=null
2019-10-17 06:48:30,444 [7c431f9d-51bc-458b-a3a6-511ec217d887@group-21BA9BD4283D-LeaderElection474] INFO  impl.RaftServerImpl (RaftServerImpl.java:setRole(184)) - 7c431f9d-51bc-458b-a3a6-511ec217d887@group-21BA9BD4283D: changes role from CANDIDATE to FOLLOWER at term 435 for DISCOVERED_A_NEW_TERM
2019-10-17 06:48:30,445 [7c431f9d-51bc-458b-a3a6-511ec217d887@group-21BA9BD4283D-LeaderElection474] INFO  impl.RoleInfo (RoleInfo.java:shutdownLeaderElection(134)) - 7c431f9d-51bc-458b-a3a6-511ec217d887: shutdown LeaderElection
2019-10-17 06:48:30,445 [7c431f9d-51bc-458b-a3a6-511ec217d887@group-21BA9BD4283D-LeaderElection474] INFO  impl.RoleInfo (RoleInfo.java:updateAndGet(143)) - 7c431f9d-51bc-458b-a3a6-511ec217d887: start FollowerState
2019-10-17 06:48:30,534 [Thread-3852] INFO  impl.FollowerState (FollowerState.java:run(108)) - 7c431f9d-51bc-458b-a3a6-511ec217d887@group-21BA9BD4283D-FollowerState: change to CANDIDATE, lastRpcTime:89ms, electionTimeout:89ms
2019-10-17 06:48:30,534 [Thread-3852] INFO  impl.RoleInfo (RoleInfo.java:shutdownFollowerState(121)) - 7c431f9d-51bc-458b-a3a6-511ec217d887: shutdown FollowerState
2019-10-17 06:48:30,534 [Thread-3852] INFO  impl.RaftServerImpl (RaftServerImpl.java:setRole(184)) - 7c431f9d-51bc-458b-a3a6-511ec217d887@group-21BA9BD4283D: changes role from  FOLLOWER to CANDIDATE at term 435 for changeToCandidate
2019-10-17 06:48:30,534 [Thread-3852] INFO  impl.RoleInfo (RoleInfo.java:updateAndGet(143)) - 7c431f9d-51bc-458b-a3a6-511ec217d887: start LeaderElection
2019-10-17 06:48:30,543 [7c431f9d-51bc-458b-a3a6-511ec217d887@group-21BA9BD4283D-LeaderElection475] INFO  impl.LeaderElection (LeaderElection.java:askForVotes(178)) - 7c431f9d-51bc-458b-a3a6-511ec217d887@group-21BA9BD4283D-LeaderElection475: begin an election at term 436 for -1: [67f35358-9777-4ff9-96f4-8a61bc3a94fe:192.168.34.62:37037, 7c431f9d-51bc-458b-a3a6-511ec217d887:192.168.34.62:40420, b9cfa588-8e56-4331-be2f-4c26f25c6739:192.168.34.62:34777], old=null
2019-10-17 06:48:30,544 [grpc-default-executor-2] INFO  impl.RaftServerImpl (RaftServerImpl.java:setRole(184)) - 67f35358-9777-4ff9-96f4-8a61bc3a94fe@group-21BA9BD4283D: changes role from  FOLLOWER to FOLLOWER at term 436 for recognizeCandidate:7c431f9d-51bc-458b-a3a6-511ec217d887
2019-10-17 06:48:30,544 [grpc-default-executor-1] INFO  impl.RaftServerImpl (RaftServerImpl.java:setRole(184)) - b9cfa588-8e56-4331-be2f-4c26f25c6739@group-21BA9BD4283D: changes role from  FOLLOWER to FOLLOWER at term 436 for recognizeCandidate:7c431f9d-51bc-458b-a3a6-511ec217d887
2019-10-17 06:48:30,544 [grpc-default-executor-1] INFO  impl.RoleInfo (RoleInfo.java:shutdownFollowerState(121)) - b9cfa588-8e56-4331-be2f-4c26f25c6739: shutdown FollowerState
2019-10-17 06:48:30,544 [grpc-default-executor-2] INFO  impl.RoleInfo (RoleInfo.java:shutdownFollowerState(121)) - 67f35358-9777-4ff9-96f4-8a61bc3a94fe: shutdown FollowerState
2019-10-17 06:48:30,545 [Thread-3850] INFO  impl.FollowerState (FollowerState.java:run(117)) - b9cfa588-8e56-4331-be2f-4c26f25c6739@group-21BA9BD4283D-FollowerState was interrupted: java.lang.InterruptedException: sleep interrupted
2019-10-17 06:48:30,544 [grpc-default-executor-1] INFO  impl.RoleInfo (RoleInfo.java:updateAndGet(143)) - b9cfa588-8e56-4331-be2f-4c26f25c6739: start FollowerState
2019-10-17 06:48:30,545 [Thread-3851] INFO  impl.FollowerState (FollowerState.java:run(117)) - 67f35358-9777-4ff9-96f4-8a61bc3a94fe@group-21BA9BD4283D-FollowerState was interrupted: java.lang.InterruptedException: sleep interrupted
2019-10-17 06:48:30,545 [grpc-default-executor-2] INFO  impl.RoleInfo (RoleInfo.java:updateAndGet(143)) - 67f35358-9777-4ff9-96f4-8a61bc3a94fe: start FollowerState
2019-10-17 06:48:30,556 [7c431f9d-51bc-458b-a3a6-511ec217d887@group-21BA9BD4283D-LeaderElection475] INFO  impl.LeaderElection (LeaderElection.java:logAndReturn(56)) - 7c431f9d-51bc-458b-a3a6-511ec217d887@group-21BA9BD4283D-LeaderElection475: Election TIMEOUT; received 0 response(s) [] and 0 exception(s); 7c431f9d-51bc-458b-a3a6-511ec217d887@group-21BA9BD4283D:t436, leader=null, voted=7c431f9d-51bc-458b-a3a6-511ec217d887, raftlog=7c431f9d-51bc-458b-a3a6-511ec217d887@group-21BA9BD4283D-SegmentedRaftLog:OPENED:c-1,f-1,i0, conf=-1: [67f35358-9777-4ff9-96f4-8a61bc3a94fe:192.168.34.62:37037, 7c431f9d-51bc-458b-a3a6-511ec217d887:192.168.34.62:40420, b9cfa588-8e56-4331-be2f-4c26f25c6739:192.168.34.62:34777], old=null
2019-10-17 06:48:30,572 [7c431f9d-51bc-458b-a3a6-511ec217d887@group-21BA9BD4283D-LeaderElection475] INFO  impl.LeaderElection (LeaderElection.java:askForVotes(178)) - 7c431f9d-51bc-458b-a3a6-511ec217d887@group-21BA9BD4283D-LeaderElection475: begin an election at term 437 for -1: [67f35358-9777-4ff9-96f4-8a61bc3a94fe:192.168.34.62:37037, 7c431f9d-51bc-458b-a3a6-511ec217d887:192.168.34.62:40420, b9cfa588-8e56-4331-be2f-4c26f25c6739:192.168.34.62:34777], old=null
2019-10-17 06:48:30,573 [grpc-default-executor-1] INFO  impl.RaftServerImpl (RaftServerImpl.java:setRole(184)) - 67f35358-9777-4ff9-96f4-8a61bc3a94fe@group-21BA9BD4283D: changes role from  FOLLOWER to FOLLOWER at term 437 for recognizeCandidate:7c431f9d-51bc-458b-a3a6-511ec217d887
2019-10-17 06:48:30,573 [grpc-default-executor-1] INFO  impl.RoleInfo (RoleInfo.java:shutdownFollowerState(121)) - 67f35358-9777-4ff9-96f4-8a61bc3a94fe: shutdown FollowerState
2019-10-17 06:48:30,573 [grpc-default-executor-2] INFO  impl.RaftServerImpl (RaftServerImpl.java:setRole(184)) - b9cfa588-8e56-4331-be2f-4c26f25c6739@group-21BA9BD4283D: changes role from  FOLLOWER to FOLLOWER at term 437 for recognizeCandidate:7c431f9d-51bc-458b-a3a6-511ec217d887
2019-10-17 06:48:30,573 [Thread-3857] INFO  impl.FollowerState (FollowerState.java:run(117)) - 67f35358-9777-4ff9-96f4-8a61bc3a94fe@group-21BA9BD4283D-FollowerState was interrupted: java.lang.InterruptedException: sleep interrupted
2019-10-17 06:48:30,573 [grpc-default-executor-1] INFO  impl.RoleInfo (RoleInfo.java:updateAndGet(143)) - 67f35358-9777-4ff9-96f4-8a61bc3a94fe: start FollowerState
2019-10-17 06:48:30,573 [grpc-default-executor-2] INFO  impl.RoleInfo (RoleInfo.java:shutdownFollowerState(121)) - b9cfa588-8e56-4331-be2f-4c26f25c6739: shutdown FollowerState
2019-10-17 06:48:30,573 [grpc-default-executor-2] INFO  impl.RoleInfo (RoleInfo.java:updateAndGet(143)) - b9cfa588-8e56-4331-be2f-4c26f25c6739: start FollowerState
2019-10-17 06:48:30,573 [Thread-3856] INFO  impl.FollowerState (FollowerState.java:run(117)) - b9cfa588-8e56-4331-be2f-4c26f25c6739@group-21BA9BD4283D-FollowerState was interrupted: java.lang.InterruptedException: sleep interrupted
2019-10-17 06:48:30,596 [7c431f9d-51bc-458b-a3a6-511ec217d887@group-21BA9BD4283D-LeaderElection475] INFO  impl.LeaderElection (LeaderElection.java:logAndReturn(56)) - 7c431f9d-51bc-458b-a3a6-511ec217d887@group-21BA9BD4283D-LeaderElection475: Election REJECTED; received 2 response(s) [7c431f9d-51bc-458b-a3a6-511ec217d887<-67f35358-9777-4ff9-96f4-8a61bc3a94fe#0:FAIL-t437, 7c431f9d-51bc-458b-a3a6-511ec217d887<-b9cfa588-8e56-4331-be2f-4c26f25c6739#0:FAIL-t437] and 0 exception(s); 7c431f9d-51bc-458b-a3a6-511ec217d887@group-21BA9BD4283D:t437, leader=null, voted=7c431f9d-51bc-458b-a3a6-511ec217d887, raftlog=7c431f9d-51bc-458b-a3a6-511ec217d887@group-21BA9BD4283D-SegmentedRaftLog:OPENED:c-1,f-1,i0, conf=-1: [67f35358-9777-4ff9-96f4-8a61bc3a94fe:192.168.34.62:37037, 7c431f9d-51bc-458b-a3a6-511ec217d887:192.168.34.62:40420, b9cfa588-8e56-4331-be2f-4c26f25c6739:192.168.34.62:34777], old=null
2019-10-17 06:48:30,596 [7c431f9d-51bc-458b-a3a6-511ec217d887@group-21BA9BD4283D-LeaderElection475] INFO  impl.RaftServerImpl (RaftServerImpl.java:setRole(184)) - 7c431f9d-51bc-458b-a3a6-511ec217d887@group-21BA9BD4283D: changes role from CANDIDATE to FOLLOWER at term 437 for DISCOVERED_A_NEW_TERM
2019-10-17 06:48:30,596 [7c431f9d-51bc-458b-a3a6-511ec217d887@group-21BA9BD4283D-LeaderElection475] INFO  impl.RoleInfo (RoleInfo.java:shutdownLeaderElection(134)) - 7c431f9d-51bc-458b-a3a6-511ec217d887: shutdown LeaderElection
2019-10-17 06:48:30,596 [7c431f9d-51bc-458b-a3a6-511ec217d887@group-21BA9BD4283D-LeaderElection475] INFO  impl.RoleInfo (RoleInfo.java:updateAndGet(143)) - 7c431f9d-51bc-458b-a3a6-511ec217d887: start FollowerState
2019-10-17 06:48:30,659 [Thread-3862] INFO  impl.FollowerState (FollowerState.java:run(108)) - 7c431f9d-51bc-458b-a3a6-511ec217d887@group-21BA9BD4283D-FollowerState: change to CANDIDATE, lastRpcTime:62ms, electionTimeout:62ms
2019-10-17 06:48:30,659 [Thread-3862] INFO  impl.RoleInfo (RoleInfo.java:shutdownFollowerState(121)) - 7c431f9d-51bc-458b-a3a6-511ec217d887: shutdown FollowerState
2019-10-17 06:48:30,659 [Thread-3862] INFO  impl.RaftServerImpl (RaftServerImpl.java:setRole(184)) - 7c431f9d-51bc-458b-a3a6-511ec217d887@group-21BA9BD4283D: changes role from  FOLLOWER to CANDIDATE at term 437 for changeToCandidate
2019-10-17 06:48:30,659 [Thread-3862] INFO  impl.RoleInfo (RoleInfo.java:updateAndGet(143)) - 7c431f9d-51bc-458b-a3a6-511ec217d887: start LeaderElection
2019-10-17 06:48:30,672 [7c431f9d-51bc-458b-a3a6-511ec217d887@group-21BA9BD4283D-LeaderElection476] INFO  impl.LeaderElection (LeaderElection.java:askForVotes(178)) - 7c431f9d-51bc-458b-a3a6-511ec217d887@group-21BA9BD4283D-LeaderElection476: begin an election at term 438 for -1: [67f35358-9777-4ff9-96f4-8a61bc3a94fe:192.168.34.62:37037, 7c431f9d-51bc-458b-a3a6-511ec217d887:192.168.34.62:40420, b9cfa588-8e56-4331-be2f-4c26f25c6739:192.168.34.62:34777], old=null
2019-10-17 06:48:30,673 [grpc-default-executor-2] INFO  impl.RaftServerImpl (RaftServerImpl.java:setRole(184)) - 67f35358-9777-4ff9-96f4-8a61bc3a94fe@group-21BA9BD4283D: changes role from  FOLLOWER to FOLLOWER at term 438 for recognizeCandidate:7c431f9d-51bc-458b-a3a6-511ec217d887
2019-10-17 06:48:30,673 [grpc-default-executor-2] INFO  impl.RoleInfo (RoleInfo.java:shutdownFollowerState(121)) - 67f35358-9777-4ff9-96f4-8a61bc3a94fe: shutdown FollowerState
2019-10-17 06:48:30,673 [grpc-default-executor-1] INFO  impl.RaftServerImpl (RaftServerImpl.java:setRole(184)) - b9cfa588-8e56-4331-be2f-4c26f25c6739@group-21BA9BD4283D: changes role from  FOLLOWER to FOLLOWER at term 438 for recognizeCandidate:7c431f9d-51bc-458b-a3a6-511ec217d887
2019-10-17 06:48:30,673 [Thread-3860] INFO  impl.FollowerState (FollowerState.java:run(117)) - 67f35358-9777-4ff9-96f4-8a61bc3a94fe@group-21BA9BD4283D-FollowerState was interrupted: java.lang.InterruptedException: sleep interrupted
2019-10-17 06:48:30,673 [grpc-default-executor-2] INFO  impl.RoleInfo (RoleInfo.java:updateAndGet(143)) - 67f35358-9777-4ff9-96f4-8a61bc3a94fe: start FollowerState
2019-10-17 06:48:30,673 [grpc-default-executor-1] INFO  impl.RoleInfo (RoleInfo.java:shutdownFollowerState(121)) - b9cfa588-8e56-4331-be2f-4c26f25c6739: shutdown FollowerState
2019-10-17 06:48:30,673 [grpc-default-executor-1] INFO  impl.RoleInfo (RoleInfo.java:updateAndGet(143)) - b9cfa588-8e56-4331-be2f-4c26f25c6739: start FollowerState
2019-10-17 06:48:30,673 [Thread-3861] INFO  impl.FollowerState (FollowerState.java:run(117)) - b9cfa588-8e56-4331-be2f-4c26f25c6739@group-21BA9BD4283D-FollowerState was interrupted: java.lang.InterruptedException: sleep interrupted
2019-10-17 06:48:30,696 [7c431f9d-51bc-458b-a3a6-511ec217d887@group-21BA9BD4283D-LeaderElection476] INFO  impl.LeaderElection (LeaderElection.java:logAndReturn(56)) - 7c431f9d-51bc-458b-a3a6-511ec217d887@group-21BA9BD4283D-LeaderElection476: Election REJECTED; received 2 response(s) [7c431f9d-51bc-458b-a3a6-511ec217d887<-67f35358-9777-4ff9-96f4-8a61bc3a94fe#0:FAIL-t438, 7c431f9d-51bc-458b-a3a6-511ec217d887<-b9cfa588-8e56-4331-be2f-4c26f25c6739#0:FAIL-t438] and 0 exception(s); 7c431f9d-51bc-458b-a3a6-511ec217d887@group-21BA9BD4283D:t438, leader=null, voted=7c431f9d-51bc-458b-a3a6-511ec217d887, raftlog=7c431f9d-51bc-458b-a3a6-511ec217d887@group-21BA9BD4283D-SegmentedRaftLog:OPENED:c-1,f-1,i0, conf=-1: [67f35358-9777-4ff9-96f4-8a61bc3a94fe:192.168.34.62:37037, 7c431f9d-51bc-458b-a3a6-511ec217d887:192.168.34.62:40420, b9cfa588-8e56-4331-be2f-4c26f25c6739:192.168.34.62:34777], old=null
2019-10-17 06:48:30,696 [7c431f9d-51bc-458b-a3a6-511ec217d887@group-21BA9BD4283D-LeaderElection476] INFO  impl.RaftServerImpl (RaftServerImpl.java:setRole(184)) - 7c431f9d-51bc-458b-a3a6-511ec217d887@group-21BA9BD4283D: changes role from CANDIDATE to FOLLOWER at term 438 for DISCOVERED_A_NEW_TERM
2019-10-17 06:48:30,696 [7c431f9d-51bc-458b-a3a6-511ec217d887@group-21BA9BD4283D-LeaderElection476] INFO  impl.RoleInfo (RoleInfo.java:shutdownLeaderElection(134)) - 7c431f9d-51bc-458b-a3a6-511ec217d887: shutdown LeaderElection
2019-10-17 06:48:30,696 [7c431f9d-51bc-458b-a3a6-511ec217d887@group-21BA9BD4283D-LeaderElection476] INFO  impl.RoleInfo (RoleInfo.java:updateAndGet(143)) - 7c431f9d-51bc-458b-a3a6-511ec217d887: start FollowerState
2019-10-17 06:48:30,738 [Thread-3868] INFO  impl.FollowerState (FollowerState.java:run(108)) - 7c431f9d-51bc-458b-a3a6-511ec217d887@group-21BA9BD4283D-FollowerState: change to CANDIDATE, lastRpcTime:42ms, electionTimeout:42ms
2019-10-17 06:48:30,739 [Thread-3868] INFO  impl.RoleInfo (RoleInfo.java:shutdownFollowerState(121)) - 7c431f9d-51bc-458b-a3a6-511ec217d887: shutdown FollowerState
2019-10-17 06:48:30,739 [Thread-3868] INFO  impl.RaftServerImpl (RaftServerImpl.java:setRole(184)) - 7c431f9d-51bc-458b-a3a6-511ec217d887@group-21BA9BD4283D: changes role from  FOLLOWER to CANDIDATE at term 438 for changeToCandidate
2019-10-17 06:48:30,739 [Thread-3868] INFO  impl.RoleInfo (RoleInfo.java:updateAndGet(143)) - 7c431f9d-51bc-458b-a3a6-511ec217d887: start LeaderElection
2019-10-17 06:48:30,752 [7c431f9d-51bc-458b-a3a6-511ec217d887@group-21BA9BD4283D-LeaderElection477] INFO  impl.LeaderElection (LeaderElection.java:askForVotes(178)) - 7c431f9d-51bc-458b-a3a6-511ec217d887@group-21BA9BD4283D-LeaderElection477: begin an election at term 439 for -1: [67f35358-9777-4ff9-96f4-8a61bc3a94fe:192.168.34.62:37037, 7c431f9d-51bc-458b-a3a6-511ec217d887:192.168.34.62:40420, b9cfa588-8e56-4331-be2f-4c26f25c6739:192.168.34.62:34777], old=null
2019-10-17 06:48:30,753 [grpc-default-executor-2] INFO  impl.RaftServerImpl (RaftServerImpl.java:setRole(184)) - 67f35358-9777-4ff9-96f4-8a61bc3a94fe@group-21BA9BD4283D: changes role from  FOLLOWER to FOLLOWER at term 439 for recognizeCandidate:7c431f9d-51bc-458b-a3a6-511ec217d887
2019-10-17 06:48:30,753 [grpc-default-executor-1] INFO  impl.RaftServerImpl (RaftServerImpl.java:setRole(184)) - b9cfa588-8e56-4331-be2f-4c26f25c6739@group-21BA9BD4283D: changes role from  FOLLOWER to FOLLOWER at term 439 for recognizeCandidate:7c431f9d-51bc-458b-a3a6-511ec217d887
2019-10-17 06:48:30,753 [grpc-default-executor-1] INFO  impl.RoleInfo (RoleInfo.java:shutdownFollowerState(121)) - b9cfa588-8e56-4331-be2f-4c26f25c6739: shutdown FollowerState
2019-10-17 06:48:30,753 [grpc-default-executor-2] INFO  impl.RoleInfo (RoleInfo.java:shutdownFollowerState(121)) - 67f35358-9777-4ff9-96f4-8a61bc3a94fe: shutdown FollowerState
2019-10-17 06:48:30,753 [grpc-default-executor-2] INFO  impl.RoleInfo (RoleInfo.java:updateAndGet(143)) - 67f35358-9777-4ff9-96f4-8a61bc3a94fe: start FollowerState
2019-10-17 06:48:30,753 [Thread-3867] INFO  impl.FollowerState (FollowerState.java:run(117)) - b9cfa588-8e56-4331-be2f-4c26f25c6739@group-21BA9BD4283D-FollowerState was interrupted: java.lang.InterruptedException: sleep interrupted
2019-10-17 06:48:30,753 [grpc-default-executor-1] INFO  impl.RoleInfo (RoleInfo.java:updateAndGet(143)) - b9cfa588-8e56-4331-be2f-4c26f25c6739: start FollowerState
2019-10-17 06:48:30,753 [Thread-3866] INFO  impl.FollowerState (FollowerState.java:run(117)) - 67f35358-9777-4ff9-96f4-8a61bc3a94fe@group-21BA9BD4283D-FollowerState was interrupted: java.lang.InterruptedException: sleep interrupted
2019-10-17 06:48:30,766 [7c431f9d-51bc-458b-a3a6-511ec217d887@group-21BA9BD4283D-LeaderElection477] INFO  impl.LeaderElection (LeaderElection.java:logAndReturn(56)) - 7c431f9d-51bc-458b-a3a6-511ec217d887@group-21BA9BD4283D-LeaderElection477: Election REJECTED; received 2 response(s) [7c431f9d-51bc-458b-a3a6-511ec217d887<-67f35358-9777-4ff9-96f4-8a61bc3a94fe#0:FAIL-t439, 7c431f9d-51bc-458b-a3a6-511ec217d887<-b9cfa588-8e56-4331-be2f-4c26f25c6739#0:FAIL-t439] and 0 exception(s); 7c431f9d-51bc-458b-a3a6-511ec217d887@group-21BA9BD4283D:t439, leader=null, voted=7c431f9d-51bc-458b-a3a6-511ec217d887, raftlog=7c431f9d-51bc-458b-a3a6-511ec217d887@group-21BA9BD4283D-SegmentedRaftLog:OPENED:c-1,f-1,i0, conf=-1: [67f35358-9777-4ff9-96f4-8a61bc3a94fe:192.168.34.62:37037, 7c431f9d-51bc-458b-a3a6-511ec217d887:192.168.34.62:40420, b9cfa588-8e56-4331-be2f-4c26f25c6739:192.168.34.62:34777], old=null
2019-10-17 06:48:30,766 [7c431f9d-51bc-458b-a3a6-511ec217d887@group-21BA9BD4283D-LeaderElection477] INFO  impl.RaftServerImpl (RaftServerImpl.java:setRole(184)) - 7c431f9d-51bc-458b-a3a6-511ec217d887@group-21BA9BD4283D: changes role from CANDIDATE to FOLLOWER at term 439 for DISCOVERED_A_NEW_TERM
2019-10-17 06:48:30,766 [7c431f9d-51bc-458b-a3a6-511ec217d887@group-21BA9BD4283D-LeaderElection477] INFO  impl.RoleInfo (RoleInfo.java:shutdownLeaderElection(134)) - 7c431f9d-51bc-458b-a3a6-511ec217d887: shutdown LeaderElection
2019-10-17 06:48:30,766 [7c431f9d-51bc-458b-a3a6-511ec217d887@group-21BA9BD4283D-LeaderElection477] INFO  impl.RoleInfo (RoleInfo.java:updateAndGet(143)) - 7c431f9d-51bc-458b-a3a6-511ec217d887: start FollowerState
2019-10-17 06:48:30,920 [Thread-3874] INFO  impl.FollowerState (FollowerState.java:run(108)) - 7c431f9d-51bc-458b-a3a6-511ec217d887@group-21BA9BD4283D-FollowerState: change to CANDIDATE, lastRpcTime:153ms, electionTimeout:153ms
2019-10-17 06:48:30,920 [Thread-3874] INFO  impl.RoleInfo (RoleInfo.java:shutdownFollowerState(121)) - 7c431f9d-51bc-458b-a3a6-511ec217d887: shutdown FollowerState
2019-10-17 06:48:30,920 [Thread-3874] INFO  impl.RaftServerImpl (RaftServerImpl.java:setRole(184)) - 7c431f9d-51bc-458b-a3a6-511ec217d887@group-21BA9BD4283D: changes role from  FOLLOWER to CANDIDATE at term 439 for changeToCandidate
2019-10-17 06:48:30,920 [Thread-3874] INFO  impl.RoleInfo (RoleInfo.java:updateAndGet(143)) - 7c431f9d-51bc-458b-a3a6-511ec217d887: start LeaderElection
2019-10-17 06:48:30,945 [7c431f9d-51bc-458b-a3a6-511ec217d887@group-21BA9BD4283D-LeaderElection478] INFO  impl.LeaderElection (LeaderElection.java:askForVotes(178)) - 7c431f9d-51bc-458b-a3a6-511ec217d887@group-21BA9BD4283D-LeaderElection478: begin an election at term 440 for -1: [67f35358-9777-4ff9-96f4-8a61bc3a94fe:192.168.34.62:37037, 7c431f9d-51bc-458b-a3a6-511ec217d887:192.168.34.62:40420, b9cfa588-8e56-4331-be2f-4c26f25c6739:192.168.34.62:34777], old=null
2019-10-17 06:48:30,946 [grpc-default-executor-2] INFO  impl.RaftServerImpl (RaftServerImpl.java:setRole(184)) - b9cfa588-8e56-4331-be2f-4c26f25c6739@group-21BA9BD4283D: changes role from  FOLLOWER to FOLLOWER at term 440 for recognizeCandidate:7c431f9d-51bc-458b-a3a6-511ec217d887
2019-10-17 06:48:30,946 [grpc-default-executor-2] INFO  impl.RoleInfo (RoleInfo.java:shutdownFollowerState(121)) - b9cfa588-8e56-4331-be2f-4c26f25c6739: shutdown FollowerState
2019-10-17 06:48:30,946 [grpc-default-executor-2] INFO  impl.RoleInfo (RoleInfo.java:updateAndGet(143)) - b9cfa588-8e56-4331-be2f-4c26f25c6739: start FollowerState
2019-10-17 06:48:30,947 [Thread-3872] INFO  impl.FollowerState (FollowerState.java:run(117)) - b9cfa588-8e56-4331-be2f-4c26f25c6739@group-21BA9BD4283D-FollowerState was interrupted: java.lang.InterruptedException: sleep interrupted
2019-10-17 06:48:30,947 [grpc-default-executor-1] INFO  impl.RaftServerImpl (RaftServerImpl.java:setRole(184)) - 67f35358-9777-4ff9-96f4-8a61bc3a94fe@group-21BA9BD4283D: changes role from  FOLLOWER to FOLLOWER at term 440 for recognizeCandidate:7c431f9d-51bc-458b-a3a6-511ec217d887
2019-10-17 06:48:30,947 [grpc-default-executor-1] INFO  impl.RoleInfo (RoleInfo.java:shutdownFollowerState(121)) - 67f35358-9777-4ff9-96f4-8a61bc3a94fe: shutdown FollowerState
2019-10-17 06:48:30,947 [grpc-default-executor-1] INFO  impl.RoleInfo (RoleInfo.java:updateAndGet(143)) - 67f35358-9777-4ff9-96f4-8a61bc3a94fe: start FollowerState
2019-10-17 06:48:30,947 [Thread-3873] INFO  impl.FollowerState (FollowerState.java:run(117)) - 67f35358-9777-4ff9-96f4-8a61bc3a94fe@group-21BA9BD4283D-FollowerState was interrupted: java.lang.InterruptedException: sleep interrupted
2019-10-17 06:48:30,961 [7c431f9d-51bc-458b-a3a6-511ec217d887@group-21BA9BD4283D-LeaderElection478] INFO  impl.LeaderElection (LeaderElection.java:logAndReturn(56)) - 7c431f9d-51bc-458b-a3a6-511ec217d887@group-21BA9BD4283D-LeaderElection478: Election REJECTED; received 2 response(s) [7c431f9d-51bc-458b-a3a6-511ec217d887<-67f35358-9777-4ff9-96f4-8a61bc3a94fe#0:FAIL-t440, 7c431f9d-51bc-458b-a3a6-511ec217d887<-b9cfa588-8e56-4331-be2f-4c26f25c6739#0:FAIL-t440] and 0 exception(s); 7c431f9d-51bc-458b-a3a6-511ec217d887@group-21BA9BD4283D:t440, leader=null, voted=7c431f9d-51bc-458b-a3a6-511ec217d887, raftlog=7c431f9d-51bc-458b-a3a6-511ec217d887@group-21BA9BD4283D-SegmentedRaftLog:OPENED:c-1,f-1,i0, conf=-1: [67f35358-9777-4ff9-96f4-8a61bc3a94fe:192.168.34.62:37037, 7c431f9d-51bc-458b-a3a6-511ec217d887:192.168.34.62:40420, b9cfa588-8e56-4331-be2f-4c26f25c6739:192.168.34.62:34777], old=null
2019-10-17 06:48:30,962 [7c431f9d-51bc-458b-a3a6-511ec217d887@group-21BA9BD4283D-LeaderElection478] INFO  impl.RaftServerImpl (RaftServerImpl.java:setRole(184)) - 7c431f9d-51bc-458b-a3a6-511ec217d887@group-21BA9BD4283D: changes role from CANDIDATE to FOLLOWER at term 440 for DISCOVERED_A_NEW_TERM
2019-10-17 06:48:30,962 [7c431f9d-51bc-458b-a3a6-511ec217d887@group-21BA9BD4283D-LeaderElection478] INFO  impl.RoleInfo (RoleInfo.java:shutdownLeaderElection(134)) - 7c431f9d-51bc-458b-a3a6-511ec217d887: shutdown LeaderElection
2019-10-17 06:48:30,962 [7c431f9d-51bc-458b-a3a6-511ec217d887@group-21BA9BD4283D-LeaderElection478] INFO  impl.RoleInfo (RoleInfo.java:updateAndGet(143)) - 7c431f9d-51bc-458b-a3a6-511ec217d887: start FollowerState
2019-10-17 06:48:31,141 [Thread-3882] INFO  impl.FollowerState (FollowerState.java:run(108)) - 7c431f9d-51bc-458b-a3a6-511ec217d887@group-21BA9BD4283D-FollowerState: change to CANDIDATE, lastRpcTime:179ms, electionTimeout:179ms
2019-10-17 06:48:31,142 [Thread-3882] INFO  impl.RoleInfo (RoleInfo.java:shutdownFollowerState(121)) - 7c431f9d-51bc-458b-a3a6-511ec217d887: shutdown FollowerState
2019-10-17 06:48:31,142 [Thread-3882] INFO  impl.RaftServerImpl (RaftServerImpl.java:setRole(184)) - 7c431f9d-51bc-458b-a3a6-511ec217d887@group-21BA9BD4283D: changes role from  FOLLOWER to CANDIDATE at term 440 for changeToCandidate
2019-10-17 06:48:31,142 [Thread-3882] INFO  impl.RoleInfo (RoleInfo.java:updateAndGet(143)) - 7c431f9d-51bc-458b-a3a6-511ec217d887: start LeaderElection
2019-10-17 06:48:31,165 [7c431f9d-51bc-458b-a3a6-511ec217d887@group-21BA9BD4283D-LeaderElection479] INFO  impl.LeaderElection (LeaderElection.java:askForVotes(178)) - 7c431f9d-51bc-458b-a3a6-511ec217d887@group-21BA9BD4283D-LeaderElection479: begin an election at term 441 for -1: [67f35358-9777-4ff9-96f4-8a61bc3a94fe:192.168.34.62:37037, 7c431f9d-51bc-458b-a3a6-511ec217d887:192.168.34.62:40420, b9cfa588-8e56-4331-be2f-4c26f25c6739:192.168.34.62:34777], old=null
2019-10-17 06:48:31,167 [grpc-default-executor-2] INFO  impl.RaftServerImpl (RaftServerImpl.java:setRole(184)) - 67f35358-9777-4ff9-96f4-8a61bc3a94fe@group-21BA9BD4283D: changes role from  FOLLOWER to FOLLOWER at term 441 for recognizeCandidate:7c431f9d-51bc-458b-a3a6-511ec217d887
2019-10-17 06:48:31,167 [grpc-default-executor-1] INFO  impl.RaftServerImpl (RaftServerImpl.java:setRole(184)) - b9cfa588-8e56-4331-be2f-4c26f25c6739@group-21BA9BD4283D: changes role from  FOLLOWER to FOLLOWER at term 441 for recognizeCandidate:7c431f9d-51bc-458b-a3a6-511ec217d887
2019-10-17 06:48:31,167 [grpc-default-executor-1] INFO  impl.RoleInfo (RoleInfo.java:shutdownFollowerState(121)) - b9cfa588-8e56-4331-be2f-4c26f25c6739: shutdown FollowerState
2019-10-17 06:48:31,167 [grpc-default-executor-2] INFO  impl.RoleInfo (RoleInfo.java:shutdownFollowerState(121)) - 67f35358-9777-4ff9-96f4-8a61bc3a94fe: shutdown FollowerState
2019-10-17 06:48:31,167 [Thread-3880] INFO  impl.FollowerState (FollowerState.java:run(117)) - b9cfa588-8e56-4331-be2f-4c26f25c6739@group-21BA9BD4283D-FollowerState was interrupted: java.lang.InterruptedException: sleep interrupted
2019-10-17 06:48:31,167 [grpc-default-executor-1] INFO  impl.RoleInfo (RoleInfo.java:updateAndGet(143)) - b9cfa588-8e56-4331-be2f-4c26f25c6739: start FollowerState
2019-10-17 06:48:31,167 [grpc-default-executor-2] INFO  impl.RoleInfo (RoleInfo.java:updateAndGet(143)) - 67f35358-9777-4ff9-96f4-8a61bc3a94fe: start FollowerState
2019-10-17 06:48:31,168 [Thread-3881] INFO  impl.FollowerState (FollowerState.java:run(117)) - 67f35358-9777-4ff9-96f4-8a61bc3a94fe@group-21BA9BD4283D-FollowerState was interrupted: java.lang.InterruptedException: sleep interrupted
2019-10-17 06:48:31,192 [7c431f9d-51bc-458b-a3a6-511ec217d887@group-21BA9BD4283D-LeaderElection479] INFO  impl.LeaderElection (LeaderElection.java:logAndReturn(56)) - 7c431f9d-51bc-458b-a3a6-511ec217d887@group-21BA9BD4283D-LeaderElection479: Election REJECTED; received 2 response(s) [7c431f9d-51bc-458b-a3a6-511ec217d887<-67f35358-9777-4ff9-96f4-8a61bc3a94fe#0:FAIL-t441, 7c431f9d-51bc-458b-a3a6-511ec217d887<-b9cfa588-8e56-4331-be2f-4c26f25c6739#0:FAIL-t441] and 0 exception(s); 7c431f9d-51bc-458b-a3a6-511ec217d887@group-21BA9BD4283D:t441, leader=null, voted=7c431f9d-51bc-458b-a3a6-511ec217d887, raftlog=7c431f9d-51bc-458b-a3a6-511ec217d887@group-21BA9BD4283D-SegmentedRaftLog:OPENED:c-1,f-1,i0, conf=-1: [67f35358-9777-4ff9-96f4-8a61bc3a94fe:192.168.34.62:37037, 7c431f9d-51bc-458b-a3a6-511ec217d887:192.168.34.62:40420, b9cfa588-8e56-4331-be2f-4c26f25c6739:192.168.34.62:34777], old=null
2019-10-17 06:48:31,192 [7c431f9d-51bc-458b-a3a6-511ec217d887@group-21BA9BD4283D-LeaderElection479] INFO  impl.RaftServerImpl (RaftServerImpl.java:setRole(184)) - 7c431f9d-51bc-458b-a3a6-511ec217d887@group-21BA9BD4283D: changes role from CANDIDATE to FOLLOWER at term 441 for DISCOVERED_A_NEW_TERM
2019-10-17 06:48:31,192 [7c431f9d-51bc-458b-a3a6-511ec217d887@group-21BA9BD4283D-LeaderElection479] INFO  impl.RoleInfo (RoleInfo.java:shutdownLeaderElection(134)) - 7c431f9d-51bc-458b-a3a6-511ec217d887: shutdown LeaderElection
2019-10-17 06:48:31,192 [7c431f9d-51bc-458b-a3a6-511ec217d887@group-21BA9BD4283D-LeaderElection479] INFO  impl.RoleInfo (RoleInfo.java:updateAndGet(143)) - 7c431f9d-51bc-458b-a3a6-511ec217d887: start FollowerState
2019-10-17 06:48:31,198 [Thread-3889] INFO  impl.FollowerState (FollowerState.java:run(108)) - 7c431f9d-51bc-458b-a3a6-511ec217d887@group-21BA9BD4283D-FollowerState: change to CANDIDATE, lastRpcTime:6ms, electionTimeout:6ms
2019-10-17 06:48:31,198 [Thread-3889] INFO  impl.RoleInfo (RoleInfo.java:shutdownFollowerState(121)) - 7c431f9d-51bc-458b-a3a6-511ec217d887: shutdown FollowerState
2019-10-17 06:48:31,198 [Thread-3889] INFO  impl.RaftServerImpl (RaftServerImpl.java:setRole(184)) - 7c431f9d-51bc-458b-a3a6-511ec217d887@group-21BA9BD4283D: changes role from  FOLLOWER to CANDIDATE at term 441 for changeToCandidate
2019-10-17 06:48:31,198 [Thread-3889] INFO  impl.RoleInfo (RoleInfo.java:updateAndGet(143)) - 7c431f9d-51bc-458b-a3a6-511ec217d887: start LeaderElection
2019-10-17 06:48:31,207 [7c431f9d-51bc-458b-a3a6-511ec217d887@group-21BA9BD4283D-LeaderElection480] INFO  impl.LeaderElection (LeaderElection.java:askForVotes(178)) - 7c431f9d-51bc-458b-a3a6-511ec217d887@group-21BA9BD4283D-LeaderElection480: begin an election at term 442 for -1: [67f35358-9777-4ff9-96f4-8a61bc3a94fe:192.168.34.62:37037, 7c431f9d-51bc-458b-a3a6-511ec217d887:192.168.34.62:40420, b9cfa588-8e56-4331-be2f-4c26f25c6739:192.168.34.62:34777], old=null
2019-10-17 06:48:31,208 [grpc-default-executor-2] INFO  impl.RaftServerImpl (RaftServerImpl.java:setRole(184)) - 67f35358-9777-4ff9-96f4-8a61bc3a94fe@group-21BA9BD4283D: changes role from  FOLLOWER to FOLLOWER at term 442 for recognizeCandidate:7c431f9d-51bc-458b-a3a6-511ec217d887
2019-10-17 06:48:31,208 [grpc-default-executor-1] INFO  impl.RaftServerImpl (RaftServerImpl.java:setRole(184)) - b9cfa588-8e56-4331-be2f-4c26f25c6739@group-21BA9BD4283D: changes role from  FOLLOWER to FOLLOWER at term 442 for recognizeCandidate:7c431f9d-51bc-458b-a3a6-511ec217d887
2019-10-17 06:48:31,208 [grpc-default-executor-1] INFO  impl.RoleInfo (RoleInfo.java:shutdownFollowerState(121)) - b9cfa588-8e56-4331-be2f-4c26f25c6739: shutdown FollowerState
2019-10-17 06:48:31,208 [grpc-default-executor-1] INFO  impl.RoleInfo (RoleInfo.java:updateAndGet(143)) - b9cfa588-8e56-4331-be2f-4c26f25c6739: start FollowerState
2019-10-17 06:48:31,208 [grpc-default-executor-2] INFO  impl.RoleInfo (RoleInfo.java:shutdownFollowerState(121)) - 67f35358-9777-4ff9-96f4-8a61bc3a94fe: shutdown FollowerState
2019-10-17 06:48:31,208 [Thread-3887] INFO  impl.FollowerState (FollowerState.java:run(117)) - b9cfa588-8e56-4331-be2f-4c26f25c6739@group-21BA9BD4283D-FollowerState was interrupted: java.lang.InterruptedException: sleep interrupted
2019-10-17 06:48:31,208 [Thread-3888] INFO  impl.FollowerState (FollowerState.java:run(117)) - 67f35358-9777-4ff9-96f4-8a61bc3a94fe@group-21BA9BD4283D-FollowerState was interrupted: java.lang.InterruptedException: sleep interrupted
2019-10-17 06:48:31,208 [grpc-default-executor-2] INFO  impl.RoleInfo (RoleInfo.java:updateAndGet(143)) - 67f35358-9777-4ff9-96f4-8a61bc3a94fe: start FollowerState
2019-10-17 06:48:31,221 [7c431f9d-51bc-458b-a3a6-511ec217d887@group-21BA9BD4283D-LeaderElection480] INFO  impl.LeaderElection (LeaderElection.java:logAndReturn(56)) - 7c431f9d-51bc-458b-a3a6-511ec217d887@group-21BA9BD4283D-LeaderElection480: Election REJECTED; received 2 response(s) [7c431f9d-51bc-458b-a3a6-511ec217d887<-67f35358-9777-4ff9-96f4-8a61bc3a94fe#0:FAIL-t442, 7c431f9d-51bc-458b-a3a6-511ec217d887<-b9cfa588-8e56-4331-be2f-4c26f25c6739#0:FAIL-t442] and 0 exception(s); 7c431f9d-51bc-458b-a3a6-511ec217d887@group-21BA9BD4283D:t442, leader=null, voted=7c431f9d-51bc-458b-a3a6-511ec217d887, raftlog=7c431f9d-51bc-458b-a3a6-511ec217d887@group-21BA9BD4283D-SegmentedRaftLog:OPENED:c-1,f-1,i0, conf=-1: [67f35358-9777-4ff9-96f4-8a61bc3a94fe:192.168.34.62:37037, 7c431f9d-51bc-458b-a3a6-511ec217d887:192.168.34.62:40420, b9cfa588-8e56-4331-be2f-4c26f25c6739:192.168.34.62:34777], old=null
2019-10-17 06:48:31,221 [7c431f9d-51bc-458b-a3a6-511ec217d887@group-21BA9BD4283D-LeaderElection480] INFO  impl.RaftServerImpl (RaftServerImpl.java:setRole(184)) - 7c431f9d-51bc-458b-a3a6-511ec217d887@group-21BA9BD4283D: changes role from CANDIDATE to FOLLOWER at term 442 for DISCOVERED_A_NEW_TERM
2019-10-17 06:48:31,221 [7c431f9d-51bc-458b-a3a6-511ec217d887@group-21BA9BD4283D-LeaderElection480] INFO  impl.RoleInfo (RoleInfo.java:shutdownLeaderElection(134)) - 7c431f9d-51bc-458b-a3a6-511ec217d887: shutdown LeaderElection
2019-10-17 06:48:31,221 [7c431f9d-51bc-458b-a3a6-511ec217d887@group-21BA9BD4283D-LeaderElection480] INFO  impl.RoleInfo (RoleInfo.java:updateAndGet(143)) - 7c431f9d-51bc-458b-a3a6-511ec217d887: start FollowerState
2019-10-17 06:48:31,270 [Thread-3895] INFO  impl.FollowerState (FollowerState.java:run(108)) - 7c431f9d-51bc-458b-a3a6-511ec217d887@group-21BA9BD4283D-FollowerState: change to CANDIDATE, lastRpcTime:49ms, electionTimeout:49ms
2019-10-17 06:48:31,270 [Thread-3895] INFO  impl.RoleInfo (RoleInfo.java:shutdownFollowerState(121)) - 7c431f9d-51bc-458b-a3a6-511ec217d887: shutdown FollowerState
2019-10-17 06:48:31,270 [Thread-3895] INFO  impl.RaftServerImpl (RaftServerImpl.java:setRole(184)) - 7c431f9d-51bc-458b-a3a6-511ec217d887@group-21BA9BD4283D: changes role from  FOLLOWER to CANDIDATE at term 442 for changeToCandidate
2019-10-17 06:48:31,271 [Thread-3895] INFO  impl.RoleInfo (RoleInfo.java:updateAndGet(143)) - 7c431f9d-51bc-458b-a3a6-511ec217d887: start LeaderElection
2019-10-17 06:48:31,292 [7c431f9d-51bc-458b-a3a6-511ec217d887@group-21BA9BD4283D-LeaderElection481] INFO  impl.LeaderElection (LeaderElection.java:askForVotes(178)) - 7c431f9d-51bc-458b-a3a6-511ec217d887@group-21BA9BD4283D-LeaderElection481: begin an election at term 443 for -1: [67f35358-9777-4ff9-96f4-8a61bc3a94fe:192.168.34.62:37037, 7c431f9d-51bc-458b-a3a6-511ec217d887:192.168.34.62:40420, b9cfa588-8e56-4331-be2f-4c26f25c6739:192.168.34.62:34777], old=null
2019-10-17 06:48:31,294 [grpc-default-executor-1] INFO  impl.RaftServerImpl (RaftServerImpl.java:setRole(184)) - 67f35358-9777-4ff9-96f4-8a61bc3a94fe@group-21BA9BD4283D: changes role from  FOLLOWER to FOLLOWER at term 443 for recognizeCandidate:7c431f9d-51bc-458b-a3a6-511ec217d887
2019-10-17 06:48:31,294 [grpc-default-executor-2] INFO  impl.RaftServerImpl (RaftServerImpl.java:setRole(184)) - b9cfa588-8e56-4331-be2f-4c26f25c6739@group-21BA9BD4283D: changes role from  FOLLOWER to FOLLOWER at term 443 for recognizeCandidate:7c431f9d-51bc-458b-a3a6-511ec217d887
2019-10-17 06:48:31,294 [grpc-default-executor-2] INFO  impl.RoleInfo (RoleInfo.java:shutdownFollowerState(121)) - b9cfa588-8e56-4331-be2f-4c26f25c6739: shutdown FollowerState
2019-10-17 06:48:31,294 [grpc-default-executor-1] INFO  impl.RoleInfo (RoleInfo.java:shutdownFollowerState(121)) - 67f35358-9777-4ff9-96f4-8a61bc3a94fe: shutdown FollowerState
2019-10-17 06:48:31,294 [Thread-3893] INFO  impl.FollowerState (FollowerState.java:run(117)) - b9cfa588-8e56-4331-be2f-4c26f25c6739@group-21BA9BD4283D-FollowerState was interrupted: java.lang.InterruptedException: sleep interrupted
2019-10-17 06:48:31,294 [grpc-default-executor-2] INFO  impl.RoleInfo (RoleInfo.java:updateAndGet(143)) - b9cfa588-8e56-4331-be2f-4c26f25c6739: start FollowerState
2019-10-17 06:48:31,294 [Thread-3894] INFO  impl.FollowerState (FollowerState.java:run(117)) - 67f35358-9777-4ff9-96f4-8a61bc3a94fe@group-21BA9BD4283D-FollowerState was interrupted: java.lang.InterruptedException: sleep interrupted
2019-10-17 06:48:31,294 [grpc-default-executor-1] INFO  impl.RoleInfo (RoleInfo.java:updateAndGet(143)) - 67f35358-9777-4ff9-96f4-8a61bc3a94fe: start FollowerState
2019-10-17 06:48:31,321 [7c431f9d-51bc-458b-a3a6-511ec217d887@group-21BA9BD4283D-LeaderElection481] INFO  impl.LeaderElection (LeaderElection.java:logAndReturn(56)) - 7c431f9d-51bc-458b-a3a6-511ec217d887@group-21BA9BD4283D-LeaderElection481: Election REJECTED; received 2 response(s) [7c431f9d-51bc-458b-a3a6-511ec217d887<-67f35358-9777-4ff9-96f4-8a61bc3a94fe#0:FAIL-t443, 7c431f9d-51bc-458b-a3a6-511ec217d887<-b9cfa588-8e56-4331-be2f-4c26f25c6739#0:FAIL-t443] and 0 exception(s); 7c431f9d-51bc-458b-a3a6-511ec217d887@group-21BA9BD4283D:t443, leader=null, voted=7c431f9d-51bc-458b-a3a6-511ec217d887, raftlog=7c431f9d-51bc-458b-a3a6-511ec217d887@group-21BA9BD4283D-SegmentedRaftLog:OPENED:c-1,f-1,i0, conf=-1: [67f35358-9777-4ff9-96f4-8a61bc3a94fe:192.168.34.62:37037, 7c431f9d-51bc-458b-a3a6-511ec217d887:192.168.34.62:40420, b9cfa588-8e56-4331-be2f-4c26f25c6739:192.168.34.62:34777], old=null
2019-10-17 06:48:31,321 [7c431f9d-51bc-458b-a3a6-511ec217d887@group-21BA9BD4283D-LeaderElection481] INFO  impl.RaftServerImpl (RaftServerImpl.java:setRole(184)) - 7c431f9d-51bc-458b-a3a6-511ec217d887@group-21BA9BD4283D: changes role from CANDIDATE to FOLLOWER at term 443 for DISCOVERED_A_NEW_TERM
2019-10-17 06:48:31,321 [7c431f9d-51bc-458b-a3a6-511ec217d887@group-21BA9BD4283D-LeaderElection481] INFO  impl.RoleInfo (RoleInfo.java:shutdownLeaderElection(134)) - 7c431f9d-51bc-458b-a3a6-511ec217d887: shutdown LeaderElection
2019-10-17 06:48:31,322 [7c431f9d-51bc-458b-a3a6-511ec217d887@group-21BA9BD4283D-LeaderElection481] INFO  impl.RoleInfo (RoleInfo.java:updateAndGet(143)) - 7c431f9d-51bc-458b-a3a6-511ec217d887: start FollowerState
2019-10-17 06:48:31,418 [Thread-3901] INFO  impl.FollowerState (FollowerState.java:run(108)) - 7c431f9d-51bc-458b-a3a6-511ec217d887@group-21BA9BD4283D-FollowerState: change to CANDIDATE, lastRpcTime:96ms, electionTimeout:96ms
2019-10-17 06:48:31,418 [Thread-3901] INFO  impl.RoleInfo (RoleInfo.java:shutdownFollowerState(121)) - 7c431f9d-51bc-458b-a3a6-511ec217d887: shutdown FollowerState
2019-10-17 06:48:31,418 [Thread-3901] INFO  impl.RaftServerImpl (RaftServerImpl.java:setRole(184)) - 7c431f9d-51bc-458b-a3a6-511ec217d887@group-21BA9BD4283D: changes role from  FOLLOWER to CANDIDATE at term 443 for changeToCandidate
2019-10-17 06:48:31,418 [Thread-3901] INFO  impl.RoleInfo (RoleInfo.java:updateAndGet(143)) - 7c431f9d-51bc-458b-a3a6-511ec217d887: start LeaderElection
2019-10-17 06:48:31,441 [7c431f9d-51bc-458b-a3a6-511ec217d887@group-21BA9BD4283D-LeaderElection482] INFO  impl.LeaderElection (LeaderElection.java:askForVotes(178)) - 7c431f9d-51bc-458b-a3a6-511ec217d887@group-21BA9BD4283D-LeaderElection482: begin an election at term 444 for -1: [67f35358-9777-4ff9-96f4-8a61bc3a94fe:192.168.34.62:37037, 7c431f9d-51bc-458b-a3a6-511ec217d887:192.168.34.62:40420, b9cfa588-8e56-4331-be2f-4c26f25c6739:192.168.34.62:34777], old=null
2019-10-17 06:48:31,443 [grpc-default-executor-2] INFO  impl.RaftServerImpl (RaftServerImpl.java:setRole(184)) - 67f35358-9777-4ff9-96f4-8a61bc3a94fe@group-21BA9BD4283D: changes role from  FOLLOWER to FOLLOWER at term 444 for recognizeCandidate:7c431f9d-51bc-458b-a3a6-511ec217d887
2019-10-17 06:48:31,443 [grpc-default-executor-1] INFO  impl.RaftServerImpl (RaftServerImpl.java:setRole(184)) - b9cfa588-8e56-4331-be2f-4c26f25c6739@group-21BA9BD4283D: changes role from  FOLLOWER to FOLLOWER at term 444 for recognizeCandidate:7c431f9d-51bc-458b-a3a6-511ec217d887
2019-10-17 06:48:31,443 [grpc-default-executor-2] INFO  impl.RoleInfo (RoleInfo.java:shutdownFollowerState(121)) - 67f35358-9777-4ff9-96f4-8a61bc3a94fe: shutdown FollowerState
2019-10-17 06:48:31,443 [grpc-default-executor-1] INFO  impl.RoleInfo (RoleInfo.java:shutdownFollowerState(121)) - b9cfa588-8e56-4331-be2f-4c26f25c6739: shutdown FollowerState
2019-10-17 06:48:31,443 [Thread-3900] INFO  impl.FollowerState (FollowerState.java:run(117)) - 67f35358-9777-4ff9-96f4-8a61bc3a94fe@group-21BA9BD4283D-FollowerState was interrupted: java.lang.InterruptedException: sleep interrupted
2019-10-17 06:48:31,443 [grpc-default-executor-2] INFO  impl.RoleInfo (RoleInfo.java:updateAndGet(143)) - 67f35358-9777-4ff9-96f4-8a61bc3a94fe: start FollowerState
2019-10-17 06:48:31,443 [Thread-3899] INFO  impl.FollowerState (FollowerState.java:run(117)) - b9cfa588-8e56-4331-be2f-4c26f25c6739@group-21BA9BD4283D-FollowerState was interrupted: java.lang.InterruptedException: sleep interrupted
2019-10-17 06:48:31,443 [grpc-default-executor-1] INFO  impl.RoleInfo (RoleInfo.java:updateAndGet(143)) - b9cfa588-8e56-4331-be2f-4c26f25c6739: start FollowerState
2019-10-17 06:48:31,463 [7c431f9d-51bc-458b-a3a6-511ec217d887@group-21BA9BD4283D-LeaderElection482] INFO  impl.LeaderElection (LeaderElection.java:logAndReturn(56)) - 7c431f9d-51bc-458b-a3a6-511ec217d887@group-21BA9BD4283D-LeaderElection482: Election REJECTED; received 2 response(s) [7c431f9d-51bc-458b-a3a6-511ec217d887<-67f35358-9777-4ff9-96f4-8a61bc3a94fe#0:FAIL-t444, 7c431f9d-51bc-458b-a3a6-511ec217d887<-b9cfa588-8e56-4331-be2f-4c26f25c6739#0:FAIL-t444] and 0 exception(s); 7c431f9d-51bc-458b-a3a6-511ec217d887@group-21BA9BD4283D:t444, leader=null, voted=7c431f9d-51bc-458b-a3a6-511ec217d887, raftlog=7c431f9d-51bc-458b-a3a6-511ec217d887@group-21BA9BD4283D-SegmentedRaftLog:OPENED:c-1,f-1,i0, conf=-1: [67f35358-9777-4ff9-96f4-8a61bc3a94fe:192.168.34.62:37037, 7c431f9d-51bc-458b-a3a6-511ec217d887:192.168.34.62:40420, b9cfa588-8e56-4331-be2f-4c26f25c6739:192.168.34.62:34777], old=null
2019-10-17 06:48:31,463 [7c431f9d-51bc-458b-a3a6-511ec217d887@group-21BA9BD4283D-LeaderElection482] INFO  impl.RaftServerImpl (RaftServerImpl.java:setRole(184)) - 7c431f9d-51bc-458b-a3a6-511ec217d887@group-21BA9BD4283D: changes role from CANDIDATE to FOLLOWER at term 444 for DISCOVERED_A_NEW_TERM
2019-10-17 06:48:31,463 [7c431f9d-51bc-458b-a3a6-511ec217d887@group-21BA9BD4283D-LeaderElection482] INFO  impl.RoleInfo (RoleInfo.java:shutdownLeaderElection(134)) - 7c431f9d-51bc-458b-a3a6-511ec217d887: shutdown LeaderElection
2019-10-17 06:48:31,464 [7c431f9d-51bc-458b-a3a6-511ec217d887@group-21BA9BD4283D-LeaderElection482] INFO  impl.RoleInfo (RoleInfo.java:updateAndGet(143)) - 7c431f9d-51bc-458b-a3a6-511ec217d887: start FollowerState
2019-10-17 06:48:31,657 [Thread-3907] INFO  impl.FollowerState (FollowerState.java:run(108)) - 7c431f9d-51bc-458b-a3a6-511ec217d887@group-21BA9BD4283D-FollowerState: change to CANDIDATE, lastRpcTime:193ms, electionTimeout:193ms
2019-10-17 06:48:31,657 [Thread-3907] INFO  impl.RoleInfo (RoleInfo.java:shutdownFollowerState(121)) - 7c431f9d-51bc-458b-a3a6-511ec217d887: shutdown FollowerState
2019-10-17 06:48:31,657 [Thread-3907] INFO  impl.RaftServerImpl (RaftServerImpl.java:setRole(184)) - 7c431f9d-51bc-458b-a3a6-511ec217d887@group-21BA9BD4283D: changes role from  FOLLOWER to CANDIDATE at term 444 for changeToCandidate
2019-10-17 06:48:31,657 [Thread-3907] INFO  impl.RoleInfo (RoleInfo.java:updateAndGet(143)) - 7c431f9d-51bc-458b-a3a6-511ec217d887: start LeaderElection
2019-10-17 06:48:31,671 [7c431f9d-51bc-458b-a3a6-511ec217d887@group-21BA9BD4283D-LeaderElection483] INFO  impl.LeaderElection (LeaderElection.java:askForVotes(178)) - 7c431f9d-51bc-458b-a3a6-511ec217d887@group-21BA9BD4283D-LeaderElection483: begin an election at term 445 for -1: [67f35358-9777-4ff9-96f4-8a61bc3a94fe:192.168.34.62:37037, 7c431f9d-51bc-458b-a3a6-511ec217d887:192.168.34.62:40420, b9cfa588-8e56-4331-be2f-4c26f25c6739:192.168.34.62:34777], old=null
2019-10-17 06:48:31,672 [grpc-default-executor-1] INFO  impl.RaftServerImpl (RaftServerImpl.java:setRole(184)) - b9cfa588-8e56-4331-be2f-4c26f25c6739@group-21BA9BD4283D: changes role from  FOLLOWER to FOLLOWER at term 445 for recognizeCandidate:7c431f9d-51bc-458b-a3a6-511ec217d887
2019-10-17 06:48:31,672 [grpc-default-executor-1] INFO  impl.RoleInfo (RoleInfo.java:shutdownFollowerState(121)) - b9cfa588-8e56-4331-be2f-4c26f25c6739: shutdown FollowerState
2019-10-17 06:48:31,672 [grpc-default-executor-2] INFO  impl.RaftServerImpl (RaftServerImpl.java:setRole(184)) - 67f35358-9777-4ff9-96f4-8a61bc3a94fe@group-21BA9BD4283D: changes role from  FOLLOWER to FOLLOWER at term 445 for recognizeCandidate:7c431f9d-51bc-458b-a3a6-511ec217d887
2019-10-17 06:48:31,673 [grpc-default-executor-2] INFO  impl.RoleInfo (RoleInfo.java:shutdownFollowerState(121)) - 67f35358-9777-4ff9-96f4-8a61bc3a94fe: shutdown FollowerState
2019-10-17 06:48:31,673 [Thread-3906] INFO  impl.FollowerState (FollowerState.java:run(117)) - b9cfa588-8e56-4331-be2f-4c26f25c6739@group-21BA9BD4283D-FollowerState was interrupted: java.lang.InterruptedException: sleep interrupted
2019-10-17 06:48:31,673 [grpc-default-executor-1] INFO  impl.RoleInfo (RoleInfo.java:updateAndGet(143)) - b9cfa588-8e56-4331-be2f-4c26f25c6739: start FollowerState
2019-10-17 06:48:31,673 [Thread-3905] INFO  impl.FollowerState (FollowerState.java:run(117)) - 67f35358-9777-4ff9-96f4-8a61bc3a94fe@group-21BA9BD4283D-FollowerState was interrupted: java.lang.InterruptedException: sleep interrupted
2019-10-17 06:48:31,673 [grpc-default-executor-2] INFO  impl.RoleInfo (RoleInfo.java:updateAndGet(143)) - 67f35358-9777-4ff9-96f4-8a61bc3a94fe: start FollowerState
2019-10-17 06:48:31,696 [7c431f9d-51bc-458b-a3a6-511ec217d887@group-21BA9BD4283D-LeaderElection483] INFO  impl.LeaderElection (LeaderElection.java:logAndReturn(56)) - 7c431f9d-51bc-458b-a3a6-511ec217d887@group-21BA9BD4283D-LeaderElection483: Election REJECTED; received 2 response(s) [7c431f9d-51bc-458b-a3a6-511ec217d887<-67f35358-9777-4ff9-96f4-8a61bc3a94fe#0:FAIL-t445, 7c431f9d-51bc-458b-a3a6-511ec217d887<-b9cfa588-8e56-4331-be2f-4c26f25c6739#0:FAIL-t445] and 0 exception(s); 7c431f9d-51bc-458b-a3a6-511ec217d887@group-21BA9BD4283D:t445, leader=null, voted=7c431f9d-51bc-458b-a3a6-511ec217d887, raftlog=7c431f9d-51bc-458b-a3a6-511ec217d887@group-21BA9BD4283D-SegmentedRaftLog:OPENED:c-1,f-1,i0, conf=-1: [67f35358-9777-4ff9-96f4-8a61bc3a94fe:192.168.34.62:37037, 7c431f9d-51bc-458b-a3a6-511ec217d887:192.168.34.62:40420, b9cfa588-8e56-4331-be2f-4c26f25c6739:192.168.34.62:34777], old=null
2019-10-17 06:48:31,696 [7c431f9d-51bc-458b-a3a6-511ec217d887@group-21BA9BD4283D-LeaderElection483] INFO  impl.RaftServerImpl (RaftServerImpl.java:setRole(184)) - 7c431f9d-51bc-458b-a3a6-511ec217d887@group-21BA9BD4283D: changes role from CANDIDATE to FOLLOWER at term 445 for DISCOVERED_A_NEW_TERM
2019-10-17 06:48:31,696 [7c431f9d-51bc-458b-a3a6-511ec217d887@group-21BA9BD4283D-LeaderElection483] INFO  impl.RoleInfo (RoleInfo.java:shutdownLeaderElection(134)) - 7c431f9d-51bc-458b-a3a6-511ec217d887: shutdown LeaderElection
2019-10-17 06:48:31,696 [7c431f9d-51bc-458b-a3a6-511ec217d887@group-21BA9BD4283D-LeaderElection483] INFO  impl.RoleInfo (RoleInfo.java:updateAndGet(143)) - 7c431f9d-51bc-458b-a3a6-511ec217d887: start FollowerState
2019-10-17 06:48:31,739 [Thread-3913] INFO  impl.FollowerState (FollowerState.java:run(108)) - 7c431f9d-51bc-458b-a3a6-511ec217d887@group-21BA9BD4283D-FollowerState: change to CANDIDATE, lastRpcTime:42ms, electionTimeout:42ms
2019-10-17 06:48:31,739 [Thread-3913] INFO  impl.RoleInfo (RoleInfo.java:shutdownFollowerState(121)) - 7c431f9d-51bc-458b-a3a6-511ec217d887: shutdown FollowerState
2019-10-17 06:48:31,739 [Thread-3913] INFO  impl.RaftServerImpl (RaftServerImpl.java:setRole(184)) - 7c431f9d-51bc-458b-a3a6-511ec217d887@group-21BA9BD4283D: changes role from  FOLLOWER to CANDIDATE at term 445 for changeToCandidate
2019-10-17 06:48:31,739 [Thread-3913] INFO  impl.RoleInfo (RoleInfo.java:updateAndGet(143)) - 7c431f9d-51bc-458b-a3a6-511ec217d887: start LeaderElection
2019-10-17 06:48:31,761 [7c431f9d-51bc-458b-a3a6-511ec217d887@group-21BA9BD4283D-LeaderElection484] INFO  impl.LeaderElection (LeaderElection.java:askForVotes(178)) - 7c431f9d-51bc-458b-a3a6-511ec217d887@group-21BA9BD4283D-LeaderElection484: begin an election at term 446 for -1: [67f35358-9777-4ff9-96f4-8a61bc3a94fe:192.168.34.62:37037, 7c431f9d-51bc-458b-a3a6-511ec217d887:192.168.34.62:40420, b9cfa588-8e56-4331-be2f-4c26f25c6739:192.168.34.62:34777], old=null
2019-10-17 06:48:31,762 [grpc-default-executor-1] INFO  impl.RaftServerImpl (RaftServerImpl.java:setRole(184)) - 67f35358-9777-4ff9-96f4-8a61bc3a94fe@group-21BA9BD4283D: changes role from  FOLLOWER to FOLLOWER at term 446 for recognizeCandidate:7c431f9d-51bc-458b-a3a6-511ec217d887
2019-10-17 06:48:31,762 [grpc-default-executor-1] INFO  impl.RoleInfo (RoleInfo.java:shutdownFollowerState(121)) - 67f35358-9777-4ff9-96f4-8a61bc3a94fe: shutdown FollowerState
2019-10-17 06:48:31,762 [grpc-default-executor-1] INFO  impl.RoleInfo (RoleInfo.java:updateAndGet(143)) - 67f35358-9777-4ff9-96f4-8a61bc3a94fe: start FollowerState
2019-10-17 06:48:31,762 [grpc-default-executor-2] INFO  impl.RaftServerImpl (RaftServerImpl.java:setRole(184)) - b9cfa588-8e56-4331-be2f-4c26f25c6739@group-21BA9BD4283D: changes role from  FOLLOWER to FOLLOWER at term 446 for recognizeCandidate:7c431f9d-51bc-458b-a3a6-511ec217d887
2019-10-17 06:48:31,762 [grpc-default-executor-2] INFO  impl.RoleInfo (RoleInfo.java:shutdownFollowerState(121)) - b9cfa588-8e56-4331-be2f-4c26f25c6739: shutdown FollowerState
2019-10-17 06:48:31,762 [Thread-3912] INFO  impl.FollowerState (FollowerState.java:run(117)) - 67f35358-9777-4ff9-96f4-8a61bc3a94fe@group-21BA9BD4283D-FollowerState was interrupted: java.lang.InterruptedException: sleep interrupted
2019-10-17 06:48:31,762 [Thread-3911] INFO  impl.FollowerState (FollowerState.java:run(117)) - b9cfa588-8e56-4331-be2f-4c26f25c6739@group-21BA9BD4283D-FollowerState was interrupted: java.lang.InterruptedException: sleep interrupted
2019-10-17 06:48:31,762 [grpc-default-executor-2] INFO  impl.RoleInfo (RoleInfo.java:updateAndGet(143)) - b9cfa588-8e56-4331-be2f-4c26f25c6739: start FollowerState
2019-10-17 06:48:31,763 [7c431f9d-51bc-458b-a3a6-511ec217d887@group-21BA9BD4283D-LeaderElection484] INFO  impl.LeaderElection (LeaderElection.java:logAndReturn(56)) - 7c431f9d-51bc-458b-a3a6-511ec217d887@group-21BA9BD4283D-LeaderElection484: Election TIMEOUT; received 0 response(s) [] and 0 exception(s); 7c431f9d-51bc-458b-a3a6-511ec217d887@group-21BA9BD4283D:t446, leader=null, voted=7c431f9d-51bc-458b-a3a6-511ec217d887, raftlog=7c431f9d-51bc-458b-a3a6-511ec217d887@group-21BA9BD4283D-SegmentedRaftLog:OPENED:c-1,f-1,i0, conf=-1: [67f35358-9777-4ff9-96f4-8a61bc3a94fe:192.168.34.62:37037, 7c431f9d-51bc-458b-a3a6-511ec217d887:192.168.34.62:40420, b9cfa588-8e56-4331-be2f-4c26f25c6739:192.168.34.62:34777], old=null
2019-10-17 06:48:31,785 [7c431f9d-51bc-458b-a3a6-511ec217d887@group-21BA9BD4283D-LeaderElection484] INFO  impl.LeaderElection (LeaderElection.java:askForVotes(178)) - 7c431f9d-51bc-458b-a3a6-511ec217d887@group-21BA9BD4283D-LeaderElection484: begin an election at term 447 for -1: [67f35358-9777-4ff9-96f4-8a61bc3a94fe:192.168.34.62:37037, 7c431f9d-51bc-458b-a3a6-511ec217d887:192.168.34.62:40420, b9cfa588-8e56-4331-be2f-4c26f25c6739:192.168.34.62:34777], old=null
2019-10-17 06:48:31,787 [grpc-default-executor-2] INFO  impl.RaftServerImpl (RaftServerImpl.java:setRole(184)) - 67f35358-9777-4ff9-96f4-8a61bc3a94fe@group-21BA9BD4283D: changes role from  FOLLOWER to FOLLOWER at term 447 for recognizeCandidate:7c431f9d-51bc-458b-a3a6-511ec217d887
2019-10-17 06:48:31,787 [grpc-default-executor-2] INFO  impl.RoleInfo (RoleInfo.java:shutdownFollowerState(121)) - 67f35358-9777-4ff9-96f4-8a61bc3a94fe: shutdown FollowerState
2019-10-17 06:48:31,787 [grpc-default-executor-1] INFO  impl.RaftServerImpl (RaftServerImpl.java:setRole(184)) - b9cfa588-8e56-4331-be2f-4c26f25c6739@group-21BA9BD4283D: changes role from  FOLLOWER to FOLLOWER at term 447 for recognizeCandidate:7c431f9d-51bc-458b-a3a6-511ec217d887
2019-10-17 06:48:31,787 [Thread-3917] INFO  impl.FollowerState (FollowerState.java:run(117)) - 67f35358-9777-4ff9-96f4-8a61bc3a94fe@group-21BA9BD4283D-FollowerState was interrupted: java.lang.InterruptedException: sleep interrupted
2019-10-17 06:48:31,787 [grpc-default-executor-2] INFO  impl.RoleInfo (RoleInfo.java:updateAndGet(143)) - 67f35358-9777-4ff9-96f4-8a61bc3a94fe: start FollowerState
2019-10-17 06:48:31,787 [grpc-default-executor-1] INFO  impl.RoleInfo (RoleInfo.java:shutdownFollowerState(121)) - b9cfa588-8e56-4331-be2f-4c26f25c6739: shutdown FollowerState
2019-10-17 06:48:31,787 [grpc-default-executor-1] INFO  impl.RoleInfo (RoleInfo.java:updateAndGet(143)) - b9cfa588-8e56-4331-be2f-4c26f25c6739: start FollowerState
2019-10-17 06:48:31,787 [Thread-3918] INFO  impl.FollowerState (FollowerState.java:run(117)) - b9cfa588-8e56-4331-be2f-4c26f25c6739@group-21BA9BD4283D-FollowerState was interrupted: java.lang.InterruptedException: sleep interrupted
2019-10-17 06:48:31,810 [7c431f9d-51bc-458b-a3a6-511ec217d887@group-21BA9BD4283D-LeaderElection484] INFO  impl.LeaderElection (LeaderElection.java:logAndReturn(56)) - 7c431f9d-51bc-458b-a3a6-511ec217d887@group-21BA9BD4283D-LeaderElection484: Election REJECTED; received 2 response(s) [7c431f9d-51bc-458b-a3a6-511ec217d887<-67f35358-9777-4ff9-96f4-8a61bc3a94fe#0:FAIL-t447, 7c431f9d-51bc-458b-a3a6-511ec217d887<-b9cfa588-8e56-4331-be2f-4c26f25c6739#0:FAIL-t447] and 0 exception(s); 7c431f9d-51bc-458b-a3a6-511ec217d887@group-21BA9BD4283D:t447, leader=null, voted=7c431f9d-51bc-458b-a3a6-511ec217d887, raftlog=7c431f9d-51bc-458b-a3a6-511ec217d887@group-21BA9BD4283D-SegmentedRaftLog:OPENED:c-1,f-1,i0, conf=-1: [67f35358-9777-4ff9-96f4-8a61bc3a94fe:192.168.34.62:37037, 7c431f9d-51bc-458b-a3a6-511ec217d887:192.168.34.62:40420, b9cfa588-8e56-4331-be2f-4c26f25c6739:192.168.34.62:34777], old=null
2019-10-17 06:48:31,810 [7c431f9d-51bc-458b-a3a6-511ec217d887@group-21BA9BD4283D-LeaderElection484] INFO  impl.RaftServerImpl (RaftServerImpl.java:setRole(184)) - 7c431f9d-51bc-458b-a3a6-511ec217d887@group-21BA9BD4283D: changes role from CANDIDATE to FOLLOWER at term 447 for DISCOVERED_A_NEW_TERM
2019-10-17 06:48:31,810 [7c431f9d-51bc-458b-a3a6-511ec217d887@group-21BA9BD4283D-LeaderElection484] INFO  impl.RoleInfo (RoleInfo.java:shutdownLeaderElection(134)) - 7c431f9d-51bc-458b-a3a6-511ec217d887: shutdown LeaderElection
2019-10-17 06:48:31,810 [7c431f9d-51bc-458b-a3a6-511ec217d887@group-21BA9BD4283D-LeaderElection484] INFO  impl.RoleInfo (RoleInfo.java:updateAndGet(143)) - 7c431f9d-51bc-458b-a3a6-511ec217d887: start FollowerState
2019-10-17 06:48:31,967 [Thread-3923] INFO  impl.FollowerState (FollowerState.java:run(108)) - 7c431f9d-51bc-458b-a3a6-511ec217d887@group-21BA9BD4283D-FollowerState: change to CANDIDATE, lastRpcTime:156ms, electionTimeout:156ms
2019-10-17 06:48:31,967 [Thread-3923] INFO  impl.RoleInfo (RoleInfo.java:shutdownFollowerState(121)) - 7c431f9d-51bc-458b-a3a6-511ec217d887: shutdown FollowerState
2019-10-17 06:48:31,967 [Thread-3923] INFO  impl.RaftServerImpl (RaftServerImpl.java:setRole(184)) - 7c431f9d-51bc-458b-a3a6-511ec217d887@group-21BA9BD4283D: changes role from  FOLLOWER to CANDIDATE at term 447 for changeToCandidate
2019-10-17 06:48:31,967 [Thread-3923] INFO  impl.RoleInfo (RoleInfo.java:updateAndGet(143)) - 7c431f9d-51bc-458b-a3a6-511ec217d887: start LeaderElection
2019-10-17 06:48:31,978 [7c431f9d-51bc-458b-a3a6-511ec217d887@group-21BA9BD4283D-LeaderElection485] INFO  impl.LeaderElection (LeaderElection.java:askForVotes(178)) - 7c431f9d-51bc-458b-a3a6-511ec217d887@group-21BA9BD4283D-LeaderElection485: begin an election at term 448 for -1: [67f35358-9777-4ff9-96f4-8a61bc3a94fe:192.168.34.62:37037, 7c431f9d-51bc-458b-a3a6-511ec217d887:192.168.34.62:40420, b9cfa588-8e56-4331-be2f-4c26f25c6739:192.168.34.62:34777], old=null
2019-10-17 06:48:31,979 [grpc-default-executor-2] INFO  impl.RaftServerImpl (RaftServerImpl.java:setRole(184)) - b9cfa588-8e56-4331-be2f-4c26f25c6739@group-21BA9BD4283D: changes role from  FOLLOWER to FOLLOWER at term 448 for recognizeCandidate:7c431f9d-51bc-458b-a3a6-511ec217d887
2019-10-17 06:48:31,979 [grpc-default-executor-1] INFO  impl.RaftServerImpl (RaftServerImpl.java:setRole(184)) - 67f35358-9777-4ff9-96f4-8a61bc3a94fe@group-21BA9BD4283D: changes role from  FOLLOWER to FOLLOWER at term 448 for recognizeCandidate:7c431f9d-51bc-458b-a3a6-511ec217d887
2019-10-17 06:48:31,979 [grpc-default-executor-2] INFO  impl.RoleInfo (RoleInfo.java:shutdownFollowerState(121)) - b9cfa588-8e56-4331-be2f-4c26f25c6739: shutdown FollowerState
2019-10-17 06:48:31,979 [grpc-default-executor-1] INFO  impl.RoleInfo (RoleInfo.java:shutdownFollowerState(121)) - 67f35358-9777-4ff9-96f4-8a61bc3a94fe: shutdown FollowerState
2019-10-17 06:48:31,979 [grpc-default-executor-2] INFO  impl.RoleInfo (RoleInfo.java:updateAndGet(143)) - b9cfa588-8e56-4331-be2f-4c26f25c6739: start FollowerState
2019-10-17 06:48:31,980 [Thread-3921] INFO  impl.FollowerState (FollowerState.java:run(117)) - 67f35358-9777-4ff9-96f4-8a61bc3a94fe@group-21BA9BD4283D-FollowerState was interrupted: java.lang.InterruptedException: sleep interrupted
2019-10-17 06:48:31,980 [Thread-3922] INFO  impl.FollowerState (FollowerState.java:run(117)) - b9cfa588-8e56-4331-be2f-4c26f25c6739@group-21BA9BD4283D-FollowerState was interrupted: java.lang.InterruptedException: sleep interrupted
2019-10-17 06:48:31,980 [grpc-default-executor-1] INFO  impl.RoleInfo (RoleInfo.java:updateAndGet(143)) - 67f35358-9777-4ff9-96f4-8a61bc3a94fe: start FollowerState
2019-10-17 06:48:31,993 [7c431f9d-51bc-458b-a3a6-511ec217d887@group-21BA9BD4283D-LeaderElection485] INFO  impl.LeaderElection (LeaderElection.java:logAndReturn(56)) - 7c431f9d-51bc-458b-a3a6-511ec217d887@group-21BA9BD4283D-LeaderElection485: Election REJECTED; received 2 response(s) [7c431f9d-51bc-458b-a3a6-511ec217d887<-67f35358-9777-4ff9-96f4-8a61bc3a94fe#0:FAIL-t448, 7c431f9d-51bc-458b-a3a6-511ec217d887<-b9cfa588-8e56-4331-be2f-4c26f25c6739#0:FAIL-t448] and 0 exception(s); 7c431f9d-51bc-458b-a3a6-511ec217d887@group-21BA9BD4283D:t448, leader=null, voted=7c431f9d-51bc-458b-a3a6-511ec217d887, raftlog=7c431f9d-51bc-458b-a3a6-511ec217d887@group-21BA9BD4283D-SegmentedRaftLog:OPENED:c-1,f-1,i0, conf=-1: [67f35358-9777-4ff9-96f4-8a61bc3a94fe:192.168.34.62:37037, 7c431f9d-51bc-458b-a3a6-511ec217d887:192.168.34.62:40420, b9cfa588-8e56-4331-be2f-4c26f25c6739:192.168.34.62:34777], old=null
2019-10-17 06:48:31,993 [7c431f9d-51bc-458b-a3a6-511ec217d887@group-21BA9BD4283D-LeaderElection485] INFO  impl.RaftServerImpl (RaftServerImpl.java:setRole(184)) - 7c431f9d-51bc-458b-a3a6-511ec217d887@group-21BA9BD4283D: changes role from CANDIDATE to FOLLOWER at term 448 for DISCOVERED_A_NEW_TERM
2019-10-17 06:48:31,993 [7c431f9d-51bc-458b-a3a6-511ec217d887@group-21BA9BD4283D-LeaderElection485] INFO  impl.RoleInfo (RoleInfo.java:shutdownLeaderElection(134)) - 7c431f9d-51bc-458b-a3a6-511ec217d887: shutdown LeaderElection
2019-10-17 06:48:31,994 [7c431f9d-51bc-458b-a3a6-511ec217d887@group-21BA9BD4283D-LeaderElection485] INFO  impl.RoleInfo (RoleInfo.java:updateAndGet(143)) - 7c431f9d-51bc-458b-a3a6-511ec217d887: start FollowerState
2019-10-17 06:48:32,091 [Thread-3929] INFO  impl.FollowerState (FollowerState.java:run(108)) - 7c431f9d-51bc-458b-a3a6-511ec217d887@group-21BA9BD4283D-FollowerState: change to CANDIDATE, lastRpcTime:97ms, electionTimeout:97ms
2019-10-17 06:48:32,091 [Thread-3929] INFO  impl.RoleInfo (RoleInfo.java:shutdownFollowerState(121)) - 7c431f9d-51bc-458b-a3a6-511ec217d887: shutdown FollowerState
2019-10-17 06:48:32,091 [Thread-3929] INFO  impl.RaftServerImpl (RaftServerImpl.java:setRole(184)) - 7c431f9d-51bc-458b-a3a6-511ec217d887@group-21BA9BD4283D: changes role from  FOLLOWER to CANDIDATE at term 448 for changeToCandidate
2019-10-17 06:48:32,092 [Thread-3929] INFO  impl.RoleInfo (RoleInfo.java:updateAndGet(143)) - 7c431f9d-51bc-458b-a3a6-511ec217d887: start LeaderElection
2019-10-17 06:48:32,115 [7c431f9d-51bc-458b-a3a6-511ec217d887@group-21BA9BD4283D-LeaderElection486] INFO  impl.LeaderElection (LeaderElection.java:askForVotes(178)) - 7c431f9d-51bc-458b-a3a6-511ec217d887@group-21BA9BD4283D-LeaderElection486: begin an election at term 449 for -1: [67f35358-9777-4ff9-96f4-8a61bc3a94fe:192.168.34.62:37037, 7c431f9d-51bc-458b-a3a6-511ec217d887:192.168.34.62:40420, b9cfa588-8e56-4331-be2f-4c26f25c6739:192.168.34.62:34777], old=null
2019-10-17 06:48:32,116 [grpc-default-executor-1] INFO  impl.RaftServerImpl (RaftServerImpl.java:setRole(184)) - b9cfa588-8e56-4331-be2f-4c26f25c6739@group-21BA9BD4283D: changes role from  FOLLOWER to FOLLOWER at term 449 for recognizeCandidate:7c431f9d-51bc-458b-a3a6-511ec217d887
2019-10-17 06:48:32,117 [grpc-default-executor-1] INFO  impl.RoleInfo (RoleInfo.java:shutdownFollowerState(121)) - b9cfa588-8e56-4331-be2f-4c26f25c6739: shutdown FollowerState
2019-10-17 06:48:32,117 [grpc-default-executor-2] INFO  impl.RaftServerImpl (RaftServerImpl.java:setRole(184)) - 67f35358-9777-4ff9-96f4-8a61bc3a94fe@group-21BA9BD4283D: changes role from  FOLLOWER to FOLLOWER at term 449 for recognizeCandidate:7c431f9d-51bc-458b-a3a6-511ec217d887
2019-10-17 06:48:32,117 [Thread-3927] INFO  impl.FollowerState (FollowerState.java:run(117)) - b9cfa588-8e56-4331-be2f-4c26f25c6739@group-21BA9BD4283D-FollowerState was interrupted: java.lang.InterruptedException: sleep interrupted
2019-10-17 06:48:32,117 [grpc-default-executor-2] INFO  impl.RoleInfo (RoleInfo.java:shutdownFollowerState(121)) - 67f35358-9777-4ff9-96f4-8a61bc3a94fe: shutdown FollowerState
2019-10-17 06:48:32,117 [grpc-default-executor-1] INFO  impl.RoleInfo (RoleInfo.java:updateAndGet(143)) - b9cfa588-8e56-4331-be2f-4c26f25c6739: start FollowerState
2019-10-17 06:48:32,117 [Thread-3928] INFO  impl.FollowerState (FollowerState.java:run(117)) - 67f35358-9777-4ff9-96f4-8a61bc3a94fe@group-21BA9BD4283D-FollowerState was interrupted: java.lang.InterruptedException: sleep interrupted
2019-10-17 06:48:32,117 [grpc-default-executor-2] INFO  impl.RoleInfo (RoleInfo.java:updateAndGet(143)) - 67f35358-9777-4ff9-96f4-8a61bc3a94fe: start FollowerState
2019-10-17 06:48:32,131 [7c431f9d-51bc-458b-a3a6-511ec217d887@group-21BA9BD4283D-LeaderElection486] INFO  impl.LeaderElection (LeaderElection.java:logAndReturn(56)) - 7c431f9d-51bc-458b-a3a6-511ec217d887@group-21BA9BD4283D-LeaderElection486: Election REJECTED; received 2 response(s) [7c431f9d-51bc-458b-a3a6-511ec217d887<-67f35358-9777-4ff9-96f4-8a61bc3a94fe#0:FAIL-t449, 7c431f9d-51bc-458b-a3a6-511ec217d887<-b9cfa588-8e56-4331-be2f-4c26f25c6739#0:FAIL-t449] and 0 exception(s); 7c431f9d-51bc-458b-a3a6-511ec217d887@group-21BA9BD4283D:t449, leader=null, voted=7c431f9d-51bc-458b-a3a6-511ec217d887, raftlog=7c431f9d-51bc-458b-a3a6-511ec217d887@group-21BA9BD4283D-SegmentedRaftLog:OPENED:c-1,f-1,i0, conf=-1: [67f35358-9777-4ff9-96f4-8a61bc3a94fe:192.168.34.62:37037, 7c431f9d-51bc-458b-a3a6-511ec217d887:192.168.34.62:40420, b9cfa588-8e56-4331-be2f-4c26f25c6739:192.168.34.62:34777], old=null
2019-10-17 06:48:32,131 [7c431f9d-51bc-458b-a3a6-511ec217d887@group-21BA9BD4283D-LeaderElection486] INFO  impl.RaftServerImpl (RaftServerImpl.java:setRole(184)) - 7c431f9d-51bc-458b-a3a6-511ec217d887@group-21BA9BD4283D: changes role from CANDIDATE to FOLLOWER at term 449 for DISCOVERED_A_NEW_TERM
2019-10-17 06:48:32,131 [7c431f9d-51bc-458b-a3a6-511ec217d887@group-21BA9BD4283D-LeaderElection486] INFO  impl.RoleInfo (RoleInfo.java:shutdownLeaderElection(134)) - 7c431f9d-51bc-458b-a3a6-511ec217d887: shutdown LeaderElection
2019-10-17 06:48:32,131 [7c431f9d-51bc-458b-a3a6-511ec217d887@group-21BA9BD4283D-LeaderElection486] INFO  impl.RoleInfo (RoleInfo.java:updateAndGet(143)) - 7c431f9d-51bc-458b-a3a6-511ec217d887: start FollowerState
2019-10-17 06:48:32,320 [Thread-3935] INFO  impl.FollowerState (FollowerState.java:run(108)) - 7c431f9d-51bc-458b-a3a6-511ec217d887@group-21BA9BD4283D-FollowerState: change to CANDIDATE, lastRpcTime:189ms, electionTimeout:189ms
2019-10-17 06:48:32,321 [Thread-3935] INFO  impl.RoleInfo (RoleInfo.java:shutdownFollowerState(121)) - 7c431f9d-51bc-458b-a3a6-511ec217d887: shutdown FollowerState
2019-10-17 06:48:32,321 [Thread-3935] INFO  impl.RaftServerImpl (RaftServerImpl.java:setRole(184)) - 7c431f9d-51bc-458b-a3a6-511ec217d887@group-21BA9BD4283D: changes role from  FOLLOWER to CANDIDATE at term 449 for changeToCandidate
2019-10-17 06:48:32,321 [Thread-3935] INFO  impl.RoleInfo (RoleInfo.java:updateAndGet(143)) - 7c431f9d-51bc-458b-a3a6-511ec217d887: start LeaderElection
2019-10-17 06:48:32,393 [7c431f9d-51bc-458b-a3a6-511ec217d887@group-21BA9BD4283D-LeaderElection487] INFO  impl.LeaderElection (LeaderElection.java:askForVotes(178)) - 7c431f9d-51bc-458b-a3a6-511ec217d887@group-21BA9BD4283D-LeaderElection487: begin an election at term 450 for -1: [67f35358-9777-4ff9-96f4-8a61bc3a94fe:192.168.34.62:37037, 7c431f9d-51bc-458b-a3a6-511ec217d887:192.168.34.62:40420, b9cfa588-8e56-4331-be2f-4c26f25c6739:192.168.34.62:34777], old=null
2019-10-17 06:48:32,395 [grpc-default-executor-2] INFO  impl.RaftServerImpl (RaftServerImpl.java:setRole(184)) - b9cfa588-8e56-4331-be2f-4c26f25c6739@group-21BA9BD4283D: changes role from  FOLLOWER to FOLLOWER at term 450 for recognizeCandidate:7c431f9d-51bc-458b-a3a6-511ec217d887
2019-10-17 06:48:32,395 [grpc-default-executor-1] INFO  impl.RaftServerImpl (RaftServerImpl.java:setRole(184)) - 67f35358-9777-4ff9-96f4-8a61bc3a94fe@group-21BA9BD4283D: changes role from  FOLLOWER to FOLLOWER at term 450 for recognizeCandidate:7c431f9d-51bc-458b-a3a6-511ec217d887
2019-10-17 06:48:32,395 [grpc-default-executor-1] INFO  impl.RoleInfo (RoleInfo.java:shutdownFollowerState(121)) - 67f35358-9777-4ff9-96f4-8a61bc3a94fe: shutdown FollowerState
2019-10-17 06:48:32,395 [grpc-default-executor-2] INFO  impl.RoleInfo (RoleInfo.java:shutdownFollowerState(121)) - b9cfa588-8e56-4331-be2f-4c26f25c6739: shutdown FollowerState
2019-10-17 06:48:32,395 [Thread-3934] INFO  impl.FollowerState (FollowerState.java:run(117)) - 67f35358-9777-4ff9-96f4-8a61bc3a94fe@group-21BA9BD4283D-FollowerState was interrupted: java.lang.InterruptedException: sleep interrupted
2019-10-17 06:48:32,395 [grpc-default-executor-1] INFO  impl.RoleInfo (RoleInfo.java:updateAndGet(143)) - 67f35358-9777-4ff9-96f4-8a61bc3a94fe: start FollowerState
2019-10-17 06:48:32,396 [grpc-default-executor-2] INFO  impl.RoleInfo (RoleInfo.java:updateAndGet(143)) - b9cfa588-8e56-4331-be2f-4c26f25c6739: start FollowerState
2019-10-17 06:48:32,396 [Thread-3933] INFO  impl.FollowerState (FollowerState.java:run(117)) - b9cfa588-8e56-4331-be2f-4c26f25c6739@group-21BA9BD4283D-FollowerState was interrupted: java.lang.InterruptedException: sleep interrupted
2019-10-17 06:48:32,402 [7c431f9d-51bc-458b-a3a6-511ec217d887@group-21BA9BD4283D-LeaderElection487] INFO  impl.LeaderElection (LeaderElection.java:logAndReturn(56)) - 7c431f9d-51bc-458b-a3a6-511ec217d887@group-21BA9BD4283D-LeaderElection487: Election TIMEOUT; received 0 response(s) [] and 0 exception(s); 7c431f9d-51bc-458b-a3a6-511ec217d887@group-21BA9BD4283D:t450, leader=null, voted=7c431f9d-51bc-458b-a3a6-511ec217d887, raftlog=7c431f9d-51bc-458b-a3a6-511ec217d887@group-21BA9BD4283D-SegmentedRaftLog:OPENED:c-1,f-1,i0, conf=-1: [67f35358-9777-4ff9-96f4-8a61bc3a94fe:192.168.34.62:37037, 7c431f9d-51bc-458b-a3a6-511ec217d887:192.168.34.62:40420, b9cfa588-8e56-4331-be2f-4c26f25c6739:192.168.34.62:34777], old=null
2019-10-17 06:48:32,415 [7c431f9d-51bc-458b-a3a6-511ec217d887@group-21BA9BD4283D-LeaderElection487] INFO  impl.LeaderElection (LeaderElection.java:askForVotes(178)) - 7c431f9d-51bc-458b-a3a6-511ec217d887@group-21BA9BD4283D-LeaderElection487: begin an election at term 451 for -1: [67f35358-9777-4ff9-96f4-8a61bc3a94fe:192.168.34.62:37037, 7c431f9d-51bc-458b-a3a6-511ec217d887:192.168.34.62:40420, b9cfa588-8e56-4331-be2f-4c26f25c6739:192.168.34.62:34777], old=null
2019-10-17 06:48:32,416 [grpc-default-executor-2] INFO  impl.RaftServerImpl (RaftServerImpl.java:setRole(184)) - b9cfa588-8e56-4331-be2f-4c26f25c6739@group-21BA9BD4283D: changes role from  FOLLOWER to FOLLOWER at term 451 for recognizeCandidate:7c431f9d-51bc-458b-a3a6-511ec217d887
2019-10-17 06:48:32,416 [grpc-default-executor-2] INFO  impl.RoleInfo (RoleInfo.java:shutdownFollowerState(121)) - b9cfa588-8e56-4331-be2f-4c26f25c6739: shutdown FollowerState
2019-10-17 06:48:32,416 [grpc-default-executor-2] INFO  impl.RoleInfo (RoleInfo.java:updateAndGet(143)) - b9cfa588-8e56-4331-be2f-4c26f25c6739: start FollowerState
2019-10-17 06:48:32,416 [grpc-default-executor-1] INFO  impl.RaftServerImpl (RaftServerImpl.java:setRole(184)) - 67f35358-9777-4ff9-96f4-8a61bc3a94fe@group-21BA9BD4283D: changes role from  FOLLOWER to FOLLOWER at term 451 for recognizeCandidate:7c431f9d-51bc-458b-a3a6-511ec217d887
2019-10-17 06:48:32,416 [grpc-default-executor-1] INFO  impl.RoleInfo (RoleInfo.java:shutdownFollowerState(121)) - 67f35358-9777-4ff9-96f4-8a61bc3a94fe: shutdown FollowerState
2019-10-17 06:48:32,416 [Thread-3940] INFO  impl.FollowerState (FollowerState.java:run(117)) - b9cfa588-8e56-4331-be2f-4c26f25c6739@group-21BA9BD4283D-FollowerState was interrupted: java.lang.InterruptedException: sleep interrupted
2019-10-17 06:48:32,416 [grpc-default-executor-1] INFO  impl.RoleInfo (RoleInfo.java:updateAndGet(143)) - 67f35358-9777-4ff9-96f4-8a61bc3a94fe: start FollowerState
2019-10-17 06:48:32,417 [Thread-3939] INFO  impl.FollowerState (FollowerState.java:run(117)) - 67f35358-9777-4ff9-96f4-8a61bc3a94fe@group-21BA9BD4283D-FollowerState was interrupted: java.lang.InterruptedException: sleep interrupted
2019-10-17 06:48:32,425 [7c431f9d-51bc-458b-a3a6-511ec217d887@group-21BA9BD4283D-LeaderElection487] INFO  impl.LeaderElection (LeaderElection.java:logAndReturn(56)) - 7c431f9d-51bc-458b-a3a6-511ec217d887@group-21BA9BD4283D-LeaderElection487: Election REJECTED; received 2 response(s) [7c431f9d-51bc-458b-a3a6-511ec217d887<-67f35358-9777-4ff9-96f4-8a61bc3a94fe#0:FAIL-t451, 7c431f9d-51bc-458b-a3a6-511ec217d887<-b9cfa588-8e56-4331-be2f-4c26f25c6739#0:FAIL-t451] and 0 exception(s); 7c431f9d-51bc-458b-a3a6-511ec217d887@group-21BA9BD4283D:t451, leader=null, voted=7c431f9d-51bc-458b-a3a6-511ec217d887, raftlog=7c431f9d-51bc-458b-a3a6-511ec217d887@group-21BA9BD4283D-SegmentedRaftLog:OPENED:c-1,f-1,i0, conf=-1: [67f35358-9777-4ff9-96f4-8a61bc3a94fe:192.168.34.62:37037, 7c431f9d-51bc-458b-a3a6-511ec217d887:192.168.34.62:40420, b9cfa588-8e56-4331-be2f-4c26f25c6739:192.168.34.62:34777], old=null
2019-10-17 06:48:32,426 [7c431f9d-51bc-458b-a3a6-511ec217d887@group-21BA9BD4283D-LeaderElection487] INFO  impl.RaftServerImpl (RaftServerImpl.java:setRole(184)) - 7c431f9d-51bc-458b-a3a6-511ec217d887@group-21BA9BD4283D: changes role from CANDIDATE to FOLLOWER at term 451 for DISCOVERED_A_NEW_TERM
2019-10-17 06:48:32,426 [7c431f9d-51bc-458b-a3a6-511ec217d887@group-21BA9BD4283D-LeaderElection487] INFO  impl.RoleInfo (RoleInfo.java:shutdownLeaderElection(134)) - 7c431f9d-51bc-458b-a3a6-511ec217d887: shutdown LeaderElection
2019-10-17 06:48:32,426 [7c431f9d-51bc-458b-a3a6-511ec217d887@group-21BA9BD4283D-LeaderElection487] INFO  impl.RoleInfo (RoleInfo.java:updateAndGet(143)) - 7c431f9d-51bc-458b-a3a6-511ec217d887: start FollowerState
2019-10-17 06:48:32,605 [Thread-3945] INFO  impl.FollowerState (FollowerState.java:run(108)) - 7c431f9d-51bc-458b-a3a6-511ec217d887@group-21BA9BD4283D-FollowerState: change to CANDIDATE, lastRpcTime:179ms, electionTimeout:179ms
2019-10-17 06:48:32,605 [Thread-3945] INFO  impl.RoleInfo (RoleInfo.java:shutdownFollowerState(121)) - 7c431f9d-51bc-458b-a3a6-511ec217d887: shutdown FollowerState
2019-10-17 06:48:32,605 [Thread-3945] INFO  impl.RaftServerImpl (RaftServerImpl.java:setRole(184)) - 7c431f9d-51bc-458b-a3a6-511ec217d887@group-21BA9BD4283D: changes role from  FOLLOWER to CANDIDATE at term 451 for changeToCandidate
2019-10-17 06:48:32,606 [Thread-3945] INFO  impl.RoleInfo (RoleInfo.java:updateAndGet(143)) - 7c431f9d-51bc-458b-a3a6-511ec217d887: start LeaderElection
2019-10-17 06:48:32,612 [7c431f9d-51bc-458b-a3a6-511ec217d887@group-21BA9BD4283D-LeaderElection488] INFO  impl.LeaderElection (LeaderElection.java:askForVotes(178)) - 7c431f9d-51bc-458b-a3a6-511ec217d887@group-21BA9BD4283D-LeaderElection488: begin an election at term 452 for -1: [67f35358-9777-4ff9-96f4-8a61bc3a94fe:192.168.34.62:37037, 7c431f9d-51bc-458b-a3a6-511ec217d887:192.168.34.62:40420, b9cfa588-8e56-4331-be2f-4c26f25c6739:192.168.34.62:34777], old=null
2019-10-17 06:48:32,613 [grpc-default-executor-1] INFO  impl.RaftServerImpl (RaftServerImpl.java:setRole(184)) - 67f35358-9777-4ff9-96f4-8a61bc3a94fe@group-21BA9BD4283D: changes role from  FOLLOWER to FOLLOWER at term 452 for recognizeCandidate:7c431f9d-51bc-458b-a3a6-511ec217d887
2019-10-17 06:48:32,614 [grpc-default-executor-1] INFO  impl.RoleInfo (RoleInfo.java:shutdownFollowerState(121)) - 67f35358-9777-4ff9-96f4-8a61bc3a94fe: shutdown FollowerState
2019-10-17 06:48:32,614 [grpc-default-executor-1] INFO  impl.RoleInfo (RoleInfo.java:updateAndGet(143)) - 67f35358-9777-4ff9-96f4-8a61bc3a94fe: start FollowerState
2019-10-17 06:48:32,614 [Thread-3944] INFO  impl.FollowerState (FollowerState.java:run(117)) - 67f35358-9777-4ff9-96f4-8a61bc3a94fe@group-21BA9BD4283D-FollowerState was interrupted: java.lang.InterruptedException: sleep interrupted
2019-10-17 06:48:32,614 [grpc-default-executor-2] INFO  impl.RaftServerImpl (RaftServerImpl.java:setRole(184)) - b9cfa588-8e56-4331-be2f-4c26f25c6739@group-21BA9BD4283D: changes role from  FOLLOWER to FOLLOWER at term 452 for recognizeCandidate:7c431f9d-51bc-458b-a3a6-511ec217d887
2019-10-17 06:48:32,614 [grpc-default-executor-2] INFO  impl.RoleInfo (RoleInfo.java:shutdownFollowerState(121)) - b9cfa588-8e56-4331-be2f-4c26f25c6739: shutdown FollowerState
2019-10-17 06:48:32,614 [grpc-default-executor-2] INFO  impl.RoleInfo (RoleInfo.java:updateAndGet(143)) - b9cfa588-8e56-4331-be2f-4c26f25c6739: start FollowerState
2019-10-17 06:48:32,614 [Thread-3943] INFO  impl.FollowerState (FollowerState.java:run(117)) - b9cfa588-8e56-4331-be2f-4c26f25c6739@group-21BA9BD4283D-FollowerState was interrupted: java.lang.InterruptedException: sleep interrupted
2019-10-17 06:48:32,623 [7c431f9d-51bc-458b-a3a6-511ec217d887@group-21BA9BD4283D-LeaderElection488] INFO  impl.LeaderElection (LeaderElection.java:logAndReturn(56)) - 7c431f9d-51bc-458b-a3a6-511ec217d887@group-21BA9BD4283D-LeaderElection488: Election REJECTED; received 2 response(s) [7c431f9d-51bc-458b-a3a6-511ec217d887<-67f35358-9777-4ff9-96f4-8a61bc3a94fe#0:FAIL-t452, 7c431f9d-51bc-458b-a3a6-511ec217d887<-b9cfa588-8e56-4331-be2f-4c26f25c6739#0:FAIL-t452] and 0 exception(s); 7c431f9d-51bc-458b-a3a6-511ec217d887@group-21BA9BD4283D:t452, leader=null, voted=7c431f9d-51bc-458b-a3a6-511ec217d887, raftlog=7c431f9d-51bc-458b-a3a6-511ec217d887@group-21BA9BD4283D-SegmentedRaftLog:OPENED:c-1,f-1,i0, conf=-1: [67f35358-9777-4ff9-96f4-8a61bc3a94fe:192.168.34.62:37037, 7c431f9d-51bc-458b-a3a6-511ec217d887:192.168.34.62:40420, b9cfa588-8e56-4331-be2f-4c26f25c6739:192.168.34.62:34777], old=null
2019-10-17 06:48:32,623 [7c431f9d-51bc-458b-a3a6-511ec217d887@group-21BA9BD4283D-LeaderElection488] INFO  impl.RaftServerImpl (RaftServerImpl.java:setRole(184)) - 7c431f9d-51bc-458b-a3a6-511ec217d887@group-21BA9BD4283D: changes role from CANDIDATE to FOLLOWER at term 452 for DISCOVERED_A_NEW_TERM
2019-10-17 06:48:32,623 [7c431f9d-51bc-458b-a3a6-511ec217d887@group-21BA9BD4283D-LeaderElection488] INFO  impl.RoleInfo (RoleInfo.java:shutdownLeaderElection(134)) - 7c431f9d-51bc-458b-a3a6-511ec217d887: shutdown LeaderElection
2019-10-17 06:48:32,623 [7c431f9d-51bc-458b-a3a6-511ec217d887@group-21BA9BD4283D-LeaderElection488] INFO  impl.RoleInfo (RoleInfo.java:updateAndGet(143)) - 7c431f9d-51bc-458b-a3a6-511ec217d887: start FollowerState
2019-10-17 06:48:32,798 [Thread-3951] INFO  impl.FollowerState (FollowerState.java:run(108)) - 7c431f9d-51bc-458b-a3a6-511ec217d887@group-21BA9BD4283D-FollowerState: change to CANDIDATE, lastRpcTime:175ms, electionTimeout:175ms
2019-10-17 06:48:32,798 [Thread-3951] INFO  impl.RoleInfo (RoleInfo.java:shutdownFollowerState(121)) - 7c431f9d-51bc-458b-a3a6-511ec217d887: shutdown FollowerState
2019-10-17 06:48:32,798 [Thread-3951] INFO  impl.RaftServerImpl (RaftServerImpl.java:setRole(184)) - 7c431f9d-51bc-458b-a3a6-511ec217d887@group-21BA9BD4283D: changes role from  FOLLOWER to CANDIDATE at term 452 for changeToCandidate
2019-10-17 06:48:32,798 [Thread-3951] INFO  impl.RoleInfo (RoleInfo.java:updateAndGet(143)) - 7c431f9d-51bc-458b-a3a6-511ec217d887: start LeaderElection
2019-10-17 06:48:32,816 [7c431f9d-51bc-458b-a3a6-511ec217d887@group-21BA9BD4283D-LeaderElection489] INFO  impl.LeaderElection (LeaderElection.java:askForVotes(178)) - 7c431f9d-51bc-458b-a3a6-511ec217d887@group-21BA9BD4283D-LeaderElection489: begin an election at term 453 for -1: [67f35358-9777-4ff9-96f4-8a61bc3a94fe:192.168.34.62:37037, 7c431f9d-51bc-458b-a3a6-511ec217d887:192.168.34.62:40420, b9cfa588-8e56-4331-be2f-4c26f25c6739:192.168.34.62:34777], old=null
2019-10-17 06:48:32,817 [grpc-default-executor-1] INFO  impl.RaftServerImpl (RaftServerImpl.java:setRole(184)) - 67f35358-9777-4ff9-96f4-8a61bc3a94fe@group-21BA9BD4283D: changes role from  FOLLOWER to FOLLOWER at term 453 for recognizeCandidate:7c431f9d-51bc-458b-a3a6-511ec217d887
2019-10-17 06:48:32,817 [grpc-default-executor-1] INFO  impl.RoleInfo (RoleInfo.java:shutdownFollowerState(121)) - 67f35358-9777-4ff9-96f4-8a61bc3a94fe: shutdown FollowerState
2019-10-17 06:48:32,817 [grpc-default-executor-2] INFO  impl.RaftServerImpl (RaftServerImpl.java:setRole(184)) - b9cfa588-8e56-4331-be2f-4c26f25c6739@group-21BA9BD4283D: changes role from  FOLLOWER to FOLLOWER at term 453 for recognizeCandidate:7c431f9d-51bc-458b-a3a6-511ec217d887
2019-10-17 06:48:32,818 [grpc-default-executor-2] INFO  impl.RoleInfo (RoleInfo.java:shutdownFollowerState(121)) - b9cfa588-8e56-4331-be2f-4c26f25c6739: shutdown FollowerState
2019-10-17 06:48:32,818 [Thread-3949] INFO  impl.FollowerState (FollowerState.java:run(117)) - 67f35358-9777-4ff9-96f4-8a61bc3a94fe@group-21BA9BD4283D-FollowerState was interrupted: java.lang.InterruptedException: sleep interrupted
2019-10-17 06:48:32,817 [grpc-default-executor-1] INFO  impl.RoleInfo (RoleInfo.java:updateAndGet(143)) - 67f35358-9777-4ff9-96f4-8a61bc3a94fe: start FollowerState
2019-10-17 06:48:32,818 [Thread-3950] INFO  impl.FollowerState (FollowerState.java:run(117)) - b9cfa588-8e56-4331-be2f-4c26f25c6739@group-21BA9BD4283D-FollowerState was interrupted: java.lang.InterruptedException: sleep interrupted
2019-10-17 06:48:32,818 [grpc-default-executor-2] INFO  impl.RoleInfo (RoleInfo.java:updateAndGet(143)) - b9cfa588-8e56-4331-be2f-4c26f25c6739: start FollowerState
2019-10-17 06:48:32,834 [7c431f9d-51bc-458b-a3a6-511ec217d887@group-21BA9BD4283D-LeaderElection489] INFO  impl.LeaderElection (LeaderElection.java:logAndReturn(56)) - 7c431f9d-51bc-458b-a3a6-511ec217d887@group-21BA9BD4283D-LeaderElection489: Election REJECTED; received 2 response(s) [7c431f9d-51bc-458b-a3a6-511ec217d887<-67f35358-9777-4ff9-96f4-8a61bc3a94fe#0:FAIL-t453, 7c431f9d-51bc-458b-a3a6-511ec217d887<-b9cfa588-8e56-4331-be2f-4c26f25c6739#0:FAIL-t453] and 0 exception(s); 7c431f9d-51bc-458b-a3a6-511ec217d887@group-21BA9BD4283D:t453, leader=null, voted=7c431f9d-51bc-458b-a3a6-511ec217d887, raftlog=7c431f9d-51bc-458b-a3a6-511ec217d887@group-21BA9BD4283D-SegmentedRaftLog:OPENED:c-1,f-1,i0, conf=-1: [67f35358-9777-4ff9-96f4-8a61bc3a94fe:192.168.34.62:37037, 7c431f9d-51bc-458b-a3a6-511ec217d887:192.168.34.62:40420, b9cfa588-8e56-4331-be2f-4c26f25c6739:192.168.34.62:34777], old=null
2019-10-17 06:48:32,834 [7c431f9d-51bc-458b-a3a6-511ec217d887@group-21BA9BD4283D-LeaderElection489] INFO  impl.RaftServerImpl (RaftServerImpl.java:setRole(184)) - 7c431f9d-51bc-458b-a3a6-511ec217d887@group-21BA9BD4283D: changes role from CANDIDATE to FOLLOWER at term 453 for DISCOVERED_A_NEW_TERM
2019-10-17 06:48:32,835 [7c431f9d-51bc-458b-a3a6-511ec217d887@group-21BA9BD4283D-LeaderElection489] INFO  impl.RoleInfo (RoleInfo.java:shutdownLeaderElection(134)) - 7c431f9d-51bc-458b-a3a6-511ec217d887: shutdown LeaderElection
2019-10-17 06:48:32,835 [7c431f9d-51bc-458b-a3a6-511ec217d887@group-21BA9BD4283D-LeaderElection489] INFO  impl.RoleInfo (RoleInfo.java:updateAndGet(143)) - 7c431f9d-51bc-458b-a3a6-511ec217d887: start FollowerState
2019-10-17 06:48:32,986 [Thread-3957] INFO  impl.FollowerState (FollowerState.java:run(108)) - 7c431f9d-51bc-458b-a3a6-511ec217d887@group-21BA9BD4283D-FollowerState: change to CANDIDATE, lastRpcTime:151ms, electionTimeout:151ms
2019-10-17 06:48:32,986 [Thread-3957] INFO  impl.RoleInfo (RoleInfo.java:shutdownFollowerState(121)) - 7c431f9d-51bc-458b-a3a6-511ec217d887: shutdown FollowerState
2019-10-17 06:48:32,986 [Thread-3957] INFO  impl.RaftServerImpl (RaftServerImpl.java:setRole(184)) - 7c431f9d-51bc-458b-a3a6-511ec217d887@group-21BA9BD4283D: changes role from  FOLLOWER to CANDIDATE at term 453 for changeToCandidate
2019-10-17 06:48:32,986 [Thread-3957] INFO  impl.RoleInfo (RoleInfo.java:updateAndGet(143)) - 7c431f9d-51bc-458b-a3a6-511ec217d887: start LeaderElection
2019-10-17 06:48:33,001 [7c431f9d-51bc-458b-a3a6-511ec217d887@group-21BA9BD4283D-LeaderElection490] INFO  impl.LeaderElection (LeaderElection.java:askForVotes(178)) - 7c431f9d-51bc-458b-a3a6-511ec217d887@group-21BA9BD4283D-LeaderElection490: begin an election at term 454 for -1: [67f35358-9777-4ff9-96f4-8a61bc3a94fe:192.168.34.62:37037, 7c431f9d-51bc-458b-a3a6-511ec217d887:192.168.34.62:40420, b9cfa588-8e56-4331-be2f-4c26f25c6739:192.168.34.62:34777], old=null
2019-10-17 06:48:33,002 [grpc-default-executor-1] INFO  impl.RaftServerImpl (RaftServerImpl.java:setRole(184)) - b9cfa588-8e56-4331-be2f-4c26f25c6739@group-21BA9BD4283D: changes role from  FOLLOWER to FOLLOWER at term 454 for recognizeCandidate:7c431f9d-51bc-458b-a3a6-511ec217d887
2019-10-17 06:48:33,002 [grpc-default-executor-2] INFO  impl.RaftServerImpl (RaftServerImpl.java:setRole(184)) - 67f35358-9777-4ff9-96f4-8a61bc3a94fe@group-21BA9BD4283D: changes role from  FOLLOWER to FOLLOWER at term 454 for recognizeCandidate:7c431f9d-51bc-458b-a3a6-511ec217d887
2019-10-17 06:48:33,002 [grpc-default-executor-1] INFO  impl.RoleInfo (RoleInfo.java:shutdownFollowerState(121)) - b9cfa588-8e56-4331-be2f-4c26f25c6739: shutdown FollowerState
2019-10-17 06:48:33,002 [grpc-default-executor-2] INFO  impl.RoleInfo (RoleInfo.java:shutdownFollowerState(121)) - 67f35358-9777-4ff9-96f4-8a61bc3a94fe: shutdown FollowerState
2019-10-17 06:48:33,002 [Thread-3956] INFO  impl.FollowerState (FollowerState.java:run(117)) - b9cfa588-8e56-4331-be2f-4c26f25c6739@group-21BA9BD4283D-FollowerState was interrupted: java.lang.InterruptedException: sleep interrupted
2019-10-17 06:48:33,002 [grpc-default-executor-1] INFO  impl.RoleInfo (RoleInfo.java:updateAndGet(143)) - b9cfa588-8e56-4331-be2f-4c26f25c6739: start FollowerState
2019-10-17 06:48:33,002 [grpc-default-executor-2] INFO  impl.RoleInfo (RoleInfo.java:updateAndGet(143)) - 67f35358-9777-4ff9-96f4-8a61bc3a94fe: start FollowerState
2019-10-17 06:48:33,002 [Thread-3955] INFO  impl.FollowerState (FollowerState.java:run(117)) - 67f35358-9777-4ff9-96f4-8a61bc3a94fe@group-21BA9BD4283D-FollowerState was interrupted: java.lang.InterruptedException: sleep interrupted
2019-10-17 06:48:33,043 [7c431f9d-51bc-458b-a3a6-511ec217d887@group-21BA9BD4283D-LeaderElection490] INFO  impl.LeaderElection (LeaderElection.java:logAndReturn(56)) - 7c431f9d-51bc-458b-a3a6-511ec217d887@group-21BA9BD4283D-LeaderElection490: Election REJECTED; received 2 response(s) [7c431f9d-51bc-458b-a3a6-511ec217d887<-67f35358-9777-4ff9-96f4-8a61bc3a94fe#0:FAIL-t454, 7c431f9d-51bc-458b-a3a6-511ec217d887<-b9cfa588-8e56-4331-be2f-4c26f25c6739#0:FAIL-t454] and 0 exception(s); 7c431f9d-51bc-458b-a3a6-511ec217d887@group-21BA9BD4283D:t454, leader=null, voted=7c431f9d-51bc-458b-a3a6-511ec217d887, raftlog=7c431f9d-51bc-458b-a3a6-511ec217d887@group-21BA9BD4283D-SegmentedRaftLog:OPENED:c-1,f-1,i0, conf=-1: [67f35358-9777-4ff9-96f4-8a61bc3a94fe:192.168.34.62:37037, 7c431f9d-51bc-458b-a3a6-511ec217d887:192.168.34.62:40420, b9cfa588-8e56-4331-be2f-4c26f25c6739:192.168.34.62:34777], old=null
2019-10-17 06:48:33,043 [7c431f9d-51bc-458b-a3a6-511ec217d887@group-21BA9BD4283D-LeaderElection490] INFO  impl.RaftServerImpl (RaftServerImpl.java:setRole(184)) - 7c431f9d-51bc-458b-a3a6-511ec217d887@group-21BA9BD4283D: changes role from CANDIDATE to FOLLOWER at term 454 for DISCOVERED_A_NEW_TERM
2019-10-17 06:48:33,043 [7c431f9d-51bc-458b-a3a6-511ec217d887@group-21BA9BD4283D-LeaderElection490] INFO  impl.RoleInfo (RoleInfo.java:shutdownLeaderElection(134)) - 7c431f9d-51bc-458b-a3a6-511ec217d887: shutdown LeaderElection
2019-10-17 06:48:33,043 [7c431f9d-51bc-458b-a3a6-511ec217d887@group-21BA9BD4283D-LeaderElection490] INFO  impl.RoleInfo (RoleInfo.java:updateAndGet(143)) - 7c431f9d-51bc-458b-a3a6-511ec217d887: start FollowerState
2019-10-17 06:48:33,214 [Thread-3963] INFO  impl.FollowerState (FollowerState.java:run(108)) - 7c431f9d-51bc-458b-a3a6-511ec217d887@group-21BA9BD4283D-FollowerState: change to CANDIDATE, lastRpcTime:170ms, electionTimeout:170ms
2019-10-17 06:48:33,214 [Thread-3963] INFO  impl.RoleInfo (RoleInfo.java:shutdownFollowerState(121)) - 7c431f9d-51bc-458b-a3a6-511ec217d887: shutdown FollowerState
2019-10-17 06:48:33,214 [Thread-3963] INFO  impl.RaftServerImpl (RaftServerImpl.java:setRole(184)) - 7c431f9d-51bc-458b-a3a6-511ec217d887@group-21BA9BD4283D: changes role from  FOLLOWER to CANDIDATE at term 454 for changeToCandidate
2019-10-17 06:48:33,214 [Thread-3963] INFO  impl.RoleInfo (RoleInfo.java:updateAndGet(143)) - 7c431f9d-51bc-458b-a3a6-511ec217d887: start LeaderElection
2019-10-17 06:48:33,219 [7c431f9d-51bc-458b-a3a6-511ec217d887@group-21BA9BD4283D-LeaderElection491] INFO  impl.LeaderElection (LeaderElection.java:askForVotes(178)) - 7c431f9d-51bc-458b-a3a6-511ec217d887@group-21BA9BD4283D-LeaderElection491: begin an election at term 455 for -1: [67f35358-9777-4ff9-96f4-8a61bc3a94fe:192.168.34.62:37037, 7c431f9d-51bc-458b-a3a6-511ec217d887:192.168.34.62:40420, b9cfa588-8e56-4331-be2f-4c26f25c6739:192.168.34.62:34777], old=null
2019-10-17 06:48:33,220 [grpc-default-executor-2] INFO  impl.RaftServerImpl (RaftServerImpl.java:setRole(184)) - 67f35358-9777-4ff9-96f4-8a61bc3a94fe@group-21BA9BD4283D: changes role from  FOLLOWER to FOLLOWER at term 455 for recognizeCandidate:7c431f9d-51bc-458b-a3a6-511ec217d887
2019-10-17 06:48:33,220 [grpc-default-executor-1] INFO  impl.RaftServerImpl (RaftServerImpl.java:setRole(184)) - b9cfa588-8e56-4331-be2f-4c26f25c6739@group-21BA9BD4283D: changes role from  FOLLOWER to FOLLOWER at term 455 for recognizeCandidate:7c431f9d-51bc-458b-a3a6-511ec217d887
2019-10-17 06:48:33,221 [grpc-default-executor-1] INFO  impl.RoleInfo (RoleInfo.java:shutdownFollowerState(121)) - b9cfa588-8e56-4331-be2f-4c26f25c6739: shutdown FollowerState
2019-10-17 06:48:33,220 [grpc-default-executor-2] INFO  impl.RoleInfo (RoleInfo.java:shutdownFollowerState(121)) - 67f35358-9777-4ff9-96f4-8a61bc3a94fe: shutdown FollowerState
2019-10-17 06:48:33,221 [Thread-3961] INFO  impl.FollowerState (FollowerState.java:run(117)) - b9cfa588-8e56-4331-be2f-4c26f25c6739@group-21BA9BD4283D-FollowerState was interrupted: java.lang.InterruptedException: sleep interrupted
2019-10-17 06:48:33,221 [Thread-3962] INFO  impl.FollowerState (FollowerState.java:run(117)) - 67f35358-9777-4ff9-96f4-8a61bc3a94fe@group-21BA9BD4283D-FollowerState was interrupted: java.lang.InterruptedException: sleep interrupted
2019-10-17 06:48:33,221 [grpc-default-executor-1] INFO  impl.RoleInfo (RoleInfo.java:updateAndGet(143)) - b9cfa588-8e56-4331-be2f-4c26f25c6739: start FollowerState
2019-10-17 06:48:33,221 [grpc-default-executor-2] INFO  impl.RoleInfo (RoleInfo.java:updateAndGet(143)) - 67f35358-9777-4ff9-96f4-8a61bc3a94fe: start FollowerState
2019-10-17 06:48:33,235 [7c431f9d-51bc-458b-a3a6-511ec217d887@group-21BA9BD4283D-LeaderElection491] INFO  impl.LeaderElection (LeaderElection.java:logAndReturn(56)) - 7c431f9d-51bc-458b-a3a6-511ec217d887@group-21BA9BD4283D-LeaderElection491: Election REJECTED; received 2 response(s) [7c431f9d-51bc-458b-a3a6-511ec217d887<-67f35358-9777-4ff9-96f4-8a61bc3a94fe#0:FAIL-t455, 7c431f9d-51bc-458b-a3a6-511ec217d887<-b9cfa588-8e56-4331-be2f-4c26f25c6739#0:FAIL-t455] and 0 exception(s); 7c431f9d-51bc-458b-a3a6-511ec217d887@group-21BA9BD4283D:t455, leader=null, voted=7c431f9d-51bc-458b-a3a6-511ec217d887, raftlog=7c431f9d-51bc-458b-a3a6-511ec217d887@group-21BA9BD4283D-SegmentedRaftLog:OPENED:c-1,f-1,i0, conf=-1: [67f35358-9777-4ff9-96f4-8a61bc3a94fe:192.168.34.62:37037, 7c431f9d-51bc-458b-a3a6-511ec217d887:192.168.34.62:40420, b9cfa588-8e56-4331-be2f-4c26f25c6739:192.168.34.62:34777], old=null
2019-10-17 06:48:33,235 [7c431f9d-51bc-458b-a3a6-511ec217d887@group-21BA9BD4283D-LeaderElection491] INFO  impl.RaftServerImpl (RaftServerImpl.java:setRole(184)) - 7c431f9d-51bc-458b-a3a6-511ec217d887@group-21BA9BD4283D: changes role from CANDIDATE to FOLLOWER at term 455 for DISCOVERED_A_NEW_TERM
2019-10-17 06:48:33,235 [7c431f9d-51bc-458b-a3a6-511ec217d887@group-21BA9BD4283D-LeaderElection491] INFO  impl.RoleInfo (RoleInfo.java:shutdownLeaderElection(134)) - 7c431f9d-51bc-458b-a3a6-511ec217d887: shutdown LeaderElection
2019-10-17 06:48:33,235 [7c431f9d-51bc-458b-a3a6-511ec217d887@group-21BA9BD4283D-LeaderElection491] INFO  impl.RoleInfo (RoleInfo.java:updateAndGet(143)) - 7c431f9d-51bc-458b-a3a6-511ec217d887: start FollowerState
2019-10-17 06:48:33,307 [Thread-3969] INFO  impl.FollowerState (FollowerState.java:run(108)) - 7c431f9d-51bc-458b-a3a6-511ec217d887@group-21BA9BD4283D-FollowerState: change to CANDIDATE, lastRpcTime:72ms, electionTimeout:72ms
2019-10-17 06:48:33,307 [Thread-3969] INFO  impl.RoleInfo (RoleInfo.java:shutdownFollowerState(121)) - 7c431f9d-51bc-458b-a3a6-511ec217d887: shutdown FollowerState
2019-10-17 06:48:33,308 [Thread-3969] INFO  impl.RaftServerImpl (RaftServerImpl.java:setRole(184)) - 7c431f9d-51bc-458b-a3a6-511ec217d887@group-21BA9BD4283D: changes role from  FOLLOWER to CANDIDATE at term 455 for changeToCandidate
2019-10-17 06:48:33,308 [Thread-3969] INFO  impl.RoleInfo (RoleInfo.java:updateAndGet(143)) - 7c431f9d-51bc-458b-a3a6-511ec217d887: start LeaderElection
2019-10-17 06:48:33,331 [7c431f9d-51bc-458b-a3a6-511ec217d887@group-21BA9BD4283D-LeaderElection492] INFO  impl.LeaderElection (LeaderElection.java:askForVotes(178)) - 7c431f9d-51bc-458b-a3a6-511ec217d887@group-21BA9BD4283D-LeaderElection492: begin an election at term 456 for -1: [67f35358-9777-4ff9-96f4-8a61bc3a94fe:192.168.34.62:37037, 7c431f9d-51bc-458b-a3a6-511ec217d887:192.168.34.62:40420, b9cfa588-8e56-4331-be2f-4c26f25c6739:192.168.34.62:34777], old=null
2019-10-17 06:48:33,333 [grpc-default-executor-2] INFO  impl.RaftServerImpl (RaftServerImpl.java:setRole(184)) - 67f35358-9777-4ff9-96f4-8a61bc3a94fe@group-21BA9BD4283D: changes role from  FOLLOWER to FOLLOWER at term 456 for recognizeCandidate:7c431f9d-51bc-458b-a3a6-511ec217d887
2019-10-17 06:48:33,333 [grpc-default-executor-2] INFO  impl.RoleInfo (RoleInfo.java:shutdownFollowerState(121)) - 67f35358-9777-4ff9-96f4-8a61bc3a94fe: shutdown FollowerState
2019-10-17 06:48:33,333 [grpc-default-executor-1] INFO  impl.RaftServerImpl (RaftServerImpl.java:setRole(184)) - b9cfa588-8e56-4331-be2f-4c26f25c6739@group-21BA9BD4283D: changes role from  FOLLOWER to FOLLOWER at term 456 for recognizeCandidate:7c431f9d-51bc-458b-a3a6-511ec217d887
2019-10-17 06:48:33,333 [grpc-default-executor-1] INFO  impl.RoleInfo (RoleInfo.java:shutdownFollowerState(121)) - b9cfa588-8e56-4331-be2f-4c26f25c6739: shutdown FollowerState
2019-10-17 06:48:33,333 [grpc-default-executor-2] INFO  impl.RoleInfo (RoleInfo.java:updateAndGet(143)) - 67f35358-9777-4ff9-96f4-8a61bc3a94fe: start FollowerState
2019-10-17 06:48:33,333 [Thread-3968] INFO  impl.FollowerState (FollowerState.java:run(117)) - 67f35358-9777-4ff9-96f4-8a61bc3a94fe@group-21BA9BD4283D-FollowerState was interrupted: java.lang.InterruptedException: sleep interrupted
2019-10-17 06:48:33,333 [Thread-3967] INFO  impl.FollowerState (FollowerState.java:run(117)) - b9cfa588-8e56-4331-be2f-4c26f25c6739@group-21BA9BD4283D-FollowerState was interrupted: java.lang.InterruptedException: sleep interrupted
2019-10-17 06:48:33,333 [grpc-default-executor-1] INFO  impl.RoleInfo (RoleInfo.java:updateAndGet(143)) - b9cfa588-8e56-4331-be2f-4c26f25c6739: start FollowerState
2019-10-17 06:48:33,346 [7c431f9d-51bc-458b-a3a6-511ec217d887@group-21BA9BD4283D-LeaderElection492] INFO  impl.LeaderElection (LeaderElection.java:logAndReturn(56)) - 7c431f9d-51bc-458b-a3a6-511ec217d887@group-21BA9BD4283D-LeaderElection492: Election REJECTED; received 2 response(s) [7c431f9d-51bc-458b-a3a6-511ec217d887<-67f35358-9777-4ff9-96f4-8a61bc3a94fe#0:FAIL-t456, 7c431f9d-51bc-458b-a3a6-511ec217d887<-b9cfa588-8e56-4331-be2f-4c26f25c6739#0:FAIL-t456] and 0 exception(s); 7c431f9d-51bc-458b-a3a6-511ec217d887@group-21BA9BD4283D:t456, leader=null, voted=7c431f9d-51bc-458b-a3a6-511ec217d887, raftlog=7c431f9d-51bc-458b-a3a6-511ec217d887@group-21BA9BD4283D-SegmentedRaftLog:OPENED:c-1,f-1,i0, conf=-1: [67f35358-9777-4ff9-96f4-8a61bc3a94fe:192.168.34.62:37037, 7c431f9d-51bc-458b-a3a6-511ec217d887:192.168.34.62:40420, b9cfa588-8e56-4331-be2f-4c26f25c6739:192.168.34.62:34777], old=null
2019-10-17 06:48:33,346 [7c431f9d-51bc-458b-a3a6-511ec217d887@group-21BA9BD4283D-LeaderElection492] INFO  impl.RaftServerImpl (RaftServerImpl.java:setRole(184)) - 7c431f9d-51bc-458b-a3a6-511ec217d887@group-21BA9BD4283D: changes role from CANDIDATE to FOLLOWER at term 456 for DISCOVERED_A_NEW_TERM
2019-10-17 06:48:33,347 [7c431f9d-51bc-458b-a3a6-511ec217d887@group-21BA9BD4283D-LeaderElection492] INFO  impl.RoleInfo (RoleInfo.java:shutdownLeaderElection(134)) - 7c431f9d-51bc-458b-a3a6-511ec217d887: shutdown LeaderElection
2019-10-17 06:48:33,347 [7c431f9d-51bc-458b-a3a6-511ec217d887@group-21BA9BD4283D-LeaderElection492] INFO  impl.RoleInfo (RoleInfo.java:updateAndGet(143)) - 7c431f9d-51bc-458b-a3a6-511ec217d887: start FollowerState
2019-10-17 06:48:33,393 [Thread-3975] INFO  impl.FollowerState (FollowerState.java:run(108)) - 7c431f9d-51bc-458b-a3a6-511ec217d887@group-21BA9BD4283D-FollowerState: change to CANDIDATE, lastRpcTime:46ms, electionTimeout:46ms
2019-10-17 06:48:33,393 [Thread-3975] INFO  impl.RoleInfo (RoleInfo.java:shutdownFollowerState(121)) - 7c431f9d-51bc-458b-a3a6-511ec217d887: shutdown FollowerState
2019-10-17 06:48:33,393 [Thread-3975] INFO  impl.RaftServerImpl (RaftServerImpl.java:setRole(184)) - 7c431f9d-51bc-458b-a3a6-511ec217d887@group-21BA9BD4283D: changes role from  FOLLOWER to CANDIDATE at term 456 for changeToCandidate
2019-10-17 06:48:33,393 [Thread-3975] INFO  impl.RoleInfo (RoleInfo.java:updateAndGet(143)) - 7c431f9d-51bc-458b-a3a6-511ec217d887: start LeaderElection
2019-10-17 06:48:33,406 [7c431f9d-51bc-458b-a3a6-511ec217d887@group-21BA9BD4283D-LeaderElection493] INFO  impl.LeaderElection (LeaderElection.java:askForVotes(178)) - 7c431f9d-51bc-458b-a3a6-511ec217d887@group-21BA9BD4283D-LeaderElection493: begin an election at term 457 for -1: [67f35358-9777-4ff9-96f4-8a61bc3a94fe:192.168.34.62:37037, 7c431f9d-51bc-458b-a3a6-511ec217d887:192.168.34.62:40420, b9cfa588-8e56-4331-be2f-4c26f25c6739:192.168.34.62:34777], old=null
2019-10-17 06:48:33,408 [grpc-default-executor-2] INFO  impl.RaftServerImpl (RaftServerImpl.java:setRole(184)) - 67f35358-9777-4ff9-96f4-8a61bc3a94fe@group-21BA9BD4283D: changes role from  FOLLOWER to FOLLOWER at term 457 for recognizeCandidate:7c431f9d-51bc-458b-a3a6-511ec217d887
2019-10-17 06:48:33,408 [grpc-default-executor-2] INFO  impl.RoleInfo (RoleInfo.java:shutdownFollowerState(121)) - 67f35358-9777-4ff9-96f4-8a61bc3a94fe: shutdown FollowerState
2019-10-17 06:48:33,408 [grpc-default-executor-2] INFO  impl.RoleInfo (RoleInfo.java:updateAndGet(143)) - 67f35358-9777-4ff9-96f4-8a61bc3a94fe: start FollowerState
2019-10-17 06:48:33,408 [Thread-3973] INFO  impl.FollowerState (FollowerState.java:run(117)) - 67f35358-9777-4ff9-96f4-8a61bc3a94fe@group-21BA9BD4283D-FollowerState was interrupted: java.lang.InterruptedException: sleep interrupted
2019-10-17 06:48:33,408 [grpc-default-executor-1] INFO  impl.RaftServerImpl (RaftServerImpl.java:setRole(184)) - b9cfa588-8e56-4331-be2f-4c26f25c6739@group-21BA9BD4283D: changes role from  FOLLOWER to FOLLOWER at term 457 for recognizeCandidate:7c431f9d-51bc-458b-a3a6-511ec217d887
2019-10-17 06:48:33,409 [grpc-default-executor-1] INFO  impl.RoleInfo (RoleInfo.java:shutdownFollowerState(121)) - b9cfa588-8e56-4331-be2f-4c26f25c6739: shutdown FollowerState
2019-10-17 06:48:33,409 [grpc-default-executor-1] INFO  impl.RoleInfo (RoleInfo.java:updateAndGet(143)) - b9cfa588-8e56-4331-be2f-4c26f25c6739: start FollowerState
2019-10-17 06:48:33,409 [Thread-3974] INFO  impl.FollowerState (FollowerState.java:run(117)) - b9cfa588-8e56-4331-be2f-4c26f25c6739@group-21BA9BD4283D-FollowerState was interrupted: java.lang.InterruptedException: sleep interrupted
2019-10-17 06:48:33,415 [7c431f9d-51bc-458b-a3a6-511ec217d887@group-21BA9BD4283D-LeaderElection493] INFO  impl.LeaderElection (LeaderElection.java:logAndReturn(56)) - 7c431f9d-51bc-458b-a3a6-511ec217d887@group-21BA9BD4283D-LeaderElection493: Election TIMEOUT; received 0 response(s) [] and 0 exception(s); 7c431f9d-51bc-458b-a3a6-511ec217d887@group-21BA9BD4283D:t457, leader=null, voted=7c431f9d-51bc-458b-a3a6-511ec217d887, raftlog=7c431f9d-51bc-458b-a3a6-511ec217d887@group-21BA9BD4283D-SegmentedRaftLog:OPENED:c-1,f-1,i0, conf=-1: [67f35358-9777-4ff9-96f4-8a61bc3a94fe:192.168.34.62:37037, 7c431f9d-51bc-458b-a3a6-511ec217d887:192.168.34.62:40420, b9cfa588-8e56-4331-be2f-4c26f25c6739:192.168.34.62:34777], old=null
2019-10-17 06:48:33,440 [7c431f9d-51bc-458b-a3a6-511ec217d887@group-21BA9BD4283D-LeaderElection493] INFO  impl.LeaderElection (LeaderElection.java:askForVotes(178)) - 7c431f9d-51bc-458b-a3a6-511ec217d887@group-21BA9BD4283D-LeaderElection493: begin an election at term 458 for -1: [67f35358-9777-4ff9-96f4-8a61bc3a94fe:192.168.34.62:37037, 7c431f9d-51bc-458b-a3a6-511ec217d887:192.168.34.62:40420, b9cfa588-8e56-4331-be2f-4c26f25c6739:192.168.34.62:34777], old=null
2019-10-17 06:48:33,442 [grpc-default-executor-2] INFO  impl.RaftServerImpl (RaftServerImpl.java:setRole(184)) - 67f35358-9777-4ff9-96f4-8a61bc3a94fe@group-21BA9BD4283D: changes role from  FOLLOWER to FOLLOWER at term 458 for recognizeCandidate:7c431f9d-51bc-458b-a3a6-511ec217d887
2019-10-17 06:48:33,442 [grpc-default-executor-2] INFO  impl.RoleInfo (RoleInfo.java:shutdownFollowerState(121)) - 67f35358-9777-4ff9-96f4-8a61bc3a94fe: shutdown FollowerState
2019-10-17 06:48:33,442 [grpc-default-executor-2] INFO  impl.RoleInfo (RoleInfo.java:updateAndGet(143)) - 67f35358-9777-4ff9-96f4-8a61bc3a94fe: start FollowerState
2019-10-17 06:48:33,443 [Thread-3979] INFO  impl.FollowerState (FollowerState.java:run(117)) - 67f35358-9777-4ff9-96f4-8a61bc3a94fe@group-21BA9BD4283D-FollowerState was interrupted: java.lang.InterruptedException: sleep interrupted
2019-10-17 06:48:33,443 [grpc-default-executor-1] INFO  impl.RaftServerImpl (RaftServerImpl.java:setRole(184)) - b9cfa588-8e56-4331-be2f-4c26f25c6739@group-21BA9BD4283D: changes role from  FOLLOWER to FOLLOWER at term 458 for recognizeCandidate:7c431f9d-51bc-458b-a3a6-511ec217d887
2019-10-17 06:48:33,443 [grpc-default-executor-1] INFO  impl.RoleInfo (RoleInfo.java:shutdownFollowerState(121)) - b9cfa588-8e56-4331-be2f-4c26f25c6739: shutdown FollowerState
2019-10-17 06:48:33,443 [grpc-default-executor-1] INFO  impl.RoleInfo (RoleInfo.java:updateAndGet(143)) - b9cfa588-8e56-4331-be2f-4c26f25c6739: start FollowerState
2019-10-17 06:48:33,443 [Thread-3980] INFO  impl.FollowerState (FollowerState.java:run(117)) - b9cfa588-8e56-4331-be2f-4c26f25c6739@group-21BA9BD4283D-FollowerState was interrupted: java.lang.InterruptedException: sleep interrupted
2019-10-17 06:48:33,467 [7c431f9d-51bc-458b-a3a6-511ec217d887@group-21BA9BD4283D-LeaderElection493] INFO  impl.LeaderElection (LeaderElection.java:logAndReturn(56)) - 7c431f9d-51bc-458b-a3a6-511ec217d887@group-21BA9BD4283D-LeaderElection493: Election REJECTED; received 2 response(s) [7c431f9d-51bc-458b-a3a6-511ec217d887<-67f35358-9777-4ff9-96f4-8a61bc3a94fe#0:FAIL-t458, 7c431f9d-51bc-458b-a3a6-511ec217d887<-b9cfa588-8e56-4331-be2f-4c26f25c6739#0:FAIL-t458] and 0 exception(s); 7c431f9d-51bc-458b-a3a6-511ec217d887@group-21BA9BD4283D:t458, leader=null, voted=7c431f9d-51bc-458b-a3a6-511ec217d887, raftlog=7c431f9d-51bc-458b-a3a6-511ec217d887@group-21BA9BD4283D-SegmentedRaftLog:OPENED:c-1,f-1,i0, conf=-1: [67f35358-9777-4ff9-96f4-8a61bc3a94fe:192.168.34.62:37037, 7c431f9d-51bc-458b-a3a6-511ec217d887:192.168.34.62:40420, b9cfa588-8e56-4331-be2f-4c26f25c6739:192.168.34.62:34777], old=null
2019-10-17 06:48:33,467 [7c431f9d-51bc-458b-a3a6-511ec217d887@group-21BA9BD4283D-LeaderElection493] INFO  impl.RaftServerImpl (RaftServerImpl.java:setRole(184)) - 7c431f9d-51bc-458b-a3a6-511ec217d887@group-21BA9BD4283D: changes role from CANDIDATE to FOLLOWER at term 458 for DISCOVERED_A_NEW_TERM
2019-10-17 06:48:33,467 [7c431f9d-51bc-458b-a3a6-511ec217d887@group-21BA9BD4283D-LeaderElection493] INFO  impl.RoleInfo (RoleInfo.java:shutdownLeaderElection(134)) - 7c431f9d-51bc-458b-a3a6-511ec217d887: shutdown LeaderElection
2019-10-17 06:48:33,468 [7c431f9d-51bc-458b-a3a6-511ec217d887@group-21BA9BD4283D-LeaderElection493] INFO  impl.RoleInfo (RoleInfo.java:updateAndGet(143)) - 7c431f9d-51bc-458b-a3a6-511ec217d887: start FollowerState
2019-10-17 06:48:33,494 [Thread-3985] INFO  impl.FollowerState (FollowerState.java:run(108)) - 7c431f9d-51bc-458b-a3a6-511ec217d887@group-21BA9BD4283D-FollowerState: change to CANDIDATE, lastRpcTime:26ms, electionTimeout:26ms
2019-10-17 06:48:33,494 [Thread-3985] INFO  impl.RoleInfo (RoleInfo.java:shutdownFollowerState(121)) - 7c431f9d-51bc-458b-a3a6-511ec217d887: shutdown FollowerState
2019-10-17 06:48:33,494 [Thread-3985] INFO  impl.RaftServerImpl (RaftServerImpl.java:setRole(184)) - 7c431f9d-51bc-458b-a3a6-511ec217d887@group-21BA9BD4283D: changes role from  FOLLOWER to CANDIDATE at term 458 for changeToCandidate
2019-10-17 06:48:33,494 [Thread-3985] INFO  impl.RoleInfo (RoleInfo.java:updateAndGet(143)) - 7c431f9d-51bc-458b-a3a6-511ec217d887: start LeaderElection
2019-10-17 06:48:33,518 [7c431f9d-51bc-458b-a3a6-511ec217d887@group-21BA9BD4283D-LeaderElection494] INFO  impl.LeaderElection (LeaderElection.java:askForVotes(178)) - 7c431f9d-51bc-458b-a3a6-511ec217d887@group-21BA9BD4283D-LeaderElection494: begin an election at term 459 for -1: [67f35358-9777-4ff9-96f4-8a61bc3a94fe:192.168.34.62:37037, 7c431f9d-51bc-458b-a3a6-511ec217d887:192.168.34.62:40420, b9cfa588-8e56-4331-be2f-4c26f25c6739:192.168.34.62:34777], old=null
2019-10-17 06:48:33,519 [grpc-default-executor-2] INFO  impl.RaftServerImpl (RaftServerImpl.java:setRole(184)) - b9cfa588-8e56-4331-be2f-4c26f25c6739@group-21BA9BD4283D: changes role from  FOLLOWER to FOLLOWER at term 459 for recognizeCandidate:7c431f9d-51bc-458b-a3a6-511ec217d887
2019-10-17 06:48:33,519 [grpc-default-executor-2] INFO  impl.RoleInfo (RoleInfo.java:shutdownFollowerState(121)) - b9cfa588-8e56-4331-be2f-4c26f25c6739: shutdown FollowerState
2019-10-17 06:48:33,520 [grpc-default-executor-2] INFO  impl.RoleInfo (RoleInfo.java:updateAndGet(143)) - b9cfa588-8e56-4331-be2f-4c26f25c6739: start FollowerState
2019-10-17 06:48:33,520 [grpc-default-executor-1] INFO  impl.RaftServerImpl (RaftServerImpl.java:setRole(184)) - 67f35358-9777-4ff9-96f4-8a61bc3a94fe@group-21BA9BD4283D: changes role from  FOLLOWER to FOLLOWER at term 459 for recognizeCandidate:7c431f9d-51bc-458b-a3a6-511ec217d887
2019-10-17 06:48:33,520 [grpc-default-executor-1] INFO  impl.RoleInfo (RoleInfo.java:shutdownFollowerState(121)) - 67f35358-9777-4ff9-96f4-8a61bc3a94fe: shutdown FollowerState
2019-10-17 06:48:33,520 [Thread-3984] INFO  impl.FollowerState (FollowerState.java:run(117)) - b9cfa588-8e56-4331-be2f-4c26f25c6739@group-21BA9BD4283D-FollowerState was interrupted: java.lang.InterruptedException: sleep interrupted
2019-10-17 06:48:33,520 [grpc-default-executor-1] INFO  impl.RoleInfo (RoleInfo.java:updateAndGet(143)) - 67f35358-9777-4ff9-96f4-8a61bc3a94fe: start FollowerState
2019-10-17 06:48:33,520 [Thread-3983] INFO  impl.FollowerState (FollowerState.java:run(117)) - 67f35358-9777-4ff9-96f4-8a61bc3a94fe@group-21BA9BD4283D-FollowerState was interrupted: java.lang.InterruptedException: sleep interrupted
2019-10-17 06:48:33,534 [7c431f9d-51bc-458b-a3a6-511ec217d887@group-21BA9BD4283D-LeaderElection494] INFO  impl.LeaderElection (LeaderElection.java:logAndReturn(56)) - 7c431f9d-51bc-458b-a3a6-511ec217d887@group-21BA9BD4283D-LeaderElection494: Election REJECTED; received 2 response(s) [7c431f9d-51bc-458b-a3a6-511ec217d887<-67f35358-9777-4ff9-96f4-8a61bc3a94fe#0:FAIL-t459, 7c431f9d-51bc-458b-a3a6-511ec217d887<-b9cfa588-8e56-4331-be2f-4c26f25c6739#0:FAIL-t459] and 0 exception(s); 7c431f9d-51bc-458b-a3a6-511ec217d887@group-21BA9BD4283D:t459, leader=null, voted=7c431f9d-51bc-458b-a3a6-511ec217d887, raftlog=7c431f9d-51bc-458b-a3a6-511ec217d887@group-21BA9BD4283D-SegmentedRaftLog:OPENED:c-1,f-1,i0, conf=-1: [67f35358-9777-4ff9-96f4-8a61bc3a94fe:192.168.34.62:37037, 7c431f9d-51bc-458b-a3a6-511ec217d887:192.168.34.62:40420, b9cfa588-8e56-4331-be2f-4c26f25c6739:192.168.34.62:34777], old=null
2019-10-17 06:48:33,534 [7c431f9d-51bc-458b-a3a6-511ec217d887@group-21BA9BD4283D-LeaderElection494] INFO  impl.RaftServerImpl (RaftServerImpl.java:setRole(184)) - 7c431f9d-51bc-458b-a3a6-511ec217d887@group-21BA9BD4283D: changes role from CANDIDATE to FOLLOWER at term 459 for DISCOVERED_A_NEW_TERM
2019-10-17 06:48:33,534 [7c431f9d-51bc-458b-a3a6-511ec217d887@group-21BA9BD4283D-LeaderElection494] INFO  impl.RoleInfo (RoleInfo.java:shutdownLeaderElection(134)) - 7c431f9d-51bc-458b-a3a6-511ec217d887: shutdown LeaderElection
2019-10-17 06:48:33,534 [7c431f9d-51bc-458b-a3a6-511ec217d887@group-21BA9BD4283D-LeaderElection494] INFO  impl.RoleInfo (RoleInfo.java:updateAndGet(143)) - 7c431f9d-51bc-458b-a3a6-511ec217d887: start FollowerState
2019-10-17 06:48:33,702 [Thread-3991] INFO  impl.FollowerState (FollowerState.java:run(108)) - 7c431f9d-51bc-458b-a3a6-511ec217d887@group-21BA9BD4283D-FollowerState: change to CANDIDATE, lastRpcTime:167ms, electionTimeout:167ms
2019-10-17 06:48:33,702 [Thread-3991] INFO  impl.RoleInfo (RoleInfo.java:shutdownFollowerState(121)) - 7c431f9d-51bc-458b-a3a6-511ec217d887: shutdown FollowerState
2019-10-17 06:48:33,702 [Thread-3991] INFO  impl.RaftServerImpl (RaftServerImpl.java:setRole(184)) - 7c431f9d-51bc-458b-a3a6-511ec217d887@group-21BA9BD4283D: changes role from  FOLLOWER to CANDIDATE at term 459 for changeToCandidate
2019-10-17 06:48:33,702 [Thread-3991] INFO  impl.RoleInfo (RoleInfo.java:updateAndGet(143)) - 7c431f9d-51bc-458b-a3a6-511ec217d887: start LeaderElection
2019-10-17 06:48:33,715 [7c431f9d-51bc-458b-a3a6-511ec217d887@group-21BA9BD4283D-LeaderElection495] INFO  impl.LeaderElection (LeaderElection.java:askForVotes(178)) - 7c431f9d-51bc-458b-a3a6-511ec217d887@group-21BA9BD4283D-LeaderElection495: begin an election at term 460 for -1: [67f35358-9777-4ff9-96f4-8a61bc3a94fe:192.168.34.62:37037, 7c431f9d-51bc-458b-a3a6-511ec217d887:192.168.34.62:40420, b9cfa588-8e56-4331-be2f-4c26f25c6739:192.168.34.62:34777], old=null
2019-10-17 06:48:33,716 [grpc-default-executor-1] INFO  impl.RaftServerImpl (RaftServerImpl.java:setRole(184)) - b9cfa588-8e56-4331-be2f-4c26f25c6739@group-21BA9BD4283D: changes role from  FOLLOWER to FOLLOWER at term 460 for recognizeCandidate:7c431f9d-51bc-458b-a3a6-511ec217d887
2019-10-17 06:48:33,717 [grpc-default-executor-1] INFO  impl.RoleInfo (RoleInfo.java:shutdownFollowerState(121)) - b9cfa588-8e56-4331-be2f-4c26f25c6739: shutdown FollowerState
2019-10-17 06:48:33,717 [grpc-default-executor-1] INFO  impl.RoleInfo (RoleInfo.java:updateAndGet(143)) - b9cfa588-8e56-4331-be2f-4c26f25c6739: start FollowerState
2019-10-17 06:48:33,717 [Thread-3989] INFO  impl.FollowerState (FollowerState.java:run(117)) - b9cfa588-8e56-4331-be2f-4c26f25c6739@group-21BA9BD4283D-FollowerState was interrupted: java.lang.InterruptedException: sleep interrupted
2019-10-17 06:48:33,717 [grpc-default-executor-2] INFO  impl.RaftServerImpl (RaftServerImpl.java:setRole(184)) - 67f35358-9777-4ff9-96f4-8a61bc3a94fe@group-21BA9BD4283D: changes role from  FOLLOWER to FOLLOWER at term 460 for recognizeCandidate:7c431f9d-51bc-458b-a3a6-511ec217d887
2019-10-17 06:48:33,717 [grpc-default-executor-2] INFO  impl.RoleInfo (RoleInfo.java:shutdownFollowerState(121)) - 67f35358-9777-4ff9-96f4-8a61bc3a94fe: shutdown FollowerState
2019-10-17 06:48:33,717 [grpc-default-executor-2] INFO  impl.RoleInfo (RoleInfo.java:updateAndGet(143)) - 67f35358-9777-4ff9-96f4-8a61bc3a94fe: start FollowerState
2019-10-17 06:48:33,717 [Thread-3990] INFO  impl.FollowerState (FollowerState.java:run(117)) - 67f35358-9777-4ff9-96f4-8a61bc3a94fe@group-21BA9BD4283D-FollowerState was interrupted: java.lang.InterruptedException: sleep interrupted
2019-10-17 06:48:33,730 [7c431f9d-51bc-458b-a3a6-511ec217d887@group-21BA9BD4283D-LeaderElection495] INFO  impl.LeaderElection (LeaderElection.java:logAndReturn(56)) - 7c431f9d-51bc-458b-a3a6-511ec217d887@group-21BA9BD4283D-LeaderElection495: Election REJECTED; received 2 response(s) [7c431f9d-51bc-458b-a3a6-511ec217d887<-67f35358-9777-4ff9-96f4-8a61bc3a94fe#0:FAIL-t460, 7c431f9d-51bc-458b-a3a6-511ec217d887<-b9cfa588-8e56-4331-be2f-4c26f25c6739#0:FAIL-t460] and 0 exception(s); 7c431f9d-51bc-458b-a3a6-511ec217d887@group-21BA9BD4283D:t460, leader=null, voted=7c431f9d-51bc-458b-a3a6-511ec217d887, raftlog=7c431f9d-51bc-458b-a3a6-511ec217d887@group-21BA9BD4283D-SegmentedRaftLog:OPENED:c-1,f-1,i0, conf=-1: [67f35358-9777-4ff9-96f4-8a61bc3a94fe:192.168.34.62:37037, 7c431f9d-51bc-458b-a3a6-511ec217d887:192.168.34.62:40420, b9cfa588-8e56-4331-be2f-4c26f25c6739:192.168.34.62:34777], old=null
2019-10-17 06:48:33,730 [7c431f9d-51bc-458b-a3a6-511ec217d887@group-21BA9BD4283D-LeaderElection495] INFO  impl.RaftServerImpl (RaftServerImpl.java:setRole(184)) - 7c431f9d-51bc-458b-a3a6-511ec217d887@group-21BA9BD4283D: changes role from CANDIDATE to FOLLOWER at term 460 for DISCOVERED_A_NEW_TERM
2019-10-17 06:48:33,730 [7c431f9d-51bc-458b-a3a6-511ec217d887@group-21BA9BD4283D-LeaderElection495] INFO  impl.RoleInfo (RoleInfo.java:shutdownLeaderElection(134)) - 7c431f9d-51bc-458b-a3a6-511ec217d887: shutdown LeaderElection
2019-10-17 06:48:33,730 [7c431f9d-51bc-458b-a3a6-511ec217d887@group-21BA9BD4283D-LeaderElection495] INFO  impl.RoleInfo (RoleInfo.java:updateAndGet(143)) - 7c431f9d-51bc-458b-a3a6-511ec217d887: start FollowerState
2019-10-17 06:48:33,836 [Thread-3997] INFO  impl.FollowerState (FollowerState.java:run(108)) - 7c431f9d-51bc-458b-a3a6-511ec217d887@group-21BA9BD4283D-FollowerState: change to CANDIDATE, lastRpcTime:106ms, electionTimeout:106ms
2019-10-17 06:48:33,836 [Thread-3997] INFO  impl.RoleInfo (RoleInfo.java:shutdownFollowerState(121)) - 7c431f9d-51bc-458b-a3a6-511ec217d887: shutdown FollowerState
2019-10-17 06:48:33,837 [Thread-3997] INFO  impl.RaftServerImpl (RaftServerImpl.java:setRole(184)) - 7c431f9d-51bc-458b-a3a6-511ec217d887@group-21BA9BD4283D: changes role from  FOLLOWER to CANDIDATE at term 460 for changeToCandidate
2019-10-17 06:48:33,837 [Thread-3997] INFO  impl.RoleInfo (RoleInfo.java:updateAndGet(143)) - 7c431f9d-51bc-458b-a3a6-511ec217d887: start LeaderElection
2019-10-17 06:48:33,856 [7c431f9d-51bc-458b-a3a6-511ec217d887@group-21BA9BD4283D-LeaderElection496] INFO  impl.LeaderElection (LeaderElection.java:askForVotes(178)) - 7c431f9d-51bc-458b-a3a6-511ec217d887@group-21BA9BD4283D-LeaderElection496: begin an election at term 461 for -1: [67f35358-9777-4ff9-96f4-8a61bc3a94fe:192.168.34.62:37037, 7c431f9d-51bc-458b-a3a6-511ec217d887:192.168.34.62:40420, b9cfa588-8e56-4331-be2f-4c26f25c6739:192.168.34.62:34777], old=null
2019-10-17 06:48:33,858 [grpc-default-executor-2] INFO  impl.RaftServerImpl (RaftServerImpl.java:setRole(184)) - 67f35358-9777-4ff9-96f4-8a61bc3a94fe@group-21BA9BD4283D: changes role from  FOLLOWER to FOLLOWER at term 461 for recognizeCandidate:7c431f9d-51bc-458b-a3a6-511ec217d887
2019-10-17 06:48:33,858 [grpc-default-executor-1] INFO  impl.RaftServerImpl (RaftServerImpl.java:setRole(184)) - b9cfa588-8e56-4331-be2f-4c26f25c6739@group-21BA9BD4283D: changes role from  FOLLOWER to FOLLOWER at term 461 for recognizeCandidate:7c431f9d-51bc-458b-a3a6-511ec217d887
2019-10-17 06:48:33,858 [grpc-default-executor-2] INFO  impl.RoleInfo (RoleInfo.java:shutdownFollowerState(121)) - 67f35358-9777-4ff9-96f4-8a61bc3a94fe: shutdown FollowerState
2019-10-17 06:48:33,860 [grpc-default-executor-1] INFO  impl.RoleInfo (RoleInfo.java:shutdownFollowerState(121)) - b9cfa588-8e56-4331-be2f-4c26f25c6739: shutdown FollowerState
2019-10-17 06:48:33,860 [Thread-3996] INFO  impl.FollowerState (FollowerState.java:run(117)) - 67f35358-9777-4ff9-96f4-8a61bc3a94fe@group-21BA9BD4283D-FollowerState was interrupted: java.lang.InterruptedException: sleep interrupted
2019-10-17 06:48:33,860 [grpc-default-executor-2] INFO  impl.RoleInfo (RoleInfo.java:updateAndGet(143)) - 67f35358-9777-4ff9-96f4-8a61bc3a94fe: start FollowerState
2019-10-17 06:48:33,860 [Thread-3995] INFO  impl.FollowerState (FollowerState.java:run(117)) - b9cfa588-8e56-4331-be2f-4c26f25c6739@group-21BA9BD4283D-FollowerState was interrupted: java.lang.InterruptedException: sleep interrupted
2019-10-17 06:48:33,860 [grpc-default-executor-1] INFO  impl.RoleInfo (RoleInfo.java:updateAndGet(143)) - b9cfa588-8e56-4331-be2f-4c26f25c6739: start FollowerState
2019-10-17 06:48:33,876 [7c431f9d-51bc-458b-a3a6-511ec217d887@group-21BA9BD4283D-LeaderElection496] INFO  impl.LeaderElection (LeaderElection.java:logAndReturn(56)) - 7c431f9d-51bc-458b-a3a6-511ec217d887@group-21BA9BD4283D-LeaderElection496: Election REJECTED; received 2 response(s) [7c431f9d-51bc-458b-a3a6-511ec217d887<-67f35358-9777-4ff9-96f4-8a61bc3a94fe#0:FAIL-t461, 7c431f9d-51bc-458b-a3a6-511ec217d887<-b9cfa588-8e56-4331-be2f-4c26f25c6739#0:FAIL-t461] and 0 exception(s); 7c431f9d-51bc-458b-a3a6-511ec217d887@group-21BA9BD4283D:t461, leader=null, voted=7c431f9d-51bc-458b-a3a6-511ec217d887, raftlog=7c431f9d-51bc-458b-a3a6-511ec217d887@group-21BA9BD4283D-SegmentedRaftLog:OPENED:c-1,f-1,i0, conf=-1: [67f35358-9777-4ff9-96f4-8a61bc3a94fe:192.168.34.62:37037, 7c431f9d-51bc-458b-a3a6-511ec217d887:192.168.34.62:40420, b9cfa588-8e56-4331-be2f-4c26f25c6739:192.168.34.62:34777], old=null
2019-10-17 06:48:33,876 [7c431f9d-51bc-458b-a3a6-511ec217d887@group-21BA9BD4283D-LeaderElection496] INFO  impl.RaftServerImpl (RaftServerImpl.java:setRole(184)) - 7c431f9d-51bc-458b-a3a6-511ec217d887@group-21BA9BD4283D: changes role from CANDIDATE to FOLLOWER at term 461 for DISCOVERED_A_NEW_TERM
2019-10-17 06:48:33,876 [7c431f9d-51bc-458b-a3a6-511ec217d887@group-21BA9BD4283D-LeaderElection496] INFO  impl.RoleInfo (RoleInfo.java:shutdownLeaderElection(134)) - 7c431f9d-51bc-458b-a3a6-511ec217d887: shutdown LeaderElection
2019-10-17 06:48:33,876 [7c431f9d-51bc-458b-a3a6-511ec217d887@group-21BA9BD4283D-LeaderElection496] INFO  impl.RoleInfo (RoleInfo.java:updateAndGet(143)) - 7c431f9d-51bc-458b-a3a6-511ec217d887: start FollowerState
2019-10-17 06:48:33,904 [Thread-4003] INFO  impl.FollowerState (FollowerState.java:run(108)) - 7c431f9d-51bc-458b-a3a6-511ec217d887@group-21BA9BD4283D-FollowerState: change to CANDIDATE, lastRpcTime:27ms, electionTimeout:27ms
2019-10-17 06:48:33,904 [Thread-4003] INFO  impl.RoleInfo (RoleInfo.java:shutdownFollowerState(121)) - 7c431f9d-51bc-458b-a3a6-511ec217d887: shutdown FollowerState
2019-10-17 06:48:33,904 [Thread-4003] INFO  impl.RaftServerImpl (RaftServerImpl.java:setRole(184)) - 7c431f9d-51bc-458b-a3a6-511ec217d887@group-21BA9BD4283D: changes role from  FOLLOWER to CANDIDATE at term 461 for changeToCandidate
2019-10-17 06:48:33,904 [Thread-4003] INFO  impl.RoleInfo (RoleInfo.java:updateAndGet(143)) - 7c431f9d-51bc-458b-a3a6-511ec217d887: start LeaderElection
2019-10-17 06:48:33,922 [7c431f9d-51bc-458b-a3a6-511ec217d887@group-21BA9BD4283D-LeaderElection497] INFO  impl.LeaderElection (LeaderElection.java:askForVotes(178)) - 7c431f9d-51bc-458b-a3a6-511ec217d887@group-21BA9BD4283D-LeaderElection497: begin an election at term 462 for -1: [67f35358-9777-4ff9-96f4-8a61bc3a94fe:192.168.34.62:37037, 7c431f9d-51bc-458b-a3a6-511ec217d887:192.168.34.62:40420, b9cfa588-8e56-4331-be2f-4c26f25c6739:192.168.34.62:34777], old=null
2019-10-17 06:48:33,924 [grpc-default-executor-1] INFO  impl.RaftServerImpl (RaftServerImpl.java:setRole(184)) - 67f35358-9777-4ff9-96f4-8a61bc3a94fe@group-21BA9BD4283D: changes role from  FOLLOWER to FOLLOWER at term 462 for recognizeCandidate:7c431f9d-51bc-458b-a3a6-511ec217d887
2019-10-17 06:48:33,924 [grpc-default-executor-2] INFO  impl.RaftServerImpl (RaftServerImpl.java:setRole(184)) - b9cfa588-8e56-4331-be2f-4c26f25c6739@group-21BA9BD4283D: changes role from  FOLLOWER to FOLLOWER at term 462 for recognizeCandidate:7c431f9d-51bc-458b-a3a6-511ec217d887
2019-10-17 06:48:33,924 [grpc-default-executor-2] INFO  impl.RoleInfo (RoleInfo.java:shutdownFollowerState(121)) - b9cfa588-8e56-4331-be2f-4c26f25c6739: shutdown FollowerState
2019-10-17 06:48:33,924 [grpc-default-executor-1] INFO  impl.RoleInfo (RoleInfo.java:shutdownFollowerState(121)) - 67f35358-9777-4ff9-96f4-8a61bc3a94fe: shutdown FollowerState
2019-10-17 06:48:33,924 [Thread-4002] INFO  impl.FollowerState (FollowerState.java:run(117)) - b9cfa588-8e56-4331-be2f-4c26f25c6739@group-21BA9BD4283D-FollowerState was interrupted: java.lang.InterruptedException: sleep interrupted
2019-10-17 06:48:33,924 [grpc-default-executor-2] INFO  impl.RoleInfo (RoleInfo.java:updateAndGet(143)) - b9cfa588-8e56-4331-be2f-4c26f25c6739: start FollowerState
2019-10-17 06:48:33,924 [Thread-4001] INFO  impl.FollowerState (FollowerState.java:run(117)) - 67f35358-9777-4ff9-96f4-8a61bc3a94fe@group-21BA9BD4283D-FollowerState was interrupted: java.lang.InterruptedException: sleep interrupted
2019-10-17 06:48:33,924 [grpc-default-executor-1] INFO  impl.RoleInfo (RoleInfo.java:updateAndGet(143)) - 67f35358-9777-4ff9-96f4-8a61bc3a94fe: start FollowerState
2019-10-17 06:48:33,950 [7c431f9d-51bc-458b-a3a6-511ec217d887@group-21BA9BD4283D-LeaderElection497] INFO  impl.LeaderElection (LeaderElection.java:logAndReturn(56)) - 7c431f9d-51bc-458b-a3a6-511ec217d887@group-21BA9BD4283D-LeaderElection497: Election REJECTED; received 2 response(s) [7c431f9d-51bc-458b-a3a6-511ec217d887<-67f35358-9777-4ff9-96f4-8a61bc3a94fe#0:FAIL-t462, 7c431f9d-51bc-458b-a3a6-511ec217d887<-b9cfa588-8e56-4331-be2f-4c26f25c6739#0:FAIL-t462] and 0 exception(s); 7c431f9d-51bc-458b-a3a6-511ec217d887@group-21BA9BD4283D:t462, leader=null, voted=7c431f9d-51bc-458b-a3a6-511ec217d887, raftlog=7c431f9d-51bc-458b-a3a6-511ec217d887@group-21BA9BD4283D-SegmentedRaftLog:OPENED:c-1,f-1,i0, conf=-1: [67f35358-9777-4ff9-96f4-8a61bc3a94fe:192.168.34.62:37037, 7c431f9d-51bc-458b-a3a6-511ec217d887:192.168.34.62:40420, b9cfa588-8e56-4331-be2f-4c26f25c6739:192.168.34.62:34777], old=null
2019-10-17 06:48:33,950 [7c431f9d-51bc-458b-a3a6-511ec217d887@group-21BA9BD4283D-LeaderElection497] INFO  impl.RaftServerImpl (RaftServerImpl.java:setRole(184)) - 7c431f9d-51bc-458b-a3a6-511ec217d887@group-21BA9BD4283D: changes role from CANDIDATE to FOLLOWER at term 462 for DISCOVERED_A_NEW_TERM
2019-10-17 06:48:33,951 [7c431f9d-51bc-458b-a3a6-511ec217d887@group-21BA9BD4283D-LeaderElection497] INFO  impl.RoleInfo (RoleInfo.java:shutdownLeaderElection(134)) - 7c431f9d-51bc-458b-a3a6-511ec217d887: shutdown LeaderElection
2019-10-17 06:48:33,951 [7c431f9d-51bc-458b-a3a6-511ec217d887@group-21BA9BD4283D-LeaderElection497] INFO  impl.RoleInfo (RoleInfo.java:updateAndGet(143)) - 7c431f9d-51bc-458b-a3a6-511ec217d887: start FollowerState
2019-10-17 06:48:33,974 [Thread-4009] INFO  impl.FollowerState (FollowerState.java:run(108)) - 7c431f9d-51bc-458b-a3a6-511ec217d887@group-21BA9BD4283D-FollowerState: change to CANDIDATE, lastRpcTime:23ms, electionTimeout:23ms
2019-10-17 06:48:33,974 [Thread-4009] INFO  impl.RoleInfo (RoleInfo.java:shutdownFollowerState(121)) - 7c431f9d-51bc-458b-a3a6-511ec217d887: shutdown FollowerState
2019-10-17 06:48:33,974 [Thread-4009] INFO  impl.RaftServerImpl (RaftServerImpl.java:setRole(184)) - 7c431f9d-51bc-458b-a3a6-511ec217d887@group-21BA9BD4283D: changes role from  FOLLOWER to CANDIDATE at term 462 for changeToCandidate
2019-10-17 06:48:33,974 [Thread-4009] INFO  impl.RoleInfo (RoleInfo.java:updateAndGet(143)) - 7c431f9d-51bc-458b-a3a6-511ec217d887: start LeaderElection
2019-10-17 06:48:33,987 [7c431f9d-51bc-458b-a3a6-511ec217d887@group-21BA9BD4283D-LeaderElection498] INFO  impl.LeaderElection (LeaderElection.java:askForVotes(178)) - 7c431f9d-51bc-458b-a3a6-511ec217d887@group-21BA9BD4283D-LeaderElection498: begin an election at term 463 for -1: [67f35358-9777-4ff9-96f4-8a61bc3a94fe:192.168.34.62:37037, 7c431f9d-51bc-458b-a3a6-511ec217d887:192.168.34.62:40420, b9cfa588-8e56-4331-be2f-4c26f25c6739:192.168.34.62:34777], old=null
2019-10-17 06:48:33,988 [grpc-default-executor-1] INFO  impl.RaftServerImpl (RaftServerImpl.java:setRole(184)) - b9cfa588-8e56-4331-be2f-4c26f25c6739@group-21BA9BD4283D: changes role from  FOLLOWER to FOLLOWER at term 463 for recognizeCandidate:7c431f9d-51bc-458b-a3a6-511ec217d887
2019-10-17 06:48:33,988 [grpc-default-executor-2] INFO  impl.RaftServerImpl (RaftServerImpl.java:setRole(184)) - 67f35358-9777-4ff9-96f4-8a61bc3a94fe@group-21BA9BD4283D: changes role from  FOLLOWER to FOLLOWER at term 463 for recognizeCandidate:7c431f9d-51bc-458b-a3a6-511ec217d887
2019-10-17 06:48:33,988 [grpc-default-executor-2] INFO  impl.RoleInfo (RoleInfo.java:shutdownFollowerState(121)) - 67f35358-9777-4ff9-96f4-8a61bc3a94fe: shutdown FollowerState
2019-10-17 06:48:33,988 [grpc-default-executor-1] INFO  impl.RoleInfo (RoleInfo.java:shutdownFollowerState(121)) - b9cfa588-8e56-4331-be2f-4c26f25c6739: shutdown FollowerState
2019-10-17 06:48:33,988 [Thread-4008] INFO  impl.FollowerState (FollowerState.java:run(117)) - 67f35358-9777-4ff9-96f4-8a61bc3a94fe@group-21BA9BD4283D-FollowerState was interrupted: java.lang.InterruptedException: sleep interrupted
2019-10-17 06:48:33,988 [grpc-default-executor-2] INFO  impl.RoleInfo (RoleInfo.java:updateAndGet(143)) - 67f35358-9777-4ff9-96f4-8a61bc3a94fe: start FollowerState
2019-10-17 06:48:33,989 [Thread-4007] INFO  impl.FollowerState (FollowerState.java:run(117)) - b9cfa588-8e56-4331-be2f-4c26f25c6739@group-21BA9BD4283D-FollowerState was interrupted: java.lang.InterruptedException: sleep interrupted
2019-10-17 06:48:33,989 [grpc-default-executor-1] INFO  impl.RoleInfo (RoleInfo.java:updateAndGet(143)) - b9cfa588-8e56-4331-be2f-4c26f25c6739: start FollowerState
2019-10-17 06:48:34,002 [7c431f9d-51bc-458b-a3a6-511ec217d887@group-21BA9BD4283D-LeaderElection498] INFO  impl.LeaderElection (LeaderElection.java:logAndReturn(56)) - 7c431f9d-51bc-458b-a3a6-511ec217d887@group-21BA9BD4283D-LeaderElection498: Election REJECTED; received 2 response(s) [7c431f9d-51bc-458b-a3a6-511ec217d887<-67f35358-9777-4ff9-96f4-8a61bc3a94fe#0:FAIL-t463, 7c431f9d-51bc-458b-a3a6-511ec217d887<-b9cfa588-8e56-4331-be2f-4c26f25c6739#0:FAIL-t463] and 0 exception(s); 7c431f9d-51bc-458b-a3a6-511ec217d887@group-21BA9BD4283D:t463, leader=null, voted=7c431f9d-51bc-458b-a3a6-511ec217d887, raftlog=7c431f9d-51bc-458b-a3a6-511ec217d887@group-21BA9BD4283D-SegmentedRaftLog:OPENED:c-1,f-1,i0, conf=-1: [67f35358-9777-4ff9-96f4-8a61bc3a94fe:192.168.34.62:37037, 7c431f9d-51bc-458b-a3a6-511ec217d887:192.168.34.62:40420, b9cfa588-8e56-4331-be2f-4c26f25c6739:192.168.34.62:34777], old=null
2019-10-17 06:48:34,002 [7c431f9d-51bc-458b-a3a6-511ec217d887@group-21BA9BD4283D-LeaderElection498] INFO  impl.RaftServerImpl (RaftServerImpl.java:setRole(184)) - 7c431f9d-51bc-458b-a3a6-511ec217d887@group-21BA9BD4283D: changes role from CANDIDATE to FOLLOWER at term 463 for DISCOVERED_A_NEW_TERM
2019-10-17 06:48:34,002 [7c431f9d-51bc-458b-a3a6-511ec217d887@group-21BA9BD4283D-LeaderElection498] INFO  impl.RoleInfo (RoleInfo.java:shutdownLeaderElection(134)) - 7c431f9d-51bc-458b-a3a6-511ec217d887: shutdown LeaderElection
2019-10-17 06:48:34,002 [7c431f9d-51bc-458b-a3a6-511ec217d887@group-21BA9BD4283D-LeaderElection498] INFO  impl.RoleInfo (RoleInfo.java:updateAndGet(143)) - 7c431f9d-51bc-458b-a3a6-511ec217d887: start FollowerState
2019-10-17 06:48:34,165 [ForkJoinPool.commonPool-worker-0] INFO  ozoneimpl.OzoneContainer (OzoneContainer.java:stop(227)) - Attempting to stop container services.
2019-10-17 06:48:34,165 [main] INFO  ozoneimpl.OzoneContainer (OzoneContainer.java:stop(227)) - Attempting to stop container services.
2019-10-17 06:48:34,165 [ForkJoinPool.commonPool-worker-0] INFO  impl.RaftServerProxy (RaftServerProxy.java:lambda$close$4(314)) - b9cfa588-8e56-4331-be2f-4c26f25c6739: close
2019-10-17 06:48:34,168 [main] INFO  impl.RaftServerProxy (RaftServerProxy.java:lambda$close$4(314)) - 67f35358-9777-4ff9-96f4-8a61bc3a94fe: close
2019-10-17 06:48:34,168 [ForkJoinPool.commonPool-worker-0] INFO  impl.RaftServerImpl (RaftServerImpl.java:lambda$shutdown$3(261)) - b9cfa588-8e56-4331-be2f-4c26f25c6739@group-21BA9BD4283D: shutdown
2019-10-17 06:48:34,168 [main] INFO  impl.RaftServerImpl (RaftServerImpl.java:lambda$shutdown$3(261)) - 67f35358-9777-4ff9-96f4-8a61bc3a94fe@group-1A4316BA6214: shutdown
2019-10-17 06:48:34,168 [ForkJoinPool.commonPool-worker-0] INFO  util.JmxRegister (JmxRegister.java:unregister(73)) - Successfully un-registered JMX Bean with object name Ratis:service=RaftServer,group=group-21BA9BD4283D,id=b9cfa588-8e56-4331-be2f-4c26f25c6739
2019-10-17 06:48:34,168 [main] INFO  util.JmxRegister (JmxRegister.java:unregister(73)) - Successfully un-registered JMX Bean with object name Ratis:service=RaftServer,group=group-1A4316BA6214,id=67f35358-9777-4ff9-96f4-8a61bc3a94fe
2019-10-17 06:48:34,168 [ForkJoinPool.commonPool-worker-0] INFO  impl.RoleInfo (RoleInfo.java:shutdownFollowerState(121)) - b9cfa588-8e56-4331-be2f-4c26f25c6739: shutdown FollowerState
2019-10-17 06:48:34,169 [main] INFO  impl.RoleInfo (RoleInfo.java:shutdownLeaderState(104)) - 67f35358-9777-4ff9-96f4-8a61bc3a94fe: shutdown LeaderState
2019-10-17 06:48:34,169 [Thread-4014] INFO  impl.FollowerState (FollowerState.java:run(117)) - b9cfa588-8e56-4331-be2f-4c26f25c6739@group-21BA9BD4283D-FollowerState was interrupted: java.lang.InterruptedException: sleep interrupted
2019-10-17 06:48:34,169 [ForkJoinPool.commonPool-worker-0] INFO  impl.StateMachineUpdater (StateMachineUpdater.java:stopAndJoin(136)) - b9cfa588-8e56-4331-be2f-4c26f25c6739@group-21BA9BD4283D-StateMachineUpdater: set stopIndex = -1
2019-10-17 06:48:34,169 [main] INFO  impl.PendingRequests (PendingRequests.java:sendNotLeaderResponses(202)) - 67f35358-9777-4ff9-96f4-8a61bc3a94fe@group-1A4316BA6214-PendingRequests: sendNotLeaderResponses
2019-10-17 06:48:34,169 [ForkJoinPool.commonPool-worker-0] INFO  impl.RaftServerImpl (ServerState.java:close(388)) - b9cfa588-8e56-4331-be2f-4c26f25c6739@group-21BA9BD4283D: closes. applyIndex: -1
2019-10-17 06:48:34,170 [main] INFO  impl.StateMachineUpdater (StateMachineUpdater.java:stopAndJoin(136)) - 67f35358-9777-4ff9-96f4-8a61bc3a94fe@group-1A4316BA6214-StateMachineUpdater: set stopIndex = 0
2019-10-17 06:48:34,170 [b9cfa588-8e56-4331-be2f-4c26f25c6739@group-21BA9BD4283D-SegmentedRaftLogWorker] INFO  segmented.SegmentedRaftLogWorker (SegmentedRaftLogWorker.java:run(316)) - b9cfa588-8e56-4331-be2f-4c26f25c6739@group-21BA9BD4283D-SegmentedRaftLogWorker was interrupted, exiting. There are 0 tasks remaining in the queue.
2019-10-17 06:48:34,170 [main] INFO  impl.RaftServerImpl (ServerState.java:close(388)) - 67f35358-9777-4ff9-96f4-8a61bc3a94fe@group-1A4316BA6214: closes. applyIndex: 0
2019-10-17 06:48:34,171 [ForkJoinPool.commonPool-worker-0] INFO  segmented.SegmentedRaftLogWorker (SegmentedRaftLogWorker.java:close(224)) - b9cfa588-8e56-4331-be2f-4c26f25c6739@group-21BA9BD4283D-SegmentedRaftLogWorker close()
2019-10-17 06:48:34,171 [67f35358-9777-4ff9-96f4-8a61bc3a94fe@group-1A4316BA6214-SegmentedRaftLogWorker] INFO  segmented.SegmentedRaftLogWorker (SegmentedRaftLogWorker.java:run(316)) - 67f35358-9777-4ff9-96f4-8a61bc3a94fe@group-1A4316BA6214-SegmentedRaftLogWorker was interrupted, exiting. There are 0 tasks remaining in the queue.
2019-10-17 06:48:34,173 [ForkJoinPool.commonPool-worker-0] INFO  impl.RaftServerImpl (RaftServerImpl.java:lambda$shutdown$3(261)) - b9cfa588-8e56-4331-be2f-4c26f25c6739@group-1C5C21C10390: shutdown
2019-10-17 06:48:34,174 [main] INFO  segmented.SegmentedRaftLogWorker (SegmentedRaftLogWorker.java:close(224)) - 67f35358-9777-4ff9-96f4-8a61bc3a94fe@group-1A4316BA6214-SegmentedRaftLogWorker close()
2019-10-17 06:48:34,174 [ForkJoinPool.commonPool-worker-0] INFO  util.JmxRegister (JmxRegister.java:unregister(73)) - Successfully un-registered JMX Bean with object name Ratis:service=RaftServer,group=group-1C5C21C10390,id=b9cfa588-8e56-4331-be2f-4c26f25c6739
2019-10-17 06:48:34,175 [main] INFO  impl.RaftServerImpl (RaftServerImpl.java:lambda$shutdown$3(261)) - 67f35358-9777-4ff9-96f4-8a61bc3a94fe@group-21BA9BD4283D: shutdown
2019-10-17 06:48:34,175 [ForkJoinPool.commonPool-worker-0] INFO  impl.RoleInfo (RoleInfo.java:shutdownLeaderState(104)) - b9cfa588-8e56-4331-be2f-4c26f25c6739: shutdown LeaderState
2019-10-17 06:48:34,175 [main] INFO  util.JmxRegister (JmxRegister.java:unregister(73)) - Successfully un-registered JMX Bean with object name Ratis:service=RaftServer,group=group-21BA9BD4283D,id=67f35358-9777-4ff9-96f4-8a61bc3a94fe
2019-10-17 06:48:34,176 [ForkJoinPool.commonPool-worker-0] INFO  impl.PendingRequests (PendingRequests.java:sendNotLeaderResponses(202)) - b9cfa588-8e56-4331-be2f-4c26f25c6739@group-1C5C21C10390-PendingRequests: sendNotLeaderResponses
2019-10-17 06:48:34,176 [main] INFO  impl.RoleInfo (RoleInfo.java:shutdownFollowerState(121)) - 67f35358-9777-4ff9-96f4-8a61bc3a94fe: shutdown FollowerState
2019-10-17 06:48:34,176 [ForkJoinPool.commonPool-worker-0] INFO  impl.StateMachineUpdater (StateMachineUpdater.java:stopAndJoin(136)) - b9cfa588-8e56-4331-be2f-4c26f25c6739@group-1C5C21C10390-StateMachineUpdater: set stopIndex = 0
2019-10-17 06:48:34,176 [Thread-4015] INFO  impl.FollowerState (FollowerState.java:run(108)) - 7c431f9d-51bc-458b-a3a6-511ec217d887@group-21BA9BD4283D-FollowerState: change to CANDIDATE, lastRpcTime:174ms, electionTimeout:174ms
2019-10-17 06:48:34,176 [Thread-4013] INFO  impl.FollowerState (FollowerState.java:run(117)) - 67f35358-9777-4ff9-96f4-8a61bc3a94fe@group-21BA9BD4283D-FollowerState was interrupted: java.lang.InterruptedException: sleep interrupted
2019-10-17 06:48:34,176 [main] INFO  impl.StateMachineUpdater (StateMachineUpdater.java:stopAndJoin(136)) - 67f35358-9777-4ff9-96f4-8a61bc3a94fe@group-21BA9BD4283D-StateMachineUpdater: set stopIndex = -1
2019-10-17 06:48:34,176 [ForkJoinPool.commonPool-worker-0] INFO  impl.RaftServerImpl (ServerState.java:close(388)) - b9cfa588-8e56-4331-be2f-4c26f25c6739@group-1C5C21C10390: closes. applyIndex: 0
2019-10-17 06:48:34,176 [Thread-4015] INFO  impl.RoleInfo (RoleInfo.java:shutdownFollowerState(121)) - 7c431f9d-51bc-458b-a3a6-511ec217d887: shutdown FollowerState
2019-10-17 06:48:34,176 [main] INFO  impl.RaftServerImpl (ServerState.java:close(388)) - 67f35358-9777-4ff9-96f4-8a61bc3a94fe@group-21BA9BD4283D: closes. applyIndex: -1
2019-10-17 06:48:34,177 [b9cfa588-8e56-4331-be2f-4c26f25c6739@group-1C5C21C10390-SegmentedRaftLogWorker] INFO  segmented.SegmentedRaftLogWorker (SegmentedRaftLogWorker.java:run(316)) - b9cfa588-8e56-4331-be2f-4c26f25c6739@group-1C5C21C10390-SegmentedRaftLogWorker was interrupted, exiting. There are 0 tasks remaining in the queue.
2019-10-17 06:48:34,177 [Thread-4015] INFO  impl.RaftServerImpl (RaftServerImpl.java:setRole(184)) - 7c431f9d-51bc-458b-a3a6-511ec217d887@group-21BA9BD4283D: changes role from  FOLLOWER to CANDIDATE at term 463 for changeToCandidate
2019-10-17 06:48:34,177 [67f35358-9777-4ff9-96f4-8a61bc3a94fe@group-21BA9BD4283D-SegmentedRaftLogWorker] INFO  segmented.SegmentedRaftLogWorker (SegmentedRaftLogWorker.java:run(316)) - 67f35358-9777-4ff9-96f4-8a61bc3a94fe@group-21BA9BD4283D-SegmentedRaftLogWorker was interrupted, exiting. There are 0 tasks remaining in the queue.
2019-10-17 06:48:34,178 [Thread-4015] INFO  impl.RoleInfo (RoleInfo.java:updateAndGet(143)) - 7c431f9d-51bc-458b-a3a6-511ec217d887: start LeaderElection
2019-10-17 06:48:34,180 [main] INFO  segmented.SegmentedRaftLogWorker (SegmentedRaftLogWorker.java:close(224)) - 67f35358-9777-4ff9-96f4-8a61bc3a94fe@group-21BA9BD4283D-SegmentedRaftLogWorker close()
2019-10-17 06:48:34,180 [ForkJoinPool.commonPool-worker-0] INFO  segmented.SegmentedRaftLogWorker (SegmentedRaftLogWorker.java:close(224)) - b9cfa588-8e56-4331-be2f-4c26f25c6739@group-1C5C21C10390-SegmentedRaftLogWorker close()
2019-10-17 06:48:34,181 [main] INFO  server.GrpcService (GrpcService.java:closeImpl(164)) - 67f35358-9777-4ff9-96f4-8a61bc3a94fe: shutdown server with port 37037 now
2019-10-17 06:48:34,183 [ForkJoinPool.commonPool-worker-0] INFO  server.GrpcService (GrpcService.java:closeImpl(164)) - b9cfa588-8e56-4331-be2f-4c26f25c6739: shutdown server with port 34777 now
2019-10-17 06:48:34,183 [main] INFO  server.GrpcService (GrpcService.java:closeImpl(172)) - 67f35358-9777-4ff9-96f4-8a61bc3a94fe: shutdown server with port 37037 successfully
2019-10-17 06:48:34,183 [ForkJoinPool.commonPool-worker-0] INFO  server.GrpcService (GrpcService.java:closeImpl(172)) - b9cfa588-8e56-4331-be2f-4c26f25c6739: shutdown server with port 34777 successfully
2019-10-17 06:48:34,185 [refreshUsed-/workdir/hadoop-ozone/integration-test/target/test-dir/MiniOzoneClusterImpl-3afb9865-6449-4209-9387-449993352e62/datanode-1/data/containers] WARN  fs.CachingGetSpaceUsed (CachingGetSpaceUsed.java:run(183)) - Thread Interrupted waiting to refresh disk information: sleep interrupted
2019-10-17 06:48:34,186 [refreshUsed-/workdir/hadoop-ozone/integration-test/target/test-dir/MiniOzoneClusterImpl-3afb9865-6449-4209-9387-449993352e62/datanode-0/data/containers] WARN  fs.CachingGetSpaceUsed (CachingGetSpaceUsed.java:run(183)) - Thread Interrupted waiting to refresh disk information: sleep interrupted
2019-10-17 06:48:34,200 [ForkJoinPool.commonPool-worker-0] INFO  utils.BackgroundService (BackgroundService.java:shutdown(151)) - Shutting down service BlockDeletingService
2019-10-17 06:48:34,202 [ForkJoinPool.commonPool-worker-0] INFO  statemachine.DatanodeStateMachine (DatanodeStateMachine.java:stopDaemon(395)) - Ozone container server stopped.
2019-10-17 06:48:34,203 [main] INFO  utils.BackgroundService (BackgroundService.java:shutdown(151)) - Shutting down service BlockDeletingService
2019-10-17 06:48:34,205 [main] INFO  statemachine.DatanodeStateMachine (DatanodeStateMachine.java:stopDaemon(395)) - Ozone container server stopped.
2019-10-17 06:48:34,205 [7c431f9d-51bc-458b-a3a6-511ec217d887@group-21BA9BD4283D-LeaderElection499] INFO  impl.LeaderElection (LeaderElection.java:askForVotes(178)) - 7c431f9d-51bc-458b-a3a6-511ec217d887@group-21BA9BD4283D-LeaderElection499: begin an election at term 464 for -1: [67f35358-9777-4ff9-96f4-8a61bc3a94fe:192.168.34.62:37037, 7c431f9d-51bc-458b-a3a6-511ec217d887:192.168.34.62:40420, b9cfa588-8e56-4331-be2f-4c26f25c6739:192.168.34.62:34777], old=null
2019-10-17 06:48:34,205 [ForkJoinPool.commonPool-worker-0] INFO  handler.ContextHandler (ContextHandler.java:doStop(910)) - Stopped o.e.j.w.WebAppContext@786ff1cb{/,null,UNAVAILABLE}{/hddsDatanode}
2019-10-17 06:48:34,206 [main] INFO  handler.ContextHandler (ContextHandler.java:doStop(910)) - Stopped o.e.j.w.WebAppContext@2954f6ab{/,null,UNAVAILABLE}{/hddsDatanode}
2019-10-17 06:48:34,206 [ForkJoinPool.commonPool-worker-0] INFO  server.AbstractConnector (AbstractConnector.java:doStop(318)) - Stopped ServerConnector@46039a21{HTTP/1.1,[http/1.1]}{0.0.0.0:0}
2019-10-17 06:48:34,207 [ForkJoinPool.commonPool-worker-0] INFO  handler.ContextHandler (ContextHandler.java:doStop(910)) - Stopped o.e.j.s.ServletContextHandler@65fe2691{/static,jar:file:/home/user/.m2/repository/org/apache/hadoop/hadoop-hdds-container-service/0.5.0-SNAPSHOT/hadoop-hdds-container-service-0.5.0-SNAPSHOT.jar!/webapps/static,UNAVAILABLE}
2019-10-17 06:48:34,207 [main] INFO  server.AbstractConnector (AbstractConnector.java:doStop(318)) - Stopped ServerConnector@58fbd02e{HTTP/1.1,[http/1.1]}{0.0.0.0:0}
2019-10-17 06:48:34,208 [ForkJoinPool.commonPool-worker-0] INFO  handler.ContextHandler (ContextHandler.java:doStop(910)) - Stopped o.e.j.s.ServletContextHandler@54089484{/logs,file:///workdir/hadoop-ozone/integration-test/target/log,UNAVAILABLE}
2019-10-17 06:48:34,208 [main] INFO  handler.ContextHandler (ContextHandler.java:doStop(910)) - Stopped o.e.j.s.ServletContextHandler@38b3f208{/static,jar:file:/home/user/.m2/repository/org/apache/hadoop/hadoop-hdds-container-service/0.5.0-SNAPSHOT/hadoop-hdds-container-service-0.5.0-SNAPSHOT.jar!/webapps/static,UNAVAILABLE}
2019-10-17 06:48:34,208 [main] INFO  handler.ContextHandler (ContextHandler.java:doStop(910)) - Stopped o.e.j.s.ServletContextHandler@b67cc70{/logs,file:///workdir/hadoop-ozone/integration-test/target/log,UNAVAILABLE}
2019-10-17 06:48:34,210 [7c431f9d-51bc-458b-a3a6-511ec217d887@group-21BA9BD4283D-LeaderElection499] INFO  impl.LeaderElection (LogUtils.java:infoOrTrace(149)) - 7c431f9d-51bc-458b-a3a6-511ec217d887@group-21BA9BD4283D-LeaderElection499 got exception when requesting votes: {}
java.util.concurrent.ExecutionException: org.apache.ratis.thirdparty.io.grpc.StatusRuntimeException: UNAVAILABLE: io exception
	at java.util.concurrent.FutureTask.report(FutureTask.java:122)
	at java.util.concurrent.FutureTask.get(FutureTask.java:192)
	at org.apache.ratis.server.impl.LeaderElection.waitForResults(LeaderElection.java:259)
	at org.apache.ratis.server.impl.LeaderElection.askForVotes(LeaderElection.java:197)
	at org.apache.ratis.server.impl.LeaderElection.run(LeaderElection.java:133)
	at java.lang.Thread.run(Thread.java:748)
Caused by: org.apache.ratis.thirdparty.io.grpc.StatusRuntimeException: UNAVAILABLE: io exception
	at org.apache.ratis.thirdparty.io.grpc.stub.ClientCalls.toStatusRuntimeException(ClientCalls.java:233)
	at org.apache.ratis.thirdparty.io.grpc.stub.ClientCalls.getUnchecked(ClientCalls.java:214)
	at org.apache.ratis.thirdparty.io.grpc.stub.ClientCalls.blockingUnaryCall(ClientCalls.java:139)
	at org.apache.ratis.proto.grpc.RaftServerProtocolServiceGrpc$RaftServerProtocolServiceBlockingStub.requestVote(RaftServerProtocolServiceGrpc.java:265)
	at org.apache.ratis.grpc.server.GrpcServerProtocolClient.requestVote(GrpcServerProtocolClient.java:99)
	at org.apache.ratis.grpc.server.GrpcService.requestVote(GrpcService.java:204)
	at org.apache.ratis.server.impl.LeaderElection.lambda$submitRequests$1(LeaderElection.java:234)
	at java.util.concurrent.FutureTask.run(FutureTask.java:266)
	at java.util.concurrent.Executors$RunnableAdapter.call(Executors.java:511)
	at java.util.concurrent.FutureTask.run(FutureTask.java:266)
	at java.util.concurrent.ThreadPoolExecutor.runWorker(ThreadPoolExecutor.java:1149)
	at java.util.concurrent.ThreadPoolExecutor$Worker.run(ThreadPoolExecutor.java:624)
	... 1 more
Caused by: org.apache.ratis.thirdparty.io.netty.channel.AbstractChannel$AnnotatedConnectException: Connection refused: /192.168.34.62:34777
	at sun.nio.ch.SocketChannelImpl.checkConnect(Native Method)
	at sun.nio.ch.SocketChannelImpl.finishConnect(SocketChannelImpl.java:717)
	at org.apache.ratis.thirdparty.io.netty.channel.socket.nio.NioSocketChannel.doFinishConnect(NioSocketChannel.java:327)
	at org.apache.ratis.thirdparty.io.netty.channel.nio.AbstractNioChannel$AbstractNioUnsafe.finishConnect(AbstractNioChannel.java:340)
	at org.apache.ratis.thirdparty.io.netty.channel.nio.NioEventLoop.processSelectedKey(NioEventLoop.java:632)
	at org.apache.ratis.thirdparty.io.netty.channel.nio.NioEventLoop.processSelectedKeysOptimized(NioEventLoop.java:579)
	at org.apache.ratis.thirdparty.io.netty.channel.nio.NioEventLoop.processSelectedKeys(NioEventLoop.java:496)
	at org.apache.ratis.thirdparty.io.netty.channel.nio.NioEventLoop.run(NioEventLoop.java:458)
	at org.apache.ratis.thirdparty.io.netty.util.concurrent.SingleThreadEventExecutor$5.run(SingleThreadEventExecutor.java:897)
	at org.apache.ratis.thirdparty.io.netty.util.concurrent.FastThreadLocalRunnable.run(FastThreadLocalRunnable.java:30)
	... 1 more
Caused by: java.net.ConnectException: Connection refused
	... 11 more
2019-10-17 06:48:34,211 [7c431f9d-51bc-458b-a3a6-511ec217d887@group-21BA9BD4283D-LeaderElection499] INFO  impl.LeaderElection (LogUtils.java:infoOrTrace(149)) - 7c431f9d-51bc-458b-a3a6-511ec217d887@group-21BA9BD4283D-LeaderElection499 got exception when requesting votes: {}
java.util.concurrent.ExecutionException: org.apache.ratis.thirdparty.io.grpc.StatusRuntimeException: UNAVAILABLE: io exception
	at java.util.concurrent.FutureTask.report(FutureTask.java:122)
	at java.util.concurrent.FutureTask.get(FutureTask.java:192)
	at org.apache.ratis.server.impl.LeaderElection.waitForResults(LeaderElection.java:259)
	at org.apache.ratis.server.impl.LeaderElection.askForVotes(LeaderElection.java:197)
	at org.apache.ratis.server.impl.LeaderElection.run(LeaderElection.java:133)
	at java.lang.Thread.run(Thread.java:748)
Caused by: org.apache.ratis.thirdparty.io.grpc.StatusRuntimeException: UNAVAILABLE: io exception
	at org.apache.ratis.thirdparty.io.grpc.stub.ClientCalls.toStatusRuntimeException(ClientCalls.java:233)
	at org.apache.ratis.thirdparty.io.grpc.stub.ClientCalls.getUnchecked(ClientCalls.java:214)
	at org.apache.ratis.thirdparty.io.grpc.stub.ClientCalls.blockingUnaryCall(ClientCalls.java:139)
	at org.apache.ratis.proto.grpc.RaftServerProtocolServiceGrpc$RaftServerProtocolServiceBlockingStub.requestVote(RaftServerProtocolServiceGrpc.java:265)
	at org.apache.ratis.grpc.server.GrpcServerProtocolClient.requestVote(GrpcServerProtocolClient.java:99)
	at org.apache.ratis.grpc.server.GrpcService.requestVote(GrpcService.java:204)
	at org.apache.ratis.server.impl.LeaderElection.lambda$submitRequests$1(LeaderElection.java:234)
	at java.util.concurrent.FutureTask.run(FutureTask.java:266)
	at java.util.concurrent.Executors$RunnableAdapter.call(Executors.java:511)
	at java.util.concurrent.FutureTask.run(FutureTask.java:266)
	at java.util.concurrent.ThreadPoolExecutor.runWorker(ThreadPoolExecutor.java:1149)
	at java.util.concurrent.ThreadPoolExecutor$Worker.run(ThreadPoolExecutor.java:624)
	... 1 more
Caused by: org.apache.ratis.thirdparty.io.netty.channel.AbstractChannel$AnnotatedConnectException: Connection refused: /192.168.34.62:37037
	at sun.nio.ch.SocketChannelImpl.checkConnect(Native Method)
	at sun.nio.ch.SocketChannelImpl.finishConnect(SocketChannelImpl.java:717)
	at org.apache.ratis.thirdparty.io.netty.channel.socket.nio.NioSocketChannel.doFinishConnect(NioSocketChannel.java:327)
	at org.apache.ratis.thirdparty.io.netty.channel.nio.AbstractNioChannel$AbstractNioUnsafe.finishConnect(AbstractNioChannel.java:340)
	at org.apache.ratis.thirdparty.io.netty.channel.nio.NioEventLoop.processSelectedKey(NioEventLoop.java:632)
	at org.apache.ratis.thirdparty.io.netty.channel.nio.NioEventLoop.processSelectedKeysOptimized(NioEventLoop.java:579)
	at org.apache.ratis.thirdparty.io.netty.channel.nio.NioEventLoop.processSelectedKeys(NioEventLoop.java:496)
	at org.apache.ratis.thirdparty.io.netty.channel.nio.NioEventLoop.run(NioEventLoop.java:458)
	at org.apache.ratis.thirdparty.io.netty.util.concurrent.SingleThreadEventExecutor$5.run(SingleThreadEventExecutor.java:897)
	at org.apache.ratis.thirdparty.io.netty.util.concurrent.FastThreadLocalRunnable.run(FastThreadLocalRunnable.java:30)
	... 1 more
Caused by: java.net.ConnectException: Connection refused
	... 11 more
2019-10-17 06:48:34,212 [7c431f9d-51bc-458b-a3a6-511ec217d887@group-21BA9BD4283D-LeaderElection499] INFO  impl.LeaderElection (LeaderElection.java:logAndReturn(56)) - 7c431f9d-51bc-458b-a3a6-511ec217d887@group-21BA9BD4283D-LeaderElection499: Election REJECTED; received 0 response(s) [] and 2 exception(s); 7c431f9d-51bc-458b-a3a6-511ec217d887@group-21BA9BD4283D:t464, leader=null, voted=7c431f9d-51bc-458b-a3a6-511ec217d887, raftlog=7c431f9d-51bc-458b-a3a6-511ec217d887@group-21BA9BD4283D-SegmentedRaftLog:OPENED:c-1,f-1,i0, conf=-1: [67f35358-9777-4ff9-96f4-8a61bc3a94fe:192.168.34.62:37037, 7c431f9d-51bc-458b-a3a6-511ec217d887:192.168.34.62:40420, b9cfa588-8e56-4331-be2f-4c26f25c6739:192.168.34.62:34777], old=null
2019-10-17 06:48:34,212 [7c431f9d-51bc-458b-a3a6-511ec217d887@group-21BA9BD4283D-LeaderElection499] INFO  impl.LeaderElection (LogUtils.java:infoOrTrace(149)) -   Exception 0: {}
java.util.concurrent.ExecutionException: org.apache.ratis.thirdparty.io.grpc.StatusRuntimeException: UNAVAILABLE: io exception
	at java.util.concurrent.FutureTask.report(FutureTask.java:122)
	at java.util.concurrent.FutureTask.get(FutureTask.java:192)
	at org.apache.ratis.server.impl.LeaderElection.waitForResults(LeaderElection.java:259)
	at org.apache.ratis.server.impl.LeaderElection.askForVotes(LeaderElection.java:197)
	at org.apache.ratis.server.impl.LeaderElection.run(LeaderElection.java:133)
	at java.lang.Thread.run(Thread.java:748)
Caused by: org.apache.ratis.thirdparty.io.grpc.StatusRuntimeException: UNAVAILABLE: io exception
	at org.apache.ratis.thirdparty.io.grpc.stub.ClientCalls.toStatusRuntimeException(ClientCalls.java:233)
	at org.apache.ratis.thirdparty.io.grpc.stub.ClientCalls.getUnchecked(ClientCalls.java:214)
	at org.apache.ratis.thirdparty.io.grpc.stub.ClientCalls.blockingUnaryCall(ClientCalls.java:139)
	at org.apache.ratis.proto.grpc.RaftServerProtocolServiceGrpc$RaftServerProtocolServiceBlockingStub.requestVote(RaftServerProtocolServiceGrpc.java:265)
	at org.apache.ratis.grpc.server.GrpcServerProtocolClient.requestVote(GrpcServerProtocolClient.java:99)
	at org.apache.ratis.grpc.server.GrpcService.requestVote(GrpcService.java:204)
	at org.apache.ratis.server.impl.LeaderElection.lambda$submitRequests$1(LeaderElection.java:234)
	at java.util.concurrent.FutureTask.run(FutureTask.java:266)
	at java.util.concurrent.Executors$RunnableAdapter.call(Executors.java:511)
	at java.util.concurrent.FutureTask.run(FutureTask.java:266)
	at java.util.concurrent.ThreadPoolExecutor.runWorker(ThreadPoolExecutor.java:1149)
	at java.util.concurrent.ThreadPoolExecutor$Worker.run(ThreadPoolExecutor.java:624)
	... 1 more
Caused by: org.apache.ratis.thirdparty.io.netty.channel.AbstractChannel$AnnotatedConnectException: Connection refused: /192.168.34.62:34777
	at sun.nio.ch.SocketChannelImpl.checkConnect(Native Method)
	at sun.nio.ch.SocketChannelImpl.finishConnect(SocketChannelImpl.java:717)
	at org.apache.ratis.thirdparty.io.netty.channel.socket.nio.NioSocketChannel.doFinishConnect(NioSocketChannel.java:327)
	at org.apache.ratis.thirdparty.io.netty.channel.nio.AbstractNioChannel$AbstractNioUnsafe.finishConnect(AbstractNioChannel.java:340)
	at org.apache.ratis.thirdparty.io.netty.channel.nio.NioEventLoop.processSelectedKey(NioEventLoop.java:632)
	at org.apache.ratis.thirdparty.io.netty.channel.nio.NioEventLoop.processSelectedKeysOptimized(NioEventLoop.java:579)
	at org.apache.ratis.thirdparty.io.netty.channel.nio.NioEventLoop.processSelectedKeys(NioEventLoop.java:496)
	at org.apache.ratis.thirdparty.io.netty.channel.nio.NioEventLoop.run(NioEventLoop.java:458)
	at org.apache.ratis.thirdparty.io.netty.util.concurrent.SingleThreadEventExecutor$5.run(SingleThreadEventExecutor.java:897)
	at org.apache.ratis.thirdparty.io.netty.util.concurrent.FastThreadLocalRunnable.run(FastThreadLocalRunnable.java:30)
	... 1 more
Caused by: java.net.ConnectException: Connection refused
	... 11 more
2019-10-17 06:48:34,212 [7c431f9d-51bc-458b-a3a6-511ec217d887@group-21BA9BD4283D-LeaderElection499] INFO  impl.LeaderElection (LogUtils.java:infoOrTrace(149)) -   Exception 1: {}
java.util.concurrent.ExecutionException: org.apache.ratis.thirdparty.io.grpc.StatusRuntimeException: UNAVAILABLE: io exception
	at java.util.concurrent.FutureTask.report(FutureTask.java:122)
	at java.util.concurrent.FutureTask.get(FutureTask.java:192)
	at org.apache.ratis.server.impl.LeaderElection.waitForResults(LeaderElection.java:259)
	at org.apache.ratis.server.impl.LeaderElection.askForVotes(LeaderElection.java:197)
	at org.apache.ratis.server.impl.LeaderElection.run(LeaderElection.java:133)
	at java.lang.Thread.run(Thread.java:748)
Caused by: org.apache.ratis.thirdparty.io.grpc.StatusRuntimeException: UNAVAILABLE: io exception
	at org.apache.ratis.thirdparty.io.grpc.stub.ClientCalls.toStatusRuntimeException(ClientCalls.java:233)
	at org.apache.ratis.thirdparty.io.grpc.stub.ClientCalls.getUnchecked(ClientCalls.java:214)
	at org.apache.ratis.thirdparty.io.grpc.stub.ClientCalls.blockingUnaryCall(ClientCalls.java:139)
	at org.apache.ratis.proto.grpc.RaftServerProtocolServiceGrpc$RaftServerProtocolServiceBlockingStub.requestVote(RaftServerProtocolServiceGrpc.java:265)
	at org.apache.ratis.grpc.server.GrpcServerProtocolClient.requestVote(GrpcServerProtocolClient.java:99)
	at org.apache.ratis.grpc.server.GrpcService.requestVote(GrpcService.java:204)
	at org.apache.ratis.server.impl.LeaderElection.lambda$submitRequests$1(LeaderElection.java:234)
	at java.util.concurrent.FutureTask.run(FutureTask.java:266)
	at java.util.concurrent.Executors$RunnableAdapter.call(Executors.java:511)
	at java.util.concurrent.FutureTask.run(FutureTask.java:266)
	at java.util.concurrent.ThreadPoolExecutor.runWorker(ThreadPoolExecutor.java:1149)
	at java.util.concurrent.ThreadPoolExecutor$Worker.run(ThreadPoolExecutor.java:624)
	... 1 more
Caused by: org.apache.ratis.thirdparty.io.netty.channel.AbstractChannel$AnnotatedConnectException: Connection refused: /192.168.34.62:37037
	at sun.nio.ch.SocketChannelImpl.checkConnect(Native Method)
	at sun.nio.ch.SocketChannelImpl.finishConnect(SocketChannelImpl.java:717)
	at org.apache.ratis.thirdparty.io.netty.channel.socket.nio.NioSocketChannel.doFinishConnect(NioSocketChannel.java:327)
	at org.apache.ratis.thirdparty.io.netty.channel.nio.AbstractNioChannel$AbstractNioUnsafe.finishConnect(AbstractNioChannel.java:340)
	at org.apache.ratis.thirdparty.io.netty.channel.nio.NioEventLoop.processSelectedKey(NioEventLoop.java:632)
	at org.apache.ratis.thirdparty.io.netty.channel.nio.NioEventLoop.processSelectedKeysOptimized(NioEventLoop.java:579)
	at org.apache.ratis.thirdparty.io.netty.channel.nio.NioEventLoop.processSelectedKeys(NioEventLoop.java:496)
	at org.apache.ratis.thirdparty.io.netty.channel.nio.NioEventLoop.run(NioEventLoop.java:458)
	at org.apache.ratis.thirdparty.io.netty.util.concurrent.SingleThreadEventExecutor$5.run(SingleThreadEventExecutor.java:897)
	at org.apache.ratis.thirdparty.io.netty.util.concurrent.FastThreadLocalRunnable.run(FastThreadLocalRunnable.java:30)
	... 1 more
Caused by: java.net.ConnectException: Connection refused
	... 11 more
2019-10-17 06:48:34,212 [7c431f9d-51bc-458b-a3a6-511ec217d887@group-21BA9BD4283D-LeaderElection499] INFO  impl.RaftServerImpl (RaftServerImpl.java:setRole(184)) - 7c431f9d-51bc-458b-a3a6-511ec217d887@group-21BA9BD4283D: changes role from CANDIDATE to FOLLOWER at term 464 for DISCOVERED_A_NEW_TERM
2019-10-17 06:48:34,213 [7c431f9d-51bc-458b-a3a6-511ec217d887@group-21BA9BD4283D-LeaderElection499] INFO  impl.RoleInfo (RoleInfo.java:shutdownLeaderElection(134)) - 7c431f9d-51bc-458b-a3a6-511ec217d887: shutdown LeaderElection
2019-10-17 06:48:34,213 [7c431f9d-51bc-458b-a3a6-511ec217d887@group-21BA9BD4283D-LeaderElection499] INFO  impl.RoleInfo (RoleInfo.java:updateAndGet(143)) - 7c431f9d-51bc-458b-a3a6-511ec217d887: start FollowerState
2019-10-17 06:48:34,352 [Thread-4019] INFO  impl.FollowerState (FollowerState.java:run(108)) - 7c431f9d-51bc-458b-a3a6-511ec217d887@group-21BA9BD4283D-FollowerState: change to CANDIDATE, lastRpcTime:139ms, electionTimeout:139ms
2019-10-17 06:48:34,352 [Thread-4019] INFO  impl.RoleInfo (RoleInfo.java:shutdownFollowerState(121)) - 7c431f9d-51bc-458b-a3a6-511ec217d887: shutdown FollowerState
2019-10-17 06:48:34,352 [Thread-4019] INFO  impl.RaftServerImpl (RaftServerImpl.java:setRole(184)) - 7c431f9d-51bc-458b-a3a6-511ec217d887@group-21BA9BD4283D: changes role from  FOLLOWER to CANDIDATE at term 464 for changeToCandidate
2019-10-17 06:48:34,352 [Thread-4019] INFO  impl.RoleInfo (RoleInfo.java:updateAndGet(143)) - 7c431f9d-51bc-458b-a3a6-511ec217d887: start LeaderElection
2019-10-17 06:48:34,365 [7c431f9d-51bc-458b-a3a6-511ec217d887@group-21BA9BD4283D-LeaderElection500] INFO  impl.LeaderElection (LeaderElection.java:askForVotes(178)) - 7c431f9d-51bc-458b-a3a6-511ec217d887@group-21BA9BD4283D-LeaderElection500: begin an election at term 465 for -1: [67f35358-9777-4ff9-96f4-8a61bc3a94fe:192.168.34.62:37037, 7c431f9d-51bc-458b-a3a6-511ec217d887:192.168.34.62:40420, b9cfa588-8e56-4331-be2f-4c26f25c6739:192.168.34.62:34777], old=null
2019-10-17 06:48:34,366 [7c431f9d-51bc-458b-a3a6-511ec217d887@group-21BA9BD4283D-LeaderElection500] INFO  impl.LeaderElection (LogUtils.java:infoOrTrace(149)) - 7c431f9d-51bc-458b-a3a6-511ec217d887@group-21BA9BD4283D-LeaderElection500 got exception when requesting votes: {}
java.util.concurrent.ExecutionException: org.apache.ratis.thirdparty.io.grpc.StatusRuntimeException: UNAVAILABLE: io exception
	at java.util.concurrent.FutureTask.report(FutureTask.java:122)
	at java.util.concurrent.FutureTask.get(FutureTask.java:192)
	at org.apache.ratis.server.impl.LeaderElection.waitForResults(LeaderElection.java:259)
	at org.apache.ratis.server.impl.LeaderElection.askForVotes(LeaderElection.java:197)
	at org.apache.ratis.server.impl.LeaderElection.run(LeaderElection.java:133)
	at java.lang.Thread.run(Thread.java:748)
Caused by: org.apache.ratis.thirdparty.io.grpc.StatusRuntimeException: UNAVAILABLE: io exception
	at org.apache.ratis.thirdparty.io.grpc.stub.ClientCalls.toStatusRuntimeException(ClientCalls.java:233)
	at org.apache.ratis.thirdparty.io.grpc.stub.ClientCalls.getUnchecked(ClientCalls.java:214)
	at org.apache.ratis.thirdparty.io.grpc.stub.ClientCalls.blockingUnaryCall(ClientCalls.java:139)
	at org.apache.ratis.proto.grpc.RaftServerProtocolServiceGrpc$RaftServerProtocolServiceBlockingStub.requestVote(RaftServerProtocolServiceGrpc.java:265)
	at org.apache.ratis.grpc.server.GrpcServerProtocolClient.requestVote(GrpcServerProtocolClient.java:99)
	at org.apache.ratis.grpc.server.GrpcService.requestVote(GrpcService.java:204)
	at org.apache.ratis.server.impl.LeaderElection.lambda$submitRequests$1(LeaderElection.java:234)
	at java.util.concurrent.FutureTask.run(FutureTask.java:266)
	at java.util.concurrent.Executors$RunnableAdapter.call(Executors.java:511)
	at java.util.concurrent.FutureTask.run(FutureTask.java:266)
	at java.util.concurrent.ThreadPoolExecutor.runWorker(ThreadPoolExecutor.java:1149)
	at java.util.concurrent.ThreadPoolExecutor$Worker.run(ThreadPoolExecutor.java:624)
	... 1 more
Caused by: org.apache.ratis.thirdparty.io.netty.channel.AbstractChannel$AnnotatedConnectException: Connection refused: /192.168.34.62:34777
	at sun.nio.ch.SocketChannelImpl.checkConnect(Native Method)
	at sun.nio.ch.SocketChannelImpl.finishConnect(SocketChannelImpl.java:717)
	at org.apache.ratis.thirdparty.io.netty.channel.socket.nio.NioSocketChannel.doFinishConnect(NioSocketChannel.java:327)
	at org.apache.ratis.thirdparty.io.netty.channel.nio.AbstractNioChannel$AbstractNioUnsafe.finishConnect(AbstractNioChannel.java:340)
	at org.apache.ratis.thirdparty.io.netty.channel.nio.NioEventLoop.processSelectedKey(NioEventLoop.java:632)
	at org.apache.ratis.thirdparty.io.netty.channel.nio.NioEventLoop.processSelectedKeysOptimized(NioEventLoop.java:579)
	at org.apache.ratis.thirdparty.io.netty.channel.nio.NioEventLoop.processSelectedKeys(NioEventLoop.java:496)
	at org.apache.ratis.thirdparty.io.netty.channel.nio.NioEventLoop.run(NioEventLoop.java:458)
	at org.apache.ratis.thirdparty.io.netty.util.concurrent.SingleThreadEventExecutor$5.run(SingleThreadEventExecutor.java:897)
	at org.apache.ratis.thirdparty.io.netty.util.concurrent.FastThreadLocalRunnable.run(FastThreadLocalRunnable.java:30)
	... 1 more
Caused by: java.net.ConnectException: Connection refused
	... 11 more
2019-10-17 06:48:34,368 [7c431f9d-51bc-458b-a3a6-511ec217d887@group-21BA9BD4283D-LeaderElection500] INFO  impl.LeaderElection (LogUtils.java:infoOrTrace(149)) - 7c431f9d-51bc-458b-a3a6-511ec217d887@group-21BA9BD4283D-LeaderElection500 got exception when requesting votes: {}
java.util.concurrent.ExecutionException: org.apache.ratis.thirdparty.io.grpc.StatusRuntimeException: UNAVAILABLE: io exception
	at java.util.concurrent.FutureTask.report(FutureTask.java:122)
	at java.util.concurrent.FutureTask.get(FutureTask.java:192)
	at org.apache.ratis.server.impl.LeaderElection.waitForResults(LeaderElection.java:259)
	at org.apache.ratis.server.impl.LeaderElection.askForVotes(LeaderElection.java:197)
	at org.apache.ratis.server.impl.LeaderElection.run(LeaderElection.java:133)
	at java.lang.Thread.run(Thread.java:748)
Caused by: org.apache.ratis.thirdparty.io.grpc.StatusRuntimeException: UNAVAILABLE: io exception
	at org.apache.ratis.thirdparty.io.grpc.stub.ClientCalls.toStatusRuntimeException(ClientCalls.java:233)
	at org.apache.ratis.thirdparty.io.grpc.stub.ClientCalls.getUnchecked(ClientCalls.java:214)
	at org.apache.ratis.thirdparty.io.grpc.stub.ClientCalls.blockingUnaryCall(ClientCalls.java:139)
	at org.apache.ratis.proto.grpc.RaftServerProtocolServiceGrpc$RaftServerProtocolServiceBlockingStub.requestVote(RaftServerProtocolServiceGrpc.java:265)
	at org.apache.ratis.grpc.server.GrpcServerProtocolClient.requestVote(GrpcServerProtocolClient.java:99)
	at org.apache.ratis.grpc.server.GrpcService.requestVote(GrpcService.java:204)
	at org.apache.ratis.server.impl.LeaderElection.lambda$submitRequests$1(LeaderElection.java:234)
	at java.util.concurrent.FutureTask.run(FutureTask.java:266)
	at java.util.concurrent.Executors$RunnableAdapter.call(Executors.java:511)
	at java.util.concurrent.FutureTask.run(FutureTask.java:266)
	at java.util.concurrent.ThreadPoolExecutor.runWorker(ThreadPoolExecutor.java:1149)
	at java.util.concurrent.ThreadPoolExecutor$Worker.run(ThreadPoolExecutor.java:624)
	... 1 more
Caused by: org.apache.ratis.thirdparty.io.netty.channel.AbstractChannel$AnnotatedConnectException: Connection refused: /192.168.34.62:37037
	at sun.nio.ch.SocketChannelImpl.checkConnect(Native Method)
	at sun.nio.ch.SocketChannelImpl.finishConnect(SocketChannelImpl.java:717)
	at org.apache.ratis.thirdparty.io.netty.channel.socket.nio.NioSocketChannel.doFinishConnect(NioSocketChannel.java:327)
	at org.apache.ratis.thirdparty.io.netty.channel.nio.AbstractNioChannel$AbstractNioUnsafe.finishConnect(AbstractNioChannel.java:340)
	at org.apache.ratis.thirdparty.io.netty.channel.nio.NioEventLoop.processSelectedKey(NioEventLoop.java:632)
	at org.apache.ratis.thirdparty.io.netty.channel.nio.NioEventLoop.processSelectedKeysOptimized(NioEventLoop.java:579)
	at org.apache.ratis.thirdparty.io.netty.channel.nio.NioEventLoop.processSelectedKeys(NioEventLoop.java:496)
	at org.apache.ratis.thirdparty.io.netty.channel.nio.NioEventLoop.run(NioEventLoop.java:458)
	at org.apache.ratis.thirdparty.io.netty.util.concurrent.SingleThreadEventExecutor$5.run(SingleThreadEventExecutor.java:897)
	at org.apache.ratis.thirdparty.io.netty.util.concurrent.FastThreadLocalRunnable.run(FastThreadLocalRunnable.java:30)
	... 1 more
Caused by: java.net.ConnectException: Connection refused
	... 11 more
2019-10-17 06:48:34,369 [7c431f9d-51bc-458b-a3a6-511ec217d887@group-21BA9BD4283D-LeaderElection500] INFO  impl.LeaderElection (LeaderElection.java:logAndReturn(56)) - 7c431f9d-51bc-458b-a3a6-511ec217d887@group-21BA9BD4283D-LeaderElection500: Election REJECTED; received 0 response(s) [] and 2 exception(s); 7c431f9d-51bc-458b-a3a6-511ec217d887@group-21BA9BD4283D:t465, leader=null, voted=7c431f9d-51bc-458b-a3a6-511ec217d887, raftlog=7c431f9d-51bc-458b-a3a6-511ec217d887@group-21BA9BD4283D-SegmentedRaftLog:OPENED:c-1,f-1,i0, conf=-1: [67f35358-9777-4ff9-96f4-8a61bc3a94fe:192.168.34.62:37037, 7c431f9d-51bc-458b-a3a6-511ec217d887:192.168.34.62:40420, b9cfa588-8e56-4331-be2f-4c26f25c6739:192.168.34.62:34777], old=null
2019-10-17 06:48:34,369 [7c431f9d-51bc-458b-a3a6-511ec217d887@group-21BA9BD4283D-LeaderElection500] INFO  impl.LeaderElection (LogUtils.java:infoOrTrace(149)) -   Exception 0: {}
java.util.concurrent.ExecutionException: org.apache.ratis.thirdparty.io.grpc.StatusRuntimeException: UNAVAILABLE: io exception
	at java.util.concurrent.FutureTask.report(FutureTask.java:122)
	at java.util.concurrent.FutureTask.get(FutureTask.java:192)
	at org.apache.ratis.server.impl.LeaderElection.waitForResults(LeaderElection.java:259)
	at org.apache.ratis.server.impl.LeaderElection.askForVotes(LeaderElection.java:197)
	at org.apache.ratis.server.impl.LeaderElection.run(LeaderElection.java:133)
	at java.lang.Thread.run(Thread.java:748)
Caused by: org.apache.ratis.thirdparty.io.grpc.StatusRuntimeException: UNAVAILABLE: io exception
	at org.apache.ratis.thirdparty.io.grpc.stub.ClientCalls.toStatusRuntimeException(ClientCalls.java:233)
	at org.apache.ratis.thirdparty.io.grpc.stub.ClientCalls.getUnchecked(ClientCalls.java:214)
	at org.apache.ratis.thirdparty.io.grpc.stub.ClientCalls.blockingUnaryCall(ClientCalls.java:139)
	at org.apache.ratis.proto.grpc.RaftServerProtocolServiceGrpc$RaftServerProtocolServiceBlockingStub.requestVote(RaftServerProtocolServiceGrpc.java:265)
	at org.apache.ratis.grpc.server.GrpcServerProtocolClient.requestVote(GrpcServerProtocolClient.java:99)
	at org.apache.ratis.grpc.server.GrpcService.requestVote(GrpcService.java:204)
	at org.apache.ratis.server.impl.LeaderElection.lambda$submitRequests$1(LeaderElection.java:234)
	at java.util.concurrent.FutureTask.run(FutureTask.java:266)
	at java.util.concurrent.Executors$RunnableAdapter.call(Executors.java:511)
	at java.util.concurrent.FutureTask.run(FutureTask.java:266)
	at java.util.concurrent.ThreadPoolExecutor.runWorker(ThreadPoolExecutor.java:1149)
	at java.util.concurrent.ThreadPoolExecutor$Worker.run(ThreadPoolExecutor.java:624)
	... 1 more
Caused by: org.apache.ratis.thirdparty.io.netty.channel.AbstractChannel$AnnotatedConnectException: Connection refused: /192.168.34.62:34777
	at sun.nio.ch.SocketChannelImpl.checkConnect(Native Method)
	at sun.nio.ch.SocketChannelImpl.finishConnect(SocketChannelImpl.java:717)
	at org.apache.ratis.thirdparty.io.netty.channel.socket.nio.NioSocketChannel.doFinishConnect(NioSocketChannel.java:327)
	at org.apache.ratis.thirdparty.io.netty.channel.nio.AbstractNioChannel$AbstractNioUnsafe.finishConnect(AbstractNioChannel.java:340)
	at org.apache.ratis.thirdparty.io.netty.channel.nio.NioEventLoop.processSelectedKey(NioEventLoop.java:632)
	at org.apache.ratis.thirdparty.io.netty.channel.nio.NioEventLoop.processSelectedKeysOptimized(NioEventLoop.java:579)
	at org.apache.ratis.thirdparty.io.netty.channel.nio.NioEventLoop.processSelectedKeys(NioEventLoop.java:496)
	at org.apache.ratis.thirdparty.io.netty.channel.nio.NioEventLoop.run(NioEventLoop.java:458)
	at org.apache.ratis.thirdparty.io.netty.util.concurrent.SingleThreadEventExecutor$5.run(SingleThreadEventExecutor.java:897)
	at org.apache.ratis.thirdparty.io.netty.util.concurrent.FastThreadLocalRunnable.run(FastThreadLocalRunnable.java:30)
	... 1 more
Caused by: java.net.ConnectException: Connection refused
	... 11 more
2019-10-17 06:48:34,370 [7c431f9d-51bc-458b-a3a6-511ec217d887@group-21BA9BD4283D-LeaderElection500] INFO  impl.LeaderElection (LogUtils.java:infoOrTrace(149)) -   Exception 1: {}
java.util.concurrent.ExecutionException: org.apache.ratis.thirdparty.io.grpc.StatusRuntimeException: UNAVAILABLE: io exception
	at java.util.concurrent.FutureTask.report(FutureTask.java:122)
	at java.util.concurrent.FutureTask.get(FutureTask.java:192)
	at org.apache.ratis.server.impl.LeaderElection.waitForResults(LeaderElection.java:259)
	at org.apache.ratis.server.impl.LeaderElection.askForVotes(LeaderElection.java:197)
	at org.apache.ratis.server.impl.LeaderElection.run(LeaderElection.java:133)
	at java.lang.Thread.run(Thread.java:748)
Caused by: org.apache.ratis.thirdparty.io.grpc.StatusRuntimeException: UNAVAILABLE: io exception
	at org.apache.ratis.thirdparty.io.grpc.stub.ClientCalls.toStatusRuntimeException(ClientCalls.java:233)
	at org.apache.ratis.thirdparty.io.grpc.stub.ClientCalls.getUnchecked(ClientCalls.java:214)
	at org.apache.ratis.thirdparty.io.grpc.stub.ClientCalls.blockingUnaryCall(ClientCalls.java:139)
	at org.apache.ratis.proto.grpc.RaftServerProtocolServiceGrpc$RaftServerProtocolServiceBlockingStub.requestVote(RaftServerProtocolServiceGrpc.java:265)
	at org.apache.ratis.grpc.server.GrpcServerProtocolClient.requestVote(GrpcServerProtocolClient.java:99)
	at org.apache.ratis.grpc.server.GrpcService.requestVote(GrpcService.java:204)
	at org.apache.ratis.server.impl.LeaderElection.lambda$submitRequests$1(LeaderElection.java:234)
	at java.util.concurrent.FutureTask.run(FutureTask.java:266)
	at java.util.concurrent.Executors$RunnableAdapter.call(Executors.java:511)
	at java.util.concurrent.FutureTask.run(FutureTask.java:266)
	at java.util.concurrent.ThreadPoolExecutor.runWorker(ThreadPoolExecutor.java:1149)
	at java.util.concurrent.ThreadPoolExecutor$Worker.run(ThreadPoolExecutor.java:624)
	... 1 more
Caused by: org.apache.ratis.thirdparty.io.netty.channel.AbstractChannel$AnnotatedConnectException: Connection refused: /192.168.34.62:37037
	at sun.nio.ch.SocketChannelImpl.checkConnect(Native Method)
	at sun.nio.ch.SocketChannelImpl.finishConnect(SocketChannelImpl.java:717)
	at org.apache.ratis.thirdparty.io.netty.channel.socket.nio.NioSocketChannel.doFinishConnect(NioSocketChannel.java:327)
	at org.apache.ratis.thirdparty.io.netty.channel.nio.AbstractNioChannel$AbstractNioUnsafe.finishConnect(AbstractNioChannel.java:340)
	at org.apache.ratis.thirdparty.io.netty.channel.nio.NioEventLoop.processSelectedKey(NioEventLoop.java:632)
	at org.apache.ratis.thirdparty.io.netty.channel.nio.NioEventLoop.processSelectedKeysOptimized(NioEventLoop.java:579)
	at org.apache.ratis.thirdparty.io.netty.channel.nio.NioEventLoop.processSelectedKeys(NioEventLoop.java:496)
	at org.apache.ratis.thirdparty.io.netty.channel.nio.NioEventLoop.run(NioEventLoop.java:458)
	at org.apache.ratis.thirdparty.io.netty.util.concurrent.SingleThreadEventExecutor$5.run(SingleThreadEventExecutor.java:897)
	at org.apache.ratis.thirdparty.io.netty.util.concurrent.FastThreadLocalRunnable.run(FastThreadLocalRunnable.java:30)
	... 1 more
Caused by: java.net.ConnectException: Connection refused
	... 11 more
2019-10-17 06:48:34,370 [7c431f9d-51bc-458b-a3a6-511ec217d887@group-21BA9BD4283D-LeaderElection500] INFO  impl.RaftServerImpl (RaftServerImpl.java:setRole(184)) - 7c431f9d-51bc-458b-a3a6-511ec217d887@group-21BA9BD4283D: changes role from CANDIDATE to FOLLOWER at term 465 for DISCOVERED_A_NEW_TERM
2019-10-17 06:48:34,370 [7c431f9d-51bc-458b-a3a6-511ec217d887@group-21BA9BD4283D-LeaderElection500] INFO  impl.RoleInfo (RoleInfo.java:shutdownLeaderElection(134)) - 7c431f9d-51bc-458b-a3a6-511ec217d887: shutdown LeaderElection
2019-10-17 06:48:34,371 [7c431f9d-51bc-458b-a3a6-511ec217d887@group-21BA9BD4283D-LeaderElection500] INFO  impl.RoleInfo (RoleInfo.java:updateAndGet(143)) - 7c431f9d-51bc-458b-a3a6-511ec217d887: start FollowerState
2019-10-17 06:48:34,470 [Thread-4023] INFO  impl.FollowerState (FollowerState.java:run(108)) - 7c431f9d-51bc-458b-a3a6-511ec217d887@group-21BA9BD4283D-FollowerState: change to CANDIDATE, lastRpcTime:99ms, electionTimeout:99ms
2019-10-17 06:48:34,470 [Thread-4023] INFO  impl.RoleInfo (RoleInfo.java:shutdownFollowerState(121)) - 7c431f9d-51bc-458b-a3a6-511ec217d887: shutdown FollowerState
2019-10-17 06:48:34,470 [Thread-4023] INFO  impl.RaftServerImpl (RaftServerImpl.java:setRole(184)) - 7c431f9d-51bc-458b-a3a6-511ec217d887@group-21BA9BD4283D: changes role from  FOLLOWER to CANDIDATE at term 465 for changeToCandidate
2019-10-17 06:48:34,470 [Thread-4023] INFO  impl.RoleInfo (RoleInfo.java:updateAndGet(143)) - 7c431f9d-51bc-458b-a3a6-511ec217d887: start LeaderElection
2019-10-17 06:48:34,490 [7c431f9d-51bc-458b-a3a6-511ec217d887@group-21BA9BD4283D-LeaderElection501] INFO  impl.LeaderElection (LeaderElection.java:askForVotes(178)) - 7c431f9d-51bc-458b-a3a6-511ec217d887@group-21BA9BD4283D-LeaderElection501: begin an election at term 466 for -1: [67f35358-9777-4ff9-96f4-8a61bc3a94fe:192.168.34.62:37037, 7c431f9d-51bc-458b-a3a6-511ec217d887:192.168.34.62:40420, b9cfa588-8e56-4331-be2f-4c26f25c6739:192.168.34.62:34777], old=null
2019-10-17 06:48:34,491 [7c431f9d-51bc-458b-a3a6-511ec217d887@group-21BA9BD4283D-LeaderElection501] INFO  impl.LeaderElection (LogUtils.java:infoOrTrace(149)) - 7c431f9d-51bc-458b-a3a6-511ec217d887@group-21BA9BD4283D-LeaderElection501 got exception when requesting votes: {}
java.util.concurrent.ExecutionException: org.apache.ratis.thirdparty.io.grpc.StatusRuntimeException: UNAVAILABLE: io exception
	at java.util.concurrent.FutureTask.report(FutureTask.java:122)
	at java.util.concurrent.FutureTask.get(FutureTask.java:192)
	at org.apache.ratis.server.impl.LeaderElection.waitForResults(LeaderElection.java:259)
	at org.apache.ratis.server.impl.LeaderElection.askForVotes(LeaderElection.java:197)
	at org.apache.ratis.server.impl.LeaderElection.run(LeaderElection.java:133)
	at java.lang.Thread.run(Thread.java:748)
Caused by: org.apache.ratis.thirdparty.io.grpc.StatusRuntimeException: UNAVAILABLE: io exception
	at org.apache.ratis.thirdparty.io.grpc.stub.ClientCalls.toStatusRuntimeException(ClientCalls.java:233)
	at org.apache.ratis.thirdparty.io.grpc.stub.ClientCalls.getUnchecked(ClientCalls.java:214)
	at org.apache.ratis.thirdparty.io.grpc.stub.ClientCalls.blockingUnaryCall(ClientCalls.java:139)
	at org.apache.ratis.proto.grpc.RaftServerProtocolServiceGrpc$RaftServerProtocolServiceBlockingStub.requestVote(RaftServerProtocolServiceGrpc.java:265)
	at org.apache.ratis.grpc.server.GrpcServerProtocolClient.requestVote(GrpcServerProtocolClient.java:99)
	at org.apache.ratis.grpc.server.GrpcService.requestVote(GrpcService.java:204)
	at org.apache.ratis.server.impl.LeaderElection.lambda$submitRequests$1(LeaderElection.java:234)
	at java.util.concurrent.FutureTask.run(FutureTask.java:266)
	at java.util.concurrent.Executors$RunnableAdapter.call(Executors.java:511)
	at java.util.concurrent.FutureTask.run(FutureTask.java:266)
	at java.util.concurrent.ThreadPoolExecutor.runWorker(ThreadPoolExecutor.java:1149)
	at java.util.concurrent.ThreadPoolExecutor$Worker.run(ThreadPoolExecutor.java:624)
	... 1 more
Caused by: org.apache.ratis.thirdparty.io.netty.channel.AbstractChannel$AnnotatedConnectException: Connection refused: /192.168.34.62:34777
	at sun.nio.ch.SocketChannelImpl.checkConnect(Native Method)
	at sun.nio.ch.SocketChannelImpl.finishConnect(SocketChannelImpl.java:717)
	at org.apache.ratis.thirdparty.io.netty.channel.socket.nio.NioSocketChannel.doFinishConnect(NioSocketChannel.java:327)
	at org.apache.ratis.thirdparty.io.netty.channel.nio.AbstractNioChannel$AbstractNioUnsafe.finishConnect(AbstractNioChannel.java:340)
	at org.apache.ratis.thirdparty.io.netty.channel.nio.NioEventLoop.processSelectedKey(NioEventLoop.java:632)
	at org.apache.ratis.thirdparty.io.netty.channel.nio.NioEventLoop.processSelectedKeysOptimized(NioEventLoop.java:579)
	at org.apache.ratis.thirdparty.io.netty.channel.nio.NioEventLoop.processSelectedKeys(NioEventLoop.java:496)
	at org.apache.ratis.thirdparty.io.netty.channel.nio.NioEventLoop.run(NioEventLoop.java:458)
	at org.apache.ratis.thirdparty.io.netty.util.concurrent.SingleThreadEventExecutor$5.run(SingleThreadEventExecutor.java:897)
	at org.apache.ratis.thirdparty.io.netty.util.concurrent.FastThreadLocalRunnable.run(FastThreadLocalRunnable.java:30)
	... 1 more
Caused by: java.net.ConnectException: Connection refused
	... 11 more
2019-10-17 06:48:34,493 [7c431f9d-51bc-458b-a3a6-511ec217d887@group-21BA9BD4283D-LeaderElection501] INFO  impl.LeaderElection (LogUtils.java:infoOrTrace(149)) - 7c431f9d-51bc-458b-a3a6-511ec217d887@group-21BA9BD4283D-LeaderElection501 got exception when requesting votes: {}
java.util.concurrent.ExecutionException: org.apache.ratis.thirdparty.io.grpc.StatusRuntimeException: UNAVAILABLE: io exception
	at java.util.concurrent.FutureTask.report(FutureTask.java:122)
	at java.util.concurrent.FutureTask.get(FutureTask.java:192)
	at org.apache.ratis.server.impl.LeaderElection.waitForResults(LeaderElection.java:259)
	at org.apache.ratis.server.impl.LeaderElection.askForVotes(LeaderElection.java:197)
	at org.apache.ratis.server.impl.LeaderElection.run(LeaderElection.java:133)
	at java.lang.Thread.run(Thread.java:748)
Caused by: org.apache.ratis.thirdparty.io.grpc.StatusRuntimeException: UNAVAILABLE: io exception
	at org.apache.ratis.thirdparty.io.grpc.stub.ClientCalls.toStatusRuntimeException(ClientCalls.java:233)
	at org.apache.ratis.thirdparty.io.grpc.stub.ClientCalls.getUnchecked(ClientCalls.java:214)
	at org.apache.ratis.thirdparty.io.grpc.stub.ClientCalls.blockingUnaryCall(ClientCalls.java:139)
	at org.apache.ratis.proto.grpc.RaftServerProtocolServiceGrpc$RaftServerProtocolServiceBlockingStub.requestVote(RaftServerProtocolServiceGrpc.java:265)
	at org.apache.ratis.grpc.server.GrpcServerProtocolClient.requestVote(GrpcServerProtocolClient.java:99)
	at org.apache.ratis.grpc.server.GrpcService.requestVote(GrpcService.java:204)
	at org.apache.ratis.server.impl.LeaderElection.lambda$submitRequests$1(LeaderElection.java:234)
	at java.util.concurrent.FutureTask.run(FutureTask.java:266)
	at java.util.concurrent.Executors$RunnableAdapter.call(Executors.java:511)
	at java.util.concurrent.FutureTask.run(FutureTask.java:266)
	at java.util.concurrent.ThreadPoolExecutor.runWorker(ThreadPoolExecutor.java:1149)
	at java.util.concurrent.ThreadPoolExecutor$Worker.run(ThreadPoolExecutor.java:624)
	... 1 more
Caused by: org.apache.ratis.thirdparty.io.netty.channel.AbstractChannel$AnnotatedConnectException: Connection refused: /192.168.34.62:37037
	at sun.nio.ch.SocketChannelImpl.checkConnect(Native Method)
	at sun.nio.ch.SocketChannelImpl.finishConnect(SocketChannelImpl.java:717)
	at org.apache.ratis.thirdparty.io.netty.channel.socket.nio.NioSocketChannel.doFinishConnect(NioSocketChannel.java:327)
	at org.apache.ratis.thirdparty.io.netty.channel.nio.AbstractNioChannel$AbstractNioUnsafe.finishConnect(AbstractNioChannel.java:340)
	at org.apache.ratis.thirdparty.io.netty.channel.nio.NioEventLoop.processSelectedKey(NioEventLoop.java:632)
	at org.apache.ratis.thirdparty.io.netty.channel.nio.NioEventLoop.processSelectedKeysOptimized(NioEventLoop.java:579)
	at org.apache.ratis.thirdparty.io.netty.channel.nio.NioEventLoop.processSelectedKeys(NioEventLoop.java:496)
	at org.apache.ratis.thirdparty.io.netty.channel.nio.NioEventLoop.run(NioEventLoop.java:458)
	at org.apache.ratis.thirdparty.io.netty.util.concurrent.SingleThreadEventExecutor$5.run(SingleThreadEventExecutor.java:897)
	at org.apache.ratis.thirdparty.io.netty.util.concurrent.FastThreadLocalRunnable.run(FastThreadLocalRunnable.java:30)
	... 1 more
Caused by: java.net.ConnectException: Connection refused
	... 11 more
2019-10-17 06:48:34,494 [7c431f9d-51bc-458b-a3a6-511ec217d887@group-21BA9BD4283D-LeaderElection501] INFO  impl.LeaderElection (LeaderElection.java:logAndReturn(56)) - 7c431f9d-51bc-458b-a3a6-511ec217d887@group-21BA9BD4283D-LeaderElection501: Election REJECTED; received 0 response(s) [] and 2 exception(s); 7c431f9d-51bc-458b-a3a6-511ec217d887@group-21BA9BD4283D:t466, leader=null, voted=7c431f9d-51bc-458b-a3a6-511ec217d887, raftlog=7c431f9d-51bc-458b-a3a6-511ec217d887@group-21BA9BD4283D-SegmentedRaftLog:OPENED:c-1,f-1,i0, conf=-1: [67f35358-9777-4ff9-96f4-8a61bc3a94fe:192.168.34.62:37037, 7c431f9d-51bc-458b-a3a6-511ec217d887:192.168.34.62:40420, b9cfa588-8e56-4331-be2f-4c26f25c6739:192.168.34.62:34777], old=null
2019-10-17 06:48:34,494 [7c431f9d-51bc-458b-a3a6-511ec217d887@group-21BA9BD4283D-LeaderElection501] INFO  impl.LeaderElection (LogUtils.java:infoOrTrace(149)) -   Exception 0: {}
java.util.concurrent.ExecutionException: org.apache.ratis.thirdparty.io.grpc.StatusRuntimeException: UNAVAILABLE: io exception
	at java.util.concurrent.FutureTask.report(FutureTask.java:122)
	at java.util.concurrent.FutureTask.get(FutureTask.java:192)
	at org.apache.ratis.server.impl.LeaderElection.waitForResults(LeaderElection.java:259)
	at org.apache.ratis.server.impl.LeaderElection.askForVotes(LeaderElection.java:197)
	at org.apache.ratis.server.impl.LeaderElection.run(LeaderElection.java:133)
	at java.lang.Thread.run(Thread.java:748)
Caused by: org.apache.ratis.thirdparty.io.grpc.StatusRuntimeException: UNAVAILABLE: io exception
	at org.apache.ratis.thirdparty.io.grpc.stub.ClientCalls.toStatusRuntimeException(ClientCalls.java:233)
	at org.apache.ratis.thirdparty.io.grpc.stub.ClientCalls.getUnchecked(ClientCalls.java:214)
	at org.apache.ratis.thirdparty.io.grpc.stub.ClientCalls.blockingUnaryCall(ClientCalls.java:139)
	at org.apache.ratis.proto.grpc.RaftServerProtocolServiceGrpc$RaftServerProtocolServiceBlockingStub.requestVote(RaftServerProtocolServiceGrpc.java:265)
	at org.apache.ratis.grpc.server.GrpcServerProtocolClient.requestVote(GrpcServerProtocolClient.java:99)
	at org.apache.ratis.grpc.server.GrpcService.requestVote(GrpcService.java:204)
	at org.apache.ratis.server.impl.LeaderElection.lambda$submitRequests$1(LeaderElection.java:234)
	at java.util.concurrent.FutureTask.run(FutureTask.java:266)
	at java.util.concurrent.Executors$RunnableAdapter.call(Executors.java:511)
	at java.util.concurrent.FutureTask.run(FutureTask.java:266)
	at java.util.concurrent.ThreadPoolExecutor.runWorker(ThreadPoolExecutor.java:1149)
	at java.util.concurrent.ThreadPoolExecutor$Worker.run(ThreadPoolExecutor.java:624)
	... 1 more
Caused by: org.apache.ratis.thirdparty.io.netty.channel.AbstractChannel$AnnotatedConnectException: Connection refused: /192.168.34.62:34777
	at sun.nio.ch.SocketChannelImpl.checkConnect(Native Method)
	at sun.nio.ch.SocketChannelImpl.finishConnect(SocketChannelImpl.java:717)
	at org.apache.ratis.thirdparty.io.netty.channel.socket.nio.NioSocketChannel.doFinishConnect(NioSocketChannel.java:327)
	at org.apache.ratis.thirdparty.io.netty.channel.nio.AbstractNioChannel$AbstractNioUnsafe.finishConnect(AbstractNioChannel.java:340)
	at org.apache.ratis.thirdparty.io.netty.channel.nio.NioEventLoop.processSelectedKey(NioEventLoop.java:632)
	at org.apache.ratis.thirdparty.io.netty.channel.nio.NioEventLoop.processSelectedKeysOptimized(NioEventLoop.java:579)
	at org.apache.ratis.thirdparty.io.netty.channel.nio.NioEventLoop.processSelectedKeys(NioEventLoop.java:496)
	at org.apache.ratis.thirdparty.io.netty.channel.nio.NioEventLoop.run(NioEventLoop.java:458)
	at org.apache.ratis.thirdparty.io.netty.util.concurrent.SingleThreadEventExecutor$5.run(SingleThreadEventExecutor.java:897)
	at org.apache.ratis.thirdparty.io.netty.util.concurrent.FastThreadLocalRunnable.run(FastThreadLocalRunnable.java:30)
	... 1 more
Caused by: java.net.ConnectException: Connection refused
	... 11 more
2019-10-17 06:48:34,494 [7c431f9d-51bc-458b-a3a6-511ec217d887@group-21BA9BD4283D-LeaderElection501] INFO  impl.LeaderElection (LogUtils.java:infoOrTrace(149)) -   Exception 1: {}
java.util.concurrent.ExecutionException: org.apache.ratis.thirdparty.io.grpc.StatusRuntimeException: UNAVAILABLE: io exception
	at java.util.concurrent.FutureTask.report(FutureTask.java:122)
	at java.util.concurrent.FutureTask.get(FutureTask.java:192)
	at org.apache.ratis.server.impl.LeaderElection.waitForResults(LeaderElection.java:259)
	at org.apache.ratis.server.impl.LeaderElection.askForVotes(LeaderElection.java:197)
	at org.apache.ratis.server.impl.LeaderElection.run(LeaderElection.java:133)
	at java.lang.Thread.run(Thread.java:748)
Caused by: org.apache.ratis.thirdparty.io.grpc.StatusRuntimeException: UNAVAILABLE: io exception
	at org.apache.ratis.thirdparty.io.grpc.stub.ClientCalls.toStatusRuntimeException(ClientCalls.java:233)
	at org.apache.ratis.thirdparty.io.grpc.stub.ClientCalls.getUnchecked(ClientCalls.java:214)
	at org.apache.ratis.thirdparty.io.grpc.stub.ClientCalls.blockingUnaryCall(ClientCalls.java:139)
	at org.apache.ratis.proto.grpc.RaftServerProtocolServiceGrpc$RaftServerProtocolServiceBlockingStub.requestVote(RaftServerProtocolServiceGrpc.java:265)
	at org.apache.ratis.grpc.server.GrpcServerProtocolClient.requestVote(GrpcServerProtocolClient.java:99)
	at org.apache.ratis.grpc.server.GrpcService.requestVote(GrpcService.java:204)
	at org.apache.ratis.server.impl.LeaderElection.lambda$submitRequests$1(LeaderElection.java:234)
	at java.util.concurrent.FutureTask.run(FutureTask.java:266)
	at java.util.concurrent.Executors$RunnableAdapter.call(Executors.java:511)
	at java.util.concurrent.FutureTask.run(FutureTask.java:266)
	at java.util.concurrent.ThreadPoolExecutor.runWorker(ThreadPoolExecutor.java:1149)
	at java.util.concurrent.ThreadPoolExecutor$Worker.run(ThreadPoolExecutor.java:624)
	... 1 more
Caused by: org.apache.ratis.thirdparty.io.netty.channel.AbstractChannel$AnnotatedConnectException: Connection refused: /192.168.34.62:37037
	at sun.nio.ch.SocketChannelImpl.checkConnect(Native Method)
	at sun.nio.ch.SocketChannelImpl.finishConnect(SocketChannelImpl.java:717)
	at org.apache.ratis.thirdparty.io.netty.channel.socket.nio.NioSocketChannel.doFinishConnect(NioSocketChannel.java:327)
	at org.apache.ratis.thirdparty.io.netty.channel.nio.AbstractNioChannel$AbstractNioUnsafe.finishConnect(AbstractNioChannel.java:340)
	at org.apache.ratis.thirdparty.io.netty.channel.nio.NioEventLoop.processSelectedKey(NioEventLoop.java:632)
	at org.apache.ratis.thirdparty.io.netty.channel.nio.NioEventLoop.processSelectedKeysOptimized(NioEventLoop.java:579)
	at org.apache.ratis.thirdparty.io.netty.channel.nio.NioEventLoop.processSelectedKeys(NioEventLoop.java:496)
	at org.apache.ratis.thirdparty.io.netty.channel.nio.NioEventLoop.run(NioEventLoop.java:458)
	at org.apache.ratis.thirdparty.io.netty.util.concurrent.SingleThreadEventExecutor$5.run(SingleThreadEventExecutor.java:897)
	at org.apache.ratis.thirdparty.io.netty.util.concurrent.FastThreadLocalRunnable.run(FastThreadLocalRunnable.java:30)
	... 1 more
Caused by: java.net.ConnectException: Connection refused
	... 11 more
2019-10-17 06:48:34,495 [7c431f9d-51bc-458b-a3a6-511ec217d887@group-21BA9BD4283D-LeaderElection501] INFO  impl.RaftServerImpl (RaftServerImpl.java:setRole(184)) - 7c431f9d-51bc-458b-a3a6-511ec217d887@group-21BA9BD4283D: changes role from CANDIDATE to FOLLOWER at term 466 for DISCOVERED_A_NEW_TERM
2019-10-17 06:48:34,495 [7c431f9d-51bc-458b-a3a6-511ec217d887@group-21BA9BD4283D-LeaderElection501] INFO  impl.RoleInfo (RoleInfo.java:shutdownLeaderElection(134)) - 7c431f9d-51bc-458b-a3a6-511ec217d887: shutdown LeaderElection
2019-10-17 06:48:34,495 [7c431f9d-51bc-458b-a3a6-511ec217d887@group-21BA9BD4283D-LeaderElection501] INFO  impl.RoleInfo (RoleInfo.java:updateAndGet(143)) - 7c431f9d-51bc-458b-a3a6-511ec217d887: start FollowerState
2019-10-17 06:48:34,595 [Thread-4027] INFO  impl.FollowerState (FollowerState.java:run(108)) - 7c431f9d-51bc-458b-a3a6-511ec217d887@group-21BA9BD4283D-FollowerState: change to CANDIDATE, lastRpcTime:100ms, electionTimeout:100ms
2019-10-17 06:48:34,595 [Thread-4027] INFO  impl.RoleInfo (RoleInfo.java:shutdownFollowerState(121)) - 7c431f9d-51bc-458b-a3a6-511ec217d887: shutdown FollowerState
2019-10-17 06:48:34,595 [Thread-4027] INFO  impl.RaftServerImpl (RaftServerImpl.java:setRole(184)) - 7c431f9d-51bc-458b-a3a6-511ec217d887@group-21BA9BD4283D: changes role from  FOLLOWER to CANDIDATE at term 466 for changeToCandidate
2019-10-17 06:48:34,596 [Thread-4027] INFO  impl.RoleInfo (RoleInfo.java:updateAndGet(143)) - 7c431f9d-51bc-458b-a3a6-511ec217d887: start LeaderElection
2019-10-17 06:48:34,618 [7c431f9d-51bc-458b-a3a6-511ec217d887@group-21BA9BD4283D-LeaderElection502] INFO  impl.LeaderElection (LeaderElection.java:askForVotes(178)) - 7c431f9d-51bc-458b-a3a6-511ec217d887@group-21BA9BD4283D-LeaderElection502: begin an election at term 467 for -1: [67f35358-9777-4ff9-96f4-8a61bc3a94fe:192.168.34.62:37037, 7c431f9d-51bc-458b-a3a6-511ec217d887:192.168.34.62:40420, b9cfa588-8e56-4331-be2f-4c26f25c6739:192.168.34.62:34777], old=null
2019-10-17 06:48:34,619 [7c431f9d-51bc-458b-a3a6-511ec217d887@group-21BA9BD4283D-LeaderElection502] INFO  impl.LeaderElection (LogUtils.java:infoOrTrace(149)) - 7c431f9d-51bc-458b-a3a6-511ec217d887@group-21BA9BD4283D-LeaderElection502 got exception when requesting votes: {}
java.util.concurrent.ExecutionException: org.apache.ratis.thirdparty.io.grpc.StatusRuntimeException: UNAVAILABLE: io exception
	at java.util.concurrent.FutureTask.report(FutureTask.java:122)
	at java.util.concurrent.FutureTask.get(FutureTask.java:192)
	at org.apache.ratis.server.impl.LeaderElection.waitForResults(LeaderElection.java:259)
	at org.apache.ratis.server.impl.LeaderElection.askForVotes(LeaderElection.java:197)
	at org.apache.ratis.server.impl.LeaderElection.run(LeaderElection.java:133)
	at java.lang.Thread.run(Thread.java:748)
Caused by: org.apache.ratis.thirdparty.io.grpc.StatusRuntimeException: UNAVAILABLE: io exception
	at org.apache.ratis.thirdparty.io.grpc.stub.ClientCalls.toStatusRuntimeException(ClientCalls.java:233)
	at org.apache.ratis.thirdparty.io.grpc.stub.ClientCalls.getUnchecked(ClientCalls.java:214)
	at org.apache.ratis.thirdparty.io.grpc.stub.ClientCalls.blockingUnaryCall(ClientCalls.java:139)
	at org.apache.ratis.proto.grpc.RaftServerProtocolServiceGrpc$RaftServerProtocolServiceBlockingStub.requestVote(RaftServerProtocolServiceGrpc.java:265)
	at org.apache.ratis.grpc.server.GrpcServerProtocolClient.requestVote(GrpcServerProtocolClient.java:99)
	at org.apache.ratis.grpc.server.GrpcService.requestVote(GrpcService.java:204)
	at org.apache.ratis.server.impl.LeaderElection.lambda$submitRequests$1(LeaderElection.java:234)
	at java.util.concurrent.FutureTask.run(FutureTask.java:266)
	at java.util.concurrent.Executors$RunnableAdapter.call(Executors.java:511)
	at java.util.concurrent.FutureTask.run(FutureTask.java:266)
	at java.util.concurrent.ThreadPoolExecutor.runWorker(ThreadPoolExecutor.java:1149)
	at java.util.concurrent.ThreadPoolExecutor$Worker.run(ThreadPoolExecutor.java:624)
	... 1 more
Caused by: org.apache.ratis.thirdparty.io.netty.channel.AbstractChannel$AnnotatedConnectException: Connection refused: /192.168.34.62:37037
	at sun.nio.ch.SocketChannelImpl.checkConnect(Native Method)
	at sun.nio.ch.SocketChannelImpl.finishConnect(SocketChannelImpl.java:717)
	at org.apache.ratis.thirdparty.io.netty.channel.socket.nio.NioSocketChannel.doFinishConnect(NioSocketChannel.java:327)
	at org.apache.ratis.thirdparty.io.netty.channel.nio.AbstractNioChannel$AbstractNioUnsafe.finishConnect(AbstractNioChannel.java:340)
	at org.apache.ratis.thirdparty.io.netty.channel.nio.NioEventLoop.processSelectedKey(NioEventLoop.java:632)
	at org.apache.ratis.thirdparty.io.netty.channel.nio.NioEventLoop.processSelectedKeysOptimized(NioEventLoop.java:579)
	at org.apache.ratis.thirdparty.io.netty.channel.nio.NioEventLoop.processSelectedKeys(NioEventLoop.java:496)
	at org.apache.ratis.thirdparty.io.netty.channel.nio.NioEventLoop.run(NioEventLoop.java:458)
	at org.apache.ratis.thirdparty.io.netty.util.concurrent.SingleThreadEventExecutor$5.run(SingleThreadEventExecutor.java:897)
	at org.apache.ratis.thirdparty.io.netty.util.concurrent.FastThreadLocalRunnable.run(FastThreadLocalRunnable.java:30)
	... 1 more
Caused by: java.net.ConnectException: Connection refused
	... 11 more
2019-10-17 06:48:34,621 [7c431f9d-51bc-458b-a3a6-511ec217d887@group-21BA9BD4283D-LeaderElection502] INFO  impl.LeaderElection (LogUtils.java:infoOrTrace(149)) - 7c431f9d-51bc-458b-a3a6-511ec217d887@group-21BA9BD4283D-LeaderElection502 got exception when requesting votes: {}
java.util.concurrent.ExecutionException: org.apache.ratis.thirdparty.io.grpc.StatusRuntimeException: UNAVAILABLE: io exception
	at java.util.concurrent.FutureTask.report(FutureTask.java:122)
	at java.util.concurrent.FutureTask.get(FutureTask.java:192)
	at org.apache.ratis.server.impl.LeaderElection.waitForResults(LeaderElection.java:259)
	at org.apache.ratis.server.impl.LeaderElection.askForVotes(LeaderElection.java:197)
	at org.apache.ratis.server.impl.LeaderElection.run(LeaderElection.java:133)
	at java.lang.Thread.run(Thread.java:748)
Caused by: org.apache.ratis.thirdparty.io.grpc.StatusRuntimeException: UNAVAILABLE: io exception
	at org.apache.ratis.thirdparty.io.grpc.stub.ClientCalls.toStatusRuntimeException(ClientCalls.java:233)
	at org.apache.ratis.thirdparty.io.grpc.stub.ClientCalls.getUnchecked(ClientCalls.java:214)
	at org.apache.ratis.thirdparty.io.grpc.stub.ClientCalls.blockingUnaryCall(ClientCalls.java:139)
	at org.apache.ratis.proto.grpc.RaftServerProtocolServiceGrpc$RaftServerProtocolServiceBlockingStub.requestVote(RaftServerProtocolServiceGrpc.java:265)
	at org.apache.ratis.grpc.server.GrpcServerProtocolClient.requestVote(GrpcServerProtocolClient.java:99)
	at org.apache.ratis.grpc.server.GrpcService.requestVote(GrpcService.java:204)
	at org.apache.ratis.server.impl.LeaderElection.lambda$submitRequests$1(LeaderElection.java:234)
	at java.util.concurrent.FutureTask.run(FutureTask.java:266)
	at java.util.concurrent.Executors$RunnableAdapter.call(Executors.java:511)
	at java.util.concurrent.FutureTask.run(FutureTask.java:266)
	at java.util.concurrent.ThreadPoolExecutor.runWorker(ThreadPoolExecutor.java:1149)
	at java.util.concurrent.ThreadPoolExecutor$Worker.run(ThreadPoolExecutor.java:624)
	... 1 more
Caused by: org.apache.ratis.thirdparty.io.netty.channel.AbstractChannel$AnnotatedConnectException: Connection refused: /192.168.34.62:34777
	at sun.nio.ch.SocketChannelImpl.checkConnect(Native Method)
	at sun.nio.ch.SocketChannelImpl.finishConnect(SocketChannelImpl.java:717)
	at org.apache.ratis.thirdparty.io.netty.channel.socket.nio.NioSocketChannel.doFinishConnect(NioSocketChannel.java:327)
	at org.apache.ratis.thirdparty.io.netty.channel.nio.AbstractNioChannel$AbstractNioUnsafe.finishConnect(AbstractNioChannel.java:340)
	at org.apache.ratis.thirdparty.io.netty.channel.nio.NioEventLoop.processSelectedKey(NioEventLoop.java:632)
	at org.apache.ratis.thirdparty.io.netty.channel.nio.NioEventLoop.processSelectedKeysOptimized(NioEventLoop.java:579)
	at org.apache.ratis.thirdparty.io.netty.channel.nio.NioEventLoop.processSelectedKeys(NioEventLoop.java:496)
	at org.apache.ratis.thirdparty.io.netty.channel.nio.NioEventLoop.run(NioEventLoop.java:458)
	at org.apache.ratis.thirdparty.io.netty.util.concurrent.SingleThreadEventExecutor$5.run(SingleThreadEventExecutor.java:897)
	at org.apache.ratis.thirdparty.io.netty.util.concurrent.FastThreadLocalRunnable.run(FastThreadLocalRunnable.java:30)
	... 1 more
Caused by: java.net.ConnectException: Connection refused
	... 11 more
2019-10-17 06:48:34,622 [7c431f9d-51bc-458b-a3a6-511ec217d887@group-21BA9BD4283D-LeaderElection502] INFO  impl.LeaderElection (LeaderElection.java:logAndReturn(56)) - 7c431f9d-51bc-458b-a3a6-511ec217d887@group-21BA9BD4283D-LeaderElection502: Election REJECTED; received 0 response(s) [] and 2 exception(s); 7c431f9d-51bc-458b-a3a6-511ec217d887@group-21BA9BD4283D:t467, leader=null, voted=7c431f9d-51bc-458b-a3a6-511ec217d887, raftlog=7c431f9d-51bc-458b-a3a6-511ec217d887@group-21BA9BD4283D-SegmentedRaftLog:OPENED:c-1,f-1,i0, conf=-1: [67f35358-9777-4ff9-96f4-8a61bc3a94fe:192.168.34.62:37037, 7c431f9d-51bc-458b-a3a6-511ec217d887:192.168.34.62:40420, b9cfa588-8e56-4331-be2f-4c26f25c6739:192.168.34.62:34777], old=null
2019-10-17 06:48:34,622 [7c431f9d-51bc-458b-a3a6-511ec217d887@group-21BA9BD4283D-LeaderElection502] INFO  impl.LeaderElection (LogUtils.java:infoOrTrace(149)) -   Exception 0: {}
java.util.concurrent.ExecutionException: org.apache.ratis.thirdparty.io.grpc.StatusRuntimeException: UNAVAILABLE: io exception
	at java.util.concurrent.FutureTask.report(FutureTask.java:122)
	at java.util.concurrent.FutureTask.get(FutureTask.java:192)
	at org.apache.ratis.server.impl.LeaderElection.waitForResults(LeaderElection.java:259)
	at org.apache.ratis.server.impl.LeaderElection.askForVotes(LeaderElection.java:197)
	at org.apache.ratis.server.impl.LeaderElection.run(LeaderElection.java:133)
	at java.lang.Thread.run(Thread.java:748)
Caused by: org.apache.ratis.thirdparty.io.grpc.StatusRuntimeException: UNAVAILABLE: io exception
	at org.apache.ratis.thirdparty.io.grpc.stub.ClientCalls.toStatusRuntimeException(ClientCalls.java:233)
	at org.apache.ratis.thirdparty.io.grpc.stub.ClientCalls.getUnchecked(ClientCalls.java:214)
	at org.apache.ratis.thirdparty.io.grpc.stub.ClientCalls.blockingUnaryCall(ClientCalls.java:139)
	at org.apache.ratis.proto.grpc.RaftServerProtocolServiceGrpc$RaftServerProtocolServiceBlockingStub.requestVote(RaftServerProtocolServiceGrpc.java:265)
	at org.apache.ratis.grpc.server.GrpcServerProtocolClient.requestVote(GrpcServerProtocolClient.java:99)
	at org.apache.ratis.grpc.server.GrpcService.requestVote(GrpcService.java:204)
	at org.apache.ratis.server.impl.LeaderElection.lambda$submitRequests$1(LeaderElection.java:234)
	at java.util.concurrent.FutureTask.run(FutureTask.java:266)
	at java.util.concurrent.Executors$RunnableAdapter.call(Executors.java:511)
	at java.util.concurrent.FutureTask.run(FutureTask.java:266)
	at java.util.concurrent.ThreadPoolExecutor.runWorker(ThreadPoolExecutor.java:1149)
	at java.util.concurrent.ThreadPoolExecutor$Worker.run(ThreadPoolExecutor.java:624)
	... 1 more
Caused by: org.apache.ratis.thirdparty.io.netty.channel.AbstractChannel$AnnotatedConnectException: Connection refused: /192.168.34.62:37037
	at sun.nio.ch.SocketChannelImpl.checkConnect(Native Method)
	at sun.nio.ch.SocketChannelImpl.finishConnect(SocketChannelImpl.java:717)
	at org.apache.ratis.thirdparty.io.netty.channel.socket.nio.NioSocketChannel.doFinishConnect(NioSocketChannel.java:327)
	at org.apache.ratis.thirdparty.io.netty.channel.nio.AbstractNioChannel$AbstractNioUnsafe.finishConnect(AbstractNioChannel.java:340)
	at org.apache.ratis.thirdparty.io.netty.channel.nio.NioEventLoop.processSelectedKey(NioEventLoop.java:632)
	at org.apache.ratis.thirdparty.io.netty.channel.nio.NioEventLoop.processSelectedKeysOptimized(NioEventLoop.java:579)
	at org.apache.ratis.thirdparty.io.netty.channel.nio.NioEventLoop.processSelectedKeys(NioEventLoop.java:496)
	at org.apache.ratis.thirdparty.io.netty.channel.nio.NioEventLoop.run(NioEventLoop.java:458)
	at org.apache.ratis.thirdparty.io.netty.util.concurrent.SingleThreadEventExecutor$5.run(SingleThreadEventExecutor.java:897)
	at org.apache.ratis.thirdparty.io.netty.util.concurrent.FastThreadLocalRunnable.run(FastThreadLocalRunnable.java:30)
	... 1 more
Caused by: java.net.ConnectException: Connection refused
	... 11 more
2019-10-17 06:48:34,622 [7c431f9d-51bc-458b-a3a6-511ec217d887@group-21BA9BD4283D-LeaderElection502] INFO  impl.LeaderElection (LogUtils.java:infoOrTrace(149)) -   Exception 1: {}
java.util.concurrent.ExecutionException: org.apache.ratis.thirdparty.io.grpc.StatusRuntimeException: UNAVAILABLE: io exception
	at java.util.concurrent.FutureTask.report(FutureTask.java:122)
	at java.util.concurrent.FutureTask.get(FutureTask.java:192)
	at org.apache.ratis.server.impl.LeaderElection.waitForResults(LeaderElection.java:259)
	at org.apache.ratis.server.impl.LeaderElection.askForVotes(LeaderElection.java:197)
	at org.apache.ratis.server.impl.LeaderElection.run(LeaderElection.java:133)
	at java.lang.Thread.run(Thread.java:748)
Caused by: org.apache.ratis.thirdparty.io.grpc.StatusRuntimeException: UNAVAILABLE: io exception
	at org.apache.ratis.thirdparty.io.grpc.stub.ClientCalls.toStatusRuntimeException(ClientCalls.java:233)
	at org.apache.ratis.thirdparty.io.grpc.stub.ClientCalls.getUnchecked(ClientCalls.java:214)
	at org.apache.ratis.thirdparty.io.grpc.stub.ClientCalls.blockingUnaryCall(ClientCalls.java:139)
	at org.apache.ratis.proto.grpc.RaftServerProtocolServiceGrpc$RaftServerProtocolServiceBlockingStub.requestVote(RaftServerProtocolServiceGrpc.java:265)
	at org.apache.ratis.grpc.server.GrpcServerProtocolClient.requestVote(GrpcServerProtocolClient.java:99)
	at org.apache.ratis.grpc.server.GrpcService.requestVote(GrpcService.java:204)
	at org.apache.ratis.server.impl.LeaderElection.lambda$submitRequests$1(LeaderElection.java:234)
	at java.util.concurrent.FutureTask.run(FutureTask.java:266)
	at java.util.concurrent.Executors$RunnableAdapter.call(Executors.java:511)
	at java.util.concurrent.FutureTask.run(FutureTask.java:266)
	at java.util.concurrent.ThreadPoolExecutor.runWorker(ThreadPoolExecutor.java:1149)
	at java.util.concurrent.ThreadPoolExecutor$Worker.run(ThreadPoolExecutor.java:624)
	... 1 more
Caused by: org.apache.ratis.thirdparty.io.netty.channel.AbstractChannel$AnnotatedConnectException: Connection refused: /192.168.34.62:34777
	at sun.nio.ch.SocketChannelImpl.checkConnect(Native Method)
	at sun.nio.ch.SocketChannelImpl.finishConnect(SocketChannelImpl.java:717)
	at org.apache.ratis.thirdparty.io.netty.channel.socket.nio.NioSocketChannel.doFinishConnect(NioSocketChannel.java:327)
	at org.apache.ratis.thirdparty.io.netty.channel.nio.AbstractNioChannel$AbstractNioUnsafe.finishConnect(AbstractNioChannel.java:340)
	at org.apache.ratis.thirdparty.io.netty.channel.nio.NioEventLoop.processSelectedKey(NioEventLoop.java:632)
	at org.apache.ratis.thirdparty.io.netty.channel.nio.NioEventLoop.processSelectedKeysOptimized(NioEventLoop.java:579)
	at org.apache.ratis.thirdparty.io.netty.channel.nio.NioEventLoop.processSelectedKeys(NioEventLoop.java:496)
	at org.apache.ratis.thirdparty.io.netty.channel.nio.NioEventLoop.run(NioEventLoop.java:458)
	at org.apache.ratis.thirdparty.io.netty.util.concurrent.SingleThreadEventExecutor$5.run(SingleThreadEventExecutor.java:897)
	at org.apache.ratis.thirdparty.io.netty.util.concurrent.FastThreadLocalRunnable.run(FastThreadLocalRunnable.java:30)
	... 1 more
Caused by: java.net.ConnectException: Connection refused
	... 11 more
2019-10-17 06:48:34,623 [7c431f9d-51bc-458b-a3a6-511ec217d887@group-21BA9BD4283D-LeaderElection502] INFO  impl.RaftServerImpl (RaftServerImpl.java:setRole(184)) - 7c431f9d-51bc-458b-a3a6-511ec217d887@group-21BA9BD4283D: changes role from CANDIDATE to FOLLOWER at term 467 for DISCOVERED_A_NEW_TERM
2019-10-17 06:48:34,623 [7c431f9d-51bc-458b-a3a6-511ec217d887@group-21BA9BD4283D-LeaderElection502] INFO  impl.RoleInfo (RoleInfo.java:shutdownLeaderElection(134)) - 7c431f9d-51bc-458b-a3a6-511ec217d887: shutdown LeaderElection
2019-10-17 06:48:34,623 [7c431f9d-51bc-458b-a3a6-511ec217d887@group-21BA9BD4283D-LeaderElection502] INFO  impl.RoleInfo (RoleInfo.java:updateAndGet(143)) - 7c431f9d-51bc-458b-a3a6-511ec217d887: start FollowerState
2019-10-17 06:48:34,788 [Thread-4031] INFO  impl.FollowerState (FollowerState.java:run(108)) - 7c431f9d-51bc-458b-a3a6-511ec217d887@group-21BA9BD4283D-FollowerState: change to CANDIDATE, lastRpcTime:165ms, electionTimeout:165ms
2019-10-17 06:48:34,788 [Thread-4031] INFO  impl.RoleInfo (RoleInfo.java:shutdownFollowerState(121)) - 7c431f9d-51bc-458b-a3a6-511ec217d887: shutdown FollowerState
2019-10-17 06:48:34,788 [Thread-4031] INFO  impl.RaftServerImpl (RaftServerImpl.java:setRole(184)) - 7c431f9d-51bc-458b-a3a6-511ec217d887@group-21BA9BD4283D: changes role from  FOLLOWER to CANDIDATE at term 467 for changeToCandidate
2019-10-17 06:48:34,788 [Thread-4031] INFO  impl.RoleInfo (RoleInfo.java:updateAndGet(143)) - 7c431f9d-51bc-458b-a3a6-511ec217d887: start LeaderElection
2019-10-17 06:48:34,845 [7c431f9d-51bc-458b-a3a6-511ec217d887@group-21BA9BD4283D-LeaderElection503] INFO  impl.LeaderElection (LeaderElection.java:askForVotes(178)) - 7c431f9d-51bc-458b-a3a6-511ec217d887@group-21BA9BD4283D-LeaderElection503: begin an election at term 468 for -1: [67f35358-9777-4ff9-96f4-8a61bc3a94fe:192.168.34.62:37037, 7c431f9d-51bc-458b-a3a6-511ec217d887:192.168.34.62:40420, b9cfa588-8e56-4331-be2f-4c26f25c6739:192.168.34.62:34777], old=null
2019-10-17 06:48:34,846 [7c431f9d-51bc-458b-a3a6-511ec217d887@group-21BA9BD4283D-LeaderElection503] INFO  impl.LeaderElection (LogUtils.java:infoOrTrace(149)) - 7c431f9d-51bc-458b-a3a6-511ec217d887@group-21BA9BD4283D-LeaderElection503 got exception when requesting votes: {}
java.util.concurrent.ExecutionException: org.apache.ratis.thirdparty.io.grpc.StatusRuntimeException: UNAVAILABLE: io exception
	at java.util.concurrent.FutureTask.report(FutureTask.java:122)
	at java.util.concurrent.FutureTask.get(FutureTask.java:192)
	at org.apache.ratis.server.impl.LeaderElection.waitForResults(LeaderElection.java:259)
	at org.apache.ratis.server.impl.LeaderElection.askForVotes(LeaderElection.java:197)
	at org.apache.ratis.server.impl.LeaderElection.run(LeaderElection.java:133)
	at java.lang.Thread.run(Thread.java:748)
Caused by: org.apache.ratis.thirdparty.io.grpc.StatusRuntimeException: UNAVAILABLE: io exception
	at org.apache.ratis.thirdparty.io.grpc.stub.ClientCalls.toStatusRuntimeException(ClientCalls.java:233)
	at org.apache.ratis.thirdparty.io.grpc.stub.ClientCalls.getUnchecked(ClientCalls.java:214)
	at org.apache.ratis.thirdparty.io.grpc.stub.ClientCalls.blockingUnaryCall(ClientCalls.java:139)
	at org.apache.ratis.proto.grpc.RaftServerProtocolServiceGrpc$RaftServerProtocolServiceBlockingStub.requestVote(RaftServerProtocolServiceGrpc.java:265)
	at org.apache.ratis.grpc.server.GrpcServerProtocolClient.requestVote(GrpcServerProtocolClient.java:99)
	at org.apache.ratis.grpc.server.GrpcService.requestVote(GrpcService.java:204)
	at org.apache.ratis.server.impl.LeaderElection.lambda$submitRequests$1(LeaderElection.java:234)
	at java.util.concurrent.FutureTask.run(FutureTask.java:266)
	at java.util.concurrent.Executors$RunnableAdapter.call(Executors.java:511)
	at java.util.concurrent.FutureTask.run(FutureTask.java:266)
	at java.util.concurrent.ThreadPoolExecutor.runWorker(ThreadPoolExecutor.java:1149)
	at java.util.concurrent.ThreadPoolExecutor$Worker.run(ThreadPoolExecutor.java:624)
	... 1 more
Caused by: org.apache.ratis.thirdparty.io.netty.channel.AbstractChannel$AnnotatedConnectException: Connection refused: /192.168.34.62:34777
	at sun.nio.ch.SocketChannelImpl.checkConnect(Native Method)
	at sun.nio.ch.SocketChannelImpl.finishConnect(SocketChannelImpl.java:717)
	at org.apache.ratis.thirdparty.io.netty.channel.socket.nio.NioSocketChannel.doFinishConnect(NioSocketChannel.java:327)
	at org.apache.ratis.thirdparty.io.netty.channel.nio.AbstractNioChannel$AbstractNioUnsafe.finishConnect(AbstractNioChannel.java:340)
	at org.apache.ratis.thirdparty.io.netty.channel.nio.NioEventLoop.processSelectedKey(NioEventLoop.java:632)
	at org.apache.ratis.thirdparty.io.netty.channel.nio.NioEventLoop.processSelectedKeysOptimized(NioEventLoop.java:579)
	at org.apache.ratis.thirdparty.io.netty.channel.nio.NioEventLoop.processSelectedKeys(NioEventLoop.java:496)
	at org.apache.ratis.thirdparty.io.netty.channel.nio.NioEventLoop.run(NioEventLoop.java:458)
	at org.apache.ratis.thirdparty.io.netty.util.concurrent.SingleThreadEventExecutor$5.run(SingleThreadEventExecutor.java:897)
	at org.apache.ratis.thirdparty.io.netty.util.concurrent.FastThreadLocalRunnable.run(FastThreadLocalRunnable.java:30)
	... 1 more
Caused by: java.net.ConnectException: Connection refused
	... 11 more
2019-10-17 06:48:34,848 [7c431f9d-51bc-458b-a3a6-511ec217d887@group-21BA9BD4283D-LeaderElection503] INFO  impl.LeaderElection (LogUtils.java:infoOrTrace(149)) - 7c431f9d-51bc-458b-a3a6-511ec217d887@group-21BA9BD4283D-LeaderElection503 got exception when requesting votes: {}
java.util.concurrent.ExecutionException: org.apache.ratis.thirdparty.io.grpc.StatusRuntimeException: UNAVAILABLE: io exception
	at java.util.concurrent.FutureTask.report(FutureTask.java:122)
	at java.util.concurrent.FutureTask.get(FutureTask.java:192)
	at org.apache.ratis.server.impl.LeaderElection.waitForResults(LeaderElection.java:259)
	at org.apache.ratis.server.impl.LeaderElection.askForVotes(LeaderElection.java:197)
	at org.apache.ratis.server.impl.LeaderElection.run(LeaderElection.java:133)
	at java.lang.Thread.run(Thread.java:748)
Caused by: org.apache.ratis.thirdparty.io.grpc.StatusRuntimeException: UNAVAILABLE: io exception
	at org.apache.ratis.thirdparty.io.grpc.stub.ClientCalls.toStatusRuntimeException(ClientCalls.java:233)
	at org.apache.ratis.thirdparty.io.grpc.stub.ClientCalls.getUnchecked(ClientCalls.java:214)
	at org.apache.ratis.thirdparty.io.grpc.stub.ClientCalls.blockingUnaryCall(ClientCalls.java:139)
	at org.apache.ratis.proto.grpc.RaftServerProtocolServiceGrpc$RaftServerProtocolServiceBlockingStub.requestVote(RaftServerProtocolServiceGrpc.java:265)
	at org.apache.ratis.grpc.server.GrpcServerProtocolClient.requestVote(GrpcServerProtocolClient.java:99)
	at org.apache.ratis.grpc.server.GrpcService.requestVote(GrpcService.java:204)
	at org.apache.ratis.server.impl.LeaderElection.lambda$submitRequests$1(LeaderElection.java:234)
	at java.util.concurrent.FutureTask.run(FutureTask.java:266)
	at java.util.concurrent.Executors$RunnableAdapter.call(Executors.java:511)
	at java.util.concurrent.FutureTask.run(FutureTask.java:266)
	at java.util.concurrent.ThreadPoolExecutor.runWorker(ThreadPoolExecutor.java:1149)
	at java.util.concurrent.ThreadPoolExecutor$Worker.run(ThreadPoolExecutor.java:624)
	... 1 more
Caused by: org.apache.ratis.thirdparty.io.netty.channel.AbstractChannel$AnnotatedConnectException: Connection refused: /192.168.34.62:37037
	at sun.nio.ch.SocketChannelImpl.checkConnect(Native Method)
	at sun.nio.ch.SocketChannelImpl.finishConnect(SocketChannelImpl.java:717)
	at org.apache.ratis.thirdparty.io.netty.channel.socket.nio.NioSocketChannel.doFinishConnect(NioSocketChannel.java:327)
	at org.apache.ratis.thirdparty.io.netty.channel.nio.AbstractNioChannel$AbstractNioUnsafe.finishConnect(AbstractNioChannel.java:340)
	at org.apache.ratis.thirdparty.io.netty.channel.nio.NioEventLoop.processSelectedKey(NioEventLoop.java:632)
	at org.apache.ratis.thirdparty.io.netty.channel.nio.NioEventLoop.processSelectedKeysOptimized(NioEventLoop.java:579)
	at org.apache.ratis.thirdparty.io.netty.channel.nio.NioEventLoop.processSelectedKeys(NioEventLoop.java:496)
	at org.apache.ratis.thirdparty.io.netty.channel.nio.NioEventLoop.run(NioEventLoop.java:458)
	at org.apache.ratis.thirdparty.io.netty.util.concurrent.SingleThreadEventExecutor$5.run(SingleThreadEventExecutor.java:897)
	at org.apache.ratis.thirdparty.io.netty.util.concurrent.FastThreadLocalRunnable.run(FastThreadLocalRunnable.java:30)
	... 1 more
Caused by: java.net.ConnectException: Connection refused
	... 11 more
2019-10-17 06:48:34,848 [7c431f9d-51bc-458b-a3a6-511ec217d887@group-21BA9BD4283D-LeaderElection503] INFO  impl.LeaderElection (LeaderElection.java:logAndReturn(56)) - 7c431f9d-51bc-458b-a3a6-511ec217d887@group-21BA9BD4283D-LeaderElection503: Election REJECTED; received 0 response(s) [] and 2 exception(s); 7c431f9d-51bc-458b-a3a6-511ec217d887@group-21BA9BD4283D:t468, leader=null, voted=7c431f9d-51bc-458b-a3a6-511ec217d887, raftlog=7c431f9d-51bc-458b-a3a6-511ec217d887@group-21BA9BD4283D-SegmentedRaftLog:OPENED:c-1,f-1,i0, conf=-1: [67f35358-9777-4ff9-96f4-8a61bc3a94fe:192.168.34.62:37037, 7c431f9d-51bc-458b-a3a6-511ec217d887:192.168.34.62:40420, b9cfa588-8e56-4331-be2f-4c26f25c6739:192.168.34.62:34777], old=null
2019-10-17 06:48:34,848 [7c431f9d-51bc-458b-a3a6-511ec217d887@group-21BA9BD4283D-LeaderElection503] INFO  impl.LeaderElection (LogUtils.java:infoOrTrace(149)) -   Exception 0: {}
java.util.concurrent.ExecutionException: org.apache.ratis.thirdparty.io.grpc.StatusRuntimeException: UNAVAILABLE: io exception
	at java.util.concurrent.FutureTask.report(FutureTask.java:122)
	at java.util.concurrent.FutureTask.get(FutureTask.java:192)
	at org.apache.ratis.server.impl.LeaderElection.waitForResults(LeaderElection.java:259)
	at org.apache.ratis.server.impl.LeaderElection.askForVotes(LeaderElection.java:197)
	at org.apache.ratis.server.impl.LeaderElection.run(LeaderElection.java:133)
	at java.lang.Thread.run(Thread.java:748)
Caused by: org.apache.ratis.thirdparty.io.grpc.StatusRuntimeException: UNAVAILABLE: io exception
	at org.apache.ratis.thirdparty.io.grpc.stub.ClientCalls.toStatusRuntimeException(ClientCalls.java:233)
	at org.apache.ratis.thirdparty.io.grpc.stub.ClientCalls.getUnchecked(ClientCalls.java:214)
	at org.apache.ratis.thirdparty.io.grpc.stub.ClientCalls.blockingUnaryCall(ClientCalls.java:139)
	at org.apache.ratis.proto.grpc.RaftServerProtocolServiceGrpc$RaftServerProtocolServiceBlockingStub.requestVote(RaftServerProtocolServiceGrpc.java:265)
	at org.apache.ratis.grpc.server.GrpcServerProtocolClient.requestVote(GrpcServerProtocolClient.java:99)
	at org.apache.ratis.grpc.server.GrpcService.requestVote(GrpcService.java:204)
	at org.apache.ratis.server.impl.LeaderElection.lambda$submitRequests$1(LeaderElection.java:234)
	at java.util.concurrent.FutureTask.run(FutureTask.java:266)
	at java.util.concurrent.Executors$RunnableAdapter.call(Executors.java:511)
	at java.util.concurrent.FutureTask.run(FutureTask.java:266)
	at java.util.concurrent.ThreadPoolExecutor.runWorker(ThreadPoolExecutor.java:1149)
	at java.util.concurrent.ThreadPoolExecutor$Worker.run(ThreadPoolExecutor.java:624)
	... 1 more
Caused by: org.apache.ratis.thirdparty.io.netty.channel.AbstractChannel$AnnotatedConnectException: Connection refused: /192.168.34.62:34777
	at sun.nio.ch.SocketChannelImpl.checkConnect(Native Method)
	at sun.nio.ch.SocketChannelImpl.finishConnect(SocketChannelImpl.java:717)
	at org.apache.ratis.thirdparty.io.netty.channel.socket.nio.NioSocketChannel.doFinishConnect(NioSocketChannel.java:327)
	at org.apache.ratis.thirdparty.io.netty.channel.nio.AbstractNioChannel$AbstractNioUnsafe.finishConnect(AbstractNioChannel.java:340)
	at org.apache.ratis.thirdparty.io.netty.channel.nio.NioEventLoop.processSelectedKey(NioEventLoop.java:632)
	at org.apache.ratis.thirdparty.io.netty.channel.nio.NioEventLoop.processSelectedKeysOptimized(NioEventLoop.java:579)
	at org.apache.ratis.thirdparty.io.netty.channel.nio.NioEventLoop.processSelectedKeys(NioEventLoop.java:496)
	at org.apache.ratis.thirdparty.io.netty.channel.nio.NioEventLoop.run(NioEventLoop.java:458)
	at org.apache.ratis.thirdparty.io.netty.util.concurrent.SingleThreadEventExecutor$5.run(SingleThreadEventExecutor.java:897)
	at org.apache.ratis.thirdparty.io.netty.util.concurrent.FastThreadLocalRunnable.run(FastThreadLocalRunnable.java:30)
	... 1 more
Caused by: java.net.ConnectException: Connection refused
	... 11 more
2019-10-17 06:48:34,849 [7c431f9d-51bc-458b-a3a6-511ec217d887@group-21BA9BD4283D-LeaderElection503] INFO  impl.LeaderElection (LogUtils.java:infoOrTrace(149)) -   Exception 1: {}
java.util.concurrent.ExecutionException: org.apache.ratis.thirdparty.io.grpc.StatusRuntimeException: UNAVAILABLE: io exception
	at java.util.concurrent.FutureTask.report(FutureTask.java:122)
	at java.util.concurrent.FutureTask.get(FutureTask.java:192)
	at org.apache.ratis.server.impl.LeaderElection.waitForResults(LeaderElection.java:259)
	at org.apache.ratis.server.impl.LeaderElection.askForVotes(LeaderElection.java:197)
	at org.apache.ratis.server.impl.LeaderElection.run(LeaderElection.java:133)
	at java.lang.Thread.run(Thread.java:748)
Caused by: org.apache.ratis.thirdparty.io.grpc.StatusRuntimeException: UNAVAILABLE: io exception
	at org.apache.ratis.thirdparty.io.grpc.stub.ClientCalls.toStatusRuntimeException(ClientCalls.java:233)
	at org.apache.ratis.thirdparty.io.grpc.stub.ClientCalls.getUnchecked(ClientCalls.java:214)
	at org.apache.ratis.thirdparty.io.grpc.stub.ClientCalls.blockingUnaryCall(ClientCalls.java:139)
	at org.apache.ratis.proto.grpc.RaftServerProtocolServiceGrpc$RaftServerProtocolServiceBlockingStub.requestVote(RaftServerProtocolServiceGrpc.java:265)
	at org.apache.ratis.grpc.server.GrpcServerProtocolClient.requestVote(GrpcServerProtocolClient.java:99)
	at org.apache.ratis.grpc.server.GrpcService.requestVote(GrpcService.java:204)
	at org.apache.ratis.server.impl.LeaderElection.lambda$submitRequests$1(LeaderElection.java:234)
	at java.util.concurrent.FutureTask.run(FutureTask.java:266)
	at java.util.concurrent.Executors$RunnableAdapter.call(Executors.java:511)
	at java.util.concurrent.FutureTask.run(FutureTask.java:266)
	at java.util.concurrent.ThreadPoolExecutor.runWorker(ThreadPoolExecutor.java:1149)
	at java.util.concurrent.ThreadPoolExecutor$Worker.run(ThreadPoolExecutor.java:624)
	... 1 more
Caused by: org.apache.ratis.thirdparty.io.netty.channel.AbstractChannel$AnnotatedConnectException: Connection refused: /192.168.34.62:37037
	at sun.nio.ch.SocketChannelImpl.checkConnect(Native Method)
	at sun.nio.ch.SocketChannelImpl.finishConnect(SocketChannelImpl.java:717)
	at org.apache.ratis.thirdparty.io.netty.channel.socket.nio.NioSocketChannel.doFinishConnect(NioSocketChannel.java:327)
	at org.apache.ratis.thirdparty.io.netty.channel.nio.AbstractNioChannel$AbstractNioUnsafe.finishConnect(AbstractNioChannel.java:340)
	at org.apache.ratis.thirdparty.io.netty.channel.nio.NioEventLoop.processSelectedKey(NioEventLoop.java:632)
	at org.apache.ratis.thirdparty.io.netty.channel.nio.NioEventLoop.processSelectedKeysOptimized(NioEventLoop.java:579)
	at org.apache.ratis.thirdparty.io.netty.channel.nio.NioEventLoop.processSelectedKeys(NioEventLoop.java:496)
	at org.apache.ratis.thirdparty.io.netty.channel.nio.NioEventLoop.run(NioEventLoop.java:458)
	at org.apache.ratis.thirdparty.io.netty.util.concurrent.SingleThreadEventExecutor$5.run(SingleThreadEventExecutor.java:897)
	at org.apache.ratis.thirdparty.io.netty.util.concurrent.FastThreadLocalRunnable.run(FastThreadLocalRunnable.java:30)
	... 1 more
Caused by: java.net.ConnectException: Connection refused
	... 11 more
2019-10-17 06:48:34,849 [7c431f9d-51bc-458b-a3a6-511ec217d887@group-21BA9BD4283D-LeaderElection503] INFO  impl.RaftServerImpl (RaftServerImpl.java:setRole(184)) - 7c431f9d-51bc-458b-a3a6-511ec217d887@group-21BA9BD4283D: changes role from CANDIDATE to FOLLOWER at term 468 for DISCOVERED_A_NEW_TERM
2019-10-17 06:48:34,849 [7c431f9d-51bc-458b-a3a6-511ec217d887@group-21BA9BD4283D-LeaderElection503] INFO  impl.RoleInfo (RoleInfo.java:shutdownLeaderElection(134)) - 7c431f9d-51bc-458b-a3a6-511ec217d887: shutdown LeaderElection
2019-10-17 06:48:34,849 [7c431f9d-51bc-458b-a3a6-511ec217d887@group-21BA9BD4283D-LeaderElection503] INFO  impl.RoleInfo (RoleInfo.java:updateAndGet(143)) - 7c431f9d-51bc-458b-a3a6-511ec217d887: start FollowerState
2019-10-17 06:48:34,852 [Thread-4035] INFO  impl.FollowerState (FollowerState.java:run(108)) - 7c431f9d-51bc-458b-a3a6-511ec217d887@group-21BA9BD4283D-FollowerState: change to CANDIDATE, lastRpcTime:3ms, electionTimeout:3ms
2019-10-17 06:48:34,852 [Thread-4035] INFO  impl.RoleInfo (RoleInfo.java:shutdownFollowerState(121)) - 7c431f9d-51bc-458b-a3a6-511ec217d887: shutdown FollowerState
2019-10-17 06:48:34,852 [Thread-4035] INFO  impl.RaftServerImpl (RaftServerImpl.java:setRole(184)) - 7c431f9d-51bc-458b-a3a6-511ec217d887@group-21BA9BD4283D: changes role from  FOLLOWER to CANDIDATE at term 468 for changeToCandidate
2019-10-17 06:48:34,852 [Thread-4035] INFO  impl.RoleInfo (RoleInfo.java:updateAndGet(143)) - 7c431f9d-51bc-458b-a3a6-511ec217d887: start LeaderElection
2019-10-17 06:48:34,876 [7c431f9d-51bc-458b-a3a6-511ec217d887@group-21BA9BD4283D-LeaderElection504] INFO  impl.LeaderElection (LeaderElection.java:askForVotes(178)) - 7c431f9d-51bc-458b-a3a6-511ec217d887@group-21BA9BD4283D-LeaderElection504: begin an election at term 469 for -1: [67f35358-9777-4ff9-96f4-8a61bc3a94fe:192.168.34.62:37037, 7c431f9d-51bc-458b-a3a6-511ec217d887:192.168.34.62:40420, b9cfa588-8e56-4331-be2f-4c26f25c6739:192.168.34.62:34777], old=null
2019-10-17 06:48:34,876 [7c431f9d-51bc-458b-a3a6-511ec217d887@group-21BA9BD4283D-LeaderElection504] INFO  impl.LeaderElection (LogUtils.java:infoOrTrace(149)) - 7c431f9d-51bc-458b-a3a6-511ec217d887@group-21BA9BD4283D-LeaderElection504 got exception when requesting votes: {}
java.util.concurrent.ExecutionException: org.apache.ratis.thirdparty.io.grpc.StatusRuntimeException: UNAVAILABLE: io exception
	at java.util.concurrent.FutureTask.report(FutureTask.java:122)
	at java.util.concurrent.FutureTask.get(FutureTask.java:192)
	at org.apache.ratis.server.impl.LeaderElection.waitForResults(LeaderElection.java:259)
	at org.apache.ratis.server.impl.LeaderElection.askForVotes(LeaderElection.java:197)
	at org.apache.ratis.server.impl.LeaderElection.run(LeaderElection.java:133)
	at java.lang.Thread.run(Thread.java:748)
Caused by: org.apache.ratis.thirdparty.io.grpc.StatusRuntimeException: UNAVAILABLE: io exception
	at org.apache.ratis.thirdparty.io.grpc.stub.ClientCalls.toStatusRuntimeException(ClientCalls.java:233)
	at org.apache.ratis.thirdparty.io.grpc.stub.ClientCalls.getUnchecked(ClientCalls.java:214)
	at org.apache.ratis.thirdparty.io.grpc.stub.ClientCalls.blockingUnaryCall(ClientCalls.java:139)
	at org.apache.ratis.proto.grpc.RaftServerProtocolServiceGrpc$RaftServerProtocolServiceBlockingStub.requestVote(RaftServerProtocolServiceGrpc.java:265)
	at org.apache.ratis.grpc.server.GrpcServerProtocolClient.requestVote(GrpcServerProtocolClient.java:99)
	at org.apache.ratis.grpc.server.GrpcService.requestVote(GrpcService.java:204)
	at org.apache.ratis.server.impl.LeaderElection.lambda$submitRequests$1(LeaderElection.java:234)
	at java.util.concurrent.FutureTask.run(FutureTask.java:266)
	at java.util.concurrent.Executors$RunnableAdapter.call(Executors.java:511)
	at java.util.concurrent.FutureTask.run(FutureTask.java:266)
	at java.util.concurrent.ThreadPoolExecutor.runWorker(ThreadPoolExecutor.java:1149)
	at java.util.concurrent.ThreadPoolExecutor$Worker.run(ThreadPoolExecutor.java:624)
	... 1 more
Caused by: org.apache.ratis.thirdparty.io.netty.channel.AbstractChannel$AnnotatedConnectException: Connection refused: /192.168.34.62:37037
	at sun.nio.ch.SocketChannelImpl.checkConnect(Native Method)
	at sun.nio.ch.SocketChannelImpl.finishConnect(SocketChannelImpl.java:717)
	at org.apache.ratis.thirdparty.io.netty.channel.socket.nio.NioSocketChannel.doFinishConnect(NioSocketChannel.java:327)
	at org.apache.ratis.thirdparty.io.netty.channel.nio.AbstractNioChannel$AbstractNioUnsafe.finishConnect(AbstractNioChannel.java:340)
	at org.apache.ratis.thirdparty.io.netty.channel.nio.NioEventLoop.processSelectedKey(NioEventLoop.java:632)
	at org.apache.ratis.thirdparty.io.netty.channel.nio.NioEventLoop.processSelectedKeysOptimized(NioEventLoop.java:579)
	at org.apache.ratis.thirdparty.io.netty.channel.nio.NioEventLoop.processSelectedKeys(NioEventLoop.java:496)
	at org.apache.ratis.thirdparty.io.netty.channel.nio.NioEventLoop.run(NioEventLoop.java:458)
	at org.apache.ratis.thirdparty.io.netty.util.concurrent.SingleThreadEventExecutor$5.run(SingleThreadEventExecutor.java:897)
	at org.apache.ratis.thirdparty.io.netty.util.concurrent.FastThreadLocalRunnable.run(FastThreadLocalRunnable.java:30)
	... 1 more
Caused by: java.net.ConnectException: Connection refused
	... 11 more
2019-10-17 06:48:34,878 [7c431f9d-51bc-458b-a3a6-511ec217d887@group-21BA9BD4283D-LeaderElection504] INFO  impl.LeaderElection (LogUtils.java:infoOrTrace(149)) - 7c431f9d-51bc-458b-a3a6-511ec217d887@group-21BA9BD4283D-LeaderElection504 got exception when requesting votes: {}
java.util.concurrent.ExecutionException: org.apache.ratis.thirdparty.io.grpc.StatusRuntimeException: UNAVAILABLE: io exception
	at java.util.concurrent.FutureTask.report(FutureTask.java:122)
	at java.util.concurrent.FutureTask.get(FutureTask.java:192)
	at org.apache.ratis.server.impl.LeaderElection.waitForResults(LeaderElection.java:259)
	at org.apache.ratis.server.impl.LeaderElection.askForVotes(LeaderElection.java:197)
	at org.apache.ratis.server.impl.LeaderElection.run(LeaderElection.java:133)
	at java.lang.Thread.run(Thread.java:748)
Caused by: org.apache.ratis.thirdparty.io.grpc.StatusRuntimeException: UNAVAILABLE: io exception
	at org.apache.ratis.thirdparty.io.grpc.stub.ClientCalls.toStatusRuntimeException(ClientCalls.java:233)
	at org.apache.ratis.thirdparty.io.grpc.stub.ClientCalls.getUnchecked(ClientCalls.java:214)
	at org.apache.ratis.thirdparty.io.grpc.stub.ClientCalls.blockingUnaryCall(ClientCalls.java:139)
	at org.apache.ratis.proto.grpc.RaftServerProtocolServiceGrpc$RaftServerProtocolServiceBlockingStub.requestVote(RaftServerProtocolServiceGrpc.java:265)
	at org.apache.ratis.grpc.server.GrpcServerProtocolClient.requestVote(GrpcServerProtocolClient.java:99)
	at org.apache.ratis.grpc.server.GrpcService.requestVote(GrpcService.java:204)
	at org.apache.ratis.server.impl.LeaderElection.lambda$submitRequests$1(LeaderElection.java:234)
	at java.util.concurrent.FutureTask.run(FutureTask.java:266)
	at java.util.concurrent.Executors$RunnableAdapter.call(Executors.java:511)
	at java.util.concurrent.FutureTask.run(FutureTask.java:266)
	at java.util.concurrent.ThreadPoolExecutor.runWorker(ThreadPoolExecutor.java:1149)
	at java.util.concurrent.ThreadPoolExecutor$Worker.run(ThreadPoolExecutor.java:624)
	... 1 more
Caused by: org.apache.ratis.thirdparty.io.netty.channel.AbstractChannel$AnnotatedConnectException: Connection refused: /192.168.34.62:34777
	at sun.nio.ch.SocketChannelImpl.checkConnect(Native Method)
	at sun.nio.ch.SocketChannelImpl.finishConnect(SocketChannelImpl.java:717)
	at org.apache.ratis.thirdparty.io.netty.channel.socket.nio.NioSocketChannel.doFinishConnect(NioSocketChannel.java:327)
	at org.apache.ratis.thirdparty.io.netty.channel.nio.AbstractNioChannel$AbstractNioUnsafe.finishConnect(AbstractNioChannel.java:340)
	at org.apache.ratis.thirdparty.io.netty.channel.nio.NioEventLoop.processSelectedKey(NioEventLoop.java:632)
	at org.apache.ratis.thirdparty.io.netty.channel.nio.NioEventLoop.processSelectedKeysOptimized(NioEventLoop.java:579)
	at org.apache.ratis.thirdparty.io.netty.channel.nio.NioEventLoop.processSelectedKeys(NioEventLoop.java:496)
	at org.apache.ratis.thirdparty.io.netty.channel.nio.NioEventLoop.run(NioEventLoop.java:458)
	at org.apache.ratis.thirdparty.io.netty.util.concurrent.SingleThreadEventExecutor$5.run(SingleThreadEventExecutor.java:897)
	at org.apache.ratis.thirdparty.io.netty.util.concurrent.FastThreadLocalRunnable.run(FastThreadLocalRunnable.java:30)
	... 1 more
Caused by: java.net.ConnectException: Connection refused
	... 11 more
2019-10-17 06:48:34,879 [7c431f9d-51bc-458b-a3a6-511ec217d887@group-21BA9BD4283D-LeaderElection504] INFO  impl.LeaderElection (LeaderElection.java:logAndReturn(56)) - 7c431f9d-51bc-458b-a3a6-511ec217d887@group-21BA9BD4283D-LeaderElection504: Election REJECTED; received 0 response(s) [] and 2 exception(s); 7c431f9d-51bc-458b-a3a6-511ec217d887@group-21BA9BD4283D:t469, leader=null, voted=7c431f9d-51bc-458b-a3a6-511ec217d887, raftlog=7c431f9d-51bc-458b-a3a6-511ec217d887@group-21BA9BD4283D-SegmentedRaftLog:OPENED:c-1,f-1,i0, conf=-1: [67f35358-9777-4ff9-96f4-8a61bc3a94fe:192.168.34.62:37037, 7c431f9d-51bc-458b-a3a6-511ec217d887:192.168.34.62:40420, b9cfa588-8e56-4331-be2f-4c26f25c6739:192.168.34.62:34777], old=null
2019-10-17 06:48:34,879 [7c431f9d-51bc-458b-a3a6-511ec217d887@group-21BA9BD4283D-LeaderElection504] INFO  impl.LeaderElection (LogUtils.java:infoOrTrace(149)) -   Exception 0: {}
java.util.concurrent.ExecutionException: org.apache.ratis.thirdparty.io.grpc.StatusRuntimeException: UNAVAILABLE: io exception
	at java.util.concurrent.FutureTask.report(FutureTask.java:122)
	at java.util.concurrent.FutureTask.get(FutureTask.java:192)
	at org.apache.ratis.server.impl.LeaderElection.waitForResults(LeaderElection.java:259)
	at org.apache.ratis.server.impl.LeaderElection.askForVotes(LeaderElection.java:197)
	at org.apache.ratis.server.impl.LeaderElection.run(LeaderElection.java:133)
	at java.lang.Thread.run(Thread.java:748)
Caused by: org.apache.ratis.thirdparty.io.grpc.StatusRuntimeException: UNAVAILABLE: io exception
	at org.apache.ratis.thirdparty.io.grpc.stub.ClientCalls.toStatusRuntimeException(ClientCalls.java:233)
	at org.apache.ratis.thirdparty.io.grpc.stub.ClientCalls.getUnchecked(ClientCalls.java:214)
	at org.apache.ratis.thirdparty.io.grpc.stub.ClientCalls.blockingUnaryCall(ClientCalls.java:139)
	at org.apache.ratis.proto.grpc.RaftServerProtocolServiceGrpc$RaftServerProtocolServiceBlockingStub.requestVote(RaftServerProtocolServiceGrpc.java:265)
	at org.apache.ratis.grpc.server.GrpcServerProtocolClient.requestVote(GrpcServerProtocolClient.java:99)
	at org.apache.ratis.grpc.server.GrpcService.requestVote(GrpcService.java:204)
	at org.apache.ratis.server.impl.LeaderElection.lambda$submitRequests$1(LeaderElection.java:234)
	at java.util.concurrent.FutureTask.run(FutureTask.java:266)
	at java.util.concurrent.Executors$RunnableAdapter.call(Executors.java:511)
	at java.util.concurrent.FutureTask.run(FutureTask.java:266)
	at java.util.concurrent.ThreadPoolExecutor.runWorker(ThreadPoolExecutor.java:1149)
	at java.util.concurrent.ThreadPoolExecutor$Worker.run(ThreadPoolExecutor.java:624)
	... 1 more
Caused by: org.apache.ratis.thirdparty.io.netty.channel.AbstractChannel$AnnotatedConnectException: Connection refused: /192.168.34.62:37037
	at sun.nio.ch.SocketChannelImpl.checkConnect(Native Method)
	at sun.nio.ch.SocketChannelImpl.finishConnect(SocketChannelImpl.java:717)
	at org.apache.ratis.thirdparty.io.netty.channel.socket.nio.NioSocketChannel.doFinishConnect(NioSocketChannel.java:327)
	at org.apache.ratis.thirdparty.io.netty.channel.nio.AbstractNioChannel$AbstractNioUnsafe.finishConnect(AbstractNioChannel.java:340)
	at org.apache.ratis.thirdparty.io.netty.channel.nio.NioEventLoop.processSelectedKey(NioEventLoop.java:632)
	at org.apache.ratis.thirdparty.io.netty.channel.nio.NioEventLoop.processSelectedKeysOptimized(NioEventLoop.java:579)
	at org.apache.ratis.thirdparty.io.netty.channel.nio.NioEventLoop.processSelectedKeys(NioEventLoop.java:496)
	at org.apache.ratis.thirdparty.io.netty.channel.nio.NioEventLoop.run(NioEventLoop.java:458)
	at org.apache.ratis.thirdparty.io.netty.util.concurrent.SingleThreadEventExecutor$5.run(SingleThreadEventExecutor.java:897)
	at org.apache.ratis.thirdparty.io.netty.util.concurrent.FastThreadLocalRunnable.run(FastThreadLocalRunnable.java:30)
	... 1 more
Caused by: java.net.ConnectException: Connection refused
	... 11 more
2019-10-17 06:48:34,879 [7c431f9d-51bc-458b-a3a6-511ec217d887@group-21BA9BD4283D-LeaderElection504] INFO  impl.LeaderElection (LogUtils.java:infoOrTrace(149)) -   Exception 1: {}
java.util.concurrent.ExecutionException: org.apache.ratis.thirdparty.io.grpc.StatusRuntimeException: UNAVAILABLE: io exception
	at java.util.concurrent.FutureTask.report(FutureTask.java:122)
	at java.util.concurrent.FutureTask.get(FutureTask.java:192)
	at org.apache.ratis.server.impl.LeaderElection.waitForResults(LeaderElection.java:259)
	at org.apache.ratis.server.impl.LeaderElection.askForVotes(LeaderElection.java:197)
	at org.apache.ratis.server.impl.LeaderElection.run(LeaderElection.java:133)
	at java.lang.Thread.run(Thread.java:748)
Caused by: org.apache.ratis.thirdparty.io.grpc.StatusRuntimeException: UNAVAILABLE: io exception
	at org.apache.ratis.thirdparty.io.grpc.stub.ClientCalls.toStatusRuntimeException(ClientCalls.java:233)
	at org.apache.ratis.thirdparty.io.grpc.stub.ClientCalls.getUnchecked(ClientCalls.java:214)
	at org.apache.ratis.thirdparty.io.grpc.stub.ClientCalls.blockingUnaryCall(ClientCalls.java:139)
	at org.apache.ratis.proto.grpc.RaftServerProtocolServiceGrpc$RaftServerProtocolServiceBlockingStub.requestVote(RaftServerProtocolServiceGrpc.java:265)
	at org.apache.ratis.grpc.server.GrpcServerProtocolClient.requestVote(GrpcServerProtocolClient.java:99)
	at org.apache.ratis.grpc.server.GrpcService.requestVote(GrpcService.java:204)
	at org.apache.ratis.server.impl.LeaderElection.lambda$submitRequests$1(LeaderElection.java:234)
	at java.util.concurrent.FutureTask.run(FutureTask.java:266)
	at java.util.concurrent.Executors$RunnableAdapter.call(Executors.java:511)
	at java.util.concurrent.FutureTask.run(FutureTask.java:266)
	at java.util.concurrent.ThreadPoolExecutor.runWorker(ThreadPoolExecutor.java:1149)
	at java.util.concurrent.ThreadPoolExecutor$Worker.run(ThreadPoolExecutor.java:624)
	... 1 more
Caused by: org.apache.ratis.thirdparty.io.netty.channel.AbstractChannel$AnnotatedConnectException: Connection refused: /192.168.34.62:34777
	at sun.nio.ch.SocketChannelImpl.checkConnect(Native Method)
	at sun.nio.ch.SocketChannelImpl.finishConnect(SocketChannelImpl.java:717)
	at org.apache.ratis.thirdparty.io.netty.channel.socket.nio.NioSocketChannel.doFinishConnect(NioSocketChannel.java:327)
	at org.apache.ratis.thirdparty.io.netty.channel.nio.AbstractNioChannel$AbstractNioUnsafe.finishConnect(AbstractNioChannel.java:340)
	at org.apache.ratis.thirdparty.io.netty.channel.nio.NioEventLoop.processSelectedKey(NioEventLoop.java:632)
	at org.apache.ratis.thirdparty.io.netty.channel.nio.NioEventLoop.processSelectedKeysOptimized(NioEventLoop.java:579)
	at org.apache.ratis.thirdparty.io.netty.channel.nio.NioEventLoop.processSelectedKeys(NioEventLoop.java:496)
	at org.apache.ratis.thirdparty.io.netty.channel.nio.NioEventLoop.run(NioEventLoop.java:458)
	at org.apache.ratis.thirdparty.io.netty.util.concurrent.SingleThreadEventExecutor$5.run(SingleThreadEventExecutor.java:897)
	at org.apache.ratis.thirdparty.io.netty.util.concurrent.FastThreadLocalRunnable.run(FastThreadLocalRunnable.java:30)
	... 1 more
Caused by: java.net.ConnectException: Connection refused
	... 11 more
2019-10-17 06:48:34,879 [7c431f9d-51bc-458b-a3a6-511ec217d887@group-21BA9BD4283D-LeaderElection504] INFO  impl.RaftServerImpl (RaftServerImpl.java:setRole(184)) - 7c431f9d-51bc-458b-a3a6-511ec217d887@group-21BA9BD4283D: changes role from CANDIDATE to FOLLOWER at term 469 for DISCOVERED_A_NEW_TERM
2019-10-17 06:48:34,879 [7c431f9d-51bc-458b-a3a6-511ec217d887@group-21BA9BD4283D-LeaderElection504] INFO  impl.RoleInfo (RoleInfo.java:shutdownLeaderElection(134)) - 7c431f9d-51bc-458b-a3a6-511ec217d887: shutdown LeaderElection
2019-10-17 06:48:34,879 [7c431f9d-51bc-458b-a3a6-511ec217d887@group-21BA9BD4283D-LeaderElection504] INFO  impl.RoleInfo (RoleInfo.java:updateAndGet(143)) - 7c431f9d-51bc-458b-a3a6-511ec217d887: start FollowerState
2019-10-17 06:48:34,889 [Thread-4039] INFO  impl.FollowerState (FollowerState.java:run(108)) - 7c431f9d-51bc-458b-a3a6-511ec217d887@group-21BA9BD4283D-FollowerState: change to CANDIDATE, lastRpcTime:9ms, electionTimeout:9ms
2019-10-17 06:48:34,889 [Thread-4039] INFO  impl.RoleInfo (RoleInfo.java:shutdownFollowerState(121)) - 7c431f9d-51bc-458b-a3a6-511ec217d887: shutdown FollowerState
2019-10-17 06:48:34,889 [Thread-4039] INFO  impl.RaftServerImpl (RaftServerImpl.java:setRole(184)) - 7c431f9d-51bc-458b-a3a6-511ec217d887@group-21BA9BD4283D: changes role from  FOLLOWER to CANDIDATE at term 469 for changeToCandidate
2019-10-17 06:48:34,889 [Thread-4039] INFO  impl.RoleInfo (RoleInfo.java:updateAndGet(143)) - 7c431f9d-51bc-458b-a3a6-511ec217d887: start LeaderElection
2019-10-17 06:48:34,893 [7c431f9d-51bc-458b-a3a6-511ec217d887@group-21BA9BD4283D-LeaderElection505] INFO  impl.LeaderElection (LeaderElection.java:askForVotes(178)) - 7c431f9d-51bc-458b-a3a6-511ec217d887@group-21BA9BD4283D-LeaderElection505: begin an election at term 470 for -1: [67f35358-9777-4ff9-96f4-8a61bc3a94fe:192.168.34.62:37037, 7c431f9d-51bc-458b-a3a6-511ec217d887:192.168.34.62:40420, b9cfa588-8e56-4331-be2f-4c26f25c6739:192.168.34.62:34777], old=null
2019-10-17 06:48:34,893 [7c431f9d-51bc-458b-a3a6-511ec217d887@group-21BA9BD4283D-LeaderElection505] INFO  impl.LeaderElection (LogUtils.java:infoOrTrace(149)) - 7c431f9d-51bc-458b-a3a6-511ec217d887@group-21BA9BD4283D-LeaderElection505 got exception when requesting votes: {}
java.util.concurrent.ExecutionException: org.apache.ratis.thirdparty.io.grpc.StatusRuntimeException: UNAVAILABLE: io exception
	at java.util.concurrent.FutureTask.report(FutureTask.java:122)
	at java.util.concurrent.FutureTask.get(FutureTask.java:192)
	at org.apache.ratis.server.impl.LeaderElection.waitForResults(LeaderElection.java:259)
	at org.apache.ratis.server.impl.LeaderElection.askForVotes(LeaderElection.java:197)
	at org.apache.ratis.server.impl.LeaderElection.run(LeaderElection.java:133)
	at java.lang.Thread.run(Thread.java:748)
Caused by: org.apache.ratis.thirdparty.io.grpc.StatusRuntimeException: UNAVAILABLE: io exception
	at org.apache.ratis.thirdparty.io.grpc.stub.ClientCalls.toStatusRuntimeException(ClientCalls.java:233)
	at org.apache.ratis.thirdparty.io.grpc.stub.ClientCalls.getUnchecked(ClientCalls.java:214)
	at org.apache.ratis.thirdparty.io.grpc.stub.ClientCalls.blockingUnaryCall(ClientCalls.java:139)
	at org.apache.ratis.proto.grpc.RaftServerProtocolServiceGrpc$RaftServerProtocolServiceBlockingStub.requestVote(RaftServerProtocolServiceGrpc.java:265)
	at org.apache.ratis.grpc.server.GrpcServerProtocolClient.requestVote(GrpcServerProtocolClient.java:99)
	at org.apache.ratis.grpc.server.GrpcService.requestVote(GrpcService.java:204)
	at org.apache.ratis.server.impl.LeaderElection.lambda$submitRequests$1(LeaderElection.java:234)
	at java.util.concurrent.FutureTask.run(FutureTask.java:266)
	at java.util.concurrent.Executors$RunnableAdapter.call(Executors.java:511)
	at java.util.concurrent.FutureTask.run(FutureTask.java:266)
	at java.util.concurrent.ThreadPoolExecutor.runWorker(ThreadPoolExecutor.java:1149)
	at java.util.concurrent.ThreadPoolExecutor$Worker.run(ThreadPoolExecutor.java:624)
	... 1 more
Caused by: org.apache.ratis.thirdparty.io.netty.channel.AbstractChannel$AnnotatedConnectException: Connection refused: /192.168.34.62:37037
	at sun.nio.ch.SocketChannelImpl.checkConnect(Native Method)
	at sun.nio.ch.SocketChannelImpl.finishConnect(SocketChannelImpl.java:717)
	at org.apache.ratis.thirdparty.io.netty.channel.socket.nio.NioSocketChannel.doFinishConnect(NioSocketChannel.java:327)
	at org.apache.ratis.thirdparty.io.netty.channel.nio.AbstractNioChannel$AbstractNioUnsafe.finishConnect(AbstractNioChannel.java:340)
	at org.apache.ratis.thirdparty.io.netty.channel.nio.NioEventLoop.processSelectedKey(NioEventLoop.java:632)
	at org.apache.ratis.thirdparty.io.netty.channel.nio.NioEventLoop.processSelectedKeysOptimized(NioEventLoop.java:579)
	at org.apache.ratis.thirdparty.io.netty.channel.nio.NioEventLoop.processSelectedKeys(NioEventLoop.java:496)
	at org.apache.ratis.thirdparty.io.netty.channel.nio.NioEventLoop.run(NioEventLoop.java:458)
	at org.apache.ratis.thirdparty.io.netty.util.concurrent.SingleThreadEventExecutor$5.run(SingleThreadEventExecutor.java:897)
	at org.apache.ratis.thirdparty.io.netty.util.concurrent.FastThreadLocalRunnable.run(FastThreadLocalRunnable.java:30)
	... 1 more
Caused by: java.net.ConnectException: Connection refused
	... 11 more
2019-10-17 06:48:34,895 [7c431f9d-51bc-458b-a3a6-511ec217d887@group-21BA9BD4283D-LeaderElection505] INFO  impl.LeaderElection (LogUtils.java:infoOrTrace(149)) - 7c431f9d-51bc-458b-a3a6-511ec217d887@group-21BA9BD4283D-LeaderElection505 got exception when requesting votes: {}
java.util.concurrent.ExecutionException: org.apache.ratis.thirdparty.io.grpc.StatusRuntimeException: UNAVAILABLE: io exception
	at java.util.concurrent.FutureTask.report(FutureTask.java:122)
	at java.util.concurrent.FutureTask.get(FutureTask.java:192)
	at org.apache.ratis.server.impl.LeaderElection.waitForResults(LeaderElection.java:259)
	at org.apache.ratis.server.impl.LeaderElection.askForVotes(LeaderElection.java:197)
	at org.apache.ratis.server.impl.LeaderElection.run(LeaderElection.java:133)
	at java.lang.Thread.run(Thread.java:748)
Caused by: org.apache.ratis.thirdparty.io.grpc.StatusRuntimeException: UNAVAILABLE: io exception
	at org.apache.ratis.thirdparty.io.grpc.stub.ClientCalls.toStatusRuntimeException(ClientCalls.java:233)
	at org.apache.ratis.thirdparty.io.grpc.stub.ClientCalls.getUnchecked(ClientCalls.java:214)
	at org.apache.ratis.thirdparty.io.grpc.stub.ClientCalls.blockingUnaryCall(ClientCalls.java:139)
	at org.apache.ratis.proto.grpc.RaftServerProtocolServiceGrpc$RaftServerProtocolServiceBlockingStub.requestVote(RaftServerProtocolServiceGrpc.java:265)
	at org.apache.ratis.grpc.server.GrpcServerProtocolClient.requestVote(GrpcServerProtocolClient.java:99)
	at org.apache.ratis.grpc.server.GrpcService.requestVote(GrpcService.java:204)
	at org.apache.ratis.server.impl.LeaderElection.lambda$submitRequests$1(LeaderElection.java:234)
	at java.util.concurrent.FutureTask.run(FutureTask.java:266)
	at java.util.concurrent.Executors$RunnableAdapter.call(Executors.java:511)
	at java.util.concurrent.FutureTask.run(FutureTask.java:266)
	at java.util.concurrent.ThreadPoolExecutor.runWorker(ThreadPoolExecutor.java:1149)
	at java.util.concurrent.ThreadPoolExecutor$Worker.run(ThreadPoolExecutor.java:624)
	... 1 more
Caused by: org.apache.ratis.thirdparty.io.netty.channel.AbstractChannel$AnnotatedConnectException: Connection refused: /192.168.34.62:34777
	at sun.nio.ch.SocketChannelImpl.checkConnect(Native Method)
	at sun.nio.ch.SocketChannelImpl.finishConnect(SocketChannelImpl.java:717)
	at org.apache.ratis.thirdparty.io.netty.channel.socket.nio.NioSocketChannel.doFinishConnect(NioSocketChannel.java:327)
	at org.apache.ratis.thirdparty.io.netty.channel.nio.AbstractNioChannel$AbstractNioUnsafe.finishConnect(AbstractNioChannel.java:340)
	at org.apache.ratis.thirdparty.io.netty.channel.nio.NioEventLoop.processSelectedKey(NioEventLoop.java:632)
	at org.apache.ratis.thirdparty.io.netty.channel.nio.NioEventLoop.processSelectedKeysOptimized(NioEventLoop.java:579)
	at org.apache.ratis.thirdparty.io.netty.channel.nio.NioEventLoop.processSelectedKeys(NioEventLoop.java:496)
	at org.apache.ratis.thirdparty.io.netty.channel.nio.NioEventLoop.run(NioEventLoop.java:458)
	at org.apache.ratis.thirdparty.io.netty.util.concurrent.SingleThreadEventExecutor$5.run(SingleThreadEventExecutor.java:897)
	at org.apache.ratis.thirdparty.io.netty.util.concurrent.FastThreadLocalRunnable.run(FastThreadLocalRunnable.java:30)
	... 1 more
Caused by: java.net.ConnectException: Connection refused
	... 11 more
2019-10-17 06:48:34,896 [7c431f9d-51bc-458b-a3a6-511ec217d887@group-21BA9BD4283D-LeaderElection505] INFO  impl.LeaderElection (LeaderElection.java:logAndReturn(56)) - 7c431f9d-51bc-458b-a3a6-511ec217d887@group-21BA9BD4283D-LeaderElection505: Election REJECTED; received 0 response(s) [] and 2 exception(s); 7c431f9d-51bc-458b-a3a6-511ec217d887@group-21BA9BD4283D:t470, leader=null, voted=7c431f9d-51bc-458b-a3a6-511ec217d887, raftlog=7c431f9d-51bc-458b-a3a6-511ec217d887@group-21BA9BD4283D-SegmentedRaftLog:OPENED:c-1,f-1,i0, conf=-1: [67f35358-9777-4ff9-96f4-8a61bc3a94fe:192.168.34.62:37037, 7c431f9d-51bc-458b-a3a6-511ec217d887:192.168.34.62:40420, b9cfa588-8e56-4331-be2f-4c26f25c6739:192.168.34.62:34777], old=null
2019-10-17 06:48:34,896 [7c431f9d-51bc-458b-a3a6-511ec217d887@group-21BA9BD4283D-LeaderElection505] INFO  impl.LeaderElection (LogUtils.java:infoOrTrace(149)) -   Exception 0: {}
java.util.concurrent.ExecutionException: org.apache.ratis.thirdparty.io.grpc.StatusRuntimeException: UNAVAILABLE: io exception
	at java.util.concurrent.FutureTask.report(FutureTask.java:122)
	at java.util.concurrent.FutureTask.get(FutureTask.java:192)
	at org.apache.ratis.server.impl.LeaderElection.waitForResults(LeaderElection.java:259)
	at org.apache.ratis.server.impl.LeaderElection.askForVotes(LeaderElection.java:197)
	at org.apache.ratis.server.impl.LeaderElection.run(LeaderElection.java:133)
	at java.lang.Thread.run(Thread.java:748)
Caused by: org.apache.ratis.thirdparty.io.grpc.StatusRuntimeException: UNAVAILABLE: io exception
	at org.apache.ratis.thirdparty.io.grpc.stub.ClientCalls.toStatusRuntimeException(ClientCalls.java:233)
	at org.apache.ratis.thirdparty.io.grpc.stub.ClientCalls.getUnchecked(ClientCalls.java:214)
	at org.apache.ratis.thirdparty.io.grpc.stub.ClientCalls.blockingUnaryCall(ClientCalls.java:139)
	at org.apache.ratis.proto.grpc.RaftServerProtocolServiceGrpc$RaftServerProtocolServiceBlockingStub.requestVote(RaftServerProtocolServiceGrpc.java:265)
	at org.apache.ratis.grpc.server.GrpcServerProtocolClient.requestVote(GrpcServerProtocolClient.java:99)
	at org.apache.ratis.grpc.server.GrpcService.requestVote(GrpcService.java:204)
	at org.apache.ratis.server.impl.LeaderElection.lambda$submitRequests$1(LeaderElection.java:234)
	at java.util.concurrent.FutureTask.run(FutureTask.java:266)
	at java.util.concurrent.Executors$RunnableAdapter.call(Executors.java:511)
	at java.util.concurrent.FutureTask.run(FutureTask.java:266)
	at java.util.concurrent.ThreadPoolExecutor.runWorker(ThreadPoolExecutor.java:1149)
	at java.util.concurrent.ThreadPoolExecutor$Worker.run(ThreadPoolExecutor.java:624)
	... 1 more
Caused by: org.apache.ratis.thirdparty.io.netty.channel.AbstractChannel$AnnotatedConnectException: Connection refused: /192.168.34.62:37037
	at sun.nio.ch.SocketChannelImpl.checkConnect(Native Method)
	at sun.nio.ch.SocketChannelImpl.finishConnect(SocketChannelImpl.java:717)
	at org.apache.ratis.thirdparty.io.netty.channel.socket.nio.NioSocketChannel.doFinishConnect(NioSocketChannel.java:327)
	at org.apache.ratis.thirdparty.io.netty.channel.nio.AbstractNioChannel$AbstractNioUnsafe.finishConnect(AbstractNioChannel.java:340)
	at org.apache.ratis.thirdparty.io.netty.channel.nio.NioEventLoop.processSelectedKey(NioEventLoop.java:632)
	at org.apache.ratis.thirdparty.io.netty.channel.nio.NioEventLoop.processSelectedKeysOptimized(NioEventLoop.java:579)
	at org.apache.ratis.thirdparty.io.netty.channel.nio.NioEventLoop.processSelectedKeys(NioEventLoop.java:496)
	at org.apache.ratis.thirdparty.io.netty.channel.nio.NioEventLoop.run(NioEventLoop.java:458)
	at org.apache.ratis.thirdparty.io.netty.util.concurrent.SingleThreadEventExecutor$5.run(SingleThreadEventExecutor.java:897)
	at org.apache.ratis.thirdparty.io.netty.util.concurrent.FastThreadLocalRunnable.run(FastThreadLocalRunnable.java:30)
	... 1 more
Caused by: java.net.ConnectException: Connection refused
	... 11 more
2019-10-17 06:48:34,896 [7c431f9d-51bc-458b-a3a6-511ec217d887@group-21BA9BD4283D-LeaderElection505] INFO  impl.LeaderElection (LogUtils.java:infoOrTrace(149)) -   Exception 1: {}
java.util.concurrent.ExecutionException: org.apache.ratis.thirdparty.io.grpc.StatusRuntimeException: UNAVAILABLE: io exception
	at java.util.concurrent.FutureTask.report(FutureTask.java:122)
	at java.util.concurrent.FutureTask.get(FutureTask.java:192)
	at org.apache.ratis.server.impl.LeaderElection.waitForResults(LeaderElection.java:259)
	at org.apache.ratis.server.impl.LeaderElection.askForVotes(LeaderElection.java:197)
	at org.apache.ratis.server.impl.LeaderElection.run(LeaderElection.java:133)
	at java.lang.Thread.run(Thread.java:748)
Caused by: org.apache.ratis.thirdparty.io.grpc.StatusRuntimeException: UNAVAILABLE: io exception
	at org.apache.ratis.thirdparty.io.grpc.stub.ClientCalls.toStatusRuntimeException(ClientCalls.java:233)
	at org.apache.ratis.thirdparty.io.grpc.stub.ClientCalls.getUnchecked(ClientCalls.java:214)
	at org.apache.ratis.thirdparty.io.grpc.stub.ClientCalls.blockingUnaryCall(ClientCalls.java:139)
	at org.apache.ratis.proto.grpc.RaftServerProtocolServiceGrpc$RaftServerProtocolServiceBlockingStub.requestVote(RaftServerProtocolServiceGrpc.java:265)
	at org.apache.ratis.grpc.server.GrpcServerProtocolClient.requestVote(GrpcServerProtocolClient.java:99)
	at org.apache.ratis.grpc.server.GrpcService.requestVote(GrpcService.java:204)
	at org.apache.ratis.server.impl.LeaderElection.lambda$submitRequests$1(LeaderElection.java:234)
	at java.util.concurrent.FutureTask.run(FutureTask.java:266)
	at java.util.concurrent.Executors$RunnableAdapter.call(Executors.java:511)
	at java.util.concurrent.FutureTask.run(FutureTask.java:266)
	at java.util.concurrent.ThreadPoolExecutor.runWorker(ThreadPoolExecutor.java:1149)
	at java.util.concurrent.ThreadPoolExecutor$Worker.run(ThreadPoolExecutor.java:624)
	... 1 more
Caused by: org.apache.ratis.thirdparty.io.netty.channel.AbstractChannel$AnnotatedConnectException: Connection refused: /192.168.34.62:34777
	at sun.nio.ch.SocketChannelImpl.checkConnect(Native Method)
	at sun.nio.ch.SocketChannelImpl.finishConnect(SocketChannelImpl.java:717)
	at org.apache.ratis.thirdparty.io.netty.channel.socket.nio.NioSocketChannel.doFinishConnect(NioSocketChannel.java:327)
	at org.apache.ratis.thirdparty.io.netty.channel.nio.AbstractNioChannel$AbstractNioUnsafe.finishConnect(AbstractNioChannel.java:340)
	at org.apache.ratis.thirdparty.io.netty.channel.nio.NioEventLoop.processSelectedKey(NioEventLoop.java:632)
	at org.apache.ratis.thirdparty.io.netty.channel.nio.NioEventLoop.processSelectedKeysOptimized(NioEventLoop.java:579)
	at org.apache.ratis.thirdparty.io.netty.channel.nio.NioEventLoop.processSelectedKeys(NioEventLoop.java:496)
	at org.apache.ratis.thirdparty.io.netty.channel.nio.NioEventLoop.run(NioEventLoop.java:458)
	at org.apache.ratis.thirdparty.io.netty.util.concurrent.SingleThreadEventExecutor$5.run(SingleThreadEventExecutor.java:897)
	at org.apache.ratis.thirdparty.io.netty.util.concurrent.FastThreadLocalRunnable.run(FastThreadLocalRunnable.java:30)
	... 1 more
Caused by: java.net.ConnectException: Connection refused
	... 11 more
2019-10-17 06:48:34,896 [7c431f9d-51bc-458b-a3a6-511ec217d887@group-21BA9BD4283D-LeaderElection505] INFO  impl.RaftServerImpl (RaftServerImpl.java:setRole(184)) - 7c431f9d-51bc-458b-a3a6-511ec217d887@group-21BA9BD4283D: changes role from CANDIDATE to FOLLOWER at term 470 for DISCOVERED_A_NEW_TERM
2019-10-17 06:48:34,896 [7c431f9d-51bc-458b-a3a6-511ec217d887@group-21BA9BD4283D-LeaderElection505] INFO  impl.RoleInfo (RoleInfo.java:shutdownLeaderElection(134)) - 7c431f9d-51bc-458b-a3a6-511ec217d887: shutdown LeaderElection
2019-10-17 06:48:34,897 [7c431f9d-51bc-458b-a3a6-511ec217d887@group-21BA9BD4283D-LeaderElection505] INFO  impl.RoleInfo (RoleInfo.java:updateAndGet(143)) - 7c431f9d-51bc-458b-a3a6-511ec217d887: start FollowerState
2019-10-17 06:48:34,998 [Thread-4043] INFO  impl.FollowerState (FollowerState.java:run(108)) - 7c431f9d-51bc-458b-a3a6-511ec217d887@group-21BA9BD4283D-FollowerState: change to CANDIDATE, lastRpcTime:101ms, electionTimeout:101ms
2019-10-17 06:48:34,998 [Thread-4043] INFO  impl.RoleInfo (RoleInfo.java:shutdownFollowerState(121)) - 7c431f9d-51bc-458b-a3a6-511ec217d887: shutdown FollowerState
2019-10-17 06:48:34,998 [Thread-4043] INFO  impl.RaftServerImpl (RaftServerImpl.java:setRole(184)) - 7c431f9d-51bc-458b-a3a6-511ec217d887@group-21BA9BD4283D: changes role from  FOLLOWER to CANDIDATE at term 470 for changeToCandidate
2019-10-17 06:48:34,998 [Thread-4043] INFO  impl.RoleInfo (RoleInfo.java:updateAndGet(143)) - 7c431f9d-51bc-458b-a3a6-511ec217d887: start LeaderElection
2019-10-17 06:48:35,022 [7c431f9d-51bc-458b-a3a6-511ec217d887@group-21BA9BD4283D-LeaderElection506] INFO  impl.LeaderElection (LeaderElection.java:askForVotes(178)) - 7c431f9d-51bc-458b-a3a6-511ec217d887@group-21BA9BD4283D-LeaderElection506: begin an election at term 471 for -1: [67f35358-9777-4ff9-96f4-8a61bc3a94fe:192.168.34.62:37037, 7c431f9d-51bc-458b-a3a6-511ec217d887:192.168.34.62:40420, b9cfa588-8e56-4331-be2f-4c26f25c6739:192.168.34.62:34777], old=null
2019-10-17 06:48:35,022 [7c431f9d-51bc-458b-a3a6-511ec217d887@group-21BA9BD4283D-LeaderElection506] INFO  impl.LeaderElection (LogUtils.java:infoOrTrace(149)) - 7c431f9d-51bc-458b-a3a6-511ec217d887@group-21BA9BD4283D-LeaderElection506 got exception when requesting votes: {}
java.util.concurrent.ExecutionException: org.apache.ratis.thirdparty.io.grpc.StatusRuntimeException: UNAVAILABLE: io exception
	at java.util.concurrent.FutureTask.report(FutureTask.java:122)
	at java.util.concurrent.FutureTask.get(FutureTask.java:192)
	at org.apache.ratis.server.impl.LeaderElection.waitForResults(LeaderElection.java:259)
	at org.apache.ratis.server.impl.LeaderElection.askForVotes(LeaderElection.java:197)
	at org.apache.ratis.server.impl.LeaderElection.run(LeaderElection.java:133)
	at java.lang.Thread.run(Thread.java:748)
Caused by: org.apache.ratis.thirdparty.io.grpc.StatusRuntimeException: UNAVAILABLE: io exception
	at org.apache.ratis.thirdparty.io.grpc.stub.ClientCalls.toStatusRuntimeException(ClientCalls.java:233)
	at org.apache.ratis.thirdparty.io.grpc.stub.ClientCalls.getUnchecked(ClientCalls.java:214)
	at org.apache.ratis.thirdparty.io.grpc.stub.ClientCalls.blockingUnaryCall(ClientCalls.java:139)
	at org.apache.ratis.proto.grpc.RaftServerProtocolServiceGrpc$RaftServerProtocolServiceBlockingStub.requestVote(RaftServerProtocolServiceGrpc.java:265)
	at org.apache.ratis.grpc.server.GrpcServerProtocolClient.requestVote(GrpcServerProtocolClient.java:99)
	at org.apache.ratis.grpc.server.GrpcService.requestVote(GrpcService.java:204)
	at org.apache.ratis.server.impl.LeaderElection.lambda$submitRequests$1(LeaderElection.java:234)
	at java.util.concurrent.FutureTask.run(FutureTask.java:266)
	at java.util.concurrent.Executors$RunnableAdapter.call(Executors.java:511)
	at java.util.concurrent.FutureTask.run(FutureTask.java:266)
	at java.util.concurrent.ThreadPoolExecutor.runWorker(ThreadPoolExecutor.java:1149)
	at java.util.concurrent.ThreadPoolExecutor$Worker.run(ThreadPoolExecutor.java:624)
	... 1 more
Caused by: org.apache.ratis.thirdparty.io.netty.channel.AbstractChannel$AnnotatedConnectException: Connection refused: /192.168.34.62:34777
	at sun.nio.ch.SocketChannelImpl.checkConnect(Native Method)
	at sun.nio.ch.SocketChannelImpl.finishConnect(SocketChannelImpl.java:717)
	at org.apache.ratis.thirdparty.io.netty.channel.socket.nio.NioSocketChannel.doFinishConnect(NioSocketChannel.java:327)
	at org.apache.ratis.thirdparty.io.netty.channel.nio.AbstractNioChannel$AbstractNioUnsafe.finishConnect(AbstractNioChannel.java:340)
	at org.apache.ratis.thirdparty.io.netty.channel.nio.NioEventLoop.processSelectedKey(NioEventLoop.java:632)
	at org.apache.ratis.thirdparty.io.netty.channel.nio.NioEventLoop.processSelectedKeysOptimized(NioEventLoop.java:579)
	at org.apache.ratis.thirdparty.io.netty.channel.nio.NioEventLoop.processSelectedKeys(NioEventLoop.java:496)
	at org.apache.ratis.thirdparty.io.netty.channel.nio.NioEventLoop.run(NioEventLoop.java:458)
	at org.apache.ratis.thirdparty.io.netty.util.concurrent.SingleThreadEventExecutor$5.run(SingleThreadEventExecutor.java:897)
	at org.apache.ratis.thirdparty.io.netty.util.concurrent.FastThreadLocalRunnable.run(FastThreadLocalRunnable.java:30)
	... 1 more
Caused by: java.net.ConnectException: Connection refused
	... 11 more
2019-10-17 06:48:35,024 [7c431f9d-51bc-458b-a3a6-511ec217d887@group-21BA9BD4283D-LeaderElection506] INFO  impl.LeaderElection (LogUtils.java:infoOrTrace(149)) - 7c431f9d-51bc-458b-a3a6-511ec217d887@group-21BA9BD4283D-LeaderElection506 got exception when requesting votes: {}
java.util.concurrent.ExecutionException: org.apache.ratis.thirdparty.io.grpc.StatusRuntimeException: UNAVAILABLE: io exception
	at java.util.concurrent.FutureTask.report(FutureTask.java:122)
	at java.util.concurrent.FutureTask.get(FutureTask.java:192)
	at org.apache.ratis.server.impl.LeaderElection.waitForResults(LeaderElection.java:259)
	at org.apache.ratis.server.impl.LeaderElection.askForVotes(LeaderElection.java:197)
	at org.apache.ratis.server.impl.LeaderElection.run(LeaderElection.java:133)
	at java.lang.Thread.run(Thread.java:748)
Caused by: org.apache.ratis.thirdparty.io.grpc.StatusRuntimeException: UNAVAILABLE: io exception
	at org.apache.ratis.thirdparty.io.grpc.stub.ClientCalls.toStatusRuntimeException(ClientCalls.java:233)
	at org.apache.ratis.thirdparty.io.grpc.stub.ClientCalls.getUnchecked(ClientCalls.java:214)
	at org.apache.ratis.thirdparty.io.grpc.stub.ClientCalls.blockingUnaryCall(ClientCalls.java:139)
	at org.apache.ratis.proto.grpc.RaftServerProtocolServiceGrpc$RaftServerProtocolServiceBlockingStub.requestVote(RaftServerProtocolServiceGrpc.java:265)
	at org.apache.ratis.grpc.server.GrpcServerProtocolClient.requestVote(GrpcServerProtocolClient.java:99)
	at org.apache.ratis.grpc.server.GrpcService.requestVote(GrpcService.java:204)
	at org.apache.ratis.server.impl.LeaderElection.lambda$submitRequests$1(LeaderElection.java:234)
	at java.util.concurrent.FutureTask.run(FutureTask.java:266)
	at java.util.concurrent.Executors$RunnableAdapter.call(Executors.java:511)
	at java.util.concurrent.FutureTask.run(FutureTask.java:266)
	at java.util.concurrent.ThreadPoolExecutor.runWorker(ThreadPoolExecutor.java:1149)
	at java.util.concurrent.ThreadPoolExecutor$Worker.run(ThreadPoolExecutor.java:624)
	... 1 more
Caused by: org.apache.ratis.thirdparty.io.netty.channel.AbstractChannel$AnnotatedConnectException: Connection refused: /192.168.34.62:37037
	at sun.nio.ch.SocketChannelImpl.checkConnect(Native Method)
	at sun.nio.ch.SocketChannelImpl.finishConnect(SocketChannelImpl.java:717)
	at org.apache.ratis.thirdparty.io.netty.channel.socket.nio.NioSocketChannel.doFinishConnect(NioSocketChannel.java:327)
	at org.apache.ratis.thirdparty.io.netty.channel.nio.AbstractNioChannel$AbstractNioUnsafe.finishConnect(AbstractNioChannel.java:340)
	at org.apache.ratis.thirdparty.io.netty.channel.nio.NioEventLoop.processSelectedKey(NioEventLoop.java:632)
	at org.apache.ratis.thirdparty.io.netty.channel.nio.NioEventLoop.processSelectedKeysOptimized(NioEventLoop.java:579)
	at org.apache.ratis.thirdparty.io.netty.channel.nio.NioEventLoop.processSelectedKeys(NioEventLoop.java:496)
	at org.apache.ratis.thirdparty.io.netty.channel.nio.NioEventLoop.run(NioEventLoop.java:458)
	at org.apache.ratis.thirdparty.io.netty.util.concurrent.SingleThreadEventExecutor$5.run(SingleThreadEventExecutor.java:897)
	at org.apache.ratis.thirdparty.io.netty.util.concurrent.FastThreadLocalRunnable.run(FastThreadLocalRunnable.java:30)
	... 1 more
Caused by: java.net.ConnectException: Connection refused
	... 11 more
2019-10-17 06:48:35,029 [7c431f9d-51bc-458b-a3a6-511ec217d887@group-21BA9BD4283D-LeaderElection506] INFO  impl.LeaderElection (LeaderElection.java:logAndReturn(56)) - 7c431f9d-51bc-458b-a3a6-511ec217d887@group-21BA9BD4283D-LeaderElection506: Election REJECTED; received 0 response(s) [] and 2 exception(s); 7c431f9d-51bc-458b-a3a6-511ec217d887@group-21BA9BD4283D:t471, leader=null, voted=7c431f9d-51bc-458b-a3a6-511ec217d887, raftlog=7c431f9d-51bc-458b-a3a6-511ec217d887@group-21BA9BD4283D-SegmentedRaftLog:OPENED:c-1,f-1,i0, conf=-1: [67f35358-9777-4ff9-96f4-8a61bc3a94fe:192.168.34.62:37037, 7c431f9d-51bc-458b-a3a6-511ec217d887:192.168.34.62:40420, b9cfa588-8e56-4331-be2f-4c26f25c6739:192.168.34.62:34777], old=null
2019-10-17 06:48:35,029 [7c431f9d-51bc-458b-a3a6-511ec217d887@group-21BA9BD4283D-LeaderElection506] INFO  impl.LeaderElection (LogUtils.java:infoOrTrace(149)) -   Exception 0: {}
java.util.concurrent.ExecutionException: org.apache.ratis.thirdparty.io.grpc.StatusRuntimeException: UNAVAILABLE: io exception
	at java.util.concurrent.FutureTask.report(FutureTask.java:122)
	at java.util.concurrent.FutureTask.get(FutureTask.java:192)
	at org.apache.ratis.server.impl.LeaderElection.waitForResults(LeaderElection.java:259)
	at org.apache.ratis.server.impl.LeaderElection.askForVotes(LeaderElection.java:197)
	at org.apache.ratis.server.impl.LeaderElection.run(LeaderElection.java:133)
	at java.lang.Thread.run(Thread.java:748)
Caused by: org.apache.ratis.thirdparty.io.grpc.StatusRuntimeException: UNAVAILABLE: io exception
	at org.apache.ratis.thirdparty.io.grpc.stub.ClientCalls.toStatusRuntimeException(ClientCalls.java:233)
	at org.apache.ratis.thirdparty.io.grpc.stub.ClientCalls.getUnchecked(ClientCalls.java:214)
	at org.apache.ratis.thirdparty.io.grpc.stub.ClientCalls.blockingUnaryCall(ClientCalls.java:139)
	at org.apache.ratis.proto.grpc.RaftServerProtocolServiceGrpc$RaftServerProtocolServiceBlockingStub.requestVote(RaftServerProtocolServiceGrpc.java:265)
	at org.apache.ratis.grpc.server.GrpcServerProtocolClient.requestVote(GrpcServerProtocolClient.java:99)
	at org.apache.ratis.grpc.server.GrpcService.requestVote(GrpcService.java:204)
	at org.apache.ratis.server.impl.LeaderElection.lambda$submitRequests$1(LeaderElection.java:234)
	at java.util.concurrent.FutureTask.run(FutureTask.java:266)
	at java.util.concurrent.Executors$RunnableAdapter.call(Executors.java:511)
	at java.util.concurrent.FutureTask.run(FutureTask.java:266)
	at java.util.concurrent.ThreadPoolExecutor.runWorker(ThreadPoolExecutor.java:1149)
	at java.util.concurrent.ThreadPoolExecutor$Worker.run(ThreadPoolExecutor.java:624)
	... 1 more
Caused by: org.apache.ratis.thirdparty.io.netty.channel.AbstractChannel$AnnotatedConnectException: Connection refused: /192.168.34.62:34777
	at sun.nio.ch.SocketChannelImpl.checkConnect(Native Method)
	at sun.nio.ch.SocketChannelImpl.finishConnect(SocketChannelImpl.java:717)
	at org.apache.ratis.thirdparty.io.netty.channel.socket.nio.NioSocketChannel.doFinishConnect(NioSocketChannel.java:327)
	at org.apache.ratis.thirdparty.io.netty.channel.nio.AbstractNioChannel$AbstractNioUnsafe.finishConnect(AbstractNioChannel.java:340)
	at org.apache.ratis.thirdparty.io.netty.channel.nio.NioEventLoop.processSelectedKey(NioEventLoop.java:632)
	at org.apache.ratis.thirdparty.io.netty.channel.nio.NioEventLoop.processSelectedKeysOptimized(NioEventLoop.java:579)
	at org.apache.ratis.thirdparty.io.netty.channel.nio.NioEventLoop.processSelectedKeys(NioEventLoop.java:496)
	at org.apache.ratis.thirdparty.io.netty.channel.nio.NioEventLoop.run(NioEventLoop.java:458)
	at org.apache.ratis.thirdparty.io.netty.util.concurrent.SingleThreadEventExecutor$5.run(SingleThreadEventExecutor.java:897)
	at org.apache.ratis.thirdparty.io.netty.util.concurrent.FastThreadLocalRunnable.run(FastThreadLocalRunnable.java:30)
	... 1 more
Caused by: java.net.ConnectException: Connection refused
	... 11 more
2019-10-17 06:48:35,029 [7c431f9d-51bc-458b-a3a6-511ec217d887@group-21BA9BD4283D-LeaderElection506] INFO  impl.LeaderElection (LogUtils.java:infoOrTrace(149)) -   Exception 1: {}
java.util.concurrent.ExecutionException: org.apache.ratis.thirdparty.io.grpc.StatusRuntimeException: UNAVAILABLE: io exception
	at java.util.concurrent.FutureTask.report(FutureTask.java:122)
	at java.util.concurrent.FutureTask.get(FutureTask.java:192)
	at org.apache.ratis.server.impl.LeaderElection.waitForResults(LeaderElection.java:259)
	at org.apache.ratis.server.impl.LeaderElection.askForVotes(LeaderElection.java:197)
	at org.apache.ratis.server.impl.LeaderElection.run(LeaderElection.java:133)
	at java.lang.Thread.run(Thread.java:748)
Caused by: org.apache.ratis.thirdparty.io.grpc.StatusRuntimeException: UNAVAILABLE: io exception
	at org.apache.ratis.thirdparty.io.grpc.stub.ClientCalls.toStatusRuntimeException(ClientCalls.java:233)
	at org.apache.ratis.thirdparty.io.grpc.stub.ClientCalls.getUnchecked(ClientCalls.java:214)
	at org.apache.ratis.thirdparty.io.grpc.stub.ClientCalls.blockingUnaryCall(ClientCalls.java:139)
	at org.apache.ratis.proto.grpc.RaftServerProtocolServiceGrpc$RaftServerProtocolServiceBlockingStub.requestVote(RaftServerProtocolServiceGrpc.java:265)
	at org.apache.ratis.grpc.server.GrpcServerProtocolClient.requestVote(GrpcServerProtocolClient.java:99)
	at org.apache.ratis.grpc.server.GrpcService.requestVote(GrpcService.java:204)
	at org.apache.ratis.server.impl.LeaderElection.lambda$submitRequests$1(LeaderElection.java:234)
	at java.util.concurrent.FutureTask.run(FutureTask.java:266)
	at java.util.concurrent.Executors$RunnableAdapter.call(Executors.java:511)
	at java.util.concurrent.FutureTask.run(FutureTask.java:266)
	at java.util.concurrent.ThreadPoolExecutor.runWorker(ThreadPoolExecutor.java:1149)
	at java.util.concurrent.ThreadPoolExecutor$Worker.run(ThreadPoolExecutor.java:624)
	... 1 more
Caused by: org.apache.ratis.thirdparty.io.netty.channel.AbstractChannel$AnnotatedConnectException: Connection refused: /192.168.34.62:37037
	at sun.nio.ch.SocketChannelImpl.checkConnect(Native Method)
	at sun.nio.ch.SocketChannelImpl.finishConnect(SocketChannelImpl.java:717)
	at org.apache.ratis.thirdparty.io.netty.channel.socket.nio.NioSocketChannel.doFinishConnect(NioSocketChannel.java:327)
	at org.apache.ratis.thirdparty.io.netty.channel.nio.AbstractNioChannel$AbstractNioUnsafe.finishConnect(AbstractNioChannel.java:340)
	at org.apache.ratis.thirdparty.io.netty.channel.nio.NioEventLoop.processSelectedKey(NioEventLoop.java:632)
	at org.apache.ratis.thirdparty.io.netty.channel.nio.NioEventLoop.processSelectedKeysOptimized(NioEventLoop.java:579)
	at org.apache.ratis.thirdparty.io.netty.channel.nio.NioEventLoop.processSelectedKeys(NioEventLoop.java:496)
	at org.apache.ratis.thirdparty.io.netty.channel.nio.NioEventLoop.run(NioEventLoop.java:458)
	at org.apache.ratis.thirdparty.io.netty.util.concurrent.SingleThreadEventExecutor$5.run(SingleThreadEventExecutor.java:897)
	at org.apache.ratis.thirdparty.io.netty.util.concurrent.FastThreadLocalRunnable.run(FastThreadLocalRunnable.java:30)
	... 1 more
Caused by: java.net.ConnectException: Connection refused
	... 11 more
2019-10-17 06:48:35,030 [7c431f9d-51bc-458b-a3a6-511ec217d887@group-21BA9BD4283D-LeaderElection506] INFO  impl.RaftServerImpl (RaftServerImpl.java:setRole(184)) - 7c431f9d-51bc-458b-a3a6-511ec217d887@group-21BA9BD4283D: changes role from CANDIDATE to FOLLOWER at term 471 for DISCOVERED_A_NEW_TERM
2019-10-17 06:48:35,030 [7c431f9d-51bc-458b-a3a6-511ec217d887@group-21BA9BD4283D-LeaderElection506] INFO  impl.RoleInfo (RoleInfo.java:shutdownLeaderElection(134)) - 7c431f9d-51bc-458b-a3a6-511ec217d887: shutdown LeaderElection
2019-10-17 06:48:35,030 [7c431f9d-51bc-458b-a3a6-511ec217d887@group-21BA9BD4283D-LeaderElection506] INFO  impl.RoleInfo (RoleInfo.java:updateAndGet(143)) - 7c431f9d-51bc-458b-a3a6-511ec217d887: start FollowerState
2019-10-17 06:48:35,036 [Thread-4047] INFO  impl.FollowerState (FollowerState.java:run(108)) - 7c431f9d-51bc-458b-a3a6-511ec217d887@group-21BA9BD4283D-FollowerState: change to CANDIDATE, lastRpcTime:6ms, electionTimeout:6ms
2019-10-17 06:48:35,036 [Thread-4047] INFO  impl.RoleInfo (RoleInfo.java:shutdownFollowerState(121)) - 7c431f9d-51bc-458b-a3a6-511ec217d887: shutdown FollowerState
2019-10-17 06:48:35,036 [Thread-4047] INFO  impl.RaftServerImpl (RaftServerImpl.java:setRole(184)) - 7c431f9d-51bc-458b-a3a6-511ec217d887@group-21BA9BD4283D: changes role from  FOLLOWER to CANDIDATE at term 471 for changeToCandidate
2019-10-17 06:48:35,036 [Thread-4047] INFO  impl.RoleInfo (RoleInfo.java:updateAndGet(143)) - 7c431f9d-51bc-458b-a3a6-511ec217d887: start LeaderElection
2019-10-17 06:48:35,046 [7c431f9d-51bc-458b-a3a6-511ec217d887@group-21BA9BD4283D-LeaderElection507] INFO  impl.LeaderElection (LeaderElection.java:askForVotes(178)) - 7c431f9d-51bc-458b-a3a6-511ec217d887@group-21BA9BD4283D-LeaderElection507: begin an election at term 472 for -1: [67f35358-9777-4ff9-96f4-8a61bc3a94fe:192.168.34.62:37037, 7c431f9d-51bc-458b-a3a6-511ec217d887:192.168.34.62:40420, b9cfa588-8e56-4331-be2f-4c26f25c6739:192.168.34.62:34777], old=null
2019-10-17 06:48:35,047 [7c431f9d-51bc-458b-a3a6-511ec217d887@group-21BA9BD4283D-LeaderElection507] INFO  impl.LeaderElection (LogUtils.java:infoOrTrace(149)) - 7c431f9d-51bc-458b-a3a6-511ec217d887@group-21BA9BD4283D-LeaderElection507 got exception when requesting votes: {}
java.util.concurrent.ExecutionException: org.apache.ratis.thirdparty.io.grpc.StatusRuntimeException: UNAVAILABLE: io exception
	at java.util.concurrent.FutureTask.report(FutureTask.java:122)
	at java.util.concurrent.FutureTask.get(FutureTask.java:192)
	at org.apache.ratis.server.impl.LeaderElection.waitForResults(LeaderElection.java:259)
	at org.apache.ratis.server.impl.LeaderElection.askForVotes(LeaderElection.java:197)
	at org.apache.ratis.server.impl.LeaderElection.run(LeaderElection.java:133)
	at java.lang.Thread.run(Thread.java:748)
Caused by: org.apache.ratis.thirdparty.io.grpc.StatusRuntimeException: UNAVAILABLE: io exception
	at org.apache.ratis.thirdparty.io.grpc.stub.ClientCalls.toStatusRuntimeException(ClientCalls.java:233)
	at org.apache.ratis.thirdparty.io.grpc.stub.ClientCalls.getUnchecked(ClientCalls.java:214)
	at org.apache.ratis.thirdparty.io.grpc.stub.ClientCalls.blockingUnaryCall(ClientCalls.java:139)
	at org.apache.ratis.proto.grpc.RaftServerProtocolServiceGrpc$RaftServerProtocolServiceBlockingStub.requestVote(RaftServerProtocolServiceGrpc.java:265)
	at org.apache.ratis.grpc.server.GrpcServerProtocolClient.requestVote(GrpcServerProtocolClient.java:99)
	at org.apache.ratis.grpc.server.GrpcService.requestVote(GrpcService.java:204)
	at org.apache.ratis.server.impl.LeaderElection.lambda$submitRequests$1(LeaderElection.java:234)
	at java.util.concurrent.FutureTask.run(FutureTask.java:266)
	at java.util.concurrent.Executors$RunnableAdapter.call(Executors.java:511)
	at java.util.concurrent.FutureTask.run(FutureTask.java:266)
	at java.util.concurrent.ThreadPoolExecutor.runWorker(ThreadPoolExecutor.java:1149)
	at java.util.concurrent.ThreadPoolExecutor$Worker.run(ThreadPoolExecutor.java:624)
	... 1 more
Caused by: org.apache.ratis.thirdparty.io.netty.channel.AbstractChannel$AnnotatedConnectException: Connection refused: /192.168.34.62:37037
	at sun.nio.ch.SocketChannelImpl.checkConnect(Native Method)
	at sun.nio.ch.SocketChannelImpl.finishConnect(SocketChannelImpl.java:717)
	at org.apache.ratis.thirdparty.io.netty.channel.socket.nio.NioSocketChannel.doFinishConnect(NioSocketChannel.java:327)
	at org.apache.ratis.thirdparty.io.netty.channel.nio.AbstractNioChannel$AbstractNioUnsafe.finishConnect(AbstractNioChannel.java:340)
	at org.apache.ratis.thirdparty.io.netty.channel.nio.NioEventLoop.processSelectedKey(NioEventLoop.java:632)
	at org.apache.ratis.thirdparty.io.netty.channel.nio.NioEventLoop.processSelectedKeysOptimized(NioEventLoop.java:579)
	at org.apache.ratis.thirdparty.io.netty.channel.nio.NioEventLoop.processSelectedKeys(NioEventLoop.java:496)
	at org.apache.ratis.thirdparty.io.netty.channel.nio.NioEventLoop.run(NioEventLoop.java:458)
	at org.apache.ratis.thirdparty.io.netty.util.concurrent.SingleThreadEventExecutor$5.run(SingleThreadEventExecutor.java:897)
	at org.apache.ratis.thirdparty.io.netty.util.concurrent.FastThreadLocalRunnable.run(FastThreadLocalRunnable.java:30)
	... 1 more
Caused by: java.net.ConnectException: Connection refused
	... 11 more
2019-10-17 06:48:35,048 [7c431f9d-51bc-458b-a3a6-511ec217d887@group-21BA9BD4283D-LeaderElection507] INFO  impl.LeaderElection (LogUtils.java:infoOrTrace(149)) - 7c431f9d-51bc-458b-a3a6-511ec217d887@group-21BA9BD4283D-LeaderElection507 got exception when requesting votes: {}
java.util.concurrent.ExecutionException: org.apache.ratis.thirdparty.io.grpc.StatusRuntimeException: UNAVAILABLE: io exception
	at java.util.concurrent.FutureTask.report(FutureTask.java:122)
	at java.util.concurrent.FutureTask.get(FutureTask.java:192)
	at org.apache.ratis.server.impl.LeaderElection.waitForResults(LeaderElection.java:259)
	at org.apache.ratis.server.impl.LeaderElection.askForVotes(LeaderElection.java:197)
	at org.apache.ratis.server.impl.LeaderElection.run(LeaderElection.java:133)
	at java.lang.Thread.run(Thread.java:748)
Caused by: org.apache.ratis.thirdparty.io.grpc.StatusRuntimeException: UNAVAILABLE: io exception
	at org.apache.ratis.thirdparty.io.grpc.stub.ClientCalls.toStatusRuntimeException(ClientCalls.java:233)
	at org.apache.ratis.thirdparty.io.grpc.stub.ClientCalls.getUnchecked(ClientCalls.java:214)
	at org.apache.ratis.thirdparty.io.grpc.stub.ClientCalls.blockingUnaryCall(ClientCalls.java:139)
	at org.apache.ratis.proto.grpc.RaftServerProtocolServiceGrpc$RaftServerProtocolServiceBlockingStub.requestVote(RaftServerProtocolServiceGrpc.java:265)
	at org.apache.ratis.grpc.server.GrpcServerProtocolClient.requestVote(GrpcServerProtocolClient.java:99)
	at org.apache.ratis.grpc.server.GrpcService.requestVote(GrpcService.java:204)
	at org.apache.ratis.server.impl.LeaderElection.lambda$submitRequests$1(LeaderElection.java:234)
	at java.util.concurrent.FutureTask.run(FutureTask.java:266)
	at java.util.concurrent.Executors$RunnableAdapter.call(Executors.java:511)
	at java.util.concurrent.FutureTask.run(FutureTask.java:266)
	at java.util.concurrent.ThreadPoolExecutor.runWorker(ThreadPoolExecutor.java:1149)
	at java.util.concurrent.ThreadPoolExecutor$Worker.run(ThreadPoolExecutor.java:624)
	... 1 more
Caused by: org.apache.ratis.thirdparty.io.netty.channel.AbstractChannel$AnnotatedConnectException: Connection refused: /192.168.34.62:34777
	at sun.nio.ch.SocketChannelImpl.checkConnect(Native Method)
	at sun.nio.ch.SocketChannelImpl.finishConnect(SocketChannelImpl.java:717)
	at org.apache.ratis.thirdparty.io.netty.channel.socket.nio.NioSocketChannel.doFinishConnect(NioSocketChannel.java:327)
	at org.apache.ratis.thirdparty.io.netty.channel.nio.AbstractNioChannel$AbstractNioUnsafe.finishConnect(AbstractNioChannel.java:340)
	at org.apache.ratis.thirdparty.io.netty.channel.nio.NioEventLoop.processSelectedKey(NioEventLoop.java:632)
	at org.apache.ratis.thirdparty.io.netty.channel.nio.NioEventLoop.processSelectedKeysOptimized(NioEventLoop.java:579)
	at org.apache.ratis.thirdparty.io.netty.channel.nio.NioEventLoop.processSelectedKeys(NioEventLoop.java:496)
	at org.apache.ratis.thirdparty.io.netty.channel.nio.NioEventLoop.run(NioEventLoop.java:458)
	at org.apache.ratis.thirdparty.io.netty.util.concurrent.SingleThreadEventExecutor$5.run(SingleThreadEventExecutor.java:897)
	at org.apache.ratis.thirdparty.io.netty.util.concurrent.FastThreadLocalRunnable.run(FastThreadLocalRunnable.java:30)
	... 1 more
Caused by: java.net.ConnectException: Connection refused
	... 11 more
2019-10-17 06:48:35,049 [7c431f9d-51bc-458b-a3a6-511ec217d887@group-21BA9BD4283D-LeaderElection507] INFO  impl.LeaderElection (LeaderElection.java:logAndReturn(56)) - 7c431f9d-51bc-458b-a3a6-511ec217d887@group-21BA9BD4283D-LeaderElection507: Election REJECTED; received 0 response(s) [] and 2 exception(s); 7c431f9d-51bc-458b-a3a6-511ec217d887@group-21BA9BD4283D:t472, leader=null, voted=7c431f9d-51bc-458b-a3a6-511ec217d887, raftlog=7c431f9d-51bc-458b-a3a6-511ec217d887@group-21BA9BD4283D-SegmentedRaftLog:OPENED:c-1,f-1,i0, conf=-1: [67f35358-9777-4ff9-96f4-8a61bc3a94fe:192.168.34.62:37037, 7c431f9d-51bc-458b-a3a6-511ec217d887:192.168.34.62:40420, b9cfa588-8e56-4331-be2f-4c26f25c6739:192.168.34.62:34777], old=null
2019-10-17 06:48:35,049 [7c431f9d-51bc-458b-a3a6-511ec217d887@group-21BA9BD4283D-LeaderElection507] INFO  impl.LeaderElection (LogUtils.java:infoOrTrace(149)) -   Exception 0: {}
java.util.concurrent.ExecutionException: org.apache.ratis.thirdparty.io.grpc.StatusRuntimeException: UNAVAILABLE: io exception
	at java.util.concurrent.FutureTask.report(FutureTask.java:122)
	at java.util.concurrent.FutureTask.get(FutureTask.java:192)
	at org.apache.ratis.server.impl.LeaderElection.waitForResults(LeaderElection.java:259)
	at org.apache.ratis.server.impl.LeaderElection.askForVotes(LeaderElection.java:197)
	at org.apache.ratis.server.impl.LeaderElection.run(LeaderElection.java:133)
	at java.lang.Thread.run(Thread.java:748)
Caused by: org.apache.ratis.thirdparty.io.grpc.StatusRuntimeException: UNAVAILABLE: io exception
	at org.apache.ratis.thirdparty.io.grpc.stub.ClientCalls.toStatusRuntimeException(ClientCalls.java:233)
	at org.apache.ratis.thirdparty.io.grpc.stub.ClientCalls.getUnchecked(ClientCalls.java:214)
	at org.apache.ratis.thirdparty.io.grpc.stub.ClientCalls.blockingUnaryCall(ClientCalls.java:139)
	at org.apache.ratis.proto.grpc.RaftServerProtocolServiceGrpc$RaftServerProtocolServiceBlockingStub.requestVote(RaftServerProtocolServiceGrpc.java:265)
	at org.apache.ratis.grpc.server.GrpcServerProtocolClient.requestVote(GrpcServerProtocolClient.java:99)
	at org.apache.ratis.grpc.server.GrpcService.requestVote(GrpcService.java:204)
	at org.apache.ratis.server.impl.LeaderElection.lambda$submitRequests$1(LeaderElection.java:234)
	at java.util.concurrent.FutureTask.run(FutureTask.java:266)
	at java.util.concurrent.Executors$RunnableAdapter.call(Executors.java:511)
	at java.util.concurrent.FutureTask.run(FutureTask.java:266)
	at java.util.concurrent.ThreadPoolExecutor.runWorker(ThreadPoolExecutor.java:1149)
	at java.util.concurrent.ThreadPoolExecutor$Worker.run(ThreadPoolExecutor.java:624)
	... 1 more
Caused by: org.apache.ratis.thirdparty.io.netty.channel.AbstractChannel$AnnotatedConnectException: Connection refused: /192.168.34.62:37037
	at sun.nio.ch.SocketChannelImpl.checkConnect(Native Method)
	at sun.nio.ch.SocketChannelImpl.finishConnect(SocketChannelImpl.java:717)
	at org.apache.ratis.thirdparty.io.netty.channel.socket.nio.NioSocketChannel.doFinishConnect(NioSocketChannel.java:327)
	at org.apache.ratis.thirdparty.io.netty.channel.nio.AbstractNioChannel$AbstractNioUnsafe.finishConnect(AbstractNioChannel.java:340)
	at org.apache.ratis.thirdparty.io.netty.channel.nio.NioEventLoop.processSelectedKey(NioEventLoop.java:632)
	at org.apache.ratis.thirdparty.io.netty.channel.nio.NioEventLoop.processSelectedKeysOptimized(NioEventLoop.java:579)
	at org.apache.ratis.thirdparty.io.netty.channel.nio.NioEventLoop.processSelectedKeys(NioEventLoop.java:496)
	at org.apache.ratis.thirdparty.io.netty.channel.nio.NioEventLoop.run(NioEventLoop.java:458)
	at org.apache.ratis.thirdparty.io.netty.util.concurrent.SingleThreadEventExecutor$5.run(SingleThreadEventExecutor.java:897)
	at org.apache.ratis.thirdparty.io.netty.util.concurrent.FastThreadLocalRunnable.run(FastThreadLocalRunnable.java:30)
	... 1 more
Caused by: java.net.ConnectException: Connection refused
	... 11 more
2019-10-17 06:48:35,049 [7c431f9d-51bc-458b-a3a6-511ec217d887@group-21BA9BD4283D-LeaderElection507] INFO  impl.LeaderElection (LogUtils.java:infoOrTrace(149)) -   Exception 1: {}
java.util.concurrent.ExecutionException: org.apache.ratis.thirdparty.io.grpc.StatusRuntimeException: UNAVAILABLE: io exception
	at java.util.concurrent.FutureTask.report(FutureTask.java:122)
	at java.util.concurrent.FutureTask.get(FutureTask.java:192)
	at org.apache.ratis.server.impl.LeaderElection.waitForResults(LeaderElection.java:259)
	at org.apache.ratis.server.impl.LeaderElection.askForVotes(LeaderElection.java:197)
	at org.apache.ratis.server.impl.LeaderElection.run(LeaderElection.java:133)
	at java.lang.Thread.run(Thread.java:748)
Caused by: org.apache.ratis.thirdparty.io.grpc.StatusRuntimeException: UNAVAILABLE: io exception
	at org.apache.ratis.thirdparty.io.grpc.stub.ClientCalls.toStatusRuntimeException(ClientCalls.java:233)
	at org.apache.ratis.thirdparty.io.grpc.stub.ClientCalls.getUnchecked(ClientCalls.java:214)
	at org.apache.ratis.thirdparty.io.grpc.stub.ClientCalls.blockingUnaryCall(ClientCalls.java:139)
	at org.apache.ratis.proto.grpc.RaftServerProtocolServiceGrpc$RaftServerProtocolServiceBlockingStub.requestVote(RaftServerProtocolServiceGrpc.java:265)
	at org.apache.ratis.grpc.server.GrpcServerProtocolClient.requestVote(GrpcServerProtocolClient.java:99)
	at org.apache.ratis.grpc.server.GrpcService.requestVote(GrpcService.java:204)
	at org.apache.ratis.server.impl.LeaderElection.lambda$submitRequests$1(LeaderElection.java:234)
	at java.util.concurrent.FutureTask.run(FutureTask.java:266)
	at java.util.concurrent.Executors$RunnableAdapter.call(Executors.java:511)
	at java.util.concurrent.FutureTask.run(FutureTask.java:266)
	at java.util.concurrent.ThreadPoolExecutor.runWorker(ThreadPoolExecutor.java:1149)
	at java.util.concurrent.ThreadPoolExecutor$Worker.run(ThreadPoolExecutor.java:624)
	... 1 more
Caused by: org.apache.ratis.thirdparty.io.netty.channel.AbstractChannel$AnnotatedConnectException: Connection refused: /192.168.34.62:34777
	at sun.nio.ch.SocketChannelImpl.checkConnect(Native Method)
	at sun.nio.ch.SocketChannelImpl.finishConnect(SocketChannelImpl.java:717)
	at org.apache.ratis.thirdparty.io.netty.channel.socket.nio.NioSocketChannel.doFinishConnect(NioSocketChannel.java:327)
	at org.apache.ratis.thirdparty.io.netty.channel.nio.AbstractNioChannel$AbstractNioUnsafe.finishConnect(AbstractNioChannel.java:340)
	at org.apache.ratis.thirdparty.io.netty.channel.nio.NioEventLoop.processSelectedKey(NioEventLoop.java:632)
	at org.apache.ratis.thirdparty.io.netty.channel.nio.NioEventLoop.processSelectedKeysOptimized(NioEventLoop.java:579)
	at org.apache.ratis.thirdparty.io.netty.channel.nio.NioEventLoop.processSelectedKeys(NioEventLoop.java:496)
	at org.apache.ratis.thirdparty.io.netty.channel.nio.NioEventLoop.run(NioEventLoop.java:458)
	at org.apache.ratis.thirdparty.io.netty.util.concurrent.SingleThreadEventExecutor$5.run(SingleThreadEventExecutor.java:897)
	at org.apache.ratis.thirdparty.io.netty.util.concurrent.FastThreadLocalRunnable.run(FastThreadLocalRunnable.java:30)
	... 1 more
Caused by: java.net.ConnectException: Connection refused
	... 11 more
2019-10-17 06:48:35,049 [7c431f9d-51bc-458b-a3a6-511ec217d887@group-21BA9BD4283D-LeaderElection507] INFO  impl.RaftServerImpl (RaftServerImpl.java:setRole(184)) - 7c431f9d-51bc-458b-a3a6-511ec217d887@group-21BA9BD4283D: changes role from CANDIDATE to FOLLOWER at term 472 for DISCOVERED_A_NEW_TERM
2019-10-17 06:48:35,049 [7c431f9d-51bc-458b-a3a6-511ec217d887@group-21BA9BD4283D-LeaderElection507] INFO  impl.RoleInfo (RoleInfo.java:shutdownLeaderElection(134)) - 7c431f9d-51bc-458b-a3a6-511ec217d887: shutdown LeaderElection
2019-10-17 06:48:35,049 [7c431f9d-51bc-458b-a3a6-511ec217d887@group-21BA9BD4283D-LeaderElection507] INFO  impl.RoleInfo (RoleInfo.java:updateAndGet(143)) - 7c431f9d-51bc-458b-a3a6-511ec217d887: start FollowerState
2019-10-17 06:48:35,089 [Thread-4051] INFO  impl.FollowerState (FollowerState.java:run(108)) - 7c431f9d-51bc-458b-a3a6-511ec217d887@group-21BA9BD4283D-FollowerState: change to CANDIDATE, lastRpcTime:40ms, electionTimeout:40ms
2019-10-17 06:48:35,090 [Thread-4051] INFO  impl.RoleInfo (RoleInfo.java:shutdownFollowerState(121)) - 7c431f9d-51bc-458b-a3a6-511ec217d887: shutdown FollowerState
2019-10-17 06:48:35,090 [Thread-4051] INFO  impl.RaftServerImpl (RaftServerImpl.java:setRole(184)) - 7c431f9d-51bc-458b-a3a6-511ec217d887@group-21BA9BD4283D: changes role from  FOLLOWER to CANDIDATE at term 472 for changeToCandidate
2019-10-17 06:48:35,090 [Thread-4051] INFO  impl.RoleInfo (RoleInfo.java:updateAndGet(143)) - 7c431f9d-51bc-458b-a3a6-511ec217d887: start LeaderElection
2019-10-17 06:48:35,106 [7c431f9d-51bc-458b-a3a6-511ec217d887@group-21BA9BD4283D-LeaderElection508] INFO  impl.LeaderElection (LeaderElection.java:askForVotes(178)) - 7c431f9d-51bc-458b-a3a6-511ec217d887@group-21BA9BD4283D-LeaderElection508: begin an election at term 473 for -1: [67f35358-9777-4ff9-96f4-8a61bc3a94fe:192.168.34.62:37037, 7c431f9d-51bc-458b-a3a6-511ec217d887:192.168.34.62:40420, b9cfa588-8e56-4331-be2f-4c26f25c6739:192.168.34.62:34777], old=null
2019-10-17 06:48:35,106 [7c431f9d-51bc-458b-a3a6-511ec217d887@group-21BA9BD4283D-LeaderElection508] INFO  impl.LeaderElection (LogUtils.java:infoOrTrace(149)) - 7c431f9d-51bc-458b-a3a6-511ec217d887@group-21BA9BD4283D-LeaderElection508 got exception when requesting votes: {}
java.util.concurrent.ExecutionException: org.apache.ratis.thirdparty.io.grpc.StatusRuntimeException: UNAVAILABLE: io exception
	at java.util.concurrent.FutureTask.report(FutureTask.java:122)
	at java.util.concurrent.FutureTask.get(FutureTask.java:192)
	at org.apache.ratis.server.impl.LeaderElection.waitForResults(LeaderElection.java:259)
	at org.apache.ratis.server.impl.LeaderElection.askForVotes(LeaderElection.java:197)
	at org.apache.ratis.server.impl.LeaderElection.run(LeaderElection.java:133)
	at java.lang.Thread.run(Thread.java:748)
Caused by: org.apache.ratis.thirdparty.io.grpc.StatusRuntimeException: UNAVAILABLE: io exception
	at org.apache.ratis.thirdparty.io.grpc.stub.ClientCalls.toStatusRuntimeException(ClientCalls.java:233)
	at org.apache.ratis.thirdparty.io.grpc.stub.ClientCalls.getUnchecked(ClientCalls.java:214)
	at org.apache.ratis.thirdparty.io.grpc.stub.ClientCalls.blockingUnaryCall(ClientCalls.java:139)
	at org.apache.ratis.proto.grpc.RaftServerProtocolServiceGrpc$RaftServerProtocolServiceBlockingStub.requestVote(RaftServerProtocolServiceGrpc.java:265)
	at org.apache.ratis.grpc.server.GrpcServerProtocolClient.requestVote(GrpcServerProtocolClient.java:99)
	at org.apache.ratis.grpc.server.GrpcService.requestVote(GrpcService.java:204)
	at org.apache.ratis.server.impl.LeaderElection.lambda$submitRequests$1(LeaderElection.java:234)
	at java.util.concurrent.FutureTask.run(FutureTask.java:266)
	at java.util.concurrent.Executors$RunnableAdapter.call(Executors.java:511)
	at java.util.concurrent.FutureTask.run(FutureTask.java:266)
	at java.util.concurrent.ThreadPoolExecutor.runWorker(ThreadPoolExecutor.java:1149)
	at java.util.concurrent.ThreadPoolExecutor$Worker.run(ThreadPoolExecutor.java:624)
	... 1 more
Caused by: org.apache.ratis.thirdparty.io.netty.channel.AbstractChannel$AnnotatedConnectException: Connection refused: /192.168.34.62:37037
	at sun.nio.ch.SocketChannelImpl.checkConnect(Native Method)
	at sun.nio.ch.SocketChannelImpl.finishConnect(SocketChannelImpl.java:717)
	at org.apache.ratis.thirdparty.io.netty.channel.socket.nio.NioSocketChannel.doFinishConnect(NioSocketChannel.java:327)
	at org.apache.ratis.thirdparty.io.netty.channel.nio.AbstractNioChannel$AbstractNioUnsafe.finishConnect(AbstractNioChannel.java:340)
	at org.apache.ratis.thirdparty.io.netty.channel.nio.NioEventLoop.processSelectedKey(NioEventLoop.java:632)
	at org.apache.ratis.thirdparty.io.netty.channel.nio.NioEventLoop.processSelectedKeysOptimized(NioEventLoop.java:579)
	at org.apache.ratis.thirdparty.io.netty.channel.nio.NioEventLoop.processSelectedKeys(NioEventLoop.java:496)
	at org.apache.ratis.thirdparty.io.netty.channel.nio.NioEventLoop.run(NioEventLoop.java:458)
	at org.apache.ratis.thirdparty.io.netty.util.concurrent.SingleThreadEventExecutor$5.run(SingleThreadEventExecutor.java:897)
	at org.apache.ratis.thirdparty.io.netty.util.concurrent.FastThreadLocalRunnable.run(FastThreadLocalRunnable.java:30)
	... 1 more
Caused by: java.net.ConnectException: Connection refused
	... 11 more
2019-10-17 06:48:35,108 [7c431f9d-51bc-458b-a3a6-511ec217d887@group-21BA9BD4283D-LeaderElection508] INFO  impl.LeaderElection (LogUtils.java:infoOrTrace(149)) - 7c431f9d-51bc-458b-a3a6-511ec217d887@group-21BA9BD4283D-LeaderElection508 got exception when requesting votes: {}
java.util.concurrent.ExecutionException: org.apache.ratis.thirdparty.io.grpc.StatusRuntimeException: UNAVAILABLE: io exception
	at java.util.concurrent.FutureTask.report(FutureTask.java:122)
	at java.util.concurrent.FutureTask.get(FutureTask.java:192)
	at org.apache.ratis.server.impl.LeaderElection.waitForResults(LeaderElection.java:259)
	at org.apache.ratis.server.impl.LeaderElection.askForVotes(LeaderElection.java:197)
	at org.apache.ratis.server.impl.LeaderElection.run(LeaderElection.java:133)
	at java.lang.Thread.run(Thread.java:748)
Caused by: org.apache.ratis.thirdparty.io.grpc.StatusRuntimeException: UNAVAILABLE: io exception
	at org.apache.ratis.thirdparty.io.grpc.stub.ClientCalls.toStatusRuntimeException(ClientCalls.java:233)
	at org.apache.ratis.thirdparty.io.grpc.stub.ClientCalls.getUnchecked(ClientCalls.java:214)
	at org.apache.ratis.thirdparty.io.grpc.stub.ClientCalls.blockingUnaryCall(ClientCalls.java:139)
	at org.apache.ratis.proto.grpc.RaftServerProtocolServiceGrpc$RaftServerProtocolServiceBlockingStub.requestVote(RaftServerProtocolServiceGrpc.java:265)
	at org.apache.ratis.grpc.server.GrpcServerProtocolClient.requestVote(GrpcServerProtocolClient.java:99)
	at org.apache.ratis.grpc.server.GrpcService.requestVote(GrpcService.java:204)
	at org.apache.ratis.server.impl.LeaderElection.lambda$submitRequests$1(LeaderElection.java:234)
	at java.util.concurrent.FutureTask.run(FutureTask.java:266)
	at java.util.concurrent.Executors$RunnableAdapter.call(Executors.java:511)
	at java.util.concurrent.FutureTask.run(FutureTask.java:266)
	at java.util.concurrent.ThreadPoolExecutor.runWorker(ThreadPoolExecutor.java:1149)
	at java.util.concurrent.ThreadPoolExecutor$Worker.run(ThreadPoolExecutor.java:624)
	... 1 more
Caused by: org.apache.ratis.thirdparty.io.netty.channel.AbstractChannel$AnnotatedConnectException: Connection refused: /192.168.34.62:34777
	at sun.nio.ch.SocketChannelImpl.checkConnect(Native Method)
	at sun.nio.ch.SocketChannelImpl.finishConnect(SocketChannelImpl.java:717)
	at org.apache.ratis.thirdparty.io.netty.channel.socket.nio.NioSocketChannel.doFinishConnect(NioSocketChannel.java:327)
	at org.apache.ratis.thirdparty.io.netty.channel.nio.AbstractNioChannel$AbstractNioUnsafe.finishConnect(AbstractNioChannel.java:340)
	at org.apache.ratis.thirdparty.io.netty.channel.nio.NioEventLoop.processSelectedKey(NioEventLoop.java:632)
	at org.apache.ratis.thirdparty.io.netty.channel.nio.NioEventLoop.processSelectedKeysOptimized(NioEventLoop.java:579)
	at org.apache.ratis.thirdparty.io.netty.channel.nio.NioEventLoop.processSelectedKeys(NioEventLoop.java:496)
	at org.apache.ratis.thirdparty.io.netty.channel.nio.NioEventLoop.run(NioEventLoop.java:458)
	at org.apache.ratis.thirdparty.io.netty.util.concurrent.SingleThreadEventExecutor$5.run(SingleThreadEventExecutor.java:897)
	at org.apache.ratis.thirdparty.io.netty.util.concurrent.FastThreadLocalRunnable.run(FastThreadLocalRunnable.java:30)
	... 1 more
Caused by: java.net.ConnectException: Connection refused
	... 11 more
2019-10-17 06:48:35,108 [7c431f9d-51bc-458b-a3a6-511ec217d887@group-21BA9BD4283D-LeaderElection508] INFO  impl.LeaderElection (LeaderElection.java:logAndReturn(56)) - 7c431f9d-51bc-458b-a3a6-511ec217d887@group-21BA9BD4283D-LeaderElection508: Election REJECTED; received 0 response(s) [] and 2 exception(s); 7c431f9d-51bc-458b-a3a6-511ec217d887@group-21BA9BD4283D:t473, leader=null, voted=7c431f9d-51bc-458b-a3a6-511ec217d887, raftlog=7c431f9d-51bc-458b-a3a6-511ec217d887@group-21BA9BD4283D-SegmentedRaftLog:OPENED:c-1,f-1,i0, conf=-1: [67f35358-9777-4ff9-96f4-8a61bc3a94fe:192.168.34.62:37037, 7c431f9d-51bc-458b-a3a6-511ec217d887:192.168.34.62:40420, b9cfa588-8e56-4331-be2f-4c26f25c6739:192.168.34.62:34777], old=null
2019-10-17 06:48:35,108 [7c431f9d-51bc-458b-a3a6-511ec217d887@group-21BA9BD4283D-LeaderElection508] INFO  impl.LeaderElection (LogUtils.java:infoOrTrace(149)) -   Exception 0: {}
java.util.concurrent.ExecutionException: org.apache.ratis.thirdparty.io.grpc.StatusRuntimeException: UNAVAILABLE: io exception
	at java.util.concurrent.FutureTask.report(FutureTask.java:122)
	at java.util.concurrent.FutureTask.get(FutureTask.java:192)
	at org.apache.ratis.server.impl.LeaderElection.waitForResults(LeaderElection.java:259)
	at org.apache.ratis.server.impl.LeaderElection.askForVotes(LeaderElection.java:197)
	at org.apache.ratis.server.impl.LeaderElection.run(LeaderElection.java:133)
	at java.lang.Thread.run(Thread.java:748)
Caused by: org.apache.ratis.thirdparty.io.grpc.StatusRuntimeException: UNAVAILABLE: io exception
	at org.apache.ratis.thirdparty.io.grpc.stub.ClientCalls.toStatusRuntimeException(ClientCalls.java:233)
	at org.apache.ratis.thirdparty.io.grpc.stub.ClientCalls.getUnchecked(ClientCalls.java:214)
	at org.apache.ratis.thirdparty.io.grpc.stub.ClientCalls.blockingUnaryCall(ClientCalls.java:139)
	at org.apache.ratis.proto.grpc.RaftServerProtocolServiceGrpc$RaftServerProtocolServiceBlockingStub.requestVote(RaftServerProtocolServiceGrpc.java:265)
	at org.apache.ratis.grpc.server.GrpcServerProtocolClient.requestVote(GrpcServerProtocolClient.java:99)
	at org.apache.ratis.grpc.server.GrpcService.requestVote(GrpcService.java:204)
	at org.apache.ratis.server.impl.LeaderElection.lambda$submitRequests$1(LeaderElection.java:234)
	at java.util.concurrent.FutureTask.run(FutureTask.java:266)
	at java.util.concurrent.Executors$RunnableAdapter.call(Executors.java:511)
	at java.util.concurrent.FutureTask.run(FutureTask.java:266)
	at java.util.concurrent.ThreadPoolExecutor.runWorker(ThreadPoolExecutor.java:1149)
	at java.util.concurrent.ThreadPoolExecutor$Worker.run(ThreadPoolExecutor.java:624)
	... 1 more
Caused by: org.apache.ratis.thirdparty.io.netty.channel.AbstractChannel$AnnotatedConnectException: Connection refused: /192.168.34.62:37037
	at sun.nio.ch.SocketChannelImpl.checkConnect(Native Method)
	at sun.nio.ch.SocketChannelImpl.finishConnect(SocketChannelImpl.java:717)
	at org.apache.ratis.thirdparty.io.netty.channel.socket.nio.NioSocketChannel.doFinishConnect(NioSocketChannel.java:327)
	at org.apache.ratis.thirdparty.io.netty.channel.nio.AbstractNioChannel$AbstractNioUnsafe.finishConnect(AbstractNioChannel.java:340)
	at org.apache.ratis.thirdparty.io.netty.channel.nio.NioEventLoop.processSelectedKey(NioEventLoop.java:632)
	at org.apache.ratis.thirdparty.io.netty.channel.nio.NioEventLoop.processSelectedKeysOptimized(NioEventLoop.java:579)
	at org.apache.ratis.thirdparty.io.netty.channel.nio.NioEventLoop.processSelectedKeys(NioEventLoop.java:496)
	at org.apache.ratis.thirdparty.io.netty.channel.nio.NioEventLoop.run(NioEventLoop.java:458)
	at org.apache.ratis.thirdparty.io.netty.util.concurrent.SingleThreadEventExecutor$5.run(SingleThreadEventExecutor.java:897)
	at org.apache.ratis.thirdparty.io.netty.util.concurrent.FastThreadLocalRunnable.run(FastThreadLocalRunnable.java:30)
	... 1 more
Caused by: java.net.ConnectException: Connection refused
	... 11 more
2019-10-17 06:48:35,109 [7c431f9d-51bc-458b-a3a6-511ec217d887@group-21BA9BD4283D-LeaderElection508] INFO  impl.LeaderElection (LogUtils.java:infoOrTrace(149)) -   Exception 1: {}
java.util.concurrent.ExecutionException: org.apache.ratis.thirdparty.io.grpc.StatusRuntimeException: UNAVAILABLE: io exception
	at java.util.concurrent.FutureTask.report(FutureTask.java:122)
	at java.util.concurrent.FutureTask.get(FutureTask.java:192)
	at org.apache.ratis.server.impl.LeaderElection.waitForResults(LeaderElection.java:259)
	at org.apache.ratis.server.impl.LeaderElection.askForVotes(LeaderElection.java:197)
	at org.apache.ratis.server.impl.LeaderElection.run(LeaderElection.java:133)
	at java.lang.Thread.run(Thread.java:748)
Caused by: org.apache.ratis.thirdparty.io.grpc.StatusRuntimeException: UNAVAILABLE: io exception
	at org.apache.ratis.thirdparty.io.grpc.stub.ClientCalls.toStatusRuntimeException(ClientCalls.java:233)
	at org.apache.ratis.thirdparty.io.grpc.stub.ClientCalls.getUnchecked(ClientCalls.java:214)
	at org.apache.ratis.thirdparty.io.grpc.stub.ClientCalls.blockingUnaryCall(ClientCalls.java:139)
	at org.apache.ratis.proto.grpc.RaftServerProtocolServiceGrpc$RaftServerProtocolServiceBlockingStub.requestVote(RaftServerProtocolServiceGrpc.java:265)
	at org.apache.ratis.grpc.server.GrpcServerProtocolClient.requestVote(GrpcServerProtocolClient.java:99)
	at org.apache.ratis.grpc.server.GrpcService.requestVote(GrpcService.java:204)
	at org.apache.ratis.server.impl.LeaderElection.lambda$submitRequests$1(LeaderElection.java:234)
	at java.util.concurrent.FutureTask.run(FutureTask.java:266)
	at java.util.concurrent.Executors$RunnableAdapter.call(Executors.java:511)
	at java.util.concurrent.FutureTask.run(FutureTask.java:266)
	at java.util.concurrent.ThreadPoolExecutor.runWorker(ThreadPoolExecutor.java:1149)
	at java.util.concurrent.ThreadPoolExecutor$Worker.run(ThreadPoolExecutor.java:624)
	... 1 more
Caused by: org.apache.ratis.thirdparty.io.netty.channel.AbstractChannel$AnnotatedConnectException: Connection refused: /192.168.34.62:34777
	at sun.nio.ch.SocketChannelImpl.checkConnect(Native Method)
	at sun.nio.ch.SocketChannelImpl.finishConnect(SocketChannelImpl.java:717)
	at org.apache.ratis.thirdparty.io.netty.channel.socket.nio.NioSocketChannel.doFinishConnect(NioSocketChannel.java:327)
	at org.apache.ratis.thirdparty.io.netty.channel.nio.AbstractNioChannel$AbstractNioUnsafe.finishConnect(AbstractNioChannel.java:340)
	at org.apache.ratis.thirdparty.io.netty.channel.nio.NioEventLoop.processSelectedKey(NioEventLoop.java:632)
	at org.apache.ratis.thirdparty.io.netty.channel.nio.NioEventLoop.processSelectedKeysOptimized(NioEventLoop.java:579)
	at org.apache.ratis.thirdparty.io.netty.channel.nio.NioEventLoop.processSelectedKeys(NioEventLoop.java:496)
	at org.apache.ratis.thirdparty.io.netty.channel.nio.NioEventLoop.run(NioEventLoop.java:458)
	at org.apache.ratis.thirdparty.io.netty.util.concurrent.SingleThreadEventExecutor$5.run(SingleThreadEventExecutor.java:897)
	at org.apache.ratis.thirdparty.io.netty.util.concurrent.FastThreadLocalRunnable.run(FastThreadLocalRunnable.java:30)
	... 1 more
Caused by: java.net.ConnectException: Connection refused
	... 11 more
2019-10-17 06:48:35,109 [7c431f9d-51bc-458b-a3a6-511ec217d887@group-21BA9BD4283D-LeaderElection508] INFO  impl.RaftServerImpl (RaftServerImpl.java:setRole(184)) - 7c431f9d-51bc-458b-a3a6-511ec217d887@group-21BA9BD4283D: changes role from CANDIDATE to FOLLOWER at term 473 for DISCOVERED_A_NEW_TERM
2019-10-17 06:48:35,109 [7c431f9d-51bc-458b-a3a6-511ec217d887@group-21BA9BD4283D-LeaderElection508] INFO  impl.RoleInfo (RoleInfo.java:shutdownLeaderElection(134)) - 7c431f9d-51bc-458b-a3a6-511ec217d887: shutdown LeaderElection
2019-10-17 06:48:35,109 [7c431f9d-51bc-458b-a3a6-511ec217d887@group-21BA9BD4283D-LeaderElection508] INFO  impl.RoleInfo (RoleInfo.java:updateAndGet(143)) - 7c431f9d-51bc-458b-a3a6-511ec217d887: start FollowerState
2019-10-17 06:48:35,154 [Datanode State Machine Thread - 0] INFO  statemachine.DatanodeStateMachine (DatanodeStateMachine.java:lambda$startDaemon$0(350)) - Ozone container server started.
2019-10-17 06:48:35,266 [Thread-4055] INFO  impl.FollowerState (FollowerState.java:run(108)) - 7c431f9d-51bc-458b-a3a6-511ec217d887@group-21BA9BD4283D-FollowerState: change to CANDIDATE, lastRpcTime:157ms, electionTimeout:157ms
2019-10-17 06:48:35,266 [Thread-4055] INFO  impl.RoleInfo (RoleInfo.java:shutdownFollowerState(121)) - 7c431f9d-51bc-458b-a3a6-511ec217d887: shutdown FollowerState
2019-10-17 06:48:35,266 [Thread-4055] INFO  impl.RaftServerImpl (RaftServerImpl.java:setRole(184)) - 7c431f9d-51bc-458b-a3a6-511ec217d887@group-21BA9BD4283D: changes role from  FOLLOWER to CANDIDATE at term 473 for changeToCandidate
2019-10-17 06:48:35,267 [Thread-4055] INFO  impl.RoleInfo (RoleInfo.java:updateAndGet(143)) - 7c431f9d-51bc-458b-a3a6-511ec217d887: start LeaderElection
2019-10-17 06:48:35,277 [7c431f9d-51bc-458b-a3a6-511ec217d887@group-21BA9BD4283D-LeaderElection509] INFO  impl.LeaderElection (LeaderElection.java:askForVotes(178)) - 7c431f9d-51bc-458b-a3a6-511ec217d887@group-21BA9BD4283D-LeaderElection509: begin an election at term 474 for -1: [67f35358-9777-4ff9-96f4-8a61bc3a94fe:192.168.34.62:37037, 7c431f9d-51bc-458b-a3a6-511ec217d887:192.168.34.62:40420, b9cfa588-8e56-4331-be2f-4c26f25c6739:192.168.34.62:34777], old=null
2019-10-17 06:48:35,277 [7c431f9d-51bc-458b-a3a6-511ec217d887@group-21BA9BD4283D-LeaderElection509] INFO  impl.LeaderElection (LogUtils.java:infoOrTrace(149)) - 7c431f9d-51bc-458b-a3a6-511ec217d887@group-21BA9BD4283D-LeaderElection509 got exception when requesting votes: {}
java.util.concurrent.ExecutionException: org.apache.ratis.thirdparty.io.grpc.StatusRuntimeException: UNAVAILABLE: io exception
	at java.util.concurrent.FutureTask.report(FutureTask.java:122)
	at java.util.concurrent.FutureTask.get(FutureTask.java:192)
	at org.apache.ratis.server.impl.LeaderElection.waitForResults(LeaderElection.java:259)
	at org.apache.ratis.server.impl.LeaderElection.askForVotes(LeaderElection.java:197)
	at org.apache.ratis.server.impl.LeaderElection.run(LeaderElection.java:133)
	at java.lang.Thread.run(Thread.java:748)
Caused by: org.apache.ratis.thirdparty.io.grpc.StatusRuntimeException: UNAVAILABLE: io exception
	at org.apache.ratis.thirdparty.io.grpc.stub.ClientCalls.toStatusRuntimeException(ClientCalls.java:233)
	at org.apache.ratis.thirdparty.io.grpc.stub.ClientCalls.getUnchecked(ClientCalls.java:214)
	at org.apache.ratis.thirdparty.io.grpc.stub.ClientCalls.blockingUnaryCall(ClientCalls.java:139)
	at org.apache.ratis.proto.grpc.RaftServerProtocolServiceGrpc$RaftServerProtocolServiceBlockingStub.requestVote(RaftServerProtocolServiceGrpc.java:265)
	at org.apache.ratis.grpc.server.GrpcServerProtocolClient.requestVote(GrpcServerProtocolClient.java:99)
	at org.apache.ratis.grpc.server.GrpcService.requestVote(GrpcService.java:204)
	at org.apache.ratis.server.impl.LeaderElection.lambda$submitRequests$1(LeaderElection.java:234)
	at java.util.concurrent.FutureTask.run(FutureTask.java:266)
	at java.util.concurrent.Executors$RunnableAdapter.call(Executors.java:511)
	at java.util.concurrent.FutureTask.run(FutureTask.java:266)
	at java.util.concurrent.ThreadPoolExecutor.runWorker(ThreadPoolExecutor.java:1149)
	at java.util.concurrent.ThreadPoolExecutor$Worker.run(ThreadPoolExecutor.java:624)
	... 1 more
Caused by: org.apache.ratis.thirdparty.io.netty.channel.AbstractChannel$AnnotatedConnectException: Connection refused: /192.168.34.62:37037
	at sun.nio.ch.SocketChannelImpl.checkConnect(Native Method)
	at sun.nio.ch.SocketChannelImpl.finishConnect(SocketChannelImpl.java:717)
	at org.apache.ratis.thirdparty.io.netty.channel.socket.nio.NioSocketChannel.doFinishConnect(NioSocketChannel.java:327)
	at org.apache.ratis.thirdparty.io.netty.channel.nio.AbstractNioChannel$AbstractNioUnsafe.finishConnect(AbstractNioChannel.java:340)
	at org.apache.ratis.thirdparty.io.netty.channel.nio.NioEventLoop.processSelectedKey(NioEventLoop.java:632)
	at org.apache.ratis.thirdparty.io.netty.channel.nio.NioEventLoop.processSelectedKeysOptimized(NioEventLoop.java:579)
	at org.apache.ratis.thirdparty.io.netty.channel.nio.NioEventLoop.processSelectedKeys(NioEventLoop.java:496)
	at org.apache.ratis.thirdparty.io.netty.channel.nio.NioEventLoop.run(NioEventLoop.java:458)
	at org.apache.ratis.thirdparty.io.netty.util.concurrent.SingleThreadEventExecutor$5.run(SingleThreadEventExecutor.java:897)
	at org.apache.ratis.thirdparty.io.netty.util.concurrent.FastThreadLocalRunnable.run(FastThreadLocalRunnable.java:30)
	... 1 more
Caused by: java.net.ConnectException: Connection refused
	... 11 more
2019-10-17 06:48:35,279 [7c431f9d-51bc-458b-a3a6-511ec217d887@group-21BA9BD4283D-LeaderElection509] INFO  impl.LeaderElection (LogUtils.java:infoOrTrace(149)) - 7c431f9d-51bc-458b-a3a6-511ec217d887@group-21BA9BD4283D-LeaderElection509 got exception when requesting votes: {}
java.util.concurrent.ExecutionException: org.apache.ratis.thirdparty.io.grpc.StatusRuntimeException: UNAVAILABLE: io exception
	at java.util.concurrent.FutureTask.report(FutureTask.java:122)
	at java.util.concurrent.FutureTask.get(FutureTask.java:192)
	at org.apache.ratis.server.impl.LeaderElection.waitForResults(LeaderElection.java:259)
	at org.apache.ratis.server.impl.LeaderElection.askForVotes(LeaderElection.java:197)
	at org.apache.ratis.server.impl.LeaderElection.run(LeaderElection.java:133)
	at java.lang.Thread.run(Thread.java:748)
Caused by: org.apache.ratis.thirdparty.io.grpc.StatusRuntimeException: UNAVAILABLE: io exception
	at org.apache.ratis.thirdparty.io.grpc.stub.ClientCalls.toStatusRuntimeException(ClientCalls.java:233)
	at org.apache.ratis.thirdparty.io.grpc.stub.ClientCalls.getUnchecked(ClientCalls.java:214)
	at org.apache.ratis.thirdparty.io.grpc.stub.ClientCalls.blockingUnaryCall(ClientCalls.java:139)
	at org.apache.ratis.proto.grpc.RaftServerProtocolServiceGrpc$RaftServerProtocolServiceBlockingStub.requestVote(RaftServerProtocolServiceGrpc.java:265)
	at org.apache.ratis.grpc.server.GrpcServerProtocolClient.requestVote(GrpcServerProtocolClient.java:99)
	at org.apache.ratis.grpc.server.GrpcService.requestVote(GrpcService.java:204)
	at org.apache.ratis.server.impl.LeaderElection.lambda$submitRequests$1(LeaderElection.java:234)
	at java.util.concurrent.FutureTask.run(FutureTask.java:266)
	at java.util.concurrent.Executors$RunnableAdapter.call(Executors.java:511)
	at java.util.concurrent.FutureTask.run(FutureTask.java:266)
	at java.util.concurrent.ThreadPoolExecutor.runWorker(ThreadPoolExecutor.java:1149)
	at java.util.concurrent.ThreadPoolExecutor$Worker.run(ThreadPoolExecutor.java:624)
	... 1 more
Caused by: org.apache.ratis.thirdparty.io.netty.channel.AbstractChannel$AnnotatedConnectException: Connection refused: /192.168.34.62:34777
	at sun.nio.ch.SocketChannelImpl.checkConnect(Native Method)
	at sun.nio.ch.SocketChannelImpl.finishConnect(SocketChannelImpl.java:717)
	at org.apache.ratis.thirdparty.io.netty.channel.socket.nio.NioSocketChannel.doFinishConnect(NioSocketChannel.java:327)
	at org.apache.ratis.thirdparty.io.netty.channel.nio.AbstractNioChannel$AbstractNioUnsafe.finishConnect(AbstractNioChannel.java:340)
	at org.apache.ratis.thirdparty.io.netty.channel.nio.NioEventLoop.processSelectedKey(NioEventLoop.java:632)
	at org.apache.ratis.thirdparty.io.netty.channel.nio.NioEventLoop.processSelectedKeysOptimized(NioEventLoop.java:579)
	at org.apache.ratis.thirdparty.io.netty.channel.nio.NioEventLoop.processSelectedKeys(NioEventLoop.java:496)
	at org.apache.ratis.thirdparty.io.netty.channel.nio.NioEventLoop.run(NioEventLoop.java:458)
	at org.apache.ratis.thirdparty.io.netty.util.concurrent.SingleThreadEventExecutor$5.run(SingleThreadEventExecutor.java:897)
	at org.apache.ratis.thirdparty.io.netty.util.concurrent.FastThreadLocalRunnable.run(FastThreadLocalRunnable.java:30)
	... 1 more
Caused by: java.net.ConnectException: Connection refused
	... 11 more
2019-10-17 06:48:35,280 [7c431f9d-51bc-458b-a3a6-511ec217d887@group-21BA9BD4283D-LeaderElection509] INFO  impl.LeaderElection (LeaderElection.java:logAndReturn(56)) - 7c431f9d-51bc-458b-a3a6-511ec217d887@group-21BA9BD4283D-LeaderElection509: Election REJECTED; received 0 response(s) [] and 2 exception(s); 7c431f9d-51bc-458b-a3a6-511ec217d887@group-21BA9BD4283D:t474, leader=null, voted=7c431f9d-51bc-458b-a3a6-511ec217d887, raftlog=7c431f9d-51bc-458b-a3a6-511ec217d887@group-21BA9BD4283D-SegmentedRaftLog:OPENED:c-1,f-1,i0, conf=-1: [67f35358-9777-4ff9-96f4-8a61bc3a94fe:192.168.34.62:37037, 7c431f9d-51bc-458b-a3a6-511ec217d887:192.168.34.62:40420, b9cfa588-8e56-4331-be2f-4c26f25c6739:192.168.34.62:34777], old=null
2019-10-17 06:48:35,280 [7c431f9d-51bc-458b-a3a6-511ec217d887@group-21BA9BD4283D-LeaderElection509] INFO  impl.LeaderElection (LogUtils.java:infoOrTrace(149)) -   Exception 0: {}
java.util.concurrent.ExecutionException: org.apache.ratis.thirdparty.io.grpc.StatusRuntimeException: UNAVAILABLE: io exception
	at java.util.concurrent.FutureTask.report(FutureTask.java:122)
	at java.util.concurrent.FutureTask.get(FutureTask.java:192)
	at org.apache.ratis.server.impl.LeaderElection.waitForResults(LeaderElection.java:259)
	at org.apache.ratis.server.impl.LeaderElection.askForVotes(LeaderElection.java:197)
	at org.apache.ratis.server.impl.LeaderElection.run(LeaderElection.java:133)
	at java.lang.Thread.run(Thread.java:748)
Caused by: org.apache.ratis.thirdparty.io.grpc.StatusRuntimeException: UNAVAILABLE: io exception
	at org.apache.ratis.thirdparty.io.grpc.stub.ClientCalls.toStatusRuntimeException(ClientCalls.java:233)
	at org.apache.ratis.thirdparty.io.grpc.stub.ClientCalls.getUnchecked(ClientCalls.java:214)
	at org.apache.ratis.thirdparty.io.grpc.stub.ClientCalls.blockingUnaryCall(ClientCalls.java:139)
	at org.apache.ratis.proto.grpc.RaftServerProtocolServiceGrpc$RaftServerProtocolServiceBlockingStub.requestVote(RaftServerProtocolServiceGrpc.java:265)
	at org.apache.ratis.grpc.server.GrpcServerProtocolClient.requestVote(GrpcServerProtocolClient.java:99)
	at org.apache.ratis.grpc.server.GrpcService.requestVote(GrpcService.java:204)
	at org.apache.ratis.server.impl.LeaderElection.lambda$submitRequests$1(LeaderElection.java:234)
	at java.util.concurrent.FutureTask.run(FutureTask.java:266)
	at java.util.concurrent.Executors$RunnableAdapter.call(Executors.java:511)
	at java.util.concurrent.FutureTask.run(FutureTask.java:266)
	at java.util.concurrent.ThreadPoolExecutor.runWorker(ThreadPoolExecutor.java:1149)
	at java.util.concurrent.ThreadPoolExecutor$Worker.run(ThreadPoolExecutor.java:624)
	... 1 more
Caused by: org.apache.ratis.thirdparty.io.netty.channel.AbstractChannel$AnnotatedConnectException: Connection refused: /192.168.34.62:37037
	at sun.nio.ch.SocketChannelImpl.checkConnect(Native Method)
	at sun.nio.ch.SocketChannelImpl.finishConnect(SocketChannelImpl.java:717)
	at org.apache.ratis.thirdparty.io.netty.channel.socket.nio.NioSocketChannel.doFinishConnect(NioSocketChannel.java:327)
	at org.apache.ratis.thirdparty.io.netty.channel.nio.AbstractNioChannel$AbstractNioUnsafe.finishConnect(AbstractNioChannel.java:340)
	at org.apache.ratis.thirdparty.io.netty.channel.nio.NioEventLoop.processSelectedKey(NioEventLoop.java:632)
	at org.apache.ratis.thirdparty.io.netty.channel.nio.NioEventLoop.processSelectedKeysOptimized(NioEventLoop.java:579)
	at org.apache.ratis.thirdparty.io.netty.channel.nio.NioEventLoop.processSelectedKeys(NioEventLoop.java:496)
	at org.apache.ratis.thirdparty.io.netty.channel.nio.NioEventLoop.run(NioEventLoop.java:458)
	at org.apache.ratis.thirdparty.io.netty.util.concurrent.SingleThreadEventExecutor$5.run(SingleThreadEventExecutor.java:897)
	at org.apache.ratis.thirdparty.io.netty.util.concurrent.FastThreadLocalRunnable.run(FastThreadLocalRunnable.java:30)
	... 1 more
Caused by: java.net.ConnectException: Connection refused
	... 11 more
2019-10-17 06:48:35,280 [7c431f9d-51bc-458b-a3a6-511ec217d887@group-21BA9BD4283D-LeaderElection509] INFO  impl.LeaderElection (LogUtils.java:infoOrTrace(149)) -   Exception 1: {}
java.util.concurrent.ExecutionException: org.apache.ratis.thirdparty.io.grpc.StatusRuntimeException: UNAVAILABLE: io exception
	at java.util.concurrent.FutureTask.report(FutureTask.java:122)
	at java.util.concurrent.FutureTask.get(FutureTask.java:192)
	at org.apache.ratis.server.impl.LeaderElection.waitForResults(LeaderElection.java:259)
	at org.apache.ratis.server.impl.LeaderElection.askForVotes(LeaderElection.java:197)
	at org.apache.ratis.server.impl.LeaderElection.run(LeaderElection.java:133)
	at java.lang.Thread.run(Thread.java:748)
Caused by: org.apache.ratis.thirdparty.io.grpc.StatusRuntimeException: UNAVAILABLE: io exception
	at org.apache.ratis.thirdparty.io.grpc.stub.ClientCalls.toStatusRuntimeException(ClientCalls.java:233)
	at org.apache.ratis.thirdparty.io.grpc.stub.ClientCalls.getUnchecked(ClientCalls.java:214)
	at org.apache.ratis.thirdparty.io.grpc.stub.ClientCalls.blockingUnaryCall(ClientCalls.java:139)
	at org.apache.ratis.proto.grpc.RaftServerProtocolServiceGrpc$RaftServerProtocolServiceBlockingStub.requestVote(RaftServerProtocolServiceGrpc.java:265)
	at org.apache.ratis.grpc.server.GrpcServerProtocolClient.requestVote(GrpcServerProtocolClient.java:99)
	at org.apache.ratis.grpc.server.GrpcService.requestVote(GrpcService.java:204)
	at org.apache.ratis.server.impl.LeaderElection.lambda$submitRequests$1(LeaderElection.java:234)
	at java.util.concurrent.FutureTask.run(FutureTask.java:266)
	at java.util.concurrent.Executors$RunnableAdapter.call(Executors.java:511)
	at java.util.concurrent.FutureTask.run(FutureTask.java:266)
	at java.util.concurrent.ThreadPoolExecutor.runWorker(ThreadPoolExecutor.java:1149)
	at java.util.concurrent.ThreadPoolExecutor$Worker.run(ThreadPoolExecutor.java:624)
	... 1 more
Caused by: org.apache.ratis.thirdparty.io.netty.channel.AbstractChannel$AnnotatedConnectException: Connection refused: /192.168.34.62:34777
	at sun.nio.ch.SocketChannelImpl.checkConnect(Native Method)
	at sun.nio.ch.SocketChannelImpl.finishConnect(SocketChannelImpl.java:717)
	at org.apache.ratis.thirdparty.io.netty.channel.socket.nio.NioSocketChannel.doFinishConnect(NioSocketChannel.java:327)
	at org.apache.ratis.thirdparty.io.netty.channel.nio.AbstractNioChannel$AbstractNioUnsafe.finishConnect(AbstractNioChannel.java:340)
	at org.apache.ratis.thirdparty.io.netty.channel.nio.NioEventLoop.processSelectedKey(NioEventLoop.java:632)
	at org.apache.ratis.thirdparty.io.netty.channel.nio.NioEventLoop.processSelectedKeysOptimized(NioEventLoop.java:579)
	at org.apache.ratis.thirdparty.io.netty.channel.nio.NioEventLoop.processSelectedKeys(NioEventLoop.java:496)
	at org.apache.ratis.thirdparty.io.netty.channel.nio.NioEventLoop.run(NioEventLoop.java:458)
	at org.apache.ratis.thirdparty.io.netty.util.concurrent.SingleThreadEventExecutor$5.run(SingleThreadEventExecutor.java:897)
	at org.apache.ratis.thirdparty.io.netty.util.concurrent.FastThreadLocalRunnable.run(FastThreadLocalRunnable.java:30)
	... 1 more
Caused by: java.net.ConnectException: Connection refused
	... 11 more
2019-10-17 06:48:35,280 [7c431f9d-51bc-458b-a3a6-511ec217d887@group-21BA9BD4283D-LeaderElection509] INFO  impl.RaftServerImpl (RaftServerImpl.java:setRole(184)) - 7c431f9d-51bc-458b-a3a6-511ec217d887@group-21BA9BD4283D: changes role from CANDIDATE to FOLLOWER at term 474 for DISCOVERED_A_NEW_TERM
2019-10-17 06:48:35,281 [7c431f9d-51bc-458b-a3a6-511ec217d887@group-21BA9BD4283D-LeaderElection509] INFO  impl.RoleInfo (RoleInfo.java:shutdownLeaderElection(134)) - 7c431f9d-51bc-458b-a3a6-511ec217d887: shutdown LeaderElection
2019-10-17 06:48:35,281 [7c431f9d-51bc-458b-a3a6-511ec217d887@group-21BA9BD4283D-LeaderElection509] INFO  impl.RoleInfo (RoleInfo.java:updateAndGet(143)) - 7c431f9d-51bc-458b-a3a6-511ec217d887: start FollowerState
2019-10-17 06:48:35,304 [Thread-4059] INFO  impl.FollowerState (FollowerState.java:run(108)) - 7c431f9d-51bc-458b-a3a6-511ec217d887@group-21BA9BD4283D-FollowerState: change to CANDIDATE, lastRpcTime:23ms, electionTimeout:23ms
2019-10-17 06:48:35,304 [Thread-4059] INFO  impl.RoleInfo (RoleInfo.java:shutdownFollowerState(121)) - 7c431f9d-51bc-458b-a3a6-511ec217d887: shutdown FollowerState
2019-10-17 06:48:35,305 [Thread-4059] INFO  impl.RaftServerImpl (RaftServerImpl.java:setRole(184)) - 7c431f9d-51bc-458b-a3a6-511ec217d887@group-21BA9BD4283D: changes role from  FOLLOWER to CANDIDATE at term 474 for changeToCandidate
2019-10-17 06:48:35,305 [Thread-4059] INFO  impl.RoleInfo (RoleInfo.java:updateAndGet(143)) - 7c431f9d-51bc-458b-a3a6-511ec217d887: start LeaderElection
2019-10-17 06:48:35,315 [7c431f9d-51bc-458b-a3a6-511ec217d887@group-21BA9BD4283D-LeaderElection510] INFO  impl.LeaderElection (LeaderElection.java:askForVotes(178)) - 7c431f9d-51bc-458b-a3a6-511ec217d887@group-21BA9BD4283D-LeaderElection510: begin an election at term 475 for -1: [67f35358-9777-4ff9-96f4-8a61bc3a94fe:192.168.34.62:37037, 7c431f9d-51bc-458b-a3a6-511ec217d887:192.168.34.62:40420, b9cfa588-8e56-4331-be2f-4c26f25c6739:192.168.34.62:34777], old=null
2019-10-17 06:48:35,316 [7c431f9d-51bc-458b-a3a6-511ec217d887@group-21BA9BD4283D-LeaderElection510] INFO  impl.LeaderElection (LogUtils.java:infoOrTrace(149)) - 7c431f9d-51bc-458b-a3a6-511ec217d887@group-21BA9BD4283D-LeaderElection510 got exception when requesting votes: {}
java.util.concurrent.ExecutionException: org.apache.ratis.thirdparty.io.grpc.StatusRuntimeException: UNAVAILABLE: io exception
	at java.util.concurrent.FutureTask.report(FutureTask.java:122)
	at java.util.concurrent.FutureTask.get(FutureTask.java:192)
	at org.apache.ratis.server.impl.LeaderElection.waitForResults(LeaderElection.java:259)
	at org.apache.ratis.server.impl.LeaderElection.askForVotes(LeaderElection.java:197)
	at org.apache.ratis.server.impl.LeaderElection.run(LeaderElection.java:133)
	at java.lang.Thread.run(Thread.java:748)
Caused by: org.apache.ratis.thirdparty.io.grpc.StatusRuntimeException: UNAVAILABLE: io exception
	at org.apache.ratis.thirdparty.io.grpc.stub.ClientCalls.toStatusRuntimeException(ClientCalls.java:233)
	at org.apache.ratis.thirdparty.io.grpc.stub.ClientCalls.getUnchecked(ClientCalls.java:214)
	at org.apache.ratis.thirdparty.io.grpc.stub.ClientCalls.blockingUnaryCall(ClientCalls.java:139)
	at org.apache.ratis.proto.grpc.RaftServerProtocolServiceGrpc$RaftServerProtocolServiceBlockingStub.requestVote(RaftServerProtocolServiceGrpc.java:265)
	at org.apache.ratis.grpc.server.GrpcServerProtocolClient.requestVote(GrpcServerProtocolClient.java:99)
	at org.apache.ratis.grpc.server.GrpcService.requestVote(GrpcService.java:204)
	at org.apache.ratis.server.impl.LeaderElection.lambda$submitRequests$1(LeaderElection.java:234)
	at java.util.concurrent.FutureTask.run(FutureTask.java:266)
	at java.util.concurrent.Executors$RunnableAdapter.call(Executors.java:511)
	at java.util.concurrent.FutureTask.run(FutureTask.java:266)
	at java.util.concurrent.ThreadPoolExecutor.runWorker(ThreadPoolExecutor.java:1149)
	at java.util.concurrent.ThreadPoolExecutor$Worker.run(ThreadPoolExecutor.java:624)
	... 1 more
Caused by: org.apache.ratis.thirdparty.io.netty.channel.AbstractChannel$AnnotatedConnectException: Connection refused: /192.168.34.62:34777
	at sun.nio.ch.SocketChannelImpl.checkConnect(Native Method)
	at sun.nio.ch.SocketChannelImpl.finishConnect(SocketChannelImpl.java:717)
	at org.apache.ratis.thirdparty.io.netty.channel.socket.nio.NioSocketChannel.doFinishConnect(NioSocketChannel.java:327)
	at org.apache.ratis.thirdparty.io.netty.channel.nio.AbstractNioChannel$AbstractNioUnsafe.finishConnect(AbstractNioChannel.java:340)
	at org.apache.ratis.thirdparty.io.netty.channel.nio.NioEventLoop.processSelectedKey(NioEventLoop.java:632)
	at org.apache.ratis.thirdparty.io.netty.channel.nio.NioEventLoop.processSelectedKeysOptimized(NioEventLoop.java:579)
	at org.apache.ratis.thirdparty.io.netty.channel.nio.NioEventLoop.processSelectedKeys(NioEventLoop.java:496)
	at org.apache.ratis.thirdparty.io.netty.channel.nio.NioEventLoop.run(NioEventLoop.java:458)
	at org.apache.ratis.thirdparty.io.netty.util.concurrent.SingleThreadEventExecutor$5.run(SingleThreadEventExecutor.java:897)
	at org.apache.ratis.thirdparty.io.netty.util.concurrent.FastThreadLocalRunnable.run(FastThreadLocalRunnable.java:30)
	... 1 more
Caused by: java.net.ConnectException: Connection refused
	... 11 more
2019-10-17 06:48:35,318 [7c431f9d-51bc-458b-a3a6-511ec217d887@group-21BA9BD4283D-LeaderElection510] INFO  impl.LeaderElection (LogUtils.java:infoOrTrace(149)) - 7c431f9d-51bc-458b-a3a6-511ec217d887@group-21BA9BD4283D-LeaderElection510 got exception when requesting votes: {}
java.util.concurrent.ExecutionException: org.apache.ratis.thirdparty.io.grpc.StatusRuntimeException: UNAVAILABLE: io exception
	at java.util.concurrent.FutureTask.report(FutureTask.java:122)
	at java.util.concurrent.FutureTask.get(FutureTask.java:192)
	at org.apache.ratis.server.impl.LeaderElection.waitForResults(LeaderElection.java:259)
	at org.apache.ratis.server.impl.LeaderElection.askForVotes(LeaderElection.java:197)
	at org.apache.ratis.server.impl.LeaderElection.run(LeaderElection.java:133)
	at java.lang.Thread.run(Thread.java:748)
Caused by: org.apache.ratis.thirdparty.io.grpc.StatusRuntimeException: UNAVAILABLE: io exception
	at org.apache.ratis.thirdparty.io.grpc.stub.ClientCalls.toStatusRuntimeException(ClientCalls.java:233)
	at org.apache.ratis.thirdparty.io.grpc.stub.ClientCalls.getUnchecked(ClientCalls.java:214)
	at org.apache.ratis.thirdparty.io.grpc.stub.ClientCalls.blockingUnaryCall(ClientCalls.java:139)
	at org.apache.ratis.proto.grpc.RaftServerProtocolServiceGrpc$RaftServerProtocolServiceBlockingStub.requestVote(RaftServerProtocolServiceGrpc.java:265)
	at org.apache.ratis.grpc.server.GrpcServerProtocolClient.requestVote(GrpcServerProtocolClient.java:99)
	at org.apache.ratis.grpc.server.GrpcService.requestVote(GrpcService.java:204)
	at org.apache.ratis.server.impl.LeaderElection.lambda$submitRequests$1(LeaderElection.java:234)
	at java.util.concurrent.FutureTask.run(FutureTask.java:266)
	at java.util.concurrent.Executors$RunnableAdapter.call(Executors.java:511)
	at java.util.concurrent.FutureTask.run(FutureTask.java:266)
	at java.util.concurrent.ThreadPoolExecutor.runWorker(ThreadPoolExecutor.java:1149)
	at java.util.concurrent.ThreadPoolExecutor$Worker.run(ThreadPoolExecutor.java:624)
	... 1 more
Caused by: org.apache.ratis.thirdparty.io.netty.channel.AbstractChannel$AnnotatedConnectException: Connection refused: /192.168.34.62:37037
	at sun.nio.ch.SocketChannelImpl.checkConnect(Native Method)
	at sun.nio.ch.SocketChannelImpl.finishConnect(SocketChannelImpl.java:717)
	at org.apache.ratis.thirdparty.io.netty.channel.socket.nio.NioSocketChannel.doFinishConnect(NioSocketChannel.java:327)
	at org.apache.ratis.thirdparty.io.netty.channel.nio.AbstractNioChannel$AbstractNioUnsafe.finishConnect(AbstractNioChannel.java:340)
	at org.apache.ratis.thirdparty.io.netty.channel.nio.NioEventLoop.processSelectedKey(NioEventLoop.java:632)
	at org.apache.ratis.thirdparty.io.netty.channel.nio.NioEventLoop.processSelectedKeysOptimized(NioEventLoop.java:579)
	at org.apache.ratis.thirdparty.io.netty.channel.nio.NioEventLoop.processSelectedKeys(NioEventLoop.java:496)
	at org.apache.ratis.thirdparty.io.netty.channel.nio.NioEventLoop.run(NioEventLoop.java:458)
	at org.apache.ratis.thirdparty.io.netty.util.concurrent.SingleThreadEventExecutor$5.run(SingleThreadEventExecutor.java:897)
	at org.apache.ratis.thirdparty.io.netty.util.concurrent.FastThreadLocalRunnable.run(FastThreadLocalRunnable.java:30)
	... 1 more
Caused by: java.net.ConnectException: Connection refused
	... 11 more
2019-10-17 06:48:35,319 [7c431f9d-51bc-458b-a3a6-511ec217d887@group-21BA9BD4283D-LeaderElection510] INFO  impl.LeaderElection (LeaderElection.java:logAndReturn(56)) - 7c431f9d-51bc-458b-a3a6-511ec217d887@group-21BA9BD4283D-LeaderElection510: Election REJECTED; received 0 response(s) [] and 2 exception(s); 7c431f9d-51bc-458b-a3a6-511ec217d887@group-21BA9BD4283D:t475, leader=null, voted=7c431f9d-51bc-458b-a3a6-511ec217d887, raftlog=7c431f9d-51bc-458b-a3a6-511ec217d887@group-21BA9BD4283D-SegmentedRaftLog:OPENED:c-1,f-1,i0, conf=-1: [67f35358-9777-4ff9-96f4-8a61bc3a94fe:192.168.34.62:37037, 7c431f9d-51bc-458b-a3a6-511ec217d887:192.168.34.62:40420, b9cfa588-8e56-4331-be2f-4c26f25c6739:192.168.34.62:34777], old=null
2019-10-17 06:48:35,319 [7c431f9d-51bc-458b-a3a6-511ec217d887@group-21BA9BD4283D-LeaderElection510] INFO  impl.LeaderElection (LogUtils.java:infoOrTrace(149)) -   Exception 0: {}
java.util.concurrent.ExecutionException: org.apache.ratis.thirdparty.io.grpc.StatusRuntimeException: UNAVAILABLE: io exception
	at java.util.concurrent.FutureTask.report(FutureTask.java:122)
	at java.util.concurrent.FutureTask.get(FutureTask.java:192)
	at org.apache.ratis.server.impl.LeaderElection.waitForResults(LeaderElection.java:259)
	at org.apache.ratis.server.impl.LeaderElection.askForVotes(LeaderElection.java:197)
	at org.apache.ratis.server.impl.LeaderElection.run(LeaderElection.java:133)
	at java.lang.Thread.run(Thread.java:748)
Caused by: org.apache.ratis.thirdparty.io.grpc.StatusRuntimeException: UNAVAILABLE: io exception
	at org.apache.ratis.thirdparty.io.grpc.stub.ClientCalls.toStatusRuntimeException(ClientCalls.java:233)
	at org.apache.ratis.thirdparty.io.grpc.stub.ClientCalls.getUnchecked(ClientCalls.java:214)
	at org.apache.ratis.thirdparty.io.grpc.stub.ClientCalls.blockingUnaryCall(ClientCalls.java:139)
	at org.apache.ratis.proto.grpc.RaftServerProtocolServiceGrpc$RaftServerProtocolServiceBlockingStub.requestVote(RaftServerProtocolServiceGrpc.java:265)
	at org.apache.ratis.grpc.server.GrpcServerProtocolClient.requestVote(GrpcServerProtocolClient.java:99)
	at org.apache.ratis.grpc.server.GrpcService.requestVote(GrpcService.java:204)
	at org.apache.ratis.server.impl.LeaderElection.lambda$submitRequests$1(LeaderElection.java:234)
	at java.util.concurrent.FutureTask.run(FutureTask.java:266)
	at java.util.concurrent.Executors$RunnableAdapter.call(Executors.java:511)
	at java.util.concurrent.FutureTask.run(FutureTask.java:266)
	at java.util.concurrent.ThreadPoolExecutor.runWorker(ThreadPoolExecutor.java:1149)
	at java.util.concurrent.ThreadPoolExecutor$Worker.run(ThreadPoolExecutor.java:624)
	... 1 more
Caused by: org.apache.ratis.thirdparty.io.netty.channel.AbstractChannel$AnnotatedConnectException: Connection refused: /192.168.34.62:34777
	at sun.nio.ch.SocketChannelImpl.checkConnect(Native Method)
	at sun.nio.ch.SocketChannelImpl.finishConnect(SocketChannelImpl.java:717)
	at org.apache.ratis.thirdparty.io.netty.channel.socket.nio.NioSocketChannel.doFinishConnect(NioSocketChannel.java:327)
	at org.apache.ratis.thirdparty.io.netty.channel.nio.AbstractNioChannel$AbstractNioUnsafe.finishConnect(AbstractNioChannel.java:340)
	at org.apache.ratis.thirdparty.io.netty.channel.nio.NioEventLoop.processSelectedKey(NioEventLoop.java:632)
	at org.apache.ratis.thirdparty.io.netty.channel.nio.NioEventLoop.processSelectedKeysOptimized(NioEventLoop.java:579)
	at org.apache.ratis.thirdparty.io.netty.channel.nio.NioEventLoop.processSelectedKeys(NioEventLoop.java:496)
	at org.apache.ratis.thirdparty.io.netty.channel.nio.NioEventLoop.run(NioEventLoop.java:458)
	at org.apache.ratis.thirdparty.io.netty.util.concurrent.SingleThreadEventExecutor$5.run(SingleThreadEventExecutor.java:897)
	at org.apache.ratis.thirdparty.io.netty.util.concurrent.FastThreadLocalRunnable.run(FastThreadLocalRunnable.java:30)
	... 1 more
Caused by: java.net.ConnectException: Connection refused
	... 11 more
2019-10-17 06:48:35,319 [7c431f9d-51bc-458b-a3a6-511ec217d887@group-21BA9BD4283D-LeaderElection510] INFO  impl.LeaderElection (LogUtils.java:infoOrTrace(149)) -   Exception 1: {}
java.util.concurrent.ExecutionException: org.apache.ratis.thirdparty.io.grpc.StatusRuntimeException: UNAVAILABLE: io exception
	at java.util.concurrent.FutureTask.report(FutureTask.java:122)
	at java.util.concurrent.FutureTask.get(FutureTask.java:192)
	at org.apache.ratis.server.impl.LeaderElection.waitForResults(LeaderElection.java:259)
	at org.apache.ratis.server.impl.LeaderElection.askForVotes(LeaderElection.java:197)
	at org.apache.ratis.server.impl.LeaderElection.run(LeaderElection.java:133)
	at java.lang.Thread.run(Thread.java:748)
Caused by: org.apache.ratis.thirdparty.io.grpc.StatusRuntimeException: UNAVAILABLE: io exception
	at org.apache.ratis.thirdparty.io.grpc.stub.ClientCalls.toStatusRuntimeException(ClientCalls.java:233)
	at org.apache.ratis.thirdparty.io.grpc.stub.ClientCalls.getUnchecked(ClientCalls.java:214)
	at org.apache.ratis.thirdparty.io.grpc.stub.ClientCalls.blockingUnaryCall(ClientCalls.java:139)
	at org.apache.ratis.proto.grpc.RaftServerProtocolServiceGrpc$RaftServerProtocolServiceBlockingStub.requestVote(RaftServerProtocolServiceGrpc.java:265)
	at org.apache.ratis.grpc.server.GrpcServerProtocolClient.requestVote(GrpcServerProtocolClient.java:99)
	at org.apache.ratis.grpc.server.GrpcService.requestVote(GrpcService.java:204)
	at org.apache.ratis.server.impl.LeaderElection.lambda$submitRequests$1(LeaderElection.java:234)
	at java.util.concurrent.FutureTask.run(FutureTask.java:266)
	at java.util.concurrent.Executors$RunnableAdapter.call(Executors.java:511)
	at java.util.concurrent.FutureTask.run(FutureTask.java:266)
	at java.util.concurrent.ThreadPoolExecutor.runWorker(ThreadPoolExecutor.java:1149)
	at java.util.concurrent.ThreadPoolExecutor$Worker.run(ThreadPoolExecutor.java:624)
	... 1 more
Caused by: org.apache.ratis.thirdparty.io.netty.channel.AbstractChannel$AnnotatedConnectException: Connection refused: /192.168.34.62:37037
	at sun.nio.ch.SocketChannelImpl.checkConnect(Native Method)
	at sun.nio.ch.SocketChannelImpl.finishConnect(SocketChannelImpl.java:717)
	at org.apache.ratis.thirdparty.io.netty.channel.socket.nio.NioSocketChannel.doFinishConnect(NioSocketChannel.java:327)
	at org.apache.ratis.thirdparty.io.netty.channel.nio.AbstractNioChannel$AbstractNioUnsafe.finishConnect(AbstractNioChannel.java:340)
	at org.apache.ratis.thirdparty.io.netty.channel.nio.NioEventLoop.processSelectedKey(NioEventLoop.java:632)
	at org.apache.ratis.thirdparty.io.netty.channel.nio.NioEventLoop.processSelectedKeysOptimized(NioEventLoop.java:579)
	at org.apache.ratis.thirdparty.io.netty.channel.nio.NioEventLoop.processSelectedKeys(NioEventLoop.java:496)
	at org.apache.ratis.thirdparty.io.netty.channel.nio.NioEventLoop.run(NioEventLoop.java:458)
	at org.apache.ratis.thirdparty.io.netty.util.concurrent.SingleThreadEventExecutor$5.run(SingleThreadEventExecutor.java:897)
	at org.apache.ratis.thirdparty.io.netty.util.concurrent.FastThreadLocalRunnable.run(FastThreadLocalRunnable.java:30)
	... 1 more
Caused by: java.net.ConnectException: Connection refused
	... 11 more
2019-10-17 06:48:35,320 [7c431f9d-51bc-458b-a3a6-511ec217d887@group-21BA9BD4283D-LeaderElection510] INFO  impl.RaftServerImpl (RaftServerImpl.java:setRole(184)) - 7c431f9d-51bc-458b-a3a6-511ec217d887@group-21BA9BD4283D: changes role from CANDIDATE to FOLLOWER at term 475 for DISCOVERED_A_NEW_TERM
2019-10-17 06:48:35,320 [7c431f9d-51bc-458b-a3a6-511ec217d887@group-21BA9BD4283D-LeaderElection510] INFO  impl.RoleInfo (RoleInfo.java:shutdownLeaderElection(134)) - 7c431f9d-51bc-458b-a3a6-511ec217d887: shutdown LeaderElection
2019-10-17 06:48:35,320 [7c431f9d-51bc-458b-a3a6-511ec217d887@group-21BA9BD4283D-LeaderElection510] INFO  impl.RoleInfo (RoleInfo.java:updateAndGet(143)) - 7c431f9d-51bc-458b-a3a6-511ec217d887: start FollowerState
2019-10-17 06:48:35,463 [Thread-4063] INFO  impl.FollowerState (FollowerState.java:run(108)) - 7c431f9d-51bc-458b-a3a6-511ec217d887@group-21BA9BD4283D-FollowerState: change to CANDIDATE, lastRpcTime:142ms, electionTimeout:142ms
2019-10-17 06:48:35,463 [Thread-4063] INFO  impl.RoleInfo (RoleInfo.java:shutdownFollowerState(121)) - 7c431f9d-51bc-458b-a3a6-511ec217d887: shutdown FollowerState
2019-10-17 06:48:35,463 [Thread-4063] INFO  impl.RaftServerImpl (RaftServerImpl.java:setRole(184)) - 7c431f9d-51bc-458b-a3a6-511ec217d887@group-21BA9BD4283D: changes role from  FOLLOWER to CANDIDATE at term 475 for changeToCandidate
2019-10-17 06:48:35,463 [Thread-4063] INFO  impl.RoleInfo (RoleInfo.java:updateAndGet(143)) - 7c431f9d-51bc-458b-a3a6-511ec217d887: start LeaderElection
2019-10-17 06:48:35,487 [7c431f9d-51bc-458b-a3a6-511ec217d887@group-21BA9BD4283D-LeaderElection511] INFO  impl.LeaderElection (LeaderElection.java:askForVotes(178)) - 7c431f9d-51bc-458b-a3a6-511ec217d887@group-21BA9BD4283D-LeaderElection511: begin an election at term 476 for -1: [67f35358-9777-4ff9-96f4-8a61bc3a94fe:192.168.34.62:37037, 7c431f9d-51bc-458b-a3a6-511ec217d887:192.168.34.62:40420, b9cfa588-8e56-4331-be2f-4c26f25c6739:192.168.34.62:34777], old=null
2019-10-17 06:48:35,488 [7c431f9d-51bc-458b-a3a6-511ec217d887@group-21BA9BD4283D-LeaderElection511] INFO  impl.LeaderElection (LogUtils.java:infoOrTrace(149)) - 7c431f9d-51bc-458b-a3a6-511ec217d887@group-21BA9BD4283D-LeaderElection511 got exception when requesting votes: {}
java.util.concurrent.ExecutionException: org.apache.ratis.thirdparty.io.grpc.StatusRuntimeException: UNAVAILABLE: io exception
	at java.util.concurrent.FutureTask.report(FutureTask.java:122)
	at java.util.concurrent.FutureTask.get(FutureTask.java:192)
	at org.apache.ratis.server.impl.LeaderElection.waitForResults(LeaderElection.java:259)
	at org.apache.ratis.server.impl.LeaderElection.askForVotes(LeaderElection.java:197)
	at org.apache.ratis.server.impl.LeaderElection.run(LeaderElection.java:133)
	at java.lang.Thread.run(Thread.java:748)
Caused by: org.apache.ratis.thirdparty.io.grpc.StatusRuntimeException: UNAVAILABLE: io exception
	at org.apache.ratis.thirdparty.io.grpc.stub.ClientCalls.toStatusRuntimeException(ClientCalls.java:233)
	at org.apache.ratis.thirdparty.io.grpc.stub.ClientCalls.getUnchecked(ClientCalls.java:214)
	at org.apache.ratis.thirdparty.io.grpc.stub.ClientCalls.blockingUnaryCall(ClientCalls.java:139)
	at org.apache.ratis.proto.grpc.RaftServerProtocolServiceGrpc$RaftServerProtocolServiceBlockingStub.requestVote(RaftServerProtocolServiceGrpc.java:265)
	at org.apache.ratis.grpc.server.GrpcServerProtocolClient.requestVote(GrpcServerProtocolClient.java:99)
	at org.apache.ratis.grpc.server.GrpcService.requestVote(GrpcService.java:204)
	at org.apache.ratis.server.impl.LeaderElection.lambda$submitRequests$1(LeaderElection.java:234)
	at java.util.concurrent.FutureTask.run(FutureTask.java:266)
	at java.util.concurrent.Executors$RunnableAdapter.call(Executors.java:511)
	at java.util.concurrent.FutureTask.run(FutureTask.java:266)
	at java.util.concurrent.ThreadPoolExecutor.runWorker(ThreadPoolExecutor.java:1149)
	at java.util.concurrent.ThreadPoolExecutor$Worker.run(ThreadPoolExecutor.java:624)
	... 1 more
Caused by: org.apache.ratis.thirdparty.io.netty.channel.AbstractChannel$AnnotatedConnectException: Connection refused: /192.168.34.62:34777
	at sun.nio.ch.SocketChannelImpl.checkConnect(Native Method)
	at sun.nio.ch.SocketChannelImpl.finishConnect(SocketChannelImpl.java:717)
	at org.apache.ratis.thirdparty.io.netty.channel.socket.nio.NioSocketChannel.doFinishConnect(NioSocketChannel.java:327)
	at org.apache.ratis.thirdparty.io.netty.channel.nio.AbstractNioChannel$AbstractNioUnsafe.finishConnect(AbstractNioChannel.java:340)
	at org.apache.ratis.thirdparty.io.netty.channel.nio.NioEventLoop.processSelectedKey(NioEventLoop.java:632)
	at org.apache.ratis.thirdparty.io.netty.channel.nio.NioEventLoop.processSelectedKeysOptimized(NioEventLoop.java:579)
	at org.apache.ratis.thirdparty.io.netty.channel.nio.NioEventLoop.processSelectedKeys(NioEventLoop.java:496)
	at org.apache.ratis.thirdparty.io.netty.channel.nio.NioEventLoop.run(NioEventLoop.java:458)
	at org.apache.ratis.thirdparty.io.netty.util.concurrent.SingleThreadEventExecutor$5.run(SingleThreadEventExecutor.java:897)
	at org.apache.ratis.thirdparty.io.netty.util.concurrent.FastThreadLocalRunnable.run(FastThreadLocalRunnable.java:30)
	... 1 more
Caused by: java.net.ConnectException: Connection refused
	... 11 more
2019-10-17 06:48:35,490 [7c431f9d-51bc-458b-a3a6-511ec217d887@group-21BA9BD4283D-LeaderElection511] INFO  impl.LeaderElection (LogUtils.java:infoOrTrace(149)) - 7c431f9d-51bc-458b-a3a6-511ec217d887@group-21BA9BD4283D-LeaderElection511 got exception when requesting votes: {}
java.util.concurrent.ExecutionException: org.apache.ratis.thirdparty.io.grpc.StatusRuntimeException: UNAVAILABLE: io exception
	at java.util.concurrent.FutureTask.report(FutureTask.java:122)
	at java.util.concurrent.FutureTask.get(FutureTask.java:192)
	at org.apache.ratis.server.impl.LeaderElection.waitForResults(LeaderElection.java:259)
	at org.apache.ratis.server.impl.LeaderElection.askForVotes(LeaderElection.java:197)
	at org.apache.ratis.server.impl.LeaderElection.run(LeaderElection.java:133)
	at java.lang.Thread.run(Thread.java:748)
Caused by: org.apache.ratis.thirdparty.io.grpc.StatusRuntimeException: UNAVAILABLE: io exception
	at org.apache.ratis.thirdparty.io.grpc.stub.ClientCalls.toStatusRuntimeException(ClientCalls.java:233)
	at org.apache.ratis.thirdparty.io.grpc.stub.ClientCalls.getUnchecked(ClientCalls.java:214)
	at org.apache.ratis.thirdparty.io.grpc.stub.ClientCalls.blockingUnaryCall(ClientCalls.java:139)
	at org.apache.ratis.proto.grpc.RaftServerProtocolServiceGrpc$RaftServerProtocolServiceBlockingStub.requestVote(RaftServerProtocolServiceGrpc.java:265)
	at org.apache.ratis.grpc.server.GrpcServerProtocolClient.requestVote(GrpcServerProtocolClient.java:99)
	at org.apache.ratis.grpc.server.GrpcService.requestVote(GrpcService.java:204)
	at org.apache.ratis.server.impl.LeaderElection.lambda$submitRequests$1(LeaderElection.java:234)
	at java.util.concurrent.FutureTask.run(FutureTask.java:266)
	at java.util.concurrent.Executors$RunnableAdapter.call(Executors.java:511)
	at java.util.concurrent.FutureTask.run(FutureTask.java:266)
	at java.util.concurrent.ThreadPoolExecutor.runWorker(ThreadPoolExecutor.java:1149)
	at java.util.concurrent.ThreadPoolExecutor$Worker.run(ThreadPoolExecutor.java:624)
	... 1 more
Caused by: org.apache.ratis.thirdparty.io.netty.channel.AbstractChannel$AnnotatedConnectException: Connection refused: /192.168.34.62:37037
	at sun.nio.ch.SocketChannelImpl.checkConnect(Native Method)
	at sun.nio.ch.SocketChannelImpl.finishConnect(SocketChannelImpl.java:717)
	at org.apache.ratis.thirdparty.io.netty.channel.socket.nio.NioSocketChannel.doFinishConnect(NioSocketChannel.java:327)
	at org.apache.ratis.thirdparty.io.netty.channel.nio.AbstractNioChannel$AbstractNioUnsafe.finishConnect(AbstractNioChannel.java:340)
	at org.apache.ratis.thirdparty.io.netty.channel.nio.NioEventLoop.processSelectedKey(NioEventLoop.java:632)
	at org.apache.ratis.thirdparty.io.netty.channel.nio.NioEventLoop.processSelectedKeysOptimized(NioEventLoop.java:579)
	at org.apache.ratis.thirdparty.io.netty.channel.nio.NioEventLoop.processSelectedKeys(NioEventLoop.java:496)
	at org.apache.ratis.thirdparty.io.netty.channel.nio.NioEventLoop.run(NioEventLoop.java:458)
	at org.apache.ratis.thirdparty.io.netty.util.concurrent.SingleThreadEventExecutor$5.run(SingleThreadEventExecutor.java:897)
	at org.apache.ratis.thirdparty.io.netty.util.concurrent.FastThreadLocalRunnable.run(FastThreadLocalRunnable.java:30)
	... 1 more
Caused by: java.net.ConnectException: Connection refused
	... 11 more
2019-10-17 06:48:35,491 [7c431f9d-51bc-458b-a3a6-511ec217d887@group-21BA9BD4283D-LeaderElection511] INFO  impl.LeaderElection (LeaderElection.java:logAndReturn(56)) - 7c431f9d-51bc-458b-a3a6-511ec217d887@group-21BA9BD4283D-LeaderElection511: Election REJECTED; received 0 response(s) [] and 2 exception(s); 7c431f9d-51bc-458b-a3a6-511ec217d887@group-21BA9BD4283D:t476, leader=null, voted=7c431f9d-51bc-458b-a3a6-511ec217d887, raftlog=7c431f9d-51bc-458b-a3a6-511ec217d887@group-21BA9BD4283D-SegmentedRaftLog:OPENED:c-1,f-1,i0, conf=-1: [67f35358-9777-4ff9-96f4-8a61bc3a94fe:192.168.34.62:37037, 7c431f9d-51bc-458b-a3a6-511ec217d887:192.168.34.62:40420, b9cfa588-8e56-4331-be2f-4c26f25c6739:192.168.34.62:34777], old=null
2019-10-17 06:48:35,491 [7c431f9d-51bc-458b-a3a6-511ec217d887@group-21BA9BD4283D-LeaderElection511] INFO  impl.LeaderElection (LogUtils.java:infoOrTrace(149)) -   Exception 0: {}
java.util.concurrent.ExecutionException: org.apache.ratis.thirdparty.io.grpc.StatusRuntimeException: UNAVAILABLE: io exception
	at java.util.concurrent.FutureTask.report(FutureTask.java:122)
	at java.util.concurrent.FutureTask.get(FutureTask.java:192)
	at org.apache.ratis.server.impl.LeaderElection.waitForResults(LeaderElection.java:259)
	at org.apache.ratis.server.impl.LeaderElection.askForVotes(LeaderElection.java:197)
	at org.apache.ratis.server.impl.LeaderElection.run(LeaderElection.java:133)
	at java.lang.Thread.run(Thread.java:748)
Caused by: org.apache.ratis.thirdparty.io.grpc.StatusRuntimeException: UNAVAILABLE: io exception
	at org.apache.ratis.thirdparty.io.grpc.stub.ClientCalls.toStatusRuntimeException(ClientCalls.java:233)
	at org.apache.ratis.thirdparty.io.grpc.stub.ClientCalls.getUnchecked(ClientCalls.java:214)
	at org.apache.ratis.thirdparty.io.grpc.stub.ClientCalls.blockingUnaryCall(ClientCalls.java:139)
	at org.apache.ratis.proto.grpc.RaftServerProtocolServiceGrpc$RaftServerProtocolServiceBlockingStub.requestVote(RaftServerProtocolServiceGrpc.java:265)
	at org.apache.ratis.grpc.server.GrpcServerProtocolClient.requestVote(GrpcServerProtocolClient.java:99)
	at org.apache.ratis.grpc.server.GrpcService.requestVote(GrpcService.java:204)
	at org.apache.ratis.server.impl.LeaderElection.lambda$submitRequests$1(LeaderElection.java:234)
	at java.util.concurrent.FutureTask.run(FutureTask.java:266)
	at java.util.concurrent.Executors$RunnableAdapter.call(Executors.java:511)
	at java.util.concurrent.FutureTask.run(FutureTask.java:266)
	at java.util.concurrent.ThreadPoolExecutor.runWorker(ThreadPoolExecutor.java:1149)
	at java.util.concurrent.ThreadPoolExecutor$Worker.run(ThreadPoolExecutor.java:624)
	... 1 more
Caused by: org.apache.ratis.thirdparty.io.netty.channel.AbstractChannel$AnnotatedConnectException: Connection refused: /192.168.34.62:34777
	at sun.nio.ch.SocketChannelImpl.checkConnect(Native Method)
	at sun.nio.ch.SocketChannelImpl.finishConnect(SocketChannelImpl.java:717)
	at org.apache.ratis.thirdparty.io.netty.channel.socket.nio.NioSocketChannel.doFinishConnect(NioSocketChannel.java:327)
	at org.apache.ratis.thirdparty.io.netty.channel.nio.AbstractNioChannel$AbstractNioUnsafe.finishConnect(AbstractNioChannel.java:340)
	at org.apache.ratis.thirdparty.io.netty.channel.nio.NioEventLoop.processSelectedKey(NioEventLoop.java:632)
	at org.apache.ratis.thirdparty.io.netty.channel.nio.NioEventLoop.processSelectedKeysOptimized(NioEventLoop.java:579)
	at org.apache.ratis.thirdparty.io.netty.channel.nio.NioEventLoop.processSelectedKeys(NioEventLoop.java:496)
	at org.apache.ratis.thirdparty.io.netty.channel.nio.NioEventLoop.run(NioEventLoop.java:458)
	at org.apache.ratis.thirdparty.io.netty.util.concurrent.SingleThreadEventExecutor$5.run(SingleThreadEventExecutor.java:897)
	at org.apache.ratis.thirdparty.io.netty.util.concurrent.FastThreadLocalRunnable.run(FastThreadLocalRunnable.java:30)
	... 1 more
Caused by: java.net.ConnectException: Connection refused
	... 11 more
2019-10-17 06:48:35,491 [7c431f9d-51bc-458b-a3a6-511ec217d887@group-21BA9BD4283D-LeaderElection511] INFO  impl.LeaderElection (LogUtils.java:infoOrTrace(149)) -   Exception 1: {}
java.util.concurrent.ExecutionException: org.apache.ratis.thirdparty.io.grpc.StatusRuntimeException: UNAVAILABLE: io exception
	at java.util.concurrent.FutureTask.report(FutureTask.java:122)
	at java.util.concurrent.FutureTask.get(FutureTask.java:192)
	at org.apache.ratis.server.impl.LeaderElection.waitForResults(LeaderElection.java:259)
	at org.apache.ratis.server.impl.LeaderElection.askForVotes(LeaderElection.java:197)
	at org.apache.ratis.server.impl.LeaderElection.run(LeaderElection.java:133)
	at java.lang.Thread.run(Thread.java:748)
Caused by: org.apache.ratis.thirdparty.io.grpc.StatusRuntimeException: UNAVAILABLE: io exception
	at org.apache.ratis.thirdparty.io.grpc.stub.ClientCalls.toStatusRuntimeException(ClientCalls.java:233)
	at org.apache.ratis.thirdparty.io.grpc.stub.ClientCalls.getUnchecked(ClientCalls.java:214)
	at org.apache.ratis.thirdparty.io.grpc.stub.ClientCalls.blockingUnaryCall(ClientCalls.java:139)
	at org.apache.ratis.proto.grpc.RaftServerProtocolServiceGrpc$RaftServerProtocolServiceBlockingStub.requestVote(RaftServerProtocolServiceGrpc.java:265)
	at org.apache.ratis.grpc.server.GrpcServerProtocolClient.requestVote(GrpcServerProtocolClient.java:99)
	at org.apache.ratis.grpc.server.GrpcService.requestVote(GrpcService.java:204)
	at org.apache.ratis.server.impl.LeaderElection.lambda$submitRequests$1(LeaderElection.java:234)
	at java.util.concurrent.FutureTask.run(FutureTask.java:266)
	at java.util.concurrent.Executors$RunnableAdapter.call(Executors.java:511)
	at java.util.concurrent.FutureTask.run(FutureTask.java:266)
	at java.util.concurrent.ThreadPoolExecutor.runWorker(ThreadPoolExecutor.java:1149)
	at java.util.concurrent.ThreadPoolExecutor$Worker.run(ThreadPoolExecutor.java:624)
	... 1 more
Caused by: org.apache.ratis.thirdparty.io.netty.channel.AbstractChannel$AnnotatedConnectException: Connection refused: /192.168.34.62:37037
	at sun.nio.ch.SocketChannelImpl.checkConnect(Native Method)
	at sun.nio.ch.SocketChannelImpl.finishConnect(SocketChannelImpl.java:717)
	at org.apache.ratis.thirdparty.io.netty.channel.socket.nio.NioSocketChannel.doFinishConnect(NioSocketChannel.java:327)
	at org.apache.ratis.thirdparty.io.netty.channel.nio.AbstractNioChannel$AbstractNioUnsafe.finishConnect(AbstractNioChannel.java:340)
	at org.apache.ratis.thirdparty.io.netty.channel.nio.NioEventLoop.processSelectedKey(NioEventLoop.java:632)
	at org.apache.ratis.thirdparty.io.netty.channel.nio.NioEventLoop.processSelectedKeysOptimized(NioEventLoop.java:579)
	at org.apache.ratis.thirdparty.io.netty.channel.nio.NioEventLoop.processSelectedKeys(NioEventLoop.java:496)
	at org.apache.ratis.thirdparty.io.netty.channel.nio.NioEventLoop.run(NioEventLoop.java:458)
	at org.apache.ratis.thirdparty.io.netty.util.concurrent.SingleThreadEventExecutor$5.run(SingleThreadEventExecutor.java:897)
	at org.apache.ratis.thirdparty.io.netty.util.concurrent.FastThreadLocalRunnable.run(FastThreadLocalRunnable.java:30)
	... 1 more
Caused by: java.net.ConnectException: Connection refused
	... 11 more
2019-10-17 06:48:35,492 [7c431f9d-51bc-458b-a3a6-511ec217d887@group-21BA9BD4283D-LeaderElection511] INFO  impl.RaftServerImpl (RaftServerImpl.java:setRole(184)) - 7c431f9d-51bc-458b-a3a6-511ec217d887@group-21BA9BD4283D: changes role from CANDIDATE to FOLLOWER at term 476 for DISCOVERED_A_NEW_TERM
2019-10-17 06:48:35,492 [7c431f9d-51bc-458b-a3a6-511ec217d887@group-21BA9BD4283D-LeaderElection511] INFO  impl.RoleInfo (RoleInfo.java:shutdownLeaderElection(134)) - 7c431f9d-51bc-458b-a3a6-511ec217d887: shutdown LeaderElection
2019-10-17 06:48:35,492 [7c431f9d-51bc-458b-a3a6-511ec217d887@group-21BA9BD4283D-LeaderElection511] INFO  impl.RoleInfo (RoleInfo.java:updateAndGet(143)) - 7c431f9d-51bc-458b-a3a6-511ec217d887: start FollowerState
2019-10-17 06:48:35,529 [Thread-4067] INFO  impl.FollowerState (FollowerState.java:run(108)) - 7c431f9d-51bc-458b-a3a6-511ec217d887@group-21BA9BD4283D-FollowerState: change to CANDIDATE, lastRpcTime:37ms, electionTimeout:37ms
2019-10-17 06:48:35,530 [Thread-4067] INFO  impl.RoleInfo (RoleInfo.java:shutdownFollowerState(121)) - 7c431f9d-51bc-458b-a3a6-511ec217d887: shutdown FollowerState
2019-10-17 06:48:35,530 [Thread-4067] INFO  impl.RaftServerImpl (RaftServerImpl.java:setRole(184)) - 7c431f9d-51bc-458b-a3a6-511ec217d887@group-21BA9BD4283D: changes role from  FOLLOWER to CANDIDATE at term 476 for changeToCandidate
2019-10-17 06:48:35,530 [Thread-4067] INFO  impl.RoleInfo (RoleInfo.java:updateAndGet(143)) - 7c431f9d-51bc-458b-a3a6-511ec217d887: start LeaderElection
2019-10-17 06:48:35,545 [7c431f9d-51bc-458b-a3a6-511ec217d887@group-21BA9BD4283D-LeaderElection512] INFO  impl.LeaderElection (LeaderElection.java:askForVotes(178)) - 7c431f9d-51bc-458b-a3a6-511ec217d887@group-21BA9BD4283D-LeaderElection512: begin an election at term 477 for -1: [67f35358-9777-4ff9-96f4-8a61bc3a94fe:192.168.34.62:37037, 7c431f9d-51bc-458b-a3a6-511ec217d887:192.168.34.62:40420, b9cfa588-8e56-4331-be2f-4c26f25c6739:192.168.34.62:34777], old=null
2019-10-17 06:48:35,546 [7c431f9d-51bc-458b-a3a6-511ec217d887@group-21BA9BD4283D-LeaderElection512] INFO  impl.LeaderElection (LogUtils.java:infoOrTrace(149)) - 7c431f9d-51bc-458b-a3a6-511ec217d887@group-21BA9BD4283D-LeaderElection512 got exception when requesting votes: {}
java.util.concurrent.ExecutionException: org.apache.ratis.thirdparty.io.grpc.StatusRuntimeException: UNAVAILABLE: io exception
	at java.util.concurrent.FutureTask.report(FutureTask.java:122)
	at java.util.concurrent.FutureTask.get(FutureTask.java:192)
	at org.apache.ratis.server.impl.LeaderElection.waitForResults(LeaderElection.java:259)
	at org.apache.ratis.server.impl.LeaderElection.askForVotes(LeaderElection.java:197)
	at org.apache.ratis.server.impl.LeaderElection.run(LeaderElection.java:133)
	at java.lang.Thread.run(Thread.java:748)
Caused by: org.apache.ratis.thirdparty.io.grpc.StatusRuntimeException: UNAVAILABLE: io exception
	at org.apache.ratis.thirdparty.io.grpc.stub.ClientCalls.toStatusRuntimeException(ClientCalls.java:233)
	at org.apache.ratis.thirdparty.io.grpc.stub.ClientCalls.getUnchecked(ClientCalls.java:214)
	at org.apache.ratis.thirdparty.io.grpc.stub.ClientCalls.blockingUnaryCall(ClientCalls.java:139)
	at org.apache.ratis.proto.grpc.RaftServerProtocolServiceGrpc$RaftServerProtocolServiceBlockingStub.requestVote(RaftServerProtocolServiceGrpc.java:265)
	at org.apache.ratis.grpc.server.GrpcServerProtocolClient.requestVote(GrpcServerProtocolClient.java:99)
	at org.apache.ratis.grpc.server.GrpcService.requestVote(GrpcService.java:204)
	at org.apache.ratis.server.impl.LeaderElection.lambda$submitRequests$1(LeaderElection.java:234)
	at java.util.concurrent.FutureTask.run(FutureTask.java:266)
	at java.util.concurrent.Executors$RunnableAdapter.call(Executors.java:511)
	at java.util.concurrent.FutureTask.run(FutureTask.java:266)
	at java.util.concurrent.ThreadPoolExecutor.runWorker(ThreadPoolExecutor.java:1149)
	at java.util.concurrent.ThreadPoolExecutor$Worker.run(ThreadPoolExecutor.java:624)
	... 1 more
Caused by: org.apache.ratis.thirdparty.io.netty.channel.AbstractChannel$AnnotatedConnectException: Connection refused: /192.168.34.62:37037
	at sun.nio.ch.SocketChannelImpl.checkConnect(Native Method)
	at sun.nio.ch.SocketChannelImpl.finishConnect(SocketChannelImpl.java:717)
	at org.apache.ratis.thirdparty.io.netty.channel.socket.nio.NioSocketChannel.doFinishConnect(NioSocketChannel.java:327)
	at org.apache.ratis.thirdparty.io.netty.channel.nio.AbstractNioChannel$AbstractNioUnsafe.finishConnect(AbstractNioChannel.java:340)
	at org.apache.ratis.thirdparty.io.netty.channel.nio.NioEventLoop.processSelectedKey(NioEventLoop.java:632)
	at org.apache.ratis.thirdparty.io.netty.channel.nio.NioEventLoop.processSelectedKeysOptimized(NioEventLoop.java:579)
	at org.apache.ratis.thirdparty.io.netty.channel.nio.NioEventLoop.processSelectedKeys(NioEventLoop.java:496)
	at org.apache.ratis.thirdparty.io.netty.channel.nio.NioEventLoop.run(NioEventLoop.java:458)
	at org.apache.ratis.thirdparty.io.netty.util.concurrent.SingleThreadEventExecutor$5.run(SingleThreadEventExecutor.java:897)
	at org.apache.ratis.thirdparty.io.netty.util.concurrent.FastThreadLocalRunnable.run(FastThreadLocalRunnable.java:30)
	... 1 more
Caused by: java.net.ConnectException: Connection refused
	... 11 more
2019-10-17 06:48:35,547 [7c431f9d-51bc-458b-a3a6-511ec217d887@group-21BA9BD4283D-LeaderElection512] INFO  impl.LeaderElection (LogUtils.java:infoOrTrace(149)) - 7c431f9d-51bc-458b-a3a6-511ec217d887@group-21BA9BD4283D-LeaderElection512 got exception when requesting votes: {}
java.util.concurrent.ExecutionException: org.apache.ratis.thirdparty.io.grpc.StatusRuntimeException: UNAVAILABLE: io exception
	at java.util.concurrent.FutureTask.report(FutureTask.java:122)
	at java.util.concurrent.FutureTask.get(FutureTask.java:192)
	at org.apache.ratis.server.impl.LeaderElection.waitForResults(LeaderElection.java:259)
	at org.apache.ratis.server.impl.LeaderElection.askForVotes(LeaderElection.java:197)
	at org.apache.ratis.server.impl.LeaderElection.run(LeaderElection.java:133)
	at java.lang.Thread.run(Thread.java:748)
Caused by: org.apache.ratis.thirdparty.io.grpc.StatusRuntimeException: UNAVAILABLE: io exception
	at org.apache.ratis.thirdparty.io.grpc.stub.ClientCalls.toStatusRuntimeException(ClientCalls.java:233)
	at org.apache.ratis.thirdparty.io.grpc.stub.ClientCalls.getUnchecked(ClientCalls.java:214)
	at org.apache.ratis.thirdparty.io.grpc.stub.ClientCalls.blockingUnaryCall(ClientCalls.java:139)
	at org.apache.ratis.proto.grpc.RaftServerProtocolServiceGrpc$RaftServerProtocolServiceBlockingStub.requestVote(RaftServerProtocolServiceGrpc.java:265)
	at org.apache.ratis.grpc.server.GrpcServerProtocolClient.requestVote(GrpcServerProtocolClient.java:99)
	at org.apache.ratis.grpc.server.GrpcService.requestVote(GrpcService.java:204)
	at org.apache.ratis.server.impl.LeaderElection.lambda$submitRequests$1(LeaderElection.java:234)
	at java.util.concurrent.FutureTask.run(FutureTask.java:266)
	at java.util.concurrent.Executors$RunnableAdapter.call(Executors.java:511)
	at java.util.concurrent.FutureTask.run(FutureTask.java:266)
	at java.util.concurrent.ThreadPoolExecutor.runWorker(ThreadPoolExecutor.java:1149)
	at java.util.concurrent.ThreadPoolExecutor$Worker.run(ThreadPoolExecutor.java:624)
	... 1 more
Caused by: org.apache.ratis.thirdparty.io.netty.channel.AbstractChannel$AnnotatedConnectException: Connection refused: /192.168.34.62:34777
	at sun.nio.ch.SocketChannelImpl.checkConnect(Native Method)
	at sun.nio.ch.SocketChannelImpl.finishConnect(SocketChannelImpl.java:717)
	at org.apache.ratis.thirdparty.io.netty.channel.socket.nio.NioSocketChannel.doFinishConnect(NioSocketChannel.java:327)
	at org.apache.ratis.thirdparty.io.netty.channel.nio.AbstractNioChannel$AbstractNioUnsafe.finishConnect(AbstractNioChannel.java:340)
	at org.apache.ratis.thirdparty.io.netty.channel.nio.NioEventLoop.processSelectedKey(NioEventLoop.java:632)
	at org.apache.ratis.thirdparty.io.netty.channel.nio.NioEventLoop.processSelectedKeysOptimized(NioEventLoop.java:579)
	at org.apache.ratis.thirdparty.io.netty.channel.nio.NioEventLoop.processSelectedKeys(NioEventLoop.java:496)
	at org.apache.ratis.thirdparty.io.netty.channel.nio.NioEventLoop.run(NioEventLoop.java:458)
	at org.apache.ratis.thirdparty.io.netty.util.concurrent.SingleThreadEventExecutor$5.run(SingleThreadEventExecutor.java:897)
	at org.apache.ratis.thirdparty.io.netty.util.concurrent.FastThreadLocalRunnable.run(FastThreadLocalRunnable.java:30)
	... 1 more
Caused by: java.net.ConnectException: Connection refused
	... 11 more
2019-10-17 06:48:35,548 [7c431f9d-51bc-458b-a3a6-511ec217d887@group-21BA9BD4283D-LeaderElection512] INFO  impl.LeaderElection (LeaderElection.java:logAndReturn(56)) - 7c431f9d-51bc-458b-a3a6-511ec217d887@group-21BA9BD4283D-LeaderElection512: Election REJECTED; received 0 response(s) [] and 2 exception(s); 7c431f9d-51bc-458b-a3a6-511ec217d887@group-21BA9BD4283D:t477, leader=null, voted=7c431f9d-51bc-458b-a3a6-511ec217d887, raftlog=7c431f9d-51bc-458b-a3a6-511ec217d887@group-21BA9BD4283D-SegmentedRaftLog:OPENED:c-1,f-1,i0, conf=-1: [67f35358-9777-4ff9-96f4-8a61bc3a94fe:192.168.34.62:37037, 7c431f9d-51bc-458b-a3a6-511ec217d887:192.168.34.62:40420, b9cfa588-8e56-4331-be2f-4c26f25c6739:192.168.34.62:34777], old=null
2019-10-17 06:48:35,548 [7c431f9d-51bc-458b-a3a6-511ec217d887@group-21BA9BD4283D-LeaderElection512] INFO  impl.LeaderElection (LogUtils.java:infoOrTrace(149)) -   Exception 0: {}
java.util.concurrent.ExecutionException: org.apache.ratis.thirdparty.io.grpc.StatusRuntimeException: UNAVAILABLE: io exception
	at java.util.concurrent.FutureTask.report(FutureTask.java:122)
	at java.util.concurrent.FutureTask.get(FutureTask.java:192)
	at org.apache.ratis.server.impl.LeaderElection.waitForResults(LeaderElection.java:259)
	at org.apache.ratis.server.impl.LeaderElection.askForVotes(LeaderElection.java:197)
	at org.apache.ratis.server.impl.LeaderElection.run(LeaderElection.java:133)
	at java.lang.Thread.run(Thread.java:748)
Caused by: org.apache.ratis.thirdparty.io.grpc.StatusRuntimeException: UNAVAILABLE: io exception
	at org.apache.ratis.thirdparty.io.grpc.stub.ClientCalls.toStatusRuntimeException(ClientCalls.java:233)
	at org.apache.ratis.thirdparty.io.grpc.stub.ClientCalls.getUnchecked(ClientCalls.java:214)
	at org.apache.ratis.thirdparty.io.grpc.stub.ClientCalls.blockingUnaryCall(ClientCalls.java:139)
	at org.apache.ratis.proto.grpc.RaftServerProtocolServiceGrpc$RaftServerProtocolServiceBlockingStub.requestVote(RaftServerProtocolServiceGrpc.java:265)
	at org.apache.ratis.grpc.server.GrpcServerProtocolClient.requestVote(GrpcServerProtocolClient.java:99)
	at org.apache.ratis.grpc.server.GrpcService.requestVote(GrpcService.java:204)
	at org.apache.ratis.server.impl.LeaderElection.lambda$submitRequests$1(LeaderElection.java:234)
	at java.util.concurrent.FutureTask.run(FutureTask.java:266)
	at java.util.concurrent.Executors$RunnableAdapter.call(Executors.java:511)
	at java.util.concurrent.FutureTask.run(FutureTask.java:266)
	at java.util.concurrent.ThreadPoolExecutor.runWorker(ThreadPoolExecutor.java:1149)
	at java.util.concurrent.ThreadPoolExecutor$Worker.run(ThreadPoolExecutor.java:624)
	... 1 more
Caused by: org.apache.ratis.thirdparty.io.netty.channel.AbstractChannel$AnnotatedConnectException: Connection refused: /192.168.34.62:37037
	at sun.nio.ch.SocketChannelImpl.checkConnect(Native Method)
	at sun.nio.ch.SocketChannelImpl.finishConnect(SocketChannelImpl.java:717)
	at org.apache.ratis.thirdparty.io.netty.channel.socket.nio.NioSocketChannel.doFinishConnect(NioSocketChannel.java:327)
	at org.apache.ratis.thirdparty.io.netty.channel.nio.AbstractNioChannel$AbstractNioUnsafe.finishConnect(AbstractNioChannel.java:340)
	at org.apache.ratis.thirdparty.io.netty.channel.nio.NioEventLoop.processSelectedKey(NioEventLoop.java:632)
	at org.apache.ratis.thirdparty.io.netty.channel.nio.NioEventLoop.processSelectedKeysOptimized(NioEventLoop.java:579)
	at org.apache.ratis.thirdparty.io.netty.channel.nio.NioEventLoop.processSelectedKeys(NioEventLoop.java:496)
	at org.apache.ratis.thirdparty.io.netty.channel.nio.NioEventLoop.run(NioEventLoop.java:458)
	at org.apache.ratis.thirdparty.io.netty.util.concurrent.SingleThreadEventExecutor$5.run(SingleThreadEventExecutor.java:897)
	at org.apache.ratis.thirdparty.io.netty.util.concurrent.FastThreadLocalRunnable.run(FastThreadLocalRunnable.java:30)
	... 1 more
Caused by: java.net.ConnectException: Connection refused
	... 11 more
2019-10-17 06:48:35,548 [7c431f9d-51bc-458b-a3a6-511ec217d887@group-21BA9BD4283D-LeaderElection512] INFO  impl.LeaderElection (LogUtils.java:infoOrTrace(149)) -   Exception 1: {}
java.util.concurrent.ExecutionException: org.apache.ratis.thirdparty.io.grpc.StatusRuntimeException: UNAVAILABLE: io exception
	at java.util.concurrent.FutureTask.report(FutureTask.java:122)
	at java.util.concurrent.FutureTask.get(FutureTask.java:192)
	at org.apache.ratis.server.impl.LeaderElection.waitForResults(LeaderElection.java:259)
	at org.apache.ratis.server.impl.LeaderElection.askForVotes(LeaderElection.java:197)
	at org.apache.ratis.server.impl.LeaderElection.run(LeaderElection.java:133)
	at java.lang.Thread.run(Thread.java:748)
Caused by: org.apache.ratis.thirdparty.io.grpc.StatusRuntimeException: UNAVAILABLE: io exception
	at org.apache.ratis.thirdparty.io.grpc.stub.ClientCalls.toStatusRuntimeException(ClientCalls.java:233)
	at org.apache.ratis.thirdparty.io.grpc.stub.ClientCalls.getUnchecked(ClientCalls.java:214)
	at org.apache.ratis.thirdparty.io.grpc.stub.ClientCalls.blockingUnaryCall(ClientCalls.java:139)
	at org.apache.ratis.proto.grpc.RaftServerProtocolServiceGrpc$RaftServerProtocolServiceBlockingStub.requestVote(RaftServerProtocolServiceGrpc.java:265)
	at org.apache.ratis.grpc.server.GrpcServerProtocolClient.requestVote(GrpcServerProtocolClient.java:99)
	at org.apache.ratis.grpc.server.GrpcService.requestVote(GrpcService.java:204)
	at org.apache.ratis.server.impl.LeaderElection.lambda$submitRequests$1(LeaderElection.java:234)
	at java.util.concurrent.FutureTask.run(FutureTask.java:266)
	at java.util.concurrent.Executors$RunnableAdapter.call(Executors.java:511)
	at java.util.concurrent.FutureTask.run(FutureTask.java:266)
	at java.util.concurrent.ThreadPoolExecutor.runWorker(ThreadPoolExecutor.java:1149)
	at java.util.concurrent.ThreadPoolExecutor$Worker.run(ThreadPoolExecutor.java:624)
	... 1 more
Caused by: org.apache.ratis.thirdparty.io.netty.channel.AbstractChannel$AnnotatedConnectException: Connection refused: /192.168.34.62:34777
	at sun.nio.ch.SocketChannelImpl.checkConnect(Native Method)
	at sun.nio.ch.SocketChannelImpl.finishConnect(SocketChannelImpl.java:717)
	at org.apache.ratis.thirdparty.io.netty.channel.socket.nio.NioSocketChannel.doFinishConnect(NioSocketChannel.java:327)
	at org.apache.ratis.thirdparty.io.netty.channel.nio.AbstractNioChannel$AbstractNioUnsafe.finishConnect(AbstractNioChannel.java:340)
	at org.apache.ratis.thirdparty.io.netty.channel.nio.NioEventLoop.processSelectedKey(NioEventLoop.java:632)
	at org.apache.ratis.thirdparty.io.netty.channel.nio.NioEventLoop.processSelectedKeysOptimized(NioEventLoop.java:579)
	at org.apache.ratis.thirdparty.io.netty.channel.nio.NioEventLoop.processSelectedKeys(NioEventLoop.java:496)
	at org.apache.ratis.thirdparty.io.netty.channel.nio.NioEventLoop.run(NioEventLoop.java:458)
	at org.apache.ratis.thirdparty.io.netty.util.concurrent.SingleThreadEventExecutor$5.run(SingleThreadEventExecutor.java:897)
	at org.apache.ratis.thirdparty.io.netty.util.concurrent.FastThreadLocalRunnable.run(FastThreadLocalRunnable.java:30)
	... 1 more
Caused by: java.net.ConnectException: Connection refused
	... 11 more
2019-10-17 06:48:35,548 [7c431f9d-51bc-458b-a3a6-511ec217d887@group-21BA9BD4283D-LeaderElection512] INFO  impl.RaftServerImpl (RaftServerImpl.java:setRole(184)) - 7c431f9d-51bc-458b-a3a6-511ec217d887@group-21BA9BD4283D: changes role from CANDIDATE to FOLLOWER at term 477 for DISCOVERED_A_NEW_TERM
2019-10-17 06:48:35,548 [7c431f9d-51bc-458b-a3a6-511ec217d887@group-21BA9BD4283D-LeaderElection512] INFO  impl.RoleInfo (RoleInfo.java:shutdownLeaderElection(134)) - 7c431f9d-51bc-458b-a3a6-511ec217d887: shutdown LeaderElection
2019-10-17 06:48:35,549 [7c431f9d-51bc-458b-a3a6-511ec217d887@group-21BA9BD4283D-LeaderElection512] INFO  impl.RoleInfo (RoleInfo.java:updateAndGet(143)) - 7c431f9d-51bc-458b-a3a6-511ec217d887: start FollowerState
2019-10-17 06:48:35,695 [Thread-4071] INFO  impl.FollowerState (FollowerState.java:run(108)) - 7c431f9d-51bc-458b-a3a6-511ec217d887@group-21BA9BD4283D-FollowerState: change to CANDIDATE, lastRpcTime:146ms, electionTimeout:146ms
2019-10-17 06:48:35,695 [Thread-4071] INFO  impl.RoleInfo (RoleInfo.java:shutdownFollowerState(121)) - 7c431f9d-51bc-458b-a3a6-511ec217d887: shutdown FollowerState
2019-10-17 06:48:35,695 [Thread-4071] INFO  impl.RaftServerImpl (RaftServerImpl.java:setRole(184)) - 7c431f9d-51bc-458b-a3a6-511ec217d887@group-21BA9BD4283D: changes role from  FOLLOWER to CANDIDATE at term 477 for changeToCandidate
2019-10-17 06:48:35,695 [Thread-4071] INFO  impl.RoleInfo (RoleInfo.java:updateAndGet(143)) - 7c431f9d-51bc-458b-a3a6-511ec217d887: start LeaderElection
2019-10-17 06:48:35,713 [7c431f9d-51bc-458b-a3a6-511ec217d887@group-21BA9BD4283D-LeaderElection513] INFO  impl.LeaderElection (LeaderElection.java:askForVotes(178)) - 7c431f9d-51bc-458b-a3a6-511ec217d887@group-21BA9BD4283D-LeaderElection513: begin an election at term 478 for -1: [67f35358-9777-4ff9-96f4-8a61bc3a94fe:192.168.34.62:37037, 7c431f9d-51bc-458b-a3a6-511ec217d887:192.168.34.62:40420, b9cfa588-8e56-4331-be2f-4c26f25c6739:192.168.34.62:34777], old=null
2019-10-17 06:48:35,713 [7c431f9d-51bc-458b-a3a6-511ec217d887@group-21BA9BD4283D-LeaderElection513] INFO  impl.LeaderElection (LogUtils.java:infoOrTrace(149)) - 7c431f9d-51bc-458b-a3a6-511ec217d887@group-21BA9BD4283D-LeaderElection513 got exception when requesting votes: {}
java.util.concurrent.ExecutionException: org.apache.ratis.thirdparty.io.grpc.StatusRuntimeException: UNAVAILABLE: io exception
	at java.util.concurrent.FutureTask.report(FutureTask.java:122)
	at java.util.concurrent.FutureTask.get(FutureTask.java:192)
	at org.apache.ratis.server.impl.LeaderElection.waitForResults(LeaderElection.java:259)
	at org.apache.ratis.server.impl.LeaderElection.askForVotes(LeaderElection.java:197)
	at org.apache.ratis.server.impl.LeaderElection.run(LeaderElection.java:133)
	at java.lang.Thread.run(Thread.java:748)
Caused by: org.apache.ratis.thirdparty.io.grpc.StatusRuntimeException: UNAVAILABLE: io exception
	at org.apache.ratis.thirdparty.io.grpc.stub.ClientCalls.toStatusRuntimeException(ClientCalls.java:233)
	at org.apache.ratis.thirdparty.io.grpc.stub.ClientCalls.getUnchecked(ClientCalls.java:214)
	at org.apache.ratis.thirdparty.io.grpc.stub.ClientCalls.blockingUnaryCall(ClientCalls.java:139)
	at org.apache.ratis.proto.grpc.RaftServerProtocolServiceGrpc$RaftServerProtocolServiceBlockingStub.requestVote(RaftServerProtocolServiceGrpc.java:265)
	at org.apache.ratis.grpc.server.GrpcServerProtocolClient.requestVote(GrpcServerProtocolClient.java:99)
	at org.apache.ratis.grpc.server.GrpcService.requestVote(GrpcService.java:204)
	at org.apache.ratis.server.impl.LeaderElection.lambda$submitRequests$1(LeaderElection.java:234)
	at java.util.concurrent.FutureTask.run(FutureTask.java:266)
	at java.util.concurrent.Executors$RunnableAdapter.call(Executors.java:511)
	at java.util.concurrent.FutureTask.run(FutureTask.java:266)
	at java.util.concurrent.ThreadPoolExecutor.runWorker(ThreadPoolExecutor.java:1149)
	at java.util.concurrent.ThreadPoolExecutor$Worker.run(ThreadPoolExecutor.java:624)
	... 1 more
Caused by: org.apache.ratis.thirdparty.io.netty.channel.AbstractChannel$AnnotatedConnectException: Connection refused: /192.168.34.62:34777
	at sun.nio.ch.SocketChannelImpl.checkConnect(Native Method)
	at sun.nio.ch.SocketChannelImpl.finishConnect(SocketChannelImpl.java:717)
	at org.apache.ratis.thirdparty.io.netty.channel.socket.nio.NioSocketChannel.doFinishConnect(NioSocketChannel.java:327)
	at org.apache.ratis.thirdparty.io.netty.channel.nio.AbstractNioChannel$AbstractNioUnsafe.finishConnect(AbstractNioChannel.java:340)
	at org.apache.ratis.thirdparty.io.netty.channel.nio.NioEventLoop.processSelectedKey(NioEventLoop.java:632)
	at org.apache.ratis.thirdparty.io.netty.channel.nio.NioEventLoop.processSelectedKeysOptimized(NioEventLoop.java:579)
	at org.apache.ratis.thirdparty.io.netty.channel.nio.NioEventLoop.processSelectedKeys(NioEventLoop.java:496)
	at org.apache.ratis.thirdparty.io.netty.channel.nio.NioEventLoop.run(NioEventLoop.java:458)
	at org.apache.ratis.thirdparty.io.netty.util.concurrent.SingleThreadEventExecutor$5.run(SingleThreadEventExecutor.java:897)
	at org.apache.ratis.thirdparty.io.netty.util.concurrent.FastThreadLocalRunnable.run(FastThreadLocalRunnable.java:30)
	... 1 more
Caused by: java.net.ConnectException: Connection refused
	... 11 more
2019-10-17 06:48:35,715 [7c431f9d-51bc-458b-a3a6-511ec217d887@group-21BA9BD4283D-LeaderElection513] INFO  impl.LeaderElection (LogUtils.java:infoOrTrace(149)) - 7c431f9d-51bc-458b-a3a6-511ec217d887@group-21BA9BD4283D-LeaderElection513 got exception when requesting votes: {}
java.util.concurrent.ExecutionException: org.apache.ratis.thirdparty.io.grpc.StatusRuntimeException: UNAVAILABLE: io exception
	at java.util.concurrent.FutureTask.report(FutureTask.java:122)
	at java.util.concurrent.FutureTask.get(FutureTask.java:192)
	at org.apache.ratis.server.impl.LeaderElection.waitForResults(LeaderElection.java:259)
	at org.apache.ratis.server.impl.LeaderElection.askForVotes(LeaderElection.java:197)
	at org.apache.ratis.server.impl.LeaderElection.run(LeaderElection.java:133)
	at java.lang.Thread.run(Thread.java:748)
Caused by: org.apache.ratis.thirdparty.io.grpc.StatusRuntimeException: UNAVAILABLE: io exception
	at org.apache.ratis.thirdparty.io.grpc.stub.ClientCalls.toStatusRuntimeException(ClientCalls.java:233)
	at org.apache.ratis.thirdparty.io.grpc.stub.ClientCalls.getUnchecked(ClientCalls.java:214)
	at org.apache.ratis.thirdparty.io.grpc.stub.ClientCalls.blockingUnaryCall(ClientCalls.java:139)
	at org.apache.ratis.proto.grpc.RaftServerProtocolServiceGrpc$RaftServerProtocolServiceBlockingStub.requestVote(RaftServerProtocolServiceGrpc.java:265)
	at org.apache.ratis.grpc.server.GrpcServerProtocolClient.requestVote(GrpcServerProtocolClient.java:99)
	at org.apache.ratis.grpc.server.GrpcService.requestVote(GrpcService.java:204)
	at org.apache.ratis.server.impl.LeaderElection.lambda$submitRequests$1(LeaderElection.java:234)
	at java.util.concurrent.FutureTask.run(FutureTask.java:266)
	at java.util.concurrent.Executors$RunnableAdapter.call(Executors.java:511)
	at java.util.concurrent.FutureTask.run(FutureTask.java:266)
	at java.util.concurrent.ThreadPoolExecutor.runWorker(ThreadPoolExecutor.java:1149)
	at java.util.concurrent.ThreadPoolExecutor$Worker.run(ThreadPoolExecutor.java:624)
	... 1 more
Caused by: org.apache.ratis.thirdparty.io.netty.channel.AbstractChannel$AnnotatedConnectException: Connection refused: /192.168.34.62:37037
	at sun.nio.ch.SocketChannelImpl.checkConnect(Native Method)
	at sun.nio.ch.SocketChannelImpl.finishConnect(SocketChannelImpl.java:717)
	at org.apache.ratis.thirdparty.io.netty.channel.socket.nio.NioSocketChannel.doFinishConnect(NioSocketChannel.java:327)
	at org.apache.ratis.thirdparty.io.netty.channel.nio.AbstractNioChannel$AbstractNioUnsafe.finishConnect(AbstractNioChannel.java:340)
	at org.apache.ratis.thirdparty.io.netty.channel.nio.NioEventLoop.processSelectedKey(NioEventLoop.java:632)
	at org.apache.ratis.thirdparty.io.netty.channel.nio.NioEventLoop.processSelectedKeysOptimized(NioEventLoop.java:579)
	at org.apache.ratis.thirdparty.io.netty.channel.nio.NioEventLoop.processSelectedKeys(NioEventLoop.java:496)
	at org.apache.ratis.thirdparty.io.netty.channel.nio.NioEventLoop.run(NioEventLoop.java:458)
	at org.apache.ratis.thirdparty.io.netty.util.concurrent.SingleThreadEventExecutor$5.run(SingleThreadEventExecutor.java:897)
	at org.apache.ratis.thirdparty.io.netty.util.concurrent.FastThreadLocalRunnable.run(FastThreadLocalRunnable.java:30)
	... 1 more
Caused by: java.net.ConnectException: Connection refused
	... 11 more
2019-10-17 06:48:35,716 [7c431f9d-51bc-458b-a3a6-511ec217d887@group-21BA9BD4283D-LeaderElection513] INFO  impl.LeaderElection (LeaderElection.java:logAndReturn(56)) - 7c431f9d-51bc-458b-a3a6-511ec217d887@group-21BA9BD4283D-LeaderElection513: Election REJECTED; received 0 response(s) [] and 2 exception(s); 7c431f9d-51bc-458b-a3a6-511ec217d887@group-21BA9BD4283D:t478, leader=null, voted=7c431f9d-51bc-458b-a3a6-511ec217d887, raftlog=7c431f9d-51bc-458b-a3a6-511ec217d887@group-21BA9BD4283D-SegmentedRaftLog:OPENED:c-1,f-1,i0, conf=-1: [67f35358-9777-4ff9-96f4-8a61bc3a94fe:192.168.34.62:37037, 7c431f9d-51bc-458b-a3a6-511ec217d887:192.168.34.62:40420, b9cfa588-8e56-4331-be2f-4c26f25c6739:192.168.34.62:34777], old=null
2019-10-17 06:48:35,716 [7c431f9d-51bc-458b-a3a6-511ec217d887@group-21BA9BD4283D-LeaderElection513] INFO  impl.LeaderElection (LogUtils.java:infoOrTrace(149)) -   Exception 0: {}
java.util.concurrent.ExecutionException: org.apache.ratis.thirdparty.io.grpc.StatusRuntimeException: UNAVAILABLE: io exception
	at java.util.concurrent.FutureTask.report(FutureTask.java:122)
	at java.util.concurrent.FutureTask.get(FutureTask.java:192)
	at org.apache.ratis.server.impl.LeaderElection.waitForResults(LeaderElection.java:259)
	at org.apache.ratis.server.impl.LeaderElection.askForVotes(LeaderElection.java:197)
	at org.apache.ratis.server.impl.LeaderElection.run(LeaderElection.java:133)
	at java.lang.Thread.run(Thread.java:748)
Caused by: org.apache.ratis.thirdparty.io.grpc.StatusRuntimeException: UNAVAILABLE: io exception
	at org.apache.ratis.thirdparty.io.grpc.stub.ClientCalls.toStatusRuntimeException(ClientCalls.java:233)
	at org.apache.ratis.thirdparty.io.grpc.stub.ClientCalls.getUnchecked(ClientCalls.java:214)
	at org.apache.ratis.thirdparty.io.grpc.stub.ClientCalls.blockingUnaryCall(ClientCalls.java:139)
	at org.apache.ratis.proto.grpc.RaftServerProtocolServiceGrpc$RaftServerProtocolServiceBlockingStub.requestVote(RaftServerProtocolServiceGrpc.java:265)
	at org.apache.ratis.grpc.server.GrpcServerProtocolClient.requestVote(GrpcServerProtocolClient.java:99)
	at org.apache.ratis.grpc.server.GrpcService.requestVote(GrpcService.java:204)
	at org.apache.ratis.server.impl.LeaderElection.lambda$submitRequests$1(LeaderElection.java:234)
	at java.util.concurrent.FutureTask.run(FutureTask.java:266)
	at java.util.concurrent.Executors$RunnableAdapter.call(Executors.java:511)
	at java.util.concurrent.FutureTask.run(FutureTask.java:266)
	at java.util.concurrent.ThreadPoolExecutor.runWorker(ThreadPoolExecutor.java:1149)
	at java.util.concurrent.ThreadPoolExecutor$Worker.run(ThreadPoolExecutor.java:624)
	... 1 more
Caused by: org.apache.ratis.thirdparty.io.netty.channel.AbstractChannel$AnnotatedConnectException: Connection refused: /192.168.34.62:34777
	at sun.nio.ch.SocketChannelImpl.checkConnect(Native Method)
	at sun.nio.ch.SocketChannelImpl.finishConnect(SocketChannelImpl.java:717)
	at org.apache.ratis.thirdparty.io.netty.channel.socket.nio.NioSocketChannel.doFinishConnect(NioSocketChannel.java:327)
	at org.apache.ratis.thirdparty.io.netty.channel.nio.AbstractNioChannel$AbstractNioUnsafe.finishConnect(AbstractNioChannel.java:340)
	at org.apache.ratis.thirdparty.io.netty.channel.nio.NioEventLoop.processSelectedKey(NioEventLoop.java:632)
	at org.apache.ratis.thirdparty.io.netty.channel.nio.NioEventLoop.processSelectedKeysOptimized(NioEventLoop.java:579)
	at org.apache.ratis.thirdparty.io.netty.channel.nio.NioEventLoop.processSelectedKeys(NioEventLoop.java:496)
	at org.apache.ratis.thirdparty.io.netty.channel.nio.NioEventLoop.run(NioEventLoop.java:458)
	at org.apache.ratis.thirdparty.io.netty.util.concurrent.SingleThreadEventExecutor$5.run(SingleThreadEventExecutor.java:897)
	at org.apache.ratis.thirdparty.io.netty.util.concurrent.FastThreadLocalRunnable.run(FastThreadLocalRunnable.java:30)
	... 1 more
Caused by: java.net.ConnectException: Connection refused
	... 11 more
2019-10-17 06:48:35,717 [7c431f9d-51bc-458b-a3a6-511ec217d887@group-21BA9BD4283D-LeaderElection513] INFO  impl.LeaderElection (LogUtils.java:infoOrTrace(149)) -   Exception 1: {}
java.util.concurrent.ExecutionException: org.apache.ratis.thirdparty.io.grpc.StatusRuntimeException: UNAVAILABLE: io exception
	at java.util.concurrent.FutureTask.report(FutureTask.java:122)
	at java.util.concurrent.FutureTask.get(FutureTask.java:192)
	at org.apache.ratis.server.impl.LeaderElection.waitForResults(LeaderElection.java:259)
	at org.apache.ratis.server.impl.LeaderElection.askForVotes(LeaderElection.java:197)
	at org.apache.ratis.server.impl.LeaderElection.run(LeaderElection.java:133)
	at java.lang.Thread.run(Thread.java:748)
Caused by: org.apache.ratis.thirdparty.io.grpc.StatusRuntimeException: UNAVAILABLE: io exception
	at org.apache.ratis.thirdparty.io.grpc.stub.ClientCalls.toStatusRuntimeException(ClientCalls.java:233)
	at org.apache.ratis.thirdparty.io.grpc.stub.ClientCalls.getUnchecked(ClientCalls.java:214)
	at org.apache.ratis.thirdparty.io.grpc.stub.ClientCalls.blockingUnaryCall(ClientCalls.java:139)
	at org.apache.ratis.proto.grpc.RaftServerProtocolServiceGrpc$RaftServerProtocolServiceBlockingStub.requestVote(RaftServerProtocolServiceGrpc.java:265)
	at org.apache.ratis.grpc.server.GrpcServerProtocolClient.requestVote(GrpcServerProtocolClient.java:99)
	at org.apache.ratis.grpc.server.GrpcService.requestVote(GrpcService.java:204)
	at org.apache.ratis.server.impl.LeaderElection.lambda$submitRequests$1(LeaderElection.java:234)
	at java.util.concurrent.FutureTask.run(FutureTask.java:266)
	at java.util.concurrent.Executors$RunnableAdapter.call(Executors.java:511)
	at java.util.concurrent.FutureTask.run(FutureTask.java:266)
	at java.util.concurrent.ThreadPoolExecutor.runWorker(ThreadPoolExecutor.java:1149)
	at java.util.concurrent.ThreadPoolExecutor$Worker.run(ThreadPoolExecutor.java:624)
	... 1 more
Caused by: org.apache.ratis.thirdparty.io.netty.channel.AbstractChannel$AnnotatedConnectException: Connection refused: /192.168.34.62:37037
	at sun.nio.ch.SocketChannelImpl.checkConnect(Native Method)
	at sun.nio.ch.SocketChannelImpl.finishConnect(SocketChannelImpl.java:717)
	at org.apache.ratis.thirdparty.io.netty.channel.socket.nio.NioSocketChannel.doFinishConnect(NioSocketChannel.java:327)
	at org.apache.ratis.thirdparty.io.netty.channel.nio.AbstractNioChannel$AbstractNioUnsafe.finishConnect(AbstractNioChannel.java:340)
	at org.apache.ratis.thirdparty.io.netty.channel.nio.NioEventLoop.processSelectedKey(NioEventLoop.java:632)
	at org.apache.ratis.thirdparty.io.netty.channel.nio.NioEventLoop.processSelectedKeysOptimized(NioEventLoop.java:579)
	at org.apache.ratis.thirdparty.io.netty.channel.nio.NioEventLoop.processSelectedKeys(NioEventLoop.java:496)
	at org.apache.ratis.thirdparty.io.netty.channel.nio.NioEventLoop.run(NioEventLoop.java:458)
	at org.apache.ratis.thirdparty.io.netty.util.concurrent.SingleThreadEventExecutor$5.run(SingleThreadEventExecutor.java:897)
	at org.apache.ratis.thirdparty.io.netty.util.concurrent.FastThreadLocalRunnable.run(FastThreadLocalRunnable.java:30)
	... 1 more
Caused by: java.net.ConnectException: Connection refused
	... 11 more
2019-10-17 06:48:35,717 [7c431f9d-51bc-458b-a3a6-511ec217d887@group-21BA9BD4283D-LeaderElection513] INFO  impl.RaftServerImpl (RaftServerImpl.java:setRole(184)) - 7c431f9d-51bc-458b-a3a6-511ec217d887@group-21BA9BD4283D: changes role from CANDIDATE to FOLLOWER at term 478 for DISCOVERED_A_NEW_TERM
2019-10-17 06:48:35,717 [7c431f9d-51bc-458b-a3a6-511ec217d887@group-21BA9BD4283D-LeaderElection513] INFO  impl.RoleInfo (RoleInfo.java:shutdownLeaderElection(134)) - 7c431f9d-51bc-458b-a3a6-511ec217d887: shutdown LeaderElection
2019-10-17 06:48:35,717 [7c431f9d-51bc-458b-a3a6-511ec217d887@group-21BA9BD4283D-LeaderElection513] INFO  impl.RoleInfo (RoleInfo.java:updateAndGet(143)) - 7c431f9d-51bc-458b-a3a6-511ec217d887: start FollowerState
2019-10-17 06:48:35,759 [Thread-4075] INFO  impl.FollowerState (FollowerState.java:run(108)) - 7c431f9d-51bc-458b-a3a6-511ec217d887@group-21BA9BD4283D-FollowerState: change to CANDIDATE, lastRpcTime:41ms, electionTimeout:41ms
2019-10-17 06:48:35,759 [Thread-4075] INFO  impl.RoleInfo (RoleInfo.java:shutdownFollowerState(121)) - 7c431f9d-51bc-458b-a3a6-511ec217d887: shutdown FollowerState
2019-10-17 06:48:35,759 [Thread-4075] INFO  impl.RaftServerImpl (RaftServerImpl.java:setRole(184)) - 7c431f9d-51bc-458b-a3a6-511ec217d887@group-21BA9BD4283D: changes role from  FOLLOWER to CANDIDATE at term 478 for changeToCandidate
2019-10-17 06:48:35,759 [Thread-4075] INFO  impl.RoleInfo (RoleInfo.java:updateAndGet(143)) - 7c431f9d-51bc-458b-a3a6-511ec217d887: start LeaderElection
2019-10-17 06:48:35,765 [7c431f9d-51bc-458b-a3a6-511ec217d887@group-21BA9BD4283D-LeaderElection514] INFO  impl.LeaderElection (LeaderElection.java:askForVotes(178)) - 7c431f9d-51bc-458b-a3a6-511ec217d887@group-21BA9BD4283D-LeaderElection514: begin an election at term 479 for -1: [67f35358-9777-4ff9-96f4-8a61bc3a94fe:192.168.34.62:37037, 7c431f9d-51bc-458b-a3a6-511ec217d887:192.168.34.62:40420, b9cfa588-8e56-4331-be2f-4c26f25c6739:192.168.34.62:34777], old=null
2019-10-17 06:48:35,766 [7c431f9d-51bc-458b-a3a6-511ec217d887@group-21BA9BD4283D-LeaderElection514] INFO  impl.LeaderElection (LogUtils.java:infoOrTrace(149)) - 7c431f9d-51bc-458b-a3a6-511ec217d887@group-21BA9BD4283D-LeaderElection514 got exception when requesting votes: {}
java.util.concurrent.ExecutionException: org.apache.ratis.thirdparty.io.grpc.StatusRuntimeException: UNAVAILABLE: io exception
	at java.util.concurrent.FutureTask.report(FutureTask.java:122)
	at java.util.concurrent.FutureTask.get(FutureTask.java:192)
	at org.apache.ratis.server.impl.LeaderElection.waitForResults(LeaderElection.java:259)
	at org.apache.ratis.server.impl.LeaderElection.askForVotes(LeaderElection.java:197)
	at org.apache.ratis.server.impl.LeaderElection.run(LeaderElection.java:133)
	at java.lang.Thread.run(Thread.java:748)
Caused by: org.apache.ratis.thirdparty.io.grpc.StatusRuntimeException: UNAVAILABLE: io exception
	at org.apache.ratis.thirdparty.io.grpc.stub.ClientCalls.toStatusRuntimeException(ClientCalls.java:233)
	at org.apache.ratis.thirdparty.io.grpc.stub.ClientCalls.getUnchecked(ClientCalls.java:214)
	at org.apache.ratis.thirdparty.io.grpc.stub.ClientCalls.blockingUnaryCall(ClientCalls.java:139)
	at org.apache.ratis.proto.grpc.RaftServerProtocolServiceGrpc$RaftServerProtocolServiceBlockingStub.requestVote(RaftServerProtocolServiceGrpc.java:265)
	at org.apache.ratis.grpc.server.GrpcServerProtocolClient.requestVote(GrpcServerProtocolClient.java:99)
	at org.apache.ratis.grpc.server.GrpcService.requestVote(GrpcService.java:204)
	at org.apache.ratis.server.impl.LeaderElection.lambda$submitRequests$1(LeaderElection.java:234)
	at java.util.concurrent.FutureTask.run(FutureTask.java:266)
	at java.util.concurrent.Executors$RunnableAdapter.call(Executors.java:511)
	at java.util.concurrent.FutureTask.run(FutureTask.java:266)
	at java.util.concurrent.ThreadPoolExecutor.runWorker(ThreadPoolExecutor.java:1149)
	at java.util.concurrent.ThreadPoolExecutor$Worker.run(ThreadPoolExecutor.java:624)
	... 1 more
Caused by: org.apache.ratis.thirdparty.io.netty.channel.AbstractChannel$AnnotatedConnectException: Connection refused: /192.168.34.62:34777
	at sun.nio.ch.SocketChannelImpl.checkConnect(Native Method)
	at sun.nio.ch.SocketChannelImpl.finishConnect(SocketChannelImpl.java:717)
	at org.apache.ratis.thirdparty.io.netty.channel.socket.nio.NioSocketChannel.doFinishConnect(NioSocketChannel.java:327)
	at org.apache.ratis.thirdparty.io.netty.channel.nio.AbstractNioChannel$AbstractNioUnsafe.finishConnect(AbstractNioChannel.java:340)
	at org.apache.ratis.thirdparty.io.netty.channel.nio.NioEventLoop.processSelectedKey(NioEventLoop.java:632)
	at org.apache.ratis.thirdparty.io.netty.channel.nio.NioEventLoop.processSelectedKeysOptimized(NioEventLoop.java:579)
	at org.apache.ratis.thirdparty.io.netty.channel.nio.NioEventLoop.processSelectedKeys(NioEventLoop.java:496)
	at org.apache.ratis.thirdparty.io.netty.channel.nio.NioEventLoop.run(NioEventLoop.java:458)
	at org.apache.ratis.thirdparty.io.netty.util.concurrent.SingleThreadEventExecutor$5.run(SingleThreadEventExecutor.java:897)
	at org.apache.ratis.thirdparty.io.netty.util.concurrent.FastThreadLocalRunnable.run(FastThreadLocalRunnable.java:30)
	... 1 more
Caused by: java.net.ConnectException: Connection refused
	... 11 more
2019-10-17 06:48:35,767 [7c431f9d-51bc-458b-a3a6-511ec217d887@group-21BA9BD4283D-LeaderElection514] INFO  impl.LeaderElection (LogUtils.java:infoOrTrace(149)) - 7c431f9d-51bc-458b-a3a6-511ec217d887@group-21BA9BD4283D-LeaderElection514 got exception when requesting votes: {}
java.util.concurrent.ExecutionException: org.apache.ratis.thirdparty.io.grpc.StatusRuntimeException: UNAVAILABLE: io exception
	at java.util.concurrent.FutureTask.report(FutureTask.java:122)
	at java.util.concurrent.FutureTask.get(FutureTask.java:192)
	at org.apache.ratis.server.impl.LeaderElection.waitForResults(LeaderElection.java:259)
	at org.apache.ratis.server.impl.LeaderElection.askForVotes(LeaderElection.java:197)
	at org.apache.ratis.server.impl.LeaderElection.run(LeaderElection.java:133)
	at java.lang.Thread.run(Thread.java:748)
Caused by: org.apache.ratis.thirdparty.io.grpc.StatusRuntimeException: UNAVAILABLE: io exception
	at org.apache.ratis.thirdparty.io.grpc.stub.ClientCalls.toStatusRuntimeException(ClientCalls.java:233)
	at org.apache.ratis.thirdparty.io.grpc.stub.ClientCalls.getUnchecked(ClientCalls.java:214)
	at org.apache.ratis.thirdparty.io.grpc.stub.ClientCalls.blockingUnaryCall(ClientCalls.java:139)
	at org.apache.ratis.proto.grpc.RaftServerProtocolServiceGrpc$RaftServerProtocolServiceBlockingStub.requestVote(RaftServerProtocolServiceGrpc.java:265)
	at org.apache.ratis.grpc.server.GrpcServerProtocolClient.requestVote(GrpcServerProtocolClient.java:99)
	at org.apache.ratis.grpc.server.GrpcService.requestVote(GrpcService.java:204)
	at org.apache.ratis.server.impl.LeaderElection.lambda$submitRequests$1(LeaderElection.java:234)
	at java.util.concurrent.FutureTask.run(FutureTask.java:266)
	at java.util.concurrent.Executors$RunnableAdapter.call(Executors.java:511)
	at java.util.concurrent.FutureTask.run(FutureTask.java:266)
	at java.util.concurrent.ThreadPoolExecutor.runWorker(ThreadPoolExecutor.java:1149)
	at java.util.concurrent.ThreadPoolExecutor$Worker.run(ThreadPoolExecutor.java:624)
	... 1 more
Caused by: org.apache.ratis.thirdparty.io.netty.channel.AbstractChannel$AnnotatedConnectException: Connection refused: /192.168.34.62:37037
	at sun.nio.ch.SocketChannelImpl.checkConnect(Native Method)
	at sun.nio.ch.SocketChannelImpl.finishConnect(SocketChannelImpl.java:717)
	at org.apache.ratis.thirdparty.io.netty.channel.socket.nio.NioSocketChannel.doFinishConnect(NioSocketChannel.java:327)
	at org.apache.ratis.thirdparty.io.netty.channel.nio.AbstractNioChannel$AbstractNioUnsafe.finishConnect(AbstractNioChannel.java:340)
	at org.apache.ratis.thirdparty.io.netty.channel.nio.NioEventLoop.processSelectedKey(NioEventLoop.java:632)
	at org.apache.ratis.thirdparty.io.netty.channel.nio.NioEventLoop.processSelectedKeysOptimized(NioEventLoop.java:579)
	at org.apache.ratis.thirdparty.io.netty.channel.nio.NioEventLoop.processSelectedKeys(NioEventLoop.java:496)
	at org.apache.ratis.thirdparty.io.netty.channel.nio.NioEventLoop.run(NioEventLoop.java:458)
	at org.apache.ratis.thirdparty.io.netty.util.concurrent.SingleThreadEventExecutor$5.run(SingleThreadEventExecutor.java:897)
	at org.apache.ratis.thirdparty.io.netty.util.concurrent.FastThreadLocalRunnable.run(FastThreadLocalRunnable.java:30)
	... 1 more
Caused by: java.net.ConnectException: Connection refused
	... 11 more
2019-10-17 06:48:35,768 [7c431f9d-51bc-458b-a3a6-511ec217d887@group-21BA9BD4283D-LeaderElection514] INFO  impl.LeaderElection (LeaderElection.java:logAndReturn(56)) - 7c431f9d-51bc-458b-a3a6-511ec217d887@group-21BA9BD4283D-LeaderElection514: Election REJECTED; received 0 response(s) [] and 2 exception(s); 7c431f9d-51bc-458b-a3a6-511ec217d887@group-21BA9BD4283D:t479, leader=null, voted=7c431f9d-51bc-458b-a3a6-511ec217d887, raftlog=7c431f9d-51bc-458b-a3a6-511ec217d887@group-21BA9BD4283D-SegmentedRaftLog:OPENED:c-1,f-1,i0, conf=-1: [67f35358-9777-4ff9-96f4-8a61bc3a94fe:192.168.34.62:37037, 7c431f9d-51bc-458b-a3a6-511ec217d887:192.168.34.62:40420, b9cfa588-8e56-4331-be2f-4c26f25c6739:192.168.34.62:34777], old=null
2019-10-17 06:48:35,768 [7c431f9d-51bc-458b-a3a6-511ec217d887@group-21BA9BD4283D-LeaderElection514] INFO  impl.LeaderElection (LogUtils.java:infoOrTrace(149)) -   Exception 0: {}
java.util.concurrent.ExecutionException: org.apache.ratis.thirdparty.io.grpc.StatusRuntimeException: UNAVAILABLE: io exception
	at java.util.concurrent.FutureTask.report(FutureTask.java:122)
	at java.util.concurrent.FutureTask.get(FutureTask.java:192)
	at org.apache.ratis.server.impl.LeaderElection.waitForResults(LeaderElection.java:259)
	at org.apache.ratis.server.impl.LeaderElection.askForVotes(LeaderElection.java:197)
	at org.apache.ratis.server.impl.LeaderElection.run(LeaderElection.java:133)
	at java.lang.Thread.run(Thread.java:748)
Caused by: org.apache.ratis.thirdparty.io.grpc.StatusRuntimeException: UNAVAILABLE: io exception
	at org.apache.ratis.thirdparty.io.grpc.stub.ClientCalls.toStatusRuntimeException(ClientCalls.java:233)
	at org.apache.ratis.thirdparty.io.grpc.stub.ClientCalls.getUnchecked(ClientCalls.java:214)
	at org.apache.ratis.thirdparty.io.grpc.stub.ClientCalls.blockingUnaryCall(ClientCalls.java:139)
	at org.apache.ratis.proto.grpc.RaftServerProtocolServiceGrpc$RaftServerProtocolServiceBlockingStub.requestVote(RaftServerProtocolServiceGrpc.java:265)
	at org.apache.ratis.grpc.server.GrpcServerProtocolClient.requestVote(GrpcServerProtocolClient.java:99)
	at org.apache.ratis.grpc.server.GrpcService.requestVote(GrpcService.java:204)
	at org.apache.ratis.server.impl.LeaderElection.lambda$submitRequests$1(LeaderElection.java:234)
	at java.util.concurrent.FutureTask.run(FutureTask.java:266)
	at java.util.concurrent.Executors$RunnableAdapter.call(Executors.java:511)
	at java.util.concurrent.FutureTask.run(FutureTask.java:266)
	at java.util.concurrent.ThreadPoolExecutor.runWorker(ThreadPoolExecutor.java:1149)
	at java.util.concurrent.ThreadPoolExecutor$Worker.run(ThreadPoolExecutor.java:624)
	... 1 more
Caused by: org.apache.ratis.thirdparty.io.netty.channel.AbstractChannel$AnnotatedConnectException: Connection refused: /192.168.34.62:34777
	at sun.nio.ch.SocketChannelImpl.checkConnect(Native Method)
	at sun.nio.ch.SocketChannelImpl.finishConnect(SocketChannelImpl.java:717)
	at org.apache.ratis.thirdparty.io.netty.channel.socket.nio.NioSocketChannel.doFinishConnect(NioSocketChannel.java:327)
	at org.apache.ratis.thirdparty.io.netty.channel.nio.AbstractNioChannel$AbstractNioUnsafe.finishConnect(AbstractNioChannel.java:340)
	at org.apache.ratis.thirdparty.io.netty.channel.nio.NioEventLoop.processSelectedKey(NioEventLoop.java:632)
	at org.apache.ratis.thirdparty.io.netty.channel.nio.NioEventLoop.processSelectedKeysOptimized(NioEventLoop.java:579)
	at org.apache.ratis.thirdparty.io.netty.channel.nio.NioEventLoop.processSelectedKeys(NioEventLoop.java:496)
	at org.apache.ratis.thirdparty.io.netty.channel.nio.NioEventLoop.run(NioEventLoop.java:458)
	at org.apache.ratis.thirdparty.io.netty.util.concurrent.SingleThreadEventExecutor$5.run(SingleThreadEventExecutor.java:897)
	at org.apache.ratis.thirdparty.io.netty.util.concurrent.FastThreadLocalRunnable.run(FastThreadLocalRunnable.java:30)
	... 1 more
Caused by: java.net.ConnectException: Connection refused
	... 11 more
2019-10-17 06:48:35,768 [7c431f9d-51bc-458b-a3a6-511ec217d887@group-21BA9BD4283D-LeaderElection514] INFO  impl.LeaderElection (LogUtils.java:infoOrTrace(149)) -   Exception 1: {}
java.util.concurrent.ExecutionException: org.apache.ratis.thirdparty.io.grpc.StatusRuntimeException: UNAVAILABLE: io exception
	at java.util.concurrent.FutureTask.report(FutureTask.java:122)
	at java.util.concurrent.FutureTask.get(FutureTask.java:192)
	at org.apache.ratis.server.impl.LeaderElection.waitForResults(LeaderElection.java:259)
	at org.apache.ratis.server.impl.LeaderElection.askForVotes(LeaderElection.java:197)
	at org.apache.ratis.server.impl.LeaderElection.run(LeaderElection.java:133)
	at java.lang.Thread.run(Thread.java:748)
Caused by: org.apache.ratis.thirdparty.io.grpc.StatusRuntimeException: UNAVAILABLE: io exception
	at org.apache.ratis.thirdparty.io.grpc.stub.ClientCalls.toStatusRuntimeException(ClientCalls.java:233)
	at org.apache.ratis.thirdparty.io.grpc.stub.ClientCalls.getUnchecked(ClientCalls.java:214)
	at org.apache.ratis.thirdparty.io.grpc.stub.ClientCalls.blockingUnaryCall(ClientCalls.java:139)
	at org.apache.ratis.proto.grpc.RaftServerProtocolServiceGrpc$RaftServerProtocolServiceBlockingStub.requestVote(RaftServerProtocolServiceGrpc.java:265)
	at org.apache.ratis.grpc.server.GrpcServerProtocolClient.requestVote(GrpcServerProtocolClient.java:99)
	at org.apache.ratis.grpc.server.GrpcService.requestVote(GrpcService.java:204)
	at org.apache.ratis.server.impl.LeaderElection.lambda$submitRequests$1(LeaderElection.java:234)
	at java.util.concurrent.FutureTask.run(FutureTask.java:266)
	at java.util.concurrent.Executors$RunnableAdapter.call(Executors.java:511)
	at java.util.concurrent.FutureTask.run(FutureTask.java:266)
	at java.util.concurrent.ThreadPoolExecutor.runWorker(ThreadPoolExecutor.java:1149)
	at java.util.concurrent.ThreadPoolExecutor$Worker.run(ThreadPoolExecutor.java:624)
	... 1 more
Caused by: org.apache.ratis.thirdparty.io.netty.channel.AbstractChannel$AnnotatedConnectException: Connection refused: /192.168.34.62:37037
	at sun.nio.ch.SocketChannelImpl.checkConnect(Native Method)
	at sun.nio.ch.SocketChannelImpl.finishConnect(SocketChannelImpl.java:717)
	at org.apache.ratis.thirdparty.io.netty.channel.socket.nio.NioSocketChannel.doFinishConnect(NioSocketChannel.java:327)
	at org.apache.ratis.thirdparty.io.netty.channel.nio.AbstractNioChannel$AbstractNioUnsafe.finishConnect(AbstractNioChannel.java:340)
	at org.apache.ratis.thirdparty.io.netty.channel.nio.NioEventLoop.processSelectedKey(NioEventLoop.java:632)
	at org.apache.ratis.thirdparty.io.netty.channel.nio.NioEventLoop.processSelectedKeysOptimized(NioEventLoop.java:579)
	at org.apache.ratis.thirdparty.io.netty.channel.nio.NioEventLoop.processSelectedKeys(NioEventLoop.java:496)
	at org.apache.ratis.thirdparty.io.netty.channel.nio.NioEventLoop.run(NioEventLoop.java:458)
	at org.apache.ratis.thirdparty.io.netty.util.concurrent.SingleThreadEventExecutor$5.run(SingleThreadEventExecutor.java:897)
	at org.apache.ratis.thirdparty.io.netty.util.concurrent.FastThreadLocalRunnable.run(FastThreadLocalRunnable.java:30)
	... 1 more
Caused by: java.net.ConnectException: Connection refused
	... 11 more
2019-10-17 06:48:35,768 [7c431f9d-51bc-458b-a3a6-511ec217d887@group-21BA9BD4283D-LeaderElection514] INFO  impl.RaftServerImpl (RaftServerImpl.java:setRole(184)) - 7c431f9d-51bc-458b-a3a6-511ec217d887@group-21BA9BD4283D: changes role from CANDIDATE to FOLLOWER at term 479 for DISCOVERED_A_NEW_TERM
2019-10-17 06:48:35,768 [7c431f9d-51bc-458b-a3a6-511ec217d887@group-21BA9BD4283D-LeaderElection514] INFO  impl.RoleInfo (RoleInfo.java:shutdownLeaderElection(134)) - 7c431f9d-51bc-458b-a3a6-511ec217d887: shutdown LeaderElection
2019-10-17 06:48:35,769 [7c431f9d-51bc-458b-a3a6-511ec217d887@group-21BA9BD4283D-LeaderElection514] INFO  impl.RoleInfo (RoleInfo.java:updateAndGet(143)) - 7c431f9d-51bc-458b-a3a6-511ec217d887: start FollowerState
2019-10-17 06:48:35,908 [Thread-4079] INFO  impl.FollowerState (FollowerState.java:run(108)) - 7c431f9d-51bc-458b-a3a6-511ec217d887@group-21BA9BD4283D-FollowerState: change to CANDIDATE, lastRpcTime:139ms, electionTimeout:139ms
2019-10-17 06:48:35,908 [Thread-4079] INFO  impl.RoleInfo (RoleInfo.java:shutdownFollowerState(121)) - 7c431f9d-51bc-458b-a3a6-511ec217d887: shutdown FollowerState
2019-10-17 06:48:35,908 [Thread-4079] INFO  impl.RaftServerImpl (RaftServerImpl.java:setRole(184)) - 7c431f9d-51bc-458b-a3a6-511ec217d887@group-21BA9BD4283D: changes role from  FOLLOWER to CANDIDATE at term 479 for changeToCandidate
2019-10-17 06:48:35,908 [Thread-4079] INFO  impl.RoleInfo (RoleInfo.java:updateAndGet(143)) - 7c431f9d-51bc-458b-a3a6-511ec217d887: start LeaderElection
2019-10-17 06:48:35,922 [7c431f9d-51bc-458b-a3a6-511ec217d887@group-21BA9BD4283D-LeaderElection515] INFO  impl.LeaderElection (LeaderElection.java:askForVotes(178)) - 7c431f9d-51bc-458b-a3a6-511ec217d887@group-21BA9BD4283D-LeaderElection515: begin an election at term 480 for -1: [67f35358-9777-4ff9-96f4-8a61bc3a94fe:192.168.34.62:37037, 7c431f9d-51bc-458b-a3a6-511ec217d887:192.168.34.62:40420, b9cfa588-8e56-4331-be2f-4c26f25c6739:192.168.34.62:34777], old=null
2019-10-17 06:48:35,923 [7c431f9d-51bc-458b-a3a6-511ec217d887@group-21BA9BD4283D-LeaderElection515] INFO  impl.LeaderElection (LogUtils.java:infoOrTrace(149)) - 7c431f9d-51bc-458b-a3a6-511ec217d887@group-21BA9BD4283D-LeaderElection515 got exception when requesting votes: {}
java.util.concurrent.ExecutionException: org.apache.ratis.thirdparty.io.grpc.StatusRuntimeException: UNAVAILABLE: io exception
	at java.util.concurrent.FutureTask.report(FutureTask.java:122)
	at java.util.concurrent.FutureTask.get(FutureTask.java:192)
	at org.apache.ratis.server.impl.LeaderElection.waitForResults(LeaderElection.java:259)
	at org.apache.ratis.server.impl.LeaderElection.askForVotes(LeaderElection.java:197)
	at org.apache.ratis.server.impl.LeaderElection.run(LeaderElection.java:133)
	at java.lang.Thread.run(Thread.java:748)
Caused by: org.apache.ratis.thirdparty.io.grpc.StatusRuntimeException: UNAVAILABLE: io exception
	at org.apache.ratis.thirdparty.io.grpc.stub.ClientCalls.toStatusRuntimeException(ClientCalls.java:233)
	at org.apache.ratis.thirdparty.io.grpc.stub.ClientCalls.getUnchecked(ClientCalls.java:214)
	at org.apache.ratis.thirdparty.io.grpc.stub.ClientCalls.blockingUnaryCall(ClientCalls.java:139)
	at org.apache.ratis.proto.grpc.RaftServerProtocolServiceGrpc$RaftServerProtocolServiceBlockingStub.requestVote(RaftServerProtocolServiceGrpc.java:265)
	at org.apache.ratis.grpc.server.GrpcServerProtocolClient.requestVote(GrpcServerProtocolClient.java:99)
	at org.apache.ratis.grpc.server.GrpcService.requestVote(GrpcService.java:204)
	at org.apache.ratis.server.impl.LeaderElection.lambda$submitRequests$1(LeaderElection.java:234)
	at java.util.concurrent.FutureTask.run(FutureTask.java:266)
	at java.util.concurrent.Executors$RunnableAdapter.call(Executors.java:511)
	at java.util.concurrent.FutureTask.run(FutureTask.java:266)
	at java.util.concurrent.ThreadPoolExecutor.runWorker(ThreadPoolExecutor.java:1149)
	at java.util.concurrent.ThreadPoolExecutor$Worker.run(ThreadPoolExecutor.java:624)
	... 1 more
Caused by: org.apache.ratis.thirdparty.io.netty.channel.AbstractChannel$AnnotatedConnectException: Connection refused: /192.168.34.62:37037
	at sun.nio.ch.SocketChannelImpl.checkConnect(Native Method)
	at sun.nio.ch.SocketChannelImpl.finishConnect(SocketChannelImpl.java:717)
	at org.apache.ratis.thirdparty.io.netty.channel.socket.nio.NioSocketChannel.doFinishConnect(NioSocketChannel.java:327)
	at org.apache.ratis.thirdparty.io.netty.channel.nio.AbstractNioChannel$AbstractNioUnsafe.finishConnect(AbstractNioChannel.java:340)
	at org.apache.ratis.thirdparty.io.netty.channel.nio.NioEventLoop.processSelectedKey(NioEventLoop.java:632)
	at org.apache.ratis.thirdparty.io.netty.channel.nio.NioEventLoop.processSelectedKeysOptimized(NioEventLoop.java:579)
	at org.apache.ratis.thirdparty.io.netty.channel.nio.NioEventLoop.processSelectedKeys(NioEventLoop.java:496)
	at org.apache.ratis.thirdparty.io.netty.channel.nio.NioEventLoop.run(NioEventLoop.java:458)
	at org.apache.ratis.thirdparty.io.netty.util.concurrent.SingleThreadEventExecutor$5.run(SingleThreadEventExecutor.java:897)
	at org.apache.ratis.thirdparty.io.netty.util.concurrent.FastThreadLocalRunnable.run(FastThreadLocalRunnable.java:30)
	... 1 more
Caused by: java.net.ConnectException: Connection refused
	... 11 more
2019-10-17 06:48:35,924 [7c431f9d-51bc-458b-a3a6-511ec217d887@group-21BA9BD4283D-LeaderElection515] INFO  impl.LeaderElection (LogUtils.java:infoOrTrace(149)) - 7c431f9d-51bc-458b-a3a6-511ec217d887@group-21BA9BD4283D-LeaderElection515 got exception when requesting votes: {}
java.util.concurrent.ExecutionException: org.apache.ratis.thirdparty.io.grpc.StatusRuntimeException: UNAVAILABLE: io exception
	at java.util.concurrent.FutureTask.report(FutureTask.java:122)
	at java.util.concurrent.FutureTask.get(FutureTask.java:192)
	at org.apache.ratis.server.impl.LeaderElection.waitForResults(LeaderElection.java:259)
	at org.apache.ratis.server.impl.LeaderElection.askForVotes(LeaderElection.java:197)
	at org.apache.ratis.server.impl.LeaderElection.run(LeaderElection.java:133)
	at java.lang.Thread.run(Thread.java:748)
Caused by: org.apache.ratis.thirdparty.io.grpc.StatusRuntimeException: UNAVAILABLE: io exception
	at org.apache.ratis.thirdparty.io.grpc.stub.ClientCalls.toStatusRuntimeException(ClientCalls.java:233)
	at org.apache.ratis.thirdparty.io.grpc.stub.ClientCalls.getUnchecked(ClientCalls.java:214)
	at org.apache.ratis.thirdparty.io.grpc.stub.ClientCalls.blockingUnaryCall(ClientCalls.java:139)
	at org.apache.ratis.proto.grpc.RaftServerProtocolServiceGrpc$RaftServerProtocolServiceBlockingStub.requestVote(RaftServerProtocolServiceGrpc.java:265)
	at org.apache.ratis.grpc.server.GrpcServerProtocolClient.requestVote(GrpcServerProtocolClient.java:99)
	at org.apache.ratis.grpc.server.GrpcService.requestVote(GrpcService.java:204)
	at org.apache.ratis.server.impl.LeaderElection.lambda$submitRequests$1(LeaderElection.java:234)
	at java.util.concurrent.FutureTask.run(FutureTask.java:266)
	at java.util.concurrent.Executors$RunnableAdapter.call(Executors.java:511)
	at java.util.concurrent.FutureTask.run(FutureTask.java:266)
	at java.util.concurrent.ThreadPoolExecutor.runWorker(ThreadPoolExecutor.java:1149)
	at java.util.concurrent.ThreadPoolExecutor$Worker.run(ThreadPoolExecutor.java:624)
	... 1 more
Caused by: org.apache.ratis.thirdparty.io.netty.channel.AbstractChannel$AnnotatedConnectException: Connection refused: /192.168.34.62:34777
	at sun.nio.ch.SocketChannelImpl.checkConnect(Native Method)
	at sun.nio.ch.SocketChannelImpl.finishConnect(SocketChannelImpl.java:717)
	at org.apache.ratis.thirdparty.io.netty.channel.socket.nio.NioSocketChannel.doFinishConnect(NioSocketChannel.java:327)
	at org.apache.ratis.thirdparty.io.netty.channel.nio.AbstractNioChannel$AbstractNioUnsafe.finishConnect(AbstractNioChannel.java:340)
	at org.apache.ratis.thirdparty.io.netty.channel.nio.NioEventLoop.processSelectedKey(NioEventLoop.java:632)
	at org.apache.ratis.thirdparty.io.netty.channel.nio.NioEventLoop.processSelectedKeysOptimized(NioEventLoop.java:579)
	at org.apache.ratis.thirdparty.io.netty.channel.nio.NioEventLoop.processSelectedKeys(NioEventLoop.java:496)
	at org.apache.ratis.thirdparty.io.netty.channel.nio.NioEventLoop.run(NioEventLoop.java:458)
	at org.apache.ratis.thirdparty.io.netty.util.concurrent.SingleThreadEventExecutor$5.run(SingleThreadEventExecutor.java:897)
	at org.apache.ratis.thirdparty.io.netty.util.concurrent.FastThreadLocalRunnable.run(FastThreadLocalRunnable.java:30)
	... 1 more
Caused by: java.net.ConnectException: Connection refused
	... 11 more
2019-10-17 06:48:35,925 [7c431f9d-51bc-458b-a3a6-511ec217d887@group-21BA9BD4283D-LeaderElection515] INFO  impl.LeaderElection (LeaderElection.java:logAndReturn(56)) - 7c431f9d-51bc-458b-a3a6-511ec217d887@group-21BA9BD4283D-LeaderElection515: Election REJECTED; received 0 response(s) [] and 2 exception(s); 7c431f9d-51bc-458b-a3a6-511ec217d887@group-21BA9BD4283D:t480, leader=null, voted=7c431f9d-51bc-458b-a3a6-511ec217d887, raftlog=7c431f9d-51bc-458b-a3a6-511ec217d887@group-21BA9BD4283D-SegmentedRaftLog:OPENED:c-1,f-1,i0, conf=-1: [67f35358-9777-4ff9-96f4-8a61bc3a94fe:192.168.34.62:37037, 7c431f9d-51bc-458b-a3a6-511ec217d887:192.168.34.62:40420, b9cfa588-8e56-4331-be2f-4c26f25c6739:192.168.34.62:34777], old=null
2019-10-17 06:48:35,925 [7c431f9d-51bc-458b-a3a6-511ec217d887@group-21BA9BD4283D-LeaderElection515] INFO  impl.LeaderElection (LogUtils.java:infoOrTrace(149)) -   Exception 0: {}
java.util.concurrent.ExecutionException: org.apache.ratis.thirdparty.io.grpc.StatusRuntimeException: UNAVAILABLE: io exception
	at java.util.concurrent.FutureTask.report(FutureTask.java:122)
	at java.util.concurrent.FutureTask.get(FutureTask.java:192)
	at org.apache.ratis.server.impl.LeaderElection.waitForResults(LeaderElection.java:259)
	at org.apache.ratis.server.impl.LeaderElection.askForVotes(LeaderElection.java:197)
	at org.apache.ratis.server.impl.LeaderElection.run(LeaderElection.java:133)
	at java.lang.Thread.run(Thread.java:748)
Caused by: org.apache.ratis.thirdparty.io.grpc.StatusRuntimeException: UNAVAILABLE: io exception
	at org.apache.ratis.thirdparty.io.grpc.stub.ClientCalls.toStatusRuntimeException(ClientCalls.java:233)
	at org.apache.ratis.thirdparty.io.grpc.stub.ClientCalls.getUnchecked(ClientCalls.java:214)
	at org.apache.ratis.thirdparty.io.grpc.stub.ClientCalls.blockingUnaryCall(ClientCalls.java:139)
	at org.apache.ratis.proto.grpc.RaftServerProtocolServiceGrpc$RaftServerProtocolServiceBlockingStub.requestVote(RaftServerProtocolServiceGrpc.java:265)
	at org.apache.ratis.grpc.server.GrpcServerProtocolClient.requestVote(GrpcServerProtocolClient.java:99)
	at org.apache.ratis.grpc.server.GrpcService.requestVote(GrpcService.java:204)
	at org.apache.ratis.server.impl.LeaderElection.lambda$submitRequests$1(LeaderElection.java:234)
	at java.util.concurrent.FutureTask.run(FutureTask.java:266)
	at java.util.concurrent.Executors$RunnableAdapter.call(Executors.java:511)
	at java.util.concurrent.FutureTask.run(FutureTask.java:266)
	at java.util.concurrent.ThreadPoolExecutor.runWorker(ThreadPoolExecutor.java:1149)
	at java.util.concurrent.ThreadPoolExecutor$Worker.run(ThreadPoolExecutor.java:624)
	... 1 more
Caused by: org.apache.ratis.thirdparty.io.netty.channel.AbstractChannel$AnnotatedConnectException: Connection refused: /192.168.34.62:37037
	at sun.nio.ch.SocketChannelImpl.checkConnect(Native Method)
	at sun.nio.ch.SocketChannelImpl.finishConnect(SocketChannelImpl.java:717)
	at org.apache.ratis.thirdparty.io.netty.channel.socket.nio.NioSocketChannel.doFinishConnect(NioSocketChannel.java:327)
	at org.apache.ratis.thirdparty.io.netty.channel.nio.AbstractNioChannel$AbstractNioUnsafe.finishConnect(AbstractNioChannel.java:340)
	at org.apache.ratis.thirdparty.io.netty.channel.nio.NioEventLoop.processSelectedKey(NioEventLoop.java:632)
	at org.apache.ratis.thirdparty.io.netty.channel.nio.NioEventLoop.processSelectedKeysOptimized(NioEventLoop.java:579)
	at org.apache.ratis.thirdparty.io.netty.channel.nio.NioEventLoop.processSelectedKeys(NioEventLoop.java:496)
	at org.apache.ratis.thirdparty.io.netty.channel.nio.NioEventLoop.run(NioEventLoop.java:458)
	at org.apache.ratis.thirdparty.io.netty.util.concurrent.SingleThreadEventExecutor$5.run(SingleThreadEventExecutor.java:897)
	at org.apache.ratis.thirdparty.io.netty.util.concurrent.FastThreadLocalRunnable.run(FastThreadLocalRunnable.java:30)
	... 1 more
Caused by: java.net.ConnectException: Connection refused
	... 11 more
2019-10-17 06:48:35,926 [7c431f9d-51bc-458b-a3a6-511ec217d887@group-21BA9BD4283D-LeaderElection515] INFO  impl.LeaderElection (LogUtils.java:infoOrTrace(149)) -   Exception 1: {}
java.util.concurrent.ExecutionException: org.apache.ratis.thirdparty.io.grpc.StatusRuntimeException: UNAVAILABLE: io exception
	at java.util.concurrent.FutureTask.report(FutureTask.java:122)
	at java.util.concurrent.FutureTask.get(FutureTask.java:192)
	at org.apache.ratis.server.impl.LeaderElection.waitForResults(LeaderElection.java:259)
	at org.apache.ratis.server.impl.LeaderElection.askForVotes(LeaderElection.java:197)
	at org.apache.ratis.server.impl.LeaderElection.run(LeaderElection.java:133)
	at java.lang.Thread.run(Thread.java:748)
Caused by: org.apache.ratis.thirdparty.io.grpc.StatusRuntimeException: UNAVAILABLE: io exception
	at org.apache.ratis.thirdparty.io.grpc.stub.ClientCalls.toStatusRuntimeException(ClientCalls.java:233)
	at org.apache.ratis.thirdparty.io.grpc.stub.ClientCalls.getUnchecked(ClientCalls.java:214)
	at org.apache.ratis.thirdparty.io.grpc.stub.ClientCalls.blockingUnaryCall(ClientCalls.java:139)
	at org.apache.ratis.proto.grpc.RaftServerProtocolServiceGrpc$RaftServerProtocolServiceBlockingStub.requestVote(RaftServerProtocolServiceGrpc.java:265)
	at org.apache.ratis.grpc.server.GrpcServerProtocolClient.requestVote(GrpcServerProtocolClient.java:99)
	at org.apache.ratis.grpc.server.GrpcService.requestVote(GrpcService.java:204)
	at org.apache.ratis.server.impl.LeaderElection.lambda$submitRequests$1(LeaderElection.java:234)
	at java.util.concurrent.FutureTask.run(FutureTask.java:266)
	at java.util.concurrent.Executors$RunnableAdapter.call(Executors.java:511)
	at java.util.concurrent.FutureTask.run(FutureTask.java:266)
	at java.util.concurrent.ThreadPoolExecutor.runWorker(ThreadPoolExecutor.java:1149)
	at java.util.concurrent.ThreadPoolExecutor$Worker.run(ThreadPoolExecutor.java:624)
	... 1 more
Caused by: org.apache.ratis.thirdparty.io.netty.channel.AbstractChannel$AnnotatedConnectException: Connection refused: /192.168.34.62:34777
	at sun.nio.ch.SocketChannelImpl.checkConnect(Native Method)
	at sun.nio.ch.SocketChannelImpl.finishConnect(SocketChannelImpl.java:717)
	at org.apache.ratis.thirdparty.io.netty.channel.socket.nio.NioSocketChannel.doFinishConnect(NioSocketChannel.java:327)
	at org.apache.ratis.thirdparty.io.netty.channel.nio.AbstractNioChannel$AbstractNioUnsafe.finishConnect(AbstractNioChannel.java:340)
	at org.apache.ratis.thirdparty.io.netty.channel.nio.NioEventLoop.processSelectedKey(NioEventLoop.java:632)
	at org.apache.ratis.thirdparty.io.netty.channel.nio.NioEventLoop.processSelectedKeysOptimized(NioEventLoop.java:579)
	at org.apache.ratis.thirdparty.io.netty.channel.nio.NioEventLoop.processSelectedKeys(NioEventLoop.java:496)
	at org.apache.ratis.thirdparty.io.netty.channel.nio.NioEventLoop.run(NioEventLoop.java:458)
	at org.apache.ratis.thirdparty.io.netty.util.concurrent.SingleThreadEventExecutor$5.run(SingleThreadEventExecutor.java:897)
	at org.apache.ratis.thirdparty.io.netty.util.concurrent.FastThreadLocalRunnable.run(FastThreadLocalRunnable.java:30)
	... 1 more
Caused by: java.net.ConnectException: Connection refused
	... 11 more
2019-10-17 06:48:35,926 [7c431f9d-51bc-458b-a3a6-511ec217d887@group-21BA9BD4283D-LeaderElection515] INFO  impl.RaftServerImpl (RaftServerImpl.java:setRole(184)) - 7c431f9d-51bc-458b-a3a6-511ec217d887@group-21BA9BD4283D: changes role from CANDIDATE to FOLLOWER at term 480 for DISCOVERED_A_NEW_TERM
2019-10-17 06:48:35,926 [7c431f9d-51bc-458b-a3a6-511ec217d887@group-21BA9BD4283D-LeaderElection515] INFO  impl.RoleInfo (RoleInfo.java:shutdownLeaderElection(134)) - 7c431f9d-51bc-458b-a3a6-511ec217d887: shutdown LeaderElection
2019-10-17 06:48:35,926 [7c431f9d-51bc-458b-a3a6-511ec217d887@group-21BA9BD4283D-LeaderElection515] INFO  impl.RoleInfo (RoleInfo.java:updateAndGet(143)) - 7c431f9d-51bc-458b-a3a6-511ec217d887: start FollowerState
2019-10-17 06:48:35,937 [Thread-4083] INFO  impl.FollowerState (FollowerState.java:run(108)) - 7c431f9d-51bc-458b-a3a6-511ec217d887@group-21BA9BD4283D-FollowerState: change to CANDIDATE, lastRpcTime:11ms, electionTimeout:11ms
2019-10-17 06:48:35,938 [Thread-4083] INFO  impl.RoleInfo (RoleInfo.java:shutdownFollowerState(121)) - 7c431f9d-51bc-458b-a3a6-511ec217d887: shutdown FollowerState
2019-10-17 06:48:35,938 [Thread-4083] INFO  impl.RaftServerImpl (RaftServerImpl.java:setRole(184)) - 7c431f9d-51bc-458b-a3a6-511ec217d887@group-21BA9BD4283D: changes role from  FOLLOWER to CANDIDATE at term 480 for changeToCandidate
2019-10-17 06:48:35,938 [Thread-4083] INFO  impl.RoleInfo (RoleInfo.java:updateAndGet(143)) - 7c431f9d-51bc-458b-a3a6-511ec217d887: start LeaderElection
2019-10-17 06:48:35,947 [7c431f9d-51bc-458b-a3a6-511ec217d887@group-21BA9BD4283D-LeaderElection516] INFO  impl.LeaderElection (LeaderElection.java:askForVotes(178)) - 7c431f9d-51bc-458b-a3a6-511ec217d887@group-21BA9BD4283D-LeaderElection516: begin an election at term 481 for -1: [67f35358-9777-4ff9-96f4-8a61bc3a94fe:192.168.34.62:37037, 7c431f9d-51bc-458b-a3a6-511ec217d887:192.168.34.62:40420, b9cfa588-8e56-4331-be2f-4c26f25c6739:192.168.34.62:34777], old=null
2019-10-17 06:48:35,948 [7c431f9d-51bc-458b-a3a6-511ec217d887@group-21BA9BD4283D-LeaderElection516] INFO  impl.LeaderElection (LogUtils.java:infoOrTrace(149)) - 7c431f9d-51bc-458b-a3a6-511ec217d887@group-21BA9BD4283D-LeaderElection516 got exception when requesting votes: {}
java.util.concurrent.ExecutionException: org.apache.ratis.thirdparty.io.grpc.StatusRuntimeException: UNAVAILABLE: io exception
	at java.util.concurrent.FutureTask.report(FutureTask.java:122)
	at java.util.concurrent.FutureTask.get(FutureTask.java:192)
	at org.apache.ratis.server.impl.LeaderElection.waitForResults(LeaderElection.java:259)
	at org.apache.ratis.server.impl.LeaderElection.askForVotes(LeaderElection.java:197)
	at org.apache.ratis.server.impl.LeaderElection.run(LeaderElection.java:133)
	at java.lang.Thread.run(Thread.java:748)
Caused by: org.apache.ratis.thirdparty.io.grpc.StatusRuntimeException: UNAVAILABLE: io exception
	at org.apache.ratis.thirdparty.io.grpc.stub.ClientCalls.toStatusRuntimeException(ClientCalls.java:233)
	at org.apache.ratis.thirdparty.io.grpc.stub.ClientCalls.getUnchecked(ClientCalls.java:214)
	at org.apache.ratis.thirdparty.io.grpc.stub.ClientCalls.blockingUnaryCall(ClientCalls.java:139)
	at org.apache.ratis.proto.grpc.RaftServerProtocolServiceGrpc$RaftServerProtocolServiceBlockingStub.requestVote(RaftServerProtocolServiceGrpc.java:265)
	at org.apache.ratis.grpc.server.GrpcServerProtocolClient.requestVote(GrpcServerProtocolClient.java:99)
	at org.apache.ratis.grpc.server.GrpcService.requestVote(GrpcService.java:204)
	at org.apache.ratis.server.impl.LeaderElection.lambda$submitRequests$1(LeaderElection.java:234)
	at java.util.concurrent.FutureTask.run(FutureTask.java:266)
	at java.util.concurrent.Executors$RunnableAdapter.call(Executors.java:511)
	at java.util.concurrent.FutureTask.run(FutureTask.java:266)
	at java.util.concurrent.ThreadPoolExecutor.runWorker(ThreadPoolExecutor.java:1149)
	at java.util.concurrent.ThreadPoolExecutor$Worker.run(ThreadPoolExecutor.java:624)
	... 1 more
Caused by: org.apache.ratis.thirdparty.io.netty.channel.AbstractChannel$AnnotatedConnectException: Connection refused: /192.168.34.62:37037
	at sun.nio.ch.SocketChannelImpl.checkConnect(Native Method)
	at sun.nio.ch.SocketChannelImpl.finishConnect(SocketChannelImpl.java:717)
	at org.apache.ratis.thirdparty.io.netty.channel.socket.nio.NioSocketChannel.doFinishConnect(NioSocketChannel.java:327)
	at org.apache.ratis.thirdparty.io.netty.channel.nio.AbstractNioChannel$AbstractNioUnsafe.finishConnect(AbstractNioChannel.java:340)
	at org.apache.ratis.thirdparty.io.netty.channel.nio.NioEventLoop.processSelectedKey(NioEventLoop.java:632)
	at org.apache.ratis.thirdparty.io.netty.channel.nio.NioEventLoop.processSelectedKeysOptimized(NioEventLoop.java:579)
	at org.apache.ratis.thirdparty.io.netty.channel.nio.NioEventLoop.processSelectedKeys(NioEventLoop.java:496)
	at org.apache.ratis.thirdparty.io.netty.channel.nio.NioEventLoop.run(NioEventLoop.java:458)
	at org.apache.ratis.thirdparty.io.netty.util.concurrent.SingleThreadEventExecutor$5.run(SingleThreadEventExecutor.java:897)
	at org.apache.ratis.thirdparty.io.netty.util.concurrent.FastThreadLocalRunnable.run(FastThreadLocalRunnable.java:30)
	... 1 more
Caused by: java.net.ConnectException: Connection refused
	... 11 more
2019-10-17 06:48:35,948 [7c431f9d-51bc-458b-a3a6-511ec217d887@group-21BA9BD4283D-LeaderElection516] INFO  impl.LeaderElection (LogUtils.java:infoOrTrace(149)) - 7c431f9d-51bc-458b-a3a6-511ec217d887@group-21BA9BD4283D-LeaderElection516 got exception when requesting votes: {}
java.util.concurrent.ExecutionException: org.apache.ratis.thirdparty.io.grpc.StatusRuntimeException: UNAVAILABLE: io exception
	at java.util.concurrent.FutureTask.report(FutureTask.java:122)
	at java.util.concurrent.FutureTask.get(FutureTask.java:192)
	at org.apache.ratis.server.impl.LeaderElection.waitForResults(LeaderElection.java:259)
	at org.apache.ratis.server.impl.LeaderElection.askForVotes(LeaderElection.java:197)
	at org.apache.ratis.server.impl.LeaderElection.run(LeaderElection.java:133)
	at java.lang.Thread.run(Thread.java:748)
Caused by: org.apache.ratis.thirdparty.io.grpc.StatusRuntimeException: UNAVAILABLE: io exception
	at org.apache.ratis.thirdparty.io.grpc.stub.ClientCalls.toStatusRuntimeException(ClientCalls.java:233)
	at org.apache.ratis.thirdparty.io.grpc.stub.ClientCalls.getUnchecked(ClientCalls.java:214)
	at org.apache.ratis.thirdparty.io.grpc.stub.ClientCalls.blockingUnaryCall(ClientCalls.java:139)
	at org.apache.ratis.proto.grpc.RaftServerProtocolServiceGrpc$RaftServerProtocolServiceBlockingStub.requestVote(RaftServerProtocolServiceGrpc.java:265)
	at org.apache.ratis.grpc.server.GrpcServerProtocolClient.requestVote(GrpcServerProtocolClient.java:99)
	at org.apache.ratis.grpc.server.GrpcService.requestVote(GrpcService.java:204)
	at org.apache.ratis.server.impl.LeaderElection.lambda$submitRequests$1(LeaderElection.java:234)
	at java.util.concurrent.FutureTask.run(FutureTask.java:266)
	at java.util.concurrent.Executors$RunnableAdapter.call(Executors.java:511)
	at java.util.concurrent.FutureTask.run(FutureTask.java:266)
	at java.util.concurrent.ThreadPoolExecutor.runWorker(ThreadPoolExecutor.java:1149)
	at java.util.concurrent.ThreadPoolExecutor$Worker.run(ThreadPoolExecutor.java:624)
	... 1 more
Caused by: org.apache.ratis.thirdparty.io.netty.channel.AbstractChannel$AnnotatedConnectException: Connection refused: /192.168.34.62:34777
	at sun.nio.ch.SocketChannelImpl.checkConnect(Native Method)
	at sun.nio.ch.SocketChannelImpl.finishConnect(SocketChannelImpl.java:717)
	at org.apache.ratis.thirdparty.io.netty.channel.socket.nio.NioSocketChannel.doFinishConnect(NioSocketChannel.java:327)
	at org.apache.ratis.thirdparty.io.netty.channel.nio.AbstractNioChannel$AbstractNioUnsafe.finishConnect(AbstractNioChannel.java:340)
	at org.apache.ratis.thirdparty.io.netty.channel.nio.NioEventLoop.processSelectedKey(NioEventLoop.java:632)
	at org.apache.ratis.thirdparty.io.netty.channel.nio.NioEventLoop.processSelectedKeysOptimized(NioEventLoop.java:579)
	at org.apache.ratis.thirdparty.io.netty.channel.nio.NioEventLoop.processSelectedKeys(NioEventLoop.java:496)
	at org.apache.ratis.thirdparty.io.netty.channel.nio.NioEventLoop.run(NioEventLoop.java:458)
	at org.apache.ratis.thirdparty.io.netty.util.concurrent.SingleThreadEventExecutor$5.run(SingleThreadEventExecutor.java:897)
	at org.apache.ratis.thirdparty.io.netty.util.concurrent.FastThreadLocalRunnable.run(FastThreadLocalRunnable.java:30)
	... 1 more
Caused by: java.net.ConnectException: Connection refused
	... 11 more
2019-10-17 06:48:35,953 [7c431f9d-51bc-458b-a3a6-511ec217d887@group-21BA9BD4283D-LeaderElection516] INFO  impl.LeaderElection (LeaderElection.java:logAndReturn(56)) - 7c431f9d-51bc-458b-a3a6-511ec217d887@group-21BA9BD4283D-LeaderElection516: Election REJECTED; received 0 response(s) [] and 2 exception(s); 7c431f9d-51bc-458b-a3a6-511ec217d887@group-21BA9BD4283D:t481, leader=null, voted=7c431f9d-51bc-458b-a3a6-511ec217d887, raftlog=7c431f9d-51bc-458b-a3a6-511ec217d887@group-21BA9BD4283D-SegmentedRaftLog:OPENED:c-1,f-1,i0, conf=-1: [67f35358-9777-4ff9-96f4-8a61bc3a94fe:192.168.34.62:37037, 7c431f9d-51bc-458b-a3a6-511ec217d887:192.168.34.62:40420, b9cfa588-8e56-4331-be2f-4c26f25c6739:192.168.34.62:34777], old=null
2019-10-17 06:48:35,953 [7c431f9d-51bc-458b-a3a6-511ec217d887@group-21BA9BD4283D-LeaderElection516] INFO  impl.LeaderElection (LogUtils.java:infoOrTrace(149)) -   Exception 0: {}
java.util.concurrent.ExecutionException: org.apache.ratis.thirdparty.io.grpc.StatusRuntimeException: UNAVAILABLE: io exception
	at java.util.concurrent.FutureTask.report(FutureTask.java:122)
	at java.util.concurrent.FutureTask.get(FutureTask.java:192)
	at org.apache.ratis.server.impl.LeaderElection.waitForResults(LeaderElection.java:259)
	at org.apache.ratis.server.impl.LeaderElection.askForVotes(LeaderElection.java:197)
	at org.apache.ratis.server.impl.LeaderElection.run(LeaderElection.java:133)
	at java.lang.Thread.run(Thread.java:748)
Caused by: org.apache.ratis.thirdparty.io.grpc.StatusRuntimeException: UNAVAILABLE: io exception
	at org.apache.ratis.thirdparty.io.grpc.stub.ClientCalls.toStatusRuntimeException(ClientCalls.java:233)
	at org.apache.ratis.thirdparty.io.grpc.stub.ClientCalls.getUnchecked(ClientCalls.java:214)
	at org.apache.ratis.thirdparty.io.grpc.stub.ClientCalls.blockingUnaryCall(ClientCalls.java:139)
	at org.apache.ratis.proto.grpc.RaftServerProtocolServiceGrpc$RaftServerProtocolServiceBlockingStub.requestVote(RaftServerProtocolServiceGrpc.java:265)
	at org.apache.ratis.grpc.server.GrpcServerProtocolClient.requestVote(GrpcServerProtocolClient.java:99)
	at org.apache.ratis.grpc.server.GrpcService.requestVote(GrpcService.java:204)
	at org.apache.ratis.server.impl.LeaderElection.lambda$submitRequests$1(LeaderElection.java:234)
	at java.util.concurrent.FutureTask.run(FutureTask.java:266)
	at java.util.concurrent.Executors$RunnableAdapter.call(Executors.java:511)
	at java.util.concurrent.FutureTask.run(FutureTask.java:266)
	at java.util.concurrent.ThreadPoolExecutor.runWorker(ThreadPoolExecutor.java:1149)
	at java.util.concurrent.ThreadPoolExecutor$Worker.run(ThreadPoolExecutor.java:624)
	... 1 more
Caused by: org.apache.ratis.thirdparty.io.netty.channel.AbstractChannel$AnnotatedConnectException: Connection refused: /192.168.34.62:37037
	at sun.nio.ch.SocketChannelImpl.checkConnect(Native Method)
	at sun.nio.ch.SocketChannelImpl.finishConnect(SocketChannelImpl.java:717)
	at org.apache.ratis.thirdparty.io.netty.channel.socket.nio.NioSocketChannel.doFinishConnect(NioSocketChannel.java:327)
	at org.apache.ratis.thirdparty.io.netty.channel.nio.AbstractNioChannel$AbstractNioUnsafe.finishConnect(AbstractNioChannel.java:340)
	at org.apache.ratis.thirdparty.io.netty.channel.nio.NioEventLoop.processSelectedKey(NioEventLoop.java:632)
	at org.apache.ratis.thirdparty.io.netty.channel.nio.NioEventLoop.processSelectedKeysOptimized(NioEventLoop.java:579)
	at org.apache.ratis.thirdparty.io.netty.channel.nio.NioEventLoop.processSelectedKeys(NioEventLoop.java:496)
	at org.apache.ratis.thirdparty.io.netty.channel.nio.NioEventLoop.run(NioEventLoop.java:458)
	at org.apache.ratis.thirdparty.io.netty.util.concurrent.SingleThreadEventExecutor$5.run(SingleThreadEventExecutor.java:897)
	at org.apache.ratis.thirdparty.io.netty.util.concurrent.FastThreadLocalRunnable.run(FastThreadLocalRunnable.java:30)
	... 1 more
Caused by: java.net.ConnectException: Connection refused
	... 11 more
2019-10-17 06:48:35,953 [7c431f9d-51bc-458b-a3a6-511ec217d887@group-21BA9BD4283D-LeaderElection516] INFO  impl.LeaderElection (LogUtils.java:infoOrTrace(149)) -   Exception 1: {}
java.util.concurrent.ExecutionException: org.apache.ratis.thirdparty.io.grpc.StatusRuntimeException: UNAVAILABLE: io exception
	at java.util.concurrent.FutureTask.report(FutureTask.java:122)
	at java.util.concurrent.FutureTask.get(FutureTask.java:192)
	at org.apache.ratis.server.impl.LeaderElection.waitForResults(LeaderElection.java:259)
	at org.apache.ratis.server.impl.LeaderElection.askForVotes(LeaderElection.java:197)
	at org.apache.ratis.server.impl.LeaderElection.run(LeaderElection.java:133)
	at java.lang.Thread.run(Thread.java:748)
Caused by: org.apache.ratis.thirdparty.io.grpc.StatusRuntimeException: UNAVAILABLE: io exception
	at org.apache.ratis.thirdparty.io.grpc.stub.ClientCalls.toStatusRuntimeException(ClientCalls.java:233)
	at org.apache.ratis.thirdparty.io.grpc.stub.ClientCalls.getUnchecked(ClientCalls.java:214)
	at org.apache.ratis.thirdparty.io.grpc.stub.ClientCalls.blockingUnaryCall(ClientCalls.java:139)
	at org.apache.ratis.proto.grpc.RaftServerProtocolServiceGrpc$RaftServerProtocolServiceBlockingStub.requestVote(RaftServerProtocolServiceGrpc.java:265)
	at org.apache.ratis.grpc.server.GrpcServerProtocolClient.requestVote(GrpcServerProtocolClient.java:99)
	at org.apache.ratis.grpc.server.GrpcService.requestVote(GrpcService.java:204)
	at org.apache.ratis.server.impl.LeaderElection.lambda$submitRequests$1(LeaderElection.java:234)
	at java.util.concurrent.FutureTask.run(FutureTask.java:266)
	at java.util.concurrent.Executors$RunnableAdapter.call(Executors.java:511)
	at java.util.concurrent.FutureTask.run(FutureTask.java:266)
	at java.util.concurrent.ThreadPoolExecutor.runWorker(ThreadPoolExecutor.java:1149)
	at java.util.concurrent.ThreadPoolExecutor$Worker.run(ThreadPoolExecutor.java:624)
	... 1 more
Caused by: org.apache.ratis.thirdparty.io.netty.channel.AbstractChannel$AnnotatedConnectException: Connection refused: /192.168.34.62:34777
	at sun.nio.ch.SocketChannelImpl.checkConnect(Native Method)
	at sun.nio.ch.SocketChannelImpl.finishConnect(SocketChannelImpl.java:717)
	at org.apache.ratis.thirdparty.io.netty.channel.socket.nio.NioSocketChannel.doFinishConnect(NioSocketChannel.java:327)
	at org.apache.ratis.thirdparty.io.netty.channel.nio.AbstractNioChannel$AbstractNioUnsafe.finishConnect(AbstractNioChannel.java:340)
	at org.apache.ratis.thirdparty.io.netty.channel.nio.NioEventLoop.processSelectedKey(NioEventLoop.java:632)
	at org.apache.ratis.thirdparty.io.netty.channel.nio.NioEventLoop.processSelectedKeysOptimized(NioEventLoop.java:579)
	at org.apache.ratis.thirdparty.io.netty.channel.nio.NioEventLoop.processSelectedKeys(NioEventLoop.java:496)
	at org.apache.ratis.thirdparty.io.netty.channel.nio.NioEventLoop.run(NioEventLoop.java:458)
	at org.apache.ratis.thirdparty.io.netty.util.concurrent.SingleThreadEventExecutor$5.run(SingleThreadEventExecutor.java:897)
	at org.apache.ratis.thirdparty.io.netty.util.concurrent.FastThreadLocalRunnable.run(FastThreadLocalRunnable.java:30)
	... 1 more
Caused by: java.net.ConnectException: Connection refused
	... 11 more
2019-10-17 06:48:35,953 [7c431f9d-51bc-458b-a3a6-511ec217d887@group-21BA9BD4283D-LeaderElection516] INFO  impl.RaftServerImpl (RaftServerImpl.java:setRole(184)) - 7c431f9d-51bc-458b-a3a6-511ec217d887@group-21BA9BD4283D: changes role from CANDIDATE to FOLLOWER at term 481 for DISCOVERED_A_NEW_TERM
2019-10-17 06:48:35,953 [7c431f9d-51bc-458b-a3a6-511ec217d887@group-21BA9BD4283D-LeaderElection516] INFO  impl.RoleInfo (RoleInfo.java:shutdownLeaderElection(134)) - 7c431f9d-51bc-458b-a3a6-511ec217d887: shutdown LeaderElection
2019-10-17 06:48:35,953 [7c431f9d-51bc-458b-a3a6-511ec217d887@group-21BA9BD4283D-LeaderElection516] INFO  impl.RoleInfo (RoleInfo.java:updateAndGet(143)) - 7c431f9d-51bc-458b-a3a6-511ec217d887: start FollowerState
2019-10-17 06:48:36,128 [Thread-4087] INFO  impl.FollowerState (FollowerState.java:run(108)) - 7c431f9d-51bc-458b-a3a6-511ec217d887@group-21BA9BD4283D-FollowerState: change to CANDIDATE, lastRpcTime:174ms, electionTimeout:174ms
2019-10-17 06:48:36,128 [Thread-4087] INFO  impl.RoleInfo (RoleInfo.java:shutdownFollowerState(121)) - 7c431f9d-51bc-458b-a3a6-511ec217d887: shutdown FollowerState
2019-10-17 06:48:36,128 [Thread-4087] INFO  impl.RaftServerImpl (RaftServerImpl.java:setRole(184)) - 7c431f9d-51bc-458b-a3a6-511ec217d887@group-21BA9BD4283D: changes role from  FOLLOWER to CANDIDATE at term 481 for changeToCandidate
2019-10-17 06:48:36,128 [Thread-4087] INFO  impl.RoleInfo (RoleInfo.java:updateAndGet(143)) - 7c431f9d-51bc-458b-a3a6-511ec217d887: start LeaderElection
2019-10-17 06:48:36,140 [7c431f9d-51bc-458b-a3a6-511ec217d887@group-21BA9BD4283D-LeaderElection517] INFO  impl.LeaderElection (LeaderElection.java:askForVotes(178)) - 7c431f9d-51bc-458b-a3a6-511ec217d887@group-21BA9BD4283D-LeaderElection517: begin an election at term 482 for -1: [67f35358-9777-4ff9-96f4-8a61bc3a94fe:192.168.34.62:37037, 7c431f9d-51bc-458b-a3a6-511ec217d887:192.168.34.62:40420, b9cfa588-8e56-4331-be2f-4c26f25c6739:192.168.34.62:34777], old=null
2019-10-17 06:48:36,141 [7c431f9d-51bc-458b-a3a6-511ec217d887@group-21BA9BD4283D-LeaderElection517] INFO  impl.LeaderElection (LogUtils.java:infoOrTrace(149)) - 7c431f9d-51bc-458b-a3a6-511ec217d887@group-21BA9BD4283D-LeaderElection517 got exception when requesting votes: {}
java.util.concurrent.ExecutionException: org.apache.ratis.thirdparty.io.grpc.StatusRuntimeException: UNAVAILABLE: io exception
	at java.util.concurrent.FutureTask.report(FutureTask.java:122)
	at java.util.concurrent.FutureTask.get(FutureTask.java:192)
	at org.apache.ratis.server.impl.LeaderElection.waitForResults(LeaderElection.java:259)
	at org.apache.ratis.server.impl.LeaderElection.askForVotes(LeaderElection.java:197)
	at org.apache.ratis.server.impl.LeaderElection.run(LeaderElection.java:133)
	at java.lang.Thread.run(Thread.java:748)
Caused by: org.apache.ratis.thirdparty.io.grpc.StatusRuntimeException: UNAVAILABLE: io exception
	at org.apache.ratis.thirdparty.io.grpc.stub.ClientCalls.toStatusRuntimeException(ClientCalls.java:233)
	at org.apache.ratis.thirdparty.io.grpc.stub.ClientCalls.getUnchecked(ClientCalls.java:214)
	at org.apache.ratis.thirdparty.io.grpc.stub.ClientCalls.blockingUnaryCall(ClientCalls.java:139)
	at org.apache.ratis.proto.grpc.RaftServerProtocolServiceGrpc$RaftServerProtocolServiceBlockingStub.requestVote(RaftServerProtocolServiceGrpc.java:265)
	at org.apache.ratis.grpc.server.GrpcServerProtocolClient.requestVote(GrpcServerProtocolClient.java:99)
	at org.apache.ratis.grpc.server.GrpcService.requestVote(GrpcService.java:204)
	at org.apache.ratis.server.impl.LeaderElection.lambda$submitRequests$1(LeaderElection.java:234)
	at java.util.concurrent.FutureTask.run(FutureTask.java:266)
	at java.util.concurrent.Executors$RunnableAdapter.call(Executors.java:511)
	at java.util.concurrent.FutureTask.run(FutureTask.java:266)
	at java.util.concurrent.ThreadPoolExecutor.runWorker(ThreadPoolExecutor.java:1149)
	at java.util.concurrent.ThreadPoolExecutor$Worker.run(ThreadPoolExecutor.java:624)
	... 1 more
Caused by: org.apache.ratis.thirdparty.io.netty.channel.AbstractChannel$AnnotatedConnectException: Connection refused: /192.168.34.62:37037
	at sun.nio.ch.SocketChannelImpl.checkConnect(Native Method)
	at sun.nio.ch.SocketChannelImpl.finishConnect(SocketChannelImpl.java:717)
	at org.apache.ratis.thirdparty.io.netty.channel.socket.nio.NioSocketChannel.doFinishConnect(NioSocketChannel.java:327)
	at org.apache.ratis.thirdparty.io.netty.channel.nio.AbstractNioChannel$AbstractNioUnsafe.finishConnect(AbstractNioChannel.java:340)
	at org.apache.ratis.thirdparty.io.netty.channel.nio.NioEventLoop.processSelectedKey(NioEventLoop.java:632)
	at org.apache.ratis.thirdparty.io.netty.channel.nio.NioEventLoop.processSelectedKeysOptimized(NioEventLoop.java:579)
	at org.apache.ratis.thirdparty.io.netty.channel.nio.NioEventLoop.processSelectedKeys(NioEventLoop.java:496)
	at org.apache.ratis.thirdparty.io.netty.channel.nio.NioEventLoop.run(NioEventLoop.java:458)
	at org.apache.ratis.thirdparty.io.netty.util.concurrent.SingleThreadEventExecutor$5.run(SingleThreadEventExecutor.java:897)
	at org.apache.ratis.thirdparty.io.netty.util.concurrent.FastThreadLocalRunnable.run(FastThreadLocalRunnable.java:30)
	... 1 more
Caused by: java.net.ConnectException: Connection refused
	... 11 more
2019-10-17 06:48:36,141 [7c431f9d-51bc-458b-a3a6-511ec217d887@group-21BA9BD4283D-LeaderElection517] INFO  impl.LeaderElection (LogUtils.java:infoOrTrace(149)) - 7c431f9d-51bc-458b-a3a6-511ec217d887@group-21BA9BD4283D-LeaderElection517 got exception when requesting votes: {}
java.util.concurrent.ExecutionException: org.apache.ratis.thirdparty.io.grpc.StatusRuntimeException: UNAVAILABLE: io exception
	at java.util.concurrent.FutureTask.report(FutureTask.java:122)
	at java.util.concurrent.FutureTask.get(FutureTask.java:192)
	at org.apache.ratis.server.impl.LeaderElection.waitForResults(LeaderElection.java:259)
	at org.apache.ratis.server.impl.LeaderElection.askForVotes(LeaderElection.java:197)
	at org.apache.ratis.server.impl.LeaderElection.run(LeaderElection.java:133)
	at java.lang.Thread.run(Thread.java:748)
Caused by: org.apache.ratis.thirdparty.io.grpc.StatusRuntimeException: UNAVAILABLE: io exception
	at org.apache.ratis.thirdparty.io.grpc.stub.ClientCalls.toStatusRuntimeException(ClientCalls.java:233)
	at org.apache.ratis.thirdparty.io.grpc.stub.ClientCalls.getUnchecked(ClientCalls.java:214)
	at org.apache.ratis.thirdparty.io.grpc.stub.ClientCalls.blockingUnaryCall(ClientCalls.java:139)
	at org.apache.ratis.proto.grpc.RaftServerProtocolServiceGrpc$RaftServerProtocolServiceBlockingStub.requestVote(RaftServerProtocolServiceGrpc.java:265)
	at org.apache.ratis.grpc.server.GrpcServerProtocolClient.requestVote(GrpcServerProtocolClient.java:99)
	at org.apache.ratis.grpc.server.GrpcService.requestVote(GrpcService.java:204)
	at org.apache.ratis.server.impl.LeaderElection.lambda$submitRequests$1(LeaderElection.java:234)
	at java.util.concurrent.FutureTask.run(FutureTask.java:266)
	at java.util.concurrent.Executors$RunnableAdapter.call(Executors.java:511)
	at java.util.concurrent.FutureTask.run(FutureTask.java:266)
	at java.util.concurrent.ThreadPoolExecutor.runWorker(ThreadPoolExecutor.java:1149)
	at java.util.concurrent.ThreadPoolExecutor$Worker.run(ThreadPoolExecutor.java:624)
	... 1 more
Caused by: org.apache.ratis.thirdparty.io.netty.channel.AbstractChannel$AnnotatedConnectException: Connection refused: /192.168.34.62:34777
	at sun.nio.ch.SocketChannelImpl.checkConnect(Native Method)
	at sun.nio.ch.SocketChannelImpl.finishConnect(SocketChannelImpl.java:717)
	at org.apache.ratis.thirdparty.io.netty.channel.socket.nio.NioSocketChannel.doFinishConnect(NioSocketChannel.java:327)
	at org.apache.ratis.thirdparty.io.netty.channel.nio.AbstractNioChannel$AbstractNioUnsafe.finishConnect(AbstractNioChannel.java:340)
	at org.apache.ratis.thirdparty.io.netty.channel.nio.NioEventLoop.processSelectedKey(NioEventLoop.java:632)
	at org.apache.ratis.thirdparty.io.netty.channel.nio.NioEventLoop.processSelectedKeysOptimized(NioEventLoop.java:579)
	at org.apache.ratis.thirdparty.io.netty.channel.nio.NioEventLoop.processSelectedKeys(NioEventLoop.java:496)
	at org.apache.ratis.thirdparty.io.netty.channel.nio.NioEventLoop.run(NioEventLoop.java:458)
	at org.apache.ratis.thirdparty.io.netty.util.concurrent.SingleThreadEventExecutor$5.run(SingleThreadEventExecutor.java:897)
	at org.apache.ratis.thirdparty.io.netty.util.concurrent.FastThreadLocalRunnable.run(FastThreadLocalRunnable.java:30)
	... 1 more
Caused by: java.net.ConnectException: Connection refused
	... 11 more
2019-10-17 06:48:36,142 [7c431f9d-51bc-458b-a3a6-511ec217d887@group-21BA9BD4283D-LeaderElection517] INFO  impl.LeaderElection (LeaderElection.java:logAndReturn(56)) - 7c431f9d-51bc-458b-a3a6-511ec217d887@group-21BA9BD4283D-LeaderElection517: Election REJECTED; received 0 response(s) [] and 2 exception(s); 7c431f9d-51bc-458b-a3a6-511ec217d887@group-21BA9BD4283D:t482, leader=null, voted=7c431f9d-51bc-458b-a3a6-511ec217d887, raftlog=7c431f9d-51bc-458b-a3a6-511ec217d887@group-21BA9BD4283D-SegmentedRaftLog:OPENED:c-1,f-1,i0, conf=-1: [67f35358-9777-4ff9-96f4-8a61bc3a94fe:192.168.34.62:37037, 7c431f9d-51bc-458b-a3a6-511ec217d887:192.168.34.62:40420, b9cfa588-8e56-4331-be2f-4c26f25c6739:192.168.34.62:34777], old=null
2019-10-17 06:48:36,142 [7c431f9d-51bc-458b-a3a6-511ec217d887@group-21BA9BD4283D-LeaderElection517] INFO  impl.LeaderElection (LogUtils.java:infoOrTrace(149)) -   Exception 0: {}
java.util.concurrent.ExecutionException: org.apache.ratis.thirdparty.io.grpc.StatusRuntimeException: UNAVAILABLE: io exception
	at java.util.concurrent.FutureTask.report(FutureTask.java:122)
	at java.util.concurrent.FutureTask.get(FutureTask.java:192)
	at org.apache.ratis.server.impl.LeaderElection.waitForResults(LeaderElection.java:259)
	at org.apache.ratis.server.impl.LeaderElection.askForVotes(LeaderElection.java:197)
	at org.apache.ratis.server.impl.LeaderElection.run(LeaderElection.java:133)
	at java.lang.Thread.run(Thread.java:748)
Caused by: org.apache.ratis.thirdparty.io.grpc.StatusRuntimeException: UNAVAILABLE: io exception
	at org.apache.ratis.thirdparty.io.grpc.stub.ClientCalls.toStatusRuntimeException(ClientCalls.java:233)
	at org.apache.ratis.thirdparty.io.grpc.stub.ClientCalls.getUnchecked(ClientCalls.java:214)
	at org.apache.ratis.thirdparty.io.grpc.stub.ClientCalls.blockingUnaryCall(ClientCalls.java:139)
	at org.apache.ratis.proto.grpc.RaftServerProtocolServiceGrpc$RaftServerProtocolServiceBlockingStub.requestVote(RaftServerProtocolServiceGrpc.java:265)
	at org.apache.ratis.grpc.server.GrpcServerProtocolClient.requestVote(GrpcServerProtocolClient.java:99)
	at org.apache.ratis.grpc.server.GrpcService.requestVote(GrpcService.java:204)
	at org.apache.ratis.server.impl.LeaderElection.lambda$submitRequests$1(LeaderElection.java:234)
	at java.util.concurrent.FutureTask.run(FutureTask.java:266)
	at java.util.concurrent.Executors$RunnableAdapter.call(Executors.java:511)
	at java.util.concurrent.FutureTask.run(FutureTask.java:266)
	at java.util.concurrent.ThreadPoolExecutor.runWorker(ThreadPoolExecutor.java:1149)
	at java.util.concurrent.ThreadPoolExecutor$Worker.run(ThreadPoolExecutor.java:624)
	... 1 more
Caused by: org.apache.ratis.thirdparty.io.netty.channel.AbstractChannel$AnnotatedConnectException: Connection refused: /192.168.34.62:37037
	at sun.nio.ch.SocketChannelImpl.checkConnect(Native Method)
	at sun.nio.ch.SocketChannelImpl.finishConnect(SocketChannelImpl.java:717)
	at org.apache.ratis.thirdparty.io.netty.channel.socket.nio.NioSocketChannel.doFinishConnect(NioSocketChannel.java:327)
	at org.apache.ratis.thirdparty.io.netty.channel.nio.AbstractNioChannel$AbstractNioUnsafe.finishConnect(AbstractNioChannel.java:340)
	at org.apache.ratis.thirdparty.io.netty.channel.nio.NioEventLoop.processSelectedKey(NioEventLoop.java:632)
	at org.apache.ratis.thirdparty.io.netty.channel.nio.NioEventLoop.processSelectedKeysOptimized(NioEventLoop.java:579)
	at org.apache.ratis.thirdparty.io.netty.channel.nio.NioEventLoop.processSelectedKeys(NioEventLoop.java:496)
	at org.apache.ratis.thirdparty.io.netty.channel.nio.NioEventLoop.run(NioEventLoop.java:458)
	at org.apache.ratis.thirdparty.io.netty.util.concurrent.SingleThreadEventExecutor$5.run(SingleThreadEventExecutor.java:897)
	at org.apache.ratis.thirdparty.io.netty.util.concurrent.FastThreadLocalRunnable.run(FastThreadLocalRunnable.java:30)
	... 1 more
Caused by: java.net.ConnectException: Connection refused
	... 11 more
2019-10-17 06:48:36,143 [7c431f9d-51bc-458b-a3a6-511ec217d887@group-21BA9BD4283D-LeaderElection517] INFO  impl.LeaderElection (LogUtils.java:infoOrTrace(149)) -   Exception 1: {}
java.util.concurrent.ExecutionException: org.apache.ratis.thirdparty.io.grpc.StatusRuntimeException: UNAVAILABLE: io exception
	at java.util.concurrent.FutureTask.report(FutureTask.java:122)
	at java.util.concurrent.FutureTask.get(FutureTask.java:192)
	at org.apache.ratis.server.impl.LeaderElection.waitForResults(LeaderElection.java:259)
	at org.apache.ratis.server.impl.LeaderElection.askForVotes(LeaderElection.java:197)
	at org.apache.ratis.server.impl.LeaderElection.run(LeaderElection.java:133)
	at java.lang.Thread.run(Thread.java:748)
Caused by: org.apache.ratis.thirdparty.io.grpc.StatusRuntimeException: UNAVAILABLE: io exception
	at org.apache.ratis.thirdparty.io.grpc.stub.ClientCalls.toStatusRuntimeException(ClientCalls.java:233)
	at org.apache.ratis.thirdparty.io.grpc.stub.ClientCalls.getUnchecked(ClientCalls.java:214)
	at org.apache.ratis.thirdparty.io.grpc.stub.ClientCalls.blockingUnaryCall(ClientCalls.java:139)
	at org.apache.ratis.proto.grpc.RaftServerProtocolServiceGrpc$RaftServerProtocolServiceBlockingStub.requestVote(RaftServerProtocolServiceGrpc.java:265)
	at org.apache.ratis.grpc.server.GrpcServerProtocolClient.requestVote(GrpcServerProtocolClient.java:99)
	at org.apache.ratis.grpc.server.GrpcService.requestVote(GrpcService.java:204)
	at org.apache.ratis.server.impl.LeaderElection.lambda$submitRequests$1(LeaderElection.java:234)
	at java.util.concurrent.FutureTask.run(FutureTask.java:266)
	at java.util.concurrent.Executors$RunnableAdapter.call(Executors.java:511)
	at java.util.concurrent.FutureTask.run(FutureTask.java:266)
	at java.util.concurrent.ThreadPoolExecutor.runWorker(ThreadPoolExecutor.java:1149)
	at java.util.concurrent.ThreadPoolExecutor$Worker.run(ThreadPoolExecutor.java:624)
	... 1 more
Caused by: org.apache.ratis.thirdparty.io.netty.channel.AbstractChannel$AnnotatedConnectException: Connection refused: /192.168.34.62:34777
	at sun.nio.ch.SocketChannelImpl.checkConnect(Native Method)
	at sun.nio.ch.SocketChannelImpl.finishConnect(SocketChannelImpl.java:717)
	at org.apache.ratis.thirdparty.io.netty.channel.socket.nio.NioSocketChannel.doFinishConnect(NioSocketChannel.java:327)
	at org.apache.ratis.thirdparty.io.netty.channel.nio.AbstractNioChannel$AbstractNioUnsafe.finishConnect(AbstractNioChannel.java:340)
	at org.apache.ratis.thirdparty.io.netty.channel.nio.NioEventLoop.processSelectedKey(NioEventLoop.java:632)
	at org.apache.ratis.thirdparty.io.netty.channel.nio.NioEventLoop.processSelectedKeysOptimized(NioEventLoop.java:579)
	at org.apache.ratis.thirdparty.io.netty.channel.nio.NioEventLoop.processSelectedKeys(NioEventLoop.java:496)
	at org.apache.ratis.thirdparty.io.netty.channel.nio.NioEventLoop.run(NioEventLoop.java:458)
	at org.apache.ratis.thirdparty.io.netty.util.concurrent.SingleThreadEventExecutor$5.run(SingleThreadEventExecutor.java:897)
	at org.apache.ratis.thirdparty.io.netty.util.concurrent.FastThreadLocalRunnable.run(FastThreadLocalRunnable.java:30)
	... 1 more
Caused by: java.net.ConnectException: Connection refused
	... 11 more
2019-10-17 06:48:36,143 [7c431f9d-51bc-458b-a3a6-511ec217d887@group-21BA9BD4283D-LeaderElection517] INFO  impl.RaftServerImpl (RaftServerImpl.java:setRole(184)) - 7c431f9d-51bc-458b-a3a6-511ec217d887@group-21BA9BD4283D: changes role from CANDIDATE to FOLLOWER at term 482 for DISCOVERED_A_NEW_TERM
2019-10-17 06:48:36,143 [7c431f9d-51bc-458b-a3a6-511ec217d887@group-21BA9BD4283D-LeaderElection517] INFO  impl.RoleInfo (RoleInfo.java:shutdownLeaderElection(134)) - 7c431f9d-51bc-458b-a3a6-511ec217d887: shutdown LeaderElection
2019-10-17 06:48:36,144 [7c431f9d-51bc-458b-a3a6-511ec217d887@group-21BA9BD4283D-LeaderElection517] INFO  impl.RoleInfo (RoleInfo.java:updateAndGet(143)) - 7c431f9d-51bc-458b-a3a6-511ec217d887: start FollowerState
2019-10-17 06:48:36,170 [Thread-4091] INFO  impl.FollowerState (FollowerState.java:run(108)) - 7c431f9d-51bc-458b-a3a6-511ec217d887@group-21BA9BD4283D-FollowerState: change to CANDIDATE, lastRpcTime:26ms, electionTimeout:26ms
2019-10-17 06:48:36,170 [Thread-4091] INFO  impl.RoleInfo (RoleInfo.java:shutdownFollowerState(121)) - 7c431f9d-51bc-458b-a3a6-511ec217d887: shutdown FollowerState
2019-10-17 06:48:36,170 [Thread-4091] INFO  impl.RaftServerImpl (RaftServerImpl.java:setRole(184)) - 7c431f9d-51bc-458b-a3a6-511ec217d887@group-21BA9BD4283D: changes role from  FOLLOWER to CANDIDATE at term 482 for changeToCandidate
2019-10-17 06:48:36,170 [Thread-4091] INFO  impl.RoleInfo (RoleInfo.java:updateAndGet(143)) - 7c431f9d-51bc-458b-a3a6-511ec217d887: start LeaderElection
2019-10-17 06:48:36,185 [7c431f9d-51bc-458b-a3a6-511ec217d887@group-21BA9BD4283D-LeaderElection518] INFO  impl.LeaderElection (LeaderElection.java:askForVotes(178)) - 7c431f9d-51bc-458b-a3a6-511ec217d887@group-21BA9BD4283D-LeaderElection518: begin an election at term 483 for -1: [67f35358-9777-4ff9-96f4-8a61bc3a94fe:192.168.34.62:37037, 7c431f9d-51bc-458b-a3a6-511ec217d887:192.168.34.62:40420, b9cfa588-8e56-4331-be2f-4c26f25c6739:192.168.34.62:34777], old=null
2019-10-17 06:48:36,186 [7c431f9d-51bc-458b-a3a6-511ec217d887@group-21BA9BD4283D-LeaderElection518] INFO  impl.LeaderElection (LogUtils.java:infoOrTrace(149)) - 7c431f9d-51bc-458b-a3a6-511ec217d887@group-21BA9BD4283D-LeaderElection518 got exception when requesting votes: {}
java.util.concurrent.ExecutionException: org.apache.ratis.thirdparty.io.grpc.StatusRuntimeException: UNAVAILABLE: io exception
	at java.util.concurrent.FutureTask.report(FutureTask.java:122)
	at java.util.concurrent.FutureTask.get(FutureTask.java:192)
	at org.apache.ratis.server.impl.LeaderElection.waitForResults(LeaderElection.java:259)
	at org.apache.ratis.server.impl.LeaderElection.askForVotes(LeaderElection.java:197)
	at org.apache.ratis.server.impl.LeaderElection.run(LeaderElection.java:133)
	at java.lang.Thread.run(Thread.java:748)
Caused by: org.apache.ratis.thirdparty.io.grpc.StatusRuntimeException: UNAVAILABLE: io exception
	at org.apache.ratis.thirdparty.io.grpc.stub.ClientCalls.toStatusRuntimeException(ClientCalls.java:233)
	at org.apache.ratis.thirdparty.io.grpc.stub.ClientCalls.getUnchecked(ClientCalls.java:214)
	at org.apache.ratis.thirdparty.io.grpc.stub.ClientCalls.blockingUnaryCall(ClientCalls.java:139)
	at org.apache.ratis.proto.grpc.RaftServerProtocolServiceGrpc$RaftServerProtocolServiceBlockingStub.requestVote(RaftServerProtocolServiceGrpc.java:265)
	at org.apache.ratis.grpc.server.GrpcServerProtocolClient.requestVote(GrpcServerProtocolClient.java:99)
	at org.apache.ratis.grpc.server.GrpcService.requestVote(GrpcService.java:204)
	at org.apache.ratis.server.impl.LeaderElection.lambda$submitRequests$1(LeaderElection.java:234)
	at java.util.concurrent.FutureTask.run(FutureTask.java:266)
	at java.util.concurrent.Executors$RunnableAdapter.call(Executors.java:511)
	at java.util.concurrent.FutureTask.run(FutureTask.java:266)
	at java.util.concurrent.ThreadPoolExecutor.runWorker(ThreadPoolExecutor.java:1149)
	at java.util.concurrent.ThreadPoolExecutor$Worker.run(ThreadPoolExecutor.java:624)
	... 1 more
Caused by: org.apache.ratis.thirdparty.io.netty.channel.AbstractChannel$AnnotatedConnectException: Connection refused: /192.168.34.62:37037
	at sun.nio.ch.SocketChannelImpl.checkConnect(Native Method)
	at sun.nio.ch.SocketChannelImpl.finishConnect(SocketChannelImpl.java:717)
	at org.apache.ratis.thirdparty.io.netty.channel.socket.nio.NioSocketChannel.doFinishConnect(NioSocketChannel.java:327)
	at org.apache.ratis.thirdparty.io.netty.channel.nio.AbstractNioChannel$AbstractNioUnsafe.finishConnect(AbstractNioChannel.java:340)
	at org.apache.ratis.thirdparty.io.netty.channel.nio.NioEventLoop.processSelectedKey(NioEventLoop.java:632)
	at org.apache.ratis.thirdparty.io.netty.channel.nio.NioEventLoop.processSelectedKeysOptimized(NioEventLoop.java:579)
	at org.apache.ratis.thirdparty.io.netty.channel.nio.NioEventLoop.processSelectedKeys(NioEventLoop.java:496)
	at org.apache.ratis.thirdparty.io.netty.channel.nio.NioEventLoop.run(NioEventLoop.java:458)
	at org.apache.ratis.thirdparty.io.netty.util.concurrent.SingleThreadEventExecutor$5.run(SingleThreadEventExecutor.java:897)
	at org.apache.ratis.thirdparty.io.netty.util.concurrent.FastThreadLocalRunnable.run(FastThreadLocalRunnable.java:30)
	... 1 more
Caused by: java.net.ConnectException: Connection refused
	... 11 more
2019-10-17 06:48:36,186 [7c431f9d-51bc-458b-a3a6-511ec217d887@group-21BA9BD4283D-LeaderElection518] INFO  impl.LeaderElection (LogUtils.java:infoOrTrace(149)) - 7c431f9d-51bc-458b-a3a6-511ec217d887@group-21BA9BD4283D-LeaderElection518 got exception when requesting votes: {}
java.util.concurrent.ExecutionException: org.apache.ratis.thirdparty.io.grpc.StatusRuntimeException: UNAVAILABLE: io exception
	at java.util.concurrent.FutureTask.report(FutureTask.java:122)
	at java.util.concurrent.FutureTask.get(FutureTask.java:192)
	at org.apache.ratis.server.impl.LeaderElection.waitForResults(LeaderElection.java:259)
	at org.apache.ratis.server.impl.LeaderElection.askForVotes(LeaderElection.java:197)
	at org.apache.ratis.server.impl.LeaderElection.run(LeaderElection.java:133)
	at java.lang.Thread.run(Thread.java:748)
Caused by: org.apache.ratis.thirdparty.io.grpc.StatusRuntimeException: UNAVAILABLE: io exception
	at org.apache.ratis.thirdparty.io.grpc.stub.ClientCalls.toStatusRuntimeException(ClientCalls.java:233)
	at org.apache.ratis.thirdparty.io.grpc.stub.ClientCalls.getUnchecked(ClientCalls.java:214)
	at org.apache.ratis.thirdparty.io.grpc.stub.ClientCalls.blockingUnaryCall(ClientCalls.java:139)
	at org.apache.ratis.proto.grpc.RaftServerProtocolServiceGrpc$RaftServerProtocolServiceBlockingStub.requestVote(RaftServerProtocolServiceGrpc.java:265)
	at org.apache.ratis.grpc.server.GrpcServerProtocolClient.requestVote(GrpcServerProtocolClient.java:99)
	at org.apache.ratis.grpc.server.GrpcService.requestVote(GrpcService.java:204)
	at org.apache.ratis.server.impl.LeaderElection.lambda$submitRequests$1(LeaderElection.java:234)
	at java.util.concurrent.FutureTask.run(FutureTask.java:266)
	at java.util.concurrent.Executors$RunnableAdapter.call(Executors.java:511)
	at java.util.concurrent.FutureTask.run(FutureTask.java:266)
	at java.util.concurrent.ThreadPoolExecutor.runWorker(ThreadPoolExecutor.java:1149)
	at java.util.concurrent.ThreadPoolExecutor$Worker.run(ThreadPoolExecutor.java:624)
	... 1 more
Caused by: org.apache.ratis.thirdparty.io.netty.channel.AbstractChannel$AnnotatedConnectException: Connection refused: /192.168.34.62:34777
	at sun.nio.ch.SocketChannelImpl.checkConnect(Native Method)
	at sun.nio.ch.SocketChannelImpl.finishConnect(SocketChannelImpl.java:717)
	at org.apache.ratis.thirdparty.io.netty.channel.socket.nio.NioSocketChannel.doFinishConnect(NioSocketChannel.java:327)
	at org.apache.ratis.thirdparty.io.netty.channel.nio.AbstractNioChannel$AbstractNioUnsafe.finishConnect(AbstractNioChannel.java:340)
	at org.apache.ratis.thirdparty.io.netty.channel.nio.NioEventLoop.processSelectedKey(NioEventLoop.java:632)
	at org.apache.ratis.thirdparty.io.netty.channel.nio.NioEventLoop.processSelectedKeysOptimized(NioEventLoop.java:579)
	at org.apache.ratis.thirdparty.io.netty.channel.nio.NioEventLoop.processSelectedKeys(NioEventLoop.java:496)
	at org.apache.ratis.thirdparty.io.netty.channel.nio.NioEventLoop.run(NioEventLoop.java:458)
	at org.apache.ratis.thirdparty.io.netty.util.concurrent.SingleThreadEventExecutor$5.run(SingleThreadEventExecutor.java:897)
	at org.apache.ratis.thirdparty.io.netty.util.concurrent.FastThreadLocalRunnable.run(FastThreadLocalRunnable.java:30)
	... 1 more
Caused by: java.net.ConnectException: Connection refused
	... 11 more
2019-10-17 06:48:36,187 [7c431f9d-51bc-458b-a3a6-511ec217d887@group-21BA9BD4283D-LeaderElection518] INFO  impl.LeaderElection (LeaderElection.java:logAndReturn(56)) - 7c431f9d-51bc-458b-a3a6-511ec217d887@group-21BA9BD4283D-LeaderElection518: Election REJECTED; received 0 response(s) [] and 2 exception(s); 7c431f9d-51bc-458b-a3a6-511ec217d887@group-21BA9BD4283D:t483, leader=null, voted=7c431f9d-51bc-458b-a3a6-511ec217d887, raftlog=7c431f9d-51bc-458b-a3a6-511ec217d887@group-21BA9BD4283D-SegmentedRaftLog:OPENED:c-1,f-1,i0, conf=-1: [67f35358-9777-4ff9-96f4-8a61bc3a94fe:192.168.34.62:37037, 7c431f9d-51bc-458b-a3a6-511ec217d887:192.168.34.62:40420, b9cfa588-8e56-4331-be2f-4c26f25c6739:192.168.34.62:34777], old=null
2019-10-17 06:48:36,187 [7c431f9d-51bc-458b-a3a6-511ec217d887@group-21BA9BD4283D-LeaderElection518] INFO  impl.LeaderElection (LogUtils.java:infoOrTrace(149)) -   Exception 0: {}
java.util.concurrent.ExecutionException: org.apache.ratis.thirdparty.io.grpc.StatusRuntimeException: UNAVAILABLE: io exception
	at java.util.concurrent.FutureTask.report(FutureTask.java:122)
	at java.util.concurrent.FutureTask.get(FutureTask.java:192)
	at org.apache.ratis.server.impl.LeaderElection.waitForResults(LeaderElection.java:259)
	at org.apache.ratis.server.impl.LeaderElection.askForVotes(LeaderElection.java:197)
	at org.apache.ratis.server.impl.LeaderElection.run(LeaderElection.java:133)
	at java.lang.Thread.run(Thread.java:748)
Caused by: org.apache.ratis.thirdparty.io.grpc.StatusRuntimeException: UNAVAILABLE: io exception
	at org.apache.ratis.thirdparty.io.grpc.stub.ClientCalls.toStatusRuntimeException(ClientCalls.java:233)
	at org.apache.ratis.thirdparty.io.grpc.stub.ClientCalls.getUnchecked(ClientCalls.java:214)
	at org.apache.ratis.thirdparty.io.grpc.stub.ClientCalls.blockingUnaryCall(ClientCalls.java:139)
	at org.apache.ratis.proto.grpc.RaftServerProtocolServiceGrpc$RaftServerProtocolServiceBlockingStub.requestVote(RaftServerProtocolServiceGrpc.java:265)
	at org.apache.ratis.grpc.server.GrpcServerProtocolClient.requestVote(GrpcServerProtocolClient.java:99)
	at org.apache.ratis.grpc.server.GrpcService.requestVote(GrpcService.java:204)
	at org.apache.ratis.server.impl.LeaderElection.lambda$submitRequests$1(LeaderElection.java:234)
	at java.util.concurrent.FutureTask.run(FutureTask.java:266)
	at java.util.concurrent.Executors$RunnableAdapter.call(Executors.java:511)
	at java.util.concurrent.FutureTask.run(FutureTask.java:266)
	at java.util.concurrent.ThreadPoolExecutor.runWorker(ThreadPoolExecutor.java:1149)
	at java.util.concurrent.ThreadPoolExecutor$Worker.run(ThreadPoolExecutor.java:624)
	... 1 more
Caused by: org.apache.ratis.thirdparty.io.netty.channel.AbstractChannel$AnnotatedConnectException: Connection refused: /192.168.34.62:37037
	at sun.nio.ch.SocketChannelImpl.checkConnect(Native Method)
	at sun.nio.ch.SocketChannelImpl.finishConnect(SocketChannelImpl.java:717)
	at org.apache.ratis.thirdparty.io.netty.channel.socket.nio.NioSocketChannel.doFinishConnect(NioSocketChannel.java:327)
	at org.apache.ratis.thirdparty.io.netty.channel.nio.AbstractNioChannel$AbstractNioUnsafe.finishConnect(AbstractNioChannel.java:340)
	at org.apache.ratis.thirdparty.io.netty.channel.nio.NioEventLoop.processSelectedKey(NioEventLoop.java:632)
	at org.apache.ratis.thirdparty.io.netty.channel.nio.NioEventLoop.processSelectedKeysOptimized(NioEventLoop.java:579)
	at org.apache.ratis.thirdparty.io.netty.channel.nio.NioEventLoop.processSelectedKeys(NioEventLoop.java:496)
	at org.apache.ratis.thirdparty.io.netty.channel.nio.NioEventLoop.run(NioEventLoop.java:458)
	at org.apache.ratis.thirdparty.io.netty.util.concurrent.SingleThreadEventExecutor$5.run(SingleThreadEventExecutor.java:897)
	at org.apache.ratis.thirdparty.io.netty.util.concurrent.FastThreadLocalRunnable.run(FastThreadLocalRunnable.java:30)
	... 1 more
Caused by: java.net.ConnectException: Connection refused
	... 11 more
2019-10-17 06:48:36,187 [7c431f9d-51bc-458b-a3a6-511ec217d887@group-21BA9BD4283D-LeaderElection518] INFO  impl.LeaderElection (LogUtils.java:infoOrTrace(149)) -   Exception 1: {}
java.util.concurrent.ExecutionException: org.apache.ratis.thirdparty.io.grpc.StatusRuntimeException: UNAVAILABLE: io exception
	at java.util.concurrent.FutureTask.report(FutureTask.java:122)
	at java.util.concurrent.FutureTask.get(FutureTask.java:192)
	at org.apache.ratis.server.impl.LeaderElection.waitForResults(LeaderElection.java:259)
	at org.apache.ratis.server.impl.LeaderElection.askForVotes(LeaderElection.java:197)
	at org.apache.ratis.server.impl.LeaderElection.run(LeaderElection.java:133)
	at java.lang.Thread.run(Thread.java:748)
Caused by: org.apache.ratis.thirdparty.io.grpc.StatusRuntimeException: UNAVAILABLE: io exception
	at org.apache.ratis.thirdparty.io.grpc.stub.ClientCalls.toStatusRuntimeException(ClientCalls.java:233)
	at org.apache.ratis.thirdparty.io.grpc.stub.ClientCalls.getUnchecked(ClientCalls.java:214)
	at org.apache.ratis.thirdparty.io.grpc.stub.ClientCalls.blockingUnaryCall(ClientCalls.java:139)
	at org.apache.ratis.proto.grpc.RaftServerProtocolServiceGrpc$RaftServerProtocolServiceBlockingStub.requestVote(RaftServerProtocolServiceGrpc.java:265)
	at org.apache.ratis.grpc.server.GrpcServerProtocolClient.requestVote(GrpcServerProtocolClient.java:99)
	at org.apache.ratis.grpc.server.GrpcService.requestVote(GrpcService.java:204)
	at org.apache.ratis.server.impl.LeaderElection.lambda$submitRequests$1(LeaderElection.java:234)
	at java.util.concurrent.FutureTask.run(FutureTask.java:266)
	at java.util.concurrent.Executors$RunnableAdapter.call(Executors.java:511)
	at java.util.concurrent.FutureTask.run(FutureTask.java:266)
	at java.util.concurrent.ThreadPoolExecutor.runWorker(ThreadPoolExecutor.java:1149)
	at java.util.concurrent.ThreadPoolExecutor$Worker.run(ThreadPoolExecutor.java:624)
	... 1 more
Caused by: org.apache.ratis.thirdparty.io.netty.channel.AbstractChannel$AnnotatedConnectException: Connection refused: /192.168.34.62:34777
	at sun.nio.ch.SocketChannelImpl.checkConnect(Native Method)
	at sun.nio.ch.SocketChannelImpl.finishConnect(SocketChannelImpl.java:717)
	at org.apache.ratis.thirdparty.io.netty.channel.socket.nio.NioSocketChannel.doFinishConnect(NioSocketChannel.java:327)
	at org.apache.ratis.thirdparty.io.netty.channel.nio.AbstractNioChannel$AbstractNioUnsafe.finishConnect(AbstractNioChannel.java:340)
	at org.apache.ratis.thirdparty.io.netty.channel.nio.NioEventLoop.processSelectedKey(NioEventLoop.java:632)
	at org.apache.ratis.thirdparty.io.netty.channel.nio.NioEventLoop.processSelectedKeysOptimized(NioEventLoop.java:579)
	at org.apache.ratis.thirdparty.io.netty.channel.nio.NioEventLoop.processSelectedKeys(NioEventLoop.java:496)
	at org.apache.ratis.thirdparty.io.netty.channel.nio.NioEventLoop.run(NioEventLoop.java:458)
	at org.apache.ratis.thirdparty.io.netty.util.concurrent.SingleThreadEventExecutor$5.run(SingleThreadEventExecutor.java:897)
	at org.apache.ratis.thirdparty.io.netty.util.concurrent.FastThreadLocalRunnable.run(FastThreadLocalRunnable.java:30)
	... 1 more
Caused by: java.net.ConnectException: Connection refused
	... 11 more
2019-10-17 06:48:36,187 [7c431f9d-51bc-458b-a3a6-511ec217d887@group-21BA9BD4283D-LeaderElection518] INFO  impl.RaftServerImpl (RaftServerImpl.java:setRole(184)) - 7c431f9d-51bc-458b-a3a6-511ec217d887@group-21BA9BD4283D: changes role from CANDIDATE to FOLLOWER at term 483 for DISCOVERED_A_NEW_TERM
2019-10-17 06:48:36,187 [7c431f9d-51bc-458b-a3a6-511ec217d887@group-21BA9BD4283D-LeaderElection518] INFO  impl.RoleInfo (RoleInfo.java:shutdownLeaderElection(134)) - 7c431f9d-51bc-458b-a3a6-511ec217d887: shutdown LeaderElection
2019-10-17 06:48:36,188 [7c431f9d-51bc-458b-a3a6-511ec217d887@group-21BA9BD4283D-LeaderElection518] INFO  impl.RoleInfo (RoleInfo.java:updateAndGet(143)) - 7c431f9d-51bc-458b-a3a6-511ec217d887: start FollowerState
2019-10-17 06:48:36,345 [Thread-4095] INFO  impl.FollowerState (FollowerState.java:run(108)) - 7c431f9d-51bc-458b-a3a6-511ec217d887@group-21BA9BD4283D-FollowerState: change to CANDIDATE, lastRpcTime:157ms, electionTimeout:157ms
2019-10-17 06:48:36,345 [Thread-4095] INFO  impl.RoleInfo (RoleInfo.java:shutdownFollowerState(121)) - 7c431f9d-51bc-458b-a3a6-511ec217d887: shutdown FollowerState
2019-10-17 06:48:36,345 [Thread-4095] INFO  impl.RaftServerImpl (RaftServerImpl.java:setRole(184)) - 7c431f9d-51bc-458b-a3a6-511ec217d887@group-21BA9BD4283D: changes role from  FOLLOWER to CANDIDATE at term 483 for changeToCandidate
2019-10-17 06:48:36,345 [Thread-4095] INFO  impl.RoleInfo (RoleInfo.java:updateAndGet(143)) - 7c431f9d-51bc-458b-a3a6-511ec217d887: start LeaderElection
2019-10-17 06:48:36,358 [7c431f9d-51bc-458b-a3a6-511ec217d887@group-21BA9BD4283D-LeaderElection519] INFO  impl.LeaderElection (LeaderElection.java:askForVotes(178)) - 7c431f9d-51bc-458b-a3a6-511ec217d887@group-21BA9BD4283D-LeaderElection519: begin an election at term 484 for -1: [67f35358-9777-4ff9-96f4-8a61bc3a94fe:192.168.34.62:37037, 7c431f9d-51bc-458b-a3a6-511ec217d887:192.168.34.62:40420, b9cfa588-8e56-4331-be2f-4c26f25c6739:192.168.34.62:34777], old=null
2019-10-17 06:48:36,359 [7c431f9d-51bc-458b-a3a6-511ec217d887@group-21BA9BD4283D-LeaderElection519] INFO  impl.LeaderElection (LogUtils.java:infoOrTrace(149)) - 7c431f9d-51bc-458b-a3a6-511ec217d887@group-21BA9BD4283D-LeaderElection519 got exception when requesting votes: {}
java.util.concurrent.ExecutionException: org.apache.ratis.thirdparty.io.grpc.StatusRuntimeException: UNAVAILABLE: io exception
	at java.util.concurrent.FutureTask.report(FutureTask.java:122)
	at java.util.concurrent.FutureTask.get(FutureTask.java:192)
	at org.apache.ratis.server.impl.LeaderElection.waitForResults(LeaderElection.java:259)
	at org.apache.ratis.server.impl.LeaderElection.askForVotes(LeaderElection.java:197)
	at org.apache.ratis.server.impl.LeaderElection.run(LeaderElection.java:133)
	at java.lang.Thread.run(Thread.java:748)
Caused by: org.apache.ratis.thirdparty.io.grpc.StatusRuntimeException: UNAVAILABLE: io exception
	at org.apache.ratis.thirdparty.io.grpc.stub.ClientCalls.toStatusRuntimeException(ClientCalls.java:233)
	at org.apache.ratis.thirdparty.io.grpc.stub.ClientCalls.getUnchecked(ClientCalls.java:214)
	at org.apache.ratis.thirdparty.io.grpc.stub.ClientCalls.blockingUnaryCall(ClientCalls.java:139)
	at org.apache.ratis.proto.grpc.RaftServerProtocolServiceGrpc$RaftServerProtocolServiceBlockingStub.requestVote(RaftServerProtocolServiceGrpc.java:265)
	at org.apache.ratis.grpc.server.GrpcServerProtocolClient.requestVote(GrpcServerProtocolClient.java:99)
	at org.apache.ratis.grpc.server.GrpcService.requestVote(GrpcService.java:204)
	at org.apache.ratis.server.impl.LeaderElection.lambda$submitRequests$1(LeaderElection.java:234)
	at java.util.concurrent.FutureTask.run(FutureTask.java:266)
	at java.util.concurrent.Executors$RunnableAdapter.call(Executors.java:511)
	at java.util.concurrent.FutureTask.run(FutureTask.java:266)
	at java.util.concurrent.ThreadPoolExecutor.runWorker(ThreadPoolExecutor.java:1149)
	at java.util.concurrent.ThreadPoolExecutor$Worker.run(ThreadPoolExecutor.java:624)
	... 1 more
Caused by: org.apache.ratis.thirdparty.io.netty.channel.AbstractChannel$AnnotatedConnectException: Connection refused: /192.168.34.62:37037
	at sun.nio.ch.SocketChannelImpl.checkConnect(Native Method)
	at sun.nio.ch.SocketChannelImpl.finishConnect(SocketChannelImpl.java:717)
	at org.apache.ratis.thirdparty.io.netty.channel.socket.nio.NioSocketChannel.doFinishConnect(NioSocketChannel.java:327)
	at org.apache.ratis.thirdparty.io.netty.channel.nio.AbstractNioChannel$AbstractNioUnsafe.finishConnect(AbstractNioChannel.java:340)
	at org.apache.ratis.thirdparty.io.netty.channel.nio.NioEventLoop.processSelectedKey(NioEventLoop.java:632)
	at org.apache.ratis.thirdparty.io.netty.channel.nio.NioEventLoop.processSelectedKeysOptimized(NioEventLoop.java:579)
	at org.apache.ratis.thirdparty.io.netty.channel.nio.NioEventLoop.processSelectedKeys(NioEventLoop.java:496)
	at org.apache.ratis.thirdparty.io.netty.channel.nio.NioEventLoop.run(NioEventLoop.java:458)
	at org.apache.ratis.thirdparty.io.netty.util.concurrent.SingleThreadEventExecutor$5.run(SingleThreadEventExecutor.java:897)
	at org.apache.ratis.thirdparty.io.netty.util.concurrent.FastThreadLocalRunnable.run(FastThreadLocalRunnable.java:30)
	... 1 more
Caused by: java.net.ConnectException: Connection refused
	... 11 more
2019-10-17 06:48:36,360 [7c431f9d-51bc-458b-a3a6-511ec217d887@group-21BA9BD4283D-LeaderElection519] INFO  impl.LeaderElection (LogUtils.java:infoOrTrace(149)) - 7c431f9d-51bc-458b-a3a6-511ec217d887@group-21BA9BD4283D-LeaderElection519 got exception when requesting votes: {}
java.util.concurrent.ExecutionException: org.apache.ratis.thirdparty.io.grpc.StatusRuntimeException: UNAVAILABLE: io exception
	at java.util.concurrent.FutureTask.report(FutureTask.java:122)
	at java.util.concurrent.FutureTask.get(FutureTask.java:192)
	at org.apache.ratis.server.impl.LeaderElection.waitForResults(LeaderElection.java:259)
	at org.apache.ratis.server.impl.LeaderElection.askForVotes(LeaderElection.java:197)
	at org.apache.ratis.server.impl.LeaderElection.run(LeaderElection.java:133)
	at java.lang.Thread.run(Thread.java:748)
Caused by: org.apache.ratis.thirdparty.io.grpc.StatusRuntimeException: UNAVAILABLE: io exception
	at org.apache.ratis.thirdparty.io.grpc.stub.ClientCalls.toStatusRuntimeException(ClientCalls.java:233)
	at org.apache.ratis.thirdparty.io.grpc.stub.ClientCalls.getUnchecked(ClientCalls.java:214)
	at org.apache.ratis.thirdparty.io.grpc.stub.ClientCalls.blockingUnaryCall(ClientCalls.java:139)
	at org.apache.ratis.proto.grpc.RaftServerProtocolServiceGrpc$RaftServerProtocolServiceBlockingStub.requestVote(RaftServerProtocolServiceGrpc.java:265)
	at org.apache.ratis.grpc.server.GrpcServerProtocolClient.requestVote(GrpcServerProtocolClient.java:99)
	at org.apache.ratis.grpc.server.GrpcService.requestVote(GrpcService.java:204)
	at org.apache.ratis.server.impl.LeaderElection.lambda$submitRequests$1(LeaderElection.java:234)
	at java.util.concurrent.FutureTask.run(FutureTask.java:266)
	at java.util.concurrent.Executors$RunnableAdapter.call(Executors.java:511)
	at java.util.concurrent.FutureTask.run(FutureTask.java:266)
	at java.util.concurrent.ThreadPoolExecutor.runWorker(ThreadPoolExecutor.java:1149)
	at java.util.concurrent.ThreadPoolExecutor$Worker.run(ThreadPoolExecutor.java:624)
	... 1 more
Caused by: org.apache.ratis.thirdparty.io.netty.channel.AbstractChannel$AnnotatedConnectException: Connection refused: /192.168.34.62:34777
	at sun.nio.ch.SocketChannelImpl.checkConnect(Native Method)
	at sun.nio.ch.SocketChannelImpl.finishConnect(SocketChannelImpl.java:717)
	at org.apache.ratis.thirdparty.io.netty.channel.socket.nio.NioSocketChannel.doFinishConnect(NioSocketChannel.java:327)
	at org.apache.ratis.thirdparty.io.netty.channel.nio.AbstractNioChannel$AbstractNioUnsafe.finishConnect(AbstractNioChannel.java:340)
	at org.apache.ratis.thirdparty.io.netty.channel.nio.NioEventLoop.processSelectedKey(NioEventLoop.java:632)
	at org.apache.ratis.thirdparty.io.netty.channel.nio.NioEventLoop.processSelectedKeysOptimized(NioEventLoop.java:579)
	at org.apache.ratis.thirdparty.io.netty.channel.nio.NioEventLoop.processSelectedKeys(NioEventLoop.java:496)
	at org.apache.ratis.thirdparty.io.netty.channel.nio.NioEventLoop.run(NioEventLoop.java:458)
	at org.apache.ratis.thirdparty.io.netty.util.concurrent.SingleThreadEventExecutor$5.run(SingleThreadEventExecutor.java:897)
	at org.apache.ratis.thirdparty.io.netty.util.concurrent.FastThreadLocalRunnable.run(FastThreadLocalRunnable.java:30)
	... 1 more
Caused by: java.net.ConnectException: Connection refused
	... 11 more
2019-10-17 06:48:36,360 [7c431f9d-51bc-458b-a3a6-511ec217d887@group-21BA9BD4283D-LeaderElection519] INFO  impl.LeaderElection (LeaderElection.java:logAndReturn(56)) - 7c431f9d-51bc-458b-a3a6-511ec217d887@group-21BA9BD4283D-LeaderElection519: Election REJECTED; received 0 response(s) [] and 2 exception(s); 7c431f9d-51bc-458b-a3a6-511ec217d887@group-21BA9BD4283D:t484, leader=null, voted=7c431f9d-51bc-458b-a3a6-511ec217d887, raftlog=7c431f9d-51bc-458b-a3a6-511ec217d887@group-21BA9BD4283D-SegmentedRaftLog:OPENED:c-1,f-1,i0, conf=-1: [67f35358-9777-4ff9-96f4-8a61bc3a94fe:192.168.34.62:37037, 7c431f9d-51bc-458b-a3a6-511ec217d887:192.168.34.62:40420, b9cfa588-8e56-4331-be2f-4c26f25c6739:192.168.34.62:34777], old=null
2019-10-17 06:48:36,360 [7c431f9d-51bc-458b-a3a6-511ec217d887@group-21BA9BD4283D-LeaderElection519] INFO  impl.LeaderElection (LogUtils.java:infoOrTrace(149)) -   Exception 0: {}
java.util.concurrent.ExecutionException: org.apache.ratis.thirdparty.io.grpc.StatusRuntimeException: UNAVAILABLE: io exception
	at java.util.concurrent.FutureTask.report(FutureTask.java:122)
	at java.util.concurrent.FutureTask.get(FutureTask.java:192)
	at org.apache.ratis.server.impl.LeaderElection.waitForResults(LeaderElection.java:259)
	at org.apache.ratis.server.impl.LeaderElection.askForVotes(LeaderElection.java:197)
	at org.apache.ratis.server.impl.LeaderElection.run(LeaderElection.java:133)
	at java.lang.Thread.run(Thread.java:748)
Caused by: org.apache.ratis.thirdparty.io.grpc.StatusRuntimeException: UNAVAILABLE: io exception
	at org.apache.ratis.thirdparty.io.grpc.stub.ClientCalls.toStatusRuntimeException(ClientCalls.java:233)
	at org.apache.ratis.thirdparty.io.grpc.stub.ClientCalls.getUnchecked(ClientCalls.java:214)
	at org.apache.ratis.thirdparty.io.grpc.stub.ClientCalls.blockingUnaryCall(ClientCalls.java:139)
	at org.apache.ratis.proto.grpc.RaftServerProtocolServiceGrpc$RaftServerProtocolServiceBlockingStub.requestVote(RaftServerProtocolServiceGrpc.java:265)
	at org.apache.ratis.grpc.server.GrpcServerProtocolClient.requestVote(GrpcServerProtocolClient.java:99)
	at org.apache.ratis.grpc.server.GrpcService.requestVote(GrpcService.java:204)
	at org.apache.ratis.server.impl.LeaderElection.lambda$submitRequests$1(LeaderElection.java:234)
	at java.util.concurrent.FutureTask.run(FutureTask.java:266)
	at java.util.concurrent.Executors$RunnableAdapter.call(Executors.java:511)
	at java.util.concurrent.FutureTask.run(FutureTask.java:266)
	at java.util.concurrent.ThreadPoolExecutor.runWorker(ThreadPoolExecutor.java:1149)
	at java.util.concurrent.ThreadPoolExecutor$Worker.run(ThreadPoolExecutor.java:624)
	... 1 more
Caused by: org.apache.ratis.thirdparty.io.netty.channel.AbstractChannel$AnnotatedConnectException: Connection refused: /192.168.34.62:37037
	at sun.nio.ch.SocketChannelImpl.checkConnect(Native Method)
	at sun.nio.ch.SocketChannelImpl.finishConnect(SocketChannelImpl.java:717)
	at org.apache.ratis.thirdparty.io.netty.channel.socket.nio.NioSocketChannel.doFinishConnect(NioSocketChannel.java:327)
	at org.apache.ratis.thirdparty.io.netty.channel.nio.AbstractNioChannel$AbstractNioUnsafe.finishConnect(AbstractNioChannel.java:340)
	at org.apache.ratis.thirdparty.io.netty.channel.nio.NioEventLoop.processSelectedKey(NioEventLoop.java:632)
	at org.apache.ratis.thirdparty.io.netty.channel.nio.NioEventLoop.processSelectedKeysOptimized(NioEventLoop.java:579)
	at org.apache.ratis.thirdparty.io.netty.channel.nio.NioEventLoop.processSelectedKeys(NioEventLoop.java:496)
	at org.apache.ratis.thirdparty.io.netty.channel.nio.NioEventLoop.run(NioEventLoop.java:458)
	at org.apache.ratis.thirdparty.io.netty.util.concurrent.SingleThreadEventExecutor$5.run(SingleThreadEventExecutor.java:897)
	at org.apache.ratis.thirdparty.io.netty.util.concurrent.FastThreadLocalRunnable.run(FastThreadLocalRunnable.java:30)
	... 1 more
Caused by: java.net.ConnectException: Connection refused
	... 11 more
2019-10-17 06:48:36,360 [7c431f9d-51bc-458b-a3a6-511ec217d887@group-21BA9BD4283D-LeaderElection519] INFO  impl.LeaderElection (LogUtils.java:infoOrTrace(149)) -   Exception 1: {}
java.util.concurrent.ExecutionException: org.apache.ratis.thirdparty.io.grpc.StatusRuntimeException: UNAVAILABLE: io exception
	at java.util.concurrent.FutureTask.report(FutureTask.java:122)
	at java.util.concurrent.FutureTask.get(FutureTask.java:192)
	at org.apache.ratis.server.impl.LeaderElection.waitForResults(LeaderElection.java:259)
	at org.apache.ratis.server.impl.LeaderElection.askForVotes(LeaderElection.java:197)
	at org.apache.ratis.server.impl.LeaderElection.run(LeaderElection.java:133)
	at java.lang.Thread.run(Thread.java:748)
Caused by: org.apache.ratis.thirdparty.io.grpc.StatusRuntimeException: UNAVAILABLE: io exception
	at org.apache.ratis.thirdparty.io.grpc.stub.ClientCalls.toStatusRuntimeException(ClientCalls.java:233)
	at org.apache.ratis.thirdparty.io.grpc.stub.ClientCalls.getUnchecked(ClientCalls.java:214)
	at org.apache.ratis.thirdparty.io.grpc.stub.ClientCalls.blockingUnaryCall(ClientCalls.java:139)
	at org.apache.ratis.proto.grpc.RaftServerProtocolServiceGrpc$RaftServerProtocolServiceBlockingStub.requestVote(RaftServerProtocolServiceGrpc.java:265)
	at org.apache.ratis.grpc.server.GrpcServerProtocolClient.requestVote(GrpcServerProtocolClient.java:99)
	at org.apache.ratis.grpc.server.GrpcService.requestVote(GrpcService.java:204)
	at org.apache.ratis.server.impl.LeaderElection.lambda$submitRequests$1(LeaderElection.java:234)
	at java.util.concurrent.FutureTask.run(FutureTask.java:266)
	at java.util.concurrent.Executors$RunnableAdapter.call(Executors.java:511)
	at java.util.concurrent.FutureTask.run(FutureTask.java:266)
	at java.util.concurrent.ThreadPoolExecutor.runWorker(ThreadPoolExecutor.java:1149)
	at java.util.concurrent.ThreadPoolExecutor$Worker.run(ThreadPoolExecutor.java:624)
	... 1 more
Caused by: org.apache.ratis.thirdparty.io.netty.channel.AbstractChannel$AnnotatedConnectException: Connection refused: /192.168.34.62:34777
	at sun.nio.ch.SocketChannelImpl.checkConnect(Native Method)
	at sun.nio.ch.SocketChannelImpl.finishConnect(SocketChannelImpl.java:717)
	at org.apache.ratis.thirdparty.io.netty.channel.socket.nio.NioSocketChannel.doFinishConnect(NioSocketChannel.java:327)
	at org.apache.ratis.thirdparty.io.netty.channel.nio.AbstractNioChannel$AbstractNioUnsafe.finishConnect(AbstractNioChannel.java:340)
	at org.apache.ratis.thirdparty.io.netty.channel.nio.NioEventLoop.processSelectedKey(NioEventLoop.java:632)
	at org.apache.ratis.thirdparty.io.netty.channel.nio.NioEventLoop.processSelectedKeysOptimized(NioEventLoop.java:579)
	at org.apache.ratis.thirdparty.io.netty.channel.nio.NioEventLoop.processSelectedKeys(NioEventLoop.java:496)
	at org.apache.ratis.thirdparty.io.netty.channel.nio.NioEventLoop.run(NioEventLoop.java:458)
	at org.apache.ratis.thirdparty.io.netty.util.concurrent.SingleThreadEventExecutor$5.run(SingleThreadEventExecutor.java:897)
	at org.apache.ratis.thirdparty.io.netty.util.concurrent.FastThreadLocalRunnable.run(FastThreadLocalRunnable.java:30)
	... 1 more
Caused by: java.net.ConnectException: Connection refused
	... 11 more
2019-10-17 06:48:36,361 [7c431f9d-51bc-458b-a3a6-511ec217d887@group-21BA9BD4283D-LeaderElection519] INFO  impl.RaftServerImpl (RaftServerImpl.java:setRole(184)) - 7c431f9d-51bc-458b-a3a6-511ec217d887@group-21BA9BD4283D: changes role from CANDIDATE to FOLLOWER at term 484 for DISCOVERED_A_NEW_TERM
2019-10-17 06:48:36,361 [7c431f9d-51bc-458b-a3a6-511ec217d887@group-21BA9BD4283D-LeaderElection519] INFO  impl.RoleInfo (RoleInfo.java:shutdownLeaderElection(134)) - 7c431f9d-51bc-458b-a3a6-511ec217d887: shutdown LeaderElection
2019-10-17 06:48:36,361 [7c431f9d-51bc-458b-a3a6-511ec217d887@group-21BA9BD4283D-LeaderElection519] INFO  impl.RoleInfo (RoleInfo.java:updateAndGet(143)) - 7c431f9d-51bc-458b-a3a6-511ec217d887: start FollowerState
2019-10-17 06:48:36,463 [Thread-4099] INFO  impl.FollowerState (FollowerState.java:run(108)) - 7c431f9d-51bc-458b-a3a6-511ec217d887@group-21BA9BD4283D-FollowerState: change to CANDIDATE, lastRpcTime:102ms, electionTimeout:102ms
2019-10-17 06:48:36,463 [Thread-4099] INFO  impl.RoleInfo (RoleInfo.java:shutdownFollowerState(121)) - 7c431f9d-51bc-458b-a3a6-511ec217d887: shutdown FollowerState
2019-10-17 06:48:36,463 [Thread-4099] INFO  impl.RaftServerImpl (RaftServerImpl.java:setRole(184)) - 7c431f9d-51bc-458b-a3a6-511ec217d887@group-21BA9BD4283D: changes role from  FOLLOWER to CANDIDATE at term 484 for changeToCandidate
2019-10-17 06:48:36,464 [Thread-4099] INFO  impl.RoleInfo (RoleInfo.java:updateAndGet(143)) - 7c431f9d-51bc-458b-a3a6-511ec217d887: start LeaderElection
2019-10-17 06:48:36,467 [7c431f9d-51bc-458b-a3a6-511ec217d887@group-21BA9BD4283D-LeaderElection520] INFO  impl.LeaderElection (LeaderElection.java:askForVotes(178)) - 7c431f9d-51bc-458b-a3a6-511ec217d887@group-21BA9BD4283D-LeaderElection520: begin an election at term 485 for -1: [67f35358-9777-4ff9-96f4-8a61bc3a94fe:192.168.34.62:37037, 7c431f9d-51bc-458b-a3a6-511ec217d887:192.168.34.62:40420, b9cfa588-8e56-4331-be2f-4c26f25c6739:192.168.34.62:34777], old=null
2019-10-17 06:48:36,467 [7c431f9d-51bc-458b-a3a6-511ec217d887@group-21BA9BD4283D-LeaderElection520] INFO  impl.LeaderElection (LogUtils.java:infoOrTrace(149)) - 7c431f9d-51bc-458b-a3a6-511ec217d887@group-21BA9BD4283D-LeaderElection520 got exception when requesting votes: {}
java.util.concurrent.ExecutionException: org.apache.ratis.thirdparty.io.grpc.StatusRuntimeException: UNAVAILABLE: io exception
	at java.util.concurrent.FutureTask.report(FutureTask.java:122)
	at java.util.concurrent.FutureTask.get(FutureTask.java:192)
	at org.apache.ratis.server.impl.LeaderElection.waitForResults(LeaderElection.java:259)
	at org.apache.ratis.server.impl.LeaderElection.askForVotes(LeaderElection.java:197)
	at org.apache.ratis.server.impl.LeaderElection.run(LeaderElection.java:133)
	at java.lang.Thread.run(Thread.java:748)
Caused by: org.apache.ratis.thirdparty.io.grpc.StatusRuntimeException: UNAVAILABLE: io exception
	at org.apache.ratis.thirdparty.io.grpc.stub.ClientCalls.toStatusRuntimeException(ClientCalls.java:233)
	at org.apache.ratis.thirdparty.io.grpc.stub.ClientCalls.getUnchecked(ClientCalls.java:214)
	at org.apache.ratis.thirdparty.io.grpc.stub.ClientCalls.blockingUnaryCall(ClientCalls.java:139)
	at org.apache.ratis.proto.grpc.RaftServerProtocolServiceGrpc$RaftServerProtocolServiceBlockingStub.requestVote(RaftServerProtocolServiceGrpc.java:265)
	at org.apache.ratis.grpc.server.GrpcServerProtocolClient.requestVote(GrpcServerProtocolClient.java:99)
	at org.apache.ratis.grpc.server.GrpcService.requestVote(GrpcService.java:204)
	at org.apache.ratis.server.impl.LeaderElection.lambda$submitRequests$1(LeaderElection.java:234)
	at java.util.concurrent.FutureTask.run(FutureTask.java:266)
	at java.util.concurrent.Executors$RunnableAdapter.call(Executors.java:511)
	at java.util.concurrent.FutureTask.run(FutureTask.java:266)
	at java.util.concurrent.ThreadPoolExecutor.runWorker(ThreadPoolExecutor.java:1149)
	at java.util.concurrent.ThreadPoolExecutor$Worker.run(ThreadPoolExecutor.java:624)
	... 1 more
Caused by: org.apache.ratis.thirdparty.io.netty.channel.AbstractChannel$AnnotatedConnectException: Connection refused: /192.168.34.62:37037
	at sun.nio.ch.SocketChannelImpl.checkConnect(Native Method)
	at sun.nio.ch.SocketChannelImpl.finishConnect(SocketChannelImpl.java:717)
	at org.apache.ratis.thirdparty.io.netty.channel.socket.nio.NioSocketChannel.doFinishConnect(NioSocketChannel.java:327)
	at org.apache.ratis.thirdparty.io.netty.channel.nio.AbstractNioChannel$AbstractNioUnsafe.finishConnect(AbstractNioChannel.java:340)
	at org.apache.ratis.thirdparty.io.netty.channel.nio.NioEventLoop.processSelectedKey(NioEventLoop.java:632)
	at org.apache.ratis.thirdparty.io.netty.channel.nio.NioEventLoop.processSelectedKeysOptimized(NioEventLoop.java:579)
	at org.apache.ratis.thirdparty.io.netty.channel.nio.NioEventLoop.processSelectedKeys(NioEventLoop.java:496)
	at org.apache.ratis.thirdparty.io.netty.channel.nio.NioEventLoop.run(NioEventLoop.java:458)
	at org.apache.ratis.thirdparty.io.netty.util.concurrent.SingleThreadEventExecutor$5.run(SingleThreadEventExecutor.java:897)
	at org.apache.ratis.thirdparty.io.netty.util.concurrent.FastThreadLocalRunnable.run(FastThreadLocalRunnable.java:30)
	... 1 more
Caused by: java.net.ConnectException: Connection refused
	... 11 more
2019-10-17 06:48:36,468 [7c431f9d-51bc-458b-a3a6-511ec217d887@group-21BA9BD4283D-LeaderElection520] INFO  impl.LeaderElection (LogUtils.java:infoOrTrace(149)) - 7c431f9d-51bc-458b-a3a6-511ec217d887@group-21BA9BD4283D-LeaderElection520 got exception when requesting votes: {}
java.util.concurrent.ExecutionException: org.apache.ratis.thirdparty.io.grpc.StatusRuntimeException: UNAVAILABLE: io exception
	at java.util.concurrent.FutureTask.report(FutureTask.java:122)
	at java.util.concurrent.FutureTask.get(FutureTask.java:192)
	at org.apache.ratis.server.impl.LeaderElection.waitForResults(LeaderElection.java:259)
	at org.apache.ratis.server.impl.LeaderElection.askForVotes(LeaderElection.java:197)
	at org.apache.ratis.server.impl.LeaderElection.run(LeaderElection.java:133)
	at java.lang.Thread.run(Thread.java:748)
Caused by: org.apache.ratis.thirdparty.io.grpc.StatusRuntimeException: UNAVAILABLE: io exception
	at org.apache.ratis.thirdparty.io.grpc.stub.ClientCalls.toStatusRuntimeException(ClientCalls.java:233)
	at org.apache.ratis.thirdparty.io.grpc.stub.ClientCalls.getUnchecked(ClientCalls.java:214)
	at org.apache.ratis.thirdparty.io.grpc.stub.ClientCalls.blockingUnaryCall(ClientCalls.java:139)
	at org.apache.ratis.proto.grpc.RaftServerProtocolServiceGrpc$RaftServerProtocolServiceBlockingStub.requestVote(RaftServerProtocolServiceGrpc.java:265)
	at org.apache.ratis.grpc.server.GrpcServerProtocolClient.requestVote(GrpcServerProtocolClient.java:99)
	at org.apache.ratis.grpc.server.GrpcService.requestVote(GrpcService.java:204)
	at org.apache.ratis.server.impl.LeaderElection.lambda$submitRequests$1(LeaderElection.java:234)
	at java.util.concurrent.FutureTask.run(FutureTask.java:266)
	at java.util.concurrent.Executors$RunnableAdapter.call(Executors.java:511)
	at java.util.concurrent.FutureTask.run(FutureTask.java:266)
	at java.util.concurrent.ThreadPoolExecutor.runWorker(ThreadPoolExecutor.java:1149)
	at java.util.concurrent.ThreadPoolExecutor$Worker.run(ThreadPoolExecutor.java:624)
	... 1 more
Caused by: org.apache.ratis.thirdparty.io.netty.channel.AbstractChannel$AnnotatedConnectException: Connection refused: /192.168.34.62:34777
	at sun.nio.ch.SocketChannelImpl.checkConnect(Native Method)
	at sun.nio.ch.SocketChannelImpl.finishConnect(SocketChannelImpl.java:717)
	at org.apache.ratis.thirdparty.io.netty.channel.socket.nio.NioSocketChannel.doFinishConnect(NioSocketChannel.java:327)
	at org.apache.ratis.thirdparty.io.netty.channel.nio.AbstractNioChannel$AbstractNioUnsafe.finishConnect(AbstractNioChannel.java:340)
	at org.apache.ratis.thirdparty.io.netty.channel.nio.NioEventLoop.processSelectedKey(NioEventLoop.java:632)
	at org.apache.ratis.thirdparty.io.netty.channel.nio.NioEventLoop.processSelectedKeysOptimized(NioEventLoop.java:579)
	at org.apache.ratis.thirdparty.io.netty.channel.nio.NioEventLoop.processSelectedKeys(NioEventLoop.java:496)
	at org.apache.ratis.thirdparty.io.netty.channel.nio.NioEventLoop.run(NioEventLoop.java:458)
	at org.apache.ratis.thirdparty.io.netty.util.concurrent.SingleThreadEventExecutor$5.run(SingleThreadEventExecutor.java:897)
	at org.apache.ratis.thirdparty.io.netty.util.concurrent.FastThreadLocalRunnable.run(FastThreadLocalRunnable.java:30)
	... 1 more
Caused by: java.net.ConnectException: Connection refused
	... 11 more
2019-10-17 06:48:36,469 [7c431f9d-51bc-458b-a3a6-511ec217d887@group-21BA9BD4283D-LeaderElection520] INFO  impl.LeaderElection (LeaderElection.java:logAndReturn(56)) - 7c431f9d-51bc-458b-a3a6-511ec217d887@group-21BA9BD4283D-LeaderElection520: Election REJECTED; received 0 response(s) [] and 2 exception(s); 7c431f9d-51bc-458b-a3a6-511ec217d887@group-21BA9BD4283D:t485, leader=null, voted=7c431f9d-51bc-458b-a3a6-511ec217d887, raftlog=7c431f9d-51bc-458b-a3a6-511ec217d887@group-21BA9BD4283D-SegmentedRaftLog:OPENED:c-1,f-1,i0, conf=-1: [67f35358-9777-4ff9-96f4-8a61bc3a94fe:192.168.34.62:37037, 7c431f9d-51bc-458b-a3a6-511ec217d887:192.168.34.62:40420, b9cfa588-8e56-4331-be2f-4c26f25c6739:192.168.34.62:34777], old=null
2019-10-17 06:48:36,469 [7c431f9d-51bc-458b-a3a6-511ec217d887@group-21BA9BD4283D-LeaderElection520] INFO  impl.LeaderElection (LogUtils.java:infoOrTrace(149)) -   Exception 0: {}
java.util.concurrent.ExecutionException: org.apache.ratis.thirdparty.io.grpc.StatusRuntimeException: UNAVAILABLE: io exception
	at java.util.concurrent.FutureTask.report(FutureTask.java:122)
	at java.util.concurrent.FutureTask.get(FutureTask.java:192)
	at org.apache.ratis.server.impl.LeaderElection.waitForResults(LeaderElection.java:259)
	at org.apache.ratis.server.impl.LeaderElection.askForVotes(LeaderElection.java:197)
	at org.apache.ratis.server.impl.LeaderElection.run(LeaderElection.java:133)
	at java.lang.Thread.run(Thread.java:748)
Caused by: org.apache.ratis.thirdparty.io.grpc.StatusRuntimeException: UNAVAILABLE: io exception
	at org.apache.ratis.thirdparty.io.grpc.stub.ClientCalls.toStatusRuntimeException(ClientCalls.java:233)
	at org.apache.ratis.thirdparty.io.grpc.stub.ClientCalls.getUnchecked(ClientCalls.java:214)
	at org.apache.ratis.thirdparty.io.grpc.stub.ClientCalls.blockingUnaryCall(ClientCalls.java:139)
	at org.apache.ratis.proto.grpc.RaftServerProtocolServiceGrpc$RaftServerProtocolServiceBlockingStub.requestVote(RaftServerProtocolServiceGrpc.java:265)
	at org.apache.ratis.grpc.server.GrpcServerProtocolClient.requestVote(GrpcServerProtocolClient.java:99)
	at org.apache.ratis.grpc.server.GrpcService.requestVote(GrpcService.java:204)
	at org.apache.ratis.server.impl.LeaderElection.lambda$submitRequests$1(LeaderElection.java:234)
	at java.util.concurrent.FutureTask.run(FutureTask.java:266)
	at java.util.concurrent.Executors$RunnableAdapter.call(Executors.java:511)
	at java.util.concurrent.FutureTask.run(FutureTask.java:266)
	at java.util.concurrent.ThreadPoolExecutor.runWorker(ThreadPoolExecutor.java:1149)
	at java.util.concurrent.ThreadPoolExecutor$Worker.run(ThreadPoolExecutor.java:624)
	... 1 more
Caused by: org.apache.ratis.thirdparty.io.netty.channel.AbstractChannel$AnnotatedConnectException: Connection refused: /192.168.34.62:37037
	at sun.nio.ch.SocketChannelImpl.checkConnect(Native Method)
	at sun.nio.ch.SocketChannelImpl.finishConnect(SocketChannelImpl.java:717)
	at org.apache.ratis.thirdparty.io.netty.channel.socket.nio.NioSocketChannel.doFinishConnect(NioSocketChannel.java:327)
	at org.apache.ratis.thirdparty.io.netty.channel.nio.AbstractNioChannel$AbstractNioUnsafe.finishConnect(AbstractNioChannel.java:340)
	at org.apache.ratis.thirdparty.io.netty.channel.nio.NioEventLoop.processSelectedKey(NioEventLoop.java:632)
	at org.apache.ratis.thirdparty.io.netty.channel.nio.NioEventLoop.processSelectedKeysOptimized(NioEventLoop.java:579)
	at org.apache.ratis.thirdparty.io.netty.channel.nio.NioEventLoop.processSelectedKeys(NioEventLoop.java:496)
	at org.apache.ratis.thirdparty.io.netty.channel.nio.NioEventLoop.run(NioEventLoop.java:458)
	at org.apache.ratis.thirdparty.io.netty.util.concurrent.SingleThreadEventExecutor$5.run(SingleThreadEventExecutor.java:897)
	at org.apache.ratis.thirdparty.io.netty.util.concurrent.FastThreadLocalRunnable.run(FastThreadLocalRunnable.java:30)
	... 1 more
Caused by: java.net.ConnectException: Connection refused
	... 11 more
2019-10-17 06:48:36,469 [7c431f9d-51bc-458b-a3a6-511ec217d887@group-21BA9BD4283D-LeaderElection520] INFO  impl.LeaderElection (LogUtils.java:infoOrTrace(149)) -   Exception 1: {}
java.util.concurrent.ExecutionException: org.apache.ratis.thirdparty.io.grpc.StatusRuntimeException: UNAVAILABLE: io exception
	at java.util.concurrent.FutureTask.report(FutureTask.java:122)
	at java.util.concurrent.FutureTask.get(FutureTask.java:192)
	at org.apache.ratis.server.impl.LeaderElection.waitForResults(LeaderElection.java:259)
	at org.apache.ratis.server.impl.LeaderElection.askForVotes(LeaderElection.java:197)
	at org.apache.ratis.server.impl.LeaderElection.run(LeaderElection.java:133)
	at java.lang.Thread.run(Thread.java:748)
Caused by: org.apache.ratis.thirdparty.io.grpc.StatusRuntimeException: UNAVAILABLE: io exception
	at org.apache.ratis.thirdparty.io.grpc.stub.ClientCalls.toStatusRuntimeException(ClientCalls.java:233)
	at org.apache.ratis.thirdparty.io.grpc.stub.ClientCalls.getUnchecked(ClientCalls.java:214)
	at org.apache.ratis.thirdparty.io.grpc.stub.ClientCalls.blockingUnaryCall(ClientCalls.java:139)
	at org.apache.ratis.proto.grpc.RaftServerProtocolServiceGrpc$RaftServerProtocolServiceBlockingStub.requestVote(RaftServerProtocolServiceGrpc.java:265)
	at org.apache.ratis.grpc.server.GrpcServerProtocolClient.requestVote(GrpcServerProtocolClient.java:99)
	at org.apache.ratis.grpc.server.GrpcService.requestVote(GrpcService.java:204)
	at org.apache.ratis.server.impl.LeaderElection.lambda$submitRequests$1(LeaderElection.java:234)
	at java.util.concurrent.FutureTask.run(FutureTask.java:266)
	at java.util.concurrent.Executors$RunnableAdapter.call(Executors.java:511)
	at java.util.concurrent.FutureTask.run(FutureTask.java:266)
	at java.util.concurrent.ThreadPoolExecutor.runWorker(ThreadPoolExecutor.java:1149)
	at java.util.concurrent.ThreadPoolExecutor$Worker.run(ThreadPoolExecutor.java:624)
	... 1 more
Caused by: org.apache.ratis.thirdparty.io.netty.channel.AbstractChannel$AnnotatedConnectException: Connection refused: /192.168.34.62:34777
	at sun.nio.ch.SocketChannelImpl.checkConnect(Native Method)
	at sun.nio.ch.SocketChannelImpl.finishConnect(SocketChannelImpl.java:717)
	at org.apache.ratis.thirdparty.io.netty.channel.socket.nio.NioSocketChannel.doFinishConnect(NioSocketChannel.java:327)
	at org.apache.ratis.thirdparty.io.netty.channel.nio.AbstractNioChannel$AbstractNioUnsafe.finishConnect(AbstractNioChannel.java:340)
	at org.apache.ratis.thirdparty.io.netty.channel.nio.NioEventLoop.processSelectedKey(NioEventLoop.java:632)
	at org.apache.ratis.thirdparty.io.netty.channel.nio.NioEventLoop.processSelectedKeysOptimized(NioEventLoop.java:579)
	at org.apache.ratis.thirdparty.io.netty.channel.nio.NioEventLoop.processSelectedKeys(NioEventLoop.java:496)
	at org.apache.ratis.thirdparty.io.netty.channel.nio.NioEventLoop.run(NioEventLoop.java:458)
	at org.apache.ratis.thirdparty.io.netty.util.concurrent.SingleThreadEventExecutor$5.run(SingleThreadEventExecutor.java:897)
	at org.apache.ratis.thirdparty.io.netty.util.concurrent.FastThreadLocalRunnable.run(FastThreadLocalRunnable.java:30)
	... 1 more
Caused by: java.net.ConnectException: Connection refused
	... 11 more
2019-10-17 06:48:36,469 [7c431f9d-51bc-458b-a3a6-511ec217d887@group-21BA9BD4283D-LeaderElection520] INFO  impl.RaftServerImpl (RaftServerImpl.java:setRole(184)) - 7c431f9d-51bc-458b-a3a6-511ec217d887@group-21BA9BD4283D: changes role from CANDIDATE to FOLLOWER at term 485 for DISCOVERED_A_NEW_TERM
2019-10-17 06:48:36,470 [7c431f9d-51bc-458b-a3a6-511ec217d887@group-21BA9BD4283D-LeaderElection520] INFO  impl.RoleInfo (RoleInfo.java:shutdownLeaderElection(134)) - 7c431f9d-51bc-458b-a3a6-511ec217d887: shutdown LeaderElection
2019-10-17 06:48:36,470 [7c431f9d-51bc-458b-a3a6-511ec217d887@group-21BA9BD4283D-LeaderElection520] INFO  impl.RoleInfo (RoleInfo.java:updateAndGet(143)) - 7c431f9d-51bc-458b-a3a6-511ec217d887: start FollowerState
2019-10-17 06:48:36,640 [Thread-4103] INFO  impl.FollowerState (FollowerState.java:run(108)) - 7c431f9d-51bc-458b-a3a6-511ec217d887@group-21BA9BD4283D-FollowerState: change to CANDIDATE, lastRpcTime:170ms, electionTimeout:170ms
2019-10-17 06:48:36,640 [Thread-4103] INFO  impl.RoleInfo (RoleInfo.java:shutdownFollowerState(121)) - 7c431f9d-51bc-458b-a3a6-511ec217d887: shutdown FollowerState
2019-10-17 06:48:36,640 [Thread-4103] INFO  impl.RaftServerImpl (RaftServerImpl.java:setRole(184)) - 7c431f9d-51bc-458b-a3a6-511ec217d887@group-21BA9BD4283D: changes role from  FOLLOWER to CANDIDATE at term 485 for changeToCandidate
2019-10-17 06:48:36,641 [Thread-4103] INFO  impl.RoleInfo (RoleInfo.java:updateAndGet(143)) - 7c431f9d-51bc-458b-a3a6-511ec217d887: start LeaderElection
2019-10-17 06:48:36,653 [7c431f9d-51bc-458b-a3a6-511ec217d887@group-21BA9BD4283D-LeaderElection521] INFO  impl.LeaderElection (LeaderElection.java:askForVotes(178)) - 7c431f9d-51bc-458b-a3a6-511ec217d887@group-21BA9BD4283D-LeaderElection521: begin an election at term 486 for -1: [67f35358-9777-4ff9-96f4-8a61bc3a94fe:192.168.34.62:37037, 7c431f9d-51bc-458b-a3a6-511ec217d887:192.168.34.62:40420, b9cfa588-8e56-4331-be2f-4c26f25c6739:192.168.34.62:34777], old=null
2019-10-17 06:48:36,654 [7c431f9d-51bc-458b-a3a6-511ec217d887@group-21BA9BD4283D-LeaderElection521] INFO  impl.LeaderElection (LogUtils.java:infoOrTrace(149)) - 7c431f9d-51bc-458b-a3a6-511ec217d887@group-21BA9BD4283D-LeaderElection521 got exception when requesting votes: {}
java.util.concurrent.ExecutionException: org.apache.ratis.thirdparty.io.grpc.StatusRuntimeException: UNAVAILABLE: io exception
	at java.util.concurrent.FutureTask.report(FutureTask.java:122)
	at java.util.concurrent.FutureTask.get(FutureTask.java:192)
	at org.apache.ratis.server.impl.LeaderElection.waitForResults(LeaderElection.java:259)
	at org.apache.ratis.server.impl.LeaderElection.askForVotes(LeaderElection.java:197)
	at org.apache.ratis.server.impl.LeaderElection.run(LeaderElection.java:133)
	at java.lang.Thread.run(Thread.java:748)
Caused by: org.apache.ratis.thirdparty.io.grpc.StatusRuntimeException: UNAVAILABLE: io exception
	at org.apache.ratis.thirdparty.io.grpc.stub.ClientCalls.toStatusRuntimeException(ClientCalls.java:233)
	at org.apache.ratis.thirdparty.io.grpc.stub.ClientCalls.getUnchecked(ClientCalls.java:214)
	at org.apache.ratis.thirdparty.io.grpc.stub.ClientCalls.blockingUnaryCall(ClientCalls.java:139)
	at org.apache.ratis.proto.grpc.RaftServerProtocolServiceGrpc$RaftServerProtocolServiceBlockingStub.requestVote(RaftServerProtocolServiceGrpc.java:265)
	at org.apache.ratis.grpc.server.GrpcServerProtocolClient.requestVote(GrpcServerProtocolClient.java:99)
	at org.apache.ratis.grpc.server.GrpcService.requestVote(GrpcService.java:204)
	at org.apache.ratis.server.impl.LeaderElection.lambda$submitRequests$1(LeaderElection.java:234)
	at java.util.concurrent.FutureTask.run(FutureTask.java:266)
	at java.util.concurrent.Executors$RunnableAdapter.call(Executors.java:511)
	at java.util.concurrent.FutureTask.run(FutureTask.java:266)
	at java.util.concurrent.ThreadPoolExecutor.runWorker(ThreadPoolExecutor.java:1149)
	at java.util.concurrent.ThreadPoolExecutor$Worker.run(ThreadPoolExecutor.java:624)
	... 1 more
Caused by: org.apache.ratis.thirdparty.io.netty.channel.AbstractChannel$AnnotatedConnectException: Connection refused: /192.168.34.62:37037
	at sun.nio.ch.SocketChannelImpl.checkConnect(Native Method)
	at sun.nio.ch.SocketChannelImpl.finishConnect(SocketChannelImpl.java:717)
	at org.apache.ratis.thirdparty.io.netty.channel.socket.nio.NioSocketChannel.doFinishConnect(NioSocketChannel.java:327)
	at org.apache.ratis.thirdparty.io.netty.channel.nio.AbstractNioChannel$AbstractNioUnsafe.finishConnect(AbstractNioChannel.java:340)
	at org.apache.ratis.thirdparty.io.netty.channel.nio.NioEventLoop.processSelectedKey(NioEventLoop.java:632)
	at org.apache.ratis.thirdparty.io.netty.channel.nio.NioEventLoop.processSelectedKeysOptimized(NioEventLoop.java:579)
	at org.apache.ratis.thirdparty.io.netty.channel.nio.NioEventLoop.processSelectedKeys(NioEventLoop.java:496)
	at org.apache.ratis.thirdparty.io.netty.channel.nio.NioEventLoop.run(NioEventLoop.java:458)
	at org.apache.ratis.thirdparty.io.netty.util.concurrent.SingleThreadEventExecutor$5.run(SingleThreadEventExecutor.java:897)
	at org.apache.ratis.thirdparty.io.netty.util.concurrent.FastThreadLocalRunnable.run(FastThreadLocalRunnable.java:30)
	... 1 more
Caused by: java.net.ConnectException: Connection refused
	... 11 more
2019-10-17 06:48:36,655 [7c431f9d-51bc-458b-a3a6-511ec217d887@group-21BA9BD4283D-LeaderElection521] INFO  impl.LeaderElection (LogUtils.java:infoOrTrace(149)) - 7c431f9d-51bc-458b-a3a6-511ec217d887@group-21BA9BD4283D-LeaderElection521 got exception when requesting votes: {}
java.util.concurrent.ExecutionException: org.apache.ratis.thirdparty.io.grpc.StatusRuntimeException: UNAVAILABLE: io exception
	at java.util.concurrent.FutureTask.report(FutureTask.java:122)
	at java.util.concurrent.FutureTask.get(FutureTask.java:192)
	at org.apache.ratis.server.impl.LeaderElection.waitForResults(LeaderElection.java:259)
	at org.apache.ratis.server.impl.LeaderElection.askForVotes(LeaderElection.java:197)
	at org.apache.ratis.server.impl.LeaderElection.run(LeaderElection.java:133)
	at java.lang.Thread.run(Thread.java:748)
Caused by: org.apache.ratis.thirdparty.io.grpc.StatusRuntimeException: UNAVAILABLE: io exception
	at org.apache.ratis.thirdparty.io.grpc.stub.ClientCalls.toStatusRuntimeException(ClientCalls.java:233)
	at org.apache.ratis.thirdparty.io.grpc.stub.ClientCalls.getUnchecked(ClientCalls.java:214)
	at org.apache.ratis.thirdparty.io.grpc.stub.ClientCalls.blockingUnaryCall(ClientCalls.java:139)
	at org.apache.ratis.proto.grpc.RaftServerProtocolServiceGrpc$RaftServerProtocolServiceBlockingStub.requestVote(RaftServerProtocolServiceGrpc.java:265)
	at org.apache.ratis.grpc.server.GrpcServerProtocolClient.requestVote(GrpcServerProtocolClient.java:99)
	at org.apache.ratis.grpc.server.GrpcService.requestVote(GrpcService.java:204)
	at org.apache.ratis.server.impl.LeaderElection.lambda$submitRequests$1(LeaderElection.java:234)
	at java.util.concurrent.FutureTask.run(FutureTask.java:266)
	at java.util.concurrent.Executors$RunnableAdapter.call(Executors.java:511)
	at java.util.concurrent.FutureTask.run(FutureTask.java:266)
	at java.util.concurrent.ThreadPoolExecutor.runWorker(ThreadPoolExecutor.java:1149)
	at java.util.concurrent.ThreadPoolExecutor$Worker.run(ThreadPoolExecutor.java:624)
	... 1 more
Caused by: org.apache.ratis.thirdparty.io.netty.channel.AbstractChannel$AnnotatedConnectException: Connection refused: /192.168.34.62:34777
	at sun.nio.ch.SocketChannelImpl.checkConnect(Native Method)
	at sun.nio.ch.SocketChannelImpl.finishConnect(SocketChannelImpl.java:717)
	at org.apache.ratis.thirdparty.io.netty.channel.socket.nio.NioSocketChannel.doFinishConnect(NioSocketChannel.java:327)
	at org.apache.ratis.thirdparty.io.netty.channel.nio.AbstractNioChannel$AbstractNioUnsafe.finishConnect(AbstractNioChannel.java:340)
	at org.apache.ratis.thirdparty.io.netty.channel.nio.NioEventLoop.processSelectedKey(NioEventLoop.java:632)
	at org.apache.ratis.thirdparty.io.netty.channel.nio.NioEventLoop.processSelectedKeysOptimized(NioEventLoop.java:579)
	at org.apache.ratis.thirdparty.io.netty.channel.nio.NioEventLoop.processSelectedKeys(NioEventLoop.java:496)
	at org.apache.ratis.thirdparty.io.netty.channel.nio.NioEventLoop.run(NioEventLoop.java:458)
	at org.apache.ratis.thirdparty.io.netty.util.concurrent.SingleThreadEventExecutor$5.run(SingleThreadEventExecutor.java:897)
	at org.apache.ratis.thirdparty.io.netty.util.concurrent.FastThreadLocalRunnable.run(FastThreadLocalRunnable.java:30)
	... 1 more
Caused by: java.net.ConnectException: Connection refused
	... 11 more
2019-10-17 06:48:36,655 [7c431f9d-51bc-458b-a3a6-511ec217d887@group-21BA9BD4283D-LeaderElection521] INFO  impl.LeaderElection (LeaderElection.java:logAndReturn(56)) - 7c431f9d-51bc-458b-a3a6-511ec217d887@group-21BA9BD4283D-LeaderElection521: Election REJECTED; received 0 response(s) [] and 2 exception(s); 7c431f9d-51bc-458b-a3a6-511ec217d887@group-21BA9BD4283D:t486, leader=null, voted=7c431f9d-51bc-458b-a3a6-511ec217d887, raftlog=7c431f9d-51bc-458b-a3a6-511ec217d887@group-21BA9BD4283D-SegmentedRaftLog:OPENED:c-1,f-1,i0, conf=-1: [67f35358-9777-4ff9-96f4-8a61bc3a94fe:192.168.34.62:37037, 7c431f9d-51bc-458b-a3a6-511ec217d887:192.168.34.62:40420, b9cfa588-8e56-4331-be2f-4c26f25c6739:192.168.34.62:34777], old=null
2019-10-17 06:48:36,655 [7c431f9d-51bc-458b-a3a6-511ec217d887@group-21BA9BD4283D-LeaderElection521] INFO  impl.LeaderElection (LogUtils.java:infoOrTrace(149)) -   Exception 0: {}
java.util.concurrent.ExecutionException: org.apache.ratis.thirdparty.io.grpc.StatusRuntimeException: UNAVAILABLE: io exception
	at java.util.concurrent.FutureTask.report(FutureTask.java:122)
	at java.util.concurrent.FutureTask.get(FutureTask.java:192)
	at org.apache.ratis.server.impl.LeaderElection.waitForResults(LeaderElection.java:259)
	at org.apache.ratis.server.impl.LeaderElection.askForVotes(LeaderElection.java:197)
	at org.apache.ratis.server.impl.LeaderElection.run(LeaderElection.java:133)
	at java.lang.Thread.run(Thread.java:748)
Caused by: org.apache.ratis.thirdparty.io.grpc.StatusRuntimeException: UNAVAILABLE: io exception
	at org.apache.ratis.thirdparty.io.grpc.stub.ClientCalls.toStatusRuntimeException(ClientCalls.java:233)
	at org.apache.ratis.thirdparty.io.grpc.stub.ClientCalls.getUnchecked(ClientCalls.java:214)
	at org.apache.ratis.thirdparty.io.grpc.stub.ClientCalls.blockingUnaryCall(ClientCalls.java:139)
	at org.apache.ratis.proto.grpc.RaftServerProtocolServiceGrpc$RaftServerProtocolServiceBlockingStub.requestVote(RaftServerProtocolServiceGrpc.java:265)
	at org.apache.ratis.grpc.server.GrpcServerProtocolClient.requestVote(GrpcServerProtocolClient.java:99)
	at org.apache.ratis.grpc.server.GrpcService.requestVote(GrpcService.java:204)
	at org.apache.ratis.server.impl.LeaderElection.lambda$submitRequests$1(LeaderElection.java:234)
	at java.util.concurrent.FutureTask.run(FutureTask.java:266)
	at java.util.concurrent.Executors$RunnableAdapter.call(Executors.java:511)
	at java.util.concurrent.FutureTask.run(FutureTask.java:266)
	at java.util.concurrent.ThreadPoolExecutor.runWorker(ThreadPoolExecutor.java:1149)
	at java.util.concurrent.ThreadPoolExecutor$Worker.run(ThreadPoolExecutor.java:624)
	... 1 more
Caused by: org.apache.ratis.thirdparty.io.netty.channel.AbstractChannel$AnnotatedConnectException: Connection refused: /192.168.34.62:37037
	at sun.nio.ch.SocketChannelImpl.checkConnect(Native Method)
	at sun.nio.ch.SocketChannelImpl.finishConnect(SocketChannelImpl.java:717)
	at org.apache.ratis.thirdparty.io.netty.channel.socket.nio.NioSocketChannel.doFinishConnect(NioSocketChannel.java:327)
	at org.apache.ratis.thirdparty.io.netty.channel.nio.AbstractNioChannel$AbstractNioUnsafe.finishConnect(AbstractNioChannel.java:340)
	at org.apache.ratis.thirdparty.io.netty.channel.nio.NioEventLoop.processSelectedKey(NioEventLoop.java:632)
	at org.apache.ratis.thirdparty.io.netty.channel.nio.NioEventLoop.processSelectedKeysOptimized(NioEventLoop.java:579)
	at org.apache.ratis.thirdparty.io.netty.channel.nio.NioEventLoop.processSelectedKeys(NioEventLoop.java:496)
	at org.apache.ratis.thirdparty.io.netty.channel.nio.NioEventLoop.run(NioEventLoop.java:458)
	at org.apache.ratis.thirdparty.io.netty.util.concurrent.SingleThreadEventExecutor$5.run(SingleThreadEventExecutor.java:897)
	at org.apache.ratis.thirdparty.io.netty.util.concurrent.FastThreadLocalRunnable.run(FastThreadLocalRunnable.java:30)
	... 1 more
Caused by: java.net.ConnectException: Connection refused
	... 11 more
2019-10-17 06:48:36,656 [7c431f9d-51bc-458b-a3a6-511ec217d887@group-21BA9BD4283D-LeaderElection521] INFO  impl.LeaderElection (LogUtils.java:infoOrTrace(149)) -   Exception 1: {}
java.util.concurrent.ExecutionException: org.apache.ratis.thirdparty.io.grpc.StatusRuntimeException: UNAVAILABLE: io exception
	at java.util.concurrent.FutureTask.report(FutureTask.java:122)
	at java.util.concurrent.FutureTask.get(FutureTask.java:192)
	at org.apache.ratis.server.impl.LeaderElection.waitForResults(LeaderElection.java:259)
	at org.apache.ratis.server.impl.LeaderElection.askForVotes(LeaderElection.java:197)
	at org.apache.ratis.server.impl.LeaderElection.run(LeaderElection.java:133)
	at java.lang.Thread.run(Thread.java:748)
Caused by: org.apache.ratis.thirdparty.io.grpc.StatusRuntimeException: UNAVAILABLE: io exception
	at org.apache.ratis.thirdparty.io.grpc.stub.ClientCalls.toStatusRuntimeException(ClientCalls.java:233)
	at org.apache.ratis.thirdparty.io.grpc.stub.ClientCalls.getUnchecked(ClientCalls.java:214)
	at org.apache.ratis.thirdparty.io.grpc.stub.ClientCalls.blockingUnaryCall(ClientCalls.java:139)
	at org.apache.ratis.proto.grpc.RaftServerProtocolServiceGrpc$RaftServerProtocolServiceBlockingStub.requestVote(RaftServerProtocolServiceGrpc.java:265)
	at org.apache.ratis.grpc.server.GrpcServerProtocolClient.requestVote(GrpcServerProtocolClient.java:99)
	at org.apache.ratis.grpc.server.GrpcService.requestVote(GrpcService.java:204)
	at org.apache.ratis.server.impl.LeaderElection.lambda$submitRequests$1(LeaderElection.java:234)
	at java.util.concurrent.FutureTask.run(FutureTask.java:266)
	at java.util.concurrent.Executors$RunnableAdapter.call(Executors.java:511)
	at java.util.concurrent.FutureTask.run(FutureTask.java:266)
	at java.util.concurrent.ThreadPoolExecutor.runWorker(ThreadPoolExecutor.java:1149)
	at java.util.concurrent.ThreadPoolExecutor$Worker.run(ThreadPoolExecutor.java:624)
	... 1 more
Caused by: org.apache.ratis.thirdparty.io.netty.channel.AbstractChannel$AnnotatedConnectException: Connection refused: /192.168.34.62:34777
	at sun.nio.ch.SocketChannelImpl.checkConnect(Native Method)
	at sun.nio.ch.SocketChannelImpl.finishConnect(SocketChannelImpl.java:717)
	at org.apache.ratis.thirdparty.io.netty.channel.socket.nio.NioSocketChannel.doFinishConnect(NioSocketChannel.java:327)
	at org.apache.ratis.thirdparty.io.netty.channel.nio.AbstractNioChannel$AbstractNioUnsafe.finishConnect(AbstractNioChannel.java:340)
	at org.apache.ratis.thirdparty.io.netty.channel.nio.NioEventLoop.processSelectedKey(NioEventLoop.java:632)
	at org.apache.ratis.thirdparty.io.netty.channel.nio.NioEventLoop.processSelectedKeysOptimized(NioEventLoop.java:579)
	at org.apache.ratis.thirdparty.io.netty.channel.nio.NioEventLoop.processSelectedKeys(NioEventLoop.java:496)
	at org.apache.ratis.thirdparty.io.netty.channel.nio.NioEventLoop.run(NioEventLoop.java:458)
	at org.apache.ratis.thirdparty.io.netty.util.concurrent.SingleThreadEventExecutor$5.run(SingleThreadEventExecutor.java:897)
	at org.apache.ratis.thirdparty.io.netty.util.concurrent.FastThreadLocalRunnable.run(FastThreadLocalRunnable.java:30)
	... 1 more
Caused by: java.net.ConnectException: Connection refused
	... 11 more
2019-10-17 06:48:36,656 [7c431f9d-51bc-458b-a3a6-511ec217d887@group-21BA9BD4283D-LeaderElection521] INFO  impl.RaftServerImpl (RaftServerImpl.java:setRole(184)) - 7c431f9d-51bc-458b-a3a6-511ec217d887@group-21BA9BD4283D: changes role from CANDIDATE to FOLLOWER at term 486 for DISCOVERED_A_NEW_TERM
2019-10-17 06:48:36,656 [7c431f9d-51bc-458b-a3a6-511ec217d887@group-21BA9BD4283D-LeaderElection521] INFO  impl.RoleInfo (RoleInfo.java:shutdownLeaderElection(134)) - 7c431f9d-51bc-458b-a3a6-511ec217d887: shutdown LeaderElection
2019-10-17 06:48:36,656 [7c431f9d-51bc-458b-a3a6-511ec217d887@group-21BA9BD4283D-LeaderElection521] INFO  impl.RoleInfo (RoleInfo.java:updateAndGet(143)) - 7c431f9d-51bc-458b-a3a6-511ec217d887: start FollowerState
2019-10-17 06:48:36,825 [Thread-4107] INFO  impl.FollowerState (FollowerState.java:run(108)) - 7c431f9d-51bc-458b-a3a6-511ec217d887@group-21BA9BD4283D-FollowerState: change to CANDIDATE, lastRpcTime:168ms, electionTimeout:168ms
2019-10-17 06:48:36,825 [Thread-4107] INFO  impl.RoleInfo (RoleInfo.java:shutdownFollowerState(121)) - 7c431f9d-51bc-458b-a3a6-511ec217d887: shutdown FollowerState
2019-10-17 06:48:36,825 [Thread-4107] INFO  impl.RaftServerImpl (RaftServerImpl.java:setRole(184)) - 7c431f9d-51bc-458b-a3a6-511ec217d887@group-21BA9BD4283D: changes role from  FOLLOWER to CANDIDATE at term 486 for changeToCandidate
2019-10-17 06:48:36,825 [Thread-4107] INFO  impl.RoleInfo (RoleInfo.java:updateAndGet(143)) - 7c431f9d-51bc-458b-a3a6-511ec217d887: start LeaderElection
2019-10-17 06:48:36,842 [7c431f9d-51bc-458b-a3a6-511ec217d887@group-21BA9BD4283D-LeaderElection522] INFO  impl.LeaderElection (LeaderElection.java:askForVotes(178)) - 7c431f9d-51bc-458b-a3a6-511ec217d887@group-21BA9BD4283D-LeaderElection522: begin an election at term 487 for -1: [67f35358-9777-4ff9-96f4-8a61bc3a94fe:192.168.34.62:37037, 7c431f9d-51bc-458b-a3a6-511ec217d887:192.168.34.62:40420, b9cfa588-8e56-4331-be2f-4c26f25c6739:192.168.34.62:34777], old=null
2019-10-17 06:48:36,842 [7c431f9d-51bc-458b-a3a6-511ec217d887@group-21BA9BD4283D-LeaderElection522] INFO  impl.LeaderElection (LogUtils.java:infoOrTrace(149)) - 7c431f9d-51bc-458b-a3a6-511ec217d887@group-21BA9BD4283D-LeaderElection522 got exception when requesting votes: {}
java.util.concurrent.ExecutionException: org.apache.ratis.thirdparty.io.grpc.StatusRuntimeException: UNAVAILABLE: io exception
	at java.util.concurrent.FutureTask.report(FutureTask.java:122)
	at java.util.concurrent.FutureTask.get(FutureTask.java:192)
	at org.apache.ratis.server.impl.LeaderElection.waitForResults(LeaderElection.java:259)
	at org.apache.ratis.server.impl.LeaderElection.askForVotes(LeaderElection.java:197)
	at org.apache.ratis.server.impl.LeaderElection.run(LeaderElection.java:133)
	at java.lang.Thread.run(Thread.java:748)
Caused by: org.apache.ratis.thirdparty.io.grpc.StatusRuntimeException: UNAVAILABLE: io exception
	at org.apache.ratis.thirdparty.io.grpc.stub.ClientCalls.toStatusRuntimeException(ClientCalls.java:233)
	at org.apache.ratis.thirdparty.io.grpc.stub.ClientCalls.getUnchecked(ClientCalls.java:214)
	at org.apache.ratis.thirdparty.io.grpc.stub.ClientCalls.blockingUnaryCall(ClientCalls.java:139)
	at org.apache.ratis.proto.grpc.RaftServerProtocolServiceGrpc$RaftServerProtocolServiceBlockingStub.requestVote(RaftServerProtocolServiceGrpc.java:265)
	at org.apache.ratis.grpc.server.GrpcServerProtocolClient.requestVote(GrpcServerProtocolClient.java:99)
	at org.apache.ratis.grpc.server.GrpcService.requestVote(GrpcService.java:204)
	at org.apache.ratis.server.impl.LeaderElection.lambda$submitRequests$1(LeaderElection.java:234)
	at java.util.concurrent.FutureTask.run(FutureTask.java:266)
	at java.util.concurrent.Executors$RunnableAdapter.call(Executors.java:511)
	at java.util.concurrent.FutureTask.run(FutureTask.java:266)
	at java.util.concurrent.ThreadPoolExecutor.runWorker(ThreadPoolExecutor.java:1149)
	at java.util.concurrent.ThreadPoolExecutor$Worker.run(ThreadPoolExecutor.java:624)
	... 1 more
Caused by: org.apache.ratis.thirdparty.io.netty.channel.AbstractChannel$AnnotatedConnectException: Connection refused: /192.168.34.62:37037
	at sun.nio.ch.SocketChannelImpl.checkConnect(Native Method)
	at sun.nio.ch.SocketChannelImpl.finishConnect(SocketChannelImpl.java:717)
	at org.apache.ratis.thirdparty.io.netty.channel.socket.nio.NioSocketChannel.doFinishConnect(NioSocketChannel.java:327)
	at org.apache.ratis.thirdparty.io.netty.channel.nio.AbstractNioChannel$AbstractNioUnsafe.finishConnect(AbstractNioChannel.java:340)
	at org.apache.ratis.thirdparty.io.netty.channel.nio.NioEventLoop.processSelectedKey(NioEventLoop.java:632)
	at org.apache.ratis.thirdparty.io.netty.channel.nio.NioEventLoop.processSelectedKeysOptimized(NioEventLoop.java:579)
	at org.apache.ratis.thirdparty.io.netty.channel.nio.NioEventLoop.processSelectedKeys(NioEventLoop.java:496)
	at org.apache.ratis.thirdparty.io.netty.channel.nio.NioEventLoop.run(NioEventLoop.java:458)
	at org.apache.ratis.thirdparty.io.netty.util.concurrent.SingleThreadEventExecutor$5.run(SingleThreadEventExecutor.java:897)
	at org.apache.ratis.thirdparty.io.netty.util.concurrent.FastThreadLocalRunnable.run(FastThreadLocalRunnable.java:30)
	... 1 more
Caused by: java.net.ConnectException: Connection refused
	... 11 more
2019-10-17 06:48:36,843 [7c431f9d-51bc-458b-a3a6-511ec217d887@group-21BA9BD4283D-LeaderElection522] INFO  impl.LeaderElection (LogUtils.java:infoOrTrace(149)) - 7c431f9d-51bc-458b-a3a6-511ec217d887@group-21BA9BD4283D-LeaderElection522 got exception when requesting votes: {}
java.util.concurrent.ExecutionException: org.apache.ratis.thirdparty.io.grpc.StatusRuntimeException: UNAVAILABLE: io exception
	at java.util.concurrent.FutureTask.report(FutureTask.java:122)
	at java.util.concurrent.FutureTask.get(FutureTask.java:192)
	at org.apache.ratis.server.impl.LeaderElection.waitForResults(LeaderElection.java:259)
	at org.apache.ratis.server.impl.LeaderElection.askForVotes(LeaderElection.java:197)
	at org.apache.ratis.server.impl.LeaderElection.run(LeaderElection.java:133)
	at java.lang.Thread.run(Thread.java:748)
Caused by: org.apache.ratis.thirdparty.io.grpc.StatusRuntimeException: UNAVAILABLE: io exception
	at org.apache.ratis.thirdparty.io.grpc.stub.ClientCalls.toStatusRuntimeException(ClientCalls.java:233)
	at org.apache.ratis.thirdparty.io.grpc.stub.ClientCalls.getUnchecked(ClientCalls.java:214)
	at org.apache.ratis.thirdparty.io.grpc.stub.ClientCalls.blockingUnaryCall(ClientCalls.java:139)
	at org.apache.ratis.proto.grpc.RaftServerProtocolServiceGrpc$RaftServerProtocolServiceBlockingStub.requestVote(RaftServerProtocolServiceGrpc.java:265)
	at org.apache.ratis.grpc.server.GrpcServerProtocolClient.requestVote(GrpcServerProtocolClient.java:99)
	at org.apache.ratis.grpc.server.GrpcService.requestVote(GrpcService.java:204)
	at org.apache.ratis.server.impl.LeaderElection.lambda$submitRequests$1(LeaderElection.java:234)
	at java.util.concurrent.FutureTask.run(FutureTask.java:266)
	at java.util.concurrent.Executors$RunnableAdapter.call(Executors.java:511)
	at java.util.concurrent.FutureTask.run(FutureTask.java:266)
	at java.util.concurrent.ThreadPoolExecutor.runWorker(ThreadPoolExecutor.java:1149)
	at java.util.concurrent.ThreadPoolExecutor$Worker.run(ThreadPoolExecutor.java:624)
	... 1 more
Caused by: org.apache.ratis.thirdparty.io.netty.channel.AbstractChannel$AnnotatedConnectException: Connection refused: /192.168.34.62:34777
	at sun.nio.ch.SocketChannelImpl.checkConnect(Native Method)
	at sun.nio.ch.SocketChannelImpl.finishConnect(SocketChannelImpl.java:717)
	at org.apache.ratis.thirdparty.io.netty.channel.socket.nio.NioSocketChannel.doFinishConnect(NioSocketChannel.java:327)
	at org.apache.ratis.thirdparty.io.netty.channel.nio.AbstractNioChannel$AbstractNioUnsafe.finishConnect(AbstractNioChannel.java:340)
	at org.apache.ratis.thirdparty.io.netty.channel.nio.NioEventLoop.processSelectedKey(NioEventLoop.java:632)
	at org.apache.ratis.thirdparty.io.netty.channel.nio.NioEventLoop.processSelectedKeysOptimized(NioEventLoop.java:579)
	at org.apache.ratis.thirdparty.io.netty.channel.nio.NioEventLoop.processSelectedKeys(NioEventLoop.java:496)
	at org.apache.ratis.thirdparty.io.netty.channel.nio.NioEventLoop.run(NioEventLoop.java:458)
	at org.apache.ratis.thirdparty.io.netty.util.concurrent.SingleThreadEventExecutor$5.run(SingleThreadEventExecutor.java:897)
	at org.apache.ratis.thirdparty.io.netty.util.concurrent.FastThreadLocalRunnable.run(FastThreadLocalRunnable.java:30)
	... 1 more
Caused by: java.net.ConnectException: Connection refused
	... 11 more
2019-10-17 06:48:36,843 [7c431f9d-51bc-458b-a3a6-511ec217d887@group-21BA9BD4283D-LeaderElection522] INFO  impl.LeaderElection (LeaderElection.java:logAndReturn(56)) - 7c431f9d-51bc-458b-a3a6-511ec217d887@group-21BA9BD4283D-LeaderElection522: Election REJECTED; received 0 response(s) [] and 2 exception(s); 7c431f9d-51bc-458b-a3a6-511ec217d887@group-21BA9BD4283D:t487, leader=null, voted=7c431f9d-51bc-458b-a3a6-511ec217d887, raftlog=7c431f9d-51bc-458b-a3a6-511ec217d887@group-21BA9BD4283D-SegmentedRaftLog:OPENED:c-1,f-1,i0, conf=-1: [67f35358-9777-4ff9-96f4-8a61bc3a94fe:192.168.34.62:37037, 7c431f9d-51bc-458b-a3a6-511ec217d887:192.168.34.62:40420, b9cfa588-8e56-4331-be2f-4c26f25c6739:192.168.34.62:34777], old=null
2019-10-17 06:48:36,843 [7c431f9d-51bc-458b-a3a6-511ec217d887@group-21BA9BD4283D-LeaderElection522] INFO  impl.LeaderElection (LogUtils.java:infoOrTrace(149)) -   Exception 0: {}
java.util.concurrent.ExecutionException: org.apache.ratis.thirdparty.io.grpc.StatusRuntimeException: UNAVAILABLE: io exception
	at java.util.concurrent.FutureTask.report(FutureTask.java:122)
	at java.util.concurrent.FutureTask.get(FutureTask.java:192)
	at org.apache.ratis.server.impl.LeaderElection.waitForResults(LeaderElection.java:259)
	at org.apache.ratis.server.impl.LeaderElection.askForVotes(LeaderElection.java:197)
	at org.apache.ratis.server.impl.LeaderElection.run(LeaderElection.java:133)
	at java.lang.Thread.run(Thread.java:748)
Caused by: org.apache.ratis.thirdparty.io.grpc.StatusRuntimeException: UNAVAILABLE: io exception
	at org.apache.ratis.thirdparty.io.grpc.stub.ClientCalls.toStatusRuntimeException(ClientCalls.java:233)
	at org.apache.ratis.thirdparty.io.grpc.stub.ClientCalls.getUnchecked(ClientCalls.java:214)
	at org.apache.ratis.thirdparty.io.grpc.stub.ClientCalls.blockingUnaryCall(ClientCalls.java:139)
	at org.apache.ratis.proto.grpc.RaftServerProtocolServiceGrpc$RaftServerProtocolServiceBlockingStub.requestVote(RaftServerProtocolServiceGrpc.java:265)
	at org.apache.ratis.grpc.server.GrpcServerProtocolClient.requestVote(GrpcServerProtocolClient.java:99)
	at org.apache.ratis.grpc.server.GrpcService.requestVote(GrpcService.java:204)
	at org.apache.ratis.server.impl.LeaderElection.lambda$submitRequests$1(LeaderElection.java:234)
	at java.util.concurrent.FutureTask.run(FutureTask.java:266)
	at java.util.concurrent.Executors$RunnableAdapter.call(Executors.java:511)
	at java.util.concurrent.FutureTask.run(FutureTask.java:266)
	at java.util.concurrent.ThreadPoolExecutor.runWorker(ThreadPoolExecutor.java:1149)
	at java.util.concurrent.ThreadPoolExecutor$Worker.run(ThreadPoolExecutor.java:624)
	... 1 more
Caused by: org.apache.ratis.thirdparty.io.netty.channel.AbstractChannel$AnnotatedConnectException: Connection refused: /192.168.34.62:37037
	at sun.nio.ch.SocketChannelImpl.checkConnect(Native Method)
	at sun.nio.ch.SocketChannelImpl.finishConnect(SocketChannelImpl.java:717)
	at org.apache.ratis.thirdparty.io.netty.channel.socket.nio.NioSocketChannel.doFinishConnect(NioSocketChannel.java:327)
	at org.apache.ratis.thirdparty.io.netty.channel.nio.AbstractNioChannel$AbstractNioUnsafe.finishConnect(AbstractNioChannel.java:340)
	at org.apache.ratis.thirdparty.io.netty.channel.nio.NioEventLoop.processSelectedKey(NioEventLoop.java:632)
	at org.apache.ratis.thirdparty.io.netty.channel.nio.NioEventLoop.processSelectedKeysOptimized(NioEventLoop.java:579)
	at org.apache.ratis.thirdparty.io.netty.channel.nio.NioEventLoop.processSelectedKeys(NioEventLoop.java:496)
	at org.apache.ratis.thirdparty.io.netty.channel.nio.NioEventLoop.run(NioEventLoop.java:458)
	at org.apache.ratis.thirdparty.io.netty.util.concurrent.SingleThreadEventExecutor$5.run(SingleThreadEventExecutor.java:897)
	at org.apache.ratis.thirdparty.io.netty.util.concurrent.FastThreadLocalRunnable.run(FastThreadLocalRunnable.java:30)
	... 1 more
Caused by: java.net.ConnectException: Connection refused
	... 11 more
2019-10-17 06:48:36,844 [7c431f9d-51bc-458b-a3a6-511ec217d887@group-21BA9BD4283D-LeaderElection522] INFO  impl.LeaderElection (LogUtils.java:infoOrTrace(149)) -   Exception 1: {}
java.util.concurrent.ExecutionException: org.apache.ratis.thirdparty.io.grpc.StatusRuntimeException: UNAVAILABLE: io exception
	at java.util.concurrent.FutureTask.report(FutureTask.java:122)
	at java.util.concurrent.FutureTask.get(FutureTask.java:192)
	at org.apache.ratis.server.impl.LeaderElection.waitForResults(LeaderElection.java:259)
	at org.apache.ratis.server.impl.LeaderElection.askForVotes(LeaderElection.java:197)
	at org.apache.ratis.server.impl.LeaderElection.run(LeaderElection.java:133)
	at java.lang.Thread.run(Thread.java:748)
Caused by: org.apache.ratis.thirdparty.io.grpc.StatusRuntimeException: UNAVAILABLE: io exception
	at org.apache.ratis.thirdparty.io.grpc.stub.ClientCalls.toStatusRuntimeException(ClientCalls.java:233)
	at org.apache.ratis.thirdparty.io.grpc.stub.ClientCalls.getUnchecked(ClientCalls.java:214)
	at org.apache.ratis.thirdparty.io.grpc.stub.ClientCalls.blockingUnaryCall(ClientCalls.java:139)
	at org.apache.ratis.proto.grpc.RaftServerProtocolServiceGrpc$RaftServerProtocolServiceBlockingStub.requestVote(RaftServerProtocolServiceGrpc.java:265)
	at org.apache.ratis.grpc.server.GrpcServerProtocolClient.requestVote(GrpcServerProtocolClient.java:99)
	at org.apache.ratis.grpc.server.GrpcService.requestVote(GrpcService.java:204)
	at org.apache.ratis.server.impl.LeaderElection.lambda$submitRequests$1(LeaderElection.java:234)
	at java.util.concurrent.FutureTask.run(FutureTask.java:266)
	at java.util.concurrent.Executors$RunnableAdapter.call(Executors.java:511)
	at java.util.concurrent.FutureTask.run(FutureTask.java:266)
	at java.util.concurrent.ThreadPoolExecutor.runWorker(ThreadPoolExecutor.java:1149)
	at java.util.concurrent.ThreadPoolExecutor$Worker.run(ThreadPoolExecutor.java:624)
	... 1 more
Caused by: org.apache.ratis.thirdparty.io.netty.channel.AbstractChannel$AnnotatedConnectException: Connection refused: /192.168.34.62:34777
	at sun.nio.ch.SocketChannelImpl.checkConnect(Native Method)
	at sun.nio.ch.SocketChannelImpl.finishConnect(SocketChannelImpl.java:717)
	at org.apache.ratis.thirdparty.io.netty.channel.socket.nio.NioSocketChannel.doFinishConnect(NioSocketChannel.java:327)
	at org.apache.ratis.thirdparty.io.netty.channel.nio.AbstractNioChannel$AbstractNioUnsafe.finishConnect(AbstractNioChannel.java:340)
	at org.apache.ratis.thirdparty.io.netty.channel.nio.NioEventLoop.processSelectedKey(NioEventLoop.java:632)
	at org.apache.ratis.thirdparty.io.netty.channel.nio.NioEventLoop.processSelectedKeysOptimized(NioEventLoop.java:579)
	at org.apache.ratis.thirdparty.io.netty.channel.nio.NioEventLoop.processSelectedKeys(NioEventLoop.java:496)
	at org.apache.ratis.thirdparty.io.netty.channel.nio.NioEventLoop.run(NioEventLoop.java:458)
	at org.apache.ratis.thirdparty.io.netty.util.concurrent.SingleThreadEventExecutor$5.run(SingleThreadEventExecutor.java:897)
	at org.apache.ratis.thirdparty.io.netty.util.concurrent.FastThreadLocalRunnable.run(FastThreadLocalRunnable.java:30)
	... 1 more
Caused by: java.net.ConnectException: Connection refused
	... 11 more
2019-10-17 06:48:36,844 [7c431f9d-51bc-458b-a3a6-511ec217d887@group-21BA9BD4283D-LeaderElection522] INFO  impl.RaftServerImpl (RaftServerImpl.java:setRole(184)) - 7c431f9d-51bc-458b-a3a6-511ec217d887@group-21BA9BD4283D: changes role from CANDIDATE to FOLLOWER at term 487 for DISCOVERED_A_NEW_TERM
2019-10-17 06:48:36,844 [7c431f9d-51bc-458b-a3a6-511ec217d887@group-21BA9BD4283D-LeaderElection522] INFO  impl.RoleInfo (RoleInfo.java:shutdownLeaderElection(134)) - 7c431f9d-51bc-458b-a3a6-511ec217d887: shutdown LeaderElection
2019-10-17 06:48:36,844 [7c431f9d-51bc-458b-a3a6-511ec217d887@group-21BA9BD4283D-LeaderElection522] INFO  impl.RoleInfo (RoleInfo.java:updateAndGet(143)) - 7c431f9d-51bc-458b-a3a6-511ec217d887: start FollowerState
2019-10-17 06:48:36,863 [Thread-4111] INFO  impl.FollowerState (FollowerState.java:run(108)) - 7c431f9d-51bc-458b-a3a6-511ec217d887@group-21BA9BD4283D-FollowerState: change to CANDIDATE, lastRpcTime:19ms, electionTimeout:19ms
2019-10-17 06:48:36,863 [Thread-4111] INFO  impl.RoleInfo (RoleInfo.java:shutdownFollowerState(121)) - 7c431f9d-51bc-458b-a3a6-511ec217d887: shutdown FollowerState
2019-10-17 06:48:36,864 [Thread-4111] INFO  impl.RaftServerImpl (RaftServerImpl.java:setRole(184)) - 7c431f9d-51bc-458b-a3a6-511ec217d887@group-21BA9BD4283D: changes role from  FOLLOWER to CANDIDATE at term 487 for changeToCandidate
2019-10-17 06:48:36,864 [Thread-4111] INFO  impl.RoleInfo (RoleInfo.java:updateAndGet(143)) - 7c431f9d-51bc-458b-a3a6-511ec217d887: start LeaderElection
2019-10-17 06:48:36,878 [7c431f9d-51bc-458b-a3a6-511ec217d887@group-21BA9BD4283D-LeaderElection523] INFO  impl.LeaderElection (LeaderElection.java:askForVotes(178)) - 7c431f9d-51bc-458b-a3a6-511ec217d887@group-21BA9BD4283D-LeaderElection523: begin an election at term 488 for -1: [67f35358-9777-4ff9-96f4-8a61bc3a94fe:192.168.34.62:37037, 7c431f9d-51bc-458b-a3a6-511ec217d887:192.168.34.62:40420, b9cfa588-8e56-4331-be2f-4c26f25c6739:192.168.34.62:34777], old=null
2019-10-17 06:48:36,879 [7c431f9d-51bc-458b-a3a6-511ec217d887@group-21BA9BD4283D-LeaderElection523] INFO  impl.LeaderElection (LogUtils.java:infoOrTrace(149)) - 7c431f9d-51bc-458b-a3a6-511ec217d887@group-21BA9BD4283D-LeaderElection523 got exception when requesting votes: {}
java.util.concurrent.ExecutionException: org.apache.ratis.thirdparty.io.grpc.StatusRuntimeException: UNAVAILABLE: io exception
	at java.util.concurrent.FutureTask.report(FutureTask.java:122)
	at java.util.concurrent.FutureTask.get(FutureTask.java:192)
	at org.apache.ratis.server.impl.LeaderElection.waitForResults(LeaderElection.java:259)
	at org.apache.ratis.server.impl.LeaderElection.askForVotes(LeaderElection.java:197)
	at org.apache.ratis.server.impl.LeaderElection.run(LeaderElection.java:133)
	at java.lang.Thread.run(Thread.java:748)
Caused by: org.apache.ratis.thirdparty.io.grpc.StatusRuntimeException: UNAVAILABLE: io exception
	at org.apache.ratis.thirdparty.io.grpc.stub.ClientCalls.toStatusRuntimeException(ClientCalls.java:233)
	at org.apache.ratis.thirdparty.io.grpc.stub.ClientCalls.getUnchecked(ClientCalls.java:214)
	at org.apache.ratis.thirdparty.io.grpc.stub.ClientCalls.blockingUnaryCall(ClientCalls.java:139)
	at org.apache.ratis.proto.grpc.RaftServerProtocolServiceGrpc$RaftServerProtocolServiceBlockingStub.requestVote(RaftServerProtocolServiceGrpc.java:265)
	at org.apache.ratis.grpc.server.GrpcServerProtocolClient.requestVote(GrpcServerProtocolClient.java:99)
	at org.apache.ratis.grpc.server.GrpcService.requestVote(GrpcService.java:204)
	at org.apache.ratis.server.impl.LeaderElection.lambda$submitRequests$1(LeaderElection.java:234)
	at java.util.concurrent.FutureTask.run(FutureTask.java:266)
	at java.util.concurrent.Executors$RunnableAdapter.call(Executors.java:511)
	at java.util.concurrent.FutureTask.run(FutureTask.java:266)
	at java.util.concurrent.ThreadPoolExecutor.runWorker(ThreadPoolExecutor.java:1149)
	at java.util.concurrent.ThreadPoolExecutor$Worker.run(ThreadPoolExecutor.java:624)
	... 1 more
Caused by: org.apache.ratis.thirdparty.io.netty.channel.AbstractChannel$AnnotatedConnectException: Connection refused: /192.168.34.62:37037
	at sun.nio.ch.SocketChannelImpl.checkConnect(Native Method)
	at sun.nio.ch.SocketChannelImpl.finishConnect(SocketChannelImpl.java:717)
	at org.apache.ratis.thirdparty.io.netty.channel.socket.nio.NioSocketChannel.doFinishConnect(NioSocketChannel.java:327)
	at org.apache.ratis.thirdparty.io.netty.channel.nio.AbstractNioChannel$AbstractNioUnsafe.finishConnect(AbstractNioChannel.java:340)
	at org.apache.ratis.thirdparty.io.netty.channel.nio.NioEventLoop.processSelectedKey(NioEventLoop.java:632)
	at org.apache.ratis.thirdparty.io.netty.channel.nio.NioEventLoop.processSelectedKeysOptimized(NioEventLoop.java:579)
	at org.apache.ratis.thirdparty.io.netty.channel.nio.NioEventLoop.processSelectedKeys(NioEventLoop.java:496)
	at org.apache.ratis.thirdparty.io.netty.channel.nio.NioEventLoop.run(NioEventLoop.java:458)
	at org.apache.ratis.thirdparty.io.netty.util.concurrent.SingleThreadEventExecutor$5.run(SingleThreadEventExecutor.java:897)
	at org.apache.ratis.thirdparty.io.netty.util.concurrent.FastThreadLocalRunnable.run(FastThreadLocalRunnable.java:30)
	... 1 more
Caused by: java.net.ConnectException: Connection refused
	... 11 more
2019-10-17 06:48:36,879 [7c431f9d-51bc-458b-a3a6-511ec217d887@group-21BA9BD4283D-LeaderElection523] INFO  impl.LeaderElection (LogUtils.java:infoOrTrace(149)) - 7c431f9d-51bc-458b-a3a6-511ec217d887@group-21BA9BD4283D-LeaderElection523 got exception when requesting votes: {}
java.util.concurrent.ExecutionException: org.apache.ratis.thirdparty.io.grpc.StatusRuntimeException: UNAVAILABLE: io exception
	at java.util.concurrent.FutureTask.report(FutureTask.java:122)
	at java.util.concurrent.FutureTask.get(FutureTask.java:192)
	at org.apache.ratis.server.impl.LeaderElection.waitForResults(LeaderElection.java:259)
	at org.apache.ratis.server.impl.LeaderElection.askForVotes(LeaderElection.java:197)
	at org.apache.ratis.server.impl.LeaderElection.run(LeaderElection.java:133)
	at java.lang.Thread.run(Thread.java:748)
Caused by: org.apache.ratis.thirdparty.io.grpc.StatusRuntimeException: UNAVAILABLE: io exception
	at org.apache.ratis.thirdparty.io.grpc.stub.ClientCalls.toStatusRuntimeException(ClientCalls.java:233)
	at org.apache.ratis.thirdparty.io.grpc.stub.ClientCalls.getUnchecked(ClientCalls.java:214)
	at org.apache.ratis.thirdparty.io.grpc.stub.ClientCalls.blockingUnaryCall(ClientCalls.java:139)
	at org.apache.ratis.proto.grpc.RaftServerProtocolServiceGrpc$RaftServerProtocolServiceBlockingStub.requestVote(RaftServerProtocolServiceGrpc.java:265)
	at org.apache.ratis.grpc.server.GrpcServerProtocolClient.requestVote(GrpcServerProtocolClient.java:99)
	at org.apache.ratis.grpc.server.GrpcService.requestVote(GrpcService.java:204)
	at org.apache.ratis.server.impl.LeaderElection.lambda$submitRequests$1(LeaderElection.java:234)
	at java.util.concurrent.FutureTask.run(FutureTask.java:266)
	at java.util.concurrent.Executors$RunnableAdapter.call(Executors.java:511)
	at java.util.concurrent.FutureTask.run(FutureTask.java:266)
	at java.util.concurrent.ThreadPoolExecutor.runWorker(ThreadPoolExecutor.java:1149)
	at java.util.concurrent.ThreadPoolExecutor$Worker.run(ThreadPoolExecutor.java:624)
	... 1 more
Caused by: org.apache.ratis.thirdparty.io.netty.channel.AbstractChannel$AnnotatedConnectException: Connection refused: /192.168.34.62:34777
	at sun.nio.ch.SocketChannelImpl.checkConnect(Native Method)
	at sun.nio.ch.SocketChannelImpl.finishConnect(SocketChannelImpl.java:717)
	at org.apache.ratis.thirdparty.io.netty.channel.socket.nio.NioSocketChannel.doFinishConnect(NioSocketChannel.java:327)
	at org.apache.ratis.thirdparty.io.netty.channel.nio.AbstractNioChannel$AbstractNioUnsafe.finishConnect(AbstractNioChannel.java:340)
	at org.apache.ratis.thirdparty.io.netty.channel.nio.NioEventLoop.processSelectedKey(NioEventLoop.java:632)
	at org.apache.ratis.thirdparty.io.netty.channel.nio.NioEventLoop.processSelectedKeysOptimized(NioEventLoop.java:579)
	at org.apache.ratis.thirdparty.io.netty.channel.nio.NioEventLoop.processSelectedKeys(NioEventLoop.java:496)
	at org.apache.ratis.thirdparty.io.netty.channel.nio.NioEventLoop.run(NioEventLoop.java:458)
	at org.apache.ratis.thirdparty.io.netty.util.concurrent.SingleThreadEventExecutor$5.run(SingleThreadEventExecutor.java:897)
	at org.apache.ratis.thirdparty.io.netty.util.concurrent.FastThreadLocalRunnable.run(FastThreadLocalRunnable.java:30)
	... 1 more
Caused by: java.net.ConnectException: Connection refused
	... 11 more
2019-10-17 06:48:36,880 [7c431f9d-51bc-458b-a3a6-511ec217d887@group-21BA9BD4283D-LeaderElection523] INFO  impl.LeaderElection (LeaderElection.java:logAndReturn(56)) - 7c431f9d-51bc-458b-a3a6-511ec217d887@group-21BA9BD4283D-LeaderElection523: Election REJECTED; received 0 response(s) [] and 2 exception(s); 7c431f9d-51bc-458b-a3a6-511ec217d887@group-21BA9BD4283D:t488, leader=null, voted=7c431f9d-51bc-458b-a3a6-511ec217d887, raftlog=7c431f9d-51bc-458b-a3a6-511ec217d887@group-21BA9BD4283D-SegmentedRaftLog:OPENED:c-1,f-1,i0, conf=-1: [67f35358-9777-4ff9-96f4-8a61bc3a94fe:192.168.34.62:37037, 7c431f9d-51bc-458b-a3a6-511ec217d887:192.168.34.62:40420, b9cfa588-8e56-4331-be2f-4c26f25c6739:192.168.34.62:34777], old=null
2019-10-17 06:48:36,880 [7c431f9d-51bc-458b-a3a6-511ec217d887@group-21BA9BD4283D-LeaderElection523] INFO  impl.LeaderElection (LogUtils.java:infoOrTrace(149)) -   Exception 0: {}
java.util.concurrent.ExecutionException: org.apache.ratis.thirdparty.io.grpc.StatusRuntimeException: UNAVAILABLE: io exception
	at java.util.concurrent.FutureTask.report(FutureTask.java:122)
	at java.util.concurrent.FutureTask.get(FutureTask.java:192)
	at org.apache.ratis.server.impl.LeaderElection.waitForResults(LeaderElection.java:259)
	at org.apache.ratis.server.impl.LeaderElection.askForVotes(LeaderElection.java:197)
	at org.apache.ratis.server.impl.LeaderElection.run(LeaderElection.java:133)
	at java.lang.Thread.run(Thread.java:748)
Caused by: org.apache.ratis.thirdparty.io.grpc.StatusRuntimeException: UNAVAILABLE: io exception
	at org.apache.ratis.thirdparty.io.grpc.stub.ClientCalls.toStatusRuntimeException(ClientCalls.java:233)
	at org.apache.ratis.thirdparty.io.grpc.stub.ClientCalls.getUnchecked(ClientCalls.java:214)
	at org.apache.ratis.thirdparty.io.grpc.stub.ClientCalls.blockingUnaryCall(ClientCalls.java:139)
	at org.apache.ratis.proto.grpc.RaftServerProtocolServiceGrpc$RaftServerProtocolServiceBlockingStub.requestVote(RaftServerProtocolServiceGrpc.java:265)
	at org.apache.ratis.grpc.server.GrpcServerProtocolClient.requestVote(GrpcServerProtocolClient.java:99)
	at org.apache.ratis.grpc.server.GrpcService.requestVote(GrpcService.java:204)
	at org.apache.ratis.server.impl.LeaderElection.lambda$submitRequests$1(LeaderElection.java:234)
	at java.util.concurrent.FutureTask.run(FutureTask.java:266)
	at java.util.concurrent.Executors$RunnableAdapter.call(Executors.java:511)
	at java.util.concurrent.FutureTask.run(FutureTask.java:266)
	at java.util.concurrent.ThreadPoolExecutor.runWorker(ThreadPoolExecutor.java:1149)
	at java.util.concurrent.ThreadPoolExecutor$Worker.run(ThreadPoolExecutor.java:624)
	... 1 more
Caused by: org.apache.ratis.thirdparty.io.netty.channel.AbstractChannel$AnnotatedConnectException: Connection refused: /192.168.34.62:37037
	at sun.nio.ch.SocketChannelImpl.checkConnect(Native Method)
	at sun.nio.ch.SocketChannelImpl.finishConnect(SocketChannelImpl.java:717)
	at org.apache.ratis.thirdparty.io.netty.channel.socket.nio.NioSocketChannel.doFinishConnect(NioSocketChannel.java:327)
	at org.apache.ratis.thirdparty.io.netty.channel.nio.AbstractNioChannel$AbstractNioUnsafe.finishConnect(AbstractNioChannel.java:340)
	at org.apache.ratis.thirdparty.io.netty.channel.nio.NioEventLoop.processSelectedKey(NioEventLoop.java:632)
	at org.apache.ratis.thirdparty.io.netty.channel.nio.NioEventLoop.processSelectedKeysOptimized(NioEventLoop.java:579)
	at org.apache.ratis.thirdparty.io.netty.channel.nio.NioEventLoop.processSelectedKeys(NioEventLoop.java:496)
	at org.apache.ratis.thirdparty.io.netty.channel.nio.NioEventLoop.run(NioEventLoop.java:458)
	at org.apache.ratis.thirdparty.io.netty.util.concurrent.SingleThreadEventExecutor$5.run(SingleThreadEventExecutor.java:897)
	at org.apache.ratis.thirdparty.io.netty.util.concurrent.FastThreadLocalRunnable.run(FastThreadLocalRunnable.java:30)
	... 1 more
Caused by: java.net.ConnectException: Connection refused
	... 11 more
2019-10-17 06:48:36,880 [7c431f9d-51bc-458b-a3a6-511ec217d887@group-21BA9BD4283D-LeaderElection523] INFO  impl.LeaderElection (LogUtils.java:infoOrTrace(149)) -   Exception 1: {}
java.util.concurrent.ExecutionException: org.apache.ratis.thirdparty.io.grpc.StatusRuntimeException: UNAVAILABLE: io exception
	at java.util.concurrent.FutureTask.report(FutureTask.java:122)
	at java.util.concurrent.FutureTask.get(FutureTask.java:192)
	at org.apache.ratis.server.impl.LeaderElection.waitForResults(LeaderElection.java:259)
	at org.apache.ratis.server.impl.LeaderElection.askForVotes(LeaderElection.java:197)
	at org.apache.ratis.server.impl.LeaderElection.run(LeaderElection.java:133)
	at java.lang.Thread.run(Thread.java:748)
Caused by: org.apache.ratis.thirdparty.io.grpc.StatusRuntimeException: UNAVAILABLE: io exception
	at org.apache.ratis.thirdparty.io.grpc.stub.ClientCalls.toStatusRuntimeException(ClientCalls.java:233)
	at org.apache.ratis.thirdparty.io.grpc.stub.ClientCalls.getUnchecked(ClientCalls.java:214)
	at org.apache.ratis.thirdparty.io.grpc.stub.ClientCalls.blockingUnaryCall(ClientCalls.java:139)
	at org.apache.ratis.proto.grpc.RaftServerProtocolServiceGrpc$RaftServerProtocolServiceBlockingStub.requestVote(RaftServerProtocolServiceGrpc.java:265)
	at org.apache.ratis.grpc.server.GrpcServerProtocolClient.requestVote(GrpcServerProtocolClient.java:99)
	at org.apache.ratis.grpc.server.GrpcService.requestVote(GrpcService.java:204)
	at org.apache.ratis.server.impl.LeaderElection.lambda$submitRequests$1(LeaderElection.java:234)
	at java.util.concurrent.FutureTask.run(FutureTask.java:266)
	at java.util.concurrent.Executors$RunnableAdapter.call(Executors.java:511)
	at java.util.concurrent.FutureTask.run(FutureTask.java:266)
	at java.util.concurrent.ThreadPoolExecutor.runWorker(ThreadPoolExecutor.java:1149)
	at java.util.concurrent.ThreadPoolExecutor$Worker.run(ThreadPoolExecutor.java:624)
	... 1 more
Caused by: org.apache.ratis.thirdparty.io.netty.channel.AbstractChannel$AnnotatedConnectException: Connection refused: /192.168.34.62:34777
	at sun.nio.ch.SocketChannelImpl.checkConnect(Native Method)
	at sun.nio.ch.SocketChannelImpl.finishConnect(SocketChannelImpl.java:717)
	at org.apache.ratis.thirdparty.io.netty.channel.socket.nio.NioSocketChannel.doFinishConnect(NioSocketChannel.java:327)
	at org.apache.ratis.thirdparty.io.netty.channel.nio.AbstractNioChannel$AbstractNioUnsafe.finishConnect(AbstractNioChannel.java:340)
	at org.apache.ratis.thirdparty.io.netty.channel.nio.NioEventLoop.processSelectedKey(NioEventLoop.java:632)
	at org.apache.ratis.thirdparty.io.netty.channel.nio.NioEventLoop.processSelectedKeysOptimized(NioEventLoop.java:579)
	at org.apache.ratis.thirdparty.io.netty.channel.nio.NioEventLoop.processSelectedKeys(NioEventLoop.java:496)
	at org.apache.ratis.thirdparty.io.netty.channel.nio.NioEventLoop.run(NioEventLoop.java:458)
	at org.apache.ratis.thirdparty.io.netty.util.concurrent.SingleThreadEventExecutor$5.run(SingleThreadEventExecutor.java:897)
	at org.apache.ratis.thirdparty.io.netty.util.concurrent.FastThreadLocalRunnable.run(FastThreadLocalRunnable.java:30)
	... 1 more
Caused by: java.net.ConnectException: Connection refused
	... 11 more
2019-10-17 06:48:36,880 [7c431f9d-51bc-458b-a3a6-511ec217d887@group-21BA9BD4283D-LeaderElection523] INFO  impl.RaftServerImpl (RaftServerImpl.java:setRole(184)) - 7c431f9d-51bc-458b-a3a6-511ec217d887@group-21BA9BD4283D: changes role from CANDIDATE to FOLLOWER at term 488 for DISCOVERED_A_NEW_TERM
2019-10-17 06:48:36,881 [7c431f9d-51bc-458b-a3a6-511ec217d887@group-21BA9BD4283D-LeaderElection523] INFO  impl.RoleInfo (RoleInfo.java:shutdownLeaderElection(134)) - 7c431f9d-51bc-458b-a3a6-511ec217d887: shutdown LeaderElection
2019-10-17 06:48:36,881 [7c431f9d-51bc-458b-a3a6-511ec217d887@group-21BA9BD4283D-LeaderElection523] INFO  impl.RoleInfo (RoleInfo.java:updateAndGet(143)) - 7c431f9d-51bc-458b-a3a6-511ec217d887: start FollowerState
2019-10-17 06:48:37,042 [Thread-4115] INFO  impl.FollowerState (FollowerState.java:run(108)) - 7c431f9d-51bc-458b-a3a6-511ec217d887@group-21BA9BD4283D-FollowerState: change to CANDIDATE, lastRpcTime:161ms, electionTimeout:161ms
2019-10-17 06:48:37,042 [Thread-4115] INFO  impl.RoleInfo (RoleInfo.java:shutdownFollowerState(121)) - 7c431f9d-51bc-458b-a3a6-511ec217d887: shutdown FollowerState
2019-10-17 06:48:37,042 [Thread-4115] INFO  impl.RaftServerImpl (RaftServerImpl.java:setRole(184)) - 7c431f9d-51bc-458b-a3a6-511ec217d887@group-21BA9BD4283D: changes role from  FOLLOWER to CANDIDATE at term 488 for changeToCandidate
2019-10-17 06:48:37,043 [Thread-4115] INFO  impl.RoleInfo (RoleInfo.java:updateAndGet(143)) - 7c431f9d-51bc-458b-a3a6-511ec217d887: start LeaderElection
2019-10-17 06:48:37,068 [7c431f9d-51bc-458b-a3a6-511ec217d887@group-21BA9BD4283D-LeaderElection524] INFO  impl.LeaderElection (LeaderElection.java:askForVotes(178)) - 7c431f9d-51bc-458b-a3a6-511ec217d887@group-21BA9BD4283D-LeaderElection524: begin an election at term 489 for -1: [67f35358-9777-4ff9-96f4-8a61bc3a94fe:192.168.34.62:37037, 7c431f9d-51bc-458b-a3a6-511ec217d887:192.168.34.62:40420, b9cfa588-8e56-4331-be2f-4c26f25c6739:192.168.34.62:34777], old=null
2019-10-17 06:48:37,069 [7c431f9d-51bc-458b-a3a6-511ec217d887@group-21BA9BD4283D-LeaderElection524] INFO  impl.LeaderElection (LogUtils.java:infoOrTrace(149)) - 7c431f9d-51bc-458b-a3a6-511ec217d887@group-21BA9BD4283D-LeaderElection524 got exception when requesting votes: {}
java.util.concurrent.ExecutionException: org.apache.ratis.thirdparty.io.grpc.StatusRuntimeException: UNAVAILABLE: io exception
	at java.util.concurrent.FutureTask.report(FutureTask.java:122)
	at java.util.concurrent.FutureTask.get(FutureTask.java:192)
	at org.apache.ratis.server.impl.LeaderElection.waitForResults(LeaderElection.java:259)
	at org.apache.ratis.server.impl.LeaderElection.askForVotes(LeaderElection.java:197)
	at org.apache.ratis.server.impl.LeaderElection.run(LeaderElection.java:133)
	at java.lang.Thread.run(Thread.java:748)
Caused by: org.apache.ratis.thirdparty.io.grpc.StatusRuntimeException: UNAVAILABLE: io exception
	at org.apache.ratis.thirdparty.io.grpc.stub.ClientCalls.toStatusRuntimeException(ClientCalls.java:233)
	at org.apache.ratis.thirdparty.io.grpc.stub.ClientCalls.getUnchecked(ClientCalls.java:214)
	at org.apache.ratis.thirdparty.io.grpc.stub.ClientCalls.blockingUnaryCall(ClientCalls.java:139)
	at org.apache.ratis.proto.grpc.RaftServerProtocolServiceGrpc$RaftServerProtocolServiceBlockingStub.requestVote(RaftServerProtocolServiceGrpc.java:265)
	at org.apache.ratis.grpc.server.GrpcServerProtocolClient.requestVote(GrpcServerProtocolClient.java:99)
	at org.apache.ratis.grpc.server.GrpcService.requestVote(GrpcService.java:204)
	at org.apache.ratis.server.impl.LeaderElection.lambda$submitRequests$1(LeaderElection.java:234)
	at java.util.concurrent.FutureTask.run(FutureTask.java:266)
	at java.util.concurrent.Executors$RunnableAdapter.call(Executors.java:511)
	at java.util.concurrent.FutureTask.run(FutureTask.java:266)
	at java.util.concurrent.ThreadPoolExecutor.runWorker(ThreadPoolExecutor.java:1149)
	at java.util.concurrent.ThreadPoolExecutor$Worker.run(ThreadPoolExecutor.java:624)
	... 1 more
Caused by: org.apache.ratis.thirdparty.io.netty.channel.AbstractChannel$AnnotatedConnectException: Connection refused: /192.168.34.62:37037
	at sun.nio.ch.SocketChannelImpl.checkConnect(Native Method)
	at sun.nio.ch.SocketChannelImpl.finishConnect(SocketChannelImpl.java:717)
	at org.apache.ratis.thirdparty.io.netty.channel.socket.nio.NioSocketChannel.doFinishConnect(NioSocketChannel.java:327)
	at org.apache.ratis.thirdparty.io.netty.channel.nio.AbstractNioChannel$AbstractNioUnsafe.finishConnect(AbstractNioChannel.java:340)
	at org.apache.ratis.thirdparty.io.netty.channel.nio.NioEventLoop.processSelectedKey(NioEventLoop.java:632)
	at org.apache.ratis.thirdparty.io.netty.channel.nio.NioEventLoop.processSelectedKeysOptimized(NioEventLoop.java:579)
	at org.apache.ratis.thirdparty.io.netty.channel.nio.NioEventLoop.processSelectedKeys(NioEventLoop.java:496)
	at org.apache.ratis.thirdparty.io.netty.channel.nio.NioEventLoop.run(NioEventLoop.java:458)
	at org.apache.ratis.thirdparty.io.netty.util.concurrent.SingleThreadEventExecutor$5.run(SingleThreadEventExecutor.java:897)
	at org.apache.ratis.thirdparty.io.netty.util.concurrent.FastThreadLocalRunnable.run(FastThreadLocalRunnable.java:30)
	... 1 more
Caused by: java.net.ConnectException: Connection refused
	... 11 more
2019-10-17 06:48:37,070 [7c431f9d-51bc-458b-a3a6-511ec217d887@group-21BA9BD4283D-LeaderElection524] INFO  impl.LeaderElection (LogUtils.java:infoOrTrace(149)) - 7c431f9d-51bc-458b-a3a6-511ec217d887@group-21BA9BD4283D-LeaderElection524 got exception when requesting votes: {}
java.util.concurrent.ExecutionException: org.apache.ratis.thirdparty.io.grpc.StatusRuntimeException: UNAVAILABLE: io exception
	at java.util.concurrent.FutureTask.report(FutureTask.java:122)
	at java.util.concurrent.FutureTask.get(FutureTask.java:192)
	at org.apache.ratis.server.impl.LeaderElection.waitForResults(LeaderElection.java:259)
	at org.apache.ratis.server.impl.LeaderElection.askForVotes(LeaderElection.java:197)
	at org.apache.ratis.server.impl.LeaderElection.run(LeaderElection.java:133)
	at java.lang.Thread.run(Thread.java:748)
Caused by: org.apache.ratis.thirdparty.io.grpc.StatusRuntimeException: UNAVAILABLE: io exception
	at org.apache.ratis.thirdparty.io.grpc.stub.ClientCalls.toStatusRuntimeException(ClientCalls.java:233)
	at org.apache.ratis.thirdparty.io.grpc.stub.ClientCalls.getUnchecked(ClientCalls.java:214)
	at org.apache.ratis.thirdparty.io.grpc.stub.ClientCalls.blockingUnaryCall(ClientCalls.java:139)
	at org.apache.ratis.proto.grpc.RaftServerProtocolServiceGrpc$RaftServerProtocolServiceBlockingStub.requestVote(RaftServerProtocolServiceGrpc.java:265)
	at org.apache.ratis.grpc.server.GrpcServerProtocolClient.requestVote(GrpcServerProtocolClient.java:99)
	at org.apache.ratis.grpc.server.GrpcService.requestVote(GrpcService.java:204)
	at org.apache.ratis.server.impl.LeaderElection.lambda$submitRequests$1(LeaderElection.java:234)
	at java.util.concurrent.FutureTask.run(FutureTask.java:266)
	at java.util.concurrent.Executors$RunnableAdapter.call(Executors.java:511)
	at java.util.concurrent.FutureTask.run(FutureTask.java:266)
	at java.util.concurrent.ThreadPoolExecutor.runWorker(ThreadPoolExecutor.java:1149)
	at java.util.concurrent.ThreadPoolExecutor$Worker.run(ThreadPoolExecutor.java:624)
	... 1 more
Caused by: org.apache.ratis.thirdparty.io.netty.channel.AbstractChannel$AnnotatedConnectException: Connection refused: /192.168.34.62:34777
	at sun.nio.ch.SocketChannelImpl.checkConnect(Native Method)
	at sun.nio.ch.SocketChannelImpl.finishConnect(SocketChannelImpl.java:717)
	at org.apache.ratis.thirdparty.io.netty.channel.socket.nio.NioSocketChannel.doFinishConnect(NioSocketChannel.java:327)
	at org.apache.ratis.thirdparty.io.netty.channel.nio.AbstractNioChannel$AbstractNioUnsafe.finishConnect(AbstractNioChannel.java:340)
	at org.apache.ratis.thirdparty.io.netty.channel.nio.NioEventLoop.processSelectedKey(NioEventLoop.java:632)
	at org.apache.ratis.thirdparty.io.netty.channel.nio.NioEventLoop.processSelectedKeysOptimized(NioEventLoop.java:579)
	at org.apache.ratis.thirdparty.io.netty.channel.nio.NioEventLoop.processSelectedKeys(NioEventLoop.java:496)
	at org.apache.ratis.thirdparty.io.netty.channel.nio.NioEventLoop.run(NioEventLoop.java:458)
	at org.apache.ratis.thirdparty.io.netty.util.concurrent.SingleThreadEventExecutor$5.run(SingleThreadEventExecutor.java:897)
	at org.apache.ratis.thirdparty.io.netty.util.concurrent.FastThreadLocalRunnable.run(FastThreadLocalRunnable.java:30)
	... 1 more
Caused by: java.net.ConnectException: Connection refused
	... 11 more
2019-10-17 06:48:37,070 [7c431f9d-51bc-458b-a3a6-511ec217d887@group-21BA9BD4283D-LeaderElection524] INFO  impl.LeaderElection (LeaderElection.java:logAndReturn(56)) - 7c431f9d-51bc-458b-a3a6-511ec217d887@group-21BA9BD4283D-LeaderElection524: Election REJECTED; received 0 response(s) [] and 2 exception(s); 7c431f9d-51bc-458b-a3a6-511ec217d887@group-21BA9BD4283D:t489, leader=null, voted=7c431f9d-51bc-458b-a3a6-511ec217d887, raftlog=7c431f9d-51bc-458b-a3a6-511ec217d887@group-21BA9BD4283D-SegmentedRaftLog:OPENED:c-1,f-1,i0, conf=-1: [67f35358-9777-4ff9-96f4-8a61bc3a94fe:192.168.34.62:37037, 7c431f9d-51bc-458b-a3a6-511ec217d887:192.168.34.62:40420, b9cfa588-8e56-4331-be2f-4c26f25c6739:192.168.34.62:34777], old=null
2019-10-17 06:48:37,070 [7c431f9d-51bc-458b-a3a6-511ec217d887@group-21BA9BD4283D-LeaderElection524] INFO  impl.LeaderElection (LogUtils.java:infoOrTrace(149)) -   Exception 0: {}
java.util.concurrent.ExecutionException: org.apache.ratis.thirdparty.io.grpc.StatusRuntimeException: UNAVAILABLE: io exception
	at java.util.concurrent.FutureTask.report(FutureTask.java:122)
	at java.util.concurrent.FutureTask.get(FutureTask.java:192)
	at org.apache.ratis.server.impl.LeaderElection.waitForResults(LeaderElection.java:259)
	at org.apache.ratis.server.impl.LeaderElection.askForVotes(LeaderElection.java:197)
	at org.apache.ratis.server.impl.LeaderElection.run(LeaderElection.java:133)
	at java.lang.Thread.run(Thread.java:748)
Caused by: org.apache.ratis.thirdparty.io.grpc.StatusRuntimeException: UNAVAILABLE: io exception
	at org.apache.ratis.thirdparty.io.grpc.stub.ClientCalls.toStatusRuntimeException(ClientCalls.java:233)
	at org.apache.ratis.thirdparty.io.grpc.stub.ClientCalls.getUnchecked(ClientCalls.java:214)
	at org.apache.ratis.thirdparty.io.grpc.stub.ClientCalls.blockingUnaryCall(ClientCalls.java:139)
	at org.apache.ratis.proto.grpc.RaftServerProtocolServiceGrpc$RaftServerProtocolServiceBlockingStub.requestVote(RaftServerProtocolServiceGrpc.java:265)
	at org.apache.ratis.grpc.server.GrpcServerProtocolClient.requestVote(GrpcServerProtocolClient.java:99)
	at org.apache.ratis.grpc.server.GrpcService.requestVote(GrpcService.java:204)
	at org.apache.ratis.server.impl.LeaderElection.lambda$submitRequests$1(LeaderElection.java:234)
	at java.util.concurrent.FutureTask.run(FutureTask.java:266)
	at java.util.concurrent.Executors$RunnableAdapter.call(Executors.java:511)
	at java.util.concurrent.FutureTask.run(FutureTask.java:266)
	at java.util.concurrent.ThreadPoolExecutor.runWorker(ThreadPoolExecutor.java:1149)
	at java.util.concurrent.ThreadPoolExecutor$Worker.run(ThreadPoolExecutor.java:624)
	... 1 more
Caused by: org.apache.ratis.thirdparty.io.netty.channel.AbstractChannel$AnnotatedConnectException: Connection refused: /192.168.34.62:37037
	at sun.nio.ch.SocketChannelImpl.checkConnect(Native Method)
	at sun.nio.ch.SocketChannelImpl.finishConnect(SocketChannelImpl.java:717)
	at org.apache.ratis.thirdparty.io.netty.channel.socket.nio.NioSocketChannel.doFinishConnect(NioSocketChannel.java:327)
	at org.apache.ratis.thirdparty.io.netty.channel.nio.AbstractNioChannel$AbstractNioUnsafe.finishConnect(AbstractNioChannel.java:340)
	at org.apache.ratis.thirdparty.io.netty.channel.nio.NioEventLoop.processSelectedKey(NioEventLoop.java:632)
	at org.apache.ratis.thirdparty.io.netty.channel.nio.NioEventLoop.processSelectedKeysOptimized(NioEventLoop.java:579)
	at org.apache.ratis.thirdparty.io.netty.channel.nio.NioEventLoop.processSelectedKeys(NioEventLoop.java:496)
	at org.apache.ratis.thirdparty.io.netty.channel.nio.NioEventLoop.run(NioEventLoop.java:458)
	at org.apache.ratis.thirdparty.io.netty.util.concurrent.SingleThreadEventExecutor$5.run(SingleThreadEventExecutor.java:897)
	at org.apache.ratis.thirdparty.io.netty.util.concurrent.FastThreadLocalRunnable.run(FastThreadLocalRunnable.java:30)
	... 1 more
Caused by: java.net.ConnectException: Connection refused
	... 11 more
2019-10-17 06:48:37,070 [7c431f9d-51bc-458b-a3a6-511ec217d887@group-21BA9BD4283D-LeaderElection524] INFO  impl.LeaderElection (LogUtils.java:infoOrTrace(149)) -   Exception 1: {}
java.util.concurrent.ExecutionException: org.apache.ratis.thirdparty.io.grpc.StatusRuntimeException: UNAVAILABLE: io exception
	at java.util.concurrent.FutureTask.report(FutureTask.java:122)
	at java.util.concurrent.FutureTask.get(FutureTask.java:192)
	at org.apache.ratis.server.impl.LeaderElection.waitForResults(LeaderElection.java:259)
	at org.apache.ratis.server.impl.LeaderElection.askForVotes(LeaderElection.java:197)
	at org.apache.ratis.server.impl.LeaderElection.run(LeaderElection.java:133)
	at java.lang.Thread.run(Thread.java:748)
Caused by: org.apache.ratis.thirdparty.io.grpc.StatusRuntimeException: UNAVAILABLE: io exception
	at org.apache.ratis.thirdparty.io.grpc.stub.ClientCalls.toStatusRuntimeException(ClientCalls.java:233)
	at org.apache.ratis.thirdparty.io.grpc.stub.ClientCalls.getUnchecked(ClientCalls.java:214)
	at org.apache.ratis.thirdparty.io.grpc.stub.ClientCalls.blockingUnaryCall(ClientCalls.java:139)
	at org.apache.ratis.proto.grpc.RaftServerProtocolServiceGrpc$RaftServerProtocolServiceBlockingStub.requestVote(RaftServerProtocolServiceGrpc.java:265)
	at org.apache.ratis.grpc.server.GrpcServerProtocolClient.requestVote(GrpcServerProtocolClient.java:99)
	at org.apache.ratis.grpc.server.GrpcService.requestVote(GrpcService.java:204)
	at org.apache.ratis.server.impl.LeaderElection.lambda$submitRequests$1(LeaderElection.java:234)
	at java.util.concurrent.FutureTask.run(FutureTask.java:266)
	at java.util.concurrent.Executors$RunnableAdapter.call(Executors.java:511)
	at java.util.concurrent.FutureTask.run(FutureTask.java:266)
	at java.util.concurrent.ThreadPoolExecutor.runWorker(ThreadPoolExecutor.java:1149)
	at java.util.concurrent.ThreadPoolExecutor$Worker.run(ThreadPoolExecutor.java:624)
	... 1 more
Caused by: org.apache.ratis.thirdparty.io.netty.channel.AbstractChannel$AnnotatedConnectException: Connection refused: /192.168.34.62:34777
	at sun.nio.ch.SocketChannelImpl.checkConnect(Native Method)
	at sun.nio.ch.SocketChannelImpl.finishConnect(SocketChannelImpl.java:717)
	at org.apache.ratis.thirdparty.io.netty.channel.socket.nio.NioSocketChannel.doFinishConnect(NioSocketChannel.java:327)
	at org.apache.ratis.thirdparty.io.netty.channel.nio.AbstractNioChannel$AbstractNioUnsafe.finishConnect(AbstractNioChannel.java:340)
	at org.apache.ratis.thirdparty.io.netty.channel.nio.NioEventLoop.processSelectedKey(NioEventLoop.java:632)
	at org.apache.ratis.thirdparty.io.netty.channel.nio.NioEventLoop.processSelectedKeysOptimized(NioEventLoop.java:579)
	at org.apache.ratis.thirdparty.io.netty.channel.nio.NioEventLoop.processSelectedKeys(NioEventLoop.java:496)
	at org.apache.ratis.thirdparty.io.netty.channel.nio.NioEventLoop.run(NioEventLoop.java:458)
	at org.apache.ratis.thirdparty.io.netty.util.concurrent.SingleThreadEventExecutor$5.run(SingleThreadEventExecutor.java:897)
	at org.apache.ratis.thirdparty.io.netty.util.concurrent.FastThreadLocalRunnable.run(FastThreadLocalRunnable.java:30)
	... 1 more
Caused by: java.net.ConnectException: Connection refused
	... 11 more
2019-10-17 06:48:37,071 [7c431f9d-51bc-458b-a3a6-511ec217d887@group-21BA9BD4283D-LeaderElection524] INFO  impl.RaftServerImpl (RaftServerImpl.java:setRole(184)) - 7c431f9d-51bc-458b-a3a6-511ec217d887@group-21BA9BD4283D: changes role from CANDIDATE to FOLLOWER at term 489 for DISCOVERED_A_NEW_TERM
2019-10-17 06:48:37,071 [7c431f9d-51bc-458b-a3a6-511ec217d887@group-21BA9BD4283D-LeaderElection524] INFO  impl.RoleInfo (RoleInfo.java:shutdownLeaderElection(134)) - 7c431f9d-51bc-458b-a3a6-511ec217d887: shutdown LeaderElection
2019-10-17 06:48:37,071 [7c431f9d-51bc-458b-a3a6-511ec217d887@group-21BA9BD4283D-LeaderElection524] INFO  impl.RoleInfo (RoleInfo.java:updateAndGet(143)) - 7c431f9d-51bc-458b-a3a6-511ec217d887: start FollowerState
2019-10-17 06:48:37,091 [Thread-4119] INFO  impl.FollowerState (FollowerState.java:run(108)) - 7c431f9d-51bc-458b-a3a6-511ec217d887@group-21BA9BD4283D-FollowerState: change to CANDIDATE, lastRpcTime:20ms, electionTimeout:20ms
2019-10-17 06:48:37,091 [Thread-4119] INFO  impl.RoleInfo (RoleInfo.java:shutdownFollowerState(121)) - 7c431f9d-51bc-458b-a3a6-511ec217d887: shutdown FollowerState
2019-10-17 06:48:37,091 [Thread-4119] INFO  impl.RaftServerImpl (RaftServerImpl.java:setRole(184)) - 7c431f9d-51bc-458b-a3a6-511ec217d887@group-21BA9BD4283D: changes role from  FOLLOWER to CANDIDATE at term 489 for changeToCandidate
2019-10-17 06:48:37,091 [Thread-4119] INFO  impl.RoleInfo (RoleInfo.java:updateAndGet(143)) - 7c431f9d-51bc-458b-a3a6-511ec217d887: start LeaderElection
2019-10-17 06:48:37,111 [7c431f9d-51bc-458b-a3a6-511ec217d887@group-21BA9BD4283D-LeaderElection525] INFO  impl.LeaderElection (LeaderElection.java:askForVotes(178)) - 7c431f9d-51bc-458b-a3a6-511ec217d887@group-21BA9BD4283D-LeaderElection525: begin an election at term 490 for -1: [67f35358-9777-4ff9-96f4-8a61bc3a94fe:192.168.34.62:37037, 7c431f9d-51bc-458b-a3a6-511ec217d887:192.168.34.62:40420, b9cfa588-8e56-4331-be2f-4c26f25c6739:192.168.34.62:34777], old=null
2019-10-17 06:48:37,111 [7c431f9d-51bc-458b-a3a6-511ec217d887@group-21BA9BD4283D-LeaderElection525] INFO  impl.LeaderElection (LogUtils.java:infoOrTrace(149)) - 7c431f9d-51bc-458b-a3a6-511ec217d887@group-21BA9BD4283D-LeaderElection525 got exception when requesting votes: {}
java.util.concurrent.ExecutionException: org.apache.ratis.thirdparty.io.grpc.StatusRuntimeException: UNAVAILABLE: io exception
	at java.util.concurrent.FutureTask.report(FutureTask.java:122)
	at java.util.concurrent.FutureTask.get(FutureTask.java:192)
	at org.apache.ratis.server.impl.LeaderElection.waitForResults(LeaderElection.java:259)
	at org.apache.ratis.server.impl.LeaderElection.askForVotes(LeaderElection.java:197)
	at org.apache.ratis.server.impl.LeaderElection.run(LeaderElection.java:133)
	at java.lang.Thread.run(Thread.java:748)
Caused by: org.apache.ratis.thirdparty.io.grpc.StatusRuntimeException: UNAVAILABLE: io exception
	at org.apache.ratis.thirdparty.io.grpc.stub.ClientCalls.toStatusRuntimeException(ClientCalls.java:233)
	at org.apache.ratis.thirdparty.io.grpc.stub.ClientCalls.getUnchecked(ClientCalls.java:214)
	at org.apache.ratis.thirdparty.io.grpc.stub.ClientCalls.blockingUnaryCall(ClientCalls.java:139)
	at org.apache.ratis.proto.grpc.RaftServerProtocolServiceGrpc$RaftServerProtocolServiceBlockingStub.requestVote(RaftServerProtocolServiceGrpc.java:265)
	at org.apache.ratis.grpc.server.GrpcServerProtocolClient.requestVote(GrpcServerProtocolClient.java:99)
	at org.apache.ratis.grpc.server.GrpcService.requestVote(GrpcService.java:204)
	at org.apache.ratis.server.impl.LeaderElection.lambda$submitRequests$1(LeaderElection.java:234)
	at java.util.concurrent.FutureTask.run(FutureTask.java:266)
	at java.util.concurrent.Executors$RunnableAdapter.call(Executors.java:511)
	at java.util.concurrent.FutureTask.run(FutureTask.java:266)
	at java.util.concurrent.ThreadPoolExecutor.runWorker(ThreadPoolExecutor.java:1149)
	at java.util.concurrent.ThreadPoolExecutor$Worker.run(ThreadPoolExecutor.java:624)
	... 1 more
Caused by: org.apache.ratis.thirdparty.io.netty.channel.AbstractChannel$AnnotatedConnectException: Connection refused: /192.168.34.62:37037
	at sun.nio.ch.SocketChannelImpl.checkConnect(Native Method)
	at sun.nio.ch.SocketChannelImpl.finishConnect(SocketChannelImpl.java:717)
	at org.apache.ratis.thirdparty.io.netty.channel.socket.nio.NioSocketChannel.doFinishConnect(NioSocketChannel.java:327)
	at org.apache.ratis.thirdparty.io.netty.channel.nio.AbstractNioChannel$AbstractNioUnsafe.finishConnect(AbstractNioChannel.java:340)
	at org.apache.ratis.thirdparty.io.netty.channel.nio.NioEventLoop.processSelectedKey(NioEventLoop.java:632)
	at org.apache.ratis.thirdparty.io.netty.channel.nio.NioEventLoop.processSelectedKeysOptimized(NioEventLoop.java:579)
	at org.apache.ratis.thirdparty.io.netty.channel.nio.NioEventLoop.processSelectedKeys(NioEventLoop.java:496)
	at org.apache.ratis.thirdparty.io.netty.channel.nio.NioEventLoop.run(NioEventLoop.java:458)
	at org.apache.ratis.thirdparty.io.netty.util.concurrent.SingleThreadEventExecutor$5.run(SingleThreadEventExecutor.java:897)
	at org.apache.ratis.thirdparty.io.netty.util.concurrent.FastThreadLocalRunnable.run(FastThreadLocalRunnable.java:30)
	... 1 more
Caused by: java.net.ConnectException: Connection refused
	... 11 more
2019-10-17 06:48:37,112 [7c431f9d-51bc-458b-a3a6-511ec217d887@group-21BA9BD4283D-LeaderElection525] INFO  impl.LeaderElection (LogUtils.java:infoOrTrace(149)) - 7c431f9d-51bc-458b-a3a6-511ec217d887@group-21BA9BD4283D-LeaderElection525 got exception when requesting votes: {}
java.util.concurrent.ExecutionException: org.apache.ratis.thirdparty.io.grpc.StatusRuntimeException: UNAVAILABLE: io exception
	at java.util.concurrent.FutureTask.report(FutureTask.java:122)
	at java.util.concurrent.FutureTask.get(FutureTask.java:192)
	at org.apache.ratis.server.impl.LeaderElection.waitForResults(LeaderElection.java:259)
	at org.apache.ratis.server.impl.LeaderElection.askForVotes(LeaderElection.java:197)
	at org.apache.ratis.server.impl.LeaderElection.run(LeaderElection.java:133)
	at java.lang.Thread.run(Thread.java:748)
Caused by: org.apache.ratis.thirdparty.io.grpc.StatusRuntimeException: UNAVAILABLE: io exception
	at org.apache.ratis.thirdparty.io.grpc.stub.ClientCalls.toStatusRuntimeException(ClientCalls.java:233)
	at org.apache.ratis.thirdparty.io.grpc.stub.ClientCalls.getUnchecked(ClientCalls.java:214)
	at org.apache.ratis.thirdparty.io.grpc.stub.ClientCalls.blockingUnaryCall(ClientCalls.java:139)
	at org.apache.ratis.proto.grpc.RaftServerProtocolServiceGrpc$RaftServerProtocolServiceBlockingStub.requestVote(RaftServerProtocolServiceGrpc.java:265)
	at org.apache.ratis.grpc.server.GrpcServerProtocolClient.requestVote(GrpcServerProtocolClient.java:99)
	at org.apache.ratis.grpc.server.GrpcService.requestVote(GrpcService.java:204)
	at org.apache.ratis.server.impl.LeaderElection.lambda$submitRequests$1(LeaderElection.java:234)
	at java.util.concurrent.FutureTask.run(FutureTask.java:266)
	at java.util.concurrent.Executors$RunnableAdapter.call(Executors.java:511)
	at java.util.concurrent.FutureTask.run(FutureTask.java:266)
	at java.util.concurrent.ThreadPoolExecutor.runWorker(ThreadPoolExecutor.java:1149)
	at java.util.concurrent.ThreadPoolExecutor$Worker.run(ThreadPoolExecutor.java:624)
	... 1 more
Caused by: org.apache.ratis.thirdparty.io.netty.channel.AbstractChannel$AnnotatedConnectException: Connection refused: /192.168.34.62:34777
	at sun.nio.ch.SocketChannelImpl.checkConnect(Native Method)
	at sun.nio.ch.SocketChannelImpl.finishConnect(SocketChannelImpl.java:717)
	at org.apache.ratis.thirdparty.io.netty.channel.socket.nio.NioSocketChannel.doFinishConnect(NioSocketChannel.java:327)
	at org.apache.ratis.thirdparty.io.netty.channel.nio.AbstractNioChannel$AbstractNioUnsafe.finishConnect(AbstractNioChannel.java:340)
	at org.apache.ratis.thirdparty.io.netty.channel.nio.NioEventLoop.processSelectedKey(NioEventLoop.java:632)
	at org.apache.ratis.thirdparty.io.netty.channel.nio.NioEventLoop.processSelectedKeysOptimized(NioEventLoop.java:579)
	at org.apache.ratis.thirdparty.io.netty.channel.nio.NioEventLoop.processSelectedKeys(NioEventLoop.java:496)
	at org.apache.ratis.thirdparty.io.netty.channel.nio.NioEventLoop.run(NioEventLoop.java:458)
	at org.apache.ratis.thirdparty.io.netty.util.concurrent.SingleThreadEventExecutor$5.run(SingleThreadEventExecutor.java:897)
	at org.apache.ratis.thirdparty.io.netty.util.concurrent.FastThreadLocalRunnable.run(FastThreadLocalRunnable.java:30)
	... 1 more
Caused by: java.net.ConnectException: Connection refused
	... 11 more
2019-10-17 06:48:37,112 [7c431f9d-51bc-458b-a3a6-511ec217d887@group-21BA9BD4283D-LeaderElection525] INFO  impl.LeaderElection (LeaderElection.java:logAndReturn(56)) - 7c431f9d-51bc-458b-a3a6-511ec217d887@group-21BA9BD4283D-LeaderElection525: Election REJECTED; received 0 response(s) [] and 2 exception(s); 7c431f9d-51bc-458b-a3a6-511ec217d887@group-21BA9BD4283D:t490, leader=null, voted=7c431f9d-51bc-458b-a3a6-511ec217d887, raftlog=7c431f9d-51bc-458b-a3a6-511ec217d887@group-21BA9BD4283D-SegmentedRaftLog:OPENED:c-1,f-1,i0, conf=-1: [67f35358-9777-4ff9-96f4-8a61bc3a94fe:192.168.34.62:37037, 7c431f9d-51bc-458b-a3a6-511ec217d887:192.168.34.62:40420, b9cfa588-8e56-4331-be2f-4c26f25c6739:192.168.34.62:34777], old=null
2019-10-17 06:48:37,112 [7c431f9d-51bc-458b-a3a6-511ec217d887@group-21BA9BD4283D-LeaderElection525] INFO  impl.LeaderElection (LogUtils.java:infoOrTrace(149)) -   Exception 0: {}
java.util.concurrent.ExecutionException: org.apache.ratis.thirdparty.io.grpc.StatusRuntimeException: UNAVAILABLE: io exception
	at java.util.concurrent.FutureTask.report(FutureTask.java:122)
	at java.util.concurrent.FutureTask.get(FutureTask.java:192)
	at org.apache.ratis.server.impl.LeaderElection.waitForResults(LeaderElection.java:259)
	at org.apache.ratis.server.impl.LeaderElection.askForVotes(LeaderElection.java:197)
	at org.apache.ratis.server.impl.LeaderElection.run(LeaderElection.java:133)
	at java.lang.Thread.run(Thread.java:748)
Caused by: org.apache.ratis.thirdparty.io.grpc.StatusRuntimeException: UNAVAILABLE: io exception
	at org.apache.ratis.thirdparty.io.grpc.stub.ClientCalls.toStatusRuntimeException(ClientCalls.java:233)
	at org.apache.ratis.thirdparty.io.grpc.stub.ClientCalls.getUnchecked(ClientCalls.java:214)
	at org.apache.ratis.thirdparty.io.grpc.stub.ClientCalls.blockingUnaryCall(ClientCalls.java:139)
	at org.apache.ratis.proto.grpc.RaftServerProtocolServiceGrpc$RaftServerProtocolServiceBlockingStub.requestVote(RaftServerProtocolServiceGrpc.java:265)
	at org.apache.ratis.grpc.server.GrpcServerProtocolClient.requestVote(GrpcServerProtocolClient.java:99)
	at org.apache.ratis.grpc.server.GrpcService.requestVote(GrpcService.java:204)
	at org.apache.ratis.server.impl.LeaderElection.lambda$submitRequests$1(LeaderElection.java:234)
	at java.util.concurrent.FutureTask.run(FutureTask.java:266)
	at java.util.concurrent.Executors$RunnableAdapter.call(Executors.java:511)
	at java.util.concurrent.FutureTask.run(FutureTask.java:266)
	at java.util.concurrent.ThreadPoolExecutor.runWorker(ThreadPoolExecutor.java:1149)
	at java.util.concurrent.ThreadPoolExecutor$Worker.run(ThreadPoolExecutor.java:624)
	... 1 more
Caused by: org.apache.ratis.thirdparty.io.netty.channel.AbstractChannel$AnnotatedConnectException: Connection refused: /192.168.34.62:37037
	at sun.nio.ch.SocketChannelImpl.checkConnect(Native Method)
	at sun.nio.ch.SocketChannelImpl.finishConnect(SocketChannelImpl.java:717)
	at org.apache.ratis.thirdparty.io.netty.channel.socket.nio.NioSocketChannel.doFinishConnect(NioSocketChannel.java:327)
	at org.apache.ratis.thirdparty.io.netty.channel.nio.AbstractNioChannel$AbstractNioUnsafe.finishConnect(AbstractNioChannel.java:340)
	at org.apache.ratis.thirdparty.io.netty.channel.nio.NioEventLoop.processSelectedKey(NioEventLoop.java:632)
	at org.apache.ratis.thirdparty.io.netty.channel.nio.NioEventLoop.processSelectedKeysOptimized(NioEventLoop.java:579)
	at org.apache.ratis.thirdparty.io.netty.channel.nio.NioEventLoop.processSelectedKeys(NioEventLoop.java:496)
	at org.apache.ratis.thirdparty.io.netty.channel.nio.NioEventLoop.run(NioEventLoop.java:458)
	at org.apache.ratis.thirdparty.io.netty.util.concurrent.SingleThreadEventExecutor$5.run(SingleThreadEventExecutor.java:897)
	at org.apache.ratis.thirdparty.io.netty.util.concurrent.FastThreadLocalRunnable.run(FastThreadLocalRunnable.java:30)
	... 1 more
Caused by: java.net.ConnectException: Connection refused
	... 11 more
2019-10-17 06:48:37,112 [7c431f9d-51bc-458b-a3a6-511ec217d887@group-21BA9BD4283D-LeaderElection525] INFO  impl.LeaderElection (LogUtils.java:infoOrTrace(149)) -   Exception 1: {}
java.util.concurrent.ExecutionException: org.apache.ratis.thirdparty.io.grpc.StatusRuntimeException: UNAVAILABLE: io exception
	at java.util.concurrent.FutureTask.report(FutureTask.java:122)
	at java.util.concurrent.FutureTask.get(FutureTask.java:192)
	at org.apache.ratis.server.impl.LeaderElection.waitForResults(LeaderElection.java:259)
	at org.apache.ratis.server.impl.LeaderElection.askForVotes(LeaderElection.java:197)
	at org.apache.ratis.server.impl.LeaderElection.run(LeaderElection.java:133)
	at java.lang.Thread.run(Thread.java:748)
Caused by: org.apache.ratis.thirdparty.io.grpc.StatusRuntimeException: UNAVAILABLE: io exception
	at org.apache.ratis.thirdparty.io.grpc.stub.ClientCalls.toStatusRuntimeException(ClientCalls.java:233)
	at org.apache.ratis.thirdparty.io.grpc.stub.ClientCalls.getUnchecked(ClientCalls.java:214)
	at org.apache.ratis.thirdparty.io.grpc.stub.ClientCalls.blockingUnaryCall(ClientCalls.java:139)
	at org.apache.ratis.proto.grpc.RaftServerProtocolServiceGrpc$RaftServerProtocolServiceBlockingStub.requestVote(RaftServerProtocolServiceGrpc.java:265)
	at org.apache.ratis.grpc.server.GrpcServerProtocolClient.requestVote(GrpcServerProtocolClient.java:99)
	at org.apache.ratis.grpc.server.GrpcService.requestVote(GrpcService.java:204)
	at org.apache.ratis.server.impl.LeaderElection.lambda$submitRequests$1(LeaderElection.java:234)
	at java.util.concurrent.FutureTask.run(FutureTask.java:266)
	at java.util.concurrent.Executors$RunnableAdapter.call(Executors.java:511)
	at java.util.concurrent.FutureTask.run(FutureTask.java:266)
	at java.util.concurrent.ThreadPoolExecutor.runWorker(ThreadPoolExecutor.java:1149)
	at java.util.concurrent.ThreadPoolExecutor$Worker.run(ThreadPoolExecutor.java:624)
	... 1 more
Caused by: org.apache.ratis.thirdparty.io.netty.channel.AbstractChannel$AnnotatedConnectException: Connection refused: /192.168.34.62:34777
	at sun.nio.ch.SocketChannelImpl.checkConnect(Native Method)
	at sun.nio.ch.SocketChannelImpl.finishConnect(SocketChannelImpl.java:717)
	at org.apache.ratis.thirdparty.io.netty.channel.socket.nio.NioSocketChannel.doFinishConnect(NioSocketChannel.java:327)
	at org.apache.ratis.thirdparty.io.netty.channel.nio.AbstractNioChannel$AbstractNioUnsafe.finishConnect(AbstractNioChannel.java:340)
	at org.apache.ratis.thirdparty.io.netty.channel.nio.NioEventLoop.processSelectedKey(NioEventLoop.java:632)
	at org.apache.ratis.thirdparty.io.netty.channel.nio.NioEventLoop.processSelectedKeysOptimized(NioEventLoop.java:579)
	at org.apache.ratis.thirdparty.io.netty.channel.nio.NioEventLoop.processSelectedKeys(NioEventLoop.java:496)
	at org.apache.ratis.thirdparty.io.netty.channel.nio.NioEventLoop.run(NioEventLoop.java:458)
	at org.apache.ratis.thirdparty.io.netty.util.concurrent.SingleThreadEventExecutor$5.run(SingleThreadEventExecutor.java:897)
	at org.apache.ratis.thirdparty.io.netty.util.concurrent.FastThreadLocalRunnable.run(FastThreadLocalRunnable.java:30)
	... 1 more
Caused by: java.net.ConnectException: Connection refused
	... 11 more
2019-10-17 06:48:37,113 [7c431f9d-51bc-458b-a3a6-511ec217d887@group-21BA9BD4283D-LeaderElection525] INFO  impl.RaftServerImpl (RaftServerImpl.java:setRole(184)) - 7c431f9d-51bc-458b-a3a6-511ec217d887@group-21BA9BD4283D: changes role from CANDIDATE to FOLLOWER at term 490 for DISCOVERED_A_NEW_TERM
2019-10-17 06:48:37,113 [7c431f9d-51bc-458b-a3a6-511ec217d887@group-21BA9BD4283D-LeaderElection525] INFO  impl.RoleInfo (RoleInfo.java:shutdownLeaderElection(134)) - 7c431f9d-51bc-458b-a3a6-511ec217d887: shutdown LeaderElection
2019-10-17 06:48:37,113 [7c431f9d-51bc-458b-a3a6-511ec217d887@group-21BA9BD4283D-LeaderElection525] INFO  impl.RoleInfo (RoleInfo.java:updateAndGet(143)) - 7c431f9d-51bc-458b-a3a6-511ec217d887: start FollowerState
2019-10-17 06:48:37,270 [Thread-4123] INFO  impl.FollowerState (FollowerState.java:run(108)) - 7c431f9d-51bc-458b-a3a6-511ec217d887@group-21BA9BD4283D-FollowerState: change to CANDIDATE, lastRpcTime:157ms, electionTimeout:157ms
2019-10-17 06:48:37,271 [Thread-4123] INFO  impl.RoleInfo (RoleInfo.java:shutdownFollowerState(121)) - 7c431f9d-51bc-458b-a3a6-511ec217d887: shutdown FollowerState
2019-10-17 06:48:37,271 [Thread-4123] INFO  impl.RaftServerImpl (RaftServerImpl.java:setRole(184)) - 7c431f9d-51bc-458b-a3a6-511ec217d887@group-21BA9BD4283D: changes role from  FOLLOWER to CANDIDATE at term 490 for changeToCandidate
2019-10-17 06:48:37,271 [Thread-4123] INFO  impl.RoleInfo (RoleInfo.java:updateAndGet(143)) - 7c431f9d-51bc-458b-a3a6-511ec217d887: start LeaderElection
2019-10-17 06:48:37,285 [7c431f9d-51bc-458b-a3a6-511ec217d887@group-21BA9BD4283D-LeaderElection526] INFO  impl.LeaderElection (LeaderElection.java:askForVotes(178)) - 7c431f9d-51bc-458b-a3a6-511ec217d887@group-21BA9BD4283D-LeaderElection526: begin an election at term 491 for -1: [67f35358-9777-4ff9-96f4-8a61bc3a94fe:192.168.34.62:37037, 7c431f9d-51bc-458b-a3a6-511ec217d887:192.168.34.62:40420, b9cfa588-8e56-4331-be2f-4c26f25c6739:192.168.34.62:34777], old=null
2019-10-17 06:48:37,285 [7c431f9d-51bc-458b-a3a6-511ec217d887@group-21BA9BD4283D-LeaderElection526] INFO  impl.LeaderElection (LogUtils.java:infoOrTrace(149)) - 7c431f9d-51bc-458b-a3a6-511ec217d887@group-21BA9BD4283D-LeaderElection526 got exception when requesting votes: {}
java.util.concurrent.ExecutionException: org.apache.ratis.thirdparty.io.grpc.StatusRuntimeException: UNAVAILABLE: io exception
	at java.util.concurrent.FutureTask.report(FutureTask.java:122)
	at java.util.concurrent.FutureTask.get(FutureTask.java:192)
	at org.apache.ratis.server.impl.LeaderElection.waitForResults(LeaderElection.java:259)
	at org.apache.ratis.server.impl.LeaderElection.askForVotes(LeaderElection.java:197)
	at org.apache.ratis.server.impl.LeaderElection.run(LeaderElection.java:133)
	at java.lang.Thread.run(Thread.java:748)
Caused by: org.apache.ratis.thirdparty.io.grpc.StatusRuntimeException: UNAVAILABLE: io exception
	at org.apache.ratis.thirdparty.io.grpc.stub.ClientCalls.toStatusRuntimeException(ClientCalls.java:233)
	at org.apache.ratis.thirdparty.io.grpc.stub.ClientCalls.getUnchecked(ClientCalls.java:214)
	at org.apache.ratis.thirdparty.io.grpc.stub.ClientCalls.blockingUnaryCall(ClientCalls.java:139)
	at org.apache.ratis.proto.grpc.RaftServerProtocolServiceGrpc$RaftServerProtocolServiceBlockingStub.requestVote(RaftServerProtocolServiceGrpc.java:265)
	at org.apache.ratis.grpc.server.GrpcServerProtocolClient.requestVote(GrpcServerProtocolClient.java:99)
	at org.apache.ratis.grpc.server.GrpcService.requestVote(GrpcService.java:204)
	at org.apache.ratis.server.impl.LeaderElection.lambda$submitRequests$1(LeaderElection.java:234)
	at java.util.concurrent.FutureTask.run(FutureTask.java:266)
	at java.util.concurrent.Executors$RunnableAdapter.call(Executors.java:511)
	at java.util.concurrent.FutureTask.run(FutureTask.java:266)
	at java.util.concurrent.ThreadPoolExecutor.runWorker(ThreadPoolExecutor.java:1149)
	at java.util.concurrent.ThreadPoolExecutor$Worker.run(ThreadPoolExecutor.java:624)
	... 1 more
Caused by: org.apache.ratis.thirdparty.io.netty.channel.AbstractChannel$AnnotatedConnectException: Connection refused: /192.168.34.62:37037
	at sun.nio.ch.SocketChannelImpl.checkConnect(Native Method)
	at sun.nio.ch.SocketChannelImpl.finishConnect(SocketChannelImpl.java:717)
	at org.apache.ratis.thirdparty.io.netty.channel.socket.nio.NioSocketChannel.doFinishConnect(NioSocketChannel.java:327)
	at org.apache.ratis.thirdparty.io.netty.channel.nio.AbstractNioChannel$AbstractNioUnsafe.finishConnect(AbstractNioChannel.java:340)
	at org.apache.ratis.thirdparty.io.netty.channel.nio.NioEventLoop.processSelectedKey(NioEventLoop.java:632)
	at org.apache.ratis.thirdparty.io.netty.channel.nio.NioEventLoop.processSelectedKeysOptimized(NioEventLoop.java:579)
	at org.apache.ratis.thirdparty.io.netty.channel.nio.NioEventLoop.processSelectedKeys(NioEventLoop.java:496)
	at org.apache.ratis.thirdparty.io.netty.channel.nio.NioEventLoop.run(NioEventLoop.java:458)
	at org.apache.ratis.thirdparty.io.netty.util.concurrent.SingleThreadEventExecutor$5.run(SingleThreadEventExecutor.java:897)
	at org.apache.ratis.thirdparty.io.netty.util.concurrent.FastThreadLocalRunnable.run(FastThreadLocalRunnable.java:30)
	... 1 more
Caused by: java.net.ConnectException: Connection refused
	... 11 more
2019-10-17 06:48:37,286 [7c431f9d-51bc-458b-a3a6-511ec217d887@group-21BA9BD4283D-LeaderElection526] INFO  impl.LeaderElection (LogUtils.java:infoOrTrace(149)) - 7c431f9d-51bc-458b-a3a6-511ec217d887@group-21BA9BD4283D-LeaderElection526 got exception when requesting votes: {}
java.util.concurrent.ExecutionException: org.apache.ratis.thirdparty.io.grpc.StatusRuntimeException: UNAVAILABLE: io exception
	at java.util.concurrent.FutureTask.report(FutureTask.java:122)
	at java.util.concurrent.FutureTask.get(FutureTask.java:192)
	at org.apache.ratis.server.impl.LeaderElection.waitForResults(LeaderElection.java:259)
	at org.apache.ratis.server.impl.LeaderElection.askForVotes(LeaderElection.java:197)
	at org.apache.ratis.server.impl.LeaderElection.run(LeaderElection.java:133)
	at java.lang.Thread.run(Thread.java:748)
Caused by: org.apache.ratis.thirdparty.io.grpc.StatusRuntimeException: UNAVAILABLE: io exception
	at org.apache.ratis.thirdparty.io.grpc.stub.ClientCalls.toStatusRuntimeException(ClientCalls.java:233)
	at org.apache.ratis.thirdparty.io.grpc.stub.ClientCalls.getUnchecked(ClientCalls.java:214)
	at org.apache.ratis.thirdparty.io.grpc.stub.ClientCalls.blockingUnaryCall(ClientCalls.java:139)
	at org.apache.ratis.proto.grpc.RaftServerProtocolServiceGrpc$RaftServerProtocolServiceBlockingStub.requestVote(RaftServerProtocolServiceGrpc.java:265)
	at org.apache.ratis.grpc.server.GrpcServerProtocolClient.requestVote(GrpcServerProtocolClient.java:99)
	at org.apache.ratis.grpc.server.GrpcService.requestVote(GrpcService.java:204)
	at org.apache.ratis.server.impl.LeaderElection.lambda$submitRequests$1(LeaderElection.java:234)
	at java.util.concurrent.FutureTask.run(FutureTask.java:266)
	at java.util.concurrent.Executors$RunnableAdapter.call(Executors.java:511)
	at java.util.concurrent.FutureTask.run(FutureTask.java:266)
	at java.util.concurrent.ThreadPoolExecutor.runWorker(ThreadPoolExecutor.java:1149)
	at java.util.concurrent.ThreadPoolExecutor$Worker.run(ThreadPoolExecutor.java:624)
	... 1 more
Caused by: org.apache.ratis.thirdparty.io.netty.channel.AbstractChannel$AnnotatedConnectException: Connection refused: /192.168.34.62:34777
	at sun.nio.ch.SocketChannelImpl.checkConnect(Native Method)
	at sun.nio.ch.SocketChannelImpl.finishConnect(SocketChannelImpl.java:717)
	at org.apache.ratis.thirdparty.io.netty.channel.socket.nio.NioSocketChannel.doFinishConnect(NioSocketChannel.java:327)
	at org.apache.ratis.thirdparty.io.netty.channel.nio.AbstractNioChannel$AbstractNioUnsafe.finishConnect(AbstractNioChannel.java:340)
	at org.apache.ratis.thirdparty.io.netty.channel.nio.NioEventLoop.processSelectedKey(NioEventLoop.java:632)
	at org.apache.ratis.thirdparty.io.netty.channel.nio.NioEventLoop.processSelectedKeysOptimized(NioEventLoop.java:579)
	at org.apache.ratis.thirdparty.io.netty.channel.nio.NioEventLoop.processSelectedKeys(NioEventLoop.java:496)
	at org.apache.ratis.thirdparty.io.netty.channel.nio.NioEventLoop.run(NioEventLoop.java:458)
	at org.apache.ratis.thirdparty.io.netty.util.concurrent.SingleThreadEventExecutor$5.run(SingleThreadEventExecutor.java:897)
	at org.apache.ratis.thirdparty.io.netty.util.concurrent.FastThreadLocalRunnable.run(FastThreadLocalRunnable.java:30)
	... 1 more
Caused by: java.net.ConnectException: Connection refused
	... 11 more
2019-10-17 06:48:37,286 [7c431f9d-51bc-458b-a3a6-511ec217d887@group-21BA9BD4283D-LeaderElection526] INFO  impl.LeaderElection (LeaderElection.java:logAndReturn(56)) - 7c431f9d-51bc-458b-a3a6-511ec217d887@group-21BA9BD4283D-LeaderElection526: Election REJECTED; received 0 response(s) [] and 2 exception(s); 7c431f9d-51bc-458b-a3a6-511ec217d887@group-21BA9BD4283D:t491, leader=null, voted=7c431f9d-51bc-458b-a3a6-511ec217d887, raftlog=7c431f9d-51bc-458b-a3a6-511ec217d887@group-21BA9BD4283D-SegmentedRaftLog:OPENED:c-1,f-1,i0, conf=-1: [67f35358-9777-4ff9-96f4-8a61bc3a94fe:192.168.34.62:37037, 7c431f9d-51bc-458b-a3a6-511ec217d887:192.168.34.62:40420, b9cfa588-8e56-4331-be2f-4c26f25c6739:192.168.34.62:34777], old=null
2019-10-17 06:48:37,287 [7c431f9d-51bc-458b-a3a6-511ec217d887@group-21BA9BD4283D-LeaderElection526] INFO  impl.LeaderElection (LogUtils.java:infoOrTrace(149)) -   Exception 0: {}
java.util.concurrent.ExecutionException: org.apache.ratis.thirdparty.io.grpc.StatusRuntimeException: UNAVAILABLE: io exception
	at java.util.concurrent.FutureTask.report(FutureTask.java:122)
	at java.util.concurrent.FutureTask.get(FutureTask.java:192)
	at org.apache.ratis.server.impl.LeaderElection.waitForResults(LeaderElection.java:259)
	at org.apache.ratis.server.impl.LeaderElection.askForVotes(LeaderElection.java:197)
	at org.apache.ratis.server.impl.LeaderElection.run(LeaderElection.java:133)
	at java.lang.Thread.run(Thread.java:748)
Caused by: org.apache.ratis.thirdparty.io.grpc.StatusRuntimeException: UNAVAILABLE: io exception
	at org.apache.ratis.thirdparty.io.grpc.stub.ClientCalls.toStatusRuntimeException(ClientCalls.java:233)
	at org.apache.ratis.thirdparty.io.grpc.stub.ClientCalls.getUnchecked(ClientCalls.java:214)
	at org.apache.ratis.thirdparty.io.grpc.stub.ClientCalls.blockingUnaryCall(ClientCalls.java:139)
	at org.apache.ratis.proto.grpc.RaftServerProtocolServiceGrpc$RaftServerProtocolServiceBlockingStub.requestVote(RaftServerProtocolServiceGrpc.java:265)
	at org.apache.ratis.grpc.server.GrpcServerProtocolClient.requestVote(GrpcServerProtocolClient.java:99)
	at org.apache.ratis.grpc.server.GrpcService.requestVote(GrpcService.java:204)
	at org.apache.ratis.server.impl.LeaderElection.lambda$submitRequests$1(LeaderElection.java:234)
	at java.util.concurrent.FutureTask.run(FutureTask.java:266)
	at java.util.concurrent.Executors$RunnableAdapter.call(Executors.java:511)
	at java.util.concurrent.FutureTask.run(FutureTask.java:266)
	at java.util.concurrent.ThreadPoolExecutor.runWorker(ThreadPoolExecutor.java:1149)
	at java.util.concurrent.ThreadPoolExecutor$Worker.run(ThreadPoolExecutor.java:624)
	... 1 more
Caused by: org.apache.ratis.thirdparty.io.netty.channel.AbstractChannel$AnnotatedConnectException: Connection refused: /192.168.34.62:37037
	at sun.nio.ch.SocketChannelImpl.checkConnect(Native Method)
	at sun.nio.ch.SocketChannelImpl.finishConnect(SocketChannelImpl.java:717)
	at org.apache.ratis.thirdparty.io.netty.channel.socket.nio.NioSocketChannel.doFinishConnect(NioSocketChannel.java:327)
	at org.apache.ratis.thirdparty.io.netty.channel.nio.AbstractNioChannel$AbstractNioUnsafe.finishConnect(AbstractNioChannel.java:340)
	at org.apache.ratis.thirdparty.io.netty.channel.nio.NioEventLoop.processSelectedKey(NioEventLoop.java:632)
	at org.apache.ratis.thirdparty.io.netty.channel.nio.NioEventLoop.processSelectedKeysOptimized(NioEventLoop.java:579)
	at org.apache.ratis.thirdparty.io.netty.channel.nio.NioEventLoop.processSelectedKeys(NioEventLoop.java:496)
	at org.apache.ratis.thirdparty.io.netty.channel.nio.NioEventLoop.run(NioEventLoop.java:458)
	at org.apache.ratis.thirdparty.io.netty.util.concurrent.SingleThreadEventExecutor$5.run(SingleThreadEventExecutor.java:897)
	at org.apache.ratis.thirdparty.io.netty.util.concurrent.FastThreadLocalRunnable.run(FastThreadLocalRunnable.java:30)
	... 1 more
Caused by: java.net.ConnectException: Connection refused
	... 11 more
2019-10-17 06:48:37,287 [7c431f9d-51bc-458b-a3a6-511ec217d887@group-21BA9BD4283D-LeaderElection526] INFO  impl.LeaderElection (LogUtils.java:infoOrTrace(149)) -   Exception 1: {}
java.util.concurrent.ExecutionException: org.apache.ratis.thirdparty.io.grpc.StatusRuntimeException: UNAVAILABLE: io exception
	at java.util.concurrent.FutureTask.report(FutureTask.java:122)
	at java.util.concurrent.FutureTask.get(FutureTask.java:192)
	at org.apache.ratis.server.impl.LeaderElection.waitForResults(LeaderElection.java:259)
	at org.apache.ratis.server.impl.LeaderElection.askForVotes(LeaderElection.java:197)
	at org.apache.ratis.server.impl.LeaderElection.run(LeaderElection.java:133)
	at java.lang.Thread.run(Thread.java:748)
Caused by: org.apache.ratis.thirdparty.io.grpc.StatusRuntimeException: UNAVAILABLE: io exception
	at org.apache.ratis.thirdparty.io.grpc.stub.ClientCalls.toStatusRuntimeException(ClientCalls.java:233)
	at org.apache.ratis.thirdparty.io.grpc.stub.ClientCalls.getUnchecked(ClientCalls.java:214)
	at org.apache.ratis.thirdparty.io.grpc.stub.ClientCalls.blockingUnaryCall(ClientCalls.java:139)
	at org.apache.ratis.proto.grpc.RaftServerProtocolServiceGrpc$RaftServerProtocolServiceBlockingStub.requestVote(RaftServerProtocolServiceGrpc.java:265)
	at org.apache.ratis.grpc.server.GrpcServerProtocolClient.requestVote(GrpcServerProtocolClient.java:99)
	at org.apache.ratis.grpc.server.GrpcService.requestVote(GrpcService.java:204)
	at org.apache.ratis.server.impl.LeaderElection.lambda$submitRequests$1(LeaderElection.java:234)
	at java.util.concurrent.FutureTask.run(FutureTask.java:266)
	at java.util.concurrent.Executors$RunnableAdapter.call(Executors.java:511)
	at java.util.concurrent.FutureTask.run(FutureTask.java:266)
	at java.util.concurrent.ThreadPoolExecutor.runWorker(ThreadPoolExecutor.java:1149)
	at java.util.concurrent.ThreadPoolExecutor$Worker.run(ThreadPoolExecutor.java:624)
	... 1 more
Caused by: org.apache.ratis.thirdparty.io.netty.channel.AbstractChannel$AnnotatedConnectException: Connection refused: /192.168.34.62:34777
	at sun.nio.ch.SocketChannelImpl.checkConnect(Native Method)
	at sun.nio.ch.SocketChannelImpl.finishConnect(SocketChannelImpl.java:717)
	at org.apache.ratis.thirdparty.io.netty.channel.socket.nio.NioSocketChannel.doFinishConnect(NioSocketChannel.java:327)
	at org.apache.ratis.thirdparty.io.netty.channel.nio.AbstractNioChannel$AbstractNioUnsafe.finishConnect(AbstractNioChannel.java:340)
	at org.apache.ratis.thirdparty.io.netty.channel.nio.NioEventLoop.processSelectedKey(NioEventLoop.java:632)
	at org.apache.ratis.thirdparty.io.netty.channel.nio.NioEventLoop.processSelectedKeysOptimized(NioEventLoop.java:579)
	at org.apache.ratis.thirdparty.io.netty.channel.nio.NioEventLoop.processSelectedKeys(NioEventLoop.java:496)
	at org.apache.ratis.thirdparty.io.netty.channel.nio.NioEventLoop.run(NioEventLoop.java:458)
	at org.apache.ratis.thirdparty.io.netty.util.concurrent.SingleThreadEventExecutor$5.run(SingleThreadEventExecutor.java:897)
	at org.apache.ratis.thirdparty.io.netty.util.concurrent.FastThreadLocalRunnable.run(FastThreadLocalRunnable.java:30)
	... 1 more
Caused by: java.net.ConnectException: Connection refused
	... 11 more
2019-10-17 06:48:37,287 [7c431f9d-51bc-458b-a3a6-511ec217d887@group-21BA9BD4283D-LeaderElection526] INFO  impl.RaftServerImpl (RaftServerImpl.java:setRole(184)) - 7c431f9d-51bc-458b-a3a6-511ec217d887@group-21BA9BD4283D: changes role from CANDIDATE to FOLLOWER at term 491 for DISCOVERED_A_NEW_TERM
2019-10-17 06:48:37,287 [7c431f9d-51bc-458b-a3a6-511ec217d887@group-21BA9BD4283D-LeaderElection526] INFO  impl.RoleInfo (RoleInfo.java:shutdownLeaderElection(134)) - 7c431f9d-51bc-458b-a3a6-511ec217d887: shutdown LeaderElection
2019-10-17 06:48:37,287 [7c431f9d-51bc-458b-a3a6-511ec217d887@group-21BA9BD4283D-LeaderElection526] INFO  impl.RoleInfo (RoleInfo.java:updateAndGet(143)) - 7c431f9d-51bc-458b-a3a6-511ec217d887: start FollowerState
2019-10-17 06:48:37,451 [Thread-4127] INFO  impl.FollowerState (FollowerState.java:run(108)) - 7c431f9d-51bc-458b-a3a6-511ec217d887@group-21BA9BD4283D-FollowerState: change to CANDIDATE, lastRpcTime:163ms, electionTimeout:163ms
2019-10-17 06:48:37,451 [Thread-4127] INFO  impl.RoleInfo (RoleInfo.java:shutdownFollowerState(121)) - 7c431f9d-51bc-458b-a3a6-511ec217d887: shutdown FollowerState
2019-10-17 06:48:37,451 [Thread-4127] INFO  impl.RaftServerImpl (RaftServerImpl.java:setRole(184)) - 7c431f9d-51bc-458b-a3a6-511ec217d887@group-21BA9BD4283D: changes role from  FOLLOWER to CANDIDATE at term 491 for changeToCandidate
2019-10-17 06:48:37,451 [Thread-4127] INFO  impl.RoleInfo (RoleInfo.java:updateAndGet(143)) - 7c431f9d-51bc-458b-a3a6-511ec217d887: start LeaderElection
2019-10-17 06:48:37,460 [7c431f9d-51bc-458b-a3a6-511ec217d887@group-21BA9BD4283D-LeaderElection527] INFO  impl.LeaderElection (LeaderElection.java:askForVotes(178)) - 7c431f9d-51bc-458b-a3a6-511ec217d887@group-21BA9BD4283D-LeaderElection527: begin an election at term 492 for -1: [67f35358-9777-4ff9-96f4-8a61bc3a94fe:192.168.34.62:37037, 7c431f9d-51bc-458b-a3a6-511ec217d887:192.168.34.62:40420, b9cfa588-8e56-4331-be2f-4c26f25c6739:192.168.34.62:34777], old=null
2019-10-17 06:48:37,461 [7c431f9d-51bc-458b-a3a6-511ec217d887@group-21BA9BD4283D-LeaderElection527] INFO  impl.LeaderElection (LogUtils.java:infoOrTrace(149)) - 7c431f9d-51bc-458b-a3a6-511ec217d887@group-21BA9BD4283D-LeaderElection527 got exception when requesting votes: {}
java.util.concurrent.ExecutionException: org.apache.ratis.thirdparty.io.grpc.StatusRuntimeException: UNAVAILABLE: io exception
	at java.util.concurrent.FutureTask.report(FutureTask.java:122)
	at java.util.concurrent.FutureTask.get(FutureTask.java:192)
	at org.apache.ratis.server.impl.LeaderElection.waitForResults(LeaderElection.java:259)
	at org.apache.ratis.server.impl.LeaderElection.askForVotes(LeaderElection.java:197)
	at org.apache.ratis.server.impl.LeaderElection.run(LeaderElection.java:133)
	at java.lang.Thread.run(Thread.java:748)
Caused by: org.apache.ratis.thirdparty.io.grpc.StatusRuntimeException: UNAVAILABLE: io exception
	at org.apache.ratis.thirdparty.io.grpc.stub.ClientCalls.toStatusRuntimeException(ClientCalls.java:233)
	at org.apache.ratis.thirdparty.io.grpc.stub.ClientCalls.getUnchecked(ClientCalls.java:214)
	at org.apache.ratis.thirdparty.io.grpc.stub.ClientCalls.blockingUnaryCall(ClientCalls.java:139)
	at org.apache.ratis.proto.grpc.RaftServerProtocolServiceGrpc$RaftServerProtocolServiceBlockingStub.requestVote(RaftServerProtocolServiceGrpc.java:265)
	at org.apache.ratis.grpc.server.GrpcServerProtocolClient.requestVote(GrpcServerProtocolClient.java:99)
	at org.apache.ratis.grpc.server.GrpcService.requestVote(GrpcService.java:204)
	at org.apache.ratis.server.impl.LeaderElection.lambda$submitRequests$1(LeaderElection.java:234)
	at java.util.concurrent.FutureTask.run(FutureTask.java:266)
	at java.util.concurrent.Executors$RunnableAdapter.call(Executors.java:511)
	at java.util.concurrent.FutureTask.run(FutureTask.java:266)
	at java.util.concurrent.ThreadPoolExecutor.runWorker(ThreadPoolExecutor.java:1149)
	at java.util.concurrent.ThreadPoolExecutor$Worker.run(ThreadPoolExecutor.java:624)
	... 1 more
Caused by: org.apache.ratis.thirdparty.io.netty.channel.AbstractChannel$AnnotatedConnectException: Connection refused: /192.168.34.62:34777
	at sun.nio.ch.SocketChannelImpl.checkConnect(Native Method)
	at sun.nio.ch.SocketChannelImpl.finishConnect(SocketChannelImpl.java:717)
	at org.apache.ratis.thirdparty.io.netty.channel.socket.nio.NioSocketChannel.doFinishConnect(NioSocketChannel.java:327)
	at org.apache.ratis.thirdparty.io.netty.channel.nio.AbstractNioChannel$AbstractNioUnsafe.finishConnect(AbstractNioChannel.java:340)
	at org.apache.ratis.thirdparty.io.netty.channel.nio.NioEventLoop.processSelectedKey(NioEventLoop.java:632)
	at org.apache.ratis.thirdparty.io.netty.channel.nio.NioEventLoop.processSelectedKeysOptimized(NioEventLoop.java:579)
	at org.apache.ratis.thirdparty.io.netty.channel.nio.NioEventLoop.processSelectedKeys(NioEventLoop.java:496)
	at org.apache.ratis.thirdparty.io.netty.channel.nio.NioEventLoop.run(NioEventLoop.java:458)
	at org.apache.ratis.thirdparty.io.netty.util.concurrent.SingleThreadEventExecutor$5.run(SingleThreadEventExecutor.java:897)
	at org.apache.ratis.thirdparty.io.netty.util.concurrent.FastThreadLocalRunnable.run(FastThreadLocalRunnable.java:30)
	... 1 more
Caused by: java.net.ConnectException: Connection refused
	... 11 more
2019-10-17 06:48:37,461 [7c431f9d-51bc-458b-a3a6-511ec217d887@group-21BA9BD4283D-LeaderElection527] INFO  impl.LeaderElection (LogUtils.java:infoOrTrace(149)) - 7c431f9d-51bc-458b-a3a6-511ec217d887@group-21BA9BD4283D-LeaderElection527 got exception when requesting votes: {}
java.util.concurrent.ExecutionException: org.apache.ratis.thirdparty.io.grpc.StatusRuntimeException: UNAVAILABLE: io exception
	at java.util.concurrent.FutureTask.report(FutureTask.java:122)
	at java.util.concurrent.FutureTask.get(FutureTask.java:192)
	at org.apache.ratis.server.impl.LeaderElection.waitForResults(LeaderElection.java:259)
	at org.apache.ratis.server.impl.LeaderElection.askForVotes(LeaderElection.java:197)
	at org.apache.ratis.server.impl.LeaderElection.run(LeaderElection.java:133)
	at java.lang.Thread.run(Thread.java:748)
Caused by: org.apache.ratis.thirdparty.io.grpc.StatusRuntimeException: UNAVAILABLE: io exception
	at org.apache.ratis.thirdparty.io.grpc.stub.ClientCalls.toStatusRuntimeException(ClientCalls.java:233)
	at org.apache.ratis.thirdparty.io.grpc.stub.ClientCalls.getUnchecked(ClientCalls.java:214)
	at org.apache.ratis.thirdparty.io.grpc.stub.ClientCalls.blockingUnaryCall(ClientCalls.java:139)
	at org.apache.ratis.proto.grpc.RaftServerProtocolServiceGrpc$RaftServerProtocolServiceBlockingStub.requestVote(RaftServerProtocolServiceGrpc.java:265)
	at org.apache.ratis.grpc.server.GrpcServerProtocolClient.requestVote(GrpcServerProtocolClient.java:99)
	at org.apache.ratis.grpc.server.GrpcService.requestVote(GrpcService.java:204)
	at org.apache.ratis.server.impl.LeaderElection.lambda$submitRequests$1(LeaderElection.java:234)
	at java.util.concurrent.FutureTask.run(FutureTask.java:266)
	at java.util.concurrent.Executors$RunnableAdapter.call(Executors.java:511)
	at java.util.concurrent.FutureTask.run(FutureTask.java:266)
	at java.util.concurrent.ThreadPoolExecutor.runWorker(ThreadPoolExecutor.java:1149)
	at java.util.concurrent.ThreadPoolExecutor$Worker.run(ThreadPoolExecutor.java:624)
	... 1 more
Caused by: org.apache.ratis.thirdparty.io.netty.channel.AbstractChannel$AnnotatedConnectException: Connection refused: /192.168.34.62:37037
	at sun.nio.ch.SocketChannelImpl.checkConnect(Native Method)
	at sun.nio.ch.SocketChannelImpl.finishConnect(SocketChannelImpl.java:717)
	at org.apache.ratis.thirdparty.io.netty.channel.socket.nio.NioSocketChannel.doFinishConnect(NioSocketChannel.java:327)
	at org.apache.ratis.thirdparty.io.netty.channel.nio.AbstractNioChannel$AbstractNioUnsafe.finishConnect(AbstractNioChannel.java:340)
	at org.apache.ratis.thirdparty.io.netty.channel.nio.NioEventLoop.processSelectedKey(NioEventLoop.java:632)
	at org.apache.ratis.thirdparty.io.netty.channel.nio.NioEventLoop.processSelectedKeysOptimized(NioEventLoop.java:579)
	at org.apache.ratis.thirdparty.io.netty.channel.nio.NioEventLoop.processSelectedKeys(NioEventLoop.java:496)
	at org.apache.ratis.thirdparty.io.netty.channel.nio.NioEventLoop.run(NioEventLoop.java:458)
	at org.apache.ratis.thirdparty.io.netty.util.concurrent.SingleThreadEventExecutor$5.run(SingleThreadEventExecutor.java:897)
	at org.apache.ratis.thirdparty.io.netty.util.concurrent.FastThreadLocalRunnable.run(FastThreadLocalRunnable.java:30)
	... 1 more
Caused by: java.net.ConnectException: Connection refused
	... 11 more
2019-10-17 06:48:37,461 [7c431f9d-51bc-458b-a3a6-511ec217d887@group-21BA9BD4283D-LeaderElection527] INFO  impl.LeaderElection (LeaderElection.java:logAndReturn(56)) - 7c431f9d-51bc-458b-a3a6-511ec217d887@group-21BA9BD4283D-LeaderElection527: Election REJECTED; received 0 response(s) [] and 2 exception(s); 7c431f9d-51bc-458b-a3a6-511ec217d887@group-21BA9BD4283D:t492, leader=null, voted=7c431f9d-51bc-458b-a3a6-511ec217d887, raftlog=7c431f9d-51bc-458b-a3a6-511ec217d887@group-21BA9BD4283D-SegmentedRaftLog:OPENED:c-1,f-1,i0, conf=-1: [67f35358-9777-4ff9-96f4-8a61bc3a94fe:192.168.34.62:37037, 7c431f9d-51bc-458b-a3a6-511ec217d887:192.168.34.62:40420, b9cfa588-8e56-4331-be2f-4c26f25c6739:192.168.34.62:34777], old=null
2019-10-17 06:48:37,461 [7c431f9d-51bc-458b-a3a6-511ec217d887@group-21BA9BD4283D-LeaderElection527] INFO  impl.LeaderElection (LogUtils.java:infoOrTrace(149)) -   Exception 0: {}
java.util.concurrent.ExecutionException: org.apache.ratis.thirdparty.io.grpc.StatusRuntimeException: UNAVAILABLE: io exception
	at java.util.concurrent.FutureTask.report(FutureTask.java:122)
	at java.util.concurrent.FutureTask.get(FutureTask.java:192)
	at org.apache.ratis.server.impl.LeaderElection.waitForResults(LeaderElection.java:259)
	at org.apache.ratis.server.impl.LeaderElection.askForVotes(LeaderElection.java:197)
	at org.apache.ratis.server.impl.LeaderElection.run(LeaderElection.java:133)
	at java.lang.Thread.run(Thread.java:748)
Caused by: org.apache.ratis.thirdparty.io.grpc.StatusRuntimeException: UNAVAILABLE: io exception
	at org.apache.ratis.thirdparty.io.grpc.stub.ClientCalls.toStatusRuntimeException(ClientCalls.java:233)
	at org.apache.ratis.thirdparty.io.grpc.stub.ClientCalls.getUnchecked(ClientCalls.java:214)
	at org.apache.ratis.thirdparty.io.grpc.stub.ClientCalls.blockingUnaryCall(ClientCalls.java:139)
	at org.apache.ratis.proto.grpc.RaftServerProtocolServiceGrpc$RaftServerProtocolServiceBlockingStub.requestVote(RaftServerProtocolServiceGrpc.java:265)
	at org.apache.ratis.grpc.server.GrpcServerProtocolClient.requestVote(GrpcServerProtocolClient.java:99)
	at org.apache.ratis.grpc.server.GrpcService.requestVote(GrpcService.java:204)
	at org.apache.ratis.server.impl.LeaderElection.lambda$submitRequests$1(LeaderElection.java:234)
	at java.util.concurrent.FutureTask.run(FutureTask.java:266)
	at java.util.concurrent.Executors$RunnableAdapter.call(Executors.java:511)
	at java.util.concurrent.FutureTask.run(FutureTask.java:266)
	at java.util.concurrent.ThreadPoolExecutor.runWorker(ThreadPoolExecutor.java:1149)
	at java.util.concurrent.ThreadPoolExecutor$Worker.run(ThreadPoolExecutor.java:624)
	... 1 more
Caused by: org.apache.ratis.thirdparty.io.netty.channel.AbstractChannel$AnnotatedConnectException: Connection refused: /192.168.34.62:34777
	at sun.nio.ch.SocketChannelImpl.checkConnect(Native Method)
	at sun.nio.ch.SocketChannelImpl.finishConnect(SocketChannelImpl.java:717)
	at org.apache.ratis.thirdparty.io.netty.channel.socket.nio.NioSocketChannel.doFinishConnect(NioSocketChannel.java:327)
	at org.apache.ratis.thirdparty.io.netty.channel.nio.AbstractNioChannel$AbstractNioUnsafe.finishConnect(AbstractNioChannel.java:340)
	at org.apache.ratis.thirdparty.io.netty.channel.nio.NioEventLoop.processSelectedKey(NioEventLoop.java:632)
	at org.apache.ratis.thirdparty.io.netty.channel.nio.NioEventLoop.processSelectedKeysOptimized(NioEventLoop.java:579)
	at org.apache.ratis.thirdparty.io.netty.channel.nio.NioEventLoop.processSelectedKeys(NioEventLoop.java:496)
	at org.apache.ratis.thirdparty.io.netty.channel.nio.NioEventLoop.run(NioEventLoop.java:458)
	at org.apache.ratis.thirdparty.io.netty.util.concurrent.SingleThreadEventExecutor$5.run(SingleThreadEventExecutor.java:897)
	at org.apache.ratis.thirdparty.io.netty.util.concurrent.FastThreadLocalRunnable.run(FastThreadLocalRunnable.java:30)
	... 1 more
Caused by: java.net.ConnectException: Connection refused
	... 11 more
2019-10-17 06:48:37,462 [7c431f9d-51bc-458b-a3a6-511ec217d887@group-21BA9BD4283D-LeaderElection527] INFO  impl.LeaderElection (LogUtils.java:infoOrTrace(149)) -   Exception 1: {}
java.util.concurrent.ExecutionException: org.apache.ratis.thirdparty.io.grpc.StatusRuntimeException: UNAVAILABLE: io exception
	at java.util.concurrent.FutureTask.report(FutureTask.java:122)
	at java.util.concurrent.FutureTask.get(FutureTask.java:192)
	at org.apache.ratis.server.impl.LeaderElection.waitForResults(LeaderElection.java:259)
	at org.apache.ratis.server.impl.LeaderElection.askForVotes(LeaderElection.java:197)
	at org.apache.ratis.server.impl.LeaderElection.run(LeaderElection.java:133)
	at java.lang.Thread.run(Thread.java:748)
Caused by: org.apache.ratis.thirdparty.io.grpc.StatusRuntimeException: UNAVAILABLE: io exception
	at org.apache.ratis.thirdparty.io.grpc.stub.ClientCalls.toStatusRuntimeException(ClientCalls.java:233)
	at org.apache.ratis.thirdparty.io.grpc.stub.ClientCalls.getUnchecked(ClientCalls.java:214)
	at org.apache.ratis.thirdparty.io.grpc.stub.ClientCalls.blockingUnaryCall(ClientCalls.java:139)
	at org.apache.ratis.proto.grpc.RaftServerProtocolServiceGrpc$RaftServerProtocolServiceBlockingStub.requestVote(RaftServerProtocolServiceGrpc.java:265)
	at org.apache.ratis.grpc.server.GrpcServerProtocolClient.requestVote(GrpcServerProtocolClient.java:99)
	at org.apache.ratis.grpc.server.GrpcService.requestVote(GrpcService.java:204)
	at org.apache.ratis.server.impl.LeaderElection.lambda$submitRequests$1(LeaderElection.java:234)
	at java.util.concurrent.FutureTask.run(FutureTask.java:266)
	at java.util.concurrent.Executors$RunnableAdapter.call(Executors.java:511)
	at java.util.concurrent.FutureTask.run(FutureTask.java:266)
	at java.util.concurrent.ThreadPoolExecutor.runWorker(ThreadPoolExecutor.java:1149)
	at java.util.concurrent.ThreadPoolExecutor$Worker.run(ThreadPoolExecutor.java:624)
	... 1 more
Caused by: org.apache.ratis.thirdparty.io.netty.channel.AbstractChannel$AnnotatedConnectException: Connection refused: /192.168.34.62:37037
	at sun.nio.ch.SocketChannelImpl.checkConnect(Native Method)
	at sun.nio.ch.SocketChannelImpl.finishConnect(SocketChannelImpl.java:717)
	at org.apache.ratis.thirdparty.io.netty.channel.socket.nio.NioSocketChannel.doFinishConnect(NioSocketChannel.java:327)
	at org.apache.ratis.thirdparty.io.netty.channel.nio.AbstractNioChannel$AbstractNioUnsafe.finishConnect(AbstractNioChannel.java:340)
	at org.apache.ratis.thirdparty.io.netty.channel.nio.NioEventLoop.processSelectedKey(NioEventLoop.java:632)
	at org.apache.ratis.thirdparty.io.netty.channel.nio.NioEventLoop.processSelectedKeysOptimized(NioEventLoop.java:579)
	at org.apache.ratis.thirdparty.io.netty.channel.nio.NioEventLoop.processSelectedKeys(NioEventLoop.java:496)
	at org.apache.ratis.thirdparty.io.netty.channel.nio.NioEventLoop.run(NioEventLoop.java:458)
	at org.apache.ratis.thirdparty.io.netty.util.concurrent.SingleThreadEventExecutor$5.run(SingleThreadEventExecutor.java:897)
	at org.apache.ratis.thirdparty.io.netty.util.concurrent.FastThreadLocalRunnable.run(FastThreadLocalRunnable.java:30)
	... 1 more
Caused by: java.net.ConnectException: Connection refused
	... 11 more
2019-10-17 06:48:37,462 [7c431f9d-51bc-458b-a3a6-511ec217d887@group-21BA9BD4283D-LeaderElection527] INFO  impl.RaftServerImpl (RaftServerImpl.java:setRole(184)) - 7c431f9d-51bc-458b-a3a6-511ec217d887@group-21BA9BD4283D: changes role from CANDIDATE to FOLLOWER at term 492 for DISCOVERED_A_NEW_TERM
2019-10-17 06:48:37,462 [7c431f9d-51bc-458b-a3a6-511ec217d887@group-21BA9BD4283D-LeaderElection527] INFO  impl.RoleInfo (RoleInfo.java:shutdownLeaderElection(134)) - 7c431f9d-51bc-458b-a3a6-511ec217d887: shutdown LeaderElection
2019-10-17 06:48:37,462 [7c431f9d-51bc-458b-a3a6-511ec217d887@group-21BA9BD4283D-LeaderElection527] INFO  impl.RoleInfo (RoleInfo.java:updateAndGet(143)) - 7c431f9d-51bc-458b-a3a6-511ec217d887: start FollowerState
2019-10-17 06:48:37,540 [Thread-4131] INFO  impl.FollowerState (FollowerState.java:run(108)) - 7c431f9d-51bc-458b-a3a6-511ec217d887@group-21BA9BD4283D-FollowerState: change to CANDIDATE, lastRpcTime:78ms, electionTimeout:78ms
2019-10-17 06:48:37,540 [Thread-4131] INFO  impl.RoleInfo (RoleInfo.java:shutdownFollowerState(121)) - 7c431f9d-51bc-458b-a3a6-511ec217d887: shutdown FollowerState
2019-10-17 06:48:37,541 [Thread-4131] INFO  impl.RaftServerImpl (RaftServerImpl.java:setRole(184)) - 7c431f9d-51bc-458b-a3a6-511ec217d887@group-21BA9BD4283D: changes role from  FOLLOWER to CANDIDATE at term 492 for changeToCandidate
2019-10-17 06:48:37,541 [Thread-4131] INFO  impl.RoleInfo (RoleInfo.java:updateAndGet(143)) - 7c431f9d-51bc-458b-a3a6-511ec217d887: start LeaderElection
2019-10-17 06:48:37,559 [7c431f9d-51bc-458b-a3a6-511ec217d887@group-21BA9BD4283D-LeaderElection528] INFO  impl.LeaderElection (LeaderElection.java:askForVotes(178)) - 7c431f9d-51bc-458b-a3a6-511ec217d887@group-21BA9BD4283D-LeaderElection528: begin an election at term 493 for -1: [67f35358-9777-4ff9-96f4-8a61bc3a94fe:192.168.34.62:37037, 7c431f9d-51bc-458b-a3a6-511ec217d887:192.168.34.62:40420, b9cfa588-8e56-4331-be2f-4c26f25c6739:192.168.34.62:34777], old=null
2019-10-17 06:48:37,559 [7c431f9d-51bc-458b-a3a6-511ec217d887@group-21BA9BD4283D-LeaderElection528] INFO  impl.LeaderElection (LogUtils.java:infoOrTrace(149)) - 7c431f9d-51bc-458b-a3a6-511ec217d887@group-21BA9BD4283D-LeaderElection528 got exception when requesting votes: {}
java.util.concurrent.ExecutionException: org.apache.ratis.thirdparty.io.grpc.StatusRuntimeException: UNAVAILABLE: io exception
	at java.util.concurrent.FutureTask.report(FutureTask.java:122)
	at java.util.concurrent.FutureTask.get(FutureTask.java:192)
	at org.apache.ratis.server.impl.LeaderElection.waitForResults(LeaderElection.java:259)
	at org.apache.ratis.server.impl.LeaderElection.askForVotes(LeaderElection.java:197)
	at org.apache.ratis.server.impl.LeaderElection.run(LeaderElection.java:133)
	at java.lang.Thread.run(Thread.java:748)
Caused by: org.apache.ratis.thirdparty.io.grpc.StatusRuntimeException: UNAVAILABLE: io exception
	at org.apache.ratis.thirdparty.io.grpc.stub.ClientCalls.toStatusRuntimeException(ClientCalls.java:233)
	at org.apache.ratis.thirdparty.io.grpc.stub.ClientCalls.getUnchecked(ClientCalls.java:214)
	at org.apache.ratis.thirdparty.io.grpc.stub.ClientCalls.blockingUnaryCall(ClientCalls.java:139)
	at org.apache.ratis.proto.grpc.RaftServerProtocolServiceGrpc$RaftServerProtocolServiceBlockingStub.requestVote(RaftServerProtocolServiceGrpc.java:265)
	at org.apache.ratis.grpc.server.GrpcServerProtocolClient.requestVote(GrpcServerProtocolClient.java:99)
	at org.apache.ratis.grpc.server.GrpcService.requestVote(GrpcService.java:204)
	at org.apache.ratis.server.impl.LeaderElection.lambda$submitRequests$1(LeaderElection.java:234)
	at java.util.concurrent.FutureTask.run(FutureTask.java:266)
	at java.util.concurrent.Executors$RunnableAdapter.call(Executors.java:511)
	at java.util.concurrent.FutureTask.run(FutureTask.java:266)
	at java.util.concurrent.ThreadPoolExecutor.runWorker(ThreadPoolExecutor.java:1149)
	at java.util.concurrent.ThreadPoolExecutor$Worker.run(ThreadPoolExecutor.java:624)
	... 1 more
Caused by: org.apache.ratis.thirdparty.io.netty.channel.AbstractChannel$AnnotatedConnectException: Connection refused: /192.168.34.62:37037
	at sun.nio.ch.SocketChannelImpl.checkConnect(Native Method)
	at sun.nio.ch.SocketChannelImpl.finishConnect(SocketChannelImpl.java:717)
	at org.apache.ratis.thirdparty.io.netty.channel.socket.nio.NioSocketChannel.doFinishConnect(NioSocketChannel.java:327)
	at org.apache.ratis.thirdparty.io.netty.channel.nio.AbstractNioChannel$AbstractNioUnsafe.finishConnect(AbstractNioChannel.java:340)
	at org.apache.ratis.thirdparty.io.netty.channel.nio.NioEventLoop.processSelectedKey(NioEventLoop.java:632)
	at org.apache.ratis.thirdparty.io.netty.channel.nio.NioEventLoop.processSelectedKeysOptimized(NioEventLoop.java:579)
	at org.apache.ratis.thirdparty.io.netty.channel.nio.NioEventLoop.processSelectedKeys(NioEventLoop.java:496)
	at org.apache.ratis.thirdparty.io.netty.channel.nio.NioEventLoop.run(NioEventLoop.java:458)
	at org.apache.ratis.thirdparty.io.netty.util.concurrent.SingleThreadEventExecutor$5.run(SingleThreadEventExecutor.java:897)
	at org.apache.ratis.thirdparty.io.netty.util.concurrent.FastThreadLocalRunnable.run(FastThreadLocalRunnable.java:30)
	... 1 more
Caused by: java.net.ConnectException: Connection refused
	... 11 more
2019-10-17 06:48:37,560 [7c431f9d-51bc-458b-a3a6-511ec217d887@group-21BA9BD4283D-LeaderElection528] INFO  impl.LeaderElection (LogUtils.java:infoOrTrace(149)) - 7c431f9d-51bc-458b-a3a6-511ec217d887@group-21BA9BD4283D-LeaderElection528 got exception when requesting votes: {}
java.util.concurrent.ExecutionException: org.apache.ratis.thirdparty.io.grpc.StatusRuntimeException: UNAVAILABLE: io exception
	at java.util.concurrent.FutureTask.report(FutureTask.java:122)
	at java.util.concurrent.FutureTask.get(FutureTask.java:192)
	at org.apache.ratis.server.impl.LeaderElection.waitForResults(LeaderElection.java:259)
	at org.apache.ratis.server.impl.LeaderElection.askForVotes(LeaderElection.java:197)
	at org.apache.ratis.server.impl.LeaderElection.run(LeaderElection.java:133)
	at java.lang.Thread.run(Thread.java:748)
Caused by: org.apache.ratis.thirdparty.io.grpc.StatusRuntimeException: UNAVAILABLE: io exception
	at org.apache.ratis.thirdparty.io.grpc.stub.ClientCalls.toStatusRuntimeException(ClientCalls.java:233)
	at org.apache.ratis.thirdparty.io.grpc.stub.ClientCalls.getUnchecked(ClientCalls.java:214)
	at org.apache.ratis.thirdparty.io.grpc.stub.ClientCalls.blockingUnaryCall(ClientCalls.java:139)
	at org.apache.ratis.proto.grpc.RaftServerProtocolServiceGrpc$RaftServerProtocolServiceBlockingStub.requestVote(RaftServerProtocolServiceGrpc.java:265)
	at org.apache.ratis.grpc.server.GrpcServerProtocolClient.requestVote(GrpcServerProtocolClient.java:99)
	at org.apache.ratis.grpc.server.GrpcService.requestVote(GrpcService.java:204)
	at org.apache.ratis.server.impl.LeaderElection.lambda$submitRequests$1(LeaderElection.java:234)
	at java.util.concurrent.FutureTask.run(FutureTask.java:266)
	at java.util.concurrent.Executors$RunnableAdapter.call(Executors.java:511)
	at java.util.concurrent.FutureTask.run(FutureTask.java:266)
	at java.util.concurrent.ThreadPoolExecutor.runWorker(ThreadPoolExecutor.java:1149)
	at java.util.concurrent.ThreadPoolExecutor$Worker.run(ThreadPoolExecutor.java:624)
	... 1 more
Caused by: org.apache.ratis.thirdparty.io.netty.channel.AbstractChannel$AnnotatedConnectException: Connection refused: /192.168.34.62:34777
	at sun.nio.ch.SocketChannelImpl.checkConnect(Native Method)
	at sun.nio.ch.SocketChannelImpl.finishConnect(SocketChannelImpl.java:717)
	at org.apache.ratis.thirdparty.io.netty.channel.socket.nio.NioSocketChannel.doFinishConnect(NioSocketChannel.java:327)
	at org.apache.ratis.thirdparty.io.netty.channel.nio.AbstractNioChannel$AbstractNioUnsafe.finishConnect(AbstractNioChannel.java:340)
	at org.apache.ratis.thirdparty.io.netty.channel.nio.NioEventLoop.processSelectedKey(NioEventLoop.java:632)
	at org.apache.ratis.thirdparty.io.netty.channel.nio.NioEventLoop.processSelectedKeysOptimized(NioEventLoop.java:579)
	at org.apache.ratis.thirdparty.io.netty.channel.nio.NioEventLoop.processSelectedKeys(NioEventLoop.java:496)
	at org.apache.ratis.thirdparty.io.netty.channel.nio.NioEventLoop.run(NioEventLoop.java:458)
	at org.apache.ratis.thirdparty.io.netty.util.concurrent.SingleThreadEventExecutor$5.run(SingleThreadEventExecutor.java:897)
	at org.apache.ratis.thirdparty.io.netty.util.concurrent.FastThreadLocalRunnable.run(FastThreadLocalRunnable.java:30)
	... 1 more
Caused by: java.net.ConnectException: Connection refused
	... 11 more
2019-10-17 06:48:37,560 [7c431f9d-51bc-458b-a3a6-511ec217d887@group-21BA9BD4283D-LeaderElection528] INFO  impl.LeaderElection (LeaderElection.java:logAndReturn(56)) - 7c431f9d-51bc-458b-a3a6-511ec217d887@group-21BA9BD4283D-LeaderElection528: Election REJECTED; received 0 response(s) [] and 2 exception(s); 7c431f9d-51bc-458b-a3a6-511ec217d887@group-21BA9BD4283D:t493, leader=null, voted=7c431f9d-51bc-458b-a3a6-511ec217d887, raftlog=7c431f9d-51bc-458b-a3a6-511ec217d887@group-21BA9BD4283D-SegmentedRaftLog:OPENED:c-1,f-1,i0, conf=-1: [67f35358-9777-4ff9-96f4-8a61bc3a94fe:192.168.34.62:37037, 7c431f9d-51bc-458b-a3a6-511ec217d887:192.168.34.62:40420, b9cfa588-8e56-4331-be2f-4c26f25c6739:192.168.34.62:34777], old=null
2019-10-17 06:48:37,561 [7c431f9d-51bc-458b-a3a6-511ec217d887@group-21BA9BD4283D-LeaderElection528] INFO  impl.LeaderElection (LogUtils.java:infoOrTrace(149)) -   Exception 0: {}
java.util.concurrent.ExecutionException: org.apache.ratis.thirdparty.io.grpc.StatusRuntimeException: UNAVAILABLE: io exception
	at java.util.concurrent.FutureTask.report(FutureTask.java:122)
	at java.util.concurrent.FutureTask.get(FutureTask.java:192)
	at org.apache.ratis.server.impl.LeaderElection.waitForResults(LeaderElection.java:259)
	at org.apache.ratis.server.impl.LeaderElection.askForVotes(LeaderElection.java:197)
	at org.apache.ratis.server.impl.LeaderElection.run(LeaderElection.java:133)
	at java.lang.Thread.run(Thread.java:748)
Caused by: org.apache.ratis.thirdparty.io.grpc.StatusRuntimeException: UNAVAILABLE: io exception
	at org.apache.ratis.thirdparty.io.grpc.stub.ClientCalls.toStatusRuntimeException(ClientCalls.java:233)
	at org.apache.ratis.thirdparty.io.grpc.stub.ClientCalls.getUnchecked(ClientCalls.java:214)
	at org.apache.ratis.thirdparty.io.grpc.stub.ClientCalls.blockingUnaryCall(ClientCalls.java:139)
	at org.apache.ratis.proto.grpc.RaftServerProtocolServiceGrpc$RaftServerProtocolServiceBlockingStub.requestVote(RaftServerProtocolServiceGrpc.java:265)
	at org.apache.ratis.grpc.server.GrpcServerProtocolClient.requestVote(GrpcServerProtocolClient.java:99)
	at org.apache.ratis.grpc.server.GrpcService.requestVote(GrpcService.java:204)
	at org.apache.ratis.server.impl.LeaderElection.lambda$submitRequests$1(LeaderElection.java:234)
	at java.util.concurrent.FutureTask.run(FutureTask.java:266)
	at java.util.concurrent.Executors$RunnableAdapter.call(Executors.java:511)
	at java.util.concurrent.FutureTask.run(FutureTask.java:266)
	at java.util.concurrent.ThreadPoolExecutor.runWorker(ThreadPoolExecutor.java:1149)
	at java.util.concurrent.ThreadPoolExecutor$Worker.run(ThreadPoolExecutor.java:624)
	... 1 more
Caused by: org.apache.ratis.thirdparty.io.netty.channel.AbstractChannel$AnnotatedConnectException: Connection refused: /192.168.34.62:37037
	at sun.nio.ch.SocketChannelImpl.checkConnect(Native Method)
	at sun.nio.ch.SocketChannelImpl.finishConnect(SocketChannelImpl.java:717)
	at org.apache.ratis.thirdparty.io.netty.channel.socket.nio.NioSocketChannel.doFinishConnect(NioSocketChannel.java:327)
	at org.apache.ratis.thirdparty.io.netty.channel.nio.AbstractNioChannel$AbstractNioUnsafe.finishConnect(AbstractNioChannel.java:340)
	at org.apache.ratis.thirdparty.io.netty.channel.nio.NioEventLoop.processSelectedKey(NioEventLoop.java:632)
	at org.apache.ratis.thirdparty.io.netty.channel.nio.NioEventLoop.processSelectedKeysOptimized(NioEventLoop.java:579)
	at org.apache.ratis.thirdparty.io.netty.channel.nio.NioEventLoop.processSelectedKeys(NioEventLoop.java:496)
	at org.apache.ratis.thirdparty.io.netty.channel.nio.NioEventLoop.run(NioEventLoop.java:458)
	at org.apache.ratis.thirdparty.io.netty.util.concurrent.SingleThreadEventExecutor$5.run(SingleThreadEventExecutor.java:897)
	at org.apache.ratis.thirdparty.io.netty.util.concurrent.FastThreadLocalRunnable.run(FastThreadLocalRunnable.java:30)
	... 1 more
Caused by: java.net.ConnectException: Connection refused
	... 11 more
2019-10-17 06:48:37,561 [7c431f9d-51bc-458b-a3a6-511ec217d887@group-21BA9BD4283D-LeaderElection528] INFO  impl.LeaderElection (LogUtils.java:infoOrTrace(149)) -   Exception 1: {}
java.util.concurrent.ExecutionException: org.apache.ratis.thirdparty.io.grpc.StatusRuntimeException: UNAVAILABLE: io exception
	at java.util.concurrent.FutureTask.report(FutureTask.java:122)
	at java.util.concurrent.FutureTask.get(FutureTask.java:192)
	at org.apache.ratis.server.impl.LeaderElection.waitForResults(LeaderElection.java:259)
	at org.apache.ratis.server.impl.LeaderElection.askForVotes(LeaderElection.java:197)
	at org.apache.ratis.server.impl.LeaderElection.run(LeaderElection.java:133)
	at java.lang.Thread.run(Thread.java:748)
Caused by: org.apache.ratis.thirdparty.io.grpc.StatusRuntimeException: UNAVAILABLE: io exception
	at org.apache.ratis.thirdparty.io.grpc.stub.ClientCalls.toStatusRuntimeException(ClientCalls.java:233)
	at org.apache.ratis.thirdparty.io.grpc.stub.ClientCalls.getUnchecked(ClientCalls.java:214)
	at org.apache.ratis.thirdparty.io.grpc.stub.ClientCalls.blockingUnaryCall(ClientCalls.java:139)
	at org.apache.ratis.proto.grpc.RaftServerProtocolServiceGrpc$RaftServerProtocolServiceBlockingStub.requestVote(RaftServerProtocolServiceGrpc.java:265)
	at org.apache.ratis.grpc.server.GrpcServerProtocolClient.requestVote(GrpcServerProtocolClient.java:99)
	at org.apache.ratis.grpc.server.GrpcService.requestVote(GrpcService.java:204)
	at org.apache.ratis.server.impl.LeaderElection.lambda$submitRequests$1(LeaderElection.java:234)
	at java.util.concurrent.FutureTask.run(FutureTask.java:266)
	at java.util.concurrent.Executors$RunnableAdapter.call(Executors.java:511)
	at java.util.concurrent.FutureTask.run(FutureTask.java:266)
	at java.util.concurrent.ThreadPoolExecutor.runWorker(ThreadPoolExecutor.java:1149)
	at java.util.concurrent.ThreadPoolExecutor$Worker.run(ThreadPoolExecutor.java:624)
	... 1 more
Caused by: org.apache.ratis.thirdparty.io.netty.channel.AbstractChannel$AnnotatedConnectException: Connection refused: /192.168.34.62:34777
	at sun.nio.ch.SocketChannelImpl.checkConnect(Native Method)
	at sun.nio.ch.SocketChannelImpl.finishConnect(SocketChannelImpl.java:717)
	at org.apache.ratis.thirdparty.io.netty.channel.socket.nio.NioSocketChannel.doFinishConnect(NioSocketChannel.java:327)
	at org.apache.ratis.thirdparty.io.netty.channel.nio.AbstractNioChannel$AbstractNioUnsafe.finishConnect(AbstractNioChannel.java:340)
	at org.apache.ratis.thirdparty.io.netty.channel.nio.NioEventLoop.processSelectedKey(NioEventLoop.java:632)
	at org.apache.ratis.thirdparty.io.netty.channel.nio.NioEventLoop.processSelectedKeysOptimized(NioEventLoop.java:579)
	at org.apache.ratis.thirdparty.io.netty.channel.nio.NioEventLoop.processSelectedKeys(NioEventLoop.java:496)
	at org.apache.ratis.thirdparty.io.netty.channel.nio.NioEventLoop.run(NioEventLoop.java:458)
	at org.apache.ratis.thirdparty.io.netty.util.concurrent.SingleThreadEventExecutor$5.run(SingleThreadEventExecutor.java:897)
	at org.apache.ratis.thirdparty.io.netty.util.concurrent.FastThreadLocalRunnable.run(FastThreadLocalRunnable.java:30)
	... 1 more
Caused by: java.net.ConnectException: Connection refused
	... 11 more
2019-10-17 06:48:37,562 [7c431f9d-51bc-458b-a3a6-511ec217d887@group-21BA9BD4283D-LeaderElection528] INFO  impl.RaftServerImpl (RaftServerImpl.java:setRole(184)) - 7c431f9d-51bc-458b-a3a6-511ec217d887@group-21BA9BD4283D: changes role from CANDIDATE to FOLLOWER at term 493 for DISCOVERED_A_NEW_TERM
2019-10-17 06:48:37,562 [7c431f9d-51bc-458b-a3a6-511ec217d887@group-21BA9BD4283D-LeaderElection528] INFO  impl.RoleInfo (RoleInfo.java:shutdownLeaderElection(134)) - 7c431f9d-51bc-458b-a3a6-511ec217d887: shutdown LeaderElection
2019-10-17 06:48:37,562 [7c431f9d-51bc-458b-a3a6-511ec217d887@group-21BA9BD4283D-LeaderElection528] INFO  impl.RoleInfo (RoleInfo.java:updateAndGet(143)) - 7c431f9d-51bc-458b-a3a6-511ec217d887: start FollowerState
2019-10-17 06:48:37,739 [Thread-4135] INFO  impl.FollowerState (FollowerState.java:run(108)) - 7c431f9d-51bc-458b-a3a6-511ec217d887@group-21BA9BD4283D-FollowerState: change to CANDIDATE, lastRpcTime:177ms, electionTimeout:177ms
2019-10-17 06:48:37,739 [Thread-4135] INFO  impl.RoleInfo (RoleInfo.java:shutdownFollowerState(121)) - 7c431f9d-51bc-458b-a3a6-511ec217d887: shutdown FollowerState
2019-10-17 06:48:37,740 [Thread-4135] INFO  impl.RaftServerImpl (RaftServerImpl.java:setRole(184)) - 7c431f9d-51bc-458b-a3a6-511ec217d887@group-21BA9BD4283D: changes role from  FOLLOWER to CANDIDATE at term 493 for changeToCandidate
2019-10-17 06:48:37,740 [Thread-4135] INFO  impl.RoleInfo (RoleInfo.java:updateAndGet(143)) - 7c431f9d-51bc-458b-a3a6-511ec217d887: start LeaderElection
2019-10-17 06:48:37,754 [7c431f9d-51bc-458b-a3a6-511ec217d887@group-21BA9BD4283D-LeaderElection529] INFO  impl.LeaderElection (LeaderElection.java:askForVotes(178)) - 7c431f9d-51bc-458b-a3a6-511ec217d887@group-21BA9BD4283D-LeaderElection529: begin an election at term 494 for -1: [67f35358-9777-4ff9-96f4-8a61bc3a94fe:192.168.34.62:37037, 7c431f9d-51bc-458b-a3a6-511ec217d887:192.168.34.62:40420, b9cfa588-8e56-4331-be2f-4c26f25c6739:192.168.34.62:34777], old=null
2019-10-17 06:48:37,755 [7c431f9d-51bc-458b-a3a6-511ec217d887@group-21BA9BD4283D-LeaderElection529] INFO  impl.LeaderElection (LogUtils.java:infoOrTrace(149)) - 7c431f9d-51bc-458b-a3a6-511ec217d887@group-21BA9BD4283D-LeaderElection529 got exception when requesting votes: {}
java.util.concurrent.ExecutionException: org.apache.ratis.thirdparty.io.grpc.StatusRuntimeException: UNAVAILABLE: io exception
	at java.util.concurrent.FutureTask.report(FutureTask.java:122)
	at java.util.concurrent.FutureTask.get(FutureTask.java:192)
	at org.apache.ratis.server.impl.LeaderElection.waitForResults(LeaderElection.java:259)
	at org.apache.ratis.server.impl.LeaderElection.askForVotes(LeaderElection.java:197)
	at org.apache.ratis.server.impl.LeaderElection.run(LeaderElection.java:133)
	at java.lang.Thread.run(Thread.java:748)
Caused by: org.apache.ratis.thirdparty.io.grpc.StatusRuntimeException: UNAVAILABLE: io exception
	at org.apache.ratis.thirdparty.io.grpc.stub.ClientCalls.toStatusRuntimeException(ClientCalls.java:233)
	at org.apache.ratis.thirdparty.io.grpc.stub.ClientCalls.getUnchecked(ClientCalls.java:214)
	at org.apache.ratis.thirdparty.io.grpc.stub.ClientCalls.blockingUnaryCall(ClientCalls.java:139)
	at org.apache.ratis.proto.grpc.RaftServerProtocolServiceGrpc$RaftServerProtocolServiceBlockingStub.requestVote(RaftServerProtocolServiceGrpc.java:265)
	at org.apache.ratis.grpc.server.GrpcServerProtocolClient.requestVote(GrpcServerProtocolClient.java:99)
	at org.apache.ratis.grpc.server.GrpcService.requestVote(GrpcService.java:204)
	at org.apache.ratis.server.impl.LeaderElection.lambda$submitRequests$1(LeaderElection.java:234)
	at java.util.concurrent.FutureTask.run(FutureTask.java:266)
	at java.util.concurrent.Executors$RunnableAdapter.call(Executors.java:511)
	at java.util.concurrent.FutureTask.run(FutureTask.java:266)
	at java.util.concurrent.ThreadPoolExecutor.runWorker(ThreadPoolExecutor.java:1149)
	at java.util.concurrent.ThreadPoolExecutor$Worker.run(ThreadPoolExecutor.java:624)
	... 1 more
Caused by: org.apache.ratis.thirdparty.io.netty.channel.AbstractChannel$AnnotatedConnectException: Connection refused: /192.168.34.62:37037
	at sun.nio.ch.SocketChannelImpl.checkConnect(Native Method)
	at sun.nio.ch.SocketChannelImpl.finishConnect(SocketChannelImpl.java:717)
	at org.apache.ratis.thirdparty.io.netty.channel.socket.nio.NioSocketChannel.doFinishConnect(NioSocketChannel.java:327)
	at org.apache.ratis.thirdparty.io.netty.channel.nio.AbstractNioChannel$AbstractNioUnsafe.finishConnect(AbstractNioChannel.java:340)
	at org.apache.ratis.thirdparty.io.netty.channel.nio.NioEventLoop.processSelectedKey(NioEventLoop.java:632)
	at org.apache.ratis.thirdparty.io.netty.channel.nio.NioEventLoop.processSelectedKeysOptimized(NioEventLoop.java:579)
	at org.apache.ratis.thirdparty.io.netty.channel.nio.NioEventLoop.processSelectedKeys(NioEventLoop.java:496)
	at org.apache.ratis.thirdparty.io.netty.channel.nio.NioEventLoop.run(NioEventLoop.java:458)
	at org.apache.ratis.thirdparty.io.netty.util.concurrent.SingleThreadEventExecutor$5.run(SingleThreadEventExecutor.java:897)
	at org.apache.ratis.thirdparty.io.netty.util.concurrent.FastThreadLocalRunnable.run(FastThreadLocalRunnable.java:30)
	... 1 more
Caused by: java.net.ConnectException: Connection refused
	... 11 more
2019-10-17 06:48:37,755 [7c431f9d-51bc-458b-a3a6-511ec217d887@group-21BA9BD4283D-LeaderElection529] INFO  impl.LeaderElection (LogUtils.java:infoOrTrace(149)) - 7c431f9d-51bc-458b-a3a6-511ec217d887@group-21BA9BD4283D-LeaderElection529 got exception when requesting votes: {}
java.util.concurrent.ExecutionException: org.apache.ratis.thirdparty.io.grpc.StatusRuntimeException: UNAVAILABLE: io exception
	at java.util.concurrent.FutureTask.report(FutureTask.java:122)
	at java.util.concurrent.FutureTask.get(FutureTask.java:192)
	at org.apache.ratis.server.impl.LeaderElection.waitForResults(LeaderElection.java:259)
	at org.apache.ratis.server.impl.LeaderElection.askForVotes(LeaderElection.java:197)
	at org.apache.ratis.server.impl.LeaderElection.run(LeaderElection.java:133)
	at java.lang.Thread.run(Thread.java:748)
Caused by: org.apache.ratis.thirdparty.io.grpc.StatusRuntimeException: UNAVAILABLE: io exception
	at org.apache.ratis.thirdparty.io.grpc.stub.ClientCalls.toStatusRuntimeException(ClientCalls.java:233)
	at org.apache.ratis.thirdparty.io.grpc.stub.ClientCalls.getUnchecked(ClientCalls.java:214)
	at org.apache.ratis.thirdparty.io.grpc.stub.ClientCalls.blockingUnaryCall(ClientCalls.java:139)
	at org.apache.ratis.proto.grpc.RaftServerProtocolServiceGrpc$RaftServerProtocolServiceBlockingStub.requestVote(RaftServerProtocolServiceGrpc.java:265)
	at org.apache.ratis.grpc.server.GrpcServerProtocolClient.requestVote(GrpcServerProtocolClient.java:99)
	at org.apache.ratis.grpc.server.GrpcService.requestVote(GrpcService.java:204)
	at org.apache.ratis.server.impl.LeaderElection.lambda$submitRequests$1(LeaderElection.java:234)
	at java.util.concurrent.FutureTask.run(FutureTask.java:266)
	at java.util.concurrent.Executors$RunnableAdapter.call(Executors.java:511)
	at java.util.concurrent.FutureTask.run(FutureTask.java:266)
	at java.util.concurrent.ThreadPoolExecutor.runWorker(ThreadPoolExecutor.java:1149)
	at java.util.concurrent.ThreadPoolExecutor$Worker.run(ThreadPoolExecutor.java:624)
	... 1 more
Caused by: org.apache.ratis.thirdparty.io.netty.channel.AbstractChannel$AnnotatedConnectException: Connection refused: /192.168.34.62:34777
	at sun.nio.ch.SocketChannelImpl.checkConnect(Native Method)
	at sun.nio.ch.SocketChannelImpl.finishConnect(SocketChannelImpl.java:717)
	at org.apache.ratis.thirdparty.io.netty.channel.socket.nio.NioSocketChannel.doFinishConnect(NioSocketChannel.java:327)
	at org.apache.ratis.thirdparty.io.netty.channel.nio.AbstractNioChannel$AbstractNioUnsafe.finishConnect(AbstractNioChannel.java:340)
	at org.apache.ratis.thirdparty.io.netty.channel.nio.NioEventLoop.processSelectedKey(NioEventLoop.java:632)
	at org.apache.ratis.thirdparty.io.netty.channel.nio.NioEventLoop.processSelectedKeysOptimized(NioEventLoop.java:579)
	at org.apache.ratis.thirdparty.io.netty.channel.nio.NioEventLoop.processSelectedKeys(NioEventLoop.java:496)
	at org.apache.ratis.thirdparty.io.netty.channel.nio.NioEventLoop.run(NioEventLoop.java:458)
	at org.apache.ratis.thirdparty.io.netty.util.concurrent.SingleThreadEventExecutor$5.run(SingleThreadEventExecutor.java:897)
	at org.apache.ratis.thirdparty.io.netty.util.concurrent.FastThreadLocalRunnable.run(FastThreadLocalRunnable.java:30)
	... 1 more
Caused by: java.net.ConnectException: Connection refused
	... 11 more
2019-10-17 06:48:37,755 [7c431f9d-51bc-458b-a3a6-511ec217d887@group-21BA9BD4283D-LeaderElection529] INFO  impl.LeaderElection (LeaderElection.java:logAndReturn(56)) - 7c431f9d-51bc-458b-a3a6-511ec217d887@group-21BA9BD4283D-LeaderElection529: Election REJECTED; received 0 response(s) [] and 2 exception(s); 7c431f9d-51bc-458b-a3a6-511ec217d887@group-21BA9BD4283D:t494, leader=null, voted=7c431f9d-51bc-458b-a3a6-511ec217d887, raftlog=7c431f9d-51bc-458b-a3a6-511ec217d887@group-21BA9BD4283D-SegmentedRaftLog:OPENED:c-1,f-1,i0, conf=-1: [67f35358-9777-4ff9-96f4-8a61bc3a94fe:192.168.34.62:37037, 7c431f9d-51bc-458b-a3a6-511ec217d887:192.168.34.62:40420, b9cfa588-8e56-4331-be2f-4c26f25c6739:192.168.34.62:34777], old=null
2019-10-17 06:48:37,755 [7c431f9d-51bc-458b-a3a6-511ec217d887@group-21BA9BD4283D-LeaderElection529] INFO  impl.LeaderElection (LogUtils.java:infoOrTrace(149)) -   Exception 0: {}
java.util.concurrent.ExecutionException: org.apache.ratis.thirdparty.io.grpc.StatusRuntimeException: UNAVAILABLE: io exception
	at java.util.concurrent.FutureTask.report(FutureTask.java:122)
	at java.util.concurrent.FutureTask.get(FutureTask.java:192)
	at org.apache.ratis.server.impl.LeaderElection.waitForResults(LeaderElection.java:259)
	at org.apache.ratis.server.impl.LeaderElection.askForVotes(LeaderElection.java:197)
	at org.apache.ratis.server.impl.LeaderElection.run(LeaderElection.java:133)
	at java.lang.Thread.run(Thread.java:748)
Caused by: org.apache.ratis.thirdparty.io.grpc.StatusRuntimeException: UNAVAILABLE: io exception
	at org.apache.ratis.thirdparty.io.grpc.stub.ClientCalls.toStatusRuntimeException(ClientCalls.java:233)
	at org.apache.ratis.thirdparty.io.grpc.stub.ClientCalls.getUnchecked(ClientCalls.java:214)
	at org.apache.ratis.thirdparty.io.grpc.stub.ClientCalls.blockingUnaryCall(ClientCalls.java:139)
	at org.apache.ratis.proto.grpc.RaftServerProtocolServiceGrpc$RaftServerProtocolServiceBlockingStub.requestVote(RaftServerProtocolServiceGrpc.java:265)
	at org.apache.ratis.grpc.server.GrpcServerProtocolClient.requestVote(GrpcServerProtocolClient.java:99)
	at org.apache.ratis.grpc.server.GrpcService.requestVote(GrpcService.java:204)
	at org.apache.ratis.server.impl.LeaderElection.lambda$submitRequests$1(LeaderElection.java:234)
	at java.util.concurrent.FutureTask.run(FutureTask.java:266)
	at java.util.concurrent.Executors$RunnableAdapter.call(Executors.java:511)
	at java.util.concurrent.FutureTask.run(FutureTask.java:266)
	at java.util.concurrent.ThreadPoolExecutor.runWorker(ThreadPoolExecutor.java:1149)
	at java.util.concurrent.ThreadPoolExecutor$Worker.run(ThreadPoolExecutor.java:624)
	... 1 more
Caused by: org.apache.ratis.thirdparty.io.netty.channel.AbstractChannel$AnnotatedConnectException: Connection refused: /192.168.34.62:37037
	at sun.nio.ch.SocketChannelImpl.checkConnect(Native Method)
	at sun.nio.ch.SocketChannelImpl.finishConnect(SocketChannelImpl.java:717)
	at org.apache.ratis.thirdparty.io.netty.channel.socket.nio.NioSocketChannel.doFinishConnect(NioSocketChannel.java:327)
	at org.apache.ratis.thirdparty.io.netty.channel.nio.AbstractNioChannel$AbstractNioUnsafe.finishConnect(AbstractNioChannel.java:340)
	at org.apache.ratis.thirdparty.io.netty.channel.nio.NioEventLoop.processSelectedKey(NioEventLoop.java:632)
	at org.apache.ratis.thirdparty.io.netty.channel.nio.NioEventLoop.processSelectedKeysOptimized(NioEventLoop.java:579)
	at org.apache.ratis.thirdparty.io.netty.channel.nio.NioEventLoop.processSelectedKeys(NioEventLoop.java:496)
	at org.apache.ratis.thirdparty.io.netty.channel.nio.NioEventLoop.run(NioEventLoop.java:458)
	at org.apache.ratis.thirdparty.io.netty.util.concurrent.SingleThreadEventExecutor$5.run(SingleThreadEventExecutor.java:897)
	at org.apache.ratis.thirdparty.io.netty.util.concurrent.FastThreadLocalRunnable.run(FastThreadLocalRunnable.java:30)
	... 1 more
Caused by: java.net.ConnectException: Connection refused
	... 11 more
2019-10-17 06:48:37,756 [7c431f9d-51bc-458b-a3a6-511ec217d887@group-21BA9BD4283D-LeaderElection529] INFO  impl.LeaderElection (LogUtils.java:infoOrTrace(149)) -   Exception 1: {}
java.util.concurrent.ExecutionException: org.apache.ratis.thirdparty.io.grpc.StatusRuntimeException: UNAVAILABLE: io exception
	at java.util.concurrent.FutureTask.report(FutureTask.java:122)
	at java.util.concurrent.FutureTask.get(FutureTask.java:192)
	at org.apache.ratis.server.impl.LeaderElection.waitForResults(LeaderElection.java:259)
	at org.apache.ratis.server.impl.LeaderElection.askForVotes(LeaderElection.java:197)
	at org.apache.ratis.server.impl.LeaderElection.run(LeaderElection.java:133)
	at java.lang.Thread.run(Thread.java:748)
Caused by: org.apache.ratis.thirdparty.io.grpc.StatusRuntimeException: UNAVAILABLE: io exception
	at org.apache.ratis.thirdparty.io.grpc.stub.ClientCalls.toStatusRuntimeException(ClientCalls.java:233)
	at org.apache.ratis.thirdparty.io.grpc.stub.ClientCalls.getUnchecked(ClientCalls.java:214)
	at org.apache.ratis.thirdparty.io.grpc.stub.ClientCalls.blockingUnaryCall(ClientCalls.java:139)
	at org.apache.ratis.proto.grpc.RaftServerProtocolServiceGrpc$RaftServerProtocolServiceBlockingStub.requestVote(RaftServerProtocolServiceGrpc.java:265)
	at org.apache.ratis.grpc.server.GrpcServerProtocolClient.requestVote(GrpcServerProtocolClient.java:99)
	at org.apache.ratis.grpc.server.GrpcService.requestVote(GrpcService.java:204)
	at org.apache.ratis.server.impl.LeaderElection.lambda$submitRequests$1(LeaderElection.java:234)
	at java.util.concurrent.FutureTask.run(FutureTask.java:266)
	at java.util.concurrent.Executors$RunnableAdapter.call(Executors.java:511)
	at java.util.concurrent.FutureTask.run(FutureTask.java:266)
	at java.util.concurrent.ThreadPoolExecutor.runWorker(ThreadPoolExecutor.java:1149)
	at java.util.concurrent.ThreadPoolExecutor$Worker.run(ThreadPoolExecutor.java:624)
	... 1 more
Caused by: org.apache.ratis.thirdparty.io.netty.channel.AbstractChannel$AnnotatedConnectException: Connection refused: /192.168.34.62:34777
	at sun.nio.ch.SocketChannelImpl.checkConnect(Native Method)
	at sun.nio.ch.SocketChannelImpl.finishConnect(SocketChannelImpl.java:717)
	at org.apache.ratis.thirdparty.io.netty.channel.socket.nio.NioSocketChannel.doFinishConnect(NioSocketChannel.java:327)
	at org.apache.ratis.thirdparty.io.netty.channel.nio.AbstractNioChannel$AbstractNioUnsafe.finishConnect(AbstractNioChannel.java:340)
	at org.apache.ratis.thirdparty.io.netty.channel.nio.NioEventLoop.processSelectedKey(NioEventLoop.java:632)
	at org.apache.ratis.thirdparty.io.netty.channel.nio.NioEventLoop.processSelectedKeysOptimized(NioEventLoop.java:579)
	at org.apache.ratis.thirdparty.io.netty.channel.nio.NioEventLoop.processSelectedKeys(NioEventLoop.java:496)
	at org.apache.ratis.thirdparty.io.netty.channel.nio.NioEventLoop.run(NioEventLoop.java:458)
	at org.apache.ratis.thirdparty.io.netty.util.concurrent.SingleThreadEventExecutor$5.run(SingleThreadEventExecutor.java:897)
	at org.apache.ratis.thirdparty.io.netty.util.concurrent.FastThreadLocalRunnable.run(FastThreadLocalRunnable.java:30)
	... 1 more
Caused by: java.net.ConnectException: Connection refused
	... 11 more
2019-10-17 06:48:37,756 [7c431f9d-51bc-458b-a3a6-511ec217d887@group-21BA9BD4283D-LeaderElection529] INFO  impl.RaftServerImpl (RaftServerImpl.java:setRole(184)) - 7c431f9d-51bc-458b-a3a6-511ec217d887@group-21BA9BD4283D: changes role from CANDIDATE to FOLLOWER at term 494 for DISCOVERED_A_NEW_TERM
2019-10-17 06:48:37,756 [7c431f9d-51bc-458b-a3a6-511ec217d887@group-21BA9BD4283D-LeaderElection529] INFO  impl.RoleInfo (RoleInfo.java:shutdownLeaderElection(134)) - 7c431f9d-51bc-458b-a3a6-511ec217d887: shutdown LeaderElection
2019-10-17 06:48:37,756 [7c431f9d-51bc-458b-a3a6-511ec217d887@group-21BA9BD4283D-LeaderElection529] INFO  impl.RoleInfo (RoleInfo.java:updateAndGet(143)) - 7c431f9d-51bc-458b-a3a6-511ec217d887: start FollowerState
2019-10-17 06:48:37,773 [Thread-4139] INFO  impl.FollowerState (FollowerState.java:run(108)) - 7c431f9d-51bc-458b-a3a6-511ec217d887@group-21BA9BD4283D-FollowerState: change to CANDIDATE, lastRpcTime:17ms, electionTimeout:17ms
2019-10-17 06:48:37,773 [Thread-4139] INFO  impl.RoleInfo (RoleInfo.java:shutdownFollowerState(121)) - 7c431f9d-51bc-458b-a3a6-511ec217d887: shutdown FollowerState
2019-10-17 06:48:37,773 [Thread-4139] INFO  impl.RaftServerImpl (RaftServerImpl.java:setRole(184)) - 7c431f9d-51bc-458b-a3a6-511ec217d887@group-21BA9BD4283D: changes role from  FOLLOWER to CANDIDATE at term 494 for changeToCandidate
2019-10-17 06:48:37,774 [Thread-4139] INFO  impl.RoleInfo (RoleInfo.java:updateAndGet(143)) - 7c431f9d-51bc-458b-a3a6-511ec217d887: start LeaderElection
2019-10-17 06:48:37,784 [7c431f9d-51bc-458b-a3a6-511ec217d887@group-21BA9BD4283D-LeaderElection530] INFO  impl.LeaderElection (LeaderElection.java:askForVotes(178)) - 7c431f9d-51bc-458b-a3a6-511ec217d887@group-21BA9BD4283D-LeaderElection530: begin an election at term 495 for -1: [67f35358-9777-4ff9-96f4-8a61bc3a94fe:192.168.34.62:37037, 7c431f9d-51bc-458b-a3a6-511ec217d887:192.168.34.62:40420, b9cfa588-8e56-4331-be2f-4c26f25c6739:192.168.34.62:34777], old=null
2019-10-17 06:48:37,785 [7c431f9d-51bc-458b-a3a6-511ec217d887@group-21BA9BD4283D-LeaderElection530] INFO  impl.LeaderElection (LogUtils.java:infoOrTrace(149)) - 7c431f9d-51bc-458b-a3a6-511ec217d887@group-21BA9BD4283D-LeaderElection530 got exception when requesting votes: {}
java.util.concurrent.ExecutionException: org.apache.ratis.thirdparty.io.grpc.StatusRuntimeException: UNAVAILABLE: io exception
	at java.util.concurrent.FutureTask.report(FutureTask.java:122)
	at java.util.concurrent.FutureTask.get(FutureTask.java:192)
	at org.apache.ratis.server.impl.LeaderElection.waitForResults(LeaderElection.java:259)
	at org.apache.ratis.server.impl.LeaderElection.askForVotes(LeaderElection.java:197)
	at org.apache.ratis.server.impl.LeaderElection.run(LeaderElection.java:133)
	at java.lang.Thread.run(Thread.java:748)
Caused by: org.apache.ratis.thirdparty.io.grpc.StatusRuntimeException: UNAVAILABLE: io exception
	at org.apache.ratis.thirdparty.io.grpc.stub.ClientCalls.toStatusRuntimeException(ClientCalls.java:233)
	at org.apache.ratis.thirdparty.io.grpc.stub.ClientCalls.getUnchecked(ClientCalls.java:214)
	at org.apache.ratis.thirdparty.io.grpc.stub.ClientCalls.blockingUnaryCall(ClientCalls.java:139)
	at org.apache.ratis.proto.grpc.RaftServerProtocolServiceGrpc$RaftServerProtocolServiceBlockingStub.requestVote(RaftServerProtocolServiceGrpc.java:265)
	at org.apache.ratis.grpc.server.GrpcServerProtocolClient.requestVote(GrpcServerProtocolClient.java:99)
	at org.apache.ratis.grpc.server.GrpcService.requestVote(GrpcService.java:204)
	at org.apache.ratis.server.impl.LeaderElection.lambda$submitRequests$1(LeaderElection.java:234)
	at java.util.concurrent.FutureTask.run(FutureTask.java:266)
	at java.util.concurrent.Executors$RunnableAdapter.call(Executors.java:511)
	at java.util.concurrent.FutureTask.run(FutureTask.java:266)
	at java.util.concurrent.ThreadPoolExecutor.runWorker(ThreadPoolExecutor.java:1149)
	at java.util.concurrent.ThreadPoolExecutor$Worker.run(ThreadPoolExecutor.java:624)
	... 1 more
Caused by: org.apache.ratis.thirdparty.io.netty.channel.AbstractChannel$AnnotatedConnectException: Connection refused: /192.168.34.62:37037
	at sun.nio.ch.SocketChannelImpl.checkConnect(Native Method)
	at sun.nio.ch.SocketChannelImpl.finishConnect(SocketChannelImpl.java:717)
	at org.apache.ratis.thirdparty.io.netty.channel.socket.nio.NioSocketChannel.doFinishConnect(NioSocketChannel.java:327)
	at org.apache.ratis.thirdparty.io.netty.channel.nio.AbstractNioChannel$AbstractNioUnsafe.finishConnect(AbstractNioChannel.java:340)
	at org.apache.ratis.thirdparty.io.netty.channel.nio.NioEventLoop.processSelectedKey(NioEventLoop.java:632)
	at org.apache.ratis.thirdparty.io.netty.channel.nio.NioEventLoop.processSelectedKeysOptimized(NioEventLoop.java:579)
	at org.apache.ratis.thirdparty.io.netty.channel.nio.NioEventLoop.processSelectedKeys(NioEventLoop.java:496)
	at org.apache.ratis.thirdparty.io.netty.channel.nio.NioEventLoop.run(NioEventLoop.java:458)
	at org.apache.ratis.thirdparty.io.netty.util.concurrent.SingleThreadEventExecutor$5.run(SingleThreadEventExecutor.java:897)
	at org.apache.ratis.thirdparty.io.netty.util.concurrent.FastThreadLocalRunnable.run(FastThreadLocalRunnable.java:30)
	... 1 more
Caused by: java.net.ConnectException: Connection refused
	... 11 more
2019-10-17 06:48:37,785 [7c431f9d-51bc-458b-a3a6-511ec217d887@group-21BA9BD4283D-LeaderElection530] INFO  impl.LeaderElection (LogUtils.java:infoOrTrace(149)) - 7c431f9d-51bc-458b-a3a6-511ec217d887@group-21BA9BD4283D-LeaderElection530 got exception when requesting votes: {}
java.util.concurrent.ExecutionException: org.apache.ratis.thirdparty.io.grpc.StatusRuntimeException: UNAVAILABLE: io exception
	at java.util.concurrent.FutureTask.report(FutureTask.java:122)
	at java.util.concurrent.FutureTask.get(FutureTask.java:192)
	at org.apache.ratis.server.impl.LeaderElection.waitForResults(LeaderElection.java:259)
	at org.apache.ratis.server.impl.LeaderElection.askForVotes(LeaderElection.java:197)
	at org.apache.ratis.server.impl.LeaderElection.run(LeaderElection.java:133)
	at java.lang.Thread.run(Thread.java:748)
Caused by: org.apache.ratis.thirdparty.io.grpc.StatusRuntimeException: UNAVAILABLE: io exception
	at org.apache.ratis.thirdparty.io.grpc.stub.ClientCalls.toStatusRuntimeException(ClientCalls.java:233)
	at org.apache.ratis.thirdparty.io.grpc.stub.ClientCalls.getUnchecked(ClientCalls.java:214)
	at org.apache.ratis.thirdparty.io.grpc.stub.ClientCalls.blockingUnaryCall(ClientCalls.java:139)
	at org.apache.ratis.proto.grpc.RaftServerProtocolServiceGrpc$RaftServerProtocolServiceBlockingStub.requestVote(RaftServerProtocolServiceGrpc.java:265)
	at org.apache.ratis.grpc.server.GrpcServerProtocolClient.requestVote(GrpcServerProtocolClient.java:99)
	at org.apache.ratis.grpc.server.GrpcService.requestVote(GrpcService.java:204)
	at org.apache.ratis.server.impl.LeaderElection.lambda$submitRequests$1(LeaderElection.java:234)
	at java.util.concurrent.FutureTask.run(FutureTask.java:266)
	at java.util.concurrent.Executors$RunnableAdapter.call(Executors.java:511)
	at java.util.concurrent.FutureTask.run(FutureTask.java:266)
	at java.util.concurrent.ThreadPoolExecutor.runWorker(ThreadPoolExecutor.java:1149)
	at java.util.concurrent.ThreadPoolExecutor$Worker.run(ThreadPoolExecutor.java:624)
	... 1 more
Caused by: org.apache.ratis.thirdparty.io.netty.channel.AbstractChannel$AnnotatedConnectException: Connection refused: /192.168.34.62:34777
	at sun.nio.ch.SocketChannelImpl.checkConnect(Native Method)
	at sun.nio.ch.SocketChannelImpl.finishConnect(SocketChannelImpl.java:717)
	at org.apache.ratis.thirdparty.io.netty.channel.socket.nio.NioSocketChannel.doFinishConnect(NioSocketChannel.java:327)
	at org.apache.ratis.thirdparty.io.netty.channel.nio.AbstractNioChannel$AbstractNioUnsafe.finishConnect(AbstractNioChannel.java:340)
	at org.apache.ratis.thirdparty.io.netty.channel.nio.NioEventLoop.processSelectedKey(NioEventLoop.java:632)
	at org.apache.ratis.thirdparty.io.netty.channel.nio.NioEventLoop.processSelectedKeysOptimized(NioEventLoop.java:579)
	at org.apache.ratis.thirdparty.io.netty.channel.nio.NioEventLoop.processSelectedKeys(NioEventLoop.java:496)
	at org.apache.ratis.thirdparty.io.netty.channel.nio.NioEventLoop.run(NioEventLoop.java:458)
	at org.apache.ratis.thirdparty.io.netty.util.concurrent.SingleThreadEventExecutor$5.run(SingleThreadEventExecutor.java:897)
	at org.apache.ratis.thirdparty.io.netty.util.concurrent.FastThreadLocalRunnable.run(FastThreadLocalRunnable.java:30)
	... 1 more
Caused by: java.net.ConnectException: Connection refused
	... 11 more
2019-10-17 06:48:37,786 [7c431f9d-51bc-458b-a3a6-511ec217d887@group-21BA9BD4283D-LeaderElection530] INFO  impl.LeaderElection (LeaderElection.java:logAndReturn(56)) - 7c431f9d-51bc-458b-a3a6-511ec217d887@group-21BA9BD4283D-LeaderElection530: Election REJECTED; received 0 response(s) [] and 2 exception(s); 7c431f9d-51bc-458b-a3a6-511ec217d887@group-21BA9BD4283D:t495, leader=null, voted=7c431f9d-51bc-458b-a3a6-511ec217d887, raftlog=7c431f9d-51bc-458b-a3a6-511ec217d887@group-21BA9BD4283D-SegmentedRaftLog:OPENED:c-1,f-1,i0, conf=-1: [67f35358-9777-4ff9-96f4-8a61bc3a94fe:192.168.34.62:37037, 7c431f9d-51bc-458b-a3a6-511ec217d887:192.168.34.62:40420, b9cfa588-8e56-4331-be2f-4c26f25c6739:192.168.34.62:34777], old=null
2019-10-17 06:48:37,786 [7c431f9d-51bc-458b-a3a6-511ec217d887@group-21BA9BD4283D-LeaderElection530] INFO  impl.LeaderElection (LogUtils.java:infoOrTrace(149)) -   Exception 0: {}
java.util.concurrent.ExecutionException: org.apache.ratis.thirdparty.io.grpc.StatusRuntimeException: UNAVAILABLE: io exception
	at java.util.concurrent.FutureTask.report(FutureTask.java:122)
	at java.util.concurrent.FutureTask.get(FutureTask.java:192)
	at org.apache.ratis.server.impl.LeaderElection.waitForResults(LeaderElection.java:259)
	at org.apache.ratis.server.impl.LeaderElection.askForVotes(LeaderElection.java:197)
	at org.apache.ratis.server.impl.LeaderElection.run(LeaderElection.java:133)
	at java.lang.Thread.run(Thread.java:748)
Caused by: org.apache.ratis.thirdparty.io.grpc.StatusRuntimeException: UNAVAILABLE: io exception
	at org.apache.ratis.thirdparty.io.grpc.stub.ClientCalls.toStatusRuntimeException(ClientCalls.java:233)
	at org.apache.ratis.thirdparty.io.grpc.stub.ClientCalls.getUnchecked(ClientCalls.java:214)
	at org.apache.ratis.thirdparty.io.grpc.stub.ClientCalls.blockingUnaryCall(ClientCalls.java:139)
	at org.apache.ratis.proto.grpc.RaftServerProtocolServiceGrpc$RaftServerProtocolServiceBlockingStub.requestVote(RaftServerProtocolServiceGrpc.java:265)
	at org.apache.ratis.grpc.server.GrpcServerProtocolClient.requestVote(GrpcServerProtocolClient.java:99)
	at org.apache.ratis.grpc.server.GrpcService.requestVote(GrpcService.java:204)
	at org.apache.ratis.server.impl.LeaderElection.lambda$submitRequests$1(LeaderElection.java:234)
	at java.util.concurrent.FutureTask.run(FutureTask.java:266)
	at java.util.concurrent.Executors$RunnableAdapter.call(Executors.java:511)
	at java.util.concurrent.FutureTask.run(FutureTask.java:266)
	at java.util.concurrent.ThreadPoolExecutor.runWorker(ThreadPoolExecutor.java:1149)
	at java.util.concurrent.ThreadPoolExecutor$Worker.run(ThreadPoolExecutor.java:624)
	... 1 more
Caused by: org.apache.ratis.thirdparty.io.netty.channel.AbstractChannel$AnnotatedConnectException: Connection refused: /192.168.34.62:37037
	at sun.nio.ch.SocketChannelImpl.checkConnect(Native Method)
	at sun.nio.ch.SocketChannelImpl.finishConnect(SocketChannelImpl.java:717)
	at org.apache.ratis.thirdparty.io.netty.channel.socket.nio.NioSocketChannel.doFinishConnect(NioSocketChannel.java:327)
	at org.apache.ratis.thirdparty.io.netty.channel.nio.AbstractNioChannel$AbstractNioUnsafe.finishConnect(AbstractNioChannel.java:340)
	at org.apache.ratis.thirdparty.io.netty.channel.nio.NioEventLoop.processSelectedKey(NioEventLoop.java:632)
	at org.apache.ratis.thirdparty.io.netty.channel.nio.NioEventLoop.processSelectedKeysOptimized(NioEventLoop.java:579)
	at org.apache.ratis.thirdparty.io.netty.channel.nio.NioEventLoop.processSelectedKeys(NioEventLoop.java:496)
	at org.apache.ratis.thirdparty.io.netty.channel.nio.NioEventLoop.run(NioEventLoop.java:458)
	at org.apache.ratis.thirdparty.io.netty.util.concurrent.SingleThreadEventExecutor$5.run(SingleThreadEventExecutor.java:897)
	at org.apache.ratis.thirdparty.io.netty.util.concurrent.FastThreadLocalRunnable.run(FastThreadLocalRunnable.java:30)
	... 1 more
Caused by: java.net.ConnectException: Connection refused
	... 11 more
2019-10-17 06:48:37,786 [7c431f9d-51bc-458b-a3a6-511ec217d887@group-21BA9BD4283D-LeaderElection530] INFO  impl.LeaderElection (LogUtils.java:infoOrTrace(149)) -   Exception 1: {}
java.util.concurrent.ExecutionException: org.apache.ratis.thirdparty.io.grpc.StatusRuntimeException: UNAVAILABLE: io exception
	at java.util.concurrent.FutureTask.report(FutureTask.java:122)
	at java.util.concurrent.FutureTask.get(FutureTask.java:192)
	at org.apache.ratis.server.impl.LeaderElection.waitForResults(LeaderElection.java:259)
	at org.apache.ratis.server.impl.LeaderElection.askForVotes(LeaderElection.java:197)
	at org.apache.ratis.server.impl.LeaderElection.run(LeaderElection.java:133)
	at java.lang.Thread.run(Thread.java:748)
Caused by: org.apache.ratis.thirdparty.io.grpc.StatusRuntimeException: UNAVAILABLE: io exception
	at org.apache.ratis.thirdparty.io.grpc.stub.ClientCalls.toStatusRuntimeException(ClientCalls.java:233)
	at org.apache.ratis.thirdparty.io.grpc.stub.ClientCalls.getUnchecked(ClientCalls.java:214)
	at org.apache.ratis.thirdparty.io.grpc.stub.ClientCalls.blockingUnaryCall(ClientCalls.java:139)
	at org.apache.ratis.proto.grpc.RaftServerProtocolServiceGrpc$RaftServerProtocolServiceBlockingStub.requestVote(RaftServerProtocolServiceGrpc.java:265)
	at org.apache.ratis.grpc.server.GrpcServerProtocolClient.requestVote(GrpcServerProtocolClient.java:99)
	at org.apache.ratis.grpc.server.GrpcService.requestVote(GrpcService.java:204)
	at org.apache.ratis.server.impl.LeaderElection.lambda$submitRequests$1(LeaderElection.java:234)
	at java.util.concurrent.FutureTask.run(FutureTask.java:266)
	at java.util.concurrent.Executors$RunnableAdapter.call(Executors.java:511)
	at java.util.concurrent.FutureTask.run(FutureTask.java:266)
	at java.util.concurrent.ThreadPoolExecutor.runWorker(ThreadPoolExecutor.java:1149)
	at java.util.concurrent.ThreadPoolExecutor$Worker.run(ThreadPoolExecutor.java:624)
	... 1 more
Caused by: org.apache.ratis.thirdparty.io.netty.channel.AbstractChannel$AnnotatedConnectException: Connection refused: /192.168.34.62:34777
	at sun.nio.ch.SocketChannelImpl.checkConnect(Native Method)
	at sun.nio.ch.SocketChannelImpl.finishConnect(SocketChannelImpl.java:717)
	at org.apache.ratis.thirdparty.io.netty.channel.socket.nio.NioSocketChannel.doFinishConnect(NioSocketChannel.java:327)
	at org.apache.ratis.thirdparty.io.netty.channel.nio.AbstractNioChannel$AbstractNioUnsafe.finishConnect(AbstractNioChannel.java:340)
	at org.apache.ratis.thirdparty.io.netty.channel.nio.NioEventLoop.processSelectedKey(NioEventLoop.java:632)
	at org.apache.ratis.thirdparty.io.netty.channel.nio.NioEventLoop.processSelectedKeysOptimized(NioEventLoop.java:579)
	at org.apache.ratis.thirdparty.io.netty.channel.nio.NioEventLoop.processSelectedKeys(NioEventLoop.java:496)
	at org.apache.ratis.thirdparty.io.netty.channel.nio.NioEventLoop.run(NioEventLoop.java:458)
	at org.apache.ratis.thirdparty.io.netty.util.concurrent.SingleThreadEventExecutor$5.run(SingleThreadEventExecutor.java:897)
	at org.apache.ratis.thirdparty.io.netty.util.concurrent.FastThreadLocalRunnable.run(FastThreadLocalRunnable.java:30)
	... 1 more
Caused by: java.net.ConnectException: Connection refused
	... 11 more
2019-10-17 06:48:37,786 [7c431f9d-51bc-458b-a3a6-511ec217d887@group-21BA9BD4283D-LeaderElection530] INFO  impl.RaftServerImpl (RaftServerImpl.java:setRole(184)) - 7c431f9d-51bc-458b-a3a6-511ec217d887@group-21BA9BD4283D: changes role from CANDIDATE to FOLLOWER at term 495 for DISCOVERED_A_NEW_TERM
2019-10-17 06:48:37,786 [7c431f9d-51bc-458b-a3a6-511ec217d887@group-21BA9BD4283D-LeaderElection530] INFO  impl.RoleInfo (RoleInfo.java:shutdownLeaderElection(134)) - 7c431f9d-51bc-458b-a3a6-511ec217d887: shutdown LeaderElection
2019-10-17 06:48:37,787 [7c431f9d-51bc-458b-a3a6-511ec217d887@group-21BA9BD4283D-LeaderElection530] INFO  impl.RoleInfo (RoleInfo.java:updateAndGet(143)) - 7c431f9d-51bc-458b-a3a6-511ec217d887: start FollowerState
2019-10-17 06:48:37,840 [Thread-4143] INFO  impl.FollowerState (FollowerState.java:run(108)) - 7c431f9d-51bc-458b-a3a6-511ec217d887@group-21BA9BD4283D-FollowerState: change to CANDIDATE, lastRpcTime:53ms, electionTimeout:53ms
2019-10-17 06:48:37,840 [Thread-4143] INFO  impl.RoleInfo (RoleInfo.java:shutdownFollowerState(121)) - 7c431f9d-51bc-458b-a3a6-511ec217d887: shutdown FollowerState
2019-10-17 06:48:37,840 [Thread-4143] INFO  impl.RaftServerImpl (RaftServerImpl.java:setRole(184)) - 7c431f9d-51bc-458b-a3a6-511ec217d887@group-21BA9BD4283D: changes role from  FOLLOWER to CANDIDATE at term 495 for changeToCandidate
2019-10-17 06:48:37,840 [Thread-4143] INFO  impl.RoleInfo (RoleInfo.java:updateAndGet(143)) - 7c431f9d-51bc-458b-a3a6-511ec217d887: start LeaderElection
2019-10-17 06:48:37,863 [7c431f9d-51bc-458b-a3a6-511ec217d887@group-21BA9BD4283D-LeaderElection531] INFO  impl.LeaderElection (LeaderElection.java:askForVotes(178)) - 7c431f9d-51bc-458b-a3a6-511ec217d887@group-21BA9BD4283D-LeaderElection531: begin an election at term 496 for -1: [67f35358-9777-4ff9-96f4-8a61bc3a94fe:192.168.34.62:37037, 7c431f9d-51bc-458b-a3a6-511ec217d887:192.168.34.62:40420, b9cfa588-8e56-4331-be2f-4c26f25c6739:192.168.34.62:34777], old=null
2019-10-17 06:48:37,864 [7c431f9d-51bc-458b-a3a6-511ec217d887@group-21BA9BD4283D-LeaderElection531] INFO  impl.LeaderElection (LogUtils.java:infoOrTrace(149)) - 7c431f9d-51bc-458b-a3a6-511ec217d887@group-21BA9BD4283D-LeaderElection531 got exception when requesting votes: {}
java.util.concurrent.ExecutionException: org.apache.ratis.thirdparty.io.grpc.StatusRuntimeException: UNAVAILABLE: io exception
	at java.util.concurrent.FutureTask.report(FutureTask.java:122)
	at java.util.concurrent.FutureTask.get(FutureTask.java:192)
	at org.apache.ratis.server.impl.LeaderElection.waitForResults(LeaderElection.java:259)
	at org.apache.ratis.server.impl.LeaderElection.askForVotes(LeaderElection.java:197)
	at org.apache.ratis.server.impl.LeaderElection.run(LeaderElection.java:133)
	at java.lang.Thread.run(Thread.java:748)
Caused by: org.apache.ratis.thirdparty.io.grpc.StatusRuntimeException: UNAVAILABLE: io exception
	at org.apache.ratis.thirdparty.io.grpc.stub.ClientCalls.toStatusRuntimeException(ClientCalls.java:233)
	at org.apache.ratis.thirdparty.io.grpc.stub.ClientCalls.getUnchecked(ClientCalls.java:214)
	at org.apache.ratis.thirdparty.io.grpc.stub.ClientCalls.blockingUnaryCall(ClientCalls.java:139)
	at org.apache.ratis.proto.grpc.RaftServerProtocolServiceGrpc$RaftServerProtocolServiceBlockingStub.requestVote(RaftServerProtocolServiceGrpc.java:265)
	at org.apache.ratis.grpc.server.GrpcServerProtocolClient.requestVote(GrpcServerProtocolClient.java:99)
	at org.apache.ratis.grpc.server.GrpcService.requestVote(GrpcService.java:204)
	at org.apache.ratis.server.impl.LeaderElection.lambda$submitRequests$1(LeaderElection.java:234)
	at java.util.concurrent.FutureTask.run(FutureTask.java:266)
	at java.util.concurrent.Executors$RunnableAdapter.call(Executors.java:511)
	at java.util.concurrent.FutureTask.run(FutureTask.java:266)
	at java.util.concurrent.ThreadPoolExecutor.runWorker(ThreadPoolExecutor.java:1149)
	at java.util.concurrent.ThreadPoolExecutor$Worker.run(ThreadPoolExecutor.java:624)
	... 1 more
Caused by: org.apache.ratis.thirdparty.io.netty.channel.AbstractChannel$AnnotatedConnectException: Connection refused: /192.168.34.62:37037
	at sun.nio.ch.SocketChannelImpl.checkConnect(Native Method)
	at sun.nio.ch.SocketChannelImpl.finishConnect(SocketChannelImpl.java:717)
	at org.apache.ratis.thirdparty.io.netty.channel.socket.nio.NioSocketChannel.doFinishConnect(NioSocketChannel.java:327)
	at org.apache.ratis.thirdparty.io.netty.channel.nio.AbstractNioChannel$AbstractNioUnsafe.finishConnect(AbstractNioChannel.java:340)
	at org.apache.ratis.thirdparty.io.netty.channel.nio.NioEventLoop.processSelectedKey(NioEventLoop.java:632)
	at org.apache.ratis.thirdparty.io.netty.channel.nio.NioEventLoop.processSelectedKeysOptimized(NioEventLoop.java:579)
	at org.apache.ratis.thirdparty.io.netty.channel.nio.NioEventLoop.processSelectedKeys(NioEventLoop.java:496)
	at org.apache.ratis.thirdparty.io.netty.channel.nio.NioEventLoop.run(NioEventLoop.java:458)
	at org.apache.ratis.thirdparty.io.netty.util.concurrent.SingleThreadEventExecutor$5.run(SingleThreadEventExecutor.java:897)
	at org.apache.ratis.thirdparty.io.netty.util.concurrent.FastThreadLocalRunnable.run(FastThreadLocalRunnable.java:30)
	... 1 more
Caused by: java.net.ConnectException: Connection refused
	... 11 more
2019-10-17 06:48:37,864 [7c431f9d-51bc-458b-a3a6-511ec217d887@group-21BA9BD4283D-LeaderElection531] INFO  impl.LeaderElection (LogUtils.java:infoOrTrace(149)) - 7c431f9d-51bc-458b-a3a6-511ec217d887@group-21BA9BD4283D-LeaderElection531 got exception when requesting votes: {}
java.util.concurrent.ExecutionException: org.apache.ratis.thirdparty.io.grpc.StatusRuntimeException: UNAVAILABLE: io exception
	at java.util.concurrent.FutureTask.report(FutureTask.java:122)
	at java.util.concurrent.FutureTask.get(FutureTask.java:192)
	at org.apache.ratis.server.impl.LeaderElection.waitForResults(LeaderElection.java:259)
	at org.apache.ratis.server.impl.LeaderElection.askForVotes(LeaderElection.java:197)
	at org.apache.ratis.server.impl.LeaderElection.run(LeaderElection.java:133)
	at java.lang.Thread.run(Thread.java:748)
Caused by: org.apache.ratis.thirdparty.io.grpc.StatusRuntimeException: UNAVAILABLE: io exception
	at org.apache.ratis.thirdparty.io.grpc.stub.ClientCalls.toStatusRuntimeException(ClientCalls.java:233)
	at org.apache.ratis.thirdparty.io.grpc.stub.ClientCalls.getUnchecked(ClientCalls.java:214)
	at org.apache.ratis.thirdparty.io.grpc.stub.ClientCalls.blockingUnaryCall(ClientCalls.java:139)
	at org.apache.ratis.proto.grpc.RaftServerProtocolServiceGrpc$RaftServerProtocolServiceBlockingStub.requestVote(RaftServerProtocolServiceGrpc.java:265)
	at org.apache.ratis.grpc.server.GrpcServerProtocolClient.requestVote(GrpcServerProtocolClient.java:99)
	at org.apache.ratis.grpc.server.GrpcService.requestVote(GrpcService.java:204)
	at org.apache.ratis.server.impl.LeaderElection.lambda$submitRequests$1(LeaderElection.java:234)
	at java.util.concurrent.FutureTask.run(FutureTask.java:266)
	at java.util.concurrent.Executors$RunnableAdapter.call(Executors.java:511)
	at java.util.concurrent.FutureTask.run(FutureTask.java:266)
	at java.util.concurrent.ThreadPoolExecutor.runWorker(ThreadPoolExecutor.java:1149)
	at java.util.concurrent.ThreadPoolExecutor$Worker.run(ThreadPoolExecutor.java:624)
	... 1 more
Caused by: org.apache.ratis.thirdparty.io.netty.channel.AbstractChannel$AnnotatedConnectException: Connection refused: /192.168.34.62:34777
	at sun.nio.ch.SocketChannelImpl.checkConnect(Native Method)
	at sun.nio.ch.SocketChannelImpl.finishConnect(SocketChannelImpl.java:717)
	at org.apache.ratis.thirdparty.io.netty.channel.socket.nio.NioSocketChannel.doFinishConnect(NioSocketChannel.java:327)
	at org.apache.ratis.thirdparty.io.netty.channel.nio.AbstractNioChannel$AbstractNioUnsafe.finishConnect(AbstractNioChannel.java:340)
	at org.apache.ratis.thirdparty.io.netty.channel.nio.NioEventLoop.processSelectedKey(NioEventLoop.java:632)
	at org.apache.ratis.thirdparty.io.netty.channel.nio.NioEventLoop.processSelectedKeysOptimized(NioEventLoop.java:579)
	at org.apache.ratis.thirdparty.io.netty.channel.nio.NioEventLoop.processSelectedKeys(NioEventLoop.java:496)
	at org.apache.ratis.thirdparty.io.netty.channel.nio.NioEventLoop.run(NioEventLoop.java:458)
	at org.apache.ratis.thirdparty.io.netty.util.concurrent.SingleThreadEventExecutor$5.run(SingleThreadEventExecutor.java:897)
	at org.apache.ratis.thirdparty.io.netty.util.concurrent.FastThreadLocalRunnable.run(FastThreadLocalRunnable.java:30)
	... 1 more
Caused by: java.net.ConnectException: Connection refused
	... 11 more
2019-10-17 06:48:37,865 [7c431f9d-51bc-458b-a3a6-511ec217d887@group-21BA9BD4283D-LeaderElection531] INFO  impl.LeaderElection (LeaderElection.java:logAndReturn(56)) - 7c431f9d-51bc-458b-a3a6-511ec217d887@group-21BA9BD4283D-LeaderElection531: Election REJECTED; received 0 response(s) [] and 2 exception(s); 7c431f9d-51bc-458b-a3a6-511ec217d887@group-21BA9BD4283D:t496, leader=null, voted=7c431f9d-51bc-458b-a3a6-511ec217d887, raftlog=7c431f9d-51bc-458b-a3a6-511ec217d887@group-21BA9BD4283D-SegmentedRaftLog:OPENED:c-1,f-1,i0, conf=-1: [67f35358-9777-4ff9-96f4-8a61bc3a94fe:192.168.34.62:37037, 7c431f9d-51bc-458b-a3a6-511ec217d887:192.168.34.62:40420, b9cfa588-8e56-4331-be2f-4c26f25c6739:192.168.34.62:34777], old=null
2019-10-17 06:48:37,865 [7c431f9d-51bc-458b-a3a6-511ec217d887@group-21BA9BD4283D-LeaderElection531] INFO  impl.LeaderElection (LogUtils.java:infoOrTrace(149)) -   Exception 0: {}
java.util.concurrent.ExecutionException: org.apache.ratis.thirdparty.io.grpc.StatusRuntimeException: UNAVAILABLE: io exception
	at java.util.concurrent.FutureTask.report(FutureTask.java:122)
	at java.util.concurrent.FutureTask.get(FutureTask.java:192)
	at org.apache.ratis.server.impl.LeaderElection.waitForResults(LeaderElection.java:259)
	at org.apache.ratis.server.impl.LeaderElection.askForVotes(LeaderElection.java:197)
	at org.apache.ratis.server.impl.LeaderElection.run(LeaderElection.java:133)
	at java.lang.Thread.run(Thread.java:748)
Caused by: org.apache.ratis.thirdparty.io.grpc.StatusRuntimeException: UNAVAILABLE: io exception
	at org.apache.ratis.thirdparty.io.grpc.stub.ClientCalls.toStatusRuntimeException(ClientCalls.java:233)
	at org.apache.ratis.thirdparty.io.grpc.stub.ClientCalls.getUnchecked(ClientCalls.java:214)
	at org.apache.ratis.thirdparty.io.grpc.stub.ClientCalls.blockingUnaryCall(ClientCalls.java:139)
	at org.apache.ratis.proto.grpc.RaftServerProtocolServiceGrpc$RaftServerProtocolServiceBlockingStub.requestVote(RaftServerProtocolServiceGrpc.java:265)
	at org.apache.ratis.grpc.server.GrpcServerProtocolClient.requestVote(GrpcServerProtocolClient.java:99)
	at org.apache.ratis.grpc.server.GrpcService.requestVote(GrpcService.java:204)
	at org.apache.ratis.server.impl.LeaderElection.lambda$submitRequests$1(LeaderElection.java:234)
	at java.util.concurrent.FutureTask.run(FutureTask.java:266)
	at java.util.concurrent.Executors$RunnableAdapter.call(Executors.java:511)
	at java.util.concurrent.FutureTask.run(FutureTask.java:266)
	at java.util.concurrent.ThreadPoolExecutor.runWorker(ThreadPoolExecutor.java:1149)
	at java.util.concurrent.ThreadPoolExecutor$Worker.run(ThreadPoolExecutor.java:624)
	... 1 more
Caused by: org.apache.ratis.thirdparty.io.netty.channel.AbstractChannel$AnnotatedConnectException: Connection refused: /192.168.34.62:37037
	at sun.nio.ch.SocketChannelImpl.checkConnect(Native Method)
	at sun.nio.ch.SocketChannelImpl.finishConnect(SocketChannelImpl.java:717)
	at org.apache.ratis.thirdparty.io.netty.channel.socket.nio.NioSocketChannel.doFinishConnect(NioSocketChannel.java:327)
	at org.apache.ratis.thirdparty.io.netty.channel.nio.AbstractNioChannel$AbstractNioUnsafe.finishConnect(AbstractNioChannel.java:340)
	at org.apache.ratis.thirdparty.io.netty.channel.nio.NioEventLoop.processSelectedKey(NioEventLoop.java:632)
	at org.apache.ratis.thirdparty.io.netty.channel.nio.NioEventLoop.processSelectedKeysOptimized(NioEventLoop.java:579)
	at org.apache.ratis.thirdparty.io.netty.channel.nio.NioEventLoop.processSelectedKeys(NioEventLoop.java:496)
	at org.apache.ratis.thirdparty.io.netty.channel.nio.NioEventLoop.run(NioEventLoop.java:458)
	at org.apache.ratis.thirdparty.io.netty.util.concurrent.SingleThreadEventExecutor$5.run(SingleThreadEventExecutor.java:897)
	at org.apache.ratis.thirdparty.io.netty.util.concurrent.FastThreadLocalRunnable.run(FastThreadLocalRunnable.java:30)
	... 1 more
Caused by: java.net.ConnectException: Connection refused
	... 11 more
2019-10-17 06:48:37,865 [7c431f9d-51bc-458b-a3a6-511ec217d887@group-21BA9BD4283D-LeaderElection531] INFO  impl.LeaderElection (LogUtils.java:infoOrTrace(149)) -   Exception 1: {}
java.util.concurrent.ExecutionException: org.apache.ratis.thirdparty.io.grpc.StatusRuntimeException: UNAVAILABLE: io exception
	at java.util.concurrent.FutureTask.report(FutureTask.java:122)
	at java.util.concurrent.FutureTask.get(FutureTask.java:192)
	at org.apache.ratis.server.impl.LeaderElection.waitForResults(LeaderElection.java:259)
	at org.apache.ratis.server.impl.LeaderElection.askForVotes(LeaderElection.java:197)
	at org.apache.ratis.server.impl.LeaderElection.run(LeaderElection.java:133)
	at java.lang.Thread.run(Thread.java:748)
Caused by: org.apache.ratis.thirdparty.io.grpc.StatusRuntimeException: UNAVAILABLE: io exception
	at org.apache.ratis.thirdparty.io.grpc.stub.ClientCalls.toStatusRuntimeException(ClientCalls.java:233)
	at org.apache.ratis.thirdparty.io.grpc.stub.ClientCalls.getUnchecked(ClientCalls.java:214)
	at org.apache.ratis.thirdparty.io.grpc.stub.ClientCalls.blockingUnaryCall(ClientCalls.java:139)
	at org.apache.ratis.proto.grpc.RaftServerProtocolServiceGrpc$RaftServerProtocolServiceBlockingStub.requestVote(RaftServerProtocolServiceGrpc.java:265)
	at org.apache.ratis.grpc.server.GrpcServerProtocolClient.requestVote(GrpcServerProtocolClient.java:99)
	at org.apache.ratis.grpc.server.GrpcService.requestVote(GrpcService.java:204)
	at org.apache.ratis.server.impl.LeaderElection.lambda$submitRequests$1(LeaderElection.java:234)
	at java.util.concurrent.FutureTask.run(FutureTask.java:266)
	at java.util.concurrent.Executors$RunnableAdapter.call(Executors.java:511)
	at java.util.concurrent.FutureTask.run(FutureTask.java:266)
	at java.util.concurrent.ThreadPoolExecutor.runWorker(ThreadPoolExecutor.java:1149)
	at java.util.concurrent.ThreadPoolExecutor$Worker.run(ThreadPoolExecutor.java:624)
	... 1 more
Caused by: org.apache.ratis.thirdparty.io.netty.channel.AbstractChannel$AnnotatedConnectException: Connection refused: /192.168.34.62:34777
	at sun.nio.ch.SocketChannelImpl.checkConnect(Native Method)
	at sun.nio.ch.SocketChannelImpl.finishConnect(SocketChannelImpl.java:717)
	at org.apache.ratis.thirdparty.io.netty.channel.socket.nio.NioSocketChannel.doFinishConnect(NioSocketChannel.java:327)
	at org.apache.ratis.thirdparty.io.netty.channel.nio.AbstractNioChannel$AbstractNioUnsafe.finishConnect(AbstractNioChannel.java:340)
	at org.apache.ratis.thirdparty.io.netty.channel.nio.NioEventLoop.processSelectedKey(NioEventLoop.java:632)
	at org.apache.ratis.thirdparty.io.netty.channel.nio.NioEventLoop.processSelectedKeysOptimized(NioEventLoop.java:579)
	at org.apache.ratis.thirdparty.io.netty.channel.nio.NioEventLoop.processSelectedKeys(NioEventLoop.java:496)
	at org.apache.ratis.thirdparty.io.netty.channel.nio.NioEventLoop.run(NioEventLoop.java:458)
	at org.apache.ratis.thirdparty.io.netty.util.concurrent.SingleThreadEventExecutor$5.run(SingleThreadEventExecutor.java:897)
	at org.apache.ratis.thirdparty.io.netty.util.concurrent.FastThreadLocalRunnable.run(FastThreadLocalRunnable.java:30)
	... 1 more
Caused by: java.net.ConnectException: Connection refused
	... 11 more
2019-10-17 06:48:37,865 [7c431f9d-51bc-458b-a3a6-511ec217d887@group-21BA9BD4283D-LeaderElection531] INFO  impl.RaftServerImpl (RaftServerImpl.java:setRole(184)) - 7c431f9d-51bc-458b-a3a6-511ec217d887@group-21BA9BD4283D: changes role from CANDIDATE to FOLLOWER at term 496 for DISCOVERED_A_NEW_TERM
2019-10-17 06:48:37,865 [7c431f9d-51bc-458b-a3a6-511ec217d887@group-21BA9BD4283D-LeaderElection531] INFO  impl.RoleInfo (RoleInfo.java:shutdownLeaderElection(134)) - 7c431f9d-51bc-458b-a3a6-511ec217d887: shutdown LeaderElection
2019-10-17 06:48:37,865 [7c431f9d-51bc-458b-a3a6-511ec217d887@group-21BA9BD4283D-LeaderElection531] INFO  impl.RoleInfo (RoleInfo.java:updateAndGet(143)) - 7c431f9d-51bc-458b-a3a6-511ec217d887: start FollowerState
2019-10-17 06:48:37,942 [Thread-4147] INFO  impl.FollowerState (FollowerState.java:run(108)) - 7c431f9d-51bc-458b-a3a6-511ec217d887@group-21BA9BD4283D-FollowerState: change to CANDIDATE, lastRpcTime:76ms, electionTimeout:76ms
2019-10-17 06:48:37,942 [Thread-4147] INFO  impl.RoleInfo (RoleInfo.java:shutdownFollowerState(121)) - 7c431f9d-51bc-458b-a3a6-511ec217d887: shutdown FollowerState
2019-10-17 06:48:37,942 [Thread-4147] INFO  impl.RaftServerImpl (RaftServerImpl.java:setRole(184)) - 7c431f9d-51bc-458b-a3a6-511ec217d887@group-21BA9BD4283D: changes role from  FOLLOWER to CANDIDATE at term 496 for changeToCandidate
2019-10-17 06:48:37,942 [Thread-4147] INFO  impl.RoleInfo (RoleInfo.java:updateAndGet(143)) - 7c431f9d-51bc-458b-a3a6-511ec217d887: start LeaderElection
2019-10-17 06:48:37,957 [7c431f9d-51bc-458b-a3a6-511ec217d887@group-21BA9BD4283D-LeaderElection532] INFO  impl.LeaderElection (LeaderElection.java:askForVotes(178)) - 7c431f9d-51bc-458b-a3a6-511ec217d887@group-21BA9BD4283D-LeaderElection532: begin an election at term 497 for -1: [67f35358-9777-4ff9-96f4-8a61bc3a94fe:192.168.34.62:37037, 7c431f9d-51bc-458b-a3a6-511ec217d887:192.168.34.62:40420, b9cfa588-8e56-4331-be2f-4c26f25c6739:192.168.34.62:34777], old=null
2019-10-17 06:48:37,957 [7c431f9d-51bc-458b-a3a6-511ec217d887@group-21BA9BD4283D-LeaderElection532] INFO  impl.LeaderElection (LogUtils.java:infoOrTrace(149)) - 7c431f9d-51bc-458b-a3a6-511ec217d887@group-21BA9BD4283D-LeaderElection532 got exception when requesting votes: {}
java.util.concurrent.ExecutionException: org.apache.ratis.thirdparty.io.grpc.StatusRuntimeException: UNAVAILABLE: io exception
	at java.util.concurrent.FutureTask.report(FutureTask.java:122)
	at java.util.concurrent.FutureTask.get(FutureTask.java:192)
	at org.apache.ratis.server.impl.LeaderElection.waitForResults(LeaderElection.java:259)
	at org.apache.ratis.server.impl.LeaderElection.askForVotes(LeaderElection.java:197)
	at org.apache.ratis.server.impl.LeaderElection.run(LeaderElection.java:133)
	at java.lang.Thread.run(Thread.java:748)
Caused by: org.apache.ratis.thirdparty.io.grpc.StatusRuntimeException: UNAVAILABLE: io exception
	at org.apache.ratis.thirdparty.io.grpc.stub.ClientCalls.toStatusRuntimeException(ClientCalls.java:233)
	at org.apache.ratis.thirdparty.io.grpc.stub.ClientCalls.getUnchecked(ClientCalls.java:214)
	at org.apache.ratis.thirdparty.io.grpc.stub.ClientCalls.blockingUnaryCall(ClientCalls.java:139)
	at org.apache.ratis.proto.grpc.RaftServerProtocolServiceGrpc$RaftServerProtocolServiceBlockingStub.requestVote(RaftServerProtocolServiceGrpc.java:265)
	at org.apache.ratis.grpc.server.GrpcServerProtocolClient.requestVote(GrpcServerProtocolClient.java:99)
	at org.apache.ratis.grpc.server.GrpcService.requestVote(GrpcService.java:204)
	at org.apache.ratis.server.impl.LeaderElection.lambda$submitRequests$1(LeaderElection.java:234)
	at java.util.concurrent.FutureTask.run(FutureTask.java:266)
	at java.util.concurrent.Executors$RunnableAdapter.call(Executors.java:511)
	at java.util.concurrent.FutureTask.run(FutureTask.java:266)
	at java.util.concurrent.ThreadPoolExecutor.runWorker(ThreadPoolExecutor.java:1149)
	at java.util.concurrent.ThreadPoolExecutor$Worker.run(ThreadPoolExecutor.java:624)
	... 1 more
Caused by: org.apache.ratis.thirdparty.io.netty.channel.AbstractChannel$AnnotatedConnectException: Connection refused: /192.168.34.62:37037
	at sun.nio.ch.SocketChannelImpl.checkConnect(Native Method)
	at sun.nio.ch.SocketChannelImpl.finishConnect(SocketChannelImpl.java:717)
	at org.apache.ratis.thirdparty.io.netty.channel.socket.nio.NioSocketChannel.doFinishConnect(NioSocketChannel.java:327)
	at org.apache.ratis.thirdparty.io.netty.channel.nio.AbstractNioChannel$AbstractNioUnsafe.finishConnect(AbstractNioChannel.java:340)
	at org.apache.ratis.thirdparty.io.netty.channel.nio.NioEventLoop.processSelectedKey(NioEventLoop.java:632)
	at org.apache.ratis.thirdparty.io.netty.channel.nio.NioEventLoop.processSelectedKeysOptimized(NioEventLoop.java:579)
	at org.apache.ratis.thirdparty.io.netty.channel.nio.NioEventLoop.processSelectedKeys(NioEventLoop.java:496)
	at org.apache.ratis.thirdparty.io.netty.channel.nio.NioEventLoop.run(NioEventLoop.java:458)
	at org.apache.ratis.thirdparty.io.netty.util.concurrent.SingleThreadEventExecutor$5.run(SingleThreadEventExecutor.java:897)
	at org.apache.ratis.thirdparty.io.netty.util.concurrent.FastThreadLocalRunnable.run(FastThreadLocalRunnable.java:30)
	... 1 more
Caused by: java.net.ConnectException: Connection refused
	... 11 more
2019-10-17 06:48:37,958 [7c431f9d-51bc-458b-a3a6-511ec217d887@group-21BA9BD4283D-LeaderElection532] INFO  impl.LeaderElection (LogUtils.java:infoOrTrace(149)) - 7c431f9d-51bc-458b-a3a6-511ec217d887@group-21BA9BD4283D-LeaderElection532 got exception when requesting votes: {}
java.util.concurrent.ExecutionException: org.apache.ratis.thirdparty.io.grpc.StatusRuntimeException: UNAVAILABLE: io exception
	at java.util.concurrent.FutureTask.report(FutureTask.java:122)
	at java.util.concurrent.FutureTask.get(FutureTask.java:192)
	at org.apache.ratis.server.impl.LeaderElection.waitForResults(LeaderElection.java:259)
	at org.apache.ratis.server.impl.LeaderElection.askForVotes(LeaderElection.java:197)
	at org.apache.ratis.server.impl.LeaderElection.run(LeaderElection.java:133)
	at java.lang.Thread.run(Thread.java:748)
Caused by: org.apache.ratis.thirdparty.io.grpc.StatusRuntimeException: UNAVAILABLE: io exception
	at org.apache.ratis.thirdparty.io.grpc.stub.ClientCalls.toStatusRuntimeException(ClientCalls.java:233)
	at org.apache.ratis.thirdparty.io.grpc.stub.ClientCalls.getUnchecked(ClientCalls.java:214)
	at org.apache.ratis.thirdparty.io.grpc.stub.ClientCalls.blockingUnaryCall(ClientCalls.java:139)
	at org.apache.ratis.proto.grpc.RaftServerProtocolServiceGrpc$RaftServerProtocolServiceBlockingStub.requestVote(RaftServerProtocolServiceGrpc.java:265)
	at org.apache.ratis.grpc.server.GrpcServerProtocolClient.requestVote(GrpcServerProtocolClient.java:99)
	at org.apache.ratis.grpc.server.GrpcService.requestVote(GrpcService.java:204)
	at org.apache.ratis.server.impl.LeaderElection.lambda$submitRequests$1(LeaderElection.java:234)
	at java.util.concurrent.FutureTask.run(FutureTask.java:266)
	at java.util.concurrent.Executors$RunnableAdapter.call(Executors.java:511)
	at java.util.concurrent.FutureTask.run(FutureTask.java:266)
	at java.util.concurrent.ThreadPoolExecutor.runWorker(ThreadPoolExecutor.java:1149)
	at java.util.concurrent.ThreadPoolExecutor$Worker.run(ThreadPoolExecutor.java:624)
	... 1 more
Caused by: org.apache.ratis.thirdparty.io.netty.channel.AbstractChannel$AnnotatedConnectException: Connection refused: /192.168.34.62:34777
	at sun.nio.ch.SocketChannelImpl.checkConnect(Native Method)
	at sun.nio.ch.SocketChannelImpl.finishConnect(SocketChannelImpl.java:717)
	at org.apache.ratis.thirdparty.io.netty.channel.socket.nio.NioSocketChannel.doFinishConnect(NioSocketChannel.java:327)
	at org.apache.ratis.thirdparty.io.netty.channel.nio.AbstractNioChannel$AbstractNioUnsafe.finishConnect(AbstractNioChannel.java:340)
	at org.apache.ratis.thirdparty.io.netty.channel.nio.NioEventLoop.processSelectedKey(NioEventLoop.java:632)
	at org.apache.ratis.thirdparty.io.netty.channel.nio.NioEventLoop.processSelectedKeysOptimized(NioEventLoop.java:579)
	at org.apache.ratis.thirdparty.io.netty.channel.nio.NioEventLoop.processSelectedKeys(NioEventLoop.java:496)
	at org.apache.ratis.thirdparty.io.netty.channel.nio.NioEventLoop.run(NioEventLoop.java:458)
	at org.apache.ratis.thirdparty.io.netty.util.concurrent.SingleThreadEventExecutor$5.run(SingleThreadEventExecutor.java:897)
	at org.apache.ratis.thirdparty.io.netty.util.concurrent.FastThreadLocalRunnable.run(FastThreadLocalRunnable.java:30)
	... 1 more
Caused by: java.net.ConnectException: Connection refused
	... 11 more
2019-10-17 06:48:37,958 [7c431f9d-51bc-458b-a3a6-511ec217d887@group-21BA9BD4283D-LeaderElection532] INFO  impl.LeaderElection (LeaderElection.java:logAndReturn(56)) - 7c431f9d-51bc-458b-a3a6-511ec217d887@group-21BA9BD4283D-LeaderElection532: Election REJECTED; received 0 response(s) [] and 2 exception(s); 7c431f9d-51bc-458b-a3a6-511ec217d887@group-21BA9BD4283D:t497, leader=null, voted=7c431f9d-51bc-458b-a3a6-511ec217d887, raftlog=7c431f9d-51bc-458b-a3a6-511ec217d887@group-21BA9BD4283D-SegmentedRaftLog:OPENED:c-1,f-1,i0, conf=-1: [67f35358-9777-4ff9-96f4-8a61bc3a94fe:192.168.34.62:37037, 7c431f9d-51bc-458b-a3a6-511ec217d887:192.168.34.62:40420, b9cfa588-8e56-4331-be2f-4c26f25c6739:192.168.34.62:34777], old=null
2019-10-17 06:48:37,959 [7c431f9d-51bc-458b-a3a6-511ec217d887@group-21BA9BD4283D-LeaderElection532] INFO  impl.LeaderElection (LogUtils.java:infoOrTrace(149)) -   Exception 0: {}
java.util.concurrent.ExecutionException: org.apache.ratis.thirdparty.io.grpc.StatusRuntimeException: UNAVAILABLE: io exception
	at java.util.concurrent.FutureTask.report(FutureTask.java:122)
	at java.util.concurrent.FutureTask.get(FutureTask.java:192)
	at org.apache.ratis.server.impl.LeaderElection.waitForResults(LeaderElection.java:259)
	at org.apache.ratis.server.impl.LeaderElection.askForVotes(LeaderElection.java:197)
	at org.apache.ratis.server.impl.LeaderElection.run(LeaderElection.java:133)
	at java.lang.Thread.run(Thread.java:748)
Caused by: org.apache.ratis.thirdparty.io.grpc.StatusRuntimeException: UNAVAILABLE: io exception
	at org.apache.ratis.thirdparty.io.grpc.stub.ClientCalls.toStatusRuntimeException(ClientCalls.java:233)
	at org.apache.ratis.thirdparty.io.grpc.stub.ClientCalls.getUnchecked(ClientCalls.java:214)
	at org.apache.ratis.thirdparty.io.grpc.stub.ClientCalls.blockingUnaryCall(ClientCalls.java:139)
	at org.apache.ratis.proto.grpc.RaftServerProtocolServiceGrpc$RaftServerProtocolServiceBlockingStub.requestVote(RaftServerProtocolServiceGrpc.java:265)
	at org.apache.ratis.grpc.server.GrpcServerProtocolClient.requestVote(GrpcServerProtocolClient.java:99)
	at org.apache.ratis.grpc.server.GrpcService.requestVote(GrpcService.java:204)
	at org.apache.ratis.server.impl.LeaderElection.lambda$submitRequests$1(LeaderElection.java:234)
	at java.util.concurrent.FutureTask.run(FutureTask.java:266)
	at java.util.concurrent.Executors$RunnableAdapter.call(Executors.java:511)
	at java.util.concurrent.FutureTask.run(FutureTask.java:266)
	at java.util.concurrent.ThreadPoolExecutor.runWorker(ThreadPoolExecutor.java:1149)
	at java.util.concurrent.ThreadPoolExecutor$Worker.run(ThreadPoolExecutor.java:624)
	... 1 more
Caused by: org.apache.ratis.thirdparty.io.netty.channel.AbstractChannel$AnnotatedConnectException: Connection refused: /192.168.34.62:37037
	at sun.nio.ch.SocketChannelImpl.checkConnect(Native Method)
	at sun.nio.ch.SocketChannelImpl.finishConnect(SocketChannelImpl.java:717)
	at org.apache.ratis.thirdparty.io.netty.channel.socket.nio.NioSocketChannel.doFinishConnect(NioSocketChannel.java:327)
	at org.apache.ratis.thirdparty.io.netty.channel.nio.AbstractNioChannel$AbstractNioUnsafe.finishConnect(AbstractNioChannel.java:340)
	at org.apache.ratis.thirdparty.io.netty.channel.nio.NioEventLoop.processSelectedKey(NioEventLoop.java:632)
	at org.apache.ratis.thirdparty.io.netty.channel.nio.NioEventLoop.processSelectedKeysOptimized(NioEventLoop.java:579)
	at org.apache.ratis.thirdparty.io.netty.channel.nio.NioEventLoop.processSelectedKeys(NioEventLoop.java:496)
	at org.apache.ratis.thirdparty.io.netty.channel.nio.NioEventLoop.run(NioEventLoop.java:458)
	at org.apache.ratis.thirdparty.io.netty.util.concurrent.SingleThreadEventExecutor$5.run(SingleThreadEventExecutor.java:897)
	at org.apache.ratis.thirdparty.io.netty.util.concurrent.FastThreadLocalRunnable.run(FastThreadLocalRunnable.java:30)
	... 1 more
Caused by: java.net.ConnectException: Connection refused
	... 11 more
2019-10-17 06:48:37,959 [7c431f9d-51bc-458b-a3a6-511ec217d887@group-21BA9BD4283D-LeaderElection532] INFO  impl.LeaderElection (LogUtils.java:infoOrTrace(149)) -   Exception 1: {}
java.util.concurrent.ExecutionException: org.apache.ratis.thirdparty.io.grpc.StatusRuntimeException: UNAVAILABLE: io exception
	at java.util.concurrent.FutureTask.report(FutureTask.java:122)
	at java.util.concurrent.FutureTask.get(FutureTask.java:192)
	at org.apache.ratis.server.impl.LeaderElection.waitForResults(LeaderElection.java:259)
	at org.apache.ratis.server.impl.LeaderElection.askForVotes(LeaderElection.java:197)
	at org.apache.ratis.server.impl.LeaderElection.run(LeaderElection.java:133)
	at java.lang.Thread.run(Thread.java:748)
Caused by: org.apache.ratis.thirdparty.io.grpc.StatusRuntimeException: UNAVAILABLE: io exception
	at org.apache.ratis.thirdparty.io.grpc.stub.ClientCalls.toStatusRuntimeException(ClientCalls.java:233)
	at org.apache.ratis.thirdparty.io.grpc.stub.ClientCalls.getUnchecked(ClientCalls.java:214)
	at org.apache.ratis.thirdparty.io.grpc.stub.ClientCalls.blockingUnaryCall(ClientCalls.java:139)
	at org.apache.ratis.proto.grpc.RaftServerProtocolServiceGrpc$RaftServerProtocolServiceBlockingStub.requestVote(RaftServerProtocolServiceGrpc.java:265)
	at org.apache.ratis.grpc.server.GrpcServerProtocolClient.requestVote(GrpcServerProtocolClient.java:99)
	at org.apache.ratis.grpc.server.GrpcService.requestVote(GrpcService.java:204)
	at org.apache.ratis.server.impl.LeaderElection.lambda$submitRequests$1(LeaderElection.java:234)
	at java.util.concurrent.FutureTask.run(FutureTask.java:266)
	at java.util.concurrent.Executors$RunnableAdapter.call(Executors.java:511)
	at java.util.concurrent.FutureTask.run(FutureTask.java:266)
	at java.util.concurrent.ThreadPoolExecutor.runWorker(ThreadPoolExecutor.java:1149)
	at java.util.concurrent.ThreadPoolExecutor$Worker.run(ThreadPoolExecutor.java:624)
	... 1 more
Caused by: org.apache.ratis.thirdparty.io.netty.channel.AbstractChannel$AnnotatedConnectException: Connection refused: /192.168.34.62:34777
	at sun.nio.ch.SocketChannelImpl.checkConnect(Native Method)
	at sun.nio.ch.SocketChannelImpl.finishConnect(SocketChannelImpl.java:717)
	at org.apache.ratis.thirdparty.io.netty.channel.socket.nio.NioSocketChannel.doFinishConnect(NioSocketChannel.java:327)
	at org.apache.ratis.thirdparty.io.netty.channel.nio.AbstractNioChannel$AbstractNioUnsafe.finishConnect(AbstractNioChannel.java:340)
	at org.apache.ratis.thirdparty.io.netty.channel.nio.NioEventLoop.processSelectedKey(NioEventLoop.java:632)
	at org.apache.ratis.thirdparty.io.netty.channel.nio.NioEventLoop.processSelectedKeysOptimized(NioEventLoop.java:579)
	at org.apache.ratis.thirdparty.io.netty.channel.nio.NioEventLoop.processSelectedKeys(NioEventLoop.java:496)
	at org.apache.ratis.thirdparty.io.netty.channel.nio.NioEventLoop.run(NioEventLoop.java:458)
	at org.apache.ratis.thirdparty.io.netty.util.concurrent.SingleThreadEventExecutor$5.run(SingleThreadEventExecutor.java:897)
	at org.apache.ratis.thirdparty.io.netty.util.concurrent.FastThreadLocalRunnable.run(FastThreadLocalRunnable.java:30)
	... 1 more
Caused by: java.net.ConnectException: Connection refused
	... 11 more
2019-10-17 06:48:37,959 [7c431f9d-51bc-458b-a3a6-511ec217d887@group-21BA9BD4283D-LeaderElection532] INFO  impl.RaftServerImpl (RaftServerImpl.java:setRole(184)) - 7c431f9d-51bc-458b-a3a6-511ec217d887@group-21BA9BD4283D: changes role from CANDIDATE to FOLLOWER at term 497 for DISCOVERED_A_NEW_TERM
2019-10-17 06:48:37,959 [7c431f9d-51bc-458b-a3a6-511ec217d887@group-21BA9BD4283D-LeaderElection532] INFO  impl.RoleInfo (RoleInfo.java:shutdownLeaderElection(134)) - 7c431f9d-51bc-458b-a3a6-511ec217d887: shutdown LeaderElection
2019-10-17 06:48:37,959 [7c431f9d-51bc-458b-a3a6-511ec217d887@group-21BA9BD4283D-LeaderElection532] INFO  impl.RoleInfo (RoleInfo.java:updateAndGet(143)) - 7c431f9d-51bc-458b-a3a6-511ec217d887: start FollowerState
2019-10-17 06:48:38,120 [Thread-4151] INFO  impl.FollowerState (FollowerState.java:run(108)) - 7c431f9d-51bc-458b-a3a6-511ec217d887@group-21BA9BD4283D-FollowerState: change to CANDIDATE, lastRpcTime:160ms, electionTimeout:160ms
2019-10-17 06:48:38,120 [Thread-4151] INFO  impl.RoleInfo (RoleInfo.java:shutdownFollowerState(121)) - 7c431f9d-51bc-458b-a3a6-511ec217d887: shutdown FollowerState
2019-10-17 06:48:38,120 [Thread-4151] INFO  impl.RaftServerImpl (RaftServerImpl.java:setRole(184)) - 7c431f9d-51bc-458b-a3a6-511ec217d887@group-21BA9BD4283D: changes role from  FOLLOWER to CANDIDATE at term 497 for changeToCandidate
2019-10-17 06:48:38,120 [Thread-4151] INFO  impl.RoleInfo (RoleInfo.java:updateAndGet(143)) - 7c431f9d-51bc-458b-a3a6-511ec217d887: start LeaderElection
2019-10-17 06:48:38,133 [7c431f9d-51bc-458b-a3a6-511ec217d887@group-21BA9BD4283D-LeaderElection533] INFO  impl.LeaderElection (LeaderElection.java:askForVotes(178)) - 7c431f9d-51bc-458b-a3a6-511ec217d887@group-21BA9BD4283D-LeaderElection533: begin an election at term 498 for -1: [67f35358-9777-4ff9-96f4-8a61bc3a94fe:192.168.34.62:37037, 7c431f9d-51bc-458b-a3a6-511ec217d887:192.168.34.62:40420, b9cfa588-8e56-4331-be2f-4c26f25c6739:192.168.34.62:34777], old=null
2019-10-17 06:48:38,134 [7c431f9d-51bc-458b-a3a6-511ec217d887@group-21BA9BD4283D-LeaderElection533] INFO  impl.LeaderElection (LogUtils.java:infoOrTrace(149)) - 7c431f9d-51bc-458b-a3a6-511ec217d887@group-21BA9BD4283D-LeaderElection533 got exception when requesting votes: {}
java.util.concurrent.ExecutionException: org.apache.ratis.thirdparty.io.grpc.StatusRuntimeException: UNAVAILABLE: io exception
	at java.util.concurrent.FutureTask.report(FutureTask.java:122)
	at java.util.concurrent.FutureTask.get(FutureTask.java:192)
	at org.apache.ratis.server.impl.LeaderElection.waitForResults(LeaderElection.java:259)
	at org.apache.ratis.server.impl.LeaderElection.askForVotes(LeaderElection.java:197)
	at org.apache.ratis.server.impl.LeaderElection.run(LeaderElection.java:133)
	at java.lang.Thread.run(Thread.java:748)
Caused by: org.apache.ratis.thirdparty.io.grpc.StatusRuntimeException: UNAVAILABLE: io exception
	at org.apache.ratis.thirdparty.io.grpc.stub.ClientCalls.toStatusRuntimeException(ClientCalls.java:233)
	at org.apache.ratis.thirdparty.io.grpc.stub.ClientCalls.getUnchecked(ClientCalls.java:214)
	at org.apache.ratis.thirdparty.io.grpc.stub.ClientCalls.blockingUnaryCall(ClientCalls.java:139)
	at org.apache.ratis.proto.grpc.RaftServerProtocolServiceGrpc$RaftServerProtocolServiceBlockingStub.requestVote(RaftServerProtocolServiceGrpc.java:265)
	at org.apache.ratis.grpc.server.GrpcServerProtocolClient.requestVote(GrpcServerProtocolClient.java:99)
	at org.apache.ratis.grpc.server.GrpcService.requestVote(GrpcService.java:204)
	at org.apache.ratis.server.impl.LeaderElection.lambda$submitRequests$1(LeaderElection.java:234)
	at java.util.concurrent.FutureTask.run(FutureTask.java:266)
	at java.util.concurrent.Executors$RunnableAdapter.call(Executors.java:511)
	at java.util.concurrent.FutureTask.run(FutureTask.java:266)
	at java.util.concurrent.ThreadPoolExecutor.runWorker(ThreadPoolExecutor.java:1149)
	at java.util.concurrent.ThreadPoolExecutor$Worker.run(ThreadPoolExecutor.java:624)
	... 1 more
Caused by: org.apache.ratis.thirdparty.io.netty.channel.AbstractChannel$AnnotatedConnectException: Connection refused: /192.168.34.62:37037
	at sun.nio.ch.SocketChannelImpl.checkConnect(Native Method)
	at sun.nio.ch.SocketChannelImpl.finishConnect(SocketChannelImpl.java:717)
	at org.apache.ratis.thirdparty.io.netty.channel.socket.nio.NioSocketChannel.doFinishConnect(NioSocketChannel.java:327)
	at org.apache.ratis.thirdparty.io.netty.channel.nio.AbstractNioChannel$AbstractNioUnsafe.finishConnect(AbstractNioChannel.java:340)
	at org.apache.ratis.thirdparty.io.netty.channel.nio.NioEventLoop.processSelectedKey(NioEventLoop.java:632)
	at org.apache.ratis.thirdparty.io.netty.channel.nio.NioEventLoop.processSelectedKeysOptimized(NioEventLoop.java:579)
	at org.apache.ratis.thirdparty.io.netty.channel.nio.NioEventLoop.processSelectedKeys(NioEventLoop.java:496)
	at org.apache.ratis.thirdparty.io.netty.channel.nio.NioEventLoop.run(NioEventLoop.java:458)
	at org.apache.ratis.thirdparty.io.netty.util.concurrent.SingleThreadEventExecutor$5.run(SingleThreadEventExecutor.java:897)
	at org.apache.ratis.thirdparty.io.netty.util.concurrent.FastThreadLocalRunnable.run(FastThreadLocalRunnable.java:30)
	... 1 more
Caused by: java.net.ConnectException: Connection refused
	... 11 more
2019-10-17 06:48:38,135 [7c431f9d-51bc-458b-a3a6-511ec217d887@group-21BA9BD4283D-LeaderElection533] INFO  impl.LeaderElection (LogUtils.java:infoOrTrace(149)) - 7c431f9d-51bc-458b-a3a6-511ec217d887@group-21BA9BD4283D-LeaderElection533 got exception when requesting votes: {}
java.util.concurrent.ExecutionException: org.apache.ratis.thirdparty.io.grpc.StatusRuntimeException: UNAVAILABLE: io exception
	at java.util.concurrent.FutureTask.report(FutureTask.java:122)
	at java.util.concurrent.FutureTask.get(FutureTask.java:192)
	at org.apache.ratis.server.impl.LeaderElection.waitForResults(LeaderElection.java:259)
	at org.apache.ratis.server.impl.LeaderElection.askForVotes(LeaderElection.java:197)
	at org.apache.ratis.server.impl.LeaderElection.run(LeaderElection.java:133)
	at java.lang.Thread.run(Thread.java:748)
Caused by: org.apache.ratis.thirdparty.io.grpc.StatusRuntimeException: UNAVAILABLE: io exception
	at org.apache.ratis.thirdparty.io.grpc.stub.ClientCalls.toStatusRuntimeException(ClientCalls.java:233)
	at org.apache.ratis.thirdparty.io.grpc.stub.ClientCalls.getUnchecked(ClientCalls.java:214)
	at org.apache.ratis.thirdparty.io.grpc.stub.ClientCalls.blockingUnaryCall(ClientCalls.java:139)
	at org.apache.ratis.proto.grpc.RaftServerProtocolServiceGrpc$RaftServerProtocolServiceBlockingStub.requestVote(RaftServerProtocolServiceGrpc.java:265)
	at org.apache.ratis.grpc.server.GrpcServerProtocolClient.requestVote(GrpcServerProtocolClient.java:99)
	at org.apache.ratis.grpc.server.GrpcService.requestVote(GrpcService.java:204)
	at org.apache.ratis.server.impl.LeaderElection.lambda$submitRequests$1(LeaderElection.java:234)
	at java.util.concurrent.FutureTask.run(FutureTask.java:266)
	at java.util.concurrent.Executors$RunnableAdapter.call(Executors.java:511)
	at java.util.concurrent.FutureTask.run(FutureTask.java:266)
	at java.util.concurrent.ThreadPoolExecutor.runWorker(ThreadPoolExecutor.java:1149)
	at java.util.concurrent.ThreadPoolExecutor$Worker.run(ThreadPoolExecutor.java:624)
	... 1 more
Caused by: org.apache.ratis.thirdparty.io.netty.channel.AbstractChannel$AnnotatedConnectException: Connection refused: /192.168.34.62:34777
	at sun.nio.ch.SocketChannelImpl.checkConnect(Native Method)
	at sun.nio.ch.SocketChannelImpl.finishConnect(SocketChannelImpl.java:717)
	at org.apache.ratis.thirdparty.io.netty.channel.socket.nio.NioSocketChannel.doFinishConnect(NioSocketChannel.java:327)
	at org.apache.ratis.thirdparty.io.netty.channel.nio.AbstractNioChannel$AbstractNioUnsafe.finishConnect(AbstractNioChannel.java:340)
	at org.apache.ratis.thirdparty.io.netty.channel.nio.NioEventLoop.processSelectedKey(NioEventLoop.java:632)
	at org.apache.ratis.thirdparty.io.netty.channel.nio.NioEventLoop.processSelectedKeysOptimized(NioEventLoop.java:579)
	at org.apache.ratis.thirdparty.io.netty.channel.nio.NioEventLoop.processSelectedKeys(NioEventLoop.java:496)
	at org.apache.ratis.thirdparty.io.netty.channel.nio.NioEventLoop.run(NioEventLoop.java:458)
	at org.apache.ratis.thirdparty.io.netty.util.concurrent.SingleThreadEventExecutor$5.run(SingleThreadEventExecutor.java:897)
	at org.apache.ratis.thirdparty.io.netty.util.concurrent.FastThreadLocalRunnable.run(FastThreadLocalRunnable.java:30)
	... 1 more
Caused by: java.net.ConnectException: Connection refused
	... 11 more
2019-10-17 06:48:38,135 [7c431f9d-51bc-458b-a3a6-511ec217d887@group-21BA9BD4283D-LeaderElection533] INFO  impl.LeaderElection (LeaderElection.java:logAndReturn(56)) - 7c431f9d-51bc-458b-a3a6-511ec217d887@group-21BA9BD4283D-LeaderElection533: Election REJECTED; received 0 response(s) [] and 2 exception(s); 7c431f9d-51bc-458b-a3a6-511ec217d887@group-21BA9BD4283D:t498, leader=null, voted=7c431f9d-51bc-458b-a3a6-511ec217d887, raftlog=7c431f9d-51bc-458b-a3a6-511ec217d887@group-21BA9BD4283D-SegmentedRaftLog:OPENED:c-1,f-1,i0, conf=-1: [67f35358-9777-4ff9-96f4-8a61bc3a94fe:192.168.34.62:37037, 7c431f9d-51bc-458b-a3a6-511ec217d887:192.168.34.62:40420, b9cfa588-8e56-4331-be2f-4c26f25c6739:192.168.34.62:34777], old=null
2019-10-17 06:48:38,135 [7c431f9d-51bc-458b-a3a6-511ec217d887@group-21BA9BD4283D-LeaderElection533] INFO  impl.LeaderElection (LogUtils.java:infoOrTrace(149)) -   Exception 0: {}
java.util.concurrent.ExecutionException: org.apache.ratis.thirdparty.io.grpc.StatusRuntimeException: UNAVAILABLE: io exception
	at java.util.concurrent.FutureTask.report(FutureTask.java:122)
	at java.util.concurrent.FutureTask.get(FutureTask.java:192)
	at org.apache.ratis.server.impl.LeaderElection.waitForResults(LeaderElection.java:259)
	at org.apache.ratis.server.impl.LeaderElection.askForVotes(LeaderElection.java:197)
	at org.apache.ratis.server.impl.LeaderElection.run(LeaderElection.java:133)
	at java.lang.Thread.run(Thread.java:748)
Caused by: org.apache.ratis.thirdparty.io.grpc.StatusRuntimeException: UNAVAILABLE: io exception
	at org.apache.ratis.thirdparty.io.grpc.stub.ClientCalls.toStatusRuntimeException(ClientCalls.java:233)
	at org.apache.ratis.thirdparty.io.grpc.stub.ClientCalls.getUnchecked(ClientCalls.java:214)
	at org.apache.ratis.thirdparty.io.grpc.stub.ClientCalls.blockingUnaryCall(ClientCalls.java:139)
	at org.apache.ratis.proto.grpc.RaftServerProtocolServiceGrpc$RaftServerProtocolServiceBlockingStub.requestVote(RaftServerProtocolServiceGrpc.java:265)
	at org.apache.ratis.grpc.server.GrpcServerProtocolClient.requestVote(GrpcServerProtocolClient.java:99)
	at org.apache.ratis.grpc.server.GrpcService.requestVote(GrpcService.java:204)
	at org.apache.ratis.server.impl.LeaderElection.lambda$submitRequests$1(LeaderElection.java:234)
	at java.util.concurrent.FutureTask.run(FutureTask.java:266)
	at java.util.concurrent.Executors$RunnableAdapter.call(Executors.java:511)
	at java.util.concurrent.FutureTask.run(FutureTask.java:266)
	at java.util.concurrent.ThreadPoolExecutor.runWorker(ThreadPoolExecutor.java:1149)
	at java.util.concurrent.ThreadPoolExecutor$Worker.run(ThreadPoolExecutor.java:624)
	... 1 more
Caused by: org.apache.ratis.thirdparty.io.netty.channel.AbstractChannel$AnnotatedConnectException: Connection refused: /192.168.34.62:37037
	at sun.nio.ch.SocketChannelImpl.checkConnect(Native Method)
	at sun.nio.ch.SocketChannelImpl.finishConnect(SocketChannelImpl.java:717)
	at org.apache.ratis.thirdparty.io.netty.channel.socket.nio.NioSocketChannel.doFinishConnect(NioSocketChannel.java:327)
	at org.apache.ratis.thirdparty.io.netty.channel.nio.AbstractNioChannel$AbstractNioUnsafe.finishConnect(AbstractNioChannel.java:340)
	at org.apache.ratis.thirdparty.io.netty.channel.nio.NioEventLoop.processSelectedKey(NioEventLoop.java:632)
	at org.apache.ratis.thirdparty.io.netty.channel.nio.NioEventLoop.processSelectedKeysOptimized(NioEventLoop.java:579)
	at org.apache.ratis.thirdparty.io.netty.channel.nio.NioEventLoop.processSelectedKeys(NioEventLoop.java:496)
	at org.apache.ratis.thirdparty.io.netty.channel.nio.NioEventLoop.run(NioEventLoop.java:458)
	at org.apache.ratis.thirdparty.io.netty.util.concurrent.SingleThreadEventExecutor$5.run(SingleThreadEventExecutor.java:897)
	at org.apache.ratis.thirdparty.io.netty.util.concurrent.FastThreadLocalRunnable.run(FastThreadLocalRunnable.java:30)
	... 1 more
Caused by: java.net.ConnectException: Connection refused
	... 11 more
2019-10-17 06:48:38,136 [7c431f9d-51bc-458b-a3a6-511ec217d887@group-21BA9BD4283D-LeaderElection533] INFO  impl.LeaderElection (LogUtils.java:infoOrTrace(149)) -   Exception 1: {}
java.util.concurrent.ExecutionException: org.apache.ratis.thirdparty.io.grpc.StatusRuntimeException: UNAVAILABLE: io exception
	at java.util.concurrent.FutureTask.report(FutureTask.java:122)
	at java.util.concurrent.FutureTask.get(FutureTask.java:192)
	at org.apache.ratis.server.impl.LeaderElection.waitForResults(LeaderElection.java:259)
	at org.apache.ratis.server.impl.LeaderElection.askForVotes(LeaderElection.java:197)
	at org.apache.ratis.server.impl.LeaderElection.run(LeaderElection.java:133)
	at java.lang.Thread.run(Thread.java:748)
Caused by: org.apache.ratis.thirdparty.io.grpc.StatusRuntimeException: UNAVAILABLE: io exception
	at org.apache.ratis.thirdparty.io.grpc.stub.ClientCalls.toStatusRuntimeException(ClientCalls.java:233)
	at org.apache.ratis.thirdparty.io.grpc.stub.ClientCalls.getUnchecked(ClientCalls.java:214)
	at org.apache.ratis.thirdparty.io.grpc.stub.ClientCalls.blockingUnaryCall(ClientCalls.java:139)
	at org.apache.ratis.proto.grpc.RaftServerProtocolServiceGrpc$RaftServerProtocolServiceBlockingStub.requestVote(RaftServerProtocolServiceGrpc.java:265)
	at org.apache.ratis.grpc.server.GrpcServerProtocolClient.requestVote(GrpcServerProtocolClient.java:99)
	at org.apache.ratis.grpc.server.GrpcService.requestVote(GrpcService.java:204)
	at org.apache.ratis.server.impl.LeaderElection.lambda$submitRequests$1(LeaderElection.java:234)
	at java.util.concurrent.FutureTask.run(FutureTask.java:266)
	at java.util.concurrent.Executors$RunnableAdapter.call(Executors.java:511)
	at java.util.concurrent.FutureTask.run(FutureTask.java:266)
	at java.util.concurrent.ThreadPoolExecutor.runWorker(ThreadPoolExecutor.java:1149)
	at java.util.concurrent.ThreadPoolExecutor$Worker.run(ThreadPoolExecutor.java:624)
	... 1 more
Caused by: org.apache.ratis.thirdparty.io.netty.channel.AbstractChannel$AnnotatedConnectException: Connection refused: /192.168.34.62:34777
	at sun.nio.ch.SocketChannelImpl.checkConnect(Native Method)
	at sun.nio.ch.SocketChannelImpl.finishConnect(SocketChannelImpl.java:717)
	at org.apache.ratis.thirdparty.io.netty.channel.socket.nio.NioSocketChannel.doFinishConnect(NioSocketChannel.java:327)
	at org.apache.ratis.thirdparty.io.netty.channel.nio.AbstractNioChannel$AbstractNioUnsafe.finishConnect(AbstractNioChannel.java:340)
	at org.apache.ratis.thirdparty.io.netty.channel.nio.NioEventLoop.processSelectedKey(NioEventLoop.java:632)
	at org.apache.ratis.thirdparty.io.netty.channel.nio.NioEventLoop.processSelectedKeysOptimized(NioEventLoop.java:579)
	at org.apache.ratis.thirdparty.io.netty.channel.nio.NioEventLoop.processSelectedKeys(NioEventLoop.java:496)
	at org.apache.ratis.thirdparty.io.netty.channel.nio.NioEventLoop.run(NioEventLoop.java:458)
	at org.apache.ratis.thirdparty.io.netty.util.concurrent.SingleThreadEventExecutor$5.run(SingleThreadEventExecutor.java:897)
	at org.apache.ratis.thirdparty.io.netty.util.concurrent.FastThreadLocalRunnable.run(FastThreadLocalRunnable.java:30)
	... 1 more
Caused by: java.net.ConnectException: Connection refused
	... 11 more
2019-10-17 06:48:38,136 [7c431f9d-51bc-458b-a3a6-511ec217d887@group-21BA9BD4283D-LeaderElection533] INFO  impl.RaftServerImpl (RaftServerImpl.java:setRole(184)) - 7c431f9d-51bc-458b-a3a6-511ec217d887@group-21BA9BD4283D: changes role from CANDIDATE to FOLLOWER at term 498 for DISCOVERED_A_NEW_TERM
2019-10-17 06:48:38,136 [7c431f9d-51bc-458b-a3a6-511ec217d887@group-21BA9BD4283D-LeaderElection533] INFO  impl.RoleInfo (RoleInfo.java:shutdownLeaderElection(134)) - 7c431f9d-51bc-458b-a3a6-511ec217d887: shutdown LeaderElection
2019-10-17 06:48:38,136 [7c431f9d-51bc-458b-a3a6-511ec217d887@group-21BA9BD4283D-LeaderElection533] INFO  impl.RoleInfo (RoleInfo.java:updateAndGet(143)) - 7c431f9d-51bc-458b-a3a6-511ec217d887: start FollowerState
2019-10-17 06:48:38,251 [Thread-4155] INFO  impl.FollowerState (FollowerState.java:run(108)) - 7c431f9d-51bc-458b-a3a6-511ec217d887@group-21BA9BD4283D-FollowerState: change to CANDIDATE, lastRpcTime:114ms, electionTimeout:114ms
2019-10-17 06:48:38,251 [Thread-4155] INFO  impl.RoleInfo (RoleInfo.java:shutdownFollowerState(121)) - 7c431f9d-51bc-458b-a3a6-511ec217d887: shutdown FollowerState
2019-10-17 06:48:38,251 [Thread-4155] INFO  impl.RaftServerImpl (RaftServerImpl.java:setRole(184)) - 7c431f9d-51bc-458b-a3a6-511ec217d887@group-21BA9BD4283D: changes role from  FOLLOWER to CANDIDATE at term 498 for changeToCandidate
2019-10-17 06:48:38,251 [Thread-4155] INFO  impl.RoleInfo (RoleInfo.java:updateAndGet(143)) - 7c431f9d-51bc-458b-a3a6-511ec217d887: start LeaderElection
2019-10-17 06:48:38,260 [7c431f9d-51bc-458b-a3a6-511ec217d887@group-21BA9BD4283D-LeaderElection534] INFO  impl.LeaderElection (LeaderElection.java:askForVotes(178)) - 7c431f9d-51bc-458b-a3a6-511ec217d887@group-21BA9BD4283D-LeaderElection534: begin an election at term 499 for -1: [67f35358-9777-4ff9-96f4-8a61bc3a94fe:192.168.34.62:37037, 7c431f9d-51bc-458b-a3a6-511ec217d887:192.168.34.62:40420, b9cfa588-8e56-4331-be2f-4c26f25c6739:192.168.34.62:34777], old=null
2019-10-17 06:48:38,261 [7c431f9d-51bc-458b-a3a6-511ec217d887@group-21BA9BD4283D-LeaderElection534] INFO  impl.LeaderElection (LogUtils.java:infoOrTrace(149)) - 7c431f9d-51bc-458b-a3a6-511ec217d887@group-21BA9BD4283D-LeaderElection534 got exception when requesting votes: {}
java.util.concurrent.ExecutionException: org.apache.ratis.thirdparty.io.grpc.StatusRuntimeException: UNAVAILABLE: io exception
	at java.util.concurrent.FutureTask.report(FutureTask.java:122)
	at java.util.concurrent.FutureTask.get(FutureTask.java:192)
	at org.apache.ratis.server.impl.LeaderElection.waitForResults(LeaderElection.java:259)
	at org.apache.ratis.server.impl.LeaderElection.askForVotes(LeaderElection.java:197)
	at org.apache.ratis.server.impl.LeaderElection.run(LeaderElection.java:133)
	at java.lang.Thread.run(Thread.java:748)
Caused by: org.apache.ratis.thirdparty.io.grpc.StatusRuntimeException: UNAVAILABLE: io exception
	at org.apache.ratis.thirdparty.io.grpc.stub.ClientCalls.toStatusRuntimeException(ClientCalls.java:233)
	at org.apache.ratis.thirdparty.io.grpc.stub.ClientCalls.getUnchecked(ClientCalls.java:214)
	at org.apache.ratis.thirdparty.io.grpc.stub.ClientCalls.blockingUnaryCall(ClientCalls.java:139)
	at org.apache.ratis.proto.grpc.RaftServerProtocolServiceGrpc$RaftServerProtocolServiceBlockingStub.requestVote(RaftServerProtocolServiceGrpc.java:265)
	at org.apache.ratis.grpc.server.GrpcServerProtocolClient.requestVote(GrpcServerProtocolClient.java:99)
	at org.apache.ratis.grpc.server.GrpcService.requestVote(GrpcService.java:204)
	at org.apache.ratis.server.impl.LeaderElection.lambda$submitRequests$1(LeaderElection.java:234)
	at java.util.concurrent.FutureTask.run(FutureTask.java:266)
	at java.util.concurrent.Executors$RunnableAdapter.call(Executors.java:511)
	at java.util.concurrent.FutureTask.run(FutureTask.java:266)
	at java.util.concurrent.ThreadPoolExecutor.runWorker(ThreadPoolExecutor.java:1149)
	at java.util.concurrent.ThreadPoolExecutor$Worker.run(ThreadPoolExecutor.java:624)
	... 1 more
Caused by: org.apache.ratis.thirdparty.io.netty.channel.AbstractChannel$AnnotatedConnectException: Connection refused: /192.168.34.62:37037
	at sun.nio.ch.SocketChannelImpl.checkConnect(Native Method)
	at sun.nio.ch.SocketChannelImpl.finishConnect(SocketChannelImpl.java:717)
	at org.apache.ratis.thirdparty.io.netty.channel.socket.nio.NioSocketChannel.doFinishConnect(NioSocketChannel.java:327)
	at org.apache.ratis.thirdparty.io.netty.channel.nio.AbstractNioChannel$AbstractNioUnsafe.finishConnect(AbstractNioChannel.java:340)
	at org.apache.ratis.thirdparty.io.netty.channel.nio.NioEventLoop.processSelectedKey(NioEventLoop.java:632)
	at org.apache.ratis.thirdparty.io.netty.channel.nio.NioEventLoop.processSelectedKeysOptimized(NioEventLoop.java:579)
	at org.apache.ratis.thirdparty.io.netty.channel.nio.NioEventLoop.processSelectedKeys(NioEventLoop.java:496)
	at org.apache.ratis.thirdparty.io.netty.channel.nio.NioEventLoop.run(NioEventLoop.java:458)
	at org.apache.ratis.thirdparty.io.netty.util.concurrent.SingleThreadEventExecutor$5.run(SingleThreadEventExecutor.java:897)
	at org.apache.ratis.thirdparty.io.netty.util.concurrent.FastThreadLocalRunnable.run(FastThreadLocalRunnable.java:30)
	... 1 more
Caused by: java.net.ConnectException: Connection refused
	... 11 more
2019-10-17 06:48:38,261 [7c431f9d-51bc-458b-a3a6-511ec217d887@group-21BA9BD4283D-LeaderElection534] INFO  impl.LeaderElection (LogUtils.java:infoOrTrace(149)) - 7c431f9d-51bc-458b-a3a6-511ec217d887@group-21BA9BD4283D-LeaderElection534 got exception when requesting votes: {}
java.util.concurrent.ExecutionException: org.apache.ratis.thirdparty.io.grpc.StatusRuntimeException: UNAVAILABLE: io exception
	at java.util.concurrent.FutureTask.report(FutureTask.java:122)
	at java.util.concurrent.FutureTask.get(FutureTask.java:192)
	at org.apache.ratis.server.impl.LeaderElection.waitForResults(LeaderElection.java:259)
	at org.apache.ratis.server.impl.LeaderElection.askForVotes(LeaderElection.java:197)
	at org.apache.ratis.server.impl.LeaderElection.run(LeaderElection.java:133)
	at java.lang.Thread.run(Thread.java:748)
Caused by: org.apache.ratis.thirdparty.io.grpc.StatusRuntimeException: UNAVAILABLE: io exception
	at org.apache.ratis.thirdparty.io.grpc.stub.ClientCalls.toStatusRuntimeException(ClientCalls.java:233)
	at org.apache.ratis.thirdparty.io.grpc.stub.ClientCalls.getUnchecked(ClientCalls.java:214)
	at org.apache.ratis.thirdparty.io.grpc.stub.ClientCalls.blockingUnaryCall(ClientCalls.java:139)
	at org.apache.ratis.proto.grpc.RaftServerProtocolServiceGrpc$RaftServerProtocolServiceBlockingStub.requestVote(RaftServerProtocolServiceGrpc.java:265)
	at org.apache.ratis.grpc.server.GrpcServerProtocolClient.requestVote(GrpcServerProtocolClient.java:99)
	at org.apache.ratis.grpc.server.GrpcService.requestVote(GrpcService.java:204)
	at org.apache.ratis.server.impl.LeaderElection.lambda$submitRequests$1(LeaderElection.java:234)
	at java.util.concurrent.FutureTask.run(FutureTask.java:266)
	at java.util.concurrent.Executors$RunnableAdapter.call(Executors.java:511)
	at java.util.concurrent.FutureTask.run(FutureTask.java:266)
	at java.util.concurrent.ThreadPoolExecutor.runWorker(ThreadPoolExecutor.java:1149)
	at java.util.concurrent.ThreadPoolExecutor$Worker.run(ThreadPoolExecutor.java:624)
	... 1 more
Caused by: org.apache.ratis.thirdparty.io.netty.channel.AbstractChannel$AnnotatedConnectException: Connection refused: /192.168.34.62:34777
	at sun.nio.ch.SocketChannelImpl.checkConnect(Native Method)
	at sun.nio.ch.SocketChannelImpl.finishConnect(SocketChannelImpl.java:717)
	at org.apache.ratis.thirdparty.io.netty.channel.socket.nio.NioSocketChannel.doFinishConnect(NioSocketChannel.java:327)
	at org.apache.ratis.thirdparty.io.netty.channel.nio.AbstractNioChannel$AbstractNioUnsafe.finishConnect(AbstractNioChannel.java:340)
	at org.apache.ratis.thirdparty.io.netty.channel.nio.NioEventLoop.processSelectedKey(NioEventLoop.java:632)
	at org.apache.ratis.thirdparty.io.netty.channel.nio.NioEventLoop.processSelectedKeysOptimized(NioEventLoop.java:579)
	at org.apache.ratis.thirdparty.io.netty.channel.nio.NioEventLoop.processSelectedKeys(NioEventLoop.java:496)
	at org.apache.ratis.thirdparty.io.netty.channel.nio.NioEventLoop.run(NioEventLoop.java:458)
	at org.apache.ratis.thirdparty.io.netty.util.concurrent.SingleThreadEventExecutor$5.run(SingleThreadEventExecutor.java:897)
	at org.apache.ratis.thirdparty.io.netty.util.concurrent.FastThreadLocalRunnable.run(FastThreadLocalRunnable.java:30)
	... 1 more
Caused by: java.net.ConnectException: Connection refused
	... 11 more
2019-10-17 06:48:38,261 [7c431f9d-51bc-458b-a3a6-511ec217d887@group-21BA9BD4283D-LeaderElection534] INFO  impl.LeaderElection (LeaderElection.java:logAndReturn(56)) - 7c431f9d-51bc-458b-a3a6-511ec217d887@group-21BA9BD4283D-LeaderElection534: Election REJECTED; received 0 response(s) [] and 2 exception(s); 7c431f9d-51bc-458b-a3a6-511ec217d887@group-21BA9BD4283D:t499, leader=null, voted=7c431f9d-51bc-458b-a3a6-511ec217d887, raftlog=7c431f9d-51bc-458b-a3a6-511ec217d887@group-21BA9BD4283D-SegmentedRaftLog:OPENED:c-1,f-1,i0, conf=-1: [67f35358-9777-4ff9-96f4-8a61bc3a94fe:192.168.34.62:37037, 7c431f9d-51bc-458b-a3a6-511ec217d887:192.168.34.62:40420, b9cfa588-8e56-4331-be2f-4c26f25c6739:192.168.34.62:34777], old=null
2019-10-17 06:48:38,262 [7c431f9d-51bc-458b-a3a6-511ec217d887@group-21BA9BD4283D-LeaderElection534] INFO  impl.LeaderElection (LogUtils.java:infoOrTrace(149)) -   Exception 0: {}
java.util.concurrent.ExecutionException: org.apache.ratis.thirdparty.io.grpc.StatusRuntimeException: UNAVAILABLE: io exception
	at java.util.concurrent.FutureTask.report(FutureTask.java:122)
	at java.util.concurrent.FutureTask.get(FutureTask.java:192)
	at org.apache.ratis.server.impl.LeaderElection.waitForResults(LeaderElection.java:259)
	at org.apache.ratis.server.impl.LeaderElection.askForVotes(LeaderElection.java:197)
	at org.apache.ratis.server.impl.LeaderElection.run(LeaderElection.java:133)
	at java.lang.Thread.run(Thread.java:748)
Caused by: org.apache.ratis.thirdparty.io.grpc.StatusRuntimeException: UNAVAILABLE: io exception
	at org.apache.ratis.thirdparty.io.grpc.stub.ClientCalls.toStatusRuntimeException(ClientCalls.java:233)
	at org.apache.ratis.thirdparty.io.grpc.stub.ClientCalls.getUnchecked(ClientCalls.java:214)
	at org.apache.ratis.thirdparty.io.grpc.stub.ClientCalls.blockingUnaryCall(ClientCalls.java:139)
	at org.apache.ratis.proto.grpc.RaftServerProtocolServiceGrpc$RaftServerProtocolServiceBlockingStub.requestVote(RaftServerProtocolServiceGrpc.java:265)
	at org.apache.ratis.grpc.server.GrpcServerProtocolClient.requestVote(GrpcServerProtocolClient.java:99)
	at org.apache.ratis.grpc.server.GrpcService.requestVote(GrpcService.java:204)
	at org.apache.ratis.server.impl.LeaderElection.lambda$submitRequests$1(LeaderElection.java:234)
	at java.util.concurrent.FutureTask.run(FutureTask.java:266)
	at java.util.concurrent.Executors$RunnableAdapter.call(Executors.java:511)
	at java.util.concurrent.FutureTask.run(FutureTask.java:266)
	at java.util.concurrent.ThreadPoolExecutor.runWorker(ThreadPoolExecutor.java:1149)
	at java.util.concurrent.ThreadPoolExecutor$Worker.run(ThreadPoolExecutor.java:624)
	... 1 more
Caused by: org.apache.ratis.thirdparty.io.netty.channel.AbstractChannel$AnnotatedConnectException: Connection refused: /192.168.34.62:37037
	at sun.nio.ch.SocketChannelImpl.checkConnect(Native Method)
	at sun.nio.ch.SocketChannelImpl.finishConnect(SocketChannelImpl.java:717)
	at org.apache.ratis.thirdparty.io.netty.channel.socket.nio.NioSocketChannel.doFinishConnect(NioSocketChannel.java:327)
	at org.apache.ratis.thirdparty.io.netty.channel.nio.AbstractNioChannel$AbstractNioUnsafe.finishConnect(AbstractNioChannel.java:340)
	at org.apache.ratis.thirdparty.io.netty.channel.nio.NioEventLoop.processSelectedKey(NioEventLoop.java:632)
	at org.apache.ratis.thirdparty.io.netty.channel.nio.NioEventLoop.processSelectedKeysOptimized(NioEventLoop.java:579)
	at org.apache.ratis.thirdparty.io.netty.channel.nio.NioEventLoop.processSelectedKeys(NioEventLoop.java:496)
	at org.apache.ratis.thirdparty.io.netty.channel.nio.NioEventLoop.run(NioEventLoop.java:458)
	at org.apache.ratis.thirdparty.io.netty.util.concurrent.SingleThreadEventExecutor$5.run(SingleThreadEventExecutor.java:897)
	at org.apache.ratis.thirdparty.io.netty.util.concurrent.FastThreadLocalRunnable.run(FastThreadLocalRunnable.java:30)
	... 1 more
Caused by: java.net.ConnectException: Connection refused
	... 11 more
2019-10-17 06:48:38,262 [7c431f9d-51bc-458b-a3a6-511ec217d887@group-21BA9BD4283D-LeaderElection534] INFO  impl.LeaderElection (LogUtils.java:infoOrTrace(149)) -   Exception 1: {}
java.util.concurrent.ExecutionException: org.apache.ratis.thirdparty.io.grpc.StatusRuntimeException: UNAVAILABLE: io exception
	at java.util.concurrent.FutureTask.report(FutureTask.java:122)
	at java.util.concurrent.FutureTask.get(FutureTask.java:192)
	at org.apache.ratis.server.impl.LeaderElection.waitForResults(LeaderElection.java:259)
	at org.apache.ratis.server.impl.LeaderElection.askForVotes(LeaderElection.java:197)
	at org.apache.ratis.server.impl.LeaderElection.run(LeaderElection.java:133)
	at java.lang.Thread.run(Thread.java:748)
Caused by: org.apache.ratis.thirdparty.io.grpc.StatusRuntimeException: UNAVAILABLE: io exception
	at org.apache.ratis.thirdparty.io.grpc.stub.ClientCalls.toStatusRuntimeException(ClientCalls.java:233)
	at org.apache.ratis.thirdparty.io.grpc.stub.ClientCalls.getUnchecked(ClientCalls.java:214)
	at org.apache.ratis.thirdparty.io.grpc.stub.ClientCalls.blockingUnaryCall(ClientCalls.java:139)
	at org.apache.ratis.proto.grpc.RaftServerProtocolServiceGrpc$RaftServerProtocolServiceBlockingStub.requestVote(RaftServerProtocolServiceGrpc.java:265)
	at org.apache.ratis.grpc.server.GrpcServerProtocolClient.requestVote(GrpcServerProtocolClient.java:99)
	at org.apache.ratis.grpc.server.GrpcService.requestVote(GrpcService.java:204)
	at org.apache.ratis.server.impl.LeaderElection.lambda$submitRequests$1(LeaderElection.java:234)
	at java.util.concurrent.FutureTask.run(FutureTask.java:266)
	at java.util.concurrent.Executors$RunnableAdapter.call(Executors.java:511)
	at java.util.concurrent.FutureTask.run(FutureTask.java:266)
	at java.util.concurrent.ThreadPoolExecutor.runWorker(ThreadPoolExecutor.java:1149)
	at java.util.concurrent.ThreadPoolExecutor$Worker.run(ThreadPoolExecutor.java:624)
	... 1 more
Caused by: org.apache.ratis.thirdparty.io.netty.channel.AbstractChannel$AnnotatedConnectException: Connection refused: /192.168.34.62:34777
	at sun.nio.ch.SocketChannelImpl.checkConnect(Native Method)
	at sun.nio.ch.SocketChannelImpl.finishConnect(SocketChannelImpl.java:717)
	at org.apache.ratis.thirdparty.io.netty.channel.socket.nio.NioSocketChannel.doFinishConnect(NioSocketChannel.java:327)
	at org.apache.ratis.thirdparty.io.netty.channel.nio.AbstractNioChannel$AbstractNioUnsafe.finishConnect(AbstractNioChannel.java:340)
	at org.apache.ratis.thirdparty.io.netty.channel.nio.NioEventLoop.processSelectedKey(NioEventLoop.java:632)
	at org.apache.ratis.thirdparty.io.netty.channel.nio.NioEventLoop.processSelectedKeysOptimized(NioEventLoop.java:579)
	at org.apache.ratis.thirdparty.io.netty.channel.nio.NioEventLoop.processSelectedKeys(NioEventLoop.java:496)
	at org.apache.ratis.thirdparty.io.netty.channel.nio.NioEventLoop.run(NioEventLoop.java:458)
	at org.apache.ratis.thirdparty.io.netty.util.concurrent.SingleThreadEventExecutor$5.run(SingleThreadEventExecutor.java:897)
	at org.apache.ratis.thirdparty.io.netty.util.concurrent.FastThreadLocalRunnable.run(FastThreadLocalRunnable.java:30)
	... 1 more
Caused by: java.net.ConnectException: Connection refused
	... 11 more
2019-10-17 06:48:38,262 [7c431f9d-51bc-458b-a3a6-511ec217d887@group-21BA9BD4283D-LeaderElection534] INFO  impl.RaftServerImpl (RaftServerImpl.java:setRole(184)) - 7c431f9d-51bc-458b-a3a6-511ec217d887@group-21BA9BD4283D: changes role from CANDIDATE to FOLLOWER at term 499 for DISCOVERED_A_NEW_TERM
2019-10-17 06:48:38,262 [7c431f9d-51bc-458b-a3a6-511ec217d887@group-21BA9BD4283D-LeaderElection534] INFO  impl.RoleInfo (RoleInfo.java:shutdownLeaderElection(134)) - 7c431f9d-51bc-458b-a3a6-511ec217d887: shutdown LeaderElection
2019-10-17 06:48:38,262 [7c431f9d-51bc-458b-a3a6-511ec217d887@group-21BA9BD4283D-LeaderElection534] INFO  impl.RoleInfo (RoleInfo.java:updateAndGet(143)) - 7c431f9d-51bc-458b-a3a6-511ec217d887: start FollowerState
2019-10-17 06:48:38,296 [Thread-4159] INFO  impl.FollowerState (FollowerState.java:run(108)) - 7c431f9d-51bc-458b-a3a6-511ec217d887@group-21BA9BD4283D-FollowerState: change to CANDIDATE, lastRpcTime:34ms, electionTimeout:34ms
2019-10-17 06:48:38,297 [Thread-4159] INFO  impl.RoleInfo (RoleInfo.java:shutdownFollowerState(121)) - 7c431f9d-51bc-458b-a3a6-511ec217d887: shutdown FollowerState
2019-10-17 06:48:38,297 [Thread-4159] INFO  impl.RaftServerImpl (RaftServerImpl.java:setRole(184)) - 7c431f9d-51bc-458b-a3a6-511ec217d887@group-21BA9BD4283D: changes role from  FOLLOWER to CANDIDATE at term 499 for changeToCandidate
2019-10-17 06:48:38,297 [Thread-4159] INFO  impl.RoleInfo (RoleInfo.java:updateAndGet(143)) - 7c431f9d-51bc-458b-a3a6-511ec217d887: start LeaderElection
2019-10-17 06:48:38,314 [7c431f9d-51bc-458b-a3a6-511ec217d887@group-21BA9BD4283D-LeaderElection535] INFO  impl.LeaderElection (LeaderElection.java:askForVotes(178)) - 7c431f9d-51bc-458b-a3a6-511ec217d887@group-21BA9BD4283D-LeaderElection535: begin an election at term 500 for -1: [67f35358-9777-4ff9-96f4-8a61bc3a94fe:192.168.34.62:37037, 7c431f9d-51bc-458b-a3a6-511ec217d887:192.168.34.62:40420, b9cfa588-8e56-4331-be2f-4c26f25c6739:192.168.34.62:34777], old=null
2019-10-17 06:48:38,315 [7c431f9d-51bc-458b-a3a6-511ec217d887@group-21BA9BD4283D-LeaderElection535] INFO  impl.LeaderElection (LogUtils.java:infoOrTrace(149)) - 7c431f9d-51bc-458b-a3a6-511ec217d887@group-21BA9BD4283D-LeaderElection535 got exception when requesting votes: {}
java.util.concurrent.ExecutionException: org.apache.ratis.thirdparty.io.grpc.StatusRuntimeException: UNAVAILABLE: io exception
	at java.util.concurrent.FutureTask.report(FutureTask.java:122)
	at java.util.concurrent.FutureTask.get(FutureTask.java:192)
	at org.apache.ratis.server.impl.LeaderElection.waitForResults(LeaderElection.java:259)
	at org.apache.ratis.server.impl.LeaderElection.askForVotes(LeaderElection.java:197)
	at org.apache.ratis.server.impl.LeaderElection.run(LeaderElection.java:133)
	at java.lang.Thread.run(Thread.java:748)
Caused by: org.apache.ratis.thirdparty.io.grpc.StatusRuntimeException: UNAVAILABLE: io exception
	at org.apache.ratis.thirdparty.io.grpc.stub.ClientCalls.toStatusRuntimeException(ClientCalls.java:233)
	at org.apache.ratis.thirdparty.io.grpc.stub.ClientCalls.getUnchecked(ClientCalls.java:214)
	at org.apache.ratis.thirdparty.io.grpc.stub.ClientCalls.blockingUnaryCall(ClientCalls.java:139)
	at org.apache.ratis.proto.grpc.RaftServerProtocolServiceGrpc$RaftServerProtocolServiceBlockingStub.requestVote(RaftServerProtocolServiceGrpc.java:265)
	at org.apache.ratis.grpc.server.GrpcServerProtocolClient.requestVote(GrpcServerProtocolClient.java:99)
	at org.apache.ratis.grpc.server.GrpcService.requestVote(GrpcService.java:204)
	at org.apache.ratis.server.impl.LeaderElection.lambda$submitRequests$1(LeaderElection.java:234)
	at java.util.concurrent.FutureTask.run(FutureTask.java:266)
	at java.util.concurrent.Executors$RunnableAdapter.call(Executors.java:511)
	at java.util.concurrent.FutureTask.run(FutureTask.java:266)
	at java.util.concurrent.ThreadPoolExecutor.runWorker(ThreadPoolExecutor.java:1149)
	at java.util.concurrent.ThreadPoolExecutor$Worker.run(ThreadPoolExecutor.java:624)
	... 1 more
Caused by: org.apache.ratis.thirdparty.io.netty.channel.AbstractChannel$AnnotatedConnectException: Connection refused: /192.168.34.62:34777
	at sun.nio.ch.SocketChannelImpl.checkConnect(Native Method)
	at sun.nio.ch.SocketChannelImpl.finishConnect(SocketChannelImpl.java:717)
	at org.apache.ratis.thirdparty.io.netty.channel.socket.nio.NioSocketChannel.doFinishConnect(NioSocketChannel.java:327)
	at org.apache.ratis.thirdparty.io.netty.channel.nio.AbstractNioChannel$AbstractNioUnsafe.finishConnect(AbstractNioChannel.java:340)
	at org.apache.ratis.thirdparty.io.netty.channel.nio.NioEventLoop.processSelectedKey(NioEventLoop.java:632)
	at org.apache.ratis.thirdparty.io.netty.channel.nio.NioEventLoop.processSelectedKeysOptimized(NioEventLoop.java:579)
	at org.apache.ratis.thirdparty.io.netty.channel.nio.NioEventLoop.processSelectedKeys(NioEventLoop.java:496)
	at org.apache.ratis.thirdparty.io.netty.channel.nio.NioEventLoop.run(NioEventLoop.java:458)
	at org.apache.ratis.thirdparty.io.netty.util.concurrent.SingleThreadEventExecutor$5.run(SingleThreadEventExecutor.java:897)
	at org.apache.ratis.thirdparty.io.netty.util.concurrent.FastThreadLocalRunnable.run(FastThreadLocalRunnable.java:30)
	... 1 more
Caused by: java.net.ConnectException: Connection refused
	... 11 more
2019-10-17 06:48:38,316 [7c431f9d-51bc-458b-a3a6-511ec217d887@group-21BA9BD4283D-LeaderElection535] INFO  impl.LeaderElection (LogUtils.java:infoOrTrace(149)) - 7c431f9d-51bc-458b-a3a6-511ec217d887@group-21BA9BD4283D-LeaderElection535 got exception when requesting votes: {}
java.util.concurrent.ExecutionException: org.apache.ratis.thirdparty.io.grpc.StatusRuntimeException: UNAVAILABLE: io exception
	at java.util.concurrent.FutureTask.report(FutureTask.java:122)
	at java.util.concurrent.FutureTask.get(FutureTask.java:192)
	at org.apache.ratis.server.impl.LeaderElection.waitForResults(LeaderElection.java:259)
	at org.apache.ratis.server.impl.LeaderElection.askForVotes(LeaderElection.java:197)
	at org.apache.ratis.server.impl.LeaderElection.run(LeaderElection.java:133)
	at java.lang.Thread.run(Thread.java:748)
Caused by: org.apache.ratis.thirdparty.io.grpc.StatusRuntimeException: UNAVAILABLE: io exception
	at org.apache.ratis.thirdparty.io.grpc.stub.ClientCalls.toStatusRuntimeException(ClientCalls.java:233)
	at org.apache.ratis.thirdparty.io.grpc.stub.ClientCalls.getUnchecked(ClientCalls.java:214)
	at org.apache.ratis.thirdparty.io.grpc.stub.ClientCalls.blockingUnaryCall(ClientCalls.java:139)
	at org.apache.ratis.proto.grpc.RaftServerProtocolServiceGrpc$RaftServerProtocolServiceBlockingStub.requestVote(RaftServerProtocolServiceGrpc.java:265)
	at org.apache.ratis.grpc.server.GrpcServerProtocolClient.requestVote(GrpcServerProtocolClient.java:99)
	at org.apache.ratis.grpc.server.GrpcService.requestVote(GrpcService.java:204)
	at org.apache.ratis.server.impl.LeaderElection.lambda$submitRequests$1(LeaderElection.java:234)
	at java.util.concurrent.FutureTask.run(FutureTask.java:266)
	at java.util.concurrent.Executors$RunnableAdapter.call(Executors.java:511)
	at java.util.concurrent.FutureTask.run(FutureTask.java:266)
	at java.util.concurrent.ThreadPoolExecutor.runWorker(ThreadPoolExecutor.java:1149)
	at java.util.concurrent.ThreadPoolExecutor$Worker.run(ThreadPoolExecutor.java:624)
	... 1 more
Caused by: org.apache.ratis.thirdparty.io.netty.channel.AbstractChannel$AnnotatedConnectException: Connection refused: /192.168.34.62:37037
	at sun.nio.ch.SocketChannelImpl.checkConnect(Native Method)
	at sun.nio.ch.SocketChannelImpl.finishConnect(SocketChannelImpl.java:717)
	at org.apache.ratis.thirdparty.io.netty.channel.socket.nio.NioSocketChannel.doFinishConnect(NioSocketChannel.java:327)
	at org.apache.ratis.thirdparty.io.netty.channel.nio.AbstractNioChannel$AbstractNioUnsafe.finishConnect(AbstractNioChannel.java:340)
	at org.apache.ratis.thirdparty.io.netty.channel.nio.NioEventLoop.processSelectedKey(NioEventLoop.java:632)
	at org.apache.ratis.thirdparty.io.netty.channel.nio.NioEventLoop.processSelectedKeysOptimized(NioEventLoop.java:579)
	at org.apache.ratis.thirdparty.io.netty.channel.nio.NioEventLoop.processSelectedKeys(NioEventLoop.java:496)
	at org.apache.ratis.thirdparty.io.netty.channel.nio.NioEventLoop.run(NioEventLoop.java:458)
	at org.apache.ratis.thirdparty.io.netty.util.concurrent.SingleThreadEventExecutor$5.run(SingleThreadEventExecutor.java:897)
	at org.apache.ratis.thirdparty.io.netty.util.concurrent.FastThreadLocalRunnable.run(FastThreadLocalRunnable.java:30)
	... 1 more
Caused by: java.net.ConnectException: Connection refused
	... 11 more
2019-10-17 06:48:38,316 [7c431f9d-51bc-458b-a3a6-511ec217d887@group-21BA9BD4283D-LeaderElection535] INFO  impl.LeaderElection (LeaderElection.java:logAndReturn(56)) - 7c431f9d-51bc-458b-a3a6-511ec217d887@group-21BA9BD4283D-LeaderElection535: Election REJECTED; received 0 response(s) [] and 2 exception(s); 7c431f9d-51bc-458b-a3a6-511ec217d887@group-21BA9BD4283D:t500, leader=null, voted=7c431f9d-51bc-458b-a3a6-511ec217d887, raftlog=7c431f9d-51bc-458b-a3a6-511ec217d887@group-21BA9BD4283D-SegmentedRaftLog:OPENED:c-1,f-1,i0, conf=-1: [67f35358-9777-4ff9-96f4-8a61bc3a94fe:192.168.34.62:37037, 7c431f9d-51bc-458b-a3a6-511ec217d887:192.168.34.62:40420, b9cfa588-8e56-4331-be2f-4c26f25c6739:192.168.34.62:34777], old=null
2019-10-17 06:48:38,316 [7c431f9d-51bc-458b-a3a6-511ec217d887@group-21BA9BD4283D-LeaderElection535] INFO  impl.LeaderElection (LogUtils.java:infoOrTrace(149)) -   Exception 0: {}
java.util.concurrent.ExecutionException: org.apache.ratis.thirdparty.io.grpc.StatusRuntimeException: UNAVAILABLE: io exception
	at java.util.concurrent.FutureTask.report(FutureTask.java:122)
	at java.util.concurrent.FutureTask.get(FutureTask.java:192)
	at org.apache.ratis.server.impl.LeaderElection.waitForResults(LeaderElection.java:259)
	at org.apache.ratis.server.impl.LeaderElection.askForVotes(LeaderElection.java:197)
	at org.apache.ratis.server.impl.LeaderElection.run(LeaderElection.java:133)
	at java.lang.Thread.run(Thread.java:748)
Caused by: org.apache.ratis.thirdparty.io.grpc.StatusRuntimeException: UNAVAILABLE: io exception
	at org.apache.ratis.thirdparty.io.grpc.stub.ClientCalls.toStatusRuntimeException(ClientCalls.java:233)
	at org.apache.ratis.thirdparty.io.grpc.stub.ClientCalls.getUnchecked(ClientCalls.java:214)
	at org.apache.ratis.thirdparty.io.grpc.stub.ClientCalls.blockingUnaryCall(ClientCalls.java:139)
	at org.apache.ratis.proto.grpc.RaftServerProtocolServiceGrpc$RaftServerProtocolServiceBlockingStub.requestVote(RaftServerProtocolServiceGrpc.java:265)
	at org.apache.ratis.grpc.server.GrpcServerProtocolClient.requestVote(GrpcServerProtocolClient.java:99)
	at org.apache.ratis.grpc.server.GrpcService.requestVote(GrpcService.java:204)
	at org.apache.ratis.server.impl.LeaderElection.lambda$submitRequests$1(LeaderElection.java:234)
	at java.util.concurrent.FutureTask.run(FutureTask.java:266)
	at java.util.concurrent.Executors$RunnableAdapter.call(Executors.java:511)
	at java.util.concurrent.FutureTask.run(FutureTask.java:266)
	at java.util.concurrent.ThreadPoolExecutor.runWorker(ThreadPoolExecutor.java:1149)
	at java.util.concurrent.ThreadPoolExecutor$Worker.run(ThreadPoolExecutor.java:624)
	... 1 more
Caused by: org.apache.ratis.thirdparty.io.netty.channel.AbstractChannel$AnnotatedConnectException: Connection refused: /192.168.34.62:34777
	at sun.nio.ch.SocketChannelImpl.checkConnect(Native Method)
	at sun.nio.ch.SocketChannelImpl.finishConnect(SocketChannelImpl.java:717)
	at org.apache.ratis.thirdparty.io.netty.channel.socket.nio.NioSocketChannel.doFinishConnect(NioSocketChannel.java:327)
	at org.apache.ratis.thirdparty.io.netty.channel.nio.AbstractNioChannel$AbstractNioUnsafe.finishConnect(AbstractNioChannel.java:340)
	at org.apache.ratis.thirdparty.io.netty.channel.nio.NioEventLoop.processSelectedKey(NioEventLoop.java:632)
	at org.apache.ratis.thirdparty.io.netty.channel.nio.NioEventLoop.processSelectedKeysOptimized(NioEventLoop.java:579)
	at org.apache.ratis.thirdparty.io.netty.channel.nio.NioEventLoop.processSelectedKeys(NioEventLoop.java:496)
	at org.apache.ratis.thirdparty.io.netty.channel.nio.NioEventLoop.run(NioEventLoop.java:458)
	at org.apache.ratis.thirdparty.io.netty.util.concurrent.SingleThreadEventExecutor$5.run(SingleThreadEventExecutor.java:897)
	at org.apache.ratis.thirdparty.io.netty.util.concurrent.FastThreadLocalRunnable.run(FastThreadLocalRunnable.java:30)
	... 1 more
Caused by: java.net.ConnectException: Connection refused
	... 11 more
2019-10-17 06:48:38,317 [7c431f9d-51bc-458b-a3a6-511ec217d887@group-21BA9BD4283D-LeaderElection535] INFO  impl.LeaderElection (LogUtils.java:infoOrTrace(149)) -   Exception 1: {}
java.util.concurrent.ExecutionException: org.apache.ratis.thirdparty.io.grpc.StatusRuntimeException: UNAVAILABLE: io exception
	at java.util.concurrent.FutureTask.report(FutureTask.java:122)
	at java.util.concurrent.FutureTask.get(FutureTask.java:192)
	at org.apache.ratis.server.impl.LeaderElection.waitForResults(LeaderElection.java:259)
	at org.apache.ratis.server.impl.LeaderElection.askForVotes(LeaderElection.java:197)
	at org.apache.ratis.server.impl.LeaderElection.run(LeaderElection.java:133)
	at java.lang.Thread.run(Thread.java:748)
Caused by: org.apache.ratis.thirdparty.io.grpc.StatusRuntimeException: UNAVAILABLE: io exception
	at org.apache.ratis.thirdparty.io.grpc.stub.ClientCalls.toStatusRuntimeException(ClientCalls.java:233)
	at org.apache.ratis.thirdparty.io.grpc.stub.ClientCalls.getUnchecked(ClientCalls.java:214)
	at org.apache.ratis.thirdparty.io.grpc.stub.ClientCalls.blockingUnaryCall(ClientCalls.java:139)
	at org.apache.ratis.proto.grpc.RaftServerProtocolServiceGrpc$RaftServerProtocolServiceBlockingStub.requestVote(RaftServerProtocolServiceGrpc.java:265)
	at org.apache.ratis.grpc.server.GrpcServerProtocolClient.requestVote(GrpcServerProtocolClient.java:99)
	at org.apache.ratis.grpc.server.GrpcService.requestVote(GrpcService.java:204)
	at org.apache.ratis.server.impl.LeaderElection.lambda$submitRequests$1(LeaderElection.java:234)
	at java.util.concurrent.FutureTask.run(FutureTask.java:266)
	at java.util.concurrent.Executors$RunnableAdapter.call(Executors.java:511)
	at java.util.concurrent.FutureTask.run(FutureTask.java:266)
	at java.util.concurrent.ThreadPoolExecutor.runWorker(ThreadPoolExecutor.java:1149)
	at java.util.concurrent.ThreadPoolExecutor$Worker.run(ThreadPoolExecutor.java:624)
	... 1 more
Caused by: org.apache.ratis.thirdparty.io.netty.channel.AbstractChannel$AnnotatedConnectException: Connection refused: /192.168.34.62:37037
	at sun.nio.ch.SocketChannelImpl.checkConnect(Native Method)
	at sun.nio.ch.SocketChannelImpl.finishConnect(SocketChannelImpl.java:717)
	at org.apache.ratis.thirdparty.io.netty.channel.socket.nio.NioSocketChannel.doFinishConnect(NioSocketChannel.java:327)
	at org.apache.ratis.thirdparty.io.netty.channel.nio.AbstractNioChannel$AbstractNioUnsafe.finishConnect(AbstractNioChannel.java:340)
	at org.apache.ratis.thirdparty.io.netty.channel.nio.NioEventLoop.processSelectedKey(NioEventLoop.java:632)
	at org.apache.ratis.thirdparty.io.netty.channel.nio.NioEventLoop.processSelectedKeysOptimized(NioEventLoop.java:579)
	at org.apache.ratis.thirdparty.io.netty.channel.nio.NioEventLoop.processSelectedKeys(NioEventLoop.java:496)
	at org.apache.ratis.thirdparty.io.netty.channel.nio.NioEventLoop.run(NioEventLoop.java:458)
	at org.apache.ratis.thirdparty.io.netty.util.concurrent.SingleThreadEventExecutor$5.run(SingleThreadEventExecutor.java:897)
	at org.apache.ratis.thirdparty.io.netty.util.concurrent.FastThreadLocalRunnable.run(FastThreadLocalRunnable.java:30)
	... 1 more
Caused by: java.net.ConnectException: Connection refused
	... 11 more
2019-10-17 06:48:38,317 [7c431f9d-51bc-458b-a3a6-511ec217d887@group-21BA9BD4283D-LeaderElection535] INFO  impl.RaftServerImpl (RaftServerImpl.java:setRole(184)) - 7c431f9d-51bc-458b-a3a6-511ec217d887@group-21BA9BD4283D: changes role from CANDIDATE to FOLLOWER at term 500 for DISCOVERED_A_NEW_TERM
2019-10-17 06:48:38,317 [7c431f9d-51bc-458b-a3a6-511ec217d887@group-21BA9BD4283D-LeaderElection535] INFO  impl.RoleInfo (RoleInfo.java:shutdownLeaderElection(134)) - 7c431f9d-51bc-458b-a3a6-511ec217d887: shutdown LeaderElection
2019-10-17 06:48:38,317 [7c431f9d-51bc-458b-a3a6-511ec217d887@group-21BA9BD4283D-LeaderElection535] INFO  impl.RoleInfo (RoleInfo.java:updateAndGet(143)) - 7c431f9d-51bc-458b-a3a6-511ec217d887: start FollowerState
2019-10-17 06:48:38,344 [Thread-4163] INFO  impl.FollowerState (FollowerState.java:run(108)) - 7c431f9d-51bc-458b-a3a6-511ec217d887@group-21BA9BD4283D-FollowerState: change to CANDIDATE, lastRpcTime:26ms, electionTimeout:26ms
2019-10-17 06:48:38,344 [Thread-4163] INFO  impl.RoleInfo (RoleInfo.java:shutdownFollowerState(121)) - 7c431f9d-51bc-458b-a3a6-511ec217d887: shutdown FollowerState
2019-10-17 06:48:38,344 [Thread-4163] INFO  impl.RaftServerImpl (RaftServerImpl.java:setRole(184)) - 7c431f9d-51bc-458b-a3a6-511ec217d887@group-21BA9BD4283D: changes role from  FOLLOWER to CANDIDATE at term 500 for changeToCandidate
2019-10-17 06:48:38,344 [Thread-4163] INFO  impl.RoleInfo (RoleInfo.java:updateAndGet(143)) - 7c431f9d-51bc-458b-a3a6-511ec217d887: start LeaderElection
2019-10-17 06:48:38,357 [7c431f9d-51bc-458b-a3a6-511ec217d887@group-21BA9BD4283D-LeaderElection536] INFO  impl.LeaderElection (LeaderElection.java:askForVotes(178)) - 7c431f9d-51bc-458b-a3a6-511ec217d887@group-21BA9BD4283D-LeaderElection536: begin an election at term 501 for -1: [67f35358-9777-4ff9-96f4-8a61bc3a94fe:192.168.34.62:37037, 7c431f9d-51bc-458b-a3a6-511ec217d887:192.168.34.62:40420, b9cfa588-8e56-4331-be2f-4c26f25c6739:192.168.34.62:34777], old=null
2019-10-17 06:48:38,358 [7c431f9d-51bc-458b-a3a6-511ec217d887@group-21BA9BD4283D-LeaderElection536] INFO  impl.LeaderElection (LogUtils.java:infoOrTrace(149)) - 7c431f9d-51bc-458b-a3a6-511ec217d887@group-21BA9BD4283D-LeaderElection536 got exception when requesting votes: {}
java.util.concurrent.ExecutionException: org.apache.ratis.thirdparty.io.grpc.StatusRuntimeException: UNAVAILABLE: io exception
	at java.util.concurrent.FutureTask.report(FutureTask.java:122)
	at java.util.concurrent.FutureTask.get(FutureTask.java:192)
	at org.apache.ratis.server.impl.LeaderElection.waitForResults(LeaderElection.java:259)
	at org.apache.ratis.server.impl.LeaderElection.askForVotes(LeaderElection.java:197)
	at org.apache.ratis.server.impl.LeaderElection.run(LeaderElection.java:133)
	at java.lang.Thread.run(Thread.java:748)
Caused by: org.apache.ratis.thirdparty.io.grpc.StatusRuntimeException: UNAVAILABLE: io exception
	at org.apache.ratis.thirdparty.io.grpc.stub.ClientCalls.toStatusRuntimeException(ClientCalls.java:233)
	at org.apache.ratis.thirdparty.io.grpc.stub.ClientCalls.getUnchecked(ClientCalls.java:214)
	at org.apache.ratis.thirdparty.io.grpc.stub.ClientCalls.blockingUnaryCall(ClientCalls.java:139)
	at org.apache.ratis.proto.grpc.RaftServerProtocolServiceGrpc$RaftServerProtocolServiceBlockingStub.requestVote(RaftServerProtocolServiceGrpc.java:265)
	at org.apache.ratis.grpc.server.GrpcServerProtocolClient.requestVote(GrpcServerProtocolClient.java:99)
	at org.apache.ratis.grpc.server.GrpcService.requestVote(GrpcService.java:204)
	at org.apache.ratis.server.impl.LeaderElection.lambda$submitRequests$1(LeaderElection.java:234)
	at java.util.concurrent.FutureTask.run(FutureTask.java:266)
	at java.util.concurrent.Executors$RunnableAdapter.call(Executors.java:511)
	at java.util.concurrent.FutureTask.run(FutureTask.java:266)
	at java.util.concurrent.ThreadPoolExecutor.runWorker(ThreadPoolExecutor.java:1149)
	at java.util.concurrent.ThreadPoolExecutor$Worker.run(ThreadPoolExecutor.java:624)
	... 1 more
Caused by: org.apache.ratis.thirdparty.io.netty.channel.AbstractChannel$AnnotatedConnectException: Connection refused: /192.168.34.62:37037
	at sun.nio.ch.SocketChannelImpl.checkConnect(Native Method)
	at sun.nio.ch.SocketChannelImpl.finishConnect(SocketChannelImpl.java:717)
	at org.apache.ratis.thirdparty.io.netty.channel.socket.nio.NioSocketChannel.doFinishConnect(NioSocketChannel.java:327)
	at org.apache.ratis.thirdparty.io.netty.channel.nio.AbstractNioChannel$AbstractNioUnsafe.finishConnect(AbstractNioChannel.java:340)
	at org.apache.ratis.thirdparty.io.netty.channel.nio.NioEventLoop.processSelectedKey(NioEventLoop.java:632)
	at org.apache.ratis.thirdparty.io.netty.channel.nio.NioEventLoop.processSelectedKeysOptimized(NioEventLoop.java:579)
	at org.apache.ratis.thirdparty.io.netty.channel.nio.NioEventLoop.processSelectedKeys(NioEventLoop.java:496)
	at org.apache.ratis.thirdparty.io.netty.channel.nio.NioEventLoop.run(NioEventLoop.java:458)
	at org.apache.ratis.thirdparty.io.netty.util.concurrent.SingleThreadEventExecutor$5.run(SingleThreadEventExecutor.java:897)
	at org.apache.ratis.thirdparty.io.netty.util.concurrent.FastThreadLocalRunnable.run(FastThreadLocalRunnable.java:30)
	... 1 more
Caused by: java.net.ConnectException: Connection refused
	... 11 more
2019-10-17 06:48:38,359 [7c431f9d-51bc-458b-a3a6-511ec217d887@group-21BA9BD4283D-LeaderElection536] INFO  impl.LeaderElection (LogUtils.java:infoOrTrace(149)) - 7c431f9d-51bc-458b-a3a6-511ec217d887@group-21BA9BD4283D-LeaderElection536 got exception when requesting votes: {}
java.util.concurrent.ExecutionException: org.apache.ratis.thirdparty.io.grpc.StatusRuntimeException: UNAVAILABLE: io exception
	at java.util.concurrent.FutureTask.report(FutureTask.java:122)
	at java.util.concurrent.FutureTask.get(FutureTask.java:192)
	at org.apache.ratis.server.impl.LeaderElection.waitForResults(LeaderElection.java:259)
	at org.apache.ratis.server.impl.LeaderElection.askForVotes(LeaderElection.java:197)
	at org.apache.ratis.server.impl.LeaderElection.run(LeaderElection.java:133)
	at java.lang.Thread.run(Thread.java:748)
Caused by: org.apache.ratis.thirdparty.io.grpc.StatusRuntimeException: UNAVAILABLE: io exception
	at org.apache.ratis.thirdparty.io.grpc.stub.ClientCalls.toStatusRuntimeException(ClientCalls.java:233)
	at org.apache.ratis.thirdparty.io.grpc.stub.ClientCalls.getUnchecked(ClientCalls.java:214)
	at org.apache.ratis.thirdparty.io.grpc.stub.ClientCalls.blockingUnaryCall(ClientCalls.java:139)
	at org.apache.ratis.proto.grpc.RaftServerProtocolServiceGrpc$RaftServerProtocolServiceBlockingStub.requestVote(RaftServerProtocolServiceGrpc.java:265)
	at org.apache.ratis.grpc.server.GrpcServerProtocolClient.requestVote(GrpcServerProtocolClient.java:99)
	at org.apache.ratis.grpc.server.GrpcService.requestVote(GrpcService.java:204)
	at org.apache.ratis.server.impl.LeaderElection.lambda$submitRequests$1(LeaderElection.java:234)
	at java.util.concurrent.FutureTask.run(FutureTask.java:266)
	at java.util.concurrent.Executors$RunnableAdapter.call(Executors.java:511)
	at java.util.concurrent.FutureTask.run(FutureTask.java:266)
	at java.util.concurrent.ThreadPoolExecutor.runWorker(ThreadPoolExecutor.java:1149)
	at java.util.concurrent.ThreadPoolExecutor$Worker.run(ThreadPoolExecutor.java:624)
	... 1 more
Caused by: org.apache.ratis.thirdparty.io.netty.channel.AbstractChannel$AnnotatedConnectException: Connection refused: /192.168.34.62:34777
	at sun.nio.ch.SocketChannelImpl.checkConnect(Native Method)
	at sun.nio.ch.SocketChannelImpl.finishConnect(SocketChannelImpl.java:717)
	at org.apache.ratis.thirdparty.io.netty.channel.socket.nio.NioSocketChannel.doFinishConnect(NioSocketChannel.java:327)
	at org.apache.ratis.thirdparty.io.netty.channel.nio.AbstractNioChannel$AbstractNioUnsafe.finishConnect(AbstractNioChannel.java:340)
	at org.apache.ratis.thirdparty.io.netty.channel.nio.NioEventLoop.processSelectedKey(NioEventLoop.java:632)
	at org.apache.ratis.thirdparty.io.netty.channel.nio.NioEventLoop.processSelectedKeysOptimized(NioEventLoop.java:579)
	at org.apache.ratis.thirdparty.io.netty.channel.nio.NioEventLoop.processSelectedKeys(NioEventLoop.java:496)
	at org.apache.ratis.thirdparty.io.netty.channel.nio.NioEventLoop.run(NioEventLoop.java:458)
	at org.apache.ratis.thirdparty.io.netty.util.concurrent.SingleThreadEventExecutor$5.run(SingleThreadEventExecutor.java:897)
	at org.apache.ratis.thirdparty.io.netty.util.concurrent.FastThreadLocalRunnable.run(FastThreadLocalRunnable.java:30)
	... 1 more
Caused by: java.net.ConnectException: Connection refused
	... 11 more
2019-10-17 06:48:38,359 [7c431f9d-51bc-458b-a3a6-511ec217d887@group-21BA9BD4283D-LeaderElection536] INFO  impl.LeaderElection (LeaderElection.java:logAndReturn(56)) - 7c431f9d-51bc-458b-a3a6-511ec217d887@group-21BA9BD4283D-LeaderElection536: Election REJECTED; received 0 response(s) [] and 2 exception(s); 7c431f9d-51bc-458b-a3a6-511ec217d887@group-21BA9BD4283D:t501, leader=null, voted=7c431f9d-51bc-458b-a3a6-511ec217d887, raftlog=7c431f9d-51bc-458b-a3a6-511ec217d887@group-21BA9BD4283D-SegmentedRaftLog:OPENED:c-1,f-1,i0, conf=-1: [67f35358-9777-4ff9-96f4-8a61bc3a94fe:192.168.34.62:37037, 7c431f9d-51bc-458b-a3a6-511ec217d887:192.168.34.62:40420, b9cfa588-8e56-4331-be2f-4c26f25c6739:192.168.34.62:34777], old=null
2019-10-17 06:48:38,359 [7c431f9d-51bc-458b-a3a6-511ec217d887@group-21BA9BD4283D-LeaderElection536] INFO  impl.LeaderElection (LogUtils.java:infoOrTrace(149)) -   Exception 0: {}
java.util.concurrent.ExecutionException: org.apache.ratis.thirdparty.io.grpc.StatusRuntimeException: UNAVAILABLE: io exception
	at java.util.concurrent.FutureTask.report(FutureTask.java:122)
	at java.util.concurrent.FutureTask.get(FutureTask.java:192)
	at org.apache.ratis.server.impl.LeaderElection.waitForResults(LeaderElection.java:259)
	at org.apache.ratis.server.impl.LeaderElection.askForVotes(LeaderElection.java:197)
	at org.apache.ratis.server.impl.LeaderElection.run(LeaderElection.java:133)
	at java.lang.Thread.run(Thread.java:748)
Caused by: org.apache.ratis.thirdparty.io.grpc.StatusRuntimeException: UNAVAILABLE: io exception
	at org.apache.ratis.thirdparty.io.grpc.stub.ClientCalls.toStatusRuntimeException(ClientCalls.java:233)
	at org.apache.ratis.thirdparty.io.grpc.stub.ClientCalls.getUnchecked(ClientCalls.java:214)
	at org.apache.ratis.thirdparty.io.grpc.stub.ClientCalls.blockingUnaryCall(ClientCalls.java:139)
	at org.apache.ratis.proto.grpc.RaftServerProtocolServiceGrpc$RaftServerProtocolServiceBlockingStub.requestVote(RaftServerProtocolServiceGrpc.java:265)
	at org.apache.ratis.grpc.server.GrpcServerProtocolClient.requestVote(GrpcServerProtocolClient.java:99)
	at org.apache.ratis.grpc.server.GrpcService.requestVote(GrpcService.java:204)
	at org.apache.ratis.server.impl.LeaderElection.lambda$submitRequests$1(LeaderElection.java:234)
	at java.util.concurrent.FutureTask.run(FutureTask.java:266)
	at java.util.concurrent.Executors$RunnableAdapter.call(Executors.java:511)
	at java.util.concurrent.FutureTask.run(FutureTask.java:266)
	at java.util.concurrent.ThreadPoolExecutor.runWorker(ThreadPoolExecutor.java:1149)
	at java.util.concurrent.ThreadPoolExecutor$Worker.run(ThreadPoolExecutor.java:624)
	... 1 more
Caused by: org.apache.ratis.thirdparty.io.netty.channel.AbstractChannel$AnnotatedConnectException: Connection refused: /192.168.34.62:37037
	at sun.nio.ch.SocketChannelImpl.checkConnect(Native Method)
	at sun.nio.ch.SocketChannelImpl.finishConnect(SocketChannelImpl.java:717)
	at org.apache.ratis.thirdparty.io.netty.channel.socket.nio.NioSocketChannel.doFinishConnect(NioSocketChannel.java:327)
	at org.apache.ratis.thirdparty.io.netty.channel.nio.AbstractNioChannel$AbstractNioUnsafe.finishConnect(AbstractNioChannel.java:340)
	at org.apache.ratis.thirdparty.io.netty.channel.nio.NioEventLoop.processSelectedKey(NioEventLoop.java:632)
	at org.apache.ratis.thirdparty.io.netty.channel.nio.NioEventLoop.processSelectedKeysOptimized(NioEventLoop.java:579)
	at org.apache.ratis.thirdparty.io.netty.channel.nio.NioEventLoop.processSelectedKeys(NioEventLoop.java:496)
	at org.apache.ratis.thirdparty.io.netty.channel.nio.NioEventLoop.run(NioEventLoop.java:458)
	at org.apache.ratis.thirdparty.io.netty.util.concurrent.SingleThreadEventExecutor$5.run(SingleThreadEventExecutor.java:897)
	at org.apache.ratis.thirdparty.io.netty.util.concurrent.FastThreadLocalRunnable.run(FastThreadLocalRunnable.java:30)
	... 1 more
Caused by: java.net.ConnectException: Connection refused
	... 11 more
2019-10-17 06:48:38,360 [7c431f9d-51bc-458b-a3a6-511ec217d887@group-21BA9BD4283D-LeaderElection536] INFO  impl.LeaderElection (LogUtils.java:infoOrTrace(149)) -   Exception 1: {}
java.util.concurrent.ExecutionException: org.apache.ratis.thirdparty.io.grpc.StatusRuntimeException: UNAVAILABLE: io exception
	at java.util.concurrent.FutureTask.report(FutureTask.java:122)
	at java.util.concurrent.FutureTask.get(FutureTask.java:192)
	at org.apache.ratis.server.impl.LeaderElection.waitForResults(LeaderElection.java:259)
	at org.apache.ratis.server.impl.LeaderElection.askForVotes(LeaderElection.java:197)
	at org.apache.ratis.server.impl.LeaderElection.run(LeaderElection.java:133)
	at java.lang.Thread.run(Thread.java:748)
Caused by: org.apache.ratis.thirdparty.io.grpc.StatusRuntimeException: UNAVAILABLE: io exception
	at org.apache.ratis.thirdparty.io.grpc.stub.ClientCalls.toStatusRuntimeException(ClientCalls.java:233)
	at org.apache.ratis.thirdparty.io.grpc.stub.ClientCalls.getUnchecked(ClientCalls.java:214)
	at org.apache.ratis.thirdparty.io.grpc.stub.ClientCalls.blockingUnaryCall(ClientCalls.java:139)
	at org.apache.ratis.proto.grpc.RaftServerProtocolServiceGrpc$RaftServerProtocolServiceBlockingStub.requestVote(RaftServerProtocolServiceGrpc.java:265)
	at org.apache.ratis.grpc.server.GrpcServerProtocolClient.requestVote(GrpcServerProtocolClient.java:99)
	at org.apache.ratis.grpc.server.GrpcService.requestVote(GrpcService.java:204)
	at org.apache.ratis.server.impl.LeaderElection.lambda$submitRequests$1(LeaderElection.java:234)
	at java.util.concurrent.FutureTask.run(FutureTask.java:266)
	at java.util.concurrent.Executors$RunnableAdapter.call(Executors.java:511)
	at java.util.concurrent.FutureTask.run(FutureTask.java:266)
	at java.util.concurrent.ThreadPoolExecutor.runWorker(ThreadPoolExecutor.java:1149)
	at java.util.concurrent.ThreadPoolExecutor$Worker.run(ThreadPoolExecutor.java:624)
	... 1 more
Caused by: org.apache.ratis.thirdparty.io.netty.channel.AbstractChannel$AnnotatedConnectException: Connection refused: /192.168.34.62:34777
	at sun.nio.ch.SocketChannelImpl.checkConnect(Native Method)
	at sun.nio.ch.SocketChannelImpl.finishConnect(SocketChannelImpl.java:717)
	at org.apache.ratis.thirdparty.io.netty.channel.socket.nio.NioSocketChannel.doFinishConnect(NioSocketChannel.java:327)
	at org.apache.ratis.thirdparty.io.netty.channel.nio.AbstractNioChannel$AbstractNioUnsafe.finishConnect(AbstractNioChannel.java:340)
	at org.apache.ratis.thirdparty.io.netty.channel.nio.NioEventLoop.processSelectedKey(NioEventLoop.java:632)
	at org.apache.ratis.thirdparty.io.netty.channel.nio.NioEventLoop.processSelectedKeysOptimized(NioEventLoop.java:579)
	at org.apache.ratis.thirdparty.io.netty.channel.nio.NioEventLoop.processSelectedKeys(NioEventLoop.java:496)
	at org.apache.ratis.thirdparty.io.netty.channel.nio.NioEventLoop.run(NioEventLoop.java:458)
	at org.apache.ratis.thirdparty.io.netty.util.concurrent.SingleThreadEventExecutor$5.run(SingleThreadEventExecutor.java:897)
	at org.apache.ratis.thirdparty.io.netty.util.concurrent.FastThreadLocalRunnable.run(FastThreadLocalRunnable.java:30)
	... 1 more
Caused by: java.net.ConnectException: Connection refused
	... 11 more
2019-10-17 06:48:38,360 [7c431f9d-51bc-458b-a3a6-511ec217d887@group-21BA9BD4283D-LeaderElection536] INFO  impl.RaftServerImpl (RaftServerImpl.java:setRole(184)) - 7c431f9d-51bc-458b-a3a6-511ec217d887@group-21BA9BD4283D: changes role from CANDIDATE to FOLLOWER at term 501 for DISCOVERED_A_NEW_TERM
2019-10-17 06:48:38,360 [7c431f9d-51bc-458b-a3a6-511ec217d887@group-21BA9BD4283D-LeaderElection536] INFO  impl.RoleInfo (RoleInfo.java:shutdownLeaderElection(134)) - 7c431f9d-51bc-458b-a3a6-511ec217d887: shutdown LeaderElection
2019-10-17 06:48:38,360 [7c431f9d-51bc-458b-a3a6-511ec217d887@group-21BA9BD4283D-LeaderElection536] INFO  impl.RoleInfo (RoleInfo.java:updateAndGet(143)) - 7c431f9d-51bc-458b-a3a6-511ec217d887: start FollowerState
2019-10-17 06:48:38,504 [Thread-4167] INFO  impl.FollowerState (FollowerState.java:run(108)) - 7c431f9d-51bc-458b-a3a6-511ec217d887@group-21BA9BD4283D-FollowerState: change to CANDIDATE, lastRpcTime:143ms, electionTimeout:143ms
2019-10-17 06:48:38,504 [Thread-4167] INFO  impl.RoleInfo (RoleInfo.java:shutdownFollowerState(121)) - 7c431f9d-51bc-458b-a3a6-511ec217d887: shutdown FollowerState
2019-10-17 06:48:38,504 [Thread-4167] INFO  impl.RaftServerImpl (RaftServerImpl.java:setRole(184)) - 7c431f9d-51bc-458b-a3a6-511ec217d887@group-21BA9BD4283D: changes role from  FOLLOWER to CANDIDATE at term 501 for changeToCandidate
2019-10-17 06:48:38,504 [Thread-4167] INFO  impl.RoleInfo (RoleInfo.java:updateAndGet(143)) - 7c431f9d-51bc-458b-a3a6-511ec217d887: start LeaderElection
2019-10-17 06:48:38,508 [7c431f9d-51bc-458b-a3a6-511ec217d887@group-21BA9BD4283D-LeaderElection537] INFO  impl.LeaderElection (LeaderElection.java:askForVotes(178)) - 7c431f9d-51bc-458b-a3a6-511ec217d887@group-21BA9BD4283D-LeaderElection537: begin an election at term 502 for -1: [67f35358-9777-4ff9-96f4-8a61bc3a94fe:192.168.34.62:37037, 7c431f9d-51bc-458b-a3a6-511ec217d887:192.168.34.62:40420, b9cfa588-8e56-4331-be2f-4c26f25c6739:192.168.34.62:34777], old=null
2019-10-17 06:48:38,509 [7c431f9d-51bc-458b-a3a6-511ec217d887@group-21BA9BD4283D-LeaderElection537] INFO  impl.LeaderElection (LogUtils.java:infoOrTrace(149)) - 7c431f9d-51bc-458b-a3a6-511ec217d887@group-21BA9BD4283D-LeaderElection537 got exception when requesting votes: {}
java.util.concurrent.ExecutionException: org.apache.ratis.thirdparty.io.grpc.StatusRuntimeException: UNAVAILABLE: io exception
	at java.util.concurrent.FutureTask.report(FutureTask.java:122)
	at java.util.concurrent.FutureTask.get(FutureTask.java:192)
	at org.apache.ratis.server.impl.LeaderElection.waitForResults(LeaderElection.java:259)
	at org.apache.ratis.server.impl.LeaderElection.askForVotes(LeaderElection.java:197)
	at org.apache.ratis.server.impl.LeaderElection.run(LeaderElection.java:133)
	at java.lang.Thread.run(Thread.java:748)
Caused by: org.apache.ratis.thirdparty.io.grpc.StatusRuntimeException: UNAVAILABLE: io exception
	at org.apache.ratis.thirdparty.io.grpc.stub.ClientCalls.toStatusRuntimeException(ClientCalls.java:233)
	at org.apache.ratis.thirdparty.io.grpc.stub.ClientCalls.getUnchecked(ClientCalls.java:214)
	at org.apache.ratis.thirdparty.io.grpc.stub.ClientCalls.blockingUnaryCall(ClientCalls.java:139)
	at org.apache.ratis.proto.grpc.RaftServerProtocolServiceGrpc$RaftServerProtocolServiceBlockingStub.requestVote(RaftServerProtocolServiceGrpc.java:265)
	at org.apache.ratis.grpc.server.GrpcServerProtocolClient.requestVote(GrpcServerProtocolClient.java:99)
	at org.apache.ratis.grpc.server.GrpcService.requestVote(GrpcService.java:204)
	at org.apache.ratis.server.impl.LeaderElection.lambda$submitRequests$1(LeaderElection.java:234)
	at java.util.concurrent.FutureTask.run(FutureTask.java:266)
	at java.util.concurrent.Executors$RunnableAdapter.call(Executors.java:511)
	at java.util.concurrent.FutureTask.run(FutureTask.java:266)
	at java.util.concurrent.ThreadPoolExecutor.runWorker(ThreadPoolExecutor.java:1149)
	at java.util.concurrent.ThreadPoolExecutor$Worker.run(ThreadPoolExecutor.java:624)
	... 1 more
Caused by: org.apache.ratis.thirdparty.io.netty.channel.AbstractChannel$AnnotatedConnectException: Connection refused: /192.168.34.62:37037
	at sun.nio.ch.SocketChannelImpl.checkConnect(Native Method)
	at sun.nio.ch.SocketChannelImpl.finishConnect(SocketChannelImpl.java:717)
	at org.apache.ratis.thirdparty.io.netty.channel.socket.nio.NioSocketChannel.doFinishConnect(NioSocketChannel.java:327)
	at org.apache.ratis.thirdparty.io.netty.channel.nio.AbstractNioChannel$AbstractNioUnsafe.finishConnect(AbstractNioChannel.java:340)
	at org.apache.ratis.thirdparty.io.netty.channel.nio.NioEventLoop.processSelectedKey(NioEventLoop.java:632)
	at org.apache.ratis.thirdparty.io.netty.channel.nio.NioEventLoop.processSelectedKeysOptimized(NioEventLoop.java:579)
	at org.apache.ratis.thirdparty.io.netty.channel.nio.NioEventLoop.processSelectedKeys(NioEventLoop.java:496)
	at org.apache.ratis.thirdparty.io.netty.channel.nio.NioEventLoop.run(NioEventLoop.java:458)
	at org.apache.ratis.thirdparty.io.netty.util.concurrent.SingleThreadEventExecutor$5.run(SingleThreadEventExecutor.java:897)
	at org.apache.ratis.thirdparty.io.netty.util.concurrent.FastThreadLocalRunnable.run(FastThreadLocalRunnable.java:30)
	... 1 more
Caused by: java.net.ConnectException: Connection refused
	... 11 more
2019-10-17 06:48:38,509 [7c431f9d-51bc-458b-a3a6-511ec217d887@group-21BA9BD4283D-LeaderElection537] INFO  impl.LeaderElection (LogUtils.java:infoOrTrace(149)) - 7c431f9d-51bc-458b-a3a6-511ec217d887@group-21BA9BD4283D-LeaderElection537 got exception when requesting votes: {}
java.util.concurrent.ExecutionException: org.apache.ratis.thirdparty.io.grpc.StatusRuntimeException: UNAVAILABLE: io exception
	at java.util.concurrent.FutureTask.report(FutureTask.java:122)
	at java.util.concurrent.FutureTask.get(FutureTask.java:192)
	at org.apache.ratis.server.impl.LeaderElection.waitForResults(LeaderElection.java:259)
	at org.apache.ratis.server.impl.LeaderElection.askForVotes(LeaderElection.java:197)
	at org.apache.ratis.server.impl.LeaderElection.run(LeaderElection.java:133)
	at java.lang.Thread.run(Thread.java:748)
Caused by: org.apache.ratis.thirdparty.io.grpc.StatusRuntimeException: UNAVAILABLE: io exception
	at org.apache.ratis.thirdparty.io.grpc.stub.ClientCalls.toStatusRuntimeException(ClientCalls.java:233)
	at org.apache.ratis.thirdparty.io.grpc.stub.ClientCalls.getUnchecked(ClientCalls.java:214)
	at org.apache.ratis.thirdparty.io.grpc.stub.ClientCalls.blockingUnaryCall(ClientCalls.java:139)
	at org.apache.ratis.proto.grpc.RaftServerProtocolServiceGrpc$RaftServerProtocolServiceBlockingStub.requestVote(RaftServerProtocolServiceGrpc.java:265)
	at org.apache.ratis.grpc.server.GrpcServerProtocolClient.requestVote(GrpcServerProtocolClient.java:99)
	at org.apache.ratis.grpc.server.GrpcService.requestVote(GrpcService.java:204)
	at org.apache.ratis.server.impl.LeaderElection.lambda$submitRequests$1(LeaderElection.java:234)
	at java.util.concurrent.FutureTask.run(FutureTask.java:266)
	at java.util.concurrent.Executors$RunnableAdapter.call(Executors.java:511)
	at java.util.concurrent.FutureTask.run(FutureTask.java:266)
	at java.util.concurrent.ThreadPoolExecutor.runWorker(ThreadPoolExecutor.java:1149)
	at java.util.concurrent.ThreadPoolExecutor$Worker.run(ThreadPoolExecutor.java:624)
	... 1 more
Caused by: org.apache.ratis.thirdparty.io.netty.channel.AbstractChannel$AnnotatedConnectException: Connection refused: /192.168.34.62:34777
	at sun.nio.ch.SocketChannelImpl.checkConnect(Native Method)
	at sun.nio.ch.SocketChannelImpl.finishConnect(SocketChannelImpl.java:717)
	at org.apache.ratis.thirdparty.io.netty.channel.socket.nio.NioSocketChannel.doFinishConnect(NioSocketChannel.java:327)
	at org.apache.ratis.thirdparty.io.netty.channel.nio.AbstractNioChannel$AbstractNioUnsafe.finishConnect(AbstractNioChannel.java:340)
	at org.apache.ratis.thirdparty.io.netty.channel.nio.NioEventLoop.processSelectedKey(NioEventLoop.java:632)
	at org.apache.ratis.thirdparty.io.netty.channel.nio.NioEventLoop.processSelectedKeysOptimized(NioEventLoop.java:579)
	at org.apache.ratis.thirdparty.io.netty.channel.nio.NioEventLoop.processSelectedKeys(NioEventLoop.java:496)
	at org.apache.ratis.thirdparty.io.netty.channel.nio.NioEventLoop.run(NioEventLoop.java:458)
	at org.apache.ratis.thirdparty.io.netty.util.concurrent.SingleThreadEventExecutor$5.run(SingleThreadEventExecutor.java:897)
	at org.apache.ratis.thirdparty.io.netty.util.concurrent.FastThreadLocalRunnable.run(FastThreadLocalRunnable.java:30)
	... 1 more
Caused by: java.net.ConnectException: Connection refused
	... 11 more
2019-10-17 06:48:38,510 [7c431f9d-51bc-458b-a3a6-511ec217d887@group-21BA9BD4283D-LeaderElection537] INFO  impl.LeaderElection (LeaderElection.java:logAndReturn(56)) - 7c431f9d-51bc-458b-a3a6-511ec217d887@group-21BA9BD4283D-LeaderElection537: Election REJECTED; received 0 response(s) [] and 2 exception(s); 7c431f9d-51bc-458b-a3a6-511ec217d887@group-21BA9BD4283D:t502, leader=null, voted=7c431f9d-51bc-458b-a3a6-511ec217d887, raftlog=7c431f9d-51bc-458b-a3a6-511ec217d887@group-21BA9BD4283D-SegmentedRaftLog:OPENED:c-1,f-1,i0, conf=-1: [67f35358-9777-4ff9-96f4-8a61bc3a94fe:192.168.34.62:37037, 7c431f9d-51bc-458b-a3a6-511ec217d887:192.168.34.62:40420, b9cfa588-8e56-4331-be2f-4c26f25c6739:192.168.34.62:34777], old=null
2019-10-17 06:48:38,510 [7c431f9d-51bc-458b-a3a6-511ec217d887@group-21BA9BD4283D-LeaderElection537] INFO  impl.LeaderElection (LogUtils.java:infoOrTrace(149)) -   Exception 0: {}
java.util.concurrent.ExecutionException: org.apache.ratis.thirdparty.io.grpc.StatusRuntimeException: UNAVAILABLE: io exception
	at java.util.concurrent.FutureTask.report(FutureTask.java:122)
	at java.util.concurrent.FutureTask.get(FutureTask.java:192)
	at org.apache.ratis.server.impl.LeaderElection.waitForResults(LeaderElection.java:259)
	at org.apache.ratis.server.impl.LeaderElection.askForVotes(LeaderElection.java:197)
	at org.apache.ratis.server.impl.LeaderElection.run(LeaderElection.java:133)
	at java.lang.Thread.run(Thread.java:748)
Caused by: org.apache.ratis.thirdparty.io.grpc.StatusRuntimeException: UNAVAILABLE: io exception
	at org.apache.ratis.thirdparty.io.grpc.stub.ClientCalls.toStatusRuntimeException(ClientCalls.java:233)
	at org.apache.ratis.thirdparty.io.grpc.stub.ClientCalls.getUnchecked(ClientCalls.java:214)
	at org.apache.ratis.thirdparty.io.grpc.stub.ClientCalls.blockingUnaryCall(ClientCalls.java:139)
	at org.apache.ratis.proto.grpc.RaftServerProtocolServiceGrpc$RaftServerProtocolServiceBlockingStub.requestVote(RaftServerProtocolServiceGrpc.java:265)
	at org.apache.ratis.grpc.server.GrpcServerProtocolClient.requestVote(GrpcServerProtocolClient.java:99)
	at org.apache.ratis.grpc.server.GrpcService.requestVote(GrpcService.java:204)
	at org.apache.ratis.server.impl.LeaderElection.lambda$submitRequests$1(LeaderElection.java:234)
	at java.util.concurrent.FutureTask.run(FutureTask.java:266)
	at java.util.concurrent.Executors$RunnableAdapter.call(Executors.java:511)
	at java.util.concurrent.FutureTask.run(FutureTask.java:266)
	at java.util.concurrent.ThreadPoolExecutor.runWorker(ThreadPoolExecutor.java:1149)
	at java.util.concurrent.ThreadPoolExecutor$Worker.run(ThreadPoolExecutor.java:624)
	... 1 more
Caused by: org.apache.ratis.thirdparty.io.netty.channel.AbstractChannel$AnnotatedConnectException: Connection refused: /192.168.34.62:37037
	at sun.nio.ch.SocketChannelImpl.checkConnect(Native Method)
	at sun.nio.ch.SocketChannelImpl.finishConnect(SocketChannelImpl.java:717)
	at org.apache.ratis.thirdparty.io.netty.channel.socket.nio.NioSocketChannel.doFinishConnect(NioSocketChannel.java:327)
	at org.apache.ratis.thirdparty.io.netty.channel.nio.AbstractNioChannel$AbstractNioUnsafe.finishConnect(AbstractNioChannel.java:340)
	at org.apache.ratis.thirdparty.io.netty.channel.nio.NioEventLoop.processSelectedKey(NioEventLoop.java:632)
	at org.apache.ratis.thirdparty.io.netty.channel.nio.NioEventLoop.processSelectedKeysOptimized(NioEventLoop.java:579)
	at org.apache.ratis.thirdparty.io.netty.channel.nio.NioEventLoop.processSelectedKeys(NioEventLoop.java:496)
	at org.apache.ratis.thirdparty.io.netty.channel.nio.NioEventLoop.run(NioEventLoop.java:458)
	at org.apache.ratis.thirdparty.io.netty.util.concurrent.SingleThreadEventExecutor$5.run(SingleThreadEventExecutor.java:897)
	at org.apache.ratis.thirdparty.io.netty.util.concurrent.FastThreadLocalRunnable.run(FastThreadLocalRunnable.java:30)
	... 1 more
Caused by: java.net.ConnectException: Connection refused
	... 11 more
2019-10-17 06:48:38,510 [7c431f9d-51bc-458b-a3a6-511ec217d887@group-21BA9BD4283D-LeaderElection537] INFO  impl.LeaderElection (LogUtils.java:infoOrTrace(149)) -   Exception 1: {}
java.util.concurrent.ExecutionException: org.apache.ratis.thirdparty.io.grpc.StatusRuntimeException: UNAVAILABLE: io exception
	at java.util.concurrent.FutureTask.report(FutureTask.java:122)
	at java.util.concurrent.FutureTask.get(FutureTask.java:192)
	at org.apache.ratis.server.impl.LeaderElection.waitForResults(LeaderElection.java:259)
	at org.apache.ratis.server.impl.LeaderElection.askForVotes(LeaderElection.java:197)
	at org.apache.ratis.server.impl.LeaderElection.run(LeaderElection.java:133)
	at java.lang.Thread.run(Thread.java:748)
Caused by: org.apache.ratis.thirdparty.io.grpc.StatusRuntimeException: UNAVAILABLE: io exception
	at org.apache.ratis.thirdparty.io.grpc.stub.ClientCalls.toStatusRuntimeException(ClientCalls.java:233)
	at org.apache.ratis.thirdparty.io.grpc.stub.ClientCalls.getUnchecked(ClientCalls.java:214)
	at org.apache.ratis.thirdparty.io.grpc.stub.ClientCalls.blockingUnaryCall(ClientCalls.java:139)
	at org.apache.ratis.proto.grpc.RaftServerProtocolServiceGrpc$RaftServerProtocolServiceBlockingStub.requestVote(RaftServerProtocolServiceGrpc.java:265)
	at org.apache.ratis.grpc.server.GrpcServerProtocolClient.requestVote(GrpcServerProtocolClient.java:99)
	at org.apache.ratis.grpc.server.GrpcService.requestVote(GrpcService.java:204)
	at org.apache.ratis.server.impl.LeaderElection.lambda$submitRequests$1(LeaderElection.java:234)
	at java.util.concurrent.FutureTask.run(FutureTask.java:266)
	at java.util.concurrent.Executors$RunnableAdapter.call(Executors.java:511)
	at java.util.concurrent.FutureTask.run(FutureTask.java:266)
	at java.util.concurrent.ThreadPoolExecutor.runWorker(ThreadPoolExecutor.java:1149)
	at java.util.concurrent.ThreadPoolExecutor$Worker.run(ThreadPoolExecutor.java:624)
	... 1 more
Caused by: org.apache.ratis.thirdparty.io.netty.channel.AbstractChannel$AnnotatedConnectException: Connection refused: /192.168.34.62:34777
	at sun.nio.ch.SocketChannelImpl.checkConnect(Native Method)
	at sun.nio.ch.SocketChannelImpl.finishConnect(SocketChannelImpl.java:717)
	at org.apache.ratis.thirdparty.io.netty.channel.socket.nio.NioSocketChannel.doFinishConnect(NioSocketChannel.java:327)
	at org.apache.ratis.thirdparty.io.netty.channel.nio.AbstractNioChannel$AbstractNioUnsafe.finishConnect(AbstractNioChannel.java:340)
	at org.apache.ratis.thirdparty.io.netty.channel.nio.NioEventLoop.processSelectedKey(NioEventLoop.java:632)
	at org.apache.ratis.thirdparty.io.netty.channel.nio.NioEventLoop.processSelectedKeysOptimized(NioEventLoop.java:579)
	at org.apache.ratis.thirdparty.io.netty.channel.nio.NioEventLoop.processSelectedKeys(NioEventLoop.java:496)
	at org.apache.ratis.thirdparty.io.netty.channel.nio.NioEventLoop.run(NioEventLoop.java:458)
	at org.apache.ratis.thirdparty.io.netty.util.concurrent.SingleThreadEventExecutor$5.run(SingleThreadEventExecutor.java:897)
	at org.apache.ratis.thirdparty.io.netty.util.concurrent.FastThreadLocalRunnable.run(FastThreadLocalRunnable.java:30)
	... 1 more
Caused by: java.net.ConnectException: Connection refused
	... 11 more
2019-10-17 06:48:38,510 [7c431f9d-51bc-458b-a3a6-511ec217d887@group-21BA9BD4283D-LeaderElection537] INFO  impl.RaftServerImpl (RaftServerImpl.java:setRole(184)) - 7c431f9d-51bc-458b-a3a6-511ec217d887@group-21BA9BD4283D: changes role from CANDIDATE to FOLLOWER at term 502 for DISCOVERED_A_NEW_TERM
2019-10-17 06:48:38,510 [7c431f9d-51bc-458b-a3a6-511ec217d887@group-21BA9BD4283D-LeaderElection537] INFO  impl.RoleInfo (RoleInfo.java:shutdownLeaderElection(134)) - 7c431f9d-51bc-458b-a3a6-511ec217d887: shutdown LeaderElection
2019-10-17 06:48:38,511 [7c431f9d-51bc-458b-a3a6-511ec217d887@group-21BA9BD4283D-LeaderElection537] INFO  impl.RoleInfo (RoleInfo.java:updateAndGet(143)) - 7c431f9d-51bc-458b-a3a6-511ec217d887: start FollowerState
2019-10-17 06:48:38,614 [Thread-4171] INFO  impl.FollowerState (FollowerState.java:run(108)) - 7c431f9d-51bc-458b-a3a6-511ec217d887@group-21BA9BD4283D-FollowerState: change to CANDIDATE, lastRpcTime:103ms, electionTimeout:103ms
2019-10-17 06:48:38,614 [Thread-4171] INFO  impl.RoleInfo (RoleInfo.java:shutdownFollowerState(121)) - 7c431f9d-51bc-458b-a3a6-511ec217d887: shutdown FollowerState
2019-10-17 06:48:38,614 [Thread-4171] INFO  impl.RaftServerImpl (RaftServerImpl.java:setRole(184)) - 7c431f9d-51bc-458b-a3a6-511ec217d887@group-21BA9BD4283D: changes role from  FOLLOWER to CANDIDATE at term 502 for changeToCandidate
2019-10-17 06:48:38,614 [Thread-4171] INFO  impl.RoleInfo (RoleInfo.java:updateAndGet(143)) - 7c431f9d-51bc-458b-a3a6-511ec217d887: start LeaderElection
2019-10-17 06:48:38,631 [7c431f9d-51bc-458b-a3a6-511ec217d887@group-21BA9BD4283D-LeaderElection538] INFO  impl.LeaderElection (LeaderElection.java:askForVotes(178)) - 7c431f9d-51bc-458b-a3a6-511ec217d887@group-21BA9BD4283D-LeaderElection538: begin an election at term 503 for -1: [67f35358-9777-4ff9-96f4-8a61bc3a94fe:192.168.34.62:37037, 7c431f9d-51bc-458b-a3a6-511ec217d887:192.168.34.62:40420, b9cfa588-8e56-4331-be2f-4c26f25c6739:192.168.34.62:34777], old=null
2019-10-17 06:48:38,632 [7c431f9d-51bc-458b-a3a6-511ec217d887@group-21BA9BD4283D-LeaderElection538] INFO  impl.LeaderElection (LogUtils.java:infoOrTrace(149)) - 7c431f9d-51bc-458b-a3a6-511ec217d887@group-21BA9BD4283D-LeaderElection538 got exception when requesting votes: {}
java.util.concurrent.ExecutionException: org.apache.ratis.thirdparty.io.grpc.StatusRuntimeException: UNAVAILABLE: io exception
	at java.util.concurrent.FutureTask.report(FutureTask.java:122)
	at java.util.concurrent.FutureTask.get(FutureTask.java:192)
	at org.apache.ratis.server.impl.LeaderElection.waitForResults(LeaderElection.java:259)
	at org.apache.ratis.server.impl.LeaderElection.askForVotes(LeaderElection.java:197)
	at org.apache.ratis.server.impl.LeaderElection.run(LeaderElection.java:133)
	at java.lang.Thread.run(Thread.java:748)
Caused by: org.apache.ratis.thirdparty.io.grpc.StatusRuntimeException: UNAVAILABLE: io exception
	at org.apache.ratis.thirdparty.io.grpc.stub.ClientCalls.toStatusRuntimeException(ClientCalls.java:233)
	at org.apache.ratis.thirdparty.io.grpc.stub.ClientCalls.getUnchecked(ClientCalls.java:214)
	at org.apache.ratis.thirdparty.io.grpc.stub.ClientCalls.blockingUnaryCall(ClientCalls.java:139)
	at org.apache.ratis.proto.grpc.RaftServerProtocolServiceGrpc$RaftServerProtocolServiceBlockingStub.requestVote(RaftServerProtocolServiceGrpc.java:265)
	at org.apache.ratis.grpc.server.GrpcServerProtocolClient.requestVote(GrpcServerProtocolClient.java:99)
	at org.apache.ratis.grpc.server.GrpcService.requestVote(GrpcService.java:204)
	at org.apache.ratis.server.impl.LeaderElection.lambda$submitRequests$1(LeaderElection.java:234)
	at java.util.concurrent.FutureTask.run(FutureTask.java:266)
	at java.util.concurrent.Executors$RunnableAdapter.call(Executors.java:511)
	at java.util.concurrent.FutureTask.run(FutureTask.java:266)
	at java.util.concurrent.ThreadPoolExecutor.runWorker(ThreadPoolExecutor.java:1149)
	at java.util.concurrent.ThreadPoolExecutor$Worker.run(ThreadPoolExecutor.java:624)
	... 1 more
Caused by: org.apache.ratis.thirdparty.io.netty.channel.AbstractChannel$AnnotatedConnectException: Connection refused: /192.168.34.62:34777
	at sun.nio.ch.SocketChannelImpl.checkConnect(Native Method)
	at sun.nio.ch.SocketChannelImpl.finishConnect(SocketChannelImpl.java:717)
	at org.apache.ratis.thirdparty.io.netty.channel.socket.nio.NioSocketChannel.doFinishConnect(NioSocketChannel.java:327)
	at org.apache.ratis.thirdparty.io.netty.channel.nio.AbstractNioChannel$AbstractNioUnsafe.finishConnect(AbstractNioChannel.java:340)
	at org.apache.ratis.thirdparty.io.netty.channel.nio.NioEventLoop.processSelectedKey(NioEventLoop.java:632)
	at org.apache.ratis.thirdparty.io.netty.channel.nio.NioEventLoop.processSelectedKeysOptimized(NioEventLoop.java:579)
	at org.apache.ratis.thirdparty.io.netty.channel.nio.NioEventLoop.processSelectedKeys(NioEventLoop.java:496)
	at org.apache.ratis.thirdparty.io.netty.channel.nio.NioEventLoop.run(NioEventLoop.java:458)
	at org.apache.ratis.thirdparty.io.netty.util.concurrent.SingleThreadEventExecutor$5.run(SingleThreadEventExecutor.java:897)
	at org.apache.ratis.thirdparty.io.netty.util.concurrent.FastThreadLocalRunnable.run(FastThreadLocalRunnable.java:30)
	... 1 more
Caused by: java.net.ConnectException: Connection refused
	... 11 more
2019-10-17 06:48:38,632 [7c431f9d-51bc-458b-a3a6-511ec217d887@group-21BA9BD4283D-LeaderElection538] INFO  impl.LeaderElection (LogUtils.java:infoOrTrace(149)) - 7c431f9d-51bc-458b-a3a6-511ec217d887@group-21BA9BD4283D-LeaderElection538 got exception when requesting votes: {}
java.util.concurrent.ExecutionException: org.apache.ratis.thirdparty.io.grpc.StatusRuntimeException: UNAVAILABLE: io exception
	at java.util.concurrent.FutureTask.report(FutureTask.java:122)
	at java.util.concurrent.FutureTask.get(FutureTask.java:192)
	at org.apache.ratis.server.impl.LeaderElection.waitForResults(LeaderElection.java:259)
	at org.apache.ratis.server.impl.LeaderElection.askForVotes(LeaderElection.java:197)
	at org.apache.ratis.server.impl.LeaderElection.run(LeaderElection.java:133)
	at java.lang.Thread.run(Thread.java:748)
Caused by: org.apache.ratis.thirdparty.io.grpc.StatusRuntimeException: UNAVAILABLE: io exception
	at org.apache.ratis.thirdparty.io.grpc.stub.ClientCalls.toStatusRuntimeException(ClientCalls.java:233)
	at org.apache.ratis.thirdparty.io.grpc.stub.ClientCalls.getUnchecked(ClientCalls.java:214)
	at org.apache.ratis.thirdparty.io.grpc.stub.ClientCalls.blockingUnaryCall(ClientCalls.java:139)
	at org.apache.ratis.proto.grpc.RaftServerProtocolServiceGrpc$RaftServerProtocolServiceBlockingStub.requestVote(RaftServerProtocolServiceGrpc.java:265)
	at org.apache.ratis.grpc.server.GrpcServerProtocolClient.requestVote(GrpcServerProtocolClient.java:99)
	at org.apache.ratis.grpc.server.GrpcService.requestVote(GrpcService.java:204)
	at org.apache.ratis.server.impl.LeaderElection.lambda$submitRequests$1(LeaderElection.java:234)
	at java.util.concurrent.FutureTask.run(FutureTask.java:266)
	at java.util.concurrent.Executors$RunnableAdapter.call(Executors.java:511)
	at java.util.concurrent.FutureTask.run(FutureTask.java:266)
	at java.util.concurrent.ThreadPoolExecutor.runWorker(ThreadPoolExecutor.java:1149)
	at java.util.concurrent.ThreadPoolExecutor$Worker.run(ThreadPoolExecutor.java:624)
	... 1 more
Caused by: org.apache.ratis.thirdparty.io.netty.channel.AbstractChannel$AnnotatedConnectException: Connection refused: /192.168.34.62:37037
	at sun.nio.ch.SocketChannelImpl.checkConnect(Native Method)
	at sun.nio.ch.SocketChannelImpl.finishConnect(SocketChannelImpl.java:717)
	at org.apache.ratis.thirdparty.io.netty.channel.socket.nio.NioSocketChannel.doFinishConnect(NioSocketChannel.java:327)
	at org.apache.ratis.thirdparty.io.netty.channel.nio.AbstractNioChannel$AbstractNioUnsafe.finishConnect(AbstractNioChannel.java:340)
	at org.apache.ratis.thirdparty.io.netty.channel.nio.NioEventLoop.processSelectedKey(NioEventLoop.java:632)
	at org.apache.ratis.thirdparty.io.netty.channel.nio.NioEventLoop.processSelectedKeysOptimized(NioEventLoop.java:579)
	at org.apache.ratis.thirdparty.io.netty.channel.nio.NioEventLoop.processSelectedKeys(NioEventLoop.java:496)
	at org.apache.ratis.thirdparty.io.netty.channel.nio.NioEventLoop.run(NioEventLoop.java:458)
	at org.apache.ratis.thirdparty.io.netty.util.concurrent.SingleThreadEventExecutor$5.run(SingleThreadEventExecutor.java:897)
	at org.apache.ratis.thirdparty.io.netty.util.concurrent.FastThreadLocalRunnable.run(FastThreadLocalRunnable.java:30)
	... 1 more
Caused by: java.net.ConnectException: Connection refused
	... 11 more
2019-10-17 06:48:38,633 [7c431f9d-51bc-458b-a3a6-511ec217d887@group-21BA9BD4283D-LeaderElection538] INFO  impl.LeaderElection (LeaderElection.java:logAndReturn(56)) - 7c431f9d-51bc-458b-a3a6-511ec217d887@group-21BA9BD4283D-LeaderElection538: Election REJECTED; received 0 response(s) [] and 2 exception(s); 7c431f9d-51bc-458b-a3a6-511ec217d887@group-21BA9BD4283D:t503, leader=null, voted=7c431f9d-51bc-458b-a3a6-511ec217d887, raftlog=7c431f9d-51bc-458b-a3a6-511ec217d887@group-21BA9BD4283D-SegmentedRaftLog:OPENED:c-1,f-1,i0, conf=-1: [67f35358-9777-4ff9-96f4-8a61bc3a94fe:192.168.34.62:37037, 7c431f9d-51bc-458b-a3a6-511ec217d887:192.168.34.62:40420, b9cfa588-8e56-4331-be2f-4c26f25c6739:192.168.34.62:34777], old=null
2019-10-17 06:48:38,633 [7c431f9d-51bc-458b-a3a6-511ec217d887@group-21BA9BD4283D-LeaderElection538] INFO  impl.LeaderElection (LogUtils.java:infoOrTrace(149)) -   Exception 0: {}
java.util.concurrent.ExecutionException: org.apache.ratis.thirdparty.io.grpc.StatusRuntimeException: UNAVAILABLE: io exception
	at java.util.concurrent.FutureTask.report(FutureTask.java:122)
	at java.util.concurrent.FutureTask.get(FutureTask.java:192)
	at org.apache.ratis.server.impl.LeaderElection.waitForResults(LeaderElection.java:259)
	at org.apache.ratis.server.impl.LeaderElection.askForVotes(LeaderElection.java:197)
	at org.apache.ratis.server.impl.LeaderElection.run(LeaderElection.java:133)
	at java.lang.Thread.run(Thread.java:748)
Caused by: org.apache.ratis.thirdparty.io.grpc.StatusRuntimeException: UNAVAILABLE: io exception
	at org.apache.ratis.thirdparty.io.grpc.stub.ClientCalls.toStatusRuntimeException(ClientCalls.java:233)
	at org.apache.ratis.thirdparty.io.grpc.stub.ClientCalls.getUnchecked(ClientCalls.java:214)
	at org.apache.ratis.thirdparty.io.grpc.stub.ClientCalls.blockingUnaryCall(ClientCalls.java:139)
	at org.apache.ratis.proto.grpc.RaftServerProtocolServiceGrpc$RaftServerProtocolServiceBlockingStub.requestVote(RaftServerProtocolServiceGrpc.java:265)
	at org.apache.ratis.grpc.server.GrpcServerProtocolClient.requestVote(GrpcServerProtocolClient.java:99)
	at org.apache.ratis.grpc.server.GrpcService.requestVote(GrpcService.java:204)
	at org.apache.ratis.server.impl.LeaderElection.lambda$submitRequests$1(LeaderElection.java:234)
	at java.util.concurrent.FutureTask.run(FutureTask.java:266)
	at java.util.concurrent.Executors$RunnableAdapter.call(Executors.java:511)
	at java.util.concurrent.FutureTask.run(FutureTask.java:266)
	at java.util.concurrent.ThreadPoolExecutor.runWorker(ThreadPoolExecutor.java:1149)
	at java.util.concurrent.ThreadPoolExecutor$Worker.run(ThreadPoolExecutor.java:624)
	... 1 more
Caused by: org.apache.ratis.thirdparty.io.netty.channel.AbstractChannel$AnnotatedConnectException: Connection refused: /192.168.34.62:34777
	at sun.nio.ch.SocketChannelImpl.checkConnect(Native Method)
	at sun.nio.ch.SocketChannelImpl.finishConnect(SocketChannelImpl.java:717)
	at org.apache.ratis.thirdparty.io.netty.channel.socket.nio.NioSocketChannel.doFinishConnect(NioSocketChannel.java:327)
	at org.apache.ratis.thirdparty.io.netty.channel.nio.AbstractNioChannel$AbstractNioUnsafe.finishConnect(AbstractNioChannel.java:340)
	at org.apache.ratis.thirdparty.io.netty.channel.nio.NioEventLoop.processSelectedKey(NioEventLoop.java:632)
	at org.apache.ratis.thirdparty.io.netty.channel.nio.NioEventLoop.processSelectedKeysOptimized(NioEventLoop.java:579)
	at org.apache.ratis.thirdparty.io.netty.channel.nio.NioEventLoop.processSelectedKeys(NioEventLoop.java:496)
	at org.apache.ratis.thirdparty.io.netty.channel.nio.NioEventLoop.run(NioEventLoop.java:458)
	at org.apache.ratis.thirdparty.io.netty.util.concurrent.SingleThreadEventExecutor$5.run(SingleThreadEventExecutor.java:897)
	at org.apache.ratis.thirdparty.io.netty.util.concurrent.FastThreadLocalRunnable.run(FastThreadLocalRunnable.java:30)
	... 1 more
Caused by: java.net.ConnectException: Connection refused
	... 11 more
2019-10-17 06:48:38,633 [7c431f9d-51bc-458b-a3a6-511ec217d887@group-21BA9BD4283D-LeaderElection538] INFO  impl.LeaderElection (LogUtils.java:infoOrTrace(149)) -   Exception 1: {}
java.util.concurrent.ExecutionException: org.apache.ratis.thirdparty.io.grpc.StatusRuntimeException: UNAVAILABLE: io exception
	at java.util.concurrent.FutureTask.report(FutureTask.java:122)
	at java.util.concurrent.FutureTask.get(FutureTask.java:192)
	at org.apache.ratis.server.impl.LeaderElection.waitForResults(LeaderElection.java:259)
	at org.apache.ratis.server.impl.LeaderElection.askForVotes(LeaderElection.java:197)
	at org.apache.ratis.server.impl.LeaderElection.run(LeaderElection.java:133)
	at java.lang.Thread.run(Thread.java:748)
Caused by: org.apache.ratis.thirdparty.io.grpc.StatusRuntimeException: UNAVAILABLE: io exception
	at org.apache.ratis.thirdparty.io.grpc.stub.ClientCalls.toStatusRuntimeException(ClientCalls.java:233)
	at org.apache.ratis.thirdparty.io.grpc.stub.ClientCalls.getUnchecked(ClientCalls.java:214)
	at org.apache.ratis.thirdparty.io.grpc.stub.ClientCalls.blockingUnaryCall(ClientCalls.java:139)
	at org.apache.ratis.proto.grpc.RaftServerProtocolServiceGrpc$RaftServerProtocolServiceBlockingStub.requestVote(RaftServerProtocolServiceGrpc.java:265)
	at org.apache.ratis.grpc.server.GrpcServerProtocolClient.requestVote(GrpcServerProtocolClient.java:99)
	at org.apache.ratis.grpc.server.GrpcService.requestVote(GrpcService.java:204)
	at org.apache.ratis.server.impl.LeaderElection.lambda$submitRequests$1(LeaderElection.java:234)
	at java.util.concurrent.FutureTask.run(FutureTask.java:266)
	at java.util.concurrent.Executors$RunnableAdapter.call(Executors.java:511)
	at java.util.concurrent.FutureTask.run(FutureTask.java:266)
	at java.util.concurrent.ThreadPoolExecutor.runWorker(ThreadPoolExecutor.java:1149)
	at java.util.concurrent.ThreadPoolExecutor$Worker.run(ThreadPoolExecutor.java:624)
	... 1 more
Caused by: org.apache.ratis.thirdparty.io.netty.channel.AbstractChannel$AnnotatedConnectException: Connection refused: /192.168.34.62:37037
	at sun.nio.ch.SocketChannelImpl.checkConnect(Native Method)
	at sun.nio.ch.SocketChannelImpl.finishConnect(SocketChannelImpl.java:717)
	at org.apache.ratis.thirdparty.io.netty.channel.socket.nio.NioSocketChannel.doFinishConnect(NioSocketChannel.java:327)
	at org.apache.ratis.thirdparty.io.netty.channel.nio.AbstractNioChannel$AbstractNioUnsafe.finishConnect(AbstractNioChannel.java:340)
	at org.apache.ratis.thirdparty.io.netty.channel.nio.NioEventLoop.processSelectedKey(NioEventLoop.java:632)
	at org.apache.ratis.thirdparty.io.netty.channel.nio.NioEventLoop.processSelectedKeysOptimized(NioEventLoop.java:579)
	at org.apache.ratis.thirdparty.io.netty.channel.nio.NioEventLoop.processSelectedKeys(NioEventLoop.java:496)
	at org.apache.ratis.thirdparty.io.netty.channel.nio.NioEventLoop.run(NioEventLoop.java:458)
	at org.apache.ratis.thirdparty.io.netty.util.concurrent.SingleThreadEventExecutor$5.run(SingleThreadEventExecutor.java:897)
	at org.apache.ratis.thirdparty.io.netty.util.concurrent.FastThreadLocalRunnable.run(FastThreadLocalRunnable.java:30)
	... 1 more
Caused by: java.net.ConnectException: Connection refused
	... 11 more
2019-10-17 06:48:38,633 [7c431f9d-51bc-458b-a3a6-511ec217d887@group-21BA9BD4283D-LeaderElection538] INFO  impl.RaftServerImpl (RaftServerImpl.java:setRole(184)) - 7c431f9d-51bc-458b-a3a6-511ec217d887@group-21BA9BD4283D: changes role from CANDIDATE to FOLLOWER at term 503 for DISCOVERED_A_NEW_TERM
2019-10-17 06:48:38,633 [7c431f9d-51bc-458b-a3a6-511ec217d887@group-21BA9BD4283D-LeaderElection538] INFO  impl.RoleInfo (RoleInfo.java:shutdownLeaderElection(134)) - 7c431f9d-51bc-458b-a3a6-511ec217d887: shutdown LeaderElection
2019-10-17 06:48:38,634 [7c431f9d-51bc-458b-a3a6-511ec217d887@group-21BA9BD4283D-LeaderElection538] INFO  impl.RoleInfo (RoleInfo.java:updateAndGet(143)) - 7c431f9d-51bc-458b-a3a6-511ec217d887: start FollowerState
2019-10-17 06:48:38,814 [Thread-4175] INFO  impl.FollowerState (FollowerState.java:run(108)) - 7c431f9d-51bc-458b-a3a6-511ec217d887@group-21BA9BD4283D-FollowerState: change to CANDIDATE, lastRpcTime:180ms, electionTimeout:180ms
2019-10-17 06:48:38,814 [Thread-4175] INFO  impl.RoleInfo (RoleInfo.java:shutdownFollowerState(121)) - 7c431f9d-51bc-458b-a3a6-511ec217d887: shutdown FollowerState
2019-10-17 06:48:38,814 [Thread-4175] INFO  impl.RaftServerImpl (RaftServerImpl.java:setRole(184)) - 7c431f9d-51bc-458b-a3a6-511ec217d887@group-21BA9BD4283D: changes role from  FOLLOWER to CANDIDATE at term 503 for changeToCandidate
2019-10-17 06:48:38,815 [Thread-4175] INFO  impl.RoleInfo (RoleInfo.java:updateAndGet(143)) - 7c431f9d-51bc-458b-a3a6-511ec217d887: start LeaderElection
2019-10-17 06:48:38,838 [7c431f9d-51bc-458b-a3a6-511ec217d887@group-21BA9BD4283D-LeaderElection539] INFO  impl.LeaderElection (LeaderElection.java:askForVotes(178)) - 7c431f9d-51bc-458b-a3a6-511ec217d887@group-21BA9BD4283D-LeaderElection539: begin an election at term 504 for -1: [67f35358-9777-4ff9-96f4-8a61bc3a94fe:192.168.34.62:37037, 7c431f9d-51bc-458b-a3a6-511ec217d887:192.168.34.62:40420, b9cfa588-8e56-4331-be2f-4c26f25c6739:192.168.34.62:34777], old=null
2019-10-17 06:48:38,839 [7c431f9d-51bc-458b-a3a6-511ec217d887@group-21BA9BD4283D-LeaderElection539] INFO  impl.LeaderElection (LogUtils.java:infoOrTrace(149)) - 7c431f9d-51bc-458b-a3a6-511ec217d887@group-21BA9BD4283D-LeaderElection539 got exception when requesting votes: {}
java.util.concurrent.ExecutionException: org.apache.ratis.thirdparty.io.grpc.StatusRuntimeException: UNAVAILABLE: io exception
	at java.util.concurrent.FutureTask.report(FutureTask.java:122)
	at java.util.concurrent.FutureTask.get(FutureTask.java:192)
	at org.apache.ratis.server.impl.LeaderElection.waitForResults(LeaderElection.java:259)
	at org.apache.ratis.server.impl.LeaderElection.askForVotes(LeaderElection.java:197)
	at org.apache.ratis.server.impl.LeaderElection.run(LeaderElection.java:133)
	at java.lang.Thread.run(Thread.java:748)
Caused by: org.apache.ratis.thirdparty.io.grpc.StatusRuntimeException: UNAVAILABLE: io exception
	at org.apache.ratis.thirdparty.io.grpc.stub.ClientCalls.toStatusRuntimeException(ClientCalls.java:233)
	at org.apache.ratis.thirdparty.io.grpc.stub.ClientCalls.getUnchecked(ClientCalls.java:214)
	at org.apache.ratis.thirdparty.io.grpc.stub.ClientCalls.blockingUnaryCall(ClientCalls.java:139)
	at org.apache.ratis.proto.grpc.RaftServerProtocolServiceGrpc$RaftServerProtocolServiceBlockingStub.requestVote(RaftServerProtocolServiceGrpc.java:265)
	at org.apache.ratis.grpc.server.GrpcServerProtocolClient.requestVote(GrpcServerProtocolClient.java:99)
	at org.apache.ratis.grpc.server.GrpcService.requestVote(GrpcService.java:204)
	at org.apache.ratis.server.impl.LeaderElection.lambda$submitRequests$1(LeaderElection.java:234)
	at java.util.concurrent.FutureTask.run(FutureTask.java:266)
	at java.util.concurrent.Executors$RunnableAdapter.call(Executors.java:511)
	at java.util.concurrent.FutureTask.run(FutureTask.java:266)
	at java.util.concurrent.ThreadPoolExecutor.runWorker(ThreadPoolExecutor.java:1149)
	at java.util.concurrent.ThreadPoolExecutor$Worker.run(ThreadPoolExecutor.java:624)
	... 1 more
Caused by: org.apache.ratis.thirdparty.io.netty.channel.AbstractChannel$AnnotatedConnectException: Connection refused: /192.168.34.62:37037
	at sun.nio.ch.SocketChannelImpl.checkConnect(Native Method)
	at sun.nio.ch.SocketChannelImpl.finishConnect(SocketChannelImpl.java:717)
	at org.apache.ratis.thirdparty.io.netty.channel.socket.nio.NioSocketChannel.doFinishConnect(NioSocketChannel.java:327)
	at org.apache.ratis.thirdparty.io.netty.channel.nio.AbstractNioChannel$AbstractNioUnsafe.finishConnect(AbstractNioChannel.java:340)
	at org.apache.ratis.thirdparty.io.netty.channel.nio.NioEventLoop.processSelectedKey(NioEventLoop.java:632)
	at org.apache.ratis.thirdparty.io.netty.channel.nio.NioEventLoop.processSelectedKeysOptimized(NioEventLoop.java:579)
	at org.apache.ratis.thirdparty.io.netty.channel.nio.NioEventLoop.processSelectedKeys(NioEventLoop.java:496)
	at org.apache.ratis.thirdparty.io.netty.channel.nio.NioEventLoop.run(NioEventLoop.java:458)
	at org.apache.ratis.thirdparty.io.netty.util.concurrent.SingleThreadEventExecutor$5.run(SingleThreadEventExecutor.java:897)
	at org.apache.ratis.thirdparty.io.netty.util.concurrent.FastThreadLocalRunnable.run(FastThreadLocalRunnable.java:30)
	... 1 more
Caused by: java.net.ConnectException: Connection refused
	... 11 more
2019-10-17 06:48:38,839 [7c431f9d-51bc-458b-a3a6-511ec217d887@group-21BA9BD4283D-LeaderElection539] INFO  impl.LeaderElection (LogUtils.java:infoOrTrace(149)) - 7c431f9d-51bc-458b-a3a6-511ec217d887@group-21BA9BD4283D-LeaderElection539 got exception when requesting votes: {}
java.util.concurrent.ExecutionException: org.apache.ratis.thirdparty.io.grpc.StatusRuntimeException: UNAVAILABLE: io exception
	at java.util.concurrent.FutureTask.report(FutureTask.java:122)
	at java.util.concurrent.FutureTask.get(FutureTask.java:192)
	at org.apache.ratis.server.impl.LeaderElection.waitForResults(LeaderElection.java:259)
	at org.apache.ratis.server.impl.LeaderElection.askForVotes(LeaderElection.java:197)
	at org.apache.ratis.server.impl.LeaderElection.run(LeaderElection.java:133)
	at java.lang.Thread.run(Thread.java:748)
Caused by: org.apache.ratis.thirdparty.io.grpc.StatusRuntimeException: UNAVAILABLE: io exception
	at org.apache.ratis.thirdparty.io.grpc.stub.ClientCalls.toStatusRuntimeException(ClientCalls.java:233)
	at org.apache.ratis.thirdparty.io.grpc.stub.ClientCalls.getUnchecked(ClientCalls.java:214)
	at org.apache.ratis.thirdparty.io.grpc.stub.ClientCalls.blockingUnaryCall(ClientCalls.java:139)
	at org.apache.ratis.proto.grpc.RaftServerProtocolServiceGrpc$RaftServerProtocolServiceBlockingStub.requestVote(RaftServerProtocolServiceGrpc.java:265)
	at org.apache.ratis.grpc.server.GrpcServerProtocolClient.requestVote(GrpcServerProtocolClient.java:99)
	at org.apache.ratis.grpc.server.GrpcService.requestVote(GrpcService.java:204)
	at org.apache.ratis.server.impl.LeaderElection.lambda$submitRequests$1(LeaderElection.java:234)
	at java.util.concurrent.FutureTask.run(FutureTask.java:266)
	at java.util.concurrent.Executors$RunnableAdapter.call(Executors.java:511)
	at java.util.concurrent.FutureTask.run(FutureTask.java:266)
	at java.util.concurrent.ThreadPoolExecutor.runWorker(ThreadPoolExecutor.java:1149)
	at java.util.concurrent.ThreadPoolExecutor$Worker.run(ThreadPoolExecutor.java:624)
	... 1 more
Caused by: org.apache.ratis.thirdparty.io.netty.channel.AbstractChannel$AnnotatedConnectException: Connection refused: /192.168.34.62:34777
	at sun.nio.ch.SocketChannelImpl.checkConnect(Native Method)
	at sun.nio.ch.SocketChannelImpl.finishConnect(SocketChannelImpl.java:717)
	at org.apache.ratis.thirdparty.io.netty.channel.socket.nio.NioSocketChannel.doFinishConnect(NioSocketChannel.java:327)
	at org.apache.ratis.thirdparty.io.netty.channel.nio.AbstractNioChannel$AbstractNioUnsafe.finishConnect(AbstractNioChannel.java:340)
	at org.apache.ratis.thirdparty.io.netty.channel.nio.NioEventLoop.processSelectedKey(NioEventLoop.java:632)
	at org.apache.ratis.thirdparty.io.netty.channel.nio.NioEventLoop.processSelectedKeysOptimized(NioEventLoop.java:579)
	at org.apache.ratis.thirdparty.io.netty.channel.nio.NioEventLoop.processSelectedKeys(NioEventLoop.java:496)
	at org.apache.ratis.thirdparty.io.netty.channel.nio.NioEventLoop.run(NioEventLoop.java:458)
	at org.apache.ratis.thirdparty.io.netty.util.concurrent.SingleThreadEventExecutor$5.run(SingleThreadEventExecutor.java:897)
	at org.apache.ratis.thirdparty.io.netty.util.concurrent.FastThreadLocalRunnable.run(FastThreadLocalRunnable.java:30)
	... 1 more
Caused by: java.net.ConnectException: Connection refused
	... 11 more
2019-10-17 06:48:38,840 [7c431f9d-51bc-458b-a3a6-511ec217d887@group-21BA9BD4283D-LeaderElection539] INFO  impl.LeaderElection (LeaderElection.java:logAndReturn(56)) - 7c431f9d-51bc-458b-a3a6-511ec217d887@group-21BA9BD4283D-LeaderElection539: Election REJECTED; received 0 response(s) [] and 2 exception(s); 7c431f9d-51bc-458b-a3a6-511ec217d887@group-21BA9BD4283D:t504, leader=null, voted=7c431f9d-51bc-458b-a3a6-511ec217d887, raftlog=7c431f9d-51bc-458b-a3a6-511ec217d887@group-21BA9BD4283D-SegmentedRaftLog:OPENED:c-1,f-1,i0, conf=-1: [67f35358-9777-4ff9-96f4-8a61bc3a94fe:192.168.34.62:37037, 7c431f9d-51bc-458b-a3a6-511ec217d887:192.168.34.62:40420, b9cfa588-8e56-4331-be2f-4c26f25c6739:192.168.34.62:34777], old=null
2019-10-17 06:48:38,840 [7c431f9d-51bc-458b-a3a6-511ec217d887@group-21BA9BD4283D-LeaderElection539] INFO  impl.LeaderElection (LogUtils.java:infoOrTrace(149)) -   Exception 0: {}
java.util.concurrent.ExecutionException: org.apache.ratis.thirdparty.io.grpc.StatusRuntimeException: UNAVAILABLE: io exception
	at java.util.concurrent.FutureTask.report(FutureTask.java:122)
	at java.util.concurrent.FutureTask.get(FutureTask.java:192)
	at org.apache.ratis.server.impl.LeaderElection.waitForResults(LeaderElection.java:259)
	at org.apache.ratis.server.impl.LeaderElection.askForVotes(LeaderElection.java:197)
	at org.apache.ratis.server.impl.LeaderElection.run(LeaderElection.java:133)
	at java.lang.Thread.run(Thread.java:748)
Caused by: org.apache.ratis.thirdparty.io.grpc.StatusRuntimeException: UNAVAILABLE: io exception
	at org.apache.ratis.thirdparty.io.grpc.stub.ClientCalls.toStatusRuntimeException(ClientCalls.java:233)
	at org.apache.ratis.thirdparty.io.grpc.stub.ClientCalls.getUnchecked(ClientCalls.java:214)
	at org.apache.ratis.thirdparty.io.grpc.stub.ClientCalls.blockingUnaryCall(ClientCalls.java:139)
	at org.apache.ratis.proto.grpc.RaftServerProtocolServiceGrpc$RaftServerProtocolServiceBlockingStub.requestVote(RaftServerProtocolServiceGrpc.java:265)
	at org.apache.ratis.grpc.server.GrpcServerProtocolClient.requestVote(GrpcServerProtocolClient.java:99)
	at org.apache.ratis.grpc.server.GrpcService.requestVote(GrpcService.java:204)
	at org.apache.ratis.server.impl.LeaderElection.lambda$submitRequests$1(LeaderElection.java:234)
	at java.util.concurrent.FutureTask.run(FutureTask.java:266)
	at java.util.concurrent.Executors$RunnableAdapter.call(Executors.java:511)
	at java.util.concurrent.FutureTask.run(FutureTask.java:266)
	at java.util.concurrent.ThreadPoolExecutor.runWorker(ThreadPoolExecutor.java:1149)
	at java.util.concurrent.ThreadPoolExecutor$Worker.run(ThreadPoolExecutor.java:624)
	... 1 more
Caused by: org.apache.ratis.thirdparty.io.netty.channel.AbstractChannel$AnnotatedConnectException: Connection refused: /192.168.34.62:37037
	at sun.nio.ch.SocketChannelImpl.checkConnect(Native Method)
	at sun.nio.ch.SocketChannelImpl.finishConnect(SocketChannelImpl.java:717)
	at org.apache.ratis.thirdparty.io.netty.channel.socket.nio.NioSocketChannel.doFinishConnect(NioSocketChannel.java:327)
	at org.apache.ratis.thirdparty.io.netty.channel.nio.AbstractNioChannel$AbstractNioUnsafe.finishConnect(AbstractNioChannel.java:340)
	at org.apache.ratis.thirdparty.io.netty.channel.nio.NioEventLoop.processSelectedKey(NioEventLoop.java:632)
	at org.apache.ratis.thirdparty.io.netty.channel.nio.NioEventLoop.processSelectedKeysOptimized(NioEventLoop.java:579)
	at org.apache.ratis.thirdparty.io.netty.channel.nio.NioEventLoop.processSelectedKeys(NioEventLoop.java:496)
	at org.apache.ratis.thirdparty.io.netty.channel.nio.NioEventLoop.run(NioEventLoop.java:458)
	at org.apache.ratis.thirdparty.io.netty.util.concurrent.SingleThreadEventExecutor$5.run(SingleThreadEventExecutor.java:897)
	at org.apache.ratis.thirdparty.io.netty.util.concurrent.FastThreadLocalRunnable.run(FastThreadLocalRunnable.java:30)
	... 1 more
Caused by: java.net.ConnectException: Connection refused
	... 11 more
2019-10-17 06:48:38,840 [7c431f9d-51bc-458b-a3a6-511ec217d887@group-21BA9BD4283D-LeaderElection539] INFO  impl.LeaderElection (LogUtils.java:infoOrTrace(149)) -   Exception 1: {}
java.util.concurrent.ExecutionException: org.apache.ratis.thirdparty.io.grpc.StatusRuntimeException: UNAVAILABLE: io exception
	at java.util.concurrent.FutureTask.report(FutureTask.java:122)
	at java.util.concurrent.FutureTask.get(FutureTask.java:192)
	at org.apache.ratis.server.impl.LeaderElection.waitForResults(LeaderElection.java:259)
	at org.apache.ratis.server.impl.LeaderElection.askForVotes(LeaderElection.java:197)
	at org.apache.ratis.server.impl.LeaderElection.run(LeaderElection.java:133)
	at java.lang.Thread.run(Thread.java:748)
Caused by: org.apache.ratis.thirdparty.io.grpc.StatusRuntimeException: UNAVAILABLE: io exception
	at org.apache.ratis.thirdparty.io.grpc.stub.ClientCalls.toStatusRuntimeException(ClientCalls.java:233)
	at org.apache.ratis.thirdparty.io.grpc.stub.ClientCalls.getUnchecked(ClientCalls.java:214)
	at org.apache.ratis.thirdparty.io.grpc.stub.ClientCalls.blockingUnaryCall(ClientCalls.java:139)
	at org.apache.ratis.proto.grpc.RaftServerProtocolServiceGrpc$RaftServerProtocolServiceBlockingStub.requestVote(RaftServerProtocolServiceGrpc.java:265)
	at org.apache.ratis.grpc.server.GrpcServerProtocolClient.requestVote(GrpcServerProtocolClient.java:99)
	at org.apache.ratis.grpc.server.GrpcService.requestVote(GrpcService.java:204)
	at org.apache.ratis.server.impl.LeaderElection.lambda$submitRequests$1(LeaderElection.java:234)
	at java.util.concurrent.FutureTask.run(FutureTask.java:266)
	at java.util.concurrent.Executors$RunnableAdapter.call(Executors.java:511)
	at java.util.concurrent.FutureTask.run(FutureTask.java:266)
	at java.util.concurrent.ThreadPoolExecutor.runWorker(ThreadPoolExecutor.java:1149)
	at java.util.concurrent.ThreadPoolExecutor$Worker.run(ThreadPoolExecutor.java:624)
	... 1 more
Caused by: org.apache.ratis.thirdparty.io.netty.channel.AbstractChannel$AnnotatedConnectException: Connection refused: /192.168.34.62:34777
	at sun.nio.ch.SocketChannelImpl.checkConnect(Native Method)
	at sun.nio.ch.SocketChannelImpl.finishConnect(SocketChannelImpl.java:717)
	at org.apache.ratis.thirdparty.io.netty.channel.socket.nio.NioSocketChannel.doFinishConnect(NioSocketChannel.java:327)
	at org.apache.ratis.thirdparty.io.netty.channel.nio.AbstractNioChannel$AbstractNioUnsafe.finishConnect(AbstractNioChannel.java:340)
	at org.apache.ratis.thirdparty.io.netty.channel.nio.NioEventLoop.processSelectedKey(NioEventLoop.java:632)
	at org.apache.ratis.thirdparty.io.netty.channel.nio.NioEventLoop.processSelectedKeysOptimized(NioEventLoop.java:579)
	at org.apache.ratis.thirdparty.io.netty.channel.nio.NioEventLoop.processSelectedKeys(NioEventLoop.java:496)
	at org.apache.ratis.thirdparty.io.netty.channel.nio.NioEventLoop.run(NioEventLoop.java:458)
	at org.apache.ratis.thirdparty.io.netty.util.concurrent.SingleThreadEventExecutor$5.run(SingleThreadEventExecutor.java:897)
	at org.apache.ratis.thirdparty.io.netty.util.concurrent.FastThreadLocalRunnable.run(FastThreadLocalRunnable.java:30)
	... 1 more
Caused by: java.net.ConnectException: Connection refused
	... 11 more
2019-10-17 06:48:38,840 [7c431f9d-51bc-458b-a3a6-511ec217d887@group-21BA9BD4283D-LeaderElection539] INFO  impl.RaftServerImpl (RaftServerImpl.java:setRole(184)) - 7c431f9d-51bc-458b-a3a6-511ec217d887@group-21BA9BD4283D: changes role from CANDIDATE to FOLLOWER at term 504 for DISCOVERED_A_NEW_TERM
2019-10-17 06:48:38,840 [7c431f9d-51bc-458b-a3a6-511ec217d887@group-21BA9BD4283D-LeaderElection539] INFO  impl.RoleInfo (RoleInfo.java:shutdownLeaderElection(134)) - 7c431f9d-51bc-458b-a3a6-511ec217d887: shutdown LeaderElection
2019-10-17 06:48:38,841 [7c431f9d-51bc-458b-a3a6-511ec217d887@group-21BA9BD4283D-LeaderElection539] INFO  impl.RoleInfo (RoleInfo.java:updateAndGet(143)) - 7c431f9d-51bc-458b-a3a6-511ec217d887: start FollowerState
2019-10-17 06:48:38,861 [Thread-4179] INFO  impl.FollowerState (FollowerState.java:run(108)) - 7c431f9d-51bc-458b-a3a6-511ec217d887@group-21BA9BD4283D-FollowerState: change to CANDIDATE, lastRpcTime:20ms, electionTimeout:20ms
2019-10-17 06:48:38,861 [Thread-4179] INFO  impl.RoleInfo (RoleInfo.java:shutdownFollowerState(121)) - 7c431f9d-51bc-458b-a3a6-511ec217d887: shutdown FollowerState
2019-10-17 06:48:38,861 [Thread-4179] INFO  impl.RaftServerImpl (RaftServerImpl.java:setRole(184)) - 7c431f9d-51bc-458b-a3a6-511ec217d887@group-21BA9BD4283D: changes role from  FOLLOWER to CANDIDATE at term 504 for changeToCandidate
2019-10-17 06:48:38,862 [Thread-4179] INFO  impl.RoleInfo (RoleInfo.java:updateAndGet(143)) - 7c431f9d-51bc-458b-a3a6-511ec217d887: start LeaderElection
2019-10-17 06:48:38,886 [7c431f9d-51bc-458b-a3a6-511ec217d887@group-21BA9BD4283D-LeaderElection540] INFO  impl.LeaderElection (LeaderElection.java:askForVotes(178)) - 7c431f9d-51bc-458b-a3a6-511ec217d887@group-21BA9BD4283D-LeaderElection540: begin an election at term 505 for -1: [67f35358-9777-4ff9-96f4-8a61bc3a94fe:192.168.34.62:37037, 7c431f9d-51bc-458b-a3a6-511ec217d887:192.168.34.62:40420, b9cfa588-8e56-4331-be2f-4c26f25c6739:192.168.34.62:34777], old=null
2019-10-17 06:48:38,887 [7c431f9d-51bc-458b-a3a6-511ec217d887@group-21BA9BD4283D-LeaderElection540] INFO  impl.LeaderElection (LogUtils.java:infoOrTrace(149)) - 7c431f9d-51bc-458b-a3a6-511ec217d887@group-21BA9BD4283D-LeaderElection540 got exception when requesting votes: {}
java.util.concurrent.ExecutionException: org.apache.ratis.thirdparty.io.grpc.StatusRuntimeException: UNAVAILABLE: io exception
	at java.util.concurrent.FutureTask.report(FutureTask.java:122)
	at java.util.concurrent.FutureTask.get(FutureTask.java:192)
	at org.apache.ratis.server.impl.LeaderElection.waitForResults(LeaderElection.java:259)
	at org.apache.ratis.server.impl.LeaderElection.askForVotes(LeaderElection.java:197)
	at org.apache.ratis.server.impl.LeaderElection.run(LeaderElection.java:133)
	at java.lang.Thread.run(Thread.java:748)
Caused by: org.apache.ratis.thirdparty.io.grpc.StatusRuntimeException: UNAVAILABLE: io exception
	at org.apache.ratis.thirdparty.io.grpc.stub.ClientCalls.toStatusRuntimeException(ClientCalls.java:233)
	at org.apache.ratis.thirdparty.io.grpc.stub.ClientCalls.getUnchecked(ClientCalls.java:214)
	at org.apache.ratis.thirdparty.io.grpc.stub.ClientCalls.blockingUnaryCall(ClientCalls.java:139)
	at org.apache.ratis.proto.grpc.RaftServerProtocolServiceGrpc$RaftServerProtocolServiceBlockingStub.requestVote(RaftServerProtocolServiceGrpc.java:265)
	at org.apache.ratis.grpc.server.GrpcServerProtocolClient.requestVote(GrpcServerProtocolClient.java:99)
	at org.apache.ratis.grpc.server.GrpcService.requestVote(GrpcService.java:204)
	at org.apache.ratis.server.impl.LeaderElection.lambda$submitRequests$1(LeaderElection.java:234)
	at java.util.concurrent.FutureTask.run(FutureTask.java:266)
	at java.util.concurrent.Executors$RunnableAdapter.call(Executors.java:511)
	at java.util.concurrent.FutureTask.run(FutureTask.java:266)
	at java.util.concurrent.ThreadPoolExecutor.runWorker(ThreadPoolExecutor.java:1149)
	at java.util.concurrent.ThreadPoolExecutor$Worker.run(ThreadPoolExecutor.java:624)
	... 1 more
Caused by: org.apache.ratis.thirdparty.io.netty.channel.AbstractChannel$AnnotatedConnectException: Connection refused: /192.168.34.62:37037
	at sun.nio.ch.SocketChannelImpl.checkConnect(Native Method)
	at sun.nio.ch.SocketChannelImpl.finishConnect(SocketChannelImpl.java:717)
	at org.apache.ratis.thirdparty.io.netty.channel.socket.nio.NioSocketChannel.doFinishConnect(NioSocketChannel.java:327)
	at org.apache.ratis.thirdparty.io.netty.channel.nio.AbstractNioChannel$AbstractNioUnsafe.finishConnect(AbstractNioChannel.java:340)
	at org.apache.ratis.thirdparty.io.netty.channel.nio.NioEventLoop.processSelectedKey(NioEventLoop.java:632)
	at org.apache.ratis.thirdparty.io.netty.channel.nio.NioEventLoop.processSelectedKeysOptimized(NioEventLoop.java:579)
	at org.apache.ratis.thirdparty.io.netty.channel.nio.NioEventLoop.processSelectedKeys(NioEventLoop.java:496)
	at org.apache.ratis.thirdparty.io.netty.channel.nio.NioEventLoop.run(NioEventLoop.java:458)
	at org.apache.ratis.thirdparty.io.netty.util.concurrent.SingleThreadEventExecutor$5.run(SingleThreadEventExecutor.java:897)
	at org.apache.ratis.thirdparty.io.netty.util.concurrent.FastThreadLocalRunnable.run(FastThreadLocalRunnable.java:30)
	... 1 more
Caused by: java.net.ConnectException: Connection refused
	... 11 more
2019-10-17 06:48:38,887 [7c431f9d-51bc-458b-a3a6-511ec217d887@group-21BA9BD4283D-LeaderElection540] INFO  impl.LeaderElection (LogUtils.java:infoOrTrace(149)) - 7c431f9d-51bc-458b-a3a6-511ec217d887@group-21BA9BD4283D-LeaderElection540 got exception when requesting votes: {}
java.util.concurrent.ExecutionException: org.apache.ratis.thirdparty.io.grpc.StatusRuntimeException: UNAVAILABLE: io exception
	at java.util.concurrent.FutureTask.report(FutureTask.java:122)
	at java.util.concurrent.FutureTask.get(FutureTask.java:192)
	at org.apache.ratis.server.impl.LeaderElection.waitForResults(LeaderElection.java:259)
	at org.apache.ratis.server.impl.LeaderElection.askForVotes(LeaderElection.java:197)
	at org.apache.ratis.server.impl.LeaderElection.run(LeaderElection.java:133)
	at java.lang.Thread.run(Thread.java:748)
Caused by: org.apache.ratis.thirdparty.io.grpc.StatusRuntimeException: UNAVAILABLE: io exception
	at org.apache.ratis.thirdparty.io.grpc.stub.ClientCalls.toStatusRuntimeException(ClientCalls.java:233)
	at org.apache.ratis.thirdparty.io.grpc.stub.ClientCalls.getUnchecked(ClientCalls.java:214)
	at org.apache.ratis.thirdparty.io.grpc.stub.ClientCalls.blockingUnaryCall(ClientCalls.java:139)
	at org.apache.ratis.proto.grpc.RaftServerProtocolServiceGrpc$RaftServerProtocolServiceBlockingStub.requestVote(RaftServerProtocolServiceGrpc.java:265)
	at org.apache.ratis.grpc.server.GrpcServerProtocolClient.requestVote(GrpcServerProtocolClient.java:99)
	at org.apache.ratis.grpc.server.GrpcService.requestVote(GrpcService.java:204)
	at org.apache.ratis.server.impl.LeaderElection.lambda$submitRequests$1(LeaderElection.java:234)
	at java.util.concurrent.FutureTask.run(FutureTask.java:266)
	at java.util.concurrent.Executors$RunnableAdapter.call(Executors.java:511)
	at java.util.concurrent.FutureTask.run(FutureTask.java:266)
	at java.util.concurrent.ThreadPoolExecutor.runWorker(ThreadPoolExecutor.java:1149)
	at java.util.concurrent.ThreadPoolExecutor$Worker.run(ThreadPoolExecutor.java:624)
	... 1 more
Caused by: org.apache.ratis.thirdparty.io.netty.channel.AbstractChannel$AnnotatedConnectException: Connection refused: /192.168.34.62:34777
	at sun.nio.ch.SocketChannelImpl.checkConnect(Native Method)
	at sun.nio.ch.SocketChannelImpl.finishConnect(SocketChannelImpl.java:717)
	at org.apache.ratis.thirdparty.io.netty.channel.socket.nio.NioSocketChannel.doFinishConnect(NioSocketChannel.java:327)
	at org.apache.ratis.thirdparty.io.netty.channel.nio.AbstractNioChannel$AbstractNioUnsafe.finishConnect(AbstractNioChannel.java:340)
	at org.apache.ratis.thirdparty.io.netty.channel.nio.NioEventLoop.processSelectedKey(NioEventLoop.java:632)
	at org.apache.ratis.thirdparty.io.netty.channel.nio.NioEventLoop.processSelectedKeysOptimized(NioEventLoop.java:579)
	at org.apache.ratis.thirdparty.io.netty.channel.nio.NioEventLoop.processSelectedKeys(NioEventLoop.java:496)
	at org.apache.ratis.thirdparty.io.netty.channel.nio.NioEventLoop.run(NioEventLoop.java:458)
	at org.apache.ratis.thirdparty.io.netty.util.concurrent.SingleThreadEventExecutor$5.run(SingleThreadEventExecutor.java:897)
	at org.apache.ratis.thirdparty.io.netty.util.concurrent.FastThreadLocalRunnable.run(FastThreadLocalRunnable.java:30)
	... 1 more
Caused by: java.net.ConnectException: Connection refused
	... 11 more
2019-10-17 06:48:38,888 [7c431f9d-51bc-458b-a3a6-511ec217d887@group-21BA9BD4283D-LeaderElection540] INFO  impl.LeaderElection (LeaderElection.java:logAndReturn(56)) - 7c431f9d-51bc-458b-a3a6-511ec217d887@group-21BA9BD4283D-LeaderElection540: Election REJECTED; received 0 response(s) [] and 2 exception(s); 7c431f9d-51bc-458b-a3a6-511ec217d887@group-21BA9BD4283D:t505, leader=null, voted=7c431f9d-51bc-458b-a3a6-511ec217d887, raftlog=7c431f9d-51bc-458b-a3a6-511ec217d887@group-21BA9BD4283D-SegmentedRaftLog:OPENED:c-1,f-1,i0, conf=-1: [67f35358-9777-4ff9-96f4-8a61bc3a94fe:192.168.34.62:37037, 7c431f9d-51bc-458b-a3a6-511ec217d887:192.168.34.62:40420, b9cfa588-8e56-4331-be2f-4c26f25c6739:192.168.34.62:34777], old=null
2019-10-17 06:48:38,888 [7c431f9d-51bc-458b-a3a6-511ec217d887@group-21BA9BD4283D-LeaderElection540] INFO  impl.LeaderElection (LogUtils.java:infoOrTrace(149)) -   Exception 0: {}
java.util.concurrent.ExecutionException: org.apache.ratis.thirdparty.io.grpc.StatusRuntimeException: UNAVAILABLE: io exception
	at java.util.concurrent.FutureTask.report(FutureTask.java:122)
	at java.util.concurrent.FutureTask.get(FutureTask.java:192)
	at org.apache.ratis.server.impl.LeaderElection.waitForResults(LeaderElection.java:259)
	at org.apache.ratis.server.impl.LeaderElection.askForVotes(LeaderElection.java:197)
	at org.apache.ratis.server.impl.LeaderElection.run(LeaderElection.java:133)
	at java.lang.Thread.run(Thread.java:748)
Caused by: org.apache.ratis.thirdparty.io.grpc.StatusRuntimeException: UNAVAILABLE: io exception
	at org.apache.ratis.thirdparty.io.grpc.stub.ClientCalls.toStatusRuntimeException(ClientCalls.java:233)
	at org.apache.ratis.thirdparty.io.grpc.stub.ClientCalls.getUnchecked(ClientCalls.java:214)
	at org.apache.ratis.thirdparty.io.grpc.stub.ClientCalls.blockingUnaryCall(ClientCalls.java:139)
	at org.apache.ratis.proto.grpc.RaftServerProtocolServiceGrpc$RaftServerProtocolServiceBlockingStub.requestVote(RaftServerProtocolServiceGrpc.java:265)
	at org.apache.ratis.grpc.server.GrpcServerProtocolClient.requestVote(GrpcServerProtocolClient.java:99)
	at org.apache.ratis.grpc.server.GrpcService.requestVote(GrpcService.java:204)
	at org.apache.ratis.server.impl.LeaderElection.lambda$submitRequests$1(LeaderElection.java:234)
	at java.util.concurrent.FutureTask.run(FutureTask.java:266)
	at java.util.concurrent.Executors$RunnableAdapter.call(Executors.java:511)
	at java.util.concurrent.FutureTask.run(FutureTask.java:266)
	at java.util.concurrent.ThreadPoolExecutor.runWorker(ThreadPoolExecutor.java:1149)
	at java.util.concurrent.ThreadPoolExecutor$Worker.run(ThreadPoolExecutor.java:624)
	... 1 more
Caused by: org.apache.ratis.thirdparty.io.netty.channel.AbstractChannel$AnnotatedConnectException: Connection refused: /192.168.34.62:37037
	at sun.nio.ch.SocketChannelImpl.checkConnect(Native Method)
	at sun.nio.ch.SocketChannelImpl.finishConnect(SocketChannelImpl.java:717)
	at org.apache.ratis.thirdparty.io.netty.channel.socket.nio.NioSocketChannel.doFinishConnect(NioSocketChannel.java:327)
	at org.apache.ratis.thirdparty.io.netty.channel.nio.AbstractNioChannel$AbstractNioUnsafe.finishConnect(AbstractNioChannel.java:340)
	at org.apache.ratis.thirdparty.io.netty.channel.nio.NioEventLoop.processSelectedKey(NioEventLoop.java:632)
	at org.apache.ratis.thirdparty.io.netty.channel.nio.NioEventLoop.processSelectedKeysOptimized(NioEventLoop.java:579)
	at org.apache.ratis.thirdparty.io.netty.channel.nio.NioEventLoop.processSelectedKeys(NioEventLoop.java:496)
	at org.apache.ratis.thirdparty.io.netty.channel.nio.NioEventLoop.run(NioEventLoop.java:458)
	at org.apache.ratis.thirdparty.io.netty.util.concurrent.SingleThreadEventExecutor$5.run(SingleThreadEventExecutor.java:897)
	at org.apache.ratis.thirdparty.io.netty.util.concurrent.FastThreadLocalRunnable.run(FastThreadLocalRunnable.java:30)
	... 1 more
Caused by: java.net.ConnectException: Connection refused
	... 11 more
2019-10-17 06:48:38,888 [7c431f9d-51bc-458b-a3a6-511ec217d887@group-21BA9BD4283D-LeaderElection540] INFO  impl.LeaderElection (LogUtils.java:infoOrTrace(149)) -   Exception 1: {}
java.util.concurrent.ExecutionException: org.apache.ratis.thirdparty.io.grpc.StatusRuntimeException: UNAVAILABLE: io exception
	at java.util.concurrent.FutureTask.report(FutureTask.java:122)
	at java.util.concurrent.FutureTask.get(FutureTask.java:192)
	at org.apache.ratis.server.impl.LeaderElection.waitForResults(LeaderElection.java:259)
	at org.apache.ratis.server.impl.LeaderElection.askForVotes(LeaderElection.java:197)
	at org.apache.ratis.server.impl.LeaderElection.run(LeaderElection.java:133)
	at java.lang.Thread.run(Thread.java:748)
Caused by: org.apache.ratis.thirdparty.io.grpc.StatusRuntimeException: UNAVAILABLE: io exception
	at org.apache.ratis.thirdparty.io.grpc.stub.ClientCalls.toStatusRuntimeException(ClientCalls.java:233)
	at org.apache.ratis.thirdparty.io.grpc.stub.ClientCalls.getUnchecked(ClientCalls.java:214)
	at org.apache.ratis.thirdparty.io.grpc.stub.ClientCalls.blockingUnaryCall(ClientCalls.java:139)
	at org.apache.ratis.proto.grpc.RaftServerProtocolServiceGrpc$RaftServerProtocolServiceBlockingStub.requestVote(RaftServerProtocolServiceGrpc.java:265)
	at org.apache.ratis.grpc.server.GrpcServerProtocolClient.requestVote(GrpcServerProtocolClient.java:99)
	at org.apache.ratis.grpc.server.GrpcService.requestVote(GrpcService.java:204)
	at org.apache.ratis.server.impl.LeaderElection.lambda$submitRequests$1(LeaderElection.java:234)
	at java.util.concurrent.FutureTask.run(FutureTask.java:266)
	at java.util.concurrent.Executors$RunnableAdapter.call(Executors.java:511)
	at java.util.concurrent.FutureTask.run(FutureTask.java:266)
	at java.util.concurrent.ThreadPoolExecutor.runWorker(ThreadPoolExecutor.java:1149)
	at java.util.concurrent.ThreadPoolExecutor$Worker.run(ThreadPoolExecutor.java:624)
	... 1 more
Caused by: org.apache.ratis.thirdparty.io.netty.channel.AbstractChannel$AnnotatedConnectException: Connection refused: /192.168.34.62:34777
	at sun.nio.ch.SocketChannelImpl.checkConnect(Native Method)
	at sun.nio.ch.SocketChannelImpl.finishConnect(SocketChannelImpl.java:717)
	at org.apache.ratis.thirdparty.io.netty.channel.socket.nio.NioSocketChannel.doFinishConnect(NioSocketChannel.java:327)
	at org.apache.ratis.thirdparty.io.netty.channel.nio.AbstractNioChannel$AbstractNioUnsafe.finishConnect(AbstractNioChannel.java:340)
	at org.apache.ratis.thirdparty.io.netty.channel.nio.NioEventLoop.processSelectedKey(NioEventLoop.java:632)
	at org.apache.ratis.thirdparty.io.netty.channel.nio.NioEventLoop.processSelectedKeysOptimized(NioEventLoop.java:579)
	at org.apache.ratis.thirdparty.io.netty.channel.nio.NioEventLoop.processSelectedKeys(NioEventLoop.java:496)
	at org.apache.ratis.thirdparty.io.netty.channel.nio.NioEventLoop.run(NioEventLoop.java:458)
	at org.apache.ratis.thirdparty.io.netty.util.concurrent.SingleThreadEventExecutor$5.run(SingleThreadEventExecutor.java:897)
	at org.apache.ratis.thirdparty.io.netty.util.concurrent.FastThreadLocalRunnable.run(FastThreadLocalRunnable.java:30)
	... 1 more
Caused by: java.net.ConnectException: Connection refused
	... 11 more
2019-10-17 06:48:38,889 [7c431f9d-51bc-458b-a3a6-511ec217d887@group-21BA9BD4283D-LeaderElection540] INFO  impl.RaftServerImpl (RaftServerImpl.java:setRole(184)) - 7c431f9d-51bc-458b-a3a6-511ec217d887@group-21BA9BD4283D: changes role from CANDIDATE to FOLLOWER at term 505 for DISCOVERED_A_NEW_TERM
2019-10-17 06:48:38,889 [7c431f9d-51bc-458b-a3a6-511ec217d887@group-21BA9BD4283D-LeaderElection540] INFO  impl.RoleInfo (RoleInfo.java:shutdownLeaderElection(134)) - 7c431f9d-51bc-458b-a3a6-511ec217d887: shutdown LeaderElection
2019-10-17 06:48:38,889 [7c431f9d-51bc-458b-a3a6-511ec217d887@group-21BA9BD4283D-LeaderElection540] INFO  impl.RoleInfo (RoleInfo.java:updateAndGet(143)) - 7c431f9d-51bc-458b-a3a6-511ec217d887: start FollowerState
2019-10-17 06:48:38,946 [Thread-4183] INFO  impl.FollowerState (FollowerState.java:run(108)) - 7c431f9d-51bc-458b-a3a6-511ec217d887@group-21BA9BD4283D-FollowerState: change to CANDIDATE, lastRpcTime:56ms, electionTimeout:56ms
2019-10-17 06:48:38,946 [Thread-4183] INFO  impl.RoleInfo (RoleInfo.java:shutdownFollowerState(121)) - 7c431f9d-51bc-458b-a3a6-511ec217d887: shutdown FollowerState
2019-10-17 06:48:38,946 [Thread-4183] INFO  impl.RaftServerImpl (RaftServerImpl.java:setRole(184)) - 7c431f9d-51bc-458b-a3a6-511ec217d887@group-21BA9BD4283D: changes role from  FOLLOWER to CANDIDATE at term 505 for changeToCandidate
2019-10-17 06:48:38,946 [Thread-4183] INFO  impl.RoleInfo (RoleInfo.java:updateAndGet(143)) - 7c431f9d-51bc-458b-a3a6-511ec217d887: start LeaderElection
2019-10-17 06:48:38,971 [7c431f9d-51bc-458b-a3a6-511ec217d887@group-21BA9BD4283D-LeaderElection541] INFO  impl.LeaderElection (LeaderElection.java:askForVotes(178)) - 7c431f9d-51bc-458b-a3a6-511ec217d887@group-21BA9BD4283D-LeaderElection541: begin an election at term 506 for -1: [67f35358-9777-4ff9-96f4-8a61bc3a94fe:192.168.34.62:37037, 7c431f9d-51bc-458b-a3a6-511ec217d887:192.168.34.62:40420, b9cfa588-8e56-4331-be2f-4c26f25c6739:192.168.34.62:34777], old=null
2019-10-17 06:48:38,972 [7c431f9d-51bc-458b-a3a6-511ec217d887@group-21BA9BD4283D-LeaderElection541] INFO  impl.LeaderElection (LogUtils.java:infoOrTrace(149)) - 7c431f9d-51bc-458b-a3a6-511ec217d887@group-21BA9BD4283D-LeaderElection541 got exception when requesting votes: {}
java.util.concurrent.ExecutionException: org.apache.ratis.thirdparty.io.grpc.StatusRuntimeException: UNAVAILABLE: io exception
	at java.util.concurrent.FutureTask.report(FutureTask.java:122)
	at java.util.concurrent.FutureTask.get(FutureTask.java:192)
	at org.apache.ratis.server.impl.LeaderElection.waitForResults(LeaderElection.java:259)
	at org.apache.ratis.server.impl.LeaderElection.askForVotes(LeaderElection.java:197)
	at org.apache.ratis.server.impl.LeaderElection.run(LeaderElection.java:133)
	at java.lang.Thread.run(Thread.java:748)
Caused by: org.apache.ratis.thirdparty.io.grpc.StatusRuntimeException: UNAVAILABLE: io exception
	at org.apache.ratis.thirdparty.io.grpc.stub.ClientCalls.toStatusRuntimeException(ClientCalls.java:233)
	at org.apache.ratis.thirdparty.io.grpc.stub.ClientCalls.getUnchecked(ClientCalls.java:214)
	at org.apache.ratis.thirdparty.io.grpc.stub.ClientCalls.blockingUnaryCall(ClientCalls.java:139)
	at org.apache.ratis.proto.grpc.RaftServerProtocolServiceGrpc$RaftServerProtocolServiceBlockingStub.requestVote(RaftServerProtocolServiceGrpc.java:265)
	at org.apache.ratis.grpc.server.GrpcServerProtocolClient.requestVote(GrpcServerProtocolClient.java:99)
	at org.apache.ratis.grpc.server.GrpcService.requestVote(GrpcService.java:204)
	at org.apache.ratis.server.impl.LeaderElection.lambda$submitRequests$1(LeaderElection.java:234)
	at java.util.concurrent.FutureTask.run(FutureTask.java:266)
	at java.util.concurrent.Executors$RunnableAdapter.call(Executors.java:511)
	at java.util.concurrent.FutureTask.run(FutureTask.java:266)
	at java.util.concurrent.ThreadPoolExecutor.runWorker(ThreadPoolExecutor.java:1149)
	at java.util.concurrent.ThreadPoolExecutor$Worker.run(ThreadPoolExecutor.java:624)
	... 1 more
Caused by: org.apache.ratis.thirdparty.io.netty.channel.AbstractChannel$AnnotatedConnectException: Connection refused: /192.168.34.62:37037
	at sun.nio.ch.SocketChannelImpl.checkConnect(Native Method)
	at sun.nio.ch.SocketChannelImpl.finishConnect(SocketChannelImpl.java:717)
	at org.apache.ratis.thirdparty.io.netty.channel.socket.nio.NioSocketChannel.doFinishConnect(NioSocketChannel.java:327)
	at org.apache.ratis.thirdparty.io.netty.channel.nio.AbstractNioChannel$AbstractNioUnsafe.finishConnect(AbstractNioChannel.java:340)
	at org.apache.ratis.thirdparty.io.netty.channel.nio.NioEventLoop.processSelectedKey(NioEventLoop.java:632)
	at org.apache.ratis.thirdparty.io.netty.channel.nio.NioEventLoop.processSelectedKeysOptimized(NioEventLoop.java:579)
	at org.apache.ratis.thirdparty.io.netty.channel.nio.NioEventLoop.processSelectedKeys(NioEventLoop.java:496)
	at org.apache.ratis.thirdparty.io.netty.channel.nio.NioEventLoop.run(NioEventLoop.java:458)
	at org.apache.ratis.thirdparty.io.netty.util.concurrent.SingleThreadEventExecutor$5.run(SingleThreadEventExecutor.java:897)
	at org.apache.ratis.thirdparty.io.netty.util.concurrent.FastThreadLocalRunnable.run(FastThreadLocalRunnable.java:30)
	... 1 more
Caused by: java.net.ConnectException: Connection refused
	... 11 more
2019-10-17 06:48:38,972 [7c431f9d-51bc-458b-a3a6-511ec217d887@group-21BA9BD4283D-LeaderElection541] INFO  impl.LeaderElection (LogUtils.java:infoOrTrace(149)) - 7c431f9d-51bc-458b-a3a6-511ec217d887@group-21BA9BD4283D-LeaderElection541 got exception when requesting votes: {}
java.util.concurrent.ExecutionException: org.apache.ratis.thirdparty.io.grpc.StatusRuntimeException: UNAVAILABLE: io exception
	at java.util.concurrent.FutureTask.report(FutureTask.java:122)
	at java.util.concurrent.FutureTask.get(FutureTask.java:192)
	at org.apache.ratis.server.impl.LeaderElection.waitForResults(LeaderElection.java:259)
	at org.apache.ratis.server.impl.LeaderElection.askForVotes(LeaderElection.java:197)
	at org.apache.ratis.server.impl.LeaderElection.run(LeaderElection.java:133)
	at java.lang.Thread.run(Thread.java:748)
Caused by: org.apache.ratis.thirdparty.io.grpc.StatusRuntimeException: UNAVAILABLE: io exception
	at org.apache.ratis.thirdparty.io.grpc.stub.ClientCalls.toStatusRuntimeException(ClientCalls.java:233)
	at org.apache.ratis.thirdparty.io.grpc.stub.ClientCalls.getUnchecked(ClientCalls.java:214)
	at org.apache.ratis.thirdparty.io.grpc.stub.ClientCalls.blockingUnaryCall(ClientCalls.java:139)
	at org.apache.ratis.proto.grpc.RaftServerProtocolServiceGrpc$RaftServerProtocolServiceBlockingStub.requestVote(RaftServerProtocolServiceGrpc.java:265)
	at org.apache.ratis.grpc.server.GrpcServerProtocolClient.requestVote(GrpcServerProtocolClient.java:99)
	at org.apache.ratis.grpc.server.GrpcService.requestVote(GrpcService.java:204)
	at org.apache.ratis.server.impl.LeaderElection.lambda$submitRequests$1(LeaderElection.java:234)
	at java.util.concurrent.FutureTask.run(FutureTask.java:266)
	at java.util.concurrent.Executors$RunnableAdapter.call(Executors.java:511)
	at java.util.concurrent.FutureTask.run(FutureTask.java:266)
	at java.util.concurrent.ThreadPoolExecutor.runWorker(ThreadPoolExecutor.java:1149)
	at java.util.concurrent.ThreadPoolExecutor$Worker.run(ThreadPoolExecutor.java:624)
	... 1 more
Caused by: org.apache.ratis.thirdparty.io.netty.channel.AbstractChannel$AnnotatedConnectException: Connection refused: /192.168.34.62:34777
	at sun.nio.ch.SocketChannelImpl.checkConnect(Native Method)
	at sun.nio.ch.SocketChannelImpl.finishConnect(SocketChannelImpl.java:717)
	at org.apache.ratis.thirdparty.io.netty.channel.socket.nio.NioSocketChannel.doFinishConnect(NioSocketChannel.java:327)
	at org.apache.ratis.thirdparty.io.netty.channel.nio.AbstractNioChannel$AbstractNioUnsafe.finishConnect(AbstractNioChannel.java:340)
	at org.apache.ratis.thirdparty.io.netty.channel.nio.NioEventLoop.processSelectedKey(NioEventLoop.java:632)
	at org.apache.ratis.thirdparty.io.netty.channel.nio.NioEventLoop.processSelectedKeysOptimized(NioEventLoop.java:579)
	at org.apache.ratis.thirdparty.io.netty.channel.nio.NioEventLoop.processSelectedKeys(NioEventLoop.java:496)
	at org.apache.ratis.thirdparty.io.netty.channel.nio.NioEventLoop.run(NioEventLoop.java:458)
	at org.apache.ratis.thirdparty.io.netty.util.concurrent.SingleThreadEventExecutor$5.run(SingleThreadEventExecutor.java:897)
	at org.apache.ratis.thirdparty.io.netty.util.concurrent.FastThreadLocalRunnable.run(FastThreadLocalRunnable.java:30)
	... 1 more
Caused by: java.net.ConnectException: Connection refused
	... 11 more
2019-10-17 06:48:38,972 [7c431f9d-51bc-458b-a3a6-511ec217d887@group-21BA9BD4283D-LeaderElection541] INFO  impl.LeaderElection (LeaderElection.java:logAndReturn(56)) - 7c431f9d-51bc-458b-a3a6-511ec217d887@group-21BA9BD4283D-LeaderElection541: Election REJECTED; received 0 response(s) [] and 2 exception(s); 7c431f9d-51bc-458b-a3a6-511ec217d887@group-21BA9BD4283D:t506, leader=null, voted=7c431f9d-51bc-458b-a3a6-511ec217d887, raftlog=7c431f9d-51bc-458b-a3a6-511ec217d887@group-21BA9BD4283D-SegmentedRaftLog:OPENED:c-1,f-1,i0, conf=-1: [67f35358-9777-4ff9-96f4-8a61bc3a94fe:192.168.34.62:37037, 7c431f9d-51bc-458b-a3a6-511ec217d887:192.168.34.62:40420, b9cfa588-8e56-4331-be2f-4c26f25c6739:192.168.34.62:34777], old=null
2019-10-17 06:48:38,972 [7c431f9d-51bc-458b-a3a6-511ec217d887@group-21BA9BD4283D-LeaderElection541] INFO  impl.LeaderElection (LogUtils.java:infoOrTrace(149)) -   Exception 0: {}
java.util.concurrent.ExecutionException: org.apache.ratis.thirdparty.io.grpc.StatusRuntimeException: UNAVAILABLE: io exception
	at java.util.concurrent.FutureTask.report(FutureTask.java:122)
	at java.util.concurrent.FutureTask.get(FutureTask.java:192)
	at org.apache.ratis.server.impl.LeaderElection.waitForResults(LeaderElection.java:259)
	at org.apache.ratis.server.impl.LeaderElection.askForVotes(LeaderElection.java:197)
	at org.apache.ratis.server.impl.LeaderElection.run(LeaderElection.java:133)
	at java.lang.Thread.run(Thread.java:748)
Caused by: org.apache.ratis.thirdparty.io.grpc.StatusRuntimeException: UNAVAILABLE: io exception
	at org.apache.ratis.thirdparty.io.grpc.stub.ClientCalls.toStatusRuntimeException(ClientCalls.java:233)
	at org.apache.ratis.thirdparty.io.grpc.stub.ClientCalls.getUnchecked(ClientCalls.java:214)
	at org.apache.ratis.thirdparty.io.grpc.stub.ClientCalls.blockingUnaryCall(ClientCalls.java:139)
	at org.apache.ratis.proto.grpc.RaftServerProtocolServiceGrpc$RaftServerProtocolServiceBlockingStub.requestVote(RaftServerProtocolServiceGrpc.java:265)
	at org.apache.ratis.grpc.server.GrpcServerProtocolClient.requestVote(GrpcServerProtocolClient.java:99)
	at org.apache.ratis.grpc.server.GrpcService.requestVote(GrpcService.java:204)
	at org.apache.ratis.server.impl.LeaderElection.lambda$submitRequests$1(LeaderElection.java:234)
	at java.util.concurrent.FutureTask.run(FutureTask.java:266)
	at java.util.concurrent.Executors$RunnableAdapter.call(Executors.java:511)
	at java.util.concurrent.FutureTask.run(FutureTask.java:266)
	at java.util.concurrent.ThreadPoolExecutor.runWorker(ThreadPoolExecutor.java:1149)
	at java.util.concurrent.ThreadPoolExecutor$Worker.run(ThreadPoolExecutor.java:624)
	... 1 more
Caused by: org.apache.ratis.thirdparty.io.netty.channel.AbstractChannel$AnnotatedConnectException: Connection refused: /192.168.34.62:37037
	at sun.nio.ch.SocketChannelImpl.checkConnect(Native Method)
	at sun.nio.ch.SocketChannelImpl.finishConnect(SocketChannelImpl.java:717)
	at org.apache.ratis.thirdparty.io.netty.channel.socket.nio.NioSocketChannel.doFinishConnect(NioSocketChannel.java:327)
	at org.apache.ratis.thirdparty.io.netty.channel.nio.AbstractNioChannel$AbstractNioUnsafe.finishConnect(AbstractNioChannel.java:340)
	at org.apache.ratis.thirdparty.io.netty.channel.nio.NioEventLoop.processSelectedKey(NioEventLoop.java:632)
	at org.apache.ratis.thirdparty.io.netty.channel.nio.NioEventLoop.processSelectedKeysOptimized(NioEventLoop.java:579)
	at org.apache.ratis.thirdparty.io.netty.channel.nio.NioEventLoop.processSelectedKeys(NioEventLoop.java:496)
	at org.apache.ratis.thirdparty.io.netty.channel.nio.NioEventLoop.run(NioEventLoop.java:458)
	at org.apache.ratis.thirdparty.io.netty.util.concurrent.SingleThreadEventExecutor$5.run(SingleThreadEventExecutor.java:897)
	at org.apache.ratis.thirdparty.io.netty.util.concurrent.FastThreadLocalRunnable.run(FastThreadLocalRunnable.java:30)
	... 1 more
Caused by: java.net.ConnectException: Connection refused
	... 11 more
2019-10-17 06:48:38,973 [7c431f9d-51bc-458b-a3a6-511ec217d887@group-21BA9BD4283D-LeaderElection541] INFO  impl.LeaderElection (LogUtils.java:infoOrTrace(149)) -   Exception 1: {}
java.util.concurrent.ExecutionException: org.apache.ratis.thirdparty.io.grpc.StatusRuntimeException: UNAVAILABLE: io exception
	at java.util.concurrent.FutureTask.report(FutureTask.java:122)
	at java.util.concurrent.FutureTask.get(FutureTask.java:192)
	at org.apache.ratis.server.impl.LeaderElection.waitForResults(LeaderElection.java:259)
	at org.apache.ratis.server.impl.LeaderElection.askForVotes(LeaderElection.java:197)
	at org.apache.ratis.server.impl.LeaderElection.run(LeaderElection.java:133)
	at java.lang.Thread.run(Thread.java:748)
Caused by: org.apache.ratis.thirdparty.io.grpc.StatusRuntimeException: UNAVAILABLE: io exception
	at org.apache.ratis.thirdparty.io.grpc.stub.ClientCalls.toStatusRuntimeException(ClientCalls.java:233)
	at org.apache.ratis.thirdparty.io.grpc.stub.ClientCalls.getUnchecked(ClientCalls.java:214)
	at org.apache.ratis.thirdparty.io.grpc.stub.ClientCalls.blockingUnaryCall(ClientCalls.java:139)
	at org.apache.ratis.proto.grpc.RaftServerProtocolServiceGrpc$RaftServerProtocolServiceBlockingStub.requestVote(RaftServerProtocolServiceGrpc.java:265)
	at org.apache.ratis.grpc.server.GrpcServerProtocolClient.requestVote(GrpcServerProtocolClient.java:99)
	at org.apache.ratis.grpc.server.GrpcService.requestVote(GrpcService.java:204)
	at org.apache.ratis.server.impl.LeaderElection.lambda$submitRequests$1(LeaderElection.java:234)
	at java.util.concurrent.FutureTask.run(FutureTask.java:266)
	at java.util.concurrent.Executors$RunnableAdapter.call(Executors.java:511)
	at java.util.concurrent.FutureTask.run(FutureTask.java:266)
	at java.util.concurrent.ThreadPoolExecutor.runWorker(ThreadPoolExecutor.java:1149)
	at java.util.concurrent.ThreadPoolExecutor$Worker.run(ThreadPoolExecutor.java:624)
	... 1 more
Caused by: org.apache.ratis.thirdparty.io.netty.channel.AbstractChannel$AnnotatedConnectException: Connection refused: /192.168.34.62:34777
	at sun.nio.ch.SocketChannelImpl.checkConnect(Native Method)
	at sun.nio.ch.SocketChannelImpl.finishConnect(SocketChannelImpl.java:717)
	at org.apache.ratis.thirdparty.io.netty.channel.socket.nio.NioSocketChannel.doFinishConnect(NioSocketChannel.java:327)
	at org.apache.ratis.thirdparty.io.netty.channel.nio.AbstractNioChannel$AbstractNioUnsafe.finishConnect(AbstractNioChannel.java:340)
	at org.apache.ratis.thirdparty.io.netty.channel.nio.NioEventLoop.processSelectedKey(NioEventLoop.java:632)
	at org.apache.ratis.thirdparty.io.netty.channel.nio.NioEventLoop.processSelectedKeysOptimized(NioEventLoop.java:579)
	at org.apache.ratis.thirdparty.io.netty.channel.nio.NioEventLoop.processSelectedKeys(NioEventLoop.java:496)
	at org.apache.ratis.thirdparty.io.netty.channel.nio.NioEventLoop.run(NioEventLoop.java:458)
	at org.apache.ratis.thirdparty.io.netty.util.concurrent.SingleThreadEventExecutor$5.run(SingleThreadEventExecutor.java:897)
	at org.apache.ratis.thirdparty.io.netty.util.concurrent.FastThreadLocalRunnable.run(FastThreadLocalRunnable.java:30)
	... 1 more
Caused by: java.net.ConnectException: Connection refused
	... 11 more
2019-10-17 06:48:38,973 [7c431f9d-51bc-458b-a3a6-511ec217d887@group-21BA9BD4283D-LeaderElection541] INFO  impl.RaftServerImpl (RaftServerImpl.java:setRole(184)) - 7c431f9d-51bc-458b-a3a6-511ec217d887@group-21BA9BD4283D: changes role from CANDIDATE to FOLLOWER at term 506 for DISCOVERED_A_NEW_TERM
2019-10-17 06:48:38,973 [7c431f9d-51bc-458b-a3a6-511ec217d887@group-21BA9BD4283D-LeaderElection541] INFO  impl.RoleInfo (RoleInfo.java:shutdownLeaderElection(134)) - 7c431f9d-51bc-458b-a3a6-511ec217d887: shutdown LeaderElection
2019-10-17 06:48:38,973 [7c431f9d-51bc-458b-a3a6-511ec217d887@group-21BA9BD4283D-LeaderElection541] INFO  impl.RoleInfo (RoleInfo.java:updateAndGet(143)) - 7c431f9d-51bc-458b-a3a6-511ec217d887: start FollowerState
2019-10-17 06:48:39,016 [Thread-4187] INFO  impl.FollowerState (FollowerState.java:run(108)) - 7c431f9d-51bc-458b-a3a6-511ec217d887@group-21BA9BD4283D-FollowerState: change to CANDIDATE, lastRpcTime:43ms, electionTimeout:43ms
2019-10-17 06:48:39,016 [Thread-4187] INFO  impl.RoleInfo (RoleInfo.java:shutdownFollowerState(121)) - 7c431f9d-51bc-458b-a3a6-511ec217d887: shutdown FollowerState
2019-10-17 06:48:39,017 [Thread-4187] INFO  impl.RaftServerImpl (RaftServerImpl.java:setRole(184)) - 7c431f9d-51bc-458b-a3a6-511ec217d887@group-21BA9BD4283D: changes role from  FOLLOWER to CANDIDATE at term 506 for changeToCandidate
2019-10-17 06:48:39,017 [Thread-4187] INFO  impl.RoleInfo (RoleInfo.java:updateAndGet(143)) - 7c431f9d-51bc-458b-a3a6-511ec217d887: start LeaderElection
2019-10-17 06:48:39,027 [7c431f9d-51bc-458b-a3a6-511ec217d887@group-21BA9BD4283D-LeaderElection542] INFO  impl.LeaderElection (LeaderElection.java:askForVotes(178)) - 7c431f9d-51bc-458b-a3a6-511ec217d887@group-21BA9BD4283D-LeaderElection542: begin an election at term 507 for -1: [67f35358-9777-4ff9-96f4-8a61bc3a94fe:192.168.34.62:37037, 7c431f9d-51bc-458b-a3a6-511ec217d887:192.168.34.62:40420, b9cfa588-8e56-4331-be2f-4c26f25c6739:192.168.34.62:34777], old=null
2019-10-17 06:48:39,028 [7c431f9d-51bc-458b-a3a6-511ec217d887@group-21BA9BD4283D-LeaderElection542] INFO  impl.LeaderElection (LogUtils.java:infoOrTrace(149)) - 7c431f9d-51bc-458b-a3a6-511ec217d887@group-21BA9BD4283D-LeaderElection542 got exception when requesting votes: {}
java.util.concurrent.ExecutionException: org.apache.ratis.thirdparty.io.grpc.StatusRuntimeException: UNAVAILABLE: io exception
	at java.util.concurrent.FutureTask.report(FutureTask.java:122)
	at java.util.concurrent.FutureTask.get(FutureTask.java:192)
	at org.apache.ratis.server.impl.LeaderElection.waitForResults(LeaderElection.java:259)
	at org.apache.ratis.server.impl.LeaderElection.askForVotes(LeaderElection.java:197)
	at org.apache.ratis.server.impl.LeaderElection.run(LeaderElection.java:133)
	at java.lang.Thread.run(Thread.java:748)
Caused by: org.apache.ratis.thirdparty.io.grpc.StatusRuntimeException: UNAVAILABLE: io exception
	at org.apache.ratis.thirdparty.io.grpc.stub.ClientCalls.toStatusRuntimeException(ClientCalls.java:233)
	at org.apache.ratis.thirdparty.io.grpc.stub.ClientCalls.getUnchecked(ClientCalls.java:214)
	at org.apache.ratis.thirdparty.io.grpc.stub.ClientCalls.blockingUnaryCall(ClientCalls.java:139)
	at org.apache.ratis.proto.grpc.RaftServerProtocolServiceGrpc$RaftServerProtocolServiceBlockingStub.requestVote(RaftServerProtocolServiceGrpc.java:265)
	at org.apache.ratis.grpc.server.GrpcServerProtocolClient.requestVote(GrpcServerProtocolClient.java:99)
	at org.apache.ratis.grpc.server.GrpcService.requestVote(GrpcService.java:204)
	at org.apache.ratis.server.impl.LeaderElection.lambda$submitRequests$1(LeaderElection.java:234)
	at java.util.concurrent.FutureTask.run(FutureTask.java:266)
	at java.util.concurrent.Executors$RunnableAdapter.call(Executors.java:511)
	at java.util.concurrent.FutureTask.run(FutureTask.java:266)
	at java.util.concurrent.ThreadPoolExecutor.runWorker(ThreadPoolExecutor.java:1149)
	at java.util.concurrent.ThreadPoolExecutor$Worker.run(ThreadPoolExecutor.java:624)
	... 1 more
Caused by: org.apache.ratis.thirdparty.io.netty.channel.AbstractChannel$AnnotatedConnectException: Connection refused: /192.168.34.62:37037
	at sun.nio.ch.SocketChannelImpl.checkConnect(Native Method)
	at sun.nio.ch.SocketChannelImpl.finishConnect(SocketChannelImpl.java:717)
	at org.apache.ratis.thirdparty.io.netty.channel.socket.nio.NioSocketChannel.doFinishConnect(NioSocketChannel.java:327)
	at org.apache.ratis.thirdparty.io.netty.channel.nio.AbstractNioChannel$AbstractNioUnsafe.finishConnect(AbstractNioChannel.java:340)
	at org.apache.ratis.thirdparty.io.netty.channel.nio.NioEventLoop.processSelectedKey(NioEventLoop.java:632)
	at org.apache.ratis.thirdparty.io.netty.channel.nio.NioEventLoop.processSelectedKeysOptimized(NioEventLoop.java:579)
	at org.apache.ratis.thirdparty.io.netty.channel.nio.NioEventLoop.processSelectedKeys(NioEventLoop.java:496)
	at org.apache.ratis.thirdparty.io.netty.channel.nio.NioEventLoop.run(NioEventLoop.java:458)
	at org.apache.ratis.thirdparty.io.netty.util.concurrent.SingleThreadEventExecutor$5.run(SingleThreadEventExecutor.java:897)
	at org.apache.ratis.thirdparty.io.netty.util.concurrent.FastThreadLocalRunnable.run(FastThreadLocalRunnable.java:30)
	... 1 more
Caused by: java.net.ConnectException: Connection refused
	... 11 more
2019-10-17 06:48:39,029 [7c431f9d-51bc-458b-a3a6-511ec217d887@group-21BA9BD4283D-LeaderElection542] INFO  impl.LeaderElection (LogUtils.java:infoOrTrace(149)) - 7c431f9d-51bc-458b-a3a6-511ec217d887@group-21BA9BD4283D-LeaderElection542 got exception when requesting votes: {}
java.util.concurrent.ExecutionException: org.apache.ratis.thirdparty.io.grpc.StatusRuntimeException: UNAVAILABLE: io exception
	at java.util.concurrent.FutureTask.report(FutureTask.java:122)
	at java.util.concurrent.FutureTask.get(FutureTask.java:192)
	at org.apache.ratis.server.impl.LeaderElection.waitForResults(LeaderElection.java:259)
	at org.apache.ratis.server.impl.LeaderElection.askForVotes(LeaderElection.java:197)
	at org.apache.ratis.server.impl.LeaderElection.run(LeaderElection.java:133)
	at java.lang.Thread.run(Thread.java:748)
Caused by: org.apache.ratis.thirdparty.io.grpc.StatusRuntimeException: UNAVAILABLE: io exception
	at org.apache.ratis.thirdparty.io.grpc.stub.ClientCalls.toStatusRuntimeException(ClientCalls.java:233)
	at org.apache.ratis.thirdparty.io.grpc.stub.ClientCalls.getUnchecked(ClientCalls.java:214)
	at org.apache.ratis.thirdparty.io.grpc.stub.ClientCalls.blockingUnaryCall(ClientCalls.java:139)
	at org.apache.ratis.proto.grpc.RaftServerProtocolServiceGrpc$RaftServerProtocolServiceBlockingStub.requestVote(RaftServerProtocolServiceGrpc.java:265)
	at org.apache.ratis.grpc.server.GrpcServerProtocolClient.requestVote(GrpcServerProtocolClient.java:99)
	at org.apache.ratis.grpc.server.GrpcService.requestVote(GrpcService.java:204)
	at org.apache.ratis.server.impl.LeaderElection.lambda$submitRequests$1(LeaderElection.java:234)
	at java.util.concurrent.FutureTask.run(FutureTask.java:266)
	at java.util.concurrent.Executors$RunnableAdapter.call(Executors.java:511)
	at java.util.concurrent.FutureTask.run(FutureTask.java:266)
	at java.util.concurrent.ThreadPoolExecutor.runWorker(ThreadPoolExecutor.java:1149)
	at java.util.concurrent.ThreadPoolExecutor$Worker.run(ThreadPoolExecutor.java:624)
	... 1 more
Caused by: org.apache.ratis.thirdparty.io.netty.channel.AbstractChannel$AnnotatedConnectException: Connection refused: /192.168.34.62:34777
	at sun.nio.ch.SocketChannelImpl.checkConnect(Native Method)
	at sun.nio.ch.SocketChannelImpl.finishConnect(SocketChannelImpl.java:717)
	at org.apache.ratis.thirdparty.io.netty.channel.socket.nio.NioSocketChannel.doFinishConnect(NioSocketChannel.java:327)
	at org.apache.ratis.thirdparty.io.netty.channel.nio.AbstractNioChannel$AbstractNioUnsafe.finishConnect(AbstractNioChannel.java:340)
	at org.apache.ratis.thirdparty.io.netty.channel.nio.NioEventLoop.processSelectedKey(NioEventLoop.java:632)
	at org.apache.ratis.thirdparty.io.netty.channel.nio.NioEventLoop.processSelectedKeysOptimized(NioEventLoop.java:579)
	at org.apache.ratis.thirdparty.io.netty.channel.nio.NioEventLoop.processSelectedKeys(NioEventLoop.java:496)
	at org.apache.ratis.thirdparty.io.netty.channel.nio.NioEventLoop.run(NioEventLoop.java:458)
	at org.apache.ratis.thirdparty.io.netty.util.concurrent.SingleThreadEventExecutor$5.run(SingleThreadEventExecutor.java:897)
	at org.apache.ratis.thirdparty.io.netty.util.concurrent.FastThreadLocalRunnable.run(FastThreadLocalRunnable.java:30)
	... 1 more
Caused by: java.net.ConnectException: Connection refused
	... 11 more
2019-10-17 06:48:39,029 [7c431f9d-51bc-458b-a3a6-511ec217d887@group-21BA9BD4283D-LeaderElection542] INFO  impl.LeaderElection (LeaderElection.java:logAndReturn(56)) - 7c431f9d-51bc-458b-a3a6-511ec217d887@group-21BA9BD4283D-LeaderElection542: Election REJECTED; received 0 response(s) [] and 2 exception(s); 7c431f9d-51bc-458b-a3a6-511ec217d887@group-21BA9BD4283D:t507, leader=null, voted=7c431f9d-51bc-458b-a3a6-511ec217d887, raftlog=7c431f9d-51bc-458b-a3a6-511ec217d887@group-21BA9BD4283D-SegmentedRaftLog:OPENED:c-1,f-1,i0, conf=-1: [67f35358-9777-4ff9-96f4-8a61bc3a94fe:192.168.34.62:37037, 7c431f9d-51bc-458b-a3a6-511ec217d887:192.168.34.62:40420, b9cfa588-8e56-4331-be2f-4c26f25c6739:192.168.34.62:34777], old=null
2019-10-17 06:48:39,029 [7c431f9d-51bc-458b-a3a6-511ec217d887@group-21BA9BD4283D-LeaderElection542] INFO  impl.LeaderElection (LogUtils.java:infoOrTrace(149)) -   Exception 0: {}
java.util.concurrent.ExecutionException: org.apache.ratis.thirdparty.io.grpc.StatusRuntimeException: UNAVAILABLE: io exception
	at java.util.concurrent.FutureTask.report(FutureTask.java:122)
	at java.util.concurrent.FutureTask.get(FutureTask.java:192)
	at org.apache.ratis.server.impl.LeaderElection.waitForResults(LeaderElection.java:259)
	at org.apache.ratis.server.impl.LeaderElection.askForVotes(LeaderElection.java:197)
	at org.apache.ratis.server.impl.LeaderElection.run(LeaderElection.java:133)
	at java.lang.Thread.run(Thread.java:748)
Caused by: org.apache.ratis.thirdparty.io.grpc.StatusRuntimeException: UNAVAILABLE: io exception
	at org.apache.ratis.thirdparty.io.grpc.stub.ClientCalls.toStatusRuntimeException(ClientCalls.java:233)
	at org.apache.ratis.thirdparty.io.grpc.stub.ClientCalls.getUnchecked(ClientCalls.java:214)
	at org.apache.ratis.thirdparty.io.grpc.stub.ClientCalls.blockingUnaryCall(ClientCalls.java:139)
	at org.apache.ratis.proto.grpc.RaftServerProtocolServiceGrpc$RaftServerProtocolServiceBlockingStub.requestVote(RaftServerProtocolServiceGrpc.java:265)
	at org.apache.ratis.grpc.server.GrpcServerProtocolClient.requestVote(GrpcServerProtocolClient.java:99)
	at org.apache.ratis.grpc.server.GrpcService.requestVote(GrpcService.java:204)
	at org.apache.ratis.server.impl.LeaderElection.lambda$submitRequests$1(LeaderElection.java:234)
	at java.util.concurrent.FutureTask.run(FutureTask.java:266)
	at java.util.concurrent.Executors$RunnableAdapter.call(Executors.java:511)
	at java.util.concurrent.FutureTask.run(FutureTask.java:266)
	at java.util.concurrent.ThreadPoolExecutor.runWorker(ThreadPoolExecutor.java:1149)
	at java.util.concurrent.ThreadPoolExecutor$Worker.run(ThreadPoolExecutor.java:624)
	... 1 more
Caused by: org.apache.ratis.thirdparty.io.netty.channel.AbstractChannel$AnnotatedConnectException: Connection refused: /192.168.34.62:37037
	at sun.nio.ch.SocketChannelImpl.checkConnect(Native Method)
	at sun.nio.ch.SocketChannelImpl.finishConnect(SocketChannelImpl.java:717)
	at org.apache.ratis.thirdparty.io.netty.channel.socket.nio.NioSocketChannel.doFinishConnect(NioSocketChannel.java:327)
	at org.apache.ratis.thirdparty.io.netty.channel.nio.AbstractNioChannel$AbstractNioUnsafe.finishConnect(AbstractNioChannel.java:340)
	at org.apache.ratis.thirdparty.io.netty.channel.nio.NioEventLoop.processSelectedKey(NioEventLoop.java:632)
	at org.apache.ratis.thirdparty.io.netty.channel.nio.NioEventLoop.processSelectedKeysOptimized(NioEventLoop.java:579)
	at org.apache.ratis.thirdparty.io.netty.channel.nio.NioEventLoop.processSelectedKeys(NioEventLoop.java:496)
	at org.apache.ratis.thirdparty.io.netty.channel.nio.NioEventLoop.run(NioEventLoop.java:458)
	at org.apache.ratis.thirdparty.io.netty.util.concurrent.SingleThreadEventExecutor$5.run(SingleThreadEventExecutor.java:897)
	at org.apache.ratis.thirdparty.io.netty.util.concurrent.FastThreadLocalRunnable.run(FastThreadLocalRunnable.java:30)
	... 1 more
Caused by: java.net.ConnectException: Connection refused
	... 11 more
2019-10-17 06:48:39,029 [7c431f9d-51bc-458b-a3a6-511ec217d887@group-21BA9BD4283D-LeaderElection542] INFO  impl.LeaderElection (LogUtils.java:infoOrTrace(149)) -   Exception 1: {}
java.util.concurrent.ExecutionException: org.apache.ratis.thirdparty.io.grpc.StatusRuntimeException: UNAVAILABLE: io exception
	at java.util.concurrent.FutureTask.report(FutureTask.java:122)
	at java.util.concurrent.FutureTask.get(FutureTask.java:192)
	at org.apache.ratis.server.impl.LeaderElection.waitForResults(LeaderElection.java:259)
	at org.apache.ratis.server.impl.LeaderElection.askForVotes(LeaderElection.java:197)
	at org.apache.ratis.server.impl.LeaderElection.run(LeaderElection.java:133)
	at java.lang.Thread.run(Thread.java:748)
Caused by: org.apache.ratis.thirdparty.io.grpc.StatusRuntimeException: UNAVAILABLE: io exception
	at org.apache.ratis.thirdparty.io.grpc.stub.ClientCalls.toStatusRuntimeException(ClientCalls.java:233)
	at org.apache.ratis.thirdparty.io.grpc.stub.ClientCalls.getUnchecked(ClientCalls.java:214)
	at org.apache.ratis.thirdparty.io.grpc.stub.ClientCalls.blockingUnaryCall(ClientCalls.java:139)
	at org.apache.ratis.proto.grpc.RaftServerProtocolServiceGrpc$RaftServerProtocolServiceBlockingStub.requestVote(RaftServerProtocolServiceGrpc.java:265)
	at org.apache.ratis.grpc.server.GrpcServerProtocolClient.requestVote(GrpcServerProtocolClient.java:99)
	at org.apache.ratis.grpc.server.GrpcService.requestVote(GrpcService.java:204)
	at org.apache.ratis.server.impl.LeaderElection.lambda$submitRequests$1(LeaderElection.java:234)
	at java.util.concurrent.FutureTask.run(FutureTask.java:266)
	at java.util.concurrent.Executors$RunnableAdapter.call(Executors.java:511)
	at java.util.concurrent.FutureTask.run(FutureTask.java:266)
	at java.util.concurrent.ThreadPoolExecutor.runWorker(ThreadPoolExecutor.java:1149)
	at java.util.concurrent.ThreadPoolExecutor$Worker.run(ThreadPoolExecutor.java:624)
	... 1 more
Caused by: org.apache.ratis.thirdparty.io.netty.channel.AbstractChannel$AnnotatedConnectException: Connection refused: /192.168.34.62:34777
	at sun.nio.ch.SocketChannelImpl.checkConnect(Native Method)
	at sun.nio.ch.SocketChannelImpl.finishConnect(SocketChannelImpl.java:717)
	at org.apache.ratis.thirdparty.io.netty.channel.socket.nio.NioSocketChannel.doFinishConnect(NioSocketChannel.java:327)
	at org.apache.ratis.thirdparty.io.netty.channel.nio.AbstractNioChannel$AbstractNioUnsafe.finishConnect(AbstractNioChannel.java:340)
	at org.apache.ratis.thirdparty.io.netty.channel.nio.NioEventLoop.processSelectedKey(NioEventLoop.java:632)
	at org.apache.ratis.thirdparty.io.netty.channel.nio.NioEventLoop.processSelectedKeysOptimized(NioEventLoop.java:579)
	at org.apache.ratis.thirdparty.io.netty.channel.nio.NioEventLoop.processSelectedKeys(NioEventLoop.java:496)
	at org.apache.ratis.thirdparty.io.netty.channel.nio.NioEventLoop.run(NioEventLoop.java:458)
	at org.apache.ratis.thirdparty.io.netty.util.concurrent.SingleThreadEventExecutor$5.run(SingleThreadEventExecutor.java:897)
	at org.apache.ratis.thirdparty.io.netty.util.concurrent.FastThreadLocalRunnable.run(FastThreadLocalRunnable.java:30)
	... 1 more
Caused by: java.net.ConnectException: Connection refused
	... 11 more
2019-10-17 06:48:39,029 [7c431f9d-51bc-458b-a3a6-511ec217d887@group-21BA9BD4283D-LeaderElection542] INFO  impl.RaftServerImpl (RaftServerImpl.java:setRole(184)) - 7c431f9d-51bc-458b-a3a6-511ec217d887@group-21BA9BD4283D: changes role from CANDIDATE to FOLLOWER at term 507 for DISCOVERED_A_NEW_TERM
2019-10-17 06:48:39,029 [7c431f9d-51bc-458b-a3a6-511ec217d887@group-21BA9BD4283D-LeaderElection542] INFO  impl.RoleInfo (RoleInfo.java:shutdownLeaderElection(134)) - 7c431f9d-51bc-458b-a3a6-511ec217d887: shutdown LeaderElection
2019-10-17 06:48:39,029 [7c431f9d-51bc-458b-a3a6-511ec217d887@group-21BA9BD4283D-LeaderElection542] INFO  impl.RoleInfo (RoleInfo.java:updateAndGet(143)) - 7c431f9d-51bc-458b-a3a6-511ec217d887: start FollowerState
2019-10-17 06:48:39,209 [ForkJoinPool.commonPool-worker-0] INFO  ozoneimpl.OzoneContainer (OzoneContainer.java:stop(227)) - Attempting to stop container services.
2019-10-17 06:48:39,209 [ForkJoinPool.commonPool-worker-0] INFO  impl.RaftServerProxy (RaftServerProxy.java:lambda$close$4(314)) - 7c431f9d-51bc-458b-a3a6-511ec217d887: close
2019-10-17 06:48:39,210 [ForkJoinPool.commonPool-worker-0] INFO  impl.RaftServerImpl (RaftServerImpl.java:lambda$shutdown$3(261)) - 7c431f9d-51bc-458b-a3a6-511ec217d887@group-524E986F5930: shutdown
2019-10-17 06:48:39,210 [ForkJoinPool.commonPool-worker-0] INFO  util.JmxRegister (JmxRegister.java:unregister(73)) - Successfully un-registered JMX Bean with object name Ratis:service=RaftServer,group=group-524E986F5930,id=7c431f9d-51bc-458b-a3a6-511ec217d887
2019-10-17 06:48:39,210 [ForkJoinPool.commonPool-worker-0] INFO  impl.RoleInfo (RoleInfo.java:shutdownLeaderState(104)) - 7c431f9d-51bc-458b-a3a6-511ec217d887: shutdown LeaderState
2019-10-17 06:48:39,210 [ForkJoinPool.commonPool-worker-0] INFO  impl.PendingRequests (PendingRequests.java:sendNotLeaderResponses(202)) - 7c431f9d-51bc-458b-a3a6-511ec217d887@group-524E986F5930-PendingRequests: sendNotLeaderResponses
2019-10-17 06:48:39,211 [ForkJoinPool.commonPool-worker-0] INFO  impl.StateMachineUpdater (StateMachineUpdater.java:stopAndJoin(136)) - 7c431f9d-51bc-458b-a3a6-511ec217d887@group-524E986F5930-StateMachineUpdater: set stopIndex = 0
2019-10-17 06:48:39,211 [ForkJoinPool.commonPool-worker-0] INFO  impl.RaftServerImpl (ServerState.java:close(388)) - 7c431f9d-51bc-458b-a3a6-511ec217d887@group-524E986F5930: closes. applyIndex: 0
2019-10-17 06:48:39,211 [7c431f9d-51bc-458b-a3a6-511ec217d887@group-524E986F5930-SegmentedRaftLogWorker] INFO  segmented.SegmentedRaftLogWorker (SegmentedRaftLogWorker.java:run(316)) - 7c431f9d-51bc-458b-a3a6-511ec217d887@group-524E986F5930-SegmentedRaftLogWorker was interrupted, exiting. There are 0 tasks remaining in the queue.
2019-10-17 06:48:39,213 [Thread-4191] INFO  impl.FollowerState (FollowerState.java:run(108)) - 7c431f9d-51bc-458b-a3a6-511ec217d887@group-21BA9BD4283D-FollowerState: change to CANDIDATE, lastRpcTime:183ms, electionTimeout:182ms
2019-10-17 06:48:39,213 [Thread-4191] INFO  impl.RoleInfo (RoleInfo.java:shutdownFollowerState(121)) - 7c431f9d-51bc-458b-a3a6-511ec217d887: shutdown FollowerState
2019-10-17 06:48:39,213 [ForkJoinPool.commonPool-worker-0] INFO  segmented.SegmentedRaftLogWorker (SegmentedRaftLogWorker.java:close(224)) - 7c431f9d-51bc-458b-a3a6-511ec217d887@group-524E986F5930-SegmentedRaftLogWorker close()
2019-10-17 06:48:39,213 [Thread-4191] INFO  impl.RaftServerImpl (RaftServerImpl.java:setRole(184)) - 7c431f9d-51bc-458b-a3a6-511ec217d887@group-21BA9BD4283D: changes role from  FOLLOWER to CANDIDATE at term 507 for changeToCandidate
2019-10-17 06:48:39,215 [ForkJoinPool.commonPool-worker-0] INFO  impl.RaftServerImpl (RaftServerImpl.java:lambda$shutdown$3(261)) - 7c431f9d-51bc-458b-a3a6-511ec217d887@group-21BA9BD4283D: shutdown
2019-10-17 06:48:39,215 [Thread-4191] INFO  impl.RoleInfo (RoleInfo.java:updateAndGet(143)) - 7c431f9d-51bc-458b-a3a6-511ec217d887: start LeaderElection
2019-10-17 06:48:39,215 [ForkJoinPool.commonPool-worker-0] INFO  util.JmxRegister (JmxRegister.java:unregister(73)) - Successfully un-registered JMX Bean with object name Ratis:service=RaftServer,group=group-21BA9BD4283D,id=7c431f9d-51bc-458b-a3a6-511ec217d887
2019-10-17 06:48:39,216 [ForkJoinPool.commonPool-worker-0] INFO  impl.RoleInfo (RoleInfo.java:shutdownLeaderElection(134)) - 7c431f9d-51bc-458b-a3a6-511ec217d887: shutdown LeaderElection
2019-10-17 06:48:39,216 [ForkJoinPool.commonPool-worker-0] INFO  impl.StateMachineUpdater (StateMachineUpdater.java:stopAndJoin(136)) - 7c431f9d-51bc-458b-a3a6-511ec217d887@group-21BA9BD4283D-StateMachineUpdater: set stopIndex = -1
2019-10-17 06:48:39,216 [ForkJoinPool.commonPool-worker-0] INFO  impl.RaftServerImpl (ServerState.java:close(388)) - 7c431f9d-51bc-458b-a3a6-511ec217d887@group-21BA9BD4283D: closes. applyIndex: -1
2019-10-17 06:48:39,216 [7c431f9d-51bc-458b-a3a6-511ec217d887@group-21BA9BD4283D-SegmentedRaftLogWorker] INFO  segmented.SegmentedRaftLogWorker (SegmentedRaftLogWorker.java:run(316)) - 7c431f9d-51bc-458b-a3a6-511ec217d887@group-21BA9BD4283D-SegmentedRaftLogWorker was interrupted, exiting. There are 0 tasks remaining in the queue.
2019-10-17 06:48:39,216 [ForkJoinPool.commonPool-worker-0] INFO  segmented.SegmentedRaftLogWorker (SegmentedRaftLogWorker.java:close(224)) - 7c431f9d-51bc-458b-a3a6-511ec217d887@group-21BA9BD4283D-SegmentedRaftLogWorker close()
2019-10-17 06:48:39,218 [ForkJoinPool.commonPool-worker-0] INFO  server.GrpcService (GrpcService.java:closeImpl(164)) - 7c431f9d-51bc-458b-a3a6-511ec217d887: shutdown server with port 40420 now
2019-10-17 06:48:39,221 [ForkJoinPool.commonPool-worker-0] INFO  server.GrpcService (GrpcService.java:closeImpl(172)) - 7c431f9d-51bc-458b-a3a6-511ec217d887: shutdown server with port 40420 successfully
2019-10-17 06:48:39,226 [refreshUsed-/workdir/hadoop-ozone/integration-test/target/test-dir/MiniOzoneClusterImpl-3afb9865-6449-4209-9387-449993352e62/datanode-2/data/containers] WARN  fs.CachingGetSpaceUsed (CachingGetSpaceUsed.java:run(183)) - Thread Interrupted waiting to refresh disk information: sleep interrupted
2019-10-17 06:48:39,241 [ForkJoinPool.commonPool-worker-0] INFO  utils.BackgroundService (BackgroundService.java:shutdown(151)) - Shutting down service BlockDeletingService
2019-10-17 06:48:39,244 [ForkJoinPool.commonPool-worker-0] INFO  statemachine.DatanodeStateMachine (DatanodeStateMachine.java:stopDaemon(395)) - Ozone container server stopped.
2019-10-17 06:48:39,247 [ForkJoinPool.commonPool-worker-0] INFO  handler.ContextHandler (ContextHandler.java:doStop(910)) - Stopped o.e.j.w.WebAppContext@111d5c97{/,null,UNAVAILABLE}{/hddsDatanode}
2019-10-17 06:48:39,248 [ForkJoinPool.commonPool-worker-0] INFO  server.AbstractConnector (AbstractConnector.java:doStop(318)) - Stopped ServerConnector@29c17c3d{HTTP/1.1,[http/1.1]}{0.0.0.0:0}
2019-10-17 06:48:39,249 [ForkJoinPool.commonPool-worker-0] INFO  handler.ContextHandler (ContextHandler.java:doStop(910)) - Stopped o.e.j.s.ServletContextHandler@4a92c6a9{/static,jar:file:/home/user/.m2/repository/org/apache/hadoop/hadoop-hdds-container-service/0.5.0-SNAPSHOT/hadoop-hdds-container-service-0.5.0-SNAPSHOT.jar!/webapps/static,UNAVAILABLE}
2019-10-17 06:48:39,250 [ForkJoinPool.commonPool-worker-0] INFO  handler.ContextHandler (ContextHandler.java:doStop(910)) - Stopped o.e.j.s.ServletContextHandler@21263314{/logs,file:///workdir/hadoop-ozone/integration-test/target/log,UNAVAILABLE}
2019-10-17 06:48:39,251 [main] INFO  ozone.MiniOzoneClusterImpl (MiniOzoneClusterImpl.java:stopSCM(430)) - Stopping the StorageContainerManager
2019-10-17 06:48:39,251 [main] INFO  server.StorageContainerManager (StorageContainerManager.java:stop(810)) - Stopping Replication Manager Service.
2019-10-17 06:48:39,251 [main] INFO  container.ReplicationManager (ReplicationManager.java:stop(203)) - Stopping Replication Monitor Thread.
2019-10-17 06:48:39,251 [main] INFO  server.StorageContainerManager (StorageContainerManager.java:stop(817)) - Stopping Lease Manager of the command watchers
2019-10-17 06:48:39,251 [main] INFO  server.StorageContainerManager (StorageContainerManager.java:stop(824)) - Stopping datanode service RPC server
2019-10-17 06:48:39,252 [main] INFO  server.SCMDatanodeProtocolServer (SCMDatanodeProtocolServer.java:stop(346)) - Stopping the RPC server for DataNodes
2019-10-17 06:48:39,252 [main] INFO  ipc.Server (Server.java:stop(3082)) - Stopping server on 35803
2019-10-17 06:48:39,253 [IPC Server listener on 35803] INFO  ipc.Server (Server.java:run(1185)) - Stopping IPC Server listener on 35803
2019-10-17 06:48:39,254 [IPC Server Responder] INFO  ipc.Server (Server.java:run(1319)) - Stopping IPC Server Responder
2019-10-17 06:48:39,294 [SCM Heartbeat Processing Thread - 0] WARN  node.NodeStateManager (NodeStateManager.java:scheduleNextHealthCheck(646)) - Current Thread is interrupted, shutting down HB processing thread for Node Manager.
2019-10-17 06:48:39,294 [main] INFO  server.StorageContainerManager (StorageContainerManager.java:stop(832)) - Stopping block service RPC server
2019-10-17 06:48:39,295 [main] INFO  server.SCMBlockProtocolServer (SCMBlockProtocolServer.java:stop(155)) - Stopping the RPC server for Block Protocol
2019-10-17 06:48:39,295 [main] INFO  ipc.Server (Server.java:stop(3082)) - Stopping server on 37818
2019-10-17 06:48:39,297 [main] INFO  server.StorageContainerManager (StorageContainerManager.java:stop(839)) - Stopping the StorageContainerLocationProtocol RPC server
2019-10-17 06:48:39,297 [IPC Server Responder] INFO  ipc.Server (Server.java:run(1319)) - Stopping IPC Server Responder
2019-10-17 06:48:39,297 [IPC Server listener on 37818] INFO  ipc.Server (Server.java:run(1185)) - Stopping IPC Server listener on 37818
2019-10-17 06:48:39,297 [main] INFO  server.SCMClientProtocolServer (SCMClientProtocolServer.java:stop(168)) - Stopping the RPC server for Client Protocol
2019-10-17 06:48:39,297 [main] INFO  ipc.Server (Server.java:stop(3082)) - Stopping server on 43940
2019-10-17 06:48:39,299 [IPC Server listener on 43940] INFO  ipc.Server (Server.java:run(1185)) - Stopping IPC Server listener on 43940
2019-10-17 06:48:39,299 [main] INFO  server.StorageContainerManager (StorageContainerManager.java:stop(846)) - Stopping Storage Container Manager HTTP server.
2019-10-17 06:48:39,299 [IPC Server Responder] INFO  ipc.Server (Server.java:run(1319)) - Stopping IPC Server Responder
2019-10-17 06:48:39,300 [main] INFO  handler.ContextHandler (ContextHandler.java:doStop(910)) - Stopped o.e.j.w.WebAppContext@668625f5{/,null,UNAVAILABLE}{/scm}
2019-10-17 06:48:39,301 [main] INFO  server.AbstractConnector (AbstractConnector.java:doStop(318)) - Stopped ServerConnector@19a20bb2{HTTP/1.1,[http/1.1]}{0.0.0.0:0}
2019-10-17 06:48:39,301 [main] INFO  handler.ContextHandler (ContextHandler.java:doStop(910)) - Stopped o.e.j.s.ServletContextHandler@2f74900b{/static,file:///workdir/hadoop-ozone/integration-test/target/test-classes/webapps/static,UNAVAILABLE}
2019-10-17 06:48:39,301 [main] INFO  handler.ContextHandler (ContextHandler.java:doStop(910)) - Stopped o.e.j.s.ServletContextHandler@40d60f2{/logs,file:///workdir/hadoop-ozone/integration-test/target/log,UNAVAILABLE}
2019-10-17 06:48:39,301 [main] INFO  server.StorageContainerManager (StorageContainerManager.java:stop(857)) - Stopping Block Manager Service.
2019-10-17 06:48:39,302 [main] INFO  utils.BackgroundService (BackgroundService.java:shutdown(151)) - Shutting down service SCMBlockDeletingService
2019-10-17 06:48:39,302 [main] INFO  utils.BackgroundService (BackgroundService.java:shutdown(151)) - Shutting down service SCMBlockDeletingService
2019-10-17 06:48:39,302 [main] INFO  server.StorageContainerManager (StorageContainerManager.java:stop(879)) - Stopping SCM Event Queue.
2019-10-17 06:48:39,306 [main] INFO  impl.MetricsSystemImpl (MetricsSystemImpl.java:stop(210)) - Stopping HddsDatanode metrics system...
2019-10-17 06:48:39,309 [main] INFO  impl.MetricsSystemImpl (MetricsSystemImpl.java:stop(216)) - HddsDatanode metrics system stopped.
]]></system-out>
    <system-err><![CDATA[Exception in thread "7c431f9d-51bc-458b-a3a6-511ec217d887@group-21BA9BD4283D-LeaderElection543" java.lang.IllegalStateException: ILLEGAL TRANSITION: In 7c431f9d-51bc-458b-a3a6-511ec217d887@group-21BA9BD4283D-LeaderElection543, RUNNING -> CLOSED
	at org.apache.ratis.util.Preconditions.assertTrue(Preconditions.java:63)
	at org.apache.ratis.util.LifeCycle$State.validate(LifeCycle.java:123)
	at org.apache.ratis.util.LifeCycle.transition(LifeCycle.java:143)
	at org.apache.ratis.server.impl.LeaderElection.run(LeaderElection.java:151)
	at java.lang.Thread.run(Thread.java:748)
]]></system-err>
  </testcase>
</testsuite>