<?xml version="1.0" encoding="UTF-8"?>
<testsuite xmlns:xsi="http://www.w3.org/2001/XMLSchema-instance" xsi:noNamespaceSchemaLocation="https://maven.apache.org/surefire/maven-surefire-plugin/xsd/surefire-test-report.xsd" name="org.apache.hadoop.ozone.client.rpc.TestDeleteWithSlowFollower" time="133.963" tests="1" errors="0" skipped="0" failures="1">
  <properties>
    <property name="awt.toolkit" value="sun.awt.X11.XToolkit"/>
    <property name="file.encoding.pkg" value="sun.io"/>
    <property name="java.specification.version" value="1.8"/>
    <property name="sun.cpu.isalist" value=""/>
    <property name="sun.jnu.encoding" value="ANSI_X3.4-1968"/>
    <property name="java.class.path" value="/workdir/hadoop-ozone/integration-test/target/test-classes:/workdir/hadoop-ozone/integration-test/target/classes:/home/user/.m2/repository/org/apache/hadoop/hadoop-ozone-common/0.5.0-SNAPSHOT/hadoop-ozone-common-0.5.0-SNAPSHOT.jar:/home/user/.m2/repository/org/apache/commons/commons-compress/1.4.1/commons-compress-1.4.1.jar:/home/user/.m2/repository/org/tukaani/xz/1.0/xz-1.0.jar:/home/user/.m2/repository/org/apache/hadoop/hadoop-common/3.2.0/hadoop-common-3.2.0.jar:/home/user/.m2/repository/org/apache/hadoop/hadoop-hdfs/3.2.0/hadoop-hdfs-3.2.0.jar:/home/user/.m2/repository/org/apache/hadoop/hadoop-hdfs-client/3.2.0/hadoop-hdfs-client-3.2.0.jar:/home/user/.m2/repository/com/fasterxml/jackson/core/jackson-annotations/2.9.9/jackson-annotations-2.9.9.jar:/home/user/.m2/repository/org/apache/hadoop/hadoop-hdds-common/0.5.0-SNAPSHOT/hadoop-hdds-common-0.5.0-SNAPSHOT.jar:/home/user/.m2/repository/javax/annotation/javax.annotation-api/1.2/javax.annotation-api-1.2.jar:/home/user/.m2/repository/org/apache/ratis/ratis-server/0.5.0-3f446aa-SNAPSHOT/ratis-server-0.5.0-3f446aa-SNAPSHOT.jar:/home/user/.m2/repository/org/apache/ratis/ratis-thirdparty-misc/0.2.0/ratis-thirdparty-misc-0.2.0.jar:/home/user/.m2/repository/org/apache/ratis/ratis-proto/0.5.0-3f446aa-SNAPSHOT/ratis-proto-0.5.0-3f446aa-SNAPSHOT.jar:/home/user/.m2/repository/org/apache/ratis/ratis-common/0.5.0-3f446aa-SNAPSHOT/ratis-common-0.5.0-3f446aa-SNAPSHOT.jar:/home/user/.m2/repository/org/apache/ratis/ratis-client/0.5.0-3f446aa-SNAPSHOT/ratis-client-0.5.0-3f446aa-SNAPSHOT.jar:/home/user/.m2/repository/org/apache/ratis/ratis-metrics/0.5.0-3f446aa-SNAPSHOT/ratis-metrics-0.5.0-3f446aa-SNAPSHOT.jar:/home/user/.m2/repository/com/github/joshelser/dropwizard-metrics-hadoop-metrics2-reporter/0.1.2/dropwizard-metrics-hadoop-metrics2-reporter-0.1.2.jar:/home/user/.m2/repository/io/dropwizard/metrics/metrics-jvm/3.2.5/metrics-jvm-3.2.5.jar:/home/user/.m2/repository/io/dropwizard/metrics/metrics-ganglia/3.2.5/metrics-ganglia-3.2.5.jar:/home/user/.m2/repository/info/ganglia/gmetric4j/gmetric4j/1.0.7/gmetric4j-1.0.7.jar:/home/user/.m2/repository/org/apache/ratis/ratis-netty/0.5.0-3f446aa-SNAPSHOT/ratis-netty-0.5.0-3f446aa-SNAPSHOT.jar:/home/user/.m2/repository/org/apache/ratis/ratis-grpc/0.5.0-3f446aa-SNAPSHOT/ratis-grpc-0.5.0-3f446aa-SNAPSHOT.jar:/home/user/.m2/repository/org/rocksdb/rocksdbjni/6.0.1/rocksdbjni-6.0.1.jar:/home/user/.m2/repository/org/apache/logging/log4j/log4j-api/2.11.0/log4j-api-2.11.0.jar:/home/user/.m2/repository/org/apache/logging/log4j/log4j-core/2.11.0/log4j-core-2.11.0.jar:/home/user/.m2/repository/com/lmax/disruptor/3.4.2/disruptor-3.4.2.jar:/home/user/.m2/repository/org/apache/commons/commons-pool2/2.6.0/commons-pool2-2.6.0.jar:/home/user/.m2/repository/org/bouncycastle/bcpkix-jdk15on/1.60/bcpkix-jdk15on-1.60.jar:/home/user/.m2/repository/commons-validator/commons-validator/1.6/commons-validator-1.6.jar:/home/user/.m2/repository/commons-digester/commons-digester/1.8.1/commons-digester-1.8.1.jar:/home/user/.m2/repository/io/jaegertracing/jaeger-client/0.34.0/jaeger-client-0.34.0.jar:/home/user/.m2/repository/io/jaegertracing/jaeger-thrift/0.34.0/jaeger-thrift-0.34.0.jar:/home/user/.m2/repository/org/apache/thrift/libthrift/0.12.0/libthrift-0.12.0.jar:/home/user/.m2/repository/com/squareup/okhttp3/okhttp/3.9.0/okhttp-3.9.0.jar:/home/user/.m2/repository/com/squareup/okio/okio/1.13.0/okio-1.13.0.jar:/home/user/.m2/repository/io/jaegertracing/jaeger-core/0.34.0/jaeger-core-0.34.0.jar:/home/user/.m2/repository/io/jaegertracing/jaeger-tracerresolver/0.34.0/jaeger-tracerresolver-0.34.0.jar:/home/user/.m2/repository/io/opentracing/contrib/opentracing-tracerresolver/0.1.5/opentracing-tracerresolver-0.1.5.jar:/home/user/.m2/repository/io/opentracing/opentracing-util/0.31.0/opentracing-util-0.31.0.jar:/home/user/.m2/repository/io/opentracing/opentracing-api/0.31.0/opentracing-api-0.31.0.jar:/home/user/.m2/repository/io/opentracing/opentracing-noop/0.31.0/opentracing-noop-0.31.0.jar:/home/user/.m2/repository/org/apache/hadoop/hadoop-hdds-server-framework/0.5.0-SNAPSHOT/hadoop-hdds-server-framework-0.5.0-SNAPSHOT.jar:/home/user/.m2/repository/org/apache/hadoop/hadoop-hdds-container-service/0.5.0-SNAPSHOT/hadoop-hdds-container-service-0.5.0-SNAPSHOT.jar:/home/user/.m2/repository/org/apache/hadoop/hadoop-hdds-client/0.5.0-SNAPSHOT/hadoop-hdds-client-0.5.0-SNAPSHOT.jar:/home/user/.m2/repository/org/apache/hadoop/hadoop-hdds-tools/0.5.0-SNAPSHOT/hadoop-hdds-tools-0.5.0-SNAPSHOT.jar:/home/user/.m2/repository/org/apache/hadoop/hadoop-hdds-server-scm/0.5.0-SNAPSHOT/hadoop-hdds-server-scm-0.5.0-SNAPSHOT.jar:/home/user/.m2/repository/org/apache/hadoop/hadoop-hdds-docs/0.5.0-SNAPSHOT/hadoop-hdds-docs-0.5.0-SNAPSHOT.jar:/home/user/.m2/repository/io/dropwizard/metrics/metrics-core/3.2.4/metrics-core-3.2.4.jar:/home/user/.m2/repository/org/hamcrest/hamcrest-all/1.3/hamcrest-all-1.3.jar:/home/user/.m2/repository/org/bouncycastle/bcprov-jdk15on/1.60/bcprov-jdk15on-1.60.jar:/home/user/.m2/repository/info/picocli/picocli/3.9.6/picocli-3.9.6.jar:/home/user/.m2/repository/com/google/protobuf/protobuf-java/2.5.0/protobuf-java-2.5.0.jar:/home/user/.m2/repository/com/google/guava/guava/11.0.2/guava-11.0.2.jar:/home/user/.m2/repository/org/apache/hadoop/hadoop-ozone-ozone-manager/0.5.0-SNAPSHOT/hadoop-ozone-ozone-manager-0.5.0-SNAPSHOT.jar:/home/user/.m2/repository/org/apache/hadoop/hadoop-minikdc/3.2.0/hadoop-minikdc-3.2.0.jar:/home/user/.m2/repository/commons-io/commons-io/2.5/commons-io-2.5.jar:/home/user/.m2/repository/org/apache/kerby/kerb-simplekdc/1.0.1/kerb-simplekdc-1.0.1.jar:/home/user/.m2/repository/org/apache/kerby/kerb-client/1.0.1/kerb-client-1.0.1.jar:/home/user/.m2/repository/org/apache/kerby/kerby-config/1.0.1/kerby-config-1.0.1.jar:/home/user/.m2/repository/org/apache/kerby/kerb-core/1.0.1/kerb-core-1.0.1.jar:/home/user/.m2/repository/org/apache/kerby/kerby-pkix/1.0.1/kerby-pkix-1.0.1.jar:/home/user/.m2/repository/org/apache/kerby/kerby-asn1/1.0.1/kerby-asn1-1.0.1.jar:/home/user/.m2/repository/org/apache/kerby/kerby-util/1.0.1/kerby-util-1.0.1.jar:/home/user/.m2/repository/org/apache/kerby/kerb-common/1.0.1/kerb-common-1.0.1.jar:/home/user/.m2/repository/org/apache/kerby/kerb-crypto/1.0.1/kerb-crypto-1.0.1.jar:/home/user/.m2/repository/org/apache/kerby/kerb-util/1.0.1/kerb-util-1.0.1.jar:/home/user/.m2/repository/org/apache/kerby/token-provider/1.0.1/token-provider-1.0.1.jar:/home/user/.m2/repository/org/apache/kerby/kerb-admin/1.0.1/kerb-admin-1.0.1.jar:/home/user/.m2/repository/org/apache/kerby/kerb-server/1.0.1/kerb-server-1.0.1.jar:/home/user/.m2/repository/org/apache/kerby/kerb-identity/1.0.1/kerb-identity-1.0.1.jar:/home/user/.m2/repository/org/apache/kerby/kerby-xdr/1.0.1/kerby-xdr-1.0.1.jar:/home/user/.m2/repository/org/slf4j/slf4j-log4j12/1.7.25/slf4j-log4j12-1.7.25.jar:/home/user/.m2/repository/org/apache/hadoop/hadoop-ozone-s3gateway/0.5.0-SNAPSHOT/hadoop-ozone-s3gateway-0.5.0-SNAPSHOT.jar:/home/user/.m2/repository/org/jboss/weld/servlet/weld-servlet/2.4.7.Final/weld-servlet-2.4.7.Final.jar:/home/user/.m2/repository/org/glassfish/jersey/containers/jersey-container-servlet-core/2.27/jersey-container-servlet-core-2.27.jar:/home/user/.m2/repository/org/glassfish/hk2/external/javax.inject/2.5.0-b42/javax.inject-2.5.0-b42.jar:/home/user/.m2/repository/org/glassfish/jersey/core/jersey-common/2.27/jersey-common-2.27.jar:/home/user/.m2/repository/org/glassfish/hk2/osgi-resource-locator/1.0.1/osgi-resource-locator-1.0.1.jar:/home/user/.m2/repository/javax/ws/rs/javax.ws.rs-api/2.1/javax.ws.rs-api-2.1.jar:/home/user/.m2/repository/org/glassfish/jersey/ext/cdi/jersey-cdi1x/2.27/jersey-cdi1x-2.27.jar:/home/user/.m2/repository/org/glassfish/jersey/inject/jersey-hk2/2.27/jersey-hk2-2.27.jar:/home/user/.m2/repository/org/glassfish/hk2/hk2-locator/2.5.0-b42/hk2-locator-2.5.0-b42.jar:/home/user/.m2/repository/org/javassist/javassist/3.22.0-CR2/javassist-3.22.0-CR2.jar:/home/user/.m2/repository/org/glassfish/hk2/hk2-api/2.5.0/hk2-api-2.5.0.jar:/home/user/.m2/repository/org/glassfish/hk2/external/jakarta.inject/2.5.0/jakarta.inject-2.5.0.jar:/home/user/.m2/repository/org/glassfish/hk2/hk2-utils/2.5.0/hk2-utils-2.5.0.jar:/home/user/.m2/repository/jakarta/annotation/jakarta.annotation-api/1.3.4/jakarta.annotation-api-1.3.4.jar:/home/user/.m2/repository/org/glassfish/hk2/external/aopalliance-repackaged/2.5.0/aopalliance-repackaged-2.5.0.jar:/home/user/.m2/repository/com/fasterxml/jackson/dataformat/jackson-dataformat-xml/2.9.0/jackson-dataformat-xml-2.9.0.jar:/home/user/.m2/repository/com/fasterxml/jackson/core/jackson-core/2.9.9/jackson-core-2.9.9.jar:/home/user/.m2/repository/com/fasterxml/jackson/module/jackson-module-jaxb-annotations/2.9.9/jackson-module-jaxb-annotations-2.9.9.jar:/home/user/.m2/repository/javax/enterprise/cdi-api/1.2/cdi-api-1.2.jar:/home/user/.m2/repository/javax/el/javax.el-api/3.0.0/javax.el-api-3.0.0.jar:/home/user/.m2/repository/javax/interceptor/javax.interceptor-api/1.2/javax.interceptor-api-1.2.jar:/home/user/.m2/repository/javax/inject/javax.inject/1/javax.inject-1.jar:/home/user/.m2/repository/com/sun/xml/bind/jaxb-impl/2.3.0.1/jaxb-impl-2.3.0.1.jar:/home/user/.m2/repository/com/sun/xml/bind/jaxb-core/2.3.0.1/jaxb-core-2.3.0.1.jar:/home/user/.m2/repository/javax/xml/bind/jaxb-api/2.3.0/jaxb-api-2.3.0.jar:/home/user/.m2/repository/javax/activation/activation/1.1.1/activation-1.1.1.jar:/home/user/.m2/repository/org/apache/hadoop/hadoop-ozone-csi/0.5.0-SNAPSHOT/hadoop-ozone-csi-0.5.0-SNAPSHOT.jar:/home/user/.m2/repository/com/google/protobuf/protobuf-java-util/3.5.1/protobuf-java-util-3.5.1.jar:/home/user/.m2/repository/org/apache/hadoop/hadoop-hdds-config/0.5.0-SNAPSHOT/hadoop-hdds-config-0.5.0-SNAPSHOT.jar:/home/user/.m2/repository/io/grpc/grpc-netty/1.17.1/grpc-netty-1.17.1.jar:/home/user/.m2/repository/io/grpc/grpc-core/1.17.1/grpc-core-1.17.1.jar:/home/user/.m2/repository/io/grpc/grpc-context/1.17.1/grpc-context-1.17.1.jar:/home/user/.m2/repository/com/google/errorprone/error_prone_annotations/2.2.0/error_prone_annotations-2.2.0.jar:/home/user/.m2/repository/org/codehaus/mojo/animal-sniffer-annotations/1.17/animal-sniffer-annotations-1.17.jar:/home/user/.m2/repository/io/opencensus/opencensus-api/0.17.0/opencensus-api-0.17.0.jar:/home/user/.m2/repository/io/opencensus/opencensus-contrib-grpc-metrics/0.17.0/opencensus-contrib-grpc-metrics-0.17.0.jar:/home/user/.m2/repository/io/netty/netty-codec-http2/4.1.30.Final/netty-codec-http2-4.1.30.Final.jar:/home/user/.m2/repository/io/netty/netty-codec-http/4.1.30.Final/netty-codec-http-4.1.30.Final.jar:/home/user/.m2/repository/io/netty/netty-codec/4.1.30.Final/netty-codec-4.1.30.Final.jar:/home/user/.m2/repository/io/netty/netty-handler/4.1.30.Final/netty-handler-4.1.30.Final.jar:/home/user/.m2/repository/io/netty/netty-handler-proxy/4.1.30.Final/netty-handler-proxy-4.1.30.Final.jar:/home/user/.m2/repository/io/netty/netty-codec-socks/4.1.30.Final/netty-codec-socks-4.1.30.Final.jar:/home/user/.m2/repository/io/netty/netty-transport-native-epoll/4.1.30.Final/netty-transport-native-epoll-4.1.30.Final.jar:/home/user/.m2/repository/io/netty/netty-common/4.1.30.Final/netty-common-4.1.30.Final.jar:/home/user/.m2/repository/io/netty/netty-buffer/4.1.30.Final/netty-buffer-4.1.30.Final.jar:/home/user/.m2/repository/io/netty/netty-transport/4.1.30.Final/netty-transport-4.1.30.Final.jar:/home/user/.m2/repository/io/netty/netty-resolver/4.1.30.Final/netty-resolver-4.1.30.Final.jar:/home/user/.m2/repository/io/netty/netty-transport-native-unix-common/4.1.30.Final/netty-transport-native-unix-common-4.1.30.Final.jar:/home/user/.m2/repository/io/grpc/grpc-protobuf/1.17.1/grpc-protobuf-1.17.1.jar:/home/user/.m2/repository/com/google/api/grpc/proto-google-common-protos/1.0.0/proto-google-common-protos-1.0.0.jar:/home/user/.m2/repository/io/grpc/grpc-protobuf-lite/1.17.1/grpc-protobuf-lite-1.17.1.jar:/home/user/.m2/repository/io/grpc/grpc-stub/1.17.1/grpc-stub-1.17.1.jar:/home/user/.m2/repository/org/apache/hadoop/hadoop-ozone-recon/0.5.0-SNAPSHOT/hadoop-ozone-recon-0.5.0-SNAPSHOT.jar:/home/user/.m2/repository/org/apache/hadoop/hadoop-ozone-reconcodegen/0.5.0-SNAPSHOT/hadoop-ozone-reconcodegen-0.5.0-SNAPSHOT.jar:/home/user/.m2/repository/com/google/inject/extensions/guice-multibindings/4.0/guice-multibindings-4.0.jar:/home/user/.m2/repository/com/google/inject/guice/4.0/guice-4.0.jar:/home/user/.m2/repository/aopalliance/aopalliance/1.0/aopalliance-1.0.jar:/home/user/.m2/repository/com/google/inject/extensions/guice-servlet/4.0/guice-servlet-4.0.jar:/home/user/.m2/repository/org/glassfish/jersey/containers/jersey-container-servlet/2.27/jersey-container-servlet-2.27.jar:/home/user/.m2/repository/org/glassfish/hk2/guice-bridge/2.5.0/guice-bridge-2.5.0.jar:/home/user/.m2/repository/org/glassfish/jersey/core/jersey-server/2.27/jersey-server-2.27.jar:/home/user/.m2/repository/org/glassfish/jersey/core/jersey-client/2.27/jersey-client-2.27.jar:/home/user/.m2/repository/org/glassfish/jersey/media/jersey-media-jaxb/2.27/jersey-media-jaxb-2.27.jar:/home/user/.m2/repository/javax/validation/validation-api/1.1.0.Final/validation-api-1.1.0.Final.jar:/home/user/.m2/repository/org/glassfish/jersey/media/jersey-media-json-jackson/2.27/jersey-media-json-jackson-2.27.jar:/home/user/.m2/repository/org/glassfish/jersey/ext/jersey-entity-filtering/2.27/jersey-entity-filtering-2.27.jar:/home/user/.m2/repository/com/google/inject/extensions/guice-assistedinject/4.0/guice-assistedinject-4.0.jar:/home/user/.m2/repository/org/jooq/jooq/3.11.10/jooq-3.11.10.jar:/home/user/.m2/repository/org/jooq/jooq-meta/3.11.10/jooq-meta-3.11.10.jar:/home/user/.m2/repository/org/jooq/jooq-codegen/3.11.10/jooq-codegen-3.11.10.jar:/home/user/.m2/repository/com/jolbox/bonecp/0.8.0.RELEASE/bonecp-0.8.0.RELEASE.jar:/home/user/.m2/repository/org/xerial/sqlite-jdbc/3.25.2/sqlite-jdbc-3.25.2.jar:/home/user/.m2/repository/org/springframework/spring-jdbc/5.1.3.RELEASE/spring-jdbc-5.1.3.RELEASE.jar:/home/user/.m2/repository/org/springframework/spring-beans/5.1.3.RELEASE/spring-beans-5.1.3.RELEASE.jar:/home/user/.m2/repository/org/springframework/spring-core/5.1.3.RELEASE/spring-core-5.1.3.RELEASE.jar:/home/user/.m2/repository/org/springframework/spring-jcl/5.1.3.RELEASE/spring-jcl-5.1.3.RELEASE.jar:/home/user/.m2/repository/org/springframework/spring-tx/5.1.3.RELEASE/spring-tx-5.1.3.RELEASE.jar:/home/user/.m2/repository/org/apache/hadoop/hadoop-ozone-client/0.5.0-SNAPSHOT/hadoop-ozone-client-0.5.0-SNAPSHOT.jar:/home/user/.m2/repository/commons-lang/commons-lang/2.6/commons-lang-2.6.jar:/home/user/.m2/repository/org/apache/hadoop/hadoop-ozone-ozone-manager/0.5.0-SNAPSHOT/hadoop-ozone-ozone-manager-0.5.0-SNAPSHOT-tests.jar:/home/user/.m2/repository/junit/junit/4.11/junit-4.11.jar:/home/user/.m2/repository/org/hamcrest/hamcrest-core/1.3/hamcrest-core-1.3.jar:/home/user/.m2/repository/org/openjdk/jmh/jmh-core/1.19/jmh-core-1.19.jar:/home/user/.m2/repository/net/sf/jopt-simple/jopt-simple/4.6/jopt-simple-4.6.jar:/home/user/.m2/repository/org/apache/commons/commons-math3/3.1.1/commons-math3-3.1.1.jar:/home/user/.m2/repository/org/openjdk/jmh/jmh-generator-annprocess/1.19/jmh-generator-annprocess-1.19.jar:/home/user/.m2/repository/org/mockito/mockito-all/1.8.5/mockito-all-1.8.5.jar:/home/user/.m2/repository/org/apache/hadoop/hadoop-kms/3.2.0/hadoop-kms-3.2.0.jar:/home/user/.m2/repository/org/apache/hadoop/hadoop-auth/3.2.0/hadoop-auth-3.2.0.jar:/home/user/.m2/repository/com/nimbusds/nimbus-jose-jwt/4.41.1/nimbus-jose-jwt-4.41.1.jar:/home/user/.m2/repository/com/github/stephenc/jcip/jcip-annotations/1.0-1/jcip-annotations-1.0-1.jar:/home/user/.m2/repository/net/minidev/json-smart/2.3/json-smart-2.3.jar:/home/user/.m2/repository/net/minidev/accessors-smart/1.2/accessors-smart-1.2.jar:/home/user/.m2/repository/org/ow2/asm/asm/5.0.4/asm-5.0.4.jar:/home/user/.m2/repository/org/apache/curator/curator-framework/2.12.0/curator-framework-2.12.0.jar:/home/user/.m2/repository/com/sun/jersey/jersey-core/1.19/jersey-core-1.19.jar:/home/user/.m2/repository/javax/ws/rs/jsr311-api/1.1.1/jsr311-api-1.1.1.jar:/home/user/.m2/repository/com/sun/jersey/jersey-server/1.19/jersey-server-1.19.jar:/home/user/.m2/repository/javax/servlet/javax.servlet-api/3.1.0/javax.servlet-api-3.1.0.jar:/home/user/.m2/repository/org/eclipse/jetty/jetty-server/9.3.25.v20180904/jetty-server-9.3.25.v20180904.jar:/home/user/.m2/repository/org/eclipse/jetty/jetty-http/9.3.25.v20180904/jetty-http-9.3.25.v20180904.jar:/home/user/.m2/repository/org/eclipse/jetty/jetty-io/9.3.25.v20180904/jetty-io-9.3.25.v20180904.jar:/home/user/.m2/repository/org/eclipse/jetty/jetty-webapp/9.3.25.v20180904/jetty-webapp-9.3.25.v20180904.jar:/home/user/.m2/repository/org/eclipse/jetty/jetty-xml/9.3.25.v20180904/jetty-xml-9.3.25.v20180904.jar:/home/user/.m2/repository/log4j/log4j/1.2.17/log4j-1.2.17.jar:/home/user/.m2/repository/org/slf4j/slf4j-api/1.7.25/slf4j-api-1.7.25.jar:/home/user/.m2/repository/org/slf4j/jul-to-slf4j/1.7.25/jul-to-slf4j-1.7.25.jar:/home/user/.m2/repository/org/eclipse/jetty/jetty-util/9.3.25.v20180904/jetty-util-9.3.25.v20180904.jar:/home/user/.m2/repository/com/fasterxml/jackson/core/jackson-databind/2.9.9/jackson-databind-2.9.9.jar:/home/user/.m2/repository/org/apache/hadoop/hadoop-kms/3.2.0/hadoop-kms-3.2.0-tests.jar:/home/user/.m2/repository/org/apache/hadoop/hadoop-hdds-server-scm/0.5.0-SNAPSHOT/hadoop-hdds-server-scm-0.5.0-SNAPSHOT-tests.jar:/home/user/.m2/repository/org/apache/hadoop/hadoop-hdds-container-service/0.5.0-SNAPSHOT/hadoop-hdds-container-service-0.5.0-SNAPSHOT-tests.jar:/home/user/.m2/repository/org/yaml/snakeyaml/1.16/snakeyaml-1.16.jar:/home/user/.m2/repository/org/apache/hadoop/hadoop-common/3.2.0/hadoop-common-3.2.0-tests.jar:/home/user/.m2/repository/org/apache/hadoop/hadoop-annotations/3.2.0/hadoop-annotations-3.2.0.jar:/usr/lib/jvm/java-1.8.0-openjdk-1.8.0.222.b10-1.el7_7.x86_64/jre/../lib/tools.jar:/home/user/.m2/repository/commons-cli/commons-cli/1.2/commons-cli-1.2.jar:/home/user/.m2/repository/org/apache/httpcomponents/httpclient/4.5.2/httpclient-4.5.2.jar:/home/user/.m2/repository/org/apache/httpcomponents/httpcore/4.4.4/httpcore-4.4.4.jar:/home/user/.m2/repository/commons-codec/commons-codec/1.11/commons-codec-1.11.jar:/home/user/.m2/repository/commons-net/commons-net/3.6/commons-net-3.6.jar:/home/user/.m2/repository/commons-collections/commons-collections/3.2.2/commons-collections-3.2.2.jar:/home/user/.m2/repository/org/eclipse/jetty/jetty-servlet/9.3.25.v20180904/jetty-servlet-9.3.25.v20180904.jar:/home/user/.m2/repository/org/eclipse/jetty/jetty-security/9.3.25.v20180904/jetty-security-9.3.25.v20180904.jar:/home/user/.m2/repository/javax/servlet/jsp/jsp-api/2.1/jsp-api-2.1.jar:/home/user/.m2/repository/com/sun/jersey/jersey-servlet/1.19/jersey-servlet-1.19.jar:/home/user/.m2/repository/com/sun/jersey/jersey-json/1.19/jersey-json-1.19.jar:/home/user/.m2/repository/org/codehaus/jettison/jettison/1.1/jettison-1.1.jar:/home/user/.m2/repository/org/codehaus/jackson/jackson-core-asl/1.9.13/jackson-core-asl-1.9.13.jar:/home/user/.m2/repository/org/codehaus/jackson/jackson-mapper-asl/1.9.13/jackson-mapper-asl-1.9.13.jar:/home/user/.m2/repository/org/codehaus/jackson/jackson-jaxrs/1.9.13/jackson-jaxrs-1.9.13.jar:/home/user/.m2/repository/org/codehaus/jackson/jackson-xc/1.9.13/jackson-xc-1.9.13.jar:/home/user/.m2/repository/commons-logging/commons-logging/1.1.3/commons-logging-1.1.3.jar:/home/user/.m2/repository/commons-beanutils/commons-beanutils/1.9.4/commons-beanutils-1.9.4.jar:/home/user/.m2/repository/org/apache/commons/commons-configuration2/2.1.1/commons-configuration2-2.1.1.jar:/home/user/.m2/repository/org/apache/commons/commons-lang3/3.7/commons-lang3-3.7.jar:/home/user/.m2/repository/org/apache/commons/commons-text/1.4/commons-text-1.4.jar:/home/user/.m2/repository/org/apache/avro/avro/1.7.7/avro-1.7.7.jar:/home/user/.m2/repository/com/thoughtworks/paranamer/paranamer/2.3/paranamer-2.3.jar:/home/user/.m2/repository/org/xerial/snappy/snappy-java/1.0.5/snappy-java-1.0.5.jar:/home/user/.m2/repository/com/google/re2j/re2j/1.1/re2j-1.1.jar:/home/user/.m2/repository/com/google/code/gson/gson/2.2.4/gson-2.2.4.jar:/home/user/.m2/repository/com/jcraft/jsch/0.1.54/jsch-0.1.54.jar:/home/user/.m2/repository/org/apache/curator/curator-client/2.12.0/curator-client-2.12.0.jar:/home/user/.m2/repository/org/apache/curator/curator-recipes/2.12.0/curator-recipes-2.12.0.jar:/home/user/.m2/repository/com/google/code/findbugs/jsr305/3.0.0/jsr305-3.0.0.jar:/home/user/.m2/repository/org/apache/htrace/htrace-core4/4.1.0-incubating/htrace-core4-4.1.0-incubating.jar:/home/user/.m2/repository/org/apache/zookeeper/zookeeper/3.4.13/zookeeper-3.4.13.jar:/home/user/.m2/repository/jline/jline/0.9.94/jline-0.9.94.jar:/home/user/.m2/repository/org/apache/yetus/audience-annotations/0.5.0/audience-annotations-0.5.0.jar:/home/user/.m2/repository/org/codehaus/woodstox/stax2-api/3.1.4/stax2-api-3.1.4.jar:/home/user/.m2/repository/com/fasterxml/woodstox/woodstox-core/5.0.3/woodstox-core-5.0.3.jar:/home/user/.m2/repository/dnsjava/dnsjava/2.1.7/dnsjava-2.1.7.jar:/home/user/.m2/repository/org/apache/hadoop/hadoop-hdfs/3.2.0/hadoop-hdfs-3.2.0-tests.jar:/home/user/.m2/repository/org/eclipse/jetty/jetty-util-ajax/9.3.25.v20180904/jetty-util-ajax-9.3.25.v20180904.jar:/home/user/.m2/repository/commons-daemon/commons-daemon/1.0.13/commons-daemon-1.0.13.jar:/home/user/.m2/repository/io/netty/netty/3.10.5.Final/netty-3.10.5.Final.jar:/home/user/.m2/repository/io/netty/netty-all/4.0.52.Final/netty-all-4.0.52.Final.jar:/home/user/.m2/repository/org/fusesource/leveldbjni/leveldbjni-all/1.8/leveldbjni-all-1.8.jar:"/>
    <property name="java.vm.vendor" value="Oracle Corporation"/>
    <property name="sun.arch.data.model" value="64"/>
    <property name="test.build.dir" value="/workdir/hadoop-ozone/integration-test/target/test-dir"/>
    <property name="test.cache.data" value=""/>
    <property name="java.vendor.url" value="http://java.oracle.com/"/>
    <property name="user.timezone" value=""/>
    <property name="java.vm.specification.version" value="1.8"/>
    <property name="os.name" value="Linux"/>
    <property name="test.build.data" value="/workdir/hadoop-ozone/integration-test/target/test-dir"/>
    <property name="user.country" value="US"/>
    <property name="sun.java.launcher" value="SUN_STANDARD"/>
    <property name="sun.boot.library.path" value="/usr/lib/jvm/java-1.8.0-openjdk-1.8.0.222.b10-1.el7_7.x86_64/jre/lib/amd64"/>
    <property name="sun.java.command" value="/workdir/hadoop-ozone/integration-test/target/surefire/surefirebooter2178473160101556423.jar /workdir/hadoop-ozone/integration-test/target/surefire 2019-10-17T06-25-58_183-jvmRun1 surefire8307930768190882040tmp surefire_427728169775194685679tmp"/>
    <property name="surefire.test.class.path" value="/workdir/hadoop-ozone/integration-test/target/test-classes:/workdir/hadoop-ozone/integration-test/target/classes:/home/user/.m2/repository/org/apache/hadoop/hadoop-ozone-common/0.5.0-SNAPSHOT/hadoop-ozone-common-0.5.0-SNAPSHOT.jar:/home/user/.m2/repository/org/apache/commons/commons-compress/1.4.1/commons-compress-1.4.1.jar:/home/user/.m2/repository/org/tukaani/xz/1.0/xz-1.0.jar:/home/user/.m2/repository/org/apache/hadoop/hadoop-common/3.2.0/hadoop-common-3.2.0.jar:/home/user/.m2/repository/org/apache/hadoop/hadoop-hdfs/3.2.0/hadoop-hdfs-3.2.0.jar:/home/user/.m2/repository/org/apache/hadoop/hadoop-hdfs-client/3.2.0/hadoop-hdfs-client-3.2.0.jar:/home/user/.m2/repository/com/fasterxml/jackson/core/jackson-annotations/2.9.9/jackson-annotations-2.9.9.jar:/home/user/.m2/repository/org/apache/hadoop/hadoop-hdds-common/0.5.0-SNAPSHOT/hadoop-hdds-common-0.5.0-SNAPSHOT.jar:/home/user/.m2/repository/javax/annotation/javax.annotation-api/1.2/javax.annotation-api-1.2.jar:/home/user/.m2/repository/org/apache/ratis/ratis-server/0.5.0-3f446aa-SNAPSHOT/ratis-server-0.5.0-3f446aa-SNAPSHOT.jar:/home/user/.m2/repository/org/apache/ratis/ratis-thirdparty-misc/0.2.0/ratis-thirdparty-misc-0.2.0.jar:/home/user/.m2/repository/org/apache/ratis/ratis-proto/0.5.0-3f446aa-SNAPSHOT/ratis-proto-0.5.0-3f446aa-SNAPSHOT.jar:/home/user/.m2/repository/org/apache/ratis/ratis-common/0.5.0-3f446aa-SNAPSHOT/ratis-common-0.5.0-3f446aa-SNAPSHOT.jar:/home/user/.m2/repository/org/apache/ratis/ratis-client/0.5.0-3f446aa-SNAPSHOT/ratis-client-0.5.0-3f446aa-SNAPSHOT.jar:/home/user/.m2/repository/org/apache/ratis/ratis-metrics/0.5.0-3f446aa-SNAPSHOT/ratis-metrics-0.5.0-3f446aa-SNAPSHOT.jar:/home/user/.m2/repository/com/github/joshelser/dropwizard-metrics-hadoop-metrics2-reporter/0.1.2/dropwizard-metrics-hadoop-metrics2-reporter-0.1.2.jar:/home/user/.m2/repository/io/dropwizard/metrics/metrics-jvm/3.2.5/metrics-jvm-3.2.5.jar:/home/user/.m2/repository/io/dropwizard/metrics/metrics-ganglia/3.2.5/metrics-ganglia-3.2.5.jar:/home/user/.m2/repository/info/ganglia/gmetric4j/gmetric4j/1.0.7/gmetric4j-1.0.7.jar:/home/user/.m2/repository/org/apache/ratis/ratis-netty/0.5.0-3f446aa-SNAPSHOT/ratis-netty-0.5.0-3f446aa-SNAPSHOT.jar:/home/user/.m2/repository/org/apache/ratis/ratis-grpc/0.5.0-3f446aa-SNAPSHOT/ratis-grpc-0.5.0-3f446aa-SNAPSHOT.jar:/home/user/.m2/repository/org/rocksdb/rocksdbjni/6.0.1/rocksdbjni-6.0.1.jar:/home/user/.m2/repository/org/apache/logging/log4j/log4j-api/2.11.0/log4j-api-2.11.0.jar:/home/user/.m2/repository/org/apache/logging/log4j/log4j-core/2.11.0/log4j-core-2.11.0.jar:/home/user/.m2/repository/com/lmax/disruptor/3.4.2/disruptor-3.4.2.jar:/home/user/.m2/repository/org/apache/commons/commons-pool2/2.6.0/commons-pool2-2.6.0.jar:/home/user/.m2/repository/org/bouncycastle/bcpkix-jdk15on/1.60/bcpkix-jdk15on-1.60.jar:/home/user/.m2/repository/commons-validator/commons-validator/1.6/commons-validator-1.6.jar:/home/user/.m2/repository/commons-digester/commons-digester/1.8.1/commons-digester-1.8.1.jar:/home/user/.m2/repository/io/jaegertracing/jaeger-client/0.34.0/jaeger-client-0.34.0.jar:/home/user/.m2/repository/io/jaegertracing/jaeger-thrift/0.34.0/jaeger-thrift-0.34.0.jar:/home/user/.m2/repository/org/apache/thrift/libthrift/0.12.0/libthrift-0.12.0.jar:/home/user/.m2/repository/com/squareup/okhttp3/okhttp/3.9.0/okhttp-3.9.0.jar:/home/user/.m2/repository/com/squareup/okio/okio/1.13.0/okio-1.13.0.jar:/home/user/.m2/repository/io/jaegertracing/jaeger-core/0.34.0/jaeger-core-0.34.0.jar:/home/user/.m2/repository/io/jaegertracing/jaeger-tracerresolver/0.34.0/jaeger-tracerresolver-0.34.0.jar:/home/user/.m2/repository/io/opentracing/contrib/opentracing-tracerresolver/0.1.5/opentracing-tracerresolver-0.1.5.jar:/home/user/.m2/repository/io/opentracing/opentracing-util/0.31.0/opentracing-util-0.31.0.jar:/home/user/.m2/repository/io/opentracing/opentracing-api/0.31.0/opentracing-api-0.31.0.jar:/home/user/.m2/repository/io/opentracing/opentracing-noop/0.31.0/opentracing-noop-0.31.0.jar:/home/user/.m2/repository/org/apache/hadoop/hadoop-hdds-server-framework/0.5.0-SNAPSHOT/hadoop-hdds-server-framework-0.5.0-SNAPSHOT.jar:/home/user/.m2/repository/org/apache/hadoop/hadoop-hdds-container-service/0.5.0-SNAPSHOT/hadoop-hdds-container-service-0.5.0-SNAPSHOT.jar:/home/user/.m2/repository/org/apache/hadoop/hadoop-hdds-client/0.5.0-SNAPSHOT/hadoop-hdds-client-0.5.0-SNAPSHOT.jar:/home/user/.m2/repository/org/apache/hadoop/hadoop-hdds-tools/0.5.0-SNAPSHOT/hadoop-hdds-tools-0.5.0-SNAPSHOT.jar:/home/user/.m2/repository/org/apache/hadoop/hadoop-hdds-server-scm/0.5.0-SNAPSHOT/hadoop-hdds-server-scm-0.5.0-SNAPSHOT.jar:/home/user/.m2/repository/org/apache/hadoop/hadoop-hdds-docs/0.5.0-SNAPSHOT/hadoop-hdds-docs-0.5.0-SNAPSHOT.jar:/home/user/.m2/repository/io/dropwizard/metrics/metrics-core/3.2.4/metrics-core-3.2.4.jar:/home/user/.m2/repository/org/hamcrest/hamcrest-all/1.3/hamcrest-all-1.3.jar:/home/user/.m2/repository/org/bouncycastle/bcprov-jdk15on/1.60/bcprov-jdk15on-1.60.jar:/home/user/.m2/repository/info/picocli/picocli/3.9.6/picocli-3.9.6.jar:/home/user/.m2/repository/com/google/protobuf/protobuf-java/2.5.0/protobuf-java-2.5.0.jar:/home/user/.m2/repository/com/google/guava/guava/11.0.2/guava-11.0.2.jar:/home/user/.m2/repository/org/apache/hadoop/hadoop-ozone-ozone-manager/0.5.0-SNAPSHOT/hadoop-ozone-ozone-manager-0.5.0-SNAPSHOT.jar:/home/user/.m2/repository/org/apache/hadoop/hadoop-minikdc/3.2.0/hadoop-minikdc-3.2.0.jar:/home/user/.m2/repository/commons-io/commons-io/2.5/commons-io-2.5.jar:/home/user/.m2/repository/org/apache/kerby/kerb-simplekdc/1.0.1/kerb-simplekdc-1.0.1.jar:/home/user/.m2/repository/org/apache/kerby/kerb-client/1.0.1/kerb-client-1.0.1.jar:/home/user/.m2/repository/org/apache/kerby/kerby-config/1.0.1/kerby-config-1.0.1.jar:/home/user/.m2/repository/org/apache/kerby/kerb-core/1.0.1/kerb-core-1.0.1.jar:/home/user/.m2/repository/org/apache/kerby/kerby-pkix/1.0.1/kerby-pkix-1.0.1.jar:/home/user/.m2/repository/org/apache/kerby/kerby-asn1/1.0.1/kerby-asn1-1.0.1.jar:/home/user/.m2/repository/org/apache/kerby/kerby-util/1.0.1/kerby-util-1.0.1.jar:/home/user/.m2/repository/org/apache/kerby/kerb-common/1.0.1/kerb-common-1.0.1.jar:/home/user/.m2/repository/org/apache/kerby/kerb-crypto/1.0.1/kerb-crypto-1.0.1.jar:/home/user/.m2/repository/org/apache/kerby/kerb-util/1.0.1/kerb-util-1.0.1.jar:/home/user/.m2/repository/org/apache/kerby/token-provider/1.0.1/token-provider-1.0.1.jar:/home/user/.m2/repository/org/apache/kerby/kerb-admin/1.0.1/kerb-admin-1.0.1.jar:/home/user/.m2/repository/org/apache/kerby/kerb-server/1.0.1/kerb-server-1.0.1.jar:/home/user/.m2/repository/org/apache/kerby/kerb-identity/1.0.1/kerb-identity-1.0.1.jar:/home/user/.m2/repository/org/apache/kerby/kerby-xdr/1.0.1/kerby-xdr-1.0.1.jar:/home/user/.m2/repository/org/slf4j/slf4j-log4j12/1.7.25/slf4j-log4j12-1.7.25.jar:/home/user/.m2/repository/org/apache/hadoop/hadoop-ozone-s3gateway/0.5.0-SNAPSHOT/hadoop-ozone-s3gateway-0.5.0-SNAPSHOT.jar:/home/user/.m2/repository/org/jboss/weld/servlet/weld-servlet/2.4.7.Final/weld-servlet-2.4.7.Final.jar:/home/user/.m2/repository/org/glassfish/jersey/containers/jersey-container-servlet-core/2.27/jersey-container-servlet-core-2.27.jar:/home/user/.m2/repository/org/glassfish/hk2/external/javax.inject/2.5.0-b42/javax.inject-2.5.0-b42.jar:/home/user/.m2/repository/org/glassfish/jersey/core/jersey-common/2.27/jersey-common-2.27.jar:/home/user/.m2/repository/org/glassfish/hk2/osgi-resource-locator/1.0.1/osgi-resource-locator-1.0.1.jar:/home/user/.m2/repository/javax/ws/rs/javax.ws.rs-api/2.1/javax.ws.rs-api-2.1.jar:/home/user/.m2/repository/org/glassfish/jersey/ext/cdi/jersey-cdi1x/2.27/jersey-cdi1x-2.27.jar:/home/user/.m2/repository/org/glassfish/jersey/inject/jersey-hk2/2.27/jersey-hk2-2.27.jar:/home/user/.m2/repository/org/glassfish/hk2/hk2-locator/2.5.0-b42/hk2-locator-2.5.0-b42.jar:/home/user/.m2/repository/org/javassist/javassist/3.22.0-CR2/javassist-3.22.0-CR2.jar:/home/user/.m2/repository/org/glassfish/hk2/hk2-api/2.5.0/hk2-api-2.5.0.jar:/home/user/.m2/repository/org/glassfish/hk2/external/jakarta.inject/2.5.0/jakarta.inject-2.5.0.jar:/home/user/.m2/repository/org/glassfish/hk2/hk2-utils/2.5.0/hk2-utils-2.5.0.jar:/home/user/.m2/repository/jakarta/annotation/jakarta.annotation-api/1.3.4/jakarta.annotation-api-1.3.4.jar:/home/user/.m2/repository/org/glassfish/hk2/external/aopalliance-repackaged/2.5.0/aopalliance-repackaged-2.5.0.jar:/home/user/.m2/repository/com/fasterxml/jackson/dataformat/jackson-dataformat-xml/2.9.0/jackson-dataformat-xml-2.9.0.jar:/home/user/.m2/repository/com/fasterxml/jackson/core/jackson-core/2.9.9/jackson-core-2.9.9.jar:/home/user/.m2/repository/com/fasterxml/jackson/module/jackson-module-jaxb-annotations/2.9.9/jackson-module-jaxb-annotations-2.9.9.jar:/home/user/.m2/repository/javax/enterprise/cdi-api/1.2/cdi-api-1.2.jar:/home/user/.m2/repository/javax/el/javax.el-api/3.0.0/javax.el-api-3.0.0.jar:/home/user/.m2/repository/javax/interceptor/javax.interceptor-api/1.2/javax.interceptor-api-1.2.jar:/home/user/.m2/repository/javax/inject/javax.inject/1/javax.inject-1.jar:/home/user/.m2/repository/com/sun/xml/bind/jaxb-impl/2.3.0.1/jaxb-impl-2.3.0.1.jar:/home/user/.m2/repository/com/sun/xml/bind/jaxb-core/2.3.0.1/jaxb-core-2.3.0.1.jar:/home/user/.m2/repository/javax/xml/bind/jaxb-api/2.3.0/jaxb-api-2.3.0.jar:/home/user/.m2/repository/javax/activation/activation/1.1.1/activation-1.1.1.jar:/home/user/.m2/repository/org/apache/hadoop/hadoop-ozone-csi/0.5.0-SNAPSHOT/hadoop-ozone-csi-0.5.0-SNAPSHOT.jar:/home/user/.m2/repository/com/google/protobuf/protobuf-java-util/3.5.1/protobuf-java-util-3.5.1.jar:/home/user/.m2/repository/org/apache/hadoop/hadoop-hdds-config/0.5.0-SNAPSHOT/hadoop-hdds-config-0.5.0-SNAPSHOT.jar:/home/user/.m2/repository/io/grpc/grpc-netty/1.17.1/grpc-netty-1.17.1.jar:/home/user/.m2/repository/io/grpc/grpc-core/1.17.1/grpc-core-1.17.1.jar:/home/user/.m2/repository/io/grpc/grpc-context/1.17.1/grpc-context-1.17.1.jar:/home/user/.m2/repository/com/google/errorprone/error_prone_annotations/2.2.0/error_prone_annotations-2.2.0.jar:/home/user/.m2/repository/org/codehaus/mojo/animal-sniffer-annotations/1.17/animal-sniffer-annotations-1.17.jar:/home/user/.m2/repository/io/opencensus/opencensus-api/0.17.0/opencensus-api-0.17.0.jar:/home/user/.m2/repository/io/opencensus/opencensus-contrib-grpc-metrics/0.17.0/opencensus-contrib-grpc-metrics-0.17.0.jar:/home/user/.m2/repository/io/netty/netty-codec-http2/4.1.30.Final/netty-codec-http2-4.1.30.Final.jar:/home/user/.m2/repository/io/netty/netty-codec-http/4.1.30.Final/netty-codec-http-4.1.30.Final.jar:/home/user/.m2/repository/io/netty/netty-codec/4.1.30.Final/netty-codec-4.1.30.Final.jar:/home/user/.m2/repository/io/netty/netty-handler/4.1.30.Final/netty-handler-4.1.30.Final.jar:/home/user/.m2/repository/io/netty/netty-handler-proxy/4.1.30.Final/netty-handler-proxy-4.1.30.Final.jar:/home/user/.m2/repository/io/netty/netty-codec-socks/4.1.30.Final/netty-codec-socks-4.1.30.Final.jar:/home/user/.m2/repository/io/netty/netty-transport-native-epoll/4.1.30.Final/netty-transport-native-epoll-4.1.30.Final.jar:/home/user/.m2/repository/io/netty/netty-common/4.1.30.Final/netty-common-4.1.30.Final.jar:/home/user/.m2/repository/io/netty/netty-buffer/4.1.30.Final/netty-buffer-4.1.30.Final.jar:/home/user/.m2/repository/io/netty/netty-transport/4.1.30.Final/netty-transport-4.1.30.Final.jar:/home/user/.m2/repository/io/netty/netty-resolver/4.1.30.Final/netty-resolver-4.1.30.Final.jar:/home/user/.m2/repository/io/netty/netty-transport-native-unix-common/4.1.30.Final/netty-transport-native-unix-common-4.1.30.Final.jar:/home/user/.m2/repository/io/grpc/grpc-protobuf/1.17.1/grpc-protobuf-1.17.1.jar:/home/user/.m2/repository/com/google/api/grpc/proto-google-common-protos/1.0.0/proto-google-common-protos-1.0.0.jar:/home/user/.m2/repository/io/grpc/grpc-protobuf-lite/1.17.1/grpc-protobuf-lite-1.17.1.jar:/home/user/.m2/repository/io/grpc/grpc-stub/1.17.1/grpc-stub-1.17.1.jar:/home/user/.m2/repository/org/apache/hadoop/hadoop-ozone-recon/0.5.0-SNAPSHOT/hadoop-ozone-recon-0.5.0-SNAPSHOT.jar:/home/user/.m2/repository/org/apache/hadoop/hadoop-ozone-reconcodegen/0.5.0-SNAPSHOT/hadoop-ozone-reconcodegen-0.5.0-SNAPSHOT.jar:/home/user/.m2/repository/com/google/inject/extensions/guice-multibindings/4.0/guice-multibindings-4.0.jar:/home/user/.m2/repository/com/google/inject/guice/4.0/guice-4.0.jar:/home/user/.m2/repository/aopalliance/aopalliance/1.0/aopalliance-1.0.jar:/home/user/.m2/repository/com/google/inject/extensions/guice-servlet/4.0/guice-servlet-4.0.jar:/home/user/.m2/repository/org/glassfish/jersey/containers/jersey-container-servlet/2.27/jersey-container-servlet-2.27.jar:/home/user/.m2/repository/org/glassfish/hk2/guice-bridge/2.5.0/guice-bridge-2.5.0.jar:/home/user/.m2/repository/org/glassfish/jersey/core/jersey-server/2.27/jersey-server-2.27.jar:/home/user/.m2/repository/org/glassfish/jersey/core/jersey-client/2.27/jersey-client-2.27.jar:/home/user/.m2/repository/org/glassfish/jersey/media/jersey-media-jaxb/2.27/jersey-media-jaxb-2.27.jar:/home/user/.m2/repository/javax/validation/validation-api/1.1.0.Final/validation-api-1.1.0.Final.jar:/home/user/.m2/repository/org/glassfish/jersey/media/jersey-media-json-jackson/2.27/jersey-media-json-jackson-2.27.jar:/home/user/.m2/repository/org/glassfish/jersey/ext/jersey-entity-filtering/2.27/jersey-entity-filtering-2.27.jar:/home/user/.m2/repository/com/google/inject/extensions/guice-assistedinject/4.0/guice-assistedinject-4.0.jar:/home/user/.m2/repository/org/jooq/jooq/3.11.10/jooq-3.11.10.jar:/home/user/.m2/repository/org/jooq/jooq-meta/3.11.10/jooq-meta-3.11.10.jar:/home/user/.m2/repository/org/jooq/jooq-codegen/3.11.10/jooq-codegen-3.11.10.jar:/home/user/.m2/repository/com/jolbox/bonecp/0.8.0.RELEASE/bonecp-0.8.0.RELEASE.jar:/home/user/.m2/repository/org/xerial/sqlite-jdbc/3.25.2/sqlite-jdbc-3.25.2.jar:/home/user/.m2/repository/org/springframework/spring-jdbc/5.1.3.RELEASE/spring-jdbc-5.1.3.RELEASE.jar:/home/user/.m2/repository/org/springframework/spring-beans/5.1.3.RELEASE/spring-beans-5.1.3.RELEASE.jar:/home/user/.m2/repository/org/springframework/spring-core/5.1.3.RELEASE/spring-core-5.1.3.RELEASE.jar:/home/user/.m2/repository/org/springframework/spring-jcl/5.1.3.RELEASE/spring-jcl-5.1.3.RELEASE.jar:/home/user/.m2/repository/org/springframework/spring-tx/5.1.3.RELEASE/spring-tx-5.1.3.RELEASE.jar:/home/user/.m2/repository/org/apache/hadoop/hadoop-ozone-client/0.5.0-SNAPSHOT/hadoop-ozone-client-0.5.0-SNAPSHOT.jar:/home/user/.m2/repository/commons-lang/commons-lang/2.6/commons-lang-2.6.jar:/home/user/.m2/repository/org/apache/hadoop/hadoop-ozone-ozone-manager/0.5.0-SNAPSHOT/hadoop-ozone-ozone-manager-0.5.0-SNAPSHOT-tests.jar:/home/user/.m2/repository/junit/junit/4.11/junit-4.11.jar:/home/user/.m2/repository/org/hamcrest/hamcrest-core/1.3/hamcrest-core-1.3.jar:/home/user/.m2/repository/org/openjdk/jmh/jmh-core/1.19/jmh-core-1.19.jar:/home/user/.m2/repository/net/sf/jopt-simple/jopt-simple/4.6/jopt-simple-4.6.jar:/home/user/.m2/repository/org/apache/commons/commons-math3/3.1.1/commons-math3-3.1.1.jar:/home/user/.m2/repository/org/openjdk/jmh/jmh-generator-annprocess/1.19/jmh-generator-annprocess-1.19.jar:/home/user/.m2/repository/org/mockito/mockito-all/1.8.5/mockito-all-1.8.5.jar:/home/user/.m2/repository/org/apache/hadoop/hadoop-kms/3.2.0/hadoop-kms-3.2.0.jar:/home/user/.m2/repository/org/apache/hadoop/hadoop-auth/3.2.0/hadoop-auth-3.2.0.jar:/home/user/.m2/repository/com/nimbusds/nimbus-jose-jwt/4.41.1/nimbus-jose-jwt-4.41.1.jar:/home/user/.m2/repository/com/github/stephenc/jcip/jcip-annotations/1.0-1/jcip-annotations-1.0-1.jar:/home/user/.m2/repository/net/minidev/json-smart/2.3/json-smart-2.3.jar:/home/user/.m2/repository/net/minidev/accessors-smart/1.2/accessors-smart-1.2.jar:/home/user/.m2/repository/org/ow2/asm/asm/5.0.4/asm-5.0.4.jar:/home/user/.m2/repository/org/apache/curator/curator-framework/2.12.0/curator-framework-2.12.0.jar:/home/user/.m2/repository/com/sun/jersey/jersey-core/1.19/jersey-core-1.19.jar:/home/user/.m2/repository/javax/ws/rs/jsr311-api/1.1.1/jsr311-api-1.1.1.jar:/home/user/.m2/repository/com/sun/jersey/jersey-server/1.19/jersey-server-1.19.jar:/home/user/.m2/repository/javax/servlet/javax.servlet-api/3.1.0/javax.servlet-api-3.1.0.jar:/home/user/.m2/repository/org/eclipse/jetty/jetty-server/9.3.25.v20180904/jetty-server-9.3.25.v20180904.jar:/home/user/.m2/repository/org/eclipse/jetty/jetty-http/9.3.25.v20180904/jetty-http-9.3.25.v20180904.jar:/home/user/.m2/repository/org/eclipse/jetty/jetty-io/9.3.25.v20180904/jetty-io-9.3.25.v20180904.jar:/home/user/.m2/repository/org/eclipse/jetty/jetty-webapp/9.3.25.v20180904/jetty-webapp-9.3.25.v20180904.jar:/home/user/.m2/repository/org/eclipse/jetty/jetty-xml/9.3.25.v20180904/jetty-xml-9.3.25.v20180904.jar:/home/user/.m2/repository/log4j/log4j/1.2.17/log4j-1.2.17.jar:/home/user/.m2/repository/org/slf4j/slf4j-api/1.7.25/slf4j-api-1.7.25.jar:/home/user/.m2/repository/org/slf4j/jul-to-slf4j/1.7.25/jul-to-slf4j-1.7.25.jar:/home/user/.m2/repository/org/eclipse/jetty/jetty-util/9.3.25.v20180904/jetty-util-9.3.25.v20180904.jar:/home/user/.m2/repository/com/fasterxml/jackson/core/jackson-databind/2.9.9/jackson-databind-2.9.9.jar:/home/user/.m2/repository/org/apache/hadoop/hadoop-kms/3.2.0/hadoop-kms-3.2.0-tests.jar:/home/user/.m2/repository/org/apache/hadoop/hadoop-hdds-server-scm/0.5.0-SNAPSHOT/hadoop-hdds-server-scm-0.5.0-SNAPSHOT-tests.jar:/home/user/.m2/repository/org/apache/hadoop/hadoop-hdds-container-service/0.5.0-SNAPSHOT/hadoop-hdds-container-service-0.5.0-SNAPSHOT-tests.jar:/home/user/.m2/repository/org/yaml/snakeyaml/1.16/snakeyaml-1.16.jar:/home/user/.m2/repository/org/apache/hadoop/hadoop-common/3.2.0/hadoop-common-3.2.0-tests.jar:/home/user/.m2/repository/org/apache/hadoop/hadoop-annotations/3.2.0/hadoop-annotations-3.2.0.jar:/usr/lib/jvm/java-1.8.0-openjdk-1.8.0.222.b10-1.el7_7.x86_64/jre/../lib/tools.jar:/home/user/.m2/repository/commons-cli/commons-cli/1.2/commons-cli-1.2.jar:/home/user/.m2/repository/org/apache/httpcomponents/httpclient/4.5.2/httpclient-4.5.2.jar:/home/user/.m2/repository/org/apache/httpcomponents/httpcore/4.4.4/httpcore-4.4.4.jar:/home/user/.m2/repository/commons-codec/commons-codec/1.11/commons-codec-1.11.jar:/home/user/.m2/repository/commons-net/commons-net/3.6/commons-net-3.6.jar:/home/user/.m2/repository/commons-collections/commons-collections/3.2.2/commons-collections-3.2.2.jar:/home/user/.m2/repository/org/eclipse/jetty/jetty-servlet/9.3.25.v20180904/jetty-servlet-9.3.25.v20180904.jar:/home/user/.m2/repository/org/eclipse/jetty/jetty-security/9.3.25.v20180904/jetty-security-9.3.25.v20180904.jar:/home/user/.m2/repository/javax/servlet/jsp/jsp-api/2.1/jsp-api-2.1.jar:/home/user/.m2/repository/com/sun/jersey/jersey-servlet/1.19/jersey-servlet-1.19.jar:/home/user/.m2/repository/com/sun/jersey/jersey-json/1.19/jersey-json-1.19.jar:/home/user/.m2/repository/org/codehaus/jettison/jettison/1.1/jettison-1.1.jar:/home/user/.m2/repository/org/codehaus/jackson/jackson-core-asl/1.9.13/jackson-core-asl-1.9.13.jar:/home/user/.m2/repository/org/codehaus/jackson/jackson-mapper-asl/1.9.13/jackson-mapper-asl-1.9.13.jar:/home/user/.m2/repository/org/codehaus/jackson/jackson-jaxrs/1.9.13/jackson-jaxrs-1.9.13.jar:/home/user/.m2/repository/org/codehaus/jackson/jackson-xc/1.9.13/jackson-xc-1.9.13.jar:/home/user/.m2/repository/commons-logging/commons-logging/1.1.3/commons-logging-1.1.3.jar:/home/user/.m2/repository/commons-beanutils/commons-beanutils/1.9.4/commons-beanutils-1.9.4.jar:/home/user/.m2/repository/org/apache/commons/commons-configuration2/2.1.1/commons-configuration2-2.1.1.jar:/home/user/.m2/repository/org/apache/commons/commons-lang3/3.7/commons-lang3-3.7.jar:/home/user/.m2/repository/org/apache/commons/commons-text/1.4/commons-text-1.4.jar:/home/user/.m2/repository/org/apache/avro/avro/1.7.7/avro-1.7.7.jar:/home/user/.m2/repository/com/thoughtworks/paranamer/paranamer/2.3/paranamer-2.3.jar:/home/user/.m2/repository/org/xerial/snappy/snappy-java/1.0.5/snappy-java-1.0.5.jar:/home/user/.m2/repository/com/google/re2j/re2j/1.1/re2j-1.1.jar:/home/user/.m2/repository/com/google/code/gson/gson/2.2.4/gson-2.2.4.jar:/home/user/.m2/repository/com/jcraft/jsch/0.1.54/jsch-0.1.54.jar:/home/user/.m2/repository/org/apache/curator/curator-client/2.12.0/curator-client-2.12.0.jar:/home/user/.m2/repository/org/apache/curator/curator-recipes/2.12.0/curator-recipes-2.12.0.jar:/home/user/.m2/repository/com/google/code/findbugs/jsr305/3.0.0/jsr305-3.0.0.jar:/home/user/.m2/repository/org/apache/htrace/htrace-core4/4.1.0-incubating/htrace-core4-4.1.0-incubating.jar:/home/user/.m2/repository/org/apache/zookeeper/zookeeper/3.4.13/zookeeper-3.4.13.jar:/home/user/.m2/repository/jline/jline/0.9.94/jline-0.9.94.jar:/home/user/.m2/repository/org/apache/yetus/audience-annotations/0.5.0/audience-annotations-0.5.0.jar:/home/user/.m2/repository/org/codehaus/woodstox/stax2-api/3.1.4/stax2-api-3.1.4.jar:/home/user/.m2/repository/com/fasterxml/woodstox/woodstox-core/5.0.3/woodstox-core-5.0.3.jar:/home/user/.m2/repository/dnsjava/dnsjava/2.1.7/dnsjava-2.1.7.jar:/home/user/.m2/repository/org/apache/hadoop/hadoop-hdfs/3.2.0/hadoop-hdfs-3.2.0-tests.jar:/home/user/.m2/repository/org/eclipse/jetty/jetty-util-ajax/9.3.25.v20180904/jetty-util-ajax-9.3.25.v20180904.jar:/home/user/.m2/repository/commons-daemon/commons-daemon/1.0.13/commons-daemon-1.0.13.jar:/home/user/.m2/repository/io/netty/netty/3.10.5.Final/netty-3.10.5.Final.jar:/home/user/.m2/repository/io/netty/netty-all/4.0.52.Final/netty-all-4.0.52.Final.jar:/home/user/.m2/repository/org/fusesource/leveldbjni/leveldbjni-all/1.8/leveldbjni-all-1.8.jar:"/>
    <property name="sun.cpu.endian" value="little"/>
    <property name="user.home" value="/home/user"/>
    <property name="user.language" value="en"/>
    <property name="java.specification.vendor" value="Oracle Corporation"/>
    <property name="java.home" value="/usr/lib/jvm/java-1.8.0-openjdk-1.8.0.222.b10-1.el7_7.x86_64/jre"/>
    <property name="surefire.excludesFile" value="/tools/ozone-bad-unit-tests"/>
    <property name="java.security.krb5.conf" value="/workdir/hadoop-ozone/integration-test/target/test-classes/krb5.conf"/>
    <property name="basedir" value="/workdir/hadoop-ozone/integration-test"/>
    <property name="file.separator" value="/"/>
    <property name="line.separator" value="&#10;"/>
    <property name="java.vm.specification.vendor" value="Oracle Corporation"/>
    <property name="java.specification.name" value="Java Platform API Specification"/>
    <property name="java.awt.graphicsenv" value="sun.awt.X11GraphicsEnvironment"/>
    <property name="surefire.real.class.path" value="/workdir/hadoop-ozone/integration-test/target/surefire/surefirebooter2178473160101556423.jar"/>
    <property name="hadoop.log.dir" value="/workdir/hadoop-ozone/integration-test/target/log"/>
    <property name="sun.boot.class.path" value="/usr/lib/jvm/java-1.8.0-openjdk-1.8.0.222.b10-1.el7_7.x86_64/jre/lib/resources.jar:/usr/lib/jvm/java-1.8.0-openjdk-1.8.0.222.b10-1.el7_7.x86_64/jre/lib/rt.jar:/usr/lib/jvm/java-1.8.0-openjdk-1.8.0.222.b10-1.el7_7.x86_64/jre/lib/sunrsasign.jar:/usr/lib/jvm/java-1.8.0-openjdk-1.8.0.222.b10-1.el7_7.x86_64/jre/lib/jsse.jar:/usr/lib/jvm/java-1.8.0-openjdk-1.8.0.222.b10-1.el7_7.x86_64/jre/lib/jce.jar:/usr/lib/jvm/java-1.8.0-openjdk-1.8.0.222.b10-1.el7_7.x86_64/jre/lib/charsets.jar:/usr/lib/jvm/java-1.8.0-openjdk-1.8.0.222.b10-1.el7_7.x86_64/jre/lib/jfr.jar:/usr/lib/jvm/java-1.8.0-openjdk-1.8.0.222.b10-1.el7_7.x86_64/jre/classes"/>
    <property name="sun.management.compiler" value="HotSpot 64-Bit Tiered Compilers"/>
    <property name="java.runtime.version" value="1.8.0_222-b10"/>
    <property name="java.net.preferIPv4Stack" value="true"/>
    <property name="user.name" value="jenkins1000"/>
    <property name="path.separator" value=":"/>
    <property name="java.security.egd" value="file:///dev/urandom"/>
    <property name="os.version" value="3.10.0-957.12.2.el7.x86_64"/>
    <property name="java.endorsed.dirs" value="/usr/lib/jvm/java-1.8.0-openjdk-1.8.0.222.b10-1.el7_7.x86_64/jre/lib/endorsed"/>
    <property name="java.runtime.name" value="OpenJDK Runtime Environment"/>
    <property name="file.encoding" value="ANSI_X3.4-1968"/>
    <property name="java.vm.name" value="OpenJDK 64-Bit Server VM"/>
    <property name="test.build.webapps" value=""/>
    <property name="localRepository" value="/home/user/.m2/repository"/>
    <property name="java.vendor.url.bug" value="http://bugreport.sun.com/bugreport/"/>
    <property name="java.io.tmpdir" value="/tmp"/>
    <property name="require.test.libhadoop" value=""/>
    <property name="java.version" value="1.8.0_222"/>
    <property name="user.dir" value="/workdir/hadoop-ozone/integration-test"/>
    <property name="os.arch" value="amd64"/>
    <property name="java.vm.specification.name" value="Java Virtual Machine Specification"/>
    <property name="test.build.classes" value="/workdir/hadoop-ozone/integration-test/target/test-classes"/>
    <property name="java.awt.printerjob" value="sun.print.PSPrinterJob"/>
    <property name="sun.os.patch.level" value="unknown"/>
    <property name="hadoop.tmp.dir" value="/workdir/hadoop-ozone/integration-test/target/tmp"/>
    <property name="java.library.path" value="/usr/lib:/workdir/hadoop-ozone/integration-test/target/native/target/usr/local/lib:/workdir/hadoop-ozone/integration-test/../../hadoop-common-project/hadoop-common/target/native/target/usr/local/lib:/usr/java/packages/lib/amd64:/usr/lib64:/lib64:/lib:/usr/lib"/>
    <property name="java.vm.info" value="mixed mode"/>
    <property name="java.vendor" value="Oracle Corporation"/>
    <property name="java.vm.version" value="25.222-b10"/>
    <property name="java.ext.dirs" value="/usr/lib/jvm/java-1.8.0-openjdk-1.8.0.222.b10-1.el7_7.x86_64/jre/lib/ext:/usr/java/packages/lib/ext"/>
    <property name="sun.io.unicode.encoding" value="UnicodeLittle"/>
    <property name="java.class.version" value="52.0"/>
  </properties>
  <testcase name="testDeleteKeyWithSlowFollower" classname="org.apache.hadoop.ozone.client.rpc.TestDeleteWithSlowFollower" time="112.101">
    <failure type="java.lang.AssertionError">java.lang.AssertionError
	at org.junit.Assert.fail(Assert.java:86)
	at org.junit.Assert.assertTrue(Assert.java:41)
	at org.junit.Assert.assertTrue(Assert.java:52)
	at org.apache.hadoop.ozone.client.rpc.TestDeleteWithSlowFollower.testDeleteKeyWithSlowFollower(TestDeleteWithSlowFollower.java:265)
	at sun.reflect.NativeMethodAccessorImpl.invoke0(Native Method)
	at sun.reflect.NativeMethodAccessorImpl.invoke(NativeMethodAccessorImpl.java:62)
	at sun.reflect.DelegatingMethodAccessorImpl.invoke(DelegatingMethodAccessorImpl.java:43)
	at java.lang.reflect.Method.invoke(Method.java:498)
	at org.junit.runners.model.FrameworkMethod$1.runReflectiveCall(FrameworkMethod.java:47)
	at org.junit.internal.runners.model.ReflectiveCallable.run(ReflectiveCallable.java:12)
	at org.junit.runners.model.FrameworkMethod.invokeExplosively(FrameworkMethod.java:44)
	at org.junit.internal.runners.statements.InvokeMethod.evaluate(InvokeMethod.java:17)
	at org.junit.runners.ParentRunner.runLeaf(ParentRunner.java:271)
	at org.junit.runners.BlockJUnit4ClassRunner.runChild(BlockJUnit4ClassRunner.java:70)
	at org.junit.runners.BlockJUnit4ClassRunner.runChild(BlockJUnit4ClassRunner.java:50)
	at org.junit.runners.ParentRunner$3.run(ParentRunner.java:238)
	at org.junit.runners.ParentRunner$1.schedule(ParentRunner.java:63)
	at org.junit.runners.ParentRunner.runChildren(ParentRunner.java:236)
	at org.junit.runners.ParentRunner.access$000(ParentRunner.java:53)
	at org.junit.runners.ParentRunner$2.evaluate(ParentRunner.java:229)
	at org.junit.internal.runners.statements.RunBefores.evaluate(RunBefores.java:26)
	at org.junit.internal.runners.statements.RunAfters.evaluate(RunAfters.java:27)
	at org.junit.runners.ParentRunner.run(ParentRunner.java:309)
	at org.apache.maven.surefire.junit4.JUnit4Provider.execute(JUnit4Provider.java:365)
	at org.apache.maven.surefire.junit4.JUnit4Provider.executeWithRerun(JUnit4Provider.java:273)
	at org.apache.maven.surefire.junit4.JUnit4Provider.executeTestSet(JUnit4Provider.java:238)
	at org.apache.maven.surefire.junit4.JUnit4Provider.invoke(JUnit4Provider.java:159)
	at org.apache.maven.surefire.booter.ForkedBooter.invokeProviderInSameClassLoader(ForkedBooter.java:384)
	at org.apache.maven.surefire.booter.ForkedBooter.runSuitesInProcess(ForkedBooter.java:345)
	at org.apache.maven.surefire.booter.ForkedBooter.execute(ForkedBooter.java:126)
	at org.apache.maven.surefire.booter.ForkedBooter.main(ForkedBooter.java:418)
</failure>
    <system-out><![CDATA[2019-10-17 07:00:24,067 [main] WARN  server.ServerUtils (ServerUtils.java:getScmDbDir(145)) - ozone.scm.db.dirs is not configured. We recommend adding this setting. Falling back to ozone.metadata.dirs instead.
2019-10-17 07:00:24,185 [main] WARN  server.ServerUtils (ServerUtils.java:getScmDbDir(145)) - ozone.scm.db.dirs is not configured. We recommend adding this setting. Falling back to ozone.metadata.dirs instead.
2019-10-17 07:00:24,188 [main] WARN  server.ServerUtils (ServerUtils.java:getScmDbDir(145)) - ozone.scm.db.dirs is not configured. We recommend adding this setting. Falling back to ozone.metadata.dirs instead.
2019-10-17 07:00:24,213 [main] INFO  util.log (Log.java:initialized(192)) - Logging initialized @818ms
2019-10-17 07:00:24,341 [main] INFO  db.DBStoreBuilder (DBStoreBuilder.java:addTable(117)) - using custom profile for table: deletedBlocks
2019-10-17 07:00:24,342 [main] INFO  db.DBStoreBuilder (DBStoreBuilder.java:processTables(168)) - Using default column profile:DBProfile.DISK for Table:deletedBlocks
2019-10-17 07:00:24,342 [main] INFO  db.DBStoreBuilder (DBStoreBuilder.java:addTable(117)) - using custom profile for table: validCerts
2019-10-17 07:00:24,343 [main] INFO  db.DBStoreBuilder (DBStoreBuilder.java:processTables(168)) - Using default column profile:DBProfile.DISK for Table:validCerts
2019-10-17 07:00:24,343 [main] INFO  db.DBStoreBuilder (DBStoreBuilder.java:addTable(117)) - using custom profile for table: revokedCerts
2019-10-17 07:00:24,343 [main] INFO  db.DBStoreBuilder (DBStoreBuilder.java:processTables(168)) - Using default column profile:DBProfile.DISK for Table:revokedCerts
2019-10-17 07:00:24,358 [main] INFO  db.DBStoreBuilder (DBStoreBuilder.java:addTable(117)) - using custom profile for table: default
2019-10-17 07:00:24,358 [main] INFO  db.DBStoreBuilder (DBStoreBuilder.java:processTables(174)) - Using default column profile:DBProfile.DISK for Table:default
2019-10-17 07:00:24,360 [main] INFO  db.DBStoreBuilder (DBStoreBuilder.java:getDbProfile(205)) - Using default options. DBProfile.DISK
2019-10-17 07:00:24,653 [main] INFO  net.NodeSchemaLoader (NodeSchemaLoader.java:loadSchemaFromFile(125)) - Loading file from sun.misc.CompoundEnumeration@74235045
2019-10-17 07:00:24,655 [main] INFO  net.NodeSchemaLoader (NodeSchemaLoader.java:loadSchema(171)) - Loading network topology layer schema file
2019-10-17 07:00:24,714 [main] WARN  server.ServerUtils (ServerUtils.java:sanitizeUserArgs(70)) - ozone.scm.stale.node.interval value = 1000000 is larger than max = 100000 based on the key value of ozone.scm.heartbeat.thread.interval, reset to the max value 100000.
2019-10-17 07:00:24,716 [main] WARN  server.ServerUtils (ServerUtils.java:sanitizeUserArgs(70)) - ozone.scm.stale.node.interval value = 1000000 is larger than max = 100000 based on the key value of ozone.scm.heartbeat.thread.interval, reset to the max value 100000.
2019-10-17 07:00:24,719 [main] INFO  node.SCMNodeManager (SCMNodeManager.java:<init>(116)) - Entering startup safe mode.
2019-10-17 07:00:24,799 [main] INFO  algorithms.ContainerPlacementPolicyFactory (ContainerPlacementPolicyFactory.java:getPolicy(57)) - Create container placement policy of type org.apache.hadoop.hdds.scm.container.placement.algorithms.SCMContainerPlacementRandom
2019-10-17 07:00:24,812 [main] WARN  server.ServerUtils (ServerUtils.java:getScmDbDir(145)) - ozone.scm.db.dirs is not configured. We recommend adding this setting. Falling back to ozone.metadata.dirs instead.
2019-10-17 07:00:24,868 [main] INFO  pipeline.SCMPipelineManager (SCMPipelineManager.java:initializePipelineState(132)) - No pipeline exists in current db
2019-10-17 07:00:24,871 [main] WARN  server.ServerUtils (ServerUtils.java:getScmDbDir(145)) - ozone.scm.db.dirs is not configured. We recommend adding this setting. Falling back to ozone.metadata.dirs instead.
2019-10-17 07:00:24,961 [main] WARN  events.EventQueue (EventQueue.java:fireEvent(183)) - No event handler registered for event TypedEvent{payloadType=SafeModeStatus, name='SafeModeStatus'}
2019-10-17 07:00:25,313 [main] INFO  ipc.CallQueueManager (CallQueueManager.java:<init>(84)) - Using callQueue: class java.util.concurrent.LinkedBlockingQueue, queueCapacity: 2000, scheduler: class org.apache.hadoop.ipc.DefaultRpcScheduler, ipcBackoff: false.
2019-10-17 07:00:25,423 [Socket Reader #1 for port 33276] INFO  ipc.Server (Server.java:run(1074)) - Starting Socket Reader #1 for port 33276
2019-10-17 07:00:25,462 [main] INFO  ipc.CallQueueManager (CallQueueManager.java:<init>(84)) - Using callQueue: class java.util.concurrent.LinkedBlockingQueue, queueCapacity: 2000, scheduler: class org.apache.hadoop.ipc.DefaultRpcScheduler, ipcBackoff: false.
2019-10-17 07:00:25,463 [Socket Reader #1 for port 40842] INFO  ipc.Server (Server.java:run(1074)) - Starting Socket Reader #1 for port 40842
2019-10-17 07:00:25,473 [main] INFO  ipc.CallQueueManager (CallQueueManager.java:<init>(84)) - Using callQueue: class java.util.concurrent.LinkedBlockingQueue, queueCapacity: 2000, scheduler: class org.apache.hadoop.ipc.DefaultRpcScheduler, ipcBackoff: false.
2019-10-17 07:00:25,474 [Socket Reader #1 for port 40381] INFO  ipc.Server (Server.java:run(1074)) - Starting Socket Reader #1 for port 40381
2019-10-17 07:00:25,499 [main] INFO  hdfs.DFSUtil (DFSUtil.java:httpServerTemplateForNNAndJN(1641)) - Starting Web-server for scm at: http://0.0.0.0:0
2019-10-17 07:00:25,677 [main] INFO  server.AuthenticationFilter (AuthenticationFilter.java:constructSecretProvider(240)) - Unable to initialize FileSignerSecretProvider, falling back to use random secrets.
2019-10-17 07:00:25,685 [main] WARN  http.HttpRequestLog (HttpRequestLog.java:getRequestLog(97)) - Jetty request log can only be enabled using Log4j
2019-10-17 07:00:25,693 [main] INFO  http.HttpServer2 (HttpServer2.java:addGlobalFilter(975)) - Added global filter 'safety' (class=org.apache.hadoop.http.HttpServer2$QuotingInputFilter)
2019-10-17 07:00:25,696 [main] INFO  http.HttpServer2 (HttpServer2.java:addFilter(948)) - Added filter static_user_filter (class=org.apache.hadoop.http.lib.StaticUserWebFilter$StaticUserFilter) to context scm
2019-10-17 07:00:25,696 [main] INFO  http.HttpServer2 (HttpServer2.java:addFilter(958)) - Added filter static_user_filter (class=org.apache.hadoop.http.lib.StaticUserWebFilter$StaticUserFilter) to context logs
2019-10-17 07:00:25,696 [main] INFO  http.HttpServer2 (HttpServer2.java:addFilter(958)) - Added filter static_user_filter (class=org.apache.hadoop.http.lib.StaticUserWebFilter$StaticUserFilter) to context static
2019-10-17 07:00:25,727 [main] INFO  server.StorageContainerManager (StorageContainerManager.java:start(772)) - StorageContainerLocationProtocol RPC server is listening at /0.0.0.0:40381
2019-10-17 07:00:25,796 [main] WARN  impl.MetricsConfig (MetricsConfig.java:loadFirst(134)) - Cannot locate configuration: tried hadoop-metrics2-storagecontainermanager.properties,hadoop-metrics2.properties
2019-10-17 07:00:25,809 [main] INFO  impl.MetricsSystemImpl (MetricsSystemImpl.java:startTimer(374)) - Scheduled Metric snapshot period at 10 second(s).
2019-10-17 07:00:25,809 [main] INFO  impl.MetricsSystemImpl (MetricsSystemImpl.java:start(191)) - StorageContainerManager metrics system started
2019-10-17 07:00:26,033 [main] INFO  server.SCMClientProtocolServer (SCMClientProtocolServer.java:start(159)) - RPC server for Client  is listening at /0.0.0.0:40381
2019-10-17 07:00:26,033 [IPC Server listener on 40381] INFO  ipc.Server (Server.java:run(1153)) - IPC Server listener on 40381: starting
2019-10-17 07:00:26,033 [IPC Server Responder] INFO  ipc.Server (Server.java:run(1314)) - IPC Server Responder: starting
2019-10-17 07:00:26,036 [main] INFO  server.StorageContainerManager (StorageContainerManager.java:start(782)) - ScmBlockLocationProtocol RPC server is listening at /0.0.0.0:40842
2019-10-17 07:00:26,037 [main] INFO  server.SCMBlockProtocolServer (SCMBlockProtocolServer.java:start(146)) - RPC server for Block Protocol is listening at /0.0.0.0:40842
2019-10-17 07:00:26,037 [IPC Server Responder] INFO  ipc.Server (Server.java:run(1314)) - IPC Server Responder: starting
2019-10-17 07:00:26,037 [IPC Server listener on 40842] INFO  ipc.Server (Server.java:run(1153)) - IPC Server listener on 40842: starting
2019-10-17 07:00:26,039 [main] INFO  server.StorageContainerManager (StorageContainerManager.java:start(786)) - ScmDatanodeProtocl RPC server is listening at /0.0.0.0:33276
2019-10-17 07:00:26,039 [main] INFO  server.SCMDatanodeProtocolServer (SCMDatanodeProtocolServer.java:start(169)) - RPC server for DataNodes is listening at /0.0.0.0:33276
2019-10-17 07:00:26,040 [IPC Server Responder] INFO  ipc.Server (Server.java:run(1314)) - IPC Server Responder: starting
2019-10-17 07:00:26,040 [IPC Server listener on 33276] INFO  ipc.Server (Server.java:run(1153)) - IPC Server listener on 33276: starting
2019-10-17 07:00:26,043 [main] INFO  http.HttpServer2 (HttpServer2.java:bindListener(1191)) - Jetty bound to port 45029
2019-10-17 07:00:26,045 [main] INFO  server.Server (Server.java:doStart(351)) - jetty-9.3.25.v20180904, build timestamp: 2018-09-04T21:11:46Z, git hash: 3ce520221d0240229c862b122d2b06c12a625732
2019-10-17 07:00:26,081 [main] INFO  handler.ContextHandler (ContextHandler.java:doStart(781)) - Started o.e.j.s.ServletContextHandler@42f8285e{/logs,file:///workdir/hadoop-ozone/integration-test/target/log,AVAILABLE}
2019-10-17 07:00:26,081 [main] INFO  handler.ContextHandler (ContextHandler.java:doStart(781)) - Started o.e.j.s.ServletContextHandler@3724af13{/static,file:///workdir/hadoop-ozone/integration-test/target/test-classes/webapps/static,AVAILABLE}
2019-10-17 07:00:26,113 [main] INFO  handler.ContextHandler (ContextHandler.java:doStart(781)) - Started o.e.j.w.WebAppContext@24a1c17f{/,file:///workdir/hadoop-ozone/integration-test/target/test-classes/webapps/scm/,AVAILABLE}{/scm}
2019-10-17 07:00:26,118 [main] INFO  server.AbstractConnector (AbstractConnector.java:doStart(278)) - Started ServerConnector@4d63b624{HTTP/1.1,[http/1.1]}{0.0.0.0:45029}
2019-10-17 07:00:26,118 [main] INFO  server.Server (Server.java:doStart(419)) - Started @2724ms
2019-10-17 07:00:26,120 [main] INFO  impl.MetricsSinkAdapter (MetricsSinkAdapter.java:start(204)) - Sink prometheus started
2019-10-17 07:00:26,121 [main] INFO  impl.MetricsSystemImpl (MetricsSystemImpl.java:registerSink(301)) - Registered sink prometheus
2019-10-17 07:00:26,123 [main] INFO  server.BaseHttpServer (BaseHttpServer.java:updateConnectorAddress(215)) - HTTP server of SCM is listening at http://0.0.0.0:45029
2019-10-17 07:00:26,130 [org.apache.hadoop.util.JvmPauseMonitor$Monitor@4b629f13] INFO  util.JvmPauseMonitor (JvmPauseMonitor.java:run(188)) - Starting JVM pause monitor
2019-10-17 07:00:26,135 [main] WARN  server.ServerUtils (ServerUtils.java:getDBPath(222)) - ozone.om.db.dirs is not configured. We recommend adding this setting. Falling back to ozone.metadata.dirs instead.
2019-10-17 07:00:26,243 [main] INFO  ha.OMHANodeDetails (OMHANodeDetails.java:loadOMHAConfig(190)) - Configuration either no ozone.om.address set. Falling back to the default OM address /127.0.0.1:0
2019-10-17 07:00:26,243 [main] INFO  ha.OMHANodeDetails (OMHANodeDetails.java:getOMNodeDetails(220)) - OM Service ID is not set. Setting it to the default ID: omServiceIdDefault
2019-10-17 07:00:26,245 [main] WARN  server.ServerUtils (ServerUtils.java:getDBPath(222)) - ozone.om.db.dirs is not configured. We recommend adding this setting. Falling back to ozone.metadata.dirs instead.
2019-10-17 07:00:26,245 [main] WARN  server.ServerUtils (ServerUtils.java:getDBPath(222)) - ozone.om.db.dirs is not configured. We recommend adding this setting. Falling back to ozone.metadata.dirs instead.
2019-10-17 07:00:26,908 [main] WARN  server.ServerUtils (ServerUtils.java:getDBPath(222)) - ozone.om.db.dirs is not configured. We recommend adding this setting. Falling back to ozone.metadata.dirs instead.
2019-10-17 07:00:26,915 [main] INFO  db.DBStoreBuilder (DBStoreBuilder.java:addTable(117)) - using custom profile for table: userTable
2019-10-17 07:00:26,916 [main] INFO  db.DBStoreBuilder (DBStoreBuilder.java:processTables(168)) - Using default column profile:DBProfile.DISK for Table:userTable
2019-10-17 07:00:26,916 [main] INFO  db.DBStoreBuilder (DBStoreBuilder.java:addTable(117)) - using custom profile for table: volumeTable
2019-10-17 07:00:26,916 [main] INFO  db.DBStoreBuilder (DBStoreBuilder.java:processTables(168)) - Using default column profile:DBProfile.DISK for Table:volumeTable
2019-10-17 07:00:26,916 [main] INFO  db.DBStoreBuilder (DBStoreBuilder.java:addTable(117)) - using custom profile for table: bucketTable
2019-10-17 07:00:26,917 [main] INFO  db.DBStoreBuilder (DBStoreBuilder.java:processTables(168)) - Using default column profile:DBProfile.DISK for Table:bucketTable
2019-10-17 07:00:26,917 [main] INFO  db.DBStoreBuilder (DBStoreBuilder.java:addTable(117)) - using custom profile for table: keyTable
2019-10-17 07:00:26,917 [main] INFO  db.DBStoreBuilder (DBStoreBuilder.java:processTables(168)) - Using default column profile:DBProfile.DISK for Table:keyTable
2019-10-17 07:00:26,917 [main] INFO  db.DBStoreBuilder (DBStoreBuilder.java:addTable(117)) - using custom profile for table: deletedTable
2019-10-17 07:00:26,917 [main] INFO  db.DBStoreBuilder (DBStoreBuilder.java:processTables(168)) - Using default column profile:DBProfile.DISK for Table:deletedTable
2019-10-17 07:00:26,918 [main] INFO  db.DBStoreBuilder (DBStoreBuilder.java:addTable(117)) - using custom profile for table: openKeyTable
2019-10-17 07:00:26,918 [main] INFO  db.DBStoreBuilder (DBStoreBuilder.java:processTables(168)) - Using default column profile:DBProfile.DISK for Table:openKeyTable
2019-10-17 07:00:26,918 [main] INFO  db.DBStoreBuilder (DBStoreBuilder.java:addTable(117)) - using custom profile for table: s3Table
2019-10-17 07:00:26,918 [main] INFO  db.DBStoreBuilder (DBStoreBuilder.java:processTables(168)) - Using default column profile:DBProfile.DISK for Table:s3Table
2019-10-17 07:00:26,919 [main] INFO  db.DBStoreBuilder (DBStoreBuilder.java:addTable(117)) - using custom profile for table: multipartInfoTable
2019-10-17 07:00:26,919 [main] INFO  db.DBStoreBuilder (DBStoreBuilder.java:processTables(168)) - Using default column profile:DBProfile.DISK for Table:multipartInfoTable
2019-10-17 07:00:26,919 [main] INFO  db.DBStoreBuilder (DBStoreBuilder.java:addTable(117)) - using custom profile for table: dTokenTable
2019-10-17 07:00:26,919 [main] INFO  db.DBStoreBuilder (DBStoreBuilder.java:processTables(168)) - Using default column profile:DBProfile.DISK for Table:dTokenTable
2019-10-17 07:00:26,920 [main] INFO  db.DBStoreBuilder (DBStoreBuilder.java:addTable(117)) - using custom profile for table: s3SecretTable
2019-10-17 07:00:26,920 [main] INFO  db.DBStoreBuilder (DBStoreBuilder.java:processTables(168)) - Using default column profile:DBProfile.DISK for Table:s3SecretTable
2019-10-17 07:00:26,920 [main] INFO  db.DBStoreBuilder (DBStoreBuilder.java:addTable(117)) - using custom profile for table: prefixTable
2019-10-17 07:00:26,920 [main] INFO  db.DBStoreBuilder (DBStoreBuilder.java:processTables(168)) - Using default column profile:DBProfile.DISK for Table:prefixTable
2019-10-17 07:00:26,920 [main] INFO  db.DBStoreBuilder (DBStoreBuilder.java:addTable(117)) - using custom profile for table: default
2019-10-17 07:00:26,921 [main] INFO  db.DBStoreBuilder (DBStoreBuilder.java:processTables(174)) - Using default column profile:DBProfile.DISK for Table:default
2019-10-17 07:00:26,921 [main] INFO  db.DBStoreBuilder (DBStoreBuilder.java:getDbProfile(205)) - Using default options. DBProfile.DISK
2019-10-17 07:00:27,467 [main] INFO  ipc.CallQueueManager (CallQueueManager.java:<init>(84)) - Using callQueue: class java.util.concurrent.LinkedBlockingQueue, queueCapacity: 2000, scheduler: class org.apache.hadoop.ipc.DefaultRpcScheduler, ipcBackoff: false.
2019-10-17 07:00:27,468 [Socket Reader #1 for port 46414] INFO  ipc.Server (Server.java:run(1074)) - Starting Socket Reader #1 for port 46414
2019-10-17 07:00:27,489 [main] INFO  om.OzoneManager (OzoneManager.java:start(1071)) - OzoneManager RPC server is listening at localhost/127.0.0.1:46414
2019-10-17 07:00:27,490 [main] INFO  impl.MetricsSystemImpl (MetricsSystemImpl.java:init(158)) - OzoneManager metrics system started (again)
2019-10-17 07:00:27,497 [IPC Server Responder] INFO  ipc.Server (Server.java:run(1314)) - IPC Server Responder: starting
2019-10-17 07:00:27,497 [IPC Server listener on 46414] INFO  ipc.Server (Server.java:run(1153)) - IPC Server listener on 46414: starting
2019-10-17 07:00:27,503 [main] INFO  hdfs.DFSUtil (DFSUtil.java:httpServerTemplateForNNAndJN(1641)) - Starting Web-server for ozoneManager at: http://0.0.0.0:0
2019-10-17 07:00:27,505 [main] INFO  server.AuthenticationFilter (AuthenticationFilter.java:constructSecretProvider(240)) - Unable to initialize FileSignerSecretProvider, falling back to use random secrets.
2019-10-17 07:00:27,505 [main] WARN  http.HttpRequestLog (HttpRequestLog.java:getRequestLog(97)) - Jetty request log can only be enabled using Log4j
2019-10-17 07:00:27,508 [main] INFO  http.HttpServer2 (HttpServer2.java:addGlobalFilter(975)) - Added global filter 'safety' (class=org.apache.hadoop.http.HttpServer2$QuotingInputFilter)
2019-10-17 07:00:27,509 [main] INFO  http.HttpServer2 (HttpServer2.java:addFilter(948)) - Added filter static_user_filter (class=org.apache.hadoop.http.lib.StaticUserWebFilter$StaticUserFilter) to context ozoneManager
2019-10-17 07:00:27,510 [main] INFO  http.HttpServer2 (HttpServer2.java:addFilter(958)) - Added filter static_user_filter (class=org.apache.hadoop.http.lib.StaticUserWebFilter$StaticUserFilter) to context static
2019-10-17 07:00:27,510 [main] INFO  http.HttpServer2 (HttpServer2.java:addFilter(958)) - Added filter static_user_filter (class=org.apache.hadoop.http.lib.StaticUserWebFilter$StaticUserFilter) to context logs
2019-10-17 07:00:27,513 [main] INFO  http.HttpServer2 (HttpServer2.java:bindListener(1191)) - Jetty bound to port 42762
2019-10-17 07:00:27,513 [main] INFO  server.Server (Server.java:doStart(351)) - jetty-9.3.25.v20180904, build timestamp: 2018-09-04T21:11:46Z, git hash: 3ce520221d0240229c862b122d2b06c12a625732
2019-10-17 07:00:27,515 [main] INFO  handler.ContextHandler (ContextHandler.java:doStart(781)) - Started o.e.j.s.ServletContextHandler@aa10649{/logs,file:///workdir/hadoop-ozone/integration-test/target/log,AVAILABLE}
2019-10-17 07:00:27,516 [main] INFO  handler.ContextHandler (ContextHandler.java:doStart(781)) - Started o.e.j.s.ServletContextHandler@37095ded{/static,file:///workdir/hadoop-ozone/integration-test/target/test-classes/webapps/static,AVAILABLE}
2019-10-17 07:00:27,522 [main] INFO  handler.ContextHandler (ContextHandler.java:doStart(781)) - Started o.e.j.w.WebAppContext@75b3673{/,file:///workdir/hadoop-ozone/integration-test/target/test-classes/webapps/ozoneManager/,AVAILABLE}{/ozoneManager}
2019-10-17 07:00:27,523 [main] INFO  server.AbstractConnector (AbstractConnector.java:doStart(278)) - Started ServerConnector@1bcb79c2{HTTP/1.1,[http/1.1]}{0.0.0.0:42762}
2019-10-17 07:00:27,523 [main] INFO  server.Server (Server.java:doStart(419)) - Started @4129ms
2019-10-17 07:00:27,524 [main] WARN  impl.MetricsSystemImpl (MetricsSystemImpl.java:register(276)) - Sink prometheus already exists!
2019-10-17 07:00:27,525 [main] INFO  server.BaseHttpServer (BaseHttpServer.java:updateConnectorAddress(215)) - HTTP server of OZONEMANAGER is listening at http://0.0.0.0:42762
2019-10-17 07:00:27,789 [main] INFO  impl.MetricsSystemImpl (MetricsSystemImpl.java:init(158)) - HddsDatanode metrics system started (again)
2019-10-17 07:00:27,833 [main] INFO  ozone.HddsDatanodeService (HddsDatanodeService.java:start(184)) - HddsDatanodeService host:pr-hdds-1868-lzclr-202649289 ip:192.168.34.62
2019-10-17 07:00:27,863 [main] INFO  volume.HddsVolume (HddsVolume.java:<init>(176)) - Creating Volume: /workdir/hadoop-ozone/integration-test/target/test-dir/MiniOzoneClusterImpl-b17df855-cd66-47f7-bb21-75637d0c5abd/datanode-0/data/containers/hdds of  storage type : DISK and capacity : 1482555576320
2019-10-17 07:00:27,865 [main] INFO  volume.VolumeSet (VolumeSet.java:initializeVolumeSet(170)) - Added Volume : /workdir/hadoop-ozone/integration-test/target/test-dir/MiniOzoneClusterImpl-b17df855-cd66-47f7-bb21-75637d0c5abd/datanode-0/data/containers/hdds to VolumeSet
2019-10-17 07:00:27,868 [main] INFO  volume.ThrottledAsyncChecker (ThrottledAsyncChecker.java:schedule(141)) - Scheduling a check for /workdir/hadoop-ozone/integration-test/target/test-dir/MiniOzoneClusterImpl-b17df855-cd66-47f7-bb21-75637d0c5abd/datanode-0/data/containers/hdds
2019-10-17 07:00:27,883 [main] INFO  volume.HddsVolumeChecker (HddsVolumeChecker.java:checkAllVolumes(204)) - Scheduled health check for volume /workdir/hadoop-ozone/integration-test/target/test-dir/MiniOzoneClusterImpl-b17df855-cd66-47f7-bb21-75637d0c5abd/datanode-0/data/containers/hdds
2019-10-17 07:00:27,985 [main] INFO  impl.RaftServerProxy (ConfUtils.java:logGet(43)) - raft.rpc.type = GRPC (default)
2019-10-17 07:00:28,046 [main] INFO  grpc.GrpcFactory (GrpcFactory.java:checkPooledByteBufAllocatorUseCacheForAllThreads(45)) - PERFORMANCE WARNING: useCacheForAllThreads is true that may cause Netty to create a lot garbage objects and, as a result, trigger GC.
	It is recommended to disable useCacheForAllThreads by setting -Dorg.apache.ratis.thirdparty.io.netty.allocator.useCacheForAllThreads=false in command line.
2019-10-17 07:00:28,051 [main] INFO  grpc.GrpcConfigKeys$Server (ConfUtils.java:logGet(43)) - raft.grpc.server.port = 0 (default)
2019-10-17 07:00:28,052 [main] INFO  server.GrpcService (ConfUtils.java:logGet(43)) - raft.grpc.message.size.max = 33570816 (custom)
2019-10-17 07:00:28,053 [main] INFO  server.RaftServerConfigKeys (ConfUtils.java:logGet(43)) - raft.server.log.appender.buffer.byte-limit = 33554432 (custom)
2019-10-17 07:00:28,054 [main] INFO  server.GrpcService (ConfUtils.java:logGet(43)) - raft.grpc.flow.control.window = 1MB (=1048576) (default)
2019-10-17 07:00:28,054 [main] INFO  server.RaftServerConfigKeys (ConfUtils.java:logGet(43)) - raft.server.rpc.request.timeout = 3000ms (default)
2019-10-17 07:00:28,237 [main] INFO  server.RaftServerConfigKeys (ConfUtils.java:logGet(43)) - raft.server.storage.dir = [/workdir/hadoop-ozone/integration-test/target/test-dir/MiniOzoneClusterImpl-b17df855-cd66-47f7-bb21-75637d0c5abd/datanode-0/data/ratis] (custom)
2019-10-17 07:00:28,287 [main] INFO  hdfs.DFSUtil (DFSUtil.java:httpServerTemplateForNNAndJN(1641)) - Starting Web-server for hddsDatanode at: http://0.0.0.0:0
2019-10-17 07:00:28,290 [main] INFO  server.AuthenticationFilter (AuthenticationFilter.java:constructSecretProvider(240)) - Unable to initialize FileSignerSecretProvider, falling back to use random secrets.
2019-10-17 07:00:28,291 [main] WARN  http.HttpRequestLog (HttpRequestLog.java:getRequestLog(97)) - Jetty request log can only be enabled using Log4j
2019-10-17 07:00:28,294 [main] INFO  http.HttpServer2 (HttpServer2.java:addGlobalFilter(975)) - Added global filter 'safety' (class=org.apache.hadoop.http.HttpServer2$QuotingInputFilter)
2019-10-17 07:00:28,295 [main] INFO  http.HttpServer2 (HttpServer2.java:addFilter(948)) - Added filter static_user_filter (class=org.apache.hadoop.http.lib.StaticUserWebFilter$StaticUserFilter) to context hddsDatanode
2019-10-17 07:00:28,295 [main] INFO  http.HttpServer2 (HttpServer2.java:addFilter(958)) - Added filter static_user_filter (class=org.apache.hadoop.http.lib.StaticUserWebFilter$StaticUserFilter) to context logs
2019-10-17 07:00:28,296 [main] INFO  http.HttpServer2 (HttpServer2.java:addFilter(958)) - Added filter static_user_filter (class=org.apache.hadoop.http.lib.StaticUserWebFilter$StaticUserFilter) to context static
2019-10-17 07:00:28,297 [main] INFO  http.HttpServer2 (HttpServer2.java:bindListener(1191)) - Jetty bound to port 45901
2019-10-17 07:00:28,298 [main] INFO  server.Server (Server.java:doStart(351)) - jetty-9.3.25.v20180904, build timestamp: 2018-09-04T21:11:46Z, git hash: 3ce520221d0240229c862b122d2b06c12a625732
2019-10-17 07:00:28,301 [main] INFO  handler.ContextHandler (ContextHandler.java:doStart(781)) - Started o.e.j.s.ServletContextHandler@60cf62ad{/logs,file:///workdir/hadoop-ozone/integration-test/target/log,AVAILABLE}
2019-10-17 07:00:28,302 [main] INFO  handler.ContextHandler (ContextHandler.java:doStart(781)) - Started o.e.j.s.ServletContextHandler@1ac4ccad{/static,jar:file:/home/user/.m2/repository/org/apache/hadoop/hadoop-hdds-container-service/0.5.0-SNAPSHOT/hadoop-hdds-container-service-0.5.0-SNAPSHOT.jar!/webapps/static,AVAILABLE}
2019-10-17 07:00:28,358 [main] INFO  handler.ContextHandler (ContextHandler.java:doStart(781)) - Started o.e.j.w.WebAppContext@de8039f{/,file:///tmp/jetty-0.0.0.0-45901-hddsDatanode-_-any-8930510907332325858.dir/webapp/,AVAILABLE}{/hddsDatanode}
2019-10-17 07:00:28,360 [main] INFO  server.AbstractConnector (AbstractConnector.java:doStart(278)) - Started ServerConnector@1deceb67{HTTP/1.1,[http/1.1]}{0.0.0.0:45901}
2019-10-17 07:00:28,361 [main] INFO  server.Server (Server.java:doStart(419)) - Started @4966ms
2019-10-17 07:00:28,361 [main] WARN  impl.MetricsSystemImpl (MetricsSystemImpl.java:register(276)) - Sink prometheus already exists!
2019-10-17 07:00:28,362 [main] INFO  server.BaseHttpServer (BaseHttpServer.java:updateConnectorAddress(215)) - HTTP server of HDDSDATANODE is listening at http://0.0.0.0:45901
2019-10-17 07:00:28,364 [main] INFO  impl.MetricsSystemImpl (MetricsSystemImpl.java:init(158)) - HddsDatanode metrics system started (again)
2019-10-17 07:00:28,367 [main] INFO  ozone.HddsDatanodeService (HddsDatanodeService.java:start(184)) - HddsDatanodeService host:pr-hdds-1868-lzclr-202649289 ip:192.168.34.62
2019-10-17 07:00:28,371 [org.apache.hadoop.util.JvmPauseMonitor$Monitor@2b3a683c] INFO  util.JvmPauseMonitor (JvmPauseMonitor.java:run(188)) - Starting JVM pause monitor
2019-10-17 07:00:28,377 [main] INFO  volume.HddsVolume (HddsVolume.java:<init>(176)) - Creating Volume: /workdir/hadoop-ozone/integration-test/target/test-dir/MiniOzoneClusterImpl-b17df855-cd66-47f7-bb21-75637d0c5abd/datanode-1/data/containers/hdds of  storage type : DISK and capacity : 1482555576320
2019-10-17 07:00:28,378 [main] INFO  volume.VolumeSet (VolumeSet.java:initializeVolumeSet(170)) - Added Volume : /workdir/hadoop-ozone/integration-test/target/test-dir/MiniOzoneClusterImpl-b17df855-cd66-47f7-bb21-75637d0c5abd/datanode-1/data/containers/hdds to VolumeSet
2019-10-17 07:00:28,378 [main] INFO  volume.ThrottledAsyncChecker (ThrottledAsyncChecker.java:schedule(141)) - Scheduling a check for /workdir/hadoop-ozone/integration-test/target/test-dir/MiniOzoneClusterImpl-b17df855-cd66-47f7-bb21-75637d0c5abd/datanode-1/data/containers/hdds
2019-10-17 07:00:28,380 [main] INFO  volume.HddsVolumeChecker (HddsVolumeChecker.java:checkAllVolumes(204)) - Scheduled health check for volume /workdir/hadoop-ozone/integration-test/target/test-dir/MiniOzoneClusterImpl-b17df855-cd66-47f7-bb21-75637d0c5abd/datanode-1/data/containers/hdds
2019-10-17 07:00:28,402 [main] INFO  impl.RaftServerProxy (ConfUtils.java:logGet(43)) - raft.rpc.type = GRPC (default)
2019-10-17 07:00:28,403 [main] INFO  grpc.GrpcFactory (GrpcFactory.java:checkPooledByteBufAllocatorUseCacheForAllThreads(45)) - PERFORMANCE WARNING: useCacheForAllThreads is true that may cause Netty to create a lot garbage objects and, as a result, trigger GC.
	It is recommended to disable useCacheForAllThreads by setting -Dorg.apache.ratis.thirdparty.io.netty.allocator.useCacheForAllThreads=false in command line.
2019-10-17 07:00:28,403 [main] INFO  grpc.GrpcConfigKeys$Server (ConfUtils.java:logGet(43)) - raft.grpc.server.port = 0 (default)
2019-10-17 07:00:28,404 [main] INFO  server.GrpcService (ConfUtils.java:logGet(43)) - raft.grpc.message.size.max = 33570816 (custom)
2019-10-17 07:00:28,404 [main] INFO  server.RaftServerConfigKeys (ConfUtils.java:logGet(43)) - raft.server.log.appender.buffer.byte-limit = 33554432 (custom)
2019-10-17 07:00:28,404 [main] INFO  server.GrpcService (ConfUtils.java:logGet(43)) - raft.grpc.flow.control.window = 1MB (=1048576) (default)
2019-10-17 07:00:28,405 [main] INFO  server.RaftServerConfigKeys (ConfUtils.java:logGet(43)) - raft.server.rpc.request.timeout = 3000ms (default)
2019-10-17 07:00:28,406 [main] INFO  server.RaftServerConfigKeys (ConfUtils.java:logGet(43)) - raft.server.storage.dir = [/workdir/hadoop-ozone/integration-test/target/test-dir/MiniOzoneClusterImpl-b17df855-cd66-47f7-bb21-75637d0c5abd/datanode-1/data/ratis] (custom)
2019-10-17 07:00:28,409 [main] INFO  hdfs.DFSUtil (DFSUtil.java:httpServerTemplateForNNAndJN(1641)) - Starting Web-server for hddsDatanode at: http://0.0.0.0:0
2019-10-17 07:00:28,410 [main] INFO  server.AuthenticationFilter (AuthenticationFilter.java:constructSecretProvider(240)) - Unable to initialize FileSignerSecretProvider, falling back to use random secrets.
2019-10-17 07:00:28,411 [main] WARN  http.HttpRequestLog (HttpRequestLog.java:getRequestLog(97)) - Jetty request log can only be enabled using Log4j
2019-10-17 07:00:28,413 [main] INFO  http.HttpServer2 (HttpServer2.java:addGlobalFilter(975)) - Added global filter 'safety' (class=org.apache.hadoop.http.HttpServer2$QuotingInputFilter)
2019-10-17 07:00:28,414 [main] INFO  http.HttpServer2 (HttpServer2.java:addFilter(948)) - Added filter static_user_filter (class=org.apache.hadoop.http.lib.StaticUserWebFilter$StaticUserFilter) to context hddsDatanode
2019-10-17 07:00:28,414 [main] INFO  http.HttpServer2 (HttpServer2.java:addFilter(958)) - Added filter static_user_filter (class=org.apache.hadoop.http.lib.StaticUserWebFilter$StaticUserFilter) to context logs
2019-10-17 07:00:28,414 [main] INFO  http.HttpServer2 (HttpServer2.java:addFilter(958)) - Added filter static_user_filter (class=org.apache.hadoop.http.lib.StaticUserWebFilter$StaticUserFilter) to context static
2019-10-17 07:00:28,415 [main] INFO  http.HttpServer2 (HttpServer2.java:bindListener(1191)) - Jetty bound to port 42942
2019-10-17 07:00:28,415 [main] INFO  server.Server (Server.java:doStart(351)) - jetty-9.3.25.v20180904, build timestamp: 2018-09-04T21:11:46Z, git hash: 3ce520221d0240229c862b122d2b06c12a625732
2019-10-17 07:00:28,418 [main] INFO  handler.ContextHandler (ContextHandler.java:doStart(781)) - Started o.e.j.s.ServletContextHandler@5e65afb6{/logs,file:///workdir/hadoop-ozone/integration-test/target/log,AVAILABLE}
2019-10-17 07:00:28,419 [main] INFO  handler.ContextHandler (ContextHandler.java:doStart(781)) - Started o.e.j.s.ServletContextHandler@8851ce1{/static,jar:file:/home/user/.m2/repository/org/apache/hadoop/hadoop-hdds-container-service/0.5.0-SNAPSHOT/hadoop-hdds-container-service-0.5.0-SNAPSHOT.jar!/webapps/static,AVAILABLE}
2019-10-17 07:00:28,449 [main] INFO  handler.ContextHandler (ContextHandler.java:doStart(781)) - Started o.e.j.w.WebAppContext@7a0ef219{/,file:///tmp/jetty-0.0.0.0-42942-hddsDatanode-_-any-5460776587281515169.dir/webapp/,AVAILABLE}{/hddsDatanode}
2019-10-17 07:00:28,449 [main] INFO  server.AbstractConnector (AbstractConnector.java:doStart(278)) - Started ServerConnector@1b1f5012{HTTP/1.1,[http/1.1]}{0.0.0.0:42942}
2019-10-17 07:00:28,450 [main] INFO  server.Server (Server.java:doStart(419)) - Started @5056ms
2019-10-17 07:00:28,450 [main] WARN  impl.MetricsSystemImpl (MetricsSystemImpl.java:register(276)) - Sink prometheus already exists!
2019-10-17 07:00:28,452 [main] INFO  server.BaseHttpServer (BaseHttpServer.java:updateConnectorAddress(215)) - HTTP server of HDDSDATANODE is listening at http://0.0.0.0:42942
2019-10-17 07:00:28,452 [main] INFO  impl.MetricsSystemImpl (MetricsSystemImpl.java:init(158)) - HddsDatanode metrics system started (again)
2019-10-17 07:00:28,454 [main] INFO  ozone.HddsDatanodeService (HddsDatanodeService.java:start(184)) - HddsDatanodeService host:pr-hdds-1868-lzclr-202649289 ip:192.168.34.62
2019-10-17 07:00:28,455 [org.apache.hadoop.util.JvmPauseMonitor$Monitor@354819a] INFO  util.JvmPauseMonitor (JvmPauseMonitor.java:run(188)) - Starting JVM pause monitor
2019-10-17 07:00:28,463 [main] INFO  volume.HddsVolume (HddsVolume.java:<init>(176)) - Creating Volume: /workdir/hadoop-ozone/integration-test/target/test-dir/MiniOzoneClusterImpl-b17df855-cd66-47f7-bb21-75637d0c5abd/datanode-2/data/containers/hdds of  storage type : DISK and capacity : 1482555576320
2019-10-17 07:00:28,463 [main] INFO  volume.VolumeSet (VolumeSet.java:initializeVolumeSet(170)) - Added Volume : /workdir/hadoop-ozone/integration-test/target/test-dir/MiniOzoneClusterImpl-b17df855-cd66-47f7-bb21-75637d0c5abd/datanode-2/data/containers/hdds to VolumeSet
2019-10-17 07:00:28,463 [main] INFO  volume.ThrottledAsyncChecker (ThrottledAsyncChecker.java:schedule(141)) - Scheduling a check for /workdir/hadoop-ozone/integration-test/target/test-dir/MiniOzoneClusterImpl-b17df855-cd66-47f7-bb21-75637d0c5abd/datanode-2/data/containers/hdds
2019-10-17 07:00:28,464 [main] INFO  volume.HddsVolumeChecker (HddsVolumeChecker.java:checkAllVolumes(204)) - Scheduled health check for volume /workdir/hadoop-ozone/integration-test/target/test-dir/MiniOzoneClusterImpl-b17df855-cd66-47f7-bb21-75637d0c5abd/datanode-2/data/containers/hdds
2019-10-17 07:00:28,477 [main] INFO  impl.RaftServerProxy (ConfUtils.java:logGet(43)) - raft.rpc.type = GRPC (default)
2019-10-17 07:00:28,477 [main] INFO  grpc.GrpcFactory (GrpcFactory.java:checkPooledByteBufAllocatorUseCacheForAllThreads(45)) - PERFORMANCE WARNING: useCacheForAllThreads is true that may cause Netty to create a lot garbage objects and, as a result, trigger GC.
	It is recommended to disable useCacheForAllThreads by setting -Dorg.apache.ratis.thirdparty.io.netty.allocator.useCacheForAllThreads=false in command line.
2019-10-17 07:00:28,477 [main] INFO  grpc.GrpcConfigKeys$Server (ConfUtils.java:logGet(43)) - raft.grpc.server.port = 0 (default)
2019-10-17 07:00:28,477 [main] INFO  server.GrpcService (ConfUtils.java:logGet(43)) - raft.grpc.message.size.max = 33570816 (custom)
2019-10-17 07:00:28,478 [main] INFO  server.RaftServerConfigKeys (ConfUtils.java:logGet(43)) - raft.server.log.appender.buffer.byte-limit = 33554432 (custom)
2019-10-17 07:00:28,478 [main] INFO  server.GrpcService (ConfUtils.java:logGet(43)) - raft.grpc.flow.control.window = 1MB (=1048576) (default)
2019-10-17 07:00:28,478 [main] INFO  server.RaftServerConfigKeys (ConfUtils.java:logGet(43)) - raft.server.rpc.request.timeout = 3000ms (default)
2019-10-17 07:00:28,479 [main] INFO  server.RaftServerConfigKeys (ConfUtils.java:logGet(43)) - raft.server.storage.dir = [/workdir/hadoop-ozone/integration-test/target/test-dir/MiniOzoneClusterImpl-b17df855-cd66-47f7-bb21-75637d0c5abd/datanode-2/data/ratis] (custom)
2019-10-17 07:00:28,481 [main] INFO  hdfs.DFSUtil (DFSUtil.java:httpServerTemplateForNNAndJN(1641)) - Starting Web-server for hddsDatanode at: http://0.0.0.0:0
2019-10-17 07:00:28,483 [main] INFO  server.AuthenticationFilter (AuthenticationFilter.java:constructSecretProvider(240)) - Unable to initialize FileSignerSecretProvider, falling back to use random secrets.
2019-10-17 07:00:28,483 [main] WARN  http.HttpRequestLog (HttpRequestLog.java:getRequestLog(97)) - Jetty request log can only be enabled using Log4j
2019-10-17 07:00:28,484 [main] INFO  http.HttpServer2 (HttpServer2.java:addGlobalFilter(975)) - Added global filter 'safety' (class=org.apache.hadoop.http.HttpServer2$QuotingInputFilter)
2019-10-17 07:00:28,485 [main] INFO  http.HttpServer2 (HttpServer2.java:addFilter(948)) - Added filter static_user_filter (class=org.apache.hadoop.http.lib.StaticUserWebFilter$StaticUserFilter) to context hddsDatanode
2019-10-17 07:00:28,485 [main] INFO  http.HttpServer2 (HttpServer2.java:addFilter(958)) - Added filter static_user_filter (class=org.apache.hadoop.http.lib.StaticUserWebFilter$StaticUserFilter) to context logs
2019-10-17 07:00:28,485 [main] INFO  http.HttpServer2 (HttpServer2.java:addFilter(958)) - Added filter static_user_filter (class=org.apache.hadoop.http.lib.StaticUserWebFilter$StaticUserFilter) to context static
2019-10-17 07:00:28,486 [main] INFO  http.HttpServer2 (HttpServer2.java:bindListener(1191)) - Jetty bound to port 45928
2019-10-17 07:00:28,486 [main] INFO  server.Server (Server.java:doStart(351)) - jetty-9.3.25.v20180904, build timestamp: 2018-09-04T21:11:46Z, git hash: 3ce520221d0240229c862b122d2b06c12a625732
2019-10-17 07:00:28,487 [Datanode State Machine Thread - 0] INFO  datanode.InitDatanodeState (InitDatanodeState.java:persistContainerDatanodeDetails(140)) - DatanodeDetails is persisted to /workdir/hadoop-ozone/integration-test/target/test-dir/MiniOzoneClusterImpl-b17df855-cd66-47f7-bb21-75637d0c5abd/datanode-0/meta/datanode.id
2019-10-17 07:00:28,489 [main] INFO  handler.ContextHandler (ContextHandler.java:doStart(781)) - Started o.e.j.s.ServletContextHandler@6069dd38{/logs,file:///workdir/hadoop-ozone/integration-test/target/log,AVAILABLE}
2019-10-17 07:00:28,490 [main] INFO  handler.ContextHandler (ContextHandler.java:doStart(781)) - Started o.e.j.s.ServletContextHandler@558756be{/static,jar:file:/home/user/.m2/repository/org/apache/hadoop/hadoop-hdds-container-service/0.5.0-SNAPSHOT/hadoop-hdds-container-service-0.5.0-SNAPSHOT.jar!/webapps/static,AVAILABLE}
2019-10-17 07:00:28,491 [Datanode State Machine Thread - 0] INFO  datanode.InitDatanodeState (InitDatanodeState.java:persistContainerDatanodeDetails(140)) - DatanodeDetails is persisted to /workdir/hadoop-ozone/integration-test/target/test-dir/MiniOzoneClusterImpl-b17df855-cd66-47f7-bb21-75637d0c5abd/datanode-1/meta/datanode.id
2019-10-17 07:00:28,520 [main] INFO  handler.ContextHandler (ContextHandler.java:doStart(781)) - Started o.e.j.w.WebAppContext@54e3658c{/,file:///tmp/jetty-0.0.0.0-45928-hddsDatanode-_-any-171633058876676576.dir/webapp/,AVAILABLE}{/hddsDatanode}
2019-10-17 07:00:28,520 [main] INFO  server.AbstractConnector (AbstractConnector.java:doStart(278)) - Started ServerConnector@43e9089{HTTP/1.1,[http/1.1]}{0.0.0.0:45928}
2019-10-17 07:00:28,520 [main] INFO  server.Server (Server.java:doStart(419)) - Started @5126ms
2019-10-17 07:00:28,521 [main] WARN  impl.MetricsSystemImpl (MetricsSystemImpl.java:register(276)) - Sink prometheus already exists!
2019-10-17 07:00:28,522 [main] INFO  server.BaseHttpServer (BaseHttpServer.java:updateConnectorAddress(215)) - HTTP server of HDDSDATANODE is listening at http://0.0.0.0:45928
2019-10-17 07:00:28,523 [main] INFO  ozone.MiniOzoneClusterImpl (MiniOzoneClusterImpl.java:lambda$waitForClusterToBeReady$2(172)) - Waiting for cluster to be ready. Got 0 of 3 DN Heartbeats.
2019-10-17 07:00:28,525 [org.apache.hadoop.util.JvmPauseMonitor$Monitor@21777d87] INFO  util.JvmPauseMonitor (JvmPauseMonitor.java:run(188)) - Starting JVM pause monitor
2019-10-17 07:00:28,528 [Datanode State Machine Thread - 0] INFO  datanode.InitDatanodeState (InitDatanodeState.java:persistContainerDatanodeDetails(140)) - DatanodeDetails is persisted to /workdir/hadoop-ozone/integration-test/target/test-dir/MiniOzoneClusterImpl-b17df855-cd66-47f7-bb21-75637d0c5abd/datanode-2/meta/datanode.id
2019-10-17 07:00:29,524 [main] INFO  ozone.MiniOzoneClusterImpl (MiniOzoneClusterImpl.java:lambda$waitForClusterToBeReady$2(172)) - Waiting for cluster to be ready. Got 0 of 3 DN Heartbeats.
2019-10-17 07:00:30,457 [Datanode State Machine Thread - 0] INFO  ozoneimpl.OzoneContainer (OzoneContainer.java:start(213)) - Attempting to start container services.
2019-10-17 07:00:30,460 [Datanode State Machine Thread - 0] INFO  ozoneimpl.OzoneContainer (OzoneContainer.java:startContainerScrub(177)) - Background container scanner has been disabled.
2019-10-17 07:00:30,460 [Datanode State Machine Thread - 0] INFO  ratis.XceiverServerRatis (XceiverServerRatis.java:start(424)) - Starting XceiverServerRatis cae7164a-c8b0-4e78-9c02-4190bab4d7cb at port 0
2019-10-17 07:00:30,471 [Datanode State Machine Thread - 0] INFO  ozoneimpl.OzoneContainer (OzoneContainer.java:start(213)) - Attempting to start container services.
2019-10-17 07:00:30,476 [Datanode State Machine Thread - 0] INFO  ozoneimpl.OzoneContainer (OzoneContainer.java:startContainerScrub(177)) - Background container scanner has been disabled.
2019-10-17 07:00:30,476 [Datanode State Machine Thread - 0] INFO  ratis.XceiverServerRatis (XceiverServerRatis.java:start(424)) - Starting XceiverServerRatis 328eda30-7a38-4124-8420-4db3824d3ef4 at port 0
2019-10-17 07:00:30,486 [Datanode State Machine Thread - 0] INFO  impl.RaftServerProxy (RaftServerProxy.java:lambda$start$3(299)) - cae7164a-c8b0-4e78-9c02-4190bab4d7cb: start RPC server
2019-10-17 07:00:30,487 [Datanode State Machine Thread - 0] INFO  impl.RaftServerProxy (RaftServerProxy.java:lambda$start$3(299)) - 328eda30-7a38-4124-8420-4db3824d3ef4: start RPC server
2019-10-17 07:00:30,524 [main] INFO  ozone.MiniOzoneClusterImpl (MiniOzoneClusterImpl.java:lambda$waitForClusterToBeReady$2(172)) - Waiting for cluster to be ready. Got 0 of 3 DN Heartbeats.
2019-10-17 07:00:30,550 [Datanode State Machine Thread - 0] INFO  ozoneimpl.OzoneContainer (OzoneContainer.java:start(213)) - Attempting to start container services.
2019-10-17 07:00:30,552 [Datanode State Machine Thread - 0] INFO  ozoneimpl.OzoneContainer (OzoneContainer.java:startContainerScrub(177)) - Background container scanner has been disabled.
2019-10-17 07:00:30,552 [Datanode State Machine Thread - 0] INFO  ratis.XceiverServerRatis (XceiverServerRatis.java:start(424)) - Starting XceiverServerRatis 03dd9899-51e5-4f83-b08a-708074177aaf at port 0
2019-10-17 07:00:30,561 [Datanode State Machine Thread - 0] INFO  impl.RaftServerProxy (RaftServerProxy.java:lambda$start$3(299)) - 03dd9899-51e5-4f83-b08a-708074177aaf: start RPC server
2019-10-17 07:00:30,647 [Datanode State Machine Thread - 0] INFO  server.GrpcService (GrpcService.java:startImpl(158)) - 328eda30-7a38-4124-8420-4db3824d3ef4: GrpcService started, listening on 0.0.0.0/0.0.0.0:34889
2019-10-17 07:00:30,647 [Datanode State Machine Thread - 0] INFO  server.GrpcService (GrpcService.java:startImpl(158)) - 03dd9899-51e5-4f83-b08a-708074177aaf: GrpcService started, listening on 0.0.0.0/0.0.0.0:36351
2019-10-17 07:00:30,647 [Datanode State Machine Thread - 0] INFO  server.GrpcService (GrpcService.java:startImpl(158)) - cae7164a-c8b0-4e78-9c02-4190bab4d7cb: GrpcService started, listening on 0.0.0.0/0.0.0.0:46027
2019-10-17 07:00:30,648 [Datanode State Machine Thread - 0] INFO  ratis.XceiverServerRatis (XceiverServerRatis.java:start(434)) - XceiverServerRatis 03dd9899-51e5-4f83-b08a-708074177aaf is started using port 36351
2019-10-17 07:00:30,648 [Datanode State Machine Thread - 0] INFO  ratis.XceiverServerRatis (XceiverServerRatis.java:start(434)) - XceiverServerRatis 328eda30-7a38-4124-8420-4db3824d3ef4 is started using port 34889
2019-10-17 07:00:30,649 [Datanode State Machine Thread - 0] INFO  ratis.XceiverServerRatis (XceiverServerRatis.java:start(434)) - XceiverServerRatis cae7164a-c8b0-4e78-9c02-4190bab4d7cb is started using port 46027
2019-10-17 07:00:30,653 [Datanode State Machine Thread - 0] INFO  server.XceiverServerGrpc (XceiverServerGrpc.java:start(149)) - XceiverServerGrpc 328eda30-7a38-4124-8420-4db3824d3ef4 is started using port 34087
2019-10-17 07:00:30,653 [Datanode State Machine Thread - 0] INFO  server.XceiverServerGrpc (XceiverServerGrpc.java:start(149)) - XceiverServerGrpc 03dd9899-51e5-4f83-b08a-708074177aaf is started using port 44514
2019-10-17 07:00:30,653 [Datanode State Machine Thread - 0] INFO  server.XceiverServerGrpc (XceiverServerGrpc.java:start(149)) - XceiverServerGrpc cae7164a-c8b0-4e78-9c02-4190bab4d7cb is started using port 34636
2019-10-17 07:00:31,525 [main] INFO  ozone.MiniOzoneClusterImpl (MiniOzoneClusterImpl.java:lambda$waitForClusterToBeReady$2(172)) - Waiting for cluster to be ready. Got 0 of 3 DN Heartbeats.
2019-10-17 07:00:32,405 [IPC Server handler 0 on 33276] INFO  net.NetworkTopology (NetworkTopologyImpl.java:add(111)) - Added a new node: /default-rack/cae7164a-c8b0-4e78-9c02-4190bab4d7cb
2019-10-17 07:00:32,406 [IPC Server handler 0 on 33276] INFO  node.SCMNodeManager (SCMNodeManager.java:register(268)) - Registered Data node : cae7164a-c8b0-4e78-9c02-4190bab4d7cb{ip: 192.168.34.62, host: pr-hdds-1868-lzclr-202649289, networkLocation: /default-rack, certSerialId: null}
2019-10-17 07:00:32,408 [EventQueue-NodeRegistrationContainerReportForDataNodeSafeModeRule] INFO  safemode.SCMSafeModeManager (DataNodeSafeModeRule.java:process(71)) - SCM in safe mode. 1 DataNodes registered, 1 required.
2019-10-17 07:00:32,408 [EventQueue-NodeRegistrationContainerReportForDataNodeSafeModeRule] INFO  safemode.SCMSafeModeManager (SCMSafeModeManager.java:validateSafeModeExitRules(177)) - ScmSafeModeManager, all rules are successfully validated
2019-10-17 07:00:32,408 [EventQueue-NodeRegistrationContainerReportForDataNodeSafeModeRule] INFO  safemode.SCMSafeModeManager (SCMSafeModeManager.java:exitSafeMode(193)) - SCM exiting safe mode.
2019-10-17 07:00:32,457 [IPC Server handler 1 on 33276] INFO  net.NetworkTopology (NetworkTopologyImpl.java:add(111)) - Added a new node: /default-rack/328eda30-7a38-4124-8420-4db3824d3ef4
2019-10-17 07:00:32,457 [IPC Server handler 1 on 33276] INFO  node.SCMNodeManager (SCMNodeManager.java:register(268)) - Registered Data node : 328eda30-7a38-4124-8420-4db3824d3ef4{ip: 192.168.34.62, host: pr-hdds-1868-lzclr-202649289, networkLocation: /default-rack, certSerialId: null}
2019-10-17 07:00:32,527 [IPC Server handler 2 on 33276] INFO  net.NetworkTopology (NetworkTopologyImpl.java:add(111)) - Added a new node: /default-rack/03dd9899-51e5-4f83-b08a-708074177aaf
2019-10-17 07:00:32,528 [IPC Server handler 2 on 33276] INFO  node.SCMNodeManager (SCMNodeManager.java:register(268)) - Registered Data node : 03dd9899-51e5-4f83-b08a-708074177aaf{ip: 192.168.34.62, host: pr-hdds-1868-lzclr-202649289, networkLocation: /default-rack, certSerialId: null}
2019-10-17 07:00:32,808 [grpc-default-executor-0] INFO  impl.RaftServerProxy (RaftServerProxy.java:addNew(89)) - cae7164a-c8b0-4e78-9c02-4190bab4d7cb: addNew group-03E389B739BC:[cae7164a-c8b0-4e78-9c02-4190bab4d7cb:192.168.34.62:46027] returns group-03E389B739BC:java.util.concurrent.CompletableFuture@7191b121[Not completed]
2019-10-17 07:00:32,821 [pool-27-thread-1] INFO  impl.RaftServerImpl (RaftServerImpl.java:<init>(104)) - cae7164a-c8b0-4e78-9c02-4190bab4d7cb: new RaftServerImpl for group-03E389B739BC:[cae7164a-c8b0-4e78-9c02-4190bab4d7cb:192.168.34.62:46027] with ContainerStateMachine:uninitialized
2019-10-17 07:00:32,824 [pool-27-thread-1] INFO  server.RaftServerConfigKeys (ConfUtils.java:logGet(43)) - raft.server.rpc.timeout.min = 5s (custom)
2019-10-17 07:00:32,825 [pool-27-thread-1] INFO  server.RaftServerConfigKeys (ConfUtils.java:logGet(43)) - raft.server.rpc.timeout.max = 5200ms (custom)
2019-10-17 07:00:32,825 [pool-27-thread-1] INFO  server.RaftServerConfigKeys (ConfUtils.java:logGet(43)) - raft.server.rpcslowness.timeout = 1000s (custom)
2019-10-17 07:00:32,826 [pool-27-thread-1] INFO  server.RaftServerConfigKeys (ConfUtils.java:logGet(43)) - raft.server.sleep.deviation.threshold = 300 (default)
2019-10-17 07:00:32,827 [pool-27-thread-1] INFO  server.RaftServerConfigKeys (ConfUtils.java:logGet(43)) - raft.server.log.appender.install.snapshot.enabled = false (custom)
2019-10-17 07:00:32,835 [pool-27-thread-1] INFO  impl.RaftServerImpl (ServerState.java:<init>(103)) - cae7164a-c8b0-4e78-9c02-4190bab4d7cb@group-03E389B739BC: ConfigurationManager, init=-1: [cae7164a-c8b0-4e78-9c02-4190bab4d7cb:192.168.34.62:46027], old=null, confs=<EMPTY_MAP>
2019-10-17 07:00:32,835 [pool-27-thread-1] INFO  server.RaftServerConfigKeys (ConfUtils.java:logGet(43)) - raft.server.storage.dir = [/workdir/hadoop-ozone/integration-test/target/test-dir/MiniOzoneClusterImpl-b17df855-cd66-47f7-bb21-75637d0c5abd/datanode-0/data/ratis] (custom)
2019-10-17 07:00:32,842 [pool-27-thread-1] INFO  server.RaftServerConfigKeys (ConfUtils.java:logGet(43)) - raft.server.log.corruption.policy = EXCEPTION (default)
2019-10-17 07:00:32,844 [pool-27-thread-1] INFO  storage.RaftStorageDirectory (RaftStorageDirectory.java:analyzeStorage(246)) - The storage directory /workdir/hadoop-ozone/integration-test/target/test-dir/MiniOzoneClusterImpl-b17df855-cd66-47f7-bb21-75637d0c5abd/datanode-0/data/ratis/f2b4104a-5993-4fc0-81c6-03e389b739bc does not exist. Creating ...
2019-10-17 07:00:32,864 [pool-27-thread-1] INFO  storage.RaftStorageDirectory (RaftStorageDirectory.java:tryLock(328)) - Lock on /workdir/hadoop-ozone/integration-test/target/test-dir/MiniOzoneClusterImpl-b17df855-cd66-47f7-bb21-75637d0c5abd/datanode-0/data/ratis/f2b4104a-5993-4fc0-81c6-03e389b739bc/in_use.lock acquired by nodename 28572@pr-hdds-1868-lzclr-202649289
2019-10-17 07:00:32,879 [pool-27-thread-1] INFO  storage.RaftStorage (RaftStorage.java:format(84)) - Storage directory /workdir/hadoop-ozone/integration-test/target/test-dir/MiniOzoneClusterImpl-b17df855-cd66-47f7-bb21-75637d0c5abd/datanode-0/data/ratis/f2b4104a-5993-4fc0-81c6-03e389b739bc has been successfully formatted.
2019-10-17 07:00:32,882 [pool-27-thread-1] INFO  ratis.ContainerStateMachine (ContainerStateMachine.java:loadSnapshot(233)) - group-03E389B739BC: The snapshot info is null. Setting the last applied indexto:(t:0, i:~)
2019-10-17 07:00:32,882 [pool-27-thread-1] INFO  server.RaftServerConfigKeys (ConfUtils.java:logGet(43)) - raft.server.notification.no-leader.timeout = 1000s (custom)
2019-10-17 07:00:32,884 [pool-27-thread-1] INFO  server.RaftServerConfigKeys (ConfUtils.java:logGet(43)) - raft.server.log.use.memory = false (default)
2019-10-17 07:00:32,890 [pool-27-thread-1] INFO  server.RaftServerConfigKeys (ConfUtils.java:logGet(43)) - raft.server.log.purge.gap = 1000000 (custom)
2019-10-17 07:00:32,890 [pool-27-thread-1] INFO  server.RaftServerConfigKeys (ConfUtils.java:logGet(43)) - raft.server.log.appender.buffer.byte-limit = 33554432 (custom)
2019-10-17 07:00:32,892 [pool-27-thread-1] INFO  server.RaftServerConfigKeys (ConfUtils.java:logGet(43)) - raft.server.log.segment.size.max = 1048576 (custom)
2019-10-17 07:00:32,894 [pool-27-thread-1] INFO  impl.MetricsSystemImpl (MetricsSystemImpl.java:init(158)) - ratis metrics system started (again)
2019-10-17 07:00:32,897 [pool-27-thread-1] INFO  metrics.MetricRegistries (MetricRegistriesLoader.java:load(64)) - Loaded MetricRegistries class org.apache.ratis.metrics.impl.MetricRegistriesImpl
2019-10-17 07:00:32,938 [pool-27-thread-1] INFO  server.RaftServerConfigKeys (ConfUtils.java:logGet(43)) - raft.server.log.segment.cache.num.max = 2 (custom)
2019-10-17 07:00:32,944 [pool-27-thread-1] INFO  segmented.SegmentedRaftLogWorker (SegmentedRaftLogWorker.java:<init>(173)) - new cae7164a-c8b0-4e78-9c02-4190bab4d7cb@group-03E389B739BC-SegmentedRaftLogWorker for RaftStorage:Storage Directory /workdir/hadoop-ozone/integration-test/target/test-dir/MiniOzoneClusterImpl-b17df855-cd66-47f7-bb21-75637d0c5abd/datanode-0/data/ratis/f2b4104a-5993-4fc0-81c6-03e389b739bc
2019-10-17 07:00:32,945 [pool-27-thread-1] INFO  server.RaftServerConfigKeys (ConfUtils.java:logGet(43)) - raft.server.log.queue.byte-limit = 2147483647 (custom)
2019-10-17 07:00:32,945 [pool-27-thread-1] INFO  server.RaftServerConfigKeys (ConfUtils.java:logGet(43)) - raft.server.log.queue.element-limit = 1024 (custom)
2019-10-17 07:00:32,947 [pool-27-thread-1] INFO  server.RaftServerConfigKeys (ConfUtils.java:logGet(43)) - raft.server.log.segment.size.max = 1048576 (custom)
2019-10-17 07:00:32,947 [pool-27-thread-1] INFO  server.RaftServerConfigKeys (ConfUtils.java:logGet(43)) - raft.server.log.preallocated.size = 16384 (custom)
2019-10-17 07:00:32,947 [pool-27-thread-1] INFO  server.RaftServerConfigKeys (ConfUtils.java:logGet(43)) - raft.server.log.write.buffer.size = 33554432 (custom)
2019-10-17 07:00:32,948 [pool-27-thread-1] INFO  server.RaftServerConfigKeys (ConfUtils.java:logGet(43)) - raft.server.log.force.sync.num = 128 (default)
2019-10-17 07:00:32,949 [pool-27-thread-1] INFO  server.RaftServerConfigKeys (ConfUtils.java:logGet(43)) - raft.server.log.statemachine.data.sync = true (default)
2019-10-17 07:00:32,949 [pool-27-thread-1] INFO  server.RaftServerConfigKeys (ConfUtils.java:logGet(43)) - raft.server.log.statemachine.data.sync.timeout = 10s (default)
2019-10-17 07:00:32,949 [pool-27-thread-1] INFO  server.RaftServerConfigKeys (ConfUtils.java:logGet(43)) - raft.server.log.statemachine.data.sync.timeout.retry = -1 (default)
2019-10-17 07:00:32,961 [pool-27-thread-1] INFO  server.RaftServerConfigKeys (ConfUtils.java:logGet(43)) - raft.server.log.statemachine.data.caching.enabled = true (custom)
2019-10-17 07:00:32,966 [pool-27-thread-1] INFO  segmented.SegmentedRaftLogWorker (SegmentedRaftLogWorker.java:lambda$new$0(128)) - cae7164a-c8b0-4e78-9c02-4190bab4d7cb@group-03E389B739BC-SegmentedRaftLogWorker: flushIndex: setUnconditionally 0 -> -1
2019-10-17 07:00:32,970 [pool-27-thread-1] INFO  server.RaftServerConfigKeys (ConfUtils.java:logGet(43)) - raft.server.snapshot.auto.trigger.enabled = true (custom)
2019-10-17 07:00:32,971 [pool-27-thread-1] INFO  server.RaftServerConfigKeys (ConfUtils.java:logGet(43)) - raft.server.snapshot.auto.trigger.threshold = 10000 (custom)
2019-10-17 07:00:32,971 [pool-27-thread-1] INFO  server.RaftServerConfigKeys (ConfUtils.java:logGet(43)) - raft.server.snapshot.retention.file.num = 5 (custom)
2019-10-17 07:00:32,972 [pool-27-thread-1] INFO  server.RaftServerConfigKeys (ConfUtils.java:logGet(43)) - raft.server.retrycache.expirytime = 600000ms (custom)
2019-10-17 07:00:32,999 [pool-27-thread-1] INFO  impl.RaftServerImpl (RaftServerImpl.java:start(195)) - cae7164a-c8b0-4e78-9c02-4190bab4d7cb@group-03E389B739BC: start as a follower, conf=-1: [cae7164a-c8b0-4e78-9c02-4190bab4d7cb:192.168.34.62:46027], old=null
2019-10-17 07:00:33,001 [pool-27-thread-1] INFO  impl.RaftServerImpl (RaftServerImpl.java:setRole(184)) - cae7164a-c8b0-4e78-9c02-4190bab4d7cb@group-03E389B739BC: changes role from      null to FOLLOWER at term 0 for startAsFollower
2019-10-17 07:00:33,002 [pool-27-thread-1] INFO  impl.RoleInfo (RoleInfo.java:updateAndGet(143)) - cae7164a-c8b0-4e78-9c02-4190bab4d7cb: start FollowerState
2019-10-17 07:00:33,004 [pool-27-thread-1] INFO  util.JmxRegister (JmxRegister.java:tryRegister(44)) - Successfully registered JMX Bean with object name Ratis:service=RaftServer,group=group-03E389B739BC,id=cae7164a-c8b0-4e78-9c02-4190bab4d7cb
2019-10-17 07:00:33,066 [RatisPipelineUtilsThread] INFO  pipeline.PipelineStateManager (PipelineStateManager.java:addPipeline(55)) - Created pipeline Pipeline[ Id: f2b4104a-5993-4fc0-81c6-03e389b739bc, Nodes: cae7164a-c8b0-4e78-9c02-4190bab4d7cb{ip: 192.168.34.62, host: pr-hdds-1868-lzclr-202649289, networkLocation: /default-rack, certSerialId: null}, Type:RATIS, Factor:ONE, State:ALLOCATED]
2019-10-17 07:00:33,080 [grpc-default-executor-0] INFO  impl.RaftServerProxy (RaftServerProxy.java:addNew(89)) - 03dd9899-51e5-4f83-b08a-708074177aaf: addNew group-432220211782:[03dd9899-51e5-4f83-b08a-708074177aaf:192.168.34.62:36351] returns group-432220211782:java.util.concurrent.CompletableFuture@625a207b[Not completed]
2019-10-17 07:00:33,096 [pool-47-thread-1] INFO  impl.RaftServerImpl (RaftServerImpl.java:<init>(104)) - 03dd9899-51e5-4f83-b08a-708074177aaf: new RaftServerImpl for group-432220211782:[03dd9899-51e5-4f83-b08a-708074177aaf:192.168.34.62:36351] with ContainerStateMachine:uninitialized
2019-10-17 07:00:33,097 [pool-47-thread-1] INFO  server.RaftServerConfigKeys (ConfUtils.java:logGet(43)) - raft.server.rpc.timeout.min = 5s (custom)
2019-10-17 07:00:33,098 [pool-47-thread-1] INFO  server.RaftServerConfigKeys (ConfUtils.java:logGet(43)) - raft.server.rpc.timeout.max = 5200ms (custom)
2019-10-17 07:00:33,098 [pool-47-thread-1] INFO  server.RaftServerConfigKeys (ConfUtils.java:logGet(43)) - raft.server.rpcslowness.timeout = 1000s (custom)
2019-10-17 07:00:33,098 [pool-47-thread-1] INFO  server.RaftServerConfigKeys (ConfUtils.java:logGet(43)) - raft.server.sleep.deviation.threshold = 300 (default)
2019-10-17 07:00:33,098 [pool-47-thread-1] INFO  server.RaftServerConfigKeys (ConfUtils.java:logGet(43)) - raft.server.log.appender.install.snapshot.enabled = false (custom)
2019-10-17 07:00:33,098 [pool-47-thread-1] INFO  impl.RaftServerImpl (ServerState.java:<init>(103)) - 03dd9899-51e5-4f83-b08a-708074177aaf@group-432220211782: ConfigurationManager, init=-1: [03dd9899-51e5-4f83-b08a-708074177aaf:192.168.34.62:36351], old=null, confs=<EMPTY_MAP>
2019-10-17 07:00:33,098 [pool-47-thread-1] INFO  server.RaftServerConfigKeys (ConfUtils.java:logGet(43)) - raft.server.storage.dir = [/workdir/hadoop-ozone/integration-test/target/test-dir/MiniOzoneClusterImpl-b17df855-cd66-47f7-bb21-75637d0c5abd/datanode-2/data/ratis] (custom)
2019-10-17 07:00:33,098 [pool-47-thread-1] INFO  server.RaftServerConfigKeys (ConfUtils.java:logGet(43)) - raft.server.log.corruption.policy = EXCEPTION (default)
2019-10-17 07:00:33,099 [pool-47-thread-1] INFO  storage.RaftStorageDirectory (RaftStorageDirectory.java:analyzeStorage(246)) - The storage directory /workdir/hadoop-ozone/integration-test/target/test-dir/MiniOzoneClusterImpl-b17df855-cd66-47f7-bb21-75637d0c5abd/datanode-2/data/ratis/2354f3d9-0f26-4cdd-aaa8-432220211782 does not exist. Creating ...
2019-10-17 07:00:33,112 [pool-47-thread-1] INFO  storage.RaftStorageDirectory (RaftStorageDirectory.java:tryLock(328)) - Lock on /workdir/hadoop-ozone/integration-test/target/test-dir/MiniOzoneClusterImpl-b17df855-cd66-47f7-bb21-75637d0c5abd/datanode-2/data/ratis/2354f3d9-0f26-4cdd-aaa8-432220211782/in_use.lock acquired by nodename 28572@pr-hdds-1868-lzclr-202649289
2019-10-17 07:00:33,115 [Thread-186] INFO  impl.FollowerState (FollowerState.java:run(108)) - cae7164a-c8b0-4e78-9c02-4190bab4d7cb@group-03E389B739BC-FollowerState: change to CANDIDATE, lastRpcTime:113ms, electionTimeout:112ms
2019-10-17 07:00:33,117 [Thread-186] INFO  impl.RoleInfo (RoleInfo.java:shutdownFollowerState(121)) - cae7164a-c8b0-4e78-9c02-4190bab4d7cb: shutdown FollowerState
2019-10-17 07:00:33,118 [Thread-186] INFO  impl.RaftServerImpl (RaftServerImpl.java:setRole(184)) - cae7164a-c8b0-4e78-9c02-4190bab4d7cb@group-03E389B739BC: changes role from  FOLLOWER to CANDIDATE at term 0 for changeToCandidate
2019-10-17 07:00:33,123 [Thread-186] INFO  impl.RoleInfo (RoleInfo.java:updateAndGet(143)) - cae7164a-c8b0-4e78-9c02-4190bab4d7cb: start LeaderElection
2019-10-17 07:00:33,125 [pool-47-thread-1] INFO  storage.RaftStorage (RaftStorage.java:format(84)) - Storage directory /workdir/hadoop-ozone/integration-test/target/test-dir/MiniOzoneClusterImpl-b17df855-cd66-47f7-bb21-75637d0c5abd/datanode-2/data/ratis/2354f3d9-0f26-4cdd-aaa8-432220211782 has been successfully formatted.
2019-10-17 07:00:33,126 [pool-47-thread-1] INFO  ratis.ContainerStateMachine (ContainerStateMachine.java:loadSnapshot(233)) - group-432220211782: The snapshot info is null. Setting the last applied indexto:(t:0, i:~)
2019-10-17 07:00:33,127 [pool-47-thread-1] INFO  server.RaftServerConfigKeys (ConfUtils.java:logGet(43)) - raft.server.notification.no-leader.timeout = 1000s (custom)
2019-10-17 07:00:33,127 [pool-47-thread-1] INFO  server.RaftServerConfigKeys (ConfUtils.java:logGet(43)) - raft.server.log.use.memory = false (default)
2019-10-17 07:00:33,127 [pool-47-thread-1] INFO  server.RaftServerConfigKeys (ConfUtils.java:logGet(43)) - raft.server.log.purge.gap = 1000000 (custom)
2019-10-17 07:00:33,127 [pool-47-thread-1] INFO  server.RaftServerConfigKeys (ConfUtils.java:logGet(43)) - raft.server.log.appender.buffer.byte-limit = 33554432 (custom)
2019-10-17 07:00:33,128 [pool-47-thread-1] INFO  server.RaftServerConfigKeys (ConfUtils.java:logGet(43)) - raft.server.log.segment.size.max = 1048576 (custom)
2019-10-17 07:00:33,131 [pool-47-thread-1] INFO  server.RaftServerConfigKeys (ConfUtils.java:logGet(43)) - raft.server.log.segment.cache.num.max = 2 (custom)
2019-10-17 07:00:33,131 [pool-47-thread-1] INFO  segmented.SegmentedRaftLogWorker (SegmentedRaftLogWorker.java:<init>(173)) - new 03dd9899-51e5-4f83-b08a-708074177aaf@group-432220211782-SegmentedRaftLogWorker for RaftStorage:Storage Directory /workdir/hadoop-ozone/integration-test/target/test-dir/MiniOzoneClusterImpl-b17df855-cd66-47f7-bb21-75637d0c5abd/datanode-2/data/ratis/2354f3d9-0f26-4cdd-aaa8-432220211782
2019-10-17 07:00:33,132 [pool-47-thread-1] INFO  server.RaftServerConfigKeys (ConfUtils.java:logGet(43)) - raft.server.log.queue.byte-limit = 2147483647 (custom)
2019-10-17 07:00:33,132 [pool-47-thread-1] INFO  server.RaftServerConfigKeys (ConfUtils.java:logGet(43)) - raft.server.log.queue.element-limit = 1024 (custom)
2019-10-17 07:00:33,132 [pool-47-thread-1] INFO  server.RaftServerConfigKeys (ConfUtils.java:logGet(43)) - raft.server.log.segment.size.max = 1048576 (custom)
2019-10-17 07:00:33,132 [pool-47-thread-1] INFO  server.RaftServerConfigKeys (ConfUtils.java:logGet(43)) - raft.server.log.preallocated.size = 16384 (custom)
2019-10-17 07:00:33,132 [pool-47-thread-1] INFO  server.RaftServerConfigKeys (ConfUtils.java:logGet(43)) - raft.server.log.write.buffer.size = 33554432 (custom)
2019-10-17 07:00:33,133 [pool-47-thread-1] INFO  server.RaftServerConfigKeys (ConfUtils.java:logGet(43)) - raft.server.log.force.sync.num = 128 (default)
2019-10-17 07:00:33,133 [pool-47-thread-1] INFO  server.RaftServerConfigKeys (ConfUtils.java:logGet(43)) - raft.server.log.statemachine.data.sync = true (default)
2019-10-17 07:00:33,133 [pool-47-thread-1] INFO  server.RaftServerConfigKeys (ConfUtils.java:logGet(43)) - raft.server.log.statemachine.data.sync.timeout = 10s (default)
2019-10-17 07:00:33,133 [pool-47-thread-1] INFO  server.RaftServerConfigKeys (ConfUtils.java:logGet(43)) - raft.server.log.statemachine.data.sync.timeout.retry = -1 (default)
2019-10-17 07:00:33,134 [pool-47-thread-1] INFO  server.RaftServerConfigKeys (ConfUtils.java:logGet(43)) - raft.server.log.statemachine.data.caching.enabled = true (custom)
2019-10-17 07:00:33,134 [pool-47-thread-1] INFO  segmented.SegmentedRaftLogWorker (SegmentedRaftLogWorker.java:lambda$new$0(128)) - 03dd9899-51e5-4f83-b08a-708074177aaf@group-432220211782-SegmentedRaftLogWorker: flushIndex: setUnconditionally 0 -> -1
2019-10-17 07:00:33,134 [pool-47-thread-1] INFO  server.RaftServerConfigKeys (ConfUtils.java:logGet(43)) - raft.server.snapshot.auto.trigger.enabled = true (custom)
2019-10-17 07:00:33,135 [pool-47-thread-1] INFO  server.RaftServerConfigKeys (ConfUtils.java:logGet(43)) - raft.server.snapshot.auto.trigger.threshold = 10000 (custom)
2019-10-17 07:00:33,135 [pool-47-thread-1] INFO  server.RaftServerConfigKeys (ConfUtils.java:logGet(43)) - raft.server.snapshot.retention.file.num = 5 (custom)
2019-10-17 07:00:33,135 [pool-47-thread-1] INFO  server.RaftServerConfigKeys (ConfUtils.java:logGet(43)) - raft.server.retrycache.expirytime = 600000ms (custom)
2019-10-17 07:00:33,141 [pool-47-thread-1] INFO  impl.RaftServerImpl (RaftServerImpl.java:start(195)) - 03dd9899-51e5-4f83-b08a-708074177aaf@group-432220211782: start as a follower, conf=-1: [03dd9899-51e5-4f83-b08a-708074177aaf:192.168.34.62:36351], old=null
2019-10-17 07:00:33,141 [pool-47-thread-1] INFO  impl.RaftServerImpl (RaftServerImpl.java:setRole(184)) - 03dd9899-51e5-4f83-b08a-708074177aaf@group-432220211782: changes role from      null to FOLLOWER at term 0 for startAsFollower
2019-10-17 07:00:33,141 [pool-47-thread-1] INFO  impl.RoleInfo (RoleInfo.java:updateAndGet(143)) - 03dd9899-51e5-4f83-b08a-708074177aaf: start FollowerState
2019-10-17 07:00:33,142 [pool-47-thread-1] INFO  util.JmxRegister (JmxRegister.java:tryRegister(44)) - Successfully registered JMX Bean with object name Ratis:service=RaftServer,group=group-432220211782,id=03dd9899-51e5-4f83-b08a-708074177aaf
2019-10-17 07:00:33,150 [cae7164a-c8b0-4e78-9c02-4190bab4d7cb@group-03E389B739BC-LeaderElection1] INFO  impl.LeaderElection (LeaderElection.java:askForVotes(178)) - cae7164a-c8b0-4e78-9c02-4190bab4d7cb@group-03E389B739BC-LeaderElection1: begin an election at term 1 for -1: [cae7164a-c8b0-4e78-9c02-4190bab4d7cb:192.168.34.62:46027], old=null
2019-10-17 07:00:33,153 [cae7164a-c8b0-4e78-9c02-4190bab4d7cb@group-03E389B739BC-LeaderElection1] INFO  impl.RoleInfo (RoleInfo.java:shutdownLeaderElection(134)) - cae7164a-c8b0-4e78-9c02-4190bab4d7cb: shutdown LeaderElection
2019-10-17 07:00:33,155 [cae7164a-c8b0-4e78-9c02-4190bab4d7cb@group-03E389B739BC-LeaderElection1] INFO  impl.RaftServerImpl (RaftServerImpl.java:setRole(184)) - cae7164a-c8b0-4e78-9c02-4190bab4d7cb@group-03E389B739BC: changes role from CANDIDATE to LEADER at term 1 for changeToLeader
2019-10-17 07:00:33,156 [cae7164a-c8b0-4e78-9c02-4190bab4d7cb@group-03E389B739BC-LeaderElection1] INFO  ratis.XceiverServerRatis (XceiverServerRatis.java:handleLeaderChangedNotification(699)) - Leader change notification received for group: group-03E389B739BC with new leaderId: cae7164a-c8b0-4e78-9c02-4190bab4d7cb
2019-10-17 07:00:33,157 [RatisPipelineUtilsThread] INFO  pipeline.PipelineStateManager (PipelineStateManager.java:addPipeline(55)) - Created pipeline Pipeline[ Id: 2354f3d9-0f26-4cdd-aaa8-432220211782, Nodes: 03dd9899-51e5-4f83-b08a-708074177aaf{ip: 192.168.34.62, host: pr-hdds-1868-lzclr-202649289, networkLocation: /default-rack, certSerialId: null}, Type:RATIS, Factor:ONE, State:ALLOCATED]
2019-10-17 07:00:33,160 [cae7164a-c8b0-4e78-9c02-4190bab4d7cb@group-03E389B739BC-LeaderElection1] INFO  impl.RaftServerImpl (ServerState.java:setLeader(256)) - cae7164a-c8b0-4e78-9c02-4190bab4d7cb@group-03E389B739BC: change Leader from null to cae7164a-c8b0-4e78-9c02-4190bab4d7cb at term 1 for becomeLeader, leader elected after 272ms
2019-10-17 07:00:33,169 [cae7164a-c8b0-4e78-9c02-4190bab4d7cb@group-03E389B739BC-LeaderElection1] INFO  server.RaftServerConfigKeys (ConfUtils.java:logGet(43)) - raft.server.staging.catchup.gap = 1000 (default)
2019-10-17 07:00:33,177 [cae7164a-c8b0-4e78-9c02-4190bab4d7cb@group-03E389B739BC-LeaderElection1] INFO  server.RaftServerConfigKeys (ConfUtils.java:logGet(43)) - raft.server.rpc.sleep.time = 25ms (default)
2019-10-17 07:00:33,180 [grpc-default-executor-0] INFO  impl.RaftServerProxy (RaftServerProxy.java:addNew(89)) - 328eda30-7a38-4124-8420-4db3824d3ef4: addNew group-781A1F228C39:[328eda30-7a38-4124-8420-4db3824d3ef4:192.168.34.62:34889] returns group-781A1F228C39:java.util.concurrent.CompletableFuture@4c5dd7b2[Not completed]
2019-10-17 07:00:33,196 [pool-37-thread-1] INFO  impl.RaftServerImpl (RaftServerImpl.java:<init>(104)) - 328eda30-7a38-4124-8420-4db3824d3ef4: new RaftServerImpl for group-781A1F228C39:[328eda30-7a38-4124-8420-4db3824d3ef4:192.168.34.62:34889] with ContainerStateMachine:uninitialized
2019-10-17 07:00:33,197 [pool-37-thread-1] INFO  server.RaftServerConfigKeys (ConfUtils.java:logGet(43)) - raft.server.rpc.timeout.min = 5s (custom)
2019-10-17 07:00:33,197 [pool-37-thread-1] INFO  server.RaftServerConfigKeys (ConfUtils.java:logGet(43)) - raft.server.rpc.timeout.max = 5200ms (custom)
2019-10-17 07:00:33,197 [pool-37-thread-1] INFO  server.RaftServerConfigKeys (ConfUtils.java:logGet(43)) - raft.server.rpcslowness.timeout = 1000s (custom)
2019-10-17 07:00:33,197 [pool-37-thread-1] INFO  server.RaftServerConfigKeys (ConfUtils.java:logGet(43)) - raft.server.sleep.deviation.threshold = 300 (default)
2019-10-17 07:00:33,198 [pool-37-thread-1] INFO  server.RaftServerConfigKeys (ConfUtils.java:logGet(43)) - raft.server.log.appender.install.snapshot.enabled = false (custom)
2019-10-17 07:00:33,198 [pool-37-thread-1] INFO  impl.RaftServerImpl (ServerState.java:<init>(103)) - 328eda30-7a38-4124-8420-4db3824d3ef4@group-781A1F228C39: ConfigurationManager, init=-1: [328eda30-7a38-4124-8420-4db3824d3ef4:192.168.34.62:34889], old=null, confs=<EMPTY_MAP>
2019-10-17 07:00:33,198 [pool-37-thread-1] INFO  server.RaftServerConfigKeys (ConfUtils.java:logGet(43)) - raft.server.storage.dir = [/workdir/hadoop-ozone/integration-test/target/test-dir/MiniOzoneClusterImpl-b17df855-cd66-47f7-bb21-75637d0c5abd/datanode-1/data/ratis] (custom)
2019-10-17 07:00:33,198 [pool-37-thread-1] INFO  server.RaftServerConfigKeys (ConfUtils.java:logGet(43)) - raft.server.log.corruption.policy = EXCEPTION (default)
2019-10-17 07:00:33,198 [pool-37-thread-1] INFO  storage.RaftStorageDirectory (RaftStorageDirectory.java:analyzeStorage(246)) - The storage directory /workdir/hadoop-ozone/integration-test/target/test-dir/MiniOzoneClusterImpl-b17df855-cd66-47f7-bb21-75637d0c5abd/datanode-1/data/ratis/2f0ff488-69c4-4994-9ad1-781a1f228c39 does not exist. Creating ...
2019-10-17 07:00:33,199 [cae7164a-c8b0-4e78-9c02-4190bab4d7cb@group-03E389B739BC-LeaderElection1] INFO  server.RaftServerConfigKeys (ConfUtils.java:logGet(43)) - raft.server.write.element-limit = 4096 (default)
2019-10-17 07:00:33,202 [cae7164a-c8b0-4e78-9c02-4190bab4d7cb@group-03E389B739BC-LeaderElection1] INFO  server.RaftServerConfigKeys (ConfUtils.java:logGet(43)) - raft.server.watch.timeout = 10s (default)
2019-10-17 07:00:33,202 [cae7164a-c8b0-4e78-9c02-4190bab4d7cb@group-03E389B739BC-LeaderElection1] INFO  server.RaftServerConfigKeys (ConfUtils.java:logGet(43)) - raft.server.watch.timeout.denomination = 1s (default)
2019-10-17 07:00:33,203 [cae7164a-c8b0-4e78-9c02-4190bab4d7cb@group-03E389B739BC-LeaderElection1] INFO  server.RaftServerConfigKeys (ConfUtils.java:logGet(43)) - raft.server.watch.element-limit = 65536 (default)
2019-10-17 07:00:33,223 [pool-37-thread-1] INFO  storage.RaftStorageDirectory (RaftStorageDirectory.java:tryLock(328)) - Lock on /workdir/hadoop-ozone/integration-test/target/test-dir/MiniOzoneClusterImpl-b17df855-cd66-47f7-bb21-75637d0c5abd/datanode-1/data/ratis/2f0ff488-69c4-4994-9ad1-781a1f228c39/in_use.lock acquired by nodename 28572@pr-hdds-1868-lzclr-202649289
2019-10-17 07:00:33,233 [cae7164a-c8b0-4e78-9c02-4190bab4d7cb@group-03E389B739BC-LeaderElection1] INFO  impl.RoleInfo (RoleInfo.java:updateAndGet(143)) - cae7164a-c8b0-4e78-9c02-4190bab4d7cb: start LeaderState
2019-10-17 07:00:33,240 [pool-37-thread-1] INFO  storage.RaftStorage (RaftStorage.java:format(84)) - Storage directory /workdir/hadoop-ozone/integration-test/target/test-dir/MiniOzoneClusterImpl-b17df855-cd66-47f7-bb21-75637d0c5abd/datanode-1/data/ratis/2f0ff488-69c4-4994-9ad1-781a1f228c39 has been successfully formatted.
2019-10-17 07:00:33,240 [pool-37-thread-1] INFO  ratis.ContainerStateMachine (ContainerStateMachine.java:loadSnapshot(233)) - group-781A1F228C39: The snapshot info is null. Setting the last applied indexto:(t:0, i:~)
2019-10-17 07:00:33,241 [pool-37-thread-1] INFO  server.RaftServerConfigKeys (ConfUtils.java:logGet(43)) - raft.server.notification.no-leader.timeout = 1000s (custom)
2019-10-17 07:00:33,241 [pool-37-thread-1] INFO  server.RaftServerConfigKeys (ConfUtils.java:logGet(43)) - raft.server.log.use.memory = false (default)
2019-10-17 07:00:33,241 [pool-37-thread-1] INFO  server.RaftServerConfigKeys (ConfUtils.java:logGet(43)) - raft.server.log.purge.gap = 1000000 (custom)
2019-10-17 07:00:33,241 [pool-37-thread-1] INFO  server.RaftServerConfigKeys (ConfUtils.java:logGet(43)) - raft.server.log.appender.buffer.byte-limit = 33554432 (custom)
2019-10-17 07:00:33,241 [pool-37-thread-1] INFO  server.RaftServerConfigKeys (ConfUtils.java:logGet(43)) - raft.server.log.segment.size.max = 1048576 (custom)
2019-10-17 07:00:33,244 [pool-37-thread-1] INFO  server.RaftServerConfigKeys (ConfUtils.java:logGet(43)) - raft.server.log.segment.cache.num.max = 2 (custom)
2019-10-17 07:00:33,245 [pool-37-thread-1] INFO  segmented.SegmentedRaftLogWorker (SegmentedRaftLogWorker.java:<init>(173)) - new 328eda30-7a38-4124-8420-4db3824d3ef4@group-781A1F228C39-SegmentedRaftLogWorker for RaftStorage:Storage Directory /workdir/hadoop-ozone/integration-test/target/test-dir/MiniOzoneClusterImpl-b17df855-cd66-47f7-bb21-75637d0c5abd/datanode-1/data/ratis/2f0ff488-69c4-4994-9ad1-781a1f228c39
2019-10-17 07:00:33,245 [pool-37-thread-1] INFO  server.RaftServerConfigKeys (ConfUtils.java:logGet(43)) - raft.server.log.queue.byte-limit = 2147483647 (custom)
2019-10-17 07:00:33,245 [pool-37-thread-1] INFO  server.RaftServerConfigKeys (ConfUtils.java:logGet(43)) - raft.server.log.queue.element-limit = 1024 (custom)
2019-10-17 07:00:33,245 [pool-37-thread-1] INFO  server.RaftServerConfigKeys (ConfUtils.java:logGet(43)) - raft.server.log.segment.size.max = 1048576 (custom)
2019-10-17 07:00:33,245 [pool-37-thread-1] INFO  server.RaftServerConfigKeys (ConfUtils.java:logGet(43)) - raft.server.log.preallocated.size = 16384 (custom)
2019-10-17 07:00:33,245 [pool-37-thread-1] INFO  server.RaftServerConfigKeys (ConfUtils.java:logGet(43)) - raft.server.log.write.buffer.size = 33554432 (custom)
2019-10-17 07:00:33,245 [pool-37-thread-1] INFO  server.RaftServerConfigKeys (ConfUtils.java:logGet(43)) - raft.server.log.force.sync.num = 128 (default)
2019-10-17 07:00:33,245 [pool-37-thread-1] INFO  server.RaftServerConfigKeys (ConfUtils.java:logGet(43)) - raft.server.log.statemachine.data.sync = true (default)
2019-10-17 07:00:33,246 [pool-37-thread-1] INFO  server.RaftServerConfigKeys (ConfUtils.java:logGet(43)) - raft.server.log.statemachine.data.sync.timeout = 10s (default)
2019-10-17 07:00:33,246 [pool-37-thread-1] INFO  server.RaftServerConfigKeys (ConfUtils.java:logGet(43)) - raft.server.log.statemachine.data.sync.timeout.retry = -1 (default)
2019-10-17 07:00:33,246 [pool-37-thread-1] INFO  server.RaftServerConfigKeys (ConfUtils.java:logGet(43)) - raft.server.log.statemachine.data.caching.enabled = true (custom)
2019-10-17 07:00:33,247 [pool-37-thread-1] INFO  segmented.SegmentedRaftLogWorker (SegmentedRaftLogWorker.java:lambda$new$0(128)) - 328eda30-7a38-4124-8420-4db3824d3ef4@group-781A1F228C39-SegmentedRaftLogWorker: flushIndex: setUnconditionally 0 -> -1
2019-10-17 07:00:33,247 [pool-37-thread-1] INFO  server.RaftServerConfigKeys (ConfUtils.java:logGet(43)) - raft.server.snapshot.auto.trigger.enabled = true (custom)
2019-10-17 07:00:33,247 [pool-37-thread-1] INFO  server.RaftServerConfigKeys (ConfUtils.java:logGet(43)) - raft.server.snapshot.auto.trigger.threshold = 10000 (custom)
2019-10-17 07:00:33,247 [pool-37-thread-1] INFO  server.RaftServerConfigKeys (ConfUtils.java:logGet(43)) - raft.server.snapshot.retention.file.num = 5 (custom)
2019-10-17 07:00:33,247 [pool-37-thread-1] INFO  server.RaftServerConfigKeys (ConfUtils.java:logGet(43)) - raft.server.retrycache.expirytime = 600000ms (custom)
2019-10-17 07:00:33,253 [pool-37-thread-1] INFO  impl.RaftServerImpl (RaftServerImpl.java:start(195)) - 328eda30-7a38-4124-8420-4db3824d3ef4@group-781A1F228C39: start as a follower, conf=-1: [328eda30-7a38-4124-8420-4db3824d3ef4:192.168.34.62:34889], old=null
2019-10-17 07:00:33,254 [pool-37-thread-1] INFO  impl.RaftServerImpl (RaftServerImpl.java:setRole(184)) - 328eda30-7a38-4124-8420-4db3824d3ef4@group-781A1F228C39: changes role from      null to FOLLOWER at term 0 for startAsFollower
2019-10-17 07:00:33,254 [pool-37-thread-1] INFO  impl.RoleInfo (RoleInfo.java:updateAndGet(143)) - 328eda30-7a38-4124-8420-4db3824d3ef4: start FollowerState
2019-10-17 07:00:33,254 [pool-37-thread-1] INFO  util.JmxRegister (JmxRegister.java:tryRegister(44)) - Successfully registered JMX Bean with object name Ratis:service=RaftServer,group=group-781A1F228C39,id=328eda30-7a38-4124-8420-4db3824d3ef4
2019-10-17 07:00:33,254 [cae7164a-c8b0-4e78-9c02-4190bab4d7cb@group-03E389B739BC-LeaderElection1] INFO  segmented.SegmentedRaftLogWorker (SegmentedRaftLogWorker.java:startLogSegment(385)) - cae7164a-c8b0-4e78-9c02-4190bab4d7cb@group-03E389B739BC-SegmentedRaftLogWorker: Starting segment from index:0
2019-10-17 07:00:33,267 [RatisPipelineUtilsThread] INFO  pipeline.PipelineStateManager (PipelineStateManager.java:addPipeline(55)) - Created pipeline Pipeline[ Id: 2f0ff488-69c4-4994-9ad1-781a1f228c39, Nodes: 328eda30-7a38-4124-8420-4db3824d3ef4{ip: 192.168.34.62, host: pr-hdds-1868-lzclr-202649289, networkLocation: /default-rack, certSerialId: null}, Type:RATIS, Factor:ONE, State:ALLOCATED]
2019-10-17 07:00:33,271 [cae7164a-c8b0-4e78-9c02-4190bab4d7cb@group-03E389B739BC-LeaderElection1] INFO  impl.RaftServerImpl (ServerState.java:setRaftConf(357)) - cae7164a-c8b0-4e78-9c02-4190bab4d7cb@group-03E389B739BC: set configuration 0: [cae7164a-c8b0-4e78-9c02-4190bab4d7cb:192.168.34.62:46027], old=null at 0
2019-10-17 07:00:33,295 [grpc-default-executor-1] INFO  impl.RaftServerProxy (RaftServerProxy.java:addNew(89)) - cae7164a-c8b0-4e78-9c02-4190bab4d7cb: addNew group-C349846DEF79:[328eda30-7a38-4124-8420-4db3824d3ef4:192.168.34.62:34889, 03dd9899-51e5-4f83-b08a-708074177aaf:192.168.34.62:36351, cae7164a-c8b0-4e78-9c02-4190bab4d7cb:192.168.34.62:46027] returns group-C349846DEF79:java.util.concurrent.CompletableFuture@8ab1908[Not completed]
2019-10-17 07:00:33,295 [grpc-default-executor-2] INFO  impl.RaftServerProxy (RaftServerProxy.java:addNew(89)) - 328eda30-7a38-4124-8420-4db3824d3ef4: addNew group-C349846DEF79:[328eda30-7a38-4124-8420-4db3824d3ef4:192.168.34.62:34889, 03dd9899-51e5-4f83-b08a-708074177aaf:192.168.34.62:36351, cae7164a-c8b0-4e78-9c02-4190bab4d7cb:192.168.34.62:46027] returns group-C349846DEF79:java.util.concurrent.CompletableFuture@6b8301ea[Not completed]
2019-10-17 07:00:33,299 [grpc-default-executor-2] INFO  impl.RaftServerProxy (RaftServerProxy.java:addNew(89)) - 03dd9899-51e5-4f83-b08a-708074177aaf: addNew group-C349846DEF79:[328eda30-7a38-4124-8420-4db3824d3ef4:192.168.34.62:34889, 03dd9899-51e5-4f83-b08a-708074177aaf:192.168.34.62:36351, cae7164a-c8b0-4e78-9c02-4190bab4d7cb:192.168.34.62:46027] returns group-C349846DEF79:java.util.concurrent.CompletableFuture@6fbc9842[Not completed]
2019-10-17 07:00:33,300 [pool-27-thread-1] INFO  impl.RaftServerImpl (RaftServerImpl.java:<init>(104)) - cae7164a-c8b0-4e78-9c02-4190bab4d7cb: new RaftServerImpl for group-C349846DEF79:[328eda30-7a38-4124-8420-4db3824d3ef4:192.168.34.62:34889, 03dd9899-51e5-4f83-b08a-708074177aaf:192.168.34.62:36351, cae7164a-c8b0-4e78-9c02-4190bab4d7cb:192.168.34.62:46027] with ContainerStateMachine:uninitialized
2019-10-17 07:00:33,300 [pool-27-thread-1] INFO  server.RaftServerConfigKeys (ConfUtils.java:logGet(43)) - raft.server.rpc.timeout.min = 5s (custom)
2019-10-17 07:00:33,300 [pool-27-thread-1] INFO  server.RaftServerConfigKeys (ConfUtils.java:logGet(43)) - raft.server.rpc.timeout.max = 5200ms (custom)
2019-10-17 07:00:33,300 [pool-27-thread-1] INFO  server.RaftServerConfigKeys (ConfUtils.java:logGet(43)) - raft.server.rpcslowness.timeout = 1000s (custom)
2019-10-17 07:00:33,301 [pool-27-thread-1] INFO  server.RaftServerConfigKeys (ConfUtils.java:logGet(43)) - raft.server.sleep.deviation.threshold = 300 (default)
2019-10-17 07:00:33,301 [pool-37-thread-1] INFO  impl.RaftServerImpl (RaftServerImpl.java:<init>(104)) - 328eda30-7a38-4124-8420-4db3824d3ef4: new RaftServerImpl for group-C349846DEF79:[328eda30-7a38-4124-8420-4db3824d3ef4:192.168.34.62:34889, 03dd9899-51e5-4f83-b08a-708074177aaf:192.168.34.62:36351, cae7164a-c8b0-4e78-9c02-4190bab4d7cb:192.168.34.62:46027] with ContainerStateMachine:uninitialized
2019-10-17 07:00:33,301 [pool-27-thread-1] INFO  server.RaftServerConfigKeys (ConfUtils.java:logGet(43)) - raft.server.log.appender.install.snapshot.enabled = false (custom)
2019-10-17 07:00:33,301 [pool-37-thread-1] INFO  server.RaftServerConfigKeys (ConfUtils.java:logGet(43)) - raft.server.rpc.timeout.min = 5s (custom)
2019-10-17 07:00:33,301 [pool-27-thread-1] INFO  impl.RaftServerImpl (ServerState.java:<init>(103)) - cae7164a-c8b0-4e78-9c02-4190bab4d7cb@group-C349846DEF79: ConfigurationManager, init=-1: [328eda30-7a38-4124-8420-4db3824d3ef4:192.168.34.62:34889, 03dd9899-51e5-4f83-b08a-708074177aaf:192.168.34.62:36351, cae7164a-c8b0-4e78-9c02-4190bab4d7cb:192.168.34.62:46027], old=null, confs=<EMPTY_MAP>
2019-10-17 07:00:33,301 [pool-37-thread-1] INFO  server.RaftServerConfigKeys (ConfUtils.java:logGet(43)) - raft.server.rpc.timeout.max = 5200ms (custom)
2019-10-17 07:00:33,302 [pool-47-thread-1] INFO  impl.RaftServerImpl (RaftServerImpl.java:<init>(104)) - 03dd9899-51e5-4f83-b08a-708074177aaf: new RaftServerImpl for group-C349846DEF79:[328eda30-7a38-4124-8420-4db3824d3ef4:192.168.34.62:34889, 03dd9899-51e5-4f83-b08a-708074177aaf:192.168.34.62:36351, cae7164a-c8b0-4e78-9c02-4190bab4d7cb:192.168.34.62:46027] with ContainerStateMachine:uninitialized
2019-10-17 07:00:33,302 [pool-37-thread-1] INFO  server.RaftServerConfigKeys (ConfUtils.java:logGet(43)) - raft.server.rpcslowness.timeout = 1000s (custom)
2019-10-17 07:00:33,302 [pool-27-thread-1] INFO  server.RaftServerConfigKeys (ConfUtils.java:logGet(43)) - raft.server.storage.dir = [/workdir/hadoop-ozone/integration-test/target/test-dir/MiniOzoneClusterImpl-b17df855-cd66-47f7-bb21-75637d0c5abd/datanode-0/data/ratis] (custom)
2019-10-17 07:00:33,302 [pool-37-thread-1] INFO  server.RaftServerConfigKeys (ConfUtils.java:logGet(43)) - raft.server.sleep.deviation.threshold = 300 (default)
2019-10-17 07:00:33,302 [pool-47-thread-1] INFO  server.RaftServerConfigKeys (ConfUtils.java:logGet(43)) - raft.server.rpc.timeout.min = 5s (custom)
2019-10-17 07:00:33,302 [pool-37-thread-1] INFO  server.RaftServerConfigKeys (ConfUtils.java:logGet(43)) - raft.server.log.appender.install.snapshot.enabled = false (custom)
2019-10-17 07:00:33,303 [pool-27-thread-1] INFO  server.RaftServerConfigKeys (ConfUtils.java:logGet(43)) - raft.server.log.corruption.policy = EXCEPTION (default)
2019-10-17 07:00:33,303 [pool-47-thread-1] INFO  server.RaftServerConfigKeys (ConfUtils.java:logGet(43)) - raft.server.rpc.timeout.max = 5200ms (custom)
2019-10-17 07:00:33,303 [pool-37-thread-1] INFO  impl.RaftServerImpl (ServerState.java:<init>(103)) - 328eda30-7a38-4124-8420-4db3824d3ef4@group-C349846DEF79: ConfigurationManager, init=-1: [328eda30-7a38-4124-8420-4db3824d3ef4:192.168.34.62:34889, 03dd9899-51e5-4f83-b08a-708074177aaf:192.168.34.62:36351, cae7164a-c8b0-4e78-9c02-4190bab4d7cb:192.168.34.62:46027], old=null, confs=<EMPTY_MAP>
2019-10-17 07:00:33,303 [pool-27-thread-1] INFO  storage.RaftStorageDirectory (RaftStorageDirectory.java:analyzeStorage(246)) - The storage directory /workdir/hadoop-ozone/integration-test/target/test-dir/MiniOzoneClusterImpl-b17df855-cd66-47f7-bb21-75637d0c5abd/datanode-0/data/ratis/72246393-9d1a-4fd5-982f-c349846def79 does not exist. Creating ...
2019-10-17 07:00:33,303 [pool-47-thread-1] INFO  server.RaftServerConfigKeys (ConfUtils.java:logGet(43)) - raft.server.rpcslowness.timeout = 1000s (custom)
2019-10-17 07:00:33,303 [pool-37-thread-1] INFO  server.RaftServerConfigKeys (ConfUtils.java:logGet(43)) - raft.server.storage.dir = [/workdir/hadoop-ozone/integration-test/target/test-dir/MiniOzoneClusterImpl-b17df855-cd66-47f7-bb21-75637d0c5abd/datanode-1/data/ratis] (custom)
2019-10-17 07:00:33,303 [pool-47-thread-1] INFO  server.RaftServerConfigKeys (ConfUtils.java:logGet(43)) - raft.server.sleep.deviation.threshold = 300 (default)
2019-10-17 07:00:33,304 [pool-47-thread-1] INFO  server.RaftServerConfigKeys (ConfUtils.java:logGet(43)) - raft.server.log.appender.install.snapshot.enabled = false (custom)
2019-10-17 07:00:33,304 [pool-37-thread-1] INFO  server.RaftServerConfigKeys (ConfUtils.java:logGet(43)) - raft.server.log.corruption.policy = EXCEPTION (default)
2019-10-17 07:00:33,304 [pool-47-thread-1] INFO  impl.RaftServerImpl (ServerState.java:<init>(103)) - 03dd9899-51e5-4f83-b08a-708074177aaf@group-C349846DEF79: ConfigurationManager, init=-1: [328eda30-7a38-4124-8420-4db3824d3ef4:192.168.34.62:34889, 03dd9899-51e5-4f83-b08a-708074177aaf:192.168.34.62:36351, cae7164a-c8b0-4e78-9c02-4190bab4d7cb:192.168.34.62:46027], old=null, confs=<EMPTY_MAP>
2019-10-17 07:00:33,304 [pool-37-thread-1] INFO  storage.RaftStorageDirectory (RaftStorageDirectory.java:analyzeStorage(246)) - The storage directory /workdir/hadoop-ozone/integration-test/target/test-dir/MiniOzoneClusterImpl-b17df855-cd66-47f7-bb21-75637d0c5abd/datanode-1/data/ratis/72246393-9d1a-4fd5-982f-c349846def79 does not exist. Creating ...
2019-10-17 07:00:33,304 [pool-47-thread-1] INFO  server.RaftServerConfigKeys (ConfUtils.java:logGet(43)) - raft.server.storage.dir = [/workdir/hadoop-ozone/integration-test/target/test-dir/MiniOzoneClusterImpl-b17df855-cd66-47f7-bb21-75637d0c5abd/datanode-2/data/ratis] (custom)
2019-10-17 07:00:33,304 [pool-47-thread-1] INFO  server.RaftServerConfigKeys (ConfUtils.java:logGet(43)) - raft.server.log.corruption.policy = EXCEPTION (default)
2019-10-17 07:00:33,305 [pool-47-thread-1] INFO  storage.RaftStorageDirectory (RaftStorageDirectory.java:analyzeStorage(246)) - The storage directory /workdir/hadoop-ozone/integration-test/target/test-dir/MiniOzoneClusterImpl-b17df855-cd66-47f7-bb21-75637d0c5abd/datanode-2/data/ratis/72246393-9d1a-4fd5-982f-c349846def79 does not exist. Creating ...
2019-10-17 07:00:33,317 [pool-47-thread-1] INFO  storage.RaftStorageDirectory (RaftStorageDirectory.java:tryLock(328)) - Lock on /workdir/hadoop-ozone/integration-test/target/test-dir/MiniOzoneClusterImpl-b17df855-cd66-47f7-bb21-75637d0c5abd/datanode-2/data/ratis/72246393-9d1a-4fd5-982f-c349846def79/in_use.lock acquired by nodename 28572@pr-hdds-1868-lzclr-202649289
2019-10-17 07:00:33,317 [pool-37-thread-1] INFO  storage.RaftStorageDirectory (RaftStorageDirectory.java:tryLock(328)) - Lock on /workdir/hadoop-ozone/integration-test/target/test-dir/MiniOzoneClusterImpl-b17df855-cd66-47f7-bb21-75637d0c5abd/datanode-1/data/ratis/72246393-9d1a-4fd5-982f-c349846def79/in_use.lock acquired by nodename 28572@pr-hdds-1868-lzclr-202649289
2019-10-17 07:00:33,317 [pool-27-thread-1] INFO  storage.RaftStorageDirectory (RaftStorageDirectory.java:tryLock(328)) - Lock on /workdir/hadoop-ozone/integration-test/target/test-dir/MiniOzoneClusterImpl-b17df855-cd66-47f7-bb21-75637d0c5abd/datanode-0/data/ratis/72246393-9d1a-4fd5-982f-c349846def79/in_use.lock acquired by nodename 28572@pr-hdds-1868-lzclr-202649289
2019-10-17 07:00:33,324 [Thread-190] INFO  impl.FollowerState (FollowerState.java:run(108)) - 03dd9899-51e5-4f83-b08a-708074177aaf@group-432220211782-FollowerState: change to CANDIDATE, lastRpcTime:182ms, electionTimeout:182ms
2019-10-17 07:00:33,325 [Thread-190] INFO  impl.RoleInfo (RoleInfo.java:shutdownFollowerState(121)) - 03dd9899-51e5-4f83-b08a-708074177aaf: shutdown FollowerState
2019-10-17 07:00:33,325 [Thread-190] INFO  impl.RaftServerImpl (RaftServerImpl.java:setRole(184)) - 03dd9899-51e5-4f83-b08a-708074177aaf@group-432220211782: changes role from  FOLLOWER to CANDIDATE at term 0 for changeToCandidate
2019-10-17 07:00:33,326 [Thread-190] INFO  impl.RoleInfo (RoleInfo.java:updateAndGet(143)) - 03dd9899-51e5-4f83-b08a-708074177aaf: start LeaderElection
2019-10-17 07:00:33,349 [pool-47-thread-1] INFO  storage.RaftStorage (RaftStorage.java:format(84)) - Storage directory /workdir/hadoop-ozone/integration-test/target/test-dir/MiniOzoneClusterImpl-b17df855-cd66-47f7-bb21-75637d0c5abd/datanode-2/data/ratis/72246393-9d1a-4fd5-982f-c349846def79 has been successfully formatted.
2019-10-17 07:00:33,350 [03dd9899-51e5-4f83-b08a-708074177aaf@group-432220211782-LeaderElection2] INFO  impl.LeaderElection (LeaderElection.java:askForVotes(178)) - 03dd9899-51e5-4f83-b08a-708074177aaf@group-432220211782-LeaderElection2: begin an election at term 1 for -1: [03dd9899-51e5-4f83-b08a-708074177aaf:192.168.34.62:36351], old=null
2019-10-17 07:00:33,349 [pool-37-thread-1] INFO  storage.RaftStorage (RaftStorage.java:format(84)) - Storage directory /workdir/hadoop-ozone/integration-test/target/test-dir/MiniOzoneClusterImpl-b17df855-cd66-47f7-bb21-75637d0c5abd/datanode-1/data/ratis/72246393-9d1a-4fd5-982f-c349846def79 has been successfully formatted.
2019-10-17 07:00:33,349 [pool-27-thread-1] INFO  storage.RaftStorage (RaftStorage.java:format(84)) - Storage directory /workdir/hadoop-ozone/integration-test/target/test-dir/MiniOzoneClusterImpl-b17df855-cd66-47f7-bb21-75637d0c5abd/datanode-0/data/ratis/72246393-9d1a-4fd5-982f-c349846def79 has been successfully formatted.
2019-10-17 07:00:33,351 [03dd9899-51e5-4f83-b08a-708074177aaf@group-432220211782-LeaderElection2] INFO  impl.RoleInfo (RoleInfo.java:shutdownLeaderElection(134)) - 03dd9899-51e5-4f83-b08a-708074177aaf: shutdown LeaderElection
2019-10-17 07:00:33,351 [pool-47-thread-1] INFO  ratis.ContainerStateMachine (ContainerStateMachine.java:loadSnapshot(233)) - group-C349846DEF79: The snapshot info is null. Setting the last applied indexto:(t:0, i:~)
2019-10-17 07:00:33,351 [03dd9899-51e5-4f83-b08a-708074177aaf@group-432220211782-LeaderElection2] INFO  impl.RaftServerImpl (RaftServerImpl.java:setRole(184)) - 03dd9899-51e5-4f83-b08a-708074177aaf@group-432220211782: changes role from CANDIDATE to LEADER at term 1 for changeToLeader
2019-10-17 07:00:33,351 [pool-27-thread-1] INFO  ratis.ContainerStateMachine (ContainerStateMachine.java:loadSnapshot(233)) - group-C349846DEF79: The snapshot info is null. Setting the last applied indexto:(t:0, i:~)
2019-10-17 07:00:33,351 [pool-37-thread-1] INFO  ratis.ContainerStateMachine (ContainerStateMachine.java:loadSnapshot(233)) - group-C349846DEF79: The snapshot info is null. Setting the last applied indexto:(t:0, i:~)
2019-10-17 07:00:33,352 [pool-27-thread-1] INFO  server.RaftServerConfigKeys (ConfUtils.java:logGet(43)) - raft.server.notification.no-leader.timeout = 1000s (custom)
2019-10-17 07:00:33,351 [03dd9899-51e5-4f83-b08a-708074177aaf@group-432220211782-LeaderElection2] INFO  ratis.XceiverServerRatis (XceiverServerRatis.java:handleLeaderChangedNotification(699)) - Leader change notification received for group: group-432220211782 with new leaderId: 03dd9899-51e5-4f83-b08a-708074177aaf
2019-10-17 07:00:33,351 [pool-47-thread-1] INFO  server.RaftServerConfigKeys (ConfUtils.java:logGet(43)) - raft.server.notification.no-leader.timeout = 1000s (custom)
2019-10-17 07:00:33,352 [pool-27-thread-1] INFO  server.RaftServerConfigKeys (ConfUtils.java:logGet(43)) - raft.server.log.use.memory = false (default)
2019-10-17 07:00:33,352 [pool-37-thread-1] INFO  server.RaftServerConfigKeys (ConfUtils.java:logGet(43)) - raft.server.notification.no-leader.timeout = 1000s (custom)
2019-10-17 07:00:33,352 [pool-27-thread-1] INFO  server.RaftServerConfigKeys (ConfUtils.java:logGet(43)) - raft.server.log.purge.gap = 1000000 (custom)
2019-10-17 07:00:33,352 [03dd9899-51e5-4f83-b08a-708074177aaf@group-432220211782-LeaderElection2] INFO  impl.RaftServerImpl (ServerState.java:setLeader(256)) - 03dd9899-51e5-4f83-b08a-708074177aaf@group-432220211782: change Leader from null to 03dd9899-51e5-4f83-b08a-708074177aaf at term 1 for becomeLeader, leader elected after 224ms
2019-10-17 07:00:33,352 [pool-47-thread-1] INFO  server.RaftServerConfigKeys (ConfUtils.java:logGet(43)) - raft.server.log.use.memory = false (default)
2019-10-17 07:00:33,353 [03dd9899-51e5-4f83-b08a-708074177aaf@group-432220211782-LeaderElection2] INFO  server.RaftServerConfigKeys (ConfUtils.java:logGet(43)) - raft.server.staging.catchup.gap = 1000 (default)
2019-10-17 07:00:33,353 [pool-27-thread-1] INFO  server.RaftServerConfigKeys (ConfUtils.java:logGet(43)) - raft.server.log.appender.buffer.byte-limit = 33554432 (custom)
2019-10-17 07:00:33,352 [pool-37-thread-1] INFO  server.RaftServerConfigKeys (ConfUtils.java:logGet(43)) - raft.server.log.use.memory = false (default)
2019-10-17 07:00:33,353 [pool-27-thread-1] INFO  server.RaftServerConfigKeys (ConfUtils.java:logGet(43)) - raft.server.log.segment.size.max = 1048576 (custom)
2019-10-17 07:00:33,353 [pool-37-thread-1] INFO  server.RaftServerConfigKeys (ConfUtils.java:logGet(43)) - raft.server.log.purge.gap = 1000000 (custom)
2019-10-17 07:00:33,353 [pool-27-thread-1] INFO  server.RaftServerConfigKeys (ConfUtils.java:logGet(43)) - raft.server.log.segment.cache.num.max = 2 (custom)
2019-10-17 07:00:33,353 [03dd9899-51e5-4f83-b08a-708074177aaf@group-432220211782-LeaderElection2] INFO  server.RaftServerConfigKeys (ConfUtils.java:logGet(43)) - raft.server.rpc.sleep.time = 25ms (default)
2019-10-17 07:00:33,353 [pool-47-thread-1] INFO  server.RaftServerConfigKeys (ConfUtils.java:logGet(43)) - raft.server.log.purge.gap = 1000000 (custom)
2019-10-17 07:00:33,354 [pool-27-thread-1] INFO  segmented.SegmentedRaftLogWorker (SegmentedRaftLogWorker.java:<init>(173)) - new cae7164a-c8b0-4e78-9c02-4190bab4d7cb@group-C349846DEF79-SegmentedRaftLogWorker for RaftStorage:Storage Directory /workdir/hadoop-ozone/integration-test/target/test-dir/MiniOzoneClusterImpl-b17df855-cd66-47f7-bb21-75637d0c5abd/datanode-0/data/ratis/72246393-9d1a-4fd5-982f-c349846def79
2019-10-17 07:00:33,353 [pool-37-thread-1] INFO  server.RaftServerConfigKeys (ConfUtils.java:logGet(43)) - raft.server.log.appender.buffer.byte-limit = 33554432 (custom)
2019-10-17 07:00:33,355 [pool-27-thread-1] INFO  server.RaftServerConfigKeys (ConfUtils.java:logGet(43)) - raft.server.log.queue.byte-limit = 2147483647 (custom)
2019-10-17 07:00:33,354 [03dd9899-51e5-4f83-b08a-708074177aaf@group-432220211782-LeaderElection2] INFO  server.RaftServerConfigKeys (ConfUtils.java:logGet(43)) - raft.server.write.element-limit = 4096 (default)
2019-10-17 07:00:33,354 [pool-47-thread-1] INFO  server.RaftServerConfigKeys (ConfUtils.java:logGet(43)) - raft.server.log.appender.buffer.byte-limit = 33554432 (custom)
2019-10-17 07:00:33,355 [03dd9899-51e5-4f83-b08a-708074177aaf@group-432220211782-LeaderElection2] INFO  server.RaftServerConfigKeys (ConfUtils.java:logGet(43)) - raft.server.watch.timeout = 10s (default)
2019-10-17 07:00:33,355 [pool-27-thread-1] INFO  server.RaftServerConfigKeys (ConfUtils.java:logGet(43)) - raft.server.log.queue.element-limit = 1024 (custom)
2019-10-17 07:00:33,355 [pool-37-thread-1] INFO  server.RaftServerConfigKeys (ConfUtils.java:logGet(43)) - raft.server.log.segment.size.max = 1048576 (custom)
2019-10-17 07:00:33,356 [pool-27-thread-1] INFO  server.RaftServerConfigKeys (ConfUtils.java:logGet(43)) - raft.server.log.segment.size.max = 1048576 (custom)
2019-10-17 07:00:33,356 [03dd9899-51e5-4f83-b08a-708074177aaf@group-432220211782-LeaderElection2] INFO  server.RaftServerConfigKeys (ConfUtils.java:logGet(43)) - raft.server.watch.timeout.denomination = 1s (default)
2019-10-17 07:00:33,355 [pool-47-thread-1] INFO  server.RaftServerConfigKeys (ConfUtils.java:logGet(43)) - raft.server.log.segment.size.max = 1048576 (custom)
2019-10-17 07:00:33,356 [03dd9899-51e5-4f83-b08a-708074177aaf@group-432220211782-LeaderElection2] INFO  server.RaftServerConfigKeys (ConfUtils.java:logGet(43)) - raft.server.watch.element-limit = 65536 (default)
2019-10-17 07:00:33,356 [pool-27-thread-1] INFO  server.RaftServerConfigKeys (ConfUtils.java:logGet(43)) - raft.server.log.preallocated.size = 16384 (custom)
2019-10-17 07:00:33,356 [pool-37-thread-1] INFO  server.RaftServerConfigKeys (ConfUtils.java:logGet(43)) - raft.server.log.segment.cache.num.max = 2 (custom)
2019-10-17 07:00:33,356 [pool-27-thread-1] INFO  server.RaftServerConfigKeys (ConfUtils.java:logGet(43)) - raft.server.log.write.buffer.size = 33554432 (custom)
2019-10-17 07:00:33,356 [pool-47-thread-1] INFO  server.RaftServerConfigKeys (ConfUtils.java:logGet(43)) - raft.server.log.segment.cache.num.max = 2 (custom)
2019-10-17 07:00:33,357 [pool-27-thread-1] INFO  server.RaftServerConfigKeys (ConfUtils.java:logGet(43)) - raft.server.log.force.sync.num = 128 (default)
2019-10-17 07:00:33,357 [pool-37-thread-1] INFO  segmented.SegmentedRaftLogWorker (SegmentedRaftLogWorker.java:<init>(173)) - new 328eda30-7a38-4124-8420-4db3824d3ef4@group-C349846DEF79-SegmentedRaftLogWorker for RaftStorage:Storage Directory /workdir/hadoop-ozone/integration-test/target/test-dir/MiniOzoneClusterImpl-b17df855-cd66-47f7-bb21-75637d0c5abd/datanode-1/data/ratis/72246393-9d1a-4fd5-982f-c349846def79
2019-10-17 07:00:33,357 [pool-27-thread-1] INFO  server.RaftServerConfigKeys (ConfUtils.java:logGet(43)) - raft.server.log.statemachine.data.sync = true (default)
2019-10-17 07:00:33,357 [pool-47-thread-1] INFO  segmented.SegmentedRaftLogWorker (SegmentedRaftLogWorker.java:<init>(173)) - new 03dd9899-51e5-4f83-b08a-708074177aaf@group-C349846DEF79-SegmentedRaftLogWorker for RaftStorage:Storage Directory /workdir/hadoop-ozone/integration-test/target/test-dir/MiniOzoneClusterImpl-b17df855-cd66-47f7-bb21-75637d0c5abd/datanode-2/data/ratis/72246393-9d1a-4fd5-982f-c349846def79
2019-10-17 07:00:33,357 [pool-27-thread-1] INFO  server.RaftServerConfigKeys (ConfUtils.java:logGet(43)) - raft.server.log.statemachine.data.sync.timeout = 10s (default)
2019-10-17 07:00:33,357 [pool-37-thread-1] INFO  server.RaftServerConfigKeys (ConfUtils.java:logGet(43)) - raft.server.log.queue.byte-limit = 2147483647 (custom)
2019-10-17 07:00:33,358 [pool-27-thread-1] INFO  server.RaftServerConfigKeys (ConfUtils.java:logGet(43)) - raft.server.log.statemachine.data.sync.timeout.retry = -1 (default)
2019-10-17 07:00:33,357 [pool-47-thread-1] INFO  server.RaftServerConfigKeys (ConfUtils.java:logGet(43)) - raft.server.log.queue.byte-limit = 2147483647 (custom)
2019-10-17 07:00:33,358 [pool-37-thread-1] INFO  server.RaftServerConfigKeys (ConfUtils.java:logGet(43)) - raft.server.log.queue.element-limit = 1024 (custom)
2019-10-17 07:00:33,358 [pool-27-thread-1] INFO  server.RaftServerConfigKeys (ConfUtils.java:logGet(43)) - raft.server.log.statemachine.data.caching.enabled = true (custom)
2019-10-17 07:00:33,358 [pool-47-thread-1] INFO  server.RaftServerConfigKeys (ConfUtils.java:logGet(43)) - raft.server.log.queue.element-limit = 1024 (custom)
2019-10-17 07:00:33,358 [pool-37-thread-1] INFO  server.RaftServerConfigKeys (ConfUtils.java:logGet(43)) - raft.server.log.segment.size.max = 1048576 (custom)
2019-10-17 07:00:33,358 [pool-47-thread-1] INFO  server.RaftServerConfigKeys (ConfUtils.java:logGet(43)) - raft.server.log.segment.size.max = 1048576 (custom)
2019-10-17 07:00:33,358 [pool-27-thread-1] INFO  segmented.SegmentedRaftLogWorker (SegmentedRaftLogWorker.java:lambda$new$0(128)) - cae7164a-c8b0-4e78-9c02-4190bab4d7cb@group-C349846DEF79-SegmentedRaftLogWorker: flushIndex: setUnconditionally 0 -> -1
2019-10-17 07:00:33,358 [pool-37-thread-1] INFO  server.RaftServerConfigKeys (ConfUtils.java:logGet(43)) - raft.server.log.preallocated.size = 16384 (custom)
2019-10-17 07:00:33,359 [pool-47-thread-1] INFO  server.RaftServerConfigKeys (ConfUtils.java:logGet(43)) - raft.server.log.preallocated.size = 16384 (custom)
2019-10-17 07:00:33,359 [pool-27-thread-1] INFO  server.RaftServerConfigKeys (ConfUtils.java:logGet(43)) - raft.server.snapshot.auto.trigger.enabled = true (custom)
2019-10-17 07:00:33,359 [pool-37-thread-1] INFO  server.RaftServerConfigKeys (ConfUtils.java:logGet(43)) - raft.server.log.write.buffer.size = 33554432 (custom)
2019-10-17 07:00:33,359 [03dd9899-51e5-4f83-b08a-708074177aaf@group-432220211782-LeaderElection2] INFO  impl.RoleInfo (RoleInfo.java:updateAndGet(143)) - 03dd9899-51e5-4f83-b08a-708074177aaf: start LeaderState
2019-10-17 07:00:33,359 [pool-27-thread-1] INFO  server.RaftServerConfigKeys (ConfUtils.java:logGet(43)) - raft.server.snapshot.auto.trigger.threshold = 10000 (custom)
2019-10-17 07:00:33,359 [pool-47-thread-1] INFO  server.RaftServerConfigKeys (ConfUtils.java:logGet(43)) - raft.server.log.write.buffer.size = 33554432 (custom)
2019-10-17 07:00:33,359 [pool-27-thread-1] INFO  server.RaftServerConfigKeys (ConfUtils.java:logGet(43)) - raft.server.snapshot.retention.file.num = 5 (custom)
2019-10-17 07:00:33,359 [pool-37-thread-1] INFO  server.RaftServerConfigKeys (ConfUtils.java:logGet(43)) - raft.server.log.force.sync.num = 128 (default)
2019-10-17 07:00:33,360 [03dd9899-51e5-4f83-b08a-708074177aaf@group-432220211782-LeaderElection2] INFO  segmented.SegmentedRaftLogWorker (SegmentedRaftLogWorker.java:startLogSegment(385)) - 03dd9899-51e5-4f83-b08a-708074177aaf@group-432220211782-SegmentedRaftLogWorker: Starting segment from index:0
2019-10-17 07:00:33,360 [pool-47-thread-1] INFO  server.RaftServerConfigKeys (ConfUtils.java:logGet(43)) - raft.server.log.force.sync.num = 128 (default)
2019-10-17 07:00:33,360 [pool-37-thread-1] INFO  server.RaftServerConfigKeys (ConfUtils.java:logGet(43)) - raft.server.log.statemachine.data.sync = true (default)
2019-10-17 07:00:33,360 [pool-27-thread-1] INFO  server.RaftServerConfigKeys (ConfUtils.java:logGet(43)) - raft.server.retrycache.expirytime = 600000ms (custom)
2019-10-17 07:00:33,360 [pool-37-thread-1] INFO  server.RaftServerConfigKeys (ConfUtils.java:logGet(43)) - raft.server.log.statemachine.data.sync.timeout = 10s (default)
2019-10-17 07:00:33,360 [pool-47-thread-1] INFO  server.RaftServerConfigKeys (ConfUtils.java:logGet(43)) - raft.server.log.statemachine.data.sync = true (default)
2019-10-17 07:00:33,360 [03dd9899-51e5-4f83-b08a-708074177aaf@group-432220211782-LeaderElection2] INFO  impl.RaftServerImpl (ServerState.java:setRaftConf(357)) - 03dd9899-51e5-4f83-b08a-708074177aaf@group-432220211782: set configuration 0: [03dd9899-51e5-4f83-b08a-708074177aaf:192.168.34.62:36351], old=null at 0
2019-10-17 07:00:33,360 [pool-37-thread-1] INFO  server.RaftServerConfigKeys (ConfUtils.java:logGet(43)) - raft.server.log.statemachine.data.sync.timeout.retry = -1 (default)
2019-10-17 07:00:33,361 [pool-47-thread-1] INFO  server.RaftServerConfigKeys (ConfUtils.java:logGet(43)) - raft.server.log.statemachine.data.sync.timeout = 10s (default)
2019-10-17 07:00:33,361 [pool-37-thread-1] INFO  server.RaftServerConfigKeys (ConfUtils.java:logGet(43)) - raft.server.log.statemachine.data.caching.enabled = true (custom)
2019-10-17 07:00:33,362 [pool-47-thread-1] INFO  server.RaftServerConfigKeys (ConfUtils.java:logGet(43)) - raft.server.log.statemachine.data.sync.timeout.retry = -1 (default)
2019-10-17 07:00:33,362 [pool-47-thread-1] INFO  server.RaftServerConfigKeys (ConfUtils.java:logGet(43)) - raft.server.log.statemachine.data.caching.enabled = true (custom)
2019-10-17 07:00:33,362 [pool-37-thread-1] INFO  segmented.SegmentedRaftLogWorker (SegmentedRaftLogWorker.java:lambda$new$0(128)) - 328eda30-7a38-4124-8420-4db3824d3ef4@group-C349846DEF79-SegmentedRaftLogWorker: flushIndex: setUnconditionally 0 -> -1
2019-10-17 07:00:33,362 [pool-47-thread-1] INFO  segmented.SegmentedRaftLogWorker (SegmentedRaftLogWorker.java:lambda$new$0(128)) - 03dd9899-51e5-4f83-b08a-708074177aaf@group-C349846DEF79-SegmentedRaftLogWorker: flushIndex: setUnconditionally 0 -> -1
2019-10-17 07:00:33,362 [pool-37-thread-1] INFO  server.RaftServerConfigKeys (ConfUtils.java:logGet(43)) - raft.server.snapshot.auto.trigger.enabled = true (custom)
2019-10-17 07:00:33,362 [pool-37-thread-1] INFO  server.RaftServerConfigKeys (ConfUtils.java:logGet(43)) - raft.server.snapshot.auto.trigger.threshold = 10000 (custom)
2019-10-17 07:00:33,362 [pool-47-thread-1] INFO  server.RaftServerConfigKeys (ConfUtils.java:logGet(43)) - raft.server.snapshot.auto.trigger.enabled = true (custom)
2019-10-17 07:00:33,363 [pool-37-thread-1] INFO  server.RaftServerConfigKeys (ConfUtils.java:logGet(43)) - raft.server.snapshot.retention.file.num = 5 (custom)
2019-10-17 07:00:33,363 [pool-47-thread-1] INFO  server.RaftServerConfigKeys (ConfUtils.java:logGet(43)) - raft.server.snapshot.auto.trigger.threshold = 10000 (custom)
2019-10-17 07:00:33,363 [pool-37-thread-1] INFO  server.RaftServerConfigKeys (ConfUtils.java:logGet(43)) - raft.server.retrycache.expirytime = 600000ms (custom)
2019-10-17 07:00:33,363 [pool-47-thread-1] INFO  server.RaftServerConfigKeys (ConfUtils.java:logGet(43)) - raft.server.snapshot.retention.file.num = 5 (custom)
2019-10-17 07:00:33,364 [pool-27-thread-1] INFO  impl.RaftServerImpl (RaftServerImpl.java:start(195)) - cae7164a-c8b0-4e78-9c02-4190bab4d7cb@group-C349846DEF79: start as a follower, conf=-1: [328eda30-7a38-4124-8420-4db3824d3ef4:192.168.34.62:34889, 03dd9899-51e5-4f83-b08a-708074177aaf:192.168.34.62:36351, cae7164a-c8b0-4e78-9c02-4190bab4d7cb:192.168.34.62:46027], old=null
2019-10-17 07:00:33,364 [pool-47-thread-1] INFO  server.RaftServerConfigKeys (ConfUtils.java:logGet(43)) - raft.server.retrycache.expirytime = 600000ms (custom)
2019-10-17 07:00:33,364 [pool-27-thread-1] INFO  impl.RaftServerImpl (RaftServerImpl.java:setRole(184)) - cae7164a-c8b0-4e78-9c02-4190bab4d7cb@group-C349846DEF79: changes role from      null to FOLLOWER at term 0 for startAsFollower
2019-10-17 07:00:33,364 [pool-27-thread-1] INFO  impl.RoleInfo (RoleInfo.java:updateAndGet(143)) - cae7164a-c8b0-4e78-9c02-4190bab4d7cb: start FollowerState
2019-10-17 07:00:33,364 [pool-27-thread-1] INFO  util.JmxRegister (JmxRegister.java:tryRegister(44)) - Successfully registered JMX Bean with object name Ratis:service=RaftServer,group=group-C349846DEF79,id=cae7164a-c8b0-4e78-9c02-4190bab4d7cb
2019-10-17 07:00:33,366 [pool-37-thread-1] INFO  impl.RaftServerImpl (RaftServerImpl.java:start(195)) - 328eda30-7a38-4124-8420-4db3824d3ef4@group-C349846DEF79: start as a follower, conf=-1: [328eda30-7a38-4124-8420-4db3824d3ef4:192.168.34.62:34889, 03dd9899-51e5-4f83-b08a-708074177aaf:192.168.34.62:36351, cae7164a-c8b0-4e78-9c02-4190bab4d7cb:192.168.34.62:46027], old=null
2019-10-17 07:00:33,366 [pool-37-thread-1] INFO  impl.RaftServerImpl (RaftServerImpl.java:setRole(184)) - 328eda30-7a38-4124-8420-4db3824d3ef4@group-C349846DEF79: changes role from      null to FOLLOWER at term 0 for startAsFollower
2019-10-17 07:00:33,366 [pool-37-thread-1] INFO  impl.RoleInfo (RoleInfo.java:updateAndGet(143)) - 328eda30-7a38-4124-8420-4db3824d3ef4: start FollowerState
2019-10-17 07:00:33,366 [pool-37-thread-1] INFO  util.JmxRegister (JmxRegister.java:tryRegister(44)) - Successfully registered JMX Bean with object name Ratis:service=RaftServer,group=group-C349846DEF79,id=328eda30-7a38-4124-8420-4db3824d3ef4
2019-10-17 07:00:33,367 [pool-47-thread-1] INFO  impl.RaftServerImpl (RaftServerImpl.java:start(195)) - 03dd9899-51e5-4f83-b08a-708074177aaf@group-C349846DEF79: start as a follower, conf=-1: [328eda30-7a38-4124-8420-4db3824d3ef4:192.168.34.62:34889, 03dd9899-51e5-4f83-b08a-708074177aaf:192.168.34.62:36351, cae7164a-c8b0-4e78-9c02-4190bab4d7cb:192.168.34.62:46027], old=null
2019-10-17 07:00:33,367 [pool-47-thread-1] INFO  impl.RaftServerImpl (RaftServerImpl.java:setRole(184)) - 03dd9899-51e5-4f83-b08a-708074177aaf@group-C349846DEF79: changes role from      null to FOLLOWER at term 0 for startAsFollower
2019-10-17 07:00:33,367 [pool-47-thread-1] INFO  impl.RoleInfo (RoleInfo.java:updateAndGet(143)) - 03dd9899-51e5-4f83-b08a-708074177aaf: start FollowerState
2019-10-17 07:00:33,367 [pool-47-thread-1] INFO  util.JmxRegister (JmxRegister.java:tryRegister(44)) - Successfully registered JMX Bean with object name Ratis:service=RaftServer,group=group-C349846DEF79,id=03dd9899-51e5-4f83-b08a-708074177aaf
2019-10-17 07:00:33,386 [RatisPipelineUtilsThread] INFO  pipeline.PipelineStateManager (PipelineStateManager.java:addPipeline(55)) - Created pipeline Pipeline[ Id: 72246393-9d1a-4fd5-982f-c349846def79, Nodes: 03dd9899-51e5-4f83-b08a-708074177aaf{ip: 192.168.34.62, host: pr-hdds-1868-lzclr-202649289, networkLocation: /default-rack, certSerialId: null}cae7164a-c8b0-4e78-9c02-4190bab4d7cb{ip: 192.168.34.62, host: pr-hdds-1868-lzclr-202649289, networkLocation: /default-rack, certSerialId: null}328eda30-7a38-4124-8420-4db3824d3ef4{ip: 192.168.34.62, host: pr-hdds-1868-lzclr-202649289, networkLocation: /default-rack, certSerialId: null}, Type:RATIS, Factor:THREE, State:ALLOCATED]
2019-10-17 07:00:33,388 [EventQueue-PipelineReportForPipelineReportHandler] INFO  pipeline.PipelineReportHandler (PipelineReportHandler.java:processPipelineReport(119)) - Pipeline PipelineID=f2b4104a-5993-4fc0-81c6-03e389b739bc reported by cae7164a-c8b0-4e78-9c02-4190bab4d7cb{ip: 192.168.34.62, host: pr-hdds-1868-lzclr-202649289, networkLocation: /default-rack, certSerialId: null} with leaderId cae7164a-c8b0-4e78-9c02-4190bab4d7cb
2019-10-17 07:00:33,388 [main] INFO  ozone.MiniOzoneClusterImpl (MiniOzoneClusterImpl.java:lambda$waitForClusterToBeReady$2(164)) - Waiting for 4 number of pipelines out of 4, to report a leader.
2019-10-17 07:00:33,392 [EventQueue-PipelineReportForPipelineReportHandler] INFO  pipeline.PipelineStateManager (PipelineStateManager.java:openPipeline(134)) - Pipeline Pipeline[ Id: f2b4104a-5993-4fc0-81c6-03e389b739bc, Nodes: cae7164a-c8b0-4e78-9c02-4190bab4d7cb{ip: 192.168.34.62, host: pr-hdds-1868-lzclr-202649289, networkLocation: /default-rack, certSerialId: null}, Type:RATIS, Factor:ONE, State:OPEN] moved to OPEN state
2019-10-17 07:00:33,392 [EventQueue-PipelineReportForPipelineReportHandler] INFO  pipeline.PipelineReportHandler (PipelineReportHandler.java:processPipelineReport(119)) - Pipeline PipelineID=72246393-9d1a-4fd5-982f-c349846def79 reported by 03dd9899-51e5-4f83-b08a-708074177aaf{ip: 192.168.34.62, host: pr-hdds-1868-lzclr-202649289, networkLocation: /default-rack, certSerialId: null} with leaderId 
2019-10-17 07:00:33,392 [EventQueue-PipelineReportForPipelineReportHandler] INFO  pipeline.PipelineReportHandler (PipelineReportHandler.java:processPipelineReport(119)) - Pipeline PipelineID=2354f3d9-0f26-4cdd-aaa8-432220211782 reported by 03dd9899-51e5-4f83-b08a-708074177aaf{ip: 192.168.34.62, host: pr-hdds-1868-lzclr-202649289, networkLocation: /default-rack, certSerialId: null} with leaderId 03dd9899-51e5-4f83-b08a-708074177aaf
2019-10-17 07:00:33,392 [EventQueue-PipelineReportForPipelineReportHandler] INFO  pipeline.PipelineStateManager (PipelineStateManager.java:openPipeline(134)) - Pipeline Pipeline[ Id: 2354f3d9-0f26-4cdd-aaa8-432220211782, Nodes: 03dd9899-51e5-4f83-b08a-708074177aaf{ip: 192.168.34.62, host: pr-hdds-1868-lzclr-202649289, networkLocation: /default-rack, certSerialId: null}, Type:RATIS, Factor:ONE, State:OPEN] moved to OPEN state
2019-10-17 07:00:33,407 [Thread-194] INFO  impl.FollowerState (FollowerState.java:run(108)) - 328eda30-7a38-4124-8420-4db3824d3ef4@group-781A1F228C39-FollowerState: change to CANDIDATE, lastRpcTime:153ms, electionTimeout:153ms
2019-10-17 07:00:33,407 [Thread-194] INFO  impl.RoleInfo (RoleInfo.java:shutdownFollowerState(121)) - 328eda30-7a38-4124-8420-4db3824d3ef4: shutdown FollowerState
2019-10-17 07:00:33,408 [Thread-194] INFO  impl.RaftServerImpl (RaftServerImpl.java:setRole(184)) - 328eda30-7a38-4124-8420-4db3824d3ef4@group-781A1F228C39: changes role from  FOLLOWER to CANDIDATE at term 0 for changeToCandidate
2019-10-17 07:00:33,408 [Thread-194] INFO  impl.RoleInfo (RoleInfo.java:updateAndGet(143)) - 328eda30-7a38-4124-8420-4db3824d3ef4: start LeaderElection
2019-10-17 07:00:33,422 [328eda30-7a38-4124-8420-4db3824d3ef4@group-781A1F228C39-LeaderElection3] INFO  impl.LeaderElection (LeaderElection.java:askForVotes(178)) - 328eda30-7a38-4124-8420-4db3824d3ef4@group-781A1F228C39-LeaderElection3: begin an election at term 1 for -1: [328eda30-7a38-4124-8420-4db3824d3ef4:192.168.34.62:34889], old=null
2019-10-17 07:00:33,422 [328eda30-7a38-4124-8420-4db3824d3ef4@group-781A1F228C39-LeaderElection3] INFO  impl.RoleInfo (RoleInfo.java:shutdownLeaderElection(134)) - 328eda30-7a38-4124-8420-4db3824d3ef4: shutdown LeaderElection
2019-10-17 07:00:33,422 [328eda30-7a38-4124-8420-4db3824d3ef4@group-781A1F228C39-LeaderElection3] INFO  impl.RaftServerImpl (RaftServerImpl.java:setRole(184)) - 328eda30-7a38-4124-8420-4db3824d3ef4@group-781A1F228C39: changes role from CANDIDATE to LEADER at term 1 for changeToLeader
2019-10-17 07:00:33,422 [328eda30-7a38-4124-8420-4db3824d3ef4@group-781A1F228C39-LeaderElection3] INFO  ratis.XceiverServerRatis (XceiverServerRatis.java:handleLeaderChangedNotification(699)) - Leader change notification received for group: group-781A1F228C39 with new leaderId: 328eda30-7a38-4124-8420-4db3824d3ef4
2019-10-17 07:00:33,422 [328eda30-7a38-4124-8420-4db3824d3ef4@group-781A1F228C39-LeaderElection3] INFO  impl.RaftServerImpl (ServerState.java:setLeader(256)) - 328eda30-7a38-4124-8420-4db3824d3ef4@group-781A1F228C39: change Leader from null to 328eda30-7a38-4124-8420-4db3824d3ef4 at term 1 for becomeLeader, leader elected after 181ms
2019-10-17 07:00:33,423 [328eda30-7a38-4124-8420-4db3824d3ef4@group-781A1F228C39-LeaderElection3] INFO  server.RaftServerConfigKeys (ConfUtils.java:logGet(43)) - raft.server.staging.catchup.gap = 1000 (default)
2019-10-17 07:00:33,423 [328eda30-7a38-4124-8420-4db3824d3ef4@group-781A1F228C39-LeaderElection3] INFO  server.RaftServerConfigKeys (ConfUtils.java:logGet(43)) - raft.server.rpc.sleep.time = 25ms (default)
2019-10-17 07:00:33,423 [328eda30-7a38-4124-8420-4db3824d3ef4@group-781A1F228C39-LeaderElection3] INFO  server.RaftServerConfigKeys (ConfUtils.java:logGet(43)) - raft.server.write.element-limit = 4096 (default)
2019-10-17 07:00:33,423 [328eda30-7a38-4124-8420-4db3824d3ef4@group-781A1F228C39-LeaderElection3] INFO  server.RaftServerConfigKeys (ConfUtils.java:logGet(43)) - raft.server.watch.timeout = 10s (default)
2019-10-17 07:00:33,423 [328eda30-7a38-4124-8420-4db3824d3ef4@group-781A1F228C39-LeaderElection3] INFO  server.RaftServerConfigKeys (ConfUtils.java:logGet(43)) - raft.server.watch.timeout.denomination = 1s (default)
2019-10-17 07:00:33,423 [328eda30-7a38-4124-8420-4db3824d3ef4@group-781A1F228C39-LeaderElection3] INFO  server.RaftServerConfigKeys (ConfUtils.java:logGet(43)) - raft.server.watch.element-limit = 65536 (default)
2019-10-17 07:00:33,455 [EventQueue-PipelineReportForPipelineReportHandler] INFO  pipeline.PipelineReportHandler (PipelineReportHandler.java:processPipelineReport(119)) - Pipeline PipelineID=2f0ff488-69c4-4994-9ad1-781a1f228c39 reported by 328eda30-7a38-4124-8420-4db3824d3ef4{ip: 192.168.34.62, host: pr-hdds-1868-lzclr-202649289, networkLocation: /default-rack, certSerialId: null} with leaderId 328eda30-7a38-4124-8420-4db3824d3ef4
2019-10-17 07:00:33,455 [EventQueue-PipelineReportForPipelineReportHandler] INFO  pipeline.PipelineStateManager (PipelineStateManager.java:openPipeline(134)) - Pipeline Pipeline[ Id: 2f0ff488-69c4-4994-9ad1-781a1f228c39, Nodes: 328eda30-7a38-4124-8420-4db3824d3ef4{ip: 192.168.34.62, host: pr-hdds-1868-lzclr-202649289, networkLocation: /default-rack, certSerialId: null}, Type:RATIS, Factor:ONE, State:OPEN] moved to OPEN state
2019-10-17 07:00:33,455 [EventQueue-PipelineReportForPipelineReportHandler] INFO  pipeline.PipelineReportHandler (PipelineReportHandler.java:processPipelineReport(119)) - Pipeline PipelineID=72246393-9d1a-4fd5-982f-c349846def79 reported by 328eda30-7a38-4124-8420-4db3824d3ef4{ip: 192.168.34.62, host: pr-hdds-1868-lzclr-202649289, networkLocation: /default-rack, certSerialId: null} with leaderId 
2019-10-17 07:00:33,455 [328eda30-7a38-4124-8420-4db3824d3ef4@group-781A1F228C39-LeaderElection3] INFO  impl.RoleInfo (RoleInfo.java:updateAndGet(143)) - 328eda30-7a38-4124-8420-4db3824d3ef4: start LeaderState
2019-10-17 07:00:33,456 [328eda30-7a38-4124-8420-4db3824d3ef4@group-781A1F228C39-LeaderElection3] INFO  segmented.SegmentedRaftLogWorker (SegmentedRaftLogWorker.java:startLogSegment(385)) - 328eda30-7a38-4124-8420-4db3824d3ef4@group-781A1F228C39-SegmentedRaftLogWorker: Starting segment from index:0
2019-10-17 07:00:33,456 [328eda30-7a38-4124-8420-4db3824d3ef4@group-781A1F228C39-LeaderElection3] INFO  impl.RaftServerImpl (ServerState.java:setRaftConf(357)) - 328eda30-7a38-4124-8420-4db3824d3ef4@group-781A1F228C39: set configuration 0: [328eda30-7a38-4124-8420-4db3824d3ef4:192.168.34.62:34889], old=null at 0
2019-10-17 07:00:33,498 [Thread-201] INFO  impl.FollowerState (FollowerState.java:run(108)) - cae7164a-c8b0-4e78-9c02-4190bab4d7cb@group-C349846DEF79-FollowerState: change to CANDIDATE, lastRpcTime:133ms, electionTimeout:114ms
2019-10-17 07:00:33,499 [cae7164a-c8b0-4e78-9c02-4190bab4d7cb@group-03E389B739BC-SegmentedRaftLogWorker] INFO  segmented.SegmentedRaftLogWorker (SegmentedRaftLogWorker.java:execute(576)) - cae7164a-c8b0-4e78-9c02-4190bab4d7cb@group-03E389B739BC-SegmentedRaftLogWorker: created new log segment /workdir/hadoop-ozone/integration-test/target/test-dir/MiniOzoneClusterImpl-b17df855-cd66-47f7-bb21-75637d0c5abd/datanode-0/data/ratis/f2b4104a-5993-4fc0-81c6-03e389b739bc/current/log_inprogress_0
2019-10-17 07:00:33,499 [03dd9899-51e5-4f83-b08a-708074177aaf@group-432220211782-SegmentedRaftLogWorker] INFO  segmented.SegmentedRaftLogWorker (SegmentedRaftLogWorker.java:execute(576)) - 03dd9899-51e5-4f83-b08a-708074177aaf@group-432220211782-SegmentedRaftLogWorker: created new log segment /workdir/hadoop-ozone/integration-test/target/test-dir/MiniOzoneClusterImpl-b17df855-cd66-47f7-bb21-75637d0c5abd/datanode-2/data/ratis/2354f3d9-0f26-4cdd-aaa8-432220211782/current/log_inprogress_0
2019-10-17 07:00:33,499 [Thread-201] INFO  impl.RoleInfo (RoleInfo.java:shutdownFollowerState(121)) - cae7164a-c8b0-4e78-9c02-4190bab4d7cb: shutdown FollowerState
2019-10-17 07:00:33,499 [Thread-201] INFO  impl.RaftServerImpl (RaftServerImpl.java:setRole(184)) - cae7164a-c8b0-4e78-9c02-4190bab4d7cb@group-C349846DEF79: changes role from  FOLLOWER to CANDIDATE at term 0 for changeToCandidate
2019-10-17 07:00:33,500 [Thread-201] INFO  impl.RoleInfo (RoleInfo.java:updateAndGet(143)) - cae7164a-c8b0-4e78-9c02-4190bab4d7cb: start LeaderElection
2019-10-17 07:00:33,515 [328eda30-7a38-4124-8420-4db3824d3ef4@group-781A1F228C39-SegmentedRaftLogWorker] INFO  segmented.SegmentedRaftLogWorker (SegmentedRaftLogWorker.java:execute(576)) - 328eda30-7a38-4124-8420-4db3824d3ef4@group-781A1F228C39-SegmentedRaftLogWorker: created new log segment /workdir/hadoop-ozone/integration-test/target/test-dir/MiniOzoneClusterImpl-b17df855-cd66-47f7-bb21-75637d0c5abd/datanode-1/data/ratis/2f0ff488-69c4-4994-9ad1-781a1f228c39/current/log_inprogress_0
2019-10-17 07:00:33,515 [cae7164a-c8b0-4e78-9c02-4190bab4d7cb@group-C349846DEF79-LeaderElection4] INFO  impl.LeaderElection (LeaderElection.java:askForVotes(178)) - cae7164a-c8b0-4e78-9c02-4190bab4d7cb@group-C349846DEF79-LeaderElection4: begin an election at term 1 for -1: [328eda30-7a38-4124-8420-4db3824d3ef4:192.168.34.62:34889, 03dd9899-51e5-4f83-b08a-708074177aaf:192.168.34.62:36351, cae7164a-c8b0-4e78-9c02-4190bab4d7cb:192.168.34.62:46027], old=null
2019-10-17 07:00:33,538 [grpc-default-executor-1] INFO  impl.RaftServerImpl (RaftServerImpl.java:setRole(184)) - 03dd9899-51e5-4f83-b08a-708074177aaf@group-C349846DEF79: changes role from  FOLLOWER to FOLLOWER at term 1 for recognizeCandidate:cae7164a-c8b0-4e78-9c02-4190bab4d7cb
2019-10-17 07:00:33,538 [grpc-default-executor-2] INFO  impl.RaftServerImpl (RaftServerImpl.java:setRole(184)) - 328eda30-7a38-4124-8420-4db3824d3ef4@group-C349846DEF79: changes role from  FOLLOWER to FOLLOWER at term 1 for recognizeCandidate:cae7164a-c8b0-4e78-9c02-4190bab4d7cb
2019-10-17 07:00:33,539 [grpc-default-executor-1] INFO  impl.RoleInfo (RoleInfo.java:shutdownFollowerState(121)) - 03dd9899-51e5-4f83-b08a-708074177aaf: shutdown FollowerState
2019-10-17 07:00:33,539 [grpc-default-executor-2] INFO  impl.RoleInfo (RoleInfo.java:shutdownFollowerState(121)) - 328eda30-7a38-4124-8420-4db3824d3ef4: shutdown FollowerState
2019-10-17 07:00:33,539 [grpc-default-executor-1] INFO  impl.RoleInfo (RoleInfo.java:updateAndGet(143)) - 03dd9899-51e5-4f83-b08a-708074177aaf: start FollowerState
2019-10-17 07:00:33,539 [Thread-203] INFO  impl.FollowerState (FollowerState.java:run(117)) - 03dd9899-51e5-4f83-b08a-708074177aaf@group-C349846DEF79-FollowerState was interrupted: java.lang.InterruptedException: sleep interrupted
2019-10-17 07:00:33,539 [grpc-default-executor-2] INFO  impl.RoleInfo (RoleInfo.java:updateAndGet(143)) - 328eda30-7a38-4124-8420-4db3824d3ef4: start FollowerState
2019-10-17 07:00:33,539 [Thread-202] INFO  impl.FollowerState (FollowerState.java:run(117)) - 328eda30-7a38-4124-8420-4db3824d3ef4@group-C349846DEF79-FollowerState was interrupted: java.lang.InterruptedException: sleep interrupted
2019-10-17 07:00:33,542 [cae7164a-c8b0-4e78-9c02-4190bab4d7cb@group-C349846DEF79-LeaderElection4] INFO  impl.LeaderElection (LeaderElection.java:logAndReturn(56)) - cae7164a-c8b0-4e78-9c02-4190bab4d7cb@group-C349846DEF79-LeaderElection4: Election TIMEOUT; received 0 response(s) [] and 0 exception(s); cae7164a-c8b0-4e78-9c02-4190bab4d7cb@group-C349846DEF79:t1, leader=null, voted=cae7164a-c8b0-4e78-9c02-4190bab4d7cb, raftlog=cae7164a-c8b0-4e78-9c02-4190bab4d7cb@group-C349846DEF79-SegmentedRaftLog:OPENED:c-1,f-1,i0, conf=-1: [328eda30-7a38-4124-8420-4db3824d3ef4:192.168.34.62:34889, 03dd9899-51e5-4f83-b08a-708074177aaf:192.168.34.62:36351, cae7164a-c8b0-4e78-9c02-4190bab4d7cb:192.168.34.62:46027], old=null
2019-10-17 07:00:33,556 [cae7164a-c8b0-4e78-9c02-4190bab4d7cb@group-C349846DEF79-LeaderElection4] INFO  impl.LeaderElection (LeaderElection.java:askForVotes(178)) - cae7164a-c8b0-4e78-9c02-4190bab4d7cb@group-C349846DEF79-LeaderElection4: begin an election at term 2 for -1: [328eda30-7a38-4124-8420-4db3824d3ef4:192.168.34.62:34889, 03dd9899-51e5-4f83-b08a-708074177aaf:192.168.34.62:36351, cae7164a-c8b0-4e78-9c02-4190bab4d7cb:192.168.34.62:46027], old=null
2019-10-17 07:00:33,564 [grpc-default-executor-2] INFO  impl.RaftServerImpl (RaftServerImpl.java:setRole(184)) - 03dd9899-51e5-4f83-b08a-708074177aaf@group-C349846DEF79: changes role from  FOLLOWER to FOLLOWER at term 2 for recognizeCandidate:cae7164a-c8b0-4e78-9c02-4190bab4d7cb
2019-10-17 07:00:33,565 [grpc-default-executor-2] INFO  impl.RoleInfo (RoleInfo.java:shutdownFollowerState(121)) - 03dd9899-51e5-4f83-b08a-708074177aaf: shutdown FollowerState
2019-10-17 07:00:33,565 [grpc-default-executor-1] INFO  impl.RaftServerImpl (RaftServerImpl.java:setRole(184)) - 328eda30-7a38-4124-8420-4db3824d3ef4@group-C349846DEF79: changes role from  FOLLOWER to FOLLOWER at term 2 for recognizeCandidate:cae7164a-c8b0-4e78-9c02-4190bab4d7cb
2019-10-17 07:00:33,565 [grpc-default-executor-2] INFO  impl.RoleInfo (RoleInfo.java:updateAndGet(143)) - 03dd9899-51e5-4f83-b08a-708074177aaf: start FollowerState
2019-10-17 07:00:33,565 [Thread-212] INFO  impl.FollowerState (FollowerState.java:run(117)) - 03dd9899-51e5-4f83-b08a-708074177aaf@group-C349846DEF79-FollowerState was interrupted: java.lang.InterruptedException: sleep interrupted
2019-10-17 07:00:33,565 [grpc-default-executor-1] INFO  impl.RoleInfo (RoleInfo.java:shutdownFollowerState(121)) - 328eda30-7a38-4124-8420-4db3824d3ef4: shutdown FollowerState
2019-10-17 07:00:33,566 [Thread-213] INFO  impl.FollowerState (FollowerState.java:run(117)) - 328eda30-7a38-4124-8420-4db3824d3ef4@group-C349846DEF79-FollowerState was interrupted: java.lang.InterruptedException: sleep interrupted
2019-10-17 07:00:33,566 [grpc-default-executor-1] INFO  impl.RoleInfo (RoleInfo.java:updateAndGet(143)) - 328eda30-7a38-4124-8420-4db3824d3ef4: start FollowerState
2019-10-17 07:00:33,599 [cae7164a-c8b0-4e78-9c02-4190bab4d7cb@group-C349846DEF79-LeaderElection4] INFO  impl.LeaderElection (LeaderElection.java:logAndReturn(56)) - cae7164a-c8b0-4e78-9c02-4190bab4d7cb@group-C349846DEF79-LeaderElection4: Election PASSED; received 1 response(s) [cae7164a-c8b0-4e78-9c02-4190bab4d7cb<-328eda30-7a38-4124-8420-4db3824d3ef4#0:OK-t2] and 0 exception(s); cae7164a-c8b0-4e78-9c02-4190bab4d7cb@group-C349846DEF79:t2, leader=null, voted=cae7164a-c8b0-4e78-9c02-4190bab4d7cb, raftlog=cae7164a-c8b0-4e78-9c02-4190bab4d7cb@group-C349846DEF79-SegmentedRaftLog:OPENED:c-1,f-1,i0, conf=-1: [328eda30-7a38-4124-8420-4db3824d3ef4:192.168.34.62:34889, 03dd9899-51e5-4f83-b08a-708074177aaf:192.168.34.62:36351, cae7164a-c8b0-4e78-9c02-4190bab4d7cb:192.168.34.62:46027], old=null
2019-10-17 07:00:33,600 [cae7164a-c8b0-4e78-9c02-4190bab4d7cb@group-C349846DEF79-LeaderElection4] INFO  impl.RoleInfo (RoleInfo.java:shutdownLeaderElection(134)) - cae7164a-c8b0-4e78-9c02-4190bab4d7cb: shutdown LeaderElection
2019-10-17 07:00:33,601 [cae7164a-c8b0-4e78-9c02-4190bab4d7cb@group-C349846DEF79-LeaderElection4] INFO  impl.RaftServerImpl (RaftServerImpl.java:setRole(184)) - cae7164a-c8b0-4e78-9c02-4190bab4d7cb@group-C349846DEF79: changes role from CANDIDATE to LEADER at term 2 for changeToLeader
2019-10-17 07:00:33,601 [cae7164a-c8b0-4e78-9c02-4190bab4d7cb@group-C349846DEF79-LeaderElection4] INFO  ratis.XceiverServerRatis (XceiverServerRatis.java:handleLeaderChangedNotification(699)) - Leader change notification received for group: group-C349846DEF79 with new leaderId: cae7164a-c8b0-4e78-9c02-4190bab4d7cb
2019-10-17 07:00:33,601 [cae7164a-c8b0-4e78-9c02-4190bab4d7cb@group-C349846DEF79-LeaderElection4] INFO  impl.RaftServerImpl (ServerState.java:setLeader(256)) - cae7164a-c8b0-4e78-9c02-4190bab4d7cb@group-C349846DEF79: change Leader from null to cae7164a-c8b0-4e78-9c02-4190bab4d7cb at term 2 for becomeLeader, leader elected after 249ms
2019-10-17 07:00:33,601 [cae7164a-c8b0-4e78-9c02-4190bab4d7cb@group-C349846DEF79-LeaderElection4] INFO  server.RaftServerConfigKeys (ConfUtils.java:logGet(43)) - raft.server.staging.catchup.gap = 1000 (default)
2019-10-17 07:00:33,601 [cae7164a-c8b0-4e78-9c02-4190bab4d7cb@group-C349846DEF79-LeaderElection4] INFO  server.RaftServerConfigKeys (ConfUtils.java:logGet(43)) - raft.server.rpc.sleep.time = 25ms (default)
2019-10-17 07:00:33,601 [cae7164a-c8b0-4e78-9c02-4190bab4d7cb@group-C349846DEF79-LeaderElection4] INFO  server.RaftServerConfigKeys (ConfUtils.java:logGet(43)) - raft.server.write.element-limit = 4096 (default)
2019-10-17 07:00:33,602 [cae7164a-c8b0-4e78-9c02-4190bab4d7cb@group-C349846DEF79-LeaderElection4] INFO  server.RaftServerConfigKeys (ConfUtils.java:logGet(43)) - raft.server.watch.timeout = 10s (default)
2019-10-17 07:00:33,602 [cae7164a-c8b0-4e78-9c02-4190bab4d7cb@group-C349846DEF79-LeaderElection4] INFO  server.RaftServerConfigKeys (ConfUtils.java:logGet(43)) - raft.server.watch.timeout.denomination = 1s (default)
2019-10-17 07:00:33,602 [cae7164a-c8b0-4e78-9c02-4190bab4d7cb@group-C349846DEF79-LeaderElection4] INFO  server.RaftServerConfigKeys (ConfUtils.java:logGet(43)) - raft.server.watch.element-limit = 65536 (default)
2019-10-17 07:00:33,603 [EventQueue-PipelineReportForPipelineReportHandler] INFO  pipeline.PipelineReportHandler (PipelineReportHandler.java:processPipelineReport(119)) - Pipeline PipelineID=72246393-9d1a-4fd5-982f-c349846def79 reported by cae7164a-c8b0-4e78-9c02-4190bab4d7cb{ip: 192.168.34.62, host: pr-hdds-1868-lzclr-202649289, networkLocation: /default-rack, certSerialId: null} with leaderId cae7164a-c8b0-4e78-9c02-4190bab4d7cb
2019-10-17 07:00:33,607 [cae7164a-c8b0-4e78-9c02-4190bab4d7cb@group-C349846DEF79-LeaderElection4] INFO  server.RaftServerConfigKeys (ConfUtils.java:logGet(43)) - raft.server.log.appender.snapshot.chunk.size.max = 16MB (=16777216) (default)
2019-10-17 07:00:33,607 [cae7164a-c8b0-4e78-9c02-4190bab4d7cb@group-C349846DEF79-LeaderElection4] INFO  server.RaftServerConfigKeys (ConfUtils.java:logGet(43)) - raft.server.log.appender.buffer.byte-limit = 33554432 (custom)
2019-10-17 07:00:33,607 [cae7164a-c8b0-4e78-9c02-4190bab4d7cb@group-C349846DEF79-LeaderElection4] INFO  server.RaftServerConfigKeys (ConfUtils.java:logGet(43)) - raft.server.log.appender.buffer.element-limit = 1 (custom)
2019-10-17 07:00:33,610 [cae7164a-c8b0-4e78-9c02-4190bab4d7cb@group-C349846DEF79-LeaderElection4] INFO  grpc.GrpcConfigKeys$Server (ConfUtils.java:logGet(43)) - raft.grpc.server.leader.outstanding.appends.max = 128 (default)
2019-10-17 07:00:33,610 [cae7164a-c8b0-4e78-9c02-4190bab4d7cb@group-C349846DEF79-LeaderElection4] INFO  server.RaftServerConfigKeys (ConfUtils.java:logGet(43)) - raft.server.rpc.request.timeout = 3000ms (default)
2019-10-17 07:00:33,611 [cae7164a-c8b0-4e78-9c02-4190bab4d7cb@group-C349846DEF79-LeaderElection4] INFO  server.RaftServerConfigKeys (ConfUtils.java:logGet(43)) - raft.server.log.appender.install.snapshot.enabled = false (custom)
2019-10-17 07:00:33,614 [cae7164a-c8b0-4e78-9c02-4190bab4d7cb@group-C349846DEF79-LeaderElection4] INFO  server.RaftServerConfigKeys (ConfUtils.java:logGet(43)) - raft.server.log.appender.snapshot.chunk.size.max = 16MB (=16777216) (default)
2019-10-17 07:00:33,614 [cae7164a-c8b0-4e78-9c02-4190bab4d7cb@group-C349846DEF79-LeaderElection4] INFO  server.RaftServerConfigKeys (ConfUtils.java:logGet(43)) - raft.server.log.appender.buffer.byte-limit = 33554432 (custom)
2019-10-17 07:00:33,614 [cae7164a-c8b0-4e78-9c02-4190bab4d7cb@group-C349846DEF79-LeaderElection4] INFO  server.RaftServerConfigKeys (ConfUtils.java:logGet(43)) - raft.server.log.appender.buffer.element-limit = 1 (custom)
2019-10-17 07:00:33,614 [cae7164a-c8b0-4e78-9c02-4190bab4d7cb@group-C349846DEF79-LeaderElection4] INFO  grpc.GrpcConfigKeys$Server (ConfUtils.java:logGet(43)) - raft.grpc.server.leader.outstanding.appends.max = 128 (default)
2019-10-17 07:00:33,614 [cae7164a-c8b0-4e78-9c02-4190bab4d7cb@group-C349846DEF79-LeaderElection4] INFO  server.RaftServerConfigKeys (ConfUtils.java:logGet(43)) - raft.server.rpc.request.timeout = 3000ms (default)
2019-10-17 07:00:33,615 [cae7164a-c8b0-4e78-9c02-4190bab4d7cb@group-C349846DEF79-LeaderElection4] INFO  server.RaftServerConfigKeys (ConfUtils.java:logGet(43)) - raft.server.log.appender.install.snapshot.enabled = false (custom)
2019-10-17 07:00:33,619 [cae7164a-c8b0-4e78-9c02-4190bab4d7cb@group-C349846DEF79-LeaderElection4] INFO  impl.RoleInfo (RoleInfo.java:updateAndGet(143)) - cae7164a-c8b0-4e78-9c02-4190bab4d7cb: start LeaderState
2019-10-17 07:00:33,619 [cae7164a-c8b0-4e78-9c02-4190bab4d7cb@group-C349846DEF79-LeaderElection4] INFO  segmented.SegmentedRaftLogWorker (SegmentedRaftLogWorker.java:startLogSegment(385)) - cae7164a-c8b0-4e78-9c02-4190bab4d7cb@group-C349846DEF79-SegmentedRaftLogWorker: Starting segment from index:0
2019-10-17 07:00:33,620 [cae7164a-c8b0-4e78-9c02-4190bab4d7cb@group-C349846DEF79-LeaderElection4] INFO  impl.RaftServerImpl (ServerState.java:setRaftConf(357)) - cae7164a-c8b0-4e78-9c02-4190bab4d7cb@group-C349846DEF79: set configuration 0: [328eda30-7a38-4124-8420-4db3824d3ef4:192.168.34.62:34889, 03dd9899-51e5-4f83-b08a-708074177aaf:192.168.34.62:36351, cae7164a-c8b0-4e78-9c02-4190bab4d7cb:192.168.34.62:46027], old=null at 0
2019-10-17 07:00:33,658 [cae7164a-c8b0-4e78-9c02-4190bab4d7cb@group-C349846DEF79-SegmentedRaftLogWorker] INFO  segmented.SegmentedRaftLogWorker (SegmentedRaftLogWorker.java:execute(576)) - cae7164a-c8b0-4e78-9c02-4190bab4d7cb@group-C349846DEF79-SegmentedRaftLogWorker: created new log segment /workdir/hadoop-ozone/integration-test/target/test-dir/MiniOzoneClusterImpl-b17df855-cd66-47f7-bb21-75637d0c5abd/datanode-0/data/ratis/72246393-9d1a-4fd5-982f-c349846def79/current/log_inprogress_0
2019-10-17 07:00:33,664 [grpc-default-executor-2] INFO  ratis.XceiverServerRatis (XceiverServerRatis.java:handleLeaderChangedNotification(699)) - Leader change notification received for group: group-C349846DEF79 with new leaderId: cae7164a-c8b0-4e78-9c02-4190bab4d7cb
2019-10-17 07:00:33,664 [grpc-default-executor-2] INFO  impl.RaftServerImpl (ServerState.java:setLeader(256)) - 328eda30-7a38-4124-8420-4db3824d3ef4@group-C349846DEF79: change Leader from null to cae7164a-c8b0-4e78-9c02-4190bab4d7cb at term 2 for appendEntries, leader elected after 312ms
2019-10-17 07:00:33,664 [grpc-default-executor-1] INFO  ratis.XceiverServerRatis (XceiverServerRatis.java:handleLeaderChangedNotification(699)) - Leader change notification received for group: group-C349846DEF79 with new leaderId: cae7164a-c8b0-4e78-9c02-4190bab4d7cb
2019-10-17 07:00:33,665 [grpc-default-executor-1] INFO  impl.RaftServerImpl (ServerState.java:setLeader(256)) - 03dd9899-51e5-4f83-b08a-708074177aaf@group-C349846DEF79: change Leader from null to cae7164a-c8b0-4e78-9c02-4190bab4d7cb at term 2 for appendEntries, leader elected after 313ms
2019-10-17 07:00:33,672 [EventQueue-PipelineReportForPipelineReportHandler] INFO  pipeline.PipelineReportHandler (PipelineReportHandler.java:processPipelineReport(119)) - Pipeline PipelineID=72246393-9d1a-4fd5-982f-c349846def79 reported by 328eda30-7a38-4124-8420-4db3824d3ef4{ip: 192.168.34.62, host: pr-hdds-1868-lzclr-202649289, networkLocation: /default-rack, certSerialId: null} with leaderId cae7164a-c8b0-4e78-9c02-4190bab4d7cb
2019-10-17 07:00:33,673 [EventQueue-PipelineReportForPipelineReportHandler] INFO  pipeline.PipelineReportHandler (PipelineReportHandler.java:processPipelineReport(119)) - Pipeline PipelineID=72246393-9d1a-4fd5-982f-c349846def79 reported by 03dd9899-51e5-4f83-b08a-708074177aaf{ip: 192.168.34.62, host: pr-hdds-1868-lzclr-202649289, networkLocation: /default-rack, certSerialId: null} with leaderId cae7164a-c8b0-4e78-9c02-4190bab4d7cb
2019-10-17 07:00:33,673 [EventQueue-PipelineReportForPipelineReportHandler] INFO  pipeline.PipelineStateManager (PipelineStateManager.java:openPipeline(134)) - Pipeline Pipeline[ Id: 72246393-9d1a-4fd5-982f-c349846def79, Nodes: 03dd9899-51e5-4f83-b08a-708074177aaf{ip: 192.168.34.62, host: pr-hdds-1868-lzclr-202649289, networkLocation: /default-rack, certSerialId: null}cae7164a-c8b0-4e78-9c02-4190bab4d7cb{ip: 192.168.34.62, host: pr-hdds-1868-lzclr-202649289, networkLocation: /default-rack, certSerialId: null}328eda30-7a38-4124-8420-4db3824d3ef4{ip: 192.168.34.62, host: pr-hdds-1868-lzclr-202649289, networkLocation: /default-rack, certSerialId: null}, Type:RATIS, Factor:THREE, State:OPEN] moved to OPEN state
2019-10-17 07:00:33,691 [grpc-default-executor-1] INFO  impl.RaftServerImpl (ServerState.java:setRaftConf(357)) - 328eda30-7a38-4124-8420-4db3824d3ef4@group-C349846DEF79: set configuration 0: [328eda30-7a38-4124-8420-4db3824d3ef4:192.168.34.62:34889, 03dd9899-51e5-4f83-b08a-708074177aaf:192.168.34.62:36351, cae7164a-c8b0-4e78-9c02-4190bab4d7cb:192.168.34.62:46027], old=null at 0
2019-10-17 07:00:33,691 [grpc-default-executor-2] INFO  impl.RaftServerImpl (ServerState.java:setRaftConf(357)) - 03dd9899-51e5-4f83-b08a-708074177aaf@group-C349846DEF79: set configuration 0: [328eda30-7a38-4124-8420-4db3824d3ef4:192.168.34.62:34889, 03dd9899-51e5-4f83-b08a-708074177aaf:192.168.34.62:36351, cae7164a-c8b0-4e78-9c02-4190bab4d7cb:192.168.34.62:46027], old=null at 0
2019-10-17 07:00:33,692 [grpc-default-executor-1] INFO  segmented.SegmentedRaftLogWorker (SegmentedRaftLogWorker.java:startLogSegment(385)) - 328eda30-7a38-4124-8420-4db3824d3ef4@group-C349846DEF79-SegmentedRaftLogWorker: Starting segment from index:0
2019-10-17 07:00:33,692 [grpc-default-executor-2] INFO  segmented.SegmentedRaftLogWorker (SegmentedRaftLogWorker.java:startLogSegment(385)) - 03dd9899-51e5-4f83-b08a-708074177aaf@group-C349846DEF79-SegmentedRaftLogWorker: Starting segment from index:0
2019-10-17 07:00:33,734 [328eda30-7a38-4124-8420-4db3824d3ef4@group-C349846DEF79-SegmentedRaftLogWorker] INFO  segmented.SegmentedRaftLogWorker (SegmentedRaftLogWorker.java:execute(576)) - 328eda30-7a38-4124-8420-4db3824d3ef4@group-C349846DEF79-SegmentedRaftLogWorker: created new log segment /workdir/hadoop-ozone/integration-test/target/test-dir/MiniOzoneClusterImpl-b17df855-cd66-47f7-bb21-75637d0c5abd/datanode-1/data/ratis/72246393-9d1a-4fd5-982f-c349846def79/current/log_inprogress_0
2019-10-17 07:00:33,734 [03dd9899-51e5-4f83-b08a-708074177aaf@group-C349846DEF79-SegmentedRaftLogWorker] INFO  segmented.SegmentedRaftLogWorker (SegmentedRaftLogWorker.java:execute(576)) - 03dd9899-51e5-4f83-b08a-708074177aaf@group-C349846DEF79-SegmentedRaftLogWorker: created new log segment /workdir/hadoop-ozone/integration-test/target/test-dir/MiniOzoneClusterImpl-b17df855-cd66-47f7-bb21-75637d0c5abd/datanode-2/data/ratis/72246393-9d1a-4fd5-982f-c349846def79/current/log_inprogress_0
2019-10-17 07:00:34,390 [main] INFO  ozone.MiniOzoneClusterImpl (MiniOzoneClusterImpl.java:lambda$waitForClusterToBeReady$2(172)) - Cluster is ready. Got 3 of 3 DN Heartbeats.
2019-10-17 07:00:35,122 [main] INFO  rpc.RpcClient (RpcClient.java:createVolume(272)) - Creating Volume: testcontainerstatemachinefailures, with jenkins1000 as owner.
2019-10-17 07:00:35,211 [IPC Server handler 2 on 46414] INFO  volume.OMVolumeCreateRequest (OMVolumeCreateRequest.java:validateAndUpdateCache(193)) - created volume:testcontainerstatemachinefailures for user:jenkins1000
2019-10-17 07:00:35,249 [main] INFO  rpc.RpcClient (RpcClient.java:createBucket(411)) - Creating Bucket: testcontainerstatemachinefailures/testcontainerstatemachinefailures, with Versioning false and Storage Type set to DISK and Encryption set to false 
2019-10-17 07:00:35,389 [main] INFO  impl.MetricsSystemImpl (MetricsSystemImpl.java:init(158)) - XceiverClientMetrics metrics system started (again)
2019-10-17 07:00:35,413 [Thread-181] INFO  container.ReplicationManager (ReplicationManager.java:start(162)) - Starting Replication Monitor Thread.
2019-10-17 07:00:35,416 [ReplicationMonitor] INFO  container.ReplicationManager (ReplicationManager.java:run(225)) - Replication Monitor Thread took 3 milliseconds for processing 1 containers.
2019-10-17 07:00:35,860 [Datanode State Machine Thread - 0] INFO  statemachine.DatanodeStateMachine (DatanodeStateMachine.java:lambda$startDaemon$0(350)) - Ozone container server started.
2019-10-17 07:00:40,807 [main] INFO  ozoneimpl.OzoneContainer (OzoneContainer.java:stop(227)) - Attempting to stop container services.
2019-10-17 07:00:40,809 [main] INFO  impl.RaftServerProxy (RaftServerProxy.java:lambda$close$4(314)) - 03dd9899-51e5-4f83-b08a-708074177aaf: close
2019-10-17 07:00:40,810 [main] INFO  impl.RaftServerImpl (RaftServerImpl.java:lambda$shutdown$3(261)) - 03dd9899-51e5-4f83-b08a-708074177aaf@group-C349846DEF79: shutdown
2019-10-17 07:00:40,810 [main] INFO  util.JmxRegister (JmxRegister.java:unregister(73)) - Successfully un-registered JMX Bean with object name Ratis:service=RaftServer,group=group-C349846DEF79,id=03dd9899-51e5-4f83-b08a-708074177aaf
2019-10-17 07:00:40,811 [main] INFO  impl.RoleInfo (RoleInfo.java:shutdownFollowerState(121)) - 03dd9899-51e5-4f83-b08a-708074177aaf: shutdown FollowerState
2019-10-17 07:00:40,811 [main] INFO  impl.StateMachineUpdater (StateMachineUpdater.java:stopAndJoin(136)) - 03dd9899-51e5-4f83-b08a-708074177aaf@group-C349846DEF79-StateMachineUpdater: set stopIndex = 4
2019-10-17 07:00:40,811 [Thread-216] INFO  impl.FollowerState (FollowerState.java:run(117)) - 03dd9899-51e5-4f83-b08a-708074177aaf@group-C349846DEF79-FollowerState was interrupted: java.lang.InterruptedException: sleep interrupted
2019-10-17 07:00:40,812 [03dd9899-51e5-4f83-b08a-708074177aaf@group-C349846DEF79-StateMachineUpdater] INFO  ratis.ContainerStateMachine (ContainerStateMachine.java:takeSnapshot(296)) - group-C349846DEF79: Taking a snapshot at:(t:2, i:3) file /workdir/hadoop-ozone/integration-test/target/test-dir/MiniOzoneClusterImpl-b17df855-cd66-47f7-bb21-75637d0c5abd/datanode-2/data/ratis/72246393-9d1a-4fd5-982f-c349846def79/sm/snapshot.2_3
2019-10-17 07:00:40,918 [03dd9899-51e5-4f83-b08a-708074177aaf@group-C349846DEF79-StateMachineUpdater] INFO  ratis.ContainerStateMachine (ContainerStateMachine.java:takeSnapshot(307)) - group-C349846DEF79: Finished taking a snapshot at:(t:2, i:3) file:/workdir/hadoop-ozone/integration-test/target/test-dir/MiniOzoneClusterImpl-b17df855-cd66-47f7-bb21-75637d0c5abd/datanode-2/data/ratis/72246393-9d1a-4fd5-982f-c349846def79/sm/snapshot.2_3 time:106
2019-10-17 07:00:40,920 [03dd9899-51e5-4f83-b08a-708074177aaf@group-C349846DEF79-StateMachineUpdater] INFO  impl.StateMachineUpdater (StateMachineUpdater.java:takeSnapshot(269)) - 03dd9899-51e5-4f83-b08a-708074177aaf@group-C349846DEF79-StateMachineUpdater: Took a snapshot at index 3
2019-10-17 07:00:40,924 [03dd9899-51e5-4f83-b08a-708074177aaf@group-C349846DEF79-StateMachineUpdater] INFO  impl.StateMachineUpdater (StateMachineUpdater.java:lambda$new$0(84)) - 03dd9899-51e5-4f83-b08a-708074177aaf@group-C349846DEF79-StateMachineUpdater: snapshotIndex: updateIncreasingly -1 -> 3
2019-10-17 07:00:40,928 [03dd9899-51e5-4f83-b08a-708074177aaf@group-C349846DEF79-StateMachineUpdater] INFO  ratis.ContainerStateMachine (ContainerStateMachine.java:takeSnapshot(296)) - group-C349846DEF79: Taking a snapshot at:(t:2, i:3) file /workdir/hadoop-ozone/integration-test/target/test-dir/MiniOzoneClusterImpl-b17df855-cd66-47f7-bb21-75637d0c5abd/datanode-2/data/ratis/72246393-9d1a-4fd5-982f-c349846def79/sm/snapshot.2_3
2019-10-17 07:00:40,940 [03dd9899-51e5-4f83-b08a-708074177aaf@group-C349846DEF79-StateMachineUpdater] INFO  ratis.ContainerStateMachine (ContainerStateMachine.java:takeSnapshot(307)) - group-C349846DEF79: Finished taking a snapshot at:(t:2, i:3) file:/workdir/hadoop-ozone/integration-test/target/test-dir/MiniOzoneClusterImpl-b17df855-cd66-47f7-bb21-75637d0c5abd/datanode-2/data/ratis/72246393-9d1a-4fd5-982f-c349846def79/sm/snapshot.2_3 time:12
2019-10-17 07:00:40,940 [03dd9899-51e5-4f83-b08a-708074177aaf@group-C349846DEF79-StateMachineUpdater] INFO  impl.StateMachineUpdater (StateMachineUpdater.java:takeSnapshot(269)) - 03dd9899-51e5-4f83-b08a-708074177aaf@group-C349846DEF79-StateMachineUpdater: Took a snapshot at index 3
2019-10-17 07:00:40,940 [03dd9899-51e5-4f83-b08a-708074177aaf@group-C349846DEF79-StateMachineUpdater] INFO  impl.StateMachineUpdater (StateMachineUpdater.java:lambda$new$0(84)) - 03dd9899-51e5-4f83-b08a-708074177aaf@group-C349846DEF79-StateMachineUpdater: snapshotIndex: updateIncreasingly 3 -> 3
2019-10-17 07:00:40,941 [main] INFO  impl.RaftServerImpl (ServerState.java:close(388)) - 03dd9899-51e5-4f83-b08a-708074177aaf@group-C349846DEF79: closes. applyIndex: 4
2019-10-17 07:00:40,943 [03dd9899-51e5-4f83-b08a-708074177aaf@group-C349846DEF79-SegmentedRaftLogWorker] INFO  segmented.SegmentedRaftLogWorker (SegmentedRaftLogWorker.java:run(316)) - 03dd9899-51e5-4f83-b08a-708074177aaf@group-C349846DEF79-SegmentedRaftLogWorker was interrupted, exiting. There are 0 tasks remaining in the queue.
2019-10-17 07:00:40,944 [main] INFO  segmented.SegmentedRaftLogWorker (SegmentedRaftLogWorker.java:close(224)) - 03dd9899-51e5-4f83-b08a-708074177aaf@group-C349846DEF79-SegmentedRaftLogWorker close()
2019-10-17 07:00:40,945 [main] INFO  impl.RaftServerImpl (RaftServerImpl.java:lambda$shutdown$3(261)) - 03dd9899-51e5-4f83-b08a-708074177aaf@group-432220211782: shutdown
2019-10-17 07:00:40,945 [main] INFO  util.JmxRegister (JmxRegister.java:unregister(73)) - Successfully un-registered JMX Bean with object name Ratis:service=RaftServer,group=group-432220211782,id=03dd9899-51e5-4f83-b08a-708074177aaf
2019-10-17 07:00:40,946 [main] INFO  impl.RoleInfo (RoleInfo.java:shutdownLeaderState(104)) - 03dd9899-51e5-4f83-b08a-708074177aaf: shutdown LeaderState
2019-10-17 07:00:40,946 [main] INFO  impl.PendingRequests (PendingRequests.java:sendNotLeaderResponses(202)) - 03dd9899-51e5-4f83-b08a-708074177aaf@group-432220211782-PendingRequests: sendNotLeaderResponses
2019-10-17 07:00:40,947 [main] INFO  impl.StateMachineUpdater (StateMachineUpdater.java:stopAndJoin(136)) - 03dd9899-51e5-4f83-b08a-708074177aaf@group-432220211782-StateMachineUpdater: set stopIndex = 0
2019-10-17 07:00:40,948 [main] INFO  impl.RaftServerImpl (ServerState.java:close(388)) - 03dd9899-51e5-4f83-b08a-708074177aaf@group-432220211782: closes. applyIndex: 0
2019-10-17 07:00:40,949 [03dd9899-51e5-4f83-b08a-708074177aaf@group-432220211782-SegmentedRaftLogWorker] INFO  segmented.SegmentedRaftLogWorker (SegmentedRaftLogWorker.java:run(316)) - 03dd9899-51e5-4f83-b08a-708074177aaf@group-432220211782-SegmentedRaftLogWorker was interrupted, exiting. There are 0 tasks remaining in the queue.
2019-10-17 07:00:40,950 [main] INFO  segmented.SegmentedRaftLogWorker (SegmentedRaftLogWorker.java:close(224)) - 03dd9899-51e5-4f83-b08a-708074177aaf@group-432220211782-SegmentedRaftLogWorker close()
2019-10-17 07:00:40,951 [main] INFO  server.GrpcService (GrpcService.java:closeImpl(164)) - 03dd9899-51e5-4f83-b08a-708074177aaf: shutdown server with port 36351 now
2019-10-17 07:00:40,955 [main] INFO  server.GrpcService (GrpcService.java:closeImpl(172)) - 03dd9899-51e5-4f83-b08a-708074177aaf: shutdown server with port 36351 successfully
2019-10-17 07:00:40,955 [grpc-default-executor-1] WARN  server.GrpcServerProtocolService (LogUtils.java:warn(134)) - 03dd9899-51e5-4f83-b08a-708074177aaf: installSnapshot onError, lastRequest: cae7164a-c8b0-4e78-9c02-4190bab4d7cb->03dd9899-51e5-4f83-b08a-708074177aaf#7-t2, previous=(t:2, i:4), leaderCommit=4, initializing? false, entries: <empty>: org.apache.ratis.thirdparty.io.grpc.StatusRuntimeException: CANCELLED: cancelled before receiving half close
2019-10-17 07:00:40,960 [grpc-default-executor-2] WARN  server.GrpcLogAppender (LogUtils.java:warn(134)) - cae7164a-c8b0-4e78-9c02-4190bab4d7cb@group-C349846DEF79->03dd9899-51e5-4f83-b08a-708074177aaf-AppendLogResponseHandler: Failed appendEntries: org.apache.ratis.thirdparty.io.grpc.StatusRuntimeException: CANCELLED: HTTP/2 error code: CANCEL
Received Rst Stream
2019-10-17 07:00:40,960 [refreshUsed-/workdir/hadoop-ozone/integration-test/target/test-dir/MiniOzoneClusterImpl-b17df855-cd66-47f7-bb21-75637d0c5abd/datanode-2/data/containers] WARN  fs.CachingGetSpaceUsed (CachingGetSpaceUsed.java:run(183)) - Thread Interrupted waiting to refresh disk information: sleep interrupted
2019-10-17 07:00:40,977 [main] INFO  utils.BackgroundService (BackgroundService.java:shutdown(151)) - Shutting down service BlockDeletingService
2019-10-17 07:00:40,982 [main] INFO  statemachine.DatanodeStateMachine (DatanodeStateMachine.java:stopDaemon(395)) - Ozone container server stopped.
2019-10-17 07:00:40,984 [main] INFO  handler.ContextHandler (ContextHandler.java:doStop(910)) - Stopped o.e.j.w.WebAppContext@54e3658c{/,null,UNAVAILABLE}{/hddsDatanode}
2019-10-17 07:00:40,988 [main] INFO  server.AbstractConnector (AbstractConnector.java:doStop(318)) - Stopped ServerConnector@43e9089{HTTP/1.1,[http/1.1]}{0.0.0.0:0}
2019-10-17 07:00:40,988 [main] INFO  handler.ContextHandler (ContextHandler.java:doStop(910)) - Stopped o.e.j.s.ServletContextHandler@558756be{/static,jar:file:/home/user/.m2/repository/org/apache/hadoop/hadoop-hdds-container-service/0.5.0-SNAPSHOT/hadoop-hdds-container-service-0.5.0-SNAPSHOT.jar!/webapps/static,UNAVAILABLE}
2019-10-17 07:00:40,989 [main] INFO  handler.ContextHandler (ContextHandler.java:doStop(910)) - Stopped o.e.j.s.ServletContextHandler@6069dd38{/logs,file:///workdir/hadoop-ozone/integration-test/target/log,UNAVAILABLE}
2019-10-17 07:00:43,995 [java.util.concurrent.ThreadPoolExecutor$Worker@69357c50[State = -1, empty queue]] WARN  server.GrpcLogAppender (GrpcLogAppender.java:timeoutAppendRequest(209)) - cae7164a-c8b0-4e78-9c02-4190bab4d7cb@group-C349846DEF79->03dd9899-51e5-4f83-b08a-708074177aaf-GrpcLogAppender: appendEntries Timeout, request=cae7164a-c8b0-4e78-9c02-4190bab4d7cb->03dd9899-51e5-4f83-b08a-708074177aaf#8-t2, previous=(t:2, i:4), leaderCommit=4, initializing? false, entries: size=1, first=(t:2, i:5), STATEMACHINELOGENTRY, client-1BB1B1ECBBFA, cid=8
2019-10-17 07:00:43,996 [java.util.concurrent.ThreadPoolExecutor$Worker@69357c50[State = -1, empty queue]] WARN  server.GrpcLogAppender (GrpcLogAppender.java:timeoutAppendRequest(209)) - cae7164a-c8b0-4e78-9c02-4190bab4d7cb@group-C349846DEF79->03dd9899-51e5-4f83-b08a-708074177aaf-GrpcLogAppender: appendEntries Timeout, request=cae7164a-c8b0-4e78-9c02-4190bab4d7cb->03dd9899-51e5-4f83-b08a-708074177aaf#9-t2, previous=(t:2, i:5), leaderCommit=4, initializing? false, entries: size=1, first=(t:2, i:6), STATEMACHINELOGENTRY, client-1BB1B1ECBBFA, cid=9
2019-10-17 07:00:44,018 [java.util.concurrent.ThreadPoolExecutor$Worker@69357c50[State = -1, empty queue]] WARN  server.GrpcLogAppender (GrpcLogAppender.java:timeoutAppendRequest(209)) - cae7164a-c8b0-4e78-9c02-4190bab4d7cb@group-C349846DEF79->03dd9899-51e5-4f83-b08a-708074177aaf-GrpcLogAppender: appendEntries Timeout, request=cae7164a-c8b0-4e78-9c02-4190bab4d7cb->03dd9899-51e5-4f83-b08a-708074177aaf#10-t2, previous=(t:2, i:6), leaderCommit=6, initializing? false, entries: size=1, first=(t:2, i:7), METADATAENTRY(c5)
2019-10-17 07:00:44,018 [java.util.concurrent.ThreadPoolExecutor$Worker@69357c50[State = -1, empty queue]] WARN  server.GrpcLogAppender (GrpcLogAppender.java:timeoutAppendRequest(209)) - cae7164a-c8b0-4e78-9c02-4190bab4d7cb@group-C349846DEF79->03dd9899-51e5-4f83-b08a-708074177aaf-GrpcLogAppender: appendEntries Timeout, request=cae7164a-c8b0-4e78-9c02-4190bab4d7cb->03dd9899-51e5-4f83-b08a-708074177aaf#11-t2, previous=(t:2, i:7), leaderCommit=6, initializing? false, entries: size=1, first=(t:2, i:8), METADATAENTRY(c6)
2019-10-17 07:00:46,520 [java.util.concurrent.ThreadPoolExecutor$Worker@69357c50[State = -1, empty queue]] WARN  server.GrpcLogAppender (GrpcLogAppender.java:timeoutAppendRequest(209)) - cae7164a-c8b0-4e78-9c02-4190bab4d7cb@group-C349846DEF79->03dd9899-51e5-4f83-b08a-708074177aaf-GrpcLogAppender: appendEntries Timeout, request=cae7164a-c8b0-4e78-9c02-4190bab4d7cb->03dd9899-51e5-4f83-b08a-708074177aaf#12-t2, previous=(t:2, i:8), leaderCommit=8, initializing? false, entries: <empty>
2019-10-17 07:00:49,022 [java.util.concurrent.ThreadPoolExecutor$Worker@69357c50[State = -1, empty queue]] WARN  server.GrpcLogAppender (GrpcLogAppender.java:timeoutAppendRequest(209)) - cae7164a-c8b0-4e78-9c02-4190bab4d7cb@group-C349846DEF79->03dd9899-51e5-4f83-b08a-708074177aaf-GrpcLogAppender: appendEntries Timeout, request=cae7164a-c8b0-4e78-9c02-4190bab4d7cb->03dd9899-51e5-4f83-b08a-708074177aaf#13-t2, previous=(t:2, i:8), leaderCommit=8, initializing? false, entries: <empty>
2019-10-17 07:00:51,522 [java.util.concurrent.ThreadPoolExecutor$Worker@69357c50[State = -1, empty queue]] WARN  server.GrpcLogAppender (GrpcLogAppender.java:timeoutAppendRequest(209)) - cae7164a-c8b0-4e78-9c02-4190bab4d7cb@group-C349846DEF79->03dd9899-51e5-4f83-b08a-708074177aaf-GrpcLogAppender: appendEntries Timeout, request=cae7164a-c8b0-4e78-9c02-4190bab4d7cb->03dd9899-51e5-4f83-b08a-708074177aaf#14-t2, previous=(t:2, i:8), leaderCommit=8, initializing? false, entries: <empty>
2019-10-17 07:00:51,761 [Thread-286] INFO  client.GrpcClientProtocolService (GrpcClientProtocolService.java:lambda$processClientRequest$0(278)) - Failed RaftClientRequest:client-1BB1B1ECBBFA->cae7164a-c8b0-4e78-9c02-4190bab4d7cb@group-C349846DEF79, cid=10, seq=0, Watch-ALL_COMMITTED(6), Message:<EMPTY>, reply=RaftClientReply:client-1BB1B1ECBBFA->cae7164a-c8b0-4e78-9c02-4190bab4d7cb@group-C349846DEF79, cid=10, FAILED org.apache.ratis.protocol.NotReplicatedException: Request with call Id 10 and log index 6 is not yet replicated to ALL_COMMITTED, logIndex=6, commits[cae7164a-c8b0-4e78-9c02-4190bab4d7cb:c8, 328eda30-7a38-4124-8420-4db3824d3ef4:c8, 03dd9899-51e5-4f83-b08a-708074177aaf:c4]
2019-10-17 07:00:54,025 [java.util.concurrent.ThreadPoolExecutor$Worker@69357c50[State = -1, empty queue]] WARN  server.GrpcLogAppender (GrpcLogAppender.java:timeoutAppendRequest(209)) - cae7164a-c8b0-4e78-9c02-4190bab4d7cb@group-C349846DEF79->03dd9899-51e5-4f83-b08a-708074177aaf-GrpcLogAppender: appendEntries Timeout, request=cae7164a-c8b0-4e78-9c02-4190bab4d7cb->03dd9899-51e5-4f83-b08a-708074177aaf#15-t2, previous=(t:2, i:8), leaderCommit=8, initializing? false, entries: <empty>
2019-10-17 07:00:56,527 [java.util.concurrent.ThreadPoolExecutor$Worker@69357c50[State = -1, empty queue]] WARN  server.GrpcLogAppender (GrpcLogAppender.java:timeoutAppendRequest(209)) - cae7164a-c8b0-4e78-9c02-4190bab4d7cb@group-C349846DEF79->03dd9899-51e5-4f83-b08a-708074177aaf-GrpcLogAppender: appendEntries Timeout, request=cae7164a-c8b0-4e78-9c02-4190bab4d7cb->03dd9899-51e5-4f83-b08a-708074177aaf#16-t2, previous=(t:2, i:8), leaderCommit=8, initializing? false, entries: <empty>
2019-10-17 07:00:59,028 [java.util.concurrent.ThreadPoolExecutor$Worker@69357c50[State = -1, empty queue]] WARN  server.GrpcLogAppender (GrpcLogAppender.java:timeoutAppendRequest(209)) - cae7164a-c8b0-4e78-9c02-4190bab4d7cb@group-C349846DEF79->03dd9899-51e5-4f83-b08a-708074177aaf-GrpcLogAppender: appendEntries Timeout, request=cae7164a-c8b0-4e78-9c02-4190bab4d7cb->03dd9899-51e5-4f83-b08a-708074177aaf#17-t2, previous=(t:2, i:8), leaderCommit=8, initializing? false, entries: <empty>
2019-10-17 07:01:00,073 [Thread-292] INFO  client.GrpcClientProtocolService (GrpcClientProtocolService.java:lambda$processClientRequest$0(278)) - Failed RaftClientRequest:client-1BB1B1ECBBFA->328eda30-7a38-4124-8420-4db3824d3ef4@group-C349846DEF79, cid=10, seq=0, Watch-ALL_COMMITTED(6), Message:<EMPTY>, reply=RaftClientReply:client-1BB1B1ECBBFA->328eda30-7a38-4124-8420-4db3824d3ef4@group-C349846DEF79, cid=10, FAILED org.apache.ratis.protocol.NotLeaderException: Server 328eda30-7a38-4124-8420-4db3824d3ef4@group-C349846DEF79 is not the leader cae7164a-c8b0-4e78-9c02-4190bab4d7cb:192.168.34.62:46027, logIndex=0, commits[328eda30-7a38-4124-8420-4db3824d3ef4:c8, 03dd9899-51e5-4f83-b08a-708074177aaf:c4, cae7164a-c8b0-4e78-9c02-4190bab4d7cb:c8]
2019-10-17 07:01:01,528 [java.util.concurrent.ThreadPoolExecutor$Worker@69357c50[State = -1, empty queue]] WARN  server.GrpcLogAppender (GrpcLogAppender.java:timeoutAppendRequest(209)) - cae7164a-c8b0-4e78-9c02-4190bab4d7cb@group-C349846DEF79->03dd9899-51e5-4f83-b08a-708074177aaf-GrpcLogAppender: appendEntries Timeout, request=cae7164a-c8b0-4e78-9c02-4190bab4d7cb->03dd9899-51e5-4f83-b08a-708074177aaf#18-t2, previous=(t:2, i:8), leaderCommit=8, initializing? false, entries: <empty>
2019-10-17 07:01:01,755 [Thread-296] INFO  client.GrpcClientProtocolService (GrpcClientProtocolService.java:lambda$processClientRequest$0(278)) - Failed RaftClientRequest:client-1BB1B1ECBBFA->cae7164a-c8b0-4e78-9c02-4190bab4d7cb@group-C349846DEF79, cid=10, seq=0, Watch-ALL_COMMITTED(6), Message:<EMPTY>, reply=RaftClientReply:client-1BB1B1ECBBFA->cae7164a-c8b0-4e78-9c02-4190bab4d7cb@group-C349846DEF79, cid=10, FAILED org.apache.ratis.protocol.NotReplicatedException: Request with call Id 10 and log index 6 is not yet replicated to ALL_COMMITTED, logIndex=6, commits[cae7164a-c8b0-4e78-9c02-4190bab4d7cb:c8, 328eda30-7a38-4124-8420-4db3824d3ef4:c8, 03dd9899-51e5-4f83-b08a-708074177aaf:c4]
2019-10-17 07:01:04,029 [java.util.concurrent.ThreadPoolExecutor$Worker@69357c50[State = -1, empty queue]] WARN  server.GrpcLogAppender (GrpcLogAppender.java:timeoutAppendRequest(209)) - cae7164a-c8b0-4e78-9c02-4190bab4d7cb@group-C349846DEF79->03dd9899-51e5-4f83-b08a-708074177aaf-GrpcLogAppender: appendEntries Timeout, request=cae7164a-c8b0-4e78-9c02-4190bab4d7cb->03dd9899-51e5-4f83-b08a-708074177aaf#19-t2, previous=(t:2, i:8), leaderCommit=8, initializing? false, entries: <empty>
2019-10-17 07:01:06,531 [java.util.concurrent.ThreadPoolExecutor$Worker@69357c50[State = -1, empty queue]] WARN  server.GrpcLogAppender (GrpcLogAppender.java:timeoutAppendRequest(209)) - cae7164a-c8b0-4e78-9c02-4190bab4d7cb@group-C349846DEF79->03dd9899-51e5-4f83-b08a-708074177aaf-GrpcLogAppender: appendEntries Timeout, request=cae7164a-c8b0-4e78-9c02-4190bab4d7cb->03dd9899-51e5-4f83-b08a-708074177aaf#20-t2, previous=(t:2, i:8), leaderCommit=8, initializing? false, entries: <empty>
2019-10-17 07:01:09,032 [java.util.concurrent.ThreadPoolExecutor$Worker@69357c50[State = -1, empty queue]] WARN  server.GrpcLogAppender (GrpcLogAppender.java:timeoutAppendRequest(209)) - cae7164a-c8b0-4e78-9c02-4190bab4d7cb@group-C349846DEF79->03dd9899-51e5-4f83-b08a-708074177aaf-GrpcLogAppender: appendEntries Timeout, request=cae7164a-c8b0-4e78-9c02-4190bab4d7cb->03dd9899-51e5-4f83-b08a-708074177aaf#21-t2, previous=(t:2, i:8), leaderCommit=8, initializing? false, entries: <empty>
2019-10-17 07:01:10,124 [Thread-304] INFO  client.GrpcClientProtocolService (GrpcClientProtocolService.java:lambda$processClientRequest$0(278)) - Failed RaftClientRequest:client-1BB1B1ECBBFA->328eda30-7a38-4124-8420-4db3824d3ef4@group-C349846DEF79, cid=10, seq=0, Watch-ALL_COMMITTED(6), Message:<EMPTY>, reply=RaftClientReply:client-1BB1B1ECBBFA->328eda30-7a38-4124-8420-4db3824d3ef4@group-C349846DEF79, cid=10, FAILED org.apache.ratis.protocol.NotLeaderException: Server 328eda30-7a38-4124-8420-4db3824d3ef4@group-C349846DEF79 is not the leader cae7164a-c8b0-4e78-9c02-4190bab4d7cb:192.168.34.62:46027, logIndex=0, commits[328eda30-7a38-4124-8420-4db3824d3ef4:c8, 03dd9899-51e5-4f83-b08a-708074177aaf:c4, cae7164a-c8b0-4e78-9c02-4190bab4d7cb:c8]
2019-10-17 07:01:10,755 [Thread-307] INFO  client.GrpcClientProtocolService (GrpcClientProtocolService.java:lambda$processClientRequest$0(278)) - Failed RaftClientRequest:client-1BB1B1ECBBFA->cae7164a-c8b0-4e78-9c02-4190bab4d7cb@group-C349846DEF79, cid=10, seq=0, Watch-ALL_COMMITTED(6), Message:<EMPTY>, reply=RaftClientReply:client-1BB1B1ECBBFA->cae7164a-c8b0-4e78-9c02-4190bab4d7cb@group-C349846DEF79, cid=10, FAILED org.apache.ratis.protocol.NotReplicatedException: Request with call Id 10 and log index 6 is not yet replicated to ALL_COMMITTED, logIndex=6, commits[cae7164a-c8b0-4e78-9c02-4190bab4d7cb:c8, 328eda30-7a38-4124-8420-4db3824d3ef4:c8, 03dd9899-51e5-4f83-b08a-708074177aaf:c4]
2019-10-17 07:01:11,032 [main] WARN  scm.XceiverClientRatis (XceiverClientRatis.java:watchForCommit(277)) - 3 way commit failed on pipeline Pipeline[ Id: 72246393-9d1a-4fd5-982f-c349846def79, Nodes: 03dd9899-51e5-4f83-b08a-708074177aaf{ip: 192.168.34.62, host: pr-hdds-1868-lzclr-202649289, networkLocation: /default-rack, certSerialId: null}cae7164a-c8b0-4e78-9c02-4190bab4d7cb{ip: 192.168.34.62, host: pr-hdds-1868-lzclr-202649289, networkLocation: /default-rack, certSerialId: null}328eda30-7a38-4124-8420-4db3824d3ef4{ip: 192.168.34.62, host: pr-hdds-1868-lzclr-202649289, networkLocation: /default-rack, certSerialId: null}, Type:RATIS, Factor:THREE, State:OPEN]
java.util.concurrent.TimeoutException
	at java.util.concurrent.CompletableFuture.timedGet(CompletableFuture.java:1771)
	at java.util.concurrent.CompletableFuture.get(CompletableFuture.java:1915)
	at org.apache.hadoop.hdds.scm.XceiverClientRatis.watchForCommit(XceiverClientRatis.java:274)
	at org.apache.hadoop.hdds.scm.storage.CommitWatcher.watchForCommit(CommitWatcher.java:198)
	at org.apache.hadoop.hdds.scm.storage.CommitWatcher.watchOnLastIndex(CommitWatcher.java:161)
	at org.apache.hadoop.hdds.scm.storage.BlockOutputStream.watchForCommit(BlockOutputStream.java:346)
	at org.apache.hadoop.hdds.scm.storage.BlockOutputStream.handleFlush(BlockOutputStream.java:482)
	at org.apache.hadoop.hdds.scm.storage.BlockOutputStream.close(BlockOutputStream.java:496)
	at org.apache.hadoop.ozone.client.io.BlockOutputStreamEntry.close(BlockOutputStreamEntry.java:143)
	at org.apache.hadoop.ozone.client.io.KeyOutputStream.handleFlushOrClose(KeyOutputStream.java:435)
	at org.apache.hadoop.ozone.client.io.KeyOutputStream.close(KeyOutputStream.java:473)
	at org.apache.hadoop.ozone.client.io.OzoneOutputStream.close(OzoneOutputStream.java:60)
	at org.apache.hadoop.ozone.client.rpc.TestDeleteWithSlowFollower.testDeleteKeyWithSlowFollower(TestDeleteWithSlowFollower.java:193)
	at sun.reflect.NativeMethodAccessorImpl.invoke0(Native Method)
	at sun.reflect.NativeMethodAccessorImpl.invoke(NativeMethodAccessorImpl.java:62)
	at sun.reflect.DelegatingMethodAccessorImpl.invoke(DelegatingMethodAccessorImpl.java:43)
	at java.lang.reflect.Method.invoke(Method.java:498)
	at org.junit.runners.model.FrameworkMethod$1.runReflectiveCall(FrameworkMethod.java:47)
	at org.junit.internal.runners.model.ReflectiveCallable.run(ReflectiveCallable.java:12)
	at org.junit.runners.model.FrameworkMethod.invokeExplosively(FrameworkMethod.java:44)
	at org.junit.internal.runners.statements.InvokeMethod.evaluate(InvokeMethod.java:17)
	at org.junit.runners.ParentRunner.runLeaf(ParentRunner.java:271)
	at org.junit.runners.BlockJUnit4ClassRunner.runChild(BlockJUnit4ClassRunner.java:70)
	at org.junit.runners.BlockJUnit4ClassRunner.runChild(BlockJUnit4ClassRunner.java:50)
	at org.junit.runners.ParentRunner$3.run(ParentRunner.java:238)
	at org.junit.runners.ParentRunner$1.schedule(ParentRunner.java:63)
	at org.junit.runners.ParentRunner.runChildren(ParentRunner.java:236)
	at org.junit.runners.ParentRunner.access$000(ParentRunner.java:53)
	at org.junit.runners.ParentRunner$2.evaluate(ParentRunner.java:229)
	at org.junit.internal.runners.statements.RunBefores.evaluate(RunBefores.java:26)
	at org.junit.internal.runners.statements.RunAfters.evaluate(RunAfters.java:27)
	at org.junit.runners.ParentRunner.run(ParentRunner.java:309)
	at org.apache.maven.surefire.junit4.JUnit4Provider.execute(JUnit4Provider.java:365)
	at org.apache.maven.surefire.junit4.JUnit4Provider.executeWithRerun(JUnit4Provider.java:273)
	at org.apache.maven.surefire.junit4.JUnit4Provider.executeTestSet(JUnit4Provider.java:238)
	at org.apache.maven.surefire.junit4.JUnit4Provider.invoke(JUnit4Provider.java:159)
	at org.apache.maven.surefire.booter.ForkedBooter.invokeProviderInSameClassLoader(ForkedBooter.java:384)
	at org.apache.maven.surefire.booter.ForkedBooter.runSuitesInProcess(ForkedBooter.java:345)
	at org.apache.maven.surefire.booter.ForkedBooter.execute(ForkedBooter.java:126)
	at org.apache.maven.surefire.booter.ForkedBooter.main(ForkedBooter.java:418)
2019-10-17 07:01:11,047 [main] INFO  scm.XceiverClientRatis (XceiverClientRatis.java:lambda$watchForCommit$5(295)) - Could not commit index 6 on pipeline Pipeline[ Id: 72246393-9d1a-4fd5-982f-c349846def79, Nodes: 03dd9899-51e5-4f83-b08a-708074177aaf{ip: 192.168.34.62, host: pr-hdds-1868-lzclr-202649289, networkLocation: /default-rack, certSerialId: null}cae7164a-c8b0-4e78-9c02-4190bab4d7cb{ip: 192.168.34.62, host: pr-hdds-1868-lzclr-202649289, networkLocation: /default-rack, certSerialId: null}328eda30-7a38-4124-8420-4db3824d3ef4{ip: 192.168.34.62, host: pr-hdds-1868-lzclr-202649289, networkLocation: /default-rack, certSerialId: null}, Type:RATIS, Factor:THREE, State:OPEN] to all the nodes. Server 03dd9899-51e5-4f83-b08a-708074177aaf has failed. Committed by majority.
2019-10-17 07:01:11,048 [main] WARN  storage.BlockOutputStream (BlockOutputStream.java:watchForCommit(352)) - Failed to commit BlockId conID: 1 locID: 102976430755938304 bcsId: 6 on Pipeline[ Id: 72246393-9d1a-4fd5-982f-c349846def79, Nodes: 03dd9899-51e5-4f83-b08a-708074177aaf{ip: 192.168.34.62, host: pr-hdds-1868-lzclr-202649289, networkLocation: /default-rack, certSerialId: null}cae7164a-c8b0-4e78-9c02-4190bab4d7cb{ip: 192.168.34.62, host: pr-hdds-1868-lzclr-202649289, networkLocation: /default-rack, certSerialId: null}328eda30-7a38-4124-8420-4db3824d3ef4{ip: 192.168.34.62, host: pr-hdds-1868-lzclr-202649289, networkLocation: /default-rack, certSerialId: null}, Type:RATIS, Factor:THREE, State:OPEN]. Failed nodes: [03dd9899-51e5-4f83-b08a-708074177aaf{ip: null, host: null, networkLocation: /default-rack, certSerialId: null}]
2019-10-17 07:01:11,536 [java.util.concurrent.ThreadPoolExecutor$Worker@69357c50[State = -1, empty queue]] WARN  server.GrpcLogAppender (GrpcLogAppender.java:timeoutAppendRequest(209)) - cae7164a-c8b0-4e78-9c02-4190bab4d7cb@group-C349846DEF79->03dd9899-51e5-4f83-b08a-708074177aaf-GrpcLogAppender: appendEntries Timeout, request=cae7164a-c8b0-4e78-9c02-4190bab4d7cb->03dd9899-51e5-4f83-b08a-708074177aaf#22-t2, previous=(t:2, i:8), leaderCommit=8, initializing? false, entries: <empty>
2019-10-17 07:01:12,146 [EventQueue-IncrementalContainerReportForIncrementalContainerReportHandler] WARN  container.IncrementalContainerReportHandler (AbstractContainerReportHandler.java:updateContainerState(145)) - Container #1 is in OPEN state, but the datanode cae7164a-c8b0-4e78-9c02-4190bab4d7cb{ip: 192.168.34.62, host: pr-hdds-1868-lzclr-202649289, networkLocation: /default-rack, certSerialId: null} reports an CLOSING replica.
2019-10-17 07:01:12,156 [RatisApplyTransactionExecutor 1] INFO  interfaces.Container (KeyValueContainer.java:flushAndSyncDB(386)) - Container 1 is synced with bcsId 6.
2019-10-17 07:01:12,156 [RatisApplyTransactionExecutor 1] INFO  interfaces.Container (KeyValueContainer.java:flushAndSyncDB(386)) - Container 1 is synced with bcsId 6.
2019-10-17 07:01:12,159 [EventQueue-IncrementalContainerReportForIncrementalContainerReportHandler] WARN  container.IncrementalContainerReportHandler (AbstractContainerReportHandler.java:updateContainerState(145)) - Container #1 is in OPEN state, but the datanode 328eda30-7a38-4124-8420-4db3824d3ef4{ip: 192.168.34.62, host: pr-hdds-1868-lzclr-202649289, networkLocation: /default-rack, certSerialId: null} reports an CLOSING replica.
2019-10-17 07:01:12,160 [RatisApplyTransactionExecutor 1] INFO  interfaces.Container (KeyValueContainer.java:flushAndSyncDB(386)) - Container 1 is synced with bcsId 6.
2019-10-17 07:01:12,161 [RatisApplyTransactionExecutor 1] INFO  interfaces.Container (KeyValueContainer.java:flushAndSyncDB(386)) - Container 1 is synced with bcsId 6.
2019-10-17 07:01:12,175 [RatisApplyTransactionExecutor 1] INFO  interfaces.Container (KeyValueContainer.java:close(335)) - Container 1 is closed with bcsId 6.
2019-10-17 07:01:12,175 [RatisApplyTransactionExecutor 1] INFO  interfaces.Container (KeyValueContainer.java:close(335)) - Container 1 is closed with bcsId 6.
2019-10-17 07:01:12,178 [EventQueue-IncrementalContainerReportForIncrementalContainerReportHandler] WARN  container.IncrementalContainerReportHandler (AbstractContainerReportHandler.java:updateContainerState(145)) - Container #1 is in OPEN state, but the datanode 328eda30-7a38-4124-8420-4db3824d3ef4{ip: 192.168.34.62, host: pr-hdds-1868-lzclr-202649289, networkLocation: /default-rack, certSerialId: null} reports an CLOSED replica.
2019-10-17 07:01:12,178 [EventQueue-IncrementalContainerReportForIncrementalContainerReportHandler] WARN  container.IncrementalContainerReportHandler (AbstractContainerReportHandler.java:updateContainerState(145)) - Container #1 is in OPEN state, but the datanode cae7164a-c8b0-4e78-9c02-4190bab4d7cb{ip: 192.168.34.62, host: pr-hdds-1868-lzclr-202649289, networkLocation: /default-rack, certSerialId: null} reports an CLOSED replica.
2019-10-17 07:01:12,276 [EventQueue-ContainerReportForContainerReportHandler] WARN  container.ContainerReportHandler (AbstractContainerReportHandler.java:updateContainerState(145)) - Container #1 is in OPEN state, but the datanode cae7164a-c8b0-4e78-9c02-4190bab4d7cb{ip: 192.168.34.62, host: pr-hdds-1868-lzclr-202649289, networkLocation: /default-rack, certSerialId: null} reports an CLOSED replica.
2019-10-17 07:01:12,377 [EventQueue-ContainerReportForContainerReportHandler] WARN  container.ContainerReportHandler (AbstractContainerReportHandler.java:updateContainerState(145)) - Container #1 is in OPEN state, but the datanode 328eda30-7a38-4124-8420-4db3824d3ef4{ip: 192.168.34.62, host: pr-hdds-1868-lzclr-202649289, networkLocation: /default-rack, certSerialId: null} reports an CLOSED replica.
2019-10-17 07:01:12,536 [IPC Server handler 1 on 40842] INFO  server.SCMBlockProtocolServer (SCMBlockProtocolServer.java:deleteKeyBlocks(212)) - SCM is informed by OM to delete 1 blocks
2019-10-17 07:01:12,537 [IPC Server handler 1 on 40842] INFO  block.BlockManagerImpl (BlockManagerImpl.java:deleteBlocks(285)) - Deleting blocks conID: 1 locID: 102976430755938304 bcsId: 0
2019-10-17 07:01:12,577 [EventQueue-ContainerReportForContainerReportHandler] WARN  container.ContainerReportHandler (AbstractContainerReportHandler.java:updateContainerState(145)) - Container #1 is in OPEN state, but the datanode cae7164a-c8b0-4e78-9c02-4190bab4d7cb{ip: 192.168.34.62, host: pr-hdds-1868-lzclr-202649289, networkLocation: /default-rack, certSerialId: null} reports an CLOSED replica.
2019-10-17 07:01:12,690 [BlockDeletingService#2] WARN  background.BlockDeletingService (BlockDeletingService.java:isDeletionAllowed(187)) - Close Container log Index 6 is not replicated across allthe servers in the pipeline 72246393-9d1a-4fd5-982f-c349846def79 as the min replicated index is 4. Deletion is not allowed in this container yet.
2019-10-17 07:01:12,691 [BlockDeletingService#2] WARN  background.BlockDeletingService (BlockDeletingService.java:isDeletionAllowed(187)) - Close Container log Index 6 is not replicated across allthe servers in the pipeline 72246393-9d1a-4fd5-982f-c349846def79 as the min replicated index is 4. Deletion is not allowed in this container yet.
2019-10-17 07:01:12,777 [EventQueue-ContainerReportForContainerReportHandler] WARN  container.ContainerReportHandler (AbstractContainerReportHandler.java:updateContainerState(145)) - Container #1 is in OPEN state, but the datanode 328eda30-7a38-4124-8420-4db3824d3ef4{ip: 192.168.34.62, host: pr-hdds-1868-lzclr-202649289, networkLocation: /default-rack, certSerialId: null} reports an CLOSED replica.
2019-10-17 07:01:12,976 [EventQueue-ContainerReportForContainerReportHandler] WARN  container.ContainerReportHandler (AbstractContainerReportHandler.java:updateContainerState(145)) - Container #1 is in OPEN state, but the datanode cae7164a-c8b0-4e78-9c02-4190bab4d7cb{ip: 192.168.34.62, host: pr-hdds-1868-lzclr-202649289, networkLocation: /default-rack, certSerialId: null} reports an CLOSED replica.
2019-10-17 07:01:12,977 [EventQueue-ContainerReportForContainerReportHandler] WARN  container.ContainerReportHandler (AbstractContainerReportHandler.java:updateContainerState(145)) - Container #1 is in OPEN state, but the datanode 328eda30-7a38-4124-8420-4db3824d3ef4{ip: 192.168.34.62, host: pr-hdds-1868-lzclr-202649289, networkLocation: /default-rack, certSerialId: null} reports an CLOSED replica.
2019-10-17 07:01:13,277 [EventQueue-ContainerReportForContainerReportHandler] WARN  container.ContainerReportHandler (AbstractContainerReportHandler.java:updateContainerState(145)) - Container #1 is in OPEN state, but the datanode cae7164a-c8b0-4e78-9c02-4190bab4d7cb{ip: 192.168.34.62, host: pr-hdds-1868-lzclr-202649289, networkLocation: /default-rack, certSerialId: null} reports an CLOSED replica.
2019-10-17 07:01:13,378 [EventQueue-ContainerReportForContainerReportHandler] WARN  container.ContainerReportHandler (AbstractContainerReportHandler.java:updateContainerState(145)) - Container #1 is in OPEN state, but the datanode 328eda30-7a38-4124-8420-4db3824d3ef4{ip: 192.168.34.62, host: pr-hdds-1868-lzclr-202649289, networkLocation: /default-rack, certSerialId: null} reports an CLOSED replica.
2019-10-17 07:01:13,476 [EventQueue-ContainerReportForContainerReportHandler] WARN  container.ContainerReportHandler (AbstractContainerReportHandler.java:updateContainerState(145)) - Container #1 is in OPEN state, but the datanode cae7164a-c8b0-4e78-9c02-4190bab4d7cb{ip: 192.168.34.62, host: pr-hdds-1868-lzclr-202649289, networkLocation: /default-rack, certSerialId: null} reports an CLOSED replica.
2019-10-17 07:01:13,577 [EventQueue-ContainerReportForContainerReportHandler] WARN  container.ContainerReportHandler (AbstractContainerReportHandler.java:updateContainerState(145)) - Container #1 is in OPEN state, but the datanode 328eda30-7a38-4124-8420-4db3824d3ef4{ip: 192.168.34.62, host: pr-hdds-1868-lzclr-202649289, networkLocation: /default-rack, certSerialId: null} reports an CLOSED replica.
2019-10-17 07:01:13,691 [BlockDeletingService#2] WARN  background.BlockDeletingService (BlockDeletingService.java:isDeletionAllowed(187)) - Close Container log Index 6 is not replicated across allthe servers in the pipeline 72246393-9d1a-4fd5-982f-c349846def79 as the min replicated index is 4. Deletion is not allowed in this container yet.
2019-10-17 07:01:13,693 [BlockDeletingService#2] WARN  background.BlockDeletingService (BlockDeletingService.java:isDeletionAllowed(187)) - Close Container log Index 6 is not replicated across allthe servers in the pipeline 72246393-9d1a-4fd5-982f-c349846def79 as the min replicated index is 4. Deletion is not allowed in this container yet.
2019-10-17 07:01:13,877 [EventQueue-ContainerReportForContainerReportHandler] WARN  container.ContainerReportHandler (AbstractContainerReportHandler.java:updateContainerState(145)) - Container #1 is in OPEN state, but the datanode cae7164a-c8b0-4e78-9c02-4190bab4d7cb{ip: 192.168.34.62, host: pr-hdds-1868-lzclr-202649289, networkLocation: /default-rack, certSerialId: null} reports an CLOSED replica.
2019-10-17 07:01:13,978 [EventQueue-ContainerReportForContainerReportHandler] WARN  container.ContainerReportHandler (AbstractContainerReportHandler.java:updateContainerState(145)) - Container #1 is in OPEN state, but the datanode 328eda30-7a38-4124-8420-4db3824d3ef4{ip: 192.168.34.62, host: pr-hdds-1868-lzclr-202649289, networkLocation: /default-rack, certSerialId: null} reports an CLOSED replica.
2019-10-17 07:01:14,039 [java.util.concurrent.ThreadPoolExecutor$Worker@69357c50[State = -1, empty queue]] WARN  server.GrpcLogAppender (GrpcLogAppender.java:timeoutAppendRequest(209)) - cae7164a-c8b0-4e78-9c02-4190bab4d7cb@group-C349846DEF79->03dd9899-51e5-4f83-b08a-708074177aaf-GrpcLogAppender: appendEntries Timeout, request=cae7164a-c8b0-4e78-9c02-4190bab4d7cb->03dd9899-51e5-4f83-b08a-708074177aaf#23-t2, previous=(t:2, i:8), leaderCommit=8, initializing? false, entries: <empty>
2019-10-17 07:01:14,078 [EventQueue-ContainerReportForContainerReportHandler] WARN  container.ContainerReportHandler (AbstractContainerReportHandler.java:updateContainerState(145)) - Container #1 is in OPEN state, but the datanode cae7164a-c8b0-4e78-9c02-4190bab4d7cb{ip: 192.168.34.62, host: pr-hdds-1868-lzclr-202649289, networkLocation: /default-rack, certSerialId: null} reports an CLOSED replica.
2019-10-17 07:01:14,279 [EventQueue-ContainerReportForContainerReportHandler] WARN  container.ContainerReportHandler (AbstractContainerReportHandler.java:updateContainerState(145)) - Container #1 is in OPEN state, but the datanode 328eda30-7a38-4124-8420-4db3824d3ef4{ip: 192.168.34.62, host: pr-hdds-1868-lzclr-202649289, networkLocation: /default-rack, certSerialId: null} reports an CLOSED replica.
2019-10-17 07:01:14,379 [EventQueue-ContainerReportForContainerReportHandler] WARN  container.ContainerReportHandler (AbstractContainerReportHandler.java:updateContainerState(145)) - Container #1 is in OPEN state, but the datanode cae7164a-c8b0-4e78-9c02-4190bab4d7cb{ip: 192.168.34.62, host: pr-hdds-1868-lzclr-202649289, networkLocation: /default-rack, certSerialId: null} reports an CLOSED replica.
2019-10-17 07:01:14,579 [EventQueue-ContainerReportForContainerReportHandler] WARN  container.ContainerReportHandler (AbstractContainerReportHandler.java:updateContainerState(145)) - Container #1 is in OPEN state, but the datanode 328eda30-7a38-4124-8420-4db3824d3ef4{ip: 192.168.34.62, host: pr-hdds-1868-lzclr-202649289, networkLocation: /default-rack, certSerialId: null} reports an CLOSED replica.
2019-10-17 07:01:14,679 [EventQueue-ContainerReportForContainerReportHandler] WARN  container.ContainerReportHandler (AbstractContainerReportHandler.java:updateContainerState(145)) - Container #1 is in OPEN state, but the datanode cae7164a-c8b0-4e78-9c02-4190bab4d7cb{ip: 192.168.34.62, host: pr-hdds-1868-lzclr-202649289, networkLocation: /default-rack, certSerialId: null} reports an CLOSED replica.
2019-10-17 07:01:14,693 [BlockDeletingService#2] WARN  background.BlockDeletingService (BlockDeletingService.java:isDeletionAllowed(187)) - Close Container log Index 6 is not replicated across allthe servers in the pipeline 72246393-9d1a-4fd5-982f-c349846def79 as the min replicated index is 4. Deletion is not allowed in this container yet.
2019-10-17 07:01:14,695 [BlockDeletingService#2] WARN  background.BlockDeletingService (BlockDeletingService.java:isDeletionAllowed(187)) - Close Container log Index 6 is not replicated across allthe servers in the pipeline 72246393-9d1a-4fd5-982f-c349846def79 as the min replicated index is 4. Deletion is not allowed in this container yet.
2019-10-17 07:01:14,879 [EventQueue-ContainerReportForContainerReportHandler] WARN  container.ContainerReportHandler (AbstractContainerReportHandler.java:updateContainerState(145)) - Container #1 is in OPEN state, but the datanode 328eda30-7a38-4124-8420-4db3824d3ef4{ip: 192.168.34.62, host: pr-hdds-1868-lzclr-202649289, networkLocation: /default-rack, certSerialId: null} reports an CLOSED replica.
2019-10-17 07:01:15,080 [EventQueue-ContainerReportForContainerReportHandler] WARN  container.ContainerReportHandler (AbstractContainerReportHandler.java:updateContainerState(145)) - Container #1 is in OPEN state, but the datanode cae7164a-c8b0-4e78-9c02-4190bab4d7cb{ip: 192.168.34.62, host: pr-hdds-1868-lzclr-202649289, networkLocation: /default-rack, certSerialId: null} reports an CLOSED replica.
2019-10-17 07:01:15,118 [java.util.concurrent.ThreadPoolExecutor$Worker@69357c50[State = -1, empty queue]] WARN  server.GrpcLogAppender (GrpcLogAppender.java:timeoutAppendRequest(209)) - cae7164a-c8b0-4e78-9c02-4190bab4d7cb@group-C349846DEF79->03dd9899-51e5-4f83-b08a-708074177aaf-GrpcLogAppender: appendEntries Timeout, request=cae7164a-c8b0-4e78-9c02-4190bab4d7cb->03dd9899-51e5-4f83-b08a-708074177aaf#24-t2, previous=(t:2, i:8), leaderCommit=8, initializing? false, entries: size=1, first=(t:2, i:9), STATEMACHINELOGENTRY, client-5B37F75D70B1, cid=12
2019-10-17 07:01:15,132 [java.util.concurrent.ThreadPoolExecutor$Worker@69357c50[State = -1, empty queue]] WARN  server.GrpcLogAppender (GrpcLogAppender.java:timeoutAppendRequest(209)) - cae7164a-c8b0-4e78-9c02-4190bab4d7cb@group-C349846DEF79->03dd9899-51e5-4f83-b08a-708074177aaf-GrpcLogAppender: appendEntries Timeout, request=cae7164a-c8b0-4e78-9c02-4190bab4d7cb->03dd9899-51e5-4f83-b08a-708074177aaf#25-t2, previous=(t:2, i:9), leaderCommit=9, initializing? false, entries: size=1, first=(t:2, i:10), METADATAENTRY(c9)
2019-10-17 07:01:15,180 [EventQueue-ContainerReportForContainerReportHandler] WARN  container.ContainerReportHandler (AbstractContainerReportHandler.java:updateContainerState(145)) - Container #1 is in OPEN state, but the datanode 328eda30-7a38-4124-8420-4db3824d3ef4{ip: 192.168.34.62, host: pr-hdds-1868-lzclr-202649289, networkLocation: /default-rack, certSerialId: null} reports an CLOSED replica.
2019-10-17 07:01:15,380 [EventQueue-ContainerReportForContainerReportHandler] WARN  container.ContainerReportHandler (AbstractContainerReportHandler.java:updateContainerState(145)) - Container #1 is in OPEN state, but the datanode cae7164a-c8b0-4e78-9c02-4190bab4d7cb{ip: 192.168.34.62, host: pr-hdds-1868-lzclr-202649289, networkLocation: /default-rack, certSerialId: null} reports an CLOSED replica.
2019-10-17 07:01:15,480 [EventQueue-ContainerReportForContainerReportHandler] WARN  container.ContainerReportHandler (AbstractContainerReportHandler.java:updateContainerState(145)) - Container #1 is in OPEN state, but the datanode 328eda30-7a38-4124-8420-4db3824d3ef4{ip: 192.168.34.62, host: pr-hdds-1868-lzclr-202649289, networkLocation: /default-rack, certSerialId: null} reports an CLOSED replica.
2019-10-17 07:01:15,681 [EventQueue-ContainerReportForContainerReportHandler] WARN  container.ContainerReportHandler (AbstractContainerReportHandler.java:updateContainerState(145)) - Container #1 is in OPEN state, but the datanode cae7164a-c8b0-4e78-9c02-4190bab4d7cb{ip: 192.168.34.62, host: pr-hdds-1868-lzclr-202649289, networkLocation: /default-rack, certSerialId: null} reports an CLOSED replica.
2019-10-17 07:01:15,695 [BlockDeletingService#2] WARN  background.BlockDeletingService (BlockDeletingService.java:isDeletionAllowed(187)) - Close Container log Index 6 is not replicated across allthe servers in the pipeline 72246393-9d1a-4fd5-982f-c349846def79 as the min replicated index is 4. Deletion is not allowed in this container yet.
2019-10-17 07:01:15,697 [BlockDeletingService#2] WARN  background.BlockDeletingService (BlockDeletingService.java:isDeletionAllowed(187)) - Close Container log Index 6 is not replicated across allthe servers in the pipeline 72246393-9d1a-4fd5-982f-c349846def79 as the min replicated index is 4. Deletion is not allowed in this container yet.
2019-10-17 07:01:15,881 [EventQueue-ContainerReportForContainerReportHandler] WARN  container.ContainerReportHandler (AbstractContainerReportHandler.java:updateContainerState(145)) - Container #1 is in OPEN state, but the datanode 328eda30-7a38-4124-8420-4db3824d3ef4{ip: 192.168.34.62, host: pr-hdds-1868-lzclr-202649289, networkLocation: /default-rack, certSerialId: null} reports an CLOSED replica.
2019-10-17 07:01:15,981 [EventQueue-ContainerReportForContainerReportHandler] WARN  container.ContainerReportHandler (AbstractContainerReportHandler.java:updateContainerState(145)) - Container #1 is in OPEN state, but the datanode cae7164a-c8b0-4e78-9c02-4190bab4d7cb{ip: 192.168.34.62, host: pr-hdds-1868-lzclr-202649289, networkLocation: /default-rack, certSerialId: null} reports an CLOSED replica.
2019-10-17 07:01:16,180 [EventQueue-ContainerReportForContainerReportHandler] WARN  container.ContainerReportHandler (AbstractContainerReportHandler.java:updateContainerState(145)) - Container #1 is in OPEN state, but the datanode 328eda30-7a38-4124-8420-4db3824d3ef4{ip: 192.168.34.62, host: pr-hdds-1868-lzclr-202649289, networkLocation: /default-rack, certSerialId: null} reports an CLOSED replica.
2019-10-17 07:01:16,381 [EventQueue-ContainerReportForContainerReportHandler] WARN  container.ContainerReportHandler (AbstractContainerReportHandler.java:updateContainerState(145)) - Container #1 is in OPEN state, but the datanode cae7164a-c8b0-4e78-9c02-4190bab4d7cb{ip: 192.168.34.62, host: pr-hdds-1868-lzclr-202649289, networkLocation: /default-rack, certSerialId: null} reports an CLOSED replica.
2019-10-17 07:01:16,381 [EventQueue-ContainerReportForContainerReportHandler] WARN  container.ContainerReportHandler (AbstractContainerReportHandler.java:updateContainerState(145)) - Container #1 is in OPEN state, but the datanode 328eda30-7a38-4124-8420-4db3824d3ef4{ip: 192.168.34.62, host: pr-hdds-1868-lzclr-202649289, networkLocation: /default-rack, certSerialId: null} reports an CLOSED replica.
2019-10-17 07:01:16,681 [EventQueue-ContainerReportForContainerReportHandler] WARN  container.ContainerReportHandler (AbstractContainerReportHandler.java:updateContainerState(145)) - Container #1 is in OPEN state, but the datanode cae7164a-c8b0-4e78-9c02-4190bab4d7cb{ip: 192.168.34.62, host: pr-hdds-1868-lzclr-202649289, networkLocation: /default-rack, certSerialId: null} reports an CLOSED replica.
2019-10-17 07:01:16,699 [BlockDeletingService#2] WARN  background.BlockDeletingService (BlockDeletingService.java:isDeletionAllowed(187)) - Close Container log Index 6 is not replicated across allthe servers in the pipeline 72246393-9d1a-4fd5-982f-c349846def79 as the min replicated index is 4. Deletion is not allowed in this container yet.
2019-10-17 07:01:16,699 [BlockDeletingService#2] WARN  background.BlockDeletingService (BlockDeletingService.java:isDeletionAllowed(187)) - Close Container log Index 6 is not replicated across allthe servers in the pipeline 72246393-9d1a-4fd5-982f-c349846def79 as the min replicated index is 4. Deletion is not allowed in this container yet.
2019-10-17 07:01:16,781 [EventQueue-ContainerReportForContainerReportHandler] WARN  container.ContainerReportHandler (AbstractContainerReportHandler.java:updateContainerState(145)) - Container #1 is in OPEN state, but the datanode 328eda30-7a38-4124-8420-4db3824d3ef4{ip: 192.168.34.62, host: pr-hdds-1868-lzclr-202649289, networkLocation: /default-rack, certSerialId: null} reports an CLOSED replica.
2019-10-17 07:01:16,881 [EventQueue-ContainerReportForContainerReportHandler] WARN  container.ContainerReportHandler (AbstractContainerReportHandler.java:updateContainerState(145)) - Container #1 is in OPEN state, but the datanode cae7164a-c8b0-4e78-9c02-4190bab4d7cb{ip: 192.168.34.62, host: pr-hdds-1868-lzclr-202649289, networkLocation: /default-rack, certSerialId: null} reports an CLOSED replica.
2019-10-17 07:01:17,080 [EventQueue-ContainerReportForContainerReportHandler] WARN  container.ContainerReportHandler (AbstractContainerReportHandler.java:updateContainerState(145)) - Container #1 is in OPEN state, but the datanode 328eda30-7a38-4124-8420-4db3824d3ef4{ip: 192.168.34.62, host: pr-hdds-1868-lzclr-202649289, networkLocation: /default-rack, certSerialId: null} reports an CLOSED replica.
2019-10-17 07:01:17,182 [EventQueue-ContainerReportForContainerReportHandler] WARN  container.ContainerReportHandler (AbstractContainerReportHandler.java:updateContainerState(145)) - Container #1 is in OPEN state, but the datanode cae7164a-c8b0-4e78-9c02-4190bab4d7cb{ip: 192.168.34.62, host: pr-hdds-1868-lzclr-202649289, networkLocation: /default-rack, certSerialId: null} reports an CLOSED replica.
2019-10-17 07:01:17,380 [EventQueue-ContainerReportForContainerReportHandler] WARN  container.ContainerReportHandler (AbstractContainerReportHandler.java:updateContainerState(145)) - Container #1 is in OPEN state, but the datanode 328eda30-7a38-4124-8420-4db3824d3ef4{ip: 192.168.34.62, host: pr-hdds-1868-lzclr-202649289, networkLocation: /default-rack, certSerialId: null} reports an CLOSED replica.
2019-10-17 07:01:17,482 [EventQueue-ContainerReportForContainerReportHandler] WARN  container.ContainerReportHandler (AbstractContainerReportHandler.java:updateContainerState(145)) - Container #1 is in OPEN state, but the datanode cae7164a-c8b0-4e78-9c02-4190bab4d7cb{ip: 192.168.34.62, host: pr-hdds-1868-lzclr-202649289, networkLocation: /default-rack, certSerialId: null} reports an CLOSED replica.
2019-10-17 07:01:17,580 [EventQueue-ContainerReportForContainerReportHandler] WARN  container.ContainerReportHandler (AbstractContainerReportHandler.java:updateContainerState(145)) - Container #1 is in OPEN state, but the datanode 328eda30-7a38-4124-8420-4db3824d3ef4{ip: 192.168.34.62, host: pr-hdds-1868-lzclr-202649289, networkLocation: /default-rack, certSerialId: null} reports an CLOSED replica.
2019-10-17 07:01:17,633 [java.util.concurrent.ThreadPoolExecutor$Worker@69357c50[State = -1, empty queue]] WARN  server.GrpcLogAppender (GrpcLogAppender.java:timeoutAppendRequest(209)) - cae7164a-c8b0-4e78-9c02-4190bab4d7cb@group-C349846DEF79->03dd9899-51e5-4f83-b08a-708074177aaf-GrpcLogAppender: appendEntries Timeout, request=cae7164a-c8b0-4e78-9c02-4190bab4d7cb->03dd9899-51e5-4f83-b08a-708074177aaf#26-t2, previous=(t:2, i:10), leaderCommit=10, initializing? false, entries: <empty>
2019-10-17 07:01:17,700 [BlockDeletingService#2] WARN  background.BlockDeletingService (BlockDeletingService.java:isDeletionAllowed(187)) - Close Container log Index 6 is not replicated across allthe servers in the pipeline 72246393-9d1a-4fd5-982f-c349846def79 as the min replicated index is 4. Deletion is not allowed in this container yet.
2019-10-17 07:01:17,700 [BlockDeletingService#2] WARN  background.BlockDeletingService (BlockDeletingService.java:isDeletionAllowed(187)) - Close Container log Index 6 is not replicated across allthe servers in the pipeline 72246393-9d1a-4fd5-982f-c349846def79 as the min replicated index is 4. Deletion is not allowed in this container yet.
2019-10-17 07:01:17,782 [EventQueue-ContainerReportForContainerReportHandler] WARN  container.ContainerReportHandler (AbstractContainerReportHandler.java:updateContainerState(145)) - Container #1 is in OPEN state, but the datanode cae7164a-c8b0-4e78-9c02-4190bab4d7cb{ip: 192.168.34.62, host: pr-hdds-1868-lzclr-202649289, networkLocation: /default-rack, certSerialId: null} reports an CLOSED replica.
2019-10-17 07:01:17,980 [EventQueue-ContainerReportForContainerReportHandler] WARN  container.ContainerReportHandler (AbstractContainerReportHandler.java:updateContainerState(145)) - Container #1 is in OPEN state, but the datanode 328eda30-7a38-4124-8420-4db3824d3ef4{ip: 192.168.34.62, host: pr-hdds-1868-lzclr-202649289, networkLocation: /default-rack, certSerialId: null} reports an CLOSED replica.
2019-10-17 07:01:18,082 [EventQueue-ContainerReportForContainerReportHandler] WARN  container.ContainerReportHandler (AbstractContainerReportHandler.java:updateContainerState(145)) - Container #1 is in OPEN state, but the datanode cae7164a-c8b0-4e78-9c02-4190bab4d7cb{ip: 192.168.34.62, host: pr-hdds-1868-lzclr-202649289, networkLocation: /default-rack, certSerialId: null} reports an CLOSED replica.
2019-10-17 07:01:18,181 [EventQueue-ContainerReportForContainerReportHandler] WARN  container.ContainerReportHandler (AbstractContainerReportHandler.java:updateContainerState(145)) - Container #1 is in OPEN state, but the datanode 328eda30-7a38-4124-8420-4db3824d3ef4{ip: 192.168.34.62, host: pr-hdds-1868-lzclr-202649289, networkLocation: /default-rack, certSerialId: null} reports an CLOSED replica.
2019-10-17 07:01:18,480 [EventQueue-ContainerReportForContainerReportHandler] WARN  container.ContainerReportHandler (AbstractContainerReportHandler.java:updateContainerState(145)) - Container #1 is in OPEN state, but the datanode 328eda30-7a38-4124-8420-4db3824d3ef4{ip: 192.168.34.62, host: pr-hdds-1868-lzclr-202649289, networkLocation: /default-rack, certSerialId: null} reports an CLOSED replica.
2019-10-17 07:01:18,482 [EventQueue-ContainerReportForContainerReportHandler] WARN  container.ContainerReportHandler (AbstractContainerReportHandler.java:updateContainerState(145)) - Container #1 is in OPEN state, but the datanode cae7164a-c8b0-4e78-9c02-4190bab4d7cb{ip: 192.168.34.62, host: pr-hdds-1868-lzclr-202649289, networkLocation: /default-rack, certSerialId: null} reports an CLOSED replica.
2019-10-17 07:01:18,682 [EventQueue-ContainerReportForContainerReportHandler] WARN  container.ContainerReportHandler (AbstractContainerReportHandler.java:updateContainerState(145)) - Container #1 is in OPEN state, but the datanode cae7164a-c8b0-4e78-9c02-4190bab4d7cb{ip: 192.168.34.62, host: pr-hdds-1868-lzclr-202649289, networkLocation: /default-rack, certSerialId: null} reports an CLOSED replica.
2019-10-17 07:01:18,701 [BlockDeletingService#2] WARN  background.BlockDeletingService (BlockDeletingService.java:isDeletionAllowed(187)) - Close Container log Index 6 is not replicated across allthe servers in the pipeline 72246393-9d1a-4fd5-982f-c349846def79 as the min replicated index is 4. Deletion is not allowed in this container yet.
2019-10-17 07:01:18,701 [BlockDeletingService#2] WARN  background.BlockDeletingService (BlockDeletingService.java:isDeletionAllowed(187)) - Close Container log Index 6 is not replicated across allthe servers in the pipeline 72246393-9d1a-4fd5-982f-c349846def79 as the min replicated index is 4. Deletion is not allowed in this container yet.
2019-10-17 07:01:18,781 [EventQueue-ContainerReportForContainerReportHandler] WARN  container.ContainerReportHandler (AbstractContainerReportHandler.java:updateContainerState(145)) - Container #1 is in OPEN state, but the datanode 328eda30-7a38-4124-8420-4db3824d3ef4{ip: 192.168.34.62, host: pr-hdds-1868-lzclr-202649289, networkLocation: /default-rack, certSerialId: null} reports an CLOSED replica.
2019-10-17 07:01:18,883 [EventQueue-ContainerReportForContainerReportHandler] WARN  container.ContainerReportHandler (AbstractContainerReportHandler.java:updateContainerState(145)) - Container #1 is in OPEN state, but the datanode cae7164a-c8b0-4e78-9c02-4190bab4d7cb{ip: 192.168.34.62, host: pr-hdds-1868-lzclr-202649289, networkLocation: /default-rack, certSerialId: null} reports an CLOSED replica.
2019-10-17 07:01:19,081 [EventQueue-ContainerReportForContainerReportHandler] WARN  container.ContainerReportHandler (AbstractContainerReportHandler.java:updateContainerState(145)) - Container #1 is in OPEN state, but the datanode 328eda30-7a38-4124-8420-4db3824d3ef4{ip: 192.168.34.62, host: pr-hdds-1868-lzclr-202649289, networkLocation: /default-rack, certSerialId: null} reports an CLOSED replica.
2019-10-17 07:01:19,282 [EventQueue-ContainerReportForContainerReportHandler] WARN  container.ContainerReportHandler (AbstractContainerReportHandler.java:updateContainerState(145)) - Container #1 is in OPEN state, but the datanode cae7164a-c8b0-4e78-9c02-4190bab4d7cb{ip: 192.168.34.62, host: pr-hdds-1868-lzclr-202649289, networkLocation: /default-rack, certSerialId: null} reports an CLOSED replica.
2019-10-17 07:01:19,380 [EventQueue-ContainerReportForContainerReportHandler] WARN  container.ContainerReportHandler (AbstractContainerReportHandler.java:updateContainerState(145)) - Container #1 is in OPEN state, but the datanode 328eda30-7a38-4124-8420-4db3824d3ef4{ip: 192.168.34.62, host: pr-hdds-1868-lzclr-202649289, networkLocation: /default-rack, certSerialId: null} reports an CLOSED replica.
2019-10-17 07:01:19,484 [EventQueue-ContainerReportForContainerReportHandler] WARN  container.ContainerReportHandler (AbstractContainerReportHandler.java:updateContainerState(145)) - Container #1 is in OPEN state, but the datanode cae7164a-c8b0-4e78-9c02-4190bab4d7cb{ip: 192.168.34.62, host: pr-hdds-1868-lzclr-202649289, networkLocation: /default-rack, certSerialId: null} reports an CLOSED replica.
2019-10-17 07:01:19,680 [EventQueue-ContainerReportForContainerReportHandler] WARN  container.ContainerReportHandler (AbstractContainerReportHandler.java:updateContainerState(145)) - Container #1 is in OPEN state, but the datanode 328eda30-7a38-4124-8420-4db3824d3ef4{ip: 192.168.34.62, host: pr-hdds-1868-lzclr-202649289, networkLocation: /default-rack, certSerialId: null} reports an CLOSED replica.
2019-10-17 07:01:19,703 [BlockDeletingService#2] WARN  background.BlockDeletingService (BlockDeletingService.java:isDeletionAllowed(187)) - Close Container log Index 6 is not replicated across allthe servers in the pipeline 72246393-9d1a-4fd5-982f-c349846def79 as the min replicated index is 4. Deletion is not allowed in this container yet.
2019-10-17 07:01:19,703 [BlockDeletingService#2] WARN  background.BlockDeletingService (BlockDeletingService.java:isDeletionAllowed(187)) - Close Container log Index 6 is not replicated across allthe servers in the pipeline 72246393-9d1a-4fd5-982f-c349846def79 as the min replicated index is 4. Deletion is not allowed in this container yet.
2019-10-17 07:01:19,783 [EventQueue-ContainerReportForContainerReportHandler] WARN  container.ContainerReportHandler (AbstractContainerReportHandler.java:updateContainerState(145)) - Container #1 is in OPEN state, but the datanode cae7164a-c8b0-4e78-9c02-4190bab4d7cb{ip: 192.168.34.62, host: pr-hdds-1868-lzclr-202649289, networkLocation: /default-rack, certSerialId: null} reports an CLOSED replica.
2019-10-17 07:01:19,981 [EventQueue-ContainerReportForContainerReportHandler] WARN  container.ContainerReportHandler (AbstractContainerReportHandler.java:updateContainerState(145)) - Container #1 is in OPEN state, but the datanode 328eda30-7a38-4124-8420-4db3824d3ef4{ip: 192.168.34.62, host: pr-hdds-1868-lzclr-202649289, networkLocation: /default-rack, certSerialId: null} reports an CLOSED replica.
2019-10-17 07:01:19,983 [EventQueue-ContainerReportForContainerReportHandler] WARN  container.ContainerReportHandler (AbstractContainerReportHandler.java:updateContainerState(145)) - Container #1 is in OPEN state, but the datanode cae7164a-c8b0-4e78-9c02-4190bab4d7cb{ip: 192.168.34.62, host: pr-hdds-1868-lzclr-202649289, networkLocation: /default-rack, certSerialId: null} reports an CLOSED replica.
2019-10-17 07:01:20,135 [java.util.concurrent.ThreadPoolExecutor$Worker@69357c50[State = -1, empty queue]] WARN  server.GrpcLogAppender (GrpcLogAppender.java:timeoutAppendRequest(209)) - cae7164a-c8b0-4e78-9c02-4190bab4d7cb@group-C349846DEF79->03dd9899-51e5-4f83-b08a-708074177aaf-GrpcLogAppender: appendEntries Timeout, request=cae7164a-c8b0-4e78-9c02-4190bab4d7cb->03dd9899-51e5-4f83-b08a-708074177aaf#27-t2, previous=(t:2, i:10), leaderCommit=10, initializing? false, entries: <empty>
2019-10-17 07:01:20,281 [EventQueue-ContainerReportForContainerReportHandler] WARN  container.ContainerReportHandler (AbstractContainerReportHandler.java:updateContainerState(145)) - Container #1 is in OPEN state, but the datanode 328eda30-7a38-4124-8420-4db3824d3ef4{ip: 192.168.34.62, host: pr-hdds-1868-lzclr-202649289, networkLocation: /default-rack, certSerialId: null} reports an CLOSED replica.
2019-10-17 07:01:20,284 [EventQueue-ContainerReportForContainerReportHandler] WARN  container.ContainerReportHandler (AbstractContainerReportHandler.java:updateContainerState(145)) - Container #1 is in OPEN state, but the datanode cae7164a-c8b0-4e78-9c02-4190bab4d7cb{ip: 192.168.34.62, host: pr-hdds-1868-lzclr-202649289, networkLocation: /default-rack, certSerialId: null} reports an CLOSED replica.
2019-10-17 07:01:20,582 [EventQueue-ContainerReportForContainerReportHandler] WARN  container.ContainerReportHandler (AbstractContainerReportHandler.java:updateContainerState(145)) - Container #1 is in OPEN state, but the datanode 328eda30-7a38-4124-8420-4db3824d3ef4{ip: 192.168.34.62, host: pr-hdds-1868-lzclr-202649289, networkLocation: /default-rack, certSerialId: null} reports an CLOSED replica.
2019-10-17 07:01:20,583 [EventQueue-ContainerReportForContainerReportHandler] WARN  container.ContainerReportHandler (AbstractContainerReportHandler.java:updateContainerState(145)) - Container #1 is in OPEN state, but the datanode cae7164a-c8b0-4e78-9c02-4190bab4d7cb{ip: 192.168.34.62, host: pr-hdds-1868-lzclr-202649289, networkLocation: /default-rack, certSerialId: null} reports an CLOSED replica.
2019-10-17 07:01:20,704 [BlockDeletingService#2] WARN  background.BlockDeletingService (BlockDeletingService.java:isDeletionAllowed(187)) - Close Container log Index 6 is not replicated across allthe servers in the pipeline 72246393-9d1a-4fd5-982f-c349846def79 as the min replicated index is 4. Deletion is not allowed in this container yet.
2019-10-17 07:01:20,704 [BlockDeletingService#2] WARN  background.BlockDeletingService (BlockDeletingService.java:isDeletionAllowed(187)) - Close Container log Index 6 is not replicated across allthe servers in the pipeline 72246393-9d1a-4fd5-982f-c349846def79 as the min replicated index is 4. Deletion is not allowed in this container yet.
2019-10-17 07:01:20,755 [Thread-346] INFO  client.GrpcClientProtocolService (GrpcClientProtocolService.java:lambda$processClientRequest$0(278)) - Failed RaftClientRequest:client-1BB1B1ECBBFA->cae7164a-c8b0-4e78-9c02-4190bab4d7cb@group-C349846DEF79, cid=10, seq=0, Watch-ALL_COMMITTED(6), Message:<EMPTY>, reply=RaftClientReply:client-1BB1B1ECBBFA->cae7164a-c8b0-4e78-9c02-4190bab4d7cb@group-C349846DEF79, cid=10, FAILED org.apache.ratis.protocol.NotReplicatedException: Request with call Id 10 and log index 6 is not yet replicated to ALL_COMMITTED, logIndex=6, commits[cae7164a-c8b0-4e78-9c02-4190bab4d7cb:c10, 328eda30-7a38-4124-8420-4db3824d3ef4:c10, 03dd9899-51e5-4f83-b08a-708074177aaf:c4]
2019-10-17 07:01:20,982 [EventQueue-ContainerReportForContainerReportHandler] WARN  container.ContainerReportHandler (AbstractContainerReportHandler.java:updateContainerState(145)) - Container #1 is in OPEN state, but the datanode 328eda30-7a38-4124-8420-4db3824d3ef4{ip: 192.168.34.62, host: pr-hdds-1868-lzclr-202649289, networkLocation: /default-rack, certSerialId: null} reports an CLOSED replica.
2019-10-17 07:01:20,983 [EventQueue-ContainerReportForContainerReportHandler] WARN  container.ContainerReportHandler (AbstractContainerReportHandler.java:updateContainerState(145)) - Container #1 is in OPEN state, but the datanode cae7164a-c8b0-4e78-9c02-4190bab4d7cb{ip: 192.168.34.62, host: pr-hdds-1868-lzclr-202649289, networkLocation: /default-rack, certSerialId: null} reports an CLOSED replica.
2019-10-17 07:01:21,183 [EventQueue-ContainerReportForContainerReportHandler] WARN  container.ContainerReportHandler (AbstractContainerReportHandler.java:updateContainerState(145)) - Container #1 is in OPEN state, but the datanode cae7164a-c8b0-4e78-9c02-4190bab4d7cb{ip: 192.168.34.62, host: pr-hdds-1868-lzclr-202649289, networkLocation: /default-rack, certSerialId: null} reports an CLOSED replica.
2019-10-17 07:01:21,282 [EventQueue-ContainerReportForContainerReportHandler] WARN  container.ContainerReportHandler (AbstractContainerReportHandler.java:updateContainerState(145)) - Container #1 is in OPEN state, but the datanode 328eda30-7a38-4124-8420-4db3824d3ef4{ip: 192.168.34.62, host: pr-hdds-1868-lzclr-202649289, networkLocation: /default-rack, certSerialId: null} reports an CLOSED replica.
2019-10-17 07:01:21,483 [EventQueue-ContainerReportForContainerReportHandler] WARN  container.ContainerReportHandler (AbstractContainerReportHandler.java:updateContainerState(145)) - Container #1 is in OPEN state, but the datanode 328eda30-7a38-4124-8420-4db3824d3ef4{ip: 192.168.34.62, host: pr-hdds-1868-lzclr-202649289, networkLocation: /default-rack, certSerialId: null} reports an CLOSED replica.
2019-10-17 07:01:21,483 [EventQueue-ContainerReportForContainerReportHandler] WARN  container.ContainerReportHandler (AbstractContainerReportHandler.java:updateContainerState(145)) - Container #1 is in OPEN state, but the datanode cae7164a-c8b0-4e78-9c02-4190bab4d7cb{ip: 192.168.34.62, host: pr-hdds-1868-lzclr-202649289, networkLocation: /default-rack, certSerialId: null} reports an CLOSED replica.
2019-10-17 07:01:21,706 [BlockDeletingService#2] WARN  background.BlockDeletingService (BlockDeletingService.java:isDeletionAllowed(187)) - Close Container log Index 6 is not replicated across allthe servers in the pipeline 72246393-9d1a-4fd5-982f-c349846def79 as the min replicated index is 4. Deletion is not allowed in this container yet.
2019-10-17 07:01:21,706 [BlockDeletingService#2] WARN  background.BlockDeletingService (BlockDeletingService.java:isDeletionAllowed(187)) - Close Container log Index 6 is not replicated across allthe servers in the pipeline 72246393-9d1a-4fd5-982f-c349846def79 as the min replicated index is 4. Deletion is not allowed in this container yet.
2019-10-17 07:01:21,784 [EventQueue-ContainerReportForContainerReportHandler] WARN  container.ContainerReportHandler (AbstractContainerReportHandler.java:updateContainerState(145)) - Container #1 is in OPEN state, but the datanode cae7164a-c8b0-4e78-9c02-4190bab4d7cb{ip: 192.168.34.62, host: pr-hdds-1868-lzclr-202649289, networkLocation: /default-rack, certSerialId: null} reports an CLOSED replica.
2019-10-17 07:01:21,883 [EventQueue-ContainerReportForContainerReportHandler] WARN  container.ContainerReportHandler (AbstractContainerReportHandler.java:updateContainerState(145)) - Container #1 is in OPEN state, but the datanode 328eda30-7a38-4124-8420-4db3824d3ef4{ip: 192.168.34.62, host: pr-hdds-1868-lzclr-202649289, networkLocation: /default-rack, certSerialId: null} reports an CLOSED replica.
2019-10-17 07:01:22,085 [EventQueue-ContainerReportForContainerReportHandler] WARN  container.ContainerReportHandler (AbstractContainerReportHandler.java:updateContainerState(145)) - Container #1 is in OPEN state, but the datanode cae7164a-c8b0-4e78-9c02-4190bab4d7cb{ip: 192.168.34.62, host: pr-hdds-1868-lzclr-202649289, networkLocation: /default-rack, certSerialId: null} reports an CLOSED replica.
2019-10-17 07:01:22,283 [EventQueue-ContainerReportForContainerReportHandler] WARN  container.ContainerReportHandler (AbstractContainerReportHandler.java:updateContainerState(145)) - Container #1 is in OPEN state, but the datanode 328eda30-7a38-4124-8420-4db3824d3ef4{ip: 192.168.34.62, host: pr-hdds-1868-lzclr-202649289, networkLocation: /default-rack, certSerialId: null} reports an CLOSED replica.
2019-10-17 07:01:22,384 [EventQueue-ContainerReportForContainerReportHandler] WARN  container.ContainerReportHandler (AbstractContainerReportHandler.java:updateContainerState(145)) - Container #1 is in OPEN state, but the datanode cae7164a-c8b0-4e78-9c02-4190bab4d7cb{ip: 192.168.34.62, host: pr-hdds-1868-lzclr-202649289, networkLocation: /default-rack, certSerialId: null} reports an CLOSED replica.
2019-10-17 07:01:22,583 [EventQueue-ContainerReportForContainerReportHandler] WARN  container.ContainerReportHandler (AbstractContainerReportHandler.java:updateContainerState(145)) - Container #1 is in OPEN state, but the datanode 328eda30-7a38-4124-8420-4db3824d3ef4{ip: 192.168.34.62, host: pr-hdds-1868-lzclr-202649289, networkLocation: /default-rack, certSerialId: null} reports an CLOSED replica.
2019-10-17 07:01:22,585 [EventQueue-ContainerReportForContainerReportHandler] WARN  container.ContainerReportHandler (AbstractContainerReportHandler.java:updateContainerState(145)) - Container #1 is in OPEN state, but the datanode cae7164a-c8b0-4e78-9c02-4190bab4d7cb{ip: 192.168.34.62, host: pr-hdds-1868-lzclr-202649289, networkLocation: /default-rack, certSerialId: null} reports an CLOSED replica.
2019-10-17 07:01:22,636 [java.util.concurrent.ThreadPoolExecutor$Worker@69357c50[State = -1, empty queue]] WARN  server.GrpcLogAppender (GrpcLogAppender.java:timeoutAppendRequest(209)) - cae7164a-c8b0-4e78-9c02-4190bab4d7cb@group-C349846DEF79->03dd9899-51e5-4f83-b08a-708074177aaf-GrpcLogAppender: appendEntries Timeout, request=cae7164a-c8b0-4e78-9c02-4190bab4d7cb->03dd9899-51e5-4f83-b08a-708074177aaf#28-t2, previous=(t:2, i:10), leaderCommit=10, initializing? false, entries: <empty>
2019-10-17 07:01:22,709 [BlockDeletingService#2] WARN  background.BlockDeletingService (BlockDeletingService.java:isDeletionAllowed(187)) - Close Container log Index 6 is not replicated across allthe servers in the pipeline 72246393-9d1a-4fd5-982f-c349846def79 as the min replicated index is 4. Deletion is not allowed in this container yet.
2019-10-17 07:01:22,709 [BlockDeletingService#2] WARN  background.BlockDeletingService (BlockDeletingService.java:isDeletionAllowed(187)) - Close Container log Index 6 is not replicated across allthe servers in the pipeline 72246393-9d1a-4fd5-982f-c349846def79 as the min replicated index is 4. Deletion is not allowed in this container yet.
2019-10-17 07:01:22,783 [EventQueue-ContainerReportForContainerReportHandler] WARN  container.ContainerReportHandler (AbstractContainerReportHandler.java:updateContainerState(145)) - Container #1 is in OPEN state, but the datanode 328eda30-7a38-4124-8420-4db3824d3ef4{ip: 192.168.34.62, host: pr-hdds-1868-lzclr-202649289, networkLocation: /default-rack, certSerialId: null} reports an CLOSED replica.
2019-10-17 07:01:22,884 [EventQueue-ContainerReportForContainerReportHandler] WARN  container.ContainerReportHandler (AbstractContainerReportHandler.java:updateContainerState(145)) - Container #1 is in OPEN state, but the datanode cae7164a-c8b0-4e78-9c02-4190bab4d7cb{ip: 192.168.34.62, host: pr-hdds-1868-lzclr-202649289, networkLocation: /default-rack, certSerialId: null} reports an CLOSED replica.
2019-10-17 07:01:22,983 [EventQueue-ContainerReportForContainerReportHandler] WARN  container.ContainerReportHandler (AbstractContainerReportHandler.java:updateContainerState(145)) - Container #1 is in OPEN state, but the datanode 328eda30-7a38-4124-8420-4db3824d3ef4{ip: 192.168.34.62, host: pr-hdds-1868-lzclr-202649289, networkLocation: /default-rack, certSerialId: null} reports an CLOSED replica.
2019-10-17 07:01:23,084 [EventQueue-ContainerReportForContainerReportHandler] WARN  container.ContainerReportHandler (AbstractContainerReportHandler.java:updateContainerState(145)) - Container #1 is in OPEN state, but the datanode cae7164a-c8b0-4e78-9c02-4190bab4d7cb{ip: 192.168.34.62, host: pr-hdds-1868-lzclr-202649289, networkLocation: /default-rack, certSerialId: null} reports an CLOSED replica.
2019-10-17 07:01:23,283 [EventQueue-ContainerReportForContainerReportHandler] WARN  container.ContainerReportHandler (AbstractContainerReportHandler.java:updateContainerState(145)) - Container #1 is in OPEN state, but the datanode 328eda30-7a38-4124-8420-4db3824d3ef4{ip: 192.168.34.62, host: pr-hdds-1868-lzclr-202649289, networkLocation: /default-rack, certSerialId: null} reports an CLOSED replica.
2019-10-17 07:01:23,384 [EventQueue-ContainerReportForContainerReportHandler] WARN  container.ContainerReportHandler (AbstractContainerReportHandler.java:updateContainerState(145)) - Container #1 is in OPEN state, but the datanode cae7164a-c8b0-4e78-9c02-4190bab4d7cb{ip: 192.168.34.62, host: pr-hdds-1868-lzclr-202649289, networkLocation: /default-rack, certSerialId: null} reports an CLOSED replica.
2019-10-17 07:01:23,583 [EventQueue-ContainerReportForContainerReportHandler] WARN  container.ContainerReportHandler (AbstractContainerReportHandler.java:updateContainerState(145)) - Container #1 is in OPEN state, but the datanode 328eda30-7a38-4124-8420-4db3824d3ef4{ip: 192.168.34.62, host: pr-hdds-1868-lzclr-202649289, networkLocation: /default-rack, certSerialId: null} reports an CLOSED replica.
2019-10-17 07:01:23,710 [BlockDeletingService#2] WARN  background.BlockDeletingService (BlockDeletingService.java:isDeletionAllowed(187)) - Close Container log Index 6 is not replicated across allthe servers in the pipeline 72246393-9d1a-4fd5-982f-c349846def79 as the min replicated index is 4. Deletion is not allowed in this container yet.
2019-10-17 07:01:23,710 [BlockDeletingService#2] WARN  background.BlockDeletingService (BlockDeletingService.java:isDeletionAllowed(187)) - Close Container log Index 6 is not replicated across allthe servers in the pipeline 72246393-9d1a-4fd5-982f-c349846def79 as the min replicated index is 4. Deletion is not allowed in this container yet.
2019-10-17 07:01:23,783 [EventQueue-ContainerReportForContainerReportHandler] WARN  container.ContainerReportHandler (AbstractContainerReportHandler.java:updateContainerState(145)) - Container #1 is in OPEN state, but the datanode 328eda30-7a38-4124-8420-4db3824d3ef4{ip: 192.168.34.62, host: pr-hdds-1868-lzclr-202649289, networkLocation: /default-rack, certSerialId: null} reports an CLOSED replica.
2019-10-17 07:01:23,784 [EventQueue-ContainerReportForContainerReportHandler] WARN  container.ContainerReportHandler (AbstractContainerReportHandler.java:updateContainerState(145)) - Container #1 is in OPEN state, but the datanode cae7164a-c8b0-4e78-9c02-4190bab4d7cb{ip: 192.168.34.62, host: pr-hdds-1868-lzclr-202649289, networkLocation: /default-rack, certSerialId: null} reports an CLOSED replica.
2019-10-17 07:01:24,085 [EventQueue-ContainerReportForContainerReportHandler] WARN  container.ContainerReportHandler (AbstractContainerReportHandler.java:updateContainerState(145)) - Container #1 is in OPEN state, but the datanode 328eda30-7a38-4124-8420-4db3824d3ef4{ip: 192.168.34.62, host: pr-hdds-1868-lzclr-202649289, networkLocation: /default-rack, certSerialId: null} reports an CLOSED replica.
2019-10-17 07:01:24,085 [EventQueue-ContainerReportForContainerReportHandler] WARN  container.ContainerReportHandler (AbstractContainerReportHandler.java:updateContainerState(145)) - Container #1 is in OPEN state, but the datanode cae7164a-c8b0-4e78-9c02-4190bab4d7cb{ip: 192.168.34.62, host: pr-hdds-1868-lzclr-202649289, networkLocation: /default-rack, certSerialId: null} reports an CLOSED replica.
2019-10-17 07:01:24,284 [EventQueue-ContainerReportForContainerReportHandler] WARN  container.ContainerReportHandler (AbstractContainerReportHandler.java:updateContainerState(145)) - Container #1 is in OPEN state, but the datanode cae7164a-c8b0-4e78-9c02-4190bab4d7cb{ip: 192.168.34.62, host: pr-hdds-1868-lzclr-202649289, networkLocation: /default-rack, certSerialId: null} reports an CLOSED replica.
2019-10-17 07:01:24,384 [EventQueue-ContainerReportForContainerReportHandler] WARN  container.ContainerReportHandler (AbstractContainerReportHandler.java:updateContainerState(145)) - Container #1 is in OPEN state, but the datanode 328eda30-7a38-4124-8420-4db3824d3ef4{ip: 192.168.34.62, host: pr-hdds-1868-lzclr-202649289, networkLocation: /default-rack, certSerialId: null} reports an CLOSED replica.
2019-10-17 07:01:24,584 [EventQueue-ContainerReportForContainerReportHandler] WARN  container.ContainerReportHandler (AbstractContainerReportHandler.java:updateContainerState(145)) - Container #1 is in OPEN state, but the datanode 328eda30-7a38-4124-8420-4db3824d3ef4{ip: 192.168.34.62, host: pr-hdds-1868-lzclr-202649289, networkLocation: /default-rack, certSerialId: null} reports an CLOSED replica.
2019-10-17 07:01:24,686 [EventQueue-ContainerReportForContainerReportHandler] WARN  container.ContainerReportHandler (AbstractContainerReportHandler.java:updateContainerState(145)) - Container #1 is in OPEN state, but the datanode cae7164a-c8b0-4e78-9c02-4190bab4d7cb{ip: 192.168.34.62, host: pr-hdds-1868-lzclr-202649289, networkLocation: /default-rack, certSerialId: null} reports an CLOSED replica.
2019-10-17 07:01:24,713 [BlockDeletingService#2] WARN  background.BlockDeletingService (BlockDeletingService.java:isDeletionAllowed(187)) - Close Container log Index 6 is not replicated across allthe servers in the pipeline 72246393-9d1a-4fd5-982f-c349846def79 as the min replicated index is 4. Deletion is not allowed in this container yet.
2019-10-17 07:01:24,713 [BlockDeletingService#2] WARN  background.BlockDeletingService (BlockDeletingService.java:isDeletionAllowed(187)) - Close Container log Index 6 is not replicated across allthe servers in the pipeline 72246393-9d1a-4fd5-982f-c349846def79 as the min replicated index is 4. Deletion is not allowed in this container yet.
2019-10-17 07:01:24,884 [EventQueue-ContainerReportForContainerReportHandler] WARN  container.ContainerReportHandler (AbstractContainerReportHandler.java:updateContainerState(145)) - Container #1 is in OPEN state, but the datanode 328eda30-7a38-4124-8420-4db3824d3ef4{ip: 192.168.34.62, host: pr-hdds-1868-lzclr-202649289, networkLocation: /default-rack, certSerialId: null} reports an CLOSED replica.
2019-10-17 07:01:24,985 [EventQueue-ContainerReportForContainerReportHandler] WARN  container.ContainerReportHandler (AbstractContainerReportHandler.java:updateContainerState(145)) - Container #1 is in OPEN state, but the datanode cae7164a-c8b0-4e78-9c02-4190bab4d7cb{ip: 192.168.34.62, host: pr-hdds-1868-lzclr-202649289, networkLocation: /default-rack, certSerialId: null} reports an CLOSED replica.
2019-10-17 07:01:25,137 [java.util.concurrent.ThreadPoolExecutor$Worker@69357c50[State = -1, empty queue]] WARN  server.GrpcLogAppender (GrpcLogAppender.java:timeoutAppendRequest(209)) - cae7164a-c8b0-4e78-9c02-4190bab4d7cb@group-C349846DEF79->03dd9899-51e5-4f83-b08a-708074177aaf-GrpcLogAppender: appendEntries Timeout, request=cae7164a-c8b0-4e78-9c02-4190bab4d7cb->03dd9899-51e5-4f83-b08a-708074177aaf#29-t2, previous=(t:2, i:10), leaderCommit=10, initializing? false, entries: <empty>
2019-10-17 07:01:25,184 [EventQueue-ContainerReportForContainerReportHandler] WARN  container.ContainerReportHandler (AbstractContainerReportHandler.java:updateContainerState(145)) - Container #1 is in OPEN state, but the datanode 328eda30-7a38-4124-8420-4db3824d3ef4{ip: 192.168.34.62, host: pr-hdds-1868-lzclr-202649289, networkLocation: /default-rack, certSerialId: null} reports an CLOSED replica.
2019-10-17 07:01:25,284 [EventQueue-ContainerReportForContainerReportHandler] WARN  container.ContainerReportHandler (AbstractContainerReportHandler.java:updateContainerState(145)) - Container #1 is in OPEN state, but the datanode cae7164a-c8b0-4e78-9c02-4190bab4d7cb{ip: 192.168.34.62, host: pr-hdds-1868-lzclr-202649289, networkLocation: /default-rack, certSerialId: null} reports an CLOSED replica.
2019-10-17 07:01:25,385 [EventQueue-ContainerReportForContainerReportHandler] WARN  container.ContainerReportHandler (AbstractContainerReportHandler.java:updateContainerState(145)) - Container #1 is in OPEN state, but the datanode 328eda30-7a38-4124-8420-4db3824d3ef4{ip: 192.168.34.62, host: pr-hdds-1868-lzclr-202649289, networkLocation: /default-rack, certSerialId: null} reports an CLOSED replica.
2019-10-17 07:01:25,687 [EventQueue-ContainerReportForContainerReportHandler] WARN  container.ContainerReportHandler (AbstractContainerReportHandler.java:updateContainerState(145)) - Container #1 is in OPEN state, but the datanode cae7164a-c8b0-4e78-9c02-4190bab4d7cb{ip: 192.168.34.62, host: pr-hdds-1868-lzclr-202649289, networkLocation: /default-rack, certSerialId: null} reports an CLOSED replica.
2019-10-17 07:01:25,715 [BlockDeletingService#2] WARN  background.BlockDeletingService (BlockDeletingService.java:isDeletionAllowed(187)) - Close Container log Index 6 is not replicated across allthe servers in the pipeline 72246393-9d1a-4fd5-982f-c349846def79 as the min replicated index is 4. Deletion is not allowed in this container yet.
2019-10-17 07:01:25,715 [BlockDeletingService#2] WARN  background.BlockDeletingService (BlockDeletingService.java:isDeletionAllowed(187)) - Close Container log Index 6 is not replicated across allthe servers in the pipeline 72246393-9d1a-4fd5-982f-c349846def79 as the min replicated index is 4. Deletion is not allowed in this container yet.
2019-10-17 07:01:25,787 [EventQueue-ContainerReportForContainerReportHandler] WARN  container.ContainerReportHandler (AbstractContainerReportHandler.java:updateContainerState(145)) - Container #1 is in OPEN state, but the datanode 328eda30-7a38-4124-8420-4db3824d3ef4{ip: 192.168.34.62, host: pr-hdds-1868-lzclr-202649289, networkLocation: /default-rack, certSerialId: null} reports an CLOSED replica.
2019-10-17 07:01:25,987 [EventQueue-ContainerReportForContainerReportHandler] WARN  container.ContainerReportHandler (AbstractContainerReportHandler.java:updateContainerState(145)) - Container #1 is in OPEN state, but the datanode cae7164a-c8b0-4e78-9c02-4190bab4d7cb{ip: 192.168.34.62, host: pr-hdds-1868-lzclr-202649289, networkLocation: /default-rack, certSerialId: null} reports an CLOSED replica.
2019-10-17 07:01:25,987 [EventQueue-ContainerReportForContainerReportHandler] WARN  container.ContainerReportHandler (AbstractContainerReportHandler.java:updateContainerState(145)) - Container #1 is in OPEN state, but the datanode 328eda30-7a38-4124-8420-4db3824d3ef4{ip: 192.168.34.62, host: pr-hdds-1868-lzclr-202649289, networkLocation: /default-rack, certSerialId: null} reports an CLOSED replica.
2019-10-17 07:01:26,286 [EventQueue-ContainerReportForContainerReportHandler] WARN  container.ContainerReportHandler (AbstractContainerReportHandler.java:updateContainerState(145)) - Container #1 is in OPEN state, but the datanode 328eda30-7a38-4124-8420-4db3824d3ef4{ip: 192.168.34.62, host: pr-hdds-1868-lzclr-202649289, networkLocation: /default-rack, certSerialId: null} reports an CLOSED replica.
2019-10-17 07:01:26,286 [EventQueue-ContainerReportForContainerReportHandler] WARN  container.ContainerReportHandler (AbstractContainerReportHandler.java:updateContainerState(145)) - Container #1 is in OPEN state, but the datanode cae7164a-c8b0-4e78-9c02-4190bab4d7cb{ip: 192.168.34.62, host: pr-hdds-1868-lzclr-202649289, networkLocation: /default-rack, certSerialId: null} reports an CLOSED replica.
2019-10-17 07:01:26,587 [EventQueue-ContainerReportForContainerReportHandler] WARN  container.ContainerReportHandler (AbstractContainerReportHandler.java:updateContainerState(145)) - Container #1 is in OPEN state, but the datanode 328eda30-7a38-4124-8420-4db3824d3ef4{ip: 192.168.34.62, host: pr-hdds-1868-lzclr-202649289, networkLocation: /default-rack, certSerialId: null} reports an CLOSED replica.
2019-10-17 07:01:26,587 [EventQueue-ContainerReportForContainerReportHandler] WARN  container.ContainerReportHandler (AbstractContainerReportHandler.java:updateContainerState(145)) - Container #1 is in OPEN state, but the datanode cae7164a-c8b0-4e78-9c02-4190bab4d7cb{ip: 192.168.34.62, host: pr-hdds-1868-lzclr-202649289, networkLocation: /default-rack, certSerialId: null} reports an CLOSED replica.
2019-10-17 07:01:26,716 [BlockDeletingService#2] WARN  background.BlockDeletingService (BlockDeletingService.java:isDeletionAllowed(187)) - Close Container log Index 6 is not replicated across allthe servers in the pipeline 72246393-9d1a-4fd5-982f-c349846def79 as the min replicated index is 4. Deletion is not allowed in this container yet.
2019-10-17 07:01:26,716 [BlockDeletingService#2] WARN  background.BlockDeletingService (BlockDeletingService.java:isDeletionAllowed(187)) - Close Container log Index 6 is not replicated across allthe servers in the pipeline 72246393-9d1a-4fd5-982f-c349846def79 as the min replicated index is 4. Deletion is not allowed in this container yet.
2019-10-17 07:01:26,887 [EventQueue-ContainerReportForContainerReportHandler] WARN  container.ContainerReportHandler (AbstractContainerReportHandler.java:updateContainerState(145)) - Container #1 is in OPEN state, but the datanode 328eda30-7a38-4124-8420-4db3824d3ef4{ip: 192.168.34.62, host: pr-hdds-1868-lzclr-202649289, networkLocation: /default-rack, certSerialId: null} reports an CLOSED replica.
2019-10-17 07:01:26,986 [EventQueue-ContainerReportForContainerReportHandler] WARN  container.ContainerReportHandler (AbstractContainerReportHandler.java:updateContainerState(145)) - Container #1 is in OPEN state, but the datanode cae7164a-c8b0-4e78-9c02-4190bab4d7cb{ip: 192.168.34.62, host: pr-hdds-1868-lzclr-202649289, networkLocation: /default-rack, certSerialId: null} reports an CLOSED replica.
2019-10-17 07:01:27,189 [EventQueue-ContainerReportForContainerReportHandler] WARN  container.ContainerReportHandler (AbstractContainerReportHandler.java:updateContainerState(145)) - Container #1 is in OPEN state, but the datanode 328eda30-7a38-4124-8420-4db3824d3ef4{ip: 192.168.34.62, host: pr-hdds-1868-lzclr-202649289, networkLocation: /default-rack, certSerialId: null} reports an CLOSED replica.
2019-10-17 07:01:27,286 [EventQueue-ContainerReportForContainerReportHandler] WARN  container.ContainerReportHandler (AbstractContainerReportHandler.java:updateContainerState(145)) - Container #1 is in OPEN state, but the datanode cae7164a-c8b0-4e78-9c02-4190bab4d7cb{ip: 192.168.34.62, host: pr-hdds-1868-lzclr-202649289, networkLocation: /default-rack, certSerialId: null} reports an CLOSED replica.
2019-10-17 07:01:27,388 [EventQueue-ContainerReportForContainerReportHandler] WARN  container.ContainerReportHandler (AbstractContainerReportHandler.java:updateContainerState(145)) - Container #1 is in OPEN state, but the datanode 328eda30-7a38-4124-8420-4db3824d3ef4{ip: 192.168.34.62, host: pr-hdds-1868-lzclr-202649289, networkLocation: /default-rack, certSerialId: null} reports an CLOSED replica.
2019-10-17 07:01:27,486 [EventQueue-ContainerReportForContainerReportHandler] WARN  container.ContainerReportHandler (AbstractContainerReportHandler.java:updateContainerState(145)) - Container #1 is in OPEN state, but the datanode cae7164a-c8b0-4e78-9c02-4190bab4d7cb{ip: 192.168.34.62, host: pr-hdds-1868-lzclr-202649289, networkLocation: /default-rack, certSerialId: null} reports an CLOSED replica.
2019-10-17 07:01:27,641 [java.util.concurrent.ThreadPoolExecutor$Worker@69357c50[State = -1, empty queue]] WARN  server.GrpcLogAppender (GrpcLogAppender.java:timeoutAppendRequest(209)) - cae7164a-c8b0-4e78-9c02-4190bab4d7cb@group-C349846DEF79->03dd9899-51e5-4f83-b08a-708074177aaf-GrpcLogAppender: appendEntries Timeout, request=cae7164a-c8b0-4e78-9c02-4190bab4d7cb->03dd9899-51e5-4f83-b08a-708074177aaf#30-t2, previous=(t:2, i:10), leaderCommit=10, initializing? false, entries: <empty>
2019-10-17 07:01:27,718 [BlockDeletingService#2] WARN  background.BlockDeletingService (BlockDeletingService.java:isDeletionAllowed(187)) - Close Container log Index 6 is not replicated across allthe servers in the pipeline 72246393-9d1a-4fd5-982f-c349846def79 as the min replicated index is 4. Deletion is not allowed in this container yet.
2019-10-17 07:01:27,718 [BlockDeletingService#2] WARN  background.BlockDeletingService (BlockDeletingService.java:isDeletionAllowed(187)) - Close Container log Index 6 is not replicated across allthe servers in the pipeline 72246393-9d1a-4fd5-982f-c349846def79 as the min replicated index is 4. Deletion is not allowed in this container yet.
2019-10-17 07:01:27,787 [EventQueue-ContainerReportForContainerReportHandler] WARN  container.ContainerReportHandler (AbstractContainerReportHandler.java:updateContainerState(145)) - Container #1 is in OPEN state, but the datanode cae7164a-c8b0-4e78-9c02-4190bab4d7cb{ip: 192.168.34.62, host: pr-hdds-1868-lzclr-202649289, networkLocation: /default-rack, certSerialId: null} reports an CLOSED replica.
2019-10-17 07:01:27,789 [EventQueue-ContainerReportForContainerReportHandler] WARN  container.ContainerReportHandler (AbstractContainerReportHandler.java:updateContainerState(145)) - Container #1 is in OPEN state, but the datanode 328eda30-7a38-4124-8420-4db3824d3ef4{ip: 192.168.34.62, host: pr-hdds-1868-lzclr-202649289, networkLocation: /default-rack, certSerialId: null} reports an CLOSED replica.
2019-10-17 07:01:28,086 [EventQueue-ContainerReportForContainerReportHandler] WARN  container.ContainerReportHandler (AbstractContainerReportHandler.java:updateContainerState(145)) - Container #1 is in OPEN state, but the datanode cae7164a-c8b0-4e78-9c02-4190bab4d7cb{ip: 192.168.34.62, host: pr-hdds-1868-lzclr-202649289, networkLocation: /default-rack, certSerialId: null} reports an CLOSED replica.
2019-10-17 07:01:28,089 [EventQueue-ContainerReportForContainerReportHandler] WARN  container.ContainerReportHandler (AbstractContainerReportHandler.java:updateContainerState(145)) - Container #1 is in OPEN state, but the datanode 328eda30-7a38-4124-8420-4db3824d3ef4{ip: 192.168.34.62, host: pr-hdds-1868-lzclr-202649289, networkLocation: /default-rack, certSerialId: null} reports an CLOSED replica.
2019-10-17 07:01:28,291 [EventQueue-ContainerReportForContainerReportHandler] WARN  container.ContainerReportHandler (AbstractContainerReportHandler.java:updateContainerState(145)) - Container #1 is in OPEN state, but the datanode 328eda30-7a38-4124-8420-4db3824d3ef4{ip: 192.168.34.62, host: pr-hdds-1868-lzclr-202649289, networkLocation: /default-rack, certSerialId: null} reports an CLOSED replica.
2019-10-17 07:01:28,388 [EventQueue-ContainerReportForContainerReportHandler] WARN  container.ContainerReportHandler (AbstractContainerReportHandler.java:updateContainerState(145)) - Container #1 is in OPEN state, but the datanode cae7164a-c8b0-4e78-9c02-4190bab4d7cb{ip: 192.168.34.62, host: pr-hdds-1868-lzclr-202649289, networkLocation: /default-rack, certSerialId: null} reports an CLOSED replica.
2019-10-17 07:01:28,590 [EventQueue-ContainerReportForContainerReportHandler] WARN  container.ContainerReportHandler (AbstractContainerReportHandler.java:updateContainerState(145)) - Container #1 is in OPEN state, but the datanode 328eda30-7a38-4124-8420-4db3824d3ef4{ip: 192.168.34.62, host: pr-hdds-1868-lzclr-202649289, networkLocation: /default-rack, certSerialId: null} reports an CLOSED replica.
2019-10-17 07:01:28,687 [EventQueue-ContainerReportForContainerReportHandler] WARN  container.ContainerReportHandler (AbstractContainerReportHandler.java:updateContainerState(145)) - Container #1 is in OPEN state, but the datanode cae7164a-c8b0-4e78-9c02-4190bab4d7cb{ip: 192.168.34.62, host: pr-hdds-1868-lzclr-202649289, networkLocation: /default-rack, certSerialId: null} reports an CLOSED replica.
2019-10-17 07:01:28,719 [BlockDeletingService#2] WARN  background.BlockDeletingService (BlockDeletingService.java:isDeletionAllowed(187)) - Close Container log Index 6 is not replicated across allthe servers in the pipeline 72246393-9d1a-4fd5-982f-c349846def79 as the min replicated index is 4. Deletion is not allowed in this container yet.
2019-10-17 07:01:28,719 [BlockDeletingService#2] WARN  background.BlockDeletingService (BlockDeletingService.java:isDeletionAllowed(187)) - Close Container log Index 6 is not replicated across allthe servers in the pipeline 72246393-9d1a-4fd5-982f-c349846def79 as the min replicated index is 4. Deletion is not allowed in this container yet.
2019-10-17 07:01:28,987 [EventQueue-ContainerReportForContainerReportHandler] WARN  container.ContainerReportHandler (AbstractContainerReportHandler.java:updateContainerState(145)) - Container #1 is in OPEN state, but the datanode cae7164a-c8b0-4e78-9c02-4190bab4d7cb{ip: 192.168.34.62, host: pr-hdds-1868-lzclr-202649289, networkLocation: /default-rack, certSerialId: null} reports an CLOSED replica.
2019-10-17 07:01:28,990 [EventQueue-ContainerReportForContainerReportHandler] WARN  container.ContainerReportHandler (AbstractContainerReportHandler.java:updateContainerState(145)) - Container #1 is in OPEN state, but the datanode 328eda30-7a38-4124-8420-4db3824d3ef4{ip: 192.168.34.62, host: pr-hdds-1868-lzclr-202649289, networkLocation: /default-rack, certSerialId: null} reports an CLOSED replica.
2019-10-17 07:01:29,174 [Thread-369] INFO  client.GrpcClientProtocolService (GrpcClientProtocolService.java:lambda$processClientRequest$0(278)) - Failed RaftClientRequest:client-1BB1B1ECBBFA->328eda30-7a38-4124-8420-4db3824d3ef4@group-C349846DEF79, cid=10, seq=0, Watch-ALL_COMMITTED(6), Message:<EMPTY>, reply=RaftClientReply:client-1BB1B1ECBBFA->328eda30-7a38-4124-8420-4db3824d3ef4@group-C349846DEF79, cid=10, FAILED org.apache.ratis.protocol.NotLeaderException: Server 328eda30-7a38-4124-8420-4db3824d3ef4@group-C349846DEF79 is not the leader cae7164a-c8b0-4e78-9c02-4190bab4d7cb:192.168.34.62:46027, logIndex=0, commits[328eda30-7a38-4124-8420-4db3824d3ef4:c10, 03dd9899-51e5-4f83-b08a-708074177aaf:c4, cae7164a-c8b0-4e78-9c02-4190bab4d7cb:c10]
2019-10-17 07:01:29,188 [EventQueue-ContainerReportForContainerReportHandler] WARN  container.ContainerReportHandler (AbstractContainerReportHandler.java:updateContainerState(145)) - Container #1 is in OPEN state, but the datanode cae7164a-c8b0-4e78-9c02-4190bab4d7cb{ip: 192.168.34.62, host: pr-hdds-1868-lzclr-202649289, networkLocation: /default-rack, certSerialId: null} reports an CLOSED replica.
2019-10-17 07:01:29,392 [EventQueue-ContainerReportForContainerReportHandler] WARN  container.ContainerReportHandler (AbstractContainerReportHandler.java:updateContainerState(145)) - Container #1 is in OPEN state, but the datanode 328eda30-7a38-4124-8420-4db3824d3ef4{ip: 192.168.34.62, host: pr-hdds-1868-lzclr-202649289, networkLocation: /default-rack, certSerialId: null} reports an CLOSED replica.
2019-10-17 07:01:29,488 [EventQueue-ContainerReportForContainerReportHandler] WARN  container.ContainerReportHandler (AbstractContainerReportHandler.java:updateContainerState(145)) - Container #1 is in OPEN state, but the datanode cae7164a-c8b0-4e78-9c02-4190bab4d7cb{ip: 192.168.34.62, host: pr-hdds-1868-lzclr-202649289, networkLocation: /default-rack, certSerialId: null} reports an CLOSED replica.
2019-10-17 07:01:29,591 [EventQueue-ContainerReportForContainerReportHandler] WARN  container.ContainerReportHandler (AbstractContainerReportHandler.java:updateContainerState(145)) - Container #1 is in OPEN state, but the datanode 328eda30-7a38-4124-8420-4db3824d3ef4{ip: 192.168.34.62, host: pr-hdds-1868-lzclr-202649289, networkLocation: /default-rack, certSerialId: null} reports an CLOSED replica.
2019-10-17 07:01:29,720 [BlockDeletingService#2] WARN  background.BlockDeletingService (BlockDeletingService.java:isDeletionAllowed(187)) - Close Container log Index 6 is not replicated across allthe servers in the pipeline 72246393-9d1a-4fd5-982f-c349846def79 as the min replicated index is 4. Deletion is not allowed in this container yet.
2019-10-17 07:01:29,720 [BlockDeletingService#2] WARN  background.BlockDeletingService (BlockDeletingService.java:isDeletionAllowed(187)) - Close Container log Index 6 is not replicated across allthe servers in the pipeline 72246393-9d1a-4fd5-982f-c349846def79 as the min replicated index is 4. Deletion is not allowed in this container yet.
2019-10-17 07:01:29,788 [EventQueue-ContainerReportForContainerReportHandler] WARN  container.ContainerReportHandler (AbstractContainerReportHandler.java:updateContainerState(145)) - Container #1 is in OPEN state, but the datanode cae7164a-c8b0-4e78-9c02-4190bab4d7cb{ip: 192.168.34.62, host: pr-hdds-1868-lzclr-202649289, networkLocation: /default-rack, certSerialId: null} reports an CLOSED replica.
2019-10-17 07:01:29,892 [EventQueue-ContainerReportForContainerReportHandler] WARN  container.ContainerReportHandler (AbstractContainerReportHandler.java:updateContainerState(145)) - Container #1 is in OPEN state, but the datanode 328eda30-7a38-4124-8420-4db3824d3ef4{ip: 192.168.34.62, host: pr-hdds-1868-lzclr-202649289, networkLocation: /default-rack, certSerialId: null} reports an CLOSED replica.
2019-10-17 07:01:29,988 [EventQueue-ContainerReportForContainerReportHandler] WARN  container.ContainerReportHandler (AbstractContainerReportHandler.java:updateContainerState(145)) - Container #1 is in OPEN state, but the datanode cae7164a-c8b0-4e78-9c02-4190bab4d7cb{ip: 192.168.34.62, host: pr-hdds-1868-lzclr-202649289, networkLocation: /default-rack, certSerialId: null} reports an CLOSED replica.
2019-10-17 07:01:30,142 [java.util.concurrent.ThreadPoolExecutor$Worker@69357c50[State = -1, empty queue]] WARN  server.GrpcLogAppender (GrpcLogAppender.java:timeoutAppendRequest(209)) - cae7164a-c8b0-4e78-9c02-4190bab4d7cb@group-C349846DEF79->03dd9899-51e5-4f83-b08a-708074177aaf-GrpcLogAppender: appendEntries Timeout, request=cae7164a-c8b0-4e78-9c02-4190bab4d7cb->03dd9899-51e5-4f83-b08a-708074177aaf#31-t2, previous=(t:2, i:10), leaderCommit=10, initializing? false, entries: <empty>
2019-10-17 07:01:30,287 [EventQueue-ContainerReportForContainerReportHandler] WARN  container.ContainerReportHandler (AbstractContainerReportHandler.java:updateContainerState(145)) - Container #1 is in OPEN state, but the datanode cae7164a-c8b0-4e78-9c02-4190bab4d7cb{ip: 192.168.34.62, host: pr-hdds-1868-lzclr-202649289, networkLocation: /default-rack, certSerialId: null} reports an CLOSED replica.
2019-10-17 07:01:30,293 [EventQueue-ContainerReportForContainerReportHandler] WARN  container.ContainerReportHandler (AbstractContainerReportHandler.java:updateContainerState(145)) - Container #1 is in OPEN state, but the datanode 328eda30-7a38-4124-8420-4db3824d3ef4{ip: 192.168.34.62, host: pr-hdds-1868-lzclr-202649289, networkLocation: /default-rack, certSerialId: null} reports an CLOSED replica.
2019-10-17 07:01:30,588 [EventQueue-ContainerReportForContainerReportHandler] WARN  container.ContainerReportHandler (AbstractContainerReportHandler.java:updateContainerState(145)) - Container #1 is in OPEN state, but the datanode cae7164a-c8b0-4e78-9c02-4190bab4d7cb{ip: 192.168.34.62, host: pr-hdds-1868-lzclr-202649289, networkLocation: /default-rack, certSerialId: null} reports an CLOSED replica.
2019-10-17 07:01:30,593 [EventQueue-ContainerReportForContainerReportHandler] WARN  container.ContainerReportHandler (AbstractContainerReportHandler.java:updateContainerState(145)) - Container #1 is in OPEN state, but the datanode 328eda30-7a38-4124-8420-4db3824d3ef4{ip: 192.168.34.62, host: pr-hdds-1868-lzclr-202649289, networkLocation: /default-rack, certSerialId: null} reports an CLOSED replica.
2019-10-17 07:01:30,724 [BlockDeletingService#2] WARN  background.BlockDeletingService (BlockDeletingService.java:isDeletionAllowed(187)) - Close Container log Index 6 is not replicated across allthe servers in the pipeline 72246393-9d1a-4fd5-982f-c349846def79 as the min replicated index is 4. Deletion is not allowed in this container yet.
2019-10-17 07:01:30,724 [BlockDeletingService#2] WARN  background.BlockDeletingService (BlockDeletingService.java:isDeletionAllowed(187)) - Close Container log Index 6 is not replicated across allthe servers in the pipeline 72246393-9d1a-4fd5-982f-c349846def79 as the min replicated index is 4. Deletion is not allowed in this container yet.
2019-10-17 07:01:30,755 [Thread-377] INFO  client.GrpcClientProtocolService (GrpcClientProtocolService.java:lambda$processClientRequest$0(278)) - Failed RaftClientRequest:client-1BB1B1ECBBFA->cae7164a-c8b0-4e78-9c02-4190bab4d7cb@group-C349846DEF79, cid=10, seq=0, Watch-ALL_COMMITTED(6), Message:<EMPTY>, reply=RaftClientReply:client-1BB1B1ECBBFA->cae7164a-c8b0-4e78-9c02-4190bab4d7cb@group-C349846DEF79, cid=10, FAILED org.apache.ratis.protocol.NotReplicatedException: Request with call Id 10 and log index 6 is not yet replicated to ALL_COMMITTED, logIndex=6, commits[cae7164a-c8b0-4e78-9c02-4190bab4d7cb:c10, 328eda30-7a38-4124-8420-4db3824d3ef4:c10, 03dd9899-51e5-4f83-b08a-708074177aaf:c4]
2019-10-17 07:01:30,888 [EventQueue-ContainerReportForContainerReportHandler] WARN  container.ContainerReportHandler (AbstractContainerReportHandler.java:updateContainerState(145)) - Container #1 is in OPEN state, but the datanode cae7164a-c8b0-4e78-9c02-4190bab4d7cb{ip: 192.168.34.62, host: pr-hdds-1868-lzclr-202649289, networkLocation: /default-rack, certSerialId: null} reports an CLOSED replica.
2019-10-17 07:01:30,894 [EventQueue-ContainerReportForContainerReportHandler] WARN  container.ContainerReportHandler (AbstractContainerReportHandler.java:updateContainerState(145)) - Container #1 is in OPEN state, but the datanode 328eda30-7a38-4124-8420-4db3824d3ef4{ip: 192.168.34.62, host: pr-hdds-1868-lzclr-202649289, networkLocation: /default-rack, certSerialId: null} reports an CLOSED replica.
2019-10-17 07:01:31,089 [EventQueue-ContainerReportForContainerReportHandler] WARN  container.ContainerReportHandler (AbstractContainerReportHandler.java:updateContainerState(145)) - Container #1 is in OPEN state, but the datanode cae7164a-c8b0-4e78-9c02-4190bab4d7cb{ip: 192.168.34.62, host: pr-hdds-1868-lzclr-202649289, networkLocation: /default-rack, certSerialId: null} reports an CLOSED replica.
2019-10-17 07:01:31,194 [EventQueue-ContainerReportForContainerReportHandler] WARN  container.ContainerReportHandler (AbstractContainerReportHandler.java:updateContainerState(145)) - Container #1 is in OPEN state, but the datanode 328eda30-7a38-4124-8420-4db3824d3ef4{ip: 192.168.34.62, host: pr-hdds-1868-lzclr-202649289, networkLocation: /default-rack, certSerialId: null} reports an CLOSED replica.
2019-10-17 07:01:31,396 [EventQueue-ContainerReportForContainerReportHandler] WARN  container.ContainerReportHandler (AbstractContainerReportHandler.java:updateContainerState(145)) - Container #1 is in OPEN state, but the datanode 328eda30-7a38-4124-8420-4db3824d3ef4{ip: 192.168.34.62, host: pr-hdds-1868-lzclr-202649289, networkLocation: /default-rack, certSerialId: null} reports an CLOSED replica.
2019-10-17 07:01:31,502 [EventQueue-ContainerReportForContainerReportHandler] WARN  container.ContainerReportHandler (AbstractContainerReportHandler.java:updateContainerState(145)) - Container #1 is in OPEN state, but the datanode cae7164a-c8b0-4e78-9c02-4190bab4d7cb{ip: 192.168.34.62, host: pr-hdds-1868-lzclr-202649289, networkLocation: /default-rack, certSerialId: null} reports an CLOSED replica.
2019-10-17 07:01:31,702 [EventQueue-ContainerReportForContainerReportHandler] WARN  container.ContainerReportHandler (AbstractContainerReportHandler.java:updateContainerState(145)) - Container #1 is in OPEN state, but the datanode cae7164a-c8b0-4e78-9c02-4190bab4d7cb{ip: 192.168.34.62, host: pr-hdds-1868-lzclr-202649289, networkLocation: /default-rack, certSerialId: null} reports an CLOSED replica.
2019-10-17 07:01:31,726 [BlockDeletingService#2] WARN  background.BlockDeletingService (BlockDeletingService.java:isDeletionAllowed(187)) - Close Container log Index 6 is not replicated across allthe servers in the pipeline 72246393-9d1a-4fd5-982f-c349846def79 as the min replicated index is 4. Deletion is not allowed in this container yet.
2019-10-17 07:01:31,726 [BlockDeletingService#2] WARN  background.BlockDeletingService (BlockDeletingService.java:isDeletionAllowed(187)) - Close Container log Index 6 is not replicated across allthe servers in the pipeline 72246393-9d1a-4fd5-982f-c349846def79 as the min replicated index is 4. Deletion is not allowed in this container yet.
2019-10-17 07:01:31,795 [EventQueue-ContainerReportForContainerReportHandler] WARN  container.ContainerReportHandler (AbstractContainerReportHandler.java:updateContainerState(145)) - Container #1 is in OPEN state, but the datanode 328eda30-7a38-4124-8420-4db3824d3ef4{ip: 192.168.34.62, host: pr-hdds-1868-lzclr-202649289, networkLocation: /default-rack, certSerialId: null} reports an CLOSED replica.
2019-10-17 07:01:32,002 [EventQueue-ContainerReportForContainerReportHandler] WARN  container.ContainerReportHandler (AbstractContainerReportHandler.java:updateContainerState(145)) - Container #1 is in OPEN state, but the datanode cae7164a-c8b0-4e78-9c02-4190bab4d7cb{ip: 192.168.34.62, host: pr-hdds-1868-lzclr-202649289, networkLocation: /default-rack, certSerialId: null} reports an CLOSED replica.
2019-10-17 07:01:32,096 [EventQueue-ContainerReportForContainerReportHandler] WARN  container.ContainerReportHandler (AbstractContainerReportHandler.java:updateContainerState(145)) - Container #1 is in OPEN state, but the datanode 328eda30-7a38-4124-8420-4db3824d3ef4{ip: 192.168.34.62, host: pr-hdds-1868-lzclr-202649289, networkLocation: /default-rack, certSerialId: null} reports an CLOSED replica.
2019-10-17 07:01:32,302 [EventQueue-ContainerReportForContainerReportHandler] WARN  container.ContainerReportHandler (AbstractContainerReportHandler.java:updateContainerState(145)) - Container #1 is in OPEN state, but the datanode cae7164a-c8b0-4e78-9c02-4190bab4d7cb{ip: 192.168.34.62, host: pr-hdds-1868-lzclr-202649289, networkLocation: /default-rack, certSerialId: null} reports an CLOSED replica.
2019-10-17 07:01:32,495 [EventQueue-ContainerReportForContainerReportHandler] WARN  container.ContainerReportHandler (AbstractContainerReportHandler.java:updateContainerState(145)) - Container #1 is in OPEN state, but the datanode 328eda30-7a38-4124-8420-4db3824d3ef4{ip: 192.168.34.62, host: pr-hdds-1868-lzclr-202649289, networkLocation: /default-rack, certSerialId: null} reports an CLOSED replica.
2019-10-17 07:01:32,602 [EventQueue-ContainerReportForContainerReportHandler] WARN  container.ContainerReportHandler (AbstractContainerReportHandler.java:updateContainerState(145)) - Container #1 is in OPEN state, but the datanode cae7164a-c8b0-4e78-9c02-4190bab4d7cb{ip: 192.168.34.62, host: pr-hdds-1868-lzclr-202649289, networkLocation: /default-rack, certSerialId: null} reports an CLOSED replica.
2019-10-17 07:01:32,643 [java.util.concurrent.ThreadPoolExecutor$Worker@69357c50[State = -1, empty queue]] WARN  server.GrpcLogAppender (GrpcLogAppender.java:timeoutAppendRequest(209)) - cae7164a-c8b0-4e78-9c02-4190bab4d7cb@group-C349846DEF79->03dd9899-51e5-4f83-b08a-708074177aaf-GrpcLogAppender: appendEntries Timeout, request=cae7164a-c8b0-4e78-9c02-4190bab4d7cb->03dd9899-51e5-4f83-b08a-708074177aaf#32-t2, previous=(t:2, i:10), leaderCommit=10, initializing? false, entries: <empty>
2019-10-17 07:01:32,695 [EventQueue-ContainerReportForContainerReportHandler] WARN  container.ContainerReportHandler (AbstractContainerReportHandler.java:updateContainerState(145)) - Container #1 is in OPEN state, but the datanode 328eda30-7a38-4124-8420-4db3824d3ef4{ip: 192.168.34.62, host: pr-hdds-1868-lzclr-202649289, networkLocation: /default-rack, certSerialId: null} reports an CLOSED replica.
2019-10-17 07:01:32,733 [BlockDeletingService#2] WARN  background.BlockDeletingService (BlockDeletingService.java:isDeletionAllowed(187)) - Close Container log Index 6 is not replicated across allthe servers in the pipeline 72246393-9d1a-4fd5-982f-c349846def79 as the min replicated index is 4. Deletion is not allowed in this container yet.
2019-10-17 07:01:32,733 [BlockDeletingService#2] WARN  background.BlockDeletingService (BlockDeletingService.java:isDeletionAllowed(187)) - Close Container log Index 6 is not replicated across allthe servers in the pipeline 72246393-9d1a-4fd5-982f-c349846def79 as the min replicated index is 4. Deletion is not allowed in this container yet.
2019-10-17 07:01:32,902 [EventQueue-ContainerReportForContainerReportHandler] WARN  container.ContainerReportHandler (AbstractContainerReportHandler.java:updateContainerState(145)) - Container #1 is in OPEN state, but the datanode cae7164a-c8b0-4e78-9c02-4190bab4d7cb{ip: 192.168.34.62, host: pr-hdds-1868-lzclr-202649289, networkLocation: /default-rack, certSerialId: null} reports an CLOSED replica.
2019-10-17 07:01:33,097 [EventQueue-ContainerReportForContainerReportHandler] WARN  container.ContainerReportHandler (AbstractContainerReportHandler.java:updateContainerState(145)) - Container #1 is in OPEN state, but the datanode 328eda30-7a38-4124-8420-4db3824d3ef4{ip: 192.168.34.62, host: pr-hdds-1868-lzclr-202649289, networkLocation: /default-rack, certSerialId: null} reports an CLOSED replica.
2019-10-17 07:01:33,103 [EventQueue-ContainerReportForContainerReportHandler] WARN  container.ContainerReportHandler (AbstractContainerReportHandler.java:updateContainerState(145)) - Container #1 is in OPEN state, but the datanode cae7164a-c8b0-4e78-9c02-4190bab4d7cb{ip: 192.168.34.62, host: pr-hdds-1868-lzclr-202649289, networkLocation: /default-rack, certSerialId: null} reports an CLOSED replica.
2019-10-17 07:01:33,498 [EventQueue-ContainerReportForContainerReportHandler] WARN  container.ContainerReportHandler (AbstractContainerReportHandler.java:updateContainerState(145)) - Container #1 is in OPEN state, but the datanode 328eda30-7a38-4124-8420-4db3824d3ef4{ip: 192.168.34.62, host: pr-hdds-1868-lzclr-202649289, networkLocation: /default-rack, certSerialId: null} reports an CLOSED replica.
2019-10-17 07:01:33,502 [EventQueue-ContainerReportForContainerReportHandler] WARN  container.ContainerReportHandler (AbstractContainerReportHandler.java:updateContainerState(145)) - Container #1 is in OPEN state, but the datanode cae7164a-c8b0-4e78-9c02-4190bab4d7cb{ip: 192.168.34.62, host: pr-hdds-1868-lzclr-202649289, networkLocation: /default-rack, certSerialId: null} reports an CLOSED replica.
2019-10-17 07:01:33,698 [EventQueue-ContainerReportForContainerReportHandler] WARN  container.ContainerReportHandler (AbstractContainerReportHandler.java:updateContainerState(145)) - Container #1 is in OPEN state, but the datanode 328eda30-7a38-4124-8420-4db3824d3ef4{ip: 192.168.34.62, host: pr-hdds-1868-lzclr-202649289, networkLocation: /default-rack, certSerialId: null} reports an CLOSED replica.
2019-10-17 07:01:33,734 [BlockDeletingService#2] WARN  background.BlockDeletingService (BlockDeletingService.java:isDeletionAllowed(187)) - Close Container log Index 6 is not replicated across allthe servers in the pipeline 72246393-9d1a-4fd5-982f-c349846def79 as the min replicated index is 4. Deletion is not allowed in this container yet.
2019-10-17 07:01:33,734 [BlockDeletingService#2] WARN  background.BlockDeletingService (BlockDeletingService.java:isDeletionAllowed(187)) - Close Container log Index 6 is not replicated across allthe servers in the pipeline 72246393-9d1a-4fd5-982f-c349846def79 as the min replicated index is 4. Deletion is not allowed in this container yet.
2019-10-17 07:01:33,904 [EventQueue-ContainerReportForContainerReportHandler] WARN  container.ContainerReportHandler (AbstractContainerReportHandler.java:updateContainerState(145)) - Container #1 is in OPEN state, but the datanode cae7164a-c8b0-4e78-9c02-4190bab4d7cb{ip: 192.168.34.62, host: pr-hdds-1868-lzclr-202649289, networkLocation: /default-rack, certSerialId: null} reports an CLOSED replica.
2019-10-17 07:01:33,999 [EventQueue-ContainerReportForContainerReportHandler] WARN  container.ContainerReportHandler (AbstractContainerReportHandler.java:updateContainerState(145)) - Container #1 is in OPEN state, but the datanode 328eda30-7a38-4124-8420-4db3824d3ef4{ip: 192.168.34.62, host: pr-hdds-1868-lzclr-202649289, networkLocation: /default-rack, certSerialId: null} reports an CLOSED replica.
2019-10-17 07:01:34,298 [EventQueue-ContainerReportForContainerReportHandler] WARN  container.ContainerReportHandler (AbstractContainerReportHandler.java:updateContainerState(145)) - Container #1 is in OPEN state, but the datanode 328eda30-7a38-4124-8420-4db3824d3ef4{ip: 192.168.34.62, host: pr-hdds-1868-lzclr-202649289, networkLocation: /default-rack, certSerialId: null} reports an CLOSED replica.
2019-10-17 07:01:34,305 [EventQueue-ContainerReportForContainerReportHandler] WARN  container.ContainerReportHandler (AbstractContainerReportHandler.java:updateContainerState(145)) - Container #1 is in OPEN state, but the datanode cae7164a-c8b0-4e78-9c02-4190bab4d7cb{ip: 192.168.34.62, host: pr-hdds-1868-lzclr-202649289, networkLocation: /default-rack, certSerialId: null} reports an CLOSED replica.
2019-10-17 07:01:34,605 [EventQueue-ContainerReportForContainerReportHandler] WARN  container.ContainerReportHandler (AbstractContainerReportHandler.java:updateContainerState(145)) - Container #1 is in OPEN state, but the datanode cae7164a-c8b0-4e78-9c02-4190bab4d7cb{ip: 192.168.34.62, host: pr-hdds-1868-lzclr-202649289, networkLocation: /default-rack, certSerialId: null} reports an CLOSED replica.
2019-10-17 07:01:34,699 [EventQueue-ContainerReportForContainerReportHandler] WARN  container.ContainerReportHandler (AbstractContainerReportHandler.java:updateContainerState(145)) - Container #1 is in OPEN state, but the datanode 328eda30-7a38-4124-8420-4db3824d3ef4{ip: 192.168.34.62, host: pr-hdds-1868-lzclr-202649289, networkLocation: /default-rack, certSerialId: null} reports an CLOSED replica.
2019-10-17 07:01:34,735 [BlockDeletingService#2] WARN  background.BlockDeletingService (BlockDeletingService.java:isDeletionAllowed(187)) - Close Container log Index 6 is not replicated across allthe servers in the pipeline 72246393-9d1a-4fd5-982f-c349846def79 as the min replicated index is 4. Deletion is not allowed in this container yet.
2019-10-17 07:01:34,735 [BlockDeletingService#2] WARN  background.BlockDeletingService (BlockDeletingService.java:isDeletionAllowed(187)) - Close Container log Index 6 is not replicated across allthe servers in the pipeline 72246393-9d1a-4fd5-982f-c349846def79 as the min replicated index is 4. Deletion is not allowed in this container yet.
2019-10-17 07:01:34,806 [EventQueue-ContainerReportForContainerReportHandler] WARN  container.ContainerReportHandler (AbstractContainerReportHandler.java:updateContainerState(145)) - Container #1 is in OPEN state, but the datanode cae7164a-c8b0-4e78-9c02-4190bab4d7cb{ip: 192.168.34.62, host: pr-hdds-1868-lzclr-202649289, networkLocation: /default-rack, certSerialId: null} reports an CLOSED replica.
2019-10-17 07:01:35,001 [EventQueue-ContainerReportForContainerReportHandler] WARN  container.ContainerReportHandler (AbstractContainerReportHandler.java:updateContainerState(145)) - Container #1 is in OPEN state, but the datanode 328eda30-7a38-4124-8420-4db3824d3ef4{ip: 192.168.34.62, host: pr-hdds-1868-lzclr-202649289, networkLocation: /default-rack, certSerialId: null} reports an CLOSED replica.
2019-10-17 07:01:35,106 [EventQueue-ContainerReportForContainerReportHandler] WARN  container.ContainerReportHandler (AbstractContainerReportHandler.java:updateContainerState(145)) - Container #1 is in OPEN state, but the datanode cae7164a-c8b0-4e78-9c02-4190bab4d7cb{ip: 192.168.34.62, host: pr-hdds-1868-lzclr-202649289, networkLocation: /default-rack, certSerialId: null} reports an CLOSED replica.
2019-10-17 07:01:35,145 [java.util.concurrent.ThreadPoolExecutor$Worker@69357c50[State = -1, empty queue]] WARN  server.GrpcLogAppender (GrpcLogAppender.java:timeoutAppendRequest(209)) - cae7164a-c8b0-4e78-9c02-4190bab4d7cb@group-C349846DEF79->03dd9899-51e5-4f83-b08a-708074177aaf-GrpcLogAppender: appendEntries Timeout, request=cae7164a-c8b0-4e78-9c02-4190bab4d7cb->03dd9899-51e5-4f83-b08a-708074177aaf#33-t2, previous=(t:2, i:10), leaderCommit=10, initializing? false, entries: <empty>
2019-10-17 07:01:35,299 [EventQueue-ContainerReportForContainerReportHandler] WARN  container.ContainerReportHandler (AbstractContainerReportHandler.java:updateContainerState(145)) - Container #1 is in OPEN state, but the datanode 328eda30-7a38-4124-8420-4db3824d3ef4{ip: 192.168.34.62, host: pr-hdds-1868-lzclr-202649289, networkLocation: /default-rack, certSerialId: null} reports an CLOSED replica.
2019-10-17 07:01:35,307 [EventQueue-ContainerReportForContainerReportHandler] WARN  container.ContainerReportHandler (AbstractContainerReportHandler.java:updateContainerState(145)) - Container #1 is in OPEN state, but the datanode cae7164a-c8b0-4e78-9c02-4190bab4d7cb{ip: 192.168.34.62, host: pr-hdds-1868-lzclr-202649289, networkLocation: /default-rack, certSerialId: null} reports an CLOSED replica.
2019-10-17 07:01:35,606 [EventQueue-ContainerReportForContainerReportHandler] WARN  container.ContainerReportHandler (AbstractContainerReportHandler.java:updateContainerState(145)) - Container #1 is in OPEN state, but the datanode cae7164a-c8b0-4e78-9c02-4190bab4d7cb{ip: 192.168.34.62, host: pr-hdds-1868-lzclr-202649289, networkLocation: /default-rack, certSerialId: null} reports an CLOSED replica.
2019-10-17 07:01:35,701 [EventQueue-ContainerReportForContainerReportHandler] WARN  container.ContainerReportHandler (AbstractContainerReportHandler.java:updateContainerState(145)) - Container #1 is in OPEN state, but the datanode 328eda30-7a38-4124-8420-4db3824d3ef4{ip: 192.168.34.62, host: pr-hdds-1868-lzclr-202649289, networkLocation: /default-rack, certSerialId: null} reports an CLOSED replica.
2019-10-17 07:01:35,737 [BlockDeletingService#2] WARN  background.BlockDeletingService (BlockDeletingService.java:isDeletionAllowed(187)) - Close Container log Index 6 is not replicated across allthe servers in the pipeline 72246393-9d1a-4fd5-982f-c349846def79 as the min replicated index is 4. Deletion is not allowed in this container yet.
2019-10-17 07:01:35,737 [BlockDeletingService#2] WARN  background.BlockDeletingService (BlockDeletingService.java:isDeletionAllowed(187)) - Close Container log Index 6 is not replicated across allthe servers in the pipeline 72246393-9d1a-4fd5-982f-c349846def79 as the min replicated index is 4. Deletion is not allowed in this container yet.
2019-10-17 07:01:35,807 [EventQueue-ContainerReportForContainerReportHandler] WARN  container.ContainerReportHandler (AbstractContainerReportHandler.java:updateContainerState(145)) - Container #1 is in OPEN state, but the datanode cae7164a-c8b0-4e78-9c02-4190bab4d7cb{ip: 192.168.34.62, host: pr-hdds-1868-lzclr-202649289, networkLocation: /default-rack, certSerialId: null} reports an CLOSED replica.
2019-10-17 07:01:36,000 [EventQueue-ContainerReportForContainerReportHandler] WARN  container.ContainerReportHandler (AbstractContainerReportHandler.java:updateContainerState(145)) - Container #1 is in OPEN state, but the datanode 328eda30-7a38-4124-8420-4db3824d3ef4{ip: 192.168.34.62, host: pr-hdds-1868-lzclr-202649289, networkLocation: /default-rack, certSerialId: null} reports an CLOSED replica.
2019-10-17 07:01:36,107 [EventQueue-ContainerReportForContainerReportHandler] WARN  container.ContainerReportHandler (AbstractContainerReportHandler.java:updateContainerState(145)) - Container #1 is in OPEN state, but the datanode cae7164a-c8b0-4e78-9c02-4190bab4d7cb{ip: 192.168.34.62, host: pr-hdds-1868-lzclr-202649289, networkLocation: /default-rack, certSerialId: null} reports an CLOSED replica.
2019-10-17 07:01:36,300 [EventQueue-ContainerReportForContainerReportHandler] WARN  container.ContainerReportHandler (AbstractContainerReportHandler.java:updateContainerState(145)) - Container #1 is in OPEN state, but the datanode 328eda30-7a38-4124-8420-4db3824d3ef4{ip: 192.168.34.62, host: pr-hdds-1868-lzclr-202649289, networkLocation: /default-rack, certSerialId: null} reports an CLOSED replica.
2019-10-17 07:01:36,407 [EventQueue-ContainerReportForContainerReportHandler] WARN  container.ContainerReportHandler (AbstractContainerReportHandler.java:updateContainerState(145)) - Container #1 is in OPEN state, but the datanode cae7164a-c8b0-4e78-9c02-4190bab4d7cb{ip: 192.168.34.62, host: pr-hdds-1868-lzclr-202649289, networkLocation: /default-rack, certSerialId: null} reports an CLOSED replica.
2019-10-17 07:01:36,600 [EventQueue-ContainerReportForContainerReportHandler] WARN  container.ContainerReportHandler (AbstractContainerReportHandler.java:updateContainerState(145)) - Container #1 is in OPEN state, but the datanode 328eda30-7a38-4124-8420-4db3824d3ef4{ip: 192.168.34.62, host: pr-hdds-1868-lzclr-202649289, networkLocation: /default-rack, certSerialId: null} reports an CLOSED replica.
2019-10-17 07:01:36,739 [BlockDeletingService#2] WARN  background.BlockDeletingService (BlockDeletingService.java:isDeletionAllowed(187)) - Close Container log Index 6 is not replicated across allthe servers in the pipeline 72246393-9d1a-4fd5-982f-c349846def79 as the min replicated index is 4. Deletion is not allowed in this container yet.
2019-10-17 07:01:36,739 [BlockDeletingService#2] WARN  background.BlockDeletingService (BlockDeletingService.java:isDeletionAllowed(187)) - Close Container log Index 6 is not replicated across allthe servers in the pipeline 72246393-9d1a-4fd5-982f-c349846def79 as the min replicated index is 4. Deletion is not allowed in this container yet.
2019-10-17 07:01:36,801 [EventQueue-ContainerReportForContainerReportHandler] WARN  container.ContainerReportHandler (AbstractContainerReportHandler.java:updateContainerState(145)) - Container #1 is in OPEN state, but the datanode 328eda30-7a38-4124-8420-4db3824d3ef4{ip: 192.168.34.62, host: pr-hdds-1868-lzclr-202649289, networkLocation: /default-rack, certSerialId: null} reports an CLOSED replica.
2019-10-17 07:01:36,807 [EventQueue-ContainerReportForContainerReportHandler] WARN  container.ContainerReportHandler (AbstractContainerReportHandler.java:updateContainerState(145)) - Container #1 is in OPEN state, but the datanode cae7164a-c8b0-4e78-9c02-4190bab4d7cb{ip: 192.168.34.62, host: pr-hdds-1868-lzclr-202649289, networkLocation: /default-rack, certSerialId: null} reports an CLOSED replica.
2019-10-17 07:01:37,008 [EventQueue-ContainerReportForContainerReportHandler] WARN  container.ContainerReportHandler (AbstractContainerReportHandler.java:updateContainerState(145)) - Container #1 is in OPEN state, but the datanode cae7164a-c8b0-4e78-9c02-4190bab4d7cb{ip: 192.168.34.62, host: pr-hdds-1868-lzclr-202649289, networkLocation: /default-rack, certSerialId: null} reports an CLOSED replica.
2019-10-17 07:01:37,100 [EventQueue-ContainerReportForContainerReportHandler] WARN  container.ContainerReportHandler (AbstractContainerReportHandler.java:updateContainerState(145)) - Container #1 is in OPEN state, but the datanode 328eda30-7a38-4124-8420-4db3824d3ef4{ip: 192.168.34.62, host: pr-hdds-1868-lzclr-202649289, networkLocation: /default-rack, certSerialId: null} reports an CLOSED replica.
2019-10-17 07:01:37,300 [EventQueue-ContainerReportForContainerReportHandler] WARN  container.ContainerReportHandler (AbstractContainerReportHandler.java:updateContainerState(145)) - Container #1 is in OPEN state, but the datanode 328eda30-7a38-4124-8420-4db3824d3ef4{ip: 192.168.34.62, host: pr-hdds-1868-lzclr-202649289, networkLocation: /default-rack, certSerialId: null} reports an CLOSED replica.
2019-10-17 07:01:37,309 [EventQueue-ContainerReportForContainerReportHandler] WARN  container.ContainerReportHandler (AbstractContainerReportHandler.java:updateContainerState(145)) - Container #1 is in OPEN state, but the datanode cae7164a-c8b0-4e78-9c02-4190bab4d7cb{ip: 192.168.34.62, host: pr-hdds-1868-lzclr-202649289, networkLocation: /default-rack, certSerialId: null} reports an CLOSED replica.
2019-10-17 07:01:37,601 [EventQueue-ContainerReportForContainerReportHandler] WARN  container.ContainerReportHandler (AbstractContainerReportHandler.java:updateContainerState(145)) - Container #1 is in OPEN state, but the datanode 328eda30-7a38-4124-8420-4db3824d3ef4{ip: 192.168.34.62, host: pr-hdds-1868-lzclr-202649289, networkLocation: /default-rack, certSerialId: null} reports an CLOSED replica.
2019-10-17 07:01:37,608 [EventQueue-ContainerReportForContainerReportHandler] WARN  container.ContainerReportHandler (AbstractContainerReportHandler.java:updateContainerState(145)) - Container #1 is in OPEN state, but the datanode cae7164a-c8b0-4e78-9c02-4190bab4d7cb{ip: 192.168.34.62, host: pr-hdds-1868-lzclr-202649289, networkLocation: /default-rack, certSerialId: null} reports an CLOSED replica.
2019-10-17 07:01:37,647 [java.util.concurrent.ThreadPoolExecutor$Worker@69357c50[State = -1, empty queue]] WARN  server.GrpcLogAppender (GrpcLogAppender.java:timeoutAppendRequest(209)) - cae7164a-c8b0-4e78-9c02-4190bab4d7cb@group-C349846DEF79->03dd9899-51e5-4f83-b08a-708074177aaf-GrpcLogAppender: appendEntries Timeout, request=cae7164a-c8b0-4e78-9c02-4190bab4d7cb->03dd9899-51e5-4f83-b08a-708074177aaf#34-t2, previous=(t:2, i:10), leaderCommit=10, initializing? false, entries: <empty>
2019-10-17 07:01:37,740 [BlockDeletingService#2] WARN  background.BlockDeletingService (BlockDeletingService.java:isDeletionAllowed(187)) - Close Container log Index 6 is not replicated across allthe servers in the pipeline 72246393-9d1a-4fd5-982f-c349846def79 as the min replicated index is 4. Deletion is not allowed in this container yet.
2019-10-17 07:01:37,740 [BlockDeletingService#2] WARN  background.BlockDeletingService (BlockDeletingService.java:isDeletionAllowed(187)) - Close Container log Index 6 is not replicated across allthe servers in the pipeline 72246393-9d1a-4fd5-982f-c349846def79 as the min replicated index is 4. Deletion is not allowed in this container yet.
2019-10-17 07:01:37,809 [EventQueue-ContainerReportForContainerReportHandler] WARN  container.ContainerReportHandler (AbstractContainerReportHandler.java:updateContainerState(145)) - Container #1 is in OPEN state, but the datanode cae7164a-c8b0-4e78-9c02-4190bab4d7cb{ip: 192.168.34.62, host: pr-hdds-1868-lzclr-202649289, networkLocation: /default-rack, certSerialId: null} reports an CLOSED replica.
2019-10-17 07:01:37,901 [EventQueue-ContainerReportForContainerReportHandler] WARN  container.ContainerReportHandler (AbstractContainerReportHandler.java:updateContainerState(145)) - Container #1 is in OPEN state, but the datanode 328eda30-7a38-4124-8420-4db3824d3ef4{ip: 192.168.34.62, host: pr-hdds-1868-lzclr-202649289, networkLocation: /default-rack, certSerialId: null} reports an CLOSED replica.
2019-10-17 07:01:38,108 [EventQueue-ContainerReportForContainerReportHandler] WARN  container.ContainerReportHandler (AbstractContainerReportHandler.java:updateContainerState(145)) - Container #1 is in OPEN state, but the datanode cae7164a-c8b0-4e78-9c02-4190bab4d7cb{ip: 192.168.34.62, host: pr-hdds-1868-lzclr-202649289, networkLocation: /default-rack, certSerialId: null} reports an CLOSED replica.
2019-10-17 07:01:38,201 [EventQueue-ContainerReportForContainerReportHandler] WARN  container.ContainerReportHandler (AbstractContainerReportHandler.java:updateContainerState(145)) - Container #1 is in OPEN state, but the datanode 328eda30-7a38-4124-8420-4db3824d3ef4{ip: 192.168.34.62, host: pr-hdds-1868-lzclr-202649289, networkLocation: /default-rack, certSerialId: null} reports an CLOSED replica.
2019-10-17 07:01:38,309 [EventQueue-ContainerReportForContainerReportHandler] WARN  container.ContainerReportHandler (AbstractContainerReportHandler.java:updateContainerState(145)) - Container #1 is in OPEN state, but the datanode cae7164a-c8b0-4e78-9c02-4190bab4d7cb{ip: 192.168.34.62, host: pr-hdds-1868-lzclr-202649289, networkLocation: /default-rack, certSerialId: null} reports an CLOSED replica.
2019-10-17 07:01:38,601 [EventQueue-ContainerReportForContainerReportHandler] WARN  container.ContainerReportHandler (AbstractContainerReportHandler.java:updateContainerState(145)) - Container #1 is in OPEN state, but the datanode 328eda30-7a38-4124-8420-4db3824d3ef4{ip: 192.168.34.62, host: pr-hdds-1868-lzclr-202649289, networkLocation: /default-rack, certSerialId: null} reports an CLOSED replica.
2019-10-17 07:01:38,609 [EventQueue-ContainerReportForContainerReportHandler] WARN  container.ContainerReportHandler (AbstractContainerReportHandler.java:updateContainerState(145)) - Container #1 is in OPEN state, but the datanode cae7164a-c8b0-4e78-9c02-4190bab4d7cb{ip: 192.168.34.62, host: pr-hdds-1868-lzclr-202649289, networkLocation: /default-rack, certSerialId: null} reports an CLOSED replica.
2019-10-17 07:01:38,742 [BlockDeletingService#2] WARN  background.BlockDeletingService (BlockDeletingService.java:isDeletionAllowed(187)) - Close Container log Index 6 is not replicated across allthe servers in the pipeline 72246393-9d1a-4fd5-982f-c349846def79 as the min replicated index is 4. Deletion is not allowed in this container yet.
2019-10-17 07:01:38,742 [BlockDeletingService#2] WARN  background.BlockDeletingService (BlockDeletingService.java:isDeletionAllowed(187)) - Close Container log Index 6 is not replicated across allthe servers in the pipeline 72246393-9d1a-4fd5-982f-c349846def79 as the min replicated index is 4. Deletion is not allowed in this container yet.
2019-10-17 07:01:38,800 [EventQueue-ContainerReportForContainerReportHandler] WARN  container.ContainerReportHandler (AbstractContainerReportHandler.java:updateContainerState(145)) - Container #1 is in OPEN state, but the datanode 328eda30-7a38-4124-8420-4db3824d3ef4{ip: 192.168.34.62, host: pr-hdds-1868-lzclr-202649289, networkLocation: /default-rack, certSerialId: null} reports an CLOSED replica.
2019-10-17 07:01:38,910 [EventQueue-ContainerReportForContainerReportHandler] WARN  container.ContainerReportHandler (AbstractContainerReportHandler.java:updateContainerState(145)) - Container #1 is in OPEN state, but the datanode cae7164a-c8b0-4e78-9c02-4190bab4d7cb{ip: 192.168.34.62, host: pr-hdds-1868-lzclr-202649289, networkLocation: /default-rack, certSerialId: null} reports an CLOSED replica.
2019-10-17 07:01:39,200 [EventQueue-ContainerReportForContainerReportHandler] WARN  container.ContainerReportHandler (AbstractContainerReportHandler.java:updateContainerState(145)) - Container #1 is in OPEN state, but the datanode 328eda30-7a38-4124-8420-4db3824d3ef4{ip: 192.168.34.62, host: pr-hdds-1868-lzclr-202649289, networkLocation: /default-rack, certSerialId: null} reports an CLOSED replica.
2019-10-17 07:01:39,209 [EventQueue-ContainerReportForContainerReportHandler] WARN  container.ContainerReportHandler (AbstractContainerReportHandler.java:updateContainerState(145)) - Container #1 is in OPEN state, but the datanode cae7164a-c8b0-4e78-9c02-4190bab4d7cb{ip: 192.168.34.62, host: pr-hdds-1868-lzclr-202649289, networkLocation: /default-rack, certSerialId: null} reports an CLOSED replica.
2019-10-17 07:01:39,218 [Thread-401] INFO  client.GrpcClientProtocolService (GrpcClientProtocolService.java:lambda$processClientRequest$0(278)) - Failed RaftClientRequest:client-1BB1B1ECBBFA->328eda30-7a38-4124-8420-4db3824d3ef4@group-C349846DEF79, cid=10, seq=0, Watch-ALL_COMMITTED(6), Message:<EMPTY>, reply=RaftClientReply:client-1BB1B1ECBBFA->328eda30-7a38-4124-8420-4db3824d3ef4@group-C349846DEF79, cid=10, FAILED org.apache.ratis.protocol.NotLeaderException: Server 328eda30-7a38-4124-8420-4db3824d3ef4@group-C349846DEF79 is not the leader cae7164a-c8b0-4e78-9c02-4190bab4d7cb:192.168.34.62:46027, logIndex=0, commits[328eda30-7a38-4124-8420-4db3824d3ef4:c10, 03dd9899-51e5-4f83-b08a-708074177aaf:c4, cae7164a-c8b0-4e78-9c02-4190bab4d7cb:c10]
2019-10-17 07:01:39,500 [EventQueue-ContainerReportForContainerReportHandler] WARN  container.ContainerReportHandler (AbstractContainerReportHandler.java:updateContainerState(145)) - Container #1 is in OPEN state, but the datanode 328eda30-7a38-4124-8420-4db3824d3ef4{ip: 192.168.34.62, host: pr-hdds-1868-lzclr-202649289, networkLocation: /default-rack, certSerialId: null} reports an CLOSED replica.
2019-10-17 07:01:39,609 [EventQueue-ContainerReportForContainerReportHandler] WARN  container.ContainerReportHandler (AbstractContainerReportHandler.java:updateContainerState(145)) - Container #1 is in OPEN state, but the datanode cae7164a-c8b0-4e78-9c02-4190bab4d7cb{ip: 192.168.34.62, host: pr-hdds-1868-lzclr-202649289, networkLocation: /default-rack, certSerialId: null} reports an CLOSED replica.
2019-10-17 07:01:39,743 [BlockDeletingService#2] WARN  background.BlockDeletingService (BlockDeletingService.java:isDeletionAllowed(187)) - Close Container log Index 6 is not replicated across allthe servers in the pipeline 72246393-9d1a-4fd5-982f-c349846def79 as the min replicated index is 4. Deletion is not allowed in this container yet.
2019-10-17 07:01:39,743 [BlockDeletingService#2] WARN  background.BlockDeletingService (BlockDeletingService.java:isDeletionAllowed(187)) - Close Container log Index 6 is not replicated across allthe servers in the pipeline 72246393-9d1a-4fd5-982f-c349846def79 as the min replicated index is 4. Deletion is not allowed in this container yet.
2019-10-17 07:01:39,755 [Thread-407] INFO  client.GrpcClientProtocolService (GrpcClientProtocolService.java:lambda$processClientRequest$0(278)) - Failed RaftClientRequest:client-1BB1B1ECBBFA->cae7164a-c8b0-4e78-9c02-4190bab4d7cb@group-C349846DEF79, cid=10, seq=0, Watch-ALL_COMMITTED(6), Message:<EMPTY>, reply=RaftClientReply:client-1BB1B1ECBBFA->cae7164a-c8b0-4e78-9c02-4190bab4d7cb@group-C349846DEF79, cid=10, FAILED org.apache.ratis.protocol.NotReplicatedException: Request with call Id 10 and log index 6 is not yet replicated to ALL_COMMITTED, logIndex=6, commits[cae7164a-c8b0-4e78-9c02-4190bab4d7cb:c10, 328eda30-7a38-4124-8420-4db3824d3ef4:c10, 03dd9899-51e5-4f83-b08a-708074177aaf:c4]
2019-10-17 07:01:39,809 [EventQueue-ContainerReportForContainerReportHandler] WARN  container.ContainerReportHandler (AbstractContainerReportHandler.java:updateContainerState(145)) - Container #1 is in OPEN state, but the datanode cae7164a-c8b0-4e78-9c02-4190bab4d7cb{ip: 192.168.34.62, host: pr-hdds-1868-lzclr-202649289, networkLocation: /default-rack, certSerialId: null} reports an CLOSED replica.
2019-10-17 07:01:39,901 [EventQueue-ContainerReportForContainerReportHandler] WARN  container.ContainerReportHandler (AbstractContainerReportHandler.java:updateContainerState(145)) - Container #1 is in OPEN state, but the datanode 328eda30-7a38-4124-8420-4db3824d3ef4{ip: 192.168.34.62, host: pr-hdds-1868-lzclr-202649289, networkLocation: /default-rack, certSerialId: null} reports an CLOSED replica.
2019-10-17 07:01:40,010 [EventQueue-ContainerReportForContainerReportHandler] WARN  container.ContainerReportHandler (AbstractContainerReportHandler.java:updateContainerState(145)) - Container #1 is in OPEN state, but the datanode cae7164a-c8b0-4e78-9c02-4190bab4d7cb{ip: 192.168.34.62, host: pr-hdds-1868-lzclr-202649289, networkLocation: /default-rack, certSerialId: null} reports an CLOSED replica.
2019-10-17 07:01:40,148 [java.util.concurrent.ThreadPoolExecutor$Worker@69357c50[State = -1, empty queue]] WARN  server.GrpcLogAppender (GrpcLogAppender.java:timeoutAppendRequest(209)) - cae7164a-c8b0-4e78-9c02-4190bab4d7cb@group-C349846DEF79->03dd9899-51e5-4f83-b08a-708074177aaf-GrpcLogAppender: appendEntries Timeout, request=cae7164a-c8b0-4e78-9c02-4190bab4d7cb->03dd9899-51e5-4f83-b08a-708074177aaf#35-t2, previous=(t:2, i:10), leaderCommit=10, initializing? false, entries: <empty>
2019-10-17 07:01:40,201 [EventQueue-ContainerReportForContainerReportHandler] WARN  container.ContainerReportHandler (AbstractContainerReportHandler.java:updateContainerState(145)) - Container #1 is in OPEN state, but the datanode 328eda30-7a38-4124-8420-4db3824d3ef4{ip: 192.168.34.62, host: pr-hdds-1868-lzclr-202649289, networkLocation: /default-rack, certSerialId: null} reports an CLOSED replica.
2019-10-17 07:01:40,310 [EventQueue-ContainerReportForContainerReportHandler] WARN  container.ContainerReportHandler (AbstractContainerReportHandler.java:updateContainerState(145)) - Container #1 is in OPEN state, but the datanode cae7164a-c8b0-4e78-9c02-4190bab4d7cb{ip: 192.168.34.62, host: pr-hdds-1868-lzclr-202649289, networkLocation: /default-rack, certSerialId: null} reports an CLOSED replica.
2019-10-17 07:01:40,501 [EventQueue-ContainerReportForContainerReportHandler] WARN  container.ContainerReportHandler (AbstractContainerReportHandler.java:updateContainerState(145)) - Container #1 is in OPEN state, but the datanode 328eda30-7a38-4124-8420-4db3824d3ef4{ip: 192.168.34.62, host: pr-hdds-1868-lzclr-202649289, networkLocation: /default-rack, certSerialId: null} reports an CLOSED replica.
2019-10-17 07:01:40,711 [EventQueue-ContainerReportForContainerReportHandler] WARN  container.ContainerReportHandler (AbstractContainerReportHandler.java:updateContainerState(145)) - Container #1 is in OPEN state, but the datanode cae7164a-c8b0-4e78-9c02-4190bab4d7cb{ip: 192.168.34.62, host: pr-hdds-1868-lzclr-202649289, networkLocation: /default-rack, certSerialId: null} reports an CLOSED replica.
2019-10-17 07:01:40,746 [BlockDeletingService#2] WARN  background.BlockDeletingService (BlockDeletingService.java:isDeletionAllowed(187)) - Close Container log Index 6 is not replicated across allthe servers in the pipeline 72246393-9d1a-4fd5-982f-c349846def79 as the min replicated index is 4. Deletion is not allowed in this container yet.
2019-10-17 07:01:40,746 [BlockDeletingService#2] WARN  background.BlockDeletingService (BlockDeletingService.java:isDeletionAllowed(187)) - Close Container log Index 6 is not replicated across allthe servers in the pipeline 72246393-9d1a-4fd5-982f-c349846def79 as the min replicated index is 4. Deletion is not allowed in this container yet.
2019-10-17 07:01:40,801 [EventQueue-ContainerReportForContainerReportHandler] WARN  container.ContainerReportHandler (AbstractContainerReportHandler.java:updateContainerState(145)) - Container #1 is in OPEN state, but the datanode 328eda30-7a38-4124-8420-4db3824d3ef4{ip: 192.168.34.62, host: pr-hdds-1868-lzclr-202649289, networkLocation: /default-rack, certSerialId: null} reports an CLOSED replica.
2019-10-17 07:01:41,010 [EventQueue-ContainerReportForContainerReportHandler] WARN  container.ContainerReportHandler (AbstractContainerReportHandler.java:updateContainerState(145)) - Container #1 is in OPEN state, but the datanode cae7164a-c8b0-4e78-9c02-4190bab4d7cb{ip: 192.168.34.62, host: pr-hdds-1868-lzclr-202649289, networkLocation: /default-rack, certSerialId: null} reports an CLOSED replica.
2019-10-17 07:01:41,102 [EventQueue-ContainerReportForContainerReportHandler] WARN  container.ContainerReportHandler (AbstractContainerReportHandler.java:updateContainerState(145)) - Container #1 is in OPEN state, but the datanode 328eda30-7a38-4124-8420-4db3824d3ef4{ip: 192.168.34.62, host: pr-hdds-1868-lzclr-202649289, networkLocation: /default-rack, certSerialId: null} reports an CLOSED replica.
2019-10-17 07:01:41,304 [EventQueue-ContainerReportForContainerReportHandler] WARN  container.ContainerReportHandler (AbstractContainerReportHandler.java:updateContainerState(145)) - Container #1 is in OPEN state, but the datanode 328eda30-7a38-4124-8420-4db3824d3ef4{ip: 192.168.34.62, host: pr-hdds-1868-lzclr-202649289, networkLocation: /default-rack, certSerialId: null} reports an CLOSED replica.
2019-10-17 07:01:41,310 [EventQueue-ContainerReportForContainerReportHandler] WARN  container.ContainerReportHandler (AbstractContainerReportHandler.java:updateContainerState(145)) - Container #1 is in OPEN state, but the datanode cae7164a-c8b0-4e78-9c02-4190bab4d7cb{ip: 192.168.34.62, host: pr-hdds-1868-lzclr-202649289, networkLocation: /default-rack, certSerialId: null} reports an CLOSED replica.
2019-10-17 07:01:41,512 [EventQueue-ContainerReportForContainerReportHandler] WARN  container.ContainerReportHandler (AbstractContainerReportHandler.java:updateContainerState(145)) - Container #1 is in OPEN state, but the datanode cae7164a-c8b0-4e78-9c02-4190bab4d7cb{ip: 192.168.34.62, host: pr-hdds-1868-lzclr-202649289, networkLocation: /default-rack, certSerialId: null} reports an CLOSED replica.
2019-10-17 07:01:41,706 [EventQueue-ContainerReportForContainerReportHandler] WARN  container.ContainerReportHandler (AbstractContainerReportHandler.java:updateContainerState(145)) - Container #1 is in OPEN state, but the datanode 328eda30-7a38-4124-8420-4db3824d3ef4{ip: 192.168.34.62, host: pr-hdds-1868-lzclr-202649289, networkLocation: /default-rack, certSerialId: null} reports an CLOSED replica.
2019-10-17 07:01:41,747 [BlockDeletingService#2] WARN  background.BlockDeletingService (BlockDeletingService.java:isDeletionAllowed(187)) - Close Container log Index 6 is not replicated across allthe servers in the pipeline 72246393-9d1a-4fd5-982f-c349846def79 as the min replicated index is 4. Deletion is not allowed in this container yet.
2019-10-17 07:01:41,748 [BlockDeletingService#2] WARN  background.BlockDeletingService (BlockDeletingService.java:isDeletionAllowed(187)) - Close Container log Index 6 is not replicated across allthe servers in the pipeline 72246393-9d1a-4fd5-982f-c349846def79 as the min replicated index is 4. Deletion is not allowed in this container yet.
2019-10-17 07:01:41,912 [EventQueue-ContainerReportForContainerReportHandler] WARN  container.ContainerReportHandler (AbstractContainerReportHandler.java:updateContainerState(145)) - Container #1 is in OPEN state, but the datanode cae7164a-c8b0-4e78-9c02-4190bab4d7cb{ip: 192.168.34.62, host: pr-hdds-1868-lzclr-202649289, networkLocation: /default-rack, certSerialId: null} reports an CLOSED replica.
2019-10-17 07:01:42,005 [EventQueue-ContainerReportForContainerReportHandler] WARN  container.ContainerReportHandler (AbstractContainerReportHandler.java:updateContainerState(145)) - Container #1 is in OPEN state, but the datanode 328eda30-7a38-4124-8420-4db3824d3ef4{ip: 192.168.34.62, host: pr-hdds-1868-lzclr-202649289, networkLocation: /default-rack, certSerialId: null} reports an CLOSED replica.
2019-10-17 07:01:42,212 [EventQueue-ContainerReportForContainerReportHandler] WARN  container.ContainerReportHandler (AbstractContainerReportHandler.java:updateContainerState(145)) - Container #1 is in OPEN state, but the datanode cae7164a-c8b0-4e78-9c02-4190bab4d7cb{ip: 192.168.34.62, host: pr-hdds-1868-lzclr-202649289, networkLocation: /default-rack, certSerialId: null} reports an CLOSED replica.
2019-10-17 07:01:42,305 [EventQueue-ContainerReportForContainerReportHandler] WARN  container.ContainerReportHandler (AbstractContainerReportHandler.java:updateContainerState(145)) - Container #1 is in OPEN state, but the datanode 328eda30-7a38-4124-8420-4db3824d3ef4{ip: 192.168.34.62, host: pr-hdds-1868-lzclr-202649289, networkLocation: /default-rack, certSerialId: null} reports an CLOSED replica.
2019-10-17 07:01:42,605 [EventQueue-ContainerReportForContainerReportHandler] WARN  container.ContainerReportHandler (AbstractContainerReportHandler.java:updateContainerState(145)) - Container #1 is in OPEN state, but the datanode 328eda30-7a38-4124-8420-4db3824d3ef4{ip: 192.168.34.62, host: pr-hdds-1868-lzclr-202649289, networkLocation: /default-rack, certSerialId: null} reports an CLOSED replica.
2019-10-17 07:01:42,612 [EventQueue-ContainerReportForContainerReportHandler] WARN  container.ContainerReportHandler (AbstractContainerReportHandler.java:updateContainerState(145)) - Container #1 is in OPEN state, but the datanode cae7164a-c8b0-4e78-9c02-4190bab4d7cb{ip: 192.168.34.62, host: pr-hdds-1868-lzclr-202649289, networkLocation: /default-rack, certSerialId: null} reports an CLOSED replica.
2019-10-17 07:01:42,649 [java.util.concurrent.ThreadPoolExecutor$Worker@69357c50[State = -1, empty queue]] WARN  server.GrpcLogAppender (GrpcLogAppender.java:timeoutAppendRequest(209)) - cae7164a-c8b0-4e78-9c02-4190bab4d7cb@group-C349846DEF79->03dd9899-51e5-4f83-b08a-708074177aaf-GrpcLogAppender: appendEntries Timeout, request=cae7164a-c8b0-4e78-9c02-4190bab4d7cb->03dd9899-51e5-4f83-b08a-708074177aaf#36-t2, previous=(t:2, i:10), leaderCommit=10, initializing? false, entries: <empty>
2019-10-17 07:01:42,749 [BlockDeletingService#2] WARN  background.BlockDeletingService (BlockDeletingService.java:isDeletionAllowed(187)) - Close Container log Index 6 is not replicated across allthe servers in the pipeline 72246393-9d1a-4fd5-982f-c349846def79 as the min replicated index is 4. Deletion is not allowed in this container yet.
2019-10-17 07:01:42,749 [BlockDeletingService#2] WARN  background.BlockDeletingService (BlockDeletingService.java:isDeletionAllowed(187)) - Close Container log Index 6 is not replicated across allthe servers in the pipeline 72246393-9d1a-4fd5-982f-c349846def79 as the min replicated index is 4. Deletion is not allowed in this container yet.
2019-10-17 07:01:42,912 [EventQueue-ContainerReportForContainerReportHandler] WARN  container.ContainerReportHandler (AbstractContainerReportHandler.java:updateContainerState(145)) - Container #1 is in OPEN state, but the datanode cae7164a-c8b0-4e78-9c02-4190bab4d7cb{ip: 192.168.34.62, host: pr-hdds-1868-lzclr-202649289, networkLocation: /default-rack, certSerialId: null} reports an CLOSED replica.
2019-10-17 07:01:43,006 [EventQueue-ContainerReportForContainerReportHandler] WARN  container.ContainerReportHandler (AbstractContainerReportHandler.java:updateContainerState(145)) - Container #1 is in OPEN state, but the datanode 328eda30-7a38-4124-8420-4db3824d3ef4{ip: 192.168.34.62, host: pr-hdds-1868-lzclr-202649289, networkLocation: /default-rack, certSerialId: null} reports an CLOSED replica.
2019-10-17 07:01:43,305 [EventQueue-ContainerReportForContainerReportHandler] WARN  container.ContainerReportHandler (AbstractContainerReportHandler.java:updateContainerState(145)) - Container #1 is in OPEN state, but the datanode 328eda30-7a38-4124-8420-4db3824d3ef4{ip: 192.168.34.62, host: pr-hdds-1868-lzclr-202649289, networkLocation: /default-rack, certSerialId: null} reports an CLOSED replica.
2019-10-17 07:01:43,313 [EventQueue-ContainerReportForContainerReportHandler] WARN  container.ContainerReportHandler (AbstractContainerReportHandler.java:updateContainerState(145)) - Container #1 is in OPEN state, but the datanode cae7164a-c8b0-4e78-9c02-4190bab4d7cb{ip: 192.168.34.62, host: pr-hdds-1868-lzclr-202649289, networkLocation: /default-rack, certSerialId: null} reports an CLOSED replica.
2019-10-17 07:01:43,606 [EventQueue-ContainerReportForContainerReportHandler] WARN  container.ContainerReportHandler (AbstractContainerReportHandler.java:updateContainerState(145)) - Container #1 is in OPEN state, but the datanode 328eda30-7a38-4124-8420-4db3824d3ef4{ip: 192.168.34.62, host: pr-hdds-1868-lzclr-202649289, networkLocation: /default-rack, certSerialId: null} reports an CLOSED replica.
2019-10-17 07:01:43,613 [EventQueue-ContainerReportForContainerReportHandler] WARN  container.ContainerReportHandler (AbstractContainerReportHandler.java:updateContainerState(145)) - Container #1 is in OPEN state, but the datanode cae7164a-c8b0-4e78-9c02-4190bab4d7cb{ip: 192.168.34.62, host: pr-hdds-1868-lzclr-202649289, networkLocation: /default-rack, certSerialId: null} reports an CLOSED replica.
2019-10-17 07:01:43,750 [BlockDeletingService#2] WARN  background.BlockDeletingService (BlockDeletingService.java:isDeletionAllowed(187)) - Close Container log Index 6 is not replicated across allthe servers in the pipeline 72246393-9d1a-4fd5-982f-c349846def79 as the min replicated index is 4. Deletion is not allowed in this container yet.
2019-10-17 07:01:43,750 [BlockDeletingService#2] WARN  background.BlockDeletingService (BlockDeletingService.java:isDeletionAllowed(187)) - Close Container log Index 6 is not replicated across allthe servers in the pipeline 72246393-9d1a-4fd5-982f-c349846def79 as the min replicated index is 4. Deletion is not allowed in this container yet.
2019-10-17 07:01:43,908 [EventQueue-ContainerReportForContainerReportHandler] WARN  container.ContainerReportHandler (AbstractContainerReportHandler.java:updateContainerState(145)) - Container #1 is in OPEN state, but the datanode 328eda30-7a38-4124-8420-4db3824d3ef4{ip: 192.168.34.62, host: pr-hdds-1868-lzclr-202649289, networkLocation: /default-rack, certSerialId: null} reports an CLOSED replica.
2019-10-17 07:01:44,013 [EventQueue-ContainerReportForContainerReportHandler] WARN  container.ContainerReportHandler (AbstractContainerReportHandler.java:updateContainerState(145)) - Container #1 is in OPEN state, but the datanode cae7164a-c8b0-4e78-9c02-4190bab4d7cb{ip: 192.168.34.62, host: pr-hdds-1868-lzclr-202649289, networkLocation: /default-rack, certSerialId: null} reports an CLOSED replica.
2019-10-17 07:01:44,207 [EventQueue-ContainerReportForContainerReportHandler] WARN  container.ContainerReportHandler (AbstractContainerReportHandler.java:updateContainerState(145)) - Container #1 is in OPEN state, but the datanode 328eda30-7a38-4124-8420-4db3824d3ef4{ip: 192.168.34.62, host: pr-hdds-1868-lzclr-202649289, networkLocation: /default-rack, certSerialId: null} reports an CLOSED replica.
2019-10-17 07:01:44,313 [EventQueue-ContainerReportForContainerReportHandler] WARN  container.ContainerReportHandler (AbstractContainerReportHandler.java:updateContainerState(145)) - Container #1 is in OPEN state, but the datanode cae7164a-c8b0-4e78-9c02-4190bab4d7cb{ip: 192.168.34.62, host: pr-hdds-1868-lzclr-202649289, networkLocation: /default-rack, certSerialId: null} reports an CLOSED replica.
2019-10-17 07:01:44,610 [EventQueue-ContainerReportForContainerReportHandler] WARN  container.ContainerReportHandler (AbstractContainerReportHandler.java:updateContainerState(145)) - Container #1 is in OPEN state, but the datanode 328eda30-7a38-4124-8420-4db3824d3ef4{ip: 192.168.34.62, host: pr-hdds-1868-lzclr-202649289, networkLocation: /default-rack, certSerialId: null} reports an CLOSED replica.
2019-10-17 07:01:44,614 [EventQueue-ContainerReportForContainerReportHandler] WARN  container.ContainerReportHandler (AbstractContainerReportHandler.java:updateContainerState(145)) - Container #1 is in OPEN state, but the datanode cae7164a-c8b0-4e78-9c02-4190bab4d7cb{ip: 192.168.34.62, host: pr-hdds-1868-lzclr-202649289, networkLocation: /default-rack, certSerialId: null} reports an CLOSED replica.
2019-10-17 07:01:44,751 [BlockDeletingService#2] WARN  background.BlockDeletingService (BlockDeletingService.java:isDeletionAllowed(187)) - Close Container log Index 6 is not replicated across allthe servers in the pipeline 72246393-9d1a-4fd5-982f-c349846def79 as the min replicated index is 4. Deletion is not allowed in this container yet.
2019-10-17 07:01:44,751 [BlockDeletingService#2] WARN  background.BlockDeletingService (BlockDeletingService.java:isDeletionAllowed(187)) - Close Container log Index 6 is not replicated across allthe servers in the pipeline 72246393-9d1a-4fd5-982f-c349846def79 as the min replicated index is 4. Deletion is not allowed in this container yet.
2019-10-17 07:01:44,813 [EventQueue-ContainerReportForContainerReportHandler] WARN  container.ContainerReportHandler (AbstractContainerReportHandler.java:updateContainerState(145)) - Container #1 is in OPEN state, but the datanode cae7164a-c8b0-4e78-9c02-4190bab4d7cb{ip: 192.168.34.62, host: pr-hdds-1868-lzclr-202649289, networkLocation: /default-rack, certSerialId: null} reports an CLOSED replica.
2019-10-17 07:01:44,910 [EventQueue-ContainerReportForContainerReportHandler] WARN  container.ContainerReportHandler (AbstractContainerReportHandler.java:updateContainerState(145)) - Container #1 is in OPEN state, but the datanode 328eda30-7a38-4124-8420-4db3824d3ef4{ip: 192.168.34.62, host: pr-hdds-1868-lzclr-202649289, networkLocation: /default-rack, certSerialId: null} reports an CLOSED replica.
2019-10-17 07:01:45,115 [EventQueue-ContainerReportForContainerReportHandler] WARN  container.ContainerReportHandler (AbstractContainerReportHandler.java:updateContainerState(145)) - Container #1 is in OPEN state, but the datanode cae7164a-c8b0-4e78-9c02-4190bab4d7cb{ip: 192.168.34.62, host: pr-hdds-1868-lzclr-202649289, networkLocation: /default-rack, certSerialId: null} reports an CLOSED replica.
2019-10-17 07:01:45,150 [java.util.concurrent.ThreadPoolExecutor$Worker@69357c50[State = -1, empty queue]] WARN  server.GrpcLogAppender (GrpcLogAppender.java:timeoutAppendRequest(209)) - cae7164a-c8b0-4e78-9c02-4190bab4d7cb@group-C349846DEF79->03dd9899-51e5-4f83-b08a-708074177aaf-GrpcLogAppender: appendEntries Timeout, request=cae7164a-c8b0-4e78-9c02-4190bab4d7cb->03dd9899-51e5-4f83-b08a-708074177aaf#37-t2, previous=(t:2, i:10), leaderCommit=10, initializing? false, entries: <empty>
2019-10-17 07:01:45,311 [EventQueue-ContainerReportForContainerReportHandler] WARN  container.ContainerReportHandler (AbstractContainerReportHandler.java:updateContainerState(145)) - Container #1 is in OPEN state, but the datanode 328eda30-7a38-4124-8420-4db3824d3ef4{ip: 192.168.34.62, host: pr-hdds-1868-lzclr-202649289, networkLocation: /default-rack, certSerialId: null} reports an CLOSED replica.
2019-10-17 07:01:45,415 [EventQueue-ContainerReportForContainerReportHandler] WARN  container.ContainerReportHandler (AbstractContainerReportHandler.java:updateContainerState(145)) - Container #1 is in OPEN state, but the datanode cae7164a-c8b0-4e78-9c02-4190bab4d7cb{ip: 192.168.34.62, host: pr-hdds-1868-lzclr-202649289, networkLocation: /default-rack, certSerialId: null} reports an CLOSED replica.
2019-10-17 07:01:45,611 [EventQueue-ContainerReportForContainerReportHandler] WARN  container.ContainerReportHandler (AbstractContainerReportHandler.java:updateContainerState(145)) - Container #1 is in OPEN state, but the datanode 328eda30-7a38-4124-8420-4db3824d3ef4{ip: 192.168.34.62, host: pr-hdds-1868-lzclr-202649289, networkLocation: /default-rack, certSerialId: null} reports an CLOSED replica.
2019-10-17 07:01:45,716 [EventQueue-ContainerReportForContainerReportHandler] WARN  container.ContainerReportHandler (AbstractContainerReportHandler.java:updateContainerState(145)) - Container #1 is in OPEN state, but the datanode cae7164a-c8b0-4e78-9c02-4190bab4d7cb{ip: 192.168.34.62, host: pr-hdds-1868-lzclr-202649289, networkLocation: /default-rack, certSerialId: null} reports an CLOSED replica.
2019-10-17 07:01:45,752 [BlockDeletingService#2] WARN  background.BlockDeletingService (BlockDeletingService.java:isDeletionAllowed(187)) - Close Container log Index 6 is not replicated across allthe servers in the pipeline 72246393-9d1a-4fd5-982f-c349846def79 as the min replicated index is 4. Deletion is not allowed in this container yet.
2019-10-17 07:01:45,753 [BlockDeletingService#2] WARN  background.BlockDeletingService (BlockDeletingService.java:isDeletionAllowed(187)) - Close Container log Index 6 is not replicated across allthe servers in the pipeline 72246393-9d1a-4fd5-982f-c349846def79 as the min replicated index is 4. Deletion is not allowed in this container yet.
2019-10-17 07:01:45,912 [EventQueue-ContainerReportForContainerReportHandler] WARN  container.ContainerReportHandler (AbstractContainerReportHandler.java:updateContainerState(145)) - Container #1 is in OPEN state, but the datanode 328eda30-7a38-4124-8420-4db3824d3ef4{ip: 192.168.34.62, host: pr-hdds-1868-lzclr-202649289, networkLocation: /default-rack, certSerialId: null} reports an CLOSED replica.
2019-10-17 07:01:45,916 [EventQueue-ContainerReportForContainerReportHandler] WARN  container.ContainerReportHandler (AbstractContainerReportHandler.java:updateContainerState(145)) - Container #1 is in OPEN state, but the datanode cae7164a-c8b0-4e78-9c02-4190bab4d7cb{ip: 192.168.34.62, host: pr-hdds-1868-lzclr-202649289, networkLocation: /default-rack, certSerialId: null} reports an CLOSED replica.
2019-10-17 07:01:46,112 [EventQueue-ContainerReportForContainerReportHandler] WARN  container.ContainerReportHandler (AbstractContainerReportHandler.java:updateContainerState(145)) - Container #1 is in OPEN state, but the datanode 328eda30-7a38-4124-8420-4db3824d3ef4{ip: 192.168.34.62, host: pr-hdds-1868-lzclr-202649289, networkLocation: /default-rack, certSerialId: null} reports an CLOSED replica.
2019-10-17 07:01:46,217 [EventQueue-ContainerReportForContainerReportHandler] WARN  container.ContainerReportHandler (AbstractContainerReportHandler.java:updateContainerState(145)) - Container #1 is in OPEN state, but the datanode cae7164a-c8b0-4e78-9c02-4190bab4d7cb{ip: 192.168.34.62, host: pr-hdds-1868-lzclr-202649289, networkLocation: /default-rack, certSerialId: null} reports an CLOSED replica.
2019-10-17 07:01:46,414 [EventQueue-ContainerReportForContainerReportHandler] WARN  container.ContainerReportHandler (AbstractContainerReportHandler.java:updateContainerState(145)) - Container #1 is in OPEN state, but the datanode 328eda30-7a38-4124-8420-4db3824d3ef4{ip: 192.168.34.62, host: pr-hdds-1868-lzclr-202649289, networkLocation: /default-rack, certSerialId: null} reports an CLOSED replica.
2019-10-17 07:01:46,516 [EventQueue-ContainerReportForContainerReportHandler] WARN  container.ContainerReportHandler (AbstractContainerReportHandler.java:updateContainerState(145)) - Container #1 is in OPEN state, but the datanode cae7164a-c8b0-4e78-9c02-4190bab4d7cb{ip: 192.168.34.62, host: pr-hdds-1868-lzclr-202649289, networkLocation: /default-rack, certSerialId: null} reports an CLOSED replica.
2019-10-17 07:01:46,715 [EventQueue-ContainerReportForContainerReportHandler] WARN  container.ContainerReportHandler (AbstractContainerReportHandler.java:updateContainerState(145)) - Container #1 is in OPEN state, but the datanode 328eda30-7a38-4124-8420-4db3824d3ef4{ip: 192.168.34.62, host: pr-hdds-1868-lzclr-202649289, networkLocation: /default-rack, certSerialId: null} reports an CLOSED replica.
2019-10-17 07:01:46,754 [BlockDeletingService#2] WARN  background.BlockDeletingService (BlockDeletingService.java:isDeletionAllowed(187)) - Close Container log Index 6 is not replicated across allthe servers in the pipeline 72246393-9d1a-4fd5-982f-c349846def79 as the min replicated index is 4. Deletion is not allowed in this container yet.
2019-10-17 07:01:46,754 [BlockDeletingService#2] WARN  background.BlockDeletingService (BlockDeletingService.java:isDeletionAllowed(187)) - Close Container log Index 6 is not replicated across allthe servers in the pipeline 72246393-9d1a-4fd5-982f-c349846def79 as the min replicated index is 4. Deletion is not allowed in this container yet.
2019-10-17 07:01:46,916 [EventQueue-ContainerReportForContainerReportHandler] WARN  container.ContainerReportHandler (AbstractContainerReportHandler.java:updateContainerState(145)) - Container #1 is in OPEN state, but the datanode cae7164a-c8b0-4e78-9c02-4190bab4d7cb{ip: 192.168.34.62, host: pr-hdds-1868-lzclr-202649289, networkLocation: /default-rack, certSerialId: null} reports an CLOSED replica.
2019-10-17 07:01:47,115 [EventQueue-ContainerReportForContainerReportHandler] WARN  container.ContainerReportHandler (AbstractContainerReportHandler.java:updateContainerState(145)) - Container #1 is in OPEN state, but the datanode 328eda30-7a38-4124-8420-4db3824d3ef4{ip: 192.168.34.62, host: pr-hdds-1868-lzclr-202649289, networkLocation: /default-rack, certSerialId: null} reports an CLOSED replica.
2019-10-17 07:01:47,117 [EventQueue-ContainerReportForContainerReportHandler] WARN  container.ContainerReportHandler (AbstractContainerReportHandler.java:updateContainerState(145)) - Container #1 is in OPEN state, but the datanode cae7164a-c8b0-4e78-9c02-4190bab4d7cb{ip: 192.168.34.62, host: pr-hdds-1868-lzclr-202649289, networkLocation: /default-rack, certSerialId: null} reports an CLOSED replica.
2019-10-17 07:01:47,414 [EventQueue-ContainerReportForContainerReportHandler] WARN  container.ContainerReportHandler (AbstractContainerReportHandler.java:updateContainerState(145)) - Container #1 is in OPEN state, but the datanode 328eda30-7a38-4124-8420-4db3824d3ef4{ip: 192.168.34.62, host: pr-hdds-1868-lzclr-202649289, networkLocation: /default-rack, certSerialId: null} reports an CLOSED replica.
2019-10-17 07:01:47,518 [EventQueue-ContainerReportForContainerReportHandler] WARN  container.ContainerReportHandler (AbstractContainerReportHandler.java:updateContainerState(145)) - Container #1 is in OPEN state, but the datanode cae7164a-c8b0-4e78-9c02-4190bab4d7cb{ip: 192.168.34.62, host: pr-hdds-1868-lzclr-202649289, networkLocation: /default-rack, certSerialId: null} reports an CLOSED replica.
2019-10-17 07:01:47,651 [java.util.concurrent.ThreadPoolExecutor$Worker@69357c50[State = -1, empty queue]] WARN  server.GrpcLogAppender (GrpcLogAppender.java:timeoutAppendRequest(209)) - cae7164a-c8b0-4e78-9c02-4190bab4d7cb@group-C349846DEF79->03dd9899-51e5-4f83-b08a-708074177aaf-GrpcLogAppender: appendEntries Timeout, request=cae7164a-c8b0-4e78-9c02-4190bab4d7cb->03dd9899-51e5-4f83-b08a-708074177aaf#38-t2, previous=(t:2, i:10), leaderCommit=10, initializing? false, entries: <empty>
2019-10-17 07:01:47,718 [EventQueue-ContainerReportForContainerReportHandler] WARN  container.ContainerReportHandler (AbstractContainerReportHandler.java:updateContainerState(145)) - Container #1 is in OPEN state, but the datanode cae7164a-c8b0-4e78-9c02-4190bab4d7cb{ip: 192.168.34.62, host: pr-hdds-1868-lzclr-202649289, networkLocation: /default-rack, certSerialId: null} reports an CLOSED replica.
2019-10-17 07:01:47,757 [BlockDeletingService#2] WARN  background.BlockDeletingService (BlockDeletingService.java:isDeletionAllowed(187)) - Close Container log Index 6 is not replicated across allthe servers in the pipeline 72246393-9d1a-4fd5-982f-c349846def79 as the min replicated index is 4. Deletion is not allowed in this container yet.
2019-10-17 07:01:47,757 [BlockDeletingService#2] WARN  background.BlockDeletingService (BlockDeletingService.java:isDeletionAllowed(187)) - Close Container log Index 6 is not replicated across allthe servers in the pipeline 72246393-9d1a-4fd5-982f-c349846def79 as the min replicated index is 4. Deletion is not allowed in this container yet.
2019-10-17 07:01:47,815 [EventQueue-ContainerReportForContainerReportHandler] WARN  container.ContainerReportHandler (AbstractContainerReportHandler.java:updateContainerState(145)) - Container #1 is in OPEN state, but the datanode 328eda30-7a38-4124-8420-4db3824d3ef4{ip: 192.168.34.62, host: pr-hdds-1868-lzclr-202649289, networkLocation: /default-rack, certSerialId: null} reports an CLOSED replica.
2019-10-17 07:01:47,918 [EventQueue-ContainerReportForContainerReportHandler] WARN  container.ContainerReportHandler (AbstractContainerReportHandler.java:updateContainerState(145)) - Container #1 is in OPEN state, but the datanode cae7164a-c8b0-4e78-9c02-4190bab4d7cb{ip: 192.168.34.62, host: pr-hdds-1868-lzclr-202649289, networkLocation: /default-rack, certSerialId: null} reports an CLOSED replica.
2019-10-17 07:01:48,015 [EventQueue-ContainerReportForContainerReportHandler] WARN  container.ContainerReportHandler (AbstractContainerReportHandler.java:updateContainerState(145)) - Container #1 is in OPEN state, but the datanode 328eda30-7a38-4124-8420-4db3824d3ef4{ip: 192.168.34.62, host: pr-hdds-1868-lzclr-202649289, networkLocation: /default-rack, certSerialId: null} reports an CLOSED replica.
2019-10-17 07:01:48,220 [EventQueue-ContainerReportForContainerReportHandler] WARN  container.ContainerReportHandler (AbstractContainerReportHandler.java:updateContainerState(145)) - Container #1 is in OPEN state, but the datanode cae7164a-c8b0-4e78-9c02-4190bab4d7cb{ip: 192.168.34.62, host: pr-hdds-1868-lzclr-202649289, networkLocation: /default-rack, certSerialId: null} reports an CLOSED replica.
2019-10-17 07:01:48,254 [Thread-429] INFO  client.GrpcClientProtocolService (GrpcClientProtocolService.java:lambda$processClientRequest$0(278)) - Failed RaftClientRequest:client-1BB1B1ECBBFA->328eda30-7a38-4124-8420-4db3824d3ef4@group-C349846DEF79, cid=10, seq=0, Watch-ALL_COMMITTED(6), Message:<EMPTY>, reply=RaftClientReply:client-1BB1B1ECBBFA->328eda30-7a38-4124-8420-4db3824d3ef4@group-C349846DEF79, cid=10, FAILED org.apache.ratis.protocol.NotLeaderException: Server 328eda30-7a38-4124-8420-4db3824d3ef4@group-C349846DEF79 is not the leader cae7164a-c8b0-4e78-9c02-4190bab4d7cb:192.168.34.62:46027, logIndex=0, commits[328eda30-7a38-4124-8420-4db3824d3ef4:c10, 03dd9899-51e5-4f83-b08a-708074177aaf:c4, cae7164a-c8b0-4e78-9c02-4190bab4d7cb:c10]
2019-10-17 07:01:48,415 [EventQueue-ContainerReportForContainerReportHandler] WARN  container.ContainerReportHandler (AbstractContainerReportHandler.java:updateContainerState(145)) - Container #1 is in OPEN state, but the datanode 328eda30-7a38-4124-8420-4db3824d3ef4{ip: 192.168.34.62, host: pr-hdds-1868-lzclr-202649289, networkLocation: /default-rack, certSerialId: null} reports an CLOSED replica.
2019-10-17 07:01:48,620 [EventQueue-ContainerReportForContainerReportHandler] WARN  container.ContainerReportHandler (AbstractContainerReportHandler.java:updateContainerState(145)) - Container #1 is in OPEN state, but the datanode cae7164a-c8b0-4e78-9c02-4190bab4d7cb{ip: 192.168.34.62, host: pr-hdds-1868-lzclr-202649289, networkLocation: /default-rack, certSerialId: null} reports an CLOSED replica.
2019-10-17 07:01:48,758 [BlockDeletingService#2] WARN  background.BlockDeletingService (BlockDeletingService.java:isDeletionAllowed(187)) - Close Container log Index 6 is not replicated across allthe servers in the pipeline 72246393-9d1a-4fd5-982f-c349846def79 as the min replicated index is 4. Deletion is not allowed in this container yet.
2019-10-17 07:01:48,759 [BlockDeletingService#2] WARN  background.BlockDeletingService (BlockDeletingService.java:isDeletionAllowed(187)) - Close Container log Index 6 is not replicated across allthe servers in the pipeline 72246393-9d1a-4fd5-982f-c349846def79 as the min replicated index is 4. Deletion is not allowed in this container yet.
2019-10-17 07:01:48,818 [EventQueue-ContainerReportForContainerReportHandler] WARN  container.ContainerReportHandler (AbstractContainerReportHandler.java:updateContainerState(145)) - Container #1 is in OPEN state, but the datanode 328eda30-7a38-4124-8420-4db3824d3ef4{ip: 192.168.34.62, host: pr-hdds-1868-lzclr-202649289, networkLocation: /default-rack, certSerialId: null} reports an CLOSED replica.
2019-10-17 07:01:48,920 [EventQueue-ContainerReportForContainerReportHandler] WARN  container.ContainerReportHandler (AbstractContainerReportHandler.java:updateContainerState(145)) - Container #1 is in OPEN state, but the datanode cae7164a-c8b0-4e78-9c02-4190bab4d7cb{ip: 192.168.34.62, host: pr-hdds-1868-lzclr-202649289, networkLocation: /default-rack, certSerialId: null} reports an CLOSED replica.
2019-10-17 07:01:49,018 [EventQueue-ContainerReportForContainerReportHandler] WARN  container.ContainerReportHandler (AbstractContainerReportHandler.java:updateContainerState(145)) - Container #1 is in OPEN state, but the datanode 328eda30-7a38-4124-8420-4db3824d3ef4{ip: 192.168.34.62, host: pr-hdds-1868-lzclr-202649289, networkLocation: /default-rack, certSerialId: null} reports an CLOSED replica.
2019-10-17 07:01:49,120 [EventQueue-ContainerReportForContainerReportHandler] WARN  container.ContainerReportHandler (AbstractContainerReportHandler.java:updateContainerState(145)) - Container #1 is in OPEN state, but the datanode cae7164a-c8b0-4e78-9c02-4190bab4d7cb{ip: 192.168.34.62, host: pr-hdds-1868-lzclr-202649289, networkLocation: /default-rack, certSerialId: null} reports an CLOSED replica.
2019-10-17 07:01:49,218 [EventQueue-ContainerReportForContainerReportHandler] WARN  container.ContainerReportHandler (AbstractContainerReportHandler.java:updateContainerState(145)) - Container #1 is in OPEN state, but the datanode 328eda30-7a38-4124-8420-4db3824d3ef4{ip: 192.168.34.62, host: pr-hdds-1868-lzclr-202649289, networkLocation: /default-rack, certSerialId: null} reports an CLOSED replica.
2019-10-17 07:01:49,419 [EventQueue-ContainerReportForContainerReportHandler] WARN  container.ContainerReportHandler (AbstractContainerReportHandler.java:updateContainerState(145)) - Container #1 is in OPEN state, but the datanode 328eda30-7a38-4124-8420-4db3824d3ef4{ip: 192.168.34.62, host: pr-hdds-1868-lzclr-202649289, networkLocation: /default-rack, certSerialId: null} reports an CLOSED replica.
2019-10-17 07:01:49,420 [EventQueue-ContainerReportForContainerReportHandler] WARN  container.ContainerReportHandler (AbstractContainerReportHandler.java:updateContainerState(145)) - Container #1 is in OPEN state, but the datanode cae7164a-c8b0-4e78-9c02-4190bab4d7cb{ip: 192.168.34.62, host: pr-hdds-1868-lzclr-202649289, networkLocation: /default-rack, certSerialId: null} reports an CLOSED replica.
2019-10-17 07:01:49,720 [EventQueue-ContainerReportForContainerReportHandler] WARN  container.ContainerReportHandler (AbstractContainerReportHandler.java:updateContainerState(145)) - Container #1 is in OPEN state, but the datanode 328eda30-7a38-4124-8420-4db3824d3ef4{ip: 192.168.34.62, host: pr-hdds-1868-lzclr-202649289, networkLocation: /default-rack, certSerialId: null} reports an CLOSED replica.
2019-10-17 07:01:49,721 [EventQueue-ContainerReportForContainerReportHandler] WARN  container.ContainerReportHandler (AbstractContainerReportHandler.java:updateContainerState(145)) - Container #1 is in OPEN state, but the datanode cae7164a-c8b0-4e78-9c02-4190bab4d7cb{ip: 192.168.34.62, host: pr-hdds-1868-lzclr-202649289, networkLocation: /default-rack, certSerialId: null} reports an CLOSED replica.
2019-10-17 07:01:49,755 [Thread-435] INFO  client.GrpcClientProtocolService (GrpcClientProtocolService.java:lambda$processClientRequest$0(278)) - Failed RaftClientRequest:client-1BB1B1ECBBFA->cae7164a-c8b0-4e78-9c02-4190bab4d7cb@group-C349846DEF79, cid=10, seq=0, Watch-ALL_COMMITTED(6), Message:<EMPTY>, reply=RaftClientReply:client-1BB1B1ECBBFA->cae7164a-c8b0-4e78-9c02-4190bab4d7cb@group-C349846DEF79, cid=10, FAILED org.apache.ratis.protocol.NotReplicatedException: Request with call Id 10 and log index 6 is not yet replicated to ALL_COMMITTED, logIndex=6, commits[cae7164a-c8b0-4e78-9c02-4190bab4d7cb:c10, 328eda30-7a38-4124-8420-4db3824d3ef4:c10, 03dd9899-51e5-4f83-b08a-708074177aaf:c4]
2019-10-17 07:01:49,761 [BlockDeletingService#2] WARN  background.BlockDeletingService (BlockDeletingService.java:isDeletionAllowed(187)) - Close Container log Index 6 is not replicated across allthe servers in the pipeline 72246393-9d1a-4fd5-982f-c349846def79 as the min replicated index is 4. Deletion is not allowed in this container yet.
2019-10-17 07:01:49,761 [BlockDeletingService#2] WARN  background.BlockDeletingService (BlockDeletingService.java:isDeletionAllowed(187)) - Close Container log Index 6 is not replicated across allthe servers in the pipeline 72246393-9d1a-4fd5-982f-c349846def79 as the min replicated index is 4. Deletion is not allowed in this container yet.
2019-10-17 07:01:50,021 [EventQueue-ContainerReportForContainerReportHandler] WARN  container.ContainerReportHandler (AbstractContainerReportHandler.java:updateContainerState(145)) - Container #1 is in OPEN state, but the datanode cae7164a-c8b0-4e78-9c02-4190bab4d7cb{ip: 192.168.34.62, host: pr-hdds-1868-lzclr-202649289, networkLocation: /default-rack, certSerialId: null} reports an CLOSED replica.
2019-10-17 07:01:50,022 [EventQueue-ContainerReportForContainerReportHandler] WARN  container.ContainerReportHandler (AbstractContainerReportHandler.java:updateContainerState(145)) - Container #1 is in OPEN state, but the datanode 328eda30-7a38-4124-8420-4db3824d3ef4{ip: 192.168.34.62, host: pr-hdds-1868-lzclr-202649289, networkLocation: /default-rack, certSerialId: null} reports an CLOSED replica.
2019-10-17 07:01:50,154 [java.util.concurrent.ThreadPoolExecutor$Worker@69357c50[State = -1, empty queue]] WARN  server.GrpcLogAppender (GrpcLogAppender.java:timeoutAppendRequest(209)) - cae7164a-c8b0-4e78-9c02-4190bab4d7cb@group-C349846DEF79->03dd9899-51e5-4f83-b08a-708074177aaf-GrpcLogAppender: appendEntries Timeout, request=cae7164a-c8b0-4e78-9c02-4190bab4d7cb->03dd9899-51e5-4f83-b08a-708074177aaf#39-t2, previous=(t:2, i:10), leaderCommit=10, initializing? false, entries: <empty>
2019-10-17 07:01:50,322 [EventQueue-ContainerReportForContainerReportHandler] WARN  container.ContainerReportHandler (AbstractContainerReportHandler.java:updateContainerState(145)) - Container #1 is in OPEN state, but the datanode cae7164a-c8b0-4e78-9c02-4190bab4d7cb{ip: 192.168.34.62, host: pr-hdds-1868-lzclr-202649289, networkLocation: /default-rack, certSerialId: null} reports an CLOSED replica.
2019-10-17 07:01:50,322 [EventQueue-ContainerReportForContainerReportHandler] WARN  container.ContainerReportHandler (AbstractContainerReportHandler.java:updateContainerState(145)) - Container #1 is in OPEN state, but the datanode 328eda30-7a38-4124-8420-4db3824d3ef4{ip: 192.168.34.62, host: pr-hdds-1868-lzclr-202649289, networkLocation: /default-rack, certSerialId: null} reports an CLOSED replica.
2019-10-17 07:01:50,622 [EventQueue-ContainerReportForContainerReportHandler] WARN  container.ContainerReportHandler (AbstractContainerReportHandler.java:updateContainerState(145)) - Container #1 is in OPEN state, but the datanode 328eda30-7a38-4124-8420-4db3824d3ef4{ip: 192.168.34.62, host: pr-hdds-1868-lzclr-202649289, networkLocation: /default-rack, certSerialId: null} reports an CLOSED replica.
2019-10-17 07:01:50,724 [EventQueue-ContainerReportForContainerReportHandler] WARN  container.ContainerReportHandler (AbstractContainerReportHandler.java:updateContainerState(145)) - Container #1 is in OPEN state, but the datanode cae7164a-c8b0-4e78-9c02-4190bab4d7cb{ip: 192.168.34.62, host: pr-hdds-1868-lzclr-202649289, networkLocation: /default-rack, certSerialId: null} reports an CLOSED replica.
2019-10-17 07:01:50,763 [BlockDeletingService#2] WARN  background.BlockDeletingService (BlockDeletingService.java:isDeletionAllowed(187)) - Close Container log Index 6 is not replicated across allthe servers in the pipeline 72246393-9d1a-4fd5-982f-c349846def79 as the min replicated index is 4. Deletion is not allowed in this container yet.
2019-10-17 07:01:50,764 [BlockDeletingService#2] WARN  background.BlockDeletingService (BlockDeletingService.java:isDeletionAllowed(187)) - Close Container log Index 6 is not replicated across allthe servers in the pipeline 72246393-9d1a-4fd5-982f-c349846def79 as the min replicated index is 4. Deletion is not allowed in this container yet.
2019-10-17 07:01:50,926 [EventQueue-ContainerReportForContainerReportHandler] WARN  container.ContainerReportHandler (AbstractContainerReportHandler.java:updateContainerState(145)) - Container #1 is in OPEN state, but the datanode cae7164a-c8b0-4e78-9c02-4190bab4d7cb{ip: 192.168.34.62, host: pr-hdds-1868-lzclr-202649289, networkLocation: /default-rack, certSerialId: null} reports an CLOSED replica.
2019-10-17 07:01:51,024 [EventQueue-ContainerReportForContainerReportHandler] WARN  container.ContainerReportHandler (AbstractContainerReportHandler.java:updateContainerState(145)) - Container #1 is in OPEN state, but the datanode 328eda30-7a38-4124-8420-4db3824d3ef4{ip: 192.168.34.62, host: pr-hdds-1868-lzclr-202649289, networkLocation: /default-rack, certSerialId: null} reports an CLOSED replica.
2019-10-17 07:01:51,126 [EventQueue-ContainerReportForContainerReportHandler] WARN  container.ContainerReportHandler (AbstractContainerReportHandler.java:updateContainerState(145)) - Container #1 is in OPEN state, but the datanode cae7164a-c8b0-4e78-9c02-4190bab4d7cb{ip: 192.168.34.62, host: pr-hdds-1868-lzclr-202649289, networkLocation: /default-rack, certSerialId: null} reports an CLOSED replica.
2019-10-17 07:01:51,225 [EventQueue-ContainerReportForContainerReportHandler] WARN  container.ContainerReportHandler (AbstractContainerReportHandler.java:updateContainerState(145)) - Container #1 is in OPEN state, but the datanode 328eda30-7a38-4124-8420-4db3824d3ef4{ip: 192.168.34.62, host: pr-hdds-1868-lzclr-202649289, networkLocation: /default-rack, certSerialId: null} reports an CLOSED replica.
2019-10-17 07:01:51,427 [EventQueue-ContainerReportForContainerReportHandler] WARN  container.ContainerReportHandler (AbstractContainerReportHandler.java:updateContainerState(145)) - Container #1 is in OPEN state, but the datanode cae7164a-c8b0-4e78-9c02-4190bab4d7cb{ip: 192.168.34.62, host: pr-hdds-1868-lzclr-202649289, networkLocation: /default-rack, certSerialId: null} reports an CLOSED replica.
2019-10-17 07:01:51,527 [EventQueue-ContainerReportForContainerReportHandler] WARN  container.ContainerReportHandler (AbstractContainerReportHandler.java:updateContainerState(145)) - Container #1 is in OPEN state, but the datanode 328eda30-7a38-4124-8420-4db3824d3ef4{ip: 192.168.34.62, host: pr-hdds-1868-lzclr-202649289, networkLocation: /default-rack, certSerialId: null} reports an CLOSED replica.
2019-10-17 07:01:51,725 [EventQueue-ContainerReportForContainerReportHandler] WARN  container.ContainerReportHandler (AbstractContainerReportHandler.java:updateContainerState(145)) - Container #1 is in OPEN state, but the datanode 328eda30-7a38-4124-8420-4db3824d3ef4{ip: 192.168.34.62, host: pr-hdds-1868-lzclr-202649289, networkLocation: /default-rack, certSerialId: null} reports an CLOSED replica.
2019-10-17 07:01:51,726 [EventQueue-ContainerReportForContainerReportHandler] WARN  container.ContainerReportHandler (AbstractContainerReportHandler.java:updateContainerState(145)) - Container #1 is in OPEN state, but the datanode cae7164a-c8b0-4e78-9c02-4190bab4d7cb{ip: 192.168.34.62, host: pr-hdds-1868-lzclr-202649289, networkLocation: /default-rack, certSerialId: null} reports an CLOSED replica.
2019-10-17 07:01:51,766 [BlockDeletingService#2] WARN  background.BlockDeletingService (BlockDeletingService.java:isDeletionAllowed(187)) - Close Container log Index 6 is not replicated across allthe servers in the pipeline 72246393-9d1a-4fd5-982f-c349846def79 as the min replicated index is 4. Deletion is not allowed in this container yet.
2019-10-17 07:01:51,766 [BlockDeletingService#2] WARN  background.BlockDeletingService (BlockDeletingService.java:isDeletionAllowed(187)) - Close Container log Index 6 is not replicated across allthe servers in the pipeline 72246393-9d1a-4fd5-982f-c349846def79 as the min replicated index is 4. Deletion is not allowed in this container yet.
2019-10-17 07:01:52,026 [EventQueue-ContainerReportForContainerReportHandler] WARN  container.ContainerReportHandler (AbstractContainerReportHandler.java:updateContainerState(145)) - Container #1 is in OPEN state, but the datanode 328eda30-7a38-4124-8420-4db3824d3ef4{ip: 192.168.34.62, host: pr-hdds-1868-lzclr-202649289, networkLocation: /default-rack, certSerialId: null} reports an CLOSED replica.
2019-10-17 07:01:52,027 [EventQueue-ContainerReportForContainerReportHandler] WARN  container.ContainerReportHandler (AbstractContainerReportHandler.java:updateContainerState(145)) - Container #1 is in OPEN state, but the datanode cae7164a-c8b0-4e78-9c02-4190bab4d7cb{ip: 192.168.34.62, host: pr-hdds-1868-lzclr-202649289, networkLocation: /default-rack, certSerialId: null} reports an CLOSED replica.
2019-10-17 07:01:52,325 [EventQueue-ContainerReportForContainerReportHandler] WARN  container.ContainerReportHandler (AbstractContainerReportHandler.java:updateContainerState(145)) - Container #1 is in OPEN state, but the datanode 328eda30-7a38-4124-8420-4db3824d3ef4{ip: 192.168.34.62, host: pr-hdds-1868-lzclr-202649289, networkLocation: /default-rack, certSerialId: null} reports an CLOSED replica.
2019-10-17 07:01:52,328 [EventQueue-ContainerReportForContainerReportHandler] WARN  container.ContainerReportHandler (AbstractContainerReportHandler.java:updateContainerState(145)) - Container #1 is in OPEN state, but the datanode cae7164a-c8b0-4e78-9c02-4190bab4d7cb{ip: 192.168.34.62, host: pr-hdds-1868-lzclr-202649289, networkLocation: /default-rack, certSerialId: null} reports an CLOSED replica.
2019-10-17 07:01:52,528 [EventQueue-ContainerReportForContainerReportHandler] WARN  container.ContainerReportHandler (AbstractContainerReportHandler.java:updateContainerState(145)) - Container #1 is in OPEN state, but the datanode cae7164a-c8b0-4e78-9c02-4190bab4d7cb{ip: 192.168.34.62, host: pr-hdds-1868-lzclr-202649289, networkLocation: /default-rack, certSerialId: null} reports an CLOSED replica.
2019-10-17 07:01:52,626 [EventQueue-ContainerReportForContainerReportHandler] WARN  container.ContainerReportHandler (AbstractContainerReportHandler.java:updateContainerState(145)) - Container #1 is in OPEN state, but the datanode 328eda30-7a38-4124-8420-4db3824d3ef4{ip: 192.168.34.62, host: pr-hdds-1868-lzclr-202649289, networkLocation: /default-rack, certSerialId: null} reports an CLOSED replica.
2019-10-17 07:01:52,655 [java.util.concurrent.ThreadPoolExecutor$Worker@69357c50[State = -1, empty queue]] WARN  server.GrpcLogAppender (GrpcLogAppender.java:timeoutAppendRequest(209)) - cae7164a-c8b0-4e78-9c02-4190bab4d7cb@group-C349846DEF79->03dd9899-51e5-4f83-b08a-708074177aaf-GrpcLogAppender: appendEntries Timeout, request=cae7164a-c8b0-4e78-9c02-4190bab4d7cb->03dd9899-51e5-4f83-b08a-708074177aaf#40-t2, previous=(t:2, i:10), leaderCommit=10, initializing? false, entries: <empty>
2019-10-17 07:01:52,768 [BlockDeletingService#2] WARN  background.BlockDeletingService (BlockDeletingService.java:isDeletionAllowed(187)) - Close Container log Index 6 is not replicated across allthe servers in the pipeline 72246393-9d1a-4fd5-982f-c349846def79 as the min replicated index is 4. Deletion is not allowed in this container yet.
2019-10-17 07:01:52,768 [BlockDeletingService#2] WARN  background.BlockDeletingService (BlockDeletingService.java:isDeletionAllowed(187)) - Close Container log Index 6 is not replicated across allthe servers in the pipeline 72246393-9d1a-4fd5-982f-c349846def79 as the min replicated index is 4. Deletion is not allowed in this container yet.
2019-10-17 07:01:52,929 [EventQueue-ContainerReportForContainerReportHandler] WARN  container.ContainerReportHandler (AbstractContainerReportHandler.java:updateContainerState(145)) - Container #1 is in OPEN state, but the datanode cae7164a-c8b0-4e78-9c02-4190bab4d7cb{ip: 192.168.34.62, host: pr-hdds-1868-lzclr-202649289, networkLocation: /default-rack, certSerialId: null} reports an CLOSED replica.
2019-10-17 07:01:53,025 [EventQueue-ContainerReportForContainerReportHandler] WARN  container.ContainerReportHandler (AbstractContainerReportHandler.java:updateContainerState(145)) - Container #1 is in OPEN state, but the datanode 328eda30-7a38-4124-8420-4db3824d3ef4{ip: 192.168.34.62, host: pr-hdds-1868-lzclr-202649289, networkLocation: /default-rack, certSerialId: null} reports an CLOSED replica.
2019-10-17 07:01:53,228 [EventQueue-ContainerReportForContainerReportHandler] WARN  container.ContainerReportHandler (AbstractContainerReportHandler.java:updateContainerState(145)) - Container #1 is in OPEN state, but the datanode cae7164a-c8b0-4e78-9c02-4190bab4d7cb{ip: 192.168.34.62, host: pr-hdds-1868-lzclr-202649289, networkLocation: /default-rack, certSerialId: null} reports an CLOSED replica.
2019-10-17 07:01:53,425 [EventQueue-ContainerReportForContainerReportHandler] WARN  container.ContainerReportHandler (AbstractContainerReportHandler.java:updateContainerState(145)) - Container #1 is in OPEN state, but the datanode 328eda30-7a38-4124-8420-4db3824d3ef4{ip: 192.168.34.62, host: pr-hdds-1868-lzclr-202649289, networkLocation: /default-rack, certSerialId: null} reports an CLOSED replica.
2019-10-17 07:01:53,529 [EventQueue-ContainerReportForContainerReportHandler] WARN  container.ContainerReportHandler (AbstractContainerReportHandler.java:updateContainerState(145)) - Container #1 is in OPEN state, but the datanode cae7164a-c8b0-4e78-9c02-4190bab4d7cb{ip: 192.168.34.62, host: pr-hdds-1868-lzclr-202649289, networkLocation: /default-rack, certSerialId: null} reports an CLOSED replica.
2019-10-17 07:01:53,726 [EventQueue-ContainerReportForContainerReportHandler] WARN  container.ContainerReportHandler (AbstractContainerReportHandler.java:updateContainerState(145)) - Container #1 is in OPEN state, but the datanode 328eda30-7a38-4124-8420-4db3824d3ef4{ip: 192.168.34.62, host: pr-hdds-1868-lzclr-202649289, networkLocation: /default-rack, certSerialId: null} reports an CLOSED replica.
2019-10-17 07:01:53,730 [EventQueue-ContainerReportForContainerReportHandler] WARN  container.ContainerReportHandler (AbstractContainerReportHandler.java:updateContainerState(145)) - Container #1 is in OPEN state, but the datanode cae7164a-c8b0-4e78-9c02-4190bab4d7cb{ip: 192.168.34.62, host: pr-hdds-1868-lzclr-202649289, networkLocation: /default-rack, certSerialId: null} reports an CLOSED replica.
2019-10-17 07:01:53,769 [BlockDeletingService#2] WARN  background.BlockDeletingService (BlockDeletingService.java:isDeletionAllowed(187)) - Close Container log Index 6 is not replicated across allthe servers in the pipeline 72246393-9d1a-4fd5-982f-c349846def79 as the min replicated index is 4. Deletion is not allowed in this container yet.
2019-10-17 07:01:53,769 [BlockDeletingService#2] WARN  background.BlockDeletingService (BlockDeletingService.java:isDeletionAllowed(187)) - Close Container log Index 6 is not replicated across allthe servers in the pipeline 72246393-9d1a-4fd5-982f-c349846def79 as the min replicated index is 4. Deletion is not allowed in this container yet.
2019-10-17 07:01:54,026 [EventQueue-ContainerReportForContainerReportHandler] WARN  container.ContainerReportHandler (AbstractContainerReportHandler.java:updateContainerState(145)) - Container #1 is in OPEN state, but the datanode 328eda30-7a38-4124-8420-4db3824d3ef4{ip: 192.168.34.62, host: pr-hdds-1868-lzclr-202649289, networkLocation: /default-rack, certSerialId: null} reports an CLOSED replica.
2019-10-17 07:01:54,129 [EventQueue-ContainerReportForContainerReportHandler] WARN  container.ContainerReportHandler (AbstractContainerReportHandler.java:updateContainerState(145)) - Container #1 is in OPEN state, but the datanode cae7164a-c8b0-4e78-9c02-4190bab4d7cb{ip: 192.168.34.62, host: pr-hdds-1868-lzclr-202649289, networkLocation: /default-rack, certSerialId: null} reports an CLOSED replica.
2019-10-17 07:01:54,227 [EventQueue-ContainerReportForContainerReportHandler] WARN  container.ContainerReportHandler (AbstractContainerReportHandler.java:updateContainerState(145)) - Container #1 is in OPEN state, but the datanode 328eda30-7a38-4124-8420-4db3824d3ef4{ip: 192.168.34.62, host: pr-hdds-1868-lzclr-202649289, networkLocation: /default-rack, certSerialId: null} reports an CLOSED replica.
2019-10-17 07:01:54,429 [EventQueue-ContainerReportForContainerReportHandler] WARN  container.ContainerReportHandler (AbstractContainerReportHandler.java:updateContainerState(145)) - Container #1 is in OPEN state, but the datanode cae7164a-c8b0-4e78-9c02-4190bab4d7cb{ip: 192.168.34.62, host: pr-hdds-1868-lzclr-202649289, networkLocation: /default-rack, certSerialId: null} reports an CLOSED replica.
2019-10-17 07:01:54,526 [EventQueue-ContainerReportForContainerReportHandler] WARN  container.ContainerReportHandler (AbstractContainerReportHandler.java:updateContainerState(145)) - Container #1 is in OPEN state, but the datanode 328eda30-7a38-4124-8420-4db3824d3ef4{ip: 192.168.34.62, host: pr-hdds-1868-lzclr-202649289, networkLocation: /default-rack, certSerialId: null} reports an CLOSED replica.
2019-10-17 07:01:54,629 [EventQueue-ContainerReportForContainerReportHandler] WARN  container.ContainerReportHandler (AbstractContainerReportHandler.java:updateContainerState(145)) - Container #1 is in OPEN state, but the datanode cae7164a-c8b0-4e78-9c02-4190bab4d7cb{ip: 192.168.34.62, host: pr-hdds-1868-lzclr-202649289, networkLocation: /default-rack, certSerialId: null} reports an CLOSED replica.
2019-10-17 07:01:54,770 [BlockDeletingService#2] WARN  background.BlockDeletingService (BlockDeletingService.java:isDeletionAllowed(187)) - Close Container log Index 6 is not replicated across allthe servers in the pipeline 72246393-9d1a-4fd5-982f-c349846def79 as the min replicated index is 4. Deletion is not allowed in this container yet.
2019-10-17 07:01:54,770 [BlockDeletingService#2] WARN  background.BlockDeletingService (BlockDeletingService.java:isDeletionAllowed(187)) - Close Container log Index 6 is not replicated across allthe servers in the pipeline 72246393-9d1a-4fd5-982f-c349846def79 as the min replicated index is 4. Deletion is not allowed in this container yet.
2019-10-17 07:01:54,826 [EventQueue-ContainerReportForContainerReportHandler] WARN  container.ContainerReportHandler (AbstractContainerReportHandler.java:updateContainerState(145)) - Container #1 is in OPEN state, but the datanode 328eda30-7a38-4124-8420-4db3824d3ef4{ip: 192.168.34.62, host: pr-hdds-1868-lzclr-202649289, networkLocation: /default-rack, certSerialId: null} reports an CLOSED replica.
2019-10-17 07:01:54,929 [EventQueue-ContainerReportForContainerReportHandler] WARN  container.ContainerReportHandler (AbstractContainerReportHandler.java:updateContainerState(145)) - Container #1 is in OPEN state, but the datanode cae7164a-c8b0-4e78-9c02-4190bab4d7cb{ip: 192.168.34.62, host: pr-hdds-1868-lzclr-202649289, networkLocation: /default-rack, certSerialId: null} reports an CLOSED replica.
2019-10-17 07:01:55,026 [EventQueue-ContainerReportForContainerReportHandler] WARN  container.ContainerReportHandler (AbstractContainerReportHandler.java:updateContainerState(145)) - Container #1 is in OPEN state, but the datanode 328eda30-7a38-4124-8420-4db3824d3ef4{ip: 192.168.34.62, host: pr-hdds-1868-lzclr-202649289, networkLocation: /default-rack, certSerialId: null} reports an CLOSED replica.
2019-10-17 07:01:55,157 [java.util.concurrent.ThreadPoolExecutor$Worker@69357c50[State = -1, empty queue]] WARN  server.GrpcLogAppender (GrpcLogAppender.java:timeoutAppendRequest(209)) - cae7164a-c8b0-4e78-9c02-4190bab4d7cb@group-C349846DEF79->03dd9899-51e5-4f83-b08a-708074177aaf-GrpcLogAppender: appendEntries Timeout, request=cae7164a-c8b0-4e78-9c02-4190bab4d7cb->03dd9899-51e5-4f83-b08a-708074177aaf#41-t2, previous=(t:2, i:10), leaderCommit=10, initializing? false, entries: <empty>
2019-10-17 07:01:55,227 [EventQueue-ContainerReportForContainerReportHandler] WARN  container.ContainerReportHandler (AbstractContainerReportHandler.java:updateContainerState(145)) - Container #1 is in OPEN state, but the datanode 328eda30-7a38-4124-8420-4db3824d3ef4{ip: 192.168.34.62, host: pr-hdds-1868-lzclr-202649289, networkLocation: /default-rack, certSerialId: null} reports an CLOSED replica.
2019-10-17 07:01:55,229 [EventQueue-ContainerReportForContainerReportHandler] WARN  container.ContainerReportHandler (AbstractContainerReportHandler.java:updateContainerState(145)) - Container #1 is in OPEN state, but the datanode cae7164a-c8b0-4e78-9c02-4190bab4d7cb{ip: 192.168.34.62, host: pr-hdds-1868-lzclr-202649289, networkLocation: /default-rack, certSerialId: null} reports an CLOSED replica.
2019-10-17 07:01:55,527 [EventQueue-ContainerReportForContainerReportHandler] WARN  container.ContainerReportHandler (AbstractContainerReportHandler.java:updateContainerState(145)) - Container #1 is in OPEN state, but the datanode 328eda30-7a38-4124-8420-4db3824d3ef4{ip: 192.168.34.62, host: pr-hdds-1868-lzclr-202649289, networkLocation: /default-rack, certSerialId: null} reports an CLOSED replica.
2019-10-17 07:01:55,530 [EventQueue-ContainerReportForContainerReportHandler] WARN  container.ContainerReportHandler (AbstractContainerReportHandler.java:updateContainerState(145)) - Container #1 is in OPEN state, but the datanode cae7164a-c8b0-4e78-9c02-4190bab4d7cb{ip: 192.168.34.62, host: pr-hdds-1868-lzclr-202649289, networkLocation: /default-rack, certSerialId: null} reports an CLOSED replica.
2019-10-17 07:01:55,731 [EventQueue-ContainerReportForContainerReportHandler] WARN  container.ContainerReportHandler (AbstractContainerReportHandler.java:updateContainerState(145)) - Container #1 is in OPEN state, but the datanode cae7164a-c8b0-4e78-9c02-4190bab4d7cb{ip: 192.168.34.62, host: pr-hdds-1868-lzclr-202649289, networkLocation: /default-rack, certSerialId: null} reports an CLOSED replica.
2019-10-17 07:01:55,771 [BlockDeletingService#2] WARN  background.BlockDeletingService (BlockDeletingService.java:isDeletionAllowed(187)) - Close Container log Index 6 is not replicated across allthe servers in the pipeline 72246393-9d1a-4fd5-982f-c349846def79 as the min replicated index is 4. Deletion is not allowed in this container yet.
2019-10-17 07:01:55,771 [BlockDeletingService#2] WARN  background.BlockDeletingService (BlockDeletingService.java:isDeletionAllowed(187)) - Close Container log Index 6 is not replicated across allthe servers in the pipeline 72246393-9d1a-4fd5-982f-c349846def79 as the min replicated index is 4. Deletion is not allowed in this container yet.
2019-10-17 07:01:55,826 [EventQueue-ContainerReportForContainerReportHandler] WARN  container.ContainerReportHandler (AbstractContainerReportHandler.java:updateContainerState(145)) - Container #1 is in OPEN state, but the datanode 328eda30-7a38-4124-8420-4db3824d3ef4{ip: 192.168.34.62, host: pr-hdds-1868-lzclr-202649289, networkLocation: /default-rack, certSerialId: null} reports an CLOSED replica.
2019-10-17 07:01:56,031 [EventQueue-ContainerReportForContainerReportHandler] WARN  container.ContainerReportHandler (AbstractContainerReportHandler.java:updateContainerState(145)) - Container #1 is in OPEN state, but the datanode cae7164a-c8b0-4e78-9c02-4190bab4d7cb{ip: 192.168.34.62, host: pr-hdds-1868-lzclr-202649289, networkLocation: /default-rack, certSerialId: null} reports an CLOSED replica.
2019-10-17 07:01:56,228 [EventQueue-ContainerReportForContainerReportHandler] WARN  container.ContainerReportHandler (AbstractContainerReportHandler.java:updateContainerState(145)) - Container #1 is in OPEN state, but the datanode 328eda30-7a38-4124-8420-4db3824d3ef4{ip: 192.168.34.62, host: pr-hdds-1868-lzclr-202649289, networkLocation: /default-rack, certSerialId: null} reports an CLOSED replica.
2019-10-17 07:01:56,332 [EventQueue-ContainerReportForContainerReportHandler] WARN  container.ContainerReportHandler (AbstractContainerReportHandler.java:updateContainerState(145)) - Container #1 is in OPEN state, but the datanode cae7164a-c8b0-4e78-9c02-4190bab4d7cb{ip: 192.168.34.62, host: pr-hdds-1868-lzclr-202649289, networkLocation: /default-rack, certSerialId: null} reports an CLOSED replica.
2019-10-17 07:01:56,527 [EventQueue-ContainerReportForContainerReportHandler] WARN  container.ContainerReportHandler (AbstractContainerReportHandler.java:updateContainerState(145)) - Container #1 is in OPEN state, but the datanode 328eda30-7a38-4124-8420-4db3824d3ef4{ip: 192.168.34.62, host: pr-hdds-1868-lzclr-202649289, networkLocation: /default-rack, certSerialId: null} reports an CLOSED replica.
2019-10-17 07:01:56,633 [EventQueue-ContainerReportForContainerReportHandler] WARN  container.ContainerReportHandler (AbstractContainerReportHandler.java:updateContainerState(145)) - Container #1 is in OPEN state, but the datanode cae7164a-c8b0-4e78-9c02-4190bab4d7cb{ip: 192.168.34.62, host: pr-hdds-1868-lzclr-202649289, networkLocation: /default-rack, certSerialId: null} reports an CLOSED replica.
2019-10-17 07:01:56,728 [EventQueue-ContainerReportForContainerReportHandler] WARN  container.ContainerReportHandler (AbstractContainerReportHandler.java:updateContainerState(145)) - Container #1 is in OPEN state, but the datanode 328eda30-7a38-4124-8420-4db3824d3ef4{ip: 192.168.34.62, host: pr-hdds-1868-lzclr-202649289, networkLocation: /default-rack, certSerialId: null} reports an CLOSED replica.
2019-10-17 07:01:56,774 [BlockDeletingService#2] WARN  background.BlockDeletingService (BlockDeletingService.java:isDeletionAllowed(187)) - Close Container log Index 6 is not replicated across allthe servers in the pipeline 72246393-9d1a-4fd5-982f-c349846def79 as the min replicated index is 4. Deletion is not allowed in this container yet.
2019-10-17 07:01:56,774 [BlockDeletingService#2] WARN  background.BlockDeletingService (BlockDeletingService.java:isDeletionAllowed(187)) - Close Container log Index 6 is not replicated across allthe servers in the pipeline 72246393-9d1a-4fd5-982f-c349846def79 as the min replicated index is 4. Deletion is not allowed in this container yet.
2019-10-17 07:01:56,834 [EventQueue-ContainerReportForContainerReportHandler] WARN  container.ContainerReportHandler (AbstractContainerReportHandler.java:updateContainerState(145)) - Container #1 is in OPEN state, but the datanode cae7164a-c8b0-4e78-9c02-4190bab4d7cb{ip: 192.168.34.62, host: pr-hdds-1868-lzclr-202649289, networkLocation: /default-rack, certSerialId: null} reports an CLOSED replica.
2019-10-17 07:01:57,027 [EventQueue-ContainerReportForContainerReportHandler] WARN  container.ContainerReportHandler (AbstractContainerReportHandler.java:updateContainerState(145)) - Container #1 is in OPEN state, but the datanode 328eda30-7a38-4124-8420-4db3824d3ef4{ip: 192.168.34.62, host: pr-hdds-1868-lzclr-202649289, networkLocation: /default-rack, certSerialId: null} reports an CLOSED replica.
2019-10-17 07:01:57,133 [EventQueue-ContainerReportForContainerReportHandler] WARN  container.ContainerReportHandler (AbstractContainerReportHandler.java:updateContainerState(145)) - Container #1 is in OPEN state, but the datanode cae7164a-c8b0-4e78-9c02-4190bab4d7cb{ip: 192.168.34.62, host: pr-hdds-1868-lzclr-202649289, networkLocation: /default-rack, certSerialId: null} reports an CLOSED replica.
2019-10-17 07:01:57,328 [EventQueue-ContainerReportForContainerReportHandler] WARN  container.ContainerReportHandler (AbstractContainerReportHandler.java:updateContainerState(145)) - Container #1 is in OPEN state, but the datanode 328eda30-7a38-4124-8420-4db3824d3ef4{ip: 192.168.34.62, host: pr-hdds-1868-lzclr-202649289, networkLocation: /default-rack, certSerialId: null} reports an CLOSED replica.
2019-10-17 07:01:57,434 [EventQueue-ContainerReportForContainerReportHandler] WARN  container.ContainerReportHandler (AbstractContainerReportHandler.java:updateContainerState(145)) - Container #1 is in OPEN state, but the datanode cae7164a-c8b0-4e78-9c02-4190bab4d7cb{ip: 192.168.34.62, host: pr-hdds-1868-lzclr-202649289, networkLocation: /default-rack, certSerialId: null} reports an CLOSED replica.
2019-10-17 07:01:57,627 [EventQueue-ContainerReportForContainerReportHandler] WARN  container.ContainerReportHandler (AbstractContainerReportHandler.java:updateContainerState(145)) - Container #1 is in OPEN state, but the datanode 328eda30-7a38-4124-8420-4db3824d3ef4{ip: 192.168.34.62, host: pr-hdds-1868-lzclr-202649289, networkLocation: /default-rack, certSerialId: null} reports an CLOSED replica.
2019-10-17 07:01:57,633 [EventQueue-ContainerReportForContainerReportHandler] WARN  container.ContainerReportHandler (AbstractContainerReportHandler.java:updateContainerState(145)) - Container #1 is in OPEN state, but the datanode cae7164a-c8b0-4e78-9c02-4190bab4d7cb{ip: 192.168.34.62, host: pr-hdds-1868-lzclr-202649289, networkLocation: /default-rack, certSerialId: null} reports an CLOSED replica.
2019-10-17 07:01:57,658 [java.util.concurrent.ThreadPoolExecutor$Worker@69357c50[State = -1, empty queue]] WARN  server.GrpcLogAppender (GrpcLogAppender.java:timeoutAppendRequest(209)) - cae7164a-c8b0-4e78-9c02-4190bab4d7cb@group-C349846DEF79->03dd9899-51e5-4f83-b08a-708074177aaf-GrpcLogAppender: appendEntries Timeout, request=cae7164a-c8b0-4e78-9c02-4190bab4d7cb->03dd9899-51e5-4f83-b08a-708074177aaf#42-t2, previous=(t:2, i:10), leaderCommit=10, initializing? false, entries: <empty>
2019-10-17 07:01:57,776 [BlockDeletingService#2] WARN  background.BlockDeletingService (BlockDeletingService.java:isDeletionAllowed(187)) - Close Container log Index 6 is not replicated across allthe servers in the pipeline 72246393-9d1a-4fd5-982f-c349846def79 as the min replicated index is 4. Deletion is not allowed in this container yet.
2019-10-17 07:01:57,776 [BlockDeletingService#2] WARN  background.BlockDeletingService (BlockDeletingService.java:isDeletionAllowed(187)) - Close Container log Index 6 is not replicated across allthe servers in the pipeline 72246393-9d1a-4fd5-982f-c349846def79 as the min replicated index is 4. Deletion is not allowed in this container yet.
2019-10-17 07:01:57,834 [EventQueue-ContainerReportForContainerReportHandler] WARN  container.ContainerReportHandler (AbstractContainerReportHandler.java:updateContainerState(145)) - Container #1 is in OPEN state, but the datanode cae7164a-c8b0-4e78-9c02-4190bab4d7cb{ip: 192.168.34.62, host: pr-hdds-1868-lzclr-202649289, networkLocation: /default-rack, certSerialId: null} reports an CLOSED replica.
2019-10-17 07:01:58,027 [EventQueue-ContainerReportForContainerReportHandler] WARN  container.ContainerReportHandler (AbstractContainerReportHandler.java:updateContainerState(145)) - Container #1 is in OPEN state, but the datanode 328eda30-7a38-4124-8420-4db3824d3ef4{ip: 192.168.34.62, host: pr-hdds-1868-lzclr-202649289, networkLocation: /default-rack, certSerialId: null} reports an CLOSED replica.
2019-10-17 07:01:58,133 [EventQueue-ContainerReportForContainerReportHandler] WARN  container.ContainerReportHandler (AbstractContainerReportHandler.java:updateContainerState(145)) - Container #1 is in OPEN state, but the datanode cae7164a-c8b0-4e78-9c02-4190bab4d7cb{ip: 192.168.34.62, host: pr-hdds-1868-lzclr-202649289, networkLocation: /default-rack, certSerialId: null} reports an CLOSED replica.
2019-10-17 07:01:58,304 [Thread-461] INFO  client.GrpcClientProtocolService (GrpcClientProtocolService.java:lambda$processClientRequest$0(278)) - Failed RaftClientRequest:client-1BB1B1ECBBFA->328eda30-7a38-4124-8420-4db3824d3ef4@group-C349846DEF79, cid=10, seq=0, Watch-ALL_COMMITTED(6), Message:<EMPTY>, reply=RaftClientReply:client-1BB1B1ECBBFA->328eda30-7a38-4124-8420-4db3824d3ef4@group-C349846DEF79, cid=10, FAILED org.apache.ratis.protocol.NotLeaderException: Server 328eda30-7a38-4124-8420-4db3824d3ef4@group-C349846DEF79 is not the leader cae7164a-c8b0-4e78-9c02-4190bab4d7cb:192.168.34.62:46027, logIndex=0, commits[328eda30-7a38-4124-8420-4db3824d3ef4:c10, 03dd9899-51e5-4f83-b08a-708074177aaf:c4, cae7164a-c8b0-4e78-9c02-4190bab4d7cb:c10]
2019-10-17 07:01:58,327 [EventQueue-ContainerReportForContainerReportHandler] WARN  container.ContainerReportHandler (AbstractContainerReportHandler.java:updateContainerState(145)) - Container #1 is in OPEN state, but the datanode 328eda30-7a38-4124-8420-4db3824d3ef4{ip: 192.168.34.62, host: pr-hdds-1868-lzclr-202649289, networkLocation: /default-rack, certSerialId: null} reports an CLOSED replica.
2019-10-17 07:01:58,528 [EventQueue-ContainerReportForContainerReportHandler] WARN  container.ContainerReportHandler (AbstractContainerReportHandler.java:updateContainerState(145)) - Container #1 is in OPEN state, but the datanode 328eda30-7a38-4124-8420-4db3824d3ef4{ip: 192.168.34.62, host: pr-hdds-1868-lzclr-202649289, networkLocation: /default-rack, certSerialId: null} reports an CLOSED replica.
2019-10-17 07:01:58,533 [EventQueue-ContainerReportForContainerReportHandler] WARN  container.ContainerReportHandler (AbstractContainerReportHandler.java:updateContainerState(145)) - Container #1 is in OPEN state, but the datanode cae7164a-c8b0-4e78-9c02-4190bab4d7cb{ip: 192.168.34.62, host: pr-hdds-1868-lzclr-202649289, networkLocation: /default-rack, certSerialId: null} reports an CLOSED replica.
2019-10-17 07:01:58,756 [Thread-464] INFO  client.GrpcClientProtocolService (GrpcClientProtocolService.java:lambda$processClientRequest$0(278)) - Failed RaftClientRequest:client-1BB1B1ECBBFA->cae7164a-c8b0-4e78-9c02-4190bab4d7cb@group-C349846DEF79, cid=10, seq=0, Watch-ALL_COMMITTED(6), Message:<EMPTY>, reply=RaftClientReply:client-1BB1B1ECBBFA->cae7164a-c8b0-4e78-9c02-4190bab4d7cb@group-C349846DEF79, cid=10, FAILED org.apache.ratis.protocol.NotReplicatedException: Request with call Id 10 and log index 6 is not yet replicated to ALL_COMMITTED, logIndex=6, commits[cae7164a-c8b0-4e78-9c02-4190bab4d7cb:c10, 328eda30-7a38-4124-8420-4db3824d3ef4:c10, 03dd9899-51e5-4f83-b08a-708074177aaf:c4]
2019-10-17 07:01:58,778 [BlockDeletingService#2] WARN  background.BlockDeletingService (BlockDeletingService.java:isDeletionAllowed(187)) - Close Container log Index 6 is not replicated across allthe servers in the pipeline 72246393-9d1a-4fd5-982f-c349846def79 as the min replicated index is 4. Deletion is not allowed in this container yet.
2019-10-17 07:01:58,778 [BlockDeletingService#2] WARN  background.BlockDeletingService (BlockDeletingService.java:isDeletionAllowed(187)) - Close Container log Index 6 is not replicated across allthe servers in the pipeline 72246393-9d1a-4fd5-982f-c349846def79 as the min replicated index is 4. Deletion is not allowed in this container yet.
2019-10-17 07:01:58,827 [EventQueue-ContainerReportForContainerReportHandler] WARN  container.ContainerReportHandler (AbstractContainerReportHandler.java:updateContainerState(145)) - Container #1 is in OPEN state, but the datanode 328eda30-7a38-4124-8420-4db3824d3ef4{ip: 192.168.34.62, host: pr-hdds-1868-lzclr-202649289, networkLocation: /default-rack, certSerialId: null} reports an CLOSED replica.
2019-10-17 07:01:58,833 [EventQueue-ContainerReportForContainerReportHandler] WARN  container.ContainerReportHandler (AbstractContainerReportHandler.java:updateContainerState(145)) - Container #1 is in OPEN state, but the datanode cae7164a-c8b0-4e78-9c02-4190bab4d7cb{ip: 192.168.34.62, host: pr-hdds-1868-lzclr-202649289, networkLocation: /default-rack, certSerialId: null} reports an CLOSED replica.
2019-10-17 07:01:59,028 [EventQueue-ContainerReportForContainerReportHandler] WARN  container.ContainerReportHandler (AbstractContainerReportHandler.java:updateContainerState(145)) - Container #1 is in OPEN state, but the datanode 328eda30-7a38-4124-8420-4db3824d3ef4{ip: 192.168.34.62, host: pr-hdds-1868-lzclr-202649289, networkLocation: /default-rack, certSerialId: null} reports an CLOSED replica.
2019-10-17 07:01:59,133 [EventQueue-ContainerReportForContainerReportHandler] WARN  container.ContainerReportHandler (AbstractContainerReportHandler.java:updateContainerState(145)) - Container #1 is in OPEN state, but the datanode cae7164a-c8b0-4e78-9c02-4190bab4d7cb{ip: 192.168.34.62, host: pr-hdds-1868-lzclr-202649289, networkLocation: /default-rack, certSerialId: null} reports an CLOSED replica.
2019-10-17 07:01:59,328 [EventQueue-ContainerReportForContainerReportHandler] WARN  container.ContainerReportHandler (AbstractContainerReportHandler.java:updateContainerState(145)) - Container #1 is in OPEN state, but the datanode 328eda30-7a38-4124-8420-4db3824d3ef4{ip: 192.168.34.62, host: pr-hdds-1868-lzclr-202649289, networkLocation: /default-rack, certSerialId: null} reports an CLOSED replica.
2019-10-17 07:01:59,434 [EventQueue-ContainerReportForContainerReportHandler] WARN  container.ContainerReportHandler (AbstractContainerReportHandler.java:updateContainerState(145)) - Container #1 is in OPEN state, but the datanode cae7164a-c8b0-4e78-9c02-4190bab4d7cb{ip: 192.168.34.62, host: pr-hdds-1868-lzclr-202649289, networkLocation: /default-rack, certSerialId: null} reports an CLOSED replica.
2019-10-17 07:01:59,728 [EventQueue-ContainerReportForContainerReportHandler] WARN  container.ContainerReportHandler (AbstractContainerReportHandler.java:updateContainerState(145)) - Container #1 is in OPEN state, but the datanode 328eda30-7a38-4124-8420-4db3824d3ef4{ip: 192.168.34.62, host: pr-hdds-1868-lzclr-202649289, networkLocation: /default-rack, certSerialId: null} reports an CLOSED replica.
2019-10-17 07:01:59,782 [BlockDeletingService#2] WARN  background.BlockDeletingService (BlockDeletingService.java:isDeletionAllowed(187)) - Close Container log Index 6 is not replicated across allthe servers in the pipeline 72246393-9d1a-4fd5-982f-c349846def79 as the min replicated index is 4. Deletion is not allowed in this container yet.
2019-10-17 07:01:59,782 [BlockDeletingService#2] WARN  background.BlockDeletingService (BlockDeletingService.java:isDeletionAllowed(187)) - Close Container log Index 6 is not replicated across allthe servers in the pipeline 72246393-9d1a-4fd5-982f-c349846def79 as the min replicated index is 4. Deletion is not allowed in this container yet.
2019-10-17 07:01:59,836 [EventQueue-ContainerReportForContainerReportHandler] WARN  container.ContainerReportHandler (AbstractContainerReportHandler.java:updateContainerState(145)) - Container #1 is in OPEN state, but the datanode cae7164a-c8b0-4e78-9c02-4190bab4d7cb{ip: 192.168.34.62, host: pr-hdds-1868-lzclr-202649289, networkLocation: /default-rack, certSerialId: null} reports an CLOSED replica.
2019-10-17 07:01:59,927 [EventQueue-ContainerReportForContainerReportHandler] WARN  container.ContainerReportHandler (AbstractContainerReportHandler.java:updateContainerState(145)) - Container #1 is in OPEN state, but the datanode 328eda30-7a38-4124-8420-4db3824d3ef4{ip: 192.168.34.62, host: pr-hdds-1868-lzclr-202649289, networkLocation: /default-rack, certSerialId: null} reports an CLOSED replica.
2019-10-17 07:02:00,127 [EventQueue-ContainerReportForContainerReportHandler] WARN  container.ContainerReportHandler (AbstractContainerReportHandler.java:updateContainerState(145)) - Container #1 is in OPEN state, but the datanode 328eda30-7a38-4124-8420-4db3824d3ef4{ip: 192.168.34.62, host: pr-hdds-1868-lzclr-202649289, networkLocation: /default-rack, certSerialId: null} reports an CLOSED replica.
2019-10-17 07:02:00,136 [EventQueue-ContainerReportForContainerReportHandler] WARN  container.ContainerReportHandler (AbstractContainerReportHandler.java:updateContainerState(145)) - Container #1 is in OPEN state, but the datanode cae7164a-c8b0-4e78-9c02-4190bab4d7cb{ip: 192.168.34.62, host: pr-hdds-1868-lzclr-202649289, networkLocation: /default-rack, certSerialId: null} reports an CLOSED replica.
2019-10-17 07:02:00,159 [java.util.concurrent.ThreadPoolExecutor$Worker@69357c50[State = -1, empty queue]] WARN  server.GrpcLogAppender (GrpcLogAppender.java:timeoutAppendRequest(209)) - cae7164a-c8b0-4e78-9c02-4190bab4d7cb@group-C349846DEF79->03dd9899-51e5-4f83-b08a-708074177aaf-GrpcLogAppender: appendEntries Timeout, request=cae7164a-c8b0-4e78-9c02-4190bab4d7cb->03dd9899-51e5-4f83-b08a-708074177aaf#43-t2, previous=(t:2, i:10), leaderCommit=10, initializing? false, entries: <empty>
2019-10-17 07:02:00,427 [EventQueue-ContainerReportForContainerReportHandler] WARN  container.ContainerReportHandler (AbstractContainerReportHandler.java:updateContainerState(145)) - Container #1 is in OPEN state, but the datanode 328eda30-7a38-4124-8420-4db3824d3ef4{ip: 192.168.34.62, host: pr-hdds-1868-lzclr-202649289, networkLocation: /default-rack, certSerialId: null} reports an CLOSED replica.
2019-10-17 07:02:00,537 [EventQueue-ContainerReportForContainerReportHandler] WARN  container.ContainerReportHandler (AbstractContainerReportHandler.java:updateContainerState(145)) - Container #1 is in OPEN state, but the datanode cae7164a-c8b0-4e78-9c02-4190bab4d7cb{ip: 192.168.34.62, host: pr-hdds-1868-lzclr-202649289, networkLocation: /default-rack, certSerialId: null} reports an CLOSED replica.
2019-10-17 07:02:00,728 [EventQueue-ContainerReportForContainerReportHandler] WARN  container.ContainerReportHandler (AbstractContainerReportHandler.java:updateContainerState(145)) - Container #1 is in OPEN state, but the datanode 328eda30-7a38-4124-8420-4db3824d3ef4{ip: 192.168.34.62, host: pr-hdds-1868-lzclr-202649289, networkLocation: /default-rack, certSerialId: null} reports an CLOSED replica.
2019-10-17 07:02:00,737 [EventQueue-ContainerReportForContainerReportHandler] WARN  container.ContainerReportHandler (AbstractContainerReportHandler.java:updateContainerState(145)) - Container #1 is in OPEN state, but the datanode cae7164a-c8b0-4e78-9c02-4190bab4d7cb{ip: 192.168.34.62, host: pr-hdds-1868-lzclr-202649289, networkLocation: /default-rack, certSerialId: null} reports an CLOSED replica.
2019-10-17 07:02:00,784 [BlockDeletingService#2] WARN  background.BlockDeletingService (BlockDeletingService.java:isDeletionAllowed(187)) - Close Container log Index 6 is not replicated across allthe servers in the pipeline 72246393-9d1a-4fd5-982f-c349846def79 as the min replicated index is 4. Deletion is not allowed in this container yet.
2019-10-17 07:02:00,784 [BlockDeletingService#2] WARN  background.BlockDeletingService (BlockDeletingService.java:isDeletionAllowed(187)) - Close Container log Index 6 is not replicated across allthe servers in the pipeline 72246393-9d1a-4fd5-982f-c349846def79 as the min replicated index is 4. Deletion is not allowed in this container yet.
2019-10-17 07:02:00,937 [EventQueue-ContainerReportForContainerReportHandler] WARN  container.ContainerReportHandler (AbstractContainerReportHandler.java:updateContainerState(145)) - Container #1 is in OPEN state, but the datanode cae7164a-c8b0-4e78-9c02-4190bab4d7cb{ip: 192.168.34.62, host: pr-hdds-1868-lzclr-202649289, networkLocation: /default-rack, certSerialId: null} reports an CLOSED replica.
2019-10-17 07:02:01,028 [EventQueue-ContainerReportForContainerReportHandler] WARN  container.ContainerReportHandler (AbstractContainerReportHandler.java:updateContainerState(145)) - Container #1 is in OPEN state, but the datanode 328eda30-7a38-4124-8420-4db3824d3ef4{ip: 192.168.34.62, host: pr-hdds-1868-lzclr-202649289, networkLocation: /default-rack, certSerialId: null} reports an CLOSED replica.
2019-10-17 07:02:01,237 [EventQueue-ContainerReportForContainerReportHandler] WARN  container.ContainerReportHandler (AbstractContainerReportHandler.java:updateContainerState(145)) - Container #1 is in OPEN state, but the datanode cae7164a-c8b0-4e78-9c02-4190bab4d7cb{ip: 192.168.34.62, host: pr-hdds-1868-lzclr-202649289, networkLocation: /default-rack, certSerialId: null} reports an CLOSED replica.
2019-10-17 07:02:01,328 [EventQueue-ContainerReportForContainerReportHandler] WARN  container.ContainerReportHandler (AbstractContainerReportHandler.java:updateContainerState(145)) - Container #1 is in OPEN state, but the datanode 328eda30-7a38-4124-8420-4db3824d3ef4{ip: 192.168.34.62, host: pr-hdds-1868-lzclr-202649289, networkLocation: /default-rack, certSerialId: null} reports an CLOSED replica.
2019-10-17 07:02:01,528 [EventQueue-ContainerReportForContainerReportHandler] WARN  container.ContainerReportHandler (AbstractContainerReportHandler.java:updateContainerState(145)) - Container #1 is in OPEN state, but the datanode 328eda30-7a38-4124-8420-4db3824d3ef4{ip: 192.168.34.62, host: pr-hdds-1868-lzclr-202649289, networkLocation: /default-rack, certSerialId: null} reports an CLOSED replica.
2019-10-17 07:02:01,638 [EventQueue-ContainerReportForContainerReportHandler] WARN  container.ContainerReportHandler (AbstractContainerReportHandler.java:updateContainerState(145)) - Container #1 is in OPEN state, but the datanode cae7164a-c8b0-4e78-9c02-4190bab4d7cb{ip: 192.168.34.62, host: pr-hdds-1868-lzclr-202649289, networkLocation: /default-rack, certSerialId: null} reports an CLOSED replica.
2019-10-17 07:02:01,786 [BlockDeletingService#2] WARN  background.BlockDeletingService (BlockDeletingService.java:isDeletionAllowed(187)) - Close Container log Index 6 is not replicated across allthe servers in the pipeline 72246393-9d1a-4fd5-982f-c349846def79 as the min replicated index is 4. Deletion is not allowed in this container yet.
2019-10-17 07:02:01,786 [BlockDeletingService#2] WARN  background.BlockDeletingService (BlockDeletingService.java:isDeletionAllowed(187)) - Close Container log Index 6 is not replicated across allthe servers in the pipeline 72246393-9d1a-4fd5-982f-c349846def79 as the min replicated index is 4. Deletion is not allowed in this container yet.
2019-10-17 07:02:01,828 [EventQueue-ContainerReportForContainerReportHandler] WARN  container.ContainerReportHandler (AbstractContainerReportHandler.java:updateContainerState(145)) - Container #1 is in OPEN state, but the datanode 328eda30-7a38-4124-8420-4db3824d3ef4{ip: 192.168.34.62, host: pr-hdds-1868-lzclr-202649289, networkLocation: /default-rack, certSerialId: null} reports an CLOSED replica.
2019-10-17 07:02:02,029 [EventQueue-ContainerReportForContainerReportHandler] WARN  container.ContainerReportHandler (AbstractContainerReportHandler.java:updateContainerState(145)) - Container #1 is in OPEN state, but the datanode 328eda30-7a38-4124-8420-4db3824d3ef4{ip: 192.168.34.62, host: pr-hdds-1868-lzclr-202649289, networkLocation: /default-rack, certSerialId: null} reports an CLOSED replica.
2019-10-17 07:02:02,038 [EventQueue-ContainerReportForContainerReportHandler] WARN  container.ContainerReportHandler (AbstractContainerReportHandler.java:updateContainerState(145)) - Container #1 is in OPEN state, but the datanode cae7164a-c8b0-4e78-9c02-4190bab4d7cb{ip: 192.168.34.62, host: pr-hdds-1868-lzclr-202649289, networkLocation: /default-rack, certSerialId: null} reports an CLOSED replica.
2019-10-17 07:02:02,329 [EventQueue-ContainerReportForContainerReportHandler] WARN  container.ContainerReportHandler (AbstractContainerReportHandler.java:updateContainerState(145)) - Container #1 is in OPEN state, but the datanode 328eda30-7a38-4124-8420-4db3824d3ef4{ip: 192.168.34.62, host: pr-hdds-1868-lzclr-202649289, networkLocation: /default-rack, certSerialId: null} reports an CLOSED replica.
2019-10-17 07:02:02,339 [EventQueue-ContainerReportForContainerReportHandler] WARN  container.ContainerReportHandler (AbstractContainerReportHandler.java:updateContainerState(145)) - Container #1 is in OPEN state, but the datanode cae7164a-c8b0-4e78-9c02-4190bab4d7cb{ip: 192.168.34.62, host: pr-hdds-1868-lzclr-202649289, networkLocation: /default-rack, certSerialId: null} reports an CLOSED replica.
2019-10-17 07:02:02,539 [EventQueue-ContainerReportForContainerReportHandler] WARN  container.ContainerReportHandler (AbstractContainerReportHandler.java:updateContainerState(145)) - Container #1 is in OPEN state, but the datanode cae7164a-c8b0-4e78-9c02-4190bab4d7cb{ip: 192.168.34.62, host: pr-hdds-1868-lzclr-202649289, networkLocation: /default-rack, certSerialId: null} reports an CLOSED replica.
2019-10-17 07:02:02,660 [java.util.concurrent.ThreadPoolExecutor$Worker@69357c50[State = -1, empty queue]] WARN  server.GrpcLogAppender (GrpcLogAppender.java:timeoutAppendRequest(209)) - cae7164a-c8b0-4e78-9c02-4190bab4d7cb@group-C349846DEF79->03dd9899-51e5-4f83-b08a-708074177aaf-GrpcLogAppender: appendEntries Timeout, request=cae7164a-c8b0-4e78-9c02-4190bab4d7cb->03dd9899-51e5-4f83-b08a-708074177aaf#44-t2, previous=(t:2, i:10), leaderCommit=10, initializing? false, entries: <empty>
2019-10-17 07:02:02,729 [EventQueue-ContainerReportForContainerReportHandler] WARN  container.ContainerReportHandler (AbstractContainerReportHandler.java:updateContainerState(145)) - Container #1 is in OPEN state, but the datanode 328eda30-7a38-4124-8420-4db3824d3ef4{ip: 192.168.34.62, host: pr-hdds-1868-lzclr-202649289, networkLocation: /default-rack, certSerialId: null} reports an CLOSED replica.
2019-10-17 07:02:02,788 [BlockDeletingService#2] WARN  background.BlockDeletingService (BlockDeletingService.java:isDeletionAllowed(187)) - Close Container log Index 6 is not replicated across allthe servers in the pipeline 72246393-9d1a-4fd5-982f-c349846def79 as the min replicated index is 4. Deletion is not allowed in this container yet.
2019-10-17 07:02:02,788 [BlockDeletingService#2] WARN  background.BlockDeletingService (BlockDeletingService.java:isDeletionAllowed(187)) - Close Container log Index 6 is not replicated across allthe servers in the pipeline 72246393-9d1a-4fd5-982f-c349846def79 as the min replicated index is 4. Deletion is not allowed in this container yet.
2019-10-17 07:02:02,839 [EventQueue-ContainerReportForContainerReportHandler] WARN  container.ContainerReportHandler (AbstractContainerReportHandler.java:updateContainerState(145)) - Container #1 is in OPEN state, but the datanode cae7164a-c8b0-4e78-9c02-4190bab4d7cb{ip: 192.168.34.62, host: pr-hdds-1868-lzclr-202649289, networkLocation: /default-rack, certSerialId: null} reports an CLOSED replica.
2019-10-17 07:02:03,028 [EventQueue-ContainerReportForContainerReportHandler] WARN  container.ContainerReportHandler (AbstractContainerReportHandler.java:updateContainerState(145)) - Container #1 is in OPEN state, but the datanode 328eda30-7a38-4124-8420-4db3824d3ef4{ip: 192.168.34.62, host: pr-hdds-1868-lzclr-202649289, networkLocation: /default-rack, certSerialId: null} reports an CLOSED replica.
2019-10-17 07:02:03,139 [EventQueue-ContainerReportForContainerReportHandler] WARN  container.ContainerReportHandler (AbstractContainerReportHandler.java:updateContainerState(145)) - Container #1 is in OPEN state, but the datanode cae7164a-c8b0-4e78-9c02-4190bab4d7cb{ip: 192.168.34.62, host: pr-hdds-1868-lzclr-202649289, networkLocation: /default-rack, certSerialId: null} reports an CLOSED replica.
2019-10-17 07:02:03,328 [EventQueue-ContainerReportForContainerReportHandler] WARN  container.ContainerReportHandler (AbstractContainerReportHandler.java:updateContainerState(145)) - Container #1 is in OPEN state, but the datanode 328eda30-7a38-4124-8420-4db3824d3ef4{ip: 192.168.34.62, host: pr-hdds-1868-lzclr-202649289, networkLocation: /default-rack, certSerialId: null} reports an CLOSED replica.
2019-10-17 07:02:03,340 [EventQueue-ContainerReportForContainerReportHandler] WARN  container.ContainerReportHandler (AbstractContainerReportHandler.java:updateContainerState(145)) - Container #1 is in OPEN state, but the datanode cae7164a-c8b0-4e78-9c02-4190bab4d7cb{ip: 192.168.34.62, host: pr-hdds-1868-lzclr-202649289, networkLocation: /default-rack, certSerialId: null} reports an CLOSED replica.
2019-10-17 07:02:03,728 [EventQueue-ContainerReportForContainerReportHandler] WARN  container.ContainerReportHandler (AbstractContainerReportHandler.java:updateContainerState(145)) - Container #1 is in OPEN state, but the datanode 328eda30-7a38-4124-8420-4db3824d3ef4{ip: 192.168.34.62, host: pr-hdds-1868-lzclr-202649289, networkLocation: /default-rack, certSerialId: null} reports an CLOSED replica.
2019-10-17 07:02:03,740 [EventQueue-ContainerReportForContainerReportHandler] WARN  container.ContainerReportHandler (AbstractContainerReportHandler.java:updateContainerState(145)) - Container #1 is in OPEN state, but the datanode cae7164a-c8b0-4e78-9c02-4190bab4d7cb{ip: 192.168.34.62, host: pr-hdds-1868-lzclr-202649289, networkLocation: /default-rack, certSerialId: null} reports an CLOSED replica.
2019-10-17 07:02:03,789 [BlockDeletingService#2] WARN  background.BlockDeletingService (BlockDeletingService.java:isDeletionAllowed(187)) - Close Container log Index 6 is not replicated across allthe servers in the pipeline 72246393-9d1a-4fd5-982f-c349846def79 as the min replicated index is 4. Deletion is not allowed in this container yet.
2019-10-17 07:02:03,790 [BlockDeletingService#2] WARN  background.BlockDeletingService (BlockDeletingService.java:isDeletionAllowed(187)) - Close Container log Index 6 is not replicated across allthe servers in the pipeline 72246393-9d1a-4fd5-982f-c349846def79 as the min replicated index is 4. Deletion is not allowed in this container yet.
2019-10-17 07:02:04,030 [EventQueue-ContainerReportForContainerReportHandler] WARN  container.ContainerReportHandler (AbstractContainerReportHandler.java:updateContainerState(145)) - Container #1 is in OPEN state, but the datanode 328eda30-7a38-4124-8420-4db3824d3ef4{ip: 192.168.34.62, host: pr-hdds-1868-lzclr-202649289, networkLocation: /default-rack, certSerialId: null} reports an CLOSED replica.
2019-10-17 07:02:04,039 [EventQueue-ContainerReportForContainerReportHandler] WARN  container.ContainerReportHandler (AbstractContainerReportHandler.java:updateContainerState(145)) - Container #1 is in OPEN state, but the datanode cae7164a-c8b0-4e78-9c02-4190bab4d7cb{ip: 192.168.34.62, host: pr-hdds-1868-lzclr-202649289, networkLocation: /default-rack, certSerialId: null} reports an CLOSED replica.
2019-10-17 07:02:04,239 [EventQueue-ContainerReportForContainerReportHandler] WARN  container.ContainerReportHandler (AbstractContainerReportHandler.java:updateContainerState(145)) - Container #1 is in OPEN state, but the datanode cae7164a-c8b0-4e78-9c02-4190bab4d7cb{ip: 192.168.34.62, host: pr-hdds-1868-lzclr-202649289, networkLocation: /default-rack, certSerialId: null} reports an CLOSED replica.
2019-10-17 07:02:04,330 [EventQueue-ContainerReportForContainerReportHandler] WARN  container.ContainerReportHandler (AbstractContainerReportHandler.java:updateContainerState(145)) - Container #1 is in OPEN state, but the datanode 328eda30-7a38-4124-8420-4db3824d3ef4{ip: 192.168.34.62, host: pr-hdds-1868-lzclr-202649289, networkLocation: /default-rack, certSerialId: null} reports an CLOSED replica.
2019-10-17 07:02:04,540 [EventQueue-ContainerReportForContainerReportHandler] WARN  container.ContainerReportHandler (AbstractContainerReportHandler.java:updateContainerState(145)) - Container #1 is in OPEN state, but the datanode cae7164a-c8b0-4e78-9c02-4190bab4d7cb{ip: 192.168.34.62, host: pr-hdds-1868-lzclr-202649289, networkLocation: /default-rack, certSerialId: null} reports an CLOSED replica.
2019-10-17 07:02:04,630 [EventQueue-ContainerReportForContainerReportHandler] WARN  container.ContainerReportHandler (AbstractContainerReportHandler.java:updateContainerState(145)) - Container #1 is in OPEN state, but the datanode 328eda30-7a38-4124-8420-4db3824d3ef4{ip: 192.168.34.62, host: pr-hdds-1868-lzclr-202649289, networkLocation: /default-rack, certSerialId: null} reports an CLOSED replica.
2019-10-17 07:02:04,791 [BlockDeletingService#2] WARN  background.BlockDeletingService (BlockDeletingService.java:isDeletionAllowed(187)) - Close Container log Index 6 is not replicated across allthe servers in the pipeline 72246393-9d1a-4fd5-982f-c349846def79 as the min replicated index is 4. Deletion is not allowed in this container yet.
2019-10-17 07:02:04,791 [BlockDeletingService#2] WARN  background.BlockDeletingService (BlockDeletingService.java:isDeletionAllowed(187)) - Close Container log Index 6 is not replicated across allthe servers in the pipeline 72246393-9d1a-4fd5-982f-c349846def79 as the min replicated index is 4. Deletion is not allowed in this container yet.
2019-10-17 07:02:04,839 [EventQueue-ContainerReportForContainerReportHandler] WARN  container.ContainerReportHandler (AbstractContainerReportHandler.java:updateContainerState(145)) - Container #1 is in OPEN state, but the datanode cae7164a-c8b0-4e78-9c02-4190bab4d7cb{ip: 192.168.34.62, host: pr-hdds-1868-lzclr-202649289, networkLocation: /default-rack, certSerialId: null} reports an CLOSED replica.
2019-10-17 07:02:04,930 [EventQueue-ContainerReportForContainerReportHandler] WARN  container.ContainerReportHandler (AbstractContainerReportHandler.java:updateContainerState(145)) - Container #1 is in OPEN state, but the datanode 328eda30-7a38-4124-8420-4db3824d3ef4{ip: 192.168.34.62, host: pr-hdds-1868-lzclr-202649289, networkLocation: /default-rack, certSerialId: null} reports an CLOSED replica.
2019-10-17 07:02:05,140 [EventQueue-ContainerReportForContainerReportHandler] WARN  container.ContainerReportHandler (AbstractContainerReportHandler.java:updateContainerState(145)) - Container #1 is in OPEN state, but the datanode cae7164a-c8b0-4e78-9c02-4190bab4d7cb{ip: 192.168.34.62, host: pr-hdds-1868-lzclr-202649289, networkLocation: /default-rack, certSerialId: null} reports an CLOSED replica.
2019-10-17 07:02:05,162 [java.util.concurrent.ThreadPoolExecutor$Worker@69357c50[State = -1, empty queue]] WARN  server.GrpcLogAppender (GrpcLogAppender.java:timeoutAppendRequest(209)) - cae7164a-c8b0-4e78-9c02-4190bab4d7cb@group-C349846DEF79->03dd9899-51e5-4f83-b08a-708074177aaf-GrpcLogAppender: appendEntries Timeout, request=cae7164a-c8b0-4e78-9c02-4190bab4d7cb->03dd9899-51e5-4f83-b08a-708074177aaf#45-t2, previous=(t:2, i:10), leaderCommit=10, initializing? false, entries: <empty>
2019-10-17 07:02:05,331 [EventQueue-ContainerReportForContainerReportHandler] WARN  container.ContainerReportHandler (AbstractContainerReportHandler.java:updateContainerState(145)) - Container #1 is in OPEN state, but the datanode 328eda30-7a38-4124-8420-4db3824d3ef4{ip: 192.168.34.62, host: pr-hdds-1868-lzclr-202649289, networkLocation: /default-rack, certSerialId: null} reports an CLOSED replica.
2019-10-17 07:02:05,440 [EventQueue-ContainerReportForContainerReportHandler] WARN  container.ContainerReportHandler (AbstractContainerReportHandler.java:updateContainerState(145)) - Container #1 is in OPEN state, but the datanode cae7164a-c8b0-4e78-9c02-4190bab4d7cb{ip: 192.168.34.62, host: pr-hdds-1868-lzclr-202649289, networkLocation: /default-rack, certSerialId: null} reports an CLOSED replica.
2019-10-17 07:02:05,632 [EventQueue-ContainerReportForContainerReportHandler] WARN  container.ContainerReportHandler (AbstractContainerReportHandler.java:updateContainerState(145)) - Container #1 is in OPEN state, but the datanode 328eda30-7a38-4124-8420-4db3824d3ef4{ip: 192.168.34.62, host: pr-hdds-1868-lzclr-202649289, networkLocation: /default-rack, certSerialId: null} reports an CLOSED replica.
2019-10-17 07:02:05,740 [EventQueue-ContainerReportForContainerReportHandler] WARN  container.ContainerReportHandler (AbstractContainerReportHandler.java:updateContainerState(145)) - Container #1 is in OPEN state, but the datanode cae7164a-c8b0-4e78-9c02-4190bab4d7cb{ip: 192.168.34.62, host: pr-hdds-1868-lzclr-202649289, networkLocation: /default-rack, certSerialId: null} reports an CLOSED replica.
2019-10-17 07:02:05,794 [BlockDeletingService#2] WARN  background.BlockDeletingService (BlockDeletingService.java:isDeletionAllowed(187)) - Close Container log Index 6 is not replicated across allthe servers in the pipeline 72246393-9d1a-4fd5-982f-c349846def79 as the min replicated index is 4. Deletion is not allowed in this container yet.
2019-10-17 07:02:05,794 [BlockDeletingService#2] WARN  background.BlockDeletingService (BlockDeletingService.java:isDeletionAllowed(187)) - Close Container log Index 6 is not replicated across allthe servers in the pipeline 72246393-9d1a-4fd5-982f-c349846def79 as the min replicated index is 4. Deletion is not allowed in this container yet.
2019-10-17 07:02:05,933 [EventQueue-ContainerReportForContainerReportHandler] WARN  container.ContainerReportHandler (AbstractContainerReportHandler.java:updateContainerState(145)) - Container #1 is in OPEN state, but the datanode 328eda30-7a38-4124-8420-4db3824d3ef4{ip: 192.168.34.62, host: pr-hdds-1868-lzclr-202649289, networkLocation: /default-rack, certSerialId: null} reports an CLOSED replica.
2019-10-17 07:02:05,941 [EventQueue-ContainerReportForContainerReportHandler] WARN  container.ContainerReportHandler (AbstractContainerReportHandler.java:updateContainerState(145)) - Container #1 is in OPEN state, but the datanode cae7164a-c8b0-4e78-9c02-4190bab4d7cb{ip: 192.168.34.62, host: pr-hdds-1868-lzclr-202649289, networkLocation: /default-rack, certSerialId: null} reports an CLOSED replica.
2019-10-17 07:02:06,234 [EventQueue-ContainerReportForContainerReportHandler] WARN  container.ContainerReportHandler (AbstractContainerReportHandler.java:updateContainerState(145)) - Container #1 is in OPEN state, but the datanode 328eda30-7a38-4124-8420-4db3824d3ef4{ip: 192.168.34.62, host: pr-hdds-1868-lzclr-202649289, networkLocation: /default-rack, certSerialId: null} reports an CLOSED replica.
2019-10-17 07:02:06,241 [EventQueue-ContainerReportForContainerReportHandler] WARN  container.ContainerReportHandler (AbstractContainerReportHandler.java:updateContainerState(145)) - Container #1 is in OPEN state, but the datanode cae7164a-c8b0-4e78-9c02-4190bab4d7cb{ip: 192.168.34.62, host: pr-hdds-1868-lzclr-202649289, networkLocation: /default-rack, certSerialId: null} reports an CLOSED replica.
2019-10-17 07:02:06,541 [EventQueue-ContainerReportForContainerReportHandler] WARN  container.ContainerReportHandler (AbstractContainerReportHandler.java:updateContainerState(145)) - Container #1 is in OPEN state, but the datanode cae7164a-c8b0-4e78-9c02-4190bab4d7cb{ip: 192.168.34.62, host: pr-hdds-1868-lzclr-202649289, networkLocation: /default-rack, certSerialId: null} reports an CLOSED replica.
2019-10-17 07:02:06,636 [EventQueue-ContainerReportForContainerReportHandler] WARN  container.ContainerReportHandler (AbstractContainerReportHandler.java:updateContainerState(145)) - Container #1 is in OPEN state, but the datanode 328eda30-7a38-4124-8420-4db3824d3ef4{ip: 192.168.34.62, host: pr-hdds-1868-lzclr-202649289, networkLocation: /default-rack, certSerialId: null} reports an CLOSED replica.
2019-10-17 07:02:06,796 [BlockDeletingService#2] WARN  background.BlockDeletingService (BlockDeletingService.java:isDeletionAllowed(187)) - Close Container log Index 6 is not replicated across allthe servers in the pipeline 72246393-9d1a-4fd5-982f-c349846def79 as the min replicated index is 4. Deletion is not allowed in this container yet.
2019-10-17 07:02:06,796 [BlockDeletingService#2] WARN  background.BlockDeletingService (BlockDeletingService.java:isDeletionAllowed(187)) - Close Container log Index 6 is not replicated across allthe servers in the pipeline 72246393-9d1a-4fd5-982f-c349846def79 as the min replicated index is 4. Deletion is not allowed in this container yet.
2019-10-17 07:02:06,936 [EventQueue-ContainerReportForContainerReportHandler] WARN  container.ContainerReportHandler (AbstractContainerReportHandler.java:updateContainerState(145)) - Container #1 is in OPEN state, but the datanode 328eda30-7a38-4124-8420-4db3824d3ef4{ip: 192.168.34.62, host: pr-hdds-1868-lzclr-202649289, networkLocation: /default-rack, certSerialId: null} reports an CLOSED replica.
2019-10-17 07:02:06,941 [EventQueue-ContainerReportForContainerReportHandler] WARN  container.ContainerReportHandler (AbstractContainerReportHandler.java:updateContainerState(145)) - Container #1 is in OPEN state, but the datanode cae7164a-c8b0-4e78-9c02-4190bab4d7cb{ip: 192.168.34.62, host: pr-hdds-1868-lzclr-202649289, networkLocation: /default-rack, certSerialId: null} reports an CLOSED replica.
2019-10-17 07:02:07,235 [EventQueue-ContainerReportForContainerReportHandler] WARN  container.ContainerReportHandler (AbstractContainerReportHandler.java:updateContainerState(145)) - Container #1 is in OPEN state, but the datanode 328eda30-7a38-4124-8420-4db3824d3ef4{ip: 192.168.34.62, host: pr-hdds-1868-lzclr-202649289, networkLocation: /default-rack, certSerialId: null} reports an CLOSED replica.
2019-10-17 07:02:07,241 [EventQueue-ContainerReportForContainerReportHandler] WARN  container.ContainerReportHandler (AbstractContainerReportHandler.java:updateContainerState(145)) - Container #1 is in OPEN state, but the datanode cae7164a-c8b0-4e78-9c02-4190bab4d7cb{ip: 192.168.34.62, host: pr-hdds-1868-lzclr-202649289, networkLocation: /default-rack, certSerialId: null} reports an CLOSED replica.
2019-10-17 07:02:07,327 [Thread-489] INFO  client.GrpcClientProtocolService (GrpcClientProtocolService.java:lambda$processClientRequest$0(278)) - Failed RaftClientRequest:client-1BB1B1ECBBFA->328eda30-7a38-4124-8420-4db3824d3ef4@group-C349846DEF79, cid=10, seq=0, Watch-ALL_COMMITTED(6), Message:<EMPTY>, reply=RaftClientReply:client-1BB1B1ECBBFA->328eda30-7a38-4124-8420-4db3824d3ef4@group-C349846DEF79, cid=10, FAILED org.apache.ratis.protocol.NotLeaderException: Server 328eda30-7a38-4124-8420-4db3824d3ef4@group-C349846DEF79 is not the leader cae7164a-c8b0-4e78-9c02-4190bab4d7cb:192.168.34.62:46027, logIndex=0, commits[328eda30-7a38-4124-8420-4db3824d3ef4:c10, 03dd9899-51e5-4f83-b08a-708074177aaf:c4, cae7164a-c8b0-4e78-9c02-4190bab4d7cb:c10]
2019-10-17 07:02:07,436 [EventQueue-ContainerReportForContainerReportHandler] WARN  container.ContainerReportHandler (AbstractContainerReportHandler.java:updateContainerState(145)) - Container #1 is in OPEN state, but the datanode 328eda30-7a38-4124-8420-4db3824d3ef4{ip: 192.168.34.62, host: pr-hdds-1868-lzclr-202649289, networkLocation: /default-rack, certSerialId: null} reports an CLOSED replica.
2019-10-17 07:02:07,541 [EventQueue-ContainerReportForContainerReportHandler] WARN  container.ContainerReportHandler (AbstractContainerReportHandler.java:updateContainerState(145)) - Container #1 is in OPEN state, but the datanode cae7164a-c8b0-4e78-9c02-4190bab4d7cb{ip: 192.168.34.62, host: pr-hdds-1868-lzclr-202649289, networkLocation: /default-rack, certSerialId: null} reports an CLOSED replica.
2019-10-17 07:02:07,635 [EventQueue-ContainerReportForContainerReportHandler] WARN  container.ContainerReportHandler (AbstractContainerReportHandler.java:updateContainerState(145)) - Container #1 is in OPEN state, but the datanode 328eda30-7a38-4124-8420-4db3824d3ef4{ip: 192.168.34.62, host: pr-hdds-1868-lzclr-202649289, networkLocation: /default-rack, certSerialId: null} reports an CLOSED replica.
2019-10-17 07:02:07,664 [java.util.concurrent.ThreadPoolExecutor$Worker@69357c50[State = -1, empty queue]] WARN  server.GrpcLogAppender (GrpcLogAppender.java:timeoutAppendRequest(209)) - cae7164a-c8b0-4e78-9c02-4190bab4d7cb@group-C349846DEF79->03dd9899-51e5-4f83-b08a-708074177aaf-GrpcLogAppender: appendEntries Timeout, request=cae7164a-c8b0-4e78-9c02-4190bab4d7cb->03dd9899-51e5-4f83-b08a-708074177aaf#46-t2, previous=(t:2, i:10), leaderCommit=10, initializing? false, entries: <empty>
2019-10-17 07:02:07,799 [BlockDeletingService#2] WARN  background.BlockDeletingService (BlockDeletingService.java:isDeletionAllowed(187)) - Close Container log Index 6 is not replicated across allthe servers in the pipeline 72246393-9d1a-4fd5-982f-c349846def79 as the min replicated index is 4. Deletion is not allowed in this container yet.
2019-10-17 07:02:07,799 [BlockDeletingService#2] WARN  background.BlockDeletingService (BlockDeletingService.java:isDeletionAllowed(187)) - Close Container log Index 6 is not replicated across allthe servers in the pipeline 72246393-9d1a-4fd5-982f-c349846def79 as the min replicated index is 4. Deletion is not allowed in this container yet.
2019-10-17 07:02:07,843 [EventQueue-ContainerReportForContainerReportHandler] WARN  container.ContainerReportHandler (AbstractContainerReportHandler.java:updateContainerState(145)) - Container #1 is in OPEN state, but the datanode cae7164a-c8b0-4e78-9c02-4190bab4d7cb{ip: 192.168.34.62, host: pr-hdds-1868-lzclr-202649289, networkLocation: /default-rack, certSerialId: null} reports an CLOSED replica.
2019-10-17 07:02:07,936 [EventQueue-ContainerReportForContainerReportHandler] WARN  container.ContainerReportHandler (AbstractContainerReportHandler.java:updateContainerState(145)) - Container #1 is in OPEN state, but the datanode 328eda30-7a38-4124-8420-4db3824d3ef4{ip: 192.168.34.62, host: pr-hdds-1868-lzclr-202649289, networkLocation: /default-rack, certSerialId: null} reports an CLOSED replica.
2019-10-17 07:02:08,242 [EventQueue-ContainerReportForContainerReportHandler] WARN  container.ContainerReportHandler (AbstractContainerReportHandler.java:updateContainerState(145)) - Container #1 is in OPEN state, but the datanode cae7164a-c8b0-4e78-9c02-4190bab4d7cb{ip: 192.168.34.62, host: pr-hdds-1868-lzclr-202649289, networkLocation: /default-rack, certSerialId: null} reports an CLOSED replica.
2019-10-17 07:02:08,336 [EventQueue-ContainerReportForContainerReportHandler] WARN  container.ContainerReportHandler (AbstractContainerReportHandler.java:updateContainerState(145)) - Container #1 is in OPEN state, but the datanode 328eda30-7a38-4124-8420-4db3824d3ef4{ip: 192.168.34.62, host: pr-hdds-1868-lzclr-202649289, networkLocation: /default-rack, certSerialId: null} reports an CLOSED replica.
2019-10-17 07:02:08,442 [EventQueue-ContainerReportForContainerReportHandler] WARN  container.ContainerReportHandler (AbstractContainerReportHandler.java:updateContainerState(145)) - Container #1 is in OPEN state, but the datanode cae7164a-c8b0-4e78-9c02-4190bab4d7cb{ip: 192.168.34.62, host: pr-hdds-1868-lzclr-202649289, networkLocation: /default-rack, certSerialId: null} reports an CLOSED replica.
2019-10-17 07:02:08,637 [EventQueue-ContainerReportForContainerReportHandler] WARN  container.ContainerReportHandler (AbstractContainerReportHandler.java:updateContainerState(145)) - Container #1 is in OPEN state, but the datanode 328eda30-7a38-4124-8420-4db3824d3ef4{ip: 192.168.34.62, host: pr-hdds-1868-lzclr-202649289, networkLocation: /default-rack, certSerialId: null} reports an CLOSED replica.
2019-10-17 07:02:08,642 [EventQueue-ContainerReportForContainerReportHandler] WARN  container.ContainerReportHandler (AbstractContainerReportHandler.java:updateContainerState(145)) - Container #1 is in OPEN state, but the datanode cae7164a-c8b0-4e78-9c02-4190bab4d7cb{ip: 192.168.34.62, host: pr-hdds-1868-lzclr-202649289, networkLocation: /default-rack, certSerialId: null} reports an CLOSED replica.
2019-10-17 07:02:08,756 [Thread-494] INFO  client.GrpcClientProtocolService (GrpcClientProtocolService.java:lambda$processClientRequest$0(278)) - Failed RaftClientRequest:client-1BB1B1ECBBFA->cae7164a-c8b0-4e78-9c02-4190bab4d7cb@group-C349846DEF79, cid=10, seq=0, Watch-ALL_COMMITTED(6), Message:<EMPTY>, reply=RaftClientReply:client-1BB1B1ECBBFA->cae7164a-c8b0-4e78-9c02-4190bab4d7cb@group-C349846DEF79, cid=10, FAILED org.apache.ratis.protocol.NotReplicatedException: Request with call Id 10 and log index 6 is not yet replicated to ALL_COMMITTED, logIndex=6, commits[cae7164a-c8b0-4e78-9c02-4190bab4d7cb:c10, 328eda30-7a38-4124-8420-4db3824d3ef4:c10, 03dd9899-51e5-4f83-b08a-708074177aaf:c4]
2019-10-17 07:02:08,801 [BlockDeletingService#2] WARN  background.BlockDeletingService (BlockDeletingService.java:isDeletionAllowed(187)) - Close Container log Index 6 is not replicated across allthe servers in the pipeline 72246393-9d1a-4fd5-982f-c349846def79 as the min replicated index is 4. Deletion is not allowed in this container yet.
2019-10-17 07:02:08,801 [BlockDeletingService#2] WARN  background.BlockDeletingService (BlockDeletingService.java:isDeletionAllowed(187)) - Close Container log Index 6 is not replicated across allthe servers in the pipeline 72246393-9d1a-4fd5-982f-c349846def79 as the min replicated index is 4. Deletion is not allowed in this container yet.
2019-10-17 07:02:08,842 [EventQueue-ContainerReportForContainerReportHandler] WARN  container.ContainerReportHandler (AbstractContainerReportHandler.java:updateContainerState(145)) - Container #1 is in OPEN state, but the datanode cae7164a-c8b0-4e78-9c02-4190bab4d7cb{ip: 192.168.34.62, host: pr-hdds-1868-lzclr-202649289, networkLocation: /default-rack, certSerialId: null} reports an CLOSED replica.
2019-10-17 07:02:08,938 [EventQueue-ContainerReportForContainerReportHandler] WARN  container.ContainerReportHandler (AbstractContainerReportHandler.java:updateContainerState(145)) - Container #1 is in OPEN state, but the datanode 328eda30-7a38-4124-8420-4db3824d3ef4{ip: 192.168.34.62, host: pr-hdds-1868-lzclr-202649289, networkLocation: /default-rack, certSerialId: null} reports an CLOSED replica.
2019-10-17 07:02:09,237 [EventQueue-ContainerReportForContainerReportHandler] WARN  container.ContainerReportHandler (AbstractContainerReportHandler.java:updateContainerState(145)) - Container #1 is in OPEN state, but the datanode 328eda30-7a38-4124-8420-4db3824d3ef4{ip: 192.168.34.62, host: pr-hdds-1868-lzclr-202649289, networkLocation: /default-rack, certSerialId: null} reports an CLOSED replica.
2019-10-17 07:02:09,243 [EventQueue-ContainerReportForContainerReportHandler] WARN  container.ContainerReportHandler (AbstractContainerReportHandler.java:updateContainerState(145)) - Container #1 is in OPEN state, but the datanode cae7164a-c8b0-4e78-9c02-4190bab4d7cb{ip: 192.168.34.62, host: pr-hdds-1868-lzclr-202649289, networkLocation: /default-rack, certSerialId: null} reports an CLOSED replica.
2019-10-17 07:02:09,437 [EventQueue-ContainerReportForContainerReportHandler] WARN  container.ContainerReportHandler (AbstractContainerReportHandler.java:updateContainerState(145)) - Container #1 is in OPEN state, but the datanode 328eda30-7a38-4124-8420-4db3824d3ef4{ip: 192.168.34.62, host: pr-hdds-1868-lzclr-202649289, networkLocation: /default-rack, certSerialId: null} reports an CLOSED replica.
2019-10-17 07:02:09,643 [EventQueue-ContainerReportForContainerReportHandler] WARN  container.ContainerReportHandler (AbstractContainerReportHandler.java:updateContainerState(145)) - Container #1 is in OPEN state, but the datanode cae7164a-c8b0-4e78-9c02-4190bab4d7cb{ip: 192.168.34.62, host: pr-hdds-1868-lzclr-202649289, networkLocation: /default-rack, certSerialId: null} reports an CLOSED replica.
2019-10-17 07:02:09,802 [BlockDeletingService#2] WARN  background.BlockDeletingService (BlockDeletingService.java:isDeletionAllowed(187)) - Close Container log Index 6 is not replicated across allthe servers in the pipeline 72246393-9d1a-4fd5-982f-c349846def79 as the min replicated index is 4. Deletion is not allowed in this container yet.
2019-10-17 07:02:09,803 [BlockDeletingService#2] WARN  background.BlockDeletingService (BlockDeletingService.java:isDeletionAllowed(187)) - Close Container log Index 6 is not replicated across allthe servers in the pipeline 72246393-9d1a-4fd5-982f-c349846def79 as the min replicated index is 4. Deletion is not allowed in this container yet.
2019-10-17 07:02:09,838 [EventQueue-ContainerReportForContainerReportHandler] WARN  container.ContainerReportHandler (AbstractContainerReportHandler.java:updateContainerState(145)) - Container #1 is in OPEN state, but the datanode 328eda30-7a38-4124-8420-4db3824d3ef4{ip: 192.168.34.62, host: pr-hdds-1868-lzclr-202649289, networkLocation: /default-rack, certSerialId: null} reports an CLOSED replica.
2019-10-17 07:02:09,943 [EventQueue-ContainerReportForContainerReportHandler] WARN  container.ContainerReportHandler (AbstractContainerReportHandler.java:updateContainerState(145)) - Container #1 is in OPEN state, but the datanode cae7164a-c8b0-4e78-9c02-4190bab4d7cb{ip: 192.168.34.62, host: pr-hdds-1868-lzclr-202649289, networkLocation: /default-rack, certSerialId: null} reports an CLOSED replica.
2019-10-17 07:02:10,138 [EventQueue-ContainerReportForContainerReportHandler] WARN  container.ContainerReportHandler (AbstractContainerReportHandler.java:updateContainerState(145)) - Container #1 is in OPEN state, but the datanode 328eda30-7a38-4124-8420-4db3824d3ef4{ip: 192.168.34.62, host: pr-hdds-1868-lzclr-202649289, networkLocation: /default-rack, certSerialId: null} reports an CLOSED replica.
2019-10-17 07:02:10,166 [java.util.concurrent.ThreadPoolExecutor$Worker@69357c50[State = -1, empty queue]] WARN  server.GrpcLogAppender (GrpcLogAppender.java:timeoutAppendRequest(209)) - cae7164a-c8b0-4e78-9c02-4190bab4d7cb@group-C349846DEF79->03dd9899-51e5-4f83-b08a-708074177aaf-GrpcLogAppender: appendEntries Timeout, request=cae7164a-c8b0-4e78-9c02-4190bab4d7cb->03dd9899-51e5-4f83-b08a-708074177aaf#47-t2, previous=(t:2, i:10), leaderCommit=10, initializing? false, entries: <empty>
2019-10-17 07:02:10,243 [EventQueue-ContainerReportForContainerReportHandler] WARN  container.ContainerReportHandler (AbstractContainerReportHandler.java:updateContainerState(145)) - Container #1 is in OPEN state, but the datanode cae7164a-c8b0-4e78-9c02-4190bab4d7cb{ip: 192.168.34.62, host: pr-hdds-1868-lzclr-202649289, networkLocation: /default-rack, certSerialId: null} reports an CLOSED replica.
2019-10-17 07:02:10,439 [EventQueue-ContainerReportForContainerReportHandler] WARN  container.ContainerReportHandler (AbstractContainerReportHandler.java:updateContainerState(145)) - Container #1 is in OPEN state, but the datanode 328eda30-7a38-4124-8420-4db3824d3ef4{ip: 192.168.34.62, host: pr-hdds-1868-lzclr-202649289, networkLocation: /default-rack, certSerialId: null} reports an CLOSED replica.
2019-10-17 07:02:10,444 [EventQueue-ContainerReportForContainerReportHandler] WARN  container.ContainerReportHandler (AbstractContainerReportHandler.java:updateContainerState(145)) - Container #1 is in OPEN state, but the datanode cae7164a-c8b0-4e78-9c02-4190bab4d7cb{ip: 192.168.34.62, host: pr-hdds-1868-lzclr-202649289, networkLocation: /default-rack, certSerialId: null} reports an CLOSED replica.
2019-10-17 07:02:10,744 [EventQueue-ContainerReportForContainerReportHandler] WARN  container.ContainerReportHandler (AbstractContainerReportHandler.java:updateContainerState(145)) - Container #1 is in OPEN state, but the datanode cae7164a-c8b0-4e78-9c02-4190bab4d7cb{ip: 192.168.34.62, host: pr-hdds-1868-lzclr-202649289, networkLocation: /default-rack, certSerialId: null} reports an CLOSED replica.
2019-10-17 07:02:10,804 [BlockDeletingService#2] WARN  background.BlockDeletingService (BlockDeletingService.java:isDeletionAllowed(187)) - Close Container log Index 6 is not replicated across allthe servers in the pipeline 72246393-9d1a-4fd5-982f-c349846def79 as the min replicated index is 4. Deletion is not allowed in this container yet.
2019-10-17 07:02:10,804 [BlockDeletingService#2] WARN  background.BlockDeletingService (BlockDeletingService.java:isDeletionAllowed(187)) - Close Container log Index 6 is not replicated across allthe servers in the pipeline 72246393-9d1a-4fd5-982f-c349846def79 as the min replicated index is 4. Deletion is not allowed in this container yet.
2019-10-17 07:02:10,842 [EventQueue-ContainerReportForContainerReportHandler] WARN  container.ContainerReportHandler (AbstractContainerReportHandler.java:updateContainerState(145)) - Container #1 is in OPEN state, but the datanode 328eda30-7a38-4124-8420-4db3824d3ef4{ip: 192.168.34.62, host: pr-hdds-1868-lzclr-202649289, networkLocation: /default-rack, certSerialId: null} reports an CLOSED replica.
2019-10-17 07:02:10,943 [EventQueue-ContainerReportForContainerReportHandler] WARN  container.ContainerReportHandler (AbstractContainerReportHandler.java:updateContainerState(145)) - Container #1 is in OPEN state, but the datanode cae7164a-c8b0-4e78-9c02-4190bab4d7cb{ip: 192.168.34.62, host: pr-hdds-1868-lzclr-202649289, networkLocation: /default-rack, certSerialId: null} reports an CLOSED replica.
2019-10-17 07:02:11,241 [EventQueue-ContainerReportForContainerReportHandler] WARN  container.ContainerReportHandler (AbstractContainerReportHandler.java:updateContainerState(145)) - Container #1 is in OPEN state, but the datanode 328eda30-7a38-4124-8420-4db3824d3ef4{ip: 192.168.34.62, host: pr-hdds-1868-lzclr-202649289, networkLocation: /default-rack, certSerialId: null} reports an CLOSED replica.
2019-10-17 07:02:11,244 [EventQueue-ContainerReportForContainerReportHandler] WARN  container.ContainerReportHandler (AbstractContainerReportHandler.java:updateContainerState(145)) - Container #1 is in OPEN state, but the datanode cae7164a-c8b0-4e78-9c02-4190bab4d7cb{ip: 192.168.34.62, host: pr-hdds-1868-lzclr-202649289, networkLocation: /default-rack, certSerialId: null} reports an CLOSED replica.
2019-10-17 07:02:11,442 [EventQueue-ContainerReportForContainerReportHandler] WARN  container.ContainerReportHandler (AbstractContainerReportHandler.java:updateContainerState(145)) - Container #1 is in OPEN state, but the datanode 328eda30-7a38-4124-8420-4db3824d3ef4{ip: 192.168.34.62, host: pr-hdds-1868-lzclr-202649289, networkLocation: /default-rack, certSerialId: null} reports an CLOSED replica.
2019-10-17 07:02:11,444 [EventQueue-ContainerReportForContainerReportHandler] WARN  container.ContainerReportHandler (AbstractContainerReportHandler.java:updateContainerState(145)) - Container #1 is in OPEN state, but the datanode cae7164a-c8b0-4e78-9c02-4190bab4d7cb{ip: 192.168.34.62, host: pr-hdds-1868-lzclr-202649289, networkLocation: /default-rack, certSerialId: null} reports an CLOSED replica.
2019-10-17 07:02:11,744 [EventQueue-ContainerReportForContainerReportHandler] WARN  container.ContainerReportHandler (AbstractContainerReportHandler.java:updateContainerState(145)) - Container #1 is in OPEN state, but the datanode 328eda30-7a38-4124-8420-4db3824d3ef4{ip: 192.168.34.62, host: pr-hdds-1868-lzclr-202649289, networkLocation: /default-rack, certSerialId: null} reports an CLOSED replica.
2019-10-17 07:02:11,745 [EventQueue-ContainerReportForContainerReportHandler] WARN  container.ContainerReportHandler (AbstractContainerReportHandler.java:updateContainerState(145)) - Container #1 is in OPEN state, but the datanode cae7164a-c8b0-4e78-9c02-4190bab4d7cb{ip: 192.168.34.62, host: pr-hdds-1868-lzclr-202649289, networkLocation: /default-rack, certSerialId: null} reports an CLOSED replica.
2019-10-17 07:02:11,807 [BlockDeletingService#2] WARN  background.BlockDeletingService (BlockDeletingService.java:isDeletionAllowed(187)) - Close Container log Index 6 is not replicated across allthe servers in the pipeline 72246393-9d1a-4fd5-982f-c349846def79 as the min replicated index is 4. Deletion is not allowed in this container yet.
2019-10-17 07:02:11,807 [BlockDeletingService#2] WARN  background.BlockDeletingService (BlockDeletingService.java:isDeletionAllowed(187)) - Close Container log Index 6 is not replicated across allthe servers in the pipeline 72246393-9d1a-4fd5-982f-c349846def79 as the min replicated index is 4. Deletion is not allowed in this container yet.
2019-10-17 07:02:11,944 [EventQueue-ContainerReportForContainerReportHandler] WARN  container.ContainerReportHandler (AbstractContainerReportHandler.java:updateContainerState(145)) - Container #1 is in OPEN state, but the datanode cae7164a-c8b0-4e78-9c02-4190bab4d7cb{ip: 192.168.34.62, host: pr-hdds-1868-lzclr-202649289, networkLocation: /default-rack, certSerialId: null} reports an CLOSED replica.
2019-10-17 07:02:12,045 [EventQueue-ContainerReportForContainerReportHandler] WARN  container.ContainerReportHandler (AbstractContainerReportHandler.java:updateContainerState(145)) - Container #1 is in OPEN state, but the datanode 328eda30-7a38-4124-8420-4db3824d3ef4{ip: 192.168.34.62, host: pr-hdds-1868-lzclr-202649289, networkLocation: /default-rack, certSerialId: null} reports an CLOSED replica.
2019-10-17 07:02:12,244 [EventQueue-ContainerReportForContainerReportHandler] WARN  container.ContainerReportHandler (AbstractContainerReportHandler.java:updateContainerState(145)) - Container #1 is in OPEN state, but the datanode cae7164a-c8b0-4e78-9c02-4190bab4d7cb{ip: 192.168.34.62, host: pr-hdds-1868-lzclr-202649289, networkLocation: /default-rack, certSerialId: null} reports an CLOSED replica.
2019-10-17 07:02:12,244 [EventQueue-ContainerReportForContainerReportHandler] WARN  container.ContainerReportHandler (AbstractContainerReportHandler.java:updateContainerState(145)) - Container #1 is in OPEN state, but the datanode 328eda30-7a38-4124-8420-4db3824d3ef4{ip: 192.168.34.62, host: pr-hdds-1868-lzclr-202649289, networkLocation: /default-rack, certSerialId: null} reports an CLOSED replica.
2019-10-17 07:02:12,545 [EventQueue-ContainerReportForContainerReportHandler] WARN  container.ContainerReportHandler (AbstractContainerReportHandler.java:updateContainerState(145)) - Container #1 is in OPEN state, but the datanode cae7164a-c8b0-4e78-9c02-4190bab4d7cb{ip: 192.168.34.62, host: pr-hdds-1868-lzclr-202649289, networkLocation: /default-rack, certSerialId: null} reports an CLOSED replica.
2019-10-17 07:02:12,545 [EventQueue-ContainerReportForContainerReportHandler] WARN  container.ContainerReportHandler (AbstractContainerReportHandler.java:updateContainerState(145)) - Container #1 is in OPEN state, but the datanode 328eda30-7a38-4124-8420-4db3824d3ef4{ip: 192.168.34.62, host: pr-hdds-1868-lzclr-202649289, networkLocation: /default-rack, certSerialId: null} reports an CLOSED replica.
2019-10-17 07:02:12,667 [java.util.concurrent.ThreadPoolExecutor$Worker@69357c50[State = -1, empty queue]] WARN  server.GrpcLogAppender (GrpcLogAppender.java:timeoutAppendRequest(209)) - cae7164a-c8b0-4e78-9c02-4190bab4d7cb@group-C349846DEF79->03dd9899-51e5-4f83-b08a-708074177aaf-GrpcLogAppender: appendEntries Timeout, request=cae7164a-c8b0-4e78-9c02-4190bab4d7cb->03dd9899-51e5-4f83-b08a-708074177aaf#48-t2, previous=(t:2, i:10), leaderCommit=10, initializing? false, entries: <empty>
2019-10-17 07:02:12,744 [EventQueue-ContainerReportForContainerReportHandler] WARN  container.ContainerReportHandler (AbstractContainerReportHandler.java:updateContainerState(145)) - Container #1 is in OPEN state, but the datanode cae7164a-c8b0-4e78-9c02-4190bab4d7cb{ip: 192.168.34.62, host: pr-hdds-1868-lzclr-202649289, networkLocation: /default-rack, certSerialId: null} reports an CLOSED replica.
2019-10-17 07:02:12,745 [EventQueue-ContainerReportForContainerReportHandler] WARN  container.ContainerReportHandler (AbstractContainerReportHandler.java:updateContainerState(145)) - Container #1 is in OPEN state, but the datanode 328eda30-7a38-4124-8420-4db3824d3ef4{ip: 192.168.34.62, host: pr-hdds-1868-lzclr-202649289, networkLocation: /default-rack, certSerialId: null} reports an CLOSED replica.
2019-10-17 07:02:12,809 [BlockDeletingService#2] WARN  background.BlockDeletingService (BlockDeletingService.java:isDeletionAllowed(187)) - Close Container log Index 6 is not replicated across allthe servers in the pipeline 72246393-9d1a-4fd5-982f-c349846def79 as the min replicated index is 4. Deletion is not allowed in this container yet.
2019-10-17 07:02:12,809 [BlockDeletingService#2] WARN  background.BlockDeletingService (BlockDeletingService.java:isDeletionAllowed(187)) - Close Container log Index 6 is not replicated across allthe servers in the pipeline 72246393-9d1a-4fd5-982f-c349846def79 as the min replicated index is 4. Deletion is not allowed in this container yet.
2019-10-17 07:02:12,944 [EventQueue-ContainerReportForContainerReportHandler] WARN  container.ContainerReportHandler (AbstractContainerReportHandler.java:updateContainerState(145)) - Container #1 is in OPEN state, but the datanode 328eda30-7a38-4124-8420-4db3824d3ef4{ip: 192.168.34.62, host: pr-hdds-1868-lzclr-202649289, networkLocation: /default-rack, certSerialId: null} reports an CLOSED replica.
2019-10-17 07:02:12,945 [EventQueue-ContainerReportForContainerReportHandler] WARN  container.ContainerReportHandler (AbstractContainerReportHandler.java:updateContainerState(145)) - Container #1 is in OPEN state, but the datanode cae7164a-c8b0-4e78-9c02-4190bab4d7cb{ip: 192.168.34.62, host: pr-hdds-1868-lzclr-202649289, networkLocation: /default-rack, certSerialId: null} reports an CLOSED replica.
2019-10-17 07:02:13,245 [EventQueue-ContainerReportForContainerReportHandler] WARN  container.ContainerReportHandler (AbstractContainerReportHandler.java:updateContainerState(145)) - Container #1 is in OPEN state, but the datanode cae7164a-c8b0-4e78-9c02-4190bab4d7cb{ip: 192.168.34.62, host: pr-hdds-1868-lzclr-202649289, networkLocation: /default-rack, certSerialId: null} reports an CLOSED replica.
2019-10-17 07:02:13,245 [EventQueue-ContainerReportForContainerReportHandler] WARN  container.ContainerReportHandler (AbstractContainerReportHandler.java:updateContainerState(145)) - Container #1 is in OPEN state, but the datanode 328eda30-7a38-4124-8420-4db3824d3ef4{ip: 192.168.34.62, host: pr-hdds-1868-lzclr-202649289, networkLocation: /default-rack, certSerialId: null} reports an CLOSED replica.
2019-10-17 07:02:13,545 [EventQueue-ContainerReportForContainerReportHandler] WARN  container.ContainerReportHandler (AbstractContainerReportHandler.java:updateContainerState(145)) - Container #1 is in OPEN state, but the datanode 328eda30-7a38-4124-8420-4db3824d3ef4{ip: 192.168.34.62, host: pr-hdds-1868-lzclr-202649289, networkLocation: /default-rack, certSerialId: null} reports an CLOSED replica.
2019-10-17 07:02:13,547 [EventQueue-ContainerReportForContainerReportHandler] WARN  container.ContainerReportHandler (AbstractContainerReportHandler.java:updateContainerState(145)) - Container #1 is in OPEN state, but the datanode cae7164a-c8b0-4e78-9c02-4190bab4d7cb{ip: 192.168.34.62, host: pr-hdds-1868-lzclr-202649289, networkLocation: /default-rack, certSerialId: null} reports an CLOSED replica.
2019-10-17 07:02:13,747 [EventQueue-ContainerReportForContainerReportHandler] WARN  container.ContainerReportHandler (AbstractContainerReportHandler.java:updateContainerState(145)) - Container #1 is in OPEN state, but the datanode cae7164a-c8b0-4e78-9c02-4190bab4d7cb{ip: 192.168.34.62, host: pr-hdds-1868-lzclr-202649289, networkLocation: /default-rack, certSerialId: null} reports an CLOSED replica.
2019-10-17 07:02:13,810 [BlockDeletingService#2] WARN  background.BlockDeletingService (BlockDeletingService.java:isDeletionAllowed(187)) - Close Container log Index 6 is not replicated across allthe servers in the pipeline 72246393-9d1a-4fd5-982f-c349846def79 as the min replicated index is 4. Deletion is not allowed in this container yet.
2019-10-17 07:02:13,810 [BlockDeletingService#2] WARN  background.BlockDeletingService (BlockDeletingService.java:isDeletionAllowed(187)) - Close Container log Index 6 is not replicated across allthe servers in the pipeline 72246393-9d1a-4fd5-982f-c349846def79 as the min replicated index is 4. Deletion is not allowed in this container yet.
2019-10-17 07:02:13,845 [EventQueue-ContainerReportForContainerReportHandler] WARN  container.ContainerReportHandler (AbstractContainerReportHandler.java:updateContainerState(145)) - Container #1 is in OPEN state, but the datanode 328eda30-7a38-4124-8420-4db3824d3ef4{ip: 192.168.34.62, host: pr-hdds-1868-lzclr-202649289, networkLocation: /default-rack, certSerialId: null} reports an CLOSED replica.
2019-10-17 07:02:13,947 [EventQueue-ContainerReportForContainerReportHandler] WARN  container.ContainerReportHandler (AbstractContainerReportHandler.java:updateContainerState(145)) - Container #1 is in OPEN state, but the datanode cae7164a-c8b0-4e78-9c02-4190bab4d7cb{ip: 192.168.34.62, host: pr-hdds-1868-lzclr-202649289, networkLocation: /default-rack, certSerialId: null} reports an CLOSED replica.
2019-10-17 07:02:14,146 [EventQueue-ContainerReportForContainerReportHandler] WARN  container.ContainerReportHandler (AbstractContainerReportHandler.java:updateContainerState(145)) - Container #1 is in OPEN state, but the datanode 328eda30-7a38-4124-8420-4db3824d3ef4{ip: 192.168.34.62, host: pr-hdds-1868-lzclr-202649289, networkLocation: /default-rack, certSerialId: null} reports an CLOSED replica.
2019-10-17 07:02:14,347 [EventQueue-ContainerReportForContainerReportHandler] WARN  container.ContainerReportHandler (AbstractContainerReportHandler.java:updateContainerState(145)) - Container #1 is in OPEN state, but the datanode cae7164a-c8b0-4e78-9c02-4190bab4d7cb{ip: 192.168.34.62, host: pr-hdds-1868-lzclr-202649289, networkLocation: /default-rack, certSerialId: null} reports an CLOSED replica.
2019-10-17 07:02:14,447 [EventQueue-ContainerReportForContainerReportHandler] WARN  container.ContainerReportHandler (AbstractContainerReportHandler.java:updateContainerState(145)) - Container #1 is in OPEN state, but the datanode 328eda30-7a38-4124-8420-4db3824d3ef4{ip: 192.168.34.62, host: pr-hdds-1868-lzclr-202649289, networkLocation: /default-rack, certSerialId: null} reports an CLOSED replica.
2019-10-17 07:02:14,648 [EventQueue-ContainerReportForContainerReportHandler] WARN  container.ContainerReportHandler (AbstractContainerReportHandler.java:updateContainerState(145)) - Container #1 is in OPEN state, but the datanode cae7164a-c8b0-4e78-9c02-4190bab4d7cb{ip: 192.168.34.62, host: pr-hdds-1868-lzclr-202649289, networkLocation: /default-rack, certSerialId: null} reports an CLOSED replica.
2019-10-17 07:02:14,746 [EventQueue-ContainerReportForContainerReportHandler] WARN  container.ContainerReportHandler (AbstractContainerReportHandler.java:updateContainerState(145)) - Container #1 is in OPEN state, but the datanode 328eda30-7a38-4124-8420-4db3824d3ef4{ip: 192.168.34.62, host: pr-hdds-1868-lzclr-202649289, networkLocation: /default-rack, certSerialId: null} reports an CLOSED replica.
2019-10-17 07:02:14,812 [BlockDeletingService#2] WARN  background.BlockDeletingService (BlockDeletingService.java:isDeletionAllowed(187)) - Close Container log Index 6 is not replicated across allthe servers in the pipeline 72246393-9d1a-4fd5-982f-c349846def79 as the min replicated index is 4. Deletion is not allowed in this container yet.
2019-10-17 07:02:14,812 [BlockDeletingService#2] WARN  background.BlockDeletingService (BlockDeletingService.java:isDeletionAllowed(187)) - Close Container log Index 6 is not replicated across allthe servers in the pipeline 72246393-9d1a-4fd5-982f-c349846def79 as the min replicated index is 4. Deletion is not allowed in this container yet.
2019-10-17 07:02:14,948 [EventQueue-ContainerReportForContainerReportHandler] WARN  container.ContainerReportHandler (AbstractContainerReportHandler.java:updateContainerState(145)) - Container #1 is in OPEN state, but the datanode cae7164a-c8b0-4e78-9c02-4190bab4d7cb{ip: 192.168.34.62, host: pr-hdds-1868-lzclr-202649289, networkLocation: /default-rack, certSerialId: null} reports an CLOSED replica.
2019-10-17 07:02:15,047 [EventQueue-ContainerReportForContainerReportHandler] WARN  container.ContainerReportHandler (AbstractContainerReportHandler.java:updateContainerState(145)) - Container #1 is in OPEN state, but the datanode 328eda30-7a38-4124-8420-4db3824d3ef4{ip: 192.168.34.62, host: pr-hdds-1868-lzclr-202649289, networkLocation: /default-rack, certSerialId: null} reports an CLOSED replica.
2019-10-17 07:02:15,149 [EventQueue-ContainerReportForContainerReportHandler] WARN  container.ContainerReportHandler (AbstractContainerReportHandler.java:updateContainerState(145)) - Container #1 is in OPEN state, but the datanode cae7164a-c8b0-4e78-9c02-4190bab4d7cb{ip: 192.168.34.62, host: pr-hdds-1868-lzclr-202649289, networkLocation: /default-rack, certSerialId: null} reports an CLOSED replica.
2019-10-17 07:02:15,169 [java.util.concurrent.ThreadPoolExecutor$Worker@69357c50[State = -1, empty queue]] WARN  server.GrpcLogAppender (GrpcLogAppender.java:timeoutAppendRequest(209)) - cae7164a-c8b0-4e78-9c02-4190bab4d7cb@group-C349846DEF79->03dd9899-51e5-4f83-b08a-708074177aaf-GrpcLogAppender: appendEntries Timeout, request=cae7164a-c8b0-4e78-9c02-4190bab4d7cb->03dd9899-51e5-4f83-b08a-708074177aaf#49-t2, previous=(t:2, i:10), leaderCommit=10, initializing? false, entries: <empty>
2019-10-17 07:02:15,249 [EventQueue-ContainerReportForContainerReportHandler] WARN  container.ContainerReportHandler (AbstractContainerReportHandler.java:updateContainerState(145)) - Container #1 is in OPEN state, but the datanode 328eda30-7a38-4124-8420-4db3824d3ef4{ip: 192.168.34.62, host: pr-hdds-1868-lzclr-202649289, networkLocation: /default-rack, certSerialId: null} reports an CLOSED replica.
2019-10-17 07:02:15,448 [EventQueue-ContainerReportForContainerReportHandler] WARN  container.ContainerReportHandler (AbstractContainerReportHandler.java:updateContainerState(145)) - Container #1 is in OPEN state, but the datanode cae7164a-c8b0-4e78-9c02-4190bab4d7cb{ip: 192.168.34.62, host: pr-hdds-1868-lzclr-202649289, networkLocation: /default-rack, certSerialId: null} reports an CLOSED replica.
2019-10-17 07:02:15,549 [EventQueue-ContainerReportForContainerReportHandler] WARN  container.ContainerReportHandler (AbstractContainerReportHandler.java:updateContainerState(145)) - Container #1 is in OPEN state, but the datanode 328eda30-7a38-4124-8420-4db3824d3ef4{ip: 192.168.34.62, host: pr-hdds-1868-lzclr-202649289, networkLocation: /default-rack, certSerialId: null} reports an CLOSED replica.
2019-10-17 07:02:15,750 [EventQueue-ContainerReportForContainerReportHandler] WARN  container.ContainerReportHandler (AbstractContainerReportHandler.java:updateContainerState(145)) - Container #1 is in OPEN state, but the datanode 328eda30-7a38-4124-8420-4db3824d3ef4{ip: 192.168.34.62, host: pr-hdds-1868-lzclr-202649289, networkLocation: /default-rack, certSerialId: null} reports an CLOSED replica.
2019-10-17 07:02:15,814 [BlockDeletingService#2] WARN  background.BlockDeletingService (BlockDeletingService.java:isDeletionAllowed(187)) - Close Container log Index 6 is not replicated across allthe servers in the pipeline 72246393-9d1a-4fd5-982f-c349846def79 as the min replicated index is 4. Deletion is not allowed in this container yet.
2019-10-17 07:02:15,814 [BlockDeletingService#2] WARN  background.BlockDeletingService (BlockDeletingService.java:isDeletionAllowed(187)) - Close Container log Index 6 is not replicated across allthe servers in the pipeline 72246393-9d1a-4fd5-982f-c349846def79 as the min replicated index is 4. Deletion is not allowed in this container yet.
2019-10-17 07:02:15,845 [EventQueue-StaleNodeForStaleNodeHandler] INFO  node.StaleNodeHandler (StaleNodeHandler.java:onMessage(58)) - Datanode 03dd9899-51e5-4f83-b08a-708074177aaf{ip: 192.168.34.62, host: pr-hdds-1868-lzclr-202649289, networkLocation: /default-rack, certSerialId: null} moved to stale state. Finalizing its pipelines [PipelineID=72246393-9d1a-4fd5-982f-c349846def79, PipelineID=2354f3d9-0f26-4cdd-aaa8-432220211782]
2019-10-17 07:02:15,845 [EventQueue-StaleNodeForStaleNodeHandler] INFO  pipeline.SCMPipelineManager (SCMPipelineManager.java:finalizeAndDestroyPipeline(315)) - destroying pipeline:Pipeline[ Id: 72246393-9d1a-4fd5-982f-c349846def79, Nodes: 03dd9899-51e5-4f83-b08a-708074177aaf{ip: 192.168.34.62, host: pr-hdds-1868-lzclr-202649289, networkLocation: /default-rack, certSerialId: null}cae7164a-c8b0-4e78-9c02-4190bab4d7cb{ip: 192.168.34.62, host: pr-hdds-1868-lzclr-202649289, networkLocation: /default-rack, certSerialId: null}328eda30-7a38-4124-8420-4db3824d3ef4{ip: 192.168.34.62, host: pr-hdds-1868-lzclr-202649289, networkLocation: /default-rack, certSerialId: null}, Type:RATIS, Factor:THREE, State:OPEN]
2019-10-17 07:02:15,846 [EventQueue-StaleNodeForStaleNodeHandler] INFO  pipeline.PipelineStateManager (PipelineStateManager.java:finalizePipeline(121)) - Pipeline Pipeline[ Id: 72246393-9d1a-4fd5-982f-c349846def79, Nodes: 03dd9899-51e5-4f83-b08a-708074177aaf{ip: 192.168.34.62, host: pr-hdds-1868-lzclr-202649289, networkLocation: /default-rack, certSerialId: null}cae7164a-c8b0-4e78-9c02-4190bab4d7cb{ip: 192.168.34.62, host: pr-hdds-1868-lzclr-202649289, networkLocation: /default-rack, certSerialId: null}328eda30-7a38-4124-8420-4db3824d3ef4{ip: 192.168.34.62, host: pr-hdds-1868-lzclr-202649289, networkLocation: /default-rack, certSerialId: null}, Type:RATIS, Factor:THREE, State:CLOSED] moved to CLOSED state
2019-10-17 07:02:15,847 [EventQueue-CloseContainerForCloseContainerEventHandler] INFO  container.CloseContainerEventHandler (CloseContainerEventHandler.java:onMessage(61)) - Close container Event triggered for container : #1
2019-10-17 07:02:15,850 [EventQueue-ContainerReportForContainerReportHandler] INFO  container.ContainerReportHandler (AbstractContainerReportHandler.java:updateContainerState(178)) - Moving container #1 to CLOSED state, datanode cae7164a-c8b0-4e78-9c02-4190bab4d7cb{ip: 192.168.34.62, host: pr-hdds-1868-lzclr-202649289, networkLocation: /default-rack, certSerialId: null} reported CLOSED replica.
2019-10-17 07:02:15,852 [EventQueue-StaleNodeForStaleNodeHandler] INFO  pipeline.SCMPipelineManager (SCMPipelineManager.java:finalizeAndDestroyPipeline(315)) - destroying pipeline:Pipeline[ Id: 2354f3d9-0f26-4cdd-aaa8-432220211782, Nodes: 03dd9899-51e5-4f83-b08a-708074177aaf{ip: 192.168.34.62, host: pr-hdds-1868-lzclr-202649289, networkLocation: /default-rack, certSerialId: null}, Type:RATIS, Factor:ONE, State:OPEN]
2019-10-17 07:02:15,852 [EventQueue-StaleNodeForStaleNodeHandler] INFO  pipeline.PipelineStateManager (PipelineStateManager.java:finalizePipeline(121)) - Pipeline Pipeline[ Id: 2354f3d9-0f26-4cdd-aaa8-432220211782, Nodes: 03dd9899-51e5-4f83-b08a-708074177aaf{ip: 192.168.34.62, host: pr-hdds-1868-lzclr-202649289, networkLocation: /default-rack, certSerialId: null}, Type:RATIS, Factor:ONE, State:CLOSED] moved to CLOSED state
2019-10-17 07:02:16,199 [SCMBlockDeletingService#1] INFO  block.SCMBlockDeletingService (SCMBlockDeletingService.java:call(184)) - Totally added 3 delete blocks command for 3 datanodes, task elapsed time: 6ms
2019-10-17 07:02:16,252 [EventQueue-PendingDeleteStatusForPendingDeleteHandler] INFO  block.SCMBlockDeletingService (SCMBlockDeletingService.java:handlePendingDeletes(115)) - Block deletion txnID mismatch in datanode cae7164a-c8b0-4e78-9c02-4190bab4d7cb for containerID 1. Datanode delete txnID: 0, SCM txnID: 1
2019-10-17 07:02:16,352 [EventQueue-PendingDeleteStatusForPendingDeleteHandler] INFO  block.SCMBlockDeletingService (SCMBlockDeletingService.java:handlePendingDeletes(115)) - Block deletion txnID mismatch in datanode 328eda30-7a38-4124-8420-4db3824d3ef4 for containerID 1. Datanode delete txnID: 0, SCM txnID: 1
2019-10-17 07:02:16,551 [EventQueue-PendingDeleteStatusForPendingDeleteHandler] INFO  block.SCMBlockDeletingService (SCMBlockDeletingService.java:handlePendingDeletes(115)) - Block deletion txnID mismatch in datanode cae7164a-c8b0-4e78-9c02-4190bab4d7cb for containerID 1. Datanode delete txnID: 0, SCM txnID: 1
2019-10-17 07:02:16,553 [Command processor thread] INFO  commandhandler.DeleteBlocksCommandHandler (DeleteBlocksCommandHandler.java:handle(106)) - Start to delete container blocks, TXIDs=[1(0)], numOfContainers=1, numOfBlocks=1
2019-10-17 07:02:16,649 [EventQueue-PendingDeleteStatusForPendingDeleteHandler] INFO  block.SCMBlockDeletingService (SCMBlockDeletingService.java:handlePendingDeletes(115)) - Block deletion txnID mismatch in datanode 328eda30-7a38-4124-8420-4db3824d3ef4 for containerID 1. Datanode delete txnID: 0, SCM txnID: 1
2019-10-17 07:02:16,750 [EventQueue-PendingDeleteStatusForPendingDeleteHandler] INFO  block.SCMBlockDeletingService (SCMBlockDeletingService.java:handlePendingDeletes(115)) - Block deletion txnID mismatch in datanode cae7164a-c8b0-4e78-9c02-4190bab4d7cb for containerID 1. Datanode delete txnID: 0, SCM txnID: 1
2019-10-17 07:02:16,816 [BlockDeletingService#2] WARN  background.BlockDeletingService (BlockDeletingService.java:isDeletionAllowed(187)) - Close Container log Index 6 is not replicated across allthe servers in the pipeline 72246393-9d1a-4fd5-982f-c349846def79 as the min replicated index is 4. Deletion is not allowed in this container yet.
2019-10-17 07:02:16,816 [BlockDeletingService#2] WARN  background.BlockDeletingService (BlockDeletingService.java:isDeletionAllowed(187)) - Close Container log Index 6 is not replicated across allthe servers in the pipeline 72246393-9d1a-4fd5-982f-c349846def79 as the min replicated index is 4. Deletion is not allowed in this container yet.
2019-10-17 07:02:16,949 [Command processor thread] INFO  commandhandler.DeleteBlocksCommandHandler (DeleteBlocksCommandHandler.java:handle(106)) - Start to delete container blocks, TXIDs=[1(0)], numOfContainers=1, numOfBlocks=1
2019-10-17 07:02:17,201 [SCMBlockDeletingService#1] INFO  block.SCMBlockDeletingService (SCMBlockDeletingService.java:call(184)) - Totally added 1 delete blocks command for 1 datanodes, task elapsed time: 1ms
2019-10-17 07:02:17,201 [pool-7-thread-1] INFO  commands.RetriableDatanodeEventWatcher (RetriableDatanodeEventWatcher.java:onTimeout(47)) - RetriableDatanodeCommand type=deleteBlocksCommand with id=1571295736198 timed out. Retrying.
2019-10-17 07:02:17,215 [main] INFO  impl.MetricsSystemImpl (MetricsSystemImpl.java:init(158)) - HddsDatanode metrics system started (again)
2019-10-17 07:02:17,255 [main] INFO  ozone.HddsDatanodeService (HddsDatanodeService.java:start(184)) - HddsDatanodeService host:pr-hdds-1868-lzclr-202649289 ip:192.168.34.62
2019-10-17 07:02:17,258 [main] INFO  volume.VolumeUsage (VolumeUsage.java:loadScmUsed(144)) - Cached ScmUsed found for /workdir/hadoop-ozone/integration-test/target/test-dir/MiniOzoneClusterImpl-b17df855-cd66-47f7-bb21-75637d0c5abd/datanode-2/data/containers : 4096 
2019-10-17 07:02:17,259 [main] INFO  volume.HddsVolume (HddsVolume.java:<init>(176)) - Creating Volume: /workdir/hadoop-ozone/integration-test/target/test-dir/MiniOzoneClusterImpl-b17df855-cd66-47f7-bb21-75637d0c5abd/datanode-2/data/containers/hdds of  storage type : DISK and capacity : 1482555576320
2019-10-17 07:02:17,259 [main] INFO  volume.VolumeSet (VolumeSet.java:initializeVolumeSet(170)) - Added Volume : /workdir/hadoop-ozone/integration-test/target/test-dir/MiniOzoneClusterImpl-b17df855-cd66-47f7-bb21-75637d0c5abd/datanode-2/data/containers/hdds to VolumeSet
2019-10-17 07:02:17,259 [main] INFO  volume.ThrottledAsyncChecker (ThrottledAsyncChecker.java:schedule(141)) - Scheduling a check for /workdir/hadoop-ozone/integration-test/target/test-dir/MiniOzoneClusterImpl-b17df855-cd66-47f7-bb21-75637d0c5abd/datanode-2/data/containers/hdds
2019-10-17 07:02:17,260 [main] INFO  volume.HddsVolumeChecker (HddsVolumeChecker.java:checkAllVolumes(204)) - Scheduled health check for volume /workdir/hadoop-ozone/integration-test/target/test-dir/MiniOzoneClusterImpl-b17df855-cd66-47f7-bb21-75637d0c5abd/datanode-2/data/containers/hdds
2019-10-17 07:02:17,298 [main] INFO  impl.RaftServerProxy (ConfUtils.java:logGet(43)) - raft.rpc.type = GRPC (default)
2019-10-17 07:02:17,298 [main] INFO  grpc.GrpcFactory (GrpcFactory.java:checkPooledByteBufAllocatorUseCacheForAllThreads(45)) - PERFORMANCE WARNING: useCacheForAllThreads is true that may cause Netty to create a lot garbage objects and, as a result, trigger GC.
	It is recommended to disable useCacheForAllThreads by setting -Dorg.apache.ratis.thirdparty.io.netty.allocator.useCacheForAllThreads=false in command line.
2019-10-17 07:02:17,299 [main] INFO  grpc.GrpcConfigKeys$Server (ConfUtils.java:logGet(43)) - raft.grpc.server.port = 36351 (custom)
2019-10-17 07:02:17,299 [main] INFO  server.GrpcService (ConfUtils.java:logGet(43)) - raft.grpc.message.size.max = 33570816 (custom)
2019-10-17 07:02:17,299 [main] INFO  server.RaftServerConfigKeys (ConfUtils.java:logGet(43)) - raft.server.log.appender.buffer.byte-limit = 33554432 (custom)
2019-10-17 07:02:17,299 [main] INFO  server.GrpcService (ConfUtils.java:logGet(43)) - raft.grpc.flow.control.window = 1MB (=1048576) (default)
2019-10-17 07:02:17,299 [main] INFO  server.RaftServerConfigKeys (ConfUtils.java:logGet(43)) - raft.server.rpc.request.timeout = 3000ms (default)
2019-10-17 07:02:17,300 [main] INFO  server.RaftServerConfigKeys (ConfUtils.java:logGet(43)) - raft.server.storage.dir = [/workdir/hadoop-ozone/integration-test/target/test-dir/MiniOzoneClusterImpl-b17df855-cd66-47f7-bb21-75637d0c5abd/datanode-2/data/ratis] (custom)
2019-10-17 07:02:17,300 [main] INFO  impl.RaftServerProxy (RaftServerProxy.java:lambda$null$0(191)) - 03dd9899-51e5-4f83-b08a-708074177aaf: found a subdirectory /workdir/hadoop-ozone/integration-test/target/test-dir/MiniOzoneClusterImpl-b17df855-cd66-47f7-bb21-75637d0c5abd/datanode-2/data/ratis/2354f3d9-0f26-4cdd-aaa8-432220211782
2019-10-17 07:02:17,301 [main] INFO  impl.RaftServerProxy (RaftServerProxy.java:addNew(89)) - 03dd9899-51e5-4f83-b08a-708074177aaf: addNew group-432220211782:[] returns group-432220211782:java.util.concurrent.CompletableFuture@41a374be[Not completed]
2019-10-17 07:02:17,301 [main] INFO  impl.RaftServerProxy (RaftServerProxy.java:lambda$null$0(191)) - 03dd9899-51e5-4f83-b08a-708074177aaf: found a subdirectory /workdir/hadoop-ozone/integration-test/target/test-dir/MiniOzoneClusterImpl-b17df855-cd66-47f7-bb21-75637d0c5abd/datanode-2/data/ratis/72246393-9d1a-4fd5-982f-c349846def79
2019-10-17 07:02:17,301 [main] INFO  impl.RaftServerProxy (RaftServerProxy.java:addNew(89)) - 03dd9899-51e5-4f83-b08a-708074177aaf: addNew group-C349846DEF79:[] returns group-C349846DEF79:java.util.concurrent.CompletableFuture@11f9535b[Not completed]
2019-10-17 07:02:17,306 [pool-59-thread-1] INFO  impl.RaftServerImpl (RaftServerImpl.java:<init>(104)) - 03dd9899-51e5-4f83-b08a-708074177aaf: new RaftServerImpl for group-432220211782:[] with ContainerStateMachine:uninitialized
2019-10-17 07:02:17,306 [pool-59-thread-1] INFO  server.RaftServerConfigKeys (ConfUtils.java:logGet(43)) - raft.server.rpc.timeout.min = 5s (custom)
2019-10-17 07:02:17,306 [pool-59-thread-1] INFO  server.RaftServerConfigKeys (ConfUtils.java:logGet(43)) - raft.server.rpc.timeout.max = 5200ms (custom)
2019-10-17 07:02:17,306 [pool-59-thread-1] INFO  server.RaftServerConfigKeys (ConfUtils.java:logGet(43)) - raft.server.rpcslowness.timeout = 1000s (custom)
2019-10-17 07:02:17,306 [pool-59-thread-1] INFO  server.RaftServerConfigKeys (ConfUtils.java:logGet(43)) - raft.server.sleep.deviation.threshold = 300 (default)
2019-10-17 07:02:17,306 [pool-59-thread-1] INFO  server.RaftServerConfigKeys (ConfUtils.java:logGet(43)) - raft.server.log.appender.install.snapshot.enabled = false (custom)
2019-10-17 07:02:17,307 [pool-59-thread-1] INFO  impl.RaftServerImpl (ServerState.java:<init>(103)) - 03dd9899-51e5-4f83-b08a-708074177aaf@group-432220211782: ConfigurationManager, init=-1: [], old=null, confs=<EMPTY_MAP>
2019-10-17 07:02:17,307 [pool-59-thread-1] INFO  server.RaftServerConfigKeys (ConfUtils.java:logGet(43)) - raft.server.storage.dir = [/workdir/hadoop-ozone/integration-test/target/test-dir/MiniOzoneClusterImpl-b17df855-cd66-47f7-bb21-75637d0c5abd/datanode-2/data/ratis] (custom)
2019-10-17 07:02:17,307 [pool-59-thread-1] INFO  server.RaftServerConfigKeys (ConfUtils.java:logGet(43)) - raft.server.log.corruption.policy = EXCEPTION (default)
2019-10-17 07:02:17,307 [main] INFO  hdfs.DFSUtil (DFSUtil.java:httpServerTemplateForNNAndJN(1641)) - Starting Web-server for hddsDatanode at: http://0.0.0.0:45928
2019-10-17 07:02:17,310 [main] INFO  server.AuthenticationFilter (AuthenticationFilter.java:constructSecretProvider(240)) - Unable to initialize FileSignerSecretProvider, falling back to use random secrets.
2019-10-17 07:02:17,311 [main] WARN  http.HttpRequestLog (HttpRequestLog.java:getRequestLog(97)) - Jetty request log can only be enabled using Log4j
2019-10-17 07:02:17,313 [main] INFO  http.HttpServer2 (HttpServer2.java:addGlobalFilter(975)) - Added global filter 'safety' (class=org.apache.hadoop.http.HttpServer2$QuotingInputFilter)
2019-10-17 07:02:17,314 [main] INFO  http.HttpServer2 (HttpServer2.java:addFilter(948)) - Added filter static_user_filter (class=org.apache.hadoop.http.lib.StaticUserWebFilter$StaticUserFilter) to context hddsDatanode
2019-10-17 07:02:17,314 [main] INFO  http.HttpServer2 (HttpServer2.java:addFilter(958)) - Added filter static_user_filter (class=org.apache.hadoop.http.lib.StaticUserWebFilter$StaticUserFilter) to context logs
2019-10-17 07:02:17,314 [main] INFO  http.HttpServer2 (HttpServer2.java:addFilter(958)) - Added filter static_user_filter (class=org.apache.hadoop.http.lib.StaticUserWebFilter$StaticUserFilter) to context static
2019-10-17 07:02:17,315 [main] INFO  http.HttpServer2 (HttpServer2.java:bindListener(1191)) - Jetty bound to port 45928
2019-10-17 07:02:17,315 [main] INFO  server.Server (Server.java:doStart(351)) - jetty-9.3.25.v20180904, build timestamp: 2018-09-04T21:11:46Z, git hash: 3ce520221d0240229c862b122d2b06c12a625732
2019-10-17 07:02:17,318 [main] INFO  handler.ContextHandler (ContextHandler.java:doStart(781)) - Started o.e.j.s.ServletContextHandler@76b47204{/logs,file:///workdir/hadoop-ozone/integration-test/target/log,AVAILABLE}
2019-10-17 07:02:17,318 [main] INFO  handler.ContextHandler (ContextHandler.java:doStart(781)) - Started o.e.j.s.ServletContextHandler@6a12c7a8{/static,jar:file:/home/user/.m2/repository/org/apache/hadoop/hadoop-hdds-container-service/0.5.0-SNAPSHOT/hadoop-hdds-container-service-0.5.0-SNAPSHOT.jar!/webapps/static,AVAILABLE}
2019-10-17 07:02:17,320 [pool-59-thread-1] INFO  storage.RaftStorageDirectory (RaftStorageDirectory.java:tryLock(328)) - Lock on /workdir/hadoop-ozone/integration-test/target/test-dir/MiniOzoneClusterImpl-b17df855-cd66-47f7-bb21-75637d0c5abd/datanode-2/data/ratis/2354f3d9-0f26-4cdd-aaa8-432220211782/in_use.lock acquired by nodename 28572@pr-hdds-1868-lzclr-202649289
2019-10-17 07:02:17,321 [pool-59-thread-1] INFO  ratis.ContainerStateMachine (ContainerStateMachine.java:loadSnapshot(233)) - group-432220211782: The snapshot info is null. Setting the last applied indexto:(t:0, i:~)
2019-10-17 07:02:17,321 [pool-59-thread-1] INFO  server.RaftServerConfigKeys (ConfUtils.java:logGet(43)) - raft.server.notification.no-leader.timeout = 1000s (custom)
2019-10-17 07:02:17,321 [pool-59-thread-1] INFO  server.RaftServerConfigKeys (ConfUtils.java:logGet(43)) - raft.server.log.use.memory = false (default)
2019-10-17 07:02:17,321 [pool-59-thread-1] INFO  server.RaftServerConfigKeys (ConfUtils.java:logGet(43)) - raft.server.log.purge.gap = 1000000 (custom)
2019-10-17 07:02:17,322 [pool-59-thread-1] INFO  server.RaftServerConfigKeys (ConfUtils.java:logGet(43)) - raft.server.log.appender.buffer.byte-limit = 33554432 (custom)
2019-10-17 07:02:17,322 [pool-59-thread-1] INFO  server.RaftServerConfigKeys (ConfUtils.java:logGet(43)) - raft.server.log.segment.size.max = 1048576 (custom)
2019-10-17 07:02:17,322 [pool-59-thread-1] INFO  server.RaftServerConfigKeys (ConfUtils.java:logGet(43)) - raft.server.log.segment.cache.num.max = 2 (custom)
2019-10-17 07:02:17,322 [pool-59-thread-1] INFO  segmented.SegmentedRaftLogWorker (SegmentedRaftLogWorker.java:<init>(173)) - new 03dd9899-51e5-4f83-b08a-708074177aaf@group-432220211782-SegmentedRaftLogWorker for RaftStorage:Storage Directory /workdir/hadoop-ozone/integration-test/target/test-dir/MiniOzoneClusterImpl-b17df855-cd66-47f7-bb21-75637d0c5abd/datanode-2/data/ratis/2354f3d9-0f26-4cdd-aaa8-432220211782
2019-10-17 07:02:17,322 [pool-59-thread-1] INFO  server.RaftServerConfigKeys (ConfUtils.java:logGet(43)) - raft.server.log.queue.byte-limit = 2147483647 (custom)
2019-10-17 07:02:17,322 [pool-59-thread-1] INFO  server.RaftServerConfigKeys (ConfUtils.java:logGet(43)) - raft.server.log.queue.element-limit = 1024 (custom)
2019-10-17 07:02:17,322 [pool-59-thread-1] INFO  server.RaftServerConfigKeys (ConfUtils.java:logGet(43)) - raft.server.log.segment.size.max = 1048576 (custom)
2019-10-17 07:02:17,322 [pool-59-thread-1] INFO  server.RaftServerConfigKeys (ConfUtils.java:logGet(43)) - raft.server.log.preallocated.size = 16384 (custom)
2019-10-17 07:02:17,322 [pool-59-thread-1] INFO  server.RaftServerConfigKeys (ConfUtils.java:logGet(43)) - raft.server.log.write.buffer.size = 33554432 (custom)
2019-10-17 07:02:17,322 [pool-59-thread-1] INFO  server.RaftServerConfigKeys (ConfUtils.java:logGet(43)) - raft.server.log.force.sync.num = 128 (default)
2019-10-17 07:02:17,323 [pool-59-thread-1] INFO  server.RaftServerConfigKeys (ConfUtils.java:logGet(43)) - raft.server.log.statemachine.data.sync = true (default)
2019-10-17 07:02:17,323 [pool-59-thread-1] INFO  server.RaftServerConfigKeys (ConfUtils.java:logGet(43)) - raft.server.log.statemachine.data.sync.timeout = 10s (default)
2019-10-17 07:02:17,323 [pool-59-thread-1] INFO  server.RaftServerConfigKeys (ConfUtils.java:logGet(43)) - raft.server.log.statemachine.data.sync.timeout.retry = -1 (default)
2019-10-17 07:02:17,323 [pool-59-thread-1] INFO  server.RaftServerConfigKeys (ConfUtils.java:logGet(43)) - raft.server.log.statemachine.data.caching.enabled = true (custom)
2019-10-17 07:02:17,329 [pool-59-thread-1] INFO  impl.RaftServerImpl (ServerState.java:setRaftConf(357)) - 03dd9899-51e5-4f83-b08a-708074177aaf@group-432220211782: set configuration 0: [03dd9899-51e5-4f83-b08a-708074177aaf:192.168.34.62:36351], old=null at 0
2019-10-17 07:02:17,329 [pool-59-thread-1] INFO  segmented.LogSegment (LogSegment.java:loadSegment(140)) - Successfully read 1 entries from segment file /workdir/hadoop-ozone/integration-test/target/test-dir/MiniOzoneClusterImpl-b17df855-cd66-47f7-bb21-75637d0c5abd/datanode-2/data/ratis/2354f3d9-0f26-4cdd-aaa8-432220211782/current/log_inprogress_0
2019-10-17 07:02:17,329 [pool-59-thread-1] INFO  segmented.SegmentedRaftLogWorker (SegmentedRaftLogWorker.java:lambda$new$0(128)) - 03dd9899-51e5-4f83-b08a-708074177aaf@group-432220211782-SegmentedRaftLogWorker: flushIndex: setUnconditionally 0 -> 0
2019-10-17 07:02:17,352 [pool-59-thread-1] INFO  server.RaftServerConfigKeys (ConfUtils.java:logGet(43)) - raft.server.snapshot.auto.trigger.enabled = true (custom)
2019-10-17 07:02:17,352 [pool-59-thread-1] INFO  server.RaftServerConfigKeys (ConfUtils.java:logGet(43)) - raft.server.snapshot.auto.trigger.threshold = 10000 (custom)
2019-10-17 07:02:17,352 [pool-59-thread-1] INFO  server.RaftServerConfigKeys (ConfUtils.java:logGet(43)) - raft.server.snapshot.retention.file.num = 5 (custom)
2019-10-17 07:02:17,353 [pool-59-thread-1] INFO  server.RaftServerConfigKeys (ConfUtils.java:logGet(43)) - raft.server.retrycache.expirytime = 600000ms (custom)
2019-10-17 07:02:17,355 [pool-59-thread-1] INFO  impl.RaftServerImpl (RaftServerImpl.java:<init>(104)) - 03dd9899-51e5-4f83-b08a-708074177aaf: new RaftServerImpl for group-C349846DEF79:[] with ContainerStateMachine:uninitialized
2019-10-17 07:02:17,356 [pool-59-thread-1] INFO  server.RaftServerConfigKeys (ConfUtils.java:logGet(43)) - raft.server.rpc.timeout.min = 5s (custom)
2019-10-17 07:02:17,356 [pool-59-thread-1] INFO  server.RaftServerConfigKeys (ConfUtils.java:logGet(43)) - raft.server.rpc.timeout.max = 5200ms (custom)
2019-10-17 07:02:17,356 [pool-59-thread-1] INFO  server.RaftServerConfigKeys (ConfUtils.java:logGet(43)) - raft.server.rpcslowness.timeout = 1000s (custom)
2019-10-17 07:02:17,356 [pool-59-thread-1] INFO  server.RaftServerConfigKeys (ConfUtils.java:logGet(43)) - raft.server.sleep.deviation.threshold = 300 (default)
2019-10-17 07:02:17,356 [pool-59-thread-1] INFO  server.RaftServerConfigKeys (ConfUtils.java:logGet(43)) - raft.server.log.appender.install.snapshot.enabled = false (custom)
2019-10-17 07:02:17,357 [pool-59-thread-1] INFO  impl.RaftServerImpl (ServerState.java:<init>(103)) - 03dd9899-51e5-4f83-b08a-708074177aaf@group-C349846DEF79: ConfigurationManager, init=-1: [], old=null, confs=<EMPTY_MAP>
2019-10-17 07:02:17,357 [pool-59-thread-1] INFO  server.RaftServerConfigKeys (ConfUtils.java:logGet(43)) - raft.server.storage.dir = [/workdir/hadoop-ozone/integration-test/target/test-dir/MiniOzoneClusterImpl-b17df855-cd66-47f7-bb21-75637d0c5abd/datanode-2/data/ratis] (custom)
2019-10-17 07:02:17,357 [pool-59-thread-1] INFO  server.RaftServerConfigKeys (ConfUtils.java:logGet(43)) - raft.server.log.corruption.policy = EXCEPTION (default)
2019-10-17 07:02:17,359 [main] INFO  handler.ContextHandler (ContextHandler.java:doStart(781)) - Started o.e.j.w.WebAppContext@341b13a8{/,file:///tmp/jetty-0.0.0.0-45928-hddsDatanode-_-any-5661339293695521381.dir/webapp/,AVAILABLE}{/hddsDatanode}
2019-10-17 07:02:17,360 [main] INFO  server.AbstractConnector (AbstractConnector.java:doStart(278)) - Started ServerConnector@692dba54{HTTP/1.1,[http/1.1]}{0.0.0.0:45928}
2019-10-17 07:02:17,360 [main] INFO  server.Server (Server.java:doStart(419)) - Started @113966ms
2019-10-17 07:02:17,360 [main] WARN  impl.MetricsSystemImpl (MetricsSystemImpl.java:register(276)) - Sink prometheus already exists!
2019-10-17 07:02:17,361 [main] INFO  server.BaseHttpServer (BaseHttpServer.java:updateConnectorAddress(215)) - HTTP server of HDDSDATANODE is listening at http://0.0.0.0:45928
2019-10-17 07:02:17,363 [org.apache.hadoop.util.JvmPauseMonitor$Monitor@4df321ec] INFO  util.JvmPauseMonitor (JvmPauseMonitor.java:run(188)) - Starting JVM pause monitor
2019-10-17 07:02:17,369 [pool-59-thread-1] INFO  storage.RaftStorageDirectory (RaftStorageDirectory.java:tryLock(328)) - Lock on /workdir/hadoop-ozone/integration-test/target/test-dir/MiniOzoneClusterImpl-b17df855-cd66-47f7-bb21-75637d0c5abd/datanode-2/data/ratis/72246393-9d1a-4fd5-982f-c349846def79/in_use.lock acquired by nodename 28572@pr-hdds-1868-lzclr-202649289
2019-10-17 07:02:17,371 [pool-59-thread-1] INFO  ratis.ContainerStateMachine (ContainerStateMachine.java:loadSnapshot(242)) - group-C349846DEF79: Setting the last applied index to (t:2, i:3)
2019-10-17 07:02:17,376 [pool-59-thread-1] INFO  impl.RaftServerImpl (ServerState.java:setRaftConf(357)) - 03dd9899-51e5-4f83-b08a-708074177aaf@group-C349846DEF79: set configuration 0: [328eda30-7a38-4124-8420-4db3824d3ef4:192.168.34.62:34889, 03dd9899-51e5-4f83-b08a-708074177aaf:192.168.34.62:36351, cae7164a-c8b0-4e78-9c02-4190bab4d7cb:192.168.34.62:46027], old=null at 0
2019-10-17 07:02:17,376 [pool-59-thread-1] INFO  server.RaftServerConfigKeys (ConfUtils.java:logGet(43)) - raft.server.notification.no-leader.timeout = 1000s (custom)
2019-10-17 07:02:17,376 [pool-59-thread-1] INFO  server.RaftServerConfigKeys (ConfUtils.java:logGet(43)) - raft.server.log.use.memory = false (default)
2019-10-17 07:02:17,376 [pool-59-thread-1] INFO  server.RaftServerConfigKeys (ConfUtils.java:logGet(43)) - raft.server.log.purge.gap = 1000000 (custom)
2019-10-17 07:02:17,376 [pool-59-thread-1] INFO  server.RaftServerConfigKeys (ConfUtils.java:logGet(43)) - raft.server.log.appender.buffer.byte-limit = 33554432 (custom)
2019-10-17 07:02:17,376 [pool-59-thread-1] INFO  server.RaftServerConfigKeys (ConfUtils.java:logGet(43)) - raft.server.log.segment.size.max = 1048576 (custom)
2019-10-17 07:02:17,376 [pool-59-thread-1] INFO  server.RaftServerConfigKeys (ConfUtils.java:logGet(43)) - raft.server.log.segment.cache.num.max = 2 (custom)
2019-10-17 07:02:17,376 [pool-59-thread-1] INFO  segmented.SegmentedRaftLogWorker (SegmentedRaftLogWorker.java:<init>(173)) - new 03dd9899-51e5-4f83-b08a-708074177aaf@group-C349846DEF79-SegmentedRaftLogWorker for RaftStorage:Storage Directory /workdir/hadoop-ozone/integration-test/target/test-dir/MiniOzoneClusterImpl-b17df855-cd66-47f7-bb21-75637d0c5abd/datanode-2/data/ratis/72246393-9d1a-4fd5-982f-c349846def79
2019-10-17 07:02:17,376 [pool-59-thread-1] INFO  server.RaftServerConfigKeys (ConfUtils.java:logGet(43)) - raft.server.log.queue.byte-limit = 2147483647 (custom)
2019-10-17 07:02:17,377 [pool-59-thread-1] INFO  server.RaftServerConfigKeys (ConfUtils.java:logGet(43)) - raft.server.log.queue.element-limit = 1024 (custom)
2019-10-17 07:02:17,377 [pool-59-thread-1] INFO  server.RaftServerConfigKeys (ConfUtils.java:logGet(43)) - raft.server.log.segment.size.max = 1048576 (custom)
2019-10-17 07:02:17,377 [pool-59-thread-1] INFO  server.RaftServerConfigKeys (ConfUtils.java:logGet(43)) - raft.server.log.preallocated.size = 16384 (custom)
2019-10-17 07:02:17,377 [pool-59-thread-1] INFO  server.RaftServerConfigKeys (ConfUtils.java:logGet(43)) - raft.server.log.write.buffer.size = 33554432 (custom)
2019-10-17 07:02:17,377 [pool-59-thread-1] INFO  server.RaftServerConfigKeys (ConfUtils.java:logGet(43)) - raft.server.log.force.sync.num = 128 (default)
2019-10-17 07:02:17,377 [pool-59-thread-1] INFO  server.RaftServerConfigKeys (ConfUtils.java:logGet(43)) - raft.server.log.statemachine.data.sync = true (default)
2019-10-17 07:02:17,377 [pool-59-thread-1] INFO  server.RaftServerConfigKeys (ConfUtils.java:logGet(43)) - raft.server.log.statemachine.data.sync.timeout = 10s (default)
2019-10-17 07:02:17,377 [pool-59-thread-1] INFO  server.RaftServerConfigKeys (ConfUtils.java:logGet(43)) - raft.server.log.statemachine.data.sync.timeout.retry = -1 (default)
2019-10-17 07:02:17,377 [pool-59-thread-1] INFO  server.RaftServerConfigKeys (ConfUtils.java:logGet(43)) - raft.server.log.statemachine.data.caching.enabled = true (custom)
2019-10-17 07:02:17,378 [pool-59-thread-1] INFO  impl.RaftServerImpl (ServerState.java:setRaftConf(357)) - 03dd9899-51e5-4f83-b08a-708074177aaf@group-C349846DEF79: set configuration 0: [328eda30-7a38-4124-8420-4db3824d3ef4:192.168.34.62:34889, 03dd9899-51e5-4f83-b08a-708074177aaf:192.168.34.62:36351, cae7164a-c8b0-4e78-9c02-4190bab4d7cb:192.168.34.62:46027], old=null at 0
2019-10-17 07:02:17,379 [pool-59-thread-1] INFO  segmented.LogSegment (LogSegment.java:loadSegment(140)) - Successfully read 5 entries from segment file /workdir/hadoop-ozone/integration-test/target/test-dir/MiniOzoneClusterImpl-b17df855-cd66-47f7-bb21-75637d0c5abd/datanode-2/data/ratis/72246393-9d1a-4fd5-982f-c349846def79/current/log_inprogress_0
2019-10-17 07:02:17,379 [pool-59-thread-1] INFO  segmented.SegmentedRaftLogWorker (SegmentedRaftLogWorker.java:lambda$new$0(128)) - 03dd9899-51e5-4f83-b08a-708074177aaf@group-C349846DEF79-SegmentedRaftLogWorker: flushIndex: setUnconditionally 0 -> 4
2019-10-17 07:02:17,403 [pool-59-thread-1] INFO  raftlog.RaftLog (RaftLog.java:lambda$new$0(61)) - 03dd9899-51e5-4f83-b08a-708074177aaf@group-C349846DEF79-SegmentedRaftLog: commitIndex: updateToMax old=3, new=3, updated? false
2019-10-17 07:02:17,404 [pool-59-thread-1] INFO  server.RaftServerConfigKeys (ConfUtils.java:logGet(43)) - raft.server.snapshot.auto.trigger.enabled = true (custom)
2019-10-17 07:02:17,404 [pool-59-thread-1] INFO  server.RaftServerConfigKeys (ConfUtils.java:logGet(43)) - raft.server.snapshot.auto.trigger.threshold = 10000 (custom)
2019-10-17 07:02:17,404 [pool-59-thread-1] INFO  server.RaftServerConfigKeys (ConfUtils.java:logGet(43)) - raft.server.snapshot.retention.file.num = 5 (custom)
2019-10-17 07:02:17,404 [pool-59-thread-1] INFO  server.RaftServerConfigKeys (ConfUtils.java:logGet(43)) - raft.server.retrycache.expirytime = 600000ms (custom)
2019-10-17 07:02:17,670 [java.util.concurrent.ThreadPoolExecutor$Worker@69357c50[State = -1, empty queue]] WARN  server.GrpcLogAppender (GrpcLogAppender.java:timeoutAppendRequest(209)) - cae7164a-c8b0-4e78-9c02-4190bab4d7cb@group-C349846DEF79->03dd9899-51e5-4f83-b08a-708074177aaf-GrpcLogAppender: appendEntries Timeout, request=cae7164a-c8b0-4e78-9c02-4190bab4d7cb->03dd9899-51e5-4f83-b08a-708074177aaf#50-t2, previous=(t:2, i:10), leaderCommit=10, initializing? false, entries: <empty>
2019-10-17 07:02:17,755 [Thread-544] INFO  client.GrpcClientProtocolService (GrpcClientProtocolService.java:lambda$processClientRequest$0(278)) - Failed RaftClientRequest:client-1BB1B1ECBBFA->cae7164a-c8b0-4e78-9c02-4190bab4d7cb@group-C349846DEF79, cid=10, seq=0, Watch-ALL_COMMITTED(6), Message:<EMPTY>, reply=RaftClientReply:client-1BB1B1ECBBFA->cae7164a-c8b0-4e78-9c02-4190bab4d7cb@group-C349846DEF79, cid=10, FAILED org.apache.ratis.protocol.NotReplicatedException: Request with call Id 10 and log index 6 is not yet replicated to ALL_COMMITTED, logIndex=6, commits[cae7164a-c8b0-4e78-9c02-4190bab4d7cb:c10, 328eda30-7a38-4124-8420-4db3824d3ef4:c10, 03dd9899-51e5-4f83-b08a-708074177aaf:c4]
2019-10-17 07:02:17,817 [BlockDeletingService#2] WARN  background.BlockDeletingService (BlockDeletingService.java:isDeletionAllowed(187)) - Close Container log Index 6 is not replicated across allthe servers in the pipeline 72246393-9d1a-4fd5-982f-c349846def79 as the min replicated index is 4. Deletion is not allowed in this container yet.
2019-10-17 07:02:17,817 [BlockDeletingService#2] WARN  background.BlockDeletingService (BlockDeletingService.java:isDeletionAllowed(187)) - Close Container log Index 6 is not replicated across allthe servers in the pipeline 72246393-9d1a-4fd5-982f-c349846def79 as the min replicated index is 4. Deletion is not allowed in this container yet.
2019-10-17 07:02:18,201 [pool-7-thread-1] INFO  commands.RetriableDatanodeEventWatcher (RetriableDatanodeEventWatcher.java:onTimeout(47)) - RetriableDatanodeCommand type=deleteBlocksCommand with id=1571295736201 timed out. Retrying.
2019-10-17 07:02:18,201 [pool-7-thread-1] INFO  commands.RetriableDatanodeEventWatcher (RetriableDatanodeEventWatcher.java:onTimeout(47)) - RetriableDatanodeCommand type=deleteBlocksCommand with id=1571295736198 timed out. Retrying.
2019-10-17 07:02:18,202 [SCMBlockDeletingService#1] INFO  block.SCMBlockDeletingService (SCMBlockDeletingService.java:call(184)) - Totally added 1 delete blocks command for 1 datanodes, task elapsed time: 0ms
2019-10-17 07:02:18,818 [BlockDeletingService#2] WARN  background.BlockDeletingService (BlockDeletingService.java:isDeletionAllowed(187)) - Close Container log Index 6 is not replicated across allthe servers in the pipeline 72246393-9d1a-4fd5-982f-c349846def79 as the min replicated index is 4. Deletion is not allowed in this container yet.
2019-10-17 07:02:18,819 [BlockDeletingService#2] WARN  background.BlockDeletingService (BlockDeletingService.java:isDeletionAllowed(187)) - Close Container log Index 6 is not replicated across allthe servers in the pipeline 72246393-9d1a-4fd5-982f-c349846def79 as the min replicated index is 4. Deletion is not allowed in this container yet.
2019-10-17 07:02:19,202 [pool-7-thread-1] INFO  commands.RetriableDatanodeEventWatcher (RetriableDatanodeEventWatcher.java:onTimeout(47)) - RetriableDatanodeCommand type=deleteBlocksCommand with id=1571295736202 timed out. Retrying.
2019-10-17 07:02:19,203 [pool-7-thread-3] INFO  commands.RetriableDatanodeEventWatcher (RetriableDatanodeEventWatcher.java:onTimeout(47)) - RetriableDatanodeCommand type=deleteBlocksCommand with id=1571295736198 timed out. Retrying.
2019-10-17 07:02:19,203 [pool-7-thread-2] INFO  commands.RetriableDatanodeEventWatcher (RetriableDatanodeEventWatcher.java:onTimeout(47)) - RetriableDatanodeCommand type=deleteBlocksCommand with id=1571295736201 timed out. Retrying.
2019-10-17 07:02:19,203 [SCMBlockDeletingService#1] INFO  block.SCMBlockDeletingService (SCMBlockDeletingService.java:call(184)) - Totally added 1 delete blocks command for 1 datanodes, task elapsed time: 1ms
2019-10-17 07:02:19,365 [Datanode State Machine Thread - 0] INFO  ozoneimpl.OzoneContainer (OzoneContainer.java:start(213)) - Attempting to start container services.
2019-10-17 07:02:19,367 [Datanode State Machine Thread - 0] INFO  ozoneimpl.OzoneContainer (OzoneContainer.java:startContainerScrub(177)) - Background container scanner has been disabled.
2019-10-17 07:02:19,367 [Datanode State Machine Thread - 0] INFO  ratis.XceiverServerRatis (XceiverServerRatis.java:start(424)) - Starting XceiverServerRatis 03dd9899-51e5-4f83-b08a-708074177aaf at port 36351
2019-10-17 07:02:19,378 [Datanode State Machine Thread - 0] INFO  impl.RaftServerImpl (RaftServerImpl.java:start(195)) - 03dd9899-51e5-4f83-b08a-708074177aaf@group-432220211782: start as a follower, conf=0: [03dd9899-51e5-4f83-b08a-708074177aaf:192.168.34.62:36351], old=null
2019-10-17 07:02:19,379 [ForkJoinPool.commonPool-worker-1] INFO  impl.RaftServerImpl (RaftServerImpl.java:start(195)) - 03dd9899-51e5-4f83-b08a-708074177aaf@group-C349846DEF79: start as a follower, conf=0: [328eda30-7a38-4124-8420-4db3824d3ef4:192.168.34.62:34889, 03dd9899-51e5-4f83-b08a-708074177aaf:192.168.34.62:36351, cae7164a-c8b0-4e78-9c02-4190bab4d7cb:192.168.34.62:46027], old=null
2019-10-17 07:02:19,379 [Datanode State Machine Thread - 0] INFO  impl.RaftServerImpl (RaftServerImpl.java:setRole(184)) - 03dd9899-51e5-4f83-b08a-708074177aaf@group-432220211782: changes role from      null to FOLLOWER at term 1 for startAsFollower
2019-10-17 07:02:19,379 [ForkJoinPool.commonPool-worker-1] INFO  impl.RaftServerImpl (RaftServerImpl.java:setRole(184)) - 03dd9899-51e5-4f83-b08a-708074177aaf@group-C349846DEF79: changes role from      null to FOLLOWER at term 2 for startAsFollower
2019-10-17 07:02:19,379 [Datanode State Machine Thread - 0] INFO  impl.RoleInfo (RoleInfo.java:updateAndGet(143)) - 03dd9899-51e5-4f83-b08a-708074177aaf: start FollowerState
2019-10-17 07:02:19,379 [ForkJoinPool.commonPool-worker-1] INFO  impl.RoleInfo (RoleInfo.java:updateAndGet(143)) - 03dd9899-51e5-4f83-b08a-708074177aaf: start FollowerState
2019-10-17 07:02:19,380 [Datanode State Machine Thread - 0] INFO  util.JmxRegister (JmxRegister.java:tryRegister(44)) - Successfully registered JMX Bean with object name Ratis:service=RaftServer,group=group-432220211782,id=03dd9899-51e5-4f83-b08a-708074177aaf
2019-10-17 07:02:19,380 [ForkJoinPool.commonPool-worker-1] INFO  util.JmxRegister (JmxRegister.java:tryRegister(44)) - Successfully registered JMX Bean with object name Ratis:service=RaftServer,group=group-C349846DEF79,id=03dd9899-51e5-4f83-b08a-708074177aaf
2019-10-17 07:02:19,382 [Datanode State Machine Thread - 0] INFO  impl.RaftServerProxy (RaftServerProxy.java:lambda$start$3(299)) - 03dd9899-51e5-4f83-b08a-708074177aaf: start RPC server
2019-10-17 07:02:19,385 [Datanode State Machine Thread - 0] INFO  server.GrpcService (GrpcService.java:startImpl(158)) - 03dd9899-51e5-4f83-b08a-708074177aaf: GrpcService started, listening on 0.0.0.0/0.0.0.0:36351
2019-10-17 07:02:19,400 [Thread-549] INFO  impl.FollowerState (FollowerState.java:run(108)) - 03dd9899-51e5-4f83-b08a-708074177aaf@group-432220211782-FollowerState: change to CANDIDATE, lastRpcTime:20ms, electionTimeout:20ms
2019-10-17 07:02:19,400 [Thread-549] INFO  impl.RoleInfo (RoleInfo.java:shutdownFollowerState(121)) - 03dd9899-51e5-4f83-b08a-708074177aaf: shutdown FollowerState
2019-10-17 07:02:19,400 [Thread-549] INFO  impl.RaftServerImpl (RaftServerImpl.java:setRole(184)) - 03dd9899-51e5-4f83-b08a-708074177aaf@group-432220211782: changes role from  FOLLOWER to CANDIDATE at term 1 for changeToCandidate
2019-10-17 07:02:19,400 [Thread-549] INFO  impl.RoleInfo (RoleInfo.java:updateAndGet(143)) - 03dd9899-51e5-4f83-b08a-708074177aaf: start LeaderElection
2019-10-17 07:02:19,425 [03dd9899-51e5-4f83-b08a-708074177aaf@group-432220211782-LeaderElection5] INFO  impl.LeaderElection (LeaderElection.java:askForVotes(178)) - 03dd9899-51e5-4f83-b08a-708074177aaf@group-432220211782-LeaderElection5: begin an election at term 2 for 0: [03dd9899-51e5-4f83-b08a-708074177aaf:192.168.34.62:36351], old=null
2019-10-17 07:02:19,425 [03dd9899-51e5-4f83-b08a-708074177aaf@group-432220211782-LeaderElection5] INFO  impl.RoleInfo (RoleInfo.java:shutdownLeaderElection(134)) - 03dd9899-51e5-4f83-b08a-708074177aaf: shutdown LeaderElection
2019-10-17 07:02:19,426 [03dd9899-51e5-4f83-b08a-708074177aaf@group-432220211782-LeaderElection5] INFO  impl.RaftServerImpl (RaftServerImpl.java:setRole(184)) - 03dd9899-51e5-4f83-b08a-708074177aaf@group-432220211782: changes role from CANDIDATE to LEADER at term 2 for changeToLeader
2019-10-17 07:02:19,426 [03dd9899-51e5-4f83-b08a-708074177aaf@group-432220211782-LeaderElection5] INFO  ratis.XceiverServerRatis (XceiverServerRatis.java:handleLeaderChangedNotification(699)) - Leader change notification received for group: group-432220211782 with new leaderId: 03dd9899-51e5-4f83-b08a-708074177aaf
2019-10-17 07:02:19,426 [03dd9899-51e5-4f83-b08a-708074177aaf@group-432220211782-LeaderElection5] INFO  impl.RaftServerImpl (ServerState.java:setLeader(256)) - 03dd9899-51e5-4f83-b08a-708074177aaf@group-432220211782: change Leader from null to 03dd9899-51e5-4f83-b08a-708074177aaf at term 2 for becomeLeader, leader elected after 2104ms
2019-10-17 07:02:19,427 [03dd9899-51e5-4f83-b08a-708074177aaf@group-432220211782-LeaderElection5] INFO  server.RaftServerConfigKeys (ConfUtils.java:logGet(43)) - raft.server.staging.catchup.gap = 1000 (default)
2019-10-17 07:02:19,427 [03dd9899-51e5-4f83-b08a-708074177aaf@group-432220211782-LeaderElection5] INFO  server.RaftServerConfigKeys (ConfUtils.java:logGet(43)) - raft.server.rpc.sleep.time = 25ms (default)
2019-10-17 07:02:19,428 [03dd9899-51e5-4f83-b08a-708074177aaf@group-432220211782-LeaderElection5] INFO  server.RaftServerConfigKeys (ConfUtils.java:logGet(43)) - raft.server.write.element-limit = 4096 (default)
2019-10-17 07:02:19,428 [03dd9899-51e5-4f83-b08a-708074177aaf@group-432220211782-LeaderElection5] INFO  server.RaftServerConfigKeys (ConfUtils.java:logGet(43)) - raft.server.watch.timeout = 10s (default)
2019-10-17 07:02:19,428 [03dd9899-51e5-4f83-b08a-708074177aaf@group-432220211782-LeaderElection5] INFO  server.RaftServerConfigKeys (ConfUtils.java:logGet(43)) - raft.server.watch.timeout.denomination = 1s (default)
2019-10-17 07:02:19,428 [03dd9899-51e5-4f83-b08a-708074177aaf@group-432220211782-LeaderElection5] INFO  server.RaftServerConfigKeys (ConfUtils.java:logGet(43)) - raft.server.watch.element-limit = 65536 (default)
2019-10-17 07:02:19,429 [03dd9899-51e5-4f83-b08a-708074177aaf@group-432220211782-LeaderElection5] INFO  impl.RoleInfo (RoleInfo.java:updateAndGet(143)) - 03dd9899-51e5-4f83-b08a-708074177aaf: start LeaderState
2019-10-17 07:02:19,429 [EventQueue-PendingDeleteStatusForPendingDeleteHandler] INFO  block.SCMBlockDeletingService (SCMBlockDeletingService.java:handlePendingDeletes(115)) - Block deletion txnID mismatch in datanode 03dd9899-51e5-4f83-b08a-708074177aaf for containerID 1. Datanode delete txnID: 0, SCM txnID: 1
2019-10-17 07:02:19,429 [03dd9899-51e5-4f83-b08a-708074177aaf@group-432220211782-LeaderElection5] INFO  segmented.SegmentedRaftLogWorker (SegmentedRaftLogWorker.java:rollLogSegment(390)) - 03dd9899-51e5-4f83-b08a-708074177aaf@group-432220211782-SegmentedRaftLogWorker: Rolling segment log-0_0 to index:0
2019-10-17 07:02:19,432 [03dd9899-51e5-4f83-b08a-708074177aaf@group-432220211782-LeaderElection5] INFO  impl.RaftServerImpl (ServerState.java:setRaftConf(357)) - 03dd9899-51e5-4f83-b08a-708074177aaf@group-432220211782: set configuration 1: [03dd9899-51e5-4f83-b08a-708074177aaf:192.168.34.62:36351], old=null at 1
2019-10-17 07:02:19,433 [03dd9899-51e5-4f83-b08a-708074177aaf@group-432220211782-SegmentedRaftLogWorker] INFO  segmented.SegmentedRaftLogWorker (SegmentedRaftLogWorker.java:execute(533)) - 03dd9899-51e5-4f83-b08a-708074177aaf@group-432220211782-SegmentedRaftLogWorker: Rolled log segment from /workdir/hadoop-ozone/integration-test/target/test-dir/MiniOzoneClusterImpl-b17df855-cd66-47f7-bb21-75637d0c5abd/datanode-2/data/ratis/2354f3d9-0f26-4cdd-aaa8-432220211782/current/log_inprogress_0 to /workdir/hadoop-ozone/integration-test/target/test-dir/MiniOzoneClusterImpl-b17df855-cd66-47f7-bb21-75637d0c5abd/datanode-2/data/ratis/2354f3d9-0f26-4cdd-aaa8-432220211782/current/log_0-0
2019-10-17 07:02:19,470 [03dd9899-51e5-4f83-b08a-708074177aaf@group-432220211782-SegmentedRaftLogWorker] INFO  segmented.SegmentedRaftLogWorker (SegmentedRaftLogWorker.java:execute(576)) - 03dd9899-51e5-4f83-b08a-708074177aaf@group-432220211782-SegmentedRaftLogWorker: created new log segment /workdir/hadoop-ozone/integration-test/target/test-dir/MiniOzoneClusterImpl-b17df855-cd66-47f7-bb21-75637d0c5abd/datanode-2/data/ratis/2354f3d9-0f26-4cdd-aaa8-432220211782/current/log_inprogress_1
2019-10-17 07:02:19,477 [Thread-550] INFO  impl.FollowerState (FollowerState.java:run(108)) - 03dd9899-51e5-4f83-b08a-708074177aaf@group-C349846DEF79-FollowerState: change to CANDIDATE, lastRpcTime:97ms, electionTimeout:97ms
2019-10-17 07:02:19,478 [Thread-550] INFO  impl.RoleInfo (RoleInfo.java:shutdownFollowerState(121)) - 03dd9899-51e5-4f83-b08a-708074177aaf: shutdown FollowerState
2019-10-17 07:02:19,478 [Thread-550] INFO  impl.RaftServerImpl (RaftServerImpl.java:setRole(184)) - 03dd9899-51e5-4f83-b08a-708074177aaf@group-C349846DEF79: changes role from  FOLLOWER to CANDIDATE at term 2 for changeToCandidate
2019-10-17 07:02:19,478 [Thread-550] INFO  impl.RoleInfo (RoleInfo.java:updateAndGet(143)) - 03dd9899-51e5-4f83-b08a-708074177aaf: start LeaderElection
2019-10-17 07:02:19,493 [03dd9899-51e5-4f83-b08a-708074177aaf@group-C349846DEF79-LeaderElection6] INFO  impl.LeaderElection (LeaderElection.java:askForVotes(178)) - 03dd9899-51e5-4f83-b08a-708074177aaf@group-C349846DEF79-LeaderElection6: begin an election at term 3 for 0: [328eda30-7a38-4124-8420-4db3824d3ef4:192.168.34.62:34889, 03dd9899-51e5-4f83-b08a-708074177aaf:192.168.34.62:36351, cae7164a-c8b0-4e78-9c02-4190bab4d7cb:192.168.34.62:46027], old=null
2019-10-17 07:02:19,506 [grpc-default-executor-1] INFO  impl.RaftServerImpl (ServerState.java:setLeader(256)) - cae7164a-c8b0-4e78-9c02-4190bab4d7cb@group-C349846DEF79: change Leader from cae7164a-c8b0-4e78-9c02-4190bab4d7cb to null at term 3 for updateCurrentTerm
2019-10-17 07:02:19,506 [grpc-default-executor-0] INFO  impl.RaftServerImpl (ServerState.java:setLeader(256)) - 328eda30-7a38-4124-8420-4db3824d3ef4@group-C349846DEF79: change Leader from cae7164a-c8b0-4e78-9c02-4190bab4d7cb to null at term 3 for updateCurrentTerm
2019-10-17 07:02:19,506 [grpc-default-executor-1] INFO  impl.RaftServerImpl (RaftServerImpl.java:setRole(184)) - cae7164a-c8b0-4e78-9c02-4190bab4d7cb@group-C349846DEF79: changes role from    LEADER to FOLLOWER at term 3 for recognizeCandidate:03dd9899-51e5-4f83-b08a-708074177aaf
2019-10-17 07:02:19,507 [grpc-default-executor-0] INFO  impl.RaftServerImpl (RaftServerImpl.java:setRole(184)) - 328eda30-7a38-4124-8420-4db3824d3ef4@group-C349846DEF79: changes role from  FOLLOWER to FOLLOWER at term 3 for recognizeCandidate:03dd9899-51e5-4f83-b08a-708074177aaf
2019-10-17 07:02:19,507 [grpc-default-executor-1] INFO  impl.RoleInfo (RoleInfo.java:shutdownLeaderState(104)) - cae7164a-c8b0-4e78-9c02-4190bab4d7cb: shutdown LeaderState
2019-10-17 07:02:19,507 [grpc-default-executor-0] INFO  impl.RoleInfo (RoleInfo.java:shutdownFollowerState(121)) - 328eda30-7a38-4124-8420-4db3824d3ef4: shutdown FollowerState
2019-10-17 07:02:19,509 [Thread-217] INFO  impl.FollowerState (FollowerState.java:run(117)) - 328eda30-7a38-4124-8420-4db3824d3ef4@group-C349846DEF79-FollowerState was interrupted: java.lang.InterruptedException: sleep interrupted
2019-10-17 07:02:19,509 [grpc-default-executor-0] INFO  impl.RoleInfo (RoleInfo.java:updateAndGet(143)) - 328eda30-7a38-4124-8420-4db3824d3ef4: start FollowerState
2019-10-17 07:02:19,510 [org.apache.ratis.server.impl.LogAppender$AppenderDaemon$$Lambda$424/1253458667@35df3ec3] WARN  server.GrpcLogAppender (GrpcLogAppender.java:mayWait(149)) - cae7164a-c8b0-4e78-9c02-4190bab4d7cb@group-C349846DEF79->03dd9899-51e5-4f83-b08a-708074177aaf-GrpcLogAppender: Wait interrupted by java.lang.InterruptedException
2019-10-17 07:02:19,510 [org.apache.ratis.server.impl.LogAppender$AppenderDaemon$$Lambda$424/1253458667@1dae3870] WARN  server.GrpcLogAppender (GrpcLogAppender.java:mayWait(149)) - cae7164a-c8b0-4e78-9c02-4190bab4d7cb@group-C349846DEF79->328eda30-7a38-4124-8420-4db3824d3ef4-GrpcLogAppender: Wait interrupted by java.lang.InterruptedException
2019-10-17 07:02:19,509 [grpc-default-executor-1] INFO  impl.PendingRequests (PendingRequests.java:sendNotLeaderResponses(202)) - cae7164a-c8b0-4e78-9c02-4190bab4d7cb@group-C349846DEF79-PendingRequests: sendNotLeaderResponses
2019-10-17 07:02:19,512 [grpc-default-executor-2] INFO  server.GrpcServerProtocolService (GrpcServerProtocolService.java:onCompleted(113)) - 328eda30-7a38-4124-8420-4db3824d3ef4: Completed APPEND_ENTRIES, lastRequest: cae7164a-c8b0-4e78-9c02-4190bab4d7cb->328eda30-7a38-4124-8420-4db3824d3ef4#51-t2, previous=(t:2, i:10), leaderCommit=10, initializing? false, entries: <empty>
2019-10-17 07:02:19,513 [Thread-559] INFO  client.GrpcClientProtocolService (GrpcClientProtocolService.java:lambda$processClientRequest$0(278)) - Failed RaftClientRequest:client-1BB1B1ECBBFA->cae7164a-c8b0-4e78-9c02-4190bab4d7cb@group-C349846DEF79, cid=10, seq=0, Watch-ALL_COMMITTED(6), Message:<EMPTY>, reply=RaftClientReply:client-1BB1B1ECBBFA->cae7164a-c8b0-4e78-9c02-4190bab4d7cb@group-C349846DEF79, cid=10, FAILED org.apache.ratis.protocol.NotLeaderException: Server cae7164a-c8b0-4e78-9c02-4190bab4d7cb@group-C349846DEF79 is not the leader, logIndex=0, commits[cae7164a-c8b0-4e78-9c02-4190bab4d7cb:c10, 328eda30-7a38-4124-8420-4db3824d3ef4:c10, 03dd9899-51e5-4f83-b08a-708074177aaf:c4]
2019-10-17 07:02:19,513 [grpc-default-executor-1] INFO  impl.RoleInfo (RoleInfo.java:updateAndGet(143)) - cae7164a-c8b0-4e78-9c02-4190bab4d7cb: start FollowerState
2019-10-17 07:02:19,515 [grpc-default-executor-2] INFO  server.GrpcLogAppender (GrpcLogAppender.java:onCompleted(308)) - cae7164a-c8b0-4e78-9c02-4190bab4d7cb@group-C349846DEF79->328eda30-7a38-4124-8420-4db3824d3ef4-AppendLogResponseHandler: follower responses appendEntries COMPLETED
2019-10-17 07:02:19,520 [grpc-default-executor-2] INFO  impl.FollowerInfo (FollowerInfo.java:lambda$new$0(51)) - cae7164a-c8b0-4e78-9c02-4190bab4d7cb@group-C349846DEF79->328eda30-7a38-4124-8420-4db3824d3ef4: nextIndex: updateUnconditionally 11 -> 10
2019-10-17 07:02:19,530 [03dd9899-51e5-4f83-b08a-708074177aaf@group-C349846DEF79-LeaderElection6] INFO  impl.LeaderElection (LeaderElection.java:logAndReturn(56)) - 03dd9899-51e5-4f83-b08a-708074177aaf@group-C349846DEF79-LeaderElection6: Election REJECTED; received 2 response(s) [03dd9899-51e5-4f83-b08a-708074177aaf<-328eda30-7a38-4124-8420-4db3824d3ef4#0:FAIL-t3, 03dd9899-51e5-4f83-b08a-708074177aaf<-cae7164a-c8b0-4e78-9c02-4190bab4d7cb#0:FAIL-t3] and 0 exception(s); 03dd9899-51e5-4f83-b08a-708074177aaf@group-C349846DEF79:t3, leader=null, voted=03dd9899-51e5-4f83-b08a-708074177aaf, raftlog=03dd9899-51e5-4f83-b08a-708074177aaf@group-C349846DEF79-SegmentedRaftLog:OPENED:c3,f4,i4, conf=0: [328eda30-7a38-4124-8420-4db3824d3ef4:192.168.34.62:34889, 03dd9899-51e5-4f83-b08a-708074177aaf:192.168.34.62:36351, cae7164a-c8b0-4e78-9c02-4190bab4d7cb:192.168.34.62:46027], old=null
2019-10-17 07:02:19,531 [03dd9899-51e5-4f83-b08a-708074177aaf@group-C349846DEF79-LeaderElection6] INFO  impl.RaftServerImpl (RaftServerImpl.java:setRole(184)) - 03dd9899-51e5-4f83-b08a-708074177aaf@group-C349846DEF79: changes role from CANDIDATE to FOLLOWER at term 3 for DISCOVERED_A_NEW_TERM
2019-10-17 07:02:19,531 [03dd9899-51e5-4f83-b08a-708074177aaf@group-C349846DEF79-LeaderElection6] INFO  impl.RoleInfo (RoleInfo.java:shutdownLeaderElection(134)) - 03dd9899-51e5-4f83-b08a-708074177aaf: shutdown LeaderElection
2019-10-17 07:02:19,531 [03dd9899-51e5-4f83-b08a-708074177aaf@group-C349846DEF79-LeaderElection6] INFO  impl.RoleInfo (RoleInfo.java:updateAndGet(143)) - 03dd9899-51e5-4f83-b08a-708074177aaf: start FollowerState
2019-10-17 07:02:19,571 [Thread-562] INFO  impl.FollowerState (FollowerState.java:run(108)) - 03dd9899-51e5-4f83-b08a-708074177aaf@group-C349846DEF79-FollowerState: change to CANDIDATE, lastRpcTime:39ms, electionTimeout:37ms
2019-10-17 07:02:19,572 [Thread-562] INFO  impl.RoleInfo (RoleInfo.java:shutdownFollowerState(121)) - 03dd9899-51e5-4f83-b08a-708074177aaf: shutdown FollowerState
2019-10-17 07:02:19,572 [Thread-562] INFO  impl.RaftServerImpl (RaftServerImpl.java:setRole(184)) - 03dd9899-51e5-4f83-b08a-708074177aaf@group-C349846DEF79: changes role from  FOLLOWER to CANDIDATE at term 3 for changeToCandidate
2019-10-17 07:02:19,572 [Thread-562] INFO  impl.RoleInfo (RoleInfo.java:updateAndGet(143)) - 03dd9899-51e5-4f83-b08a-708074177aaf: start LeaderElection
2019-10-17 07:02:19,586 [03dd9899-51e5-4f83-b08a-708074177aaf@group-C349846DEF79-LeaderElection7] INFO  impl.LeaderElection (LeaderElection.java:askForVotes(178)) - 03dd9899-51e5-4f83-b08a-708074177aaf@group-C349846DEF79-LeaderElection7: begin an election at term 4 for 0: [328eda30-7a38-4124-8420-4db3824d3ef4:192.168.34.62:34889, 03dd9899-51e5-4f83-b08a-708074177aaf:192.168.34.62:36351, cae7164a-c8b0-4e78-9c02-4190bab4d7cb:192.168.34.62:46027], old=null
2019-10-17 07:02:19,589 [grpc-default-executor-1] INFO  impl.RaftServerImpl (RaftServerImpl.java:setRole(184)) - 328eda30-7a38-4124-8420-4db3824d3ef4@group-C349846DEF79: changes role from  FOLLOWER to FOLLOWER at term 4 for recognizeCandidate:03dd9899-51e5-4f83-b08a-708074177aaf
2019-10-17 07:02:19,589 [grpc-default-executor-1] INFO  impl.RoleInfo (RoleInfo.java:shutdownFollowerState(121)) - 328eda30-7a38-4124-8420-4db3824d3ef4: shutdown FollowerState
2019-10-17 07:02:19,590 [Thread-558] INFO  impl.FollowerState (FollowerState.java:run(117)) - 328eda30-7a38-4124-8420-4db3824d3ef4@group-C349846DEF79-FollowerState was interrupted: java.lang.InterruptedException: sleep interrupted
2019-10-17 07:02:19,590 [grpc-default-executor-1] INFO  impl.RoleInfo (RoleInfo.java:updateAndGet(143)) - 328eda30-7a38-4124-8420-4db3824d3ef4: start FollowerState
2019-10-17 07:02:19,591 [grpc-default-executor-0] INFO  impl.RaftServerImpl (RaftServerImpl.java:setRole(184)) - cae7164a-c8b0-4e78-9c02-4190bab4d7cb@group-C349846DEF79: changes role from  FOLLOWER to FOLLOWER at term 4 for recognizeCandidate:03dd9899-51e5-4f83-b08a-708074177aaf
2019-10-17 07:02:19,591 [grpc-default-executor-0] INFO  impl.RoleInfo (RoleInfo.java:shutdownFollowerState(121)) - cae7164a-c8b0-4e78-9c02-4190bab4d7cb: shutdown FollowerState
2019-10-17 07:02:19,591 [Thread-560] INFO  impl.FollowerState (FollowerState.java:run(117)) - cae7164a-c8b0-4e78-9c02-4190bab4d7cb@group-C349846DEF79-FollowerState was interrupted: java.lang.InterruptedException: sleep interrupted
2019-10-17 07:02:19,591 [grpc-default-executor-0] INFO  impl.RoleInfo (RoleInfo.java:updateAndGet(143)) - cae7164a-c8b0-4e78-9c02-4190bab4d7cb: start FollowerState
2019-10-17 07:02:19,616 [03dd9899-51e5-4f83-b08a-708074177aaf@group-C349846DEF79-LeaderElection7] INFO  impl.LeaderElection (LeaderElection.java:logAndReturn(56)) - 03dd9899-51e5-4f83-b08a-708074177aaf@group-C349846DEF79-LeaderElection7: Election REJECTED; received 2 response(s) [03dd9899-51e5-4f83-b08a-708074177aaf<-328eda30-7a38-4124-8420-4db3824d3ef4#0:FAIL-t4, 03dd9899-51e5-4f83-b08a-708074177aaf<-cae7164a-c8b0-4e78-9c02-4190bab4d7cb#0:FAIL-t4] and 0 exception(s); 03dd9899-51e5-4f83-b08a-708074177aaf@group-C349846DEF79:t4, leader=null, voted=03dd9899-51e5-4f83-b08a-708074177aaf, raftlog=03dd9899-51e5-4f83-b08a-708074177aaf@group-C349846DEF79-SegmentedRaftLog:OPENED:c3,f4,i4, conf=0: [328eda30-7a38-4124-8420-4db3824d3ef4:192.168.34.62:34889, 03dd9899-51e5-4f83-b08a-708074177aaf:192.168.34.62:36351, cae7164a-c8b0-4e78-9c02-4190bab4d7cb:192.168.34.62:46027], old=null
2019-10-17 07:02:19,616 [03dd9899-51e5-4f83-b08a-708074177aaf@group-C349846DEF79-LeaderElection7] INFO  impl.RaftServerImpl (RaftServerImpl.java:setRole(184)) - 03dd9899-51e5-4f83-b08a-708074177aaf@group-C349846DEF79: changes role from CANDIDATE to FOLLOWER at term 4 for DISCOVERED_A_NEW_TERM
2019-10-17 07:02:19,617 [03dd9899-51e5-4f83-b08a-708074177aaf@group-C349846DEF79-LeaderElection7] INFO  impl.RoleInfo (RoleInfo.java:shutdownLeaderElection(134)) - 03dd9899-51e5-4f83-b08a-708074177aaf: shutdown LeaderElection
2019-10-17 07:02:19,617 [03dd9899-51e5-4f83-b08a-708074177aaf@group-C349846DEF79-LeaderElection7] INFO  impl.RoleInfo (RoleInfo.java:updateAndGet(143)) - 03dd9899-51e5-4f83-b08a-708074177aaf: start FollowerState
2019-10-17 07:02:19,726 [Thread-568] INFO  impl.FollowerState (FollowerState.java:run(108)) - 03dd9899-51e5-4f83-b08a-708074177aaf@group-C349846DEF79-FollowerState: change to CANDIDATE, lastRpcTime:108ms, electionTimeout:108ms
2019-10-17 07:02:19,728 [Thread-568] INFO  impl.RoleInfo (RoleInfo.java:shutdownFollowerState(121)) - 03dd9899-51e5-4f83-b08a-708074177aaf: shutdown FollowerState
2019-10-17 07:02:19,728 [Thread-568] INFO  impl.RaftServerImpl (RaftServerImpl.java:setRole(184)) - 03dd9899-51e5-4f83-b08a-708074177aaf@group-C349846DEF79: changes role from  FOLLOWER to CANDIDATE at term 4 for changeToCandidate
2019-10-17 07:02:19,728 [Thread-568] INFO  impl.RoleInfo (RoleInfo.java:updateAndGet(143)) - 03dd9899-51e5-4f83-b08a-708074177aaf: start LeaderElection
2019-10-17 07:02:19,743 [03dd9899-51e5-4f83-b08a-708074177aaf@group-C349846DEF79-LeaderElection8] INFO  impl.LeaderElection (LeaderElection.java:askForVotes(178)) - 03dd9899-51e5-4f83-b08a-708074177aaf@group-C349846DEF79-LeaderElection8: begin an election at term 5 for 0: [328eda30-7a38-4124-8420-4db3824d3ef4:192.168.34.62:34889, 03dd9899-51e5-4f83-b08a-708074177aaf:192.168.34.62:36351, cae7164a-c8b0-4e78-9c02-4190bab4d7cb:192.168.34.62:46027], old=null
2019-10-17 07:02:19,747 [grpc-default-executor-1] INFO  impl.RaftServerImpl (RaftServerImpl.java:setRole(184)) - cae7164a-c8b0-4e78-9c02-4190bab4d7cb@group-C349846DEF79: changes role from  FOLLOWER to FOLLOWER at term 5 for recognizeCandidate:03dd9899-51e5-4f83-b08a-708074177aaf
2019-10-17 07:02:19,748 [grpc-default-executor-1] INFO  impl.RoleInfo (RoleInfo.java:shutdownFollowerState(121)) - cae7164a-c8b0-4e78-9c02-4190bab4d7cb: shutdown FollowerState
2019-10-17 07:02:19,749 [grpc-default-executor-1] INFO  impl.RoleInfo (RoleInfo.java:updateAndGet(143)) - cae7164a-c8b0-4e78-9c02-4190bab4d7cb: start FollowerState
2019-10-17 07:02:19,749 [Thread-567] INFO  impl.FollowerState (FollowerState.java:run(117)) - cae7164a-c8b0-4e78-9c02-4190bab4d7cb@group-C349846DEF79-FollowerState was interrupted: java.lang.InterruptedException: sleep interrupted
2019-10-17 07:02:19,749 [grpc-default-executor-0] INFO  impl.RaftServerImpl (RaftServerImpl.java:setRole(184)) - 328eda30-7a38-4124-8420-4db3824d3ef4@group-C349846DEF79: changes role from  FOLLOWER to FOLLOWER at term 5 for recognizeCandidate:03dd9899-51e5-4f83-b08a-708074177aaf
2019-10-17 07:02:19,750 [grpc-default-executor-0] INFO  impl.RoleInfo (RoleInfo.java:shutdownFollowerState(121)) - 328eda30-7a38-4124-8420-4db3824d3ef4: shutdown FollowerState
2019-10-17 07:02:19,750 [grpc-default-executor-0] INFO  impl.RoleInfo (RoleInfo.java:updateAndGet(143)) - 328eda30-7a38-4124-8420-4db3824d3ef4: start FollowerState
2019-10-17 07:02:19,750 [Thread-566] INFO  impl.FollowerState (FollowerState.java:run(117)) - 328eda30-7a38-4124-8420-4db3824d3ef4@group-C349846DEF79-FollowerState was interrupted: java.lang.InterruptedException: sleep interrupted
2019-10-17 07:02:19,770 [03dd9899-51e5-4f83-b08a-708074177aaf@group-C349846DEF79-LeaderElection8] INFO  impl.LeaderElection (LeaderElection.java:logAndReturn(56)) - 03dd9899-51e5-4f83-b08a-708074177aaf@group-C349846DEF79-LeaderElection8: Election REJECTED; received 2 response(s) [03dd9899-51e5-4f83-b08a-708074177aaf<-328eda30-7a38-4124-8420-4db3824d3ef4#0:FAIL-t5, 03dd9899-51e5-4f83-b08a-708074177aaf<-cae7164a-c8b0-4e78-9c02-4190bab4d7cb#0:FAIL-t5] and 0 exception(s); 03dd9899-51e5-4f83-b08a-708074177aaf@group-C349846DEF79:t5, leader=null, voted=03dd9899-51e5-4f83-b08a-708074177aaf, raftlog=03dd9899-51e5-4f83-b08a-708074177aaf@group-C349846DEF79-SegmentedRaftLog:OPENED:c3,f4,i4, conf=0: [328eda30-7a38-4124-8420-4db3824d3ef4:192.168.34.62:34889, 03dd9899-51e5-4f83-b08a-708074177aaf:192.168.34.62:36351, cae7164a-c8b0-4e78-9c02-4190bab4d7cb:192.168.34.62:46027], old=null
2019-10-17 07:02:19,770 [03dd9899-51e5-4f83-b08a-708074177aaf@group-C349846DEF79-LeaderElection8] INFO  impl.RaftServerImpl (RaftServerImpl.java:setRole(184)) - 03dd9899-51e5-4f83-b08a-708074177aaf@group-C349846DEF79: changes role from CANDIDATE to FOLLOWER at term 5 for DISCOVERED_A_NEW_TERM
2019-10-17 07:02:19,771 [03dd9899-51e5-4f83-b08a-708074177aaf@group-C349846DEF79-LeaderElection8] INFO  impl.RoleInfo (RoleInfo.java:shutdownLeaderElection(134)) - 03dd9899-51e5-4f83-b08a-708074177aaf: shutdown LeaderElection
2019-10-17 07:02:19,771 [03dd9899-51e5-4f83-b08a-708074177aaf@group-C349846DEF79-LeaderElection8] INFO  impl.RoleInfo (RoleInfo.java:updateAndGet(143)) - 03dd9899-51e5-4f83-b08a-708074177aaf: start FollowerState
2019-10-17 07:02:19,820 [BlockDeletingService#2] WARN  background.BlockDeletingService (BlockDeletingService.java:isDeletionAllowed(187)) - Close Container log Index 6 is not replicated across allthe servers in the pipeline 72246393-9d1a-4fd5-982f-c349846def79 as the min replicated index is 4. Deletion is not allowed in this container yet.
2019-10-17 07:02:19,820 [BlockDeletingService#2] WARN  background.BlockDeletingService (BlockDeletingService.java:isDeletionAllowed(187)) - Close Container log Index 6 is not replicated across allthe servers in the pipeline 72246393-9d1a-4fd5-982f-c349846def79 as the min replicated index is 4. Deletion is not allowed in this container yet.
2019-10-17 07:02:19,959 [Thread-574] INFO  impl.FollowerState (FollowerState.java:run(108)) - 03dd9899-51e5-4f83-b08a-708074177aaf@group-C349846DEF79-FollowerState: change to CANDIDATE, lastRpcTime:187ms, electionTimeout:186ms
2019-10-17 07:02:19,959 [Thread-574] INFO  impl.RoleInfo (RoleInfo.java:shutdownFollowerState(121)) - 03dd9899-51e5-4f83-b08a-708074177aaf: shutdown FollowerState
2019-10-17 07:02:19,959 [Thread-574] INFO  impl.RaftServerImpl (RaftServerImpl.java:setRole(184)) - 03dd9899-51e5-4f83-b08a-708074177aaf@group-C349846DEF79: changes role from  FOLLOWER to CANDIDATE at term 5 for changeToCandidate
2019-10-17 07:02:19,959 [Thread-574] INFO  impl.RoleInfo (RoleInfo.java:updateAndGet(143)) - 03dd9899-51e5-4f83-b08a-708074177aaf: start LeaderElection
2019-10-17 07:02:19,974 [03dd9899-51e5-4f83-b08a-708074177aaf@group-C349846DEF79-LeaderElection9] INFO  impl.LeaderElection (LeaderElection.java:askForVotes(178)) - 03dd9899-51e5-4f83-b08a-708074177aaf@group-C349846DEF79-LeaderElection9: begin an election at term 6 for 0: [328eda30-7a38-4124-8420-4db3824d3ef4:192.168.34.62:34889, 03dd9899-51e5-4f83-b08a-708074177aaf:192.168.34.62:36351, cae7164a-c8b0-4e78-9c02-4190bab4d7cb:192.168.34.62:46027], old=null
2019-10-17 07:02:19,978 [grpc-default-executor-1] INFO  impl.RaftServerImpl (RaftServerImpl.java:setRole(184)) - cae7164a-c8b0-4e78-9c02-4190bab4d7cb@group-C349846DEF79: changes role from  FOLLOWER to FOLLOWER at term 6 for recognizeCandidate:03dd9899-51e5-4f83-b08a-708074177aaf
2019-10-17 07:02:19,978 [grpc-default-executor-0] INFO  impl.RaftServerImpl (RaftServerImpl.java:setRole(184)) - 328eda30-7a38-4124-8420-4db3824d3ef4@group-C349846DEF79: changes role from  FOLLOWER to FOLLOWER at term 6 for recognizeCandidate:03dd9899-51e5-4f83-b08a-708074177aaf
2019-10-17 07:02:19,978 [grpc-default-executor-1] INFO  impl.RoleInfo (RoleInfo.java:shutdownFollowerState(121)) - cae7164a-c8b0-4e78-9c02-4190bab4d7cb: shutdown FollowerState
2019-10-17 07:02:19,978 [grpc-default-executor-0] INFO  impl.RoleInfo (RoleInfo.java:shutdownFollowerState(121)) - 328eda30-7a38-4124-8420-4db3824d3ef4: shutdown FollowerState
2019-10-17 07:02:19,979 [Thread-572] INFO  impl.FollowerState (FollowerState.java:run(117)) - cae7164a-c8b0-4e78-9c02-4190bab4d7cb@group-C349846DEF79-FollowerState was interrupted: java.lang.InterruptedException: sleep interrupted
2019-10-17 07:02:19,979 [grpc-default-executor-0] INFO  impl.RoleInfo (RoleInfo.java:updateAndGet(143)) - 328eda30-7a38-4124-8420-4db3824d3ef4: start FollowerState
2019-10-17 07:02:19,979 [grpc-default-executor-1] INFO  impl.RoleInfo (RoleInfo.java:updateAndGet(143)) - cae7164a-c8b0-4e78-9c02-4190bab4d7cb: start FollowerState
2019-10-17 07:02:19,979 [Thread-573] INFO  impl.FollowerState (FollowerState.java:run(117)) - 328eda30-7a38-4124-8420-4db3824d3ef4@group-C349846DEF79-FollowerState was interrupted: java.lang.InterruptedException: sleep interrupted
2019-10-17 07:02:20,006 [03dd9899-51e5-4f83-b08a-708074177aaf@group-C349846DEF79-LeaderElection9] INFO  impl.LeaderElection (LeaderElection.java:logAndReturn(56)) - 03dd9899-51e5-4f83-b08a-708074177aaf@group-C349846DEF79-LeaderElection9: Election REJECTED; received 2 response(s) [03dd9899-51e5-4f83-b08a-708074177aaf<-328eda30-7a38-4124-8420-4db3824d3ef4#0:FAIL-t6, 03dd9899-51e5-4f83-b08a-708074177aaf<-cae7164a-c8b0-4e78-9c02-4190bab4d7cb#0:FAIL-t6] and 0 exception(s); 03dd9899-51e5-4f83-b08a-708074177aaf@group-C349846DEF79:t6, leader=null, voted=03dd9899-51e5-4f83-b08a-708074177aaf, raftlog=03dd9899-51e5-4f83-b08a-708074177aaf@group-C349846DEF79-SegmentedRaftLog:OPENED:c3,f4,i4, conf=0: [328eda30-7a38-4124-8420-4db3824d3ef4:192.168.34.62:34889, 03dd9899-51e5-4f83-b08a-708074177aaf:192.168.34.62:36351, cae7164a-c8b0-4e78-9c02-4190bab4d7cb:192.168.34.62:46027], old=null
2019-10-17 07:02:20,007 [03dd9899-51e5-4f83-b08a-708074177aaf@group-C349846DEF79-LeaderElection9] INFO  impl.RaftServerImpl (RaftServerImpl.java:setRole(184)) - 03dd9899-51e5-4f83-b08a-708074177aaf@group-C349846DEF79: changes role from CANDIDATE to FOLLOWER at term 6 for DISCOVERED_A_NEW_TERM
2019-10-17 07:02:20,008 [03dd9899-51e5-4f83-b08a-708074177aaf@group-C349846DEF79-LeaderElection9] INFO  impl.RoleInfo (RoleInfo.java:shutdownLeaderElection(134)) - 03dd9899-51e5-4f83-b08a-708074177aaf: shutdown LeaderElection
2019-10-17 07:02:20,008 [03dd9899-51e5-4f83-b08a-708074177aaf@group-C349846DEF79-LeaderElection9] INFO  impl.RoleInfo (RoleInfo.java:updateAndGet(143)) - 03dd9899-51e5-4f83-b08a-708074177aaf: start FollowerState
2019-10-17 07:02:20,105 [Thread-582] INFO  impl.FollowerState (FollowerState.java:run(108)) - 03dd9899-51e5-4f83-b08a-708074177aaf@group-C349846DEF79-FollowerState: change to CANDIDATE, lastRpcTime:97ms, electionTimeout:96ms
2019-10-17 07:02:20,106 [Thread-582] INFO  impl.RoleInfo (RoleInfo.java:shutdownFollowerState(121)) - 03dd9899-51e5-4f83-b08a-708074177aaf: shutdown FollowerState
2019-10-17 07:02:20,107 [Thread-582] INFO  impl.RaftServerImpl (RaftServerImpl.java:setRole(184)) - 03dd9899-51e5-4f83-b08a-708074177aaf@group-C349846DEF79: changes role from  FOLLOWER to CANDIDATE at term 6 for changeToCandidate
2019-10-17 07:02:20,107 [Thread-582] INFO  impl.RoleInfo (RoleInfo.java:updateAndGet(143)) - 03dd9899-51e5-4f83-b08a-708074177aaf: start LeaderElection
2019-10-17 07:02:20,122 [03dd9899-51e5-4f83-b08a-708074177aaf@group-C349846DEF79-LeaderElection10] INFO  impl.LeaderElection (LeaderElection.java:askForVotes(178)) - 03dd9899-51e5-4f83-b08a-708074177aaf@group-C349846DEF79-LeaderElection10: begin an election at term 7 for 0: [328eda30-7a38-4124-8420-4db3824d3ef4:192.168.34.62:34889, 03dd9899-51e5-4f83-b08a-708074177aaf:192.168.34.62:36351, cae7164a-c8b0-4e78-9c02-4190bab4d7cb:192.168.34.62:46027], old=null
2019-10-17 07:02:20,125 [grpc-default-executor-1] INFO  impl.RaftServerImpl (RaftServerImpl.java:setRole(184)) - 328eda30-7a38-4124-8420-4db3824d3ef4@group-C349846DEF79: changes role from  FOLLOWER to FOLLOWER at term 7 for recognizeCandidate:03dd9899-51e5-4f83-b08a-708074177aaf
2019-10-17 07:02:20,125 [grpc-default-executor-0] INFO  impl.RaftServerImpl (RaftServerImpl.java:setRole(184)) - cae7164a-c8b0-4e78-9c02-4190bab4d7cb@group-C349846DEF79: changes role from  FOLLOWER to FOLLOWER at term 7 for recognizeCandidate:03dd9899-51e5-4f83-b08a-708074177aaf
2019-10-17 07:02:20,125 [grpc-default-executor-1] INFO  impl.RoleInfo (RoleInfo.java:shutdownFollowerState(121)) - 328eda30-7a38-4124-8420-4db3824d3ef4: shutdown FollowerState
2019-10-17 07:02:20,125 [grpc-default-executor-0] INFO  impl.RoleInfo (RoleInfo.java:shutdownFollowerState(121)) - cae7164a-c8b0-4e78-9c02-4190bab4d7cb: shutdown FollowerState
2019-10-17 07:02:20,126 [grpc-default-executor-1] INFO  impl.RoleInfo (RoleInfo.java:updateAndGet(143)) - 328eda30-7a38-4124-8420-4db3824d3ef4: start FollowerState
2019-10-17 07:02:20,126 [grpc-default-executor-0] INFO  impl.RoleInfo (RoleInfo.java:updateAndGet(143)) - cae7164a-c8b0-4e78-9c02-4190bab4d7cb: start FollowerState
2019-10-17 07:02:20,126 [Thread-580] INFO  impl.FollowerState (FollowerState.java:run(117)) - cae7164a-c8b0-4e78-9c02-4190bab4d7cb@group-C349846DEF79-FollowerState was interrupted: java.lang.InterruptedException: sleep interrupted
2019-10-17 07:02:20,126 [Thread-581] INFO  impl.FollowerState (FollowerState.java:run(117)) - 328eda30-7a38-4124-8420-4db3824d3ef4@group-C349846DEF79-FollowerState was interrupted: java.lang.InterruptedException: sleep interrupted
2019-10-17 07:02:20,143 [03dd9899-51e5-4f83-b08a-708074177aaf@group-C349846DEF79-LeaderElection10] INFO  impl.LeaderElection (LeaderElection.java:logAndReturn(56)) - 03dd9899-51e5-4f83-b08a-708074177aaf@group-C349846DEF79-LeaderElection10: Election REJECTED; received 2 response(s) [03dd9899-51e5-4f83-b08a-708074177aaf<-328eda30-7a38-4124-8420-4db3824d3ef4#0:FAIL-t7, 03dd9899-51e5-4f83-b08a-708074177aaf<-cae7164a-c8b0-4e78-9c02-4190bab4d7cb#0:FAIL-t7] and 0 exception(s); 03dd9899-51e5-4f83-b08a-708074177aaf@group-C349846DEF79:t7, leader=null, voted=03dd9899-51e5-4f83-b08a-708074177aaf, raftlog=03dd9899-51e5-4f83-b08a-708074177aaf@group-C349846DEF79-SegmentedRaftLog:OPENED:c3,f4,i4, conf=0: [328eda30-7a38-4124-8420-4db3824d3ef4:192.168.34.62:34889, 03dd9899-51e5-4f83-b08a-708074177aaf:192.168.34.62:36351, cae7164a-c8b0-4e78-9c02-4190bab4d7cb:192.168.34.62:46027], old=null
2019-10-17 07:02:20,143 [03dd9899-51e5-4f83-b08a-708074177aaf@group-C349846DEF79-LeaderElection10] INFO  impl.RaftServerImpl (RaftServerImpl.java:setRole(184)) - 03dd9899-51e5-4f83-b08a-708074177aaf@group-C349846DEF79: changes role from CANDIDATE to FOLLOWER at term 7 for DISCOVERED_A_NEW_TERM
2019-10-17 07:02:20,144 [03dd9899-51e5-4f83-b08a-708074177aaf@group-C349846DEF79-LeaderElection10] INFO  impl.RoleInfo (RoleInfo.java:shutdownLeaderElection(134)) - 03dd9899-51e5-4f83-b08a-708074177aaf: shutdown LeaderElection
2019-10-17 07:02:20,144 [03dd9899-51e5-4f83-b08a-708074177aaf@group-C349846DEF79-LeaderElection10] INFO  impl.RoleInfo (RoleInfo.java:updateAndGet(143)) - 03dd9899-51e5-4f83-b08a-708074177aaf: start FollowerState
2019-10-17 07:02:20,171 [java.util.concurrent.ThreadPoolExecutor$Worker@69357c50[State = -1, empty queue]] WARN  server.GrpcLogAppender (GrpcLogAppender.java:timeoutAppendRequest(209)) - cae7164a-c8b0-4e78-9c02-4190bab4d7cb@group-C349846DEF79->03dd9899-51e5-4f83-b08a-708074177aaf-GrpcLogAppender: appendEntries Timeout, request=cae7164a-c8b0-4e78-9c02-4190bab4d7cb->03dd9899-51e5-4f83-b08a-708074177aaf#51-t2, previous=(t:2, i:10), leaderCommit=10, initializing? false, entries: <empty>
2019-10-17 07:02:20,188 [Thread-588] INFO  impl.FollowerState (FollowerState.java:run(108)) - 03dd9899-51e5-4f83-b08a-708074177aaf@group-C349846DEF79-FollowerState: change to CANDIDATE, lastRpcTime:43ms, electionTimeout:43ms
2019-10-17 07:02:20,188 [Thread-588] INFO  impl.RoleInfo (RoleInfo.java:shutdownFollowerState(121)) - 03dd9899-51e5-4f83-b08a-708074177aaf: shutdown FollowerState
2019-10-17 07:02:20,188 [Thread-588] INFO  impl.RaftServerImpl (RaftServerImpl.java:setRole(184)) - 03dd9899-51e5-4f83-b08a-708074177aaf@group-C349846DEF79: changes role from  FOLLOWER to CANDIDATE at term 7 for changeToCandidate
2019-10-17 07:02:20,189 [Thread-588] INFO  impl.RoleInfo (RoleInfo.java:updateAndGet(143)) - 03dd9899-51e5-4f83-b08a-708074177aaf: start LeaderElection
2019-10-17 07:02:20,203 [pool-7-thread-2] INFO  commands.RetriableDatanodeEventWatcher (RetriableDatanodeEventWatcher.java:onTimeout(47)) - RetriableDatanodeCommand type=deleteBlocksCommand with id=1571295736202 timed out. Retrying.
2019-10-17 07:02:20,203 [03dd9899-51e5-4f83-b08a-708074177aaf@group-C349846DEF79-LeaderElection11] INFO  impl.LeaderElection (LeaderElection.java:askForVotes(178)) - 03dd9899-51e5-4f83-b08a-708074177aaf@group-C349846DEF79-LeaderElection11: begin an election at term 8 for 0: [328eda30-7a38-4124-8420-4db3824d3ef4:192.168.34.62:34889, 03dd9899-51e5-4f83-b08a-708074177aaf:192.168.34.62:36351, cae7164a-c8b0-4e78-9c02-4190bab4d7cb:192.168.34.62:46027], old=null
2019-10-17 07:02:20,204 [SCMBlockDeletingService#1] INFO  block.SCMBlockDeletingService (SCMBlockDeletingService.java:call(184)) - Totally added 1 delete blocks command for 1 datanodes, task elapsed time: 0ms
2019-10-17 07:02:20,204 [pool-7-thread-2] INFO  commands.RetriableDatanodeEventWatcher (RetriableDatanodeEventWatcher.java:onTimeout(47)) - RetriableDatanodeCommand type=deleteBlocksCommand with id=1571295736203 timed out. Retrying.
2019-10-17 07:02:20,204 [pool-7-thread-3] INFO  commands.RetriableDatanodeEventWatcher (RetriableDatanodeEventWatcher.java:onTimeout(47)) - RetriableDatanodeCommand type=deleteBlocksCommand with id=1571295736201 timed out. Retrying.
2019-10-17 07:02:20,204 [pool-7-thread-1] INFO  commands.RetriableDatanodeEventWatcher (RetriableDatanodeEventWatcher.java:onTimeout(47)) - RetriableDatanodeCommand type=deleteBlocksCommand with id=1571295736198 timed out. Retrying.
2019-10-17 07:02:20,207 [grpc-default-executor-1] INFO  impl.RaftServerImpl (RaftServerImpl.java:setRole(184)) - 328eda30-7a38-4124-8420-4db3824d3ef4@group-C349846DEF79: changes role from  FOLLOWER to FOLLOWER at term 8 for recognizeCandidate:03dd9899-51e5-4f83-b08a-708074177aaf
2019-10-17 07:02:20,207 [grpc-default-executor-0] INFO  impl.RaftServerImpl (RaftServerImpl.java:setRole(184)) - cae7164a-c8b0-4e78-9c02-4190bab4d7cb@group-C349846DEF79: changes role from  FOLLOWER to FOLLOWER at term 8 for recognizeCandidate:03dd9899-51e5-4f83-b08a-708074177aaf
2019-10-17 07:02:20,207 [grpc-default-executor-1] INFO  impl.RoleInfo (RoleInfo.java:shutdownFollowerState(121)) - 328eda30-7a38-4124-8420-4db3824d3ef4: shutdown FollowerState
2019-10-17 07:02:20,207 [grpc-default-executor-0] INFO  impl.RoleInfo (RoleInfo.java:shutdownFollowerState(121)) - cae7164a-c8b0-4e78-9c02-4190bab4d7cb: shutdown FollowerState
2019-10-17 07:02:20,208 [Thread-586] INFO  impl.FollowerState (FollowerState.java:run(117)) - 328eda30-7a38-4124-8420-4db3824d3ef4@group-C349846DEF79-FollowerState was interrupted: java.lang.InterruptedException: sleep interrupted
2019-10-17 07:02:20,208 [grpc-default-executor-0] INFO  impl.RoleInfo (RoleInfo.java:updateAndGet(143)) - cae7164a-c8b0-4e78-9c02-4190bab4d7cb: start FollowerState
2019-10-17 07:02:20,208 [grpc-default-executor-1] INFO  impl.RoleInfo (RoleInfo.java:updateAndGet(143)) - 328eda30-7a38-4124-8420-4db3824d3ef4: start FollowerState
2019-10-17 07:02:20,208 [Thread-587] INFO  impl.FollowerState (FollowerState.java:run(117)) - cae7164a-c8b0-4e78-9c02-4190bab4d7cb@group-C349846DEF79-FollowerState was interrupted: java.lang.InterruptedException: sleep interrupted
2019-10-17 07:02:20,225 [03dd9899-51e5-4f83-b08a-708074177aaf@group-C349846DEF79-LeaderElection11] INFO  impl.LeaderElection (LeaderElection.java:logAndReturn(56)) - 03dd9899-51e5-4f83-b08a-708074177aaf@group-C349846DEF79-LeaderElection11: Election REJECTED; received 2 response(s) [03dd9899-51e5-4f83-b08a-708074177aaf<-328eda30-7a38-4124-8420-4db3824d3ef4#0:FAIL-t8, 03dd9899-51e5-4f83-b08a-708074177aaf<-cae7164a-c8b0-4e78-9c02-4190bab4d7cb#0:FAIL-t8] and 0 exception(s); 03dd9899-51e5-4f83-b08a-708074177aaf@group-C349846DEF79:t8, leader=null, voted=03dd9899-51e5-4f83-b08a-708074177aaf, raftlog=03dd9899-51e5-4f83-b08a-708074177aaf@group-C349846DEF79-SegmentedRaftLog:OPENED:c3,f4,i4, conf=0: [328eda30-7a38-4124-8420-4db3824d3ef4:192.168.34.62:34889, 03dd9899-51e5-4f83-b08a-708074177aaf:192.168.34.62:36351, cae7164a-c8b0-4e78-9c02-4190bab4d7cb:192.168.34.62:46027], old=null
2019-10-17 07:02:20,225 [03dd9899-51e5-4f83-b08a-708074177aaf@group-C349846DEF79-LeaderElection11] INFO  impl.RaftServerImpl (RaftServerImpl.java:setRole(184)) - 03dd9899-51e5-4f83-b08a-708074177aaf@group-C349846DEF79: changes role from CANDIDATE to FOLLOWER at term 8 for DISCOVERED_A_NEW_TERM
2019-10-17 07:02:20,226 [03dd9899-51e5-4f83-b08a-708074177aaf@group-C349846DEF79-LeaderElection11] INFO  impl.RoleInfo (RoleInfo.java:shutdownLeaderElection(134)) - 03dd9899-51e5-4f83-b08a-708074177aaf: shutdown LeaderElection
2019-10-17 07:02:20,226 [03dd9899-51e5-4f83-b08a-708074177aaf@group-C349846DEF79-LeaderElection11] INFO  impl.RoleInfo (RoleInfo.java:updateAndGet(143)) - 03dd9899-51e5-4f83-b08a-708074177aaf: start FollowerState
2019-10-17 07:02:20,320 [Thread-594] INFO  impl.FollowerState (FollowerState.java:run(108)) - 03dd9899-51e5-4f83-b08a-708074177aaf@group-C349846DEF79-FollowerState: change to CANDIDATE, lastRpcTime:93ms, electionTimeout:93ms
2019-10-17 07:02:20,321 [Thread-594] INFO  impl.RoleInfo (RoleInfo.java:shutdownFollowerState(121)) - 03dd9899-51e5-4f83-b08a-708074177aaf: shutdown FollowerState
2019-10-17 07:02:20,321 [Thread-594] INFO  impl.RaftServerImpl (RaftServerImpl.java:setRole(184)) - 03dd9899-51e5-4f83-b08a-708074177aaf@group-C349846DEF79: changes role from  FOLLOWER to CANDIDATE at term 8 for changeToCandidate
2019-10-17 07:02:20,321 [Thread-594] INFO  impl.RoleInfo (RoleInfo.java:updateAndGet(143)) - 03dd9899-51e5-4f83-b08a-708074177aaf: start LeaderElection
2019-10-17 07:02:20,336 [03dd9899-51e5-4f83-b08a-708074177aaf@group-C349846DEF79-LeaderElection12] INFO  impl.LeaderElection (LeaderElection.java:askForVotes(178)) - 03dd9899-51e5-4f83-b08a-708074177aaf@group-C349846DEF79-LeaderElection12: begin an election at term 9 for 0: [328eda30-7a38-4124-8420-4db3824d3ef4:192.168.34.62:34889, 03dd9899-51e5-4f83-b08a-708074177aaf:192.168.34.62:36351, cae7164a-c8b0-4e78-9c02-4190bab4d7cb:192.168.34.62:46027], old=null
2019-10-17 07:02:20,340 [grpc-default-executor-1] INFO  impl.RaftServerImpl (RaftServerImpl.java:setRole(184)) - cae7164a-c8b0-4e78-9c02-4190bab4d7cb@group-C349846DEF79: changes role from  FOLLOWER to FOLLOWER at term 9 for recognizeCandidate:03dd9899-51e5-4f83-b08a-708074177aaf
2019-10-17 07:02:20,340 [grpc-default-executor-0] INFO  impl.RaftServerImpl (RaftServerImpl.java:setRole(184)) - 328eda30-7a38-4124-8420-4db3824d3ef4@group-C349846DEF79: changes role from  FOLLOWER to FOLLOWER at term 9 for recognizeCandidate:03dd9899-51e5-4f83-b08a-708074177aaf
2019-10-17 07:02:20,340 [grpc-default-executor-1] INFO  impl.RoleInfo (RoleInfo.java:shutdownFollowerState(121)) - cae7164a-c8b0-4e78-9c02-4190bab4d7cb: shutdown FollowerState
2019-10-17 07:02:20,340 [grpc-default-executor-0] INFO  impl.RoleInfo (RoleInfo.java:shutdownFollowerState(121)) - 328eda30-7a38-4124-8420-4db3824d3ef4: shutdown FollowerState
2019-10-17 07:02:20,340 [grpc-default-executor-1] INFO  impl.RoleInfo (RoleInfo.java:updateAndGet(143)) - cae7164a-c8b0-4e78-9c02-4190bab4d7cb: start FollowerState
2019-10-17 07:02:20,341 [Thread-593] INFO  impl.FollowerState (FollowerState.java:run(117)) - cae7164a-c8b0-4e78-9c02-4190bab4d7cb@group-C349846DEF79-FollowerState was interrupted: java.lang.InterruptedException: sleep interrupted
2019-10-17 07:02:20,341 [grpc-default-executor-0] INFO  impl.RoleInfo (RoleInfo.java:updateAndGet(143)) - 328eda30-7a38-4124-8420-4db3824d3ef4: start FollowerState
2019-10-17 07:02:20,341 [Thread-592] INFO  impl.FollowerState (FollowerState.java:run(117)) - 328eda30-7a38-4124-8420-4db3824d3ef4@group-C349846DEF79-FollowerState was interrupted: java.lang.InterruptedException: sleep interrupted
2019-10-17 07:02:20,369 [03dd9899-51e5-4f83-b08a-708074177aaf@group-C349846DEF79-LeaderElection12] INFO  impl.LeaderElection (LeaderElection.java:logAndReturn(56)) - 03dd9899-51e5-4f83-b08a-708074177aaf@group-C349846DEF79-LeaderElection12: Election REJECTED; received 2 response(s) [03dd9899-51e5-4f83-b08a-708074177aaf<-328eda30-7a38-4124-8420-4db3824d3ef4#0:FAIL-t9, 03dd9899-51e5-4f83-b08a-708074177aaf<-cae7164a-c8b0-4e78-9c02-4190bab4d7cb#0:FAIL-t9] and 0 exception(s); 03dd9899-51e5-4f83-b08a-708074177aaf@group-C349846DEF79:t9, leader=null, voted=03dd9899-51e5-4f83-b08a-708074177aaf, raftlog=03dd9899-51e5-4f83-b08a-708074177aaf@group-C349846DEF79-SegmentedRaftLog:OPENED:c3,f4,i4, conf=0: [328eda30-7a38-4124-8420-4db3824d3ef4:192.168.34.62:34889, 03dd9899-51e5-4f83-b08a-708074177aaf:192.168.34.62:36351, cae7164a-c8b0-4e78-9c02-4190bab4d7cb:192.168.34.62:46027], old=null
2019-10-17 07:02:20,369 [03dd9899-51e5-4f83-b08a-708074177aaf@group-C349846DEF79-LeaderElection12] INFO  impl.RaftServerImpl (RaftServerImpl.java:setRole(184)) - 03dd9899-51e5-4f83-b08a-708074177aaf@group-C349846DEF79: changes role from CANDIDATE to FOLLOWER at term 9 for DISCOVERED_A_NEW_TERM
2019-10-17 07:02:20,369 [03dd9899-51e5-4f83-b08a-708074177aaf@group-C349846DEF79-LeaderElection12] INFO  impl.RoleInfo (RoleInfo.java:shutdownLeaderElection(134)) - 03dd9899-51e5-4f83-b08a-708074177aaf: shutdown LeaderElection
2019-10-17 07:02:20,370 [03dd9899-51e5-4f83-b08a-708074177aaf@group-C349846DEF79-LeaderElection12] INFO  impl.RoleInfo (RoleInfo.java:updateAndGet(143)) - 03dd9899-51e5-4f83-b08a-708074177aaf: start FollowerState
2019-10-17 07:02:20,524 [Thread-600] INFO  impl.FollowerState (FollowerState.java:run(108)) - 03dd9899-51e5-4f83-b08a-708074177aaf@group-C349846DEF79-FollowerState: change to CANDIDATE, lastRpcTime:153ms, electionTimeout:152ms
2019-10-17 07:02:20,525 [Thread-600] INFO  impl.RoleInfo (RoleInfo.java:shutdownFollowerState(121)) - 03dd9899-51e5-4f83-b08a-708074177aaf: shutdown FollowerState
2019-10-17 07:02:20,525 [Thread-600] INFO  impl.RaftServerImpl (RaftServerImpl.java:setRole(184)) - 03dd9899-51e5-4f83-b08a-708074177aaf@group-C349846DEF79: changes role from  FOLLOWER to CANDIDATE at term 9 for changeToCandidate
2019-10-17 07:02:20,525 [Thread-600] INFO  impl.RoleInfo (RoleInfo.java:updateAndGet(143)) - 03dd9899-51e5-4f83-b08a-708074177aaf: start LeaderElection
2019-10-17 07:02:20,534 [Thread-604] INFO  client.GrpcClientProtocolService (GrpcClientProtocolService.java:lambda$processClientRequest$0(278)) - Failed RaftClientRequest:client-1BB1B1ECBBFA->328eda30-7a38-4124-8420-4db3824d3ef4@group-C349846DEF79, cid=10, seq=0, Watch-ALL_COMMITTED(6), Message:<EMPTY>, reply=RaftClientReply:client-1BB1B1ECBBFA->328eda30-7a38-4124-8420-4db3824d3ef4@group-C349846DEF79, cid=10, FAILED org.apache.ratis.protocol.NotLeaderException: Server 328eda30-7a38-4124-8420-4db3824d3ef4@group-C349846DEF79 is not the leader, logIndex=0, commits[328eda30-7a38-4124-8420-4db3824d3ef4:c10, 03dd9899-51e5-4f83-b08a-708074177aaf:c4, cae7164a-c8b0-4e78-9c02-4190bab4d7cb:c10]
2019-10-17 07:02:20,555 [03dd9899-51e5-4f83-b08a-708074177aaf@group-C349846DEF79-LeaderElection13] INFO  impl.LeaderElection (LeaderElection.java:askForVotes(178)) - 03dd9899-51e5-4f83-b08a-708074177aaf@group-C349846DEF79-LeaderElection13: begin an election at term 10 for 0: [328eda30-7a38-4124-8420-4db3824d3ef4:192.168.34.62:34889, 03dd9899-51e5-4f83-b08a-708074177aaf:192.168.34.62:36351, cae7164a-c8b0-4e78-9c02-4190bab4d7cb:192.168.34.62:46027], old=null
2019-10-17 07:02:20,558 [grpc-default-executor-0] INFO  impl.RaftServerImpl (RaftServerImpl.java:setRole(184)) - cae7164a-c8b0-4e78-9c02-4190bab4d7cb@group-C349846DEF79: changes role from  FOLLOWER to FOLLOWER at term 10 for recognizeCandidate:03dd9899-51e5-4f83-b08a-708074177aaf
2019-10-17 07:02:20,559 [grpc-default-executor-0] INFO  impl.RoleInfo (RoleInfo.java:shutdownFollowerState(121)) - cae7164a-c8b0-4e78-9c02-4190bab4d7cb: shutdown FollowerState
2019-10-17 07:02:20,559 [Thread-598] INFO  impl.FollowerState (FollowerState.java:run(117)) - cae7164a-c8b0-4e78-9c02-4190bab4d7cb@group-C349846DEF79-FollowerState was interrupted: java.lang.InterruptedException: sleep interrupted
2019-10-17 07:02:20,559 [grpc-default-executor-0] INFO  impl.RoleInfo (RoleInfo.java:updateAndGet(143)) - cae7164a-c8b0-4e78-9c02-4190bab4d7cb: start FollowerState
2019-10-17 07:02:20,560 [grpc-default-executor-1] INFO  impl.RaftServerImpl (RaftServerImpl.java:setRole(184)) - 328eda30-7a38-4124-8420-4db3824d3ef4@group-C349846DEF79: changes role from  FOLLOWER to FOLLOWER at term 10 for recognizeCandidate:03dd9899-51e5-4f83-b08a-708074177aaf
2019-10-17 07:02:20,561 [grpc-default-executor-1] INFO  impl.RoleInfo (RoleInfo.java:shutdownFollowerState(121)) - 328eda30-7a38-4124-8420-4db3824d3ef4: shutdown FollowerState
2019-10-17 07:02:20,561 [grpc-default-executor-1] INFO  impl.RoleInfo (RoleInfo.java:updateAndGet(143)) - 328eda30-7a38-4124-8420-4db3824d3ef4: start FollowerState
2019-10-17 07:02:20,561 [Thread-599] INFO  impl.FollowerState (FollowerState.java:run(117)) - 328eda30-7a38-4124-8420-4db3824d3ef4@group-C349846DEF79-FollowerState was interrupted: java.lang.InterruptedException: sleep interrupted
2019-10-17 07:02:20,590 [03dd9899-51e5-4f83-b08a-708074177aaf@group-C349846DEF79-LeaderElection13] INFO  impl.LeaderElection (LeaderElection.java:logAndReturn(56)) - 03dd9899-51e5-4f83-b08a-708074177aaf@group-C349846DEF79-LeaderElection13: Election TIMEOUT; received 0 response(s) [] and 0 exception(s); 03dd9899-51e5-4f83-b08a-708074177aaf@group-C349846DEF79:t10, leader=null, voted=03dd9899-51e5-4f83-b08a-708074177aaf, raftlog=03dd9899-51e5-4f83-b08a-708074177aaf@group-C349846DEF79-SegmentedRaftLog:OPENED:c3,f4,i4, conf=0: [328eda30-7a38-4124-8420-4db3824d3ef4:192.168.34.62:34889, 03dd9899-51e5-4f83-b08a-708074177aaf:192.168.34.62:36351, cae7164a-c8b0-4e78-9c02-4190bab4d7cb:192.168.34.62:46027], old=null
2019-10-17 07:02:20,614 [03dd9899-51e5-4f83-b08a-708074177aaf@group-C349846DEF79-LeaderElection13] INFO  impl.LeaderElection (LeaderElection.java:askForVotes(178)) - 03dd9899-51e5-4f83-b08a-708074177aaf@group-C349846DEF79-LeaderElection13: begin an election at term 11 for 0: [328eda30-7a38-4124-8420-4db3824d3ef4:192.168.34.62:34889, 03dd9899-51e5-4f83-b08a-708074177aaf:192.168.34.62:36351, cae7164a-c8b0-4e78-9c02-4190bab4d7cb:192.168.34.62:46027], old=null
2019-10-17 07:02:20,617 [grpc-default-executor-1] INFO  impl.RaftServerImpl (RaftServerImpl.java:setRole(184)) - cae7164a-c8b0-4e78-9c02-4190bab4d7cb@group-C349846DEF79: changes role from  FOLLOWER to FOLLOWER at term 11 for recognizeCandidate:03dd9899-51e5-4f83-b08a-708074177aaf
2019-10-17 07:02:20,618 [grpc-default-executor-0] INFO  impl.RaftServerImpl (RaftServerImpl.java:setRole(184)) - 328eda30-7a38-4124-8420-4db3824d3ef4@group-C349846DEF79: changes role from  FOLLOWER to FOLLOWER at term 11 for recognizeCandidate:03dd9899-51e5-4f83-b08a-708074177aaf
2019-10-17 07:02:20,618 [grpc-default-executor-1] INFO  impl.RoleInfo (RoleInfo.java:shutdownFollowerState(121)) - cae7164a-c8b0-4e78-9c02-4190bab4d7cb: shutdown FollowerState
2019-10-17 07:02:20,618 [grpc-default-executor-0] INFO  impl.RoleInfo (RoleInfo.java:shutdownFollowerState(121)) - 328eda30-7a38-4124-8420-4db3824d3ef4: shutdown FollowerState
2019-10-17 07:02:20,619 [Thread-608] INFO  impl.FollowerState (FollowerState.java:run(117)) - cae7164a-c8b0-4e78-9c02-4190bab4d7cb@group-C349846DEF79-FollowerState was interrupted: java.lang.InterruptedException: sleep interrupted
2019-10-17 07:02:20,619 [grpc-default-executor-1] INFO  impl.RoleInfo (RoleInfo.java:updateAndGet(143)) - cae7164a-c8b0-4e78-9c02-4190bab4d7cb: start FollowerState
2019-10-17 07:02:20,619 [grpc-default-executor-0] INFO  impl.RoleInfo (RoleInfo.java:updateAndGet(143)) - 328eda30-7a38-4124-8420-4db3824d3ef4: start FollowerState
2019-10-17 07:02:20,619 [Thread-609] INFO  impl.FollowerState (FollowerState.java:run(117)) - 328eda30-7a38-4124-8420-4db3824d3ef4@group-C349846DEF79-FollowerState was interrupted: java.lang.InterruptedException: sleep interrupted
2019-10-17 07:02:20,634 [03dd9899-51e5-4f83-b08a-708074177aaf@group-C349846DEF79-LeaderElection13] INFO  impl.LeaderElection (LeaderElection.java:logAndReturn(56)) - 03dd9899-51e5-4f83-b08a-708074177aaf@group-C349846DEF79-LeaderElection13: Election TIMEOUT; received 0 response(s) [] and 0 exception(s); 03dd9899-51e5-4f83-b08a-708074177aaf@group-C349846DEF79:t11, leader=null, voted=03dd9899-51e5-4f83-b08a-708074177aaf, raftlog=03dd9899-51e5-4f83-b08a-708074177aaf@group-C349846DEF79-SegmentedRaftLog:OPENED:c3,f4,i4, conf=0: [328eda30-7a38-4124-8420-4db3824d3ef4:192.168.34.62:34889, 03dd9899-51e5-4f83-b08a-708074177aaf:192.168.34.62:36351, cae7164a-c8b0-4e78-9c02-4190bab4d7cb:192.168.34.62:46027], old=null
2019-10-17 07:02:20,665 [03dd9899-51e5-4f83-b08a-708074177aaf@group-C349846DEF79-LeaderElection13] INFO  impl.LeaderElection (LeaderElection.java:askForVotes(178)) - 03dd9899-51e5-4f83-b08a-708074177aaf@group-C349846DEF79-LeaderElection13: begin an election at term 12 for 0: [328eda30-7a38-4124-8420-4db3824d3ef4:192.168.34.62:34889, 03dd9899-51e5-4f83-b08a-708074177aaf:192.168.34.62:36351, cae7164a-c8b0-4e78-9c02-4190bab4d7cb:192.168.34.62:46027], old=null
2019-10-17 07:02:20,669 [grpc-default-executor-1] INFO  impl.RaftServerImpl (RaftServerImpl.java:setRole(184)) - 328eda30-7a38-4124-8420-4db3824d3ef4@group-C349846DEF79: changes role from  FOLLOWER to FOLLOWER at term 12 for recognizeCandidate:03dd9899-51e5-4f83-b08a-708074177aaf
2019-10-17 07:02:20,670 [grpc-default-executor-0] INFO  impl.RaftServerImpl (RaftServerImpl.java:setRole(184)) - cae7164a-c8b0-4e78-9c02-4190bab4d7cb@group-C349846DEF79: changes role from  FOLLOWER to FOLLOWER at term 12 for recognizeCandidate:03dd9899-51e5-4f83-b08a-708074177aaf
2019-10-17 07:02:20,670 [grpc-default-executor-1] INFO  impl.RoleInfo (RoleInfo.java:shutdownFollowerState(121)) - 328eda30-7a38-4124-8420-4db3824d3ef4: shutdown FollowerState
2019-10-17 07:02:20,670 [grpc-default-executor-0] INFO  impl.RoleInfo (RoleInfo.java:shutdownFollowerState(121)) - cae7164a-c8b0-4e78-9c02-4190bab4d7cb: shutdown FollowerState
2019-10-17 07:02:20,670 [Thread-613] INFO  impl.FollowerState (FollowerState.java:run(117)) - 328eda30-7a38-4124-8420-4db3824d3ef4@group-C349846DEF79-FollowerState was interrupted: java.lang.InterruptedException: sleep interrupted
2019-10-17 07:02:20,670 [grpc-default-executor-1] INFO  impl.RoleInfo (RoleInfo.java:updateAndGet(143)) - 328eda30-7a38-4124-8420-4db3824d3ef4: start FollowerState
2019-10-17 07:02:20,670 [grpc-default-executor-0] INFO  impl.RoleInfo (RoleInfo.java:updateAndGet(143)) - cae7164a-c8b0-4e78-9c02-4190bab4d7cb: start FollowerState
2019-10-17 07:02:20,670 [Thread-612] INFO  impl.FollowerState (FollowerState.java:run(117)) - cae7164a-c8b0-4e78-9c02-4190bab4d7cb@group-C349846DEF79-FollowerState was interrupted: java.lang.InterruptedException: sleep interrupted
2019-10-17 07:02:20,686 [03dd9899-51e5-4f83-b08a-708074177aaf@group-C349846DEF79-LeaderElection13] INFO  impl.LeaderElection (LeaderElection.java:logAndReturn(56)) - 03dd9899-51e5-4f83-b08a-708074177aaf@group-C349846DEF79-LeaderElection13: Election REJECTED; received 2 response(s) [03dd9899-51e5-4f83-b08a-708074177aaf<-328eda30-7a38-4124-8420-4db3824d3ef4#0:FAIL-t12, 03dd9899-51e5-4f83-b08a-708074177aaf<-cae7164a-c8b0-4e78-9c02-4190bab4d7cb#0:FAIL-t12] and 0 exception(s); 03dd9899-51e5-4f83-b08a-708074177aaf@group-C349846DEF79:t12, leader=null, voted=03dd9899-51e5-4f83-b08a-708074177aaf, raftlog=03dd9899-51e5-4f83-b08a-708074177aaf@group-C349846DEF79-SegmentedRaftLog:OPENED:c3,f4,i4, conf=0: [328eda30-7a38-4124-8420-4db3824d3ef4:192.168.34.62:34889, 03dd9899-51e5-4f83-b08a-708074177aaf:192.168.34.62:36351, cae7164a-c8b0-4e78-9c02-4190bab4d7cb:192.168.34.62:46027], old=null
2019-10-17 07:02:20,686 [03dd9899-51e5-4f83-b08a-708074177aaf@group-C349846DEF79-LeaderElection13] INFO  impl.RaftServerImpl (RaftServerImpl.java:setRole(184)) - 03dd9899-51e5-4f83-b08a-708074177aaf@group-C349846DEF79: changes role from CANDIDATE to FOLLOWER at term 12 for DISCOVERED_A_NEW_TERM
2019-10-17 07:02:20,686 [03dd9899-51e5-4f83-b08a-708074177aaf@group-C349846DEF79-LeaderElection13] INFO  impl.RoleInfo (RoleInfo.java:shutdownLeaderElection(134)) - 03dd9899-51e5-4f83-b08a-708074177aaf: shutdown LeaderElection
2019-10-17 07:02:20,686 [03dd9899-51e5-4f83-b08a-708074177aaf@group-C349846DEF79-LeaderElection13] INFO  impl.RoleInfo (RoleInfo.java:updateAndGet(143)) - 03dd9899-51e5-4f83-b08a-708074177aaf: start FollowerState
2019-10-17 07:02:20,816 [Thread-618] INFO  impl.FollowerState (FollowerState.java:run(108)) - 03dd9899-51e5-4f83-b08a-708074177aaf@group-C349846DEF79-FollowerState: change to CANDIDATE, lastRpcTime:129ms, electionTimeout:129ms
2019-10-17 07:02:20,817 [Thread-618] INFO  impl.RoleInfo (RoleInfo.java:shutdownFollowerState(121)) - 03dd9899-51e5-4f83-b08a-708074177aaf: shutdown FollowerState
2019-10-17 07:02:20,817 [Thread-618] INFO  impl.RaftServerImpl (RaftServerImpl.java:setRole(184)) - 03dd9899-51e5-4f83-b08a-708074177aaf@group-C349846DEF79: changes role from  FOLLOWER to CANDIDATE at term 12 for changeToCandidate
2019-10-17 07:02:20,818 [Thread-618] INFO  impl.RoleInfo (RoleInfo.java:updateAndGet(143)) - 03dd9899-51e5-4f83-b08a-708074177aaf: start LeaderElection
2019-10-17 07:02:20,823 [BlockDeletingService#2] WARN  background.BlockDeletingService (BlockDeletingService.java:isDeletionAllowed(187)) - Close Container log Index 6 is not replicated across allthe servers in the pipeline 72246393-9d1a-4fd5-982f-c349846def79 as the min replicated index is 4. Deletion is not allowed in this container yet.
2019-10-17 07:02:20,823 [BlockDeletingService#2] WARN  background.BlockDeletingService (BlockDeletingService.java:isDeletionAllowed(187)) - Close Container log Index 6 is not replicated across allthe servers in the pipeline 72246393-9d1a-4fd5-982f-c349846def79 as the min replicated index is 4. Deletion is not allowed in this container yet.
2019-10-17 07:02:20,832 [03dd9899-51e5-4f83-b08a-708074177aaf@group-C349846DEF79-LeaderElection14] INFO  impl.LeaderElection (LeaderElection.java:askForVotes(178)) - 03dd9899-51e5-4f83-b08a-708074177aaf@group-C349846DEF79-LeaderElection14: begin an election at term 13 for 0: [328eda30-7a38-4124-8420-4db3824d3ef4:192.168.34.62:34889, 03dd9899-51e5-4f83-b08a-708074177aaf:192.168.34.62:36351, cae7164a-c8b0-4e78-9c02-4190bab4d7cb:192.168.34.62:46027], old=null
2019-10-17 07:02:20,838 [grpc-default-executor-0] INFO  impl.RaftServerImpl (RaftServerImpl.java:setRole(184)) - cae7164a-c8b0-4e78-9c02-4190bab4d7cb@group-C349846DEF79: changes role from  FOLLOWER to FOLLOWER at term 13 for recognizeCandidate:03dd9899-51e5-4f83-b08a-708074177aaf
2019-10-17 07:02:20,838 [grpc-default-executor-1] INFO  impl.RaftServerImpl (RaftServerImpl.java:setRole(184)) - 328eda30-7a38-4124-8420-4db3824d3ef4@group-C349846DEF79: changes role from  FOLLOWER to FOLLOWER at term 13 for recognizeCandidate:03dd9899-51e5-4f83-b08a-708074177aaf
2019-10-17 07:02:20,838 [grpc-default-executor-0] INFO  impl.RoleInfo (RoleInfo.java:shutdownFollowerState(121)) - cae7164a-c8b0-4e78-9c02-4190bab4d7cb: shutdown FollowerState
2019-10-17 07:02:20,838 [grpc-default-executor-1] INFO  impl.RoleInfo (RoleInfo.java:shutdownFollowerState(121)) - 328eda30-7a38-4124-8420-4db3824d3ef4: shutdown FollowerState
2019-10-17 07:02:20,838 [grpc-default-executor-0] INFO  impl.RoleInfo (RoleInfo.java:updateAndGet(143)) - cae7164a-c8b0-4e78-9c02-4190bab4d7cb: start FollowerState
2019-10-17 07:02:20,838 [Thread-616] INFO  impl.FollowerState (FollowerState.java:run(117)) - 328eda30-7a38-4124-8420-4db3824d3ef4@group-C349846DEF79-FollowerState was interrupted: java.lang.InterruptedException: sleep interrupted
2019-10-17 07:02:20,838 [Thread-617] INFO  impl.FollowerState (FollowerState.java:run(117)) - cae7164a-c8b0-4e78-9c02-4190bab4d7cb@group-C349846DEF79-FollowerState was interrupted: java.lang.InterruptedException: sleep interrupted
2019-10-17 07:02:20,838 [grpc-default-executor-1] INFO  impl.RoleInfo (RoleInfo.java:updateAndGet(143)) - 328eda30-7a38-4124-8420-4db3824d3ef4: start FollowerState
2019-10-17 07:02:20,855 [03dd9899-51e5-4f83-b08a-708074177aaf@group-C349846DEF79-LeaderElection14] INFO  impl.LeaderElection (LeaderElection.java:logAndReturn(56)) - 03dd9899-51e5-4f83-b08a-708074177aaf@group-C349846DEF79-LeaderElection14: Election REJECTED; received 2 response(s) [03dd9899-51e5-4f83-b08a-708074177aaf<-328eda30-7a38-4124-8420-4db3824d3ef4#0:FAIL-t13, 03dd9899-51e5-4f83-b08a-708074177aaf<-cae7164a-c8b0-4e78-9c02-4190bab4d7cb#0:FAIL-t13] and 0 exception(s); 03dd9899-51e5-4f83-b08a-708074177aaf@group-C349846DEF79:t13, leader=null, voted=03dd9899-51e5-4f83-b08a-708074177aaf, raftlog=03dd9899-51e5-4f83-b08a-708074177aaf@group-C349846DEF79-SegmentedRaftLog:OPENED:c3,f4,i4, conf=0: [328eda30-7a38-4124-8420-4db3824d3ef4:192.168.34.62:34889, 03dd9899-51e5-4f83-b08a-708074177aaf:192.168.34.62:36351, cae7164a-c8b0-4e78-9c02-4190bab4d7cb:192.168.34.62:46027], old=null
2019-10-17 07:02:20,855 [03dd9899-51e5-4f83-b08a-708074177aaf@group-C349846DEF79-LeaderElection14] INFO  impl.RaftServerImpl (RaftServerImpl.java:setRole(184)) - 03dd9899-51e5-4f83-b08a-708074177aaf@group-C349846DEF79: changes role from CANDIDATE to FOLLOWER at term 13 for DISCOVERED_A_NEW_TERM
2019-10-17 07:02:20,855 [03dd9899-51e5-4f83-b08a-708074177aaf@group-C349846DEF79-LeaderElection14] INFO  impl.RoleInfo (RoleInfo.java:shutdownLeaderElection(134)) - 03dd9899-51e5-4f83-b08a-708074177aaf: shutdown LeaderElection
2019-10-17 07:02:20,855 [03dd9899-51e5-4f83-b08a-708074177aaf@group-C349846DEF79-LeaderElection14] INFO  impl.RoleInfo (RoleInfo.java:updateAndGet(143)) - 03dd9899-51e5-4f83-b08a-708074177aaf: start FollowerState
2019-10-17 07:02:21,052 [Thread-626] INFO  impl.FollowerState (FollowerState.java:run(108)) - 03dd9899-51e5-4f83-b08a-708074177aaf@group-C349846DEF79-FollowerState: change to CANDIDATE, lastRpcTime:196ms, electionTimeout:196ms
2019-10-17 07:02:21,053 [Thread-626] INFO  impl.RoleInfo (RoleInfo.java:shutdownFollowerState(121)) - 03dd9899-51e5-4f83-b08a-708074177aaf: shutdown FollowerState
2019-10-17 07:02:21,054 [Thread-626] INFO  impl.RaftServerImpl (RaftServerImpl.java:setRole(184)) - 03dd9899-51e5-4f83-b08a-708074177aaf@group-C349846DEF79: changes role from  FOLLOWER to CANDIDATE at term 13 for changeToCandidate
2019-10-17 07:02:21,054 [Thread-626] INFO  impl.RoleInfo (RoleInfo.java:updateAndGet(143)) - 03dd9899-51e5-4f83-b08a-708074177aaf: start LeaderElection
2019-10-17 07:02:21,203 [pool-7-thread-1] INFO  commands.RetriableDatanodeEventWatcher (RetriableDatanodeEventWatcher.java:onTimeout(47)) - RetriableDatanodeCommand type=deleteBlocksCommand with id=1571295736202 timed out. Retrying.
2019-10-17 07:02:21,203 [pool-7-thread-1] INFO  commands.RetriableDatanodeEventWatcher (RetriableDatanodeEventWatcher.java:onTimeout(47)) - RetriableDatanodeCommand type=deleteBlocksCommand with id=1571295736204 timed out. Retrying.
2019-10-17 07:02:21,205 [pool-7-thread-1] INFO  commands.RetriableDatanodeEventWatcher (RetriableDatanodeEventWatcher.java:onTimeout(47)) - RetriableDatanodeCommand type=deleteBlocksCommand with id=1571295736203 timed out. Retrying.
2019-10-17 07:02:21,205 [SCMBlockDeletingService#1] INFO  block.SCMBlockDeletingService (SCMBlockDeletingService.java:call(184)) - Totally added 1 delete blocks command for 1 datanodes, task elapsed time: 0ms
2019-10-17 07:02:21,205 [pool-7-thread-3] INFO  commands.RetriableDatanodeEventWatcher (RetriableDatanodeEventWatcher.java:onTimeout(47)) - RetriableDatanodeCommand type=deleteBlocksCommand with id=1571295736201 timed out. Retrying.
2019-10-17 07:02:21,205 [pool-7-thread-2] INFO  commands.RetriableDatanodeEventWatcher (RetriableDatanodeEventWatcher.java:onTimeout(47)) - RetriableDatanodeCommand type=deleteBlocksCommand with id=1571295736198 timed out. Retrying.
2019-10-17 07:02:21,426 [EventQueue-PendingDeleteStatusForPendingDeleteHandler] INFO  block.SCMBlockDeletingService (SCMBlockDeletingService.java:handlePendingDeletes(115)) - Block deletion txnID mismatch in datanode 03dd9899-51e5-4f83-b08a-708074177aaf for containerID 1. Datanode delete txnID: 0, SCM txnID: 1
2019-10-17 07:02:21,463 [grpc-default-executor-0] INFO  impl.RaftServerProxy (RaftServerProxy.java:addNew(89)) - 03dd9899-51e5-4f83-b08a-708074177aaf: addNew group-2D9EFA0E95E3:[03dd9899-51e5-4f83-b08a-708074177aaf:192.168.34.62:36351] returns group-2D9EFA0E95E3:java.util.concurrent.CompletableFuture@22ee1b68[Not completed]
2019-10-17 07:02:21,465 [pool-59-thread-1] INFO  impl.RaftServerImpl (RaftServerImpl.java:<init>(104)) - 03dd9899-51e5-4f83-b08a-708074177aaf: new RaftServerImpl for group-2D9EFA0E95E3:[03dd9899-51e5-4f83-b08a-708074177aaf:192.168.34.62:36351] with ContainerStateMachine:uninitialized
2019-10-17 07:02:21,465 [pool-59-thread-1] INFO  server.RaftServerConfigKeys (ConfUtils.java:logGet(43)) - raft.server.rpc.timeout.min = 5s (custom)
2019-10-17 07:02:21,465 [03dd9899-51e5-4f83-b08a-708074177aaf@group-C349846DEF79-LeaderElection15] INFO  impl.LeaderElection (LeaderElection.java:askForVotes(178)) - 03dd9899-51e5-4f83-b08a-708074177aaf@group-C349846DEF79-LeaderElection15: begin an election at term 14 for 0: [328eda30-7a38-4124-8420-4db3824d3ef4:192.168.34.62:34889, 03dd9899-51e5-4f83-b08a-708074177aaf:192.168.34.62:36351, cae7164a-c8b0-4e78-9c02-4190bab4d7cb:192.168.34.62:46027], old=null
2019-10-17 07:02:21,465 [pool-59-thread-1] INFO  server.RaftServerConfigKeys (ConfUtils.java:logGet(43)) - raft.server.rpc.timeout.max = 5200ms (custom)
2019-10-17 07:02:21,466 [pool-59-thread-1] INFO  server.RaftServerConfigKeys (ConfUtils.java:logGet(43)) - raft.server.rpcslowness.timeout = 1000s (custom)
2019-10-17 07:02:21,466 [pool-59-thread-1] INFO  server.RaftServerConfigKeys (ConfUtils.java:logGet(43)) - raft.server.sleep.deviation.threshold = 300 (default)
2019-10-17 07:02:21,466 [pool-59-thread-1] INFO  server.RaftServerConfigKeys (ConfUtils.java:logGet(43)) - raft.server.log.appender.install.snapshot.enabled = false (custom)
2019-10-17 07:02:21,466 [pool-59-thread-1] INFO  impl.RaftServerImpl (ServerState.java:<init>(103)) - 03dd9899-51e5-4f83-b08a-708074177aaf@group-2D9EFA0E95E3: ConfigurationManager, init=-1: [03dd9899-51e5-4f83-b08a-708074177aaf:192.168.34.62:36351], old=null, confs=<EMPTY_MAP>
2019-10-17 07:02:21,466 [pool-59-thread-1] INFO  server.RaftServerConfigKeys (ConfUtils.java:logGet(43)) - raft.server.storage.dir = [/workdir/hadoop-ozone/integration-test/target/test-dir/MiniOzoneClusterImpl-b17df855-cd66-47f7-bb21-75637d0c5abd/datanode-2/data/ratis] (custom)
2019-10-17 07:02:21,466 [pool-59-thread-1] INFO  server.RaftServerConfigKeys (ConfUtils.java:logGet(43)) - raft.server.log.corruption.policy = EXCEPTION (default)
2019-10-17 07:02:21,467 [pool-59-thread-1] INFO  storage.RaftStorageDirectory (RaftStorageDirectory.java:analyzeStorage(246)) - The storage directory /workdir/hadoop-ozone/integration-test/target/test-dir/MiniOzoneClusterImpl-b17df855-cd66-47f7-bb21-75637d0c5abd/datanode-2/data/ratis/04f1844d-15ef-4b47-a8e0-2d9efa0e95e3 does not exist. Creating ...
2019-10-17 07:02:21,468 [grpc-default-executor-1] INFO  impl.RaftServerImpl (RaftServerImpl.java:setRole(184)) - 328eda30-7a38-4124-8420-4db3824d3ef4@group-C349846DEF79: changes role from  FOLLOWER to FOLLOWER at term 14 for recognizeCandidate:03dd9899-51e5-4f83-b08a-708074177aaf
2019-10-17 07:02:21,468 [grpc-default-executor-0] INFO  impl.RaftServerImpl (RaftServerImpl.java:setRole(184)) - cae7164a-c8b0-4e78-9c02-4190bab4d7cb@group-C349846DEF79: changes role from  FOLLOWER to FOLLOWER at term 14 for recognizeCandidate:03dd9899-51e5-4f83-b08a-708074177aaf
2019-10-17 07:02:21,468 [grpc-default-executor-1] INFO  impl.RoleInfo (RoleInfo.java:shutdownFollowerState(121)) - 328eda30-7a38-4124-8420-4db3824d3ef4: shutdown FollowerState
2019-10-17 07:02:21,468 [grpc-default-executor-0] INFO  impl.RoleInfo (RoleInfo.java:shutdownFollowerState(121)) - cae7164a-c8b0-4e78-9c02-4190bab4d7cb: shutdown FollowerState
2019-10-17 07:02:21,468 [grpc-default-executor-1] INFO  impl.RoleInfo (RoleInfo.java:updateAndGet(143)) - 328eda30-7a38-4124-8420-4db3824d3ef4: start FollowerState
2019-10-17 07:02:21,468 [Thread-625] INFO  impl.FollowerState (FollowerState.java:run(117)) - 328eda30-7a38-4124-8420-4db3824d3ef4@group-C349846DEF79-FollowerState was interrupted: java.lang.InterruptedException: sleep interrupted
2019-10-17 07:02:21,468 [Thread-624] INFO  impl.FollowerState (FollowerState.java:run(117)) - cae7164a-c8b0-4e78-9c02-4190bab4d7cb@group-C349846DEF79-FollowerState was interrupted: java.lang.InterruptedException: sleep interrupted
2019-10-17 07:02:21,468 [grpc-default-executor-0] INFO  impl.RoleInfo (RoleInfo.java:updateAndGet(143)) - cae7164a-c8b0-4e78-9c02-4190bab4d7cb: start FollowerState
2019-10-17 07:02:21,482 [pool-59-thread-1] INFO  storage.RaftStorageDirectory (RaftStorageDirectory.java:tryLock(328)) - Lock on /workdir/hadoop-ozone/integration-test/target/test-dir/MiniOzoneClusterImpl-b17df855-cd66-47f7-bb21-75637d0c5abd/datanode-2/data/ratis/04f1844d-15ef-4b47-a8e0-2d9efa0e95e3/in_use.lock acquired by nodename 28572@pr-hdds-1868-lzclr-202649289
2019-10-17 07:02:21,483 [03dd9899-51e5-4f83-b08a-708074177aaf@group-C349846DEF79-LeaderElection15] INFO  impl.LeaderElection (LeaderElection.java:logAndReturn(56)) - 03dd9899-51e5-4f83-b08a-708074177aaf@group-C349846DEF79-LeaderElection15: Election REJECTED; received 2 response(s) [03dd9899-51e5-4f83-b08a-708074177aaf<-328eda30-7a38-4124-8420-4db3824d3ef4#0:FAIL-t14, 03dd9899-51e5-4f83-b08a-708074177aaf<-cae7164a-c8b0-4e78-9c02-4190bab4d7cb#0:FAIL-t14] and 0 exception(s); 03dd9899-51e5-4f83-b08a-708074177aaf@group-C349846DEF79:t14, leader=null, voted=03dd9899-51e5-4f83-b08a-708074177aaf, raftlog=03dd9899-51e5-4f83-b08a-708074177aaf@group-C349846DEF79-SegmentedRaftLog:OPENED:c3,f4,i4, conf=0: [328eda30-7a38-4124-8420-4db3824d3ef4:192.168.34.62:34889, 03dd9899-51e5-4f83-b08a-708074177aaf:192.168.34.62:36351, cae7164a-c8b0-4e78-9c02-4190bab4d7cb:192.168.34.62:46027], old=null
2019-10-17 07:02:21,484 [03dd9899-51e5-4f83-b08a-708074177aaf@group-C349846DEF79-LeaderElection15] INFO  impl.RaftServerImpl (RaftServerImpl.java:setRole(184)) - 03dd9899-51e5-4f83-b08a-708074177aaf@group-C349846DEF79: changes role from CANDIDATE to FOLLOWER at term 14 for DISCOVERED_A_NEW_TERM
2019-10-17 07:02:21,484 [03dd9899-51e5-4f83-b08a-708074177aaf@group-C349846DEF79-LeaderElection15] INFO  impl.RoleInfo (RoleInfo.java:shutdownLeaderElection(134)) - 03dd9899-51e5-4f83-b08a-708074177aaf: shutdown LeaderElection
2019-10-17 07:02:21,484 [03dd9899-51e5-4f83-b08a-708074177aaf@group-C349846DEF79-LeaderElection15] INFO  impl.RoleInfo (RoleInfo.java:updateAndGet(143)) - 03dd9899-51e5-4f83-b08a-708074177aaf: start FollowerState
2019-10-17 07:02:21,489 [pool-59-thread-1] INFO  storage.RaftStorage (RaftStorage.java:format(84)) - Storage directory /workdir/hadoop-ozone/integration-test/target/test-dir/MiniOzoneClusterImpl-b17df855-cd66-47f7-bb21-75637d0c5abd/datanode-2/data/ratis/04f1844d-15ef-4b47-a8e0-2d9efa0e95e3 has been successfully formatted.
2019-10-17 07:02:21,491 [pool-59-thread-1] INFO  ratis.ContainerStateMachine (ContainerStateMachine.java:loadSnapshot(233)) - group-2D9EFA0E95E3: The snapshot info is null. Setting the last applied indexto:(t:0, i:~)
2019-10-17 07:02:21,491 [pool-59-thread-1] INFO  server.RaftServerConfigKeys (ConfUtils.java:logGet(43)) - raft.server.notification.no-leader.timeout = 1000s (custom)
2019-10-17 07:02:21,491 [pool-59-thread-1] INFO  server.RaftServerConfigKeys (ConfUtils.java:logGet(43)) - raft.server.log.use.memory = false (default)
2019-10-17 07:02:21,491 [pool-59-thread-1] INFO  server.RaftServerConfigKeys (ConfUtils.java:logGet(43)) - raft.server.log.purge.gap = 1000000 (custom)
2019-10-17 07:02:21,491 [pool-59-thread-1] INFO  server.RaftServerConfigKeys (ConfUtils.java:logGet(43)) - raft.server.log.appender.buffer.byte-limit = 33554432 (custom)
2019-10-17 07:02:21,491 [pool-59-thread-1] INFO  server.RaftServerConfigKeys (ConfUtils.java:logGet(43)) - raft.server.log.segment.size.max = 1048576 (custom)
2019-10-17 07:02:21,491 [pool-59-thread-1] INFO  server.RaftServerConfigKeys (ConfUtils.java:logGet(43)) - raft.server.log.segment.cache.num.max = 2 (custom)
2019-10-17 07:02:21,491 [pool-59-thread-1] INFO  segmented.SegmentedRaftLogWorker (SegmentedRaftLogWorker.java:<init>(173)) - new 03dd9899-51e5-4f83-b08a-708074177aaf@group-2D9EFA0E95E3-SegmentedRaftLogWorker for RaftStorage:Storage Directory /workdir/hadoop-ozone/integration-test/target/test-dir/MiniOzoneClusterImpl-b17df855-cd66-47f7-bb21-75637d0c5abd/datanode-2/data/ratis/04f1844d-15ef-4b47-a8e0-2d9efa0e95e3
2019-10-17 07:02:21,491 [pool-59-thread-1] INFO  server.RaftServerConfigKeys (ConfUtils.java:logGet(43)) - raft.server.log.queue.byte-limit = 2147483647 (custom)
2019-10-17 07:02:21,492 [pool-59-thread-1] INFO  server.RaftServerConfigKeys (ConfUtils.java:logGet(43)) - raft.server.log.queue.element-limit = 1024 (custom)
2019-10-17 07:02:21,492 [pool-59-thread-1] INFO  server.RaftServerConfigKeys (ConfUtils.java:logGet(43)) - raft.server.log.segment.size.max = 1048576 (custom)
2019-10-17 07:02:21,492 [pool-59-thread-1] INFO  server.RaftServerConfigKeys (ConfUtils.java:logGet(43)) - raft.server.log.preallocated.size = 16384 (custom)
2019-10-17 07:02:21,492 [pool-59-thread-1] INFO  server.RaftServerConfigKeys (ConfUtils.java:logGet(43)) - raft.server.log.write.buffer.size = 33554432 (custom)
2019-10-17 07:02:21,492 [pool-59-thread-1] INFO  server.RaftServerConfigKeys (ConfUtils.java:logGet(43)) - raft.server.log.force.sync.num = 128 (default)
2019-10-17 07:02:21,492 [pool-59-thread-1] INFO  server.RaftServerConfigKeys (ConfUtils.java:logGet(43)) - raft.server.log.statemachine.data.sync = true (default)
2019-10-17 07:02:21,492 [pool-59-thread-1] INFO  server.RaftServerConfigKeys (ConfUtils.java:logGet(43)) - raft.server.log.statemachine.data.sync.timeout = 10s (default)
2019-10-17 07:02:21,492 [pool-59-thread-1] INFO  server.RaftServerConfigKeys (ConfUtils.java:logGet(43)) - raft.server.log.statemachine.data.sync.timeout.retry = -1 (default)
2019-10-17 07:02:21,493 [pool-59-thread-1] INFO  server.RaftServerConfigKeys (ConfUtils.java:logGet(43)) - raft.server.log.statemachine.data.caching.enabled = true (custom)
2019-10-17 07:02:21,493 [pool-59-thread-1] INFO  segmented.SegmentedRaftLogWorker (SegmentedRaftLogWorker.java:lambda$new$0(128)) - 03dd9899-51e5-4f83-b08a-708074177aaf@group-2D9EFA0E95E3-SegmentedRaftLogWorker: flushIndex: setUnconditionally 0 -> -1
2019-10-17 07:02:21,493 [pool-59-thread-1] INFO  server.RaftServerConfigKeys (ConfUtils.java:logGet(43)) - raft.server.snapshot.auto.trigger.enabled = true (custom)
2019-10-17 07:02:21,493 [pool-59-thread-1] INFO  server.RaftServerConfigKeys (ConfUtils.java:logGet(43)) - raft.server.snapshot.auto.trigger.threshold = 10000 (custom)
2019-10-17 07:02:21,493 [pool-59-thread-1] INFO  server.RaftServerConfigKeys (ConfUtils.java:logGet(43)) - raft.server.snapshot.retention.file.num = 5 (custom)
2019-10-17 07:02:21,493 [pool-59-thread-1] INFO  server.RaftServerConfigKeys (ConfUtils.java:logGet(43)) - raft.server.retrycache.expirytime = 600000ms (custom)
2019-10-17 07:02:21,496 [pool-59-thread-1] INFO  impl.RaftServerImpl (RaftServerImpl.java:start(195)) - 03dd9899-51e5-4f83-b08a-708074177aaf@group-2D9EFA0E95E3: start as a follower, conf=-1: [03dd9899-51e5-4f83-b08a-708074177aaf:192.168.34.62:36351], old=null
2019-10-17 07:02:21,496 [pool-59-thread-1] INFO  impl.RaftServerImpl (RaftServerImpl.java:setRole(184)) - 03dd9899-51e5-4f83-b08a-708074177aaf@group-2D9EFA0E95E3: changes role from      null to FOLLOWER at term 0 for startAsFollower
2019-10-17 07:02:21,496 [pool-59-thread-1] INFO  impl.RoleInfo (RoleInfo.java:updateAndGet(143)) - 03dd9899-51e5-4f83-b08a-708074177aaf: start FollowerState
2019-10-17 07:02:21,496 [pool-59-thread-1] INFO  util.JmxRegister (JmxRegister.java:tryRegister(44)) - Successfully registered JMX Bean with object name Ratis:service=RaftServer,group=group-2D9EFA0E95E3,id=03dd9899-51e5-4f83-b08a-708074177aaf
2019-10-17 07:02:21,502 [RatisPipelineUtilsThread] INFO  pipeline.PipelineStateManager (PipelineStateManager.java:addPipeline(55)) - Created pipeline Pipeline[ Id: 04f1844d-15ef-4b47-a8e0-2d9efa0e95e3, Nodes: 03dd9899-51e5-4f83-b08a-708074177aaf{ip: 192.168.34.62, host: pr-hdds-1868-lzclr-202649289, networkLocation: /default-rack, certSerialId: null}, Type:RATIS, Factor:ONE, State:ALLOCATED]
2019-10-17 07:02:21,516 [grpc-default-executor-0] INFO  impl.RaftServerProxy (RaftServerProxy.java:addNew(89)) - cae7164a-c8b0-4e78-9c02-4190bab4d7cb: addNew group-2A28DAA9A855:[328eda30-7a38-4124-8420-4db3824d3ef4:192.168.34.62:34889, 03dd9899-51e5-4f83-b08a-708074177aaf:192.168.34.62:36351, cae7164a-c8b0-4e78-9c02-4190bab4d7cb:192.168.34.62:46027] returns group-2A28DAA9A855:java.util.concurrent.CompletableFuture@211fd464[Not completed]
2019-10-17 07:02:21,516 [grpc-default-executor-3] INFO  impl.RaftServerProxy (RaftServerProxy.java:addNew(89)) - 03dd9899-51e5-4f83-b08a-708074177aaf: addNew group-2A28DAA9A855:[328eda30-7a38-4124-8420-4db3824d3ef4:192.168.34.62:34889, 03dd9899-51e5-4f83-b08a-708074177aaf:192.168.34.62:36351, cae7164a-c8b0-4e78-9c02-4190bab4d7cb:192.168.34.62:46027] returns group-2A28DAA9A855:java.util.concurrent.CompletableFuture@502fc70d[Not completed]
2019-10-17 07:02:21,516 [grpc-default-executor-0] INFO  impl.RaftServerProxy (RaftServerProxy.java:addNew(89)) - 328eda30-7a38-4124-8420-4db3824d3ef4: addNew group-2A28DAA9A855:[328eda30-7a38-4124-8420-4db3824d3ef4:192.168.34.62:34889, 03dd9899-51e5-4f83-b08a-708074177aaf:192.168.34.62:36351, cae7164a-c8b0-4e78-9c02-4190bab4d7cb:192.168.34.62:46027] returns group-2A28DAA9A855:java.util.concurrent.CompletableFuture@7378ae74[Not completed]
2019-10-17 07:02:21,518 [pool-27-thread-1] INFO  impl.RaftServerImpl (RaftServerImpl.java:<init>(104)) - cae7164a-c8b0-4e78-9c02-4190bab4d7cb: new RaftServerImpl for group-2A28DAA9A855:[328eda30-7a38-4124-8420-4db3824d3ef4:192.168.34.62:34889, 03dd9899-51e5-4f83-b08a-708074177aaf:192.168.34.62:36351, cae7164a-c8b0-4e78-9c02-4190bab4d7cb:192.168.34.62:46027] with ContainerStateMachine:uninitialized
2019-10-17 07:02:21,518 [pool-27-thread-1] INFO  server.RaftServerConfigKeys (ConfUtils.java:logGet(43)) - raft.server.rpc.timeout.min = 5s (custom)
2019-10-17 07:02:21,518 [pool-27-thread-1] INFO  server.RaftServerConfigKeys (ConfUtils.java:logGet(43)) - raft.server.rpc.timeout.max = 5200ms (custom)
2019-10-17 07:02:21,601 [pool-27-thread-1] INFO  server.RaftServerConfigKeys (ConfUtils.java:logGet(43)) - raft.server.rpcslowness.timeout = 1000s (custom)
2019-10-17 07:02:21,601 [Thread-636] INFO  impl.FollowerState (FollowerState.java:run(108)) - 03dd9899-51e5-4f83-b08a-708074177aaf@group-2D9EFA0E95E3-FollowerState: change to CANDIDATE, lastRpcTime:104ms, electionTimeout:102ms
2019-10-17 07:02:21,602 [pool-27-thread-1] INFO  server.RaftServerConfigKeys (ConfUtils.java:logGet(43)) - raft.server.sleep.deviation.threshold = 300 (default)
2019-10-17 07:02:21,601 [pool-37-thread-1] INFO  impl.RaftServerImpl (RaftServerImpl.java:<init>(104)) - 328eda30-7a38-4124-8420-4db3824d3ef4: new RaftServerImpl for group-2A28DAA9A855:[328eda30-7a38-4124-8420-4db3824d3ef4:192.168.34.62:34889, 03dd9899-51e5-4f83-b08a-708074177aaf:192.168.34.62:36351, cae7164a-c8b0-4e78-9c02-4190bab4d7cb:192.168.34.62:46027] with ContainerStateMachine:uninitialized
2019-10-17 07:02:21,602 [pool-27-thread-1] INFO  server.RaftServerConfigKeys (ConfUtils.java:logGet(43)) - raft.server.log.appender.install.snapshot.enabled = false (custom)
2019-10-17 07:02:21,602 [Thread-636] INFO  impl.RoleInfo (RoleInfo.java:shutdownFollowerState(121)) - 03dd9899-51e5-4f83-b08a-708074177aaf: shutdown FollowerState
2019-10-17 07:02:21,606 [pool-27-thread-1] INFO  impl.RaftServerImpl (ServerState.java:<init>(103)) - cae7164a-c8b0-4e78-9c02-4190bab4d7cb@group-2A28DAA9A855: ConfigurationManager, init=-1: [328eda30-7a38-4124-8420-4db3824d3ef4:192.168.34.62:34889, 03dd9899-51e5-4f83-b08a-708074177aaf:192.168.34.62:36351, cae7164a-c8b0-4e78-9c02-4190bab4d7cb:192.168.34.62:46027], old=null, confs=<EMPTY_MAP>
2019-10-17 07:02:21,602 [pool-37-thread-1] INFO  server.RaftServerConfigKeys (ConfUtils.java:logGet(43)) - raft.server.rpc.timeout.min = 5s (custom)
2019-10-17 07:02:21,607 [pool-27-thread-1] INFO  server.RaftServerConfigKeys (ConfUtils.java:logGet(43)) - raft.server.storage.dir = [/workdir/hadoop-ozone/integration-test/target/test-dir/MiniOzoneClusterImpl-b17df855-cd66-47f7-bb21-75637d0c5abd/datanode-0/data/ratis] (custom)
2019-10-17 07:02:21,607 [pool-37-thread-1] INFO  server.RaftServerConfigKeys (ConfUtils.java:logGet(43)) - raft.server.rpc.timeout.max = 5200ms (custom)
2019-10-17 07:02:21,606 [pool-59-thread-1] INFO  impl.RaftServerImpl (RaftServerImpl.java:<init>(104)) - 03dd9899-51e5-4f83-b08a-708074177aaf: new RaftServerImpl for group-2A28DAA9A855:[328eda30-7a38-4124-8420-4db3824d3ef4:192.168.34.62:34889, 03dd9899-51e5-4f83-b08a-708074177aaf:192.168.34.62:36351, cae7164a-c8b0-4e78-9c02-4190bab4d7cb:192.168.34.62:46027] with ContainerStateMachine:uninitialized
2019-10-17 07:02:21,606 [Thread-636] INFO  impl.RaftServerImpl (RaftServerImpl.java:setRole(184)) - 03dd9899-51e5-4f83-b08a-708074177aaf@group-2D9EFA0E95E3: changes role from  FOLLOWER to CANDIDATE at term 0 for changeToCandidate
2019-10-17 07:02:21,608 [pool-27-thread-1] INFO  server.RaftServerConfigKeys (ConfUtils.java:logGet(43)) - raft.server.log.corruption.policy = EXCEPTION (default)
2019-10-17 07:02:21,608 [pool-37-thread-1] INFO  server.RaftServerConfigKeys (ConfUtils.java:logGet(43)) - raft.server.rpcslowness.timeout = 1000s (custom)
2019-10-17 07:02:21,612 [Thread-636] INFO  impl.RoleInfo (RoleInfo.java:updateAndGet(143)) - 03dd9899-51e5-4f83-b08a-708074177aaf: start LeaderElection
2019-10-17 07:02:21,610 [pool-59-thread-1] INFO  server.RaftServerConfigKeys (ConfUtils.java:logGet(43)) - raft.server.rpc.timeout.min = 5s (custom)
2019-10-17 07:02:21,613 [pool-27-thread-1] INFO  storage.RaftStorageDirectory (RaftStorageDirectory.java:analyzeStorage(246)) - The storage directory /workdir/hadoop-ozone/integration-test/target/test-dir/MiniOzoneClusterImpl-b17df855-cd66-47f7-bb21-75637d0c5abd/datanode-0/data/ratis/e68ce45e-7bf0-43ac-893d-2a28daa9a855 does not exist. Creating ...
2019-10-17 07:02:21,613 [pool-37-thread-1] INFO  server.RaftServerConfigKeys (ConfUtils.java:logGet(43)) - raft.server.sleep.deviation.threshold = 300 (default)
2019-10-17 07:02:21,613 [pool-59-thread-1] INFO  server.RaftServerConfigKeys (ConfUtils.java:logGet(43)) - raft.server.rpc.timeout.max = 5200ms (custom)
2019-10-17 07:02:21,615 [pool-37-thread-1] INFO  server.RaftServerConfigKeys (ConfUtils.java:logGet(43)) - raft.server.log.appender.install.snapshot.enabled = false (custom)
2019-10-17 07:02:21,615 [pool-59-thread-1] INFO  server.RaftServerConfigKeys (ConfUtils.java:logGet(43)) - raft.server.rpcslowness.timeout = 1000s (custom)
2019-10-17 07:02:21,615 [pool-37-thread-1] INFO  impl.RaftServerImpl (ServerState.java:<init>(103)) - 328eda30-7a38-4124-8420-4db3824d3ef4@group-2A28DAA9A855: ConfigurationManager, init=-1: [328eda30-7a38-4124-8420-4db3824d3ef4:192.168.34.62:34889, 03dd9899-51e5-4f83-b08a-708074177aaf:192.168.34.62:36351, cae7164a-c8b0-4e78-9c02-4190bab4d7cb:192.168.34.62:46027], old=null, confs=<EMPTY_MAP>
2019-10-17 07:02:21,615 [pool-59-thread-1] INFO  server.RaftServerConfigKeys (ConfUtils.java:logGet(43)) - raft.server.sleep.deviation.threshold = 300 (default)
2019-10-17 07:02:21,616 [pool-37-thread-1] INFO  server.RaftServerConfigKeys (ConfUtils.java:logGet(43)) - raft.server.storage.dir = [/workdir/hadoop-ozone/integration-test/target/test-dir/MiniOzoneClusterImpl-b17df855-cd66-47f7-bb21-75637d0c5abd/datanode-1/data/ratis] (custom)
2019-10-17 07:02:21,616 [pool-59-thread-1] INFO  server.RaftServerConfigKeys (ConfUtils.java:logGet(43)) - raft.server.log.appender.install.snapshot.enabled = false (custom)
2019-10-17 07:02:21,616 [pool-59-thread-1] INFO  impl.RaftServerImpl (ServerState.java:<init>(103)) - 03dd9899-51e5-4f83-b08a-708074177aaf@group-2A28DAA9A855: ConfigurationManager, init=-1: [328eda30-7a38-4124-8420-4db3824d3ef4:192.168.34.62:34889, 03dd9899-51e5-4f83-b08a-708074177aaf:192.168.34.62:36351, cae7164a-c8b0-4e78-9c02-4190bab4d7cb:192.168.34.62:46027], old=null, confs=<EMPTY_MAP>
2019-10-17 07:02:21,616 [pool-37-thread-1] INFO  server.RaftServerConfigKeys (ConfUtils.java:logGet(43)) - raft.server.log.corruption.policy = EXCEPTION (default)
2019-10-17 07:02:21,616 [pool-59-thread-1] INFO  server.RaftServerConfigKeys (ConfUtils.java:logGet(43)) - raft.server.storage.dir = [/workdir/hadoop-ozone/integration-test/target/test-dir/MiniOzoneClusterImpl-b17df855-cd66-47f7-bb21-75637d0c5abd/datanode-2/data/ratis] (custom)
2019-10-17 07:02:21,616 [pool-37-thread-1] INFO  storage.RaftStorageDirectory (RaftStorageDirectory.java:analyzeStorage(246)) - The storage directory /workdir/hadoop-ozone/integration-test/target/test-dir/MiniOzoneClusterImpl-b17df855-cd66-47f7-bb21-75637d0c5abd/datanode-1/data/ratis/e68ce45e-7bf0-43ac-893d-2a28daa9a855 does not exist. Creating ...
2019-10-17 07:02:21,616 [pool-59-thread-1] INFO  server.RaftServerConfigKeys (ConfUtils.java:logGet(43)) - raft.server.log.corruption.policy = EXCEPTION (default)
2019-10-17 07:02:21,616 [pool-59-thread-1] INFO  storage.RaftStorageDirectory (RaftStorageDirectory.java:analyzeStorage(246)) - The storage directory /workdir/hadoop-ozone/integration-test/target/test-dir/MiniOzoneClusterImpl-b17df855-cd66-47f7-bb21-75637d0c5abd/datanode-2/data/ratis/e68ce45e-7bf0-43ac-893d-2a28daa9a855 does not exist. Creating ...
2019-10-17 07:02:21,617 [Thread-640] INFO  client.GrpcClientProtocolService (GrpcClientProtocolService.java:lambda$processClientRequest$0(278)) - Failed RaftClientRequest:client-1BB1B1ECBBFA->cae7164a-c8b0-4e78-9c02-4190bab4d7cb@group-C349846DEF79, cid=10, seq=0, Watch-ALL_COMMITTED(6), Message:<EMPTY>, reply=RaftClientReply:client-1BB1B1ECBBFA->cae7164a-c8b0-4e78-9c02-4190bab4d7cb@group-C349846DEF79, cid=10, FAILED org.apache.ratis.protocol.NotLeaderException: Server cae7164a-c8b0-4e78-9c02-4190bab4d7cb@group-C349846DEF79 is not the leader, logIndex=0, commits[cae7164a-c8b0-4e78-9c02-4190bab4d7cb:c10, 328eda30-7a38-4124-8420-4db3824d3ef4:c10, 03dd9899-51e5-4f83-b08a-708074177aaf:c4]
2019-10-17 07:02:21,621 [pool-37-thread-1] INFO  storage.RaftStorageDirectory (RaftStorageDirectory.java:tryLock(328)) - Lock on /workdir/hadoop-ozone/integration-test/target/test-dir/MiniOzoneClusterImpl-b17df855-cd66-47f7-bb21-75637d0c5abd/datanode-1/data/ratis/e68ce45e-7bf0-43ac-893d-2a28daa9a855/in_use.lock acquired by nodename 28572@pr-hdds-1868-lzclr-202649289
2019-10-17 07:02:21,621 [03dd9899-51e5-4f83-b08a-708074177aaf@group-2D9EFA0E95E3-LeaderElection16] INFO  impl.LeaderElection (LeaderElection.java:askForVotes(178)) - 03dd9899-51e5-4f83-b08a-708074177aaf@group-2D9EFA0E95E3-LeaderElection16: begin an election at term 1 for -1: [03dd9899-51e5-4f83-b08a-708074177aaf:192.168.34.62:36351], old=null
2019-10-17 07:02:21,621 [pool-27-thread-1] INFO  storage.RaftStorageDirectory (RaftStorageDirectory.java:tryLock(328)) - Lock on /workdir/hadoop-ozone/integration-test/target/test-dir/MiniOzoneClusterImpl-b17df855-cd66-47f7-bb21-75637d0c5abd/datanode-0/data/ratis/e68ce45e-7bf0-43ac-893d-2a28daa9a855/in_use.lock acquired by nodename 28572@pr-hdds-1868-lzclr-202649289
2019-10-17 07:02:21,621 [pool-59-thread-1] INFO  storage.RaftStorageDirectory (RaftStorageDirectory.java:tryLock(328)) - Lock on /workdir/hadoop-ozone/integration-test/target/test-dir/MiniOzoneClusterImpl-b17df855-cd66-47f7-bb21-75637d0c5abd/datanode-2/data/ratis/e68ce45e-7bf0-43ac-893d-2a28daa9a855/in_use.lock acquired by nodename 28572@pr-hdds-1868-lzclr-202649289
2019-10-17 07:02:21,622 [03dd9899-51e5-4f83-b08a-708074177aaf@group-2D9EFA0E95E3-LeaderElection16] INFO  impl.RoleInfo (RoleInfo.java:shutdownLeaderElection(134)) - 03dd9899-51e5-4f83-b08a-708074177aaf: shutdown LeaderElection
2019-10-17 07:02:21,623 [03dd9899-51e5-4f83-b08a-708074177aaf@group-2D9EFA0E95E3-LeaderElection16] INFO  impl.RaftServerImpl (RaftServerImpl.java:setRole(184)) - 03dd9899-51e5-4f83-b08a-708074177aaf@group-2D9EFA0E95E3: changes role from CANDIDATE to LEADER at term 1 for changeToLeader
2019-10-17 07:02:21,624 [03dd9899-51e5-4f83-b08a-708074177aaf@group-2D9EFA0E95E3-LeaderElection16] INFO  ratis.XceiverServerRatis (XceiverServerRatis.java:handleLeaderChangedNotification(699)) - Leader change notification received for group: group-2D9EFA0E95E3 with new leaderId: 03dd9899-51e5-4f83-b08a-708074177aaf
2019-10-17 07:02:21,628 [Thread-634] INFO  impl.FollowerState (FollowerState.java:run(108)) - 03dd9899-51e5-4f83-b08a-708074177aaf@group-C349846DEF79-FollowerState: change to CANDIDATE, lastRpcTime:143ms, electionTimeout:140ms
2019-10-17 07:02:21,628 [03dd9899-51e5-4f83-b08a-708074177aaf@group-2D9EFA0E95E3-LeaderElection16] INFO  impl.RaftServerImpl (ServerState.java:setLeader(256)) - 03dd9899-51e5-4f83-b08a-708074177aaf@group-2D9EFA0E95E3: change Leader from null to 03dd9899-51e5-4f83-b08a-708074177aaf at term 1 for becomeLeader, leader elected after 133ms
2019-10-17 07:02:21,628 [Thread-634] INFO  impl.RoleInfo (RoleInfo.java:shutdownFollowerState(121)) - 03dd9899-51e5-4f83-b08a-708074177aaf: shutdown FollowerState
2019-10-17 07:02:21,628 [03dd9899-51e5-4f83-b08a-708074177aaf@group-2D9EFA0E95E3-LeaderElection16] INFO  server.RaftServerConfigKeys (ConfUtils.java:logGet(43)) - raft.server.staging.catchup.gap = 1000 (default)
2019-10-17 07:02:21,628 [Thread-634] INFO  impl.RaftServerImpl (RaftServerImpl.java:setRole(184)) - 03dd9899-51e5-4f83-b08a-708074177aaf@group-C349846DEF79: changes role from  FOLLOWER to CANDIDATE at term 14 for changeToCandidate
2019-10-17 07:02:21,629 [03dd9899-51e5-4f83-b08a-708074177aaf@group-2D9EFA0E95E3-LeaderElection16] INFO  server.RaftServerConfigKeys (ConfUtils.java:logGet(43)) - raft.server.rpc.sleep.time = 25ms (default)
2019-10-17 07:02:21,629 [Thread-634] INFO  impl.RoleInfo (RoleInfo.java:updateAndGet(143)) - 03dd9899-51e5-4f83-b08a-708074177aaf: start LeaderElection
2019-10-17 07:02:21,630 [03dd9899-51e5-4f83-b08a-708074177aaf@group-2D9EFA0E95E3-LeaderElection16] INFO  server.RaftServerConfigKeys (ConfUtils.java:logGet(43)) - raft.server.write.element-limit = 4096 (default)
2019-10-17 07:02:21,630 [03dd9899-51e5-4f83-b08a-708074177aaf@group-2D9EFA0E95E3-LeaderElection16] INFO  server.RaftServerConfigKeys (ConfUtils.java:logGet(43)) - raft.server.watch.timeout = 10s (default)
2019-10-17 07:02:21,630 [03dd9899-51e5-4f83-b08a-708074177aaf@group-2D9EFA0E95E3-LeaderElection16] INFO  server.RaftServerConfigKeys (ConfUtils.java:logGet(43)) - raft.server.watch.timeout.denomination = 1s (default)
2019-10-17 07:02:21,630 [03dd9899-51e5-4f83-b08a-708074177aaf@group-2D9EFA0E95E3-LeaderElection16] INFO  server.RaftServerConfigKeys (ConfUtils.java:logGet(43)) - raft.server.watch.element-limit = 65536 (default)
2019-10-17 07:02:21,633 [03dd9899-51e5-4f83-b08a-708074177aaf@group-2D9EFA0E95E3-LeaderElection16] INFO  impl.RoleInfo (RoleInfo.java:updateAndGet(143)) - 03dd9899-51e5-4f83-b08a-708074177aaf: start LeaderState
2019-10-17 07:02:21,633 [03dd9899-51e5-4f83-b08a-708074177aaf@group-2D9EFA0E95E3-LeaderElection16] INFO  segmented.SegmentedRaftLogWorker (SegmentedRaftLogWorker.java:startLogSegment(385)) - 03dd9899-51e5-4f83-b08a-708074177aaf@group-2D9EFA0E95E3-SegmentedRaftLogWorker: Starting segment from index:0
2019-10-17 07:02:21,633 [pool-59-thread-1] INFO  storage.RaftStorage (RaftStorage.java:format(84)) - Storage directory /workdir/hadoop-ozone/integration-test/target/test-dir/MiniOzoneClusterImpl-b17df855-cd66-47f7-bb21-75637d0c5abd/datanode-2/data/ratis/e68ce45e-7bf0-43ac-893d-2a28daa9a855 has been successfully formatted.
2019-10-17 07:02:21,633 [pool-37-thread-1] INFO  storage.RaftStorage (RaftStorage.java:format(84)) - Storage directory /workdir/hadoop-ozone/integration-test/target/test-dir/MiniOzoneClusterImpl-b17df855-cd66-47f7-bb21-75637d0c5abd/datanode-1/data/ratis/e68ce45e-7bf0-43ac-893d-2a28daa9a855 has been successfully formatted.
2019-10-17 07:02:21,633 [pool-27-thread-1] INFO  storage.RaftStorage (RaftStorage.java:format(84)) - Storage directory /workdir/hadoop-ozone/integration-test/target/test-dir/MiniOzoneClusterImpl-b17df855-cd66-47f7-bb21-75637d0c5abd/datanode-0/data/ratis/e68ce45e-7bf0-43ac-893d-2a28daa9a855 has been successfully formatted.
2019-10-17 07:02:21,633 [pool-59-thread-1] INFO  ratis.ContainerStateMachine (ContainerStateMachine.java:loadSnapshot(233)) - group-2A28DAA9A855: The snapshot info is null. Setting the last applied indexto:(t:0, i:~)
2019-10-17 07:02:21,633 [03dd9899-51e5-4f83-b08a-708074177aaf@group-2D9EFA0E95E3-LeaderElection16] INFO  impl.RaftServerImpl (ServerState.java:setRaftConf(357)) - 03dd9899-51e5-4f83-b08a-708074177aaf@group-2D9EFA0E95E3: set configuration 0: [03dd9899-51e5-4f83-b08a-708074177aaf:192.168.34.62:36351], old=null at 0
2019-10-17 07:02:21,634 [pool-59-thread-1] INFO  server.RaftServerConfigKeys (ConfUtils.java:logGet(43)) - raft.server.notification.no-leader.timeout = 1000s (custom)
2019-10-17 07:02:21,634 [pool-37-thread-1] INFO  ratis.ContainerStateMachine (ContainerStateMachine.java:loadSnapshot(233)) - group-2A28DAA9A855: The snapshot info is null. Setting the last applied indexto:(t:0, i:~)
2019-10-17 07:02:21,634 [pool-59-thread-1] INFO  server.RaftServerConfigKeys (ConfUtils.java:logGet(43)) - raft.server.log.use.memory = false (default)
2019-10-17 07:02:21,634 [pool-37-thread-1] INFO  server.RaftServerConfigKeys (ConfUtils.java:logGet(43)) - raft.server.notification.no-leader.timeout = 1000s (custom)
2019-10-17 07:02:21,634 [pool-59-thread-1] INFO  server.RaftServerConfigKeys (ConfUtils.java:logGet(43)) - raft.server.log.purge.gap = 1000000 (custom)
2019-10-17 07:02:21,634 [pool-37-thread-1] INFO  server.RaftServerConfigKeys (ConfUtils.java:logGet(43)) - raft.server.log.use.memory = false (default)
2019-10-17 07:02:21,634 [pool-27-thread-1] INFO  ratis.ContainerStateMachine (ContainerStateMachine.java:loadSnapshot(233)) - group-2A28DAA9A855: The snapshot info is null. Setting the last applied indexto:(t:0, i:~)
2019-10-17 07:02:21,634 [pool-59-thread-1] INFO  server.RaftServerConfigKeys (ConfUtils.java:logGet(43)) - raft.server.log.appender.buffer.byte-limit = 33554432 (custom)
2019-10-17 07:02:21,635 [pool-27-thread-1] INFO  server.RaftServerConfigKeys (ConfUtils.java:logGet(43)) - raft.server.notification.no-leader.timeout = 1000s (custom)
2019-10-17 07:02:21,635 [pool-37-thread-1] INFO  server.RaftServerConfigKeys (ConfUtils.java:logGet(43)) - raft.server.log.purge.gap = 1000000 (custom)
2019-10-17 07:02:21,635 [pool-27-thread-1] INFO  server.RaftServerConfigKeys (ConfUtils.java:logGet(43)) - raft.server.log.use.memory = false (default)
2019-10-17 07:02:21,635 [pool-59-thread-1] INFO  server.RaftServerConfigKeys (ConfUtils.java:logGet(43)) - raft.server.log.segment.size.max = 1048576 (custom)
2019-10-17 07:02:21,635 [pool-27-thread-1] INFO  server.RaftServerConfigKeys (ConfUtils.java:logGet(43)) - raft.server.log.purge.gap = 1000000 (custom)
2019-10-17 07:02:21,635 [pool-37-thread-1] INFO  server.RaftServerConfigKeys (ConfUtils.java:logGet(43)) - raft.server.log.appender.buffer.byte-limit = 33554432 (custom)
2019-10-17 07:02:21,635 [03dd9899-51e5-4f83-b08a-708074177aaf@group-C349846DEF79-LeaderElection17] INFO  impl.LeaderElection (LeaderElection.java:askForVotes(178)) - 03dd9899-51e5-4f83-b08a-708074177aaf@group-C349846DEF79-LeaderElection17: begin an election at term 15 for 0: [328eda30-7a38-4124-8420-4db3824d3ef4:192.168.34.62:34889, 03dd9899-51e5-4f83-b08a-708074177aaf:192.168.34.62:36351, cae7164a-c8b0-4e78-9c02-4190bab4d7cb:192.168.34.62:46027], old=null
2019-10-17 07:02:21,635 [pool-37-thread-1] INFO  server.RaftServerConfigKeys (ConfUtils.java:logGet(43)) - raft.server.log.segment.size.max = 1048576 (custom)
2019-10-17 07:02:21,635 [pool-27-thread-1] INFO  server.RaftServerConfigKeys (ConfUtils.java:logGet(43)) - raft.server.log.appender.buffer.byte-limit = 33554432 (custom)
2019-10-17 07:02:21,635 [pool-59-thread-1] INFO  server.RaftServerConfigKeys (ConfUtils.java:logGet(43)) - raft.server.log.segment.cache.num.max = 2 (custom)
2019-10-17 07:02:21,636 [pool-27-thread-1] INFO  server.RaftServerConfigKeys (ConfUtils.java:logGet(43)) - raft.server.log.segment.size.max = 1048576 (custom)
2019-10-17 07:02:21,636 [pool-37-thread-1] INFO  server.RaftServerConfigKeys (ConfUtils.java:logGet(43)) - raft.server.log.segment.cache.num.max = 2 (custom)
2019-10-17 07:02:21,636 [pool-27-thread-1] INFO  server.RaftServerConfigKeys (ConfUtils.java:logGet(43)) - raft.server.log.segment.cache.num.max = 2 (custom)
2019-10-17 07:02:21,636 [pool-59-thread-1] INFO  segmented.SegmentedRaftLogWorker (SegmentedRaftLogWorker.java:<init>(173)) - new 03dd9899-51e5-4f83-b08a-708074177aaf@group-2A28DAA9A855-SegmentedRaftLogWorker for RaftStorage:Storage Directory /workdir/hadoop-ozone/integration-test/target/test-dir/MiniOzoneClusterImpl-b17df855-cd66-47f7-bb21-75637d0c5abd/datanode-2/data/ratis/e68ce45e-7bf0-43ac-893d-2a28daa9a855
2019-10-17 07:02:21,636 [pool-27-thread-1] INFO  segmented.SegmentedRaftLogWorker (SegmentedRaftLogWorker.java:<init>(173)) - new cae7164a-c8b0-4e78-9c02-4190bab4d7cb@group-2A28DAA9A855-SegmentedRaftLogWorker for RaftStorage:Storage Directory /workdir/hadoop-ozone/integration-test/target/test-dir/MiniOzoneClusterImpl-b17df855-cd66-47f7-bb21-75637d0c5abd/datanode-0/data/ratis/e68ce45e-7bf0-43ac-893d-2a28daa9a855
2019-10-17 07:02:21,636 [pool-37-thread-1] INFO  segmented.SegmentedRaftLogWorker (SegmentedRaftLogWorker.java:<init>(173)) - new 328eda30-7a38-4124-8420-4db3824d3ef4@group-2A28DAA9A855-SegmentedRaftLogWorker for RaftStorage:Storage Directory /workdir/hadoop-ozone/integration-test/target/test-dir/MiniOzoneClusterImpl-b17df855-cd66-47f7-bb21-75637d0c5abd/datanode-1/data/ratis/e68ce45e-7bf0-43ac-893d-2a28daa9a855
2019-10-17 07:02:21,637 [pool-27-thread-1] INFO  server.RaftServerConfigKeys (ConfUtils.java:logGet(43)) - raft.server.log.queue.byte-limit = 2147483647 (custom)
2019-10-17 07:02:21,636 [pool-59-thread-1] INFO  server.RaftServerConfigKeys (ConfUtils.java:logGet(43)) - raft.server.log.queue.byte-limit = 2147483647 (custom)
2019-10-17 07:02:21,637 [pool-27-thread-1] INFO  server.RaftServerConfigKeys (ConfUtils.java:logGet(43)) - raft.server.log.queue.element-limit = 1024 (custom)
2019-10-17 07:02:21,637 [pool-37-thread-1] INFO  server.RaftServerConfigKeys (ConfUtils.java:logGet(43)) - raft.server.log.queue.byte-limit = 2147483647 (custom)
2019-10-17 07:02:21,637 [pool-27-thread-1] INFO  server.RaftServerConfigKeys (ConfUtils.java:logGet(43)) - raft.server.log.segment.size.max = 1048576 (custom)
2019-10-17 07:02:21,637 [pool-59-thread-1] INFO  server.RaftServerConfigKeys (ConfUtils.java:logGet(43)) - raft.server.log.queue.element-limit = 1024 (custom)
2019-10-17 07:02:21,637 [pool-27-thread-1] INFO  server.RaftServerConfigKeys (ConfUtils.java:logGet(43)) - raft.server.log.preallocated.size = 16384 (custom)
2019-10-17 07:02:21,637 [pool-37-thread-1] INFO  server.RaftServerConfigKeys (ConfUtils.java:logGet(43)) - raft.server.log.queue.element-limit = 1024 (custom)
2019-10-17 07:02:21,638 [grpc-default-executor-3] INFO  impl.RaftServerImpl (RaftServerImpl.java:setRole(184)) - 328eda30-7a38-4124-8420-4db3824d3ef4@group-C349846DEF79: changes role from  FOLLOWER to FOLLOWER at term 15 for recognizeCandidate:03dd9899-51e5-4f83-b08a-708074177aaf
2019-10-17 07:02:21,638 [grpc-default-executor-0] INFO  impl.RaftServerImpl (RaftServerImpl.java:setRole(184)) - cae7164a-c8b0-4e78-9c02-4190bab4d7cb@group-C349846DEF79: changes role from  FOLLOWER to FOLLOWER at term 15 for recognizeCandidate:03dd9899-51e5-4f83-b08a-708074177aaf
2019-10-17 07:02:21,638 [pool-27-thread-1] INFO  server.RaftServerConfigKeys (ConfUtils.java:logGet(43)) - raft.server.log.write.buffer.size = 33554432 (custom)
2019-10-17 07:02:21,637 [pool-59-thread-1] INFO  server.RaftServerConfigKeys (ConfUtils.java:logGet(43)) - raft.server.log.segment.size.max = 1048576 (custom)
2019-10-17 07:02:21,638 [pool-27-thread-1] INFO  server.RaftServerConfigKeys (ConfUtils.java:logGet(43)) - raft.server.log.force.sync.num = 128 (default)
2019-10-17 07:02:21,638 [grpc-default-executor-0] INFO  impl.RoleInfo (RoleInfo.java:shutdownFollowerState(121)) - cae7164a-c8b0-4e78-9c02-4190bab4d7cb: shutdown FollowerState
2019-10-17 07:02:21,638 [grpc-default-executor-3] INFO  impl.RoleInfo (RoleInfo.java:shutdownFollowerState(121)) - 328eda30-7a38-4124-8420-4db3824d3ef4: shutdown FollowerState
2019-10-17 07:02:21,638 [pool-37-thread-1] INFO  server.RaftServerConfigKeys (ConfUtils.java:logGet(43)) - raft.server.log.segment.size.max = 1048576 (custom)
2019-10-17 07:02:21,639 [grpc-default-executor-3] INFO  impl.RoleInfo (RoleInfo.java:updateAndGet(143)) - 328eda30-7a38-4124-8420-4db3824d3ef4: start FollowerState
2019-10-17 07:02:21,639 [Thread-632] INFO  impl.FollowerState (FollowerState.java:run(117)) - 328eda30-7a38-4124-8420-4db3824d3ef4@group-C349846DEF79-FollowerState was interrupted: java.lang.InterruptedException: sleep interrupted
2019-10-17 07:02:21,639 [Thread-633] INFO  impl.FollowerState (FollowerState.java:run(117)) - cae7164a-c8b0-4e78-9c02-4190bab4d7cb@group-C349846DEF79-FollowerState was interrupted: java.lang.InterruptedException: sleep interrupted
2019-10-17 07:02:21,638 [grpc-default-executor-0] INFO  impl.RoleInfo (RoleInfo.java:updateAndGet(143)) - cae7164a-c8b0-4e78-9c02-4190bab4d7cb: start FollowerState
2019-10-17 07:02:21,638 [pool-27-thread-1] INFO  server.RaftServerConfigKeys (ConfUtils.java:logGet(43)) - raft.server.log.statemachine.data.sync = true (default)
2019-10-17 07:02:21,638 [pool-59-thread-1] INFO  server.RaftServerConfigKeys (ConfUtils.java:logGet(43)) - raft.server.log.preallocated.size = 16384 (custom)
2019-10-17 07:02:21,639 [pool-27-thread-1] INFO  server.RaftServerConfigKeys (ConfUtils.java:logGet(43)) - raft.server.log.statemachine.data.sync.timeout = 10s (default)
2019-10-17 07:02:21,639 [pool-37-thread-1] INFO  server.RaftServerConfigKeys (ConfUtils.java:logGet(43)) - raft.server.log.preallocated.size = 16384 (custom)
2019-10-17 07:02:21,640 [pool-27-thread-1] INFO  server.RaftServerConfigKeys (ConfUtils.java:logGet(43)) - raft.server.log.statemachine.data.sync.timeout.retry = -1 (default)
2019-10-17 07:02:21,639 [pool-59-thread-1] INFO  server.RaftServerConfigKeys (ConfUtils.java:logGet(43)) - raft.server.log.write.buffer.size = 33554432 (custom)
2019-10-17 07:02:21,640 [pool-27-thread-1] INFO  server.RaftServerConfigKeys (ConfUtils.java:logGet(43)) - raft.server.log.statemachine.data.caching.enabled = true (custom)
2019-10-17 07:02:21,640 [pool-37-thread-1] INFO  server.RaftServerConfigKeys (ConfUtils.java:logGet(43)) - raft.server.log.write.buffer.size = 33554432 (custom)
2019-10-17 07:02:21,640 [pool-27-thread-1] INFO  segmented.SegmentedRaftLogWorker (SegmentedRaftLogWorker.java:lambda$new$0(128)) - cae7164a-c8b0-4e78-9c02-4190bab4d7cb@group-2A28DAA9A855-SegmentedRaftLogWorker: flushIndex: setUnconditionally 0 -> -1
2019-10-17 07:02:21,640 [pool-59-thread-1] INFO  server.RaftServerConfigKeys (ConfUtils.java:logGet(43)) - raft.server.log.force.sync.num = 128 (default)
2019-10-17 07:02:21,640 [pool-27-thread-1] INFO  server.RaftServerConfigKeys (ConfUtils.java:logGet(43)) - raft.server.snapshot.auto.trigger.enabled = true (custom)
2019-10-17 07:02:21,640 [pool-37-thread-1] INFO  server.RaftServerConfigKeys (ConfUtils.java:logGet(43)) - raft.server.log.force.sync.num = 128 (default)
2019-10-17 07:02:21,641 [pool-27-thread-1] INFO  server.RaftServerConfigKeys (ConfUtils.java:logGet(43)) - raft.server.snapshot.auto.trigger.threshold = 10000 (custom)
2019-10-17 07:02:21,640 [pool-59-thread-1] INFO  server.RaftServerConfigKeys (ConfUtils.java:logGet(43)) - raft.server.log.statemachine.data.sync = true (default)
2019-10-17 07:02:21,641 [pool-27-thread-1] INFO  server.RaftServerConfigKeys (ConfUtils.java:logGet(43)) - raft.server.snapshot.retention.file.num = 5 (custom)
2019-10-17 07:02:21,641 [pool-37-thread-1] INFO  server.RaftServerConfigKeys (ConfUtils.java:logGet(43)) - raft.server.log.statemachine.data.sync = true (default)
2019-10-17 07:02:21,641 [pool-27-thread-1] INFO  server.RaftServerConfigKeys (ConfUtils.java:logGet(43)) - raft.server.retrycache.expirytime = 600000ms (custom)
2019-10-17 07:02:21,641 [pool-59-thread-1] INFO  server.RaftServerConfigKeys (ConfUtils.java:logGet(43)) - raft.server.log.statemachine.data.sync.timeout = 10s (default)
2019-10-17 07:02:21,641 [pool-37-thread-1] INFO  server.RaftServerConfigKeys (ConfUtils.java:logGet(43)) - raft.server.log.statemachine.data.sync.timeout = 10s (default)
2019-10-17 07:02:21,641 [pool-59-thread-1] INFO  server.RaftServerConfigKeys (ConfUtils.java:logGet(43)) - raft.server.log.statemachine.data.sync.timeout.retry = -1 (default)
2019-10-17 07:02:21,642 [pool-37-thread-1] INFO  server.RaftServerConfigKeys (ConfUtils.java:logGet(43)) - raft.server.log.statemachine.data.sync.timeout.retry = -1 (default)
2019-10-17 07:02:21,642 [pool-59-thread-1] INFO  server.RaftServerConfigKeys (ConfUtils.java:logGet(43)) - raft.server.log.statemachine.data.caching.enabled = true (custom)
2019-10-17 07:02:21,642 [pool-37-thread-1] INFO  server.RaftServerConfigKeys (ConfUtils.java:logGet(43)) - raft.server.log.statemachine.data.caching.enabled = true (custom)
2019-10-17 07:02:21,642 [pool-59-thread-1] INFO  segmented.SegmentedRaftLogWorker (SegmentedRaftLogWorker.java:lambda$new$0(128)) - 03dd9899-51e5-4f83-b08a-708074177aaf@group-2A28DAA9A855-SegmentedRaftLogWorker: flushIndex: setUnconditionally 0 -> -1
2019-10-17 07:02:21,642 [pool-37-thread-1] INFO  segmented.SegmentedRaftLogWorker (SegmentedRaftLogWorker.java:lambda$new$0(128)) - 328eda30-7a38-4124-8420-4db3824d3ef4@group-2A28DAA9A855-SegmentedRaftLogWorker: flushIndex: setUnconditionally 0 -> -1
2019-10-17 07:02:21,642 [pool-59-thread-1] INFO  server.RaftServerConfigKeys (ConfUtils.java:logGet(43)) - raft.server.snapshot.auto.trigger.enabled = true (custom)
2019-10-17 07:02:21,643 [pool-59-thread-1] INFO  server.RaftServerConfigKeys (ConfUtils.java:logGet(43)) - raft.server.snapshot.auto.trigger.threshold = 10000 (custom)
2019-10-17 07:02:21,643 [pool-37-thread-1] INFO  server.RaftServerConfigKeys (ConfUtils.java:logGet(43)) - raft.server.snapshot.auto.trigger.enabled = true (custom)
2019-10-17 07:02:21,643 [pool-59-thread-1] INFO  server.RaftServerConfigKeys (ConfUtils.java:logGet(43)) - raft.server.snapshot.retention.file.num = 5 (custom)
2019-10-17 07:02:21,643 [pool-37-thread-1] INFO  server.RaftServerConfigKeys (ConfUtils.java:logGet(43)) - raft.server.snapshot.auto.trigger.threshold = 10000 (custom)
2019-10-17 07:02:21,643 [pool-59-thread-1] INFO  server.RaftServerConfigKeys (ConfUtils.java:logGet(43)) - raft.server.retrycache.expirytime = 600000ms (custom)
2019-10-17 07:02:21,643 [pool-37-thread-1] INFO  server.RaftServerConfigKeys (ConfUtils.java:logGet(43)) - raft.server.snapshot.retention.file.num = 5 (custom)
2019-10-17 07:02:21,643 [pool-27-thread-1] INFO  impl.RaftServerImpl (RaftServerImpl.java:start(195)) - cae7164a-c8b0-4e78-9c02-4190bab4d7cb@group-2A28DAA9A855: start as a follower, conf=-1: [328eda30-7a38-4124-8420-4db3824d3ef4:192.168.34.62:34889, 03dd9899-51e5-4f83-b08a-708074177aaf:192.168.34.62:36351, cae7164a-c8b0-4e78-9c02-4190bab4d7cb:192.168.34.62:46027], old=null
2019-10-17 07:02:21,643 [pool-37-thread-1] INFO  server.RaftServerConfigKeys (ConfUtils.java:logGet(43)) - raft.server.retrycache.expirytime = 600000ms (custom)
2019-10-17 07:02:21,643 [pool-27-thread-1] INFO  impl.RaftServerImpl (RaftServerImpl.java:setRole(184)) - cae7164a-c8b0-4e78-9c02-4190bab4d7cb@group-2A28DAA9A855: changes role from      null to FOLLOWER at term 0 for startAsFollower
2019-10-17 07:02:21,644 [pool-27-thread-1] INFO  impl.RoleInfo (RoleInfo.java:updateAndGet(143)) - cae7164a-c8b0-4e78-9c02-4190bab4d7cb: start FollowerState
2019-10-17 07:02:21,644 [pool-27-thread-1] INFO  util.JmxRegister (JmxRegister.java:tryRegister(44)) - Successfully registered JMX Bean with object name Ratis:service=RaftServer,group=group-2A28DAA9A855,id=cae7164a-c8b0-4e78-9c02-4190bab4d7cb
2019-10-17 07:02:21,647 [pool-59-thread-1] INFO  impl.RaftServerImpl (RaftServerImpl.java:start(195)) - 03dd9899-51e5-4f83-b08a-708074177aaf@group-2A28DAA9A855: start as a follower, conf=-1: [328eda30-7a38-4124-8420-4db3824d3ef4:192.168.34.62:34889, 03dd9899-51e5-4f83-b08a-708074177aaf:192.168.34.62:36351, cae7164a-c8b0-4e78-9c02-4190bab4d7cb:192.168.34.62:46027], old=null
2019-10-17 07:02:21,647 [pool-59-thread-1] INFO  impl.RaftServerImpl (RaftServerImpl.java:setRole(184)) - 03dd9899-51e5-4f83-b08a-708074177aaf@group-2A28DAA9A855: changes role from      null to FOLLOWER at term 0 for startAsFollower
2019-10-17 07:02:21,647 [pool-59-thread-1] INFO  impl.RoleInfo (RoleInfo.java:updateAndGet(143)) - 03dd9899-51e5-4f83-b08a-708074177aaf: start FollowerState
2019-10-17 07:02:21,647 [pool-59-thread-1] INFO  util.JmxRegister (JmxRegister.java:tryRegister(44)) - Successfully registered JMX Bean with object name Ratis:service=RaftServer,group=group-2A28DAA9A855,id=03dd9899-51e5-4f83-b08a-708074177aaf
2019-10-17 07:02:21,648 [pool-37-thread-1] INFO  impl.RaftServerImpl (RaftServerImpl.java:start(195)) - 328eda30-7a38-4124-8420-4db3824d3ef4@group-2A28DAA9A855: start as a follower, conf=-1: [328eda30-7a38-4124-8420-4db3824d3ef4:192.168.34.62:34889, 03dd9899-51e5-4f83-b08a-708074177aaf:192.168.34.62:36351, cae7164a-c8b0-4e78-9c02-4190bab4d7cb:192.168.34.62:46027], old=null
2019-10-17 07:02:21,648 [pool-37-thread-1] INFO  impl.RaftServerImpl (RaftServerImpl.java:setRole(184)) - 328eda30-7a38-4124-8420-4db3824d3ef4@group-2A28DAA9A855: changes role from      null to FOLLOWER at term 0 for startAsFollower
2019-10-17 07:02:21,648 [pool-37-thread-1] INFO  impl.RoleInfo (RoleInfo.java:updateAndGet(143)) - 328eda30-7a38-4124-8420-4db3824d3ef4: start FollowerState
2019-10-17 07:02:21,649 [pool-37-thread-1] INFO  util.JmxRegister (JmxRegister.java:tryRegister(44)) - Successfully registered JMX Bean with object name Ratis:service=RaftServer,group=group-2A28DAA9A855,id=328eda30-7a38-4124-8420-4db3824d3ef4
2019-10-17 07:02:21,668 [03dd9899-51e5-4f83-b08a-708074177aaf@group-C349846DEF79-LeaderElection17] INFO  impl.LeaderElection (LeaderElection.java:logAndReturn(56)) - 03dd9899-51e5-4f83-b08a-708074177aaf@group-C349846DEF79-LeaderElection17: Election REJECTED; received 2 response(s) [03dd9899-51e5-4f83-b08a-708074177aaf<-328eda30-7a38-4124-8420-4db3824d3ef4#0:FAIL-t15, 03dd9899-51e5-4f83-b08a-708074177aaf<-cae7164a-c8b0-4e78-9c02-4190bab4d7cb#0:FAIL-t15] and 0 exception(s); 03dd9899-51e5-4f83-b08a-708074177aaf@group-C349846DEF79:t15, leader=null, voted=03dd9899-51e5-4f83-b08a-708074177aaf, raftlog=03dd9899-51e5-4f83-b08a-708074177aaf@group-C349846DEF79-SegmentedRaftLog:OPENED:c3,f4,i4, conf=0: [328eda30-7a38-4124-8420-4db3824d3ef4:192.168.34.62:34889, 03dd9899-51e5-4f83-b08a-708074177aaf:192.168.34.62:36351, cae7164a-c8b0-4e78-9c02-4190bab4d7cb:192.168.34.62:46027], old=null
2019-10-17 07:02:21,669 [03dd9899-51e5-4f83-b08a-708074177aaf@group-C349846DEF79-LeaderElection17] INFO  impl.RaftServerImpl (RaftServerImpl.java:setRole(184)) - 03dd9899-51e5-4f83-b08a-708074177aaf@group-C349846DEF79: changes role from CANDIDATE to FOLLOWER at term 15 for DISCOVERED_A_NEW_TERM
2019-10-17 07:02:21,669 [03dd9899-51e5-4f83-b08a-708074177aaf@group-C349846DEF79-LeaderElection17] INFO  impl.RoleInfo (RoleInfo.java:shutdownLeaderElection(134)) - 03dd9899-51e5-4f83-b08a-708074177aaf: shutdown LeaderElection
2019-10-17 07:02:21,669 [03dd9899-51e5-4f83-b08a-708074177aaf@group-C349846DEF79-LeaderElection17] INFO  impl.RoleInfo (RoleInfo.java:updateAndGet(143)) - 03dd9899-51e5-4f83-b08a-708074177aaf: start FollowerState
2019-10-17 07:02:21,673 [RatisPipelineUtilsThread] INFO  pipeline.PipelineStateManager (PipelineStateManager.java:addPipeline(55)) - Created pipeline Pipeline[ Id: e68ce45e-7bf0-43ac-893d-2a28daa9a855, Nodes: 03dd9899-51e5-4f83-b08a-708074177aaf{ip: 192.168.34.62, host: pr-hdds-1868-lzclr-202649289, networkLocation: /default-rack, certSerialId: null}cae7164a-c8b0-4e78-9c02-4190bab4d7cb{ip: 192.168.34.62, host: pr-hdds-1868-lzclr-202649289, networkLocation: /default-rack, certSerialId: null}328eda30-7a38-4124-8420-4db3824d3ef4{ip: 192.168.34.62, host: pr-hdds-1868-lzclr-202649289, networkLocation: /default-rack, certSerialId: null}, Type:RATIS, Factor:THREE, State:ALLOCATED]
2019-10-17 07:02:21,677 [EventQueue-PipelineReportForPipelineReportHandler] INFO  pipeline.PipelineReportHandler (PipelineReportHandler.java:processPipelineReport(119)) - Pipeline PipelineID=04f1844d-15ef-4b47-a8e0-2d9efa0e95e3 reported by 03dd9899-51e5-4f83-b08a-708074177aaf{ip: 192.168.34.62, host: pr-hdds-1868-lzclr-202649289, networkLocation: /default-rack, certSerialId: null} with leaderId 03dd9899-51e5-4f83-b08a-708074177aaf
2019-10-17 07:02:21,678 [EventQueue-PipelineReportForPipelineReportHandler] INFO  pipeline.PipelineStateManager (PipelineStateManager.java:openPipeline(134)) - Pipeline Pipeline[ Id: 04f1844d-15ef-4b47-a8e0-2d9efa0e95e3, Nodes: 03dd9899-51e5-4f83-b08a-708074177aaf{ip: 192.168.34.62, host: pr-hdds-1868-lzclr-202649289, networkLocation: /default-rack, certSerialId: null}, Type:RATIS, Factor:ONE, State:OPEN] moved to OPEN state
2019-10-17 07:02:21,678 [EventQueue-PipelineReportForPipelineReportHandler] INFO  pipeline.PipelineReportHandler (PipelineReportHandler.java:processPipelineReport(119)) - Pipeline PipelineID=e68ce45e-7bf0-43ac-893d-2a28daa9a855 reported by 03dd9899-51e5-4f83-b08a-708074177aaf{ip: 192.168.34.62, host: pr-hdds-1868-lzclr-202649289, networkLocation: /default-rack, certSerialId: null} with leaderId 
2019-10-17 07:02:21,689 [03dd9899-51e5-4f83-b08a-708074177aaf@group-2D9EFA0E95E3-SegmentedRaftLogWorker] INFO  segmented.SegmentedRaftLogWorker (SegmentedRaftLogWorker.java:execute(576)) - 03dd9899-51e5-4f83-b08a-708074177aaf@group-2D9EFA0E95E3-SegmentedRaftLogWorker: created new log segment /workdir/hadoop-ozone/integration-test/target/test-dir/MiniOzoneClusterImpl-b17df855-cd66-47f7-bb21-75637d0c5abd/datanode-2/data/ratis/04f1844d-15ef-4b47-a8e0-2d9efa0e95e3/current/log_inprogress_0
2019-10-17 07:02:21,693 [Thread-651] INFO  impl.FollowerState (FollowerState.java:run(108)) - cae7164a-c8b0-4e78-9c02-4190bab4d7cb@group-2A28DAA9A855-FollowerState: change to CANDIDATE, lastRpcTime:49ms, electionTimeout:49ms
2019-10-17 07:02:21,693 [Thread-651] INFO  impl.RoleInfo (RoleInfo.java:shutdownFollowerState(121)) - cae7164a-c8b0-4e78-9c02-4190bab4d7cb: shutdown FollowerState
2019-10-17 07:02:21,693 [Thread-651] INFO  impl.RaftServerImpl (RaftServerImpl.java:setRole(184)) - cae7164a-c8b0-4e78-9c02-4190bab4d7cb@group-2A28DAA9A855: changes role from  FOLLOWER to CANDIDATE at term 0 for changeToCandidate
2019-10-17 07:02:21,693 [Thread-651] INFO  impl.RoleInfo (RoleInfo.java:updateAndGet(143)) - cae7164a-c8b0-4e78-9c02-4190bab4d7cb: start LeaderElection
2019-10-17 07:02:21,702 [cae7164a-c8b0-4e78-9c02-4190bab4d7cb@group-2A28DAA9A855-LeaderElection18] INFO  impl.LeaderElection (LeaderElection.java:askForVotes(178)) - cae7164a-c8b0-4e78-9c02-4190bab4d7cb@group-2A28DAA9A855-LeaderElection18: begin an election at term 1 for -1: [328eda30-7a38-4124-8420-4db3824d3ef4:192.168.34.62:34889, 03dd9899-51e5-4f83-b08a-708074177aaf:192.168.34.62:36351, cae7164a-c8b0-4e78-9c02-4190bab4d7cb:192.168.34.62:46027], old=null
2019-10-17 07:02:21,710 [grpc-default-executor-0] INFO  impl.RaftServerImpl (RaftServerImpl.java:setRole(184)) - 03dd9899-51e5-4f83-b08a-708074177aaf@group-2A28DAA9A855: changes role from  FOLLOWER to FOLLOWER at term 1 for recognizeCandidate:cae7164a-c8b0-4e78-9c02-4190bab4d7cb
2019-10-17 07:02:21,710 [grpc-default-executor-0] INFO  impl.RoleInfo (RoleInfo.java:shutdownFollowerState(121)) - 03dd9899-51e5-4f83-b08a-708074177aaf: shutdown FollowerState
2019-10-17 07:02:21,710 [grpc-default-executor-3] INFO  impl.RaftServerImpl (RaftServerImpl.java:setRole(184)) - 328eda30-7a38-4124-8420-4db3824d3ef4@group-2A28DAA9A855: changes role from  FOLLOWER to FOLLOWER at term 1 for recognizeCandidate:cae7164a-c8b0-4e78-9c02-4190bab4d7cb
2019-10-17 07:02:21,710 [Thread-652] INFO  impl.FollowerState (FollowerState.java:run(117)) - 03dd9899-51e5-4f83-b08a-708074177aaf@group-2A28DAA9A855-FollowerState was interrupted: java.lang.InterruptedException: sleep interrupted
2019-10-17 07:02:21,710 [grpc-default-executor-0] INFO  impl.RoleInfo (RoleInfo.java:updateAndGet(143)) - 03dd9899-51e5-4f83-b08a-708074177aaf: start FollowerState
2019-10-17 07:02:21,711 [grpc-default-executor-3] INFO  impl.RoleInfo (RoleInfo.java:shutdownFollowerState(121)) - 328eda30-7a38-4124-8420-4db3824d3ef4: shutdown FollowerState
2019-10-17 07:02:21,711 [grpc-default-executor-3] INFO  impl.RoleInfo (RoleInfo.java:updateAndGet(143)) - 328eda30-7a38-4124-8420-4db3824d3ef4: start FollowerState
2019-10-17 07:02:21,711 [Thread-654] INFO  impl.FollowerState (FollowerState.java:run(117)) - 328eda30-7a38-4124-8420-4db3824d3ef4@group-2A28DAA9A855-FollowerState was interrupted: java.lang.InterruptedException: sleep interrupted
2019-10-17 07:02:21,722 [cae7164a-c8b0-4e78-9c02-4190bab4d7cb@group-2A28DAA9A855-LeaderElection18] INFO  impl.LeaderElection (LeaderElection.java:logAndReturn(56)) - cae7164a-c8b0-4e78-9c02-4190bab4d7cb@group-2A28DAA9A855-LeaderElection18: Election PASSED; received 1 response(s) [cae7164a-c8b0-4e78-9c02-4190bab4d7cb<-328eda30-7a38-4124-8420-4db3824d3ef4#0:OK-t1] and 0 exception(s); cae7164a-c8b0-4e78-9c02-4190bab4d7cb@group-2A28DAA9A855:t1, leader=null, voted=cae7164a-c8b0-4e78-9c02-4190bab4d7cb, raftlog=cae7164a-c8b0-4e78-9c02-4190bab4d7cb@group-2A28DAA9A855-SegmentedRaftLog:OPENED:c-1,f-1,i0, conf=-1: [328eda30-7a38-4124-8420-4db3824d3ef4:192.168.34.62:34889, 03dd9899-51e5-4f83-b08a-708074177aaf:192.168.34.62:36351, cae7164a-c8b0-4e78-9c02-4190bab4d7cb:192.168.34.62:46027], old=null
2019-10-17 07:02:21,722 [cae7164a-c8b0-4e78-9c02-4190bab4d7cb@group-2A28DAA9A855-LeaderElection18] INFO  impl.RoleInfo (RoleInfo.java:shutdownLeaderElection(134)) - cae7164a-c8b0-4e78-9c02-4190bab4d7cb: shutdown LeaderElection
2019-10-17 07:02:21,722 [cae7164a-c8b0-4e78-9c02-4190bab4d7cb@group-2A28DAA9A855-LeaderElection18] INFO  impl.RaftServerImpl (RaftServerImpl.java:setRole(184)) - cae7164a-c8b0-4e78-9c02-4190bab4d7cb@group-2A28DAA9A855: changes role from CANDIDATE to LEADER at term 1 for changeToLeader
2019-10-17 07:02:21,722 [cae7164a-c8b0-4e78-9c02-4190bab4d7cb@group-2A28DAA9A855-LeaderElection18] INFO  ratis.XceiverServerRatis (XceiverServerRatis.java:handleLeaderChangedNotification(699)) - Leader change notification received for group: group-2A28DAA9A855 with new leaderId: cae7164a-c8b0-4e78-9c02-4190bab4d7cb
2019-10-17 07:02:21,722 [cae7164a-c8b0-4e78-9c02-4190bab4d7cb@group-2A28DAA9A855-LeaderElection18] INFO  impl.RaftServerImpl (ServerState.java:setLeader(256)) - cae7164a-c8b0-4e78-9c02-4190bab4d7cb@group-2A28DAA9A855: change Leader from null to cae7164a-c8b0-4e78-9c02-4190bab4d7cb at term 1 for becomeLeader, leader elected after 87ms
2019-10-17 07:02:21,722 [cae7164a-c8b0-4e78-9c02-4190bab4d7cb@group-2A28DAA9A855-LeaderElection18] INFO  server.RaftServerConfigKeys (ConfUtils.java:logGet(43)) - raft.server.staging.catchup.gap = 1000 (default)
2019-10-17 07:02:21,722 [cae7164a-c8b0-4e78-9c02-4190bab4d7cb@group-2A28DAA9A855-LeaderElection18] INFO  server.RaftServerConfigKeys (ConfUtils.java:logGet(43)) - raft.server.rpc.sleep.time = 25ms (default)
2019-10-17 07:02:21,722 [cae7164a-c8b0-4e78-9c02-4190bab4d7cb@group-2A28DAA9A855-LeaderElection18] INFO  server.RaftServerConfigKeys (ConfUtils.java:logGet(43)) - raft.server.write.element-limit = 4096 (default)
2019-10-17 07:02:21,723 [cae7164a-c8b0-4e78-9c02-4190bab4d7cb@group-2A28DAA9A855-LeaderElection18] INFO  server.RaftServerConfigKeys (ConfUtils.java:logGet(43)) - raft.server.watch.timeout = 10s (default)
2019-10-17 07:02:21,723 [EventQueue-PipelineReportForPipelineReportHandler] INFO  pipeline.PipelineReportHandler (PipelineReportHandler.java:processPipelineReport(119)) - Pipeline PipelineID=e68ce45e-7bf0-43ac-893d-2a28daa9a855 reported by cae7164a-c8b0-4e78-9c02-4190bab4d7cb{ip: 192.168.34.62, host: pr-hdds-1868-lzclr-202649289, networkLocation: /default-rack, certSerialId: null} with leaderId cae7164a-c8b0-4e78-9c02-4190bab4d7cb
2019-10-17 07:02:21,723 [cae7164a-c8b0-4e78-9c02-4190bab4d7cb@group-2A28DAA9A855-LeaderElection18] INFO  server.RaftServerConfigKeys (ConfUtils.java:logGet(43)) - raft.server.watch.timeout.denomination = 1s (default)
2019-10-17 07:02:21,724 [cae7164a-c8b0-4e78-9c02-4190bab4d7cb@group-2A28DAA9A855-LeaderElection18] INFO  server.RaftServerConfigKeys (ConfUtils.java:logGet(43)) - raft.server.watch.element-limit = 65536 (default)
2019-10-17 07:02:21,726 [cae7164a-c8b0-4e78-9c02-4190bab4d7cb@group-2A28DAA9A855-LeaderElection18] INFO  server.RaftServerConfigKeys (ConfUtils.java:logGet(43)) - raft.server.log.appender.snapshot.chunk.size.max = 16MB (=16777216) (default)
2019-10-17 07:02:21,726 [cae7164a-c8b0-4e78-9c02-4190bab4d7cb@group-2A28DAA9A855-LeaderElection18] INFO  server.RaftServerConfigKeys (ConfUtils.java:logGet(43)) - raft.server.log.appender.buffer.byte-limit = 33554432 (custom)
2019-10-17 07:02:21,726 [cae7164a-c8b0-4e78-9c02-4190bab4d7cb@group-2A28DAA9A855-LeaderElection18] INFO  server.RaftServerConfigKeys (ConfUtils.java:logGet(43)) - raft.server.log.appender.buffer.element-limit = 1 (custom)
2019-10-17 07:02:21,726 [cae7164a-c8b0-4e78-9c02-4190bab4d7cb@group-2A28DAA9A855-LeaderElection18] INFO  grpc.GrpcConfigKeys$Server (ConfUtils.java:logGet(43)) - raft.grpc.server.leader.outstanding.appends.max = 128 (default)
2019-10-17 07:02:21,726 [cae7164a-c8b0-4e78-9c02-4190bab4d7cb@group-2A28DAA9A855-LeaderElection18] INFO  server.RaftServerConfigKeys (ConfUtils.java:logGet(43)) - raft.server.rpc.request.timeout = 3000ms (default)
2019-10-17 07:02:21,726 [cae7164a-c8b0-4e78-9c02-4190bab4d7cb@group-2A28DAA9A855-LeaderElection18] INFO  server.RaftServerConfigKeys (ConfUtils.java:logGet(43)) - raft.server.log.appender.install.snapshot.enabled = false (custom)
2019-10-17 07:02:21,728 [cae7164a-c8b0-4e78-9c02-4190bab4d7cb@group-2A28DAA9A855-LeaderElection18] INFO  server.RaftServerConfigKeys (ConfUtils.java:logGet(43)) - raft.server.log.appender.snapshot.chunk.size.max = 16MB (=16777216) (default)
2019-10-17 07:02:21,728 [cae7164a-c8b0-4e78-9c02-4190bab4d7cb@group-2A28DAA9A855-LeaderElection18] INFO  server.RaftServerConfigKeys (ConfUtils.java:logGet(43)) - raft.server.log.appender.buffer.byte-limit = 33554432 (custom)
2019-10-17 07:02:21,728 [cae7164a-c8b0-4e78-9c02-4190bab4d7cb@group-2A28DAA9A855-LeaderElection18] INFO  server.RaftServerConfigKeys (ConfUtils.java:logGet(43)) - raft.server.log.appender.buffer.element-limit = 1 (custom)
2019-10-17 07:02:21,728 [cae7164a-c8b0-4e78-9c02-4190bab4d7cb@group-2A28DAA9A855-LeaderElection18] INFO  grpc.GrpcConfigKeys$Server (ConfUtils.java:logGet(43)) - raft.grpc.server.leader.outstanding.appends.max = 128 (default)
2019-10-17 07:02:21,728 [cae7164a-c8b0-4e78-9c02-4190bab4d7cb@group-2A28DAA9A855-LeaderElection18] INFO  server.RaftServerConfigKeys (ConfUtils.java:logGet(43)) - raft.server.rpc.request.timeout = 3000ms (default)
2019-10-17 07:02:21,728 [cae7164a-c8b0-4e78-9c02-4190bab4d7cb@group-2A28DAA9A855-LeaderElection18] INFO  server.RaftServerConfigKeys (ConfUtils.java:logGet(43)) - raft.server.log.appender.install.snapshot.enabled = false (custom)
2019-10-17 07:02:21,730 [cae7164a-c8b0-4e78-9c02-4190bab4d7cb@group-2A28DAA9A855-LeaderElection18] INFO  impl.RoleInfo (RoleInfo.java:updateAndGet(143)) - cae7164a-c8b0-4e78-9c02-4190bab4d7cb: start LeaderState
2019-10-17 07:02:21,731 [cae7164a-c8b0-4e78-9c02-4190bab4d7cb@group-2A28DAA9A855-LeaderElection18] INFO  segmented.SegmentedRaftLogWorker (SegmentedRaftLogWorker.java:startLogSegment(385)) - cae7164a-c8b0-4e78-9c02-4190bab4d7cb@group-2A28DAA9A855-SegmentedRaftLogWorker: Starting segment from index:0
2019-10-17 07:02:21,731 [cae7164a-c8b0-4e78-9c02-4190bab4d7cb@group-2A28DAA9A855-LeaderElection18] INFO  impl.RaftServerImpl (ServerState.java:setRaftConf(357)) - cae7164a-c8b0-4e78-9c02-4190bab4d7cb@group-2A28DAA9A855: set configuration 0: [328eda30-7a38-4124-8420-4db3824d3ef4:192.168.34.62:34889, 03dd9899-51e5-4f83-b08a-708074177aaf:192.168.34.62:36351, cae7164a-c8b0-4e78-9c02-4190bab4d7cb:192.168.34.62:46027], old=null at 0
2019-10-17 07:02:21,733 [grpc-default-executor-0] INFO  ratis.XceiverServerRatis (XceiverServerRatis.java:handleLeaderChangedNotification(699)) - Leader change notification received for group: group-2A28DAA9A855 with new leaderId: cae7164a-c8b0-4e78-9c02-4190bab4d7cb
2019-10-17 07:02:21,733 [grpc-default-executor-3] INFO  ratis.XceiverServerRatis (XceiverServerRatis.java:handleLeaderChangedNotification(699)) - Leader change notification received for group: group-2A28DAA9A855 with new leaderId: cae7164a-c8b0-4e78-9c02-4190bab4d7cb
2019-10-17 07:02:21,733 [grpc-default-executor-0] INFO  impl.RaftServerImpl (ServerState.java:setLeader(256)) - 03dd9899-51e5-4f83-b08a-708074177aaf@group-2A28DAA9A855: change Leader from null to cae7164a-c8b0-4e78-9c02-4190bab4d7cb at term 1 for appendEntries, leader elected after 99ms
2019-10-17 07:02:21,733 [grpc-default-executor-3] INFO  impl.RaftServerImpl (ServerState.java:setLeader(256)) - 328eda30-7a38-4124-8420-4db3824d3ef4@group-2A28DAA9A855: change Leader from null to cae7164a-c8b0-4e78-9c02-4190bab4d7cb at term 1 for appendEntries, leader elected after 98ms
2019-10-17 07:02:21,734 [EventQueue-PipelineReportForPipelineReportHandler] INFO  pipeline.PipelineReportHandler (PipelineReportHandler.java:processPipelineReport(119)) - Pipeline PipelineID=e68ce45e-7bf0-43ac-893d-2a28daa9a855 reported by 03dd9899-51e5-4f83-b08a-708074177aaf{ip: 192.168.34.62, host: pr-hdds-1868-lzclr-202649289, networkLocation: /default-rack, certSerialId: null} with leaderId cae7164a-c8b0-4e78-9c02-4190bab4d7cb
2019-10-17 07:02:21,734 [EventQueue-PipelineReportForPipelineReportHandler] INFO  pipeline.PipelineReportHandler (PipelineReportHandler.java:processPipelineReport(119)) - Pipeline PipelineID=e68ce45e-7bf0-43ac-893d-2a28daa9a855 reported by 328eda30-7a38-4124-8420-4db3824d3ef4{ip: 192.168.34.62, host: pr-hdds-1868-lzclr-202649289, networkLocation: /default-rack, certSerialId: null} with leaderId cae7164a-c8b0-4e78-9c02-4190bab4d7cb
2019-10-17 07:02:21,756 [EventQueue-PipelineReportForPipelineReportHandler] INFO  pipeline.PipelineStateManager (PipelineStateManager.java:openPipeline(134)) - Pipeline Pipeline[ Id: e68ce45e-7bf0-43ac-893d-2a28daa9a855, Nodes: 03dd9899-51e5-4f83-b08a-708074177aaf{ip: 192.168.34.62, host: pr-hdds-1868-lzclr-202649289, networkLocation: /default-rack, certSerialId: null}cae7164a-c8b0-4e78-9c02-4190bab4d7cb{ip: 192.168.34.62, host: pr-hdds-1868-lzclr-202649289, networkLocation: /default-rack, certSerialId: null}328eda30-7a38-4124-8420-4db3824d3ef4{ip: 192.168.34.62, host: pr-hdds-1868-lzclr-202649289, networkLocation: /default-rack, certSerialId: null}, Type:RATIS, Factor:THREE, State:OPEN] moved to OPEN state
2019-10-17 07:02:21,757 [Thread-656] INFO  impl.FollowerState (FollowerState.java:run(108)) - 03dd9899-51e5-4f83-b08a-708074177aaf@group-C349846DEF79-FollowerState: change to CANDIDATE, lastRpcTime:88ms, electionTimeout:87ms
2019-10-17 07:02:21,757 [Thread-656] INFO  impl.RoleInfo (RoleInfo.java:shutdownFollowerState(121)) - 03dd9899-51e5-4f83-b08a-708074177aaf: shutdown FollowerState
2019-10-17 07:02:21,757 [Thread-656] INFO  impl.RaftServerImpl (RaftServerImpl.java:setRole(184)) - 03dd9899-51e5-4f83-b08a-708074177aaf@group-C349846DEF79: changes role from  FOLLOWER to CANDIDATE at term 15 for changeToCandidate
2019-10-17 07:02:21,757 [Thread-656] INFO  impl.RoleInfo (RoleInfo.java:updateAndGet(143)) - 03dd9899-51e5-4f83-b08a-708074177aaf: start LeaderElection
2019-10-17 07:02:21,759 [grpc-default-executor-3] INFO  impl.RaftServerImpl (ServerState.java:setRaftConf(357)) - 328eda30-7a38-4124-8420-4db3824d3ef4@group-2A28DAA9A855: set configuration 0: [328eda30-7a38-4124-8420-4db3824d3ef4:192.168.34.62:34889, 03dd9899-51e5-4f83-b08a-708074177aaf:192.168.34.62:36351, cae7164a-c8b0-4e78-9c02-4190bab4d7cb:192.168.34.62:46027], old=null at 0
2019-10-17 07:02:21,759 [grpc-default-executor-0] INFO  impl.RaftServerImpl (ServerState.java:setRaftConf(357)) - 03dd9899-51e5-4f83-b08a-708074177aaf@group-2A28DAA9A855: set configuration 0: [328eda30-7a38-4124-8420-4db3824d3ef4:192.168.34.62:34889, 03dd9899-51e5-4f83-b08a-708074177aaf:192.168.34.62:36351, cae7164a-c8b0-4e78-9c02-4190bab4d7cb:192.168.34.62:46027], old=null at 0
2019-10-17 07:02:21,760 [grpc-default-executor-3] INFO  segmented.SegmentedRaftLogWorker (SegmentedRaftLogWorker.java:startLogSegment(385)) - 328eda30-7a38-4124-8420-4db3824d3ef4@group-2A28DAA9A855-SegmentedRaftLogWorker: Starting segment from index:0
2019-10-17 07:02:21,761 [grpc-default-executor-0] INFO  segmented.SegmentedRaftLogWorker (SegmentedRaftLogWorker.java:startLogSegment(385)) - 03dd9899-51e5-4f83-b08a-708074177aaf@group-2A28DAA9A855-SegmentedRaftLogWorker: Starting segment from index:0
2019-10-17 07:02:21,769 [cae7164a-c8b0-4e78-9c02-4190bab4d7cb@group-2A28DAA9A855-SegmentedRaftLogWorker] INFO  segmented.SegmentedRaftLogWorker (SegmentedRaftLogWorker.java:execute(576)) - cae7164a-c8b0-4e78-9c02-4190bab4d7cb@group-2A28DAA9A855-SegmentedRaftLogWorker: created new log segment /workdir/hadoop-ozone/integration-test/target/test-dir/MiniOzoneClusterImpl-b17df855-cd66-47f7-bb21-75637d0c5abd/datanode-0/data/ratis/e68ce45e-7bf0-43ac-893d-2a28daa9a855/current/log_inprogress_0
2019-10-17 07:02:21,769 [03dd9899-51e5-4f83-b08a-708074177aaf@group-C349846DEF79-LeaderElection19] INFO  impl.LeaderElection (LeaderElection.java:askForVotes(178)) - 03dd9899-51e5-4f83-b08a-708074177aaf@group-C349846DEF79-LeaderElection19: begin an election at term 16 for 0: [328eda30-7a38-4124-8420-4db3824d3ef4:192.168.34.62:34889, 03dd9899-51e5-4f83-b08a-708074177aaf:192.168.34.62:36351, cae7164a-c8b0-4e78-9c02-4190bab4d7cb:192.168.34.62:46027], old=null
2019-10-17 07:02:21,772 [grpc-default-executor-3] INFO  impl.RaftServerImpl (RaftServerImpl.java:setRole(184)) - cae7164a-c8b0-4e78-9c02-4190bab4d7cb@group-C349846DEF79: changes role from  FOLLOWER to FOLLOWER at term 16 for recognizeCandidate:03dd9899-51e5-4f83-b08a-708074177aaf
2019-10-17 07:02:21,772 [grpc-default-executor-0] INFO  impl.RaftServerImpl (RaftServerImpl.java:setRole(184)) - 328eda30-7a38-4124-8420-4db3824d3ef4@group-C349846DEF79: changes role from  FOLLOWER to FOLLOWER at term 16 for recognizeCandidate:03dd9899-51e5-4f83-b08a-708074177aaf
2019-10-17 07:02:21,772 [grpc-default-executor-3] INFO  impl.RoleInfo (RoleInfo.java:shutdownFollowerState(121)) - cae7164a-c8b0-4e78-9c02-4190bab4d7cb: shutdown FollowerState
2019-10-17 07:02:21,772 [grpc-default-executor-0] INFO  impl.RoleInfo (RoleInfo.java:shutdownFollowerState(121)) - 328eda30-7a38-4124-8420-4db3824d3ef4: shutdown FollowerState
2019-10-17 07:02:21,772 [grpc-default-executor-3] INFO  impl.RoleInfo (RoleInfo.java:updateAndGet(143)) - cae7164a-c8b0-4e78-9c02-4190bab4d7cb: start FollowerState
2019-10-17 07:02:21,772 [Thread-646] INFO  impl.FollowerState (FollowerState.java:run(117)) - cae7164a-c8b0-4e78-9c02-4190bab4d7cb@group-C349846DEF79-FollowerState was interrupted: java.lang.InterruptedException: sleep interrupted
2019-10-17 07:02:21,772 [grpc-default-executor-0] INFO  impl.RoleInfo (RoleInfo.java:updateAndGet(143)) - 328eda30-7a38-4124-8420-4db3824d3ef4: start FollowerState
2019-10-17 07:02:21,772 [Thread-647] INFO  impl.FollowerState (FollowerState.java:run(117)) - 328eda30-7a38-4124-8420-4db3824d3ef4@group-C349846DEF79-FollowerState was interrupted: java.lang.InterruptedException: sleep interrupted
2019-10-17 07:02:21,787 [03dd9899-51e5-4f83-b08a-708074177aaf@group-C349846DEF79-LeaderElection19] INFO  impl.LeaderElection (LeaderElection.java:logAndReturn(56)) - 03dd9899-51e5-4f83-b08a-708074177aaf@group-C349846DEF79-LeaderElection19: Election REJECTED; received 2 response(s) [03dd9899-51e5-4f83-b08a-708074177aaf<-328eda30-7a38-4124-8420-4db3824d3ef4#0:FAIL-t16, 03dd9899-51e5-4f83-b08a-708074177aaf<-cae7164a-c8b0-4e78-9c02-4190bab4d7cb#0:FAIL-t16] and 0 exception(s); 03dd9899-51e5-4f83-b08a-708074177aaf@group-C349846DEF79:t16, leader=null, voted=03dd9899-51e5-4f83-b08a-708074177aaf, raftlog=03dd9899-51e5-4f83-b08a-708074177aaf@group-C349846DEF79-SegmentedRaftLog:OPENED:c3,f4,i4, conf=0: [328eda30-7a38-4124-8420-4db3824d3ef4:192.168.34.62:34889, 03dd9899-51e5-4f83-b08a-708074177aaf:192.168.34.62:36351, cae7164a-c8b0-4e78-9c02-4190bab4d7cb:192.168.34.62:46027], old=null
2019-10-17 07:02:21,787 [03dd9899-51e5-4f83-b08a-708074177aaf@group-C349846DEF79-LeaderElection19] INFO  impl.RaftServerImpl (RaftServerImpl.java:setRole(184)) - 03dd9899-51e5-4f83-b08a-708074177aaf@group-C349846DEF79: changes role from CANDIDATE to FOLLOWER at term 16 for DISCOVERED_A_NEW_TERM
2019-10-17 07:02:21,787 [03dd9899-51e5-4f83-b08a-708074177aaf@group-C349846DEF79-LeaderElection19] INFO  impl.RoleInfo (RoleInfo.java:shutdownLeaderElection(134)) - 03dd9899-51e5-4f83-b08a-708074177aaf: shutdown LeaderElection
2019-10-17 07:02:21,787 [03dd9899-51e5-4f83-b08a-708074177aaf@group-C349846DEF79-LeaderElection19] INFO  impl.RoleInfo (RoleInfo.java:updateAndGet(143)) - 03dd9899-51e5-4f83-b08a-708074177aaf: start FollowerState
2019-10-17 07:02:21,798 [03dd9899-51e5-4f83-b08a-708074177aaf@group-2A28DAA9A855-SegmentedRaftLogWorker] INFO  segmented.SegmentedRaftLogWorker (SegmentedRaftLogWorker.java:execute(576)) - 03dd9899-51e5-4f83-b08a-708074177aaf@group-2A28DAA9A855-SegmentedRaftLogWorker: created new log segment /workdir/hadoop-ozone/integration-test/target/test-dir/MiniOzoneClusterImpl-b17df855-cd66-47f7-bb21-75637d0c5abd/datanode-2/data/ratis/e68ce45e-7bf0-43ac-893d-2a28daa9a855/current/log_inprogress_0
2019-10-17 07:02:21,798 [328eda30-7a38-4124-8420-4db3824d3ef4@group-2A28DAA9A855-SegmentedRaftLogWorker] INFO  segmented.SegmentedRaftLogWorker (SegmentedRaftLogWorker.java:execute(576)) - 328eda30-7a38-4124-8420-4db3824d3ef4@group-2A28DAA9A855-SegmentedRaftLogWorker: created new log segment /workdir/hadoop-ozone/integration-test/target/test-dir/MiniOzoneClusterImpl-b17df855-cd66-47f7-bb21-75637d0c5abd/datanode-1/data/ratis/e68ce45e-7bf0-43ac-893d-2a28daa9a855/current/log_inprogress_0
2019-10-17 07:02:21,820 [Thread-675] INFO  impl.FollowerState (FollowerState.java:run(108)) - 03dd9899-51e5-4f83-b08a-708074177aaf@group-C349846DEF79-FollowerState: change to CANDIDATE, lastRpcTime:32ms, electionTimeout:32ms
2019-10-17 07:02:21,820 [Thread-675] INFO  impl.RoleInfo (RoleInfo.java:shutdownFollowerState(121)) - 03dd9899-51e5-4f83-b08a-708074177aaf: shutdown FollowerState
2019-10-17 07:02:21,820 [Thread-675] INFO  impl.RaftServerImpl (RaftServerImpl.java:setRole(184)) - 03dd9899-51e5-4f83-b08a-708074177aaf@group-C349846DEF79: changes role from  FOLLOWER to CANDIDATE at term 16 for changeToCandidate
2019-10-17 07:02:21,820 [Thread-675] INFO  impl.RoleInfo (RoleInfo.java:updateAndGet(143)) - 03dd9899-51e5-4f83-b08a-708074177aaf: start LeaderElection
2019-10-17 07:02:21,823 [BlockDeletingService#2] WARN  background.BlockDeletingService (BlockDeletingService.java:isDeletionAllowed(187)) - Close Container log Index 6 is not replicated across allthe servers in the pipeline 72246393-9d1a-4fd5-982f-c349846def79 as the min replicated index is 4. Deletion is not allowed in this container yet.
2019-10-17 07:02:21,824 [BlockDeletingService#2] WARN  background.BlockDeletingService (BlockDeletingService.java:isDeletionAllowed(187)) - Close Container log Index 6 is not replicated across allthe servers in the pipeline 72246393-9d1a-4fd5-982f-c349846def79 as the min replicated index is 4. Deletion is not allowed in this container yet.
2019-10-17 07:02:21,833 [03dd9899-51e5-4f83-b08a-708074177aaf@group-C349846DEF79-LeaderElection20] INFO  impl.LeaderElection (LeaderElection.java:askForVotes(178)) - 03dd9899-51e5-4f83-b08a-708074177aaf@group-C349846DEF79-LeaderElection20: begin an election at term 17 for 0: [328eda30-7a38-4124-8420-4db3824d3ef4:192.168.34.62:34889, 03dd9899-51e5-4f83-b08a-708074177aaf:192.168.34.62:36351, cae7164a-c8b0-4e78-9c02-4190bab4d7cb:192.168.34.62:46027], old=null
2019-10-17 07:02:21,833 [EventQueue-PendingDeleteStatusForPendingDeleteHandler] INFO  block.SCMBlockDeletingService (SCMBlockDeletingService.java:handlePendingDeletes(115)) - Block deletion txnID mismatch in datanode 03dd9899-51e5-4f83-b08a-708074177aaf for containerID 1. Datanode delete txnID: 0, SCM txnID: 1
2019-10-17 07:02:21,835 [grpc-default-executor-0] INFO  impl.RaftServerImpl (RaftServerImpl.java:setRole(184)) - cae7164a-c8b0-4e78-9c02-4190bab4d7cb@group-C349846DEF79: changes role from  FOLLOWER to FOLLOWER at term 17 for recognizeCandidate:03dd9899-51e5-4f83-b08a-708074177aaf
2019-10-17 07:02:21,835 [grpc-default-executor-0] INFO  impl.RoleInfo (RoleInfo.java:shutdownFollowerState(121)) - cae7164a-c8b0-4e78-9c02-4190bab4d7cb: shutdown FollowerState
2019-10-17 07:02:21,835 [grpc-default-executor-0] INFO  impl.RoleInfo (RoleInfo.java:updateAndGet(143)) - cae7164a-c8b0-4e78-9c02-4190bab4d7cb: start FollowerState
2019-10-17 07:02:21,835 [Thread-673] INFO  impl.FollowerState (FollowerState.java:run(117)) - cae7164a-c8b0-4e78-9c02-4190bab4d7cb@group-C349846DEF79-FollowerState was interrupted: java.lang.InterruptedException: sleep interrupted
2019-10-17 07:02:21,836 [grpc-default-executor-3] INFO  impl.RaftServerImpl (RaftServerImpl.java:setRole(184)) - 328eda30-7a38-4124-8420-4db3824d3ef4@group-C349846DEF79: changes role from  FOLLOWER to FOLLOWER at term 17 for recognizeCandidate:03dd9899-51e5-4f83-b08a-708074177aaf
2019-10-17 07:02:21,836 [grpc-default-executor-3] INFO  impl.RoleInfo (RoleInfo.java:shutdownFollowerState(121)) - 328eda30-7a38-4124-8420-4db3824d3ef4: shutdown FollowerState
2019-10-17 07:02:21,836 [grpc-default-executor-3] INFO  impl.RoleInfo (RoleInfo.java:updateAndGet(143)) - 328eda30-7a38-4124-8420-4db3824d3ef4: start FollowerState
2019-10-17 07:02:21,836 [Thread-674] INFO  impl.FollowerState (FollowerState.java:run(117)) - 328eda30-7a38-4124-8420-4db3824d3ef4@group-C349846DEF79-FollowerState was interrupted: java.lang.InterruptedException: sleep interrupted
2019-10-17 07:02:21,859 [03dd9899-51e5-4f83-b08a-708074177aaf@group-C349846DEF79-LeaderElection20] INFO  impl.LeaderElection (LeaderElection.java:logAndReturn(56)) - 03dd9899-51e5-4f83-b08a-708074177aaf@group-C349846DEF79-LeaderElection20: Election REJECTED; received 2 response(s) [03dd9899-51e5-4f83-b08a-708074177aaf<-328eda30-7a38-4124-8420-4db3824d3ef4#0:FAIL-t17, 03dd9899-51e5-4f83-b08a-708074177aaf<-cae7164a-c8b0-4e78-9c02-4190bab4d7cb#0:FAIL-t17] and 0 exception(s); 03dd9899-51e5-4f83-b08a-708074177aaf@group-C349846DEF79:t17, leader=null, voted=03dd9899-51e5-4f83-b08a-708074177aaf, raftlog=03dd9899-51e5-4f83-b08a-708074177aaf@group-C349846DEF79-SegmentedRaftLog:OPENED:c3,f4,i4, conf=0: [328eda30-7a38-4124-8420-4db3824d3ef4:192.168.34.62:34889, 03dd9899-51e5-4f83-b08a-708074177aaf:192.168.34.62:36351, cae7164a-c8b0-4e78-9c02-4190bab4d7cb:192.168.34.62:46027], old=null
2019-10-17 07:02:21,860 [03dd9899-51e5-4f83-b08a-708074177aaf@group-C349846DEF79-LeaderElection20] INFO  impl.RaftServerImpl (RaftServerImpl.java:setRole(184)) - 03dd9899-51e5-4f83-b08a-708074177aaf@group-C349846DEF79: changes role from CANDIDATE to FOLLOWER at term 17 for DISCOVERED_A_NEW_TERM
2019-10-17 07:02:21,860 [03dd9899-51e5-4f83-b08a-708074177aaf@group-C349846DEF79-LeaderElection20] INFO  impl.RoleInfo (RoleInfo.java:shutdownLeaderElection(134)) - 03dd9899-51e5-4f83-b08a-708074177aaf: shutdown LeaderElection
2019-10-17 07:02:21,860 [03dd9899-51e5-4f83-b08a-708074177aaf@group-C349846DEF79-LeaderElection20] INFO  impl.RoleInfo (RoleInfo.java:updateAndGet(143)) - 03dd9899-51e5-4f83-b08a-708074177aaf: start FollowerState
2019-10-17 07:02:21,947 [Thread-685] INFO  impl.FollowerState (FollowerState.java:run(108)) - 03dd9899-51e5-4f83-b08a-708074177aaf@group-C349846DEF79-FollowerState: change to CANDIDATE, lastRpcTime:87ms, electionTimeout:87ms
2019-10-17 07:02:21,949 [Thread-685] INFO  impl.RoleInfo (RoleInfo.java:shutdownFollowerState(121)) - 03dd9899-51e5-4f83-b08a-708074177aaf: shutdown FollowerState
2019-10-17 07:02:21,949 [Thread-685] INFO  impl.RaftServerImpl (RaftServerImpl.java:setRole(184)) - 03dd9899-51e5-4f83-b08a-708074177aaf@group-C349846DEF79: changes role from  FOLLOWER to CANDIDATE at term 17 for changeToCandidate
2019-10-17 07:02:21,949 [Thread-685] INFO  impl.RoleInfo (RoleInfo.java:updateAndGet(143)) - 03dd9899-51e5-4f83-b08a-708074177aaf: start LeaderElection
2019-10-17 07:02:21,963 [03dd9899-51e5-4f83-b08a-708074177aaf@group-C349846DEF79-LeaderElection21] INFO  impl.LeaderElection (LeaderElection.java:askForVotes(178)) - 03dd9899-51e5-4f83-b08a-708074177aaf@group-C349846DEF79-LeaderElection21: begin an election at term 18 for 0: [328eda30-7a38-4124-8420-4db3824d3ef4:192.168.34.62:34889, 03dd9899-51e5-4f83-b08a-708074177aaf:192.168.34.62:36351, cae7164a-c8b0-4e78-9c02-4190bab4d7cb:192.168.34.62:46027], old=null
2019-10-17 07:02:21,966 [grpc-default-executor-0] INFO  impl.RaftServerImpl (RaftServerImpl.java:setRole(184)) - 328eda30-7a38-4124-8420-4db3824d3ef4@group-C349846DEF79: changes role from  FOLLOWER to FOLLOWER at term 18 for recognizeCandidate:03dd9899-51e5-4f83-b08a-708074177aaf
2019-10-17 07:02:21,966 [grpc-default-executor-3] INFO  impl.RaftServerImpl (RaftServerImpl.java:setRole(184)) - cae7164a-c8b0-4e78-9c02-4190bab4d7cb@group-C349846DEF79: changes role from  FOLLOWER to FOLLOWER at term 18 for recognizeCandidate:03dd9899-51e5-4f83-b08a-708074177aaf
2019-10-17 07:02:21,966 [grpc-default-executor-0] INFO  impl.RoleInfo (RoleInfo.java:shutdownFollowerState(121)) - 328eda30-7a38-4124-8420-4db3824d3ef4: shutdown FollowerState
2019-10-17 07:02:21,966 [grpc-default-executor-3] INFO  impl.RoleInfo (RoleInfo.java:shutdownFollowerState(121)) - cae7164a-c8b0-4e78-9c02-4190bab4d7cb: shutdown FollowerState
2019-10-17 07:02:21,966 [Thread-684] INFO  impl.FollowerState (FollowerState.java:run(117)) - 328eda30-7a38-4124-8420-4db3824d3ef4@group-C349846DEF79-FollowerState was interrupted: java.lang.InterruptedException: sleep interrupted
2019-10-17 07:02:21,966 [grpc-default-executor-0] INFO  impl.RoleInfo (RoleInfo.java:updateAndGet(143)) - 328eda30-7a38-4124-8420-4db3824d3ef4: start FollowerState
2019-10-17 07:02:21,966 [Thread-683] INFO  impl.FollowerState (FollowerState.java:run(117)) - cae7164a-c8b0-4e78-9c02-4190bab4d7cb@group-C349846DEF79-FollowerState was interrupted: java.lang.InterruptedException: sleep interrupted
2019-10-17 07:02:21,966 [grpc-default-executor-3] INFO  impl.RoleInfo (RoleInfo.java:updateAndGet(143)) - cae7164a-c8b0-4e78-9c02-4190bab4d7cb: start FollowerState
2019-10-17 07:02:21,980 [03dd9899-51e5-4f83-b08a-708074177aaf@group-C349846DEF79-LeaderElection21] INFO  impl.LeaderElection (LeaderElection.java:logAndReturn(56)) - 03dd9899-51e5-4f83-b08a-708074177aaf@group-C349846DEF79-LeaderElection21: Election REJECTED; received 2 response(s) [03dd9899-51e5-4f83-b08a-708074177aaf<-328eda30-7a38-4124-8420-4db3824d3ef4#0:FAIL-t18, 03dd9899-51e5-4f83-b08a-708074177aaf<-cae7164a-c8b0-4e78-9c02-4190bab4d7cb#0:FAIL-t18] and 0 exception(s); 03dd9899-51e5-4f83-b08a-708074177aaf@group-C349846DEF79:t18, leader=null, voted=03dd9899-51e5-4f83-b08a-708074177aaf, raftlog=03dd9899-51e5-4f83-b08a-708074177aaf@group-C349846DEF79-SegmentedRaftLog:OPENED:c3,f4,i4, conf=0: [328eda30-7a38-4124-8420-4db3824d3ef4:192.168.34.62:34889, 03dd9899-51e5-4f83-b08a-708074177aaf:192.168.34.62:36351, cae7164a-c8b0-4e78-9c02-4190bab4d7cb:192.168.34.62:46027], old=null
2019-10-17 07:02:21,980 [03dd9899-51e5-4f83-b08a-708074177aaf@group-C349846DEF79-LeaderElection21] INFO  impl.RaftServerImpl (RaftServerImpl.java:setRole(184)) - 03dd9899-51e5-4f83-b08a-708074177aaf@group-C349846DEF79: changes role from CANDIDATE to FOLLOWER at term 18 for DISCOVERED_A_NEW_TERM
2019-10-17 07:02:21,981 [03dd9899-51e5-4f83-b08a-708074177aaf@group-C349846DEF79-LeaderElection21] INFO  impl.RoleInfo (RoleInfo.java:shutdownLeaderElection(134)) - 03dd9899-51e5-4f83-b08a-708074177aaf: shutdown LeaderElection
2019-10-17 07:02:21,981 [03dd9899-51e5-4f83-b08a-708074177aaf@group-C349846DEF79-LeaderElection21] INFO  impl.RoleInfo (RoleInfo.java:updateAndGet(143)) - 03dd9899-51e5-4f83-b08a-708074177aaf: start FollowerState
2019-10-17 07:02:21,991 [Thread-691] INFO  impl.FollowerState (FollowerState.java:run(108)) - 03dd9899-51e5-4f83-b08a-708074177aaf@group-C349846DEF79-FollowerState: change to CANDIDATE, lastRpcTime:10ms, electionTimeout:10ms
2019-10-17 07:02:21,992 [Thread-691] INFO  impl.RoleInfo (RoleInfo.java:shutdownFollowerState(121)) - 03dd9899-51e5-4f83-b08a-708074177aaf: shutdown FollowerState
2019-10-17 07:02:21,992 [Thread-691] INFO  impl.RaftServerImpl (RaftServerImpl.java:setRole(184)) - 03dd9899-51e5-4f83-b08a-708074177aaf@group-C349846DEF79: changes role from  FOLLOWER to CANDIDATE at term 18 for changeToCandidate
2019-10-17 07:02:21,992 [Thread-691] INFO  impl.RoleInfo (RoleInfo.java:updateAndGet(143)) - 03dd9899-51e5-4f83-b08a-708074177aaf: start LeaderElection
2019-10-17 07:02:22,016 [03dd9899-51e5-4f83-b08a-708074177aaf@group-C349846DEF79-LeaderElection22] INFO  impl.LeaderElection (LeaderElection.java:askForVotes(178)) - 03dd9899-51e5-4f83-b08a-708074177aaf@group-C349846DEF79-LeaderElection22: begin an election at term 19 for 0: [328eda30-7a38-4124-8420-4db3824d3ef4:192.168.34.62:34889, 03dd9899-51e5-4f83-b08a-708074177aaf:192.168.34.62:36351, cae7164a-c8b0-4e78-9c02-4190bab4d7cb:192.168.34.62:46027], old=null
2019-10-17 07:02:22,018 [grpc-default-executor-3] INFO  impl.RaftServerImpl (RaftServerImpl.java:setRole(184)) - 328eda30-7a38-4124-8420-4db3824d3ef4@group-C349846DEF79: changes role from  FOLLOWER to FOLLOWER at term 19 for recognizeCandidate:03dd9899-51e5-4f83-b08a-708074177aaf
2019-10-17 07:02:22,018 [grpc-default-executor-3] INFO  impl.RoleInfo (RoleInfo.java:shutdownFollowerState(121)) - 328eda30-7a38-4124-8420-4db3824d3ef4: shutdown FollowerState
2019-10-17 07:02:22,018 [grpc-default-executor-0] INFO  impl.RaftServerImpl (RaftServerImpl.java:setRole(184)) - cae7164a-c8b0-4e78-9c02-4190bab4d7cb@group-C349846DEF79: changes role from  FOLLOWER to FOLLOWER at term 19 for recognizeCandidate:03dd9899-51e5-4f83-b08a-708074177aaf
2019-10-17 07:02:22,018 [grpc-default-executor-3] INFO  impl.RoleInfo (RoleInfo.java:updateAndGet(143)) - 328eda30-7a38-4124-8420-4db3824d3ef4: start FollowerState
2019-10-17 07:02:22,018 [Thread-689] INFO  impl.FollowerState (FollowerState.java:run(117)) - 328eda30-7a38-4124-8420-4db3824d3ef4@group-C349846DEF79-FollowerState was interrupted: java.lang.InterruptedException: sleep interrupted
2019-10-17 07:02:22,019 [grpc-default-executor-0] INFO  impl.RoleInfo (RoleInfo.java:shutdownFollowerState(121)) - cae7164a-c8b0-4e78-9c02-4190bab4d7cb: shutdown FollowerState
2019-10-17 07:02:22,019 [Thread-690] INFO  impl.FollowerState (FollowerState.java:run(117)) - cae7164a-c8b0-4e78-9c02-4190bab4d7cb@group-C349846DEF79-FollowerState was interrupted: java.lang.InterruptedException: sleep interrupted
2019-10-17 07:02:22,019 [grpc-default-executor-0] INFO  impl.RoleInfo (RoleInfo.java:updateAndGet(143)) - cae7164a-c8b0-4e78-9c02-4190bab4d7cb: start FollowerState
2019-10-17 07:02:22,033 [EventQueue-PendingDeleteStatusForPendingDeleteHandler] INFO  block.SCMBlockDeletingService (SCMBlockDeletingService.java:handlePendingDeletes(115)) - Block deletion txnID mismatch in datanode 03dd9899-51e5-4f83-b08a-708074177aaf for containerID 1. Datanode delete txnID: 0, SCM txnID: 1
2019-10-17 07:02:22,033 [03dd9899-51e5-4f83-b08a-708074177aaf@group-C349846DEF79-LeaderElection22] INFO  impl.LeaderElection (LeaderElection.java:logAndReturn(56)) - 03dd9899-51e5-4f83-b08a-708074177aaf@group-C349846DEF79-LeaderElection22: Election REJECTED; received 2 response(s) [03dd9899-51e5-4f83-b08a-708074177aaf<-328eda30-7a38-4124-8420-4db3824d3ef4#0:FAIL-t19, 03dd9899-51e5-4f83-b08a-708074177aaf<-cae7164a-c8b0-4e78-9c02-4190bab4d7cb#0:FAIL-t19] and 0 exception(s); 03dd9899-51e5-4f83-b08a-708074177aaf@group-C349846DEF79:t19, leader=null, voted=03dd9899-51e5-4f83-b08a-708074177aaf, raftlog=03dd9899-51e5-4f83-b08a-708074177aaf@group-C349846DEF79-SegmentedRaftLog:OPENED:c3,f4,i4, conf=0: [328eda30-7a38-4124-8420-4db3824d3ef4:192.168.34.62:34889, 03dd9899-51e5-4f83-b08a-708074177aaf:192.168.34.62:36351, cae7164a-c8b0-4e78-9c02-4190bab4d7cb:192.168.34.62:46027], old=null
2019-10-17 07:02:22,033 [03dd9899-51e5-4f83-b08a-708074177aaf@group-C349846DEF79-LeaderElection22] INFO  impl.RaftServerImpl (RaftServerImpl.java:setRole(184)) - 03dd9899-51e5-4f83-b08a-708074177aaf@group-C349846DEF79: changes role from CANDIDATE to FOLLOWER at term 19 for DISCOVERED_A_NEW_TERM
2019-10-17 07:02:22,033 [03dd9899-51e5-4f83-b08a-708074177aaf@group-C349846DEF79-LeaderElection22] INFO  impl.RoleInfo (RoleInfo.java:shutdownLeaderElection(134)) - 03dd9899-51e5-4f83-b08a-708074177aaf: shutdown LeaderElection
2019-10-17 07:02:22,033 [03dd9899-51e5-4f83-b08a-708074177aaf@group-C349846DEF79-LeaderElection22] INFO  impl.RoleInfo (RoleInfo.java:updateAndGet(143)) - 03dd9899-51e5-4f83-b08a-708074177aaf: start FollowerState
2019-10-17 07:02:22,190 [Thread-697] INFO  impl.FollowerState (FollowerState.java:run(108)) - 03dd9899-51e5-4f83-b08a-708074177aaf@group-C349846DEF79-FollowerState: change to CANDIDATE, lastRpcTime:156ms, electionTimeout:156ms
2019-10-17 07:02:22,191 [Thread-697] INFO  impl.RoleInfo (RoleInfo.java:shutdownFollowerState(121)) - 03dd9899-51e5-4f83-b08a-708074177aaf: shutdown FollowerState
2019-10-17 07:02:22,191 [Thread-697] INFO  impl.RaftServerImpl (RaftServerImpl.java:setRole(184)) - 03dd9899-51e5-4f83-b08a-708074177aaf@group-C349846DEF79: changes role from  FOLLOWER to CANDIDATE at term 19 for changeToCandidate
2019-10-17 07:02:22,191 [Thread-697] INFO  impl.RoleInfo (RoleInfo.java:updateAndGet(143)) - 03dd9899-51e5-4f83-b08a-708074177aaf: start LeaderElection
2019-10-17 07:02:22,204 [pool-7-thread-2] INFO  commands.RetriableDatanodeEventWatcher (RetriableDatanodeEventWatcher.java:onTimeout(47)) - RetriableDatanodeCommand type=deleteBlocksCommand with id=1571295736202 timed out. Retrying.
2019-10-17 07:02:22,204 [03dd9899-51e5-4f83-b08a-708074177aaf@group-C349846DEF79-LeaderElection23] INFO  impl.LeaderElection (LeaderElection.java:askForVotes(178)) - 03dd9899-51e5-4f83-b08a-708074177aaf@group-C349846DEF79-LeaderElection23: begin an election at term 20 for 0: [328eda30-7a38-4124-8420-4db3824d3ef4:192.168.34.62:34889, 03dd9899-51e5-4f83-b08a-708074177aaf:192.168.34.62:36351, cae7164a-c8b0-4e78-9c02-4190bab4d7cb:192.168.34.62:46027], old=null
2019-10-17 07:02:22,204 [pool-7-thread-3] INFO  commands.RetriableDatanodeEventWatcher (RetriableDatanodeEventWatcher.java:onTimeout(47)) - RetriableDatanodeCommand type=deleteBlocksCommand with id=1571295736204 timed out. Retrying.
2019-10-17 07:02:22,205 [pool-7-thread-3] INFO  commands.RetriableDatanodeEventWatcher (RetriableDatanodeEventWatcher.java:onTimeout(47)) - RetriableDatanodeCommand type=deleteBlocksCommand with id=1571295736205 timed out. Retrying.
2019-10-17 07:02:22,206 [SCMBlockDeletingService#1] INFO  block.SCMBlockDeletingService (SCMBlockDeletingService.java:call(184)) - Totally added 1 delete blocks command for 1 datanodes, task elapsed time: 0ms
2019-10-17 07:02:22,206 [pool-7-thread-3] INFO  commands.RetriableDatanodeEventWatcher (RetriableDatanodeEventWatcher.java:onTimeout(47)) - RetriableDatanodeCommand type=deleteBlocksCommand with id=1571295736203 timed out. Retrying.
2019-10-17 07:02:22,206 [pool-7-thread-1] INFO  commands.RetriableDatanodeEventWatcher (RetriableDatanodeEventWatcher.java:onTimeout(47)) - RetriableDatanodeCommand type=deleteBlocksCommand with id=1571295736198 timed out. Retrying.
2019-10-17 07:02:22,206 [pool-7-thread-2] INFO  commands.RetriableDatanodeEventWatcher (RetriableDatanodeEventWatcher.java:onTimeout(47)) - RetriableDatanodeCommand type=deleteBlocksCommand with id=1571295736201 timed out. Retrying.
2019-10-17 07:02:22,207 [grpc-default-executor-0] INFO  impl.RaftServerImpl (RaftServerImpl.java:setRole(184)) - cae7164a-c8b0-4e78-9c02-4190bab4d7cb@group-C349846DEF79: changes role from  FOLLOWER to FOLLOWER at term 20 for recognizeCandidate:03dd9899-51e5-4f83-b08a-708074177aaf
2019-10-17 07:02:22,207 [grpc-default-executor-3] INFO  impl.RaftServerImpl (RaftServerImpl.java:setRole(184)) - 328eda30-7a38-4124-8420-4db3824d3ef4@group-C349846DEF79: changes role from  FOLLOWER to FOLLOWER at term 20 for recognizeCandidate:03dd9899-51e5-4f83-b08a-708074177aaf
2019-10-17 07:02:22,207 [grpc-default-executor-0] INFO  impl.RoleInfo (RoleInfo.java:shutdownFollowerState(121)) - cae7164a-c8b0-4e78-9c02-4190bab4d7cb: shutdown FollowerState
2019-10-17 07:02:22,207 [grpc-default-executor-3] INFO  impl.RoleInfo (RoleInfo.java:shutdownFollowerState(121)) - 328eda30-7a38-4124-8420-4db3824d3ef4: shutdown FollowerState
2019-10-17 07:02:22,207 [Thread-696] INFO  impl.FollowerState (FollowerState.java:run(117)) - cae7164a-c8b0-4e78-9c02-4190bab4d7cb@group-C349846DEF79-FollowerState was interrupted: java.lang.InterruptedException: sleep interrupted
2019-10-17 07:02:22,207 [grpc-default-executor-0] INFO  impl.RoleInfo (RoleInfo.java:updateAndGet(143)) - cae7164a-c8b0-4e78-9c02-4190bab4d7cb: start FollowerState
2019-10-17 07:02:22,208 [grpc-default-executor-3] INFO  impl.RoleInfo (RoleInfo.java:updateAndGet(143)) - 328eda30-7a38-4124-8420-4db3824d3ef4: start FollowerState
2019-10-17 07:02:22,208 [Thread-695] INFO  impl.FollowerState (FollowerState.java:run(117)) - 328eda30-7a38-4124-8420-4db3824d3ef4@group-C349846DEF79-FollowerState was interrupted: java.lang.InterruptedException: sleep interrupted
2019-10-17 07:02:22,219 [03dd9899-51e5-4f83-b08a-708074177aaf@group-C349846DEF79-LeaderElection23] INFO  impl.LeaderElection (LeaderElection.java:logAndReturn(56)) - 03dd9899-51e5-4f83-b08a-708074177aaf@group-C349846DEF79-LeaderElection23: Election TIMEOUT; received 0 response(s) [] and 0 exception(s); 03dd9899-51e5-4f83-b08a-708074177aaf@group-C349846DEF79:t20, leader=null, voted=03dd9899-51e5-4f83-b08a-708074177aaf, raftlog=03dd9899-51e5-4f83-b08a-708074177aaf@group-C349846DEF79-SegmentedRaftLog:OPENED:c3,f4,i4, conf=0: [328eda30-7a38-4124-8420-4db3824d3ef4:192.168.34.62:34889, 03dd9899-51e5-4f83-b08a-708074177aaf:192.168.34.62:36351, cae7164a-c8b0-4e78-9c02-4190bab4d7cb:192.168.34.62:46027], old=null
2019-10-17 07:02:22,222 [03dd9899-51e5-4f83-b08a-708074177aaf@group-C349846DEF79-LeaderElection23] INFO  impl.LeaderElection (LeaderElection.java:askForVotes(178)) - 03dd9899-51e5-4f83-b08a-708074177aaf@group-C349846DEF79-LeaderElection23: begin an election at term 21 for 0: [328eda30-7a38-4124-8420-4db3824d3ef4:192.168.34.62:34889, 03dd9899-51e5-4f83-b08a-708074177aaf:192.168.34.62:36351, cae7164a-c8b0-4e78-9c02-4190bab4d7cb:192.168.34.62:46027], old=null
2019-10-17 07:02:22,226 [grpc-default-executor-3] INFO  impl.RaftServerImpl (RaftServerImpl.java:setRole(184)) - cae7164a-c8b0-4e78-9c02-4190bab4d7cb@group-C349846DEF79: changes role from  FOLLOWER to FOLLOWER at term 21 for recognizeCandidate:03dd9899-51e5-4f83-b08a-708074177aaf
2019-10-17 07:02:22,228 [grpc-default-executor-0] INFO  impl.RaftServerImpl (RaftServerImpl.java:setRole(184)) - 328eda30-7a38-4124-8420-4db3824d3ef4@group-C349846DEF79: changes role from  FOLLOWER to FOLLOWER at term 21 for recognizeCandidate:03dd9899-51e5-4f83-b08a-708074177aaf
2019-10-17 07:02:22,228 [grpc-default-executor-3] INFO  impl.RoleInfo (RoleInfo.java:shutdownFollowerState(121)) - cae7164a-c8b0-4e78-9c02-4190bab4d7cb: shutdown FollowerState
2019-10-17 07:02:22,228 [grpc-default-executor-0] INFO  impl.RoleInfo (RoleInfo.java:shutdownFollowerState(121)) - 328eda30-7a38-4124-8420-4db3824d3ef4: shutdown FollowerState
2019-10-17 07:02:22,228 [Thread-701] INFO  impl.FollowerState (FollowerState.java:run(117)) - cae7164a-c8b0-4e78-9c02-4190bab4d7cb@group-C349846DEF79-FollowerState was interrupted: java.lang.InterruptedException: sleep interrupted
2019-10-17 07:02:22,228 [grpc-default-executor-3] INFO  impl.RoleInfo (RoleInfo.java:updateAndGet(143)) - cae7164a-c8b0-4e78-9c02-4190bab4d7cb: start FollowerState
2019-10-17 07:02:22,228 [Thread-702] INFO  impl.FollowerState (FollowerState.java:run(117)) - 328eda30-7a38-4124-8420-4db3824d3ef4@group-C349846DEF79-FollowerState was interrupted: java.lang.InterruptedException: sleep interrupted
2019-10-17 07:02:22,228 [grpc-default-executor-0] INFO  impl.RoleInfo (RoleInfo.java:updateAndGet(143)) - 328eda30-7a38-4124-8420-4db3824d3ef4: start FollowerState
2019-10-17 07:02:22,251 [03dd9899-51e5-4f83-b08a-708074177aaf@group-C349846DEF79-LeaderElection23] INFO  impl.LeaderElection (LeaderElection.java:logAndReturn(56)) - 03dd9899-51e5-4f83-b08a-708074177aaf@group-C349846DEF79-LeaderElection23: Election REJECTED; received 2 response(s) [03dd9899-51e5-4f83-b08a-708074177aaf<-328eda30-7a38-4124-8420-4db3824d3ef4#0:FAIL-t21, 03dd9899-51e5-4f83-b08a-708074177aaf<-cae7164a-c8b0-4e78-9c02-4190bab4d7cb#0:FAIL-t21] and 0 exception(s); 03dd9899-51e5-4f83-b08a-708074177aaf@group-C349846DEF79:t21, leader=null, voted=03dd9899-51e5-4f83-b08a-708074177aaf, raftlog=03dd9899-51e5-4f83-b08a-708074177aaf@group-C349846DEF79-SegmentedRaftLog:OPENED:c3,f4,i4, conf=0: [328eda30-7a38-4124-8420-4db3824d3ef4:192.168.34.62:34889, 03dd9899-51e5-4f83-b08a-708074177aaf:192.168.34.62:36351, cae7164a-c8b0-4e78-9c02-4190bab4d7cb:192.168.34.62:46027], old=null
2019-10-17 07:02:22,251 [03dd9899-51e5-4f83-b08a-708074177aaf@group-C349846DEF79-LeaderElection23] INFO  impl.RaftServerImpl (RaftServerImpl.java:setRole(184)) - 03dd9899-51e5-4f83-b08a-708074177aaf@group-C349846DEF79: changes role from CANDIDATE to FOLLOWER at term 21 for DISCOVERED_A_NEW_TERM
2019-10-17 07:02:22,252 [03dd9899-51e5-4f83-b08a-708074177aaf@group-C349846DEF79-LeaderElection23] INFO  impl.RoleInfo (RoleInfo.java:shutdownLeaderElection(134)) - 03dd9899-51e5-4f83-b08a-708074177aaf: shutdown LeaderElection
2019-10-17 07:02:22,252 [03dd9899-51e5-4f83-b08a-708074177aaf@group-C349846DEF79-LeaderElection23] INFO  impl.RoleInfo (RoleInfo.java:updateAndGet(143)) - 03dd9899-51e5-4f83-b08a-708074177aaf: start FollowerState
2019-10-17 07:02:22,389 [Thread-707] INFO  impl.FollowerState (FollowerState.java:run(108)) - 03dd9899-51e5-4f83-b08a-708074177aaf@group-C349846DEF79-FollowerState: change to CANDIDATE, lastRpcTime:137ms, electionTimeout:137ms
2019-10-17 07:02:22,391 [Thread-707] INFO  impl.RoleInfo (RoleInfo.java:shutdownFollowerState(121)) - 03dd9899-51e5-4f83-b08a-708074177aaf: shutdown FollowerState
2019-10-17 07:02:22,391 [Thread-707] INFO  impl.RaftServerImpl (RaftServerImpl.java:setRole(184)) - 03dd9899-51e5-4f83-b08a-708074177aaf@group-C349846DEF79: changes role from  FOLLOWER to CANDIDATE at term 21 for changeToCandidate
2019-10-17 07:02:22,391 [Thread-707] INFO  impl.RoleInfo (RoleInfo.java:updateAndGet(143)) - 03dd9899-51e5-4f83-b08a-708074177aaf: start LeaderElection
2019-10-17 07:02:22,404 [03dd9899-51e5-4f83-b08a-708074177aaf@group-C349846DEF79-LeaderElection24] INFO  impl.LeaderElection (LeaderElection.java:askForVotes(178)) - 03dd9899-51e5-4f83-b08a-708074177aaf@group-C349846DEF79-LeaderElection24: begin an election at term 22 for 0: [328eda30-7a38-4124-8420-4db3824d3ef4:192.168.34.62:34889, 03dd9899-51e5-4f83-b08a-708074177aaf:192.168.34.62:36351, cae7164a-c8b0-4e78-9c02-4190bab4d7cb:192.168.34.62:46027], old=null
2019-10-17 07:02:22,407 [grpc-default-executor-0] INFO  impl.RaftServerImpl (RaftServerImpl.java:setRole(184)) - 328eda30-7a38-4124-8420-4db3824d3ef4@group-C349846DEF79: changes role from  FOLLOWER to FOLLOWER at term 22 for recognizeCandidate:03dd9899-51e5-4f83-b08a-708074177aaf
2019-10-17 07:02:22,407 [grpc-default-executor-3] INFO  impl.RaftServerImpl (RaftServerImpl.java:setRole(184)) - cae7164a-c8b0-4e78-9c02-4190bab4d7cb@group-C349846DEF79: changes role from  FOLLOWER to FOLLOWER at term 22 for recognizeCandidate:03dd9899-51e5-4f83-b08a-708074177aaf
2019-10-17 07:02:22,407 [grpc-default-executor-0] INFO  impl.RoleInfo (RoleInfo.java:shutdownFollowerState(121)) - 328eda30-7a38-4124-8420-4db3824d3ef4: shutdown FollowerState
2019-10-17 07:02:22,408 [grpc-default-executor-3] INFO  impl.RoleInfo (RoleInfo.java:shutdownFollowerState(121)) - cae7164a-c8b0-4e78-9c02-4190bab4d7cb: shutdown FollowerState
2019-10-17 07:02:22,408 [grpc-default-executor-0] INFO  impl.RoleInfo (RoleInfo.java:updateAndGet(143)) - 328eda30-7a38-4124-8420-4db3824d3ef4: start FollowerState
2019-10-17 07:02:22,408 [Thread-706] INFO  impl.FollowerState (FollowerState.java:run(117)) - 328eda30-7a38-4124-8420-4db3824d3ef4@group-C349846DEF79-FollowerState was interrupted: java.lang.InterruptedException: sleep interrupted
2019-10-17 07:02:22,408 [Thread-705] INFO  impl.FollowerState (FollowerState.java:run(117)) - cae7164a-c8b0-4e78-9c02-4190bab4d7cb@group-C349846DEF79-FollowerState was interrupted: java.lang.InterruptedException: sleep interrupted
2019-10-17 07:02:22,408 [grpc-default-executor-3] INFO  impl.RoleInfo (RoleInfo.java:updateAndGet(143)) - cae7164a-c8b0-4e78-9c02-4190bab4d7cb: start FollowerState
2019-10-17 07:02:22,422 [03dd9899-51e5-4f83-b08a-708074177aaf@group-C349846DEF79-LeaderElection24] INFO  impl.LeaderElection (LeaderElection.java:logAndReturn(56)) - 03dd9899-51e5-4f83-b08a-708074177aaf@group-C349846DEF79-LeaderElection24: Election REJECTED; received 2 response(s) [03dd9899-51e5-4f83-b08a-708074177aaf<-328eda30-7a38-4124-8420-4db3824d3ef4#0:FAIL-t22, 03dd9899-51e5-4f83-b08a-708074177aaf<-cae7164a-c8b0-4e78-9c02-4190bab4d7cb#0:FAIL-t22] and 0 exception(s); 03dd9899-51e5-4f83-b08a-708074177aaf@group-C349846DEF79:t22, leader=null, voted=03dd9899-51e5-4f83-b08a-708074177aaf, raftlog=03dd9899-51e5-4f83-b08a-708074177aaf@group-C349846DEF79-SegmentedRaftLog:OPENED:c3,f4,i4, conf=0: [328eda30-7a38-4124-8420-4db3824d3ef4:192.168.34.62:34889, 03dd9899-51e5-4f83-b08a-708074177aaf:192.168.34.62:36351, cae7164a-c8b0-4e78-9c02-4190bab4d7cb:192.168.34.62:46027], old=null
2019-10-17 07:02:22,422 [03dd9899-51e5-4f83-b08a-708074177aaf@group-C349846DEF79-LeaderElection24] INFO  impl.RaftServerImpl (RaftServerImpl.java:setRole(184)) - 03dd9899-51e5-4f83-b08a-708074177aaf@group-C349846DEF79: changes role from CANDIDATE to FOLLOWER at term 22 for DISCOVERED_A_NEW_TERM
2019-10-17 07:02:22,422 [03dd9899-51e5-4f83-b08a-708074177aaf@group-C349846DEF79-LeaderElection24] INFO  impl.RoleInfo (RoleInfo.java:shutdownLeaderElection(134)) - 03dd9899-51e5-4f83-b08a-708074177aaf: shutdown LeaderElection
2019-10-17 07:02:22,422 [03dd9899-51e5-4f83-b08a-708074177aaf@group-C349846DEF79-LeaderElection24] INFO  impl.RoleInfo (RoleInfo.java:updateAndGet(143)) - 03dd9899-51e5-4f83-b08a-708074177aaf: start FollowerState
2019-10-17 07:02:22,435 [EventQueue-PendingDeleteStatusForPendingDeleteHandler] INFO  block.SCMBlockDeletingService (SCMBlockDeletingService.java:handlePendingDeletes(115)) - Block deletion txnID mismatch in datanode 03dd9899-51e5-4f83-b08a-708074177aaf for containerID 1. Datanode delete txnID: 0, SCM txnID: 1
2019-10-17 07:02:22,442 [Command processor thread] INFO  commandhandler.DeleteBlocksCommandHandler (DeleteBlocksCommandHandler.java:handle(106)) - Start to delete container blocks, TXIDs=[1(0)], numOfContainers=1, numOfBlocks=1
2019-10-17 07:02:22,442 [Command processor thread] INFO  commandhandler.DeleteBlocksCommandHandler (DeleteBlocksCommandHandler.java:handle(106)) - Start to delete container blocks, TXIDs=[1(2)], numOfContainers=1, numOfBlocks=1
2019-10-17 07:02:22,442 [Command processor thread] INFO  commandhandler.DeleteBlocksCommandHandler (DeleteBlocksCommandHandler.java:handle(106)) - Start to delete container blocks, TXIDs=[1(0)], numOfContainers=1, numOfBlocks=1
2019-10-17 07:02:22,442 [Command processor thread] INFO  commandhandler.DeleteBlocksCommandHandler (DeleteBlocksCommandHandler.java:handle(106)) - Start to delete container blocks, TXIDs=[1(2)], numOfContainers=1, numOfBlocks=1
2019-10-17 07:02:22,442 [Command processor thread] INFO  commandhandler.DeleteBlocksCommandHandler (DeleteBlocksCommandHandler.java:handle(106)) - Start to delete container blocks, TXIDs=[1(0)], numOfContainers=1, numOfBlocks=1
2019-10-17 07:02:22,443 [Command processor thread] INFO  commandhandler.DeleteBlocksCommandHandler (DeleteBlocksCommandHandler.java:handle(106)) - Start to delete container blocks, TXIDs=[1(2)], numOfContainers=1, numOfBlocks=1
2019-10-17 07:02:22,443 [Command processor thread] INFO  commandhandler.DeleteBlocksCommandHandler (DeleteBlocksCommandHandler.java:handle(106)) - Start to delete container blocks, TXIDs=[1(2)], numOfContainers=1, numOfBlocks=1
2019-10-17 07:02:22,443 [Command processor thread] INFO  commandhandler.DeleteBlocksCommandHandler (DeleteBlocksCommandHandler.java:handle(106)) - Start to delete container blocks, TXIDs=[1(0)], numOfContainers=1, numOfBlocks=1
2019-10-17 07:02:22,443 [Command processor thread] INFO  commandhandler.DeleteBlocksCommandHandler (DeleteBlocksCommandHandler.java:handle(106)) - Start to delete container blocks, TXIDs=[1(2)], numOfContainers=1, numOfBlocks=1
2019-10-17 07:02:22,443 [Command processor thread] INFO  commandhandler.DeleteBlocksCommandHandler (DeleteBlocksCommandHandler.java:handle(106)) - Start to delete container blocks, TXIDs=[1(2)], numOfContainers=1, numOfBlocks=1
2019-10-17 07:02:22,444 [Command processor thread] INFO  commandhandler.DeleteBlocksCommandHandler (DeleteBlocksCommandHandler.java:handle(106)) - Start to delete container blocks, TXIDs=[1(2)], numOfContainers=1, numOfBlocks=1
2019-10-17 07:02:22,444 [Command processor thread] INFO  commandhandler.DeleteBlocksCommandHandler (DeleteBlocksCommandHandler.java:handle(106)) - Start to delete container blocks, TXIDs=[1(2)], numOfContainers=1, numOfBlocks=1
2019-10-17 07:02:22,444 [Command processor thread] INFO  commandhandler.DeleteBlocksCommandHandler (DeleteBlocksCommandHandler.java:handle(106)) - Start to delete container blocks, TXIDs=[1(2)], numOfContainers=1, numOfBlocks=1
2019-10-17 07:02:22,444 [Command processor thread] INFO  commandhandler.DeleteBlocksCommandHandler (DeleteBlocksCommandHandler.java:handle(106)) - Start to delete container blocks, TXIDs=[1(2)], numOfContainers=1, numOfBlocks=1
2019-10-17 07:02:22,444 [Command processor thread] INFO  commandhandler.DeleteBlocksCommandHandler (DeleteBlocksCommandHandler.java:handle(106)) - Start to delete container blocks, TXIDs=[1(0)], numOfContainers=1, numOfBlocks=1
2019-10-17 07:02:22,444 [Command processor thread] INFO  commandhandler.DeleteBlocksCommandHandler (DeleteBlocksCommandHandler.java:handle(106)) - Start to delete container blocks, TXIDs=[1(2)], numOfContainers=1, numOfBlocks=1
2019-10-17 07:02:22,445 [Command processor thread] INFO  commandhandler.DeleteBlocksCommandHandler (DeleteBlocksCommandHandler.java:handle(106)) - Start to delete container blocks, TXIDs=[1(2)], numOfContainers=1, numOfBlocks=1
2019-10-17 07:02:22,445 [Command processor thread] INFO  commandhandler.DeleteBlocksCommandHandler (DeleteBlocksCommandHandler.java:handle(106)) - Start to delete container blocks, TXIDs=[1(2)], numOfContainers=1, numOfBlocks=1
2019-10-17 07:02:22,445 [Command processor thread] INFO  commandhandler.DeleteBlocksCommandHandler (DeleteBlocksCommandHandler.java:handle(106)) - Start to delete container blocks, TXIDs=[1(2)], numOfContainers=1, numOfBlocks=1
2019-10-17 07:02:22,445 [Command processor thread] INFO  commandhandler.DeleteBlocksCommandHandler (DeleteBlocksCommandHandler.java:handle(106)) - Start to delete container blocks, TXIDs=[1(2)], numOfContainers=1, numOfBlocks=1
2019-10-17 07:02:22,445 [Command processor thread] INFO  commandhandler.DeleteBlocksCommandHandler (DeleteBlocksCommandHandler.java:handle(106)) - Start to delete container blocks, TXIDs=[1(0)], numOfContainers=1, numOfBlocks=1
2019-10-17 07:02:22,445 [Command processor thread] INFO  commandhandler.DeleteBlocksCommandHandler (DeleteBlocksCommandHandler.java:handle(106)) - Start to delete container blocks, TXIDs=[1(2)], numOfContainers=1, numOfBlocks=1
2019-10-17 07:02:22,446 [Command processor thread] INFO  commandhandler.DeleteBlocksCommandHandler (DeleteBlocksCommandHandler.java:handle(106)) - Start to delete container blocks, TXIDs=[1(2)], numOfContainers=1, numOfBlocks=1
2019-10-17 07:02:22,446 [Command processor thread] INFO  commandhandler.DeleteBlocksCommandHandler (DeleteBlocksCommandHandler.java:handle(106)) - Start to delete container blocks, TXIDs=[1(2)], numOfContainers=1, numOfBlocks=1
2019-10-17 07:02:22,446 [Command processor thread] INFO  commandhandler.DeleteBlocksCommandHandler (DeleteBlocksCommandHandler.java:handle(106)) - Start to delete container blocks, TXIDs=[1(23)], numOfContainers=1, numOfBlocks=1
2019-10-17 07:02:22,446 [Command processor thread] INFO  commandhandler.DeleteBlocksCommandHandler (DeleteBlocksCommandHandler.java:handle(106)) - Start to delete container blocks, TXIDs=[1(2)], numOfContainers=1, numOfBlocks=1
2019-10-17 07:02:22,446 [Command processor thread] INFO  commandhandler.DeleteBlocksCommandHandler (DeleteBlocksCommandHandler.java:handle(106)) - Start to delete container blocks, TXIDs=[1(0)], numOfContainers=1, numOfBlocks=1
2019-10-17 07:02:22,446 [Command processor thread] INFO  commandhandler.DeleteBlocksCommandHandler (DeleteBlocksCommandHandler.java:handle(106)) - Start to delete container blocks, TXIDs=[1(2)], numOfContainers=1, numOfBlocks=1
2019-10-17 07:02:22,615 [Thread-714] INFO  impl.FollowerState (FollowerState.java:run(108)) - 03dd9899-51e5-4f83-b08a-708074177aaf@group-C349846DEF79-FollowerState: change to CANDIDATE, lastRpcTime:192ms, electionTimeout:192ms
2019-10-17 07:02:22,615 [Thread-714] INFO  impl.RoleInfo (RoleInfo.java:shutdownFollowerState(121)) - 03dd9899-51e5-4f83-b08a-708074177aaf: shutdown FollowerState
2019-10-17 07:02:22,615 [Thread-714] INFO  impl.RaftServerImpl (RaftServerImpl.java:setRole(184)) - 03dd9899-51e5-4f83-b08a-708074177aaf@group-C349846DEF79: changes role from  FOLLOWER to CANDIDATE at term 22 for changeToCandidate
2019-10-17 07:02:22,615 [Thread-714] INFO  impl.RoleInfo (RoleInfo.java:updateAndGet(143)) - 03dd9899-51e5-4f83-b08a-708074177aaf: start LeaderElection
2019-10-17 07:02:22,633 [03dd9899-51e5-4f83-b08a-708074177aaf@group-C349846DEF79-LeaderElection25] INFO  impl.LeaderElection (LeaderElection.java:askForVotes(178)) - 03dd9899-51e5-4f83-b08a-708074177aaf@group-C349846DEF79-LeaderElection25: begin an election at term 23 for 0: [328eda30-7a38-4124-8420-4db3824d3ef4:192.168.34.62:34889, 03dd9899-51e5-4f83-b08a-708074177aaf:192.168.34.62:36351, cae7164a-c8b0-4e78-9c02-4190bab4d7cb:192.168.34.62:46027], old=null
2019-10-17 07:02:22,638 [grpc-default-executor-3] INFO  impl.RaftServerImpl (RaftServerImpl.java:setRole(184)) - cae7164a-c8b0-4e78-9c02-4190bab4d7cb@group-C349846DEF79: changes role from  FOLLOWER to FOLLOWER at term 23 for recognizeCandidate:03dd9899-51e5-4f83-b08a-708074177aaf
2019-10-17 07:02:22,638 [grpc-default-executor-0] INFO  impl.RaftServerImpl (RaftServerImpl.java:setRole(184)) - 328eda30-7a38-4124-8420-4db3824d3ef4@group-C349846DEF79: changes role from  FOLLOWER to FOLLOWER at term 23 for recognizeCandidate:03dd9899-51e5-4f83-b08a-708074177aaf
2019-10-17 07:02:22,639 [grpc-default-executor-3] INFO  impl.RoleInfo (RoleInfo.java:shutdownFollowerState(121)) - cae7164a-c8b0-4e78-9c02-4190bab4d7cb: shutdown FollowerState
2019-10-17 07:02:22,639 [grpc-default-executor-0] INFO  impl.RoleInfo (RoleInfo.java:shutdownFollowerState(121)) - 328eda30-7a38-4124-8420-4db3824d3ef4: shutdown FollowerState
2019-10-17 07:02:22,639 [Thread-713] INFO  impl.FollowerState (FollowerState.java:run(117)) - cae7164a-c8b0-4e78-9c02-4190bab4d7cb@group-C349846DEF79-FollowerState was interrupted: java.lang.InterruptedException: sleep interrupted
2019-10-17 07:02:22,639 [grpc-default-executor-3] INFO  impl.RoleInfo (RoleInfo.java:updateAndGet(143)) - cae7164a-c8b0-4e78-9c02-4190bab4d7cb: start FollowerState
2019-10-17 07:02:22,639 [grpc-default-executor-0] INFO  impl.RoleInfo (RoleInfo.java:updateAndGet(143)) - 328eda30-7a38-4124-8420-4db3824d3ef4: start FollowerState
2019-10-17 07:02:22,639 [Thread-712] INFO  impl.FollowerState (FollowerState.java:run(117)) - 328eda30-7a38-4124-8420-4db3824d3ef4@group-C349846DEF79-FollowerState was interrupted: java.lang.InterruptedException: sleep interrupted
2019-10-17 07:02:22,640 [Thread-721] INFO  client.GrpcClientProtocolService (GrpcClientProtocolService.java:lambda$processClientRequest$0(278)) - Failed RaftClientRequest:client-1BB1B1ECBBFA->328eda30-7a38-4124-8420-4db3824d3ef4@group-C349846DEF79, cid=10, seq=0, Watch-ALL_COMMITTED(6), Message:<EMPTY>, reply=RaftClientReply:client-1BB1B1ECBBFA->328eda30-7a38-4124-8420-4db3824d3ef4@group-C349846DEF79, cid=10, FAILED org.apache.ratis.protocol.NotLeaderException: Server 328eda30-7a38-4124-8420-4db3824d3ef4@group-C349846DEF79 is not the leader, logIndex=0, commits[328eda30-7a38-4124-8420-4db3824d3ef4:c10, 03dd9899-51e5-4f83-b08a-708074177aaf:c4, cae7164a-c8b0-4e78-9c02-4190bab4d7cb:c10]
2019-10-17 07:02:22,647 [EventQueue-DeleteBlockStatusForDeletedBlockLogImpl] WARN  block.DeletedBlockLogImpl (DeletedBlockLogImpl.java:commitTransactions(205)) - Transaction txId=1 commit by dnId=03dd9899-51e5-4f83-b08a-708074177aaf for containerID=#1 failed. Corresponding entry not found.
2019-10-17 07:02:22,647 [EventQueue-DeleteBlockStatusForDeletedBlockLogImpl] WARN  block.DeletedBlockLogImpl (DeletedBlockLogImpl.java:commitTransactions(205)) - Transaction txId=1 commit by dnId=03dd9899-51e5-4f83-b08a-708074177aaf for containerID=#1 failed. Corresponding entry not found.
2019-10-17 07:02:22,647 [EventQueue-DeleteBlockStatusForDeletedBlockLogImpl] WARN  block.DeletedBlockLogImpl (DeletedBlockLogImpl.java:commitTransactions(205)) - Transaction txId=1 commit by dnId=03dd9899-51e5-4f83-b08a-708074177aaf for containerID=#1 failed. Corresponding entry not found.
2019-10-17 07:02:22,647 [EventQueue-DeleteBlockStatusForDeletedBlockLogImpl] WARN  block.DeletedBlockLogImpl (DeletedBlockLogImpl.java:commitTransactions(205)) - Transaction txId=1 commit by dnId=03dd9899-51e5-4f83-b08a-708074177aaf for containerID=#1 failed. Corresponding entry not found.
2019-10-17 07:02:22,647 [EventQueue-DeleteBlockStatusForDeletedBlockLogImpl] WARN  block.DeletedBlockLogImpl (DeletedBlockLogImpl.java:commitTransactions(205)) - Transaction txId=1 commit by dnId=03dd9899-51e5-4f83-b08a-708074177aaf for containerID=#1 failed. Corresponding entry not found.
2019-10-17 07:02:22,647 [EventQueue-DeleteBlockStatusForDeletedBlockLogImpl] WARN  block.DeletedBlockLogImpl (DeletedBlockLogImpl.java:commitTransactions(205)) - Transaction txId=1 commit by dnId=03dd9899-51e5-4f83-b08a-708074177aaf for containerID=#1 failed. Corresponding entry not found.
2019-10-17 07:02:22,654 [03dd9899-51e5-4f83-b08a-708074177aaf@group-C349846DEF79-LeaderElection25] INFO  impl.LeaderElection (LeaderElection.java:logAndReturn(56)) - 03dd9899-51e5-4f83-b08a-708074177aaf@group-C349846DEF79-LeaderElection25: Election REJECTED; received 2 response(s) [03dd9899-51e5-4f83-b08a-708074177aaf<-328eda30-7a38-4124-8420-4db3824d3ef4#0:FAIL-t23, 03dd9899-51e5-4f83-b08a-708074177aaf<-cae7164a-c8b0-4e78-9c02-4190bab4d7cb#0:FAIL-t23] and 0 exception(s); 03dd9899-51e5-4f83-b08a-708074177aaf@group-C349846DEF79:t23, leader=null, voted=03dd9899-51e5-4f83-b08a-708074177aaf, raftlog=03dd9899-51e5-4f83-b08a-708074177aaf@group-C349846DEF79-SegmentedRaftLog:OPENED:c3,f4,i4, conf=0: [328eda30-7a38-4124-8420-4db3824d3ef4:192.168.34.62:34889, 03dd9899-51e5-4f83-b08a-708074177aaf:192.168.34.62:36351, cae7164a-c8b0-4e78-9c02-4190bab4d7cb:192.168.34.62:46027], old=null
2019-10-17 07:02:22,655 [03dd9899-51e5-4f83-b08a-708074177aaf@group-C349846DEF79-LeaderElection25] INFO  impl.RaftServerImpl (RaftServerImpl.java:setRole(184)) - 03dd9899-51e5-4f83-b08a-708074177aaf@group-C349846DEF79: changes role from CANDIDATE to FOLLOWER at term 23 for DISCOVERED_A_NEW_TERM
2019-10-17 07:02:22,655 [03dd9899-51e5-4f83-b08a-708074177aaf@group-C349846DEF79-LeaderElection25] INFO  impl.RoleInfo (RoleInfo.java:shutdownLeaderElection(134)) - 03dd9899-51e5-4f83-b08a-708074177aaf: shutdown LeaderElection
2019-10-17 07:02:22,656 [03dd9899-51e5-4f83-b08a-708074177aaf@group-C349846DEF79-LeaderElection25] INFO  impl.RoleInfo (RoleInfo.java:updateAndGet(143)) - 03dd9899-51e5-4f83-b08a-708074177aaf: start FollowerState
2019-10-17 07:02:22,784 [Thread-723] INFO  impl.FollowerState (FollowerState.java:run(108)) - 03dd9899-51e5-4f83-b08a-708074177aaf@group-C349846DEF79-FollowerState: change to CANDIDATE, lastRpcTime:128ms, electionTimeout:128ms
2019-10-17 07:02:22,785 [Thread-723] INFO  impl.RoleInfo (RoleInfo.java:shutdownFollowerState(121)) - 03dd9899-51e5-4f83-b08a-708074177aaf: shutdown FollowerState
2019-10-17 07:02:22,785 [Thread-723] INFO  impl.RaftServerImpl (RaftServerImpl.java:setRole(184)) - 03dd9899-51e5-4f83-b08a-708074177aaf@group-C349846DEF79: changes role from  FOLLOWER to CANDIDATE at term 23 for changeToCandidate
2019-10-17 07:02:22,786 [Thread-723] INFO  impl.RoleInfo (RoleInfo.java:updateAndGet(143)) - 03dd9899-51e5-4f83-b08a-708074177aaf: start LeaderElection
2019-10-17 07:02:22,809 [03dd9899-51e5-4f83-b08a-708074177aaf@group-C349846DEF79-LeaderElection26] INFO  impl.LeaderElection (LeaderElection.java:askForVotes(178)) - 03dd9899-51e5-4f83-b08a-708074177aaf@group-C349846DEF79-LeaderElection26: begin an election at term 24 for 0: [328eda30-7a38-4124-8420-4db3824d3ef4:192.168.34.62:34889, 03dd9899-51e5-4f83-b08a-708074177aaf:192.168.34.62:36351, cae7164a-c8b0-4e78-9c02-4190bab4d7cb:192.168.34.62:46027], old=null
2019-10-17 07:02:22,812 [grpc-default-executor-0] INFO  impl.RaftServerImpl (RaftServerImpl.java:setRole(184)) - cae7164a-c8b0-4e78-9c02-4190bab4d7cb@group-C349846DEF79: changes role from  FOLLOWER to FOLLOWER at term 24 for recognizeCandidate:03dd9899-51e5-4f83-b08a-708074177aaf
2019-10-17 07:02:22,812 [grpc-default-executor-3] INFO  impl.RaftServerImpl (RaftServerImpl.java:setRole(184)) - 328eda30-7a38-4124-8420-4db3824d3ef4@group-C349846DEF79: changes role from  FOLLOWER to FOLLOWER at term 24 for recognizeCandidate:03dd9899-51e5-4f83-b08a-708074177aaf
2019-10-17 07:02:22,812 [grpc-default-executor-0] INFO  impl.RoleInfo (RoleInfo.java:shutdownFollowerState(121)) - cae7164a-c8b0-4e78-9c02-4190bab4d7cb: shutdown FollowerState
2019-10-17 07:02:22,812 [grpc-default-executor-3] INFO  impl.RoleInfo (RoleInfo.java:shutdownFollowerState(121)) - 328eda30-7a38-4124-8420-4db3824d3ef4: shutdown FollowerState
2019-10-17 07:02:22,812 [grpc-default-executor-0] INFO  impl.RoleInfo (RoleInfo.java:updateAndGet(143)) - cae7164a-c8b0-4e78-9c02-4190bab4d7cb: start FollowerState
2019-10-17 07:02:22,812 [Thread-719] INFO  impl.FollowerState (FollowerState.java:run(117)) - cae7164a-c8b0-4e78-9c02-4190bab4d7cb@group-C349846DEF79-FollowerState was interrupted: java.lang.InterruptedException: sleep interrupted
2019-10-17 07:02:22,813 [grpc-default-executor-3] INFO  impl.RoleInfo (RoleInfo.java:updateAndGet(143)) - 328eda30-7a38-4124-8420-4db3824d3ef4: start FollowerState
2019-10-17 07:02:22,813 [Thread-720] INFO  impl.FollowerState (FollowerState.java:run(117)) - 328eda30-7a38-4124-8420-4db3824d3ef4@group-C349846DEF79-FollowerState was interrupted: java.lang.InterruptedException: sleep interrupted
2019-10-17 07:02:22,824 [BlockDeletingService#2] WARN  background.BlockDeletingService (BlockDeletingService.java:isDeletionAllowed(187)) - Close Container log Index 6 is not replicated across allthe servers in the pipeline 72246393-9d1a-4fd5-982f-c349846def79 as the min replicated index is 4. Deletion is not allowed in this container yet.
2019-10-17 07:02:22,825 [BlockDeletingService#2] WARN  background.BlockDeletingService (BlockDeletingService.java:isDeletionAllowed(187)) - Close Container log Index 6 is not replicated across allthe servers in the pipeline 72246393-9d1a-4fd5-982f-c349846def79 as the min replicated index is 4. Deletion is not allowed in this container yet.
2019-10-17 07:02:22,837 [03dd9899-51e5-4f83-b08a-708074177aaf@group-C349846DEF79-LeaderElection26] INFO  impl.LeaderElection (LeaderElection.java:logAndReturn(56)) - 03dd9899-51e5-4f83-b08a-708074177aaf@group-C349846DEF79-LeaderElection26: Election REJECTED; received 2 response(s) [03dd9899-51e5-4f83-b08a-708074177aaf<-328eda30-7a38-4124-8420-4db3824d3ef4#0:FAIL-t24, 03dd9899-51e5-4f83-b08a-708074177aaf<-cae7164a-c8b0-4e78-9c02-4190bab4d7cb#0:FAIL-t24] and 0 exception(s); 03dd9899-51e5-4f83-b08a-708074177aaf@group-C349846DEF79:t24, leader=null, voted=03dd9899-51e5-4f83-b08a-708074177aaf, raftlog=03dd9899-51e5-4f83-b08a-708074177aaf@group-C349846DEF79-SegmentedRaftLog:OPENED:c3,f4,i4, conf=0: [328eda30-7a38-4124-8420-4db3824d3ef4:192.168.34.62:34889, 03dd9899-51e5-4f83-b08a-708074177aaf:192.168.34.62:36351, cae7164a-c8b0-4e78-9c02-4190bab4d7cb:192.168.34.62:46027], old=null
2019-10-17 07:02:22,837 [03dd9899-51e5-4f83-b08a-708074177aaf@group-C349846DEF79-LeaderElection26] INFO  impl.RaftServerImpl (RaftServerImpl.java:setRole(184)) - 03dd9899-51e5-4f83-b08a-708074177aaf@group-C349846DEF79: changes role from CANDIDATE to FOLLOWER at term 24 for DISCOVERED_A_NEW_TERM
2019-10-17 07:02:22,838 [03dd9899-51e5-4f83-b08a-708074177aaf@group-C349846DEF79-LeaderElection26] INFO  impl.RoleInfo (RoleInfo.java:shutdownLeaderElection(134)) - 03dd9899-51e5-4f83-b08a-708074177aaf: shutdown LeaderElection
2019-10-17 07:02:22,838 [03dd9899-51e5-4f83-b08a-708074177aaf@group-C349846DEF79-LeaderElection26] INFO  impl.RoleInfo (RoleInfo.java:updateAndGet(143)) - 03dd9899-51e5-4f83-b08a-708074177aaf: start FollowerState
2019-10-17 07:02:22,873 [Thread-731] INFO  impl.FollowerState (FollowerState.java:run(108)) - 03dd9899-51e5-4f83-b08a-708074177aaf@group-C349846DEF79-FollowerState: change to CANDIDATE, lastRpcTime:35ms, electionTimeout:35ms
2019-10-17 07:02:22,874 [Thread-731] INFO  impl.RoleInfo (RoleInfo.java:shutdownFollowerState(121)) - 03dd9899-51e5-4f83-b08a-708074177aaf: shutdown FollowerState
2019-10-17 07:02:22,875 [Thread-731] INFO  impl.RaftServerImpl (RaftServerImpl.java:setRole(184)) - 03dd9899-51e5-4f83-b08a-708074177aaf@group-C349846DEF79: changes role from  FOLLOWER to CANDIDATE at term 24 for changeToCandidate
2019-10-17 07:02:22,875 [Thread-731] INFO  impl.RoleInfo (RoleInfo.java:updateAndGet(143)) - 03dd9899-51e5-4f83-b08a-708074177aaf: start LeaderElection
2019-10-17 07:02:22,888 [03dd9899-51e5-4f83-b08a-708074177aaf@group-C349846DEF79-LeaderElection27] INFO  impl.LeaderElection (LeaderElection.java:askForVotes(178)) - 03dd9899-51e5-4f83-b08a-708074177aaf@group-C349846DEF79-LeaderElection27: begin an election at term 25 for 0: [328eda30-7a38-4124-8420-4db3824d3ef4:192.168.34.62:34889, 03dd9899-51e5-4f83-b08a-708074177aaf:192.168.34.62:36351, cae7164a-c8b0-4e78-9c02-4190bab4d7cb:192.168.34.62:46027], old=null
2019-10-17 07:02:22,891 [grpc-default-executor-0] INFO  impl.RaftServerImpl (RaftServerImpl.java:setRole(184)) - cae7164a-c8b0-4e78-9c02-4190bab4d7cb@group-C349846DEF79: changes role from  FOLLOWER to FOLLOWER at term 25 for recognizeCandidate:03dd9899-51e5-4f83-b08a-708074177aaf
2019-10-17 07:02:22,891 [grpc-default-executor-3] INFO  impl.RaftServerImpl (RaftServerImpl.java:setRole(184)) - 328eda30-7a38-4124-8420-4db3824d3ef4@group-C349846DEF79: changes role from  FOLLOWER to FOLLOWER at term 25 for recognizeCandidate:03dd9899-51e5-4f83-b08a-708074177aaf
2019-10-17 07:02:22,891 [grpc-default-executor-0] INFO  impl.RoleInfo (RoleInfo.java:shutdownFollowerState(121)) - cae7164a-c8b0-4e78-9c02-4190bab4d7cb: shutdown FollowerState
2019-10-17 07:02:22,891 [grpc-default-executor-3] INFO  impl.RoleInfo (RoleInfo.java:shutdownFollowerState(121)) - 328eda30-7a38-4124-8420-4db3824d3ef4: shutdown FollowerState
2019-10-17 07:02:22,891 [grpc-default-executor-0] INFO  impl.RoleInfo (RoleInfo.java:updateAndGet(143)) - cae7164a-c8b0-4e78-9c02-4190bab4d7cb: start FollowerState
2019-10-17 07:02:22,891 [grpc-default-executor-3] INFO  impl.RoleInfo (RoleInfo.java:updateAndGet(143)) - 328eda30-7a38-4124-8420-4db3824d3ef4: start FollowerState
2019-10-17 07:02:22,891 [Thread-727] INFO  impl.FollowerState (FollowerState.java:run(117)) - cae7164a-c8b0-4e78-9c02-4190bab4d7cb@group-C349846DEF79-FollowerState was interrupted: java.lang.InterruptedException: sleep interrupted
2019-10-17 07:02:22,891 [Thread-728] INFO  impl.FollowerState (FollowerState.java:run(117)) - 328eda30-7a38-4124-8420-4db3824d3ef4@group-C349846DEF79-FollowerState was interrupted: java.lang.InterruptedException: sleep interrupted
2019-10-17 07:02:22,917 [03dd9899-51e5-4f83-b08a-708074177aaf@group-C349846DEF79-LeaderElection27] INFO  impl.LeaderElection (LeaderElection.java:logAndReturn(56)) - 03dd9899-51e5-4f83-b08a-708074177aaf@group-C349846DEF79-LeaderElection27: Election REJECTED; received 2 response(s) [03dd9899-51e5-4f83-b08a-708074177aaf<-328eda30-7a38-4124-8420-4db3824d3ef4#0:FAIL-t25, 03dd9899-51e5-4f83-b08a-708074177aaf<-cae7164a-c8b0-4e78-9c02-4190bab4d7cb#0:FAIL-t25] and 0 exception(s); 03dd9899-51e5-4f83-b08a-708074177aaf@group-C349846DEF79:t25, leader=null, voted=03dd9899-51e5-4f83-b08a-708074177aaf, raftlog=03dd9899-51e5-4f83-b08a-708074177aaf@group-C349846DEF79-SegmentedRaftLog:OPENED:c3,f4,i4, conf=0: [328eda30-7a38-4124-8420-4db3824d3ef4:192.168.34.62:34889, 03dd9899-51e5-4f83-b08a-708074177aaf:192.168.34.62:36351, cae7164a-c8b0-4e78-9c02-4190bab4d7cb:192.168.34.62:46027], old=null
2019-10-17 07:02:22,917 [03dd9899-51e5-4f83-b08a-708074177aaf@group-C349846DEF79-LeaderElection27] INFO  impl.RaftServerImpl (RaftServerImpl.java:setRole(184)) - 03dd9899-51e5-4f83-b08a-708074177aaf@group-C349846DEF79: changes role from CANDIDATE to FOLLOWER at term 25 for DISCOVERED_A_NEW_TERM
2019-10-17 07:02:22,917 [03dd9899-51e5-4f83-b08a-708074177aaf@group-C349846DEF79-LeaderElection27] INFO  impl.RoleInfo (RoleInfo.java:shutdownLeaderElection(134)) - 03dd9899-51e5-4f83-b08a-708074177aaf: shutdown LeaderElection
2019-10-17 07:02:22,917 [03dd9899-51e5-4f83-b08a-708074177aaf@group-C349846DEF79-LeaderElection27] INFO  impl.RoleInfo (RoleInfo.java:updateAndGet(143)) - 03dd9899-51e5-4f83-b08a-708074177aaf: start FollowerState
2019-10-17 07:02:23,080 [Thread-737] INFO  impl.FollowerState (FollowerState.java:run(108)) - 03dd9899-51e5-4f83-b08a-708074177aaf@group-C349846DEF79-FollowerState: change to CANDIDATE, lastRpcTime:162ms, electionTimeout:162ms
2019-10-17 07:02:23,081 [Thread-737] INFO  impl.RoleInfo (RoleInfo.java:shutdownFollowerState(121)) - 03dd9899-51e5-4f83-b08a-708074177aaf: shutdown FollowerState
2019-10-17 07:02:23,081 [Thread-737] INFO  impl.RaftServerImpl (RaftServerImpl.java:setRole(184)) - 03dd9899-51e5-4f83-b08a-708074177aaf@group-C349846DEF79: changes role from  FOLLOWER to CANDIDATE at term 25 for changeToCandidate
2019-10-17 07:02:23,082 [Thread-737] INFO  impl.RoleInfo (RoleInfo.java:updateAndGet(143)) - 03dd9899-51e5-4f83-b08a-708074177aaf: start LeaderElection
2019-10-17 07:02:23,096 [03dd9899-51e5-4f83-b08a-708074177aaf@group-C349846DEF79-LeaderElection28] INFO  impl.LeaderElection (LeaderElection.java:askForVotes(178)) - 03dd9899-51e5-4f83-b08a-708074177aaf@group-C349846DEF79-LeaderElection28: begin an election at term 26 for 0: [328eda30-7a38-4124-8420-4db3824d3ef4:192.168.34.62:34889, 03dd9899-51e5-4f83-b08a-708074177aaf:192.168.34.62:36351, cae7164a-c8b0-4e78-9c02-4190bab4d7cb:192.168.34.62:46027], old=null
2019-10-17 07:02:23,099 [grpc-default-executor-3] INFO  impl.RaftServerImpl (RaftServerImpl.java:setRole(184)) - cae7164a-c8b0-4e78-9c02-4190bab4d7cb@group-C349846DEF79: changes role from  FOLLOWER to FOLLOWER at term 26 for recognizeCandidate:03dd9899-51e5-4f83-b08a-708074177aaf
2019-10-17 07:02:23,099 [grpc-default-executor-0] INFO  impl.RaftServerImpl (RaftServerImpl.java:setRole(184)) - 328eda30-7a38-4124-8420-4db3824d3ef4@group-C349846DEF79: changes role from  FOLLOWER to FOLLOWER at term 26 for recognizeCandidate:03dd9899-51e5-4f83-b08a-708074177aaf
2019-10-17 07:02:23,099 [grpc-default-executor-3] INFO  impl.RoleInfo (RoleInfo.java:shutdownFollowerState(121)) - cae7164a-c8b0-4e78-9c02-4190bab4d7cb: shutdown FollowerState
2019-10-17 07:02:23,099 [grpc-default-executor-0] INFO  impl.RoleInfo (RoleInfo.java:shutdownFollowerState(121)) - 328eda30-7a38-4124-8420-4db3824d3ef4: shutdown FollowerState
2019-10-17 07:02:23,099 [Thread-735] INFO  impl.FollowerState (FollowerState.java:run(117)) - cae7164a-c8b0-4e78-9c02-4190bab4d7cb@group-C349846DEF79-FollowerState was interrupted: java.lang.InterruptedException: sleep interrupted
2019-10-17 07:02:23,099 [grpc-default-executor-3] INFO  impl.RoleInfo (RoleInfo.java:updateAndGet(143)) - cae7164a-c8b0-4e78-9c02-4190bab4d7cb: start FollowerState
2019-10-17 07:02:23,100 [grpc-default-executor-0] INFO  impl.RoleInfo (RoleInfo.java:updateAndGet(143)) - 328eda30-7a38-4124-8420-4db3824d3ef4: start FollowerState
2019-10-17 07:02:23,100 [Thread-736] INFO  impl.FollowerState (FollowerState.java:run(117)) - 328eda30-7a38-4124-8420-4db3824d3ef4@group-C349846DEF79-FollowerState was interrupted: java.lang.InterruptedException: sleep interrupted
2019-10-17 07:02:23,114 [03dd9899-51e5-4f83-b08a-708074177aaf@group-C349846DEF79-LeaderElection28] INFO  impl.LeaderElection (LeaderElection.java:logAndReturn(56)) - 03dd9899-51e5-4f83-b08a-708074177aaf@group-C349846DEF79-LeaderElection28: Election REJECTED; received 2 response(s) [03dd9899-51e5-4f83-b08a-708074177aaf<-328eda30-7a38-4124-8420-4db3824d3ef4#0:FAIL-t26, 03dd9899-51e5-4f83-b08a-708074177aaf<-cae7164a-c8b0-4e78-9c02-4190bab4d7cb#0:FAIL-t26] and 0 exception(s); 03dd9899-51e5-4f83-b08a-708074177aaf@group-C349846DEF79:t26, leader=null, voted=03dd9899-51e5-4f83-b08a-708074177aaf, raftlog=03dd9899-51e5-4f83-b08a-708074177aaf@group-C349846DEF79-SegmentedRaftLog:OPENED:c3,f4,i4, conf=0: [328eda30-7a38-4124-8420-4db3824d3ef4:192.168.34.62:34889, 03dd9899-51e5-4f83-b08a-708074177aaf:192.168.34.62:36351, cae7164a-c8b0-4e78-9c02-4190bab4d7cb:192.168.34.62:46027], old=null
2019-10-17 07:02:23,114 [03dd9899-51e5-4f83-b08a-708074177aaf@group-C349846DEF79-LeaderElection28] INFO  impl.RaftServerImpl (RaftServerImpl.java:setRole(184)) - 03dd9899-51e5-4f83-b08a-708074177aaf@group-C349846DEF79: changes role from CANDIDATE to FOLLOWER at term 26 for DISCOVERED_A_NEW_TERM
2019-10-17 07:02:23,114 [03dd9899-51e5-4f83-b08a-708074177aaf@group-C349846DEF79-LeaderElection28] INFO  impl.RoleInfo (RoleInfo.java:shutdownLeaderElection(134)) - 03dd9899-51e5-4f83-b08a-708074177aaf: shutdown LeaderElection
2019-10-17 07:02:23,115 [03dd9899-51e5-4f83-b08a-708074177aaf@group-C349846DEF79-LeaderElection28] INFO  impl.RoleInfo (RoleInfo.java:updateAndGet(143)) - 03dd9899-51e5-4f83-b08a-708074177aaf: start FollowerState
2019-10-17 07:02:23,188 [Thread-743] INFO  impl.FollowerState (FollowerState.java:run(108)) - 03dd9899-51e5-4f83-b08a-708074177aaf@group-C349846DEF79-FollowerState: change to CANDIDATE, lastRpcTime:73ms, electionTimeout:73ms
2019-10-17 07:02:23,189 [Thread-743] INFO  impl.RoleInfo (RoleInfo.java:shutdownFollowerState(121)) - 03dd9899-51e5-4f83-b08a-708074177aaf: shutdown FollowerState
2019-10-17 07:02:23,190 [Thread-743] INFO  impl.RaftServerImpl (RaftServerImpl.java:setRole(184)) - 03dd9899-51e5-4f83-b08a-708074177aaf@group-C349846DEF79: changes role from  FOLLOWER to CANDIDATE at term 26 for changeToCandidate
2019-10-17 07:02:23,190 [Thread-743] INFO  impl.RoleInfo (RoleInfo.java:updateAndGet(143)) - 03dd9899-51e5-4f83-b08a-708074177aaf: start LeaderElection
2019-10-17 07:02:23,203 [03dd9899-51e5-4f83-b08a-708074177aaf@group-C349846DEF79-LeaderElection29] INFO  impl.LeaderElection (LeaderElection.java:askForVotes(178)) - 03dd9899-51e5-4f83-b08a-708074177aaf@group-C349846DEF79-LeaderElection29: begin an election at term 27 for 0: [328eda30-7a38-4124-8420-4db3824d3ef4:192.168.34.62:34889, 03dd9899-51e5-4f83-b08a-708074177aaf:192.168.34.62:36351, cae7164a-c8b0-4e78-9c02-4190bab4d7cb:192.168.34.62:46027], old=null
2019-10-17 07:02:23,206 [grpc-default-executor-0] INFO  impl.RaftServerImpl (RaftServerImpl.java:setRole(184)) - cae7164a-c8b0-4e78-9c02-4190bab4d7cb@group-C349846DEF79: changes role from  FOLLOWER to FOLLOWER at term 27 for recognizeCandidate:03dd9899-51e5-4f83-b08a-708074177aaf
2019-10-17 07:02:23,206 [grpc-default-executor-3] INFO  impl.RaftServerImpl (RaftServerImpl.java:setRole(184)) - 328eda30-7a38-4124-8420-4db3824d3ef4@group-C349846DEF79: changes role from  FOLLOWER to FOLLOWER at term 27 for recognizeCandidate:03dd9899-51e5-4f83-b08a-708074177aaf
2019-10-17 07:02:23,206 [grpc-default-executor-0] INFO  impl.RoleInfo (RoleInfo.java:shutdownFollowerState(121)) - cae7164a-c8b0-4e78-9c02-4190bab4d7cb: shutdown FollowerState
2019-10-17 07:02:23,206 [grpc-default-executor-3] INFO  impl.RoleInfo (RoleInfo.java:shutdownFollowerState(121)) - 328eda30-7a38-4124-8420-4db3824d3ef4: shutdown FollowerState
2019-10-17 07:02:23,207 [grpc-default-executor-0] INFO  impl.RoleInfo (RoleInfo.java:updateAndGet(143)) - cae7164a-c8b0-4e78-9c02-4190bab4d7cb: start FollowerState
2019-10-17 07:02:23,207 [Thread-742] INFO  impl.FollowerState (FollowerState.java:run(117)) - 328eda30-7a38-4124-8420-4db3824d3ef4@group-C349846DEF79-FollowerState was interrupted: java.lang.InterruptedException: sleep interrupted
2019-10-17 07:02:23,207 [grpc-default-executor-3] INFO  impl.RoleInfo (RoleInfo.java:updateAndGet(143)) - 328eda30-7a38-4124-8420-4db3824d3ef4: start FollowerState
2019-10-17 07:02:23,206 [Thread-741] INFO  impl.FollowerState (FollowerState.java:run(117)) - cae7164a-c8b0-4e78-9c02-4190bab4d7cb@group-C349846DEF79-FollowerState was interrupted: java.lang.InterruptedException: sleep interrupted
2019-10-17 07:02:23,222 [03dd9899-51e5-4f83-b08a-708074177aaf@group-C349846DEF79-LeaderElection29] INFO  impl.LeaderElection (LeaderElection.java:logAndReturn(56)) - 03dd9899-51e5-4f83-b08a-708074177aaf@group-C349846DEF79-LeaderElection29: Election REJECTED; received 2 response(s) [03dd9899-51e5-4f83-b08a-708074177aaf<-328eda30-7a38-4124-8420-4db3824d3ef4#0:FAIL-t27, 03dd9899-51e5-4f83-b08a-708074177aaf<-cae7164a-c8b0-4e78-9c02-4190bab4d7cb#0:FAIL-t27] and 0 exception(s); 03dd9899-51e5-4f83-b08a-708074177aaf@group-C349846DEF79:t27, leader=null, voted=03dd9899-51e5-4f83-b08a-708074177aaf, raftlog=03dd9899-51e5-4f83-b08a-708074177aaf@group-C349846DEF79-SegmentedRaftLog:OPENED:c3,f4,i4, conf=0: [328eda30-7a38-4124-8420-4db3824d3ef4:192.168.34.62:34889, 03dd9899-51e5-4f83-b08a-708074177aaf:192.168.34.62:36351, cae7164a-c8b0-4e78-9c02-4190bab4d7cb:192.168.34.62:46027], old=null
2019-10-17 07:02:23,222 [03dd9899-51e5-4f83-b08a-708074177aaf@group-C349846DEF79-LeaderElection29] INFO  impl.RaftServerImpl (RaftServerImpl.java:setRole(184)) - 03dd9899-51e5-4f83-b08a-708074177aaf@group-C349846DEF79: changes role from CANDIDATE to FOLLOWER at term 27 for DISCOVERED_A_NEW_TERM
2019-10-17 07:02:23,222 [03dd9899-51e5-4f83-b08a-708074177aaf@group-C349846DEF79-LeaderElection29] INFO  impl.RoleInfo (RoleInfo.java:shutdownLeaderElection(134)) - 03dd9899-51e5-4f83-b08a-708074177aaf: shutdown LeaderElection
2019-10-17 07:02:23,222 [03dd9899-51e5-4f83-b08a-708074177aaf@group-C349846DEF79-LeaderElection29] INFO  impl.RoleInfo (RoleInfo.java:updateAndGet(143)) - 03dd9899-51e5-4f83-b08a-708074177aaf: start FollowerState
2019-10-17 07:02:23,416 [Thread-749] INFO  impl.FollowerState (FollowerState.java:run(108)) - 03dd9899-51e5-4f83-b08a-708074177aaf@group-C349846DEF79-FollowerState: change to CANDIDATE, lastRpcTime:193ms, electionTimeout:193ms
2019-10-17 07:02:23,417 [Thread-749] INFO  impl.RoleInfo (RoleInfo.java:shutdownFollowerState(121)) - 03dd9899-51e5-4f83-b08a-708074177aaf: shutdown FollowerState
2019-10-17 07:02:23,417 [Thread-749] INFO  impl.RaftServerImpl (RaftServerImpl.java:setRole(184)) - 03dd9899-51e5-4f83-b08a-708074177aaf@group-C349846DEF79: changes role from  FOLLOWER to CANDIDATE at term 27 for changeToCandidate
2019-10-17 07:02:23,418 [Thread-749] INFO  impl.RoleInfo (RoleInfo.java:updateAndGet(143)) - 03dd9899-51e5-4f83-b08a-708074177aaf: start LeaderElection
2019-10-17 07:02:23,431 [03dd9899-51e5-4f83-b08a-708074177aaf@group-C349846DEF79-LeaderElection30] INFO  impl.LeaderElection (LeaderElection.java:askForVotes(178)) - 03dd9899-51e5-4f83-b08a-708074177aaf@group-C349846DEF79-LeaderElection30: begin an election at term 28 for 0: [328eda30-7a38-4124-8420-4db3824d3ef4:192.168.34.62:34889, 03dd9899-51e5-4f83-b08a-708074177aaf:192.168.34.62:36351, cae7164a-c8b0-4e78-9c02-4190bab4d7cb:192.168.34.62:46027], old=null
2019-10-17 07:02:23,434 [grpc-default-executor-3] INFO  impl.RaftServerImpl (RaftServerImpl.java:setRole(184)) - 328eda30-7a38-4124-8420-4db3824d3ef4@group-C349846DEF79: changes role from  FOLLOWER to FOLLOWER at term 28 for recognizeCandidate:03dd9899-51e5-4f83-b08a-708074177aaf
2019-10-17 07:02:23,434 [grpc-default-executor-0] INFO  impl.RaftServerImpl (RaftServerImpl.java:setRole(184)) - cae7164a-c8b0-4e78-9c02-4190bab4d7cb@group-C349846DEF79: changes role from  FOLLOWER to FOLLOWER at term 28 for recognizeCandidate:03dd9899-51e5-4f83-b08a-708074177aaf
2019-10-17 07:02:23,435 [grpc-default-executor-3] INFO  impl.RoleInfo (RoleInfo.java:shutdownFollowerState(121)) - 328eda30-7a38-4124-8420-4db3824d3ef4: shutdown FollowerState
2019-10-17 07:02:23,435 [grpc-default-executor-0] INFO  impl.RoleInfo (RoleInfo.java:shutdownFollowerState(121)) - cae7164a-c8b0-4e78-9c02-4190bab4d7cb: shutdown FollowerState
2019-10-17 07:02:23,435 [grpc-default-executor-3] INFO  impl.RoleInfo (RoleInfo.java:updateAndGet(143)) - 328eda30-7a38-4124-8420-4db3824d3ef4: start FollowerState
2019-10-17 07:02:23,435 [Thread-748] INFO  impl.FollowerState (FollowerState.java:run(117)) - 328eda30-7a38-4124-8420-4db3824d3ef4@group-C349846DEF79-FollowerState was interrupted: java.lang.InterruptedException: sleep interrupted
2019-10-17 07:02:23,435 [Thread-747] INFO  impl.FollowerState (FollowerState.java:run(117)) - cae7164a-c8b0-4e78-9c02-4190bab4d7cb@group-C349846DEF79-FollowerState was interrupted: java.lang.InterruptedException: sleep interrupted
2019-10-17 07:02:23,435 [grpc-default-executor-0] INFO  impl.RoleInfo (RoleInfo.java:updateAndGet(143)) - cae7164a-c8b0-4e78-9c02-4190bab4d7cb: start FollowerState
2019-10-17 07:02:23,449 [03dd9899-51e5-4f83-b08a-708074177aaf@group-C349846DEF79-LeaderElection30] INFO  impl.LeaderElection (LeaderElection.java:logAndReturn(56)) - 03dd9899-51e5-4f83-b08a-708074177aaf@group-C349846DEF79-LeaderElection30: Election REJECTED; received 2 response(s) [03dd9899-51e5-4f83-b08a-708074177aaf<-328eda30-7a38-4124-8420-4db3824d3ef4#0:FAIL-t28, 03dd9899-51e5-4f83-b08a-708074177aaf<-cae7164a-c8b0-4e78-9c02-4190bab4d7cb#0:FAIL-t28] and 0 exception(s); 03dd9899-51e5-4f83-b08a-708074177aaf@group-C349846DEF79:t28, leader=null, voted=03dd9899-51e5-4f83-b08a-708074177aaf, raftlog=03dd9899-51e5-4f83-b08a-708074177aaf@group-C349846DEF79-SegmentedRaftLog:OPENED:c3,f4,i4, conf=0: [328eda30-7a38-4124-8420-4db3824d3ef4:192.168.34.62:34889, 03dd9899-51e5-4f83-b08a-708074177aaf:192.168.34.62:36351, cae7164a-c8b0-4e78-9c02-4190bab4d7cb:192.168.34.62:46027], old=null
2019-10-17 07:02:23,449 [03dd9899-51e5-4f83-b08a-708074177aaf@group-C349846DEF79-LeaderElection30] INFO  impl.RaftServerImpl (RaftServerImpl.java:setRole(184)) - 03dd9899-51e5-4f83-b08a-708074177aaf@group-C349846DEF79: changes role from CANDIDATE to FOLLOWER at term 28 for DISCOVERED_A_NEW_TERM
2019-10-17 07:02:23,449 [03dd9899-51e5-4f83-b08a-708074177aaf@group-C349846DEF79-LeaderElection30] INFO  impl.RoleInfo (RoleInfo.java:shutdownLeaderElection(134)) - 03dd9899-51e5-4f83-b08a-708074177aaf: shutdown LeaderElection
2019-10-17 07:02:23,449 [03dd9899-51e5-4f83-b08a-708074177aaf@group-C349846DEF79-LeaderElection30] INFO  impl.RoleInfo (RoleInfo.java:updateAndGet(143)) - 03dd9899-51e5-4f83-b08a-708074177aaf: start FollowerState
2019-10-17 07:02:23,516 [Thread-756] INFO  impl.FollowerState (FollowerState.java:run(108)) - 03dd9899-51e5-4f83-b08a-708074177aaf@group-C349846DEF79-FollowerState: change to CANDIDATE, lastRpcTime:66ms, electionTimeout:66ms
2019-10-17 07:02:23,517 [Thread-756] INFO  impl.RoleInfo (RoleInfo.java:shutdownFollowerState(121)) - 03dd9899-51e5-4f83-b08a-708074177aaf: shutdown FollowerState
2019-10-17 07:02:23,517 [Thread-756] INFO  impl.RaftServerImpl (RaftServerImpl.java:setRole(184)) - 03dd9899-51e5-4f83-b08a-708074177aaf@group-C349846DEF79: changes role from  FOLLOWER to CANDIDATE at term 28 for changeToCandidate
2019-10-17 07:02:23,517 [Thread-756] INFO  impl.RoleInfo (RoleInfo.java:updateAndGet(143)) - 03dd9899-51e5-4f83-b08a-708074177aaf: start LeaderElection
2019-10-17 07:02:23,541 [03dd9899-51e5-4f83-b08a-708074177aaf@group-C349846DEF79-LeaderElection31] INFO  impl.LeaderElection (LeaderElection.java:askForVotes(178)) - 03dd9899-51e5-4f83-b08a-708074177aaf@group-C349846DEF79-LeaderElection31: begin an election at term 29 for 0: [328eda30-7a38-4124-8420-4db3824d3ef4:192.168.34.62:34889, 03dd9899-51e5-4f83-b08a-708074177aaf:192.168.34.62:36351, cae7164a-c8b0-4e78-9c02-4190bab4d7cb:192.168.34.62:46027], old=null
2019-10-17 07:02:23,544 [grpc-default-executor-3] INFO  impl.RaftServerImpl (RaftServerImpl.java:setRole(184)) - cae7164a-c8b0-4e78-9c02-4190bab4d7cb@group-C349846DEF79: changes role from  FOLLOWER to FOLLOWER at term 29 for recognizeCandidate:03dd9899-51e5-4f83-b08a-708074177aaf
2019-10-17 07:02:23,544 [grpc-default-executor-3] INFO  impl.RoleInfo (RoleInfo.java:shutdownFollowerState(121)) - cae7164a-c8b0-4e78-9c02-4190bab4d7cb: shutdown FollowerState
2019-10-17 07:02:23,544 [grpc-default-executor-0] INFO  impl.RaftServerImpl (RaftServerImpl.java:setRole(184)) - 328eda30-7a38-4124-8420-4db3824d3ef4@group-C349846DEF79: changes role from  FOLLOWER to FOLLOWER at term 29 for recognizeCandidate:03dd9899-51e5-4f83-b08a-708074177aaf
2019-10-17 07:02:23,544 [grpc-default-executor-3] INFO  impl.RoleInfo (RoleInfo.java:updateAndGet(143)) - cae7164a-c8b0-4e78-9c02-4190bab4d7cb: start FollowerState
2019-10-17 07:02:23,544 [Thread-755] INFO  impl.FollowerState (FollowerState.java:run(117)) - cae7164a-c8b0-4e78-9c02-4190bab4d7cb@group-C349846DEF79-FollowerState was interrupted: java.lang.InterruptedException: sleep interrupted
2019-10-17 07:02:23,544 [grpc-default-executor-0] INFO  impl.RoleInfo (RoleInfo.java:shutdownFollowerState(121)) - 328eda30-7a38-4124-8420-4db3824d3ef4: shutdown FollowerState
2019-10-17 07:02:23,545 [Thread-754] INFO  impl.FollowerState (FollowerState.java:run(117)) - 328eda30-7a38-4124-8420-4db3824d3ef4@group-C349846DEF79-FollowerState was interrupted: java.lang.InterruptedException: sleep interrupted
2019-10-17 07:02:23,545 [grpc-default-executor-0] INFO  impl.RoleInfo (RoleInfo.java:updateAndGet(143)) - 328eda30-7a38-4124-8420-4db3824d3ef4: start FollowerState
2019-10-17 07:02:23,569 [03dd9899-51e5-4f83-b08a-708074177aaf@group-C349846DEF79-LeaderElection31] INFO  impl.LeaderElection (LeaderElection.java:logAndReturn(56)) - 03dd9899-51e5-4f83-b08a-708074177aaf@group-C349846DEF79-LeaderElection31: Election REJECTED; received 2 response(s) [03dd9899-51e5-4f83-b08a-708074177aaf<-328eda30-7a38-4124-8420-4db3824d3ef4#0:FAIL-t29, 03dd9899-51e5-4f83-b08a-708074177aaf<-cae7164a-c8b0-4e78-9c02-4190bab4d7cb#0:FAIL-t29] and 0 exception(s); 03dd9899-51e5-4f83-b08a-708074177aaf@group-C349846DEF79:t29, leader=null, voted=03dd9899-51e5-4f83-b08a-708074177aaf, raftlog=03dd9899-51e5-4f83-b08a-708074177aaf@group-C349846DEF79-SegmentedRaftLog:OPENED:c3,f4,i4, conf=0: [328eda30-7a38-4124-8420-4db3824d3ef4:192.168.34.62:34889, 03dd9899-51e5-4f83-b08a-708074177aaf:192.168.34.62:36351, cae7164a-c8b0-4e78-9c02-4190bab4d7cb:192.168.34.62:46027], old=null
2019-10-17 07:02:23,569 [03dd9899-51e5-4f83-b08a-708074177aaf@group-C349846DEF79-LeaderElection31] INFO  impl.RaftServerImpl (RaftServerImpl.java:setRole(184)) - 03dd9899-51e5-4f83-b08a-708074177aaf@group-C349846DEF79: changes role from CANDIDATE to FOLLOWER at term 29 for DISCOVERED_A_NEW_TERM
2019-10-17 07:02:23,569 [03dd9899-51e5-4f83-b08a-708074177aaf@group-C349846DEF79-LeaderElection31] INFO  impl.RoleInfo (RoleInfo.java:shutdownLeaderElection(134)) - 03dd9899-51e5-4f83-b08a-708074177aaf: shutdown LeaderElection
2019-10-17 07:02:23,570 [03dd9899-51e5-4f83-b08a-708074177aaf@group-C349846DEF79-LeaderElection31] INFO  impl.RoleInfo (RoleInfo.java:updateAndGet(143)) - 03dd9899-51e5-4f83-b08a-708074177aaf: start FollowerState
2019-10-17 07:02:23,634 [Thread-762] INFO  impl.FollowerState (FollowerState.java:run(108)) - 03dd9899-51e5-4f83-b08a-708074177aaf@group-C349846DEF79-FollowerState: change to CANDIDATE, lastRpcTime:64ms, electionTimeout:64ms
2019-10-17 07:02:23,636 [Thread-762] INFO  impl.RoleInfo (RoleInfo.java:shutdownFollowerState(121)) - 03dd9899-51e5-4f83-b08a-708074177aaf: shutdown FollowerState
2019-10-17 07:02:23,636 [Thread-762] INFO  impl.RaftServerImpl (RaftServerImpl.java:setRole(184)) - 03dd9899-51e5-4f83-b08a-708074177aaf@group-C349846DEF79: changes role from  FOLLOWER to CANDIDATE at term 29 for changeToCandidate
2019-10-17 07:02:23,636 [Thread-762] INFO  impl.RoleInfo (RoleInfo.java:updateAndGet(143)) - 03dd9899-51e5-4f83-b08a-708074177aaf: start LeaderElection
2019-10-17 07:02:23,650 [03dd9899-51e5-4f83-b08a-708074177aaf@group-C349846DEF79-LeaderElection32] INFO  impl.LeaderElection (LeaderElection.java:askForVotes(178)) - 03dd9899-51e5-4f83-b08a-708074177aaf@group-C349846DEF79-LeaderElection32: begin an election at term 30 for 0: [328eda30-7a38-4124-8420-4db3824d3ef4:192.168.34.62:34889, 03dd9899-51e5-4f83-b08a-708074177aaf:192.168.34.62:36351, cae7164a-c8b0-4e78-9c02-4190bab4d7cb:192.168.34.62:46027], old=null
2019-10-17 07:02:23,654 [grpc-default-executor-0] INFO  impl.RaftServerImpl (RaftServerImpl.java:setRole(184)) - cae7164a-c8b0-4e78-9c02-4190bab4d7cb@group-C349846DEF79: changes role from  FOLLOWER to FOLLOWER at term 30 for recognizeCandidate:03dd9899-51e5-4f83-b08a-708074177aaf
2019-10-17 07:02:23,654 [grpc-default-executor-3] INFO  impl.RaftServerImpl (RaftServerImpl.java:setRole(184)) - 328eda30-7a38-4124-8420-4db3824d3ef4@group-C349846DEF79: changes role from  FOLLOWER to FOLLOWER at term 30 for recognizeCandidate:03dd9899-51e5-4f83-b08a-708074177aaf
2019-10-17 07:02:23,654 [grpc-default-executor-0] INFO  impl.RoleInfo (RoleInfo.java:shutdownFollowerState(121)) - cae7164a-c8b0-4e78-9c02-4190bab4d7cb: shutdown FollowerState
2019-10-17 07:02:23,654 [grpc-default-executor-3] INFO  impl.RoleInfo (RoleInfo.java:shutdownFollowerState(121)) - 328eda30-7a38-4124-8420-4db3824d3ef4: shutdown FollowerState
2019-10-17 07:02:23,654 [Thread-760] INFO  impl.FollowerState (FollowerState.java:run(117)) - cae7164a-c8b0-4e78-9c02-4190bab4d7cb@group-C349846DEF79-FollowerState was interrupted: java.lang.InterruptedException: sleep interrupted
2019-10-17 07:02:23,654 [grpc-default-executor-0] INFO  impl.RoleInfo (RoleInfo.java:updateAndGet(143)) - cae7164a-c8b0-4e78-9c02-4190bab4d7cb: start FollowerState
2019-10-17 07:02:23,654 [grpc-default-executor-3] INFO  impl.RoleInfo (RoleInfo.java:updateAndGet(143)) - 328eda30-7a38-4124-8420-4db3824d3ef4: start FollowerState
2019-10-17 07:02:23,654 [Thread-761] INFO  impl.FollowerState (FollowerState.java:run(117)) - 328eda30-7a38-4124-8420-4db3824d3ef4@group-C349846DEF79-FollowerState was interrupted: java.lang.InterruptedException: sleep interrupted
2019-10-17 07:02:23,655 [Thread-768] INFO  client.GrpcClientProtocolService (GrpcClientProtocolService.java:lambda$processClientRequest$0(278)) - Failed RaftClientRequest:client-1BB1B1ECBBFA->cae7164a-c8b0-4e78-9c02-4190bab4d7cb@group-C349846DEF79, cid=10, seq=0, Watch-ALL_COMMITTED(6), Message:<EMPTY>, reply=RaftClientReply:client-1BB1B1ECBBFA->cae7164a-c8b0-4e78-9c02-4190bab4d7cb@group-C349846DEF79, cid=10, FAILED org.apache.ratis.protocol.NotLeaderException: Server cae7164a-c8b0-4e78-9c02-4190bab4d7cb@group-C349846DEF79 is not the leader, logIndex=0, commits[cae7164a-c8b0-4e78-9c02-4190bab4d7cb:c10, 328eda30-7a38-4124-8420-4db3824d3ef4:c10, 03dd9899-51e5-4f83-b08a-708074177aaf:c4]
2019-10-17 07:02:23,661 [03dd9899-51e5-4f83-b08a-708074177aaf@group-C349846DEF79-LeaderElection32] INFO  impl.LeaderElection (LeaderElection.java:logAndReturn(56)) - 03dd9899-51e5-4f83-b08a-708074177aaf@group-C349846DEF79-LeaderElection32: Election TIMEOUT; received 0 response(s) [] and 0 exception(s); 03dd9899-51e5-4f83-b08a-708074177aaf@group-C349846DEF79:t30, leader=null, voted=03dd9899-51e5-4f83-b08a-708074177aaf, raftlog=03dd9899-51e5-4f83-b08a-708074177aaf@group-C349846DEF79-SegmentedRaftLog:OPENED:c3,f4,i4, conf=0: [328eda30-7a38-4124-8420-4db3824d3ef4:192.168.34.62:34889, 03dd9899-51e5-4f83-b08a-708074177aaf:192.168.34.62:36351, cae7164a-c8b0-4e78-9c02-4190bab4d7cb:192.168.34.62:46027], old=null
2019-10-17 07:02:23,668 [03dd9899-51e5-4f83-b08a-708074177aaf@group-C349846DEF79-LeaderElection32] INFO  impl.LeaderElection (LeaderElection.java:askForVotes(178)) - 03dd9899-51e5-4f83-b08a-708074177aaf@group-C349846DEF79-LeaderElection32: begin an election at term 31 for 0: [328eda30-7a38-4124-8420-4db3824d3ef4:192.168.34.62:34889, 03dd9899-51e5-4f83-b08a-708074177aaf:192.168.34.62:36351, cae7164a-c8b0-4e78-9c02-4190bab4d7cb:192.168.34.62:46027], old=null
2019-10-17 07:02:23,670 [grpc-default-executor-3] INFO  impl.RaftServerImpl (RaftServerImpl.java:setRole(184)) - 328eda30-7a38-4124-8420-4db3824d3ef4@group-C349846DEF79: changes role from  FOLLOWER to FOLLOWER at term 31 for recognizeCandidate:03dd9899-51e5-4f83-b08a-708074177aaf
2019-10-17 07:02:23,674 [grpc-default-executor-0] INFO  impl.RaftServerImpl (RaftServerImpl.java:setRole(184)) - cae7164a-c8b0-4e78-9c02-4190bab4d7cb@group-C349846DEF79: changes role from  FOLLOWER to FOLLOWER at term 31 for recognizeCandidate:03dd9899-51e5-4f83-b08a-708074177aaf
2019-10-17 07:02:23,674 [grpc-default-executor-3] INFO  impl.RoleInfo (RoleInfo.java:shutdownFollowerState(121)) - 328eda30-7a38-4124-8420-4db3824d3ef4: shutdown FollowerState
2019-10-17 07:02:23,674 [grpc-default-executor-0] INFO  impl.RoleInfo (RoleInfo.java:shutdownFollowerState(121)) - cae7164a-c8b0-4e78-9c02-4190bab4d7cb: shutdown FollowerState
2019-10-17 07:02:23,675 [grpc-default-executor-3] INFO  impl.RoleInfo (RoleInfo.java:updateAndGet(143)) - 328eda30-7a38-4124-8420-4db3824d3ef4: start FollowerState
2019-10-17 07:02:23,675 [Thread-769] INFO  impl.FollowerState (FollowerState.java:run(117)) - 328eda30-7a38-4124-8420-4db3824d3ef4@group-C349846DEF79-FollowerState was interrupted: java.lang.InterruptedException: sleep interrupted
2019-10-17 07:02:23,675 [grpc-default-executor-0] INFO  impl.RoleInfo (RoleInfo.java:updateAndGet(143)) - cae7164a-c8b0-4e78-9c02-4190bab4d7cb: start FollowerState
2019-10-17 07:02:23,675 [Thread-767] INFO  impl.FollowerState (FollowerState.java:run(117)) - cae7164a-c8b0-4e78-9c02-4190bab4d7cb@group-C349846DEF79-FollowerState was interrupted: java.lang.InterruptedException: sleep interrupted
2019-10-17 07:02:23,689 [03dd9899-51e5-4f83-b08a-708074177aaf@group-C349846DEF79-LeaderElection32] INFO  impl.LeaderElection (LeaderElection.java:logAndReturn(56)) - 03dd9899-51e5-4f83-b08a-708074177aaf@group-C349846DEF79-LeaderElection32: Election REJECTED; received 2 response(s) [03dd9899-51e5-4f83-b08a-708074177aaf<-328eda30-7a38-4124-8420-4db3824d3ef4#0:FAIL-t31, 03dd9899-51e5-4f83-b08a-708074177aaf<-cae7164a-c8b0-4e78-9c02-4190bab4d7cb#0:FAIL-t31] and 0 exception(s); 03dd9899-51e5-4f83-b08a-708074177aaf@group-C349846DEF79:t31, leader=null, voted=03dd9899-51e5-4f83-b08a-708074177aaf, raftlog=03dd9899-51e5-4f83-b08a-708074177aaf@group-C349846DEF79-SegmentedRaftLog:OPENED:c3,f4,i4, conf=0: [328eda30-7a38-4124-8420-4db3824d3ef4:192.168.34.62:34889, 03dd9899-51e5-4f83-b08a-708074177aaf:192.168.34.62:36351, cae7164a-c8b0-4e78-9c02-4190bab4d7cb:192.168.34.62:46027], old=null
2019-10-17 07:02:23,690 [03dd9899-51e5-4f83-b08a-708074177aaf@group-C349846DEF79-LeaderElection32] INFO  impl.RaftServerImpl (RaftServerImpl.java:setRole(184)) - 03dd9899-51e5-4f83-b08a-708074177aaf@group-C349846DEF79: changes role from CANDIDATE to FOLLOWER at term 31 for DISCOVERED_A_NEW_TERM
2019-10-17 07:02:23,690 [03dd9899-51e5-4f83-b08a-708074177aaf@group-C349846DEF79-LeaderElection32] INFO  impl.RoleInfo (RoleInfo.java:shutdownLeaderElection(134)) - 03dd9899-51e5-4f83-b08a-708074177aaf: shutdown LeaderElection
2019-10-17 07:02:23,690 [03dd9899-51e5-4f83-b08a-708074177aaf@group-C349846DEF79-LeaderElection32] INFO  impl.RoleInfo (RoleInfo.java:updateAndGet(143)) - 03dd9899-51e5-4f83-b08a-708074177aaf: start FollowerState
2019-10-17 07:02:23,753 [Thread-775] INFO  impl.FollowerState (FollowerState.java:run(108)) - 03dd9899-51e5-4f83-b08a-708074177aaf@group-C349846DEF79-FollowerState: change to CANDIDATE, lastRpcTime:62ms, electionTimeout:62ms
2019-10-17 07:02:23,753 [Thread-775] INFO  impl.RoleInfo (RoleInfo.java:shutdownFollowerState(121)) - 03dd9899-51e5-4f83-b08a-708074177aaf: shutdown FollowerState
2019-10-17 07:02:23,753 [Thread-775] INFO  impl.RaftServerImpl (RaftServerImpl.java:setRole(184)) - 03dd9899-51e5-4f83-b08a-708074177aaf@group-C349846DEF79: changes role from  FOLLOWER to CANDIDATE at term 31 for changeToCandidate
2019-10-17 07:02:23,753 [Thread-775] INFO  impl.RoleInfo (RoleInfo.java:updateAndGet(143)) - 03dd9899-51e5-4f83-b08a-708074177aaf: start LeaderElection
2019-10-17 07:02:23,766 [03dd9899-51e5-4f83-b08a-708074177aaf@group-C349846DEF79-LeaderElection33] INFO  impl.LeaderElection (LeaderElection.java:askForVotes(178)) - 03dd9899-51e5-4f83-b08a-708074177aaf@group-C349846DEF79-LeaderElection33: begin an election at term 32 for 0: [328eda30-7a38-4124-8420-4db3824d3ef4:192.168.34.62:34889, 03dd9899-51e5-4f83-b08a-708074177aaf:192.168.34.62:36351, cae7164a-c8b0-4e78-9c02-4190bab4d7cb:192.168.34.62:46027], old=null
2019-10-17 07:02:23,768 [grpc-default-executor-3] INFO  impl.RaftServerImpl (RaftServerImpl.java:setRole(184)) - 328eda30-7a38-4124-8420-4db3824d3ef4@group-C349846DEF79: changes role from  FOLLOWER to FOLLOWER at term 32 for recognizeCandidate:03dd9899-51e5-4f83-b08a-708074177aaf
2019-10-17 07:02:23,768 [grpc-default-executor-0] INFO  impl.RaftServerImpl (RaftServerImpl.java:setRole(184)) - cae7164a-c8b0-4e78-9c02-4190bab4d7cb@group-C349846DEF79: changes role from  FOLLOWER to FOLLOWER at term 32 for recognizeCandidate:03dd9899-51e5-4f83-b08a-708074177aaf
2019-10-17 07:02:23,768 [grpc-default-executor-3] INFO  impl.RoleInfo (RoleInfo.java:shutdownFollowerState(121)) - 328eda30-7a38-4124-8420-4db3824d3ef4: shutdown FollowerState
2019-10-17 07:02:23,768 [grpc-default-executor-0] INFO  impl.RoleInfo (RoleInfo.java:shutdownFollowerState(121)) - cae7164a-c8b0-4e78-9c02-4190bab4d7cb: shutdown FollowerState
2019-10-17 07:02:23,768 [Thread-773] INFO  impl.FollowerState (FollowerState.java:run(117)) - 328eda30-7a38-4124-8420-4db3824d3ef4@group-C349846DEF79-FollowerState was interrupted: java.lang.InterruptedException: sleep interrupted
2019-10-17 07:02:23,769 [grpc-default-executor-0] INFO  impl.RoleInfo (RoleInfo.java:updateAndGet(143)) - cae7164a-c8b0-4e78-9c02-4190bab4d7cb: start FollowerState
2019-10-17 07:02:23,768 [grpc-default-executor-3] INFO  impl.RoleInfo (RoleInfo.java:updateAndGet(143)) - 328eda30-7a38-4124-8420-4db3824d3ef4: start FollowerState
2019-10-17 07:02:23,769 [Thread-774] INFO  impl.FollowerState (FollowerState.java:run(117)) - cae7164a-c8b0-4e78-9c02-4190bab4d7cb@group-C349846DEF79-FollowerState was interrupted: java.lang.InterruptedException: sleep interrupted
2019-10-17 07:02:23,779 [03dd9899-51e5-4f83-b08a-708074177aaf@group-C349846DEF79-LeaderElection33] INFO  impl.LeaderElection (LeaderElection.java:logAndReturn(56)) - 03dd9899-51e5-4f83-b08a-708074177aaf@group-C349846DEF79-LeaderElection33: Election TIMEOUT; received 0 response(s) [] and 0 exception(s); 03dd9899-51e5-4f83-b08a-708074177aaf@group-C349846DEF79:t32, leader=null, voted=03dd9899-51e5-4f83-b08a-708074177aaf, raftlog=03dd9899-51e5-4f83-b08a-708074177aaf@group-C349846DEF79-SegmentedRaftLog:OPENED:c3,f4,i4, conf=0: [328eda30-7a38-4124-8420-4db3824d3ef4:192.168.34.62:34889, 03dd9899-51e5-4f83-b08a-708074177aaf:192.168.34.62:36351, cae7164a-c8b0-4e78-9c02-4190bab4d7cb:192.168.34.62:46027], old=null
2019-10-17 07:02:23,782 [03dd9899-51e5-4f83-b08a-708074177aaf@group-C349846DEF79-LeaderElection33] INFO  impl.LeaderElection (LeaderElection.java:askForVotes(178)) - 03dd9899-51e5-4f83-b08a-708074177aaf@group-C349846DEF79-LeaderElection33: begin an election at term 33 for 0: [328eda30-7a38-4124-8420-4db3824d3ef4:192.168.34.62:34889, 03dd9899-51e5-4f83-b08a-708074177aaf:192.168.34.62:36351, cae7164a-c8b0-4e78-9c02-4190bab4d7cb:192.168.34.62:46027], old=null
2019-10-17 07:02:23,783 [grpc-default-executor-0] INFO  impl.RaftServerImpl (RaftServerImpl.java:setRole(184)) - cae7164a-c8b0-4e78-9c02-4190bab4d7cb@group-C349846DEF79: changes role from  FOLLOWER to FOLLOWER at term 33 for recognizeCandidate:03dd9899-51e5-4f83-b08a-708074177aaf
2019-10-17 07:02:23,784 [grpc-default-executor-3] INFO  impl.RaftServerImpl (RaftServerImpl.java:setRole(184)) - 328eda30-7a38-4124-8420-4db3824d3ef4@group-C349846DEF79: changes role from  FOLLOWER to FOLLOWER at term 33 for recognizeCandidate:03dd9899-51e5-4f83-b08a-708074177aaf
2019-10-17 07:02:23,784 [grpc-default-executor-0] INFO  impl.RoleInfo (RoleInfo.java:shutdownFollowerState(121)) - cae7164a-c8b0-4e78-9c02-4190bab4d7cb: shutdown FollowerState
2019-10-17 07:02:23,784 [grpc-default-executor-3] INFO  impl.RoleInfo (RoleInfo.java:shutdownFollowerState(121)) - 328eda30-7a38-4124-8420-4db3824d3ef4: shutdown FollowerState
2019-10-17 07:02:23,784 [Thread-780] INFO  impl.FollowerState (FollowerState.java:run(117)) - cae7164a-c8b0-4e78-9c02-4190bab4d7cb@group-C349846DEF79-FollowerState was interrupted: java.lang.InterruptedException: sleep interrupted
2019-10-17 07:02:23,784 [grpc-default-executor-0] INFO  impl.RoleInfo (RoleInfo.java:updateAndGet(143)) - cae7164a-c8b0-4e78-9c02-4190bab4d7cb: start FollowerState
2019-10-17 07:02:23,784 [Thread-779] INFO  impl.FollowerState (FollowerState.java:run(117)) - 328eda30-7a38-4124-8420-4db3824d3ef4@group-C349846DEF79-FollowerState was interrupted: java.lang.InterruptedException: sleep interrupted
2019-10-17 07:02:23,784 [grpc-default-executor-3] INFO  impl.RoleInfo (RoleInfo.java:updateAndGet(143)) - 328eda30-7a38-4124-8420-4db3824d3ef4: start FollowerState
2019-10-17 07:02:23,798 [03dd9899-51e5-4f83-b08a-708074177aaf@group-C349846DEF79-LeaderElection33] INFO  impl.LeaderElection (LeaderElection.java:logAndReturn(56)) - 03dd9899-51e5-4f83-b08a-708074177aaf@group-C349846DEF79-LeaderElection33: Election REJECTED; received 2 response(s) [03dd9899-51e5-4f83-b08a-708074177aaf<-328eda30-7a38-4124-8420-4db3824d3ef4#0:FAIL-t33, 03dd9899-51e5-4f83-b08a-708074177aaf<-cae7164a-c8b0-4e78-9c02-4190bab4d7cb#0:FAIL-t33] and 0 exception(s); 03dd9899-51e5-4f83-b08a-708074177aaf@group-C349846DEF79:t33, leader=null, voted=03dd9899-51e5-4f83-b08a-708074177aaf, raftlog=03dd9899-51e5-4f83-b08a-708074177aaf@group-C349846DEF79-SegmentedRaftLog:OPENED:c3,f4,i4, conf=0: [328eda30-7a38-4124-8420-4db3824d3ef4:192.168.34.62:34889, 03dd9899-51e5-4f83-b08a-708074177aaf:192.168.34.62:36351, cae7164a-c8b0-4e78-9c02-4190bab4d7cb:192.168.34.62:46027], old=null
2019-10-17 07:02:23,798 [03dd9899-51e5-4f83-b08a-708074177aaf@group-C349846DEF79-LeaderElection33] INFO  impl.RaftServerImpl (RaftServerImpl.java:setRole(184)) - 03dd9899-51e5-4f83-b08a-708074177aaf@group-C349846DEF79: changes role from CANDIDATE to FOLLOWER at term 33 for DISCOVERED_A_NEW_TERM
2019-10-17 07:02:23,799 [03dd9899-51e5-4f83-b08a-708074177aaf@group-C349846DEF79-LeaderElection33] INFO  impl.RoleInfo (RoleInfo.java:shutdownLeaderElection(134)) - 03dd9899-51e5-4f83-b08a-708074177aaf: shutdown LeaderElection
2019-10-17 07:02:23,799 [03dd9899-51e5-4f83-b08a-708074177aaf@group-C349846DEF79-LeaderElection33] INFO  impl.RoleInfo (RoleInfo.java:updateAndGet(143)) - 03dd9899-51e5-4f83-b08a-708074177aaf: start FollowerState
2019-10-17 07:02:23,826 [BlockDeletingService#2] WARN  background.BlockDeletingService (BlockDeletingService.java:isDeletionAllowed(187)) - Close Container log Index 6 is not replicated across allthe servers in the pipeline 72246393-9d1a-4fd5-982f-c349846def79 as the min replicated index is 4. Deletion is not allowed in this container yet.
2019-10-17 07:02:23,826 [BlockDeletingService#2] WARN  background.BlockDeletingService (BlockDeletingService.java:isDeletionAllowed(187)) - Close Container log Index 6 is not replicated across allthe servers in the pipeline 72246393-9d1a-4fd5-982f-c349846def79 as the min replicated index is 4. Deletion is not allowed in this container yet.
2019-10-17 07:02:23,915 [Thread-785] INFO  impl.FollowerState (FollowerState.java:run(108)) - 03dd9899-51e5-4f83-b08a-708074177aaf@group-C349846DEF79-FollowerState: change to CANDIDATE, lastRpcTime:116ms, electionTimeout:116ms
2019-10-17 07:02:23,915 [Thread-785] INFO  impl.RoleInfo (RoleInfo.java:shutdownFollowerState(121)) - 03dd9899-51e5-4f83-b08a-708074177aaf: shutdown FollowerState
2019-10-17 07:02:23,915 [Thread-785] INFO  impl.RaftServerImpl (RaftServerImpl.java:setRole(184)) - 03dd9899-51e5-4f83-b08a-708074177aaf@group-C349846DEF79: changes role from  FOLLOWER to CANDIDATE at term 33 for changeToCandidate
2019-10-17 07:02:23,916 [Thread-785] INFO  impl.RoleInfo (RoleInfo.java:updateAndGet(143)) - 03dd9899-51e5-4f83-b08a-708074177aaf: start LeaderElection
2019-10-17 07:02:23,929 [03dd9899-51e5-4f83-b08a-708074177aaf@group-C349846DEF79-LeaderElection34] INFO  impl.LeaderElection (LeaderElection.java:askForVotes(178)) - 03dd9899-51e5-4f83-b08a-708074177aaf@group-C349846DEF79-LeaderElection34: begin an election at term 34 for 0: [328eda30-7a38-4124-8420-4db3824d3ef4:192.168.34.62:34889, 03dd9899-51e5-4f83-b08a-708074177aaf:192.168.34.62:36351, cae7164a-c8b0-4e78-9c02-4190bab4d7cb:192.168.34.62:46027], old=null
2019-10-17 07:02:23,932 [grpc-default-executor-0] INFO  impl.RaftServerImpl (RaftServerImpl.java:setRole(184)) - cae7164a-c8b0-4e78-9c02-4190bab4d7cb@group-C349846DEF79: changes role from  FOLLOWER to FOLLOWER at term 34 for recognizeCandidate:03dd9899-51e5-4f83-b08a-708074177aaf
2019-10-17 07:02:23,932 [grpc-default-executor-3] INFO  impl.RaftServerImpl (RaftServerImpl.java:setRole(184)) - 328eda30-7a38-4124-8420-4db3824d3ef4@group-C349846DEF79: changes role from  FOLLOWER to FOLLOWER at term 34 for recognizeCandidate:03dd9899-51e5-4f83-b08a-708074177aaf
2019-10-17 07:02:23,932 [grpc-default-executor-0] INFO  impl.RoleInfo (RoleInfo.java:shutdownFollowerState(121)) - cae7164a-c8b0-4e78-9c02-4190bab4d7cb: shutdown FollowerState
2019-10-17 07:02:23,932 [grpc-default-executor-3] INFO  impl.RoleInfo (RoleInfo.java:shutdownFollowerState(121)) - 328eda30-7a38-4124-8420-4db3824d3ef4: shutdown FollowerState
2019-10-17 07:02:23,932 [Thread-783] INFO  impl.FollowerState (FollowerState.java:run(117)) - cae7164a-c8b0-4e78-9c02-4190bab4d7cb@group-C349846DEF79-FollowerState was interrupted: java.lang.InterruptedException: sleep interrupted
2019-10-17 07:02:23,932 [grpc-default-executor-0] INFO  impl.RoleInfo (RoleInfo.java:updateAndGet(143)) - cae7164a-c8b0-4e78-9c02-4190bab4d7cb: start FollowerState
2019-10-17 07:02:23,932 [Thread-784] INFO  impl.FollowerState (FollowerState.java:run(117)) - 328eda30-7a38-4124-8420-4db3824d3ef4@group-C349846DEF79-FollowerState was interrupted: java.lang.InterruptedException: sleep interrupted
2019-10-17 07:02:23,932 [grpc-default-executor-3] INFO  impl.RoleInfo (RoleInfo.java:updateAndGet(143)) - 328eda30-7a38-4124-8420-4db3824d3ef4: start FollowerState
2019-10-17 07:02:23,956 [03dd9899-51e5-4f83-b08a-708074177aaf@group-C349846DEF79-LeaderElection34] INFO  impl.LeaderElection (LeaderElection.java:logAndReturn(56)) - 03dd9899-51e5-4f83-b08a-708074177aaf@group-C349846DEF79-LeaderElection34: Election REJECTED; received 2 response(s) [03dd9899-51e5-4f83-b08a-708074177aaf<-328eda30-7a38-4124-8420-4db3824d3ef4#0:FAIL-t34, 03dd9899-51e5-4f83-b08a-708074177aaf<-cae7164a-c8b0-4e78-9c02-4190bab4d7cb#0:FAIL-t34] and 0 exception(s); 03dd9899-51e5-4f83-b08a-708074177aaf@group-C349846DEF79:t34, leader=null, voted=03dd9899-51e5-4f83-b08a-708074177aaf, raftlog=03dd9899-51e5-4f83-b08a-708074177aaf@group-C349846DEF79-SegmentedRaftLog:OPENED:c3,f4,i4, conf=0: [328eda30-7a38-4124-8420-4db3824d3ef4:192.168.34.62:34889, 03dd9899-51e5-4f83-b08a-708074177aaf:192.168.34.62:36351, cae7164a-c8b0-4e78-9c02-4190bab4d7cb:192.168.34.62:46027], old=null
2019-10-17 07:02:23,957 [03dd9899-51e5-4f83-b08a-708074177aaf@group-C349846DEF79-LeaderElection34] INFO  impl.RaftServerImpl (RaftServerImpl.java:setRole(184)) - 03dd9899-51e5-4f83-b08a-708074177aaf@group-C349846DEF79: changes role from CANDIDATE to FOLLOWER at term 34 for DISCOVERED_A_NEW_TERM
2019-10-17 07:02:23,957 [03dd9899-51e5-4f83-b08a-708074177aaf@group-C349846DEF79-LeaderElection34] INFO  impl.RoleInfo (RoleInfo.java:shutdownLeaderElection(134)) - 03dd9899-51e5-4f83-b08a-708074177aaf: shutdown LeaderElection
2019-10-17 07:02:23,957 [03dd9899-51e5-4f83-b08a-708074177aaf@group-C349846DEF79-LeaderElection34] INFO  impl.RoleInfo (RoleInfo.java:updateAndGet(143)) - 03dd9899-51e5-4f83-b08a-708074177aaf: start FollowerState
2019-10-17 07:02:24,144 [Thread-793] INFO  impl.FollowerState (FollowerState.java:run(108)) - 03dd9899-51e5-4f83-b08a-708074177aaf@group-C349846DEF79-FollowerState: change to CANDIDATE, lastRpcTime:187ms, electionTimeout:187ms
2019-10-17 07:02:24,145 [Thread-793] INFO  impl.RoleInfo (RoleInfo.java:shutdownFollowerState(121)) - 03dd9899-51e5-4f83-b08a-708074177aaf: shutdown FollowerState
2019-10-17 07:02:24,145 [Thread-793] INFO  impl.RaftServerImpl (RaftServerImpl.java:setRole(184)) - 03dd9899-51e5-4f83-b08a-708074177aaf@group-C349846DEF79: changes role from  FOLLOWER to CANDIDATE at term 34 for changeToCandidate
2019-10-17 07:02:24,145 [Thread-793] INFO  impl.RoleInfo (RoleInfo.java:updateAndGet(143)) - 03dd9899-51e5-4f83-b08a-708074177aaf: start LeaderElection
2019-10-17 07:02:24,159 [03dd9899-51e5-4f83-b08a-708074177aaf@group-C349846DEF79-LeaderElection35] INFO  impl.LeaderElection (LeaderElection.java:askForVotes(178)) - 03dd9899-51e5-4f83-b08a-708074177aaf@group-C349846DEF79-LeaderElection35: begin an election at term 35 for 0: [328eda30-7a38-4124-8420-4db3824d3ef4:192.168.34.62:34889, 03dd9899-51e5-4f83-b08a-708074177aaf:192.168.34.62:36351, cae7164a-c8b0-4e78-9c02-4190bab4d7cb:192.168.34.62:46027], old=null
2019-10-17 07:02:24,162 [grpc-default-executor-3] INFO  impl.RaftServerImpl (RaftServerImpl.java:setRole(184)) - cae7164a-c8b0-4e78-9c02-4190bab4d7cb@group-C349846DEF79: changes role from  FOLLOWER to FOLLOWER at term 35 for recognizeCandidate:03dd9899-51e5-4f83-b08a-708074177aaf
2019-10-17 07:02:24,162 [grpc-default-executor-3] INFO  impl.RoleInfo (RoleInfo.java:shutdownFollowerState(121)) - cae7164a-c8b0-4e78-9c02-4190bab4d7cb: shutdown FollowerState
2019-10-17 07:02:24,162 [Thread-791] INFO  impl.FollowerState (FollowerState.java:run(117)) - cae7164a-c8b0-4e78-9c02-4190bab4d7cb@group-C349846DEF79-FollowerState was interrupted: java.lang.InterruptedException: sleep interrupted
2019-10-17 07:02:24,162 [grpc-default-executor-0] INFO  impl.RaftServerImpl (RaftServerImpl.java:setRole(184)) - 328eda30-7a38-4124-8420-4db3824d3ef4@group-C349846DEF79: changes role from  FOLLOWER to FOLLOWER at term 35 for recognizeCandidate:03dd9899-51e5-4f83-b08a-708074177aaf
2019-10-17 07:02:24,162 [grpc-default-executor-0] INFO  impl.RoleInfo (RoleInfo.java:shutdownFollowerState(121)) - 328eda30-7a38-4124-8420-4db3824d3ef4: shutdown FollowerState
2019-10-17 07:02:24,162 [grpc-default-executor-0] INFO  impl.RoleInfo (RoleInfo.java:updateAndGet(143)) - 328eda30-7a38-4124-8420-4db3824d3ef4: start FollowerState
2019-10-17 07:02:24,162 [grpc-default-executor-3] INFO  impl.RoleInfo (RoleInfo.java:updateAndGet(143)) - cae7164a-c8b0-4e78-9c02-4190bab4d7cb: start FollowerState
2019-10-17 07:02:24,162 [Thread-792] INFO  impl.FollowerState (FollowerState.java:run(117)) - 328eda30-7a38-4124-8420-4db3824d3ef4@group-C349846DEF79-FollowerState was interrupted: java.lang.InterruptedException: sleep interrupted
2019-10-17 07:02:24,177 [03dd9899-51e5-4f83-b08a-708074177aaf@group-C349846DEF79-LeaderElection35] INFO  impl.LeaderElection (LeaderElection.java:logAndReturn(56)) - 03dd9899-51e5-4f83-b08a-708074177aaf@group-C349846DEF79-LeaderElection35: Election REJECTED; received 2 response(s) [03dd9899-51e5-4f83-b08a-708074177aaf<-328eda30-7a38-4124-8420-4db3824d3ef4#0:FAIL-t35, 03dd9899-51e5-4f83-b08a-708074177aaf<-cae7164a-c8b0-4e78-9c02-4190bab4d7cb#0:FAIL-t35] and 0 exception(s); 03dd9899-51e5-4f83-b08a-708074177aaf@group-C349846DEF79:t35, leader=null, voted=03dd9899-51e5-4f83-b08a-708074177aaf, raftlog=03dd9899-51e5-4f83-b08a-708074177aaf@group-C349846DEF79-SegmentedRaftLog:OPENED:c3,f4,i4, conf=0: [328eda30-7a38-4124-8420-4db3824d3ef4:192.168.34.62:34889, 03dd9899-51e5-4f83-b08a-708074177aaf:192.168.34.62:36351, cae7164a-c8b0-4e78-9c02-4190bab4d7cb:192.168.34.62:46027], old=null
2019-10-17 07:02:24,177 [03dd9899-51e5-4f83-b08a-708074177aaf@group-C349846DEF79-LeaderElection35] INFO  impl.RaftServerImpl (RaftServerImpl.java:setRole(184)) - 03dd9899-51e5-4f83-b08a-708074177aaf@group-C349846DEF79: changes role from CANDIDATE to FOLLOWER at term 35 for DISCOVERED_A_NEW_TERM
2019-10-17 07:02:24,177 [03dd9899-51e5-4f83-b08a-708074177aaf@group-C349846DEF79-LeaderElection35] INFO  impl.RoleInfo (RoleInfo.java:shutdownLeaderElection(134)) - 03dd9899-51e5-4f83-b08a-708074177aaf: shutdown LeaderElection
2019-10-17 07:02:24,177 [03dd9899-51e5-4f83-b08a-708074177aaf@group-C349846DEF79-LeaderElection35] INFO  impl.RoleInfo (RoleInfo.java:updateAndGet(143)) - 03dd9899-51e5-4f83-b08a-708074177aaf: start FollowerState
2019-10-17 07:02:24,213 [Thread-799] INFO  impl.FollowerState (FollowerState.java:run(108)) - 03dd9899-51e5-4f83-b08a-708074177aaf@group-C349846DEF79-FollowerState: change to CANDIDATE, lastRpcTime:36ms, electionTimeout:36ms
2019-10-17 07:02:24,214 [Thread-799] INFO  impl.RoleInfo (RoleInfo.java:shutdownFollowerState(121)) - 03dd9899-51e5-4f83-b08a-708074177aaf: shutdown FollowerState
2019-10-17 07:02:24,214 [Thread-799] INFO  impl.RaftServerImpl (RaftServerImpl.java:setRole(184)) - 03dd9899-51e5-4f83-b08a-708074177aaf@group-C349846DEF79: changes role from  FOLLOWER to CANDIDATE at term 35 for changeToCandidate
2019-10-17 07:02:24,214 [Thread-799] INFO  impl.RoleInfo (RoleInfo.java:updateAndGet(143)) - 03dd9899-51e5-4f83-b08a-708074177aaf: start LeaderElection
2019-10-17 07:02:24,234 [03dd9899-51e5-4f83-b08a-708074177aaf@group-C349846DEF79-LeaderElection36] INFO  impl.LeaderElection (LeaderElection.java:askForVotes(178)) - 03dd9899-51e5-4f83-b08a-708074177aaf@group-C349846DEF79-LeaderElection36: begin an election at term 36 for 0: [328eda30-7a38-4124-8420-4db3824d3ef4:192.168.34.62:34889, 03dd9899-51e5-4f83-b08a-708074177aaf:192.168.34.62:36351, cae7164a-c8b0-4e78-9c02-4190bab4d7cb:192.168.34.62:46027], old=null
2019-10-17 07:02:24,237 [grpc-default-executor-3] INFO  impl.RaftServerImpl (RaftServerImpl.java:setRole(184)) - cae7164a-c8b0-4e78-9c02-4190bab4d7cb@group-C349846DEF79: changes role from  FOLLOWER to FOLLOWER at term 36 for recognizeCandidate:03dd9899-51e5-4f83-b08a-708074177aaf
2019-10-17 07:02:24,237 [grpc-default-executor-0] INFO  impl.RaftServerImpl (RaftServerImpl.java:setRole(184)) - 328eda30-7a38-4124-8420-4db3824d3ef4@group-C349846DEF79: changes role from  FOLLOWER to FOLLOWER at term 36 for recognizeCandidate:03dd9899-51e5-4f83-b08a-708074177aaf
2019-10-17 07:02:24,237 [grpc-default-executor-3] INFO  impl.RoleInfo (RoleInfo.java:shutdownFollowerState(121)) - cae7164a-c8b0-4e78-9c02-4190bab4d7cb: shutdown FollowerState
2019-10-17 07:02:24,237 [grpc-default-executor-0] INFO  impl.RoleInfo (RoleInfo.java:shutdownFollowerState(121)) - 328eda30-7a38-4124-8420-4db3824d3ef4: shutdown FollowerState
2019-10-17 07:02:24,237 [Thread-797] INFO  impl.FollowerState (FollowerState.java:run(117)) - cae7164a-c8b0-4e78-9c02-4190bab4d7cb@group-C349846DEF79-FollowerState was interrupted: java.lang.InterruptedException: sleep interrupted
2019-10-17 07:02:24,237 [grpc-default-executor-3] INFO  impl.RoleInfo (RoleInfo.java:updateAndGet(143)) - cae7164a-c8b0-4e78-9c02-4190bab4d7cb: start FollowerState
2019-10-17 07:02:24,237 [grpc-default-executor-0] INFO  impl.RoleInfo (RoleInfo.java:updateAndGet(143)) - 328eda30-7a38-4124-8420-4db3824d3ef4: start FollowerState
2019-10-17 07:02:24,237 [Thread-798] INFO  impl.FollowerState (FollowerState.java:run(117)) - 328eda30-7a38-4124-8420-4db3824d3ef4@group-C349846DEF79-FollowerState was interrupted: java.lang.InterruptedException: sleep interrupted
2019-10-17 07:02:24,252 [03dd9899-51e5-4f83-b08a-708074177aaf@group-C349846DEF79-LeaderElection36] INFO  impl.LeaderElection (LeaderElection.java:logAndReturn(56)) - 03dd9899-51e5-4f83-b08a-708074177aaf@group-C349846DEF79-LeaderElection36: Election REJECTED; received 2 response(s) [03dd9899-51e5-4f83-b08a-708074177aaf<-328eda30-7a38-4124-8420-4db3824d3ef4#0:FAIL-t36, 03dd9899-51e5-4f83-b08a-708074177aaf<-cae7164a-c8b0-4e78-9c02-4190bab4d7cb#0:FAIL-t36] and 0 exception(s); 03dd9899-51e5-4f83-b08a-708074177aaf@group-C349846DEF79:t36, leader=null, voted=03dd9899-51e5-4f83-b08a-708074177aaf, raftlog=03dd9899-51e5-4f83-b08a-708074177aaf@group-C349846DEF79-SegmentedRaftLog:OPENED:c3,f4,i4, conf=0: [328eda30-7a38-4124-8420-4db3824d3ef4:192.168.34.62:34889, 03dd9899-51e5-4f83-b08a-708074177aaf:192.168.34.62:36351, cae7164a-c8b0-4e78-9c02-4190bab4d7cb:192.168.34.62:46027], old=null
2019-10-17 07:02:24,253 [03dd9899-51e5-4f83-b08a-708074177aaf@group-C349846DEF79-LeaderElection36] INFO  impl.RaftServerImpl (RaftServerImpl.java:setRole(184)) - 03dd9899-51e5-4f83-b08a-708074177aaf@group-C349846DEF79: changes role from CANDIDATE to FOLLOWER at term 36 for DISCOVERED_A_NEW_TERM
2019-10-17 07:02:24,253 [03dd9899-51e5-4f83-b08a-708074177aaf@group-C349846DEF79-LeaderElection36] INFO  impl.RoleInfo (RoleInfo.java:shutdownLeaderElection(134)) - 03dd9899-51e5-4f83-b08a-708074177aaf: shutdown LeaderElection
2019-10-17 07:02:24,253 [03dd9899-51e5-4f83-b08a-708074177aaf@group-C349846DEF79-LeaderElection36] INFO  impl.RoleInfo (RoleInfo.java:updateAndGet(143)) - 03dd9899-51e5-4f83-b08a-708074177aaf: start FollowerState
2019-10-17 07:02:24,256 [Thread-805] INFO  impl.FollowerState (FollowerState.java:run(108)) - 03dd9899-51e5-4f83-b08a-708074177aaf@group-C349846DEF79-FollowerState: change to CANDIDATE, lastRpcTime:3ms, electionTimeout:3ms
2019-10-17 07:02:24,256 [Thread-805] INFO  impl.RoleInfo (RoleInfo.java:shutdownFollowerState(121)) - 03dd9899-51e5-4f83-b08a-708074177aaf: shutdown FollowerState
2019-10-17 07:02:24,256 [Thread-805] INFO  impl.RaftServerImpl (RaftServerImpl.java:setRole(184)) - 03dd9899-51e5-4f83-b08a-708074177aaf@group-C349846DEF79: changes role from  FOLLOWER to CANDIDATE at term 36 for changeToCandidate
2019-10-17 07:02:24,257 [Thread-805] INFO  impl.RoleInfo (RoleInfo.java:updateAndGet(143)) - 03dd9899-51e5-4f83-b08a-708074177aaf: start LeaderElection
2019-10-17 07:02:24,280 [03dd9899-51e5-4f83-b08a-708074177aaf@group-C349846DEF79-LeaderElection37] INFO  impl.LeaderElection (LeaderElection.java:askForVotes(178)) - 03dd9899-51e5-4f83-b08a-708074177aaf@group-C349846DEF79-LeaderElection37: begin an election at term 37 for 0: [328eda30-7a38-4124-8420-4db3824d3ef4:192.168.34.62:34889, 03dd9899-51e5-4f83-b08a-708074177aaf:192.168.34.62:36351, cae7164a-c8b0-4e78-9c02-4190bab4d7cb:192.168.34.62:46027], old=null
2019-10-17 07:02:24,281 [grpc-default-executor-0] INFO  impl.RaftServerImpl (RaftServerImpl.java:setRole(184)) - 328eda30-7a38-4124-8420-4db3824d3ef4@group-C349846DEF79: changes role from  FOLLOWER to FOLLOWER at term 37 for recognizeCandidate:03dd9899-51e5-4f83-b08a-708074177aaf
2019-10-17 07:02:24,282 [grpc-default-executor-3] INFO  impl.RaftServerImpl (RaftServerImpl.java:setRole(184)) - cae7164a-c8b0-4e78-9c02-4190bab4d7cb@group-C349846DEF79: changes role from  FOLLOWER to FOLLOWER at term 37 for recognizeCandidate:03dd9899-51e5-4f83-b08a-708074177aaf
2019-10-17 07:02:24,282 [grpc-default-executor-0] INFO  impl.RoleInfo (RoleInfo.java:shutdownFollowerState(121)) - 328eda30-7a38-4124-8420-4db3824d3ef4: shutdown FollowerState
2019-10-17 07:02:24,282 [grpc-default-executor-3] INFO  impl.RoleInfo (RoleInfo.java:shutdownFollowerState(121)) - cae7164a-c8b0-4e78-9c02-4190bab4d7cb: shutdown FollowerState
2019-10-17 07:02:24,282 [grpc-default-executor-0] INFO  impl.RoleInfo (RoleInfo.java:updateAndGet(143)) - 328eda30-7a38-4124-8420-4db3824d3ef4: start FollowerState
2019-10-17 07:02:24,282 [Thread-803] INFO  impl.FollowerState (FollowerState.java:run(117)) - cae7164a-c8b0-4e78-9c02-4190bab4d7cb@group-C349846DEF79-FollowerState was interrupted: java.lang.InterruptedException: sleep interrupted
2019-10-17 07:02:24,282 [grpc-default-executor-3] INFO  impl.RoleInfo (RoleInfo.java:updateAndGet(143)) - cae7164a-c8b0-4e78-9c02-4190bab4d7cb: start FollowerState
2019-10-17 07:02:24,282 [Thread-804] INFO  impl.FollowerState (FollowerState.java:run(117)) - 328eda30-7a38-4124-8420-4db3824d3ef4@group-C349846DEF79-FollowerState was interrupted: java.lang.InterruptedException: sleep interrupted
2019-10-17 07:02:24,297 [03dd9899-51e5-4f83-b08a-708074177aaf@group-C349846DEF79-LeaderElection37] INFO  impl.LeaderElection (LeaderElection.java:logAndReturn(56)) - 03dd9899-51e5-4f83-b08a-708074177aaf@group-C349846DEF79-LeaderElection37: Election REJECTED; received 2 response(s) [03dd9899-51e5-4f83-b08a-708074177aaf<-328eda30-7a38-4124-8420-4db3824d3ef4#0:FAIL-t37, 03dd9899-51e5-4f83-b08a-708074177aaf<-cae7164a-c8b0-4e78-9c02-4190bab4d7cb#0:FAIL-t37] and 0 exception(s); 03dd9899-51e5-4f83-b08a-708074177aaf@group-C349846DEF79:t37, leader=null, voted=03dd9899-51e5-4f83-b08a-708074177aaf, raftlog=03dd9899-51e5-4f83-b08a-708074177aaf@group-C349846DEF79-SegmentedRaftLog:OPENED:c3,f4,i4, conf=0: [328eda30-7a38-4124-8420-4db3824d3ef4:192.168.34.62:34889, 03dd9899-51e5-4f83-b08a-708074177aaf:192.168.34.62:36351, cae7164a-c8b0-4e78-9c02-4190bab4d7cb:192.168.34.62:46027], old=null
2019-10-17 07:02:24,297 [03dd9899-51e5-4f83-b08a-708074177aaf@group-C349846DEF79-LeaderElection37] INFO  impl.RaftServerImpl (RaftServerImpl.java:setRole(184)) - 03dd9899-51e5-4f83-b08a-708074177aaf@group-C349846DEF79: changes role from CANDIDATE to FOLLOWER at term 37 for DISCOVERED_A_NEW_TERM
2019-10-17 07:02:24,297 [03dd9899-51e5-4f83-b08a-708074177aaf@group-C349846DEF79-LeaderElection37] INFO  impl.RoleInfo (RoleInfo.java:shutdownLeaderElection(134)) - 03dd9899-51e5-4f83-b08a-708074177aaf: shutdown LeaderElection
2019-10-17 07:02:24,297 [03dd9899-51e5-4f83-b08a-708074177aaf@group-C349846DEF79-LeaderElection37] INFO  impl.RoleInfo (RoleInfo.java:updateAndGet(143)) - 03dd9899-51e5-4f83-b08a-708074177aaf: start FollowerState
2019-10-17 07:02:24,365 [Thread-811] INFO  impl.FollowerState (FollowerState.java:run(108)) - 03dd9899-51e5-4f83-b08a-708074177aaf@group-C349846DEF79-FollowerState: change to CANDIDATE, lastRpcTime:68ms, electionTimeout:68ms
2019-10-17 07:02:24,365 [Thread-811] INFO  impl.RoleInfo (RoleInfo.java:shutdownFollowerState(121)) - 03dd9899-51e5-4f83-b08a-708074177aaf: shutdown FollowerState
2019-10-17 07:02:24,365 [Thread-811] INFO  impl.RaftServerImpl (RaftServerImpl.java:setRole(184)) - 03dd9899-51e5-4f83-b08a-708074177aaf@group-C349846DEF79: changes role from  FOLLOWER to CANDIDATE at term 37 for changeToCandidate
2019-10-17 07:02:24,366 [Thread-811] INFO  impl.RoleInfo (RoleInfo.java:updateAndGet(143)) - 03dd9899-51e5-4f83-b08a-708074177aaf: start LeaderElection
2019-10-17 07:02:24,379 [03dd9899-51e5-4f83-b08a-708074177aaf@group-C349846DEF79-LeaderElection38] INFO  impl.LeaderElection (LeaderElection.java:askForVotes(178)) - 03dd9899-51e5-4f83-b08a-708074177aaf@group-C349846DEF79-LeaderElection38: begin an election at term 38 for 0: [328eda30-7a38-4124-8420-4db3824d3ef4:192.168.34.62:34889, 03dd9899-51e5-4f83-b08a-708074177aaf:192.168.34.62:36351, cae7164a-c8b0-4e78-9c02-4190bab4d7cb:192.168.34.62:46027], old=null
2019-10-17 07:02:24,382 [grpc-default-executor-0] INFO  impl.RaftServerImpl (RaftServerImpl.java:setRole(184)) - 328eda30-7a38-4124-8420-4db3824d3ef4@group-C349846DEF79: changes role from  FOLLOWER to FOLLOWER at term 38 for recognizeCandidate:03dd9899-51e5-4f83-b08a-708074177aaf
2019-10-17 07:02:24,382 [grpc-default-executor-3] INFO  impl.RaftServerImpl (RaftServerImpl.java:setRole(184)) - cae7164a-c8b0-4e78-9c02-4190bab4d7cb@group-C349846DEF79: changes role from  FOLLOWER to FOLLOWER at term 38 for recognizeCandidate:03dd9899-51e5-4f83-b08a-708074177aaf
2019-10-17 07:02:24,382 [grpc-default-executor-0] INFO  impl.RoleInfo (RoleInfo.java:shutdownFollowerState(121)) - 328eda30-7a38-4124-8420-4db3824d3ef4: shutdown FollowerState
2019-10-17 07:02:24,382 [grpc-default-executor-3] INFO  impl.RoleInfo (RoleInfo.java:shutdownFollowerState(121)) - cae7164a-c8b0-4e78-9c02-4190bab4d7cb: shutdown FollowerState
2019-10-17 07:02:24,382 [Thread-809] INFO  impl.FollowerState (FollowerState.java:run(117)) - 328eda30-7a38-4124-8420-4db3824d3ef4@group-C349846DEF79-FollowerState was interrupted: java.lang.InterruptedException: sleep interrupted
2019-10-17 07:02:24,382 [Thread-810] INFO  impl.FollowerState (FollowerState.java:run(117)) - cae7164a-c8b0-4e78-9c02-4190bab4d7cb@group-C349846DEF79-FollowerState was interrupted: java.lang.InterruptedException: sleep interrupted
2019-10-17 07:02:24,382 [grpc-default-executor-0] INFO  impl.RoleInfo (RoleInfo.java:updateAndGet(143)) - 328eda30-7a38-4124-8420-4db3824d3ef4: start FollowerState
2019-10-17 07:02:24,382 [grpc-default-executor-3] INFO  impl.RoleInfo (RoleInfo.java:updateAndGet(143)) - cae7164a-c8b0-4e78-9c02-4190bab4d7cb: start FollowerState
2019-10-17 07:02:24,397 [03dd9899-51e5-4f83-b08a-708074177aaf@group-C349846DEF79-LeaderElection38] INFO  impl.LeaderElection (LeaderElection.java:logAndReturn(56)) - 03dd9899-51e5-4f83-b08a-708074177aaf@group-C349846DEF79-LeaderElection38: Election REJECTED; received 2 response(s) [03dd9899-51e5-4f83-b08a-708074177aaf<-328eda30-7a38-4124-8420-4db3824d3ef4#0:FAIL-t38, 03dd9899-51e5-4f83-b08a-708074177aaf<-cae7164a-c8b0-4e78-9c02-4190bab4d7cb#0:FAIL-t38] and 0 exception(s); 03dd9899-51e5-4f83-b08a-708074177aaf@group-C349846DEF79:t38, leader=null, voted=03dd9899-51e5-4f83-b08a-708074177aaf, raftlog=03dd9899-51e5-4f83-b08a-708074177aaf@group-C349846DEF79-SegmentedRaftLog:OPENED:c3,f4,i4, conf=0: [328eda30-7a38-4124-8420-4db3824d3ef4:192.168.34.62:34889, 03dd9899-51e5-4f83-b08a-708074177aaf:192.168.34.62:36351, cae7164a-c8b0-4e78-9c02-4190bab4d7cb:192.168.34.62:46027], old=null
2019-10-17 07:02:24,397 [03dd9899-51e5-4f83-b08a-708074177aaf@group-C349846DEF79-LeaderElection38] INFO  impl.RaftServerImpl (RaftServerImpl.java:setRole(184)) - 03dd9899-51e5-4f83-b08a-708074177aaf@group-C349846DEF79: changes role from CANDIDATE to FOLLOWER at term 38 for DISCOVERED_A_NEW_TERM
2019-10-17 07:02:24,397 [03dd9899-51e5-4f83-b08a-708074177aaf@group-C349846DEF79-LeaderElection38] INFO  impl.RoleInfo (RoleInfo.java:shutdownLeaderElection(134)) - 03dd9899-51e5-4f83-b08a-708074177aaf: shutdown LeaderElection
2019-10-17 07:02:24,398 [03dd9899-51e5-4f83-b08a-708074177aaf@group-C349846DEF79-LeaderElection38] INFO  impl.RoleInfo (RoleInfo.java:updateAndGet(143)) - 03dd9899-51e5-4f83-b08a-708074177aaf: start FollowerState
2019-10-17 07:02:24,448 [Thread-820] INFO  impl.FollowerState (FollowerState.java:run(108)) - 03dd9899-51e5-4f83-b08a-708074177aaf@group-C349846DEF79-FollowerState: change to CANDIDATE, lastRpcTime:50ms, electionTimeout:50ms
2019-10-17 07:02:24,448 [Thread-820] INFO  impl.RoleInfo (RoleInfo.java:shutdownFollowerState(121)) - 03dd9899-51e5-4f83-b08a-708074177aaf: shutdown FollowerState
2019-10-17 07:02:24,448 [Thread-820] INFO  impl.RaftServerImpl (RaftServerImpl.java:setRole(184)) - 03dd9899-51e5-4f83-b08a-708074177aaf@group-C349846DEF79: changes role from  FOLLOWER to CANDIDATE at term 38 for changeToCandidate
2019-10-17 07:02:24,448 [Thread-820] INFO  impl.RoleInfo (RoleInfo.java:updateAndGet(143)) - 03dd9899-51e5-4f83-b08a-708074177aaf: start LeaderElection
2019-10-17 07:02:24,461 [03dd9899-51e5-4f83-b08a-708074177aaf@group-C349846DEF79-LeaderElection39] INFO  impl.LeaderElection (LeaderElection.java:askForVotes(178)) - 03dd9899-51e5-4f83-b08a-708074177aaf@group-C349846DEF79-LeaderElection39: begin an election at term 39 for 0: [328eda30-7a38-4124-8420-4db3824d3ef4:192.168.34.62:34889, 03dd9899-51e5-4f83-b08a-708074177aaf:192.168.34.62:36351, cae7164a-c8b0-4e78-9c02-4190bab4d7cb:192.168.34.62:46027], old=null
2019-10-17 07:02:24,464 [grpc-default-executor-0] INFO  impl.RaftServerImpl (RaftServerImpl.java:setRole(184)) - cae7164a-c8b0-4e78-9c02-4190bab4d7cb@group-C349846DEF79: changes role from  FOLLOWER to FOLLOWER at term 39 for recognizeCandidate:03dd9899-51e5-4f83-b08a-708074177aaf
2019-10-17 07:02:24,464 [grpc-default-executor-3] INFO  impl.RaftServerImpl (RaftServerImpl.java:setRole(184)) - 328eda30-7a38-4124-8420-4db3824d3ef4@group-C349846DEF79: changes role from  FOLLOWER to FOLLOWER at term 39 for recognizeCandidate:03dd9899-51e5-4f83-b08a-708074177aaf
2019-10-17 07:02:24,464 [grpc-default-executor-0] INFO  impl.RoleInfo (RoleInfo.java:shutdownFollowerState(121)) - cae7164a-c8b0-4e78-9c02-4190bab4d7cb: shutdown FollowerState
2019-10-17 07:02:24,464 [grpc-default-executor-3] INFO  impl.RoleInfo (RoleInfo.java:shutdownFollowerState(121)) - 328eda30-7a38-4124-8420-4db3824d3ef4: shutdown FollowerState
2019-10-17 07:02:24,464 [Thread-818] INFO  impl.FollowerState (FollowerState.java:run(117)) - cae7164a-c8b0-4e78-9c02-4190bab4d7cb@group-C349846DEF79-FollowerState was interrupted: java.lang.InterruptedException: sleep interrupted
2019-10-17 07:02:24,464 [grpc-default-executor-0] INFO  impl.RoleInfo (RoleInfo.java:updateAndGet(143)) - cae7164a-c8b0-4e78-9c02-4190bab4d7cb: start FollowerState
2019-10-17 07:02:24,464 [grpc-default-executor-3] INFO  impl.RoleInfo (RoleInfo.java:updateAndGet(143)) - 328eda30-7a38-4124-8420-4db3824d3ef4: start FollowerState
2019-10-17 07:02:24,464 [Thread-817] INFO  impl.FollowerState (FollowerState.java:run(117)) - 328eda30-7a38-4124-8420-4db3824d3ef4@group-C349846DEF79-FollowerState was interrupted: java.lang.InterruptedException: sleep interrupted
2019-10-17 07:02:24,485 [03dd9899-51e5-4f83-b08a-708074177aaf@group-C349846DEF79-LeaderElection39] INFO  impl.LeaderElection (LeaderElection.java:logAndReturn(56)) - 03dd9899-51e5-4f83-b08a-708074177aaf@group-C349846DEF79-LeaderElection39: Election REJECTED; received 2 response(s) [03dd9899-51e5-4f83-b08a-708074177aaf<-328eda30-7a38-4124-8420-4db3824d3ef4#0:FAIL-t39, 03dd9899-51e5-4f83-b08a-708074177aaf<-cae7164a-c8b0-4e78-9c02-4190bab4d7cb#0:FAIL-t39] and 0 exception(s); 03dd9899-51e5-4f83-b08a-708074177aaf@group-C349846DEF79:t39, leader=null, voted=03dd9899-51e5-4f83-b08a-708074177aaf, raftlog=03dd9899-51e5-4f83-b08a-708074177aaf@group-C349846DEF79-SegmentedRaftLog:OPENED:c3,f4,i4, conf=0: [328eda30-7a38-4124-8420-4db3824d3ef4:192.168.34.62:34889, 03dd9899-51e5-4f83-b08a-708074177aaf:192.168.34.62:36351, cae7164a-c8b0-4e78-9c02-4190bab4d7cb:192.168.34.62:46027], old=null
2019-10-17 07:02:24,485 [03dd9899-51e5-4f83-b08a-708074177aaf@group-C349846DEF79-LeaderElection39] INFO  impl.RaftServerImpl (RaftServerImpl.java:setRole(184)) - 03dd9899-51e5-4f83-b08a-708074177aaf@group-C349846DEF79: changes role from CANDIDATE to FOLLOWER at term 39 for DISCOVERED_A_NEW_TERM
2019-10-17 07:02:24,485 [03dd9899-51e5-4f83-b08a-708074177aaf@group-C349846DEF79-LeaderElection39] INFO  impl.RoleInfo (RoleInfo.java:shutdownLeaderElection(134)) - 03dd9899-51e5-4f83-b08a-708074177aaf: shutdown LeaderElection
2019-10-17 07:02:24,485 [03dd9899-51e5-4f83-b08a-708074177aaf@group-C349846DEF79-LeaderElection39] INFO  impl.RoleInfo (RoleInfo.java:updateAndGet(143)) - 03dd9899-51e5-4f83-b08a-708074177aaf: start FollowerState
2019-10-17 07:02:24,567 [Thread-826] INFO  impl.FollowerState (FollowerState.java:run(108)) - 03dd9899-51e5-4f83-b08a-708074177aaf@group-C349846DEF79-FollowerState: change to CANDIDATE, lastRpcTime:82ms, electionTimeout:82ms
2019-10-17 07:02:24,568 [Thread-826] INFO  impl.RoleInfo (RoleInfo.java:shutdownFollowerState(121)) - 03dd9899-51e5-4f83-b08a-708074177aaf: shutdown FollowerState
2019-10-17 07:02:24,568 [Thread-826] INFO  impl.RaftServerImpl (RaftServerImpl.java:setRole(184)) - 03dd9899-51e5-4f83-b08a-708074177aaf@group-C349846DEF79: changes role from  FOLLOWER to CANDIDATE at term 39 for changeToCandidate
2019-10-17 07:02:24,568 [Thread-826] INFO  impl.RoleInfo (RoleInfo.java:updateAndGet(143)) - 03dd9899-51e5-4f83-b08a-708074177aaf: start LeaderElection
2019-10-17 07:02:24,581 [03dd9899-51e5-4f83-b08a-708074177aaf@group-C349846DEF79-LeaderElection40] INFO  impl.LeaderElection (LeaderElection.java:askForVotes(178)) - 03dd9899-51e5-4f83-b08a-708074177aaf@group-C349846DEF79-LeaderElection40: begin an election at term 40 for 0: [328eda30-7a38-4124-8420-4db3824d3ef4:192.168.34.62:34889, 03dd9899-51e5-4f83-b08a-708074177aaf:192.168.34.62:36351, cae7164a-c8b0-4e78-9c02-4190bab4d7cb:192.168.34.62:46027], old=null
2019-10-17 07:02:24,584 [grpc-default-executor-3] INFO  impl.RaftServerImpl (RaftServerImpl.java:setRole(184)) - cae7164a-c8b0-4e78-9c02-4190bab4d7cb@group-C349846DEF79: changes role from  FOLLOWER to FOLLOWER at term 40 for recognizeCandidate:03dd9899-51e5-4f83-b08a-708074177aaf
2019-10-17 07:02:24,584 [grpc-default-executor-0] INFO  impl.RaftServerImpl (RaftServerImpl.java:setRole(184)) - 328eda30-7a38-4124-8420-4db3824d3ef4@group-C349846DEF79: changes role from  FOLLOWER to FOLLOWER at term 40 for recognizeCandidate:03dd9899-51e5-4f83-b08a-708074177aaf
2019-10-17 07:02:24,584 [grpc-default-executor-3] INFO  impl.RoleInfo (RoleInfo.java:shutdownFollowerState(121)) - cae7164a-c8b0-4e78-9c02-4190bab4d7cb: shutdown FollowerState
2019-10-17 07:02:24,585 [grpc-default-executor-0] INFO  impl.RoleInfo (RoleInfo.java:shutdownFollowerState(121)) - 328eda30-7a38-4124-8420-4db3824d3ef4: shutdown FollowerState
2019-10-17 07:02:24,585 [Thread-824] INFO  impl.FollowerState (FollowerState.java:run(117)) - cae7164a-c8b0-4e78-9c02-4190bab4d7cb@group-C349846DEF79-FollowerState was interrupted: java.lang.InterruptedException: sleep interrupted
2019-10-17 07:02:24,585 [grpc-default-executor-3] INFO  impl.RoleInfo (RoleInfo.java:updateAndGet(143)) - cae7164a-c8b0-4e78-9c02-4190bab4d7cb: start FollowerState
2019-10-17 07:02:24,585 [grpc-default-executor-0] INFO  impl.RoleInfo (RoleInfo.java:updateAndGet(143)) - 328eda30-7a38-4124-8420-4db3824d3ef4: start FollowerState
2019-10-17 07:02:24,585 [Thread-825] INFO  impl.FollowerState (FollowerState.java:run(117)) - 328eda30-7a38-4124-8420-4db3824d3ef4@group-C349846DEF79-FollowerState was interrupted: java.lang.InterruptedException: sleep interrupted
2019-10-17 07:02:24,599 [03dd9899-51e5-4f83-b08a-708074177aaf@group-C349846DEF79-LeaderElection40] INFO  impl.LeaderElection (LeaderElection.java:logAndReturn(56)) - 03dd9899-51e5-4f83-b08a-708074177aaf@group-C349846DEF79-LeaderElection40: Election REJECTED; received 2 response(s) [03dd9899-51e5-4f83-b08a-708074177aaf<-328eda30-7a38-4124-8420-4db3824d3ef4#0:FAIL-t40, 03dd9899-51e5-4f83-b08a-708074177aaf<-cae7164a-c8b0-4e78-9c02-4190bab4d7cb#0:FAIL-t40] and 0 exception(s); 03dd9899-51e5-4f83-b08a-708074177aaf@group-C349846DEF79:t40, leader=null, voted=03dd9899-51e5-4f83-b08a-708074177aaf, raftlog=03dd9899-51e5-4f83-b08a-708074177aaf@group-C349846DEF79-SegmentedRaftLog:OPENED:c3,f4,i4, conf=0: [328eda30-7a38-4124-8420-4db3824d3ef4:192.168.34.62:34889, 03dd9899-51e5-4f83-b08a-708074177aaf:192.168.34.62:36351, cae7164a-c8b0-4e78-9c02-4190bab4d7cb:192.168.34.62:46027], old=null
2019-10-17 07:02:24,599 [03dd9899-51e5-4f83-b08a-708074177aaf@group-C349846DEF79-LeaderElection40] INFO  impl.RaftServerImpl (RaftServerImpl.java:setRole(184)) - 03dd9899-51e5-4f83-b08a-708074177aaf@group-C349846DEF79: changes role from CANDIDATE to FOLLOWER at term 40 for DISCOVERED_A_NEW_TERM
2019-10-17 07:02:24,600 [03dd9899-51e5-4f83-b08a-708074177aaf@group-C349846DEF79-LeaderElection40] INFO  impl.RoleInfo (RoleInfo.java:shutdownLeaderElection(134)) - 03dd9899-51e5-4f83-b08a-708074177aaf: shutdown LeaderElection
2019-10-17 07:02:24,600 [03dd9899-51e5-4f83-b08a-708074177aaf@group-C349846DEF79-LeaderElection40] INFO  impl.RoleInfo (RoleInfo.java:updateAndGet(143)) - 03dd9899-51e5-4f83-b08a-708074177aaf: start FollowerState
2019-10-17 07:02:24,675 [Thread-834] INFO  client.GrpcClientProtocolService (GrpcClientProtocolService.java:lambda$processClientRequest$0(278)) - Failed RaftClientRequest:client-1BB1B1ECBBFA->03dd9899-51e5-4f83-b08a-708074177aaf@group-C349846DEF79, cid=10, seq=0, Watch-ALL_COMMITTED(6), Message:<EMPTY>, reply=RaftClientReply:client-1BB1B1ECBBFA->03dd9899-51e5-4f83-b08a-708074177aaf@group-C349846DEF79, cid=10, FAILED org.apache.ratis.protocol.NotLeaderException: Server 03dd9899-51e5-4f83-b08a-708074177aaf@group-C349846DEF79 is not the leader, logIndex=0, commits[03dd9899-51e5-4f83-b08a-708074177aaf:c3]
2019-10-17 07:02:24,728 [Thread-832] INFO  impl.FollowerState (FollowerState.java:run(108)) - 03dd9899-51e5-4f83-b08a-708074177aaf@group-C349846DEF79-FollowerState: change to CANDIDATE, lastRpcTime:128ms, electionTimeout:128ms
2019-10-17 07:02:24,728 [Thread-832] INFO  impl.RoleInfo (RoleInfo.java:shutdownFollowerState(121)) - 03dd9899-51e5-4f83-b08a-708074177aaf: shutdown FollowerState
2019-10-17 07:02:24,728 [Thread-832] INFO  impl.RaftServerImpl (RaftServerImpl.java:setRole(184)) - 03dd9899-51e5-4f83-b08a-708074177aaf@group-C349846DEF79: changes role from  FOLLOWER to CANDIDATE at term 40 for changeToCandidate
2019-10-17 07:02:24,728 [Thread-832] INFO  impl.RoleInfo (RoleInfo.java:updateAndGet(143)) - 03dd9899-51e5-4f83-b08a-708074177aaf: start LeaderElection
2019-10-17 07:02:24,742 [03dd9899-51e5-4f83-b08a-708074177aaf@group-C349846DEF79-LeaderElection41] INFO  impl.LeaderElection (LeaderElection.java:askForVotes(178)) - 03dd9899-51e5-4f83-b08a-708074177aaf@group-C349846DEF79-LeaderElection41: begin an election at term 41 for 0: [328eda30-7a38-4124-8420-4db3824d3ef4:192.168.34.62:34889, 03dd9899-51e5-4f83-b08a-708074177aaf:192.168.34.62:36351, cae7164a-c8b0-4e78-9c02-4190bab4d7cb:192.168.34.62:46027], old=null
2019-10-17 07:02:24,744 [grpc-default-executor-3] INFO  impl.RaftServerImpl (RaftServerImpl.java:setRole(184)) - 328eda30-7a38-4124-8420-4db3824d3ef4@group-C349846DEF79: changes role from  FOLLOWER to FOLLOWER at term 41 for recognizeCandidate:03dd9899-51e5-4f83-b08a-708074177aaf
2019-10-17 07:02:24,744 [grpc-default-executor-0] INFO  impl.RaftServerImpl (RaftServerImpl.java:setRole(184)) - cae7164a-c8b0-4e78-9c02-4190bab4d7cb@group-C349846DEF79: changes role from  FOLLOWER to FOLLOWER at term 41 for recognizeCandidate:03dd9899-51e5-4f83-b08a-708074177aaf
2019-10-17 07:02:24,744 [grpc-default-executor-3] INFO  impl.RoleInfo (RoleInfo.java:shutdownFollowerState(121)) - 328eda30-7a38-4124-8420-4db3824d3ef4: shutdown FollowerState
2019-10-17 07:02:24,744 [grpc-default-executor-0] INFO  impl.RoleInfo (RoleInfo.java:shutdownFollowerState(121)) - cae7164a-c8b0-4e78-9c02-4190bab4d7cb: shutdown FollowerState
2019-10-17 07:02:24,744 [grpc-default-executor-3] INFO  impl.RoleInfo (RoleInfo.java:updateAndGet(143)) - 328eda30-7a38-4124-8420-4db3824d3ef4: start FollowerState
2019-10-17 07:02:24,744 [Thread-831] INFO  impl.FollowerState (FollowerState.java:run(117)) - 328eda30-7a38-4124-8420-4db3824d3ef4@group-C349846DEF79-FollowerState was interrupted: java.lang.InterruptedException: sleep interrupted
2019-10-17 07:02:24,744 [Thread-830] INFO  impl.FollowerState (FollowerState.java:run(117)) - cae7164a-c8b0-4e78-9c02-4190bab4d7cb@group-C349846DEF79-FollowerState was interrupted: java.lang.InterruptedException: sleep interrupted
2019-10-17 07:02:24,744 [grpc-default-executor-0] INFO  impl.RoleInfo (RoleInfo.java:updateAndGet(143)) - cae7164a-c8b0-4e78-9c02-4190bab4d7cb: start FollowerState
2019-10-17 07:02:24,759 [03dd9899-51e5-4f83-b08a-708074177aaf@group-C349846DEF79-LeaderElection41] INFO  impl.LeaderElection (LeaderElection.java:logAndReturn(56)) - 03dd9899-51e5-4f83-b08a-708074177aaf@group-C349846DEF79-LeaderElection41: Election REJECTED; received 2 response(s) [03dd9899-51e5-4f83-b08a-708074177aaf<-328eda30-7a38-4124-8420-4db3824d3ef4#0:FAIL-t41, 03dd9899-51e5-4f83-b08a-708074177aaf<-cae7164a-c8b0-4e78-9c02-4190bab4d7cb#0:FAIL-t41] and 0 exception(s); 03dd9899-51e5-4f83-b08a-708074177aaf@group-C349846DEF79:t41, leader=null, voted=03dd9899-51e5-4f83-b08a-708074177aaf, raftlog=03dd9899-51e5-4f83-b08a-708074177aaf@group-C349846DEF79-SegmentedRaftLog:OPENED:c3,f4,i4, conf=0: [328eda30-7a38-4124-8420-4db3824d3ef4:192.168.34.62:34889, 03dd9899-51e5-4f83-b08a-708074177aaf:192.168.34.62:36351, cae7164a-c8b0-4e78-9c02-4190bab4d7cb:192.168.34.62:46027], old=null
2019-10-17 07:02:24,760 [03dd9899-51e5-4f83-b08a-708074177aaf@group-C349846DEF79-LeaderElection41] INFO  impl.RaftServerImpl (RaftServerImpl.java:setRole(184)) - 03dd9899-51e5-4f83-b08a-708074177aaf@group-C349846DEF79: changes role from CANDIDATE to FOLLOWER at term 41 for DISCOVERED_A_NEW_TERM
2019-10-17 07:02:24,760 [03dd9899-51e5-4f83-b08a-708074177aaf@group-C349846DEF79-LeaderElection41] INFO  impl.RoleInfo (RoleInfo.java:shutdownLeaderElection(134)) - 03dd9899-51e5-4f83-b08a-708074177aaf: shutdown LeaderElection
2019-10-17 07:02:24,760 [03dd9899-51e5-4f83-b08a-708074177aaf@group-C349846DEF79-LeaderElection41] INFO  impl.RoleInfo (RoleInfo.java:updateAndGet(143)) - 03dd9899-51e5-4f83-b08a-708074177aaf: start FollowerState
2019-10-17 07:02:24,780 [Thread-841] INFO  impl.FollowerState (FollowerState.java:run(108)) - 03dd9899-51e5-4f83-b08a-708074177aaf@group-C349846DEF79-FollowerState: change to CANDIDATE, lastRpcTime:20ms, electionTimeout:20ms
2019-10-17 07:02:24,781 [Thread-841] INFO  impl.RoleInfo (RoleInfo.java:shutdownFollowerState(121)) - 03dd9899-51e5-4f83-b08a-708074177aaf: shutdown FollowerState
2019-10-17 07:02:24,781 [Thread-841] INFO  impl.RaftServerImpl (RaftServerImpl.java:setRole(184)) - 03dd9899-51e5-4f83-b08a-708074177aaf@group-C349846DEF79: changes role from  FOLLOWER to CANDIDATE at term 41 for changeToCandidate
2019-10-17 07:02:24,781 [Thread-841] INFO  impl.RoleInfo (RoleInfo.java:updateAndGet(143)) - 03dd9899-51e5-4f83-b08a-708074177aaf: start LeaderElection
2019-10-17 07:02:24,794 [03dd9899-51e5-4f83-b08a-708074177aaf@group-C349846DEF79-LeaderElection42] INFO  impl.LeaderElection (LeaderElection.java:askForVotes(178)) - 03dd9899-51e5-4f83-b08a-708074177aaf@group-C349846DEF79-LeaderElection42: begin an election at term 42 for 0: [328eda30-7a38-4124-8420-4db3824d3ef4:192.168.34.62:34889, 03dd9899-51e5-4f83-b08a-708074177aaf:192.168.34.62:36351, cae7164a-c8b0-4e78-9c02-4190bab4d7cb:192.168.34.62:46027], old=null
2019-10-17 07:02:24,796 [grpc-default-executor-3] INFO  impl.RaftServerImpl (RaftServerImpl.java:setRole(184)) - cae7164a-c8b0-4e78-9c02-4190bab4d7cb@group-C349846DEF79: changes role from  FOLLOWER to FOLLOWER at term 42 for recognizeCandidate:03dd9899-51e5-4f83-b08a-708074177aaf
2019-10-17 07:02:24,796 [grpc-default-executor-0] INFO  impl.RaftServerImpl (RaftServerImpl.java:setRole(184)) - 328eda30-7a38-4124-8420-4db3824d3ef4@group-C349846DEF79: changes role from  FOLLOWER to FOLLOWER at term 42 for recognizeCandidate:03dd9899-51e5-4f83-b08a-708074177aaf
2019-10-17 07:02:24,796 [grpc-default-executor-3] INFO  impl.RoleInfo (RoleInfo.java:shutdownFollowerState(121)) - cae7164a-c8b0-4e78-9c02-4190bab4d7cb: shutdown FollowerState
2019-10-17 07:02:24,796 [grpc-default-executor-0] INFO  impl.RoleInfo (RoleInfo.java:shutdownFollowerState(121)) - 328eda30-7a38-4124-8420-4db3824d3ef4: shutdown FollowerState
2019-10-17 07:02:24,797 [Thread-840] INFO  impl.FollowerState (FollowerState.java:run(117)) - cae7164a-c8b0-4e78-9c02-4190bab4d7cb@group-C349846DEF79-FollowerState was interrupted: java.lang.InterruptedException: sleep interrupted
2019-10-17 07:02:24,797 [grpc-default-executor-3] INFO  impl.RoleInfo (RoleInfo.java:updateAndGet(143)) - cae7164a-c8b0-4e78-9c02-4190bab4d7cb: start FollowerState
2019-10-17 07:02:24,797 [grpc-default-executor-0] INFO  impl.RoleInfo (RoleInfo.java:updateAndGet(143)) - 328eda30-7a38-4124-8420-4db3824d3ef4: start FollowerState
2019-10-17 07:02:24,797 [Thread-839] INFO  impl.FollowerState (FollowerState.java:run(117)) - 328eda30-7a38-4124-8420-4db3824d3ef4@group-C349846DEF79-FollowerState was interrupted: java.lang.InterruptedException: sleep interrupted
2019-10-17 07:02:24,810 [03dd9899-51e5-4f83-b08a-708074177aaf@group-C349846DEF79-LeaderElection42] INFO  impl.LeaderElection (LeaderElection.java:logAndReturn(56)) - 03dd9899-51e5-4f83-b08a-708074177aaf@group-C349846DEF79-LeaderElection42: Election REJECTED; received 2 response(s) [03dd9899-51e5-4f83-b08a-708074177aaf<-328eda30-7a38-4124-8420-4db3824d3ef4#0:FAIL-t42, 03dd9899-51e5-4f83-b08a-708074177aaf<-cae7164a-c8b0-4e78-9c02-4190bab4d7cb#0:FAIL-t42] and 0 exception(s); 03dd9899-51e5-4f83-b08a-708074177aaf@group-C349846DEF79:t42, leader=null, voted=03dd9899-51e5-4f83-b08a-708074177aaf, raftlog=03dd9899-51e5-4f83-b08a-708074177aaf@group-C349846DEF79-SegmentedRaftLog:OPENED:c3,f4,i4, conf=0: [328eda30-7a38-4124-8420-4db3824d3ef4:192.168.34.62:34889, 03dd9899-51e5-4f83-b08a-708074177aaf:192.168.34.62:36351, cae7164a-c8b0-4e78-9c02-4190bab4d7cb:192.168.34.62:46027], old=null
2019-10-17 07:02:24,810 [03dd9899-51e5-4f83-b08a-708074177aaf@group-C349846DEF79-LeaderElection42] INFO  impl.RaftServerImpl (RaftServerImpl.java:setRole(184)) - 03dd9899-51e5-4f83-b08a-708074177aaf@group-C349846DEF79: changes role from CANDIDATE to FOLLOWER at term 42 for DISCOVERED_A_NEW_TERM
2019-10-17 07:02:24,811 [03dd9899-51e5-4f83-b08a-708074177aaf@group-C349846DEF79-LeaderElection42] INFO  impl.RoleInfo (RoleInfo.java:shutdownLeaderElection(134)) - 03dd9899-51e5-4f83-b08a-708074177aaf: shutdown LeaderElection
2019-10-17 07:02:24,811 [03dd9899-51e5-4f83-b08a-708074177aaf@group-C349846DEF79-LeaderElection42] INFO  impl.RoleInfo (RoleInfo.java:updateAndGet(143)) - 03dd9899-51e5-4f83-b08a-708074177aaf: start FollowerState
2019-10-17 07:02:24,827 [BlockDeletingService#2] WARN  background.BlockDeletingService (BlockDeletingService.java:isDeletionAllowed(187)) - Close Container log Index 6 is not replicated across allthe servers in the pipeline 72246393-9d1a-4fd5-982f-c349846def79 as the min replicated index is 4. Deletion is not allowed in this container yet.
2019-10-17 07:02:24,827 [BlockDeletingService#2] WARN  background.BlockDeletingService (BlockDeletingService.java:isDeletionAllowed(187)) - Close Container log Index 6 is not replicated across allthe servers in the pipeline 72246393-9d1a-4fd5-982f-c349846def79 as the min replicated index is 4. Deletion is not allowed in this container yet.
2019-10-17 07:02:24,977 [Thread-847] INFO  impl.FollowerState (FollowerState.java:run(108)) - 03dd9899-51e5-4f83-b08a-708074177aaf@group-C349846DEF79-FollowerState: change to CANDIDATE, lastRpcTime:166ms, electionTimeout:166ms
2019-10-17 07:02:24,977 [Thread-847] INFO  impl.RoleInfo (RoleInfo.java:shutdownFollowerState(121)) - 03dd9899-51e5-4f83-b08a-708074177aaf: shutdown FollowerState
2019-10-17 07:02:24,977 [Thread-847] INFO  impl.RaftServerImpl (RaftServerImpl.java:setRole(184)) - 03dd9899-51e5-4f83-b08a-708074177aaf@group-C349846DEF79: changes role from  FOLLOWER to CANDIDATE at term 42 for changeToCandidate
2019-10-17 07:02:24,977 [Thread-847] INFO  impl.RoleInfo (RoleInfo.java:updateAndGet(143)) - 03dd9899-51e5-4f83-b08a-708074177aaf: start LeaderElection
2019-10-17 07:02:24,991 [03dd9899-51e5-4f83-b08a-708074177aaf@group-C349846DEF79-LeaderElection43] INFO  impl.LeaderElection (LeaderElection.java:askForVotes(178)) - 03dd9899-51e5-4f83-b08a-708074177aaf@group-C349846DEF79-LeaderElection43: begin an election at term 43 for 0: [328eda30-7a38-4124-8420-4db3824d3ef4:192.168.34.62:34889, 03dd9899-51e5-4f83-b08a-708074177aaf:192.168.34.62:36351, cae7164a-c8b0-4e78-9c02-4190bab4d7cb:192.168.34.62:46027], old=null
2019-10-17 07:02:24,995 [grpc-default-executor-0] INFO  impl.RaftServerImpl (RaftServerImpl.java:setRole(184)) - 328eda30-7a38-4124-8420-4db3824d3ef4@group-C349846DEF79: changes role from  FOLLOWER to FOLLOWER at term 43 for recognizeCandidate:03dd9899-51e5-4f83-b08a-708074177aaf
2019-10-17 07:02:24,995 [grpc-default-executor-3] INFO  impl.RaftServerImpl (RaftServerImpl.java:setRole(184)) - cae7164a-c8b0-4e78-9c02-4190bab4d7cb@group-C349846DEF79: changes role from  FOLLOWER to FOLLOWER at term 43 for recognizeCandidate:03dd9899-51e5-4f83-b08a-708074177aaf
2019-10-17 07:02:24,995 [grpc-default-executor-0] INFO  impl.RoleInfo (RoleInfo.java:shutdownFollowerState(121)) - 328eda30-7a38-4124-8420-4db3824d3ef4: shutdown FollowerState
2019-10-17 07:02:24,995 [grpc-default-executor-3] INFO  impl.RoleInfo (RoleInfo.java:shutdownFollowerState(121)) - cae7164a-c8b0-4e78-9c02-4190bab4d7cb: shutdown FollowerState
2019-10-17 07:02:24,995 [grpc-default-executor-0] INFO  impl.RoleInfo (RoleInfo.java:updateAndGet(143)) - 328eda30-7a38-4124-8420-4db3824d3ef4: start FollowerState
2019-10-17 07:02:24,995 [Thread-845] INFO  impl.FollowerState (FollowerState.java:run(117)) - cae7164a-c8b0-4e78-9c02-4190bab4d7cb@group-C349846DEF79-FollowerState was interrupted: java.lang.InterruptedException: sleep interrupted
2019-10-17 07:02:24,995 [Thread-846] INFO  impl.FollowerState (FollowerState.java:run(117)) - 328eda30-7a38-4124-8420-4db3824d3ef4@group-C349846DEF79-FollowerState was interrupted: java.lang.InterruptedException: sleep interrupted
2019-10-17 07:02:24,995 [grpc-default-executor-3] INFO  impl.RoleInfo (RoleInfo.java:updateAndGet(143)) - cae7164a-c8b0-4e78-9c02-4190bab4d7cb: start FollowerState
2019-10-17 07:02:25,008 [03dd9899-51e5-4f83-b08a-708074177aaf@group-C349846DEF79-LeaderElection43] INFO  impl.LeaderElection (LeaderElection.java:logAndReturn(56)) - 03dd9899-51e5-4f83-b08a-708074177aaf@group-C349846DEF79-LeaderElection43: Election REJECTED; received 2 response(s) [03dd9899-51e5-4f83-b08a-708074177aaf<-328eda30-7a38-4124-8420-4db3824d3ef4#0:FAIL-t43, 03dd9899-51e5-4f83-b08a-708074177aaf<-cae7164a-c8b0-4e78-9c02-4190bab4d7cb#0:FAIL-t43] and 0 exception(s); 03dd9899-51e5-4f83-b08a-708074177aaf@group-C349846DEF79:t43, leader=null, voted=03dd9899-51e5-4f83-b08a-708074177aaf, raftlog=03dd9899-51e5-4f83-b08a-708074177aaf@group-C349846DEF79-SegmentedRaftLog:OPENED:c3,f4,i4, conf=0: [328eda30-7a38-4124-8420-4db3824d3ef4:192.168.34.62:34889, 03dd9899-51e5-4f83-b08a-708074177aaf:192.168.34.62:36351, cae7164a-c8b0-4e78-9c02-4190bab4d7cb:192.168.34.62:46027], old=null
2019-10-17 07:02:25,009 [03dd9899-51e5-4f83-b08a-708074177aaf@group-C349846DEF79-LeaderElection43] INFO  impl.RaftServerImpl (RaftServerImpl.java:setRole(184)) - 03dd9899-51e5-4f83-b08a-708074177aaf@group-C349846DEF79: changes role from CANDIDATE to FOLLOWER at term 43 for DISCOVERED_A_NEW_TERM
2019-10-17 07:02:25,009 [03dd9899-51e5-4f83-b08a-708074177aaf@group-C349846DEF79-LeaderElection43] INFO  impl.RoleInfo (RoleInfo.java:shutdownLeaderElection(134)) - 03dd9899-51e5-4f83-b08a-708074177aaf: shutdown LeaderElection
2019-10-17 07:02:25,009 [03dd9899-51e5-4f83-b08a-708074177aaf@group-C349846DEF79-LeaderElection43] INFO  impl.RoleInfo (RoleInfo.java:updateAndGet(143)) - 03dd9899-51e5-4f83-b08a-708074177aaf: start FollowerState
2019-10-17 07:02:25,030 [Thread-855] INFO  impl.FollowerState (FollowerState.java:run(108)) - 03dd9899-51e5-4f83-b08a-708074177aaf@group-C349846DEF79-FollowerState: change to CANDIDATE, lastRpcTime:21ms, electionTimeout:21ms
2019-10-17 07:02:25,030 [Thread-855] INFO  impl.RoleInfo (RoleInfo.java:shutdownFollowerState(121)) - 03dd9899-51e5-4f83-b08a-708074177aaf: shutdown FollowerState
2019-10-17 07:02:25,031 [Thread-855] INFO  impl.RaftServerImpl (RaftServerImpl.java:setRole(184)) - 03dd9899-51e5-4f83-b08a-708074177aaf@group-C349846DEF79: changes role from  FOLLOWER to CANDIDATE at term 43 for changeToCandidate
2019-10-17 07:02:25,031 [Thread-855] INFO  impl.RoleInfo (RoleInfo.java:updateAndGet(143)) - 03dd9899-51e5-4f83-b08a-708074177aaf: start LeaderElection
2019-10-17 07:02:25,055 [03dd9899-51e5-4f83-b08a-708074177aaf@group-C349846DEF79-LeaderElection44] INFO  impl.LeaderElection (LeaderElection.java:askForVotes(178)) - 03dd9899-51e5-4f83-b08a-708074177aaf@group-C349846DEF79-LeaderElection44: begin an election at term 44 for 0: [328eda30-7a38-4124-8420-4db3824d3ef4:192.168.34.62:34889, 03dd9899-51e5-4f83-b08a-708074177aaf:192.168.34.62:36351, cae7164a-c8b0-4e78-9c02-4190bab4d7cb:192.168.34.62:46027], old=null
2019-10-17 07:02:25,057 [grpc-default-executor-3] INFO  impl.RaftServerImpl (RaftServerImpl.java:setRole(184)) - cae7164a-c8b0-4e78-9c02-4190bab4d7cb@group-C349846DEF79: changes role from  FOLLOWER to FOLLOWER at term 44 for recognizeCandidate:03dd9899-51e5-4f83-b08a-708074177aaf
2019-10-17 07:02:25,057 [grpc-default-executor-0] INFO  impl.RaftServerImpl (RaftServerImpl.java:setRole(184)) - 328eda30-7a38-4124-8420-4db3824d3ef4@group-C349846DEF79: changes role from  FOLLOWER to FOLLOWER at term 44 for recognizeCandidate:03dd9899-51e5-4f83-b08a-708074177aaf
2019-10-17 07:02:25,057 [grpc-default-executor-3] INFO  impl.RoleInfo (RoleInfo.java:shutdownFollowerState(121)) - cae7164a-c8b0-4e78-9c02-4190bab4d7cb: shutdown FollowerState
2019-10-17 07:02:25,058 [grpc-default-executor-0] INFO  impl.RoleInfo (RoleInfo.java:shutdownFollowerState(121)) - 328eda30-7a38-4124-8420-4db3824d3ef4: shutdown FollowerState
2019-10-17 07:02:25,058 [Thread-854] INFO  impl.FollowerState (FollowerState.java:run(117)) - cae7164a-c8b0-4e78-9c02-4190bab4d7cb@group-C349846DEF79-FollowerState was interrupted: java.lang.InterruptedException: sleep interrupted
2019-10-17 07:02:25,058 [grpc-default-executor-3] INFO  impl.RoleInfo (RoleInfo.java:updateAndGet(143)) - cae7164a-c8b0-4e78-9c02-4190bab4d7cb: start FollowerState
2019-10-17 07:02:25,058 [Thread-853] INFO  impl.FollowerState (FollowerState.java:run(117)) - 328eda30-7a38-4124-8420-4db3824d3ef4@group-C349846DEF79-FollowerState was interrupted: java.lang.InterruptedException: sleep interrupted
2019-10-17 07:02:25,058 [grpc-default-executor-0] INFO  impl.RoleInfo (RoleInfo.java:updateAndGet(143)) - 328eda30-7a38-4124-8420-4db3824d3ef4: start FollowerState
2019-10-17 07:02:25,082 [03dd9899-51e5-4f83-b08a-708074177aaf@group-C349846DEF79-LeaderElection44] INFO  impl.LeaderElection (LeaderElection.java:logAndReturn(56)) - 03dd9899-51e5-4f83-b08a-708074177aaf@group-C349846DEF79-LeaderElection44: Election REJECTED; received 2 response(s) [03dd9899-51e5-4f83-b08a-708074177aaf<-328eda30-7a38-4124-8420-4db3824d3ef4#0:FAIL-t44, 03dd9899-51e5-4f83-b08a-708074177aaf<-cae7164a-c8b0-4e78-9c02-4190bab4d7cb#0:FAIL-t44] and 0 exception(s); 03dd9899-51e5-4f83-b08a-708074177aaf@group-C349846DEF79:t44, leader=null, voted=03dd9899-51e5-4f83-b08a-708074177aaf, raftlog=03dd9899-51e5-4f83-b08a-708074177aaf@group-C349846DEF79-SegmentedRaftLog:OPENED:c3,f4,i4, conf=0: [328eda30-7a38-4124-8420-4db3824d3ef4:192.168.34.62:34889, 03dd9899-51e5-4f83-b08a-708074177aaf:192.168.34.62:36351, cae7164a-c8b0-4e78-9c02-4190bab4d7cb:192.168.34.62:46027], old=null
2019-10-17 07:02:25,082 [03dd9899-51e5-4f83-b08a-708074177aaf@group-C349846DEF79-LeaderElection44] INFO  impl.RaftServerImpl (RaftServerImpl.java:setRole(184)) - 03dd9899-51e5-4f83-b08a-708074177aaf@group-C349846DEF79: changes role from CANDIDATE to FOLLOWER at term 44 for DISCOVERED_A_NEW_TERM
2019-10-17 07:02:25,082 [03dd9899-51e5-4f83-b08a-708074177aaf@group-C349846DEF79-LeaderElection44] INFO  impl.RoleInfo (RoleInfo.java:shutdownLeaderElection(134)) - 03dd9899-51e5-4f83-b08a-708074177aaf: shutdown LeaderElection
2019-10-17 07:02:25,083 [03dd9899-51e5-4f83-b08a-708074177aaf@group-C349846DEF79-LeaderElection44] INFO  impl.RoleInfo (RoleInfo.java:updateAndGet(143)) - 03dd9899-51e5-4f83-b08a-708074177aaf: start FollowerState
2019-10-17 07:02:25,117 [Thread-861] INFO  impl.FollowerState (FollowerState.java:run(108)) - 03dd9899-51e5-4f83-b08a-708074177aaf@group-C349846DEF79-FollowerState: change to CANDIDATE, lastRpcTime:34ms, electionTimeout:34ms
2019-10-17 07:02:25,117 [Thread-861] INFO  impl.RoleInfo (RoleInfo.java:shutdownFollowerState(121)) - 03dd9899-51e5-4f83-b08a-708074177aaf: shutdown FollowerState
2019-10-17 07:02:25,117 [Thread-861] INFO  impl.RaftServerImpl (RaftServerImpl.java:setRole(184)) - 03dd9899-51e5-4f83-b08a-708074177aaf@group-C349846DEF79: changes role from  FOLLOWER to CANDIDATE at term 44 for changeToCandidate
2019-10-17 07:02:25,117 [Thread-861] INFO  impl.RoleInfo (RoleInfo.java:updateAndGet(143)) - 03dd9899-51e5-4f83-b08a-708074177aaf: start LeaderElection
2019-10-17 07:02:25,130 [03dd9899-51e5-4f83-b08a-708074177aaf@group-C349846DEF79-LeaderElection45] INFO  impl.LeaderElection (LeaderElection.java:askForVotes(178)) - 03dd9899-51e5-4f83-b08a-708074177aaf@group-C349846DEF79-LeaderElection45: begin an election at term 45 for 0: [328eda30-7a38-4124-8420-4db3824d3ef4:192.168.34.62:34889, 03dd9899-51e5-4f83-b08a-708074177aaf:192.168.34.62:36351, cae7164a-c8b0-4e78-9c02-4190bab4d7cb:192.168.34.62:46027], old=null
2019-10-17 07:02:25,133 [grpc-default-executor-3] INFO  impl.RaftServerImpl (RaftServerImpl.java:setRole(184)) - cae7164a-c8b0-4e78-9c02-4190bab4d7cb@group-C349846DEF79: changes role from  FOLLOWER to FOLLOWER at term 45 for recognizeCandidate:03dd9899-51e5-4f83-b08a-708074177aaf
2019-10-17 07:02:25,133 [grpc-default-executor-0] INFO  impl.RaftServerImpl (RaftServerImpl.java:setRole(184)) - 328eda30-7a38-4124-8420-4db3824d3ef4@group-C349846DEF79: changes role from  FOLLOWER to FOLLOWER at term 45 for recognizeCandidate:03dd9899-51e5-4f83-b08a-708074177aaf
2019-10-17 07:02:25,133 [grpc-default-executor-3] INFO  impl.RoleInfo (RoleInfo.java:shutdownFollowerState(121)) - cae7164a-c8b0-4e78-9c02-4190bab4d7cb: shutdown FollowerState
2019-10-17 07:02:25,133 [grpc-default-executor-0] INFO  impl.RoleInfo (RoleInfo.java:shutdownFollowerState(121)) - 328eda30-7a38-4124-8420-4db3824d3ef4: shutdown FollowerState
2019-10-17 07:02:25,134 [Thread-859] INFO  impl.FollowerState (FollowerState.java:run(117)) - cae7164a-c8b0-4e78-9c02-4190bab4d7cb@group-C349846DEF79-FollowerState was interrupted: java.lang.InterruptedException: sleep interrupted
2019-10-17 07:02:25,134 [grpc-default-executor-3] INFO  impl.RoleInfo (RoleInfo.java:updateAndGet(143)) - cae7164a-c8b0-4e78-9c02-4190bab4d7cb: start FollowerState
2019-10-17 07:02:25,134 [Thread-860] INFO  impl.FollowerState (FollowerState.java:run(117)) - 328eda30-7a38-4124-8420-4db3824d3ef4@group-C349846DEF79-FollowerState was interrupted: java.lang.InterruptedException: sleep interrupted
2019-10-17 07:02:25,134 [grpc-default-executor-0] INFO  impl.RoleInfo (RoleInfo.java:updateAndGet(143)) - 328eda30-7a38-4124-8420-4db3824d3ef4: start FollowerState
2019-10-17 07:02:25,138 [03dd9899-51e5-4f83-b08a-708074177aaf@group-C349846DEF79-LeaderElection45] INFO  impl.LeaderElection (LeaderElection.java:logAndReturn(56)) - 03dd9899-51e5-4f83-b08a-708074177aaf@group-C349846DEF79-LeaderElection45: Election REJECTED; received 2 response(s) [03dd9899-51e5-4f83-b08a-708074177aaf<-328eda30-7a38-4124-8420-4db3824d3ef4#0:FAIL-t45, 03dd9899-51e5-4f83-b08a-708074177aaf<-cae7164a-c8b0-4e78-9c02-4190bab4d7cb#0:FAIL-t45] and 0 exception(s); 03dd9899-51e5-4f83-b08a-708074177aaf@group-C349846DEF79:t45, leader=null, voted=03dd9899-51e5-4f83-b08a-708074177aaf, raftlog=03dd9899-51e5-4f83-b08a-708074177aaf@group-C349846DEF79-SegmentedRaftLog:OPENED:c3,f4,i4, conf=0: [328eda30-7a38-4124-8420-4db3824d3ef4:192.168.34.62:34889, 03dd9899-51e5-4f83-b08a-708074177aaf:192.168.34.62:36351, cae7164a-c8b0-4e78-9c02-4190bab4d7cb:192.168.34.62:46027], old=null
2019-10-17 07:02:25,139 [03dd9899-51e5-4f83-b08a-708074177aaf@group-C349846DEF79-LeaderElection45] INFO  impl.RaftServerImpl (RaftServerImpl.java:setRole(184)) - 03dd9899-51e5-4f83-b08a-708074177aaf@group-C349846DEF79: changes role from CANDIDATE to FOLLOWER at term 45 for DISCOVERED_A_NEW_TERM
2019-10-17 07:02:25,139 [03dd9899-51e5-4f83-b08a-708074177aaf@group-C349846DEF79-LeaderElection45] INFO  impl.RoleInfo (RoleInfo.java:shutdownLeaderElection(134)) - 03dd9899-51e5-4f83-b08a-708074177aaf: shutdown LeaderElection
2019-10-17 07:02:25,139 [03dd9899-51e5-4f83-b08a-708074177aaf@group-C349846DEF79-LeaderElection45] INFO  impl.RoleInfo (RoleInfo.java:updateAndGet(143)) - 03dd9899-51e5-4f83-b08a-708074177aaf: start FollowerState
2019-10-17 07:02:25,251 [Thread-867] INFO  impl.FollowerState (FollowerState.java:run(108)) - 03dd9899-51e5-4f83-b08a-708074177aaf@group-C349846DEF79-FollowerState: change to CANDIDATE, lastRpcTime:112ms, electionTimeout:112ms
2019-10-17 07:02:25,252 [Thread-867] INFO  impl.RoleInfo (RoleInfo.java:shutdownFollowerState(121)) - 03dd9899-51e5-4f83-b08a-708074177aaf: shutdown FollowerState
2019-10-17 07:02:25,252 [Thread-867] INFO  impl.RaftServerImpl (RaftServerImpl.java:setRole(184)) - 03dd9899-51e5-4f83-b08a-708074177aaf@group-C349846DEF79: changes role from  FOLLOWER to CANDIDATE at term 45 for changeToCandidate
2019-10-17 07:02:25,252 [Thread-867] INFO  impl.RoleInfo (RoleInfo.java:updateAndGet(143)) - 03dd9899-51e5-4f83-b08a-708074177aaf: start LeaderElection
2019-10-17 07:02:25,257 [03dd9899-51e5-4f83-b08a-708074177aaf@group-C349846DEF79-LeaderElection46] INFO  impl.LeaderElection (LeaderElection.java:askForVotes(178)) - 03dd9899-51e5-4f83-b08a-708074177aaf@group-C349846DEF79-LeaderElection46: begin an election at term 46 for 0: [328eda30-7a38-4124-8420-4db3824d3ef4:192.168.34.62:34889, 03dd9899-51e5-4f83-b08a-708074177aaf:192.168.34.62:36351, cae7164a-c8b0-4e78-9c02-4190bab4d7cb:192.168.34.62:46027], old=null
2019-10-17 07:02:25,260 [grpc-default-executor-0] INFO  impl.RaftServerImpl (RaftServerImpl.java:setRole(184)) - cae7164a-c8b0-4e78-9c02-4190bab4d7cb@group-C349846DEF79: changes role from  FOLLOWER to FOLLOWER at term 46 for recognizeCandidate:03dd9899-51e5-4f83-b08a-708074177aaf
2019-10-17 07:02:25,260 [grpc-default-executor-3] INFO  impl.RaftServerImpl (RaftServerImpl.java:setRole(184)) - 328eda30-7a38-4124-8420-4db3824d3ef4@group-C349846DEF79: changes role from  FOLLOWER to FOLLOWER at term 46 for recognizeCandidate:03dd9899-51e5-4f83-b08a-708074177aaf
2019-10-17 07:02:25,260 [grpc-default-executor-0] INFO  impl.RoleInfo (RoleInfo.java:shutdownFollowerState(121)) - cae7164a-c8b0-4e78-9c02-4190bab4d7cb: shutdown FollowerState
2019-10-17 07:02:25,260 [grpc-default-executor-3] INFO  impl.RoleInfo (RoleInfo.java:shutdownFollowerState(121)) - 328eda30-7a38-4124-8420-4db3824d3ef4: shutdown FollowerState
2019-10-17 07:02:25,260 [grpc-default-executor-0] INFO  impl.RoleInfo (RoleInfo.java:updateAndGet(143)) - cae7164a-c8b0-4e78-9c02-4190bab4d7cb: start FollowerState
2019-10-17 07:02:25,261 [Thread-866] INFO  impl.FollowerState (FollowerState.java:run(117)) - 328eda30-7a38-4124-8420-4db3824d3ef4@group-C349846DEF79-FollowerState was interrupted: java.lang.InterruptedException: sleep interrupted
2019-10-17 07:02:25,260 [Thread-865] INFO  impl.FollowerState (FollowerState.java:run(117)) - cae7164a-c8b0-4e78-9c02-4190bab4d7cb@group-C349846DEF79-FollowerState was interrupted: java.lang.InterruptedException: sleep interrupted
2019-10-17 07:02:25,261 [grpc-default-executor-3] INFO  impl.RoleInfo (RoleInfo.java:updateAndGet(143)) - 328eda30-7a38-4124-8420-4db3824d3ef4: start FollowerState
2019-10-17 07:02:25,277 [03dd9899-51e5-4f83-b08a-708074177aaf@group-C349846DEF79-LeaderElection46] INFO  impl.LeaderElection (LeaderElection.java:logAndReturn(56)) - 03dd9899-51e5-4f83-b08a-708074177aaf@group-C349846DEF79-LeaderElection46: Election REJECTED; received 2 response(s) [03dd9899-51e5-4f83-b08a-708074177aaf<-328eda30-7a38-4124-8420-4db3824d3ef4#0:FAIL-t46, 03dd9899-51e5-4f83-b08a-708074177aaf<-cae7164a-c8b0-4e78-9c02-4190bab4d7cb#0:FAIL-t46] and 0 exception(s); 03dd9899-51e5-4f83-b08a-708074177aaf@group-C349846DEF79:t46, leader=null, voted=03dd9899-51e5-4f83-b08a-708074177aaf, raftlog=03dd9899-51e5-4f83-b08a-708074177aaf@group-C349846DEF79-SegmentedRaftLog:OPENED:c3,f4,i4, conf=0: [328eda30-7a38-4124-8420-4db3824d3ef4:192.168.34.62:34889, 03dd9899-51e5-4f83-b08a-708074177aaf:192.168.34.62:36351, cae7164a-c8b0-4e78-9c02-4190bab4d7cb:192.168.34.62:46027], old=null
2019-10-17 07:02:25,277 [03dd9899-51e5-4f83-b08a-708074177aaf@group-C349846DEF79-LeaderElection46] INFO  impl.RaftServerImpl (RaftServerImpl.java:setRole(184)) - 03dd9899-51e5-4f83-b08a-708074177aaf@group-C349846DEF79: changes role from CANDIDATE to FOLLOWER at term 46 for DISCOVERED_A_NEW_TERM
2019-10-17 07:02:25,277 [03dd9899-51e5-4f83-b08a-708074177aaf@group-C349846DEF79-LeaderElection46] INFO  impl.RoleInfo (RoleInfo.java:shutdownLeaderElection(134)) - 03dd9899-51e5-4f83-b08a-708074177aaf: shutdown LeaderElection
2019-10-17 07:02:25,277 [03dd9899-51e5-4f83-b08a-708074177aaf@group-C349846DEF79-LeaderElection46] INFO  impl.RoleInfo (RoleInfo.java:updateAndGet(143)) - 03dd9899-51e5-4f83-b08a-708074177aaf: start FollowerState
2019-10-17 07:02:25,428 [Thread-873] INFO  impl.FollowerState (FollowerState.java:run(108)) - 03dd9899-51e5-4f83-b08a-708074177aaf@group-C349846DEF79-FollowerState: change to CANDIDATE, lastRpcTime:150ms, electionTimeout:150ms
2019-10-17 07:02:25,428 [Thread-873] INFO  impl.RoleInfo (RoleInfo.java:shutdownFollowerState(121)) - 03dd9899-51e5-4f83-b08a-708074177aaf: shutdown FollowerState
2019-10-17 07:02:25,428 [Thread-873] INFO  impl.RaftServerImpl (RaftServerImpl.java:setRole(184)) - 03dd9899-51e5-4f83-b08a-708074177aaf@group-C349846DEF79: changes role from  FOLLOWER to CANDIDATE at term 46 for changeToCandidate
2019-10-17 07:02:25,428 [Thread-873] INFO  impl.RoleInfo (RoleInfo.java:updateAndGet(143)) - 03dd9899-51e5-4f83-b08a-708074177aaf: start LeaderElection
2019-10-17 07:02:25,442 [03dd9899-51e5-4f83-b08a-708074177aaf@group-C349846DEF79-LeaderElection47] INFO  impl.LeaderElection (LeaderElection.java:askForVotes(178)) - 03dd9899-51e5-4f83-b08a-708074177aaf@group-C349846DEF79-LeaderElection47: begin an election at term 47 for 0: [328eda30-7a38-4124-8420-4db3824d3ef4:192.168.34.62:34889, 03dd9899-51e5-4f83-b08a-708074177aaf:192.168.34.62:36351, cae7164a-c8b0-4e78-9c02-4190bab4d7cb:192.168.34.62:46027], old=null
2019-10-17 07:02:25,445 [grpc-default-executor-0] INFO  impl.RaftServerImpl (RaftServerImpl.java:setRole(184)) - 328eda30-7a38-4124-8420-4db3824d3ef4@group-C349846DEF79: changes role from  FOLLOWER to FOLLOWER at term 47 for recognizeCandidate:03dd9899-51e5-4f83-b08a-708074177aaf
2019-10-17 07:02:25,445 [grpc-default-executor-3] INFO  impl.RaftServerImpl (RaftServerImpl.java:setRole(184)) - cae7164a-c8b0-4e78-9c02-4190bab4d7cb@group-C349846DEF79: changes role from  FOLLOWER to FOLLOWER at term 47 for recognizeCandidate:03dd9899-51e5-4f83-b08a-708074177aaf
2019-10-17 07:02:25,445 [grpc-default-executor-0] INFO  impl.RoleInfo (RoleInfo.java:shutdownFollowerState(121)) - 328eda30-7a38-4124-8420-4db3824d3ef4: shutdown FollowerState
2019-10-17 07:02:25,445 [grpc-default-executor-3] INFO  impl.RoleInfo (RoleInfo.java:shutdownFollowerState(121)) - cae7164a-c8b0-4e78-9c02-4190bab4d7cb: shutdown FollowerState
2019-10-17 07:02:25,445 [Thread-872] INFO  impl.FollowerState (FollowerState.java:run(117)) - 328eda30-7a38-4124-8420-4db3824d3ef4@group-C349846DEF79-FollowerState was interrupted: java.lang.InterruptedException: sleep interrupted
2019-10-17 07:02:25,445 [grpc-default-executor-0] INFO  impl.RoleInfo (RoleInfo.java:updateAndGet(143)) - 328eda30-7a38-4124-8420-4db3824d3ef4: start FollowerState
2019-10-17 07:02:25,446 [grpc-default-executor-3] INFO  impl.RoleInfo (RoleInfo.java:updateAndGet(143)) - cae7164a-c8b0-4e78-9c02-4190bab4d7cb: start FollowerState
2019-10-17 07:02:25,446 [Thread-871] INFO  impl.FollowerState (FollowerState.java:run(117)) - cae7164a-c8b0-4e78-9c02-4190bab4d7cb@group-C349846DEF79-FollowerState was interrupted: java.lang.InterruptedException: sleep interrupted
2019-10-17 07:02:25,460 [03dd9899-51e5-4f83-b08a-708074177aaf@group-C349846DEF79-LeaderElection47] INFO  impl.LeaderElection (LeaderElection.java:logAndReturn(56)) - 03dd9899-51e5-4f83-b08a-708074177aaf@group-C349846DEF79-LeaderElection47: Election REJECTED; received 2 response(s) [03dd9899-51e5-4f83-b08a-708074177aaf<-328eda30-7a38-4124-8420-4db3824d3ef4#0:FAIL-t47, 03dd9899-51e5-4f83-b08a-708074177aaf<-cae7164a-c8b0-4e78-9c02-4190bab4d7cb#0:FAIL-t47] and 0 exception(s); 03dd9899-51e5-4f83-b08a-708074177aaf@group-C349846DEF79:t47, leader=null, voted=03dd9899-51e5-4f83-b08a-708074177aaf, raftlog=03dd9899-51e5-4f83-b08a-708074177aaf@group-C349846DEF79-SegmentedRaftLog:OPENED:c3,f4,i4, conf=0: [328eda30-7a38-4124-8420-4db3824d3ef4:192.168.34.62:34889, 03dd9899-51e5-4f83-b08a-708074177aaf:192.168.34.62:36351, cae7164a-c8b0-4e78-9c02-4190bab4d7cb:192.168.34.62:46027], old=null
2019-10-17 07:02:25,460 [03dd9899-51e5-4f83-b08a-708074177aaf@group-C349846DEF79-LeaderElection47] INFO  impl.RaftServerImpl (RaftServerImpl.java:setRole(184)) - 03dd9899-51e5-4f83-b08a-708074177aaf@group-C349846DEF79: changes role from CANDIDATE to FOLLOWER at term 47 for DISCOVERED_A_NEW_TERM
2019-10-17 07:02:25,460 [03dd9899-51e5-4f83-b08a-708074177aaf@group-C349846DEF79-LeaderElection47] INFO  impl.RoleInfo (RoleInfo.java:shutdownLeaderElection(134)) - 03dd9899-51e5-4f83-b08a-708074177aaf: shutdown LeaderElection
2019-10-17 07:02:25,460 [03dd9899-51e5-4f83-b08a-708074177aaf@group-C349846DEF79-LeaderElection47] INFO  impl.RoleInfo (RoleInfo.java:updateAndGet(143)) - 03dd9899-51e5-4f83-b08a-708074177aaf: start FollowerState
2019-10-17 07:02:25,461 [Thread-880] INFO  impl.FollowerState (FollowerState.java:run(108)) - 03dd9899-51e5-4f83-b08a-708074177aaf@group-C349846DEF79-FollowerState: change to CANDIDATE, lastRpcTime:1ms, electionTimeout:1ms
2019-10-17 07:02:25,461 [Thread-880] INFO  impl.RoleInfo (RoleInfo.java:shutdownFollowerState(121)) - 03dd9899-51e5-4f83-b08a-708074177aaf: shutdown FollowerState
2019-10-17 07:02:25,461 [Thread-880] INFO  impl.RaftServerImpl (RaftServerImpl.java:setRole(184)) - 03dd9899-51e5-4f83-b08a-708074177aaf@group-C349846DEF79: changes role from  FOLLOWER to CANDIDATE at term 47 for changeToCandidate
2019-10-17 07:02:25,462 [Thread-880] INFO  impl.RoleInfo (RoleInfo.java:updateAndGet(143)) - 03dd9899-51e5-4f83-b08a-708074177aaf: start LeaderElection
2019-10-17 07:02:25,485 [03dd9899-51e5-4f83-b08a-708074177aaf@group-C349846DEF79-LeaderElection48] INFO  impl.LeaderElection (LeaderElection.java:askForVotes(178)) - 03dd9899-51e5-4f83-b08a-708074177aaf@group-C349846DEF79-LeaderElection48: begin an election at term 48 for 0: [328eda30-7a38-4124-8420-4db3824d3ef4:192.168.34.62:34889, 03dd9899-51e5-4f83-b08a-708074177aaf:192.168.34.62:36351, cae7164a-c8b0-4e78-9c02-4190bab4d7cb:192.168.34.62:46027], old=null
2019-10-17 07:02:25,487 [grpc-default-executor-0] INFO  impl.RaftServerImpl (RaftServerImpl.java:setRole(184)) - 328eda30-7a38-4124-8420-4db3824d3ef4@group-C349846DEF79: changes role from  FOLLOWER to FOLLOWER at term 48 for recognizeCandidate:03dd9899-51e5-4f83-b08a-708074177aaf
2019-10-17 07:02:25,487 [grpc-default-executor-0] INFO  impl.RoleInfo (RoleInfo.java:shutdownFollowerState(121)) - 328eda30-7a38-4124-8420-4db3824d3ef4: shutdown FollowerState
2019-10-17 07:02:25,487 [grpc-default-executor-3] INFO  impl.RaftServerImpl (RaftServerImpl.java:setRole(184)) - cae7164a-c8b0-4e78-9c02-4190bab4d7cb@group-C349846DEF79: changes role from  FOLLOWER to FOLLOWER at term 48 for recognizeCandidate:03dd9899-51e5-4f83-b08a-708074177aaf
2019-10-17 07:02:25,487 [Thread-878] INFO  impl.FollowerState (FollowerState.java:run(117)) - 328eda30-7a38-4124-8420-4db3824d3ef4@group-C349846DEF79-FollowerState was interrupted: java.lang.InterruptedException: sleep interrupted
2019-10-17 07:02:25,487 [grpc-default-executor-0] INFO  impl.RoleInfo (RoleInfo.java:updateAndGet(143)) - 328eda30-7a38-4124-8420-4db3824d3ef4: start FollowerState
2019-10-17 07:02:25,487 [grpc-default-executor-3] INFO  impl.RoleInfo (RoleInfo.java:shutdownFollowerState(121)) - cae7164a-c8b0-4e78-9c02-4190bab4d7cb: shutdown FollowerState
2019-10-17 07:02:25,487 [grpc-default-executor-3] INFO  impl.RoleInfo (RoleInfo.java:updateAndGet(143)) - cae7164a-c8b0-4e78-9c02-4190bab4d7cb: start FollowerState
2019-10-17 07:02:25,487 [Thread-879] INFO  impl.FollowerState (FollowerState.java:run(117)) - cae7164a-c8b0-4e78-9c02-4190bab4d7cb@group-C349846DEF79-FollowerState was interrupted: java.lang.InterruptedException: sleep interrupted
2019-10-17 07:02:25,511 [03dd9899-51e5-4f83-b08a-708074177aaf@group-C349846DEF79-LeaderElection48] INFO  impl.LeaderElection (LeaderElection.java:logAndReturn(56)) - 03dd9899-51e5-4f83-b08a-708074177aaf@group-C349846DEF79-LeaderElection48: Election REJECTED; received 2 response(s) [03dd9899-51e5-4f83-b08a-708074177aaf<-328eda30-7a38-4124-8420-4db3824d3ef4#0:FAIL-t48, 03dd9899-51e5-4f83-b08a-708074177aaf<-cae7164a-c8b0-4e78-9c02-4190bab4d7cb#0:FAIL-t48] and 0 exception(s); 03dd9899-51e5-4f83-b08a-708074177aaf@group-C349846DEF79:t48, leader=null, voted=03dd9899-51e5-4f83-b08a-708074177aaf, raftlog=03dd9899-51e5-4f83-b08a-708074177aaf@group-C349846DEF79-SegmentedRaftLog:OPENED:c3,f4,i4, conf=0: [328eda30-7a38-4124-8420-4db3824d3ef4:192.168.34.62:34889, 03dd9899-51e5-4f83-b08a-708074177aaf:192.168.34.62:36351, cae7164a-c8b0-4e78-9c02-4190bab4d7cb:192.168.34.62:46027], old=null
2019-10-17 07:02:25,511 [03dd9899-51e5-4f83-b08a-708074177aaf@group-C349846DEF79-LeaderElection48] INFO  impl.RaftServerImpl (RaftServerImpl.java:setRole(184)) - 03dd9899-51e5-4f83-b08a-708074177aaf@group-C349846DEF79: changes role from CANDIDATE to FOLLOWER at term 48 for DISCOVERED_A_NEW_TERM
2019-10-17 07:02:25,511 [03dd9899-51e5-4f83-b08a-708074177aaf@group-C349846DEF79-LeaderElection48] INFO  impl.RoleInfo (RoleInfo.java:shutdownLeaderElection(134)) - 03dd9899-51e5-4f83-b08a-708074177aaf: shutdown LeaderElection
2019-10-17 07:02:25,511 [03dd9899-51e5-4f83-b08a-708074177aaf@group-C349846DEF79-LeaderElection48] INFO  impl.RoleInfo (RoleInfo.java:updateAndGet(143)) - 03dd9899-51e5-4f83-b08a-708074177aaf: start FollowerState
2019-10-17 07:02:25,663 [Thread-886] INFO  impl.FollowerState (FollowerState.java:run(108)) - 03dd9899-51e5-4f83-b08a-708074177aaf@group-C349846DEF79-FollowerState: change to CANDIDATE, lastRpcTime:151ms, electionTimeout:151ms
2019-10-17 07:02:25,663 [Thread-886] INFO  impl.RoleInfo (RoleInfo.java:shutdownFollowerState(121)) - 03dd9899-51e5-4f83-b08a-708074177aaf: shutdown FollowerState
2019-10-17 07:02:25,663 [Thread-886] INFO  impl.RaftServerImpl (RaftServerImpl.java:setRole(184)) - 03dd9899-51e5-4f83-b08a-708074177aaf@group-C349846DEF79: changes role from  FOLLOWER to CANDIDATE at term 48 for changeToCandidate
2019-10-17 07:02:25,663 [Thread-886] INFO  impl.RoleInfo (RoleInfo.java:updateAndGet(143)) - 03dd9899-51e5-4f83-b08a-708074177aaf: start LeaderElection
2019-10-17 07:02:25,677 [03dd9899-51e5-4f83-b08a-708074177aaf@group-C349846DEF79-LeaderElection49] INFO  impl.LeaderElection (LeaderElection.java:askForVotes(178)) - 03dd9899-51e5-4f83-b08a-708074177aaf@group-C349846DEF79-LeaderElection49: begin an election at term 49 for 0: [328eda30-7a38-4124-8420-4db3824d3ef4:192.168.34.62:34889, 03dd9899-51e5-4f83-b08a-708074177aaf:192.168.34.62:36351, cae7164a-c8b0-4e78-9c02-4190bab4d7cb:192.168.34.62:46027], old=null
2019-10-17 07:02:25,680 [grpc-default-executor-3] INFO  impl.RaftServerImpl (RaftServerImpl.java:setRole(184)) - cae7164a-c8b0-4e78-9c02-4190bab4d7cb@group-C349846DEF79: changes role from  FOLLOWER to FOLLOWER at term 49 for recognizeCandidate:03dd9899-51e5-4f83-b08a-708074177aaf
2019-10-17 07:02:25,680 [grpc-default-executor-0] INFO  impl.RaftServerImpl (RaftServerImpl.java:setRole(184)) - 328eda30-7a38-4124-8420-4db3824d3ef4@group-C349846DEF79: changes role from  FOLLOWER to FOLLOWER at term 49 for recognizeCandidate:03dd9899-51e5-4f83-b08a-708074177aaf
2019-10-17 07:02:25,680 [grpc-default-executor-3] INFO  impl.RoleInfo (RoleInfo.java:shutdownFollowerState(121)) - cae7164a-c8b0-4e78-9c02-4190bab4d7cb: shutdown FollowerState
2019-10-17 07:02:25,680 [grpc-default-executor-0] INFO  impl.RoleInfo (RoleInfo.java:shutdownFollowerState(121)) - 328eda30-7a38-4124-8420-4db3824d3ef4: shutdown FollowerState
2019-10-17 07:02:25,681 [Thread-885] INFO  impl.FollowerState (FollowerState.java:run(117)) - cae7164a-c8b0-4e78-9c02-4190bab4d7cb@group-C349846DEF79-FollowerState was interrupted: java.lang.InterruptedException: sleep interrupted
2019-10-17 07:02:25,681 [grpc-default-executor-3] INFO  impl.RoleInfo (RoleInfo.java:updateAndGet(143)) - cae7164a-c8b0-4e78-9c02-4190bab4d7cb: start FollowerState
2019-10-17 07:02:25,681 [Thread-884] INFO  impl.FollowerState (FollowerState.java:run(117)) - 328eda30-7a38-4124-8420-4db3824d3ef4@group-C349846DEF79-FollowerState was interrupted: java.lang.InterruptedException: sleep interrupted
2019-10-17 07:02:25,681 [grpc-default-executor-0] INFO  impl.RoleInfo (RoleInfo.java:updateAndGet(143)) - 328eda30-7a38-4124-8420-4db3824d3ef4: start FollowerState
2019-10-17 07:02:25,686 [03dd9899-51e5-4f83-b08a-708074177aaf@group-C349846DEF79-LeaderElection49] INFO  impl.LeaderElection (LeaderElection.java:logAndReturn(56)) - 03dd9899-51e5-4f83-b08a-708074177aaf@group-C349846DEF79-LeaderElection49: Election TIMEOUT; received 0 response(s) [] and 0 exception(s); 03dd9899-51e5-4f83-b08a-708074177aaf@group-C349846DEF79:t49, leader=null, voted=03dd9899-51e5-4f83-b08a-708074177aaf, raftlog=03dd9899-51e5-4f83-b08a-708074177aaf@group-C349846DEF79-SegmentedRaftLog:OPENED:c3,f4,i4, conf=0: [328eda30-7a38-4124-8420-4db3824d3ef4:192.168.34.62:34889, 03dd9899-51e5-4f83-b08a-708074177aaf:192.168.34.62:36351, cae7164a-c8b0-4e78-9c02-4190bab4d7cb:192.168.34.62:46027], old=null
2019-10-17 07:02:25,688 [Thread-893] INFO  client.GrpcClientProtocolService (GrpcClientProtocolService.java:lambda$processClientRequest$0(278)) - Failed RaftClientRequest:client-1BB1B1ECBBFA->cae7164a-c8b0-4e78-9c02-4190bab4d7cb@group-C349846DEF79, cid=10, seq=0, Watch-ALL_COMMITTED(6), Message:<EMPTY>, reply=RaftClientReply:client-1BB1B1ECBBFA->cae7164a-c8b0-4e78-9c02-4190bab4d7cb@group-C349846DEF79, cid=10, FAILED org.apache.ratis.protocol.NotLeaderException: Server cae7164a-c8b0-4e78-9c02-4190bab4d7cb@group-C349846DEF79 is not the leader, logIndex=0, commits[cae7164a-c8b0-4e78-9c02-4190bab4d7cb:c10, 328eda30-7a38-4124-8420-4db3824d3ef4:c10, 03dd9899-51e5-4f83-b08a-708074177aaf:c4]
2019-10-17 07:02:25,694 [03dd9899-51e5-4f83-b08a-708074177aaf@group-C349846DEF79-LeaderElection49] INFO  impl.LeaderElection (LeaderElection.java:askForVotes(178)) - 03dd9899-51e5-4f83-b08a-708074177aaf@group-C349846DEF79-LeaderElection49: begin an election at term 50 for 0: [328eda30-7a38-4124-8420-4db3824d3ef4:192.168.34.62:34889, 03dd9899-51e5-4f83-b08a-708074177aaf:192.168.34.62:36351, cae7164a-c8b0-4e78-9c02-4190bab4d7cb:192.168.34.62:46027], old=null
2019-10-17 07:02:25,697 [grpc-default-executor-3] INFO  impl.RaftServerImpl (RaftServerImpl.java:setRole(184)) - 328eda30-7a38-4124-8420-4db3824d3ef4@group-C349846DEF79: changes role from  FOLLOWER to FOLLOWER at term 50 for recognizeCandidate:03dd9899-51e5-4f83-b08a-708074177aaf
2019-10-17 07:02:25,697 [grpc-default-executor-3] INFO  impl.RoleInfo (RoleInfo.java:shutdownFollowerState(121)) - 328eda30-7a38-4124-8420-4db3824d3ef4: shutdown FollowerState
2019-10-17 07:02:25,697 [Thread-891] INFO  impl.FollowerState (FollowerState.java:run(117)) - 328eda30-7a38-4124-8420-4db3824d3ef4@group-C349846DEF79-FollowerState was interrupted: java.lang.InterruptedException: sleep interrupted
2019-10-17 07:02:25,697 [grpc-default-executor-3] INFO  impl.RoleInfo (RoleInfo.java:updateAndGet(143)) - 328eda30-7a38-4124-8420-4db3824d3ef4: start FollowerState
2019-10-17 07:02:25,697 [grpc-default-executor-1] INFO  impl.RaftServerImpl (RaftServerImpl.java:setRole(184)) - cae7164a-c8b0-4e78-9c02-4190bab4d7cb@group-C349846DEF79: changes role from  FOLLOWER to FOLLOWER at term 50 for recognizeCandidate:03dd9899-51e5-4f83-b08a-708074177aaf
2019-10-17 07:02:25,698 [grpc-default-executor-1] INFO  impl.RoleInfo (RoleInfo.java:shutdownFollowerState(121)) - cae7164a-c8b0-4e78-9c02-4190bab4d7cb: shutdown FollowerState
2019-10-17 07:02:25,698 [Thread-890] INFO  impl.FollowerState (FollowerState.java:run(117)) - cae7164a-c8b0-4e78-9c02-4190bab4d7cb@group-C349846DEF79-FollowerState was interrupted: java.lang.InterruptedException: sleep interrupted
2019-10-17 07:02:25,698 [grpc-default-executor-1] INFO  impl.RoleInfo (RoleInfo.java:updateAndGet(143)) - cae7164a-c8b0-4e78-9c02-4190bab4d7cb: start FollowerState
2019-10-17 07:02:25,712 [03dd9899-51e5-4f83-b08a-708074177aaf@group-C349846DEF79-LeaderElection49] INFO  impl.LeaderElection (LeaderElection.java:logAndReturn(56)) - 03dd9899-51e5-4f83-b08a-708074177aaf@group-C349846DEF79-LeaderElection49: Election REJECTED; received 2 response(s) [03dd9899-51e5-4f83-b08a-708074177aaf<-328eda30-7a38-4124-8420-4db3824d3ef4#0:FAIL-t50, 03dd9899-51e5-4f83-b08a-708074177aaf<-cae7164a-c8b0-4e78-9c02-4190bab4d7cb#0:FAIL-t50] and 0 exception(s); 03dd9899-51e5-4f83-b08a-708074177aaf@group-C349846DEF79:t50, leader=null, voted=03dd9899-51e5-4f83-b08a-708074177aaf, raftlog=03dd9899-51e5-4f83-b08a-708074177aaf@group-C349846DEF79-SegmentedRaftLog:OPENED:c3,f4,i4, conf=0: [328eda30-7a38-4124-8420-4db3824d3ef4:192.168.34.62:34889, 03dd9899-51e5-4f83-b08a-708074177aaf:192.168.34.62:36351, cae7164a-c8b0-4e78-9c02-4190bab4d7cb:192.168.34.62:46027], old=null
2019-10-17 07:02:25,712 [03dd9899-51e5-4f83-b08a-708074177aaf@group-C349846DEF79-LeaderElection49] INFO  impl.RaftServerImpl (RaftServerImpl.java:setRole(184)) - 03dd9899-51e5-4f83-b08a-708074177aaf@group-C349846DEF79: changes role from CANDIDATE to FOLLOWER at term 50 for DISCOVERED_A_NEW_TERM
2019-10-17 07:02:25,712 [03dd9899-51e5-4f83-b08a-708074177aaf@group-C349846DEF79-LeaderElection49] INFO  impl.RoleInfo (RoleInfo.java:shutdownLeaderElection(134)) - 03dd9899-51e5-4f83-b08a-708074177aaf: shutdown LeaderElection
2019-10-17 07:02:25,712 [03dd9899-51e5-4f83-b08a-708074177aaf@group-C349846DEF79-LeaderElection49] INFO  impl.RoleInfo (RoleInfo.java:updateAndGet(143)) - 03dd9899-51e5-4f83-b08a-708074177aaf: start FollowerState
2019-10-17 07:02:25,753 [Thread-899] INFO  impl.FollowerState (FollowerState.java:run(108)) - 03dd9899-51e5-4f83-b08a-708074177aaf@group-C349846DEF79-FollowerState: change to CANDIDATE, lastRpcTime:40ms, electionTimeout:40ms
2019-10-17 07:02:25,753 [Thread-899] INFO  impl.RoleInfo (RoleInfo.java:shutdownFollowerState(121)) - 03dd9899-51e5-4f83-b08a-708074177aaf: shutdown FollowerState
2019-10-17 07:02:25,753 [Thread-899] INFO  impl.RaftServerImpl (RaftServerImpl.java:setRole(184)) - 03dd9899-51e5-4f83-b08a-708074177aaf@group-C349846DEF79: changes role from  FOLLOWER to CANDIDATE at term 50 for changeToCandidate
2019-10-17 07:02:25,753 [Thread-899] INFO  impl.RoleInfo (RoleInfo.java:updateAndGet(143)) - 03dd9899-51e5-4f83-b08a-708074177aaf: start LeaderElection
2019-10-17 07:02:25,767 [03dd9899-51e5-4f83-b08a-708074177aaf@group-C349846DEF79-LeaderElection50] INFO  impl.LeaderElection (LeaderElection.java:askForVotes(178)) - 03dd9899-51e5-4f83-b08a-708074177aaf@group-C349846DEF79-LeaderElection50: begin an election at term 51 for 0: [328eda30-7a38-4124-8420-4db3824d3ef4:192.168.34.62:34889, 03dd9899-51e5-4f83-b08a-708074177aaf:192.168.34.62:36351, cae7164a-c8b0-4e78-9c02-4190bab4d7cb:192.168.34.62:46027], old=null
2019-10-17 07:02:25,856 [BlockDeletingService#2] WARN  background.BlockDeletingService (BlockDeletingService.java:isDeletionAllowed(187)) - Close Container log Index 6 is not replicated across allthe servers in the pipeline 72246393-9d1a-4fd5-982f-c349846def79 as the min replicated index is 4. Deletion is not allowed in this container yet.
2019-10-17 07:02:25,856 [BlockDeletingService#2] WARN  background.BlockDeletingService (BlockDeletingService.java:isDeletionAllowed(187)) - Close Container log Index 6 is not replicated across allthe servers in the pipeline 72246393-9d1a-4fd5-982f-c349846def79 as the min replicated index is 4. Deletion is not allowed in this container yet.
2019-10-17 07:02:25,857 [grpc-default-executor-3] INFO  impl.RaftServerImpl (RaftServerImpl.java:setRole(184)) - 328eda30-7a38-4124-8420-4db3824d3ef4@group-C349846DEF79: changes role from  FOLLOWER to FOLLOWER at term 51 for recognizeCandidate:03dd9899-51e5-4f83-b08a-708074177aaf
2019-10-17 07:02:25,857 [grpc-default-executor-1] INFO  impl.RaftServerImpl (RaftServerImpl.java:setRole(184)) - cae7164a-c8b0-4e78-9c02-4190bab4d7cb@group-C349846DEF79: changes role from  FOLLOWER to FOLLOWER at term 51 for recognizeCandidate:03dd9899-51e5-4f83-b08a-708074177aaf
2019-10-17 07:02:25,857 [grpc-default-executor-3] INFO  impl.RoleInfo (RoleInfo.java:shutdownFollowerState(121)) - 328eda30-7a38-4124-8420-4db3824d3ef4: shutdown FollowerState
2019-10-17 07:02:25,857 [grpc-default-executor-1] INFO  impl.RoleInfo (RoleInfo.java:shutdownFollowerState(121)) - cae7164a-c8b0-4e78-9c02-4190bab4d7cb: shutdown FollowerState
2019-10-17 07:02:25,860 [grpc-default-executor-1] INFO  impl.RoleInfo (RoleInfo.java:updateAndGet(143)) - cae7164a-c8b0-4e78-9c02-4190bab4d7cb: start FollowerState
2019-10-17 07:02:25,860 [grpc-default-executor-3] INFO  impl.RoleInfo (RoleInfo.java:updateAndGet(143)) - 328eda30-7a38-4124-8420-4db3824d3ef4: start FollowerState
2019-10-17 07:02:25,860 [Thread-898] INFO  impl.FollowerState (FollowerState.java:run(117)) - cae7164a-c8b0-4e78-9c02-4190bab4d7cb@group-C349846DEF79-FollowerState was interrupted: java.lang.InterruptedException: sleep interrupted
2019-10-17 07:02:25,860 [Thread-897] INFO  impl.FollowerState (FollowerState.java:run(117)) - 328eda30-7a38-4124-8420-4db3824d3ef4@group-C349846DEF79-FollowerState was interrupted: java.lang.InterruptedException: sleep interrupted
2019-10-17 07:02:25,875 [03dd9899-51e5-4f83-b08a-708074177aaf@group-C349846DEF79-LeaderElection50] INFO  impl.LeaderElection (LeaderElection.java:logAndReturn(56)) - 03dd9899-51e5-4f83-b08a-708074177aaf@group-C349846DEF79-LeaderElection50: Election REJECTED; received 2 response(s) [03dd9899-51e5-4f83-b08a-708074177aaf<-328eda30-7a38-4124-8420-4db3824d3ef4#0:FAIL-t51, 03dd9899-51e5-4f83-b08a-708074177aaf<-cae7164a-c8b0-4e78-9c02-4190bab4d7cb#0:FAIL-t51] and 0 exception(s); 03dd9899-51e5-4f83-b08a-708074177aaf@group-C349846DEF79:t51, leader=null, voted=03dd9899-51e5-4f83-b08a-708074177aaf, raftlog=03dd9899-51e5-4f83-b08a-708074177aaf@group-C349846DEF79-SegmentedRaftLog:OPENED:c3,f4,i4, conf=0: [328eda30-7a38-4124-8420-4db3824d3ef4:192.168.34.62:34889, 03dd9899-51e5-4f83-b08a-708074177aaf:192.168.34.62:36351, cae7164a-c8b0-4e78-9c02-4190bab4d7cb:192.168.34.62:46027], old=null
2019-10-17 07:02:25,875 [03dd9899-51e5-4f83-b08a-708074177aaf@group-C349846DEF79-LeaderElection50] INFO  impl.RaftServerImpl (RaftServerImpl.java:setRole(184)) - 03dd9899-51e5-4f83-b08a-708074177aaf@group-C349846DEF79: changes role from CANDIDATE to FOLLOWER at term 51 for DISCOVERED_A_NEW_TERM
2019-10-17 07:02:25,875 [03dd9899-51e5-4f83-b08a-708074177aaf@group-C349846DEF79-LeaderElection50] INFO  impl.RoleInfo (RoleInfo.java:shutdownLeaderElection(134)) - 03dd9899-51e5-4f83-b08a-708074177aaf: shutdown LeaderElection
2019-10-17 07:02:25,875 [03dd9899-51e5-4f83-b08a-708074177aaf@group-C349846DEF79-LeaderElection50] INFO  impl.RoleInfo (RoleInfo.java:updateAndGet(143)) - 03dd9899-51e5-4f83-b08a-708074177aaf: start FollowerState
2019-10-17 07:02:25,925 [Thread-907] INFO  impl.FollowerState (FollowerState.java:run(108)) - 03dd9899-51e5-4f83-b08a-708074177aaf@group-C349846DEF79-FollowerState: change to CANDIDATE, lastRpcTime:50ms, electionTimeout:50ms
2019-10-17 07:02:25,926 [Thread-907] INFO  impl.RoleInfo (RoleInfo.java:shutdownFollowerState(121)) - 03dd9899-51e5-4f83-b08a-708074177aaf: shutdown FollowerState
2019-10-17 07:02:25,926 [Thread-907] INFO  impl.RaftServerImpl (RaftServerImpl.java:setRole(184)) - 03dd9899-51e5-4f83-b08a-708074177aaf@group-C349846DEF79: changes role from  FOLLOWER to CANDIDATE at term 51 for changeToCandidate
2019-10-17 07:02:25,926 [Thread-907] INFO  impl.RoleInfo (RoleInfo.java:updateAndGet(143)) - 03dd9899-51e5-4f83-b08a-708074177aaf: start LeaderElection
2019-10-17 07:02:25,940 [03dd9899-51e5-4f83-b08a-708074177aaf@group-C349846DEF79-LeaderElection51] INFO  impl.LeaderElection (LeaderElection.java:askForVotes(178)) - 03dd9899-51e5-4f83-b08a-708074177aaf@group-C349846DEF79-LeaderElection51: begin an election at term 52 for 0: [328eda30-7a38-4124-8420-4db3824d3ef4:192.168.34.62:34889, 03dd9899-51e5-4f83-b08a-708074177aaf:192.168.34.62:36351, cae7164a-c8b0-4e78-9c02-4190bab4d7cb:192.168.34.62:46027], old=null
2019-10-17 07:02:25,942 [grpc-default-executor-1] INFO  impl.RaftServerImpl (RaftServerImpl.java:setRole(184)) - cae7164a-c8b0-4e78-9c02-4190bab4d7cb@group-C349846DEF79: changes role from  FOLLOWER to FOLLOWER at term 52 for recognizeCandidate:03dd9899-51e5-4f83-b08a-708074177aaf
2019-10-17 07:02:25,942 [grpc-default-executor-3] INFO  impl.RaftServerImpl (RaftServerImpl.java:setRole(184)) - 328eda30-7a38-4124-8420-4db3824d3ef4@group-C349846DEF79: changes role from  FOLLOWER to FOLLOWER at term 52 for recognizeCandidate:03dd9899-51e5-4f83-b08a-708074177aaf
2019-10-17 07:02:25,943 [grpc-default-executor-3] INFO  impl.RoleInfo (RoleInfo.java:shutdownFollowerState(121)) - 328eda30-7a38-4124-8420-4db3824d3ef4: shutdown FollowerState
2019-10-17 07:02:25,942 [grpc-default-executor-1] INFO  impl.RoleInfo (RoleInfo.java:shutdownFollowerState(121)) - cae7164a-c8b0-4e78-9c02-4190bab4d7cb: shutdown FollowerState
2019-10-17 07:02:25,943 [grpc-default-executor-3] INFO  impl.RoleInfo (RoleInfo.java:updateAndGet(143)) - 328eda30-7a38-4124-8420-4db3824d3ef4: start FollowerState
2019-10-17 07:02:25,943 [Thread-906] INFO  impl.FollowerState (FollowerState.java:run(117)) - 328eda30-7a38-4124-8420-4db3824d3ef4@group-C349846DEF79-FollowerState was interrupted: java.lang.InterruptedException: sleep interrupted
2019-10-17 07:02:25,943 [grpc-default-executor-1] INFO  impl.RoleInfo (RoleInfo.java:updateAndGet(143)) - cae7164a-c8b0-4e78-9c02-4190bab4d7cb: start FollowerState
2019-10-17 07:02:25,943 [Thread-905] INFO  impl.FollowerState (FollowerState.java:run(117)) - cae7164a-c8b0-4e78-9c02-4190bab4d7cb@group-C349846DEF79-FollowerState was interrupted: java.lang.InterruptedException: sleep interrupted
2019-10-17 07:02:25,958 [03dd9899-51e5-4f83-b08a-708074177aaf@group-C349846DEF79-LeaderElection51] INFO  impl.LeaderElection (LeaderElection.java:logAndReturn(56)) - 03dd9899-51e5-4f83-b08a-708074177aaf@group-C349846DEF79-LeaderElection51: Election REJECTED; received 2 response(s) [03dd9899-51e5-4f83-b08a-708074177aaf<-328eda30-7a38-4124-8420-4db3824d3ef4#0:FAIL-t52, 03dd9899-51e5-4f83-b08a-708074177aaf<-cae7164a-c8b0-4e78-9c02-4190bab4d7cb#0:FAIL-t52] and 0 exception(s); 03dd9899-51e5-4f83-b08a-708074177aaf@group-C349846DEF79:t52, leader=null, voted=03dd9899-51e5-4f83-b08a-708074177aaf, raftlog=03dd9899-51e5-4f83-b08a-708074177aaf@group-C349846DEF79-SegmentedRaftLog:OPENED:c3,f4,i4, conf=0: [328eda30-7a38-4124-8420-4db3824d3ef4:192.168.34.62:34889, 03dd9899-51e5-4f83-b08a-708074177aaf:192.168.34.62:36351, cae7164a-c8b0-4e78-9c02-4190bab4d7cb:192.168.34.62:46027], old=null
2019-10-17 07:02:25,958 [03dd9899-51e5-4f83-b08a-708074177aaf@group-C349846DEF79-LeaderElection51] INFO  impl.RaftServerImpl (RaftServerImpl.java:setRole(184)) - 03dd9899-51e5-4f83-b08a-708074177aaf@group-C349846DEF79: changes role from CANDIDATE to FOLLOWER at term 52 for DISCOVERED_A_NEW_TERM
2019-10-17 07:02:25,958 [03dd9899-51e5-4f83-b08a-708074177aaf@group-C349846DEF79-LeaderElection51] INFO  impl.RoleInfo (RoleInfo.java:shutdownLeaderElection(134)) - 03dd9899-51e5-4f83-b08a-708074177aaf: shutdown LeaderElection
2019-10-17 07:02:25,958 [03dd9899-51e5-4f83-b08a-708074177aaf@group-C349846DEF79-LeaderElection51] INFO  impl.RoleInfo (RoleInfo.java:updateAndGet(143)) - 03dd9899-51e5-4f83-b08a-708074177aaf: start FollowerState
2019-10-17 07:02:26,018 [Thread-913] INFO  impl.FollowerState (FollowerState.java:run(108)) - 03dd9899-51e5-4f83-b08a-708074177aaf@group-C349846DEF79-FollowerState: change to CANDIDATE, lastRpcTime:59ms, electionTimeout:59ms
2019-10-17 07:02:26,018 [Thread-913] INFO  impl.RoleInfo (RoleInfo.java:shutdownFollowerState(121)) - 03dd9899-51e5-4f83-b08a-708074177aaf: shutdown FollowerState
2019-10-17 07:02:26,018 [Thread-913] INFO  impl.RaftServerImpl (RaftServerImpl.java:setRole(184)) - 03dd9899-51e5-4f83-b08a-708074177aaf@group-C349846DEF79: changes role from  FOLLOWER to CANDIDATE at term 52 for changeToCandidate
2019-10-17 07:02:26,018 [Thread-913] INFO  impl.RoleInfo (RoleInfo.java:updateAndGet(143)) - 03dd9899-51e5-4f83-b08a-708074177aaf: start LeaderElection
2019-10-17 07:02:26,031 [03dd9899-51e5-4f83-b08a-708074177aaf@group-C349846DEF79-LeaderElection52] INFO  impl.LeaderElection (LeaderElection.java:askForVotes(178)) - 03dd9899-51e5-4f83-b08a-708074177aaf@group-C349846DEF79-LeaderElection52: begin an election at term 53 for 0: [328eda30-7a38-4124-8420-4db3824d3ef4:192.168.34.62:34889, 03dd9899-51e5-4f83-b08a-708074177aaf:192.168.34.62:36351, cae7164a-c8b0-4e78-9c02-4190bab4d7cb:192.168.34.62:46027], old=null
2019-10-17 07:02:26,033 [grpc-default-executor-3] INFO  impl.RaftServerImpl (RaftServerImpl.java:setRole(184)) - cae7164a-c8b0-4e78-9c02-4190bab4d7cb@group-C349846DEF79: changes role from  FOLLOWER to FOLLOWER at term 53 for recognizeCandidate:03dd9899-51e5-4f83-b08a-708074177aaf
2019-10-17 07:02:26,033 [grpc-default-executor-1] INFO  impl.RaftServerImpl (RaftServerImpl.java:setRole(184)) - 328eda30-7a38-4124-8420-4db3824d3ef4@group-C349846DEF79: changes role from  FOLLOWER to FOLLOWER at term 53 for recognizeCandidate:03dd9899-51e5-4f83-b08a-708074177aaf
2019-10-17 07:02:26,034 [grpc-default-executor-3] INFO  impl.RoleInfo (RoleInfo.java:shutdownFollowerState(121)) - cae7164a-c8b0-4e78-9c02-4190bab4d7cb: shutdown FollowerState
2019-10-17 07:02:26,034 [grpc-default-executor-1] INFO  impl.RoleInfo (RoleInfo.java:shutdownFollowerState(121)) - 328eda30-7a38-4124-8420-4db3824d3ef4: shutdown FollowerState
2019-10-17 07:02:26,034 [grpc-default-executor-3] INFO  impl.RoleInfo (RoleInfo.java:updateAndGet(143)) - cae7164a-c8b0-4e78-9c02-4190bab4d7cb: start FollowerState
2019-10-17 07:02:26,034 [Thread-912] INFO  impl.FollowerState (FollowerState.java:run(117)) - cae7164a-c8b0-4e78-9c02-4190bab4d7cb@group-C349846DEF79-FollowerState was interrupted: java.lang.InterruptedException: sleep interrupted
2019-10-17 07:02:26,034 [grpc-default-executor-1] INFO  impl.RoleInfo (RoleInfo.java:updateAndGet(143)) - 328eda30-7a38-4124-8420-4db3824d3ef4: start FollowerState
2019-10-17 07:02:26,034 [Thread-911] INFO  impl.FollowerState (FollowerState.java:run(117)) - 328eda30-7a38-4124-8420-4db3824d3ef4@group-C349846DEF79-FollowerState was interrupted: java.lang.InterruptedException: sleep interrupted
2019-10-17 07:02:26,051 [03dd9899-51e5-4f83-b08a-708074177aaf@group-C349846DEF79-LeaderElection52] INFO  impl.LeaderElection (LeaderElection.java:logAndReturn(56)) - 03dd9899-51e5-4f83-b08a-708074177aaf@group-C349846DEF79-LeaderElection52: Election REJECTED; received 2 response(s) [03dd9899-51e5-4f83-b08a-708074177aaf<-328eda30-7a38-4124-8420-4db3824d3ef4#0:FAIL-t53, 03dd9899-51e5-4f83-b08a-708074177aaf<-cae7164a-c8b0-4e78-9c02-4190bab4d7cb#0:FAIL-t53] and 0 exception(s); 03dd9899-51e5-4f83-b08a-708074177aaf@group-C349846DEF79:t53, leader=null, voted=03dd9899-51e5-4f83-b08a-708074177aaf, raftlog=03dd9899-51e5-4f83-b08a-708074177aaf@group-C349846DEF79-SegmentedRaftLog:OPENED:c3,f4,i4, conf=0: [328eda30-7a38-4124-8420-4db3824d3ef4:192.168.34.62:34889, 03dd9899-51e5-4f83-b08a-708074177aaf:192.168.34.62:36351, cae7164a-c8b0-4e78-9c02-4190bab4d7cb:192.168.34.62:46027], old=null
2019-10-17 07:02:26,051 [03dd9899-51e5-4f83-b08a-708074177aaf@group-C349846DEF79-LeaderElection52] INFO  impl.RaftServerImpl (RaftServerImpl.java:setRole(184)) - 03dd9899-51e5-4f83-b08a-708074177aaf@group-C349846DEF79: changes role from CANDIDATE to FOLLOWER at term 53 for DISCOVERED_A_NEW_TERM
2019-10-17 07:02:26,051 [03dd9899-51e5-4f83-b08a-708074177aaf@group-C349846DEF79-LeaderElection52] INFO  impl.RoleInfo (RoleInfo.java:shutdownLeaderElection(134)) - 03dd9899-51e5-4f83-b08a-708074177aaf: shutdown LeaderElection
2019-10-17 07:02:26,052 [03dd9899-51e5-4f83-b08a-708074177aaf@group-C349846DEF79-LeaderElection52] INFO  impl.RoleInfo (RoleInfo.java:updateAndGet(143)) - 03dd9899-51e5-4f83-b08a-708074177aaf: start FollowerState
2019-10-17 07:02:26,142 [Thread-919] INFO  impl.FollowerState (FollowerState.java:run(108)) - 03dd9899-51e5-4f83-b08a-708074177aaf@group-C349846DEF79-FollowerState: change to CANDIDATE, lastRpcTime:90ms, electionTimeout:90ms
2019-10-17 07:02:26,142 [Thread-919] INFO  impl.RoleInfo (RoleInfo.java:shutdownFollowerState(121)) - 03dd9899-51e5-4f83-b08a-708074177aaf: shutdown FollowerState
2019-10-17 07:02:26,142 [Thread-919] INFO  impl.RaftServerImpl (RaftServerImpl.java:setRole(184)) - 03dd9899-51e5-4f83-b08a-708074177aaf@group-C349846DEF79: changes role from  FOLLOWER to CANDIDATE at term 53 for changeToCandidate
2019-10-17 07:02:26,143 [Thread-919] INFO  impl.RoleInfo (RoleInfo.java:updateAndGet(143)) - 03dd9899-51e5-4f83-b08a-708074177aaf: start LeaderElection
2019-10-17 07:02:26,157 [03dd9899-51e5-4f83-b08a-708074177aaf@group-C349846DEF79-LeaderElection53] INFO  impl.LeaderElection (LeaderElection.java:askForVotes(178)) - 03dd9899-51e5-4f83-b08a-708074177aaf@group-C349846DEF79-LeaderElection53: begin an election at term 54 for 0: [328eda30-7a38-4124-8420-4db3824d3ef4:192.168.34.62:34889, 03dd9899-51e5-4f83-b08a-708074177aaf:192.168.34.62:36351, cae7164a-c8b0-4e78-9c02-4190bab4d7cb:192.168.34.62:46027], old=null
2019-10-17 07:02:26,160 [grpc-default-executor-3] INFO  impl.RaftServerImpl (RaftServerImpl.java:setRole(184)) - 328eda30-7a38-4124-8420-4db3824d3ef4@group-C349846DEF79: changes role from  FOLLOWER to FOLLOWER at term 54 for recognizeCandidate:03dd9899-51e5-4f83-b08a-708074177aaf
2019-10-17 07:02:26,160 [grpc-default-executor-3] INFO  impl.RoleInfo (RoleInfo.java:shutdownFollowerState(121)) - 328eda30-7a38-4124-8420-4db3824d3ef4: shutdown FollowerState
2019-10-17 07:02:26,160 [grpc-default-executor-1] INFO  impl.RaftServerImpl (RaftServerImpl.java:setRole(184)) - cae7164a-c8b0-4e78-9c02-4190bab4d7cb@group-C349846DEF79: changes role from  FOLLOWER to FOLLOWER at term 54 for recognizeCandidate:03dd9899-51e5-4f83-b08a-708074177aaf
2019-10-17 07:02:26,160 [Thread-918] INFO  impl.FollowerState (FollowerState.java:run(117)) - 328eda30-7a38-4124-8420-4db3824d3ef4@group-C349846DEF79-FollowerState was interrupted: java.lang.InterruptedException: sleep interrupted
2019-10-17 07:02:26,160 [grpc-default-executor-3] INFO  impl.RoleInfo (RoleInfo.java:updateAndGet(143)) - 328eda30-7a38-4124-8420-4db3824d3ef4: start FollowerState
2019-10-17 07:02:26,160 [grpc-default-executor-1] INFO  impl.RoleInfo (RoleInfo.java:shutdownFollowerState(121)) - cae7164a-c8b0-4e78-9c02-4190bab4d7cb: shutdown FollowerState
2019-10-17 07:02:26,161 [Thread-917] INFO  impl.FollowerState (FollowerState.java:run(117)) - cae7164a-c8b0-4e78-9c02-4190bab4d7cb@group-C349846DEF79-FollowerState was interrupted: java.lang.InterruptedException: sleep interrupted
2019-10-17 07:02:26,161 [grpc-default-executor-1] INFO  impl.RoleInfo (RoleInfo.java:updateAndGet(143)) - cae7164a-c8b0-4e78-9c02-4190bab4d7cb: start FollowerState
2019-10-17 07:02:26,176 [03dd9899-51e5-4f83-b08a-708074177aaf@group-C349846DEF79-LeaderElection53] INFO  impl.LeaderElection (LeaderElection.java:logAndReturn(56)) - 03dd9899-51e5-4f83-b08a-708074177aaf@group-C349846DEF79-LeaderElection53: Election REJECTED; received 2 response(s) [03dd9899-51e5-4f83-b08a-708074177aaf<-328eda30-7a38-4124-8420-4db3824d3ef4#0:FAIL-t54, 03dd9899-51e5-4f83-b08a-708074177aaf<-cae7164a-c8b0-4e78-9c02-4190bab4d7cb#0:FAIL-t54] and 0 exception(s); 03dd9899-51e5-4f83-b08a-708074177aaf@group-C349846DEF79:t54, leader=null, voted=03dd9899-51e5-4f83-b08a-708074177aaf, raftlog=03dd9899-51e5-4f83-b08a-708074177aaf@group-C349846DEF79-SegmentedRaftLog:OPENED:c3,f4,i4, conf=0: [328eda30-7a38-4124-8420-4db3824d3ef4:192.168.34.62:34889, 03dd9899-51e5-4f83-b08a-708074177aaf:192.168.34.62:36351, cae7164a-c8b0-4e78-9c02-4190bab4d7cb:192.168.34.62:46027], old=null
2019-10-17 07:02:26,176 [03dd9899-51e5-4f83-b08a-708074177aaf@group-C349846DEF79-LeaderElection53] INFO  impl.RaftServerImpl (RaftServerImpl.java:setRole(184)) - 03dd9899-51e5-4f83-b08a-708074177aaf@group-C349846DEF79: changes role from CANDIDATE to FOLLOWER at term 54 for DISCOVERED_A_NEW_TERM
2019-10-17 07:02:26,176 [03dd9899-51e5-4f83-b08a-708074177aaf@group-C349846DEF79-LeaderElection53] INFO  impl.RoleInfo (RoleInfo.java:shutdownLeaderElection(134)) - 03dd9899-51e5-4f83-b08a-708074177aaf: shutdown LeaderElection
2019-10-17 07:02:26,176 [03dd9899-51e5-4f83-b08a-708074177aaf@group-C349846DEF79-LeaderElection53] INFO  impl.RoleInfo (RoleInfo.java:updateAndGet(143)) - 03dd9899-51e5-4f83-b08a-708074177aaf: start FollowerState
2019-10-17 07:02:26,313 [Thread-925] INFO  impl.FollowerState (FollowerState.java:run(108)) - 03dd9899-51e5-4f83-b08a-708074177aaf@group-C349846DEF79-FollowerState: change to CANDIDATE, lastRpcTime:137ms, electionTimeout:137ms
2019-10-17 07:02:26,314 [Thread-925] INFO  impl.RoleInfo (RoleInfo.java:shutdownFollowerState(121)) - 03dd9899-51e5-4f83-b08a-708074177aaf: shutdown FollowerState
2019-10-17 07:02:26,314 [Thread-925] INFO  impl.RaftServerImpl (RaftServerImpl.java:setRole(184)) - 03dd9899-51e5-4f83-b08a-708074177aaf@group-C349846DEF79: changes role from  FOLLOWER to CANDIDATE at term 54 for changeToCandidate
2019-10-17 07:02:26,314 [Thread-925] INFO  impl.RoleInfo (RoleInfo.java:updateAndGet(143)) - 03dd9899-51e5-4f83-b08a-708074177aaf: start LeaderElection
2019-10-17 07:02:26,330 [03dd9899-51e5-4f83-b08a-708074177aaf@group-C349846DEF79-LeaderElection54] INFO  impl.LeaderElection (LeaderElection.java:askForVotes(178)) - 03dd9899-51e5-4f83-b08a-708074177aaf@group-C349846DEF79-LeaderElection54: begin an election at term 55 for 0: [328eda30-7a38-4124-8420-4db3824d3ef4:192.168.34.62:34889, 03dd9899-51e5-4f83-b08a-708074177aaf:192.168.34.62:36351, cae7164a-c8b0-4e78-9c02-4190bab4d7cb:192.168.34.62:46027], old=null
2019-10-17 07:02:26,333 [grpc-default-executor-3] INFO  impl.RaftServerImpl (RaftServerImpl.java:setRole(184)) - cae7164a-c8b0-4e78-9c02-4190bab4d7cb@group-C349846DEF79: changes role from  FOLLOWER to FOLLOWER at term 55 for recognizeCandidate:03dd9899-51e5-4f83-b08a-708074177aaf
2019-10-17 07:02:26,333 [grpc-default-executor-3] INFO  impl.RoleInfo (RoleInfo.java:shutdownFollowerState(121)) - cae7164a-c8b0-4e78-9c02-4190bab4d7cb: shutdown FollowerState
2019-10-17 07:02:26,333 [grpc-default-executor-1] INFO  impl.RaftServerImpl (RaftServerImpl.java:setRole(184)) - 328eda30-7a38-4124-8420-4db3824d3ef4@group-C349846DEF79: changes role from  FOLLOWER to FOLLOWER at term 55 for recognizeCandidate:03dd9899-51e5-4f83-b08a-708074177aaf
2019-10-17 07:02:26,333 [Thread-924] INFO  impl.FollowerState (FollowerState.java:run(117)) - cae7164a-c8b0-4e78-9c02-4190bab4d7cb@group-C349846DEF79-FollowerState was interrupted: java.lang.InterruptedException: sleep interrupted
2019-10-17 07:02:26,333 [grpc-default-executor-3] INFO  impl.RoleInfo (RoleInfo.java:updateAndGet(143)) - cae7164a-c8b0-4e78-9c02-4190bab4d7cb: start FollowerState
2019-10-17 07:02:26,333 [grpc-default-executor-1] INFO  impl.RoleInfo (RoleInfo.java:shutdownFollowerState(121)) - 328eda30-7a38-4124-8420-4db3824d3ef4: shutdown FollowerState
2019-10-17 07:02:26,334 [grpc-default-executor-1] INFO  impl.RoleInfo (RoleInfo.java:updateAndGet(143)) - 328eda30-7a38-4124-8420-4db3824d3ef4: start FollowerState
2019-10-17 07:02:26,334 [Thread-923] INFO  impl.FollowerState (FollowerState.java:run(117)) - 328eda30-7a38-4124-8420-4db3824d3ef4@group-C349846DEF79-FollowerState was interrupted: java.lang.InterruptedException: sleep interrupted
2019-10-17 07:02:26,358 [03dd9899-51e5-4f83-b08a-708074177aaf@group-C349846DEF79-LeaderElection54] INFO  impl.LeaderElection (LeaderElection.java:logAndReturn(56)) - 03dd9899-51e5-4f83-b08a-708074177aaf@group-C349846DEF79-LeaderElection54: Election REJECTED; received 2 response(s) [03dd9899-51e5-4f83-b08a-708074177aaf<-328eda30-7a38-4124-8420-4db3824d3ef4#0:FAIL-t55, 03dd9899-51e5-4f83-b08a-708074177aaf<-cae7164a-c8b0-4e78-9c02-4190bab4d7cb#0:FAIL-t55] and 0 exception(s); 03dd9899-51e5-4f83-b08a-708074177aaf@group-C349846DEF79:t55, leader=null, voted=03dd9899-51e5-4f83-b08a-708074177aaf, raftlog=03dd9899-51e5-4f83-b08a-708074177aaf@group-C349846DEF79-SegmentedRaftLog:OPENED:c3,f4,i4, conf=0: [328eda30-7a38-4124-8420-4db3824d3ef4:192.168.34.62:34889, 03dd9899-51e5-4f83-b08a-708074177aaf:192.168.34.62:36351, cae7164a-c8b0-4e78-9c02-4190bab4d7cb:192.168.34.62:46027], old=null
2019-10-17 07:02:26,358 [03dd9899-51e5-4f83-b08a-708074177aaf@group-C349846DEF79-LeaderElection54] INFO  impl.RaftServerImpl (RaftServerImpl.java:setRole(184)) - 03dd9899-51e5-4f83-b08a-708074177aaf@group-C349846DEF79: changes role from CANDIDATE to FOLLOWER at term 55 for DISCOVERED_A_NEW_TERM
2019-10-17 07:02:26,358 [03dd9899-51e5-4f83-b08a-708074177aaf@group-C349846DEF79-LeaderElection54] INFO  impl.RoleInfo (RoleInfo.java:shutdownLeaderElection(134)) - 03dd9899-51e5-4f83-b08a-708074177aaf: shutdown LeaderElection
2019-10-17 07:02:26,359 [03dd9899-51e5-4f83-b08a-708074177aaf@group-C349846DEF79-LeaderElection54] INFO  impl.RoleInfo (RoleInfo.java:updateAndGet(143)) - 03dd9899-51e5-4f83-b08a-708074177aaf: start FollowerState
2019-10-17 07:02:26,400 [Thread-931] INFO  impl.FollowerState (FollowerState.java:run(108)) - 03dd9899-51e5-4f83-b08a-708074177aaf@group-C349846DEF79-FollowerState: change to CANDIDATE, lastRpcTime:41ms, electionTimeout:41ms
2019-10-17 07:02:26,400 [Thread-931] INFO  impl.RoleInfo (RoleInfo.java:shutdownFollowerState(121)) - 03dd9899-51e5-4f83-b08a-708074177aaf: shutdown FollowerState
2019-10-17 07:02:26,400 [Thread-931] INFO  impl.RaftServerImpl (RaftServerImpl.java:setRole(184)) - 03dd9899-51e5-4f83-b08a-708074177aaf@group-C349846DEF79: changes role from  FOLLOWER to CANDIDATE at term 55 for changeToCandidate
2019-10-17 07:02:26,400 [Thread-931] INFO  impl.RoleInfo (RoleInfo.java:updateAndGet(143)) - 03dd9899-51e5-4f83-b08a-708074177aaf: start LeaderElection
2019-10-17 07:02:26,418 [03dd9899-51e5-4f83-b08a-708074177aaf@group-C349846DEF79-LeaderElection55] INFO  impl.LeaderElection (LeaderElection.java:askForVotes(178)) - 03dd9899-51e5-4f83-b08a-708074177aaf@group-C349846DEF79-LeaderElection55: begin an election at term 56 for 0: [328eda30-7a38-4124-8420-4db3824d3ef4:192.168.34.62:34889, 03dd9899-51e5-4f83-b08a-708074177aaf:192.168.34.62:36351, cae7164a-c8b0-4e78-9c02-4190bab4d7cb:192.168.34.62:46027], old=null
2019-10-17 07:02:26,420 [grpc-default-executor-3] INFO  impl.RaftServerImpl (RaftServerImpl.java:setRole(184)) - 328eda30-7a38-4124-8420-4db3824d3ef4@group-C349846DEF79: changes role from  FOLLOWER to FOLLOWER at term 56 for recognizeCandidate:03dd9899-51e5-4f83-b08a-708074177aaf
2019-10-17 07:02:26,420 [grpc-default-executor-3] INFO  impl.RoleInfo (RoleInfo.java:shutdownFollowerState(121)) - 328eda30-7a38-4124-8420-4db3824d3ef4: shutdown FollowerState
2019-10-17 07:02:26,420 [grpc-default-executor-3] INFO  impl.RoleInfo (RoleInfo.java:updateAndGet(143)) - 328eda30-7a38-4124-8420-4db3824d3ef4: start FollowerState
2019-10-17 07:02:26,420 [Thread-930] INFO  impl.FollowerState (FollowerState.java:run(117)) - 328eda30-7a38-4124-8420-4db3824d3ef4@group-C349846DEF79-FollowerState was interrupted: java.lang.InterruptedException: sleep interrupted
2019-10-17 07:02:26,420 [grpc-default-executor-1] INFO  impl.RaftServerImpl (RaftServerImpl.java:setRole(184)) - cae7164a-c8b0-4e78-9c02-4190bab4d7cb@group-C349846DEF79: changes role from  FOLLOWER to FOLLOWER at term 56 for recognizeCandidate:03dd9899-51e5-4f83-b08a-708074177aaf
2019-10-17 07:02:26,421 [grpc-default-executor-1] INFO  impl.RoleInfo (RoleInfo.java:shutdownFollowerState(121)) - cae7164a-c8b0-4e78-9c02-4190bab4d7cb: shutdown FollowerState
2019-10-17 07:02:26,421 [grpc-default-executor-1] INFO  impl.RoleInfo (RoleInfo.java:updateAndGet(143)) - cae7164a-c8b0-4e78-9c02-4190bab4d7cb: start FollowerState
2019-10-17 07:02:26,421 [Thread-929] INFO  impl.FollowerState (FollowerState.java:run(117)) - cae7164a-c8b0-4e78-9c02-4190bab4d7cb@group-C349846DEF79-FollowerState was interrupted: java.lang.InterruptedException: sleep interrupted
2019-10-17 07:02:26,460 [03dd9899-51e5-4f83-b08a-708074177aaf@group-C349846DEF79-LeaderElection55] INFO  impl.LeaderElection (LeaderElection.java:logAndReturn(56)) - 03dd9899-51e5-4f83-b08a-708074177aaf@group-C349846DEF79-LeaderElection55: Election REJECTED; received 2 response(s) [03dd9899-51e5-4f83-b08a-708074177aaf<-328eda30-7a38-4124-8420-4db3824d3ef4#0:FAIL-t56, 03dd9899-51e5-4f83-b08a-708074177aaf<-cae7164a-c8b0-4e78-9c02-4190bab4d7cb#0:FAIL-t56] and 0 exception(s); 03dd9899-51e5-4f83-b08a-708074177aaf@group-C349846DEF79:t56, leader=null, voted=03dd9899-51e5-4f83-b08a-708074177aaf, raftlog=03dd9899-51e5-4f83-b08a-708074177aaf@group-C349846DEF79-SegmentedRaftLog:OPENED:c3,f4,i4, conf=0: [328eda30-7a38-4124-8420-4db3824d3ef4:192.168.34.62:34889, 03dd9899-51e5-4f83-b08a-708074177aaf:192.168.34.62:36351, cae7164a-c8b0-4e78-9c02-4190bab4d7cb:192.168.34.62:46027], old=null
2019-10-17 07:02:26,460 [03dd9899-51e5-4f83-b08a-708074177aaf@group-C349846DEF79-LeaderElection55] INFO  impl.RaftServerImpl (RaftServerImpl.java:setRole(184)) - 03dd9899-51e5-4f83-b08a-708074177aaf@group-C349846DEF79: changes role from CANDIDATE to FOLLOWER at term 56 for DISCOVERED_A_NEW_TERM
2019-10-17 07:02:26,460 [03dd9899-51e5-4f83-b08a-708074177aaf@group-C349846DEF79-LeaderElection55] INFO  impl.RoleInfo (RoleInfo.java:shutdownLeaderElection(134)) - 03dd9899-51e5-4f83-b08a-708074177aaf: shutdown LeaderElection
2019-10-17 07:02:26,460 [03dd9899-51e5-4f83-b08a-708074177aaf@group-C349846DEF79-LeaderElection55] INFO  impl.RoleInfo (RoleInfo.java:updateAndGet(143)) - 03dd9899-51e5-4f83-b08a-708074177aaf: start FollowerState
2019-10-17 07:02:26,466 [Thread-938] INFO  impl.FollowerState (FollowerState.java:run(108)) - 03dd9899-51e5-4f83-b08a-708074177aaf@group-C349846DEF79-FollowerState: change to CANDIDATE, lastRpcTime:6ms, electionTimeout:6ms
2019-10-17 07:02:26,466 [Thread-938] INFO  impl.RoleInfo (RoleInfo.java:shutdownFollowerState(121)) - 03dd9899-51e5-4f83-b08a-708074177aaf: shutdown FollowerState
2019-10-17 07:02:26,467 [Thread-938] INFO  impl.RaftServerImpl (RaftServerImpl.java:setRole(184)) - 03dd9899-51e5-4f83-b08a-708074177aaf@group-C349846DEF79: changes role from  FOLLOWER to CANDIDATE at term 56 for changeToCandidate
2019-10-17 07:02:26,467 [Thread-938] INFO  impl.RoleInfo (RoleInfo.java:updateAndGet(143)) - 03dd9899-51e5-4f83-b08a-708074177aaf: start LeaderElection
2019-10-17 07:02:26,495 [03dd9899-51e5-4f83-b08a-708074177aaf@group-C349846DEF79-LeaderElection56] INFO  impl.LeaderElection (LeaderElection.java:askForVotes(178)) - 03dd9899-51e5-4f83-b08a-708074177aaf@group-C349846DEF79-LeaderElection56: begin an election at term 57 for 0: [328eda30-7a38-4124-8420-4db3824d3ef4:192.168.34.62:34889, 03dd9899-51e5-4f83-b08a-708074177aaf:192.168.34.62:36351, cae7164a-c8b0-4e78-9c02-4190bab4d7cb:192.168.34.62:46027], old=null
2019-10-17 07:02:26,497 [grpc-default-executor-3] INFO  impl.RaftServerImpl (RaftServerImpl.java:setRole(184)) - 328eda30-7a38-4124-8420-4db3824d3ef4@group-C349846DEF79: changes role from  FOLLOWER to FOLLOWER at term 57 for recognizeCandidate:03dd9899-51e5-4f83-b08a-708074177aaf
2019-10-17 07:02:26,497 [grpc-default-executor-3] INFO  impl.RoleInfo (RoleInfo.java:shutdownFollowerState(121)) - 328eda30-7a38-4124-8420-4db3824d3ef4: shutdown FollowerState
2019-10-17 07:02:26,498 [grpc-default-executor-3] INFO  impl.RoleInfo (RoleInfo.java:updateAndGet(143)) - 328eda30-7a38-4124-8420-4db3824d3ef4: start FollowerState
2019-10-17 07:02:26,498 [Thread-936] INFO  impl.FollowerState (FollowerState.java:run(117)) - 328eda30-7a38-4124-8420-4db3824d3ef4@group-C349846DEF79-FollowerState was interrupted: java.lang.InterruptedException: sleep interrupted
2019-10-17 07:02:26,498 [grpc-default-executor-1] INFO  impl.RaftServerImpl (RaftServerImpl.java:setRole(184)) - cae7164a-c8b0-4e78-9c02-4190bab4d7cb@group-C349846DEF79: changes role from  FOLLOWER to FOLLOWER at term 57 for recognizeCandidate:03dd9899-51e5-4f83-b08a-708074177aaf
2019-10-17 07:02:26,498 [grpc-default-executor-1] INFO  impl.RoleInfo (RoleInfo.java:shutdownFollowerState(121)) - cae7164a-c8b0-4e78-9c02-4190bab4d7cb: shutdown FollowerState
2019-10-17 07:02:26,498 [grpc-default-executor-1] INFO  impl.RoleInfo (RoleInfo.java:updateAndGet(143)) - cae7164a-c8b0-4e78-9c02-4190bab4d7cb: start FollowerState
2019-10-17 07:02:26,498 [Thread-937] INFO  impl.FollowerState (FollowerState.java:run(117)) - cae7164a-c8b0-4e78-9c02-4190bab4d7cb@group-C349846DEF79-FollowerState was interrupted: java.lang.InterruptedException: sleep interrupted
2019-10-17 07:02:26,519 [03dd9899-51e5-4f83-b08a-708074177aaf@group-C349846DEF79-LeaderElection56] INFO  impl.LeaderElection (LeaderElection.java:logAndReturn(56)) - 03dd9899-51e5-4f83-b08a-708074177aaf@group-C349846DEF79-LeaderElection56: Election REJECTED; received 2 response(s) [03dd9899-51e5-4f83-b08a-708074177aaf<-328eda30-7a38-4124-8420-4db3824d3ef4#0:FAIL-t57, 03dd9899-51e5-4f83-b08a-708074177aaf<-cae7164a-c8b0-4e78-9c02-4190bab4d7cb#0:FAIL-t57] and 0 exception(s); 03dd9899-51e5-4f83-b08a-708074177aaf@group-C349846DEF79:t57, leader=null, voted=03dd9899-51e5-4f83-b08a-708074177aaf, raftlog=03dd9899-51e5-4f83-b08a-708074177aaf@group-C349846DEF79-SegmentedRaftLog:OPENED:c3,f4,i4, conf=0: [328eda30-7a38-4124-8420-4db3824d3ef4:192.168.34.62:34889, 03dd9899-51e5-4f83-b08a-708074177aaf:192.168.34.62:36351, cae7164a-c8b0-4e78-9c02-4190bab4d7cb:192.168.34.62:46027], old=null
2019-10-17 07:02:26,519 [03dd9899-51e5-4f83-b08a-708074177aaf@group-C349846DEF79-LeaderElection56] INFO  impl.RaftServerImpl (RaftServerImpl.java:setRole(184)) - 03dd9899-51e5-4f83-b08a-708074177aaf@group-C349846DEF79: changes role from CANDIDATE to FOLLOWER at term 57 for DISCOVERED_A_NEW_TERM
2019-10-17 07:02:26,519 [03dd9899-51e5-4f83-b08a-708074177aaf@group-C349846DEF79-LeaderElection56] INFO  impl.RoleInfo (RoleInfo.java:shutdownLeaderElection(134)) - 03dd9899-51e5-4f83-b08a-708074177aaf: shutdown LeaderElection
2019-10-17 07:02:26,520 [03dd9899-51e5-4f83-b08a-708074177aaf@group-C349846DEF79-LeaderElection56] INFO  impl.RoleInfo (RoleInfo.java:updateAndGet(143)) - 03dd9899-51e5-4f83-b08a-708074177aaf: start FollowerState
2019-10-17 07:02:26,642 [Thread-944] INFO  impl.FollowerState (FollowerState.java:run(108)) - 03dd9899-51e5-4f83-b08a-708074177aaf@group-C349846DEF79-FollowerState: change to CANDIDATE, lastRpcTime:122ms, electionTimeout:122ms
2019-10-17 07:02:26,642 [Thread-944] INFO  impl.RoleInfo (RoleInfo.java:shutdownFollowerState(121)) - 03dd9899-51e5-4f83-b08a-708074177aaf: shutdown FollowerState
2019-10-17 07:02:26,642 [Thread-944] INFO  impl.RaftServerImpl (RaftServerImpl.java:setRole(184)) - 03dd9899-51e5-4f83-b08a-708074177aaf@group-C349846DEF79: changes role from  FOLLOWER to CANDIDATE at term 57 for changeToCandidate
2019-10-17 07:02:26,642 [Thread-944] INFO  impl.RoleInfo (RoleInfo.java:updateAndGet(143)) - 03dd9899-51e5-4f83-b08a-708074177aaf: start LeaderElection
2019-10-17 07:02:26,657 [03dd9899-51e5-4f83-b08a-708074177aaf@group-C349846DEF79-LeaderElection57] INFO  impl.LeaderElection (LeaderElection.java:askForVotes(178)) - 03dd9899-51e5-4f83-b08a-708074177aaf@group-C349846DEF79-LeaderElection57: begin an election at term 58 for 0: [328eda30-7a38-4124-8420-4db3824d3ef4:192.168.34.62:34889, 03dd9899-51e5-4f83-b08a-708074177aaf:192.168.34.62:36351, cae7164a-c8b0-4e78-9c02-4190bab4d7cb:192.168.34.62:46027], old=null
2019-10-17 07:02:26,659 [grpc-default-executor-3] INFO  impl.RaftServerImpl (RaftServerImpl.java:setRole(184)) - cae7164a-c8b0-4e78-9c02-4190bab4d7cb@group-C349846DEF79: changes role from  FOLLOWER to FOLLOWER at term 58 for recognizeCandidate:03dd9899-51e5-4f83-b08a-708074177aaf
2019-10-17 07:02:26,659 [grpc-default-executor-3] INFO  impl.RoleInfo (RoleInfo.java:shutdownFollowerState(121)) - cae7164a-c8b0-4e78-9c02-4190bab4d7cb: shutdown FollowerState
2019-10-17 07:02:26,660 [grpc-default-executor-3] INFO  impl.RoleInfo (RoleInfo.java:updateAndGet(143)) - cae7164a-c8b0-4e78-9c02-4190bab4d7cb: start FollowerState
2019-10-17 07:02:26,660 [Thread-943] INFO  impl.FollowerState (FollowerState.java:run(117)) - cae7164a-c8b0-4e78-9c02-4190bab4d7cb@group-C349846DEF79-FollowerState was interrupted: java.lang.InterruptedException: sleep interrupted
2019-10-17 07:02:26,660 [grpc-default-executor-1] INFO  impl.RaftServerImpl (RaftServerImpl.java:setRole(184)) - 328eda30-7a38-4124-8420-4db3824d3ef4@group-C349846DEF79: changes role from  FOLLOWER to FOLLOWER at term 58 for recognizeCandidate:03dd9899-51e5-4f83-b08a-708074177aaf
2019-10-17 07:02:26,660 [grpc-default-executor-1] INFO  impl.RoleInfo (RoleInfo.java:shutdownFollowerState(121)) - 328eda30-7a38-4124-8420-4db3824d3ef4: shutdown FollowerState
2019-10-17 07:02:26,660 [grpc-default-executor-1] INFO  impl.RoleInfo (RoleInfo.java:updateAndGet(143)) - 328eda30-7a38-4124-8420-4db3824d3ef4: start FollowerState
2019-10-17 07:02:26,660 [Thread-942] INFO  impl.FollowerState (FollowerState.java:run(117)) - 328eda30-7a38-4124-8420-4db3824d3ef4@group-C349846DEF79-FollowerState was interrupted: java.lang.InterruptedException: sleep interrupted
2019-10-17 07:02:26,673 [03dd9899-51e5-4f83-b08a-708074177aaf@group-C349846DEF79-LeaderElection57] INFO  impl.LeaderElection (LeaderElection.java:logAndReturn(56)) - 03dd9899-51e5-4f83-b08a-708074177aaf@group-C349846DEF79-LeaderElection57: Election REJECTED; received 2 response(s) [03dd9899-51e5-4f83-b08a-708074177aaf<-328eda30-7a38-4124-8420-4db3824d3ef4#0:FAIL-t58, 03dd9899-51e5-4f83-b08a-708074177aaf<-cae7164a-c8b0-4e78-9c02-4190bab4d7cb#0:FAIL-t58] and 0 exception(s); 03dd9899-51e5-4f83-b08a-708074177aaf@group-C349846DEF79:t58, leader=null, voted=03dd9899-51e5-4f83-b08a-708074177aaf, raftlog=03dd9899-51e5-4f83-b08a-708074177aaf@group-C349846DEF79-SegmentedRaftLog:OPENED:c3,f4,i4, conf=0: [328eda30-7a38-4124-8420-4db3824d3ef4:192.168.34.62:34889, 03dd9899-51e5-4f83-b08a-708074177aaf:192.168.34.62:36351, cae7164a-c8b0-4e78-9c02-4190bab4d7cb:192.168.34.62:46027], old=null
2019-10-17 07:02:26,674 [03dd9899-51e5-4f83-b08a-708074177aaf@group-C349846DEF79-LeaderElection57] INFO  impl.RaftServerImpl (RaftServerImpl.java:setRole(184)) - 03dd9899-51e5-4f83-b08a-708074177aaf@group-C349846DEF79: changes role from CANDIDATE to FOLLOWER at term 58 for DISCOVERED_A_NEW_TERM
2019-10-17 07:02:26,674 [03dd9899-51e5-4f83-b08a-708074177aaf@group-C349846DEF79-LeaderElection57] INFO  impl.RoleInfo (RoleInfo.java:shutdownLeaderElection(134)) - 03dd9899-51e5-4f83-b08a-708074177aaf: shutdown LeaderElection
2019-10-17 07:02:26,674 [03dd9899-51e5-4f83-b08a-708074177aaf@group-C349846DEF79-LeaderElection57] INFO  impl.RoleInfo (RoleInfo.java:updateAndGet(143)) - 03dd9899-51e5-4f83-b08a-708074177aaf: start FollowerState
2019-10-17 07:02:26,701 [Thread-952] INFO  client.GrpcClientProtocolService (GrpcClientProtocolService.java:lambda$processClientRequest$0(278)) - Failed RaftClientRequest:client-1BB1B1ECBBFA->03dd9899-51e5-4f83-b08a-708074177aaf@group-C349846DEF79, cid=10, seq=0, Watch-ALL_COMMITTED(6), Message:<EMPTY>, reply=RaftClientReply:client-1BB1B1ECBBFA->03dd9899-51e5-4f83-b08a-708074177aaf@group-C349846DEF79, cid=10, FAILED org.apache.ratis.protocol.NotLeaderException: Server 03dd9899-51e5-4f83-b08a-708074177aaf@group-C349846DEF79 is not the leader, logIndex=0, commits[03dd9899-51e5-4f83-b08a-708074177aaf:c3]
2019-10-17 07:02:26,710 [Thread-950] INFO  impl.FollowerState (FollowerState.java:run(108)) - 03dd9899-51e5-4f83-b08a-708074177aaf@group-C349846DEF79-FollowerState: change to CANDIDATE, lastRpcTime:36ms, electionTimeout:36ms
2019-10-17 07:02:26,710 [Thread-950] INFO  impl.RoleInfo (RoleInfo.java:shutdownFollowerState(121)) - 03dd9899-51e5-4f83-b08a-708074177aaf: shutdown FollowerState
2019-10-17 07:02:26,710 [Thread-950] INFO  impl.RaftServerImpl (RaftServerImpl.java:setRole(184)) - 03dd9899-51e5-4f83-b08a-708074177aaf@group-C349846DEF79: changes role from  FOLLOWER to CANDIDATE at term 58 for changeToCandidate
2019-10-17 07:02:26,710 [Thread-950] INFO  impl.RoleInfo (RoleInfo.java:updateAndGet(143)) - 03dd9899-51e5-4f83-b08a-708074177aaf: start LeaderElection
2019-10-17 07:02:26,723 [03dd9899-51e5-4f83-b08a-708074177aaf@group-C349846DEF79-LeaderElection58] INFO  impl.LeaderElection (LeaderElection.java:askForVotes(178)) - 03dd9899-51e5-4f83-b08a-708074177aaf@group-C349846DEF79-LeaderElection58: begin an election at term 59 for 0: [328eda30-7a38-4124-8420-4db3824d3ef4:192.168.34.62:34889, 03dd9899-51e5-4f83-b08a-708074177aaf:192.168.34.62:36351, cae7164a-c8b0-4e78-9c02-4190bab4d7cb:192.168.34.62:46027], old=null
2019-10-17 07:02:26,725 [grpc-default-executor-3] INFO  impl.RaftServerImpl (RaftServerImpl.java:setRole(184)) - cae7164a-c8b0-4e78-9c02-4190bab4d7cb@group-C349846DEF79: changes role from  FOLLOWER to FOLLOWER at term 59 for recognizeCandidate:03dd9899-51e5-4f83-b08a-708074177aaf
2019-10-17 07:02:26,726 [grpc-default-executor-1] INFO  impl.RaftServerImpl (RaftServerImpl.java:setRole(184)) - 328eda30-7a38-4124-8420-4db3824d3ef4@group-C349846DEF79: changes role from  FOLLOWER to FOLLOWER at term 59 for recognizeCandidate:03dd9899-51e5-4f83-b08a-708074177aaf
2019-10-17 07:02:26,726 [grpc-default-executor-3] INFO  impl.RoleInfo (RoleInfo.java:shutdownFollowerState(121)) - cae7164a-c8b0-4e78-9c02-4190bab4d7cb: shutdown FollowerState
2019-10-17 07:02:26,726 [grpc-default-executor-1] INFO  impl.RoleInfo (RoleInfo.java:shutdownFollowerState(121)) - 328eda30-7a38-4124-8420-4db3824d3ef4: shutdown FollowerState
2019-10-17 07:02:26,726 [grpc-default-executor-1] INFO  impl.RoleInfo (RoleInfo.java:updateAndGet(143)) - 328eda30-7a38-4124-8420-4db3824d3ef4: start FollowerState
2019-10-17 07:02:26,726 [Thread-948] INFO  impl.FollowerState (FollowerState.java:run(117)) - cae7164a-c8b0-4e78-9c02-4190bab4d7cb@group-C349846DEF79-FollowerState was interrupted: java.lang.InterruptedException: sleep interrupted
2019-10-17 07:02:26,726 [grpc-default-executor-3] INFO  impl.RoleInfo (RoleInfo.java:updateAndGet(143)) - cae7164a-c8b0-4e78-9c02-4190bab4d7cb: start FollowerState
2019-10-17 07:02:26,726 [Thread-949] INFO  impl.FollowerState (FollowerState.java:run(117)) - 328eda30-7a38-4124-8420-4db3824d3ef4@group-C349846DEF79-FollowerState was interrupted: java.lang.InterruptedException: sleep interrupted
2019-10-17 07:02:26,740 [03dd9899-51e5-4f83-b08a-708074177aaf@group-C349846DEF79-LeaderElection58] INFO  impl.LeaderElection (LeaderElection.java:logAndReturn(56)) - 03dd9899-51e5-4f83-b08a-708074177aaf@group-C349846DEF79-LeaderElection58: Election REJECTED; received 2 response(s) [03dd9899-51e5-4f83-b08a-708074177aaf<-328eda30-7a38-4124-8420-4db3824d3ef4#0:FAIL-t59, 03dd9899-51e5-4f83-b08a-708074177aaf<-cae7164a-c8b0-4e78-9c02-4190bab4d7cb#0:FAIL-t59] and 0 exception(s); 03dd9899-51e5-4f83-b08a-708074177aaf@group-C349846DEF79:t59, leader=null, voted=03dd9899-51e5-4f83-b08a-708074177aaf, raftlog=03dd9899-51e5-4f83-b08a-708074177aaf@group-C349846DEF79-SegmentedRaftLog:OPENED:c3,f4,i4, conf=0: [328eda30-7a38-4124-8420-4db3824d3ef4:192.168.34.62:34889, 03dd9899-51e5-4f83-b08a-708074177aaf:192.168.34.62:36351, cae7164a-c8b0-4e78-9c02-4190bab4d7cb:192.168.34.62:46027], old=null
2019-10-17 07:02:26,740 [03dd9899-51e5-4f83-b08a-708074177aaf@group-C349846DEF79-LeaderElection58] INFO  impl.RaftServerImpl (RaftServerImpl.java:setRole(184)) - 03dd9899-51e5-4f83-b08a-708074177aaf@group-C349846DEF79: changes role from CANDIDATE to FOLLOWER at term 59 for DISCOVERED_A_NEW_TERM
2019-10-17 07:02:26,741 [03dd9899-51e5-4f83-b08a-708074177aaf@group-C349846DEF79-LeaderElection58] INFO  impl.RoleInfo (RoleInfo.java:shutdownLeaderElection(134)) - 03dd9899-51e5-4f83-b08a-708074177aaf: shutdown LeaderElection
2019-10-17 07:02:26,741 [03dd9899-51e5-4f83-b08a-708074177aaf@group-C349846DEF79-LeaderElection58] INFO  impl.RoleInfo (RoleInfo.java:updateAndGet(143)) - 03dd9899-51e5-4f83-b08a-708074177aaf: start FollowerState
2019-10-17 07:02:26,857 [BlockDeletingService#2] WARN  background.BlockDeletingService (BlockDeletingService.java:isDeletionAllowed(187)) - Close Container log Index 6 is not replicated across allthe servers in the pipeline 72246393-9d1a-4fd5-982f-c349846def79 as the min replicated index is 4. Deletion is not allowed in this container yet.
2019-10-17 07:02:26,857 [BlockDeletingService#2] WARN  background.BlockDeletingService (BlockDeletingService.java:isDeletionAllowed(187)) - Close Container log Index 6 is not replicated across allthe servers in the pipeline 72246393-9d1a-4fd5-982f-c349846def79 as the min replicated index is 4. Deletion is not allowed in this container yet.
2019-10-17 07:02:26,938 [Thread-959] INFO  impl.FollowerState (FollowerState.java:run(108)) - 03dd9899-51e5-4f83-b08a-708074177aaf@group-C349846DEF79-FollowerState: change to CANDIDATE, lastRpcTime:197ms, electionTimeout:197ms
2019-10-17 07:02:26,938 [Thread-959] INFO  impl.RoleInfo (RoleInfo.java:shutdownFollowerState(121)) - 03dd9899-51e5-4f83-b08a-708074177aaf: shutdown FollowerState
2019-10-17 07:02:26,938 [Thread-959] INFO  impl.RaftServerImpl (RaftServerImpl.java:setRole(184)) - 03dd9899-51e5-4f83-b08a-708074177aaf@group-C349846DEF79: changes role from  FOLLOWER to CANDIDATE at term 59 for changeToCandidate
2019-10-17 07:02:26,938 [Thread-959] INFO  impl.RoleInfo (RoleInfo.java:updateAndGet(143)) - 03dd9899-51e5-4f83-b08a-708074177aaf: start LeaderElection
2019-10-17 07:02:26,953 [03dd9899-51e5-4f83-b08a-708074177aaf@group-C349846DEF79-LeaderElection59] INFO  impl.LeaderElection (LeaderElection.java:askForVotes(178)) - 03dd9899-51e5-4f83-b08a-708074177aaf@group-C349846DEF79-LeaderElection59: begin an election at term 60 for 0: [328eda30-7a38-4124-8420-4db3824d3ef4:192.168.34.62:34889, 03dd9899-51e5-4f83-b08a-708074177aaf:192.168.34.62:36351, cae7164a-c8b0-4e78-9c02-4190bab4d7cb:192.168.34.62:46027], old=null
2019-10-17 07:02:26,956 [grpc-default-executor-1] INFO  impl.RaftServerImpl (RaftServerImpl.java:setRole(184)) - cae7164a-c8b0-4e78-9c02-4190bab4d7cb@group-C349846DEF79: changes role from  FOLLOWER to FOLLOWER at term 60 for recognizeCandidate:03dd9899-51e5-4f83-b08a-708074177aaf
2019-10-17 07:02:26,956 [grpc-default-executor-3] INFO  impl.RaftServerImpl (RaftServerImpl.java:setRole(184)) - 328eda30-7a38-4124-8420-4db3824d3ef4@group-C349846DEF79: changes role from  FOLLOWER to FOLLOWER at term 60 for recognizeCandidate:03dd9899-51e5-4f83-b08a-708074177aaf
2019-10-17 07:02:26,956 [grpc-default-executor-1] INFO  impl.RoleInfo (RoleInfo.java:shutdownFollowerState(121)) - cae7164a-c8b0-4e78-9c02-4190bab4d7cb: shutdown FollowerState
2019-10-17 07:02:26,956 [grpc-default-executor-3] INFO  impl.RoleInfo (RoleInfo.java:shutdownFollowerState(121)) - 328eda30-7a38-4124-8420-4db3824d3ef4: shutdown FollowerState
2019-10-17 07:02:26,957 [grpc-default-executor-1] INFO  impl.RoleInfo (RoleInfo.java:updateAndGet(143)) - cae7164a-c8b0-4e78-9c02-4190bab4d7cb: start FollowerState
2019-10-17 07:02:26,957 [Thread-958] INFO  impl.FollowerState (FollowerState.java:run(117)) - 328eda30-7a38-4124-8420-4db3824d3ef4@group-C349846DEF79-FollowerState was interrupted: java.lang.InterruptedException: sleep interrupted
2019-10-17 07:02:26,957 [Thread-957] INFO  impl.FollowerState (FollowerState.java:run(117)) - cae7164a-c8b0-4e78-9c02-4190bab4d7cb@group-C349846DEF79-FollowerState was interrupted: java.lang.InterruptedException: sleep interrupted
2019-10-17 07:02:26,957 [grpc-default-executor-3] INFO  impl.RoleInfo (RoleInfo.java:updateAndGet(143)) - 328eda30-7a38-4124-8420-4db3824d3ef4: start FollowerState
2019-10-17 07:02:26,971 [03dd9899-51e5-4f83-b08a-708074177aaf@group-C349846DEF79-LeaderElection59] INFO  impl.LeaderElection (LeaderElection.java:logAndReturn(56)) - 03dd9899-51e5-4f83-b08a-708074177aaf@group-C349846DEF79-LeaderElection59: Election REJECTED; received 2 response(s) [03dd9899-51e5-4f83-b08a-708074177aaf<-328eda30-7a38-4124-8420-4db3824d3ef4#0:FAIL-t60, 03dd9899-51e5-4f83-b08a-708074177aaf<-cae7164a-c8b0-4e78-9c02-4190bab4d7cb#0:FAIL-t60] and 0 exception(s); 03dd9899-51e5-4f83-b08a-708074177aaf@group-C349846DEF79:t60, leader=null, voted=03dd9899-51e5-4f83-b08a-708074177aaf, raftlog=03dd9899-51e5-4f83-b08a-708074177aaf@group-C349846DEF79-SegmentedRaftLog:OPENED:c3,f4,i4, conf=0: [328eda30-7a38-4124-8420-4db3824d3ef4:192.168.34.62:34889, 03dd9899-51e5-4f83-b08a-708074177aaf:192.168.34.62:36351, cae7164a-c8b0-4e78-9c02-4190bab4d7cb:192.168.34.62:46027], old=null
2019-10-17 07:02:26,971 [03dd9899-51e5-4f83-b08a-708074177aaf@group-C349846DEF79-LeaderElection59] INFO  impl.RaftServerImpl (RaftServerImpl.java:setRole(184)) - 03dd9899-51e5-4f83-b08a-708074177aaf@group-C349846DEF79: changes role from CANDIDATE to FOLLOWER at term 60 for DISCOVERED_A_NEW_TERM
2019-10-17 07:02:26,971 [03dd9899-51e5-4f83-b08a-708074177aaf@group-C349846DEF79-LeaderElection59] INFO  impl.RoleInfo (RoleInfo.java:shutdownLeaderElection(134)) - 03dd9899-51e5-4f83-b08a-708074177aaf: shutdown LeaderElection
2019-10-17 07:02:26,971 [03dd9899-51e5-4f83-b08a-708074177aaf@group-C349846DEF79-LeaderElection59] INFO  impl.RoleInfo (RoleInfo.java:updateAndGet(143)) - 03dd9899-51e5-4f83-b08a-708074177aaf: start FollowerState
2019-10-17 07:02:27,144 [Thread-969] INFO  impl.FollowerState (FollowerState.java:run(108)) - 03dd9899-51e5-4f83-b08a-708074177aaf@group-C349846DEF79-FollowerState: change to CANDIDATE, lastRpcTime:172ms, electionTimeout:172ms
2019-10-17 07:02:27,144 [Thread-969] INFO  impl.RoleInfo (RoleInfo.java:shutdownFollowerState(121)) - 03dd9899-51e5-4f83-b08a-708074177aaf: shutdown FollowerState
2019-10-17 07:02:27,144 [Thread-969] INFO  impl.RaftServerImpl (RaftServerImpl.java:setRole(184)) - 03dd9899-51e5-4f83-b08a-708074177aaf@group-C349846DEF79: changes role from  FOLLOWER to CANDIDATE at term 60 for changeToCandidate
2019-10-17 07:02:27,144 [Thread-969] INFO  impl.RoleInfo (RoleInfo.java:updateAndGet(143)) - 03dd9899-51e5-4f83-b08a-708074177aaf: start LeaderElection
2019-10-17 07:02:27,159 [03dd9899-51e5-4f83-b08a-708074177aaf@group-C349846DEF79-LeaderElection60] INFO  impl.LeaderElection (LeaderElection.java:askForVotes(178)) - 03dd9899-51e5-4f83-b08a-708074177aaf@group-C349846DEF79-LeaderElection60: begin an election at term 61 for 0: [328eda30-7a38-4124-8420-4db3824d3ef4:192.168.34.62:34889, 03dd9899-51e5-4f83-b08a-708074177aaf:192.168.34.62:36351, cae7164a-c8b0-4e78-9c02-4190bab4d7cb:192.168.34.62:46027], old=null
2019-10-17 07:02:27,162 [grpc-default-executor-3] INFO  impl.RaftServerImpl (RaftServerImpl.java:setRole(184)) - cae7164a-c8b0-4e78-9c02-4190bab4d7cb@group-C349846DEF79: changes role from  FOLLOWER to FOLLOWER at term 61 for recognizeCandidate:03dd9899-51e5-4f83-b08a-708074177aaf
2019-10-17 07:02:27,162 [grpc-default-executor-3] INFO  impl.RoleInfo (RoleInfo.java:shutdownFollowerState(121)) - cae7164a-c8b0-4e78-9c02-4190bab4d7cb: shutdown FollowerState
2019-10-17 07:02:27,162 [grpc-default-executor-1] INFO  impl.RaftServerImpl (RaftServerImpl.java:setRole(184)) - 328eda30-7a38-4124-8420-4db3824d3ef4@group-C349846DEF79: changes role from  FOLLOWER to FOLLOWER at term 61 for recognizeCandidate:03dd9899-51e5-4f83-b08a-708074177aaf
2019-10-17 07:02:27,162 [Thread-967] INFO  impl.FollowerState (FollowerState.java:run(117)) - cae7164a-c8b0-4e78-9c02-4190bab4d7cb@group-C349846DEF79-FollowerState was interrupted: java.lang.InterruptedException: sleep interrupted
2019-10-17 07:02:27,162 [grpc-default-executor-3] INFO  impl.RoleInfo (RoleInfo.java:updateAndGet(143)) - cae7164a-c8b0-4e78-9c02-4190bab4d7cb: start FollowerState
2019-10-17 07:02:27,162 [grpc-default-executor-1] INFO  impl.RoleInfo (RoleInfo.java:shutdownFollowerState(121)) - 328eda30-7a38-4124-8420-4db3824d3ef4: shutdown FollowerState
2019-10-17 07:02:27,163 [grpc-default-executor-1] INFO  impl.RoleInfo (RoleInfo.java:updateAndGet(143)) - 328eda30-7a38-4124-8420-4db3824d3ef4: start FollowerState
2019-10-17 07:02:27,163 [Thread-968] INFO  impl.FollowerState (FollowerState.java:run(117)) - 328eda30-7a38-4124-8420-4db3824d3ef4@group-C349846DEF79-FollowerState was interrupted: java.lang.InterruptedException: sleep interrupted
2019-10-17 07:02:27,178 [03dd9899-51e5-4f83-b08a-708074177aaf@group-C349846DEF79-LeaderElection60] INFO  impl.LeaderElection (LeaderElection.java:logAndReturn(56)) - 03dd9899-51e5-4f83-b08a-708074177aaf@group-C349846DEF79-LeaderElection60: Election REJECTED; received 2 response(s) [03dd9899-51e5-4f83-b08a-708074177aaf<-328eda30-7a38-4124-8420-4db3824d3ef4#0:FAIL-t61, 03dd9899-51e5-4f83-b08a-708074177aaf<-cae7164a-c8b0-4e78-9c02-4190bab4d7cb#0:FAIL-t61] and 0 exception(s); 03dd9899-51e5-4f83-b08a-708074177aaf@group-C349846DEF79:t61, leader=null, voted=03dd9899-51e5-4f83-b08a-708074177aaf, raftlog=03dd9899-51e5-4f83-b08a-708074177aaf@group-C349846DEF79-SegmentedRaftLog:OPENED:c3,f4,i4, conf=0: [328eda30-7a38-4124-8420-4db3824d3ef4:192.168.34.62:34889, 03dd9899-51e5-4f83-b08a-708074177aaf:192.168.34.62:36351, cae7164a-c8b0-4e78-9c02-4190bab4d7cb:192.168.34.62:46027], old=null
2019-10-17 07:02:27,178 [03dd9899-51e5-4f83-b08a-708074177aaf@group-C349846DEF79-LeaderElection60] INFO  impl.RaftServerImpl (RaftServerImpl.java:setRole(184)) - 03dd9899-51e5-4f83-b08a-708074177aaf@group-C349846DEF79: changes role from CANDIDATE to FOLLOWER at term 61 for DISCOVERED_A_NEW_TERM
2019-10-17 07:02:27,178 [03dd9899-51e5-4f83-b08a-708074177aaf@group-C349846DEF79-LeaderElection60] INFO  impl.RoleInfo (RoleInfo.java:shutdownLeaderElection(134)) - 03dd9899-51e5-4f83-b08a-708074177aaf: shutdown LeaderElection
2019-10-17 07:02:27,179 [03dd9899-51e5-4f83-b08a-708074177aaf@group-C349846DEF79-LeaderElection60] INFO  impl.RoleInfo (RoleInfo.java:updateAndGet(143)) - 03dd9899-51e5-4f83-b08a-708074177aaf: start FollowerState
2019-10-17 07:02:27,228 [Thread-975] INFO  impl.FollowerState (FollowerState.java:run(108)) - 03dd9899-51e5-4f83-b08a-708074177aaf@group-C349846DEF79-FollowerState: change to CANDIDATE, lastRpcTime:49ms, electionTimeout:49ms
2019-10-17 07:02:27,228 [Thread-975] INFO  impl.RoleInfo (RoleInfo.java:shutdownFollowerState(121)) - 03dd9899-51e5-4f83-b08a-708074177aaf: shutdown FollowerState
2019-10-17 07:02:27,228 [Thread-975] INFO  impl.RaftServerImpl (RaftServerImpl.java:setRole(184)) - 03dd9899-51e5-4f83-b08a-708074177aaf@group-C349846DEF79: changes role from  FOLLOWER to CANDIDATE at term 61 for changeToCandidate
2019-10-17 07:02:27,229 [Thread-975] INFO  impl.RoleInfo (RoleInfo.java:updateAndGet(143)) - 03dd9899-51e5-4f83-b08a-708074177aaf: start LeaderElection
2019-10-17 07:02:27,242 [03dd9899-51e5-4f83-b08a-708074177aaf@group-C349846DEF79-LeaderElection61] INFO  impl.LeaderElection (LeaderElection.java:askForVotes(178)) - 03dd9899-51e5-4f83-b08a-708074177aaf@group-C349846DEF79-LeaderElection61: begin an election at term 62 for 0: [328eda30-7a38-4124-8420-4db3824d3ef4:192.168.34.62:34889, 03dd9899-51e5-4f83-b08a-708074177aaf:192.168.34.62:36351, cae7164a-c8b0-4e78-9c02-4190bab4d7cb:192.168.34.62:46027], old=null
2019-10-17 07:02:27,245 [grpc-default-executor-3] INFO  impl.RaftServerImpl (RaftServerImpl.java:setRole(184)) - 328eda30-7a38-4124-8420-4db3824d3ef4@group-C349846DEF79: changes role from  FOLLOWER to FOLLOWER at term 62 for recognizeCandidate:03dd9899-51e5-4f83-b08a-708074177aaf
2019-10-17 07:02:27,245 [grpc-default-executor-1] INFO  impl.RaftServerImpl (RaftServerImpl.java:setRole(184)) - cae7164a-c8b0-4e78-9c02-4190bab4d7cb@group-C349846DEF79: changes role from  FOLLOWER to FOLLOWER at term 62 for recognizeCandidate:03dd9899-51e5-4f83-b08a-708074177aaf
2019-10-17 07:02:27,245 [grpc-default-executor-3] INFO  impl.RoleInfo (RoleInfo.java:shutdownFollowerState(121)) - 328eda30-7a38-4124-8420-4db3824d3ef4: shutdown FollowerState
2019-10-17 07:02:27,245 [grpc-default-executor-1] INFO  impl.RoleInfo (RoleInfo.java:shutdownFollowerState(121)) - cae7164a-c8b0-4e78-9c02-4190bab4d7cb: shutdown FollowerState
2019-10-17 07:02:27,245 [grpc-default-executor-3] INFO  impl.RoleInfo (RoleInfo.java:updateAndGet(143)) - 328eda30-7a38-4124-8420-4db3824d3ef4: start FollowerState
2019-10-17 07:02:27,245 [Thread-973] INFO  impl.FollowerState (FollowerState.java:run(117)) - cae7164a-c8b0-4e78-9c02-4190bab4d7cb@group-C349846DEF79-FollowerState was interrupted: java.lang.InterruptedException: sleep interrupted
2019-10-17 07:02:27,245 [grpc-default-executor-1] INFO  impl.RoleInfo (RoleInfo.java:updateAndGet(143)) - cae7164a-c8b0-4e78-9c02-4190bab4d7cb: start FollowerState
2019-10-17 07:02:27,245 [Thread-974] INFO  impl.FollowerState (FollowerState.java:run(117)) - 328eda30-7a38-4124-8420-4db3824d3ef4@group-C349846DEF79-FollowerState was interrupted: java.lang.InterruptedException: sleep interrupted
2019-10-17 07:02:27,276 [03dd9899-51e5-4f83-b08a-708074177aaf@group-C349846DEF79-LeaderElection61] INFO  impl.LeaderElection (LeaderElection.java:logAndReturn(56)) - 03dd9899-51e5-4f83-b08a-708074177aaf@group-C349846DEF79-LeaderElection61: Election REJECTED; received 2 response(s) [03dd9899-51e5-4f83-b08a-708074177aaf<-328eda30-7a38-4124-8420-4db3824d3ef4#0:FAIL-t62, 03dd9899-51e5-4f83-b08a-708074177aaf<-cae7164a-c8b0-4e78-9c02-4190bab4d7cb#0:FAIL-t62] and 0 exception(s); 03dd9899-51e5-4f83-b08a-708074177aaf@group-C349846DEF79:t62, leader=null, voted=03dd9899-51e5-4f83-b08a-708074177aaf, raftlog=03dd9899-51e5-4f83-b08a-708074177aaf@group-C349846DEF79-SegmentedRaftLog:OPENED:c3,f4,i4, conf=0: [328eda30-7a38-4124-8420-4db3824d3ef4:192.168.34.62:34889, 03dd9899-51e5-4f83-b08a-708074177aaf:192.168.34.62:36351, cae7164a-c8b0-4e78-9c02-4190bab4d7cb:192.168.34.62:46027], old=null
2019-10-17 07:02:27,276 [03dd9899-51e5-4f83-b08a-708074177aaf@group-C349846DEF79-LeaderElection61] INFO  impl.RaftServerImpl (RaftServerImpl.java:setRole(184)) - 03dd9899-51e5-4f83-b08a-708074177aaf@group-C349846DEF79: changes role from CANDIDATE to FOLLOWER at term 62 for DISCOVERED_A_NEW_TERM
2019-10-17 07:02:27,276 [03dd9899-51e5-4f83-b08a-708074177aaf@group-C349846DEF79-LeaderElection61] INFO  impl.RoleInfo (RoleInfo.java:shutdownLeaderElection(134)) - 03dd9899-51e5-4f83-b08a-708074177aaf: shutdown LeaderElection
2019-10-17 07:02:27,276 [03dd9899-51e5-4f83-b08a-708074177aaf@group-C349846DEF79-LeaderElection61] INFO  impl.RoleInfo (RoleInfo.java:updateAndGet(143)) - 03dd9899-51e5-4f83-b08a-708074177aaf: start FollowerState
2019-10-17 07:02:27,306 [Thread-981] INFO  impl.FollowerState (FollowerState.java:run(108)) - 03dd9899-51e5-4f83-b08a-708074177aaf@group-C349846DEF79-FollowerState: change to CANDIDATE, lastRpcTime:29ms, electionTimeout:29ms
2019-10-17 07:02:27,306 [Thread-981] INFO  impl.RoleInfo (RoleInfo.java:shutdownFollowerState(121)) - 03dd9899-51e5-4f83-b08a-708074177aaf: shutdown FollowerState
2019-10-17 07:02:27,306 [Thread-981] INFO  impl.RaftServerImpl (RaftServerImpl.java:setRole(184)) - 03dd9899-51e5-4f83-b08a-708074177aaf@group-C349846DEF79: changes role from  FOLLOWER to CANDIDATE at term 62 for changeToCandidate
2019-10-17 07:02:27,306 [Thread-981] INFO  impl.RoleInfo (RoleInfo.java:updateAndGet(143)) - 03dd9899-51e5-4f83-b08a-708074177aaf: start LeaderElection
2019-10-17 07:02:27,329 [03dd9899-51e5-4f83-b08a-708074177aaf@group-C349846DEF79-LeaderElection62] INFO  impl.LeaderElection (LeaderElection.java:askForVotes(178)) - 03dd9899-51e5-4f83-b08a-708074177aaf@group-C349846DEF79-LeaderElection62: begin an election at term 63 for 0: [328eda30-7a38-4124-8420-4db3824d3ef4:192.168.34.62:34889, 03dd9899-51e5-4f83-b08a-708074177aaf:192.168.34.62:36351, cae7164a-c8b0-4e78-9c02-4190bab4d7cb:192.168.34.62:46027], old=null
2019-10-17 07:02:27,331 [grpc-default-executor-3] INFO  impl.RaftServerImpl (RaftServerImpl.java:setRole(184)) - cae7164a-c8b0-4e78-9c02-4190bab4d7cb@group-C349846DEF79: changes role from  FOLLOWER to FOLLOWER at term 63 for recognizeCandidate:03dd9899-51e5-4f83-b08a-708074177aaf
2019-10-17 07:02:27,332 [grpc-default-executor-3] INFO  impl.RoleInfo (RoleInfo.java:shutdownFollowerState(121)) - cae7164a-c8b0-4e78-9c02-4190bab4d7cb: shutdown FollowerState
2019-10-17 07:02:27,332 [grpc-default-executor-1] INFO  impl.RaftServerImpl (RaftServerImpl.java:setRole(184)) - 328eda30-7a38-4124-8420-4db3824d3ef4@group-C349846DEF79: changes role from  FOLLOWER to FOLLOWER at term 63 for recognizeCandidate:03dd9899-51e5-4f83-b08a-708074177aaf
2019-10-17 07:02:27,332 [Thread-980] INFO  impl.FollowerState (FollowerState.java:run(117)) - cae7164a-c8b0-4e78-9c02-4190bab4d7cb@group-C349846DEF79-FollowerState was interrupted: java.lang.InterruptedException: sleep interrupted
2019-10-17 07:02:27,332 [grpc-default-executor-3] INFO  impl.RoleInfo (RoleInfo.java:updateAndGet(143)) - cae7164a-c8b0-4e78-9c02-4190bab4d7cb: start FollowerState
2019-10-17 07:02:27,332 [grpc-default-executor-1] INFO  impl.RoleInfo (RoleInfo.java:shutdownFollowerState(121)) - 328eda30-7a38-4124-8420-4db3824d3ef4: shutdown FollowerState
2019-10-17 07:02:27,333 [grpc-default-executor-1] INFO  impl.RoleInfo (RoleInfo.java:updateAndGet(143)) - 328eda30-7a38-4124-8420-4db3824d3ef4: start FollowerState
2019-10-17 07:02:27,333 [Thread-979] INFO  impl.FollowerState (FollowerState.java:run(117)) - 328eda30-7a38-4124-8420-4db3824d3ef4@group-C349846DEF79-FollowerState was interrupted: java.lang.InterruptedException: sleep interrupted
2019-10-17 07:02:27,355 [03dd9899-51e5-4f83-b08a-708074177aaf@group-C349846DEF79-LeaderElection62] INFO  impl.LeaderElection (LeaderElection.java:logAndReturn(56)) - 03dd9899-51e5-4f83-b08a-708074177aaf@group-C349846DEF79-LeaderElection62: Election REJECTED; received 2 response(s) [03dd9899-51e5-4f83-b08a-708074177aaf<-328eda30-7a38-4124-8420-4db3824d3ef4#0:FAIL-t63, 03dd9899-51e5-4f83-b08a-708074177aaf<-cae7164a-c8b0-4e78-9c02-4190bab4d7cb#0:FAIL-t63] and 0 exception(s); 03dd9899-51e5-4f83-b08a-708074177aaf@group-C349846DEF79:t63, leader=null, voted=03dd9899-51e5-4f83-b08a-708074177aaf, raftlog=03dd9899-51e5-4f83-b08a-708074177aaf@group-C349846DEF79-SegmentedRaftLog:OPENED:c3,f4,i4, conf=0: [328eda30-7a38-4124-8420-4db3824d3ef4:192.168.34.62:34889, 03dd9899-51e5-4f83-b08a-708074177aaf:192.168.34.62:36351, cae7164a-c8b0-4e78-9c02-4190bab4d7cb:192.168.34.62:46027], old=null
2019-10-17 07:02:27,355 [03dd9899-51e5-4f83-b08a-708074177aaf@group-C349846DEF79-LeaderElection62] INFO  impl.RaftServerImpl (RaftServerImpl.java:setRole(184)) - 03dd9899-51e5-4f83-b08a-708074177aaf@group-C349846DEF79: changes role from CANDIDATE to FOLLOWER at term 63 for DISCOVERED_A_NEW_TERM
2019-10-17 07:02:27,355 [03dd9899-51e5-4f83-b08a-708074177aaf@group-C349846DEF79-LeaderElection62] INFO  impl.RoleInfo (RoleInfo.java:shutdownLeaderElection(134)) - 03dd9899-51e5-4f83-b08a-708074177aaf: shutdown LeaderElection
2019-10-17 07:02:27,355 [03dd9899-51e5-4f83-b08a-708074177aaf@group-C349846DEF79-LeaderElection62] INFO  impl.RoleInfo (RoleInfo.java:updateAndGet(143)) - 03dd9899-51e5-4f83-b08a-708074177aaf: start FollowerState
]]></system-out>
    <system-err><![CDATA[ERROR StatusLogger No Log4j 2 configuration file found. Using default configuration (logging only errors to the console), or user programmatically provided configurations. Set system property 'log4j2.debug' to show Log4j 2 internal initialization logging. See https://logging.apache.org/log4j/2.x/manual/configuration.html for instructions on how to configure Log4j 2
Oct 17, 2019 7:00:40 AM org.apache.ratis.thirdparty.io.grpc.internal.SerializingExecutor run
SEVERE: Exception while executing runnable org.apache.ratis.thirdparty.io.grpc.internal.ServerImpl$JumpToApplicationThreadServerStreamListener$1Closed@66321bd0
org.apache.ratis.thirdparty.io.grpc.StatusRuntimeException: CANCELLED: call already cancelled
	at org.apache.ratis.thirdparty.io.grpc.Status.asRuntimeException(Status.java:517)
	at org.apache.ratis.thirdparty.io.grpc.stub.ServerCalls$ServerCallStreamObserverImpl.onCompleted(ServerCalls.java:356)
	at org.apache.ratis.grpc.server.GrpcServerProtocolService$ServerRequestStreamObserver.onError(GrpcServerProtocolService.java:121)
	at org.apache.ratis.thirdparty.io.grpc.stub.ServerCalls$StreamingServerCallHandler$StreamingServerCallListener.onCancel(ServerCalls.java:269)
	at org.apache.ratis.thirdparty.io.grpc.internal.ServerCallImpl$ServerStreamListenerImpl.closed(ServerCallImpl.java:293)
	at org.apache.ratis.thirdparty.io.grpc.internal.ServerImpl$JumpToApplicationThreadServerStreamListener$1Closed.runInContext(ServerImpl.java:741)
	at org.apache.ratis.thirdparty.io.grpc.internal.ContextRunnable.run(ContextRunnable.java:37)
	at org.apache.ratis.thirdparty.io.grpc.internal.SerializingExecutor.run(SerializingExecutor.java:123)
	at java.util.concurrent.ThreadPoolExecutor.runWorker(ThreadPoolExecutor.java:1149)
	at java.util.concurrent.ThreadPoolExecutor$Worker.run(ThreadPoolExecutor.java:624)
	at java.lang.Thread.run(Thread.java:748)

Oct 17, 2019 7:00:40 AM org.apache.ratis.thirdparty.io.grpc.internal.SerializingExecutor run
SEVERE: Exception while executing runnable org.apache.ratis.thirdparty.io.grpc.internal.ClientCallImpl$ClientStreamListenerImpl$1StreamClosed@f06d448
java.lang.NullPointerException
	at org.apache.ratis.grpc.server.GrpcLogAppender$AppendLogResponseHandler.onError(GrpcLogAppender.java:303)
	at org.apache.ratis.thirdparty.io.grpc.stub.ClientCalls$StreamObserverToCallListenerAdapter.onClose(ClientCalls.java:434)
	at org.apache.ratis.thirdparty.io.grpc.PartialForwardingClientCallListener.onClose(PartialForwardingClientCallListener.java:39)
	at org.apache.ratis.thirdparty.io.grpc.ForwardingClientCallListener.onClose(ForwardingClientCallListener.java:23)
	at org.apache.ratis.thirdparty.io.grpc.ForwardingClientCallListener$SimpleForwardingClientCallListener.onClose(ForwardingClientCallListener.java:40)
	at org.apache.ratis.thirdparty.io.grpc.internal.CensusStatsModule$StatsClientInterceptor$1$1.onClose(CensusStatsModule.java:678)
	at org.apache.ratis.thirdparty.io.grpc.PartialForwardingClientCallListener.onClose(PartialForwardingClientCallListener.java:39)
	at org.apache.ratis.thirdparty.io.grpc.ForwardingClientCallListener.onClose(ForwardingClientCallListener.java:23)
	at org.apache.ratis.thirdparty.io.grpc.ForwardingClientCallListener$SimpleForwardingClientCallListener.onClose(ForwardingClientCallListener.java:40)
	at org.apache.ratis.thirdparty.io.grpc.internal.CensusTracingModule$TracingClientInterceptor$1$1.onClose(CensusTracingModule.java:397)
	at org.apache.ratis.thirdparty.io.grpc.internal.ClientCallImpl.closeObserver(ClientCallImpl.java:459)
	at org.apache.ratis.thirdparty.io.grpc.internal.ClientCallImpl.access$300(ClientCallImpl.java:63)
	at org.apache.ratis.thirdparty.io.grpc.internal.ClientCallImpl$ClientStreamListenerImpl.close(ClientCallImpl.java:546)
	at org.apache.ratis.thirdparty.io.grpc.internal.ClientCallImpl$ClientStreamListenerImpl.access$600(ClientCallImpl.java:467)
	at org.apache.ratis.thirdparty.io.grpc.internal.ClientCallImpl$ClientStreamListenerImpl$1StreamClosed.runInContext(ClientCallImpl.java:584)
	at org.apache.ratis.thirdparty.io.grpc.internal.ContextRunnable.run(ContextRunnable.java:37)
	at org.apache.ratis.thirdparty.io.grpc.internal.SerializingExecutor.run(SerializingExecutor.java:123)
	at java.util.concurrent.ThreadPoolExecutor.runWorker(ThreadPoolExecutor.java:1149)
	at java.util.concurrent.ThreadPoolExecutor$Worker.run(ThreadPoolExecutor.java:624)
	at java.lang.Thread.run(Thread.java:748)

]]></system-err>
  </testcase>
</testsuite>