<?xml version="1.0" encoding="UTF-8"?>
<testsuite xmlns:xsi="http://www.w3.org/2001/XMLSchema-instance" xsi:noNamespaceSchemaLocation="https://maven.apache.org/surefire/maven-surefire-plugin/xsd/surefire-test-report.xsd" name="org.apache.hadoop.hdds.scm.pipeline.TestSCMRestart" time="76.376" tests="1" errors="1" skipped="0" failures="0">
  <properties>
    <property name="awt.toolkit" value="sun.awt.X11.XToolkit"/>
    <property name="file.encoding.pkg" value="sun.io"/>
    <property name="java.specification.version" value="1.8"/>
    <property name="sun.cpu.isalist" value=""/>
    <property name="sun.jnu.encoding" value="ANSI_X3.4-1968"/>
    <property name="java.class.path" value="/workdir/hadoop-ozone/integration-test/target/test-classes:/workdir/hadoop-ozone/integration-test/target/classes:/home/user/.m2/repository/org/apache/hadoop/hadoop-ozone-common/0.5.0-SNAPSHOT/hadoop-ozone-common-0.5.0-SNAPSHOT.jar:/home/user/.m2/repository/org/apache/commons/commons-compress/1.4.1/commons-compress-1.4.1.jar:/home/user/.m2/repository/org/tukaani/xz/1.0/xz-1.0.jar:/home/user/.m2/repository/org/apache/hadoop/hadoop-common/3.2.0/hadoop-common-3.2.0.jar:/home/user/.m2/repository/org/apache/hadoop/hadoop-hdfs/3.2.0/hadoop-hdfs-3.2.0.jar:/home/user/.m2/repository/org/apache/hadoop/hadoop-hdfs-client/3.2.0/hadoop-hdfs-client-3.2.0.jar:/home/user/.m2/repository/com/fasterxml/jackson/core/jackson-annotations/2.9.9/jackson-annotations-2.9.9.jar:/home/user/.m2/repository/org/apache/hadoop/hadoop-hdds-common/0.5.0-SNAPSHOT/hadoop-hdds-common-0.5.0-SNAPSHOT.jar:/home/user/.m2/repository/javax/annotation/javax.annotation-api/1.2/javax.annotation-api-1.2.jar:/home/user/.m2/repository/org/apache/ratis/ratis-server/0.5.0-3f446aa-SNAPSHOT/ratis-server-0.5.0-3f446aa-SNAPSHOT.jar:/home/user/.m2/repository/org/apache/ratis/ratis-thirdparty-misc/0.2.0/ratis-thirdparty-misc-0.2.0.jar:/home/user/.m2/repository/org/apache/ratis/ratis-proto/0.5.0-3f446aa-SNAPSHOT/ratis-proto-0.5.0-3f446aa-SNAPSHOT.jar:/home/user/.m2/repository/org/apache/ratis/ratis-common/0.5.0-3f446aa-SNAPSHOT/ratis-common-0.5.0-3f446aa-SNAPSHOT.jar:/home/user/.m2/repository/org/apache/ratis/ratis-client/0.5.0-3f446aa-SNAPSHOT/ratis-client-0.5.0-3f446aa-SNAPSHOT.jar:/home/user/.m2/repository/org/apache/ratis/ratis-metrics/0.5.0-3f446aa-SNAPSHOT/ratis-metrics-0.5.0-3f446aa-SNAPSHOT.jar:/home/user/.m2/repository/com/github/joshelser/dropwizard-metrics-hadoop-metrics2-reporter/0.1.2/dropwizard-metrics-hadoop-metrics2-reporter-0.1.2.jar:/home/user/.m2/repository/io/dropwizard/metrics/metrics-jvm/3.2.5/metrics-jvm-3.2.5.jar:/home/user/.m2/repository/io/dropwizard/metrics/metrics-ganglia/3.2.5/metrics-ganglia-3.2.5.jar:/home/user/.m2/repository/info/ganglia/gmetric4j/gmetric4j/1.0.7/gmetric4j-1.0.7.jar:/home/user/.m2/repository/org/apache/ratis/ratis-netty/0.5.0-3f446aa-SNAPSHOT/ratis-netty-0.5.0-3f446aa-SNAPSHOT.jar:/home/user/.m2/repository/org/apache/ratis/ratis-grpc/0.5.0-3f446aa-SNAPSHOT/ratis-grpc-0.5.0-3f446aa-SNAPSHOT.jar:/home/user/.m2/repository/org/rocksdb/rocksdbjni/6.0.1/rocksdbjni-6.0.1.jar:/home/user/.m2/repository/org/apache/logging/log4j/log4j-api/2.11.0/log4j-api-2.11.0.jar:/home/user/.m2/repository/org/apache/logging/log4j/log4j-core/2.11.0/log4j-core-2.11.0.jar:/home/user/.m2/repository/com/lmax/disruptor/3.4.2/disruptor-3.4.2.jar:/home/user/.m2/repository/org/apache/commons/commons-pool2/2.6.0/commons-pool2-2.6.0.jar:/home/user/.m2/repository/org/bouncycastle/bcpkix-jdk15on/1.60/bcpkix-jdk15on-1.60.jar:/home/user/.m2/repository/commons-validator/commons-validator/1.6/commons-validator-1.6.jar:/home/user/.m2/repository/commons-digester/commons-digester/1.8.1/commons-digester-1.8.1.jar:/home/user/.m2/repository/io/jaegertracing/jaeger-client/0.34.0/jaeger-client-0.34.0.jar:/home/user/.m2/repository/io/jaegertracing/jaeger-thrift/0.34.0/jaeger-thrift-0.34.0.jar:/home/user/.m2/repository/org/apache/thrift/libthrift/0.12.0/libthrift-0.12.0.jar:/home/user/.m2/repository/com/squareup/okhttp3/okhttp/3.9.0/okhttp-3.9.0.jar:/home/user/.m2/repository/com/squareup/okio/okio/1.13.0/okio-1.13.0.jar:/home/user/.m2/repository/io/jaegertracing/jaeger-core/0.34.0/jaeger-core-0.34.0.jar:/home/user/.m2/repository/io/jaegertracing/jaeger-tracerresolver/0.34.0/jaeger-tracerresolver-0.34.0.jar:/home/user/.m2/repository/io/opentracing/contrib/opentracing-tracerresolver/0.1.5/opentracing-tracerresolver-0.1.5.jar:/home/user/.m2/repository/io/opentracing/opentracing-util/0.31.0/opentracing-util-0.31.0.jar:/home/user/.m2/repository/io/opentracing/opentracing-api/0.31.0/opentracing-api-0.31.0.jar:/home/user/.m2/repository/io/opentracing/opentracing-noop/0.31.0/opentracing-noop-0.31.0.jar:/home/user/.m2/repository/org/apache/hadoop/hadoop-hdds-server-framework/0.5.0-SNAPSHOT/hadoop-hdds-server-framework-0.5.0-SNAPSHOT.jar:/home/user/.m2/repository/org/apache/hadoop/hadoop-hdds-container-service/0.5.0-SNAPSHOT/hadoop-hdds-container-service-0.5.0-SNAPSHOT.jar:/home/user/.m2/repository/org/apache/hadoop/hadoop-hdds-client/0.5.0-SNAPSHOT/hadoop-hdds-client-0.5.0-SNAPSHOT.jar:/home/user/.m2/repository/org/apache/hadoop/hadoop-hdds-tools/0.5.0-SNAPSHOT/hadoop-hdds-tools-0.5.0-SNAPSHOT.jar:/home/user/.m2/repository/org/apache/hadoop/hadoop-hdds-server-scm/0.5.0-SNAPSHOT/hadoop-hdds-server-scm-0.5.0-SNAPSHOT.jar:/home/user/.m2/repository/org/apache/hadoop/hadoop-hdds-docs/0.5.0-SNAPSHOT/hadoop-hdds-docs-0.5.0-SNAPSHOT.jar:/home/user/.m2/repository/io/dropwizard/metrics/metrics-core/3.2.4/metrics-core-3.2.4.jar:/home/user/.m2/repository/org/hamcrest/hamcrest-all/1.3/hamcrest-all-1.3.jar:/home/user/.m2/repository/org/bouncycastle/bcprov-jdk15on/1.60/bcprov-jdk15on-1.60.jar:/home/user/.m2/repository/info/picocli/picocli/3.9.6/picocli-3.9.6.jar:/home/user/.m2/repository/com/google/protobuf/protobuf-java/2.5.0/protobuf-java-2.5.0.jar:/home/user/.m2/repository/com/google/guava/guava/11.0.2/guava-11.0.2.jar:/home/user/.m2/repository/org/apache/hadoop/hadoop-ozone-ozone-manager/0.5.0-SNAPSHOT/hadoop-ozone-ozone-manager-0.5.0-SNAPSHOT.jar:/home/user/.m2/repository/org/apache/hadoop/hadoop-minikdc/3.2.0/hadoop-minikdc-3.2.0.jar:/home/user/.m2/repository/commons-io/commons-io/2.5/commons-io-2.5.jar:/home/user/.m2/repository/org/apache/kerby/kerb-simplekdc/1.0.1/kerb-simplekdc-1.0.1.jar:/home/user/.m2/repository/org/apache/kerby/kerb-client/1.0.1/kerb-client-1.0.1.jar:/home/user/.m2/repository/org/apache/kerby/kerby-config/1.0.1/kerby-config-1.0.1.jar:/home/user/.m2/repository/org/apache/kerby/kerb-core/1.0.1/kerb-core-1.0.1.jar:/home/user/.m2/repository/org/apache/kerby/kerby-pkix/1.0.1/kerby-pkix-1.0.1.jar:/home/user/.m2/repository/org/apache/kerby/kerby-asn1/1.0.1/kerby-asn1-1.0.1.jar:/home/user/.m2/repository/org/apache/kerby/kerby-util/1.0.1/kerby-util-1.0.1.jar:/home/user/.m2/repository/org/apache/kerby/kerb-common/1.0.1/kerb-common-1.0.1.jar:/home/user/.m2/repository/org/apache/kerby/kerb-crypto/1.0.1/kerb-crypto-1.0.1.jar:/home/user/.m2/repository/org/apache/kerby/kerb-util/1.0.1/kerb-util-1.0.1.jar:/home/user/.m2/repository/org/apache/kerby/token-provider/1.0.1/token-provider-1.0.1.jar:/home/user/.m2/repository/org/apache/kerby/kerb-admin/1.0.1/kerb-admin-1.0.1.jar:/home/user/.m2/repository/org/apache/kerby/kerb-server/1.0.1/kerb-server-1.0.1.jar:/home/user/.m2/repository/org/apache/kerby/kerb-identity/1.0.1/kerb-identity-1.0.1.jar:/home/user/.m2/repository/org/apache/kerby/kerby-xdr/1.0.1/kerby-xdr-1.0.1.jar:/home/user/.m2/repository/org/slf4j/slf4j-log4j12/1.7.25/slf4j-log4j12-1.7.25.jar:/home/user/.m2/repository/org/apache/hadoop/hadoop-ozone-s3gateway/0.5.0-SNAPSHOT/hadoop-ozone-s3gateway-0.5.0-SNAPSHOT.jar:/home/user/.m2/repository/org/jboss/weld/servlet/weld-servlet/2.4.7.Final/weld-servlet-2.4.7.Final.jar:/home/user/.m2/repository/org/glassfish/jersey/containers/jersey-container-servlet-core/2.27/jersey-container-servlet-core-2.27.jar:/home/user/.m2/repository/org/glassfish/hk2/external/javax.inject/2.5.0-b42/javax.inject-2.5.0-b42.jar:/home/user/.m2/repository/org/glassfish/jersey/core/jersey-common/2.27/jersey-common-2.27.jar:/home/user/.m2/repository/org/glassfish/hk2/osgi-resource-locator/1.0.1/osgi-resource-locator-1.0.1.jar:/home/user/.m2/repository/javax/ws/rs/javax.ws.rs-api/2.1/javax.ws.rs-api-2.1.jar:/home/user/.m2/repository/org/glassfish/jersey/ext/cdi/jersey-cdi1x/2.27/jersey-cdi1x-2.27.jar:/home/user/.m2/repository/org/glassfish/jersey/inject/jersey-hk2/2.27/jersey-hk2-2.27.jar:/home/user/.m2/repository/org/glassfish/hk2/hk2-locator/2.5.0-b42/hk2-locator-2.5.0-b42.jar:/home/user/.m2/repository/org/javassist/javassist/3.22.0-CR2/javassist-3.22.0-CR2.jar:/home/user/.m2/repository/org/glassfish/hk2/hk2-api/2.5.0/hk2-api-2.5.0.jar:/home/user/.m2/repository/org/glassfish/hk2/external/jakarta.inject/2.5.0/jakarta.inject-2.5.0.jar:/home/user/.m2/repository/org/glassfish/hk2/hk2-utils/2.5.0/hk2-utils-2.5.0.jar:/home/user/.m2/repository/jakarta/annotation/jakarta.annotation-api/1.3.4/jakarta.annotation-api-1.3.4.jar:/home/user/.m2/repository/org/glassfish/hk2/external/aopalliance-repackaged/2.5.0/aopalliance-repackaged-2.5.0.jar:/home/user/.m2/repository/com/fasterxml/jackson/dataformat/jackson-dataformat-xml/2.9.0/jackson-dataformat-xml-2.9.0.jar:/home/user/.m2/repository/com/fasterxml/jackson/core/jackson-core/2.9.9/jackson-core-2.9.9.jar:/home/user/.m2/repository/com/fasterxml/jackson/module/jackson-module-jaxb-annotations/2.9.9/jackson-module-jaxb-annotations-2.9.9.jar:/home/user/.m2/repository/javax/enterprise/cdi-api/1.2/cdi-api-1.2.jar:/home/user/.m2/repository/javax/el/javax.el-api/3.0.0/javax.el-api-3.0.0.jar:/home/user/.m2/repository/javax/interceptor/javax.interceptor-api/1.2/javax.interceptor-api-1.2.jar:/home/user/.m2/repository/javax/inject/javax.inject/1/javax.inject-1.jar:/home/user/.m2/repository/com/sun/xml/bind/jaxb-impl/2.3.0.1/jaxb-impl-2.3.0.1.jar:/home/user/.m2/repository/com/sun/xml/bind/jaxb-core/2.3.0.1/jaxb-core-2.3.0.1.jar:/home/user/.m2/repository/javax/xml/bind/jaxb-api/2.3.0/jaxb-api-2.3.0.jar:/home/user/.m2/repository/javax/activation/activation/1.1.1/activation-1.1.1.jar:/home/user/.m2/repository/org/apache/hadoop/hadoop-ozone-csi/0.5.0-SNAPSHOT/hadoop-ozone-csi-0.5.0-SNAPSHOT.jar:/home/user/.m2/repository/com/google/protobuf/protobuf-java-util/3.5.1/protobuf-java-util-3.5.1.jar:/home/user/.m2/repository/org/apache/hadoop/hadoop-hdds-config/0.5.0-SNAPSHOT/hadoop-hdds-config-0.5.0-SNAPSHOT.jar:/home/user/.m2/repository/io/grpc/grpc-netty/1.17.1/grpc-netty-1.17.1.jar:/home/user/.m2/repository/io/grpc/grpc-core/1.17.1/grpc-core-1.17.1.jar:/home/user/.m2/repository/io/grpc/grpc-context/1.17.1/grpc-context-1.17.1.jar:/home/user/.m2/repository/com/google/errorprone/error_prone_annotations/2.2.0/error_prone_annotations-2.2.0.jar:/home/user/.m2/repository/org/codehaus/mojo/animal-sniffer-annotations/1.17/animal-sniffer-annotations-1.17.jar:/home/user/.m2/repository/io/opencensus/opencensus-api/0.17.0/opencensus-api-0.17.0.jar:/home/user/.m2/repository/io/opencensus/opencensus-contrib-grpc-metrics/0.17.0/opencensus-contrib-grpc-metrics-0.17.0.jar:/home/user/.m2/repository/io/netty/netty-codec-http2/4.1.30.Final/netty-codec-http2-4.1.30.Final.jar:/home/user/.m2/repository/io/netty/netty-codec-http/4.1.30.Final/netty-codec-http-4.1.30.Final.jar:/home/user/.m2/repository/io/netty/netty-codec/4.1.30.Final/netty-codec-4.1.30.Final.jar:/home/user/.m2/repository/io/netty/netty-handler/4.1.30.Final/netty-handler-4.1.30.Final.jar:/home/user/.m2/repository/io/netty/netty-handler-proxy/4.1.30.Final/netty-handler-proxy-4.1.30.Final.jar:/home/user/.m2/repository/io/netty/netty-codec-socks/4.1.30.Final/netty-codec-socks-4.1.30.Final.jar:/home/user/.m2/repository/io/netty/netty-transport-native-epoll/4.1.30.Final/netty-transport-native-epoll-4.1.30.Final.jar:/home/user/.m2/repository/io/netty/netty-common/4.1.30.Final/netty-common-4.1.30.Final.jar:/home/user/.m2/repository/io/netty/netty-buffer/4.1.30.Final/netty-buffer-4.1.30.Final.jar:/home/user/.m2/repository/io/netty/netty-transport/4.1.30.Final/netty-transport-4.1.30.Final.jar:/home/user/.m2/repository/io/netty/netty-resolver/4.1.30.Final/netty-resolver-4.1.30.Final.jar:/home/user/.m2/repository/io/netty/netty-transport-native-unix-common/4.1.30.Final/netty-transport-native-unix-common-4.1.30.Final.jar:/home/user/.m2/repository/io/grpc/grpc-protobuf/1.17.1/grpc-protobuf-1.17.1.jar:/home/user/.m2/repository/com/google/api/grpc/proto-google-common-protos/1.0.0/proto-google-common-protos-1.0.0.jar:/home/user/.m2/repository/io/grpc/grpc-protobuf-lite/1.17.1/grpc-protobuf-lite-1.17.1.jar:/home/user/.m2/repository/io/grpc/grpc-stub/1.17.1/grpc-stub-1.17.1.jar:/home/user/.m2/repository/org/apache/hadoop/hadoop-ozone-recon/0.5.0-SNAPSHOT/hadoop-ozone-recon-0.5.0-SNAPSHOT.jar:/home/user/.m2/repository/org/apache/hadoop/hadoop-ozone-reconcodegen/0.5.0-SNAPSHOT/hadoop-ozone-reconcodegen-0.5.0-SNAPSHOT.jar:/home/user/.m2/repository/com/google/inject/extensions/guice-multibindings/4.0/guice-multibindings-4.0.jar:/home/user/.m2/repository/com/google/inject/guice/4.0/guice-4.0.jar:/home/user/.m2/repository/aopalliance/aopalliance/1.0/aopalliance-1.0.jar:/home/user/.m2/repository/com/google/inject/extensions/guice-servlet/4.0/guice-servlet-4.0.jar:/home/user/.m2/repository/org/glassfish/jersey/containers/jersey-container-servlet/2.27/jersey-container-servlet-2.27.jar:/home/user/.m2/repository/org/glassfish/hk2/guice-bridge/2.5.0/guice-bridge-2.5.0.jar:/home/user/.m2/repository/org/glassfish/jersey/core/jersey-server/2.27/jersey-server-2.27.jar:/home/user/.m2/repository/org/glassfish/jersey/core/jersey-client/2.27/jersey-client-2.27.jar:/home/user/.m2/repository/org/glassfish/jersey/media/jersey-media-jaxb/2.27/jersey-media-jaxb-2.27.jar:/home/user/.m2/repository/javax/validation/validation-api/1.1.0.Final/validation-api-1.1.0.Final.jar:/home/user/.m2/repository/org/glassfish/jersey/media/jersey-media-json-jackson/2.27/jersey-media-json-jackson-2.27.jar:/home/user/.m2/repository/org/glassfish/jersey/ext/jersey-entity-filtering/2.27/jersey-entity-filtering-2.27.jar:/home/user/.m2/repository/com/google/inject/extensions/guice-assistedinject/4.0/guice-assistedinject-4.0.jar:/home/user/.m2/repository/org/jooq/jooq/3.11.10/jooq-3.11.10.jar:/home/user/.m2/repository/org/jooq/jooq-meta/3.11.10/jooq-meta-3.11.10.jar:/home/user/.m2/repository/org/jooq/jooq-codegen/3.11.10/jooq-codegen-3.11.10.jar:/home/user/.m2/repository/com/jolbox/bonecp/0.8.0.RELEASE/bonecp-0.8.0.RELEASE.jar:/home/user/.m2/repository/org/xerial/sqlite-jdbc/3.25.2/sqlite-jdbc-3.25.2.jar:/home/user/.m2/repository/org/springframework/spring-jdbc/5.1.3.RELEASE/spring-jdbc-5.1.3.RELEASE.jar:/home/user/.m2/repository/org/springframework/spring-beans/5.1.3.RELEASE/spring-beans-5.1.3.RELEASE.jar:/home/user/.m2/repository/org/springframework/spring-core/5.1.3.RELEASE/spring-core-5.1.3.RELEASE.jar:/home/user/.m2/repository/org/springframework/spring-jcl/5.1.3.RELEASE/spring-jcl-5.1.3.RELEASE.jar:/home/user/.m2/repository/org/springframework/spring-tx/5.1.3.RELEASE/spring-tx-5.1.3.RELEASE.jar:/home/user/.m2/repository/org/apache/hadoop/hadoop-ozone-client/0.5.0-SNAPSHOT/hadoop-ozone-client-0.5.0-SNAPSHOT.jar:/home/user/.m2/repository/commons-lang/commons-lang/2.6/commons-lang-2.6.jar:/home/user/.m2/repository/org/apache/hadoop/hadoop-ozone-ozone-manager/0.5.0-SNAPSHOT/hadoop-ozone-ozone-manager-0.5.0-SNAPSHOT-tests.jar:/home/user/.m2/repository/junit/junit/4.11/junit-4.11.jar:/home/user/.m2/repository/org/hamcrest/hamcrest-core/1.3/hamcrest-core-1.3.jar:/home/user/.m2/repository/org/openjdk/jmh/jmh-core/1.19/jmh-core-1.19.jar:/home/user/.m2/repository/net/sf/jopt-simple/jopt-simple/4.6/jopt-simple-4.6.jar:/home/user/.m2/repository/org/apache/commons/commons-math3/3.1.1/commons-math3-3.1.1.jar:/home/user/.m2/repository/org/openjdk/jmh/jmh-generator-annprocess/1.19/jmh-generator-annprocess-1.19.jar:/home/user/.m2/repository/org/mockito/mockito-all/1.8.5/mockito-all-1.8.5.jar:/home/user/.m2/repository/org/apache/hadoop/hadoop-kms/3.2.0/hadoop-kms-3.2.0.jar:/home/user/.m2/repository/org/apache/hadoop/hadoop-auth/3.2.0/hadoop-auth-3.2.0.jar:/home/user/.m2/repository/com/nimbusds/nimbus-jose-jwt/4.41.1/nimbus-jose-jwt-4.41.1.jar:/home/user/.m2/repository/com/github/stephenc/jcip/jcip-annotations/1.0-1/jcip-annotations-1.0-1.jar:/home/user/.m2/repository/net/minidev/json-smart/2.3/json-smart-2.3.jar:/home/user/.m2/repository/net/minidev/accessors-smart/1.2/accessors-smart-1.2.jar:/home/user/.m2/repository/org/ow2/asm/asm/5.0.4/asm-5.0.4.jar:/home/user/.m2/repository/org/apache/curator/curator-framework/2.12.0/curator-framework-2.12.0.jar:/home/user/.m2/repository/com/sun/jersey/jersey-core/1.19/jersey-core-1.19.jar:/home/user/.m2/repository/javax/ws/rs/jsr311-api/1.1.1/jsr311-api-1.1.1.jar:/home/user/.m2/repository/com/sun/jersey/jersey-server/1.19/jersey-server-1.19.jar:/home/user/.m2/repository/javax/servlet/javax.servlet-api/3.1.0/javax.servlet-api-3.1.0.jar:/home/user/.m2/repository/org/eclipse/jetty/jetty-server/9.3.25.v20180904/jetty-server-9.3.25.v20180904.jar:/home/user/.m2/repository/org/eclipse/jetty/jetty-http/9.3.25.v20180904/jetty-http-9.3.25.v20180904.jar:/home/user/.m2/repository/org/eclipse/jetty/jetty-io/9.3.25.v20180904/jetty-io-9.3.25.v20180904.jar:/home/user/.m2/repository/org/eclipse/jetty/jetty-webapp/9.3.25.v20180904/jetty-webapp-9.3.25.v20180904.jar:/home/user/.m2/repository/org/eclipse/jetty/jetty-xml/9.3.25.v20180904/jetty-xml-9.3.25.v20180904.jar:/home/user/.m2/repository/log4j/log4j/1.2.17/log4j-1.2.17.jar:/home/user/.m2/repository/org/slf4j/slf4j-api/1.7.25/slf4j-api-1.7.25.jar:/home/user/.m2/repository/org/slf4j/jul-to-slf4j/1.7.25/jul-to-slf4j-1.7.25.jar:/home/user/.m2/repository/org/eclipse/jetty/jetty-util/9.3.25.v20180904/jetty-util-9.3.25.v20180904.jar:/home/user/.m2/repository/com/fasterxml/jackson/core/jackson-databind/2.9.9/jackson-databind-2.9.9.jar:/home/user/.m2/repository/org/apache/hadoop/hadoop-kms/3.2.0/hadoop-kms-3.2.0-tests.jar:/home/user/.m2/repository/org/apache/hadoop/hadoop-hdds-server-scm/0.5.0-SNAPSHOT/hadoop-hdds-server-scm-0.5.0-SNAPSHOT-tests.jar:/home/user/.m2/repository/org/apache/hadoop/hadoop-hdds-container-service/0.5.0-SNAPSHOT/hadoop-hdds-container-service-0.5.0-SNAPSHOT-tests.jar:/home/user/.m2/repository/org/yaml/snakeyaml/1.16/snakeyaml-1.16.jar:/home/user/.m2/repository/org/apache/hadoop/hadoop-common/3.2.0/hadoop-common-3.2.0-tests.jar:/home/user/.m2/repository/org/apache/hadoop/hadoop-annotations/3.2.0/hadoop-annotations-3.2.0.jar:/usr/lib/jvm/java-1.8.0-openjdk-1.8.0.222.b10-1.el7_7.x86_64/jre/../lib/tools.jar:/home/user/.m2/repository/commons-cli/commons-cli/1.2/commons-cli-1.2.jar:/home/user/.m2/repository/org/apache/httpcomponents/httpclient/4.5.2/httpclient-4.5.2.jar:/home/user/.m2/repository/org/apache/httpcomponents/httpcore/4.4.4/httpcore-4.4.4.jar:/home/user/.m2/repository/commons-codec/commons-codec/1.11/commons-codec-1.11.jar:/home/user/.m2/repository/commons-net/commons-net/3.6/commons-net-3.6.jar:/home/user/.m2/repository/commons-collections/commons-collections/3.2.2/commons-collections-3.2.2.jar:/home/user/.m2/repository/org/eclipse/jetty/jetty-servlet/9.3.25.v20180904/jetty-servlet-9.3.25.v20180904.jar:/home/user/.m2/repository/org/eclipse/jetty/jetty-security/9.3.25.v20180904/jetty-security-9.3.25.v20180904.jar:/home/user/.m2/repository/javax/servlet/jsp/jsp-api/2.1/jsp-api-2.1.jar:/home/user/.m2/repository/com/sun/jersey/jersey-servlet/1.19/jersey-servlet-1.19.jar:/home/user/.m2/repository/com/sun/jersey/jersey-json/1.19/jersey-json-1.19.jar:/home/user/.m2/repository/org/codehaus/jettison/jettison/1.1/jettison-1.1.jar:/home/user/.m2/repository/org/codehaus/jackson/jackson-core-asl/1.9.13/jackson-core-asl-1.9.13.jar:/home/user/.m2/repository/org/codehaus/jackson/jackson-mapper-asl/1.9.13/jackson-mapper-asl-1.9.13.jar:/home/user/.m2/repository/org/codehaus/jackson/jackson-jaxrs/1.9.13/jackson-jaxrs-1.9.13.jar:/home/user/.m2/repository/org/codehaus/jackson/jackson-xc/1.9.13/jackson-xc-1.9.13.jar:/home/user/.m2/repository/commons-logging/commons-logging/1.1.3/commons-logging-1.1.3.jar:/home/user/.m2/repository/commons-beanutils/commons-beanutils/1.9.4/commons-beanutils-1.9.4.jar:/home/user/.m2/repository/org/apache/commons/commons-configuration2/2.1.1/commons-configuration2-2.1.1.jar:/home/user/.m2/repository/org/apache/commons/commons-lang3/3.7/commons-lang3-3.7.jar:/home/user/.m2/repository/org/apache/commons/commons-text/1.4/commons-text-1.4.jar:/home/user/.m2/repository/org/apache/avro/avro/1.7.7/avro-1.7.7.jar:/home/user/.m2/repository/com/thoughtworks/paranamer/paranamer/2.3/paranamer-2.3.jar:/home/user/.m2/repository/org/xerial/snappy/snappy-java/1.0.5/snappy-java-1.0.5.jar:/home/user/.m2/repository/com/google/re2j/re2j/1.1/re2j-1.1.jar:/home/user/.m2/repository/com/google/code/gson/gson/2.2.4/gson-2.2.4.jar:/home/user/.m2/repository/com/jcraft/jsch/0.1.54/jsch-0.1.54.jar:/home/user/.m2/repository/org/apache/curator/curator-client/2.12.0/curator-client-2.12.0.jar:/home/user/.m2/repository/org/apache/curator/curator-recipes/2.12.0/curator-recipes-2.12.0.jar:/home/user/.m2/repository/com/google/code/findbugs/jsr305/3.0.0/jsr305-3.0.0.jar:/home/user/.m2/repository/org/apache/htrace/htrace-core4/4.1.0-incubating/htrace-core4-4.1.0-incubating.jar:/home/user/.m2/repository/org/apache/zookeeper/zookeeper/3.4.13/zookeeper-3.4.13.jar:/home/user/.m2/repository/jline/jline/0.9.94/jline-0.9.94.jar:/home/user/.m2/repository/org/apache/yetus/audience-annotations/0.5.0/audience-annotations-0.5.0.jar:/home/user/.m2/repository/org/codehaus/woodstox/stax2-api/3.1.4/stax2-api-3.1.4.jar:/home/user/.m2/repository/com/fasterxml/woodstox/woodstox-core/5.0.3/woodstox-core-5.0.3.jar:/home/user/.m2/repository/dnsjava/dnsjava/2.1.7/dnsjava-2.1.7.jar:/home/user/.m2/repository/org/apache/hadoop/hadoop-hdfs/3.2.0/hadoop-hdfs-3.2.0-tests.jar:/home/user/.m2/repository/org/eclipse/jetty/jetty-util-ajax/9.3.25.v20180904/jetty-util-ajax-9.3.25.v20180904.jar:/home/user/.m2/repository/commons-daemon/commons-daemon/1.0.13/commons-daemon-1.0.13.jar:/home/user/.m2/repository/io/netty/netty/3.10.5.Final/netty-3.10.5.Final.jar:/home/user/.m2/repository/io/netty/netty-all/4.0.52.Final/netty-all-4.0.52.Final.jar:/home/user/.m2/repository/org/fusesource/leveldbjni/leveldbjni-all/1.8/leveldbjni-all-1.8.jar:"/>
    <property name="java.vm.vendor" value="Oracle Corporation"/>
    <property name="sun.arch.data.model" value="64"/>
    <property name="test.build.dir" value="/workdir/hadoop-ozone/integration-test/target/test-dir"/>
    <property name="test.cache.data" value=""/>
    <property name="java.vendor.url" value="http://java.oracle.com/"/>
    <property name="user.timezone" value=""/>
    <property name="java.vm.specification.version" value="1.8"/>
    <property name="os.name" value="Linux"/>
    <property name="test.build.data" value="/workdir/hadoop-ozone/integration-test/target/test-dir"/>
    <property name="user.country" value="US"/>
    <property name="sun.java.launcher" value="SUN_STANDARD"/>
    <property name="sun.boot.library.path" value="/usr/lib/jvm/java-1.8.0-openjdk-1.8.0.222.b10-1.el7_7.x86_64/jre/lib/amd64"/>
    <property name="sun.java.command" value="/workdir/hadoop-ozone/integration-test/target/surefire/surefirebooter3505047392396911272.jar /workdir/hadoop-ozone/integration-test/target/surefire 2019-10-17T06-25-58_183-jvmRun1 surefire4140119688713345765tmp surefire_805919785535443213792tmp"/>
    <property name="surefire.test.class.path" value="/workdir/hadoop-ozone/integration-test/target/test-classes:/workdir/hadoop-ozone/integration-test/target/classes:/home/user/.m2/repository/org/apache/hadoop/hadoop-ozone-common/0.5.0-SNAPSHOT/hadoop-ozone-common-0.5.0-SNAPSHOT.jar:/home/user/.m2/repository/org/apache/commons/commons-compress/1.4.1/commons-compress-1.4.1.jar:/home/user/.m2/repository/org/tukaani/xz/1.0/xz-1.0.jar:/home/user/.m2/repository/org/apache/hadoop/hadoop-common/3.2.0/hadoop-common-3.2.0.jar:/home/user/.m2/repository/org/apache/hadoop/hadoop-hdfs/3.2.0/hadoop-hdfs-3.2.0.jar:/home/user/.m2/repository/org/apache/hadoop/hadoop-hdfs-client/3.2.0/hadoop-hdfs-client-3.2.0.jar:/home/user/.m2/repository/com/fasterxml/jackson/core/jackson-annotations/2.9.9/jackson-annotations-2.9.9.jar:/home/user/.m2/repository/org/apache/hadoop/hadoop-hdds-common/0.5.0-SNAPSHOT/hadoop-hdds-common-0.5.0-SNAPSHOT.jar:/home/user/.m2/repository/javax/annotation/javax.annotation-api/1.2/javax.annotation-api-1.2.jar:/home/user/.m2/repository/org/apache/ratis/ratis-server/0.5.0-3f446aa-SNAPSHOT/ratis-server-0.5.0-3f446aa-SNAPSHOT.jar:/home/user/.m2/repository/org/apache/ratis/ratis-thirdparty-misc/0.2.0/ratis-thirdparty-misc-0.2.0.jar:/home/user/.m2/repository/org/apache/ratis/ratis-proto/0.5.0-3f446aa-SNAPSHOT/ratis-proto-0.5.0-3f446aa-SNAPSHOT.jar:/home/user/.m2/repository/org/apache/ratis/ratis-common/0.5.0-3f446aa-SNAPSHOT/ratis-common-0.5.0-3f446aa-SNAPSHOT.jar:/home/user/.m2/repository/org/apache/ratis/ratis-client/0.5.0-3f446aa-SNAPSHOT/ratis-client-0.5.0-3f446aa-SNAPSHOT.jar:/home/user/.m2/repository/org/apache/ratis/ratis-metrics/0.5.0-3f446aa-SNAPSHOT/ratis-metrics-0.5.0-3f446aa-SNAPSHOT.jar:/home/user/.m2/repository/com/github/joshelser/dropwizard-metrics-hadoop-metrics2-reporter/0.1.2/dropwizard-metrics-hadoop-metrics2-reporter-0.1.2.jar:/home/user/.m2/repository/io/dropwizard/metrics/metrics-jvm/3.2.5/metrics-jvm-3.2.5.jar:/home/user/.m2/repository/io/dropwizard/metrics/metrics-ganglia/3.2.5/metrics-ganglia-3.2.5.jar:/home/user/.m2/repository/info/ganglia/gmetric4j/gmetric4j/1.0.7/gmetric4j-1.0.7.jar:/home/user/.m2/repository/org/apache/ratis/ratis-netty/0.5.0-3f446aa-SNAPSHOT/ratis-netty-0.5.0-3f446aa-SNAPSHOT.jar:/home/user/.m2/repository/org/apache/ratis/ratis-grpc/0.5.0-3f446aa-SNAPSHOT/ratis-grpc-0.5.0-3f446aa-SNAPSHOT.jar:/home/user/.m2/repository/org/rocksdb/rocksdbjni/6.0.1/rocksdbjni-6.0.1.jar:/home/user/.m2/repository/org/apache/logging/log4j/log4j-api/2.11.0/log4j-api-2.11.0.jar:/home/user/.m2/repository/org/apache/logging/log4j/log4j-core/2.11.0/log4j-core-2.11.0.jar:/home/user/.m2/repository/com/lmax/disruptor/3.4.2/disruptor-3.4.2.jar:/home/user/.m2/repository/org/apache/commons/commons-pool2/2.6.0/commons-pool2-2.6.0.jar:/home/user/.m2/repository/org/bouncycastle/bcpkix-jdk15on/1.60/bcpkix-jdk15on-1.60.jar:/home/user/.m2/repository/commons-validator/commons-validator/1.6/commons-validator-1.6.jar:/home/user/.m2/repository/commons-digester/commons-digester/1.8.1/commons-digester-1.8.1.jar:/home/user/.m2/repository/io/jaegertracing/jaeger-client/0.34.0/jaeger-client-0.34.0.jar:/home/user/.m2/repository/io/jaegertracing/jaeger-thrift/0.34.0/jaeger-thrift-0.34.0.jar:/home/user/.m2/repository/org/apache/thrift/libthrift/0.12.0/libthrift-0.12.0.jar:/home/user/.m2/repository/com/squareup/okhttp3/okhttp/3.9.0/okhttp-3.9.0.jar:/home/user/.m2/repository/com/squareup/okio/okio/1.13.0/okio-1.13.0.jar:/home/user/.m2/repository/io/jaegertracing/jaeger-core/0.34.0/jaeger-core-0.34.0.jar:/home/user/.m2/repository/io/jaegertracing/jaeger-tracerresolver/0.34.0/jaeger-tracerresolver-0.34.0.jar:/home/user/.m2/repository/io/opentracing/contrib/opentracing-tracerresolver/0.1.5/opentracing-tracerresolver-0.1.5.jar:/home/user/.m2/repository/io/opentracing/opentracing-util/0.31.0/opentracing-util-0.31.0.jar:/home/user/.m2/repository/io/opentracing/opentracing-api/0.31.0/opentracing-api-0.31.0.jar:/home/user/.m2/repository/io/opentracing/opentracing-noop/0.31.0/opentracing-noop-0.31.0.jar:/home/user/.m2/repository/org/apache/hadoop/hadoop-hdds-server-framework/0.5.0-SNAPSHOT/hadoop-hdds-server-framework-0.5.0-SNAPSHOT.jar:/home/user/.m2/repository/org/apache/hadoop/hadoop-hdds-container-service/0.5.0-SNAPSHOT/hadoop-hdds-container-service-0.5.0-SNAPSHOT.jar:/home/user/.m2/repository/org/apache/hadoop/hadoop-hdds-client/0.5.0-SNAPSHOT/hadoop-hdds-client-0.5.0-SNAPSHOT.jar:/home/user/.m2/repository/org/apache/hadoop/hadoop-hdds-tools/0.5.0-SNAPSHOT/hadoop-hdds-tools-0.5.0-SNAPSHOT.jar:/home/user/.m2/repository/org/apache/hadoop/hadoop-hdds-server-scm/0.5.0-SNAPSHOT/hadoop-hdds-server-scm-0.5.0-SNAPSHOT.jar:/home/user/.m2/repository/org/apache/hadoop/hadoop-hdds-docs/0.5.0-SNAPSHOT/hadoop-hdds-docs-0.5.0-SNAPSHOT.jar:/home/user/.m2/repository/io/dropwizard/metrics/metrics-core/3.2.4/metrics-core-3.2.4.jar:/home/user/.m2/repository/org/hamcrest/hamcrest-all/1.3/hamcrest-all-1.3.jar:/home/user/.m2/repository/org/bouncycastle/bcprov-jdk15on/1.60/bcprov-jdk15on-1.60.jar:/home/user/.m2/repository/info/picocli/picocli/3.9.6/picocli-3.9.6.jar:/home/user/.m2/repository/com/google/protobuf/protobuf-java/2.5.0/protobuf-java-2.5.0.jar:/home/user/.m2/repository/com/google/guava/guava/11.0.2/guava-11.0.2.jar:/home/user/.m2/repository/org/apache/hadoop/hadoop-ozone-ozone-manager/0.5.0-SNAPSHOT/hadoop-ozone-ozone-manager-0.5.0-SNAPSHOT.jar:/home/user/.m2/repository/org/apache/hadoop/hadoop-minikdc/3.2.0/hadoop-minikdc-3.2.0.jar:/home/user/.m2/repository/commons-io/commons-io/2.5/commons-io-2.5.jar:/home/user/.m2/repository/org/apache/kerby/kerb-simplekdc/1.0.1/kerb-simplekdc-1.0.1.jar:/home/user/.m2/repository/org/apache/kerby/kerb-client/1.0.1/kerb-client-1.0.1.jar:/home/user/.m2/repository/org/apache/kerby/kerby-config/1.0.1/kerby-config-1.0.1.jar:/home/user/.m2/repository/org/apache/kerby/kerb-core/1.0.1/kerb-core-1.0.1.jar:/home/user/.m2/repository/org/apache/kerby/kerby-pkix/1.0.1/kerby-pkix-1.0.1.jar:/home/user/.m2/repository/org/apache/kerby/kerby-asn1/1.0.1/kerby-asn1-1.0.1.jar:/home/user/.m2/repository/org/apache/kerby/kerby-util/1.0.1/kerby-util-1.0.1.jar:/home/user/.m2/repository/org/apache/kerby/kerb-common/1.0.1/kerb-common-1.0.1.jar:/home/user/.m2/repository/org/apache/kerby/kerb-crypto/1.0.1/kerb-crypto-1.0.1.jar:/home/user/.m2/repository/org/apache/kerby/kerb-util/1.0.1/kerb-util-1.0.1.jar:/home/user/.m2/repository/org/apache/kerby/token-provider/1.0.1/token-provider-1.0.1.jar:/home/user/.m2/repository/org/apache/kerby/kerb-admin/1.0.1/kerb-admin-1.0.1.jar:/home/user/.m2/repository/org/apache/kerby/kerb-server/1.0.1/kerb-server-1.0.1.jar:/home/user/.m2/repository/org/apache/kerby/kerb-identity/1.0.1/kerb-identity-1.0.1.jar:/home/user/.m2/repository/org/apache/kerby/kerby-xdr/1.0.1/kerby-xdr-1.0.1.jar:/home/user/.m2/repository/org/slf4j/slf4j-log4j12/1.7.25/slf4j-log4j12-1.7.25.jar:/home/user/.m2/repository/org/apache/hadoop/hadoop-ozone-s3gateway/0.5.0-SNAPSHOT/hadoop-ozone-s3gateway-0.5.0-SNAPSHOT.jar:/home/user/.m2/repository/org/jboss/weld/servlet/weld-servlet/2.4.7.Final/weld-servlet-2.4.7.Final.jar:/home/user/.m2/repository/org/glassfish/jersey/containers/jersey-container-servlet-core/2.27/jersey-container-servlet-core-2.27.jar:/home/user/.m2/repository/org/glassfish/hk2/external/javax.inject/2.5.0-b42/javax.inject-2.5.0-b42.jar:/home/user/.m2/repository/org/glassfish/jersey/core/jersey-common/2.27/jersey-common-2.27.jar:/home/user/.m2/repository/org/glassfish/hk2/osgi-resource-locator/1.0.1/osgi-resource-locator-1.0.1.jar:/home/user/.m2/repository/javax/ws/rs/javax.ws.rs-api/2.1/javax.ws.rs-api-2.1.jar:/home/user/.m2/repository/org/glassfish/jersey/ext/cdi/jersey-cdi1x/2.27/jersey-cdi1x-2.27.jar:/home/user/.m2/repository/org/glassfish/jersey/inject/jersey-hk2/2.27/jersey-hk2-2.27.jar:/home/user/.m2/repository/org/glassfish/hk2/hk2-locator/2.5.0-b42/hk2-locator-2.5.0-b42.jar:/home/user/.m2/repository/org/javassist/javassist/3.22.0-CR2/javassist-3.22.0-CR2.jar:/home/user/.m2/repository/org/glassfish/hk2/hk2-api/2.5.0/hk2-api-2.5.0.jar:/home/user/.m2/repository/org/glassfish/hk2/external/jakarta.inject/2.5.0/jakarta.inject-2.5.0.jar:/home/user/.m2/repository/org/glassfish/hk2/hk2-utils/2.5.0/hk2-utils-2.5.0.jar:/home/user/.m2/repository/jakarta/annotation/jakarta.annotation-api/1.3.4/jakarta.annotation-api-1.3.4.jar:/home/user/.m2/repository/org/glassfish/hk2/external/aopalliance-repackaged/2.5.0/aopalliance-repackaged-2.5.0.jar:/home/user/.m2/repository/com/fasterxml/jackson/dataformat/jackson-dataformat-xml/2.9.0/jackson-dataformat-xml-2.9.0.jar:/home/user/.m2/repository/com/fasterxml/jackson/core/jackson-core/2.9.9/jackson-core-2.9.9.jar:/home/user/.m2/repository/com/fasterxml/jackson/module/jackson-module-jaxb-annotations/2.9.9/jackson-module-jaxb-annotations-2.9.9.jar:/home/user/.m2/repository/javax/enterprise/cdi-api/1.2/cdi-api-1.2.jar:/home/user/.m2/repository/javax/el/javax.el-api/3.0.0/javax.el-api-3.0.0.jar:/home/user/.m2/repository/javax/interceptor/javax.interceptor-api/1.2/javax.interceptor-api-1.2.jar:/home/user/.m2/repository/javax/inject/javax.inject/1/javax.inject-1.jar:/home/user/.m2/repository/com/sun/xml/bind/jaxb-impl/2.3.0.1/jaxb-impl-2.3.0.1.jar:/home/user/.m2/repository/com/sun/xml/bind/jaxb-core/2.3.0.1/jaxb-core-2.3.0.1.jar:/home/user/.m2/repository/javax/xml/bind/jaxb-api/2.3.0/jaxb-api-2.3.0.jar:/home/user/.m2/repository/javax/activation/activation/1.1.1/activation-1.1.1.jar:/home/user/.m2/repository/org/apache/hadoop/hadoop-ozone-csi/0.5.0-SNAPSHOT/hadoop-ozone-csi-0.5.0-SNAPSHOT.jar:/home/user/.m2/repository/com/google/protobuf/protobuf-java-util/3.5.1/protobuf-java-util-3.5.1.jar:/home/user/.m2/repository/org/apache/hadoop/hadoop-hdds-config/0.5.0-SNAPSHOT/hadoop-hdds-config-0.5.0-SNAPSHOT.jar:/home/user/.m2/repository/io/grpc/grpc-netty/1.17.1/grpc-netty-1.17.1.jar:/home/user/.m2/repository/io/grpc/grpc-core/1.17.1/grpc-core-1.17.1.jar:/home/user/.m2/repository/io/grpc/grpc-context/1.17.1/grpc-context-1.17.1.jar:/home/user/.m2/repository/com/google/errorprone/error_prone_annotations/2.2.0/error_prone_annotations-2.2.0.jar:/home/user/.m2/repository/org/codehaus/mojo/animal-sniffer-annotations/1.17/animal-sniffer-annotations-1.17.jar:/home/user/.m2/repository/io/opencensus/opencensus-api/0.17.0/opencensus-api-0.17.0.jar:/home/user/.m2/repository/io/opencensus/opencensus-contrib-grpc-metrics/0.17.0/opencensus-contrib-grpc-metrics-0.17.0.jar:/home/user/.m2/repository/io/netty/netty-codec-http2/4.1.30.Final/netty-codec-http2-4.1.30.Final.jar:/home/user/.m2/repository/io/netty/netty-codec-http/4.1.30.Final/netty-codec-http-4.1.30.Final.jar:/home/user/.m2/repository/io/netty/netty-codec/4.1.30.Final/netty-codec-4.1.30.Final.jar:/home/user/.m2/repository/io/netty/netty-handler/4.1.30.Final/netty-handler-4.1.30.Final.jar:/home/user/.m2/repository/io/netty/netty-handler-proxy/4.1.30.Final/netty-handler-proxy-4.1.30.Final.jar:/home/user/.m2/repository/io/netty/netty-codec-socks/4.1.30.Final/netty-codec-socks-4.1.30.Final.jar:/home/user/.m2/repository/io/netty/netty-transport-native-epoll/4.1.30.Final/netty-transport-native-epoll-4.1.30.Final.jar:/home/user/.m2/repository/io/netty/netty-common/4.1.30.Final/netty-common-4.1.30.Final.jar:/home/user/.m2/repository/io/netty/netty-buffer/4.1.30.Final/netty-buffer-4.1.30.Final.jar:/home/user/.m2/repository/io/netty/netty-transport/4.1.30.Final/netty-transport-4.1.30.Final.jar:/home/user/.m2/repository/io/netty/netty-resolver/4.1.30.Final/netty-resolver-4.1.30.Final.jar:/home/user/.m2/repository/io/netty/netty-transport-native-unix-common/4.1.30.Final/netty-transport-native-unix-common-4.1.30.Final.jar:/home/user/.m2/repository/io/grpc/grpc-protobuf/1.17.1/grpc-protobuf-1.17.1.jar:/home/user/.m2/repository/com/google/api/grpc/proto-google-common-protos/1.0.0/proto-google-common-protos-1.0.0.jar:/home/user/.m2/repository/io/grpc/grpc-protobuf-lite/1.17.1/grpc-protobuf-lite-1.17.1.jar:/home/user/.m2/repository/io/grpc/grpc-stub/1.17.1/grpc-stub-1.17.1.jar:/home/user/.m2/repository/org/apache/hadoop/hadoop-ozone-recon/0.5.0-SNAPSHOT/hadoop-ozone-recon-0.5.0-SNAPSHOT.jar:/home/user/.m2/repository/org/apache/hadoop/hadoop-ozone-reconcodegen/0.5.0-SNAPSHOT/hadoop-ozone-reconcodegen-0.5.0-SNAPSHOT.jar:/home/user/.m2/repository/com/google/inject/extensions/guice-multibindings/4.0/guice-multibindings-4.0.jar:/home/user/.m2/repository/com/google/inject/guice/4.0/guice-4.0.jar:/home/user/.m2/repository/aopalliance/aopalliance/1.0/aopalliance-1.0.jar:/home/user/.m2/repository/com/google/inject/extensions/guice-servlet/4.0/guice-servlet-4.0.jar:/home/user/.m2/repository/org/glassfish/jersey/containers/jersey-container-servlet/2.27/jersey-container-servlet-2.27.jar:/home/user/.m2/repository/org/glassfish/hk2/guice-bridge/2.5.0/guice-bridge-2.5.0.jar:/home/user/.m2/repository/org/glassfish/jersey/core/jersey-server/2.27/jersey-server-2.27.jar:/home/user/.m2/repository/org/glassfish/jersey/core/jersey-client/2.27/jersey-client-2.27.jar:/home/user/.m2/repository/org/glassfish/jersey/media/jersey-media-jaxb/2.27/jersey-media-jaxb-2.27.jar:/home/user/.m2/repository/javax/validation/validation-api/1.1.0.Final/validation-api-1.1.0.Final.jar:/home/user/.m2/repository/org/glassfish/jersey/media/jersey-media-json-jackson/2.27/jersey-media-json-jackson-2.27.jar:/home/user/.m2/repository/org/glassfish/jersey/ext/jersey-entity-filtering/2.27/jersey-entity-filtering-2.27.jar:/home/user/.m2/repository/com/google/inject/extensions/guice-assistedinject/4.0/guice-assistedinject-4.0.jar:/home/user/.m2/repository/org/jooq/jooq/3.11.10/jooq-3.11.10.jar:/home/user/.m2/repository/org/jooq/jooq-meta/3.11.10/jooq-meta-3.11.10.jar:/home/user/.m2/repository/org/jooq/jooq-codegen/3.11.10/jooq-codegen-3.11.10.jar:/home/user/.m2/repository/com/jolbox/bonecp/0.8.0.RELEASE/bonecp-0.8.0.RELEASE.jar:/home/user/.m2/repository/org/xerial/sqlite-jdbc/3.25.2/sqlite-jdbc-3.25.2.jar:/home/user/.m2/repository/org/springframework/spring-jdbc/5.1.3.RELEASE/spring-jdbc-5.1.3.RELEASE.jar:/home/user/.m2/repository/org/springframework/spring-beans/5.1.3.RELEASE/spring-beans-5.1.3.RELEASE.jar:/home/user/.m2/repository/org/springframework/spring-core/5.1.3.RELEASE/spring-core-5.1.3.RELEASE.jar:/home/user/.m2/repository/org/springframework/spring-jcl/5.1.3.RELEASE/spring-jcl-5.1.3.RELEASE.jar:/home/user/.m2/repository/org/springframework/spring-tx/5.1.3.RELEASE/spring-tx-5.1.3.RELEASE.jar:/home/user/.m2/repository/org/apache/hadoop/hadoop-ozone-client/0.5.0-SNAPSHOT/hadoop-ozone-client-0.5.0-SNAPSHOT.jar:/home/user/.m2/repository/commons-lang/commons-lang/2.6/commons-lang-2.6.jar:/home/user/.m2/repository/org/apache/hadoop/hadoop-ozone-ozone-manager/0.5.0-SNAPSHOT/hadoop-ozone-ozone-manager-0.5.0-SNAPSHOT-tests.jar:/home/user/.m2/repository/junit/junit/4.11/junit-4.11.jar:/home/user/.m2/repository/org/hamcrest/hamcrest-core/1.3/hamcrest-core-1.3.jar:/home/user/.m2/repository/org/openjdk/jmh/jmh-core/1.19/jmh-core-1.19.jar:/home/user/.m2/repository/net/sf/jopt-simple/jopt-simple/4.6/jopt-simple-4.6.jar:/home/user/.m2/repository/org/apache/commons/commons-math3/3.1.1/commons-math3-3.1.1.jar:/home/user/.m2/repository/org/openjdk/jmh/jmh-generator-annprocess/1.19/jmh-generator-annprocess-1.19.jar:/home/user/.m2/repository/org/mockito/mockito-all/1.8.5/mockito-all-1.8.5.jar:/home/user/.m2/repository/org/apache/hadoop/hadoop-kms/3.2.0/hadoop-kms-3.2.0.jar:/home/user/.m2/repository/org/apache/hadoop/hadoop-auth/3.2.0/hadoop-auth-3.2.0.jar:/home/user/.m2/repository/com/nimbusds/nimbus-jose-jwt/4.41.1/nimbus-jose-jwt-4.41.1.jar:/home/user/.m2/repository/com/github/stephenc/jcip/jcip-annotations/1.0-1/jcip-annotations-1.0-1.jar:/home/user/.m2/repository/net/minidev/json-smart/2.3/json-smart-2.3.jar:/home/user/.m2/repository/net/minidev/accessors-smart/1.2/accessors-smart-1.2.jar:/home/user/.m2/repository/org/ow2/asm/asm/5.0.4/asm-5.0.4.jar:/home/user/.m2/repository/org/apache/curator/curator-framework/2.12.0/curator-framework-2.12.0.jar:/home/user/.m2/repository/com/sun/jersey/jersey-core/1.19/jersey-core-1.19.jar:/home/user/.m2/repository/javax/ws/rs/jsr311-api/1.1.1/jsr311-api-1.1.1.jar:/home/user/.m2/repository/com/sun/jersey/jersey-server/1.19/jersey-server-1.19.jar:/home/user/.m2/repository/javax/servlet/javax.servlet-api/3.1.0/javax.servlet-api-3.1.0.jar:/home/user/.m2/repository/org/eclipse/jetty/jetty-server/9.3.25.v20180904/jetty-server-9.3.25.v20180904.jar:/home/user/.m2/repository/org/eclipse/jetty/jetty-http/9.3.25.v20180904/jetty-http-9.3.25.v20180904.jar:/home/user/.m2/repository/org/eclipse/jetty/jetty-io/9.3.25.v20180904/jetty-io-9.3.25.v20180904.jar:/home/user/.m2/repository/org/eclipse/jetty/jetty-webapp/9.3.25.v20180904/jetty-webapp-9.3.25.v20180904.jar:/home/user/.m2/repository/org/eclipse/jetty/jetty-xml/9.3.25.v20180904/jetty-xml-9.3.25.v20180904.jar:/home/user/.m2/repository/log4j/log4j/1.2.17/log4j-1.2.17.jar:/home/user/.m2/repository/org/slf4j/slf4j-api/1.7.25/slf4j-api-1.7.25.jar:/home/user/.m2/repository/org/slf4j/jul-to-slf4j/1.7.25/jul-to-slf4j-1.7.25.jar:/home/user/.m2/repository/org/eclipse/jetty/jetty-util/9.3.25.v20180904/jetty-util-9.3.25.v20180904.jar:/home/user/.m2/repository/com/fasterxml/jackson/core/jackson-databind/2.9.9/jackson-databind-2.9.9.jar:/home/user/.m2/repository/org/apache/hadoop/hadoop-kms/3.2.0/hadoop-kms-3.2.0-tests.jar:/home/user/.m2/repository/org/apache/hadoop/hadoop-hdds-server-scm/0.5.0-SNAPSHOT/hadoop-hdds-server-scm-0.5.0-SNAPSHOT-tests.jar:/home/user/.m2/repository/org/apache/hadoop/hadoop-hdds-container-service/0.5.0-SNAPSHOT/hadoop-hdds-container-service-0.5.0-SNAPSHOT-tests.jar:/home/user/.m2/repository/org/yaml/snakeyaml/1.16/snakeyaml-1.16.jar:/home/user/.m2/repository/org/apache/hadoop/hadoop-common/3.2.0/hadoop-common-3.2.0-tests.jar:/home/user/.m2/repository/org/apache/hadoop/hadoop-annotations/3.2.0/hadoop-annotations-3.2.0.jar:/usr/lib/jvm/java-1.8.0-openjdk-1.8.0.222.b10-1.el7_7.x86_64/jre/../lib/tools.jar:/home/user/.m2/repository/commons-cli/commons-cli/1.2/commons-cli-1.2.jar:/home/user/.m2/repository/org/apache/httpcomponents/httpclient/4.5.2/httpclient-4.5.2.jar:/home/user/.m2/repository/org/apache/httpcomponents/httpcore/4.4.4/httpcore-4.4.4.jar:/home/user/.m2/repository/commons-codec/commons-codec/1.11/commons-codec-1.11.jar:/home/user/.m2/repository/commons-net/commons-net/3.6/commons-net-3.6.jar:/home/user/.m2/repository/commons-collections/commons-collections/3.2.2/commons-collections-3.2.2.jar:/home/user/.m2/repository/org/eclipse/jetty/jetty-servlet/9.3.25.v20180904/jetty-servlet-9.3.25.v20180904.jar:/home/user/.m2/repository/org/eclipse/jetty/jetty-security/9.3.25.v20180904/jetty-security-9.3.25.v20180904.jar:/home/user/.m2/repository/javax/servlet/jsp/jsp-api/2.1/jsp-api-2.1.jar:/home/user/.m2/repository/com/sun/jersey/jersey-servlet/1.19/jersey-servlet-1.19.jar:/home/user/.m2/repository/com/sun/jersey/jersey-json/1.19/jersey-json-1.19.jar:/home/user/.m2/repository/org/codehaus/jettison/jettison/1.1/jettison-1.1.jar:/home/user/.m2/repository/org/codehaus/jackson/jackson-core-asl/1.9.13/jackson-core-asl-1.9.13.jar:/home/user/.m2/repository/org/codehaus/jackson/jackson-mapper-asl/1.9.13/jackson-mapper-asl-1.9.13.jar:/home/user/.m2/repository/org/codehaus/jackson/jackson-jaxrs/1.9.13/jackson-jaxrs-1.9.13.jar:/home/user/.m2/repository/org/codehaus/jackson/jackson-xc/1.9.13/jackson-xc-1.9.13.jar:/home/user/.m2/repository/commons-logging/commons-logging/1.1.3/commons-logging-1.1.3.jar:/home/user/.m2/repository/commons-beanutils/commons-beanutils/1.9.4/commons-beanutils-1.9.4.jar:/home/user/.m2/repository/org/apache/commons/commons-configuration2/2.1.1/commons-configuration2-2.1.1.jar:/home/user/.m2/repository/org/apache/commons/commons-lang3/3.7/commons-lang3-3.7.jar:/home/user/.m2/repository/org/apache/commons/commons-text/1.4/commons-text-1.4.jar:/home/user/.m2/repository/org/apache/avro/avro/1.7.7/avro-1.7.7.jar:/home/user/.m2/repository/com/thoughtworks/paranamer/paranamer/2.3/paranamer-2.3.jar:/home/user/.m2/repository/org/xerial/snappy/snappy-java/1.0.5/snappy-java-1.0.5.jar:/home/user/.m2/repository/com/google/re2j/re2j/1.1/re2j-1.1.jar:/home/user/.m2/repository/com/google/code/gson/gson/2.2.4/gson-2.2.4.jar:/home/user/.m2/repository/com/jcraft/jsch/0.1.54/jsch-0.1.54.jar:/home/user/.m2/repository/org/apache/curator/curator-client/2.12.0/curator-client-2.12.0.jar:/home/user/.m2/repository/org/apache/curator/curator-recipes/2.12.0/curator-recipes-2.12.0.jar:/home/user/.m2/repository/com/google/code/findbugs/jsr305/3.0.0/jsr305-3.0.0.jar:/home/user/.m2/repository/org/apache/htrace/htrace-core4/4.1.0-incubating/htrace-core4-4.1.0-incubating.jar:/home/user/.m2/repository/org/apache/zookeeper/zookeeper/3.4.13/zookeeper-3.4.13.jar:/home/user/.m2/repository/jline/jline/0.9.94/jline-0.9.94.jar:/home/user/.m2/repository/org/apache/yetus/audience-annotations/0.5.0/audience-annotations-0.5.0.jar:/home/user/.m2/repository/org/codehaus/woodstox/stax2-api/3.1.4/stax2-api-3.1.4.jar:/home/user/.m2/repository/com/fasterxml/woodstox/woodstox-core/5.0.3/woodstox-core-5.0.3.jar:/home/user/.m2/repository/dnsjava/dnsjava/2.1.7/dnsjava-2.1.7.jar:/home/user/.m2/repository/org/apache/hadoop/hadoop-hdfs/3.2.0/hadoop-hdfs-3.2.0-tests.jar:/home/user/.m2/repository/org/eclipse/jetty/jetty-util-ajax/9.3.25.v20180904/jetty-util-ajax-9.3.25.v20180904.jar:/home/user/.m2/repository/commons-daemon/commons-daemon/1.0.13/commons-daemon-1.0.13.jar:/home/user/.m2/repository/io/netty/netty/3.10.5.Final/netty-3.10.5.Final.jar:/home/user/.m2/repository/io/netty/netty-all/4.0.52.Final/netty-all-4.0.52.Final.jar:/home/user/.m2/repository/org/fusesource/leveldbjni/leveldbjni-all/1.8/leveldbjni-all-1.8.jar:"/>
    <property name="sun.cpu.endian" value="little"/>
    <property name="user.home" value="/home/user"/>
    <property name="user.language" value="en"/>
    <property name="java.specification.vendor" value="Oracle Corporation"/>
    <property name="java.home" value="/usr/lib/jvm/java-1.8.0-openjdk-1.8.0.222.b10-1.el7_7.x86_64/jre"/>
    <property name="surefire.excludesFile" value="/tools/ozone-bad-unit-tests"/>
    <property name="java.security.krb5.conf" value="/workdir/hadoop-ozone/integration-test/target/test-classes/krb5.conf"/>
    <property name="basedir" value="/workdir/hadoop-ozone/integration-test"/>
    <property name="file.separator" value="/"/>
    <property name="line.separator" value="&#10;"/>
    <property name="java.vm.specification.vendor" value="Oracle Corporation"/>
    <property name="java.specification.name" value="Java Platform API Specification"/>
    <property name="java.awt.graphicsenv" value="sun.awt.X11GraphicsEnvironment"/>
    <property name="surefire.real.class.path" value="/workdir/hadoop-ozone/integration-test/target/surefire/surefirebooter3505047392396911272.jar"/>
    <property name="hadoop.log.dir" value="/workdir/hadoop-ozone/integration-test/target/log"/>
    <property name="sun.boot.class.path" value="/usr/lib/jvm/java-1.8.0-openjdk-1.8.0.222.b10-1.el7_7.x86_64/jre/lib/resources.jar:/usr/lib/jvm/java-1.8.0-openjdk-1.8.0.222.b10-1.el7_7.x86_64/jre/lib/rt.jar:/usr/lib/jvm/java-1.8.0-openjdk-1.8.0.222.b10-1.el7_7.x86_64/jre/lib/sunrsasign.jar:/usr/lib/jvm/java-1.8.0-openjdk-1.8.0.222.b10-1.el7_7.x86_64/jre/lib/jsse.jar:/usr/lib/jvm/java-1.8.0-openjdk-1.8.0.222.b10-1.el7_7.x86_64/jre/lib/jce.jar:/usr/lib/jvm/java-1.8.0-openjdk-1.8.0.222.b10-1.el7_7.x86_64/jre/lib/charsets.jar:/usr/lib/jvm/java-1.8.0-openjdk-1.8.0.222.b10-1.el7_7.x86_64/jre/lib/jfr.jar:/usr/lib/jvm/java-1.8.0-openjdk-1.8.0.222.b10-1.el7_7.x86_64/jre/classes"/>
    <property name="sun.management.compiler" value="HotSpot 64-Bit Tiered Compilers"/>
    <property name="java.runtime.version" value="1.8.0_222-b10"/>
    <property name="java.net.preferIPv4Stack" value="true"/>
    <property name="user.name" value="jenkins1000"/>
    <property name="path.separator" value=":"/>
    <property name="java.security.egd" value="file:///dev/urandom"/>
    <property name="os.version" value="3.10.0-957.12.2.el7.x86_64"/>
    <property name="java.endorsed.dirs" value="/usr/lib/jvm/java-1.8.0-openjdk-1.8.0.222.b10-1.el7_7.x86_64/jre/lib/endorsed"/>
    <property name="java.runtime.name" value="OpenJDK Runtime Environment"/>
    <property name="file.encoding" value="ANSI_X3.4-1968"/>
    <property name="java.vm.name" value="OpenJDK 64-Bit Server VM"/>
    <property name="test.build.webapps" value=""/>
    <property name="localRepository" value="/home/user/.m2/repository"/>
    <property name="java.vendor.url.bug" value="http://bugreport.sun.com/bugreport/"/>
    <property name="java.io.tmpdir" value="/tmp"/>
    <property name="require.test.libhadoop" value=""/>
    <property name="java.version" value="1.8.0_222"/>
    <property name="user.dir" value="/workdir/hadoop-ozone/integration-test"/>
    <property name="os.arch" value="amd64"/>
    <property name="java.vm.specification.name" value="Java Virtual Machine Specification"/>
    <property name="test.build.classes" value="/workdir/hadoop-ozone/integration-test/target/test-classes"/>
    <property name="java.awt.printerjob" value="sun.print.PSPrinterJob"/>
    <property name="sun.os.patch.level" value="unknown"/>
    <property name="hadoop.tmp.dir" value="/workdir/hadoop-ozone/integration-test/target/tmp"/>
    <property name="java.library.path" value="/usr/lib:/workdir/hadoop-ozone/integration-test/target/native/target/usr/local/lib:/workdir/hadoop-ozone/integration-test/../../hadoop-common-project/hadoop-common/target/native/target/usr/local/lib:/usr/java/packages/lib/amd64:/usr/lib64:/lib64:/lib:/usr/lib"/>
    <property name="java.vm.info" value="mixed mode"/>
    <property name="java.vendor" value="Oracle Corporation"/>
    <property name="java.vm.version" value="25.222-b10"/>
    <property name="java.ext.dirs" value="/usr/lib/jvm/java-1.8.0-openjdk-1.8.0.222.b10-1.el7_7.x86_64/jre/lib/ext:/usr/java/packages/lib/ext"/>
    <property name="sun.io.unicode.encoding" value="UnicodeLittle"/>
    <property name="java.class.version" value="52.0"/>
  </properties>
  <testcase name="org.apache.hadoop.hdds.scm.pipeline.TestSCMRestart" classname="org.apache.hadoop.hdds.scm.pipeline.TestSCMRestart" time="76.376">
    <error message="Timed out waiting for condition. Thread diagnostics:&#10;Timestamp: 2019-10-17 07:42:21,232&#10;&#10;&quot;pool-36-thread-45&quot;  prio=5 tid=348 in Object.wait()&#10;java.lang.Thread.State: WAITING (on object monitor)&#10;        at sun.misc.Unsafe.park(Native Method)&#10;        at java.util.concurrent.locks.LockSupport.park(LockSupport.java:175)&#10;        at java.util.concurrent.locks.AbstractQueuedSynchronizer$ConditionObject.await(AbstractQueuedSynchronizer.java:2039)&#10;        at java.util.concurrent.ArrayBlockingQueue.take(ArrayBlockingQueue.java:403)&#10;        at java.util.concurrent.ThreadPoolExecutor.getTask(ThreadPoolExecutor.java:1074)&#10;        at java.util.concurrent.ThreadPoolExecutor.runWorker(ThreadPoolExecutor.java:1134)&#10;        at java.util.concurrent.ThreadPoolExecutor$Worker.run(ThreadPoolExecutor.java:624)&#10;        at java.lang.Thread.run(Thread.java:748)&#10;&quot;pool-46-thread-14&quot;  prio=5 tid=393 in Object.wait()&#10;java.lang.Thread.State: WAITING (on object monitor)&#10;        at sun.misc.Unsafe.park(Native Method)&#10;        at java.util.concurrent.locks.LockSupport.park(LockSupport.java:175)&#10;        at java.util.concurrent.locks.AbstractQueuedSynchronizer$ConditionObject.await(AbstractQueuedSynchronizer.java:2039)&#10;        at java.util.concurrent.ArrayBlockingQueue.take(ArrayBlockingQueue.java:403)&#10;        at java.util.concurrent.ThreadPoolExecutor.getTask(ThreadPoolExecutor.java:1074)&#10;        at java.util.concurrent.ThreadPoolExecutor.runWorker(ThreadPoolExecutor.java:1134)&#10;        at java.util.concurrent.ThreadPoolExecutor$Worker.run(ThreadPoolExecutor.java:624)&#10;        at java.lang.Thread.run(Thread.java:748)&#10;&quot;metrics-hadoop-metrics2-reporter-7-thread-1&quot; daemon prio=5 tid=540 timed_waiting&#10;java.lang.Thread.State: TIMED_WAITING&#10;        at sun.misc.Unsafe.park(Native Method)&#10;        at java.util.concurrent.locks.LockSupport.parkNanos(LockSupport.java:215)&#10;        at java.util.concurrent.locks.AbstractQueuedSynchronizer$ConditionObject.awaitNanos(AbstractQueuedSynchronizer.java:2078)&#10;        at java.util.concurrent.ScheduledThreadPoolExecutor$DelayedWorkQueue.take(ScheduledThreadPoolExecutor.java:1093)&#10;        at java.util.concurrent.ScheduledThreadPoolExecutor$DelayedWorkQueue.take(ScheduledThreadPoolExecutor.java:809)&#10;        at java.util.concurrent.ThreadPoolExecutor.getTask(ThreadPoolExecutor.java:1074)&#10;        at java.util.concurrent.ThreadPoolExecutor.runWorker(ThreadPoolExecutor.java:1134)&#10;        at java.util.concurrent.ThreadPoolExecutor$Worker.run(ThreadPoolExecutor.java:624)&#10;        at java.lang.Thread.run(Thread.java:748)&#10;&quot;pool-26-thread-11&quot;  prio=5 tid=281 in Object.wait()&#10;java.lang.Thread.State: WAITING (on object monitor)&#10;        at sun.misc.Unsafe.park(Native Method)&#10;        at java.util.concurrent.locks.LockSupport.park(LockSupport.java:175)&#10;        at java.util.concurrent.locks.AbstractQueuedSynchronizer$ConditionObject.await(AbstractQueuedSynchronizer.java:2039)&#10;        at java.util.concurrent.ArrayBlockingQueue.take(ArrayBlockingQueue.java:403)&#10;        at java.util.concurrent.ThreadPoolExecutor.getTask(ThreadPoolExecutor.java:1074)&#10;        at java.util.concurrent.ThreadPoolExecutor.runWorker(ThreadPoolExecutor.java:1134)&#10;        at java.util.concurrent.ThreadPoolExecutor$Worker.run(ThreadPoolExecutor.java:624)&#10;        at java.lang.Thread.run(Thread.java:748)&#10;&quot;Thread-2576&quot; daemon prio=5 tid=2967 timed_waiting&#10;java.lang.Thread.State: TIMED_WAITING&#10;        at java.lang.Thread.sleep(Native Method)&#10;        at org.apache.ratis.util.JavaUtils.sleep(JavaUtils.java:247)&#10;        at org.apache.ratis.server.impl.FollowerState.run(FollowerState.java:97)&#10;&quot;pool-36-thread-52&quot;  prio=5 tid=363 in Object.wait()&#10;java.lang.Thread.State: WAITING (on object monitor)&#10;        at sun.misc.Unsafe.park(Native Method)&#10;        at java.util.concurrent.locks.LockSupport.park(LockSupport.java:175)&#10;        at java.util.concurrent.locks.AbstractQueuedSynchronizer$ConditionObject.await(AbstractQueuedSynchronizer.java:2039)&#10;        at java.util.concurrent.ArrayBlockingQueue.take(ArrayBlockingQueue.java:403)&#10;        at java.util.concurrent.ThreadPoolExecutor.getTask(ThreadPoolExecutor.java:1074)&#10;        at java.util.concurrent.ThreadPoolExecutor.runWorker(ThreadPoolExecutor.java:1134)&#10;        at java.util.concurrent.ThreadPoolExecutor$Worker.run(ThreadPoolExecutor.java:624)&#10;        at java.lang.Thread.run(Thread.java:748)&#10;&quot;grpc-default-worker-ELG-3-2&quot; daemon prio=5 tid=520 runnable&#10;java.lang.Thread.State: RUNNABLE&#10;        at sun.nio.ch.EPollArrayWrapper.epollWait(Native Method)&#10;        at sun.nio.ch.EPollArrayWrapper.poll(EPollArrayWrapper.java:269)&#10;        at sun.nio.ch.EPollSelectorImpl.doSelect(EPollSelectorImpl.java:93)&#10;        at sun.nio.ch.SelectorImpl.lockAndDoSelect(SelectorImpl.java:86)&#10;        at sun.nio.ch.SelectorImpl.select(SelectorImpl.java:97)&#10;        at org.apache.ratis.thirdparty.io.netty.channel.nio.SelectedSelectionKeySetSelector.select(SelectedSelectionKeySetSelector.java:62)&#10;        at org.apache.ratis.thirdparty.io.netty.channel.nio.NioEventLoop.select(NioEventLoop.java:753)&#10;        at org.apache.ratis.thirdparty.io.netty.channel.nio.NioEventLoop.run(NioEventLoop.java:408)&#10;        at org.apache.ratis.thirdparty.io.netty.util.concurrent.SingleThreadEventExecutor$5.run(SingleThreadEventExecutor.java:897)&#10;        at org.apache.ratis.thirdparty.io.netty.util.concurrent.FastThreadLocalRunnable.run(FastThreadLocalRunnable.java:30)&#10;        at java.lang.Thread.run(Thread.java:748)&#10;&quot;pool-46-thread-23&quot;  prio=5 tid=402 in Object.wait()&#10;java.lang.Thread.State: WAITING (on object monitor)&#10;        at sun.misc.Unsafe.park(Native Method)&#10;        at java.util.concurrent.locks.LockSupport.park(LockSupport.java:175)&#10;        at java.util.concurrent.locks.AbstractQueuedSynchronizer$ConditionObject.await(AbstractQueuedSynchronizer.java:2039)&#10;        at java.util.concurrent.ArrayBlockingQueue.take(ArrayBlockingQueue.java:403)&#10;        at java.util.concurrent.ThreadPoolExecutor.getTask(ThreadPoolExecutor.java:1074)&#10;        at java.util.concurrent.ThreadPoolExecutor.runWorker(ThreadPoolExecutor.java:1134)&#10;        at java.util.concurrent.ThreadPoolExecutor$Worker.run(ThreadPoolExecutor.java:624)&#10;        at java.lang.Thread.run(Thread.java:748)&#10;&quot;IPC Server idle connection scanner for port 34819&quot; daemon prio=5 tid=24 timed_waiting&#10;java.lang.Thread.State: TIMED_WAITING&#10;        at java.lang.Object.wait(Native Method)&#10;        at java.util.TimerThread.mainLoop(Timer.java:552)&#10;        at java.util.TimerThread.run(Timer.java:505)&#10;&quot;IPC Server Responder&quot; daemon prio=5 tid=25 runnable&#10;java.lang.Thread.State: RUNNABLE&#10;        at sun.nio.ch.EPollArrayWrapper.epollWait(Native Method)&#10;        at sun.nio.ch.EPollArrayWrapper.poll(EPollArrayWrapper.java:269)&#10;        at sun.nio.ch.EPollSelectorImpl.doSelect(EPollSelectorImpl.java:93)&#10;        at sun.nio.ch.SelectorImpl.lockAndDoSelect(SelectorImpl.java:86)&#10;        at sun.nio.ch.SelectorImpl.select(SelectorImpl.java:97)&#10;        at org.apache.hadoop.ipc.Server$Responder.doRunLoop(Server.java:1334)&#10;        at org.apache.hadoop.ipc.Server$Responder.run(Server.java:1317)&#10;&quot;qtp1713847712-213&quot; daemon prio=5 tid=213 runnable&#10;java.lang.Thread.State: RUNNABLE&#10;        at sun.nio.ch.EPollArrayWrapper.epollWait(Native Method)&#10;        at sun.nio.ch.EPollArrayWrapper.poll(EPollArrayWrapper.java:269)&#10;        at sun.nio.ch.EPollSelectorImpl.doSelect(EPollSelectorImpl.java:93)&#10;        at sun.nio.ch.SelectorImpl.lockAndDoSelect(SelectorImpl.java:86)&#10;        at sun.nio.ch.SelectorImpl.select(SelectorImpl.java:97)&#10;        at sun.nio.ch.SelectorImpl.select(SelectorImpl.java:101)&#10;        at org.eclipse.jetty.io.ManagedSelector$SelectorProducer.select(ManagedSelector.java:243)&#10;        at org.eclipse.jetty.io.ManagedSelector$SelectorProducer.produce(ManagedSelector.java:191)&#10;        at org.eclipse.jetty.util.thread.strategy.ExecuteProduceConsume.executeProduceConsume(ExecuteProduceConsume.java:249)&#10;        at org.eclipse.jetty.util.thread.strategy.ExecuteProduceConsume.produceConsume(ExecuteProduceConsume.java:148)&#10;        at org.eclipse.jetty.util.thread.strategy.ExecuteProduceConsume.execute(ExecuteProduceConsume.java:100)&#10;        at org.eclipse.jetty.io.ManagedSelector.run(ManagedSelector.java:147)&#10;        at org.eclipse.jetty.util.thread.QueuedThreadPool.runJob(QueuedThreadPool.java:671)&#10;        at org.eclipse.jetty.util.thread.QueuedThreadPool$2.run(QueuedThreadPool.java:589)&#10;        at java.lang.Thread.run(Thread.java:748)&#10;&quot;metrics-hadoop-metrics2-reporter-28-thread-1&quot; daemon prio=5 tid=606 timed_waiting&#10;java.lang.Thread.State: TIMED_WAITING&#10;        at sun.misc.Unsafe.park(Native Method)&#10;        at java.util.concurrent.locks.LockSupport.parkNanos(LockSupport.java:215)&#10;        at java.util.concurrent.locks.AbstractQueuedSynchronizer$ConditionObject.awaitNanos(AbstractQueuedSynchronizer.java:2078)&#10;        at java.util.concurrent.ScheduledThreadPoolExecutor$DelayedWorkQueue.take(ScheduledThreadPoolExecutor.java:1093)&#10;        at java.util.concurrent.ScheduledThreadPoolExecutor$DelayedWorkQueue.take(ScheduledThreadPoolExecutor.java:809)&#10;        at java.util.concurrent.ThreadPoolExecutor.getTask(ThreadPoolExecutor.java:1074)&#10;        at java.util.concurrent.ThreadPoolExecutor.runWorker(ThreadPoolExecutor.java:1134)&#10;        at java.util.concurrent.ThreadPoolExecutor$Worker.run(ThreadPoolExecutor.java:624)&#10;        at java.lang.Thread.run(Thread.java:748)&#10;&quot;pool-36-thread-8&quot;  prio=5 tid=275 in Object.wait()&#10;java.lang.Thread.State: WAITING (on object monitor)&#10;        at sun.misc.Unsafe.park(Native Method)&#10;        at java.util.concurrent.locks.LockSupport.park(LockSupport.java:175)&#10;        at java.util.concurrent.locks.AbstractQueuedSynchronizer$ConditionObject.await(AbstractQueuedSynchronizer.java:2039)&#10;        at java.util.concurrent.ArrayBlockingQueue.take(ArrayBlockingQueue.java:403)&#10;        at java.util.concurrent.ThreadPoolExecutor.getTask(ThreadPoolExecutor.java:1074)&#10;        at java.util.concurrent.ThreadPoolExecutor.runWorker(ThreadPoolExecutor.java:1134)&#10;        at java.util.concurrent.ThreadPoolExecutor$Worker.run(ThreadPoolExecutor.java:624)&#10;        at java.lang.Thread.run(Thread.java:748)&#10;&quot;Datanode ReportManager Thread - 0&quot; daemon prio=5 tid=171 in Object.wait()&#10;java.lang.Thread.State: WAITING (on object monitor)&#10;        at sun.misc.Unsafe.park(Native Method)&#10;        at java.util.concurrent.locks.LockSupport.park(LockSupport.java:175)&#10;        at java.util.concurrent.locks.AbstractQueuedSynchronizer$ConditionObject.await(AbstractQueuedSynchronizer.java:2039)&#10;        at java.util.concurrent.ScheduledThreadPoolExecutor$DelayedWorkQueue.take(ScheduledThreadPoolExecutor.java:1088)&#10;        at java.util.concurrent.ScheduledThreadPoolExecutor$DelayedWorkQueue.take(ScheduledThreadPoolExecutor.java:809)&#10;        at java.util.concurrent.ThreadPoolExecutor.getTask(ThreadPoolExecutor.java:1074)&#10;        at java.util.concurrent.ThreadPoolExecutor.runWorker(ThreadPoolExecutor.java:1134)&#10;        at java.util.concurrent.ThreadPoolExecutor$Worker.run(ThreadPoolExecutor.java:624)&#10;        at java.lang.Thread.run(Thread.java:748)&#10;&quot;pool-26-thread-43&quot;  prio=5 tid=345 in Object.wait()&#10;java.lang.Thread.State: WAITING (on object monitor)&#10;        at sun.misc.Unsafe.park(Native Method)&#10;        at java.util.concurrent.locks.LockSupport.park(LockSupport.java:175)&#10;        at java.util.concurrent.locks.AbstractQueuedSynchronizer$ConditionObject.await(AbstractQueuedSynchronizer.java:2039)&#10;        at java.util.concurrent.ArrayBlockingQueue.take(ArrayBlockingQueue.java:403)&#10;        at java.util.concurrent.ThreadPoolExecutor.getTask(ThreadPoolExecutor.java:1074)&#10;        at java.util.concurrent.ThreadPoolExecutor.runWorker(ThreadPoolExecutor.java:1134)&#10;        at java.util.concurrent.ThreadPoolExecutor$Worker.run(ThreadPoolExecutor.java:624)&#10;        at java.lang.Thread.run(Thread.java:748)&#10;&quot;pool-56-thread-3&quot;  prio=5 tid=442 in Object.wait()&#10;java.lang.Thread.State: WAITING (on object monitor)&#10;        at sun.misc.Unsafe.park(Native Method)&#10;        at java.util.concurrent.locks.LockSupport.park(LockSupport.java:175)&#10;        at java.util.concurrent.locks.AbstractQueuedSynchronizer$ConditionObject.await(AbstractQueuedSynchronizer.java:2039)&#10;        at java.util.concurrent.ArrayBlockingQueue.take(ArrayBlockingQueue.java:403)&#10;        at java.util.concurrent.ThreadPoolExecutor.getTask(ThreadPoolExecutor.java:1074)&#10;        at java.util.concurrent.ThreadPoolExecutor.runWorker(ThreadPoolExecutor.java:1134)&#10;        at java.util.concurrent.ThreadPoolExecutor$Worker.run(ThreadPoolExecutor.java:624)&#10;        at java.lang.Thread.run(Thread.java:748)&#10;&quot;pool-26-thread-56&quot;  prio=5 tid=370 in Object.wait()&#10;java.lang.Thread.State: WAITING (on object monitor)&#10;        at sun.misc.Unsafe.park(Native Method)&#10;        at java.util.concurrent.locks.LockSupport.park(LockSupport.java:175)&#10;        at java.util.concurrent.locks.AbstractQueuedSynchronizer$ConditionObject.await(AbstractQueuedSynchronizer.java:2039)&#10;        at java.util.concurrent.ArrayBlockingQueue.take(ArrayBlockingQueue.java:403)&#10;        at java.util.concurrent.ThreadPoolExecutor.getTask(ThreadPoolExecutor.java:1074)&#10;        at java.util.concurrent.ThreadPoolExecutor.runWorker(ThreadPoolExecutor.java:1134)&#10;        at java.util.concurrent.ThreadPoolExecutor$Worker.run(ThreadPoolExecutor.java:624)&#10;        at java.lang.Thread.run(Thread.java:748)&#10;&quot;pool-36-thread-36&quot;  prio=5 tid=330 in Object.wait()&#10;java.lang.Thread.State: WAITING (on object monitor)&#10;        at sun.misc.Unsafe.park(Native Method)&#10;        at java.util.concurrent.locks.LockSupport.park(LockSupport.java:175)&#10;        at java.util.concurrent.locks.AbstractQueuedSynchronizer$ConditionObject.await(AbstractQueuedSynchronizer.java:2039)&#10;        at java.util.concurrent.ArrayBlockingQueue.take(ArrayBlockingQueue.java:403)&#10;        at java.util.concurrent.ThreadPoolExecutor.getTask(ThreadPoolExecutor.java:1074)&#10;        at java.util.concurrent.ThreadPoolExecutor.runWorker(ThreadPoolExecutor.java:1134)&#10;        at java.util.concurrent.ThreadPoolExecutor$Worker.run(ThreadPoolExecutor.java:624)&#10;        at java.lang.Thread.run(Thread.java:748)&#10;&quot;grpc-default-worker-ELG-3-3&quot; daemon prio=5 tid=521 runnable&#10;java.lang.Thread.State: RUNNABLE&#10;        at sun.nio.ch.EPollArrayWrapper.epollWait(Native Method)&#10;        at sun.nio.ch.EPollArrayWrapper.poll(EPollArrayWrapper.java:269)&#10;        at sun.nio.ch.EPollSelectorImpl.doSelect(EPollSelectorImpl.java:93)&#10;        at sun.nio.ch.SelectorImpl.lockAndDoSelect(SelectorImpl.java:86)&#10;        at sun.nio.ch.SelectorImpl.select(SelectorImpl.java:97)&#10;        at org.apache.ratis.thirdparty.io.netty.channel.nio.SelectedSelectionKeySetSelector.select(SelectedSelectionKeySetSelector.java:62)&#10;        at org.apache.ratis.thirdparty.io.netty.channel.nio.NioEventLoop.select(NioEventLoop.java:753)&#10;        at org.apache.ratis.thirdparty.io.netty.channel.nio.NioEventLoop.run(NioEventLoop.java:408)&#10;        at org.apache.ratis.thirdparty.io.netty.util.concurrent.SingleThreadEventExecutor$5.run(SingleThreadEventExecutor.java:897)&#10;        at org.apache.ratis.thirdparty.io.netty.util.concurrent.FastThreadLocalRunnable.run(FastThreadLocalRunnable.java:30)&#10;        at java.lang.Thread.run(Thread.java:748)&#10;&quot;pool-46-thread-15&quot;  prio=5 tid=394 in Object.wait()&#10;java.lang.Thread.State: WAITING (on object monitor)&#10;        at sun.misc.Unsafe.park(Native Method)&#10;        at java.util.concurrent.locks.LockSupport.park(LockSupport.java:175)&#10;        at java.util.concurrent.locks.AbstractQueuedSynchronizer$ConditionObject.await(AbstractQueuedSynchronizer.java:2039)&#10;        at java.util.concurrent.ArrayBlockingQueue.take(ArrayBlockingQueue.java:403)&#10;        at java.util.concurrent.ThreadPoolExecutor.getTask(ThreadPoolExecutor.java:1074)&#10;        at java.util.concurrent.ThreadPoolExecutor.runWorker(ThreadPoolExecutor.java:1134)&#10;        at java.util.concurrent.ThreadPoolExecutor$Worker.run(ThreadPoolExecutor.java:624)&#10;        at java.lang.Thread.run(Thread.java:748)&#10;&quot;IPC Server handler 12 on 38234&quot; daemon prio=5 tid=127 timed_waiting&#10;java.lang.Thread.State: TIMED_WAITING&#10;        at sun.misc.Unsafe.park(Native Method)&#10;        at java.util.concurrent.locks.LockSupport.parkNanos(LockSupport.java:215)&#10;        at java.util.concurrent.locks.AbstractQueuedSynchronizer$ConditionObject.awaitNanos(AbstractQueuedSynchronizer.java:2078)&#10;        at java.util.concurrent.LinkedBlockingQueue.poll(LinkedBlockingQueue.java:467)&#10;        at org.apache.hadoop.ipc.CallQueueManager.take(CallQueueManager.java:288)&#10;        at org.apache.hadoop.ipc.Server$Handler.run(Server.java:2668)&#10;&quot;IPC Server handler 19 on 34339&quot; daemon prio=5 tid=88 timed_waiting&#10;java.lang.Thread.State: TIMED_WAITING&#10;        at sun.misc.Unsafe.park(Native Method)&#10;        at java.util.concurrent.locks.LockSupport.parkNanos(LockSupport.java:215)&#10;        at java.util.concurrent.locks.AbstractQueuedSynchronizer$ConditionObject.awaitNanos(AbstractQueuedSynchronizer.java:2078)&#10;        at java.util.concurrent.LinkedBlockingQueue.poll(LinkedBlockingQueue.java:467)&#10;        at org.apache.hadoop.ipc.CallQueueManager.take(CallQueueManager.java:288)&#10;        at org.apache.hadoop.ipc.Server$Handler.run(Server.java:2668)&#10;&quot;IPC Server handler 18 on 40088&quot; daemon prio=5 tid=67 timed_waiting&#10;java.lang.Thread.State: TIMED_WAITING&#10;        at sun.misc.Unsafe.park(Native Method)&#10;        at java.util.concurrent.locks.LockSupport.parkNanos(LockSupport.java:215)&#10;        at java.util.concurrent.locks.AbstractQueuedSynchronizer$ConditionObject.awaitNanos(AbstractQueuedSynchronizer.java:2078)&#10;        at java.util.concurrent.LinkedBlockingQueue.poll(LinkedBlockingQueue.java:467)&#10;        at org.apache.hadoop.ipc.CallQueueManager.take(CallQueueManager.java:288)&#10;        at org.apache.hadoop.ipc.Server$Handler.run(Server.java:2668)&#10;&quot;IPC Server handler 18 on 34339&quot; daemon prio=5 tid=87 timed_waiting&#10;java.lang.Thread.State: TIMED_WAITING&#10;        at sun.misc.Unsafe.park(Native Method)&#10;        at java.util.concurrent.locks.LockSupport.parkNanos(LockSupport.java:215)&#10;        at java.util.concurrent.locks.AbstractQueuedSynchronizer$ConditionObject.awaitNanos(AbstractQueuedSynchronizer.java:2078)&#10;        at java.util.concurrent.LinkedBlockingQueue.poll(LinkedBlockingQueue.java:467)&#10;        at org.apache.hadoop.ipc.CallQueueManager.take(CallQueueManager.java:288)&#10;        at org.apache.hadoop.ipc.Server$Handler.run(Server.java:2668)&#10;&quot;Timer-0&quot;  prio=5 tid=112 timed_waiting&#10;java.lang.Thread.State: TIMED_WAITING&#10;        at java.lang.Object.wait(Native Method)&#10;        at java.util.TimerThread.mainLoop(Timer.java:552)&#10;        at java.util.TimerThread.run(Timer.java:505)&#10;&quot;pool-56-thread-44&quot;  prio=5 tid=483 in Object.wait()&#10;java.lang.Thread.State: WAITING (on object monitor)&#10;        at sun.misc.Unsafe.park(Native Method)&#10;        at java.util.concurrent.locks.LockSupport.park(LockSupport.java:175)&#10;        at java.util.concurrent.locks.AbstractQueuedSynchronizer$ConditionObject.await(AbstractQueuedSynchronizer.java:2039)&#10;        at java.util.concurrent.ArrayBlockingQueue.take(ArrayBlockingQueue.java:403)&#10;        at java.util.concurrent.ThreadPoolExecutor.getTask(ThreadPoolExecutor.java:1074)&#10;        at java.util.concurrent.ThreadPoolExecutor.runWorker(ThreadPoolExecutor.java:1134)&#10;        at java.util.concurrent.ThreadPoolExecutor$Worker.run(ThreadPoolExecutor.java:624)&#10;        at java.lang.Thread.run(Thread.java:748)&#10;&quot;pool-36-thread-23&quot;  prio=5 tid=304 in Object.wait()&#10;java.lang.Thread.State: WAITING (on object monitor)&#10;        at sun.misc.Unsafe.park(Native Method)&#10;        at java.util.concurrent.locks.LockSupport.park(LockSupport.java:175)&#10;        at java.util.concurrent.locks.AbstractQueuedSynchronizer$ConditionObject.await(AbstractQueuedSynchronizer.java:2039)&#10;        at java.util.concurrent.ArrayBlockingQueue.take(ArrayBlockingQueue.java:403)&#10;        at java.util.concurrent.ThreadPoolExecutor.getTask(ThreadPoolExecutor.java:1074)&#10;        at java.util.concurrent.ThreadPoolExecutor.runWorker(ThreadPoolExecutor.java:1134)&#10;        at java.util.concurrent.ThreadPoolExecutor$Worker.run(ThreadPoolExecutor.java:624)&#10;        at java.lang.Thread.run(Thread.java:748)&#10;&quot;pool-36-thread-1&quot;  prio=5 tid=260 in Object.wait()&#10;java.lang.Thread.State: WAITING (on object monitor)&#10;        at sun.misc.Unsafe.park(Native Method)&#10;        at java.util.concurrent.locks.LockSupport.park(LockSupport.java:175)&#10;        at java.util.concurrent.locks.AbstractQueuedSynchronizer$ConditionObject.await(AbstractQueuedSynchronizer.java:2039)&#10;        at java.util.concurrent.ArrayBlockingQueue.take(ArrayBlockingQueue.java:403)&#10;        at java.util.concurrent.ThreadPoolExecutor.getTask(ThreadPoolExecutor.java:1074)&#10;        at java.util.concurrent.ThreadPoolExecutor.runWorker(ThreadPoolExecutor.java:1134)&#10;        at java.util.concurrent.ThreadPoolExecutor$Worker.run(ThreadPoolExecutor.java:624)&#10;        at java.lang.Thread.run(Thread.java:748)&#10;&quot;pool-46-thread-27&quot;  prio=5 tid=406 in Object.wait()&#10;java.lang.Thread.State: WAITING (on object monitor)&#10;        at sun.misc.Unsafe.park(Native Method)&#10;        at java.util.concurrent.locks.LockSupport.park(LockSupport.java:175)&#10;        at java.util.concurrent.locks.AbstractQueuedSynchronizer$ConditionObject.await(AbstractQueuedSynchronizer.java:2039)&#10;        at java.util.concurrent.ArrayBlockingQueue.take(ArrayBlockingQueue.java:403)&#10;        at java.util.concurrent.ThreadPoolExecutor.getTask(ThreadPoolExecutor.java:1074)&#10;        at java.util.concurrent.ThreadPoolExecutor.runWorker(ThreadPoolExecutor.java:1134)&#10;        at java.util.concurrent.ThreadPoolExecutor$Worker.run(ThreadPoolExecutor.java:624)&#10;        at java.lang.Thread.run(Thread.java:748)&#10;&quot;IPC Server handler 18 on 38234&quot; daemon prio=5 tid=133 timed_waiting&#10;java.lang.Thread.State: TIMED_WAITING&#10;        at sun.misc.Unsafe.park(Native Method)&#10;        at java.util.concurrent.locks.LockSupport.parkNanos(LockSupport.java:215)&#10;        at java.util.concurrent.locks.AbstractQueuedSynchronizer$ConditionObject.awaitNanos(AbstractQueuedSynchronizer.java:2078)&#10;        at java.util.concurrent.LinkedBlockingQueue.poll(LinkedBlockingQueue.java:467)&#10;        at org.apache.hadoop.ipc.CallQueueManager.take(CallQueueManager.java:288)&#10;        at org.apache.hadoop.ipc.Server$Handler.run(Server.java:2668)&#10;&quot;pool-46-thread-28&quot;  prio=5 tid=407 in Object.wait()&#10;java.lang.Thread.State: WAITING (on object monitor)&#10;        at sun.misc.Unsafe.park(Native Method)&#10;        at java.util.concurrent.locks.LockSupport.park(LockSupport.java:175)&#10;        at java.util.concurrent.locks.AbstractQueuedSynchronizer$ConditionObject.await(AbstractQueuedSynchronizer.java:2039)&#10;        at java.util.concurrent.ArrayBlockingQueue.take(ArrayBlockingQueue.java:403)&#10;        at java.util.concurrent.ThreadPoolExecutor.getTask(ThreadPoolExecutor.java:1074)&#10;        at java.util.concurrent.ThreadPoolExecutor.runWorker(ThreadPoolExecutor.java:1134)&#10;        at java.util.concurrent.ThreadPoolExecutor$Worker.run(ThreadPoolExecutor.java:624)&#10;        at java.lang.Thread.run(Thread.java:748)&#10;&quot;refreshUsed-/workdir/hadoop-ozone/integration-test/target/test-dir/MiniOzoneClusterImpl-6c8aceb3-2805-42ee-9a98-c3760435b865/datanode-2/data/containers&quot; daemon prio=5 tid=208 timed_waiting&#10;java.lang.Thread.State: TIMED_WAITING&#10;        at java.lang.Thread.sleep(Native Method)&#10;        at org.apache.hadoop.fs.CachingGetSpaceUsed$RefreshThread.run(CachingGetSpaceUsed.java:179)&#10;        at java.lang.Thread.run(Thread.java:748)&#10;&quot;pool-26-thread-46&quot;  prio=5 tid=351 in Object.wait()&#10;java.lang.Thread.State: WAITING (on object monitor)&#10;        at sun.misc.Unsafe.park(Native Method)&#10;        at java.util.concurrent.locks.LockSupport.park(LockSupport.java:175)&#10;        at java.util.concurrent.locks.AbstractQueuedSynchronizer$ConditionObject.await(AbstractQueuedSynchronizer.java:2039)&#10;        at java.util.concurrent.ArrayBlockingQueue.take(ArrayBlockingQueue.java:403)&#10;        at java.util.concurrent.ThreadPoolExecutor.getTask(ThreadPoolExecutor.java:1074)&#10;        at java.util.concurrent.ThreadPoolExecutor.runWorker(ThreadPoolExecutor.java:1134)&#10;        at java.util.concurrent.ThreadPoolExecutor$Worker.run(ThreadPoolExecutor.java:624)&#10;        at java.lang.Thread.run(Thread.java:748)&#10;&quot;EventQueue-ContainerReportForContainerReportHandler&quot; daemon prio=5 tid=511 in Object.wait()&#10;java.lang.Thread.State: WAITING (on object monitor)&#10;        at sun.misc.Unsafe.park(Native Method)&#10;        at java.util.concurrent.locks.LockSupport.park(LockSupport.java:175)&#10;        at java.util.concurrent.locks.AbstractQueuedSynchronizer$ConditionObject.await(AbstractQueuedSynchronizer.java:2039)&#10;        at java.util.concurrent.LinkedBlockingQueue.take(LinkedBlockingQueue.java:442)&#10;        at java.util.concurrent.ThreadPoolExecutor.getTask(ThreadPoolExecutor.java:1074)&#10;        at java.util.concurrent.ThreadPoolExecutor.runWorker(ThreadPoolExecutor.java:1134)&#10;        at java.util.concurrent.ThreadPoolExecutor$Worker.run(ThreadPoolExecutor.java:624)&#10;        at java.lang.Thread.run(Thread.java:748)&#10;&quot;pool-46-thread-3&quot;  prio=5 tid=382 in Object.wait()&#10;java.lang.Thread.State: WAITING (on object monitor)&#10;        at sun.misc.Unsafe.park(Native Method)&#10;        at java.util.concurrent.locks.LockSupport.park(LockSupport.java:175)&#10;        at java.util.concurrent.locks.AbstractQueuedSynchronizer$ConditionObject.await(AbstractQueuedSynchronizer.java:2039)&#10;        at java.util.concurrent.ArrayBlockingQueue.take(ArrayBlockingQueue.java:403)&#10;        at java.util.concurrent.ThreadPoolExecutor.getTask(ThreadPoolExecutor.java:1074)&#10;        at java.util.concurrent.ThreadPoolExecutor.runWorker(ThreadPoolExecutor.java:1134)&#10;        at java.util.concurrent.ThreadPoolExecutor$Worker.run(ThreadPoolExecutor.java:624)&#10;        at java.lang.Thread.run(Thread.java:748)&#10;&quot;qtp1080561710-159&quot; daemon prio=5 tid=159 runnable&#10;java.lang.Thread.State: RUNNABLE&#10;        at sun.nio.ch.EPollArrayWrapper.epollWait(Native Method)&#10;        at sun.nio.ch.EPollArrayWrapper.poll(EPollArrayWrapper.java:269)&#10;        at sun.nio.ch.EPollSelectorImpl.doSelect(EPollSelectorImpl.java:93)&#10;        at sun.nio.ch.SelectorImpl.lockAndDoSelect(SelectorImpl.java:86)&#10;        at sun.nio.ch.SelectorImpl.select(SelectorImpl.java:97)&#10;        at sun.nio.ch.SelectorImpl.select(SelectorImpl.java:101)&#10;        at org.eclipse.jetty.io.ManagedSelector$SelectorProducer.select(ManagedSelector.java:243)&#10;        at org.eclipse.jetty.io.ManagedSelector$SelectorProducer.produce(ManagedSelector.java:191)&#10;        at org.eclipse.jetty.util.thread.strategy.ExecuteProduceConsume.executeProduceConsume(ExecuteProduceConsume.java:249)&#10;        at org.eclipse.jetty.util.thread.strategy.ExecuteProduceConsume.produceConsume(ExecuteProduceConsume.java:148)&#10;        at org.eclipse.jetty.util.thread.strategy.ExecuteProduceConsume.execute(ExecuteProduceConsume.java:100)&#10;        at org.eclipse.jetty.io.ManagedSelector.run(ManagedSelector.java:147)&#10;        at org.eclipse.jetty.util.thread.QueuedThreadPool.runJob(QueuedThreadPool.java:671)&#10;        at org.eclipse.jetty.util.thread.QueuedThreadPool$2.run(QueuedThreadPool.java:589)&#10;        at java.lang.Thread.run(Thread.java:748)&#10;&quot;grpc-default-worker-ELG-3-4&quot; daemon prio=5 tid=522 runnable&#10;java.lang.Thread.State: RUNNABLE&#10;        at sun.nio.ch.EPollArrayWrapper.epollWait(Native Method)&#10;        at sun.nio.ch.EPollArrayWrapper.poll(EPollArrayWrapper.java:269)&#10;        at sun.nio.ch.EPollSelectorImpl.doSelect(EPollSelectorImpl.java:93)&#10;        at sun.nio.ch.SelectorImpl.lockAndDoSelect(SelectorImpl.java:86)&#10;        at sun.nio.ch.SelectorImpl.select(SelectorImpl.java:97)&#10;        at org.apache.ratis.thirdparty.io.netty.channel.nio.SelectedSelectionKeySetSelector.select(SelectedSelectionKeySetSelector.java:62)&#10;        at org.apache.ratis.thirdparty.io.netty.channel.nio.NioEventLoop.select(NioEventLoop.java:753)&#10;        at org.apache.ratis.thirdparty.io.netty.channel.nio.NioEventLoop.run(NioEventLoop.java:408)&#10;        at org.apache.ratis.thirdparty.io.netty.util.concurrent.SingleThreadEventExecutor$5.run(SingleThreadEventExecutor.java:897)&#10;        at org.apache.ratis.thirdparty.io.netty.util.concurrent.FastThreadLocalRunnable.run(FastThreadLocalRunnable.java:30)&#10;        at java.lang.Thread.run(Thread.java:748)&#10;&quot;pool-56-thread-46&quot;  prio=5 tid=485 in Object.wait()&#10;java.lang.Thread.State: WAITING (on object monitor)&#10;        at sun.misc.Unsafe.park(Native Method)&#10;        at java.util.concurrent.locks.LockSupport.park(LockSupport.java:175)&#10;        at java.util.concurrent.locks.AbstractQueuedSynchronizer$ConditionObject.await(AbstractQueuedSynchronizer.java:2039)&#10;        at java.util.concurrent.ArrayBlockingQueue.take(ArrayBlockingQueue.java:403)&#10;        at java.util.concurrent.ThreadPoolExecutor.getTask(ThreadPoolExecutor.java:1074)&#10;        at java.util.concurrent.ThreadPoolExecutor.runWorker(ThreadPoolExecutor.java:1134)&#10;        at java.util.concurrent.ThreadPoolExecutor$Worker.run(ThreadPoolExecutor.java:624)&#10;        at java.lang.Thread.run(Thread.java:748)&#10;&quot;pool-56-thread-40&quot;  prio=5 tid=479 in Object.wait()&#10;java.lang.Thread.State: WAITING (on object monitor)&#10;        at sun.misc.Unsafe.park(Native Method)&#10;        at java.util.concurrent.locks.LockSupport.park(LockSupport.java:175)&#10;        at java.util.concurrent.locks.AbstractQueuedSynchronizer$ConditionObject.await(AbstractQueuedSynchronizer.java:2039)&#10;        at java.util.concurrent.ArrayBlockingQueue.take(ArrayBlockingQueue.java:403)&#10;        at java.util.concurrent.ThreadPoolExecutor.getTask(ThreadPoolExecutor.java:1074)&#10;        at java.util.concurrent.ThreadPoolExecutor.runWorker(ThreadPoolExecutor.java:1134)&#10;        at java.util.concurrent.ThreadPoolExecutor$Worker.run(ThreadPoolExecutor.java:624)&#10;        at java.lang.Thread.run(Thread.java:748)&#10;&quot;CommandWatcher-LeaseManager#LeaseMonitor&quot; daemon prio=5 tid=28 timed_waiting&#10;java.lang.Thread.State: TIMED_WAITING&#10;        at java.lang.Thread.sleep(Native Method)&#10;        at org.apache.hadoop.ozone.lease.LeaseManager$LeaseMonitor.run(LeaseManager.java:234)&#10;        at java.lang.Thread.run(Thread.java:748)&#10;&quot;pool-46-thread-8&quot;  prio=5 tid=387 in Object.wait()&#10;java.lang.Thread.State: WAITING (on object monitor)&#10;        at sun.misc.Unsafe.park(Native Method)&#10;        at java.util.concurrent.locks.LockSupport.park(LockSupport.java:175)&#10;        at java.util.concurrent.locks.AbstractQueuedSynchronizer$ConditionObject.await(AbstractQueuedSynchronizer.java:2039)&#10;        at java.util.concurrent.ArrayBlockingQueue.take(ArrayBlockingQueue.java:403)&#10;        at java.util.concurrent.ThreadPoolExecutor.getTask(ThreadPoolExecutor.java:1074)&#10;        at java.util.concurrent.ThreadPoolExecutor.runWorker(ThreadPoolExecutor.java:1134)&#10;        at java.util.concurrent.ThreadPoolExecutor$Worker.run(ThreadPoolExecutor.java:624)&#10;        at java.lang.Thread.run(Thread.java:748)&#10;&quot;qtp292890110-245&quot; daemon prio=5 tid=245 timed_waiting&#10;java.lang.Thread.State: TIMED_WAITING&#10;        at sun.misc.Unsafe.park(Native Method)&#10;        at java.util.concurrent.locks.LockSupport.parkNanos(LockSupport.java:215)&#10;        at java.util.concurrent.locks.AbstractQueuedSynchronizer$ConditionObject.awaitNanos(AbstractQueuedSynchronizer.java:2078)&#10;        at org.eclipse.jetty.util.BlockingArrayQueue.poll(BlockingArrayQueue.java:392)&#10;        at org.eclipse.jetty.util.thread.QueuedThreadPool.idleJobPoll(QueuedThreadPool.java:563)&#10;        at org.eclipse.jetty.util.thread.QueuedThreadPool.access$800(QueuedThreadPool.java:48)&#10;        at org.eclipse.jetty.util.thread.QueuedThreadPool$2.run(QueuedThreadPool.java:626)&#10;        at java.lang.Thread.run(Thread.java:748)&#10;&quot;pool-26-thread-7&quot;  prio=5 tid=273 in Object.wait()&#10;java.lang.Thread.State: WAITING (on object monitor)&#10;        at sun.misc.Unsafe.park(Native Method)&#10;        at java.util.concurrent.locks.LockSupport.park(LockSupport.java:175)&#10;        at java.util.concurrent.locks.AbstractQueuedSynchronizer$ConditionObject.await(AbstractQueuedSynchronizer.java:2039)&#10;        at java.util.concurrent.ArrayBlockingQueue.take(ArrayBlockingQueue.java:403)&#10;        at java.util.concurrent.ThreadPoolExecutor.getTask(ThreadPoolExecutor.java:1074)&#10;        at java.util.concurrent.ThreadPoolExecutor.runWorker(ThreadPoolExecutor.java:1134)&#10;        at java.util.concurrent.ThreadPoolExecutor$Worker.run(ThreadPoolExecutor.java:624)&#10;        at java.lang.Thread.run(Thread.java:748)&#10;&quot;443b071d-6096-48d6-bfe7-498b7c8032c0@group-ACC79D924EF2-StateMachineUpdater&quot; daemon prio=5 tid=548 in Object.wait()&#10;java.lang.Thread.State: WAITING (on object monitor)&#10;        at java.lang.Object.wait(Native Method)&#10;        at java.lang.Object.wait(Object.java:502)&#10;        at org.apache.ratis.server.impl.StateMachineUpdater.waitForCommit(StateMachineUpdater.java:194)&#10;        at org.apache.ratis.server.impl.StateMachineUpdater.run(StateMachineUpdater.java:159)&#10;        at java.lang.Thread.run(Thread.java:748)&#10;&quot;pool-56-thread-7&quot;  prio=5 tid=446 in Object.wait()&#10;java.lang.Thread.State: WAITING (on object monitor)&#10;        at sun.misc.Unsafe.park(Native Method)&#10;        at java.util.concurrent.locks.LockSupport.park(LockSupport.java:175)&#10;        at java.util.concurrent.locks.AbstractQueuedSynchronizer$ConditionObject.await(AbstractQueuedSynchronizer.java:2039)&#10;        at java.util.concurrent.ArrayBlockingQueue.take(ArrayBlockingQueue.java:403)&#10;        at java.util.concurrent.ThreadPoolExecutor.getTask(ThreadPoolExecutor.java:1074)&#10;        at java.util.concurrent.ThreadPoolExecutor.runWorker(ThreadPoolExecutor.java:1134)&#10;        at java.util.concurrent.ThreadPoolExecutor$Worker.run(ThreadPoolExecutor.java:624)&#10;        at java.lang.Thread.run(Thread.java:748)&#10;&quot;org.eclipse.jetty.server.session.HashSessionManager@e9ef5b6Timer&quot; daemon prio=5 tid=168 timed_waiting&#10;java.lang.Thread.State: TIMED_WAITING&#10;        at sun.misc.Unsafe.park(Native Method)&#10;        at java.util.concurrent.locks.LockSupport.parkNanos(LockSupport.java:215)&#10;        at java.util.concurrent.locks.AbstractQueuedSynchronizer$ConditionObject.awaitNanos(AbstractQueuedSynchronizer.java:2078)&#10;        at java.util.concurrent.ScheduledThreadPoolExecutor$DelayedWorkQueue.take(ScheduledThreadPoolExecutor.java:1093)&#10;        at java.util.concurrent.ScheduledThreadPoolExecutor$DelayedWorkQueue.take(ScheduledThreadPoolExecutor.java:809)&#10;        at java.util.concurrent.ThreadPoolExecutor.getTask(ThreadPoolExecutor.java:1074)&#10;        at java.util.concurrent.ThreadPoolExecutor.runWorker(ThreadPoolExecutor.java:1134)&#10;        at java.util.concurrent.ThreadPoolExecutor$Worker.run(ThreadPoolExecutor.java:624)&#10;        at java.lang.Thread.run(Thread.java:748)&#10;&quot;IPC Server listener on 34339&quot; daemon prio=5 tid=14 runnable&#10;java.lang.Thread.State: RUNNABLE&#10;        at sun.nio.ch.EPollArrayWrapper.epollWait(Native Method)&#10;        at sun.nio.ch.EPollArrayWrapper.poll(EPollArrayWrapper.java:269)&#10;        at sun.nio.ch.EPollSelectorImpl.doSelect(EPollSelectorImpl.java:93)&#10;        at sun.nio.ch.SelectorImpl.lockAndDoSelect(SelectorImpl.java:86)&#10;        at sun.nio.ch.SelectorImpl.select(SelectorImpl.java:97)&#10;        at sun.nio.ch.SelectorImpl.select(SelectorImpl.java:101)&#10;        at org.apache.hadoop.ipc.Server$Listener.run(Server.java:1159)&#10;&quot;IPC Server handler 11 on 34339&quot; daemon prio=5 tid=80 timed_waiting&#10;java.lang.Thread.State: TIMED_WAITING&#10;        at sun.misc.Unsafe.park(Native Method)&#10;        at java.util.concurrent.locks.LockSupport.parkNanos(LockSupport.java:215)&#10;        at java.util.concurrent.locks.AbstractQueuedSynchronizer$ConditionObject.awaitNanos(AbstractQueuedSynchronizer.java:2078)&#10;        at java.util.concurrent.LinkedBlockingQueue.poll(LinkedBlockingQueue.java:467)&#10;        at org.apache.hadoop.ipc.CallQueueManager.take(CallQueueManager.java:288)&#10;        at org.apache.hadoop.ipc.Server$Handler.run(Server.java:2668)&#10;&quot;pool-46-thread-50&quot;  prio=5 tid=429 in Object.wait()&#10;java.lang.Thread.State: WAITING (on object monitor)&#10;        at sun.misc.Unsafe.park(Native Method)&#10;        at java.util.concurrent.locks.LockSupport.park(LockSupport.java:175)&#10;        at java.util.concurrent.locks.AbstractQueuedSynchronizer$ConditionObject.await(AbstractQueuedSynchronizer.java:2039)&#10;        at java.util.concurrent.ArrayBlockingQueue.take(ArrayBlockingQueue.java:403)&#10;        at java.util.concurrent.ThreadPoolExecutor.getTask(ThreadPoolExecutor.java:1074)&#10;        at java.util.concurrent.ThreadPoolExecutor.runWorker(ThreadPoolExecutor.java:1134)&#10;        at java.util.concurrent.ThreadPoolExecutor$Worker.run(ThreadPoolExecutor.java:624)&#10;        at java.lang.Thread.run(Thread.java:748)&#10;&quot;pool-26-thread-4&quot;  prio=5 tid=267 in Object.wait()&#10;java.lang.Thread.State: WAITING (on object monitor)&#10;        at sun.misc.Unsafe.park(Native Method)&#10;        at java.util.concurrent.locks.LockSupport.park(LockSupport.java:175)&#10;        at java.util.concurrent.locks.AbstractQueuedSynchronizer$ConditionObject.await(AbstractQueuedSynchronizer.java:2039)&#10;        at java.util.concurrent.ArrayBlockingQueue.take(ArrayBlockingQueue.java:403)&#10;        at java.util.concurrent.ThreadPoolExecutor.getTask(ThreadPoolExecutor.java:1074)&#10;        at java.util.concurrent.ThreadPoolExecutor.runWorker(ThreadPoolExecutor.java:1134)&#10;        at java.util.concurrent.ThreadPoolExecutor$Worker.run(ThreadPoolExecutor.java:624)&#10;        at java.lang.Thread.run(Thread.java:748)&#10;&quot;pool-46-thread-17&quot;  prio=5 tid=396 in Object.wait()&#10;java.lang.Thread.State: WAITING (on object monitor)&#10;        at sun.misc.Unsafe.park(Native Method)&#10;        at java.util.concurrent.locks.LockSupport.park(LockSupport.java:175)&#10;        at java.util.concurrent.locks.AbstractQueuedSynchronizer$ConditionObject.await(AbstractQueuedSynchronizer.java:2039)&#10;        at java.util.concurrent.ArrayBlockingQueue.take(ArrayBlockingQueue.java:403)&#10;        at java.util.concurrent.ThreadPoolExecutor.getTask(ThreadPoolExecutor.java:1074)&#10;        at java.util.concurrent.ThreadPoolExecutor.runWorker(ThreadPoolExecutor.java:1134)&#10;        at java.util.concurrent.ThreadPoolExecutor$Worker.run(ThreadPoolExecutor.java:624)&#10;        at java.lang.Thread.run(Thread.java:748)&#10;&quot;cbde3520-0cea-4357-bb04-1a0ae64b2bb1@group-7EB39FB5DF22-StateMachineUpdater&quot; daemon prio=5 tid=697 in Object.wait()&#10;java.lang.Thread.State: WAITING (on object monitor)&#10;        at java.lang.Object.wait(Native Method)&#10;        at java.lang.Object.wait(Object.java:502)&#10;        at org.apache.ratis.server.impl.StateMachineUpdater.waitForCommit(StateMachineUpdater.java:194)&#10;        at org.apache.ratis.server.impl.StateMachineUpdater.run(StateMachineUpdater.java:159)&#10;        at java.lang.Thread.run(Thread.java:748)&#10;&quot;IPC Server handler 10 on 34819&quot; daemon prio=5 tid=39 timed_waiting&#10;java.lang.Thread.State: TIMED_WAITING&#10;        at sun.misc.Unsafe.park(Native Method)&#10;        at java.util.concurrent.locks.LockSupport.parkNanos(LockSupport.java:215)&#10;        at java.util.concurrent.locks.AbstractQueuedSynchronizer$ConditionObject.awaitNanos(AbstractQueuedSynchronizer.java:2078)&#10;        at java.util.concurrent.LinkedBlockingQueue.poll(LinkedBlockingQueue.java:467)&#10;        at org.apache.hadoop.ipc.CallQueueManager.take(CallQueueManager.java:288)&#10;        at org.apache.hadoop.ipc.Server$Handler.run(Server.java:2668)&#10;&quot;Datanode ReportManager Thread - 1&quot; daemon prio=5 tid=199 in Object.wait()&#10;java.lang.Thread.State: WAITING (on object monitor)&#10;        at sun.misc.Unsafe.park(Native Method)&#10;        at java.util.concurrent.locks.LockSupport.park(LockSupport.java:175)&#10;        at java.util.concurrent.locks.AbstractQueuedSynchronizer$ConditionObject.await(AbstractQueuedSynchronizer.java:2039)&#10;        at java.util.concurrent.ScheduledThreadPoolExecutor$DelayedWorkQueue.take(ScheduledThreadPoolExecutor.java:1088)&#10;        at java.util.concurrent.ScheduledThreadPoolExecutor$DelayedWorkQueue.take(ScheduledThreadPoolExecutor.java:809)&#10;        at java.util.concurrent.ThreadPoolExecutor.getTask(ThreadPoolExecutor.java:1074)&#10;        at java.util.concurrent.ThreadPoolExecutor.runWorker(ThreadPoolExecutor.java:1134)&#10;        at java.util.concurrent.ThreadPoolExecutor$Worker.run(ThreadPoolExecutor.java:624)&#10;        at java.lang.Thread.run(Thread.java:748)&#10;&quot;Datanode ReportManager Thread - 2&quot; daemon prio=5 tid=175 in Object.wait()&#10;java.lang.Thread.State: WAITING (on object monitor)&#10;        at sun.misc.Unsafe.park(Native Method)&#10;        at java.util.concurrent.locks.LockSupport.park(LockSupport.java:175)&#10;        at java.util.concurrent.locks.AbstractQueuedSynchronizer$ConditionObject.await(AbstractQueuedSynchronizer.java:2039)&#10;        at java.util.concurrent.ScheduledThreadPoolExecutor$DelayedWorkQueue.take(ScheduledThreadPoolExecutor.java:1088)&#10;        at java.util.concurrent.ScheduledThreadPoolExecutor$DelayedWorkQueue.take(ScheduledThreadPoolExecutor.java:809)&#10;        at java.util.concurrent.ThreadPoolExecutor.getTask(ThreadPoolExecutor.java:1074)&#10;        at java.util.concurrent.ThreadPoolExecutor.runWorker(ThreadPoolExecutor.java:1134)&#10;        at java.util.concurrent.ThreadPoolExecutor$Worker.run(ThreadPoolExecutor.java:624)&#10;        at java.lang.Thread.run(Thread.java:748)&#10;&quot;Datanode ReportManager Thread - 2&quot; daemon prio=5 tid=200 in Object.wait()&#10;java.lang.Thread.State: WAITING (on object monitor)&#10;        at sun.misc.Unsafe.park(Native Method)&#10;        at java.util.concurrent.locks.LockSupport.park(LockSupport.java:175)&#10;        at java.util.concurrent.locks.AbstractQueuedSynchronizer$ConditionObject.await(AbstractQueuedSynchronizer.java:2039)&#10;        at java.util.concurrent.ScheduledThreadPoolExecutor$DelayedWorkQueue.take(ScheduledThreadPoolExecutor.java:1088)&#10;        at java.util.concurrent.ScheduledThreadPoolExecutor$DelayedWorkQueue.take(ScheduledThreadPoolExecutor.java:809)&#10;        at java.util.concurrent.ThreadPoolExecutor.getTask(ThreadPoolExecutor.java:1074)&#10;        at java.util.concurrent.ThreadPoolExecutor.runWorker(ThreadPoolExecutor.java:1134)&#10;        at java.util.concurrent.ThreadPoolExecutor$Worker.run(ThreadPoolExecutor.java:624)&#10;        at java.lang.Thread.run(Thread.java:748)&#10;&quot;metrics-hadoop-metrics2-reporter-22-thread-1&quot; daemon prio=5 tid=584 timed_waiting&#10;java.lang.Thread.State: TIMED_WAITING&#10;        at sun.misc.Unsafe.park(Native Method)&#10;        at java.util.concurrent.locks.LockSupport.parkNanos(LockSupport.java:215)&#10;        at java.util.concurrent.locks.AbstractQueuedSynchronizer$ConditionObject.awaitNanos(AbstractQueuedSynchronizer.java:2078)&#10;        at java.util.concurrent.ScheduledThreadPoolExecutor$DelayedWorkQueue.take(ScheduledThreadPoolExecutor.java:1093)&#10;        at java.util.concurrent.ScheduledThreadPoolExecutor$DelayedWorkQueue.take(ScheduledThreadPoolExecutor.java:809)&#10;        at java.util.concurrent.ThreadPoolExecutor.getTask(ThreadPoolExecutor.java:1074)&#10;        at java.util.concurrent.ThreadPoolExecutor.runWorker(ThreadPoolExecutor.java:1134)&#10;        at java.util.concurrent.ThreadPoolExecutor$Worker.run(ThreadPoolExecutor.java:624)&#10;        at java.lang.Thread.run(Thread.java:748)&#10;&quot;IPC Server handler 5 on 34819&quot; daemon prio=5 tid=34 timed_waiting&#10;java.lang.Thread.State: TIMED_WAITING&#10;        at sun.misc.Unsafe.park(Native Method)&#10;        at java.util.concurrent.locks.LockSupport.parkNanos(LockSupport.java:215)&#10;        at java.util.concurrent.locks.AbstractQueuedSynchronizer$ConditionObject.awaitNanos(AbstractQueuedSynchronizer.java:2078)&#10;        at java.util.concurrent.LinkedBlockingQueue.poll(LinkedBlockingQueue.java:467)&#10;        at org.apache.hadoop.ipc.CallQueueManager.take(CallQueueManager.java:288)&#10;        at org.apache.hadoop.ipc.Server$Handler.run(Server.java:2668)&#10;&quot;IPC Server handler 1 on 34819&quot; daemon prio=5 tid=30 timed_waiting&#10;java.lang.Thread.State: TIMED_WAITING&#10;        at sun.misc.Unsafe.park(Native Method)&#10;        at java.util.concurrent.locks.LockSupport.parkNanos(LockSupport.java:215)&#10;        at java.util.concurrent.locks.AbstractQueuedSynchronizer$ConditionObject.awaitNanos(AbstractQueuedSynchronizer.java:2078)&#10;        at java.util.concurrent.LinkedBlockingQueue.poll(LinkedBlockingQueue.java:467)&#10;        at org.apache.hadoop.ipc.CallQueueManager.take(CallQueueManager.java:288)&#10;        at org.apache.hadoop.ipc.Server$Handler.run(Server.java:2668)&#10;&quot;pool-36-thread-14&quot;  prio=5 tid=286 in Object.wait()&#10;java.lang.Thread.State: WAITING (on object monitor)&#10;        at sun.misc.Unsafe.park(Native Method)&#10;        at java.util.concurrent.locks.LockSupport.park(LockSupport.java:175)&#10;        at java.util.concurrent.locks.AbstractQueuedSynchronizer$ConditionObject.await(AbstractQueuedSynchronizer.java:2039)&#10;        at java.util.concurrent.ArrayBlockingQueue.take(ArrayBlockingQueue.java:403)&#10;        at java.util.concurrent.ThreadPoolExecutor.getTask(ThreadPoolExecutor.java:1074)&#10;        at java.util.concurrent.ThreadPoolExecutor.runWorker(ThreadPoolExecutor.java:1134)&#10;        at java.util.concurrent.ThreadPoolExecutor$Worker.run(ThreadPoolExecutor.java:624)&#10;        at java.lang.Thread.run(Thread.java:748)&#10;&quot;cbde3520-0cea-4357-bb04-1a0ae64b2bb1@group-7EB39FB5DF22-SegmentedRaftLogWorker&quot;  prio=5 tid=695 timed_waiting&#10;java.lang.Thread.State: TIMED_WAITING&#10;        at sun.misc.Unsafe.park(Native Method)&#10;        at java.util.concurrent.locks.LockSupport.parkNanos(LockSupport.java:215)&#10;        at java.util.concurrent.locks.AbstractQueuedSynchronizer$ConditionObject.awaitNanos(AbstractQueuedSynchronizer.java:2078)&#10;        at org.apache.ratis.util.DataBlockingQueue.poll(DataBlockingQueue.java:137)&#10;        at org.apache.ratis.server.raftlog.segmented.SegmentedRaftLogWorker.run(SegmentedRaftLogWorker.java:282)&#10;        at java.lang.Thread.run(Thread.java:748)&#10;&quot;pool-26-thread-48&quot;  prio=5 tid=355 in Object.wait()&#10;java.lang.Thread.State: WAITING (on object monitor)&#10;        at sun.misc.Unsafe.park(Native Method)&#10;        at java.util.concurrent.locks.LockSupport.park(LockSupport.java:175)&#10;        at java.util.concurrent.locks.AbstractQueuedSynchronizer$ConditionObject.await(AbstractQueuedSynchronizer.java:2039)&#10;        at java.util.concurrent.ArrayBlockingQueue.take(ArrayBlockingQueue.java:403)&#10;        at java.util.concurrent.ThreadPoolExecutor.getTask(ThreadPoolExecutor.java:1074)&#10;        at java.util.concurrent.ThreadPoolExecutor.runWorker(ThreadPoolExecutor.java:1134)&#10;        at java.util.concurrent.ThreadPoolExecutor$Worker.run(ThreadPoolExecutor.java:624)&#10;        at java.lang.Thread.run(Thread.java:748)&#10;&quot;pool-36-thread-46&quot;  prio=5 tid=350 in Object.wait()&#10;java.lang.Thread.State: WAITING (on object monitor)&#10;        at sun.misc.Unsafe.park(Native Method)&#10;        at java.util.concurrent.locks.LockSupport.park(LockSupport.java:175)&#10;        at java.util.concurrent.locks.AbstractQueuedSynchronizer$ConditionObject.await(AbstractQueuedSynchronizer.java:2039)&#10;        at java.util.concurrent.ArrayBlockingQueue.take(ArrayBlockingQueue.java:403)&#10;        at java.util.concurrent.ThreadPoolExecutor.getTask(ThreadPoolExecutor.java:1074)&#10;        at java.util.concurrent.ThreadPoolExecutor.runWorker(ThreadPoolExecutor.java:1134)&#10;        at java.util.concurrent.ThreadPoolExecutor$Worker.run(ThreadPoolExecutor.java:624)&#10;        at java.lang.Thread.run(Thread.java:748)&#10;&quot;metrics-hadoop-metrics2-reporter-32-thread-1&quot; daemon prio=5 tid=616 timed_waiting&#10;java.lang.Thread.State: TIMED_WAITING&#10;        at sun.misc.Unsafe.park(Native Method)&#10;        at java.util.concurrent.locks.LockSupport.parkNanos(LockSupport.java:215)&#10;        at java.util.concurrent.locks.AbstractQueuedSynchronizer$ConditionObject.awaitNanos(AbstractQueuedSynchronizer.java:2078)&#10;        at java.util.concurrent.ScheduledThreadPoolExecutor$DelayedWorkQueue.take(ScheduledThreadPoolExecutor.java:1093)&#10;        at java.util.concurrent.ScheduledThreadPoolExecutor$DelayedWorkQueue.take(ScheduledThreadPoolExecutor.java:809)&#10;        at java.util.concurrent.ThreadPoolExecutor.getTask(ThreadPoolExecutor.java:1074)&#10;        at java.util.concurrent.ThreadPoolExecutor.runWorker(ThreadPoolExecutor.java:1134)&#10;        at java.util.concurrent.ThreadPoolExecutor$Worker.run(ThreadPoolExecutor.java:624)&#10;        at java.lang.Thread.run(Thread.java:748)&#10;&quot;org.eclipse.jetty.server.session.HashSessionManager@7cedfa63Timer&quot; daemon prio=5 tid=146 timed_waiting&#10;java.lang.Thread.State: TIMED_WAITING&#10;        at sun.misc.Unsafe.park(Native Method)&#10;        at java.util.concurrent.locks.LockSupport.parkNanos(LockSupport.java:215)&#10;        at java.util.concurrent.locks.AbstractQueuedSynchronizer$ConditionObject.awaitNanos(AbstractQueuedSynchronizer.java:2078)&#10;        at java.util.concurrent.ScheduledThreadPoolExecutor$DelayedWorkQueue.take(ScheduledThreadPoolExecutor.java:1093)&#10;        at java.util.concurrent.ScheduledThreadPoolExecutor$DelayedWorkQueue.take(ScheduledThreadPoolExecutor.java:809)&#10;        at java.util.concurrent.ThreadPoolExecutor.getTask(ThreadPoolExecutor.java:1074)&#10;        at java.util.concurrent.ThreadPoolExecutor.runWorker(ThreadPoolExecutor.java:1134)&#10;        at java.util.concurrent.ThreadPoolExecutor$Worker.run(ThreadPoolExecutor.java:624)&#10;        at java.lang.Thread.run(Thread.java:748)&#10;&quot;443b071d-6096-48d6-bfe7-498b7c8032c0@group-ACC79D924EF2-SegmentedRaftLogWorker&quot;  prio=5 tid=547 timed_waiting&#10;java.lang.Thread.State: TIMED_WAITING&#10;        at sun.misc.Unsafe.park(Native Method)&#10;        at java.util.concurrent.locks.LockSupport.parkNanos(LockSupport.java:215)&#10;        at java.util.concurrent.locks.AbstractQueuedSynchronizer$ConditionObject.awaitNanos(AbstractQueuedSynchronizer.java:2078)&#10;        at org.apache.ratis.util.DataBlockingQueue.poll(DataBlockingQueue.java:137)&#10;        at org.apache.ratis.server.raftlog.segmented.SegmentedRaftLogWorker.run(SegmentedRaftLogWorker.java:282)&#10;        at java.lang.Thread.run(Thread.java:748)&#10;&quot;qtp707892422-192&quot; daemon prio=5 tid=192 timed_waiting&#10;java.lang.Thread.State: TIMED_WAITING&#10;        at sun.misc.Unsafe.park(Native Method)&#10;        at java.util.concurrent.locks.LockSupport.parkNanos(LockSupport.java:215)&#10;        at java.util.concurrent.locks.AbstractQueuedSynchronizer$ConditionObject.awaitNanos(AbstractQueuedSynchronizer.java:2078)&#10;        at org.eclipse.jetty.util.BlockingArrayQueue.poll(BlockingArrayQueue.java:392)&#10;        at org.eclipse.jetty.util.thread.QueuedThreadPool.idleJobPoll(QueuedThreadPool.java:563)&#10;        at org.eclipse.jetty.util.thread.QueuedThreadPool.access$800(QueuedThreadPool.java:48)&#10;        at org.eclipse.jetty.util.thread.QueuedThreadPool$2.run(QueuedThreadPool.java:626)&#10;        at java.lang.Thread.run(Thread.java:748)&#10;&quot;qtp206310209-138&quot; daemon prio=5 tid=138 timed_waiting&#10;java.lang.Thread.State: TIMED_WAITING&#10;        at sun.misc.Unsafe.park(Native Method)&#10;        at java.util.concurrent.locks.LockSupport.parkNanos(LockSupport.java:215)&#10;        at java.util.concurrent.locks.AbstractQueuedSynchronizer$ConditionObject.awaitNanos(AbstractQueuedSynchronizer.java:2078)&#10;        at org.eclipse.jetty.util.BlockingArrayQueue.poll(BlockingArrayQueue.java:392)&#10;        at org.eclipse.jetty.util.thread.QueuedThreadPool.idleJobPoll(QueuedThreadPool.java:563)&#10;        at org.eclipse.jetty.util.thread.QueuedThreadPool.access$800(QueuedThreadPool.java:48)&#10;        at org.eclipse.jetty.util.thread.QueuedThreadPool$2.run(QueuedThreadPool.java:626)&#10;        at java.lang.Thread.run(Thread.java:748)&#10;&quot;Datanode ReportManager Thread - 0&quot; daemon prio=5 tid=225 in Object.wait()&#10;java.lang.Thread.State: WAITING (on object monitor)&#10;        at sun.misc.Unsafe.park(Native Method)&#10;        at java.util.concurrent.locks.LockSupport.park(LockSupport.java:175)&#10;        at java.util.concurrent.locks.AbstractQueuedSynchronizer$ConditionObject.await(AbstractQueuedSynchronizer.java:2039)&#10;        at java.util.concurrent.ScheduledThreadPoolExecutor$DelayedWorkQueue.take(ScheduledThreadPoolExecutor.java:1088)&#10;        at java.util.concurrent.ScheduledThreadPoolExecutor$DelayedWorkQueue.take(ScheduledThreadPoolExecutor.java:809)&#10;        at java.util.concurrent.ThreadPoolExecutor.getTask(ThreadPoolExecutor.java:1074)&#10;        at java.util.concurrent.ThreadPoolExecutor.runWorker(ThreadPoolExecutor.java:1134)&#10;        at java.util.concurrent.ThreadPoolExecutor$Worker.run(ThreadPoolExecutor.java:624)&#10;        at java.lang.Thread.run(Thread.java:748)&#10;&quot;IPC Server handler 15 on 34819&quot; daemon prio=5 tid=44 timed_waiting&#10;java.lang.Thread.State: TIMED_WAITING&#10;        at sun.misc.Unsafe.park(Native Method)&#10;        at java.util.concurrent.locks.LockSupport.parkNanos(LockSupport.java:215)&#10;        at java.util.concurrent.locks.AbstractQueuedSynchronizer$ConditionObject.awaitNanos(AbstractQueuedSynchronizer.java:2078)&#10;        at java.util.concurrent.LinkedBlockingQueue.poll(LinkedBlockingQueue.java:467)&#10;        at org.apache.hadoop.ipc.CallQueueManager.take(CallQueueManager.java:288)&#10;        at org.apache.hadoop.ipc.Server$Handler.run(Server.java:2668)&#10;&quot;pool-36-thread-29&quot;  prio=5 tid=316 in Object.wait()&#10;java.lang.Thread.State: WAITING (on object monitor)&#10;        at sun.misc.Unsafe.park(Native Method)&#10;        at java.util.concurrent.locks.LockSupport.park(LockSupport.java:175)&#10;        at java.util.concurrent.locks.AbstractQueuedSynchronizer$ConditionObject.await(AbstractQueuedSynchronizer.java:2039)&#10;        at java.util.concurrent.ArrayBlockingQueue.take(ArrayBlockingQueue.java:403)&#10;        at java.util.concurrent.ThreadPoolExecutor.getTask(ThreadPoolExecutor.java:1074)&#10;        at java.util.concurrent.ThreadPoolExecutor.runWorker(ThreadPoolExecutor.java:1134)&#10;        at java.util.concurrent.ThreadPoolExecutor$Worker.run(ThreadPoolExecutor.java:624)&#10;        at java.lang.Thread.run(Thread.java:748)&#10;&quot;443b071d-6096-48d6-bfe7-498b7c8032c0@group-7EB39FB5DF22-StateMachineUpdater&quot; daemon prio=5 tid=696 in Object.wait()&#10;java.lang.Thread.State: WAITING (on object monitor)&#10;        at java.lang.Object.wait(Native Method)&#10;        at java.lang.Object.wait(Object.java:502)&#10;        at org.apache.ratis.server.impl.StateMachineUpdater.waitForCommit(StateMachineUpdater.java:194)&#10;        at org.apache.ratis.server.impl.StateMachineUpdater.run(StateMachineUpdater.java:159)&#10;        at java.lang.Thread.run(Thread.java:748)&#10;&quot;grpc-default-boss-ELG-1-1&quot; daemon prio=5 tid=500 runnable&#10;java.lang.Thread.State: RUNNABLE&#10;        at sun.nio.ch.EPollArrayWrapper.epollWait(Native Method)&#10;        at sun.nio.ch.EPollArrayWrapper.poll(EPollArrayWrapper.java:269)&#10;        at sun.nio.ch.EPollSelectorImpl.doSelect(EPollSelectorImpl.java:93)&#10;        at sun.nio.ch.SelectorImpl.lockAndDoSelect(SelectorImpl.java:86)&#10;        at sun.nio.ch.SelectorImpl.select(SelectorImpl.java:97)&#10;        at org.apache.ratis.thirdparty.io.netty.channel.nio.SelectedSelectionKeySetSelector.select(SelectedSelectionKeySetSelector.java:62)&#10;        at org.apache.ratis.thirdparty.io.netty.channel.nio.NioEventLoop.select(NioEventLoop.java:753)&#10;        at org.apache.ratis.thirdparty.io.netty.channel.nio.NioEventLoop.run(NioEventLoop.java:408)&#10;        at org.apache.ratis.thirdparty.io.netty.util.concurrent.SingleThreadEventExecutor$5.run(SingleThreadEventExecutor.java:897)&#10;        at org.apache.ratis.thirdparty.io.netty.util.concurrent.FastThreadLocalRunnable.run(FastThreadLocalRunnable.java:30)&#10;        at java.lang.Thread.run(Thread.java:748)&#10;&quot;pool-26-thread-31&quot;  prio=5 tid=321 in Object.wait()&#10;java.lang.Thread.State: WAITING (on object monitor)&#10;        at sun.misc.Unsafe.park(Native Method)&#10;        at java.util.concurrent.locks.LockSupport.park(LockSupport.java:175)&#10;        at java.util.concurrent.locks.AbstractQueuedSynchronizer$ConditionObject.await(AbstractQueuedSynchronizer.java:2039)&#10;        at java.util.concurrent.ArrayBlockingQueue.take(ArrayBlockingQueue.java:403)&#10;        at java.util.concurrent.ThreadPoolExecutor.getTask(ThreadPoolExecutor.java:1074)&#10;        at java.util.concurrent.ThreadPoolExecutor.runWorker(ThreadPoolExecutor.java:1134)&#10;        at java.util.concurrent.ThreadPoolExecutor$Worker.run(ThreadPoolExecutor.java:624)&#10;        at java.lang.Thread.run(Thread.java:748)&#10;&quot;Datanode ReportManager Thread - 1&quot; daemon prio=5 tid=253 in Object.wait()&#10;java.lang.Thread.State: WAITING (on object monitor)&#10;        at sun.misc.Unsafe.park(Native Method)&#10;        at java.util.concurrent.locks.LockSupport.park(LockSupport.java:175)&#10;        at java.util.concurrent.locks.AbstractQueuedSynchronizer$ConditionObject.await(AbstractQueuedSynchronizer.java:2039)&#10;        at java.util.concurrent.ScheduledThreadPoolExecutor$DelayedWorkQueue.take(ScheduledThreadPoolExecutor.java:1088)&#10;        at java.util.concurrent.ScheduledThreadPoolExecutor$DelayedWorkQueue.take(ScheduledThreadPoolExecutor.java:809)&#10;        at java.util.concurrent.ThreadPoolExecutor.getTask(ThreadPoolExecutor.java:1074)&#10;        at java.util.concurrent.ThreadPoolExecutor.runWorker(ThreadPoolExecutor.java:1134)&#10;        at java.util.concurrent.ThreadPoolExecutor$Worker.run(ThreadPoolExecutor.java:624)&#10;        at java.lang.Thread.run(Thread.java:748)&#10;&quot;pool-56-thread-32&quot;  prio=5 tid=471 in Object.wait()&#10;java.lang.Thread.State: WAITING (on object monitor)&#10;        at sun.misc.Unsafe.park(Native Method)&#10;        at java.util.concurrent.locks.LockSupport.park(LockSupport.java:175)&#10;        at java.util.concurrent.locks.AbstractQueuedSynchronizer$ConditionObject.await(AbstractQueuedSynchronizer.java:2039)&#10;        at java.util.concurrent.ArrayBlockingQueue.take(ArrayBlockingQueue.java:403)&#10;        at java.util.concurrent.ThreadPoolExecutor.getTask(ThreadPoolExecutor.java:1074)&#10;        at java.util.concurrent.ThreadPoolExecutor.runWorker(ThreadPoolExecutor.java:1134)&#10;        at java.util.concurrent.ThreadPoolExecutor$Worker.run(ThreadPoolExecutor.java:624)&#10;        at java.lang.Thread.run(Thread.java:748)&#10;&quot;pool-46-thread-12&quot;  prio=5 tid=391 in Object.wait()&#10;java.lang.Thread.State: WAITING (on object monitor)&#10;        at sun.misc.Unsafe.park(Native Method)&#10;        at java.util.concurrent.locks.LockSupport.park(LockSupport.java:175)&#10;        at java.util.concurrent.locks.AbstractQueuedSynchronizer$ConditionObject.await(AbstractQueuedSynchronizer.java:2039)&#10;        at java.util.concurrent.ArrayBlockingQueue.take(ArrayBlockingQueue.java:403)&#10;        at java.util.concurrent.ThreadPoolExecutor.getTask(ThreadPoolExecutor.java:1074)&#10;        at java.util.concurrent.ThreadPoolExecutor.runWorker(ThreadPoolExecutor.java:1134)&#10;        at java.util.concurrent.ThreadPoolExecutor$Worker.run(ThreadPoolExecutor.java:624)&#10;        at java.lang.Thread.run(Thread.java:748)&#10;&quot;pool-36-thread-58&quot;  prio=5 tid=375 in Object.wait()&#10;java.lang.Thread.State: WAITING (on object monitor)&#10;        at sun.misc.Unsafe.park(Native Method)&#10;        at java.util.concurrent.locks.LockSupport.park(LockSupport.java:175)&#10;        at java.util.concurrent.locks.AbstractQueuedSynchronizer$ConditionObject.await(AbstractQueuedSynchronizer.java:2039)&#10;        at java.util.concurrent.ArrayBlockingQueue.take(ArrayBlockingQueue.java:403)&#10;        at java.util.concurrent.ThreadPoolExecutor.getTask(ThreadPoolExecutor.java:1074)&#10;        at java.util.concurrent.ThreadPoolExecutor.runWorker(ThreadPoolExecutor.java:1134)&#10;        at java.util.concurrent.ThreadPoolExecutor$Worker.run(ThreadPoolExecutor.java:624)&#10;        at java.lang.Thread.run(Thread.java:748)&#10;&quot;pool-36-thread-7&quot;  prio=5 tid=272 in Object.wait()&#10;java.lang.Thread.State: WAITING (on object monitor)&#10;        at sun.misc.Unsafe.park(Native Method)&#10;        at java.util.concurrent.locks.LockSupport.park(LockSupport.java:175)&#10;        at java.util.concurrent.locks.AbstractQueuedSynchronizer$ConditionObject.await(AbstractQueuedSynchronizer.java:2039)&#10;        at java.util.concurrent.ArrayBlockingQueue.take(ArrayBlockingQueue.java:403)&#10;        at java.util.concurrent.ThreadPoolExecutor.getTask(ThreadPoolExecutor.java:1074)&#10;        at java.util.concurrent.ThreadPoolExecutor.runWorker(ThreadPoolExecutor.java:1134)&#10;        at java.util.concurrent.ThreadPoolExecutor$Worker.run(ThreadPoolExecutor.java:624)&#10;        at java.lang.Thread.run(Thread.java:748)&#10;&quot;pool-56-thread-8&quot;  prio=5 tid=447 in Object.wait()&#10;java.lang.Thread.State: WAITING (on object monitor)&#10;        at sun.misc.Unsafe.park(Native Method)&#10;        at java.util.concurrent.locks.LockSupport.park(LockSupport.java:175)&#10;        at java.util.concurrent.locks.AbstractQueuedSynchronizer$ConditionObject.await(AbstractQueuedSynchronizer.java:2039)&#10;        at java.util.concurrent.ArrayBlockingQueue.take(ArrayBlockingQueue.java:403)&#10;        at java.util.concurrent.ThreadPoolExecutor.getTask(ThreadPoolExecutor.java:1074)&#10;        at java.util.concurrent.ThreadPoolExecutor.runWorker(ThreadPoolExecutor.java:1134)&#10;        at java.util.concurrent.ThreadPoolExecutor$Worker.run(ThreadPoolExecutor.java:624)&#10;        at java.lang.Thread.run(Thread.java:748)&#10;&quot;IPC Server handler 13 on 38234&quot; daemon prio=5 tid=128 timed_waiting&#10;java.lang.Thread.State: TIMED_WAITING&#10;        at sun.misc.Unsafe.park(Native Method)&#10;        at java.util.concurrent.locks.LockSupport.parkNanos(LockSupport.java:215)&#10;        at java.util.concurrent.locks.AbstractQueuedSynchronizer$ConditionObject.awaitNanos(AbstractQueuedSynchronizer.java:2078)&#10;        at java.util.concurrent.LinkedBlockingQueue.poll(LinkedBlockingQueue.java:467)&#10;        at org.apache.hadoop.ipc.CallQueueManager.take(CallQueueManager.java:288)&#10;        at org.apache.hadoop.ipc.Server$Handler.run(Server.java:2668)&#10;&quot;jaeger.RemoteReporter-FlushTimer&quot; daemon prio=5 tid=148 timed_waiting&#10;java.lang.Thread.State: TIMED_WAITING&#10;        at java.lang.Object.wait(Native Method)&#10;        at java.util.TimerThread.mainLoop(Timer.java:552)&#10;        at java.util.TimerThread.run(Timer.java:505)&#10;&quot;pool-56-thread-39&quot;  prio=5 tid=478 in Object.wait()&#10;java.lang.Thread.State: WAITING (on object monitor)&#10;        at sun.misc.Unsafe.park(Native Method)&#10;        at java.util.concurrent.locks.LockSupport.park(LockSupport.java:175)&#10;        at java.util.concurrent.locks.AbstractQueuedSynchronizer$ConditionObject.await(AbstractQueuedSynchronizer.java:2039)&#10;        at java.util.concurrent.ArrayBlockingQueue.take(ArrayBlockingQueue.java:403)&#10;        at java.util.concurrent.ThreadPoolExecutor.getTask(ThreadPoolExecutor.java:1074)&#10;        at java.util.concurrent.ThreadPoolExecutor.runWorker(ThreadPoolExecutor.java:1134)&#10;        at java.util.concurrent.ThreadPoolExecutor$Worker.run(ThreadPoolExecutor.java:624)&#10;        at java.lang.Thread.run(Thread.java:748)&#10;&quot;pool-26-thread-18&quot;  prio=5 tid=295 in Object.wait()&#10;java.lang.Thread.State: WAITING (on object monitor)&#10;        at sun.misc.Unsafe.park(Native Method)&#10;        at java.util.concurrent.locks.LockSupport.park(LockSupport.java:175)&#10;        at java.util.concurrent.locks.AbstractQueuedSynchronizer$ConditionObject.await(AbstractQueuedSynchronizer.java:2039)&#10;        at java.util.concurrent.ArrayBlockingQueue.take(ArrayBlockingQueue.java:403)&#10;        at java.util.concurrent.ThreadPoolExecutor.getTask(ThreadPoolExecutor.java:1074)&#10;        at java.util.concurrent.ThreadPoolExecutor.runWorker(ThreadPoolExecutor.java:1134)&#10;        at java.util.concurrent.ThreadPoolExecutor$Worker.run(ThreadPoolExecutor.java:624)&#10;        at java.lang.Thread.run(Thread.java:748)&#10;&quot;Thread-2575&quot; daemon prio=5 tid=2966 timed_waiting&#10;java.lang.Thread.State: TIMED_WAITING&#10;        at java.lang.Thread.sleep(Native Method)&#10;        at org.apache.ratis.util.JavaUtils.sleep(JavaUtils.java:247)&#10;        at org.apache.ratis.server.impl.FollowerState.run(FollowerState.java:97)&#10;&quot;pool-26-thread-29&quot;  prio=5 tid=317 in Object.wait()&#10;java.lang.Thread.State: WAITING (on object monitor)&#10;        at sun.misc.Unsafe.park(Native Method)&#10;        at java.util.concurrent.locks.LockSupport.park(LockSupport.java:175)&#10;        at java.util.concurrent.locks.AbstractQueuedSynchronizer$ConditionObject.await(AbstractQueuedSynchronizer.java:2039)&#10;        at java.util.concurrent.ArrayBlockingQueue.take(ArrayBlockingQueue.java:403)&#10;        at java.util.concurrent.ThreadPoolExecutor.getTask(ThreadPoolExecutor.java:1074)&#10;        at java.util.concurrent.ThreadPoolExecutor.runWorker(ThreadPoolExecutor.java:1134)&#10;        at java.util.concurrent.ThreadPoolExecutor$Worker.run(ThreadPoolExecutor.java:624)&#10;        at java.lang.Thread.run(Thread.java:748)&#10;&quot;java.util.concurrent.ThreadPoolExecutor$Worker@25f4e2a5[State = -1, empty queue]&quot; daemon prio=5 tid=620 timed_waiting&#10;java.lang.Thread.State: TIMED_WAITING&#10;        at sun.misc.Unsafe.park(Native Method)&#10;        at java.util.concurrent.locks.LockSupport.parkNanos(LockSupport.java:215)&#10;        at java.util.concurrent.locks.AbstractQueuedSynchronizer$ConditionObject.awaitNanos(AbstractQueuedSynchronizer.java:2078)&#10;        at java.util.concurrent.ScheduledThreadPoolExecutor$DelayedWorkQueue.take(ScheduledThreadPoolExecutor.java:1093)&#10;        at java.util.concurrent.ScheduledThreadPoolExecutor$DelayedWorkQueue.take(ScheduledThreadPoolExecutor.java:809)&#10;        at java.util.concurrent.ThreadPoolExecutor.getTask(ThreadPoolExecutor.java:1074)&#10;        at java.util.concurrent.ThreadPoolExecutor.runWorker(ThreadPoolExecutor.java:1134)&#10;        at java.util.concurrent.ThreadPoolExecutor$Worker.run(ThreadPoolExecutor.java:624)&#10;        at java.lang.Thread.run(Thread.java:748)&#10;&quot;pool-46-thread-9&quot;  prio=5 tid=388 in Object.wait()&#10;java.lang.Thread.State: WAITING (on object monitor)&#10;        at sun.misc.Unsafe.park(Native Method)&#10;        at java.util.concurrent.locks.LockSupport.park(LockSupport.java:175)&#10;        at java.util.concurrent.locks.AbstractQueuedSynchronizer$ConditionObject.await(AbstractQueuedSynchronizer.java:2039)&#10;        at java.util.concurrent.ArrayBlockingQueue.take(ArrayBlockingQueue.java:403)&#10;        at java.util.concurrent.ThreadPoolExecutor.getTask(ThreadPoolExecutor.java:1074)&#10;        at java.util.concurrent.ThreadPoolExecutor.runWorker(ThreadPoolExecutor.java:1134)&#10;        at java.util.concurrent.ThreadPoolExecutor$Worker.run(ThreadPoolExecutor.java:624)&#10;        at java.lang.Thread.run(Thread.java:748)&#10;&quot;org.eclipse.jetty.server.session.HashSessionManager@3968bc60Timer&quot; daemon prio=5 tid=222 timed_waiting&#10;java.lang.Thread.State: TIMED_WAITING&#10;        at sun.misc.Unsafe.park(Native Method)&#10;        at java.util.concurrent.locks.LockSupport.parkNanos(LockSupport.java:215)&#10;        at java.util.concurrent.locks.AbstractQueuedSynchronizer$ConditionObject.awaitNanos(AbstractQueuedSynchronizer.java:2078)&#10;        at java.util.concurrent.ScheduledThreadPoolExecutor$DelayedWorkQueue.take(ScheduledThreadPoolExecutor.java:1093)&#10;        at java.util.concurrent.ScheduledThreadPoolExecutor$DelayedWorkQueue.take(ScheduledThreadPoolExecutor.java:809)&#10;        at java.util.concurrent.ThreadPoolExecutor.getTask(ThreadPoolExecutor.java:1074)&#10;        at java.util.concurrent.ThreadPoolExecutor.runWorker(ThreadPoolExecutor.java:1134)&#10;        at java.util.concurrent.ThreadPoolExecutor$Worker.run(ThreadPoolExecutor.java:624)&#10;        at java.lang.Thread.run(Thread.java:748)&#10;&quot;IPC Server handler 1 on 40088&quot; daemon prio=5 tid=50 timed_waiting&#10;java.lang.Thread.State: TIMED_WAITING&#10;        at sun.misc.Unsafe.park(Native Method)&#10;        at java.util.concurrent.locks.LockSupport.parkNanos(LockSupport.java:215)&#10;        at java.util.concurrent.locks.AbstractQueuedSynchronizer$ConditionObject.awaitNanos(AbstractQueuedSynchronizer.java:2078)&#10;        at java.util.concurrent.LinkedBlockingQueue.poll(LinkedBlockingQueue.java:467)&#10;        at org.apache.hadoop.ipc.CallQueueManager.take(CallQueueManager.java:288)&#10;        at org.apache.hadoop.ipc.Server$Handler.run(Server.java:2668)&#10;&quot;qtp1713847712-217&quot; daemon prio=5 tid=217 timed_waiting&#10;java.lang.Thread.State: TIMED_WAITING&#10;        at sun.misc.Unsafe.park(Native Method)&#10;        at java.util.concurrent.locks.LockSupport.parkNanos(LockSupport.java:215)&#10;        at java.util.concurrent.locks.AbstractQueuedSynchronizer$ConditionObject.awaitNanos(AbstractQueuedSynchronizer.java:2078)&#10;        at org.eclipse.jetty.util.BlockingArrayQueue.poll(BlockingArrayQueue.java:392)&#10;        at org.eclipse.jetty.util.thread.QueuedThreadPool.idleJobPoll(QueuedThreadPool.java:563)&#10;        at org.eclipse.jetty.util.thread.QueuedThreadPool.access$800(QueuedThreadPool.java:48)&#10;        at org.eclipse.jetty.util.thread.QueuedThreadPool$2.run(QueuedThreadPool.java:626)&#10;        at java.lang.Thread.run(Thread.java:748)&#10;&quot;OMDoubleBufferFlushThread&quot; daemon prio=5 tid=106 timed_waiting&#10;java.lang.Thread.State: TIMED_WAITING&#10;        at java.lang.Object.wait(Native Method)&#10;        at org.apache.hadoop.ozone.om.ratis.OzoneManagerDoubleBuffer.canFlush(OzoneManagerDoubleBuffer.java:322)&#10;        at org.apache.hadoop.ozone.om.ratis.OzoneManagerDoubleBuffer.flushTransactions(OzoneManagerDoubleBuffer.java:130)&#10;        at org.apache.hadoop.ozone.om.ratis.OzoneManagerDoubleBuffer$$Lambda$49/1152380885.run(Unknown Source)&#10;        at java.lang.Thread.run(Thread.java:748)&#10;&quot;pool-36-thread-5&quot;  prio=5 tid=269 in Object.wait()&#10;java.lang.Thread.State: WAITING (on object monitor)&#10;        at sun.misc.Unsafe.park(Native Method)&#10;        at java.util.concurrent.locks.LockSupport.park(LockSupport.java:175)&#10;        at java.util.concurrent.locks.AbstractQueuedSynchronizer$ConditionObject.await(AbstractQueuedSynchronizer.java:2039)&#10;        at java.util.concurrent.ArrayBlockingQueue.take(ArrayBlockingQueue.java:403)&#10;        at java.util.concurrent.ThreadPoolExecutor.getTask(ThreadPoolExecutor.java:1074)&#10;        at java.util.concurrent.ThreadPoolExecutor.runWorker(ThreadPoolExecutor.java:1134)&#10;        at java.util.concurrent.ThreadPoolExecutor$Worker.run(ThreadPoolExecutor.java:624)&#10;        at java.lang.Thread.run(Thread.java:748)&#10;&quot;qtp292890110-246&quot; daemon prio=5 tid=246 timed_waiting&#10;java.lang.Thread.State: TIMED_WAITING&#10;        at sun.misc.Unsafe.park(Native Method)&#10;        at java.util.concurrent.locks.LockSupport.parkNanos(LockSupport.java:215)&#10;        at java.util.concurrent.locks.AbstractQueuedSynchronizer$ConditionObject.awaitNanos(AbstractQueuedSynchronizer.java:2078)&#10;        at org.eclipse.jetty.util.BlockingArrayQueue.poll(BlockingArrayQueue.java:392)&#10;        at org.eclipse.jetty.util.thread.QueuedThreadPool.idleJobPoll(QueuedThreadPool.java:563)&#10;        at org.eclipse.jetty.util.thread.QueuedThreadPool.access$800(QueuedThreadPool.java:48)&#10;        at org.eclipse.jetty.util.thread.QueuedThreadPool$2.run(QueuedThreadPool.java:626)&#10;        at java.lang.Thread.run(Thread.java:748)&#10;&quot;grpc-default-worker-ELG-3-1&quot; daemon prio=5 tid=518 runnable&#10;java.lang.Thread.State: RUNNABLE&#10;        at sun.nio.ch.EPollArrayWrapper.epollWait(Native Method)&#10;        at sun.nio.ch.EPollArrayWrapper.poll(EPollArrayWrapper.java:269)&#10;        at sun.nio.ch.EPollSelectorImpl.doSelect(EPollSelectorImpl.java:93)&#10;        at sun.nio.ch.SelectorImpl.lockAndDoSelect(SelectorImpl.java:86)&#10;        at sun.nio.ch.SelectorImpl.select(SelectorImpl.java:97)&#10;        at org.apache.ratis.thirdparty.io.netty.channel.nio.SelectedSelectionKeySetSelector.select(SelectedSelectionKeySetSelector.java:62)&#10;        at org.apache.ratis.thirdparty.io.netty.channel.nio.NioEventLoop.select(NioEventLoop.java:753)&#10;        at org.apache.ratis.thirdparty.io.netty.channel.nio.NioEventLoop.run(NioEventLoop.java:408)&#10;        at org.apache.ratis.thirdparty.io.netty.util.concurrent.SingleThreadEventExecutor$5.run(SingleThreadEventExecutor.java:897)&#10;        at org.apache.ratis.thirdparty.io.netty.util.concurrent.FastThreadLocalRunnable.run(FastThreadLocalRunnable.java:30)&#10;        at java.lang.Thread.run(Thread.java:748)&#10;&quot;metrics-hadoop-metrics2-reporter-34-thread-1&quot; daemon prio=5 tid=698 timed_waiting&#10;java.lang.Thread.State: TIMED_WAITING&#10;        at sun.misc.Unsafe.park(Native Method)&#10;        at java.util.concurrent.locks.LockSupport.parkNanos(LockSupport.java:215)&#10;        at java.util.concurrent.locks.AbstractQueuedSynchronizer$ConditionObject.awaitNanos(AbstractQueuedSynchronizer.java:2078)&#10;        at java.util.concurrent.ScheduledThreadPoolExecutor$DelayedWorkQueue.take(ScheduledThreadPoolExecutor.java:1093)&#10;        at java.util.concurrent.ScheduledThreadPoolExecutor$DelayedWorkQueue.take(ScheduledThreadPoolExecutor.java:809)&#10;        at java.util.concurrent.ThreadPoolExecutor.getTask(ThreadPoolExecutor.java:1074)&#10;        at java.util.concurrent.ThreadPoolExecutor.runWorker(ThreadPoolExecutor.java:1134)&#10;        at java.util.concurrent.ThreadPoolExecutor$Worker.run(ThreadPoolExecutor.java:624)&#10;        at java.lang.Thread.run(Thread.java:748)&#10;&quot;pool-56-thread-11&quot;  prio=5 tid=450 in Object.wait()&#10;java.lang.Thread.State: WAITING (on object monitor)&#10;        at sun.misc.Unsafe.park(Native Method)&#10;        at java.util.concurrent.locks.LockSupport.park(LockSupport.java:175)&#10;        at java.util.concurrent.locks.AbstractQueuedSynchronizer$ConditionObject.await(AbstractQueuedSynchronizer.java:2039)&#10;        at java.util.concurrent.ArrayBlockingQueue.take(ArrayBlockingQueue.java:403)&#10;        at java.util.concurrent.ThreadPoolExecutor.getTask(ThreadPoolExecutor.java:1074)&#10;        at java.util.concurrent.ThreadPoolExecutor.runWorker(ThreadPoolExecutor.java:1134)&#10;        at java.util.concurrent.ThreadPoolExecutor$Worker.run(ThreadPoolExecutor.java:624)&#10;        at java.lang.Thread.run(Thread.java:748)&#10;&quot;IPC Server handler 6 on 34339&quot; daemon prio=5 tid=75 timed_waiting&#10;java.lang.Thread.State: TIMED_WAITING&#10;        at sun.misc.Unsafe.park(Native Method)&#10;        at java.util.concurrent.locks.LockSupport.parkNanos(LockSupport.java:215)&#10;        at java.util.concurrent.locks.AbstractQueuedSynchronizer$ConditionObject.awaitNanos(AbstractQueuedSynchronizer.java:2078)&#10;        at java.util.concurrent.LinkedBlockingQueue.poll(LinkedBlockingQueue.java:467)&#10;        at org.apache.hadoop.ipc.CallQueueManager.take(CallQueueManager.java:288)&#10;        at org.apache.hadoop.ipc.Server$Handler.run(Server.java:2668)&#10;&quot;pool-46-thread-37&quot;  prio=5 tid=416 in Object.wait()&#10;java.lang.Thread.State: WAITING (on object monitor)&#10;        at sun.misc.Unsafe.park(Native Method)&#10;        at java.util.concurrent.locks.LockSupport.park(LockSupport.java:175)&#10;        at java.util.concurrent.locks.AbstractQueuedSynchronizer$ConditionObject.await(AbstractQueuedSynchronizer.java:2039)&#10;        at java.util.concurrent.ArrayBlockingQueue.take(ArrayBlockingQueue.java:403)&#10;        at java.util.concurrent.ThreadPoolExecutor.getTask(ThreadPoolExecutor.java:1074)&#10;        at java.util.concurrent.ThreadPoolExecutor.runWorker(ThreadPoolExecutor.java:1134)&#10;        at java.util.concurrent.ThreadPoolExecutor$Worker.run(ThreadPoolExecutor.java:624)&#10;        at java.lang.Thread.run(Thread.java:748)&#10;&quot;pool-36-thread-15&quot;  prio=5 tid=288 in Object.wait()&#10;java.lang.Thread.State: WAITING (on object monitor)&#10;        at sun.misc.Unsafe.park(Native Method)&#10;        at java.util.concurrent.locks.LockSupport.park(LockSupport.java:175)&#10;        at java.util.concurrent.locks.AbstractQueuedSynchronizer$ConditionObject.await(AbstractQueuedSynchronizer.java:2039)&#10;        at java.util.concurrent.ArrayBlockingQueue.take(ArrayBlockingQueue.java:403)&#10;        at java.util.concurrent.ThreadPoolExecutor.getTask(ThreadPoolExecutor.java:1074)&#10;        at java.util.concurrent.ThreadPoolExecutor.runWorker(ThreadPoolExecutor.java:1134)&#10;        at java.util.concurrent.ThreadPoolExecutor$Worker.run(ThreadPoolExecutor.java:624)&#10;        at java.lang.Thread.run(Thread.java:748)&#10;&quot;pool-56-thread-16&quot;  prio=5 tid=455 in Object.wait()&#10;java.lang.Thread.State: WAITING (on object monitor)&#10;        at sun.misc.Unsafe.park(Native Method)&#10;        at java.util.concurrent.locks.LockSupport.park(LockSupport.java:175)&#10;        at java.util.concurrent.locks.AbstractQueuedSynchronizer$ConditionObject.await(AbstractQueuedSynchronizer.java:2039)&#10;        at java.util.concurrent.ArrayBlockingQueue.take(ArrayBlockingQueue.java:403)&#10;        at java.util.concurrent.ThreadPoolExecutor.getTask(ThreadPoolExecutor.java:1074)&#10;        at java.util.concurrent.ThreadPoolExecutor.runWorker(ThreadPoolExecutor.java:1134)&#10;        at java.util.concurrent.ThreadPoolExecutor$Worker.run(ThreadPoolExecutor.java:624)&#10;        at java.lang.Thread.run(Thread.java:748)&#10;&quot;pool-46-thread-34&quot;  prio=5 tid=413 in Object.wait()&#10;java.lang.Thread.State: WAITING (on object monitor)&#10;        at sun.misc.Unsafe.park(Native Method)&#10;        at java.util.concurrent.locks.LockSupport.park(LockSupport.java:175)&#10;        at java.util.concurrent.locks.AbstractQueuedSynchronizer$ConditionObject.await(AbstractQueuedSynchronizer.java:2039)&#10;        at java.util.concurrent.ArrayBlockingQueue.take(ArrayBlockingQueue.java:403)&#10;        at java.util.concurrent.ThreadPoolExecutor.getTask(ThreadPoolExecutor.java:1074)&#10;        at java.util.concurrent.ThreadPoolExecutor.runWorker(ThreadPoolExecutor.java:1134)&#10;        at java.util.concurrent.ThreadPoolExecutor$Worker.run(ThreadPoolExecutor.java:624)&#10;        at java.lang.Thread.run(Thread.java:748)&#10;&quot;pool-26-thread-57&quot;  prio=5 tid=372 in Object.wait()&#10;java.lang.Thread.State: WAITING (on object monitor)&#10;        at sun.misc.Unsafe.park(Native Method)&#10;        at java.util.concurrent.locks.LockSupport.park(LockSupport.java:175)&#10;        at java.util.concurrent.locks.AbstractQueuedSynchronizer$ConditionObject.await(AbstractQueuedSynchronizer.java:2039)&#10;        at java.util.concurrent.ArrayBlockingQueue.take(ArrayBlockingQueue.java:403)&#10;        at java.util.concurrent.ThreadPoolExecutor.getTask(ThreadPoolExecutor.java:1074)&#10;        at java.util.concurrent.ThreadPoolExecutor.runWorker(ThreadPoolExecutor.java:1134)&#10;        at java.util.concurrent.ThreadPoolExecutor$Worker.run(ThreadPoolExecutor.java:624)&#10;        at java.lang.Thread.run(Thread.java:748)&#10;&quot;pool-36-thread-44&quot;  prio=5 tid=346 in Object.wait()&#10;java.lang.Thread.State: WAITING (on object monitor)&#10;        at sun.misc.Unsafe.park(Native Method)&#10;        at java.util.concurrent.locks.LockSupport.park(LockSupport.java:175)&#10;        at java.util.concurrent.locks.AbstractQueuedSynchronizer$ConditionObject.await(AbstractQueuedSynchronizer.java:2039)&#10;        at java.util.concurrent.ArrayBlockingQueue.take(ArrayBlockingQueue.java:403)&#10;        at java.util.concurrent.ThreadPoolExecutor.getTask(ThreadPoolExecutor.java:1074)&#10;        at java.util.concurrent.ThreadPoolExecutor.runWorker(ThreadPoolExecutor.java:1134)&#10;        at java.util.concurrent.ThreadPoolExecutor$Worker.run(ThreadPoolExecutor.java:624)&#10;        at java.lang.Thread.run(Thread.java:748)&#10;&quot;pool-36-thread-27&quot;  prio=5 tid=312 in Object.wait()&#10;java.lang.Thread.State: WAITING (on object monitor)&#10;        at sun.misc.Unsafe.park(Native Method)&#10;        at java.util.concurrent.locks.LockSupport.park(LockSupport.java:175)&#10;        at java.util.concurrent.locks.AbstractQueuedSynchronizer$ConditionObject.await(AbstractQueuedSynchronizer.java:2039)&#10;        at java.util.concurrent.ArrayBlockingQueue.take(ArrayBlockingQueue.java:403)&#10;        at java.util.concurrent.ThreadPoolExecutor.getTask(ThreadPoolExecutor.java:1074)&#10;        at java.util.concurrent.ThreadPoolExecutor.runWorker(ThreadPoolExecutor.java:1134)&#10;        at java.util.concurrent.ThreadPoolExecutor$Worker.run(ThreadPoolExecutor.java:624)&#10;        at java.lang.Thread.run(Thread.java:748)&#10;&quot;pool-26-thread-16&quot;  prio=5 tid=291 in Object.wait()&#10;java.lang.Thread.State: WAITING (on object monitor)&#10;        at sun.misc.Unsafe.park(Native Method)&#10;        at java.util.concurrent.locks.LockSupport.park(LockSupport.java:175)&#10;        at java.util.concurrent.locks.AbstractQueuedSynchronizer$ConditionObject.await(AbstractQueuedSynchronizer.java:2039)&#10;        at java.util.concurrent.ArrayBlockingQueue.take(ArrayBlockingQueue.java:403)&#10;        at java.util.concurrent.ThreadPoolExecutor.getTask(ThreadPoolExecutor.java:1074)&#10;        at java.util.concurrent.ThreadPoolExecutor.runWorker(ThreadPoolExecutor.java:1134)&#10;        at java.util.concurrent.ThreadPoolExecutor$Worker.run(ThreadPoolExecutor.java:624)&#10;        at java.lang.Thread.run(Thread.java:748)&#10;&quot;Datanode State Machine Thread - 0&quot; daemon prio=5 tid=170 timed_waiting&#10;java.lang.Thread.State: TIMED_WAITING&#10;        at java.lang.Thread.sleep(Native Method)&#10;        at org.apache.hadoop.ozone.container.common.statemachine.DatanodeStateMachine.start(DatanodeStateMachine.java:191)&#10;        at org.apache.hadoop.ozone.container.common.statemachine.DatanodeStateMachine.lambda$startDaemon$0(DatanodeStateMachine.java:349)&#10;        at org.apache.hadoop.ozone.container.common.statemachine.DatanodeStateMachine$$Lambda$140/1282899579.run(Unknown Source)&#10;        at java.lang.Thread.run(Thread.java:748)&#10;&quot;pool-26-thread-49&quot;  prio=5 tid=357 in Object.wait()&#10;java.lang.Thread.State: WAITING (on object monitor)&#10;        at sun.misc.Unsafe.park(Native Method)&#10;        at java.util.concurrent.locks.LockSupport.park(LockSupport.java:175)&#10;        at java.util.concurrent.locks.AbstractQueuedSynchronizer$ConditionObject.await(AbstractQueuedSynchronizer.java:2039)&#10;        at java.util.concurrent.ArrayBlockingQueue.take(ArrayBlockingQueue.java:403)&#10;        at java.util.concurrent.ThreadPoolExecutor.getTask(ThreadPoolExecutor.java:1074)&#10;        at java.util.concurrent.ThreadPoolExecutor.runWorker(ThreadPoolExecutor.java:1134)&#10;        at java.util.concurrent.ThreadPoolExecutor$Worker.run(ThreadPoolExecutor.java:624)&#10;        at java.lang.Thread.run(Thread.java:748)&#10;&quot;pool-26-thread-30&quot;  prio=5 tid=319 in Object.wait()&#10;java.lang.Thread.State: WAITING (on object monitor)&#10;        at sun.misc.Unsafe.park(Native Method)&#10;        at java.util.concurrent.locks.LockSupport.park(LockSupport.java:175)&#10;        at java.util.concurrent.locks.AbstractQueuedSynchronizer$ConditionObject.await(AbstractQueuedSynchronizer.java:2039)&#10;        at java.util.concurrent.ArrayBlockingQueue.take(ArrayBlockingQueue.java:403)&#10;        at java.util.concurrent.ThreadPoolExecutor.getTask(ThreadPoolExecutor.java:1074)&#10;        at java.util.concurrent.ThreadPoolExecutor.runWorker(ThreadPoolExecutor.java:1134)&#10;        at java.util.concurrent.ThreadPoolExecutor$Worker.run(ThreadPoolExecutor.java:624)&#10;        at java.lang.Thread.run(Thread.java:748)&#10;&quot;IPC Server handler 13 on 40088&quot; daemon prio=5 tid=62 timed_waiting&#10;java.lang.Thread.State: TIMED_WAITING&#10;        at sun.misc.Unsafe.park(Native Method)&#10;        at java.util.concurrent.locks.LockSupport.parkNanos(LockSupport.java:215)&#10;        at java.util.concurrent.locks.AbstractQueuedSynchronizer$ConditionObject.awaitNanos(AbstractQueuedSynchronizer.java:2078)&#10;        at java.util.concurrent.LinkedBlockingQueue.poll(LinkedBlockingQueue.java:467)&#10;        at org.apache.hadoop.ipc.CallQueueManager.take(CallQueueManager.java:288)&#10;        at org.apache.hadoop.ipc.Server$Handler.run(Server.java:2668)&#10;&quot;pool-46-thread-41&quot;  prio=5 tid=420 in Object.wait()&#10;java.lang.Thread.State: WAITING (on object monitor)&#10;        at sun.misc.Unsafe.park(Native Method)&#10;        at java.util.concurrent.locks.LockSupport.park(LockSupport.java:175)&#10;        at java.util.concurrent.locks.AbstractQueuedSynchronizer$ConditionObject.await(AbstractQueuedSynchronizer.java:2039)&#10;        at java.util.concurrent.ArrayBlockingQueue.take(ArrayBlockingQueue.java:403)&#10;        at java.util.concurrent.ThreadPoolExecutor.getTask(ThreadPoolExecutor.java:1074)&#10;        at java.util.concurrent.ThreadPoolExecutor.runWorker(ThreadPoolExecutor.java:1134)&#10;        at java.util.concurrent.ThreadPoolExecutor$Worker.run(ThreadPoolExecutor.java:624)&#10;        at java.lang.Thread.run(Thread.java:748)&#10;&quot;Datanode State Machine Thread - 0&quot; daemon prio=5 tid=231 timed_waiting&#10;java.lang.Thread.State: TIMED_WAITING&#10;        at sun.misc.Unsafe.park(Native Method)&#10;        at java.util.concurrent.locks.LockSupport.parkNanos(LockSupport.java:215)&#10;        at java.util.concurrent.SynchronousQueue$TransferStack.awaitFulfill(SynchronousQueue.java:460)&#10;        at java.util.concurrent.SynchronousQueue$TransferStack.transfer(SynchronousQueue.java:362)&#10;        at java.util.concurrent.SynchronousQueue.poll(SynchronousQueue.java:941)&#10;        at java.util.concurrent.ThreadPoolExecutor.getTask(ThreadPoolExecutor.java:1073)&#10;        at java.util.concurrent.ThreadPoolExecutor.runWorker(ThreadPoolExecutor.java:1134)&#10;        at java.util.concurrent.ThreadPoolExecutor$Worker.run(ThreadPoolExecutor.java:624)&#10;        at java.lang.Thread.run(Thread.java:748)&#10;&quot;pool-36-thread-6&quot;  prio=5 tid=270 in Object.wait()&#10;java.lang.Thread.State: WAITING (on object monitor)&#10;        at sun.misc.Unsafe.park(Native Method)&#10;        at java.util.concurrent.locks.LockSupport.park(LockSupport.java:175)&#10;        at java.util.concurrent.locks.AbstractQueuedSynchronizer$ConditionObject.await(AbstractQueuedSynchronizer.java:2039)&#10;        at java.util.concurrent.ArrayBlockingQueue.take(ArrayBlockingQueue.java:403)&#10;        at java.util.concurrent.ThreadPoolExecutor.getTask(ThreadPoolExecutor.java:1074)&#10;        at java.util.concurrent.ThreadPoolExecutor.runWorker(ThreadPoolExecutor.java:1134)&#10;        at java.util.concurrent.ThreadPoolExecutor$Worker.run(ThreadPoolExecutor.java:624)&#10;        at java.lang.Thread.run(Thread.java:748)&#10;&quot;IPC Server handler 7 on 40088&quot; daemon prio=5 tid=56 timed_waiting&#10;java.lang.Thread.State: TIMED_WAITING&#10;        at sun.misc.Unsafe.park(Native Method)&#10;        at java.util.concurrent.locks.LockSupport.parkNanos(LockSupport.java:215)&#10;        at java.util.concurrent.locks.AbstractQueuedSynchronizer$ConditionObject.awaitNanos(AbstractQueuedSynchronizer.java:2078)&#10;        at java.util.concurrent.LinkedBlockingQueue.poll(LinkedBlockingQueue.java:467)&#10;        at org.apache.hadoop.ipc.CallQueueManager.take(CallQueueManager.java:288)&#10;        at org.apache.hadoop.ipc.Server$Handler.run(Server.java:2668)&#10;&quot;surefire-forkedjvm-command-thread&quot; daemon prio=5 tid=8 runnable&#10;java.lang.Thread.State: RUNNABLE&#10;        at java.io.FileInputStream.readBytes(Native Method)&#10;        at java.io.FileInputStream.read(FileInputStream.java:255)&#10;        at java.io.BufferedInputStream.fill(BufferedInputStream.java:246)&#10;        at java.io.BufferedInputStream.read(BufferedInputStream.java:265)&#10;        at java.io.DataInputStream.readInt(DataInputStream.java:387)&#10;        at org.apache.maven.surefire.booter.MasterProcessCommand.decode(MasterProcessCommand.java:115)&#10;        at org.apache.maven.surefire.booter.CommandReader$CommandRunnable.run(CommandReader.java:390)&#10;        at java.lang.Thread.run(Thread.java:748)&#10;&quot;pool-46-thread-22&quot;  prio=5 tid=401 in Object.wait()&#10;java.lang.Thread.State: WAITING (on object monitor)&#10;        at sun.misc.Unsafe.park(Native Method)&#10;        at java.util.concurrent.locks.LockSupport.park(LockSupport.java:175)&#10;        at java.util.concurrent.locks.AbstractQueuedSynchronizer$ConditionObject.await(AbstractQueuedSynchronizer.java:2039)&#10;        at java.util.concurrent.ArrayBlockingQueue.take(ArrayBlockingQueue.java:403)&#10;        at java.util.concurrent.ThreadPoolExecutor.getTask(ThreadPoolExecutor.java:1074)&#10;        at java.util.concurrent.ThreadPoolExecutor.runWorker(ThreadPoolExecutor.java:1134)&#10;        at java.util.concurrent.ThreadPoolExecutor$Worker.run(ThreadPoolExecutor.java:624)&#10;        at java.lang.Thread.run(Thread.java:748)&#10;&quot;IPC Server handler 4 on 34819&quot; daemon prio=5 tid=33 timed_waiting&#10;java.lang.Thread.State: TIMED_WAITING&#10;        at sun.misc.Unsafe.park(Native Method)&#10;        at java.util.concurrent.locks.LockSupport.parkNanos(LockSupport.java:215)&#10;        at java.util.concurrent.locks.AbstractQueuedSynchronizer$ConditionObject.awaitNanos(AbstractQueuedSynchronizer.java:2078)&#10;        at java.util.concurrent.LinkedBlockingQueue.poll(LinkedBlockingQueue.java:467)&#10;        at org.apache.hadoop.ipc.CallQueueManager.take(CallQueueManager.java:288)&#10;        at org.apache.hadoop.ipc.Server$Handler.run(Server.java:2668)&#10;&quot;metrics-hadoop-metrics2-reporter-40-thread-1&quot; daemon prio=5 tid=730 timed_waiting&#10;java.lang.Thread.State: TIMED_WAITING&#10;        at sun.misc.Unsafe.park(Native Method)&#10;        at java.util.concurrent.locks.LockSupport.parkNanos(LockSupport.java:215)&#10;        at java.util.concurrent.locks.AbstractQueuedSynchronizer$ConditionObject.awaitNanos(AbstractQueuedSynchronizer.java:2078)&#10;        at java.util.concurrent.ScheduledThreadPoolExecutor$DelayedWorkQueue.take(ScheduledThreadPoolExecutor.java:1093)&#10;        at java.util.concurrent.ScheduledThreadPoolExecutor$DelayedWorkQueue.take(ScheduledThreadPoolExecutor.java:809)&#10;        at java.util.concurrent.ThreadPoolExecutor.getTask(ThreadPoolExecutor.java:1074)&#10;        at java.util.concurrent.ThreadPoolExecutor.runWorker(ThreadPoolExecutor.java:1134)&#10;        at java.util.concurrent.ThreadPoolExecutor$Worker.run(ThreadPoolExecutor.java:624)&#10;        at java.lang.Thread.run(Thread.java:748)&#10;&quot;IPC Server handler 10 on 34339&quot; daemon prio=5 tid=79 timed_waiting&#10;java.lang.Thread.State: TIMED_WAITING&#10;        at sun.misc.Unsafe.park(Native Method)&#10;        at java.util.concurrent.locks.LockSupport.parkNanos(LockSupport.java:215)&#10;        at java.util.concurrent.locks.AbstractQueuedSynchronizer$ConditionObject.awaitNanos(AbstractQueuedSynchronizer.java:2078)&#10;        at java.util.concurrent.LinkedBlockingQueue.poll(LinkedBlockingQueue.java:467)&#10;        at org.apache.hadoop.ipc.CallQueueManager.take(CallQueueManager.java:288)&#10;        at org.apache.hadoop.ipc.Server$Handler.run(Server.java:2668)&#10;&quot;40d2d32e-dd25-45df-8070-f9dc56ccf0a7@group-7EB39FB5DF22-StateMachineUpdater&quot; daemon prio=5 tid=692 in Object.wait()&#10;java.lang.Thread.State: WAITING (on object monitor)&#10;        at java.lang.Object.wait(Native Method)&#10;        at java.lang.Object.wait(Object.java:502)&#10;        at org.apache.ratis.server.impl.StateMachineUpdater.waitForCommit(StateMachineUpdater.java:194)&#10;        at org.apache.ratis.server.impl.StateMachineUpdater.run(StateMachineUpdater.java:159)&#10;        at java.lang.Thread.run(Thread.java:748)&#10;&quot;jaeger.RemoteReporter-QueueProcessor&quot; daemon prio=5 tid=147 in Object.wait()&#10;java.lang.Thread.State: WAITING (on object monitor)&#10;        at sun.misc.Unsafe.park(Native Method)&#10;        at java.util.concurrent.locks.LockSupport.park(LockSupport.java:175)&#10;        at java.util.concurrent.locks.AbstractQueuedSynchronizer$ConditionObject.await(AbstractQueuedSynchronizer.java:2039)&#10;        at java.util.concurrent.ArrayBlockingQueue.take(ArrayBlockingQueue.java:403)&#10;        at io.jaegertracing.internal.reporters.RemoteReporter$QueueProcessor.run(RemoteReporter.java:173)&#10;        at java.lang.Thread.run(Thread.java:748)&#10;&quot;pool-36-thread-17&quot;  prio=5 tid=292 in Object.wait()&#10;java.lang.Thread.State: WAITING (on object monitor)&#10;        at sun.misc.Unsafe.park(Native Method)&#10;        at java.util.concurrent.locks.LockSupport.park(LockSupport.java:175)&#10;        at java.util.concurrent.locks.AbstractQueuedSynchronizer$ConditionObject.await(AbstractQueuedSynchronizer.java:2039)&#10;        at java.util.concurrent.ArrayBlockingQueue.take(ArrayBlockingQueue.java:403)&#10;        at java.util.concurrent.ThreadPoolExecutor.getTask(ThreadPoolExecutor.java:1074)&#10;        at java.util.concurrent.ThreadPoolExecutor.runWorker(ThreadPoolExecutor.java:1134)&#10;        at java.util.concurrent.ThreadPoolExecutor$Worker.run(ThreadPoolExecutor.java:624)&#10;        at java.lang.Thread.run(Thread.java:748)&#10;&quot;EventQueue-NodeReportForNodeReportHandler&quot; daemon prio=5 tid=2963 in Object.wait()&#10;java.lang.Thread.State: WAITING (on object monitor)&#10;        at sun.misc.Unsafe.park(Native Method)&#10;        at java.util.concurrent.locks.LockSupport.park(LockSupport.java:175)&#10;        at java.util.concurrent.locks.AbstractQueuedSynchronizer$ConditionObject.await(AbstractQueuedSynchronizer.java:2039)&#10;        at java.util.concurrent.LinkedBlockingQueue.take(LinkedBlockingQueue.java:442)&#10;        at java.util.concurrent.ThreadPoolExecutor.getTask(ThreadPoolExecutor.java:1074)&#10;        at java.util.concurrent.ThreadPoolExecutor.runWorker(ThreadPoolExecutor.java:1134)&#10;        at java.util.concurrent.ThreadPoolExecutor$Worker.run(ThreadPoolExecutor.java:624)&#10;        at java.lang.Thread.run(Thread.java:748)&#10;&quot;pool-56-thread-31&quot;  prio=5 tid=470 in Object.wait()&#10;java.lang.Thread.State: WAITING (on object monitor)&#10;        at sun.misc.Unsafe.park(Native Method)&#10;        at java.util.concurrent.locks.LockSupport.park(LockSupport.java:175)&#10;        at java.util.concurrent.locks.AbstractQueuedSynchronizer$ConditionObject.await(AbstractQueuedSynchronizer.java:2039)&#10;        at java.util.concurrent.ArrayBlockingQueue.take(ArrayBlockingQueue.java:403)&#10;        at java.util.concurrent.ThreadPoolExecutor.getTask(ThreadPoolExecutor.java:1074)&#10;        at java.util.concurrent.ThreadPoolExecutor.runWorker(ThreadPoolExecutor.java:1134)&#10;        at java.util.concurrent.ThreadPoolExecutor$Worker.run(ThreadPoolExecutor.java:624)&#10;        at java.lang.Thread.run(Thread.java:748)&#10;&quot;IPC Server handler 4 on 34339&quot; daemon prio=5 tid=73 timed_waiting&#10;java.lang.Thread.State: TIMED_WAITING&#10;        at sun.misc.Unsafe.park(Native Method)&#10;        at java.util.concurrent.locks.LockSupport.parkNanos(LockSupport.java:215)&#10;        at java.util.concurrent.locks.AbstractQueuedSynchronizer$ConditionObject.awaitNanos(AbstractQueuedSynchronizer.java:2078)&#10;        at java.util.concurrent.LinkedBlockingQueue.poll(LinkedBlockingQueue.java:467)&#10;        at org.apache.hadoop.ipc.CallQueueManager.take(CallQueueManager.java:288)&#10;        at org.apache.hadoop.ipc.Server$Handler.run(Server.java:2668)&#10;&quot;process reaper&quot; daemon prio=10 tid=10 timed_waiting&#10;java.lang.Thread.State: TIMED_WAITING&#10;        at sun.misc.Unsafe.park(Native Method)&#10;        at java.util.concurrent.locks.LockSupport.parkNanos(LockSupport.java:215)&#10;        at java.util.concurrent.SynchronousQueue$TransferStack.awaitFulfill(SynchronousQueue.java:460)&#10;        at java.util.concurrent.SynchronousQueue$TransferStack.transfer(SynchronousQueue.java:362)&#10;        at java.util.concurrent.SynchronousQueue.poll(SynchronousQueue.java:941)&#10;        at java.util.concurrent.ThreadPoolExecutor.getTask(ThreadPoolExecutor.java:1073)&#10;        at java.util.concurrent.ThreadPoolExecutor.runWorker(ThreadPoolExecutor.java:1134)&#10;        at java.util.concurrent.ThreadPoolExecutor$Worker.run(ThreadPoolExecutor.java:624)&#10;        at java.lang.Thread.run(Thread.java:748)&#10;&quot;metrics-hadoop-metrics2-reporter-27-thread-1&quot; daemon prio=5 tid=603 timed_waiting&#10;java.lang.Thread.State: TIMED_WAITING&#10;        at sun.misc.Unsafe.park(Native Method)&#10;        at java.util.concurrent.locks.LockSupport.parkNanos(LockSupport.java:215)&#10;        at java.util.concurrent.locks.AbstractQueuedSynchronizer$ConditionObject.awaitNanos(AbstractQueuedSynchronizer.java:2078)&#10;        at java.util.concurrent.ScheduledThreadPoolExecutor$DelayedWorkQueue.take(ScheduledThreadPoolExecutor.java:1093)&#10;        at java.util.concurrent.ScheduledThreadPoolExecutor$DelayedWorkQueue.take(ScheduledThreadPoolExecutor.java:809)&#10;        at java.util.concurrent.ThreadPoolExecutor.getTask(ThreadPoolExecutor.java:1074)&#10;        at java.util.concurrent.ThreadPoolExecutor.runWorker(ThreadPoolExecutor.java:1134)&#10;        at java.util.concurrent.ThreadPoolExecutor$Worker.run(ThreadPoolExecutor.java:624)&#10;        at java.lang.Thread.run(Thread.java:748)&#10;&quot;pool-26-thread-38&quot;  prio=5 tid=335 in Object.wait()&#10;java.lang.Thread.State: WAITING (on object monitor)&#10;        at sun.misc.Unsafe.park(Native Method)&#10;        at java.util.concurrent.locks.LockSupport.park(LockSupport.java:175)&#10;        at java.util.concurrent.locks.AbstractQueuedSynchronizer$ConditionObject.await(AbstractQueuedSynchronizer.java:2039)&#10;        at java.util.concurrent.ArrayBlockingQueue.take(ArrayBlockingQueue.java:403)&#10;        at java.util.concurrent.ThreadPoolExecutor.getTask(ThreadPoolExecutor.java:1074)&#10;        at java.util.concurrent.ThreadPoolExecutor.runWorker(ThreadPoolExecutor.java:1134)&#10;        at java.util.concurrent.ThreadPoolExecutor$Worker.run(ThreadPoolExecutor.java:624)&#10;        at java.lang.Thread.run(Thread.java:748)&#10;&quot;Datanode ReportManager Thread - 3&quot; daemon prio=5 tid=176 timed_waiting&#10;java.lang.Thread.State: TIMED_WAITING&#10;        at sun.misc.Unsafe.park(Native Method)&#10;        at java.util.concurrent.locks.LockSupport.parkNanos(LockSupport.java:215)&#10;        at java.util.concurrent.locks.AbstractQueuedSynchronizer$ConditionObject.awaitNanos(AbstractQueuedSynchronizer.java:2078)&#10;        at java.util.concurrent.ScheduledThreadPoolExecutor$DelayedWorkQueue.take(ScheduledThreadPoolExecutor.java:1093)&#10;        at java.util.concurrent.ScheduledThreadPoolExecutor$DelayedWorkQueue.take(ScheduledThreadPoolExecutor.java:809)&#10;        at java.util.concurrent.ThreadPoolExecutor.getTask(ThreadPoolExecutor.java:1074)&#10;        at java.util.concurrent.ThreadPoolExecutor.runWorker(ThreadPoolExecutor.java:1134)&#10;        at java.util.concurrent.ThreadPoolExecutor$Worker.run(ThreadPoolExecutor.java:624)&#10;        at java.lang.Thread.run(Thread.java:748)&#10;&quot;metrics-hadoop-metrics2-reporter-36-thread-1&quot; daemon prio=5 tid=701 timed_waiting&#10;java.lang.Thread.State: TIMED_WAITING&#10;        at sun.misc.Unsafe.park(Native Method)&#10;        at java.util.concurrent.locks.LockSupport.parkNanos(LockSupport.java:215)&#10;        at java.util.concurrent.locks.AbstractQueuedSynchronizer$ConditionObject.awaitNanos(AbstractQueuedSynchronizer.java:2078)&#10;        at java.util.concurrent.ScheduledThreadPoolExecutor$DelayedWorkQueue.take(ScheduledThreadPoolExecutor.java:1093)&#10;        at java.util.concurrent.ScheduledThreadPoolExecutor$DelayedWorkQueue.take(ScheduledThreadPoolExecutor.java:809)&#10;        at java.util.concurrent.ThreadPoolExecutor.getTask(ThreadPoolExecutor.java:1074)&#10;        at java.util.concurrent.ThreadPoolExecutor.runWorker(ThreadPoolExecutor.java:1134)&#10;        at java.util.concurrent.ThreadPoolExecutor$Worker.run(ThreadPoolExecutor.java:624)&#10;        at java.lang.Thread.run(Thread.java:748)&#10;&quot;metrics-hadoop-metrics2-reporter-2-thread-1&quot; daemon prio=5 tid=527 timed_waiting&#10;java.lang.Thread.State: TIMED_WAITING&#10;        at sun.misc.Unsafe.park(Native Method)&#10;        at java.util.concurrent.locks.LockSupport.parkNanos(LockSupport.java:215)&#10;        at java.util.concurrent.locks.AbstractQueuedSynchronizer$ConditionObject.awaitNanos(AbstractQueuedSynchronizer.java:2078)&#10;        at java.util.concurrent.ScheduledThreadPoolExecutor$DelayedWorkQueue.take(ScheduledThreadPoolExecutor.java:1093)&#10;        at java.util.concurrent.ScheduledThreadPoolExecutor$DelayedWorkQueue.take(ScheduledThreadPoolExecutor.java:809)&#10;        at java.util.concurrent.ThreadPoolExecutor.getTask(ThreadPoolExecutor.java:1074)&#10;        at java.util.concurrent.ThreadPoolExecutor.runWorker(ThreadPoolExecutor.java:1134)&#10;        at java.util.concurrent.ThreadPoolExecutor$Worker.run(ThreadPoolExecutor.java:624)&#10;        at java.lang.Thread.run(Thread.java:748)&#10;&quot;qtp292890110-243&quot; daemon prio=5 tid=243 timed_waiting&#10;java.lang.Thread.State: TIMED_WAITING&#10;        at sun.misc.Unsafe.park(Native Method)&#10;        at java.util.concurrent.locks.LockSupport.parkNanos(LockSupport.java:215)&#10;        at java.util.concurrent.locks.AbstractQueuedSynchronizer$ConditionObject.awaitNanos(AbstractQueuedSynchronizer.java:2078)&#10;        at org.eclipse.jetty.util.BlockingArrayQueue.poll(BlockingArrayQueue.java:392)&#10;        at org.eclipse.jetty.util.thread.QueuedThreadPool.idleJobPoll(QueuedThreadPool.java:563)&#10;        at org.eclipse.jetty.util.thread.QueuedThreadPool.access$800(QueuedThreadPool.java:48)&#10;        at org.eclipse.jetty.util.thread.QueuedThreadPool$2.run(QueuedThreadPool.java:626)&#10;        at java.lang.Thread.run(Thread.java:748)&#10;&quot;org.eclipse.jetty.server.session.HashSessionManager@1bc0d349Timer&quot; daemon prio=5 tid=167 timed_waiting&#10;java.lang.Thread.State: TIMED_WAITING&#10;        at sun.misc.Unsafe.park(Native Method)&#10;        at java.util.concurrent.locks.LockSupport.parkNanos(LockSupport.java:215)&#10;        at java.util.concurrent.locks.AbstractQueuedSynchronizer$ConditionObject.awaitNanos(AbstractQueuedSynchronizer.java:2078)&#10;        at java.util.concurrent.ScheduledThreadPoolExecutor$DelayedWorkQueue.take(ScheduledThreadPoolExecutor.java:1093)&#10;        at java.util.concurrent.ScheduledThreadPoolExecutor$DelayedWorkQueue.take(ScheduledThreadPoolExecutor.java:809)&#10;        at java.util.concurrent.ThreadPoolExecutor.getTask(ThreadPoolExecutor.java:1074)&#10;        at java.util.concurrent.ThreadPoolExecutor.runWorker(ThreadPoolExecutor.java:1134)&#10;        at java.util.concurrent.ThreadPoolExecutor$Worker.run(ThreadPoolExecutor.java:624)&#10;        at java.lang.Thread.run(Thread.java:748)&#10;&quot;pool-56-thread-19&quot;  prio=5 tid=458 in Object.wait()&#10;java.lang.Thread.State: WAITING (on object monitor)&#10;        at sun.misc.Unsafe.park(Native Method)&#10;        at java.util.concurrent.locks.LockSupport.park(LockSupport.java:175)&#10;        at java.util.concurrent.locks.AbstractQueuedSynchronizer$ConditionObject.await(AbstractQueuedSynchronizer.java:2039)&#10;        at java.util.concurrent.ArrayBlockingQueue.take(ArrayBlockingQueue.java:403)&#10;        at java.util.concurrent.ThreadPoolExecutor.getTask(ThreadPoolExecutor.java:1074)&#10;        at java.util.concurrent.ThreadPoolExecutor.runWorker(ThreadPoolExecutor.java:1134)&#10;        at java.util.concurrent.ThreadPoolExecutor$Worker.run(ThreadPoolExecutor.java:624)&#10;        at java.lang.Thread.run(Thread.java:748)&#10;&quot;pool-60-thread-1&quot;  prio=5 tid=239 timed_waiting&#10;java.lang.Thread.State: TIMED_WAITING&#10;        at sun.misc.Unsafe.park(Native Method)&#10;        at java.util.concurrent.locks.LockSupport.parkNanos(LockSupport.java:215)&#10;        at java.util.concurrent.locks.AbstractQueuedSynchronizer$ConditionObject.awaitNanos(AbstractQueuedSynchronizer.java:2078)&#10;        at java.util.concurrent.ScheduledThreadPoolExecutor$DelayedWorkQueue.take(ScheduledThreadPoolExecutor.java:1093)&#10;        at java.util.concurrent.ScheduledThreadPoolExecutor$DelayedWorkQueue.take(ScheduledThreadPoolExecutor.java:809)&#10;        at java.util.concurrent.ThreadPoolExecutor.getTask(ThreadPoolExecutor.java:1074)&#10;        at java.util.concurrent.ThreadPoolExecutor.runWorker(ThreadPoolExecutor.java:1134)&#10;        at java.util.concurrent.ThreadPoolExecutor$Worker.run(ThreadPoolExecutor.java:624)&#10;        at java.lang.Thread.run(Thread.java:748)&#10;&quot;Socket Reader #1 for port 34339&quot;  prio=5 tid=15 runnable&#10;java.lang.Thread.State: RUNNABLE&#10;        at sun.nio.ch.EPollArrayWrapper.epollWait(Native Method)&#10;        at sun.nio.ch.EPollArrayWrapper.poll(EPollArrayWrapper.java:269)&#10;        at sun.nio.ch.EPollSelectorImpl.doSelect(EPollSelectorImpl.java:93)&#10;        at sun.nio.ch.SelectorImpl.lockAndDoSelect(SelectorImpl.java:86)&#10;        at sun.nio.ch.SelectorImpl.select(SelectorImpl.java:97)&#10;        at sun.nio.ch.SelectorImpl.select(SelectorImpl.java:101)&#10;        at org.apache.hadoop.ipc.Server$Listener$Reader.doRunLoop(Server.java:1097)&#10;        at org.apache.hadoop.ipc.Server$Listener$Reader.run(Server.java:1076)&#10;&quot;Datanode State Machine Thread - 0&quot; daemon prio=5 tid=251 timed_waiting&#10;java.lang.Thread.State: TIMED_WAITING&#10;        at java.lang.Thread.sleep(Native Method)&#10;        at org.apache.hadoop.ozone.container.common.statemachine.DatanodeStateMachine.start(DatanodeStateMachine.java:191)&#10;        at org.apache.hadoop.ozone.container.common.statemachine.DatanodeStateMachine.lambda$startDaemon$0(DatanodeStateMachine.java:349)&#10;        at org.apache.hadoop.ozone.container.common.statemachine.DatanodeStateMachine$$Lambda$140/1282899579.run(Unknown Source)&#10;        at java.lang.Thread.run(Thread.java:748)&#10;&quot;pool-46-thread-16&quot;  prio=5 tid=395 in Object.wait()&#10;java.lang.Thread.State: WAITING (on object monitor)&#10;        at sun.misc.Unsafe.park(Native Method)&#10;        at java.util.concurrent.locks.LockSupport.park(LockSupport.java:175)&#10;        at java.util.concurrent.locks.AbstractQueuedSynchronizer$ConditionObject.await(AbstractQueuedSynchronizer.java:2039)&#10;        at java.util.concurrent.ArrayBlockingQueue.take(ArrayBlockingQueue.java:403)&#10;        at java.util.concurrent.ThreadPoolExecutor.getTask(ThreadPoolExecutor.java:1074)&#10;        at java.util.concurrent.ThreadPoolExecutor.runWorker(ThreadPoolExecutor.java:1134)&#10;        at java.util.concurrent.ThreadPoolExecutor$Worker.run(ThreadPoolExecutor.java:624)&#10;        at java.lang.Thread.run(Thread.java:748)&#10;&quot;qtp7829163-93&quot; daemon prio=5 tid=93 timed_waiting&#10;java.lang.Thread.State: TIMED_WAITING&#10;        at sun.misc.Unsafe.park(Native Method)&#10;        at java.util.concurrent.locks.LockSupport.parkNanos(LockSupport.java:215)&#10;        at java.util.concurrent.locks.AbstractQueuedSynchronizer$ConditionObject.awaitNanos(AbstractQueuedSynchronizer.java:2078)&#10;        at org.eclipse.jetty.util.BlockingArrayQueue.poll(BlockingArrayQueue.java:392)&#10;        at org.eclipse.jetty.util.thread.QueuedThreadPool.idleJobPoll(QueuedThreadPool.java:563)&#10;        at org.eclipse.jetty.util.thread.QueuedThreadPool.access$800(QueuedThreadPool.java:48)&#10;        at org.eclipse.jetty.util.thread.QueuedThreadPool$2.run(QueuedThreadPool.java:626)&#10;        at java.lang.Thread.run(Thread.java:748)&#10;&quot;IPC Server handler 5 on 40088&quot; daemon prio=5 tid=54 timed_waiting&#10;java.lang.Thread.State: TIMED_WAITING&#10;        at sun.misc.Unsafe.park(Native Method)&#10;        at java.util.concurrent.locks.LockSupport.parkNanos(LockSupport.java:215)&#10;        at java.util.concurrent.locks.AbstractQueuedSynchronizer$ConditionObject.awaitNanos(AbstractQueuedSynchronizer.java:2078)&#10;        at java.util.concurrent.LinkedBlockingQueue.poll(LinkedBlockingQueue.java:467)&#10;        at org.apache.hadoop.ipc.CallQueueManager.take(CallQueueManager.java:288)&#10;        at org.apache.hadoop.ipc.Server$Handler.run(Server.java:2668)&#10;&quot;pool-46-thread-1&quot;  prio=5 tid=380 in Object.wait()&#10;java.lang.Thread.State: WAITING (on object monitor)&#10;        at sun.misc.Unsafe.park(Native Method)&#10;        at java.util.concurrent.locks.LockSupport.park(LockSupport.java:175)&#10;        at java.util.concurrent.locks.AbstractQueuedSynchronizer$ConditionObject.await(AbstractQueuedSynchronizer.java:2039)&#10;        at java.util.concurrent.ArrayBlockingQueue.take(ArrayBlockingQueue.java:403)&#10;        at java.util.concurrent.ThreadPoolExecutor.getTask(ThreadPoolExecutor.java:1074)&#10;        at java.util.concurrent.ThreadPoolExecutor.runWorker(ThreadPoolExecutor.java:1134)&#10;        at java.util.concurrent.ThreadPoolExecutor$Worker.run(ThreadPoolExecutor.java:624)&#10;        at java.lang.Thread.run(Thread.java:748)&#10;&quot;org.apache.hadoop.util.JvmPauseMonitor$Monitor@6e44a60c&quot; daemon prio=5 tid=179 timed_waiting&#10;java.lang.Thread.State: TIMED_WAITING&#10;        at java.lang.Thread.sleep(Native Method)&#10;        at org.apache.hadoop.util.JvmPauseMonitor$Monitor.run(JvmPauseMonitor.java:192)&#10;        at java.lang.Thread.run(Thread.java:748)&#10;&quot;pool-26-thread-37&quot;  prio=5 tid=333 in Object.wait()&#10;java.lang.Thread.State: WAITING (on object monitor)&#10;        at sun.misc.Unsafe.park(Native Method)&#10;        at java.util.concurrent.locks.LockSupport.park(LockSupport.java:175)&#10;        at java.util.concurrent.locks.AbstractQueuedSynchronizer$ConditionObject.await(AbstractQueuedSynchronizer.java:2039)&#10;        at java.util.concurrent.ArrayBlockingQueue.take(ArrayBlockingQueue.java:403)&#10;        at java.util.concurrent.ThreadPoolExecutor.getTask(ThreadPoolExecutor.java:1074)&#10;        at java.util.concurrent.ThreadPoolExecutor.runWorker(ThreadPoolExecutor.java:1134)&#10;        at java.util.concurrent.ThreadPoolExecutor$Worker.run(ThreadPoolExecutor.java:624)&#10;        at java.lang.Thread.run(Thread.java:748)&#10;&quot;Datanode ReportManager Thread - 2&quot; daemon prio=5 tid=254 in Object.wait()&#10;java.lang.Thread.State: WAITING (on object monitor)&#10;        at sun.misc.Unsafe.park(Native Method)&#10;        at java.util.concurrent.locks.LockSupport.park(LockSupport.java:175)&#10;        at java.util.concurrent.locks.AbstractQueuedSynchronizer$ConditionObject.await(AbstractQueuedSynchronizer.java:2039)&#10;        at java.util.concurrent.ScheduledThreadPoolExecutor$DelayedWorkQueue.take(ScheduledThreadPoolExecutor.java:1088)&#10;        at java.util.concurrent.ScheduledThreadPoolExecutor$DelayedWorkQueue.take(ScheduledThreadPoolExecutor.java:809)&#10;        at java.util.concurrent.ThreadPoolExecutor.getTask(ThreadPoolExecutor.java:1074)&#10;        at java.util.concurrent.ThreadPoolExecutor.runWorker(ThreadPoolExecutor.java:1134)&#10;        at java.util.concurrent.ThreadPoolExecutor$Worker.run(ThreadPoolExecutor.java:624)&#10;        at java.lang.Thread.run(Thread.java:748)&#10;&quot;pool-36-thread-35&quot;  prio=5 tid=328 in Object.wait()&#10;java.lang.Thread.State: WAITING (on object monitor)&#10;        at sun.misc.Unsafe.park(Native Method)&#10;        at java.util.concurrent.locks.LockSupport.park(LockSupport.java:175)&#10;        at java.util.concurrent.locks.AbstractQueuedSynchronizer$ConditionObject.await(AbstractQueuedSynchronizer.java:2039)&#10;        at java.util.concurrent.ArrayBlockingQueue.take(ArrayBlockingQueue.java:403)&#10;        at java.util.concurrent.ThreadPoolExecutor.getTask(ThreadPoolExecutor.java:1074)&#10;        at java.util.concurrent.ThreadPoolExecutor.runWorker(ThreadPoolExecutor.java:1134)&#10;        at java.util.concurrent.ThreadPoolExecutor$Worker.run(ThreadPoolExecutor.java:624)&#10;        at java.lang.Thread.run(Thread.java:748)&#10;&quot;pool-56-thread-2&quot;  prio=5 tid=441 in Object.wait()&#10;java.lang.Thread.State: WAITING (on object monitor)&#10;        at sun.misc.Unsafe.park(Native Method)&#10;        at java.util.concurrent.locks.LockSupport.park(LockSupport.java:175)&#10;        at java.util.concurrent.locks.AbstractQueuedSynchronizer$ConditionObject.await(AbstractQueuedSynchronizer.java:2039)&#10;        at java.util.concurrent.ArrayBlockingQueue.take(ArrayBlockingQueue.java:403)&#10;        at java.util.concurrent.ThreadPoolExecutor.getTask(ThreadPoolExecutor.java:1074)&#10;        at java.util.concurrent.ThreadPoolExecutor.runWorker(ThreadPoolExecutor.java:1134)&#10;        at java.util.concurrent.ThreadPoolExecutor$Worker.run(ThreadPoolExecutor.java:624)&#10;        at java.lang.Thread.run(Thread.java:748)&#10;&quot;qtp1080561710-164&quot; daemon prio=5 tid=164 timed_waiting&#10;java.lang.Thread.State: TIMED_WAITING&#10;        at sun.misc.Unsafe.park(Native Method)&#10;        at java.util.concurrent.locks.LockSupport.parkNanos(LockSupport.java:215)&#10;        at java.util.concurrent.locks.AbstractQueuedSynchronizer$ConditionObject.awaitNanos(AbstractQueuedSynchronizer.java:2078)&#10;        at org.eclipse.jetty.util.BlockingArrayQueue.poll(BlockingArrayQueue.java:392)&#10;        at org.eclipse.jetty.util.thread.QueuedThreadPool.idleJobPoll(QueuedThreadPool.java:563)&#10;        at org.eclipse.jetty.util.thread.QueuedThreadPool.access$800(QueuedThreadPool.java:48)&#10;        at org.eclipse.jetty.util.thread.QueuedThreadPool$2.run(QueuedThreadPool.java:626)&#10;        at java.lang.Thread.run(Thread.java:748)&#10;&quot;qtp1080561710-160-acceptor-0@37fbd79d-ServerConnector@f951a7f{HTTP/1.1,[http/1.1]}{0.0.0.0:37764}&quot; daemon prio=3 tid=160 runnable&#10;java.lang.Thread.State: RUNNABLE&#10;        at sun.nio.ch.ServerSocketChannelImpl.accept0(Native Method)&#10;        at sun.nio.ch.ServerSocketChannelImpl.accept(ServerSocketChannelImpl.java:422)&#10;        at sun.nio.ch.ServerSocketChannelImpl.accept(ServerSocketChannelImpl.java:250)&#10;        at org.eclipse.jetty.server.ServerConnector.accept(ServerConnector.java:397)&#10;        at org.eclipse.jetty.server.AbstractConnector$Acceptor.run(AbstractConnector.java:601)&#10;        at org.eclipse.jetty.util.thread.QueuedThreadPool.runJob(QueuedThreadPool.java:671)&#10;        at org.eclipse.jetty.util.thread.QueuedThreadPool$2.run(QueuedThreadPool.java:589)&#10;        at java.lang.Thread.run(Thread.java:748)&#10;&quot;metrics-hadoop-metrics2-reporter-30-thread-1&quot; daemon prio=5 tid=611 timed_waiting&#10;java.lang.Thread.State: TIMED_WAITING&#10;        at sun.misc.Unsafe.park(Native Method)&#10;        at java.util.concurrent.locks.LockSupport.parkNanos(LockSupport.java:215)&#10;        at java.util.concurrent.locks.AbstractQueuedSynchronizer$ConditionObject.awaitNanos(AbstractQueuedSynchronizer.java:2078)&#10;        at java.util.concurrent.ScheduledThreadPoolExecutor$DelayedWorkQueue.take(ScheduledThreadPoolExecutor.java:1093)&#10;        at java.util.concurrent.ScheduledThreadPoolExecutor$DelayedWorkQueue.take(ScheduledThreadPoolExecutor.java:809)&#10;        at java.util.concurrent.ThreadPoolExecutor.getTask(ThreadPoolExecutor.java:1074)&#10;        at java.util.concurrent.ThreadPoolExecutor.runWorker(ThreadPoolExecutor.java:1134)&#10;        at java.util.concurrent.ThreadPoolExecutor$Worker.run(ThreadPoolExecutor.java:624)&#10;        at java.lang.Thread.run(Thread.java:748)&#10;&quot;IPC Server handler 2 on 38234&quot; daemon prio=5 tid=116 timed_waiting&#10;java.lang.Thread.State: TIMED_WAITING&#10;        at sun.misc.Unsafe.park(Native Method)&#10;        at java.util.concurrent.locks.LockSupport.parkNanos(LockSupport.java:215)&#10;        at java.util.concurrent.locks.AbstractQueuedSynchronizer$ConditionObject.awaitNanos(AbstractQueuedSynchronizer.java:2078)&#10;        at java.util.concurrent.LinkedBlockingQueue.poll(LinkedBlockingQueue.java:467)&#10;        at org.apache.hadoop.ipc.CallQueueManager.take(CallQueueManager.java:288)&#10;        at org.apache.hadoop.ipc.Server$Handler.run(Server.java:2668)&#10;&quot;IPC Server handler 14 on 34339&quot; daemon prio=5 tid=83 timed_waiting&#10;java.lang.Thread.State: TIMED_WAITING&#10;        at sun.misc.Unsafe.park(Native Method)&#10;        at java.util.concurrent.locks.LockSupport.parkNanos(LockSupport.java:215)&#10;        at java.util.concurrent.locks.AbstractQueuedSynchronizer$ConditionObject.awaitNanos(AbstractQueuedSynchronizer.java:2078)&#10;        at java.util.concurrent.LinkedBlockingQueue.poll(LinkedBlockingQueue.java:467)&#10;        at org.apache.hadoop.ipc.CallQueueManager.take(CallQueueManager.java:288)&#10;        at org.apache.hadoop.ipc.Server$Handler.run(Server.java:2668)&#10;&quot;IPC Server handler 9 on 40088&quot; daemon prio=5 tid=58 timed_waiting&#10;java.lang.Thread.State: TIMED_WAITING&#10;        at sun.misc.Unsafe.park(Native Method)&#10;        at java.util.concurrent.locks.LockSupport.parkNanos(LockSupport.java:215)&#10;        at java.util.concurrent.locks.AbstractQueuedSynchronizer$ConditionObject.awaitNanos(AbstractQueuedSynchronizer.java:2078)&#10;        at java.util.concurrent.LinkedBlockingQueue.poll(LinkedBlockingQueue.java:467)&#10;        at org.apache.hadoop.ipc.CallQueueManager.take(CallQueueManager.java:288)&#10;        at org.apache.hadoop.ipc.Server$Handler.run(Server.java:2668)&#10;&quot;pool-36-thread-48&quot;  prio=5 tid=354 in Object.wait()&#10;java.lang.Thread.State: WAITING (on object monitor)&#10;        at sun.misc.Unsafe.park(Native Method)&#10;        at java.util.concurrent.locks.LockSupport.park(LockSupport.java:175)&#10;        at java.util.concurrent.locks.AbstractQueuedSynchronizer$ConditionObject.await(AbstractQueuedSynchronizer.java:2039)&#10;        at java.util.concurrent.ArrayBlockingQueue.take(ArrayBlockingQueue.java:403)&#10;        at java.util.concurrent.ThreadPoolExecutor.getTask(ThreadPoolExecutor.java:1074)&#10;        at java.util.concurrent.ThreadPoolExecutor.runWorker(ThreadPoolExecutor.java:1134)&#10;        at java.util.concurrent.ThreadPoolExecutor$Worker.run(ThreadPoolExecutor.java:624)&#10;        at java.lang.Thread.run(Thread.java:748)&#10;&quot;pool-36-thread-4&quot;  prio=5 tid=266 in Object.wait()&#10;java.lang.Thread.State: WAITING (on object monitor)&#10;        at sun.misc.Unsafe.park(Native Method)&#10;        at java.util.concurrent.locks.LockSupport.park(LockSupport.java:175)&#10;        at java.util.concurrent.locks.AbstractQueuedSynchronizer$ConditionObject.await(AbstractQueuedSynchronizer.java:2039)&#10;        at java.util.concurrent.ArrayBlockingQueue.take(ArrayBlockingQueue.java:403)&#10;        at java.util.concurrent.ThreadPoolExecutor.getTask(ThreadPoolExecutor.java:1074)&#10;        at java.util.concurrent.ThreadPoolExecutor.runWorker(ThreadPoolExecutor.java:1134)&#10;        at java.util.concurrent.ThreadPoolExecutor$Worker.run(ThreadPoolExecutor.java:624)&#10;        at java.lang.Thread.run(Thread.java:748)&#10;&quot;ReplicationMonitor&quot; daemon prio=5 tid=686 timed_waiting&#10;java.lang.Thread.State: TIMED_WAITING&#10;        at java.lang.Object.wait(Native Method)&#10;        at org.apache.hadoop.hdds.scm.container.ReplicationManager.run(ReplicationManager.java:229)&#10;        at org.apache.hadoop.hdds.scm.container.ReplicationManager$$Lambda$488/1235419656.run(Unknown Source)&#10;        at java.lang.Thread.run(Thread.java:748)&#10;&quot;pool-36-thread-37&quot;  prio=5 tid=332 in Object.wait()&#10;java.lang.Thread.State: WAITING (on object monitor)&#10;        at sun.misc.Unsafe.park(Native Method)&#10;        at java.util.concurrent.locks.LockSupport.park(LockSupport.java:175)&#10;        at java.util.concurrent.locks.AbstractQueuedSynchronizer$ConditionObject.await(AbstractQueuedSynchronizer.java:2039)&#10;        at java.util.concurrent.ArrayBlockingQueue.take(ArrayBlockingQueue.java:403)&#10;        at java.util.concurrent.ThreadPoolExecutor.getTask(ThreadPoolExecutor.java:1074)&#10;        at java.util.concurrent.ThreadPoolExecutor.runWorker(ThreadPoolExecutor.java:1134)&#10;        at java.util.concurrent.ThreadPoolExecutor$Worker.run(ThreadPoolExecutor.java:624)&#10;        at java.lang.Thread.run(Thread.java:748)&#10;&quot;metrics-hadoop-metrics2-reporter-23-thread-1&quot; daemon prio=5 tid=586 timed_waiting&#10;java.lang.Thread.State: TIMED_WAITING&#10;        at sun.misc.Unsafe.park(Native Method)&#10;        at java.util.concurrent.locks.LockSupport.parkNanos(LockSupport.java:215)&#10;        at java.util.concurrent.locks.AbstractQueuedSynchronizer$ConditionObject.awaitNanos(AbstractQueuedSynchronizer.java:2078)&#10;        at java.util.concurrent.ScheduledThreadPoolExecutor$DelayedWorkQueue.take(ScheduledThreadPoolExecutor.java:1093)&#10;        at java.util.concurrent.ScheduledThreadPoolExecutor$DelayedWorkQueue.take(ScheduledThreadPoolExecutor.java:809)&#10;        at java.util.concurrent.ThreadPoolExecutor.getTask(ThreadPoolExecutor.java:1074)&#10;        at java.util.concurrent.ThreadPoolExecutor.runWorker(ThreadPoolExecutor.java:1134)&#10;        at java.util.concurrent.ThreadPoolExecutor$Worker.run(ThreadPoolExecutor.java:624)&#10;        at java.lang.Thread.run(Thread.java:748)&#10;&quot;pool-46-thread-11&quot;  prio=5 tid=390 in Object.wait()&#10;java.lang.Thread.State: WAITING (on object monitor)&#10;        at sun.misc.Unsafe.park(Native Method)&#10;        at java.util.concurrent.locks.LockSupport.park(LockSupport.java:175)&#10;        at java.util.concurrent.locks.AbstractQueuedSynchronizer$ConditionObject.await(AbstractQueuedSynchronizer.java:2039)&#10;        at java.util.concurrent.ArrayBlockingQueue.take(ArrayBlockingQueue.java:403)&#10;        at java.util.concurrent.ThreadPoolExecutor.getTask(ThreadPoolExecutor.java:1074)&#10;        at java.util.concurrent.ThreadPoolExecutor.runWorker(ThreadPoolExecutor.java:1134)&#10;        at java.util.concurrent.ThreadPoolExecutor$Worker.run(ThreadPoolExecutor.java:624)&#10;        at java.lang.Thread.run(Thread.java:748)&#10;&quot;40d2d32e-dd25-45df-8070-f9dc56ccf0a7@group-7EB39FB5DF22-SegmentedRaftLogWorker&quot;  prio=5 tid=691 timed_waiting&#10;java.lang.Thread.State: TIMED_WAITING&#10;        at sun.misc.Unsafe.park(Native Method)&#10;        at java.util.concurrent.locks.LockSupport.parkNanos(LockSupport.java:215)&#10;        at java.util.concurrent.locks.AbstractQueuedSynchronizer$ConditionObject.awaitNanos(AbstractQueuedSynchronizer.java:2078)&#10;        at org.apache.ratis.util.DataBlockingQueue.poll(DataBlockingQueue.java:137)&#10;        at org.apache.ratis.server.raftlog.segmented.SegmentedRaftLogWorker.run(SegmentedRaftLogWorker.java:282)&#10;        at java.lang.Thread.run(Thread.java:748)&#10;&quot;java.util.concurrent.ThreadPoolExecutor$Worker@6ef93aac[State = -1, empty queue]&quot; daemon prio=5 tid=619 timed_waiting&#10;java.lang.Thread.State: TIMED_WAITING&#10;        at sun.misc.Unsafe.park(Native Method)&#10;        at java.util.concurrent.locks.LockSupport.parkNanos(LockSupport.java:215)&#10;        at java.util.concurrent.locks.AbstractQueuedSynchronizer$ConditionObject.awaitNanos(AbstractQueuedSynchronizer.java:2078)&#10;        at java.util.concurrent.ScheduledThreadPoolExecutor$DelayedWorkQueue.take(ScheduledThreadPoolExecutor.java:1093)&#10;        at java.util.concurrent.ScheduledThreadPoolExecutor$DelayedWorkQueue.take(ScheduledThreadPoolExecutor.java:809)&#10;        at java.util.concurrent.ThreadPoolExecutor.getTask(ThreadPoolExecutor.java:1074)&#10;        at java.util.concurrent.ThreadPoolExecutor.runWorker(ThreadPoolExecutor.java:1134)&#10;        at java.util.concurrent.ThreadPoolExecutor$Worker.run(ThreadPoolExecutor.java:624)&#10;        at java.lang.Thread.run(Thread.java:748)&#10;&quot;IPC Server handler 16 on 38234&quot; daemon prio=5 tid=131 timed_waiting&#10;java.lang.Thread.State: TIMED_WAITING&#10;        at sun.misc.Unsafe.park(Native Method)&#10;        at java.util.concurrent.locks.LockSupport.parkNanos(LockSupport.java:215)&#10;        at java.util.concurrent.locks.AbstractQueuedSynchronizer$ConditionObject.awaitNanos(AbstractQueuedSynchronizer.java:2078)&#10;        at java.util.concurrent.LinkedBlockingQueue.poll(LinkedBlockingQueue.java:467)&#10;        at org.apache.hadoop.ipc.CallQueueManager.take(CallQueueManager.java:288)&#10;        at org.apache.hadoop.ipc.Server$Handler.run(Server.java:2668)&#10;&quot;pool-26-thread-19&quot;  prio=5 tid=297 in Object.wait()&#10;java.lang.Thread.State: WAITING (on object monitor)&#10;        at sun.misc.Unsafe.park(Native Method)&#10;        at java.util.concurrent.locks.LockSupport.park(LockSupport.java:175)&#10;        at java.util.concurrent.locks.AbstractQueuedSynchronizer$ConditionObject.await(AbstractQueuedSynchronizer.java:2039)&#10;        at java.util.concurrent.ArrayBlockingQueue.take(ArrayBlockingQueue.java:403)&#10;        at java.util.concurrent.ThreadPoolExecutor.getTask(ThreadPoolExecutor.java:1074)&#10;        at java.util.concurrent.ThreadPoolExecutor.runWorker(ThreadPoolExecutor.java:1134)&#10;        at java.util.concurrent.ThreadPoolExecutor$Worker.run(ThreadPoolExecutor.java:624)&#10;        at java.lang.Thread.run(Thread.java:748)&#10;&quot;qtp1713847712-215&quot; daemon prio=5 tid=215 timed_waiting&#10;java.lang.Thread.State: TIMED_WAITING&#10;        at sun.misc.Unsafe.park(Native Method)&#10;        at java.util.concurrent.locks.LockSupport.parkNanos(LockSupport.java:215)&#10;        at java.util.concurrent.locks.AbstractQueuedSynchronizer$ConditionObject.awaitNanos(AbstractQueuedSynchronizer.java:2078)&#10;        at org.eclipse.jetty.util.BlockingArrayQueue.poll(BlockingArrayQueue.java:392)&#10;        at org.eclipse.jetty.util.thread.QueuedThreadPool.idleJobPoll(QueuedThreadPool.java:563)&#10;        at org.eclipse.jetty.util.thread.QueuedThreadPool.access$800(QueuedThreadPool.java:48)&#10;        at org.eclipse.jetty.util.thread.QueuedThreadPool$2.run(QueuedThreadPool.java:626)&#10;        at java.lang.Thread.run(Thread.java:748)&#10;&quot;pool-26-thread-21&quot;  prio=5 tid=301 in Object.wait()&#10;java.lang.Thread.State: WAITING (on object monitor)&#10;        at sun.misc.Unsafe.park(Native Method)&#10;        at java.util.concurrent.locks.LockSupport.park(LockSupport.java:175)&#10;        at java.util.concurrent.locks.AbstractQueuedSynchronizer$ConditionObject.await(AbstractQueuedSynchronizer.java:2039)&#10;        at java.util.concurrent.ArrayBlockingQueue.take(ArrayBlockingQueue.java:403)&#10;        at java.util.concurrent.ThreadPoolExecutor.getTask(ThreadPoolExecutor.java:1074)&#10;        at java.util.concurrent.ThreadPoolExecutor.runWorker(ThreadPoolExecutor.java:1134)&#10;        at java.util.concurrent.ThreadPoolExecutor$Worker.run(ThreadPoolExecutor.java:624)&#10;        at java.lang.Thread.run(Thread.java:748)&#10;&quot;pool-26-thread-47&quot;  prio=5 tid=353 in Object.wait()&#10;java.lang.Thread.State: WAITING (on object monitor)&#10;        at sun.misc.Unsafe.park(Native Method)&#10;        at java.util.concurrent.locks.LockSupport.park(LockSupport.java:175)&#10;        at java.util.concurrent.locks.AbstractQueuedSynchronizer$ConditionObject.await(AbstractQueuedSynchronizer.java:2039)&#10;        at java.util.concurrent.ArrayBlockingQueue.take(ArrayBlockingQueue.java:403)&#10;        at java.util.concurrent.ThreadPoolExecutor.getTask(ThreadPoolExecutor.java:1074)&#10;        at java.util.concurrent.ThreadPoolExecutor.runWorker(ThreadPoolExecutor.java:1134)&#10;        at java.util.concurrent.ThreadPoolExecutor$Worker.run(ThreadPoolExecutor.java:624)&#10;        at java.lang.Thread.run(Thread.java:748)&#10;&quot;qtp707892422-190&quot; daemon prio=5 tid=190 timed_waiting&#10;java.lang.Thread.State: TIMED_WAITING&#10;        at sun.misc.Unsafe.park(Native Method)&#10;        at java.util.concurrent.locks.LockSupport.parkNanos(LockSupport.java:215)&#10;        at java.util.concurrent.locks.AbstractQueuedSynchronizer$ConditionObject.awaitNanos(AbstractQueuedSynchronizer.java:2078)&#10;        at org.eclipse.jetty.util.BlockingArrayQueue.poll(BlockingArrayQueue.java:392)&#10;        at org.eclipse.jetty.util.thread.QueuedThreadPool.idleJobPoll(QueuedThreadPool.java:563)&#10;        at org.eclipse.jetty.util.thread.QueuedThreadPool.access$800(QueuedThreadPool.java:48)&#10;        at org.eclipse.jetty.util.thread.QueuedThreadPool$2.run(QueuedThreadPool.java:626)&#10;        at java.lang.Thread.run(Thread.java:748)&#10;&quot;pool-56-thread-23&quot;  prio=5 tid=462 in Object.wait()&#10;java.lang.Thread.State: WAITING (on object monitor)&#10;        at sun.misc.Unsafe.park(Native Method)&#10;        at java.util.concurrent.locks.LockSupport.park(LockSupport.java:175)&#10;        at java.util.concurrent.locks.AbstractQueuedSynchronizer$ConditionObject.await(AbstractQueuedSynchronizer.java:2039)&#10;        at java.util.concurrent.ArrayBlockingQueue.take(ArrayBlockingQueue.java:403)&#10;        at java.util.concurrent.ThreadPoolExecutor.getTask(ThreadPoolExecutor.java:1074)&#10;        at java.util.concurrent.ThreadPoolExecutor.runWorker(ThreadPoolExecutor.java:1134)&#10;        at java.util.concurrent.ThreadPoolExecutor$Worker.run(ThreadPoolExecutor.java:624)&#10;        at java.lang.Thread.run(Thread.java:748)&#10;&quot;pool-36-thread-42&quot;  prio=5 tid=342 in Object.wait()&#10;java.lang.Thread.State: WAITING (on object monitor)&#10;        at sun.misc.Unsafe.park(Native Method)&#10;        at java.util.concurrent.locks.LockSupport.park(LockSupport.java:175)&#10;        at java.util.concurrent.locks.AbstractQueuedSynchronizer$ConditionObject.await(AbstractQueuedSynchronizer.java:2039)&#10;        at java.util.concurrent.ArrayBlockingQueue.take(ArrayBlockingQueue.java:403)&#10;        at java.util.concurrent.ThreadPoolExecutor.getTask(ThreadPoolExecutor.java:1074)&#10;        at java.util.concurrent.ThreadPoolExecutor.runWorker(ThreadPoolExecutor.java:1134)&#10;        at java.util.concurrent.ThreadPoolExecutor$Worker.run(ThreadPoolExecutor.java:624)&#10;        at java.lang.Thread.run(Thread.java:748)&#10;&quot;pool-56-thread-59&quot;  prio=5 tid=498 in Object.wait()&#10;java.lang.Thread.State: WAITING (on object monitor)&#10;        at sun.misc.Unsafe.park(Native Method)&#10;        at java.util.concurrent.locks.LockSupport.park(LockSupport.java:175)&#10;        at java.util.concurrent.locks.AbstractQueuedSynchronizer$ConditionObject.await(AbstractQueuedSynchronizer.java:2039)&#10;        at java.util.concurrent.ArrayBlockingQueue.take(ArrayBlockingQueue.java:403)&#10;        at java.util.concurrent.ThreadPoolExecutor.getTask(ThreadPoolExecutor.java:1074)&#10;        at java.util.concurrent.ThreadPoolExecutor.runWorker(ThreadPoolExecutor.java:1134)&#10;        at java.util.concurrent.ThreadPoolExecutor$Worker.run(ThreadPoolExecutor.java:624)&#10;        at java.lang.Thread.run(Thread.java:748)&#10;&quot;qtp206310209-136&quot; daemon prio=5 tid=136 runnable&#10;java.lang.Thread.State: RUNNABLE&#10;        at sun.nio.ch.EPollArrayWrapper.epollWait(Native Method)&#10;        at sun.nio.ch.EPollArrayWrapper.poll(EPollArrayWrapper.java:269)&#10;        at sun.nio.ch.EPollSelectorImpl.doSelect(EPollSelectorImpl.java:93)&#10;        at sun.nio.ch.SelectorImpl.lockAndDoSelect(SelectorImpl.java:86)&#10;        at sun.nio.ch.SelectorImpl.select(SelectorImpl.java:97)&#10;        at sun.nio.ch.SelectorImpl.select(SelectorImpl.java:101)&#10;        at org.eclipse.jetty.io.ManagedSelector$SelectorProducer.select(ManagedSelector.java:243)&#10;        at org.eclipse.jetty.io.ManagedSelector$SelectorProducer.produce(ManagedSelector.java:191)&#10;        at org.eclipse.jetty.util.thread.strategy.ExecuteProduceConsume.executeProduceConsume(ExecuteProduceConsume.java:249)&#10;        at org.eclipse.jetty.util.thread.strategy.ExecuteProduceConsume.produceConsume(ExecuteProduceConsume.java:148)&#10;        at org.eclipse.jetty.util.thread.strategy.ExecuteProduceConsume.execute(ExecuteProduceConsume.java:100)&#10;        at org.eclipse.jetty.io.ManagedSelector.run(ManagedSelector.java:147)&#10;        at org.eclipse.jetty.util.thread.QueuedThreadPool.runJob(QueuedThreadPool.java:671)&#10;        at org.eclipse.jetty.util.thread.QueuedThreadPool$2.run(QueuedThreadPool.java:589)&#10;        at java.lang.Thread.run(Thread.java:748)&#10;&quot;pool-34-thread-1&quot; daemon prio=5 tid=183 timed_waiting&#10;java.lang.Thread.State: TIMED_WAITING&#10;        at sun.misc.Unsafe.park(Native Method)&#10;        at java.util.concurrent.locks.LockSupport.parkNanos(LockSupport.java:215)&#10;        at java.util.concurrent.locks.AbstractQueuedSynchronizer$ConditionObject.awaitNanos(AbstractQueuedSynchronizer.java:2078)&#10;        at java.util.concurrent.ScheduledThreadPoolExecutor$DelayedWorkQueue.take(ScheduledThreadPoolExecutor.java:1093)&#10;        at java.util.concurrent.ScheduledThreadPoolExecutor$DelayedWorkQueue.take(ScheduledThreadPoolExecutor.java:809)&#10;        at java.util.concurrent.ThreadPoolExecutor.getTask(ThreadPoolExecutor.java:1074)&#10;        at java.util.concurrent.ThreadPoolExecutor.runWorker(ThreadPoolExecutor.java:1134)&#10;        at java.util.concurrent.ThreadPoolExecutor$Worker.run(ThreadPoolExecutor.java:624)&#10;        at java.lang.Thread.run(Thread.java:748)&#10;&quot;IPC Server handler 8 on 34339&quot; daemon prio=5 tid=77 timed_waiting&#10;java.lang.Thread.State: TIMED_WAITING&#10;        at sun.misc.Unsafe.park(Native Method)&#10;        at java.util.concurrent.locks.LockSupport.parkNanos(LockSupport.java:215)&#10;        at java.util.concurrent.locks.AbstractQueuedSynchronizer$ConditionObject.awaitNanos(AbstractQueuedSynchronizer.java:2078)&#10;        at java.util.concurrent.LinkedBlockingQueue.poll(LinkedBlockingQueue.java:467)&#10;        at org.apache.hadoop.ipc.CallQueueManager.take(CallQueueManager.java:288)&#10;        at org.apache.hadoop.ipc.Server$Handler.run(Server.java:2668)&#10;&quot;pool-56-thread-55&quot;  prio=5 tid=494 in Object.wait()&#10;java.lang.Thread.State: WAITING (on object monitor)&#10;        at sun.misc.Unsafe.park(Native Method)&#10;        at java.util.concurrent.locks.LockSupport.park(LockSupport.java:175)&#10;        at java.util.concurrent.locks.AbstractQueuedSynchronizer$ConditionObject.await(AbstractQueuedSynchronizer.java:2039)&#10;        at java.util.concurrent.ArrayBlockingQueue.take(ArrayBlockingQueue.java:403)&#10;        at java.util.concurrent.ThreadPoolExecutor.getTask(ThreadPoolExecutor.java:1074)&#10;        at java.util.concurrent.ThreadPoolExecutor.runWorker(ThreadPoolExecutor.java:1134)&#10;        at java.util.concurrent.ThreadPoolExecutor$Worker.run(ThreadPoolExecutor.java:624)&#10;        at java.lang.Thread.run(Thread.java:748)&#10;&quot;pool-26-thread-52&quot;  prio=5 tid=362 in Object.wait()&#10;java.lang.Thread.State: WAITING (on object monitor)&#10;        at sun.misc.Unsafe.park(Native Method)&#10;        at java.util.concurrent.locks.LockSupport.park(LockSupport.java:175)&#10;        at java.util.concurrent.locks.AbstractQueuedSynchronizer$ConditionObject.await(AbstractQueuedSynchronizer.java:2039)&#10;        at java.util.concurrent.ArrayBlockingQueue.take(ArrayBlockingQueue.java:403)&#10;        at java.util.concurrent.ThreadPoolExecutor.getTask(ThreadPoolExecutor.java:1074)&#10;        at java.util.concurrent.ThreadPoolExecutor.runWorker(ThreadPoolExecutor.java:1134)&#10;        at java.util.concurrent.ThreadPoolExecutor$Worker.run(ThreadPoolExecutor.java:624)&#10;        at java.lang.Thread.run(Thread.java:748)&#10;&quot;metrics-hadoop-metrics2-reporter-20-thread-1&quot; daemon prio=5 tid=575 timed_waiting&#10;java.lang.Thread.State: TIMED_WAITING&#10;        at sun.misc.Unsafe.park(Native Method)&#10;        at java.util.concurrent.locks.LockSupport.parkNanos(LockSupport.java:215)&#10;        at java.util.concurrent.locks.AbstractQueuedSynchronizer$ConditionObject.awaitNanos(AbstractQueuedSynchronizer.java:2078)&#10;        at java.util.concurrent.ScheduledThreadPoolExecutor$DelayedWorkQueue.take(ScheduledThreadPoolExecutor.java:1093)&#10;        at java.util.concurrent.ScheduledThreadPoolExecutor$DelayedWorkQueue.take(ScheduledThreadPoolExecutor.java:809)&#10;        at java.util.concurrent.ThreadPoolExecutor.getTask(ThreadPoolExecutor.java:1074)&#10;        at java.util.concurrent.ThreadPoolExecutor.runWorker(ThreadPoolExecutor.java:1134)&#10;        at java.util.concurrent.ThreadPoolExecutor$Worker.run(ThreadPoolExecutor.java:624)&#10;        at java.lang.Thread.run(Thread.java:748)&#10;&quot;pool-40-thread-1&quot;  prio=5 tid=185 timed_waiting&#10;java.lang.Thread.State: TIMED_WAITING&#10;        at sun.misc.Unsafe.park(Native Method)&#10;        at java.util.concurrent.locks.LockSupport.parkNanos(LockSupport.java:215)&#10;        at java.util.concurrent.locks.AbstractQueuedSynchronizer$ConditionObject.awaitNanos(AbstractQueuedSynchronizer.java:2078)&#10;        at java.util.concurrent.ScheduledThreadPoolExecutor$DelayedWorkQueue.take(ScheduledThreadPoolExecutor.java:1093)&#10;        at java.util.concurrent.ScheduledThreadPoolExecutor$DelayedWorkQueue.take(ScheduledThreadPoolExecutor.java:809)&#10;        at java.util.concurrent.ThreadPoolExecutor.getTask(ThreadPoolExecutor.java:1074)&#10;        at java.util.concurrent.ThreadPoolExecutor.runWorker(ThreadPoolExecutor.java:1134)&#10;        at java.util.concurrent.ThreadPoolExecutor$Worker.run(ThreadPoolExecutor.java:624)&#10;        at java.lang.Thread.run(Thread.java:748)&#10;&quot;pool-26-thread-17&quot;  prio=5 tid=293 in Object.wait()&#10;java.lang.Thread.State: WAITING (on object monitor)&#10;        at sun.misc.Unsafe.park(Native Method)&#10;        at java.util.concurrent.locks.LockSupport.park(LockSupport.java:175)&#10;        at java.util.concurrent.locks.AbstractQueuedSynchronizer$ConditionObject.await(AbstractQueuedSynchronizer.java:2039)&#10;        at java.util.concurrent.ArrayBlockingQueue.take(ArrayBlockingQueue.java:403)&#10;        at java.util.concurrent.ThreadPoolExecutor.getTask(ThreadPoolExecutor.java:1074)&#10;        at java.util.concurrent.ThreadPoolExecutor.runWorker(ThreadPoolExecutor.java:1134)&#10;        at java.util.concurrent.ThreadPoolExecutor$Worker.run(ThreadPoolExecutor.java:624)&#10;        at java.lang.Thread.run(Thread.java:748)&#10;&quot;Datanode ReportManager Thread - 0&quot; daemon prio=5 tid=252 in Object.wait()&#10;java.lang.Thread.State: WAITING (on object monitor)&#10;        at sun.misc.Unsafe.park(Native Method)&#10;        at java.util.concurrent.locks.LockSupport.park(LockSupport.java:175)&#10;        at java.util.concurrent.locks.AbstractQueuedSynchronizer$ConditionObject.await(AbstractQueuedSynchronizer.java:2039)&#10;        at java.util.concurrent.ScheduledThreadPoolExecutor$DelayedWorkQueue.take(ScheduledThreadPoolExecutor.java:1088)&#10;        at java.util.concurrent.ScheduledThreadPoolExecutor$DelayedWorkQueue.take(ScheduledThreadPoolExecutor.java:809)&#10;        at java.util.concurrent.ThreadPoolExecutor.getTask(ThreadPoolExecutor.java:1074)&#10;        at java.util.concurrent.ThreadPoolExecutor.runWorker(ThreadPoolExecutor.java:1134)&#10;        at java.util.concurrent.ThreadPoolExecutor$Worker.run(ThreadPoolExecutor.java:624)&#10;        at java.lang.Thread.run(Thread.java:748)&#10;&quot;qtp1713847712-218&quot; daemon prio=5 tid=218 timed_waiting&#10;java.lang.Thread.State: TIMED_WAITING&#10;        at sun.misc.Unsafe.park(Native Method)&#10;        at java.util.concurrent.locks.LockSupport.parkNanos(LockSupport.java:215)&#10;        at java.util.concurrent.locks.AbstractQueuedSynchronizer$ConditionObject.awaitNanos(AbstractQueuedSynchronizer.java:2078)&#10;        at org.eclipse.jetty.util.BlockingArrayQueue.poll(BlockingArrayQueue.java:392)&#10;        at org.eclipse.jetty.util.thread.QueuedThreadPool.idleJobPoll(QueuedThreadPool.java:563)&#10;        at org.eclipse.jetty.util.thread.QueuedThreadPool.access$800(QueuedThreadPool.java:48)&#10;        at org.eclipse.jetty.util.thread.QueuedThreadPool$2.run(QueuedThreadPool.java:626)&#10;        at java.lang.Thread.run(Thread.java:748)&#10;&quot;metrics-hadoop-metrics2-reporter-10-thread-1&quot; daemon prio=5 tid=546 timed_waiting&#10;java.lang.Thread.State: TIMED_WAITING&#10;        at sun.misc.Unsafe.park(Native Method)&#10;        at java.util.concurrent.locks.LockSupport.parkNanos(LockSupport.java:215)&#10;        at java.util.concurrent.locks.AbstractQueuedSynchronizer$ConditionObject.awaitNanos(AbstractQueuedSynchronizer.java:2078)&#10;        at java.util.concurrent.ScheduledThreadPoolExecutor$DelayedWorkQueue.take(ScheduledThreadPoolExecutor.java:1093)&#10;        at java.util.concurrent.ScheduledThreadPoolExecutor$DelayedWorkQueue.take(ScheduledThreadPoolExecutor.java:809)&#10;        at java.util.concurrent.ThreadPoolExecutor.getTask(ThreadPoolExecutor.java:1074)&#10;        at java.util.concurrent.ThreadPoolExecutor.runWorker(ThreadPoolExecutor.java:1134)&#10;        at java.util.concurrent.ThreadPoolExecutor$Worker.run(ThreadPoolExecutor.java:624)&#10;        at java.lang.Thread.run(Thread.java:748)&#10;&quot;grpc-default-executor-4&quot; daemon prio=5 tid=625 timed_waiting&#10;java.lang.Thread.State: TIMED_WAITING&#10;        at sun.misc.Unsafe.park(Native Method)&#10;        at java.util.concurrent.locks.LockSupport.parkNanos(LockSupport.java:215)&#10;        at java.util.concurrent.SynchronousQueue$TransferStack.awaitFulfill(SynchronousQueue.java:460)&#10;        at java.util.concurrent.SynchronousQueue$TransferStack.transfer(SynchronousQueue.java:362)&#10;        at java.util.concurrent.SynchronousQueue.poll(SynchronousQueue.java:941)&#10;        at java.util.concurrent.ThreadPoolExecutor.getTask(ThreadPoolExecutor.java:1073)&#10;        at java.util.concurrent.ThreadPoolExecutor.runWorker(ThreadPoolExecutor.java:1134)&#10;        at java.util.concurrent.ThreadPoolExecutor$Worker.run(ThreadPoolExecutor.java:624)&#10;        at java.lang.Thread.run(Thread.java:748)&#10;&quot;pool-36-thread-10&quot;  prio=5 tid=278 in Object.wait()&#10;java.lang.Thread.State: WAITING (on object monitor)&#10;        at sun.misc.Unsafe.park(Native Method)&#10;        at java.util.concurrent.locks.LockSupport.park(LockSupport.java:175)&#10;        at java.util.concurrent.locks.AbstractQueuedSynchronizer$ConditionObject.await(AbstractQueuedSynchronizer.java:2039)&#10;        at java.util.concurrent.ArrayBlockingQueue.take(ArrayBlockingQueue.java:403)&#10;        at java.util.concurrent.ThreadPoolExecutor.getTask(ThreadPoolExecutor.java:1074)&#10;        at java.util.concurrent.ThreadPoolExecutor.runWorker(ThreadPoolExecutor.java:1134)&#10;        at java.util.concurrent.ThreadPoolExecutor$Worker.run(ThreadPoolExecutor.java:624)&#10;        at java.lang.Thread.run(Thread.java:748)&#10;&quot;Datanode ReportManager Thread - 0&quot; daemon prio=5 tid=198 in Object.wait()&#10;java.lang.Thread.State: WAITING (on object monitor)&#10;        at sun.misc.Unsafe.park(Native Method)&#10;        at java.util.concurrent.locks.LockSupport.park(LockSupport.java:175)&#10;        at java.util.concurrent.locks.AbstractQueuedSynchronizer$ConditionObject.await(AbstractQueuedSynchronizer.java:2039)&#10;        at java.util.concurrent.ScheduledThreadPoolExecutor$DelayedWorkQueue.take(ScheduledThreadPoolExecutor.java:1088)&#10;        at java.util.concurrent.ScheduledThreadPoolExecutor$DelayedWorkQueue.take(ScheduledThreadPoolExecutor.java:809)&#10;        at java.util.concurrent.ThreadPoolExecutor.getTask(ThreadPoolExecutor.java:1074)&#10;        at java.util.concurrent.ThreadPoolExecutor.runWorker(ThreadPoolExecutor.java:1134)&#10;        at java.util.concurrent.ThreadPoolExecutor$Worker.run(ThreadPoolExecutor.java:624)&#10;        at java.lang.Thread.run(Thread.java:748)&#10;&quot;pool-36-thread-30&quot;  prio=5 tid=318 in Object.wait()&#10;java.lang.Thread.State: WAITING (on object monitor)&#10;        at sun.misc.Unsafe.park(Native Method)&#10;        at java.util.concurrent.locks.LockSupport.park(LockSupport.java:175)&#10;        at java.util.concurrent.locks.AbstractQueuedSynchronizer$ConditionObject.await(AbstractQueuedSynchronizer.java:2039)&#10;        at java.util.concurrent.ArrayBlockingQueue.take(ArrayBlockingQueue.java:403)&#10;        at java.util.concurrent.ThreadPoolExecutor.getTask(ThreadPoolExecutor.java:1074)&#10;        at java.util.concurrent.ThreadPoolExecutor.runWorker(ThreadPoolExecutor.java:1134)&#10;        at java.util.concurrent.ThreadPoolExecutor$Worker.run(ThreadPoolExecutor.java:624)&#10;        at java.lang.Thread.run(Thread.java:748)&#10;&quot;Datanode State Machine Thread - 0&quot; daemon prio=5 tid=181 timed_waiting&#10;java.lang.Thread.State: TIMED_WAITING&#10;        at sun.misc.Unsafe.park(Native Method)&#10;        at java.util.concurrent.locks.LockSupport.parkNanos(LockSupport.java:215)&#10;        at java.util.concurrent.SynchronousQueue$TransferStack.awaitFulfill(SynchronousQueue.java:460)&#10;        at java.util.concurrent.SynchronousQueue$TransferStack.transfer(SynchronousQueue.java:362)&#10;        at java.util.concurrent.SynchronousQueue.poll(SynchronousQueue.java:941)&#10;        at java.util.concurrent.ThreadPoolExecutor.getTask(ThreadPoolExecutor.java:1073)&#10;        at java.util.concurrent.ThreadPoolExecutor.runWorker(ThreadPoolExecutor.java:1134)&#10;        at java.util.concurrent.ThreadPoolExecutor$Worker.run(ThreadPoolExecutor.java:624)&#10;        at java.lang.Thread.run(Thread.java:748)&#10;&quot;Periodic HDDS volume checker&quot;  prio=5 tid=152 timed_waiting&#10;java.lang.Thread.State: TIMED_WAITING&#10;        at sun.misc.Unsafe.park(Native Method)&#10;        at java.util.concurrent.locks.LockSupport.parkNanos(LockSupport.java:215)&#10;        at java.util.concurrent.locks.AbstractQueuedSynchronizer$ConditionObject.awaitNanos(AbstractQueuedSynchronizer.java:2078)&#10;        at java.util.concurrent.ScheduledThreadPoolExecutor$DelayedWorkQueue.take(ScheduledThreadPoolExecutor.java:1093)&#10;        at java.util.concurrent.ScheduledThreadPoolExecutor$DelayedWorkQueue.take(ScheduledThreadPoolExecutor.java:809)&#10;        at java.util.concurrent.ThreadPoolExecutor.getTask(ThreadPoolExecutor.java:1074)&#10;        at java.util.concurrent.ThreadPoolExecutor.runWorker(ThreadPoolExecutor.java:1134)&#10;        at java.util.concurrent.ThreadPoolExecutor$Worker.run(ThreadPoolExecutor.java:624)&#10;        at java.lang.Thread.run(Thread.java:748)&#10;&quot;pool-46-thread-60&quot;  prio=5 tid=439 in Object.wait()&#10;java.lang.Thread.State: WAITING (on object monitor)&#10;        at sun.misc.Unsafe.park(Native Method)&#10;        at java.util.concurrent.locks.LockSupport.park(LockSupport.java:175)&#10;        at java.util.concurrent.locks.AbstractQueuedSynchronizer$ConditionObject.await(AbstractQueuedSynchronizer.java:2039)&#10;        at java.util.concurrent.ArrayBlockingQueue.take(ArrayBlockingQueue.java:403)&#10;        at java.util.concurrent.ThreadPoolExecutor.getTask(ThreadPoolExecutor.java:1074)&#10;        at java.util.concurrent.ThreadPoolExecutor.runWorker(ThreadPoolExecutor.java:1134)&#10;        at java.util.concurrent.ThreadPoolExecutor$Worker.run(ThreadPoolExecutor.java:624)&#10;        at java.lang.Thread.run(Thread.java:748)&#10;&quot;IPC Server handler 17 on 40088&quot; daemon prio=5 tid=66 timed_waiting&#10;java.lang.Thread.State: TIMED_WAITING&#10;        at sun.misc.Unsafe.park(Native Method)&#10;        at java.util.concurrent.locks.LockSupport.parkNanos(LockSupport.java:215)&#10;        at java.util.concurrent.locks.AbstractQueuedSynchronizer$ConditionObject.awaitNanos(AbstractQueuedSynchronizer.java:2078)&#10;        at java.util.concurrent.LinkedBlockingQueue.poll(LinkedBlockingQueue.java:467)&#10;        at org.apache.hadoop.ipc.CallQueueManager.take(CallQueueManager.java:288)&#10;        at org.apache.hadoop.ipc.Server$Handler.run(Server.java:2668)&#10;&quot;pool-47-thread-1&quot;  prio=5 tid=534 in Object.wait()&#10;java.lang.Thread.State: WAITING (on object monitor)&#10;        at sun.misc.Unsafe.park(Native Method)&#10;        at java.util.concurrent.locks.LockSupport.park(LockSupport.java:175)&#10;        at java.util.concurrent.locks.AbstractQueuedSynchronizer$ConditionObject.await(AbstractQueuedSynchronizer.java:2039)&#10;        at java.util.concurrent.LinkedBlockingQueue.take(LinkedBlockingQueue.java:442)&#10;        at java.util.concurrent.ThreadPoolExecutor.getTask(ThreadPoolExecutor.java:1074)&#10;        at java.util.concurrent.ThreadPoolExecutor.runWorker(ThreadPoolExecutor.java:1134)&#10;        at java.util.concurrent.ThreadPoolExecutor$Worker.run(ThreadPoolExecutor.java:624)&#10;        at java.lang.Thread.run(Thread.java:748)&#10;&quot;IPC Server handler 11 on 40088&quot; daemon prio=5 tid=60 timed_waiting&#10;java.lang.Thread.State: TIMED_WAITING&#10;        at sun.misc.Unsafe.park(Native Method)&#10;        at java.util.concurrent.locks.LockSupport.parkNanos(LockSupport.java:215)&#10;        at java.util.concurrent.locks.AbstractQueuedSynchronizer$ConditionObject.awaitNanos(AbstractQueuedSynchronizer.java:2078)&#10;        at java.util.concurrent.LinkedBlockingQueue.poll(LinkedBlockingQueue.java:467)&#10;        at org.apache.hadoop.ipc.CallQueueManager.take(CallQueueManager.java:288)&#10;        at org.apache.hadoop.ipc.Server$Handler.run(Server.java:2668)&#10;&quot;pool-36-thread-59&quot;  prio=5 tid=377 in Object.wait()&#10;java.lang.Thread.State: WAITING (on object monitor)&#10;        at sun.misc.Unsafe.park(Native Method)&#10;        at java.util.concurrent.locks.LockSupport.park(LockSupport.java:175)&#10;        at java.util.concurrent.locks.AbstractQueuedSynchronizer$ConditionObject.await(AbstractQueuedSynchronizer.java:2039)&#10;        at java.util.concurrent.ArrayBlockingQueue.take(ArrayBlockingQueue.java:403)&#10;        at java.util.concurrent.ThreadPoolExecutor.getTask(ThreadPoolExecutor.java:1074)&#10;        at java.util.concurrent.ThreadPoolExecutor.runWorker(ThreadPoolExecutor.java:1134)&#10;        at java.util.concurrent.ThreadPoolExecutor$Worker.run(ThreadPoolExecutor.java:624)&#10;        at java.lang.Thread.run(Thread.java:748)&#10;&quot;qtp707892422-191&quot; daemon prio=5 tid=191 timed_waiting&#10;java.lang.Thread.State: TIMED_WAITING&#10;        at sun.misc.Unsafe.park(Native Method)&#10;        at java.util.concurrent.locks.LockSupport.parkNanos(LockSupport.java:215)&#10;        at java.util.concurrent.locks.AbstractQueuedSynchronizer$ConditionObject.awaitNanos(AbstractQueuedSynchronizer.java:2078)&#10;        at org.eclipse.jetty.util.BlockingArrayQueue.poll(BlockingArrayQueue.java:392)&#10;        at org.eclipse.jetty.util.thread.QueuedThreadPool.idleJobPoll(QueuedThreadPool.java:563)&#10;        at org.eclipse.jetty.util.thread.QueuedThreadPool.access$800(QueuedThreadPool.java:48)&#10;        at org.eclipse.jetty.util.thread.QueuedThreadPool$2.run(QueuedThreadPool.java:626)&#10;        at java.lang.Thread.run(Thread.java:748)&#10;&quot;pool-56-thread-37&quot;  prio=5 tid=476 in Object.wait()&#10;java.lang.Thread.State: WAITING (on object monitor)&#10;        at sun.misc.Unsafe.park(Native Method)&#10;        at java.util.concurrent.locks.LockSupport.park(LockSupport.java:175)&#10;        at java.util.concurrent.locks.AbstractQueuedSynchronizer$ConditionObject.await(AbstractQueuedSynchronizer.java:2039)&#10;        at java.util.concurrent.ArrayBlockingQueue.take(ArrayBlockingQueue.java:403)&#10;        at java.util.concurrent.ThreadPoolExecutor.getTask(ThreadPoolExecutor.java:1074)&#10;        at java.util.concurrent.ThreadPoolExecutor.runWorker(ThreadPoolExecutor.java:1134)&#10;        at java.util.concurrent.ThreadPoolExecutor$Worker.run(ThreadPoolExecutor.java:624)&#10;        at java.lang.Thread.run(Thread.java:748)&#10;&quot;pool-36-thread-39&quot;  prio=5 tid=336 in Object.wait()&#10;java.lang.Thread.State: WAITING (on object monitor)&#10;        at sun.misc.Unsafe.park(Native Method)&#10;        at java.util.concurrent.locks.LockSupport.park(LockSupport.java:175)&#10;        at java.util.concurrent.locks.AbstractQueuedSynchronizer$ConditionObject.await(AbstractQueuedSynchronizer.java:2039)&#10;        at java.util.concurrent.ArrayBlockingQueue.take(ArrayBlockingQueue.java:403)&#10;        at java.util.concurrent.ThreadPoolExecutor.getTask(ThreadPoolExecutor.java:1074)&#10;        at java.util.concurrent.ThreadPoolExecutor.runWorker(ThreadPoolExecutor.java:1134)&#10;        at java.util.concurrent.ThreadPoolExecutor$Worker.run(ThreadPoolExecutor.java:624)&#10;        at java.lang.Thread.run(Thread.java:748)&#10;&quot;pool-26-thread-25&quot;  prio=5 tid=309 in Object.wait()&#10;java.lang.Thread.State: WAITING (on object monitor)&#10;        at sun.misc.Unsafe.park(Native Method)&#10;        at java.util.concurrent.locks.LockSupport.park(LockSupport.java:175)&#10;        at java.util.concurrent.locks.AbstractQueuedSynchronizer$ConditionObject.await(AbstractQueuedSynchronizer.java:2039)&#10;        at java.util.concurrent.ArrayBlockingQueue.take(ArrayBlockingQueue.java:403)&#10;        at java.util.concurrent.ThreadPoolExecutor.getTask(ThreadPoolExecutor.java:1074)&#10;        at java.util.concurrent.ThreadPoolExecutor.runWorker(ThreadPoolExecutor.java:1134)&#10;        at java.util.concurrent.ThreadPoolExecutor$Worker.run(ThreadPoolExecutor.java:624)&#10;        at java.lang.Thread.run(Thread.java:748)&#10;&quot;IPC Server handler 2 on 34339&quot; daemon prio=5 tid=71 timed_waiting&#10;java.lang.Thread.State: TIMED_WAITING&#10;        at sun.misc.Unsafe.park(Native Method)&#10;        at java.util.concurrent.locks.LockSupport.parkNanos(LockSupport.java:215)&#10;        at java.util.concurrent.locks.AbstractQueuedSynchronizer$ConditionObject.awaitNanos(AbstractQueuedSynchronizer.java:2078)&#10;        at java.util.concurrent.LinkedBlockingQueue.poll(LinkedBlockingQueue.java:467)&#10;        at org.apache.hadoop.ipc.CallQueueManager.take(CallQueueManager.java:288)&#10;        at org.apache.hadoop.ipc.Server$Handler.run(Server.java:2668)&#10;&quot;Socket Reader #1 for port 34819&quot;  prio=5 tid=23 runnable&#10;java.lang.Thread.State: RUNNABLE&#10;        at sun.nio.ch.EPollArrayWrapper.epollWait(Native Method)&#10;        at sun.nio.ch.EPollArrayWrapper.poll(EPollArrayWrapper.java:269)&#10;        at sun.nio.ch.EPollSelectorImpl.doSelect(EPollSelectorImpl.java:93)&#10;        at sun.nio.ch.SelectorImpl.lockAndDoSelect(SelectorImpl.java:86)&#10;        at sun.nio.ch.SelectorImpl.select(SelectorImpl.java:97)&#10;        at sun.nio.ch.SelectorImpl.select(SelectorImpl.java:101)&#10;        at org.apache.hadoop.ipc.Server$Listener$Reader.doRunLoop(Server.java:1097)&#10;        at org.apache.hadoop.ipc.Server$Listener$Reader.run(Server.java:1076)&#10;&quot;BlockDeletingService#0&quot; daemon prio=5 tid=503 timed_waiting&#10;java.lang.Thread.State: TIMED_WAITING&#10;        at sun.misc.Unsafe.park(Native Method)&#10;        at java.util.concurrent.locks.LockSupport.parkNanos(LockSupport.java:215)&#10;        at java.util.concurrent.locks.AbstractQueuedSynchronizer$ConditionObject.awaitNanos(AbstractQueuedSynchronizer.java:2078)&#10;        at java.util.concurrent.ScheduledThreadPoolExecutor$DelayedWorkQueue.take(ScheduledThreadPoolExecutor.java:1093)&#10;        at java.util.concurrent.ScheduledThreadPoolExecutor$DelayedWorkQueue.take(ScheduledThreadPoolExecutor.java:809)&#10;        at java.util.concurrent.ThreadPoolExecutor.getTask(ThreadPoolExecutor.java:1074)&#10;        at java.util.concurrent.ThreadPoolExecutor.runWorker(ThreadPoolExecutor.java:1134)&#10;        at java.util.concurrent.ThreadPoolExecutor$Worker.run(ThreadPoolExecutor.java:624)&#10;        at java.lang.Thread.run(Thread.java:748)&#10;&quot;pool-26-thread-32&quot;  prio=5 tid=323 in Object.wait()&#10;java.lang.Thread.State: WAITING (on object monitor)&#10;        at sun.misc.Unsafe.park(Native Method)&#10;        at java.util.concurrent.locks.LockSupport.park(LockSupport.java:175)&#10;        at java.util.concurrent.locks.AbstractQueuedSynchronizer$ConditionObject.await(AbstractQueuedSynchronizer.java:2039)&#10;        at java.util.concurrent.ArrayBlockingQueue.take(ArrayBlockingQueue.java:403)&#10;        at java.util.concurrent.ThreadPoolExecutor.getTask(ThreadPoolExecutor.java:1074)&#10;        at java.util.concurrent.ThreadPoolExecutor.runWorker(ThreadPoolExecutor.java:1134)&#10;        at java.util.concurrent.ThreadPoolExecutor$Worker.run(ThreadPoolExecutor.java:624)&#10;        at java.lang.Thread.run(Thread.java:748)&#10;&quot;pool-56-thread-52&quot;  prio=5 tid=491 in Object.wait()&#10;java.lang.Thread.State: WAITING (on object monitor)&#10;        at sun.misc.Unsafe.park(Native Method)&#10;        at java.util.concurrent.locks.LockSupport.park(LockSupport.java:175)&#10;        at java.util.concurrent.locks.AbstractQueuedSynchronizer$ConditionObject.await(AbstractQueuedSynchronizer.java:2039)&#10;        at java.util.concurrent.ArrayBlockingQueue.take(ArrayBlockingQueue.java:403)&#10;        at java.util.concurrent.ThreadPoolExecutor.getTask(ThreadPoolExecutor.java:1074)&#10;        at java.util.concurrent.ThreadPoolExecutor.runWorker(ThreadPoolExecutor.java:1134)&#10;        at java.util.concurrent.ThreadPoolExecutor$Worker.run(ThreadPoolExecutor.java:624)&#10;        at java.lang.Thread.run(Thread.java:748)&#10;&quot;org.apache.hadoop.util.JvmPauseMonitor$Monitor@4b94095e&quot; daemon prio=5 tid=203 timed_waiting&#10;java.lang.Thread.State: TIMED_WAITING&#10;        at java.lang.Thread.sleep(Native Method)&#10;        at org.apache.hadoop.util.JvmPauseMonitor$Monitor.run(JvmPauseMonitor.java:192)&#10;        at java.lang.Thread.run(Thread.java:748)&#10;&quot;pool-56-thread-38&quot;  prio=5 tid=477 in Object.wait()&#10;java.lang.Thread.State: WAITING (on object monitor)&#10;        at sun.misc.Unsafe.park(Native Method)&#10;        at java.util.concurrent.locks.LockSupport.park(LockSupport.java:175)&#10;        at java.util.concurrent.locks.AbstractQueuedSynchronizer$ConditionObject.await(AbstractQueuedSynchronizer.java:2039)&#10;        at java.util.concurrent.ArrayBlockingQueue.take(ArrayBlockingQueue.java:403)&#10;        at java.util.concurrent.ThreadPoolExecutor.getTask(ThreadPoolExecutor.java:1074)&#10;        at java.util.concurrent.ThreadPoolExecutor.runWorker(ThreadPoolExecutor.java:1134)&#10;        at java.util.concurrent.ThreadPoolExecutor$Worker.run(ThreadPoolExecutor.java:624)&#10;        at java.lang.Thread.run(Thread.java:748)&#10;&quot;pool-56-thread-1&quot;  prio=5 tid=440 in Object.wait()&#10;java.lang.Thread.State: WAITING (on object monitor)&#10;        at sun.misc.Unsafe.park(Native Method)&#10;        at java.util.concurrent.locks.LockSupport.park(LockSupport.java:175)&#10;        at java.util.concurrent.locks.AbstractQueuedSynchronizer$ConditionObject.await(AbstractQueuedSynchronizer.java:2039)&#10;        at java.util.concurrent.ArrayBlockingQueue.take(ArrayBlockingQueue.java:403)&#10;        at java.util.concurrent.ThreadPoolExecutor.getTask(ThreadPoolExecutor.java:1074)&#10;        at java.util.concurrent.ThreadPoolExecutor.runWorker(ThreadPoolExecutor.java:1134)&#10;        at java.util.concurrent.ThreadPoolExecutor$Worker.run(ThreadPoolExecutor.java:624)&#10;        at java.lang.Thread.run(Thread.java:748)&#10;&quot;pool-36-thread-51&quot;  prio=5 tid=361 in Object.wait()&#10;java.lang.Thread.State: WAITING (on object monitor)&#10;        at sun.misc.Unsafe.park(Native Method)&#10;        at java.util.concurrent.locks.LockSupport.park(LockSupport.java:175)&#10;        at java.util.concurrent.locks.AbstractQueuedSynchronizer$ConditionObject.await(AbstractQueuedSynchronizer.java:2039)&#10;        at java.util.concurrent.ArrayBlockingQueue.take(ArrayBlockingQueue.java:403)&#10;        at java.util.concurrent.ThreadPoolExecutor.getTask(ThreadPoolExecutor.java:1074)&#10;        at java.util.concurrent.ThreadPoolExecutor.runWorker(ThreadPoolExecutor.java:1134)&#10;        at java.util.concurrent.ThreadPoolExecutor$Worker.run(ThreadPoolExecutor.java:624)&#10;        at java.lang.Thread.run(Thread.java:748)&#10;&quot;pool-30-thread-1&quot;  prio=5 tid=158 timed_waiting&#10;java.lang.Thread.State: TIMED_WAITING&#10;        at sun.misc.Unsafe.park(Native Method)&#10;        at java.util.concurrent.locks.LockSupport.parkNanos(LockSupport.java:215)&#10;        at java.util.concurrent.locks.AbstractQueuedSynchronizer$ConditionObject.awaitNanos(AbstractQueuedSynchronizer.java:2078)&#10;        at java.util.concurrent.ScheduledThreadPoolExecutor$DelayedWorkQueue.take(ScheduledThreadPoolExecutor.java:1093)&#10;        at java.util.concurrent.ScheduledThreadPoolExecutor$DelayedWorkQueue.take(ScheduledThreadPoolExecutor.java:809)&#10;        at java.util.concurrent.ThreadPoolExecutor.getTask(ThreadPoolExecutor.java:1074)&#10;        at java.util.concurrent.ThreadPoolExecutor.runWorker(ThreadPoolExecutor.java:1134)&#10;        at java.util.concurrent.ThreadPoolExecutor$Worker.run(ThreadPoolExecutor.java:624)&#10;        at java.lang.Thread.run(Thread.java:748)&#10;&quot;IPC Server handler 7 on 34339&quot; daemon prio=5 tid=76 timed_waiting&#10;java.lang.Thread.State: TIMED_WAITING&#10;        at sun.misc.Unsafe.park(Native Method)&#10;        at java.util.concurrent.locks.LockSupport.parkNanos(LockSupport.java:215)&#10;        at java.util.concurrent.locks.AbstractQueuedSynchronizer$ConditionObject.awaitNanos(AbstractQueuedSynchronizer.java:2078)&#10;        at java.util.concurrent.LinkedBlockingQueue.poll(LinkedBlockingQueue.java:467)&#10;        at org.apache.hadoop.ipc.CallQueueManager.take(CallQueueManager.java:288)&#10;        at org.apache.hadoop.ipc.Server$Handler.run(Server.java:2668)&#10;&quot;org.eclipse.jetty.server.session.HashSessionManager@673919a7Timer&quot; daemon prio=5 tid=169 timed_waiting&#10;java.lang.Thread.State: TIMED_WAITING&#10;        at sun.misc.Unsafe.park(Native Method)&#10;        at java.util.concurrent.locks.LockSupport.parkNanos(LockSupport.java:215)&#10;        at java.util.concurrent.locks.AbstractQueuedSynchronizer$ConditionObject.awaitNanos(AbstractQueuedSynchronizer.java:2078)&#10;        at java.util.concurrent.ScheduledThreadPoolExecutor$DelayedWorkQueue.take(ScheduledThreadPoolExecutor.java:1093)&#10;        at java.util.concurrent.ScheduledThreadPoolExecutor$DelayedWorkQueue.take(ScheduledThreadPoolExecutor.java:809)&#10;        at java.util.concurrent.ThreadPoolExecutor.getTask(ThreadPoolExecutor.java:1074)&#10;        at java.util.concurrent.ThreadPoolExecutor.runWorker(ThreadPoolExecutor.java:1134)&#10;        at java.util.concurrent.ThreadPoolExecutor$Worker.run(ThreadPoolExecutor.java:624)&#10;        at java.lang.Thread.run(Thread.java:748)&#10;&quot;pool-56-thread-41&quot;  prio=5 tid=480 in Object.wait()&#10;java.lang.Thread.State: WAITING (on object monitor)&#10;        at sun.misc.Unsafe.park(Native Method)&#10;        at java.util.concurrent.locks.LockSupport.park(LockSupport.java:175)&#10;        at java.util.concurrent.locks.AbstractQueuedSynchronizer$ConditionObject.await(AbstractQueuedSynchronizer.java:2039)&#10;        at java.util.concurrent.ArrayBlockingQueue.take(ArrayBlockingQueue.java:403)&#10;        at java.util.concurrent.ThreadPoolExecutor.getTask(ThreadPoolExecutor.java:1074)&#10;        at java.util.concurrent.ThreadPoolExecutor.runWorker(ThreadPoolExecutor.java:1134)&#10;        at java.util.concurrent.ThreadPoolExecutor$Worker.run(ThreadPoolExecutor.java:624)&#10;        at java.lang.Thread.run(Thread.java:748)&#10;&quot;pool-26-thread-42&quot;  prio=5 tid=343 in Object.wait()&#10;java.lang.Thread.State: WAITING (on object monitor)&#10;        at sun.misc.Unsafe.park(Native Method)&#10;        at java.util.concurrent.locks.LockSupport.park(LockSupport.java:175)&#10;        at java.util.concurrent.locks.AbstractQueuedSynchronizer$ConditionObject.await(AbstractQueuedSynchronizer.java:2039)&#10;        at java.util.concurrent.ArrayBlockingQueue.take(ArrayBlockingQueue.java:403)&#10;        at java.util.concurrent.ThreadPoolExecutor.getTask(ThreadPoolExecutor.java:1074)&#10;        at java.util.concurrent.ThreadPoolExecutor.runWorker(ThreadPoolExecutor.java:1134)&#10;        at java.util.concurrent.ThreadPoolExecutor$Worker.run(ThreadPoolExecutor.java:624)&#10;        at java.lang.Thread.run(Thread.java:748)&#10;&quot;IPC Server handler 0 on 40088&quot; daemon prio=5 tid=49 timed_waiting&#10;java.lang.Thread.State: TIMED_WAITING&#10;        at sun.misc.Unsafe.park(Native Method)&#10;        at java.util.concurrent.locks.LockSupport.parkNanos(LockSupport.java:215)&#10;        at java.util.concurrent.locks.AbstractQueuedSynchronizer$ConditionObject.awaitNanos(AbstractQueuedSynchronizer.java:2078)&#10;        at java.util.concurrent.LinkedBlockingQueue.poll(LinkedBlockingQueue.java:467)&#10;        at org.apache.hadoop.ipc.CallQueueManager.take(CallQueueManager.java:288)&#10;        at org.apache.hadoop.ipc.Server$Handler.run(Server.java:2668)&#10;&quot;IPC Server idle connection scanner for port 34339&quot; daemon prio=5 tid=16 timed_waiting&#10;java.lang.Thread.State: TIMED_WAITING&#10;        at java.lang.Object.wait(Native Method)&#10;        at java.util.TimerThread.mainLoop(Timer.java:552)&#10;        at java.util.TimerThread.run(Timer.java:505)&#10;&quot;pool-46-thread-19&quot;  prio=5 tid=398 in Object.wait()&#10;java.lang.Thread.State: WAITING (on object monitor)&#10;        at sun.misc.Unsafe.park(Native Method)&#10;        at java.util.concurrent.locks.LockSupport.park(LockSupport.java:175)&#10;        at java.util.concurrent.locks.AbstractQueuedSynchronizer$ConditionObject.await(AbstractQueuedSynchronizer.java:2039)&#10;        at java.util.concurrent.ArrayBlockingQueue.take(ArrayBlockingQueue.java:403)&#10;        at java.util.concurrent.ThreadPoolExecutor.getTask(ThreadPoolExecutor.java:1074)&#10;        at java.util.concurrent.ThreadPoolExecutor.runWorker(ThreadPoolExecutor.java:1134)&#10;        at java.util.concurrent.ThreadPoolExecutor$Worker.run(ThreadPoolExecutor.java:624)&#10;        at java.lang.Thread.run(Thread.java:748)&#10;&quot;pool-36-thread-13&quot;  prio=5 tid=284 in Object.wait()&#10;java.lang.Thread.State: WAITING (on object monitor)&#10;        at sun.misc.Unsafe.park(Native Method)&#10;        at java.util.concurrent.locks.LockSupport.park(LockSupport.java:175)&#10;        at java.util.concurrent.locks.AbstractQueuedSynchronizer$ConditionObject.await(AbstractQueuedSynchronizer.java:2039)&#10;        at java.util.concurrent.ArrayBlockingQueue.take(ArrayBlockingQueue.java:403)&#10;        at java.util.concurrent.ThreadPoolExecutor.getTask(ThreadPoolExecutor.java:1074)&#10;        at java.util.concurrent.ThreadPoolExecutor.runWorker(ThreadPoolExecutor.java:1134)&#10;        at java.util.concurrent.ThreadPoolExecutor$Worker.run(ThreadPoolExecutor.java:624)&#10;        at java.lang.Thread.run(Thread.java:748)&#10;&quot;40d2d32e-dd25-45df-8070-f9dc56ccf0a7@group-55D76DFF5FC3-StateMachineUpdater&quot; daemon prio=5 tid=526 in Object.wait()&#10;java.lang.Thread.State: WAITING (on object monitor)&#10;        at java.lang.Object.wait(Native Method)&#10;        at java.lang.Object.wait(Object.java:502)&#10;        at org.apache.ratis.server.impl.StateMachineUpdater.waitForCommit(StateMachineUpdater.java:194)&#10;        at org.apache.ratis.server.impl.StateMachineUpdater.run(StateMachineUpdater.java:159)&#10;        at java.lang.Thread.run(Thread.java:748)&#10;&quot;pool-46-thread-21&quot;  prio=5 tid=400 in Object.wait()&#10;java.lang.Thread.State: WAITING (on object monitor)&#10;        at sun.misc.Unsafe.park(Native Method)&#10;        at java.util.concurrent.locks.LockSupport.park(LockSupport.java:175)&#10;        at java.util.concurrent.locks.AbstractQueuedSynchronizer$ConditionObject.await(AbstractQueuedSynchronizer.java:2039)&#10;        at java.util.concurrent.ArrayBlockingQueue.take(ArrayBlockingQueue.java:403)&#10;        at java.util.concurrent.ThreadPoolExecutor.getTask(ThreadPoolExecutor.java:1074)&#10;        at java.util.concurrent.ThreadPoolExecutor.runWorker(ThreadPoolExecutor.java:1134)&#10;        at java.util.concurrent.ThreadPoolExecutor$Worker.run(ThreadPoolExecutor.java:624)&#10;        at java.lang.Thread.run(Thread.java:748)&#10;&quot;Timer-1&quot; daemon prio=5 tid=149 timed_waiting&#10;java.lang.Thread.State: TIMED_WAITING&#10;        at java.lang.Object.wait(Native Method)&#10;        at java.util.TimerThread.mainLoop(Timer.java:552)&#10;        at java.util.TimerThread.run(Timer.java:505)&#10;&quot;BlockDeletingService#1&quot; daemon prio=5 tid=505 in Object.wait()&#10;java.lang.Thread.State: WAITING (on object monitor)&#10;        at sun.misc.Unsafe.park(Native Method)&#10;        at java.util.concurrent.locks.LockSupport.park(LockSupport.java:175)&#10;        at java.util.concurrent.locks.AbstractQueuedSynchronizer$ConditionObject.await(AbstractQueuedSynchronizer.java:2039)&#10;        at java.util.concurrent.ScheduledThreadPoolExecutor$DelayedWorkQueue.take(ScheduledThreadPoolExecutor.java:1088)&#10;        at java.util.concurrent.ScheduledThreadPoolExecutor$DelayedWorkQueue.take(ScheduledThreadPoolExecutor.java:809)&#10;        at java.util.concurrent.ThreadPoolExecutor.getTask(ThreadPoolExecutor.java:1074)&#10;        at java.util.concurrent.ThreadPoolExecutor.runWorker(ThreadPoolExecutor.java:1134)&#10;        at java.util.concurrent.ThreadPoolExecutor$Worker.run(ThreadPoolExecutor.java:624)&#10;        at java.lang.Thread.run(Thread.java:748)&#10;&quot;grpc-default-executor-0&quot; daemon prio=5 tid=519 timed_waiting&#10;java.lang.Thread.State: TIMED_WAITING&#10;        at sun.misc.Unsafe.park(Native Method)&#10;        at java.util.concurrent.locks.LockSupport.parkNanos(LockSupport.java:215)&#10;        at java.util.concurrent.SynchronousQueue$TransferStack.awaitFulfill(SynchronousQueue.java:460)&#10;        at java.util.concurrent.SynchronousQueue$TransferStack.transfer(SynchronousQueue.java:362)&#10;        at java.util.concurrent.SynchronousQueue.poll(SynchronousQueue.java:941)&#10;        at java.util.concurrent.ThreadPoolExecutor.getTask(ThreadPoolExecutor.java:1073)&#10;        at java.util.concurrent.ThreadPoolExecutor.runWorker(ThreadPoolExecutor.java:1134)&#10;        at java.util.concurrent.ThreadPoolExecutor$Worker.run(ThreadPoolExecutor.java:624)&#10;        at java.lang.Thread.run(Thread.java:748)&#10;&quot;BlockDeletingService#0&quot; daemon prio=5 tid=501 timed_waiting&#10;java.lang.Thread.State: TIMED_WAITING&#10;        at sun.misc.Unsafe.park(Native Method)&#10;        at java.util.concurrent.locks.LockSupport.parkNanos(LockSupport.java:215)&#10;        at java.util.concurrent.locks.AbstractQueuedSynchronizer$ConditionObject.awaitNanos(AbstractQueuedSynchronizer.java:2078)&#10;        at java.util.concurrent.ScheduledThreadPoolExecutor$DelayedWorkQueue.take(ScheduledThreadPoolExecutor.java:1093)&#10;        at java.util.concurrent.ScheduledThreadPoolExecutor$DelayedWorkQueue.take(ScheduledThreadPoolExecutor.java:809)&#10;        at java.util.concurrent.ThreadPoolExecutor.getTask(ThreadPoolExecutor.java:1074)&#10;        at java.util.concurrent.ThreadPoolExecutor.runWorker(ThreadPoolExecutor.java:1134)&#10;        at java.util.concurrent.ThreadPoolExecutor$Worker.run(ThreadPoolExecutor.java:624)&#10;        at java.lang.Thread.run(Thread.java:748)&#10;&quot;pool-46-thread-13&quot;  prio=5 tid=392 in Object.wait()&#10;java.lang.Thread.State: WAITING (on object monitor)&#10;        at sun.misc.Unsafe.park(Native Method)&#10;        at java.util.concurrent.locks.LockSupport.park(LockSupport.java:175)&#10;        at java.util.concurrent.locks.AbstractQueuedSynchronizer$ConditionObject.await(AbstractQueuedSynchronizer.java:2039)&#10;        at java.util.concurrent.ArrayBlockingQueue.take(ArrayBlockingQueue.java:403)&#10;        at java.util.concurrent.ThreadPoolExecutor.getTask(ThreadPoolExecutor.java:1074)&#10;        at java.util.concurrent.ThreadPoolExecutor.runWorker(ThreadPoolExecutor.java:1134)&#10;        at java.util.concurrent.ThreadPoolExecutor$Worker.run(ThreadPoolExecutor.java:624)&#10;        at java.lang.Thread.run(Thread.java:748)&#10;&quot;486e836e-12f0-4f28-9a7f-6d6b2ff2cce2@group-23589E98DA8C-StateMachineUpdater&quot; daemon prio=5 tid=563 in Object.wait()&#10;java.lang.Thread.State: WAITING (on object monitor)&#10;        at java.lang.Object.wait(Native Method)&#10;        at java.lang.Object.wait(Object.java:502)&#10;        at org.apache.ratis.server.impl.StateMachineUpdater.waitForCommit(StateMachineUpdater.java:194)&#10;        at org.apache.ratis.server.impl.StateMachineUpdater.run(StateMachineUpdater.java:159)&#10;        at java.lang.Thread.run(Thread.java:748)&#10;&quot;pool-56-thread-26&quot;  prio=5 tid=465 in Object.wait()&#10;java.lang.Thread.State: WAITING (on object monitor)&#10;        at sun.misc.Unsafe.park(Native Method)&#10;        at java.util.concurrent.locks.LockSupport.park(LockSupport.java:175)&#10;        at java.util.concurrent.locks.AbstractQueuedSynchronizer$ConditionObject.await(AbstractQueuedSynchronizer.java:2039)&#10;        at java.util.concurrent.ArrayBlockingQueue.take(ArrayBlockingQueue.java:403)&#10;        at java.util.concurrent.ThreadPoolExecutor.getTask(ThreadPoolExecutor.java:1074)&#10;        at java.util.concurrent.ThreadPoolExecutor.runWorker(ThreadPoolExecutor.java:1134)&#10;        at java.util.concurrent.ThreadPoolExecutor$Worker.run(ThreadPoolExecutor.java:624)&#10;        at java.lang.Thread.run(Thread.java:748)&#10;&quot;pool-36-thread-21&quot;  prio=5 tid=300 in Object.wait()&#10;java.lang.Thread.State: WAITING (on object monitor)&#10;        at sun.misc.Unsafe.park(Native Method)&#10;        at java.util.concurrent.locks.LockSupport.park(LockSupport.java:175)&#10;        at java.util.concurrent.locks.AbstractQueuedSynchronizer$ConditionObject.await(AbstractQueuedSynchronizer.java:2039)&#10;        at java.util.concurrent.ArrayBlockingQueue.take(ArrayBlockingQueue.java:403)&#10;        at java.util.concurrent.ThreadPoolExecutor.getTask(ThreadPoolExecutor.java:1074)&#10;        at java.util.concurrent.ThreadPoolExecutor.runWorker(ThreadPoolExecutor.java:1134)&#10;        at java.util.concurrent.ThreadPoolExecutor$Worker.run(ThreadPoolExecutor.java:624)&#10;        at java.lang.Thread.run(Thread.java:748)&#10;&quot;metrics-hadoop-metrics2-reporter-1-thread-1&quot; daemon prio=5 tid=524 timed_waiting&#10;java.lang.Thread.State: TIMED_WAITING&#10;        at sun.misc.Unsafe.park(Native Method)&#10;        at java.util.concurrent.locks.LockSupport.parkNanos(LockSupport.java:215)&#10;        at java.util.concurrent.locks.AbstractQueuedSynchronizer$ConditionObject.awaitNanos(AbstractQueuedSynchronizer.java:2078)&#10;        at java.util.concurrent.ScheduledThreadPoolExecutor$DelayedWorkQueue.take(ScheduledThreadPoolExecutor.java:1093)&#10;        at java.util.concurrent.ScheduledThreadPoolExecutor$DelayedWorkQueue.take(ScheduledThreadPoolExecutor.java:809)&#10;        at java.util.concurrent.ThreadPoolExecutor.getTask(ThreadPoolExecutor.java:1074)&#10;        at java.util.concurrent.ThreadPoolExecutor.runWorker(ThreadPoolExecutor.java:1134)&#10;        at java.util.concurrent.ThreadPoolExecutor$Worker.run(ThreadPoolExecutor.java:624)&#10;        at java.lang.Thread.run(Thread.java:748)&#10;&quot;IPC Server handler 10 on 38234&quot; daemon prio=5 tid=125 timed_waiting&#10;java.lang.Thread.State: TIMED_WAITING&#10;        at sun.misc.Unsafe.park(Native Method)&#10;        at java.util.concurrent.locks.LockSupport.parkNanos(LockSupport.java:215)&#10;        at java.util.concurrent.locks.AbstractQueuedSynchronizer$ConditionObject.awaitNanos(AbstractQueuedSynchronizer.java:2078)&#10;        at java.util.concurrent.LinkedBlockingQueue.poll(LinkedBlockingQueue.java:467)&#10;        at org.apache.hadoop.ipc.CallQueueManager.take(CallQueueManager.java:288)&#10;        at org.apache.hadoop.ipc.Server$Handler.run(Server.java:2668)&#10;&quot;pool-56-thread-36&quot;  prio=5 tid=475 in Object.wait()&#10;java.lang.Thread.State: WAITING (on object monitor)&#10;        at sun.misc.Unsafe.park(Native Method)&#10;        at java.util.concurrent.locks.LockSupport.park(LockSupport.java:175)&#10;        at java.util.concurrent.locks.AbstractQueuedSynchronizer$ConditionObject.await(AbstractQueuedSynchronizer.java:2039)&#10;        at java.util.concurrent.ArrayBlockingQueue.take(ArrayBlockingQueue.java:403)&#10;        at java.util.concurrent.ThreadPoolExecutor.getTask(ThreadPoolExecutor.java:1074)&#10;        at java.util.concurrent.ThreadPoolExecutor.runWorker(ThreadPoolExecutor.java:1134)&#10;        at java.util.concurrent.ThreadPoolExecutor$Worker.run(ThreadPoolExecutor.java:624)&#10;        at java.lang.Thread.run(Thread.java:748)&#10;&quot;pool-46-thread-7&quot;  prio=5 tid=386 in Object.wait()&#10;java.lang.Thread.State: WAITING (on object monitor)&#10;        at sun.misc.Unsafe.park(Native Method)&#10;        at java.util.concurrent.locks.LockSupport.park(LockSupport.java:175)&#10;        at java.util.concurrent.locks.AbstractQueuedSynchronizer$ConditionObject.await(AbstractQueuedSynchronizer.java:2039)&#10;        at java.util.concurrent.ArrayBlockingQueue.take(ArrayBlockingQueue.java:403)&#10;        at java.util.concurrent.ThreadPoolExecutor.getTask(ThreadPoolExecutor.java:1074)&#10;        at java.util.concurrent.ThreadPoolExecutor.runWorker(ThreadPoolExecutor.java:1134)&#10;        at java.util.concurrent.ThreadPoolExecutor$Worker.run(ThreadPoolExecutor.java:624)&#10;        at java.lang.Thread.run(Thread.java:748)&#10;&quot;IPC Server Responder&quot; daemon prio=5 tid=110 runnable&#10;java.lang.Thread.State: RUNNABLE&#10;        at sun.nio.ch.EPollArrayWrapper.epollWait(Native Method)&#10;        at sun.nio.ch.EPollArrayWrapper.poll(EPollArrayWrapper.java:269)&#10;        at sun.nio.ch.EPollSelectorImpl.doSelect(EPollSelectorImpl.java:93)&#10;        at sun.nio.ch.SelectorImpl.lockAndDoSelect(SelectorImpl.java:86)&#10;        at sun.nio.ch.SelectorImpl.select(SelectorImpl.java:97)&#10;        at org.apache.hadoop.ipc.Server$Responder.doRunLoop(Server.java:1334)&#10;        at org.apache.hadoop.ipc.Server$Responder.run(Server.java:1317)&#10;&quot;pool-46-thread-49&quot;  prio=5 tid=428 in Object.wait()&#10;java.lang.Thread.State: WAITING (on object monitor)&#10;        at sun.misc.Unsafe.park(Native Method)&#10;        at java.util.concurrent.locks.LockSupport.park(LockSupport.java:175)&#10;        at java.util.concurrent.locks.AbstractQueuedSynchronizer$ConditionObject.await(AbstractQueuedSynchronizer.java:2039)&#10;        at java.util.concurrent.ArrayBlockingQueue.take(ArrayBlockingQueue.java:403)&#10;        at java.util.concurrent.ThreadPoolExecutor.getTask(ThreadPoolExecutor.java:1074)&#10;        at java.util.concurrent.ThreadPoolExecutor.runWorker(ThreadPoolExecutor.java:1134)&#10;        at java.util.concurrent.ThreadPoolExecutor$Worker.run(ThreadPoolExecutor.java:624)&#10;        at java.lang.Thread.run(Thread.java:748)&#10;&quot;metrics-hadoop-metrics2-reporter-24-thread-1&quot; daemon prio=5 tid=585 timed_waiting&#10;java.lang.Thread.State: TIMED_WAITING&#10;        at sun.misc.Unsafe.park(Native Method)&#10;        at java.util.concurrent.locks.LockSupport.parkNanos(LockSupport.java:215)&#10;        at java.util.concurrent.locks.AbstractQueuedSynchronizer$ConditionObject.awaitNanos(AbstractQueuedSynchronizer.java:2078)&#10;        at java.util.concurrent.ScheduledThreadPoolExecutor$DelayedWorkQueue.take(ScheduledThreadPoolExecutor.java:1093)&#10;        at java.util.concurrent.ScheduledThreadPoolExecutor$DelayedWorkQueue.take(ScheduledThreadPoolExecutor.java:809)&#10;        at java.util.concurrent.ThreadPoolExecutor.getTask(ThreadPoolExecutor.java:1074)&#10;        at java.util.concurrent.ThreadPoolExecutor.runWorker(ThreadPoolExecutor.java:1134)&#10;        at java.util.concurrent.ThreadPoolExecutor$Worker.run(ThreadPoolExecutor.java:624)&#10;        at java.lang.Thread.run(Thread.java:748)&#10;&quot;Datanode State Machine Thread - 0&quot; daemon prio=5 tid=224 timed_waiting&#10;java.lang.Thread.State: TIMED_WAITING&#10;        at java.lang.Thread.sleep(Native Method)&#10;        at org.apache.hadoop.ozone.container.common.statemachine.DatanodeStateMachine.start(DatanodeStateMachine.java:191)&#10;        at org.apache.hadoop.ozone.container.common.statemachine.DatanodeStateMachine.lambda$startDaemon$0(DatanodeStateMachine.java:349)&#10;        at org.apache.hadoop.ozone.container.common.statemachine.DatanodeStateMachine$$Lambda$140/1282899579.run(Unknown Source)&#10;        at java.lang.Thread.run(Thread.java:748)&#10;&quot;IPC Server handler 11 on 34819&quot; daemon prio=5 tid=40 timed_waiting&#10;java.lang.Thread.State: TIMED_WAITING&#10;        at sun.misc.Unsafe.park(Native Method)&#10;        at java.util.concurrent.locks.LockSupport.parkNanos(LockSupport.java:215)&#10;        at java.util.concurrent.locks.AbstractQueuedSynchronizer$ConditionObject.awaitNanos(AbstractQueuedSynchronizer.java:2078)&#10;        at java.util.concurrent.LinkedBlockingQueue.poll(LinkedBlockingQueue.java:467)&#10;        at org.apache.hadoop.ipc.CallQueueManager.take(CallQueueManager.java:288)&#10;        at org.apache.hadoop.ipc.Server$Handler.run(Server.java:2668)&#10;&quot;pool-46-thread-38&quot;  prio=5 tid=417 in Object.wait()&#10;java.lang.Thread.State: WAITING (on object monitor)&#10;        at sun.misc.Unsafe.park(Native Method)&#10;        at java.util.concurrent.locks.LockSupport.park(LockSupport.java:175)&#10;        at java.util.concurrent.locks.AbstractQueuedSynchronizer$ConditionObject.await(AbstractQueuedSynchronizer.java:2039)&#10;        at java.util.concurrent.ArrayBlockingQueue.take(ArrayBlockingQueue.java:403)&#10;        at java.util.concurrent.ThreadPoolExecutor.getTask(ThreadPoolExecutor.java:1074)&#10;        at java.util.concurrent.ThreadPoolExecutor.runWorker(ThreadPoolExecutor.java:1134)&#10;        at java.util.concurrent.ThreadPoolExecutor$Worker.run(ThreadPoolExecutor.java:624)&#10;        at java.lang.Thread.run(Thread.java:748)&#10;&quot;pool-56-thread-30&quot;  prio=5 tid=469 in Object.wait()&#10;java.lang.Thread.State: WAITING (on object monitor)&#10;        at sun.misc.Unsafe.park(Native Method)&#10;        at java.util.concurrent.locks.LockSupport.park(LockSupport.java:175)&#10;        at java.util.concurrent.locks.AbstractQueuedSynchronizer$ConditionObject.await(AbstractQueuedSynchronizer.java:2039)&#10;        at java.util.concurrent.ArrayBlockingQueue.take(ArrayBlockingQueue.java:403)&#10;        at java.util.concurrent.ThreadPoolExecutor.getTask(ThreadPoolExecutor.java:1074)&#10;        at java.util.concurrent.ThreadPoolExecutor.runWorker(ThreadPoolExecutor.java:1134)&#10;        at java.util.concurrent.ThreadPoolExecutor$Worker.run(ThreadPoolExecutor.java:624)&#10;        at java.lang.Thread.run(Thread.java:748)&#10;&quot;qtp1080561710-163&quot; daemon prio=5 tid=163 timed_waiting&#10;java.lang.Thread.State: TIMED_WAITING&#10;        at sun.misc.Unsafe.park(Native Method)&#10;        at java.util.concurrent.locks.LockSupport.parkNanos(LockSupport.java:215)&#10;        at java.util.concurrent.locks.AbstractQueuedSynchronizer$ConditionObject.awaitNanos(AbstractQueuedSynchronizer.java:2078)&#10;        at org.eclipse.jetty.util.BlockingArrayQueue.poll(BlockingArrayQueue.java:392)&#10;        at org.eclipse.jetty.util.thread.QueuedThreadPool.idleJobPoll(QueuedThreadPool.java:563)&#10;        at org.eclipse.jetty.util.thread.QueuedThreadPool.access$800(QueuedThreadPool.java:48)&#10;        at org.eclipse.jetty.util.thread.QueuedThreadPool$2.run(QueuedThreadPool.java:626)&#10;        at java.lang.Thread.run(Thread.java:748)&#10;&quot;metrics-hadoop-metrics2-reporter-29-thread-1&quot; daemon prio=5 tid=608 timed_waiting&#10;java.lang.Thread.State: TIMED_WAITING&#10;        at sun.misc.Unsafe.park(Native Method)&#10;        at java.util.concurrent.locks.LockSupport.parkNanos(LockSupport.java:215)&#10;        at java.util.concurrent.locks.AbstractQueuedSynchronizer$ConditionObject.awaitNanos(AbstractQueuedSynchronizer.java:2078)&#10;        at java.util.concurrent.ScheduledThreadPoolExecutor$DelayedWorkQueue.take(ScheduledThreadPoolExecutor.java:1093)&#10;        at java.util.concurrent.ScheduledThreadPoolExecutor$DelayedWorkQueue.take(ScheduledThreadPoolExecutor.java:809)&#10;        at java.util.concurrent.ThreadPoolExecutor.getTask(ThreadPoolExecutor.java:1074)&#10;        at java.util.concurrent.ThreadPoolExecutor.runWorker(ThreadPoolExecutor.java:1134)&#10;        at java.util.concurrent.ThreadPoolExecutor$Worker.run(ThreadPoolExecutor.java:624)&#10;        at java.lang.Thread.run(Thread.java:748)&#10;&quot;qtp707892422-193&quot; daemon prio=5 tid=193 timed_waiting&#10;java.lang.Thread.State: TIMED_WAITING&#10;        at sun.misc.Unsafe.park(Native Method)&#10;        at java.util.concurrent.locks.LockSupport.parkNanos(LockSupport.java:215)&#10;        at java.util.concurrent.locks.AbstractQueuedSynchronizer$ConditionObject.awaitNanos(AbstractQueuedSynchronizer.java:2078)&#10;        at org.eclipse.jetty.util.BlockingArrayQueue.poll(BlockingArrayQueue.java:392)&#10;        at org.eclipse.jetty.util.thread.QueuedThreadPool.idleJobPoll(QueuedThreadPool.java:563)&#10;        at org.eclipse.jetty.util.thread.QueuedThreadPool.access$800(QueuedThreadPool.java:48)&#10;        at org.eclipse.jetty.util.thread.QueuedThreadPool$2.run(QueuedThreadPool.java:626)&#10;        at java.lang.Thread.run(Thread.java:748)&#10;&quot;java.util.concurrent.ThreadPoolExecutor$Worker@2d5ecaa3[State = -1, empty queue]&quot; daemon prio=5 tid=733 timed_waiting&#10;java.lang.Thread.State: TIMED_WAITING&#10;        at sun.misc.Unsafe.park(Native Method)&#10;        at java.util.concurrent.locks.LockSupport.parkNanos(LockSupport.java:215)&#10;        at java.util.concurrent.locks.AbstractQueuedSynchronizer$ConditionObject.awaitNanos(AbstractQueuedSynchronizer.java:2078)&#10;        at java.util.concurrent.ScheduledThreadPoolExecutor$DelayedWorkQueue.take(ScheduledThreadPoolExecutor.java:1093)&#10;        at java.util.concurrent.ScheduledThreadPoolExecutor$DelayedWorkQueue.take(ScheduledThreadPoolExecutor.java:809)&#10;        at java.util.concurrent.ThreadPoolExecutor.getTask(ThreadPoolExecutor.java:1074)&#10;        at java.util.concurrent.ThreadPoolExecutor.runWorker(ThreadPoolExecutor.java:1134)&#10;        at java.util.concurrent.ThreadPoolExecutor$Worker.run(ThreadPoolExecutor.java:624)&#10;        at java.lang.Thread.run(Thread.java:748)&#10;&quot;pool-56-thread-48&quot;  prio=5 tid=487 in Object.wait()&#10;java.lang.Thread.State: WAITING (on object monitor)&#10;        at sun.misc.Unsafe.park(Native Method)&#10;        at java.util.concurrent.locks.LockSupport.park(LockSupport.java:175)&#10;        at java.util.concurrent.locks.AbstractQueuedSynchronizer$ConditionObject.await(AbstractQueuedSynchronizer.java:2039)&#10;        at java.util.concurrent.ArrayBlockingQueue.take(ArrayBlockingQueue.java:403)&#10;        at java.util.concurrent.ThreadPoolExecutor.getTask(ThreadPoolExecutor.java:1074)&#10;        at java.util.concurrent.ThreadPoolExecutor.runWorker(ThreadPoolExecutor.java:1134)&#10;        at java.util.concurrent.ThreadPoolExecutor$Worker.run(ThreadPoolExecutor.java:624)&#10;        at java.lang.Thread.run(Thread.java:748)&#10;&quot;KeyDeletingService#0&quot; daemon prio=5 tid=113 timed_waiting&#10;java.lang.Thread.State: TIMED_WAITING&#10;        at sun.misc.Unsafe.park(Native Method)&#10;        at java.util.concurrent.locks.LockSupport.parkNanos(LockSupport.java:215)&#10;        at java.util.concurrent.locks.AbstractQueuedSynchronizer$ConditionObject.awaitNanos(AbstractQueuedSynchronizer.java:2078)&#10;        at java.util.concurrent.ScheduledThreadPoolExecutor$DelayedWorkQueue.take(ScheduledThreadPoolExecutor.java:1093)&#10;        at java.util.concurrent.ScheduledThreadPoolExecutor$DelayedWorkQueue.take(ScheduledThreadPoolExecutor.java:809)&#10;        at java.util.concurrent.ThreadPoolExecutor.getTask(ThreadPoolExecutor.java:1074)&#10;        at java.util.concurrent.ThreadPoolExecutor.runWorker(ThreadPoolExecutor.java:1134)&#10;        at java.util.concurrent.ThreadPoolExecutor$Worker.run(ThreadPoolExecutor.java:624)&#10;        at java.lang.Thread.run(Thread.java:748)&#10;&quot;pool-46-thread-52&quot;  prio=5 tid=431 in Object.wait()&#10;java.lang.Thread.State: WAITING (on object monitor)&#10;        at sun.misc.Unsafe.park(Native Method)&#10;        at java.util.concurrent.locks.LockSupport.park(LockSupport.java:175)&#10;        at java.util.concurrent.locks.AbstractQueuedSynchronizer$ConditionObject.await(AbstractQueuedSynchronizer.java:2039)&#10;        at java.util.concurrent.ArrayBlockingQueue.take(ArrayBlockingQueue.java:403)&#10;        at java.util.concurrent.ThreadPoolExecutor.getTask(ThreadPoolExecutor.java:1074)&#10;        at java.util.concurrent.ThreadPoolExecutor.runWorker(ThreadPoolExecutor.java:1134)&#10;        at java.util.concurrent.ThreadPoolExecutor$Worker.run(ThreadPoolExecutor.java:624)&#10;        at java.lang.Thread.run(Thread.java:748)&#10;&quot;IPC Server handler 8 on 38234&quot; daemon prio=5 tid=122 timed_waiting&#10;java.lang.Thread.State: TIMED_WAITING&#10;        at sun.misc.Unsafe.park(Native Method)&#10;        at java.util.concurrent.locks.LockSupport.parkNanos(LockSupport.java:215)&#10;        at java.util.concurrent.locks.AbstractQueuedSynchronizer$ConditionObject.awaitNanos(AbstractQueuedSynchronizer.java:2078)&#10;        at java.util.concurrent.LinkedBlockingQueue.poll(LinkedBlockingQueue.java:467)&#10;        at org.apache.hadoop.ipc.CallQueueManager.take(CallQueueManager.java:288)&#10;        at org.apache.hadoop.ipc.Server$Handler.run(Server.java:2668)&#10;&quot;Thread-2577&quot; daemon prio=5 tid=2968 timed_waiting&#10;java.lang.Thread.State: TIMED_WAITING&#10;        at java.lang.Thread.sleep(Native Method)&#10;        at org.apache.ratis.util.JavaUtils.sleep(JavaUtils.java:247)&#10;        at org.apache.ratis.server.impl.FollowerState.run(FollowerState.java:97)&#10;&quot;grpc-default-executor-1&quot; daemon prio=5 tid=571 timed_waiting&#10;java.lang.Thread.State: TIMED_WAITING&#10;        at sun.misc.Unsafe.park(Native Method)&#10;        at java.util.concurrent.locks.LockSupport.parkNanos(LockSupport.java:215)&#10;        at java.util.concurrent.SynchronousQueue$TransferStack.awaitFulfill(SynchronousQueue.java:460)&#10;        at java.util.concurrent.SynchronousQueue$TransferStack.transfer(SynchronousQueue.java:362)&#10;        at java.util.concurrent.SynchronousQueue.poll(SynchronousQueue.java:941)&#10;        at java.util.concurrent.ThreadPoolExecutor.getTask(ThreadPoolExecutor.java:1073)&#10;        at java.util.concurrent.ThreadPoolExecutor.runWorker(ThreadPoolExecutor.java:1134)&#10;        at java.util.concurrent.ThreadPoolExecutor$Worker.run(ThreadPoolExecutor.java:624)&#10;        at java.lang.Thread.run(Thread.java:748)&#10;&quot;pool-46-thread-51&quot;  prio=5 tid=430 in Object.wait()&#10;java.lang.Thread.State: WAITING (on object monitor)&#10;        at sun.misc.Unsafe.park(Native Method)&#10;        at java.util.concurrent.locks.LockSupport.park(LockSupport.java:175)&#10;        at java.util.concurrent.locks.AbstractQueuedSynchronizer$ConditionObject.await(AbstractQueuedSynchronizer.java:2039)&#10;        at java.util.concurrent.ArrayBlockingQueue.take(ArrayBlockingQueue.java:403)&#10;        at java.util.concurrent.ThreadPoolExecutor.getTask(ThreadPoolExecutor.java:1074)&#10;        at java.util.concurrent.ThreadPoolExecutor.runWorker(ThreadPoolExecutor.java:1134)&#10;        at java.util.concurrent.ThreadPoolExecutor$Worker.run(ThreadPoolExecutor.java:624)&#10;        at java.lang.Thread.run(Thread.java:748)&#10;&quot;Datanode ReportManager Thread - 1&quot; daemon prio=5 tid=226 in Object.wait()&#10;java.lang.Thread.State: WAITING (on object monitor)&#10;        at sun.misc.Unsafe.park(Native Method)&#10;        at java.util.concurrent.locks.LockSupport.park(LockSupport.java:175)&#10;        at java.util.concurrent.locks.AbstractQueuedSynchronizer$ConditionObject.await(AbstractQueuedSynchronizer.java:2039)&#10;        at java.util.concurrent.ScheduledThreadPoolExecutor$DelayedWorkQueue.take(ScheduledThreadPoolExecutor.java:1088)&#10;        at java.util.concurrent.ScheduledThreadPoolExecutor$DelayedWorkQueue.take(ScheduledThreadPoolExecutor.java:809)&#10;        at java.util.concurrent.ThreadPoolExecutor.getTask(ThreadPoolExecutor.java:1074)&#10;        at java.util.concurrent.ThreadPoolExecutor.runWorker(ThreadPoolExecutor.java:1134)&#10;        at java.util.concurrent.ThreadPoolExecutor$Worker.run(ThreadPoolExecutor.java:624)&#10;        at java.lang.Thread.run(Thread.java:748)&#10;&quot;org.eclipse.jetty.server.session.HashSessionManager@75ae4a1fTimer&quot; daemon prio=5 tid=223 timed_waiting&#10;java.lang.Thread.State: TIMED_WAITING&#10;        at sun.misc.Unsafe.park(Native Method)&#10;        at java.util.concurrent.locks.LockSupport.parkNanos(LockSupport.java:215)&#10;        at java.util.concurrent.locks.AbstractQueuedSynchronizer$ConditionObject.awaitNanos(AbstractQueuedSynchronizer.java:2078)&#10;        at java.util.concurrent.ScheduledThreadPoolExecutor$DelayedWorkQueue.take(ScheduledThreadPoolExecutor.java:1093)&#10;        at java.util.concurrent.ScheduledThreadPoolExecutor$DelayedWorkQueue.take(ScheduledThreadPoolExecutor.java:809)&#10;        at java.util.concurrent.ThreadPoolExecutor.getTask(ThreadPoolExecutor.java:1074)&#10;        at java.util.concurrent.ThreadPoolExecutor.runWorker(ThreadPoolExecutor.java:1134)&#10;        at java.util.concurrent.ThreadPoolExecutor$Worker.run(ThreadPoolExecutor.java:624)&#10;        at java.lang.Thread.run(Thread.java:748)&#10;&quot;pool-26-thread-1&quot;  prio=5 tid=261 in Object.wait()&#10;java.lang.Thread.State: WAITING (on object monitor)&#10;        at sun.misc.Unsafe.park(Native Method)&#10;        at java.util.concurrent.locks.LockSupport.park(LockSupport.java:175)&#10;        at java.util.concurrent.locks.AbstractQueuedSynchronizer$ConditionObject.await(AbstractQueuedSynchronizer.java:2039)&#10;        at java.util.concurrent.ArrayBlockingQueue.take(ArrayBlockingQueue.java:403)&#10;        at java.util.concurrent.ThreadPoolExecutor.getTask(ThreadPoolExecutor.java:1074)&#10;        at java.util.concurrent.ThreadPoolExecutor.runWorker(ThreadPoolExecutor.java:1134)&#10;        at java.util.concurrent.ThreadPoolExecutor$Worker.run(ThreadPoolExecutor.java:624)&#10;        at java.lang.Thread.run(Thread.java:748)&#10;&quot;486e836e-12f0-4f28-9a7f-6d6b2ff2cce2@group-23589E98DA8C-SegmentedRaftLogWorker&quot;  prio=5 tid=562 timed_waiting&#10;java.lang.Thread.State: TIMED_WAITING&#10;        at sun.misc.Unsafe.park(Native Method)&#10;        at java.util.concurrent.locks.LockSupport.parkNanos(LockSupport.java:215)&#10;        at java.util.concurrent.locks.AbstractQueuedSynchronizer$ConditionObject.awaitNanos(AbstractQueuedSynchronizer.java:2078)&#10;        at org.apache.ratis.util.DataBlockingQueue.poll(DataBlockingQueue.java:137)&#10;        at org.apache.ratis.server.raftlog.segmented.SegmentedRaftLogWorker.run(SegmentedRaftLogWorker.java:282)&#10;        at java.lang.Thread.run(Thread.java:748)&#10;&quot;pool-26-thread-54&quot;  prio=5 tid=366 in Object.wait()&#10;java.lang.Thread.State: WAITING (on object monitor)&#10;        at sun.misc.Unsafe.park(Native Method)&#10;        at java.util.concurrent.locks.LockSupport.park(LockSupport.java:175)&#10;        at java.util.concurrent.locks.AbstractQueuedSynchronizer$ConditionObject.await(AbstractQueuedSynchronizer.java:2039)&#10;        at java.util.concurrent.ArrayBlockingQueue.take(ArrayBlockingQueue.java:403)&#10;        at java.util.concurrent.ThreadPoolExecutor.getTask(ThreadPoolExecutor.java:1074)&#10;        at java.util.concurrent.ThreadPoolExecutor.runWorker(ThreadPoolExecutor.java:1134)&#10;        at java.util.concurrent.ThreadPoolExecutor$Worker.run(ThreadPoolExecutor.java:624)&#10;        at java.lang.Thread.run(Thread.java:748)&#10;&quot;pool-56-thread-5&quot;  prio=5 tid=444 in Object.wait()&#10;java.lang.Thread.State: WAITING (on object monitor)&#10;        at sun.misc.Unsafe.park(Native Method)&#10;        at java.util.concurrent.locks.LockSupport.park(LockSupport.java:175)&#10;        at java.util.concurrent.locks.AbstractQueuedSynchronizer$ConditionObject.await(AbstractQueuedSynchronizer.java:2039)&#10;        at java.util.concurrent.ArrayBlockingQueue.take(ArrayBlockingQueue.java:403)&#10;        at java.util.concurrent.ThreadPoolExecutor.getTask(ThreadPoolExecutor.java:1074)&#10;        at java.util.concurrent.ThreadPoolExecutor.runWorker(ThreadPoolExecutor.java:1134)&#10;        at java.util.concurrent.ThreadPoolExecutor$Worker.run(ThreadPoolExecutor.java:624)&#10;        at java.lang.Thread.run(Thread.java:748)&#10;&quot;IPC Server handler 6 on 40088&quot; daemon prio=5 tid=55 timed_waiting&#10;java.lang.Thread.State: TIMED_WAITING&#10;        at sun.misc.Unsafe.park(Native Method)&#10;        at java.util.concurrent.locks.LockSupport.parkNanos(LockSupport.java:215)&#10;        at java.util.concurrent.locks.AbstractQueuedSynchronizer$ConditionObject.awaitNanos(AbstractQueuedSynchronizer.java:2078)&#10;        at java.util.concurrent.LinkedBlockingQueue.poll(LinkedBlockingQueue.java:467)&#10;        at org.apache.hadoop.ipc.CallQueueManager.take(CallQueueManager.java:288)&#10;        at org.apache.hadoop.ipc.Server$Handler.run(Server.java:2668)&#10;&quot;metrics-hadoop-metrics2-reporter-25-thread-1&quot; daemon prio=5 tid=590 timed_waiting&#10;java.lang.Thread.State: TIMED_WAITING&#10;        at sun.misc.Unsafe.park(Native Method)&#10;        at java.util.concurrent.locks.LockSupport.parkNanos(LockSupport.java:215)&#10;        at java.util.concurrent.locks.AbstractQueuedSynchronizer$ConditionObject.awaitNanos(AbstractQueuedSynchronizer.java:2078)&#10;        at java.util.concurrent.ScheduledThreadPoolExecutor$DelayedWorkQueue.take(ScheduledThreadPoolExecutor.java:1093)&#10;        at java.util.concurrent.ScheduledThreadPoolExecutor$DelayedWorkQueue.take(ScheduledThreadPoolExecutor.java:809)&#10;        at java.util.concurrent.ThreadPoolExecutor.getTask(ThreadPoolExecutor.java:1074)&#10;        at java.util.concurrent.ThreadPoolExecutor.runWorker(ThreadPoolExecutor.java:1134)&#10;        at java.util.concurrent.ThreadPoolExecutor$Worker.run(ThreadPoolExecutor.java:624)&#10;        at java.lang.Thread.run(Thread.java:748)&#10;&quot;Datanode ReportManager Thread - 2&quot; daemon prio=5 tid=227 in Object.wait()&#10;java.lang.Thread.State: WAITING (on object monitor)&#10;        at sun.misc.Unsafe.park(Native Method)&#10;        at java.util.concurrent.locks.LockSupport.park(LockSupport.java:175)&#10;        at java.util.concurrent.locks.AbstractQueuedSynchronizer$ConditionObject.await(AbstractQueuedSynchronizer.java:2039)&#10;        at java.util.concurrent.ScheduledThreadPoolExecutor$DelayedWorkQueue.take(ScheduledThreadPoolExecutor.java:1088)&#10;        at java.util.concurrent.ScheduledThreadPoolExecutor$DelayedWorkQueue.take(ScheduledThreadPoolExecutor.java:809)&#10;        at java.util.concurrent.ThreadPoolExecutor.getTask(ThreadPoolExecutor.java:1074)&#10;        at java.util.concurrent.ThreadPoolExecutor.runWorker(ThreadPoolExecutor.java:1134)&#10;        at java.util.concurrent.ThreadPoolExecutor$Worker.run(ThreadPoolExecutor.java:624)&#10;        at java.lang.Thread.run(Thread.java:748)&#10;&quot;Thread-208&quot; daemon prio=5 tid=558 timed_waiting&#10;java.lang.Thread.State: TIMED_WAITING&#10;        at sun.misc.Unsafe.park(Native Method)&#10;        at java.util.concurrent.locks.LockSupport.parkNanos(LockSupport.java:215)&#10;        at java.util.concurrent.locks.AbstractQueuedSynchronizer$ConditionObject.awaitNanos(AbstractQueuedSynchronizer.java:2078)&#10;        at java.util.concurrent.ArrayBlockingQueue.poll(ArrayBlockingQueue.java:418)&#10;        at org.apache.ratis.server.impl.LeaderState$EventQueue.poll(LeaderState.java:115)&#10;        at org.apache.ratis.server.impl.LeaderState$EventProcessor.run(LeaderState.java:467)&#10;&quot;qtp7829163-89&quot; daemon prio=5 tid=89 timed_waiting&#10;java.lang.Thread.State: TIMED_WAITING&#10;        at sun.misc.Unsafe.park(Native Method)&#10;        at java.util.concurrent.locks.LockSupport.parkNanos(LockSupport.java:215)&#10;        at java.util.concurrent.locks.AbstractQueuedSynchronizer$ConditionObject.awaitNanos(AbstractQueuedSynchronizer.java:2078)&#10;        at org.eclipse.jetty.util.BlockingArrayQueue.poll(BlockingArrayQueue.java:392)&#10;        at org.eclipse.jetty.util.thread.QueuedThreadPool.idleJobPoll(QueuedThreadPool.java:563)&#10;        at org.eclipse.jetty.util.thread.QueuedThreadPool.access$800(QueuedThreadPool.java:48)&#10;        at org.eclipse.jetty.util.thread.QueuedThreadPool$2.run(QueuedThreadPool.java:626)&#10;        at java.lang.Thread.run(Thread.java:748)&#10;&quot;pool-46-thread-30&quot;  prio=5 tid=409 in Object.wait()&#10;java.lang.Thread.State: WAITING (on object monitor)&#10;        at sun.misc.Unsafe.park(Native Method)&#10;        at java.util.concurrent.locks.LockSupport.park(LockSupport.java:175)&#10;        at java.util.concurrent.locks.AbstractQueuedSynchronizer$ConditionObject.await(AbstractQueuedSynchronizer.java:2039)&#10;        at java.util.concurrent.ArrayBlockingQueue.take(ArrayBlockingQueue.java:403)&#10;        at java.util.concurrent.ThreadPoolExecutor.getTask(ThreadPoolExecutor.java:1074)&#10;        at java.util.concurrent.ThreadPoolExecutor.runWorker(ThreadPoolExecutor.java:1134)&#10;        at java.util.concurrent.ThreadPoolExecutor$Worker.run(ThreadPoolExecutor.java:624)&#10;        at java.lang.Thread.run(Thread.java:748)&#10;&quot;Datanode State Machine Thread - 0&quot; daemon prio=5 tid=197 timed_waiting&#10;java.lang.Thread.State: TIMED_WAITING&#10;        at java.lang.Thread.sleep(Native Method)&#10;        at org.apache.hadoop.ozone.container.common.statemachine.DatanodeStateMachine.start(DatanodeStateMachine.java:191)&#10;        at org.apache.hadoop.ozone.container.common.statemachine.DatanodeStateMachine.lambda$startDaemon$0(DatanodeStateMachine.java:349)&#10;        at org.apache.hadoop.ozone.container.common.statemachine.DatanodeStateMachine$$Lambda$140/1282899579.run(Unknown Source)&#10;        at java.lang.Thread.run(Thread.java:748)&#10;&quot;IPC Server handler 3 on 34339&quot; daemon prio=5 tid=72 timed_waiting&#10;java.lang.Thread.State: TIMED_WAITING&#10;        at sun.misc.Unsafe.park(Native Method)&#10;        at java.util.concurrent.locks.LockSupport.parkNanos(LockSupport.java:215)&#10;        at java.util.concurrent.locks.AbstractQueuedSynchronizer$ConditionObject.awaitNanos(AbstractQueuedSynchronizer.java:2078)&#10;        at java.util.concurrent.LinkedBlockingQueue.poll(LinkedBlockingQueue.java:467)&#10;        at org.apache.hadoop.ipc.CallQueueManager.take(CallQueueManager.java:288)&#10;        at org.apache.hadoop.ipc.Server$Handler.run(Server.java:2668)&#10;&quot;IPC Server handler 6 on 38234&quot; daemon prio=5 tid=120 timed_waiting&#10;java.lang.Thread.State: TIMED_WAITING&#10;        at sun.misc.Unsafe.park(Native Method)&#10;        at java.util.concurrent.locks.LockSupport.parkNanos(LockSupport.java:215)&#10;        at java.util.concurrent.locks.AbstractQueuedSynchronizer$ConditionObject.awaitNanos(AbstractQueuedSynchronizer.java:2078)&#10;        at java.util.concurrent.LinkedBlockingQueue.poll(LinkedBlockingQueue.java:467)&#10;        at org.apache.hadoop.ipc.CallQueueManager.take(CallQueueManager.java:288)&#10;        at org.apache.hadoop.ipc.Server$Handler.run(Server.java:2668)&#10;&quot;pool-56-thread-49&quot;  prio=5 tid=488 in Object.wait()&#10;java.lang.Thread.State: WAITING (on object monitor)&#10;        at sun.misc.Unsafe.park(Native Method)&#10;        at java.util.concurrent.locks.LockSupport.park(LockSupport.java:175)&#10;        at java.util.concurrent.locks.AbstractQueuedSynchronizer$ConditionObject.await(AbstractQueuedSynchronizer.java:2039)&#10;        at java.util.concurrent.ArrayBlockingQueue.take(ArrayBlockingQueue.java:403)&#10;        at java.util.concurrent.ThreadPoolExecutor.getTask(ThreadPoolExecutor.java:1074)&#10;        at java.util.concurrent.ThreadPoolExecutor.runWorker(ThreadPoolExecutor.java:1134)&#10;        at java.util.concurrent.ThreadPoolExecutor$Worker.run(ThreadPoolExecutor.java:624)&#10;        at java.lang.Thread.run(Thread.java:748)&#10;&quot;pool-36-thread-19&quot;  prio=5 tid=296 in Object.wait()&#10;java.lang.Thread.State: WAITING (on object monitor)&#10;        at sun.misc.Unsafe.park(Native Method)&#10;        at java.util.concurrent.locks.LockSupport.park(LockSupport.java:175)&#10;        at java.util.concurrent.locks.AbstractQueuedSynchronizer$ConditionObject.await(AbstractQueuedSynchronizer.java:2039)&#10;        at java.util.concurrent.ArrayBlockingQueue.take(ArrayBlockingQueue.java:403)&#10;        at java.util.concurrent.ThreadPoolExecutor.getTask(ThreadPoolExecutor.java:1074)&#10;        at java.util.concurrent.ThreadPoolExecutor.runWorker(ThreadPoolExecutor.java:1134)&#10;        at java.util.concurrent.ThreadPoolExecutor$Worker.run(ThreadPoolExecutor.java:624)&#10;        at java.lang.Thread.run(Thread.java:748)&#10;&quot;pool-26-thread-14&quot;  prio=5 tid=287 in Object.wait()&#10;java.lang.Thread.State: WAITING (on object monitor)&#10;        at sun.misc.Unsafe.park(Native Method)&#10;        at java.util.concurrent.locks.LockSupport.park(LockSupport.java:175)&#10;        at java.util.concurrent.locks.AbstractQueuedSynchronizer$ConditionObject.await(AbstractQueuedSynchronizer.java:2039)&#10;        at java.util.concurrent.ArrayBlockingQueue.take(ArrayBlockingQueue.java:403)&#10;        at java.util.concurrent.ThreadPoolExecutor.getTask(ThreadPoolExecutor.java:1074)&#10;        at java.util.concurrent.ThreadPoolExecutor.runWorker(ThreadPoolExecutor.java:1134)&#10;        at java.util.concurrent.ThreadPoolExecutor$Worker.run(ThreadPoolExecutor.java:624)&#10;        at java.lang.Thread.run(Thread.java:748)&#10;&quot;pool-36-thread-2&quot;  prio=5 tid=262 in Object.wait()&#10;java.lang.Thread.State: WAITING (on object monitor)&#10;        at sun.misc.Unsafe.park(Native Method)&#10;        at java.util.concurrent.locks.LockSupport.park(LockSupport.java:175)&#10;        at java.util.concurrent.locks.AbstractQueuedSynchronizer$ConditionObject.await(AbstractQueuedSynchronizer.java:2039)&#10;        at java.util.concurrent.ArrayBlockingQueue.take(ArrayBlockingQueue.java:403)&#10;        at java.util.concurrent.ThreadPoolExecutor.getTask(ThreadPoolExecutor.java:1074)&#10;        at java.util.concurrent.ThreadPoolExecutor.runWorker(ThreadPoolExecutor.java:1134)&#10;        at java.util.concurrent.ThreadPoolExecutor$Worker.run(ThreadPoolExecutor.java:624)&#10;        at java.lang.Thread.run(Thread.java:748)&#10;&quot;metrics-hadoop-metrics2-reporter-15-thread-1&quot; daemon prio=5 tid=561 timed_waiting&#10;java.lang.Thread.State: TIMED_WAITING&#10;        at sun.misc.Unsafe.park(Native Method)&#10;        at java.util.concurrent.locks.LockSupport.parkNanos(LockSupport.java:215)&#10;        at java.util.concurrent.locks.AbstractQueuedSynchronizer$ConditionObject.awaitNanos(AbstractQueuedSynchronizer.java:2078)&#10;        at java.util.concurrent.ScheduledThreadPoolExecutor$DelayedWorkQueue.take(ScheduledThreadPoolExecutor.java:1093)&#10;        at java.util.concurrent.ScheduledThreadPoolExecutor$DelayedWorkQueue.take(ScheduledThreadPoolExecutor.java:809)&#10;        at java.util.concurrent.ThreadPoolExecutor.getTask(ThreadPoolExecutor.java:1074)&#10;        at java.util.concurrent.ThreadPoolExecutor.runWorker(ThreadPoolExecutor.java:1134)&#10;        at java.util.concurrent.ThreadPoolExecutor$Worker.run(ThreadPoolExecutor.java:624)&#10;        at java.lang.Thread.run(Thread.java:748)&#10;&quot;pool-46-thread-56&quot;  prio=5 tid=435 in Object.wait()&#10;java.lang.Thread.State: WAITING (on object monitor)&#10;        at sun.misc.Unsafe.park(Native Method)&#10;        at java.util.concurrent.locks.LockSupport.park(LockSupport.java:175)&#10;        at java.util.concurrent.locks.AbstractQueuedSynchronizer$ConditionObject.await(AbstractQueuedSynchronizer.java:2039)&#10;        at java.util.concurrent.ArrayBlockingQueue.take(ArrayBlockingQueue.java:403)&#10;        at java.util.concurrent.ThreadPoolExecutor.getTask(ThreadPoolExecutor.java:1074)&#10;        at java.util.concurrent.ThreadPoolExecutor.runWorker(ThreadPoolExecutor.java:1134)&#10;        at java.util.concurrent.ThreadPoolExecutor$Worker.run(ThreadPoolExecutor.java:624)&#10;        at java.lang.Thread.run(Thread.java:748)&#10;&quot;IPC Server handler 19 on 34819&quot; daemon prio=5 tid=48 timed_waiting&#10;java.lang.Thread.State: TIMED_WAITING&#10;        at sun.misc.Unsafe.park(Native Method)&#10;        at java.util.concurrent.locks.LockSupport.parkNanos(LockSupport.java:215)&#10;        at java.util.concurrent.locks.AbstractQueuedSynchronizer$ConditionObject.awaitNanos(AbstractQueuedSynchronizer.java:2078)&#10;        at java.util.concurrent.LinkedBlockingQueue.poll(LinkedBlockingQueue.java:467)&#10;        at org.apache.hadoop.ipc.CallQueueManager.take(CallQueueManager.java:288)&#10;        at org.apache.hadoop.ipc.Server$Handler.run(Server.java:2668)&#10;&quot;qtp1713847712-214-acceptor-0@776c7d76-ServerConnector@21bd20ee{HTTP/1.1,[http/1.1]}{0.0.0.0:45566}&quot; daemon prio=3 tid=214 runnable&#10;java.lang.Thread.State: RUNNABLE&#10;        at sun.nio.ch.ServerSocketChannelImpl.accept0(Native Method)&#10;        at sun.nio.ch.ServerSocketChannelImpl.accept(ServerSocketChannelImpl.java:422)&#10;        at sun.nio.ch.ServerSocketChannelImpl.accept(ServerSocketChannelImpl.java:250)&#10;        at org.eclipse.jetty.server.ServerConnector.accept(ServerConnector.java:397)&#10;        at org.eclipse.jetty.server.AbstractConnector$Acceptor.run(AbstractConnector.java:601)&#10;        at org.eclipse.jetty.util.thread.QueuedThreadPool.runJob(QueuedThreadPool.java:671)&#10;        at org.eclipse.jetty.util.thread.QueuedThreadPool$2.run(QueuedThreadPool.java:589)&#10;        at java.lang.Thread.run(Thread.java:748)&#10;&quot;pool-56-thread-12&quot;  prio=5 tid=451 in Object.wait()&#10;java.lang.Thread.State: WAITING (on object monitor)&#10;        at sun.misc.Unsafe.park(Native Method)&#10;        at java.util.concurrent.locks.LockSupport.park(LockSupport.java:175)&#10;        at java.util.concurrent.locks.AbstractQueuedSynchronizer$ConditionObject.await(AbstractQueuedSynchronizer.java:2039)&#10;        at java.util.concurrent.ArrayBlockingQueue.take(ArrayBlockingQueue.java:403)&#10;        at java.util.concurrent.ThreadPoolExecutor.getTask(ThreadPoolExecutor.java:1074)&#10;        at java.util.concurrent.ThreadPoolExecutor.runWorker(ThreadPoolExecutor.java:1134)&#10;        at java.util.concurrent.ThreadPoolExecutor$Worker.run(ThreadPoolExecutor.java:624)&#10;        at java.lang.Thread.run(Thread.java:748)&#10;&quot;org.eclipse.jetty.server.session.HashSessionManager@1a2bcd56Timer&quot; daemon prio=5 tid=249 timed_waiting&#10;java.lang.Thread.State: TIMED_WAITING&#10;        at sun.misc.Unsafe.park(Native Method)&#10;        at java.util.concurrent.locks.LockSupport.parkNanos(LockSupport.java:215)&#10;        at java.util.concurrent.locks.AbstractQueuedSynchronizer$ConditionObject.awaitNanos(AbstractQueuedSynchronizer.java:2078)&#10;        at java.util.concurrent.ScheduledThreadPoolExecutor$DelayedWorkQueue.take(ScheduledThreadPoolExecutor.java:1093)&#10;        at java.util.concurrent.ScheduledThreadPoolExecutor$DelayedWorkQueue.take(ScheduledThreadPoolExecutor.java:809)&#10;        at java.util.concurrent.ThreadPoolExecutor.getTask(ThreadPoolExecutor.java:1074)&#10;        at java.util.concurrent.ThreadPoolExecutor.runWorker(ThreadPoolExecutor.java:1134)&#10;        at java.util.concurrent.ThreadPoolExecutor$Worker.run(ThreadPoolExecutor.java:624)&#10;        at java.lang.Thread.run(Thread.java:748)&#10;&quot;pool-50-thread-1&quot;  prio=5 tid=212 timed_waiting&#10;java.lang.Thread.State: TIMED_WAITING&#10;        at sun.misc.Unsafe.park(Native Method)&#10;        at java.util.concurrent.locks.LockSupport.parkNanos(LockSupport.java:215)&#10;        at java.util.concurrent.locks.AbstractQueuedSynchronizer$ConditionObject.awaitNanos(AbstractQueuedSynchronizer.java:2078)&#10;        at java.util.concurrent.ScheduledThreadPoolExecutor$DelayedWorkQueue.take(ScheduledThreadPoolExecutor.java:1093)&#10;        at java.util.concurrent.ScheduledThreadPoolExecutor$DelayedWorkQueue.take(ScheduledThreadPoolExecutor.java:809)&#10;        at java.util.concurrent.ThreadPoolExecutor.getTask(ThreadPoolExecutor.java:1074)&#10;        at java.util.concurrent.ThreadPoolExecutor.runWorker(ThreadPoolExecutor.java:1134)&#10;        at java.util.concurrent.ThreadPoolExecutor$Worker.run(ThreadPoolExecutor.java:624)&#10;        at java.lang.Thread.run(Thread.java:748)&#10;&quot;Command processor thread&quot; daemon prio=5 tid=256 timed_waiting&#10;java.lang.Thread.State: TIMED_WAITING&#10;        at java.lang.Thread.sleep(Native Method)&#10;        at org.apache.hadoop.ozone.container.common.statemachine.DatanodeStateMachine.lambda$initCommandHandlerThread$1(DatanodeStateMachine.java:439)&#10;        at org.apache.hadoop.ozone.container.common.statemachine.DatanodeStateMachine$$Lambda$141/259962710.run(Unknown Source)&#10;        at java.lang.Thread.run(Thread.java:748)&#10;&quot;pool-26-thread-51&quot;  prio=5 tid=360 in Object.wait()&#10;java.lang.Thread.State: WAITING (on object monitor)&#10;        at sun.misc.Unsafe.park(Native Method)&#10;        at java.util.concurrent.locks.LockSupport.park(LockSupport.java:175)&#10;        at java.util.concurrent.locks.AbstractQueuedSynchronizer$ConditionObject.await(AbstractQueuedSynchronizer.java:2039)&#10;        at java.util.concurrent.ArrayBlockingQueue.take(ArrayBlockingQueue.java:403)&#10;        at java.util.concurrent.ThreadPoolExecutor.getTask(ThreadPoolExecutor.java:1074)&#10;        at java.util.concurrent.ThreadPoolExecutor.runWorker(ThreadPoolExecutor.java:1134)&#10;        at java.util.concurrent.ThreadPoolExecutor$Worker.run(ThreadPoolExecutor.java:624)&#10;        at java.lang.Thread.run(Thread.java:748)&#10;&quot;pool-36-thread-43&quot;  prio=5 tid=344 in Object.wait()&#10;java.lang.Thread.State: WAITING (on object monitor)&#10;        at sun.misc.Unsafe.park(Native Method)&#10;        at java.util.concurrent.locks.LockSupport.park(LockSupport.java:175)&#10;        at java.util.concurrent.locks.AbstractQueuedSynchronizer$ConditionObject.await(AbstractQueuedSynchronizer.java:2039)&#10;        at java.util.concurrent.ArrayBlockingQueue.take(ArrayBlockingQueue.java:403)&#10;        at java.util.concurrent.ThreadPoolExecutor.getTask(ThreadPoolExecutor.java:1074)&#10;        at java.util.concurrent.ThreadPoolExecutor.runWorker(ThreadPoolExecutor.java:1134)&#10;        at java.util.concurrent.ThreadPoolExecutor$Worker.run(ThreadPoolExecutor.java:624)&#10;        at java.lang.Thread.run(Thread.java:748)&#10;&quot;pool-36-thread-31&quot;  prio=5 tid=320 in Object.wait()&#10;java.lang.Thread.State: WAITING (on object monitor)&#10;        at sun.misc.Unsafe.park(Native Method)&#10;        at java.util.concurrent.locks.LockSupport.park(LockSupport.java:175)&#10;        at java.util.concurrent.locks.AbstractQueuedSynchronizer$ConditionObject.await(AbstractQueuedSynchronizer.java:2039)&#10;        at java.util.concurrent.ArrayBlockingQueue.take(ArrayBlockingQueue.java:403)&#10;        at java.util.concurrent.ThreadPoolExecutor.getTask(ThreadPoolExecutor.java:1074)&#10;        at java.util.concurrent.ThreadPoolExecutor.runWorker(ThreadPoolExecutor.java:1134)&#10;        at java.util.concurrent.ThreadPoolExecutor$Worker.run(ThreadPoolExecutor.java:624)&#10;        at java.lang.Thread.run(Thread.java:748)&#10;&quot;IPC Server handler 17 on 38234&quot; daemon prio=5 tid=132 timed_waiting&#10;java.lang.Thread.State: TIMED_WAITING&#10;        at sun.misc.Unsafe.park(Native Method)&#10;        at java.util.concurrent.locks.LockSupport.parkNanos(LockSupport.java:215)&#10;        at java.util.concurrent.locks.AbstractQueuedSynchronizer$ConditionObject.awaitNanos(AbstractQueuedSynchronizer.java:2078)&#10;        at java.util.concurrent.LinkedBlockingQueue.poll(LinkedBlockingQueue.java:467)&#10;        at org.apache.hadoop.ipc.CallQueueManager.take(CallQueueManager.java:288)&#10;        at org.apache.hadoop.ipc.Server$Handler.run(Server.java:2668)&#10;&quot;Socket Reader #1 for port 38234&quot;  prio=5 tid=108 runnable&#10;java.lang.Thread.State: RUNNABLE&#10;        at sun.nio.ch.EPollArrayWrapper.epollWait(Native Method)&#10;        at sun.nio.ch.EPollArrayWrapper.poll(EPollArrayWrapper.java:269)&#10;        at sun.nio.ch.EPollSelectorImpl.doSelect(EPollSelectorImpl.java:93)&#10;        at sun.nio.ch.SelectorImpl.lockAndDoSelect(SelectorImpl.java:86)&#10;        at sun.nio.ch.SelectorImpl.select(SelectorImpl.java:97)&#10;        at sun.nio.ch.SelectorImpl.select(SelectorImpl.java:101)&#10;        at org.apache.hadoop.ipc.Server$Listener$Reader.doRunLoop(Server.java:1097)&#10;        at org.apache.hadoop.ipc.Server$Listener$Reader.run(Server.java:1076)&#10;&quot;pool-56-thread-42&quot;  prio=5 tid=481 in Object.wait()&#10;java.lang.Thread.State: WAITING (on object monitor)&#10;        at sun.misc.Unsafe.park(Native Method)&#10;        at java.util.concurrent.locks.LockSupport.park(LockSupport.java:175)&#10;        at java.util.concurrent.locks.AbstractQueuedSynchronizer$ConditionObject.await(AbstractQueuedSynchronizer.java:2039)&#10;        at java.util.concurrent.ArrayBlockingQueue.take(ArrayBlockingQueue.java:403)&#10;        at java.util.concurrent.ThreadPoolExecutor.getTask(ThreadPoolExecutor.java:1074)&#10;        at java.util.concurrent.ThreadPoolExecutor.runWorker(ThreadPoolExecutor.java:1134)&#10;        at java.util.concurrent.ThreadPoolExecutor$Worker.run(ThreadPoolExecutor.java:624)&#10;        at java.lang.Thread.run(Thread.java:748)&#10;&quot;BlockDeletingService#1&quot; daemon prio=5 tid=507 in Object.wait()&#10;java.lang.Thread.State: WAITING (on object monitor)&#10;        at sun.misc.Unsafe.park(Native Method)&#10;        at java.util.concurrent.locks.LockSupport.park(LockSupport.java:175)&#10;        at java.util.concurrent.locks.AbstractQueuedSynchronizer$ConditionObject.await(AbstractQueuedSynchronizer.java:2039)&#10;        at java.util.concurrent.ScheduledThreadPoolExecutor$DelayedWorkQueue.take(ScheduledThreadPoolExecutor.java:1088)&#10;        at java.util.concurrent.ScheduledThreadPoolExecutor$DelayedWorkQueue.take(ScheduledThreadPoolExecutor.java:809)&#10;        at java.util.concurrent.ThreadPoolExecutor.getTask(ThreadPoolExecutor.java:1074)&#10;        at java.util.concurrent.ThreadPoolExecutor.runWorker(ThreadPoolExecutor.java:1134)&#10;        at java.util.concurrent.ThreadPoolExecutor$Worker.run(ThreadPoolExecutor.java:624)&#10;        at java.lang.Thread.run(Thread.java:748)&#10;&quot;pool-46-thread-43&quot;  prio=5 tid=422 in Object.wait()&#10;java.lang.Thread.State: WAITING (on object monitor)&#10;        at sun.misc.Unsafe.park(Native Method)&#10;        at java.util.concurrent.locks.LockSupport.park(LockSupport.java:175)&#10;        at java.util.concurrent.locks.AbstractQueuedSynchronizer$ConditionObject.await(AbstractQueuedSynchronizer.java:2039)&#10;        at java.util.concurrent.ArrayBlockingQueue.take(ArrayBlockingQueue.java:403)&#10;        at java.util.concurrent.ThreadPoolExecutor.getTask(ThreadPoolExecutor.java:1074)&#10;        at java.util.concurrent.ThreadPoolExecutor.runWorker(ThreadPoolExecutor.java:1134)&#10;        at java.util.concurrent.ThreadPoolExecutor$Worker.run(ThreadPoolExecutor.java:624)&#10;        at java.lang.Thread.run(Thread.java:748)&#10;&quot;qtp1080561710-166&quot; daemon prio=5 tid=166 timed_waiting&#10;java.lang.Thread.State: TIMED_WAITING&#10;        at sun.misc.Unsafe.park(Native Method)&#10;        at java.util.concurrent.locks.LockSupport.parkNanos(LockSupport.java:215)&#10;        at java.util.concurrent.locks.AbstractQueuedSynchronizer$ConditionObject.awaitNanos(AbstractQueuedSynchronizer.java:2078)&#10;        at org.eclipse.jetty.util.BlockingArrayQueue.poll(BlockingArrayQueue.java:392)&#10;        at org.eclipse.jetty.util.thread.QueuedThreadPool.idleJobPoll(QueuedThreadPool.java:563)&#10;        at org.eclipse.jetty.util.thread.QueuedThreadPool.access$800(QueuedThreadPool.java:48)&#10;        at org.eclipse.jetty.util.thread.QueuedThreadPool$2.run(QueuedThreadPool.java:626)&#10;        at java.lang.Thread.run(Thread.java:748)&#10;&quot;IPC Server handler 3 on 34819&quot; daemon prio=5 tid=32 timed_waiting&#10;java.lang.Thread.State: TIMED_WAITING&#10;        at sun.misc.Unsafe.park(Native Method)&#10;        at java.util.concurrent.locks.LockSupport.parkNanos(LockSupport.java:215)&#10;        at java.util.concurrent.locks.AbstractQueuedSynchronizer$ConditionObject.awaitNanos(AbstractQueuedSynchronizer.java:2078)&#10;        at java.util.concurrent.LinkedBlockingQueue.poll(LinkedBlockingQueue.java:467)&#10;        at org.apache.hadoop.ipc.CallQueueManager.take(CallQueueManager.java:288)&#10;        at org.apache.hadoop.ipc.Server$Handler.run(Server.java:2668)&#10;&quot;pool-36-thread-16&quot;  prio=5 tid=290 in Object.wait()&#10;java.lang.Thread.State: WAITING (on object monitor)&#10;        at sun.misc.Unsafe.park(Native Method)&#10;        at java.util.concurrent.locks.LockSupport.park(LockSupport.java:175)&#10;        at java.util.concurrent.locks.AbstractQueuedSynchronizer$ConditionObject.await(AbstractQueuedSynchronizer.java:2039)&#10;        at java.util.concurrent.ArrayBlockingQueue.take(ArrayBlockingQueue.java:403)&#10;        at java.util.concurrent.ThreadPoolExecutor.getTask(ThreadPoolExecutor.java:1074)&#10;        at java.util.concurrent.ThreadPoolExecutor.runWorker(ThreadPoolExecutor.java:1134)&#10;        at java.util.concurrent.ThreadPoolExecutor$Worker.run(ThreadPoolExecutor.java:624)&#10;        at java.lang.Thread.run(Thread.java:748)&#10;&quot;IPC Server handler 15 on 38234&quot; daemon prio=5 tid=130 timed_waiting&#10;java.lang.Thread.State: TIMED_WAITING&#10;        at sun.misc.Unsafe.park(Native Method)&#10;        at java.util.concurrent.locks.LockSupport.parkNanos(LockSupport.java:215)&#10;        at java.util.concurrent.locks.AbstractQueuedSynchronizer$ConditionObject.awaitNanos(AbstractQueuedSynchronizer.java:2078)&#10;        at java.util.concurrent.LinkedBlockingQueue.poll(LinkedBlockingQueue.java:467)&#10;        at org.apache.hadoop.ipc.CallQueueManager.take(CallQueueManager.java:288)&#10;        at org.apache.hadoop.ipc.Server$Handler.run(Server.java:2668)&#10;&quot;pool-56-thread-21&quot;  prio=5 tid=460 in Object.wait()&#10;java.lang.Thread.State: WAITING (on object monitor)&#10;        at sun.misc.Unsafe.park(Native Method)&#10;        at java.util.concurrent.locks.LockSupport.park(LockSupport.java:175)&#10;        at java.util.concurrent.locks.AbstractQueuedSynchronizer$ConditionObject.await(AbstractQueuedSynchronizer.java:2039)&#10;        at java.util.concurrent.ArrayBlockingQueue.take(ArrayBlockingQueue.java:403)&#10;        at java.util.concurrent.ThreadPoolExecutor.getTask(ThreadPoolExecutor.java:1074)&#10;        at java.util.concurrent.ThreadPoolExecutor.runWorker(ThreadPoolExecutor.java:1134)&#10;        at java.util.concurrent.ThreadPoolExecutor$Worker.run(ThreadPoolExecutor.java:624)&#10;        at java.lang.Thread.run(Thread.java:748)&#10;&quot;pool-46-thread-29&quot;  prio=5 tid=408 in Object.wait()&#10;java.lang.Thread.State: WAITING (on object monitor)&#10;        at sun.misc.Unsafe.park(Native Method)&#10;        at java.util.concurrent.locks.LockSupport.park(LockSupport.java:175)&#10;        at java.util.concurrent.locks.AbstractQueuedSynchronizer$ConditionObject.await(AbstractQueuedSynchronizer.java:2039)&#10;        at java.util.concurrent.ArrayBlockingQueue.take(ArrayBlockingQueue.java:403)&#10;        at java.util.concurrent.ThreadPoolExecutor.getTask(ThreadPoolExecutor.java:1074)&#10;        at java.util.concurrent.ThreadPoolExecutor.runWorker(ThreadPoolExecutor.java:1134)&#10;        at java.util.concurrent.ThreadPoolExecutor$Worker.run(ThreadPoolExecutor.java:624)&#10;        at java.lang.Thread.run(Thread.java:748)&#10;&quot;qtp1713847712-216&quot; daemon prio=5 tid=216 timed_waiting&#10;java.lang.Thread.State: TIMED_WAITING&#10;        at sun.misc.Unsafe.park(Native Method)&#10;        at java.util.concurrent.locks.LockSupport.parkNanos(LockSupport.java:215)&#10;        at java.util.concurrent.locks.AbstractQueuedSynchronizer$ConditionObject.awaitNanos(AbstractQueuedSynchronizer.java:2078)&#10;        at org.eclipse.jetty.util.BlockingArrayQueue.poll(BlockingArrayQueue.java:392)&#10;        at org.eclipse.jetty.util.thread.QueuedThreadPool.idleJobPoll(QueuedThreadPool.java:563)&#10;        at org.eclipse.jetty.util.thread.QueuedThreadPool.access$800(QueuedThreadPool.java:48)&#10;        at org.eclipse.jetty.util.thread.QueuedThreadPool$2.run(QueuedThreadPool.java:626)&#10;        at java.lang.Thread.run(Thread.java:748)&#10;&quot;qtp292890110-240&quot; daemon prio=5 tid=240 runnable&#10;java.lang.Thread.State: RUNNABLE&#10;        at sun.nio.ch.EPollArrayWrapper.epollWait(Native Method)&#10;        at sun.nio.ch.EPollArrayWrapper.poll(EPollArrayWrapper.java:269)&#10;        at sun.nio.ch.EPollSelectorImpl.doSelect(EPollSelectorImpl.java:93)&#10;        at sun.nio.ch.SelectorImpl.lockAndDoSelect(SelectorImpl.java:86)&#10;        at sun.nio.ch.SelectorImpl.select(SelectorImpl.java:97)&#10;        at sun.nio.ch.SelectorImpl.select(SelectorImpl.java:101)&#10;        at org.eclipse.jetty.io.ManagedSelector$SelectorProducer.select(ManagedSelector.java:243)&#10;        at org.eclipse.jetty.io.ManagedSelector$SelectorProducer.produce(ManagedSelector.java:191)&#10;        at org.eclipse.jetty.util.thread.strategy.ExecuteProduceConsume.executeProduceConsume(ExecuteProduceConsume.java:249)&#10;        at org.eclipse.jetty.util.thread.strategy.ExecuteProduceConsume.produceConsume(ExecuteProduceConsume.java:148)&#10;        at org.eclipse.jetty.util.thread.strategy.ExecuteProduceConsume.execute(ExecuteProduceConsume.java:100)&#10;        at org.eclipse.jetty.io.ManagedSelector.run(ManagedSelector.java:147)&#10;        at org.eclipse.jetty.util.thread.QueuedThreadPool.runJob(QueuedThreadPool.java:671)&#10;        at org.eclipse.jetty.util.thread.QueuedThreadPool$2.run(QueuedThreadPool.java:589)&#10;        at java.lang.Thread.run(Thread.java:748)&#10;&quot;cbde3520-0cea-4357-bb04-1a0ae64b2bb1@group-E7676BAFBEDD-StateMachineUpdater&quot; daemon prio=5 tid=539 in Object.wait()&#10;java.lang.Thread.State: WAITING (on object monitor)&#10;        at java.lang.Object.wait(Native Method)&#10;        at java.lang.Object.wait(Object.java:502)&#10;        at org.apache.ratis.server.impl.StateMachineUpdater.waitForCommit(StateMachineUpdater.java:194)&#10;        at org.apache.ratis.server.impl.StateMachineUpdater.run(StateMachineUpdater.java:159)&#10;        at java.lang.Thread.run(Thread.java:748)&#10;&quot;EventQueue-NodeRegistrationContainerReportForDataNodeSafeModeRule&quot; daemon prio=5 tid=512 in Object.wait()&#10;java.lang.Thread.State: WAITING (on object monitor)&#10;        at sun.misc.Unsafe.park(Native Method)&#10;        at java.util.concurrent.locks.LockSupport.park(LockSupport.java:175)&#10;        at java.util.concurrent.locks.AbstractQueuedSynchronizer$ConditionObject.await(AbstractQueuedSynchronizer.java:2039)&#10;        at java.util.concurrent.LinkedBlockingQueue.take(LinkedBlockingQueue.java:442)&#10;        at java.util.concurrent.ThreadPoolExecutor.getTask(ThreadPoolExecutor.java:1074)&#10;        at java.util.concurrent.ThreadPoolExecutor.runWorker(ThreadPoolExecutor.java:1134)&#10;        at java.util.concurrent.ThreadPoolExecutor$Worker.run(ThreadPoolExecutor.java:624)&#10;        at java.lang.Thread.run(Thread.java:748)&#10;&quot;pool-21-thread-1&quot;  prio=5 tid=135 timed_waiting&#10;java.lang.Thread.State: TIMED_WAITING&#10;        at sun.misc.Unsafe.park(Native Method)&#10;        at java.util.concurrent.locks.LockSupport.parkNanos(LockSupport.java:215)&#10;        at java.util.concurrent.locks.AbstractQueuedSynchronizer$ConditionObject.awaitNanos(AbstractQueuedSynchronizer.java:2078)&#10;        at java.util.concurrent.ScheduledThreadPoolExecutor$DelayedWorkQueue.take(ScheduledThreadPoolExecutor.java:1093)&#10;        at java.util.concurrent.ScheduledThreadPoolExecutor$DelayedWorkQueue.take(ScheduledThreadPoolExecutor.java:809)&#10;        at java.util.concurrent.ThreadPoolExecutor.getTask(ThreadPoolExecutor.java:1074)&#10;        at java.util.concurrent.ThreadPoolExecutor.runWorker(ThreadPoolExecutor.java:1134)&#10;        at java.util.concurrent.ThreadPoolExecutor$Worker.run(ThreadPoolExecutor.java:624)&#10;        at java.lang.Thread.run(Thread.java:748)&#10;&quot;IPC Server handler 15 on 34339&quot; daemon prio=5 tid=84 timed_waiting&#10;java.lang.Thread.State: TIMED_WAITING&#10;        at sun.misc.Unsafe.park(Native Method)&#10;        at java.util.concurrent.locks.LockSupport.parkNanos(LockSupport.java:215)&#10;        at java.util.concurrent.locks.AbstractQueuedSynchronizer$ConditionObject.awaitNanos(AbstractQueuedSynchronizer.java:2078)&#10;        at java.util.concurrent.LinkedBlockingQueue.poll(LinkedBlockingQueue.java:467)&#10;        at org.apache.hadoop.ipc.CallQueueManager.take(CallQueueManager.java:288)&#10;        at org.apache.hadoop.ipc.Server$Handler.run(Server.java:2668)&#10;&quot;Periodic HDDS volume checker&quot;  prio=5 tid=174 timed_waiting&#10;java.lang.Thread.State: TIMED_WAITING&#10;        at sun.misc.Unsafe.park(Native Method)&#10;        at java.util.concurrent.locks.LockSupport.parkNanos(LockSupport.java:215)&#10;        at java.util.concurrent.locks.AbstractQueuedSynchronizer$ConditionObject.awaitNanos(AbstractQueuedSynchronizer.java:2078)&#10;        at java.util.concurrent.ScheduledThreadPoolExecutor$DelayedWorkQueue.take(ScheduledThreadPoolExecutor.java:1093)&#10;        at java.util.concurrent.ScheduledThreadPoolExecutor$DelayedWorkQueue.take(ScheduledThreadPoolExecutor.java:809)&#10;        at java.util.concurrent.ThreadPoolExecutor.getTask(ThreadPoolExecutor.java:1074)&#10;        at java.util.concurrent.ThreadPoolExecutor.runWorker(ThreadPoolExecutor.java:1134)&#10;        at java.util.concurrent.ThreadPoolExecutor$Worker.run(ThreadPoolExecutor.java:624)&#10;        at java.lang.Thread.run(Thread.java:748)&#10;&quot;pool-36-thread-55&quot;  prio=5 tid=369 in Object.wait()&#10;java.lang.Thread.State: WAITING (on object monitor)&#10;        at sun.misc.Unsafe.park(Native Method)&#10;        at java.util.concurrent.locks.LockSupport.park(LockSupport.java:175)&#10;        at java.util.concurrent.locks.AbstractQueuedSynchronizer$ConditionObject.await(AbstractQueuedSynchronizer.java:2039)&#10;        at java.util.concurrent.ArrayBlockingQueue.take(ArrayBlockingQueue.java:403)&#10;        at java.util.concurrent.ThreadPoolExecutor.getTask(ThreadPoolExecutor.java:1074)&#10;        at java.util.concurrent.ThreadPoolExecutor.runWorker(ThreadPoolExecutor.java:1134)&#10;        at java.util.concurrent.ThreadPoolExecutor$Worker.run(ThreadPoolExecutor.java:624)&#10;        at java.lang.Thread.run(Thread.java:748)&#10;&quot;pool-46-thread-4&quot;  prio=5 tid=383 in Object.wait()&#10;java.lang.Thread.State: WAITING (on object monitor)&#10;        at sun.misc.Unsafe.park(Native Method)&#10;        at java.util.concurrent.locks.LockSupport.park(LockSupport.java:175)&#10;        at java.util.concurrent.locks.AbstractQueuedSynchronizer$ConditionObject.await(AbstractQueuedSynchronizer.java:2039)&#10;        at java.util.concurrent.ArrayBlockingQueue.take(ArrayBlockingQueue.java:403)&#10;        at java.util.concurrent.ThreadPoolExecutor.getTask(ThreadPoolExecutor.java:1074)&#10;        at java.util.concurrent.ThreadPoolExecutor.runWorker(ThreadPoolExecutor.java:1134)&#10;        at java.util.concurrent.ThreadPoolExecutor$Worker.run(ThreadPoolExecutor.java:624)&#10;        at java.lang.Thread.run(Thread.java:748)&#10;&quot;qtp206310209-142&quot; daemon prio=5 tid=142 timed_waiting&#10;java.lang.Thread.State: TIMED_WAITING&#10;        at sun.misc.Unsafe.park(Native Method)&#10;        at java.util.concurrent.locks.LockSupport.parkNanos(LockSupport.java:215)&#10;        at java.util.concurrent.locks.AbstractQueuedSynchronizer$ConditionObject.awaitNanos(AbstractQueuedSynchronizer.java:2078)&#10;        at org.eclipse.jetty.util.BlockingArrayQueue.poll(BlockingArrayQueue.java:392)&#10;        at org.eclipse.jetty.util.thread.QueuedThreadPool.idleJobPoll(QueuedThreadPool.java:563)&#10;        at org.eclipse.jetty.util.thread.QueuedThreadPool.access$800(QueuedThreadPool.java:48)&#10;        at org.eclipse.jetty.util.thread.QueuedThreadPool$2.run(QueuedThreadPool.java:626)&#10;        at java.lang.Thread.run(Thread.java:748)&#10;&quot;pool-46-thread-42&quot;  prio=5 tid=421 in Object.wait()&#10;java.lang.Thread.State: WAITING (on object monitor)&#10;        at sun.misc.Unsafe.park(Native Method)&#10;        at java.util.concurrent.locks.LockSupport.park(LockSupport.java:175)&#10;        at java.util.concurrent.locks.AbstractQueuedSynchronizer$ConditionObject.await(AbstractQueuedSynchronizer.java:2039)&#10;        at java.util.concurrent.ArrayBlockingQueue.take(ArrayBlockingQueue.java:403)&#10;        at java.util.concurrent.ThreadPoolExecutor.getTask(ThreadPoolExecutor.java:1074)&#10;        at java.util.concurrent.ThreadPoolExecutor.runWorker(ThreadPoolExecutor.java:1134)&#10;        at java.util.concurrent.ThreadPoolExecutor$Worker.run(ThreadPoolExecutor.java:624)&#10;        at java.lang.Thread.run(Thread.java:748)&#10;&quot;pool-56-thread-54&quot;  prio=5 tid=493 in Object.wait()&#10;java.lang.Thread.State: WAITING (on object monitor)&#10;        at sun.misc.Unsafe.park(Native Method)&#10;        at java.util.concurrent.locks.LockSupport.park(LockSupport.java:175)&#10;        at java.util.concurrent.locks.AbstractQueuedSynchronizer$ConditionObject.await(AbstractQueuedSynchronizer.java:2039)&#10;        at java.util.concurrent.ArrayBlockingQueue.take(ArrayBlockingQueue.java:403)&#10;        at java.util.concurrent.ThreadPoolExecutor.getTask(ThreadPoolExecutor.java:1074)&#10;        at java.util.concurrent.ThreadPoolExecutor.runWorker(ThreadPoolExecutor.java:1134)&#10;        at java.util.concurrent.ThreadPoolExecutor$Worker.run(ThreadPoolExecutor.java:624)&#10;        at java.lang.Thread.run(Thread.java:748)&#10;&quot;pool-36-thread-41&quot;  prio=5 tid=340 in Object.wait()&#10;java.lang.Thread.State: WAITING (on object monitor)&#10;        at sun.misc.Unsafe.park(Native Method)&#10;        at java.util.concurrent.locks.LockSupport.park(LockSupport.java:175)&#10;        at java.util.concurrent.locks.AbstractQueuedSynchronizer$ConditionObject.await(AbstractQueuedSynchronizer.java:2039)&#10;        at java.util.concurrent.ArrayBlockingQueue.take(ArrayBlockingQueue.java:403)&#10;        at java.util.concurrent.ThreadPoolExecutor.getTask(ThreadPoolExecutor.java:1074)&#10;        at java.util.concurrent.ThreadPoolExecutor.runWorker(ThreadPoolExecutor.java:1134)&#10;        at java.util.concurrent.ThreadPoolExecutor$Worker.run(ThreadPoolExecutor.java:624)&#10;        at java.lang.Thread.run(Thread.java:748)&#10;&quot;qtp292890110-242&quot; daemon prio=5 tid=242 timed_waiting&#10;java.lang.Thread.State: TIMED_WAITING&#10;        at sun.misc.Unsafe.park(Native Method)&#10;        at java.util.concurrent.locks.LockSupport.parkNanos(LockSupport.java:215)&#10;        at java.util.concurrent.locks.AbstractQueuedSynchronizer$ConditionObject.awaitNanos(AbstractQueuedSynchronizer.java:2078)&#10;        at org.eclipse.jetty.util.BlockingArrayQueue.poll(BlockingArrayQueue.java:392)&#10;        at org.eclipse.jetty.util.thread.QueuedThreadPool.idleJobPoll(QueuedThreadPool.java:563)&#10;        at org.eclipse.jetty.util.thread.QueuedThreadPool.access$800(QueuedThreadPool.java:48)&#10;        at org.eclipse.jetty.util.thread.QueuedThreadPool$2.run(QueuedThreadPool.java:626)&#10;        at java.lang.Thread.run(Thread.java:748)&#10;&quot;pool-36-thread-50&quot;  prio=5 tid=358 in Object.wait()&#10;java.lang.Thread.State: WAITING (on object monitor)&#10;        at sun.misc.Unsafe.park(Native Method)&#10;        at java.util.concurrent.locks.LockSupport.park(LockSupport.java:175)&#10;        at java.util.concurrent.locks.AbstractQueuedSynchronizer$ConditionObject.await(AbstractQueuedSynchronizer.java:2039)&#10;        at java.util.concurrent.ArrayBlockingQueue.take(ArrayBlockingQueue.java:403)&#10;        at java.util.concurrent.ThreadPoolExecutor.getTask(ThreadPoolExecutor.java:1074)&#10;        at java.util.concurrent.ThreadPoolExecutor.runWorker(ThreadPoolExecutor.java:1134)&#10;        at java.util.concurrent.ThreadPoolExecutor$Worker.run(ThreadPoolExecutor.java:624)&#10;        at java.lang.Thread.run(Thread.java:748)&#10;&quot;pool-26-thread-26&quot;  prio=5 tid=311 in Object.wait()&#10;java.lang.Thread.State: WAITING (on object monitor)&#10;        at sun.misc.Unsafe.park(Native Method)&#10;        at java.util.concurrent.locks.LockSupport.park(LockSupport.java:175)&#10;        at java.util.concurrent.locks.AbstractQueuedSynchronizer$ConditionObject.await(AbstractQueuedSynchronizer.java:2039)&#10;        at java.util.concurrent.ArrayBlockingQueue.take(ArrayBlockingQueue.java:403)&#10;        at java.util.concurrent.ThreadPoolExecutor.getTask(ThreadPoolExecutor.java:1074)&#10;        at java.util.concurrent.ThreadPoolExecutor.runWorker(ThreadPoolExecutor.java:1134)&#10;        at java.util.concurrent.ThreadPoolExecutor$Worker.run(ThreadPoolExecutor.java:624)&#10;        at java.lang.Thread.run(Thread.java:748)&#10;&quot;pool-46-thread-46&quot;  prio=5 tid=425 in Object.wait()&#10;java.lang.Thread.State: WAITING (on object monitor)&#10;        at sun.misc.Unsafe.park(Native Method)&#10;        at java.util.concurrent.locks.LockSupport.park(LockSupport.java:175)&#10;        at java.util.concurrent.locks.AbstractQueuedSynchronizer$ConditionObject.await(AbstractQueuedSynchronizer.java:2039)&#10;        at java.util.concurrent.ArrayBlockingQueue.take(ArrayBlockingQueue.java:403)&#10;        at java.util.concurrent.ThreadPoolExecutor.getTask(ThreadPoolExecutor.java:1074)&#10;        at java.util.concurrent.ThreadPoolExecutor.runWorker(ThreadPoolExecutor.java:1134)&#10;        at java.util.concurrent.ThreadPoolExecutor$Worker.run(ThreadPoolExecutor.java:624)&#10;        at java.lang.Thread.run(Thread.java:748)&#10;&quot;pool-46-thread-39&quot;  prio=5 tid=418 in Object.wait()&#10;java.lang.Thread.State: WAITING (on object monitor)&#10;        at sun.misc.Unsafe.park(Native Method)&#10;        at java.util.concurrent.locks.LockSupport.park(LockSupport.java:175)&#10;        at java.util.concurrent.locks.AbstractQueuedSynchronizer$ConditionObject.await(AbstractQueuedSynchronizer.java:2039)&#10;        at java.util.concurrent.ArrayBlockingQueue.take(ArrayBlockingQueue.java:403)&#10;        at java.util.concurrent.ThreadPoolExecutor.getTask(ThreadPoolExecutor.java:1074)&#10;        at java.util.concurrent.ThreadPoolExecutor.runWorker(ThreadPoolExecutor.java:1134)&#10;        at java.util.concurrent.ThreadPoolExecutor$Worker.run(ThreadPoolExecutor.java:624)&#10;        at java.lang.Thread.run(Thread.java:748)&#10;&quot;BlockDeletingService#1&quot; daemon prio=5 tid=506 in Object.wait()&#10;java.lang.Thread.State: WAITING (on object monitor)&#10;        at sun.misc.Unsafe.park(Native Method)&#10;        at java.util.concurrent.locks.LockSupport.park(LockSupport.java:175)&#10;        at java.util.concurrent.locks.AbstractQueuedSynchronizer$ConditionObject.await(AbstractQueuedSynchronizer.java:2039)&#10;        at java.util.concurrent.ScheduledThreadPoolExecutor$DelayedWorkQueue.take(ScheduledThreadPoolExecutor.java:1088)&#10;        at java.util.concurrent.ScheduledThreadPoolExecutor$DelayedWorkQueue.take(ScheduledThreadPoolExecutor.java:809)&#10;        at java.util.concurrent.ThreadPoolExecutor.getTask(ThreadPoolExecutor.java:1074)&#10;        at java.util.concurrent.ThreadPoolExecutor.runWorker(ThreadPoolExecutor.java:1134)&#10;        at java.util.concurrent.ThreadPoolExecutor$Worker.run(ThreadPoolExecutor.java:624)&#10;        at java.lang.Thread.run(Thread.java:748)&#10;&quot;qtp707892422-189&quot; daemon prio=5 tid=189 timed_waiting&#10;java.lang.Thread.State: TIMED_WAITING&#10;        at sun.misc.Unsafe.park(Native Method)&#10;        at java.util.concurrent.locks.LockSupport.parkNanos(LockSupport.java:215)&#10;        at java.util.concurrent.locks.AbstractQueuedSynchronizer$ConditionObject.awaitNanos(AbstractQueuedSynchronizer.java:2078)&#10;        at org.eclipse.jetty.util.BlockingArrayQueue.poll(BlockingArrayQueue.java:392)&#10;        at org.eclipse.jetty.util.thread.QueuedThreadPool.idleJobPoll(QueuedThreadPool.java:563)&#10;        at org.eclipse.jetty.util.thread.QueuedThreadPool.access$800(QueuedThreadPool.java:48)&#10;        at org.eclipse.jetty.util.thread.QueuedThreadPool$2.run(QueuedThreadPool.java:626)&#10;        at java.lang.Thread.run(Thread.java:748)&#10;&quot;org.eclipse.jetty.server.session.HashSessionManager@6063d80aTimer&quot; daemon prio=5 tid=97 timed_waiting&#10;java.lang.Thread.State: TIMED_WAITING&#10;        at sun.misc.Unsafe.park(Native Method)&#10;        at java.util.concurrent.locks.LockSupport.parkNanos(LockSupport.java:215)&#10;        at java.util.concurrent.locks.AbstractQueuedSynchronizer$ConditionObject.awaitNanos(AbstractQueuedSynchronizer.java:2078)&#10;        at java.util.concurrent.ScheduledThreadPoolExecutor$DelayedWorkQueue.take(ScheduledThreadPoolExecutor.java:1093)&#10;        at java.util.concurrent.ScheduledThreadPoolExecutor$DelayedWorkQueue.take(ScheduledThreadPoolExecutor.java:809)&#10;        at java.util.concurrent.ThreadPoolExecutor.getTask(ThreadPoolExecutor.java:1074)&#10;        at java.util.concurrent.ThreadPoolExecutor.runWorker(ThreadPoolExecutor.java:1134)&#10;        at java.util.concurrent.ThreadPoolExecutor$Worker.run(ThreadPoolExecutor.java:624)&#10;        at java.lang.Thread.run(Thread.java:748)&#10;&quot;metrics-hadoop-metrics2-reporter-16-thread-1&quot; daemon prio=5 tid=560 timed_waiting&#10;java.lang.Thread.State: TIMED_WAITING&#10;        at sun.misc.Unsafe.park(Native Method)&#10;        at java.util.concurrent.locks.LockSupport.parkNanos(LockSupport.java:215)&#10;        at java.util.concurrent.locks.AbstractQueuedSynchronizer$ConditionObject.awaitNanos(AbstractQueuedSynchronizer.java:2078)&#10;        at java.util.concurrent.ScheduledThreadPoolExecutor$DelayedWorkQueue.take(ScheduledThreadPoolExecutor.java:1093)&#10;        at java.util.concurrent.ScheduledThreadPoolExecutor$DelayedWorkQueue.take(ScheduledThreadPoolExecutor.java:809)&#10;        at java.util.concurrent.ThreadPoolExecutor.getTask(ThreadPoolExecutor.java:1074)&#10;        at java.util.concurrent.ThreadPoolExecutor.runWorker(ThreadPoolExecutor.java:1134)&#10;        at java.util.concurrent.ThreadPoolExecutor$Worker.run(ThreadPoolExecutor.java:624)&#10;        at java.lang.Thread.run(Thread.java:748)&#10;&quot;IPC Server handler 4 on 40088&quot; daemon prio=5 tid=53 timed_waiting&#10;java.lang.Thread.State: TIMED_WAITING&#10;        at sun.misc.Unsafe.park(Native Method)&#10;        at java.util.concurrent.locks.LockSupport.parkNanos(LockSupport.java:215)&#10;        at java.util.concurrent.locks.AbstractQueuedSynchronizer$ConditionObject.awaitNanos(AbstractQueuedSynchronizer.java:2078)&#10;        at java.util.concurrent.LinkedBlockingQueue.poll(LinkedBlockingQueue.java:467)&#10;        at org.apache.hadoop.ipc.CallQueueManager.take(CallQueueManager.java:288)&#10;        at org.apache.hadoop.ipc.Server$Handler.run(Server.java:2668)&#10;&quot;IPC Server handler 4 on 38234&quot; daemon prio=5 tid=118 timed_waiting&#10;java.lang.Thread.State: TIMED_WAITING&#10;        at sun.misc.Unsafe.park(Native Method)&#10;        at java.util.concurrent.locks.LockSupport.parkNanos(LockSupport.java:215)&#10;        at java.util.concurrent.locks.AbstractQueuedSynchronizer$ConditionObject.awaitNanos(AbstractQueuedSynchronizer.java:2078)&#10;        at java.util.concurrent.LinkedBlockingQueue.poll(LinkedBlockingQueue.java:467)&#10;        at org.apache.hadoop.ipc.CallQueueManager.take(CallQueueManager.java:288)&#10;        at org.apache.hadoop.ipc.Server$Handler.run(Server.java:2668)&#10;&quot;IPC Server Responder&quot; daemon prio=5 tid=21 runnable&#10;java.lang.Thread.State: RUNNABLE&#10;        at sun.nio.ch.EPollArrayWrapper.epollWait(Native Method)&#10;        at sun.nio.ch.EPollArrayWrapper.poll(EPollArrayWrapper.java:269)&#10;        at sun.nio.ch.EPollSelectorImpl.doSelect(EPollSelectorImpl.java:93)&#10;        at sun.nio.ch.SelectorImpl.lockAndDoSelect(SelectorImpl.java:86)&#10;        at sun.nio.ch.SelectorImpl.select(SelectorImpl.java:97)&#10;        at org.apache.hadoop.ipc.Server$Responder.doRunLoop(Server.java:1334)&#10;        at org.apache.hadoop.ipc.Server$Responder.run(Server.java:1317)&#10;&quot;IPC Server handler 16 on 34819&quot; daemon prio=5 tid=45 timed_waiting&#10;java.lang.Thread.State: TIMED_WAITING&#10;        at sun.misc.Unsafe.park(Native Method)&#10;        at java.util.concurrent.locks.LockSupport.parkNanos(LockSupport.java:215)&#10;        at java.util.concurrent.locks.AbstractQueuedSynchronizer$ConditionObject.awaitNanos(AbstractQueuedSynchronizer.java:2078)&#10;        at java.util.concurrent.LinkedBlockingQueue.poll(LinkedBlockingQueue.java:467)&#10;        at org.apache.hadoop.ipc.CallQueueManager.take(CallQueueManager.java:288)&#10;        at org.apache.hadoop.ipc.Server$Handler.run(Server.java:2668)&#10;&quot;pool-46-thread-47&quot;  prio=5 tid=426 in Object.wait()&#10;java.lang.Thread.State: WAITING (on object monitor)&#10;        at sun.misc.Unsafe.park(Native Method)&#10;        at java.util.concurrent.locks.LockSupport.park(LockSupport.java:175)&#10;        at java.util.concurrent.locks.AbstractQueuedSynchronizer$ConditionObject.await(AbstractQueuedSynchronizer.java:2039)&#10;        at java.util.concurrent.ArrayBlockingQueue.take(ArrayBlockingQueue.java:403)&#10;        at java.util.concurrent.ThreadPoolExecutor.getTask(ThreadPoolExecutor.java:1074)&#10;        at java.util.concurrent.ThreadPoolExecutor.runWorker(ThreadPoolExecutor.java:1134)&#10;        at java.util.concurrent.ThreadPoolExecutor$Worker.run(ThreadPoolExecutor.java:624)&#10;        at java.lang.Thread.run(Thread.java:748)&#10;&quot;SCMBlockDeletingService#0&quot; daemon prio=5 tid=101 timed_waiting&#10;java.lang.Thread.State: TIMED_WAITING&#10;        at sun.misc.Unsafe.park(Native Method)&#10;        at java.util.concurrent.locks.LockSupport.parkNanos(LockSupport.java:215)&#10;        at java.util.concurrent.locks.AbstractQueuedSynchronizer$ConditionObject.awaitNanos(AbstractQueuedSynchronizer.java:2078)&#10;        at java.util.concurrent.ScheduledThreadPoolExecutor$DelayedWorkQueue.take(ScheduledThreadPoolExecutor.java:1093)&#10;        at java.util.concurrent.ScheduledThreadPoolExecutor$DelayedWorkQueue.take(ScheduledThreadPoolExecutor.java:809)&#10;        at java.util.concurrent.ThreadPoolExecutor.getTask(ThreadPoolExecutor.java:1074)&#10;        at java.util.concurrent.ThreadPoolExecutor.runWorker(ThreadPoolExecutor.java:1134)&#10;        at java.util.concurrent.ThreadPoolExecutor$Worker.run(ThreadPoolExecutor.java:624)&#10;        at java.lang.Thread.run(Thread.java:748)&#10;&quot;pool-56-thread-33&quot;  prio=5 tid=472 in Object.wait()&#10;java.lang.Thread.State: WAITING (on object monitor)&#10;        at sun.misc.Unsafe.park(Native Method)&#10;        at java.util.concurrent.locks.LockSupport.park(LockSupport.java:175)&#10;        at java.util.concurrent.locks.AbstractQueuedSynchronizer$ConditionObject.await(AbstractQueuedSynchronizer.java:2039)&#10;        at java.util.concurrent.ArrayBlockingQueue.take(ArrayBlockingQueue.java:403)&#10;        at java.util.concurrent.ThreadPoolExecutor.getTask(ThreadPoolExecutor.java:1074)&#10;        at java.util.concurrent.ThreadPoolExecutor.runWorker(ThreadPoolExecutor.java:1134)&#10;        at java.util.concurrent.ThreadPoolExecutor$Worker.run(ThreadPoolExecutor.java:624)&#10;        at java.lang.Thread.run(Thread.java:748)&#10;&quot;IPC Server handler 8 on 34819&quot; daemon prio=5 tid=37 timed_waiting&#10;java.lang.Thread.State: TIMED_WAITING&#10;        at sun.misc.Unsafe.park(Native Method)&#10;        at java.util.concurrent.locks.LockSupport.parkNanos(LockSupport.java:215)&#10;        at java.util.concurrent.locks.AbstractQueuedSynchronizer$ConditionObject.awaitNanos(AbstractQueuedSynchronizer.java:2078)&#10;        at java.util.concurrent.LinkedBlockingQueue.poll(LinkedBlockingQueue.java:467)&#10;        at org.apache.hadoop.ipc.CallQueueManager.take(CallQueueManager.java:288)&#10;        at org.apache.hadoop.ipc.Server$Handler.run(Server.java:2668)&#10;&quot;pool-26-thread-10&quot;  prio=5 tid=279 in Object.wait()&#10;java.lang.Thread.State: WAITING (on object monitor)&#10;        at sun.misc.Unsafe.park(Native Method)&#10;        at java.util.concurrent.locks.LockSupport.park(LockSupport.java:175)&#10;        at java.util.concurrent.locks.AbstractQueuedSynchronizer$ConditionObject.await(AbstractQueuedSynchronizer.java:2039)&#10;        at java.util.concurrent.ArrayBlockingQueue.take(ArrayBlockingQueue.java:403)&#10;        at java.util.concurrent.ThreadPoolExecutor.getTask(ThreadPoolExecutor.java:1074)&#10;        at java.util.concurrent.ThreadPoolExecutor.runWorker(ThreadPoolExecutor.java:1134)&#10;        at java.util.concurrent.ThreadPoolExecutor$Worker.run(ThreadPoolExecutor.java:624)&#10;        at java.lang.Thread.run(Thread.java:748)&#10;&quot;qtp206310209-139&quot; daemon prio=5 tid=139 timed_waiting&#10;java.lang.Thread.State: TIMED_WAITING&#10;        at sun.misc.Unsafe.park(Native Method)&#10;        at java.util.concurrent.locks.LockSupport.parkNanos(LockSupport.java:215)&#10;        at java.util.concurrent.locks.AbstractQueuedSynchronizer$ConditionObject.awaitNanos(AbstractQueuedSynchronizer.java:2078)&#10;        at org.eclipse.jetty.util.BlockingArrayQueue.poll(BlockingArrayQueue.java:392)&#10;        at org.eclipse.jetty.util.thread.QueuedThreadPool.idleJobPoll(QueuedThreadPool.java:563)&#10;        at org.eclipse.jetty.util.thread.QueuedThreadPool.access$800(QueuedThreadPool.java:48)&#10;        at org.eclipse.jetty.util.thread.QueuedThreadPool$2.run(QueuedThreadPool.java:626)&#10;        at java.lang.Thread.run(Thread.java:748)&#10;&quot;pool-44-thread-1&quot; daemon prio=5 tid=210 timed_waiting&#10;java.lang.Thread.State: TIMED_WAITING&#10;        at sun.misc.Unsafe.park(Native Method)&#10;        at java.util.concurrent.locks.LockSupport.parkNanos(LockSupport.java:215)&#10;        at java.util.concurrent.locks.AbstractQueuedSynchronizer$ConditionObject.awaitNanos(AbstractQueuedSynchronizer.java:2078)&#10;        at java.util.concurrent.ScheduledThreadPoolExecutor$DelayedWorkQueue.take(ScheduledThreadPoolExecutor.java:1093)&#10;        at java.util.concurrent.ScheduledThreadPoolExecutor$DelayedWorkQueue.take(ScheduledThreadPoolExecutor.java:809)&#10;        at java.util.concurrent.ThreadPoolExecutor.getTask(ThreadPoolExecutor.java:1074)&#10;        at java.util.concurrent.ThreadPoolExecutor.runWorker(ThreadPoolExecutor.java:1134)&#10;        at java.util.concurrent.ThreadPoolExecutor$Worker.run(ThreadPoolExecutor.java:624)&#10;        at java.lang.Thread.run(Thread.java:748)&#10;&quot;pool-57-thread-1&quot;  prio=5 tid=555 in Object.wait()&#10;java.lang.Thread.State: WAITING (on object monitor)&#10;        at sun.misc.Unsafe.park(Native Method)&#10;        at java.util.concurrent.locks.LockSupport.park(LockSupport.java:175)&#10;        at java.util.concurrent.locks.AbstractQueuedSynchronizer$ConditionObject.await(AbstractQueuedSynchronizer.java:2039)&#10;        at java.util.concurrent.LinkedBlockingQueue.take(LinkedBlockingQueue.java:442)&#10;        at java.util.concurrent.ThreadPoolExecutor.getTask(ThreadPoolExecutor.java:1074)&#10;        at java.util.concurrent.ThreadPoolExecutor.runWorker(ThreadPoolExecutor.java:1134)&#10;        at java.util.concurrent.ThreadPoolExecutor$Worker.run(ThreadPoolExecutor.java:624)&#10;        at java.lang.Thread.run(Thread.java:748)&#10;&quot;metrics-hadoop-metrics2-reporter-41-thread-1&quot; daemon prio=5 tid=732 timed_waiting&#10;java.lang.Thread.State: TIMED_WAITING&#10;        at sun.misc.Unsafe.park(Native Method)&#10;        at java.util.concurrent.locks.LockSupport.parkNanos(LockSupport.java:215)&#10;        at java.util.concurrent.locks.AbstractQueuedSynchronizer$ConditionObject.awaitNanos(AbstractQueuedSynchronizer.java:2078)&#10;        at java.util.concurrent.ScheduledThreadPoolExecutor$DelayedWorkQueue.take(ScheduledThreadPoolExecutor.java:1093)&#10;        at java.util.concurrent.ScheduledThreadPoolExecutor$DelayedWorkQueue.take(ScheduledThreadPoolExecutor.java:809)&#10;        at java.util.concurrent.ThreadPoolExecutor.getTask(ThreadPoolExecutor.java:1074)&#10;        at java.util.concurrent.ThreadPoolExecutor.runWorker(ThreadPoolExecutor.java:1134)&#10;        at java.util.concurrent.ThreadPoolExecutor$Worker.run(ThreadPoolExecutor.java:624)&#10;        at java.lang.Thread.run(Thread.java:748)&#10;&quot;pool-46-thread-45&quot;  prio=5 tid=424 in Object.wait()&#10;java.lang.Thread.State: WAITING (on object monitor)&#10;        at sun.misc.Unsafe.park(Native Method)&#10;        at java.util.concurrent.locks.LockSupport.park(LockSupport.java:175)&#10;        at java.util.concurrent.locks.AbstractQueuedSynchronizer$ConditionObject.await(AbstractQueuedSynchronizer.java:2039)&#10;        at java.util.concurrent.ArrayBlockingQueue.take(ArrayBlockingQueue.java:403)&#10;        at java.util.concurrent.ThreadPoolExecutor.getTask(ThreadPoolExecutor.java:1074)&#10;        at java.util.concurrent.ThreadPoolExecutor.runWorker(ThreadPoolExecutor.java:1134)&#10;        at java.util.concurrent.ThreadPoolExecutor$Worker.run(ThreadPoolExecutor.java:624)&#10;        at java.lang.Thread.run(Thread.java:748)&#10;&quot;BlockDeletingService#0&quot; daemon prio=5 tid=504 timed_waiting&#10;java.lang.Thread.State: TIMED_WAITING&#10;        at sun.misc.Unsafe.park(Native Method)&#10;        at java.util.concurrent.locks.LockSupport.parkNanos(LockSupport.java:215)&#10;        at java.util.concurrent.locks.AbstractQueuedSynchronizer$ConditionObject.awaitNanos(AbstractQueuedSynchronizer.java:2078)&#10;        at java.util.concurrent.ScheduledThreadPoolExecutor$DelayedWorkQueue.take(ScheduledThreadPoolExecutor.java:1093)&#10;        at java.util.concurrent.ScheduledThreadPoolExecutor$DelayedWorkQueue.take(ScheduledThreadPoolExecutor.java:809)&#10;        at java.util.concurrent.ThreadPoolExecutor.getTask(ThreadPoolExecutor.java:1074)&#10;        at java.util.concurrent.ThreadPoolExecutor.runWorker(ThreadPoolExecutor.java:1134)&#10;        at java.util.concurrent.ThreadPoolExecutor$Worker.run(ThreadPoolExecutor.java:624)&#10;        at java.lang.Thread.run(Thread.java:748)&#10;&quot;pool-46-thread-26&quot;  prio=5 tid=405 in Object.wait()&#10;java.lang.Thread.State: WAITING (on object monitor)&#10;        at sun.misc.Unsafe.park(Native Method)&#10;        at java.util.concurrent.locks.LockSupport.park(LockSupport.java:175)&#10;        at java.util.concurrent.locks.AbstractQueuedSynchronizer$ConditionObject.await(AbstractQueuedSynchronizer.java:2039)&#10;        at java.util.concurrent.ArrayBlockingQueue.take(ArrayBlockingQueue.java:403)&#10;        at java.util.concurrent.ThreadPoolExecutor.getTask(ThreadPoolExecutor.java:1074)&#10;        at java.util.concurrent.ThreadPoolExecutor.runWorker(ThreadPoolExecutor.java:1134)&#10;        at java.util.concurrent.ThreadPoolExecutor$Worker.run(ThreadPoolExecutor.java:624)&#10;        at java.lang.Thread.run(Thread.java:748)&#10;&quot;metrics-hadoop-metrics2-reporter-31-thread-1&quot; daemon prio=5 tid=613 timed_waiting&#10;java.lang.Thread.State: TIMED_WAITING&#10;        at sun.misc.Unsafe.park(Native Method)&#10;        at java.util.concurrent.locks.LockSupport.parkNanos(LockSupport.java:215)&#10;        at java.util.concurrent.locks.AbstractQueuedSynchronizer$ConditionObject.awaitNanos(AbstractQueuedSynchronizer.java:2078)&#10;        at java.util.concurrent.ScheduledThreadPoolExecutor$DelayedWorkQueue.take(ScheduledThreadPoolExecutor.java:1093)&#10;        at java.util.concurrent.ScheduledThreadPoolExecutor$DelayedWorkQueue.take(ScheduledThreadPoolExecutor.java:809)&#10;        at java.util.concurrent.ThreadPoolExecutor.getTask(ThreadPoolExecutor.java:1074)&#10;        at java.util.concurrent.ThreadPoolExecutor.runWorker(ThreadPoolExecutor.java:1134)&#10;        at java.util.concurrent.ThreadPoolExecutor$Worker.run(ThreadPoolExecutor.java:624)&#10;        at java.lang.Thread.run(Thread.java:748)&#10;&quot;pool-26-thread-41&quot;  prio=5 tid=341 in Object.wait()&#10;java.lang.Thread.State: WAITING (on object monitor)&#10;        at sun.misc.Unsafe.park(Native Method)&#10;        at java.util.concurrent.locks.LockSupport.park(LockSupport.java:175)&#10;        at java.util.concurrent.locks.AbstractQueuedSynchronizer$ConditionObject.await(AbstractQueuedSynchronizer.java:2039)&#10;        at java.util.concurrent.ArrayBlockingQueue.take(ArrayBlockingQueue.java:403)&#10;        at java.util.concurrent.ThreadPoolExecutor.getTask(ThreadPoolExecutor.java:1074)&#10;        at java.util.concurrent.ThreadPoolExecutor.runWorker(ThreadPoolExecutor.java:1134)&#10;        at java.util.concurrent.ThreadPoolExecutor$Worker.run(ThreadPoolExecutor.java:624)&#10;        at java.lang.Thread.run(Thread.java:748)&#10;&quot;qtp292890110-244&quot; daemon prio=5 tid=244 timed_waiting&#10;java.lang.Thread.State: TIMED_WAITING&#10;        at sun.misc.Unsafe.park(Native Method)&#10;        at java.util.concurrent.locks.LockSupport.parkNanos(LockSupport.java:215)&#10;        at java.util.concurrent.locks.AbstractQueuedSynchronizer$ConditionObject.awaitNanos(AbstractQueuedSynchronizer.java:2078)&#10;        at org.eclipse.jetty.util.BlockingArrayQueue.poll(BlockingArrayQueue.java:392)&#10;        at org.eclipse.jetty.util.thread.QueuedThreadPool.idleJobPoll(QueuedThreadPool.java:563)&#10;        at org.eclipse.jetty.util.thread.QueuedThreadPool.access$800(QueuedThreadPool.java:48)&#10;        at org.eclipse.jetty.util.thread.QueuedThreadPool$2.run(QueuedThreadPool.java:626)&#10;        at java.lang.Thread.run(Thread.java:748)&#10;&quot;pool-26-thread-3&quot;  prio=5 tid=265 in Object.wait()&#10;java.lang.Thread.State: WAITING (on object monitor)&#10;        at sun.misc.Unsafe.park(Native Method)&#10;        at java.util.concurrent.locks.LockSupport.park(LockSupport.java:175)&#10;        at java.util.concurrent.locks.AbstractQueuedSynchronizer$ConditionObject.await(AbstractQueuedSynchronizer.java:2039)&#10;        at java.util.concurrent.ArrayBlockingQueue.take(ArrayBlockingQueue.java:403)&#10;        at java.util.concurrent.ThreadPoolExecutor.getTask(ThreadPoolExecutor.java:1074)&#10;        at java.util.concurrent.ThreadPoolExecutor.runWorker(ThreadPoolExecutor.java:1134)&#10;        at java.util.concurrent.ThreadPoolExecutor$Worker.run(ThreadPoolExecutor.java:624)&#10;        at java.lang.Thread.run(Thread.java:748)&#10;&quot;pool-37-thread-1&quot;  prio=5 tid=545 in Object.wait()&#10;java.lang.Thread.State: WAITING (on object monitor)&#10;        at sun.misc.Unsafe.park(Native Method)&#10;        at java.util.concurrent.locks.LockSupport.park(LockSupport.java:175)&#10;        at java.util.concurrent.locks.AbstractQueuedSynchronizer$ConditionObject.await(AbstractQueuedSynchronizer.java:2039)&#10;        at java.util.concurrent.LinkedBlockingQueue.take(LinkedBlockingQueue.java:442)&#10;        at java.util.concurrent.ThreadPoolExecutor.getTask(ThreadPoolExecutor.java:1074)&#10;        at java.util.concurrent.ThreadPoolExecutor.runWorker(ThreadPoolExecutor.java:1134)&#10;        at java.util.concurrent.ThreadPoolExecutor$Worker.run(ThreadPoolExecutor.java:624)&#10;        at java.lang.Thread.run(Thread.java:748)&#10;&quot;pool-46-thread-57&quot;  prio=5 tid=436 in Object.wait()&#10;java.lang.Thread.State: WAITING (on object monitor)&#10;        at sun.misc.Unsafe.park(Native Method)&#10;        at java.util.concurrent.locks.LockSupport.park(LockSupport.java:175)&#10;        at java.util.concurrent.locks.AbstractQueuedSynchronizer$ConditionObject.await(AbstractQueuedSynchronizer.java:2039)&#10;        at java.util.concurrent.ArrayBlockingQueue.take(ArrayBlockingQueue.java:403)&#10;        at java.util.concurrent.ThreadPoolExecutor.getTask(ThreadPoolExecutor.java:1074)&#10;        at java.util.concurrent.ThreadPoolExecutor.runWorker(ThreadPoolExecutor.java:1134)&#10;        at java.util.concurrent.ThreadPoolExecutor$Worker.run(ThreadPoolExecutor.java:624)&#10;        at java.lang.Thread.run(Thread.java:748)&#10;&quot;SCM Heartbeat Processing Thread - 0&quot; daemon prio=5 tid=13 timed_waiting&#10;java.lang.Thread.State: TIMED_WAITING&#10;        at sun.misc.Unsafe.park(Native Method)&#10;        at java.util.concurrent.locks.LockSupport.parkNanos(LockSupport.java:215)&#10;        at java.util.concurrent.locks.AbstractQueuedSynchronizer$ConditionObject.awaitNanos(AbstractQueuedSynchronizer.java:2078)&#10;        at java.util.concurrent.ScheduledThreadPoolExecutor$DelayedWorkQueue.take(ScheduledThreadPoolExecutor.java:1093)&#10;        at java.util.concurrent.ScheduledThreadPoolExecutor$DelayedWorkQueue.take(ScheduledThreadPoolExecutor.java:809)&#10;        at java.util.concurrent.ThreadPoolExecutor.getTask(ThreadPoolExecutor.java:1074)&#10;        at java.util.concurrent.ThreadPoolExecutor.runWorker(ThreadPoolExecutor.java:1134)&#10;        at java.util.concurrent.ThreadPoolExecutor$Worker.run(ThreadPoolExecutor.java:624)&#10;        at java.lang.Thread.run(Thread.java:748)&#10;&quot;Thread-213&quot; daemon prio=5 tid=574 timed_waiting&#10;java.lang.Thread.State: TIMED_WAITING&#10;        at sun.misc.Unsafe.park(Native Method)&#10;        at java.util.concurrent.locks.LockSupport.parkNanos(LockSupport.java:215)&#10;        at java.util.concurrent.locks.AbstractQueuedSynchronizer$ConditionObject.awaitNanos(AbstractQueuedSynchronizer.java:2078)&#10;        at java.util.concurrent.ArrayBlockingQueue.poll(ArrayBlockingQueue.java:418)&#10;        at org.apache.ratis.server.impl.LeaderState$EventQueue.poll(LeaderState.java:115)&#10;        at org.apache.ratis.server.impl.LeaderState$EventProcessor.run(LeaderState.java:467)&#10;&quot;pool-24-thread-1&quot; daemon prio=5 tid=156 timed_waiting&#10;java.lang.Thread.State: TIMED_WAITING&#10;        at sun.misc.Unsafe.park(Native Method)&#10;        at java.util.concurrent.locks.LockSupport.parkNanos(LockSupport.java:215)&#10;        at java.util.concurrent.locks.AbstractQueuedSynchronizer$ConditionObject.awaitNanos(AbstractQueuedSynchronizer.java:2078)&#10;        at java.util.concurrent.ScheduledThreadPoolExecutor$DelayedWorkQueue.take(ScheduledThreadPoolExecutor.java:1093)&#10;        at java.util.concurrent.ScheduledThreadPoolExecutor$DelayedWorkQueue.take(ScheduledThreadPoolExecutor.java:809)&#10;        at java.util.concurrent.ThreadPoolExecutor.getTask(ThreadPoolExecutor.java:1074)&#10;        at java.util.concurrent.ThreadPoolExecutor.runWorker(ThreadPoolExecutor.java:1134)&#10;        at java.util.concurrent.ThreadPoolExecutor$Worker.run(ThreadPoolExecutor.java:624)&#10;        at java.lang.Thread.run(Thread.java:748)&#10;&quot;pool-46-thread-18&quot;  prio=5 tid=397 in Object.wait()&#10;java.lang.Thread.State: WAITING (on object monitor)&#10;        at sun.misc.Unsafe.park(Native Method)&#10;        at java.util.concurrent.locks.LockSupport.park(LockSupport.java:175)&#10;        at java.util.concurrent.locks.AbstractQueuedSynchronizer$ConditionObject.await(AbstractQueuedSynchronizer.java:2039)&#10;        at java.util.concurrent.ArrayBlockingQueue.take(ArrayBlockingQueue.java:403)&#10;        at java.util.concurrent.ThreadPoolExecutor.getTask(ThreadPoolExecutor.java:1074)&#10;        at java.util.concurrent.ThreadPoolExecutor.runWorker(ThreadPoolExecutor.java:1134)&#10;        at java.util.concurrent.ThreadPoolExecutor$Worker.run(ThreadPoolExecutor.java:624)&#10;        at java.lang.Thread.run(Thread.java:748)&#10;&quot;Periodic HDDS volume checker&quot;  prio=5 tid=233 timed_waiting&#10;java.lang.Thread.State: TIMED_WAITING&#10;        at sun.misc.Unsafe.park(Native Method)&#10;        at java.util.concurrent.locks.LockSupport.parkNanos(LockSupport.java:215)&#10;        at java.util.concurrent.locks.AbstractQueuedSynchronizer$ConditionObject.awaitNanos(AbstractQueuedSynchronizer.java:2078)&#10;        at java.util.concurrent.ScheduledThreadPoolExecutor$DelayedWorkQueue.take(ScheduledThreadPoolExecutor.java:1093)&#10;        at java.util.concurrent.ScheduledThreadPoolExecutor$DelayedWorkQueue.take(ScheduledThreadPoolExecutor.java:809)&#10;        at java.util.concurrent.ThreadPoolExecutor.getTask(ThreadPoolExecutor.java:1074)&#10;        at java.util.concurrent.ThreadPoolExecutor.runWorker(ThreadPoolExecutor.java:1134)&#10;        at java.util.concurrent.ThreadPoolExecutor$Worker.run(ThreadPoolExecutor.java:624)&#10;        at java.lang.Thread.run(Thread.java:748)&#10;&quot;pool-26-thread-36&quot;  prio=5 tid=331 in Object.wait()&#10;java.lang.Thread.State: WAITING (on object monitor)&#10;        at sun.misc.Unsafe.park(Native Method)&#10;        at java.util.concurrent.locks.LockSupport.park(LockSupport.java:175)&#10;        at java.util.concurrent.locks.AbstractQueuedSynchronizer$ConditionObject.await(AbstractQueuedSynchronizer.java:2039)&#10;        at java.util.concurrent.ArrayBlockingQueue.take(ArrayBlockingQueue.java:403)&#10;        at java.util.concurrent.ThreadPoolExecutor.getTask(ThreadPoolExecutor.java:1074)&#10;        at java.util.concurrent.ThreadPoolExecutor.runWorker(ThreadPoolExecutor.java:1134)&#10;        at java.util.concurrent.ThreadPoolExecutor$Worker.run(ThreadPoolExecutor.java:624)&#10;        at java.lang.Thread.run(Thread.java:748)&#10;&quot;metrics-hadoop-metrics2-reporter-11-thread-1&quot; daemon prio=5 tid=549 timed_waiting&#10;java.lang.Thread.State: TIMED_WAITING&#10;        at sun.misc.Unsafe.park(Native Method)&#10;        at java.util.concurrent.locks.LockSupport.parkNanos(LockSupport.java:215)&#10;        at java.util.concurrent.locks.AbstractQueuedSynchronizer$ConditionObject.awaitNanos(AbstractQueuedSynchronizer.java:2078)&#10;        at java.util.concurrent.ScheduledThreadPoolExecutor$DelayedWorkQueue.take(ScheduledThreadPoolExecutor.java:1093)&#10;        at java.util.concurrent.ScheduledThreadPoolExecutor$DelayedWorkQueue.take(ScheduledThreadPoolExecutor.java:809)&#10;        at java.util.concurrent.ThreadPoolExecutor.getTask(ThreadPoolExecutor.java:1074)&#10;        at java.util.concurrent.ThreadPoolExecutor.runWorker(ThreadPoolExecutor.java:1134)&#10;        at java.util.concurrent.ThreadPoolExecutor$Worker.run(ThreadPoolExecutor.java:624)&#10;        at java.lang.Thread.run(Thread.java:748)&#10;&quot;qtp1713847712-219&quot; daemon prio=5 tid=219 timed_waiting&#10;java.lang.Thread.State: TIMED_WAITING&#10;        at sun.misc.Unsafe.park(Native Method)&#10;        at java.util.concurrent.locks.LockSupport.parkNanos(LockSupport.java:215)&#10;        at java.util.concurrent.locks.AbstractQueuedSynchronizer$ConditionObject.awaitNanos(AbstractQueuedSynchronizer.java:2078)&#10;        at org.eclipse.jetty.util.BlockingArrayQueue.poll(BlockingArrayQueue.java:392)&#10;        at org.eclipse.jetty.util.thread.QueuedThreadPool.idleJobPoll(QueuedThreadPool.java:563)&#10;        at org.eclipse.jetty.util.thread.QueuedThreadPool.access$800(QueuedThreadPool.java:48)&#10;        at org.eclipse.jetty.util.thread.QueuedThreadPool$2.run(QueuedThreadPool.java:626)&#10;        at java.lang.Thread.run(Thread.java:748)&#10;&quot;metrics-hadoop-metrics2-reporter-19-thread-1&quot; daemon prio=5 tid=567 timed_waiting&#10;java.lang.Thread.State: TIMED_WAITING&#10;        at sun.misc.Unsafe.park(Native Method)&#10;        at java.util.concurrent.locks.LockSupport.parkNanos(LockSupport.java:215)&#10;        at java.util.concurrent.locks.AbstractQueuedSynchronizer$ConditionObject.awaitNanos(AbstractQueuedSynchronizer.java:2078)&#10;        at java.util.concurrent.ScheduledThreadPoolExecutor$DelayedWorkQueue.take(ScheduledThreadPoolExecutor.java:1093)&#10;        at java.util.concurrent.ScheduledThreadPoolExecutor$DelayedWorkQueue.take(ScheduledThreadPoolExecutor.java:809)&#10;        at java.util.concurrent.ThreadPoolExecutor.getTask(ThreadPoolExecutor.java:1074)&#10;        at java.util.concurrent.ThreadPoolExecutor.runWorker(ThreadPoolExecutor.java:1134)&#10;        at java.util.concurrent.ThreadPoolExecutor$Worker.run(ThreadPoolExecutor.java:624)&#10;        at java.lang.Thread.run(Thread.java:748)&#10;&quot;pool-56-thread-27&quot;  prio=5 tid=466 in Object.wait()&#10;java.lang.Thread.State: WAITING (on object monitor)&#10;        at sun.misc.Unsafe.park(Native Method)&#10;        at java.util.concurrent.locks.LockSupport.park(LockSupport.java:175)&#10;        at java.util.concurrent.locks.AbstractQueuedSynchronizer$ConditionObject.await(AbstractQueuedSynchronizer.java:2039)&#10;        at java.util.concurrent.ArrayBlockingQueue.take(ArrayBlockingQueue.java:403)&#10;        at java.util.concurrent.ThreadPoolExecutor.getTask(ThreadPoolExecutor.java:1074)&#10;        at java.util.concurrent.ThreadPoolExecutor.runWorker(ThreadPoolExecutor.java:1134)&#10;        at java.util.concurrent.ThreadPoolExecutor$Worker.run(ThreadPoolExecutor.java:624)&#10;        at java.lang.Thread.run(Thread.java:748)&#10;&quot;pool-26-thread-45&quot;  prio=5 tid=349 in Object.wait()&#10;java.lang.Thread.State: WAITING (on object monitor)&#10;        at sun.misc.Unsafe.park(Native Method)&#10;        at java.util.concurrent.locks.LockSupport.park(LockSupport.java:175)&#10;        at java.util.concurrent.locks.AbstractQueuedSynchronizer$ConditionObject.await(AbstractQueuedSynchronizer.java:2039)&#10;        at java.util.concurrent.ArrayBlockingQueue.take(ArrayBlockingQueue.java:403)&#10;        at java.util.concurrent.ThreadPoolExecutor.getTask(ThreadPoolExecutor.java:1074)&#10;        at java.util.concurrent.ThreadPoolExecutor.runWorker(ThreadPoolExecutor.java:1134)&#10;        at java.util.concurrent.ThreadPoolExecutor$Worker.run(ThreadPoolExecutor.java:624)&#10;        at java.lang.Thread.run(Thread.java:748)&#10;&quot;metrics-hadoop-metrics2-reporter-3-thread-1&quot; daemon prio=5 tid=528 timed_waiting&#10;java.lang.Thread.State: TIMED_WAITING&#10;        at sun.misc.Unsafe.park(Native Method)&#10;        at java.util.concurrent.locks.LockSupport.parkNanos(LockSupport.java:215)&#10;        at java.util.concurrent.locks.AbstractQueuedSynchronizer$ConditionObject.awaitNanos(AbstractQueuedSynchronizer.java:2078)&#10;        at java.util.concurrent.ScheduledThreadPoolExecutor$DelayedWorkQueue.take(ScheduledThreadPoolExecutor.java:1093)&#10;        at java.util.concurrent.ScheduledThreadPoolExecutor$DelayedWorkQueue.take(ScheduledThreadPoolExecutor.java:809)&#10;        at java.util.concurrent.ThreadPoolExecutor.getTask(ThreadPoolExecutor.java:1074)&#10;        at java.util.concurrent.ThreadPoolExecutor.runWorker(ThreadPoolExecutor.java:1134)&#10;        at java.util.concurrent.ThreadPoolExecutor$Worker.run(ThreadPoolExecutor.java:624)&#10;        at java.lang.Thread.run(Thread.java:748)&#10;&quot;pool-56-thread-57&quot;  prio=5 tid=496 in Object.wait()&#10;java.lang.Thread.State: WAITING (on object monitor)&#10;        at sun.misc.Unsafe.park(Native Method)&#10;        at java.util.concurrent.locks.LockSupport.park(LockSupport.java:175)&#10;        at java.util.concurrent.locks.AbstractQueuedSynchronizer$ConditionObject.await(AbstractQueuedSynchronizer.java:2039)&#10;        at java.util.concurrent.ArrayBlockingQueue.take(ArrayBlockingQueue.java:403)&#10;        at java.util.concurrent.ThreadPoolExecutor.getTask(ThreadPoolExecutor.java:1074)&#10;        at java.util.concurrent.ThreadPoolExecutor.runWorker(ThreadPoolExecutor.java:1134)&#10;        at java.util.concurrent.ThreadPoolExecutor$Worker.run(ThreadPoolExecutor.java:624)&#10;        at java.lang.Thread.run(Thread.java:748)&#10;&quot;pool-56-thread-35&quot;  prio=5 tid=474 in Object.wait()&#10;java.lang.Thread.State: WAITING (on object monitor)&#10;        at sun.misc.Unsafe.park(Native Method)&#10;        at java.util.concurrent.locks.LockSupport.park(LockSupport.java:175)&#10;        at java.util.concurrent.locks.AbstractQueuedSynchronizer$ConditionObject.await(AbstractQueuedSynchronizer.java:2039)&#10;        at java.util.concurrent.ArrayBlockingQueue.take(ArrayBlockingQueue.java:403)&#10;        at java.util.concurrent.ThreadPoolExecutor.getTask(ThreadPoolExecutor.java:1074)&#10;        at java.util.concurrent.ThreadPoolExecutor.runWorker(ThreadPoolExecutor.java:1134)&#10;        at java.util.concurrent.ThreadPoolExecutor$Worker.run(ThreadPoolExecutor.java:624)&#10;        at java.lang.Thread.run(Thread.java:748)&#10;&quot;Thread-198&quot; daemon prio=5 tid=535 timed_waiting&#10;java.lang.Thread.State: TIMED_WAITING&#10;        at sun.misc.Unsafe.park(Native Method)&#10;        at java.util.concurrent.locks.LockSupport.parkNanos(LockSupport.java:215)&#10;        at java.util.concurrent.locks.AbstractQueuedSynchronizer$ConditionObject.awaitNanos(AbstractQueuedSynchronizer.java:2078)&#10;        at java.util.concurrent.ArrayBlockingQueue.poll(ArrayBlockingQueue.java:418)&#10;        at org.apache.ratis.server.impl.LeaderState$EventQueue.poll(LeaderState.java:115)&#10;        at org.apache.ratis.server.impl.LeaderState$EventProcessor.run(LeaderState.java:467)&#10;&quot;EventQueue-SafemodestatusForSafeModeHandler&quot; daemon prio=5 tid=515 in Object.wait()&#10;java.lang.Thread.State: WAITING (on object monitor)&#10;        at sun.misc.Unsafe.park(Native Method)&#10;        at java.util.concurrent.locks.LockSupport.park(LockSupport.java:175)&#10;        at java.util.concurrent.locks.AbstractQueuedSynchronizer$ConditionObject.await(AbstractQueuedSynchronizer.java:2039)&#10;        at java.util.concurrent.LinkedBlockingQueue.take(LinkedBlockingQueue.java:442)&#10;        at java.util.concurrent.ThreadPoolExecutor.getTask(ThreadPoolExecutor.java:1074)&#10;        at java.util.concurrent.ThreadPoolExecutor.runWorker(ThreadPoolExecutor.java:1134)&#10;        at java.util.concurrent.ThreadPoolExecutor$Worker.run(ThreadPoolExecutor.java:624)&#10;        at java.lang.Thread.run(Thread.java:748)&#10;&quot;Timer for &apos;StorageContainerManager&apos; metrics system&quot; daemon prio=5 tid=27 timed_waiting&#10;java.lang.Thread.State: TIMED_WAITING&#10;        at java.lang.Object.wait(Native Method)&#10;        at java.util.TimerThread.mainLoop(Timer.java:552)&#10;        at java.util.TimerThread.run(Timer.java:505)&#10;&quot;pool-36-thread-28&quot;  prio=5 tid=314 in Object.wait()&#10;java.lang.Thread.State: WAITING (on object monitor)&#10;        at sun.misc.Unsafe.park(Native Method)&#10;        at java.util.concurrent.locks.LockSupport.park(LockSupport.java:175)&#10;        at java.util.concurrent.locks.AbstractQueuedSynchronizer$ConditionObject.await(AbstractQueuedSynchronizer.java:2039)&#10;        at java.util.concurrent.ArrayBlockingQueue.take(ArrayBlockingQueue.java:403)&#10;        at java.util.concurrent.ThreadPoolExecutor.getTask(ThreadPoolExecutor.java:1074)&#10;        at java.util.concurrent.ThreadPoolExecutor.runWorker(ThreadPoolExecutor.java:1134)&#10;        at java.util.concurrent.ThreadPoolExecutor$Worker.run(ThreadPoolExecutor.java:624)&#10;        at java.lang.Thread.run(Thread.java:748)&#10;&quot;metrics-hadoop-metrics2-reporter-9-thread-1&quot; daemon prio=5 tid=543 timed_waiting&#10;java.lang.Thread.State: TIMED_WAITING&#10;        at sun.misc.Unsafe.park(Native Method)&#10;        at java.util.concurrent.locks.LockSupport.parkNanos(LockSupport.java:215)&#10;        at java.util.concurrent.locks.AbstractQueuedSynchronizer$ConditionObject.awaitNanos(AbstractQueuedSynchronizer.java:2078)&#10;        at java.util.concurrent.ScheduledThreadPoolExecutor$DelayedWorkQueue.take(ScheduledThreadPoolExecutor.java:1093)&#10;        at java.util.concurrent.ScheduledThreadPoolExecutor$DelayedWorkQueue.take(ScheduledThreadPoolExecutor.java:809)&#10;        at java.util.concurrent.ThreadPoolExecutor.getTask(ThreadPoolExecutor.java:1074)&#10;        at java.util.concurrent.ThreadPoolExecutor.runWorker(ThreadPoolExecutor.java:1134)&#10;        at java.util.concurrent.ThreadPoolExecutor$Worker.run(ThreadPoolExecutor.java:624)&#10;        at java.lang.Thread.run(Thread.java:748)&#10;&quot;pool-56-thread-15&quot;  prio=5 tid=454 in Object.wait()&#10;java.lang.Thread.State: WAITING (on object monitor)&#10;        at sun.misc.Unsafe.park(Native Method)&#10;        at java.util.concurrent.locks.LockSupport.park(LockSupport.java:175)&#10;        at java.util.concurrent.locks.AbstractQueuedSynchronizer$ConditionObject.await(AbstractQueuedSynchronizer.java:2039)&#10;        at java.util.concurrent.ArrayBlockingQueue.take(ArrayBlockingQueue.java:403)&#10;        at java.util.concurrent.ThreadPoolExecutor.getTask(ThreadPoolExecutor.java:1074)&#10;        at java.util.concurrent.ThreadPoolExecutor.runWorker(ThreadPoolExecutor.java:1134)&#10;        at java.util.concurrent.ThreadPoolExecutor$Worker.run(ThreadPoolExecutor.java:624)&#10;        at java.lang.Thread.run(Thread.java:748)&#10;&quot;pool-56-thread-56&quot;  prio=5 tid=495 in Object.wait()&#10;java.lang.Thread.State: WAITING (on object monitor)&#10;        at sun.misc.Unsafe.park(Native Method)&#10;        at java.util.concurrent.locks.LockSupport.park(LockSupport.java:175)&#10;        at java.util.concurrent.locks.AbstractQueuedSynchronizer$ConditionObject.await(AbstractQueuedSynchronizer.java:2039)&#10;        at java.util.concurrent.ArrayBlockingQueue.take(ArrayBlockingQueue.java:403)&#10;        at java.util.concurrent.ThreadPoolExecutor.getTask(ThreadPoolExecutor.java:1074)&#10;        at java.util.concurrent.ThreadPoolExecutor.runWorker(ThreadPoolExecutor.java:1134)&#10;        at java.util.concurrent.ThreadPoolExecutor$Worker.run(ThreadPoolExecutor.java:624)&#10;        at java.lang.Thread.run(Thread.java:748)&#10;&quot;IPC Server handler 12 on 34339&quot; daemon prio=5 tid=81 timed_waiting&#10;java.lang.Thread.State: TIMED_WAITING&#10;        at sun.misc.Unsafe.park(Native Method)&#10;        at java.util.concurrent.locks.LockSupport.parkNanos(LockSupport.java:215)&#10;        at java.util.concurrent.locks.AbstractQueuedSynchronizer$ConditionObject.awaitNanos(AbstractQueuedSynchronizer.java:2078)&#10;        at java.util.concurrent.LinkedBlockingQueue.poll(LinkedBlockingQueue.java:467)&#10;        at org.apache.hadoop.ipc.CallQueueManager.take(CallQueueManager.java:288)&#10;        at org.apache.hadoop.ipc.Server$Handler.run(Server.java:2668)&#10;&quot;refreshUsed-/workdir/hadoop-ozone/integration-test/target/test-dir/MiniOzoneClusterImpl-6c8aceb3-2805-42ee-9a98-c3760435b865/datanode-3/data/containers&quot; daemon prio=5 tid=235 timed_waiting&#10;java.lang.Thread.State: TIMED_WAITING&#10;        at java.lang.Thread.sleep(Native Method)&#10;        at org.apache.hadoop.fs.CachingGetSpaceUsed$RefreshThread.run(CachingGetSpaceUsed.java:179)&#10;        at java.lang.Thread.run(Thread.java:748)&#10;&quot;pool-26-thread-9&quot;  prio=5 tid=276 in Object.wait()&#10;java.lang.Thread.State: WAITING (on object monitor)&#10;        at sun.misc.Unsafe.park(Native Method)&#10;        at java.util.concurrent.locks.LockSupport.park(LockSupport.java:175)&#10;        at java.util.concurrent.locks.AbstractQueuedSynchronizer$ConditionObject.await(AbstractQueuedSynchronizer.java:2039)&#10;        at java.util.concurrent.ArrayBlockingQueue.take(ArrayBlockingQueue.java:403)&#10;        at java.util.concurrent.ThreadPoolExecutor.getTask(ThreadPoolExecutor.java:1074)&#10;        at java.util.concurrent.ThreadPoolExecutor.runWorker(ThreadPoolExecutor.java:1134)&#10;        at java.util.concurrent.ThreadPoolExecutor$Worker.run(ThreadPoolExecutor.java:624)&#10;        at java.lang.Thread.run(Thread.java:748)&#10;&quot;org.eclipse.jetty.server.session.HashSessionManager@277bf091Timer&quot; daemon prio=5 tid=194 timed_waiting&#10;java.lang.Thread.State: TIMED_WAITING&#10;        at sun.misc.Unsafe.park(Native Method)&#10;        at java.util.concurrent.locks.LockSupport.parkNanos(LockSupport.java:215)&#10;        at java.util.concurrent.locks.AbstractQueuedSynchronizer$ConditionObject.awaitNanos(AbstractQueuedSynchronizer.java:2078)&#10;        at java.util.concurrent.ScheduledThreadPoolExecutor$DelayedWorkQueue.take(ScheduledThreadPoolExecutor.java:1093)&#10;        at java.util.concurrent.ScheduledThreadPoolExecutor$DelayedWorkQueue.take(ScheduledThreadPoolExecutor.java:809)&#10;        at java.util.concurrent.ThreadPoolExecutor.getTask(ThreadPoolExecutor.java:1074)&#10;        at java.util.concurrent.ThreadPoolExecutor.runWorker(ThreadPoolExecutor.java:1134)&#10;        at java.util.concurrent.ThreadPoolExecutor$Worker.run(ThreadPoolExecutor.java:624)&#10;        at java.lang.Thread.run(Thread.java:748)&#10;&quot;qtp206310209-143&quot; daemon prio=5 tid=143 timed_waiting&#10;java.lang.Thread.State: TIMED_WAITING&#10;        at sun.misc.Unsafe.park(Native Method)&#10;        at java.util.concurrent.locks.LockSupport.parkNanos(LockSupport.java:215)&#10;        at java.util.concurrent.locks.AbstractQueuedSynchronizer$ConditionObject.awaitNanos(AbstractQueuedSynchronizer.java:2078)&#10;        at org.eclipse.jetty.util.BlockingArrayQueue.poll(BlockingArrayQueue.java:392)&#10;        at org.eclipse.jetty.util.thread.QueuedThreadPool.idleJobPoll(QueuedThreadPool.java:563)&#10;        at org.eclipse.jetty.util.thread.QueuedThreadPool.access$800(QueuedThreadPool.java:48)&#10;        at org.eclipse.jetty.util.thread.QueuedThreadPool$2.run(QueuedThreadPool.java:626)&#10;        at java.lang.Thread.run(Thread.java:748)&#10;&quot;Finalizer&quot; daemon prio=8 tid=3 in Object.wait()&#10;java.lang.Thread.State: WAITING (on object monitor)&#10;        at java.lang.Object.wait(Native Method)&#10;        at java.lang.ref.ReferenceQueue.remove(ReferenceQueue.java:144)&#10;        at java.lang.ref.ReferenceQueue.remove(ReferenceQueue.java:165)&#10;        at java.lang.ref.Finalizer$FinalizerThread.run(Finalizer.java:216)&#10;&quot;IPC Server handler 13 on 34339&quot; daemon prio=5 tid=82 timed_waiting&#10;java.lang.Thread.State: TIMED_WAITING&#10;        at sun.misc.Unsafe.park(Native Method)&#10;        at java.util.concurrent.locks.LockSupport.parkNanos(LockSupport.java:215)&#10;        at java.util.concurrent.locks.AbstractQueuedSynchronizer$ConditionObject.awaitNanos(AbstractQueuedSynchronizer.java:2078)&#10;        at java.util.concurrent.LinkedBlockingQueue.poll(LinkedBlockingQueue.java:467)&#10;        at org.apache.hadoop.ipc.CallQueueManager.take(CallQueueManager.java:288)&#10;        at org.apache.hadoop.ipc.Server$Handler.run(Server.java:2668)&#10;&quot;pool-36-thread-11&quot;  prio=5 tid=280 in Object.wait()&#10;java.lang.Thread.State: WAITING (on object monitor)&#10;        at sun.misc.Unsafe.park(Native Method)&#10;        at java.util.concurrent.locks.LockSupport.park(LockSupport.java:175)&#10;        at java.util.concurrent.locks.AbstractQueuedSynchronizer$ConditionObject.await(AbstractQueuedSynchronizer.java:2039)&#10;        at java.util.concurrent.ArrayBlockingQueue.take(ArrayBlockingQueue.java:403)&#10;        at java.util.concurrent.ThreadPoolExecutor.getTask(ThreadPoolExecutor.java:1074)&#10;        at java.util.concurrent.ThreadPoolExecutor.runWorker(ThreadPoolExecutor.java:1134)&#10;        at java.util.concurrent.ThreadPoolExecutor$Worker.run(ThreadPoolExecutor.java:624)&#10;        at java.lang.Thread.run(Thread.java:748)&#10;&quot;pool-46-thread-32&quot;  prio=5 tid=411 in Object.wait()&#10;java.lang.Thread.State: WAITING (on object monitor)&#10;        at sun.misc.Unsafe.park(Native Method)&#10;        at java.util.concurrent.locks.LockSupport.park(LockSupport.java:175)&#10;        at java.util.concurrent.locks.AbstractQueuedSynchronizer$ConditionObject.await(AbstractQueuedSynchronizer.java:2039)&#10;        at java.util.concurrent.ArrayBlockingQueue.take(ArrayBlockingQueue.java:403)&#10;        at java.util.concurrent.ThreadPoolExecutor.getTask(ThreadPoolExecutor.java:1074)&#10;        at java.util.concurrent.ThreadPoolExecutor.runWorker(ThreadPoolExecutor.java:1134)&#10;        at java.util.concurrent.ThreadPoolExecutor$Worker.run(ThreadPoolExecutor.java:624)&#10;        at java.lang.Thread.run(Thread.java:748)&#10;&quot;pool-26-thread-60&quot;  prio=5 tid=378 in Object.wait()&#10;java.lang.Thread.State: WAITING (on object monitor)&#10;        at sun.misc.Unsafe.park(Native Method)&#10;        at java.util.concurrent.locks.LockSupport.park(LockSupport.java:175)&#10;        at java.util.concurrent.locks.AbstractQueuedSynchronizer$ConditionObject.await(AbstractQueuedSynchronizer.java:2039)&#10;        at java.util.concurrent.ArrayBlockingQueue.take(ArrayBlockingQueue.java:403)&#10;        at java.util.concurrent.ThreadPoolExecutor.getTask(ThreadPoolExecutor.java:1074)&#10;        at java.util.concurrent.ThreadPoolExecutor.runWorker(ThreadPoolExecutor.java:1134)&#10;        at java.util.concurrent.ThreadPoolExecutor$Worker.run(ThreadPoolExecutor.java:624)&#10;        at java.lang.Thread.run(Thread.java:748)&#10;&quot;pool-6-thread-1&quot;  prio=5 tid=26 timed_waiting&#10;java.lang.Thread.State: TIMED_WAITING&#10;        at sun.misc.Unsafe.park(Native Method)&#10;        at java.util.concurrent.locks.LockSupport.parkNanos(LockSupport.java:215)&#10;        at java.util.concurrent.locks.AbstractQueuedSynchronizer$ConditionObject.awaitNanos(AbstractQueuedSynchronizer.java:2078)&#10;        at java.util.concurrent.ScheduledThreadPoolExecutor$DelayedWorkQueue.take(ScheduledThreadPoolExecutor.java:1093)&#10;        at java.util.concurrent.ScheduledThreadPoolExecutor$DelayedWorkQueue.take(ScheduledThreadPoolExecutor.java:809)&#10;        at java.util.concurrent.ThreadPoolExecutor.getTask(ThreadPoolExecutor.java:1074)&#10;        at java.util.concurrent.ThreadPoolExecutor.runWorker(ThreadPoolExecutor.java:1134)&#10;        at java.util.concurrent.ThreadPoolExecutor$Worker.run(ThreadPoolExecutor.java:624)&#10;        at java.lang.Thread.run(Thread.java:748)&#10;&quot;qtp1080561710-165&quot; daemon prio=5 tid=165 timed_waiting&#10;java.lang.Thread.State: TIMED_WAITING&#10;        at sun.misc.Unsafe.park(Native Method)&#10;        at java.util.concurrent.locks.LockSupport.parkNanos(LockSupport.java:215)&#10;        at java.util.concurrent.locks.AbstractQueuedSynchronizer$ConditionObject.awaitNanos(AbstractQueuedSynchronizer.java:2078)&#10;        at org.eclipse.jetty.util.BlockingArrayQueue.poll(BlockingArrayQueue.java:392)&#10;        at org.eclipse.jetty.util.thread.QueuedThreadPool.idleJobPoll(QueuedThreadPool.java:563)&#10;        at org.eclipse.jetty.util.thread.QueuedThreadPool.access$800(QueuedThreadPool.java:48)&#10;        at org.eclipse.jetty.util.thread.QueuedThreadPool$2.run(QueuedThreadPool.java:626)&#10;        at java.lang.Thread.run(Thread.java:748)&#10;&quot;pool-26-thread-50&quot;  prio=5 tid=359 in Object.wait()&#10;java.lang.Thread.State: WAITING (on object monitor)&#10;        at sun.misc.Unsafe.park(Native Method)&#10;        at java.util.concurrent.locks.LockSupport.park(LockSupport.java:175)&#10;        at java.util.concurrent.locks.AbstractQueuedSynchronizer$ConditionObject.await(AbstractQueuedSynchronizer.java:2039)&#10;        at java.util.concurrent.ArrayBlockingQueue.take(ArrayBlockingQueue.java:403)&#10;        at java.util.concurrent.ThreadPoolExecutor.getTask(ThreadPoolExecutor.java:1074)&#10;        at java.util.concurrent.ThreadPoolExecutor.runWorker(ThreadPoolExecutor.java:1134)&#10;        at java.util.concurrent.ThreadPoolExecutor$Worker.run(ThreadPoolExecutor.java:624)&#10;        at java.lang.Thread.run(Thread.java:748)&#10;&quot;IPC Server handler 17 on 34819&quot; daemon prio=5 tid=46 timed_waiting&#10;java.lang.Thread.State: TIMED_WAITING&#10;        at sun.misc.Unsafe.park(Native Method)&#10;        at java.util.concurrent.locks.LockSupport.parkNanos(LockSupport.java:215)&#10;        at java.util.concurrent.locks.AbstractQueuedSynchronizer$ConditionObject.awaitNanos(AbstractQueuedSynchronizer.java:2078)&#10;        at java.util.concurrent.LinkedBlockingQueue.poll(LinkedBlockingQueue.java:467)&#10;        at org.apache.hadoop.ipc.CallQueueManager.take(CallQueueManager.java:288)&#10;        at org.apache.hadoop.ipc.Server$Handler.run(Server.java:2668)&#10;&quot;metrics-hadoop-metrics2-reporter-26-thread-1&quot; daemon prio=5 tid=591 timed_waiting&#10;java.lang.Thread.State: TIMED_WAITING&#10;        at sun.misc.Unsafe.park(Native Method)&#10;        at java.util.concurrent.locks.LockSupport.parkNanos(LockSupport.java:215)&#10;        at java.util.concurrent.locks.AbstractQueuedSynchronizer$ConditionObject.awaitNanos(AbstractQueuedSynchronizer.java:2078)&#10;        at java.util.concurrent.ScheduledThreadPoolExecutor$DelayedWorkQueue.take(ScheduledThreadPoolExecutor.java:1093)&#10;        at java.util.concurrent.ScheduledThreadPoolExecutor$DelayedWorkQueue.take(ScheduledThreadPoolExecutor.java:809)&#10;        at java.util.concurrent.ThreadPoolExecutor.getTask(ThreadPoolExecutor.java:1074)&#10;        at java.util.concurrent.ThreadPoolExecutor.runWorker(ThreadPoolExecutor.java:1134)&#10;        at java.util.concurrent.ThreadPoolExecutor$Worker.run(ThreadPoolExecutor.java:624)&#10;        at java.lang.Thread.run(Thread.java:748)&#10;&quot;metrics-hadoop-metrics2-reporter-8-thread-1&quot; daemon prio=5 tid=541 timed_waiting&#10;java.lang.Thread.State: TIMED_WAITING&#10;        at sun.misc.Unsafe.park(Native Method)&#10;        at java.util.concurrent.locks.LockSupport.parkNanos(LockSupport.java:215)&#10;        at java.util.concurrent.locks.AbstractQueuedSynchronizer$ConditionObject.awaitNanos(AbstractQueuedSynchronizer.java:2078)&#10;        at java.util.concurrent.ScheduledThreadPoolExecutor$DelayedWorkQueue.take(ScheduledThreadPoolExecutor.java:1093)&#10;        at java.util.concurrent.ScheduledThreadPoolExecutor$DelayedWorkQueue.take(ScheduledThreadPoolExecutor.java:809)&#10;        at java.util.concurrent.ThreadPoolExecutor.getTask(ThreadPoolExecutor.java:1074)&#10;        at java.util.concurrent.ThreadPoolExecutor.runWorker(ThreadPoolExecutor.java:1134)&#10;        at java.util.concurrent.ThreadPoolExecutor$Worker.run(ThreadPoolExecutor.java:624)&#10;        at java.lang.Thread.run(Thread.java:748)&#10;&quot;pool-26-thread-59&quot;  prio=5 tid=376 in Object.wait()&#10;java.lang.Thread.State: WAITING (on object monitor)&#10;        at sun.misc.Unsafe.park(Native Method)&#10;        at java.util.concurrent.locks.LockSupport.park(LockSupport.java:175)&#10;        at java.util.concurrent.locks.AbstractQueuedSynchronizer$ConditionObject.await(AbstractQueuedSynchronizer.java:2039)&#10;        at java.util.concurrent.ArrayBlockingQueue.take(ArrayBlockingQueue.java:403)&#10;        at java.util.concurrent.ThreadPoolExecutor.getTask(ThreadPoolExecutor.java:1074)&#10;        at java.util.concurrent.ThreadPoolExecutor.runWorker(ThreadPoolExecutor.java:1134)&#10;        at java.util.concurrent.ThreadPoolExecutor$Worker.run(ThreadPoolExecutor.java:624)&#10;        at java.lang.Thread.run(Thread.java:748)&#10;&quot;pool-36-thread-34&quot;  prio=5 tid=326 in Object.wait()&#10;java.lang.Thread.State: WAITING (on object monitor)&#10;        at sun.misc.Unsafe.park(Native Method)&#10;        at java.util.concurrent.locks.LockSupport.park(LockSupport.java:175)&#10;        at java.util.concurrent.locks.AbstractQueuedSynchronizer$ConditionObject.await(AbstractQueuedSynchronizer.java:2039)&#10;        at java.util.concurrent.ArrayBlockingQueue.take(ArrayBlockingQueue.java:403)&#10;        at java.util.concurrent.ThreadPoolExecutor.getTask(ThreadPoolExecutor.java:1074)&#10;        at java.util.concurrent.ThreadPoolExecutor.runWorker(ThreadPoolExecutor.java:1134)&#10;        at java.util.concurrent.ThreadPoolExecutor$Worker.run(ThreadPoolExecutor.java:624)&#10;        at java.lang.Thread.run(Thread.java:748)&#10;&quot;metrics-hadoop-metrics2-reporter-17-thread-1&quot; daemon prio=5 tid=564 timed_waiting&#10;java.lang.Thread.State: TIMED_WAITING&#10;        at sun.misc.Unsafe.park(Native Method)&#10;        at java.util.concurrent.locks.LockSupport.parkNanos(LockSupport.java:215)&#10;        at java.util.concurrent.locks.AbstractQueuedSynchronizer$ConditionObject.awaitNanos(AbstractQueuedSynchronizer.java:2078)&#10;        at java.util.concurrent.ScheduledThreadPoolExecutor$DelayedWorkQueue.take(ScheduledThreadPoolExecutor.java:1093)&#10;        at java.util.concurrent.ScheduledThreadPoolExecutor$DelayedWorkQueue.take(ScheduledThreadPoolExecutor.java:809)&#10;        at java.util.concurrent.ThreadPoolExecutor.getTask(ThreadPoolExecutor.java:1074)&#10;        at java.util.concurrent.ThreadPoolExecutor.runWorker(ThreadPoolExecutor.java:1134)&#10;        at java.util.concurrent.ThreadPoolExecutor$Worker.run(ThreadPoolExecutor.java:624)&#10;        at java.lang.Thread.run(Thread.java:748)&#10;&quot;pool-56-thread-17&quot;  prio=5 tid=456 in Object.wait()&#10;java.lang.Thread.State: WAITING (on object monitor)&#10;        at sun.misc.Unsafe.park(Native Method)&#10;        at java.util.concurrent.locks.LockSupport.park(LockSupport.java:175)&#10;        at java.util.concurrent.locks.AbstractQueuedSynchronizer$ConditionObject.await(AbstractQueuedSynchronizer.java:2039)&#10;        at java.util.concurrent.ArrayBlockingQueue.take(ArrayBlockingQueue.java:403)&#10;        at java.util.concurrent.ThreadPoolExecutor.getTask(ThreadPoolExecutor.java:1074)&#10;        at java.util.concurrent.ThreadPoolExecutor.runWorker(ThreadPoolExecutor.java:1134)&#10;        at java.util.concurrent.ThreadPoolExecutor$Worker.run(ThreadPoolExecutor.java:624)&#10;        at java.lang.Thread.run(Thread.java:748)&#10;&quot;qtp7829163-94&quot; daemon prio=5 tid=94 timed_waiting&#10;java.lang.Thread.State: TIMED_WAITING&#10;        at sun.misc.Unsafe.park(Native Method)&#10;        at java.util.concurrent.locks.LockSupport.parkNanos(LockSupport.java:215)&#10;        at java.util.concurrent.locks.AbstractQueuedSynchronizer$ConditionObject.awaitNanos(AbstractQueuedSynchronizer.java:2078)&#10;        at org.eclipse.jetty.util.BlockingArrayQueue.poll(BlockingArrayQueue.java:392)&#10;        at org.eclipse.jetty.util.thread.QueuedThreadPool.idleJobPoll(QueuedThreadPool.java:563)&#10;        at org.eclipse.jetty.util.thread.QueuedThreadPool.access$800(QueuedThreadPool.java:48)&#10;        at org.eclipse.jetty.util.thread.QueuedThreadPool$2.run(QueuedThreadPool.java:626)&#10;        at java.lang.Thread.run(Thread.java:748)&#10;&quot;IPC Server handler 9 on 34819&quot; daemon prio=5 tid=38 timed_waiting&#10;java.lang.Thread.State: TIMED_WAITING&#10;        at sun.misc.Unsafe.park(Native Method)&#10;        at java.util.concurrent.locks.LockSupport.parkNanos(LockSupport.java:215)&#10;        at java.util.concurrent.locks.AbstractQueuedSynchronizer$ConditionObject.awaitNanos(AbstractQueuedSynchronizer.java:2078)&#10;        at java.util.concurrent.LinkedBlockingQueue.poll(LinkedBlockingQueue.java:467)&#10;        at org.apache.hadoop.ipc.CallQueueManager.take(CallQueueManager.java:288)&#10;        at org.apache.hadoop.ipc.Server$Handler.run(Server.java:2668)&#10;&quot;IPC Server listener on 34819&quot; daemon prio=5 tid=22 runnable&#10;java.lang.Thread.State: RUNNABLE&#10;        at sun.nio.ch.EPollArrayWrapper.epollWait(Native Method)&#10;        at sun.nio.ch.EPollArrayWrapper.poll(EPollArrayWrapper.java:269)&#10;        at sun.nio.ch.EPollSelectorImpl.doSelect(EPollSelectorImpl.java:93)&#10;        at sun.nio.ch.SelectorImpl.lockAndDoSelect(SelectorImpl.java:86)&#10;        at sun.nio.ch.SelectorImpl.select(SelectorImpl.java:97)&#10;        at sun.nio.ch.SelectorImpl.select(SelectorImpl.java:101)&#10;        at org.apache.hadoop.ipc.Server$Listener.run(Server.java:1159)&#10;&quot;IPC Server listener on 40088&quot; daemon prio=5 tid=18 runnable&#10;java.lang.Thread.State: RUNNABLE&#10;        at sun.nio.ch.EPollArrayWrapper.epollWait(Native Method)&#10;        at sun.nio.ch.EPollArrayWrapper.poll(EPollArrayWrapper.java:269)&#10;        at sun.nio.ch.EPollSelectorImpl.doSelect(EPollSelectorImpl.java:93)&#10;        at sun.nio.ch.SelectorImpl.lockAndDoSelect(SelectorImpl.java:86)&#10;        at sun.nio.ch.SelectorImpl.select(SelectorImpl.java:97)&#10;        at sun.nio.ch.SelectorImpl.select(SelectorImpl.java:101)&#10;        at org.apache.hadoop.ipc.Server$Listener.run(Server.java:1159)&#10;&quot;pool-46-thread-24&quot;  prio=5 tid=403 in Object.wait()&#10;java.lang.Thread.State: WAITING (on object monitor)&#10;        at sun.misc.Unsafe.park(Native Method)&#10;        at java.util.concurrent.locks.LockSupport.park(LockSupport.java:175)&#10;        at java.util.concurrent.locks.AbstractQueuedSynchronizer$ConditionObject.await(AbstractQueuedSynchronizer.java:2039)&#10;        at java.util.concurrent.ArrayBlockingQueue.take(ArrayBlockingQueue.java:403)&#10;        at java.util.concurrent.ThreadPoolExecutor.getTask(ThreadPoolExecutor.java:1074)&#10;        at java.util.concurrent.ThreadPoolExecutor.runWorker(ThreadPoolExecutor.java:1134)&#10;        at java.util.concurrent.ThreadPoolExecutor$Worker.run(ThreadPoolExecutor.java:624)&#10;        at java.lang.Thread.run(Thread.java:748)&#10;&quot;pool-36-thread-53&quot;  prio=5 tid=365 in Object.wait()&#10;java.lang.Thread.State: WAITING (on object monitor)&#10;        at sun.misc.Unsafe.park(Native Method)&#10;        at java.util.concurrent.locks.LockSupport.park(LockSupport.java:175)&#10;        at java.util.concurrent.locks.AbstractQueuedSynchronizer$ConditionObject.await(AbstractQueuedSynchronizer.java:2039)&#10;        at java.util.concurrent.ArrayBlockingQueue.take(ArrayBlockingQueue.java:403)&#10;        at java.util.concurrent.ThreadPoolExecutor.getTask(ThreadPoolExecutor.java:1074)&#10;        at java.util.concurrent.ThreadPoolExecutor.runWorker(ThreadPoolExecutor.java:1134)&#10;        at java.util.concurrent.ThreadPoolExecutor$Worker.run(ThreadPoolExecutor.java:624)&#10;        at java.lang.Thread.run(Thread.java:748)&#10;&quot;pool-46-thread-55&quot;  prio=5 tid=434 in Object.wait()&#10;java.lang.Thread.State: WAITING (on object monitor)&#10;        at sun.misc.Unsafe.park(Native Method)&#10;        at java.util.concurrent.locks.LockSupport.park(LockSupport.java:175)&#10;        at java.util.concurrent.locks.AbstractQueuedSynchronizer$ConditionObject.await(AbstractQueuedSynchronizer.java:2039)&#10;        at java.util.concurrent.ArrayBlockingQueue.take(ArrayBlockingQueue.java:403)&#10;        at java.util.concurrent.ThreadPoolExecutor.getTask(ThreadPoolExecutor.java:1074)&#10;        at java.util.concurrent.ThreadPoolExecutor.runWorker(ThreadPoolExecutor.java:1134)&#10;        at java.util.concurrent.ThreadPoolExecutor$Worker.run(ThreadPoolExecutor.java:624)&#10;        at java.lang.Thread.run(Thread.java:748)&#10;&quot;pool-26-thread-34&quot;  prio=5 tid=327 in Object.wait()&#10;java.lang.Thread.State: WAITING (on object monitor)&#10;        at sun.misc.Unsafe.park(Native Method)&#10;        at java.util.concurrent.locks.LockSupport.park(LockSupport.java:175)&#10;        at java.util.concurrent.locks.AbstractQueuedSynchronizer$ConditionObject.await(AbstractQueuedSynchronizer.java:2039)&#10;        at java.util.concurrent.ArrayBlockingQueue.take(ArrayBlockingQueue.java:403)&#10;        at java.util.concurrent.ThreadPoolExecutor.getTask(ThreadPoolExecutor.java:1074)&#10;        at java.util.concurrent.ThreadPoolExecutor.runWorker(ThreadPoolExecutor.java:1134)&#10;        at java.util.concurrent.ThreadPoolExecutor$Worker.run(ThreadPoolExecutor.java:624)&#10;        at java.lang.Thread.run(Thread.java:748)&#10;&quot;pool-36-thread-54&quot;  prio=5 tid=367 in Object.wait()&#10;java.lang.Thread.State: WAITING (on object monitor)&#10;        at sun.misc.Unsafe.park(Native Method)&#10;        at java.util.concurrent.locks.LockSupport.park(LockSupport.java:175)&#10;        at java.util.concurrent.locks.AbstractQueuedSynchronizer$ConditionObject.await(AbstractQueuedSynchronizer.java:2039)&#10;        at java.util.concurrent.ArrayBlockingQueue.take(ArrayBlockingQueue.java:403)&#10;        at java.util.concurrent.ThreadPoolExecutor.getTask(ThreadPoolExecutor.java:1074)&#10;        at java.util.concurrent.ThreadPoolExecutor.runWorker(ThreadPoolExecutor.java:1134)&#10;        at java.util.concurrent.ThreadPoolExecutor$Worker.run(ThreadPoolExecutor.java:624)&#10;        at java.lang.Thread.run(Thread.java:748)&#10;&quot;Datanode ReportManager Thread - 3&quot; daemon prio=5 tid=255 timed_waiting&#10;java.lang.Thread.State: TIMED_WAITING&#10;        at sun.misc.Unsafe.park(Native Method)&#10;        at java.util.concurrent.locks.LockSupport.parkNanos(LockSupport.java:215)&#10;        at java.util.concurrent.locks.AbstractQueuedSynchronizer$ConditionObject.awaitNanos(AbstractQueuedSynchronizer.java:2078)&#10;        at java.util.concurrent.ScheduledThreadPoolExecutor$DelayedWorkQueue.take(ScheduledThreadPoolExecutor.java:1093)&#10;        at java.util.concurrent.ScheduledThreadPoolExecutor$DelayedWorkQueue.take(ScheduledThreadPoolExecutor.java:809)&#10;        at java.util.concurrent.ThreadPoolExecutor.getTask(ThreadPoolExecutor.java:1074)&#10;        at java.util.concurrent.ThreadPoolExecutor.runWorker(ThreadPoolExecutor.java:1134)&#10;        at java.util.concurrent.ThreadPoolExecutor$Worker.run(ThreadPoolExecutor.java:624)&#10;        at java.lang.Thread.run(Thread.java:748)&#10;&quot;org.apache.hadoop.util.JvmPauseMonitor$Monitor@10b892d5&quot; daemon prio=5 tid=102 timed_waiting&#10;java.lang.Thread.State: TIMED_WAITING&#10;        at java.lang.Thread.sleep(Native Method)&#10;        at org.apache.hadoop.util.JvmPauseMonitor$Monitor.run(JvmPauseMonitor.java:192)&#10;        at java.lang.Thread.run(Thread.java:748)&#10;&quot;IPC Server handler 12 on 34819&quot; daemon prio=5 tid=41 timed_waiting&#10;java.lang.Thread.State: TIMED_WAITING&#10;        at sun.misc.Unsafe.park(Native Method)&#10;        at java.util.concurrent.locks.LockSupport.parkNanos(LockSupport.java:215)&#10;        at java.util.concurrent.locks.AbstractQueuedSynchronizer$ConditionObject.awaitNanos(AbstractQueuedSynchronizer.java:2078)&#10;        at java.util.concurrent.LinkedBlockingQueue.poll(LinkedBlockingQueue.java:467)&#10;        at org.apache.hadoop.ipc.CallQueueManager.take(CallQueueManager.java:288)&#10;        at org.apache.hadoop.ipc.Server$Handler.run(Server.java:2668)&#10;&quot;qtp1080561710-161&quot; daemon prio=5 tid=161 timed_waiting&#10;java.lang.Thread.State: TIMED_WAITING&#10;        at sun.misc.Unsafe.park(Native Method)&#10;        at java.util.concurrent.locks.LockSupport.parkNanos(LockSupport.java:215)&#10;        at java.util.concurrent.locks.AbstractQueuedSynchronizer$ConditionObject.awaitNanos(AbstractQueuedSynchronizer.java:2078)&#10;        at org.eclipse.jetty.util.BlockingArrayQueue.poll(BlockingArrayQueue.java:392)&#10;        at org.eclipse.jetty.util.thread.QueuedThreadPool.idleJobPoll(QueuedThreadPool.java:563)&#10;        at org.eclipse.jetty.util.thread.QueuedThreadPool.access$800(QueuedThreadPool.java:48)&#10;        at org.eclipse.jetty.util.thread.QueuedThreadPool$2.run(QueuedThreadPool.java:626)&#10;        at java.lang.Thread.run(Thread.java:748)&#10;&quot;pool-56-thread-22&quot;  prio=5 tid=461 in Object.wait()&#10;java.lang.Thread.State: WAITING (on object monitor)&#10;        at sun.misc.Unsafe.park(Native Method)&#10;        at java.util.concurrent.locks.LockSupport.park(LockSupport.java:175)&#10;        at java.util.concurrent.locks.AbstractQueuedSynchronizer$ConditionObject.await(AbstractQueuedSynchronizer.java:2039)&#10;        at java.util.concurrent.ArrayBlockingQueue.take(ArrayBlockingQueue.java:403)&#10;        at java.util.concurrent.ThreadPoolExecutor.getTask(ThreadPoolExecutor.java:1074)&#10;        at java.util.concurrent.ThreadPoolExecutor.runWorker(ThreadPoolExecutor.java:1134)&#10;        at java.util.concurrent.ThreadPoolExecutor$Worker.run(ThreadPoolExecutor.java:624)&#10;        at java.lang.Thread.run(Thread.java:748)&#10;&quot;pool-26-thread-55&quot;  prio=5 tid=368 in Object.wait()&#10;java.lang.Thread.State: WAITING (on object monitor)&#10;        at sun.misc.Unsafe.park(Native Method)&#10;        at java.util.concurrent.locks.LockSupport.park(LockSupport.java:175)&#10;        at java.util.concurrent.locks.AbstractQueuedSynchronizer$ConditionObject.await(AbstractQueuedSynchronizer.java:2039)&#10;        at java.util.concurrent.ArrayBlockingQueue.take(ArrayBlockingQueue.java:403)&#10;        at java.util.concurrent.ThreadPoolExecutor.getTask(ThreadPoolExecutor.java:1074)&#10;        at java.util.concurrent.ThreadPoolExecutor.runWorker(ThreadPoolExecutor.java:1134)&#10;        at java.util.concurrent.ThreadPoolExecutor$Worker.run(ThreadPoolExecutor.java:624)&#10;        at java.lang.Thread.run(Thread.java:748)&#10;&quot;pool-26-thread-23&quot;  prio=5 tid=305 in Object.wait()&#10;java.lang.Thread.State: WAITING (on object monitor)&#10;        at sun.misc.Unsafe.park(Native Method)&#10;        at java.util.concurrent.locks.LockSupport.park(LockSupport.java:175)&#10;        at java.util.concurrent.locks.AbstractQueuedSynchronizer$ConditionObject.await(AbstractQueuedSynchronizer.java:2039)&#10;        at java.util.concurrent.ArrayBlockingQueue.take(ArrayBlockingQueue.java:403)&#10;        at java.util.concurrent.ThreadPoolExecutor.getTask(ThreadPoolExecutor.java:1074)&#10;        at java.util.concurrent.ThreadPoolExecutor.runWorker(ThreadPoolExecutor.java:1134)&#10;        at java.util.concurrent.ThreadPoolExecutor$Worker.run(ThreadPoolExecutor.java:624)&#10;        at java.lang.Thread.run(Thread.java:748)&#10;&quot;IPC Client (1354280589) connection to /0.0.0.0:34339 from jenkins1000&quot; daemon prio=5 tid=259 timed_waiting&#10;java.lang.Thread.State: TIMED_WAITING&#10;        at java.lang.Object.wait(Native Method)&#10;        at org.apache.hadoop.ipc.Client$Connection.waitForWork(Client.java:1024)&#10;        at org.apache.hadoop.ipc.Client$Connection.run(Client.java:1068)&#10;&quot;IPC Server idle connection scanner for port 38234&quot; daemon prio=5 tid=109 timed_waiting&#10;java.lang.Thread.State: TIMED_WAITING&#10;        at java.lang.Object.wait(Native Method)&#10;        at java.util.TimerThread.mainLoop(Timer.java:552)&#10;        at java.util.TimerThread.run(Timer.java:505)&#10;&quot;IPC Server handler 8 on 40088&quot; daemon prio=5 tid=57 timed_waiting&#10;java.lang.Thread.State: TIMED_WAITING&#10;        at sun.misc.Unsafe.park(Native Method)&#10;        at java.util.concurrent.locks.LockSupport.parkNanos(LockSupport.java:215)&#10;        at java.util.concurrent.locks.AbstractQueuedSynchronizer$ConditionObject.awaitNanos(AbstractQueuedSynchronizer.java:2078)&#10;        at java.util.concurrent.LinkedBlockingQueue.poll(LinkedBlockingQueue.java:467)&#10;        at org.apache.hadoop.ipc.CallQueueManager.take(CallQueueManager.java:288)&#10;        at org.apache.hadoop.ipc.Server$Handler.run(Server.java:2668)&#10;&quot;pool-56-thread-34&quot;  prio=5 tid=473 in Object.wait()&#10;java.lang.Thread.State: WAITING (on object monitor)&#10;        at sun.misc.Unsafe.park(Native Method)&#10;        at java.util.concurrent.locks.LockSupport.park(LockSupport.java:175)&#10;        at java.util.concurrent.locks.AbstractQueuedSynchronizer$ConditionObject.await(AbstractQueuedSynchronizer.java:2039)&#10;        at java.util.concurrent.ArrayBlockingQueue.take(ArrayBlockingQueue.java:403)&#10;        at java.util.concurrent.ThreadPoolExecutor.getTask(ThreadPoolExecutor.java:1074)&#10;        at java.util.concurrent.ThreadPoolExecutor.runWorker(ThreadPoolExecutor.java:1134)&#10;        at java.util.concurrent.ThreadPoolExecutor$Worker.run(ThreadPoolExecutor.java:624)&#10;        at java.lang.Thread.run(Thread.java:748)&#10;&quot;main&quot;  prio=5 tid=1 runnable&#10;java.lang.Thread.State: RUNNABLE&#10;        at java.lang.Thread.dumpThreads(Native Method)&#10;        at java.lang.Thread.getAllStackTraces(Thread.java:1610)&#10;        at org.apache.hadoop.test.TimedOutTestsListener.buildThreadDump(TimedOutTestsListener.java:87)&#10;        at org.apache.hadoop.test.TimedOutTestsListener.buildThreadDiagnosticString(TimedOutTestsListener.java:73)&#10;        at org.apache.hadoop.test.GenericTestUtils.waitFor(GenericTestUtils.java:389)&#10;        at org.apache.hadoop.ozone.MiniOzoneClusterImpl.waitForClusterToBeReady(MiniOzoneClusterImpl.java:149)&#10;        at org.apache.hadoop.hdds.scm.pipeline.TestSCMRestart.init(TestSCMRestart.java:65)&#10;        at sun.reflect.NativeMethodAccessorImpl.invoke0(Native Method)&#10;        at sun.reflect.NativeMethodAccessorImpl.invoke(NativeMethodAccessorImpl.java:62)&#10;        at sun.reflect.DelegatingMethodAccessorImpl.invoke(DelegatingMethodAccessorImpl.java:43)&#10;        at java.lang.reflect.Method.invoke(Method.java:498)&#10;        at org.junit.runners.model.FrameworkMethod$1.runReflectiveCall(FrameworkMethod.java:47)&#10;        at org.junit.internal.runners.model.ReflectiveCallable.run(ReflectiveCallable.java:12)&#10;        at org.junit.runners.model.FrameworkMethod.invokeExplosively(FrameworkMethod.java:44)&#10;        at org.junit.internal.runners.statements.RunBefores.evaluate(RunBefores.java:24)&#10;        at org.junit.internal.runners.statements.RunAfters.evaluate(RunAfters.java:27)&#10;        at org.junit.runners.ParentRunner.run(ParentRunner.java:309)&#10;        at org.apache.maven.surefire.junit4.JUnit4Provider.execute(JUnit4Provider.java:365)&#10;        at org.apache.maven.surefire.junit4.JUnit4Provider.executeWithRerun(JUnit4Provider.java:273)&#10;        at org.apache.maven.surefire.junit4.JUnit4Provider.executeTestSet(JUnit4Provider.java:238)&#10;        at org.apache.maven.surefire.junit4.JUnit4Provider.invoke(JUnit4Provider.java:159)&#10;        at org.apache.maven.surefire.booter.ForkedBooter.invokeProviderInSameClassLoader(ForkedBooter.java:384)&#10;        at org.apache.maven.surefire.booter.ForkedBooter.runSuitesInProcess(ForkedBooter.java:345)&#10;        at org.apache.maven.surefire.booter.ForkedBooter.execute(ForkedBooter.java:126)&#10;        at org.apache.maven.surefire.booter.ForkedBooter.main(ForkedBooter.java:418)&#10;&quot;IPC Server handler 1 on 34339&quot; daemon prio=5 tid=70 timed_waiting&#10;java.lang.Thread.State: TIMED_WAITING&#10;        at sun.misc.Unsafe.park(Native Method)&#10;        at java.util.concurrent.locks.LockSupport.parkNanos(LockSupport.java:215)&#10;        at java.util.concurrent.locks.AbstractQueuedSynchronizer$ConditionObject.awaitNanos(AbstractQueuedSynchronizer.java:2078)&#10;        at java.util.concurrent.LinkedBlockingQueue.poll(LinkedBlockingQueue.java:467)&#10;        at org.apache.hadoop.ipc.CallQueueManager.take(CallQueueManager.java:288)&#10;        at org.apache.hadoop.ipc.Server$Handler.run(Server.java:2668)&#10;&quot;surefire-forkedjvm-ping-30s&quot; daemon prio=5 tid=9 timed_waiting&#10;java.lang.Thread.State: TIMED_WAITING&#10;        at sun.misc.Unsafe.park(Native Method)&#10;        at java.util.concurrent.locks.LockSupport.parkNanos(LockSupport.java:215)&#10;        at java.util.concurrent.locks.AbstractQueuedSynchronizer$ConditionObject.awaitNanos(AbstractQueuedSynchronizer.java:2078)&#10;        at java.util.concurrent.ScheduledThreadPoolExecutor$DelayedWorkQueue.take(ScheduledThreadPoolExecutor.java:1093)&#10;        at java.util.concurrent.ScheduledThreadPoolExecutor$DelayedWorkQueue.take(ScheduledThreadPoolExecutor.java:809)&#10;        at java.util.concurrent.ThreadPoolExecutor.getTask(ThreadPoolExecutor.java:1074)&#10;        at java.util.concurrent.ThreadPoolExecutor.runWorker(ThreadPoolExecutor.java:1134)&#10;        at java.util.concurrent.ThreadPoolExecutor$Worker.run(ThreadPoolExecutor.java:624)&#10;        at java.lang.Thread.run(Thread.java:748)&#10;&quot;pool-46-thread-58&quot;  prio=5 tid=437 in Object.wait()&#10;java.lang.Thread.State: WAITING (on object monitor)&#10;        at sun.misc.Unsafe.park(Native Method)&#10;        at java.util.concurrent.locks.LockSupport.park(LockSupport.java:175)&#10;        at java.util.concurrent.locks.AbstractQueuedSynchronizer$ConditionObject.await(AbstractQueuedSynchronizer.java:2039)&#10;        at java.util.concurrent.ArrayBlockingQueue.take(ArrayBlockingQueue.java:403)&#10;        at java.util.concurrent.ThreadPoolExecutor.getTask(ThreadPoolExecutor.java:1074)&#10;        at java.util.concurrent.ThreadPoolExecutor.runWorker(ThreadPoolExecutor.java:1134)&#10;        at java.util.concurrent.ThreadPoolExecutor$Worker.run(ThreadPoolExecutor.java:624)&#10;        at java.lang.Thread.run(Thread.java:748)&#10;&quot;IPC Server handler 7 on 38234&quot; daemon prio=5 tid=121 timed_waiting&#10;java.lang.Thread.State: TIMED_WAITING&#10;        at sun.misc.Unsafe.park(Native Method)&#10;        at java.util.concurrent.locks.LockSupport.parkNanos(LockSupport.java:215)&#10;        at java.util.concurrent.locks.AbstractQueuedSynchronizer$ConditionObject.awaitNanos(AbstractQueuedSynchronizer.java:2078)&#10;        at java.util.concurrent.LinkedBlockingQueue.poll(LinkedBlockingQueue.java:467)&#10;        at org.apache.hadoop.ipc.CallQueueManager.take(CallQueueManager.java:288)&#10;        at org.apache.hadoop.ipc.Server$Handler.run(Server.java:2668)&#10;&quot;metrics-hadoop-metrics2-reporter-33-thread-1&quot; daemon prio=5 tid=694 timed_waiting&#10;java.lang.Thread.State: TIMED_WAITING&#10;        at sun.misc.Unsafe.park(Native Method)&#10;        at java.util.concurrent.locks.LockSupport.parkNanos(LockSupport.java:215)&#10;        at java.util.concurrent.locks.AbstractQueuedSynchronizer$ConditionObject.awaitNanos(AbstractQueuedSynchronizer.java:2078)&#10;        at java.util.concurrent.ScheduledThreadPoolExecutor$DelayedWorkQueue.take(ScheduledThreadPoolExecutor.java:1093)&#10;        at java.util.concurrent.ScheduledThreadPoolExecutor$DelayedWorkQueue.take(ScheduledThreadPoolExecutor.java:809)&#10;        at java.util.concurrent.ThreadPoolExecutor.getTask(ThreadPoolExecutor.java:1074)&#10;        at java.util.concurrent.ThreadPoolExecutor.runWorker(ThreadPoolExecutor.java:1134)&#10;        at java.util.concurrent.ThreadPoolExecutor$Worker.run(ThreadPoolExecutor.java:624)&#10;        at java.lang.Thread.run(Thread.java:748)&#10;&quot;Thread-207&quot; daemon prio=5 tid=557 timed_waiting&#10;java.lang.Thread.State: TIMED_WAITING&#10;        at sun.misc.Unsafe.park(Native Method)&#10;        at java.util.concurrent.locks.LockSupport.parkNanos(LockSupport.java:215)&#10;        at java.util.concurrent.locks.AbstractQueuedSynchronizer$ConditionObject.awaitNanos(AbstractQueuedSynchronizer.java:2078)&#10;        at java.util.concurrent.ArrayBlockingQueue.poll(ArrayBlockingQueue.java:418)&#10;        at org.apache.ratis.server.impl.LeaderState$EventQueue.poll(LeaderState.java:115)&#10;        at org.apache.ratis.server.impl.LeaderState$EventProcessor.run(LeaderState.java:467)&#10;&quot;pool-56-thread-47&quot;  prio=5 tid=486 in Object.wait()&#10;java.lang.Thread.State: WAITING (on object monitor)&#10;        at sun.misc.Unsafe.park(Native Method)&#10;        at java.util.concurrent.locks.LockSupport.park(LockSupport.java:175)&#10;        at java.util.concurrent.locks.AbstractQueuedSynchronizer$ConditionObject.await(AbstractQueuedSynchronizer.java:2039)&#10;        at java.util.concurrent.ArrayBlockingQueue.take(ArrayBlockingQueue.java:403)&#10;        at java.util.concurrent.ThreadPoolExecutor.getTask(ThreadPoolExecutor.java:1074)&#10;        at java.util.concurrent.ThreadPoolExecutor.runWorker(ThreadPoolExecutor.java:1134)&#10;        at java.util.concurrent.ThreadPoolExecutor$Worker.run(ThreadPoolExecutor.java:624)&#10;        at java.lang.Thread.run(Thread.java:748)&#10;&quot;pool-36-thread-47&quot;  prio=5 tid=352 in Object.wait()&#10;java.lang.Thread.State: WAITING (on object monitor)&#10;        at sun.misc.Unsafe.park(Native Method)&#10;        at java.util.concurrent.locks.LockSupport.park(LockSupport.java:175)&#10;        at java.util.concurrent.locks.AbstractQueuedSynchronizer$ConditionObject.await(AbstractQueuedSynchronizer.java:2039)&#10;        at java.util.concurrent.ArrayBlockingQueue.take(ArrayBlockingQueue.java:403)&#10;        at java.util.concurrent.ThreadPoolExecutor.getTask(ThreadPoolExecutor.java:1074)&#10;        at java.util.concurrent.ThreadPoolExecutor.runWorker(ThreadPoolExecutor.java:1134)&#10;        at java.util.concurrent.ThreadPoolExecutor$Worker.run(ThreadPoolExecutor.java:624)&#10;        at java.lang.Thread.run(Thread.java:748)&#10;&quot;org.eclipse.jetty.server.session.HashSessionManager@73877e19Timer&quot; daemon prio=5 tid=145 timed_waiting&#10;java.lang.Thread.State: TIMED_WAITING&#10;        at sun.misc.Unsafe.park(Native Method)&#10;        at java.util.concurrent.locks.LockSupport.parkNanos(LockSupport.java:215)&#10;        at java.util.concurrent.locks.AbstractQueuedSynchronizer$ConditionObject.awaitNanos(AbstractQueuedSynchronizer.java:2078)&#10;        at java.util.concurrent.ScheduledThreadPoolExecutor$DelayedWorkQueue.take(ScheduledThreadPoolExecutor.java:1093)&#10;        at java.util.concurrent.ScheduledThreadPoolExecutor$DelayedWorkQueue.take(ScheduledThreadPoolExecutor.java:809)&#10;        at java.util.concurrent.ThreadPoolExecutor.getTask(ThreadPoolExecutor.java:1074)&#10;        at java.util.concurrent.ThreadPoolExecutor.runWorker(ThreadPoolExecutor.java:1134)&#10;        at java.util.concurrent.ThreadPoolExecutor$Worker.run(ThreadPoolExecutor.java:624)&#10;        at java.lang.Thread.run(Thread.java:748)&#10;&quot;pool-56-thread-25&quot;  prio=5 tid=464 in Object.wait()&#10;java.lang.Thread.State: WAITING (on object monitor)&#10;        at sun.misc.Unsafe.park(Native Method)&#10;        at java.util.concurrent.locks.LockSupport.park(LockSupport.java:175)&#10;        at java.util.concurrent.locks.AbstractQueuedSynchronizer$ConditionObject.await(AbstractQueuedSynchronizer.java:2039)&#10;        at java.util.concurrent.ArrayBlockingQueue.take(ArrayBlockingQueue.java:403)&#10;        at java.util.concurrent.ThreadPoolExecutor.getTask(ThreadPoolExecutor.java:1074)&#10;        at java.util.concurrent.ThreadPoolExecutor.runWorker(ThreadPoolExecutor.java:1134)&#10;        at java.util.concurrent.ThreadPoolExecutor$Worker.run(ThreadPoolExecutor.java:624)&#10;        at java.lang.Thread.run(Thread.java:748)&#10;&quot;pool-46-thread-5&quot;  prio=5 tid=384 in Object.wait()&#10;java.lang.Thread.State: WAITING (on object monitor)&#10;        at sun.misc.Unsafe.park(Native Method)&#10;        at java.util.concurrent.locks.LockSupport.park(LockSupport.java:175)&#10;        at java.util.concurrent.locks.AbstractQueuedSynchronizer$ConditionObject.await(AbstractQueuedSynchronizer.java:2039)&#10;        at java.util.concurrent.ArrayBlockingQueue.take(ArrayBlockingQueue.java:403)&#10;        at java.util.concurrent.ThreadPoolExecutor.getTask(ThreadPoolExecutor.java:1074)&#10;        at java.util.concurrent.ThreadPoolExecutor.runWorker(ThreadPoolExecutor.java:1134)&#10;        at java.util.concurrent.ThreadPoolExecutor$Worker.run(ThreadPoolExecutor.java:624)&#10;        at java.lang.Thread.run(Thread.java:748)&#10;&quot;40d2d32e-dd25-45df-8070-f9dc56ccf0a7@group-55D76DFF5FC3-SegmentedRaftLogWorker&quot;  prio=5 tid=525 timed_waiting&#10;java.lang.Thread.State: TIMED_WAITING&#10;        at sun.misc.Unsafe.park(Native Method)&#10;        at java.util.concurrent.locks.LockSupport.parkNanos(LockSupport.java:215)&#10;        at java.util.concurrent.locks.AbstractQueuedSynchronizer$ConditionObject.awaitNanos(AbstractQueuedSynchronizer.java:2078)&#10;        at org.apache.ratis.util.DataBlockingQueue.poll(DataBlockingQueue.java:137)&#10;        at org.apache.ratis.server.raftlog.segmented.SegmentedRaftLogWorker.run(SegmentedRaftLogWorker.java:282)&#10;        at java.lang.Thread.run(Thread.java:748)&#10;&quot;qtp1713847712-220&quot; daemon prio=5 tid=220 timed_waiting&#10;java.lang.Thread.State: TIMED_WAITING&#10;        at sun.misc.Unsafe.park(Native Method)&#10;        at java.util.concurrent.locks.LockSupport.parkNanos(LockSupport.java:215)&#10;        at java.util.concurrent.locks.AbstractQueuedSynchronizer$ConditionObject.awaitNanos(AbstractQueuedSynchronizer.java:2078)&#10;        at org.eclipse.jetty.util.BlockingArrayQueue.poll(BlockingArrayQueue.java:392)&#10;        at org.eclipse.jetty.util.thread.QueuedThreadPool.idleJobPoll(QueuedThreadPool.java:563)&#10;        at org.eclipse.jetty.util.thread.QueuedThreadPool.access$800(QueuedThreadPool.java:48)&#10;        at org.eclipse.jetty.util.thread.QueuedThreadPool$2.run(QueuedThreadPool.java:626)&#10;        at java.lang.Thread.run(Thread.java:748)&#10;&quot;Datanode State Machine Thread - 0&quot; daemon prio=5 tid=204 timed_waiting&#10;java.lang.Thread.State: TIMED_WAITING&#10;        at sun.misc.Unsafe.park(Native Method)&#10;        at java.util.concurrent.locks.LockSupport.parkNanos(LockSupport.java:215)&#10;        at java.util.concurrent.SynchronousQueue$TransferStack.awaitFulfill(SynchronousQueue.java:460)&#10;        at java.util.concurrent.SynchronousQueue$TransferStack.transfer(SynchronousQueue.java:362)&#10;        at java.util.concurrent.SynchronousQueue.poll(SynchronousQueue.java:941)&#10;        at java.util.concurrent.ThreadPoolExecutor.getTask(ThreadPoolExecutor.java:1073)&#10;        at java.util.concurrent.ThreadPoolExecutor.runWorker(ThreadPoolExecutor.java:1134)&#10;        at java.util.concurrent.ThreadPoolExecutor$Worker.run(ThreadPoolExecutor.java:624)&#10;        at java.lang.Thread.run(Thread.java:748)&#10;&quot;org.eclipse.jetty.server.session.HashSessionManager@4c0884e8Timer&quot; daemon prio=5 tid=144 timed_waiting&#10;java.lang.Thread.State: TIMED_WAITING&#10;        at sun.misc.Unsafe.park(Native Method)&#10;        at java.util.concurrent.locks.LockSupport.parkNanos(LockSupport.java:215)&#10;        at java.util.concurrent.locks.AbstractQueuedSynchronizer$ConditionObject.awaitNanos(AbstractQueuedSynchronizer.java:2078)&#10;        at java.util.concurrent.ScheduledThreadPoolExecutor$DelayedWorkQueue.take(ScheduledThreadPoolExecutor.java:1093)&#10;        at java.util.concurrent.ScheduledThreadPoolExecutor$DelayedWorkQueue.take(ScheduledThreadPoolExecutor.java:809)&#10;        at java.util.concurrent.ThreadPoolExecutor.getTask(ThreadPoolExecutor.java:1074)&#10;        at java.util.concurrent.ThreadPoolExecutor.runWorker(ThreadPoolExecutor.java:1134)&#10;        at java.util.concurrent.ThreadPoolExecutor$Worker.run(ThreadPoolExecutor.java:624)&#10;        at java.lang.Thread.run(Thread.java:748)&#10;&quot;pool-26-thread-8&quot;  prio=5 tid=274 in Object.wait()&#10;java.lang.Thread.State: WAITING (on object monitor)&#10;        at sun.misc.Unsafe.park(Native Method)&#10;        at java.util.concurrent.locks.LockSupport.park(LockSupport.java:175)&#10;        at java.util.concurrent.locks.AbstractQueuedSynchronizer$ConditionObject.await(AbstractQueuedSynchronizer.java:2039)&#10;        at java.util.concurrent.ArrayBlockingQueue.take(ArrayBlockingQueue.java:403)&#10;        at java.util.concurrent.ThreadPoolExecutor.getTask(ThreadPoolExecutor.java:1074)&#10;        at java.util.concurrent.ThreadPoolExecutor.runWorker(ThreadPoolExecutor.java:1134)&#10;        at java.util.concurrent.ThreadPoolExecutor$Worker.run(ThreadPoolExecutor.java:624)&#10;        at java.lang.Thread.run(Thread.java:748)&#10;&quot;pool-46-thread-54&quot;  prio=5 tid=433 in Object.wait()&#10;java.lang.Thread.State: WAITING (on object monitor)&#10;        at sun.misc.Unsafe.park(Native Method)&#10;        at java.util.concurrent.locks.LockSupport.park(LockSupport.java:175)&#10;        at java.util.concurrent.locks.AbstractQueuedSynchronizer$ConditionObject.await(AbstractQueuedSynchronizer.java:2039)&#10;        at java.util.concurrent.ArrayBlockingQueue.take(ArrayBlockingQueue.java:403)&#10;        at java.util.concurrent.ThreadPoolExecutor.getTask(ThreadPoolExecutor.java:1074)&#10;        at java.util.concurrent.ThreadPoolExecutor.runWorker(ThreadPoolExecutor.java:1134)&#10;        at java.util.concurrent.ThreadPoolExecutor$Worker.run(ThreadPoolExecutor.java:624)&#10;        at java.lang.Thread.run(Thread.java:748)&#10;&quot;Signal Dispatcher&quot; daemon prio=9 tid=4 runnable&#10;java.lang.Thread.State: RUNNABLE&#10;&quot;metrics-hadoop-metrics2-reporter-39-thread-1&quot; daemon prio=5 tid=727 timed_waiting&#10;java.lang.Thread.State: TIMED_WAITING&#10;        at sun.misc.Unsafe.park(Native Method)&#10;        at java.util.concurrent.locks.LockSupport.parkNanos(LockSupport.java:215)&#10;        at java.util.concurrent.locks.AbstractQueuedSynchronizer$ConditionObject.awaitNanos(AbstractQueuedSynchronizer.java:2078)&#10;        at java.util.concurrent.ScheduledThreadPoolExecutor$DelayedWorkQueue.take(ScheduledThreadPoolExecutor.java:1093)&#10;        at java.util.concurrent.ScheduledThreadPoolExecutor$DelayedWorkQueue.take(ScheduledThreadPoolExecutor.java:809)&#10;        at java.util.concurrent.ThreadPoolExecutor.getTask(ThreadPoolExecutor.java:1074)&#10;        at java.util.concurrent.ThreadPoolExecutor.runWorker(ThreadPoolExecutor.java:1134)&#10;        at java.util.concurrent.ThreadPoolExecutor$Worker.run(ThreadPoolExecutor.java:624)&#10;        at java.lang.Thread.run(Thread.java:748)&#10;&quot;IPC Server handler 1 on 38234&quot; daemon prio=5 tid=115 timed_waiting&#10;java.lang.Thread.State: TIMED_WAITING&#10;        at sun.misc.Unsafe.park(Native Method)&#10;        at java.util.concurrent.locks.LockSupport.parkNanos(LockSupport.java:215)&#10;        at java.util.concurrent.locks.AbstractQueuedSynchronizer$ConditionObject.awaitNanos(AbstractQueuedSynchronizer.java:2078)&#10;        at java.util.concurrent.LinkedBlockingQueue.poll(LinkedBlockingQueue.java:467)&#10;        at org.apache.hadoop.ipc.CallQueueManager.take(CallQueueManager.java:288)&#10;        at org.apache.hadoop.ipc.Server$Handler.run(Server.java:2668)&#10;&quot;metrics-hadoop-metrics2-reporter-18-thread-1&quot; daemon prio=5 tid=565 timed_waiting&#10;java.lang.Thread.State: TIMED_WAITING&#10;        at sun.misc.Unsafe.park(Native Method)&#10;        at java.util.concurrent.locks.LockSupport.parkNanos(LockSupport.java:215)&#10;        at java.util.concurrent.locks.AbstractQueuedSynchronizer$ConditionObject.awaitNanos(AbstractQueuedSynchronizer.java:2078)&#10;        at java.util.concurrent.ScheduledThreadPoolExecutor$DelayedWorkQueue.take(ScheduledThreadPoolExecutor.java:1093)&#10;        at java.util.concurrent.ScheduledThreadPoolExecutor$DelayedWorkQueue.take(ScheduledThreadPoolExecutor.java:809)&#10;        at java.util.concurrent.ThreadPoolExecutor.getTask(ThreadPoolExecutor.java:1074)&#10;        at java.util.concurrent.ThreadPoolExecutor.runWorker(ThreadPoolExecutor.java:1134)&#10;        at java.util.concurrent.ThreadPoolExecutor$Worker.run(ThreadPoolExecutor.java:624)&#10;        at java.lang.Thread.run(Thread.java:748)&#10;&quot;KeyDeletingService#1&quot; daemon prio=5 tid=124 in Object.wait()&#10;java.lang.Thread.State: WAITING (on object monitor)&#10;        at sun.misc.Unsafe.park(Native Method)&#10;        at java.util.concurrent.locks.LockSupport.park(LockSupport.java:175)&#10;        at java.util.concurrent.locks.AbstractQueuedSynchronizer$ConditionObject.await(AbstractQueuedSynchronizer.java:2039)&#10;        at java.util.concurrent.ScheduledThreadPoolExecutor$DelayedWorkQueue.take(ScheduledThreadPoolExecutor.java:1088)&#10;        at java.util.concurrent.ScheduledThreadPoolExecutor$DelayedWorkQueue.take(ScheduledThreadPoolExecutor.java:809)&#10;        at java.util.concurrent.ThreadPoolExecutor.getTask(ThreadPoolExecutor.java:1074)&#10;        at java.util.concurrent.ThreadPoolExecutor.runWorker(ThreadPoolExecutor.java:1134)&#10;        at java.util.concurrent.ThreadPoolExecutor$Worker.run(ThreadPoolExecutor.java:624)&#10;        at java.lang.Thread.run(Thread.java:748)&#10;&quot;pool-36-thread-18&quot;  prio=5 tid=294 in Object.wait()&#10;java.lang.Thread.State: WAITING (on object monitor)&#10;        at sun.misc.Unsafe.park(Native Method)&#10;        at java.util.concurrent.locks.LockSupport.park(LockSupport.java:175)&#10;        at java.util.concurrent.locks.AbstractQueuedSynchronizer$ConditionObject.await(AbstractQueuedSynchronizer.java:2039)&#10;        at java.util.concurrent.ArrayBlockingQueue.take(ArrayBlockingQueue.java:403)&#10;        at java.util.concurrent.ThreadPoolExecutor.getTask(ThreadPoolExecutor.java:1074)&#10;        at java.util.concurrent.ThreadPoolExecutor.runWorker(ThreadPoolExecutor.java:1134)&#10;        at java.util.concurrent.ThreadPoolExecutor$Worker.run(ThreadPoolExecutor.java:624)&#10;        at java.lang.Thread.run(Thread.java:748)&#10;&quot;java.util.concurrent.ThreadPoolExecutor$Worker@75a763b[State = -1, empty queue]&quot; daemon prio=5 tid=734 timed_waiting&#10;java.lang.Thread.State: TIMED_WAITING&#10;        at sun.misc.Unsafe.park(Native Method)&#10;        at java.util.concurrent.locks.LockSupport.parkNanos(LockSupport.java:215)&#10;        at java.util.concurrent.locks.AbstractQueuedSynchronizer$ConditionObject.awaitNanos(AbstractQueuedSynchronizer.java:2078)&#10;        at java.util.concurrent.ScheduledThreadPoolExecutor$DelayedWorkQueue.take(ScheduledThreadPoolExecutor.java:1093)&#10;        at java.util.concurrent.ScheduledThreadPoolExecutor$DelayedWorkQueue.take(ScheduledThreadPoolExecutor.java:809)&#10;        at java.util.concurrent.ThreadPoolExecutor.getTask(ThreadPoolExecutor.java:1074)&#10;        at java.util.concurrent.ThreadPoolExecutor.runWorker(ThreadPoolExecutor.java:1134)&#10;        at java.util.concurrent.ThreadPoolExecutor$Worker.run(ThreadPoolExecutor.java:624)&#10;        at java.lang.Thread.run(Thread.java:748)&#10;&quot;pool-26-thread-12&quot;  prio=5 tid=283 in Object.wait()&#10;java.lang.Thread.State: WAITING (on object monitor)&#10;        at sun.misc.Unsafe.park(Native Method)&#10;        at java.util.concurrent.locks.LockSupport.park(LockSupport.java:175)&#10;        at java.util.concurrent.locks.AbstractQueuedSynchronizer$ConditionObject.await(AbstractQueuedSynchronizer.java:2039)&#10;        at java.util.concurrent.ArrayBlockingQueue.take(ArrayBlockingQueue.java:403)&#10;        at java.util.concurrent.ThreadPoolExecutor.getTask(ThreadPoolExecutor.java:1074)&#10;        at java.util.concurrent.ThreadPoolExecutor.runWorker(ThreadPoolExecutor.java:1134)&#10;        at java.util.concurrent.ThreadPoolExecutor$Worker.run(ThreadPoolExecutor.java:624)&#10;        at java.lang.Thread.run(Thread.java:748)&#10;&quot;IPC Server handler 5 on 34339&quot; daemon prio=5 tid=74 timed_waiting&#10;java.lang.Thread.State: TIMED_WAITING&#10;        at sun.misc.Unsafe.park(Native Method)&#10;        at java.util.concurrent.locks.LockSupport.parkNanos(LockSupport.java:215)&#10;        at java.util.concurrent.locks.AbstractQueuedSynchronizer$ConditionObject.awaitNanos(AbstractQueuedSynchronizer.java:2078)&#10;        at java.util.concurrent.LinkedBlockingQueue.poll(LinkedBlockingQueue.java:467)&#10;        at org.apache.hadoop.ipc.CallQueueManager.take(CallQueueManager.java:288)&#10;        at org.apache.hadoop.ipc.Server$Handler.run(Server.java:2668)&#10;&quot;Periodic HDDS volume checker&quot;  prio=5 tid=206 timed_waiting&#10;java.lang.Thread.State: TIMED_WAITING&#10;        at sun.misc.Unsafe.park(Native Method)&#10;        at java.util.concurrent.locks.LockSupport.parkNanos(LockSupport.java:215)&#10;        at java.util.concurrent.locks.AbstractQueuedSynchronizer$ConditionObject.awaitNanos(AbstractQueuedSynchronizer.java:2078)&#10;        at java.util.concurrent.ScheduledThreadPoolExecutor$DelayedWorkQueue.take(ScheduledThreadPoolExecutor.java:1093)&#10;        at java.util.concurrent.ScheduledThreadPoolExecutor$DelayedWorkQueue.take(ScheduledThreadPoolExecutor.java:809)&#10;        at java.util.concurrent.ThreadPoolExecutor.getTask(ThreadPoolExecutor.java:1074)&#10;        at java.util.concurrent.ThreadPoolExecutor.runWorker(ThreadPoolExecutor.java:1134)&#10;        at java.util.concurrent.ThreadPoolExecutor$Worker.run(ThreadPoolExecutor.java:624)&#10;        at java.lang.Thread.run(Thread.java:748)&#10;&quot;metrics-hadoop-metrics2-reporter-5-thread-1&quot; daemon prio=5 tid=536 timed_waiting&#10;java.lang.Thread.State: TIMED_WAITING&#10;        at sun.misc.Unsafe.park(Native Method)&#10;        at java.util.concurrent.locks.LockSupport.parkNanos(LockSupport.java:215)&#10;        at java.util.concurrent.locks.AbstractQueuedSynchronizer$ConditionObject.awaitNanos(AbstractQueuedSynchronizer.java:2078)&#10;        at java.util.concurrent.ScheduledThreadPoolExecutor$DelayedWorkQueue.take(ScheduledThreadPoolExecutor.java:1093)&#10;        at java.util.concurrent.ScheduledThreadPoolExecutor$DelayedWorkQueue.take(ScheduledThreadPoolExecutor.java:809)&#10;        at java.util.concurrent.ThreadPoolExecutor.getTask(ThreadPoolExecutor.java:1074)&#10;        at java.util.concurrent.ThreadPoolExecutor.runWorker(ThreadPoolExecutor.java:1134)&#10;        at java.util.concurrent.ThreadPoolExecutor$Worker.run(ThreadPoolExecutor.java:624)&#10;        at java.lang.Thread.run(Thread.java:748)&#10;&quot;pool-27-thread-1&quot;  prio=5 tid=523 in Object.wait()&#10;java.lang.Thread.State: WAITING (on object monitor)&#10;        at sun.misc.Unsafe.park(Native Method)&#10;        at java.util.concurrent.locks.LockSupport.park(LockSupport.java:175)&#10;        at java.util.concurrent.locks.AbstractQueuedSynchronizer$ConditionObject.await(AbstractQueuedSynchronizer.java:2039)&#10;        at java.util.concurrent.LinkedBlockingQueue.take(LinkedBlockingQueue.java:442)&#10;        at java.util.concurrent.ThreadPoolExecutor.getTask(ThreadPoolExecutor.java:1074)&#10;        at java.util.concurrent.ThreadPoolExecutor.runWorker(ThreadPoolExecutor.java:1134)&#10;        at java.util.concurrent.ThreadPoolExecutor$Worker.run(ThreadPoolExecutor.java:624)&#10;        at java.lang.Thread.run(Thread.java:748)&#10;&quot;IPC Server handler 2 on 34819&quot; daemon prio=5 tid=31 timed_waiting&#10;java.lang.Thread.State: TIMED_WAITING&#10;        at sun.misc.Unsafe.park(Native Method)&#10;        at java.util.concurrent.locks.LockSupport.parkNanos(LockSupport.java:215)&#10;        at java.util.concurrent.locks.AbstractQueuedSynchronizer$ConditionObject.awaitNanos(AbstractQueuedSynchronizer.java:2078)&#10;        at java.util.concurrent.LinkedBlockingQueue.poll(LinkedBlockingQueue.java:467)&#10;        at org.apache.hadoop.ipc.CallQueueManager.take(CallQueueManager.java:288)&#10;        at org.apache.hadoop.ipc.Server$Handler.run(Server.java:2668)&#10;&quot;IPC Server handler 16 on 34339&quot; daemon prio=5 tid=85 timed_waiting&#10;java.lang.Thread.State: TIMED_WAITING&#10;        at sun.misc.Unsafe.park(Native Method)&#10;        at java.util.concurrent.locks.LockSupport.parkNanos(LockSupport.java:215)&#10;        at java.util.concurrent.locks.AbstractQueuedSynchronizer$ConditionObject.awaitNanos(AbstractQueuedSynchronizer.java:2078)&#10;        at java.util.concurrent.LinkedBlockingQueue.poll(LinkedBlockingQueue.java:467)&#10;        at org.apache.hadoop.ipc.CallQueueManager.take(CallQueueManager.java:288)&#10;        at org.apache.hadoop.ipc.Server$Handler.run(Server.java:2668)&#10;&quot;IPC Server handler 16 on 40088&quot; daemon prio=5 tid=65 timed_waiting&#10;java.lang.Thread.State: TIMED_WAITING&#10;        at sun.misc.Unsafe.park(Native Method)&#10;        at java.util.concurrent.locks.LockSupport.parkNanos(LockSupport.java:215)&#10;        at java.util.concurrent.locks.AbstractQueuedSynchronizer$ConditionObject.awaitNanos(AbstractQueuedSynchronizer.java:2078)&#10;        at java.util.concurrent.LinkedBlockingQueue.poll(LinkedBlockingQueue.java:467)&#10;        at org.apache.hadoop.ipc.CallQueueManager.take(CallQueueManager.java:288)&#10;        at org.apache.hadoop.ipc.Server$Handler.run(Server.java:2668)&#10;&quot;IPC Server handler 9 on 34339&quot; daemon prio=5 tid=78 timed_waiting&#10;java.lang.Thread.State: TIMED_WAITING&#10;        at sun.misc.Unsafe.park(Native Method)&#10;        at java.util.concurrent.locks.LockSupport.parkNanos(LockSupport.java:215)&#10;        at java.util.concurrent.locks.AbstractQueuedSynchronizer$ConditionObject.awaitNanos(AbstractQueuedSynchronizer.java:2078)&#10;        at java.util.concurrent.LinkedBlockingQueue.poll(LinkedBlockingQueue.java:467)&#10;        at org.apache.hadoop.ipc.CallQueueManager.take(CallQueueManager.java:288)&#10;        at org.apache.hadoop.ipc.Server$Handler.run(Server.java:2668)&#10;&quot;IPC Server handler 2 on 40088&quot; daemon prio=5 tid=51 timed_waiting&#10;java.lang.Thread.State: TIMED_WAITING&#10;        at sun.misc.Unsafe.park(Native Method)&#10;        at java.util.concurrent.locks.LockSupport.parkNanos(LockSupport.java:215)&#10;        at java.util.concurrent.locks.AbstractQueuedSynchronizer$ConditionObject.awaitNanos(AbstractQueuedSynchronizer.java:2078)&#10;        at java.util.concurrent.LinkedBlockingQueue.poll(LinkedBlockingQueue.java:467)&#10;        at org.apache.hadoop.ipc.CallQueueManager.take(CallQueueManager.java:288)&#10;        at org.apache.hadoop.ipc.Server$Handler.run(Server.java:2668)&#10;&quot;qtp7829163-96&quot; daemon prio=5 tid=96 timed_waiting&#10;java.lang.Thread.State: TIMED_WAITING&#10;        at sun.misc.Unsafe.park(Native Method)&#10;        at java.util.concurrent.locks.LockSupport.parkNanos(LockSupport.java:215)&#10;        at java.util.concurrent.locks.AbstractQueuedSynchronizer$ConditionObject.awaitNanos(AbstractQueuedSynchronizer.java:2078)&#10;        at org.eclipse.jetty.util.BlockingArrayQueue.poll(BlockingArrayQueue.java:392)&#10;        at org.eclipse.jetty.util.thread.QueuedThreadPool.idleJobPoll(QueuedThreadPool.java:563)&#10;        at org.eclipse.jetty.util.thread.QueuedThreadPool.access$800(QueuedThreadPool.java:48)&#10;        at org.eclipse.jetty.util.thread.QueuedThreadPool$2.run(QueuedThreadPool.java:626)&#10;        at java.lang.Thread.run(Thread.java:748)&#10;&quot;metrics-hadoop-metrics2-reporter-12-thread-1&quot; daemon prio=5 tid=550 timed_waiting&#10;java.lang.Thread.State: TIMED_WAITING&#10;        at sun.misc.Unsafe.park(Native Method)&#10;        at java.util.concurrent.locks.LockSupport.parkNanos(LockSupport.java:215)&#10;        at java.util.concurrent.locks.AbstractQueuedSynchronizer$ConditionObject.awaitNanos(AbstractQueuedSynchronizer.java:2078)&#10;        at java.util.concurrent.ScheduledThreadPoolExecutor$DelayedWorkQueue.take(ScheduledThreadPoolExecutor.java:1093)&#10;        at java.util.concurrent.ScheduledThreadPoolExecutor$DelayedWorkQueue.take(ScheduledThreadPoolExecutor.java:809)&#10;        at java.util.concurrent.ThreadPoolExecutor.getTask(ThreadPoolExecutor.java:1074)&#10;        at java.util.concurrent.ThreadPoolExecutor.runWorker(ThreadPoolExecutor.java:1134)&#10;        at java.util.concurrent.ThreadPoolExecutor$Worker.run(ThreadPoolExecutor.java:624)&#10;        at java.lang.Thread.run(Thread.java:748)&#10;&quot;pool-46-thread-48&quot;  prio=5 tid=427 in Object.wait()&#10;java.lang.Thread.State: WAITING (on object monitor)&#10;        at sun.misc.Unsafe.park(Native Method)&#10;        at java.util.concurrent.locks.LockSupport.park(LockSupport.java:175)&#10;        at java.util.concurrent.locks.AbstractQueuedSynchronizer$ConditionObject.await(AbstractQueuedSynchronizer.java:2039)&#10;        at java.util.concurrent.ArrayBlockingQueue.take(ArrayBlockingQueue.java:403)&#10;        at java.util.concurrent.ThreadPoolExecutor.getTask(ThreadPoolExecutor.java:1074)&#10;        at java.util.concurrent.ThreadPoolExecutor.runWorker(ThreadPoolExecutor.java:1134)&#10;        at java.util.concurrent.ThreadPoolExecutor$Worker.run(ThreadPoolExecutor.java:624)&#10;        at java.lang.Thread.run(Thread.java:748)&#10;&quot;pool-36-thread-12&quot;  prio=5 tid=282 in Object.wait()&#10;java.lang.Thread.State: WAITING (on object monitor)&#10;        at sun.misc.Unsafe.park(Native Method)&#10;        at java.util.concurrent.locks.LockSupport.park(LockSupport.java:175)&#10;        at java.util.concurrent.locks.AbstractQueuedSynchronizer$ConditionObject.await(AbstractQueuedSynchronizer.java:2039)&#10;        at java.util.concurrent.ArrayBlockingQueue.take(ArrayBlockingQueue.java:403)&#10;        at java.util.concurrent.ThreadPoolExecutor.getTask(ThreadPoolExecutor.java:1074)&#10;        at java.util.concurrent.ThreadPoolExecutor.runWorker(ThreadPoolExecutor.java:1134)&#10;        at java.util.concurrent.ThreadPoolExecutor$Worker.run(ThreadPoolExecutor.java:624)&#10;        at java.lang.Thread.run(Thread.java:748)&#10;&quot;pool-46-thread-53&quot;  prio=5 tid=432 in Object.wait()&#10;java.lang.Thread.State: WAITING (on object monitor)&#10;        at sun.misc.Unsafe.park(Native Method)&#10;        at java.util.concurrent.locks.LockSupport.park(LockSupport.java:175)&#10;        at java.util.concurrent.locks.AbstractQueuedSynchronizer$ConditionObject.await(AbstractQueuedSynchronizer.java:2039)&#10;        at java.util.concurrent.ArrayBlockingQueue.take(ArrayBlockingQueue.java:403)&#10;        at java.util.concurrent.ThreadPoolExecutor.getTask(ThreadPoolExecutor.java:1074)&#10;        at java.util.concurrent.ThreadPoolExecutor.runWorker(ThreadPoolExecutor.java:1134)&#10;        at java.util.concurrent.ThreadPoolExecutor$Worker.run(ThreadPoolExecutor.java:624)&#10;        at java.lang.Thread.run(Thread.java:748)&#10;&quot;qtp206310209-141&quot; daemon prio=5 tid=141 timed_waiting&#10;java.lang.Thread.State: TIMED_WAITING&#10;        at sun.misc.Unsafe.park(Native Method)&#10;        at java.util.concurrent.locks.LockSupport.parkNanos(LockSupport.java:215)&#10;        at java.util.concurrent.locks.AbstractQueuedSynchronizer$ConditionObject.awaitNanos(AbstractQueuedSynchronizer.java:2078)&#10;        at org.eclipse.jetty.util.BlockingArrayQueue.poll(BlockingArrayQueue.java:392)&#10;        at org.eclipse.jetty.util.thread.QueuedThreadPool.idleJobPoll(QueuedThreadPool.java:563)&#10;        at org.eclipse.jetty.util.thread.QueuedThreadPool.access$800(QueuedThreadPool.java:48)&#10;        at org.eclipse.jetty.util.thread.QueuedThreadPool$2.run(QueuedThreadPool.java:626)&#10;        at java.lang.Thread.run(Thread.java:748)&#10;&quot;IPC Server handler 6 on 34819&quot; daemon prio=5 tid=35 timed_waiting&#10;java.lang.Thread.State: TIMED_WAITING&#10;        at sun.misc.Unsafe.park(Native Method)&#10;        at java.util.concurrent.locks.LockSupport.parkNanos(LockSupport.java:215)&#10;        at java.util.concurrent.locks.AbstractQueuedSynchronizer$ConditionObject.awaitNanos(AbstractQueuedSynchronizer.java:2078)&#10;        at java.util.concurrent.LinkedBlockingQueue.poll(LinkedBlockingQueue.java:467)&#10;        at org.apache.hadoop.ipc.CallQueueManager.take(CallQueueManager.java:288)&#10;        at org.apache.hadoop.ipc.Server$Handler.run(Server.java:2668)&#10;&quot;metrics-hadoop-metrics2-reporter-21-thread-1&quot; daemon prio=5 tid=578 timed_waiting&#10;java.lang.Thread.State: TIMED_WAITING&#10;        at sun.misc.Unsafe.park(Native Method)&#10;        at java.util.concurrent.locks.LockSupport.parkNanos(LockSupport.java:215)&#10;        at java.util.concurrent.locks.AbstractQueuedSynchronizer$ConditionObject.awaitNanos(AbstractQueuedSynchronizer.java:2078)&#10;        at java.util.concurrent.ScheduledThreadPoolExecutor$DelayedWorkQueue.take(ScheduledThreadPoolExecutor.java:1093)&#10;        at java.util.concurrent.ScheduledThreadPoolExecutor$DelayedWorkQueue.take(ScheduledThreadPoolExecutor.java:809)&#10;        at java.util.concurrent.ThreadPoolExecutor.getTask(ThreadPoolExecutor.java:1074)&#10;        at java.util.concurrent.ThreadPoolExecutor.runWorker(ThreadPoolExecutor.java:1134)&#10;        at java.util.concurrent.ThreadPoolExecutor$Worker.run(ThreadPoolExecutor.java:624)&#10;        at java.lang.Thread.run(Thread.java:748)&#10;&quot;BlockDeletingService#1&quot; daemon prio=5 tid=508 in Object.wait()&#10;java.lang.Thread.State: WAITING (on object monitor)&#10;        at sun.misc.Unsafe.park(Native Method)&#10;        at java.util.concurrent.locks.LockSupport.park(LockSupport.java:175)&#10;        at java.util.concurrent.locks.AbstractQueuedSynchronizer$ConditionObject.await(AbstractQueuedSynchronizer.java:2039)&#10;        at java.util.concurrent.ScheduledThreadPoolExecutor$DelayedWorkQueue.take(ScheduledThreadPoolExecutor.java:1088)&#10;        at java.util.concurrent.ScheduledThreadPoolExecutor$DelayedWorkQueue.take(ScheduledThreadPoolExecutor.java:809)&#10;        at java.util.concurrent.ThreadPoolExecutor.getTask(ThreadPoolExecutor.java:1074)&#10;        at java.util.concurrent.ThreadPoolExecutor.runWorker(ThreadPoolExecutor.java:1134)&#10;        at java.util.concurrent.ThreadPoolExecutor$Worker.run(ThreadPoolExecutor.java:624)&#10;        at java.lang.Thread.run(Thread.java:748)&#10;&quot;org.eclipse.jetty.server.session.HashSessionManager@a9f023eTimer&quot; daemon prio=5 tid=248 timed_waiting&#10;java.lang.Thread.State: TIMED_WAITING&#10;        at sun.misc.Unsafe.park(Native Method)&#10;        at java.util.concurrent.locks.LockSupport.parkNanos(LockSupport.java:215)&#10;        at java.util.concurrent.locks.AbstractQueuedSynchronizer$ConditionObject.awaitNanos(AbstractQueuedSynchronizer.java:2078)&#10;        at java.util.concurrent.ScheduledThreadPoolExecutor$DelayedWorkQueue.take(ScheduledThreadPoolExecutor.java:1093)&#10;        at java.util.concurrent.ScheduledThreadPoolExecutor$DelayedWorkQueue.take(ScheduledThreadPoolExecutor.java:809)&#10;        at java.util.concurrent.ThreadPoolExecutor.getTask(ThreadPoolExecutor.java:1074)&#10;        at java.util.concurrent.ThreadPoolExecutor.runWorker(ThreadPoolExecutor.java:1134)&#10;        at java.util.concurrent.ThreadPoolExecutor$Worker.run(ThreadPoolExecutor.java:624)&#10;        at java.lang.Thread.run(Thread.java:748)&#10;&quot;metrics-hadoop-metrics2-reporter-13-thread-1&quot; daemon prio=5 tid=552 timed_waiting&#10;java.lang.Thread.State: TIMED_WAITING&#10;        at sun.misc.Unsafe.park(Native Method)&#10;        at java.util.concurrent.locks.LockSupport.parkNanos(LockSupport.java:215)&#10;        at java.util.concurrent.locks.AbstractQueuedSynchronizer$ConditionObject.awaitNanos(AbstractQueuedSynchronizer.java:2078)&#10;        at java.util.concurrent.ScheduledThreadPoolExecutor$DelayedWorkQueue.take(ScheduledThreadPoolExecutor.java:1093)&#10;        at java.util.concurrent.ScheduledThreadPoolExecutor$DelayedWorkQueue.take(ScheduledThreadPoolExecutor.java:809)&#10;        at java.util.concurrent.ThreadPoolExecutor.getTask(ThreadPoolExecutor.java:1074)&#10;        at java.util.concurrent.ThreadPoolExecutor.runWorker(ThreadPoolExecutor.java:1134)&#10;        at java.util.concurrent.ThreadPoolExecutor$Worker.run(ThreadPoolExecutor.java:624)&#10;        at java.lang.Thread.run(Thread.java:748)&#10;&quot;pool-26-thread-27&quot;  prio=5 tid=313 in Object.wait()&#10;java.lang.Thread.State: WAITING (on object monitor)&#10;        at sun.misc.Unsafe.park(Native Method)&#10;        at java.util.concurrent.locks.LockSupport.park(LockSupport.java:175)&#10;        at java.util.concurrent.locks.AbstractQueuedSynchronizer$ConditionObject.await(AbstractQueuedSynchronizer.java:2039)&#10;        at java.util.concurrent.ArrayBlockingQueue.take(ArrayBlockingQueue.java:403)&#10;        at java.util.concurrent.ThreadPoolExecutor.getTask(ThreadPoolExecutor.java:1074)&#10;        at java.util.concurrent.ThreadPoolExecutor.runWorker(ThreadPoolExecutor.java:1134)&#10;        at java.util.concurrent.ThreadPoolExecutor$Worker.run(ThreadPoolExecutor.java:624)&#10;        at java.lang.Thread.run(Thread.java:748)&#10;&quot;Reference Handler&quot; daemon prio=10 tid=2 in Object.wait()&#10;java.lang.Thread.State: WAITING (on object monitor)&#10;        at java.lang.Object.wait(Native Method)&#10;        at java.lang.Object.wait(Object.java:502)&#10;        at java.lang.ref.Reference.tryHandlePending(Reference.java:191)&#10;        at java.lang.ref.Reference$ReferenceHandler.run(Reference.java:153)&#10;&quot;pool-36-thread-33&quot;  prio=5 tid=324 in Object.wait()&#10;java.lang.Thread.State: WAITING (on object monitor)&#10;        at sun.misc.Unsafe.park(Native Method)&#10;        at java.util.concurrent.locks.LockSupport.park(LockSupport.java:175)&#10;        at java.util.concurrent.locks.AbstractQueuedSynchronizer$ConditionObject.await(AbstractQueuedSynchronizer.java:2039)&#10;        at java.util.concurrent.ArrayBlockingQueue.take(ArrayBlockingQueue.java:403)&#10;        at java.util.concurrent.ThreadPoolExecutor.getTask(ThreadPoolExecutor.java:1074)&#10;        at java.util.concurrent.ThreadPoolExecutor.runWorker(ThreadPoolExecutor.java:1134)&#10;        at java.util.concurrent.ThreadPoolExecutor$Worker.run(ThreadPoolExecutor.java:624)&#10;        at java.lang.Thread.run(Thread.java:748)&#10;&quot;IPC Server handler 19 on 38234&quot; daemon prio=5 tid=134 timed_waiting&#10;java.lang.Thread.State: TIMED_WAITING&#10;        at sun.misc.Unsafe.park(Native Method)&#10;        at java.util.concurrent.locks.LockSupport.parkNanos(LockSupport.java:215)&#10;        at java.util.concurrent.locks.AbstractQueuedSynchronizer$ConditionObject.awaitNanos(AbstractQueuedSynchronizer.java:2078)&#10;        at java.util.concurrent.LinkedBlockingQueue.poll(LinkedBlockingQueue.java:467)&#10;        at org.apache.hadoop.ipc.CallQueueManager.take(CallQueueManager.java:288)&#10;        at org.apache.hadoop.ipc.Server$Handler.run(Server.java:2668)&#10;&quot;pool-36-thread-38&quot;  prio=5 tid=334 in Object.wait()&#10;java.lang.Thread.State: WAITING (on object monitor)&#10;        at sun.misc.Unsafe.park(Native Method)&#10;        at java.util.concurrent.locks.LockSupport.park(LockSupport.java:175)&#10;        at java.util.concurrent.locks.AbstractQueuedSynchronizer$ConditionObject.await(AbstractQueuedSynchronizer.java:2039)&#10;        at java.util.concurrent.ArrayBlockingQueue.take(ArrayBlockingQueue.java:403)&#10;        at java.util.concurrent.ThreadPoolExecutor.getTask(ThreadPoolExecutor.java:1074)&#10;        at java.util.concurrent.ThreadPoolExecutor.runWorker(ThreadPoolExecutor.java:1134)&#10;        at java.util.concurrent.ThreadPoolExecutor$Worker.run(ThreadPoolExecutor.java:624)&#10;        at java.lang.Thread.run(Thread.java:748)&#10;&quot;pool-46-thread-10&quot;  prio=5 tid=389 in Object.wait()&#10;java.lang.Thread.State: WAITING (on object monitor)&#10;        at sun.misc.Unsafe.park(Native Method)&#10;        at java.util.concurrent.locks.LockSupport.park(LockSupport.java:175)&#10;        at java.util.concurrent.locks.AbstractQueuedSynchronizer$ConditionObject.await(AbstractQueuedSynchronizer.java:2039)&#10;        at java.util.concurrent.ArrayBlockingQueue.take(ArrayBlockingQueue.java:403)&#10;        at java.util.concurrent.ThreadPoolExecutor.getTask(ThreadPoolExecutor.java:1074)&#10;        at java.util.concurrent.ThreadPoolExecutor.runWorker(ThreadPoolExecutor.java:1134)&#10;        at java.util.concurrent.ThreadPoolExecutor$Worker.run(ThreadPoolExecutor.java:624)&#10;        at java.lang.Thread.run(Thread.java:748)&#10;&quot;pool-26-thread-40&quot;  prio=5 tid=339 in Object.wait()&#10;java.lang.Thread.State: WAITING (on object monitor)&#10;        at sun.misc.Unsafe.park(Native Method)&#10;        at java.util.concurrent.locks.LockSupport.park(LockSupport.java:175)&#10;        at java.util.concurrent.locks.AbstractQueuedSynchronizer$ConditionObject.await(AbstractQueuedSynchronizer.java:2039)&#10;        at java.util.concurrent.ArrayBlockingQueue.take(ArrayBlockingQueue.java:403)&#10;        at java.util.concurrent.ThreadPoolExecutor.getTask(ThreadPoolExecutor.java:1074)&#10;        at java.util.concurrent.ThreadPoolExecutor.runWorker(ThreadPoolExecutor.java:1134)&#10;        at java.util.concurrent.ThreadPoolExecutor$Worker.run(ThreadPoolExecutor.java:624)&#10;        at java.lang.Thread.run(Thread.java:748)&#10;&quot;pool-56-thread-58&quot;  prio=5 tid=497 in Object.wait()&#10;java.lang.Thread.State: WAITING (on object monitor)&#10;        at sun.misc.Unsafe.park(Native Method)&#10;        at java.util.concurrent.locks.LockSupport.park(LockSupport.java:175)&#10;        at java.util.concurrent.locks.AbstractQueuedSynchronizer$ConditionObject.await(AbstractQueuedSynchronizer.java:2039)&#10;        at java.util.concurrent.ArrayBlockingQueue.take(ArrayBlockingQueue.java:403)&#10;        at java.util.concurrent.ThreadPoolExecutor.getTask(ThreadPoolExecutor.java:1074)&#10;        at java.util.concurrent.ThreadPoolExecutor.runWorker(ThreadPoolExecutor.java:1134)&#10;        at java.util.concurrent.ThreadPoolExecutor$Worker.run(ThreadPoolExecutor.java:624)&#10;        at java.lang.Thread.run(Thread.java:748)&#10;&quot;pool-56-thread-53&quot;  prio=5 tid=492 in Object.wait()&#10;java.lang.Thread.State: WAITING (on object monitor)&#10;        at sun.misc.Unsafe.park(Native Method)&#10;        at java.util.concurrent.locks.LockSupport.park(LockSupport.java:175)&#10;        at java.util.concurrent.locks.AbstractQueuedSynchronizer$ConditionObject.await(AbstractQueuedSynchronizer.java:2039)&#10;        at java.util.concurrent.ArrayBlockingQueue.take(ArrayBlockingQueue.java:403)&#10;        at java.util.concurrent.ThreadPoolExecutor.getTask(ThreadPoolExecutor.java:1074)&#10;        at java.util.concurrent.ThreadPoolExecutor.runWorker(ThreadPoolExecutor.java:1134)&#10;        at java.util.concurrent.ThreadPoolExecutor$Worker.run(ThreadPoolExecutor.java:624)&#10;        at java.lang.Thread.run(Thread.java:748)&#10;&quot;pool-56-thread-4&quot;  prio=5 tid=443 in Object.wait()&#10;java.lang.Thread.State: WAITING (on object monitor)&#10;        at sun.misc.Unsafe.park(Native Method)&#10;        at java.util.concurrent.locks.LockSupport.park(LockSupport.java:175)&#10;        at java.util.concurrent.locks.AbstractQueuedSynchronizer$ConditionObject.await(AbstractQueuedSynchronizer.java:2039)&#10;        at java.util.concurrent.ArrayBlockingQueue.take(ArrayBlockingQueue.java:403)&#10;        at java.util.concurrent.ThreadPoolExecutor.getTask(ThreadPoolExecutor.java:1074)&#10;        at java.util.concurrent.ThreadPoolExecutor.runWorker(ThreadPoolExecutor.java:1134)&#10;        at java.util.concurrent.ThreadPoolExecutor$Worker.run(ThreadPoolExecutor.java:624)&#10;        at java.lang.Thread.run(Thread.java:748)&#10;&quot;metrics-hadoop-metrics2-reporter-35-thread-1&quot; daemon prio=5 tid=700 timed_waiting&#10;java.lang.Thread.State: TIMED_WAITING&#10;        at sun.misc.Unsafe.park(Native Method)&#10;        at java.util.concurrent.locks.LockSupport.parkNanos(LockSupport.java:215)&#10;        at java.util.concurrent.locks.AbstractQueuedSynchronizer$ConditionObject.awaitNanos(AbstractQueuedSynchronizer.java:2078)&#10;        at java.util.concurrent.ScheduledThreadPoolExecutor$DelayedWorkQueue.take(ScheduledThreadPoolExecutor.java:1093)&#10;        at java.util.concurrent.ScheduledThreadPoolExecutor$DelayedWorkQueue.take(ScheduledThreadPoolExecutor.java:809)&#10;        at java.util.concurrent.ThreadPoolExecutor.getTask(ThreadPoolExecutor.java:1074)&#10;        at java.util.concurrent.ThreadPoolExecutor.runWorker(ThreadPoolExecutor.java:1134)&#10;        at java.util.concurrent.ThreadPoolExecutor$Worker.run(ThreadPoolExecutor.java:624)&#10;        at java.lang.Thread.run(Thread.java:748)&#10;&quot;IPC Server handler 19 on 40088&quot; daemon prio=5 tid=68 timed_waiting&#10;java.lang.Thread.State: TIMED_WAITING&#10;        at sun.misc.Unsafe.park(Native Method)&#10;        at java.util.concurrent.locks.LockSupport.parkNanos(LockSupport.java:215)&#10;        at java.util.concurrent.locks.AbstractQueuedSynchronizer$ConditionObject.awaitNanos(AbstractQueuedSynchronizer.java:2078)&#10;        at java.util.concurrent.LinkedBlockingQueue.poll(LinkedBlockingQueue.java:467)&#10;        at org.apache.hadoop.ipc.CallQueueManager.take(CallQueueManager.java:288)&#10;        at org.apache.hadoop.ipc.Server$Handler.run(Server.java:2668)&#10;&quot;pool-26-thread-20&quot;  prio=5 tid=299 in Object.wait()&#10;java.lang.Thread.State: WAITING (on object monitor)&#10;        at sun.misc.Unsafe.park(Native Method)&#10;        at java.util.concurrent.locks.LockSupport.park(LockSupport.java:175)&#10;        at java.util.concurrent.locks.AbstractQueuedSynchronizer$ConditionObject.await(AbstractQueuedSynchronizer.java:2039)&#10;        at java.util.concurrent.ArrayBlockingQueue.take(ArrayBlockingQueue.java:403)&#10;        at java.util.concurrent.ThreadPoolExecutor.getTask(ThreadPoolExecutor.java:1074)&#10;        at java.util.concurrent.ThreadPoolExecutor.runWorker(ThreadPoolExecutor.java:1134)&#10;        at java.util.concurrent.ThreadPoolExecutor$Worker.run(ThreadPoolExecutor.java:624)&#10;        at java.lang.Thread.run(Thread.java:748)&#10;&quot;pool-46-thread-35&quot;  prio=5 tid=414 in Object.wait()&#10;java.lang.Thread.State: WAITING (on object monitor)&#10;        at sun.misc.Unsafe.park(Native Method)&#10;        at java.util.concurrent.locks.LockSupport.park(LockSupport.java:175)&#10;        at java.util.concurrent.locks.AbstractQueuedSynchronizer$ConditionObject.await(AbstractQueuedSynchronizer.java:2039)&#10;        at java.util.concurrent.ArrayBlockingQueue.take(ArrayBlockingQueue.java:403)&#10;        at java.util.concurrent.ThreadPoolExecutor.getTask(ThreadPoolExecutor.java:1074)&#10;        at java.util.concurrent.ThreadPoolExecutor.runWorker(ThreadPoolExecutor.java:1134)&#10;        at java.util.concurrent.ThreadPoolExecutor$Worker.run(ThreadPoolExecutor.java:624)&#10;        at java.lang.Thread.run(Thread.java:748)&#10;&quot;pool-56-thread-14&quot;  prio=5 tid=453 in Object.wait()&#10;java.lang.Thread.State: WAITING (on object monitor)&#10;        at sun.misc.Unsafe.park(Native Method)&#10;        at java.util.concurrent.locks.LockSupport.park(LockSupport.java:175)&#10;        at java.util.concurrent.locks.AbstractQueuedSynchronizer$ConditionObject.await(AbstractQueuedSynchronizer.java:2039)&#10;        at java.util.concurrent.ArrayBlockingQueue.take(ArrayBlockingQueue.java:403)&#10;        at java.util.concurrent.ThreadPoolExecutor.getTask(ThreadPoolExecutor.java:1074)&#10;        at java.util.concurrent.ThreadPoolExecutor.runWorker(ThreadPoolExecutor.java:1134)&#10;        at java.util.concurrent.ThreadPoolExecutor$Worker.run(ThreadPoolExecutor.java:624)&#10;        at java.lang.Thread.run(Thread.java:748)&#10;&quot;pool-36-thread-49&quot;  prio=5 tid=356 in Object.wait()&#10;java.lang.Thread.State: WAITING (on object monitor)&#10;        at sun.misc.Unsafe.park(Native Method)&#10;        at java.util.concurrent.locks.LockSupport.park(LockSupport.java:175)&#10;        at java.util.concurrent.locks.AbstractQueuedSynchronizer$ConditionObject.await(AbstractQueuedSynchronizer.java:2039)&#10;        at java.util.concurrent.ArrayBlockingQueue.take(ArrayBlockingQueue.java:403)&#10;        at java.util.concurrent.ThreadPoolExecutor.getTask(ThreadPoolExecutor.java:1074)&#10;        at java.util.concurrent.ThreadPoolExecutor.runWorker(ThreadPoolExecutor.java:1134)&#10;        at java.util.concurrent.ThreadPoolExecutor$Worker.run(ThreadPoolExecutor.java:624)&#10;        at java.lang.Thread.run(Thread.java:748)&#10;&quot;Datanode ReportManager Thread - 3&quot; daemon prio=5 tid=201 timed_waiting&#10;java.lang.Thread.State: TIMED_WAITING&#10;        at sun.misc.Unsafe.park(Native Method)&#10;        at java.util.concurrent.locks.LockSupport.parkNanos(LockSupport.java:215)&#10;        at java.util.concurrent.locks.AbstractQueuedSynchronizer$ConditionObject.awaitNanos(AbstractQueuedSynchronizer.java:2078)&#10;        at java.util.concurrent.ScheduledThreadPoolExecutor$DelayedWorkQueue.take(ScheduledThreadPoolExecutor.java:1093)&#10;        at java.util.concurrent.ScheduledThreadPoolExecutor$DelayedWorkQueue.take(ScheduledThreadPoolExecutor.java:809)&#10;        at java.util.concurrent.ThreadPoolExecutor.getTask(ThreadPoolExecutor.java:1074)&#10;        at java.util.concurrent.ThreadPoolExecutor.runWorker(ThreadPoolExecutor.java:1134)&#10;        at java.util.concurrent.ThreadPoolExecutor$Worker.run(ThreadPoolExecutor.java:624)&#10;        at java.lang.Thread.run(Thread.java:748)&#10;&quot;pool-46-thread-59&quot;  prio=5 tid=438 in Object.wait()&#10;java.lang.Thread.State: WAITING (on object monitor)&#10;        at sun.misc.Unsafe.park(Native Method)&#10;        at java.util.concurrent.locks.LockSupport.park(LockSupport.java:175)&#10;        at java.util.concurrent.locks.AbstractQueuedSynchronizer$ConditionObject.await(AbstractQueuedSynchronizer.java:2039)&#10;        at java.util.concurrent.ArrayBlockingQueue.take(ArrayBlockingQueue.java:403)&#10;        at java.util.concurrent.ThreadPoolExecutor.getTask(ThreadPoolExecutor.java:1074)&#10;        at java.util.concurrent.ThreadPoolExecutor.runWorker(ThreadPoolExecutor.java:1134)&#10;        at java.util.concurrent.ThreadPoolExecutor$Worker.run(ThreadPoolExecutor.java:624)&#10;        at java.lang.Thread.run(Thread.java:748)&#10;&quot;pool-36-thread-25&quot;  prio=5 tid=308 in Object.wait()&#10;java.lang.Thread.State: WAITING (on object monitor)&#10;        at sun.misc.Unsafe.park(Native Method)&#10;        at java.util.concurrent.locks.LockSupport.park(LockSupport.java:175)&#10;        at java.util.concurrent.locks.AbstractQueuedSynchronizer$ConditionObject.await(AbstractQueuedSynchronizer.java:2039)&#10;        at java.util.concurrent.ArrayBlockingQueue.take(ArrayBlockingQueue.java:403)&#10;        at java.util.concurrent.ThreadPoolExecutor.getTask(ThreadPoolExecutor.java:1074)&#10;        at java.util.concurrent.ThreadPoolExecutor.runWorker(ThreadPoolExecutor.java:1134)&#10;        at java.util.concurrent.ThreadPoolExecutor$Worker.run(ThreadPoolExecutor.java:624)&#10;        at java.lang.Thread.run(Thread.java:748)&#10;&quot;pool-26-thread-15&quot;  prio=5 tid=289 in Object.wait()&#10;java.lang.Thread.State: WAITING (on object monitor)&#10;        at sun.misc.Unsafe.park(Native Method)&#10;        at java.util.concurrent.locks.LockSupport.park(LockSupport.java:175)&#10;        at java.util.concurrent.locks.AbstractQueuedSynchronizer$ConditionObject.await(AbstractQueuedSynchronizer.java:2039)&#10;        at java.util.concurrent.ArrayBlockingQueue.take(ArrayBlockingQueue.java:403)&#10;        at java.util.concurrent.ThreadPoolExecutor.getTask(ThreadPoolExecutor.java:1074)&#10;        at java.util.concurrent.ThreadPoolExecutor.runWorker(ThreadPoolExecutor.java:1134)&#10;        at java.util.concurrent.ThreadPoolExecutor$Worker.run(ThreadPoolExecutor.java:624)&#10;        at java.lang.Thread.run(Thread.java:748)&#10;&quot;IPC Server handler 14 on 34819&quot; daemon prio=5 tid=43 timed_waiting&#10;java.lang.Thread.State: TIMED_WAITING&#10;        at sun.misc.Unsafe.park(Native Method)&#10;        at java.util.concurrent.locks.LockSupport.parkNanos(LockSupport.java:215)&#10;        at java.util.concurrent.locks.AbstractQueuedSynchronizer$ConditionObject.awaitNanos(AbstractQueuedSynchronizer.java:2078)&#10;        at java.util.concurrent.LinkedBlockingQueue.poll(LinkedBlockingQueue.java:467)&#10;        at org.apache.hadoop.ipc.CallQueueManager.take(CallQueueManager.java:288)&#10;        at org.apache.hadoop.ipc.Server$Handler.run(Server.java:2668)&#10;&quot;pool-36-thread-3&quot;  prio=5 tid=264 in Object.wait()&#10;java.lang.Thread.State: WAITING (on object monitor)&#10;        at sun.misc.Unsafe.park(Native Method)&#10;        at java.util.concurrent.locks.LockSupport.park(LockSupport.java:175)&#10;        at java.util.concurrent.locks.AbstractQueuedSynchronizer$ConditionObject.await(AbstractQueuedSynchronizer.java:2039)&#10;        at java.util.concurrent.ArrayBlockingQueue.take(ArrayBlockingQueue.java:403)&#10;        at java.util.concurrent.ThreadPoolExecutor.getTask(ThreadPoolExecutor.java:1074)&#10;        at java.util.concurrent.ThreadPoolExecutor.runWorker(ThreadPoolExecutor.java:1134)&#10;        at java.util.concurrent.ThreadPoolExecutor$Worker.run(ThreadPoolExecutor.java:624)&#10;        at java.lang.Thread.run(Thread.java:748)&#10;&quot;IPC Server handler 0 on 34339&quot; daemon prio=5 tid=69 timed_waiting&#10;java.lang.Thread.State: TIMED_WAITING&#10;        at sun.misc.Unsafe.park(Native Method)&#10;        at java.util.concurrent.locks.LockSupport.parkNanos(LockSupport.java:215)&#10;        at java.util.concurrent.locks.AbstractQueuedSynchronizer$ConditionObject.awaitNanos(AbstractQueuedSynchronizer.java:2078)&#10;        at java.util.concurrent.LinkedBlockingQueue.poll(LinkedBlockingQueue.java:467)&#10;        at org.apache.hadoop.ipc.CallQueueManager.take(CallQueueManager.java:288)&#10;        at org.apache.hadoop.ipc.Server$Handler.run(Server.java:2668)&#10;&quot;IPC Server idle connection scanner for port 40088&quot; daemon prio=5 tid=20 timed_waiting&#10;java.lang.Thread.State: TIMED_WAITING&#10;        at java.lang.Object.wait(Native Method)&#10;        at java.util.TimerThread.mainLoop(Timer.java:552)&#10;        at java.util.TimerThread.run(Timer.java:505)&#10;&quot;pool-56-thread-18&quot;  prio=5 tid=457 in Object.wait()&#10;java.lang.Thread.State: WAITING (on object monitor)&#10;        at sun.misc.Unsafe.park(Native Method)&#10;        at java.util.concurrent.locks.LockSupport.park(LockSupport.java:175)&#10;        at java.util.concurrent.locks.AbstractQueuedSynchronizer$ConditionObject.await(AbstractQueuedSynchronizer.java:2039)&#10;        at java.util.concurrent.ArrayBlockingQueue.take(ArrayBlockingQueue.java:403)&#10;        at java.util.concurrent.ThreadPoolExecutor.getTask(ThreadPoolExecutor.java:1074)&#10;        at java.util.concurrent.ThreadPoolExecutor.runWorker(ThreadPoolExecutor.java:1134)&#10;        at java.util.concurrent.ThreadPoolExecutor$Worker.run(ThreadPoolExecutor.java:624)&#10;        at java.lang.Thread.run(Thread.java:748)&#10;&quot;IPC Server handler 3 on 38234&quot; daemon prio=5 tid=117 timed_waiting&#10;java.lang.Thread.State: TIMED_WAITING&#10;        at sun.misc.Unsafe.park(Native Method)&#10;        at java.util.concurrent.locks.LockSupport.parkNanos(LockSupport.java:215)&#10;        at java.util.concurrent.locks.AbstractQueuedSynchronizer$ConditionObject.awaitNanos(AbstractQueuedSynchronizer.java:2078)&#10;        at java.util.concurrent.LinkedBlockingQueue.poll(LinkedBlockingQueue.java:467)&#10;        at org.apache.hadoop.ipc.CallQueueManager.take(CallQueueManager.java:288)&#10;        at org.apache.hadoop.ipc.Server$Handler.run(Server.java:2668)&#10;&quot;EventQueue-PipelineReportForPipelineReportHandler&quot; daemon prio=5 tid=514 in Object.wait()&#10;java.lang.Thread.State: WAITING (on object monitor)&#10;        at sun.misc.Unsafe.park(Native Method)&#10;        at java.util.concurrent.locks.LockSupport.park(LockSupport.java:175)&#10;        at java.util.concurrent.locks.AbstractQueuedSynchronizer$ConditionObject.await(AbstractQueuedSynchronizer.java:2039)&#10;        at java.util.concurrent.LinkedBlockingQueue.take(LinkedBlockingQueue.java:442)&#10;        at java.util.concurrent.ThreadPoolExecutor.getTask(ThreadPoolExecutor.java:1074)&#10;        at java.util.concurrent.ThreadPoolExecutor.runWorker(ThreadPoolExecutor.java:1134)&#10;        at java.util.concurrent.ThreadPoolExecutor$Worker.run(ThreadPoolExecutor.java:624)&#10;        at java.lang.Thread.run(Thread.java:748)&#10;&quot;Command processor thread&quot; daemon prio=5 tid=177 timed_waiting&#10;java.lang.Thread.State: TIMED_WAITING&#10;        at java.lang.Thread.sleep(Native Method)&#10;        at org.apache.hadoop.ozone.container.common.statemachine.DatanodeStateMachine.lambda$initCommandHandlerThread$1(DatanodeStateMachine.java:439)&#10;        at org.apache.hadoop.ozone.container.common.statemachine.DatanodeStateMachine$$Lambda$141/259962710.run(Unknown Source)&#10;        at java.lang.Thread.run(Thread.java:748)&#10;&quot;metrics-hadoop-metrics2-reporter-38-thread-1&quot; daemon prio=5 tid=706 timed_waiting&#10;java.lang.Thread.State: TIMED_WAITING&#10;        at sun.misc.Unsafe.park(Native Method)&#10;        at java.util.concurrent.locks.LockSupport.parkNanos(LockSupport.java:215)&#10;        at java.util.concurrent.locks.AbstractQueuedSynchronizer$ConditionObject.awaitNanos(AbstractQueuedSynchronizer.java:2078)&#10;        at java.util.concurrent.ScheduledThreadPoolExecutor$DelayedWorkQueue.take(ScheduledThreadPoolExecutor.java:1093)&#10;        at java.util.concurrent.ScheduledThreadPoolExecutor$DelayedWorkQueue.take(ScheduledThreadPoolExecutor.java:809)&#10;        at java.util.concurrent.ThreadPoolExecutor.getTask(ThreadPoolExecutor.java:1074)&#10;        at java.util.concurrent.ThreadPoolExecutor.runWorker(ThreadPoolExecutor.java:1134)&#10;        at java.util.concurrent.ThreadPoolExecutor$Worker.run(ThreadPoolExecutor.java:624)&#10;        at java.lang.Thread.run(Thread.java:748)&#10;&quot;org.eclipse.jetty.server.session.HashSessionManager@4eba373cTimer&quot; daemon prio=5 tid=221 timed_waiting&#10;java.lang.Thread.State: TIMED_WAITING&#10;        at sun.misc.Unsafe.park(Native Method)&#10;        at java.util.concurrent.locks.LockSupport.parkNanos(LockSupport.java:215)&#10;        at java.util.concurrent.locks.AbstractQueuedSynchronizer$ConditionObject.awaitNanos(AbstractQueuedSynchronizer.java:2078)&#10;        at java.util.concurrent.ScheduledThreadPoolExecutor$DelayedWorkQueue.take(ScheduledThreadPoolExecutor.java:1093)&#10;        at java.util.concurrent.ScheduledThreadPoolExecutor$DelayedWorkQueue.take(ScheduledThreadPoolExecutor.java:809)&#10;        at java.util.concurrent.ThreadPoolExecutor.getTask(ThreadPoolExecutor.java:1074)&#10;        at java.util.concurrent.ThreadPoolExecutor.runWorker(ThreadPoolExecutor.java:1134)&#10;        at java.util.concurrent.ThreadPoolExecutor$Worker.run(ThreadPoolExecutor.java:624)&#10;        at java.lang.Thread.run(Thread.java:748)&#10;&quot;IPC Server handler 10 on 40088&quot; daemon prio=5 tid=59 timed_waiting&#10;java.lang.Thread.State: TIMED_WAITING&#10;        at sun.misc.Unsafe.park(Native Method)&#10;        at java.util.concurrent.locks.LockSupport.parkNanos(LockSupport.java:215)&#10;        at java.util.concurrent.locks.AbstractQueuedSynchronizer$ConditionObject.awaitNanos(AbstractQueuedSynchronizer.java:2078)&#10;        at java.util.concurrent.LinkedBlockingQueue.poll(LinkedBlockingQueue.java:467)&#10;        at org.apache.hadoop.ipc.CallQueueManager.take(CallQueueManager.java:288)&#10;        at org.apache.hadoop.ipc.Server$Handler.run(Server.java:2668)&#10;&quot;pool-56-thread-20&quot;  prio=5 tid=459 in Object.wait()&#10;java.lang.Thread.State: WAITING (on object monitor)&#10;        at sun.misc.Unsafe.park(Native Method)&#10;        at java.util.concurrent.locks.LockSupport.park(LockSupport.java:175)&#10;        at java.util.concurrent.locks.AbstractQueuedSynchronizer$ConditionObject.await(AbstractQueuedSynchronizer.java:2039)&#10;        at java.util.concurrent.ArrayBlockingQueue.take(ArrayBlockingQueue.java:403)&#10;        at java.util.concurrent.ThreadPoolExecutor.getTask(ThreadPoolExecutor.java:1074)&#10;        at java.util.concurrent.ThreadPoolExecutor.runWorker(ThreadPoolExecutor.java:1134)&#10;        at java.util.concurrent.ThreadPoolExecutor$Worker.run(ThreadPoolExecutor.java:624)&#10;        at java.lang.Thread.run(Thread.java:748)&#10;&quot;IPC Server handler 0 on 34819&quot; daemon prio=5 tid=29 timed_waiting&#10;java.lang.Thread.State: TIMED_WAITING&#10;        at sun.misc.Unsafe.park(Native Method)&#10;        at java.util.concurrent.locks.LockSupport.parkNanos(LockSupport.java:215)&#10;        at java.util.concurrent.locks.AbstractQueuedSynchronizer$ConditionObject.awaitNanos(AbstractQueuedSynchronizer.java:2078)&#10;        at java.util.concurrent.LinkedBlockingQueue.poll(LinkedBlockingQueue.java:467)&#10;        at org.apache.hadoop.ipc.CallQueueManager.take(CallQueueManager.java:288)&#10;        at org.apache.hadoop.ipc.Server$Handler.run(Server.java:2668)&#10;&quot;SCMBlockDeletingService#1&quot; daemon prio=5 tid=103 in Object.wait()&#10;java.lang.Thread.State: WAITING (on object monitor)&#10;        at sun.misc.Unsafe.park(Native Method)&#10;        at java.util.concurrent.locks.LockSupport.park(LockSupport.java:175)&#10;        at java.util.concurrent.locks.AbstractQueuedSynchronizer$ConditionObject.await(AbstractQueuedSynchronizer.java:2039)&#10;        at java.util.concurrent.ScheduledThreadPoolExecutor$DelayedWorkQueue.take(ScheduledThreadPoolExecutor.java:1088)&#10;        at java.util.concurrent.ScheduledThreadPoolExecutor$DelayedWorkQueue.take(ScheduledThreadPoolExecutor.java:809)&#10;        at java.util.concurrent.ThreadPoolExecutor.getTask(ThreadPoolExecutor.java:1074)&#10;        at java.util.concurrent.ThreadPoolExecutor.runWorker(ThreadPoolExecutor.java:1134)&#10;        at java.util.concurrent.ThreadPoolExecutor$Worker.run(ThreadPoolExecutor.java:624)&#10;        at java.lang.Thread.run(Thread.java:748)&#10;&quot;pool-36-thread-22&quot;  prio=5 tid=302 in Object.wait()&#10;java.lang.Thread.State: WAITING (on object monitor)&#10;        at sun.misc.Unsafe.park(Native Method)&#10;        at java.util.concurrent.locks.LockSupport.park(LockSupport.java:175)&#10;        at java.util.concurrent.locks.AbstractQueuedSynchronizer$ConditionObject.await(AbstractQueuedSynchronizer.java:2039)&#10;        at java.util.concurrent.ArrayBlockingQueue.take(ArrayBlockingQueue.java:403)&#10;        at java.util.concurrent.ThreadPoolExecutor.getTask(ThreadPoolExecutor.java:1074)&#10;        at java.util.concurrent.ThreadPoolExecutor.runWorker(ThreadPoolExecutor.java:1134)&#10;        at java.util.concurrent.ThreadPoolExecutor$Worker.run(ThreadPoolExecutor.java:624)&#10;        at java.lang.Thread.run(Thread.java:748)&#10;&quot;qtp292890110-247&quot; daemon prio=5 tid=247 timed_waiting&#10;java.lang.Thread.State: TIMED_WAITING&#10;        at sun.misc.Unsafe.park(Native Method)&#10;        at java.util.concurrent.locks.LockSupport.parkNanos(LockSupport.java:215)&#10;        at java.util.concurrent.locks.AbstractQueuedSynchronizer$ConditionObject.awaitNanos(AbstractQueuedSynchronizer.java:2078)&#10;        at org.eclipse.jetty.util.BlockingArrayQueue.poll(BlockingArrayQueue.java:392)&#10;        at org.eclipse.jetty.util.thread.QueuedThreadPool.idleJobPoll(QueuedThreadPool.java:563)&#10;        at org.eclipse.jetty.util.thread.QueuedThreadPool.access$800(QueuedThreadPool.java:48)&#10;        at org.eclipse.jetty.util.thread.QueuedThreadPool$2.run(QueuedThreadPool.java:626)&#10;        at java.lang.Thread.run(Thread.java:748)&#10;&quot;pool-46-thread-40&quot;  prio=5 tid=419 in Object.wait()&#10;java.lang.Thread.State: WAITING (on object monitor)&#10;        at sun.misc.Unsafe.park(Native Method)&#10;        at java.util.concurrent.locks.LockSupport.park(LockSupport.java:175)&#10;        at java.util.concurrent.locks.AbstractQueuedSynchronizer$ConditionObject.await(AbstractQueuedSynchronizer.java:2039)&#10;        at java.util.concurrent.ArrayBlockingQueue.take(ArrayBlockingQueue.java:403)&#10;        at java.util.concurrent.ThreadPoolExecutor.getTask(ThreadPoolExecutor.java:1074)&#10;        at java.util.concurrent.ThreadPoolExecutor.runWorker(ThreadPoolExecutor.java:1134)&#10;        at java.util.concurrent.ThreadPoolExecutor$Worker.run(ThreadPoolExecutor.java:624)&#10;        at java.lang.Thread.run(Thread.java:748)&#10;&quot;pool-26-thread-24&quot;  prio=5 tid=307 in Object.wait()&#10;java.lang.Thread.State: WAITING (on object monitor)&#10;        at sun.misc.Unsafe.park(Native Method)&#10;        at java.util.concurrent.locks.LockSupport.park(LockSupport.java:175)&#10;        at java.util.concurrent.locks.AbstractQueuedSynchronizer$ConditionObject.await(AbstractQueuedSynchronizer.java:2039)&#10;        at java.util.concurrent.ArrayBlockingQueue.take(ArrayBlockingQueue.java:403)&#10;        at java.util.concurrent.ThreadPoolExecutor.getTask(ThreadPoolExecutor.java:1074)&#10;        at java.util.concurrent.ThreadPoolExecutor.runWorker(ThreadPoolExecutor.java:1134)&#10;        at java.util.concurrent.ThreadPoolExecutor$Worker.run(ThreadPoolExecutor.java:624)&#10;        at java.lang.Thread.run(Thread.java:748)&#10;&quot;pool-56-thread-29&quot;  prio=5 tid=468 in Object.wait()&#10;java.lang.Thread.State: WAITING (on object monitor)&#10;        at sun.misc.Unsafe.park(Native Method)&#10;        at java.util.concurrent.locks.LockSupport.park(LockSupport.java:175)&#10;        at java.util.concurrent.locks.AbstractQueuedSynchronizer$ConditionObject.await(AbstractQueuedSynchronizer.java:2039)&#10;        at java.util.concurrent.ArrayBlockingQueue.take(ArrayBlockingQueue.java:403)&#10;        at java.util.concurrent.ThreadPoolExecutor.getTask(ThreadPoolExecutor.java:1074)&#10;        at java.util.concurrent.ThreadPoolExecutor.runWorker(ThreadPoolExecutor.java:1134)&#10;        at java.util.concurrent.ThreadPoolExecutor$Worker.run(ThreadPoolExecutor.java:624)&#10;        at java.lang.Thread.run(Thread.java:748)&#10;&quot;qtp7829163-95&quot; daemon prio=5 tid=95 timed_waiting&#10;java.lang.Thread.State: TIMED_WAITING&#10;        at sun.misc.Unsafe.park(Native Method)&#10;        at java.util.concurrent.locks.LockSupport.parkNanos(LockSupport.java:215)&#10;        at java.util.concurrent.locks.AbstractQueuedSynchronizer$ConditionObject.awaitNanos(AbstractQueuedSynchronizer.java:2078)&#10;        at org.eclipse.jetty.util.BlockingArrayQueue.poll(BlockingArrayQueue.java:392)&#10;        at org.eclipse.jetty.util.thread.QueuedThreadPool.idleJobPoll(QueuedThreadPool.java:563)&#10;        at org.eclipse.jetty.util.thread.QueuedThreadPool.access$800(QueuedThreadPool.java:48)&#10;        at org.eclipse.jetty.util.thread.QueuedThreadPool$2.run(QueuedThreadPool.java:626)&#10;        at java.lang.Thread.run(Thread.java:748)&#10;&quot;pool-26-thread-53&quot;  prio=5 tid=364 in Object.wait()&#10;java.lang.Thread.State: WAITING (on object monitor)&#10;        at sun.misc.Unsafe.park(Native Method)&#10;        at java.util.concurrent.locks.LockSupport.park(LockSupport.java:175)&#10;        at java.util.concurrent.locks.AbstractQueuedSynchronizer$ConditionObject.await(AbstractQueuedSynchronizer.java:2039)&#10;        at java.util.concurrent.ArrayBlockingQueue.take(ArrayBlockingQueue.java:403)&#10;        at java.util.concurrent.ThreadPoolExecutor.getTask(ThreadPoolExecutor.java:1074)&#10;        at java.util.concurrent.ThreadPoolExecutor.runWorker(ThreadPoolExecutor.java:1134)&#10;        at java.util.concurrent.ThreadPoolExecutor$Worker.run(ThreadPoolExecutor.java:624)&#10;        at java.lang.Thread.run(Thread.java:748)&#10;&quot;pool-36-thread-26&quot;  prio=5 tid=310 in Object.wait()&#10;java.lang.Thread.State: WAITING (on object monitor)&#10;        at sun.misc.Unsafe.park(Native Method)&#10;        at java.util.concurrent.locks.LockSupport.park(LockSupport.java:175)&#10;        at java.util.concurrent.locks.AbstractQueuedSynchronizer$ConditionObject.await(AbstractQueuedSynchronizer.java:2039)&#10;        at java.util.concurrent.ArrayBlockingQueue.take(ArrayBlockingQueue.java:403)&#10;        at java.util.concurrent.ThreadPoolExecutor.getTask(ThreadPoolExecutor.java:1074)&#10;        at java.util.concurrent.ThreadPoolExecutor.runWorker(ThreadPoolExecutor.java:1134)&#10;        at java.util.concurrent.ThreadPoolExecutor$Worker.run(ThreadPoolExecutor.java:624)&#10;        at java.lang.Thread.run(Thread.java:748)&#10;&quot;pool-26-thread-13&quot;  prio=5 tid=285 in Object.wait()&#10;java.lang.Thread.State: WAITING (on object monitor)&#10;        at sun.misc.Unsafe.park(Native Method)&#10;        at java.util.concurrent.locks.LockSupport.park(LockSupport.java:175)&#10;        at java.util.concurrent.locks.AbstractQueuedSynchronizer$ConditionObject.await(AbstractQueuedSynchronizer.java:2039)&#10;        at java.util.concurrent.ArrayBlockingQueue.take(ArrayBlockingQueue.java:403)&#10;        at java.util.concurrent.ThreadPoolExecutor.getTask(ThreadPoolExecutor.java:1074)&#10;        at java.util.concurrent.ThreadPoolExecutor.runWorker(ThreadPoolExecutor.java:1134)&#10;        at java.util.concurrent.ThreadPoolExecutor$Worker.run(ThreadPoolExecutor.java:624)&#10;        at java.lang.Thread.run(Thread.java:748)&#10;&quot;pool-46-thread-31&quot;  prio=5 tid=410 in Object.wait()&#10;java.lang.Thread.State: WAITING (on object monitor)&#10;        at sun.misc.Unsafe.park(Native Method)&#10;        at java.util.concurrent.locks.LockSupport.park(LockSupport.java:175)&#10;        at java.util.concurrent.locks.AbstractQueuedSynchronizer$ConditionObject.await(AbstractQueuedSynchronizer.java:2039)&#10;        at java.util.concurrent.ArrayBlockingQueue.take(ArrayBlockingQueue.java:403)&#10;        at java.util.concurrent.ThreadPoolExecutor.getTask(ThreadPoolExecutor.java:1074)&#10;        at java.util.concurrent.ThreadPoolExecutor.runWorker(ThreadPoolExecutor.java:1134)&#10;        at java.util.concurrent.ThreadPoolExecutor$Worker.run(ThreadPoolExecutor.java:624)&#10;        at java.lang.Thread.run(Thread.java:748)&#10;&quot;IPC Server handler 3 on 40088&quot; daemon prio=5 tid=52 timed_waiting&#10;java.lang.Thread.State: TIMED_WAITING&#10;        at sun.misc.Unsafe.park(Native Method)&#10;        at java.util.concurrent.locks.LockSupport.parkNanos(LockSupport.java:215)&#10;        at java.util.concurrent.locks.AbstractQueuedSynchronizer$ConditionObject.awaitNanos(AbstractQueuedSynchronizer.java:2078)&#10;        at java.util.concurrent.LinkedBlockingQueue.poll(LinkedBlockingQueue.java:467)&#10;        at org.apache.hadoop.ipc.CallQueueManager.take(CallQueueManager.java:288)&#10;        at org.apache.hadoop.ipc.Server$Handler.run(Server.java:2668)&#10;&quot;IPC Server listener on 38234&quot; daemon prio=5 tid=107 runnable&#10;java.lang.Thread.State: RUNNABLE&#10;        at sun.nio.ch.EPollArrayWrapper.epollWait(Native Method)&#10;        at sun.nio.ch.EPollArrayWrapper.poll(EPollArrayWrapper.java:269)&#10;        at sun.nio.ch.EPollSelectorImpl.doSelect(EPollSelectorImpl.java:93)&#10;        at sun.nio.ch.SelectorImpl.lockAndDoSelect(SelectorImpl.java:86)&#10;        at sun.nio.ch.SelectorImpl.select(SelectorImpl.java:97)&#10;        at sun.nio.ch.SelectorImpl.select(SelectorImpl.java:101)&#10;        at org.apache.hadoop.ipc.Server$Listener.run(Server.java:1159)&#10;&quot;qtp7829163-92&quot; daemon prio=5 tid=92 timed_waiting&#10;java.lang.Thread.State: TIMED_WAITING&#10;        at sun.misc.Unsafe.park(Native Method)&#10;        at java.util.concurrent.locks.LockSupport.parkNanos(LockSupport.java:215)&#10;        at java.util.concurrent.locks.AbstractQueuedSynchronizer$ConditionObject.awaitNanos(AbstractQueuedSynchronizer.java:2078)&#10;        at org.eclipse.jetty.util.BlockingArrayQueue.poll(BlockingArrayQueue.java:392)&#10;        at org.eclipse.jetty.util.thread.QueuedThreadPool.idleJobPoll(QueuedThreadPool.java:563)&#10;        at org.eclipse.jetty.util.thread.QueuedThreadPool.access$800(QueuedThreadPool.java:48)&#10;        at org.eclipse.jetty.util.thread.QueuedThreadPool$2.run(QueuedThreadPool.java:626)&#10;        at java.lang.Thread.run(Thread.java:748)&#10;&quot;refreshUsed-/workdir/hadoop-ozone/integration-test/target/test-dir/MiniOzoneClusterImpl-6c8aceb3-2805-42ee-9a98-c3760435b865/datanode-1/data/containers&quot; daemon prio=5 tid=180 timed_waiting&#10;java.lang.Thread.State: TIMED_WAITING&#10;        at java.lang.Thread.sleep(Native Method)&#10;        at org.apache.hadoop.fs.CachingGetSpaceUsed$RefreshThread.run(CachingGetSpaceUsed.java:179)&#10;        at java.lang.Thread.run(Thread.java:748)&#10;&quot;qtp1080561710-162&quot; daemon prio=5 tid=162 timed_waiting&#10;java.lang.Thread.State: TIMED_WAITING&#10;        at sun.misc.Unsafe.park(Native Method)&#10;        at java.util.concurrent.locks.LockSupport.parkNanos(LockSupport.java:215)&#10;        at java.util.concurrent.locks.AbstractQueuedSynchronizer$ConditionObject.awaitNanos(AbstractQueuedSynchronizer.java:2078)&#10;        at org.eclipse.jetty.util.BlockingArrayQueue.poll(BlockingArrayQueue.java:392)&#10;        at org.eclipse.jetty.util.thread.QueuedThreadPool.idleJobPoll(QueuedThreadPool.java:563)&#10;        at org.eclipse.jetty.util.thread.QueuedThreadPool.access$800(QueuedThreadPool.java:48)&#10;        at org.eclipse.jetty.util.thread.QueuedThreadPool$2.run(QueuedThreadPool.java:626)&#10;        at java.lang.Thread.run(Thread.java:748)&#10;&quot;pool-56-thread-13&quot;  prio=5 tid=452 in Object.wait()&#10;java.lang.Thread.State: WAITING (on object monitor)&#10;        at sun.misc.Unsafe.park(Native Method)&#10;        at java.util.concurrent.locks.LockSupport.park(LockSupport.java:175)&#10;        at java.util.concurrent.locks.AbstractQueuedSynchronizer$ConditionObject.await(AbstractQueuedSynchronizer.java:2039)&#10;        at java.util.concurrent.ArrayBlockingQueue.take(ArrayBlockingQueue.java:403)&#10;        at java.util.concurrent.ThreadPoolExecutor.getTask(ThreadPoolExecutor.java:1074)&#10;        at java.util.concurrent.ThreadPoolExecutor.runWorker(ThreadPoolExecutor.java:1134)&#10;        at java.util.concurrent.ThreadPoolExecutor$Worker.run(ThreadPoolExecutor.java:624)&#10;        at java.lang.Thread.run(Thread.java:748)&#10;&quot;IPC Server handler 15 on 40088&quot; daemon prio=5 tid=64 timed_waiting&#10;java.lang.Thread.State: TIMED_WAITING&#10;        at sun.misc.Unsafe.park(Native Method)&#10;        at java.util.concurrent.locks.LockSupport.parkNanos(LockSupport.java:215)&#10;        at java.util.concurrent.locks.AbstractQueuedSynchronizer$ConditionObject.awaitNanos(AbstractQueuedSynchronizer.java:2078)&#10;        at java.util.concurrent.LinkedBlockingQueue.poll(LinkedBlockingQueue.java:467)&#10;        at org.apache.hadoop.ipc.CallQueueManager.take(CallQueueManager.java:288)&#10;        at org.apache.hadoop.ipc.Server$Handler.run(Server.java:2668)&#10;&quot;BlockDeletingService#0&quot; daemon prio=5 tid=502 timed_waiting&#10;java.lang.Thread.State: TIMED_WAITING&#10;        at sun.misc.Unsafe.park(Native Method)&#10;        at java.util.concurrent.locks.LockSupport.parkNanos(LockSupport.java:215)&#10;        at java.util.concurrent.locks.AbstractQueuedSynchronizer$ConditionObject.awaitNanos(AbstractQueuedSynchronizer.java:2078)&#10;        at java.util.concurrent.ScheduledThreadPoolExecutor$DelayedWorkQueue.take(ScheduledThreadPoolExecutor.java:1093)&#10;        at java.util.concurrent.ScheduledThreadPoolExecutor$DelayedWorkQueue.take(ScheduledThreadPoolExecutor.java:809)&#10;        at java.util.concurrent.ThreadPoolExecutor.getTask(ThreadPoolExecutor.java:1074)&#10;        at java.util.concurrent.ThreadPoolExecutor.runWorker(ThreadPoolExecutor.java:1134)&#10;        at java.util.concurrent.ThreadPoolExecutor$Worker.run(ThreadPoolExecutor.java:624)&#10;        at java.lang.Thread.run(Thread.java:748)&#10;&quot;pool-36-thread-57&quot;  prio=5 tid=373 in Object.wait()&#10;java.lang.Thread.State: WAITING (on object monitor)&#10;        at sun.misc.Unsafe.park(Native Method)&#10;        at java.util.concurrent.locks.LockSupport.park(LockSupport.java:175)&#10;        at java.util.concurrent.locks.AbstractQueuedSynchronizer$ConditionObject.await(AbstractQueuedSynchronizer.java:2039)&#10;        at java.util.concurrent.ArrayBlockingQueue.take(ArrayBlockingQueue.java:403)&#10;        at java.util.concurrent.ThreadPoolExecutor.getTask(ThreadPoolExecutor.java:1074)&#10;        at java.util.concurrent.ThreadPoolExecutor.runWorker(ThreadPoolExecutor.java:1134)&#10;        at java.util.concurrent.ThreadPoolExecutor$Worker.run(ThreadPoolExecutor.java:624)&#10;        at java.lang.Thread.run(Thread.java:748)&#10;&quot;org.eclipse.jetty.server.session.HashSessionManager@5679e96bTimer&quot; daemon prio=5 tid=250 timed_waiting&#10;java.lang.Thread.State: TIMED_WAITING&#10;        at sun.misc.Unsafe.park(Native Method)&#10;        at java.util.concurrent.locks.LockSupport.parkNanos(LockSupport.java:215)&#10;        at java.util.concurrent.locks.AbstractQueuedSynchronizer$ConditionObject.awaitNanos(AbstractQueuedSynchronizer.java:2078)&#10;        at java.util.concurrent.ScheduledThreadPoolExecutor$DelayedWorkQueue.take(ScheduledThreadPoolExecutor.java:1093)&#10;        at java.util.concurrent.ScheduledThreadPoolExecutor$DelayedWorkQueue.take(ScheduledThreadPoolExecutor.java:809)&#10;        at java.util.concurrent.ThreadPoolExecutor.getTask(ThreadPoolExecutor.java:1074)&#10;        at java.util.concurrent.ThreadPoolExecutor.runWorker(ThreadPoolExecutor.java:1134)&#10;        at java.util.concurrent.ThreadPoolExecutor$Worker.run(ThreadPoolExecutor.java:624)&#10;        at java.lang.Thread.run(Thread.java:748)&#10;&quot;metrics-hadoop-metrics2-reporter-14-thread-1&quot; daemon prio=5 tid=559 timed_waiting&#10;java.lang.Thread.State: TIMED_WAITING&#10;        at sun.misc.Unsafe.park(Native Method)&#10;        at java.util.concurrent.locks.LockSupport.parkNanos(LockSupport.java:215)&#10;        at java.util.concurrent.locks.AbstractQueuedSynchronizer$ConditionObject.awaitNanos(AbstractQueuedSynchronizer.java:2078)&#10;        at java.util.concurrent.ScheduledThreadPoolExecutor$DelayedWorkQueue.take(ScheduledThreadPoolExecutor.java:1093)&#10;        at java.util.concurrent.ScheduledThreadPoolExecutor$DelayedWorkQueue.take(ScheduledThreadPoolExecutor.java:809)&#10;        at java.util.concurrent.ThreadPoolExecutor.getTask(ThreadPoolExecutor.java:1074)&#10;        at java.util.concurrent.ThreadPoolExecutor.runWorker(ThreadPoolExecutor.java:1134)&#10;        at java.util.concurrent.ThreadPoolExecutor$Worker.run(ThreadPoolExecutor.java:624)&#10;        at java.lang.Thread.run(Thread.java:748)&#10;&quot;IPC Server handler 9 on 38234&quot; daemon prio=5 tid=123 timed_waiting&#10;java.lang.Thread.State: TIMED_WAITING&#10;        at sun.misc.Unsafe.park(Native Method)&#10;        at java.util.concurrent.locks.LockSupport.parkNanos(LockSupport.java:215)&#10;        at java.util.concurrent.locks.AbstractQueuedSynchronizer$ConditionObject.awaitNanos(AbstractQueuedSynchronizer.java:2078)&#10;        at java.util.concurrent.LinkedBlockingQueue.poll(LinkedBlockingQueue.java:467)&#10;        at org.apache.hadoop.ipc.CallQueueManager.take(CallQueueManager.java:288)&#10;        at org.apache.hadoop.ipc.Server$Handler.run(Server.java:2668)&#10;&quot;Socket Reader #1 for port 40088&quot;  prio=5 tid=19 runnable&#10;java.lang.Thread.State: RUNNABLE&#10;        at sun.nio.ch.EPollArrayWrapper.epollWait(Native Method)&#10;        at sun.nio.ch.EPollArrayWrapper.poll(EPollArrayWrapper.java:269)&#10;        at sun.nio.ch.EPollSelectorImpl.doSelect(EPollSelectorImpl.java:93)&#10;        at sun.nio.ch.SelectorImpl.lockAndDoSelect(SelectorImpl.java:86)&#10;        at sun.nio.ch.SelectorImpl.select(SelectorImpl.java:97)&#10;        at sun.nio.ch.SelectorImpl.select(SelectorImpl.java:101)&#10;        at org.apache.hadoop.ipc.Server$Listener$Reader.doRunLoop(Server.java:1097)&#10;        at org.apache.hadoop.ipc.Server$Listener$Reader.run(Server.java:1076)&#10;&quot;EventQueue-NodeRegistrationContainerReportForContainerSafeModeRule&quot; daemon prio=5 tid=513 in Object.wait()&#10;java.lang.Thread.State: WAITING (on object monitor)&#10;        at sun.misc.Unsafe.park(Native Method)&#10;        at java.util.concurrent.locks.LockSupport.park(LockSupport.java:175)&#10;        at java.util.concurrent.locks.AbstractQueuedSynchronizer$ConditionObject.await(AbstractQueuedSynchronizer.java:2039)&#10;        at java.util.concurrent.LinkedBlockingQueue.take(LinkedBlockingQueue.java:442)&#10;        at java.util.concurrent.ThreadPoolExecutor.getTask(ThreadPoolExecutor.java:1074)&#10;        at java.util.concurrent.ThreadPoolExecutor.runWorker(ThreadPoolExecutor.java:1134)&#10;        at java.util.concurrent.ThreadPoolExecutor$Worker.run(ThreadPoolExecutor.java:624)&#10;        at java.lang.Thread.run(Thread.java:748)&#10;&quot;grpc-default-executor-3&quot; daemon prio=5 tid=622 timed_waiting&#10;java.lang.Thread.State: TIMED_WAITING&#10;        at sun.misc.Unsafe.park(Native Method)&#10;        at java.util.concurrent.locks.LockSupport.parkNanos(LockSupport.java:215)&#10;        at java.util.concurrent.SynchronousQueue$TransferStack.awaitFulfill(SynchronousQueue.java:460)&#10;        at java.util.concurrent.SynchronousQueue$TransferStack.transfer(SynchronousQueue.java:362)&#10;        at java.util.concurrent.SynchronousQueue.poll(SynchronousQueue.java:941)&#10;        at java.util.concurrent.ThreadPoolExecutor.getTask(ThreadPoolExecutor.java:1073)&#10;        at java.util.concurrent.ThreadPoolExecutor.runWorker(ThreadPoolExecutor.java:1134)&#10;        at java.util.concurrent.ThreadPoolExecutor$Worker.run(ThreadPoolExecutor.java:624)&#10;        at java.lang.Thread.run(Thread.java:748)&#10;&quot;refreshUsed-/workdir/hadoop-ozone/integration-test/target/test-dir/MiniOzoneClusterImpl-6c8aceb3-2805-42ee-9a98-c3760435b865/datanode-0/data/containers&quot; daemon prio=5 tid=154 timed_waiting&#10;java.lang.Thread.State: TIMED_WAITING&#10;        at java.lang.Thread.sleep(Native Method)&#10;        at org.apache.hadoop.fs.CachingGetSpaceUsed$RefreshThread.run(CachingGetSpaceUsed.java:179)&#10;        at java.lang.Thread.run(Thread.java:748)&#10;&quot;pool-56-thread-51&quot;  prio=5 tid=490 in Object.wait()&#10;java.lang.Thread.State: WAITING (on object monitor)&#10;        at sun.misc.Unsafe.park(Native Method)&#10;        at java.util.concurrent.locks.LockSupport.park(LockSupport.java:175)&#10;        at java.util.concurrent.locks.AbstractQueuedSynchronizer$ConditionObject.await(AbstractQueuedSynchronizer.java:2039)&#10;        at java.util.concurrent.ArrayBlockingQueue.take(ArrayBlockingQueue.java:403)&#10;        at java.util.concurrent.ThreadPoolExecutor.getTask(ThreadPoolExecutor.java:1074)&#10;        at java.util.concurrent.ThreadPoolExecutor.runWorker(ThreadPoolExecutor.java:1134)&#10;        at java.util.concurrent.ThreadPoolExecutor$Worker.run(ThreadPoolExecutor.java:624)&#10;        at java.lang.Thread.run(Thread.java:748)&#10;&quot;pool-36-thread-32&quot;  prio=5 tid=322 in Object.wait()&#10;java.lang.Thread.State: WAITING (on object monitor)&#10;        at sun.misc.Unsafe.park(Native Method)&#10;        at java.util.concurrent.locks.LockSupport.park(LockSupport.java:175)&#10;        at java.util.concurrent.locks.AbstractQueuedSynchronizer$ConditionObject.await(AbstractQueuedSynchronizer.java:2039)&#10;        at java.util.concurrent.ArrayBlockingQueue.take(ArrayBlockingQueue.java:403)&#10;        at java.util.concurrent.ThreadPoolExecutor.getTask(ThreadPoolExecutor.java:1074)&#10;        at java.util.concurrent.ThreadPoolExecutor.runWorker(ThreadPoolExecutor.java:1134)&#10;        at java.util.concurrent.ThreadPoolExecutor$Worker.run(ThreadPoolExecutor.java:624)&#10;        at java.lang.Thread.run(Thread.java:748)&#10;&quot;pool-26-thread-44&quot;  prio=5 tid=347 in Object.wait()&#10;java.lang.Thread.State: WAITING (on object monitor)&#10;        at sun.misc.Unsafe.park(Native Method)&#10;        at java.util.concurrent.locks.LockSupport.park(LockSupport.java:175)&#10;        at java.util.concurrent.locks.AbstractQueuedSynchronizer$ConditionObject.await(AbstractQueuedSynchronizer.java:2039)&#10;        at java.util.concurrent.ArrayBlockingQueue.take(ArrayBlockingQueue.java:403)&#10;        at java.util.concurrent.ThreadPoolExecutor.getTask(ThreadPoolExecutor.java:1074)&#10;        at java.util.concurrent.ThreadPoolExecutor.runWorker(ThreadPoolExecutor.java:1134)&#10;        at java.util.concurrent.ThreadPoolExecutor$Worker.run(ThreadPoolExecutor.java:624)&#10;        at java.lang.Thread.run(Thread.java:748)&#10;&quot;qtp292890110-241-acceptor-0@244e9695-ServerConnector@4f0f7849{HTTP/1.1,[http/1.1]}{0.0.0.0:38112}&quot; daemon prio=3 tid=241 runnable&#10;java.lang.Thread.State: RUNNABLE&#10;        at sun.nio.ch.ServerSocketChannelImpl.accept0(Native Method)&#10;        at sun.nio.ch.ServerSocketChannelImpl.accept(ServerSocketChannelImpl.java:422)&#10;        at sun.nio.ch.ServerSocketChannelImpl.accept(ServerSocketChannelImpl.java:250)&#10;        at org.eclipse.jetty.server.ServerConnector.accept(ServerConnector.java:397)&#10;        at org.eclipse.jetty.server.AbstractConnector$Acceptor.run(AbstractConnector.java:601)&#10;        at org.eclipse.jetty.util.thread.QueuedThreadPool.runJob(QueuedThreadPool.java:671)&#10;        at org.eclipse.jetty.util.thread.QueuedThreadPool$2.run(QueuedThreadPool.java:589)&#10;        at java.lang.Thread.run(Thread.java:748)&#10;&quot;grpc-default-executor-2&quot; daemon prio=5 tid=572 timed_waiting&#10;java.lang.Thread.State: TIMED_WAITING&#10;        at sun.misc.Unsafe.park(Native Method)&#10;        at java.util.concurrent.locks.LockSupport.parkNanos(LockSupport.java:215)&#10;        at java.util.concurrent.SynchronousQueue$TransferStack.awaitFulfill(SynchronousQueue.java:460)&#10;        at java.util.concurrent.SynchronousQueue$TransferStack.transfer(SynchronousQueue.java:362)&#10;        at java.util.concurrent.SynchronousQueue.poll(SynchronousQueue.java:941)&#10;        at java.util.concurrent.ThreadPoolExecutor.getTask(ThreadPoolExecutor.java:1073)&#10;        at java.util.concurrent.ThreadPoolExecutor.runWorker(ThreadPoolExecutor.java:1134)&#10;        at java.util.concurrent.ThreadPoolExecutor$Worker.run(ThreadPoolExecutor.java:624)&#10;        at java.lang.Thread.run(Thread.java:748)&#10;&quot;pool-46-thread-25&quot;  prio=5 tid=404 in Object.wait()&#10;java.lang.Thread.State: WAITING (on object monitor)&#10;        at sun.misc.Unsafe.park(Native Method)&#10;        at java.util.concurrent.locks.LockSupport.park(LockSupport.java:175)&#10;        at java.util.concurrent.locks.AbstractQueuedSynchronizer$ConditionObject.await(AbstractQueuedSynchronizer.java:2039)&#10;        at java.util.concurrent.ArrayBlockingQueue.take(ArrayBlockingQueue.java:403)&#10;        at java.util.concurrent.ThreadPoolExecutor.getTask(ThreadPoolExecutor.java:1074)&#10;        at java.util.concurrent.ThreadPoolExecutor.runWorker(ThreadPoolExecutor.java:1134)&#10;        at java.util.concurrent.ThreadPoolExecutor$Worker.run(ThreadPoolExecutor.java:624)&#10;        at java.lang.Thread.run(Thread.java:748)&#10;&quot;pool-46-thread-6&quot;  prio=5 tid=385 in Object.wait()&#10;java.lang.Thread.State: WAITING (on object monitor)&#10;        at sun.misc.Unsafe.park(Native Method)&#10;        at java.util.concurrent.locks.LockSupport.park(LockSupport.java:175)&#10;        at java.util.concurrent.locks.AbstractQueuedSynchronizer$ConditionObject.await(AbstractQueuedSynchronizer.java:2039)&#10;        at java.util.concurrent.ArrayBlockingQueue.take(ArrayBlockingQueue.java:403)&#10;        at java.util.concurrent.ThreadPoolExecutor.getTask(ThreadPoolExecutor.java:1074)&#10;        at java.util.concurrent.ThreadPoolExecutor.runWorker(ThreadPoolExecutor.java:1134)&#10;        at java.util.concurrent.ThreadPoolExecutor$Worker.run(ThreadPoolExecutor.java:624)&#10;        at java.lang.Thread.run(Thread.java:748)&#10;&quot;pool-46-thread-2&quot;  prio=5 tid=381 in Object.wait()&#10;java.lang.Thread.State: WAITING (on object monitor)&#10;        at sun.misc.Unsafe.park(Native Method)&#10;        at java.util.concurrent.locks.LockSupport.park(LockSupport.java:175)&#10;        at java.util.concurrent.locks.AbstractQueuedSynchronizer$ConditionObject.await(AbstractQueuedSynchronizer.java:2039)&#10;        at java.util.concurrent.ArrayBlockingQueue.take(ArrayBlockingQueue.java:403)&#10;        at java.util.concurrent.ThreadPoolExecutor.getTask(ThreadPoolExecutor.java:1074)&#10;        at java.util.concurrent.ThreadPoolExecutor.runWorker(ThreadPoolExecutor.java:1134)&#10;        at java.util.concurrent.ThreadPoolExecutor$Worker.run(ThreadPoolExecutor.java:624)&#10;        at java.lang.Thread.run(Thread.java:748)&#10;&quot;Datanode State Machine Thread - 0&quot; daemon prio=5 tid=258 timed_waiting&#10;java.lang.Thread.State: TIMED_WAITING&#10;        at sun.misc.Unsafe.park(Native Method)&#10;        at java.util.concurrent.locks.LockSupport.parkNanos(LockSupport.java:215)&#10;        at java.util.concurrent.SynchronousQueue$TransferStack.awaitFulfill(SynchronousQueue.java:460)&#10;        at java.util.concurrent.SynchronousQueue$TransferStack.transfer(SynchronousQueue.java:362)&#10;        at java.util.concurrent.SynchronousQueue.poll(SynchronousQueue.java:941)&#10;        at java.util.concurrent.ThreadPoolExecutor.getTask(ThreadPoolExecutor.java:1073)&#10;        at java.util.concurrent.ThreadPoolExecutor.runWorker(ThreadPoolExecutor.java:1134)&#10;        at java.util.concurrent.ThreadPoolExecutor$Worker.run(ThreadPoolExecutor.java:624)&#10;        at java.lang.Thread.run(Thread.java:748)&#10;&quot;pool-26-thread-22&quot;  prio=5 tid=303 in Object.wait()&#10;java.lang.Thread.State: WAITING (on object monitor)&#10;        at sun.misc.Unsafe.park(Native Method)&#10;        at java.util.concurrent.locks.LockSupport.park(LockSupport.java:175)&#10;        at java.util.concurrent.locks.AbstractQueuedSynchronizer$ConditionObject.await(AbstractQueuedSynchronizer.java:2039)&#10;        at java.util.concurrent.ArrayBlockingQueue.take(ArrayBlockingQueue.java:403)&#10;        at java.util.concurrent.ThreadPoolExecutor.getTask(ThreadPoolExecutor.java:1074)&#10;        at java.util.concurrent.ThreadPoolExecutor.runWorker(ThreadPoolExecutor.java:1134)&#10;        at java.util.concurrent.ThreadPoolExecutor$Worker.run(ThreadPoolExecutor.java:624)&#10;        at java.lang.Thread.run(Thread.java:748)&#10;&quot;pool-54-thread-1&quot; daemon prio=5 tid=237 timed_waiting&#10;java.lang.Thread.State: TIMED_WAITING&#10;        at sun.misc.Unsafe.park(Native Method)&#10;        at java.util.concurrent.locks.LockSupport.parkNanos(LockSupport.java:215)&#10;        at java.util.concurrent.locks.AbstractQueuedSynchronizer$ConditionObject.awaitNanos(AbstractQueuedSynchronizer.java:2078)&#10;        at java.util.concurrent.ScheduledThreadPoolExecutor$DelayedWorkQueue.take(ScheduledThreadPoolExecutor.java:1093)&#10;        at java.util.concurrent.ScheduledThreadPoolExecutor$DelayedWorkQueue.take(ScheduledThreadPoolExecutor.java:809)&#10;        at java.util.concurrent.ThreadPoolExecutor.getTask(ThreadPoolExecutor.java:1074)&#10;        at java.util.concurrent.ThreadPoolExecutor.runWorker(ThreadPoolExecutor.java:1134)&#10;        at java.util.concurrent.ThreadPoolExecutor$Worker.run(ThreadPoolExecutor.java:624)&#10;        at java.lang.Thread.run(Thread.java:748)&#10;&quot;qtp7829163-90&quot; daemon prio=5 tid=90 runnable&#10;java.lang.Thread.State: RUNNABLE&#10;        at sun.nio.ch.EPollArrayWrapper.epollWait(Native Method)&#10;        at sun.nio.ch.EPollArrayWrapper.poll(EPollArrayWrapper.java:269)&#10;        at sun.nio.ch.EPollSelectorImpl.doSelect(EPollSelectorImpl.java:93)&#10;        at sun.nio.ch.SelectorImpl.lockAndDoSelect(SelectorImpl.java:86)&#10;        at sun.nio.ch.SelectorImpl.select(SelectorImpl.java:97)&#10;        at sun.nio.ch.SelectorImpl.select(SelectorImpl.java:101)&#10;        at org.eclipse.jetty.io.ManagedSelector$SelectorProducer.select(ManagedSelector.java:243)&#10;        at org.eclipse.jetty.io.ManagedSelector$SelectorProducer.produce(ManagedSelector.java:191)&#10;        at org.eclipse.jetty.util.thread.strategy.ExecuteProduceConsume.executeProduceConsume(ExecuteProduceConsume.java:249)&#10;        at org.eclipse.jetty.util.thread.strategy.ExecuteProduceConsume.produceConsume(ExecuteProduceConsume.java:148)&#10;        at org.eclipse.jetty.util.thread.strategy.ExecuteProduceConsume.execute(ExecuteProduceConsume.java:100)&#10;        at org.eclipse.jetty.io.ManagedSelector.run(ManagedSelector.java:147)&#10;        at org.eclipse.jetty.util.thread.QueuedThreadPool.runJob(QueuedThreadPool.java:671)&#10;        at org.eclipse.jetty.util.thread.QueuedThreadPool$2.run(QueuedThreadPool.java:589)&#10;        at java.lang.Thread.run(Thread.java:748)&#10;&quot;cbde3520-0cea-4357-bb04-1a0ae64b2bb1@group-E7676BAFBEDD-SegmentedRaftLogWorker&quot;  prio=5 tid=538 timed_waiting&#10;java.lang.Thread.State: TIMED_WAITING&#10;        at sun.misc.Unsafe.park(Native Method)&#10;        at java.util.concurrent.locks.LockSupport.parkNanos(LockSupport.java:215)&#10;        at java.util.concurrent.locks.AbstractQueuedSynchronizer$ConditionObject.awaitNanos(AbstractQueuedSynchronizer.java:2078)&#10;        at org.apache.ratis.util.DataBlockingQueue.poll(DataBlockingQueue.java:137)&#10;        at org.apache.ratis.server.raftlog.segmented.SegmentedRaftLogWorker.run(SegmentedRaftLogWorker.java:282)&#10;        at java.lang.Thread.run(Thread.java:748)&#10;&quot;pool-26-thread-5&quot;  prio=5 tid=268 in Object.wait()&#10;java.lang.Thread.State: WAITING (on object monitor)&#10;        at sun.misc.Unsafe.park(Native Method)&#10;        at java.util.concurrent.locks.LockSupport.park(LockSupport.java:175)&#10;        at java.util.concurrent.locks.AbstractQueuedSynchronizer$ConditionObject.await(AbstractQueuedSynchronizer.java:2039)&#10;        at java.util.concurrent.ArrayBlockingQueue.take(ArrayBlockingQueue.java:403)&#10;        at java.util.concurrent.ThreadPoolExecutor.getTask(ThreadPoolExecutor.java:1074)&#10;        at java.util.concurrent.ThreadPoolExecutor.runWorker(ThreadPoolExecutor.java:1134)&#10;        at java.util.concurrent.ThreadPoolExecutor$Worker.run(ThreadPoolExecutor.java:624)&#10;        at java.lang.Thread.run(Thread.java:748)&#10;&quot;IPC Server handler 14 on 40088&quot; daemon prio=5 tid=63 timed_waiting&#10;java.lang.Thread.State: TIMED_WAITING&#10;        at sun.misc.Unsafe.park(Native Method)&#10;        at java.util.concurrent.locks.LockSupport.parkNanos(LockSupport.java:215)&#10;        at java.util.concurrent.locks.AbstractQueuedSynchronizer$ConditionObject.awaitNanos(AbstractQueuedSynchronizer.java:2078)&#10;        at java.util.concurrent.LinkedBlockingQueue.poll(LinkedBlockingQueue.java:467)&#10;        at org.apache.hadoop.ipc.CallQueueManager.take(CallQueueManager.java:288)&#10;        at org.apache.hadoop.ipc.Server$Handler.run(Server.java:2668)&#10;&quot;pool-56-thread-24&quot;  prio=5 tid=463 in Object.wait()&#10;java.lang.Thread.State: WAITING (on object monitor)&#10;        at sun.misc.Unsafe.park(Native Method)&#10;        at java.util.concurrent.locks.LockSupport.park(LockSupport.java:175)&#10;        at java.util.concurrent.locks.AbstractQueuedSynchronizer$ConditionObject.await(AbstractQueuedSynchronizer.java:2039)&#10;        at java.util.concurrent.ArrayBlockingQueue.take(ArrayBlockingQueue.java:403)&#10;        at java.util.concurrent.ThreadPoolExecutor.getTask(ThreadPoolExecutor.java:1074)&#10;        at java.util.concurrent.ThreadPoolExecutor.runWorker(ThreadPoolExecutor.java:1134)&#10;        at java.util.concurrent.ThreadPoolExecutor$Worker.run(ThreadPoolExecutor.java:624)&#10;        at java.lang.Thread.run(Thread.java:748)&#10;&quot;pool-56-thread-9&quot;  prio=5 tid=448 in Object.wait()&#10;java.lang.Thread.State: WAITING (on object monitor)&#10;        at sun.misc.Unsafe.park(Native Method)&#10;        at java.util.concurrent.locks.LockSupport.park(LockSupport.java:175)&#10;        at java.util.concurrent.locks.AbstractQueuedSynchronizer$ConditionObject.await(AbstractQueuedSynchronizer.java:2039)&#10;        at java.util.concurrent.ArrayBlockingQueue.take(ArrayBlockingQueue.java:403)&#10;        at java.util.concurrent.ThreadPoolExecutor.getTask(ThreadPoolExecutor.java:1074)&#10;        at java.util.concurrent.ThreadPoolExecutor.runWorker(ThreadPoolExecutor.java:1134)&#10;        at java.util.concurrent.ThreadPoolExecutor$Worker.run(ThreadPoolExecutor.java:624)&#10;        at java.lang.Thread.run(Thread.java:748)&#10;&quot;IPC Server handler 5 on 38234&quot; daemon prio=5 tid=119 timed_waiting&#10;java.lang.Thread.State: TIMED_WAITING&#10;        at sun.misc.Unsafe.park(Native Method)&#10;        at java.util.concurrent.locks.LockSupport.parkNanos(LockSupport.java:215)&#10;        at java.util.concurrent.locks.AbstractQueuedSynchronizer$ConditionObject.awaitNanos(AbstractQueuedSynchronizer.java:2078)&#10;        at java.util.concurrent.LinkedBlockingQueue.poll(LinkedBlockingQueue.java:467)&#10;        at org.apache.hadoop.ipc.CallQueueManager.take(CallQueueManager.java:288)&#10;        at org.apache.hadoop.ipc.Server$Handler.run(Server.java:2668)&#10;&quot;IPC Server handler 11 on 38234&quot; daemon prio=5 tid=126 timed_waiting&#10;java.lang.Thread.State: TIMED_WAITING&#10;        at sun.misc.Unsafe.park(Native Method)&#10;        at java.util.concurrent.locks.LockSupport.parkNanos(LockSupport.java:215)&#10;        at java.util.concurrent.locks.AbstractQueuedSynchronizer$ConditionObject.awaitNanos(AbstractQueuedSynchronizer.java:2078)&#10;        at java.util.concurrent.LinkedBlockingQueue.poll(LinkedBlockingQueue.java:467)&#10;        at org.apache.hadoop.ipc.CallQueueManager.take(CallQueueManager.java:288)&#10;        at org.apache.hadoop.ipc.Server$Handler.run(Server.java:2668)&#10;&quot;qtp707892422-186&quot; daemon prio=5 tid=186 runnable&#10;java.lang.Thread.State: RUNNABLE&#10;        at sun.nio.ch.EPollArrayWrapper.epollWait(Native Method)&#10;        at sun.nio.ch.EPollArrayWrapper.poll(EPollArrayWrapper.java:269)&#10;        at sun.nio.ch.EPollSelectorImpl.doSelect(EPollSelectorImpl.java:93)&#10;        at sun.nio.ch.SelectorImpl.lockAndDoSelect(SelectorImpl.java:86)&#10;        at sun.nio.ch.SelectorImpl.select(SelectorImpl.java:97)&#10;        at sun.nio.ch.SelectorImpl.select(SelectorImpl.java:101)&#10;        at org.eclipse.jetty.io.ManagedSelector$SelectorProducer.select(ManagedSelector.java:243)&#10;        at org.eclipse.jetty.io.ManagedSelector$SelectorProducer.produce(ManagedSelector.java:191)&#10;        at org.eclipse.jetty.util.thread.strategy.ExecuteProduceConsume.executeProduceConsume(ExecuteProduceConsume.java:249)&#10;        at org.eclipse.jetty.util.thread.strategy.ExecuteProduceConsume.produceConsume(ExecuteProduceConsume.java:148)&#10;        at org.eclipse.jetty.util.thread.strategy.ExecuteProduceConsume.execute(ExecuteProduceConsume.java:100)&#10;        at org.eclipse.jetty.io.ManagedSelector.run(ManagedSelector.java:147)&#10;        at org.eclipse.jetty.util.thread.QueuedThreadPool.runJob(QueuedThreadPool.java:671)&#10;        at org.eclipse.jetty.util.thread.QueuedThreadPool$2.run(QueuedThreadPool.java:589)&#10;        at java.lang.Thread.run(Thread.java:748)&#10;&quot;pool-36-thread-60&quot;  prio=5 tid=379 in Object.wait()&#10;java.lang.Thread.State: WAITING (on object monitor)&#10;        at sun.misc.Unsafe.park(Native Method)&#10;        at java.util.concurrent.locks.LockSupport.park(LockSupport.java:175)&#10;        at java.util.concurrent.locks.AbstractQueuedSynchronizer$ConditionObject.await(AbstractQueuedSynchronizer.java:2039)&#10;        at java.util.concurrent.ArrayBlockingQueue.take(ArrayBlockingQueue.java:403)&#10;        at java.util.concurrent.ThreadPoolExecutor.getTask(ThreadPoolExecutor.java:1074)&#10;        at java.util.concurrent.ThreadPoolExecutor.runWorker(ThreadPoolExecutor.java:1134)&#10;        at java.util.concurrent.ThreadPoolExecutor$Worker.run(ThreadPoolExecutor.java:624)&#10;        at java.lang.Thread.run(Thread.java:748)&#10;&quot;pool-36-thread-20&quot;  prio=5 tid=298 in Object.wait()&#10;java.lang.Thread.State: WAITING (on object monitor)&#10;        at sun.misc.Unsafe.park(Native Method)&#10;        at java.util.concurrent.locks.LockSupport.park(LockSupport.java:175)&#10;        at java.util.concurrent.locks.AbstractQueuedSynchronizer$ConditionObject.await(AbstractQueuedSynchronizer.java:2039)&#10;        at java.util.concurrent.ArrayBlockingQueue.take(ArrayBlockingQueue.java:403)&#10;        at java.util.concurrent.ThreadPoolExecutor.getTask(ThreadPoolExecutor.java:1074)&#10;        at java.util.concurrent.ThreadPoolExecutor.runWorker(ThreadPoolExecutor.java:1134)&#10;        at java.util.concurrent.ThreadPoolExecutor$Worker.run(ThreadPoolExecutor.java:624)&#10;        at java.lang.Thread.run(Thread.java:748)&#10;&quot;pool-46-thread-36&quot;  prio=5 tid=415 in Object.wait()&#10;java.lang.Thread.State: WAITING (on object monitor)&#10;        at sun.misc.Unsafe.park(Native Method)&#10;        at java.util.concurrent.locks.LockSupport.park(LockSupport.java:175)&#10;        at java.util.concurrent.locks.AbstractQueuedSynchronizer$ConditionObject.await(AbstractQueuedSynchronizer.java:2039)&#10;        at java.util.concurrent.ArrayBlockingQueue.take(ArrayBlockingQueue.java:403)&#10;        at java.util.concurrent.ThreadPoolExecutor.getTask(ThreadPoolExecutor.java:1074)&#10;        at java.util.concurrent.ThreadPoolExecutor.runWorker(ThreadPoolExecutor.java:1134)&#10;        at java.util.concurrent.ThreadPoolExecutor$Worker.run(ThreadPoolExecutor.java:624)&#10;        at java.lang.Thread.run(Thread.java:748)&#10;&quot;IPC Server handler 0 on 38234&quot; daemon prio=5 tid=114 timed_waiting&#10;java.lang.Thread.State: TIMED_WAITING&#10;        at sun.misc.Unsafe.park(Native Method)&#10;        at java.util.concurrent.locks.LockSupport.parkNanos(LockSupport.java:215)&#10;        at java.util.concurrent.locks.AbstractQueuedSynchronizer$ConditionObject.awaitNanos(AbstractQueuedSynchronizer.java:2078)&#10;        at java.util.concurrent.LinkedBlockingQueue.poll(LinkedBlockingQueue.java:467)&#10;        at org.apache.hadoop.ipc.CallQueueManager.take(CallQueueManager.java:288)&#10;        at org.apache.hadoop.ipc.Server$Handler.run(Server.java:2668)&#10;&quot;metrics-hadoop-metrics2-reporter-37-thread-1&quot; daemon prio=5 tid=705 timed_waiting&#10;java.lang.Thread.State: TIMED_WAITING&#10;        at sun.misc.Unsafe.park(Native Method)&#10;        at java.util.concurrent.locks.LockSupport.parkNanos(LockSupport.java:215)&#10;        at java.util.concurrent.locks.AbstractQueuedSynchronizer$ConditionObject.awaitNanos(AbstractQueuedSynchronizer.java:2078)&#10;        at java.util.concurrent.ScheduledThreadPoolExecutor$DelayedWorkQueue.take(ScheduledThreadPoolExecutor.java:1093)&#10;        at java.util.concurrent.ScheduledThreadPoolExecutor$DelayedWorkQueue.take(ScheduledThreadPoolExecutor.java:809)&#10;        at java.util.concurrent.ThreadPoolExecutor.getTask(ThreadPoolExecutor.java:1074)&#10;        at java.util.concurrent.ThreadPoolExecutor.runWorker(ThreadPoolExecutor.java:1134)&#10;        at java.util.concurrent.ThreadPoolExecutor$Worker.run(ThreadPoolExecutor.java:624)&#10;        at java.lang.Thread.run(Thread.java:748)&#10;&quot;pool-56-thread-60&quot;  prio=5 tid=499 in Object.wait()&#10;java.lang.Thread.State: WAITING (on object monitor)&#10;        at sun.misc.Unsafe.park(Native Method)&#10;        at java.util.concurrent.locks.LockSupport.park(LockSupport.java:175)&#10;        at java.util.concurrent.locks.AbstractQueuedSynchronizer$ConditionObject.await(AbstractQueuedSynchronizer.java:2039)&#10;        at java.util.concurrent.ArrayBlockingQueue.take(ArrayBlockingQueue.java:403)&#10;        at java.util.concurrent.ThreadPoolExecutor.getTask(ThreadPoolExecutor.java:1074)&#10;        at java.util.concurrent.ThreadPoolExecutor.runWorker(ThreadPoolExecutor.java:1134)&#10;        at java.util.concurrent.ThreadPoolExecutor$Worker.run(ThreadPoolExecutor.java:624)&#10;        at java.lang.Thread.run(Thread.java:748)&#10;&quot;org.eclipse.jetty.server.session.HashSessionManager@4a9e6fafTimer&quot; daemon prio=5 tid=98 timed_waiting&#10;java.lang.Thread.State: TIMED_WAITING&#10;        at sun.misc.Unsafe.park(Native Method)&#10;        at java.util.concurrent.locks.LockSupport.parkNanos(LockSupport.java:215)&#10;        at java.util.concurrent.locks.AbstractQueuedSynchronizer$ConditionObject.awaitNanos(AbstractQueuedSynchronizer.java:2078)&#10;        at java.util.concurrent.ScheduledThreadPoolExecutor$DelayedWorkQueue.take(ScheduledThreadPoolExecutor.java:1093)&#10;        at java.util.concurrent.ScheduledThreadPoolExecutor$DelayedWorkQueue.take(ScheduledThreadPoolExecutor.java:809)&#10;        at java.util.concurrent.ThreadPoolExecutor.getTask(ThreadPoolExecutor.java:1074)&#10;        at java.util.concurrent.ThreadPoolExecutor.runWorker(ThreadPoolExecutor.java:1134)&#10;        at java.util.concurrent.ThreadPoolExecutor$Worker.run(ThreadPoolExecutor.java:624)&#10;        at java.lang.Thread.run(Thread.java:748)&#10;&quot;Datanode ReportManager Thread - 1&quot; daemon prio=5 tid=172 in Object.wait()&#10;java.lang.Thread.State: WAITING (on object monitor)&#10;        at sun.misc.Unsafe.park(Native Method)&#10;        at java.util.concurrent.locks.LockSupport.park(LockSupport.java:175)&#10;        at java.util.concurrent.locks.AbstractQueuedSynchronizer$ConditionObject.await(AbstractQueuedSynchronizer.java:2039)&#10;        at java.util.concurrent.ScheduledThreadPoolExecutor$DelayedWorkQueue.take(ScheduledThreadPoolExecutor.java:1088)&#10;        at java.util.concurrent.ScheduledThreadPoolExecutor$DelayedWorkQueue.take(ScheduledThreadPoolExecutor.java:809)&#10;        at java.util.concurrent.ThreadPoolExecutor.getTask(ThreadPoolExecutor.java:1074)&#10;        at java.util.concurrent.ThreadPoolExecutor.runWorker(ThreadPoolExecutor.java:1134)&#10;        at java.util.concurrent.ThreadPoolExecutor$Worker.run(ThreadPoolExecutor.java:624)&#10;        at java.lang.Thread.run(Thread.java:748)&#10;&quot;pool-56-thread-6&quot;  prio=5 tid=445 in Object.wait()&#10;java.lang.Thread.State: WAITING (on object monitor)&#10;        at sun.misc.Unsafe.park(Native Method)&#10;        at java.util.concurrent.locks.LockSupport.park(LockSupport.java:175)&#10;        at java.util.concurrent.locks.AbstractQueuedSynchronizer$ConditionObject.await(AbstractQueuedSynchronizer.java:2039)&#10;        at java.util.concurrent.ArrayBlockingQueue.take(ArrayBlockingQueue.java:403)&#10;        at java.util.concurrent.ThreadPoolExecutor.getTask(ThreadPoolExecutor.java:1074)&#10;        at java.util.concurrent.ThreadPoolExecutor.runWorker(ThreadPoolExecutor.java:1134)&#10;        at java.util.concurrent.ThreadPoolExecutor$Worker.run(ThreadPoolExecutor.java:624)&#10;        at java.lang.Thread.run(Thread.java:748)&#10;&quot;pool-56-thread-43&quot;  prio=5 tid=482 in Object.wait()&#10;java.lang.Thread.State: WAITING (on object monitor)&#10;        at sun.misc.Unsafe.park(Native Method)&#10;        at java.util.concurrent.locks.LockSupport.park(LockSupport.java:175)&#10;        at java.util.concurrent.locks.AbstractQueuedSynchronizer$ConditionObject.await(AbstractQueuedSynchronizer.java:2039)&#10;        at java.util.concurrent.ArrayBlockingQueue.take(ArrayBlockingQueue.java:403)&#10;        at java.util.concurrent.ThreadPoolExecutor.getTask(ThreadPoolExecutor.java:1074)&#10;        at java.util.concurrent.ThreadPoolExecutor.runWorker(ThreadPoolExecutor.java:1134)&#10;        at java.util.concurrent.ThreadPoolExecutor$Worker.run(ThreadPoolExecutor.java:624)&#10;        at java.lang.Thread.run(Thread.java:748)&#10;&quot;IPC Server handler 17 on 34339&quot; daemon prio=5 tid=86 timed_waiting&#10;java.lang.Thread.State: TIMED_WAITING&#10;        at sun.misc.Unsafe.park(Native Method)&#10;        at java.util.concurrent.locks.LockSupport.parkNanos(LockSupport.java:215)&#10;        at java.util.concurrent.locks.AbstractQueuedSynchronizer$ConditionObject.awaitNanos(AbstractQueuedSynchronizer.java:2078)&#10;        at java.util.concurrent.LinkedBlockingQueue.poll(LinkedBlockingQueue.java:467)&#10;        at org.apache.hadoop.ipc.CallQueueManager.take(CallQueueManager.java:288)&#10;        at org.apache.hadoop.ipc.Server$Handler.run(Server.java:2668)&#10;&quot;pool-36-thread-9&quot;  prio=5 tid=277 in Object.wait()&#10;java.lang.Thread.State: WAITING (on object monitor)&#10;        at sun.misc.Unsafe.park(Native Method)&#10;        at java.util.concurrent.locks.LockSupport.park(LockSupport.java:175)&#10;        at java.util.concurrent.locks.AbstractQueuedSynchronizer$ConditionObject.await(AbstractQueuedSynchronizer.java:2039)&#10;        at java.util.concurrent.ArrayBlockingQueue.take(ArrayBlockingQueue.java:403)&#10;        at java.util.concurrent.ThreadPoolExecutor.getTask(ThreadPoolExecutor.java:1074)&#10;        at java.util.concurrent.ThreadPoolExecutor.runWorker(ThreadPoolExecutor.java:1134)&#10;        at java.util.concurrent.ThreadPoolExecutor$Worker.run(ThreadPoolExecutor.java:624)&#10;        at java.lang.Thread.run(Thread.java:748)&#10;&quot;metrics-hadoop-metrics2-reporter-4-thread-1&quot; daemon prio=5 tid=530 timed_waiting&#10;java.lang.Thread.State: TIMED_WAITING&#10;        at sun.misc.Unsafe.park(Native Method)&#10;        at java.util.concurrent.locks.LockSupport.parkNanos(LockSupport.java:215)&#10;        at java.util.concurrent.locks.AbstractQueuedSynchronizer$ConditionObject.awaitNanos(AbstractQueuedSynchronizer.java:2078)&#10;        at java.util.concurrent.ScheduledThreadPoolExecutor$DelayedWorkQueue.take(ScheduledThreadPoolExecutor.java:1093)&#10;        at java.util.concurrent.ScheduledThreadPoolExecutor$DelayedWorkQueue.take(ScheduledThreadPoolExecutor.java:809)&#10;        at java.util.concurrent.ThreadPoolExecutor.getTask(ThreadPoolExecutor.java:1074)&#10;        at java.util.concurrent.ThreadPoolExecutor.runWorker(ThreadPoolExecutor.java:1134)&#10;        at java.util.concurrent.ThreadPoolExecutor$Worker.run(ThreadPoolExecutor.java:624)&#10;        at java.lang.Thread.run(Thread.java:748)&#10;&quot;org.eclipse.jetty.server.session.HashSessionManager@60325987Timer&quot; daemon prio=5 tid=196 timed_waiting&#10;java.lang.Thread.State: TIMED_WAITING&#10;        at sun.misc.Unsafe.park(Native Method)&#10;        at java.util.concurrent.locks.LockSupport.parkNanos(LockSupport.java:215)&#10;        at java.util.concurrent.locks.AbstractQueuedSynchronizer$ConditionObject.awaitNanos(AbstractQueuedSynchronizer.java:2078)&#10;        at java.util.concurrent.ScheduledThreadPoolExecutor$DelayedWorkQueue.take(ScheduledThreadPoolExecutor.java:1093)&#10;        at java.util.concurrent.ScheduledThreadPoolExecutor$DelayedWorkQueue.take(ScheduledThreadPoolExecutor.java:809)&#10;        at java.util.concurrent.ThreadPoolExecutor.getTask(ThreadPoolExecutor.java:1074)&#10;        at java.util.concurrent.ThreadPoolExecutor.runWorker(ThreadPoolExecutor.java:1134)&#10;        at java.util.concurrent.ThreadPoolExecutor$Worker.run(ThreadPoolExecutor.java:624)&#10;        at java.lang.Thread.run(Thread.java:748)&#10;&quot;qtp707892422-187-acceptor-0@21d62fdf-ServerConnector@2af69643{HTTP/1.1,[http/1.1]}{0.0.0.0:42528}&quot; daemon prio=3 tid=187 runnable&#10;java.lang.Thread.State: RUNNABLE&#10;        at sun.nio.ch.ServerSocketChannelImpl.accept0(Native Method)&#10;        at sun.nio.ch.ServerSocketChannelImpl.accept(ServerSocketChannelImpl.java:422)&#10;        at sun.nio.ch.ServerSocketChannelImpl.accept(ServerSocketChannelImpl.java:250)&#10;        at org.eclipse.jetty.server.ServerConnector.accept(ServerConnector.java:397)&#10;        at org.eclipse.jetty.server.AbstractConnector$Acceptor.run(AbstractConnector.java:601)&#10;        at org.eclipse.jetty.util.thread.QueuedThreadPool.runJob(QueuedThreadPool.java:671)&#10;        at org.eclipse.jetty.util.thread.QueuedThreadPool$2.run(QueuedThreadPool.java:589)&#10;        at java.lang.Thread.run(Thread.java:748)&#10;&quot;IPC Server Responder&quot; daemon prio=5 tid=17 runnable&#10;java.lang.Thread.State: RUNNABLE&#10;        at sun.nio.ch.EPollArrayWrapper.epollWait(Native Method)&#10;        at sun.nio.ch.EPollArrayWrapper.poll(EPollArrayWrapper.java:269)&#10;        at sun.nio.ch.EPollSelectorImpl.doSelect(EPollSelectorImpl.java:93)&#10;        at sun.nio.ch.SelectorImpl.lockAndDoSelect(SelectorImpl.java:86)&#10;        at sun.nio.ch.SelectorImpl.select(SelectorImpl.java:97)&#10;        at org.apache.hadoop.ipc.Server$Responder.doRunLoop(Server.java:1334)&#10;        at org.apache.hadoop.ipc.Server$Responder.run(Server.java:1317)&#10;&quot;EventQueue-NewNodeForNewNodeHandler&quot; daemon prio=5 tid=509 in Object.wait()&#10;java.lang.Thread.State: WAITING (on object monitor)&#10;        at sun.misc.Unsafe.park(Native Method)&#10;        at java.util.concurrent.locks.LockSupport.park(LockSupport.java:175)&#10;        at java.util.concurrent.locks.AbstractQueuedSynchronizer$ConditionObject.await(AbstractQueuedSynchronizer.java:2039)&#10;        at java.util.concurrent.LinkedBlockingQueue.take(LinkedBlockingQueue.java:442)&#10;        at java.util.concurrent.ThreadPoolExecutor.getTask(ThreadPoolExecutor.java:1074)&#10;        at java.util.concurrent.ThreadPoolExecutor.runWorker(ThreadPoolExecutor.java:1134)&#10;        at java.util.concurrent.ThreadPoolExecutor$Worker.run(ThreadPoolExecutor.java:624)&#10;        at java.lang.Thread.run(Thread.java:748)&#10;&quot;pool-26-thread-39&quot;  prio=5 tid=337 in Object.wait()&#10;java.lang.Thread.State: WAITING (on object monitor)&#10;        at sun.misc.Unsafe.park(Native Method)&#10;        at java.util.concurrent.locks.LockSupport.park(LockSupport.java:175)&#10;        at java.util.concurrent.locks.AbstractQueuedSynchronizer$ConditionObject.await(AbstractQueuedSynchronizer.java:2039)&#10;        at java.util.concurrent.ArrayBlockingQueue.take(ArrayBlockingQueue.java:403)&#10;        at java.util.concurrent.ThreadPoolExecutor.getTask(ThreadPoolExecutor.java:1074)&#10;        at java.util.concurrent.ThreadPoolExecutor.runWorker(ThreadPoolExecutor.java:1134)&#10;        at java.util.concurrent.ThreadPoolExecutor$Worker.run(ThreadPoolExecutor.java:624)&#10;        at java.lang.Thread.run(Thread.java:748)&#10;&quot;pool-26-thread-35&quot;  prio=5 tid=329 in Object.wait()&#10;java.lang.Thread.State: WAITING (on object monitor)&#10;        at sun.misc.Unsafe.park(Native Method)&#10;        at java.util.concurrent.locks.LockSupport.park(LockSupport.java:175)&#10;        at java.util.concurrent.locks.AbstractQueuedSynchronizer$ConditionObject.await(AbstractQueuedSynchronizer.java:2039)&#10;        at java.util.concurrent.ArrayBlockingQueue.take(ArrayBlockingQueue.java:403)&#10;        at java.util.concurrent.ThreadPoolExecutor.getTask(ThreadPoolExecutor.java:1074)&#10;        at java.util.concurrent.ThreadPoolExecutor.runWorker(ThreadPoolExecutor.java:1134)&#10;        at java.util.concurrent.ThreadPoolExecutor$Worker.run(ThreadPoolExecutor.java:624)&#10;        at java.lang.Thread.run(Thread.java:748)&#10;&quot;pool-46-thread-33&quot;  prio=5 tid=412 in Object.wait()&#10;java.lang.Thread.State: WAITING (on object monitor)&#10;        at sun.misc.Unsafe.park(Native Method)&#10;        at java.util.concurrent.locks.LockSupport.park(LockSupport.java:175)&#10;        at java.util.concurrent.locks.AbstractQueuedSynchronizer$ConditionObject.await(AbstractQueuedSynchronizer.java:2039)&#10;        at java.util.concurrent.ArrayBlockingQueue.take(ArrayBlockingQueue.java:403)&#10;        at java.util.concurrent.ThreadPoolExecutor.getTask(ThreadPoolExecutor.java:1074)&#10;        at java.util.concurrent.ThreadPoolExecutor.runWorker(ThreadPoolExecutor.java:1134)&#10;        at java.util.concurrent.ThreadPoolExecutor$Worker.run(ThreadPoolExecutor.java:624)&#10;        at java.lang.Thread.run(Thread.java:748)&#10;&quot;org.apache.hadoop.util.JvmPauseMonitor$Monitor@7d8a1a20&quot; daemon prio=5 tid=257 timed_waiting&#10;java.lang.Thread.State: TIMED_WAITING&#10;        at java.lang.Thread.sleep(Native Method)&#10;        at org.apache.hadoop.util.JvmPauseMonitor$Monitor.run(JvmPauseMonitor.java:192)&#10;        at java.lang.Thread.run(Thread.java:748)&#10;&quot;Command processor thread&quot; daemon prio=5 tid=229 timed_waiting&#10;java.lang.Thread.State: TIMED_WAITING&#10;        at java.lang.Thread.sleep(Native Method)&#10;        at org.apache.hadoop.ozone.container.common.statemachine.DatanodeStateMachine.lambda$initCommandHandlerThread$1(DatanodeStateMachine.java:439)&#10;        at org.apache.hadoop.ozone.container.common.statemachine.DatanodeStateMachine$$Lambda$141/259962710.run(Unknown Source)&#10;        at java.lang.Thread.run(Thread.java:748)&#10;&quot;qtp707892422-188&quot; daemon prio=5 tid=188 timed_waiting&#10;java.lang.Thread.State: TIMED_WAITING&#10;        at sun.misc.Unsafe.park(Native Method)&#10;        at java.util.concurrent.locks.LockSupport.parkNanos(LockSupport.java:215)&#10;        at java.util.concurrent.locks.AbstractQueuedSynchronizer$ConditionObject.awaitNanos(AbstractQueuedSynchronizer.java:2078)&#10;        at org.eclipse.jetty.util.BlockingArrayQueue.poll(BlockingArrayQueue.java:392)&#10;        at org.eclipse.jetty.util.thread.QueuedThreadPool.idleJobPoll(QueuedThreadPool.java:563)&#10;        at org.eclipse.jetty.util.thread.QueuedThreadPool.access$800(QueuedThreadPool.java:48)&#10;        at org.eclipse.jetty.util.thread.QueuedThreadPool$2.run(QueuedThreadPool.java:626)&#10;        at java.lang.Thread.run(Thread.java:748)&#10;&quot;443b071d-6096-48d6-bfe7-498b7c8032c0@group-7EB39FB5DF22-SegmentedRaftLogWorker&quot;  prio=5 tid=693 timed_waiting&#10;java.lang.Thread.State: TIMED_WAITING&#10;        at sun.misc.Unsafe.park(Native Method)&#10;        at java.util.concurrent.locks.LockSupport.parkNanos(LockSupport.java:215)&#10;        at java.util.concurrent.locks.AbstractQueuedSynchronizer$ConditionObject.awaitNanos(AbstractQueuedSynchronizer.java:2078)&#10;        at org.apache.ratis.util.DataBlockingQueue.poll(DataBlockingQueue.java:137)&#10;        at org.apache.ratis.server.raftlog.segmented.SegmentedRaftLogWorker.run(SegmentedRaftLogWorker.java:282)&#10;        at java.lang.Thread.run(Thread.java:748)&#10;&quot;RatisPipelineUtilsThread&quot;  prio=5 tid=510 timed_waiting&#10;java.lang.Thread.State: TIMED_WAITING&#10;        at sun.misc.Unsafe.park(Native Method)&#10;        at java.util.concurrent.locks.LockSupport.parkNanos(LockSupport.java:215)&#10;        at java.util.concurrent.locks.AbstractQueuedSynchronizer$ConditionObject.awaitNanos(AbstractQueuedSynchronizer.java:2078)&#10;        at java.util.concurrent.ScheduledThreadPoolExecutor$DelayedWorkQueue.take(ScheduledThreadPoolExecutor.java:1093)&#10;        at java.util.concurrent.ScheduledThreadPoolExecutor$DelayedWorkQueue.take(ScheduledThreadPoolExecutor.java:809)&#10;        at java.util.concurrent.ThreadPoolExecutor.getTask(ThreadPoolExecutor.java:1074)&#10;        at java.util.concurrent.ThreadPoolExecutor.runWorker(ThreadPoolExecutor.java:1134)&#10;        at java.util.concurrent.ThreadPoolExecutor$Worker.run(ThreadPoolExecutor.java:624)&#10;        at java.lang.Thread.run(Thread.java:748)&#10;&quot;qtp206310209-140&quot; daemon prio=5 tid=140 timed_waiting&#10;java.lang.Thread.State: TIMED_WAITING&#10;        at sun.misc.Unsafe.park(Native Method)&#10;        at java.util.concurrent.locks.LockSupport.parkNanos(LockSupport.java:215)&#10;        at java.util.concurrent.locks.AbstractQueuedSynchronizer$ConditionObject.awaitNanos(AbstractQueuedSynchronizer.java:2078)&#10;        at org.eclipse.jetty.util.BlockingArrayQueue.poll(BlockingArrayQueue.java:392)&#10;        at org.eclipse.jetty.util.thread.QueuedThreadPool.idleJobPoll(QueuedThreadPool.java:563)&#10;        at org.eclipse.jetty.util.thread.QueuedThreadPool.access$800(QueuedThreadPool.java:48)&#10;        at org.eclipse.jetty.util.thread.QueuedThreadPool$2.run(QueuedThreadPool.java:626)&#10;        at java.lang.Thread.run(Thread.java:748)&#10;&quot;pool-56-thread-50&quot;  prio=5 tid=489 in Object.wait()&#10;java.lang.Thread.State: WAITING (on object monitor)&#10;        at sun.misc.Unsafe.park(Native Method)&#10;        at java.util.concurrent.locks.LockSupport.park(LockSupport.java:175)&#10;        at java.util.concurrent.locks.AbstractQueuedSynchronizer$ConditionObject.await(AbstractQueuedSynchronizer.java:2039)&#10;        at java.util.concurrent.ArrayBlockingQueue.take(ArrayBlockingQueue.java:403)&#10;        at java.util.concurrent.ThreadPoolExecutor.getTask(ThreadPoolExecutor.java:1074)&#10;        at java.util.concurrent.ThreadPoolExecutor.runWorker(ThreadPoolExecutor.java:1134)&#10;        at java.util.concurrent.ThreadPoolExecutor$Worker.run(ThreadPoolExecutor.java:624)&#10;        at java.lang.Thread.run(Thread.java:748)&#10;&quot;org.eclipse.jetty.server.session.HashSessionManager@65bdd558Timer&quot; daemon prio=5 tid=195 timed_waiting&#10;java.lang.Thread.State: TIMED_WAITING&#10;        at sun.misc.Unsafe.park(Native Method)&#10;        at java.util.concurrent.locks.LockSupport.parkNanos(LockSupport.java:215)&#10;        at java.util.concurrent.locks.AbstractQueuedSynchronizer$ConditionObject.awaitNanos(AbstractQueuedSynchronizer.java:2078)&#10;        at java.util.concurrent.ScheduledThreadPoolExecutor$DelayedWorkQueue.take(ScheduledThreadPoolExecutor.java:1093)&#10;        at java.util.concurrent.ScheduledThreadPoolExecutor$DelayedWorkQueue.take(ScheduledThreadPoolExecutor.java:809)&#10;        at java.util.concurrent.ThreadPoolExecutor.getTask(ThreadPoolExecutor.java:1074)&#10;        at java.util.concurrent.ThreadPoolExecutor.runWorker(ThreadPoolExecutor.java:1134)&#10;        at java.util.concurrent.ThreadPoolExecutor$Worker.run(ThreadPoolExecutor.java:624)&#10;        at java.lang.Thread.run(Thread.java:748)&#10;&quot;IPC Server handler 13 on 34819&quot; daemon prio=5 tid=42 timed_waiting&#10;java.lang.Thread.State: TIMED_WAITING&#10;        at sun.misc.Unsafe.park(Native Method)&#10;        at java.util.concurrent.locks.LockSupport.parkNanos(LockSupport.java:215)&#10;        at java.util.concurrent.locks.AbstractQueuedSynchronizer$ConditionObject.awaitNanos(AbstractQueuedSynchronizer.java:2078)&#10;        at java.util.concurrent.LinkedBlockingQueue.poll(LinkedBlockingQueue.java:467)&#10;        at org.apache.hadoop.ipc.CallQueueManager.take(CallQueueManager.java:288)&#10;        at org.apache.hadoop.ipc.Server$Handler.run(Server.java:2668)&#10;&quot;pool-56-thread-10&quot;  prio=5 tid=449 in Object.wait()&#10;java.lang.Thread.State: WAITING (on object monitor)&#10;        at sun.misc.Unsafe.park(Native Method)&#10;        at java.util.concurrent.locks.LockSupport.park(LockSupport.java:175)&#10;        at java.util.concurrent.locks.AbstractQueuedSynchronizer$ConditionObject.await(AbstractQueuedSynchronizer.java:2039)&#10;        at java.util.concurrent.ArrayBlockingQueue.take(ArrayBlockingQueue.java:403)&#10;        at java.util.concurrent.ThreadPoolExecutor.getTask(ThreadPoolExecutor.java:1074)&#10;        at java.util.concurrent.ThreadPoolExecutor.runWorker(ThreadPoolExecutor.java:1134)&#10;        at java.util.concurrent.ThreadPoolExecutor$Worker.run(ThreadPoolExecutor.java:624)&#10;        at java.lang.Thread.run(Thread.java:748)&#10;&quot;org.eclipse.jetty.server.session.HashSessionManager@3574e198Timer&quot; daemon prio=5 tid=99 timed_waiting&#10;java.lang.Thread.State: TIMED_WAITING&#10;        at sun.misc.Unsafe.park(Native Method)&#10;        at java.util.concurrent.locks.LockSupport.parkNanos(LockSupport.java:215)&#10;        at java.util.concurrent.locks.AbstractQueuedSynchronizer$ConditionObject.awaitNanos(AbstractQueuedSynchronizer.java:2078)&#10;        at java.util.concurrent.ScheduledThreadPoolExecutor$DelayedWorkQueue.take(ScheduledThreadPoolExecutor.java:1093)&#10;        at java.util.concurrent.ScheduledThreadPoolExecutor$DelayedWorkQueue.take(ScheduledThreadPoolExecutor.java:809)&#10;        at java.util.concurrent.ThreadPoolExecutor.getTask(ThreadPoolExecutor.java:1074)&#10;        at java.util.concurrent.ThreadPoolExecutor.runWorker(ThreadPoolExecutor.java:1134)&#10;        at java.util.concurrent.ThreadPoolExecutor$Worker.run(ThreadPoolExecutor.java:624)&#10;        at java.lang.Thread.run(Thread.java:748)&#10;&quot;IPC Server handler 18 on 34819&quot; daemon prio=5 tid=47 timed_waiting&#10;java.lang.Thread.State: TIMED_WAITING&#10;        at sun.misc.Unsafe.park(Native Method)&#10;        at java.util.concurrent.locks.LockSupport.parkNanos(LockSupport.java:215)&#10;        at java.util.concurrent.locks.AbstractQueuedSynchronizer$ConditionObject.awaitNanos(AbstractQueuedSynchronizer.java:2078)&#10;        at java.util.concurrent.LinkedBlockingQueue.poll(LinkedBlockingQueue.java:467)&#10;        at org.apache.hadoop.ipc.CallQueueManager.take(CallQueueManager.java:288)&#10;        at org.apache.hadoop.ipc.Server$Handler.run(Server.java:2668)&#10;&quot;pool-46-thread-44&quot;  prio=5 tid=423 in Object.wait()&#10;java.lang.Thread.State: WAITING (on object monitor)&#10;        at sun.misc.Unsafe.park(Native Method)&#10;        at java.util.concurrent.locks.LockSupport.park(LockSupport.java:175)&#10;        at java.util.concurrent.locks.AbstractQueuedSynchronizer$ConditionObject.await(AbstractQueuedSynchronizer.java:2039)&#10;        at java.util.concurrent.ArrayBlockingQueue.take(ArrayBlockingQueue.java:403)&#10;        at java.util.concurrent.ThreadPoolExecutor.getTask(ThreadPoolExecutor.java:1074)&#10;        at java.util.concurrent.ThreadPoolExecutor.runWorker(ThreadPoolExecutor.java:1134)&#10;        at java.util.concurrent.ThreadPoolExecutor$Worker.run(ThreadPoolExecutor.java:624)&#10;        at java.lang.Thread.run(Thread.java:748)&#10;&quot;IPC Server handler 14 on 38234&quot; daemon prio=5 tid=129 timed_waiting&#10;java.lang.Thread.State: TIMED_WAITING&#10;        at sun.misc.Unsafe.park(Native Method)&#10;        at java.util.concurrent.locks.LockSupport.parkNanos(LockSupport.java:215)&#10;        at java.util.concurrent.locks.AbstractQueuedSynchronizer$ConditionObject.awaitNanos(AbstractQueuedSynchronizer.java:2078)&#10;        at java.util.concurrent.LinkedBlockingQueue.poll(LinkedBlockingQueue.java:467)&#10;        at org.apache.hadoop.ipc.CallQueueManager.take(CallQueueManager.java:288)&#10;        at org.apache.hadoop.ipc.Server$Handler.run(Server.java:2668)&#10;&quot;pool-26-thread-33&quot;  prio=5 tid=325 in Object.wait()&#10;java.lang.Thread.State: WAITING (on object monitor)&#10;        at sun.misc.Unsafe.park(Native Method)&#10;        at java.util.concurrent.locks.LockSupport.park(LockSupport.java:175)&#10;        at java.util.concurrent.locks.AbstractQueuedSynchronizer$ConditionObject.await(AbstractQueuedSynchronizer.java:2039)&#10;        at java.util.concurrent.ArrayBlockingQueue.take(ArrayBlockingQueue.java:403)&#10;        at java.util.concurrent.ThreadPoolExecutor.getTask(ThreadPoolExecutor.java:1074)&#10;        at java.util.concurrent.ThreadPoolExecutor.runWorker(ThreadPoolExecutor.java:1134)&#10;        at java.util.concurrent.ThreadPoolExecutor$Worker.run(ThreadPoolExecutor.java:624)&#10;        at java.lang.Thread.run(Thread.java:748)&#10;&quot;IPC Server handler 7 on 34819&quot; daemon prio=5 tid=36 timed_waiting&#10;java.lang.Thread.State: TIMED_WAITING&#10;        at sun.misc.Unsafe.park(Native Method)&#10;        at java.util.concurrent.locks.LockSupport.parkNanos(LockSupport.java:215)&#10;        at java.util.concurrent.locks.AbstractQueuedSynchronizer$ConditionObject.awaitNanos(AbstractQueuedSynchronizer.java:2078)&#10;        at java.util.concurrent.LinkedBlockingQueue.poll(LinkedBlockingQueue.java:467)&#10;        at org.apache.hadoop.ipc.CallQueueManager.take(CallQueueManager.java:288)&#10;        at org.apache.hadoop.ipc.Server$Handler.run(Server.java:2668)&#10;&quot;Command processor thread&quot; daemon prio=5 tid=202 timed_waiting&#10;java.lang.Thread.State: TIMED_WAITING&#10;        at java.lang.Thread.sleep(Native Method)&#10;        at org.apache.hadoop.ozone.container.common.statemachine.DatanodeStateMachine.lambda$initCommandHandlerThread$1(DatanodeStateMachine.java:439)&#10;        at org.apache.hadoop.ozone.container.common.statemachine.DatanodeStateMachine$$Lambda$141/259962710.run(Unknown Source)&#10;        at java.lang.Thread.run(Thread.java:748)&#10;&quot;qtp206310209-137-acceptor-0@771ffb7a-ServerConnector@5d235104{HTTP/1.1,[http/1.1]}{0.0.0.0:33320}&quot; daemon prio=3 tid=137 runnable&#10;java.lang.Thread.State: RUNNABLE&#10;        at sun.nio.ch.ServerSocketChannelImpl.accept0(Native Method)&#10;        at sun.nio.ch.ServerSocketChannelImpl.accept(ServerSocketChannelImpl.java:422)&#10;        at sun.nio.ch.ServerSocketChannelImpl.accept(ServerSocketChannelImpl.java:250)&#10;        at org.eclipse.jetty.server.ServerConnector.accept(ServerConnector.java:397)&#10;        at org.eclipse.jetty.server.AbstractConnector$Acceptor.run(AbstractConnector.java:601)&#10;        at org.eclipse.jetty.util.thread.QueuedThreadPool.runJob(QueuedThreadPool.java:671)&#10;        at org.eclipse.jetty.util.thread.QueuedThreadPool$2.run(QueuedThreadPool.java:589)&#10;        at java.lang.Thread.run(Thread.java:748)&#10;&quot;pool-36-thread-24&quot;  prio=5 tid=306 in Object.wait()&#10;java.lang.Thread.State: WAITING (on object monitor)&#10;        at sun.misc.Unsafe.park(Native Method)&#10;        at java.util.concurrent.locks.LockSupport.park(LockSupport.java:175)&#10;        at java.util.concurrent.locks.AbstractQueuedSynchronizer$ConditionObject.await(AbstractQueuedSynchronizer.java:2039)&#10;        at java.util.concurrent.ArrayBlockingQueue.take(ArrayBlockingQueue.java:403)&#10;        at java.util.concurrent.ThreadPoolExecutor.getTask(ThreadPoolExecutor.java:1074)&#10;        at java.util.concurrent.ThreadPoolExecutor.runWorker(ThreadPoolExecutor.java:1134)&#10;        at java.util.concurrent.ThreadPoolExecutor$Worker.run(ThreadPoolExecutor.java:624)&#10;        at java.lang.Thread.run(Thread.java:748)&#10;&quot;prometheus&quot; daemon prio=5 tid=100 in Object.wait()&#10;java.lang.Thread.State: WAITING (on object monitor)&#10;        at java.lang.Object.wait(Native Method)&#10;        at java.lang.Object.wait(Object.java:502)&#10;        at org.apache.hadoop.metrics2.impl.SinkQueue.waitForData(SinkQueue.java:114)&#10;        at org.apache.hadoop.metrics2.impl.SinkQueue.consumeAll(SinkQueue.java:83)&#10;        at org.apache.hadoop.metrics2.impl.MetricsSinkAdapter.publishMetricsFromQueue(MetricsSinkAdapter.java:135)&#10;        at org.apache.hadoop.metrics2.impl.MetricsSinkAdapter$1.run(MetricsSinkAdapter.java:89)&#10;&quot;pool-26-thread-58&quot;  prio=5 tid=374 in Object.wait()&#10;java.lang.Thread.State: WAITING (on object monitor)&#10;        at sun.misc.Unsafe.park(Native Method)&#10;        at java.util.concurrent.locks.LockSupport.park(LockSupport.java:175)&#10;        at java.util.concurrent.locks.AbstractQueuedSynchronizer$ConditionObject.await(AbstractQueuedSynchronizer.java:2039)&#10;        at java.util.concurrent.ArrayBlockingQueue.take(ArrayBlockingQueue.java:403)&#10;        at java.util.concurrent.ThreadPoolExecutor.getTask(ThreadPoolExecutor.java:1074)&#10;        at java.util.concurrent.ThreadPoolExecutor.runWorker(ThreadPoolExecutor.java:1134)&#10;        at java.util.concurrent.ThreadPoolExecutor$Worker.run(ThreadPoolExecutor.java:624)&#10;        at java.lang.Thread.run(Thread.java:748)&#10;&quot;pool-36-thread-40&quot;  prio=5 tid=338 in Object.wait()&#10;java.lang.Thread.State: WAITING (on object monitor)&#10;        at sun.misc.Unsafe.park(Native Method)&#10;        at java.util.concurrent.locks.LockSupport.park(LockSupport.java:175)&#10;        at java.util.concurrent.locks.AbstractQueuedSynchronizer$ConditionObject.await(AbstractQueuedSynchronizer.java:2039)&#10;        at java.util.concurrent.ArrayBlockingQueue.take(ArrayBlockingQueue.java:403)&#10;        at java.util.concurrent.ThreadPoolExecutor.getTask(ThreadPoolExecutor.java:1074)&#10;        at java.util.concurrent.ThreadPoolExecutor.runWorker(ThreadPoolExecutor.java:1134)&#10;        at java.util.concurrent.ThreadPoolExecutor$Worker.run(ThreadPoolExecutor.java:624)&#10;        at java.lang.Thread.run(Thread.java:748)&#10;&quot;metrics-hadoop-metrics2-reporter-6-thread-1&quot; daemon prio=5 tid=537 timed_waiting&#10;java.lang.Thread.State: TIMED_WAITING&#10;        at sun.misc.Unsafe.park(Native Method)&#10;        at java.util.concurrent.locks.LockSupport.parkNanos(LockSupport.java:215)&#10;        at java.util.concurrent.locks.AbstractQueuedSynchronizer$ConditionObject.awaitNanos(AbstractQueuedSynchronizer.java:2078)&#10;        at java.util.concurrent.ScheduledThreadPoolExecutor$DelayedWorkQueue.take(ScheduledThreadPoolExecutor.java:1093)&#10;        at java.util.concurrent.ScheduledThreadPoolExecutor$DelayedWorkQueue.take(ScheduledThreadPoolExecutor.java:809)&#10;        at java.util.concurrent.ThreadPoolExecutor.getTask(ThreadPoolExecutor.java:1074)&#10;        at java.util.concurrent.ThreadPoolExecutor.runWorker(ThreadPoolExecutor.java:1134)&#10;        at java.util.concurrent.ThreadPoolExecutor$Worker.run(ThreadPoolExecutor.java:624)&#10;        at java.lang.Thread.run(Thread.java:748)&#10;&quot;org.apache.hadoop.util.JvmPauseMonitor$Monitor@73130bc5&quot; daemon prio=5 tid=230 timed_waiting&#10;java.lang.Thread.State: TIMED_WAITING&#10;        at java.lang.Thread.sleep(Native Method)&#10;        at org.apache.hadoop.util.JvmPauseMonitor$Monitor.run(JvmPauseMonitor.java:192)&#10;        at java.lang.Thread.run(Thread.java:748)&#10;&quot;Datanode ReportManager Thread - 3&quot; daemon prio=5 tid=228 timed_waiting&#10;java.lang.Thread.State: TIMED_WAITING&#10;        at sun.misc.Unsafe.park(Native Method)&#10;        at java.util.concurrent.locks.LockSupport.parkNanos(LockSupport.java:215)&#10;        at java.util.concurrent.locks.AbstractQueuedSynchronizer$ConditionObject.awaitNanos(AbstractQueuedSynchronizer.java:2078)&#10;        at java.util.concurrent.ScheduledThreadPoolExecutor$DelayedWorkQueue.take(ScheduledThreadPoolExecutor.java:1093)&#10;        at java.util.concurrent.ScheduledThreadPoolExecutor$DelayedWorkQueue.take(ScheduledThreadPoolExecutor.java:809)&#10;        at java.util.concurrent.ThreadPoolExecutor.getTask(ThreadPoolExecutor.java:1074)&#10;        at java.util.concurrent.ThreadPoolExecutor.runWorker(ThreadPoolExecutor.java:1134)&#10;        at java.util.concurrent.ThreadPoolExecutor$Worker.run(ThreadPoolExecutor.java:624)&#10;        at java.lang.Thread.run(Thread.java:748)&#10;&quot;IPC Parameter Sending Thread #0&quot; daemon prio=5 tid=105 timed_waiting&#10;java.lang.Thread.State: TIMED_WAITING&#10;        at sun.misc.Unsafe.park(Native Method)&#10;        at java.util.concurrent.locks.LockSupport.parkNanos(LockSupport.java:215)&#10;        at java.util.concurrent.SynchronousQueue$TransferStack.awaitFulfill(SynchronousQueue.java:460)&#10;        at java.util.concurrent.SynchronousQueue$TransferStack.transfer(SynchronousQueue.java:362)&#10;        at java.util.concurrent.SynchronousQueue.poll(SynchronousQueue.java:941)&#10;        at java.util.concurrent.ThreadPoolExecutor.getTask(ThreadPoolExecutor.java:1073)&#10;        at java.util.concurrent.ThreadPoolExecutor.runWorker(ThreadPoolExecutor.java:1134)&#10;        at java.util.concurrent.ThreadPoolExecutor$Worker.run(ThreadPoolExecutor.java:624)&#10;        at java.lang.Thread.run(Thread.java:748)&#10;&quot;pool-56-thread-28&quot;  prio=5 tid=467 in Object.wait()&#10;java.lang.Thread.State: WAITING (on object monitor)&#10;        at sun.misc.Unsafe.park(Native Method)&#10;        at java.util.concurrent.locks.LockSupport.park(LockSupport.java:175)&#10;        at java.util.concurrent.locks.AbstractQueuedSynchronizer$ConditionObject.await(AbstractQueuedSynchronizer.java:2039)&#10;        at java.util.concurrent.ArrayBlockingQueue.take(ArrayBlockingQueue.java:403)&#10;        at java.util.concurrent.ThreadPoolExecutor.getTask(ThreadPoolExecutor.java:1074)&#10;        at java.util.concurrent.ThreadPoolExecutor.runWorker(ThreadPoolExecutor.java:1134)&#10;        at java.util.concurrent.ThreadPoolExecutor$Worker.run(ThreadPoolExecutor.java:624)&#10;        at java.lang.Thread.run(Thread.java:748)&#10;&quot;pool-26-thread-6&quot;  prio=5 tid=271 in Object.wait()&#10;java.lang.Thread.State: WAITING (on object monitor)&#10;        at sun.misc.Unsafe.park(Native Method)&#10;        at java.util.concurrent.locks.LockSupport.park(LockSupport.java:175)&#10;        at java.util.concurrent.locks.AbstractQueuedSynchronizer$ConditionObject.await(AbstractQueuedSynchronizer.java:2039)&#10;        at java.util.concurrent.ArrayBlockingQueue.take(ArrayBlockingQueue.java:403)&#10;        at java.util.concurrent.ThreadPoolExecutor.getTask(ThreadPoolExecutor.java:1074)&#10;        at java.util.concurrent.ThreadPoolExecutor.runWorker(ThreadPoolExecutor.java:1134)&#10;        at java.util.concurrent.ThreadPoolExecutor$Worker.run(ThreadPoolExecutor.java:624)&#10;        at java.lang.Thread.run(Thread.java:748)&#10;&quot;qtp7829163-91-acceptor-0@4ace82b8-ServerConnector@73511076{HTTP/1.1,[http/1.1]}{0.0.0.0:44458}&quot; daemon prio=3 tid=91 runnable&#10;java.lang.Thread.State: RUNNABLE&#10;        at sun.nio.ch.ServerSocketChannelImpl.accept0(Native Method)&#10;        at sun.nio.ch.ServerSocketChannelImpl.accept(ServerSocketChannelImpl.java:422)&#10;        at sun.nio.ch.ServerSocketChannelImpl.accept(ServerSocketChannelImpl.java:250)&#10;        at org.eclipse.jetty.server.ServerConnector.accept(ServerConnector.java:397)&#10;        at org.eclipse.jetty.server.AbstractConnector$Acceptor.run(AbstractConnector.java:601)&#10;        at org.eclipse.jetty.util.thread.QueuedThreadPool.runJob(QueuedThreadPool.java:671)&#10;        at org.eclipse.jetty.util.thread.QueuedThreadPool$2.run(QueuedThreadPool.java:589)&#10;        at java.lang.Thread.run(Thread.java:748)&#10;&quot;pool-56-thread-45&quot;  prio=5 tid=484 in Object.wait()&#10;java.lang.Thread.State: WAITING (on object monitor)&#10;        at sun.misc.Unsafe.park(Native Method)&#10;        at java.util.concurrent.locks.LockSupport.park(LockSupport.java:175)&#10;        at java.util.concurrent.locks.AbstractQueuedSynchronizer$ConditionObject.await(AbstractQueuedSynchronizer.java:2039)&#10;        at java.util.concurrent.ArrayBlockingQueue.take(ArrayBlockingQueue.java:403)&#10;        at java.util.concurrent.ThreadPoolExecutor.getTask(ThreadPoolExecutor.java:1074)&#10;        at java.util.concurrent.ThreadPoolExecutor.runWorker(ThreadPoolExecutor.java:1134)&#10;        at java.util.concurrent.ThreadPoolExecutor$Worker.run(ThreadPoolExecutor.java:624)&#10;        at java.lang.Thread.run(Thread.java:748)&#10;&quot;pool-46-thread-20&quot;  prio=5 tid=399 in Object.wait()&#10;java.lang.Thread.State: WAITING (on object monitor)&#10;        at sun.misc.Unsafe.park(Native Method)&#10;        at java.util.concurrent.locks.LockSupport.park(LockSupport.java:175)&#10;        at java.util.concurrent.locks.AbstractQueuedSynchronizer$ConditionObject.await(AbstractQueuedSynchronizer.java:2039)&#10;        at java.util.concurrent.ArrayBlockingQueue.take(ArrayBlockingQueue.java:403)&#10;        at java.util.concurrent.ThreadPoolExecutor.getTask(ThreadPoolExecutor.java:1074)&#10;        at java.util.concurrent.ThreadPoolExecutor.runWorker(ThreadPoolExecutor.java:1134)&#10;        at java.util.concurrent.ThreadPoolExecutor$Worker.run(ThreadPoolExecutor.java:624)&#10;        at java.lang.Thread.run(Thread.java:748)&#10;&quot;pool-36-thread-56&quot;  prio=5 tid=371 in Object.wait()&#10;java.lang.Thread.State: WAITING (on object monitor)&#10;        at sun.misc.Unsafe.park(Native Method)&#10;        at java.util.concurrent.locks.LockSupport.park(LockSupport.java:175)&#10;        at java.util.concurrent.locks.AbstractQueuedSynchronizer$ConditionObject.await(AbstractQueuedSynchronizer.java:2039)&#10;        at java.util.concurrent.ArrayBlockingQueue.take(ArrayBlockingQueue.java:403)&#10;        at java.util.concurrent.ThreadPoolExecutor.getTask(ThreadPoolExecutor.java:1074)&#10;        at java.util.concurrent.ThreadPoolExecutor.runWorker(ThreadPoolExecutor.java:1134)&#10;        at java.util.concurrent.ThreadPoolExecutor$Worker.run(ThreadPoolExecutor.java:624)&#10;        at java.lang.Thread.run(Thread.java:748)&#10;&quot;IPC Server handler 12 on 40088&quot; daemon prio=5 tid=61 timed_waiting&#10;java.lang.Thread.State: TIMED_WAITING&#10;        at sun.misc.Unsafe.park(Native Method)&#10;        at java.util.concurrent.locks.LockSupport.parkNanos(LockSupport.java:215)&#10;        at java.util.concurrent.locks.AbstractQueuedSynchronizer$ConditionObject.awaitNanos(AbstractQueuedSynchronizer.java:2078)&#10;        at java.util.concurrent.LinkedBlockingQueue.poll(LinkedBlockingQueue.java:467)&#10;        at org.apache.hadoop.ipc.CallQueueManager.take(CallQueueManager.java:288)&#10;        at org.apache.hadoop.ipc.Server$Handler.run(Server.java:2668)&#10;&quot;pool-26-thread-28&quot;  prio=5 tid=315 in Object.wait()&#10;java.lang.Thread.State: WAITING (on object monitor)&#10;        at sun.misc.Unsafe.park(Native Method)&#10;        at java.util.concurrent.locks.LockSupport.park(LockSupport.java:175)&#10;        at java.util.concurrent.locks.AbstractQueuedSynchronizer$ConditionObject.await(AbstractQueuedSynchronizer.java:2039)&#10;        at java.util.concurrent.ArrayBlockingQueue.take(ArrayBlockingQueue.java:403)&#10;        at java.util.concurrent.ThreadPoolExecutor.getTask(ThreadPoolExecutor.java:1074)&#10;        at java.util.concurrent.ThreadPoolExecutor.runWorker(ThreadPoolExecutor.java:1134)&#10;        at java.util.concurrent.ThreadPoolExecutor$Worker.run(ThreadPoolExecutor.java:624)&#10;        at java.lang.Thread.run(Thread.java:748)&#10;&quot;pool-26-thread-2&quot;  prio=5 tid=263 in Object.wait()&#10;java.lang.Thread.State: WAITING (on object monitor)&#10;        at sun.misc.Unsafe.park(Native Method)&#10;        at java.util.concurrent.locks.LockSupport.park(LockSupport.java:175)&#10;        at java.util.concurrent.locks.AbstractQueuedSynchronizer$ConditionObject.await(AbstractQueuedSynchronizer.java:2039)&#10;        at java.util.concurrent.ArrayBlockingQueue.take(ArrayBlockingQueue.java:403)&#10;        at java.util.concurrent.ThreadPoolExecutor.getTask(ThreadPoolExecutor.java:1074)&#10;        at java.util.concurrent.ThreadPoolExecutor.runWorker(ThreadPoolExecutor.java:1134)&#10;        at java.util.concurrent.ThreadPoolExecutor$Worker.run(ThreadPoolExecutor.java:624)&#10;        at java.lang.Thread.run(Thread.java:748)&#10;&#10;" type="java.util.concurrent.TimeoutException">java.util.concurrent.TimeoutException: 
Timed out waiting for condition. Thread diagnostics:
Timestamp: 2019-10-17 07:42:21,232

"pool-36-thread-45"  prio=5 tid=348 in Object.wait()
java.lang.Thread.State: WAITING (on object monitor)
        at sun.misc.Unsafe.park(Native Method)
        at java.util.concurrent.locks.LockSupport.park(LockSupport.java:175)
        at java.util.concurrent.locks.AbstractQueuedSynchronizer$ConditionObject.await(AbstractQueuedSynchronizer.java:2039)
        at java.util.concurrent.ArrayBlockingQueue.take(ArrayBlockingQueue.java:403)
        at java.util.concurrent.ThreadPoolExecutor.getTask(ThreadPoolExecutor.java:1074)
        at java.util.concurrent.ThreadPoolExecutor.runWorker(ThreadPoolExecutor.java:1134)
        at java.util.concurrent.ThreadPoolExecutor$Worker.run(ThreadPoolExecutor.java:624)
        at java.lang.Thread.run(Thread.java:748)
"pool-46-thread-14"  prio=5 tid=393 in Object.wait()
java.lang.Thread.State: WAITING (on object monitor)
        at sun.misc.Unsafe.park(Native Method)
        at java.util.concurrent.locks.LockSupport.park(LockSupport.java:175)
        at java.util.concurrent.locks.AbstractQueuedSynchronizer$ConditionObject.await(AbstractQueuedSynchronizer.java:2039)
        at java.util.concurrent.ArrayBlockingQueue.take(ArrayBlockingQueue.java:403)
        at java.util.concurrent.ThreadPoolExecutor.getTask(ThreadPoolExecutor.java:1074)
        at java.util.concurrent.ThreadPoolExecutor.runWorker(ThreadPoolExecutor.java:1134)
        at java.util.concurrent.ThreadPoolExecutor$Worker.run(ThreadPoolExecutor.java:624)
        at java.lang.Thread.run(Thread.java:748)
"metrics-hadoop-metrics2-reporter-7-thread-1" daemon prio=5 tid=540 timed_waiting
java.lang.Thread.State: TIMED_WAITING
        at sun.misc.Unsafe.park(Native Method)
        at java.util.concurrent.locks.LockSupport.parkNanos(LockSupport.java:215)
        at java.util.concurrent.locks.AbstractQueuedSynchronizer$ConditionObject.awaitNanos(AbstractQueuedSynchronizer.java:2078)
        at java.util.concurrent.ScheduledThreadPoolExecutor$DelayedWorkQueue.take(ScheduledThreadPoolExecutor.java:1093)
        at java.util.concurrent.ScheduledThreadPoolExecutor$DelayedWorkQueue.take(ScheduledThreadPoolExecutor.java:809)
        at java.util.concurrent.ThreadPoolExecutor.getTask(ThreadPoolExecutor.java:1074)
        at java.util.concurrent.ThreadPoolExecutor.runWorker(ThreadPoolExecutor.java:1134)
        at java.util.concurrent.ThreadPoolExecutor$Worker.run(ThreadPoolExecutor.java:624)
        at java.lang.Thread.run(Thread.java:748)
"pool-26-thread-11"  prio=5 tid=281 in Object.wait()
java.lang.Thread.State: WAITING (on object monitor)
        at sun.misc.Unsafe.park(Native Method)
        at java.util.concurrent.locks.LockSupport.park(LockSupport.java:175)
        at java.util.concurrent.locks.AbstractQueuedSynchronizer$ConditionObject.await(AbstractQueuedSynchronizer.java:2039)
        at java.util.concurrent.ArrayBlockingQueue.take(ArrayBlockingQueue.java:403)
        at java.util.concurrent.ThreadPoolExecutor.getTask(ThreadPoolExecutor.java:1074)
        at java.util.concurrent.ThreadPoolExecutor.runWorker(ThreadPoolExecutor.java:1134)
        at java.util.concurrent.ThreadPoolExecutor$Worker.run(ThreadPoolExecutor.java:624)
        at java.lang.Thread.run(Thread.java:748)
"Thread-2576" daemon prio=5 tid=2967 timed_waiting
java.lang.Thread.State: TIMED_WAITING
        at java.lang.Thread.sleep(Native Method)
        at org.apache.ratis.util.JavaUtils.sleep(JavaUtils.java:247)
        at org.apache.ratis.server.impl.FollowerState.run(FollowerState.java:97)
"pool-36-thread-52"  prio=5 tid=363 in Object.wait()
java.lang.Thread.State: WAITING (on object monitor)
        at sun.misc.Unsafe.park(Native Method)
        at java.util.concurrent.locks.LockSupport.park(LockSupport.java:175)
        at java.util.concurrent.locks.AbstractQueuedSynchronizer$ConditionObject.await(AbstractQueuedSynchronizer.java:2039)
        at java.util.concurrent.ArrayBlockingQueue.take(ArrayBlockingQueue.java:403)
        at java.util.concurrent.ThreadPoolExecutor.getTask(ThreadPoolExecutor.java:1074)
        at java.util.concurrent.ThreadPoolExecutor.runWorker(ThreadPoolExecutor.java:1134)
        at java.util.concurrent.ThreadPoolExecutor$Worker.run(ThreadPoolExecutor.java:624)
        at java.lang.Thread.run(Thread.java:748)
"grpc-default-worker-ELG-3-2" daemon prio=5 tid=520 runnable
java.lang.Thread.State: RUNNABLE
        at sun.nio.ch.EPollArrayWrapper.epollWait(Native Method)
        at sun.nio.ch.EPollArrayWrapper.poll(EPollArrayWrapper.java:269)
        at sun.nio.ch.EPollSelectorImpl.doSelect(EPollSelectorImpl.java:93)
        at sun.nio.ch.SelectorImpl.lockAndDoSelect(SelectorImpl.java:86)
        at sun.nio.ch.SelectorImpl.select(SelectorImpl.java:97)
        at org.apache.ratis.thirdparty.io.netty.channel.nio.SelectedSelectionKeySetSelector.select(SelectedSelectionKeySetSelector.java:62)
        at org.apache.ratis.thirdparty.io.netty.channel.nio.NioEventLoop.select(NioEventLoop.java:753)
        at org.apache.ratis.thirdparty.io.netty.channel.nio.NioEventLoop.run(NioEventLoop.java:408)
        at org.apache.ratis.thirdparty.io.netty.util.concurrent.SingleThreadEventExecutor$5.run(SingleThreadEventExecutor.java:897)
        at org.apache.ratis.thirdparty.io.netty.util.concurrent.FastThreadLocalRunnable.run(FastThreadLocalRunnable.java:30)
        at java.lang.Thread.run(Thread.java:748)
"pool-46-thread-23"  prio=5 tid=402 in Object.wait()
java.lang.Thread.State: WAITING (on object monitor)
        at sun.misc.Unsafe.park(Native Method)
        at java.util.concurrent.locks.LockSupport.park(LockSupport.java:175)
        at java.util.concurrent.locks.AbstractQueuedSynchronizer$ConditionObject.await(AbstractQueuedSynchronizer.java:2039)
        at java.util.concurrent.ArrayBlockingQueue.take(ArrayBlockingQueue.java:403)
        at java.util.concurrent.ThreadPoolExecutor.getTask(ThreadPoolExecutor.java:1074)
        at java.util.concurrent.ThreadPoolExecutor.runWorker(ThreadPoolExecutor.java:1134)
        at java.util.concurrent.ThreadPoolExecutor$Worker.run(ThreadPoolExecutor.java:624)
        at java.lang.Thread.run(Thread.java:748)
"IPC Server idle connection scanner for port 34819" daemon prio=5 tid=24 timed_waiting
java.lang.Thread.State: TIMED_WAITING
        at java.lang.Object.wait(Native Method)
        at java.util.TimerThread.mainLoop(Timer.java:552)
        at java.util.TimerThread.run(Timer.java:505)
"IPC Server Responder" daemon prio=5 tid=25 runnable
java.lang.Thread.State: RUNNABLE
        at sun.nio.ch.EPollArrayWrapper.epollWait(Native Method)
        at sun.nio.ch.EPollArrayWrapper.poll(EPollArrayWrapper.java:269)
        at sun.nio.ch.EPollSelectorImpl.doSelect(EPollSelectorImpl.java:93)
        at sun.nio.ch.SelectorImpl.lockAndDoSelect(SelectorImpl.java:86)
        at sun.nio.ch.SelectorImpl.select(SelectorImpl.java:97)
        at org.apache.hadoop.ipc.Server$Responder.doRunLoop(Server.java:1334)
        at org.apache.hadoop.ipc.Server$Responder.run(Server.java:1317)
"qtp1713847712-213" daemon prio=5 tid=213 runnable
java.lang.Thread.State: RUNNABLE
        at sun.nio.ch.EPollArrayWrapper.epollWait(Native Method)
        at sun.nio.ch.EPollArrayWrapper.poll(EPollArrayWrapper.java:269)
        at sun.nio.ch.EPollSelectorImpl.doSelect(EPollSelectorImpl.java:93)
        at sun.nio.ch.SelectorImpl.lockAndDoSelect(SelectorImpl.java:86)
        at sun.nio.ch.SelectorImpl.select(SelectorImpl.java:97)
        at sun.nio.ch.SelectorImpl.select(SelectorImpl.java:101)
        at org.eclipse.jetty.io.ManagedSelector$SelectorProducer.select(ManagedSelector.java:243)
        at org.eclipse.jetty.io.ManagedSelector$SelectorProducer.produce(ManagedSelector.java:191)
        at org.eclipse.jetty.util.thread.strategy.ExecuteProduceConsume.executeProduceConsume(ExecuteProduceConsume.java:249)
        at org.eclipse.jetty.util.thread.strategy.ExecuteProduceConsume.produceConsume(ExecuteProduceConsume.java:148)
        at org.eclipse.jetty.util.thread.strategy.ExecuteProduceConsume.execute(ExecuteProduceConsume.java:100)
        at org.eclipse.jetty.io.ManagedSelector.run(ManagedSelector.java:147)
        at org.eclipse.jetty.util.thread.QueuedThreadPool.runJob(QueuedThreadPool.java:671)
        at org.eclipse.jetty.util.thread.QueuedThreadPool$2.run(QueuedThreadPool.java:589)
        at java.lang.Thread.run(Thread.java:748)
"metrics-hadoop-metrics2-reporter-28-thread-1" daemon prio=5 tid=606 timed_waiting
java.lang.Thread.State: TIMED_WAITING
        at sun.misc.Unsafe.park(Native Method)
        at java.util.concurrent.locks.LockSupport.parkNanos(LockSupport.java:215)
        at java.util.concurrent.locks.AbstractQueuedSynchronizer$ConditionObject.awaitNanos(AbstractQueuedSynchronizer.java:2078)
        at java.util.concurrent.ScheduledThreadPoolExecutor$DelayedWorkQueue.take(ScheduledThreadPoolExecutor.java:1093)
        at java.util.concurrent.ScheduledThreadPoolExecutor$DelayedWorkQueue.take(ScheduledThreadPoolExecutor.java:809)
        at java.util.concurrent.ThreadPoolExecutor.getTask(ThreadPoolExecutor.java:1074)
        at java.util.concurrent.ThreadPoolExecutor.runWorker(ThreadPoolExecutor.java:1134)
        at java.util.concurrent.ThreadPoolExecutor$Worker.run(ThreadPoolExecutor.java:624)
        at java.lang.Thread.run(Thread.java:748)
"pool-36-thread-8"  prio=5 tid=275 in Object.wait()
java.lang.Thread.State: WAITING (on object monitor)
        at sun.misc.Unsafe.park(Native Method)
        at java.util.concurrent.locks.LockSupport.park(LockSupport.java:175)
        at java.util.concurrent.locks.AbstractQueuedSynchronizer$ConditionObject.await(AbstractQueuedSynchronizer.java:2039)
        at java.util.concurrent.ArrayBlockingQueue.take(ArrayBlockingQueue.java:403)
        at java.util.concurrent.ThreadPoolExecutor.getTask(ThreadPoolExecutor.java:1074)
        at java.util.concurrent.ThreadPoolExecutor.runWorker(ThreadPoolExecutor.java:1134)
        at java.util.concurrent.ThreadPoolExecutor$Worker.run(ThreadPoolExecutor.java:624)
        at java.lang.Thread.run(Thread.java:748)
"Datanode ReportManager Thread - 0" daemon prio=5 tid=171 in Object.wait()
java.lang.Thread.State: WAITING (on object monitor)
        at sun.misc.Unsafe.park(Native Method)
        at java.util.concurrent.locks.LockSupport.park(LockSupport.java:175)
        at java.util.concurrent.locks.AbstractQueuedSynchronizer$ConditionObject.await(AbstractQueuedSynchronizer.java:2039)
        at java.util.concurrent.ScheduledThreadPoolExecutor$DelayedWorkQueue.take(ScheduledThreadPoolExecutor.java:1088)
        at java.util.concurrent.ScheduledThreadPoolExecutor$DelayedWorkQueue.take(ScheduledThreadPoolExecutor.java:809)
        at java.util.concurrent.ThreadPoolExecutor.getTask(ThreadPoolExecutor.java:1074)
        at java.util.concurrent.ThreadPoolExecutor.runWorker(ThreadPoolExecutor.java:1134)
        at java.util.concurrent.ThreadPoolExecutor$Worker.run(ThreadPoolExecutor.java:624)
        at java.lang.Thread.run(Thread.java:748)
"pool-26-thread-43"  prio=5 tid=345 in Object.wait()
java.lang.Thread.State: WAITING (on object monitor)
        at sun.misc.Unsafe.park(Native Method)
        at java.util.concurrent.locks.LockSupport.park(LockSupport.java:175)
        at java.util.concurrent.locks.AbstractQueuedSynchronizer$ConditionObject.await(AbstractQueuedSynchronizer.java:2039)
        at java.util.concurrent.ArrayBlockingQueue.take(ArrayBlockingQueue.java:403)
        at java.util.concurrent.ThreadPoolExecutor.getTask(ThreadPoolExecutor.java:1074)
        at java.util.concurrent.ThreadPoolExecutor.runWorker(ThreadPoolExecutor.java:1134)
        at java.util.concurrent.ThreadPoolExecutor$Worker.run(ThreadPoolExecutor.java:624)
        at java.lang.Thread.run(Thread.java:748)
"pool-56-thread-3"  prio=5 tid=442 in Object.wait()
java.lang.Thread.State: WAITING (on object monitor)
        at sun.misc.Unsafe.park(Native Method)
        at java.util.concurrent.locks.LockSupport.park(LockSupport.java:175)
        at java.util.concurrent.locks.AbstractQueuedSynchronizer$ConditionObject.await(AbstractQueuedSynchronizer.java:2039)
        at java.util.concurrent.ArrayBlockingQueue.take(ArrayBlockingQueue.java:403)
        at java.util.concurrent.ThreadPoolExecutor.getTask(ThreadPoolExecutor.java:1074)
        at java.util.concurrent.ThreadPoolExecutor.runWorker(ThreadPoolExecutor.java:1134)
        at java.util.concurrent.ThreadPoolExecutor$Worker.run(ThreadPoolExecutor.java:624)
        at java.lang.Thread.run(Thread.java:748)
"pool-26-thread-56"  prio=5 tid=370 in Object.wait()
java.lang.Thread.State: WAITING (on object monitor)
        at sun.misc.Unsafe.park(Native Method)
        at java.util.concurrent.locks.LockSupport.park(LockSupport.java:175)
        at java.util.concurrent.locks.AbstractQueuedSynchronizer$ConditionObject.await(AbstractQueuedSynchronizer.java:2039)
        at java.util.concurrent.ArrayBlockingQueue.take(ArrayBlockingQueue.java:403)
        at java.util.concurrent.ThreadPoolExecutor.getTask(ThreadPoolExecutor.java:1074)
        at java.util.concurrent.ThreadPoolExecutor.runWorker(ThreadPoolExecutor.java:1134)
        at java.util.concurrent.ThreadPoolExecutor$Worker.run(ThreadPoolExecutor.java:624)
        at java.lang.Thread.run(Thread.java:748)
"pool-36-thread-36"  prio=5 tid=330 in Object.wait()
java.lang.Thread.State: WAITING (on object monitor)
        at sun.misc.Unsafe.park(Native Method)
        at java.util.concurrent.locks.LockSupport.park(LockSupport.java:175)
        at java.util.concurrent.locks.AbstractQueuedSynchronizer$ConditionObject.await(AbstractQueuedSynchronizer.java:2039)
        at java.util.concurrent.ArrayBlockingQueue.take(ArrayBlockingQueue.java:403)
        at java.util.concurrent.ThreadPoolExecutor.getTask(ThreadPoolExecutor.java:1074)
        at java.util.concurrent.ThreadPoolExecutor.runWorker(ThreadPoolExecutor.java:1134)
        at java.util.concurrent.ThreadPoolExecutor$Worker.run(ThreadPoolExecutor.java:624)
        at java.lang.Thread.run(Thread.java:748)
"grpc-default-worker-ELG-3-3" daemon prio=5 tid=521 runnable
java.lang.Thread.State: RUNNABLE
        at sun.nio.ch.EPollArrayWrapper.epollWait(Native Method)
        at sun.nio.ch.EPollArrayWrapper.poll(EPollArrayWrapper.java:269)
        at sun.nio.ch.EPollSelectorImpl.doSelect(EPollSelectorImpl.java:93)
        at sun.nio.ch.SelectorImpl.lockAndDoSelect(SelectorImpl.java:86)
        at sun.nio.ch.SelectorImpl.select(SelectorImpl.java:97)
        at org.apache.ratis.thirdparty.io.netty.channel.nio.SelectedSelectionKeySetSelector.select(SelectedSelectionKeySetSelector.java:62)
        at org.apache.ratis.thirdparty.io.netty.channel.nio.NioEventLoop.select(NioEventLoop.java:753)
        at org.apache.ratis.thirdparty.io.netty.channel.nio.NioEventLoop.run(NioEventLoop.java:408)
        at org.apache.ratis.thirdparty.io.netty.util.concurrent.SingleThreadEventExecutor$5.run(SingleThreadEventExecutor.java:897)
        at org.apache.ratis.thirdparty.io.netty.util.concurrent.FastThreadLocalRunnable.run(FastThreadLocalRunnable.java:30)
        at java.lang.Thread.run(Thread.java:748)
"pool-46-thread-15"  prio=5 tid=394 in Object.wait()
java.lang.Thread.State: WAITING (on object monitor)
        at sun.misc.Unsafe.park(Native Method)
        at java.util.concurrent.locks.LockSupport.park(LockSupport.java:175)
        at java.util.concurrent.locks.AbstractQueuedSynchronizer$ConditionObject.await(AbstractQueuedSynchronizer.java:2039)
        at java.util.concurrent.ArrayBlockingQueue.take(ArrayBlockingQueue.java:403)
        at java.util.concurrent.ThreadPoolExecutor.getTask(ThreadPoolExecutor.java:1074)
        at java.util.concurrent.ThreadPoolExecutor.runWorker(ThreadPoolExecutor.java:1134)
        at java.util.concurrent.ThreadPoolExecutor$Worker.run(ThreadPoolExecutor.java:624)
        at java.lang.Thread.run(Thread.java:748)
"IPC Server handler 12 on 38234" daemon prio=5 tid=127 timed_waiting
java.lang.Thread.State: TIMED_WAITING
        at sun.misc.Unsafe.park(Native Method)
        at java.util.concurrent.locks.LockSupport.parkNanos(LockSupport.java:215)
        at java.util.concurrent.locks.AbstractQueuedSynchronizer$ConditionObject.awaitNanos(AbstractQueuedSynchronizer.java:2078)
        at java.util.concurrent.LinkedBlockingQueue.poll(LinkedBlockingQueue.java:467)
        at org.apache.hadoop.ipc.CallQueueManager.take(CallQueueManager.java:288)
        at org.apache.hadoop.ipc.Server$Handler.run(Server.java:2668)
"IPC Server handler 19 on 34339" daemon prio=5 tid=88 timed_waiting
java.lang.Thread.State: TIMED_WAITING
        at sun.misc.Unsafe.park(Native Method)
        at java.util.concurrent.locks.LockSupport.parkNanos(LockSupport.java:215)
        at java.util.concurrent.locks.AbstractQueuedSynchronizer$ConditionObject.awaitNanos(AbstractQueuedSynchronizer.java:2078)
        at java.util.concurrent.LinkedBlockingQueue.poll(LinkedBlockingQueue.java:467)
        at org.apache.hadoop.ipc.CallQueueManager.take(CallQueueManager.java:288)
        at org.apache.hadoop.ipc.Server$Handler.run(Server.java:2668)
"IPC Server handler 18 on 40088" daemon prio=5 tid=67 timed_waiting
java.lang.Thread.State: TIMED_WAITING
        at sun.misc.Unsafe.park(Native Method)
        at java.util.concurrent.locks.LockSupport.parkNanos(LockSupport.java:215)
        at java.util.concurrent.locks.AbstractQueuedSynchronizer$ConditionObject.awaitNanos(AbstractQueuedSynchronizer.java:2078)
        at java.util.concurrent.LinkedBlockingQueue.poll(LinkedBlockingQueue.java:467)
        at org.apache.hadoop.ipc.CallQueueManager.take(CallQueueManager.java:288)
        at org.apache.hadoop.ipc.Server$Handler.run(Server.java:2668)
"IPC Server handler 18 on 34339" daemon prio=5 tid=87 timed_waiting
java.lang.Thread.State: TIMED_WAITING
        at sun.misc.Unsafe.park(Native Method)
        at java.util.concurrent.locks.LockSupport.parkNanos(LockSupport.java:215)
        at java.util.concurrent.locks.AbstractQueuedSynchronizer$ConditionObject.awaitNanos(AbstractQueuedSynchronizer.java:2078)
        at java.util.concurrent.LinkedBlockingQueue.poll(LinkedBlockingQueue.java:467)
        at org.apache.hadoop.ipc.CallQueueManager.take(CallQueueManager.java:288)
        at org.apache.hadoop.ipc.Server$Handler.run(Server.java:2668)
"Timer-0"  prio=5 tid=112 timed_waiting
java.lang.Thread.State: TIMED_WAITING
        at java.lang.Object.wait(Native Method)
        at java.util.TimerThread.mainLoop(Timer.java:552)
        at java.util.TimerThread.run(Timer.java:505)
"pool-56-thread-44"  prio=5 tid=483 in Object.wait()
java.lang.Thread.State: WAITING (on object monitor)
        at sun.misc.Unsafe.park(Native Method)
        at java.util.concurrent.locks.LockSupport.park(LockSupport.java:175)
        at java.util.concurrent.locks.AbstractQueuedSynchronizer$ConditionObject.await(AbstractQueuedSynchronizer.java:2039)
        at java.util.concurrent.ArrayBlockingQueue.take(ArrayBlockingQueue.java:403)
        at java.util.concurrent.ThreadPoolExecutor.getTask(ThreadPoolExecutor.java:1074)
        at java.util.concurrent.ThreadPoolExecutor.runWorker(ThreadPoolExecutor.java:1134)
        at java.util.concurrent.ThreadPoolExecutor$Worker.run(ThreadPoolExecutor.java:624)
        at java.lang.Thread.run(Thread.java:748)
"pool-36-thread-23"  prio=5 tid=304 in Object.wait()
java.lang.Thread.State: WAITING (on object monitor)
        at sun.misc.Unsafe.park(Native Method)
        at java.util.concurrent.locks.LockSupport.park(LockSupport.java:175)
        at java.util.concurrent.locks.AbstractQueuedSynchronizer$ConditionObject.await(AbstractQueuedSynchronizer.java:2039)
        at java.util.concurrent.ArrayBlockingQueue.take(ArrayBlockingQueue.java:403)
        at java.util.concurrent.ThreadPoolExecutor.getTask(ThreadPoolExecutor.java:1074)
        at java.util.concurrent.ThreadPoolExecutor.runWorker(ThreadPoolExecutor.java:1134)
        at java.util.concurrent.ThreadPoolExecutor$Worker.run(ThreadPoolExecutor.java:624)
        at java.lang.Thread.run(Thread.java:748)
"pool-36-thread-1"  prio=5 tid=260 in Object.wait()
java.lang.Thread.State: WAITING (on object monitor)
        at sun.misc.Unsafe.park(Native Method)
        at java.util.concurrent.locks.LockSupport.park(LockSupport.java:175)
        at java.util.concurrent.locks.AbstractQueuedSynchronizer$ConditionObject.await(AbstractQueuedSynchronizer.java:2039)
        at java.util.concurrent.ArrayBlockingQueue.take(ArrayBlockingQueue.java:403)
        at java.util.concurrent.ThreadPoolExecutor.getTask(ThreadPoolExecutor.java:1074)
        at java.util.concurrent.ThreadPoolExecutor.runWorker(ThreadPoolExecutor.java:1134)
        at java.util.concurrent.ThreadPoolExecutor$Worker.run(ThreadPoolExecutor.java:624)
        at java.lang.Thread.run(Thread.java:748)
"pool-46-thread-27"  prio=5 tid=406 in Object.wait()
java.lang.Thread.State: WAITING (on object monitor)
        at sun.misc.Unsafe.park(Native Method)
        at java.util.concurrent.locks.LockSupport.park(LockSupport.java:175)
        at java.util.concurrent.locks.AbstractQueuedSynchronizer$ConditionObject.await(AbstractQueuedSynchronizer.java:2039)
        at java.util.concurrent.ArrayBlockingQueue.take(ArrayBlockingQueue.java:403)
        at java.util.concurrent.ThreadPoolExecutor.getTask(ThreadPoolExecutor.java:1074)
        at java.util.concurrent.ThreadPoolExecutor.runWorker(ThreadPoolExecutor.java:1134)
        at java.util.concurrent.ThreadPoolExecutor$Worker.run(ThreadPoolExecutor.java:624)
        at java.lang.Thread.run(Thread.java:748)
"IPC Server handler 18 on 38234" daemon prio=5 tid=133 timed_waiting
java.lang.Thread.State: TIMED_WAITING
        at sun.misc.Unsafe.park(Native Method)
        at java.util.concurrent.locks.LockSupport.parkNanos(LockSupport.java:215)
        at java.util.concurrent.locks.AbstractQueuedSynchronizer$ConditionObject.awaitNanos(AbstractQueuedSynchronizer.java:2078)
        at java.util.concurrent.LinkedBlockingQueue.poll(LinkedBlockingQueue.java:467)
        at org.apache.hadoop.ipc.CallQueueManager.take(CallQueueManager.java:288)
        at org.apache.hadoop.ipc.Server$Handler.run(Server.java:2668)
"pool-46-thread-28"  prio=5 tid=407 in Object.wait()
java.lang.Thread.State: WAITING (on object monitor)
        at sun.misc.Unsafe.park(Native Method)
        at java.util.concurrent.locks.LockSupport.park(LockSupport.java:175)
        at java.util.concurrent.locks.AbstractQueuedSynchronizer$ConditionObject.await(AbstractQueuedSynchronizer.java:2039)
        at java.util.concurrent.ArrayBlockingQueue.take(ArrayBlockingQueue.java:403)
        at java.util.concurrent.ThreadPoolExecutor.getTask(ThreadPoolExecutor.java:1074)
        at java.util.concurrent.ThreadPoolExecutor.runWorker(ThreadPoolExecutor.java:1134)
        at java.util.concurrent.ThreadPoolExecutor$Worker.run(ThreadPoolExecutor.java:624)
        at java.lang.Thread.run(Thread.java:748)
"refreshUsed-/workdir/hadoop-ozone/integration-test/target/test-dir/MiniOzoneClusterImpl-6c8aceb3-2805-42ee-9a98-c3760435b865/datanode-2/data/containers" daemon prio=5 tid=208 timed_waiting
java.lang.Thread.State: TIMED_WAITING
        at java.lang.Thread.sleep(Native Method)
        at org.apache.hadoop.fs.CachingGetSpaceUsed$RefreshThread.run(CachingGetSpaceUsed.java:179)
        at java.lang.Thread.run(Thread.java:748)
"pool-26-thread-46"  prio=5 tid=351 in Object.wait()
java.lang.Thread.State: WAITING (on object monitor)
        at sun.misc.Unsafe.park(Native Method)
        at java.util.concurrent.locks.LockSupport.park(LockSupport.java:175)
        at java.util.concurrent.locks.AbstractQueuedSynchronizer$ConditionObject.await(AbstractQueuedSynchronizer.java:2039)
        at java.util.concurrent.ArrayBlockingQueue.take(ArrayBlockingQueue.java:403)
        at java.util.concurrent.ThreadPoolExecutor.getTask(ThreadPoolExecutor.java:1074)
        at java.util.concurrent.ThreadPoolExecutor.runWorker(ThreadPoolExecutor.java:1134)
        at java.util.concurrent.ThreadPoolExecutor$Worker.run(ThreadPoolExecutor.java:624)
        at java.lang.Thread.run(Thread.java:748)
"EventQueue-ContainerReportForContainerReportHandler" daemon prio=5 tid=511 in Object.wait()
java.lang.Thread.State: WAITING (on object monitor)
        at sun.misc.Unsafe.park(Native Method)
        at java.util.concurrent.locks.LockSupport.park(LockSupport.java:175)
        at java.util.concurrent.locks.AbstractQueuedSynchronizer$ConditionObject.await(AbstractQueuedSynchronizer.java:2039)
        at java.util.concurrent.LinkedBlockingQueue.take(LinkedBlockingQueue.java:442)
        at java.util.concurrent.ThreadPoolExecutor.getTask(ThreadPoolExecutor.java:1074)
        at java.util.concurrent.ThreadPoolExecutor.runWorker(ThreadPoolExecutor.java:1134)
        at java.util.concurrent.ThreadPoolExecutor$Worker.run(ThreadPoolExecutor.java:624)
        at java.lang.Thread.run(Thread.java:748)
"pool-46-thread-3"  prio=5 tid=382 in Object.wait()
java.lang.Thread.State: WAITING (on object monitor)
        at sun.misc.Unsafe.park(Native Method)
        at java.util.concurrent.locks.LockSupport.park(LockSupport.java:175)
        at java.util.concurrent.locks.AbstractQueuedSynchronizer$ConditionObject.await(AbstractQueuedSynchronizer.java:2039)
        at java.util.concurrent.ArrayBlockingQueue.take(ArrayBlockingQueue.java:403)
        at java.util.concurrent.ThreadPoolExecutor.getTask(ThreadPoolExecutor.java:1074)
        at java.util.concurrent.ThreadPoolExecutor.runWorker(ThreadPoolExecutor.java:1134)
        at java.util.concurrent.ThreadPoolExecutor$Worker.run(ThreadPoolExecutor.java:624)
        at java.lang.Thread.run(Thread.java:748)
"qtp1080561710-159" daemon prio=5 tid=159 runnable
java.lang.Thread.State: RUNNABLE
        at sun.nio.ch.EPollArrayWrapper.epollWait(Native Method)
        at sun.nio.ch.EPollArrayWrapper.poll(EPollArrayWrapper.java:269)
        at sun.nio.ch.EPollSelectorImpl.doSelect(EPollSelectorImpl.java:93)
        at sun.nio.ch.SelectorImpl.lockAndDoSelect(SelectorImpl.java:86)
        at sun.nio.ch.SelectorImpl.select(SelectorImpl.java:97)
        at sun.nio.ch.SelectorImpl.select(SelectorImpl.java:101)
        at org.eclipse.jetty.io.ManagedSelector$SelectorProducer.select(ManagedSelector.java:243)
        at org.eclipse.jetty.io.ManagedSelector$SelectorProducer.produce(ManagedSelector.java:191)
        at org.eclipse.jetty.util.thread.strategy.ExecuteProduceConsume.executeProduceConsume(ExecuteProduceConsume.java:249)
        at org.eclipse.jetty.util.thread.strategy.ExecuteProduceConsume.produceConsume(ExecuteProduceConsume.java:148)
        at org.eclipse.jetty.util.thread.strategy.ExecuteProduceConsume.execute(ExecuteProduceConsume.java:100)
        at org.eclipse.jetty.io.ManagedSelector.run(ManagedSelector.java:147)
        at org.eclipse.jetty.util.thread.QueuedThreadPool.runJob(QueuedThreadPool.java:671)
        at org.eclipse.jetty.util.thread.QueuedThreadPool$2.run(QueuedThreadPool.java:589)
        at java.lang.Thread.run(Thread.java:748)
"grpc-default-worker-ELG-3-4" daemon prio=5 tid=522 runnable
java.lang.Thread.State: RUNNABLE
        at sun.nio.ch.EPollArrayWrapper.epollWait(Native Method)
        at sun.nio.ch.EPollArrayWrapper.poll(EPollArrayWrapper.java:269)
        at sun.nio.ch.EPollSelectorImpl.doSelect(EPollSelectorImpl.java:93)
        at sun.nio.ch.SelectorImpl.lockAndDoSelect(SelectorImpl.java:86)
        at sun.nio.ch.SelectorImpl.select(SelectorImpl.java:97)
        at org.apache.ratis.thirdparty.io.netty.channel.nio.SelectedSelectionKeySetSelector.select(SelectedSelectionKeySetSelector.java:62)
        at org.apache.ratis.thirdparty.io.netty.channel.nio.NioEventLoop.select(NioEventLoop.java:753)
        at org.apache.ratis.thirdparty.io.netty.channel.nio.NioEventLoop.run(NioEventLoop.java:408)
        at org.apache.ratis.thirdparty.io.netty.util.concurrent.SingleThreadEventExecutor$5.run(SingleThreadEventExecutor.java:897)
        at org.apache.ratis.thirdparty.io.netty.util.concurrent.FastThreadLocalRunnable.run(FastThreadLocalRunnable.java:30)
        at java.lang.Thread.run(Thread.java:748)
"pool-56-thread-46"  prio=5 tid=485 in Object.wait()
java.lang.Thread.State: WAITING (on object monitor)
        at sun.misc.Unsafe.park(Native Method)
        at java.util.concurrent.locks.LockSupport.park(LockSupport.java:175)
        at java.util.concurrent.locks.AbstractQueuedSynchronizer$ConditionObject.await(AbstractQueuedSynchronizer.java:2039)
        at java.util.concurrent.ArrayBlockingQueue.take(ArrayBlockingQueue.java:403)
        at java.util.concurrent.ThreadPoolExecutor.getTask(ThreadPoolExecutor.java:1074)
        at java.util.concurrent.ThreadPoolExecutor.runWorker(ThreadPoolExecutor.java:1134)
        at java.util.concurrent.ThreadPoolExecutor$Worker.run(ThreadPoolExecutor.java:624)
        at java.lang.Thread.run(Thread.java:748)
"pool-56-thread-40"  prio=5 tid=479 in Object.wait()
java.lang.Thread.State: WAITING (on object monitor)
        at sun.misc.Unsafe.park(Native Method)
        at java.util.concurrent.locks.LockSupport.park(LockSupport.java:175)
        at java.util.concurrent.locks.AbstractQueuedSynchronizer$ConditionObject.await(AbstractQueuedSynchronizer.java:2039)
        at java.util.concurrent.ArrayBlockingQueue.take(ArrayBlockingQueue.java:403)
        at java.util.concurrent.ThreadPoolExecutor.getTask(ThreadPoolExecutor.java:1074)
        at java.util.concurrent.ThreadPoolExecutor.runWorker(ThreadPoolExecutor.java:1134)
        at java.util.concurrent.ThreadPoolExecutor$Worker.run(ThreadPoolExecutor.java:624)
        at java.lang.Thread.run(Thread.java:748)
"CommandWatcher-LeaseManager#LeaseMonitor" daemon prio=5 tid=28 timed_waiting
java.lang.Thread.State: TIMED_WAITING
        at java.lang.Thread.sleep(Native Method)
        at org.apache.hadoop.ozone.lease.LeaseManager$LeaseMonitor.run(LeaseManager.java:234)
        at java.lang.Thread.run(Thread.java:748)
"pool-46-thread-8"  prio=5 tid=387 in Object.wait()
java.lang.Thread.State: WAITING (on object monitor)
        at sun.misc.Unsafe.park(Native Method)
        at java.util.concurrent.locks.LockSupport.park(LockSupport.java:175)
        at java.util.concurrent.locks.AbstractQueuedSynchronizer$ConditionObject.await(AbstractQueuedSynchronizer.java:2039)
        at java.util.concurrent.ArrayBlockingQueue.take(ArrayBlockingQueue.java:403)
        at java.util.concurrent.ThreadPoolExecutor.getTask(ThreadPoolExecutor.java:1074)
        at java.util.concurrent.ThreadPoolExecutor.runWorker(ThreadPoolExecutor.java:1134)
        at java.util.concurrent.ThreadPoolExecutor$Worker.run(ThreadPoolExecutor.java:624)
        at java.lang.Thread.run(Thread.java:748)
"qtp292890110-245" daemon prio=5 tid=245 timed_waiting
java.lang.Thread.State: TIMED_WAITING
        at sun.misc.Unsafe.park(Native Method)
        at java.util.concurrent.locks.LockSupport.parkNanos(LockSupport.java:215)
        at java.util.concurrent.locks.AbstractQueuedSynchronizer$ConditionObject.awaitNanos(AbstractQueuedSynchronizer.java:2078)
        at org.eclipse.jetty.util.BlockingArrayQueue.poll(BlockingArrayQueue.java:392)
        at org.eclipse.jetty.util.thread.QueuedThreadPool.idleJobPoll(QueuedThreadPool.java:563)
        at org.eclipse.jetty.util.thread.QueuedThreadPool.access$800(QueuedThreadPool.java:48)
        at org.eclipse.jetty.util.thread.QueuedThreadPool$2.run(QueuedThreadPool.java:626)
        at java.lang.Thread.run(Thread.java:748)
"pool-26-thread-7"  prio=5 tid=273 in Object.wait()
java.lang.Thread.State: WAITING (on object monitor)
        at sun.misc.Unsafe.park(Native Method)
        at java.util.concurrent.locks.LockSupport.park(LockSupport.java:175)
        at java.util.concurrent.locks.AbstractQueuedSynchronizer$ConditionObject.await(AbstractQueuedSynchronizer.java:2039)
        at java.util.concurrent.ArrayBlockingQueue.take(ArrayBlockingQueue.java:403)
        at java.util.concurrent.ThreadPoolExecutor.getTask(ThreadPoolExecutor.java:1074)
        at java.util.concurrent.ThreadPoolExecutor.runWorker(ThreadPoolExecutor.java:1134)
        at java.util.concurrent.ThreadPoolExecutor$Worker.run(ThreadPoolExecutor.java:624)
        at java.lang.Thread.run(Thread.java:748)
"443b071d-6096-48d6-bfe7-498b7c8032c0@group-ACC79D924EF2-StateMachineUpdater" daemon prio=5 tid=548 in Object.wait()
java.lang.Thread.State: WAITING (on object monitor)
        at java.lang.Object.wait(Native Method)
        at java.lang.Object.wait(Object.java:502)
        at org.apache.ratis.server.impl.StateMachineUpdater.waitForCommit(StateMachineUpdater.java:194)
        at org.apache.ratis.server.impl.StateMachineUpdater.run(StateMachineUpdater.java:159)
        at java.lang.Thread.run(Thread.java:748)
"pool-56-thread-7"  prio=5 tid=446 in Object.wait()
java.lang.Thread.State: WAITING (on object monitor)
        at sun.misc.Unsafe.park(Native Method)
        at java.util.concurrent.locks.LockSupport.park(LockSupport.java:175)
        at java.util.concurrent.locks.AbstractQueuedSynchronizer$ConditionObject.await(AbstractQueuedSynchronizer.java:2039)
        at java.util.concurrent.ArrayBlockingQueue.take(ArrayBlockingQueue.java:403)
        at java.util.concurrent.ThreadPoolExecutor.getTask(ThreadPoolExecutor.java:1074)
        at java.util.concurrent.ThreadPoolExecutor.runWorker(ThreadPoolExecutor.java:1134)
        at java.util.concurrent.ThreadPoolExecutor$Worker.run(ThreadPoolExecutor.java:624)
        at java.lang.Thread.run(Thread.java:748)
"org.eclipse.jetty.server.session.HashSessionManager@e9ef5b6Timer" daemon prio=5 tid=168 timed_waiting
java.lang.Thread.State: TIMED_WAITING
        at sun.misc.Unsafe.park(Native Method)
        at java.util.concurrent.locks.LockSupport.parkNanos(LockSupport.java:215)
        at java.util.concurrent.locks.AbstractQueuedSynchronizer$ConditionObject.awaitNanos(AbstractQueuedSynchronizer.java:2078)
        at java.util.concurrent.ScheduledThreadPoolExecutor$DelayedWorkQueue.take(ScheduledThreadPoolExecutor.java:1093)
        at java.util.concurrent.ScheduledThreadPoolExecutor$DelayedWorkQueue.take(ScheduledThreadPoolExecutor.java:809)
        at java.util.concurrent.ThreadPoolExecutor.getTask(ThreadPoolExecutor.java:1074)
        at java.util.concurrent.ThreadPoolExecutor.runWorker(ThreadPoolExecutor.java:1134)
        at java.util.concurrent.ThreadPoolExecutor$Worker.run(ThreadPoolExecutor.java:624)
        at java.lang.Thread.run(Thread.java:748)
"IPC Server listener on 34339" daemon prio=5 tid=14 runnable
java.lang.Thread.State: RUNNABLE
        at sun.nio.ch.EPollArrayWrapper.epollWait(Native Method)
        at sun.nio.ch.EPollArrayWrapper.poll(EPollArrayWrapper.java:269)
        at sun.nio.ch.EPollSelectorImpl.doSelect(EPollSelectorImpl.java:93)
        at sun.nio.ch.SelectorImpl.lockAndDoSelect(SelectorImpl.java:86)
        at sun.nio.ch.SelectorImpl.select(SelectorImpl.java:97)
        at sun.nio.ch.SelectorImpl.select(SelectorImpl.java:101)
        at org.apache.hadoop.ipc.Server$Listener.run(Server.java:1159)
"IPC Server handler 11 on 34339" daemon prio=5 tid=80 timed_waiting
java.lang.Thread.State: TIMED_WAITING
        at sun.misc.Unsafe.park(Native Method)
        at java.util.concurrent.locks.LockSupport.parkNanos(LockSupport.java:215)
        at java.util.concurrent.locks.AbstractQueuedSynchronizer$ConditionObject.awaitNanos(AbstractQueuedSynchronizer.java:2078)
        at java.util.concurrent.LinkedBlockingQueue.poll(LinkedBlockingQueue.java:467)
        at org.apache.hadoop.ipc.CallQueueManager.take(CallQueueManager.java:288)
        at org.apache.hadoop.ipc.Server$Handler.run(Server.java:2668)
"pool-46-thread-50"  prio=5 tid=429 in Object.wait()
java.lang.Thread.State: WAITING (on object monitor)
        at sun.misc.Unsafe.park(Native Method)
        at java.util.concurrent.locks.LockSupport.park(LockSupport.java:175)
        at java.util.concurrent.locks.AbstractQueuedSynchronizer$ConditionObject.await(AbstractQueuedSynchronizer.java:2039)
        at java.util.concurrent.ArrayBlockingQueue.take(ArrayBlockingQueue.java:403)
        at java.util.concurrent.ThreadPoolExecutor.getTask(ThreadPoolExecutor.java:1074)
        at java.util.concurrent.ThreadPoolExecutor.runWorker(ThreadPoolExecutor.java:1134)
        at java.util.concurrent.ThreadPoolExecutor$Worker.run(ThreadPoolExecutor.java:624)
        at java.lang.Thread.run(Thread.java:748)
"pool-26-thread-4"  prio=5 tid=267 in Object.wait()
java.lang.Thread.State: WAITING (on object monitor)
        at sun.misc.Unsafe.park(Native Method)
        at java.util.concurrent.locks.LockSupport.park(LockSupport.java:175)
        at java.util.concurrent.locks.AbstractQueuedSynchronizer$ConditionObject.await(AbstractQueuedSynchronizer.java:2039)
        at java.util.concurrent.ArrayBlockingQueue.take(ArrayBlockingQueue.java:403)
        at java.util.concurrent.ThreadPoolExecutor.getTask(ThreadPoolExecutor.java:1074)
        at java.util.concurrent.ThreadPoolExecutor.runWorker(ThreadPoolExecutor.java:1134)
        at java.util.concurrent.ThreadPoolExecutor$Worker.run(ThreadPoolExecutor.java:624)
        at java.lang.Thread.run(Thread.java:748)
"pool-46-thread-17"  prio=5 tid=396 in Object.wait()
java.lang.Thread.State: WAITING (on object monitor)
        at sun.misc.Unsafe.park(Native Method)
        at java.util.concurrent.locks.LockSupport.park(LockSupport.java:175)
        at java.util.concurrent.locks.AbstractQueuedSynchronizer$ConditionObject.await(AbstractQueuedSynchronizer.java:2039)
        at java.util.concurrent.ArrayBlockingQueue.take(ArrayBlockingQueue.java:403)
        at java.util.concurrent.ThreadPoolExecutor.getTask(ThreadPoolExecutor.java:1074)
        at java.util.concurrent.ThreadPoolExecutor.runWorker(ThreadPoolExecutor.java:1134)
        at java.util.concurrent.ThreadPoolExecutor$Worker.run(ThreadPoolExecutor.java:624)
        at java.lang.Thread.run(Thread.java:748)
"cbde3520-0cea-4357-bb04-1a0ae64b2bb1@group-7EB39FB5DF22-StateMachineUpdater" daemon prio=5 tid=697 in Object.wait()
java.lang.Thread.State: WAITING (on object monitor)
        at java.lang.Object.wait(Native Method)
        at java.lang.Object.wait(Object.java:502)
        at org.apache.ratis.server.impl.StateMachineUpdater.waitForCommit(StateMachineUpdater.java:194)
        at org.apache.ratis.server.impl.StateMachineUpdater.run(StateMachineUpdater.java:159)
        at java.lang.Thread.run(Thread.java:748)
"IPC Server handler 10 on 34819" daemon prio=5 tid=39 timed_waiting
java.lang.Thread.State: TIMED_WAITING
        at sun.misc.Unsafe.park(Native Method)
        at java.util.concurrent.locks.LockSupport.parkNanos(LockSupport.java:215)
        at java.util.concurrent.locks.AbstractQueuedSynchronizer$ConditionObject.awaitNanos(AbstractQueuedSynchronizer.java:2078)
        at java.util.concurrent.LinkedBlockingQueue.poll(LinkedBlockingQueue.java:467)
        at org.apache.hadoop.ipc.CallQueueManager.take(CallQueueManager.java:288)
        at org.apache.hadoop.ipc.Server$Handler.run(Server.java:2668)
"Datanode ReportManager Thread - 1" daemon prio=5 tid=199 in Object.wait()
java.lang.Thread.State: WAITING (on object monitor)
        at sun.misc.Unsafe.park(Native Method)
        at java.util.concurrent.locks.LockSupport.park(LockSupport.java:175)
        at java.util.concurrent.locks.AbstractQueuedSynchronizer$ConditionObject.await(AbstractQueuedSynchronizer.java:2039)
        at java.util.concurrent.ScheduledThreadPoolExecutor$DelayedWorkQueue.take(ScheduledThreadPoolExecutor.java:1088)
        at java.util.concurrent.ScheduledThreadPoolExecutor$DelayedWorkQueue.take(ScheduledThreadPoolExecutor.java:809)
        at java.util.concurrent.ThreadPoolExecutor.getTask(ThreadPoolExecutor.java:1074)
        at java.util.concurrent.ThreadPoolExecutor.runWorker(ThreadPoolExecutor.java:1134)
        at java.util.concurrent.ThreadPoolExecutor$Worker.run(ThreadPoolExecutor.java:624)
        at java.lang.Thread.run(Thread.java:748)
"Datanode ReportManager Thread - 2" daemon prio=5 tid=175 in Object.wait()
java.lang.Thread.State: WAITING (on object monitor)
        at sun.misc.Unsafe.park(Native Method)
        at java.util.concurrent.locks.LockSupport.park(LockSupport.java:175)
        at java.util.concurrent.locks.AbstractQueuedSynchronizer$ConditionObject.await(AbstractQueuedSynchronizer.java:2039)
        at java.util.concurrent.ScheduledThreadPoolExecutor$DelayedWorkQueue.take(ScheduledThreadPoolExecutor.java:1088)
        at java.util.concurrent.ScheduledThreadPoolExecutor$DelayedWorkQueue.take(ScheduledThreadPoolExecutor.java:809)
        at java.util.concurrent.ThreadPoolExecutor.getTask(ThreadPoolExecutor.java:1074)
        at java.util.concurrent.ThreadPoolExecutor.runWorker(ThreadPoolExecutor.java:1134)
        at java.util.concurrent.ThreadPoolExecutor$Worker.run(ThreadPoolExecutor.java:624)
        at java.lang.Thread.run(Thread.java:748)
"Datanode ReportManager Thread - 2" daemon prio=5 tid=200 in Object.wait()
java.lang.Thread.State: WAITING (on object monitor)
        at sun.misc.Unsafe.park(Native Method)
        at java.util.concurrent.locks.LockSupport.park(LockSupport.java:175)
        at java.util.concurrent.locks.AbstractQueuedSynchronizer$ConditionObject.await(AbstractQueuedSynchronizer.java:2039)
        at java.util.concurrent.ScheduledThreadPoolExecutor$DelayedWorkQueue.take(ScheduledThreadPoolExecutor.java:1088)
        at java.util.concurrent.ScheduledThreadPoolExecutor$DelayedWorkQueue.take(ScheduledThreadPoolExecutor.java:809)
        at java.util.concurrent.ThreadPoolExecutor.getTask(ThreadPoolExecutor.java:1074)
        at java.util.concurrent.ThreadPoolExecutor.runWorker(ThreadPoolExecutor.java:1134)
        at java.util.concurrent.ThreadPoolExecutor$Worker.run(ThreadPoolExecutor.java:624)
        at java.lang.Thread.run(Thread.java:748)
"metrics-hadoop-metrics2-reporter-22-thread-1" daemon prio=5 tid=584 timed_waiting
java.lang.Thread.State: TIMED_WAITING
        at sun.misc.Unsafe.park(Native Method)
        at java.util.concurrent.locks.LockSupport.parkNanos(LockSupport.java:215)
        at java.util.concurrent.locks.AbstractQueuedSynchronizer$ConditionObject.awaitNanos(AbstractQueuedSynchronizer.java:2078)
        at java.util.concurrent.ScheduledThreadPoolExecutor$DelayedWorkQueue.take(ScheduledThreadPoolExecutor.java:1093)
        at java.util.concurrent.ScheduledThreadPoolExecutor$DelayedWorkQueue.take(ScheduledThreadPoolExecutor.java:809)
        at java.util.concurrent.ThreadPoolExecutor.getTask(ThreadPoolExecutor.java:1074)
        at java.util.concurrent.ThreadPoolExecutor.runWorker(ThreadPoolExecutor.java:1134)
        at java.util.concurrent.ThreadPoolExecutor$Worker.run(ThreadPoolExecutor.java:624)
        at java.lang.Thread.run(Thread.java:748)
"IPC Server handler 5 on 34819" daemon prio=5 tid=34 timed_waiting
java.lang.Thread.State: TIMED_WAITING
        at sun.misc.Unsafe.park(Native Method)
        at java.util.concurrent.locks.LockSupport.parkNanos(LockSupport.java:215)
        at java.util.concurrent.locks.AbstractQueuedSynchronizer$ConditionObject.awaitNanos(AbstractQueuedSynchronizer.java:2078)
        at java.util.concurrent.LinkedBlockingQueue.poll(LinkedBlockingQueue.java:467)
        at org.apache.hadoop.ipc.CallQueueManager.take(CallQueueManager.java:288)
        at org.apache.hadoop.ipc.Server$Handler.run(Server.java:2668)
"IPC Server handler 1 on 34819" daemon prio=5 tid=30 timed_waiting
java.lang.Thread.State: TIMED_WAITING
        at sun.misc.Unsafe.park(Native Method)
        at java.util.concurrent.locks.LockSupport.parkNanos(LockSupport.java:215)
        at java.util.concurrent.locks.AbstractQueuedSynchronizer$ConditionObject.awaitNanos(AbstractQueuedSynchronizer.java:2078)
        at java.util.concurrent.LinkedBlockingQueue.poll(LinkedBlockingQueue.java:467)
        at org.apache.hadoop.ipc.CallQueueManager.take(CallQueueManager.java:288)
        at org.apache.hadoop.ipc.Server$Handler.run(Server.java:2668)
"pool-36-thread-14"  prio=5 tid=286 in Object.wait()
java.lang.Thread.State: WAITING (on object monitor)
        at sun.misc.Unsafe.park(Native Method)
        at java.util.concurrent.locks.LockSupport.park(LockSupport.java:175)
        at java.util.concurrent.locks.AbstractQueuedSynchronizer$ConditionObject.await(AbstractQueuedSynchronizer.java:2039)
        at java.util.concurrent.ArrayBlockingQueue.take(ArrayBlockingQueue.java:403)
        at java.util.concurrent.ThreadPoolExecutor.getTask(ThreadPoolExecutor.java:1074)
        at java.util.concurrent.ThreadPoolExecutor.runWorker(ThreadPoolExecutor.java:1134)
        at java.util.concurrent.ThreadPoolExecutor$Worker.run(ThreadPoolExecutor.java:624)
        at java.lang.Thread.run(Thread.java:748)
"cbde3520-0cea-4357-bb04-1a0ae64b2bb1@group-7EB39FB5DF22-SegmentedRaftLogWorker"  prio=5 tid=695 timed_waiting
java.lang.Thread.State: TIMED_WAITING
        at sun.misc.Unsafe.park(Native Method)
        at java.util.concurrent.locks.LockSupport.parkNanos(LockSupport.java:215)
        at java.util.concurrent.locks.AbstractQueuedSynchronizer$ConditionObject.awaitNanos(AbstractQueuedSynchronizer.java:2078)
        at org.apache.ratis.util.DataBlockingQueue.poll(DataBlockingQueue.java:137)
        at org.apache.ratis.server.raftlog.segmented.SegmentedRaftLogWorker.run(SegmentedRaftLogWorker.java:282)
        at java.lang.Thread.run(Thread.java:748)
"pool-26-thread-48"  prio=5 tid=355 in Object.wait()
java.lang.Thread.State: WAITING (on object monitor)
        at sun.misc.Unsafe.park(Native Method)
        at java.util.concurrent.locks.LockSupport.park(LockSupport.java:175)
        at java.util.concurrent.locks.AbstractQueuedSynchronizer$ConditionObject.await(AbstractQueuedSynchronizer.java:2039)
        at java.util.concurrent.ArrayBlockingQueue.take(ArrayBlockingQueue.java:403)
        at java.util.concurrent.ThreadPoolExecutor.getTask(ThreadPoolExecutor.java:1074)
        at java.util.concurrent.ThreadPoolExecutor.runWorker(ThreadPoolExecutor.java:1134)
        at java.util.concurrent.ThreadPoolExecutor$Worker.run(ThreadPoolExecutor.java:624)
        at java.lang.Thread.run(Thread.java:748)
"pool-36-thread-46"  prio=5 tid=350 in Object.wait()
java.lang.Thread.State: WAITING (on object monitor)
        at sun.misc.Unsafe.park(Native Method)
        at java.util.concurrent.locks.LockSupport.park(LockSupport.java:175)
        at java.util.concurrent.locks.AbstractQueuedSynchronizer$ConditionObject.await(AbstractQueuedSynchronizer.java:2039)
        at java.util.concurrent.ArrayBlockingQueue.take(ArrayBlockingQueue.java:403)
        at java.util.concurrent.ThreadPoolExecutor.getTask(ThreadPoolExecutor.java:1074)
        at java.util.concurrent.ThreadPoolExecutor.runWorker(ThreadPoolExecutor.java:1134)
        at java.util.concurrent.ThreadPoolExecutor$Worker.run(ThreadPoolExecutor.java:624)
        at java.lang.Thread.run(Thread.java:748)
"metrics-hadoop-metrics2-reporter-32-thread-1" daemon prio=5 tid=616 timed_waiting
java.lang.Thread.State: TIMED_WAITING
        at sun.misc.Unsafe.park(Native Method)
        at java.util.concurrent.locks.LockSupport.parkNanos(LockSupport.java:215)
        at java.util.concurrent.locks.AbstractQueuedSynchronizer$ConditionObject.awaitNanos(AbstractQueuedSynchronizer.java:2078)
        at java.util.concurrent.ScheduledThreadPoolExecutor$DelayedWorkQueue.take(ScheduledThreadPoolExecutor.java:1093)
        at java.util.concurrent.ScheduledThreadPoolExecutor$DelayedWorkQueue.take(ScheduledThreadPoolExecutor.java:809)
        at java.util.concurrent.ThreadPoolExecutor.getTask(ThreadPoolExecutor.java:1074)
        at java.util.concurrent.ThreadPoolExecutor.runWorker(ThreadPoolExecutor.java:1134)
        at java.util.concurrent.ThreadPoolExecutor$Worker.run(ThreadPoolExecutor.java:624)
        at java.lang.Thread.run(Thread.java:748)
"org.eclipse.jetty.server.session.HashSessionManager@7cedfa63Timer" daemon prio=5 tid=146 timed_waiting
java.lang.Thread.State: TIMED_WAITING
        at sun.misc.Unsafe.park(Native Method)
        at java.util.concurrent.locks.LockSupport.parkNanos(LockSupport.java:215)
        at java.util.concurrent.locks.AbstractQueuedSynchronizer$ConditionObject.awaitNanos(AbstractQueuedSynchronizer.java:2078)
        at java.util.concurrent.ScheduledThreadPoolExecutor$DelayedWorkQueue.take(ScheduledThreadPoolExecutor.java:1093)
        at java.util.concurrent.ScheduledThreadPoolExecutor$DelayedWorkQueue.take(ScheduledThreadPoolExecutor.java:809)
        at java.util.concurrent.ThreadPoolExecutor.getTask(ThreadPoolExecutor.java:1074)
        at java.util.concurrent.ThreadPoolExecutor.runWorker(ThreadPoolExecutor.java:1134)
        at java.util.concurrent.ThreadPoolExecutor$Worker.run(ThreadPoolExecutor.java:624)
        at java.lang.Thread.run(Thread.java:748)
"443b071d-6096-48d6-bfe7-498b7c8032c0@group-ACC79D924EF2-SegmentedRaftLogWorker"  prio=5 tid=547 timed_waiting
java.lang.Thread.State: TIMED_WAITING
        at sun.misc.Unsafe.park(Native Method)
        at java.util.concurrent.locks.LockSupport.parkNanos(LockSupport.java:215)
        at java.util.concurrent.locks.AbstractQueuedSynchronizer$ConditionObject.awaitNanos(AbstractQueuedSynchronizer.java:2078)
        at org.apache.ratis.util.DataBlockingQueue.poll(DataBlockingQueue.java:137)
        at org.apache.ratis.server.raftlog.segmented.SegmentedRaftLogWorker.run(SegmentedRaftLogWorker.java:282)
        at java.lang.Thread.run(Thread.java:748)
"qtp707892422-192" daemon prio=5 tid=192 timed_waiting
java.lang.Thread.State: TIMED_WAITING
        at sun.misc.Unsafe.park(Native Method)
        at java.util.concurrent.locks.LockSupport.parkNanos(LockSupport.java:215)
        at java.util.concurrent.locks.AbstractQueuedSynchronizer$ConditionObject.awaitNanos(AbstractQueuedSynchronizer.java:2078)
        at org.eclipse.jetty.util.BlockingArrayQueue.poll(BlockingArrayQueue.java:392)
        at org.eclipse.jetty.util.thread.QueuedThreadPool.idleJobPoll(QueuedThreadPool.java:563)
        at org.eclipse.jetty.util.thread.QueuedThreadPool.access$800(QueuedThreadPool.java:48)
        at org.eclipse.jetty.util.thread.QueuedThreadPool$2.run(QueuedThreadPool.java:626)
        at java.lang.Thread.run(Thread.java:748)
"qtp206310209-138" daemon prio=5 tid=138 timed_waiting
java.lang.Thread.State: TIMED_WAITING
        at sun.misc.Unsafe.park(Native Method)
        at java.util.concurrent.locks.LockSupport.parkNanos(LockSupport.java:215)
        at java.util.concurrent.locks.AbstractQueuedSynchronizer$ConditionObject.awaitNanos(AbstractQueuedSynchronizer.java:2078)
        at org.eclipse.jetty.util.BlockingArrayQueue.poll(BlockingArrayQueue.java:392)
        at org.eclipse.jetty.util.thread.QueuedThreadPool.idleJobPoll(QueuedThreadPool.java:563)
        at org.eclipse.jetty.util.thread.QueuedThreadPool.access$800(QueuedThreadPool.java:48)
        at org.eclipse.jetty.util.thread.QueuedThreadPool$2.run(QueuedThreadPool.java:626)
        at java.lang.Thread.run(Thread.java:748)
"Datanode ReportManager Thread - 0" daemon prio=5 tid=225 in Object.wait()
java.lang.Thread.State: WAITING (on object monitor)
        at sun.misc.Unsafe.park(Native Method)
        at java.util.concurrent.locks.LockSupport.park(LockSupport.java:175)
        at java.util.concurrent.locks.AbstractQueuedSynchronizer$ConditionObject.await(AbstractQueuedSynchronizer.java:2039)
        at java.util.concurrent.ScheduledThreadPoolExecutor$DelayedWorkQueue.take(ScheduledThreadPoolExecutor.java:1088)
        at java.util.concurrent.ScheduledThreadPoolExecutor$DelayedWorkQueue.take(ScheduledThreadPoolExecutor.java:809)
        at java.util.concurrent.ThreadPoolExecutor.getTask(ThreadPoolExecutor.java:1074)
        at java.util.concurrent.ThreadPoolExecutor.runWorker(ThreadPoolExecutor.java:1134)
        at java.util.concurrent.ThreadPoolExecutor$Worker.run(ThreadPoolExecutor.java:624)
        at java.lang.Thread.run(Thread.java:748)
"IPC Server handler 15 on 34819" daemon prio=5 tid=44 timed_waiting
java.lang.Thread.State: TIMED_WAITING
        at sun.misc.Unsafe.park(Native Method)
        at java.util.concurrent.locks.LockSupport.parkNanos(LockSupport.java:215)
        at java.util.concurrent.locks.AbstractQueuedSynchronizer$ConditionObject.awaitNanos(AbstractQueuedSynchronizer.java:2078)
        at java.util.concurrent.LinkedBlockingQueue.poll(LinkedBlockingQueue.java:467)
        at org.apache.hadoop.ipc.CallQueueManager.take(CallQueueManager.java:288)
        at org.apache.hadoop.ipc.Server$Handler.run(Server.java:2668)
"pool-36-thread-29"  prio=5 tid=316 in Object.wait()
java.lang.Thread.State: WAITING (on object monitor)
        at sun.misc.Unsafe.park(Native Method)
        at java.util.concurrent.locks.LockSupport.park(LockSupport.java:175)
        at java.util.concurrent.locks.AbstractQueuedSynchronizer$ConditionObject.await(AbstractQueuedSynchronizer.java:2039)
        at java.util.concurrent.ArrayBlockingQueue.take(ArrayBlockingQueue.java:403)
        at java.util.concurrent.ThreadPoolExecutor.getTask(ThreadPoolExecutor.java:1074)
        at java.util.concurrent.ThreadPoolExecutor.runWorker(ThreadPoolExecutor.java:1134)
        at java.util.concurrent.ThreadPoolExecutor$Worker.run(ThreadPoolExecutor.java:624)
        at java.lang.Thread.run(Thread.java:748)
"443b071d-6096-48d6-bfe7-498b7c8032c0@group-7EB39FB5DF22-StateMachineUpdater" daemon prio=5 tid=696 in Object.wait()
java.lang.Thread.State: WAITING (on object monitor)
        at java.lang.Object.wait(Native Method)
        at java.lang.Object.wait(Object.java:502)
        at org.apache.ratis.server.impl.StateMachineUpdater.waitForCommit(StateMachineUpdater.java:194)
        at org.apache.ratis.server.impl.StateMachineUpdater.run(StateMachineUpdater.java:159)
        at java.lang.Thread.run(Thread.java:748)
"grpc-default-boss-ELG-1-1" daemon prio=5 tid=500 runnable
java.lang.Thread.State: RUNNABLE
        at sun.nio.ch.EPollArrayWrapper.epollWait(Native Method)
        at sun.nio.ch.EPollArrayWrapper.poll(EPollArrayWrapper.java:269)
        at sun.nio.ch.EPollSelectorImpl.doSelect(EPollSelectorImpl.java:93)
        at sun.nio.ch.SelectorImpl.lockAndDoSelect(SelectorImpl.java:86)
        at sun.nio.ch.SelectorImpl.select(SelectorImpl.java:97)
        at org.apache.ratis.thirdparty.io.netty.channel.nio.SelectedSelectionKeySetSelector.select(SelectedSelectionKeySetSelector.java:62)
        at org.apache.ratis.thirdparty.io.netty.channel.nio.NioEventLoop.select(NioEventLoop.java:753)
        at org.apache.ratis.thirdparty.io.netty.channel.nio.NioEventLoop.run(NioEventLoop.java:408)
        at org.apache.ratis.thirdparty.io.netty.util.concurrent.SingleThreadEventExecutor$5.run(SingleThreadEventExecutor.java:897)
        at org.apache.ratis.thirdparty.io.netty.util.concurrent.FastThreadLocalRunnable.run(FastThreadLocalRunnable.java:30)
        at java.lang.Thread.run(Thread.java:748)
"pool-26-thread-31"  prio=5 tid=321 in Object.wait()
java.lang.Thread.State: WAITING (on object monitor)
        at sun.misc.Unsafe.park(Native Method)
        at java.util.concurrent.locks.LockSupport.park(LockSupport.java:175)
        at java.util.concurrent.locks.AbstractQueuedSynchronizer$ConditionObject.await(AbstractQueuedSynchronizer.java:2039)
        at java.util.concurrent.ArrayBlockingQueue.take(ArrayBlockingQueue.java:403)
        at java.util.concurrent.ThreadPoolExecutor.getTask(ThreadPoolExecutor.java:1074)
        at java.util.concurrent.ThreadPoolExecutor.runWorker(ThreadPoolExecutor.java:1134)
        at java.util.concurrent.ThreadPoolExecutor$Worker.run(ThreadPoolExecutor.java:624)
        at java.lang.Thread.run(Thread.java:748)
"Datanode ReportManager Thread - 1" daemon prio=5 tid=253 in Object.wait()
java.lang.Thread.State: WAITING (on object monitor)
        at sun.misc.Unsafe.park(Native Method)
        at java.util.concurrent.locks.LockSupport.park(LockSupport.java:175)
        at java.util.concurrent.locks.AbstractQueuedSynchronizer$ConditionObject.await(AbstractQueuedSynchronizer.java:2039)
        at java.util.concurrent.ScheduledThreadPoolExecutor$DelayedWorkQueue.take(ScheduledThreadPoolExecutor.java:1088)
        at java.util.concurrent.ScheduledThreadPoolExecutor$DelayedWorkQueue.take(ScheduledThreadPoolExecutor.java:809)
        at java.util.concurrent.ThreadPoolExecutor.getTask(ThreadPoolExecutor.java:1074)
        at java.util.concurrent.ThreadPoolExecutor.runWorker(ThreadPoolExecutor.java:1134)
        at java.util.concurrent.ThreadPoolExecutor$Worker.run(ThreadPoolExecutor.java:624)
        at java.lang.Thread.run(Thread.java:748)
"pool-56-thread-32"  prio=5 tid=471 in Object.wait()
java.lang.Thread.State: WAITING (on object monitor)
        at sun.misc.Unsafe.park(Native Method)
        at java.util.concurrent.locks.LockSupport.park(LockSupport.java:175)
        at java.util.concurrent.locks.AbstractQueuedSynchronizer$ConditionObject.await(AbstractQueuedSynchronizer.java:2039)
        at java.util.concurrent.ArrayBlockingQueue.take(ArrayBlockingQueue.java:403)
        at java.util.concurrent.ThreadPoolExecutor.getTask(ThreadPoolExecutor.java:1074)
        at java.util.concurrent.ThreadPoolExecutor.runWorker(ThreadPoolExecutor.java:1134)
        at java.util.concurrent.ThreadPoolExecutor$Worker.run(ThreadPoolExecutor.java:624)
        at java.lang.Thread.run(Thread.java:748)
"pool-46-thread-12"  prio=5 tid=391 in Object.wait()
java.lang.Thread.State: WAITING (on object monitor)
        at sun.misc.Unsafe.park(Native Method)
        at java.util.concurrent.locks.LockSupport.park(LockSupport.java:175)
        at java.util.concurrent.locks.AbstractQueuedSynchronizer$ConditionObject.await(AbstractQueuedSynchronizer.java:2039)
        at java.util.concurrent.ArrayBlockingQueue.take(ArrayBlockingQueue.java:403)
        at java.util.concurrent.ThreadPoolExecutor.getTask(ThreadPoolExecutor.java:1074)
        at java.util.concurrent.ThreadPoolExecutor.runWorker(ThreadPoolExecutor.java:1134)
        at java.util.concurrent.ThreadPoolExecutor$Worker.run(ThreadPoolExecutor.java:624)
        at java.lang.Thread.run(Thread.java:748)
"pool-36-thread-58"  prio=5 tid=375 in Object.wait()
java.lang.Thread.State: WAITING (on object monitor)
        at sun.misc.Unsafe.park(Native Method)
        at java.util.concurrent.locks.LockSupport.park(LockSupport.java:175)
        at java.util.concurrent.locks.AbstractQueuedSynchronizer$ConditionObject.await(AbstractQueuedSynchronizer.java:2039)
        at java.util.concurrent.ArrayBlockingQueue.take(ArrayBlockingQueue.java:403)
        at java.util.concurrent.ThreadPoolExecutor.getTask(ThreadPoolExecutor.java:1074)
        at java.util.concurrent.ThreadPoolExecutor.runWorker(ThreadPoolExecutor.java:1134)
        at java.util.concurrent.ThreadPoolExecutor$Worker.run(ThreadPoolExecutor.java:624)
        at java.lang.Thread.run(Thread.java:748)
"pool-36-thread-7"  prio=5 tid=272 in Object.wait()
java.lang.Thread.State: WAITING (on object monitor)
        at sun.misc.Unsafe.park(Native Method)
        at java.util.concurrent.locks.LockSupport.park(LockSupport.java:175)
        at java.util.concurrent.locks.AbstractQueuedSynchronizer$ConditionObject.await(AbstractQueuedSynchronizer.java:2039)
        at java.util.concurrent.ArrayBlockingQueue.take(ArrayBlockingQueue.java:403)
        at java.util.concurrent.ThreadPoolExecutor.getTask(ThreadPoolExecutor.java:1074)
        at java.util.concurrent.ThreadPoolExecutor.runWorker(ThreadPoolExecutor.java:1134)
        at java.util.concurrent.ThreadPoolExecutor$Worker.run(ThreadPoolExecutor.java:624)
        at java.lang.Thread.run(Thread.java:748)
"pool-56-thread-8"  prio=5 tid=447 in Object.wait()
java.lang.Thread.State: WAITING (on object monitor)
        at sun.misc.Unsafe.park(Native Method)
        at java.util.concurrent.locks.LockSupport.park(LockSupport.java:175)
        at java.util.concurrent.locks.AbstractQueuedSynchronizer$ConditionObject.await(AbstractQueuedSynchronizer.java:2039)
        at java.util.concurrent.ArrayBlockingQueue.take(ArrayBlockingQueue.java:403)
        at java.util.concurrent.ThreadPoolExecutor.getTask(ThreadPoolExecutor.java:1074)
        at java.util.concurrent.ThreadPoolExecutor.runWorker(ThreadPoolExecutor.java:1134)
        at java.util.concurrent.ThreadPoolExecutor$Worker.run(ThreadPoolExecutor.java:624)
        at java.lang.Thread.run(Thread.java:748)
"IPC Server handler 13 on 38234" daemon prio=5 tid=128 timed_waiting
java.lang.Thread.State: TIMED_WAITING
        at sun.misc.Unsafe.park(Native Method)
        at java.util.concurrent.locks.LockSupport.parkNanos(LockSupport.java:215)
        at java.util.concurrent.locks.AbstractQueuedSynchronizer$ConditionObject.awaitNanos(AbstractQueuedSynchronizer.java:2078)
        at java.util.concurrent.LinkedBlockingQueue.poll(LinkedBlockingQueue.java:467)
        at org.apache.hadoop.ipc.CallQueueManager.take(CallQueueManager.java:288)
        at org.apache.hadoop.ipc.Server$Handler.run(Server.java:2668)
"jaeger.RemoteReporter-FlushTimer" daemon prio=5 tid=148 timed_waiting
java.lang.Thread.State: TIMED_WAITING
        at java.lang.Object.wait(Native Method)
        at java.util.TimerThread.mainLoop(Timer.java:552)
        at java.util.TimerThread.run(Timer.java:505)
"pool-56-thread-39"  prio=5 tid=478 in Object.wait()
java.lang.Thread.State: WAITING (on object monitor)
        at sun.misc.Unsafe.park(Native Method)
        at java.util.concurrent.locks.LockSupport.park(LockSupport.java:175)
        at java.util.concurrent.locks.AbstractQueuedSynchronizer$ConditionObject.await(AbstractQueuedSynchronizer.java:2039)
        at java.util.concurrent.ArrayBlockingQueue.take(ArrayBlockingQueue.java:403)
        at java.util.concurrent.ThreadPoolExecutor.getTask(ThreadPoolExecutor.java:1074)
        at java.util.concurrent.ThreadPoolExecutor.runWorker(ThreadPoolExecutor.java:1134)
        at java.util.concurrent.ThreadPoolExecutor$Worker.run(ThreadPoolExecutor.java:624)
        at java.lang.Thread.run(Thread.java:748)
"pool-26-thread-18"  prio=5 tid=295 in Object.wait()
java.lang.Thread.State: WAITING (on object monitor)
        at sun.misc.Unsafe.park(Native Method)
        at java.util.concurrent.locks.LockSupport.park(LockSupport.java:175)
        at java.util.concurrent.locks.AbstractQueuedSynchronizer$ConditionObject.await(AbstractQueuedSynchronizer.java:2039)
        at java.util.concurrent.ArrayBlockingQueue.take(ArrayBlockingQueue.java:403)
        at java.util.concurrent.ThreadPoolExecutor.getTask(ThreadPoolExecutor.java:1074)
        at java.util.concurrent.ThreadPoolExecutor.runWorker(ThreadPoolExecutor.java:1134)
        at java.util.concurrent.ThreadPoolExecutor$Worker.run(ThreadPoolExecutor.java:624)
        at java.lang.Thread.run(Thread.java:748)
"Thread-2575" daemon prio=5 tid=2966 timed_waiting
java.lang.Thread.State: TIMED_WAITING
        at java.lang.Thread.sleep(Native Method)
        at org.apache.ratis.util.JavaUtils.sleep(JavaUtils.java:247)
        at org.apache.ratis.server.impl.FollowerState.run(FollowerState.java:97)
"pool-26-thread-29"  prio=5 tid=317 in Object.wait()
java.lang.Thread.State: WAITING (on object monitor)
        at sun.misc.Unsafe.park(Native Method)
        at java.util.concurrent.locks.LockSupport.park(LockSupport.java:175)
        at java.util.concurrent.locks.AbstractQueuedSynchronizer$ConditionObject.await(AbstractQueuedSynchronizer.java:2039)
        at java.util.concurrent.ArrayBlockingQueue.take(ArrayBlockingQueue.java:403)
        at java.util.concurrent.ThreadPoolExecutor.getTask(ThreadPoolExecutor.java:1074)
        at java.util.concurrent.ThreadPoolExecutor.runWorker(ThreadPoolExecutor.java:1134)
        at java.util.concurrent.ThreadPoolExecutor$Worker.run(ThreadPoolExecutor.java:624)
        at java.lang.Thread.run(Thread.java:748)
"java.util.concurrent.ThreadPoolExecutor$Worker@25f4e2a5[State = -1, empty queue]" daemon prio=5 tid=620 timed_waiting
java.lang.Thread.State: TIMED_WAITING
        at sun.misc.Unsafe.park(Native Method)
        at java.util.concurrent.locks.LockSupport.parkNanos(LockSupport.java:215)
        at java.util.concurrent.locks.AbstractQueuedSynchronizer$ConditionObject.awaitNanos(AbstractQueuedSynchronizer.java:2078)
        at java.util.concurrent.ScheduledThreadPoolExecutor$DelayedWorkQueue.take(ScheduledThreadPoolExecutor.java:1093)
        at java.util.concurrent.ScheduledThreadPoolExecutor$DelayedWorkQueue.take(ScheduledThreadPoolExecutor.java:809)
        at java.util.concurrent.ThreadPoolExecutor.getTask(ThreadPoolExecutor.java:1074)
        at java.util.concurrent.ThreadPoolExecutor.runWorker(ThreadPoolExecutor.java:1134)
        at java.util.concurrent.ThreadPoolExecutor$Worker.run(ThreadPoolExecutor.java:624)
        at java.lang.Thread.run(Thread.java:748)
"pool-46-thread-9"  prio=5 tid=388 in Object.wait()
java.lang.Thread.State: WAITING (on object monitor)
        at sun.misc.Unsafe.park(Native Method)
        at java.util.concurrent.locks.LockSupport.park(LockSupport.java:175)
        at java.util.concurrent.locks.AbstractQueuedSynchronizer$ConditionObject.await(AbstractQueuedSynchronizer.java:2039)
        at java.util.concurrent.ArrayBlockingQueue.take(ArrayBlockingQueue.java:403)
        at java.util.concurrent.ThreadPoolExecutor.getTask(ThreadPoolExecutor.java:1074)
        at java.util.concurrent.ThreadPoolExecutor.runWorker(ThreadPoolExecutor.java:1134)
        at java.util.concurrent.ThreadPoolExecutor$Worker.run(ThreadPoolExecutor.java:624)
        at java.lang.Thread.run(Thread.java:748)
"org.eclipse.jetty.server.session.HashSessionManager@3968bc60Timer" daemon prio=5 tid=222 timed_waiting
java.lang.Thread.State: TIMED_WAITING
        at sun.misc.Unsafe.park(Native Method)
        at java.util.concurrent.locks.LockSupport.parkNanos(LockSupport.java:215)
        at java.util.concurrent.locks.AbstractQueuedSynchronizer$ConditionObject.awaitNanos(AbstractQueuedSynchronizer.java:2078)
        at java.util.concurrent.ScheduledThreadPoolExecutor$DelayedWorkQueue.take(ScheduledThreadPoolExecutor.java:1093)
        at java.util.concurrent.ScheduledThreadPoolExecutor$DelayedWorkQueue.take(ScheduledThreadPoolExecutor.java:809)
        at java.util.concurrent.ThreadPoolExecutor.getTask(ThreadPoolExecutor.java:1074)
        at java.util.concurrent.ThreadPoolExecutor.runWorker(ThreadPoolExecutor.java:1134)
        at java.util.concurrent.ThreadPoolExecutor$Worker.run(ThreadPoolExecutor.java:624)
        at java.lang.Thread.run(Thread.java:748)
"IPC Server handler 1 on 40088" daemon prio=5 tid=50 timed_waiting
java.lang.Thread.State: TIMED_WAITING
        at sun.misc.Unsafe.park(Native Method)
        at java.util.concurrent.locks.LockSupport.parkNanos(LockSupport.java:215)
        at java.util.concurrent.locks.AbstractQueuedSynchronizer$ConditionObject.awaitNanos(AbstractQueuedSynchronizer.java:2078)
        at java.util.concurrent.LinkedBlockingQueue.poll(LinkedBlockingQueue.java:467)
        at org.apache.hadoop.ipc.CallQueueManager.take(CallQueueManager.java:288)
        at org.apache.hadoop.ipc.Server$Handler.run(Server.java:2668)
"qtp1713847712-217" daemon prio=5 tid=217 timed_waiting
java.lang.Thread.State: TIMED_WAITING
        at sun.misc.Unsafe.park(Native Method)
        at java.util.concurrent.locks.LockSupport.parkNanos(LockSupport.java:215)
        at java.util.concurrent.locks.AbstractQueuedSynchronizer$ConditionObject.awaitNanos(AbstractQueuedSynchronizer.java:2078)
        at org.eclipse.jetty.util.BlockingArrayQueue.poll(BlockingArrayQueue.java:392)
        at org.eclipse.jetty.util.thread.QueuedThreadPool.idleJobPoll(QueuedThreadPool.java:563)
        at org.eclipse.jetty.util.thread.QueuedThreadPool.access$800(QueuedThreadPool.java:48)
        at org.eclipse.jetty.util.thread.QueuedThreadPool$2.run(QueuedThreadPool.java:626)
        at java.lang.Thread.run(Thread.java:748)
"OMDoubleBufferFlushThread" daemon prio=5 tid=106 timed_waiting
java.lang.Thread.State: TIMED_WAITING
        at java.lang.Object.wait(Native Method)
        at org.apache.hadoop.ozone.om.ratis.OzoneManagerDoubleBuffer.canFlush(OzoneManagerDoubleBuffer.java:322)
        at org.apache.hadoop.ozone.om.ratis.OzoneManagerDoubleBuffer.flushTransactions(OzoneManagerDoubleBuffer.java:130)
        at org.apache.hadoop.ozone.om.ratis.OzoneManagerDoubleBuffer$$Lambda$49/1152380885.run(Unknown Source)
        at java.lang.Thread.run(Thread.java:748)
"pool-36-thread-5"  prio=5 tid=269 in Object.wait()
java.lang.Thread.State: WAITING (on object monitor)
        at sun.misc.Unsafe.park(Native Method)
        at java.util.concurrent.locks.LockSupport.park(LockSupport.java:175)
        at java.util.concurrent.locks.AbstractQueuedSynchronizer$ConditionObject.await(AbstractQueuedSynchronizer.java:2039)
        at java.util.concurrent.ArrayBlockingQueue.take(ArrayBlockingQueue.java:403)
        at java.util.concurrent.ThreadPoolExecutor.getTask(ThreadPoolExecutor.java:1074)
        at java.util.concurrent.ThreadPoolExecutor.runWorker(ThreadPoolExecutor.java:1134)
        at java.util.concurrent.ThreadPoolExecutor$Worker.run(ThreadPoolExecutor.java:624)
        at java.lang.Thread.run(Thread.java:748)
"qtp292890110-246" daemon prio=5 tid=246 timed_waiting
java.lang.Thread.State: TIMED_WAITING
        at sun.misc.Unsafe.park(Native Method)
        at java.util.concurrent.locks.LockSupport.parkNanos(LockSupport.java:215)
        at java.util.concurrent.locks.AbstractQueuedSynchronizer$ConditionObject.awaitNanos(AbstractQueuedSynchronizer.java:2078)
        at org.eclipse.jetty.util.BlockingArrayQueue.poll(BlockingArrayQueue.java:392)
        at org.eclipse.jetty.util.thread.QueuedThreadPool.idleJobPoll(QueuedThreadPool.java:563)
        at org.eclipse.jetty.util.thread.QueuedThreadPool.access$800(QueuedThreadPool.java:48)
        at org.eclipse.jetty.util.thread.QueuedThreadPool$2.run(QueuedThreadPool.java:626)
        at java.lang.Thread.run(Thread.java:748)
"grpc-default-worker-ELG-3-1" daemon prio=5 tid=518 runnable
java.lang.Thread.State: RUNNABLE
        at sun.nio.ch.EPollArrayWrapper.epollWait(Native Method)
        at sun.nio.ch.EPollArrayWrapper.poll(EPollArrayWrapper.java:269)
        at sun.nio.ch.EPollSelectorImpl.doSelect(EPollSelectorImpl.java:93)
        at sun.nio.ch.SelectorImpl.lockAndDoSelect(SelectorImpl.java:86)
        at sun.nio.ch.SelectorImpl.select(SelectorImpl.java:97)
        at org.apache.ratis.thirdparty.io.netty.channel.nio.SelectedSelectionKeySetSelector.select(SelectedSelectionKeySetSelector.java:62)
        at org.apache.ratis.thirdparty.io.netty.channel.nio.NioEventLoop.select(NioEventLoop.java:753)
        at org.apache.ratis.thirdparty.io.netty.channel.nio.NioEventLoop.run(NioEventLoop.java:408)
        at org.apache.ratis.thirdparty.io.netty.util.concurrent.SingleThreadEventExecutor$5.run(SingleThreadEventExecutor.java:897)
        at org.apache.ratis.thirdparty.io.netty.util.concurrent.FastThreadLocalRunnable.run(FastThreadLocalRunnable.java:30)
        at java.lang.Thread.run(Thread.java:748)
"metrics-hadoop-metrics2-reporter-34-thread-1" daemon prio=5 tid=698 timed_waiting
java.lang.Thread.State: TIMED_WAITING
        at sun.misc.Unsafe.park(Native Method)
        at java.util.concurrent.locks.LockSupport.parkNanos(LockSupport.java:215)
        at java.util.concurrent.locks.AbstractQueuedSynchronizer$ConditionObject.awaitNanos(AbstractQueuedSynchronizer.java:2078)
        at java.util.concurrent.ScheduledThreadPoolExecutor$DelayedWorkQueue.take(ScheduledThreadPoolExecutor.java:1093)
        at java.util.concurrent.ScheduledThreadPoolExecutor$DelayedWorkQueue.take(ScheduledThreadPoolExecutor.java:809)
        at java.util.concurrent.ThreadPoolExecutor.getTask(ThreadPoolExecutor.java:1074)
        at java.util.concurrent.ThreadPoolExecutor.runWorker(ThreadPoolExecutor.java:1134)
        at java.util.concurrent.ThreadPoolExecutor$Worker.run(ThreadPoolExecutor.java:624)
        at java.lang.Thread.run(Thread.java:748)
"pool-56-thread-11"  prio=5 tid=450 in Object.wait()
java.lang.Thread.State: WAITING (on object monitor)
        at sun.misc.Unsafe.park(Native Method)
        at java.util.concurrent.locks.LockSupport.park(LockSupport.java:175)
        at java.util.concurrent.locks.AbstractQueuedSynchronizer$ConditionObject.await(AbstractQueuedSynchronizer.java:2039)
        at java.util.concurrent.ArrayBlockingQueue.take(ArrayBlockingQueue.java:403)
        at java.util.concurrent.ThreadPoolExecutor.getTask(ThreadPoolExecutor.java:1074)
        at java.util.concurrent.ThreadPoolExecutor.runWorker(ThreadPoolExecutor.java:1134)
        at java.util.concurrent.ThreadPoolExecutor$Worker.run(ThreadPoolExecutor.java:624)
        at java.lang.Thread.run(Thread.java:748)
"IPC Server handler 6 on 34339" daemon prio=5 tid=75 timed_waiting
java.lang.Thread.State: TIMED_WAITING
        at sun.misc.Unsafe.park(Native Method)
        at java.util.concurrent.locks.LockSupport.parkNanos(LockSupport.java:215)
        at java.util.concurrent.locks.AbstractQueuedSynchronizer$ConditionObject.awaitNanos(AbstractQueuedSynchronizer.java:2078)
        at java.util.concurrent.LinkedBlockingQueue.poll(LinkedBlockingQueue.java:467)
        at org.apache.hadoop.ipc.CallQueueManager.take(CallQueueManager.java:288)
        at org.apache.hadoop.ipc.Server$Handler.run(Server.java:2668)
"pool-46-thread-37"  prio=5 tid=416 in Object.wait()
java.lang.Thread.State: WAITING (on object monitor)
        at sun.misc.Unsafe.park(Native Method)
        at java.util.concurrent.locks.LockSupport.park(LockSupport.java:175)
        at java.util.concurrent.locks.AbstractQueuedSynchronizer$ConditionObject.await(AbstractQueuedSynchronizer.java:2039)
        at java.util.concurrent.ArrayBlockingQueue.take(ArrayBlockingQueue.java:403)
        at java.util.concurrent.ThreadPoolExecutor.getTask(ThreadPoolExecutor.java:1074)
        at java.util.concurrent.ThreadPoolExecutor.runWorker(ThreadPoolExecutor.java:1134)
        at java.util.concurrent.ThreadPoolExecutor$Worker.run(ThreadPoolExecutor.java:624)
        at java.lang.Thread.run(Thread.java:748)
"pool-36-thread-15"  prio=5 tid=288 in Object.wait()
java.lang.Thread.State: WAITING (on object monitor)
        at sun.misc.Unsafe.park(Native Method)
        at java.util.concurrent.locks.LockSupport.park(LockSupport.java:175)
        at java.util.concurrent.locks.AbstractQueuedSynchronizer$ConditionObject.await(AbstractQueuedSynchronizer.java:2039)
        at java.util.concurrent.ArrayBlockingQueue.take(ArrayBlockingQueue.java:403)
        at java.util.concurrent.ThreadPoolExecutor.getTask(ThreadPoolExecutor.java:1074)
        at java.util.concurrent.ThreadPoolExecutor.runWorker(ThreadPoolExecutor.java:1134)
        at java.util.concurrent.ThreadPoolExecutor$Worker.run(ThreadPoolExecutor.java:624)
        at java.lang.Thread.run(Thread.java:748)
"pool-56-thread-16"  prio=5 tid=455 in Object.wait()
java.lang.Thread.State: WAITING (on object monitor)
        at sun.misc.Unsafe.park(Native Method)
        at java.util.concurrent.locks.LockSupport.park(LockSupport.java:175)
        at java.util.concurrent.locks.AbstractQueuedSynchronizer$ConditionObject.await(AbstractQueuedSynchronizer.java:2039)
        at java.util.concurrent.ArrayBlockingQueue.take(ArrayBlockingQueue.java:403)
        at java.util.concurrent.ThreadPoolExecutor.getTask(ThreadPoolExecutor.java:1074)
        at java.util.concurrent.ThreadPoolExecutor.runWorker(ThreadPoolExecutor.java:1134)
        at java.util.concurrent.ThreadPoolExecutor$Worker.run(ThreadPoolExecutor.java:624)
        at java.lang.Thread.run(Thread.java:748)
"pool-46-thread-34"  prio=5 tid=413 in Object.wait()
java.lang.Thread.State: WAITING (on object monitor)
        at sun.misc.Unsafe.park(Native Method)
        at java.util.concurrent.locks.LockSupport.park(LockSupport.java:175)
        at java.util.concurrent.locks.AbstractQueuedSynchronizer$ConditionObject.await(AbstractQueuedSynchronizer.java:2039)
        at java.util.concurrent.ArrayBlockingQueue.take(ArrayBlockingQueue.java:403)
        at java.util.concurrent.ThreadPoolExecutor.getTask(ThreadPoolExecutor.java:1074)
        at java.util.concurrent.ThreadPoolExecutor.runWorker(ThreadPoolExecutor.java:1134)
        at java.util.concurrent.ThreadPoolExecutor$Worker.run(ThreadPoolExecutor.java:624)
        at java.lang.Thread.run(Thread.java:748)
"pool-26-thread-57"  prio=5 tid=372 in Object.wait()
java.lang.Thread.State: WAITING (on object monitor)
        at sun.misc.Unsafe.park(Native Method)
        at java.util.concurrent.locks.LockSupport.park(LockSupport.java:175)
        at java.util.concurrent.locks.AbstractQueuedSynchronizer$ConditionObject.await(AbstractQueuedSynchronizer.java:2039)
        at java.util.concurrent.ArrayBlockingQueue.take(ArrayBlockingQueue.java:403)
        at java.util.concurrent.ThreadPoolExecutor.getTask(ThreadPoolExecutor.java:1074)
        at java.util.concurrent.ThreadPoolExecutor.runWorker(ThreadPoolExecutor.java:1134)
        at java.util.concurrent.ThreadPoolExecutor$Worker.run(ThreadPoolExecutor.java:624)
        at java.lang.Thread.run(Thread.java:748)
"pool-36-thread-44"  prio=5 tid=346 in Object.wait()
java.lang.Thread.State: WAITING (on object monitor)
        at sun.misc.Unsafe.park(Native Method)
        at java.util.concurrent.locks.LockSupport.park(LockSupport.java:175)
        at java.util.concurrent.locks.AbstractQueuedSynchronizer$ConditionObject.await(AbstractQueuedSynchronizer.java:2039)
        at java.util.concurrent.ArrayBlockingQueue.take(ArrayBlockingQueue.java:403)
        at java.util.concurrent.ThreadPoolExecutor.getTask(ThreadPoolExecutor.java:1074)
        at java.util.concurrent.ThreadPoolExecutor.runWorker(ThreadPoolExecutor.java:1134)
        at java.util.concurrent.ThreadPoolExecutor$Worker.run(ThreadPoolExecutor.java:624)
        at java.lang.Thread.run(Thread.java:748)
"pool-36-thread-27"  prio=5 tid=312 in Object.wait()
java.lang.Thread.State: WAITING (on object monitor)
        at sun.misc.Unsafe.park(Native Method)
        at java.util.concurrent.locks.LockSupport.park(LockSupport.java:175)
        at java.util.concurrent.locks.AbstractQueuedSynchronizer$ConditionObject.await(AbstractQueuedSynchronizer.java:2039)
        at java.util.concurrent.ArrayBlockingQueue.take(ArrayBlockingQueue.java:403)
        at java.util.concurrent.ThreadPoolExecutor.getTask(ThreadPoolExecutor.java:1074)
        at java.util.concurrent.ThreadPoolExecutor.runWorker(ThreadPoolExecutor.java:1134)
        at java.util.concurrent.ThreadPoolExecutor$Worker.run(ThreadPoolExecutor.java:624)
        at java.lang.Thread.run(Thread.java:748)
"pool-26-thread-16"  prio=5 tid=291 in Object.wait()
java.lang.Thread.State: WAITING (on object monitor)
        at sun.misc.Unsafe.park(Native Method)
        at java.util.concurrent.locks.LockSupport.park(LockSupport.java:175)
        at java.util.concurrent.locks.AbstractQueuedSynchronizer$ConditionObject.await(AbstractQueuedSynchronizer.java:2039)
        at java.util.concurrent.ArrayBlockingQueue.take(ArrayBlockingQueue.java:403)
        at java.util.concurrent.ThreadPoolExecutor.getTask(ThreadPoolExecutor.java:1074)
        at java.util.concurrent.ThreadPoolExecutor.runWorker(ThreadPoolExecutor.java:1134)
        at java.util.concurrent.ThreadPoolExecutor$Worker.run(ThreadPoolExecutor.java:624)
        at java.lang.Thread.run(Thread.java:748)
"Datanode State Machine Thread - 0" daemon prio=5 tid=170 timed_waiting
java.lang.Thread.State: TIMED_WAITING
        at java.lang.Thread.sleep(Native Method)
        at org.apache.hadoop.ozone.container.common.statemachine.DatanodeStateMachine.start(DatanodeStateMachine.java:191)
        at org.apache.hadoop.ozone.container.common.statemachine.DatanodeStateMachine.lambda$startDaemon$0(DatanodeStateMachine.java:349)
        at org.apache.hadoop.ozone.container.common.statemachine.DatanodeStateMachine$$Lambda$140/1282899579.run(Unknown Source)
        at java.lang.Thread.run(Thread.java:748)
"pool-26-thread-49"  prio=5 tid=357 in Object.wait()
java.lang.Thread.State: WAITING (on object monitor)
        at sun.misc.Unsafe.park(Native Method)
        at java.util.concurrent.locks.LockSupport.park(LockSupport.java:175)
        at java.util.concurrent.locks.AbstractQueuedSynchronizer$ConditionObject.await(AbstractQueuedSynchronizer.java:2039)
        at java.util.concurrent.ArrayBlockingQueue.take(ArrayBlockingQueue.java:403)
        at java.util.concurrent.ThreadPoolExecutor.getTask(ThreadPoolExecutor.java:1074)
        at java.util.concurrent.ThreadPoolExecutor.runWorker(ThreadPoolExecutor.java:1134)
        at java.util.concurrent.ThreadPoolExecutor$Worker.run(ThreadPoolExecutor.java:624)
        at java.lang.Thread.run(Thread.java:748)
"pool-26-thread-30"  prio=5 tid=319 in Object.wait()
java.lang.Thread.State: WAITING (on object monitor)
        at sun.misc.Unsafe.park(Native Method)
        at java.util.concurrent.locks.LockSupport.park(LockSupport.java:175)
        at java.util.concurrent.locks.AbstractQueuedSynchronizer$ConditionObject.await(AbstractQueuedSynchronizer.java:2039)
        at java.util.concurrent.ArrayBlockingQueue.take(ArrayBlockingQueue.java:403)
        at java.util.concurrent.ThreadPoolExecutor.getTask(ThreadPoolExecutor.java:1074)
        at java.util.concurrent.ThreadPoolExecutor.runWorker(ThreadPoolExecutor.java:1134)
        at java.util.concurrent.ThreadPoolExecutor$Worker.run(ThreadPoolExecutor.java:624)
        at java.lang.Thread.run(Thread.java:748)
"IPC Server handler 13 on 40088" daemon prio=5 tid=62 timed_waiting
java.lang.Thread.State: TIMED_WAITING
        at sun.misc.Unsafe.park(Native Method)
        at java.util.concurrent.locks.LockSupport.parkNanos(LockSupport.java:215)
        at java.util.concurrent.locks.AbstractQueuedSynchronizer$ConditionObject.awaitNanos(AbstractQueuedSynchronizer.java:2078)
        at java.util.concurrent.LinkedBlockingQueue.poll(LinkedBlockingQueue.java:467)
        at org.apache.hadoop.ipc.CallQueueManager.take(CallQueueManager.java:288)
        at org.apache.hadoop.ipc.Server$Handler.run(Server.java:2668)
"pool-46-thread-41"  prio=5 tid=420 in Object.wait()
java.lang.Thread.State: WAITING (on object monitor)
        at sun.misc.Unsafe.park(Native Method)
        at java.util.concurrent.locks.LockSupport.park(LockSupport.java:175)
        at java.util.concurrent.locks.AbstractQueuedSynchronizer$ConditionObject.await(AbstractQueuedSynchronizer.java:2039)
        at java.util.concurrent.ArrayBlockingQueue.take(ArrayBlockingQueue.java:403)
        at java.util.concurrent.ThreadPoolExecutor.getTask(ThreadPoolExecutor.java:1074)
        at java.util.concurrent.ThreadPoolExecutor.runWorker(ThreadPoolExecutor.java:1134)
        at java.util.concurrent.ThreadPoolExecutor$Worker.run(ThreadPoolExecutor.java:624)
        at java.lang.Thread.run(Thread.java:748)
"Datanode State Machine Thread - 0" daemon prio=5 tid=231 timed_waiting
java.lang.Thread.State: TIMED_WAITING
        at sun.misc.Unsafe.park(Native Method)
        at java.util.concurrent.locks.LockSupport.parkNanos(LockSupport.java:215)
        at java.util.concurrent.SynchronousQueue$TransferStack.awaitFulfill(SynchronousQueue.java:460)
        at java.util.concurrent.SynchronousQueue$TransferStack.transfer(SynchronousQueue.java:362)
        at java.util.concurrent.SynchronousQueue.poll(SynchronousQueue.java:941)
        at java.util.concurrent.ThreadPoolExecutor.getTask(ThreadPoolExecutor.java:1073)
        at java.util.concurrent.ThreadPoolExecutor.runWorker(ThreadPoolExecutor.java:1134)
        at java.util.concurrent.ThreadPoolExecutor$Worker.run(ThreadPoolExecutor.java:624)
        at java.lang.Thread.run(Thread.java:748)
"pool-36-thread-6"  prio=5 tid=270 in Object.wait()
java.lang.Thread.State: WAITING (on object monitor)
        at sun.misc.Unsafe.park(Native Method)
        at java.util.concurrent.locks.LockSupport.park(LockSupport.java:175)
        at java.util.concurrent.locks.AbstractQueuedSynchronizer$ConditionObject.await(AbstractQueuedSynchronizer.java:2039)
        at java.util.concurrent.ArrayBlockingQueue.take(ArrayBlockingQueue.java:403)
        at java.util.concurrent.ThreadPoolExecutor.getTask(ThreadPoolExecutor.java:1074)
        at java.util.concurrent.ThreadPoolExecutor.runWorker(ThreadPoolExecutor.java:1134)
        at java.util.concurrent.ThreadPoolExecutor$Worker.run(ThreadPoolExecutor.java:624)
        at java.lang.Thread.run(Thread.java:748)
"IPC Server handler 7 on 40088" daemon prio=5 tid=56 timed_waiting
java.lang.Thread.State: TIMED_WAITING
        at sun.misc.Unsafe.park(Native Method)
        at java.util.concurrent.locks.LockSupport.parkNanos(LockSupport.java:215)
        at java.util.concurrent.locks.AbstractQueuedSynchronizer$ConditionObject.awaitNanos(AbstractQueuedSynchronizer.java:2078)
        at java.util.concurrent.LinkedBlockingQueue.poll(LinkedBlockingQueue.java:467)
        at org.apache.hadoop.ipc.CallQueueManager.take(CallQueueManager.java:288)
        at org.apache.hadoop.ipc.Server$Handler.run(Server.java:2668)
"surefire-forkedjvm-command-thread" daemon prio=5 tid=8 runnable
java.lang.Thread.State: RUNNABLE
        at java.io.FileInputStream.readBytes(Native Method)
        at java.io.FileInputStream.read(FileInputStream.java:255)
        at java.io.BufferedInputStream.fill(BufferedInputStream.java:246)
        at java.io.BufferedInputStream.read(BufferedInputStream.java:265)
        at java.io.DataInputStream.readInt(DataInputStream.java:387)
        at org.apache.maven.surefire.booter.MasterProcessCommand.decode(MasterProcessCommand.java:115)
        at org.apache.maven.surefire.booter.CommandReader$CommandRunnable.run(CommandReader.java:390)
        at java.lang.Thread.run(Thread.java:748)
"pool-46-thread-22"  prio=5 tid=401 in Object.wait()
java.lang.Thread.State: WAITING (on object monitor)
        at sun.misc.Unsafe.park(Native Method)
        at java.util.concurrent.locks.LockSupport.park(LockSupport.java:175)
        at java.util.concurrent.locks.AbstractQueuedSynchronizer$ConditionObject.await(AbstractQueuedSynchronizer.java:2039)
        at java.util.concurrent.ArrayBlockingQueue.take(ArrayBlockingQueue.java:403)
        at java.util.concurrent.ThreadPoolExecutor.getTask(ThreadPoolExecutor.java:1074)
        at java.util.concurrent.ThreadPoolExecutor.runWorker(ThreadPoolExecutor.java:1134)
        at java.util.concurrent.ThreadPoolExecutor$Worker.run(ThreadPoolExecutor.java:624)
        at java.lang.Thread.run(Thread.java:748)
"IPC Server handler 4 on 34819" daemon prio=5 tid=33 timed_waiting
java.lang.Thread.State: TIMED_WAITING
        at sun.misc.Unsafe.park(Native Method)
        at java.util.concurrent.locks.LockSupport.parkNanos(LockSupport.java:215)
        at java.util.concurrent.locks.AbstractQueuedSynchronizer$ConditionObject.awaitNanos(AbstractQueuedSynchronizer.java:2078)
        at java.util.concurrent.LinkedBlockingQueue.poll(LinkedBlockingQueue.java:467)
        at org.apache.hadoop.ipc.CallQueueManager.take(CallQueueManager.java:288)
        at org.apache.hadoop.ipc.Server$Handler.run(Server.java:2668)
"metrics-hadoop-metrics2-reporter-40-thread-1" daemon prio=5 tid=730 timed_waiting
java.lang.Thread.State: TIMED_WAITING
        at sun.misc.Unsafe.park(Native Method)
        at java.util.concurrent.locks.LockSupport.parkNanos(LockSupport.java:215)
        at java.util.concurrent.locks.AbstractQueuedSynchronizer$ConditionObject.awaitNanos(AbstractQueuedSynchronizer.java:2078)
        at java.util.concurrent.ScheduledThreadPoolExecutor$DelayedWorkQueue.take(ScheduledThreadPoolExecutor.java:1093)
        at java.util.concurrent.ScheduledThreadPoolExecutor$DelayedWorkQueue.take(ScheduledThreadPoolExecutor.java:809)
        at java.util.concurrent.ThreadPoolExecutor.getTask(ThreadPoolExecutor.java:1074)
        at java.util.concurrent.ThreadPoolExecutor.runWorker(ThreadPoolExecutor.java:1134)
        at java.util.concurrent.ThreadPoolExecutor$Worker.run(ThreadPoolExecutor.java:624)
        at java.lang.Thread.run(Thread.java:748)
"IPC Server handler 10 on 34339" daemon prio=5 tid=79 timed_waiting
java.lang.Thread.State: TIMED_WAITING
        at sun.misc.Unsafe.park(Native Method)
        at java.util.concurrent.locks.LockSupport.parkNanos(LockSupport.java:215)
        at java.util.concurrent.locks.AbstractQueuedSynchronizer$ConditionObject.awaitNanos(AbstractQueuedSynchronizer.java:2078)
        at java.util.concurrent.LinkedBlockingQueue.poll(LinkedBlockingQueue.java:467)
        at org.apache.hadoop.ipc.CallQueueManager.take(CallQueueManager.java:288)
        at org.apache.hadoop.ipc.Server$Handler.run(Server.java:2668)
"40d2d32e-dd25-45df-8070-f9dc56ccf0a7@group-7EB39FB5DF22-StateMachineUpdater" daemon prio=5 tid=692 in Object.wait()
java.lang.Thread.State: WAITING (on object monitor)
        at java.lang.Object.wait(Native Method)
        at java.lang.Object.wait(Object.java:502)
        at org.apache.ratis.server.impl.StateMachineUpdater.waitForCommit(StateMachineUpdater.java:194)
        at org.apache.ratis.server.impl.StateMachineUpdater.run(StateMachineUpdater.java:159)
        at java.lang.Thread.run(Thread.java:748)
"jaeger.RemoteReporter-QueueProcessor" daemon prio=5 tid=147 in Object.wait()
java.lang.Thread.State: WAITING (on object monitor)
        at sun.misc.Unsafe.park(Native Method)
        at java.util.concurrent.locks.LockSupport.park(LockSupport.java:175)
        at java.util.concurrent.locks.AbstractQueuedSynchronizer$ConditionObject.await(AbstractQueuedSynchronizer.java:2039)
        at java.util.concurrent.ArrayBlockingQueue.take(ArrayBlockingQueue.java:403)
        at io.jaegertracing.internal.reporters.RemoteReporter$QueueProcessor.run(RemoteReporter.java:173)
        at java.lang.Thread.run(Thread.java:748)
"pool-36-thread-17"  prio=5 tid=292 in Object.wait()
java.lang.Thread.State: WAITING (on object monitor)
        at sun.misc.Unsafe.park(Native Method)
        at java.util.concurrent.locks.LockSupport.park(LockSupport.java:175)
        at java.util.concurrent.locks.AbstractQueuedSynchronizer$ConditionObject.await(AbstractQueuedSynchronizer.java:2039)
        at java.util.concurrent.ArrayBlockingQueue.take(ArrayBlockingQueue.java:403)
        at java.util.concurrent.ThreadPoolExecutor.getTask(ThreadPoolExecutor.java:1074)
        at java.util.concurrent.ThreadPoolExecutor.runWorker(ThreadPoolExecutor.java:1134)
        at java.util.concurrent.ThreadPoolExecutor$Worker.run(ThreadPoolExecutor.java:624)
        at java.lang.Thread.run(Thread.java:748)
"EventQueue-NodeReportForNodeReportHandler" daemon prio=5 tid=2963 in Object.wait()
java.lang.Thread.State: WAITING (on object monitor)
        at sun.misc.Unsafe.park(Native Method)
        at java.util.concurrent.locks.LockSupport.park(LockSupport.java:175)
        at java.util.concurrent.locks.AbstractQueuedSynchronizer$ConditionObject.await(AbstractQueuedSynchronizer.java:2039)
        at java.util.concurrent.LinkedBlockingQueue.take(LinkedBlockingQueue.java:442)
        at java.util.concurrent.ThreadPoolExecutor.getTask(ThreadPoolExecutor.java:1074)
        at java.util.concurrent.ThreadPoolExecutor.runWorker(ThreadPoolExecutor.java:1134)
        at java.util.concurrent.ThreadPoolExecutor$Worker.run(ThreadPoolExecutor.java:624)
        at java.lang.Thread.run(Thread.java:748)
"pool-56-thread-31"  prio=5 tid=470 in Object.wait()
java.lang.Thread.State: WAITING (on object monitor)
        at sun.misc.Unsafe.park(Native Method)
        at java.util.concurrent.locks.LockSupport.park(LockSupport.java:175)
        at java.util.concurrent.locks.AbstractQueuedSynchronizer$ConditionObject.await(AbstractQueuedSynchronizer.java:2039)
        at java.util.concurrent.ArrayBlockingQueue.take(ArrayBlockingQueue.java:403)
        at java.util.concurrent.ThreadPoolExecutor.getTask(ThreadPoolExecutor.java:1074)
        at java.util.concurrent.ThreadPoolExecutor.runWorker(ThreadPoolExecutor.java:1134)
        at java.util.concurrent.ThreadPoolExecutor$Worker.run(ThreadPoolExecutor.java:624)
        at java.lang.Thread.run(Thread.java:748)
"IPC Server handler 4 on 34339" daemon prio=5 tid=73 timed_waiting
java.lang.Thread.State: TIMED_WAITING
        at sun.misc.Unsafe.park(Native Method)
        at java.util.concurrent.locks.LockSupport.parkNanos(LockSupport.java:215)
        at java.util.concurrent.locks.AbstractQueuedSynchronizer$ConditionObject.awaitNanos(AbstractQueuedSynchronizer.java:2078)
        at java.util.concurrent.LinkedBlockingQueue.poll(LinkedBlockingQueue.java:467)
        at org.apache.hadoop.ipc.CallQueueManager.take(CallQueueManager.java:288)
        at org.apache.hadoop.ipc.Server$Handler.run(Server.java:2668)
"process reaper" daemon prio=10 tid=10 timed_waiting
java.lang.Thread.State: TIMED_WAITING
        at sun.misc.Unsafe.park(Native Method)
        at java.util.concurrent.locks.LockSupport.parkNanos(LockSupport.java:215)
        at java.util.concurrent.SynchronousQueue$TransferStack.awaitFulfill(SynchronousQueue.java:460)
        at java.util.concurrent.SynchronousQueue$TransferStack.transfer(SynchronousQueue.java:362)
        at java.util.concurrent.SynchronousQueue.poll(SynchronousQueue.java:941)
        at java.util.concurrent.ThreadPoolExecutor.getTask(ThreadPoolExecutor.java:1073)
        at java.util.concurrent.ThreadPoolExecutor.runWorker(ThreadPoolExecutor.java:1134)
        at java.util.concurrent.ThreadPoolExecutor$Worker.run(ThreadPoolExecutor.java:624)
        at java.lang.Thread.run(Thread.java:748)
"metrics-hadoop-metrics2-reporter-27-thread-1" daemon prio=5 tid=603 timed_waiting
java.lang.Thread.State: TIMED_WAITING
        at sun.misc.Unsafe.park(Native Method)
        at java.util.concurrent.locks.LockSupport.parkNanos(LockSupport.java:215)
        at java.util.concurrent.locks.AbstractQueuedSynchronizer$ConditionObject.awaitNanos(AbstractQueuedSynchronizer.java:2078)
        at java.util.concurrent.ScheduledThreadPoolExecutor$DelayedWorkQueue.take(ScheduledThreadPoolExecutor.java:1093)
        at java.util.concurrent.ScheduledThreadPoolExecutor$DelayedWorkQueue.take(ScheduledThreadPoolExecutor.java:809)
        at java.util.concurrent.ThreadPoolExecutor.getTask(ThreadPoolExecutor.java:1074)
        at java.util.concurrent.ThreadPoolExecutor.runWorker(ThreadPoolExecutor.java:1134)
        at java.util.concurrent.ThreadPoolExecutor$Worker.run(ThreadPoolExecutor.java:624)
        at java.lang.Thread.run(Thread.java:748)
"pool-26-thread-38"  prio=5 tid=335 in Object.wait()
java.lang.Thread.State: WAITING (on object monitor)
        at sun.misc.Unsafe.park(Native Method)
        at java.util.concurrent.locks.LockSupport.park(LockSupport.java:175)
        at java.util.concurrent.locks.AbstractQueuedSynchronizer$ConditionObject.await(AbstractQueuedSynchronizer.java:2039)
        at java.util.concurrent.ArrayBlockingQueue.take(ArrayBlockingQueue.java:403)
        at java.util.concurrent.ThreadPoolExecutor.getTask(ThreadPoolExecutor.java:1074)
        at java.util.concurrent.ThreadPoolExecutor.runWorker(ThreadPoolExecutor.java:1134)
        at java.util.concurrent.ThreadPoolExecutor$Worker.run(ThreadPoolExecutor.java:624)
        at java.lang.Thread.run(Thread.java:748)
"Datanode ReportManager Thread - 3" daemon prio=5 tid=176 timed_waiting
java.lang.Thread.State: TIMED_WAITING
        at sun.misc.Unsafe.park(Native Method)
        at java.util.concurrent.locks.LockSupport.parkNanos(LockSupport.java:215)
        at java.util.concurrent.locks.AbstractQueuedSynchronizer$ConditionObject.awaitNanos(AbstractQueuedSynchronizer.java:2078)
        at java.util.concurrent.ScheduledThreadPoolExecutor$DelayedWorkQueue.take(ScheduledThreadPoolExecutor.java:1093)
        at java.util.concurrent.ScheduledThreadPoolExecutor$DelayedWorkQueue.take(ScheduledThreadPoolExecutor.java:809)
        at java.util.concurrent.ThreadPoolExecutor.getTask(ThreadPoolExecutor.java:1074)
        at java.util.concurrent.ThreadPoolExecutor.runWorker(ThreadPoolExecutor.java:1134)
        at java.util.concurrent.ThreadPoolExecutor$Worker.run(ThreadPoolExecutor.java:624)
        at java.lang.Thread.run(Thread.java:748)
"metrics-hadoop-metrics2-reporter-36-thread-1" daemon prio=5 tid=701 timed_waiting
java.lang.Thread.State: TIMED_WAITING
        at sun.misc.Unsafe.park(Native Method)
        at java.util.concurrent.locks.LockSupport.parkNanos(LockSupport.java:215)
        at java.util.concurrent.locks.AbstractQueuedSynchronizer$ConditionObject.awaitNanos(AbstractQueuedSynchronizer.java:2078)
        at java.util.concurrent.ScheduledThreadPoolExecutor$DelayedWorkQueue.take(ScheduledThreadPoolExecutor.java:1093)
        at java.util.concurrent.ScheduledThreadPoolExecutor$DelayedWorkQueue.take(ScheduledThreadPoolExecutor.java:809)
        at java.util.concurrent.ThreadPoolExecutor.getTask(ThreadPoolExecutor.java:1074)
        at java.util.concurrent.ThreadPoolExecutor.runWorker(ThreadPoolExecutor.java:1134)
        at java.util.concurrent.ThreadPoolExecutor$Worker.run(ThreadPoolExecutor.java:624)
        at java.lang.Thread.run(Thread.java:748)
"metrics-hadoop-metrics2-reporter-2-thread-1" daemon prio=5 tid=527 timed_waiting
java.lang.Thread.State: TIMED_WAITING
        at sun.misc.Unsafe.park(Native Method)
        at java.util.concurrent.locks.LockSupport.parkNanos(LockSupport.java:215)
        at java.util.concurrent.locks.AbstractQueuedSynchronizer$ConditionObject.awaitNanos(AbstractQueuedSynchronizer.java:2078)
        at java.util.concurrent.ScheduledThreadPoolExecutor$DelayedWorkQueue.take(ScheduledThreadPoolExecutor.java:1093)
        at java.util.concurrent.ScheduledThreadPoolExecutor$DelayedWorkQueue.take(ScheduledThreadPoolExecutor.java:809)
        at java.util.concurrent.ThreadPoolExecutor.getTask(ThreadPoolExecutor.java:1074)
        at java.util.concurrent.ThreadPoolExecutor.runWorker(ThreadPoolExecutor.java:1134)
        at java.util.concurrent.ThreadPoolExecutor$Worker.run(ThreadPoolExecutor.java:624)
        at java.lang.Thread.run(Thread.java:748)
"qtp292890110-243" daemon prio=5 tid=243 timed_waiting
java.lang.Thread.State: TIMED_WAITING
        at sun.misc.Unsafe.park(Native Method)
        at java.util.concurrent.locks.LockSupport.parkNanos(LockSupport.java:215)
        at java.util.concurrent.locks.AbstractQueuedSynchronizer$ConditionObject.awaitNanos(AbstractQueuedSynchronizer.java:2078)
        at org.eclipse.jetty.util.BlockingArrayQueue.poll(BlockingArrayQueue.java:392)
        at org.eclipse.jetty.util.thread.QueuedThreadPool.idleJobPoll(QueuedThreadPool.java:563)
        at org.eclipse.jetty.util.thread.QueuedThreadPool.access$800(QueuedThreadPool.java:48)
        at org.eclipse.jetty.util.thread.QueuedThreadPool$2.run(QueuedThreadPool.java:626)
        at java.lang.Thread.run(Thread.java:748)
"org.eclipse.jetty.server.session.HashSessionManager@1bc0d349Timer" daemon prio=5 tid=167 timed_waiting
java.lang.Thread.State: TIMED_WAITING
        at sun.misc.Unsafe.park(Native Method)
        at java.util.concurrent.locks.LockSupport.parkNanos(LockSupport.java:215)
        at java.util.concurrent.locks.AbstractQueuedSynchronizer$ConditionObject.awaitNanos(AbstractQueuedSynchronizer.java:2078)
        at java.util.concurrent.ScheduledThreadPoolExecutor$DelayedWorkQueue.take(ScheduledThreadPoolExecutor.java:1093)
        at java.util.concurrent.ScheduledThreadPoolExecutor$DelayedWorkQueue.take(ScheduledThreadPoolExecutor.java:809)
        at java.util.concurrent.ThreadPoolExecutor.getTask(ThreadPoolExecutor.java:1074)
        at java.util.concurrent.ThreadPoolExecutor.runWorker(ThreadPoolExecutor.java:1134)
        at java.util.concurrent.ThreadPoolExecutor$Worker.run(ThreadPoolExecutor.java:624)
        at java.lang.Thread.run(Thread.java:748)
"pool-56-thread-19"  prio=5 tid=458 in Object.wait()
java.lang.Thread.State: WAITING (on object monitor)
        at sun.misc.Unsafe.park(Native Method)
        at java.util.concurrent.locks.LockSupport.park(LockSupport.java:175)
        at java.util.concurrent.locks.AbstractQueuedSynchronizer$ConditionObject.await(AbstractQueuedSynchronizer.java:2039)
        at java.util.concurrent.ArrayBlockingQueue.take(ArrayBlockingQueue.java:403)
        at java.util.concurrent.ThreadPoolExecutor.getTask(ThreadPoolExecutor.java:1074)
        at java.util.concurrent.ThreadPoolExecutor.runWorker(ThreadPoolExecutor.java:1134)
        at java.util.concurrent.ThreadPoolExecutor$Worker.run(ThreadPoolExecutor.java:624)
        at java.lang.Thread.run(Thread.java:748)
"pool-60-thread-1"  prio=5 tid=239 timed_waiting
java.lang.Thread.State: TIMED_WAITING
        at sun.misc.Unsafe.park(Native Method)
        at java.util.concurrent.locks.LockSupport.parkNanos(LockSupport.java:215)
        at java.util.concurrent.locks.AbstractQueuedSynchronizer$ConditionObject.awaitNanos(AbstractQueuedSynchronizer.java:2078)
        at java.util.concurrent.ScheduledThreadPoolExecutor$DelayedWorkQueue.take(ScheduledThreadPoolExecutor.java:1093)
        at java.util.concurrent.ScheduledThreadPoolExecutor$DelayedWorkQueue.take(ScheduledThreadPoolExecutor.java:809)
        at java.util.concurrent.ThreadPoolExecutor.getTask(ThreadPoolExecutor.java:1074)
        at java.util.concurrent.ThreadPoolExecutor.runWorker(ThreadPoolExecutor.java:1134)
        at java.util.concurrent.ThreadPoolExecutor$Worker.run(ThreadPoolExecutor.java:624)
        at java.lang.Thread.run(Thread.java:748)
"Socket Reader #1 for port 34339"  prio=5 tid=15 runnable
java.lang.Thread.State: RUNNABLE
        at sun.nio.ch.EPollArrayWrapper.epollWait(Native Method)
        at sun.nio.ch.EPollArrayWrapper.poll(EPollArrayWrapper.java:269)
        at sun.nio.ch.EPollSelectorImpl.doSelect(EPollSelectorImpl.java:93)
        at sun.nio.ch.SelectorImpl.lockAndDoSelect(SelectorImpl.java:86)
        at sun.nio.ch.SelectorImpl.select(SelectorImpl.java:97)
        at sun.nio.ch.SelectorImpl.select(SelectorImpl.java:101)
        at org.apache.hadoop.ipc.Server$Listener$Reader.doRunLoop(Server.java:1097)
        at org.apache.hadoop.ipc.Server$Listener$Reader.run(Server.java:1076)
"Datanode State Machine Thread - 0" daemon prio=5 tid=251 timed_waiting
java.lang.Thread.State: TIMED_WAITING
        at java.lang.Thread.sleep(Native Method)
        at org.apache.hadoop.ozone.container.common.statemachine.DatanodeStateMachine.start(DatanodeStateMachine.java:191)
        at org.apache.hadoop.ozone.container.common.statemachine.DatanodeStateMachine.lambda$startDaemon$0(DatanodeStateMachine.java:349)
        at org.apache.hadoop.ozone.container.common.statemachine.DatanodeStateMachine$$Lambda$140/1282899579.run(Unknown Source)
        at java.lang.Thread.run(Thread.java:748)
"pool-46-thread-16"  prio=5 tid=395 in Object.wait()
java.lang.Thread.State: WAITING (on object monitor)
        at sun.misc.Unsafe.park(Native Method)
        at java.util.concurrent.locks.LockSupport.park(LockSupport.java:175)
        at java.util.concurrent.locks.AbstractQueuedSynchronizer$ConditionObject.await(AbstractQueuedSynchronizer.java:2039)
        at java.util.concurrent.ArrayBlockingQueue.take(ArrayBlockingQueue.java:403)
        at java.util.concurrent.ThreadPoolExecutor.getTask(ThreadPoolExecutor.java:1074)
        at java.util.concurrent.ThreadPoolExecutor.runWorker(ThreadPoolExecutor.java:1134)
        at java.util.concurrent.ThreadPoolExecutor$Worker.run(ThreadPoolExecutor.java:624)
        at java.lang.Thread.run(Thread.java:748)
"qtp7829163-93" daemon prio=5 tid=93 timed_waiting
java.lang.Thread.State: TIMED_WAITING
        at sun.misc.Unsafe.park(Native Method)
        at java.util.concurrent.locks.LockSupport.parkNanos(LockSupport.java:215)
        at java.util.concurrent.locks.AbstractQueuedSynchronizer$ConditionObject.awaitNanos(AbstractQueuedSynchronizer.java:2078)
        at org.eclipse.jetty.util.BlockingArrayQueue.poll(BlockingArrayQueue.java:392)
        at org.eclipse.jetty.util.thread.QueuedThreadPool.idleJobPoll(QueuedThreadPool.java:563)
        at org.eclipse.jetty.util.thread.QueuedThreadPool.access$800(QueuedThreadPool.java:48)
        at org.eclipse.jetty.util.thread.QueuedThreadPool$2.run(QueuedThreadPool.java:626)
        at java.lang.Thread.run(Thread.java:748)
"IPC Server handler 5 on 40088" daemon prio=5 tid=54 timed_waiting
java.lang.Thread.State: TIMED_WAITING
        at sun.misc.Unsafe.park(Native Method)
        at java.util.concurrent.locks.LockSupport.parkNanos(LockSupport.java:215)
        at java.util.concurrent.locks.AbstractQueuedSynchronizer$ConditionObject.awaitNanos(AbstractQueuedSynchronizer.java:2078)
        at java.util.concurrent.LinkedBlockingQueue.poll(LinkedBlockingQueue.java:467)
        at org.apache.hadoop.ipc.CallQueueManager.take(CallQueueManager.java:288)
        at org.apache.hadoop.ipc.Server$Handler.run(Server.java:2668)
"pool-46-thread-1"  prio=5 tid=380 in Object.wait()
java.lang.Thread.State: WAITING (on object monitor)
        at sun.misc.Unsafe.park(Native Method)
        at java.util.concurrent.locks.LockSupport.park(LockSupport.java:175)
        at java.util.concurrent.locks.AbstractQueuedSynchronizer$ConditionObject.await(AbstractQueuedSynchronizer.java:2039)
        at java.util.concurrent.ArrayBlockingQueue.take(ArrayBlockingQueue.java:403)
        at java.util.concurrent.ThreadPoolExecutor.getTask(ThreadPoolExecutor.java:1074)
        at java.util.concurrent.ThreadPoolExecutor.runWorker(ThreadPoolExecutor.java:1134)
        at java.util.concurrent.ThreadPoolExecutor$Worker.run(ThreadPoolExecutor.java:624)
        at java.lang.Thread.run(Thread.java:748)
"org.apache.hadoop.util.JvmPauseMonitor$Monitor@6e44a60c" daemon prio=5 tid=179 timed_waiting
java.lang.Thread.State: TIMED_WAITING
        at java.lang.Thread.sleep(Native Method)
        at org.apache.hadoop.util.JvmPauseMonitor$Monitor.run(JvmPauseMonitor.java:192)
        at java.lang.Thread.run(Thread.java:748)
"pool-26-thread-37"  prio=5 tid=333 in Object.wait()
java.lang.Thread.State: WAITING (on object monitor)
        at sun.misc.Unsafe.park(Native Method)
        at java.util.concurrent.locks.LockSupport.park(LockSupport.java:175)
        at java.util.concurrent.locks.AbstractQueuedSynchronizer$ConditionObject.await(AbstractQueuedSynchronizer.java:2039)
        at java.util.concurrent.ArrayBlockingQueue.take(ArrayBlockingQueue.java:403)
        at java.util.concurrent.ThreadPoolExecutor.getTask(ThreadPoolExecutor.java:1074)
        at java.util.concurrent.ThreadPoolExecutor.runWorker(ThreadPoolExecutor.java:1134)
        at java.util.concurrent.ThreadPoolExecutor$Worker.run(ThreadPoolExecutor.java:624)
        at java.lang.Thread.run(Thread.java:748)
"Datanode ReportManager Thread - 2" daemon prio=5 tid=254 in Object.wait()
java.lang.Thread.State: WAITING (on object monitor)
        at sun.misc.Unsafe.park(Native Method)
        at java.util.concurrent.locks.LockSupport.park(LockSupport.java:175)
        at java.util.concurrent.locks.AbstractQueuedSynchronizer$ConditionObject.await(AbstractQueuedSynchronizer.java:2039)
        at java.util.concurrent.ScheduledThreadPoolExecutor$DelayedWorkQueue.take(ScheduledThreadPoolExecutor.java:1088)
        at java.util.concurrent.ScheduledThreadPoolExecutor$DelayedWorkQueue.take(ScheduledThreadPoolExecutor.java:809)
        at java.util.concurrent.ThreadPoolExecutor.getTask(ThreadPoolExecutor.java:1074)
        at java.util.concurrent.ThreadPoolExecutor.runWorker(ThreadPoolExecutor.java:1134)
        at java.util.concurrent.ThreadPoolExecutor$Worker.run(ThreadPoolExecutor.java:624)
        at java.lang.Thread.run(Thread.java:748)
"pool-36-thread-35"  prio=5 tid=328 in Object.wait()
java.lang.Thread.State: WAITING (on object monitor)
        at sun.misc.Unsafe.park(Native Method)
        at java.util.concurrent.locks.LockSupport.park(LockSupport.java:175)
        at java.util.concurrent.locks.AbstractQueuedSynchronizer$ConditionObject.await(AbstractQueuedSynchronizer.java:2039)
        at java.util.concurrent.ArrayBlockingQueue.take(ArrayBlockingQueue.java:403)
        at java.util.concurrent.ThreadPoolExecutor.getTask(ThreadPoolExecutor.java:1074)
        at java.util.concurrent.ThreadPoolExecutor.runWorker(ThreadPoolExecutor.java:1134)
        at java.util.concurrent.ThreadPoolExecutor$Worker.run(ThreadPoolExecutor.java:624)
        at java.lang.Thread.run(Thread.java:748)
"pool-56-thread-2"  prio=5 tid=441 in Object.wait()
java.lang.Thread.State: WAITING (on object monitor)
        at sun.misc.Unsafe.park(Native Method)
        at java.util.concurrent.locks.LockSupport.park(LockSupport.java:175)
        at java.util.concurrent.locks.AbstractQueuedSynchronizer$ConditionObject.await(AbstractQueuedSynchronizer.java:2039)
        at java.util.concurrent.ArrayBlockingQueue.take(ArrayBlockingQueue.java:403)
        at java.util.concurrent.ThreadPoolExecutor.getTask(ThreadPoolExecutor.java:1074)
        at java.util.concurrent.ThreadPoolExecutor.runWorker(ThreadPoolExecutor.java:1134)
        at java.util.concurrent.ThreadPoolExecutor$Worker.run(ThreadPoolExecutor.java:624)
        at java.lang.Thread.run(Thread.java:748)
"qtp1080561710-164" daemon prio=5 tid=164 timed_waiting
java.lang.Thread.State: TIMED_WAITING
        at sun.misc.Unsafe.park(Native Method)
        at java.util.concurrent.locks.LockSupport.parkNanos(LockSupport.java:215)
        at java.util.concurrent.locks.AbstractQueuedSynchronizer$ConditionObject.awaitNanos(AbstractQueuedSynchronizer.java:2078)
        at org.eclipse.jetty.util.BlockingArrayQueue.poll(BlockingArrayQueue.java:392)
        at org.eclipse.jetty.util.thread.QueuedThreadPool.idleJobPoll(QueuedThreadPool.java:563)
        at org.eclipse.jetty.util.thread.QueuedThreadPool.access$800(QueuedThreadPool.java:48)
        at org.eclipse.jetty.util.thread.QueuedThreadPool$2.run(QueuedThreadPool.java:626)
        at java.lang.Thread.run(Thread.java:748)
"qtp1080561710-160-acceptor-0@37fbd79d-ServerConnector@f951a7f{HTTP/1.1,[http/1.1]}{0.0.0.0:37764}" daemon prio=3 tid=160 runnable
java.lang.Thread.State: RUNNABLE
        at sun.nio.ch.ServerSocketChannelImpl.accept0(Native Method)
        at sun.nio.ch.ServerSocketChannelImpl.accept(ServerSocketChannelImpl.java:422)
        at sun.nio.ch.ServerSocketChannelImpl.accept(ServerSocketChannelImpl.java:250)
        at org.eclipse.jetty.server.ServerConnector.accept(ServerConnector.java:397)
        at org.eclipse.jetty.server.AbstractConnector$Acceptor.run(AbstractConnector.java:601)
        at org.eclipse.jetty.util.thread.QueuedThreadPool.runJob(QueuedThreadPool.java:671)
        at org.eclipse.jetty.util.thread.QueuedThreadPool$2.run(QueuedThreadPool.java:589)
        at java.lang.Thread.run(Thread.java:748)
"metrics-hadoop-metrics2-reporter-30-thread-1" daemon prio=5 tid=611 timed_waiting
java.lang.Thread.State: TIMED_WAITING
        at sun.misc.Unsafe.park(Native Method)
        at java.util.concurrent.locks.LockSupport.parkNanos(LockSupport.java:215)
        at java.util.concurrent.locks.AbstractQueuedSynchronizer$ConditionObject.awaitNanos(AbstractQueuedSynchronizer.java:2078)
        at java.util.concurrent.ScheduledThreadPoolExecutor$DelayedWorkQueue.take(ScheduledThreadPoolExecutor.java:1093)
        at java.util.concurrent.ScheduledThreadPoolExecutor$DelayedWorkQueue.take(ScheduledThreadPoolExecutor.java:809)
        at java.util.concurrent.ThreadPoolExecutor.getTask(ThreadPoolExecutor.java:1074)
        at java.util.concurrent.ThreadPoolExecutor.runWorker(ThreadPoolExecutor.java:1134)
        at java.util.concurrent.ThreadPoolExecutor$Worker.run(ThreadPoolExecutor.java:624)
        at java.lang.Thread.run(Thread.java:748)
"IPC Server handler 2 on 38234" daemon prio=5 tid=116 timed_waiting
java.lang.Thread.State: TIMED_WAITING
        at sun.misc.Unsafe.park(Native Method)
        at java.util.concurrent.locks.LockSupport.parkNanos(LockSupport.java:215)
        at java.util.concurrent.locks.AbstractQueuedSynchronizer$ConditionObject.awaitNanos(AbstractQueuedSynchronizer.java:2078)
        at java.util.concurrent.LinkedBlockingQueue.poll(LinkedBlockingQueue.java:467)
        at org.apache.hadoop.ipc.CallQueueManager.take(CallQueueManager.java:288)
        at org.apache.hadoop.ipc.Server$Handler.run(Server.java:2668)
"IPC Server handler 14 on 34339" daemon prio=5 tid=83 timed_waiting
java.lang.Thread.State: TIMED_WAITING
        at sun.misc.Unsafe.park(Native Method)
        at java.util.concurrent.locks.LockSupport.parkNanos(LockSupport.java:215)
        at java.util.concurrent.locks.AbstractQueuedSynchronizer$ConditionObject.awaitNanos(AbstractQueuedSynchronizer.java:2078)
        at java.util.concurrent.LinkedBlockingQueue.poll(LinkedBlockingQueue.java:467)
        at org.apache.hadoop.ipc.CallQueueManager.take(CallQueueManager.java:288)
        at org.apache.hadoop.ipc.Server$Handler.run(Server.java:2668)
"IPC Server handler 9 on 40088" daemon prio=5 tid=58 timed_waiting
java.lang.Thread.State: TIMED_WAITING
        at sun.misc.Unsafe.park(Native Method)
        at java.util.concurrent.locks.LockSupport.parkNanos(LockSupport.java:215)
        at java.util.concurrent.locks.AbstractQueuedSynchronizer$ConditionObject.awaitNanos(AbstractQueuedSynchronizer.java:2078)
        at java.util.concurrent.LinkedBlockingQueue.poll(LinkedBlockingQueue.java:467)
        at org.apache.hadoop.ipc.CallQueueManager.take(CallQueueManager.java:288)
        at org.apache.hadoop.ipc.Server$Handler.run(Server.java:2668)
"pool-36-thread-48"  prio=5 tid=354 in Object.wait()
java.lang.Thread.State: WAITING (on object monitor)
        at sun.misc.Unsafe.park(Native Method)
        at java.util.concurrent.locks.LockSupport.park(LockSupport.java:175)
        at java.util.concurrent.locks.AbstractQueuedSynchronizer$ConditionObject.await(AbstractQueuedSynchronizer.java:2039)
        at java.util.concurrent.ArrayBlockingQueue.take(ArrayBlockingQueue.java:403)
        at java.util.concurrent.ThreadPoolExecutor.getTask(ThreadPoolExecutor.java:1074)
        at java.util.concurrent.ThreadPoolExecutor.runWorker(ThreadPoolExecutor.java:1134)
        at java.util.concurrent.ThreadPoolExecutor$Worker.run(ThreadPoolExecutor.java:624)
        at java.lang.Thread.run(Thread.java:748)
"pool-36-thread-4"  prio=5 tid=266 in Object.wait()
java.lang.Thread.State: WAITING (on object monitor)
        at sun.misc.Unsafe.park(Native Method)
        at java.util.concurrent.locks.LockSupport.park(LockSupport.java:175)
        at java.util.concurrent.locks.AbstractQueuedSynchronizer$ConditionObject.await(AbstractQueuedSynchronizer.java:2039)
        at java.util.concurrent.ArrayBlockingQueue.take(ArrayBlockingQueue.java:403)
        at java.util.concurrent.ThreadPoolExecutor.getTask(ThreadPoolExecutor.java:1074)
        at java.util.concurrent.ThreadPoolExecutor.runWorker(ThreadPoolExecutor.java:1134)
        at java.util.concurrent.ThreadPoolExecutor$Worker.run(ThreadPoolExecutor.java:624)
        at java.lang.Thread.run(Thread.java:748)
"ReplicationMonitor" daemon prio=5 tid=686 timed_waiting
java.lang.Thread.State: TIMED_WAITING
        at java.lang.Object.wait(Native Method)
        at org.apache.hadoop.hdds.scm.container.ReplicationManager.run(ReplicationManager.java:229)
        at org.apache.hadoop.hdds.scm.container.ReplicationManager$$Lambda$488/1235419656.run(Unknown Source)
        at java.lang.Thread.run(Thread.java:748)
"pool-36-thread-37"  prio=5 tid=332 in Object.wait()
java.lang.Thread.State: WAITING (on object monitor)
        at sun.misc.Unsafe.park(Native Method)
        at java.util.concurrent.locks.LockSupport.park(LockSupport.java:175)
        at java.util.concurrent.locks.AbstractQueuedSynchronizer$ConditionObject.await(AbstractQueuedSynchronizer.java:2039)
        at java.util.concurrent.ArrayBlockingQueue.take(ArrayBlockingQueue.java:403)
        at java.util.concurrent.ThreadPoolExecutor.getTask(ThreadPoolExecutor.java:1074)
        at java.util.concurrent.ThreadPoolExecutor.runWorker(ThreadPoolExecutor.java:1134)
        at java.util.concurrent.ThreadPoolExecutor$Worker.run(ThreadPoolExecutor.java:624)
        at java.lang.Thread.run(Thread.java:748)
"metrics-hadoop-metrics2-reporter-23-thread-1" daemon prio=5 tid=586 timed_waiting
java.lang.Thread.State: TIMED_WAITING
        at sun.misc.Unsafe.park(Native Method)
        at java.util.concurrent.locks.LockSupport.parkNanos(LockSupport.java:215)
        at java.util.concurrent.locks.AbstractQueuedSynchronizer$ConditionObject.awaitNanos(AbstractQueuedSynchronizer.java:2078)
        at java.util.concurrent.ScheduledThreadPoolExecutor$DelayedWorkQueue.take(ScheduledThreadPoolExecutor.java:1093)
        at java.util.concurrent.ScheduledThreadPoolExecutor$DelayedWorkQueue.take(ScheduledThreadPoolExecutor.java:809)
        at java.util.concurrent.ThreadPoolExecutor.getTask(ThreadPoolExecutor.java:1074)
        at java.util.concurrent.ThreadPoolExecutor.runWorker(ThreadPoolExecutor.java:1134)
        at java.util.concurrent.ThreadPoolExecutor$Worker.run(ThreadPoolExecutor.java:624)
        at java.lang.Thread.run(Thread.java:748)
"pool-46-thread-11"  prio=5 tid=390 in Object.wait()
java.lang.Thread.State: WAITING (on object monitor)
        at sun.misc.Unsafe.park(Native Method)
        at java.util.concurrent.locks.LockSupport.park(LockSupport.java:175)
        at java.util.concurrent.locks.AbstractQueuedSynchronizer$ConditionObject.await(AbstractQueuedSynchronizer.java:2039)
        at java.util.concurrent.ArrayBlockingQueue.take(ArrayBlockingQueue.java:403)
        at java.util.concurrent.ThreadPoolExecutor.getTask(ThreadPoolExecutor.java:1074)
        at java.util.concurrent.ThreadPoolExecutor.runWorker(ThreadPoolExecutor.java:1134)
        at java.util.concurrent.ThreadPoolExecutor$Worker.run(ThreadPoolExecutor.java:624)
        at java.lang.Thread.run(Thread.java:748)
"40d2d32e-dd25-45df-8070-f9dc56ccf0a7@group-7EB39FB5DF22-SegmentedRaftLogWorker"  prio=5 tid=691 timed_waiting
java.lang.Thread.State: TIMED_WAITING
        at sun.misc.Unsafe.park(Native Method)
        at java.util.concurrent.locks.LockSupport.parkNanos(LockSupport.java:215)
        at java.util.concurrent.locks.AbstractQueuedSynchronizer$ConditionObject.awaitNanos(AbstractQueuedSynchronizer.java:2078)
        at org.apache.ratis.util.DataBlockingQueue.poll(DataBlockingQueue.java:137)
        at org.apache.ratis.server.raftlog.segmented.SegmentedRaftLogWorker.run(SegmentedRaftLogWorker.java:282)
        at java.lang.Thread.run(Thread.java:748)
"java.util.concurrent.ThreadPoolExecutor$Worker@6ef93aac[State = -1, empty queue]" daemon prio=5 tid=619 timed_waiting
java.lang.Thread.State: TIMED_WAITING
        at sun.misc.Unsafe.park(Native Method)
        at java.util.concurrent.locks.LockSupport.parkNanos(LockSupport.java:215)
        at java.util.concurrent.locks.AbstractQueuedSynchronizer$ConditionObject.awaitNanos(AbstractQueuedSynchronizer.java:2078)
        at java.util.concurrent.ScheduledThreadPoolExecutor$DelayedWorkQueue.take(ScheduledThreadPoolExecutor.java:1093)
        at java.util.concurrent.ScheduledThreadPoolExecutor$DelayedWorkQueue.take(ScheduledThreadPoolExecutor.java:809)
        at java.util.concurrent.ThreadPoolExecutor.getTask(ThreadPoolExecutor.java:1074)
        at java.util.concurrent.ThreadPoolExecutor.runWorker(ThreadPoolExecutor.java:1134)
        at java.util.concurrent.ThreadPoolExecutor$Worker.run(ThreadPoolExecutor.java:624)
        at java.lang.Thread.run(Thread.java:748)
"IPC Server handler 16 on 38234" daemon prio=5 tid=131 timed_waiting
java.lang.Thread.State: TIMED_WAITING
        at sun.misc.Unsafe.park(Native Method)
        at java.util.concurrent.locks.LockSupport.parkNanos(LockSupport.java:215)
        at java.util.concurrent.locks.AbstractQueuedSynchronizer$ConditionObject.awaitNanos(AbstractQueuedSynchronizer.java:2078)
        at java.util.concurrent.LinkedBlockingQueue.poll(LinkedBlockingQueue.java:467)
        at org.apache.hadoop.ipc.CallQueueManager.take(CallQueueManager.java:288)
        at org.apache.hadoop.ipc.Server$Handler.run(Server.java:2668)
"pool-26-thread-19"  prio=5 tid=297 in Object.wait()
java.lang.Thread.State: WAITING (on object monitor)
        at sun.misc.Unsafe.park(Native Method)
        at java.util.concurrent.locks.LockSupport.park(LockSupport.java:175)
        at java.util.concurrent.locks.AbstractQueuedSynchronizer$ConditionObject.await(AbstractQueuedSynchronizer.java:2039)
        at java.util.concurrent.ArrayBlockingQueue.take(ArrayBlockingQueue.java:403)
        at java.util.concurrent.ThreadPoolExecutor.getTask(ThreadPoolExecutor.java:1074)
        at java.util.concurrent.ThreadPoolExecutor.runWorker(ThreadPoolExecutor.java:1134)
        at java.util.concurrent.ThreadPoolExecutor$Worker.run(ThreadPoolExecutor.java:624)
        at java.lang.Thread.run(Thread.java:748)
"qtp1713847712-215" daemon prio=5 tid=215 timed_waiting
java.lang.Thread.State: TIMED_WAITING
        at sun.misc.Unsafe.park(Native Method)
        at java.util.concurrent.locks.LockSupport.parkNanos(LockSupport.java:215)
        at java.util.concurrent.locks.AbstractQueuedSynchronizer$ConditionObject.awaitNanos(AbstractQueuedSynchronizer.java:2078)
        at org.eclipse.jetty.util.BlockingArrayQueue.poll(BlockingArrayQueue.java:392)
        at org.eclipse.jetty.util.thread.QueuedThreadPool.idleJobPoll(QueuedThreadPool.java:563)
        at org.eclipse.jetty.util.thread.QueuedThreadPool.access$800(QueuedThreadPool.java:48)
        at org.eclipse.jetty.util.thread.QueuedThreadPool$2.run(QueuedThreadPool.java:626)
        at java.lang.Thread.run(Thread.java:748)
"pool-26-thread-21"  prio=5 tid=301 in Object.wait()
java.lang.Thread.State: WAITING (on object monitor)
        at sun.misc.Unsafe.park(Native Method)
        at java.util.concurrent.locks.LockSupport.park(LockSupport.java:175)
        at java.util.concurrent.locks.AbstractQueuedSynchronizer$ConditionObject.await(AbstractQueuedSynchronizer.java:2039)
        at java.util.concurrent.ArrayBlockingQueue.take(ArrayBlockingQueue.java:403)
        at java.util.concurrent.ThreadPoolExecutor.getTask(ThreadPoolExecutor.java:1074)
        at java.util.concurrent.ThreadPoolExecutor.runWorker(ThreadPoolExecutor.java:1134)
        at java.util.concurrent.ThreadPoolExecutor$Worker.run(ThreadPoolExecutor.java:624)
        at java.lang.Thread.run(Thread.java:748)
"pool-26-thread-47"  prio=5 tid=353 in Object.wait()
java.lang.Thread.State: WAITING (on object monitor)
        at sun.misc.Unsafe.park(Native Method)
        at java.util.concurrent.locks.LockSupport.park(LockSupport.java:175)
        at java.util.concurrent.locks.AbstractQueuedSynchronizer$ConditionObject.await(AbstractQueuedSynchronizer.java:2039)
        at java.util.concurrent.ArrayBlockingQueue.take(ArrayBlockingQueue.java:403)
        at java.util.concurrent.ThreadPoolExecutor.getTask(ThreadPoolExecutor.java:1074)
        at java.util.concurrent.ThreadPoolExecutor.runWorker(ThreadPoolExecutor.java:1134)
        at java.util.concurrent.ThreadPoolExecutor$Worker.run(ThreadPoolExecutor.java:624)
        at java.lang.Thread.run(Thread.java:748)
"qtp707892422-190" daemon prio=5 tid=190 timed_waiting
java.lang.Thread.State: TIMED_WAITING
        at sun.misc.Unsafe.park(Native Method)
        at java.util.concurrent.locks.LockSupport.parkNanos(LockSupport.java:215)
        at java.util.concurrent.locks.AbstractQueuedSynchronizer$ConditionObject.awaitNanos(AbstractQueuedSynchronizer.java:2078)
        at org.eclipse.jetty.util.BlockingArrayQueue.poll(BlockingArrayQueue.java:392)
        at org.eclipse.jetty.util.thread.QueuedThreadPool.idleJobPoll(QueuedThreadPool.java:563)
        at org.eclipse.jetty.util.thread.QueuedThreadPool.access$800(QueuedThreadPool.java:48)
        at org.eclipse.jetty.util.thread.QueuedThreadPool$2.run(QueuedThreadPool.java:626)
        at java.lang.Thread.run(Thread.java:748)
"pool-56-thread-23"  prio=5 tid=462 in Object.wait()
java.lang.Thread.State: WAITING (on object monitor)
        at sun.misc.Unsafe.park(Native Method)
        at java.util.concurrent.locks.LockSupport.park(LockSupport.java:175)
        at java.util.concurrent.locks.AbstractQueuedSynchronizer$ConditionObject.await(AbstractQueuedSynchronizer.java:2039)
        at java.util.concurrent.ArrayBlockingQueue.take(ArrayBlockingQueue.java:403)
        at java.util.concurrent.ThreadPoolExecutor.getTask(ThreadPoolExecutor.java:1074)
        at java.util.concurrent.ThreadPoolExecutor.runWorker(ThreadPoolExecutor.java:1134)
        at java.util.concurrent.ThreadPoolExecutor$Worker.run(ThreadPoolExecutor.java:624)
        at java.lang.Thread.run(Thread.java:748)
"pool-36-thread-42"  prio=5 tid=342 in Object.wait()
java.lang.Thread.State: WAITING (on object monitor)
        at sun.misc.Unsafe.park(Native Method)
        at java.util.concurrent.locks.LockSupport.park(LockSupport.java:175)
        at java.util.concurrent.locks.AbstractQueuedSynchronizer$ConditionObject.await(AbstractQueuedSynchronizer.java:2039)
        at java.util.concurrent.ArrayBlockingQueue.take(ArrayBlockingQueue.java:403)
        at java.util.concurrent.ThreadPoolExecutor.getTask(ThreadPoolExecutor.java:1074)
        at java.util.concurrent.ThreadPoolExecutor.runWorker(ThreadPoolExecutor.java:1134)
        at java.util.concurrent.ThreadPoolExecutor$Worker.run(ThreadPoolExecutor.java:624)
        at java.lang.Thread.run(Thread.java:748)
"pool-56-thread-59"  prio=5 tid=498 in Object.wait()
java.lang.Thread.State: WAITING (on object monitor)
        at sun.misc.Unsafe.park(Native Method)
        at java.util.concurrent.locks.LockSupport.park(LockSupport.java:175)
        at java.util.concurrent.locks.AbstractQueuedSynchronizer$ConditionObject.await(AbstractQueuedSynchronizer.java:2039)
        at java.util.concurrent.ArrayBlockingQueue.take(ArrayBlockingQueue.java:403)
        at java.util.concurrent.ThreadPoolExecutor.getTask(ThreadPoolExecutor.java:1074)
        at java.util.concurrent.ThreadPoolExecutor.runWorker(ThreadPoolExecutor.java:1134)
        at java.util.concurrent.ThreadPoolExecutor$Worker.run(ThreadPoolExecutor.java:624)
        at java.lang.Thread.run(Thread.java:748)
"qtp206310209-136" daemon prio=5 tid=136 runnable
java.lang.Thread.State: RUNNABLE
        at sun.nio.ch.EPollArrayWrapper.epollWait(Native Method)
        at sun.nio.ch.EPollArrayWrapper.poll(EPollArrayWrapper.java:269)
        at sun.nio.ch.EPollSelectorImpl.doSelect(EPollSelectorImpl.java:93)
        at sun.nio.ch.SelectorImpl.lockAndDoSelect(SelectorImpl.java:86)
        at sun.nio.ch.SelectorImpl.select(SelectorImpl.java:97)
        at sun.nio.ch.SelectorImpl.select(SelectorImpl.java:101)
        at org.eclipse.jetty.io.ManagedSelector$SelectorProducer.select(ManagedSelector.java:243)
        at org.eclipse.jetty.io.ManagedSelector$SelectorProducer.produce(ManagedSelector.java:191)
        at org.eclipse.jetty.util.thread.strategy.ExecuteProduceConsume.executeProduceConsume(ExecuteProduceConsume.java:249)
        at org.eclipse.jetty.util.thread.strategy.ExecuteProduceConsume.produceConsume(ExecuteProduceConsume.java:148)
        at org.eclipse.jetty.util.thread.strategy.ExecuteProduceConsume.execute(ExecuteProduceConsume.java:100)
        at org.eclipse.jetty.io.ManagedSelector.run(ManagedSelector.java:147)
        at org.eclipse.jetty.util.thread.QueuedThreadPool.runJob(QueuedThreadPool.java:671)
        at org.eclipse.jetty.util.thread.QueuedThreadPool$2.run(QueuedThreadPool.java:589)
        at java.lang.Thread.run(Thread.java:748)
"pool-34-thread-1" daemon prio=5 tid=183 timed_waiting
java.lang.Thread.State: TIMED_WAITING
        at sun.misc.Unsafe.park(Native Method)
        at java.util.concurrent.locks.LockSupport.parkNanos(LockSupport.java:215)
        at java.util.concurrent.locks.AbstractQueuedSynchronizer$ConditionObject.awaitNanos(AbstractQueuedSynchronizer.java:2078)
        at java.util.concurrent.ScheduledThreadPoolExecutor$DelayedWorkQueue.take(ScheduledThreadPoolExecutor.java:1093)
        at java.util.concurrent.ScheduledThreadPoolExecutor$DelayedWorkQueue.take(ScheduledThreadPoolExecutor.java:809)
        at java.util.concurrent.ThreadPoolExecutor.getTask(ThreadPoolExecutor.java:1074)
        at java.util.concurrent.ThreadPoolExecutor.runWorker(ThreadPoolExecutor.java:1134)
        at java.util.concurrent.ThreadPoolExecutor$Worker.run(ThreadPoolExecutor.java:624)
        at java.lang.Thread.run(Thread.java:748)
"IPC Server handler 8 on 34339" daemon prio=5 tid=77 timed_waiting
java.lang.Thread.State: TIMED_WAITING
        at sun.misc.Unsafe.park(Native Method)
        at java.util.concurrent.locks.LockSupport.parkNanos(LockSupport.java:215)
        at java.util.concurrent.locks.AbstractQueuedSynchronizer$ConditionObject.awaitNanos(AbstractQueuedSynchronizer.java:2078)
        at java.util.concurrent.LinkedBlockingQueue.poll(LinkedBlockingQueue.java:467)
        at org.apache.hadoop.ipc.CallQueueManager.take(CallQueueManager.java:288)
        at org.apache.hadoop.ipc.Server$Handler.run(Server.java:2668)
"pool-56-thread-55"  prio=5 tid=494 in Object.wait()
java.lang.Thread.State: WAITING (on object monitor)
        at sun.misc.Unsafe.park(Native Method)
        at java.util.concurrent.locks.LockSupport.park(LockSupport.java:175)
        at java.util.concurrent.locks.AbstractQueuedSynchronizer$ConditionObject.await(AbstractQueuedSynchronizer.java:2039)
        at java.util.concurrent.ArrayBlockingQueue.take(ArrayBlockingQueue.java:403)
        at java.util.concurrent.ThreadPoolExecutor.getTask(ThreadPoolExecutor.java:1074)
        at java.util.concurrent.ThreadPoolExecutor.runWorker(ThreadPoolExecutor.java:1134)
        at java.util.concurrent.ThreadPoolExecutor$Worker.run(ThreadPoolExecutor.java:624)
        at java.lang.Thread.run(Thread.java:748)
"pool-26-thread-52"  prio=5 tid=362 in Object.wait()
java.lang.Thread.State: WAITING (on object monitor)
        at sun.misc.Unsafe.park(Native Method)
        at java.util.concurrent.locks.LockSupport.park(LockSupport.java:175)
        at java.util.concurrent.locks.AbstractQueuedSynchronizer$ConditionObject.await(AbstractQueuedSynchronizer.java:2039)
        at java.util.concurrent.ArrayBlockingQueue.take(ArrayBlockingQueue.java:403)
        at java.util.concurrent.ThreadPoolExecutor.getTask(ThreadPoolExecutor.java:1074)
        at java.util.concurrent.ThreadPoolExecutor.runWorker(ThreadPoolExecutor.java:1134)
        at java.util.concurrent.ThreadPoolExecutor$Worker.run(ThreadPoolExecutor.java:624)
        at java.lang.Thread.run(Thread.java:748)
"metrics-hadoop-metrics2-reporter-20-thread-1" daemon prio=5 tid=575 timed_waiting
java.lang.Thread.State: TIMED_WAITING
        at sun.misc.Unsafe.park(Native Method)
        at java.util.concurrent.locks.LockSupport.parkNanos(LockSupport.java:215)
        at java.util.concurrent.locks.AbstractQueuedSynchronizer$ConditionObject.awaitNanos(AbstractQueuedSynchronizer.java:2078)
        at java.util.concurrent.ScheduledThreadPoolExecutor$DelayedWorkQueue.take(ScheduledThreadPoolExecutor.java:1093)
        at java.util.concurrent.ScheduledThreadPoolExecutor$DelayedWorkQueue.take(ScheduledThreadPoolExecutor.java:809)
        at java.util.concurrent.ThreadPoolExecutor.getTask(ThreadPoolExecutor.java:1074)
        at java.util.concurrent.ThreadPoolExecutor.runWorker(ThreadPoolExecutor.java:1134)
        at java.util.concurrent.ThreadPoolExecutor$Worker.run(ThreadPoolExecutor.java:624)
        at java.lang.Thread.run(Thread.java:748)
"pool-40-thread-1"  prio=5 tid=185 timed_waiting
java.lang.Thread.State: TIMED_WAITING
        at sun.misc.Unsafe.park(Native Method)
        at java.util.concurrent.locks.LockSupport.parkNanos(LockSupport.java:215)
        at java.util.concurrent.locks.AbstractQueuedSynchronizer$ConditionObject.awaitNanos(AbstractQueuedSynchronizer.java:2078)
        at java.util.concurrent.ScheduledThreadPoolExecutor$DelayedWorkQueue.take(ScheduledThreadPoolExecutor.java:1093)
        at java.util.concurrent.ScheduledThreadPoolExecutor$DelayedWorkQueue.take(ScheduledThreadPoolExecutor.java:809)
        at java.util.concurrent.ThreadPoolExecutor.getTask(ThreadPoolExecutor.java:1074)
        at java.util.concurrent.ThreadPoolExecutor.runWorker(ThreadPoolExecutor.java:1134)
        at java.util.concurrent.ThreadPoolExecutor$Worker.run(ThreadPoolExecutor.java:624)
        at java.lang.Thread.run(Thread.java:748)
"pool-26-thread-17"  prio=5 tid=293 in Object.wait()
java.lang.Thread.State: WAITING (on object monitor)
        at sun.misc.Unsafe.park(Native Method)
        at java.util.concurrent.locks.LockSupport.park(LockSupport.java:175)
        at java.util.concurrent.locks.AbstractQueuedSynchronizer$ConditionObject.await(AbstractQueuedSynchronizer.java:2039)
        at java.util.concurrent.ArrayBlockingQueue.take(ArrayBlockingQueue.java:403)
        at java.util.concurrent.ThreadPoolExecutor.getTask(ThreadPoolExecutor.java:1074)
        at java.util.concurrent.ThreadPoolExecutor.runWorker(ThreadPoolExecutor.java:1134)
        at java.util.concurrent.ThreadPoolExecutor$Worker.run(ThreadPoolExecutor.java:624)
        at java.lang.Thread.run(Thread.java:748)
"Datanode ReportManager Thread - 0" daemon prio=5 tid=252 in Object.wait()
java.lang.Thread.State: WAITING (on object monitor)
        at sun.misc.Unsafe.park(Native Method)
        at java.util.concurrent.locks.LockSupport.park(LockSupport.java:175)
        at java.util.concurrent.locks.AbstractQueuedSynchronizer$ConditionObject.await(AbstractQueuedSynchronizer.java:2039)
        at java.util.concurrent.ScheduledThreadPoolExecutor$DelayedWorkQueue.take(ScheduledThreadPoolExecutor.java:1088)
        at java.util.concurrent.ScheduledThreadPoolExecutor$DelayedWorkQueue.take(ScheduledThreadPoolExecutor.java:809)
        at java.util.concurrent.ThreadPoolExecutor.getTask(ThreadPoolExecutor.java:1074)
        at java.util.concurrent.ThreadPoolExecutor.runWorker(ThreadPoolExecutor.java:1134)
        at java.util.concurrent.ThreadPoolExecutor$Worker.run(ThreadPoolExecutor.java:624)
        at java.lang.Thread.run(Thread.java:748)
"qtp1713847712-218" daemon prio=5 tid=218 timed_waiting
java.lang.Thread.State: TIMED_WAITING
        at sun.misc.Unsafe.park(Native Method)
        at java.util.concurrent.locks.LockSupport.parkNanos(LockSupport.java:215)
        at java.util.concurrent.locks.AbstractQueuedSynchronizer$ConditionObject.awaitNanos(AbstractQueuedSynchronizer.java:2078)
        at org.eclipse.jetty.util.BlockingArrayQueue.poll(BlockingArrayQueue.java:392)
        at org.eclipse.jetty.util.thread.QueuedThreadPool.idleJobPoll(QueuedThreadPool.java:563)
        at org.eclipse.jetty.util.thread.QueuedThreadPool.access$800(QueuedThreadPool.java:48)
        at org.eclipse.jetty.util.thread.QueuedThreadPool$2.run(QueuedThreadPool.java:626)
        at java.lang.Thread.run(Thread.java:748)
"metrics-hadoop-metrics2-reporter-10-thread-1" daemon prio=5 tid=546 timed_waiting
java.lang.Thread.State: TIMED_WAITING
        at sun.misc.Unsafe.park(Native Method)
        at java.util.concurrent.locks.LockSupport.parkNanos(LockSupport.java:215)
        at java.util.concurrent.locks.AbstractQueuedSynchronizer$ConditionObject.awaitNanos(AbstractQueuedSynchronizer.java:2078)
        at java.util.concurrent.ScheduledThreadPoolExecutor$DelayedWorkQueue.take(ScheduledThreadPoolExecutor.java:1093)
        at java.util.concurrent.ScheduledThreadPoolExecutor$DelayedWorkQueue.take(ScheduledThreadPoolExecutor.java:809)
        at java.util.concurrent.ThreadPoolExecutor.getTask(ThreadPoolExecutor.java:1074)
        at java.util.concurrent.ThreadPoolExecutor.runWorker(ThreadPoolExecutor.java:1134)
        at java.util.concurrent.ThreadPoolExecutor$Worker.run(ThreadPoolExecutor.java:624)
        at java.lang.Thread.run(Thread.java:748)
"grpc-default-executor-4" daemon prio=5 tid=625 timed_waiting
java.lang.Thread.State: TIMED_WAITING
        at sun.misc.Unsafe.park(Native Method)
        at java.util.concurrent.locks.LockSupport.parkNanos(LockSupport.java:215)
        at java.util.concurrent.SynchronousQueue$TransferStack.awaitFulfill(SynchronousQueue.java:460)
        at java.util.concurrent.SynchronousQueue$TransferStack.transfer(SynchronousQueue.java:362)
        at java.util.concurrent.SynchronousQueue.poll(SynchronousQueue.java:941)
        at java.util.concurrent.ThreadPoolExecutor.getTask(ThreadPoolExecutor.java:1073)
        at java.util.concurrent.ThreadPoolExecutor.runWorker(ThreadPoolExecutor.java:1134)
        at java.util.concurrent.ThreadPoolExecutor$Worker.run(ThreadPoolExecutor.java:624)
        at java.lang.Thread.run(Thread.java:748)
"pool-36-thread-10"  prio=5 tid=278 in Object.wait()
java.lang.Thread.State: WAITING (on object monitor)
        at sun.misc.Unsafe.park(Native Method)
        at java.util.concurrent.locks.LockSupport.park(LockSupport.java:175)
        at java.util.concurrent.locks.AbstractQueuedSynchronizer$ConditionObject.await(AbstractQueuedSynchronizer.java:2039)
        at java.util.concurrent.ArrayBlockingQueue.take(ArrayBlockingQueue.java:403)
        at java.util.concurrent.ThreadPoolExecutor.getTask(ThreadPoolExecutor.java:1074)
        at java.util.concurrent.ThreadPoolExecutor.runWorker(ThreadPoolExecutor.java:1134)
        at java.util.concurrent.ThreadPoolExecutor$Worker.run(ThreadPoolExecutor.java:624)
        at java.lang.Thread.run(Thread.java:748)
"Datanode ReportManager Thread - 0" daemon prio=5 tid=198 in Object.wait()
java.lang.Thread.State: WAITING (on object monitor)
        at sun.misc.Unsafe.park(Native Method)
        at java.util.concurrent.locks.LockSupport.park(LockSupport.java:175)
        at java.util.concurrent.locks.AbstractQueuedSynchronizer$ConditionObject.await(AbstractQueuedSynchronizer.java:2039)
        at java.util.concurrent.ScheduledThreadPoolExecutor$DelayedWorkQueue.take(ScheduledThreadPoolExecutor.java:1088)
        at java.util.concurrent.ScheduledThreadPoolExecutor$DelayedWorkQueue.take(ScheduledThreadPoolExecutor.java:809)
        at java.util.concurrent.ThreadPoolExecutor.getTask(ThreadPoolExecutor.java:1074)
        at java.util.concurrent.ThreadPoolExecutor.runWorker(ThreadPoolExecutor.java:1134)
        at java.util.concurrent.ThreadPoolExecutor$Worker.run(ThreadPoolExecutor.java:624)
        at java.lang.Thread.run(Thread.java:748)
"pool-36-thread-30"  prio=5 tid=318 in Object.wait()
java.lang.Thread.State: WAITING (on object monitor)
        at sun.misc.Unsafe.park(Native Method)
        at java.util.concurrent.locks.LockSupport.park(LockSupport.java:175)
        at java.util.concurrent.locks.AbstractQueuedSynchronizer$ConditionObject.await(AbstractQueuedSynchronizer.java:2039)
        at java.util.concurrent.ArrayBlockingQueue.take(ArrayBlockingQueue.java:403)
        at java.util.concurrent.ThreadPoolExecutor.getTask(ThreadPoolExecutor.java:1074)
        at java.util.concurrent.ThreadPoolExecutor.runWorker(ThreadPoolExecutor.java:1134)
        at java.util.concurrent.ThreadPoolExecutor$Worker.run(ThreadPoolExecutor.java:624)
        at java.lang.Thread.run(Thread.java:748)
"Datanode State Machine Thread - 0" daemon prio=5 tid=181 timed_waiting
java.lang.Thread.State: TIMED_WAITING
        at sun.misc.Unsafe.park(Native Method)
        at java.util.concurrent.locks.LockSupport.parkNanos(LockSupport.java:215)
        at java.util.concurrent.SynchronousQueue$TransferStack.awaitFulfill(SynchronousQueue.java:460)
        at java.util.concurrent.SynchronousQueue$TransferStack.transfer(SynchronousQueue.java:362)
        at java.util.concurrent.SynchronousQueue.poll(SynchronousQueue.java:941)
        at java.util.concurrent.ThreadPoolExecutor.getTask(ThreadPoolExecutor.java:1073)
        at java.util.concurrent.ThreadPoolExecutor.runWorker(ThreadPoolExecutor.java:1134)
        at java.util.concurrent.ThreadPoolExecutor$Worker.run(ThreadPoolExecutor.java:624)
        at java.lang.Thread.run(Thread.java:748)
"Periodic HDDS volume checker"  prio=5 tid=152 timed_waiting
java.lang.Thread.State: TIMED_WAITING
        at sun.misc.Unsafe.park(Native Method)
        at java.util.concurrent.locks.LockSupport.parkNanos(LockSupport.java:215)
        at java.util.concurrent.locks.AbstractQueuedSynchronizer$ConditionObject.awaitNanos(AbstractQueuedSynchronizer.java:2078)
        at java.util.concurrent.ScheduledThreadPoolExecutor$DelayedWorkQueue.take(ScheduledThreadPoolExecutor.java:1093)
        at java.util.concurrent.ScheduledThreadPoolExecutor$DelayedWorkQueue.take(ScheduledThreadPoolExecutor.java:809)
        at java.util.concurrent.ThreadPoolExecutor.getTask(ThreadPoolExecutor.java:1074)
        at java.util.concurrent.ThreadPoolExecutor.runWorker(ThreadPoolExecutor.java:1134)
        at java.util.concurrent.ThreadPoolExecutor$Worker.run(ThreadPoolExecutor.java:624)
        at java.lang.Thread.run(Thread.java:748)
"pool-46-thread-60"  prio=5 tid=439 in Object.wait()
java.lang.Thread.State: WAITING (on object monitor)
        at sun.misc.Unsafe.park(Native Method)
        at java.util.concurrent.locks.LockSupport.park(LockSupport.java:175)
        at java.util.concurrent.locks.AbstractQueuedSynchronizer$ConditionObject.await(AbstractQueuedSynchronizer.java:2039)
        at java.util.concurrent.ArrayBlockingQueue.take(ArrayBlockingQueue.java:403)
        at java.util.concurrent.ThreadPoolExecutor.getTask(ThreadPoolExecutor.java:1074)
        at java.util.concurrent.ThreadPoolExecutor.runWorker(ThreadPoolExecutor.java:1134)
        at java.util.concurrent.ThreadPoolExecutor$Worker.run(ThreadPoolExecutor.java:624)
        at java.lang.Thread.run(Thread.java:748)
"IPC Server handler 17 on 40088" daemon prio=5 tid=66 timed_waiting
java.lang.Thread.State: TIMED_WAITING
        at sun.misc.Unsafe.park(Native Method)
        at java.util.concurrent.locks.LockSupport.parkNanos(LockSupport.java:215)
        at java.util.concurrent.locks.AbstractQueuedSynchronizer$ConditionObject.awaitNanos(AbstractQueuedSynchronizer.java:2078)
        at java.util.concurrent.LinkedBlockingQueue.poll(LinkedBlockingQueue.java:467)
        at org.apache.hadoop.ipc.CallQueueManager.take(CallQueueManager.java:288)
        at org.apache.hadoop.ipc.Server$Handler.run(Server.java:2668)
"pool-47-thread-1"  prio=5 tid=534 in Object.wait()
java.lang.Thread.State: WAITING (on object monitor)
        at sun.misc.Unsafe.park(Native Method)
        at java.util.concurrent.locks.LockSupport.park(LockSupport.java:175)
        at java.util.concurrent.locks.AbstractQueuedSynchronizer$ConditionObject.await(AbstractQueuedSynchronizer.java:2039)
        at java.util.concurrent.LinkedBlockingQueue.take(LinkedBlockingQueue.java:442)
        at java.util.concurrent.ThreadPoolExecutor.getTask(ThreadPoolExecutor.java:1074)
        at java.util.concurrent.ThreadPoolExecutor.runWorker(ThreadPoolExecutor.java:1134)
        at java.util.concurrent.ThreadPoolExecutor$Worker.run(ThreadPoolExecutor.java:624)
        at java.lang.Thread.run(Thread.java:748)
"IPC Server handler 11 on 40088" daemon prio=5 tid=60 timed_waiting
java.lang.Thread.State: TIMED_WAITING
        at sun.misc.Unsafe.park(Native Method)
        at java.util.concurrent.locks.LockSupport.parkNanos(LockSupport.java:215)
        at java.util.concurrent.locks.AbstractQueuedSynchronizer$ConditionObject.awaitNanos(AbstractQueuedSynchronizer.java:2078)
        at java.util.concurrent.LinkedBlockingQueue.poll(LinkedBlockingQueue.java:467)
        at org.apache.hadoop.ipc.CallQueueManager.take(CallQueueManager.java:288)
        at org.apache.hadoop.ipc.Server$Handler.run(Server.java:2668)
"pool-36-thread-59"  prio=5 tid=377 in Object.wait()
java.lang.Thread.State: WAITING (on object monitor)
        at sun.misc.Unsafe.park(Native Method)
        at java.util.concurrent.locks.LockSupport.park(LockSupport.java:175)
        at java.util.concurrent.locks.AbstractQueuedSynchronizer$ConditionObject.await(AbstractQueuedSynchronizer.java:2039)
        at java.util.concurrent.ArrayBlockingQueue.take(ArrayBlockingQueue.java:403)
        at java.util.concurrent.ThreadPoolExecutor.getTask(ThreadPoolExecutor.java:1074)
        at java.util.concurrent.ThreadPoolExecutor.runWorker(ThreadPoolExecutor.java:1134)
        at java.util.concurrent.ThreadPoolExecutor$Worker.run(ThreadPoolExecutor.java:624)
        at java.lang.Thread.run(Thread.java:748)
"qtp707892422-191" daemon prio=5 tid=191 timed_waiting
java.lang.Thread.State: TIMED_WAITING
        at sun.misc.Unsafe.park(Native Method)
        at java.util.concurrent.locks.LockSupport.parkNanos(LockSupport.java:215)
        at java.util.concurrent.locks.AbstractQueuedSynchronizer$ConditionObject.awaitNanos(AbstractQueuedSynchronizer.java:2078)
        at org.eclipse.jetty.util.BlockingArrayQueue.poll(BlockingArrayQueue.java:392)
        at org.eclipse.jetty.util.thread.QueuedThreadPool.idleJobPoll(QueuedThreadPool.java:563)
        at org.eclipse.jetty.util.thread.QueuedThreadPool.access$800(QueuedThreadPool.java:48)
        at org.eclipse.jetty.util.thread.QueuedThreadPool$2.run(QueuedThreadPool.java:626)
        at java.lang.Thread.run(Thread.java:748)
"pool-56-thread-37"  prio=5 tid=476 in Object.wait()
java.lang.Thread.State: WAITING (on object monitor)
        at sun.misc.Unsafe.park(Native Method)
        at java.util.concurrent.locks.LockSupport.park(LockSupport.java:175)
        at java.util.concurrent.locks.AbstractQueuedSynchronizer$ConditionObject.await(AbstractQueuedSynchronizer.java:2039)
        at java.util.concurrent.ArrayBlockingQueue.take(ArrayBlockingQueue.java:403)
        at java.util.concurrent.ThreadPoolExecutor.getTask(ThreadPoolExecutor.java:1074)
        at java.util.concurrent.ThreadPoolExecutor.runWorker(ThreadPoolExecutor.java:1134)
        at java.util.concurrent.ThreadPoolExecutor$Worker.run(ThreadPoolExecutor.java:624)
        at java.lang.Thread.run(Thread.java:748)
"pool-36-thread-39"  prio=5 tid=336 in Object.wait()
java.lang.Thread.State: WAITING (on object monitor)
        at sun.misc.Unsafe.park(Native Method)
        at java.util.concurrent.locks.LockSupport.park(LockSupport.java:175)
        at java.util.concurrent.locks.AbstractQueuedSynchronizer$ConditionObject.await(AbstractQueuedSynchronizer.java:2039)
        at java.util.concurrent.ArrayBlockingQueue.take(ArrayBlockingQueue.java:403)
        at java.util.concurrent.ThreadPoolExecutor.getTask(ThreadPoolExecutor.java:1074)
        at java.util.concurrent.ThreadPoolExecutor.runWorker(ThreadPoolExecutor.java:1134)
        at java.util.concurrent.ThreadPoolExecutor$Worker.run(ThreadPoolExecutor.java:624)
        at java.lang.Thread.run(Thread.java:748)
"pool-26-thread-25"  prio=5 tid=309 in Object.wait()
java.lang.Thread.State: WAITING (on object monitor)
        at sun.misc.Unsafe.park(Native Method)
        at java.util.concurrent.locks.LockSupport.park(LockSupport.java:175)
        at java.util.concurrent.locks.AbstractQueuedSynchronizer$ConditionObject.await(AbstractQueuedSynchronizer.java:2039)
        at java.util.concurrent.ArrayBlockingQueue.take(ArrayBlockingQueue.java:403)
        at java.util.concurrent.ThreadPoolExecutor.getTask(ThreadPoolExecutor.java:1074)
        at java.util.concurrent.ThreadPoolExecutor.runWorker(ThreadPoolExecutor.java:1134)
        at java.util.concurrent.ThreadPoolExecutor$Worker.run(ThreadPoolExecutor.java:624)
        at java.lang.Thread.run(Thread.java:748)
"IPC Server handler 2 on 34339" daemon prio=5 tid=71 timed_waiting
java.lang.Thread.State: TIMED_WAITING
        at sun.misc.Unsafe.park(Native Method)
        at java.util.concurrent.locks.LockSupport.parkNanos(LockSupport.java:215)
        at java.util.concurrent.locks.AbstractQueuedSynchronizer$ConditionObject.awaitNanos(AbstractQueuedSynchronizer.java:2078)
        at java.util.concurrent.LinkedBlockingQueue.poll(LinkedBlockingQueue.java:467)
        at org.apache.hadoop.ipc.CallQueueManager.take(CallQueueManager.java:288)
        at org.apache.hadoop.ipc.Server$Handler.run(Server.java:2668)
"Socket Reader #1 for port 34819"  prio=5 tid=23 runnable
java.lang.Thread.State: RUNNABLE
        at sun.nio.ch.EPollArrayWrapper.epollWait(Native Method)
        at sun.nio.ch.EPollArrayWrapper.poll(EPollArrayWrapper.java:269)
        at sun.nio.ch.EPollSelectorImpl.doSelect(EPollSelectorImpl.java:93)
        at sun.nio.ch.SelectorImpl.lockAndDoSelect(SelectorImpl.java:86)
        at sun.nio.ch.SelectorImpl.select(SelectorImpl.java:97)
        at sun.nio.ch.SelectorImpl.select(SelectorImpl.java:101)
        at org.apache.hadoop.ipc.Server$Listener$Reader.doRunLoop(Server.java:1097)
        at org.apache.hadoop.ipc.Server$Listener$Reader.run(Server.java:1076)
"BlockDeletingService#0" daemon prio=5 tid=503 timed_waiting
java.lang.Thread.State: TIMED_WAITING
        at sun.misc.Unsafe.park(Native Method)
        at java.util.concurrent.locks.LockSupport.parkNanos(LockSupport.java:215)
        at java.util.concurrent.locks.AbstractQueuedSynchronizer$ConditionObject.awaitNanos(AbstractQueuedSynchronizer.java:2078)
        at java.util.concurrent.ScheduledThreadPoolExecutor$DelayedWorkQueue.take(ScheduledThreadPoolExecutor.java:1093)
        at java.util.concurrent.ScheduledThreadPoolExecutor$DelayedWorkQueue.take(ScheduledThreadPoolExecutor.java:809)
        at java.util.concurrent.ThreadPoolExecutor.getTask(ThreadPoolExecutor.java:1074)
        at java.util.concurrent.ThreadPoolExecutor.runWorker(ThreadPoolExecutor.java:1134)
        at java.util.concurrent.ThreadPoolExecutor$Worker.run(ThreadPoolExecutor.java:624)
        at java.lang.Thread.run(Thread.java:748)
"pool-26-thread-32"  prio=5 tid=323 in Object.wait()
java.lang.Thread.State: WAITING (on object monitor)
        at sun.misc.Unsafe.park(Native Method)
        at java.util.concurrent.locks.LockSupport.park(LockSupport.java:175)
        at java.util.concurrent.locks.AbstractQueuedSynchronizer$ConditionObject.await(AbstractQueuedSynchronizer.java:2039)
        at java.util.concurrent.ArrayBlockingQueue.take(ArrayBlockingQueue.java:403)
        at java.util.concurrent.ThreadPoolExecutor.getTask(ThreadPoolExecutor.java:1074)
        at java.util.concurrent.ThreadPoolExecutor.runWorker(ThreadPoolExecutor.java:1134)
        at java.util.concurrent.ThreadPoolExecutor$Worker.run(ThreadPoolExecutor.java:624)
        at java.lang.Thread.run(Thread.java:748)
"pool-56-thread-52"  prio=5 tid=491 in Object.wait()
java.lang.Thread.State: WAITING (on object monitor)
        at sun.misc.Unsafe.park(Native Method)
        at java.util.concurrent.locks.LockSupport.park(LockSupport.java:175)
        at java.util.concurrent.locks.AbstractQueuedSynchronizer$ConditionObject.await(AbstractQueuedSynchronizer.java:2039)
        at java.util.concurrent.ArrayBlockingQueue.take(ArrayBlockingQueue.java:403)
        at java.util.concurrent.ThreadPoolExecutor.getTask(ThreadPoolExecutor.java:1074)
        at java.util.concurrent.ThreadPoolExecutor.runWorker(ThreadPoolExecutor.java:1134)
        at java.util.concurrent.ThreadPoolExecutor$Worker.run(ThreadPoolExecutor.java:624)
        at java.lang.Thread.run(Thread.java:748)
"org.apache.hadoop.util.JvmPauseMonitor$Monitor@4b94095e" daemon prio=5 tid=203 timed_waiting
java.lang.Thread.State: TIMED_WAITING
        at java.lang.Thread.sleep(Native Method)
        at org.apache.hadoop.util.JvmPauseMonitor$Monitor.run(JvmPauseMonitor.java:192)
        at java.lang.Thread.run(Thread.java:748)
"pool-56-thread-38"  prio=5 tid=477 in Object.wait()
java.lang.Thread.State: WAITING (on object monitor)
        at sun.misc.Unsafe.park(Native Method)
        at java.util.concurrent.locks.LockSupport.park(LockSupport.java:175)
        at java.util.concurrent.locks.AbstractQueuedSynchronizer$ConditionObject.await(AbstractQueuedSynchronizer.java:2039)
        at java.util.concurrent.ArrayBlockingQueue.take(ArrayBlockingQueue.java:403)
        at java.util.concurrent.ThreadPoolExecutor.getTask(ThreadPoolExecutor.java:1074)
        at java.util.concurrent.ThreadPoolExecutor.runWorker(ThreadPoolExecutor.java:1134)
        at java.util.concurrent.ThreadPoolExecutor$Worker.run(ThreadPoolExecutor.java:624)
        at java.lang.Thread.run(Thread.java:748)
"pool-56-thread-1"  prio=5 tid=440 in Object.wait()
java.lang.Thread.State: WAITING (on object monitor)
        at sun.misc.Unsafe.park(Native Method)
        at java.util.concurrent.locks.LockSupport.park(LockSupport.java:175)
        at java.util.concurrent.locks.AbstractQueuedSynchronizer$ConditionObject.await(AbstractQueuedSynchronizer.java:2039)
        at java.util.concurrent.ArrayBlockingQueue.take(ArrayBlockingQueue.java:403)
        at java.util.concurrent.ThreadPoolExecutor.getTask(ThreadPoolExecutor.java:1074)
        at java.util.concurrent.ThreadPoolExecutor.runWorker(ThreadPoolExecutor.java:1134)
        at java.util.concurrent.ThreadPoolExecutor$Worker.run(ThreadPoolExecutor.java:624)
        at java.lang.Thread.run(Thread.java:748)
"pool-36-thread-51"  prio=5 tid=361 in Object.wait()
java.lang.Thread.State: WAITING (on object monitor)
        at sun.misc.Unsafe.park(Native Method)
        at java.util.concurrent.locks.LockSupport.park(LockSupport.java:175)
        at java.util.concurrent.locks.AbstractQueuedSynchronizer$ConditionObject.await(AbstractQueuedSynchronizer.java:2039)
        at java.util.concurrent.ArrayBlockingQueue.take(ArrayBlockingQueue.java:403)
        at java.util.concurrent.ThreadPoolExecutor.getTask(ThreadPoolExecutor.java:1074)
        at java.util.concurrent.ThreadPoolExecutor.runWorker(ThreadPoolExecutor.java:1134)
        at java.util.concurrent.ThreadPoolExecutor$Worker.run(ThreadPoolExecutor.java:624)
        at java.lang.Thread.run(Thread.java:748)
"pool-30-thread-1"  prio=5 tid=158 timed_waiting
java.lang.Thread.State: TIMED_WAITING
        at sun.misc.Unsafe.park(Native Method)
        at java.util.concurrent.locks.LockSupport.parkNanos(LockSupport.java:215)
        at java.util.concurrent.locks.AbstractQueuedSynchronizer$ConditionObject.awaitNanos(AbstractQueuedSynchronizer.java:2078)
        at java.util.concurrent.ScheduledThreadPoolExecutor$DelayedWorkQueue.take(ScheduledThreadPoolExecutor.java:1093)
        at java.util.concurrent.ScheduledThreadPoolExecutor$DelayedWorkQueue.take(ScheduledThreadPoolExecutor.java:809)
        at java.util.concurrent.ThreadPoolExecutor.getTask(ThreadPoolExecutor.java:1074)
        at java.util.concurrent.ThreadPoolExecutor.runWorker(ThreadPoolExecutor.java:1134)
        at java.util.concurrent.ThreadPoolExecutor$Worker.run(ThreadPoolExecutor.java:624)
        at java.lang.Thread.run(Thread.java:748)
"IPC Server handler 7 on 34339" daemon prio=5 tid=76 timed_waiting
java.lang.Thread.State: TIMED_WAITING
        at sun.misc.Unsafe.park(Native Method)
        at java.util.concurrent.locks.LockSupport.parkNanos(LockSupport.java:215)
        at java.util.concurrent.locks.AbstractQueuedSynchronizer$ConditionObject.awaitNanos(AbstractQueuedSynchronizer.java:2078)
        at java.util.concurrent.LinkedBlockingQueue.poll(LinkedBlockingQueue.java:467)
        at org.apache.hadoop.ipc.CallQueueManager.take(CallQueueManager.java:288)
        at org.apache.hadoop.ipc.Server$Handler.run(Server.java:2668)
"org.eclipse.jetty.server.session.HashSessionManager@673919a7Timer" daemon prio=5 tid=169 timed_waiting
java.lang.Thread.State: TIMED_WAITING
        at sun.misc.Unsafe.park(Native Method)
        at java.util.concurrent.locks.LockSupport.parkNanos(LockSupport.java:215)
        at java.util.concurrent.locks.AbstractQueuedSynchronizer$ConditionObject.awaitNanos(AbstractQueuedSynchronizer.java:2078)
        at java.util.concurrent.ScheduledThreadPoolExecutor$DelayedWorkQueue.take(ScheduledThreadPoolExecutor.java:1093)
        at java.util.concurrent.ScheduledThreadPoolExecutor$DelayedWorkQueue.take(ScheduledThreadPoolExecutor.java:809)
        at java.util.concurrent.ThreadPoolExecutor.getTask(ThreadPoolExecutor.java:1074)
        at java.util.concurrent.ThreadPoolExecutor.runWorker(ThreadPoolExecutor.java:1134)
        at java.util.concurrent.ThreadPoolExecutor$Worker.run(ThreadPoolExecutor.java:624)
        at java.lang.Thread.run(Thread.java:748)
"pool-56-thread-41"  prio=5 tid=480 in Object.wait()
java.lang.Thread.State: WAITING (on object monitor)
        at sun.misc.Unsafe.park(Native Method)
        at java.util.concurrent.locks.LockSupport.park(LockSupport.java:175)
        at java.util.concurrent.locks.AbstractQueuedSynchronizer$ConditionObject.await(AbstractQueuedSynchronizer.java:2039)
        at java.util.concurrent.ArrayBlockingQueue.take(ArrayBlockingQueue.java:403)
        at java.util.concurrent.ThreadPoolExecutor.getTask(ThreadPoolExecutor.java:1074)
        at java.util.concurrent.ThreadPoolExecutor.runWorker(ThreadPoolExecutor.java:1134)
        at java.util.concurrent.ThreadPoolExecutor$Worker.run(ThreadPoolExecutor.java:624)
        at java.lang.Thread.run(Thread.java:748)
"pool-26-thread-42"  prio=5 tid=343 in Object.wait()
java.lang.Thread.State: WAITING (on object monitor)
        at sun.misc.Unsafe.park(Native Method)
        at java.util.concurrent.locks.LockSupport.park(LockSupport.java:175)
        at java.util.concurrent.locks.AbstractQueuedSynchronizer$ConditionObject.await(AbstractQueuedSynchronizer.java:2039)
        at java.util.concurrent.ArrayBlockingQueue.take(ArrayBlockingQueue.java:403)
        at java.util.concurrent.ThreadPoolExecutor.getTask(ThreadPoolExecutor.java:1074)
        at java.util.concurrent.ThreadPoolExecutor.runWorker(ThreadPoolExecutor.java:1134)
        at java.util.concurrent.ThreadPoolExecutor$Worker.run(ThreadPoolExecutor.java:624)
        at java.lang.Thread.run(Thread.java:748)
"IPC Server handler 0 on 40088" daemon prio=5 tid=49 timed_waiting
java.lang.Thread.State: TIMED_WAITING
        at sun.misc.Unsafe.park(Native Method)
        at java.util.concurrent.locks.LockSupport.parkNanos(LockSupport.java:215)
        at java.util.concurrent.locks.AbstractQueuedSynchronizer$ConditionObject.awaitNanos(AbstractQueuedSynchronizer.java:2078)
        at java.util.concurrent.LinkedBlockingQueue.poll(LinkedBlockingQueue.java:467)
        at org.apache.hadoop.ipc.CallQueueManager.take(CallQueueManager.java:288)
        at org.apache.hadoop.ipc.Server$Handler.run(Server.java:2668)
"IPC Server idle connection scanner for port 34339" daemon prio=5 tid=16 timed_waiting
java.lang.Thread.State: TIMED_WAITING
        at java.lang.Object.wait(Native Method)
        at java.util.TimerThread.mainLoop(Timer.java:552)
        at java.util.TimerThread.run(Timer.java:505)
"pool-46-thread-19"  prio=5 tid=398 in Object.wait()
java.lang.Thread.State: WAITING (on object monitor)
        at sun.misc.Unsafe.park(Native Method)
        at java.util.concurrent.locks.LockSupport.park(LockSupport.java:175)
        at java.util.concurrent.locks.AbstractQueuedSynchronizer$ConditionObject.await(AbstractQueuedSynchronizer.java:2039)
        at java.util.concurrent.ArrayBlockingQueue.take(ArrayBlockingQueue.java:403)
        at java.util.concurrent.ThreadPoolExecutor.getTask(ThreadPoolExecutor.java:1074)
        at java.util.concurrent.ThreadPoolExecutor.runWorker(ThreadPoolExecutor.java:1134)
        at java.util.concurrent.ThreadPoolExecutor$Worker.run(ThreadPoolExecutor.java:624)
        at java.lang.Thread.run(Thread.java:748)
"pool-36-thread-13"  prio=5 tid=284 in Object.wait()
java.lang.Thread.State: WAITING (on object monitor)
        at sun.misc.Unsafe.park(Native Method)
        at java.util.concurrent.locks.LockSupport.park(LockSupport.java:175)
        at java.util.concurrent.locks.AbstractQueuedSynchronizer$ConditionObject.await(AbstractQueuedSynchronizer.java:2039)
        at java.util.concurrent.ArrayBlockingQueue.take(ArrayBlockingQueue.java:403)
        at java.util.concurrent.ThreadPoolExecutor.getTask(ThreadPoolExecutor.java:1074)
        at java.util.concurrent.ThreadPoolExecutor.runWorker(ThreadPoolExecutor.java:1134)
        at java.util.concurrent.ThreadPoolExecutor$Worker.run(ThreadPoolExecutor.java:624)
        at java.lang.Thread.run(Thread.java:748)
"40d2d32e-dd25-45df-8070-f9dc56ccf0a7@group-55D76DFF5FC3-StateMachineUpdater" daemon prio=5 tid=526 in Object.wait()
java.lang.Thread.State: WAITING (on object monitor)
        at java.lang.Object.wait(Native Method)
        at java.lang.Object.wait(Object.java:502)
        at org.apache.ratis.server.impl.StateMachineUpdater.waitForCommit(StateMachineUpdater.java:194)
        at org.apache.ratis.server.impl.StateMachineUpdater.run(StateMachineUpdater.java:159)
        at java.lang.Thread.run(Thread.java:748)
"pool-46-thread-21"  prio=5 tid=400 in Object.wait()
java.lang.Thread.State: WAITING (on object monitor)
        at sun.misc.Unsafe.park(Native Method)
        at java.util.concurrent.locks.LockSupport.park(LockSupport.java:175)
        at java.util.concurrent.locks.AbstractQueuedSynchronizer$ConditionObject.await(AbstractQueuedSynchronizer.java:2039)
        at java.util.concurrent.ArrayBlockingQueue.take(ArrayBlockingQueue.java:403)
        at java.util.concurrent.ThreadPoolExecutor.getTask(ThreadPoolExecutor.java:1074)
        at java.util.concurrent.ThreadPoolExecutor.runWorker(ThreadPoolExecutor.java:1134)
        at java.util.concurrent.ThreadPoolExecutor$Worker.run(ThreadPoolExecutor.java:624)
        at java.lang.Thread.run(Thread.java:748)
"Timer-1" daemon prio=5 tid=149 timed_waiting
java.lang.Thread.State: TIMED_WAITING
        at java.lang.Object.wait(Native Method)
        at java.util.TimerThread.mainLoop(Timer.java:552)
        at java.util.TimerThread.run(Timer.java:505)
"BlockDeletingService#1" daemon prio=5 tid=505 in Object.wait()
java.lang.Thread.State: WAITING (on object monitor)
        at sun.misc.Unsafe.park(Native Method)
        at java.util.concurrent.locks.LockSupport.park(LockSupport.java:175)
        at java.util.concurrent.locks.AbstractQueuedSynchronizer$ConditionObject.await(AbstractQueuedSynchronizer.java:2039)
        at java.util.concurrent.ScheduledThreadPoolExecutor$DelayedWorkQueue.take(ScheduledThreadPoolExecutor.java:1088)
        at java.util.concurrent.ScheduledThreadPoolExecutor$DelayedWorkQueue.take(ScheduledThreadPoolExecutor.java:809)
        at java.util.concurrent.ThreadPoolExecutor.getTask(ThreadPoolExecutor.java:1074)
        at java.util.concurrent.ThreadPoolExecutor.runWorker(ThreadPoolExecutor.java:1134)
        at java.util.concurrent.ThreadPoolExecutor$Worker.run(ThreadPoolExecutor.java:624)
        at java.lang.Thread.run(Thread.java:748)
"grpc-default-executor-0" daemon prio=5 tid=519 timed_waiting
java.lang.Thread.State: TIMED_WAITING
        at sun.misc.Unsafe.park(Native Method)
        at java.util.concurrent.locks.LockSupport.parkNanos(LockSupport.java:215)
        at java.util.concurrent.SynchronousQueue$TransferStack.awaitFulfill(SynchronousQueue.java:460)
        at java.util.concurrent.SynchronousQueue$TransferStack.transfer(SynchronousQueue.java:362)
        at java.util.concurrent.SynchronousQueue.poll(SynchronousQueue.java:941)
        at java.util.concurrent.ThreadPoolExecutor.getTask(ThreadPoolExecutor.java:1073)
        at java.util.concurrent.ThreadPoolExecutor.runWorker(ThreadPoolExecutor.java:1134)
        at java.util.concurrent.ThreadPoolExecutor$Worker.run(ThreadPoolExecutor.java:624)
        at java.lang.Thread.run(Thread.java:748)
"BlockDeletingService#0" daemon prio=5 tid=501 timed_waiting
java.lang.Thread.State: TIMED_WAITING
        at sun.misc.Unsafe.park(Native Method)
        at java.util.concurrent.locks.LockSupport.parkNanos(LockSupport.java:215)
        at java.util.concurrent.locks.AbstractQueuedSynchronizer$ConditionObject.awaitNanos(AbstractQueuedSynchronizer.java:2078)
        at java.util.concurrent.ScheduledThreadPoolExecutor$DelayedWorkQueue.take(ScheduledThreadPoolExecutor.java:1093)
        at java.util.concurrent.ScheduledThreadPoolExecutor$DelayedWorkQueue.take(ScheduledThreadPoolExecutor.java:809)
        at java.util.concurrent.ThreadPoolExecutor.getTask(ThreadPoolExecutor.java:1074)
        at java.util.concurrent.ThreadPoolExecutor.runWorker(ThreadPoolExecutor.java:1134)
        at java.util.concurrent.ThreadPoolExecutor$Worker.run(ThreadPoolExecutor.java:624)
        at java.lang.Thread.run(Thread.java:748)
"pool-46-thread-13"  prio=5 tid=392 in Object.wait()
java.lang.Thread.State: WAITING (on object monitor)
        at sun.misc.Unsafe.park(Native Method)
        at java.util.concurrent.locks.LockSupport.park(LockSupport.java:175)
        at java.util.concurrent.locks.AbstractQueuedSynchronizer$ConditionObject.await(AbstractQueuedSynchronizer.java:2039)
        at java.util.concurrent.ArrayBlockingQueue.take(ArrayBlockingQueue.java:403)
        at java.util.concurrent.ThreadPoolExecutor.getTask(ThreadPoolExecutor.java:1074)
        at java.util.concurrent.ThreadPoolExecutor.runWorker(ThreadPoolExecutor.java:1134)
        at java.util.concurrent.ThreadPoolExecutor$Worker.run(ThreadPoolExecutor.java:624)
        at java.lang.Thread.run(Thread.java:748)
"486e836e-12f0-4f28-9a7f-6d6b2ff2cce2@group-23589E98DA8C-StateMachineUpdater" daemon prio=5 tid=563 in Object.wait()
java.lang.Thread.State: WAITING (on object monitor)
        at java.lang.Object.wait(Native Method)
        at java.lang.Object.wait(Object.java:502)
        at org.apache.ratis.server.impl.StateMachineUpdater.waitForCommit(StateMachineUpdater.java:194)
        at org.apache.ratis.server.impl.StateMachineUpdater.run(StateMachineUpdater.java:159)
        at java.lang.Thread.run(Thread.java:748)
"pool-56-thread-26"  prio=5 tid=465 in Object.wait()
java.lang.Thread.State: WAITING (on object monitor)
        at sun.misc.Unsafe.park(Native Method)
        at java.util.concurrent.locks.LockSupport.park(LockSupport.java:175)
        at java.util.concurrent.locks.AbstractQueuedSynchronizer$ConditionObject.await(AbstractQueuedSynchronizer.java:2039)
        at java.util.concurrent.ArrayBlockingQueue.take(ArrayBlockingQueue.java:403)
        at java.util.concurrent.ThreadPoolExecutor.getTask(ThreadPoolExecutor.java:1074)
        at java.util.concurrent.ThreadPoolExecutor.runWorker(ThreadPoolExecutor.java:1134)
        at java.util.concurrent.ThreadPoolExecutor$Worker.run(ThreadPoolExecutor.java:624)
        at java.lang.Thread.run(Thread.java:748)
"pool-36-thread-21"  prio=5 tid=300 in Object.wait()
java.lang.Thread.State: WAITING (on object monitor)
        at sun.misc.Unsafe.park(Native Method)
        at java.util.concurrent.locks.LockSupport.park(LockSupport.java:175)
        at java.util.concurrent.locks.AbstractQueuedSynchronizer$ConditionObject.await(AbstractQueuedSynchronizer.java:2039)
        at java.util.concurrent.ArrayBlockingQueue.take(ArrayBlockingQueue.java:403)
        at java.util.concurrent.ThreadPoolExecutor.getTask(ThreadPoolExecutor.java:1074)
        at java.util.concurrent.ThreadPoolExecutor.runWorker(ThreadPoolExecutor.java:1134)
        at java.util.concurrent.ThreadPoolExecutor$Worker.run(ThreadPoolExecutor.java:624)
        at java.lang.Thread.run(Thread.java:748)
"metrics-hadoop-metrics2-reporter-1-thread-1" daemon prio=5 tid=524 timed_waiting
java.lang.Thread.State: TIMED_WAITING
        at sun.misc.Unsafe.park(Native Method)
        at java.util.concurrent.locks.LockSupport.parkNanos(LockSupport.java:215)
        at java.util.concurrent.locks.AbstractQueuedSynchronizer$ConditionObject.awaitNanos(AbstractQueuedSynchronizer.java:2078)
        at java.util.concurrent.ScheduledThreadPoolExecutor$DelayedWorkQueue.take(ScheduledThreadPoolExecutor.java:1093)
        at java.util.concurrent.ScheduledThreadPoolExecutor$DelayedWorkQueue.take(ScheduledThreadPoolExecutor.java:809)
        at java.util.concurrent.ThreadPoolExecutor.getTask(ThreadPoolExecutor.java:1074)
        at java.util.concurrent.ThreadPoolExecutor.runWorker(ThreadPoolExecutor.java:1134)
        at java.util.concurrent.ThreadPoolExecutor$Worker.run(ThreadPoolExecutor.java:624)
        at java.lang.Thread.run(Thread.java:748)
"IPC Server handler 10 on 38234" daemon prio=5 tid=125 timed_waiting
java.lang.Thread.State: TIMED_WAITING
        at sun.misc.Unsafe.park(Native Method)
        at java.util.concurrent.locks.LockSupport.parkNanos(LockSupport.java:215)
        at java.util.concurrent.locks.AbstractQueuedSynchronizer$ConditionObject.awaitNanos(AbstractQueuedSynchronizer.java:2078)
        at java.util.concurrent.LinkedBlockingQueue.poll(LinkedBlockingQueue.java:467)
        at org.apache.hadoop.ipc.CallQueueManager.take(CallQueueManager.java:288)
        at org.apache.hadoop.ipc.Server$Handler.run(Server.java:2668)
"pool-56-thread-36"  prio=5 tid=475 in Object.wait()
java.lang.Thread.State: WAITING (on object monitor)
        at sun.misc.Unsafe.park(Native Method)
        at java.util.concurrent.locks.LockSupport.park(LockSupport.java:175)
        at java.util.concurrent.locks.AbstractQueuedSynchronizer$ConditionObject.await(AbstractQueuedSynchronizer.java:2039)
        at java.util.concurrent.ArrayBlockingQueue.take(ArrayBlockingQueue.java:403)
        at java.util.concurrent.ThreadPoolExecutor.getTask(ThreadPoolExecutor.java:1074)
        at java.util.concurrent.ThreadPoolExecutor.runWorker(ThreadPoolExecutor.java:1134)
        at java.util.concurrent.ThreadPoolExecutor$Worker.run(ThreadPoolExecutor.java:624)
        at java.lang.Thread.run(Thread.java:748)
"pool-46-thread-7"  prio=5 tid=386 in Object.wait()
java.lang.Thread.State: WAITING (on object monitor)
        at sun.misc.Unsafe.park(Native Method)
        at java.util.concurrent.locks.LockSupport.park(LockSupport.java:175)
        at java.util.concurrent.locks.AbstractQueuedSynchronizer$ConditionObject.await(AbstractQueuedSynchronizer.java:2039)
        at java.util.concurrent.ArrayBlockingQueue.take(ArrayBlockingQueue.java:403)
        at java.util.concurrent.ThreadPoolExecutor.getTask(ThreadPoolExecutor.java:1074)
        at java.util.concurrent.ThreadPoolExecutor.runWorker(ThreadPoolExecutor.java:1134)
        at java.util.concurrent.ThreadPoolExecutor$Worker.run(ThreadPoolExecutor.java:624)
        at java.lang.Thread.run(Thread.java:748)
"IPC Server Responder" daemon prio=5 tid=110 runnable
java.lang.Thread.State: RUNNABLE
        at sun.nio.ch.EPollArrayWrapper.epollWait(Native Method)
        at sun.nio.ch.EPollArrayWrapper.poll(EPollArrayWrapper.java:269)
        at sun.nio.ch.EPollSelectorImpl.doSelect(EPollSelectorImpl.java:93)
        at sun.nio.ch.SelectorImpl.lockAndDoSelect(SelectorImpl.java:86)
        at sun.nio.ch.SelectorImpl.select(SelectorImpl.java:97)
        at org.apache.hadoop.ipc.Server$Responder.doRunLoop(Server.java:1334)
        at org.apache.hadoop.ipc.Server$Responder.run(Server.java:1317)
"pool-46-thread-49"  prio=5 tid=428 in Object.wait()
java.lang.Thread.State: WAITING (on object monitor)
        at sun.misc.Unsafe.park(Native Method)
        at java.util.concurrent.locks.LockSupport.park(LockSupport.java:175)
        at java.util.concurrent.locks.AbstractQueuedSynchronizer$ConditionObject.await(AbstractQueuedSynchronizer.java:2039)
        at java.util.concurrent.ArrayBlockingQueue.take(ArrayBlockingQueue.java:403)
        at java.util.concurrent.ThreadPoolExecutor.getTask(ThreadPoolExecutor.java:1074)
        at java.util.concurrent.ThreadPoolExecutor.runWorker(ThreadPoolExecutor.java:1134)
        at java.util.concurrent.ThreadPoolExecutor$Worker.run(ThreadPoolExecutor.java:624)
        at java.lang.Thread.run(Thread.java:748)
"metrics-hadoop-metrics2-reporter-24-thread-1" daemon prio=5 tid=585 timed_waiting
java.lang.Thread.State: TIMED_WAITING
        at sun.misc.Unsafe.park(Native Method)
        at java.util.concurrent.locks.LockSupport.parkNanos(LockSupport.java:215)
        at java.util.concurrent.locks.AbstractQueuedSynchronizer$ConditionObject.awaitNanos(AbstractQueuedSynchronizer.java:2078)
        at java.util.concurrent.ScheduledThreadPoolExecutor$DelayedWorkQueue.take(ScheduledThreadPoolExecutor.java:1093)
        at java.util.concurrent.ScheduledThreadPoolExecutor$DelayedWorkQueue.take(ScheduledThreadPoolExecutor.java:809)
        at java.util.concurrent.ThreadPoolExecutor.getTask(ThreadPoolExecutor.java:1074)
        at java.util.concurrent.ThreadPoolExecutor.runWorker(ThreadPoolExecutor.java:1134)
        at java.util.concurrent.ThreadPoolExecutor$Worker.run(ThreadPoolExecutor.java:624)
        at java.lang.Thread.run(Thread.java:748)
"Datanode State Machine Thread - 0" daemon prio=5 tid=224 timed_waiting
java.lang.Thread.State: TIMED_WAITING
        at java.lang.Thread.sleep(Native Method)
        at org.apache.hadoop.ozone.container.common.statemachine.DatanodeStateMachine.start(DatanodeStateMachine.java:191)
        at org.apache.hadoop.ozone.container.common.statemachine.DatanodeStateMachine.lambda$startDaemon$0(DatanodeStateMachine.java:349)
        at org.apache.hadoop.ozone.container.common.statemachine.DatanodeStateMachine$$Lambda$140/1282899579.run(Unknown Source)
        at java.lang.Thread.run(Thread.java:748)
"IPC Server handler 11 on 34819" daemon prio=5 tid=40 timed_waiting
java.lang.Thread.State: TIMED_WAITING
        at sun.misc.Unsafe.park(Native Method)
        at java.util.concurrent.locks.LockSupport.parkNanos(LockSupport.java:215)
        at java.util.concurrent.locks.AbstractQueuedSynchronizer$ConditionObject.awaitNanos(AbstractQueuedSynchronizer.java:2078)
        at java.util.concurrent.LinkedBlockingQueue.poll(LinkedBlockingQueue.java:467)
        at org.apache.hadoop.ipc.CallQueueManager.take(CallQueueManager.java:288)
        at org.apache.hadoop.ipc.Server$Handler.run(Server.java:2668)
"pool-46-thread-38"  prio=5 tid=417 in Object.wait()
java.lang.Thread.State: WAITING (on object monitor)
        at sun.misc.Unsafe.park(Native Method)
        at java.util.concurrent.locks.LockSupport.park(LockSupport.java:175)
        at java.util.concurrent.locks.AbstractQueuedSynchronizer$ConditionObject.await(AbstractQueuedSynchronizer.java:2039)
        at java.util.concurrent.ArrayBlockingQueue.take(ArrayBlockingQueue.java:403)
        at java.util.concurrent.ThreadPoolExecutor.getTask(ThreadPoolExecutor.java:1074)
        at java.util.concurrent.ThreadPoolExecutor.runWorker(ThreadPoolExecutor.java:1134)
        at java.util.concurrent.ThreadPoolExecutor$Worker.run(ThreadPoolExecutor.java:624)
        at java.lang.Thread.run(Thread.java:748)
"pool-56-thread-30"  prio=5 tid=469 in Object.wait()
java.lang.Thread.State: WAITING (on object monitor)
        at sun.misc.Unsafe.park(Native Method)
        at java.util.concurrent.locks.LockSupport.park(LockSupport.java:175)
        at java.util.concurrent.locks.AbstractQueuedSynchronizer$ConditionObject.await(AbstractQueuedSynchronizer.java:2039)
        at java.util.concurrent.ArrayBlockingQueue.take(ArrayBlockingQueue.java:403)
        at java.util.concurrent.ThreadPoolExecutor.getTask(ThreadPoolExecutor.java:1074)
        at java.util.concurrent.ThreadPoolExecutor.runWorker(ThreadPoolExecutor.java:1134)
        at java.util.concurrent.ThreadPoolExecutor$Worker.run(ThreadPoolExecutor.java:624)
        at java.lang.Thread.run(Thread.java:748)
"qtp1080561710-163" daemon prio=5 tid=163 timed_waiting
java.lang.Thread.State: TIMED_WAITING
        at sun.misc.Unsafe.park(Native Method)
        at java.util.concurrent.locks.LockSupport.parkNanos(LockSupport.java:215)
        at java.util.concurrent.locks.AbstractQueuedSynchronizer$ConditionObject.awaitNanos(AbstractQueuedSynchronizer.java:2078)
        at org.eclipse.jetty.util.BlockingArrayQueue.poll(BlockingArrayQueue.java:392)
        at org.eclipse.jetty.util.thread.QueuedThreadPool.idleJobPoll(QueuedThreadPool.java:563)
        at org.eclipse.jetty.util.thread.QueuedThreadPool.access$800(QueuedThreadPool.java:48)
        at org.eclipse.jetty.util.thread.QueuedThreadPool$2.run(QueuedThreadPool.java:626)
        at java.lang.Thread.run(Thread.java:748)
"metrics-hadoop-metrics2-reporter-29-thread-1" daemon prio=5 tid=608 timed_waiting
java.lang.Thread.State: TIMED_WAITING
        at sun.misc.Unsafe.park(Native Method)
        at java.util.concurrent.locks.LockSupport.parkNanos(LockSupport.java:215)
        at java.util.concurrent.locks.AbstractQueuedSynchronizer$ConditionObject.awaitNanos(AbstractQueuedSynchronizer.java:2078)
        at java.util.concurrent.ScheduledThreadPoolExecutor$DelayedWorkQueue.take(ScheduledThreadPoolExecutor.java:1093)
        at java.util.concurrent.ScheduledThreadPoolExecutor$DelayedWorkQueue.take(ScheduledThreadPoolExecutor.java:809)
        at java.util.concurrent.ThreadPoolExecutor.getTask(ThreadPoolExecutor.java:1074)
        at java.util.concurrent.ThreadPoolExecutor.runWorker(ThreadPoolExecutor.java:1134)
        at java.util.concurrent.ThreadPoolExecutor$Worker.run(ThreadPoolExecutor.java:624)
        at java.lang.Thread.run(Thread.java:748)
"qtp707892422-193" daemon prio=5 tid=193 timed_waiting
java.lang.Thread.State: TIMED_WAITING
        at sun.misc.Unsafe.park(Native Method)
        at java.util.concurrent.locks.LockSupport.parkNanos(LockSupport.java:215)
        at java.util.concurrent.locks.AbstractQueuedSynchronizer$ConditionObject.awaitNanos(AbstractQueuedSynchronizer.java:2078)
        at org.eclipse.jetty.util.BlockingArrayQueue.poll(BlockingArrayQueue.java:392)
        at org.eclipse.jetty.util.thread.QueuedThreadPool.idleJobPoll(QueuedThreadPool.java:563)
        at org.eclipse.jetty.util.thread.QueuedThreadPool.access$800(QueuedThreadPool.java:48)
        at org.eclipse.jetty.util.thread.QueuedThreadPool$2.run(QueuedThreadPool.java:626)
        at java.lang.Thread.run(Thread.java:748)
"java.util.concurrent.ThreadPoolExecutor$Worker@2d5ecaa3[State = -1, empty queue]" daemon prio=5 tid=733 timed_waiting
java.lang.Thread.State: TIMED_WAITING
        at sun.misc.Unsafe.park(Native Method)
        at java.util.concurrent.locks.LockSupport.parkNanos(LockSupport.java:215)
        at java.util.concurrent.locks.AbstractQueuedSynchronizer$ConditionObject.awaitNanos(AbstractQueuedSynchronizer.java:2078)
        at java.util.concurrent.ScheduledThreadPoolExecutor$DelayedWorkQueue.take(ScheduledThreadPoolExecutor.java:1093)
        at java.util.concurrent.ScheduledThreadPoolExecutor$DelayedWorkQueue.take(ScheduledThreadPoolExecutor.java:809)
        at java.util.concurrent.ThreadPoolExecutor.getTask(ThreadPoolExecutor.java:1074)
        at java.util.concurrent.ThreadPoolExecutor.runWorker(ThreadPoolExecutor.java:1134)
        at java.util.concurrent.ThreadPoolExecutor$Worker.run(ThreadPoolExecutor.java:624)
        at java.lang.Thread.run(Thread.java:748)
"pool-56-thread-48"  prio=5 tid=487 in Object.wait()
java.lang.Thread.State: WAITING (on object monitor)
        at sun.misc.Unsafe.park(Native Method)
        at java.util.concurrent.locks.LockSupport.park(LockSupport.java:175)
        at java.util.concurrent.locks.AbstractQueuedSynchronizer$ConditionObject.await(AbstractQueuedSynchronizer.java:2039)
        at java.util.concurrent.ArrayBlockingQueue.take(ArrayBlockingQueue.java:403)
        at java.util.concurrent.ThreadPoolExecutor.getTask(ThreadPoolExecutor.java:1074)
        at java.util.concurrent.ThreadPoolExecutor.runWorker(ThreadPoolExecutor.java:1134)
        at java.util.concurrent.ThreadPoolExecutor$Worker.run(ThreadPoolExecutor.java:624)
        at java.lang.Thread.run(Thread.java:748)
"KeyDeletingService#0" daemon prio=5 tid=113 timed_waiting
java.lang.Thread.State: TIMED_WAITING
        at sun.misc.Unsafe.park(Native Method)
        at java.util.concurrent.locks.LockSupport.parkNanos(LockSupport.java:215)
        at java.util.concurrent.locks.AbstractQueuedSynchronizer$ConditionObject.awaitNanos(AbstractQueuedSynchronizer.java:2078)
        at java.util.concurrent.ScheduledThreadPoolExecutor$DelayedWorkQueue.take(ScheduledThreadPoolExecutor.java:1093)
        at java.util.concurrent.ScheduledThreadPoolExecutor$DelayedWorkQueue.take(ScheduledThreadPoolExecutor.java:809)
        at java.util.concurrent.ThreadPoolExecutor.getTask(ThreadPoolExecutor.java:1074)
        at java.util.concurrent.ThreadPoolExecutor.runWorker(ThreadPoolExecutor.java:1134)
        at java.util.concurrent.ThreadPoolExecutor$Worker.run(ThreadPoolExecutor.java:624)
        at java.lang.Thread.run(Thread.java:748)
"pool-46-thread-52"  prio=5 tid=431 in Object.wait()
java.lang.Thread.State: WAITING (on object monitor)
        at sun.misc.Unsafe.park(Native Method)
        at java.util.concurrent.locks.LockSupport.park(LockSupport.java:175)
        at java.util.concurrent.locks.AbstractQueuedSynchronizer$ConditionObject.await(AbstractQueuedSynchronizer.java:2039)
        at java.util.concurrent.ArrayBlockingQueue.take(ArrayBlockingQueue.java:403)
        at java.util.concurrent.ThreadPoolExecutor.getTask(ThreadPoolExecutor.java:1074)
        at java.util.concurrent.ThreadPoolExecutor.runWorker(ThreadPoolExecutor.java:1134)
        at java.util.concurrent.ThreadPoolExecutor$Worker.run(ThreadPoolExecutor.java:624)
        at java.lang.Thread.run(Thread.java:748)
"IPC Server handler 8 on 38234" daemon prio=5 tid=122 timed_waiting
java.lang.Thread.State: TIMED_WAITING
        at sun.misc.Unsafe.park(Native Method)
        at java.util.concurrent.locks.LockSupport.parkNanos(LockSupport.java:215)
        at java.util.concurrent.locks.AbstractQueuedSynchronizer$ConditionObject.awaitNanos(AbstractQueuedSynchronizer.java:2078)
        at java.util.concurrent.LinkedBlockingQueue.poll(LinkedBlockingQueue.java:467)
        at org.apache.hadoop.ipc.CallQueueManager.take(CallQueueManager.java:288)
        at org.apache.hadoop.ipc.Server$Handler.run(Server.java:2668)
"Thread-2577" daemon prio=5 tid=2968 timed_waiting
java.lang.Thread.State: TIMED_WAITING
        at java.lang.Thread.sleep(Native Method)
        at org.apache.ratis.util.JavaUtils.sleep(JavaUtils.java:247)
        at org.apache.ratis.server.impl.FollowerState.run(FollowerState.java:97)
"grpc-default-executor-1" daemon prio=5 tid=571 timed_waiting
java.lang.Thread.State: TIMED_WAITING
        at sun.misc.Unsafe.park(Native Method)
        at java.util.concurrent.locks.LockSupport.parkNanos(LockSupport.java:215)
        at java.util.concurrent.SynchronousQueue$TransferStack.awaitFulfill(SynchronousQueue.java:460)
        at java.util.concurrent.SynchronousQueue$TransferStack.transfer(SynchronousQueue.java:362)
        at java.util.concurrent.SynchronousQueue.poll(SynchronousQueue.java:941)
        at java.util.concurrent.ThreadPoolExecutor.getTask(ThreadPoolExecutor.java:1073)
        at java.util.concurrent.ThreadPoolExecutor.runWorker(ThreadPoolExecutor.java:1134)
        at java.util.concurrent.ThreadPoolExecutor$Worker.run(ThreadPoolExecutor.java:624)
        at java.lang.Thread.run(Thread.java:748)
"pool-46-thread-51"  prio=5 tid=430 in Object.wait()
java.lang.Thread.State: WAITING (on object monitor)
        at sun.misc.Unsafe.park(Native Method)
        at java.util.concurrent.locks.LockSupport.park(LockSupport.java:175)
        at java.util.concurrent.locks.AbstractQueuedSynchronizer$ConditionObject.await(AbstractQueuedSynchronizer.java:2039)
        at java.util.concurrent.ArrayBlockingQueue.take(ArrayBlockingQueue.java:403)
        at java.util.concurrent.ThreadPoolExecutor.getTask(ThreadPoolExecutor.java:1074)
        at java.util.concurrent.ThreadPoolExecutor.runWorker(ThreadPoolExecutor.java:1134)
        at java.util.concurrent.ThreadPoolExecutor$Worker.run(ThreadPoolExecutor.java:624)
        at java.lang.Thread.run(Thread.java:748)
"Datanode ReportManager Thread - 1" daemon prio=5 tid=226 in Object.wait()
java.lang.Thread.State: WAITING (on object monitor)
        at sun.misc.Unsafe.park(Native Method)
        at java.util.concurrent.locks.LockSupport.park(LockSupport.java:175)
        at java.util.concurrent.locks.AbstractQueuedSynchronizer$ConditionObject.await(AbstractQueuedSynchronizer.java:2039)
        at java.util.concurrent.ScheduledThreadPoolExecutor$DelayedWorkQueue.take(ScheduledThreadPoolExecutor.java:1088)
        at java.util.concurrent.ScheduledThreadPoolExecutor$DelayedWorkQueue.take(ScheduledThreadPoolExecutor.java:809)
        at java.util.concurrent.ThreadPoolExecutor.getTask(ThreadPoolExecutor.java:1074)
        at java.util.concurrent.ThreadPoolExecutor.runWorker(ThreadPoolExecutor.java:1134)
        at java.util.concurrent.ThreadPoolExecutor$Worker.run(ThreadPoolExecutor.java:624)
        at java.lang.Thread.run(Thread.java:748)
"org.eclipse.jetty.server.session.HashSessionManager@75ae4a1fTimer" daemon prio=5 tid=223 timed_waiting
java.lang.Thread.State: TIMED_WAITING
        at sun.misc.Unsafe.park(Native Method)
        at java.util.concurrent.locks.LockSupport.parkNanos(LockSupport.java:215)
        at java.util.concurrent.locks.AbstractQueuedSynchronizer$ConditionObject.awaitNanos(AbstractQueuedSynchronizer.java:2078)
        at java.util.concurrent.ScheduledThreadPoolExecutor$DelayedWorkQueue.take(ScheduledThreadPoolExecutor.java:1093)
        at java.util.concurrent.ScheduledThreadPoolExecutor$DelayedWorkQueue.take(ScheduledThreadPoolExecutor.java:809)
        at java.util.concurrent.ThreadPoolExecutor.getTask(ThreadPoolExecutor.java:1074)
        at java.util.concurrent.ThreadPoolExecutor.runWorker(ThreadPoolExecutor.java:1134)
        at java.util.concurrent.ThreadPoolExecutor$Worker.run(ThreadPoolExecutor.java:624)
        at java.lang.Thread.run(Thread.java:748)
"pool-26-thread-1"  prio=5 tid=261 in Object.wait()
java.lang.Thread.State: WAITING (on object monitor)
        at sun.misc.Unsafe.park(Native Method)
        at java.util.concurrent.locks.LockSupport.park(LockSupport.java:175)
        at java.util.concurrent.locks.AbstractQueuedSynchronizer$ConditionObject.await(AbstractQueuedSynchronizer.java:2039)
        at java.util.concurrent.ArrayBlockingQueue.take(ArrayBlockingQueue.java:403)
        at java.util.concurrent.ThreadPoolExecutor.getTask(ThreadPoolExecutor.java:1074)
        at java.util.concurrent.ThreadPoolExecutor.runWorker(ThreadPoolExecutor.java:1134)
        at java.util.concurrent.ThreadPoolExecutor$Worker.run(ThreadPoolExecutor.java:624)
        at java.lang.Thread.run(Thread.java:748)
"486e836e-12f0-4f28-9a7f-6d6b2ff2cce2@group-23589E98DA8C-SegmentedRaftLogWorker"  prio=5 tid=562 timed_waiting
java.lang.Thread.State: TIMED_WAITING
        at sun.misc.Unsafe.park(Native Method)
        at java.util.concurrent.locks.LockSupport.parkNanos(LockSupport.java:215)
        at java.util.concurrent.locks.AbstractQueuedSynchronizer$ConditionObject.awaitNanos(AbstractQueuedSynchronizer.java:2078)
        at org.apache.ratis.util.DataBlockingQueue.poll(DataBlockingQueue.java:137)
        at org.apache.ratis.server.raftlog.segmented.SegmentedRaftLogWorker.run(SegmentedRaftLogWorker.java:282)
        at java.lang.Thread.run(Thread.java:748)
"pool-26-thread-54"  prio=5 tid=366 in Object.wait()
java.lang.Thread.State: WAITING (on object monitor)
        at sun.misc.Unsafe.park(Native Method)
        at java.util.concurrent.locks.LockSupport.park(LockSupport.java:175)
        at java.util.concurrent.locks.AbstractQueuedSynchronizer$ConditionObject.await(AbstractQueuedSynchronizer.java:2039)
        at java.util.concurrent.ArrayBlockingQueue.take(ArrayBlockingQueue.java:403)
        at java.util.concurrent.ThreadPoolExecutor.getTask(ThreadPoolExecutor.java:1074)
        at java.util.concurrent.ThreadPoolExecutor.runWorker(ThreadPoolExecutor.java:1134)
        at java.util.concurrent.ThreadPoolExecutor$Worker.run(ThreadPoolExecutor.java:624)
        at java.lang.Thread.run(Thread.java:748)
"pool-56-thread-5"  prio=5 tid=444 in Object.wait()
java.lang.Thread.State: WAITING (on object monitor)
        at sun.misc.Unsafe.park(Native Method)
        at java.util.concurrent.locks.LockSupport.park(LockSupport.java:175)
        at java.util.concurrent.locks.AbstractQueuedSynchronizer$ConditionObject.await(AbstractQueuedSynchronizer.java:2039)
        at java.util.concurrent.ArrayBlockingQueue.take(ArrayBlockingQueue.java:403)
        at java.util.concurrent.ThreadPoolExecutor.getTask(ThreadPoolExecutor.java:1074)
        at java.util.concurrent.ThreadPoolExecutor.runWorker(ThreadPoolExecutor.java:1134)
        at java.util.concurrent.ThreadPoolExecutor$Worker.run(ThreadPoolExecutor.java:624)
        at java.lang.Thread.run(Thread.java:748)
"IPC Server handler 6 on 40088" daemon prio=5 tid=55 timed_waiting
java.lang.Thread.State: TIMED_WAITING
        at sun.misc.Unsafe.park(Native Method)
        at java.util.concurrent.locks.LockSupport.parkNanos(LockSupport.java:215)
        at java.util.concurrent.locks.AbstractQueuedSynchronizer$ConditionObject.awaitNanos(AbstractQueuedSynchronizer.java:2078)
        at java.util.concurrent.LinkedBlockingQueue.poll(LinkedBlockingQueue.java:467)
        at org.apache.hadoop.ipc.CallQueueManager.take(CallQueueManager.java:288)
        at org.apache.hadoop.ipc.Server$Handler.run(Server.java:2668)
"metrics-hadoop-metrics2-reporter-25-thread-1" daemon prio=5 tid=590 timed_waiting
java.lang.Thread.State: TIMED_WAITING
        at sun.misc.Unsafe.park(Native Method)
        at java.util.concurrent.locks.LockSupport.parkNanos(LockSupport.java:215)
        at java.util.concurrent.locks.AbstractQueuedSynchronizer$ConditionObject.awaitNanos(AbstractQueuedSynchronizer.java:2078)
        at java.util.concurrent.ScheduledThreadPoolExecutor$DelayedWorkQueue.take(ScheduledThreadPoolExecutor.java:1093)
        at java.util.concurrent.ScheduledThreadPoolExecutor$DelayedWorkQueue.take(ScheduledThreadPoolExecutor.java:809)
        at java.util.concurrent.ThreadPoolExecutor.getTask(ThreadPoolExecutor.java:1074)
        at java.util.concurrent.ThreadPoolExecutor.runWorker(ThreadPoolExecutor.java:1134)
        at java.util.concurrent.ThreadPoolExecutor$Worker.run(ThreadPoolExecutor.java:624)
        at java.lang.Thread.run(Thread.java:748)
"Datanode ReportManager Thread - 2" daemon prio=5 tid=227 in Object.wait()
java.lang.Thread.State: WAITING (on object monitor)
        at sun.misc.Unsafe.park(Native Method)
        at java.util.concurrent.locks.LockSupport.park(LockSupport.java:175)
        at java.util.concurrent.locks.AbstractQueuedSynchronizer$ConditionObject.await(AbstractQueuedSynchronizer.java:2039)
        at java.util.concurrent.ScheduledThreadPoolExecutor$DelayedWorkQueue.take(ScheduledThreadPoolExecutor.java:1088)
        at java.util.concurrent.ScheduledThreadPoolExecutor$DelayedWorkQueue.take(ScheduledThreadPoolExecutor.java:809)
        at java.util.concurrent.ThreadPoolExecutor.getTask(ThreadPoolExecutor.java:1074)
        at java.util.concurrent.ThreadPoolExecutor.runWorker(ThreadPoolExecutor.java:1134)
        at java.util.concurrent.ThreadPoolExecutor$Worker.run(ThreadPoolExecutor.java:624)
        at java.lang.Thread.run(Thread.java:748)
"Thread-208" daemon prio=5 tid=558 timed_waiting
java.lang.Thread.State: TIMED_WAITING
        at sun.misc.Unsafe.park(Native Method)
        at java.util.concurrent.locks.LockSupport.parkNanos(LockSupport.java:215)
        at java.util.concurrent.locks.AbstractQueuedSynchronizer$ConditionObject.awaitNanos(AbstractQueuedSynchronizer.java:2078)
        at java.util.concurrent.ArrayBlockingQueue.poll(ArrayBlockingQueue.java:418)
        at org.apache.ratis.server.impl.LeaderState$EventQueue.poll(LeaderState.java:115)
        at org.apache.ratis.server.impl.LeaderState$EventProcessor.run(LeaderState.java:467)
"qtp7829163-89" daemon prio=5 tid=89 timed_waiting
java.lang.Thread.State: TIMED_WAITING
        at sun.misc.Unsafe.park(Native Method)
        at java.util.concurrent.locks.LockSupport.parkNanos(LockSupport.java:215)
        at java.util.concurrent.locks.AbstractQueuedSynchronizer$ConditionObject.awaitNanos(AbstractQueuedSynchronizer.java:2078)
        at org.eclipse.jetty.util.BlockingArrayQueue.poll(BlockingArrayQueue.java:392)
        at org.eclipse.jetty.util.thread.QueuedThreadPool.idleJobPoll(QueuedThreadPool.java:563)
        at org.eclipse.jetty.util.thread.QueuedThreadPool.access$800(QueuedThreadPool.java:48)
        at org.eclipse.jetty.util.thread.QueuedThreadPool$2.run(QueuedThreadPool.java:626)
        at java.lang.Thread.run(Thread.java:748)
"pool-46-thread-30"  prio=5 tid=409 in Object.wait()
java.lang.Thread.State: WAITING (on object monitor)
        at sun.misc.Unsafe.park(Native Method)
        at java.util.concurrent.locks.LockSupport.park(LockSupport.java:175)
        at java.util.concurrent.locks.AbstractQueuedSynchronizer$ConditionObject.await(AbstractQueuedSynchronizer.java:2039)
        at java.util.concurrent.ArrayBlockingQueue.take(ArrayBlockingQueue.java:403)
        at java.util.concurrent.ThreadPoolExecutor.getTask(ThreadPoolExecutor.java:1074)
        at java.util.concurrent.ThreadPoolExecutor.runWorker(ThreadPoolExecutor.java:1134)
        at java.util.concurrent.ThreadPoolExecutor$Worker.run(ThreadPoolExecutor.java:624)
        at java.lang.Thread.run(Thread.java:748)
"Datanode State Machine Thread - 0" daemon prio=5 tid=197 timed_waiting
java.lang.Thread.State: TIMED_WAITING
        at java.lang.Thread.sleep(Native Method)
        at org.apache.hadoop.ozone.container.common.statemachine.DatanodeStateMachine.start(DatanodeStateMachine.java:191)
        at org.apache.hadoop.ozone.container.common.statemachine.DatanodeStateMachine.lambda$startDaemon$0(DatanodeStateMachine.java:349)
        at org.apache.hadoop.ozone.container.common.statemachine.DatanodeStateMachine$$Lambda$140/1282899579.run(Unknown Source)
        at java.lang.Thread.run(Thread.java:748)
"IPC Server handler 3 on 34339" daemon prio=5 tid=72 timed_waiting
java.lang.Thread.State: TIMED_WAITING
        at sun.misc.Unsafe.park(Native Method)
        at java.util.concurrent.locks.LockSupport.parkNanos(LockSupport.java:215)
        at java.util.concurrent.locks.AbstractQueuedSynchronizer$ConditionObject.awaitNanos(AbstractQueuedSynchronizer.java:2078)
        at java.util.concurrent.LinkedBlockingQueue.poll(LinkedBlockingQueue.java:467)
        at org.apache.hadoop.ipc.CallQueueManager.take(CallQueueManager.java:288)
        at org.apache.hadoop.ipc.Server$Handler.run(Server.java:2668)
"IPC Server handler 6 on 38234" daemon prio=5 tid=120 timed_waiting
java.lang.Thread.State: TIMED_WAITING
        at sun.misc.Unsafe.park(Native Method)
        at java.util.concurrent.locks.LockSupport.parkNanos(LockSupport.java:215)
        at java.util.concurrent.locks.AbstractQueuedSynchronizer$ConditionObject.awaitNanos(AbstractQueuedSynchronizer.java:2078)
        at java.util.concurrent.LinkedBlockingQueue.poll(LinkedBlockingQueue.java:467)
        at org.apache.hadoop.ipc.CallQueueManager.take(CallQueueManager.java:288)
        at org.apache.hadoop.ipc.Server$Handler.run(Server.java:2668)
"pool-56-thread-49"  prio=5 tid=488 in Object.wait()
java.lang.Thread.State: WAITING (on object monitor)
        at sun.misc.Unsafe.park(Native Method)
        at java.util.concurrent.locks.LockSupport.park(LockSupport.java:175)
        at java.util.concurrent.locks.AbstractQueuedSynchronizer$ConditionObject.await(AbstractQueuedSynchronizer.java:2039)
        at java.util.concurrent.ArrayBlockingQueue.take(ArrayBlockingQueue.java:403)
        at java.util.concurrent.ThreadPoolExecutor.getTask(ThreadPoolExecutor.java:1074)
        at java.util.concurrent.ThreadPoolExecutor.runWorker(ThreadPoolExecutor.java:1134)
        at java.util.concurrent.ThreadPoolExecutor$Worker.run(ThreadPoolExecutor.java:624)
        at java.lang.Thread.run(Thread.java:748)
"pool-36-thread-19"  prio=5 tid=296 in Object.wait()
java.lang.Thread.State: WAITING (on object monitor)
        at sun.misc.Unsafe.park(Native Method)
        at java.util.concurrent.locks.LockSupport.park(LockSupport.java:175)
        at java.util.concurrent.locks.AbstractQueuedSynchronizer$ConditionObject.await(AbstractQueuedSynchronizer.java:2039)
        at java.util.concurrent.ArrayBlockingQueue.take(ArrayBlockingQueue.java:403)
        at java.util.concurrent.ThreadPoolExecutor.getTask(ThreadPoolExecutor.java:1074)
        at java.util.concurrent.ThreadPoolExecutor.runWorker(ThreadPoolExecutor.java:1134)
        at java.util.concurrent.ThreadPoolExecutor$Worker.run(ThreadPoolExecutor.java:624)
        at java.lang.Thread.run(Thread.java:748)
"pool-26-thread-14"  prio=5 tid=287 in Object.wait()
java.lang.Thread.State: WAITING (on object monitor)
        at sun.misc.Unsafe.park(Native Method)
        at java.util.concurrent.locks.LockSupport.park(LockSupport.java:175)
        at java.util.concurrent.locks.AbstractQueuedSynchronizer$ConditionObject.await(AbstractQueuedSynchronizer.java:2039)
        at java.util.concurrent.ArrayBlockingQueue.take(ArrayBlockingQueue.java:403)
        at java.util.concurrent.ThreadPoolExecutor.getTask(ThreadPoolExecutor.java:1074)
        at java.util.concurrent.ThreadPoolExecutor.runWorker(ThreadPoolExecutor.java:1134)
        at java.util.concurrent.ThreadPoolExecutor$Worker.run(ThreadPoolExecutor.java:624)
        at java.lang.Thread.run(Thread.java:748)
"pool-36-thread-2"  prio=5 tid=262 in Object.wait()
java.lang.Thread.State: WAITING (on object monitor)
        at sun.misc.Unsafe.park(Native Method)
        at java.util.concurrent.locks.LockSupport.park(LockSupport.java:175)
        at java.util.concurrent.locks.AbstractQueuedSynchronizer$ConditionObject.await(AbstractQueuedSynchronizer.java:2039)
        at java.util.concurrent.ArrayBlockingQueue.take(ArrayBlockingQueue.java:403)
        at java.util.concurrent.ThreadPoolExecutor.getTask(ThreadPoolExecutor.java:1074)
        at java.util.concurrent.ThreadPoolExecutor.runWorker(ThreadPoolExecutor.java:1134)
        at java.util.concurrent.ThreadPoolExecutor$Worker.run(ThreadPoolExecutor.java:624)
        at java.lang.Thread.run(Thread.java:748)
"metrics-hadoop-metrics2-reporter-15-thread-1" daemon prio=5 tid=561 timed_waiting
java.lang.Thread.State: TIMED_WAITING
        at sun.misc.Unsafe.park(Native Method)
        at java.util.concurrent.locks.LockSupport.parkNanos(LockSupport.java:215)
        at java.util.concurrent.locks.AbstractQueuedSynchronizer$ConditionObject.awaitNanos(AbstractQueuedSynchronizer.java:2078)
        at java.util.concurrent.ScheduledThreadPoolExecutor$DelayedWorkQueue.take(ScheduledThreadPoolExecutor.java:1093)
        at java.util.concurrent.ScheduledThreadPoolExecutor$DelayedWorkQueue.take(ScheduledThreadPoolExecutor.java:809)
        at java.util.concurrent.ThreadPoolExecutor.getTask(ThreadPoolExecutor.java:1074)
        at java.util.concurrent.ThreadPoolExecutor.runWorker(ThreadPoolExecutor.java:1134)
        at java.util.concurrent.ThreadPoolExecutor$Worker.run(ThreadPoolExecutor.java:624)
        at java.lang.Thread.run(Thread.java:748)
"pool-46-thread-56"  prio=5 tid=435 in Object.wait()
java.lang.Thread.State: WAITING (on object monitor)
        at sun.misc.Unsafe.park(Native Method)
        at java.util.concurrent.locks.LockSupport.park(LockSupport.java:175)
        at java.util.concurrent.locks.AbstractQueuedSynchronizer$ConditionObject.await(AbstractQueuedSynchronizer.java:2039)
        at java.util.concurrent.ArrayBlockingQueue.take(ArrayBlockingQueue.java:403)
        at java.util.concurrent.ThreadPoolExecutor.getTask(ThreadPoolExecutor.java:1074)
        at java.util.concurrent.ThreadPoolExecutor.runWorker(ThreadPoolExecutor.java:1134)
        at java.util.concurrent.ThreadPoolExecutor$Worker.run(ThreadPoolExecutor.java:624)
        at java.lang.Thread.run(Thread.java:748)
"IPC Server handler 19 on 34819" daemon prio=5 tid=48 timed_waiting
java.lang.Thread.State: TIMED_WAITING
        at sun.misc.Unsafe.park(Native Method)
        at java.util.concurrent.locks.LockSupport.parkNanos(LockSupport.java:215)
        at java.util.concurrent.locks.AbstractQueuedSynchronizer$ConditionObject.awaitNanos(AbstractQueuedSynchronizer.java:2078)
        at java.util.concurrent.LinkedBlockingQueue.poll(LinkedBlockingQueue.java:467)
        at org.apache.hadoop.ipc.CallQueueManager.take(CallQueueManager.java:288)
        at org.apache.hadoop.ipc.Server$Handler.run(Server.java:2668)
"qtp1713847712-214-acceptor-0@776c7d76-ServerConnector@21bd20ee{HTTP/1.1,[http/1.1]}{0.0.0.0:45566}" daemon prio=3 tid=214 runnable
java.lang.Thread.State: RUNNABLE
        at sun.nio.ch.ServerSocketChannelImpl.accept0(Native Method)
        at sun.nio.ch.ServerSocketChannelImpl.accept(ServerSocketChannelImpl.java:422)
        at sun.nio.ch.ServerSocketChannelImpl.accept(ServerSocketChannelImpl.java:250)
        at org.eclipse.jetty.server.ServerConnector.accept(ServerConnector.java:397)
        at org.eclipse.jetty.server.AbstractConnector$Acceptor.run(AbstractConnector.java:601)
        at org.eclipse.jetty.util.thread.QueuedThreadPool.runJob(QueuedThreadPool.java:671)
        at org.eclipse.jetty.util.thread.QueuedThreadPool$2.run(QueuedThreadPool.java:589)
        at java.lang.Thread.run(Thread.java:748)
"pool-56-thread-12"  prio=5 tid=451 in Object.wait()
java.lang.Thread.State: WAITING (on object monitor)
        at sun.misc.Unsafe.park(Native Method)
        at java.util.concurrent.locks.LockSupport.park(LockSupport.java:175)
        at java.util.concurrent.locks.AbstractQueuedSynchronizer$ConditionObject.await(AbstractQueuedSynchronizer.java:2039)
        at java.util.concurrent.ArrayBlockingQueue.take(ArrayBlockingQueue.java:403)
        at java.util.concurrent.ThreadPoolExecutor.getTask(ThreadPoolExecutor.java:1074)
        at java.util.concurrent.ThreadPoolExecutor.runWorker(ThreadPoolExecutor.java:1134)
        at java.util.concurrent.ThreadPoolExecutor$Worker.run(ThreadPoolExecutor.java:624)
        at java.lang.Thread.run(Thread.java:748)
"org.eclipse.jetty.server.session.HashSessionManager@1a2bcd56Timer" daemon prio=5 tid=249 timed_waiting
java.lang.Thread.State: TIMED_WAITING
        at sun.misc.Unsafe.park(Native Method)
        at java.util.concurrent.locks.LockSupport.parkNanos(LockSupport.java:215)
        at java.util.concurrent.locks.AbstractQueuedSynchronizer$ConditionObject.awaitNanos(AbstractQueuedSynchronizer.java:2078)
        at java.util.concurrent.ScheduledThreadPoolExecutor$DelayedWorkQueue.take(ScheduledThreadPoolExecutor.java:1093)
        at java.util.concurrent.ScheduledThreadPoolExecutor$DelayedWorkQueue.take(ScheduledThreadPoolExecutor.java:809)
        at java.util.concurrent.ThreadPoolExecutor.getTask(ThreadPoolExecutor.java:1074)
        at java.util.concurrent.ThreadPoolExecutor.runWorker(ThreadPoolExecutor.java:1134)
        at java.util.concurrent.ThreadPoolExecutor$Worker.run(ThreadPoolExecutor.java:624)
        at java.lang.Thread.run(Thread.java:748)
"pool-50-thread-1"  prio=5 tid=212 timed_waiting
java.lang.Thread.State: TIMED_WAITING
        at sun.misc.Unsafe.park(Native Method)
        at java.util.concurrent.locks.LockSupport.parkNanos(LockSupport.java:215)
        at java.util.concurrent.locks.AbstractQueuedSynchronizer$ConditionObject.awaitNanos(AbstractQueuedSynchronizer.java:2078)
        at java.util.concurrent.ScheduledThreadPoolExecutor$DelayedWorkQueue.take(ScheduledThreadPoolExecutor.java:1093)
        at java.util.concurrent.ScheduledThreadPoolExecutor$DelayedWorkQueue.take(ScheduledThreadPoolExecutor.java:809)
        at java.util.concurrent.ThreadPoolExecutor.getTask(ThreadPoolExecutor.java:1074)
        at java.util.concurrent.ThreadPoolExecutor.runWorker(ThreadPoolExecutor.java:1134)
        at java.util.concurrent.ThreadPoolExecutor$Worker.run(ThreadPoolExecutor.java:624)
        at java.lang.Thread.run(Thread.java:748)
"Command processor thread" daemon prio=5 tid=256 timed_waiting
java.lang.Thread.State: TIMED_WAITING
        at java.lang.Thread.sleep(Native Method)
        at org.apache.hadoop.ozone.container.common.statemachine.DatanodeStateMachine.lambda$initCommandHandlerThread$1(DatanodeStateMachine.java:439)
        at org.apache.hadoop.ozone.container.common.statemachine.DatanodeStateMachine$$Lambda$141/259962710.run(Unknown Source)
        at java.lang.Thread.run(Thread.java:748)
"pool-26-thread-51"  prio=5 tid=360 in Object.wait()
java.lang.Thread.State: WAITING (on object monitor)
        at sun.misc.Unsafe.park(Native Method)
        at java.util.concurrent.locks.LockSupport.park(LockSupport.java:175)
        at java.util.concurrent.locks.AbstractQueuedSynchronizer$ConditionObject.await(AbstractQueuedSynchronizer.java:2039)
        at java.util.concurrent.ArrayBlockingQueue.take(ArrayBlockingQueue.java:403)
        at java.util.concurrent.ThreadPoolExecutor.getTask(ThreadPoolExecutor.java:1074)
        at java.util.concurrent.ThreadPoolExecutor.runWorker(ThreadPoolExecutor.java:1134)
        at java.util.concurrent.ThreadPoolExecutor$Worker.run(ThreadPoolExecutor.java:624)
        at java.lang.Thread.run(Thread.java:748)
"pool-36-thread-43"  prio=5 tid=344 in Object.wait()
java.lang.Thread.State: WAITING (on object monitor)
        at sun.misc.Unsafe.park(Native Method)
        at java.util.concurrent.locks.LockSupport.park(LockSupport.java:175)
        at java.util.concurrent.locks.AbstractQueuedSynchronizer$ConditionObject.await(AbstractQueuedSynchronizer.java:2039)
        at java.util.concurrent.ArrayBlockingQueue.take(ArrayBlockingQueue.java:403)
        at java.util.concurrent.ThreadPoolExecutor.getTask(ThreadPoolExecutor.java:1074)
        at java.util.concurrent.ThreadPoolExecutor.runWorker(ThreadPoolExecutor.java:1134)
        at java.util.concurrent.ThreadPoolExecutor$Worker.run(ThreadPoolExecutor.java:624)
        at java.lang.Thread.run(Thread.java:748)
"pool-36-thread-31"  prio=5 tid=320 in Object.wait()
java.lang.Thread.State: WAITING (on object monitor)
        at sun.misc.Unsafe.park(Native Method)
        at java.util.concurrent.locks.LockSupport.park(LockSupport.java:175)
        at java.util.concurrent.locks.AbstractQueuedSynchronizer$ConditionObject.await(AbstractQueuedSynchronizer.java:2039)
        at java.util.concurrent.ArrayBlockingQueue.take(ArrayBlockingQueue.java:403)
        at java.util.concurrent.ThreadPoolExecutor.getTask(ThreadPoolExecutor.java:1074)
        at java.util.concurrent.ThreadPoolExecutor.runWorker(ThreadPoolExecutor.java:1134)
        at java.util.concurrent.ThreadPoolExecutor$Worker.run(ThreadPoolExecutor.java:624)
        at java.lang.Thread.run(Thread.java:748)
"IPC Server handler 17 on 38234" daemon prio=5 tid=132 timed_waiting
java.lang.Thread.State: TIMED_WAITING
        at sun.misc.Unsafe.park(Native Method)
        at java.util.concurrent.locks.LockSupport.parkNanos(LockSupport.java:215)
        at java.util.concurrent.locks.AbstractQueuedSynchronizer$ConditionObject.awaitNanos(AbstractQueuedSynchronizer.java:2078)
        at java.util.concurrent.LinkedBlockingQueue.poll(LinkedBlockingQueue.java:467)
        at org.apache.hadoop.ipc.CallQueueManager.take(CallQueueManager.java:288)
        at org.apache.hadoop.ipc.Server$Handler.run(Server.java:2668)
"Socket Reader #1 for port 38234"  prio=5 tid=108 runnable
java.lang.Thread.State: RUNNABLE
        at sun.nio.ch.EPollArrayWrapper.epollWait(Native Method)
        at sun.nio.ch.EPollArrayWrapper.poll(EPollArrayWrapper.java:269)
        at sun.nio.ch.EPollSelectorImpl.doSelect(EPollSelectorImpl.java:93)
        at sun.nio.ch.SelectorImpl.lockAndDoSelect(SelectorImpl.java:86)
        at sun.nio.ch.SelectorImpl.select(SelectorImpl.java:97)
        at sun.nio.ch.SelectorImpl.select(SelectorImpl.java:101)
        at org.apache.hadoop.ipc.Server$Listener$Reader.doRunLoop(Server.java:1097)
        at org.apache.hadoop.ipc.Server$Listener$Reader.run(Server.java:1076)
"pool-56-thread-42"  prio=5 tid=481 in Object.wait()
java.lang.Thread.State: WAITING (on object monitor)
        at sun.misc.Unsafe.park(Native Method)
        at java.util.concurrent.locks.LockSupport.park(LockSupport.java:175)
        at java.util.concurrent.locks.AbstractQueuedSynchronizer$ConditionObject.await(AbstractQueuedSynchronizer.java:2039)
        at java.util.concurrent.ArrayBlockingQueue.take(ArrayBlockingQueue.java:403)
        at java.util.concurrent.ThreadPoolExecutor.getTask(ThreadPoolExecutor.java:1074)
        at java.util.concurrent.ThreadPoolExecutor.runWorker(ThreadPoolExecutor.java:1134)
        at java.util.concurrent.ThreadPoolExecutor$Worker.run(ThreadPoolExecutor.java:624)
        at java.lang.Thread.run(Thread.java:748)
"BlockDeletingService#1" daemon prio=5 tid=507 in Object.wait()
java.lang.Thread.State: WAITING (on object monitor)
        at sun.misc.Unsafe.park(Native Method)
        at java.util.concurrent.locks.LockSupport.park(LockSupport.java:175)
        at java.util.concurrent.locks.AbstractQueuedSynchronizer$ConditionObject.await(AbstractQueuedSynchronizer.java:2039)
        at java.util.concurrent.ScheduledThreadPoolExecutor$DelayedWorkQueue.take(ScheduledThreadPoolExecutor.java:1088)
        at java.util.concurrent.ScheduledThreadPoolExecutor$DelayedWorkQueue.take(ScheduledThreadPoolExecutor.java:809)
        at java.util.concurrent.ThreadPoolExecutor.getTask(ThreadPoolExecutor.java:1074)
        at java.util.concurrent.ThreadPoolExecutor.runWorker(ThreadPoolExecutor.java:1134)
        at java.util.concurrent.ThreadPoolExecutor$Worker.run(ThreadPoolExecutor.java:624)
        at java.lang.Thread.run(Thread.java:748)
"pool-46-thread-43"  prio=5 tid=422 in Object.wait()
java.lang.Thread.State: WAITING (on object monitor)
        at sun.misc.Unsafe.park(Native Method)
        at java.util.concurrent.locks.LockSupport.park(LockSupport.java:175)
        at java.util.concurrent.locks.AbstractQueuedSynchronizer$ConditionObject.await(AbstractQueuedSynchronizer.java:2039)
        at java.util.concurrent.ArrayBlockingQueue.take(ArrayBlockingQueue.java:403)
        at java.util.concurrent.ThreadPoolExecutor.getTask(ThreadPoolExecutor.java:1074)
        at java.util.concurrent.ThreadPoolExecutor.runWorker(ThreadPoolExecutor.java:1134)
        at java.util.concurrent.ThreadPoolExecutor$Worker.run(ThreadPoolExecutor.java:624)
        at java.lang.Thread.run(Thread.java:748)
"qtp1080561710-166" daemon prio=5 tid=166 timed_waiting
java.lang.Thread.State: TIMED_WAITING
        at sun.misc.Unsafe.park(Native Method)
        at java.util.concurrent.locks.LockSupport.parkNanos(LockSupport.java:215)
        at java.util.concurrent.locks.AbstractQueuedSynchronizer$ConditionObject.awaitNanos(AbstractQueuedSynchronizer.java:2078)
        at org.eclipse.jetty.util.BlockingArrayQueue.poll(BlockingArrayQueue.java:392)
        at org.eclipse.jetty.util.thread.QueuedThreadPool.idleJobPoll(QueuedThreadPool.java:563)
        at org.eclipse.jetty.util.thread.QueuedThreadPool.access$800(QueuedThreadPool.java:48)
        at org.eclipse.jetty.util.thread.QueuedThreadPool$2.run(QueuedThreadPool.java:626)
        at java.lang.Thread.run(Thread.java:748)
"IPC Server handler 3 on 34819" daemon prio=5 tid=32 timed_waiting
java.lang.Thread.State: TIMED_WAITING
        at sun.misc.Unsafe.park(Native Method)
        at java.util.concurrent.locks.LockSupport.parkNanos(LockSupport.java:215)
        at java.util.concurrent.locks.AbstractQueuedSynchronizer$ConditionObject.awaitNanos(AbstractQueuedSynchronizer.java:2078)
        at java.util.concurrent.LinkedBlockingQueue.poll(LinkedBlockingQueue.java:467)
        at org.apache.hadoop.ipc.CallQueueManager.take(CallQueueManager.java:288)
        at org.apache.hadoop.ipc.Server$Handler.run(Server.java:2668)
"pool-36-thread-16"  prio=5 tid=290 in Object.wait()
java.lang.Thread.State: WAITING (on object monitor)
        at sun.misc.Unsafe.park(Native Method)
        at java.util.concurrent.locks.LockSupport.park(LockSupport.java:175)
        at java.util.concurrent.locks.AbstractQueuedSynchronizer$ConditionObject.await(AbstractQueuedSynchronizer.java:2039)
        at java.util.concurrent.ArrayBlockingQueue.take(ArrayBlockingQueue.java:403)
        at java.util.concurrent.ThreadPoolExecutor.getTask(ThreadPoolExecutor.java:1074)
        at java.util.concurrent.ThreadPoolExecutor.runWorker(ThreadPoolExecutor.java:1134)
        at java.util.concurrent.ThreadPoolExecutor$Worker.run(ThreadPoolExecutor.java:624)
        at java.lang.Thread.run(Thread.java:748)
"IPC Server handler 15 on 38234" daemon prio=5 tid=130 timed_waiting
java.lang.Thread.State: TIMED_WAITING
        at sun.misc.Unsafe.park(Native Method)
        at java.util.concurrent.locks.LockSupport.parkNanos(LockSupport.java:215)
        at java.util.concurrent.locks.AbstractQueuedSynchronizer$ConditionObject.awaitNanos(AbstractQueuedSynchronizer.java:2078)
        at java.util.concurrent.LinkedBlockingQueue.poll(LinkedBlockingQueue.java:467)
        at org.apache.hadoop.ipc.CallQueueManager.take(CallQueueManager.java:288)
        at org.apache.hadoop.ipc.Server$Handler.run(Server.java:2668)
"pool-56-thread-21"  prio=5 tid=460 in Object.wait()
java.lang.Thread.State: WAITING (on object monitor)
        at sun.misc.Unsafe.park(Native Method)
        at java.util.concurrent.locks.LockSupport.park(LockSupport.java:175)
        at java.util.concurrent.locks.AbstractQueuedSynchronizer$ConditionObject.await(AbstractQueuedSynchronizer.java:2039)
        at java.util.concurrent.ArrayBlockingQueue.take(ArrayBlockingQueue.java:403)
        at java.util.concurrent.ThreadPoolExecutor.getTask(ThreadPoolExecutor.java:1074)
        at java.util.concurrent.ThreadPoolExecutor.runWorker(ThreadPoolExecutor.java:1134)
        at java.util.concurrent.ThreadPoolExecutor$Worker.run(ThreadPoolExecutor.java:624)
        at java.lang.Thread.run(Thread.java:748)
"pool-46-thread-29"  prio=5 tid=408 in Object.wait()
java.lang.Thread.State: WAITING (on object monitor)
        at sun.misc.Unsafe.park(Native Method)
        at java.util.concurrent.locks.LockSupport.park(LockSupport.java:175)
        at java.util.concurrent.locks.AbstractQueuedSynchronizer$ConditionObject.await(AbstractQueuedSynchronizer.java:2039)
        at java.util.concurrent.ArrayBlockingQueue.take(ArrayBlockingQueue.java:403)
        at java.util.concurrent.ThreadPoolExecutor.getTask(ThreadPoolExecutor.java:1074)
        at java.util.concurrent.ThreadPoolExecutor.runWorker(ThreadPoolExecutor.java:1134)
        at java.util.concurrent.ThreadPoolExecutor$Worker.run(ThreadPoolExecutor.java:624)
        at java.lang.Thread.run(Thread.java:748)
"qtp1713847712-216" daemon prio=5 tid=216 timed_waiting
java.lang.Thread.State: TIMED_WAITING
        at sun.misc.Unsafe.park(Native Method)
        at java.util.concurrent.locks.LockSupport.parkNanos(LockSupport.java:215)
        at java.util.concurrent.locks.AbstractQueuedSynchronizer$ConditionObject.awaitNanos(AbstractQueuedSynchronizer.java:2078)
        at org.eclipse.jetty.util.BlockingArrayQueue.poll(BlockingArrayQueue.java:392)
        at org.eclipse.jetty.util.thread.QueuedThreadPool.idleJobPoll(QueuedThreadPool.java:563)
        at org.eclipse.jetty.util.thread.QueuedThreadPool.access$800(QueuedThreadPool.java:48)
        at org.eclipse.jetty.util.thread.QueuedThreadPool$2.run(QueuedThreadPool.java:626)
        at java.lang.Thread.run(Thread.java:748)
"qtp292890110-240" daemon prio=5 tid=240 runnable
java.lang.Thread.State: RUNNABLE
        at sun.nio.ch.EPollArrayWrapper.epollWait(Native Method)
        at sun.nio.ch.EPollArrayWrapper.poll(EPollArrayWrapper.java:269)
        at sun.nio.ch.EPollSelectorImpl.doSelect(EPollSelectorImpl.java:93)
        at sun.nio.ch.SelectorImpl.lockAndDoSelect(SelectorImpl.java:86)
        at sun.nio.ch.SelectorImpl.select(SelectorImpl.java:97)
        at sun.nio.ch.SelectorImpl.select(SelectorImpl.java:101)
        at org.eclipse.jetty.io.ManagedSelector$SelectorProducer.select(ManagedSelector.java:243)
        at org.eclipse.jetty.io.ManagedSelector$SelectorProducer.produce(ManagedSelector.java:191)
        at org.eclipse.jetty.util.thread.strategy.ExecuteProduceConsume.executeProduceConsume(ExecuteProduceConsume.java:249)
        at org.eclipse.jetty.util.thread.strategy.ExecuteProduceConsume.produceConsume(ExecuteProduceConsume.java:148)
        at org.eclipse.jetty.util.thread.strategy.ExecuteProduceConsume.execute(ExecuteProduceConsume.java:100)
        at org.eclipse.jetty.io.ManagedSelector.run(ManagedSelector.java:147)
        at org.eclipse.jetty.util.thread.QueuedThreadPool.runJob(QueuedThreadPool.java:671)
        at org.eclipse.jetty.util.thread.QueuedThreadPool$2.run(QueuedThreadPool.java:589)
        at java.lang.Thread.run(Thread.java:748)
"cbde3520-0cea-4357-bb04-1a0ae64b2bb1@group-E7676BAFBEDD-StateMachineUpdater" daemon prio=5 tid=539 in Object.wait()
java.lang.Thread.State: WAITING (on object monitor)
        at java.lang.Object.wait(Native Method)
        at java.lang.Object.wait(Object.java:502)
        at org.apache.ratis.server.impl.StateMachineUpdater.waitForCommit(StateMachineUpdater.java:194)
        at org.apache.ratis.server.impl.StateMachineUpdater.run(StateMachineUpdater.java:159)
        at java.lang.Thread.run(Thread.java:748)
"EventQueue-NodeRegistrationContainerReportForDataNodeSafeModeRule" daemon prio=5 tid=512 in Object.wait()
java.lang.Thread.State: WAITING (on object monitor)
        at sun.misc.Unsafe.park(Native Method)
        at java.util.concurrent.locks.LockSupport.park(LockSupport.java:175)
        at java.util.concurrent.locks.AbstractQueuedSynchronizer$ConditionObject.await(AbstractQueuedSynchronizer.java:2039)
        at java.util.concurrent.LinkedBlockingQueue.take(LinkedBlockingQueue.java:442)
        at java.util.concurrent.ThreadPoolExecutor.getTask(ThreadPoolExecutor.java:1074)
        at java.util.concurrent.ThreadPoolExecutor.runWorker(ThreadPoolExecutor.java:1134)
        at java.util.concurrent.ThreadPoolExecutor$Worker.run(ThreadPoolExecutor.java:624)
        at java.lang.Thread.run(Thread.java:748)
"pool-21-thread-1"  prio=5 tid=135 timed_waiting
java.lang.Thread.State: TIMED_WAITING
        at sun.misc.Unsafe.park(Native Method)
        at java.util.concurrent.locks.LockSupport.parkNanos(LockSupport.java:215)
        at java.util.concurrent.locks.AbstractQueuedSynchronizer$ConditionObject.awaitNanos(AbstractQueuedSynchronizer.java:2078)
        at java.util.concurrent.ScheduledThreadPoolExecutor$DelayedWorkQueue.take(ScheduledThreadPoolExecutor.java:1093)
        at java.util.concurrent.ScheduledThreadPoolExecutor$DelayedWorkQueue.take(ScheduledThreadPoolExecutor.java:809)
        at java.util.concurrent.ThreadPoolExecutor.getTask(ThreadPoolExecutor.java:1074)
        at java.util.concurrent.ThreadPoolExecutor.runWorker(ThreadPoolExecutor.java:1134)
        at java.util.concurrent.ThreadPoolExecutor$Worker.run(ThreadPoolExecutor.java:624)
        at java.lang.Thread.run(Thread.java:748)
"IPC Server handler 15 on 34339" daemon prio=5 tid=84 timed_waiting
java.lang.Thread.State: TIMED_WAITING
        at sun.misc.Unsafe.park(Native Method)
        at java.util.concurrent.locks.LockSupport.parkNanos(LockSupport.java:215)
        at java.util.concurrent.locks.AbstractQueuedSynchronizer$ConditionObject.awaitNanos(AbstractQueuedSynchronizer.java:2078)
        at java.util.concurrent.LinkedBlockingQueue.poll(LinkedBlockingQueue.java:467)
        at org.apache.hadoop.ipc.CallQueueManager.take(CallQueueManager.java:288)
        at org.apache.hadoop.ipc.Server$Handler.run(Server.java:2668)
"Periodic HDDS volume checker"  prio=5 tid=174 timed_waiting
java.lang.Thread.State: TIMED_WAITING
        at sun.misc.Unsafe.park(Native Method)
        at java.util.concurrent.locks.LockSupport.parkNanos(LockSupport.java:215)
        at java.util.concurrent.locks.AbstractQueuedSynchronizer$ConditionObject.awaitNanos(AbstractQueuedSynchronizer.java:2078)
        at java.util.concurrent.ScheduledThreadPoolExecutor$DelayedWorkQueue.take(ScheduledThreadPoolExecutor.java:1093)
        at java.util.concurrent.ScheduledThreadPoolExecutor$DelayedWorkQueue.take(ScheduledThreadPoolExecutor.java:809)
        at java.util.concurrent.ThreadPoolExecutor.getTask(ThreadPoolExecutor.java:1074)
        at java.util.concurrent.ThreadPoolExecutor.runWorker(ThreadPoolExecutor.java:1134)
        at java.util.concurrent.ThreadPoolExecutor$Worker.run(ThreadPoolExecutor.java:624)
        at java.lang.Thread.run(Thread.java:748)
"pool-36-thread-55"  prio=5 tid=369 in Object.wait()
java.lang.Thread.State: WAITING (on object monitor)
        at sun.misc.Unsafe.park(Native Method)
        at java.util.concurrent.locks.LockSupport.park(LockSupport.java:175)
        at java.util.concurrent.locks.AbstractQueuedSynchronizer$ConditionObject.await(AbstractQueuedSynchronizer.java:2039)
        at java.util.concurrent.ArrayBlockingQueue.take(ArrayBlockingQueue.java:403)
        at java.util.concurrent.ThreadPoolExecutor.getTask(ThreadPoolExecutor.java:1074)
        at java.util.concurrent.ThreadPoolExecutor.runWorker(ThreadPoolExecutor.java:1134)
        at java.util.concurrent.ThreadPoolExecutor$Worker.run(ThreadPoolExecutor.java:624)
        at java.lang.Thread.run(Thread.java:748)
"pool-46-thread-4"  prio=5 tid=383 in Object.wait()
java.lang.Thread.State: WAITING (on object monitor)
        at sun.misc.Unsafe.park(Native Method)
        at java.util.concurrent.locks.LockSupport.park(LockSupport.java:175)
        at java.util.concurrent.locks.AbstractQueuedSynchronizer$ConditionObject.await(AbstractQueuedSynchronizer.java:2039)
        at java.util.concurrent.ArrayBlockingQueue.take(ArrayBlockingQueue.java:403)
        at java.util.concurrent.ThreadPoolExecutor.getTask(ThreadPoolExecutor.java:1074)
        at java.util.concurrent.ThreadPoolExecutor.runWorker(ThreadPoolExecutor.java:1134)
        at java.util.concurrent.ThreadPoolExecutor$Worker.run(ThreadPoolExecutor.java:624)
        at java.lang.Thread.run(Thread.java:748)
"qtp206310209-142" daemon prio=5 tid=142 timed_waiting
java.lang.Thread.State: TIMED_WAITING
        at sun.misc.Unsafe.park(Native Method)
        at java.util.concurrent.locks.LockSupport.parkNanos(LockSupport.java:215)
        at java.util.concurrent.locks.AbstractQueuedSynchronizer$ConditionObject.awaitNanos(AbstractQueuedSynchronizer.java:2078)
        at org.eclipse.jetty.util.BlockingArrayQueue.poll(BlockingArrayQueue.java:392)
        at org.eclipse.jetty.util.thread.QueuedThreadPool.idleJobPoll(QueuedThreadPool.java:563)
        at org.eclipse.jetty.util.thread.QueuedThreadPool.access$800(QueuedThreadPool.java:48)
        at org.eclipse.jetty.util.thread.QueuedThreadPool$2.run(QueuedThreadPool.java:626)
        at java.lang.Thread.run(Thread.java:748)
"pool-46-thread-42"  prio=5 tid=421 in Object.wait()
java.lang.Thread.State: WAITING (on object monitor)
        at sun.misc.Unsafe.park(Native Method)
        at java.util.concurrent.locks.LockSupport.park(LockSupport.java:175)
        at java.util.concurrent.locks.AbstractQueuedSynchronizer$ConditionObject.await(AbstractQueuedSynchronizer.java:2039)
        at java.util.concurrent.ArrayBlockingQueue.take(ArrayBlockingQueue.java:403)
        at java.util.concurrent.ThreadPoolExecutor.getTask(ThreadPoolExecutor.java:1074)
        at java.util.concurrent.ThreadPoolExecutor.runWorker(ThreadPoolExecutor.java:1134)
        at java.util.concurrent.ThreadPoolExecutor$Worker.run(ThreadPoolExecutor.java:624)
        at java.lang.Thread.run(Thread.java:748)
"pool-56-thread-54"  prio=5 tid=493 in Object.wait()
java.lang.Thread.State: WAITING (on object monitor)
        at sun.misc.Unsafe.park(Native Method)
        at java.util.concurrent.locks.LockSupport.park(LockSupport.java:175)
        at java.util.concurrent.locks.AbstractQueuedSynchronizer$ConditionObject.await(AbstractQueuedSynchronizer.java:2039)
        at java.util.concurrent.ArrayBlockingQueue.take(ArrayBlockingQueue.java:403)
        at java.util.concurrent.ThreadPoolExecutor.getTask(ThreadPoolExecutor.java:1074)
        at java.util.concurrent.ThreadPoolExecutor.runWorker(ThreadPoolExecutor.java:1134)
        at java.util.concurrent.ThreadPoolExecutor$Worker.run(ThreadPoolExecutor.java:624)
        at java.lang.Thread.run(Thread.java:748)
"pool-36-thread-41"  prio=5 tid=340 in Object.wait()
java.lang.Thread.State: WAITING (on object monitor)
        at sun.misc.Unsafe.park(Native Method)
        at java.util.concurrent.locks.LockSupport.park(LockSupport.java:175)
        at java.util.concurrent.locks.AbstractQueuedSynchronizer$ConditionObject.await(AbstractQueuedSynchronizer.java:2039)
        at java.util.concurrent.ArrayBlockingQueue.take(ArrayBlockingQueue.java:403)
        at java.util.concurrent.ThreadPoolExecutor.getTask(ThreadPoolExecutor.java:1074)
        at java.util.concurrent.ThreadPoolExecutor.runWorker(ThreadPoolExecutor.java:1134)
        at java.util.concurrent.ThreadPoolExecutor$Worker.run(ThreadPoolExecutor.java:624)
        at java.lang.Thread.run(Thread.java:748)
"qtp292890110-242" daemon prio=5 tid=242 timed_waiting
java.lang.Thread.State: TIMED_WAITING
        at sun.misc.Unsafe.park(Native Method)
        at java.util.concurrent.locks.LockSupport.parkNanos(LockSupport.java:215)
        at java.util.concurrent.locks.AbstractQueuedSynchronizer$ConditionObject.awaitNanos(AbstractQueuedSynchronizer.java:2078)
        at org.eclipse.jetty.util.BlockingArrayQueue.poll(BlockingArrayQueue.java:392)
        at org.eclipse.jetty.util.thread.QueuedThreadPool.idleJobPoll(QueuedThreadPool.java:563)
        at org.eclipse.jetty.util.thread.QueuedThreadPool.access$800(QueuedThreadPool.java:48)
        at org.eclipse.jetty.util.thread.QueuedThreadPool$2.run(QueuedThreadPool.java:626)
        at java.lang.Thread.run(Thread.java:748)
"pool-36-thread-50"  prio=5 tid=358 in Object.wait()
java.lang.Thread.State: WAITING (on object monitor)
        at sun.misc.Unsafe.park(Native Method)
        at java.util.concurrent.locks.LockSupport.park(LockSupport.java:175)
        at java.util.concurrent.locks.AbstractQueuedSynchronizer$ConditionObject.await(AbstractQueuedSynchronizer.java:2039)
        at java.util.concurrent.ArrayBlockingQueue.take(ArrayBlockingQueue.java:403)
        at java.util.concurrent.ThreadPoolExecutor.getTask(ThreadPoolExecutor.java:1074)
        at java.util.concurrent.ThreadPoolExecutor.runWorker(ThreadPoolExecutor.java:1134)
        at java.util.concurrent.ThreadPoolExecutor$Worker.run(ThreadPoolExecutor.java:624)
        at java.lang.Thread.run(Thread.java:748)
"pool-26-thread-26"  prio=5 tid=311 in Object.wait()
java.lang.Thread.State: WAITING (on object monitor)
        at sun.misc.Unsafe.park(Native Method)
        at java.util.concurrent.locks.LockSupport.park(LockSupport.java:175)
        at java.util.concurrent.locks.AbstractQueuedSynchronizer$ConditionObject.await(AbstractQueuedSynchronizer.java:2039)
        at java.util.concurrent.ArrayBlockingQueue.take(ArrayBlockingQueue.java:403)
        at java.util.concurrent.ThreadPoolExecutor.getTask(ThreadPoolExecutor.java:1074)
        at java.util.concurrent.ThreadPoolExecutor.runWorker(ThreadPoolExecutor.java:1134)
        at java.util.concurrent.ThreadPoolExecutor$Worker.run(ThreadPoolExecutor.java:624)
        at java.lang.Thread.run(Thread.java:748)
"pool-46-thread-46"  prio=5 tid=425 in Object.wait()
java.lang.Thread.State: WAITING (on object monitor)
        at sun.misc.Unsafe.park(Native Method)
        at java.util.concurrent.locks.LockSupport.park(LockSupport.java:175)
        at java.util.concurrent.locks.AbstractQueuedSynchronizer$ConditionObject.await(AbstractQueuedSynchronizer.java:2039)
        at java.util.concurrent.ArrayBlockingQueue.take(ArrayBlockingQueue.java:403)
        at java.util.concurrent.ThreadPoolExecutor.getTask(ThreadPoolExecutor.java:1074)
        at java.util.concurrent.ThreadPoolExecutor.runWorker(ThreadPoolExecutor.java:1134)
        at java.util.concurrent.ThreadPoolExecutor$Worker.run(ThreadPoolExecutor.java:624)
        at java.lang.Thread.run(Thread.java:748)
"pool-46-thread-39"  prio=5 tid=418 in Object.wait()
java.lang.Thread.State: WAITING (on object monitor)
        at sun.misc.Unsafe.park(Native Method)
        at java.util.concurrent.locks.LockSupport.park(LockSupport.java:175)
        at java.util.concurrent.locks.AbstractQueuedSynchronizer$ConditionObject.await(AbstractQueuedSynchronizer.java:2039)
        at java.util.concurrent.ArrayBlockingQueue.take(ArrayBlockingQueue.java:403)
        at java.util.concurrent.ThreadPoolExecutor.getTask(ThreadPoolExecutor.java:1074)
        at java.util.concurrent.ThreadPoolExecutor.runWorker(ThreadPoolExecutor.java:1134)
        at java.util.concurrent.ThreadPoolExecutor$Worker.run(ThreadPoolExecutor.java:624)
        at java.lang.Thread.run(Thread.java:748)
"BlockDeletingService#1" daemon prio=5 tid=506 in Object.wait()
java.lang.Thread.State: WAITING (on object monitor)
        at sun.misc.Unsafe.park(Native Method)
        at java.util.concurrent.locks.LockSupport.park(LockSupport.java:175)
        at java.util.concurrent.locks.AbstractQueuedSynchronizer$ConditionObject.await(AbstractQueuedSynchronizer.java:2039)
        at java.util.concurrent.ScheduledThreadPoolExecutor$DelayedWorkQueue.take(ScheduledThreadPoolExecutor.java:1088)
        at java.util.concurrent.ScheduledThreadPoolExecutor$DelayedWorkQueue.take(ScheduledThreadPoolExecutor.java:809)
        at java.util.concurrent.ThreadPoolExecutor.getTask(ThreadPoolExecutor.java:1074)
        at java.util.concurrent.ThreadPoolExecutor.runWorker(ThreadPoolExecutor.java:1134)
        at java.util.concurrent.ThreadPoolExecutor$Worker.run(ThreadPoolExecutor.java:624)
        at java.lang.Thread.run(Thread.java:748)
"qtp707892422-189" daemon prio=5 tid=189 timed_waiting
java.lang.Thread.State: TIMED_WAITING
        at sun.misc.Unsafe.park(Native Method)
        at java.util.concurrent.locks.LockSupport.parkNanos(LockSupport.java:215)
        at java.util.concurrent.locks.AbstractQueuedSynchronizer$ConditionObject.awaitNanos(AbstractQueuedSynchronizer.java:2078)
        at org.eclipse.jetty.util.BlockingArrayQueue.poll(BlockingArrayQueue.java:392)
        at org.eclipse.jetty.util.thread.QueuedThreadPool.idleJobPoll(QueuedThreadPool.java:563)
        at org.eclipse.jetty.util.thread.QueuedThreadPool.access$800(QueuedThreadPool.java:48)
        at org.eclipse.jetty.util.thread.QueuedThreadPool$2.run(QueuedThreadPool.java:626)
        at java.lang.Thread.run(Thread.java:748)
"org.eclipse.jetty.server.session.HashSessionManager@6063d80aTimer" daemon prio=5 tid=97 timed_waiting
java.lang.Thread.State: TIMED_WAITING
        at sun.misc.Unsafe.park(Native Method)
        at java.util.concurrent.locks.LockSupport.parkNanos(LockSupport.java:215)
        at java.util.concurrent.locks.AbstractQueuedSynchronizer$ConditionObject.awaitNanos(AbstractQueuedSynchronizer.java:2078)
        at java.util.concurrent.ScheduledThreadPoolExecutor$DelayedWorkQueue.take(ScheduledThreadPoolExecutor.java:1093)
        at java.util.concurrent.ScheduledThreadPoolExecutor$DelayedWorkQueue.take(ScheduledThreadPoolExecutor.java:809)
        at java.util.concurrent.ThreadPoolExecutor.getTask(ThreadPoolExecutor.java:1074)
        at java.util.concurrent.ThreadPoolExecutor.runWorker(ThreadPoolExecutor.java:1134)
        at java.util.concurrent.ThreadPoolExecutor$Worker.run(ThreadPoolExecutor.java:624)
        at java.lang.Thread.run(Thread.java:748)
"metrics-hadoop-metrics2-reporter-16-thread-1" daemon prio=5 tid=560 timed_waiting
java.lang.Thread.State: TIMED_WAITING
        at sun.misc.Unsafe.park(Native Method)
        at java.util.concurrent.locks.LockSupport.parkNanos(LockSupport.java:215)
        at java.util.concurrent.locks.AbstractQueuedSynchronizer$ConditionObject.awaitNanos(AbstractQueuedSynchronizer.java:2078)
        at java.util.concurrent.ScheduledThreadPoolExecutor$DelayedWorkQueue.take(ScheduledThreadPoolExecutor.java:1093)
        at java.util.concurrent.ScheduledThreadPoolExecutor$DelayedWorkQueue.take(ScheduledThreadPoolExecutor.java:809)
        at java.util.concurrent.ThreadPoolExecutor.getTask(ThreadPoolExecutor.java:1074)
        at java.util.concurrent.ThreadPoolExecutor.runWorker(ThreadPoolExecutor.java:1134)
        at java.util.concurrent.ThreadPoolExecutor$Worker.run(ThreadPoolExecutor.java:624)
        at java.lang.Thread.run(Thread.java:748)
"IPC Server handler 4 on 40088" daemon prio=5 tid=53 timed_waiting
java.lang.Thread.State: TIMED_WAITING
        at sun.misc.Unsafe.park(Native Method)
        at java.util.concurrent.locks.LockSupport.parkNanos(LockSupport.java:215)
        at java.util.concurrent.locks.AbstractQueuedSynchronizer$ConditionObject.awaitNanos(AbstractQueuedSynchronizer.java:2078)
        at java.util.concurrent.LinkedBlockingQueue.poll(LinkedBlockingQueue.java:467)
        at org.apache.hadoop.ipc.CallQueueManager.take(CallQueueManager.java:288)
        at org.apache.hadoop.ipc.Server$Handler.run(Server.java:2668)
"IPC Server handler 4 on 38234" daemon prio=5 tid=118 timed_waiting
java.lang.Thread.State: TIMED_WAITING
        at sun.misc.Unsafe.park(Native Method)
        at java.util.concurrent.locks.LockSupport.parkNanos(LockSupport.java:215)
        at java.util.concurrent.locks.AbstractQueuedSynchronizer$ConditionObject.awaitNanos(AbstractQueuedSynchronizer.java:2078)
        at java.util.concurrent.LinkedBlockingQueue.poll(LinkedBlockingQueue.java:467)
        at org.apache.hadoop.ipc.CallQueueManager.take(CallQueueManager.java:288)
        at org.apache.hadoop.ipc.Server$Handler.run(Server.java:2668)
"IPC Server Responder" daemon prio=5 tid=21 runnable
java.lang.Thread.State: RUNNABLE
        at sun.nio.ch.EPollArrayWrapper.epollWait(Native Method)
        at sun.nio.ch.EPollArrayWrapper.poll(EPollArrayWrapper.java:269)
        at sun.nio.ch.EPollSelectorImpl.doSelect(EPollSelectorImpl.java:93)
        at sun.nio.ch.SelectorImpl.lockAndDoSelect(SelectorImpl.java:86)
        at sun.nio.ch.SelectorImpl.select(SelectorImpl.java:97)
        at org.apache.hadoop.ipc.Server$Responder.doRunLoop(Server.java:1334)
        at org.apache.hadoop.ipc.Server$Responder.run(Server.java:1317)
"IPC Server handler 16 on 34819" daemon prio=5 tid=45 timed_waiting
java.lang.Thread.State: TIMED_WAITING
        at sun.misc.Unsafe.park(Native Method)
        at java.util.concurrent.locks.LockSupport.parkNanos(LockSupport.java:215)
        at java.util.concurrent.locks.AbstractQueuedSynchronizer$ConditionObject.awaitNanos(AbstractQueuedSynchronizer.java:2078)
        at java.util.concurrent.LinkedBlockingQueue.poll(LinkedBlockingQueue.java:467)
        at org.apache.hadoop.ipc.CallQueueManager.take(CallQueueManager.java:288)
        at org.apache.hadoop.ipc.Server$Handler.run(Server.java:2668)
"pool-46-thread-47"  prio=5 tid=426 in Object.wait()
java.lang.Thread.State: WAITING (on object monitor)
        at sun.misc.Unsafe.park(Native Method)
        at java.util.concurrent.locks.LockSupport.park(LockSupport.java:175)
        at java.util.concurrent.locks.AbstractQueuedSynchronizer$ConditionObject.await(AbstractQueuedSynchronizer.java:2039)
        at java.util.concurrent.ArrayBlockingQueue.take(ArrayBlockingQueue.java:403)
        at java.util.concurrent.ThreadPoolExecutor.getTask(ThreadPoolExecutor.java:1074)
        at java.util.concurrent.ThreadPoolExecutor.runWorker(ThreadPoolExecutor.java:1134)
        at java.util.concurrent.ThreadPoolExecutor$Worker.run(ThreadPoolExecutor.java:624)
        at java.lang.Thread.run(Thread.java:748)
"SCMBlockDeletingService#0" daemon prio=5 tid=101 timed_waiting
java.lang.Thread.State: TIMED_WAITING
        at sun.misc.Unsafe.park(Native Method)
        at java.util.concurrent.locks.LockSupport.parkNanos(LockSupport.java:215)
        at java.util.concurrent.locks.AbstractQueuedSynchronizer$ConditionObject.awaitNanos(AbstractQueuedSynchronizer.java:2078)
        at java.util.concurrent.ScheduledThreadPoolExecutor$DelayedWorkQueue.take(ScheduledThreadPoolExecutor.java:1093)
        at java.util.concurrent.ScheduledThreadPoolExecutor$DelayedWorkQueue.take(ScheduledThreadPoolExecutor.java:809)
        at java.util.concurrent.ThreadPoolExecutor.getTask(ThreadPoolExecutor.java:1074)
        at java.util.concurrent.ThreadPoolExecutor.runWorker(ThreadPoolExecutor.java:1134)
        at java.util.concurrent.ThreadPoolExecutor$Worker.run(ThreadPoolExecutor.java:624)
        at java.lang.Thread.run(Thread.java:748)
"pool-56-thread-33"  prio=5 tid=472 in Object.wait()
java.lang.Thread.State: WAITING (on object monitor)
        at sun.misc.Unsafe.park(Native Method)
        at java.util.concurrent.locks.LockSupport.park(LockSupport.java:175)
        at java.util.concurrent.locks.AbstractQueuedSynchronizer$ConditionObject.await(AbstractQueuedSynchronizer.java:2039)
        at java.util.concurrent.ArrayBlockingQueue.take(ArrayBlockingQueue.java:403)
        at java.util.concurrent.ThreadPoolExecutor.getTask(ThreadPoolExecutor.java:1074)
        at java.util.concurrent.ThreadPoolExecutor.runWorker(ThreadPoolExecutor.java:1134)
        at java.util.concurrent.ThreadPoolExecutor$Worker.run(ThreadPoolExecutor.java:624)
        at java.lang.Thread.run(Thread.java:748)
"IPC Server handler 8 on 34819" daemon prio=5 tid=37 timed_waiting
java.lang.Thread.State: TIMED_WAITING
        at sun.misc.Unsafe.park(Native Method)
        at java.util.concurrent.locks.LockSupport.parkNanos(LockSupport.java:215)
        at java.util.concurrent.locks.AbstractQueuedSynchronizer$ConditionObject.awaitNanos(AbstractQueuedSynchronizer.java:2078)
        at java.util.concurrent.LinkedBlockingQueue.poll(LinkedBlockingQueue.java:467)
        at org.apache.hadoop.ipc.CallQueueManager.take(CallQueueManager.java:288)
        at org.apache.hadoop.ipc.Server$Handler.run(Server.java:2668)
"pool-26-thread-10"  prio=5 tid=279 in Object.wait()
java.lang.Thread.State: WAITING (on object monitor)
        at sun.misc.Unsafe.park(Native Method)
        at java.util.concurrent.locks.LockSupport.park(LockSupport.java:175)
        at java.util.concurrent.locks.AbstractQueuedSynchronizer$ConditionObject.await(AbstractQueuedSynchronizer.java:2039)
        at java.util.concurrent.ArrayBlockingQueue.take(ArrayBlockingQueue.java:403)
        at java.util.concurrent.ThreadPoolExecutor.getTask(ThreadPoolExecutor.java:1074)
        at java.util.concurrent.ThreadPoolExecutor.runWorker(ThreadPoolExecutor.java:1134)
        at java.util.concurrent.ThreadPoolExecutor$Worker.run(ThreadPoolExecutor.java:624)
        at java.lang.Thread.run(Thread.java:748)
"qtp206310209-139" daemon prio=5 tid=139 timed_waiting
java.lang.Thread.State: TIMED_WAITING
        at sun.misc.Unsafe.park(Native Method)
        at java.util.concurrent.locks.LockSupport.parkNanos(LockSupport.java:215)
        at java.util.concurrent.locks.AbstractQueuedSynchronizer$ConditionObject.awaitNanos(AbstractQueuedSynchronizer.java:2078)
        at org.eclipse.jetty.util.BlockingArrayQueue.poll(BlockingArrayQueue.java:392)
        at org.eclipse.jetty.util.thread.QueuedThreadPool.idleJobPoll(QueuedThreadPool.java:563)
        at org.eclipse.jetty.util.thread.QueuedThreadPool.access$800(QueuedThreadPool.java:48)
        at org.eclipse.jetty.util.thread.QueuedThreadPool$2.run(QueuedThreadPool.java:626)
        at java.lang.Thread.run(Thread.java:748)
"pool-44-thread-1" daemon prio=5 tid=210 timed_waiting
java.lang.Thread.State: TIMED_WAITING
        at sun.misc.Unsafe.park(Native Method)
        at java.util.concurrent.locks.LockSupport.parkNanos(LockSupport.java:215)
        at java.util.concurrent.locks.AbstractQueuedSynchronizer$ConditionObject.awaitNanos(AbstractQueuedSynchronizer.java:2078)
        at java.util.concurrent.ScheduledThreadPoolExecutor$DelayedWorkQueue.take(ScheduledThreadPoolExecutor.java:1093)
        at java.util.concurrent.ScheduledThreadPoolExecutor$DelayedWorkQueue.take(ScheduledThreadPoolExecutor.java:809)
        at java.util.concurrent.ThreadPoolExecutor.getTask(ThreadPoolExecutor.java:1074)
        at java.util.concurrent.ThreadPoolExecutor.runWorker(ThreadPoolExecutor.java:1134)
        at java.util.concurrent.ThreadPoolExecutor$Worker.run(ThreadPoolExecutor.java:624)
        at java.lang.Thread.run(Thread.java:748)
"pool-57-thread-1"  prio=5 tid=555 in Object.wait()
java.lang.Thread.State: WAITING (on object monitor)
        at sun.misc.Unsafe.park(Native Method)
        at java.util.concurrent.locks.LockSupport.park(LockSupport.java:175)
        at java.util.concurrent.locks.AbstractQueuedSynchronizer$ConditionObject.await(AbstractQueuedSynchronizer.java:2039)
        at java.util.concurrent.LinkedBlockingQueue.take(LinkedBlockingQueue.java:442)
        at java.util.concurrent.ThreadPoolExecutor.getTask(ThreadPoolExecutor.java:1074)
        at java.util.concurrent.ThreadPoolExecutor.runWorker(ThreadPoolExecutor.java:1134)
        at java.util.concurrent.ThreadPoolExecutor$Worker.run(ThreadPoolExecutor.java:624)
        at java.lang.Thread.run(Thread.java:748)
"metrics-hadoop-metrics2-reporter-41-thread-1" daemon prio=5 tid=732 timed_waiting
java.lang.Thread.State: TIMED_WAITING
        at sun.misc.Unsafe.park(Native Method)
        at java.util.concurrent.locks.LockSupport.parkNanos(LockSupport.java:215)
        at java.util.concurrent.locks.AbstractQueuedSynchronizer$ConditionObject.awaitNanos(AbstractQueuedSynchronizer.java:2078)
        at java.util.concurrent.ScheduledThreadPoolExecutor$DelayedWorkQueue.take(ScheduledThreadPoolExecutor.java:1093)
        at java.util.concurrent.ScheduledThreadPoolExecutor$DelayedWorkQueue.take(ScheduledThreadPoolExecutor.java:809)
        at java.util.concurrent.ThreadPoolExecutor.getTask(ThreadPoolExecutor.java:1074)
        at java.util.concurrent.ThreadPoolExecutor.runWorker(ThreadPoolExecutor.java:1134)
        at java.util.concurrent.ThreadPoolExecutor$Worker.run(ThreadPoolExecutor.java:624)
        at java.lang.Thread.run(Thread.java:748)
"pool-46-thread-45"  prio=5 tid=424 in Object.wait()
java.lang.Thread.State: WAITING (on object monitor)
        at sun.misc.Unsafe.park(Native Method)
        at java.util.concurrent.locks.LockSupport.park(LockSupport.java:175)
        at java.util.concurrent.locks.AbstractQueuedSynchronizer$ConditionObject.await(AbstractQueuedSynchronizer.java:2039)
        at java.util.concurrent.ArrayBlockingQueue.take(ArrayBlockingQueue.java:403)
        at java.util.concurrent.ThreadPoolExecutor.getTask(ThreadPoolExecutor.java:1074)
        at java.util.concurrent.ThreadPoolExecutor.runWorker(ThreadPoolExecutor.java:1134)
        at java.util.concurrent.ThreadPoolExecutor$Worker.run(ThreadPoolExecutor.java:624)
        at java.lang.Thread.run(Thread.java:748)
"BlockDeletingService#0" daemon prio=5 tid=504 timed_waiting
java.lang.Thread.State: TIMED_WAITING
        at sun.misc.Unsafe.park(Native Method)
        at java.util.concurrent.locks.LockSupport.parkNanos(LockSupport.java:215)
        at java.util.concurrent.locks.AbstractQueuedSynchronizer$ConditionObject.awaitNanos(AbstractQueuedSynchronizer.java:2078)
        at java.util.concurrent.ScheduledThreadPoolExecutor$DelayedWorkQueue.take(ScheduledThreadPoolExecutor.java:1093)
        at java.util.concurrent.ScheduledThreadPoolExecutor$DelayedWorkQueue.take(ScheduledThreadPoolExecutor.java:809)
        at java.util.concurrent.ThreadPoolExecutor.getTask(ThreadPoolExecutor.java:1074)
        at java.util.concurrent.ThreadPoolExecutor.runWorker(ThreadPoolExecutor.java:1134)
        at java.util.concurrent.ThreadPoolExecutor$Worker.run(ThreadPoolExecutor.java:624)
        at java.lang.Thread.run(Thread.java:748)
"pool-46-thread-26"  prio=5 tid=405 in Object.wait()
java.lang.Thread.State: WAITING (on object monitor)
        at sun.misc.Unsafe.park(Native Method)
        at java.util.concurrent.locks.LockSupport.park(LockSupport.java:175)
        at java.util.concurrent.locks.AbstractQueuedSynchronizer$ConditionObject.await(AbstractQueuedSynchronizer.java:2039)
        at java.util.concurrent.ArrayBlockingQueue.take(ArrayBlockingQueue.java:403)
        at java.util.concurrent.ThreadPoolExecutor.getTask(ThreadPoolExecutor.java:1074)
        at java.util.concurrent.ThreadPoolExecutor.runWorker(ThreadPoolExecutor.java:1134)
        at java.util.concurrent.ThreadPoolExecutor$Worker.run(ThreadPoolExecutor.java:624)
        at java.lang.Thread.run(Thread.java:748)
"metrics-hadoop-metrics2-reporter-31-thread-1" daemon prio=5 tid=613 timed_waiting
java.lang.Thread.State: TIMED_WAITING
        at sun.misc.Unsafe.park(Native Method)
        at java.util.concurrent.locks.LockSupport.parkNanos(LockSupport.java:215)
        at java.util.concurrent.locks.AbstractQueuedSynchronizer$ConditionObject.awaitNanos(AbstractQueuedSynchronizer.java:2078)
        at java.util.concurrent.ScheduledThreadPoolExecutor$DelayedWorkQueue.take(ScheduledThreadPoolExecutor.java:1093)
        at java.util.concurrent.ScheduledThreadPoolExecutor$DelayedWorkQueue.take(ScheduledThreadPoolExecutor.java:809)
        at java.util.concurrent.ThreadPoolExecutor.getTask(ThreadPoolExecutor.java:1074)
        at java.util.concurrent.ThreadPoolExecutor.runWorker(ThreadPoolExecutor.java:1134)
        at java.util.concurrent.ThreadPoolExecutor$Worker.run(ThreadPoolExecutor.java:624)
        at java.lang.Thread.run(Thread.java:748)
"pool-26-thread-41"  prio=5 tid=341 in Object.wait()
java.lang.Thread.State: WAITING (on object monitor)
        at sun.misc.Unsafe.park(Native Method)
        at java.util.concurrent.locks.LockSupport.park(LockSupport.java:175)
        at java.util.concurrent.locks.AbstractQueuedSynchronizer$ConditionObject.await(AbstractQueuedSynchronizer.java:2039)
        at java.util.concurrent.ArrayBlockingQueue.take(ArrayBlockingQueue.java:403)
        at java.util.concurrent.ThreadPoolExecutor.getTask(ThreadPoolExecutor.java:1074)
        at java.util.concurrent.ThreadPoolExecutor.runWorker(ThreadPoolExecutor.java:1134)
        at java.util.concurrent.ThreadPoolExecutor$Worker.run(ThreadPoolExecutor.java:624)
        at java.lang.Thread.run(Thread.java:748)
"qtp292890110-244" daemon prio=5 tid=244 timed_waiting
java.lang.Thread.State: TIMED_WAITING
        at sun.misc.Unsafe.park(Native Method)
        at java.util.concurrent.locks.LockSupport.parkNanos(LockSupport.java:215)
        at java.util.concurrent.locks.AbstractQueuedSynchronizer$ConditionObject.awaitNanos(AbstractQueuedSynchronizer.java:2078)
        at org.eclipse.jetty.util.BlockingArrayQueue.poll(BlockingArrayQueue.java:392)
        at org.eclipse.jetty.util.thread.QueuedThreadPool.idleJobPoll(QueuedThreadPool.java:563)
        at org.eclipse.jetty.util.thread.QueuedThreadPool.access$800(QueuedThreadPool.java:48)
        at org.eclipse.jetty.util.thread.QueuedThreadPool$2.run(QueuedThreadPool.java:626)
        at java.lang.Thread.run(Thread.java:748)
"pool-26-thread-3"  prio=5 tid=265 in Object.wait()
java.lang.Thread.State: WAITING (on object monitor)
        at sun.misc.Unsafe.park(Native Method)
        at java.util.concurrent.locks.LockSupport.park(LockSupport.java:175)
        at java.util.concurrent.locks.AbstractQueuedSynchronizer$ConditionObject.await(AbstractQueuedSynchronizer.java:2039)
        at java.util.concurrent.ArrayBlockingQueue.take(ArrayBlockingQueue.java:403)
        at java.util.concurrent.ThreadPoolExecutor.getTask(ThreadPoolExecutor.java:1074)
        at java.util.concurrent.ThreadPoolExecutor.runWorker(ThreadPoolExecutor.java:1134)
        at java.util.concurrent.ThreadPoolExecutor$Worker.run(ThreadPoolExecutor.java:624)
        at java.lang.Thread.run(Thread.java:748)
"pool-37-thread-1"  prio=5 tid=545 in Object.wait()
java.lang.Thread.State: WAITING (on object monitor)
        at sun.misc.Unsafe.park(Native Method)
        at java.util.concurrent.locks.LockSupport.park(LockSupport.java:175)
        at java.util.concurrent.locks.AbstractQueuedSynchronizer$ConditionObject.await(AbstractQueuedSynchronizer.java:2039)
        at java.util.concurrent.LinkedBlockingQueue.take(LinkedBlockingQueue.java:442)
        at java.util.concurrent.ThreadPoolExecutor.getTask(ThreadPoolExecutor.java:1074)
        at java.util.concurrent.ThreadPoolExecutor.runWorker(ThreadPoolExecutor.java:1134)
        at java.util.concurrent.ThreadPoolExecutor$Worker.run(ThreadPoolExecutor.java:624)
        at java.lang.Thread.run(Thread.java:748)
"pool-46-thread-57"  prio=5 tid=436 in Object.wait()
java.lang.Thread.State: WAITING (on object monitor)
        at sun.misc.Unsafe.park(Native Method)
        at java.util.concurrent.locks.LockSupport.park(LockSupport.java:175)
        at java.util.concurrent.locks.AbstractQueuedSynchronizer$ConditionObject.await(AbstractQueuedSynchronizer.java:2039)
        at java.util.concurrent.ArrayBlockingQueue.take(ArrayBlockingQueue.java:403)
        at java.util.concurrent.ThreadPoolExecutor.getTask(ThreadPoolExecutor.java:1074)
        at java.util.concurrent.ThreadPoolExecutor.runWorker(ThreadPoolExecutor.java:1134)
        at java.util.concurrent.ThreadPoolExecutor$Worker.run(ThreadPoolExecutor.java:624)
        at java.lang.Thread.run(Thread.java:748)
"SCM Heartbeat Processing Thread - 0" daemon prio=5 tid=13 timed_waiting
java.lang.Thread.State: TIMED_WAITING
        at sun.misc.Unsafe.park(Native Method)
        at java.util.concurrent.locks.LockSupport.parkNanos(LockSupport.java:215)
        at java.util.concurrent.locks.AbstractQueuedSynchronizer$ConditionObject.awaitNanos(AbstractQueuedSynchronizer.java:2078)
        at java.util.concurrent.ScheduledThreadPoolExecutor$DelayedWorkQueue.take(ScheduledThreadPoolExecutor.java:1093)
        at java.util.concurrent.ScheduledThreadPoolExecutor$DelayedWorkQueue.take(ScheduledThreadPoolExecutor.java:809)
        at java.util.concurrent.ThreadPoolExecutor.getTask(ThreadPoolExecutor.java:1074)
        at java.util.concurrent.ThreadPoolExecutor.runWorker(ThreadPoolExecutor.java:1134)
        at java.util.concurrent.ThreadPoolExecutor$Worker.run(ThreadPoolExecutor.java:624)
        at java.lang.Thread.run(Thread.java:748)
"Thread-213" daemon prio=5 tid=574 timed_waiting
java.lang.Thread.State: TIMED_WAITING
        at sun.misc.Unsafe.park(Native Method)
        at java.util.concurrent.locks.LockSupport.parkNanos(LockSupport.java:215)
        at java.util.concurrent.locks.AbstractQueuedSynchronizer$ConditionObject.awaitNanos(AbstractQueuedSynchronizer.java:2078)
        at java.util.concurrent.ArrayBlockingQueue.poll(ArrayBlockingQueue.java:418)
        at org.apache.ratis.server.impl.LeaderState$EventQueue.poll(LeaderState.java:115)
        at org.apache.ratis.server.impl.LeaderState$EventProcessor.run(LeaderState.java:467)
"pool-24-thread-1" daemon prio=5 tid=156 timed_waiting
java.lang.Thread.State: TIMED_WAITING
        at sun.misc.Unsafe.park(Native Method)
        at java.util.concurrent.locks.LockSupport.parkNanos(LockSupport.java:215)
        at java.util.concurrent.locks.AbstractQueuedSynchronizer$ConditionObject.awaitNanos(AbstractQueuedSynchronizer.java:2078)
        at java.util.concurrent.ScheduledThreadPoolExecutor$DelayedWorkQueue.take(ScheduledThreadPoolExecutor.java:1093)
        at java.util.concurrent.ScheduledThreadPoolExecutor$DelayedWorkQueue.take(ScheduledThreadPoolExecutor.java:809)
        at java.util.concurrent.ThreadPoolExecutor.getTask(ThreadPoolExecutor.java:1074)
        at java.util.concurrent.ThreadPoolExecutor.runWorker(ThreadPoolExecutor.java:1134)
        at java.util.concurrent.ThreadPoolExecutor$Worker.run(ThreadPoolExecutor.java:624)
        at java.lang.Thread.run(Thread.java:748)
"pool-46-thread-18"  prio=5 tid=397 in Object.wait()
java.lang.Thread.State: WAITING (on object monitor)
        at sun.misc.Unsafe.park(Native Method)
        at java.util.concurrent.locks.LockSupport.park(LockSupport.java:175)
        at java.util.concurrent.locks.AbstractQueuedSynchronizer$ConditionObject.await(AbstractQueuedSynchronizer.java:2039)
        at java.util.concurrent.ArrayBlockingQueue.take(ArrayBlockingQueue.java:403)
        at java.util.concurrent.ThreadPoolExecutor.getTask(ThreadPoolExecutor.java:1074)
        at java.util.concurrent.ThreadPoolExecutor.runWorker(ThreadPoolExecutor.java:1134)
        at java.util.concurrent.ThreadPoolExecutor$Worker.run(ThreadPoolExecutor.java:624)
        at java.lang.Thread.run(Thread.java:748)
"Periodic HDDS volume checker"  prio=5 tid=233 timed_waiting
java.lang.Thread.State: TIMED_WAITING
        at sun.misc.Unsafe.park(Native Method)
        at java.util.concurrent.locks.LockSupport.parkNanos(LockSupport.java:215)
        at java.util.concurrent.locks.AbstractQueuedSynchronizer$ConditionObject.awaitNanos(AbstractQueuedSynchronizer.java:2078)
        at java.util.concurrent.ScheduledThreadPoolExecutor$DelayedWorkQueue.take(ScheduledThreadPoolExecutor.java:1093)
        at java.util.concurrent.ScheduledThreadPoolExecutor$DelayedWorkQueue.take(ScheduledThreadPoolExecutor.java:809)
        at java.util.concurrent.ThreadPoolExecutor.getTask(ThreadPoolExecutor.java:1074)
        at java.util.concurrent.ThreadPoolExecutor.runWorker(ThreadPoolExecutor.java:1134)
        at java.util.concurrent.ThreadPoolExecutor$Worker.run(ThreadPoolExecutor.java:624)
        at java.lang.Thread.run(Thread.java:748)
"pool-26-thread-36"  prio=5 tid=331 in Object.wait()
java.lang.Thread.State: WAITING (on object monitor)
        at sun.misc.Unsafe.park(Native Method)
        at java.util.concurrent.locks.LockSupport.park(LockSupport.java:175)
        at java.util.concurrent.locks.AbstractQueuedSynchronizer$ConditionObject.await(AbstractQueuedSynchronizer.java:2039)
        at java.util.concurrent.ArrayBlockingQueue.take(ArrayBlockingQueue.java:403)
        at java.util.concurrent.ThreadPoolExecutor.getTask(ThreadPoolExecutor.java:1074)
        at java.util.concurrent.ThreadPoolExecutor.runWorker(ThreadPoolExecutor.java:1134)
        at java.util.concurrent.ThreadPoolExecutor$Worker.run(ThreadPoolExecutor.java:624)
        at java.lang.Thread.run(Thread.java:748)
"metrics-hadoop-metrics2-reporter-11-thread-1" daemon prio=5 tid=549 timed_waiting
java.lang.Thread.State: TIMED_WAITING
        at sun.misc.Unsafe.park(Native Method)
        at java.util.concurrent.locks.LockSupport.parkNanos(LockSupport.java:215)
        at java.util.concurrent.locks.AbstractQueuedSynchronizer$ConditionObject.awaitNanos(AbstractQueuedSynchronizer.java:2078)
        at java.util.concurrent.ScheduledThreadPoolExecutor$DelayedWorkQueue.take(ScheduledThreadPoolExecutor.java:1093)
        at java.util.concurrent.ScheduledThreadPoolExecutor$DelayedWorkQueue.take(ScheduledThreadPoolExecutor.java:809)
        at java.util.concurrent.ThreadPoolExecutor.getTask(ThreadPoolExecutor.java:1074)
        at java.util.concurrent.ThreadPoolExecutor.runWorker(ThreadPoolExecutor.java:1134)
        at java.util.concurrent.ThreadPoolExecutor$Worker.run(ThreadPoolExecutor.java:624)
        at java.lang.Thread.run(Thread.java:748)
"qtp1713847712-219" daemon prio=5 tid=219 timed_waiting
java.lang.Thread.State: TIMED_WAITING
        at sun.misc.Unsafe.park(Native Method)
        at java.util.concurrent.locks.LockSupport.parkNanos(LockSupport.java:215)
        at java.util.concurrent.locks.AbstractQueuedSynchronizer$ConditionObject.awaitNanos(AbstractQueuedSynchronizer.java:2078)
        at org.eclipse.jetty.util.BlockingArrayQueue.poll(BlockingArrayQueue.java:392)
        at org.eclipse.jetty.util.thread.QueuedThreadPool.idleJobPoll(QueuedThreadPool.java:563)
        at org.eclipse.jetty.util.thread.QueuedThreadPool.access$800(QueuedThreadPool.java:48)
        at org.eclipse.jetty.util.thread.QueuedThreadPool$2.run(QueuedThreadPool.java:626)
        at java.lang.Thread.run(Thread.java:748)
"metrics-hadoop-metrics2-reporter-19-thread-1" daemon prio=5 tid=567 timed_waiting
java.lang.Thread.State: TIMED_WAITING
        at sun.misc.Unsafe.park(Native Method)
        at java.util.concurrent.locks.LockSupport.parkNanos(LockSupport.java:215)
        at java.util.concurrent.locks.AbstractQueuedSynchronizer$ConditionObject.awaitNanos(AbstractQueuedSynchronizer.java:2078)
        at java.util.concurrent.ScheduledThreadPoolExecutor$DelayedWorkQueue.take(ScheduledThreadPoolExecutor.java:1093)
        at java.util.concurrent.ScheduledThreadPoolExecutor$DelayedWorkQueue.take(ScheduledThreadPoolExecutor.java:809)
        at java.util.concurrent.ThreadPoolExecutor.getTask(ThreadPoolExecutor.java:1074)
        at java.util.concurrent.ThreadPoolExecutor.runWorker(ThreadPoolExecutor.java:1134)
        at java.util.concurrent.ThreadPoolExecutor$Worker.run(ThreadPoolExecutor.java:624)
        at java.lang.Thread.run(Thread.java:748)
"pool-56-thread-27"  prio=5 tid=466 in Object.wait()
java.lang.Thread.State: WAITING (on object monitor)
        at sun.misc.Unsafe.park(Native Method)
        at java.util.concurrent.locks.LockSupport.park(LockSupport.java:175)
        at java.util.concurrent.locks.AbstractQueuedSynchronizer$ConditionObject.await(AbstractQueuedSynchronizer.java:2039)
        at java.util.concurrent.ArrayBlockingQueue.take(ArrayBlockingQueue.java:403)
        at java.util.concurrent.ThreadPoolExecutor.getTask(ThreadPoolExecutor.java:1074)
        at java.util.concurrent.ThreadPoolExecutor.runWorker(ThreadPoolExecutor.java:1134)
        at java.util.concurrent.ThreadPoolExecutor$Worker.run(ThreadPoolExecutor.java:624)
        at java.lang.Thread.run(Thread.java:748)
"pool-26-thread-45"  prio=5 tid=349 in Object.wait()
java.lang.Thread.State: WAITING (on object monitor)
        at sun.misc.Unsafe.park(Native Method)
        at java.util.concurrent.locks.LockSupport.park(LockSupport.java:175)
        at java.util.concurrent.locks.AbstractQueuedSynchronizer$ConditionObject.await(AbstractQueuedSynchronizer.java:2039)
        at java.util.concurrent.ArrayBlockingQueue.take(ArrayBlockingQueue.java:403)
        at java.util.concurrent.ThreadPoolExecutor.getTask(ThreadPoolExecutor.java:1074)
        at java.util.concurrent.ThreadPoolExecutor.runWorker(ThreadPoolExecutor.java:1134)
        at java.util.concurrent.ThreadPoolExecutor$Worker.run(ThreadPoolExecutor.java:624)
        at java.lang.Thread.run(Thread.java:748)
"metrics-hadoop-metrics2-reporter-3-thread-1" daemon prio=5 tid=528 timed_waiting
java.lang.Thread.State: TIMED_WAITING
        at sun.misc.Unsafe.park(Native Method)
        at java.util.concurrent.locks.LockSupport.parkNanos(LockSupport.java:215)
        at java.util.concurrent.locks.AbstractQueuedSynchronizer$ConditionObject.awaitNanos(AbstractQueuedSynchronizer.java:2078)
        at java.util.concurrent.ScheduledThreadPoolExecutor$DelayedWorkQueue.take(ScheduledThreadPoolExecutor.java:1093)
        at java.util.concurrent.ScheduledThreadPoolExecutor$DelayedWorkQueue.take(ScheduledThreadPoolExecutor.java:809)
        at java.util.concurrent.ThreadPoolExecutor.getTask(ThreadPoolExecutor.java:1074)
        at java.util.concurrent.ThreadPoolExecutor.runWorker(ThreadPoolExecutor.java:1134)
        at java.util.concurrent.ThreadPoolExecutor$Worker.run(ThreadPoolExecutor.java:624)
        at java.lang.Thread.run(Thread.java:748)
"pool-56-thread-57"  prio=5 tid=496 in Object.wait()
java.lang.Thread.State: WAITING (on object monitor)
        at sun.misc.Unsafe.park(Native Method)
        at java.util.concurrent.locks.LockSupport.park(LockSupport.java:175)
        at java.util.concurrent.locks.AbstractQueuedSynchronizer$ConditionObject.await(AbstractQueuedSynchronizer.java:2039)
        at java.util.concurrent.ArrayBlockingQueue.take(ArrayBlockingQueue.java:403)
        at java.util.concurrent.ThreadPoolExecutor.getTask(ThreadPoolExecutor.java:1074)
        at java.util.concurrent.ThreadPoolExecutor.runWorker(ThreadPoolExecutor.java:1134)
        at java.util.concurrent.ThreadPoolExecutor$Worker.run(ThreadPoolExecutor.java:624)
        at java.lang.Thread.run(Thread.java:748)
"pool-56-thread-35"  prio=5 tid=474 in Object.wait()
java.lang.Thread.State: WAITING (on object monitor)
        at sun.misc.Unsafe.park(Native Method)
        at java.util.concurrent.locks.LockSupport.park(LockSupport.java:175)
        at java.util.concurrent.locks.AbstractQueuedSynchronizer$ConditionObject.await(AbstractQueuedSynchronizer.java:2039)
        at java.util.concurrent.ArrayBlockingQueue.take(ArrayBlockingQueue.java:403)
        at java.util.concurrent.ThreadPoolExecutor.getTask(ThreadPoolExecutor.java:1074)
        at java.util.concurrent.ThreadPoolExecutor.runWorker(ThreadPoolExecutor.java:1134)
        at java.util.concurrent.ThreadPoolExecutor$Worker.run(ThreadPoolExecutor.java:624)
        at java.lang.Thread.run(Thread.java:748)
"Thread-198" daemon prio=5 tid=535 timed_waiting
java.lang.Thread.State: TIMED_WAITING
        at sun.misc.Unsafe.park(Native Method)
        at java.util.concurrent.locks.LockSupport.parkNanos(LockSupport.java:215)
        at java.util.concurrent.locks.AbstractQueuedSynchronizer$ConditionObject.awaitNanos(AbstractQueuedSynchronizer.java:2078)
        at java.util.concurrent.ArrayBlockingQueue.poll(ArrayBlockingQueue.java:418)
        at org.apache.ratis.server.impl.LeaderState$EventQueue.poll(LeaderState.java:115)
        at org.apache.ratis.server.impl.LeaderState$EventProcessor.run(LeaderState.java:467)
"EventQueue-SafemodestatusForSafeModeHandler" daemon prio=5 tid=515 in Object.wait()
java.lang.Thread.State: WAITING (on object monitor)
        at sun.misc.Unsafe.park(Native Method)
        at java.util.concurrent.locks.LockSupport.park(LockSupport.java:175)
        at java.util.concurrent.locks.AbstractQueuedSynchronizer$ConditionObject.await(AbstractQueuedSynchronizer.java:2039)
        at java.util.concurrent.LinkedBlockingQueue.take(LinkedBlockingQueue.java:442)
        at java.util.concurrent.ThreadPoolExecutor.getTask(ThreadPoolExecutor.java:1074)
        at java.util.concurrent.ThreadPoolExecutor.runWorker(ThreadPoolExecutor.java:1134)
        at java.util.concurrent.ThreadPoolExecutor$Worker.run(ThreadPoolExecutor.java:624)
        at java.lang.Thread.run(Thread.java:748)
"Timer for 'StorageContainerManager' metrics system" daemon prio=5 tid=27 timed_waiting
java.lang.Thread.State: TIMED_WAITING
        at java.lang.Object.wait(Native Method)
        at java.util.TimerThread.mainLoop(Timer.java:552)
        at java.util.TimerThread.run(Timer.java:505)
"pool-36-thread-28"  prio=5 tid=314 in Object.wait()
java.lang.Thread.State: WAITING (on object monitor)
        at sun.misc.Unsafe.park(Native Method)
        at java.util.concurrent.locks.LockSupport.park(LockSupport.java:175)
        at java.util.concurrent.locks.AbstractQueuedSynchronizer$ConditionObject.await(AbstractQueuedSynchronizer.java:2039)
        at java.util.concurrent.ArrayBlockingQueue.take(ArrayBlockingQueue.java:403)
        at java.util.concurrent.ThreadPoolExecutor.getTask(ThreadPoolExecutor.java:1074)
        at java.util.concurrent.ThreadPoolExecutor.runWorker(ThreadPoolExecutor.java:1134)
        at java.util.concurrent.ThreadPoolExecutor$Worker.run(ThreadPoolExecutor.java:624)
        at java.lang.Thread.run(Thread.java:748)
"metrics-hadoop-metrics2-reporter-9-thread-1" daemon prio=5 tid=543 timed_waiting
java.lang.Thread.State: TIMED_WAITING
        at sun.misc.Unsafe.park(Native Method)
        at java.util.concurrent.locks.LockSupport.parkNanos(LockSupport.java:215)
        at java.util.concurrent.locks.AbstractQueuedSynchronizer$ConditionObject.awaitNanos(AbstractQueuedSynchronizer.java:2078)
        at java.util.concurrent.ScheduledThreadPoolExecutor$DelayedWorkQueue.take(ScheduledThreadPoolExecutor.java:1093)
        at java.util.concurrent.ScheduledThreadPoolExecutor$DelayedWorkQueue.take(ScheduledThreadPoolExecutor.java:809)
        at java.util.concurrent.ThreadPoolExecutor.getTask(ThreadPoolExecutor.java:1074)
        at java.util.concurrent.ThreadPoolExecutor.runWorker(ThreadPoolExecutor.java:1134)
        at java.util.concurrent.ThreadPoolExecutor$Worker.run(ThreadPoolExecutor.java:624)
        at java.lang.Thread.run(Thread.java:748)
"pool-56-thread-15"  prio=5 tid=454 in Object.wait()
java.lang.Thread.State: WAITING (on object monitor)
        at sun.misc.Unsafe.park(Native Method)
        at java.util.concurrent.locks.LockSupport.park(LockSupport.java:175)
        at java.util.concurrent.locks.AbstractQueuedSynchronizer$ConditionObject.await(AbstractQueuedSynchronizer.java:2039)
        at java.util.concurrent.ArrayBlockingQueue.take(ArrayBlockingQueue.java:403)
        at java.util.concurrent.ThreadPoolExecutor.getTask(ThreadPoolExecutor.java:1074)
        at java.util.concurrent.ThreadPoolExecutor.runWorker(ThreadPoolExecutor.java:1134)
        at java.util.concurrent.ThreadPoolExecutor$Worker.run(ThreadPoolExecutor.java:624)
        at java.lang.Thread.run(Thread.java:748)
"pool-56-thread-56"  prio=5 tid=495 in Object.wait()
java.lang.Thread.State: WAITING (on object monitor)
        at sun.misc.Unsafe.park(Native Method)
        at java.util.concurrent.locks.LockSupport.park(LockSupport.java:175)
        at java.util.concurrent.locks.AbstractQueuedSynchronizer$ConditionObject.await(AbstractQueuedSynchronizer.java:2039)
        at java.util.concurrent.ArrayBlockingQueue.take(ArrayBlockingQueue.java:403)
        at java.util.concurrent.ThreadPoolExecutor.getTask(ThreadPoolExecutor.java:1074)
        at java.util.concurrent.ThreadPoolExecutor.runWorker(ThreadPoolExecutor.java:1134)
        at java.util.concurrent.ThreadPoolExecutor$Worker.run(ThreadPoolExecutor.java:624)
        at java.lang.Thread.run(Thread.java:748)
"IPC Server handler 12 on 34339" daemon prio=5 tid=81 timed_waiting
java.lang.Thread.State: TIMED_WAITING
        at sun.misc.Unsafe.park(Native Method)
        at java.util.concurrent.locks.LockSupport.parkNanos(LockSupport.java:215)
        at java.util.concurrent.locks.AbstractQueuedSynchronizer$ConditionObject.awaitNanos(AbstractQueuedSynchronizer.java:2078)
        at java.util.concurrent.LinkedBlockingQueue.poll(LinkedBlockingQueue.java:467)
        at org.apache.hadoop.ipc.CallQueueManager.take(CallQueueManager.java:288)
        at org.apache.hadoop.ipc.Server$Handler.run(Server.java:2668)
"refreshUsed-/workdir/hadoop-ozone/integration-test/target/test-dir/MiniOzoneClusterImpl-6c8aceb3-2805-42ee-9a98-c3760435b865/datanode-3/data/containers" daemon prio=5 tid=235 timed_waiting
java.lang.Thread.State: TIMED_WAITING
        at java.lang.Thread.sleep(Native Method)
        at org.apache.hadoop.fs.CachingGetSpaceUsed$RefreshThread.run(CachingGetSpaceUsed.java:179)
        at java.lang.Thread.run(Thread.java:748)
"pool-26-thread-9"  prio=5 tid=276 in Object.wait()
java.lang.Thread.State: WAITING (on object monitor)
        at sun.misc.Unsafe.park(Native Method)
        at java.util.concurrent.locks.LockSupport.park(LockSupport.java:175)
        at java.util.concurrent.locks.AbstractQueuedSynchronizer$ConditionObject.await(AbstractQueuedSynchronizer.java:2039)
        at java.util.concurrent.ArrayBlockingQueue.take(ArrayBlockingQueue.java:403)
        at java.util.concurrent.ThreadPoolExecutor.getTask(ThreadPoolExecutor.java:1074)
        at java.util.concurrent.ThreadPoolExecutor.runWorker(ThreadPoolExecutor.java:1134)
        at java.util.concurrent.ThreadPoolExecutor$Worker.run(ThreadPoolExecutor.java:624)
        at java.lang.Thread.run(Thread.java:748)
"org.eclipse.jetty.server.session.HashSessionManager@277bf091Timer" daemon prio=5 tid=194 timed_waiting
java.lang.Thread.State: TIMED_WAITING
        at sun.misc.Unsafe.park(Native Method)
        at java.util.concurrent.locks.LockSupport.parkNanos(LockSupport.java:215)
        at java.util.concurrent.locks.AbstractQueuedSynchronizer$ConditionObject.awaitNanos(AbstractQueuedSynchronizer.java:2078)
        at java.util.concurrent.ScheduledThreadPoolExecutor$DelayedWorkQueue.take(ScheduledThreadPoolExecutor.java:1093)
        at java.util.concurrent.ScheduledThreadPoolExecutor$DelayedWorkQueue.take(ScheduledThreadPoolExecutor.java:809)
        at java.util.concurrent.ThreadPoolExecutor.getTask(ThreadPoolExecutor.java:1074)
        at java.util.concurrent.ThreadPoolExecutor.runWorker(ThreadPoolExecutor.java:1134)
        at java.util.concurrent.ThreadPoolExecutor$Worker.run(ThreadPoolExecutor.java:624)
        at java.lang.Thread.run(Thread.java:748)
"qtp206310209-143" daemon prio=5 tid=143 timed_waiting
java.lang.Thread.State: TIMED_WAITING
        at sun.misc.Unsafe.park(Native Method)
        at java.util.concurrent.locks.LockSupport.parkNanos(LockSupport.java:215)
        at java.util.concurrent.locks.AbstractQueuedSynchronizer$ConditionObject.awaitNanos(AbstractQueuedSynchronizer.java:2078)
        at org.eclipse.jetty.util.BlockingArrayQueue.poll(BlockingArrayQueue.java:392)
        at org.eclipse.jetty.util.thread.QueuedThreadPool.idleJobPoll(QueuedThreadPool.java:563)
        at org.eclipse.jetty.util.thread.QueuedThreadPool.access$800(QueuedThreadPool.java:48)
        at org.eclipse.jetty.util.thread.QueuedThreadPool$2.run(QueuedThreadPool.java:626)
        at java.lang.Thread.run(Thread.java:748)
"Finalizer" daemon prio=8 tid=3 in Object.wait()
java.lang.Thread.State: WAITING (on object monitor)
        at java.lang.Object.wait(Native Method)
        at java.lang.ref.ReferenceQueue.remove(ReferenceQueue.java:144)
        at java.lang.ref.ReferenceQueue.remove(ReferenceQueue.java:165)
        at java.lang.ref.Finalizer$FinalizerThread.run(Finalizer.java:216)
"IPC Server handler 13 on 34339" daemon prio=5 tid=82 timed_waiting
java.lang.Thread.State: TIMED_WAITING
        at sun.misc.Unsafe.park(Native Method)
        at java.util.concurrent.locks.LockSupport.parkNanos(LockSupport.java:215)
        at java.util.concurrent.locks.AbstractQueuedSynchronizer$ConditionObject.awaitNanos(AbstractQueuedSynchronizer.java:2078)
        at java.util.concurrent.LinkedBlockingQueue.poll(LinkedBlockingQueue.java:467)
        at org.apache.hadoop.ipc.CallQueueManager.take(CallQueueManager.java:288)
        at org.apache.hadoop.ipc.Server$Handler.run(Server.java:2668)
"pool-36-thread-11"  prio=5 tid=280 in Object.wait()
java.lang.Thread.State: WAITING (on object monitor)
        at sun.misc.Unsafe.park(Native Method)
        at java.util.concurrent.locks.LockSupport.park(LockSupport.java:175)
        at java.util.concurrent.locks.AbstractQueuedSynchronizer$ConditionObject.await(AbstractQueuedSynchronizer.java:2039)
        at java.util.concurrent.ArrayBlockingQueue.take(ArrayBlockingQueue.java:403)
        at java.util.concurrent.ThreadPoolExecutor.getTask(ThreadPoolExecutor.java:1074)
        at java.util.concurrent.ThreadPoolExecutor.runWorker(ThreadPoolExecutor.java:1134)
        at java.util.concurrent.ThreadPoolExecutor$Worker.run(ThreadPoolExecutor.java:624)
        at java.lang.Thread.run(Thread.java:748)
"pool-46-thread-32"  prio=5 tid=411 in Object.wait()
java.lang.Thread.State: WAITING (on object monitor)
        at sun.misc.Unsafe.park(Native Method)
        at java.util.concurrent.locks.LockSupport.park(LockSupport.java:175)
        at java.util.concurrent.locks.AbstractQueuedSynchronizer$ConditionObject.await(AbstractQueuedSynchronizer.java:2039)
        at java.util.concurrent.ArrayBlockingQueue.take(ArrayBlockingQueue.java:403)
        at java.util.concurrent.ThreadPoolExecutor.getTask(ThreadPoolExecutor.java:1074)
        at java.util.concurrent.ThreadPoolExecutor.runWorker(ThreadPoolExecutor.java:1134)
        at java.util.concurrent.ThreadPoolExecutor$Worker.run(ThreadPoolExecutor.java:624)
        at java.lang.Thread.run(Thread.java:748)
"pool-26-thread-60"  prio=5 tid=378 in Object.wait()
java.lang.Thread.State: WAITING (on object monitor)
        at sun.misc.Unsafe.park(Native Method)
        at java.util.concurrent.locks.LockSupport.park(LockSupport.java:175)
        at java.util.concurrent.locks.AbstractQueuedSynchronizer$ConditionObject.await(AbstractQueuedSynchronizer.java:2039)
        at java.util.concurrent.ArrayBlockingQueue.take(ArrayBlockingQueue.java:403)
        at java.util.concurrent.ThreadPoolExecutor.getTask(ThreadPoolExecutor.java:1074)
        at java.util.concurrent.ThreadPoolExecutor.runWorker(ThreadPoolExecutor.java:1134)
        at java.util.concurrent.ThreadPoolExecutor$Worker.run(ThreadPoolExecutor.java:624)
        at java.lang.Thread.run(Thread.java:748)
"pool-6-thread-1"  prio=5 tid=26 timed_waiting
java.lang.Thread.State: TIMED_WAITING
        at sun.misc.Unsafe.park(Native Method)
        at java.util.concurrent.locks.LockSupport.parkNanos(LockSupport.java:215)
        at java.util.concurrent.locks.AbstractQueuedSynchronizer$ConditionObject.awaitNanos(AbstractQueuedSynchronizer.java:2078)
        at java.util.concurrent.ScheduledThreadPoolExecutor$DelayedWorkQueue.take(ScheduledThreadPoolExecutor.java:1093)
        at java.util.concurrent.ScheduledThreadPoolExecutor$DelayedWorkQueue.take(ScheduledThreadPoolExecutor.java:809)
        at java.util.concurrent.ThreadPoolExecutor.getTask(ThreadPoolExecutor.java:1074)
        at java.util.concurrent.ThreadPoolExecutor.runWorker(ThreadPoolExecutor.java:1134)
        at java.util.concurrent.ThreadPoolExecutor$Worker.run(ThreadPoolExecutor.java:624)
        at java.lang.Thread.run(Thread.java:748)
"qtp1080561710-165" daemon prio=5 tid=165 timed_waiting
java.lang.Thread.State: TIMED_WAITING
        at sun.misc.Unsafe.park(Native Method)
        at java.util.concurrent.locks.LockSupport.parkNanos(LockSupport.java:215)
        at java.util.concurrent.locks.AbstractQueuedSynchronizer$ConditionObject.awaitNanos(AbstractQueuedSynchronizer.java:2078)
        at org.eclipse.jetty.util.BlockingArrayQueue.poll(BlockingArrayQueue.java:392)
        at org.eclipse.jetty.util.thread.QueuedThreadPool.idleJobPoll(QueuedThreadPool.java:563)
        at org.eclipse.jetty.util.thread.QueuedThreadPool.access$800(QueuedThreadPool.java:48)
        at org.eclipse.jetty.util.thread.QueuedThreadPool$2.run(QueuedThreadPool.java:626)
        at java.lang.Thread.run(Thread.java:748)
"pool-26-thread-50"  prio=5 tid=359 in Object.wait()
java.lang.Thread.State: WAITING (on object monitor)
        at sun.misc.Unsafe.park(Native Method)
        at java.util.concurrent.locks.LockSupport.park(LockSupport.java:175)
        at java.util.concurrent.locks.AbstractQueuedSynchronizer$ConditionObject.await(AbstractQueuedSynchronizer.java:2039)
        at java.util.concurrent.ArrayBlockingQueue.take(ArrayBlockingQueue.java:403)
        at java.util.concurrent.ThreadPoolExecutor.getTask(ThreadPoolExecutor.java:1074)
        at java.util.concurrent.ThreadPoolExecutor.runWorker(ThreadPoolExecutor.java:1134)
        at java.util.concurrent.ThreadPoolExecutor$Worker.run(ThreadPoolExecutor.java:624)
        at java.lang.Thread.run(Thread.java:748)
"IPC Server handler 17 on 34819" daemon prio=5 tid=46 timed_waiting
java.lang.Thread.State: TIMED_WAITING
        at sun.misc.Unsafe.park(Native Method)
        at java.util.concurrent.locks.LockSupport.parkNanos(LockSupport.java:215)
        at java.util.concurrent.locks.AbstractQueuedSynchronizer$ConditionObject.awaitNanos(AbstractQueuedSynchronizer.java:2078)
        at java.util.concurrent.LinkedBlockingQueue.poll(LinkedBlockingQueue.java:467)
        at org.apache.hadoop.ipc.CallQueueManager.take(CallQueueManager.java:288)
        at org.apache.hadoop.ipc.Server$Handler.run(Server.java:2668)
"metrics-hadoop-metrics2-reporter-26-thread-1" daemon prio=5 tid=591 timed_waiting
java.lang.Thread.State: TIMED_WAITING
        at sun.misc.Unsafe.park(Native Method)
        at java.util.concurrent.locks.LockSupport.parkNanos(LockSupport.java:215)
        at java.util.concurrent.locks.AbstractQueuedSynchronizer$ConditionObject.awaitNanos(AbstractQueuedSynchronizer.java:2078)
        at java.util.concurrent.ScheduledThreadPoolExecutor$DelayedWorkQueue.take(ScheduledThreadPoolExecutor.java:1093)
        at java.util.concurrent.ScheduledThreadPoolExecutor$DelayedWorkQueue.take(ScheduledThreadPoolExecutor.java:809)
        at java.util.concurrent.ThreadPoolExecutor.getTask(ThreadPoolExecutor.java:1074)
        at java.util.concurrent.ThreadPoolExecutor.runWorker(ThreadPoolExecutor.java:1134)
        at java.util.concurrent.ThreadPoolExecutor$Worker.run(ThreadPoolExecutor.java:624)
        at java.lang.Thread.run(Thread.java:748)
"metrics-hadoop-metrics2-reporter-8-thread-1" daemon prio=5 tid=541 timed_waiting
java.lang.Thread.State: TIMED_WAITING
        at sun.misc.Unsafe.park(Native Method)
        at java.util.concurrent.locks.LockSupport.parkNanos(LockSupport.java:215)
        at java.util.concurrent.locks.AbstractQueuedSynchronizer$ConditionObject.awaitNanos(AbstractQueuedSynchronizer.java:2078)
        at java.util.concurrent.ScheduledThreadPoolExecutor$DelayedWorkQueue.take(ScheduledThreadPoolExecutor.java:1093)
        at java.util.concurrent.ScheduledThreadPoolExecutor$DelayedWorkQueue.take(ScheduledThreadPoolExecutor.java:809)
        at java.util.concurrent.ThreadPoolExecutor.getTask(ThreadPoolExecutor.java:1074)
        at java.util.concurrent.ThreadPoolExecutor.runWorker(ThreadPoolExecutor.java:1134)
        at java.util.concurrent.ThreadPoolExecutor$Worker.run(ThreadPoolExecutor.java:624)
        at java.lang.Thread.run(Thread.java:748)
"pool-26-thread-59"  prio=5 tid=376 in Object.wait()
java.lang.Thread.State: WAITING (on object monitor)
        at sun.misc.Unsafe.park(Native Method)
        at java.util.concurrent.locks.LockSupport.park(LockSupport.java:175)
        at java.util.concurrent.locks.AbstractQueuedSynchronizer$ConditionObject.await(AbstractQueuedSynchronizer.java:2039)
        at java.util.concurrent.ArrayBlockingQueue.take(ArrayBlockingQueue.java:403)
        at java.util.concurrent.ThreadPoolExecutor.getTask(ThreadPoolExecutor.java:1074)
        at java.util.concurrent.ThreadPoolExecutor.runWorker(ThreadPoolExecutor.java:1134)
        at java.util.concurrent.ThreadPoolExecutor$Worker.run(ThreadPoolExecutor.java:624)
        at java.lang.Thread.run(Thread.java:748)
"pool-36-thread-34"  prio=5 tid=326 in Object.wait()
java.lang.Thread.State: WAITING (on object monitor)
        at sun.misc.Unsafe.park(Native Method)
        at java.util.concurrent.locks.LockSupport.park(LockSupport.java:175)
        at java.util.concurrent.locks.AbstractQueuedSynchronizer$ConditionObject.await(AbstractQueuedSynchronizer.java:2039)
        at java.util.concurrent.ArrayBlockingQueue.take(ArrayBlockingQueue.java:403)
        at java.util.concurrent.ThreadPoolExecutor.getTask(ThreadPoolExecutor.java:1074)
        at java.util.concurrent.ThreadPoolExecutor.runWorker(ThreadPoolExecutor.java:1134)
        at java.util.concurrent.ThreadPoolExecutor$Worker.run(ThreadPoolExecutor.java:624)
        at java.lang.Thread.run(Thread.java:748)
"metrics-hadoop-metrics2-reporter-17-thread-1" daemon prio=5 tid=564 timed_waiting
java.lang.Thread.State: TIMED_WAITING
        at sun.misc.Unsafe.park(Native Method)
        at java.util.concurrent.locks.LockSupport.parkNanos(LockSupport.java:215)
        at java.util.concurrent.locks.AbstractQueuedSynchronizer$ConditionObject.awaitNanos(AbstractQueuedSynchronizer.java:2078)
        at java.util.concurrent.ScheduledThreadPoolExecutor$DelayedWorkQueue.take(ScheduledThreadPoolExecutor.java:1093)
        at java.util.concurrent.ScheduledThreadPoolExecutor$DelayedWorkQueue.take(ScheduledThreadPoolExecutor.java:809)
        at java.util.concurrent.ThreadPoolExecutor.getTask(ThreadPoolExecutor.java:1074)
        at java.util.concurrent.ThreadPoolExecutor.runWorker(ThreadPoolExecutor.java:1134)
        at java.util.concurrent.ThreadPoolExecutor$Worker.run(ThreadPoolExecutor.java:624)
        at java.lang.Thread.run(Thread.java:748)
"pool-56-thread-17"  prio=5 tid=456 in Object.wait()
java.lang.Thread.State: WAITING (on object monitor)
        at sun.misc.Unsafe.park(Native Method)
        at java.util.concurrent.locks.LockSupport.park(LockSupport.java:175)
        at java.util.concurrent.locks.AbstractQueuedSynchronizer$ConditionObject.await(AbstractQueuedSynchronizer.java:2039)
        at java.util.concurrent.ArrayBlockingQueue.take(ArrayBlockingQueue.java:403)
        at java.util.concurrent.ThreadPoolExecutor.getTask(ThreadPoolExecutor.java:1074)
        at java.util.concurrent.ThreadPoolExecutor.runWorker(ThreadPoolExecutor.java:1134)
        at java.util.concurrent.ThreadPoolExecutor$Worker.run(ThreadPoolExecutor.java:624)
        at java.lang.Thread.run(Thread.java:748)
"qtp7829163-94" daemon prio=5 tid=94 timed_waiting
java.lang.Thread.State: TIMED_WAITING
        at sun.misc.Unsafe.park(Native Method)
        at java.util.concurrent.locks.LockSupport.parkNanos(LockSupport.java:215)
        at java.util.concurrent.locks.AbstractQueuedSynchronizer$ConditionObject.awaitNanos(AbstractQueuedSynchronizer.java:2078)
        at org.eclipse.jetty.util.BlockingArrayQueue.poll(BlockingArrayQueue.java:392)
        at org.eclipse.jetty.util.thread.QueuedThreadPool.idleJobPoll(QueuedThreadPool.java:563)
        at org.eclipse.jetty.util.thread.QueuedThreadPool.access$800(QueuedThreadPool.java:48)
        at org.eclipse.jetty.util.thread.QueuedThreadPool$2.run(QueuedThreadPool.java:626)
        at java.lang.Thread.run(Thread.java:748)
"IPC Server handler 9 on 34819" daemon prio=5 tid=38 timed_waiting
java.lang.Thread.State: TIMED_WAITING
        at sun.misc.Unsafe.park(Native Method)
        at java.util.concurrent.locks.LockSupport.parkNanos(LockSupport.java:215)
        at java.util.concurrent.locks.AbstractQueuedSynchronizer$ConditionObject.awaitNanos(AbstractQueuedSynchronizer.java:2078)
        at java.util.concurrent.LinkedBlockingQueue.poll(LinkedBlockingQueue.java:467)
        at org.apache.hadoop.ipc.CallQueueManager.take(CallQueueManager.java:288)
        at org.apache.hadoop.ipc.Server$Handler.run(Server.java:2668)
"IPC Server listener on 34819" daemon prio=5 tid=22 runnable
java.lang.Thread.State: RUNNABLE
        at sun.nio.ch.EPollArrayWrapper.epollWait(Native Method)
        at sun.nio.ch.EPollArrayWrapper.poll(EPollArrayWrapper.java:269)
        at sun.nio.ch.EPollSelectorImpl.doSelect(EPollSelectorImpl.java:93)
        at sun.nio.ch.SelectorImpl.lockAndDoSelect(SelectorImpl.java:86)
        at sun.nio.ch.SelectorImpl.select(SelectorImpl.java:97)
        at sun.nio.ch.SelectorImpl.select(SelectorImpl.java:101)
        at org.apache.hadoop.ipc.Server$Listener.run(Server.java:1159)
"IPC Server listener on 40088" daemon prio=5 tid=18 runnable
java.lang.Thread.State: RUNNABLE
        at sun.nio.ch.EPollArrayWrapper.epollWait(Native Method)
        at sun.nio.ch.EPollArrayWrapper.poll(EPollArrayWrapper.java:269)
        at sun.nio.ch.EPollSelectorImpl.doSelect(EPollSelectorImpl.java:93)
        at sun.nio.ch.SelectorImpl.lockAndDoSelect(SelectorImpl.java:86)
        at sun.nio.ch.SelectorImpl.select(SelectorImpl.java:97)
        at sun.nio.ch.SelectorImpl.select(SelectorImpl.java:101)
        at org.apache.hadoop.ipc.Server$Listener.run(Server.java:1159)
"pool-46-thread-24"  prio=5 tid=403 in Object.wait()
java.lang.Thread.State: WAITING (on object monitor)
        at sun.misc.Unsafe.park(Native Method)
        at java.util.concurrent.locks.LockSupport.park(LockSupport.java:175)
        at java.util.concurrent.locks.AbstractQueuedSynchronizer$ConditionObject.await(AbstractQueuedSynchronizer.java:2039)
        at java.util.concurrent.ArrayBlockingQueue.take(ArrayBlockingQueue.java:403)
        at java.util.concurrent.ThreadPoolExecutor.getTask(ThreadPoolExecutor.java:1074)
        at java.util.concurrent.ThreadPoolExecutor.runWorker(ThreadPoolExecutor.java:1134)
        at java.util.concurrent.ThreadPoolExecutor$Worker.run(ThreadPoolExecutor.java:624)
        at java.lang.Thread.run(Thread.java:748)
"pool-36-thread-53"  prio=5 tid=365 in Object.wait()
java.lang.Thread.State: WAITING (on object monitor)
        at sun.misc.Unsafe.park(Native Method)
        at java.util.concurrent.locks.LockSupport.park(LockSupport.java:175)
        at java.util.concurrent.locks.AbstractQueuedSynchronizer$ConditionObject.await(AbstractQueuedSynchronizer.java:2039)
        at java.util.concurrent.ArrayBlockingQueue.take(ArrayBlockingQueue.java:403)
        at java.util.concurrent.ThreadPoolExecutor.getTask(ThreadPoolExecutor.java:1074)
        at java.util.concurrent.ThreadPoolExecutor.runWorker(ThreadPoolExecutor.java:1134)
        at java.util.concurrent.ThreadPoolExecutor$Worker.run(ThreadPoolExecutor.java:624)
        at java.lang.Thread.run(Thread.java:748)
"pool-46-thread-55"  prio=5 tid=434 in Object.wait()
java.lang.Thread.State: WAITING (on object monitor)
        at sun.misc.Unsafe.park(Native Method)
        at java.util.concurrent.locks.LockSupport.park(LockSupport.java:175)
        at java.util.concurrent.locks.AbstractQueuedSynchronizer$ConditionObject.await(AbstractQueuedSynchronizer.java:2039)
        at java.util.concurrent.ArrayBlockingQueue.take(ArrayBlockingQueue.java:403)
        at java.util.concurrent.ThreadPoolExecutor.getTask(ThreadPoolExecutor.java:1074)
        at java.util.concurrent.ThreadPoolExecutor.runWorker(ThreadPoolExecutor.java:1134)
        at java.util.concurrent.ThreadPoolExecutor$Worker.run(ThreadPoolExecutor.java:624)
        at java.lang.Thread.run(Thread.java:748)
"pool-26-thread-34"  prio=5 tid=327 in Object.wait()
java.lang.Thread.State: WAITING (on object monitor)
        at sun.misc.Unsafe.park(Native Method)
        at java.util.concurrent.locks.LockSupport.park(LockSupport.java:175)
        at java.util.concurrent.locks.AbstractQueuedSynchronizer$ConditionObject.await(AbstractQueuedSynchronizer.java:2039)
        at java.util.concurrent.ArrayBlockingQueue.take(ArrayBlockingQueue.java:403)
        at java.util.concurrent.ThreadPoolExecutor.getTask(ThreadPoolExecutor.java:1074)
        at java.util.concurrent.ThreadPoolExecutor.runWorker(ThreadPoolExecutor.java:1134)
        at java.util.concurrent.ThreadPoolExecutor$Worker.run(ThreadPoolExecutor.java:624)
        at java.lang.Thread.run(Thread.java:748)
"pool-36-thread-54"  prio=5 tid=367 in Object.wait()
java.lang.Thread.State: WAITING (on object monitor)
        at sun.misc.Unsafe.park(Native Method)
        at java.util.concurrent.locks.LockSupport.park(LockSupport.java:175)
        at java.util.concurrent.locks.AbstractQueuedSynchronizer$ConditionObject.await(AbstractQueuedSynchronizer.java:2039)
        at java.util.concurrent.ArrayBlockingQueue.take(ArrayBlockingQueue.java:403)
        at java.util.concurrent.ThreadPoolExecutor.getTask(ThreadPoolExecutor.java:1074)
        at java.util.concurrent.ThreadPoolExecutor.runWorker(ThreadPoolExecutor.java:1134)
        at java.util.concurrent.ThreadPoolExecutor$Worker.run(ThreadPoolExecutor.java:624)
        at java.lang.Thread.run(Thread.java:748)
"Datanode ReportManager Thread - 3" daemon prio=5 tid=255 timed_waiting
java.lang.Thread.State: TIMED_WAITING
        at sun.misc.Unsafe.park(Native Method)
        at java.util.concurrent.locks.LockSupport.parkNanos(LockSupport.java:215)
        at java.util.concurrent.locks.AbstractQueuedSynchronizer$ConditionObject.awaitNanos(AbstractQueuedSynchronizer.java:2078)
        at java.util.concurrent.ScheduledThreadPoolExecutor$DelayedWorkQueue.take(ScheduledThreadPoolExecutor.java:1093)
        at java.util.concurrent.ScheduledThreadPoolExecutor$DelayedWorkQueue.take(ScheduledThreadPoolExecutor.java:809)
        at java.util.concurrent.ThreadPoolExecutor.getTask(ThreadPoolExecutor.java:1074)
        at java.util.concurrent.ThreadPoolExecutor.runWorker(ThreadPoolExecutor.java:1134)
        at java.util.concurrent.ThreadPoolExecutor$Worker.run(ThreadPoolExecutor.java:624)
        at java.lang.Thread.run(Thread.java:748)
"org.apache.hadoop.util.JvmPauseMonitor$Monitor@10b892d5" daemon prio=5 tid=102 timed_waiting
java.lang.Thread.State: TIMED_WAITING
        at java.lang.Thread.sleep(Native Method)
        at org.apache.hadoop.util.JvmPauseMonitor$Monitor.run(JvmPauseMonitor.java:192)
        at java.lang.Thread.run(Thread.java:748)
"IPC Server handler 12 on 34819" daemon prio=5 tid=41 timed_waiting
java.lang.Thread.State: TIMED_WAITING
        at sun.misc.Unsafe.park(Native Method)
        at java.util.concurrent.locks.LockSupport.parkNanos(LockSupport.java:215)
        at java.util.concurrent.locks.AbstractQueuedSynchronizer$ConditionObject.awaitNanos(AbstractQueuedSynchronizer.java:2078)
        at java.util.concurrent.LinkedBlockingQueue.poll(LinkedBlockingQueue.java:467)
        at org.apache.hadoop.ipc.CallQueueManager.take(CallQueueManager.java:288)
        at org.apache.hadoop.ipc.Server$Handler.run(Server.java:2668)
"qtp1080561710-161" daemon prio=5 tid=161 timed_waiting
java.lang.Thread.State: TIMED_WAITING
        at sun.misc.Unsafe.park(Native Method)
        at java.util.concurrent.locks.LockSupport.parkNanos(LockSupport.java:215)
        at java.util.concurrent.locks.AbstractQueuedSynchronizer$ConditionObject.awaitNanos(AbstractQueuedSynchronizer.java:2078)
        at org.eclipse.jetty.util.BlockingArrayQueue.poll(BlockingArrayQueue.java:392)
        at org.eclipse.jetty.util.thread.QueuedThreadPool.idleJobPoll(QueuedThreadPool.java:563)
        at org.eclipse.jetty.util.thread.QueuedThreadPool.access$800(QueuedThreadPool.java:48)
        at org.eclipse.jetty.util.thread.QueuedThreadPool$2.run(QueuedThreadPool.java:626)
        at java.lang.Thread.run(Thread.java:748)
"pool-56-thread-22"  prio=5 tid=461 in Object.wait()
java.lang.Thread.State: WAITING (on object monitor)
        at sun.misc.Unsafe.park(Native Method)
        at java.util.concurrent.locks.LockSupport.park(LockSupport.java:175)
        at java.util.concurrent.locks.AbstractQueuedSynchronizer$ConditionObject.await(AbstractQueuedSynchronizer.java:2039)
        at java.util.concurrent.ArrayBlockingQueue.take(ArrayBlockingQueue.java:403)
        at java.util.concurrent.ThreadPoolExecutor.getTask(ThreadPoolExecutor.java:1074)
        at java.util.concurrent.ThreadPoolExecutor.runWorker(ThreadPoolExecutor.java:1134)
        at java.util.concurrent.ThreadPoolExecutor$Worker.run(ThreadPoolExecutor.java:624)
        at java.lang.Thread.run(Thread.java:748)
"pool-26-thread-55"  prio=5 tid=368 in Object.wait()
java.lang.Thread.State: WAITING (on object monitor)
        at sun.misc.Unsafe.park(Native Method)
        at java.util.concurrent.locks.LockSupport.park(LockSupport.java:175)
        at java.util.concurrent.locks.AbstractQueuedSynchronizer$ConditionObject.await(AbstractQueuedSynchronizer.java:2039)
        at java.util.concurrent.ArrayBlockingQueue.take(ArrayBlockingQueue.java:403)
        at java.util.concurrent.ThreadPoolExecutor.getTask(ThreadPoolExecutor.java:1074)
        at java.util.concurrent.ThreadPoolExecutor.runWorker(ThreadPoolExecutor.java:1134)
        at java.util.concurrent.ThreadPoolExecutor$Worker.run(ThreadPoolExecutor.java:624)
        at java.lang.Thread.run(Thread.java:748)
"pool-26-thread-23"  prio=5 tid=305 in Object.wait()
java.lang.Thread.State: WAITING (on object monitor)
        at sun.misc.Unsafe.park(Native Method)
        at java.util.concurrent.locks.LockSupport.park(LockSupport.java:175)
        at java.util.concurrent.locks.AbstractQueuedSynchronizer$ConditionObject.await(AbstractQueuedSynchronizer.java:2039)
        at java.util.concurrent.ArrayBlockingQueue.take(ArrayBlockingQueue.java:403)
        at java.util.concurrent.ThreadPoolExecutor.getTask(ThreadPoolExecutor.java:1074)
        at java.util.concurrent.ThreadPoolExecutor.runWorker(ThreadPoolExecutor.java:1134)
        at java.util.concurrent.ThreadPoolExecutor$Worker.run(ThreadPoolExecutor.java:624)
        at java.lang.Thread.run(Thread.java:748)
"IPC Client (1354280589) connection to /0.0.0.0:34339 from jenkins1000" daemon prio=5 tid=259 timed_waiting
java.lang.Thread.State: TIMED_WAITING
        at java.lang.Object.wait(Native Method)
        at org.apache.hadoop.ipc.Client$Connection.waitForWork(Client.java:1024)
        at org.apache.hadoop.ipc.Client$Connection.run(Client.java:1068)
"IPC Server idle connection scanner for port 38234" daemon prio=5 tid=109 timed_waiting
java.lang.Thread.State: TIMED_WAITING
        at java.lang.Object.wait(Native Method)
        at java.util.TimerThread.mainLoop(Timer.java:552)
        at java.util.TimerThread.run(Timer.java:505)
"IPC Server handler 8 on 40088" daemon prio=5 tid=57 timed_waiting
java.lang.Thread.State: TIMED_WAITING
        at sun.misc.Unsafe.park(Native Method)
        at java.util.concurrent.locks.LockSupport.parkNanos(LockSupport.java:215)
        at java.util.concurrent.locks.AbstractQueuedSynchronizer$ConditionObject.awaitNanos(AbstractQueuedSynchronizer.java:2078)
        at java.util.concurrent.LinkedBlockingQueue.poll(LinkedBlockingQueue.java:467)
        at org.apache.hadoop.ipc.CallQueueManager.take(CallQueueManager.java:288)
        at org.apache.hadoop.ipc.Server$Handler.run(Server.java:2668)
"pool-56-thread-34"  prio=5 tid=473 in Object.wait()
java.lang.Thread.State: WAITING (on object monitor)
        at sun.misc.Unsafe.park(Native Method)
        at java.util.concurrent.locks.LockSupport.park(LockSupport.java:175)
        at java.util.concurrent.locks.AbstractQueuedSynchronizer$ConditionObject.await(AbstractQueuedSynchronizer.java:2039)
        at java.util.concurrent.ArrayBlockingQueue.take(ArrayBlockingQueue.java:403)
        at java.util.concurrent.ThreadPoolExecutor.getTask(ThreadPoolExecutor.java:1074)
        at java.util.concurrent.ThreadPoolExecutor.runWorker(ThreadPoolExecutor.java:1134)
        at java.util.concurrent.ThreadPoolExecutor$Worker.run(ThreadPoolExecutor.java:624)
        at java.lang.Thread.run(Thread.java:748)
"main"  prio=5 tid=1 runnable
java.lang.Thread.State: RUNNABLE
        at java.lang.Thread.dumpThreads(Native Method)
        at java.lang.Thread.getAllStackTraces(Thread.java:1610)
        at org.apache.hadoop.test.TimedOutTestsListener.buildThreadDump(TimedOutTestsListener.java:87)
        at org.apache.hadoop.test.TimedOutTestsListener.buildThreadDiagnosticString(TimedOutTestsListener.java:73)
        at org.apache.hadoop.test.GenericTestUtils.waitFor(GenericTestUtils.java:389)
        at org.apache.hadoop.ozone.MiniOzoneClusterImpl.waitForClusterToBeReady(MiniOzoneClusterImpl.java:149)
        at org.apache.hadoop.hdds.scm.pipeline.TestSCMRestart.init(TestSCMRestart.java:65)
        at sun.reflect.NativeMethodAccessorImpl.invoke0(Native Method)
        at sun.reflect.NativeMethodAccessorImpl.invoke(NativeMethodAccessorImpl.java:62)
        at sun.reflect.DelegatingMethodAccessorImpl.invoke(DelegatingMethodAccessorImpl.java:43)
        at java.lang.reflect.Method.invoke(Method.java:498)
        at org.junit.runners.model.FrameworkMethod$1.runReflectiveCall(FrameworkMethod.java:47)
        at org.junit.internal.runners.model.ReflectiveCallable.run(ReflectiveCallable.java:12)
        at org.junit.runners.model.FrameworkMethod.invokeExplosively(FrameworkMethod.java:44)
        at org.junit.internal.runners.statements.RunBefores.evaluate(RunBefores.java:24)
        at org.junit.internal.runners.statements.RunAfters.evaluate(RunAfters.java:27)
        at org.junit.runners.ParentRunner.run(ParentRunner.java:309)
        at org.apache.maven.surefire.junit4.JUnit4Provider.execute(JUnit4Provider.java:365)
        at org.apache.maven.surefire.junit4.JUnit4Provider.executeWithRerun(JUnit4Provider.java:273)
        at org.apache.maven.surefire.junit4.JUnit4Provider.executeTestSet(JUnit4Provider.java:238)
        at org.apache.maven.surefire.junit4.JUnit4Provider.invoke(JUnit4Provider.java:159)
        at org.apache.maven.surefire.booter.ForkedBooter.invokeProviderInSameClassLoader(ForkedBooter.java:384)
        at org.apache.maven.surefire.booter.ForkedBooter.runSuitesInProcess(ForkedBooter.java:345)
        at org.apache.maven.surefire.booter.ForkedBooter.execute(ForkedBooter.java:126)
        at org.apache.maven.surefire.booter.ForkedBooter.main(ForkedBooter.java:418)
"IPC Server handler 1 on 34339" daemon prio=5 tid=70 timed_waiting
java.lang.Thread.State: TIMED_WAITING
        at sun.misc.Unsafe.park(Native Method)
        at java.util.concurrent.locks.LockSupport.parkNanos(LockSupport.java:215)
        at java.util.concurrent.locks.AbstractQueuedSynchronizer$ConditionObject.awaitNanos(AbstractQueuedSynchronizer.java:2078)
        at java.util.concurrent.LinkedBlockingQueue.poll(LinkedBlockingQueue.java:467)
        at org.apache.hadoop.ipc.CallQueueManager.take(CallQueueManager.java:288)
        at org.apache.hadoop.ipc.Server$Handler.run(Server.java:2668)
"surefire-forkedjvm-ping-30s" daemon prio=5 tid=9 timed_waiting
java.lang.Thread.State: TIMED_WAITING
        at sun.misc.Unsafe.park(Native Method)
        at java.util.concurrent.locks.LockSupport.parkNanos(LockSupport.java:215)
        at java.util.concurrent.locks.AbstractQueuedSynchronizer$ConditionObject.awaitNanos(AbstractQueuedSynchronizer.java:2078)
        at java.util.concurrent.ScheduledThreadPoolExecutor$DelayedWorkQueue.take(ScheduledThreadPoolExecutor.java:1093)
        at java.util.concurrent.ScheduledThreadPoolExecutor$DelayedWorkQueue.take(ScheduledThreadPoolExecutor.java:809)
        at java.util.concurrent.ThreadPoolExecutor.getTask(ThreadPoolExecutor.java:1074)
        at java.util.concurrent.ThreadPoolExecutor.runWorker(ThreadPoolExecutor.java:1134)
        at java.util.concurrent.ThreadPoolExecutor$Worker.run(ThreadPoolExecutor.java:624)
        at java.lang.Thread.run(Thread.java:748)
"pool-46-thread-58"  prio=5 tid=437 in Object.wait()
java.lang.Thread.State: WAITING (on object monitor)
        at sun.misc.Unsafe.park(Native Method)
        at java.util.concurrent.locks.LockSupport.park(LockSupport.java:175)
        at java.util.concurrent.locks.AbstractQueuedSynchronizer$ConditionObject.await(AbstractQueuedSynchronizer.java:2039)
        at java.util.concurrent.ArrayBlockingQueue.take(ArrayBlockingQueue.java:403)
        at java.util.concurrent.ThreadPoolExecutor.getTask(ThreadPoolExecutor.java:1074)
        at java.util.concurrent.ThreadPoolExecutor.runWorker(ThreadPoolExecutor.java:1134)
        at java.util.concurrent.ThreadPoolExecutor$Worker.run(ThreadPoolExecutor.java:624)
        at java.lang.Thread.run(Thread.java:748)
"IPC Server handler 7 on 38234" daemon prio=5 tid=121 timed_waiting
java.lang.Thread.State: TIMED_WAITING
        at sun.misc.Unsafe.park(Native Method)
        at java.util.concurrent.locks.LockSupport.parkNanos(LockSupport.java:215)
        at java.util.concurrent.locks.AbstractQueuedSynchronizer$ConditionObject.awaitNanos(AbstractQueuedSynchronizer.java:2078)
        at java.util.concurrent.LinkedBlockingQueue.poll(LinkedBlockingQueue.java:467)
        at org.apache.hadoop.ipc.CallQueueManager.take(CallQueueManager.java:288)
        at org.apache.hadoop.ipc.Server$Handler.run(Server.java:2668)
"metrics-hadoop-metrics2-reporter-33-thread-1" daemon prio=5 tid=694 timed_waiting
java.lang.Thread.State: TIMED_WAITING
        at sun.misc.Unsafe.park(Native Method)
        at java.util.concurrent.locks.LockSupport.parkNanos(LockSupport.java:215)
        at java.util.concurrent.locks.AbstractQueuedSynchronizer$ConditionObject.awaitNanos(AbstractQueuedSynchronizer.java:2078)
        at java.util.concurrent.ScheduledThreadPoolExecutor$DelayedWorkQueue.take(ScheduledThreadPoolExecutor.java:1093)
        at java.util.concurrent.ScheduledThreadPoolExecutor$DelayedWorkQueue.take(ScheduledThreadPoolExecutor.java:809)
        at java.util.concurrent.ThreadPoolExecutor.getTask(ThreadPoolExecutor.java:1074)
        at java.util.concurrent.ThreadPoolExecutor.runWorker(ThreadPoolExecutor.java:1134)
        at java.util.concurrent.ThreadPoolExecutor$Worker.run(ThreadPoolExecutor.java:624)
        at java.lang.Thread.run(Thread.java:748)
"Thread-207" daemon prio=5 tid=557 timed_waiting
java.lang.Thread.State: TIMED_WAITING
        at sun.misc.Unsafe.park(Native Method)
        at java.util.concurrent.locks.LockSupport.parkNanos(LockSupport.java:215)
        at java.util.concurrent.locks.AbstractQueuedSynchronizer$ConditionObject.awaitNanos(AbstractQueuedSynchronizer.java:2078)
        at java.util.concurrent.ArrayBlockingQueue.poll(ArrayBlockingQueue.java:418)
        at org.apache.ratis.server.impl.LeaderState$EventQueue.poll(LeaderState.java:115)
        at org.apache.ratis.server.impl.LeaderState$EventProcessor.run(LeaderState.java:467)
"pool-56-thread-47"  prio=5 tid=486 in Object.wait()
java.lang.Thread.State: WAITING (on object monitor)
        at sun.misc.Unsafe.park(Native Method)
        at java.util.concurrent.locks.LockSupport.park(LockSupport.java:175)
        at java.util.concurrent.locks.AbstractQueuedSynchronizer$ConditionObject.await(AbstractQueuedSynchronizer.java:2039)
        at java.util.concurrent.ArrayBlockingQueue.take(ArrayBlockingQueue.java:403)
        at java.util.concurrent.ThreadPoolExecutor.getTask(ThreadPoolExecutor.java:1074)
        at java.util.concurrent.ThreadPoolExecutor.runWorker(ThreadPoolExecutor.java:1134)
        at java.util.concurrent.ThreadPoolExecutor$Worker.run(ThreadPoolExecutor.java:624)
        at java.lang.Thread.run(Thread.java:748)
"pool-36-thread-47"  prio=5 tid=352 in Object.wait()
java.lang.Thread.State: WAITING (on object monitor)
        at sun.misc.Unsafe.park(Native Method)
        at java.util.concurrent.locks.LockSupport.park(LockSupport.java:175)
        at java.util.concurrent.locks.AbstractQueuedSynchronizer$ConditionObject.await(AbstractQueuedSynchronizer.java:2039)
        at java.util.concurrent.ArrayBlockingQueue.take(ArrayBlockingQueue.java:403)
        at java.util.concurrent.ThreadPoolExecutor.getTask(ThreadPoolExecutor.java:1074)
        at java.util.concurrent.ThreadPoolExecutor.runWorker(ThreadPoolExecutor.java:1134)
        at java.util.concurrent.ThreadPoolExecutor$Worker.run(ThreadPoolExecutor.java:624)
        at java.lang.Thread.run(Thread.java:748)
"org.eclipse.jetty.server.session.HashSessionManager@73877e19Timer" daemon prio=5 tid=145 timed_waiting
java.lang.Thread.State: TIMED_WAITING
        at sun.misc.Unsafe.park(Native Method)
        at java.util.concurrent.locks.LockSupport.parkNanos(LockSupport.java:215)
        at java.util.concurrent.locks.AbstractQueuedSynchronizer$ConditionObject.awaitNanos(AbstractQueuedSynchronizer.java:2078)
        at java.util.concurrent.ScheduledThreadPoolExecutor$DelayedWorkQueue.take(ScheduledThreadPoolExecutor.java:1093)
        at java.util.concurrent.ScheduledThreadPoolExecutor$DelayedWorkQueue.take(ScheduledThreadPoolExecutor.java:809)
        at java.util.concurrent.ThreadPoolExecutor.getTask(ThreadPoolExecutor.java:1074)
        at java.util.concurrent.ThreadPoolExecutor.runWorker(ThreadPoolExecutor.java:1134)
        at java.util.concurrent.ThreadPoolExecutor$Worker.run(ThreadPoolExecutor.java:624)
        at java.lang.Thread.run(Thread.java:748)
"pool-56-thread-25"  prio=5 tid=464 in Object.wait()
java.lang.Thread.State: WAITING (on object monitor)
        at sun.misc.Unsafe.park(Native Method)
        at java.util.concurrent.locks.LockSupport.park(LockSupport.java:175)
        at java.util.concurrent.locks.AbstractQueuedSynchronizer$ConditionObject.await(AbstractQueuedSynchronizer.java:2039)
        at java.util.concurrent.ArrayBlockingQueue.take(ArrayBlockingQueue.java:403)
        at java.util.concurrent.ThreadPoolExecutor.getTask(ThreadPoolExecutor.java:1074)
        at java.util.concurrent.ThreadPoolExecutor.runWorker(ThreadPoolExecutor.java:1134)
        at java.util.concurrent.ThreadPoolExecutor$Worker.run(ThreadPoolExecutor.java:624)
        at java.lang.Thread.run(Thread.java:748)
"pool-46-thread-5"  prio=5 tid=384 in Object.wait()
java.lang.Thread.State: WAITING (on object monitor)
        at sun.misc.Unsafe.park(Native Method)
        at java.util.concurrent.locks.LockSupport.park(LockSupport.java:175)
        at java.util.concurrent.locks.AbstractQueuedSynchronizer$ConditionObject.await(AbstractQueuedSynchronizer.java:2039)
        at java.util.concurrent.ArrayBlockingQueue.take(ArrayBlockingQueue.java:403)
        at java.util.concurrent.ThreadPoolExecutor.getTask(ThreadPoolExecutor.java:1074)
        at java.util.concurrent.ThreadPoolExecutor.runWorker(ThreadPoolExecutor.java:1134)
        at java.util.concurrent.ThreadPoolExecutor$Worker.run(ThreadPoolExecutor.java:624)
        at java.lang.Thread.run(Thread.java:748)
"40d2d32e-dd25-45df-8070-f9dc56ccf0a7@group-55D76DFF5FC3-SegmentedRaftLogWorker"  prio=5 tid=525 timed_waiting
java.lang.Thread.State: TIMED_WAITING
        at sun.misc.Unsafe.park(Native Method)
        at java.util.concurrent.locks.LockSupport.parkNanos(LockSupport.java:215)
        at java.util.concurrent.locks.AbstractQueuedSynchronizer$ConditionObject.awaitNanos(AbstractQueuedSynchronizer.java:2078)
        at org.apache.ratis.util.DataBlockingQueue.poll(DataBlockingQueue.java:137)
        at org.apache.ratis.server.raftlog.segmented.SegmentedRaftLogWorker.run(SegmentedRaftLogWorker.java:282)
        at java.lang.Thread.run(Thread.java:748)
"qtp1713847712-220" daemon prio=5 tid=220 timed_waiting
java.lang.Thread.State: TIMED_WAITING
        at sun.misc.Unsafe.park(Native Method)
        at java.util.concurrent.locks.LockSupport.parkNanos(LockSupport.java:215)
        at java.util.concurrent.locks.AbstractQueuedSynchronizer$ConditionObject.awaitNanos(AbstractQueuedSynchronizer.java:2078)
        at org.eclipse.jetty.util.BlockingArrayQueue.poll(BlockingArrayQueue.java:392)
        at org.eclipse.jetty.util.thread.QueuedThreadPool.idleJobPoll(QueuedThreadPool.java:563)
        at org.eclipse.jetty.util.thread.QueuedThreadPool.access$800(QueuedThreadPool.java:48)
        at org.eclipse.jetty.util.thread.QueuedThreadPool$2.run(QueuedThreadPool.java:626)
        at java.lang.Thread.run(Thread.java:748)
"Datanode State Machine Thread - 0" daemon prio=5 tid=204 timed_waiting
java.lang.Thread.State: TIMED_WAITING
        at sun.misc.Unsafe.park(Native Method)
        at java.util.concurrent.locks.LockSupport.parkNanos(LockSupport.java:215)
        at java.util.concurrent.SynchronousQueue$TransferStack.awaitFulfill(SynchronousQueue.java:460)
        at java.util.concurrent.SynchronousQueue$TransferStack.transfer(SynchronousQueue.java:362)
        at java.util.concurrent.SynchronousQueue.poll(SynchronousQueue.java:941)
        at java.util.concurrent.ThreadPoolExecutor.getTask(ThreadPoolExecutor.java:1073)
        at java.util.concurrent.ThreadPoolExecutor.runWorker(ThreadPoolExecutor.java:1134)
        at java.util.concurrent.ThreadPoolExecutor$Worker.run(ThreadPoolExecutor.java:624)
        at java.lang.Thread.run(Thread.java:748)
"org.eclipse.jetty.server.session.HashSessionManager@4c0884e8Timer" daemon prio=5 tid=144 timed_waiting
java.lang.Thread.State: TIMED_WAITING
        at sun.misc.Unsafe.park(Native Method)
        at java.util.concurrent.locks.LockSupport.parkNanos(LockSupport.java:215)
        at java.util.concurrent.locks.AbstractQueuedSynchronizer$ConditionObject.awaitNanos(AbstractQueuedSynchronizer.java:2078)
        at java.util.concurrent.ScheduledThreadPoolExecutor$DelayedWorkQueue.take(ScheduledThreadPoolExecutor.java:1093)
        at java.util.concurrent.ScheduledThreadPoolExecutor$DelayedWorkQueue.take(ScheduledThreadPoolExecutor.java:809)
        at java.util.concurrent.ThreadPoolExecutor.getTask(ThreadPoolExecutor.java:1074)
        at java.util.concurrent.ThreadPoolExecutor.runWorker(ThreadPoolExecutor.java:1134)
        at java.util.concurrent.ThreadPoolExecutor$Worker.run(ThreadPoolExecutor.java:624)
        at java.lang.Thread.run(Thread.java:748)
"pool-26-thread-8"  prio=5 tid=274 in Object.wait()
java.lang.Thread.State: WAITING (on object monitor)
        at sun.misc.Unsafe.park(Native Method)
        at java.util.concurrent.locks.LockSupport.park(LockSupport.java:175)
        at java.util.concurrent.locks.AbstractQueuedSynchronizer$ConditionObject.await(AbstractQueuedSynchronizer.java:2039)
        at java.util.concurrent.ArrayBlockingQueue.take(ArrayBlockingQueue.java:403)
        at java.util.concurrent.ThreadPoolExecutor.getTask(ThreadPoolExecutor.java:1074)
        at java.util.concurrent.ThreadPoolExecutor.runWorker(ThreadPoolExecutor.java:1134)
        at java.util.concurrent.ThreadPoolExecutor$Worker.run(ThreadPoolExecutor.java:624)
        at java.lang.Thread.run(Thread.java:748)
"pool-46-thread-54"  prio=5 tid=433 in Object.wait()
java.lang.Thread.State: WAITING (on object monitor)
        at sun.misc.Unsafe.park(Native Method)
        at java.util.concurrent.locks.LockSupport.park(LockSupport.java:175)
        at java.util.concurrent.locks.AbstractQueuedSynchronizer$ConditionObject.await(AbstractQueuedSynchronizer.java:2039)
        at java.util.concurrent.ArrayBlockingQueue.take(ArrayBlockingQueue.java:403)
        at java.util.concurrent.ThreadPoolExecutor.getTask(ThreadPoolExecutor.java:1074)
        at java.util.concurrent.ThreadPoolExecutor.runWorker(ThreadPoolExecutor.java:1134)
        at java.util.concurrent.ThreadPoolExecutor$Worker.run(ThreadPoolExecutor.java:624)
        at java.lang.Thread.run(Thread.java:748)
"Signal Dispatcher" daemon prio=9 tid=4 runnable
java.lang.Thread.State: RUNNABLE
"metrics-hadoop-metrics2-reporter-39-thread-1" daemon prio=5 tid=727 timed_waiting
java.lang.Thread.State: TIMED_WAITING
        at sun.misc.Unsafe.park(Native Method)
        at java.util.concurrent.locks.LockSupport.parkNanos(LockSupport.java:215)
        at java.util.concurrent.locks.AbstractQueuedSynchronizer$ConditionObject.awaitNanos(AbstractQueuedSynchronizer.java:2078)
        at java.util.concurrent.ScheduledThreadPoolExecutor$DelayedWorkQueue.take(ScheduledThreadPoolExecutor.java:1093)
        at java.util.concurrent.ScheduledThreadPoolExecutor$DelayedWorkQueue.take(ScheduledThreadPoolExecutor.java:809)
        at java.util.concurrent.ThreadPoolExecutor.getTask(ThreadPoolExecutor.java:1074)
        at java.util.concurrent.ThreadPoolExecutor.runWorker(ThreadPoolExecutor.java:1134)
        at java.util.concurrent.ThreadPoolExecutor$Worker.run(ThreadPoolExecutor.java:624)
        at java.lang.Thread.run(Thread.java:748)
"IPC Server handler 1 on 38234" daemon prio=5 tid=115 timed_waiting
java.lang.Thread.State: TIMED_WAITING
        at sun.misc.Unsafe.park(Native Method)
        at java.util.concurrent.locks.LockSupport.parkNanos(LockSupport.java:215)
        at java.util.concurrent.locks.AbstractQueuedSynchronizer$ConditionObject.awaitNanos(AbstractQueuedSynchronizer.java:2078)
        at java.util.concurrent.LinkedBlockingQueue.poll(LinkedBlockingQueue.java:467)
        at org.apache.hadoop.ipc.CallQueueManager.take(CallQueueManager.java:288)
        at org.apache.hadoop.ipc.Server$Handler.run(Server.java:2668)
"metrics-hadoop-metrics2-reporter-18-thread-1" daemon prio=5 tid=565 timed_waiting
java.lang.Thread.State: TIMED_WAITING
        at sun.misc.Unsafe.park(Native Method)
        at java.util.concurrent.locks.LockSupport.parkNanos(LockSupport.java:215)
        at java.util.concurrent.locks.AbstractQueuedSynchronizer$ConditionObject.awaitNanos(AbstractQueuedSynchronizer.java:2078)
        at java.util.concurrent.ScheduledThreadPoolExecutor$DelayedWorkQueue.take(ScheduledThreadPoolExecutor.java:1093)
        at java.util.concurrent.ScheduledThreadPoolExecutor$DelayedWorkQueue.take(ScheduledThreadPoolExecutor.java:809)
        at java.util.concurrent.ThreadPoolExecutor.getTask(ThreadPoolExecutor.java:1074)
        at java.util.concurrent.ThreadPoolExecutor.runWorker(ThreadPoolExecutor.java:1134)
        at java.util.concurrent.ThreadPoolExecutor$Worker.run(ThreadPoolExecutor.java:624)
        at java.lang.Thread.run(Thread.java:748)
"KeyDeletingService#1" daemon prio=5 tid=124 in Object.wait()
java.lang.Thread.State: WAITING (on object monitor)
        at sun.misc.Unsafe.park(Native Method)
        at java.util.concurrent.locks.LockSupport.park(LockSupport.java:175)
        at java.util.concurrent.locks.AbstractQueuedSynchronizer$ConditionObject.await(AbstractQueuedSynchronizer.java:2039)
        at java.util.concurrent.ScheduledThreadPoolExecutor$DelayedWorkQueue.take(ScheduledThreadPoolExecutor.java:1088)
        at java.util.concurrent.ScheduledThreadPoolExecutor$DelayedWorkQueue.take(ScheduledThreadPoolExecutor.java:809)
        at java.util.concurrent.ThreadPoolExecutor.getTask(ThreadPoolExecutor.java:1074)
        at java.util.concurrent.ThreadPoolExecutor.runWorker(ThreadPoolExecutor.java:1134)
        at java.util.concurrent.ThreadPoolExecutor$Worker.run(ThreadPoolExecutor.java:624)
        at java.lang.Thread.run(Thread.java:748)
"pool-36-thread-18"  prio=5 tid=294 in Object.wait()
java.lang.Thread.State: WAITING (on object monitor)
        at sun.misc.Unsafe.park(Native Method)
        at java.util.concurrent.locks.LockSupport.park(LockSupport.java:175)
        at java.util.concurrent.locks.AbstractQueuedSynchronizer$ConditionObject.await(AbstractQueuedSynchronizer.java:2039)
        at java.util.concurrent.ArrayBlockingQueue.take(ArrayBlockingQueue.java:403)
        at java.util.concurrent.ThreadPoolExecutor.getTask(ThreadPoolExecutor.java:1074)
        at java.util.concurrent.ThreadPoolExecutor.runWorker(ThreadPoolExecutor.java:1134)
        at java.util.concurrent.ThreadPoolExecutor$Worker.run(ThreadPoolExecutor.java:624)
        at java.lang.Thread.run(Thread.java:748)
"java.util.concurrent.ThreadPoolExecutor$Worker@75a763b[State = -1, empty queue]" daemon prio=5 tid=734 timed_waiting
java.lang.Thread.State: TIMED_WAITING
        at sun.misc.Unsafe.park(Native Method)
        at java.util.concurrent.locks.LockSupport.parkNanos(LockSupport.java:215)
        at java.util.concurrent.locks.AbstractQueuedSynchronizer$ConditionObject.awaitNanos(AbstractQueuedSynchronizer.java:2078)
        at java.util.concurrent.ScheduledThreadPoolExecutor$DelayedWorkQueue.take(ScheduledThreadPoolExecutor.java:1093)
        at java.util.concurrent.ScheduledThreadPoolExecutor$DelayedWorkQueue.take(ScheduledThreadPoolExecutor.java:809)
        at java.util.concurrent.ThreadPoolExecutor.getTask(ThreadPoolExecutor.java:1074)
        at java.util.concurrent.ThreadPoolExecutor.runWorker(ThreadPoolExecutor.java:1134)
        at java.util.concurrent.ThreadPoolExecutor$Worker.run(ThreadPoolExecutor.java:624)
        at java.lang.Thread.run(Thread.java:748)
"pool-26-thread-12"  prio=5 tid=283 in Object.wait()
java.lang.Thread.State: WAITING (on object monitor)
        at sun.misc.Unsafe.park(Native Method)
        at java.util.concurrent.locks.LockSupport.park(LockSupport.java:175)
        at java.util.concurrent.locks.AbstractQueuedSynchronizer$ConditionObject.await(AbstractQueuedSynchronizer.java:2039)
        at java.util.concurrent.ArrayBlockingQueue.take(ArrayBlockingQueue.java:403)
        at java.util.concurrent.ThreadPoolExecutor.getTask(ThreadPoolExecutor.java:1074)
        at java.util.concurrent.ThreadPoolExecutor.runWorker(ThreadPoolExecutor.java:1134)
        at java.util.concurrent.ThreadPoolExecutor$Worker.run(ThreadPoolExecutor.java:624)
        at java.lang.Thread.run(Thread.java:748)
"IPC Server handler 5 on 34339" daemon prio=5 tid=74 timed_waiting
java.lang.Thread.State: TIMED_WAITING
        at sun.misc.Unsafe.park(Native Method)
        at java.util.concurrent.locks.LockSupport.parkNanos(LockSupport.java:215)
        at java.util.concurrent.locks.AbstractQueuedSynchronizer$ConditionObject.awaitNanos(AbstractQueuedSynchronizer.java:2078)
        at java.util.concurrent.LinkedBlockingQueue.poll(LinkedBlockingQueue.java:467)
        at org.apache.hadoop.ipc.CallQueueManager.take(CallQueueManager.java:288)
        at org.apache.hadoop.ipc.Server$Handler.run(Server.java:2668)
"Periodic HDDS volume checker"  prio=5 tid=206 timed_waiting
java.lang.Thread.State: TIMED_WAITING
        at sun.misc.Unsafe.park(Native Method)
        at java.util.concurrent.locks.LockSupport.parkNanos(LockSupport.java:215)
        at java.util.concurrent.locks.AbstractQueuedSynchronizer$ConditionObject.awaitNanos(AbstractQueuedSynchronizer.java:2078)
        at java.util.concurrent.ScheduledThreadPoolExecutor$DelayedWorkQueue.take(ScheduledThreadPoolExecutor.java:1093)
        at java.util.concurrent.ScheduledThreadPoolExecutor$DelayedWorkQueue.take(ScheduledThreadPoolExecutor.java:809)
        at java.util.concurrent.ThreadPoolExecutor.getTask(ThreadPoolExecutor.java:1074)
        at java.util.concurrent.ThreadPoolExecutor.runWorker(ThreadPoolExecutor.java:1134)
        at java.util.concurrent.ThreadPoolExecutor$Worker.run(ThreadPoolExecutor.java:624)
        at java.lang.Thread.run(Thread.java:748)
"metrics-hadoop-metrics2-reporter-5-thread-1" daemon prio=5 tid=536 timed_waiting
java.lang.Thread.State: TIMED_WAITING
        at sun.misc.Unsafe.park(Native Method)
        at java.util.concurrent.locks.LockSupport.parkNanos(LockSupport.java:215)
        at java.util.concurrent.locks.AbstractQueuedSynchronizer$ConditionObject.awaitNanos(AbstractQueuedSynchronizer.java:2078)
        at java.util.concurrent.ScheduledThreadPoolExecutor$DelayedWorkQueue.take(ScheduledThreadPoolExecutor.java:1093)
        at java.util.concurrent.ScheduledThreadPoolExecutor$DelayedWorkQueue.take(ScheduledThreadPoolExecutor.java:809)
        at java.util.concurrent.ThreadPoolExecutor.getTask(ThreadPoolExecutor.java:1074)
        at java.util.concurrent.ThreadPoolExecutor.runWorker(ThreadPoolExecutor.java:1134)
        at java.util.concurrent.ThreadPoolExecutor$Worker.run(ThreadPoolExecutor.java:624)
        at java.lang.Thread.run(Thread.java:748)
"pool-27-thread-1"  prio=5 tid=523 in Object.wait()
java.lang.Thread.State: WAITING (on object monitor)
        at sun.misc.Unsafe.park(Native Method)
        at java.util.concurrent.locks.LockSupport.park(LockSupport.java:175)
        at java.util.concurrent.locks.AbstractQueuedSynchronizer$ConditionObject.await(AbstractQueuedSynchronizer.java:2039)
        at java.util.concurrent.LinkedBlockingQueue.take(LinkedBlockingQueue.java:442)
        at java.util.concurrent.ThreadPoolExecutor.getTask(ThreadPoolExecutor.java:1074)
        at java.util.concurrent.ThreadPoolExecutor.runWorker(ThreadPoolExecutor.java:1134)
        at java.util.concurrent.ThreadPoolExecutor$Worker.run(ThreadPoolExecutor.java:624)
        at java.lang.Thread.run(Thread.java:748)
"IPC Server handler 2 on 34819" daemon prio=5 tid=31 timed_waiting
java.lang.Thread.State: TIMED_WAITING
        at sun.misc.Unsafe.park(Native Method)
        at java.util.concurrent.locks.LockSupport.parkNanos(LockSupport.java:215)
        at java.util.concurrent.locks.AbstractQueuedSynchronizer$ConditionObject.awaitNanos(AbstractQueuedSynchronizer.java:2078)
        at java.util.concurrent.LinkedBlockingQueue.poll(LinkedBlockingQueue.java:467)
        at org.apache.hadoop.ipc.CallQueueManager.take(CallQueueManager.java:288)
        at org.apache.hadoop.ipc.Server$Handler.run(Server.java:2668)
"IPC Server handler 16 on 34339" daemon prio=5 tid=85 timed_waiting
java.lang.Thread.State: TIMED_WAITING
        at sun.misc.Unsafe.park(Native Method)
        at java.util.concurrent.locks.LockSupport.parkNanos(LockSupport.java:215)
        at java.util.concurrent.locks.AbstractQueuedSynchronizer$ConditionObject.awaitNanos(AbstractQueuedSynchronizer.java:2078)
        at java.util.concurrent.LinkedBlockingQueue.poll(LinkedBlockingQueue.java:467)
        at org.apache.hadoop.ipc.CallQueueManager.take(CallQueueManager.java:288)
        at org.apache.hadoop.ipc.Server$Handler.run(Server.java:2668)
"IPC Server handler 16 on 40088" daemon prio=5 tid=65 timed_waiting
java.lang.Thread.State: TIMED_WAITING
        at sun.misc.Unsafe.park(Native Method)
        at java.util.concurrent.locks.LockSupport.parkNanos(LockSupport.java:215)
        at java.util.concurrent.locks.AbstractQueuedSynchronizer$ConditionObject.awaitNanos(AbstractQueuedSynchronizer.java:2078)
        at java.util.concurrent.LinkedBlockingQueue.poll(LinkedBlockingQueue.java:467)
        at org.apache.hadoop.ipc.CallQueueManager.take(CallQueueManager.java:288)
        at org.apache.hadoop.ipc.Server$Handler.run(Server.java:2668)
"IPC Server handler 9 on 34339" daemon prio=5 tid=78 timed_waiting
java.lang.Thread.State: TIMED_WAITING
        at sun.misc.Unsafe.park(Native Method)
        at java.util.concurrent.locks.LockSupport.parkNanos(LockSupport.java:215)
        at java.util.concurrent.locks.AbstractQueuedSynchronizer$ConditionObject.awaitNanos(AbstractQueuedSynchronizer.java:2078)
        at java.util.concurrent.LinkedBlockingQueue.poll(LinkedBlockingQueue.java:467)
        at org.apache.hadoop.ipc.CallQueueManager.take(CallQueueManager.java:288)
        at org.apache.hadoop.ipc.Server$Handler.run(Server.java:2668)
"IPC Server handler 2 on 40088" daemon prio=5 tid=51 timed_waiting
java.lang.Thread.State: TIMED_WAITING
        at sun.misc.Unsafe.park(Native Method)
        at java.util.concurrent.locks.LockSupport.parkNanos(LockSupport.java:215)
        at java.util.concurrent.locks.AbstractQueuedSynchronizer$ConditionObject.awaitNanos(AbstractQueuedSynchronizer.java:2078)
        at java.util.concurrent.LinkedBlockingQueue.poll(LinkedBlockingQueue.java:467)
        at org.apache.hadoop.ipc.CallQueueManager.take(CallQueueManager.java:288)
        at org.apache.hadoop.ipc.Server$Handler.run(Server.java:2668)
"qtp7829163-96" daemon prio=5 tid=96 timed_waiting
java.lang.Thread.State: TIMED_WAITING
        at sun.misc.Unsafe.park(Native Method)
        at java.util.concurrent.locks.LockSupport.parkNanos(LockSupport.java:215)
        at java.util.concurrent.locks.AbstractQueuedSynchronizer$ConditionObject.awaitNanos(AbstractQueuedSynchronizer.java:2078)
        at org.eclipse.jetty.util.BlockingArrayQueue.poll(BlockingArrayQueue.java:392)
        at org.eclipse.jetty.util.thread.QueuedThreadPool.idleJobPoll(QueuedThreadPool.java:563)
        at org.eclipse.jetty.util.thread.QueuedThreadPool.access$800(QueuedThreadPool.java:48)
        at org.eclipse.jetty.util.thread.QueuedThreadPool$2.run(QueuedThreadPool.java:626)
        at java.lang.Thread.run(Thread.java:748)
"metrics-hadoop-metrics2-reporter-12-thread-1" daemon prio=5 tid=550 timed_waiting
java.lang.Thread.State: TIMED_WAITING
        at sun.misc.Unsafe.park(Native Method)
        at java.util.concurrent.locks.LockSupport.parkNanos(LockSupport.java:215)
        at java.util.concurrent.locks.AbstractQueuedSynchronizer$ConditionObject.awaitNanos(AbstractQueuedSynchronizer.java:2078)
        at java.util.concurrent.ScheduledThreadPoolExecutor$DelayedWorkQueue.take(ScheduledThreadPoolExecutor.java:1093)
        at java.util.concurrent.ScheduledThreadPoolExecutor$DelayedWorkQueue.take(ScheduledThreadPoolExecutor.java:809)
        at java.util.concurrent.ThreadPoolExecutor.getTask(ThreadPoolExecutor.java:1074)
        at java.util.concurrent.ThreadPoolExecutor.runWorker(ThreadPoolExecutor.java:1134)
        at java.util.concurrent.ThreadPoolExecutor$Worker.run(ThreadPoolExecutor.java:624)
        at java.lang.Thread.run(Thread.java:748)
"pool-46-thread-48"  prio=5 tid=427 in Object.wait()
java.lang.Thread.State: WAITING (on object monitor)
        at sun.misc.Unsafe.park(Native Method)
        at java.util.concurrent.locks.LockSupport.park(LockSupport.java:175)
        at java.util.concurrent.locks.AbstractQueuedSynchronizer$ConditionObject.await(AbstractQueuedSynchronizer.java:2039)
        at java.util.concurrent.ArrayBlockingQueue.take(ArrayBlockingQueue.java:403)
        at java.util.concurrent.ThreadPoolExecutor.getTask(ThreadPoolExecutor.java:1074)
        at java.util.concurrent.ThreadPoolExecutor.runWorker(ThreadPoolExecutor.java:1134)
        at java.util.concurrent.ThreadPoolExecutor$Worker.run(ThreadPoolExecutor.java:624)
        at java.lang.Thread.run(Thread.java:748)
"pool-36-thread-12"  prio=5 tid=282 in Object.wait()
java.lang.Thread.State: WAITING (on object monitor)
        at sun.misc.Unsafe.park(Native Method)
        at java.util.concurrent.locks.LockSupport.park(LockSupport.java:175)
        at java.util.concurrent.locks.AbstractQueuedSynchronizer$ConditionObject.await(AbstractQueuedSynchronizer.java:2039)
        at java.util.concurrent.ArrayBlockingQueue.take(ArrayBlockingQueue.java:403)
        at java.util.concurrent.ThreadPoolExecutor.getTask(ThreadPoolExecutor.java:1074)
        at java.util.concurrent.ThreadPoolExecutor.runWorker(ThreadPoolExecutor.java:1134)
        at java.util.concurrent.ThreadPoolExecutor$Worker.run(ThreadPoolExecutor.java:624)
        at java.lang.Thread.run(Thread.java:748)
"pool-46-thread-53"  prio=5 tid=432 in Object.wait()
java.lang.Thread.State: WAITING (on object monitor)
        at sun.misc.Unsafe.park(Native Method)
        at java.util.concurrent.locks.LockSupport.park(LockSupport.java:175)
        at java.util.concurrent.locks.AbstractQueuedSynchronizer$ConditionObject.await(AbstractQueuedSynchronizer.java:2039)
        at java.util.concurrent.ArrayBlockingQueue.take(ArrayBlockingQueue.java:403)
        at java.util.concurrent.ThreadPoolExecutor.getTask(ThreadPoolExecutor.java:1074)
        at java.util.concurrent.ThreadPoolExecutor.runWorker(ThreadPoolExecutor.java:1134)
        at java.util.concurrent.ThreadPoolExecutor$Worker.run(ThreadPoolExecutor.java:624)
        at java.lang.Thread.run(Thread.java:748)
"qtp206310209-141" daemon prio=5 tid=141 timed_waiting
java.lang.Thread.State: TIMED_WAITING
        at sun.misc.Unsafe.park(Native Method)
        at java.util.concurrent.locks.LockSupport.parkNanos(LockSupport.java:215)
        at java.util.concurrent.locks.AbstractQueuedSynchronizer$ConditionObject.awaitNanos(AbstractQueuedSynchronizer.java:2078)
        at org.eclipse.jetty.util.BlockingArrayQueue.poll(BlockingArrayQueue.java:392)
        at org.eclipse.jetty.util.thread.QueuedThreadPool.idleJobPoll(QueuedThreadPool.java:563)
        at org.eclipse.jetty.util.thread.QueuedThreadPool.access$800(QueuedThreadPool.java:48)
        at org.eclipse.jetty.util.thread.QueuedThreadPool$2.run(QueuedThreadPool.java:626)
        at java.lang.Thread.run(Thread.java:748)
"IPC Server handler 6 on 34819" daemon prio=5 tid=35 timed_waiting
java.lang.Thread.State: TIMED_WAITING
        at sun.misc.Unsafe.park(Native Method)
        at java.util.concurrent.locks.LockSupport.parkNanos(LockSupport.java:215)
        at java.util.concurrent.locks.AbstractQueuedSynchronizer$ConditionObject.awaitNanos(AbstractQueuedSynchronizer.java:2078)
        at java.util.concurrent.LinkedBlockingQueue.poll(LinkedBlockingQueue.java:467)
        at org.apache.hadoop.ipc.CallQueueManager.take(CallQueueManager.java:288)
        at org.apache.hadoop.ipc.Server$Handler.run(Server.java:2668)
"metrics-hadoop-metrics2-reporter-21-thread-1" daemon prio=5 tid=578 timed_waiting
java.lang.Thread.State: TIMED_WAITING
        at sun.misc.Unsafe.park(Native Method)
        at java.util.concurrent.locks.LockSupport.parkNanos(LockSupport.java:215)
        at java.util.concurrent.locks.AbstractQueuedSynchronizer$ConditionObject.awaitNanos(AbstractQueuedSynchronizer.java:2078)
        at java.util.concurrent.ScheduledThreadPoolExecutor$DelayedWorkQueue.take(ScheduledThreadPoolExecutor.java:1093)
        at java.util.concurrent.ScheduledThreadPoolExecutor$DelayedWorkQueue.take(ScheduledThreadPoolExecutor.java:809)
        at java.util.concurrent.ThreadPoolExecutor.getTask(ThreadPoolExecutor.java:1074)
        at java.util.concurrent.ThreadPoolExecutor.runWorker(ThreadPoolExecutor.java:1134)
        at java.util.concurrent.ThreadPoolExecutor$Worker.run(ThreadPoolExecutor.java:624)
        at java.lang.Thread.run(Thread.java:748)
"BlockDeletingService#1" daemon prio=5 tid=508 in Object.wait()
java.lang.Thread.State: WAITING (on object monitor)
        at sun.misc.Unsafe.park(Native Method)
        at java.util.concurrent.locks.LockSupport.park(LockSupport.java:175)
        at java.util.concurrent.locks.AbstractQueuedSynchronizer$ConditionObject.await(AbstractQueuedSynchronizer.java:2039)
        at java.util.concurrent.ScheduledThreadPoolExecutor$DelayedWorkQueue.take(ScheduledThreadPoolExecutor.java:1088)
        at java.util.concurrent.ScheduledThreadPoolExecutor$DelayedWorkQueue.take(ScheduledThreadPoolExecutor.java:809)
        at java.util.concurrent.ThreadPoolExecutor.getTask(ThreadPoolExecutor.java:1074)
        at java.util.concurrent.ThreadPoolExecutor.runWorker(ThreadPoolExecutor.java:1134)
        at java.util.concurrent.ThreadPoolExecutor$Worker.run(ThreadPoolExecutor.java:624)
        at java.lang.Thread.run(Thread.java:748)
"org.eclipse.jetty.server.session.HashSessionManager@a9f023eTimer" daemon prio=5 tid=248 timed_waiting
java.lang.Thread.State: TIMED_WAITING
        at sun.misc.Unsafe.park(Native Method)
        at java.util.concurrent.locks.LockSupport.parkNanos(LockSupport.java:215)
        at java.util.concurrent.locks.AbstractQueuedSynchronizer$ConditionObject.awaitNanos(AbstractQueuedSynchronizer.java:2078)
        at java.util.concurrent.ScheduledThreadPoolExecutor$DelayedWorkQueue.take(ScheduledThreadPoolExecutor.java:1093)
        at java.util.concurrent.ScheduledThreadPoolExecutor$DelayedWorkQueue.take(ScheduledThreadPoolExecutor.java:809)
        at java.util.concurrent.ThreadPoolExecutor.getTask(ThreadPoolExecutor.java:1074)
        at java.util.concurrent.ThreadPoolExecutor.runWorker(ThreadPoolExecutor.java:1134)
        at java.util.concurrent.ThreadPoolExecutor$Worker.run(ThreadPoolExecutor.java:624)
        at java.lang.Thread.run(Thread.java:748)
"metrics-hadoop-metrics2-reporter-13-thread-1" daemon prio=5 tid=552 timed_waiting
java.lang.Thread.State: TIMED_WAITING
        at sun.misc.Unsafe.park(Native Method)
        at java.util.concurrent.locks.LockSupport.parkNanos(LockSupport.java:215)
        at java.util.concurrent.locks.AbstractQueuedSynchronizer$ConditionObject.awaitNanos(AbstractQueuedSynchronizer.java:2078)
        at java.util.concurrent.ScheduledThreadPoolExecutor$DelayedWorkQueue.take(ScheduledThreadPoolExecutor.java:1093)
        at java.util.concurrent.ScheduledThreadPoolExecutor$DelayedWorkQueue.take(ScheduledThreadPoolExecutor.java:809)
        at java.util.concurrent.ThreadPoolExecutor.getTask(ThreadPoolExecutor.java:1074)
        at java.util.concurrent.ThreadPoolExecutor.runWorker(ThreadPoolExecutor.java:1134)
        at java.util.concurrent.ThreadPoolExecutor$Worker.run(ThreadPoolExecutor.java:624)
        at java.lang.Thread.run(Thread.java:748)
"pool-26-thread-27"  prio=5 tid=313 in Object.wait()
java.lang.Thread.State: WAITING (on object monitor)
        at sun.misc.Unsafe.park(Native Method)
        at java.util.concurrent.locks.LockSupport.park(LockSupport.java:175)
        at java.util.concurrent.locks.AbstractQueuedSynchronizer$ConditionObject.await(AbstractQueuedSynchronizer.java:2039)
        at java.util.concurrent.ArrayBlockingQueue.take(ArrayBlockingQueue.java:403)
        at java.util.concurrent.ThreadPoolExecutor.getTask(ThreadPoolExecutor.java:1074)
        at java.util.concurrent.ThreadPoolExecutor.runWorker(ThreadPoolExecutor.java:1134)
        at java.util.concurrent.ThreadPoolExecutor$Worker.run(ThreadPoolExecutor.java:624)
        at java.lang.Thread.run(Thread.java:748)
"Reference Handler" daemon prio=10 tid=2 in Object.wait()
java.lang.Thread.State: WAITING (on object monitor)
        at java.lang.Object.wait(Native Method)
        at java.lang.Object.wait(Object.java:502)
        at java.lang.ref.Reference.tryHandlePending(Reference.java:191)
        at java.lang.ref.Reference$ReferenceHandler.run(Reference.java:153)
"pool-36-thread-33"  prio=5 tid=324 in Object.wait()
java.lang.Thread.State: WAITING (on object monitor)
        at sun.misc.Unsafe.park(Native Method)
        at java.util.concurrent.locks.LockSupport.park(LockSupport.java:175)
        at java.util.concurrent.locks.AbstractQueuedSynchronizer$ConditionObject.await(AbstractQueuedSynchronizer.java:2039)
        at java.util.concurrent.ArrayBlockingQueue.take(ArrayBlockingQueue.java:403)
        at java.util.concurrent.ThreadPoolExecutor.getTask(ThreadPoolExecutor.java:1074)
        at java.util.concurrent.ThreadPoolExecutor.runWorker(ThreadPoolExecutor.java:1134)
        at java.util.concurrent.ThreadPoolExecutor$Worker.run(ThreadPoolExecutor.java:624)
        at java.lang.Thread.run(Thread.java:748)
"IPC Server handler 19 on 38234" daemon prio=5 tid=134 timed_waiting
java.lang.Thread.State: TIMED_WAITING
        at sun.misc.Unsafe.park(Native Method)
        at java.util.concurrent.locks.LockSupport.parkNanos(LockSupport.java:215)
        at java.util.concurrent.locks.AbstractQueuedSynchronizer$ConditionObject.awaitNanos(AbstractQueuedSynchronizer.java:2078)
        at java.util.concurrent.LinkedBlockingQueue.poll(LinkedBlockingQueue.java:467)
        at org.apache.hadoop.ipc.CallQueueManager.take(CallQueueManager.java:288)
        at org.apache.hadoop.ipc.Server$Handler.run(Server.java:2668)
"pool-36-thread-38"  prio=5 tid=334 in Object.wait()
java.lang.Thread.State: WAITING (on object monitor)
        at sun.misc.Unsafe.park(Native Method)
        at java.util.concurrent.locks.LockSupport.park(LockSupport.java:175)
        at java.util.concurrent.locks.AbstractQueuedSynchronizer$ConditionObject.await(AbstractQueuedSynchronizer.java:2039)
        at java.util.concurrent.ArrayBlockingQueue.take(ArrayBlockingQueue.java:403)
        at java.util.concurrent.ThreadPoolExecutor.getTask(ThreadPoolExecutor.java:1074)
        at java.util.concurrent.ThreadPoolExecutor.runWorker(ThreadPoolExecutor.java:1134)
        at java.util.concurrent.ThreadPoolExecutor$Worker.run(ThreadPoolExecutor.java:624)
        at java.lang.Thread.run(Thread.java:748)
"pool-46-thread-10"  prio=5 tid=389 in Object.wait()
java.lang.Thread.State: WAITING (on object monitor)
        at sun.misc.Unsafe.park(Native Method)
        at java.util.concurrent.locks.LockSupport.park(LockSupport.java:175)
        at java.util.concurrent.locks.AbstractQueuedSynchronizer$ConditionObject.await(AbstractQueuedSynchronizer.java:2039)
        at java.util.concurrent.ArrayBlockingQueue.take(ArrayBlockingQueue.java:403)
        at java.util.concurrent.ThreadPoolExecutor.getTask(ThreadPoolExecutor.java:1074)
        at java.util.concurrent.ThreadPoolExecutor.runWorker(ThreadPoolExecutor.java:1134)
        at java.util.concurrent.ThreadPoolExecutor$Worker.run(ThreadPoolExecutor.java:624)
        at java.lang.Thread.run(Thread.java:748)
"pool-26-thread-40"  prio=5 tid=339 in Object.wait()
java.lang.Thread.State: WAITING (on object monitor)
        at sun.misc.Unsafe.park(Native Method)
        at java.util.concurrent.locks.LockSupport.park(LockSupport.java:175)
        at java.util.concurrent.locks.AbstractQueuedSynchronizer$ConditionObject.await(AbstractQueuedSynchronizer.java:2039)
        at java.util.concurrent.ArrayBlockingQueue.take(ArrayBlockingQueue.java:403)
        at java.util.concurrent.ThreadPoolExecutor.getTask(ThreadPoolExecutor.java:1074)
        at java.util.concurrent.ThreadPoolExecutor.runWorker(ThreadPoolExecutor.java:1134)
        at java.util.concurrent.ThreadPoolExecutor$Worker.run(ThreadPoolExecutor.java:624)
        at java.lang.Thread.run(Thread.java:748)
"pool-56-thread-58"  prio=5 tid=497 in Object.wait()
java.lang.Thread.State: WAITING (on object monitor)
        at sun.misc.Unsafe.park(Native Method)
        at java.util.concurrent.locks.LockSupport.park(LockSupport.java:175)
        at java.util.concurrent.locks.AbstractQueuedSynchronizer$ConditionObject.await(AbstractQueuedSynchronizer.java:2039)
        at java.util.concurrent.ArrayBlockingQueue.take(ArrayBlockingQueue.java:403)
        at java.util.concurrent.ThreadPoolExecutor.getTask(ThreadPoolExecutor.java:1074)
        at java.util.concurrent.ThreadPoolExecutor.runWorker(ThreadPoolExecutor.java:1134)
        at java.util.concurrent.ThreadPoolExecutor$Worker.run(ThreadPoolExecutor.java:624)
        at java.lang.Thread.run(Thread.java:748)
"pool-56-thread-53"  prio=5 tid=492 in Object.wait()
java.lang.Thread.State: WAITING (on object monitor)
        at sun.misc.Unsafe.park(Native Method)
        at java.util.concurrent.locks.LockSupport.park(LockSupport.java:175)
        at java.util.concurrent.locks.AbstractQueuedSynchronizer$ConditionObject.await(AbstractQueuedSynchronizer.java:2039)
        at java.util.concurrent.ArrayBlockingQueue.take(ArrayBlockingQueue.java:403)
        at java.util.concurrent.ThreadPoolExecutor.getTask(ThreadPoolExecutor.java:1074)
        at java.util.concurrent.ThreadPoolExecutor.runWorker(ThreadPoolExecutor.java:1134)
        at java.util.concurrent.ThreadPoolExecutor$Worker.run(ThreadPoolExecutor.java:624)
        at java.lang.Thread.run(Thread.java:748)
"pool-56-thread-4"  prio=5 tid=443 in Object.wait()
java.lang.Thread.State: WAITING (on object monitor)
        at sun.misc.Unsafe.park(Native Method)
        at java.util.concurrent.locks.LockSupport.park(LockSupport.java:175)
        at java.util.concurrent.locks.AbstractQueuedSynchronizer$ConditionObject.await(AbstractQueuedSynchronizer.java:2039)
        at java.util.concurrent.ArrayBlockingQueue.take(ArrayBlockingQueue.java:403)
        at java.util.concurrent.ThreadPoolExecutor.getTask(ThreadPoolExecutor.java:1074)
        at java.util.concurrent.ThreadPoolExecutor.runWorker(ThreadPoolExecutor.java:1134)
        at java.util.concurrent.ThreadPoolExecutor$Worker.run(ThreadPoolExecutor.java:624)
        at java.lang.Thread.run(Thread.java:748)
"metrics-hadoop-metrics2-reporter-35-thread-1" daemon prio=5 tid=700 timed_waiting
java.lang.Thread.State: TIMED_WAITING
        at sun.misc.Unsafe.park(Native Method)
        at java.util.concurrent.locks.LockSupport.parkNanos(LockSupport.java:215)
        at java.util.concurrent.locks.AbstractQueuedSynchronizer$ConditionObject.awaitNanos(AbstractQueuedSynchronizer.java:2078)
        at java.util.concurrent.ScheduledThreadPoolExecutor$DelayedWorkQueue.take(ScheduledThreadPoolExecutor.java:1093)
        at java.util.concurrent.ScheduledThreadPoolExecutor$DelayedWorkQueue.take(ScheduledThreadPoolExecutor.java:809)
        at java.util.concurrent.ThreadPoolExecutor.getTask(ThreadPoolExecutor.java:1074)
        at java.util.concurrent.ThreadPoolExecutor.runWorker(ThreadPoolExecutor.java:1134)
        at java.util.concurrent.ThreadPoolExecutor$Worker.run(ThreadPoolExecutor.java:624)
        at java.lang.Thread.run(Thread.java:748)
"IPC Server handler 19 on 40088" daemon prio=5 tid=68 timed_waiting
java.lang.Thread.State: TIMED_WAITING
        at sun.misc.Unsafe.park(Native Method)
        at java.util.concurrent.locks.LockSupport.parkNanos(LockSupport.java:215)
        at java.util.concurrent.locks.AbstractQueuedSynchronizer$ConditionObject.awaitNanos(AbstractQueuedSynchronizer.java:2078)
        at java.util.concurrent.LinkedBlockingQueue.poll(LinkedBlockingQueue.java:467)
        at org.apache.hadoop.ipc.CallQueueManager.take(CallQueueManager.java:288)
        at org.apache.hadoop.ipc.Server$Handler.run(Server.java:2668)
"pool-26-thread-20"  prio=5 tid=299 in Object.wait()
java.lang.Thread.State: WAITING (on object monitor)
        at sun.misc.Unsafe.park(Native Method)
        at java.util.concurrent.locks.LockSupport.park(LockSupport.java:175)
        at java.util.concurrent.locks.AbstractQueuedSynchronizer$ConditionObject.await(AbstractQueuedSynchronizer.java:2039)
        at java.util.concurrent.ArrayBlockingQueue.take(ArrayBlockingQueue.java:403)
        at java.util.concurrent.ThreadPoolExecutor.getTask(ThreadPoolExecutor.java:1074)
        at java.util.concurrent.ThreadPoolExecutor.runWorker(ThreadPoolExecutor.java:1134)
        at java.util.concurrent.ThreadPoolExecutor$Worker.run(ThreadPoolExecutor.java:624)
        at java.lang.Thread.run(Thread.java:748)
"pool-46-thread-35"  prio=5 tid=414 in Object.wait()
java.lang.Thread.State: WAITING (on object monitor)
        at sun.misc.Unsafe.park(Native Method)
        at java.util.concurrent.locks.LockSupport.park(LockSupport.java:175)
        at java.util.concurrent.locks.AbstractQueuedSynchronizer$ConditionObject.await(AbstractQueuedSynchronizer.java:2039)
        at java.util.concurrent.ArrayBlockingQueue.take(ArrayBlockingQueue.java:403)
        at java.util.concurrent.ThreadPoolExecutor.getTask(ThreadPoolExecutor.java:1074)
        at java.util.concurrent.ThreadPoolExecutor.runWorker(ThreadPoolExecutor.java:1134)
        at java.util.concurrent.ThreadPoolExecutor$Worker.run(ThreadPoolExecutor.java:624)
        at java.lang.Thread.run(Thread.java:748)
"pool-56-thread-14"  prio=5 tid=453 in Object.wait()
java.lang.Thread.State: WAITING (on object monitor)
        at sun.misc.Unsafe.park(Native Method)
        at java.util.concurrent.locks.LockSupport.park(LockSupport.java:175)
        at java.util.concurrent.locks.AbstractQueuedSynchronizer$ConditionObject.await(AbstractQueuedSynchronizer.java:2039)
        at java.util.concurrent.ArrayBlockingQueue.take(ArrayBlockingQueue.java:403)
        at java.util.concurrent.ThreadPoolExecutor.getTask(ThreadPoolExecutor.java:1074)
        at java.util.concurrent.ThreadPoolExecutor.runWorker(ThreadPoolExecutor.java:1134)
        at java.util.concurrent.ThreadPoolExecutor$Worker.run(ThreadPoolExecutor.java:624)
        at java.lang.Thread.run(Thread.java:748)
"pool-36-thread-49"  prio=5 tid=356 in Object.wait()
java.lang.Thread.State: WAITING (on object monitor)
        at sun.misc.Unsafe.park(Native Method)
        at java.util.concurrent.locks.LockSupport.park(LockSupport.java:175)
        at java.util.concurrent.locks.AbstractQueuedSynchronizer$ConditionObject.await(AbstractQueuedSynchronizer.java:2039)
        at java.util.concurrent.ArrayBlockingQueue.take(ArrayBlockingQueue.java:403)
        at java.util.concurrent.ThreadPoolExecutor.getTask(ThreadPoolExecutor.java:1074)
        at java.util.concurrent.ThreadPoolExecutor.runWorker(ThreadPoolExecutor.java:1134)
        at java.util.concurrent.ThreadPoolExecutor$Worker.run(ThreadPoolExecutor.java:624)
        at java.lang.Thread.run(Thread.java:748)
"Datanode ReportManager Thread - 3" daemon prio=5 tid=201 timed_waiting
java.lang.Thread.State: TIMED_WAITING
        at sun.misc.Unsafe.park(Native Method)
        at java.util.concurrent.locks.LockSupport.parkNanos(LockSupport.java:215)
        at java.util.concurrent.locks.AbstractQueuedSynchronizer$ConditionObject.awaitNanos(AbstractQueuedSynchronizer.java:2078)
        at java.util.concurrent.ScheduledThreadPoolExecutor$DelayedWorkQueue.take(ScheduledThreadPoolExecutor.java:1093)
        at java.util.concurrent.ScheduledThreadPoolExecutor$DelayedWorkQueue.take(ScheduledThreadPoolExecutor.java:809)
        at java.util.concurrent.ThreadPoolExecutor.getTask(ThreadPoolExecutor.java:1074)
        at java.util.concurrent.ThreadPoolExecutor.runWorker(ThreadPoolExecutor.java:1134)
        at java.util.concurrent.ThreadPoolExecutor$Worker.run(ThreadPoolExecutor.java:624)
        at java.lang.Thread.run(Thread.java:748)
"pool-46-thread-59"  prio=5 tid=438 in Object.wait()
java.lang.Thread.State: WAITING (on object monitor)
        at sun.misc.Unsafe.park(Native Method)
        at java.util.concurrent.locks.LockSupport.park(LockSupport.java:175)
        at java.util.concurrent.locks.AbstractQueuedSynchronizer$ConditionObject.await(AbstractQueuedSynchronizer.java:2039)
        at java.util.concurrent.ArrayBlockingQueue.take(ArrayBlockingQueue.java:403)
        at java.util.concurrent.ThreadPoolExecutor.getTask(ThreadPoolExecutor.java:1074)
        at java.util.concurrent.ThreadPoolExecutor.runWorker(ThreadPoolExecutor.java:1134)
        at java.util.concurrent.ThreadPoolExecutor$Worker.run(ThreadPoolExecutor.java:624)
        at java.lang.Thread.run(Thread.java:748)
"pool-36-thread-25"  prio=5 tid=308 in Object.wait()
java.lang.Thread.State: WAITING (on object monitor)
        at sun.misc.Unsafe.park(Native Method)
        at java.util.concurrent.locks.LockSupport.park(LockSupport.java:175)
        at java.util.concurrent.locks.AbstractQueuedSynchronizer$ConditionObject.await(AbstractQueuedSynchronizer.java:2039)
        at java.util.concurrent.ArrayBlockingQueue.take(ArrayBlockingQueue.java:403)
        at java.util.concurrent.ThreadPoolExecutor.getTask(ThreadPoolExecutor.java:1074)
        at java.util.concurrent.ThreadPoolExecutor.runWorker(ThreadPoolExecutor.java:1134)
        at java.util.concurrent.ThreadPoolExecutor$Worker.run(ThreadPoolExecutor.java:624)
        at java.lang.Thread.run(Thread.java:748)
"pool-26-thread-15"  prio=5 tid=289 in Object.wait()
java.lang.Thread.State: WAITING (on object monitor)
        at sun.misc.Unsafe.park(Native Method)
        at java.util.concurrent.locks.LockSupport.park(LockSupport.java:175)
        at java.util.concurrent.locks.AbstractQueuedSynchronizer$ConditionObject.await(AbstractQueuedSynchronizer.java:2039)
        at java.util.concurrent.ArrayBlockingQueue.take(ArrayBlockingQueue.java:403)
        at java.util.concurrent.ThreadPoolExecutor.getTask(ThreadPoolExecutor.java:1074)
        at java.util.concurrent.ThreadPoolExecutor.runWorker(ThreadPoolExecutor.java:1134)
        at java.util.concurrent.ThreadPoolExecutor$Worker.run(ThreadPoolExecutor.java:624)
        at java.lang.Thread.run(Thread.java:748)
"IPC Server handler 14 on 34819" daemon prio=5 tid=43 timed_waiting
java.lang.Thread.State: TIMED_WAITING
        at sun.misc.Unsafe.park(Native Method)
        at java.util.concurrent.locks.LockSupport.parkNanos(LockSupport.java:215)
        at java.util.concurrent.locks.AbstractQueuedSynchronizer$ConditionObject.awaitNanos(AbstractQueuedSynchronizer.java:2078)
        at java.util.concurrent.LinkedBlockingQueue.poll(LinkedBlockingQueue.java:467)
        at org.apache.hadoop.ipc.CallQueueManager.take(CallQueueManager.java:288)
        at org.apache.hadoop.ipc.Server$Handler.run(Server.java:2668)
"pool-36-thread-3"  prio=5 tid=264 in Object.wait()
java.lang.Thread.State: WAITING (on object monitor)
        at sun.misc.Unsafe.park(Native Method)
        at java.util.concurrent.locks.LockSupport.park(LockSupport.java:175)
        at java.util.concurrent.locks.AbstractQueuedSynchronizer$ConditionObject.await(AbstractQueuedSynchronizer.java:2039)
        at java.util.concurrent.ArrayBlockingQueue.take(ArrayBlockingQueue.java:403)
        at java.util.concurrent.ThreadPoolExecutor.getTask(ThreadPoolExecutor.java:1074)
        at java.util.concurrent.ThreadPoolExecutor.runWorker(ThreadPoolExecutor.java:1134)
        at java.util.concurrent.ThreadPoolExecutor$Worker.run(ThreadPoolExecutor.java:624)
        at java.lang.Thread.run(Thread.java:748)
"IPC Server handler 0 on 34339" daemon prio=5 tid=69 timed_waiting
java.lang.Thread.State: TIMED_WAITING
        at sun.misc.Unsafe.park(Native Method)
        at java.util.concurrent.locks.LockSupport.parkNanos(LockSupport.java:215)
        at java.util.concurrent.locks.AbstractQueuedSynchronizer$ConditionObject.awaitNanos(AbstractQueuedSynchronizer.java:2078)
        at java.util.concurrent.LinkedBlockingQueue.poll(LinkedBlockingQueue.java:467)
        at org.apache.hadoop.ipc.CallQueueManager.take(CallQueueManager.java:288)
        at org.apache.hadoop.ipc.Server$Handler.run(Server.java:2668)
"IPC Server idle connection scanner for port 40088" daemon prio=5 tid=20 timed_waiting
java.lang.Thread.State: TIMED_WAITING
        at java.lang.Object.wait(Native Method)
        at java.util.TimerThread.mainLoop(Timer.java:552)
        at java.util.TimerThread.run(Timer.java:505)
"pool-56-thread-18"  prio=5 tid=457 in Object.wait()
java.lang.Thread.State: WAITING (on object monitor)
        at sun.misc.Unsafe.park(Native Method)
        at java.util.concurrent.locks.LockSupport.park(LockSupport.java:175)
        at java.util.concurrent.locks.AbstractQueuedSynchronizer$ConditionObject.await(AbstractQueuedSynchronizer.java:2039)
        at java.util.concurrent.ArrayBlockingQueue.take(ArrayBlockingQueue.java:403)
        at java.util.concurrent.ThreadPoolExecutor.getTask(ThreadPoolExecutor.java:1074)
        at java.util.concurrent.ThreadPoolExecutor.runWorker(ThreadPoolExecutor.java:1134)
        at java.util.concurrent.ThreadPoolExecutor$Worker.run(ThreadPoolExecutor.java:624)
        at java.lang.Thread.run(Thread.java:748)
"IPC Server handler 3 on 38234" daemon prio=5 tid=117 timed_waiting
java.lang.Thread.State: TIMED_WAITING
        at sun.misc.Unsafe.park(Native Method)
        at java.util.concurrent.locks.LockSupport.parkNanos(LockSupport.java:215)
        at java.util.concurrent.locks.AbstractQueuedSynchronizer$ConditionObject.awaitNanos(AbstractQueuedSynchronizer.java:2078)
        at java.util.concurrent.LinkedBlockingQueue.poll(LinkedBlockingQueue.java:467)
        at org.apache.hadoop.ipc.CallQueueManager.take(CallQueueManager.java:288)
        at org.apache.hadoop.ipc.Server$Handler.run(Server.java:2668)
"EventQueue-PipelineReportForPipelineReportHandler" daemon prio=5 tid=514 in Object.wait()
java.lang.Thread.State: WAITING (on object monitor)
        at sun.misc.Unsafe.park(Native Method)
        at java.util.concurrent.locks.LockSupport.park(LockSupport.java:175)
        at java.util.concurrent.locks.AbstractQueuedSynchronizer$ConditionObject.await(AbstractQueuedSynchronizer.java:2039)
        at java.util.concurrent.LinkedBlockingQueue.take(LinkedBlockingQueue.java:442)
        at java.util.concurrent.ThreadPoolExecutor.getTask(ThreadPoolExecutor.java:1074)
        at java.util.concurrent.ThreadPoolExecutor.runWorker(ThreadPoolExecutor.java:1134)
        at java.util.concurrent.ThreadPoolExecutor$Worker.run(ThreadPoolExecutor.java:624)
        at java.lang.Thread.run(Thread.java:748)
"Command processor thread" daemon prio=5 tid=177 timed_waiting
java.lang.Thread.State: TIMED_WAITING
        at java.lang.Thread.sleep(Native Method)
        at org.apache.hadoop.ozone.container.common.statemachine.DatanodeStateMachine.lambda$initCommandHandlerThread$1(DatanodeStateMachine.java:439)
        at org.apache.hadoop.ozone.container.common.statemachine.DatanodeStateMachine$$Lambda$141/259962710.run(Unknown Source)
        at java.lang.Thread.run(Thread.java:748)
"metrics-hadoop-metrics2-reporter-38-thread-1" daemon prio=5 tid=706 timed_waiting
java.lang.Thread.State: TIMED_WAITING
        at sun.misc.Unsafe.park(Native Method)
        at java.util.concurrent.locks.LockSupport.parkNanos(LockSupport.java:215)
        at java.util.concurrent.locks.AbstractQueuedSynchronizer$ConditionObject.awaitNanos(AbstractQueuedSynchronizer.java:2078)
        at java.util.concurrent.ScheduledThreadPoolExecutor$DelayedWorkQueue.take(ScheduledThreadPoolExecutor.java:1093)
        at java.util.concurrent.ScheduledThreadPoolExecutor$DelayedWorkQueue.take(ScheduledThreadPoolExecutor.java:809)
        at java.util.concurrent.ThreadPoolExecutor.getTask(ThreadPoolExecutor.java:1074)
        at java.util.concurrent.ThreadPoolExecutor.runWorker(ThreadPoolExecutor.java:1134)
        at java.util.concurrent.ThreadPoolExecutor$Worker.run(ThreadPoolExecutor.java:624)
        at java.lang.Thread.run(Thread.java:748)
"org.eclipse.jetty.server.session.HashSessionManager@4eba373cTimer" daemon prio=5 tid=221 timed_waiting
java.lang.Thread.State: TIMED_WAITING
        at sun.misc.Unsafe.park(Native Method)
        at java.util.concurrent.locks.LockSupport.parkNanos(LockSupport.java:215)
        at java.util.concurrent.locks.AbstractQueuedSynchronizer$ConditionObject.awaitNanos(AbstractQueuedSynchronizer.java:2078)
        at java.util.concurrent.ScheduledThreadPoolExecutor$DelayedWorkQueue.take(ScheduledThreadPoolExecutor.java:1093)
        at java.util.concurrent.ScheduledThreadPoolExecutor$DelayedWorkQueue.take(ScheduledThreadPoolExecutor.java:809)
        at java.util.concurrent.ThreadPoolExecutor.getTask(ThreadPoolExecutor.java:1074)
        at java.util.concurrent.ThreadPoolExecutor.runWorker(ThreadPoolExecutor.java:1134)
        at java.util.concurrent.ThreadPoolExecutor$Worker.run(ThreadPoolExecutor.java:624)
        at java.lang.Thread.run(Thread.java:748)
"IPC Server handler 10 on 40088" daemon prio=5 tid=59 timed_waiting
java.lang.Thread.State: TIMED_WAITING
        at sun.misc.Unsafe.park(Native Method)
        at java.util.concurrent.locks.LockSupport.parkNanos(LockSupport.java:215)
        at java.util.concurrent.locks.AbstractQueuedSynchronizer$ConditionObject.awaitNanos(AbstractQueuedSynchronizer.java:2078)
        at java.util.concurrent.LinkedBlockingQueue.poll(LinkedBlockingQueue.java:467)
        at org.apache.hadoop.ipc.CallQueueManager.take(CallQueueManager.java:288)
        at org.apache.hadoop.ipc.Server$Handler.run(Server.java:2668)
"pool-56-thread-20"  prio=5 tid=459 in Object.wait()
java.lang.Thread.State: WAITING (on object monitor)
        at sun.misc.Unsafe.park(Native Method)
        at java.util.concurrent.locks.LockSupport.park(LockSupport.java:175)
        at java.util.concurrent.locks.AbstractQueuedSynchronizer$ConditionObject.await(AbstractQueuedSynchronizer.java:2039)
        at java.util.concurrent.ArrayBlockingQueue.take(ArrayBlockingQueue.java:403)
        at java.util.concurrent.ThreadPoolExecutor.getTask(ThreadPoolExecutor.java:1074)
        at java.util.concurrent.ThreadPoolExecutor.runWorker(ThreadPoolExecutor.java:1134)
        at java.util.concurrent.ThreadPoolExecutor$Worker.run(ThreadPoolExecutor.java:624)
        at java.lang.Thread.run(Thread.java:748)
"IPC Server handler 0 on 34819" daemon prio=5 tid=29 timed_waiting
java.lang.Thread.State: TIMED_WAITING
        at sun.misc.Unsafe.park(Native Method)
        at java.util.concurrent.locks.LockSupport.parkNanos(LockSupport.java:215)
        at java.util.concurrent.locks.AbstractQueuedSynchronizer$ConditionObject.awaitNanos(AbstractQueuedSynchronizer.java:2078)
        at java.util.concurrent.LinkedBlockingQueue.poll(LinkedBlockingQueue.java:467)
        at org.apache.hadoop.ipc.CallQueueManager.take(CallQueueManager.java:288)
        at org.apache.hadoop.ipc.Server$Handler.run(Server.java:2668)
"SCMBlockDeletingService#1" daemon prio=5 tid=103 in Object.wait()
java.lang.Thread.State: WAITING (on object monitor)
        at sun.misc.Unsafe.park(Native Method)
        at java.util.concurrent.locks.LockSupport.park(LockSupport.java:175)
        at java.util.concurrent.locks.AbstractQueuedSynchronizer$ConditionObject.await(AbstractQueuedSynchronizer.java:2039)
        at java.util.concurrent.ScheduledThreadPoolExecutor$DelayedWorkQueue.take(ScheduledThreadPoolExecutor.java:1088)
        at java.util.concurrent.ScheduledThreadPoolExecutor$DelayedWorkQueue.take(ScheduledThreadPoolExecutor.java:809)
        at java.util.concurrent.ThreadPoolExecutor.getTask(ThreadPoolExecutor.java:1074)
        at java.util.concurrent.ThreadPoolExecutor.runWorker(ThreadPoolExecutor.java:1134)
        at java.util.concurrent.ThreadPoolExecutor$Worker.run(ThreadPoolExecutor.java:624)
        at java.lang.Thread.run(Thread.java:748)
"pool-36-thread-22"  prio=5 tid=302 in Object.wait()
java.lang.Thread.State: WAITING (on object monitor)
        at sun.misc.Unsafe.park(Native Method)
        at java.util.concurrent.locks.LockSupport.park(LockSupport.java:175)
        at java.util.concurrent.locks.AbstractQueuedSynchronizer$ConditionObject.await(AbstractQueuedSynchronizer.java:2039)
        at java.util.concurrent.ArrayBlockingQueue.take(ArrayBlockingQueue.java:403)
        at java.util.concurrent.ThreadPoolExecutor.getTask(ThreadPoolExecutor.java:1074)
        at java.util.concurrent.ThreadPoolExecutor.runWorker(ThreadPoolExecutor.java:1134)
        at java.util.concurrent.ThreadPoolExecutor$Worker.run(ThreadPoolExecutor.java:624)
        at java.lang.Thread.run(Thread.java:748)
"qtp292890110-247" daemon prio=5 tid=247 timed_waiting
java.lang.Thread.State: TIMED_WAITING
        at sun.misc.Unsafe.park(Native Method)
        at java.util.concurrent.locks.LockSupport.parkNanos(LockSupport.java:215)
        at java.util.concurrent.locks.AbstractQueuedSynchronizer$ConditionObject.awaitNanos(AbstractQueuedSynchronizer.java:2078)
        at org.eclipse.jetty.util.BlockingArrayQueue.poll(BlockingArrayQueue.java:392)
        at org.eclipse.jetty.util.thread.QueuedThreadPool.idleJobPoll(QueuedThreadPool.java:563)
        at org.eclipse.jetty.util.thread.QueuedThreadPool.access$800(QueuedThreadPool.java:48)
        at org.eclipse.jetty.util.thread.QueuedThreadPool$2.run(QueuedThreadPool.java:626)
        at java.lang.Thread.run(Thread.java:748)
"pool-46-thread-40"  prio=5 tid=419 in Object.wait()
java.lang.Thread.State: WAITING (on object monitor)
        at sun.misc.Unsafe.park(Native Method)
        at java.util.concurrent.locks.LockSupport.park(LockSupport.java:175)
        at java.util.concurrent.locks.AbstractQueuedSynchronizer$ConditionObject.await(AbstractQueuedSynchronizer.java:2039)
        at java.util.concurrent.ArrayBlockingQueue.take(ArrayBlockingQueue.java:403)
        at java.util.concurrent.ThreadPoolExecutor.getTask(ThreadPoolExecutor.java:1074)
        at java.util.concurrent.ThreadPoolExecutor.runWorker(ThreadPoolExecutor.java:1134)
        at java.util.concurrent.ThreadPoolExecutor$Worker.run(ThreadPoolExecutor.java:624)
        at java.lang.Thread.run(Thread.java:748)
"pool-26-thread-24"  prio=5 tid=307 in Object.wait()
java.lang.Thread.State: WAITING (on object monitor)
        at sun.misc.Unsafe.park(Native Method)
        at java.util.concurrent.locks.LockSupport.park(LockSupport.java:175)
        at java.util.concurrent.locks.AbstractQueuedSynchronizer$ConditionObject.await(AbstractQueuedSynchronizer.java:2039)
        at java.util.concurrent.ArrayBlockingQueue.take(ArrayBlockingQueue.java:403)
        at java.util.concurrent.ThreadPoolExecutor.getTask(ThreadPoolExecutor.java:1074)
        at java.util.concurrent.ThreadPoolExecutor.runWorker(ThreadPoolExecutor.java:1134)
        at java.util.concurrent.ThreadPoolExecutor$Worker.run(ThreadPoolExecutor.java:624)
        at java.lang.Thread.run(Thread.java:748)
"pool-56-thread-29"  prio=5 tid=468 in Object.wait()
java.lang.Thread.State: WAITING (on object monitor)
        at sun.misc.Unsafe.park(Native Method)
        at java.util.concurrent.locks.LockSupport.park(LockSupport.java:175)
        at java.util.concurrent.locks.AbstractQueuedSynchronizer$ConditionObject.await(AbstractQueuedSynchronizer.java:2039)
        at java.util.concurrent.ArrayBlockingQueue.take(ArrayBlockingQueue.java:403)
        at java.util.concurrent.ThreadPoolExecutor.getTask(ThreadPoolExecutor.java:1074)
        at java.util.concurrent.ThreadPoolExecutor.runWorker(ThreadPoolExecutor.java:1134)
        at java.util.concurrent.ThreadPoolExecutor$Worker.run(ThreadPoolExecutor.java:624)
        at java.lang.Thread.run(Thread.java:748)
"qtp7829163-95" daemon prio=5 tid=95 timed_waiting
java.lang.Thread.State: TIMED_WAITING
        at sun.misc.Unsafe.park(Native Method)
        at java.util.concurrent.locks.LockSupport.parkNanos(LockSupport.java:215)
        at java.util.concurrent.locks.AbstractQueuedSynchronizer$ConditionObject.awaitNanos(AbstractQueuedSynchronizer.java:2078)
        at org.eclipse.jetty.util.BlockingArrayQueue.poll(BlockingArrayQueue.java:392)
        at org.eclipse.jetty.util.thread.QueuedThreadPool.idleJobPoll(QueuedThreadPool.java:563)
        at org.eclipse.jetty.util.thread.QueuedThreadPool.access$800(QueuedThreadPool.java:48)
        at org.eclipse.jetty.util.thread.QueuedThreadPool$2.run(QueuedThreadPool.java:626)
        at java.lang.Thread.run(Thread.java:748)
"pool-26-thread-53"  prio=5 tid=364 in Object.wait()
java.lang.Thread.State: WAITING (on object monitor)
        at sun.misc.Unsafe.park(Native Method)
        at java.util.concurrent.locks.LockSupport.park(LockSupport.java:175)
        at java.util.concurrent.locks.AbstractQueuedSynchronizer$ConditionObject.await(AbstractQueuedSynchronizer.java:2039)
        at java.util.concurrent.ArrayBlockingQueue.take(ArrayBlockingQueue.java:403)
        at java.util.concurrent.ThreadPoolExecutor.getTask(ThreadPoolExecutor.java:1074)
        at java.util.concurrent.ThreadPoolExecutor.runWorker(ThreadPoolExecutor.java:1134)
        at java.util.concurrent.ThreadPoolExecutor$Worker.run(ThreadPoolExecutor.java:624)
        at java.lang.Thread.run(Thread.java:748)
"pool-36-thread-26"  prio=5 tid=310 in Object.wait()
java.lang.Thread.State: WAITING (on object monitor)
        at sun.misc.Unsafe.park(Native Method)
        at java.util.concurrent.locks.LockSupport.park(LockSupport.java:175)
        at java.util.concurrent.locks.AbstractQueuedSynchronizer$ConditionObject.await(AbstractQueuedSynchronizer.java:2039)
        at java.util.concurrent.ArrayBlockingQueue.take(ArrayBlockingQueue.java:403)
        at java.util.concurrent.ThreadPoolExecutor.getTask(ThreadPoolExecutor.java:1074)
        at java.util.concurrent.ThreadPoolExecutor.runWorker(ThreadPoolExecutor.java:1134)
        at java.util.concurrent.ThreadPoolExecutor$Worker.run(ThreadPoolExecutor.java:624)
        at java.lang.Thread.run(Thread.java:748)
"pool-26-thread-13"  prio=5 tid=285 in Object.wait()
java.lang.Thread.State: WAITING (on object monitor)
        at sun.misc.Unsafe.park(Native Method)
        at java.util.concurrent.locks.LockSupport.park(LockSupport.java:175)
        at java.util.concurrent.locks.AbstractQueuedSynchronizer$ConditionObject.await(AbstractQueuedSynchronizer.java:2039)
        at java.util.concurrent.ArrayBlockingQueue.take(ArrayBlockingQueue.java:403)
        at java.util.concurrent.ThreadPoolExecutor.getTask(ThreadPoolExecutor.java:1074)
        at java.util.concurrent.ThreadPoolExecutor.runWorker(ThreadPoolExecutor.java:1134)
        at java.util.concurrent.ThreadPoolExecutor$Worker.run(ThreadPoolExecutor.java:624)
        at java.lang.Thread.run(Thread.java:748)
"pool-46-thread-31"  prio=5 tid=410 in Object.wait()
java.lang.Thread.State: WAITING (on object monitor)
        at sun.misc.Unsafe.park(Native Method)
        at java.util.concurrent.locks.LockSupport.park(LockSupport.java:175)
        at java.util.concurrent.locks.AbstractQueuedSynchronizer$ConditionObject.await(AbstractQueuedSynchronizer.java:2039)
        at java.util.concurrent.ArrayBlockingQueue.take(ArrayBlockingQueue.java:403)
        at java.util.concurrent.ThreadPoolExecutor.getTask(ThreadPoolExecutor.java:1074)
        at java.util.concurrent.ThreadPoolExecutor.runWorker(ThreadPoolExecutor.java:1134)
        at java.util.concurrent.ThreadPoolExecutor$Worker.run(ThreadPoolExecutor.java:624)
        at java.lang.Thread.run(Thread.java:748)
"IPC Server handler 3 on 40088" daemon prio=5 tid=52 timed_waiting
java.lang.Thread.State: TIMED_WAITING
        at sun.misc.Unsafe.park(Native Method)
        at java.util.concurrent.locks.LockSupport.parkNanos(LockSupport.java:215)
        at java.util.concurrent.locks.AbstractQueuedSynchronizer$ConditionObject.awaitNanos(AbstractQueuedSynchronizer.java:2078)
        at java.util.concurrent.LinkedBlockingQueue.poll(LinkedBlockingQueue.java:467)
        at org.apache.hadoop.ipc.CallQueueManager.take(CallQueueManager.java:288)
        at org.apache.hadoop.ipc.Server$Handler.run(Server.java:2668)
"IPC Server listener on 38234" daemon prio=5 tid=107 runnable
java.lang.Thread.State: RUNNABLE
        at sun.nio.ch.EPollArrayWrapper.epollWait(Native Method)
        at sun.nio.ch.EPollArrayWrapper.poll(EPollArrayWrapper.java:269)
        at sun.nio.ch.EPollSelectorImpl.doSelect(EPollSelectorImpl.java:93)
        at sun.nio.ch.SelectorImpl.lockAndDoSelect(SelectorImpl.java:86)
        at sun.nio.ch.SelectorImpl.select(SelectorImpl.java:97)
        at sun.nio.ch.SelectorImpl.select(SelectorImpl.java:101)
        at org.apache.hadoop.ipc.Server$Listener.run(Server.java:1159)
"qtp7829163-92" daemon prio=5 tid=92 timed_waiting
java.lang.Thread.State: TIMED_WAITING
        at sun.misc.Unsafe.park(Native Method)
        at java.util.concurrent.locks.LockSupport.parkNanos(LockSupport.java:215)
        at java.util.concurrent.locks.AbstractQueuedSynchronizer$ConditionObject.awaitNanos(AbstractQueuedSynchronizer.java:2078)
        at org.eclipse.jetty.util.BlockingArrayQueue.poll(BlockingArrayQueue.java:392)
        at org.eclipse.jetty.util.thread.QueuedThreadPool.idleJobPoll(QueuedThreadPool.java:563)
        at org.eclipse.jetty.util.thread.QueuedThreadPool.access$800(QueuedThreadPool.java:48)
        at org.eclipse.jetty.util.thread.QueuedThreadPool$2.run(QueuedThreadPool.java:626)
        at java.lang.Thread.run(Thread.java:748)
"refreshUsed-/workdir/hadoop-ozone/integration-test/target/test-dir/MiniOzoneClusterImpl-6c8aceb3-2805-42ee-9a98-c3760435b865/datanode-1/data/containers" daemon prio=5 tid=180 timed_waiting
java.lang.Thread.State: TIMED_WAITING
        at java.lang.Thread.sleep(Native Method)
        at org.apache.hadoop.fs.CachingGetSpaceUsed$RefreshThread.run(CachingGetSpaceUsed.java:179)
        at java.lang.Thread.run(Thread.java:748)
"qtp1080561710-162" daemon prio=5 tid=162 timed_waiting
java.lang.Thread.State: TIMED_WAITING
        at sun.misc.Unsafe.park(Native Method)
        at java.util.concurrent.locks.LockSupport.parkNanos(LockSupport.java:215)
        at java.util.concurrent.locks.AbstractQueuedSynchronizer$ConditionObject.awaitNanos(AbstractQueuedSynchronizer.java:2078)
        at org.eclipse.jetty.util.BlockingArrayQueue.poll(BlockingArrayQueue.java:392)
        at org.eclipse.jetty.util.thread.QueuedThreadPool.idleJobPoll(QueuedThreadPool.java:563)
        at org.eclipse.jetty.util.thread.QueuedThreadPool.access$800(QueuedThreadPool.java:48)
        at org.eclipse.jetty.util.thread.QueuedThreadPool$2.run(QueuedThreadPool.java:626)
        at java.lang.Thread.run(Thread.java:748)
"pool-56-thread-13"  prio=5 tid=452 in Object.wait()
java.lang.Thread.State: WAITING (on object monitor)
        at sun.misc.Unsafe.park(Native Method)
        at java.util.concurrent.locks.LockSupport.park(LockSupport.java:175)
        at java.util.concurrent.locks.AbstractQueuedSynchronizer$ConditionObject.await(AbstractQueuedSynchronizer.java:2039)
        at java.util.concurrent.ArrayBlockingQueue.take(ArrayBlockingQueue.java:403)
        at java.util.concurrent.ThreadPoolExecutor.getTask(ThreadPoolExecutor.java:1074)
        at java.util.concurrent.ThreadPoolExecutor.runWorker(ThreadPoolExecutor.java:1134)
        at java.util.concurrent.ThreadPoolExecutor$Worker.run(ThreadPoolExecutor.java:624)
        at java.lang.Thread.run(Thread.java:748)
"IPC Server handler 15 on 40088" daemon prio=5 tid=64 timed_waiting
java.lang.Thread.State: TIMED_WAITING
        at sun.misc.Unsafe.park(Native Method)
        at java.util.concurrent.locks.LockSupport.parkNanos(LockSupport.java:215)
        at java.util.concurrent.locks.AbstractQueuedSynchronizer$ConditionObject.awaitNanos(AbstractQueuedSynchronizer.java:2078)
        at java.util.concurrent.LinkedBlockingQueue.poll(LinkedBlockingQueue.java:467)
        at org.apache.hadoop.ipc.CallQueueManager.take(CallQueueManager.java:288)
        at org.apache.hadoop.ipc.Server$Handler.run(Server.java:2668)
"BlockDeletingService#0" daemon prio=5 tid=502 timed_waiting
java.lang.Thread.State: TIMED_WAITING
        at sun.misc.Unsafe.park(Native Method)
        at java.util.concurrent.locks.LockSupport.parkNanos(LockSupport.java:215)
        at java.util.concurrent.locks.AbstractQueuedSynchronizer$ConditionObject.awaitNanos(AbstractQueuedSynchronizer.java:2078)
        at java.util.concurrent.ScheduledThreadPoolExecutor$DelayedWorkQueue.take(ScheduledThreadPoolExecutor.java:1093)
        at java.util.concurrent.ScheduledThreadPoolExecutor$DelayedWorkQueue.take(ScheduledThreadPoolExecutor.java:809)
        at java.util.concurrent.ThreadPoolExecutor.getTask(ThreadPoolExecutor.java:1074)
        at java.util.concurrent.ThreadPoolExecutor.runWorker(ThreadPoolExecutor.java:1134)
        at java.util.concurrent.ThreadPoolExecutor$Worker.run(ThreadPoolExecutor.java:624)
        at java.lang.Thread.run(Thread.java:748)
"pool-36-thread-57"  prio=5 tid=373 in Object.wait()
java.lang.Thread.State: WAITING (on object monitor)
        at sun.misc.Unsafe.park(Native Method)
        at java.util.concurrent.locks.LockSupport.park(LockSupport.java:175)
        at java.util.concurrent.locks.AbstractQueuedSynchronizer$ConditionObject.await(AbstractQueuedSynchronizer.java:2039)
        at java.util.concurrent.ArrayBlockingQueue.take(ArrayBlockingQueue.java:403)
        at java.util.concurrent.ThreadPoolExecutor.getTask(ThreadPoolExecutor.java:1074)
        at java.util.concurrent.ThreadPoolExecutor.runWorker(ThreadPoolExecutor.java:1134)
        at java.util.concurrent.ThreadPoolExecutor$Worker.run(ThreadPoolExecutor.java:624)
        at java.lang.Thread.run(Thread.java:748)
"org.eclipse.jetty.server.session.HashSessionManager@5679e96bTimer" daemon prio=5 tid=250 timed_waiting
java.lang.Thread.State: TIMED_WAITING
        at sun.misc.Unsafe.park(Native Method)
        at java.util.concurrent.locks.LockSupport.parkNanos(LockSupport.java:215)
        at java.util.concurrent.locks.AbstractQueuedSynchronizer$ConditionObject.awaitNanos(AbstractQueuedSynchronizer.java:2078)
        at java.util.concurrent.ScheduledThreadPoolExecutor$DelayedWorkQueue.take(ScheduledThreadPoolExecutor.java:1093)
        at java.util.concurrent.ScheduledThreadPoolExecutor$DelayedWorkQueue.take(ScheduledThreadPoolExecutor.java:809)
        at java.util.concurrent.ThreadPoolExecutor.getTask(ThreadPoolExecutor.java:1074)
        at java.util.concurrent.ThreadPoolExecutor.runWorker(ThreadPoolExecutor.java:1134)
        at java.util.concurrent.ThreadPoolExecutor$Worker.run(ThreadPoolExecutor.java:624)
        at java.lang.Thread.run(Thread.java:748)
"metrics-hadoop-metrics2-reporter-14-thread-1" daemon prio=5 tid=559 timed_waiting
java.lang.Thread.State: TIMED_WAITING
        at sun.misc.Unsafe.park(Native Method)
        at java.util.concurrent.locks.LockSupport.parkNanos(LockSupport.java:215)
        at java.util.concurrent.locks.AbstractQueuedSynchronizer$ConditionObject.awaitNanos(AbstractQueuedSynchronizer.java:2078)
        at java.util.concurrent.ScheduledThreadPoolExecutor$DelayedWorkQueue.take(ScheduledThreadPoolExecutor.java:1093)
        at java.util.concurrent.ScheduledThreadPoolExecutor$DelayedWorkQueue.take(ScheduledThreadPoolExecutor.java:809)
        at java.util.concurrent.ThreadPoolExecutor.getTask(ThreadPoolExecutor.java:1074)
        at java.util.concurrent.ThreadPoolExecutor.runWorker(ThreadPoolExecutor.java:1134)
        at java.util.concurrent.ThreadPoolExecutor$Worker.run(ThreadPoolExecutor.java:624)
        at java.lang.Thread.run(Thread.java:748)
"IPC Server handler 9 on 38234" daemon prio=5 tid=123 timed_waiting
java.lang.Thread.State: TIMED_WAITING
        at sun.misc.Unsafe.park(Native Method)
        at java.util.concurrent.locks.LockSupport.parkNanos(LockSupport.java:215)
        at java.util.concurrent.locks.AbstractQueuedSynchronizer$ConditionObject.awaitNanos(AbstractQueuedSynchronizer.java:2078)
        at java.util.concurrent.LinkedBlockingQueue.poll(LinkedBlockingQueue.java:467)
        at org.apache.hadoop.ipc.CallQueueManager.take(CallQueueManager.java:288)
        at org.apache.hadoop.ipc.Server$Handler.run(Server.java:2668)
"Socket Reader #1 for port 40088"  prio=5 tid=19 runnable
java.lang.Thread.State: RUNNABLE
        at sun.nio.ch.EPollArrayWrapper.epollWait(Native Method)
        at sun.nio.ch.EPollArrayWrapper.poll(EPollArrayWrapper.java:269)
        at sun.nio.ch.EPollSelectorImpl.doSelect(EPollSelectorImpl.java:93)
        at sun.nio.ch.SelectorImpl.lockAndDoSelect(SelectorImpl.java:86)
        at sun.nio.ch.SelectorImpl.select(SelectorImpl.java:97)
        at sun.nio.ch.SelectorImpl.select(SelectorImpl.java:101)
        at org.apache.hadoop.ipc.Server$Listener$Reader.doRunLoop(Server.java:1097)
        at org.apache.hadoop.ipc.Server$Listener$Reader.run(Server.java:1076)
"EventQueue-NodeRegistrationContainerReportForContainerSafeModeRule" daemon prio=5 tid=513 in Object.wait()
java.lang.Thread.State: WAITING (on object monitor)
        at sun.misc.Unsafe.park(Native Method)
        at java.util.concurrent.locks.LockSupport.park(LockSupport.java:175)
        at java.util.concurrent.locks.AbstractQueuedSynchronizer$ConditionObject.await(AbstractQueuedSynchronizer.java:2039)
        at java.util.concurrent.LinkedBlockingQueue.take(LinkedBlockingQueue.java:442)
        at java.util.concurrent.ThreadPoolExecutor.getTask(ThreadPoolExecutor.java:1074)
        at java.util.concurrent.ThreadPoolExecutor.runWorker(ThreadPoolExecutor.java:1134)
        at java.util.concurrent.ThreadPoolExecutor$Worker.run(ThreadPoolExecutor.java:624)
        at java.lang.Thread.run(Thread.java:748)
"grpc-default-executor-3" daemon prio=5 tid=622 timed_waiting
java.lang.Thread.State: TIMED_WAITING
        at sun.misc.Unsafe.park(Native Method)
        at java.util.concurrent.locks.LockSupport.parkNanos(LockSupport.java:215)
        at java.util.concurrent.SynchronousQueue$TransferStack.awaitFulfill(SynchronousQueue.java:460)
        at java.util.concurrent.SynchronousQueue$TransferStack.transfer(SynchronousQueue.java:362)
        at java.util.concurrent.SynchronousQueue.poll(SynchronousQueue.java:941)
        at java.util.concurrent.ThreadPoolExecutor.getTask(ThreadPoolExecutor.java:1073)
        at java.util.concurrent.ThreadPoolExecutor.runWorker(ThreadPoolExecutor.java:1134)
        at java.util.concurrent.ThreadPoolExecutor$Worker.run(ThreadPoolExecutor.java:624)
        at java.lang.Thread.run(Thread.java:748)
"refreshUsed-/workdir/hadoop-ozone/integration-test/target/test-dir/MiniOzoneClusterImpl-6c8aceb3-2805-42ee-9a98-c3760435b865/datanode-0/data/containers" daemon prio=5 tid=154 timed_waiting
java.lang.Thread.State: TIMED_WAITING
        at java.lang.Thread.sleep(Native Method)
        at org.apache.hadoop.fs.CachingGetSpaceUsed$RefreshThread.run(CachingGetSpaceUsed.java:179)
        at java.lang.Thread.run(Thread.java:748)
"pool-56-thread-51"  prio=5 tid=490 in Object.wait()
java.lang.Thread.State: WAITING (on object monitor)
        at sun.misc.Unsafe.park(Native Method)
        at java.util.concurrent.locks.LockSupport.park(LockSupport.java:175)
        at java.util.concurrent.locks.AbstractQueuedSynchronizer$ConditionObject.await(AbstractQueuedSynchronizer.java:2039)
        at java.util.concurrent.ArrayBlockingQueue.take(ArrayBlockingQueue.java:403)
        at java.util.concurrent.ThreadPoolExecutor.getTask(ThreadPoolExecutor.java:1074)
        at java.util.concurrent.ThreadPoolExecutor.runWorker(ThreadPoolExecutor.java:1134)
        at java.util.concurrent.ThreadPoolExecutor$Worker.run(ThreadPoolExecutor.java:624)
        at java.lang.Thread.run(Thread.java:748)
"pool-36-thread-32"  prio=5 tid=322 in Object.wait()
java.lang.Thread.State: WAITING (on object monitor)
        at sun.misc.Unsafe.park(Native Method)
        at java.util.concurrent.locks.LockSupport.park(LockSupport.java:175)
        at java.util.concurrent.locks.AbstractQueuedSynchronizer$ConditionObject.await(AbstractQueuedSynchronizer.java:2039)
        at java.util.concurrent.ArrayBlockingQueue.take(ArrayBlockingQueue.java:403)
        at java.util.concurrent.ThreadPoolExecutor.getTask(ThreadPoolExecutor.java:1074)
        at java.util.concurrent.ThreadPoolExecutor.runWorker(ThreadPoolExecutor.java:1134)
        at java.util.concurrent.ThreadPoolExecutor$Worker.run(ThreadPoolExecutor.java:624)
        at java.lang.Thread.run(Thread.java:748)
"pool-26-thread-44"  prio=5 tid=347 in Object.wait()
java.lang.Thread.State: WAITING (on object monitor)
        at sun.misc.Unsafe.park(Native Method)
        at java.util.concurrent.locks.LockSupport.park(LockSupport.java:175)
        at java.util.concurrent.locks.AbstractQueuedSynchronizer$ConditionObject.await(AbstractQueuedSynchronizer.java:2039)
        at java.util.concurrent.ArrayBlockingQueue.take(ArrayBlockingQueue.java:403)
        at java.util.concurrent.ThreadPoolExecutor.getTask(ThreadPoolExecutor.java:1074)
        at java.util.concurrent.ThreadPoolExecutor.runWorker(ThreadPoolExecutor.java:1134)
        at java.util.concurrent.ThreadPoolExecutor$Worker.run(ThreadPoolExecutor.java:624)
        at java.lang.Thread.run(Thread.java:748)
"qtp292890110-241-acceptor-0@244e9695-ServerConnector@4f0f7849{HTTP/1.1,[http/1.1]}{0.0.0.0:38112}" daemon prio=3 tid=241 runnable
java.lang.Thread.State: RUNNABLE
        at sun.nio.ch.ServerSocketChannelImpl.accept0(Native Method)
        at sun.nio.ch.ServerSocketChannelImpl.accept(ServerSocketChannelImpl.java:422)
        at sun.nio.ch.ServerSocketChannelImpl.accept(ServerSocketChannelImpl.java:250)
        at org.eclipse.jetty.server.ServerConnector.accept(ServerConnector.java:397)
        at org.eclipse.jetty.server.AbstractConnector$Acceptor.run(AbstractConnector.java:601)
        at org.eclipse.jetty.util.thread.QueuedThreadPool.runJob(QueuedThreadPool.java:671)
        at org.eclipse.jetty.util.thread.QueuedThreadPool$2.run(QueuedThreadPool.java:589)
        at java.lang.Thread.run(Thread.java:748)
"grpc-default-executor-2" daemon prio=5 tid=572 timed_waiting
java.lang.Thread.State: TIMED_WAITING
        at sun.misc.Unsafe.park(Native Method)
        at java.util.concurrent.locks.LockSupport.parkNanos(LockSupport.java:215)
        at java.util.concurrent.SynchronousQueue$TransferStack.awaitFulfill(SynchronousQueue.java:460)
        at java.util.concurrent.SynchronousQueue$TransferStack.transfer(SynchronousQueue.java:362)
        at java.util.concurrent.SynchronousQueue.poll(SynchronousQueue.java:941)
        at java.util.concurrent.ThreadPoolExecutor.getTask(ThreadPoolExecutor.java:1073)
        at java.util.concurrent.ThreadPoolExecutor.runWorker(ThreadPoolExecutor.java:1134)
        at java.util.concurrent.ThreadPoolExecutor$Worker.run(ThreadPoolExecutor.java:624)
        at java.lang.Thread.run(Thread.java:748)
"pool-46-thread-25"  prio=5 tid=404 in Object.wait()
java.lang.Thread.State: WAITING (on object monitor)
        at sun.misc.Unsafe.park(Native Method)
        at java.util.concurrent.locks.LockSupport.park(LockSupport.java:175)
        at java.util.concurrent.locks.AbstractQueuedSynchronizer$ConditionObject.await(AbstractQueuedSynchronizer.java:2039)
        at java.util.concurrent.ArrayBlockingQueue.take(ArrayBlockingQueue.java:403)
        at java.util.concurrent.ThreadPoolExecutor.getTask(ThreadPoolExecutor.java:1074)
        at java.util.concurrent.ThreadPoolExecutor.runWorker(ThreadPoolExecutor.java:1134)
        at java.util.concurrent.ThreadPoolExecutor$Worker.run(ThreadPoolExecutor.java:624)
        at java.lang.Thread.run(Thread.java:748)
"pool-46-thread-6"  prio=5 tid=385 in Object.wait()
java.lang.Thread.State: WAITING (on object monitor)
        at sun.misc.Unsafe.park(Native Method)
        at java.util.concurrent.locks.LockSupport.park(LockSupport.java:175)
        at java.util.concurrent.locks.AbstractQueuedSynchronizer$ConditionObject.await(AbstractQueuedSynchronizer.java:2039)
        at java.util.concurrent.ArrayBlockingQueue.take(ArrayBlockingQueue.java:403)
        at java.util.concurrent.ThreadPoolExecutor.getTask(ThreadPoolExecutor.java:1074)
        at java.util.concurrent.ThreadPoolExecutor.runWorker(ThreadPoolExecutor.java:1134)
        at java.util.concurrent.ThreadPoolExecutor$Worker.run(ThreadPoolExecutor.java:624)
        at java.lang.Thread.run(Thread.java:748)
"pool-46-thread-2"  prio=5 tid=381 in Object.wait()
java.lang.Thread.State: WAITING (on object monitor)
        at sun.misc.Unsafe.park(Native Method)
        at java.util.concurrent.locks.LockSupport.park(LockSupport.java:175)
        at java.util.concurrent.locks.AbstractQueuedSynchronizer$ConditionObject.await(AbstractQueuedSynchronizer.java:2039)
        at java.util.concurrent.ArrayBlockingQueue.take(ArrayBlockingQueue.java:403)
        at java.util.concurrent.ThreadPoolExecutor.getTask(ThreadPoolExecutor.java:1074)
        at java.util.concurrent.ThreadPoolExecutor.runWorker(ThreadPoolExecutor.java:1134)
        at java.util.concurrent.ThreadPoolExecutor$Worker.run(ThreadPoolExecutor.java:624)
        at java.lang.Thread.run(Thread.java:748)
"Datanode State Machine Thread - 0" daemon prio=5 tid=258 timed_waiting
java.lang.Thread.State: TIMED_WAITING
        at sun.misc.Unsafe.park(Native Method)
        at java.util.concurrent.locks.LockSupport.parkNanos(LockSupport.java:215)
        at java.util.concurrent.SynchronousQueue$TransferStack.awaitFulfill(SynchronousQueue.java:460)
        at java.util.concurrent.SynchronousQueue$TransferStack.transfer(SynchronousQueue.java:362)
        at java.util.concurrent.SynchronousQueue.poll(SynchronousQueue.java:941)
        at java.util.concurrent.ThreadPoolExecutor.getTask(ThreadPoolExecutor.java:1073)
        at java.util.concurrent.ThreadPoolExecutor.runWorker(ThreadPoolExecutor.java:1134)
        at java.util.concurrent.ThreadPoolExecutor$Worker.run(ThreadPoolExecutor.java:624)
        at java.lang.Thread.run(Thread.java:748)
"pool-26-thread-22"  prio=5 tid=303 in Object.wait()
java.lang.Thread.State: WAITING (on object monitor)
        at sun.misc.Unsafe.park(Native Method)
        at java.util.concurrent.locks.LockSupport.park(LockSupport.java:175)
        at java.util.concurrent.locks.AbstractQueuedSynchronizer$ConditionObject.await(AbstractQueuedSynchronizer.java:2039)
        at java.util.concurrent.ArrayBlockingQueue.take(ArrayBlockingQueue.java:403)
        at java.util.concurrent.ThreadPoolExecutor.getTask(ThreadPoolExecutor.java:1074)
        at java.util.concurrent.ThreadPoolExecutor.runWorker(ThreadPoolExecutor.java:1134)
        at java.util.concurrent.ThreadPoolExecutor$Worker.run(ThreadPoolExecutor.java:624)
        at java.lang.Thread.run(Thread.java:748)
"pool-54-thread-1" daemon prio=5 tid=237 timed_waiting
java.lang.Thread.State: TIMED_WAITING
        at sun.misc.Unsafe.park(Native Method)
        at java.util.concurrent.locks.LockSupport.parkNanos(LockSupport.java:215)
        at java.util.concurrent.locks.AbstractQueuedSynchronizer$ConditionObject.awaitNanos(AbstractQueuedSynchronizer.java:2078)
        at java.util.concurrent.ScheduledThreadPoolExecutor$DelayedWorkQueue.take(ScheduledThreadPoolExecutor.java:1093)
        at java.util.concurrent.ScheduledThreadPoolExecutor$DelayedWorkQueue.take(ScheduledThreadPoolExecutor.java:809)
        at java.util.concurrent.ThreadPoolExecutor.getTask(ThreadPoolExecutor.java:1074)
        at java.util.concurrent.ThreadPoolExecutor.runWorker(ThreadPoolExecutor.java:1134)
        at java.util.concurrent.ThreadPoolExecutor$Worker.run(ThreadPoolExecutor.java:624)
        at java.lang.Thread.run(Thread.java:748)
"qtp7829163-90" daemon prio=5 tid=90 runnable
java.lang.Thread.State: RUNNABLE
        at sun.nio.ch.EPollArrayWrapper.epollWait(Native Method)
        at sun.nio.ch.EPollArrayWrapper.poll(EPollArrayWrapper.java:269)
        at sun.nio.ch.EPollSelectorImpl.doSelect(EPollSelectorImpl.java:93)
        at sun.nio.ch.SelectorImpl.lockAndDoSelect(SelectorImpl.java:86)
        at sun.nio.ch.SelectorImpl.select(SelectorImpl.java:97)
        at sun.nio.ch.SelectorImpl.select(SelectorImpl.java:101)
        at org.eclipse.jetty.io.ManagedSelector$SelectorProducer.select(ManagedSelector.java:243)
        at org.eclipse.jetty.io.ManagedSelector$SelectorProducer.produce(ManagedSelector.java:191)
        at org.eclipse.jetty.util.thread.strategy.ExecuteProduceConsume.executeProduceConsume(ExecuteProduceConsume.java:249)
        at org.eclipse.jetty.util.thread.strategy.ExecuteProduceConsume.produceConsume(ExecuteProduceConsume.java:148)
        at org.eclipse.jetty.util.thread.strategy.ExecuteProduceConsume.execute(ExecuteProduceConsume.java:100)
        at org.eclipse.jetty.io.ManagedSelector.run(ManagedSelector.java:147)
        at org.eclipse.jetty.util.thread.QueuedThreadPool.runJob(QueuedThreadPool.java:671)
        at org.eclipse.jetty.util.thread.QueuedThreadPool$2.run(QueuedThreadPool.java:589)
        at java.lang.Thread.run(Thread.java:748)
"cbde3520-0cea-4357-bb04-1a0ae64b2bb1@group-E7676BAFBEDD-SegmentedRaftLogWorker"  prio=5 tid=538 timed_waiting
java.lang.Thread.State: TIMED_WAITING
        at sun.misc.Unsafe.park(Native Method)
        at java.util.concurrent.locks.LockSupport.parkNanos(LockSupport.java:215)
        at java.util.concurrent.locks.AbstractQueuedSynchronizer$ConditionObject.awaitNanos(AbstractQueuedSynchronizer.java:2078)
        at org.apache.ratis.util.DataBlockingQueue.poll(DataBlockingQueue.java:137)
        at org.apache.ratis.server.raftlog.segmented.SegmentedRaftLogWorker.run(SegmentedRaftLogWorker.java:282)
        at java.lang.Thread.run(Thread.java:748)
"pool-26-thread-5"  prio=5 tid=268 in Object.wait()
java.lang.Thread.State: WAITING (on object monitor)
        at sun.misc.Unsafe.park(Native Method)
        at java.util.concurrent.locks.LockSupport.park(LockSupport.java:175)
        at java.util.concurrent.locks.AbstractQueuedSynchronizer$ConditionObject.await(AbstractQueuedSynchronizer.java:2039)
        at java.util.concurrent.ArrayBlockingQueue.take(ArrayBlockingQueue.java:403)
        at java.util.concurrent.ThreadPoolExecutor.getTask(ThreadPoolExecutor.java:1074)
        at java.util.concurrent.ThreadPoolExecutor.runWorker(ThreadPoolExecutor.java:1134)
        at java.util.concurrent.ThreadPoolExecutor$Worker.run(ThreadPoolExecutor.java:624)
        at java.lang.Thread.run(Thread.java:748)
"IPC Server handler 14 on 40088" daemon prio=5 tid=63 timed_waiting
java.lang.Thread.State: TIMED_WAITING
        at sun.misc.Unsafe.park(Native Method)
        at java.util.concurrent.locks.LockSupport.parkNanos(LockSupport.java:215)
        at java.util.concurrent.locks.AbstractQueuedSynchronizer$ConditionObject.awaitNanos(AbstractQueuedSynchronizer.java:2078)
        at java.util.concurrent.LinkedBlockingQueue.poll(LinkedBlockingQueue.java:467)
        at org.apache.hadoop.ipc.CallQueueManager.take(CallQueueManager.java:288)
        at org.apache.hadoop.ipc.Server$Handler.run(Server.java:2668)
"pool-56-thread-24"  prio=5 tid=463 in Object.wait()
java.lang.Thread.State: WAITING (on object monitor)
        at sun.misc.Unsafe.park(Native Method)
        at java.util.concurrent.locks.LockSupport.park(LockSupport.java:175)
        at java.util.concurrent.locks.AbstractQueuedSynchronizer$ConditionObject.await(AbstractQueuedSynchronizer.java:2039)
        at java.util.concurrent.ArrayBlockingQueue.take(ArrayBlockingQueue.java:403)
        at java.util.concurrent.ThreadPoolExecutor.getTask(ThreadPoolExecutor.java:1074)
        at java.util.concurrent.ThreadPoolExecutor.runWorker(ThreadPoolExecutor.java:1134)
        at java.util.concurrent.ThreadPoolExecutor$Worker.run(ThreadPoolExecutor.java:624)
        at java.lang.Thread.run(Thread.java:748)
"pool-56-thread-9"  prio=5 tid=448 in Object.wait()
java.lang.Thread.State: WAITING (on object monitor)
        at sun.misc.Unsafe.park(Native Method)
        at java.util.concurrent.locks.LockSupport.park(LockSupport.java:175)
        at java.util.concurrent.locks.AbstractQueuedSynchronizer$ConditionObject.await(AbstractQueuedSynchronizer.java:2039)
        at java.util.concurrent.ArrayBlockingQueue.take(ArrayBlockingQueue.java:403)
        at java.util.concurrent.ThreadPoolExecutor.getTask(ThreadPoolExecutor.java:1074)
        at java.util.concurrent.ThreadPoolExecutor.runWorker(ThreadPoolExecutor.java:1134)
        at java.util.concurrent.ThreadPoolExecutor$Worker.run(ThreadPoolExecutor.java:624)
        at java.lang.Thread.run(Thread.java:748)
"IPC Server handler 5 on 38234" daemon prio=5 tid=119 timed_waiting
java.lang.Thread.State: TIMED_WAITING
        at sun.misc.Unsafe.park(Native Method)
        at java.util.concurrent.locks.LockSupport.parkNanos(LockSupport.java:215)
        at java.util.concurrent.locks.AbstractQueuedSynchronizer$ConditionObject.awaitNanos(AbstractQueuedSynchronizer.java:2078)
        at java.util.concurrent.LinkedBlockingQueue.poll(LinkedBlockingQueue.java:467)
        at org.apache.hadoop.ipc.CallQueueManager.take(CallQueueManager.java:288)
        at org.apache.hadoop.ipc.Server$Handler.run(Server.java:2668)
"IPC Server handler 11 on 38234" daemon prio=5 tid=126 timed_waiting
java.lang.Thread.State: TIMED_WAITING
        at sun.misc.Unsafe.park(Native Method)
        at java.util.concurrent.locks.LockSupport.parkNanos(LockSupport.java:215)
        at java.util.concurrent.locks.AbstractQueuedSynchronizer$ConditionObject.awaitNanos(AbstractQueuedSynchronizer.java:2078)
        at java.util.concurrent.LinkedBlockingQueue.poll(LinkedBlockingQueue.java:467)
        at org.apache.hadoop.ipc.CallQueueManager.take(CallQueueManager.java:288)
        at org.apache.hadoop.ipc.Server$Handler.run(Server.java:2668)
"qtp707892422-186" daemon prio=5 tid=186 runnable
java.lang.Thread.State: RUNNABLE
        at sun.nio.ch.EPollArrayWrapper.epollWait(Native Method)
        at sun.nio.ch.EPollArrayWrapper.poll(EPollArrayWrapper.java:269)
        at sun.nio.ch.EPollSelectorImpl.doSelect(EPollSelectorImpl.java:93)
        at sun.nio.ch.SelectorImpl.lockAndDoSelect(SelectorImpl.java:86)
        at sun.nio.ch.SelectorImpl.select(SelectorImpl.java:97)
        at sun.nio.ch.SelectorImpl.select(SelectorImpl.java:101)
        at org.eclipse.jetty.io.ManagedSelector$SelectorProducer.select(ManagedSelector.java:243)
        at org.eclipse.jetty.io.ManagedSelector$SelectorProducer.produce(ManagedSelector.java:191)
        at org.eclipse.jetty.util.thread.strategy.ExecuteProduceConsume.executeProduceConsume(ExecuteProduceConsume.java:249)
        at org.eclipse.jetty.util.thread.strategy.ExecuteProduceConsume.produceConsume(ExecuteProduceConsume.java:148)
        at org.eclipse.jetty.util.thread.strategy.ExecuteProduceConsume.execute(ExecuteProduceConsume.java:100)
        at org.eclipse.jetty.io.ManagedSelector.run(ManagedSelector.java:147)
        at org.eclipse.jetty.util.thread.QueuedThreadPool.runJob(QueuedThreadPool.java:671)
        at org.eclipse.jetty.util.thread.QueuedThreadPool$2.run(QueuedThreadPool.java:589)
        at java.lang.Thread.run(Thread.java:748)
"pool-36-thread-60"  prio=5 tid=379 in Object.wait()
java.lang.Thread.State: WAITING (on object monitor)
        at sun.misc.Unsafe.park(Native Method)
        at java.util.concurrent.locks.LockSupport.park(LockSupport.java:175)
        at java.util.concurrent.locks.AbstractQueuedSynchronizer$ConditionObject.await(AbstractQueuedSynchronizer.java:2039)
        at java.util.concurrent.ArrayBlockingQueue.take(ArrayBlockingQueue.java:403)
        at java.util.concurrent.ThreadPoolExecutor.getTask(ThreadPoolExecutor.java:1074)
        at java.util.concurrent.ThreadPoolExecutor.runWorker(ThreadPoolExecutor.java:1134)
        at java.util.concurrent.ThreadPoolExecutor$Worker.run(ThreadPoolExecutor.java:624)
        at java.lang.Thread.run(Thread.java:748)
"pool-36-thread-20"  prio=5 tid=298 in Object.wait()
java.lang.Thread.State: WAITING (on object monitor)
        at sun.misc.Unsafe.park(Native Method)
        at java.util.concurrent.locks.LockSupport.park(LockSupport.java:175)
        at java.util.concurrent.locks.AbstractQueuedSynchronizer$ConditionObject.await(AbstractQueuedSynchronizer.java:2039)
        at java.util.concurrent.ArrayBlockingQueue.take(ArrayBlockingQueue.java:403)
        at java.util.concurrent.ThreadPoolExecutor.getTask(ThreadPoolExecutor.java:1074)
        at java.util.concurrent.ThreadPoolExecutor.runWorker(ThreadPoolExecutor.java:1134)
        at java.util.concurrent.ThreadPoolExecutor$Worker.run(ThreadPoolExecutor.java:624)
        at java.lang.Thread.run(Thread.java:748)
"pool-46-thread-36"  prio=5 tid=415 in Object.wait()
java.lang.Thread.State: WAITING (on object monitor)
        at sun.misc.Unsafe.park(Native Method)
        at java.util.concurrent.locks.LockSupport.park(LockSupport.java:175)
        at java.util.concurrent.locks.AbstractQueuedSynchronizer$ConditionObject.await(AbstractQueuedSynchronizer.java:2039)
        at java.util.concurrent.ArrayBlockingQueue.take(ArrayBlockingQueue.java:403)
        at java.util.concurrent.ThreadPoolExecutor.getTask(ThreadPoolExecutor.java:1074)
        at java.util.concurrent.ThreadPoolExecutor.runWorker(ThreadPoolExecutor.java:1134)
        at java.util.concurrent.ThreadPoolExecutor$Worker.run(ThreadPoolExecutor.java:624)
        at java.lang.Thread.run(Thread.java:748)
"IPC Server handler 0 on 38234" daemon prio=5 tid=114 timed_waiting
java.lang.Thread.State: TIMED_WAITING
        at sun.misc.Unsafe.park(Native Method)
        at java.util.concurrent.locks.LockSupport.parkNanos(LockSupport.java:215)
        at java.util.concurrent.locks.AbstractQueuedSynchronizer$ConditionObject.awaitNanos(AbstractQueuedSynchronizer.java:2078)
        at java.util.concurrent.LinkedBlockingQueue.poll(LinkedBlockingQueue.java:467)
        at org.apache.hadoop.ipc.CallQueueManager.take(CallQueueManager.java:288)
        at org.apache.hadoop.ipc.Server$Handler.run(Server.java:2668)
"metrics-hadoop-metrics2-reporter-37-thread-1" daemon prio=5 tid=705 timed_waiting
java.lang.Thread.State: TIMED_WAITING
        at sun.misc.Unsafe.park(Native Method)
        at java.util.concurrent.locks.LockSupport.parkNanos(LockSupport.java:215)
        at java.util.concurrent.locks.AbstractQueuedSynchronizer$ConditionObject.awaitNanos(AbstractQueuedSynchronizer.java:2078)
        at java.util.concurrent.ScheduledThreadPoolExecutor$DelayedWorkQueue.take(ScheduledThreadPoolExecutor.java:1093)
        at java.util.concurrent.ScheduledThreadPoolExecutor$DelayedWorkQueue.take(ScheduledThreadPoolExecutor.java:809)
        at java.util.concurrent.ThreadPoolExecutor.getTask(ThreadPoolExecutor.java:1074)
        at java.util.concurrent.ThreadPoolExecutor.runWorker(ThreadPoolExecutor.java:1134)
        at java.util.concurrent.ThreadPoolExecutor$Worker.run(ThreadPoolExecutor.java:624)
        at java.lang.Thread.run(Thread.java:748)
"pool-56-thread-60"  prio=5 tid=499 in Object.wait()
java.lang.Thread.State: WAITING (on object monitor)
        at sun.misc.Unsafe.park(Native Method)
        at java.util.concurrent.locks.LockSupport.park(LockSupport.java:175)
        at java.util.concurrent.locks.AbstractQueuedSynchronizer$ConditionObject.await(AbstractQueuedSynchronizer.java:2039)
        at java.util.concurrent.ArrayBlockingQueue.take(ArrayBlockingQueue.java:403)
        at java.util.concurrent.ThreadPoolExecutor.getTask(ThreadPoolExecutor.java:1074)
        at java.util.concurrent.ThreadPoolExecutor.runWorker(ThreadPoolExecutor.java:1134)
        at java.util.concurrent.ThreadPoolExecutor$Worker.run(ThreadPoolExecutor.java:624)
        at java.lang.Thread.run(Thread.java:748)
"org.eclipse.jetty.server.session.HashSessionManager@4a9e6fafTimer" daemon prio=5 tid=98 timed_waiting
java.lang.Thread.State: TIMED_WAITING
        at sun.misc.Unsafe.park(Native Method)
        at java.util.concurrent.locks.LockSupport.parkNanos(LockSupport.java:215)
        at java.util.concurrent.locks.AbstractQueuedSynchronizer$ConditionObject.awaitNanos(AbstractQueuedSynchronizer.java:2078)
        at java.util.concurrent.ScheduledThreadPoolExecutor$DelayedWorkQueue.take(ScheduledThreadPoolExecutor.java:1093)
        at java.util.concurrent.ScheduledThreadPoolExecutor$DelayedWorkQueue.take(ScheduledThreadPoolExecutor.java:809)
        at java.util.concurrent.ThreadPoolExecutor.getTask(ThreadPoolExecutor.java:1074)
        at java.util.concurrent.ThreadPoolExecutor.runWorker(ThreadPoolExecutor.java:1134)
        at java.util.concurrent.ThreadPoolExecutor$Worker.run(ThreadPoolExecutor.java:624)
        at java.lang.Thread.run(Thread.java:748)
"Datanode ReportManager Thread - 1" daemon prio=5 tid=172 in Object.wait()
java.lang.Thread.State: WAITING (on object monitor)
        at sun.misc.Unsafe.park(Native Method)
        at java.util.concurrent.locks.LockSupport.park(LockSupport.java:175)
        at java.util.concurrent.locks.AbstractQueuedSynchronizer$ConditionObject.await(AbstractQueuedSynchronizer.java:2039)
        at java.util.concurrent.ScheduledThreadPoolExecutor$DelayedWorkQueue.take(ScheduledThreadPoolExecutor.java:1088)
        at java.util.concurrent.ScheduledThreadPoolExecutor$DelayedWorkQueue.take(ScheduledThreadPoolExecutor.java:809)
        at java.util.concurrent.ThreadPoolExecutor.getTask(ThreadPoolExecutor.java:1074)
        at java.util.concurrent.ThreadPoolExecutor.runWorker(ThreadPoolExecutor.java:1134)
        at java.util.concurrent.ThreadPoolExecutor$Worker.run(ThreadPoolExecutor.java:624)
        at java.lang.Thread.run(Thread.java:748)
"pool-56-thread-6"  prio=5 tid=445 in Object.wait()
java.lang.Thread.State: WAITING (on object monitor)
        at sun.misc.Unsafe.park(Native Method)
        at java.util.concurrent.locks.LockSupport.park(LockSupport.java:175)
        at java.util.concurrent.locks.AbstractQueuedSynchronizer$ConditionObject.await(AbstractQueuedSynchronizer.java:2039)
        at java.util.concurrent.ArrayBlockingQueue.take(ArrayBlockingQueue.java:403)
        at java.util.concurrent.ThreadPoolExecutor.getTask(ThreadPoolExecutor.java:1074)
        at java.util.concurrent.ThreadPoolExecutor.runWorker(ThreadPoolExecutor.java:1134)
        at java.util.concurrent.ThreadPoolExecutor$Worker.run(ThreadPoolExecutor.java:624)
        at java.lang.Thread.run(Thread.java:748)
"pool-56-thread-43"  prio=5 tid=482 in Object.wait()
java.lang.Thread.State: WAITING (on object monitor)
        at sun.misc.Unsafe.park(Native Method)
        at java.util.concurrent.locks.LockSupport.park(LockSupport.java:175)
        at java.util.concurrent.locks.AbstractQueuedSynchronizer$ConditionObject.await(AbstractQueuedSynchronizer.java:2039)
        at java.util.concurrent.ArrayBlockingQueue.take(ArrayBlockingQueue.java:403)
        at java.util.concurrent.ThreadPoolExecutor.getTask(ThreadPoolExecutor.java:1074)
        at java.util.concurrent.ThreadPoolExecutor.runWorker(ThreadPoolExecutor.java:1134)
        at java.util.concurrent.ThreadPoolExecutor$Worker.run(ThreadPoolExecutor.java:624)
        at java.lang.Thread.run(Thread.java:748)
"IPC Server handler 17 on 34339" daemon prio=5 tid=86 timed_waiting
java.lang.Thread.State: TIMED_WAITING
        at sun.misc.Unsafe.park(Native Method)
        at java.util.concurrent.locks.LockSupport.parkNanos(LockSupport.java:215)
        at java.util.concurrent.locks.AbstractQueuedSynchronizer$ConditionObject.awaitNanos(AbstractQueuedSynchronizer.java:2078)
        at java.util.concurrent.LinkedBlockingQueue.poll(LinkedBlockingQueue.java:467)
        at org.apache.hadoop.ipc.CallQueueManager.take(CallQueueManager.java:288)
        at org.apache.hadoop.ipc.Server$Handler.run(Server.java:2668)
"pool-36-thread-9"  prio=5 tid=277 in Object.wait()
java.lang.Thread.State: WAITING (on object monitor)
        at sun.misc.Unsafe.park(Native Method)
        at java.util.concurrent.locks.LockSupport.park(LockSupport.java:175)
        at java.util.concurrent.locks.AbstractQueuedSynchronizer$ConditionObject.await(AbstractQueuedSynchronizer.java:2039)
        at java.util.concurrent.ArrayBlockingQueue.take(ArrayBlockingQueue.java:403)
        at java.util.concurrent.ThreadPoolExecutor.getTask(ThreadPoolExecutor.java:1074)
        at java.util.concurrent.ThreadPoolExecutor.runWorker(ThreadPoolExecutor.java:1134)
        at java.util.concurrent.ThreadPoolExecutor$Worker.run(ThreadPoolExecutor.java:624)
        at java.lang.Thread.run(Thread.java:748)
"metrics-hadoop-metrics2-reporter-4-thread-1" daemon prio=5 tid=530 timed_waiting
java.lang.Thread.State: TIMED_WAITING
        at sun.misc.Unsafe.park(Native Method)
        at java.util.concurrent.locks.LockSupport.parkNanos(LockSupport.java:215)
        at java.util.concurrent.locks.AbstractQueuedSynchronizer$ConditionObject.awaitNanos(AbstractQueuedSynchronizer.java:2078)
        at java.util.concurrent.ScheduledThreadPoolExecutor$DelayedWorkQueue.take(ScheduledThreadPoolExecutor.java:1093)
        at java.util.concurrent.ScheduledThreadPoolExecutor$DelayedWorkQueue.take(ScheduledThreadPoolExecutor.java:809)
        at java.util.concurrent.ThreadPoolExecutor.getTask(ThreadPoolExecutor.java:1074)
        at java.util.concurrent.ThreadPoolExecutor.runWorker(ThreadPoolExecutor.java:1134)
        at java.util.concurrent.ThreadPoolExecutor$Worker.run(ThreadPoolExecutor.java:624)
        at java.lang.Thread.run(Thread.java:748)
"org.eclipse.jetty.server.session.HashSessionManager@60325987Timer" daemon prio=5 tid=196 timed_waiting
java.lang.Thread.State: TIMED_WAITING
        at sun.misc.Unsafe.park(Native Method)
        at java.util.concurrent.locks.LockSupport.parkNanos(LockSupport.java:215)
        at java.util.concurrent.locks.AbstractQueuedSynchronizer$ConditionObject.awaitNanos(AbstractQueuedSynchronizer.java:2078)
        at java.util.concurrent.ScheduledThreadPoolExecutor$DelayedWorkQueue.take(ScheduledThreadPoolExecutor.java:1093)
        at java.util.concurrent.ScheduledThreadPoolExecutor$DelayedWorkQueue.take(ScheduledThreadPoolExecutor.java:809)
        at java.util.concurrent.ThreadPoolExecutor.getTask(ThreadPoolExecutor.java:1074)
        at java.util.concurrent.ThreadPoolExecutor.runWorker(ThreadPoolExecutor.java:1134)
        at java.util.concurrent.ThreadPoolExecutor$Worker.run(ThreadPoolExecutor.java:624)
        at java.lang.Thread.run(Thread.java:748)
"qtp707892422-187-acceptor-0@21d62fdf-ServerConnector@2af69643{HTTP/1.1,[http/1.1]}{0.0.0.0:42528}" daemon prio=3 tid=187 runnable
java.lang.Thread.State: RUNNABLE
        at sun.nio.ch.ServerSocketChannelImpl.accept0(Native Method)
        at sun.nio.ch.ServerSocketChannelImpl.accept(ServerSocketChannelImpl.java:422)
        at sun.nio.ch.ServerSocketChannelImpl.accept(ServerSocketChannelImpl.java:250)
        at org.eclipse.jetty.server.ServerConnector.accept(ServerConnector.java:397)
        at org.eclipse.jetty.server.AbstractConnector$Acceptor.run(AbstractConnector.java:601)
        at org.eclipse.jetty.util.thread.QueuedThreadPool.runJob(QueuedThreadPool.java:671)
        at org.eclipse.jetty.util.thread.QueuedThreadPool$2.run(QueuedThreadPool.java:589)
        at java.lang.Thread.run(Thread.java:748)
"IPC Server Responder" daemon prio=5 tid=17 runnable
java.lang.Thread.State: RUNNABLE
        at sun.nio.ch.EPollArrayWrapper.epollWait(Native Method)
        at sun.nio.ch.EPollArrayWrapper.poll(EPollArrayWrapper.java:269)
        at sun.nio.ch.EPollSelectorImpl.doSelect(EPollSelectorImpl.java:93)
        at sun.nio.ch.SelectorImpl.lockAndDoSelect(SelectorImpl.java:86)
        at sun.nio.ch.SelectorImpl.select(SelectorImpl.java:97)
        at org.apache.hadoop.ipc.Server$Responder.doRunLoop(Server.java:1334)
        at org.apache.hadoop.ipc.Server$Responder.run(Server.java:1317)
"EventQueue-NewNodeForNewNodeHandler" daemon prio=5 tid=509 in Object.wait()
java.lang.Thread.State: WAITING (on object monitor)
        at sun.misc.Unsafe.park(Native Method)
        at java.util.concurrent.locks.LockSupport.park(LockSupport.java:175)
        at java.util.concurrent.locks.AbstractQueuedSynchronizer$ConditionObject.await(AbstractQueuedSynchronizer.java:2039)
        at java.util.concurrent.LinkedBlockingQueue.take(LinkedBlockingQueue.java:442)
        at java.util.concurrent.ThreadPoolExecutor.getTask(ThreadPoolExecutor.java:1074)
        at java.util.concurrent.ThreadPoolExecutor.runWorker(ThreadPoolExecutor.java:1134)
        at java.util.concurrent.ThreadPoolExecutor$Worker.run(ThreadPoolExecutor.java:624)
        at java.lang.Thread.run(Thread.java:748)
"pool-26-thread-39"  prio=5 tid=337 in Object.wait()
java.lang.Thread.State: WAITING (on object monitor)
        at sun.misc.Unsafe.park(Native Method)
        at java.util.concurrent.locks.LockSupport.park(LockSupport.java:175)
        at java.util.concurrent.locks.AbstractQueuedSynchronizer$ConditionObject.await(AbstractQueuedSynchronizer.java:2039)
        at java.util.concurrent.ArrayBlockingQueue.take(ArrayBlockingQueue.java:403)
        at java.util.concurrent.ThreadPoolExecutor.getTask(ThreadPoolExecutor.java:1074)
        at java.util.concurrent.ThreadPoolExecutor.runWorker(ThreadPoolExecutor.java:1134)
        at java.util.concurrent.ThreadPoolExecutor$Worker.run(ThreadPoolExecutor.java:624)
        at java.lang.Thread.run(Thread.java:748)
"pool-26-thread-35"  prio=5 tid=329 in Object.wait()
java.lang.Thread.State: WAITING (on object monitor)
        at sun.misc.Unsafe.park(Native Method)
        at java.util.concurrent.locks.LockSupport.park(LockSupport.java:175)
        at java.util.concurrent.locks.AbstractQueuedSynchronizer$ConditionObject.await(AbstractQueuedSynchronizer.java:2039)
        at java.util.concurrent.ArrayBlockingQueue.take(ArrayBlockingQueue.java:403)
        at java.util.concurrent.ThreadPoolExecutor.getTask(ThreadPoolExecutor.java:1074)
        at java.util.concurrent.ThreadPoolExecutor.runWorker(ThreadPoolExecutor.java:1134)
        at java.util.concurrent.ThreadPoolExecutor$Worker.run(ThreadPoolExecutor.java:624)
        at java.lang.Thread.run(Thread.java:748)
"pool-46-thread-33"  prio=5 tid=412 in Object.wait()
java.lang.Thread.State: WAITING (on object monitor)
        at sun.misc.Unsafe.park(Native Method)
        at java.util.concurrent.locks.LockSupport.park(LockSupport.java:175)
        at java.util.concurrent.locks.AbstractQueuedSynchronizer$ConditionObject.await(AbstractQueuedSynchronizer.java:2039)
        at java.util.concurrent.ArrayBlockingQueue.take(ArrayBlockingQueue.java:403)
        at java.util.concurrent.ThreadPoolExecutor.getTask(ThreadPoolExecutor.java:1074)
        at java.util.concurrent.ThreadPoolExecutor.runWorker(ThreadPoolExecutor.java:1134)
        at java.util.concurrent.ThreadPoolExecutor$Worker.run(ThreadPoolExecutor.java:624)
        at java.lang.Thread.run(Thread.java:748)
"org.apache.hadoop.util.JvmPauseMonitor$Monitor@7d8a1a20" daemon prio=5 tid=257 timed_waiting
java.lang.Thread.State: TIMED_WAITING
        at java.lang.Thread.sleep(Native Method)
        at org.apache.hadoop.util.JvmPauseMonitor$Monitor.run(JvmPauseMonitor.java:192)
        at java.lang.Thread.run(Thread.java:748)
"Command processor thread" daemon prio=5 tid=229 timed_waiting
java.lang.Thread.State: TIMED_WAITING
        at java.lang.Thread.sleep(Native Method)
        at org.apache.hadoop.ozone.container.common.statemachine.DatanodeStateMachine.lambda$initCommandHandlerThread$1(DatanodeStateMachine.java:439)
        at org.apache.hadoop.ozone.container.common.statemachine.DatanodeStateMachine$$Lambda$141/259962710.run(Unknown Source)
        at java.lang.Thread.run(Thread.java:748)
"qtp707892422-188" daemon prio=5 tid=188 timed_waiting
java.lang.Thread.State: TIMED_WAITING
        at sun.misc.Unsafe.park(Native Method)
        at java.util.concurrent.locks.LockSupport.parkNanos(LockSupport.java:215)
        at java.util.concurrent.locks.AbstractQueuedSynchronizer$ConditionObject.awaitNanos(AbstractQueuedSynchronizer.java:2078)
        at org.eclipse.jetty.util.BlockingArrayQueue.poll(BlockingArrayQueue.java:392)
        at org.eclipse.jetty.util.thread.QueuedThreadPool.idleJobPoll(QueuedThreadPool.java:563)
        at org.eclipse.jetty.util.thread.QueuedThreadPool.access$800(QueuedThreadPool.java:48)
        at org.eclipse.jetty.util.thread.QueuedThreadPool$2.run(QueuedThreadPool.java:626)
        at java.lang.Thread.run(Thread.java:748)
"443b071d-6096-48d6-bfe7-498b7c8032c0@group-7EB39FB5DF22-SegmentedRaftLogWorker"  prio=5 tid=693 timed_waiting
java.lang.Thread.State: TIMED_WAITING
        at sun.misc.Unsafe.park(Native Method)
        at java.util.concurrent.locks.LockSupport.parkNanos(LockSupport.java:215)
        at java.util.concurrent.locks.AbstractQueuedSynchronizer$ConditionObject.awaitNanos(AbstractQueuedSynchronizer.java:2078)
        at org.apache.ratis.util.DataBlockingQueue.poll(DataBlockingQueue.java:137)
        at org.apache.ratis.server.raftlog.segmented.SegmentedRaftLogWorker.run(SegmentedRaftLogWorker.java:282)
        at java.lang.Thread.run(Thread.java:748)
"RatisPipelineUtilsThread"  prio=5 tid=510 timed_waiting
java.lang.Thread.State: TIMED_WAITING
        at sun.misc.Unsafe.park(Native Method)
        at java.util.concurrent.locks.LockSupport.parkNanos(LockSupport.java:215)
        at java.util.concurrent.locks.AbstractQueuedSynchronizer$ConditionObject.awaitNanos(AbstractQueuedSynchronizer.java:2078)
        at java.util.concurrent.ScheduledThreadPoolExecutor$DelayedWorkQueue.take(ScheduledThreadPoolExecutor.java:1093)
        at java.util.concurrent.ScheduledThreadPoolExecutor$DelayedWorkQueue.take(ScheduledThreadPoolExecutor.java:809)
        at java.util.concurrent.ThreadPoolExecutor.getTask(ThreadPoolExecutor.java:1074)
        at java.util.concurrent.ThreadPoolExecutor.runWorker(ThreadPoolExecutor.java:1134)
        at java.util.concurrent.ThreadPoolExecutor$Worker.run(ThreadPoolExecutor.java:624)
        at java.lang.Thread.run(Thread.java:748)
"qtp206310209-140" daemon prio=5 tid=140 timed_waiting
java.lang.Thread.State: TIMED_WAITING
        at sun.misc.Unsafe.park(Native Method)
        at java.util.concurrent.locks.LockSupport.parkNanos(LockSupport.java:215)
        at java.util.concurrent.locks.AbstractQueuedSynchronizer$ConditionObject.awaitNanos(AbstractQueuedSynchronizer.java:2078)
        at org.eclipse.jetty.util.BlockingArrayQueue.poll(BlockingArrayQueue.java:392)
        at org.eclipse.jetty.util.thread.QueuedThreadPool.idleJobPoll(QueuedThreadPool.java:563)
        at org.eclipse.jetty.util.thread.QueuedThreadPool.access$800(QueuedThreadPool.java:48)
        at org.eclipse.jetty.util.thread.QueuedThreadPool$2.run(QueuedThreadPool.java:626)
        at java.lang.Thread.run(Thread.java:748)
"pool-56-thread-50"  prio=5 tid=489 in Object.wait()
java.lang.Thread.State: WAITING (on object monitor)
        at sun.misc.Unsafe.park(Native Method)
        at java.util.concurrent.locks.LockSupport.park(LockSupport.java:175)
        at java.util.concurrent.locks.AbstractQueuedSynchronizer$ConditionObject.await(AbstractQueuedSynchronizer.java:2039)
        at java.util.concurrent.ArrayBlockingQueue.take(ArrayBlockingQueue.java:403)
        at java.util.concurrent.ThreadPoolExecutor.getTask(ThreadPoolExecutor.java:1074)
        at java.util.concurrent.ThreadPoolExecutor.runWorker(ThreadPoolExecutor.java:1134)
        at java.util.concurrent.ThreadPoolExecutor$Worker.run(ThreadPoolExecutor.java:624)
        at java.lang.Thread.run(Thread.java:748)
"org.eclipse.jetty.server.session.HashSessionManager@65bdd558Timer" daemon prio=5 tid=195 timed_waiting
java.lang.Thread.State: TIMED_WAITING
        at sun.misc.Unsafe.park(Native Method)
        at java.util.concurrent.locks.LockSupport.parkNanos(LockSupport.java:215)
        at java.util.concurrent.locks.AbstractQueuedSynchronizer$ConditionObject.awaitNanos(AbstractQueuedSynchronizer.java:2078)
        at java.util.concurrent.ScheduledThreadPoolExecutor$DelayedWorkQueue.take(ScheduledThreadPoolExecutor.java:1093)
        at java.util.concurrent.ScheduledThreadPoolExecutor$DelayedWorkQueue.take(ScheduledThreadPoolExecutor.java:809)
        at java.util.concurrent.ThreadPoolExecutor.getTask(ThreadPoolExecutor.java:1074)
        at java.util.concurrent.ThreadPoolExecutor.runWorker(ThreadPoolExecutor.java:1134)
        at java.util.concurrent.ThreadPoolExecutor$Worker.run(ThreadPoolExecutor.java:624)
        at java.lang.Thread.run(Thread.java:748)
"IPC Server handler 13 on 34819" daemon prio=5 tid=42 timed_waiting
java.lang.Thread.State: TIMED_WAITING
        at sun.misc.Unsafe.park(Native Method)
        at java.util.concurrent.locks.LockSupport.parkNanos(LockSupport.java:215)
        at java.util.concurrent.locks.AbstractQueuedSynchronizer$ConditionObject.awaitNanos(AbstractQueuedSynchronizer.java:2078)
        at java.util.concurrent.LinkedBlockingQueue.poll(LinkedBlockingQueue.java:467)
        at org.apache.hadoop.ipc.CallQueueManager.take(CallQueueManager.java:288)
        at org.apache.hadoop.ipc.Server$Handler.run(Server.java:2668)
"pool-56-thread-10"  prio=5 tid=449 in Object.wait()
java.lang.Thread.State: WAITING (on object monitor)
        at sun.misc.Unsafe.park(Native Method)
        at java.util.concurrent.locks.LockSupport.park(LockSupport.java:175)
        at java.util.concurrent.locks.AbstractQueuedSynchronizer$ConditionObject.await(AbstractQueuedSynchronizer.java:2039)
        at java.util.concurrent.ArrayBlockingQueue.take(ArrayBlockingQueue.java:403)
        at java.util.concurrent.ThreadPoolExecutor.getTask(ThreadPoolExecutor.java:1074)
        at java.util.concurrent.ThreadPoolExecutor.runWorker(ThreadPoolExecutor.java:1134)
        at java.util.concurrent.ThreadPoolExecutor$Worker.run(ThreadPoolExecutor.java:624)
        at java.lang.Thread.run(Thread.java:748)
"org.eclipse.jetty.server.session.HashSessionManager@3574e198Timer" daemon prio=5 tid=99 timed_waiting
java.lang.Thread.State: TIMED_WAITING
        at sun.misc.Unsafe.park(Native Method)
        at java.util.concurrent.locks.LockSupport.parkNanos(LockSupport.java:215)
        at java.util.concurrent.locks.AbstractQueuedSynchronizer$ConditionObject.awaitNanos(AbstractQueuedSynchronizer.java:2078)
        at java.util.concurrent.ScheduledThreadPoolExecutor$DelayedWorkQueue.take(ScheduledThreadPoolExecutor.java:1093)
        at java.util.concurrent.ScheduledThreadPoolExecutor$DelayedWorkQueue.take(ScheduledThreadPoolExecutor.java:809)
        at java.util.concurrent.ThreadPoolExecutor.getTask(ThreadPoolExecutor.java:1074)
        at java.util.concurrent.ThreadPoolExecutor.runWorker(ThreadPoolExecutor.java:1134)
        at java.util.concurrent.ThreadPoolExecutor$Worker.run(ThreadPoolExecutor.java:624)
        at java.lang.Thread.run(Thread.java:748)
"IPC Server handler 18 on 34819" daemon prio=5 tid=47 timed_waiting
java.lang.Thread.State: TIMED_WAITING
        at sun.misc.Unsafe.park(Native Method)
        at java.util.concurrent.locks.LockSupport.parkNanos(LockSupport.java:215)
        at java.util.concurrent.locks.AbstractQueuedSynchronizer$ConditionObject.awaitNanos(AbstractQueuedSynchronizer.java:2078)
        at java.util.concurrent.LinkedBlockingQueue.poll(LinkedBlockingQueue.java:467)
        at org.apache.hadoop.ipc.CallQueueManager.take(CallQueueManager.java:288)
        at org.apache.hadoop.ipc.Server$Handler.run(Server.java:2668)
"pool-46-thread-44"  prio=5 tid=423 in Object.wait()
java.lang.Thread.State: WAITING (on object monitor)
        at sun.misc.Unsafe.park(Native Method)
        at java.util.concurrent.locks.LockSupport.park(LockSupport.java:175)
        at java.util.concurrent.locks.AbstractQueuedSynchronizer$ConditionObject.await(AbstractQueuedSynchronizer.java:2039)
        at java.util.concurrent.ArrayBlockingQueue.take(ArrayBlockingQueue.java:403)
        at java.util.concurrent.ThreadPoolExecutor.getTask(ThreadPoolExecutor.java:1074)
        at java.util.concurrent.ThreadPoolExecutor.runWorker(ThreadPoolExecutor.java:1134)
        at java.util.concurrent.ThreadPoolExecutor$Worker.run(ThreadPoolExecutor.java:624)
        at java.lang.Thread.run(Thread.java:748)
"IPC Server handler 14 on 38234" daemon prio=5 tid=129 timed_waiting
java.lang.Thread.State: TIMED_WAITING
        at sun.misc.Unsafe.park(Native Method)
        at java.util.concurrent.locks.LockSupport.parkNanos(LockSupport.java:215)
        at java.util.concurrent.locks.AbstractQueuedSynchronizer$ConditionObject.awaitNanos(AbstractQueuedSynchronizer.java:2078)
        at java.util.concurrent.LinkedBlockingQueue.poll(LinkedBlockingQueue.java:467)
        at org.apache.hadoop.ipc.CallQueueManager.take(CallQueueManager.java:288)
        at org.apache.hadoop.ipc.Server$Handler.run(Server.java:2668)
"pool-26-thread-33"  prio=5 tid=325 in Object.wait()
java.lang.Thread.State: WAITING (on object monitor)
        at sun.misc.Unsafe.park(Native Method)
        at java.util.concurrent.locks.LockSupport.park(LockSupport.java:175)
        at java.util.concurrent.locks.AbstractQueuedSynchronizer$ConditionObject.await(AbstractQueuedSynchronizer.java:2039)
        at java.util.concurrent.ArrayBlockingQueue.take(ArrayBlockingQueue.java:403)
        at java.util.concurrent.ThreadPoolExecutor.getTask(ThreadPoolExecutor.java:1074)
        at java.util.concurrent.ThreadPoolExecutor.runWorker(ThreadPoolExecutor.java:1134)
        at java.util.concurrent.ThreadPoolExecutor$Worker.run(ThreadPoolExecutor.java:624)
        at java.lang.Thread.run(Thread.java:748)
"IPC Server handler 7 on 34819" daemon prio=5 tid=36 timed_waiting
java.lang.Thread.State: TIMED_WAITING
        at sun.misc.Unsafe.park(Native Method)
        at java.util.concurrent.locks.LockSupport.parkNanos(LockSupport.java:215)
        at java.util.concurrent.locks.AbstractQueuedSynchronizer$ConditionObject.awaitNanos(AbstractQueuedSynchronizer.java:2078)
        at java.util.concurrent.LinkedBlockingQueue.poll(LinkedBlockingQueue.java:467)
        at org.apache.hadoop.ipc.CallQueueManager.take(CallQueueManager.java:288)
        at org.apache.hadoop.ipc.Server$Handler.run(Server.java:2668)
"Command processor thread" daemon prio=5 tid=202 timed_waiting
java.lang.Thread.State: TIMED_WAITING
        at java.lang.Thread.sleep(Native Method)
        at org.apache.hadoop.ozone.container.common.statemachine.DatanodeStateMachine.lambda$initCommandHandlerThread$1(DatanodeStateMachine.java:439)
        at org.apache.hadoop.ozone.container.common.statemachine.DatanodeStateMachine$$Lambda$141/259962710.run(Unknown Source)
        at java.lang.Thread.run(Thread.java:748)
"qtp206310209-137-acceptor-0@771ffb7a-ServerConnector@5d235104{HTTP/1.1,[http/1.1]}{0.0.0.0:33320}" daemon prio=3 tid=137 runnable
java.lang.Thread.State: RUNNABLE
        at sun.nio.ch.ServerSocketChannelImpl.accept0(Native Method)
        at sun.nio.ch.ServerSocketChannelImpl.accept(ServerSocketChannelImpl.java:422)
        at sun.nio.ch.ServerSocketChannelImpl.accept(ServerSocketChannelImpl.java:250)
        at org.eclipse.jetty.server.ServerConnector.accept(ServerConnector.java:397)
        at org.eclipse.jetty.server.AbstractConnector$Acceptor.run(AbstractConnector.java:601)
        at org.eclipse.jetty.util.thread.QueuedThreadPool.runJob(QueuedThreadPool.java:671)
        at org.eclipse.jetty.util.thread.QueuedThreadPool$2.run(QueuedThreadPool.java:589)
        at java.lang.Thread.run(Thread.java:748)
"pool-36-thread-24"  prio=5 tid=306 in Object.wait()
java.lang.Thread.State: WAITING (on object monitor)
        at sun.misc.Unsafe.park(Native Method)
        at java.util.concurrent.locks.LockSupport.park(LockSupport.java:175)
        at java.util.concurrent.locks.AbstractQueuedSynchronizer$ConditionObject.await(AbstractQueuedSynchronizer.java:2039)
        at java.util.concurrent.ArrayBlockingQueue.take(ArrayBlockingQueue.java:403)
        at java.util.concurrent.ThreadPoolExecutor.getTask(ThreadPoolExecutor.java:1074)
        at java.util.concurrent.ThreadPoolExecutor.runWorker(ThreadPoolExecutor.java:1134)
        at java.util.concurrent.ThreadPoolExecutor$Worker.run(ThreadPoolExecutor.java:624)
        at java.lang.Thread.run(Thread.java:748)
"prometheus" daemon prio=5 tid=100 in Object.wait()
java.lang.Thread.State: WAITING (on object monitor)
        at java.lang.Object.wait(Native Method)
        at java.lang.Object.wait(Object.java:502)
        at org.apache.hadoop.metrics2.impl.SinkQueue.waitForData(SinkQueue.java:114)
        at org.apache.hadoop.metrics2.impl.SinkQueue.consumeAll(SinkQueue.java:83)
        at org.apache.hadoop.metrics2.impl.MetricsSinkAdapter.publishMetricsFromQueue(MetricsSinkAdapter.java:135)
        at org.apache.hadoop.metrics2.impl.MetricsSinkAdapter$1.run(MetricsSinkAdapter.java:89)
"pool-26-thread-58"  prio=5 tid=374 in Object.wait()
java.lang.Thread.State: WAITING (on object monitor)
        at sun.misc.Unsafe.park(Native Method)
        at java.util.concurrent.locks.LockSupport.park(LockSupport.java:175)
        at java.util.concurrent.locks.AbstractQueuedSynchronizer$ConditionObject.await(AbstractQueuedSynchronizer.java:2039)
        at java.util.concurrent.ArrayBlockingQueue.take(ArrayBlockingQueue.java:403)
        at java.util.concurrent.ThreadPoolExecutor.getTask(ThreadPoolExecutor.java:1074)
        at java.util.concurrent.ThreadPoolExecutor.runWorker(ThreadPoolExecutor.java:1134)
        at java.util.concurrent.ThreadPoolExecutor$Worker.run(ThreadPoolExecutor.java:624)
        at java.lang.Thread.run(Thread.java:748)
"pool-36-thread-40"  prio=5 tid=338 in Object.wait()
java.lang.Thread.State: WAITING (on object monitor)
        at sun.misc.Unsafe.park(Native Method)
        at java.util.concurrent.locks.LockSupport.park(LockSupport.java:175)
        at java.util.concurrent.locks.AbstractQueuedSynchronizer$ConditionObject.await(AbstractQueuedSynchronizer.java:2039)
        at java.util.concurrent.ArrayBlockingQueue.take(ArrayBlockingQueue.java:403)
        at java.util.concurrent.ThreadPoolExecutor.getTask(ThreadPoolExecutor.java:1074)
        at java.util.concurrent.ThreadPoolExecutor.runWorker(ThreadPoolExecutor.java:1134)
        at java.util.concurrent.ThreadPoolExecutor$Worker.run(ThreadPoolExecutor.java:624)
        at java.lang.Thread.run(Thread.java:748)
"metrics-hadoop-metrics2-reporter-6-thread-1" daemon prio=5 tid=537 timed_waiting
java.lang.Thread.State: TIMED_WAITING
        at sun.misc.Unsafe.park(Native Method)
        at java.util.concurrent.locks.LockSupport.parkNanos(LockSupport.java:215)
        at java.util.concurrent.locks.AbstractQueuedSynchronizer$ConditionObject.awaitNanos(AbstractQueuedSynchronizer.java:2078)
        at java.util.concurrent.ScheduledThreadPoolExecutor$DelayedWorkQueue.take(ScheduledThreadPoolExecutor.java:1093)
        at java.util.concurrent.ScheduledThreadPoolExecutor$DelayedWorkQueue.take(ScheduledThreadPoolExecutor.java:809)
        at java.util.concurrent.ThreadPoolExecutor.getTask(ThreadPoolExecutor.java:1074)
        at java.util.concurrent.ThreadPoolExecutor.runWorker(ThreadPoolExecutor.java:1134)
        at java.util.concurrent.ThreadPoolExecutor$Worker.run(ThreadPoolExecutor.java:624)
        at java.lang.Thread.run(Thread.java:748)
"org.apache.hadoop.util.JvmPauseMonitor$Monitor@73130bc5" daemon prio=5 tid=230 timed_waiting
java.lang.Thread.State: TIMED_WAITING
        at java.lang.Thread.sleep(Native Method)
        at org.apache.hadoop.util.JvmPauseMonitor$Monitor.run(JvmPauseMonitor.java:192)
        at java.lang.Thread.run(Thread.java:748)
"Datanode ReportManager Thread - 3" daemon prio=5 tid=228 timed_waiting
java.lang.Thread.State: TIMED_WAITING
        at sun.misc.Unsafe.park(Native Method)
        at java.util.concurrent.locks.LockSupport.parkNanos(LockSupport.java:215)
        at java.util.concurrent.locks.AbstractQueuedSynchronizer$ConditionObject.awaitNanos(AbstractQueuedSynchronizer.java:2078)
        at java.util.concurrent.ScheduledThreadPoolExecutor$DelayedWorkQueue.take(ScheduledThreadPoolExecutor.java:1093)
        at java.util.concurrent.ScheduledThreadPoolExecutor$DelayedWorkQueue.take(ScheduledThreadPoolExecutor.java:809)
        at java.util.concurrent.ThreadPoolExecutor.getTask(ThreadPoolExecutor.java:1074)
        at java.util.concurrent.ThreadPoolExecutor.runWorker(ThreadPoolExecutor.java:1134)
        at java.util.concurrent.ThreadPoolExecutor$Worker.run(ThreadPoolExecutor.java:624)
        at java.lang.Thread.run(Thread.java:748)
"IPC Parameter Sending Thread #0" daemon prio=5 tid=105 timed_waiting
java.lang.Thread.State: TIMED_WAITING
        at sun.misc.Unsafe.park(Native Method)
        at java.util.concurrent.locks.LockSupport.parkNanos(LockSupport.java:215)
        at java.util.concurrent.SynchronousQueue$TransferStack.awaitFulfill(SynchronousQueue.java:460)
        at java.util.concurrent.SynchronousQueue$TransferStack.transfer(SynchronousQueue.java:362)
        at java.util.concurrent.SynchronousQueue.poll(SynchronousQueue.java:941)
        at java.util.concurrent.ThreadPoolExecutor.getTask(ThreadPoolExecutor.java:1073)
        at java.util.concurrent.ThreadPoolExecutor.runWorker(ThreadPoolExecutor.java:1134)
        at java.util.concurrent.ThreadPoolExecutor$Worker.run(ThreadPoolExecutor.java:624)
        at java.lang.Thread.run(Thread.java:748)
"pool-56-thread-28"  prio=5 tid=467 in Object.wait()
java.lang.Thread.State: WAITING (on object monitor)
        at sun.misc.Unsafe.park(Native Method)
        at java.util.concurrent.locks.LockSupport.park(LockSupport.java:175)
        at java.util.concurrent.locks.AbstractQueuedSynchronizer$ConditionObject.await(AbstractQueuedSynchronizer.java:2039)
        at java.util.concurrent.ArrayBlockingQueue.take(ArrayBlockingQueue.java:403)
        at java.util.concurrent.ThreadPoolExecutor.getTask(ThreadPoolExecutor.java:1074)
        at java.util.concurrent.ThreadPoolExecutor.runWorker(ThreadPoolExecutor.java:1134)
        at java.util.concurrent.ThreadPoolExecutor$Worker.run(ThreadPoolExecutor.java:624)
        at java.lang.Thread.run(Thread.java:748)
"pool-26-thread-6"  prio=5 tid=271 in Object.wait()
java.lang.Thread.State: WAITING (on object monitor)
        at sun.misc.Unsafe.park(Native Method)
        at java.util.concurrent.locks.LockSupport.park(LockSupport.java:175)
        at java.util.concurrent.locks.AbstractQueuedSynchronizer$ConditionObject.await(AbstractQueuedSynchronizer.java:2039)
        at java.util.concurrent.ArrayBlockingQueue.take(ArrayBlockingQueue.java:403)
        at java.util.concurrent.ThreadPoolExecutor.getTask(ThreadPoolExecutor.java:1074)
        at java.util.concurrent.ThreadPoolExecutor.runWorker(ThreadPoolExecutor.java:1134)
        at java.util.concurrent.ThreadPoolExecutor$Worker.run(ThreadPoolExecutor.java:624)
        at java.lang.Thread.run(Thread.java:748)
"qtp7829163-91-acceptor-0@4ace82b8-ServerConnector@73511076{HTTP/1.1,[http/1.1]}{0.0.0.0:44458}" daemon prio=3 tid=91 runnable
java.lang.Thread.State: RUNNABLE
        at sun.nio.ch.ServerSocketChannelImpl.accept0(Native Method)
        at sun.nio.ch.ServerSocketChannelImpl.accept(ServerSocketChannelImpl.java:422)
        at sun.nio.ch.ServerSocketChannelImpl.accept(ServerSocketChannelImpl.java:250)
        at org.eclipse.jetty.server.ServerConnector.accept(ServerConnector.java:397)
        at org.eclipse.jetty.server.AbstractConnector$Acceptor.run(AbstractConnector.java:601)
        at org.eclipse.jetty.util.thread.QueuedThreadPool.runJob(QueuedThreadPool.java:671)
        at org.eclipse.jetty.util.thread.QueuedThreadPool$2.run(QueuedThreadPool.java:589)
        at java.lang.Thread.run(Thread.java:748)
"pool-56-thread-45"  prio=5 tid=484 in Object.wait()
java.lang.Thread.State: WAITING (on object monitor)
        at sun.misc.Unsafe.park(Native Method)
        at java.util.concurrent.locks.LockSupport.park(LockSupport.java:175)
        at java.util.concurrent.locks.AbstractQueuedSynchronizer$ConditionObject.await(AbstractQueuedSynchronizer.java:2039)
        at java.util.concurrent.ArrayBlockingQueue.take(ArrayBlockingQueue.java:403)
        at java.util.concurrent.ThreadPoolExecutor.getTask(ThreadPoolExecutor.java:1074)
        at java.util.concurrent.ThreadPoolExecutor.runWorker(ThreadPoolExecutor.java:1134)
        at java.util.concurrent.ThreadPoolExecutor$Worker.run(ThreadPoolExecutor.java:624)
        at java.lang.Thread.run(Thread.java:748)
"pool-46-thread-20"  prio=5 tid=399 in Object.wait()
java.lang.Thread.State: WAITING (on object monitor)
        at sun.misc.Unsafe.park(Native Method)
        at java.util.concurrent.locks.LockSupport.park(LockSupport.java:175)
        at java.util.concurrent.locks.AbstractQueuedSynchronizer$ConditionObject.await(AbstractQueuedSynchronizer.java:2039)
        at java.util.concurrent.ArrayBlockingQueue.take(ArrayBlockingQueue.java:403)
        at java.util.concurrent.ThreadPoolExecutor.getTask(ThreadPoolExecutor.java:1074)
        at java.util.concurrent.ThreadPoolExecutor.runWorker(ThreadPoolExecutor.java:1134)
        at java.util.concurrent.ThreadPoolExecutor$Worker.run(ThreadPoolExecutor.java:624)
        at java.lang.Thread.run(Thread.java:748)
"pool-36-thread-56"  prio=5 tid=371 in Object.wait()
java.lang.Thread.State: WAITING (on object monitor)
        at sun.misc.Unsafe.park(Native Method)
        at java.util.concurrent.locks.LockSupport.park(LockSupport.java:175)
        at java.util.concurrent.locks.AbstractQueuedSynchronizer$ConditionObject.await(AbstractQueuedSynchronizer.java:2039)
        at java.util.concurrent.ArrayBlockingQueue.take(ArrayBlockingQueue.java:403)
        at java.util.concurrent.ThreadPoolExecutor.getTask(ThreadPoolExecutor.java:1074)
        at java.util.concurrent.ThreadPoolExecutor.runWorker(ThreadPoolExecutor.java:1134)
        at java.util.concurrent.ThreadPoolExecutor$Worker.run(ThreadPoolExecutor.java:624)
        at java.lang.Thread.run(Thread.java:748)
"IPC Server handler 12 on 40088" daemon prio=5 tid=61 timed_waiting
java.lang.Thread.State: TIMED_WAITING
        at sun.misc.Unsafe.park(Native Method)
        at java.util.concurrent.locks.LockSupport.parkNanos(LockSupport.java:215)
        at java.util.concurrent.locks.AbstractQueuedSynchronizer$ConditionObject.awaitNanos(AbstractQueuedSynchronizer.java:2078)
        at java.util.concurrent.LinkedBlockingQueue.poll(LinkedBlockingQueue.java:467)
        at org.apache.hadoop.ipc.CallQueueManager.take(CallQueueManager.java:288)
        at org.apache.hadoop.ipc.Server$Handler.run(Server.java:2668)
"pool-26-thread-28"  prio=5 tid=315 in Object.wait()
java.lang.Thread.State: WAITING (on object monitor)
        at sun.misc.Unsafe.park(Native Method)
        at java.util.concurrent.locks.LockSupport.park(LockSupport.java:175)
        at java.util.concurrent.locks.AbstractQueuedSynchronizer$ConditionObject.await(AbstractQueuedSynchronizer.java:2039)
        at java.util.concurrent.ArrayBlockingQueue.take(ArrayBlockingQueue.java:403)
        at java.util.concurrent.ThreadPoolExecutor.getTask(ThreadPoolExecutor.java:1074)
        at java.util.concurrent.ThreadPoolExecutor.runWorker(ThreadPoolExecutor.java:1134)
        at java.util.concurrent.ThreadPoolExecutor$Worker.run(ThreadPoolExecutor.java:624)
        at java.lang.Thread.run(Thread.java:748)
"pool-26-thread-2"  prio=5 tid=263 in Object.wait()
java.lang.Thread.State: WAITING (on object monitor)
        at sun.misc.Unsafe.park(Native Method)
        at java.util.concurrent.locks.LockSupport.park(LockSupport.java:175)
        at java.util.concurrent.locks.AbstractQueuedSynchronizer$ConditionObject.await(AbstractQueuedSynchronizer.java:2039)
        at java.util.concurrent.ArrayBlockingQueue.take(ArrayBlockingQueue.java:403)
        at java.util.concurrent.ThreadPoolExecutor.getTask(ThreadPoolExecutor.java:1074)
        at java.util.concurrent.ThreadPoolExecutor.runWorker(ThreadPoolExecutor.java:1134)
        at java.util.concurrent.ThreadPoolExecutor$Worker.run(ThreadPoolExecutor.java:624)
        at java.lang.Thread.run(Thread.java:748)


	at org.apache.hadoop.test.GenericTestUtils.waitFor(GenericTestUtils.java:389)
	at org.apache.hadoop.ozone.MiniOzoneClusterImpl.waitForClusterToBeReady(MiniOzoneClusterImpl.java:149)
	at org.apache.hadoop.hdds.scm.pipeline.TestSCMRestart.init(TestSCMRestart.java:65)
	at sun.reflect.NativeMethodAccessorImpl.invoke0(Native Method)
	at sun.reflect.NativeMethodAccessorImpl.invoke(NativeMethodAccessorImpl.java:62)
	at sun.reflect.DelegatingMethodAccessorImpl.invoke(DelegatingMethodAccessorImpl.java:43)
	at java.lang.reflect.Method.invoke(Method.java:498)
	at org.junit.runners.model.FrameworkMethod$1.runReflectiveCall(FrameworkMethod.java:47)
	at org.junit.internal.runners.model.ReflectiveCallable.run(ReflectiveCallable.java:12)
	at org.junit.runners.model.FrameworkMethod.invokeExplosively(FrameworkMethod.java:44)
	at org.junit.internal.runners.statements.RunBefores.evaluate(RunBefores.java:24)
	at org.junit.internal.runners.statements.RunAfters.evaluate(RunAfters.java:27)
	at org.junit.runners.ParentRunner.run(ParentRunner.java:309)
	at org.apache.maven.surefire.junit4.JUnit4Provider.execute(JUnit4Provider.java:365)
	at org.apache.maven.surefire.junit4.JUnit4Provider.executeWithRerun(JUnit4Provider.java:273)
	at org.apache.maven.surefire.junit4.JUnit4Provider.executeTestSet(JUnit4Provider.java:238)
	at org.apache.maven.surefire.junit4.JUnit4Provider.invoke(JUnit4Provider.java:159)
	at org.apache.maven.surefire.booter.ForkedBooter.invokeProviderInSameClassLoader(ForkedBooter.java:384)
	at org.apache.maven.surefire.booter.ForkedBooter.runSuitesInProcess(ForkedBooter.java:345)
	at org.apache.maven.surefire.booter.ForkedBooter.execute(ForkedBooter.java:126)
	at org.apache.maven.surefire.booter.ForkedBooter.main(ForkedBooter.java:418)
</error>
    <system-out><![CDATA[2019-10-17 07:41:16,436 [main] WARN  server.ServerUtils (ServerUtils.java:getScmDbDir(145)) - ozone.scm.db.dirs is not configured. We recommend adding this setting. Falling back to ozone.metadata.dirs instead.
2019-10-17 07:41:16,546 [main] WARN  server.ServerUtils (ServerUtils.java:getScmDbDir(145)) - ozone.scm.db.dirs is not configured. We recommend adding this setting. Falling back to ozone.metadata.dirs instead.
2019-10-17 07:41:16,550 [main] WARN  server.ServerUtils (ServerUtils.java:getScmDbDir(145)) - ozone.scm.db.dirs is not configured. We recommend adding this setting. Falling back to ozone.metadata.dirs instead.
2019-10-17 07:41:16,576 [main] INFO  util.log (Log.java:initialized(192)) - Logging initialized @828ms
2019-10-17 07:41:16,673 [main] INFO  db.DBStoreBuilder (DBStoreBuilder.java:addTable(117)) - using custom profile for table: deletedBlocks
2019-10-17 07:41:16,673 [main] INFO  db.DBStoreBuilder (DBStoreBuilder.java:processTables(168)) - Using default column profile:DBProfile.DISK for Table:deletedBlocks
2019-10-17 07:41:16,673 [main] INFO  db.DBStoreBuilder (DBStoreBuilder.java:addTable(117)) - using custom profile for table: validCerts
2019-10-17 07:41:16,674 [main] INFO  db.DBStoreBuilder (DBStoreBuilder.java:processTables(168)) - Using default column profile:DBProfile.DISK for Table:validCerts
2019-10-17 07:41:16,674 [main] INFO  db.DBStoreBuilder (DBStoreBuilder.java:addTable(117)) - using custom profile for table: revokedCerts
2019-10-17 07:41:16,674 [main] INFO  db.DBStoreBuilder (DBStoreBuilder.java:processTables(168)) - Using default column profile:DBProfile.DISK for Table:revokedCerts
2019-10-17 07:41:16,685 [main] INFO  db.DBStoreBuilder (DBStoreBuilder.java:addTable(117)) - using custom profile for table: default
2019-10-17 07:41:16,685 [main] INFO  db.DBStoreBuilder (DBStoreBuilder.java:processTables(174)) - Using default column profile:DBProfile.DISK for Table:default
2019-10-17 07:41:16,687 [main] INFO  db.DBStoreBuilder (DBStoreBuilder.java:getDbProfile(205)) - Using default options. DBProfile.DISK
2019-10-17 07:41:17,056 [main] INFO  net.NodeSchemaLoader (NodeSchemaLoader.java:loadSchemaFromFile(125)) - Loading file from sun.misc.CompoundEnumeration@3e694b3f
2019-10-17 07:41:17,059 [main] INFO  net.NodeSchemaLoader (NodeSchemaLoader.java:loadSchema(171)) - Loading network topology layer schema file
2019-10-17 07:41:17,151 [main] INFO  node.SCMNodeManager (SCMNodeManager.java:<init>(116)) - Entering startup safe mode.
2019-10-17 07:41:17,222 [main] INFO  algorithms.ContainerPlacementPolicyFactory (ContainerPlacementPolicyFactory.java:getPolicy(57)) - Create container placement policy of type org.apache.hadoop.hdds.scm.container.placement.algorithms.SCMContainerPlacementRandom
2019-10-17 07:41:17,235 [main] WARN  server.ServerUtils (ServerUtils.java:getScmDbDir(145)) - ozone.scm.db.dirs is not configured. We recommend adding this setting. Falling back to ozone.metadata.dirs instead.
2019-10-17 07:41:17,346 [main] INFO  pipeline.SCMPipelineManager (SCMPipelineManager.java:initializePipelineState(132)) - No pipeline exists in current db
2019-10-17 07:41:17,350 [main] WARN  server.ServerUtils (ServerUtils.java:getScmDbDir(145)) - ozone.scm.db.dirs is not configured. We recommend adding this setting. Falling back to ozone.metadata.dirs instead.
2019-10-17 07:41:17,517 [main] WARN  events.EventQueue (EventQueue.java:fireEvent(183)) - No event handler registered for event TypedEvent{payloadType=SafeModeStatus, name='SafeModeStatus'}
2019-10-17 07:41:17,879 [main] INFO  ipc.CallQueueManager (CallQueueManager.java:<init>(84)) - Using callQueue: class java.util.concurrent.LinkedBlockingQueue, queueCapacity: 2000, scheduler: class org.apache.hadoop.ipc.DefaultRpcScheduler, ipcBackoff: false.
2019-10-17 07:41:18,023 [Socket Reader #1 for port 34339] INFO  ipc.Server (Server.java:run(1074)) - Starting Socket Reader #1 for port 34339
2019-10-17 07:41:18,066 [main] INFO  ipc.CallQueueManager (CallQueueManager.java:<init>(84)) - Using callQueue: class java.util.concurrent.LinkedBlockingQueue, queueCapacity: 2000, scheduler: class org.apache.hadoop.ipc.DefaultRpcScheduler, ipcBackoff: false.
2019-10-17 07:41:18,068 [Socket Reader #1 for port 40088] INFO  ipc.Server (Server.java:run(1074)) - Starting Socket Reader #1 for port 40088
2019-10-17 07:41:18,080 [main] INFO  ipc.CallQueueManager (CallQueueManager.java:<init>(84)) - Using callQueue: class java.util.concurrent.LinkedBlockingQueue, queueCapacity: 2000, scheduler: class org.apache.hadoop.ipc.DefaultRpcScheduler, ipcBackoff: false.
2019-10-17 07:41:18,081 [Socket Reader #1 for port 34819] INFO  ipc.Server (Server.java:run(1074)) - Starting Socket Reader #1 for port 34819
2019-10-17 07:41:18,112 [main] INFO  hdfs.DFSUtil (DFSUtil.java:httpServerTemplateForNNAndJN(1641)) - Starting Web-server for scm at: http://0.0.0.0:0
2019-10-17 07:41:18,274 [main] INFO  server.AuthenticationFilter (AuthenticationFilter.java:constructSecretProvider(240)) - Unable to initialize FileSignerSecretProvider, falling back to use random secrets.
2019-10-17 07:41:18,282 [main] WARN  http.HttpRequestLog (HttpRequestLog.java:getRequestLog(97)) - Jetty request log can only be enabled using Log4j
2019-10-17 07:41:18,290 [main] INFO  http.HttpServer2 (HttpServer2.java:addGlobalFilter(975)) - Added global filter 'safety' (class=org.apache.hadoop.http.HttpServer2$QuotingInputFilter)
2019-10-17 07:41:18,292 [main] INFO  http.HttpServer2 (HttpServer2.java:addFilter(948)) - Added filter static_user_filter (class=org.apache.hadoop.http.lib.StaticUserWebFilter$StaticUserFilter) to context scm
2019-10-17 07:41:18,292 [main] INFO  http.HttpServer2 (HttpServer2.java:addFilter(958)) - Added filter static_user_filter (class=org.apache.hadoop.http.lib.StaticUserWebFilter$StaticUserFilter) to context static
2019-10-17 07:41:18,293 [main] INFO  http.HttpServer2 (HttpServer2.java:addFilter(958)) - Added filter static_user_filter (class=org.apache.hadoop.http.lib.StaticUserWebFilter$StaticUserFilter) to context logs
2019-10-17 07:41:18,321 [main] INFO  server.StorageContainerManager (StorageContainerManager.java:start(772)) - StorageContainerLocationProtocol RPC server is listening at /0.0.0.0:34819
2019-10-17 07:41:18,379 [main] WARN  impl.MetricsConfig (MetricsConfig.java:loadFirst(134)) - Cannot locate configuration: tried hadoop-metrics2-storagecontainermanager.properties,hadoop-metrics2.properties
2019-10-17 07:41:18,392 [main] INFO  impl.MetricsSystemImpl (MetricsSystemImpl.java:startTimer(374)) - Scheduled Metric snapshot period at 10 second(s).
2019-10-17 07:41:18,392 [main] INFO  impl.MetricsSystemImpl (MetricsSystemImpl.java:start(191)) - StorageContainerManager metrics system started
2019-10-17 07:41:18,626 [main] INFO  server.SCMClientProtocolServer (SCMClientProtocolServer.java:start(159)) - RPC server for Client  is listening at /0.0.0.0:34819
2019-10-17 07:41:18,627 [IPC Server Responder] INFO  ipc.Server (Server.java:run(1314)) - IPC Server Responder: starting
2019-10-17 07:41:18,627 [IPC Server listener on 34819] INFO  ipc.Server (Server.java:run(1153)) - IPC Server listener on 34819: starting
2019-10-17 07:41:18,630 [main] INFO  server.StorageContainerManager (StorageContainerManager.java:start(782)) - ScmBlockLocationProtocol RPC server is listening at /0.0.0.0:40088
2019-10-17 07:41:18,630 [main] INFO  server.SCMBlockProtocolServer (SCMBlockProtocolServer.java:start(146)) - RPC server for Block Protocol is listening at /0.0.0.0:40088
2019-10-17 07:41:18,631 [IPC Server Responder] INFO  ipc.Server (Server.java:run(1314)) - IPC Server Responder: starting
2019-10-17 07:41:18,631 [IPC Server listener on 40088] INFO  ipc.Server (Server.java:run(1153)) - IPC Server listener on 40088: starting
2019-10-17 07:41:18,633 [main] INFO  server.StorageContainerManager (StorageContainerManager.java:start(786)) - ScmDatanodeProtocl RPC server is listening at /0.0.0.0:34339
2019-10-17 07:41:18,633 [main] INFO  server.SCMDatanodeProtocolServer (SCMDatanodeProtocolServer.java:start(169)) - RPC server for DataNodes is listening at /0.0.0.0:34339
2019-10-17 07:41:18,634 [IPC Server Responder] INFO  ipc.Server (Server.java:run(1314)) - IPC Server Responder: starting
2019-10-17 07:41:18,634 [IPC Server listener on 34339] INFO  ipc.Server (Server.java:run(1153)) - IPC Server listener on 34339: starting
2019-10-17 07:41:18,637 [main] INFO  http.HttpServer2 (HttpServer2.java:bindListener(1191)) - Jetty bound to port 44458
2019-10-17 07:41:18,639 [main] INFO  server.Server (Server.java:doStart(351)) - jetty-9.3.25.v20180904, build timestamp: 2018-09-04T21:11:46Z, git hash: 3ce520221d0240229c862b122d2b06c12a625732
2019-10-17 07:41:18,675 [main] INFO  handler.ContextHandler (ContextHandler.java:doStart(781)) - Started o.e.j.s.ServletContextHandler@78f5c518{/logs,file:///workdir/hadoop-ozone/integration-test/target/log,AVAILABLE}
2019-10-17 07:41:18,676 [main] INFO  handler.ContextHandler (ContextHandler.java:doStart(781)) - Started o.e.j.s.ServletContextHandler@34f7234e{/static,file:///workdir/hadoop-ozone/integration-test/target/test-classes/webapps/static,AVAILABLE}
2019-10-17 07:41:18,706 [main] INFO  handler.ContextHandler (ContextHandler.java:doStart(781)) - Started o.e.j.w.WebAppContext@6bc248ed{/,file:///workdir/hadoop-ozone/integration-test/target/test-classes/webapps/scm/,AVAILABLE}{/scm}
2019-10-17 07:41:18,712 [main] INFO  server.AbstractConnector (AbstractConnector.java:doStart(278)) - Started ServerConnector@73511076{HTTP/1.1,[http/1.1]}{0.0.0.0:44458}
2019-10-17 07:41:18,712 [main] INFO  server.Server (Server.java:doStart(419)) - Started @2964ms
2019-10-17 07:41:18,714 [main] INFO  impl.MetricsSinkAdapter (MetricsSinkAdapter.java:start(204)) - Sink prometheus started
2019-10-17 07:41:18,714 [main] INFO  impl.MetricsSystemImpl (MetricsSystemImpl.java:registerSink(301)) - Registered sink prometheus
2019-10-17 07:41:18,715 [main] INFO  server.BaseHttpServer (BaseHttpServer.java:updateConnectorAddress(215)) - HTTP server of SCM is listening at http://0.0.0.0:44458
2019-10-17 07:41:18,720 [org.apache.hadoop.util.JvmPauseMonitor$Monitor@10b892d5] INFO  util.JvmPauseMonitor (JvmPauseMonitor.java:run(188)) - Starting JVM pause monitor
2019-10-17 07:41:18,723 [main] WARN  server.ServerUtils (ServerUtils.java:getDBPath(222)) - ozone.om.db.dirs is not configured. We recommend adding this setting. Falling back to ozone.metadata.dirs instead.
2019-10-17 07:41:18,828 [main] INFO  ha.OMHANodeDetails (OMHANodeDetails.java:loadOMHAConfig(190)) - Configuration either no ozone.om.address set. Falling back to the default OM address /127.0.0.1:0
2019-10-17 07:41:18,828 [main] INFO  ha.OMHANodeDetails (OMHANodeDetails.java:getOMNodeDetails(220)) - OM Service ID is not set. Setting it to the default ID: omServiceIdDefault
2019-10-17 07:41:18,830 [main] WARN  server.ServerUtils (ServerUtils.java:getDBPath(222)) - ozone.om.db.dirs is not configured. We recommend adding this setting. Falling back to ozone.metadata.dirs instead.
2019-10-17 07:41:18,830 [main] WARN  server.ServerUtils (ServerUtils.java:getDBPath(222)) - ozone.om.db.dirs is not configured. We recommend adding this setting. Falling back to ozone.metadata.dirs instead.
2019-10-17 07:41:19,408 [main] WARN  server.ServerUtils (ServerUtils.java:getDBPath(222)) - ozone.om.db.dirs is not configured. We recommend adding this setting. Falling back to ozone.metadata.dirs instead.
2019-10-17 07:41:19,415 [main] INFO  db.DBStoreBuilder (DBStoreBuilder.java:addTable(117)) - using custom profile for table: userTable
2019-10-17 07:41:19,415 [main] INFO  db.DBStoreBuilder (DBStoreBuilder.java:processTables(168)) - Using default column profile:DBProfile.DISK for Table:userTable
2019-10-17 07:41:19,415 [main] INFO  db.DBStoreBuilder (DBStoreBuilder.java:addTable(117)) - using custom profile for table: volumeTable
2019-10-17 07:41:19,415 [main] INFO  db.DBStoreBuilder (DBStoreBuilder.java:processTables(168)) - Using default column profile:DBProfile.DISK for Table:volumeTable
2019-10-17 07:41:19,415 [main] INFO  db.DBStoreBuilder (DBStoreBuilder.java:addTable(117)) - using custom profile for table: bucketTable
2019-10-17 07:41:19,416 [main] INFO  db.DBStoreBuilder (DBStoreBuilder.java:processTables(168)) - Using default column profile:DBProfile.DISK for Table:bucketTable
2019-10-17 07:41:19,416 [main] INFO  db.DBStoreBuilder (DBStoreBuilder.java:addTable(117)) - using custom profile for table: keyTable
2019-10-17 07:41:19,416 [main] INFO  db.DBStoreBuilder (DBStoreBuilder.java:processTables(168)) - Using default column profile:DBProfile.DISK for Table:keyTable
2019-10-17 07:41:19,416 [main] INFO  db.DBStoreBuilder (DBStoreBuilder.java:addTable(117)) - using custom profile for table: deletedTable
2019-10-17 07:41:19,416 [main] INFO  db.DBStoreBuilder (DBStoreBuilder.java:processTables(168)) - Using default column profile:DBProfile.DISK for Table:deletedTable
2019-10-17 07:41:19,417 [main] INFO  db.DBStoreBuilder (DBStoreBuilder.java:addTable(117)) - using custom profile for table: openKeyTable
2019-10-17 07:41:19,417 [main] INFO  db.DBStoreBuilder (DBStoreBuilder.java:processTables(168)) - Using default column profile:DBProfile.DISK for Table:openKeyTable
2019-10-17 07:41:19,417 [main] INFO  db.DBStoreBuilder (DBStoreBuilder.java:addTable(117)) - using custom profile for table: s3Table
2019-10-17 07:41:19,417 [main] INFO  db.DBStoreBuilder (DBStoreBuilder.java:processTables(168)) - Using default column profile:DBProfile.DISK for Table:s3Table
2019-10-17 07:41:19,417 [main] INFO  db.DBStoreBuilder (DBStoreBuilder.java:addTable(117)) - using custom profile for table: multipartInfoTable
2019-10-17 07:41:19,418 [main] INFO  db.DBStoreBuilder (DBStoreBuilder.java:processTables(168)) - Using default column profile:DBProfile.DISK for Table:multipartInfoTable
2019-10-17 07:41:19,418 [main] INFO  db.DBStoreBuilder (DBStoreBuilder.java:addTable(117)) - using custom profile for table: dTokenTable
2019-10-17 07:41:19,418 [main] INFO  db.DBStoreBuilder (DBStoreBuilder.java:processTables(168)) - Using default column profile:DBProfile.DISK for Table:dTokenTable
2019-10-17 07:41:19,418 [main] INFO  db.DBStoreBuilder (DBStoreBuilder.java:addTable(117)) - using custom profile for table: s3SecretTable
2019-10-17 07:41:19,419 [main] INFO  db.DBStoreBuilder (DBStoreBuilder.java:processTables(168)) - Using default column profile:DBProfile.DISK for Table:s3SecretTable
2019-10-17 07:41:19,419 [main] INFO  db.DBStoreBuilder (DBStoreBuilder.java:addTable(117)) - using custom profile for table: prefixTable
2019-10-17 07:41:19,419 [main] INFO  db.DBStoreBuilder (DBStoreBuilder.java:processTables(168)) - Using default column profile:DBProfile.DISK for Table:prefixTable
2019-10-17 07:41:19,419 [main] INFO  db.DBStoreBuilder (DBStoreBuilder.java:addTable(117)) - using custom profile for table: default
2019-10-17 07:41:19,419 [main] INFO  db.DBStoreBuilder (DBStoreBuilder.java:processTables(174)) - Using default column profile:DBProfile.DISK for Table:default
2019-10-17 07:41:19,419 [main] INFO  db.DBStoreBuilder (DBStoreBuilder.java:getDbProfile(205)) - Using default options. DBProfile.DISK
2019-10-17 07:41:19,870 [main] INFO  ipc.CallQueueManager (CallQueueManager.java:<init>(84)) - Using callQueue: class java.util.concurrent.LinkedBlockingQueue, queueCapacity: 2000, scheduler: class org.apache.hadoop.ipc.DefaultRpcScheduler, ipcBackoff: false.
2019-10-17 07:41:19,871 [Socket Reader #1 for port 38234] INFO  ipc.Server (Server.java:run(1074)) - Starting Socket Reader #1 for port 38234
2019-10-17 07:41:19,901 [main] INFO  om.OzoneManager (OzoneManager.java:start(1071)) - OzoneManager RPC server is listening at localhost/127.0.0.1:38234
2019-10-17 07:41:19,901 [main] INFO  impl.MetricsSystemImpl (MetricsSystemImpl.java:init(158)) - OzoneManager metrics system started (again)
2019-10-17 07:41:19,913 [IPC Server Responder] INFO  ipc.Server (Server.java:run(1314)) - IPC Server Responder: starting
2019-10-17 07:41:19,913 [IPC Server listener on 38234] INFO  ipc.Server (Server.java:run(1153)) - IPC Server listener on 38234: starting
2019-10-17 07:41:19,921 [main] INFO  hdfs.DFSUtil (DFSUtil.java:httpServerTemplateForNNAndJN(1641)) - Starting Web-server for ozoneManager at: http://0.0.0.0:0
2019-10-17 07:41:19,923 [main] INFO  server.AuthenticationFilter (AuthenticationFilter.java:constructSecretProvider(240)) - Unable to initialize FileSignerSecretProvider, falling back to use random secrets.
2019-10-17 07:41:19,924 [main] WARN  http.HttpRequestLog (HttpRequestLog.java:getRequestLog(97)) - Jetty request log can only be enabled using Log4j
2019-10-17 07:41:19,927 [main] INFO  http.HttpServer2 (HttpServer2.java:addGlobalFilter(975)) - Added global filter 'safety' (class=org.apache.hadoop.http.HttpServer2$QuotingInputFilter)
2019-10-17 07:41:19,928 [main] INFO  http.HttpServer2 (HttpServer2.java:addFilter(948)) - Added filter static_user_filter (class=org.apache.hadoop.http.lib.StaticUserWebFilter$StaticUserFilter) to context ozoneManager
2019-10-17 07:41:19,928 [main] INFO  http.HttpServer2 (HttpServer2.java:addFilter(958)) - Added filter static_user_filter (class=org.apache.hadoop.http.lib.StaticUserWebFilter$StaticUserFilter) to context logs
2019-10-17 07:41:19,928 [main] INFO  http.HttpServer2 (HttpServer2.java:addFilter(958)) - Added filter static_user_filter (class=org.apache.hadoop.http.lib.StaticUserWebFilter$StaticUserFilter) to context static
2019-10-17 07:41:19,931 [main] INFO  http.HttpServer2 (HttpServer2.java:bindListener(1191)) - Jetty bound to port 33320
2019-10-17 07:41:19,931 [main] INFO  server.Server (Server.java:doStart(351)) - jetty-9.3.25.v20180904, build timestamp: 2018-09-04T21:11:46Z, git hash: 3ce520221d0240229c862b122d2b06c12a625732
2019-10-17 07:41:19,933 [main] INFO  handler.ContextHandler (ContextHandler.java:doStart(781)) - Started o.e.j.s.ServletContextHandler@7a799159{/logs,file:///workdir/hadoop-ozone/integration-test/target/log,AVAILABLE}
2019-10-17 07:41:19,934 [main] INFO  handler.ContextHandler (ContextHandler.java:doStart(781)) - Started o.e.j.s.ServletContextHandler@6ff37443{/static,file:///workdir/hadoop-ozone/integration-test/target/test-classes/webapps/static,AVAILABLE}
2019-10-17 07:41:19,940 [main] INFO  handler.ContextHandler (ContextHandler.java:doStart(781)) - Started o.e.j.w.WebAppContext@783efb48{/,file:///workdir/hadoop-ozone/integration-test/target/test-classes/webapps/ozoneManager/,AVAILABLE}{/ozoneManager}
2019-10-17 07:41:19,941 [main] INFO  server.AbstractConnector (AbstractConnector.java:doStart(278)) - Started ServerConnector@5d235104{HTTP/1.1,[http/1.1]}{0.0.0.0:33320}
2019-10-17 07:41:19,941 [main] INFO  server.Server (Server.java:doStart(419)) - Started @4193ms
2019-10-17 07:41:19,942 [main] WARN  impl.MetricsSystemImpl (MetricsSystemImpl.java:register(276)) - Sink prometheus already exists!
2019-10-17 07:41:19,943 [main] INFO  server.BaseHttpServer (BaseHttpServer.java:updateConnectorAddress(215)) - HTTP server of OZONEMANAGER is listening at http://0.0.0.0:33320
2019-10-17 07:41:20,210 [main] INFO  impl.MetricsSystemImpl (MetricsSystemImpl.java:init(158)) - HddsDatanode metrics system started (again)
2019-10-17 07:41:20,258 [main] INFO  ozone.HddsDatanodeService (HddsDatanodeService.java:start(184)) - HddsDatanodeService host:pr-hdds-1868-lzclr-202649289 ip:192.168.34.62
2019-10-17 07:41:20,293 [main] INFO  volume.HddsVolume (HddsVolume.java:<init>(176)) - Creating Volume: /workdir/hadoop-ozone/integration-test/target/test-dir/MiniOzoneClusterImpl-6c8aceb3-2805-42ee-9a98-c3760435b865/datanode-0/data/containers/hdds of  storage type : DISK and capacity : 1482555576320
2019-10-17 07:41:20,294 [main] INFO  volume.VolumeSet (VolumeSet.java:initializeVolumeSet(170)) - Added Volume : /workdir/hadoop-ozone/integration-test/target/test-dir/MiniOzoneClusterImpl-6c8aceb3-2805-42ee-9a98-c3760435b865/datanode-0/data/containers/hdds to VolumeSet
2019-10-17 07:41:20,297 [main] INFO  volume.ThrottledAsyncChecker (ThrottledAsyncChecker.java:schedule(141)) - Scheduling a check for /workdir/hadoop-ozone/integration-test/target/test-dir/MiniOzoneClusterImpl-6c8aceb3-2805-42ee-9a98-c3760435b865/datanode-0/data/containers/hdds
2019-10-17 07:41:20,314 [main] INFO  volume.HddsVolumeChecker (HddsVolumeChecker.java:checkAllVolumes(204)) - Scheduled health check for volume /workdir/hadoop-ozone/integration-test/target/test-dir/MiniOzoneClusterImpl-6c8aceb3-2805-42ee-9a98-c3760435b865/datanode-0/data/containers/hdds
2019-10-17 07:41:20,422 [main] INFO  impl.RaftServerProxy (ConfUtils.java:logGet(43)) - raft.rpc.type = GRPC (default)
2019-10-17 07:41:20,486 [main] INFO  grpc.GrpcFactory (GrpcFactory.java:checkPooledByteBufAllocatorUseCacheForAllThreads(45)) - PERFORMANCE WARNING: useCacheForAllThreads is true that may cause Netty to create a lot garbage objects and, as a result, trigger GC.
	It is recommended to disable useCacheForAllThreads by setting -Dorg.apache.ratis.thirdparty.io.netty.allocator.useCacheForAllThreads=false in command line.
2019-10-17 07:41:20,491 [main] INFO  grpc.GrpcConfigKeys$Server (ConfUtils.java:logGet(43)) - raft.grpc.server.port = 0 (default)
2019-10-17 07:41:20,492 [main] INFO  server.GrpcService (ConfUtils.java:logGet(43)) - raft.grpc.message.size.max = 33570816 (custom)
2019-10-17 07:41:20,494 [main] INFO  server.RaftServerConfigKeys (ConfUtils.java:logGet(43)) - raft.server.log.appender.buffer.byte-limit = 33554432 (custom)
2019-10-17 07:41:20,495 [main] INFO  server.GrpcService (ConfUtils.java:logGet(43)) - raft.grpc.flow.control.window = 1MB (=1048576) (default)
2019-10-17 07:41:20,495 [main] INFO  server.RaftServerConfigKeys (ConfUtils.java:logGet(43)) - raft.server.rpc.request.timeout = 3000ms (default)
2019-10-17 07:41:20,656 [main] INFO  server.RaftServerConfigKeys (ConfUtils.java:logGet(43)) - raft.server.storage.dir = [/workdir/hadoop-ozone/integration-test/target/test-dir/MiniOzoneClusterImpl-6c8aceb3-2805-42ee-9a98-c3760435b865/datanode-0/data/ratis] (custom)
2019-10-17 07:41:20,704 [main] INFO  hdfs.DFSUtil (DFSUtil.java:httpServerTemplateForNNAndJN(1641)) - Starting Web-server for hddsDatanode at: http://0.0.0.0:0
2019-10-17 07:41:20,706 [main] INFO  server.AuthenticationFilter (AuthenticationFilter.java:constructSecretProvider(240)) - Unable to initialize FileSignerSecretProvider, falling back to use random secrets.
2019-10-17 07:41:20,707 [main] WARN  http.HttpRequestLog (HttpRequestLog.java:getRequestLog(97)) - Jetty request log can only be enabled using Log4j
2019-10-17 07:41:20,708 [main] INFO  http.HttpServer2 (HttpServer2.java:addGlobalFilter(975)) - Added global filter 'safety' (class=org.apache.hadoop.http.HttpServer2$QuotingInputFilter)
2019-10-17 07:41:20,709 [main] INFO  http.HttpServer2 (HttpServer2.java:addFilter(948)) - Added filter static_user_filter (class=org.apache.hadoop.http.lib.StaticUserWebFilter$StaticUserFilter) to context hddsDatanode
2019-10-17 07:41:20,709 [main] INFO  http.HttpServer2 (HttpServer2.java:addFilter(958)) - Added filter static_user_filter (class=org.apache.hadoop.http.lib.StaticUserWebFilter$StaticUserFilter) to context logs
2019-10-17 07:41:20,709 [main] INFO  http.HttpServer2 (HttpServer2.java:addFilter(958)) - Added filter static_user_filter (class=org.apache.hadoop.http.lib.StaticUserWebFilter$StaticUserFilter) to context static
2019-10-17 07:41:20,710 [main] INFO  http.HttpServer2 (HttpServer2.java:bindListener(1191)) - Jetty bound to port 37764
2019-10-17 07:41:20,710 [main] INFO  server.Server (Server.java:doStart(351)) - jetty-9.3.25.v20180904, build timestamp: 2018-09-04T21:11:46Z, git hash: 3ce520221d0240229c862b122d2b06c12a625732
2019-10-17 07:41:20,713 [main] INFO  handler.ContextHandler (ContextHandler.java:doStart(781)) - Started o.e.j.s.ServletContextHandler@21079a12{/logs,file:///workdir/hadoop-ozone/integration-test/target/log,AVAILABLE}
2019-10-17 07:41:20,713 [main] INFO  handler.ContextHandler (ContextHandler.java:doStart(781)) - Started o.e.j.s.ServletContextHandler@67c5ac52{/static,jar:file:/home/user/.m2/repository/org/apache/hadoop/hadoop-hdds-container-service/0.5.0-SNAPSHOT/hadoop-hdds-container-service-0.5.0-SNAPSHOT.jar!/webapps/static,AVAILABLE}
2019-10-17 07:41:20,747 [main] INFO  handler.ContextHandler (ContextHandler.java:doStart(781)) - Started o.e.j.w.WebAppContext@2436ea2f{/,file:///tmp/jetty-0.0.0.0-37764-hddsDatanode-_-any-467597406412565156.dir/webapp/,AVAILABLE}{/hddsDatanode}
2019-10-17 07:41:20,748 [main] INFO  server.AbstractConnector (AbstractConnector.java:doStart(278)) - Started ServerConnector@f951a7f{HTTP/1.1,[http/1.1]}{0.0.0.0:37764}
2019-10-17 07:41:20,749 [main] INFO  server.Server (Server.java:doStart(419)) - Started @5001ms
2019-10-17 07:41:20,749 [main] WARN  impl.MetricsSystemImpl (MetricsSystemImpl.java:register(276)) - Sink prometheus already exists!
2019-10-17 07:41:20,750 [main] INFO  server.BaseHttpServer (BaseHttpServer.java:updateConnectorAddress(215)) - HTTP server of HDDSDATANODE is listening at http://0.0.0.0:37764
2019-10-17 07:41:20,751 [main] INFO  impl.MetricsSystemImpl (MetricsSystemImpl.java:init(158)) - HddsDatanode metrics system started (again)
2019-10-17 07:41:20,753 [main] INFO  ozone.HddsDatanodeService (HddsDatanodeService.java:start(184)) - HddsDatanodeService host:pr-hdds-1868-lzclr-202649289 ip:192.168.34.62
2019-10-17 07:41:20,759 [org.apache.hadoop.util.JvmPauseMonitor$Monitor@6e44a60c] INFO  util.JvmPauseMonitor (JvmPauseMonitor.java:run(188)) - Starting JVM pause monitor
2019-10-17 07:41:20,764 [main] INFO  volume.HddsVolume (HddsVolume.java:<init>(176)) - Creating Volume: /workdir/hadoop-ozone/integration-test/target/test-dir/MiniOzoneClusterImpl-6c8aceb3-2805-42ee-9a98-c3760435b865/datanode-1/data/containers/hdds of  storage type : DISK and capacity : 1482555576320
2019-10-17 07:41:20,765 [main] INFO  volume.VolumeSet (VolumeSet.java:initializeVolumeSet(170)) - Added Volume : /workdir/hadoop-ozone/integration-test/target/test-dir/MiniOzoneClusterImpl-6c8aceb3-2805-42ee-9a98-c3760435b865/datanode-1/data/containers/hdds to VolumeSet
2019-10-17 07:41:20,765 [main] INFO  volume.ThrottledAsyncChecker (ThrottledAsyncChecker.java:schedule(141)) - Scheduling a check for /workdir/hadoop-ozone/integration-test/target/test-dir/MiniOzoneClusterImpl-6c8aceb3-2805-42ee-9a98-c3760435b865/datanode-1/data/containers/hdds
2019-10-17 07:41:20,766 [main] INFO  volume.HddsVolumeChecker (HddsVolumeChecker.java:checkAllVolumes(204)) - Scheduled health check for volume /workdir/hadoop-ozone/integration-test/target/test-dir/MiniOzoneClusterImpl-6c8aceb3-2805-42ee-9a98-c3760435b865/datanode-1/data/containers/hdds
2019-10-17 07:41:20,780 [main] INFO  impl.RaftServerProxy (ConfUtils.java:logGet(43)) - raft.rpc.type = GRPC (default)
2019-10-17 07:41:20,780 [main] INFO  grpc.GrpcFactory (GrpcFactory.java:checkPooledByteBufAllocatorUseCacheForAllThreads(45)) - PERFORMANCE WARNING: useCacheForAllThreads is true that may cause Netty to create a lot garbage objects and, as a result, trigger GC.
	It is recommended to disable useCacheForAllThreads by setting -Dorg.apache.ratis.thirdparty.io.netty.allocator.useCacheForAllThreads=false in command line.
2019-10-17 07:41:20,781 [main] INFO  grpc.GrpcConfigKeys$Server (ConfUtils.java:logGet(43)) - raft.grpc.server.port = 0 (default)
2019-10-17 07:41:20,781 [main] INFO  server.GrpcService (ConfUtils.java:logGet(43)) - raft.grpc.message.size.max = 33570816 (custom)
2019-10-17 07:41:20,781 [main] INFO  server.RaftServerConfigKeys (ConfUtils.java:logGet(43)) - raft.server.log.appender.buffer.byte-limit = 33554432 (custom)
2019-10-17 07:41:20,781 [main] INFO  server.GrpcService (ConfUtils.java:logGet(43)) - raft.grpc.flow.control.window = 1MB (=1048576) (default)
2019-10-17 07:41:20,781 [main] INFO  server.RaftServerConfigKeys (ConfUtils.java:logGet(43)) - raft.server.rpc.request.timeout = 3000ms (default)
2019-10-17 07:41:20,782 [main] INFO  server.RaftServerConfigKeys (ConfUtils.java:logGet(43)) - raft.server.storage.dir = [/workdir/hadoop-ozone/integration-test/target/test-dir/MiniOzoneClusterImpl-6c8aceb3-2805-42ee-9a98-c3760435b865/datanode-1/data/ratis] (custom)
2019-10-17 07:41:20,784 [main] INFO  hdfs.DFSUtil (DFSUtil.java:httpServerTemplateForNNAndJN(1641)) - Starting Web-server for hddsDatanode at: http://0.0.0.0:0
2019-10-17 07:41:20,785 [main] INFO  server.AuthenticationFilter (AuthenticationFilter.java:constructSecretProvider(240)) - Unable to initialize FileSignerSecretProvider, falling back to use random secrets.
2019-10-17 07:41:20,786 [main] WARN  http.HttpRequestLog (HttpRequestLog.java:getRequestLog(97)) - Jetty request log can only be enabled using Log4j
2019-10-17 07:41:20,787 [main] INFO  http.HttpServer2 (HttpServer2.java:addGlobalFilter(975)) - Added global filter 'safety' (class=org.apache.hadoop.http.HttpServer2$QuotingInputFilter)
2019-10-17 07:41:20,788 [main] INFO  http.HttpServer2 (HttpServer2.java:addFilter(948)) - Added filter static_user_filter (class=org.apache.hadoop.http.lib.StaticUserWebFilter$StaticUserFilter) to context hddsDatanode
2019-10-17 07:41:20,788 [main] INFO  http.HttpServer2 (HttpServer2.java:addFilter(958)) - Added filter static_user_filter (class=org.apache.hadoop.http.lib.StaticUserWebFilter$StaticUserFilter) to context logs
2019-10-17 07:41:20,788 [main] INFO  http.HttpServer2 (HttpServer2.java:addFilter(958)) - Added filter static_user_filter (class=org.apache.hadoop.http.lib.StaticUserWebFilter$StaticUserFilter) to context static
2019-10-17 07:41:20,789 [main] INFO  http.HttpServer2 (HttpServer2.java:bindListener(1191)) - Jetty bound to port 42528
2019-10-17 07:41:20,789 [main] INFO  server.Server (Server.java:doStart(351)) - jetty-9.3.25.v20180904, build timestamp: 2018-09-04T21:11:46Z, git hash: 3ce520221d0240229c862b122d2b06c12a625732
2019-10-17 07:41:20,793 [main] INFO  handler.ContextHandler (ContextHandler.java:doStart(781)) - Started o.e.j.s.ServletContextHandler@1e8ab90f{/logs,file:///workdir/hadoop-ozone/integration-test/target/log,AVAILABLE}
2019-10-17 07:41:20,793 [main] INFO  handler.ContextHandler (ContextHandler.java:doStart(781)) - Started o.e.j.s.ServletContextHandler@7a729f84{/static,jar:file:/home/user/.m2/repository/org/apache/hadoop/hadoop-hdds-container-service/0.5.0-SNAPSHOT/hadoop-hdds-container-service-0.5.0-SNAPSHOT.jar!/webapps/static,AVAILABLE}
2019-10-17 07:41:20,825 [main] INFO  handler.ContextHandler (ContextHandler.java:doStart(781)) - Started o.e.j.w.WebAppContext@3374b5bc{/,file:///tmp/jetty-0.0.0.0-42528-hddsDatanode-_-any-2385275461536836828.dir/webapp/,AVAILABLE}{/hddsDatanode}
2019-10-17 07:41:20,825 [main] INFO  server.AbstractConnector (AbstractConnector.java:doStart(278)) - Started ServerConnector@2af69643{HTTP/1.1,[http/1.1]}{0.0.0.0:42528}
2019-10-17 07:41:20,826 [main] INFO  server.Server (Server.java:doStart(419)) - Started @5079ms
2019-10-17 07:41:20,827 [main] WARN  impl.MetricsSystemImpl (MetricsSystemImpl.java:register(276)) - Sink prometheus already exists!
2019-10-17 07:41:20,828 [main] INFO  server.BaseHttpServer (BaseHttpServer.java:updateConnectorAddress(215)) - HTTP server of HDDSDATANODE is listening at http://0.0.0.0:42528
2019-10-17 07:41:20,828 [main] INFO  impl.MetricsSystemImpl (MetricsSystemImpl.java:init(158)) - HddsDatanode metrics system started (again)
2019-10-17 07:41:20,832 [main] INFO  ozone.HddsDatanodeService (HddsDatanodeService.java:start(184)) - HddsDatanodeService host:pr-hdds-1868-lzclr-202649289 ip:192.168.34.62
2019-10-17 07:41:20,832 [org.apache.hadoop.util.JvmPauseMonitor$Monitor@4b94095e] INFO  util.JvmPauseMonitor (JvmPauseMonitor.java:run(188)) - Starting JVM pause monitor
2019-10-17 07:41:20,842 [main] INFO  volume.HddsVolume (HddsVolume.java:<init>(176)) - Creating Volume: /workdir/hadoop-ozone/integration-test/target/test-dir/MiniOzoneClusterImpl-6c8aceb3-2805-42ee-9a98-c3760435b865/datanode-2/data/containers/hdds of  storage type : DISK and capacity : 1482555576320
2019-10-17 07:41:20,842 [main] INFO  volume.VolumeSet (VolumeSet.java:initializeVolumeSet(170)) - Added Volume : /workdir/hadoop-ozone/integration-test/target/test-dir/MiniOzoneClusterImpl-6c8aceb3-2805-42ee-9a98-c3760435b865/datanode-2/data/containers/hdds to VolumeSet
2019-10-17 07:41:20,842 [main] INFO  volume.ThrottledAsyncChecker (ThrottledAsyncChecker.java:schedule(141)) - Scheduling a check for /workdir/hadoop-ozone/integration-test/target/test-dir/MiniOzoneClusterImpl-6c8aceb3-2805-42ee-9a98-c3760435b865/datanode-2/data/containers/hdds
2019-10-17 07:41:20,843 [main] INFO  volume.HddsVolumeChecker (HddsVolumeChecker.java:checkAllVolumes(204)) - Scheduled health check for volume /workdir/hadoop-ozone/integration-test/target/test-dir/MiniOzoneClusterImpl-6c8aceb3-2805-42ee-9a98-c3760435b865/datanode-2/data/containers/hdds
2019-10-17 07:41:20,857 [main] INFO  impl.RaftServerProxy (ConfUtils.java:logGet(43)) - raft.rpc.type = GRPC (default)
2019-10-17 07:41:20,857 [main] INFO  grpc.GrpcFactory (GrpcFactory.java:checkPooledByteBufAllocatorUseCacheForAllThreads(45)) - PERFORMANCE WARNING: useCacheForAllThreads is true that may cause Netty to create a lot garbage objects and, as a result, trigger GC.
	It is recommended to disable useCacheForAllThreads by setting -Dorg.apache.ratis.thirdparty.io.netty.allocator.useCacheForAllThreads=false in command line.
2019-10-17 07:41:20,857 [main] INFO  grpc.GrpcConfigKeys$Server (ConfUtils.java:logGet(43)) - raft.grpc.server.port = 0 (default)
2019-10-17 07:41:20,857 [main] INFO  server.GrpcService (ConfUtils.java:logGet(43)) - raft.grpc.message.size.max = 33570816 (custom)
2019-10-17 07:41:20,858 [main] INFO  server.RaftServerConfigKeys (ConfUtils.java:logGet(43)) - raft.server.log.appender.buffer.byte-limit = 33554432 (custom)
2019-10-17 07:41:20,858 [main] INFO  server.GrpcService (ConfUtils.java:logGet(43)) - raft.grpc.flow.control.window = 1MB (=1048576) (default)
2019-10-17 07:41:20,858 [main] INFO  server.RaftServerConfigKeys (ConfUtils.java:logGet(43)) - raft.server.rpc.request.timeout = 3000ms (default)
2019-10-17 07:41:20,859 [main] INFO  server.RaftServerConfigKeys (ConfUtils.java:logGet(43)) - raft.server.storage.dir = [/workdir/hadoop-ozone/integration-test/target/test-dir/MiniOzoneClusterImpl-6c8aceb3-2805-42ee-9a98-c3760435b865/datanode-2/data/ratis] (custom)
2019-10-17 07:41:20,861 [main] INFO  hdfs.DFSUtil (DFSUtil.java:httpServerTemplateForNNAndJN(1641)) - Starting Web-server for hddsDatanode at: http://0.0.0.0:0
2019-10-17 07:41:20,863 [main] INFO  server.AuthenticationFilter (AuthenticationFilter.java:constructSecretProvider(240)) - Unable to initialize FileSignerSecretProvider, falling back to use random secrets.
2019-10-17 07:41:20,863 [main] WARN  http.HttpRequestLog (HttpRequestLog.java:getRequestLog(97)) - Jetty request log can only be enabled using Log4j
2019-10-17 07:41:20,865 [main] INFO  http.HttpServer2 (HttpServer2.java:addGlobalFilter(975)) - Added global filter 'safety' (class=org.apache.hadoop.http.HttpServer2$QuotingInputFilter)
2019-10-17 07:41:20,865 [main] INFO  http.HttpServer2 (HttpServer2.java:addFilter(948)) - Added filter static_user_filter (class=org.apache.hadoop.http.lib.StaticUserWebFilter$StaticUserFilter) to context hddsDatanode
2019-10-17 07:41:20,866 [main] INFO  http.HttpServer2 (HttpServer2.java:addFilter(958)) - Added filter static_user_filter (class=org.apache.hadoop.http.lib.StaticUserWebFilter$StaticUserFilter) to context static
2019-10-17 07:41:20,866 [main] INFO  http.HttpServer2 (HttpServer2.java:addFilter(958)) - Added filter static_user_filter (class=org.apache.hadoop.http.lib.StaticUserWebFilter$StaticUserFilter) to context logs
2019-10-17 07:41:20,867 [main] INFO  http.HttpServer2 (HttpServer2.java:bindListener(1191)) - Jetty bound to port 45566
2019-10-17 07:41:20,867 [main] INFO  server.Server (Server.java:doStart(351)) - jetty-9.3.25.v20180904, build timestamp: 2018-09-04T21:11:46Z, git hash: 3ce520221d0240229c862b122d2b06c12a625732
2019-10-17 07:41:20,869 [main] INFO  handler.ContextHandler (ContextHandler.java:doStart(781)) - Started o.e.j.s.ServletContextHandler@51c959a4{/logs,file:///workdir/hadoop-ozone/integration-test/target/log,AVAILABLE}
2019-10-17 07:41:20,869 [main] INFO  handler.ContextHandler (ContextHandler.java:doStart(781)) - Started o.e.j.s.ServletContextHandler@10a0fe30{/static,jar:file:/home/user/.m2/repository/org/apache/hadoop/hadoop-hdds-container-service/0.5.0-SNAPSHOT/hadoop-hdds-container-service-0.5.0-SNAPSHOT.jar!/webapps/static,AVAILABLE}
2019-10-17 07:41:20,892 [Datanode State Machine Thread - 0] INFO  datanode.InitDatanodeState (InitDatanodeState.java:persistContainerDatanodeDetails(140)) - DatanodeDetails is persisted to /workdir/hadoop-ozone/integration-test/target/test-dir/MiniOzoneClusterImpl-6c8aceb3-2805-42ee-9a98-c3760435b865/datanode-0/meta/datanode.id
2019-10-17 07:41:20,896 [Datanode State Machine Thread - 0] INFO  datanode.InitDatanodeState (InitDatanodeState.java:persistContainerDatanodeDetails(140)) - DatanodeDetails is persisted to /workdir/hadoop-ozone/integration-test/target/test-dir/MiniOzoneClusterImpl-6c8aceb3-2805-42ee-9a98-c3760435b865/datanode-1/meta/datanode.id
2019-10-17 07:41:20,902 [main] INFO  handler.ContextHandler (ContextHandler.java:doStart(781)) - Started o.e.j.w.WebAppContext@63c12e52{/,file:///tmp/jetty-0.0.0.0-45566-hddsDatanode-_-any-3982789678522984200.dir/webapp/,AVAILABLE}{/hddsDatanode}
2019-10-17 07:41:20,903 [main] INFO  server.AbstractConnector (AbstractConnector.java:doStart(278)) - Started ServerConnector@21bd20ee{HTTP/1.1,[http/1.1]}{0.0.0.0:45566}
2019-10-17 07:41:20,903 [main] INFO  server.Server (Server.java:doStart(419)) - Started @5155ms
2019-10-17 07:41:20,903 [main] WARN  impl.MetricsSystemImpl (MetricsSystemImpl.java:register(276)) - Sink prometheus already exists!
2019-10-17 07:41:20,905 [main] INFO  server.BaseHttpServer (BaseHttpServer.java:updateConnectorAddress(215)) - HTTP server of HDDSDATANODE is listening at http://0.0.0.0:45566
2019-10-17 07:41:20,905 [main] INFO  impl.MetricsSystemImpl (MetricsSystemImpl.java:init(158)) - HddsDatanode metrics system started (again)
2019-10-17 07:41:20,908 [main] INFO  ozone.HddsDatanodeService (HddsDatanodeService.java:start(184)) - HddsDatanodeService host:pr-hdds-1868-lzclr-202649289 ip:192.168.34.62
2019-10-17 07:41:20,908 [org.apache.hadoop.util.JvmPauseMonitor$Monitor@73130bc5] INFO  util.JvmPauseMonitor (JvmPauseMonitor.java:run(188)) - Starting JVM pause monitor
2019-10-17 07:41:20,911 [Datanode State Machine Thread - 0] INFO  datanode.InitDatanodeState (InitDatanodeState.java:persistContainerDatanodeDetails(140)) - DatanodeDetails is persisted to /workdir/hadoop-ozone/integration-test/target/test-dir/MiniOzoneClusterImpl-6c8aceb3-2805-42ee-9a98-c3760435b865/datanode-2/meta/datanode.id
2019-10-17 07:41:20,917 [main] INFO  volume.HddsVolume (HddsVolume.java:<init>(176)) - Creating Volume: /workdir/hadoop-ozone/integration-test/target/test-dir/MiniOzoneClusterImpl-6c8aceb3-2805-42ee-9a98-c3760435b865/datanode-3/data/containers/hdds of  storage type : DISK and capacity : 1482555576320
2019-10-17 07:41:20,919 [main] INFO  volume.VolumeSet (VolumeSet.java:initializeVolumeSet(170)) - Added Volume : /workdir/hadoop-ozone/integration-test/target/test-dir/MiniOzoneClusterImpl-6c8aceb3-2805-42ee-9a98-c3760435b865/datanode-3/data/containers/hdds to VolumeSet
2019-10-17 07:41:20,919 [main] INFO  volume.ThrottledAsyncChecker (ThrottledAsyncChecker.java:schedule(141)) - Scheduling a check for /workdir/hadoop-ozone/integration-test/target/test-dir/MiniOzoneClusterImpl-6c8aceb3-2805-42ee-9a98-c3760435b865/datanode-3/data/containers/hdds
2019-10-17 07:41:20,919 [main] INFO  volume.HddsVolumeChecker (HddsVolumeChecker.java:checkAllVolumes(204)) - Scheduled health check for volume /workdir/hadoop-ozone/integration-test/target/test-dir/MiniOzoneClusterImpl-6c8aceb3-2805-42ee-9a98-c3760435b865/datanode-3/data/containers/hdds
2019-10-17 07:41:20,932 [main] INFO  impl.RaftServerProxy (ConfUtils.java:logGet(43)) - raft.rpc.type = GRPC (default)
2019-10-17 07:41:20,932 [main] INFO  grpc.GrpcFactory (GrpcFactory.java:checkPooledByteBufAllocatorUseCacheForAllThreads(45)) - PERFORMANCE WARNING: useCacheForAllThreads is true that may cause Netty to create a lot garbage objects and, as a result, trigger GC.
	It is recommended to disable useCacheForAllThreads by setting -Dorg.apache.ratis.thirdparty.io.netty.allocator.useCacheForAllThreads=false in command line.
2019-10-17 07:41:20,933 [main] INFO  grpc.GrpcConfigKeys$Server (ConfUtils.java:logGet(43)) - raft.grpc.server.port = 0 (default)
2019-10-17 07:41:20,933 [main] INFO  server.GrpcService (ConfUtils.java:logGet(43)) - raft.grpc.message.size.max = 33570816 (custom)
2019-10-17 07:41:20,933 [main] INFO  server.RaftServerConfigKeys (ConfUtils.java:logGet(43)) - raft.server.log.appender.buffer.byte-limit = 33554432 (custom)
2019-10-17 07:41:20,933 [main] INFO  server.GrpcService (ConfUtils.java:logGet(43)) - raft.grpc.flow.control.window = 1MB (=1048576) (default)
2019-10-17 07:41:20,933 [main] INFO  server.RaftServerConfigKeys (ConfUtils.java:logGet(43)) - raft.server.rpc.request.timeout = 3000ms (default)
2019-10-17 07:41:20,934 [main] INFO  server.RaftServerConfigKeys (ConfUtils.java:logGet(43)) - raft.server.storage.dir = [/workdir/hadoop-ozone/integration-test/target/test-dir/MiniOzoneClusterImpl-6c8aceb3-2805-42ee-9a98-c3760435b865/datanode-3/data/ratis] (custom)
2019-10-17 07:41:20,936 [main] INFO  hdfs.DFSUtil (DFSUtil.java:httpServerTemplateForNNAndJN(1641)) - Starting Web-server for hddsDatanode at: http://0.0.0.0:0
2019-10-17 07:41:20,937 [main] INFO  server.AuthenticationFilter (AuthenticationFilter.java:constructSecretProvider(240)) - Unable to initialize FileSignerSecretProvider, falling back to use random secrets.
2019-10-17 07:41:20,937 [main] WARN  http.HttpRequestLog (HttpRequestLog.java:getRequestLog(97)) - Jetty request log can only be enabled using Log4j
2019-10-17 07:41:20,939 [main] INFO  http.HttpServer2 (HttpServer2.java:addGlobalFilter(975)) - Added global filter 'safety' (class=org.apache.hadoop.http.HttpServer2$QuotingInputFilter)
2019-10-17 07:41:20,940 [main] INFO  http.HttpServer2 (HttpServer2.java:addFilter(948)) - Added filter static_user_filter (class=org.apache.hadoop.http.lib.StaticUserWebFilter$StaticUserFilter) to context hddsDatanode
2019-10-17 07:41:20,940 [main] INFO  http.HttpServer2 (HttpServer2.java:addFilter(958)) - Added filter static_user_filter (class=org.apache.hadoop.http.lib.StaticUserWebFilter$StaticUserFilter) to context logs
2019-10-17 07:41:20,940 [main] INFO  http.HttpServer2 (HttpServer2.java:addFilter(958)) - Added filter static_user_filter (class=org.apache.hadoop.http.lib.StaticUserWebFilter$StaticUserFilter) to context static
2019-10-17 07:41:20,941 [main] INFO  http.HttpServer2 (HttpServer2.java:bindListener(1191)) - Jetty bound to port 38112
2019-10-17 07:41:20,941 [main] INFO  server.Server (Server.java:doStart(351)) - jetty-9.3.25.v20180904, build timestamp: 2018-09-04T21:11:46Z, git hash: 3ce520221d0240229c862b122d2b06c12a625732
2019-10-17 07:41:20,944 [main] INFO  handler.ContextHandler (ContextHandler.java:doStart(781)) - Started o.e.j.s.ServletContextHandler@7e74a380{/logs,file:///workdir/hadoop-ozone/integration-test/target/log,AVAILABLE}
2019-10-17 07:41:20,945 [main] INFO  handler.ContextHandler (ContextHandler.java:doStart(781)) - Started o.e.j.s.ServletContextHandler@22a6e998{/static,jar:file:/home/user/.m2/repository/org/apache/hadoop/hadoop-hdds-container-service/0.5.0-SNAPSHOT/hadoop-hdds-container-service-0.5.0-SNAPSHOT.jar!/webapps/static,AVAILABLE}
2019-10-17 07:41:20,972 [main] INFO  handler.ContextHandler (ContextHandler.java:doStart(781)) - Started o.e.j.w.WebAppContext@3bbf841e{/,file:///tmp/jetty-0.0.0.0-38112-hddsDatanode-_-any-7206766535233743769.dir/webapp/,AVAILABLE}{/hddsDatanode}
2019-10-17 07:41:20,973 [main] INFO  server.AbstractConnector (AbstractConnector.java:doStart(278)) - Started ServerConnector@4f0f7849{HTTP/1.1,[http/1.1]}{0.0.0.0:38112}
2019-10-17 07:41:20,974 [main] INFO  server.Server (Server.java:doStart(419)) - Started @5226ms
2019-10-17 07:41:20,974 [main] WARN  impl.MetricsSystemImpl (MetricsSystemImpl.java:register(276)) - Sink prometheus already exists!
2019-10-17 07:41:20,975 [main] INFO  server.BaseHttpServer (BaseHttpServer.java:updateConnectorAddress(215)) - HTTP server of HDDSDATANODE is listening at http://0.0.0.0:38112
2019-10-17 07:41:20,977 [main] INFO  ozone.MiniOzoneClusterImpl (MiniOzoneClusterImpl.java:lambda$waitForClusterToBeReady$2(172)) - Waiting for cluster to be ready. Got 0 of 4 DN Heartbeats.
2019-10-17 07:41:20,978 [org.apache.hadoop.util.JvmPauseMonitor$Monitor@7d8a1a20] INFO  util.JvmPauseMonitor (JvmPauseMonitor.java:run(188)) - Starting JVM pause monitor
2019-10-17 07:41:20,981 [Datanode State Machine Thread - 0] INFO  datanode.InitDatanodeState (InitDatanodeState.java:persistContainerDatanodeDetails(140)) - DatanodeDetails is persisted to /workdir/hadoop-ozone/integration-test/target/test-dir/MiniOzoneClusterImpl-6c8aceb3-2805-42ee-9a98-c3760435b865/datanode-3/meta/datanode.id
2019-10-17 07:41:21,977 [main] INFO  ozone.MiniOzoneClusterImpl (MiniOzoneClusterImpl.java:lambda$waitForClusterToBeReady$2(172)) - Waiting for cluster to be ready. Got 0 of 4 DN Heartbeats.
2019-10-17 07:41:22,865 [Datanode State Machine Thread - 0] INFO  ozoneimpl.OzoneContainer (OzoneContainer.java:start(213)) - Attempting to start container services.
2019-10-17 07:41:22,865 [Datanode State Machine Thread - 0] INFO  ozoneimpl.OzoneContainer (OzoneContainer.java:start(213)) - Attempting to start container services.
2019-10-17 07:41:22,868 [Datanode State Machine Thread - 0] INFO  ozoneimpl.OzoneContainer (OzoneContainer.java:startContainerScrub(177)) - Background container scanner has been disabled.
2019-10-17 07:41:22,868 [Datanode State Machine Thread - 0] INFO  ozoneimpl.OzoneContainer (OzoneContainer.java:startContainerScrub(177)) - Background container scanner has been disabled.
2019-10-17 07:41:22,869 [Datanode State Machine Thread - 0] INFO  ratis.XceiverServerRatis (XceiverServerRatis.java:start(424)) - Starting XceiverServerRatis 443b071d-6096-48d6-bfe7-498b7c8032c0 at port 0
2019-10-17 07:41:22,869 [Datanode State Machine Thread - 0] INFO  ratis.XceiverServerRatis (XceiverServerRatis.java:start(424)) - Starting XceiverServerRatis 40d2d32e-dd25-45df-8070-f9dc56ccf0a7 at port 0
2019-10-17 07:41:22,902 [Datanode State Machine Thread - 0] INFO  impl.RaftServerProxy (RaftServerProxy.java:lambda$start$3(299)) - 40d2d32e-dd25-45df-8070-f9dc56ccf0a7: start RPC server
2019-10-17 07:41:22,902 [Datanode State Machine Thread - 0] INFO  impl.RaftServerProxy (RaftServerProxy.java:lambda$start$3(299)) - 443b071d-6096-48d6-bfe7-498b7c8032c0: start RPC server
2019-10-17 07:41:22,935 [Datanode State Machine Thread - 0] INFO  ozoneimpl.OzoneContainer (OzoneContainer.java:start(213)) - Attempting to start container services.
2019-10-17 07:41:22,940 [Datanode State Machine Thread - 0] INFO  ozoneimpl.OzoneContainer (OzoneContainer.java:startContainerScrub(177)) - Background container scanner has been disabled.
2019-10-17 07:41:22,941 [Datanode State Machine Thread - 0] INFO  ratis.XceiverServerRatis (XceiverServerRatis.java:start(424)) - Starting XceiverServerRatis cbde3520-0cea-4357-bb04-1a0ae64b2bb1 at port 0
2019-10-17 07:41:22,949 [Datanode State Machine Thread - 0] INFO  impl.RaftServerProxy (RaftServerProxy.java:lambda$start$3(299)) - cbde3520-0cea-4357-bb04-1a0ae64b2bb1: start RPC server
2019-10-17 07:41:22,981 [main] INFO  ozone.MiniOzoneClusterImpl (MiniOzoneClusterImpl.java:lambda$waitForClusterToBeReady$2(172)) - Waiting for cluster to be ready. Got 0 of 4 DN Heartbeats.
2019-10-17 07:41:22,995 [Datanode State Machine Thread - 0] INFO  ozoneimpl.OzoneContainer (OzoneContainer.java:start(213)) - Attempting to start container services.
2019-10-17 07:41:22,996 [Datanode State Machine Thread - 0] INFO  ozoneimpl.OzoneContainer (OzoneContainer.java:startContainerScrub(177)) - Background container scanner has been disabled.
2019-10-17 07:41:22,997 [Datanode State Machine Thread - 0] INFO  ratis.XceiverServerRatis (XceiverServerRatis.java:start(424)) - Starting XceiverServerRatis 486e836e-12f0-4f28-9a7f-6d6b2ff2cce2 at port 0
2019-10-17 07:41:23,007 [Datanode State Machine Thread - 0] INFO  impl.RaftServerProxy (RaftServerProxy.java:lambda$start$3(299)) - 486e836e-12f0-4f28-9a7f-6d6b2ff2cce2: start RPC server
2019-10-17 07:41:23,069 [Datanode State Machine Thread - 0] INFO  server.GrpcService (GrpcService.java:startImpl(158)) - 443b071d-6096-48d6-bfe7-498b7c8032c0: GrpcService started, listening on 0.0.0.0/0.0.0.0:46516
2019-10-17 07:41:23,069 [Datanode State Machine Thread - 0] INFO  server.GrpcService (GrpcService.java:startImpl(158)) - 486e836e-12f0-4f28-9a7f-6d6b2ff2cce2: GrpcService started, listening on 0.0.0.0/0.0.0.0:46787
2019-10-17 07:41:23,069 [Datanode State Machine Thread - 0] INFO  server.GrpcService (GrpcService.java:startImpl(158)) - 40d2d32e-dd25-45df-8070-f9dc56ccf0a7: GrpcService started, listening on 0.0.0.0/0.0.0.0:41633
2019-10-17 07:41:23,069 [Datanode State Machine Thread - 0] INFO  server.GrpcService (GrpcService.java:startImpl(158)) - cbde3520-0cea-4357-bb04-1a0ae64b2bb1: GrpcService started, listening on 0.0.0.0/0.0.0.0:41642
2019-10-17 07:41:23,070 [Datanode State Machine Thread - 0] INFO  ratis.XceiverServerRatis (XceiverServerRatis.java:start(434)) - XceiverServerRatis 40d2d32e-dd25-45df-8070-f9dc56ccf0a7 is started using port 41633
2019-10-17 07:41:23,070 [Datanode State Machine Thread - 0] INFO  ratis.XceiverServerRatis (XceiverServerRatis.java:start(434)) - XceiverServerRatis 486e836e-12f0-4f28-9a7f-6d6b2ff2cce2 is started using port 46787
2019-10-17 07:41:23,070 [Datanode State Machine Thread - 0] INFO  ratis.XceiverServerRatis (XceiverServerRatis.java:start(434)) - XceiverServerRatis 443b071d-6096-48d6-bfe7-498b7c8032c0 is started using port 46516
2019-10-17 07:41:23,070 [Datanode State Machine Thread - 0] INFO  ratis.XceiverServerRatis (XceiverServerRatis.java:start(434)) - XceiverServerRatis cbde3520-0cea-4357-bb04-1a0ae64b2bb1 is started using port 41642
2019-10-17 07:41:23,076 [Datanode State Machine Thread - 0] INFO  server.XceiverServerGrpc (XceiverServerGrpc.java:start(149)) - XceiverServerGrpc cbde3520-0cea-4357-bb04-1a0ae64b2bb1 is started using port 38912
2019-10-17 07:41:23,077 [Datanode State Machine Thread - 0] INFO  server.XceiverServerGrpc (XceiverServerGrpc.java:start(149)) - XceiverServerGrpc 443b071d-6096-48d6-bfe7-498b7c8032c0 is started using port 39582
2019-10-17 07:41:23,077 [Datanode State Machine Thread - 0] INFO  server.XceiverServerGrpc (XceiverServerGrpc.java:start(149)) - XceiverServerGrpc 40d2d32e-dd25-45df-8070-f9dc56ccf0a7 is started using port 36052
2019-10-17 07:41:23,076 [Datanode State Machine Thread - 0] INFO  server.XceiverServerGrpc (XceiverServerGrpc.java:start(149)) - XceiverServerGrpc 486e836e-12f0-4f28-9a7f-6d6b2ff2cce2 is started using port 37682
2019-10-17 07:41:23,982 [main] INFO  ozone.MiniOzoneClusterImpl (MiniOzoneClusterImpl.java:lambda$waitForClusterToBeReady$2(172)) - Waiting for cluster to be ready. Got 0 of 4 DN Heartbeats.
2019-10-17 07:41:24,803 [IPC Server handler 1 on 34339] INFO  net.NetworkTopology (NetworkTopologyImpl.java:add(111)) - Added a new node: /default-rack/40d2d32e-dd25-45df-8070-f9dc56ccf0a7
2019-10-17 07:41:24,804 [IPC Server handler 1 on 34339] INFO  node.SCMNodeManager (SCMNodeManager.java:register(268)) - Registered Data node : 40d2d32e-dd25-45df-8070-f9dc56ccf0a7{ip: 192.168.34.62, host: pr-hdds-1868-lzclr-202649289, networkLocation: /default-rack, certSerialId: null}
2019-10-17 07:41:24,808 [EventQueue-NodeRegistrationContainerReportForDataNodeSafeModeRule] INFO  safemode.SCMSafeModeManager (DataNodeSafeModeRule.java:process(71)) - SCM in safe mode. 1 DataNodes registered, 1 required.
2019-10-17 07:41:24,808 [EventQueue-NodeRegistrationContainerReportForDataNodeSafeModeRule] INFO  safemode.SCMSafeModeManager (SCMSafeModeManager.java:validateSafeModeExitRules(177)) - ScmSafeModeManager, all rules are successfully validated
2019-10-17 07:41:24,808 [EventQueue-NodeRegistrationContainerReportForDataNodeSafeModeRule] INFO  safemode.SCMSafeModeManager (SCMSafeModeManager.java:exitSafeMode(193)) - SCM exiting safe mode.
2019-10-17 07:41:24,836 [IPC Server handler 0 on 34339] INFO  net.NetworkTopology (NetworkTopologyImpl.java:add(111)) - Added a new node: /default-rack/443b071d-6096-48d6-bfe7-498b7c8032c0
2019-10-17 07:41:24,837 [IPC Server handler 0 on 34339] INFO  node.SCMNodeManager (SCMNodeManager.java:register(268)) - Registered Data node : 443b071d-6096-48d6-bfe7-498b7c8032c0{ip: 192.168.34.62, host: pr-hdds-1868-lzclr-202649289, networkLocation: /default-rack, certSerialId: null}
2019-10-17 07:41:24,911 [IPC Server handler 3 on 34339] INFO  net.NetworkTopology (NetworkTopologyImpl.java:add(111)) - Added a new node: /default-rack/cbde3520-0cea-4357-bb04-1a0ae64b2bb1
2019-10-17 07:41:24,912 [IPC Server handler 3 on 34339] INFO  node.SCMNodeManager (SCMNodeManager.java:register(268)) - Registered Data node : cbde3520-0cea-4357-bb04-1a0ae64b2bb1{ip: 192.168.34.62, host: pr-hdds-1868-lzclr-202649289, networkLocation: /default-rack, certSerialId: null}
2019-10-17 07:41:24,982 [IPC Server handler 2 on 34339] INFO  net.NetworkTopology (NetworkTopologyImpl.java:add(111)) - Added a new node: /default-rack/486e836e-12f0-4f28-9a7f-6d6b2ff2cce2
2019-10-17 07:41:24,982 [IPC Server handler 2 on 34339] INFO  node.SCMNodeManager (SCMNodeManager.java:register(268)) - Registered Data node : 486e836e-12f0-4f28-9a7f-6d6b2ff2cce2{ip: 192.168.34.62, host: pr-hdds-1868-lzclr-202649289, networkLocation: /default-rack, certSerialId: null}
2019-10-17 07:41:25,310 [grpc-default-executor-0] INFO  impl.RaftServerProxy (RaftServerProxy.java:addNew(89)) - 40d2d32e-dd25-45df-8070-f9dc56ccf0a7: addNew group-55D76DFF5FC3:[40d2d32e-dd25-45df-8070-f9dc56ccf0a7:192.168.34.62:41633] returns group-55D76DFF5FC3:java.util.concurrent.CompletableFuture@107ac1ff[Not completed]
2019-10-17 07:41:25,323 [pool-27-thread-1] INFO  impl.RaftServerImpl (RaftServerImpl.java:<init>(104)) - 40d2d32e-dd25-45df-8070-f9dc56ccf0a7: new RaftServerImpl for group-55D76DFF5FC3:[40d2d32e-dd25-45df-8070-f9dc56ccf0a7:192.168.34.62:41633] with ContainerStateMachine:uninitialized
2019-10-17 07:41:25,326 [pool-27-thread-1] INFO  server.RaftServerConfigKeys (ConfUtils.java:logGet(43)) - raft.server.rpc.timeout.min = 5s (custom)
2019-10-17 07:41:25,327 [pool-27-thread-1] INFO  server.RaftServerConfigKeys (ConfUtils.java:logGet(43)) - raft.server.rpc.timeout.max = 5200ms (custom)
2019-10-17 07:41:25,327 [pool-27-thread-1] INFO  server.RaftServerConfigKeys (ConfUtils.java:logGet(43)) - raft.server.rpcslowness.timeout = 120s (custom)
2019-10-17 07:41:25,328 [pool-27-thread-1] INFO  server.RaftServerConfigKeys (ConfUtils.java:logGet(43)) - raft.server.sleep.deviation.threshold = 300 (default)
2019-10-17 07:41:25,329 [pool-27-thread-1] INFO  server.RaftServerConfigKeys (ConfUtils.java:logGet(43)) - raft.server.log.appender.install.snapshot.enabled = false (custom)
2019-10-17 07:41:25,337 [pool-27-thread-1] INFO  impl.RaftServerImpl (ServerState.java:<init>(103)) - 40d2d32e-dd25-45df-8070-f9dc56ccf0a7@group-55D76DFF5FC3: ConfigurationManager, init=-1: [40d2d32e-dd25-45df-8070-f9dc56ccf0a7:192.168.34.62:41633], old=null, confs=<EMPTY_MAP>
2019-10-17 07:41:25,338 [pool-27-thread-1] INFO  server.RaftServerConfigKeys (ConfUtils.java:logGet(43)) - raft.server.storage.dir = [/workdir/hadoop-ozone/integration-test/target/test-dir/MiniOzoneClusterImpl-6c8aceb3-2805-42ee-9a98-c3760435b865/datanode-0/data/ratis] (custom)
2019-10-17 07:41:25,344 [pool-27-thread-1] INFO  server.RaftServerConfigKeys (ConfUtils.java:logGet(43)) - raft.server.log.corruption.policy = EXCEPTION (default)
2019-10-17 07:41:25,346 [pool-27-thread-1] INFO  storage.RaftStorageDirectory (RaftStorageDirectory.java:analyzeStorage(246)) - The storage directory /workdir/hadoop-ozone/integration-test/target/test-dir/MiniOzoneClusterImpl-6c8aceb3-2805-42ee-9a98-c3760435b865/datanode-0/data/ratis/d6a016ee-a3d5-4f65-b374-55d76dff5fc3 does not exist. Creating ...
2019-10-17 07:41:25,363 [pool-27-thread-1] INFO  storage.RaftStorageDirectory (RaftStorageDirectory.java:tryLock(328)) - Lock on /workdir/hadoop-ozone/integration-test/target/test-dir/MiniOzoneClusterImpl-6c8aceb3-2805-42ee-9a98-c3760435b865/datanode-0/data/ratis/d6a016ee-a3d5-4f65-b374-55d76dff5fc3/in_use.lock acquired by nodename 28058@pr-hdds-1868-lzclr-202649289
2019-10-17 07:41:25,378 [pool-27-thread-1] INFO  storage.RaftStorage (RaftStorage.java:format(84)) - Storage directory /workdir/hadoop-ozone/integration-test/target/test-dir/MiniOzoneClusterImpl-6c8aceb3-2805-42ee-9a98-c3760435b865/datanode-0/data/ratis/d6a016ee-a3d5-4f65-b374-55d76dff5fc3 has been successfully formatted.
2019-10-17 07:41:25,379 [pool-27-thread-1] INFO  ratis.ContainerStateMachine (ContainerStateMachine.java:loadSnapshot(233)) - group-55D76DFF5FC3: The snapshot info is null. Setting the last applied indexto:(t:0, i:~)
2019-10-17 07:41:25,380 [pool-27-thread-1] INFO  server.RaftServerConfigKeys (ConfUtils.java:logGet(43)) - raft.server.notification.no-leader.timeout = 120s (custom)
2019-10-17 07:41:25,381 [pool-27-thread-1] INFO  server.RaftServerConfigKeys (ConfUtils.java:logGet(43)) - raft.server.log.use.memory = false (default)
2019-10-17 07:41:25,386 [pool-27-thread-1] INFO  server.RaftServerConfigKeys (ConfUtils.java:logGet(43)) - raft.server.log.purge.gap = 1000000 (custom)
2019-10-17 07:41:25,387 [pool-27-thread-1] INFO  server.RaftServerConfigKeys (ConfUtils.java:logGet(43)) - raft.server.log.appender.buffer.byte-limit = 33554432 (custom)
2019-10-17 07:41:25,388 [pool-27-thread-1] INFO  server.RaftServerConfigKeys (ConfUtils.java:logGet(43)) - raft.server.log.segment.size.max = 1048576 (custom)
2019-10-17 07:41:25,390 [pool-27-thread-1] INFO  impl.MetricsSystemImpl (MetricsSystemImpl.java:init(158)) - ratis metrics system started (again)
2019-10-17 07:41:25,394 [pool-27-thread-1] INFO  metrics.MetricRegistries (MetricRegistriesLoader.java:load(64)) - Loaded MetricRegistries class org.apache.ratis.metrics.impl.MetricRegistriesImpl
2019-10-17 07:41:25,426 [pool-27-thread-1] INFO  server.RaftServerConfigKeys (ConfUtils.java:logGet(43)) - raft.server.log.segment.cache.num.max = 2 (custom)
2019-10-17 07:41:25,431 [pool-27-thread-1] INFO  segmented.SegmentedRaftLogWorker (SegmentedRaftLogWorker.java:<init>(173)) - new 40d2d32e-dd25-45df-8070-f9dc56ccf0a7@group-55D76DFF5FC3-SegmentedRaftLogWorker for RaftStorage:Storage Directory /workdir/hadoop-ozone/integration-test/target/test-dir/MiniOzoneClusterImpl-6c8aceb3-2805-42ee-9a98-c3760435b865/datanode-0/data/ratis/d6a016ee-a3d5-4f65-b374-55d76dff5fc3
2019-10-17 07:41:25,431 [pool-27-thread-1] INFO  server.RaftServerConfigKeys (ConfUtils.java:logGet(43)) - raft.server.log.queue.byte-limit = 2147483647 (custom)
2019-10-17 07:41:25,432 [pool-27-thread-1] INFO  server.RaftServerConfigKeys (ConfUtils.java:logGet(43)) - raft.server.log.queue.element-limit = 1024 (custom)
2019-10-17 07:41:25,433 [pool-27-thread-1] INFO  server.RaftServerConfigKeys (ConfUtils.java:logGet(43)) - raft.server.log.segment.size.max = 1048576 (custom)
2019-10-17 07:41:25,433 [pool-27-thread-1] INFO  server.RaftServerConfigKeys (ConfUtils.java:logGet(43)) - raft.server.log.preallocated.size = 16384 (custom)
2019-10-17 07:41:25,434 [pool-27-thread-1] INFO  server.RaftServerConfigKeys (ConfUtils.java:logGet(43)) - raft.server.log.write.buffer.size = 33554432 (custom)
2019-10-17 07:41:25,434 [pool-27-thread-1] INFO  server.RaftServerConfigKeys (ConfUtils.java:logGet(43)) - raft.server.log.force.sync.num = 128 (default)
2019-10-17 07:41:25,435 [pool-27-thread-1] INFO  server.RaftServerConfigKeys (ConfUtils.java:logGet(43)) - raft.server.log.statemachine.data.sync = true (default)
2019-10-17 07:41:25,435 [pool-27-thread-1] INFO  server.RaftServerConfigKeys (ConfUtils.java:logGet(43)) - raft.server.log.statemachine.data.sync.timeout = 10s (default)
2019-10-17 07:41:25,435 [pool-27-thread-1] INFO  server.RaftServerConfigKeys (ConfUtils.java:logGet(43)) - raft.server.log.statemachine.data.sync.timeout.retry = -1 (default)
2019-10-17 07:41:25,446 [pool-27-thread-1] INFO  server.RaftServerConfigKeys (ConfUtils.java:logGet(43)) - raft.server.log.statemachine.data.caching.enabled = true (custom)
2019-10-17 07:41:25,453 [pool-27-thread-1] INFO  segmented.SegmentedRaftLogWorker (SegmentedRaftLogWorker.java:lambda$new$0(128)) - 40d2d32e-dd25-45df-8070-f9dc56ccf0a7@group-55D76DFF5FC3-SegmentedRaftLogWorker: flushIndex: setUnconditionally 0 -> -1
2019-10-17 07:41:25,461 [pool-27-thread-1] INFO  server.RaftServerConfigKeys (ConfUtils.java:logGet(43)) - raft.server.snapshot.auto.trigger.enabled = true (custom)
2019-10-17 07:41:25,462 [pool-27-thread-1] INFO  server.RaftServerConfigKeys (ConfUtils.java:logGet(43)) - raft.server.snapshot.auto.trigger.threshold = 10000 (custom)
2019-10-17 07:41:25,463 [pool-27-thread-1] INFO  server.RaftServerConfigKeys (ConfUtils.java:logGet(43)) - raft.server.snapshot.retention.file.num = 5 (custom)
2019-10-17 07:41:25,464 [pool-27-thread-1] INFO  server.RaftServerConfigKeys (ConfUtils.java:logGet(43)) - raft.server.retrycache.expirytime = 600000ms (custom)
2019-10-17 07:41:25,502 [pool-27-thread-1] INFO  impl.RaftServerImpl (RaftServerImpl.java:start(195)) - 40d2d32e-dd25-45df-8070-f9dc56ccf0a7@group-55D76DFF5FC3: start as a follower, conf=-1: [40d2d32e-dd25-45df-8070-f9dc56ccf0a7:192.168.34.62:41633], old=null
2019-10-17 07:41:25,503 [pool-27-thread-1] INFO  impl.RaftServerImpl (RaftServerImpl.java:setRole(184)) - 40d2d32e-dd25-45df-8070-f9dc56ccf0a7@group-55D76DFF5FC3: changes role from      null to FOLLOWER at term 0 for startAsFollower
2019-10-17 07:41:25,504 [pool-27-thread-1] INFO  impl.RoleInfo (RoleInfo.java:updateAndGet(143)) - 40d2d32e-dd25-45df-8070-f9dc56ccf0a7: start FollowerState
2019-10-17 07:41:25,507 [pool-27-thread-1] INFO  util.JmxRegister (JmxRegister.java:tryRegister(44)) - Successfully registered JMX Bean with object name Ratis:service=RaftServer,group=group-55D76DFF5FC3,id=40d2d32e-dd25-45df-8070-f9dc56ccf0a7
2019-10-17 07:41:25,566 [Thread-195] INFO  impl.FollowerState (FollowerState.java:run(108)) - 40d2d32e-dd25-45df-8070-f9dc56ccf0a7@group-55D76DFF5FC3-FollowerState: change to CANDIDATE, lastRpcTime:62ms, electionTimeout:61ms
2019-10-17 07:41:25,570 [Thread-195] INFO  impl.RoleInfo (RoleInfo.java:shutdownFollowerState(121)) - 40d2d32e-dd25-45df-8070-f9dc56ccf0a7: shutdown FollowerState
2019-10-17 07:41:25,572 [Thread-195] INFO  impl.RaftServerImpl (RaftServerImpl.java:setRole(184)) - 40d2d32e-dd25-45df-8070-f9dc56ccf0a7@group-55D76DFF5FC3: changes role from  FOLLOWER to CANDIDATE at term 0 for changeToCandidate
2019-10-17 07:41:25,578 [Thread-195] INFO  impl.RoleInfo (RoleInfo.java:updateAndGet(143)) - 40d2d32e-dd25-45df-8070-f9dc56ccf0a7: start LeaderElection
2019-10-17 07:41:25,593 [RatisPipelineUtilsThread] INFO  pipeline.PipelineStateManager (PipelineStateManager.java:addPipeline(55)) - Created pipeline Pipeline[ Id: d6a016ee-a3d5-4f65-b374-55d76dff5fc3, Nodes: 40d2d32e-dd25-45df-8070-f9dc56ccf0a7{ip: 192.168.34.62, host: pr-hdds-1868-lzclr-202649289, networkLocation: /default-rack, certSerialId: null}, Type:RATIS, Factor:ONE, State:ALLOCATED]
2019-10-17 07:41:25,605 [40d2d32e-dd25-45df-8070-f9dc56ccf0a7@group-55D76DFF5FC3-LeaderElection1] INFO  impl.LeaderElection (LeaderElection.java:askForVotes(178)) - 40d2d32e-dd25-45df-8070-f9dc56ccf0a7@group-55D76DFF5FC3-LeaderElection1: begin an election at term 1 for -1: [40d2d32e-dd25-45df-8070-f9dc56ccf0a7:192.168.34.62:41633], old=null
2019-10-17 07:41:25,607 [40d2d32e-dd25-45df-8070-f9dc56ccf0a7@group-55D76DFF5FC3-LeaderElection1] INFO  impl.RoleInfo (RoleInfo.java:shutdownLeaderElection(134)) - 40d2d32e-dd25-45df-8070-f9dc56ccf0a7: shutdown LeaderElection
2019-10-17 07:41:25,608 [40d2d32e-dd25-45df-8070-f9dc56ccf0a7@group-55D76DFF5FC3-LeaderElection1] INFO  impl.RaftServerImpl (RaftServerImpl.java:setRole(184)) - 40d2d32e-dd25-45df-8070-f9dc56ccf0a7@group-55D76DFF5FC3: changes role from CANDIDATE to LEADER at term 1 for changeToLeader
2019-10-17 07:41:25,608 [40d2d32e-dd25-45df-8070-f9dc56ccf0a7@group-55D76DFF5FC3-LeaderElection1] INFO  ratis.XceiverServerRatis (XceiverServerRatis.java:handleLeaderChangedNotification(699)) - Leader change notification received for group: group-55D76DFF5FC3 with new leaderId: 40d2d32e-dd25-45df-8070-f9dc56ccf0a7
2019-10-17 07:41:25,614 [40d2d32e-dd25-45df-8070-f9dc56ccf0a7@group-55D76DFF5FC3-LeaderElection1] INFO  impl.RaftServerImpl (ServerState.java:setLeader(256)) - 40d2d32e-dd25-45df-8070-f9dc56ccf0a7@group-55D76DFF5FC3: change Leader from null to 40d2d32e-dd25-45df-8070-f9dc56ccf0a7 at term 1 for becomeLeader, leader elected after 228ms
2019-10-17 07:41:25,614 [grpc-default-executor-0] INFO  impl.RaftServerProxy (RaftServerProxy.java:addNew(89)) - cbde3520-0cea-4357-bb04-1a0ae64b2bb1: addNew group-E7676BAFBEDD:[cbde3520-0cea-4357-bb04-1a0ae64b2bb1:192.168.34.62:41642] returns group-E7676BAFBEDD:java.util.concurrent.CompletableFuture@71232853[Not completed]
2019-10-17 07:41:25,647 [pool-47-thread-1] INFO  impl.RaftServerImpl (RaftServerImpl.java:<init>(104)) - cbde3520-0cea-4357-bb04-1a0ae64b2bb1: new RaftServerImpl for group-E7676BAFBEDD:[cbde3520-0cea-4357-bb04-1a0ae64b2bb1:192.168.34.62:41642] with ContainerStateMachine:uninitialized
2019-10-17 07:41:25,648 [pool-47-thread-1] INFO  server.RaftServerConfigKeys (ConfUtils.java:logGet(43)) - raft.server.rpc.timeout.min = 5s (custom)
2019-10-17 07:41:25,648 [pool-47-thread-1] INFO  server.RaftServerConfigKeys (ConfUtils.java:logGet(43)) - raft.server.rpc.timeout.max = 5200ms (custom)
2019-10-17 07:41:25,648 [40d2d32e-dd25-45df-8070-f9dc56ccf0a7@group-55D76DFF5FC3-LeaderElection1] INFO  server.RaftServerConfigKeys (ConfUtils.java:logGet(43)) - raft.server.staging.catchup.gap = 1000 (default)
2019-10-17 07:41:25,648 [pool-47-thread-1] INFO  server.RaftServerConfigKeys (ConfUtils.java:logGet(43)) - raft.server.rpcslowness.timeout = 120s (custom)
2019-10-17 07:41:25,649 [40d2d32e-dd25-45df-8070-f9dc56ccf0a7@group-55D76DFF5FC3-LeaderElection1] INFO  server.RaftServerConfigKeys (ConfUtils.java:logGet(43)) - raft.server.rpc.sleep.time = 25ms (default)
2019-10-17 07:41:25,649 [pool-47-thread-1] INFO  server.RaftServerConfigKeys (ConfUtils.java:logGet(43)) - raft.server.sleep.deviation.threshold = 300 (default)
2019-10-17 07:41:25,649 [pool-47-thread-1] INFO  server.RaftServerConfigKeys (ConfUtils.java:logGet(43)) - raft.server.log.appender.install.snapshot.enabled = false (custom)
2019-10-17 07:41:25,649 [pool-47-thread-1] INFO  impl.RaftServerImpl (ServerState.java:<init>(103)) - cbde3520-0cea-4357-bb04-1a0ae64b2bb1@group-E7676BAFBEDD: ConfigurationManager, init=-1: [cbde3520-0cea-4357-bb04-1a0ae64b2bb1:192.168.34.62:41642], old=null, confs=<EMPTY_MAP>
2019-10-17 07:41:25,649 [pool-47-thread-1] INFO  server.RaftServerConfigKeys (ConfUtils.java:logGet(43)) - raft.server.storage.dir = [/workdir/hadoop-ozone/integration-test/target/test-dir/MiniOzoneClusterImpl-6c8aceb3-2805-42ee-9a98-c3760435b865/datanode-2/data/ratis] (custom)
2019-10-17 07:41:25,650 [pool-47-thread-1] INFO  server.RaftServerConfigKeys (ConfUtils.java:logGet(43)) - raft.server.log.corruption.policy = EXCEPTION (default)
2019-10-17 07:41:25,650 [pool-47-thread-1] INFO  storage.RaftStorageDirectory (RaftStorageDirectory.java:analyzeStorage(246)) - The storage directory /workdir/hadoop-ozone/integration-test/target/test-dir/MiniOzoneClusterImpl-6c8aceb3-2805-42ee-9a98-c3760435b865/datanode-2/data/ratis/87159bcc-716e-431c-bd03-e7676bafbedd does not exist. Creating ...
2019-10-17 07:41:25,657 [40d2d32e-dd25-45df-8070-f9dc56ccf0a7@group-55D76DFF5FC3-LeaderElection1] INFO  server.RaftServerConfigKeys (ConfUtils.java:logGet(43)) - raft.server.write.element-limit = 4096 (default)
2019-10-17 07:41:25,660 [40d2d32e-dd25-45df-8070-f9dc56ccf0a7@group-55D76DFF5FC3-LeaderElection1] INFO  server.RaftServerConfigKeys (ConfUtils.java:logGet(43)) - raft.server.watch.timeout = 10s (default)
2019-10-17 07:41:25,660 [40d2d32e-dd25-45df-8070-f9dc56ccf0a7@group-55D76DFF5FC3-LeaderElection1] INFO  server.RaftServerConfigKeys (ConfUtils.java:logGet(43)) - raft.server.watch.timeout.denomination = 1s (default)
2019-10-17 07:41:25,661 [40d2d32e-dd25-45df-8070-f9dc56ccf0a7@group-55D76DFF5FC3-LeaderElection1] INFO  server.RaftServerConfigKeys (ConfUtils.java:logGet(43)) - raft.server.watch.element-limit = 65536 (default)
2019-10-17 07:41:25,663 [pool-47-thread-1] INFO  storage.RaftStorageDirectory (RaftStorageDirectory.java:tryLock(328)) - Lock on /workdir/hadoop-ozone/integration-test/target/test-dir/MiniOzoneClusterImpl-6c8aceb3-2805-42ee-9a98-c3760435b865/datanode-2/data/ratis/87159bcc-716e-431c-bd03-e7676bafbedd/in_use.lock acquired by nodename 28058@pr-hdds-1868-lzclr-202649289
2019-10-17 07:41:25,677 [pool-47-thread-1] INFO  storage.RaftStorage (RaftStorage.java:format(84)) - Storage directory /workdir/hadoop-ozone/integration-test/target/test-dir/MiniOzoneClusterImpl-6c8aceb3-2805-42ee-9a98-c3760435b865/datanode-2/data/ratis/87159bcc-716e-431c-bd03-e7676bafbedd has been successfully formatted.
2019-10-17 07:41:25,678 [pool-47-thread-1] INFO  ratis.ContainerStateMachine (ContainerStateMachine.java:loadSnapshot(233)) - group-E7676BAFBEDD: The snapshot info is null. Setting the last applied indexto:(t:0, i:~)
2019-10-17 07:41:25,679 [pool-47-thread-1] INFO  server.RaftServerConfigKeys (ConfUtils.java:logGet(43)) - raft.server.notification.no-leader.timeout = 120s (custom)
2019-10-17 07:41:25,679 [pool-47-thread-1] INFO  server.RaftServerConfigKeys (ConfUtils.java:logGet(43)) - raft.server.log.use.memory = false (default)
2019-10-17 07:41:25,679 [pool-47-thread-1] INFO  server.RaftServerConfigKeys (ConfUtils.java:logGet(43)) - raft.server.log.purge.gap = 1000000 (custom)
2019-10-17 07:41:25,680 [pool-47-thread-1] INFO  server.RaftServerConfigKeys (ConfUtils.java:logGet(43)) - raft.server.log.appender.buffer.byte-limit = 33554432 (custom)
2019-10-17 07:41:25,680 [pool-47-thread-1] INFO  server.RaftServerConfigKeys (ConfUtils.java:logGet(43)) - raft.server.log.segment.size.max = 1048576 (custom)
2019-10-17 07:41:25,685 [40d2d32e-dd25-45df-8070-f9dc56ccf0a7@group-55D76DFF5FC3-LeaderElection1] INFO  impl.RoleInfo (RoleInfo.java:updateAndGet(143)) - 40d2d32e-dd25-45df-8070-f9dc56ccf0a7: start LeaderState
2019-10-17 07:41:25,714 [pool-47-thread-1] INFO  server.RaftServerConfigKeys (ConfUtils.java:logGet(43)) - raft.server.log.segment.cache.num.max = 2 (custom)
2019-10-17 07:41:25,714 [pool-47-thread-1] INFO  segmented.SegmentedRaftLogWorker (SegmentedRaftLogWorker.java:<init>(173)) - new cbde3520-0cea-4357-bb04-1a0ae64b2bb1@group-E7676BAFBEDD-SegmentedRaftLogWorker for RaftStorage:Storage Directory /workdir/hadoop-ozone/integration-test/target/test-dir/MiniOzoneClusterImpl-6c8aceb3-2805-42ee-9a98-c3760435b865/datanode-2/data/ratis/87159bcc-716e-431c-bd03-e7676bafbedd
2019-10-17 07:41:25,715 [pool-47-thread-1] INFO  server.RaftServerConfigKeys (ConfUtils.java:logGet(43)) - raft.server.log.queue.byte-limit = 2147483647 (custom)
2019-10-17 07:41:25,716 [pool-47-thread-1] INFO  server.RaftServerConfigKeys (ConfUtils.java:logGet(43)) - raft.server.log.queue.element-limit = 1024 (custom)
2019-10-17 07:41:25,716 [pool-47-thread-1] INFO  server.RaftServerConfigKeys (ConfUtils.java:logGet(43)) - raft.server.log.segment.size.max = 1048576 (custom)
2019-10-17 07:41:25,716 [pool-47-thread-1] INFO  server.RaftServerConfigKeys (ConfUtils.java:logGet(43)) - raft.server.log.preallocated.size = 16384 (custom)
2019-10-17 07:41:25,716 [pool-47-thread-1] INFO  server.RaftServerConfigKeys (ConfUtils.java:logGet(43)) - raft.server.log.write.buffer.size = 33554432 (custom)
2019-10-17 07:41:25,716 [pool-47-thread-1] INFO  server.RaftServerConfigKeys (ConfUtils.java:logGet(43)) - raft.server.log.force.sync.num = 128 (default)
2019-10-17 07:41:25,716 [pool-47-thread-1] INFO  server.RaftServerConfigKeys (ConfUtils.java:logGet(43)) - raft.server.log.statemachine.data.sync = true (default)
2019-10-17 07:41:25,716 [pool-47-thread-1] INFO  server.RaftServerConfigKeys (ConfUtils.java:logGet(43)) - raft.server.log.statemachine.data.sync.timeout = 10s (default)
2019-10-17 07:41:25,716 [pool-47-thread-1] INFO  server.RaftServerConfigKeys (ConfUtils.java:logGet(43)) - raft.server.log.statemachine.data.sync.timeout.retry = -1 (default)
2019-10-17 07:41:25,717 [pool-47-thread-1] INFO  server.RaftServerConfigKeys (ConfUtils.java:logGet(43)) - raft.server.log.statemachine.data.caching.enabled = true (custom)
2019-10-17 07:41:25,717 [pool-47-thread-1] INFO  segmented.SegmentedRaftLogWorker (SegmentedRaftLogWorker.java:lambda$new$0(128)) - cbde3520-0cea-4357-bb04-1a0ae64b2bb1@group-E7676BAFBEDD-SegmentedRaftLogWorker: flushIndex: setUnconditionally 0 -> -1
2019-10-17 07:41:25,718 [pool-47-thread-1] INFO  server.RaftServerConfigKeys (ConfUtils.java:logGet(43)) - raft.server.snapshot.auto.trigger.enabled = true (custom)
2019-10-17 07:41:25,718 [pool-47-thread-1] INFO  server.RaftServerConfigKeys (ConfUtils.java:logGet(43)) - raft.server.snapshot.auto.trigger.threshold = 10000 (custom)
2019-10-17 07:41:25,718 [pool-47-thread-1] INFO  server.RaftServerConfigKeys (ConfUtils.java:logGet(43)) - raft.server.snapshot.retention.file.num = 5 (custom)
2019-10-17 07:41:25,718 [pool-47-thread-1] INFO  server.RaftServerConfigKeys (ConfUtils.java:logGet(43)) - raft.server.retrycache.expirytime = 600000ms (custom)
2019-10-17 07:41:25,725 [pool-47-thread-1] INFO  impl.RaftServerImpl (RaftServerImpl.java:start(195)) - cbde3520-0cea-4357-bb04-1a0ae64b2bb1@group-E7676BAFBEDD: start as a follower, conf=-1: [cbde3520-0cea-4357-bb04-1a0ae64b2bb1:192.168.34.62:41642], old=null
2019-10-17 07:41:25,725 [pool-47-thread-1] INFO  impl.RaftServerImpl (RaftServerImpl.java:setRole(184)) - cbde3520-0cea-4357-bb04-1a0ae64b2bb1@group-E7676BAFBEDD: changes role from      null to FOLLOWER at term 0 for startAsFollower
2019-10-17 07:41:25,725 [pool-47-thread-1] INFO  impl.RoleInfo (RoleInfo.java:updateAndGet(143)) - cbde3520-0cea-4357-bb04-1a0ae64b2bb1: start FollowerState
2019-10-17 07:41:25,726 [pool-47-thread-1] INFO  util.JmxRegister (JmxRegister.java:tryRegister(44)) - Successfully registered JMX Bean with object name Ratis:service=RaftServer,group=group-E7676BAFBEDD,id=cbde3520-0cea-4357-bb04-1a0ae64b2bb1
2019-10-17 07:41:25,736 [40d2d32e-dd25-45df-8070-f9dc56ccf0a7@group-55D76DFF5FC3-LeaderElection1] INFO  segmented.SegmentedRaftLogWorker (SegmentedRaftLogWorker.java:startLogSegment(385)) - 40d2d32e-dd25-45df-8070-f9dc56ccf0a7@group-55D76DFF5FC3-SegmentedRaftLogWorker: Starting segment from index:0
2019-10-17 07:41:25,741 [RatisPipelineUtilsThread] INFO  pipeline.PipelineStateManager (PipelineStateManager.java:addPipeline(55)) - Created pipeline Pipeline[ Id: 87159bcc-716e-431c-bd03-e7676bafbedd, Nodes: cbde3520-0cea-4357-bb04-1a0ae64b2bb1{ip: 192.168.34.62, host: pr-hdds-1868-lzclr-202649289, networkLocation: /default-rack, certSerialId: null}, Type:RATIS, Factor:ONE, State:ALLOCATED]
2019-10-17 07:41:25,756 [40d2d32e-dd25-45df-8070-f9dc56ccf0a7@group-55D76DFF5FC3-LeaderElection1] INFO  impl.RaftServerImpl (ServerState.java:setRaftConf(357)) - 40d2d32e-dd25-45df-8070-f9dc56ccf0a7@group-55D76DFF5FC3: set configuration 0: [40d2d32e-dd25-45df-8070-f9dc56ccf0a7:192.168.34.62:41633], old=null at 0
2019-10-17 07:41:25,760 [grpc-default-executor-0] INFO  impl.RaftServerProxy (RaftServerProxy.java:addNew(89)) - 443b071d-6096-48d6-bfe7-498b7c8032c0: addNew group-ACC79D924EF2:[443b071d-6096-48d6-bfe7-498b7c8032c0:192.168.34.62:46516] returns group-ACC79D924EF2:java.util.concurrent.CompletableFuture@75364f41[Not completed]
2019-10-17 07:41:25,762 [pool-37-thread-1] INFO  impl.RaftServerImpl (RaftServerImpl.java:<init>(104)) - 443b071d-6096-48d6-bfe7-498b7c8032c0: new RaftServerImpl for group-ACC79D924EF2:[443b071d-6096-48d6-bfe7-498b7c8032c0:192.168.34.62:46516] with ContainerStateMachine:uninitialized
2019-10-17 07:41:25,765 [pool-37-thread-1] INFO  server.RaftServerConfigKeys (ConfUtils.java:logGet(43)) - raft.server.rpc.timeout.min = 5s (custom)
2019-10-17 07:41:25,766 [pool-37-thread-1] INFO  server.RaftServerConfigKeys (ConfUtils.java:logGet(43)) - raft.server.rpc.timeout.max = 5200ms (custom)
2019-10-17 07:41:25,766 [pool-37-thread-1] INFO  server.RaftServerConfigKeys (ConfUtils.java:logGet(43)) - raft.server.rpcslowness.timeout = 120s (custom)
2019-10-17 07:41:25,766 [pool-37-thread-1] INFO  server.RaftServerConfigKeys (ConfUtils.java:logGet(43)) - raft.server.sleep.deviation.threshold = 300 (default)
2019-10-17 07:41:25,766 [pool-37-thread-1] INFO  server.RaftServerConfigKeys (ConfUtils.java:logGet(43)) - raft.server.log.appender.install.snapshot.enabled = false (custom)
2019-10-17 07:41:25,766 [pool-37-thread-1] INFO  impl.RaftServerImpl (ServerState.java:<init>(103)) - 443b071d-6096-48d6-bfe7-498b7c8032c0@group-ACC79D924EF2: ConfigurationManager, init=-1: [443b071d-6096-48d6-bfe7-498b7c8032c0:192.168.34.62:46516], old=null, confs=<EMPTY_MAP>
2019-10-17 07:41:25,767 [pool-37-thread-1] INFO  server.RaftServerConfigKeys (ConfUtils.java:logGet(43)) - raft.server.storage.dir = [/workdir/hadoop-ozone/integration-test/target/test-dir/MiniOzoneClusterImpl-6c8aceb3-2805-42ee-9a98-c3760435b865/datanode-1/data/ratis] (custom)
2019-10-17 07:41:25,767 [pool-37-thread-1] INFO  server.RaftServerConfigKeys (ConfUtils.java:logGet(43)) - raft.server.log.corruption.policy = EXCEPTION (default)
2019-10-17 07:41:25,767 [pool-37-thread-1] INFO  storage.RaftStorageDirectory (RaftStorageDirectory.java:analyzeStorage(246)) - The storage directory /workdir/hadoop-ozone/integration-test/target/test-dir/MiniOzoneClusterImpl-6c8aceb3-2805-42ee-9a98-c3760435b865/datanode-1/data/ratis/2651798a-eb0b-4120-9954-acc79d924ef2 does not exist. Creating ...
2019-10-17 07:41:25,791 [pool-37-thread-1] INFO  storage.RaftStorageDirectory (RaftStorageDirectory.java:tryLock(328)) - Lock on /workdir/hadoop-ozone/integration-test/target/test-dir/MiniOzoneClusterImpl-6c8aceb3-2805-42ee-9a98-c3760435b865/datanode-1/data/ratis/2651798a-eb0b-4120-9954-acc79d924ef2/in_use.lock acquired by nodename 28058@pr-hdds-1868-lzclr-202649289
2019-10-17 07:41:25,814 [pool-37-thread-1] INFO  storage.RaftStorage (RaftStorage.java:format(84)) - Storage directory /workdir/hadoop-ozone/integration-test/target/test-dir/MiniOzoneClusterImpl-6c8aceb3-2805-42ee-9a98-c3760435b865/datanode-1/data/ratis/2651798a-eb0b-4120-9954-acc79d924ef2 has been successfully formatted.
2019-10-17 07:41:25,815 [pool-37-thread-1] INFO  ratis.ContainerStateMachine (ContainerStateMachine.java:loadSnapshot(233)) - group-ACC79D924EF2: The snapshot info is null. Setting the last applied indexto:(t:0, i:~)
2019-10-17 07:41:25,815 [pool-37-thread-1] INFO  server.RaftServerConfigKeys (ConfUtils.java:logGet(43)) - raft.server.notification.no-leader.timeout = 120s (custom)
2019-10-17 07:41:25,815 [pool-37-thread-1] INFO  server.RaftServerConfigKeys (ConfUtils.java:logGet(43)) - raft.server.log.use.memory = false (default)
2019-10-17 07:41:25,815 [pool-37-thread-1] INFO  server.RaftServerConfigKeys (ConfUtils.java:logGet(43)) - raft.server.log.purge.gap = 1000000 (custom)
2019-10-17 07:41:25,816 [pool-37-thread-1] INFO  server.RaftServerConfigKeys (ConfUtils.java:logGet(43)) - raft.server.log.appender.buffer.byte-limit = 33554432 (custom)
2019-10-17 07:41:25,816 [pool-37-thread-1] INFO  server.RaftServerConfigKeys (ConfUtils.java:logGet(43)) - raft.server.log.segment.size.max = 1048576 (custom)
2019-10-17 07:41:25,819 [pool-37-thread-1] INFO  server.RaftServerConfigKeys (ConfUtils.java:logGet(43)) - raft.server.log.segment.cache.num.max = 2 (custom)
2019-10-17 07:41:25,820 [pool-37-thread-1] INFO  segmented.SegmentedRaftLogWorker (SegmentedRaftLogWorker.java:<init>(173)) - new 443b071d-6096-48d6-bfe7-498b7c8032c0@group-ACC79D924EF2-SegmentedRaftLogWorker for RaftStorage:Storage Directory /workdir/hadoop-ozone/integration-test/target/test-dir/MiniOzoneClusterImpl-6c8aceb3-2805-42ee-9a98-c3760435b865/datanode-1/data/ratis/2651798a-eb0b-4120-9954-acc79d924ef2
2019-10-17 07:41:25,820 [pool-37-thread-1] INFO  server.RaftServerConfigKeys (ConfUtils.java:logGet(43)) - raft.server.log.queue.byte-limit = 2147483647 (custom)
2019-10-17 07:41:25,820 [pool-37-thread-1] INFO  server.RaftServerConfigKeys (ConfUtils.java:logGet(43)) - raft.server.log.queue.element-limit = 1024 (custom)
2019-10-17 07:41:25,820 [pool-37-thread-1] INFO  server.RaftServerConfigKeys (ConfUtils.java:logGet(43)) - raft.server.log.segment.size.max = 1048576 (custom)
2019-10-17 07:41:25,820 [pool-37-thread-1] INFO  server.RaftServerConfigKeys (ConfUtils.java:logGet(43)) - raft.server.log.preallocated.size = 16384 (custom)
2019-10-17 07:41:25,820 [pool-37-thread-1] INFO  server.RaftServerConfigKeys (ConfUtils.java:logGet(43)) - raft.server.log.write.buffer.size = 33554432 (custom)
2019-10-17 07:41:25,820 [pool-37-thread-1] INFO  server.RaftServerConfigKeys (ConfUtils.java:logGet(43)) - raft.server.log.force.sync.num = 128 (default)
2019-10-17 07:41:25,821 [pool-37-thread-1] INFO  server.RaftServerConfigKeys (ConfUtils.java:logGet(43)) - raft.server.log.statemachine.data.sync = true (default)
2019-10-17 07:41:25,821 [pool-37-thread-1] INFO  server.RaftServerConfigKeys (ConfUtils.java:logGet(43)) - raft.server.log.statemachine.data.sync.timeout = 10s (default)
2019-10-17 07:41:25,821 [pool-37-thread-1] INFO  server.RaftServerConfigKeys (ConfUtils.java:logGet(43)) - raft.server.log.statemachine.data.sync.timeout.retry = -1 (default)
2019-10-17 07:41:25,822 [pool-37-thread-1] INFO  server.RaftServerConfigKeys (ConfUtils.java:logGet(43)) - raft.server.log.statemachine.data.caching.enabled = true (custom)
2019-10-17 07:41:25,822 [pool-37-thread-1] INFO  segmented.SegmentedRaftLogWorker (SegmentedRaftLogWorker.java:lambda$new$0(128)) - 443b071d-6096-48d6-bfe7-498b7c8032c0@group-ACC79D924EF2-SegmentedRaftLogWorker: flushIndex: setUnconditionally 0 -> -1
2019-10-17 07:41:25,822 [pool-37-thread-1] INFO  server.RaftServerConfigKeys (ConfUtils.java:logGet(43)) - raft.server.snapshot.auto.trigger.enabled = true (custom)
2019-10-17 07:41:25,822 [pool-37-thread-1] INFO  server.RaftServerConfigKeys (ConfUtils.java:logGet(43)) - raft.server.snapshot.auto.trigger.threshold = 10000 (custom)
2019-10-17 07:41:25,823 [pool-37-thread-1] INFO  server.RaftServerConfigKeys (ConfUtils.java:logGet(43)) - raft.server.snapshot.retention.file.num = 5 (custom)
2019-10-17 07:41:25,823 [pool-37-thread-1] INFO  server.RaftServerConfigKeys (ConfUtils.java:logGet(43)) - raft.server.retrycache.expirytime = 600000ms (custom)
2019-10-17 07:41:25,828 [pool-37-thread-1] INFO  impl.RaftServerImpl (RaftServerImpl.java:start(195)) - 443b071d-6096-48d6-bfe7-498b7c8032c0@group-ACC79D924EF2: start as a follower, conf=-1: [443b071d-6096-48d6-bfe7-498b7c8032c0:192.168.34.62:46516], old=null
2019-10-17 07:41:25,828 [pool-37-thread-1] INFO  impl.RaftServerImpl (RaftServerImpl.java:setRole(184)) - 443b071d-6096-48d6-bfe7-498b7c8032c0@group-ACC79D924EF2: changes role from      null to FOLLOWER at term 0 for startAsFollower
2019-10-17 07:41:25,829 [pool-37-thread-1] INFO  impl.RoleInfo (RoleInfo.java:updateAndGet(143)) - 443b071d-6096-48d6-bfe7-498b7c8032c0: start FollowerState
2019-10-17 07:41:25,829 [pool-37-thread-1] INFO  util.JmxRegister (JmxRegister.java:tryRegister(44)) - Successfully registered JMX Bean with object name Ratis:service=RaftServer,group=group-ACC79D924EF2,id=443b071d-6096-48d6-bfe7-498b7c8032c0
2019-10-17 07:41:25,841 [RatisPipelineUtilsThread] INFO  pipeline.PipelineStateManager (PipelineStateManager.java:addPipeline(55)) - Created pipeline Pipeline[ Id: 2651798a-eb0b-4120-9954-acc79d924ef2, Nodes: 443b071d-6096-48d6-bfe7-498b7c8032c0{ip: 192.168.34.62, host: pr-hdds-1868-lzclr-202649289, networkLocation: /default-rack, certSerialId: null}, Type:RATIS, Factor:ONE, State:ALLOCATED]
2019-10-17 07:41:25,853 [Thread-200] INFO  impl.FollowerState (FollowerState.java:run(108)) - cbde3520-0cea-4357-bb04-1a0ae64b2bb1@group-E7676BAFBEDD-FollowerState: change to CANDIDATE, lastRpcTime:127ms, electionTimeout:126ms
2019-10-17 07:41:25,854 [Thread-200] INFO  impl.RoleInfo (RoleInfo.java:shutdownFollowerState(121)) - cbde3520-0cea-4357-bb04-1a0ae64b2bb1: shutdown FollowerState
2019-10-17 07:41:25,854 [Thread-200] INFO  impl.RaftServerImpl (RaftServerImpl.java:setRole(184)) - cbde3520-0cea-4357-bb04-1a0ae64b2bb1@group-E7676BAFBEDD: changes role from  FOLLOWER to CANDIDATE at term 0 for changeToCandidate
2019-10-17 07:41:25,855 [Thread-200] INFO  impl.RoleInfo (RoleInfo.java:updateAndGet(143)) - cbde3520-0cea-4357-bb04-1a0ae64b2bb1: start LeaderElection
2019-10-17 07:41:25,859 [Thread-203] INFO  impl.FollowerState (FollowerState.java:run(108)) - 443b071d-6096-48d6-bfe7-498b7c8032c0@group-ACC79D924EF2-FollowerState: change to CANDIDATE, lastRpcTime:30ms, electionTimeout:28ms
2019-10-17 07:41:25,859 [grpc-default-executor-0] INFO  impl.RaftServerProxy (RaftServerProxy.java:addNew(89)) - 486e836e-12f0-4f28-9a7f-6d6b2ff2cce2: addNew group-23589E98DA8C:[486e836e-12f0-4f28-9a7f-6d6b2ff2cce2:192.168.34.62:46787] returns group-23589E98DA8C:java.util.concurrent.CompletableFuture@16a61a53[Not completed]
2019-10-17 07:41:25,859 [Thread-203] INFO  impl.RoleInfo (RoleInfo.java:shutdownFollowerState(121)) - 443b071d-6096-48d6-bfe7-498b7c8032c0: shutdown FollowerState
2019-10-17 07:41:25,860 [Thread-203] INFO  impl.RaftServerImpl (RaftServerImpl.java:setRole(184)) - 443b071d-6096-48d6-bfe7-498b7c8032c0@group-ACC79D924EF2: changes role from  FOLLOWER to CANDIDATE at term 0 for changeToCandidate
2019-10-17 07:41:25,860 [Thread-203] INFO  impl.RoleInfo (RoleInfo.java:updateAndGet(143)) - 443b071d-6096-48d6-bfe7-498b7c8032c0: start LeaderElection
2019-10-17 07:41:25,863 [pool-57-thread-1] INFO  impl.RaftServerImpl (RaftServerImpl.java:<init>(104)) - 486e836e-12f0-4f28-9a7f-6d6b2ff2cce2: new RaftServerImpl for group-23589E98DA8C:[486e836e-12f0-4f28-9a7f-6d6b2ff2cce2:192.168.34.62:46787] with ContainerStateMachine:uninitialized
2019-10-17 07:41:25,863 [pool-57-thread-1] INFO  server.RaftServerConfigKeys (ConfUtils.java:logGet(43)) - raft.server.rpc.timeout.min = 5s (custom)
2019-10-17 07:41:25,864 [pool-57-thread-1] INFO  server.RaftServerConfigKeys (ConfUtils.java:logGet(43)) - raft.server.rpc.timeout.max = 5200ms (custom)
2019-10-17 07:41:25,864 [pool-57-thread-1] INFO  server.RaftServerConfigKeys (ConfUtils.java:logGet(43)) - raft.server.rpcslowness.timeout = 120s (custom)
2019-10-17 07:41:25,864 [pool-57-thread-1] INFO  server.RaftServerConfigKeys (ConfUtils.java:logGet(43)) - raft.server.sleep.deviation.threshold = 300 (default)
2019-10-17 07:41:25,864 [pool-57-thread-1] INFO  server.RaftServerConfigKeys (ConfUtils.java:logGet(43)) - raft.server.log.appender.install.snapshot.enabled = false (custom)
2019-10-17 07:41:25,864 [pool-57-thread-1] INFO  impl.RaftServerImpl (ServerState.java:<init>(103)) - 486e836e-12f0-4f28-9a7f-6d6b2ff2cce2@group-23589E98DA8C: ConfigurationManager, init=-1: [486e836e-12f0-4f28-9a7f-6d6b2ff2cce2:192.168.34.62:46787], old=null, confs=<EMPTY_MAP>
2019-10-17 07:41:25,865 [pool-57-thread-1] INFO  server.RaftServerConfigKeys (ConfUtils.java:logGet(43)) - raft.server.storage.dir = [/workdir/hadoop-ozone/integration-test/target/test-dir/MiniOzoneClusterImpl-6c8aceb3-2805-42ee-9a98-c3760435b865/datanode-3/data/ratis] (custom)
2019-10-17 07:41:25,865 [pool-57-thread-1] INFO  server.RaftServerConfigKeys (ConfUtils.java:logGet(43)) - raft.server.log.corruption.policy = EXCEPTION (default)
2019-10-17 07:41:25,865 [pool-57-thread-1] INFO  storage.RaftStorageDirectory (RaftStorageDirectory.java:analyzeStorage(246)) - The storage directory /workdir/hadoop-ozone/integration-test/target/test-dir/MiniOzoneClusterImpl-6c8aceb3-2805-42ee-9a98-c3760435b865/datanode-3/data/ratis/de3e7e50-2637-46cd-9b7f-23589e98da8c does not exist. Creating ...
2019-10-17 07:41:25,882 [pool-57-thread-1] INFO  storage.RaftStorageDirectory (RaftStorageDirectory.java:tryLock(328)) - Lock on /workdir/hadoop-ozone/integration-test/target/test-dir/MiniOzoneClusterImpl-6c8aceb3-2805-42ee-9a98-c3760435b865/datanode-3/data/ratis/de3e7e50-2637-46cd-9b7f-23589e98da8c/in_use.lock acquired by nodename 28058@pr-hdds-1868-lzclr-202649289
2019-10-17 07:41:25,882 [443b071d-6096-48d6-bfe7-498b7c8032c0@group-ACC79D924EF2-LeaderElection3] INFO  impl.LeaderElection (LeaderElection.java:askForVotes(178)) - 443b071d-6096-48d6-bfe7-498b7c8032c0@group-ACC79D924EF2-LeaderElection3: begin an election at term 1 for -1: [443b071d-6096-48d6-bfe7-498b7c8032c0:192.168.34.62:46516], old=null
2019-10-17 07:41:25,887 [cbde3520-0cea-4357-bb04-1a0ae64b2bb1@group-E7676BAFBEDD-LeaderElection2] INFO  impl.LeaderElection (LeaderElection.java:askForVotes(178)) - cbde3520-0cea-4357-bb04-1a0ae64b2bb1@group-E7676BAFBEDD-LeaderElection2: begin an election at term 1 for -1: [cbde3520-0cea-4357-bb04-1a0ae64b2bb1:192.168.34.62:41642], old=null
2019-10-17 07:41:25,888 [443b071d-6096-48d6-bfe7-498b7c8032c0@group-ACC79D924EF2-LeaderElection3] INFO  impl.RoleInfo (RoleInfo.java:shutdownLeaderElection(134)) - 443b071d-6096-48d6-bfe7-498b7c8032c0: shutdown LeaderElection
2019-10-17 07:41:25,888 [cbde3520-0cea-4357-bb04-1a0ae64b2bb1@group-E7676BAFBEDD-LeaderElection2] INFO  impl.RoleInfo (RoleInfo.java:shutdownLeaderElection(134)) - cbde3520-0cea-4357-bb04-1a0ae64b2bb1: shutdown LeaderElection
2019-10-17 07:41:25,888 [443b071d-6096-48d6-bfe7-498b7c8032c0@group-ACC79D924EF2-LeaderElection3] INFO  impl.RaftServerImpl (RaftServerImpl.java:setRole(184)) - 443b071d-6096-48d6-bfe7-498b7c8032c0@group-ACC79D924EF2: changes role from CANDIDATE to LEADER at term 1 for changeToLeader
2019-10-17 07:41:25,888 [cbde3520-0cea-4357-bb04-1a0ae64b2bb1@group-E7676BAFBEDD-LeaderElection2] INFO  impl.RaftServerImpl (RaftServerImpl.java:setRole(184)) - cbde3520-0cea-4357-bb04-1a0ae64b2bb1@group-E7676BAFBEDD: changes role from CANDIDATE to LEADER at term 1 for changeToLeader
2019-10-17 07:41:25,888 [443b071d-6096-48d6-bfe7-498b7c8032c0@group-ACC79D924EF2-LeaderElection3] INFO  ratis.XceiverServerRatis (XceiverServerRatis.java:handleLeaderChangedNotification(699)) - Leader change notification received for group: group-ACC79D924EF2 with new leaderId: 443b071d-6096-48d6-bfe7-498b7c8032c0
2019-10-17 07:41:25,888 [cbde3520-0cea-4357-bb04-1a0ae64b2bb1@group-E7676BAFBEDD-LeaderElection2] INFO  ratis.XceiverServerRatis (XceiverServerRatis.java:handleLeaderChangedNotification(699)) - Leader change notification received for group: group-E7676BAFBEDD with new leaderId: cbde3520-0cea-4357-bb04-1a0ae64b2bb1
2019-10-17 07:41:25,889 [443b071d-6096-48d6-bfe7-498b7c8032c0@group-ACC79D924EF2-LeaderElection3] INFO  impl.RaftServerImpl (ServerState.java:setLeader(256)) - 443b071d-6096-48d6-bfe7-498b7c8032c0@group-ACC79D924EF2: change Leader from null to 443b071d-6096-48d6-bfe7-498b7c8032c0 at term 1 for becomeLeader, leader elected after 73ms
2019-10-17 07:41:25,889 [cbde3520-0cea-4357-bb04-1a0ae64b2bb1@group-E7676BAFBEDD-LeaderElection2] INFO  impl.RaftServerImpl (ServerState.java:setLeader(256)) - cbde3520-0cea-4357-bb04-1a0ae64b2bb1@group-E7676BAFBEDD: change Leader from null to cbde3520-0cea-4357-bb04-1a0ae64b2bb1 at term 1 for becomeLeader, leader elected after 209ms
2019-10-17 07:41:25,911 [pool-57-thread-1] INFO  storage.RaftStorage (RaftStorage.java:format(84)) - Storage directory /workdir/hadoop-ozone/integration-test/target/test-dir/MiniOzoneClusterImpl-6c8aceb3-2805-42ee-9a98-c3760435b865/datanode-3/data/ratis/de3e7e50-2637-46cd-9b7f-23589e98da8c has been successfully formatted.
2019-10-17 07:41:25,911 [443b071d-6096-48d6-bfe7-498b7c8032c0@group-ACC79D924EF2-LeaderElection3] INFO  server.RaftServerConfigKeys (ConfUtils.java:logGet(43)) - raft.server.staging.catchup.gap = 1000 (default)
2019-10-17 07:41:25,913 [cbde3520-0cea-4357-bb04-1a0ae64b2bb1@group-E7676BAFBEDD-LeaderElection2] INFO  server.RaftServerConfigKeys (ConfUtils.java:logGet(43)) - raft.server.staging.catchup.gap = 1000 (default)
2019-10-17 07:41:25,916 [pool-57-thread-1] INFO  ratis.ContainerStateMachine (ContainerStateMachine.java:loadSnapshot(233)) - group-23589E98DA8C: The snapshot info is null. Setting the last applied indexto:(t:0, i:~)
2019-10-17 07:41:25,916 [443b071d-6096-48d6-bfe7-498b7c8032c0@group-ACC79D924EF2-LeaderElection3] INFO  server.RaftServerConfigKeys (ConfUtils.java:logGet(43)) - raft.server.rpc.sleep.time = 25ms (default)
2019-10-17 07:41:25,916 [pool-57-thread-1] INFO  server.RaftServerConfigKeys (ConfUtils.java:logGet(43)) - raft.server.notification.no-leader.timeout = 120s (custom)
2019-10-17 07:41:25,916 [443b071d-6096-48d6-bfe7-498b7c8032c0@group-ACC79D924EF2-LeaderElection3] INFO  server.RaftServerConfigKeys (ConfUtils.java:logGet(43)) - raft.server.write.element-limit = 4096 (default)
2019-10-17 07:41:25,916 [cbde3520-0cea-4357-bb04-1a0ae64b2bb1@group-E7676BAFBEDD-LeaderElection2] INFO  server.RaftServerConfigKeys (ConfUtils.java:logGet(43)) - raft.server.rpc.sleep.time = 25ms (default)
2019-10-17 07:41:25,917 [443b071d-6096-48d6-bfe7-498b7c8032c0@group-ACC79D924EF2-LeaderElection3] INFO  server.RaftServerConfigKeys (ConfUtils.java:logGet(43)) - raft.server.watch.timeout = 10s (default)
2019-10-17 07:41:25,916 [pool-57-thread-1] INFO  server.RaftServerConfigKeys (ConfUtils.java:logGet(43)) - raft.server.log.use.memory = false (default)
2019-10-17 07:41:25,917 [cbde3520-0cea-4357-bb04-1a0ae64b2bb1@group-E7676BAFBEDD-LeaderElection2] INFO  server.RaftServerConfigKeys (ConfUtils.java:logGet(43)) - raft.server.write.element-limit = 4096 (default)
2019-10-17 07:41:25,917 [443b071d-6096-48d6-bfe7-498b7c8032c0@group-ACC79D924EF2-LeaderElection3] INFO  server.RaftServerConfigKeys (ConfUtils.java:logGet(43)) - raft.server.watch.timeout.denomination = 1s (default)
2019-10-17 07:41:25,917 [cbde3520-0cea-4357-bb04-1a0ae64b2bb1@group-E7676BAFBEDD-LeaderElection2] INFO  server.RaftServerConfigKeys (ConfUtils.java:logGet(43)) - raft.server.watch.timeout = 10s (default)
2019-10-17 07:41:25,917 [pool-57-thread-1] INFO  server.RaftServerConfigKeys (ConfUtils.java:logGet(43)) - raft.server.log.purge.gap = 1000000 (custom)
2019-10-17 07:41:25,917 [cbde3520-0cea-4357-bb04-1a0ae64b2bb1@group-E7676BAFBEDD-LeaderElection2] INFO  server.RaftServerConfigKeys (ConfUtils.java:logGet(43)) - raft.server.watch.timeout.denomination = 1s (default)
2019-10-17 07:41:25,917 [443b071d-6096-48d6-bfe7-498b7c8032c0@group-ACC79D924EF2-LeaderElection3] INFO  server.RaftServerConfigKeys (ConfUtils.java:logGet(43)) - raft.server.watch.element-limit = 65536 (default)
2019-10-17 07:41:25,918 [cbde3520-0cea-4357-bb04-1a0ae64b2bb1@group-E7676BAFBEDD-LeaderElection2] INFO  server.RaftServerConfigKeys (ConfUtils.java:logGet(43)) - raft.server.watch.element-limit = 65536 (default)
2019-10-17 07:41:25,918 [pool-57-thread-1] INFO  server.RaftServerConfigKeys (ConfUtils.java:logGet(43)) - raft.server.log.appender.buffer.byte-limit = 33554432 (custom)
2019-10-17 07:41:25,918 [pool-57-thread-1] INFO  server.RaftServerConfigKeys (ConfUtils.java:logGet(43)) - raft.server.log.segment.size.max = 1048576 (custom)
2019-10-17 07:41:25,922 [443b071d-6096-48d6-bfe7-498b7c8032c0@group-ACC79D924EF2-LeaderElection3] INFO  impl.RoleInfo (RoleInfo.java:updateAndGet(143)) - 443b071d-6096-48d6-bfe7-498b7c8032c0: start LeaderState
2019-10-17 07:41:25,922 [443b071d-6096-48d6-bfe7-498b7c8032c0@group-ACC79D924EF2-LeaderElection3] INFO  segmented.SegmentedRaftLogWorker (SegmentedRaftLogWorker.java:startLogSegment(385)) - 443b071d-6096-48d6-bfe7-498b7c8032c0@group-ACC79D924EF2-SegmentedRaftLogWorker: Starting segment from index:0
2019-10-17 07:41:25,923 [443b071d-6096-48d6-bfe7-498b7c8032c0@group-ACC79D924EF2-LeaderElection3] INFO  impl.RaftServerImpl (ServerState.java:setRaftConf(357)) - 443b071d-6096-48d6-bfe7-498b7c8032c0@group-ACC79D924EF2: set configuration 0: [443b071d-6096-48d6-bfe7-498b7c8032c0:192.168.34.62:46516], old=null at 0
2019-10-17 07:41:25,956 [40d2d32e-dd25-45df-8070-f9dc56ccf0a7@group-55D76DFF5FC3-SegmentedRaftLogWorker] INFO  segmented.SegmentedRaftLogWorker (SegmentedRaftLogWorker.java:execute(576)) - 40d2d32e-dd25-45df-8070-f9dc56ccf0a7@group-55D76DFF5FC3-SegmentedRaftLogWorker: created new log segment /workdir/hadoop-ozone/integration-test/target/test-dir/MiniOzoneClusterImpl-6c8aceb3-2805-42ee-9a98-c3760435b865/datanode-0/data/ratis/d6a016ee-a3d5-4f65-b374-55d76dff5fc3/current/log_inprogress_0
2019-10-17 07:41:25,957 [pool-57-thread-1] INFO  server.RaftServerConfigKeys (ConfUtils.java:logGet(43)) - raft.server.log.segment.cache.num.max = 2 (custom)
2019-10-17 07:41:25,957 [pool-57-thread-1] INFO  segmented.SegmentedRaftLogWorker (SegmentedRaftLogWorker.java:<init>(173)) - new 486e836e-12f0-4f28-9a7f-6d6b2ff2cce2@group-23589E98DA8C-SegmentedRaftLogWorker for RaftStorage:Storage Directory /workdir/hadoop-ozone/integration-test/target/test-dir/MiniOzoneClusterImpl-6c8aceb3-2805-42ee-9a98-c3760435b865/datanode-3/data/ratis/de3e7e50-2637-46cd-9b7f-23589e98da8c
2019-10-17 07:41:25,957 [cbde3520-0cea-4357-bb04-1a0ae64b2bb1@group-E7676BAFBEDD-LeaderElection2] INFO  impl.RoleInfo (RoleInfo.java:updateAndGet(143)) - cbde3520-0cea-4357-bb04-1a0ae64b2bb1: start LeaderState
2019-10-17 07:41:25,957 [pool-57-thread-1] INFO  server.RaftServerConfigKeys (ConfUtils.java:logGet(43)) - raft.server.log.queue.byte-limit = 2147483647 (custom)
2019-10-17 07:41:25,958 [pool-57-thread-1] INFO  server.RaftServerConfigKeys (ConfUtils.java:logGet(43)) - raft.server.log.queue.element-limit = 1024 (custom)
2019-10-17 07:41:25,958 [cbde3520-0cea-4357-bb04-1a0ae64b2bb1@group-E7676BAFBEDD-LeaderElection2] INFO  segmented.SegmentedRaftLogWorker (SegmentedRaftLogWorker.java:startLogSegment(385)) - cbde3520-0cea-4357-bb04-1a0ae64b2bb1@group-E7676BAFBEDD-SegmentedRaftLogWorker: Starting segment from index:0
2019-10-17 07:41:25,958 [pool-57-thread-1] INFO  server.RaftServerConfigKeys (ConfUtils.java:logGet(43)) - raft.server.log.segment.size.max = 1048576 (custom)
2019-10-17 07:41:25,958 [pool-57-thread-1] INFO  server.RaftServerConfigKeys (ConfUtils.java:logGet(43)) - raft.server.log.preallocated.size = 16384 (custom)
2019-10-17 07:41:25,958 [pool-57-thread-1] INFO  server.RaftServerConfigKeys (ConfUtils.java:logGet(43)) - raft.server.log.write.buffer.size = 33554432 (custom)
2019-10-17 07:41:25,958 [cbde3520-0cea-4357-bb04-1a0ae64b2bb1@group-E7676BAFBEDD-LeaderElection2] INFO  impl.RaftServerImpl (ServerState.java:setRaftConf(357)) - cbde3520-0cea-4357-bb04-1a0ae64b2bb1@group-E7676BAFBEDD: set configuration 0: [cbde3520-0cea-4357-bb04-1a0ae64b2bb1:192.168.34.62:41642], old=null at 0
2019-10-17 07:41:25,958 [pool-57-thread-1] INFO  server.RaftServerConfigKeys (ConfUtils.java:logGet(43)) - raft.server.log.force.sync.num = 128 (default)
2019-10-17 07:41:25,995 [443b071d-6096-48d6-bfe7-498b7c8032c0@group-ACC79D924EF2-SegmentedRaftLogWorker] INFO  segmented.SegmentedRaftLogWorker (SegmentedRaftLogWorker.java:execute(576)) - 443b071d-6096-48d6-bfe7-498b7c8032c0@group-ACC79D924EF2-SegmentedRaftLogWorker: created new log segment /workdir/hadoop-ozone/integration-test/target/test-dir/MiniOzoneClusterImpl-6c8aceb3-2805-42ee-9a98-c3760435b865/datanode-1/data/ratis/2651798a-eb0b-4120-9954-acc79d924ef2/current/log_inprogress_0
2019-10-17 07:41:25,996 [pool-57-thread-1] INFO  server.RaftServerConfigKeys (ConfUtils.java:logGet(43)) - raft.server.log.statemachine.data.sync = true (default)
2019-10-17 07:41:25,996 [pool-57-thread-1] INFO  server.RaftServerConfigKeys (ConfUtils.java:logGet(43)) - raft.server.log.statemachine.data.sync.timeout = 10s (default)
2019-10-17 07:41:25,996 [pool-57-thread-1] INFO  server.RaftServerConfigKeys (ConfUtils.java:logGet(43)) - raft.server.log.statemachine.data.sync.timeout.retry = -1 (default)
2019-10-17 07:41:25,997 [pool-57-thread-1] INFO  server.RaftServerConfigKeys (ConfUtils.java:logGet(43)) - raft.server.log.statemachine.data.caching.enabled = true (custom)
2019-10-17 07:41:25,999 [pool-57-thread-1] INFO  segmented.SegmentedRaftLogWorker (SegmentedRaftLogWorker.java:lambda$new$0(128)) - 486e836e-12f0-4f28-9a7f-6d6b2ff2cce2@group-23589E98DA8C-SegmentedRaftLogWorker: flushIndex: setUnconditionally 0 -> -1
2019-10-17 07:41:25,999 [pool-57-thread-1] INFO  server.RaftServerConfigKeys (ConfUtils.java:logGet(43)) - raft.server.snapshot.auto.trigger.enabled = true (custom)
2019-10-17 07:41:26,000 [pool-57-thread-1] INFO  server.RaftServerConfigKeys (ConfUtils.java:logGet(43)) - raft.server.snapshot.auto.trigger.threshold = 10000 (custom)
2019-10-17 07:41:26,000 [pool-57-thread-1] INFO  server.RaftServerConfigKeys (ConfUtils.java:logGet(43)) - raft.server.snapshot.retention.file.num = 5 (custom)
2019-10-17 07:41:26,000 [pool-57-thread-1] INFO  server.RaftServerConfigKeys (ConfUtils.java:logGet(43)) - raft.server.retrycache.expirytime = 600000ms (custom)
2019-10-17 07:41:26,006 [pool-57-thread-1] INFO  impl.RaftServerImpl (RaftServerImpl.java:start(195)) - 486e836e-12f0-4f28-9a7f-6d6b2ff2cce2@group-23589E98DA8C: start as a follower, conf=-1: [486e836e-12f0-4f28-9a7f-6d6b2ff2cce2:192.168.34.62:46787], old=null
2019-10-17 07:41:26,006 [pool-57-thread-1] INFO  impl.RaftServerImpl (RaftServerImpl.java:setRole(184)) - 486e836e-12f0-4f28-9a7f-6d6b2ff2cce2@group-23589E98DA8C: changes role from      null to FOLLOWER at term 0 for startAsFollower
2019-10-17 07:41:26,006 [pool-57-thread-1] INFO  impl.RoleInfo (RoleInfo.java:updateAndGet(143)) - 486e836e-12f0-4f28-9a7f-6d6b2ff2cce2: start FollowerState
2019-10-17 07:41:26,006 [pool-57-thread-1] INFO  util.JmxRegister (JmxRegister.java:tryRegister(44)) - Successfully registered JMX Bean with object name Ratis:service=RaftServer,group=group-23589E98DA8C,id=486e836e-12f0-4f28-9a7f-6d6b2ff2cce2
2019-10-17 07:41:26,011 [cbde3520-0cea-4357-bb04-1a0ae64b2bb1@group-E7676BAFBEDD-SegmentedRaftLogWorker] INFO  segmented.SegmentedRaftLogWorker (SegmentedRaftLogWorker.java:execute(576)) - cbde3520-0cea-4357-bb04-1a0ae64b2bb1@group-E7676BAFBEDD-SegmentedRaftLogWorker: created new log segment /workdir/hadoop-ozone/integration-test/target/test-dir/MiniOzoneClusterImpl-6c8aceb3-2805-42ee-9a98-c3760435b865/datanode-2/data/ratis/87159bcc-716e-431c-bd03-e7676bafbedd/current/log_inprogress_0
2019-10-17 07:41:26,021 [RatisPipelineUtilsThread] INFO  pipeline.PipelineStateManager (PipelineStateManager.java:addPipeline(55)) - Created pipeline Pipeline[ Id: de3e7e50-2637-46cd-9b7f-23589e98da8c, Nodes: 486e836e-12f0-4f28-9a7f-6d6b2ff2cce2{ip: 192.168.34.62, host: pr-hdds-1868-lzclr-202649289, networkLocation: /default-rack, certSerialId: null}, Type:RATIS, Factor:ONE, State:ALLOCATED]
2019-10-17 07:41:26,058 [Thread-210] INFO  impl.FollowerState (FollowerState.java:run(108)) - 486e836e-12f0-4f28-9a7f-6d6b2ff2cce2@group-23589E98DA8C-FollowerState: change to CANDIDATE, lastRpcTime:51ms, electionTimeout:49ms
2019-10-17 07:41:26,058 [Thread-210] INFO  impl.RoleInfo (RoleInfo.java:shutdownFollowerState(121)) - 486e836e-12f0-4f28-9a7f-6d6b2ff2cce2: shutdown FollowerState
2019-10-17 07:41:26,058 [Thread-210] INFO  impl.RaftServerImpl (RaftServerImpl.java:setRole(184)) - 486e836e-12f0-4f28-9a7f-6d6b2ff2cce2@group-23589E98DA8C: changes role from  FOLLOWER to CANDIDATE at term 0 for changeToCandidate
2019-10-17 07:41:26,058 [Thread-210] INFO  impl.RoleInfo (RoleInfo.java:updateAndGet(143)) - 486e836e-12f0-4f28-9a7f-6d6b2ff2cce2: start LeaderElection
2019-10-17 07:41:26,065 [grpc-default-executor-0] INFO  impl.RaftServerProxy (RaftServerProxy.java:addNew(89)) - 40d2d32e-dd25-45df-8070-f9dc56ccf0a7: addNew group-431D9A4508C5:[40d2d32e-dd25-45df-8070-f9dc56ccf0a7:192.168.34.62:41633, cbde3520-0cea-4357-bb04-1a0ae64b2bb1:192.168.34.62:41642, 443b071d-6096-48d6-bfe7-498b7c8032c0:192.168.34.62:46516] returns group-431D9A4508C5:java.util.concurrent.CompletableFuture@75c91c57[Not completed]
2019-10-17 07:41:26,065 [grpc-default-executor-2] INFO  impl.RaftServerProxy (RaftServerProxy.java:addNew(89)) - 443b071d-6096-48d6-bfe7-498b7c8032c0: addNew group-431D9A4508C5:[40d2d32e-dd25-45df-8070-f9dc56ccf0a7:192.168.34.62:41633, cbde3520-0cea-4357-bb04-1a0ae64b2bb1:192.168.34.62:41642, 443b071d-6096-48d6-bfe7-498b7c8032c0:192.168.34.62:46516] returns group-431D9A4508C5:java.util.concurrent.CompletableFuture@6e10c1fb[Not completed]
2019-10-17 07:41:26,065 [grpc-default-executor-1] INFO  impl.RaftServerProxy (RaftServerProxy.java:addNew(89)) - cbde3520-0cea-4357-bb04-1a0ae64b2bb1: addNew group-431D9A4508C5:[40d2d32e-dd25-45df-8070-f9dc56ccf0a7:192.168.34.62:41633, cbde3520-0cea-4357-bb04-1a0ae64b2bb1:192.168.34.62:41642, 443b071d-6096-48d6-bfe7-498b7c8032c0:192.168.34.62:46516] returns group-431D9A4508C5:java.util.concurrent.CompletableFuture@4a901b8e[Not completed]
2019-10-17 07:41:26,068 [pool-27-thread-1] INFO  impl.RaftServerImpl (RaftServerImpl.java:<init>(104)) - 40d2d32e-dd25-45df-8070-f9dc56ccf0a7: new RaftServerImpl for group-431D9A4508C5:[40d2d32e-dd25-45df-8070-f9dc56ccf0a7:192.168.34.62:41633, cbde3520-0cea-4357-bb04-1a0ae64b2bb1:192.168.34.62:41642, 443b071d-6096-48d6-bfe7-498b7c8032c0:192.168.34.62:46516] with ContainerStateMachine:uninitialized
2019-10-17 07:41:26,068 [pool-27-thread-1] INFO  server.RaftServerConfigKeys (ConfUtils.java:logGet(43)) - raft.server.rpc.timeout.min = 5s (custom)
2019-10-17 07:41:26,068 [pool-27-thread-1] INFO  server.RaftServerConfigKeys (ConfUtils.java:logGet(43)) - raft.server.rpc.timeout.max = 5200ms (custom)
2019-10-17 07:41:26,068 [pool-27-thread-1] INFO  server.RaftServerConfigKeys (ConfUtils.java:logGet(43)) - raft.server.rpcslowness.timeout = 120s (custom)
2019-10-17 07:41:26,068 [pool-27-thread-1] INFO  server.RaftServerConfigKeys (ConfUtils.java:logGet(43)) - raft.server.sleep.deviation.threshold = 300 (default)
2019-10-17 07:41:26,069 [pool-27-thread-1] INFO  server.RaftServerConfigKeys (ConfUtils.java:logGet(43)) - raft.server.log.appender.install.snapshot.enabled = false (custom)
2019-10-17 07:41:26,069 [pool-37-thread-1] INFO  impl.RaftServerImpl (RaftServerImpl.java:<init>(104)) - 443b071d-6096-48d6-bfe7-498b7c8032c0: new RaftServerImpl for group-431D9A4508C5:[40d2d32e-dd25-45df-8070-f9dc56ccf0a7:192.168.34.62:41633, cbde3520-0cea-4357-bb04-1a0ae64b2bb1:192.168.34.62:41642, 443b071d-6096-48d6-bfe7-498b7c8032c0:192.168.34.62:46516] with ContainerStateMachine:uninitialized
2019-10-17 07:41:26,069 [pool-27-thread-1] INFO  impl.RaftServerImpl (ServerState.java:<init>(103)) - 40d2d32e-dd25-45df-8070-f9dc56ccf0a7@group-431D9A4508C5: ConfigurationManager, init=-1: [40d2d32e-dd25-45df-8070-f9dc56ccf0a7:192.168.34.62:41633, cbde3520-0cea-4357-bb04-1a0ae64b2bb1:192.168.34.62:41642, 443b071d-6096-48d6-bfe7-498b7c8032c0:192.168.34.62:46516], old=null, confs=<EMPTY_MAP>
2019-10-17 07:41:26,069 [pool-37-thread-1] INFO  server.RaftServerConfigKeys (ConfUtils.java:logGet(43)) - raft.server.rpc.timeout.min = 5s (custom)
2019-10-17 07:41:26,069 [pool-37-thread-1] INFO  server.RaftServerConfigKeys (ConfUtils.java:logGet(43)) - raft.server.rpc.timeout.max = 5200ms (custom)
2019-10-17 07:41:26,069 [pool-27-thread-1] INFO  server.RaftServerConfigKeys (ConfUtils.java:logGet(43)) - raft.server.storage.dir = [/workdir/hadoop-ozone/integration-test/target/test-dir/MiniOzoneClusterImpl-6c8aceb3-2805-42ee-9a98-c3760435b865/datanode-0/data/ratis] (custom)
2019-10-17 07:41:26,069 [pool-37-thread-1] INFO  server.RaftServerConfigKeys (ConfUtils.java:logGet(43)) - raft.server.rpcslowness.timeout = 120s (custom)
2019-10-17 07:41:26,070 [pool-37-thread-1] INFO  server.RaftServerConfigKeys (ConfUtils.java:logGet(43)) - raft.server.sleep.deviation.threshold = 300 (default)
2019-10-17 07:41:26,070 [pool-27-thread-1] INFO  server.RaftServerConfigKeys (ConfUtils.java:logGet(43)) - raft.server.log.corruption.policy = EXCEPTION (default)
2019-10-17 07:41:26,070 [pool-37-thread-1] INFO  server.RaftServerConfigKeys (ConfUtils.java:logGet(43)) - raft.server.log.appender.install.snapshot.enabled = false (custom)
2019-10-17 07:41:26,070 [pool-47-thread-1] INFO  impl.RaftServerImpl (RaftServerImpl.java:<init>(104)) - cbde3520-0cea-4357-bb04-1a0ae64b2bb1: new RaftServerImpl for group-431D9A4508C5:[40d2d32e-dd25-45df-8070-f9dc56ccf0a7:192.168.34.62:41633, cbde3520-0cea-4357-bb04-1a0ae64b2bb1:192.168.34.62:41642, 443b071d-6096-48d6-bfe7-498b7c8032c0:192.168.34.62:46516] with ContainerStateMachine:uninitialized
2019-10-17 07:41:26,070 [pool-37-thread-1] INFO  impl.RaftServerImpl (ServerState.java:<init>(103)) - 443b071d-6096-48d6-bfe7-498b7c8032c0@group-431D9A4508C5: ConfigurationManager, init=-1: [40d2d32e-dd25-45df-8070-f9dc56ccf0a7:192.168.34.62:41633, cbde3520-0cea-4357-bb04-1a0ae64b2bb1:192.168.34.62:41642, 443b071d-6096-48d6-bfe7-498b7c8032c0:192.168.34.62:46516], old=null, confs=<EMPTY_MAP>
2019-10-17 07:41:26,070 [pool-27-thread-1] INFO  storage.RaftStorageDirectory (RaftStorageDirectory.java:analyzeStorage(246)) - The storage directory /workdir/hadoop-ozone/integration-test/target/test-dir/MiniOzoneClusterImpl-6c8aceb3-2805-42ee-9a98-c3760435b865/datanode-0/data/ratis/e0a86fe4-d440-4676-974b-431d9a4508c5 does not exist. Creating ...
2019-10-17 07:41:26,071 [pool-37-thread-1] INFO  server.RaftServerConfigKeys (ConfUtils.java:logGet(43)) - raft.server.storage.dir = [/workdir/hadoop-ozone/integration-test/target/test-dir/MiniOzoneClusterImpl-6c8aceb3-2805-42ee-9a98-c3760435b865/datanode-1/data/ratis] (custom)
2019-10-17 07:41:26,071 [pool-47-thread-1] INFO  server.RaftServerConfigKeys (ConfUtils.java:logGet(43)) - raft.server.rpc.timeout.min = 5s (custom)
2019-10-17 07:41:26,071 [pool-37-thread-1] INFO  server.RaftServerConfigKeys (ConfUtils.java:logGet(43)) - raft.server.log.corruption.policy = EXCEPTION (default)
2019-10-17 07:41:26,071 [pool-47-thread-1] INFO  server.RaftServerConfigKeys (ConfUtils.java:logGet(43)) - raft.server.rpc.timeout.max = 5200ms (custom)
2019-10-17 07:41:26,071 [pool-37-thread-1] INFO  storage.RaftStorageDirectory (RaftStorageDirectory.java:analyzeStorage(246)) - The storage directory /workdir/hadoop-ozone/integration-test/target/test-dir/MiniOzoneClusterImpl-6c8aceb3-2805-42ee-9a98-c3760435b865/datanode-1/data/ratis/e0a86fe4-d440-4676-974b-431d9a4508c5 does not exist. Creating ...
2019-10-17 07:41:26,071 [pool-47-thread-1] INFO  server.RaftServerConfigKeys (ConfUtils.java:logGet(43)) - raft.server.rpcslowness.timeout = 120s (custom)
2019-10-17 07:41:26,072 [pool-47-thread-1] INFO  server.RaftServerConfigKeys (ConfUtils.java:logGet(43)) - raft.server.sleep.deviation.threshold = 300 (default)
2019-10-17 07:41:26,072 [pool-47-thread-1] INFO  server.RaftServerConfigKeys (ConfUtils.java:logGet(43)) - raft.server.log.appender.install.snapshot.enabled = false (custom)
2019-10-17 07:41:26,072 [pool-47-thread-1] INFO  impl.RaftServerImpl (ServerState.java:<init>(103)) - cbde3520-0cea-4357-bb04-1a0ae64b2bb1@group-431D9A4508C5: ConfigurationManager, init=-1: [40d2d32e-dd25-45df-8070-f9dc56ccf0a7:192.168.34.62:41633, cbde3520-0cea-4357-bb04-1a0ae64b2bb1:192.168.34.62:41642, 443b071d-6096-48d6-bfe7-498b7c8032c0:192.168.34.62:46516], old=null, confs=<EMPTY_MAP>
2019-10-17 07:41:26,072 [pool-47-thread-1] INFO  server.RaftServerConfigKeys (ConfUtils.java:logGet(43)) - raft.server.storage.dir = [/workdir/hadoop-ozone/integration-test/target/test-dir/MiniOzoneClusterImpl-6c8aceb3-2805-42ee-9a98-c3760435b865/datanode-2/data/ratis] (custom)
2019-10-17 07:41:26,073 [pool-47-thread-1] INFO  server.RaftServerConfigKeys (ConfUtils.java:logGet(43)) - raft.server.log.corruption.policy = EXCEPTION (default)
2019-10-17 07:41:26,073 [pool-47-thread-1] INFO  storage.RaftStorageDirectory (RaftStorageDirectory.java:analyzeStorage(246)) - The storage directory /workdir/hadoop-ozone/integration-test/target/test-dir/MiniOzoneClusterImpl-6c8aceb3-2805-42ee-9a98-c3760435b865/datanode-2/data/ratis/e0a86fe4-d440-4676-974b-431d9a4508c5 does not exist. Creating ...
2019-10-17 07:41:26,093 [pool-27-thread-1] INFO  storage.RaftStorageDirectory (RaftStorageDirectory.java:tryLock(328)) - Lock on /workdir/hadoop-ozone/integration-test/target/test-dir/MiniOzoneClusterImpl-6c8aceb3-2805-42ee-9a98-c3760435b865/datanode-0/data/ratis/e0a86fe4-d440-4676-974b-431d9a4508c5/in_use.lock acquired by nodename 28058@pr-hdds-1868-lzclr-202649289
2019-10-17 07:41:26,093 [486e836e-12f0-4f28-9a7f-6d6b2ff2cce2@group-23589E98DA8C-LeaderElection4] INFO  impl.LeaderElection (LeaderElection.java:askForVotes(178)) - 486e836e-12f0-4f28-9a7f-6d6b2ff2cce2@group-23589E98DA8C-LeaderElection4: begin an election at term 1 for -1: [486e836e-12f0-4f28-9a7f-6d6b2ff2cce2:192.168.34.62:46787], old=null
2019-10-17 07:41:26,093 [pool-47-thread-1] INFO  storage.RaftStorageDirectory (RaftStorageDirectory.java:tryLock(328)) - Lock on /workdir/hadoop-ozone/integration-test/target/test-dir/MiniOzoneClusterImpl-6c8aceb3-2805-42ee-9a98-c3760435b865/datanode-2/data/ratis/e0a86fe4-d440-4676-974b-431d9a4508c5/in_use.lock acquired by nodename 28058@pr-hdds-1868-lzclr-202649289
2019-10-17 07:41:26,093 [pool-37-thread-1] INFO  storage.RaftStorageDirectory (RaftStorageDirectory.java:tryLock(328)) - Lock on /workdir/hadoop-ozone/integration-test/target/test-dir/MiniOzoneClusterImpl-6c8aceb3-2805-42ee-9a98-c3760435b865/datanode-1/data/ratis/e0a86fe4-d440-4676-974b-431d9a4508c5/in_use.lock acquired by nodename 28058@pr-hdds-1868-lzclr-202649289
2019-10-17 07:41:26,094 [486e836e-12f0-4f28-9a7f-6d6b2ff2cce2@group-23589E98DA8C-LeaderElection4] INFO  impl.RoleInfo (RoleInfo.java:shutdownLeaderElection(134)) - 486e836e-12f0-4f28-9a7f-6d6b2ff2cce2: shutdown LeaderElection
2019-10-17 07:41:26,094 [486e836e-12f0-4f28-9a7f-6d6b2ff2cce2@group-23589E98DA8C-LeaderElection4] INFO  impl.RaftServerImpl (RaftServerImpl.java:setRole(184)) - 486e836e-12f0-4f28-9a7f-6d6b2ff2cce2@group-23589E98DA8C: changes role from CANDIDATE to LEADER at term 1 for changeToLeader
2019-10-17 07:41:26,094 [486e836e-12f0-4f28-9a7f-6d6b2ff2cce2@group-23589E98DA8C-LeaderElection4] INFO  ratis.XceiverServerRatis (XceiverServerRatis.java:handleLeaderChangedNotification(699)) - Leader change notification received for group: group-23589E98DA8C with new leaderId: 486e836e-12f0-4f28-9a7f-6d6b2ff2cce2
2019-10-17 07:41:26,095 [486e836e-12f0-4f28-9a7f-6d6b2ff2cce2@group-23589E98DA8C-LeaderElection4] INFO  impl.RaftServerImpl (ServerState.java:setLeader(256)) - 486e836e-12f0-4f28-9a7f-6d6b2ff2cce2@group-23589E98DA8C: change Leader from null to 486e836e-12f0-4f28-9a7f-6d6b2ff2cce2 at term 1 for becomeLeader, leader elected after 178ms
2019-10-17 07:41:26,096 [486e836e-12f0-4f28-9a7f-6d6b2ff2cce2@group-23589E98DA8C-LeaderElection4] INFO  server.RaftServerConfigKeys (ConfUtils.java:logGet(43)) - raft.server.staging.catchup.gap = 1000 (default)
2019-10-17 07:41:26,096 [486e836e-12f0-4f28-9a7f-6d6b2ff2cce2@group-23589E98DA8C-LeaderElection4] INFO  server.RaftServerConfigKeys (ConfUtils.java:logGet(43)) - raft.server.rpc.sleep.time = 25ms (default)
2019-10-17 07:41:26,098 [486e836e-12f0-4f28-9a7f-6d6b2ff2cce2@group-23589E98DA8C-LeaderElection4] INFO  server.RaftServerConfigKeys (ConfUtils.java:logGet(43)) - raft.server.write.element-limit = 4096 (default)
2019-10-17 07:41:26,098 [486e836e-12f0-4f28-9a7f-6d6b2ff2cce2@group-23589E98DA8C-LeaderElection4] INFO  server.RaftServerConfigKeys (ConfUtils.java:logGet(43)) - raft.server.watch.timeout = 10s (default)
2019-10-17 07:41:26,099 [486e836e-12f0-4f28-9a7f-6d6b2ff2cce2@group-23589E98DA8C-LeaderElection4] INFO  server.RaftServerConfigKeys (ConfUtils.java:logGet(43)) - raft.server.watch.timeout.denomination = 1s (default)
2019-10-17 07:41:26,099 [486e836e-12f0-4f28-9a7f-6d6b2ff2cce2@group-23589E98DA8C-LeaderElection4] INFO  server.RaftServerConfigKeys (ConfUtils.java:logGet(43)) - raft.server.watch.element-limit = 65536 (default)
2019-10-17 07:41:26,102 [486e836e-12f0-4f28-9a7f-6d6b2ff2cce2@group-23589E98DA8C-LeaderElection4] INFO  impl.RoleInfo (RoleInfo.java:updateAndGet(143)) - 486e836e-12f0-4f28-9a7f-6d6b2ff2cce2: start LeaderState
2019-10-17 07:41:26,103 [486e836e-12f0-4f28-9a7f-6d6b2ff2cce2@group-23589E98DA8C-LeaderElection4] INFO  segmented.SegmentedRaftLogWorker (SegmentedRaftLogWorker.java:startLogSegment(385)) - 486e836e-12f0-4f28-9a7f-6d6b2ff2cce2@group-23589E98DA8C-SegmentedRaftLogWorker: Starting segment from index:0
2019-10-17 07:41:26,104 [486e836e-12f0-4f28-9a7f-6d6b2ff2cce2@group-23589E98DA8C-LeaderElection4] INFO  impl.RaftServerImpl (ServerState.java:setRaftConf(357)) - 486e836e-12f0-4f28-9a7f-6d6b2ff2cce2@group-23589E98DA8C: set configuration 0: [486e836e-12f0-4f28-9a7f-6d6b2ff2cce2:192.168.34.62:46787], old=null at 0
2019-10-17 07:41:26,142 [pool-27-thread-1] INFO  storage.RaftStorage (RaftStorage.java:format(84)) - Storage directory /workdir/hadoop-ozone/integration-test/target/test-dir/MiniOzoneClusterImpl-6c8aceb3-2805-42ee-9a98-c3760435b865/datanode-0/data/ratis/e0a86fe4-d440-4676-974b-431d9a4508c5 has been successfully formatted.
2019-10-17 07:41:26,142 [pool-47-thread-1] INFO  storage.RaftStorage (RaftStorage.java:format(84)) - Storage directory /workdir/hadoop-ozone/integration-test/target/test-dir/MiniOzoneClusterImpl-6c8aceb3-2805-42ee-9a98-c3760435b865/datanode-2/data/ratis/e0a86fe4-d440-4676-974b-431d9a4508c5 has been successfully formatted.
2019-10-17 07:41:26,142 [pool-27-thread-1] INFO  ratis.ContainerStateMachine (ContainerStateMachine.java:loadSnapshot(233)) - group-431D9A4508C5: The snapshot info is null. Setting the last applied indexto:(t:0, i:~)
2019-10-17 07:41:26,142 [pool-37-thread-1] INFO  storage.RaftStorage (RaftStorage.java:format(84)) - Storage directory /workdir/hadoop-ozone/integration-test/target/test-dir/MiniOzoneClusterImpl-6c8aceb3-2805-42ee-9a98-c3760435b865/datanode-1/data/ratis/e0a86fe4-d440-4676-974b-431d9a4508c5 has been successfully formatted.
2019-10-17 07:41:26,142 [pool-27-thread-1] INFO  server.RaftServerConfigKeys (ConfUtils.java:logGet(43)) - raft.server.notification.no-leader.timeout = 120s (custom)
2019-10-17 07:41:26,143 [pool-47-thread-1] INFO  ratis.ContainerStateMachine (ContainerStateMachine.java:loadSnapshot(233)) - group-431D9A4508C5: The snapshot info is null. Setting the last applied indexto:(t:0, i:~)
2019-10-17 07:41:26,143 [pool-37-thread-1] INFO  ratis.ContainerStateMachine (ContainerStateMachine.java:loadSnapshot(233)) - group-431D9A4508C5: The snapshot info is null. Setting the last applied indexto:(t:0, i:~)
2019-10-17 07:41:26,143 [pool-27-thread-1] INFO  server.RaftServerConfigKeys (ConfUtils.java:logGet(43)) - raft.server.log.use.memory = false (default)
2019-10-17 07:41:26,143 [pool-47-thread-1] INFO  server.RaftServerConfigKeys (ConfUtils.java:logGet(43)) - raft.server.notification.no-leader.timeout = 120s (custom)
2019-10-17 07:41:26,143 [pool-27-thread-1] INFO  server.RaftServerConfigKeys (ConfUtils.java:logGet(43)) - raft.server.log.purge.gap = 1000000 (custom)
2019-10-17 07:41:26,143 [pool-37-thread-1] INFO  server.RaftServerConfigKeys (ConfUtils.java:logGet(43)) - raft.server.notification.no-leader.timeout = 120s (custom)
2019-10-17 07:41:26,144 [pool-27-thread-1] INFO  server.RaftServerConfigKeys (ConfUtils.java:logGet(43)) - raft.server.log.appender.buffer.byte-limit = 33554432 (custom)
2019-10-17 07:41:26,144 [pool-47-thread-1] INFO  server.RaftServerConfigKeys (ConfUtils.java:logGet(43)) - raft.server.log.use.memory = false (default)
2019-10-17 07:41:26,144 [pool-27-thread-1] INFO  server.RaftServerConfigKeys (ConfUtils.java:logGet(43)) - raft.server.log.segment.size.max = 1048576 (custom)
2019-10-17 07:41:26,144 [pool-37-thread-1] INFO  server.RaftServerConfigKeys (ConfUtils.java:logGet(43)) - raft.server.log.use.memory = false (default)
2019-10-17 07:41:26,144 [pool-27-thread-1] INFO  server.RaftServerConfigKeys (ConfUtils.java:logGet(43)) - raft.server.log.segment.cache.num.max = 2 (custom)
2019-10-17 07:41:26,144 [pool-47-thread-1] INFO  server.RaftServerConfigKeys (ConfUtils.java:logGet(43)) - raft.server.log.purge.gap = 1000000 (custom)
2019-10-17 07:41:26,145 [pool-27-thread-1] INFO  segmented.SegmentedRaftLogWorker (SegmentedRaftLogWorker.java:<init>(173)) - new 40d2d32e-dd25-45df-8070-f9dc56ccf0a7@group-431D9A4508C5-SegmentedRaftLogWorker for RaftStorage:Storage Directory /workdir/hadoop-ozone/integration-test/target/test-dir/MiniOzoneClusterImpl-6c8aceb3-2805-42ee-9a98-c3760435b865/datanode-0/data/ratis/e0a86fe4-d440-4676-974b-431d9a4508c5
2019-10-17 07:41:26,144 [pool-37-thread-1] INFO  server.RaftServerConfigKeys (ConfUtils.java:logGet(43)) - raft.server.log.purge.gap = 1000000 (custom)
2019-10-17 07:41:26,145 [pool-27-thread-1] INFO  server.RaftServerConfigKeys (ConfUtils.java:logGet(43)) - raft.server.log.queue.byte-limit = 2147483647 (custom)
2019-10-17 07:41:26,145 [pool-47-thread-1] INFO  server.RaftServerConfigKeys (ConfUtils.java:logGet(43)) - raft.server.log.appender.buffer.byte-limit = 33554432 (custom)
2019-10-17 07:41:26,145 [pool-27-thread-1] INFO  server.RaftServerConfigKeys (ConfUtils.java:logGet(43)) - raft.server.log.queue.element-limit = 1024 (custom)
2019-10-17 07:41:26,145 [pool-37-thread-1] INFO  server.RaftServerConfigKeys (ConfUtils.java:logGet(43)) - raft.server.log.appender.buffer.byte-limit = 33554432 (custom)
2019-10-17 07:41:26,146 [pool-27-thread-1] INFO  server.RaftServerConfigKeys (ConfUtils.java:logGet(43)) - raft.server.log.segment.size.max = 1048576 (custom)
2019-10-17 07:41:26,145 [pool-47-thread-1] INFO  server.RaftServerConfigKeys (ConfUtils.java:logGet(43)) - raft.server.log.segment.size.max = 1048576 (custom)
2019-10-17 07:41:26,146 [pool-27-thread-1] INFO  server.RaftServerConfigKeys (ConfUtils.java:logGet(43)) - raft.server.log.preallocated.size = 16384 (custom)
2019-10-17 07:41:26,146 [pool-37-thread-1] INFO  server.RaftServerConfigKeys (ConfUtils.java:logGet(43)) - raft.server.log.segment.size.max = 1048576 (custom)
2019-10-17 07:41:26,146 [pool-27-thread-1] INFO  server.RaftServerConfigKeys (ConfUtils.java:logGet(43)) - raft.server.log.write.buffer.size = 33554432 (custom)
2019-10-17 07:41:26,146 [pool-47-thread-1] INFO  server.RaftServerConfigKeys (ConfUtils.java:logGet(43)) - raft.server.log.segment.cache.num.max = 2 (custom)
2019-10-17 07:41:26,147 [pool-27-thread-1] INFO  server.RaftServerConfigKeys (ConfUtils.java:logGet(43)) - raft.server.log.force.sync.num = 128 (default)
2019-10-17 07:41:26,146 [pool-37-thread-1] INFO  server.RaftServerConfigKeys (ConfUtils.java:logGet(43)) - raft.server.log.segment.cache.num.max = 2 (custom)
2019-10-17 07:41:26,147 [pool-27-thread-1] INFO  server.RaftServerConfigKeys (ConfUtils.java:logGet(43)) - raft.server.log.statemachine.data.sync = true (default)
2019-10-17 07:41:26,147 [pool-47-thread-1] INFO  segmented.SegmentedRaftLogWorker (SegmentedRaftLogWorker.java:<init>(173)) - new cbde3520-0cea-4357-bb04-1a0ae64b2bb1@group-431D9A4508C5-SegmentedRaftLogWorker for RaftStorage:Storage Directory /workdir/hadoop-ozone/integration-test/target/test-dir/MiniOzoneClusterImpl-6c8aceb3-2805-42ee-9a98-c3760435b865/datanode-2/data/ratis/e0a86fe4-d440-4676-974b-431d9a4508c5
2019-10-17 07:41:26,147 [pool-27-thread-1] INFO  server.RaftServerConfigKeys (ConfUtils.java:logGet(43)) - raft.server.log.statemachine.data.sync.timeout = 10s (default)
2019-10-17 07:41:26,147 [pool-37-thread-1] INFO  segmented.SegmentedRaftLogWorker (SegmentedRaftLogWorker.java:<init>(173)) - new 443b071d-6096-48d6-bfe7-498b7c8032c0@group-431D9A4508C5-SegmentedRaftLogWorker for RaftStorage:Storage Directory /workdir/hadoop-ozone/integration-test/target/test-dir/MiniOzoneClusterImpl-6c8aceb3-2805-42ee-9a98-c3760435b865/datanode-1/data/ratis/e0a86fe4-d440-4676-974b-431d9a4508c5
2019-10-17 07:41:26,148 [pool-27-thread-1] INFO  server.RaftServerConfigKeys (ConfUtils.java:logGet(43)) - raft.server.log.statemachine.data.sync.timeout.retry = -1 (default)
2019-10-17 07:41:26,147 [pool-47-thread-1] INFO  server.RaftServerConfigKeys (ConfUtils.java:logGet(43)) - raft.server.log.queue.byte-limit = 2147483647 (custom)
2019-10-17 07:41:26,148 [pool-27-thread-1] INFO  server.RaftServerConfigKeys (ConfUtils.java:logGet(43)) - raft.server.log.statemachine.data.caching.enabled = true (custom)
2019-10-17 07:41:26,148 [pool-37-thread-1] INFO  server.RaftServerConfigKeys (ConfUtils.java:logGet(43)) - raft.server.log.queue.byte-limit = 2147483647 (custom)
2019-10-17 07:41:26,148 [pool-47-thread-1] INFO  server.RaftServerConfigKeys (ConfUtils.java:logGet(43)) - raft.server.log.queue.element-limit = 1024 (custom)
2019-10-17 07:41:26,149 [pool-37-thread-1] INFO  server.RaftServerConfigKeys (ConfUtils.java:logGet(43)) - raft.server.log.queue.element-limit = 1024 (custom)
2019-10-17 07:41:26,149 [pool-27-thread-1] INFO  segmented.SegmentedRaftLogWorker (SegmentedRaftLogWorker.java:lambda$new$0(128)) - 40d2d32e-dd25-45df-8070-f9dc56ccf0a7@group-431D9A4508C5-SegmentedRaftLogWorker: flushIndex: setUnconditionally 0 -> -1
2019-10-17 07:41:26,149 [pool-37-thread-1] INFO  server.RaftServerConfigKeys (ConfUtils.java:logGet(43)) - raft.server.log.segment.size.max = 1048576 (custom)
2019-10-17 07:41:26,149 [pool-47-thread-1] INFO  server.RaftServerConfigKeys (ConfUtils.java:logGet(43)) - raft.server.log.segment.size.max = 1048576 (custom)
2019-10-17 07:41:26,149 [pool-27-thread-1] INFO  server.RaftServerConfigKeys (ConfUtils.java:logGet(43)) - raft.server.snapshot.auto.trigger.enabled = true (custom)
2019-10-17 07:41:26,149 [pool-37-thread-1] INFO  server.RaftServerConfigKeys (ConfUtils.java:logGet(43)) - raft.server.log.preallocated.size = 16384 (custom)
2019-10-17 07:41:26,150 [pool-27-thread-1] INFO  server.RaftServerConfigKeys (ConfUtils.java:logGet(43)) - raft.server.snapshot.auto.trigger.threshold = 10000 (custom)
2019-10-17 07:41:26,150 [pool-47-thread-1] INFO  server.RaftServerConfigKeys (ConfUtils.java:logGet(43)) - raft.server.log.preallocated.size = 16384 (custom)
2019-10-17 07:41:26,150 [pool-27-thread-1] INFO  server.RaftServerConfigKeys (ConfUtils.java:logGet(43)) - raft.server.snapshot.retention.file.num = 5 (custom)
2019-10-17 07:41:26,150 [pool-37-thread-1] INFO  server.RaftServerConfigKeys (ConfUtils.java:logGet(43)) - raft.server.log.write.buffer.size = 33554432 (custom)
2019-10-17 07:41:26,151 [pool-27-thread-1] INFO  server.RaftServerConfigKeys (ConfUtils.java:logGet(43)) - raft.server.retrycache.expirytime = 600000ms (custom)
2019-10-17 07:41:26,150 [pool-47-thread-1] INFO  server.RaftServerConfigKeys (ConfUtils.java:logGet(43)) - raft.server.log.write.buffer.size = 33554432 (custom)
2019-10-17 07:41:26,151 [pool-37-thread-1] INFO  server.RaftServerConfigKeys (ConfUtils.java:logGet(43)) - raft.server.log.force.sync.num = 128 (default)
2019-10-17 07:41:26,151 [pool-47-thread-1] INFO  server.RaftServerConfigKeys (ConfUtils.java:logGet(43)) - raft.server.log.force.sync.num = 128 (default)
2019-10-17 07:41:26,151 [pool-37-thread-1] INFO  server.RaftServerConfigKeys (ConfUtils.java:logGet(43)) - raft.server.log.statemachine.data.sync = true (default)
2019-10-17 07:41:26,152 [pool-47-thread-1] INFO  server.RaftServerConfigKeys (ConfUtils.java:logGet(43)) - raft.server.log.statemachine.data.sync = true (default)
2019-10-17 07:41:26,152 [pool-37-thread-1] INFO  server.RaftServerConfigKeys (ConfUtils.java:logGet(43)) - raft.server.log.statemachine.data.sync.timeout = 10s (default)
2019-10-17 07:41:26,152 [pool-47-thread-1] INFO  server.RaftServerConfigKeys (ConfUtils.java:logGet(43)) - raft.server.log.statemachine.data.sync.timeout = 10s (default)
2019-10-17 07:41:26,152 [pool-37-thread-1] INFO  server.RaftServerConfigKeys (ConfUtils.java:logGet(43)) - raft.server.log.statemachine.data.sync.timeout.retry = -1 (default)
2019-10-17 07:41:26,152 [pool-47-thread-1] INFO  server.RaftServerConfigKeys (ConfUtils.java:logGet(43)) - raft.server.log.statemachine.data.sync.timeout.retry = -1 (default)
2019-10-17 07:41:26,153 [pool-37-thread-1] INFO  server.RaftServerConfigKeys (ConfUtils.java:logGet(43)) - raft.server.log.statemachine.data.caching.enabled = true (custom)
2019-10-17 07:41:26,153 [pool-47-thread-1] INFO  server.RaftServerConfigKeys (ConfUtils.java:logGet(43)) - raft.server.log.statemachine.data.caching.enabled = true (custom)
2019-10-17 07:41:26,154 [pool-27-thread-1] INFO  impl.RaftServerImpl (RaftServerImpl.java:start(195)) - 40d2d32e-dd25-45df-8070-f9dc56ccf0a7@group-431D9A4508C5: start as a follower, conf=-1: [40d2d32e-dd25-45df-8070-f9dc56ccf0a7:192.168.34.62:41633, cbde3520-0cea-4357-bb04-1a0ae64b2bb1:192.168.34.62:41642, 443b071d-6096-48d6-bfe7-498b7c8032c0:192.168.34.62:46516], old=null
2019-10-17 07:41:26,154 [pool-47-thread-1] INFO  segmented.SegmentedRaftLogWorker (SegmentedRaftLogWorker.java:lambda$new$0(128)) - cbde3520-0cea-4357-bb04-1a0ae64b2bb1@group-431D9A4508C5-SegmentedRaftLogWorker: flushIndex: setUnconditionally 0 -> -1
2019-10-17 07:41:26,154 [pool-37-thread-1] INFO  segmented.SegmentedRaftLogWorker (SegmentedRaftLogWorker.java:lambda$new$0(128)) - 443b071d-6096-48d6-bfe7-498b7c8032c0@group-431D9A4508C5-SegmentedRaftLogWorker: flushIndex: setUnconditionally 0 -> -1
2019-10-17 07:41:26,154 [pool-27-thread-1] INFO  impl.RaftServerImpl (RaftServerImpl.java:setRole(184)) - 40d2d32e-dd25-45df-8070-f9dc56ccf0a7@group-431D9A4508C5: changes role from      null to FOLLOWER at term 0 for startAsFollower
2019-10-17 07:41:26,154 [pool-47-thread-1] INFO  server.RaftServerConfigKeys (ConfUtils.java:logGet(43)) - raft.server.snapshot.auto.trigger.enabled = true (custom)
2019-10-17 07:41:26,154 [486e836e-12f0-4f28-9a7f-6d6b2ff2cce2@group-23589E98DA8C-SegmentedRaftLogWorker] INFO  segmented.SegmentedRaftLogWorker (SegmentedRaftLogWorker.java:execute(576)) - 486e836e-12f0-4f28-9a7f-6d6b2ff2cce2@group-23589E98DA8C-SegmentedRaftLogWorker: created new log segment /workdir/hadoop-ozone/integration-test/target/test-dir/MiniOzoneClusterImpl-6c8aceb3-2805-42ee-9a98-c3760435b865/datanode-3/data/ratis/de3e7e50-2637-46cd-9b7f-23589e98da8c/current/log_inprogress_0
2019-10-17 07:41:26,155 [pool-47-thread-1] INFO  server.RaftServerConfigKeys (ConfUtils.java:logGet(43)) - raft.server.snapshot.auto.trigger.threshold = 10000 (custom)
2019-10-17 07:41:26,155 [pool-37-thread-1] INFO  server.RaftServerConfigKeys (ConfUtils.java:logGet(43)) - raft.server.snapshot.auto.trigger.enabled = true (custom)
2019-10-17 07:41:26,155 [pool-27-thread-1] INFO  impl.RoleInfo (RoleInfo.java:updateAndGet(143)) - 40d2d32e-dd25-45df-8070-f9dc56ccf0a7: start FollowerState
2019-10-17 07:41:26,155 [pool-37-thread-1] INFO  server.RaftServerConfigKeys (ConfUtils.java:logGet(43)) - raft.server.snapshot.auto.trigger.threshold = 10000 (custom)
2019-10-17 07:41:26,155 [pool-47-thread-1] INFO  server.RaftServerConfigKeys (ConfUtils.java:logGet(43)) - raft.server.snapshot.retention.file.num = 5 (custom)
2019-10-17 07:41:26,156 [pool-27-thread-1] INFO  util.JmxRegister (JmxRegister.java:tryRegister(44)) - Successfully registered JMX Bean with object name Ratis:service=RaftServer,group=group-431D9A4508C5,id=40d2d32e-dd25-45df-8070-f9dc56ccf0a7
2019-10-17 07:41:26,156 [pool-37-thread-1] INFO  server.RaftServerConfigKeys (ConfUtils.java:logGet(43)) - raft.server.snapshot.retention.file.num = 5 (custom)
2019-10-17 07:41:26,156 [pool-47-thread-1] INFO  server.RaftServerConfigKeys (ConfUtils.java:logGet(43)) - raft.server.retrycache.expirytime = 600000ms (custom)
2019-10-17 07:41:26,156 [pool-37-thread-1] INFO  server.RaftServerConfigKeys (ConfUtils.java:logGet(43)) - raft.server.retrycache.expirytime = 600000ms (custom)
2019-10-17 07:41:26,162 [pool-37-thread-1] INFO  impl.RaftServerImpl (RaftServerImpl.java:start(195)) - 443b071d-6096-48d6-bfe7-498b7c8032c0@group-431D9A4508C5: start as a follower, conf=-1: [40d2d32e-dd25-45df-8070-f9dc56ccf0a7:192.168.34.62:41633, cbde3520-0cea-4357-bb04-1a0ae64b2bb1:192.168.34.62:41642, 443b071d-6096-48d6-bfe7-498b7c8032c0:192.168.34.62:46516], old=null
2019-10-17 07:41:26,163 [pool-37-thread-1] INFO  impl.RaftServerImpl (RaftServerImpl.java:setRole(184)) - 443b071d-6096-48d6-bfe7-498b7c8032c0@group-431D9A4508C5: changes role from      null to FOLLOWER at term 0 for startAsFollower
2019-10-17 07:41:26,163 [pool-47-thread-1] INFO  impl.RaftServerImpl (RaftServerImpl.java:start(195)) - cbde3520-0cea-4357-bb04-1a0ae64b2bb1@group-431D9A4508C5: start as a follower, conf=-1: [40d2d32e-dd25-45df-8070-f9dc56ccf0a7:192.168.34.62:41633, cbde3520-0cea-4357-bb04-1a0ae64b2bb1:192.168.34.62:41642, 443b071d-6096-48d6-bfe7-498b7c8032c0:192.168.34.62:46516], old=null
2019-10-17 07:41:26,163 [pool-37-thread-1] INFO  impl.RoleInfo (RoleInfo.java:updateAndGet(143)) - 443b071d-6096-48d6-bfe7-498b7c8032c0: start FollowerState
2019-10-17 07:41:26,163 [pool-47-thread-1] INFO  impl.RaftServerImpl (RaftServerImpl.java:setRole(184)) - cbde3520-0cea-4357-bb04-1a0ae64b2bb1@group-431D9A4508C5: changes role from      null to FOLLOWER at term 0 for startAsFollower
2019-10-17 07:41:26,165 [pool-47-thread-1] INFO  impl.RoleInfo (RoleInfo.java:updateAndGet(143)) - cbde3520-0cea-4357-bb04-1a0ae64b2bb1: start FollowerState
2019-10-17 07:41:26,165 [pool-37-thread-1] INFO  util.JmxRegister (JmxRegister.java:tryRegister(44)) - Successfully registered JMX Bean with object name Ratis:service=RaftServer,group=group-431D9A4508C5,id=443b071d-6096-48d6-bfe7-498b7c8032c0
2019-10-17 07:41:26,165 [pool-47-thread-1] INFO  util.JmxRegister (JmxRegister.java:tryRegister(44)) - Successfully registered JMX Bean with object name Ratis:service=RaftServer,group=group-431D9A4508C5,id=cbde3520-0cea-4357-bb04-1a0ae64b2bb1
2019-10-17 07:41:26,191 [RatisPipelineUtilsThread] INFO  pipeline.PipelineStateManager (PipelineStateManager.java:addPipeline(55)) - Created pipeline Pipeline[ Id: e0a86fe4-d440-4676-974b-431d9a4508c5, Nodes: 40d2d32e-dd25-45df-8070-f9dc56ccf0a7{ip: 192.168.34.62, host: pr-hdds-1868-lzclr-202649289, networkLocation: /default-rack, certSerialId: null}cbde3520-0cea-4357-bb04-1a0ae64b2bb1{ip: 192.168.34.62, host: pr-hdds-1868-lzclr-202649289, networkLocation: /default-rack, certSerialId: null}443b071d-6096-48d6-bfe7-498b7c8032c0{ip: 192.168.34.62, host: pr-hdds-1868-lzclr-202649289, networkLocation: /default-rack, certSerialId: null}, Type:RATIS, Factor:THREE, State:ALLOCATED]
2019-10-17 07:41:26,193 [EventQueue-PipelineReportForPipelineReportHandler] INFO  pipeline.PipelineReportHandler (PipelineReportHandler.java:processPipelineReport(119)) - Pipeline PipelineID=d6a016ee-a3d5-4f65-b374-55d76dff5fc3 reported by 40d2d32e-dd25-45df-8070-f9dc56ccf0a7{ip: 192.168.34.62, host: pr-hdds-1868-lzclr-202649289, networkLocation: /default-rack, certSerialId: null} with leaderId 40d2d32e-dd25-45df-8070-f9dc56ccf0a7
2019-10-17 07:41:26,194 [main] INFO  ozone.MiniOzoneClusterImpl (MiniOzoneClusterImpl.java:lambda$waitForClusterToBeReady$2(164)) - Waiting for 5 number of pipelines out of 5, to report a leader.
2019-10-17 07:41:26,202 [EventQueue-PipelineReportForPipelineReportHandler] INFO  pipeline.PipelineStateManager (PipelineStateManager.java:openPipeline(134)) - Pipeline Pipeline[ Id: d6a016ee-a3d5-4f65-b374-55d76dff5fc3, Nodes: 40d2d32e-dd25-45df-8070-f9dc56ccf0a7{ip: 192.168.34.62, host: pr-hdds-1868-lzclr-202649289, networkLocation: /default-rack, certSerialId: null}, Type:RATIS, Factor:ONE, State:OPEN] moved to OPEN state
2019-10-17 07:41:26,202 [EventQueue-PipelineReportForPipelineReportHandler] INFO  pipeline.PipelineReportHandler (PipelineReportHandler.java:processPipelineReport(119)) - Pipeline PipelineID=2651798a-eb0b-4120-9954-acc79d924ef2 reported by 443b071d-6096-48d6-bfe7-498b7c8032c0{ip: 192.168.34.62, host: pr-hdds-1868-lzclr-202649289, networkLocation: /default-rack, certSerialId: null} with leaderId 443b071d-6096-48d6-bfe7-498b7c8032c0
2019-10-17 07:41:26,203 [EventQueue-PipelineReportForPipelineReportHandler] INFO  pipeline.PipelineStateManager (PipelineStateManager.java:openPipeline(134)) - Pipeline Pipeline[ Id: 2651798a-eb0b-4120-9954-acc79d924ef2, Nodes: 443b071d-6096-48d6-bfe7-498b7c8032c0{ip: 192.168.34.62, host: pr-hdds-1868-lzclr-202649289, networkLocation: /default-rack, certSerialId: null}, Type:RATIS, Factor:ONE, State:OPEN] moved to OPEN state
2019-10-17 07:41:26,203 [EventQueue-PipelineReportForPipelineReportHandler] INFO  pipeline.PipelineReportHandler (PipelineReportHandler.java:processPipelineReport(119)) - Pipeline PipelineID=87159bcc-716e-431c-bd03-e7676bafbedd reported by cbde3520-0cea-4357-bb04-1a0ae64b2bb1{ip: 192.168.34.62, host: pr-hdds-1868-lzclr-202649289, networkLocation: /default-rack, certSerialId: null} with leaderId cbde3520-0cea-4357-bb04-1a0ae64b2bb1
2019-10-17 07:41:26,204 [EventQueue-PipelineReportForPipelineReportHandler] INFO  pipeline.PipelineStateManager (PipelineStateManager.java:openPipeline(134)) - Pipeline Pipeline[ Id: 87159bcc-716e-431c-bd03-e7676bafbedd, Nodes: cbde3520-0cea-4357-bb04-1a0ae64b2bb1{ip: 192.168.34.62, host: pr-hdds-1868-lzclr-202649289, networkLocation: /default-rack, certSerialId: null}, Type:RATIS, Factor:ONE, State:OPEN] moved to OPEN state
2019-10-17 07:41:26,204 [EventQueue-PipelineReportForPipelineReportHandler] INFO  pipeline.PipelineReportHandler (PipelineReportHandler.java:processPipelineReport(119)) - Pipeline PipelineID=de3e7e50-2637-46cd-9b7f-23589e98da8c reported by 486e836e-12f0-4f28-9a7f-6d6b2ff2cce2{ip: 192.168.34.62, host: pr-hdds-1868-lzclr-202649289, networkLocation: /default-rack, certSerialId: null} with leaderId 486e836e-12f0-4f28-9a7f-6d6b2ff2cce2
2019-10-17 07:41:26,204 [EventQueue-PipelineReportForPipelineReportHandler] INFO  pipeline.PipelineStateManager (PipelineStateManager.java:openPipeline(134)) - Pipeline Pipeline[ Id: de3e7e50-2637-46cd-9b7f-23589e98da8c, Nodes: 486e836e-12f0-4f28-9a7f-6d6b2ff2cce2{ip: 192.168.34.62, host: pr-hdds-1868-lzclr-202649289, networkLocation: /default-rack, certSerialId: null}, Type:RATIS, Factor:ONE, State:OPEN] moved to OPEN state
2019-10-17 07:41:26,243 [Thread-219] INFO  impl.FollowerState (FollowerState.java:run(108)) - 443b071d-6096-48d6-bfe7-498b7c8032c0@group-431D9A4508C5-FollowerState: change to CANDIDATE, lastRpcTime:79ms, electionTimeout:78ms
2019-10-17 07:41:26,243 [Thread-219] INFO  impl.RoleInfo (RoleInfo.java:shutdownFollowerState(121)) - 443b071d-6096-48d6-bfe7-498b7c8032c0: shutdown FollowerState
2019-10-17 07:41:26,243 [Thread-219] INFO  impl.RaftServerImpl (RaftServerImpl.java:setRole(184)) - 443b071d-6096-48d6-bfe7-498b7c8032c0@group-431D9A4508C5: changes role from  FOLLOWER to CANDIDATE at term 0 for changeToCandidate
2019-10-17 07:41:26,244 [Thread-219] INFO  impl.RoleInfo (RoleInfo.java:updateAndGet(143)) - 443b071d-6096-48d6-bfe7-498b7c8032c0: start LeaderElection
2019-10-17 07:41:26,269 [443b071d-6096-48d6-bfe7-498b7c8032c0@group-431D9A4508C5-LeaderElection5] INFO  impl.LeaderElection (LeaderElection.java:askForVotes(178)) - 443b071d-6096-48d6-bfe7-498b7c8032c0@group-431D9A4508C5-LeaderElection5: begin an election at term 1 for -1: [40d2d32e-dd25-45df-8070-f9dc56ccf0a7:192.168.34.62:41633, cbde3520-0cea-4357-bb04-1a0ae64b2bb1:192.168.34.62:41642, 443b071d-6096-48d6-bfe7-498b7c8032c0:192.168.34.62:46516], old=null
2019-10-17 07:41:26,302 [grpc-default-executor-1] INFO  impl.RaftServerImpl (RaftServerImpl.java:setRole(184)) - 40d2d32e-dd25-45df-8070-f9dc56ccf0a7@group-431D9A4508C5: changes role from  FOLLOWER to FOLLOWER at term 1 for recognizeCandidate:443b071d-6096-48d6-bfe7-498b7c8032c0
2019-10-17 07:41:26,302 [grpc-default-executor-2] INFO  impl.RaftServerImpl (RaftServerImpl.java:setRole(184)) - cbde3520-0cea-4357-bb04-1a0ae64b2bb1@group-431D9A4508C5: changes role from  FOLLOWER to FOLLOWER at term 1 for recognizeCandidate:443b071d-6096-48d6-bfe7-498b7c8032c0
2019-10-17 07:41:26,303 [grpc-default-executor-1] INFO  impl.RoleInfo (RoleInfo.java:shutdownFollowerState(121)) - 40d2d32e-dd25-45df-8070-f9dc56ccf0a7: shutdown FollowerState
2019-10-17 07:41:26,303 [grpc-default-executor-2] INFO  impl.RoleInfo (RoleInfo.java:shutdownFollowerState(121)) - cbde3520-0cea-4357-bb04-1a0ae64b2bb1: shutdown FollowerState
2019-10-17 07:41:26,303 [grpc-default-executor-1] INFO  impl.RoleInfo (RoleInfo.java:updateAndGet(143)) - 40d2d32e-dd25-45df-8070-f9dc56ccf0a7: start FollowerState
2019-10-17 07:41:26,303 [Thread-215] INFO  impl.FollowerState (FollowerState.java:run(117)) - 40d2d32e-dd25-45df-8070-f9dc56ccf0a7@group-431D9A4508C5-FollowerState was interrupted: java.lang.InterruptedException: sleep interrupted
2019-10-17 07:41:26,303 [grpc-default-executor-2] INFO  impl.RoleInfo (RoleInfo.java:updateAndGet(143)) - cbde3520-0cea-4357-bb04-1a0ae64b2bb1: start FollowerState
2019-10-17 07:41:26,303 [Thread-220] INFO  impl.FollowerState (FollowerState.java:run(117)) - cbde3520-0cea-4357-bb04-1a0ae64b2bb1@group-431D9A4508C5-FollowerState was interrupted: java.lang.InterruptedException: sleep interrupted
2019-10-17 07:41:26,325 [Thread-227] INFO  impl.FollowerState (FollowerState.java:run(108)) - cbde3520-0cea-4357-bb04-1a0ae64b2bb1@group-431D9A4508C5-FollowerState: change to CANDIDATE, lastRpcTime:22ms, electionTimeout:9ms
2019-10-17 07:41:26,326 [Thread-227] INFO  impl.RoleInfo (RoleInfo.java:shutdownFollowerState(121)) - cbde3520-0cea-4357-bb04-1a0ae64b2bb1: shutdown FollowerState
2019-10-17 07:41:26,326 [Thread-227] INFO  impl.RaftServerImpl (RaftServerImpl.java:setRole(184)) - cbde3520-0cea-4357-bb04-1a0ae64b2bb1@group-431D9A4508C5: changes role from  FOLLOWER to CANDIDATE at term 1 for changeToCandidate
2019-10-17 07:41:26,326 [Thread-227] INFO  impl.RoleInfo (RoleInfo.java:updateAndGet(143)) - cbde3520-0cea-4357-bb04-1a0ae64b2bb1: start LeaderElection
2019-10-17 07:41:26,337 [443b071d-6096-48d6-bfe7-498b7c8032c0@group-431D9A4508C5-LeaderElection5] INFO  impl.LeaderElection (LeaderElection.java:logAndReturn(56)) - 443b071d-6096-48d6-bfe7-498b7c8032c0@group-431D9A4508C5-LeaderElection5: Election PASSED; received 1 response(s) [443b071d-6096-48d6-bfe7-498b7c8032c0<-40d2d32e-dd25-45df-8070-f9dc56ccf0a7#0:OK-t1] and 0 exception(s); 443b071d-6096-48d6-bfe7-498b7c8032c0@group-431D9A4508C5:t1, leader=null, voted=443b071d-6096-48d6-bfe7-498b7c8032c0, raftlog=443b071d-6096-48d6-bfe7-498b7c8032c0@group-431D9A4508C5-SegmentedRaftLog:OPENED:c-1,f-1,i0, conf=-1: [40d2d32e-dd25-45df-8070-f9dc56ccf0a7:192.168.34.62:41633, cbde3520-0cea-4357-bb04-1a0ae64b2bb1:192.168.34.62:41642, 443b071d-6096-48d6-bfe7-498b7c8032c0:192.168.34.62:46516], old=null
2019-10-17 07:41:26,337 [443b071d-6096-48d6-bfe7-498b7c8032c0@group-431D9A4508C5-LeaderElection5] INFO  impl.RoleInfo (RoleInfo.java:shutdownLeaderElection(134)) - 443b071d-6096-48d6-bfe7-498b7c8032c0: shutdown LeaderElection
2019-10-17 07:41:26,337 [443b071d-6096-48d6-bfe7-498b7c8032c0@group-431D9A4508C5-LeaderElection5] INFO  impl.RaftServerImpl (RaftServerImpl.java:setRole(184)) - 443b071d-6096-48d6-bfe7-498b7c8032c0@group-431D9A4508C5: changes role from CANDIDATE to LEADER at term 1 for changeToLeader
2019-10-17 07:41:26,339 [443b071d-6096-48d6-bfe7-498b7c8032c0@group-431D9A4508C5-LeaderElection5] INFO  ratis.XceiverServerRatis (XceiverServerRatis.java:handleLeaderChangedNotification(699)) - Leader change notification received for group: group-431D9A4508C5 with new leaderId: 443b071d-6096-48d6-bfe7-498b7c8032c0
2019-10-17 07:41:26,339 [443b071d-6096-48d6-bfe7-498b7c8032c0@group-431D9A4508C5-LeaderElection5] INFO  impl.RaftServerImpl (ServerState.java:setLeader(256)) - 443b071d-6096-48d6-bfe7-498b7c8032c0@group-431D9A4508C5: change Leader from null to 443b071d-6096-48d6-bfe7-498b7c8032c0 at term 1 for becomeLeader, leader elected after 195ms
2019-10-17 07:41:26,340 [443b071d-6096-48d6-bfe7-498b7c8032c0@group-431D9A4508C5-LeaderElection5] INFO  server.RaftServerConfigKeys (ConfUtils.java:logGet(43)) - raft.server.staging.catchup.gap = 1000 (default)
2019-10-17 07:41:26,340 [443b071d-6096-48d6-bfe7-498b7c8032c0@group-431D9A4508C5-LeaderElection5] INFO  server.RaftServerConfigKeys (ConfUtils.java:logGet(43)) - raft.server.rpc.sleep.time = 25ms (default)
2019-10-17 07:41:26,340 [443b071d-6096-48d6-bfe7-498b7c8032c0@group-431D9A4508C5-LeaderElection5] INFO  server.RaftServerConfigKeys (ConfUtils.java:logGet(43)) - raft.server.write.element-limit = 4096 (default)
2019-10-17 07:41:26,340 [443b071d-6096-48d6-bfe7-498b7c8032c0@group-431D9A4508C5-LeaderElection5] INFO  server.RaftServerConfigKeys (ConfUtils.java:logGet(43)) - raft.server.watch.timeout = 10s (default)
2019-10-17 07:41:26,340 [443b071d-6096-48d6-bfe7-498b7c8032c0@group-431D9A4508C5-LeaderElection5] INFO  server.RaftServerConfigKeys (ConfUtils.java:logGet(43)) - raft.server.watch.timeout.denomination = 1s (default)
2019-10-17 07:41:26,341 [443b071d-6096-48d6-bfe7-498b7c8032c0@group-431D9A4508C5-LeaderElection5] INFO  server.RaftServerConfigKeys (ConfUtils.java:logGet(43)) - raft.server.watch.element-limit = 65536 (default)
2019-10-17 07:41:26,342 [cbde3520-0cea-4357-bb04-1a0ae64b2bb1@group-431D9A4508C5-LeaderElection6] INFO  impl.LeaderElection (LeaderElection.java:askForVotes(178)) - cbde3520-0cea-4357-bb04-1a0ae64b2bb1@group-431D9A4508C5-LeaderElection6: begin an election at term 2 for -1: [40d2d32e-dd25-45df-8070-f9dc56ccf0a7:192.168.34.62:41633, cbde3520-0cea-4357-bb04-1a0ae64b2bb1:192.168.34.62:41642, 443b071d-6096-48d6-bfe7-498b7c8032c0:192.168.34.62:46516], old=null
2019-10-17 07:41:26,344 [EventQueue-PipelineReportForPipelineReportHandler] INFO  pipeline.PipelineReportHandler (PipelineReportHandler.java:processPipelineReport(119)) - Pipeline PipelineID=e0a86fe4-d440-4676-974b-431d9a4508c5 reported by 443b071d-6096-48d6-bfe7-498b7c8032c0{ip: 192.168.34.62, host: pr-hdds-1868-lzclr-202649289, networkLocation: /default-rack, certSerialId: null} with leaderId 443b071d-6096-48d6-bfe7-498b7c8032c0
2019-10-17 07:41:26,355 [443b071d-6096-48d6-bfe7-498b7c8032c0@group-431D9A4508C5-LeaderElection5] INFO  server.RaftServerConfigKeys (ConfUtils.java:logGet(43)) - raft.server.log.appender.snapshot.chunk.size.max = 16MB (=16777216) (default)
2019-10-17 07:41:26,355 [443b071d-6096-48d6-bfe7-498b7c8032c0@group-431D9A4508C5-LeaderElection5] INFO  server.RaftServerConfigKeys (ConfUtils.java:logGet(43)) - raft.server.log.appender.buffer.byte-limit = 33554432 (custom)
2019-10-17 07:41:26,356 [443b071d-6096-48d6-bfe7-498b7c8032c0@group-431D9A4508C5-LeaderElection5] INFO  server.RaftServerConfigKeys (ConfUtils.java:logGet(43)) - raft.server.log.appender.buffer.element-limit = 1 (custom)
2019-10-17 07:41:26,360 [grpc-default-executor-1] INFO  impl.RaftServerImpl (RaftServerImpl.java:setRole(184)) - 40d2d32e-dd25-45df-8070-f9dc56ccf0a7@group-431D9A4508C5: changes role from  FOLLOWER to FOLLOWER at term 2 for recognizeCandidate:cbde3520-0cea-4357-bb04-1a0ae64b2bb1
2019-10-17 07:41:26,360 [grpc-default-executor-1] INFO  impl.RoleInfo (RoleInfo.java:shutdownFollowerState(121)) - 40d2d32e-dd25-45df-8070-f9dc56ccf0a7: shutdown FollowerState
2019-10-17 07:41:26,360 [grpc-default-executor-1] INFO  impl.RoleInfo (RoleInfo.java:updateAndGet(143)) - 40d2d32e-dd25-45df-8070-f9dc56ccf0a7: start FollowerState
2019-10-17 07:41:26,360 [Thread-226] INFO  impl.FollowerState (FollowerState.java:run(117)) - 40d2d32e-dd25-45df-8070-f9dc56ccf0a7@group-431D9A4508C5-FollowerState was interrupted: java.lang.InterruptedException: sleep interrupted
2019-10-17 07:41:26,362 [443b071d-6096-48d6-bfe7-498b7c8032c0@group-431D9A4508C5-LeaderElection5] INFO  grpc.GrpcConfigKeys$Server (ConfUtils.java:logGet(43)) - raft.grpc.server.leader.outstanding.appends.max = 128 (default)
2019-10-17 07:41:26,362 [443b071d-6096-48d6-bfe7-498b7c8032c0@group-431D9A4508C5-LeaderElection5] INFO  server.RaftServerConfigKeys (ConfUtils.java:logGet(43)) - raft.server.rpc.request.timeout = 3000ms (default)
2019-10-17 07:41:26,362 [443b071d-6096-48d6-bfe7-498b7c8032c0@group-431D9A4508C5-LeaderElection5] INFO  server.RaftServerConfigKeys (ConfUtils.java:logGet(43)) - raft.server.log.appender.install.snapshot.enabled = false (custom)
2019-10-17 07:41:26,367 [443b071d-6096-48d6-bfe7-498b7c8032c0@group-431D9A4508C5-LeaderElection5] INFO  server.RaftServerConfigKeys (ConfUtils.java:logGet(43)) - raft.server.log.appender.snapshot.chunk.size.max = 16MB (=16777216) (default)
2019-10-17 07:41:26,367 [443b071d-6096-48d6-bfe7-498b7c8032c0@group-431D9A4508C5-LeaderElection5] INFO  server.RaftServerConfigKeys (ConfUtils.java:logGet(43)) - raft.server.log.appender.buffer.byte-limit = 33554432 (custom)
2019-10-17 07:41:26,367 [443b071d-6096-48d6-bfe7-498b7c8032c0@group-431D9A4508C5-LeaderElection5] INFO  server.RaftServerConfigKeys (ConfUtils.java:logGet(43)) - raft.server.log.appender.buffer.element-limit = 1 (custom)
2019-10-17 07:41:26,368 [443b071d-6096-48d6-bfe7-498b7c8032c0@group-431D9A4508C5-LeaderElection5] INFO  grpc.GrpcConfigKeys$Server (ConfUtils.java:logGet(43)) - raft.grpc.server.leader.outstanding.appends.max = 128 (default)
2019-10-17 07:41:26,368 [443b071d-6096-48d6-bfe7-498b7c8032c0@group-431D9A4508C5-LeaderElection5] INFO  server.RaftServerConfigKeys (ConfUtils.java:logGet(43)) - raft.server.rpc.request.timeout = 3000ms (default)
2019-10-17 07:41:26,368 [443b071d-6096-48d6-bfe7-498b7c8032c0@group-431D9A4508C5-LeaderElection5] INFO  server.RaftServerConfigKeys (ConfUtils.java:logGet(43)) - raft.server.log.appender.install.snapshot.enabled = false (custom)
2019-10-17 07:41:26,374 [443b071d-6096-48d6-bfe7-498b7c8032c0@group-431D9A4508C5-LeaderElection5] INFO  impl.RoleInfo (RoleInfo.java:updateAndGet(143)) - 443b071d-6096-48d6-bfe7-498b7c8032c0: start LeaderState
2019-10-17 07:41:26,374 [443b071d-6096-48d6-bfe7-498b7c8032c0@group-431D9A4508C5-LeaderElection5] INFO  segmented.SegmentedRaftLogWorker (SegmentedRaftLogWorker.java:startLogSegment(385)) - 443b071d-6096-48d6-bfe7-498b7c8032c0@group-431D9A4508C5-SegmentedRaftLogWorker: Starting segment from index:0
2019-10-17 07:41:26,375 [443b071d-6096-48d6-bfe7-498b7c8032c0@group-431D9A4508C5-LeaderElection5] INFO  impl.RaftServerImpl (ServerState.java:setRaftConf(357)) - 443b071d-6096-48d6-bfe7-498b7c8032c0@group-431D9A4508C5: set configuration 0: [40d2d32e-dd25-45df-8070-f9dc56ccf0a7:192.168.34.62:41633, cbde3520-0cea-4357-bb04-1a0ae64b2bb1:192.168.34.62:41642, 443b071d-6096-48d6-bfe7-498b7c8032c0:192.168.34.62:46516], old=null at 0
2019-10-17 07:41:26,376 [grpc-default-executor-2] INFO  impl.RaftServerImpl (ServerState.java:setLeader(256)) - 443b071d-6096-48d6-bfe7-498b7c8032c0@group-431D9A4508C5: change Leader from 443b071d-6096-48d6-bfe7-498b7c8032c0 to null at term 2 for updateCurrentTerm
2019-10-17 07:41:26,376 [grpc-default-executor-2] INFO  impl.RaftServerImpl (RaftServerImpl.java:setRole(184)) - 443b071d-6096-48d6-bfe7-498b7c8032c0@group-431D9A4508C5: changes role from    LEADER to FOLLOWER at term 2 for recognizeCandidate:cbde3520-0cea-4357-bb04-1a0ae64b2bb1
2019-10-17 07:41:26,377 [grpc-default-executor-2] INFO  impl.RoleInfo (RoleInfo.java:shutdownLeaderState(104)) - 443b071d-6096-48d6-bfe7-498b7c8032c0: shutdown LeaderState
2019-10-17 07:41:26,380 [grpc-default-executor-2] INFO  impl.PendingRequests (PendingRequests.java:sendNotLeaderResponses(202)) - 443b071d-6096-48d6-bfe7-498b7c8032c0@group-431D9A4508C5-PendingRequests: sendNotLeaderResponses
2019-10-17 07:41:26,381 [grpc-default-executor-2] INFO  impl.RoleInfo (RoleInfo.java:updateAndGet(143)) - 443b071d-6096-48d6-bfe7-498b7c8032c0: start FollowerState
2019-10-17 07:41:26,423 [org.apache.ratis.server.impl.LogAppender$AppenderDaemon$$Lambda$422/1662596535@991c5f2] WARN  server.GrpcLogAppender (GrpcLogAppender.java:mayWait(149)) - 443b071d-6096-48d6-bfe7-498b7c8032c0@group-431D9A4508C5->40d2d32e-dd25-45df-8070-f9dc56ccf0a7-GrpcLogAppender: Wait interrupted by java.lang.InterruptedException
2019-10-17 07:41:26,423 [org.apache.ratis.server.impl.LogAppender$AppenderDaemon$$Lambda$422/1662596535@42c638a8] WARN  server.GrpcLogAppender (GrpcLogAppender.java:mayWait(149)) - 443b071d-6096-48d6-bfe7-498b7c8032c0@group-431D9A4508C5->cbde3520-0cea-4357-bb04-1a0ae64b2bb1-GrpcLogAppender: Wait interrupted by java.lang.InterruptedException
2019-10-17 07:41:26,424 [cbde3520-0cea-4357-bb04-1a0ae64b2bb1@group-431D9A4508C5-LeaderElection6] INFO  impl.LeaderElection (LeaderElection.java:logAndReturn(56)) - cbde3520-0cea-4357-bb04-1a0ae64b2bb1@group-431D9A4508C5-LeaderElection6: Election PASSED; received 1 response(s) [cbde3520-0cea-4357-bb04-1a0ae64b2bb1<-40d2d32e-dd25-45df-8070-f9dc56ccf0a7#0:OK-t2] and 0 exception(s); cbde3520-0cea-4357-bb04-1a0ae64b2bb1@group-431D9A4508C5:t2, leader=null, voted=cbde3520-0cea-4357-bb04-1a0ae64b2bb1, raftlog=cbde3520-0cea-4357-bb04-1a0ae64b2bb1@group-431D9A4508C5-SegmentedRaftLog:OPENED:c-1,f-1,i0, conf=-1: [40d2d32e-dd25-45df-8070-f9dc56ccf0a7:192.168.34.62:41633, cbde3520-0cea-4357-bb04-1a0ae64b2bb1:192.168.34.62:41642, 443b071d-6096-48d6-bfe7-498b7c8032c0:192.168.34.62:46516], old=null
2019-10-17 07:41:26,424 [cbde3520-0cea-4357-bb04-1a0ae64b2bb1@group-431D9A4508C5-LeaderElection6] INFO  impl.RoleInfo (RoleInfo.java:shutdownLeaderElection(134)) - cbde3520-0cea-4357-bb04-1a0ae64b2bb1: shutdown LeaderElection
2019-10-17 07:41:26,427 [cbde3520-0cea-4357-bb04-1a0ae64b2bb1@group-431D9A4508C5-LeaderElection6] INFO  impl.RaftServerImpl (RaftServerImpl.java:setRole(184)) - cbde3520-0cea-4357-bb04-1a0ae64b2bb1@group-431D9A4508C5: changes role from CANDIDATE to LEADER at term 2 for changeToLeader
2019-10-17 07:41:26,427 [cbde3520-0cea-4357-bb04-1a0ae64b2bb1@group-431D9A4508C5-LeaderElection6] INFO  ratis.XceiverServerRatis (XceiverServerRatis.java:handleLeaderChangedNotification(699)) - Leader change notification received for group: group-431D9A4508C5 with new leaderId: cbde3520-0cea-4357-bb04-1a0ae64b2bb1
2019-10-17 07:41:26,428 [cbde3520-0cea-4357-bb04-1a0ae64b2bb1@group-431D9A4508C5-LeaderElection6] INFO  impl.RaftServerImpl (ServerState.java:setLeader(256)) - cbde3520-0cea-4357-bb04-1a0ae64b2bb1@group-431D9A4508C5: change Leader from null to cbde3520-0cea-4357-bb04-1a0ae64b2bb1 at term 2 for becomeLeader, leader elected after 283ms
2019-10-17 07:41:26,428 [cbde3520-0cea-4357-bb04-1a0ae64b2bb1@group-431D9A4508C5-LeaderElection6] INFO  server.RaftServerConfigKeys (ConfUtils.java:logGet(43)) - raft.server.staging.catchup.gap = 1000 (default)
2019-10-17 07:41:26,428 [cbde3520-0cea-4357-bb04-1a0ae64b2bb1@group-431D9A4508C5-LeaderElection6] INFO  server.RaftServerConfigKeys (ConfUtils.java:logGet(43)) - raft.server.rpc.sleep.time = 25ms (default)
2019-10-17 07:41:26,428 [cbde3520-0cea-4357-bb04-1a0ae64b2bb1@group-431D9A4508C5-LeaderElection6] INFO  server.RaftServerConfigKeys (ConfUtils.java:logGet(43)) - raft.server.write.element-limit = 4096 (default)
2019-10-17 07:41:26,428 [cbde3520-0cea-4357-bb04-1a0ae64b2bb1@group-431D9A4508C5-LeaderElection6] INFO  server.RaftServerConfigKeys (ConfUtils.java:logGet(43)) - raft.server.watch.timeout = 10s (default)
2019-10-17 07:41:26,429 [cbde3520-0cea-4357-bb04-1a0ae64b2bb1@group-431D9A4508C5-LeaderElection6] INFO  server.RaftServerConfigKeys (ConfUtils.java:logGet(43)) - raft.server.watch.timeout.denomination = 1s (default)
2019-10-17 07:41:26,431 [cbde3520-0cea-4357-bb04-1a0ae64b2bb1@group-431D9A4508C5-LeaderElection6] INFO  server.RaftServerConfigKeys (ConfUtils.java:logGet(43)) - raft.server.watch.element-limit = 65536 (default)
2019-10-17 07:41:26,434 [EventQueue-PipelineReportForPipelineReportHandler] INFO  pipeline.PipelineReportHandler (PipelineReportHandler.java:processPipelineReport(119)) - Pipeline PipelineID=e0a86fe4-d440-4676-974b-431d9a4508c5 reported by cbde3520-0cea-4357-bb04-1a0ae64b2bb1{ip: 192.168.34.62, host: pr-hdds-1868-lzclr-202649289, networkLocation: /default-rack, certSerialId: null} with leaderId cbde3520-0cea-4357-bb04-1a0ae64b2bb1
2019-10-17 07:41:26,437 [cbde3520-0cea-4357-bb04-1a0ae64b2bb1@group-431D9A4508C5-LeaderElection6] INFO  server.RaftServerConfigKeys (ConfUtils.java:logGet(43)) - raft.server.log.appender.snapshot.chunk.size.max = 16MB (=16777216) (default)
2019-10-17 07:41:26,437 [cbde3520-0cea-4357-bb04-1a0ae64b2bb1@group-431D9A4508C5-LeaderElection6] INFO  server.RaftServerConfigKeys (ConfUtils.java:logGet(43)) - raft.server.log.appender.buffer.byte-limit = 33554432 (custom)
2019-10-17 07:41:26,437 [cbde3520-0cea-4357-bb04-1a0ae64b2bb1@group-431D9A4508C5-LeaderElection6] INFO  server.RaftServerConfigKeys (ConfUtils.java:logGet(43)) - raft.server.log.appender.buffer.element-limit = 1 (custom)
2019-10-17 07:41:26,437 [grpc-default-executor-1] INFO  server.GrpcServerProtocolService (GrpcServerProtocolService.java:onCompleted(113)) - 40d2d32e-dd25-45df-8070-f9dc56ccf0a7: Completed APPEND_ENTRIES, lastRequest: null
2019-10-17 07:41:26,437 [grpc-default-executor-2] INFO  server.GrpcServerProtocolService (GrpcServerProtocolService.java:onCompleted(113)) - cbde3520-0cea-4357-bb04-1a0ae64b2bb1: Completed APPEND_ENTRIES, lastRequest: null
2019-10-17 07:41:26,439 [cbde3520-0cea-4357-bb04-1a0ae64b2bb1@group-431D9A4508C5-LeaderElection6] INFO  grpc.GrpcConfigKeys$Server (ConfUtils.java:logGet(43)) - raft.grpc.server.leader.outstanding.appends.max = 128 (default)
2019-10-17 07:41:26,440 [cbde3520-0cea-4357-bb04-1a0ae64b2bb1@group-431D9A4508C5-LeaderElection6] INFO  server.RaftServerConfigKeys (ConfUtils.java:logGet(43)) - raft.server.rpc.request.timeout = 3000ms (default)
2019-10-17 07:41:26,440 [cbde3520-0cea-4357-bb04-1a0ae64b2bb1@group-431D9A4508C5-LeaderElection6] INFO  server.RaftServerConfigKeys (ConfUtils.java:logGet(43)) - raft.server.log.appender.install.snapshot.enabled = false (custom)
2019-10-17 07:41:26,444 [443b071d-6096-48d6-bfe7-498b7c8032c0@group-431D9A4508C5-SegmentedRaftLogWorker] INFO  segmented.SegmentedRaftLogWorker (SegmentedRaftLogWorker.java:execute(576)) - 443b071d-6096-48d6-bfe7-498b7c8032c0@group-431D9A4508C5-SegmentedRaftLogWorker: created new log segment /workdir/hadoop-ozone/integration-test/target/test-dir/MiniOzoneClusterImpl-6c8aceb3-2805-42ee-9a98-c3760435b865/datanode-1/data/ratis/e0a86fe4-d440-4676-974b-431d9a4508c5/current/log_inprogress_0
2019-10-17 07:41:26,444 [Thread-232] INFO  impl.FollowerState (FollowerState.java:run(108)) - 40d2d32e-dd25-45df-8070-f9dc56ccf0a7@group-431D9A4508C5-FollowerState: change to CANDIDATE, lastRpcTime:83ms, electionTimeout:81ms
2019-10-17 07:41:26,444 [grpc-default-executor-1] INFO  server.GrpcLogAppender (GrpcLogAppender.java:onCompleted(308)) - 443b071d-6096-48d6-bfe7-498b7c8032c0@group-431D9A4508C5->40d2d32e-dd25-45df-8070-f9dc56ccf0a7-AppendLogResponseHandler: follower responses appendEntries COMPLETED
2019-10-17 07:41:26,444 [grpc-default-executor-2] INFO  server.GrpcLogAppender (GrpcLogAppender.java:onCompleted(308)) - 443b071d-6096-48d6-bfe7-498b7c8032c0@group-431D9A4508C5->cbde3520-0cea-4357-bb04-1a0ae64b2bb1-AppendLogResponseHandler: follower responses appendEntries COMPLETED
2019-10-17 07:41:26,444 [Thread-232] INFO  impl.RoleInfo (RoleInfo.java:shutdownFollowerState(121)) - 40d2d32e-dd25-45df-8070-f9dc56ccf0a7: shutdown FollowerState
2019-10-17 07:41:26,446 [Thread-232] INFO  impl.RaftServerImpl (RaftServerImpl.java:setRole(184)) - 40d2d32e-dd25-45df-8070-f9dc56ccf0a7@group-431D9A4508C5: changes role from  FOLLOWER to CANDIDATE at term 2 for changeToCandidate
2019-10-17 07:41:26,446 [Thread-232] INFO  impl.RoleInfo (RoleInfo.java:updateAndGet(143)) - 40d2d32e-dd25-45df-8070-f9dc56ccf0a7: start LeaderElection
2019-10-17 07:41:26,451 [cbde3520-0cea-4357-bb04-1a0ae64b2bb1@group-431D9A4508C5-LeaderElection6] INFO  server.RaftServerConfigKeys (ConfUtils.java:logGet(43)) - raft.server.log.appender.snapshot.chunk.size.max = 16MB (=16777216) (default)
2019-10-17 07:41:26,451 [grpc-default-executor-1] INFO  impl.FollowerInfo (FollowerInfo.java:lambda$new$0(51)) - 443b071d-6096-48d6-bfe7-498b7c8032c0@group-431D9A4508C5->40d2d32e-dd25-45df-8070-f9dc56ccf0a7: nextIndex: updateUnconditionally 0 -> 0
2019-10-17 07:41:26,451 [cbde3520-0cea-4357-bb04-1a0ae64b2bb1@group-431D9A4508C5-LeaderElection6] INFO  server.RaftServerConfigKeys (ConfUtils.java:logGet(43)) - raft.server.log.appender.buffer.byte-limit = 33554432 (custom)
2019-10-17 07:41:26,451 [grpc-default-executor-2] INFO  impl.FollowerInfo (FollowerInfo.java:lambda$new$0(51)) - 443b071d-6096-48d6-bfe7-498b7c8032c0@group-431D9A4508C5->cbde3520-0cea-4357-bb04-1a0ae64b2bb1: nextIndex: updateUnconditionally 0 -> 0
2019-10-17 07:41:26,453 [cbde3520-0cea-4357-bb04-1a0ae64b2bb1@group-431D9A4508C5-LeaderElection6] INFO  server.RaftServerConfigKeys (ConfUtils.java:logGet(43)) - raft.server.log.appender.buffer.element-limit = 1 (custom)
2019-10-17 07:41:26,453 [cbde3520-0cea-4357-bb04-1a0ae64b2bb1@group-431D9A4508C5-LeaderElection6] INFO  grpc.GrpcConfigKeys$Server (ConfUtils.java:logGet(43)) - raft.grpc.server.leader.outstanding.appends.max = 128 (default)
2019-10-17 07:41:26,453 [cbde3520-0cea-4357-bb04-1a0ae64b2bb1@group-431D9A4508C5-LeaderElection6] INFO  server.RaftServerConfigKeys (ConfUtils.java:logGet(43)) - raft.server.rpc.request.timeout = 3000ms (default)
2019-10-17 07:41:26,453 [cbde3520-0cea-4357-bb04-1a0ae64b2bb1@group-431D9A4508C5-LeaderElection6] INFO  server.RaftServerConfigKeys (ConfUtils.java:logGet(43)) - raft.server.log.appender.install.snapshot.enabled = false (custom)
2019-10-17 07:41:26,456 [cbde3520-0cea-4357-bb04-1a0ae64b2bb1@group-431D9A4508C5-LeaderElection6] INFO  impl.RoleInfo (RoleInfo.java:updateAndGet(143)) - cbde3520-0cea-4357-bb04-1a0ae64b2bb1: start LeaderState
2019-10-17 07:41:26,456 [cbde3520-0cea-4357-bb04-1a0ae64b2bb1@group-431D9A4508C5-LeaderElection6] INFO  segmented.SegmentedRaftLogWorker (SegmentedRaftLogWorker.java:startLogSegment(385)) - cbde3520-0cea-4357-bb04-1a0ae64b2bb1@group-431D9A4508C5-SegmentedRaftLogWorker: Starting segment from index:0
2019-10-17 07:41:26,457 [cbde3520-0cea-4357-bb04-1a0ae64b2bb1@group-431D9A4508C5-LeaderElection6] INFO  impl.RaftServerImpl (ServerState.java:setRaftConf(357)) - cbde3520-0cea-4357-bb04-1a0ae64b2bb1@group-431D9A4508C5: set configuration 0: [40d2d32e-dd25-45df-8070-f9dc56ccf0a7:192.168.34.62:41633, cbde3520-0cea-4357-bb04-1a0ae64b2bb1:192.168.34.62:41642, 443b071d-6096-48d6-bfe7-498b7c8032c0:192.168.34.62:46516], old=null at 0
2019-10-17 07:41:26,495 [40d2d32e-dd25-45df-8070-f9dc56ccf0a7@group-431D9A4508C5-LeaderElection7] INFO  impl.LeaderElection (LeaderElection.java:askForVotes(178)) - 40d2d32e-dd25-45df-8070-f9dc56ccf0a7@group-431D9A4508C5-LeaderElection7: begin an election at term 3 for -1: [40d2d32e-dd25-45df-8070-f9dc56ccf0a7:192.168.34.62:41633, cbde3520-0cea-4357-bb04-1a0ae64b2bb1:192.168.34.62:41642, 443b071d-6096-48d6-bfe7-498b7c8032c0:192.168.34.62:46516], old=null
2019-10-17 07:41:26,516 [grpc-default-executor-0] INFO  impl.RaftServerImpl (ServerState.java:setLeader(256)) - cbde3520-0cea-4357-bb04-1a0ae64b2bb1@group-431D9A4508C5: change Leader from cbde3520-0cea-4357-bb04-1a0ae64b2bb1 to null at term 3 for updateCurrentTerm
2019-10-17 07:41:26,516 [grpc-default-executor-0] INFO  impl.RaftServerImpl (RaftServerImpl.java:setRole(184)) - cbde3520-0cea-4357-bb04-1a0ae64b2bb1@group-431D9A4508C5: changes role from    LEADER to FOLLOWER at term 3 for recognizeCandidate:40d2d32e-dd25-45df-8070-f9dc56ccf0a7
2019-10-17 07:41:26,516 [grpc-default-executor-0] INFO  impl.RoleInfo (RoleInfo.java:shutdownLeaderState(104)) - cbde3520-0cea-4357-bb04-1a0ae64b2bb1: shutdown LeaderState
2019-10-17 07:41:26,519 [cbde3520-0cea-4357-bb04-1a0ae64b2bb1@group-431D9A4508C5-SegmentedRaftLogWorker] INFO  segmented.SegmentedRaftLogWorker (SegmentedRaftLogWorker.java:execute(576)) - cbde3520-0cea-4357-bb04-1a0ae64b2bb1@group-431D9A4508C5-SegmentedRaftLogWorker: created new log segment /workdir/hadoop-ozone/integration-test/target/test-dir/MiniOzoneClusterImpl-6c8aceb3-2805-42ee-9a98-c3760435b865/datanode-2/data/ratis/e0a86fe4-d440-4676-974b-431d9a4508c5/current/log_inprogress_0
2019-10-17 07:41:26,520 [org.apache.ratis.server.impl.LogAppender$AppenderDaemon$$Lambda$422/1662596535@42a51d52] WARN  server.GrpcLogAppender (GrpcLogAppender.java:mayWait(149)) - cbde3520-0cea-4357-bb04-1a0ae64b2bb1@group-431D9A4508C5->443b071d-6096-48d6-bfe7-498b7c8032c0-GrpcLogAppender: Wait interrupted by java.lang.InterruptedException
2019-10-17 07:41:26,520 [org.apache.ratis.server.impl.LogAppender$AppenderDaemon$$Lambda$422/1662596535@731c8dc4] WARN  server.GrpcLogAppender (GrpcLogAppender.java:mayWait(149)) - cbde3520-0cea-4357-bb04-1a0ae64b2bb1@group-431D9A4508C5->40d2d32e-dd25-45df-8070-f9dc56ccf0a7-GrpcLogAppender: Wait interrupted by java.lang.InterruptedException
2019-10-17 07:41:26,520 [grpc-default-executor-0] INFO  impl.PendingRequests (PendingRequests.java:sendNotLeaderResponses(202)) - cbde3520-0cea-4357-bb04-1a0ae64b2bb1@group-431D9A4508C5-PendingRequests: sendNotLeaderResponses
2019-10-17 07:41:26,523 [grpc-default-executor-1] INFO  ratis.XceiverServerRatis (XceiverServerRatis.java:handleLeaderChangedNotification(699)) - Leader change notification received for group: group-431D9A4508C5 with new leaderId: cbde3520-0cea-4357-bb04-1a0ae64b2bb1
2019-10-17 07:41:26,524 [grpc-default-executor-0] INFO  impl.RoleInfo (RoleInfo.java:updateAndGet(143)) - cbde3520-0cea-4357-bb04-1a0ae64b2bb1: start FollowerState
2019-10-17 07:41:26,524 [grpc-default-executor-1] INFO  impl.RaftServerImpl (ServerState.java:setLeader(256)) - 443b071d-6096-48d6-bfe7-498b7c8032c0@group-431D9A4508C5: change Leader from null to cbde3520-0cea-4357-bb04-1a0ae64b2bb1 at term 2 for appendEntries, leader elected after 146ms
2019-10-17 07:41:26,529 [grpc-default-executor-3] INFO  impl.RaftServerImpl (ServerState.java:setLeader(256)) - 443b071d-6096-48d6-bfe7-498b7c8032c0@group-431D9A4508C5: change Leader from cbde3520-0cea-4357-bb04-1a0ae64b2bb1 to null at term 3 for updateCurrentTerm
2019-10-17 07:41:26,529 [grpc-default-executor-3] INFO  impl.RaftServerImpl (RaftServerImpl.java:setRole(184)) - 443b071d-6096-48d6-bfe7-498b7c8032c0@group-431D9A4508C5: changes role from  FOLLOWER to FOLLOWER at term 3 for recognizeCandidate:40d2d32e-dd25-45df-8070-f9dc56ccf0a7
2019-10-17 07:41:26,529 [EventQueue-PipelineReportForPipelineReportHandler] INFO  pipeline.PipelineReportHandler (PipelineReportHandler.java:processPipelineReport(119)) - Pipeline PipelineID=e0a86fe4-d440-4676-974b-431d9a4508c5 reported by 443b071d-6096-48d6-bfe7-498b7c8032c0{ip: 192.168.34.62, host: pr-hdds-1868-lzclr-202649289, networkLocation: /default-rack, certSerialId: null} with leaderId cbde3520-0cea-4357-bb04-1a0ae64b2bb1
2019-10-17 07:41:26,529 [grpc-default-executor-3] INFO  impl.RoleInfo (RoleInfo.java:shutdownFollowerState(121)) - 443b071d-6096-48d6-bfe7-498b7c8032c0: shutdown FollowerState
2019-10-17 07:41:26,529 [Thread-235] INFO  impl.FollowerState (FollowerState.java:run(117)) - 443b071d-6096-48d6-bfe7-498b7c8032c0@group-431D9A4508C5-FollowerState was interrupted: java.lang.InterruptedException: sleep interrupted
2019-10-17 07:41:26,529 [grpc-default-executor-2] INFO  server.GrpcServerProtocolService (GrpcServerProtocolService.java:onCompleted(113)) - 40d2d32e-dd25-45df-8070-f9dc56ccf0a7: Completed APPEND_ENTRIES, lastRequest: cbde3520-0cea-4357-bb04-1a0ae64b2bb1->40d2d32e-dd25-45df-8070-f9dc56ccf0a7#0-t2, previous=(t:0, i:0), leaderCommit=-1, initializing? false, entries: <empty>
2019-10-17 07:41:26,529 [grpc-default-executor-3] INFO  impl.RoleInfo (RoleInfo.java:updateAndGet(143)) - 443b071d-6096-48d6-bfe7-498b7c8032c0: start FollowerState
2019-10-17 07:41:26,554 [grpc-default-executor-4] INFO  server.GrpcLogAppender (GrpcLogAppender.java:onCompleted(308)) - cbde3520-0cea-4357-bb04-1a0ae64b2bb1@group-431D9A4508C5->40d2d32e-dd25-45df-8070-f9dc56ccf0a7-AppendLogResponseHandler: follower responses appendEntries COMPLETED
2019-10-17 07:41:26,557 [grpc-default-executor-1] INFO  server.GrpcServerProtocolService (GrpcServerProtocolService.java:onCompleted(113)) - 443b071d-6096-48d6-bfe7-498b7c8032c0: Completed APPEND_ENTRIES, lastRequest: cbde3520-0cea-4357-bb04-1a0ae64b2bb1->443b071d-6096-48d6-bfe7-498b7c8032c0#0-t2, previous=(t:0, i:0), leaderCommit=-1, initializing? false, entries: <empty>
2019-10-17 07:41:26,562 [40d2d32e-dd25-45df-8070-f9dc56ccf0a7@group-431D9A4508C5-LeaderElection7] INFO  impl.LeaderElection (LeaderElection.java:logAndReturn(56)) - 40d2d32e-dd25-45df-8070-f9dc56ccf0a7@group-431D9A4508C5-LeaderElection7: Election REJECTED; received 2 response(s) [40d2d32e-dd25-45df-8070-f9dc56ccf0a7<-443b071d-6096-48d6-bfe7-498b7c8032c0#0:FAIL-t3, 40d2d32e-dd25-45df-8070-f9dc56ccf0a7<-cbde3520-0cea-4357-bb04-1a0ae64b2bb1#0:FAIL-t3] and 0 exception(s); 40d2d32e-dd25-45df-8070-f9dc56ccf0a7@group-431D9A4508C5:t3, leader=null, voted=40d2d32e-dd25-45df-8070-f9dc56ccf0a7, raftlog=40d2d32e-dd25-45df-8070-f9dc56ccf0a7@group-431D9A4508C5-SegmentedRaftLog:OPENED:c-1,f-1,i0, conf=-1: [40d2d32e-dd25-45df-8070-f9dc56ccf0a7:192.168.34.62:41633, cbde3520-0cea-4357-bb04-1a0ae64b2bb1:192.168.34.62:41642, 443b071d-6096-48d6-bfe7-498b7c8032c0:192.168.34.62:46516], old=null
2019-10-17 07:41:26,562 [40d2d32e-dd25-45df-8070-f9dc56ccf0a7@group-431D9A4508C5-LeaderElection7] INFO  impl.RaftServerImpl (RaftServerImpl.java:setRole(184)) - 40d2d32e-dd25-45df-8070-f9dc56ccf0a7@group-431D9A4508C5: changes role from CANDIDATE to FOLLOWER at term 3 for DISCOVERED_A_NEW_TERM
2019-10-17 07:41:26,563 [40d2d32e-dd25-45df-8070-f9dc56ccf0a7@group-431D9A4508C5-LeaderElection7] INFO  impl.RoleInfo (RoleInfo.java:shutdownLeaderElection(134)) - 40d2d32e-dd25-45df-8070-f9dc56ccf0a7: shutdown LeaderElection
2019-10-17 07:41:26,564 [40d2d32e-dd25-45df-8070-f9dc56ccf0a7@group-431D9A4508C5-LeaderElection7] INFO  impl.RoleInfo (RoleInfo.java:updateAndGet(143)) - 40d2d32e-dd25-45df-8070-f9dc56ccf0a7: start FollowerState
2019-10-17 07:41:26,567 [grpc-default-executor-4] INFO  impl.FollowerInfo (FollowerInfo.java:lambda$new$0(51)) - cbde3520-0cea-4357-bb04-1a0ae64b2bb1@group-431D9A4508C5->40d2d32e-dd25-45df-8070-f9dc56ccf0a7: nextIndex: updateUnconditionally 0 -> 0
2019-10-17 07:41:26,570 [grpc-default-executor-3] INFO  server.GrpcLogAppender (GrpcLogAppender.java:onCompleted(308)) - cbde3520-0cea-4357-bb04-1a0ae64b2bb1@group-431D9A4508C5->443b071d-6096-48d6-bfe7-498b7c8032c0-AppendLogResponseHandler: follower responses appendEntries COMPLETED
2019-10-17 07:41:26,573 [grpc-default-executor-3] INFO  impl.FollowerInfo (FollowerInfo.java:lambda$new$0(51)) - cbde3520-0cea-4357-bb04-1a0ae64b2bb1@group-431D9A4508C5->443b071d-6096-48d6-bfe7-498b7c8032c0: nextIndex: updateUnconditionally 0 -> 0
2019-10-17 07:41:26,669 [Thread-247] INFO  impl.FollowerState (FollowerState.java:run(108)) - 40d2d32e-dd25-45df-8070-f9dc56ccf0a7@group-431D9A4508C5-FollowerState: change to CANDIDATE, lastRpcTime:104ms, electionTimeout:102ms
2019-10-17 07:41:26,669 [Thread-247] INFO  impl.RoleInfo (RoleInfo.java:shutdownFollowerState(121)) - 40d2d32e-dd25-45df-8070-f9dc56ccf0a7: shutdown FollowerState
2019-10-17 07:41:26,669 [Thread-247] INFO  impl.RaftServerImpl (RaftServerImpl.java:setRole(184)) - 40d2d32e-dd25-45df-8070-f9dc56ccf0a7@group-431D9A4508C5: changes role from  FOLLOWER to CANDIDATE at term 3 for changeToCandidate
2019-10-17 07:41:26,669 [Thread-247] INFO  impl.RoleInfo (RoleInfo.java:updateAndGet(143)) - 40d2d32e-dd25-45df-8070-f9dc56ccf0a7: start LeaderElection
2019-10-17 07:41:26,695 [40d2d32e-dd25-45df-8070-f9dc56ccf0a7@group-431D9A4508C5-LeaderElection8] INFO  impl.LeaderElection (LeaderElection.java:askForVotes(178)) - 40d2d32e-dd25-45df-8070-f9dc56ccf0a7@group-431D9A4508C5-LeaderElection8: begin an election at term 4 for -1: [40d2d32e-dd25-45df-8070-f9dc56ccf0a7:192.168.34.62:41633, cbde3520-0cea-4357-bb04-1a0ae64b2bb1:192.168.34.62:41642, 443b071d-6096-48d6-bfe7-498b7c8032c0:192.168.34.62:46516], old=null
2019-10-17 07:41:26,701 [grpc-default-executor-4] INFO  impl.RaftServerImpl (RaftServerImpl.java:setRole(184)) - cbde3520-0cea-4357-bb04-1a0ae64b2bb1@group-431D9A4508C5: changes role from  FOLLOWER to FOLLOWER at term 4 for recognizeCandidate:40d2d32e-dd25-45df-8070-f9dc56ccf0a7
2019-10-17 07:41:26,701 [grpc-default-executor-3] INFO  impl.RaftServerImpl (RaftServerImpl.java:setRole(184)) - 443b071d-6096-48d6-bfe7-498b7c8032c0@group-431D9A4508C5: changes role from  FOLLOWER to FOLLOWER at term 4 for recognizeCandidate:40d2d32e-dd25-45df-8070-f9dc56ccf0a7
2019-10-17 07:41:26,702 [grpc-default-executor-4] INFO  impl.RoleInfo (RoleInfo.java:shutdownFollowerState(121)) - cbde3520-0cea-4357-bb04-1a0ae64b2bb1: shutdown FollowerState
2019-10-17 07:41:26,702 [grpc-default-executor-3] INFO  impl.RoleInfo (RoleInfo.java:shutdownFollowerState(121)) - 443b071d-6096-48d6-bfe7-498b7c8032c0: shutdown FollowerState
2019-10-17 07:41:26,702 [Thread-244] INFO  impl.FollowerState (FollowerState.java:run(117)) - cbde3520-0cea-4357-bb04-1a0ae64b2bb1@group-431D9A4508C5-FollowerState was interrupted: java.lang.InterruptedException: sleep interrupted
2019-10-17 07:41:26,702 [grpc-default-executor-4] INFO  impl.RoleInfo (RoleInfo.java:updateAndGet(143)) - cbde3520-0cea-4357-bb04-1a0ae64b2bb1: start FollowerState
2019-10-17 07:41:26,702 [grpc-default-executor-3] INFO  impl.RoleInfo (RoleInfo.java:updateAndGet(143)) - 443b071d-6096-48d6-bfe7-498b7c8032c0: start FollowerState
2019-10-17 07:41:26,702 [Thread-246] INFO  impl.FollowerState (FollowerState.java:run(117)) - 443b071d-6096-48d6-bfe7-498b7c8032c0@group-431D9A4508C5-FollowerState was interrupted: java.lang.InterruptedException: sleep interrupted
2019-10-17 07:41:26,731 [40d2d32e-dd25-45df-8070-f9dc56ccf0a7@group-431D9A4508C5-LeaderElection8] INFO  impl.LeaderElection (LeaderElection.java:logAndReturn(56)) - 40d2d32e-dd25-45df-8070-f9dc56ccf0a7@group-431D9A4508C5-LeaderElection8: Election REJECTED; received 2 response(s) [40d2d32e-dd25-45df-8070-f9dc56ccf0a7<-cbde3520-0cea-4357-bb04-1a0ae64b2bb1#0:FAIL-t4, 40d2d32e-dd25-45df-8070-f9dc56ccf0a7<-443b071d-6096-48d6-bfe7-498b7c8032c0#0:FAIL-t4] and 0 exception(s); 40d2d32e-dd25-45df-8070-f9dc56ccf0a7@group-431D9A4508C5:t4, leader=null, voted=40d2d32e-dd25-45df-8070-f9dc56ccf0a7, raftlog=40d2d32e-dd25-45df-8070-f9dc56ccf0a7@group-431D9A4508C5-SegmentedRaftLog:OPENED:c-1,f-1,i0, conf=-1: [40d2d32e-dd25-45df-8070-f9dc56ccf0a7:192.168.34.62:41633, cbde3520-0cea-4357-bb04-1a0ae64b2bb1:192.168.34.62:41642, 443b071d-6096-48d6-bfe7-498b7c8032c0:192.168.34.62:46516], old=null
2019-10-17 07:41:26,731 [40d2d32e-dd25-45df-8070-f9dc56ccf0a7@group-431D9A4508C5-LeaderElection8] INFO  impl.RaftServerImpl (RaftServerImpl.java:setRole(184)) - 40d2d32e-dd25-45df-8070-f9dc56ccf0a7@group-431D9A4508C5: changes role from CANDIDATE to FOLLOWER at term 4 for DISCOVERED_A_NEW_TERM
2019-10-17 07:41:26,732 [40d2d32e-dd25-45df-8070-f9dc56ccf0a7@group-431D9A4508C5-LeaderElection8] INFO  impl.RoleInfo (RoleInfo.java:shutdownLeaderElection(134)) - 40d2d32e-dd25-45df-8070-f9dc56ccf0a7: shutdown LeaderElection
2019-10-17 07:41:26,732 [40d2d32e-dd25-45df-8070-f9dc56ccf0a7@group-431D9A4508C5-LeaderElection8] INFO  impl.RoleInfo (RoleInfo.java:updateAndGet(143)) - 40d2d32e-dd25-45df-8070-f9dc56ccf0a7: start FollowerState
2019-10-17 07:41:26,757 [Thread-253] INFO  impl.FollowerState (FollowerState.java:run(108)) - 40d2d32e-dd25-45df-8070-f9dc56ccf0a7@group-431D9A4508C5-FollowerState: change to CANDIDATE, lastRpcTime:24ms, electionTimeout:21ms
2019-10-17 07:41:26,758 [Thread-253] INFO  impl.RoleInfo (RoleInfo.java:shutdownFollowerState(121)) - 40d2d32e-dd25-45df-8070-f9dc56ccf0a7: shutdown FollowerState
2019-10-17 07:41:26,758 [Thread-253] INFO  impl.RaftServerImpl (RaftServerImpl.java:setRole(184)) - 40d2d32e-dd25-45df-8070-f9dc56ccf0a7@group-431D9A4508C5: changes role from  FOLLOWER to CANDIDATE at term 4 for changeToCandidate
2019-10-17 07:41:26,759 [Thread-253] INFO  impl.RoleInfo (RoleInfo.java:updateAndGet(143)) - 40d2d32e-dd25-45df-8070-f9dc56ccf0a7: start LeaderElection
2019-10-17 07:41:26,784 [40d2d32e-dd25-45df-8070-f9dc56ccf0a7@group-431D9A4508C5-LeaderElection9] INFO  impl.LeaderElection (LeaderElection.java:askForVotes(178)) - 40d2d32e-dd25-45df-8070-f9dc56ccf0a7@group-431D9A4508C5-LeaderElection9: begin an election at term 5 for -1: [40d2d32e-dd25-45df-8070-f9dc56ccf0a7:192.168.34.62:41633, cbde3520-0cea-4357-bb04-1a0ae64b2bb1:192.168.34.62:41642, 443b071d-6096-48d6-bfe7-498b7c8032c0:192.168.34.62:46516], old=null
2019-10-17 07:41:26,793 [grpc-default-executor-3] INFO  impl.RaftServerImpl (RaftServerImpl.java:setRole(184)) - cbde3520-0cea-4357-bb04-1a0ae64b2bb1@group-431D9A4508C5: changes role from  FOLLOWER to FOLLOWER at term 5 for recognizeCandidate:40d2d32e-dd25-45df-8070-f9dc56ccf0a7
2019-10-17 07:41:26,793 [grpc-default-executor-4] INFO  impl.RaftServerImpl (RaftServerImpl.java:setRole(184)) - 443b071d-6096-48d6-bfe7-498b7c8032c0@group-431D9A4508C5: changes role from  FOLLOWER to FOLLOWER at term 5 for recognizeCandidate:40d2d32e-dd25-45df-8070-f9dc56ccf0a7
2019-10-17 07:41:26,794 [grpc-default-executor-3] INFO  impl.RoleInfo (RoleInfo.java:shutdownFollowerState(121)) - cbde3520-0cea-4357-bb04-1a0ae64b2bb1: shutdown FollowerState
2019-10-17 07:41:26,794 [grpc-default-executor-4] INFO  impl.RoleInfo (RoleInfo.java:shutdownFollowerState(121)) - 443b071d-6096-48d6-bfe7-498b7c8032c0: shutdown FollowerState
2019-10-17 07:41:26,794 [grpc-default-executor-3] INFO  impl.RoleInfo (RoleInfo.java:updateAndGet(143)) - cbde3520-0cea-4357-bb04-1a0ae64b2bb1: start FollowerState
2019-10-17 07:41:26,794 [Thread-251] INFO  impl.FollowerState (FollowerState.java:run(117)) - cbde3520-0cea-4357-bb04-1a0ae64b2bb1@group-431D9A4508C5-FollowerState was interrupted: java.lang.InterruptedException: sleep interrupted
2019-10-17 07:41:26,794 [Thread-252] INFO  impl.FollowerState (FollowerState.java:run(117)) - 443b071d-6096-48d6-bfe7-498b7c8032c0@group-431D9A4508C5-FollowerState was interrupted: java.lang.InterruptedException: sleep interrupted
2019-10-17 07:41:26,794 [grpc-default-executor-4] INFO  impl.RoleInfo (RoleInfo.java:updateAndGet(143)) - 443b071d-6096-48d6-bfe7-498b7c8032c0: start FollowerState
2019-10-17 07:41:26,825 [40d2d32e-dd25-45df-8070-f9dc56ccf0a7@group-431D9A4508C5-LeaderElection9] INFO  impl.LeaderElection (LeaderElection.java:logAndReturn(56)) - 40d2d32e-dd25-45df-8070-f9dc56ccf0a7@group-431D9A4508C5-LeaderElection9: Election REJECTED; received 2 response(s) [40d2d32e-dd25-45df-8070-f9dc56ccf0a7<-cbde3520-0cea-4357-bb04-1a0ae64b2bb1#0:FAIL-t5, 40d2d32e-dd25-45df-8070-f9dc56ccf0a7<-443b071d-6096-48d6-bfe7-498b7c8032c0#0:FAIL-t5] and 0 exception(s); 40d2d32e-dd25-45df-8070-f9dc56ccf0a7@group-431D9A4508C5:t5, leader=null, voted=40d2d32e-dd25-45df-8070-f9dc56ccf0a7, raftlog=40d2d32e-dd25-45df-8070-f9dc56ccf0a7@group-431D9A4508C5-SegmentedRaftLog:OPENED:c-1,f-1,i0, conf=-1: [40d2d32e-dd25-45df-8070-f9dc56ccf0a7:192.168.34.62:41633, cbde3520-0cea-4357-bb04-1a0ae64b2bb1:192.168.34.62:41642, 443b071d-6096-48d6-bfe7-498b7c8032c0:192.168.34.62:46516], old=null
2019-10-17 07:41:26,825 [40d2d32e-dd25-45df-8070-f9dc56ccf0a7@group-431D9A4508C5-LeaderElection9] INFO  impl.RaftServerImpl (RaftServerImpl.java:setRole(184)) - 40d2d32e-dd25-45df-8070-f9dc56ccf0a7@group-431D9A4508C5: changes role from CANDIDATE to FOLLOWER at term 5 for DISCOVERED_A_NEW_TERM
2019-10-17 07:41:26,827 [40d2d32e-dd25-45df-8070-f9dc56ccf0a7@group-431D9A4508C5-LeaderElection9] INFO  impl.RoleInfo (RoleInfo.java:shutdownLeaderElection(134)) - 40d2d32e-dd25-45df-8070-f9dc56ccf0a7: shutdown LeaderElection
2019-10-17 07:41:26,827 [40d2d32e-dd25-45df-8070-f9dc56ccf0a7@group-431D9A4508C5-LeaderElection9] INFO  impl.RoleInfo (RoleInfo.java:updateAndGet(143)) - 40d2d32e-dd25-45df-8070-f9dc56ccf0a7: start FollowerState
2019-10-17 07:41:26,986 [Thread-259] INFO  impl.FollowerState (FollowerState.java:run(108)) - 40d2d32e-dd25-45df-8070-f9dc56ccf0a7@group-431D9A4508C5-FollowerState: change to CANDIDATE, lastRpcTime:158ms, electionTimeout:157ms
2019-10-17 07:41:26,988 [Thread-259] INFO  impl.RoleInfo (RoleInfo.java:shutdownFollowerState(121)) - 40d2d32e-dd25-45df-8070-f9dc56ccf0a7: shutdown FollowerState
2019-10-17 07:41:26,988 [Thread-259] INFO  impl.RaftServerImpl (RaftServerImpl.java:setRole(184)) - 40d2d32e-dd25-45df-8070-f9dc56ccf0a7@group-431D9A4508C5: changes role from  FOLLOWER to CANDIDATE at term 5 for changeToCandidate
2019-10-17 07:41:26,988 [Thread-259] INFO  impl.RoleInfo (RoleInfo.java:updateAndGet(143)) - 40d2d32e-dd25-45df-8070-f9dc56ccf0a7: start LeaderElection
2019-10-17 07:41:27,012 [40d2d32e-dd25-45df-8070-f9dc56ccf0a7@group-431D9A4508C5-LeaderElection10] INFO  impl.LeaderElection (LeaderElection.java:askForVotes(178)) - 40d2d32e-dd25-45df-8070-f9dc56ccf0a7@group-431D9A4508C5-LeaderElection10: begin an election at term 6 for -1: [40d2d32e-dd25-45df-8070-f9dc56ccf0a7:192.168.34.62:41633, cbde3520-0cea-4357-bb04-1a0ae64b2bb1:192.168.34.62:41642, 443b071d-6096-48d6-bfe7-498b7c8032c0:192.168.34.62:46516], old=null
2019-10-17 07:41:27,018 [grpc-default-executor-4] INFO  impl.RaftServerImpl (RaftServerImpl.java:setRole(184)) - cbde3520-0cea-4357-bb04-1a0ae64b2bb1@group-431D9A4508C5: changes role from  FOLLOWER to FOLLOWER at term 6 for recognizeCandidate:40d2d32e-dd25-45df-8070-f9dc56ccf0a7
2019-10-17 07:41:27,019 [grpc-default-executor-3] INFO  impl.RaftServerImpl (RaftServerImpl.java:setRole(184)) - 443b071d-6096-48d6-bfe7-498b7c8032c0@group-431D9A4508C5: changes role from  FOLLOWER to FOLLOWER at term 6 for recognizeCandidate:40d2d32e-dd25-45df-8070-f9dc56ccf0a7
2019-10-17 07:41:27,019 [grpc-default-executor-4] INFO  impl.RoleInfo (RoleInfo.java:shutdownFollowerState(121)) - cbde3520-0cea-4357-bb04-1a0ae64b2bb1: shutdown FollowerState
2019-10-17 07:41:27,019 [grpc-default-executor-3] INFO  impl.RoleInfo (RoleInfo.java:shutdownFollowerState(121)) - 443b071d-6096-48d6-bfe7-498b7c8032c0: shutdown FollowerState
2019-10-17 07:41:27,019 [Thread-257] INFO  impl.FollowerState (FollowerState.java:run(117)) - cbde3520-0cea-4357-bb04-1a0ae64b2bb1@group-431D9A4508C5-FollowerState was interrupted: java.lang.InterruptedException: sleep interrupted
2019-10-17 07:41:27,019 [grpc-default-executor-4] INFO  impl.RoleInfo (RoleInfo.java:updateAndGet(143)) - cbde3520-0cea-4357-bb04-1a0ae64b2bb1: start FollowerState
2019-10-17 07:41:27,019 [grpc-default-executor-3] INFO  impl.RoleInfo (RoleInfo.java:updateAndGet(143)) - 443b071d-6096-48d6-bfe7-498b7c8032c0: start FollowerState
2019-10-17 07:41:27,019 [Thread-258] INFO  impl.FollowerState (FollowerState.java:run(117)) - 443b071d-6096-48d6-bfe7-498b7c8032c0@group-431D9A4508C5-FollowerState was interrupted: java.lang.InterruptedException: sleep interrupted
2019-10-17 07:41:27,050 [40d2d32e-dd25-45df-8070-f9dc56ccf0a7@group-431D9A4508C5-LeaderElection10] INFO  impl.LeaderElection (LeaderElection.java:logAndReturn(56)) - 40d2d32e-dd25-45df-8070-f9dc56ccf0a7@group-431D9A4508C5-LeaderElection10: Election REJECTED; received 2 response(s) [40d2d32e-dd25-45df-8070-f9dc56ccf0a7<-cbde3520-0cea-4357-bb04-1a0ae64b2bb1#0:FAIL-t6, 40d2d32e-dd25-45df-8070-f9dc56ccf0a7<-443b071d-6096-48d6-bfe7-498b7c8032c0#0:FAIL-t6] and 0 exception(s); 40d2d32e-dd25-45df-8070-f9dc56ccf0a7@group-431D9A4508C5:t6, leader=null, voted=40d2d32e-dd25-45df-8070-f9dc56ccf0a7, raftlog=40d2d32e-dd25-45df-8070-f9dc56ccf0a7@group-431D9A4508C5-SegmentedRaftLog:OPENED:c-1,f-1,i0, conf=-1: [40d2d32e-dd25-45df-8070-f9dc56ccf0a7:192.168.34.62:41633, cbde3520-0cea-4357-bb04-1a0ae64b2bb1:192.168.34.62:41642, 443b071d-6096-48d6-bfe7-498b7c8032c0:192.168.34.62:46516], old=null
2019-10-17 07:41:27,050 [40d2d32e-dd25-45df-8070-f9dc56ccf0a7@group-431D9A4508C5-LeaderElection10] INFO  impl.RaftServerImpl (RaftServerImpl.java:setRole(184)) - 40d2d32e-dd25-45df-8070-f9dc56ccf0a7@group-431D9A4508C5: changes role from CANDIDATE to FOLLOWER at term 6 for DISCOVERED_A_NEW_TERM
2019-10-17 07:41:27,050 [40d2d32e-dd25-45df-8070-f9dc56ccf0a7@group-431D9A4508C5-LeaderElection10] INFO  impl.RoleInfo (RoleInfo.java:shutdownLeaderElection(134)) - 40d2d32e-dd25-45df-8070-f9dc56ccf0a7: shutdown LeaderElection
2019-10-17 07:41:27,051 [40d2d32e-dd25-45df-8070-f9dc56ccf0a7@group-431D9A4508C5-LeaderElection10] INFO  impl.RoleInfo (RoleInfo.java:updateAndGet(143)) - 40d2d32e-dd25-45df-8070-f9dc56ccf0a7: start FollowerState
2019-10-17 07:41:27,117 [Thread-265] INFO  impl.FollowerState (FollowerState.java:run(108)) - 40d2d32e-dd25-45df-8070-f9dc56ccf0a7@group-431D9A4508C5-FollowerState: change to CANDIDATE, lastRpcTime:66ms, electionTimeout:65ms
2019-10-17 07:41:27,118 [Thread-265] INFO  impl.RoleInfo (RoleInfo.java:shutdownFollowerState(121)) - 40d2d32e-dd25-45df-8070-f9dc56ccf0a7: shutdown FollowerState
2019-10-17 07:41:27,119 [Thread-265] INFO  impl.RaftServerImpl (RaftServerImpl.java:setRole(184)) - 40d2d32e-dd25-45df-8070-f9dc56ccf0a7@group-431D9A4508C5: changes role from  FOLLOWER to CANDIDATE at term 6 for changeToCandidate
2019-10-17 07:41:27,119 [Thread-265] INFO  impl.RoleInfo (RoleInfo.java:updateAndGet(143)) - 40d2d32e-dd25-45df-8070-f9dc56ccf0a7: start LeaderElection
2019-10-17 07:41:27,154 [40d2d32e-dd25-45df-8070-f9dc56ccf0a7@group-431D9A4508C5-LeaderElection11] INFO  impl.LeaderElection (LeaderElection.java:askForVotes(178)) - 40d2d32e-dd25-45df-8070-f9dc56ccf0a7@group-431D9A4508C5-LeaderElection11: begin an election at term 7 for -1: [40d2d32e-dd25-45df-8070-f9dc56ccf0a7:192.168.34.62:41633, cbde3520-0cea-4357-bb04-1a0ae64b2bb1:192.168.34.62:41642, 443b071d-6096-48d6-bfe7-498b7c8032c0:192.168.34.62:46516], old=null
2019-10-17 07:41:27,160 [grpc-default-executor-3] INFO  impl.RaftServerImpl (RaftServerImpl.java:setRole(184)) - 443b071d-6096-48d6-bfe7-498b7c8032c0@group-431D9A4508C5: changes role from  FOLLOWER to FOLLOWER at term 7 for recognizeCandidate:40d2d32e-dd25-45df-8070-f9dc56ccf0a7
2019-10-17 07:41:27,160 [grpc-default-executor-4] INFO  impl.RaftServerImpl (RaftServerImpl.java:setRole(184)) - cbde3520-0cea-4357-bb04-1a0ae64b2bb1@group-431D9A4508C5: changes role from  FOLLOWER to FOLLOWER at term 7 for recognizeCandidate:40d2d32e-dd25-45df-8070-f9dc56ccf0a7
2019-10-17 07:41:27,160 [grpc-default-executor-3] INFO  impl.RoleInfo (RoleInfo.java:shutdownFollowerState(121)) - 443b071d-6096-48d6-bfe7-498b7c8032c0: shutdown FollowerState
2019-10-17 07:41:27,160 [grpc-default-executor-4] INFO  impl.RoleInfo (RoleInfo.java:shutdownFollowerState(121)) - cbde3520-0cea-4357-bb04-1a0ae64b2bb1: shutdown FollowerState
2019-10-17 07:41:27,161 [grpc-default-executor-3] INFO  impl.RoleInfo (RoleInfo.java:updateAndGet(143)) - 443b071d-6096-48d6-bfe7-498b7c8032c0: start FollowerState
2019-10-17 07:41:27,161 [Thread-264] INFO  impl.FollowerState (FollowerState.java:run(117)) - 443b071d-6096-48d6-bfe7-498b7c8032c0@group-431D9A4508C5-FollowerState was interrupted: java.lang.InterruptedException: sleep interrupted
2019-10-17 07:41:27,161 [Thread-263] INFO  impl.FollowerState (FollowerState.java:run(117)) - cbde3520-0cea-4357-bb04-1a0ae64b2bb1@group-431D9A4508C5-FollowerState was interrupted: java.lang.InterruptedException: sleep interrupted
2019-10-17 07:41:27,161 [grpc-default-executor-4] INFO  impl.RoleInfo (RoleInfo.java:updateAndGet(143)) - cbde3520-0cea-4357-bb04-1a0ae64b2bb1: start FollowerState
2019-10-17 07:41:27,191 [40d2d32e-dd25-45df-8070-f9dc56ccf0a7@group-431D9A4508C5-LeaderElection11] INFO  impl.LeaderElection (LeaderElection.java:logAndReturn(56)) - 40d2d32e-dd25-45df-8070-f9dc56ccf0a7@group-431D9A4508C5-LeaderElection11: Election REJECTED; received 2 response(s) [40d2d32e-dd25-45df-8070-f9dc56ccf0a7<-443b071d-6096-48d6-bfe7-498b7c8032c0#0:FAIL-t7, 40d2d32e-dd25-45df-8070-f9dc56ccf0a7<-cbde3520-0cea-4357-bb04-1a0ae64b2bb1#0:FAIL-t7] and 0 exception(s); 40d2d32e-dd25-45df-8070-f9dc56ccf0a7@group-431D9A4508C5:t7, leader=null, voted=40d2d32e-dd25-45df-8070-f9dc56ccf0a7, raftlog=40d2d32e-dd25-45df-8070-f9dc56ccf0a7@group-431D9A4508C5-SegmentedRaftLog:OPENED:c-1,f-1,i0, conf=-1: [40d2d32e-dd25-45df-8070-f9dc56ccf0a7:192.168.34.62:41633, cbde3520-0cea-4357-bb04-1a0ae64b2bb1:192.168.34.62:41642, 443b071d-6096-48d6-bfe7-498b7c8032c0:192.168.34.62:46516], old=null
2019-10-17 07:41:27,192 [40d2d32e-dd25-45df-8070-f9dc56ccf0a7@group-431D9A4508C5-LeaderElection11] INFO  impl.RaftServerImpl (RaftServerImpl.java:setRole(184)) - 40d2d32e-dd25-45df-8070-f9dc56ccf0a7@group-431D9A4508C5: changes role from CANDIDATE to FOLLOWER at term 7 for DISCOVERED_A_NEW_TERM
2019-10-17 07:41:27,193 [40d2d32e-dd25-45df-8070-f9dc56ccf0a7@group-431D9A4508C5-LeaderElection11] INFO  impl.RoleInfo (RoleInfo.java:shutdownLeaderElection(134)) - 40d2d32e-dd25-45df-8070-f9dc56ccf0a7: shutdown LeaderElection
2019-10-17 07:41:27,193 [40d2d32e-dd25-45df-8070-f9dc56ccf0a7@group-431D9A4508C5-LeaderElection11] INFO  impl.RoleInfo (RoleInfo.java:updateAndGet(143)) - 40d2d32e-dd25-45df-8070-f9dc56ccf0a7: start FollowerState
2019-10-17 07:41:27,195 [main] INFO  ozone.MiniOzoneClusterImpl (MiniOzoneClusterImpl.java:lambda$waitForClusterToBeReady$2(164)) - Waiting for 1 number of pipelines out of 5, to report a leader.
2019-10-17 07:41:27,255 [Thread-271] INFO  impl.FollowerState (FollowerState.java:run(108)) - 40d2d32e-dd25-45df-8070-f9dc56ccf0a7@group-431D9A4508C5-FollowerState: change to CANDIDATE, lastRpcTime:62ms, electionTimeout:61ms
2019-10-17 07:41:27,256 [Thread-271] INFO  impl.RoleInfo (RoleInfo.java:shutdownFollowerState(121)) - 40d2d32e-dd25-45df-8070-f9dc56ccf0a7: shutdown FollowerState
2019-10-17 07:41:27,256 [Thread-271] INFO  impl.RaftServerImpl (RaftServerImpl.java:setRole(184)) - 40d2d32e-dd25-45df-8070-f9dc56ccf0a7@group-431D9A4508C5: changes role from  FOLLOWER to CANDIDATE at term 7 for changeToCandidate
2019-10-17 07:41:27,256 [Thread-271] INFO  impl.RoleInfo (RoleInfo.java:updateAndGet(143)) - 40d2d32e-dd25-45df-8070-f9dc56ccf0a7: start LeaderElection
2019-10-17 07:41:27,280 [40d2d32e-dd25-45df-8070-f9dc56ccf0a7@group-431D9A4508C5-LeaderElection12] INFO  impl.LeaderElection (LeaderElection.java:askForVotes(178)) - 40d2d32e-dd25-45df-8070-f9dc56ccf0a7@group-431D9A4508C5-LeaderElection12: begin an election at term 8 for -1: [40d2d32e-dd25-45df-8070-f9dc56ccf0a7:192.168.34.62:41633, cbde3520-0cea-4357-bb04-1a0ae64b2bb1:192.168.34.62:41642, 443b071d-6096-48d6-bfe7-498b7c8032c0:192.168.34.62:46516], old=null
2019-10-17 07:41:27,285 [grpc-default-executor-4] INFO  impl.RaftServerImpl (RaftServerImpl.java:setRole(184)) - cbde3520-0cea-4357-bb04-1a0ae64b2bb1@group-431D9A4508C5: changes role from  FOLLOWER to FOLLOWER at term 8 for recognizeCandidate:40d2d32e-dd25-45df-8070-f9dc56ccf0a7
2019-10-17 07:41:27,285 [grpc-default-executor-3] INFO  impl.RaftServerImpl (RaftServerImpl.java:setRole(184)) - 443b071d-6096-48d6-bfe7-498b7c8032c0@group-431D9A4508C5: changes role from  FOLLOWER to FOLLOWER at term 8 for recognizeCandidate:40d2d32e-dd25-45df-8070-f9dc56ccf0a7
2019-10-17 07:41:27,285 [grpc-default-executor-4] INFO  impl.RoleInfo (RoleInfo.java:shutdownFollowerState(121)) - cbde3520-0cea-4357-bb04-1a0ae64b2bb1: shutdown FollowerState
2019-10-17 07:41:27,285 [grpc-default-executor-3] INFO  impl.RoleInfo (RoleInfo.java:shutdownFollowerState(121)) - 443b071d-6096-48d6-bfe7-498b7c8032c0: shutdown FollowerState
2019-10-17 07:41:27,286 [Thread-270] INFO  impl.FollowerState (FollowerState.java:run(117)) - cbde3520-0cea-4357-bb04-1a0ae64b2bb1@group-431D9A4508C5-FollowerState was interrupted: java.lang.InterruptedException: sleep interrupted
2019-10-17 07:41:27,286 [grpc-default-executor-4] INFO  impl.RoleInfo (RoleInfo.java:updateAndGet(143)) - cbde3520-0cea-4357-bb04-1a0ae64b2bb1: start FollowerState
2019-10-17 07:41:27,286 [grpc-default-executor-3] INFO  impl.RoleInfo (RoleInfo.java:updateAndGet(143)) - 443b071d-6096-48d6-bfe7-498b7c8032c0: start FollowerState
2019-10-17 07:41:27,286 [Thread-269] INFO  impl.FollowerState (FollowerState.java:run(117)) - 443b071d-6096-48d6-bfe7-498b7c8032c0@group-431D9A4508C5-FollowerState was interrupted: java.lang.InterruptedException: sleep interrupted
2019-10-17 07:41:27,310 [40d2d32e-dd25-45df-8070-f9dc56ccf0a7@group-431D9A4508C5-LeaderElection12] INFO  impl.LeaderElection (LeaderElection.java:logAndReturn(56)) - 40d2d32e-dd25-45df-8070-f9dc56ccf0a7@group-431D9A4508C5-LeaderElection12: Election REJECTED; received 2 response(s) [40d2d32e-dd25-45df-8070-f9dc56ccf0a7<-443b071d-6096-48d6-bfe7-498b7c8032c0#0:FAIL-t8, 40d2d32e-dd25-45df-8070-f9dc56ccf0a7<-cbde3520-0cea-4357-bb04-1a0ae64b2bb1#0:FAIL-t8] and 0 exception(s); 40d2d32e-dd25-45df-8070-f9dc56ccf0a7@group-431D9A4508C5:t8, leader=null, voted=40d2d32e-dd25-45df-8070-f9dc56ccf0a7, raftlog=40d2d32e-dd25-45df-8070-f9dc56ccf0a7@group-431D9A4508C5-SegmentedRaftLog:OPENED:c-1,f-1,i0, conf=-1: [40d2d32e-dd25-45df-8070-f9dc56ccf0a7:192.168.34.62:41633, cbde3520-0cea-4357-bb04-1a0ae64b2bb1:192.168.34.62:41642, 443b071d-6096-48d6-bfe7-498b7c8032c0:192.168.34.62:46516], old=null
2019-10-17 07:41:27,310 [40d2d32e-dd25-45df-8070-f9dc56ccf0a7@group-431D9A4508C5-LeaderElection12] INFO  impl.RaftServerImpl (RaftServerImpl.java:setRole(184)) - 40d2d32e-dd25-45df-8070-f9dc56ccf0a7@group-431D9A4508C5: changes role from CANDIDATE to FOLLOWER at term 8 for DISCOVERED_A_NEW_TERM
2019-10-17 07:41:27,312 [40d2d32e-dd25-45df-8070-f9dc56ccf0a7@group-431D9A4508C5-LeaderElection12] INFO  impl.RoleInfo (RoleInfo.java:shutdownLeaderElection(134)) - 40d2d32e-dd25-45df-8070-f9dc56ccf0a7: shutdown LeaderElection
2019-10-17 07:41:27,313 [40d2d32e-dd25-45df-8070-f9dc56ccf0a7@group-431D9A4508C5-LeaderElection12] INFO  impl.RoleInfo (RoleInfo.java:updateAndGet(143)) - 40d2d32e-dd25-45df-8070-f9dc56ccf0a7: start FollowerState
2019-10-17 07:41:27,318 [Thread-277] INFO  impl.FollowerState (FollowerState.java:run(108)) - 40d2d32e-dd25-45df-8070-f9dc56ccf0a7@group-431D9A4508C5-FollowerState: change to CANDIDATE, lastRpcTime:5ms, electionTimeout:4ms
2019-10-17 07:41:27,319 [Thread-277] INFO  impl.RoleInfo (RoleInfo.java:shutdownFollowerState(121)) - 40d2d32e-dd25-45df-8070-f9dc56ccf0a7: shutdown FollowerState
2019-10-17 07:41:27,319 [Thread-277] INFO  impl.RaftServerImpl (RaftServerImpl.java:setRole(184)) - 40d2d32e-dd25-45df-8070-f9dc56ccf0a7@group-431D9A4508C5: changes role from  FOLLOWER to CANDIDATE at term 8 for changeToCandidate
2019-10-17 07:41:27,319 [Thread-277] INFO  impl.RoleInfo (RoleInfo.java:updateAndGet(143)) - 40d2d32e-dd25-45df-8070-f9dc56ccf0a7: start LeaderElection
2019-10-17 07:41:27,344 [40d2d32e-dd25-45df-8070-f9dc56ccf0a7@group-431D9A4508C5-LeaderElection13] INFO  impl.LeaderElection (LeaderElection.java:askForVotes(178)) - 40d2d32e-dd25-45df-8070-f9dc56ccf0a7@group-431D9A4508C5-LeaderElection13: begin an election at term 9 for -1: [40d2d32e-dd25-45df-8070-f9dc56ccf0a7:192.168.34.62:41633, cbde3520-0cea-4357-bb04-1a0ae64b2bb1:192.168.34.62:41642, 443b071d-6096-48d6-bfe7-498b7c8032c0:192.168.34.62:46516], old=null
2019-10-17 07:41:27,350 [grpc-default-executor-4] INFO  impl.RaftServerImpl (RaftServerImpl.java:setRole(184)) - 443b071d-6096-48d6-bfe7-498b7c8032c0@group-431D9A4508C5: changes role from  FOLLOWER to FOLLOWER at term 9 for recognizeCandidate:40d2d32e-dd25-45df-8070-f9dc56ccf0a7
2019-10-17 07:41:27,350 [grpc-default-executor-4] INFO  impl.RoleInfo (RoleInfo.java:shutdownFollowerState(121)) - 443b071d-6096-48d6-bfe7-498b7c8032c0: shutdown FollowerState
2019-10-17 07:41:27,350 [grpc-default-executor-4] INFO  impl.RoleInfo (RoleInfo.java:updateAndGet(143)) - 443b071d-6096-48d6-bfe7-498b7c8032c0: start FollowerState
2019-10-17 07:41:27,351 [Thread-276] INFO  impl.FollowerState (FollowerState.java:run(117)) - 443b071d-6096-48d6-bfe7-498b7c8032c0@group-431D9A4508C5-FollowerState was interrupted: java.lang.InterruptedException: sleep interrupted
2019-10-17 07:41:27,353 [grpc-default-executor-3] INFO  impl.RaftServerImpl (RaftServerImpl.java:setRole(184)) - cbde3520-0cea-4357-bb04-1a0ae64b2bb1@group-431D9A4508C5: changes role from  FOLLOWER to FOLLOWER at term 9 for recognizeCandidate:40d2d32e-dd25-45df-8070-f9dc56ccf0a7
2019-10-17 07:41:27,353 [grpc-default-executor-3] INFO  impl.RoleInfo (RoleInfo.java:shutdownFollowerState(121)) - cbde3520-0cea-4357-bb04-1a0ae64b2bb1: shutdown FollowerState
2019-10-17 07:41:27,353 [Thread-275] INFO  impl.FollowerState (FollowerState.java:run(117)) - cbde3520-0cea-4357-bb04-1a0ae64b2bb1@group-431D9A4508C5-FollowerState was interrupted: java.lang.InterruptedException: sleep interrupted
2019-10-17 07:41:27,353 [grpc-default-executor-3] INFO  impl.RoleInfo (RoleInfo.java:updateAndGet(143)) - cbde3520-0cea-4357-bb04-1a0ae64b2bb1: start FollowerState
2019-10-17 07:41:27,363 [40d2d32e-dd25-45df-8070-f9dc56ccf0a7@group-431D9A4508C5-LeaderElection13] INFO  impl.LeaderElection (LeaderElection.java:logAndReturn(56)) - 40d2d32e-dd25-45df-8070-f9dc56ccf0a7@group-431D9A4508C5-LeaderElection13: Election TIMEOUT; received 0 response(s) [] and 0 exception(s); 40d2d32e-dd25-45df-8070-f9dc56ccf0a7@group-431D9A4508C5:t9, leader=null, voted=40d2d32e-dd25-45df-8070-f9dc56ccf0a7, raftlog=40d2d32e-dd25-45df-8070-f9dc56ccf0a7@group-431D9A4508C5-SegmentedRaftLog:OPENED:c-1,f-1,i0, conf=-1: [40d2d32e-dd25-45df-8070-f9dc56ccf0a7:192.168.34.62:41633, cbde3520-0cea-4357-bb04-1a0ae64b2bb1:192.168.34.62:41642, 443b071d-6096-48d6-bfe7-498b7c8032c0:192.168.34.62:46516], old=null
2019-10-17 07:41:27,376 [40d2d32e-dd25-45df-8070-f9dc56ccf0a7@group-431D9A4508C5-LeaderElection13] INFO  impl.LeaderElection (LeaderElection.java:askForVotes(178)) - 40d2d32e-dd25-45df-8070-f9dc56ccf0a7@group-431D9A4508C5-LeaderElection13: begin an election at term 10 for -1: [40d2d32e-dd25-45df-8070-f9dc56ccf0a7:192.168.34.62:41633, cbde3520-0cea-4357-bb04-1a0ae64b2bb1:192.168.34.62:41642, 443b071d-6096-48d6-bfe7-498b7c8032c0:192.168.34.62:46516], old=null
2019-10-17 07:41:27,386 [grpc-default-executor-3] INFO  impl.RaftServerImpl (RaftServerImpl.java:setRole(184)) - 443b071d-6096-48d6-bfe7-498b7c8032c0@group-431D9A4508C5: changes role from  FOLLOWER to FOLLOWER at term 10 for recognizeCandidate:40d2d32e-dd25-45df-8070-f9dc56ccf0a7
2019-10-17 07:41:27,387 [grpc-default-executor-4] INFO  impl.RaftServerImpl (RaftServerImpl.java:setRole(184)) - cbde3520-0cea-4357-bb04-1a0ae64b2bb1@group-431D9A4508C5: changes role from  FOLLOWER to FOLLOWER at term 10 for recognizeCandidate:40d2d32e-dd25-45df-8070-f9dc56ccf0a7
2019-10-17 07:41:27,387 [grpc-default-executor-3] INFO  impl.RoleInfo (RoleInfo.java:shutdownFollowerState(121)) - 443b071d-6096-48d6-bfe7-498b7c8032c0: shutdown FollowerState
2019-10-17 07:41:27,387 [grpc-default-executor-4] INFO  impl.RoleInfo (RoleInfo.java:shutdownFollowerState(121)) - cbde3520-0cea-4357-bb04-1a0ae64b2bb1: shutdown FollowerState
2019-10-17 07:41:27,388 [grpc-default-executor-3] INFO  impl.RoleInfo (RoleInfo.java:updateAndGet(143)) - 443b071d-6096-48d6-bfe7-498b7c8032c0: start FollowerState
2019-10-17 07:41:27,388 [Thread-281] INFO  impl.FollowerState (FollowerState.java:run(117)) - 443b071d-6096-48d6-bfe7-498b7c8032c0@group-431D9A4508C5-FollowerState was interrupted: java.lang.InterruptedException: sleep interrupted
2019-10-17 07:41:27,388 [Thread-282] INFO  impl.FollowerState (FollowerState.java:run(117)) - cbde3520-0cea-4357-bb04-1a0ae64b2bb1@group-431D9A4508C5-FollowerState was interrupted: java.lang.InterruptedException: sleep interrupted
2019-10-17 07:41:27,388 [grpc-default-executor-4] INFO  impl.RoleInfo (RoleInfo.java:updateAndGet(143)) - cbde3520-0cea-4357-bb04-1a0ae64b2bb1: start FollowerState
2019-10-17 07:41:27,406 [40d2d32e-dd25-45df-8070-f9dc56ccf0a7@group-431D9A4508C5-LeaderElection13] INFO  impl.LeaderElection (LeaderElection.java:logAndReturn(56)) - 40d2d32e-dd25-45df-8070-f9dc56ccf0a7@group-431D9A4508C5-LeaderElection13: Election TIMEOUT; received 0 response(s) [] and 0 exception(s); 40d2d32e-dd25-45df-8070-f9dc56ccf0a7@group-431D9A4508C5:t10, leader=null, voted=40d2d32e-dd25-45df-8070-f9dc56ccf0a7, raftlog=40d2d32e-dd25-45df-8070-f9dc56ccf0a7@group-431D9A4508C5-SegmentedRaftLog:OPENED:c-1,f-1,i0, conf=-1: [40d2d32e-dd25-45df-8070-f9dc56ccf0a7:192.168.34.62:41633, cbde3520-0cea-4357-bb04-1a0ae64b2bb1:192.168.34.62:41642, 443b071d-6096-48d6-bfe7-498b7c8032c0:192.168.34.62:46516], old=null
2019-10-17 07:41:27,436 [40d2d32e-dd25-45df-8070-f9dc56ccf0a7@group-431D9A4508C5-LeaderElection13] INFO  impl.LeaderElection (LeaderElection.java:askForVotes(178)) - 40d2d32e-dd25-45df-8070-f9dc56ccf0a7@group-431D9A4508C5-LeaderElection13: begin an election at term 11 for -1: [40d2d32e-dd25-45df-8070-f9dc56ccf0a7:192.168.34.62:41633, cbde3520-0cea-4357-bb04-1a0ae64b2bb1:192.168.34.62:41642, 443b071d-6096-48d6-bfe7-498b7c8032c0:192.168.34.62:46516], old=null
2019-10-17 07:41:27,441 [grpc-default-executor-4] INFO  impl.RaftServerImpl (RaftServerImpl.java:setRole(184)) - cbde3520-0cea-4357-bb04-1a0ae64b2bb1@group-431D9A4508C5: changes role from  FOLLOWER to FOLLOWER at term 11 for recognizeCandidate:40d2d32e-dd25-45df-8070-f9dc56ccf0a7
2019-10-17 07:41:27,442 [grpc-default-executor-4] INFO  impl.RoleInfo (RoleInfo.java:shutdownFollowerState(121)) - cbde3520-0cea-4357-bb04-1a0ae64b2bb1: shutdown FollowerState
2019-10-17 07:41:27,442 [grpc-default-executor-4] INFO  impl.RoleInfo (RoleInfo.java:updateAndGet(143)) - cbde3520-0cea-4357-bb04-1a0ae64b2bb1: start FollowerState
2019-10-17 07:41:27,442 [grpc-default-executor-3] INFO  impl.RaftServerImpl (RaftServerImpl.java:setRole(184)) - 443b071d-6096-48d6-bfe7-498b7c8032c0@group-431D9A4508C5: changes role from  FOLLOWER to FOLLOWER at term 11 for recognizeCandidate:40d2d32e-dd25-45df-8070-f9dc56ccf0a7
2019-10-17 07:41:27,442 [Thread-286] INFO  impl.FollowerState (FollowerState.java:run(117)) - cbde3520-0cea-4357-bb04-1a0ae64b2bb1@group-431D9A4508C5-FollowerState was interrupted: java.lang.InterruptedException: sleep interrupted
2019-10-17 07:41:27,443 [grpc-default-executor-3] INFO  impl.RoleInfo (RoleInfo.java:shutdownFollowerState(121)) - 443b071d-6096-48d6-bfe7-498b7c8032c0: shutdown FollowerState
2019-10-17 07:41:27,444 [Thread-285] INFO  impl.FollowerState (FollowerState.java:run(117)) - 443b071d-6096-48d6-bfe7-498b7c8032c0@group-431D9A4508C5-FollowerState was interrupted: java.lang.InterruptedException: sleep interrupted
2019-10-17 07:41:27,444 [grpc-default-executor-3] INFO  impl.RoleInfo (RoleInfo.java:updateAndGet(143)) - 443b071d-6096-48d6-bfe7-498b7c8032c0: start FollowerState
2019-10-17 07:41:27,471 [40d2d32e-dd25-45df-8070-f9dc56ccf0a7@group-431D9A4508C5-LeaderElection13] INFO  impl.LeaderElection (LeaderElection.java:logAndReturn(56)) - 40d2d32e-dd25-45df-8070-f9dc56ccf0a7@group-431D9A4508C5-LeaderElection13: Election REJECTED; received 2 response(s) [40d2d32e-dd25-45df-8070-f9dc56ccf0a7<-443b071d-6096-48d6-bfe7-498b7c8032c0#0:FAIL-t11, 40d2d32e-dd25-45df-8070-f9dc56ccf0a7<-cbde3520-0cea-4357-bb04-1a0ae64b2bb1#0:FAIL-t11] and 0 exception(s); 40d2d32e-dd25-45df-8070-f9dc56ccf0a7@group-431D9A4508C5:t11, leader=null, voted=40d2d32e-dd25-45df-8070-f9dc56ccf0a7, raftlog=40d2d32e-dd25-45df-8070-f9dc56ccf0a7@group-431D9A4508C5-SegmentedRaftLog:OPENED:c-1,f-1,i0, conf=-1: [40d2d32e-dd25-45df-8070-f9dc56ccf0a7:192.168.34.62:41633, cbde3520-0cea-4357-bb04-1a0ae64b2bb1:192.168.34.62:41642, 443b071d-6096-48d6-bfe7-498b7c8032c0:192.168.34.62:46516], old=null
2019-10-17 07:41:27,471 [40d2d32e-dd25-45df-8070-f9dc56ccf0a7@group-431D9A4508C5-LeaderElection13] INFO  impl.RaftServerImpl (RaftServerImpl.java:setRole(184)) - 40d2d32e-dd25-45df-8070-f9dc56ccf0a7@group-431D9A4508C5: changes role from CANDIDATE to FOLLOWER at term 11 for DISCOVERED_A_NEW_TERM
2019-10-17 07:41:27,473 [40d2d32e-dd25-45df-8070-f9dc56ccf0a7@group-431D9A4508C5-LeaderElection13] INFO  impl.RoleInfo (RoleInfo.java:shutdownLeaderElection(134)) - 40d2d32e-dd25-45df-8070-f9dc56ccf0a7: shutdown LeaderElection
2019-10-17 07:41:27,473 [40d2d32e-dd25-45df-8070-f9dc56ccf0a7@group-431D9A4508C5-LeaderElection13] INFO  impl.RoleInfo (RoleInfo.java:updateAndGet(143)) - 40d2d32e-dd25-45df-8070-f9dc56ccf0a7: start FollowerState
2019-10-17 07:41:27,476 [Thread-291] INFO  impl.FollowerState (FollowerState.java:run(108)) - 40d2d32e-dd25-45df-8070-f9dc56ccf0a7@group-431D9A4508C5-FollowerState: change to CANDIDATE, lastRpcTime:2ms, electionTimeout:1ms
2019-10-17 07:41:27,477 [Thread-291] INFO  impl.RoleInfo (RoleInfo.java:shutdownFollowerState(121)) - 40d2d32e-dd25-45df-8070-f9dc56ccf0a7: shutdown FollowerState
2019-10-17 07:41:27,477 [Thread-291] INFO  impl.RaftServerImpl (RaftServerImpl.java:setRole(184)) - 40d2d32e-dd25-45df-8070-f9dc56ccf0a7@group-431D9A4508C5: changes role from  FOLLOWER to CANDIDATE at term 11 for changeToCandidate
2019-10-17 07:41:27,477 [Thread-291] INFO  impl.RoleInfo (RoleInfo.java:updateAndGet(143)) - 40d2d32e-dd25-45df-8070-f9dc56ccf0a7: start LeaderElection
2019-10-17 07:41:27,502 [40d2d32e-dd25-45df-8070-f9dc56ccf0a7@group-431D9A4508C5-LeaderElection14] INFO  impl.LeaderElection (LeaderElection.java:askForVotes(178)) - 40d2d32e-dd25-45df-8070-f9dc56ccf0a7@group-431D9A4508C5-LeaderElection14: begin an election at term 12 for -1: [40d2d32e-dd25-45df-8070-f9dc56ccf0a7:192.168.34.62:41633, cbde3520-0cea-4357-bb04-1a0ae64b2bb1:192.168.34.62:41642, 443b071d-6096-48d6-bfe7-498b7c8032c0:192.168.34.62:46516], old=null
2019-10-17 07:41:27,507 [grpc-default-executor-4] INFO  impl.RaftServerImpl (RaftServerImpl.java:setRole(184)) - cbde3520-0cea-4357-bb04-1a0ae64b2bb1@group-431D9A4508C5: changes role from  FOLLOWER to FOLLOWER at term 12 for recognizeCandidate:40d2d32e-dd25-45df-8070-f9dc56ccf0a7
2019-10-17 07:41:27,507 [grpc-default-executor-3] INFO  impl.RaftServerImpl (RaftServerImpl.java:setRole(184)) - 443b071d-6096-48d6-bfe7-498b7c8032c0@group-431D9A4508C5: changes role from  FOLLOWER to FOLLOWER at term 12 for recognizeCandidate:40d2d32e-dd25-45df-8070-f9dc56ccf0a7
2019-10-17 07:41:27,508 [grpc-default-executor-4] INFO  impl.RoleInfo (RoleInfo.java:shutdownFollowerState(121)) - cbde3520-0cea-4357-bb04-1a0ae64b2bb1: shutdown FollowerState
2019-10-17 07:41:27,508 [grpc-default-executor-3] INFO  impl.RoleInfo (RoleInfo.java:shutdownFollowerState(121)) - 443b071d-6096-48d6-bfe7-498b7c8032c0: shutdown FollowerState
2019-10-17 07:41:27,508 [Thread-289] INFO  impl.FollowerState (FollowerState.java:run(117)) - cbde3520-0cea-4357-bb04-1a0ae64b2bb1@group-431D9A4508C5-FollowerState was interrupted: java.lang.InterruptedException: sleep interrupted
2019-10-17 07:41:27,508 [Thread-290] INFO  impl.FollowerState (FollowerState.java:run(117)) - 443b071d-6096-48d6-bfe7-498b7c8032c0@group-431D9A4508C5-FollowerState was interrupted: java.lang.InterruptedException: sleep interrupted
2019-10-17 07:41:27,508 [grpc-default-executor-3] INFO  impl.RoleInfo (RoleInfo.java:updateAndGet(143)) - 443b071d-6096-48d6-bfe7-498b7c8032c0: start FollowerState
2019-10-17 07:41:27,508 [grpc-default-executor-4] INFO  impl.RoleInfo (RoleInfo.java:updateAndGet(143)) - cbde3520-0cea-4357-bb04-1a0ae64b2bb1: start FollowerState
2019-10-17 07:41:27,521 [40d2d32e-dd25-45df-8070-f9dc56ccf0a7@group-431D9A4508C5-LeaderElection14] INFO  impl.LeaderElection (LeaderElection.java:logAndReturn(56)) - 40d2d32e-dd25-45df-8070-f9dc56ccf0a7@group-431D9A4508C5-LeaderElection14: Election TIMEOUT; received 0 response(s) [] and 0 exception(s); 40d2d32e-dd25-45df-8070-f9dc56ccf0a7@group-431D9A4508C5:t12, leader=null, voted=40d2d32e-dd25-45df-8070-f9dc56ccf0a7, raftlog=40d2d32e-dd25-45df-8070-f9dc56ccf0a7@group-431D9A4508C5-SegmentedRaftLog:OPENED:c-1,f-1,i0, conf=-1: [40d2d32e-dd25-45df-8070-f9dc56ccf0a7:192.168.34.62:41633, cbde3520-0cea-4357-bb04-1a0ae64b2bb1:192.168.34.62:41642, 443b071d-6096-48d6-bfe7-498b7c8032c0:192.168.34.62:46516], old=null
2019-10-17 07:41:27,566 [40d2d32e-dd25-45df-8070-f9dc56ccf0a7@group-431D9A4508C5-LeaderElection14] INFO  impl.LeaderElection (LeaderElection.java:askForVotes(178)) - 40d2d32e-dd25-45df-8070-f9dc56ccf0a7@group-431D9A4508C5-LeaderElection14: begin an election at term 13 for -1: [40d2d32e-dd25-45df-8070-f9dc56ccf0a7:192.168.34.62:41633, cbde3520-0cea-4357-bb04-1a0ae64b2bb1:192.168.34.62:41642, 443b071d-6096-48d6-bfe7-498b7c8032c0:192.168.34.62:46516], old=null
2019-10-17 07:41:27,573 [grpc-default-executor-4] INFO  impl.RaftServerImpl (RaftServerImpl.java:setRole(184)) - 443b071d-6096-48d6-bfe7-498b7c8032c0@group-431D9A4508C5: changes role from  FOLLOWER to FOLLOWER at term 13 for recognizeCandidate:40d2d32e-dd25-45df-8070-f9dc56ccf0a7
2019-10-17 07:41:27,573 [grpc-default-executor-3] INFO  impl.RaftServerImpl (RaftServerImpl.java:setRole(184)) - cbde3520-0cea-4357-bb04-1a0ae64b2bb1@group-431D9A4508C5: changes role from  FOLLOWER to FOLLOWER at term 13 for recognizeCandidate:40d2d32e-dd25-45df-8070-f9dc56ccf0a7
2019-10-17 07:41:27,574 [grpc-default-executor-4] INFO  impl.RoleInfo (RoleInfo.java:shutdownFollowerState(121)) - 443b071d-6096-48d6-bfe7-498b7c8032c0: shutdown FollowerState
2019-10-17 07:41:27,574 [grpc-default-executor-3] INFO  impl.RoleInfo (RoleInfo.java:shutdownFollowerState(121)) - cbde3520-0cea-4357-bb04-1a0ae64b2bb1: shutdown FollowerState
2019-10-17 07:41:27,574 [Thread-296] INFO  impl.FollowerState (FollowerState.java:run(117)) - 443b071d-6096-48d6-bfe7-498b7c8032c0@group-431D9A4508C5-FollowerState was interrupted: java.lang.InterruptedException: sleep interrupted
2019-10-17 07:41:27,575 [grpc-default-executor-3] INFO  impl.RoleInfo (RoleInfo.java:updateAndGet(143)) - cbde3520-0cea-4357-bb04-1a0ae64b2bb1: start FollowerState
2019-10-17 07:41:27,574 [grpc-default-executor-4] INFO  impl.RoleInfo (RoleInfo.java:updateAndGet(143)) - 443b071d-6096-48d6-bfe7-498b7c8032c0: start FollowerState
2019-10-17 07:41:27,574 [Thread-295] INFO  impl.FollowerState (FollowerState.java:run(117)) - cbde3520-0cea-4357-bb04-1a0ae64b2bb1@group-431D9A4508C5-FollowerState was interrupted: java.lang.InterruptedException: sleep interrupted
2019-10-17 07:41:27,611 [40d2d32e-dd25-45df-8070-f9dc56ccf0a7@group-431D9A4508C5-LeaderElection14] INFO  impl.LeaderElection (LeaderElection.java:logAndReturn(56)) - 40d2d32e-dd25-45df-8070-f9dc56ccf0a7@group-431D9A4508C5-LeaderElection14: Election REJECTED; received 2 response(s) [40d2d32e-dd25-45df-8070-f9dc56ccf0a7<-443b071d-6096-48d6-bfe7-498b7c8032c0#0:FAIL-t13, 40d2d32e-dd25-45df-8070-f9dc56ccf0a7<-cbde3520-0cea-4357-bb04-1a0ae64b2bb1#0:FAIL-t13] and 0 exception(s); 40d2d32e-dd25-45df-8070-f9dc56ccf0a7@group-431D9A4508C5:t13, leader=null, voted=40d2d32e-dd25-45df-8070-f9dc56ccf0a7, raftlog=40d2d32e-dd25-45df-8070-f9dc56ccf0a7@group-431D9A4508C5-SegmentedRaftLog:OPENED:c-1,f-1,i0, conf=-1: [40d2d32e-dd25-45df-8070-f9dc56ccf0a7:192.168.34.62:41633, cbde3520-0cea-4357-bb04-1a0ae64b2bb1:192.168.34.62:41642, 443b071d-6096-48d6-bfe7-498b7c8032c0:192.168.34.62:46516], old=null
2019-10-17 07:41:27,611 [40d2d32e-dd25-45df-8070-f9dc56ccf0a7@group-431D9A4508C5-LeaderElection14] INFO  impl.RaftServerImpl (RaftServerImpl.java:setRole(184)) - 40d2d32e-dd25-45df-8070-f9dc56ccf0a7@group-431D9A4508C5: changes role from CANDIDATE to FOLLOWER at term 13 for DISCOVERED_A_NEW_TERM
2019-10-17 07:41:27,611 [40d2d32e-dd25-45df-8070-f9dc56ccf0a7@group-431D9A4508C5-LeaderElection14] INFO  impl.RoleInfo (RoleInfo.java:shutdownLeaderElection(134)) - 40d2d32e-dd25-45df-8070-f9dc56ccf0a7: shutdown LeaderElection
2019-10-17 07:41:27,611 [40d2d32e-dd25-45df-8070-f9dc56ccf0a7@group-431D9A4508C5-LeaderElection14] INFO  impl.RoleInfo (RoleInfo.java:updateAndGet(143)) - 40d2d32e-dd25-45df-8070-f9dc56ccf0a7: start FollowerState
2019-10-17 07:41:27,774 [Thread-301] INFO  impl.FollowerState (FollowerState.java:run(108)) - 40d2d32e-dd25-45df-8070-f9dc56ccf0a7@group-431D9A4508C5-FollowerState: change to CANDIDATE, lastRpcTime:162ms, electionTimeout:162ms
2019-10-17 07:41:27,776 [Thread-301] INFO  impl.RoleInfo (RoleInfo.java:shutdownFollowerState(121)) - 40d2d32e-dd25-45df-8070-f9dc56ccf0a7: shutdown FollowerState
2019-10-17 07:41:27,777 [Thread-301] INFO  impl.RaftServerImpl (RaftServerImpl.java:setRole(184)) - 40d2d32e-dd25-45df-8070-f9dc56ccf0a7@group-431D9A4508C5: changes role from  FOLLOWER to CANDIDATE at term 13 for changeToCandidate
2019-10-17 07:41:27,777 [Thread-301] INFO  impl.RoleInfo (RoleInfo.java:updateAndGet(143)) - 40d2d32e-dd25-45df-8070-f9dc56ccf0a7: start LeaderElection
2019-10-17 07:41:27,792 [40d2d32e-dd25-45df-8070-f9dc56ccf0a7@group-431D9A4508C5-LeaderElection15] INFO  impl.LeaderElection (LeaderElection.java:askForVotes(178)) - 40d2d32e-dd25-45df-8070-f9dc56ccf0a7@group-431D9A4508C5-LeaderElection15: begin an election at term 14 for -1: [40d2d32e-dd25-45df-8070-f9dc56ccf0a7:192.168.34.62:41633, cbde3520-0cea-4357-bb04-1a0ae64b2bb1:192.168.34.62:41642, 443b071d-6096-48d6-bfe7-498b7c8032c0:192.168.34.62:46516], old=null
2019-10-17 07:41:27,799 [grpc-default-executor-4] INFO  impl.RaftServerImpl (RaftServerImpl.java:setRole(184)) - cbde3520-0cea-4357-bb04-1a0ae64b2bb1@group-431D9A4508C5: changes role from  FOLLOWER to FOLLOWER at term 14 for recognizeCandidate:40d2d32e-dd25-45df-8070-f9dc56ccf0a7
2019-10-17 07:41:27,799 [grpc-default-executor-3] INFO  impl.RaftServerImpl (RaftServerImpl.java:setRole(184)) - 443b071d-6096-48d6-bfe7-498b7c8032c0@group-431D9A4508C5: changes role from  FOLLOWER to FOLLOWER at term 14 for recognizeCandidate:40d2d32e-dd25-45df-8070-f9dc56ccf0a7
2019-10-17 07:41:27,800 [grpc-default-executor-4] INFO  impl.RoleInfo (RoleInfo.java:shutdownFollowerState(121)) - cbde3520-0cea-4357-bb04-1a0ae64b2bb1: shutdown FollowerState
2019-10-17 07:41:27,800 [grpc-default-executor-3] INFO  impl.RoleInfo (RoleInfo.java:shutdownFollowerState(121)) - 443b071d-6096-48d6-bfe7-498b7c8032c0: shutdown FollowerState
2019-10-17 07:41:27,800 [Thread-300] INFO  impl.FollowerState (FollowerState.java:run(117)) - cbde3520-0cea-4357-bb04-1a0ae64b2bb1@group-431D9A4508C5-FollowerState was interrupted: java.lang.InterruptedException: sleep interrupted
2019-10-17 07:41:27,800 [grpc-default-executor-4] INFO  impl.RoleInfo (RoleInfo.java:updateAndGet(143)) - cbde3520-0cea-4357-bb04-1a0ae64b2bb1: start FollowerState
2019-10-17 07:41:27,800 [Thread-299] INFO  impl.FollowerState (FollowerState.java:run(117)) - 443b071d-6096-48d6-bfe7-498b7c8032c0@group-431D9A4508C5-FollowerState was interrupted: java.lang.InterruptedException: sleep interrupted
2019-10-17 07:41:27,800 [grpc-default-executor-3] INFO  impl.RoleInfo (RoleInfo.java:updateAndGet(143)) - 443b071d-6096-48d6-bfe7-498b7c8032c0: start FollowerState
2019-10-17 07:41:27,815 [Thread-193] INFO  container.ReplicationManager (ReplicationManager.java:start(162)) - Starting Replication Monitor Thread.
2019-10-17 07:41:27,816 [Thread-193] INFO  pipeline.SCMPipelineManager (SCMPipelineManager.java:finalizeAndDestroyPipeline(315)) - destroying pipeline:Pipeline[ Id: e0a86fe4-d440-4676-974b-431d9a4508c5, Nodes: 40d2d32e-dd25-45df-8070-f9dc56ccf0a7{ip: 192.168.34.62, host: pr-hdds-1868-lzclr-202649289, networkLocation: /default-rack, certSerialId: null}cbde3520-0cea-4357-bb04-1a0ae64b2bb1{ip: 192.168.34.62, host: pr-hdds-1868-lzclr-202649289, networkLocation: /default-rack, certSerialId: null}443b071d-6096-48d6-bfe7-498b7c8032c0{ip: 192.168.34.62, host: pr-hdds-1868-lzclr-202649289, networkLocation: /default-rack, certSerialId: null}, Type:RATIS, Factor:THREE, State:ALLOCATED]
2019-10-17 07:41:27,817 [Thread-193] INFO  pipeline.PipelineStateManager (PipelineStateManager.java:finalizePipeline(121)) - Pipeline Pipeline[ Id: e0a86fe4-d440-4676-974b-431d9a4508c5, Nodes: 40d2d32e-dd25-45df-8070-f9dc56ccf0a7{ip: 192.168.34.62, host: pr-hdds-1868-lzclr-202649289, networkLocation: /default-rack, certSerialId: null}cbde3520-0cea-4357-bb04-1a0ae64b2bb1{ip: 192.168.34.62, host: pr-hdds-1868-lzclr-202649289, networkLocation: /default-rack, certSerialId: null}443b071d-6096-48d6-bfe7-498b7c8032c0{ip: 192.168.34.62, host: pr-hdds-1868-lzclr-202649289, networkLocation: /default-rack, certSerialId: null}, Type:RATIS, Factor:THREE, State:CLOSED] moved to CLOSED state
2019-10-17 07:41:27,817 [ReplicationMonitor] INFO  container.ReplicationManager (ReplicationManager.java:run(225)) - Replication Monitor Thread took 1 milliseconds for processing 0 containers.
2019-10-17 07:41:27,830 [40d2d32e-dd25-45df-8070-f9dc56ccf0a7@group-431D9A4508C5-LeaderElection15] INFO  impl.LeaderElection (LeaderElection.java:logAndReturn(56)) - 40d2d32e-dd25-45df-8070-f9dc56ccf0a7@group-431D9A4508C5-LeaderElection15: Election REJECTED; received 2 response(s) [40d2d32e-dd25-45df-8070-f9dc56ccf0a7<-cbde3520-0cea-4357-bb04-1a0ae64b2bb1#0:FAIL-t14, 40d2d32e-dd25-45df-8070-f9dc56ccf0a7<-443b071d-6096-48d6-bfe7-498b7c8032c0#0:FAIL-t14] and 0 exception(s); 40d2d32e-dd25-45df-8070-f9dc56ccf0a7@group-431D9A4508C5:t14, leader=null, voted=40d2d32e-dd25-45df-8070-f9dc56ccf0a7, raftlog=40d2d32e-dd25-45df-8070-f9dc56ccf0a7@group-431D9A4508C5-SegmentedRaftLog:OPENED:c-1,f-1,i0, conf=-1: [40d2d32e-dd25-45df-8070-f9dc56ccf0a7:192.168.34.62:41633, cbde3520-0cea-4357-bb04-1a0ae64b2bb1:192.168.34.62:41642, 443b071d-6096-48d6-bfe7-498b7c8032c0:192.168.34.62:46516], old=null
2019-10-17 07:41:27,831 [40d2d32e-dd25-45df-8070-f9dc56ccf0a7@group-431D9A4508C5-LeaderElection15] INFO  impl.RaftServerImpl (RaftServerImpl.java:setRole(184)) - 40d2d32e-dd25-45df-8070-f9dc56ccf0a7@group-431D9A4508C5: changes role from CANDIDATE to FOLLOWER at term 14 for DISCOVERED_A_NEW_TERM
2019-10-17 07:41:27,832 [40d2d32e-dd25-45df-8070-f9dc56ccf0a7@group-431D9A4508C5-LeaderElection15] INFO  impl.RoleInfo (RoleInfo.java:shutdownLeaderElection(134)) - 40d2d32e-dd25-45df-8070-f9dc56ccf0a7: shutdown LeaderElection
2019-10-17 07:41:27,832 [40d2d32e-dd25-45df-8070-f9dc56ccf0a7@group-431D9A4508C5-LeaderElection15] INFO  impl.RoleInfo (RoleInfo.java:updateAndGet(143)) - 40d2d32e-dd25-45df-8070-f9dc56ccf0a7: start FollowerState
2019-10-17 07:41:27,840 [grpc-default-executor-1] INFO  impl.RaftServerProxy (RaftServerProxy.java:remove(95)) - 40d2d32e-dd25-45df-8070-f9dc56ccf0a7: remove  FOLLOWER 40d2d32e-dd25-45df-8070-f9dc56ccf0a7@group-431D9A4508C5:t14, leader=null, voted=40d2d32e-dd25-45df-8070-f9dc56ccf0a7, raftlog=40d2d32e-dd25-45df-8070-f9dc56ccf0a7@group-431D9A4508C5-SegmentedRaftLog:OPENED:c-1,f-1,i0, conf=-1: [40d2d32e-dd25-45df-8070-f9dc56ccf0a7:192.168.34.62:41633, cbde3520-0cea-4357-bb04-1a0ae64b2bb1:192.168.34.62:41642, 443b071d-6096-48d6-bfe7-498b7c8032c0:192.168.34.62:46516], old=null RUNNING
2019-10-17 07:41:27,844 [grpc-default-executor-1] INFO  impl.RaftServerImpl (RaftServerImpl.java:lambda$shutdown$3(261)) - 40d2d32e-dd25-45df-8070-f9dc56ccf0a7@group-431D9A4508C5: shutdown
2019-10-17 07:41:27,845 [grpc-default-executor-1] INFO  util.JmxRegister (JmxRegister.java:unregister(73)) - Successfully un-registered JMX Bean with object name Ratis:service=RaftServer,group=group-431D9A4508C5,id=40d2d32e-dd25-45df-8070-f9dc56ccf0a7
2019-10-17 07:41:27,845 [grpc-default-executor-1] INFO  impl.RoleInfo (RoleInfo.java:shutdownFollowerState(121)) - 40d2d32e-dd25-45df-8070-f9dc56ccf0a7: shutdown FollowerState
2019-10-17 07:41:27,845 [grpc-default-executor-1] INFO  impl.StateMachineUpdater (StateMachineUpdater.java:stopAndJoin(136)) - 40d2d32e-dd25-45df-8070-f9dc56ccf0a7@group-431D9A4508C5-StateMachineUpdater: set stopIndex = -1
2019-10-17 07:41:27,845 [Thread-308] INFO  impl.FollowerState (FollowerState.java:run(117)) - 40d2d32e-dd25-45df-8070-f9dc56ccf0a7@group-431D9A4508C5-FollowerState was interrupted: java.lang.InterruptedException: sleep interrupted
2019-10-17 07:41:27,846 [grpc-default-executor-1] INFO  impl.RaftServerImpl (ServerState.java:close(388)) - 40d2d32e-dd25-45df-8070-f9dc56ccf0a7@group-431D9A4508C5: closes. applyIndex: -1
2019-10-17 07:41:27,851 [40d2d32e-dd25-45df-8070-f9dc56ccf0a7@group-431D9A4508C5-SegmentedRaftLogWorker] INFO  segmented.SegmentedRaftLogWorker (SegmentedRaftLogWorker.java:run(316)) - 40d2d32e-dd25-45df-8070-f9dc56ccf0a7@group-431D9A4508C5-SegmentedRaftLogWorker was interrupted, exiting. There are 0 tasks remaining in the queue.
2019-10-17 07:41:27,851 [grpc-default-executor-1] INFO  segmented.SegmentedRaftLogWorker (SegmentedRaftLogWorker.java:close(224)) - 40d2d32e-dd25-45df-8070-f9dc56ccf0a7@group-431D9A4508C5-SegmentedRaftLogWorker close()
2019-10-17 07:41:27,873 [grpc-default-executor-1] INFO  impl.RaftServerProxy (RaftServerProxy.java:remove(95)) - cbde3520-0cea-4357-bb04-1a0ae64b2bb1: remove  FOLLOWER cbde3520-0cea-4357-bb04-1a0ae64b2bb1@group-431D9A4508C5:t14, leader=null, voted=null, raftlog=cbde3520-0cea-4357-bb04-1a0ae64b2bb1@group-431D9A4508C5-SegmentedRaftLog:OPENED:c-1,f0,i0, conf=0: [40d2d32e-dd25-45df-8070-f9dc56ccf0a7:192.168.34.62:41633, cbde3520-0cea-4357-bb04-1a0ae64b2bb1:192.168.34.62:41642, 443b071d-6096-48d6-bfe7-498b7c8032c0:192.168.34.62:46516], old=null RUNNING
2019-10-17 07:41:27,873 [grpc-default-executor-1] INFO  impl.RaftServerImpl (RaftServerImpl.java:lambda$shutdown$3(261)) - cbde3520-0cea-4357-bb04-1a0ae64b2bb1@group-431D9A4508C5: shutdown
2019-10-17 07:41:27,873 [grpc-default-executor-1] INFO  util.JmxRegister (JmxRegister.java:unregister(73)) - Successfully un-registered JMX Bean with object name Ratis:service=RaftServer,group=group-431D9A4508C5,id=cbde3520-0cea-4357-bb04-1a0ae64b2bb1
2019-10-17 07:41:27,873 [grpc-default-executor-1] INFO  impl.RoleInfo (RoleInfo.java:shutdownFollowerState(121)) - cbde3520-0cea-4357-bb04-1a0ae64b2bb1: shutdown FollowerState
2019-10-17 07:41:27,874 [grpc-default-executor-1] INFO  impl.StateMachineUpdater (StateMachineUpdater.java:stopAndJoin(136)) - cbde3520-0cea-4357-bb04-1a0ae64b2bb1@group-431D9A4508C5-StateMachineUpdater: set stopIndex = -1
2019-10-17 07:41:27,874 [Thread-305] INFO  impl.FollowerState (FollowerState.java:run(117)) - cbde3520-0cea-4357-bb04-1a0ae64b2bb1@group-431D9A4508C5-FollowerState was interrupted: java.lang.InterruptedException: sleep interrupted
2019-10-17 07:41:27,875 [grpc-default-executor-1] INFO  impl.RaftServerImpl (ServerState.java:close(388)) - cbde3520-0cea-4357-bb04-1a0ae64b2bb1@group-431D9A4508C5: closes. applyIndex: -1
2019-10-17 07:41:27,875 [cbde3520-0cea-4357-bb04-1a0ae64b2bb1@group-431D9A4508C5-SegmentedRaftLogWorker] INFO  segmented.SegmentedRaftLogWorker (SegmentedRaftLogWorker.java:run(316)) - cbde3520-0cea-4357-bb04-1a0ae64b2bb1@group-431D9A4508C5-SegmentedRaftLogWorker was interrupted, exiting. There are 0 tasks remaining in the queue.
2019-10-17 07:41:27,877 [grpc-default-executor-1] INFO  segmented.SegmentedRaftLogWorker (SegmentedRaftLogWorker.java:close(224)) - cbde3520-0cea-4357-bb04-1a0ae64b2bb1@group-431D9A4508C5-SegmentedRaftLogWorker close()
2019-10-17 07:41:27,908 [grpc-default-executor-1] INFO  impl.RaftServerProxy (RaftServerProxy.java:remove(95)) - 443b071d-6096-48d6-bfe7-498b7c8032c0: remove  FOLLOWER 443b071d-6096-48d6-bfe7-498b7c8032c0@group-431D9A4508C5:t14, leader=null, voted=null, raftlog=443b071d-6096-48d6-bfe7-498b7c8032c0@group-431D9A4508C5-SegmentedRaftLog:OPENED:c-1,f0,i0, conf=0: [40d2d32e-dd25-45df-8070-f9dc56ccf0a7:192.168.34.62:41633, cbde3520-0cea-4357-bb04-1a0ae64b2bb1:192.168.34.62:41642, 443b071d-6096-48d6-bfe7-498b7c8032c0:192.168.34.62:46516], old=null RUNNING
2019-10-17 07:41:27,908 [grpc-default-executor-1] INFO  impl.RaftServerImpl (RaftServerImpl.java:lambda$shutdown$3(261)) - 443b071d-6096-48d6-bfe7-498b7c8032c0@group-431D9A4508C5: shutdown
2019-10-17 07:41:27,909 [grpc-default-executor-1] INFO  util.JmxRegister (JmxRegister.java:unregister(73)) - Successfully un-registered JMX Bean with object name Ratis:service=RaftServer,group=group-431D9A4508C5,id=443b071d-6096-48d6-bfe7-498b7c8032c0
2019-10-17 07:41:27,909 [grpc-default-executor-1] INFO  impl.RoleInfo (RoleInfo.java:shutdownFollowerState(121)) - 443b071d-6096-48d6-bfe7-498b7c8032c0: shutdown FollowerState
2019-10-17 07:41:27,909 [grpc-default-executor-1] INFO  impl.StateMachineUpdater (StateMachineUpdater.java:stopAndJoin(136)) - 443b071d-6096-48d6-bfe7-498b7c8032c0@group-431D9A4508C5-StateMachineUpdater: set stopIndex = -1
2019-10-17 07:41:27,909 [Thread-306] INFO  impl.FollowerState (FollowerState.java:run(117)) - 443b071d-6096-48d6-bfe7-498b7c8032c0@group-431D9A4508C5-FollowerState was interrupted: java.lang.InterruptedException: sleep interrupted
2019-10-17 07:41:27,913 [grpc-default-executor-1] INFO  impl.RaftServerImpl (ServerState.java:close(388)) - 443b071d-6096-48d6-bfe7-498b7c8032c0@group-431D9A4508C5: closes. applyIndex: -1
2019-10-17 07:41:27,915 [443b071d-6096-48d6-bfe7-498b7c8032c0@group-431D9A4508C5-SegmentedRaftLogWorker] INFO  segmented.SegmentedRaftLogWorker (SegmentedRaftLogWorker.java:run(316)) - 443b071d-6096-48d6-bfe7-498b7c8032c0@group-431D9A4508C5-SegmentedRaftLogWorker was interrupted, exiting. There are 0 tasks remaining in the queue.
2019-10-17 07:41:27,916 [grpc-default-executor-1] INFO  segmented.SegmentedRaftLogWorker (SegmentedRaftLogWorker.java:close(224)) - 443b071d-6096-48d6-bfe7-498b7c8032c0@group-431D9A4508C5-SegmentedRaftLogWorker close()
2019-10-17 07:41:27,924 [Thread-193] INFO  pipeline.PipelineStateManager (PipelineStateManager.java:removePipeline(106)) - Pipeline Pipeline[ Id: e0a86fe4-d440-4676-974b-431d9a4508c5, Nodes: 40d2d32e-dd25-45df-8070-f9dc56ccf0a7{ip: 192.168.34.62, host: pr-hdds-1868-lzclr-202649289, networkLocation: /default-rack, certSerialId: null}cbde3520-0cea-4357-bb04-1a0ae64b2bb1{ip: 192.168.34.62, host: pr-hdds-1868-lzclr-202649289, networkLocation: /default-rack, certSerialId: null}443b071d-6096-48d6-bfe7-498b7c8032c0{ip: 192.168.34.62, host: pr-hdds-1868-lzclr-202649289, networkLocation: /default-rack, certSerialId: null}, Type:RATIS, Factor:THREE, State:CLOSED] removed from db
2019-10-17 07:41:27,942 [grpc-default-executor-4] INFO  impl.RaftServerProxy (RaftServerProxy.java:addNew(89)) - 40d2d32e-dd25-45df-8070-f9dc56ccf0a7: addNew group-7EB39FB5DF22:[40d2d32e-dd25-45df-8070-f9dc56ccf0a7:192.168.34.62:41633, cbde3520-0cea-4357-bb04-1a0ae64b2bb1:192.168.34.62:41642, 443b071d-6096-48d6-bfe7-498b7c8032c0:192.168.34.62:46516] returns group-7EB39FB5DF22:java.util.concurrent.CompletableFuture@49cc876[Not completed]
2019-10-17 07:41:27,942 [grpc-default-executor-1] INFO  impl.RaftServerProxy (RaftServerProxy.java:addNew(89)) - cbde3520-0cea-4357-bb04-1a0ae64b2bb1: addNew group-7EB39FB5DF22:[40d2d32e-dd25-45df-8070-f9dc56ccf0a7:192.168.34.62:41633, cbde3520-0cea-4357-bb04-1a0ae64b2bb1:192.168.34.62:41642, 443b071d-6096-48d6-bfe7-498b7c8032c0:192.168.34.62:46516] returns group-7EB39FB5DF22:java.util.concurrent.CompletableFuture@326cd8fc[Not completed]
2019-10-17 07:41:27,945 [grpc-default-executor-1] INFO  impl.RaftServerProxy (RaftServerProxy.java:addNew(89)) - 443b071d-6096-48d6-bfe7-498b7c8032c0: addNew group-7EB39FB5DF22:[40d2d32e-dd25-45df-8070-f9dc56ccf0a7:192.168.34.62:41633, cbde3520-0cea-4357-bb04-1a0ae64b2bb1:192.168.34.62:41642, 443b071d-6096-48d6-bfe7-498b7c8032c0:192.168.34.62:46516] returns group-7EB39FB5DF22:java.util.concurrent.CompletableFuture@59315f43[Not completed]
2019-10-17 07:41:27,945 [pool-27-thread-1] INFO  impl.RaftServerImpl (RaftServerImpl.java:<init>(104)) - 40d2d32e-dd25-45df-8070-f9dc56ccf0a7: new RaftServerImpl for group-7EB39FB5DF22:[40d2d32e-dd25-45df-8070-f9dc56ccf0a7:192.168.34.62:41633, cbde3520-0cea-4357-bb04-1a0ae64b2bb1:192.168.34.62:41642, 443b071d-6096-48d6-bfe7-498b7c8032c0:192.168.34.62:46516] with ContainerStateMachine:uninitialized
2019-10-17 07:41:27,946 [pool-27-thread-1] INFO  server.RaftServerConfigKeys (ConfUtils.java:logGet(43)) - raft.server.rpc.timeout.min = 5s (custom)
2019-10-17 07:41:27,946 [pool-27-thread-1] INFO  server.RaftServerConfigKeys (ConfUtils.java:logGet(43)) - raft.server.rpc.timeout.max = 5200ms (custom)
2019-10-17 07:41:27,946 [pool-27-thread-1] INFO  server.RaftServerConfigKeys (ConfUtils.java:logGet(43)) - raft.server.rpcslowness.timeout = 120s (custom)
2019-10-17 07:41:27,946 [pool-27-thread-1] INFO  server.RaftServerConfigKeys (ConfUtils.java:logGet(43)) - raft.server.sleep.deviation.threshold = 300 (default)
2019-10-17 07:41:27,946 [pool-27-thread-1] INFO  server.RaftServerConfigKeys (ConfUtils.java:logGet(43)) - raft.server.log.appender.install.snapshot.enabled = false (custom)
2019-10-17 07:41:27,946 [pool-27-thread-1] INFO  impl.RaftServerImpl (ServerState.java:<init>(103)) - 40d2d32e-dd25-45df-8070-f9dc56ccf0a7@group-7EB39FB5DF22: ConfigurationManager, init=-1: [40d2d32e-dd25-45df-8070-f9dc56ccf0a7:192.168.34.62:41633, cbde3520-0cea-4357-bb04-1a0ae64b2bb1:192.168.34.62:41642, 443b071d-6096-48d6-bfe7-498b7c8032c0:192.168.34.62:46516], old=null, confs=<EMPTY_MAP>
2019-10-17 07:41:27,947 [pool-27-thread-1] INFO  server.RaftServerConfigKeys (ConfUtils.java:logGet(43)) - raft.server.storage.dir = [/workdir/hadoop-ozone/integration-test/target/test-dir/MiniOzoneClusterImpl-6c8aceb3-2805-42ee-9a98-c3760435b865/datanode-0/data/ratis] (custom)
2019-10-17 07:41:27,947 [pool-47-thread-1] INFO  impl.RaftServerImpl (RaftServerImpl.java:<init>(104)) - cbde3520-0cea-4357-bb04-1a0ae64b2bb1: new RaftServerImpl for group-7EB39FB5DF22:[40d2d32e-dd25-45df-8070-f9dc56ccf0a7:192.168.34.62:41633, cbde3520-0cea-4357-bb04-1a0ae64b2bb1:192.168.34.62:41642, 443b071d-6096-48d6-bfe7-498b7c8032c0:192.168.34.62:46516] with ContainerStateMachine:uninitialized
2019-10-17 07:41:27,947 [pool-47-thread-1] INFO  server.RaftServerConfigKeys (ConfUtils.java:logGet(43)) - raft.server.rpc.timeout.min = 5s (custom)
2019-10-17 07:41:27,947 [pool-27-thread-1] INFO  server.RaftServerConfigKeys (ConfUtils.java:logGet(43)) - raft.server.log.corruption.policy = EXCEPTION (default)
2019-10-17 07:41:27,947 [pool-47-thread-1] INFO  server.RaftServerConfigKeys (ConfUtils.java:logGet(43)) - raft.server.rpc.timeout.max = 5200ms (custom)
2019-10-17 07:41:27,947 [pool-27-thread-1] INFO  storage.RaftStorageDirectory (RaftStorageDirectory.java:analyzeStorage(246)) - The storage directory /workdir/hadoop-ozone/integration-test/target/test-dir/MiniOzoneClusterImpl-6c8aceb3-2805-42ee-9a98-c3760435b865/datanode-0/data/ratis/b700d0be-0bb9-42f5-85b0-7eb39fb5df22 does not exist. Creating ...
2019-10-17 07:41:27,947 [pool-47-thread-1] INFO  server.RaftServerConfigKeys (ConfUtils.java:logGet(43)) - raft.server.rpcslowness.timeout = 120s (custom)
2019-10-17 07:41:27,947 [pool-47-thread-1] INFO  server.RaftServerConfigKeys (ConfUtils.java:logGet(43)) - raft.server.sleep.deviation.threshold = 300 (default)
2019-10-17 07:41:27,948 [pool-47-thread-1] INFO  server.RaftServerConfigKeys (ConfUtils.java:logGet(43)) - raft.server.log.appender.install.snapshot.enabled = false (custom)
2019-10-17 07:41:27,948 [pool-47-thread-1] INFO  impl.RaftServerImpl (ServerState.java:<init>(103)) - cbde3520-0cea-4357-bb04-1a0ae64b2bb1@group-7EB39FB5DF22: ConfigurationManager, init=-1: [40d2d32e-dd25-45df-8070-f9dc56ccf0a7:192.168.34.62:41633, cbde3520-0cea-4357-bb04-1a0ae64b2bb1:192.168.34.62:41642, 443b071d-6096-48d6-bfe7-498b7c8032c0:192.168.34.62:46516], old=null, confs=<EMPTY_MAP>
2019-10-17 07:41:27,948 [pool-37-thread-1] INFO  impl.RaftServerImpl (RaftServerImpl.java:<init>(104)) - 443b071d-6096-48d6-bfe7-498b7c8032c0: new RaftServerImpl for group-7EB39FB5DF22:[40d2d32e-dd25-45df-8070-f9dc56ccf0a7:192.168.34.62:41633, cbde3520-0cea-4357-bb04-1a0ae64b2bb1:192.168.34.62:41642, 443b071d-6096-48d6-bfe7-498b7c8032c0:192.168.34.62:46516] with ContainerStateMachine:uninitialized
2019-10-17 07:41:27,948 [pool-47-thread-1] INFO  server.RaftServerConfigKeys (ConfUtils.java:logGet(43)) - raft.server.storage.dir = [/workdir/hadoop-ozone/integration-test/target/test-dir/MiniOzoneClusterImpl-6c8aceb3-2805-42ee-9a98-c3760435b865/datanode-2/data/ratis] (custom)
2019-10-17 07:41:27,948 [pool-37-thread-1] INFO  server.RaftServerConfigKeys (ConfUtils.java:logGet(43)) - raft.server.rpc.timeout.min = 5s (custom)
2019-10-17 07:41:27,948 [pool-37-thread-1] INFO  server.RaftServerConfigKeys (ConfUtils.java:logGet(43)) - raft.server.rpc.timeout.max = 5200ms (custom)
2019-10-17 07:41:27,948 [pool-47-thread-1] INFO  server.RaftServerConfigKeys (ConfUtils.java:logGet(43)) - raft.server.log.corruption.policy = EXCEPTION (default)
2019-10-17 07:41:27,948 [pool-37-thread-1] INFO  server.RaftServerConfigKeys (ConfUtils.java:logGet(43)) - raft.server.rpcslowness.timeout = 120s (custom)
2019-10-17 07:41:27,949 [pool-47-thread-1] INFO  storage.RaftStorageDirectory (RaftStorageDirectory.java:analyzeStorage(246)) - The storage directory /workdir/hadoop-ozone/integration-test/target/test-dir/MiniOzoneClusterImpl-6c8aceb3-2805-42ee-9a98-c3760435b865/datanode-2/data/ratis/b700d0be-0bb9-42f5-85b0-7eb39fb5df22 does not exist. Creating ...
2019-10-17 07:41:27,949 [pool-37-thread-1] INFO  server.RaftServerConfigKeys (ConfUtils.java:logGet(43)) - raft.server.sleep.deviation.threshold = 300 (default)
2019-10-17 07:41:27,949 [pool-37-thread-1] INFO  server.RaftServerConfigKeys (ConfUtils.java:logGet(43)) - raft.server.log.appender.install.snapshot.enabled = false (custom)
2019-10-17 07:41:27,949 [pool-37-thread-1] INFO  impl.RaftServerImpl (ServerState.java:<init>(103)) - 443b071d-6096-48d6-bfe7-498b7c8032c0@group-7EB39FB5DF22: ConfigurationManager, init=-1: [40d2d32e-dd25-45df-8070-f9dc56ccf0a7:192.168.34.62:41633, cbde3520-0cea-4357-bb04-1a0ae64b2bb1:192.168.34.62:41642, 443b071d-6096-48d6-bfe7-498b7c8032c0:192.168.34.62:46516], old=null, confs=<EMPTY_MAP>
2019-10-17 07:41:27,949 [pool-37-thread-1] INFO  server.RaftServerConfigKeys (ConfUtils.java:logGet(43)) - raft.server.storage.dir = [/workdir/hadoop-ozone/integration-test/target/test-dir/MiniOzoneClusterImpl-6c8aceb3-2805-42ee-9a98-c3760435b865/datanode-1/data/ratis] (custom)
2019-10-17 07:41:27,950 [pool-37-thread-1] INFO  server.RaftServerConfigKeys (ConfUtils.java:logGet(43)) - raft.server.log.corruption.policy = EXCEPTION (default)
2019-10-17 07:41:27,950 [pool-37-thread-1] INFO  storage.RaftStorageDirectory (RaftStorageDirectory.java:analyzeStorage(246)) - The storage directory /workdir/hadoop-ozone/integration-test/target/test-dir/MiniOzoneClusterImpl-6c8aceb3-2805-42ee-9a98-c3760435b865/datanode-1/data/ratis/b700d0be-0bb9-42f5-85b0-7eb39fb5df22 does not exist. Creating ...
2019-10-17 07:41:27,971 [pool-47-thread-1] INFO  storage.RaftStorageDirectory (RaftStorageDirectory.java:tryLock(328)) - Lock on /workdir/hadoop-ozone/integration-test/target/test-dir/MiniOzoneClusterImpl-6c8aceb3-2805-42ee-9a98-c3760435b865/datanode-2/data/ratis/b700d0be-0bb9-42f5-85b0-7eb39fb5df22/in_use.lock acquired by nodename 28058@pr-hdds-1868-lzclr-202649289
2019-10-17 07:41:27,971 [pool-37-thread-1] INFO  storage.RaftStorageDirectory (RaftStorageDirectory.java:tryLock(328)) - Lock on /workdir/hadoop-ozone/integration-test/target/test-dir/MiniOzoneClusterImpl-6c8aceb3-2805-42ee-9a98-c3760435b865/datanode-1/data/ratis/b700d0be-0bb9-42f5-85b0-7eb39fb5df22/in_use.lock acquired by nodename 28058@pr-hdds-1868-lzclr-202649289
2019-10-17 07:41:27,971 [pool-27-thread-1] INFO  storage.RaftStorageDirectory (RaftStorageDirectory.java:tryLock(328)) - Lock on /workdir/hadoop-ozone/integration-test/target/test-dir/MiniOzoneClusterImpl-6c8aceb3-2805-42ee-9a98-c3760435b865/datanode-0/data/ratis/b700d0be-0bb9-42f5-85b0-7eb39fb5df22/in_use.lock acquired by nodename 28058@pr-hdds-1868-lzclr-202649289
2019-10-17 07:41:27,985 [pool-27-thread-1] INFO  storage.RaftStorage (RaftStorage.java:format(84)) - Storage directory /workdir/hadoop-ozone/integration-test/target/test-dir/MiniOzoneClusterImpl-6c8aceb3-2805-42ee-9a98-c3760435b865/datanode-0/data/ratis/b700d0be-0bb9-42f5-85b0-7eb39fb5df22 has been successfully formatted.
2019-10-17 07:41:27,985 [pool-47-thread-1] INFO  storage.RaftStorage (RaftStorage.java:format(84)) - Storage directory /workdir/hadoop-ozone/integration-test/target/test-dir/MiniOzoneClusterImpl-6c8aceb3-2805-42ee-9a98-c3760435b865/datanode-2/data/ratis/b700d0be-0bb9-42f5-85b0-7eb39fb5df22 has been successfully formatted.
2019-10-17 07:41:27,985 [pool-37-thread-1] INFO  storage.RaftStorage (RaftStorage.java:format(84)) - Storage directory /workdir/hadoop-ozone/integration-test/target/test-dir/MiniOzoneClusterImpl-6c8aceb3-2805-42ee-9a98-c3760435b865/datanode-1/data/ratis/b700d0be-0bb9-42f5-85b0-7eb39fb5df22 has been successfully formatted.
2019-10-17 07:41:27,985 [pool-27-thread-1] INFO  ratis.ContainerStateMachine (ContainerStateMachine.java:loadSnapshot(233)) - group-7EB39FB5DF22: The snapshot info is null. Setting the last applied indexto:(t:0, i:~)
2019-10-17 07:41:27,986 [pool-47-thread-1] INFO  ratis.ContainerStateMachine (ContainerStateMachine.java:loadSnapshot(233)) - group-7EB39FB5DF22: The snapshot info is null. Setting the last applied indexto:(t:0, i:~)
2019-10-17 07:41:27,986 [pool-37-thread-1] INFO  ratis.ContainerStateMachine (ContainerStateMachine.java:loadSnapshot(233)) - group-7EB39FB5DF22: The snapshot info is null. Setting the last applied indexto:(t:0, i:~)
2019-10-17 07:41:27,986 [pool-27-thread-1] INFO  server.RaftServerConfigKeys (ConfUtils.java:logGet(43)) - raft.server.notification.no-leader.timeout = 120s (custom)
2019-10-17 07:41:27,986 [pool-37-thread-1] INFO  server.RaftServerConfigKeys (ConfUtils.java:logGet(43)) - raft.server.notification.no-leader.timeout = 120s (custom)
2019-10-17 07:41:27,986 [pool-47-thread-1] INFO  server.RaftServerConfigKeys (ConfUtils.java:logGet(43)) - raft.server.notification.no-leader.timeout = 120s (custom)
2019-10-17 07:41:27,986 [pool-37-thread-1] INFO  server.RaftServerConfigKeys (ConfUtils.java:logGet(43)) - raft.server.log.use.memory = false (default)
2019-10-17 07:41:27,986 [pool-27-thread-1] INFO  server.RaftServerConfigKeys (ConfUtils.java:logGet(43)) - raft.server.log.use.memory = false (default)
2019-10-17 07:41:27,987 [pool-47-thread-1] INFO  server.RaftServerConfigKeys (ConfUtils.java:logGet(43)) - raft.server.log.use.memory = false (default)
2019-10-17 07:41:27,987 [pool-27-thread-1] INFO  server.RaftServerConfigKeys (ConfUtils.java:logGet(43)) - raft.server.log.purge.gap = 1000000 (custom)
2019-10-17 07:41:27,987 [pool-37-thread-1] INFO  server.RaftServerConfigKeys (ConfUtils.java:logGet(43)) - raft.server.log.purge.gap = 1000000 (custom)
2019-10-17 07:41:27,987 [pool-27-thread-1] INFO  server.RaftServerConfigKeys (ConfUtils.java:logGet(43)) - raft.server.log.appender.buffer.byte-limit = 33554432 (custom)
2019-10-17 07:41:27,987 [pool-47-thread-1] INFO  server.RaftServerConfigKeys (ConfUtils.java:logGet(43)) - raft.server.log.purge.gap = 1000000 (custom)
2019-10-17 07:41:27,988 [pool-27-thread-1] INFO  server.RaftServerConfigKeys (ConfUtils.java:logGet(43)) - raft.server.log.segment.size.max = 1048576 (custom)
2019-10-17 07:41:27,987 [pool-37-thread-1] INFO  server.RaftServerConfigKeys (ConfUtils.java:logGet(43)) - raft.server.log.appender.buffer.byte-limit = 33554432 (custom)
2019-10-17 07:41:27,988 [pool-27-thread-1] INFO  server.RaftServerConfigKeys (ConfUtils.java:logGet(43)) - raft.server.log.segment.cache.num.max = 2 (custom)
2019-10-17 07:41:27,988 [pool-47-thread-1] INFO  server.RaftServerConfigKeys (ConfUtils.java:logGet(43)) - raft.server.log.appender.buffer.byte-limit = 33554432 (custom)
2019-10-17 07:41:27,988 [pool-27-thread-1] INFO  segmented.SegmentedRaftLogWorker (SegmentedRaftLogWorker.java:<init>(173)) - new 40d2d32e-dd25-45df-8070-f9dc56ccf0a7@group-7EB39FB5DF22-SegmentedRaftLogWorker for RaftStorage:Storage Directory /workdir/hadoop-ozone/integration-test/target/test-dir/MiniOzoneClusterImpl-6c8aceb3-2805-42ee-9a98-c3760435b865/datanode-0/data/ratis/b700d0be-0bb9-42f5-85b0-7eb39fb5df22
2019-10-17 07:41:27,988 [pool-37-thread-1] INFO  server.RaftServerConfigKeys (ConfUtils.java:logGet(43)) - raft.server.log.segment.size.max = 1048576 (custom)
2019-10-17 07:41:27,988 [pool-27-thread-1] INFO  server.RaftServerConfigKeys (ConfUtils.java:logGet(43)) - raft.server.log.queue.byte-limit = 2147483647 (custom)
2019-10-17 07:41:27,988 [pool-47-thread-1] INFO  server.RaftServerConfigKeys (ConfUtils.java:logGet(43)) - raft.server.log.segment.size.max = 1048576 (custom)
2019-10-17 07:41:27,989 [pool-27-thread-1] INFO  server.RaftServerConfigKeys (ConfUtils.java:logGet(43)) - raft.server.log.queue.element-limit = 1024 (custom)
2019-10-17 07:41:27,989 [pool-37-thread-1] INFO  server.RaftServerConfigKeys (ConfUtils.java:logGet(43)) - raft.server.log.segment.cache.num.max = 2 (custom)
2019-10-17 07:41:27,989 [pool-27-thread-1] INFO  server.RaftServerConfigKeys (ConfUtils.java:logGet(43)) - raft.server.log.segment.size.max = 1048576 (custom)
2019-10-17 07:41:27,989 [pool-27-thread-1] INFO  server.RaftServerConfigKeys (ConfUtils.java:logGet(43)) - raft.server.log.preallocated.size = 16384 (custom)
2019-10-17 07:41:27,989 [pool-47-thread-1] INFO  server.RaftServerConfigKeys (ConfUtils.java:logGet(43)) - raft.server.log.segment.cache.num.max = 2 (custom)
2019-10-17 07:41:27,990 [pool-27-thread-1] INFO  server.RaftServerConfigKeys (ConfUtils.java:logGet(43)) - raft.server.log.write.buffer.size = 33554432 (custom)
2019-10-17 07:41:27,989 [pool-37-thread-1] INFO  segmented.SegmentedRaftLogWorker (SegmentedRaftLogWorker.java:<init>(173)) - new 443b071d-6096-48d6-bfe7-498b7c8032c0@group-7EB39FB5DF22-SegmentedRaftLogWorker for RaftStorage:Storage Directory /workdir/hadoop-ozone/integration-test/target/test-dir/MiniOzoneClusterImpl-6c8aceb3-2805-42ee-9a98-c3760435b865/datanode-1/data/ratis/b700d0be-0bb9-42f5-85b0-7eb39fb5df22
2019-10-17 07:41:27,990 [pool-27-thread-1] INFO  server.RaftServerConfigKeys (ConfUtils.java:logGet(43)) - raft.server.log.force.sync.num = 128 (default)
2019-10-17 07:41:27,990 [pool-47-thread-1] INFO  segmented.SegmentedRaftLogWorker (SegmentedRaftLogWorker.java:<init>(173)) - new cbde3520-0cea-4357-bb04-1a0ae64b2bb1@group-7EB39FB5DF22-SegmentedRaftLogWorker for RaftStorage:Storage Directory /workdir/hadoop-ozone/integration-test/target/test-dir/MiniOzoneClusterImpl-6c8aceb3-2805-42ee-9a98-c3760435b865/datanode-2/data/ratis/b700d0be-0bb9-42f5-85b0-7eb39fb5df22
2019-10-17 07:41:27,990 [pool-27-thread-1] INFO  server.RaftServerConfigKeys (ConfUtils.java:logGet(43)) - raft.server.log.statemachine.data.sync = true (default)
2019-10-17 07:41:27,990 [pool-37-thread-1] INFO  server.RaftServerConfigKeys (ConfUtils.java:logGet(43)) - raft.server.log.queue.byte-limit = 2147483647 (custom)
2019-10-17 07:41:27,990 [pool-27-thread-1] INFO  server.RaftServerConfigKeys (ConfUtils.java:logGet(43)) - raft.server.log.statemachine.data.sync.timeout = 10s (default)
2019-10-17 07:41:27,991 [pool-37-thread-1] INFO  server.RaftServerConfigKeys (ConfUtils.java:logGet(43)) - raft.server.log.queue.element-limit = 1024 (custom)
2019-10-17 07:41:27,990 [pool-47-thread-1] INFO  server.RaftServerConfigKeys (ConfUtils.java:logGet(43)) - raft.server.log.queue.byte-limit = 2147483647 (custom)
2019-10-17 07:41:27,991 [pool-37-thread-1] INFO  server.RaftServerConfigKeys (ConfUtils.java:logGet(43)) - raft.server.log.segment.size.max = 1048576 (custom)
2019-10-17 07:41:27,991 [pool-27-thread-1] INFO  server.RaftServerConfigKeys (ConfUtils.java:logGet(43)) - raft.server.log.statemachine.data.sync.timeout.retry = -1 (default)
2019-10-17 07:41:27,991 [pool-37-thread-1] INFO  server.RaftServerConfigKeys (ConfUtils.java:logGet(43)) - raft.server.log.preallocated.size = 16384 (custom)
2019-10-17 07:41:27,991 [pool-47-thread-1] INFO  server.RaftServerConfigKeys (ConfUtils.java:logGet(43)) - raft.server.log.queue.element-limit = 1024 (custom)
2019-10-17 07:41:27,992 [pool-27-thread-1] INFO  server.RaftServerConfigKeys (ConfUtils.java:logGet(43)) - raft.server.log.statemachine.data.caching.enabled = true (custom)
2019-10-17 07:41:27,992 [pool-37-thread-1] INFO  server.RaftServerConfigKeys (ConfUtils.java:logGet(43)) - raft.server.log.write.buffer.size = 33554432 (custom)
2019-10-17 07:41:27,992 [pool-47-thread-1] INFO  server.RaftServerConfigKeys (ConfUtils.java:logGet(43)) - raft.server.log.segment.size.max = 1048576 (custom)
2019-10-17 07:41:27,992 [pool-27-thread-1] INFO  segmented.SegmentedRaftLogWorker (SegmentedRaftLogWorker.java:lambda$new$0(128)) - 40d2d32e-dd25-45df-8070-f9dc56ccf0a7@group-7EB39FB5DF22-SegmentedRaftLogWorker: flushIndex: setUnconditionally 0 -> -1
2019-10-17 07:41:27,992 [pool-37-thread-1] INFO  server.RaftServerConfigKeys (ConfUtils.java:logGet(43)) - raft.server.log.force.sync.num = 128 (default)
2019-10-17 07:41:27,992 [pool-47-thread-1] INFO  server.RaftServerConfigKeys (ConfUtils.java:logGet(43)) - raft.server.log.preallocated.size = 16384 (custom)
2019-10-17 07:41:27,993 [pool-27-thread-1] INFO  server.RaftServerConfigKeys (ConfUtils.java:logGet(43)) - raft.server.snapshot.auto.trigger.enabled = true (custom)
2019-10-17 07:41:27,993 [pool-37-thread-1] INFO  server.RaftServerConfigKeys (ConfUtils.java:logGet(43)) - raft.server.log.statemachine.data.sync = true (default)
2019-10-17 07:41:27,993 [pool-27-thread-1] INFO  server.RaftServerConfigKeys (ConfUtils.java:logGet(43)) - raft.server.snapshot.auto.trigger.threshold = 10000 (custom)
2019-10-17 07:41:27,993 [pool-47-thread-1] INFO  server.RaftServerConfigKeys (ConfUtils.java:logGet(43)) - raft.server.log.write.buffer.size = 33554432 (custom)
2019-10-17 07:41:27,993 [pool-27-thread-1] INFO  server.RaftServerConfigKeys (ConfUtils.java:logGet(43)) - raft.server.snapshot.retention.file.num = 5 (custom)
2019-10-17 07:41:27,993 [pool-37-thread-1] INFO  server.RaftServerConfigKeys (ConfUtils.java:logGet(43)) - raft.server.log.statemachine.data.sync.timeout = 10s (default)
2019-10-17 07:41:27,994 [pool-27-thread-1] INFO  server.RaftServerConfigKeys (ConfUtils.java:logGet(43)) - raft.server.retrycache.expirytime = 600000ms (custom)
2019-10-17 07:41:27,994 [pool-47-thread-1] INFO  server.RaftServerConfigKeys (ConfUtils.java:logGet(43)) - raft.server.log.force.sync.num = 128 (default)
2019-10-17 07:41:27,994 [pool-37-thread-1] INFO  server.RaftServerConfigKeys (ConfUtils.java:logGet(43)) - raft.server.log.statemachine.data.sync.timeout.retry = -1 (default)
2019-10-17 07:41:27,994 [pool-47-thread-1] INFO  server.RaftServerConfigKeys (ConfUtils.java:logGet(43)) - raft.server.log.statemachine.data.sync = true (default)
2019-10-17 07:41:27,994 [pool-37-thread-1] INFO  server.RaftServerConfigKeys (ConfUtils.java:logGet(43)) - raft.server.log.statemachine.data.caching.enabled = true (custom)
2019-10-17 07:41:27,994 [pool-47-thread-1] INFO  server.RaftServerConfigKeys (ConfUtils.java:logGet(43)) - raft.server.log.statemachine.data.sync.timeout = 10s (default)
2019-10-17 07:41:27,995 [pool-47-thread-1] INFO  server.RaftServerConfigKeys (ConfUtils.java:logGet(43)) - raft.server.log.statemachine.data.sync.timeout.retry = -1 (default)
2019-10-17 07:41:27,995 [pool-37-thread-1] INFO  segmented.SegmentedRaftLogWorker (SegmentedRaftLogWorker.java:lambda$new$0(128)) - 443b071d-6096-48d6-bfe7-498b7c8032c0@group-7EB39FB5DF22-SegmentedRaftLogWorker: flushIndex: setUnconditionally 0 -> -1
2019-10-17 07:41:27,995 [pool-47-thread-1] INFO  server.RaftServerConfigKeys (ConfUtils.java:logGet(43)) - raft.server.log.statemachine.data.caching.enabled = true (custom)
2019-10-17 07:41:27,995 [pool-37-thread-1] INFO  server.RaftServerConfigKeys (ConfUtils.java:logGet(43)) - raft.server.snapshot.auto.trigger.enabled = true (custom)
2019-10-17 07:41:27,996 [pool-37-thread-1] INFO  server.RaftServerConfigKeys (ConfUtils.java:logGet(43)) - raft.server.snapshot.auto.trigger.threshold = 10000 (custom)
2019-10-17 07:41:27,996 [pool-47-thread-1] INFO  segmented.SegmentedRaftLogWorker (SegmentedRaftLogWorker.java:lambda$new$0(128)) - cbde3520-0cea-4357-bb04-1a0ae64b2bb1@group-7EB39FB5DF22-SegmentedRaftLogWorker: flushIndex: setUnconditionally 0 -> -1
2019-10-17 07:41:27,996 [pool-37-thread-1] INFO  server.RaftServerConfigKeys (ConfUtils.java:logGet(43)) - raft.server.snapshot.retention.file.num = 5 (custom)
2019-10-17 07:41:27,996 [pool-47-thread-1] INFO  server.RaftServerConfigKeys (ConfUtils.java:logGet(43)) - raft.server.snapshot.auto.trigger.enabled = true (custom)
2019-10-17 07:41:27,996 [pool-37-thread-1] INFO  server.RaftServerConfigKeys (ConfUtils.java:logGet(43)) - raft.server.retrycache.expirytime = 600000ms (custom)
2019-10-17 07:41:27,996 [pool-47-thread-1] INFO  server.RaftServerConfigKeys (ConfUtils.java:logGet(43)) - raft.server.snapshot.auto.trigger.threshold = 10000 (custom)
2019-10-17 07:41:27,997 [pool-47-thread-1] INFO  server.RaftServerConfigKeys (ConfUtils.java:logGet(43)) - raft.server.snapshot.retention.file.num = 5 (custom)
2019-10-17 07:41:27,997 [pool-47-thread-1] INFO  server.RaftServerConfigKeys (ConfUtils.java:logGet(43)) - raft.server.retrycache.expirytime = 600000ms (custom)
2019-10-17 07:41:27,998 [pool-27-thread-1] INFO  impl.RaftServerImpl (RaftServerImpl.java:start(195)) - 40d2d32e-dd25-45df-8070-f9dc56ccf0a7@group-7EB39FB5DF22: start as a follower, conf=-1: [40d2d32e-dd25-45df-8070-f9dc56ccf0a7:192.168.34.62:41633, cbde3520-0cea-4357-bb04-1a0ae64b2bb1:192.168.34.62:41642, 443b071d-6096-48d6-bfe7-498b7c8032c0:192.168.34.62:46516], old=null
2019-10-17 07:41:27,998 [pool-27-thread-1] INFO  impl.RaftServerImpl (RaftServerImpl.java:setRole(184)) - 40d2d32e-dd25-45df-8070-f9dc56ccf0a7@group-7EB39FB5DF22: changes role from      null to FOLLOWER at term 0 for startAsFollower
2019-10-17 07:41:27,998 [pool-27-thread-1] INFO  impl.RoleInfo (RoleInfo.java:updateAndGet(143)) - 40d2d32e-dd25-45df-8070-f9dc56ccf0a7: start FollowerState
2019-10-17 07:41:27,999 [pool-27-thread-1] INFO  util.JmxRegister (JmxRegister.java:tryRegister(44)) - Successfully registered JMX Bean with object name Ratis:service=RaftServer,group=group-7EB39FB5DF22,id=40d2d32e-dd25-45df-8070-f9dc56ccf0a7
2019-10-17 07:41:28,001 [pool-37-thread-1] INFO  impl.RaftServerImpl (RaftServerImpl.java:start(195)) - 443b071d-6096-48d6-bfe7-498b7c8032c0@group-7EB39FB5DF22: start as a follower, conf=-1: [40d2d32e-dd25-45df-8070-f9dc56ccf0a7:192.168.34.62:41633, cbde3520-0cea-4357-bb04-1a0ae64b2bb1:192.168.34.62:41642, 443b071d-6096-48d6-bfe7-498b7c8032c0:192.168.34.62:46516], old=null
2019-10-17 07:41:28,002 [pool-37-thread-1] INFO  impl.RaftServerImpl (RaftServerImpl.java:setRole(184)) - 443b071d-6096-48d6-bfe7-498b7c8032c0@group-7EB39FB5DF22: changes role from      null to FOLLOWER at term 0 for startAsFollower
2019-10-17 07:41:28,002 [pool-37-thread-1] INFO  impl.RoleInfo (RoleInfo.java:updateAndGet(143)) - 443b071d-6096-48d6-bfe7-498b7c8032c0: start FollowerState
2019-10-17 07:41:28,003 [pool-47-thread-1] INFO  impl.RaftServerImpl (RaftServerImpl.java:start(195)) - cbde3520-0cea-4357-bb04-1a0ae64b2bb1@group-7EB39FB5DF22: start as a follower, conf=-1: [40d2d32e-dd25-45df-8070-f9dc56ccf0a7:192.168.34.62:41633, cbde3520-0cea-4357-bb04-1a0ae64b2bb1:192.168.34.62:41642, 443b071d-6096-48d6-bfe7-498b7c8032c0:192.168.34.62:46516], old=null
2019-10-17 07:41:28,003 [pool-37-thread-1] INFO  util.JmxRegister (JmxRegister.java:tryRegister(44)) - Successfully registered JMX Bean with object name Ratis:service=RaftServer,group=group-7EB39FB5DF22,id=443b071d-6096-48d6-bfe7-498b7c8032c0
2019-10-17 07:41:28,003 [pool-47-thread-1] INFO  impl.RaftServerImpl (RaftServerImpl.java:setRole(184)) - cbde3520-0cea-4357-bb04-1a0ae64b2bb1@group-7EB39FB5DF22: changes role from      null to FOLLOWER at term 0 for startAsFollower
2019-10-17 07:41:28,003 [pool-47-thread-1] INFO  impl.RoleInfo (RoleInfo.java:updateAndGet(143)) - cbde3520-0cea-4357-bb04-1a0ae64b2bb1: start FollowerState
2019-10-17 07:41:28,004 [pool-47-thread-1] INFO  util.JmxRegister (JmxRegister.java:tryRegister(44)) - Successfully registered JMX Bean with object name Ratis:service=RaftServer,group=group-7EB39FB5DF22,id=cbde3520-0cea-4357-bb04-1a0ae64b2bb1
2019-10-17 07:41:28,016 [RatisPipelineUtilsThread] INFO  pipeline.PipelineStateManager (PipelineStateManager.java:addPipeline(55)) - Created pipeline Pipeline[ Id: b700d0be-0bb9-42f5-85b0-7eb39fb5df22, Nodes: 40d2d32e-dd25-45df-8070-f9dc56ccf0a7{ip: 192.168.34.62, host: pr-hdds-1868-lzclr-202649289, networkLocation: /default-rack, certSerialId: null}cbde3520-0cea-4357-bb04-1a0ae64b2bb1{ip: 192.168.34.62, host: pr-hdds-1868-lzclr-202649289, networkLocation: /default-rack, certSerialId: null}443b071d-6096-48d6-bfe7-498b7c8032c0{ip: 192.168.34.62, host: pr-hdds-1868-lzclr-202649289, networkLocation: /default-rack, certSerialId: null}, Type:RATIS, Factor:THREE, State:ALLOCATED]
2019-10-17 07:41:28,129 [Thread-315] INFO  impl.FollowerState (FollowerState.java:run(108)) - 40d2d32e-dd25-45df-8070-f9dc56ccf0a7@group-7EB39FB5DF22-FollowerState: change to CANDIDATE, lastRpcTime:130ms, electionTimeout:130ms
2019-10-17 07:41:28,129 [Thread-315] INFO  impl.RoleInfo (RoleInfo.java:shutdownFollowerState(121)) - 40d2d32e-dd25-45df-8070-f9dc56ccf0a7: shutdown FollowerState
2019-10-17 07:41:28,129 [Thread-315] INFO  impl.RaftServerImpl (RaftServerImpl.java:setRole(184)) - 40d2d32e-dd25-45df-8070-f9dc56ccf0a7@group-7EB39FB5DF22: changes role from  FOLLOWER to CANDIDATE at term 0 for changeToCandidate
2019-10-17 07:41:28,129 [Thread-315] INFO  impl.RoleInfo (RoleInfo.java:updateAndGet(143)) - 40d2d32e-dd25-45df-8070-f9dc56ccf0a7: start LeaderElection
2019-10-17 07:41:28,137 [Thread-317] INFO  impl.FollowerState (FollowerState.java:run(108)) - cbde3520-0cea-4357-bb04-1a0ae64b2bb1@group-7EB39FB5DF22-FollowerState: change to CANDIDATE, lastRpcTime:133ms, electionTimeout:133ms
2019-10-17 07:41:28,138 [Thread-317] INFO  impl.RoleInfo (RoleInfo.java:shutdownFollowerState(121)) - cbde3520-0cea-4357-bb04-1a0ae64b2bb1: shutdown FollowerState
2019-10-17 07:41:28,138 [Thread-317] INFO  impl.RaftServerImpl (RaftServerImpl.java:setRole(184)) - cbde3520-0cea-4357-bb04-1a0ae64b2bb1@group-7EB39FB5DF22: changes role from  FOLLOWER to CANDIDATE at term 0 for changeToCandidate
2019-10-17 07:41:28,139 [Thread-317] INFO  impl.RoleInfo (RoleInfo.java:updateAndGet(143)) - cbde3520-0cea-4357-bb04-1a0ae64b2bb1: start LeaderElection
2019-10-17 07:41:28,141 [Thread-316] INFO  impl.FollowerState (FollowerState.java:run(108)) - 443b071d-6096-48d6-bfe7-498b7c8032c0@group-7EB39FB5DF22-FollowerState: change to CANDIDATE, lastRpcTime:138ms, electionTimeout:138ms
2019-10-17 07:41:28,141 [Thread-316] INFO  impl.RoleInfo (RoleInfo.java:shutdownFollowerState(121)) - 443b071d-6096-48d6-bfe7-498b7c8032c0: shutdown FollowerState
2019-10-17 07:41:28,141 [Thread-316] INFO  impl.RaftServerImpl (RaftServerImpl.java:setRole(184)) - 443b071d-6096-48d6-bfe7-498b7c8032c0@group-7EB39FB5DF22: changes role from  FOLLOWER to CANDIDATE at term 0 for changeToCandidate
2019-10-17 07:41:28,142 [Thread-316] INFO  impl.RoleInfo (RoleInfo.java:updateAndGet(143)) - 443b071d-6096-48d6-bfe7-498b7c8032c0: start LeaderElection
2019-10-17 07:41:28,155 [40d2d32e-dd25-45df-8070-f9dc56ccf0a7@group-7EB39FB5DF22-LeaderElection16] INFO  impl.LeaderElection (LeaderElection.java:askForVotes(178)) - 40d2d32e-dd25-45df-8070-f9dc56ccf0a7@group-7EB39FB5DF22-LeaderElection16: begin an election at term 1 for -1: [40d2d32e-dd25-45df-8070-f9dc56ccf0a7:192.168.34.62:41633, cbde3520-0cea-4357-bb04-1a0ae64b2bb1:192.168.34.62:41642, 443b071d-6096-48d6-bfe7-498b7c8032c0:192.168.34.62:46516], old=null
2019-10-17 07:41:28,155 [cbde3520-0cea-4357-bb04-1a0ae64b2bb1@group-7EB39FB5DF22-LeaderElection17] INFO  impl.LeaderElection (LeaderElection.java:askForVotes(178)) - cbde3520-0cea-4357-bb04-1a0ae64b2bb1@group-7EB39FB5DF22-LeaderElection17: begin an election at term 1 for -1: [40d2d32e-dd25-45df-8070-f9dc56ccf0a7:192.168.34.62:41633, cbde3520-0cea-4357-bb04-1a0ae64b2bb1:192.168.34.62:41642, 443b071d-6096-48d6-bfe7-498b7c8032c0:192.168.34.62:46516], old=null
2019-10-17 07:41:28,178 [443b071d-6096-48d6-bfe7-498b7c8032c0@group-7EB39FB5DF22-LeaderElection18] INFO  impl.LeaderElection (LeaderElection.java:askForVotes(178)) - 443b071d-6096-48d6-bfe7-498b7c8032c0@group-7EB39FB5DF22-LeaderElection18: begin an election at term 1 for -1: [40d2d32e-dd25-45df-8070-f9dc56ccf0a7:192.168.34.62:41633, cbde3520-0cea-4357-bb04-1a0ae64b2bb1:192.168.34.62:41642, 443b071d-6096-48d6-bfe7-498b7c8032c0:192.168.34.62:46516], old=null
2019-10-17 07:41:28,182 [cbde3520-0cea-4357-bb04-1a0ae64b2bb1@group-7EB39FB5DF22-LeaderElection17] INFO  impl.LeaderElection (LeaderElection.java:logAndReturn(56)) - cbde3520-0cea-4357-bb04-1a0ae64b2bb1@group-7EB39FB5DF22-LeaderElection17: Election REJECTED; received 2 response(s) [cbde3520-0cea-4357-bb04-1a0ae64b2bb1<-40d2d32e-dd25-45df-8070-f9dc56ccf0a7#0:FAIL-t1, cbde3520-0cea-4357-bb04-1a0ae64b2bb1<-443b071d-6096-48d6-bfe7-498b7c8032c0#0:FAIL-t1] and 0 exception(s); cbde3520-0cea-4357-bb04-1a0ae64b2bb1@group-7EB39FB5DF22:t1, leader=null, voted=cbde3520-0cea-4357-bb04-1a0ae64b2bb1, raftlog=cbde3520-0cea-4357-bb04-1a0ae64b2bb1@group-7EB39FB5DF22-SegmentedRaftLog:OPENED:c-1,f-1,i0, conf=-1: [40d2d32e-dd25-45df-8070-f9dc56ccf0a7:192.168.34.62:41633, cbde3520-0cea-4357-bb04-1a0ae64b2bb1:192.168.34.62:41642, 443b071d-6096-48d6-bfe7-498b7c8032c0:192.168.34.62:46516], old=null
2019-10-17 07:41:28,183 [cbde3520-0cea-4357-bb04-1a0ae64b2bb1@group-7EB39FB5DF22-LeaderElection17] INFO  impl.RaftServerImpl (RaftServerImpl.java:setRole(184)) - cbde3520-0cea-4357-bb04-1a0ae64b2bb1@group-7EB39FB5DF22: changes role from CANDIDATE to FOLLOWER at term 1 for DISCOVERED_A_NEW_TERM
2019-10-17 07:41:28,183 [cbde3520-0cea-4357-bb04-1a0ae64b2bb1@group-7EB39FB5DF22-LeaderElection17] INFO  impl.RoleInfo (RoleInfo.java:shutdownLeaderElection(134)) - cbde3520-0cea-4357-bb04-1a0ae64b2bb1: shutdown LeaderElection
2019-10-17 07:41:28,183 [40d2d32e-dd25-45df-8070-f9dc56ccf0a7@group-7EB39FB5DF22-LeaderElection16] INFO  impl.LeaderElection (LeaderElection.java:logAndReturn(56)) - 40d2d32e-dd25-45df-8070-f9dc56ccf0a7@group-7EB39FB5DF22-LeaderElection16: Election REJECTED; received 2 response(s) [40d2d32e-dd25-45df-8070-f9dc56ccf0a7<-cbde3520-0cea-4357-bb04-1a0ae64b2bb1#0:FAIL-t1, 40d2d32e-dd25-45df-8070-f9dc56ccf0a7<-443b071d-6096-48d6-bfe7-498b7c8032c0#0:FAIL-t1] and 0 exception(s); 40d2d32e-dd25-45df-8070-f9dc56ccf0a7@group-7EB39FB5DF22:t1, leader=null, voted=40d2d32e-dd25-45df-8070-f9dc56ccf0a7, raftlog=40d2d32e-dd25-45df-8070-f9dc56ccf0a7@group-7EB39FB5DF22-SegmentedRaftLog:OPENED:c-1,f-1,i0, conf=-1: [40d2d32e-dd25-45df-8070-f9dc56ccf0a7:192.168.34.62:41633, cbde3520-0cea-4357-bb04-1a0ae64b2bb1:192.168.34.62:41642, 443b071d-6096-48d6-bfe7-498b7c8032c0:192.168.34.62:46516], old=null
2019-10-17 07:41:28,184 [cbde3520-0cea-4357-bb04-1a0ae64b2bb1@group-7EB39FB5DF22-LeaderElection17] INFO  impl.RoleInfo (RoleInfo.java:updateAndGet(143)) - cbde3520-0cea-4357-bb04-1a0ae64b2bb1: start FollowerState
2019-10-17 07:41:28,184 [40d2d32e-dd25-45df-8070-f9dc56ccf0a7@group-7EB39FB5DF22-LeaderElection16] INFO  impl.RaftServerImpl (RaftServerImpl.java:setRole(184)) - 40d2d32e-dd25-45df-8070-f9dc56ccf0a7@group-7EB39FB5DF22: changes role from CANDIDATE to FOLLOWER at term 1 for DISCOVERED_A_NEW_TERM
2019-10-17 07:41:28,185 [40d2d32e-dd25-45df-8070-f9dc56ccf0a7@group-7EB39FB5DF22-LeaderElection16] INFO  impl.RoleInfo (RoleInfo.java:shutdownLeaderElection(134)) - 40d2d32e-dd25-45df-8070-f9dc56ccf0a7: shutdown LeaderElection
2019-10-17 07:41:28,186 [40d2d32e-dd25-45df-8070-f9dc56ccf0a7@group-7EB39FB5DF22-LeaderElection16] INFO  impl.RoleInfo (RoleInfo.java:updateAndGet(143)) - 40d2d32e-dd25-45df-8070-f9dc56ccf0a7: start FollowerState
2019-10-17 07:41:28,192 [443b071d-6096-48d6-bfe7-498b7c8032c0@group-7EB39FB5DF22-LeaderElection18] INFO  impl.LeaderElection (LeaderElection.java:logAndReturn(56)) - 443b071d-6096-48d6-bfe7-498b7c8032c0@group-7EB39FB5DF22-LeaderElection18: Election REJECTED; received 2 response(s) [443b071d-6096-48d6-bfe7-498b7c8032c0<-40d2d32e-dd25-45df-8070-f9dc56ccf0a7#0:FAIL-t1, 443b071d-6096-48d6-bfe7-498b7c8032c0<-cbde3520-0cea-4357-bb04-1a0ae64b2bb1#0:FAIL-t1] and 0 exception(s); 443b071d-6096-48d6-bfe7-498b7c8032c0@group-7EB39FB5DF22:t1, leader=null, voted=443b071d-6096-48d6-bfe7-498b7c8032c0, raftlog=443b071d-6096-48d6-bfe7-498b7c8032c0@group-7EB39FB5DF22-SegmentedRaftLog:OPENED:c-1,f-1,i0, conf=-1: [40d2d32e-dd25-45df-8070-f9dc56ccf0a7:192.168.34.62:41633, cbde3520-0cea-4357-bb04-1a0ae64b2bb1:192.168.34.62:41642, 443b071d-6096-48d6-bfe7-498b7c8032c0:192.168.34.62:46516], old=null
2019-10-17 07:41:28,192 [443b071d-6096-48d6-bfe7-498b7c8032c0@group-7EB39FB5DF22-LeaderElection18] INFO  impl.RaftServerImpl (RaftServerImpl.java:setRole(184)) - 443b071d-6096-48d6-bfe7-498b7c8032c0@group-7EB39FB5DF22: changes role from CANDIDATE to FOLLOWER at term 1 for DISCOVERED_A_NEW_TERM
2019-10-17 07:41:28,193 [443b071d-6096-48d6-bfe7-498b7c8032c0@group-7EB39FB5DF22-LeaderElection18] INFO  impl.RoleInfo (RoleInfo.java:shutdownLeaderElection(134)) - 443b071d-6096-48d6-bfe7-498b7c8032c0: shutdown LeaderElection
2019-10-17 07:41:28,193 [443b071d-6096-48d6-bfe7-498b7c8032c0@group-7EB39FB5DF22-LeaderElection18] INFO  impl.RoleInfo (RoleInfo.java:updateAndGet(143)) - 443b071d-6096-48d6-bfe7-498b7c8032c0: start FollowerState
2019-10-17 07:41:28,197 [main] INFO  ozone.MiniOzoneClusterImpl (MiniOzoneClusterImpl.java:lambda$waitForClusterToBeReady$2(164)) - Waiting for 1 number of pipelines out of 5, to report a leader.
2019-10-17 07:41:28,251 [Thread-331] INFO  impl.FollowerState (FollowerState.java:run(108)) - 40d2d32e-dd25-45df-8070-f9dc56ccf0a7@group-7EB39FB5DF22-FollowerState: change to CANDIDATE, lastRpcTime:65ms, electionTimeout:65ms
2019-10-17 07:41:28,252 [Thread-331] INFO  impl.RoleInfo (RoleInfo.java:shutdownFollowerState(121)) - 40d2d32e-dd25-45df-8070-f9dc56ccf0a7: shutdown FollowerState
2019-10-17 07:41:28,252 [Thread-331] INFO  impl.RaftServerImpl (RaftServerImpl.java:setRole(184)) - 40d2d32e-dd25-45df-8070-f9dc56ccf0a7@group-7EB39FB5DF22: changes role from  FOLLOWER to CANDIDATE at term 1 for changeToCandidate
2019-10-17 07:41:28,252 [Thread-331] INFO  impl.RoleInfo (RoleInfo.java:updateAndGet(143)) - 40d2d32e-dd25-45df-8070-f9dc56ccf0a7: start LeaderElection
2019-10-17 07:41:28,278 [40d2d32e-dd25-45df-8070-f9dc56ccf0a7@group-7EB39FB5DF22-LeaderElection19] INFO  impl.LeaderElection (LeaderElection.java:askForVotes(178)) - 40d2d32e-dd25-45df-8070-f9dc56ccf0a7@group-7EB39FB5DF22-LeaderElection19: begin an election at term 2 for -1: [40d2d32e-dd25-45df-8070-f9dc56ccf0a7:192.168.34.62:41633, cbde3520-0cea-4357-bb04-1a0ae64b2bb1:192.168.34.62:41642, 443b071d-6096-48d6-bfe7-498b7c8032c0:192.168.34.62:46516], old=null
2019-10-17 07:41:28,282 [grpc-default-executor-1] INFO  impl.RaftServerImpl (RaftServerImpl.java:setRole(184)) - cbde3520-0cea-4357-bb04-1a0ae64b2bb1@group-7EB39FB5DF22: changes role from  FOLLOWER to FOLLOWER at term 2 for recognizeCandidate:40d2d32e-dd25-45df-8070-f9dc56ccf0a7
2019-10-17 07:41:28,282 [grpc-default-executor-4] INFO  impl.RaftServerImpl (RaftServerImpl.java:setRole(184)) - 443b071d-6096-48d6-bfe7-498b7c8032c0@group-7EB39FB5DF22: changes role from  FOLLOWER to FOLLOWER at term 2 for recognizeCandidate:40d2d32e-dd25-45df-8070-f9dc56ccf0a7
2019-10-17 07:41:28,282 [grpc-default-executor-1] INFO  impl.RoleInfo (RoleInfo.java:shutdownFollowerState(121)) - cbde3520-0cea-4357-bb04-1a0ae64b2bb1: shutdown FollowerState
2019-10-17 07:41:28,282 [grpc-default-executor-4] INFO  impl.RoleInfo (RoleInfo.java:shutdownFollowerState(121)) - 443b071d-6096-48d6-bfe7-498b7c8032c0: shutdown FollowerState
2019-10-17 07:41:28,283 [grpc-default-executor-1] INFO  impl.RoleInfo (RoleInfo.java:updateAndGet(143)) - cbde3520-0cea-4357-bb04-1a0ae64b2bb1: start FollowerState
2019-10-17 07:41:28,283 [Thread-330] INFO  impl.FollowerState (FollowerState.java:run(117)) - cbde3520-0cea-4357-bb04-1a0ae64b2bb1@group-7EB39FB5DF22-FollowerState was interrupted: java.lang.InterruptedException: sleep interrupted
2019-10-17 07:41:28,283 [grpc-default-executor-4] INFO  impl.RoleInfo (RoleInfo.java:updateAndGet(143)) - 443b071d-6096-48d6-bfe7-498b7c8032c0: start FollowerState
2019-10-17 07:41:28,283 [Thread-332] INFO  impl.FollowerState (FollowerState.java:run(117)) - 443b071d-6096-48d6-bfe7-498b7c8032c0@group-7EB39FB5DF22-FollowerState was interrupted: java.lang.InterruptedException: sleep interrupted
2019-10-17 07:41:28,309 [40d2d32e-dd25-45df-8070-f9dc56ccf0a7@group-7EB39FB5DF22-LeaderElection19] INFO  impl.LeaderElection (LeaderElection.java:logAndReturn(56)) - 40d2d32e-dd25-45df-8070-f9dc56ccf0a7@group-7EB39FB5DF22-LeaderElection19: Election PASSED; received 1 response(s) [40d2d32e-dd25-45df-8070-f9dc56ccf0a7<-cbde3520-0cea-4357-bb04-1a0ae64b2bb1#0:OK-t2] and 0 exception(s); 40d2d32e-dd25-45df-8070-f9dc56ccf0a7@group-7EB39FB5DF22:t2, leader=null, voted=40d2d32e-dd25-45df-8070-f9dc56ccf0a7, raftlog=40d2d32e-dd25-45df-8070-f9dc56ccf0a7@group-7EB39FB5DF22-SegmentedRaftLog:OPENED:c-1,f-1,i0, conf=-1: [40d2d32e-dd25-45df-8070-f9dc56ccf0a7:192.168.34.62:41633, cbde3520-0cea-4357-bb04-1a0ae64b2bb1:192.168.34.62:41642, 443b071d-6096-48d6-bfe7-498b7c8032c0:192.168.34.62:46516], old=null
2019-10-17 07:41:28,310 [40d2d32e-dd25-45df-8070-f9dc56ccf0a7@group-7EB39FB5DF22-LeaderElection19] INFO  impl.RoleInfo (RoleInfo.java:shutdownLeaderElection(134)) - 40d2d32e-dd25-45df-8070-f9dc56ccf0a7: shutdown LeaderElection
2019-10-17 07:41:28,310 [40d2d32e-dd25-45df-8070-f9dc56ccf0a7@group-7EB39FB5DF22-LeaderElection19] INFO  impl.RaftServerImpl (RaftServerImpl.java:setRole(184)) - 40d2d32e-dd25-45df-8070-f9dc56ccf0a7@group-7EB39FB5DF22: changes role from CANDIDATE to LEADER at term 2 for changeToLeader
2019-10-17 07:41:28,310 [40d2d32e-dd25-45df-8070-f9dc56ccf0a7@group-7EB39FB5DF22-LeaderElection19] INFO  ratis.XceiverServerRatis (XceiverServerRatis.java:handleLeaderChangedNotification(699)) - Leader change notification received for group: group-7EB39FB5DF22 with new leaderId: 40d2d32e-dd25-45df-8070-f9dc56ccf0a7
2019-10-17 07:41:28,310 [40d2d32e-dd25-45df-8070-f9dc56ccf0a7@group-7EB39FB5DF22-LeaderElection19] INFO  impl.RaftServerImpl (ServerState.java:setLeader(256)) - 40d2d32e-dd25-45df-8070-f9dc56ccf0a7@group-7EB39FB5DF22: change Leader from null to 40d2d32e-dd25-45df-8070-f9dc56ccf0a7 at term 2 for becomeLeader, leader elected after 324ms
2019-10-17 07:41:28,311 [40d2d32e-dd25-45df-8070-f9dc56ccf0a7@group-7EB39FB5DF22-LeaderElection19] INFO  server.RaftServerConfigKeys (ConfUtils.java:logGet(43)) - raft.server.staging.catchup.gap = 1000 (default)
2019-10-17 07:41:28,311 [40d2d32e-dd25-45df-8070-f9dc56ccf0a7@group-7EB39FB5DF22-LeaderElection19] INFO  server.RaftServerConfigKeys (ConfUtils.java:logGet(43)) - raft.server.rpc.sleep.time = 25ms (default)
2019-10-17 07:41:28,313 [40d2d32e-dd25-45df-8070-f9dc56ccf0a7@group-7EB39FB5DF22-LeaderElection19] INFO  server.RaftServerConfigKeys (ConfUtils.java:logGet(43)) - raft.server.write.element-limit = 4096 (default)
2019-10-17 07:41:28,313 [40d2d32e-dd25-45df-8070-f9dc56ccf0a7@group-7EB39FB5DF22-LeaderElection19] INFO  server.RaftServerConfigKeys (ConfUtils.java:logGet(43)) - raft.server.watch.timeout = 10s (default)
2019-10-17 07:41:28,313 [40d2d32e-dd25-45df-8070-f9dc56ccf0a7@group-7EB39FB5DF22-LeaderElection19] INFO  server.RaftServerConfigKeys (ConfUtils.java:logGet(43)) - raft.server.watch.timeout.denomination = 1s (default)
2019-10-17 07:41:28,314 [40d2d32e-dd25-45df-8070-f9dc56ccf0a7@group-7EB39FB5DF22-LeaderElection19] INFO  server.RaftServerConfigKeys (ConfUtils.java:logGet(43)) - raft.server.watch.element-limit = 65536 (default)
2019-10-17 07:41:28,314 [EventQueue-PipelineReportForPipelineReportHandler] INFO  pipeline.PipelineReportHandler (PipelineReportHandler.java:processPipelineReport(119)) - Pipeline PipelineID=b700d0be-0bb9-42f5-85b0-7eb39fb5df22 reported by 40d2d32e-dd25-45df-8070-f9dc56ccf0a7{ip: 192.168.34.62, host: pr-hdds-1868-lzclr-202649289, networkLocation: /default-rack, certSerialId: null} with leaderId 40d2d32e-dd25-45df-8070-f9dc56ccf0a7
2019-10-17 07:41:28,325 [Thread-336] INFO  impl.FollowerState (FollowerState.java:run(108)) - cbde3520-0cea-4357-bb04-1a0ae64b2bb1@group-7EB39FB5DF22-FollowerState: change to CANDIDATE, lastRpcTime:42ms, electionTimeout:42ms
2019-10-17 07:41:28,326 [Thread-336] INFO  impl.RoleInfo (RoleInfo.java:shutdownFollowerState(121)) - cbde3520-0cea-4357-bb04-1a0ae64b2bb1: shutdown FollowerState
2019-10-17 07:41:28,326 [Thread-336] INFO  impl.RaftServerImpl (RaftServerImpl.java:setRole(184)) - cbde3520-0cea-4357-bb04-1a0ae64b2bb1@group-7EB39FB5DF22: changes role from  FOLLOWER to CANDIDATE at term 2 for changeToCandidate
2019-10-17 07:41:28,326 [Thread-336] INFO  impl.RoleInfo (RoleInfo.java:updateAndGet(143)) - cbde3520-0cea-4357-bb04-1a0ae64b2bb1: start LeaderElection
2019-10-17 07:41:28,327 [40d2d32e-dd25-45df-8070-f9dc56ccf0a7@group-7EB39FB5DF22-LeaderElection19] INFO  server.RaftServerConfigKeys (ConfUtils.java:logGet(43)) - raft.server.log.appender.snapshot.chunk.size.max = 16MB (=16777216) (default)
2019-10-17 07:41:28,327 [40d2d32e-dd25-45df-8070-f9dc56ccf0a7@group-7EB39FB5DF22-LeaderElection19] INFO  server.RaftServerConfigKeys (ConfUtils.java:logGet(43)) - raft.server.log.appender.buffer.byte-limit = 33554432 (custom)
2019-10-17 07:41:28,328 [40d2d32e-dd25-45df-8070-f9dc56ccf0a7@group-7EB39FB5DF22-LeaderElection19] INFO  server.RaftServerConfigKeys (ConfUtils.java:logGet(43)) - raft.server.log.appender.buffer.element-limit = 1 (custom)
2019-10-17 07:41:28,328 [40d2d32e-dd25-45df-8070-f9dc56ccf0a7@group-7EB39FB5DF22-LeaderElection19] INFO  grpc.GrpcConfigKeys$Server (ConfUtils.java:logGet(43)) - raft.grpc.server.leader.outstanding.appends.max = 128 (default)
2019-10-17 07:41:28,328 [40d2d32e-dd25-45df-8070-f9dc56ccf0a7@group-7EB39FB5DF22-LeaderElection19] INFO  server.RaftServerConfigKeys (ConfUtils.java:logGet(43)) - raft.server.rpc.request.timeout = 3000ms (default)
2019-10-17 07:41:28,328 [40d2d32e-dd25-45df-8070-f9dc56ccf0a7@group-7EB39FB5DF22-LeaderElection19] INFO  server.RaftServerConfigKeys (ConfUtils.java:logGet(43)) - raft.server.log.appender.install.snapshot.enabled = false (custom)
2019-10-17 07:41:28,332 [40d2d32e-dd25-45df-8070-f9dc56ccf0a7@group-7EB39FB5DF22-LeaderElection19] INFO  server.RaftServerConfigKeys (ConfUtils.java:logGet(43)) - raft.server.log.appender.snapshot.chunk.size.max = 16MB (=16777216) (default)
2019-10-17 07:41:28,332 [40d2d32e-dd25-45df-8070-f9dc56ccf0a7@group-7EB39FB5DF22-LeaderElection19] INFO  server.RaftServerConfigKeys (ConfUtils.java:logGet(43)) - raft.server.log.appender.buffer.byte-limit = 33554432 (custom)
2019-10-17 07:41:28,332 [40d2d32e-dd25-45df-8070-f9dc56ccf0a7@group-7EB39FB5DF22-LeaderElection19] INFO  server.RaftServerConfigKeys (ConfUtils.java:logGet(43)) - raft.server.log.appender.buffer.element-limit = 1 (custom)
2019-10-17 07:41:28,332 [40d2d32e-dd25-45df-8070-f9dc56ccf0a7@group-7EB39FB5DF22-LeaderElection19] INFO  grpc.GrpcConfigKeys$Server (ConfUtils.java:logGet(43)) - raft.grpc.server.leader.outstanding.appends.max = 128 (default)
2019-10-17 07:41:28,333 [40d2d32e-dd25-45df-8070-f9dc56ccf0a7@group-7EB39FB5DF22-LeaderElection19] INFO  server.RaftServerConfigKeys (ConfUtils.java:logGet(43)) - raft.server.rpc.request.timeout = 3000ms (default)
2019-10-17 07:41:28,333 [40d2d32e-dd25-45df-8070-f9dc56ccf0a7@group-7EB39FB5DF22-LeaderElection19] INFO  server.RaftServerConfigKeys (ConfUtils.java:logGet(43)) - raft.server.log.appender.install.snapshot.enabled = false (custom)
2019-10-17 07:41:28,336 [40d2d32e-dd25-45df-8070-f9dc56ccf0a7@group-7EB39FB5DF22-LeaderElection19] INFO  impl.RoleInfo (RoleInfo.java:updateAndGet(143)) - 40d2d32e-dd25-45df-8070-f9dc56ccf0a7: start LeaderState
2019-10-17 07:41:28,337 [40d2d32e-dd25-45df-8070-f9dc56ccf0a7@group-7EB39FB5DF22-LeaderElection19] INFO  segmented.SegmentedRaftLogWorker (SegmentedRaftLogWorker.java:startLogSegment(385)) - 40d2d32e-dd25-45df-8070-f9dc56ccf0a7@group-7EB39FB5DF22-SegmentedRaftLogWorker: Starting segment from index:0
2019-10-17 07:41:28,338 [40d2d32e-dd25-45df-8070-f9dc56ccf0a7@group-7EB39FB5DF22-LeaderElection19] INFO  impl.RaftServerImpl (ServerState.java:setRaftConf(357)) - 40d2d32e-dd25-45df-8070-f9dc56ccf0a7@group-7EB39FB5DF22: set configuration 0: [40d2d32e-dd25-45df-8070-f9dc56ccf0a7:192.168.34.62:41633, cbde3520-0cea-4357-bb04-1a0ae64b2bb1:192.168.34.62:41642, 443b071d-6096-48d6-bfe7-498b7c8032c0:192.168.34.62:46516], old=null at 0
2019-10-17 07:41:28,374 [grpc-default-executor-4] INFO  ratis.XceiverServerRatis (XceiverServerRatis.java:handleLeaderChangedNotification(699)) - Leader change notification received for group: group-7EB39FB5DF22 with new leaderId: 40d2d32e-dd25-45df-8070-f9dc56ccf0a7
2019-10-17 07:41:28,375 [grpc-default-executor-4] INFO  impl.RaftServerImpl (ServerState.java:setLeader(256)) - 443b071d-6096-48d6-bfe7-498b7c8032c0@group-7EB39FB5DF22: change Leader from null to 40d2d32e-dd25-45df-8070-f9dc56ccf0a7 at term 2 for appendEntries, leader elected after 387ms
2019-10-17 07:41:28,378 [EventQueue-PipelineReportForPipelineReportHandler] INFO  pipeline.PipelineReportHandler (PipelineReportHandler.java:processPipelineReport(119)) - Pipeline PipelineID=b700d0be-0bb9-42f5-85b0-7eb39fb5df22 reported by 443b071d-6096-48d6-bfe7-498b7c8032c0{ip: 192.168.34.62, host: pr-hdds-1868-lzclr-202649289, networkLocation: /default-rack, certSerialId: null} with leaderId 40d2d32e-dd25-45df-8070-f9dc56ccf0a7
2019-10-17 07:41:28,392 [grpc-default-executor-4] INFO  impl.RaftServerImpl (ServerState.java:setRaftConf(357)) - 443b071d-6096-48d6-bfe7-498b7c8032c0@group-7EB39FB5DF22: set configuration 0: [40d2d32e-dd25-45df-8070-f9dc56ccf0a7:192.168.34.62:41633, cbde3520-0cea-4357-bb04-1a0ae64b2bb1:192.168.34.62:41642, 443b071d-6096-48d6-bfe7-498b7c8032c0:192.168.34.62:46516], old=null at 0
2019-10-17 07:41:28,393 [grpc-default-executor-4] INFO  segmented.SegmentedRaftLogWorker (SegmentedRaftLogWorker.java:startLogSegment(385)) - 443b071d-6096-48d6-bfe7-498b7c8032c0@group-7EB39FB5DF22-SegmentedRaftLogWorker: Starting segment from index:0
2019-10-17 07:41:28,398 [cbde3520-0cea-4357-bb04-1a0ae64b2bb1@group-7EB39FB5DF22-LeaderElection20] INFO  impl.LeaderElection (LeaderElection.java:askForVotes(178)) - cbde3520-0cea-4357-bb04-1a0ae64b2bb1@group-7EB39FB5DF22-LeaderElection20: begin an election at term 3 for -1: [40d2d32e-dd25-45df-8070-f9dc56ccf0a7:192.168.34.62:41633, cbde3520-0cea-4357-bb04-1a0ae64b2bb1:192.168.34.62:41642, 443b071d-6096-48d6-bfe7-498b7c8032c0:192.168.34.62:46516], old=null
2019-10-17 07:41:28,404 [grpc-default-executor-4] INFO  impl.RaftServerImpl (ServerState.java:setLeader(256)) - 40d2d32e-dd25-45df-8070-f9dc56ccf0a7@group-7EB39FB5DF22: change Leader from 40d2d32e-dd25-45df-8070-f9dc56ccf0a7 to null at term 3 for updateCurrentTerm
2019-10-17 07:41:28,404 [grpc-default-executor-4] INFO  impl.RaftServerImpl (RaftServerImpl.java:setRole(184)) - 40d2d32e-dd25-45df-8070-f9dc56ccf0a7@group-7EB39FB5DF22: changes role from    LEADER to FOLLOWER at term 3 for recognizeCandidate:cbde3520-0cea-4357-bb04-1a0ae64b2bb1
2019-10-17 07:41:28,404 [grpc-default-executor-4] INFO  impl.RoleInfo (RoleInfo.java:shutdownLeaderState(104)) - 40d2d32e-dd25-45df-8070-f9dc56ccf0a7: shutdown LeaderState
2019-10-17 07:41:28,438 [org.apache.ratis.server.impl.LogAppender$AppenderDaemon$$Lambda$422/1662596535@1ed5b915] WARN  server.GrpcLogAppender (GrpcLogAppender.java:mayWait(149)) - 40d2d32e-dd25-45df-8070-f9dc56ccf0a7@group-7EB39FB5DF22->443b071d-6096-48d6-bfe7-498b7c8032c0-GrpcLogAppender: Wait interrupted by java.lang.InterruptedException
2019-10-17 07:41:28,438 [grpc-default-executor-4] INFO  impl.PendingRequests (PendingRequests.java:sendNotLeaderResponses(202)) - 40d2d32e-dd25-45df-8070-f9dc56ccf0a7@group-7EB39FB5DF22-PendingRequests: sendNotLeaderResponses
2019-10-17 07:41:28,439 [org.apache.ratis.server.impl.LogAppender$AppenderDaemon$$Lambda$422/1662596535@2f305170] WARN  server.GrpcLogAppender (GrpcLogAppender.java:mayWait(149)) - 40d2d32e-dd25-45df-8070-f9dc56ccf0a7@group-7EB39FB5DF22->cbde3520-0cea-4357-bb04-1a0ae64b2bb1-GrpcLogAppender: Wait interrupted by java.lang.InterruptedException
2019-10-17 07:41:28,438 [40d2d32e-dd25-45df-8070-f9dc56ccf0a7@group-7EB39FB5DF22-SegmentedRaftLogWorker] INFO  segmented.SegmentedRaftLogWorker (SegmentedRaftLogWorker.java:execute(576)) - 40d2d32e-dd25-45df-8070-f9dc56ccf0a7@group-7EB39FB5DF22-SegmentedRaftLogWorker: created new log segment /workdir/hadoop-ozone/integration-test/target/test-dir/MiniOzoneClusterImpl-6c8aceb3-2805-42ee-9a98-c3760435b865/datanode-0/data/ratis/b700d0be-0bb9-42f5-85b0-7eb39fb5df22/current/log_inprogress_0
2019-10-17 07:41:28,439 [grpc-default-executor-4] INFO  impl.RoleInfo (RoleInfo.java:updateAndGet(143)) - 40d2d32e-dd25-45df-8070-f9dc56ccf0a7: start FollowerState
2019-10-17 07:41:28,439 [grpc-default-executor-1] INFO  impl.RaftServerImpl (ServerState.java:setLeader(256)) - 443b071d-6096-48d6-bfe7-498b7c8032c0@group-7EB39FB5DF22: change Leader from 40d2d32e-dd25-45df-8070-f9dc56ccf0a7 to null at term 3 for updateCurrentTerm
2019-10-17 07:41:28,441 [grpc-default-executor-1] INFO  impl.RaftServerImpl (RaftServerImpl.java:setRole(184)) - 443b071d-6096-48d6-bfe7-498b7c8032c0@group-7EB39FB5DF22: changes role from  FOLLOWER to FOLLOWER at term 3 for recognizeCandidate:cbde3520-0cea-4357-bb04-1a0ae64b2bb1
2019-10-17 07:41:28,441 [grpc-default-executor-1] INFO  impl.RoleInfo (RoleInfo.java:shutdownFollowerState(121)) - 443b071d-6096-48d6-bfe7-498b7c8032c0: shutdown FollowerState
2019-10-17 07:41:28,441 [Thread-337] INFO  impl.FollowerState (FollowerState.java:run(117)) - 443b071d-6096-48d6-bfe7-498b7c8032c0@group-7EB39FB5DF22-FollowerState was interrupted: java.lang.InterruptedException: sleep interrupted
2019-10-17 07:41:28,441 [grpc-default-executor-0] INFO  server.GrpcServerProtocolService (GrpcServerProtocolService.java:onCompleted(113)) - cbde3520-0cea-4357-bb04-1a0ae64b2bb1: Completed APPEND_ENTRIES, lastRequest: 40d2d32e-dd25-45df-8070-f9dc56ccf0a7->cbde3520-0cea-4357-bb04-1a0ae64b2bb1#0-t2, previous=(t:0, i:0), leaderCommit=-1, initializing? false, entries: <empty>
2019-10-17 07:41:28,441 [grpc-default-executor-1] INFO  impl.RoleInfo (RoleInfo.java:updateAndGet(143)) - 443b071d-6096-48d6-bfe7-498b7c8032c0: start FollowerState
2019-10-17 07:41:28,442 [grpc-default-executor-3] INFO  server.GrpcServerProtocolService (GrpcServerProtocolService.java:onCompleted(113)) - 443b071d-6096-48d6-bfe7-498b7c8032c0: Completed APPEND_ENTRIES, lastRequest: 40d2d32e-dd25-45df-8070-f9dc56ccf0a7->443b071d-6096-48d6-bfe7-498b7c8032c0#1-t2, previous=(t:0, i:0), leaderCommit=-1, initializing? false, entries: size=1, first=(t:2, i:0), CONFIGURATIONENTRY
2019-10-17 07:41:28,444 [grpc-default-executor-0] INFO  server.GrpcLogAppender (GrpcLogAppender.java:onCompleted(308)) - 40d2d32e-dd25-45df-8070-f9dc56ccf0a7@group-7EB39FB5DF22->cbde3520-0cea-4357-bb04-1a0ae64b2bb1-AppendLogResponseHandler: follower responses appendEntries COMPLETED
2019-10-17 07:41:28,444 [grpc-default-executor-2] INFO  server.GrpcLogAppender (GrpcLogAppender.java:onCompleted(308)) - 40d2d32e-dd25-45df-8070-f9dc56ccf0a7@group-7EB39FB5DF22->443b071d-6096-48d6-bfe7-498b7c8032c0-AppendLogResponseHandler: follower responses appendEntries COMPLETED
2019-10-17 07:41:28,446 [grpc-default-executor-0] INFO  impl.FollowerInfo (FollowerInfo.java:lambda$new$0(51)) - 40d2d32e-dd25-45df-8070-f9dc56ccf0a7@group-7EB39FB5DF22->cbde3520-0cea-4357-bb04-1a0ae64b2bb1: nextIndex: updateUnconditionally 0 -> 0
2019-10-17 07:41:28,448 [grpc-default-executor-2] INFO  impl.FollowerInfo (FollowerInfo.java:lambda$new$0(51)) - 40d2d32e-dd25-45df-8070-f9dc56ccf0a7@group-7EB39FB5DF22->443b071d-6096-48d6-bfe7-498b7c8032c0: nextIndex: updateUnconditionally 1 -> 0
2019-10-17 07:41:28,463 [443b071d-6096-48d6-bfe7-498b7c8032c0@group-7EB39FB5DF22-SegmentedRaftLogWorker] INFO  segmented.SegmentedRaftLogWorker (SegmentedRaftLogWorker.java:execute(576)) - 443b071d-6096-48d6-bfe7-498b7c8032c0@group-7EB39FB5DF22-SegmentedRaftLogWorker: created new log segment /workdir/hadoop-ozone/integration-test/target/test-dir/MiniOzoneClusterImpl-6c8aceb3-2805-42ee-9a98-c3760435b865/datanode-1/data/ratis/b700d0be-0bb9-42f5-85b0-7eb39fb5df22/current/log_inprogress_0
2019-10-17 07:41:28,467 [cbde3520-0cea-4357-bb04-1a0ae64b2bb1@group-7EB39FB5DF22-LeaderElection20] INFO  impl.LeaderElection (LeaderElection.java:logAndReturn(56)) - cbde3520-0cea-4357-bb04-1a0ae64b2bb1@group-7EB39FB5DF22-LeaderElection20: Election TIMEOUT; received 1 response(s) [cbde3520-0cea-4357-bb04-1a0ae64b2bb1<-443b071d-6096-48d6-bfe7-498b7c8032c0#0:FAIL-t3] and 0 exception(s); cbde3520-0cea-4357-bb04-1a0ae64b2bb1@group-7EB39FB5DF22:t3, leader=null, voted=cbde3520-0cea-4357-bb04-1a0ae64b2bb1, raftlog=cbde3520-0cea-4357-bb04-1a0ae64b2bb1@group-7EB39FB5DF22-SegmentedRaftLog:OPENED:c-1,f-1,i0, conf=-1: [40d2d32e-dd25-45df-8070-f9dc56ccf0a7:192.168.34.62:41633, cbde3520-0cea-4357-bb04-1a0ae64b2bb1:192.168.34.62:41642, 443b071d-6096-48d6-bfe7-498b7c8032c0:192.168.34.62:46516], old=null
2019-10-17 07:41:28,502 [cbde3520-0cea-4357-bb04-1a0ae64b2bb1@group-7EB39FB5DF22-LeaderElection20] INFO  impl.LeaderElection (LeaderElection.java:askForVotes(178)) - cbde3520-0cea-4357-bb04-1a0ae64b2bb1@group-7EB39FB5DF22-LeaderElection20: begin an election at term 4 for -1: [40d2d32e-dd25-45df-8070-f9dc56ccf0a7:192.168.34.62:41633, cbde3520-0cea-4357-bb04-1a0ae64b2bb1:192.168.34.62:41642, 443b071d-6096-48d6-bfe7-498b7c8032c0:192.168.34.62:46516], old=null
2019-10-17 07:41:28,518 [grpc-default-executor-4] INFO  impl.RaftServerImpl (RaftServerImpl.java:setRole(184)) - 40d2d32e-dd25-45df-8070-f9dc56ccf0a7@group-7EB39FB5DF22: changes role from  FOLLOWER to FOLLOWER at term 4 for recognizeCandidate:cbde3520-0cea-4357-bb04-1a0ae64b2bb1
2019-10-17 07:41:28,524 [grpc-default-executor-4] INFO  impl.RoleInfo (RoleInfo.java:shutdownFollowerState(121)) - 40d2d32e-dd25-45df-8070-f9dc56ccf0a7: shutdown FollowerState
2019-10-17 07:41:28,518 [grpc-default-executor-1] INFO  impl.RaftServerImpl (RaftServerImpl.java:setRole(184)) - 443b071d-6096-48d6-bfe7-498b7c8032c0@group-7EB39FB5DF22: changes role from  FOLLOWER to FOLLOWER at term 4 for recognizeCandidate:cbde3520-0cea-4357-bb04-1a0ae64b2bb1
2019-10-17 07:41:28,524 [grpc-default-executor-4] INFO  impl.RoleInfo (RoleInfo.java:updateAndGet(143)) - 40d2d32e-dd25-45df-8070-f9dc56ccf0a7: start FollowerState
2019-10-17 07:41:28,524 [Thread-347] INFO  impl.FollowerState (FollowerState.java:run(117)) - 40d2d32e-dd25-45df-8070-f9dc56ccf0a7@group-7EB39FB5DF22-FollowerState was interrupted: java.lang.InterruptedException: sleep interrupted
2019-10-17 07:41:28,524 [grpc-default-executor-1] INFO  impl.RoleInfo (RoleInfo.java:shutdownFollowerState(121)) - 443b071d-6096-48d6-bfe7-498b7c8032c0: shutdown FollowerState
2019-10-17 07:41:28,525 [grpc-default-executor-1] INFO  impl.RoleInfo (RoleInfo.java:updateAndGet(143)) - 443b071d-6096-48d6-bfe7-498b7c8032c0: start FollowerState
2019-10-17 07:41:28,525 [Thread-348] INFO  impl.FollowerState (FollowerState.java:run(117)) - 443b071d-6096-48d6-bfe7-498b7c8032c0@group-7EB39FB5DF22-FollowerState was interrupted: java.lang.InterruptedException: sleep interrupted
2019-10-17 07:41:28,550 [cbde3520-0cea-4357-bb04-1a0ae64b2bb1@group-7EB39FB5DF22-LeaderElection20] INFO  impl.LeaderElection (LeaderElection.java:logAndReturn(56)) - cbde3520-0cea-4357-bb04-1a0ae64b2bb1@group-7EB39FB5DF22-LeaderElection20: Election REJECTED; received 2 response(s) [cbde3520-0cea-4357-bb04-1a0ae64b2bb1<-40d2d32e-dd25-45df-8070-f9dc56ccf0a7#0:FAIL-t4, cbde3520-0cea-4357-bb04-1a0ae64b2bb1<-443b071d-6096-48d6-bfe7-498b7c8032c0#0:FAIL-t4] and 0 exception(s); cbde3520-0cea-4357-bb04-1a0ae64b2bb1@group-7EB39FB5DF22:t4, leader=null, voted=cbde3520-0cea-4357-bb04-1a0ae64b2bb1, raftlog=cbde3520-0cea-4357-bb04-1a0ae64b2bb1@group-7EB39FB5DF22-SegmentedRaftLog:OPENED:c-1,f-1,i0, conf=-1: [40d2d32e-dd25-45df-8070-f9dc56ccf0a7:192.168.34.62:41633, cbde3520-0cea-4357-bb04-1a0ae64b2bb1:192.168.34.62:41642, 443b071d-6096-48d6-bfe7-498b7c8032c0:192.168.34.62:46516], old=null
2019-10-17 07:41:28,551 [cbde3520-0cea-4357-bb04-1a0ae64b2bb1@group-7EB39FB5DF22-LeaderElection20] INFO  impl.RaftServerImpl (RaftServerImpl.java:setRole(184)) - cbde3520-0cea-4357-bb04-1a0ae64b2bb1@group-7EB39FB5DF22: changes role from CANDIDATE to FOLLOWER at term 4 for DISCOVERED_A_NEW_TERM
2019-10-17 07:41:28,552 [cbde3520-0cea-4357-bb04-1a0ae64b2bb1@group-7EB39FB5DF22-LeaderElection20] INFO  impl.RoleInfo (RoleInfo.java:shutdownLeaderElection(134)) - cbde3520-0cea-4357-bb04-1a0ae64b2bb1: shutdown LeaderElection
2019-10-17 07:41:28,553 [cbde3520-0cea-4357-bb04-1a0ae64b2bb1@group-7EB39FB5DF22-LeaderElection20] INFO  impl.RoleInfo (RoleInfo.java:updateAndGet(143)) - cbde3520-0cea-4357-bb04-1a0ae64b2bb1: start FollowerState
2019-10-17 07:41:28,705 [Thread-354] INFO  impl.FollowerState (FollowerState.java:run(108)) - cbde3520-0cea-4357-bb04-1a0ae64b2bb1@group-7EB39FB5DF22-FollowerState: change to CANDIDATE, lastRpcTime:152ms, electionTimeout:150ms
2019-10-17 07:41:28,707 [Thread-354] INFO  impl.RoleInfo (RoleInfo.java:shutdownFollowerState(121)) - cbde3520-0cea-4357-bb04-1a0ae64b2bb1: shutdown FollowerState
2019-10-17 07:41:28,707 [Thread-354] INFO  impl.RaftServerImpl (RaftServerImpl.java:setRole(184)) - cbde3520-0cea-4357-bb04-1a0ae64b2bb1@group-7EB39FB5DF22: changes role from  FOLLOWER to CANDIDATE at term 4 for changeToCandidate
2019-10-17 07:41:28,707 [Thread-354] INFO  impl.RoleInfo (RoleInfo.java:updateAndGet(143)) - cbde3520-0cea-4357-bb04-1a0ae64b2bb1: start LeaderElection
2019-10-17 07:41:28,731 [cbde3520-0cea-4357-bb04-1a0ae64b2bb1@group-7EB39FB5DF22-LeaderElection21] INFO  impl.LeaderElection (LeaderElection.java:askForVotes(178)) - cbde3520-0cea-4357-bb04-1a0ae64b2bb1@group-7EB39FB5DF22-LeaderElection21: begin an election at term 5 for -1: [40d2d32e-dd25-45df-8070-f9dc56ccf0a7:192.168.34.62:41633, cbde3520-0cea-4357-bb04-1a0ae64b2bb1:192.168.34.62:41642, 443b071d-6096-48d6-bfe7-498b7c8032c0:192.168.34.62:46516], old=null
2019-10-17 07:41:28,735 [grpc-default-executor-1] INFO  impl.RaftServerImpl (RaftServerImpl.java:setRole(184)) - 40d2d32e-dd25-45df-8070-f9dc56ccf0a7@group-7EB39FB5DF22: changes role from  FOLLOWER to FOLLOWER at term 5 for recognizeCandidate:cbde3520-0cea-4357-bb04-1a0ae64b2bb1
2019-10-17 07:41:28,735 [grpc-default-executor-1] INFO  impl.RoleInfo (RoleInfo.java:shutdownFollowerState(121)) - 40d2d32e-dd25-45df-8070-f9dc56ccf0a7: shutdown FollowerState
2019-10-17 07:41:28,735 [grpc-default-executor-4] INFO  impl.RaftServerImpl (RaftServerImpl.java:setRole(184)) - 443b071d-6096-48d6-bfe7-498b7c8032c0@group-7EB39FB5DF22: changes role from  FOLLOWER to FOLLOWER at term 5 for recognizeCandidate:cbde3520-0cea-4357-bb04-1a0ae64b2bb1
2019-10-17 07:41:28,735 [Thread-352] INFO  impl.FollowerState (FollowerState.java:run(117)) - 40d2d32e-dd25-45df-8070-f9dc56ccf0a7@group-7EB39FB5DF22-FollowerState was interrupted: java.lang.InterruptedException: sleep interrupted
2019-10-17 07:41:28,735 [grpc-default-executor-1] INFO  impl.RoleInfo (RoleInfo.java:updateAndGet(143)) - 40d2d32e-dd25-45df-8070-f9dc56ccf0a7: start FollowerState
2019-10-17 07:41:28,736 [grpc-default-executor-4] INFO  impl.RoleInfo (RoleInfo.java:shutdownFollowerState(121)) - 443b071d-6096-48d6-bfe7-498b7c8032c0: shutdown FollowerState
2019-10-17 07:41:28,736 [grpc-default-executor-4] INFO  impl.RoleInfo (RoleInfo.java:updateAndGet(143)) - 443b071d-6096-48d6-bfe7-498b7c8032c0: start FollowerState
2019-10-17 07:41:28,736 [Thread-353] INFO  impl.FollowerState (FollowerState.java:run(117)) - 443b071d-6096-48d6-bfe7-498b7c8032c0@group-7EB39FB5DF22-FollowerState was interrupted: java.lang.InterruptedException: sleep interrupted
2019-10-17 07:41:28,751 [cbde3520-0cea-4357-bb04-1a0ae64b2bb1@group-7EB39FB5DF22-LeaderElection21] INFO  impl.LeaderElection (LeaderElection.java:logAndReturn(56)) - cbde3520-0cea-4357-bb04-1a0ae64b2bb1@group-7EB39FB5DF22-LeaderElection21: Election REJECTED; received 2 response(s) [cbde3520-0cea-4357-bb04-1a0ae64b2bb1<-40d2d32e-dd25-45df-8070-f9dc56ccf0a7#0:FAIL-t5, cbde3520-0cea-4357-bb04-1a0ae64b2bb1<-443b071d-6096-48d6-bfe7-498b7c8032c0#0:FAIL-t5] and 0 exception(s); cbde3520-0cea-4357-bb04-1a0ae64b2bb1@group-7EB39FB5DF22:t5, leader=null, voted=cbde3520-0cea-4357-bb04-1a0ae64b2bb1, raftlog=cbde3520-0cea-4357-bb04-1a0ae64b2bb1@group-7EB39FB5DF22-SegmentedRaftLog:OPENED:c-1,f-1,i0, conf=-1: [40d2d32e-dd25-45df-8070-f9dc56ccf0a7:192.168.34.62:41633, cbde3520-0cea-4357-bb04-1a0ae64b2bb1:192.168.34.62:41642, 443b071d-6096-48d6-bfe7-498b7c8032c0:192.168.34.62:46516], old=null
2019-10-17 07:41:28,751 [cbde3520-0cea-4357-bb04-1a0ae64b2bb1@group-7EB39FB5DF22-LeaderElection21] INFO  impl.RaftServerImpl (RaftServerImpl.java:setRole(184)) - cbde3520-0cea-4357-bb04-1a0ae64b2bb1@group-7EB39FB5DF22: changes role from CANDIDATE to FOLLOWER at term 5 for DISCOVERED_A_NEW_TERM
2019-10-17 07:41:28,751 [cbde3520-0cea-4357-bb04-1a0ae64b2bb1@group-7EB39FB5DF22-LeaderElection21] INFO  impl.RoleInfo (RoleInfo.java:shutdownLeaderElection(134)) - cbde3520-0cea-4357-bb04-1a0ae64b2bb1: shutdown LeaderElection
2019-10-17 07:41:28,752 [cbde3520-0cea-4357-bb04-1a0ae64b2bb1@group-7EB39FB5DF22-LeaderElection21] INFO  impl.RoleInfo (RoleInfo.java:updateAndGet(143)) - cbde3520-0cea-4357-bb04-1a0ae64b2bb1: start FollowerState
2019-10-17 07:41:28,858 [Thread-360] INFO  impl.FollowerState (FollowerState.java:run(108)) - cbde3520-0cea-4357-bb04-1a0ae64b2bb1@group-7EB39FB5DF22-FollowerState: change to CANDIDATE, lastRpcTime:106ms, electionTimeout:106ms
2019-10-17 07:41:28,860 [Thread-360] INFO  impl.RoleInfo (RoleInfo.java:shutdownFollowerState(121)) - cbde3520-0cea-4357-bb04-1a0ae64b2bb1: shutdown FollowerState
2019-10-17 07:41:28,860 [Thread-360] INFO  impl.RaftServerImpl (RaftServerImpl.java:setRole(184)) - cbde3520-0cea-4357-bb04-1a0ae64b2bb1@group-7EB39FB5DF22: changes role from  FOLLOWER to CANDIDATE at term 5 for changeToCandidate
2019-10-17 07:41:28,860 [Thread-360] INFO  impl.RoleInfo (RoleInfo.java:updateAndGet(143)) - cbde3520-0cea-4357-bb04-1a0ae64b2bb1: start LeaderElection
2019-10-17 07:41:28,884 [cbde3520-0cea-4357-bb04-1a0ae64b2bb1@group-7EB39FB5DF22-LeaderElection22] INFO  impl.LeaderElection (LeaderElection.java:askForVotes(178)) - cbde3520-0cea-4357-bb04-1a0ae64b2bb1@group-7EB39FB5DF22-LeaderElection22: begin an election at term 6 for -1: [40d2d32e-dd25-45df-8070-f9dc56ccf0a7:192.168.34.62:41633, cbde3520-0cea-4357-bb04-1a0ae64b2bb1:192.168.34.62:41642, 443b071d-6096-48d6-bfe7-498b7c8032c0:192.168.34.62:46516], old=null
2019-10-17 07:41:28,888 [grpc-default-executor-4] INFO  impl.RaftServerImpl (RaftServerImpl.java:setRole(184)) - 40d2d32e-dd25-45df-8070-f9dc56ccf0a7@group-7EB39FB5DF22: changes role from  FOLLOWER to FOLLOWER at term 6 for recognizeCandidate:cbde3520-0cea-4357-bb04-1a0ae64b2bb1
2019-10-17 07:41:28,888 [grpc-default-executor-4] INFO  impl.RoleInfo (RoleInfo.java:shutdownFollowerState(121)) - 40d2d32e-dd25-45df-8070-f9dc56ccf0a7: shutdown FollowerState
2019-10-17 07:41:28,890 [grpc-default-executor-1] INFO  impl.RaftServerImpl (RaftServerImpl.java:setRole(184)) - 443b071d-6096-48d6-bfe7-498b7c8032c0@group-7EB39FB5DF22: changes role from  FOLLOWER to FOLLOWER at term 6 for recognizeCandidate:cbde3520-0cea-4357-bb04-1a0ae64b2bb1
2019-10-17 07:41:28,890 [Thread-358] INFO  impl.FollowerState (FollowerState.java:run(117)) - 40d2d32e-dd25-45df-8070-f9dc56ccf0a7@group-7EB39FB5DF22-FollowerState was interrupted: java.lang.InterruptedException: sleep interrupted
2019-10-17 07:41:28,890 [grpc-default-executor-4] INFO  impl.RoleInfo (RoleInfo.java:updateAndGet(143)) - 40d2d32e-dd25-45df-8070-f9dc56ccf0a7: start FollowerState
2019-10-17 07:41:28,890 [grpc-default-executor-1] INFO  impl.RoleInfo (RoleInfo.java:shutdownFollowerState(121)) - 443b071d-6096-48d6-bfe7-498b7c8032c0: shutdown FollowerState
2019-10-17 07:41:28,891 [grpc-default-executor-1] INFO  impl.RoleInfo (RoleInfo.java:updateAndGet(143)) - 443b071d-6096-48d6-bfe7-498b7c8032c0: start FollowerState
2019-10-17 07:41:28,891 [Thread-359] INFO  impl.FollowerState (FollowerState.java:run(117)) - 443b071d-6096-48d6-bfe7-498b7c8032c0@group-7EB39FB5DF22-FollowerState was interrupted: java.lang.InterruptedException: sleep interrupted
2019-10-17 07:41:28,907 [cbde3520-0cea-4357-bb04-1a0ae64b2bb1@group-7EB39FB5DF22-LeaderElection22] INFO  impl.LeaderElection (LeaderElection.java:logAndReturn(56)) - cbde3520-0cea-4357-bb04-1a0ae64b2bb1@group-7EB39FB5DF22-LeaderElection22: Election REJECTED; received 2 response(s) [cbde3520-0cea-4357-bb04-1a0ae64b2bb1<-40d2d32e-dd25-45df-8070-f9dc56ccf0a7#0:FAIL-t6, cbde3520-0cea-4357-bb04-1a0ae64b2bb1<-443b071d-6096-48d6-bfe7-498b7c8032c0#0:FAIL-t6] and 0 exception(s); cbde3520-0cea-4357-bb04-1a0ae64b2bb1@group-7EB39FB5DF22:t6, leader=null, voted=cbde3520-0cea-4357-bb04-1a0ae64b2bb1, raftlog=cbde3520-0cea-4357-bb04-1a0ae64b2bb1@group-7EB39FB5DF22-SegmentedRaftLog:OPENED:c-1,f-1,i0, conf=-1: [40d2d32e-dd25-45df-8070-f9dc56ccf0a7:192.168.34.62:41633, cbde3520-0cea-4357-bb04-1a0ae64b2bb1:192.168.34.62:41642, 443b071d-6096-48d6-bfe7-498b7c8032c0:192.168.34.62:46516], old=null
2019-10-17 07:41:28,907 [cbde3520-0cea-4357-bb04-1a0ae64b2bb1@group-7EB39FB5DF22-LeaderElection22] INFO  impl.RaftServerImpl (RaftServerImpl.java:setRole(184)) - cbde3520-0cea-4357-bb04-1a0ae64b2bb1@group-7EB39FB5DF22: changes role from CANDIDATE to FOLLOWER at term 6 for DISCOVERED_A_NEW_TERM
2019-10-17 07:41:28,907 [cbde3520-0cea-4357-bb04-1a0ae64b2bb1@group-7EB39FB5DF22-LeaderElection22] INFO  impl.RoleInfo (RoleInfo.java:shutdownLeaderElection(134)) - cbde3520-0cea-4357-bb04-1a0ae64b2bb1: shutdown LeaderElection
2019-10-17 07:41:28,908 [cbde3520-0cea-4357-bb04-1a0ae64b2bb1@group-7EB39FB5DF22-LeaderElection22] INFO  impl.RoleInfo (RoleInfo.java:updateAndGet(143)) - cbde3520-0cea-4357-bb04-1a0ae64b2bb1: start FollowerState
2019-10-17 07:41:29,096 [Thread-366] INFO  impl.FollowerState (FollowerState.java:run(108)) - cbde3520-0cea-4357-bb04-1a0ae64b2bb1@group-7EB39FB5DF22-FollowerState: change to CANDIDATE, lastRpcTime:188ms, electionTimeout:188ms
2019-10-17 07:41:29,100 [Thread-366] INFO  impl.RoleInfo (RoleInfo.java:shutdownFollowerState(121)) - cbde3520-0cea-4357-bb04-1a0ae64b2bb1: shutdown FollowerState
2019-10-17 07:41:29,100 [Thread-366] INFO  impl.RaftServerImpl (RaftServerImpl.java:setRole(184)) - cbde3520-0cea-4357-bb04-1a0ae64b2bb1@group-7EB39FB5DF22: changes role from  FOLLOWER to CANDIDATE at term 6 for changeToCandidate
2019-10-17 07:41:29,101 [Thread-366] INFO  impl.RoleInfo (RoleInfo.java:updateAndGet(143)) - cbde3520-0cea-4357-bb04-1a0ae64b2bb1: start LeaderElection
2019-10-17 07:41:29,125 [cbde3520-0cea-4357-bb04-1a0ae64b2bb1@group-7EB39FB5DF22-LeaderElection23] INFO  impl.LeaderElection (LeaderElection.java:askForVotes(178)) - cbde3520-0cea-4357-bb04-1a0ae64b2bb1@group-7EB39FB5DF22-LeaderElection23: begin an election at term 7 for -1: [40d2d32e-dd25-45df-8070-f9dc56ccf0a7:192.168.34.62:41633, cbde3520-0cea-4357-bb04-1a0ae64b2bb1:192.168.34.62:41642, 443b071d-6096-48d6-bfe7-498b7c8032c0:192.168.34.62:46516], old=null
2019-10-17 07:41:29,129 [grpc-default-executor-4] INFO  impl.RaftServerImpl (RaftServerImpl.java:setRole(184)) - 40d2d32e-dd25-45df-8070-f9dc56ccf0a7@group-7EB39FB5DF22: changes role from  FOLLOWER to FOLLOWER at term 7 for recognizeCandidate:cbde3520-0cea-4357-bb04-1a0ae64b2bb1
2019-10-17 07:41:29,130 [grpc-default-executor-1] INFO  impl.RaftServerImpl (RaftServerImpl.java:setRole(184)) - 443b071d-6096-48d6-bfe7-498b7c8032c0@group-7EB39FB5DF22: changes role from  FOLLOWER to FOLLOWER at term 7 for recognizeCandidate:cbde3520-0cea-4357-bb04-1a0ae64b2bb1
2019-10-17 07:41:29,130 [grpc-default-executor-4] INFO  impl.RoleInfo (RoleInfo.java:shutdownFollowerState(121)) - 40d2d32e-dd25-45df-8070-f9dc56ccf0a7: shutdown FollowerState
2019-10-17 07:41:29,130 [grpc-default-executor-1] INFO  impl.RoleInfo (RoleInfo.java:shutdownFollowerState(121)) - 443b071d-6096-48d6-bfe7-498b7c8032c0: shutdown FollowerState
2019-10-17 07:41:29,130 [Thread-364] INFO  impl.FollowerState (FollowerState.java:run(117)) - 40d2d32e-dd25-45df-8070-f9dc56ccf0a7@group-7EB39FB5DF22-FollowerState was interrupted: java.lang.InterruptedException: sleep interrupted
2019-10-17 07:41:29,130 [Thread-365] INFO  impl.FollowerState (FollowerState.java:run(117)) - 443b071d-6096-48d6-bfe7-498b7c8032c0@group-7EB39FB5DF22-FollowerState was interrupted: java.lang.InterruptedException: sleep interrupted
2019-10-17 07:41:29,130 [grpc-default-executor-4] INFO  impl.RoleInfo (RoleInfo.java:updateAndGet(143)) - 40d2d32e-dd25-45df-8070-f9dc56ccf0a7: start FollowerState
2019-10-17 07:41:29,130 [grpc-default-executor-1] INFO  impl.RoleInfo (RoleInfo.java:updateAndGet(143)) - 443b071d-6096-48d6-bfe7-498b7c8032c0: start FollowerState
2019-10-17 07:41:29,146 [cbde3520-0cea-4357-bb04-1a0ae64b2bb1@group-7EB39FB5DF22-LeaderElection23] INFO  impl.LeaderElection (LeaderElection.java:logAndReturn(56)) - cbde3520-0cea-4357-bb04-1a0ae64b2bb1@group-7EB39FB5DF22-LeaderElection23: Election REJECTED; received 2 response(s) [cbde3520-0cea-4357-bb04-1a0ae64b2bb1<-40d2d32e-dd25-45df-8070-f9dc56ccf0a7#0:FAIL-t7, cbde3520-0cea-4357-bb04-1a0ae64b2bb1<-443b071d-6096-48d6-bfe7-498b7c8032c0#0:FAIL-t7] and 0 exception(s); cbde3520-0cea-4357-bb04-1a0ae64b2bb1@group-7EB39FB5DF22:t7, leader=null, voted=cbde3520-0cea-4357-bb04-1a0ae64b2bb1, raftlog=cbde3520-0cea-4357-bb04-1a0ae64b2bb1@group-7EB39FB5DF22-SegmentedRaftLog:OPENED:c-1,f-1,i0, conf=-1: [40d2d32e-dd25-45df-8070-f9dc56ccf0a7:192.168.34.62:41633, cbde3520-0cea-4357-bb04-1a0ae64b2bb1:192.168.34.62:41642, 443b071d-6096-48d6-bfe7-498b7c8032c0:192.168.34.62:46516], old=null
2019-10-17 07:41:29,146 [cbde3520-0cea-4357-bb04-1a0ae64b2bb1@group-7EB39FB5DF22-LeaderElection23] INFO  impl.RaftServerImpl (RaftServerImpl.java:setRole(184)) - cbde3520-0cea-4357-bb04-1a0ae64b2bb1@group-7EB39FB5DF22: changes role from CANDIDATE to FOLLOWER at term 7 for DISCOVERED_A_NEW_TERM
2019-10-17 07:41:29,146 [cbde3520-0cea-4357-bb04-1a0ae64b2bb1@group-7EB39FB5DF22-LeaderElection23] INFO  impl.RoleInfo (RoleInfo.java:shutdownLeaderElection(134)) - cbde3520-0cea-4357-bb04-1a0ae64b2bb1: shutdown LeaderElection
2019-10-17 07:41:29,147 [cbde3520-0cea-4357-bb04-1a0ae64b2bb1@group-7EB39FB5DF22-LeaderElection23] INFO  impl.RoleInfo (RoleInfo.java:updateAndGet(143)) - cbde3520-0cea-4357-bb04-1a0ae64b2bb1: start FollowerState
2019-10-17 07:41:29,198 [main] INFO  ozone.MiniOzoneClusterImpl (MiniOzoneClusterImpl.java:lambda$waitForClusterToBeReady$2(164)) - Waiting for 1 number of pipelines out of 5, to report a leader.
2019-10-17 07:41:29,220 [Thread-372] INFO  impl.FollowerState (FollowerState.java:run(108)) - cbde3520-0cea-4357-bb04-1a0ae64b2bb1@group-7EB39FB5DF22-FollowerState: change to CANDIDATE, lastRpcTime:73ms, electionTimeout:73ms
2019-10-17 07:41:29,221 [Thread-372] INFO  impl.RoleInfo (RoleInfo.java:shutdownFollowerState(121)) - cbde3520-0cea-4357-bb04-1a0ae64b2bb1: shutdown FollowerState
2019-10-17 07:41:29,221 [Thread-372] INFO  impl.RaftServerImpl (RaftServerImpl.java:setRole(184)) - cbde3520-0cea-4357-bb04-1a0ae64b2bb1@group-7EB39FB5DF22: changes role from  FOLLOWER to CANDIDATE at term 7 for changeToCandidate
2019-10-17 07:41:29,221 [Thread-372] INFO  impl.RoleInfo (RoleInfo.java:updateAndGet(143)) - cbde3520-0cea-4357-bb04-1a0ae64b2bb1: start LeaderElection
2019-10-17 07:41:29,245 [cbde3520-0cea-4357-bb04-1a0ae64b2bb1@group-7EB39FB5DF22-LeaderElection24] INFO  impl.LeaderElection (LeaderElection.java:askForVotes(178)) - cbde3520-0cea-4357-bb04-1a0ae64b2bb1@group-7EB39FB5DF22-LeaderElection24: begin an election at term 8 for -1: [40d2d32e-dd25-45df-8070-f9dc56ccf0a7:192.168.34.62:41633, cbde3520-0cea-4357-bb04-1a0ae64b2bb1:192.168.34.62:41642, 443b071d-6096-48d6-bfe7-498b7c8032c0:192.168.34.62:46516], old=null
2019-10-17 07:41:29,249 [grpc-default-executor-4] INFO  impl.RaftServerImpl (RaftServerImpl.java:setRole(184)) - 40d2d32e-dd25-45df-8070-f9dc56ccf0a7@group-7EB39FB5DF22: changes role from  FOLLOWER to FOLLOWER at term 8 for recognizeCandidate:cbde3520-0cea-4357-bb04-1a0ae64b2bb1
2019-10-17 07:41:29,249 [grpc-default-executor-1] INFO  impl.RaftServerImpl (RaftServerImpl.java:setRole(184)) - 443b071d-6096-48d6-bfe7-498b7c8032c0@group-7EB39FB5DF22: changes role from  FOLLOWER to FOLLOWER at term 8 for recognizeCandidate:cbde3520-0cea-4357-bb04-1a0ae64b2bb1
2019-10-17 07:41:29,249 [grpc-default-executor-4] INFO  impl.RoleInfo (RoleInfo.java:shutdownFollowerState(121)) - 40d2d32e-dd25-45df-8070-f9dc56ccf0a7: shutdown FollowerState
2019-10-17 07:41:29,250 [grpc-default-executor-1] INFO  impl.RoleInfo (RoleInfo.java:shutdownFollowerState(121)) - 443b071d-6096-48d6-bfe7-498b7c8032c0: shutdown FollowerState
2019-10-17 07:41:29,250 [Thread-370] INFO  impl.FollowerState (FollowerState.java:run(117)) - 40d2d32e-dd25-45df-8070-f9dc56ccf0a7@group-7EB39FB5DF22-FollowerState was interrupted: java.lang.InterruptedException: sleep interrupted
2019-10-17 07:41:29,250 [Thread-371] INFO  impl.FollowerState (FollowerState.java:run(117)) - 443b071d-6096-48d6-bfe7-498b7c8032c0@group-7EB39FB5DF22-FollowerState was interrupted: java.lang.InterruptedException: sleep interrupted
2019-10-17 07:41:29,250 [grpc-default-executor-4] INFO  impl.RoleInfo (RoleInfo.java:updateAndGet(143)) - 40d2d32e-dd25-45df-8070-f9dc56ccf0a7: start FollowerState
2019-10-17 07:41:29,250 [grpc-default-executor-1] INFO  impl.RoleInfo (RoleInfo.java:updateAndGet(143)) - 443b071d-6096-48d6-bfe7-498b7c8032c0: start FollowerState
2019-10-17 07:41:29,269 [cbde3520-0cea-4357-bb04-1a0ae64b2bb1@group-7EB39FB5DF22-LeaderElection24] INFO  impl.LeaderElection (LeaderElection.java:logAndReturn(56)) - cbde3520-0cea-4357-bb04-1a0ae64b2bb1@group-7EB39FB5DF22-LeaderElection24: Election REJECTED; received 2 response(s) [cbde3520-0cea-4357-bb04-1a0ae64b2bb1<-40d2d32e-dd25-45df-8070-f9dc56ccf0a7#0:FAIL-t8, cbde3520-0cea-4357-bb04-1a0ae64b2bb1<-443b071d-6096-48d6-bfe7-498b7c8032c0#0:FAIL-t8] and 0 exception(s); cbde3520-0cea-4357-bb04-1a0ae64b2bb1@group-7EB39FB5DF22:t8, leader=null, voted=cbde3520-0cea-4357-bb04-1a0ae64b2bb1, raftlog=cbde3520-0cea-4357-bb04-1a0ae64b2bb1@group-7EB39FB5DF22-SegmentedRaftLog:OPENED:c-1,f-1,i0, conf=-1: [40d2d32e-dd25-45df-8070-f9dc56ccf0a7:192.168.34.62:41633, cbde3520-0cea-4357-bb04-1a0ae64b2bb1:192.168.34.62:41642, 443b071d-6096-48d6-bfe7-498b7c8032c0:192.168.34.62:46516], old=null
2019-10-17 07:41:29,269 [cbde3520-0cea-4357-bb04-1a0ae64b2bb1@group-7EB39FB5DF22-LeaderElection24] INFO  impl.RaftServerImpl (RaftServerImpl.java:setRole(184)) - cbde3520-0cea-4357-bb04-1a0ae64b2bb1@group-7EB39FB5DF22: changes role from CANDIDATE to FOLLOWER at term 8 for DISCOVERED_A_NEW_TERM
2019-10-17 07:41:29,269 [cbde3520-0cea-4357-bb04-1a0ae64b2bb1@group-7EB39FB5DF22-LeaderElection24] INFO  impl.RoleInfo (RoleInfo.java:shutdownLeaderElection(134)) - cbde3520-0cea-4357-bb04-1a0ae64b2bb1: shutdown LeaderElection
2019-10-17 07:41:29,270 [cbde3520-0cea-4357-bb04-1a0ae64b2bb1@group-7EB39FB5DF22-LeaderElection24] INFO  impl.RoleInfo (RoleInfo.java:updateAndGet(143)) - cbde3520-0cea-4357-bb04-1a0ae64b2bb1: start FollowerState
2019-10-17 07:41:29,341 [Thread-378] INFO  impl.FollowerState (FollowerState.java:run(108)) - cbde3520-0cea-4357-bb04-1a0ae64b2bb1@group-7EB39FB5DF22-FollowerState: change to CANDIDATE, lastRpcTime:71ms, electionTimeout:70ms
2019-10-17 07:41:29,343 [Thread-378] INFO  impl.RoleInfo (RoleInfo.java:shutdownFollowerState(121)) - cbde3520-0cea-4357-bb04-1a0ae64b2bb1: shutdown FollowerState
2019-10-17 07:41:29,343 [Thread-378] INFO  impl.RaftServerImpl (RaftServerImpl.java:setRole(184)) - cbde3520-0cea-4357-bb04-1a0ae64b2bb1@group-7EB39FB5DF22: changes role from  FOLLOWER to CANDIDATE at term 8 for changeToCandidate
2019-10-17 07:41:29,343 [Thread-378] INFO  impl.RoleInfo (RoleInfo.java:updateAndGet(143)) - cbde3520-0cea-4357-bb04-1a0ae64b2bb1: start LeaderElection
2019-10-17 07:41:29,357 [cbde3520-0cea-4357-bb04-1a0ae64b2bb1@group-7EB39FB5DF22-LeaderElection25] INFO  impl.LeaderElection (LeaderElection.java:askForVotes(178)) - cbde3520-0cea-4357-bb04-1a0ae64b2bb1@group-7EB39FB5DF22-LeaderElection25: begin an election at term 9 for -1: [40d2d32e-dd25-45df-8070-f9dc56ccf0a7:192.168.34.62:41633, cbde3520-0cea-4357-bb04-1a0ae64b2bb1:192.168.34.62:41642, 443b071d-6096-48d6-bfe7-498b7c8032c0:192.168.34.62:46516], old=null
2019-10-17 07:41:29,361 [grpc-default-executor-1] INFO  impl.RaftServerImpl (RaftServerImpl.java:setRole(184)) - 40d2d32e-dd25-45df-8070-f9dc56ccf0a7@group-7EB39FB5DF22: changes role from  FOLLOWER to FOLLOWER at term 9 for recognizeCandidate:cbde3520-0cea-4357-bb04-1a0ae64b2bb1
2019-10-17 07:41:29,361 [grpc-default-executor-1] INFO  impl.RoleInfo (RoleInfo.java:shutdownFollowerState(121)) - 40d2d32e-dd25-45df-8070-f9dc56ccf0a7: shutdown FollowerState
2019-10-17 07:41:29,362 [grpc-default-executor-4] INFO  impl.RaftServerImpl (RaftServerImpl.java:setRole(184)) - 443b071d-6096-48d6-bfe7-498b7c8032c0@group-7EB39FB5DF22: changes role from  FOLLOWER to FOLLOWER at term 9 for recognizeCandidate:cbde3520-0cea-4357-bb04-1a0ae64b2bb1
2019-10-17 07:41:29,362 [grpc-default-executor-1] INFO  impl.RoleInfo (RoleInfo.java:updateAndGet(143)) - 40d2d32e-dd25-45df-8070-f9dc56ccf0a7: start FollowerState
2019-10-17 07:41:29,362 [Thread-376] INFO  impl.FollowerState (FollowerState.java:run(117)) - 40d2d32e-dd25-45df-8070-f9dc56ccf0a7@group-7EB39FB5DF22-FollowerState was interrupted: java.lang.InterruptedException: sleep interrupted
2019-10-17 07:41:29,362 [grpc-default-executor-4] INFO  impl.RoleInfo (RoleInfo.java:shutdownFollowerState(121)) - 443b071d-6096-48d6-bfe7-498b7c8032c0: shutdown FollowerState
2019-10-17 07:41:29,362 [grpc-default-executor-4] INFO  impl.RoleInfo (RoleInfo.java:updateAndGet(143)) - 443b071d-6096-48d6-bfe7-498b7c8032c0: start FollowerState
2019-10-17 07:41:29,362 [Thread-377] INFO  impl.FollowerState (FollowerState.java:run(117)) - 443b071d-6096-48d6-bfe7-498b7c8032c0@group-7EB39FB5DF22-FollowerState was interrupted: java.lang.InterruptedException: sleep interrupted
2019-10-17 07:41:29,388 [cbde3520-0cea-4357-bb04-1a0ae64b2bb1@group-7EB39FB5DF22-LeaderElection25] INFO  impl.LeaderElection (LeaderElection.java:logAndReturn(56)) - cbde3520-0cea-4357-bb04-1a0ae64b2bb1@group-7EB39FB5DF22-LeaderElection25: Election REJECTED; received 2 response(s) [cbde3520-0cea-4357-bb04-1a0ae64b2bb1<-40d2d32e-dd25-45df-8070-f9dc56ccf0a7#0:FAIL-t9, cbde3520-0cea-4357-bb04-1a0ae64b2bb1<-443b071d-6096-48d6-bfe7-498b7c8032c0#0:FAIL-t9] and 0 exception(s); cbde3520-0cea-4357-bb04-1a0ae64b2bb1@group-7EB39FB5DF22:t9, leader=null, voted=cbde3520-0cea-4357-bb04-1a0ae64b2bb1, raftlog=cbde3520-0cea-4357-bb04-1a0ae64b2bb1@group-7EB39FB5DF22-SegmentedRaftLog:OPENED:c-1,f-1,i0, conf=-1: [40d2d32e-dd25-45df-8070-f9dc56ccf0a7:192.168.34.62:41633, cbde3520-0cea-4357-bb04-1a0ae64b2bb1:192.168.34.62:41642, 443b071d-6096-48d6-bfe7-498b7c8032c0:192.168.34.62:46516], old=null
2019-10-17 07:41:29,388 [cbde3520-0cea-4357-bb04-1a0ae64b2bb1@group-7EB39FB5DF22-LeaderElection25] INFO  impl.RaftServerImpl (RaftServerImpl.java:setRole(184)) - cbde3520-0cea-4357-bb04-1a0ae64b2bb1@group-7EB39FB5DF22: changes role from CANDIDATE to FOLLOWER at term 9 for DISCOVERED_A_NEW_TERM
2019-10-17 07:41:29,389 [cbde3520-0cea-4357-bb04-1a0ae64b2bb1@group-7EB39FB5DF22-LeaderElection25] INFO  impl.RoleInfo (RoleInfo.java:shutdownLeaderElection(134)) - cbde3520-0cea-4357-bb04-1a0ae64b2bb1: shutdown LeaderElection
2019-10-17 07:41:29,389 [cbde3520-0cea-4357-bb04-1a0ae64b2bb1@group-7EB39FB5DF22-LeaderElection25] INFO  impl.RoleInfo (RoleInfo.java:updateAndGet(143)) - cbde3520-0cea-4357-bb04-1a0ae64b2bb1: start FollowerState
2019-10-17 07:41:29,496 [Thread-384] INFO  impl.FollowerState (FollowerState.java:run(108)) - cbde3520-0cea-4357-bb04-1a0ae64b2bb1@group-7EB39FB5DF22-FollowerState: change to CANDIDATE, lastRpcTime:106ms, electionTimeout:106ms
2019-10-17 07:41:29,497 [Thread-384] INFO  impl.RoleInfo (RoleInfo.java:shutdownFollowerState(121)) - cbde3520-0cea-4357-bb04-1a0ae64b2bb1: shutdown FollowerState
2019-10-17 07:41:29,497 [Thread-384] INFO  impl.RaftServerImpl (RaftServerImpl.java:setRole(184)) - cbde3520-0cea-4357-bb04-1a0ae64b2bb1@group-7EB39FB5DF22: changes role from  FOLLOWER to CANDIDATE at term 9 for changeToCandidate
2019-10-17 07:41:29,497 [Thread-384] INFO  impl.RoleInfo (RoleInfo.java:updateAndGet(143)) - cbde3520-0cea-4357-bb04-1a0ae64b2bb1: start LeaderElection
2019-10-17 07:41:29,511 [cbde3520-0cea-4357-bb04-1a0ae64b2bb1@group-7EB39FB5DF22-LeaderElection26] INFO  impl.LeaderElection (LeaderElection.java:askForVotes(178)) - cbde3520-0cea-4357-bb04-1a0ae64b2bb1@group-7EB39FB5DF22-LeaderElection26: begin an election at term 10 for -1: [40d2d32e-dd25-45df-8070-f9dc56ccf0a7:192.168.34.62:41633, cbde3520-0cea-4357-bb04-1a0ae64b2bb1:192.168.34.62:41642, 443b071d-6096-48d6-bfe7-498b7c8032c0:192.168.34.62:46516], old=null
2019-10-17 07:41:29,516 [grpc-default-executor-4] INFO  impl.RaftServerImpl (RaftServerImpl.java:setRole(184)) - 443b071d-6096-48d6-bfe7-498b7c8032c0@group-7EB39FB5DF22: changes role from  FOLLOWER to FOLLOWER at term 10 for recognizeCandidate:cbde3520-0cea-4357-bb04-1a0ae64b2bb1
2019-10-17 07:41:29,516 [grpc-default-executor-1] INFO  impl.RaftServerImpl (RaftServerImpl.java:setRole(184)) - 40d2d32e-dd25-45df-8070-f9dc56ccf0a7@group-7EB39FB5DF22: changes role from  FOLLOWER to FOLLOWER at term 10 for recognizeCandidate:cbde3520-0cea-4357-bb04-1a0ae64b2bb1
2019-10-17 07:41:29,516 [grpc-default-executor-4] INFO  impl.RoleInfo (RoleInfo.java:shutdownFollowerState(121)) - 443b071d-6096-48d6-bfe7-498b7c8032c0: shutdown FollowerState
2019-10-17 07:41:29,517 [grpc-default-executor-1] INFO  impl.RoleInfo (RoleInfo.java:shutdownFollowerState(121)) - 40d2d32e-dd25-45df-8070-f9dc56ccf0a7: shutdown FollowerState
2019-10-17 07:41:29,517 [Thread-383] INFO  impl.FollowerState (FollowerState.java:run(117)) - 443b071d-6096-48d6-bfe7-498b7c8032c0@group-7EB39FB5DF22-FollowerState was interrupted: java.lang.InterruptedException: sleep interrupted
2019-10-17 07:41:29,517 [grpc-default-executor-1] INFO  impl.RoleInfo (RoleInfo.java:updateAndGet(143)) - 40d2d32e-dd25-45df-8070-f9dc56ccf0a7: start FollowerState
2019-10-17 07:41:29,517 [grpc-default-executor-4] INFO  impl.RoleInfo (RoleInfo.java:updateAndGet(143)) - 443b071d-6096-48d6-bfe7-498b7c8032c0: start FollowerState
2019-10-17 07:41:29,517 [Thread-382] INFO  impl.FollowerState (FollowerState.java:run(117)) - 40d2d32e-dd25-45df-8070-f9dc56ccf0a7@group-7EB39FB5DF22-FollowerState was interrupted: java.lang.InterruptedException: sleep interrupted
2019-10-17 07:41:29,537 [cbde3520-0cea-4357-bb04-1a0ae64b2bb1@group-7EB39FB5DF22-LeaderElection26] INFO  impl.LeaderElection (LeaderElection.java:logAndReturn(56)) - cbde3520-0cea-4357-bb04-1a0ae64b2bb1@group-7EB39FB5DF22-LeaderElection26: Election TIMEOUT; received 0 response(s) [] and 0 exception(s); cbde3520-0cea-4357-bb04-1a0ae64b2bb1@group-7EB39FB5DF22:t10, leader=null, voted=cbde3520-0cea-4357-bb04-1a0ae64b2bb1, raftlog=cbde3520-0cea-4357-bb04-1a0ae64b2bb1@group-7EB39FB5DF22-SegmentedRaftLog:OPENED:c-1,f-1,i0, conf=-1: [40d2d32e-dd25-45df-8070-f9dc56ccf0a7:192.168.34.62:41633, cbde3520-0cea-4357-bb04-1a0ae64b2bb1:192.168.34.62:41642, 443b071d-6096-48d6-bfe7-498b7c8032c0:192.168.34.62:46516], old=null
2019-10-17 07:41:29,550 [cbde3520-0cea-4357-bb04-1a0ae64b2bb1@group-7EB39FB5DF22-LeaderElection26] INFO  impl.LeaderElection (LeaderElection.java:askForVotes(178)) - cbde3520-0cea-4357-bb04-1a0ae64b2bb1@group-7EB39FB5DF22-LeaderElection26: begin an election at term 11 for -1: [40d2d32e-dd25-45df-8070-f9dc56ccf0a7:192.168.34.62:41633, cbde3520-0cea-4357-bb04-1a0ae64b2bb1:192.168.34.62:41642, 443b071d-6096-48d6-bfe7-498b7c8032c0:192.168.34.62:46516], old=null
2019-10-17 07:41:29,554 [grpc-default-executor-1] INFO  impl.RaftServerImpl (RaftServerImpl.java:setRole(184)) - 40d2d32e-dd25-45df-8070-f9dc56ccf0a7@group-7EB39FB5DF22: changes role from  FOLLOWER to FOLLOWER at term 11 for recognizeCandidate:cbde3520-0cea-4357-bb04-1a0ae64b2bb1
2019-10-17 07:41:29,555 [grpc-default-executor-1] INFO  impl.RoleInfo (RoleInfo.java:shutdownFollowerState(121)) - 40d2d32e-dd25-45df-8070-f9dc56ccf0a7: shutdown FollowerState
2019-10-17 07:41:29,555 [Thread-389] INFO  impl.FollowerState (FollowerState.java:run(117)) - 40d2d32e-dd25-45df-8070-f9dc56ccf0a7@group-7EB39FB5DF22-FollowerState was interrupted: java.lang.InterruptedException: sleep interrupted
2019-10-17 07:41:29,555 [grpc-default-executor-4] INFO  impl.RaftServerImpl (RaftServerImpl.java:setRole(184)) - 443b071d-6096-48d6-bfe7-498b7c8032c0@group-7EB39FB5DF22: changes role from  FOLLOWER to FOLLOWER at term 11 for recognizeCandidate:cbde3520-0cea-4357-bb04-1a0ae64b2bb1
2019-10-17 07:41:29,555 [grpc-default-executor-1] INFO  impl.RoleInfo (RoleInfo.java:updateAndGet(143)) - 40d2d32e-dd25-45df-8070-f9dc56ccf0a7: start FollowerState
2019-10-17 07:41:29,556 [grpc-default-executor-4] INFO  impl.RoleInfo (RoleInfo.java:shutdownFollowerState(121)) - 443b071d-6096-48d6-bfe7-498b7c8032c0: shutdown FollowerState
2019-10-17 07:41:29,556 [grpc-default-executor-4] INFO  impl.RoleInfo (RoleInfo.java:updateAndGet(143)) - 443b071d-6096-48d6-bfe7-498b7c8032c0: start FollowerState
2019-10-17 07:41:29,556 [Thread-388] INFO  impl.FollowerState (FollowerState.java:run(117)) - 443b071d-6096-48d6-bfe7-498b7c8032c0@group-7EB39FB5DF22-FollowerState was interrupted: java.lang.InterruptedException: sleep interrupted
2019-10-17 07:41:29,582 [cbde3520-0cea-4357-bb04-1a0ae64b2bb1@group-7EB39FB5DF22-LeaderElection26] INFO  impl.LeaderElection (LeaderElection.java:logAndReturn(56)) - cbde3520-0cea-4357-bb04-1a0ae64b2bb1@group-7EB39FB5DF22-LeaderElection26: Election REJECTED; received 2 response(s) [cbde3520-0cea-4357-bb04-1a0ae64b2bb1<-40d2d32e-dd25-45df-8070-f9dc56ccf0a7#0:FAIL-t11, cbde3520-0cea-4357-bb04-1a0ae64b2bb1<-443b071d-6096-48d6-bfe7-498b7c8032c0#0:FAIL-t11] and 0 exception(s); cbde3520-0cea-4357-bb04-1a0ae64b2bb1@group-7EB39FB5DF22:t11, leader=null, voted=cbde3520-0cea-4357-bb04-1a0ae64b2bb1, raftlog=cbde3520-0cea-4357-bb04-1a0ae64b2bb1@group-7EB39FB5DF22-SegmentedRaftLog:OPENED:c-1,f-1,i0, conf=-1: [40d2d32e-dd25-45df-8070-f9dc56ccf0a7:192.168.34.62:41633, cbde3520-0cea-4357-bb04-1a0ae64b2bb1:192.168.34.62:41642, 443b071d-6096-48d6-bfe7-498b7c8032c0:192.168.34.62:46516], old=null
2019-10-17 07:41:29,582 [cbde3520-0cea-4357-bb04-1a0ae64b2bb1@group-7EB39FB5DF22-LeaderElection26] INFO  impl.RaftServerImpl (RaftServerImpl.java:setRole(184)) - cbde3520-0cea-4357-bb04-1a0ae64b2bb1@group-7EB39FB5DF22: changes role from CANDIDATE to FOLLOWER at term 11 for DISCOVERED_A_NEW_TERM
2019-10-17 07:41:29,582 [cbde3520-0cea-4357-bb04-1a0ae64b2bb1@group-7EB39FB5DF22-LeaderElection26] INFO  impl.RoleInfo (RoleInfo.java:shutdownLeaderElection(134)) - cbde3520-0cea-4357-bb04-1a0ae64b2bb1: shutdown LeaderElection
2019-10-17 07:41:29,583 [cbde3520-0cea-4357-bb04-1a0ae64b2bb1@group-7EB39FB5DF22-LeaderElection26] INFO  impl.RoleInfo (RoleInfo.java:updateAndGet(143)) - cbde3520-0cea-4357-bb04-1a0ae64b2bb1: start FollowerState
2019-10-17 07:41:29,701 [Thread-394] INFO  impl.FollowerState (FollowerState.java:run(108)) - cbde3520-0cea-4357-bb04-1a0ae64b2bb1@group-7EB39FB5DF22-FollowerState: change to CANDIDATE, lastRpcTime:118ms, electionTimeout:118ms
2019-10-17 07:41:29,703 [Thread-394] INFO  impl.RoleInfo (RoleInfo.java:shutdownFollowerState(121)) - cbde3520-0cea-4357-bb04-1a0ae64b2bb1: shutdown FollowerState
2019-10-17 07:41:29,703 [Thread-394] INFO  impl.RaftServerImpl (RaftServerImpl.java:setRole(184)) - cbde3520-0cea-4357-bb04-1a0ae64b2bb1@group-7EB39FB5DF22: changes role from  FOLLOWER to CANDIDATE at term 11 for changeToCandidate
2019-10-17 07:41:29,703 [Thread-394] INFO  impl.RoleInfo (RoleInfo.java:updateAndGet(143)) - cbde3520-0cea-4357-bb04-1a0ae64b2bb1: start LeaderElection
2019-10-17 07:41:29,728 [cbde3520-0cea-4357-bb04-1a0ae64b2bb1@group-7EB39FB5DF22-LeaderElection27] INFO  impl.LeaderElection (LeaderElection.java:askForVotes(178)) - cbde3520-0cea-4357-bb04-1a0ae64b2bb1@group-7EB39FB5DF22-LeaderElection27: begin an election at term 12 for -1: [40d2d32e-dd25-45df-8070-f9dc56ccf0a7:192.168.34.62:41633, cbde3520-0cea-4357-bb04-1a0ae64b2bb1:192.168.34.62:41642, 443b071d-6096-48d6-bfe7-498b7c8032c0:192.168.34.62:46516], old=null
2019-10-17 07:41:29,731 [grpc-default-executor-4] INFO  impl.RaftServerImpl (RaftServerImpl.java:setRole(184)) - 40d2d32e-dd25-45df-8070-f9dc56ccf0a7@group-7EB39FB5DF22: changes role from  FOLLOWER to FOLLOWER at term 12 for recognizeCandidate:cbde3520-0cea-4357-bb04-1a0ae64b2bb1
2019-10-17 07:41:29,731 [grpc-default-executor-4] INFO  impl.RoleInfo (RoleInfo.java:shutdownFollowerState(121)) - 40d2d32e-dd25-45df-8070-f9dc56ccf0a7: shutdown FollowerState
2019-10-17 07:41:29,731 [grpc-default-executor-1] INFO  impl.RaftServerImpl (RaftServerImpl.java:setRole(184)) - 443b071d-6096-48d6-bfe7-498b7c8032c0@group-7EB39FB5DF22: changes role from  FOLLOWER to FOLLOWER at term 12 for recognizeCandidate:cbde3520-0cea-4357-bb04-1a0ae64b2bb1
2019-10-17 07:41:29,731 [Thread-392] INFO  impl.FollowerState (FollowerState.java:run(117)) - 40d2d32e-dd25-45df-8070-f9dc56ccf0a7@group-7EB39FB5DF22-FollowerState was interrupted: java.lang.InterruptedException: sleep interrupted
2019-10-17 07:41:29,731 [grpc-default-executor-4] INFO  impl.RoleInfo (RoleInfo.java:updateAndGet(143)) - 40d2d32e-dd25-45df-8070-f9dc56ccf0a7: start FollowerState
2019-10-17 07:41:29,732 [grpc-default-executor-1] INFO  impl.RoleInfo (RoleInfo.java:shutdownFollowerState(121)) - 443b071d-6096-48d6-bfe7-498b7c8032c0: shutdown FollowerState
2019-10-17 07:41:29,732 [Thread-393] INFO  impl.FollowerState (FollowerState.java:run(117)) - 443b071d-6096-48d6-bfe7-498b7c8032c0@group-7EB39FB5DF22-FollowerState was interrupted: java.lang.InterruptedException: sleep interrupted
2019-10-17 07:41:29,732 [grpc-default-executor-1] INFO  impl.RoleInfo (RoleInfo.java:updateAndGet(143)) - 443b071d-6096-48d6-bfe7-498b7c8032c0: start FollowerState
2019-10-17 07:41:29,757 [cbde3520-0cea-4357-bb04-1a0ae64b2bb1@group-7EB39FB5DF22-LeaderElection27] INFO  impl.LeaderElection (LeaderElection.java:logAndReturn(56)) - cbde3520-0cea-4357-bb04-1a0ae64b2bb1@group-7EB39FB5DF22-LeaderElection27: Election REJECTED; received 2 response(s) [cbde3520-0cea-4357-bb04-1a0ae64b2bb1<-40d2d32e-dd25-45df-8070-f9dc56ccf0a7#0:FAIL-t12, cbde3520-0cea-4357-bb04-1a0ae64b2bb1<-443b071d-6096-48d6-bfe7-498b7c8032c0#0:FAIL-t12] and 0 exception(s); cbde3520-0cea-4357-bb04-1a0ae64b2bb1@group-7EB39FB5DF22:t12, leader=null, voted=cbde3520-0cea-4357-bb04-1a0ae64b2bb1, raftlog=cbde3520-0cea-4357-bb04-1a0ae64b2bb1@group-7EB39FB5DF22-SegmentedRaftLog:OPENED:c-1,f-1,i0, conf=-1: [40d2d32e-dd25-45df-8070-f9dc56ccf0a7:192.168.34.62:41633, cbde3520-0cea-4357-bb04-1a0ae64b2bb1:192.168.34.62:41642, 443b071d-6096-48d6-bfe7-498b7c8032c0:192.168.34.62:46516], old=null
2019-10-17 07:41:29,758 [cbde3520-0cea-4357-bb04-1a0ae64b2bb1@group-7EB39FB5DF22-LeaderElection27] INFO  impl.RaftServerImpl (RaftServerImpl.java:setRole(184)) - cbde3520-0cea-4357-bb04-1a0ae64b2bb1@group-7EB39FB5DF22: changes role from CANDIDATE to FOLLOWER at term 12 for DISCOVERED_A_NEW_TERM
2019-10-17 07:41:29,758 [cbde3520-0cea-4357-bb04-1a0ae64b2bb1@group-7EB39FB5DF22-LeaderElection27] INFO  impl.RoleInfo (RoleInfo.java:shutdownLeaderElection(134)) - cbde3520-0cea-4357-bb04-1a0ae64b2bb1: shutdown LeaderElection
2019-10-17 07:41:29,758 [cbde3520-0cea-4357-bb04-1a0ae64b2bb1@group-7EB39FB5DF22-LeaderElection27] INFO  impl.RoleInfo (RoleInfo.java:updateAndGet(143)) - cbde3520-0cea-4357-bb04-1a0ae64b2bb1: start FollowerState
2019-10-17 07:41:29,869 [Thread-400] INFO  impl.FollowerState (FollowerState.java:run(108)) - cbde3520-0cea-4357-bb04-1a0ae64b2bb1@group-7EB39FB5DF22-FollowerState: change to CANDIDATE, lastRpcTime:110ms, electionTimeout:110ms
2019-10-17 07:41:29,870 [Thread-400] INFO  impl.RoleInfo (RoleInfo.java:shutdownFollowerState(121)) - cbde3520-0cea-4357-bb04-1a0ae64b2bb1: shutdown FollowerState
2019-10-17 07:41:29,870 [Thread-400] INFO  impl.RaftServerImpl (RaftServerImpl.java:setRole(184)) - cbde3520-0cea-4357-bb04-1a0ae64b2bb1@group-7EB39FB5DF22: changes role from  FOLLOWER to CANDIDATE at term 12 for changeToCandidate
2019-10-17 07:41:29,870 [Thread-400] INFO  impl.RoleInfo (RoleInfo.java:updateAndGet(143)) - cbde3520-0cea-4357-bb04-1a0ae64b2bb1: start LeaderElection
2019-10-17 07:41:29,895 [cbde3520-0cea-4357-bb04-1a0ae64b2bb1@group-7EB39FB5DF22-LeaderElection28] INFO  impl.LeaderElection (LeaderElection.java:askForVotes(178)) - cbde3520-0cea-4357-bb04-1a0ae64b2bb1@group-7EB39FB5DF22-LeaderElection28: begin an election at term 13 for -1: [40d2d32e-dd25-45df-8070-f9dc56ccf0a7:192.168.34.62:41633, cbde3520-0cea-4357-bb04-1a0ae64b2bb1:192.168.34.62:41642, 443b071d-6096-48d6-bfe7-498b7c8032c0:192.168.34.62:46516], old=null
2019-10-17 07:41:29,899 [grpc-default-executor-4] INFO  impl.RaftServerImpl (RaftServerImpl.java:setRole(184)) - 40d2d32e-dd25-45df-8070-f9dc56ccf0a7@group-7EB39FB5DF22: changes role from  FOLLOWER to FOLLOWER at term 13 for recognizeCandidate:cbde3520-0cea-4357-bb04-1a0ae64b2bb1
2019-10-17 07:41:29,899 [grpc-default-executor-4] INFO  impl.RoleInfo (RoleInfo.java:shutdownFollowerState(121)) - 40d2d32e-dd25-45df-8070-f9dc56ccf0a7: shutdown FollowerState
2019-10-17 07:41:29,899 [grpc-default-executor-4] INFO  impl.RoleInfo (RoleInfo.java:updateAndGet(143)) - 40d2d32e-dd25-45df-8070-f9dc56ccf0a7: start FollowerState
2019-10-17 07:41:29,899 [Thread-398] INFO  impl.FollowerState (FollowerState.java:run(117)) - 40d2d32e-dd25-45df-8070-f9dc56ccf0a7@group-7EB39FB5DF22-FollowerState was interrupted: java.lang.InterruptedException: sleep interrupted
2019-10-17 07:41:29,899 [grpc-default-executor-1] INFO  impl.RaftServerImpl (RaftServerImpl.java:setRole(184)) - 443b071d-6096-48d6-bfe7-498b7c8032c0@group-7EB39FB5DF22: changes role from  FOLLOWER to FOLLOWER at term 13 for recognizeCandidate:cbde3520-0cea-4357-bb04-1a0ae64b2bb1
2019-10-17 07:41:29,900 [grpc-default-executor-1] INFO  impl.RoleInfo (RoleInfo.java:shutdownFollowerState(121)) - 443b071d-6096-48d6-bfe7-498b7c8032c0: shutdown FollowerState
2019-10-17 07:41:29,900 [Thread-399] INFO  impl.FollowerState (FollowerState.java:run(117)) - 443b071d-6096-48d6-bfe7-498b7c8032c0@group-7EB39FB5DF22-FollowerState was interrupted: java.lang.InterruptedException: sleep interrupted
2019-10-17 07:41:29,900 [grpc-default-executor-1] INFO  impl.RoleInfo (RoleInfo.java:updateAndGet(143)) - 443b071d-6096-48d6-bfe7-498b7c8032c0: start FollowerState
2019-10-17 07:41:29,925 [cbde3520-0cea-4357-bb04-1a0ae64b2bb1@group-7EB39FB5DF22-LeaderElection28] INFO  impl.LeaderElection (LeaderElection.java:logAndReturn(56)) - cbde3520-0cea-4357-bb04-1a0ae64b2bb1@group-7EB39FB5DF22-LeaderElection28: Election REJECTED; received 2 response(s) [cbde3520-0cea-4357-bb04-1a0ae64b2bb1<-40d2d32e-dd25-45df-8070-f9dc56ccf0a7#0:FAIL-t13, cbde3520-0cea-4357-bb04-1a0ae64b2bb1<-443b071d-6096-48d6-bfe7-498b7c8032c0#0:FAIL-t13] and 0 exception(s); cbde3520-0cea-4357-bb04-1a0ae64b2bb1@group-7EB39FB5DF22:t13, leader=null, voted=cbde3520-0cea-4357-bb04-1a0ae64b2bb1, raftlog=cbde3520-0cea-4357-bb04-1a0ae64b2bb1@group-7EB39FB5DF22-SegmentedRaftLog:OPENED:c-1,f-1,i0, conf=-1: [40d2d32e-dd25-45df-8070-f9dc56ccf0a7:192.168.34.62:41633, cbde3520-0cea-4357-bb04-1a0ae64b2bb1:192.168.34.62:41642, 443b071d-6096-48d6-bfe7-498b7c8032c0:192.168.34.62:46516], old=null
2019-10-17 07:41:29,925 [cbde3520-0cea-4357-bb04-1a0ae64b2bb1@group-7EB39FB5DF22-LeaderElection28] INFO  impl.RaftServerImpl (RaftServerImpl.java:setRole(184)) - cbde3520-0cea-4357-bb04-1a0ae64b2bb1@group-7EB39FB5DF22: changes role from CANDIDATE to FOLLOWER at term 13 for DISCOVERED_A_NEW_TERM
2019-10-17 07:41:29,925 [cbde3520-0cea-4357-bb04-1a0ae64b2bb1@group-7EB39FB5DF22-LeaderElection28] INFO  impl.RoleInfo (RoleInfo.java:shutdownLeaderElection(134)) - cbde3520-0cea-4357-bb04-1a0ae64b2bb1: shutdown LeaderElection
2019-10-17 07:41:29,925 [cbde3520-0cea-4357-bb04-1a0ae64b2bb1@group-7EB39FB5DF22-LeaderElection28] INFO  impl.RoleInfo (RoleInfo.java:updateAndGet(143)) - cbde3520-0cea-4357-bb04-1a0ae64b2bb1: start FollowerState
2019-10-17 07:41:30,092 [Thread-406] INFO  impl.FollowerState (FollowerState.java:run(108)) - cbde3520-0cea-4357-bb04-1a0ae64b2bb1@group-7EB39FB5DF22-FollowerState: change to CANDIDATE, lastRpcTime:166ms, electionTimeout:166ms
2019-10-17 07:41:30,093 [Thread-406] INFO  impl.RoleInfo (RoleInfo.java:shutdownFollowerState(121)) - cbde3520-0cea-4357-bb04-1a0ae64b2bb1: shutdown FollowerState
2019-10-17 07:41:30,093 [Thread-406] INFO  impl.RaftServerImpl (RaftServerImpl.java:setRole(184)) - cbde3520-0cea-4357-bb04-1a0ae64b2bb1@group-7EB39FB5DF22: changes role from  FOLLOWER to CANDIDATE at term 13 for changeToCandidate
2019-10-17 07:41:30,093 [Thread-406] INFO  impl.RoleInfo (RoleInfo.java:updateAndGet(143)) - cbde3520-0cea-4357-bb04-1a0ae64b2bb1: start LeaderElection
2019-10-17 07:41:30,117 [cbde3520-0cea-4357-bb04-1a0ae64b2bb1@group-7EB39FB5DF22-LeaderElection29] INFO  impl.LeaderElection (LeaderElection.java:askForVotes(178)) - cbde3520-0cea-4357-bb04-1a0ae64b2bb1@group-7EB39FB5DF22-LeaderElection29: begin an election at term 14 for -1: [40d2d32e-dd25-45df-8070-f9dc56ccf0a7:192.168.34.62:41633, cbde3520-0cea-4357-bb04-1a0ae64b2bb1:192.168.34.62:41642, 443b071d-6096-48d6-bfe7-498b7c8032c0:192.168.34.62:46516], old=null
2019-10-17 07:41:30,120 [grpc-default-executor-4] INFO  impl.RaftServerImpl (RaftServerImpl.java:setRole(184)) - 443b071d-6096-48d6-bfe7-498b7c8032c0@group-7EB39FB5DF22: changes role from  FOLLOWER to FOLLOWER at term 14 for recognizeCandidate:cbde3520-0cea-4357-bb04-1a0ae64b2bb1
2019-10-17 07:41:30,121 [grpc-default-executor-4] INFO  impl.RoleInfo (RoleInfo.java:shutdownFollowerState(121)) - 443b071d-6096-48d6-bfe7-498b7c8032c0: shutdown FollowerState
2019-10-17 07:41:30,121 [grpc-default-executor-4] INFO  impl.RoleInfo (RoleInfo.java:updateAndGet(143)) - 443b071d-6096-48d6-bfe7-498b7c8032c0: start FollowerState
2019-10-17 07:41:30,121 [Thread-405] INFO  impl.FollowerState (FollowerState.java:run(117)) - 443b071d-6096-48d6-bfe7-498b7c8032c0@group-7EB39FB5DF22-FollowerState was interrupted: java.lang.InterruptedException: sleep interrupted
2019-10-17 07:41:30,121 [grpc-default-executor-1] INFO  impl.RaftServerImpl (RaftServerImpl.java:setRole(184)) - 40d2d32e-dd25-45df-8070-f9dc56ccf0a7@group-7EB39FB5DF22: changes role from  FOLLOWER to FOLLOWER at term 14 for recognizeCandidate:cbde3520-0cea-4357-bb04-1a0ae64b2bb1
2019-10-17 07:41:30,121 [grpc-default-executor-1] INFO  impl.RoleInfo (RoleInfo.java:shutdownFollowerState(121)) - 40d2d32e-dd25-45df-8070-f9dc56ccf0a7: shutdown FollowerState
2019-10-17 07:41:30,121 [Thread-404] INFO  impl.FollowerState (FollowerState.java:run(117)) - 40d2d32e-dd25-45df-8070-f9dc56ccf0a7@group-7EB39FB5DF22-FollowerState was interrupted: java.lang.InterruptedException: sleep interrupted
2019-10-17 07:41:30,122 [grpc-default-executor-1] INFO  impl.RoleInfo (RoleInfo.java:updateAndGet(143)) - 40d2d32e-dd25-45df-8070-f9dc56ccf0a7: start FollowerState
2019-10-17 07:41:30,157 [cbde3520-0cea-4357-bb04-1a0ae64b2bb1@group-7EB39FB5DF22-LeaderElection29] INFO  impl.LeaderElection (LeaderElection.java:logAndReturn(56)) - cbde3520-0cea-4357-bb04-1a0ae64b2bb1@group-7EB39FB5DF22-LeaderElection29: Election REJECTED; received 2 response(s) [cbde3520-0cea-4357-bb04-1a0ae64b2bb1<-40d2d32e-dd25-45df-8070-f9dc56ccf0a7#0:FAIL-t14, cbde3520-0cea-4357-bb04-1a0ae64b2bb1<-443b071d-6096-48d6-bfe7-498b7c8032c0#0:FAIL-t14] and 0 exception(s); cbde3520-0cea-4357-bb04-1a0ae64b2bb1@group-7EB39FB5DF22:t14, leader=null, voted=cbde3520-0cea-4357-bb04-1a0ae64b2bb1, raftlog=cbde3520-0cea-4357-bb04-1a0ae64b2bb1@group-7EB39FB5DF22-SegmentedRaftLog:OPENED:c-1,f-1,i0, conf=-1: [40d2d32e-dd25-45df-8070-f9dc56ccf0a7:192.168.34.62:41633, cbde3520-0cea-4357-bb04-1a0ae64b2bb1:192.168.34.62:41642, 443b071d-6096-48d6-bfe7-498b7c8032c0:192.168.34.62:46516], old=null
2019-10-17 07:41:30,158 [cbde3520-0cea-4357-bb04-1a0ae64b2bb1@group-7EB39FB5DF22-LeaderElection29] INFO  impl.RaftServerImpl (RaftServerImpl.java:setRole(184)) - cbde3520-0cea-4357-bb04-1a0ae64b2bb1@group-7EB39FB5DF22: changes role from CANDIDATE to FOLLOWER at term 14 for DISCOVERED_A_NEW_TERM
2019-10-17 07:41:30,158 [cbde3520-0cea-4357-bb04-1a0ae64b2bb1@group-7EB39FB5DF22-LeaderElection29] INFO  impl.RoleInfo (RoleInfo.java:shutdownLeaderElection(134)) - cbde3520-0cea-4357-bb04-1a0ae64b2bb1: shutdown LeaderElection
2019-10-17 07:41:30,158 [cbde3520-0cea-4357-bb04-1a0ae64b2bb1@group-7EB39FB5DF22-LeaderElection29] INFO  impl.RoleInfo (RoleInfo.java:updateAndGet(143)) - cbde3520-0cea-4357-bb04-1a0ae64b2bb1: start FollowerState
2019-10-17 07:41:30,201 [main] INFO  ozone.MiniOzoneClusterImpl (MiniOzoneClusterImpl.java:lambda$waitForClusterToBeReady$2(164)) - Waiting for 1 number of pipelines out of 5, to report a leader.
2019-10-17 07:41:30,348 [Thread-412] INFO  impl.FollowerState (FollowerState.java:run(108)) - cbde3520-0cea-4357-bb04-1a0ae64b2bb1@group-7EB39FB5DF22-FollowerState: change to CANDIDATE, lastRpcTime:189ms, electionTimeout:189ms
2019-10-17 07:41:30,348 [Thread-412] INFO  impl.RoleInfo (RoleInfo.java:shutdownFollowerState(121)) - cbde3520-0cea-4357-bb04-1a0ae64b2bb1: shutdown FollowerState
2019-10-17 07:41:30,348 [Thread-412] INFO  impl.RaftServerImpl (RaftServerImpl.java:setRole(184)) - cbde3520-0cea-4357-bb04-1a0ae64b2bb1@group-7EB39FB5DF22: changes role from  FOLLOWER to CANDIDATE at term 14 for changeToCandidate
2019-10-17 07:41:30,348 [Thread-412] INFO  impl.RoleInfo (RoleInfo.java:updateAndGet(143)) - cbde3520-0cea-4357-bb04-1a0ae64b2bb1: start LeaderElection
2019-10-17 07:41:30,373 [cbde3520-0cea-4357-bb04-1a0ae64b2bb1@group-7EB39FB5DF22-LeaderElection30] INFO  impl.LeaderElection (LeaderElection.java:askForVotes(178)) - cbde3520-0cea-4357-bb04-1a0ae64b2bb1@group-7EB39FB5DF22-LeaderElection30: begin an election at term 15 for -1: [40d2d32e-dd25-45df-8070-f9dc56ccf0a7:192.168.34.62:41633, cbde3520-0cea-4357-bb04-1a0ae64b2bb1:192.168.34.62:41642, 443b071d-6096-48d6-bfe7-498b7c8032c0:192.168.34.62:46516], old=null
2019-10-17 07:41:30,378 [grpc-default-executor-1] INFO  impl.RaftServerImpl (RaftServerImpl.java:setRole(184)) - 40d2d32e-dd25-45df-8070-f9dc56ccf0a7@group-7EB39FB5DF22: changes role from  FOLLOWER to FOLLOWER at term 15 for recognizeCandidate:cbde3520-0cea-4357-bb04-1a0ae64b2bb1
2019-10-17 07:41:30,378 [grpc-default-executor-4] INFO  impl.RaftServerImpl (RaftServerImpl.java:setRole(184)) - 443b071d-6096-48d6-bfe7-498b7c8032c0@group-7EB39FB5DF22: changes role from  FOLLOWER to FOLLOWER at term 15 for recognizeCandidate:cbde3520-0cea-4357-bb04-1a0ae64b2bb1
2019-10-17 07:41:30,378 [grpc-default-executor-1] INFO  impl.RoleInfo (RoleInfo.java:shutdownFollowerState(121)) - 40d2d32e-dd25-45df-8070-f9dc56ccf0a7: shutdown FollowerState
2019-10-17 07:41:30,378 [grpc-default-executor-4] INFO  impl.RoleInfo (RoleInfo.java:shutdownFollowerState(121)) - 443b071d-6096-48d6-bfe7-498b7c8032c0: shutdown FollowerState
2019-10-17 07:41:30,379 [grpc-default-executor-1] INFO  impl.RoleInfo (RoleInfo.java:updateAndGet(143)) - 40d2d32e-dd25-45df-8070-f9dc56ccf0a7: start FollowerState
2019-10-17 07:41:30,379 [Thread-411] INFO  impl.FollowerState (FollowerState.java:run(117)) - 40d2d32e-dd25-45df-8070-f9dc56ccf0a7@group-7EB39FB5DF22-FollowerState was interrupted: java.lang.InterruptedException: sleep interrupted
2019-10-17 07:41:30,379 [Thread-410] INFO  impl.FollowerState (FollowerState.java:run(117)) - 443b071d-6096-48d6-bfe7-498b7c8032c0@group-7EB39FB5DF22-FollowerState was interrupted: java.lang.InterruptedException: sleep interrupted
2019-10-17 07:41:30,379 [grpc-default-executor-4] INFO  impl.RoleInfo (RoleInfo.java:updateAndGet(143)) - 443b071d-6096-48d6-bfe7-498b7c8032c0: start FollowerState
2019-10-17 07:41:30,394 [cbde3520-0cea-4357-bb04-1a0ae64b2bb1@group-7EB39FB5DF22-LeaderElection30] INFO  impl.LeaderElection (LeaderElection.java:logAndReturn(56)) - cbde3520-0cea-4357-bb04-1a0ae64b2bb1@group-7EB39FB5DF22-LeaderElection30: Election REJECTED; received 2 response(s) [cbde3520-0cea-4357-bb04-1a0ae64b2bb1<-40d2d32e-dd25-45df-8070-f9dc56ccf0a7#0:FAIL-t15, cbde3520-0cea-4357-bb04-1a0ae64b2bb1<-443b071d-6096-48d6-bfe7-498b7c8032c0#0:FAIL-t15] and 0 exception(s); cbde3520-0cea-4357-bb04-1a0ae64b2bb1@group-7EB39FB5DF22:t15, leader=null, voted=cbde3520-0cea-4357-bb04-1a0ae64b2bb1, raftlog=cbde3520-0cea-4357-bb04-1a0ae64b2bb1@group-7EB39FB5DF22-SegmentedRaftLog:OPENED:c-1,f-1,i0, conf=-1: [40d2d32e-dd25-45df-8070-f9dc56ccf0a7:192.168.34.62:41633, cbde3520-0cea-4357-bb04-1a0ae64b2bb1:192.168.34.62:41642, 443b071d-6096-48d6-bfe7-498b7c8032c0:192.168.34.62:46516], old=null
2019-10-17 07:41:30,394 [cbde3520-0cea-4357-bb04-1a0ae64b2bb1@group-7EB39FB5DF22-LeaderElection30] INFO  impl.RaftServerImpl (RaftServerImpl.java:setRole(184)) - cbde3520-0cea-4357-bb04-1a0ae64b2bb1@group-7EB39FB5DF22: changes role from CANDIDATE to FOLLOWER at term 15 for DISCOVERED_A_NEW_TERM
2019-10-17 07:41:30,394 [cbde3520-0cea-4357-bb04-1a0ae64b2bb1@group-7EB39FB5DF22-LeaderElection30] INFO  impl.RoleInfo (RoleInfo.java:shutdownLeaderElection(134)) - cbde3520-0cea-4357-bb04-1a0ae64b2bb1: shutdown LeaderElection
2019-10-17 07:41:30,395 [cbde3520-0cea-4357-bb04-1a0ae64b2bb1@group-7EB39FB5DF22-LeaderElection30] INFO  impl.RoleInfo (RoleInfo.java:updateAndGet(143)) - cbde3520-0cea-4357-bb04-1a0ae64b2bb1: start FollowerState
2019-10-17 07:41:30,506 [Thread-418] INFO  impl.FollowerState (FollowerState.java:run(108)) - cbde3520-0cea-4357-bb04-1a0ae64b2bb1@group-7EB39FB5DF22-FollowerState: change to CANDIDATE, lastRpcTime:111ms, electionTimeout:111ms
2019-10-17 07:41:30,511 [Thread-418] INFO  impl.RoleInfo (RoleInfo.java:shutdownFollowerState(121)) - cbde3520-0cea-4357-bb04-1a0ae64b2bb1: shutdown FollowerState
2019-10-17 07:41:30,512 [Thread-418] INFO  impl.RaftServerImpl (RaftServerImpl.java:setRole(184)) - cbde3520-0cea-4357-bb04-1a0ae64b2bb1@group-7EB39FB5DF22: changes role from  FOLLOWER to CANDIDATE at term 15 for changeToCandidate
2019-10-17 07:41:30,512 [Thread-418] INFO  impl.RoleInfo (RoleInfo.java:updateAndGet(143)) - cbde3520-0cea-4357-bb04-1a0ae64b2bb1: start LeaderElection
2019-10-17 07:41:30,537 [cbde3520-0cea-4357-bb04-1a0ae64b2bb1@group-7EB39FB5DF22-LeaderElection31] INFO  impl.LeaderElection (LeaderElection.java:askForVotes(178)) - cbde3520-0cea-4357-bb04-1a0ae64b2bb1@group-7EB39FB5DF22-LeaderElection31: begin an election at term 16 for -1: [40d2d32e-dd25-45df-8070-f9dc56ccf0a7:192.168.34.62:41633, cbde3520-0cea-4357-bb04-1a0ae64b2bb1:192.168.34.62:41642, 443b071d-6096-48d6-bfe7-498b7c8032c0:192.168.34.62:46516], old=null
2019-10-17 07:41:30,541 [grpc-default-executor-4] INFO  impl.RaftServerImpl (RaftServerImpl.java:setRole(184)) - 443b071d-6096-48d6-bfe7-498b7c8032c0@group-7EB39FB5DF22: changes role from  FOLLOWER to FOLLOWER at term 16 for recognizeCandidate:cbde3520-0cea-4357-bb04-1a0ae64b2bb1
2019-10-17 07:41:30,541 [grpc-default-executor-1] INFO  impl.RaftServerImpl (RaftServerImpl.java:setRole(184)) - 40d2d32e-dd25-45df-8070-f9dc56ccf0a7@group-7EB39FB5DF22: changes role from  FOLLOWER to FOLLOWER at term 16 for recognizeCandidate:cbde3520-0cea-4357-bb04-1a0ae64b2bb1
2019-10-17 07:41:30,541 [grpc-default-executor-4] INFO  impl.RoleInfo (RoleInfo.java:shutdownFollowerState(121)) - 443b071d-6096-48d6-bfe7-498b7c8032c0: shutdown FollowerState
2019-10-17 07:41:30,541 [grpc-default-executor-1] INFO  impl.RoleInfo (RoleInfo.java:shutdownFollowerState(121)) - 40d2d32e-dd25-45df-8070-f9dc56ccf0a7: shutdown FollowerState
2019-10-17 07:41:30,542 [Thread-417] INFO  impl.FollowerState (FollowerState.java:run(117)) - 443b071d-6096-48d6-bfe7-498b7c8032c0@group-7EB39FB5DF22-FollowerState was interrupted: java.lang.InterruptedException: sleep interrupted
2019-10-17 07:41:30,542 [grpc-default-executor-4] INFO  impl.RoleInfo (RoleInfo.java:updateAndGet(143)) - 443b071d-6096-48d6-bfe7-498b7c8032c0: start FollowerState
2019-10-17 07:41:30,542 [grpc-default-executor-1] INFO  impl.RoleInfo (RoleInfo.java:updateAndGet(143)) - 40d2d32e-dd25-45df-8070-f9dc56ccf0a7: start FollowerState
2019-10-17 07:41:30,542 [Thread-416] INFO  impl.FollowerState (FollowerState.java:run(117)) - 40d2d32e-dd25-45df-8070-f9dc56ccf0a7@group-7EB39FB5DF22-FollowerState was interrupted: java.lang.InterruptedException: sleep interrupted
2019-10-17 07:41:30,567 [cbde3520-0cea-4357-bb04-1a0ae64b2bb1@group-7EB39FB5DF22-LeaderElection31] INFO  impl.LeaderElection (LeaderElection.java:logAndReturn(56)) - cbde3520-0cea-4357-bb04-1a0ae64b2bb1@group-7EB39FB5DF22-LeaderElection31: Election REJECTED; received 2 response(s) [cbde3520-0cea-4357-bb04-1a0ae64b2bb1<-40d2d32e-dd25-45df-8070-f9dc56ccf0a7#0:FAIL-t16, cbde3520-0cea-4357-bb04-1a0ae64b2bb1<-443b071d-6096-48d6-bfe7-498b7c8032c0#0:FAIL-t16] and 0 exception(s); cbde3520-0cea-4357-bb04-1a0ae64b2bb1@group-7EB39FB5DF22:t16, leader=null, voted=cbde3520-0cea-4357-bb04-1a0ae64b2bb1, raftlog=cbde3520-0cea-4357-bb04-1a0ae64b2bb1@group-7EB39FB5DF22-SegmentedRaftLog:OPENED:c-1,f-1,i0, conf=-1: [40d2d32e-dd25-45df-8070-f9dc56ccf0a7:192.168.34.62:41633, cbde3520-0cea-4357-bb04-1a0ae64b2bb1:192.168.34.62:41642, 443b071d-6096-48d6-bfe7-498b7c8032c0:192.168.34.62:46516], old=null
2019-10-17 07:41:30,567 [cbde3520-0cea-4357-bb04-1a0ae64b2bb1@group-7EB39FB5DF22-LeaderElection31] INFO  impl.RaftServerImpl (RaftServerImpl.java:setRole(184)) - cbde3520-0cea-4357-bb04-1a0ae64b2bb1@group-7EB39FB5DF22: changes role from CANDIDATE to FOLLOWER at term 16 for DISCOVERED_A_NEW_TERM
2019-10-17 07:41:30,568 [cbde3520-0cea-4357-bb04-1a0ae64b2bb1@group-7EB39FB5DF22-LeaderElection31] INFO  impl.RoleInfo (RoleInfo.java:shutdownLeaderElection(134)) - cbde3520-0cea-4357-bb04-1a0ae64b2bb1: shutdown LeaderElection
2019-10-17 07:41:30,568 [cbde3520-0cea-4357-bb04-1a0ae64b2bb1@group-7EB39FB5DF22-LeaderElection31] INFO  impl.RoleInfo (RoleInfo.java:updateAndGet(143)) - cbde3520-0cea-4357-bb04-1a0ae64b2bb1: start FollowerState
2019-10-17 07:41:30,602 [Thread-424] INFO  impl.FollowerState (FollowerState.java:run(108)) - cbde3520-0cea-4357-bb04-1a0ae64b2bb1@group-7EB39FB5DF22-FollowerState: change to CANDIDATE, lastRpcTime:34ms, electionTimeout:34ms
2019-10-17 07:41:30,603 [Thread-424] INFO  impl.RoleInfo (RoleInfo.java:shutdownFollowerState(121)) - cbde3520-0cea-4357-bb04-1a0ae64b2bb1: shutdown FollowerState
2019-10-17 07:41:30,603 [Thread-424] INFO  impl.RaftServerImpl (RaftServerImpl.java:setRole(184)) - cbde3520-0cea-4357-bb04-1a0ae64b2bb1@group-7EB39FB5DF22: changes role from  FOLLOWER to CANDIDATE at term 16 for changeToCandidate
2019-10-17 07:41:30,603 [Thread-424] INFO  impl.RoleInfo (RoleInfo.java:updateAndGet(143)) - cbde3520-0cea-4357-bb04-1a0ae64b2bb1: start LeaderElection
2019-10-17 07:41:30,617 [cbde3520-0cea-4357-bb04-1a0ae64b2bb1@group-7EB39FB5DF22-LeaderElection32] INFO  impl.LeaderElection (LeaderElection.java:askForVotes(178)) - cbde3520-0cea-4357-bb04-1a0ae64b2bb1@group-7EB39FB5DF22-LeaderElection32: begin an election at term 17 for -1: [40d2d32e-dd25-45df-8070-f9dc56ccf0a7:192.168.34.62:41633, cbde3520-0cea-4357-bb04-1a0ae64b2bb1:192.168.34.62:41642, 443b071d-6096-48d6-bfe7-498b7c8032c0:192.168.34.62:46516], old=null
2019-10-17 07:41:30,620 [grpc-default-executor-1] INFO  impl.RaftServerImpl (RaftServerImpl.java:setRole(184)) - 40d2d32e-dd25-45df-8070-f9dc56ccf0a7@group-7EB39FB5DF22: changes role from  FOLLOWER to FOLLOWER at term 17 for recognizeCandidate:cbde3520-0cea-4357-bb04-1a0ae64b2bb1
2019-10-17 07:41:30,620 [grpc-default-executor-4] INFO  impl.RaftServerImpl (RaftServerImpl.java:setRole(184)) - 443b071d-6096-48d6-bfe7-498b7c8032c0@group-7EB39FB5DF22: changes role from  FOLLOWER to FOLLOWER at term 17 for recognizeCandidate:cbde3520-0cea-4357-bb04-1a0ae64b2bb1
2019-10-17 07:41:30,621 [grpc-default-executor-1] INFO  impl.RoleInfo (RoleInfo.java:shutdownFollowerState(121)) - 40d2d32e-dd25-45df-8070-f9dc56ccf0a7: shutdown FollowerState
2019-10-17 07:41:30,621 [grpc-default-executor-4] INFO  impl.RoleInfo (RoleInfo.java:shutdownFollowerState(121)) - 443b071d-6096-48d6-bfe7-498b7c8032c0: shutdown FollowerState
2019-10-17 07:41:30,621 [Thread-423] INFO  impl.FollowerState (FollowerState.java:run(117)) - 40d2d32e-dd25-45df-8070-f9dc56ccf0a7@group-7EB39FB5DF22-FollowerState was interrupted: java.lang.InterruptedException: sleep interrupted
2019-10-17 07:41:30,621 [grpc-default-executor-1] INFO  impl.RoleInfo (RoleInfo.java:updateAndGet(143)) - 40d2d32e-dd25-45df-8070-f9dc56ccf0a7: start FollowerState
2019-10-17 07:41:30,621 [Thread-422] INFO  impl.FollowerState (FollowerState.java:run(117)) - 443b071d-6096-48d6-bfe7-498b7c8032c0@group-7EB39FB5DF22-FollowerState was interrupted: java.lang.InterruptedException: sleep interrupted
2019-10-17 07:41:30,621 [grpc-default-executor-4] INFO  impl.RoleInfo (RoleInfo.java:updateAndGet(143)) - 443b071d-6096-48d6-bfe7-498b7c8032c0: start FollowerState
2019-10-17 07:41:30,647 [cbde3520-0cea-4357-bb04-1a0ae64b2bb1@group-7EB39FB5DF22-LeaderElection32] INFO  impl.LeaderElection (LeaderElection.java:logAndReturn(56)) - cbde3520-0cea-4357-bb04-1a0ae64b2bb1@group-7EB39FB5DF22-LeaderElection32: Election REJECTED; received 2 response(s) [cbde3520-0cea-4357-bb04-1a0ae64b2bb1<-40d2d32e-dd25-45df-8070-f9dc56ccf0a7#0:FAIL-t17, cbde3520-0cea-4357-bb04-1a0ae64b2bb1<-443b071d-6096-48d6-bfe7-498b7c8032c0#0:FAIL-t17] and 0 exception(s); cbde3520-0cea-4357-bb04-1a0ae64b2bb1@group-7EB39FB5DF22:t17, leader=null, voted=cbde3520-0cea-4357-bb04-1a0ae64b2bb1, raftlog=cbde3520-0cea-4357-bb04-1a0ae64b2bb1@group-7EB39FB5DF22-SegmentedRaftLog:OPENED:c-1,f-1,i0, conf=-1: [40d2d32e-dd25-45df-8070-f9dc56ccf0a7:192.168.34.62:41633, cbde3520-0cea-4357-bb04-1a0ae64b2bb1:192.168.34.62:41642, 443b071d-6096-48d6-bfe7-498b7c8032c0:192.168.34.62:46516], old=null
2019-10-17 07:41:30,648 [cbde3520-0cea-4357-bb04-1a0ae64b2bb1@group-7EB39FB5DF22-LeaderElection32] INFO  impl.RaftServerImpl (RaftServerImpl.java:setRole(184)) - cbde3520-0cea-4357-bb04-1a0ae64b2bb1@group-7EB39FB5DF22: changes role from CANDIDATE to FOLLOWER at term 17 for DISCOVERED_A_NEW_TERM
2019-10-17 07:41:30,648 [cbde3520-0cea-4357-bb04-1a0ae64b2bb1@group-7EB39FB5DF22-LeaderElection32] INFO  impl.RoleInfo (RoleInfo.java:shutdownLeaderElection(134)) - cbde3520-0cea-4357-bb04-1a0ae64b2bb1: shutdown LeaderElection
2019-10-17 07:41:30,648 [cbde3520-0cea-4357-bb04-1a0ae64b2bb1@group-7EB39FB5DF22-LeaderElection32] INFO  impl.RoleInfo (RoleInfo.java:updateAndGet(143)) - cbde3520-0cea-4357-bb04-1a0ae64b2bb1: start FollowerState
2019-10-17 07:41:30,762 [Thread-430] INFO  impl.FollowerState (FollowerState.java:run(108)) - cbde3520-0cea-4357-bb04-1a0ae64b2bb1@group-7EB39FB5DF22-FollowerState: change to CANDIDATE, lastRpcTime:113ms, electionTimeout:113ms
2019-10-17 07:41:30,762 [Thread-430] INFO  impl.RoleInfo (RoleInfo.java:shutdownFollowerState(121)) - cbde3520-0cea-4357-bb04-1a0ae64b2bb1: shutdown FollowerState
2019-10-17 07:41:30,762 [Thread-430] INFO  impl.RaftServerImpl (RaftServerImpl.java:setRole(184)) - cbde3520-0cea-4357-bb04-1a0ae64b2bb1@group-7EB39FB5DF22: changes role from  FOLLOWER to CANDIDATE at term 17 for changeToCandidate
2019-10-17 07:41:30,762 [Thread-430] INFO  impl.RoleInfo (RoleInfo.java:updateAndGet(143)) - cbde3520-0cea-4357-bb04-1a0ae64b2bb1: start LeaderElection
2019-10-17 07:41:30,787 [cbde3520-0cea-4357-bb04-1a0ae64b2bb1@group-7EB39FB5DF22-LeaderElection33] INFO  impl.LeaderElection (LeaderElection.java:askForVotes(178)) - cbde3520-0cea-4357-bb04-1a0ae64b2bb1@group-7EB39FB5DF22-LeaderElection33: begin an election at term 18 for -1: [40d2d32e-dd25-45df-8070-f9dc56ccf0a7:192.168.34.62:41633, cbde3520-0cea-4357-bb04-1a0ae64b2bb1:192.168.34.62:41642, 443b071d-6096-48d6-bfe7-498b7c8032c0:192.168.34.62:46516], old=null
2019-10-17 07:41:30,791 [grpc-default-executor-4] INFO  impl.RaftServerImpl (RaftServerImpl.java:setRole(184)) - 40d2d32e-dd25-45df-8070-f9dc56ccf0a7@group-7EB39FB5DF22: changes role from  FOLLOWER to FOLLOWER at term 18 for recognizeCandidate:cbde3520-0cea-4357-bb04-1a0ae64b2bb1
2019-10-17 07:41:30,791 [grpc-default-executor-1] INFO  impl.RaftServerImpl (RaftServerImpl.java:setRole(184)) - 443b071d-6096-48d6-bfe7-498b7c8032c0@group-7EB39FB5DF22: changes role from  FOLLOWER to FOLLOWER at term 18 for recognizeCandidate:cbde3520-0cea-4357-bb04-1a0ae64b2bb1
2019-10-17 07:41:30,791 [grpc-default-executor-4] INFO  impl.RoleInfo (RoleInfo.java:shutdownFollowerState(121)) - 40d2d32e-dd25-45df-8070-f9dc56ccf0a7: shutdown FollowerState
2019-10-17 07:41:30,791 [grpc-default-executor-1] INFO  impl.RoleInfo (RoleInfo.java:shutdownFollowerState(121)) - 443b071d-6096-48d6-bfe7-498b7c8032c0: shutdown FollowerState
2019-10-17 07:41:30,792 [Thread-428] INFO  impl.FollowerState (FollowerState.java:run(117)) - 40d2d32e-dd25-45df-8070-f9dc56ccf0a7@group-7EB39FB5DF22-FollowerState was interrupted: java.lang.InterruptedException: sleep interrupted
2019-10-17 07:41:30,792 [Thread-429] INFO  impl.FollowerState (FollowerState.java:run(117)) - 443b071d-6096-48d6-bfe7-498b7c8032c0@group-7EB39FB5DF22-FollowerState was interrupted: java.lang.InterruptedException: sleep interrupted
2019-10-17 07:41:30,792 [grpc-default-executor-4] INFO  impl.RoleInfo (RoleInfo.java:updateAndGet(143)) - 40d2d32e-dd25-45df-8070-f9dc56ccf0a7: start FollowerState
2019-10-17 07:41:30,792 [grpc-default-executor-1] INFO  impl.RoleInfo (RoleInfo.java:updateAndGet(143)) - 443b071d-6096-48d6-bfe7-498b7c8032c0: start FollowerState
2019-10-17 07:41:30,813 [cbde3520-0cea-4357-bb04-1a0ae64b2bb1@group-7EB39FB5DF22-LeaderElection33] INFO  impl.LeaderElection (LeaderElection.java:logAndReturn(56)) - cbde3520-0cea-4357-bb04-1a0ae64b2bb1@group-7EB39FB5DF22-LeaderElection33: Election REJECTED; received 2 response(s) [cbde3520-0cea-4357-bb04-1a0ae64b2bb1<-40d2d32e-dd25-45df-8070-f9dc56ccf0a7#0:FAIL-t18, cbde3520-0cea-4357-bb04-1a0ae64b2bb1<-443b071d-6096-48d6-bfe7-498b7c8032c0#0:FAIL-t18] and 0 exception(s); cbde3520-0cea-4357-bb04-1a0ae64b2bb1@group-7EB39FB5DF22:t18, leader=null, voted=cbde3520-0cea-4357-bb04-1a0ae64b2bb1, raftlog=cbde3520-0cea-4357-bb04-1a0ae64b2bb1@group-7EB39FB5DF22-SegmentedRaftLog:OPENED:c-1,f-1,i0, conf=-1: [40d2d32e-dd25-45df-8070-f9dc56ccf0a7:192.168.34.62:41633, cbde3520-0cea-4357-bb04-1a0ae64b2bb1:192.168.34.62:41642, 443b071d-6096-48d6-bfe7-498b7c8032c0:192.168.34.62:46516], old=null
2019-10-17 07:41:30,814 [cbde3520-0cea-4357-bb04-1a0ae64b2bb1@group-7EB39FB5DF22-LeaderElection33] INFO  impl.RaftServerImpl (RaftServerImpl.java:setRole(184)) - cbde3520-0cea-4357-bb04-1a0ae64b2bb1@group-7EB39FB5DF22: changes role from CANDIDATE to FOLLOWER at term 18 for DISCOVERED_A_NEW_TERM
2019-10-17 07:41:30,814 [cbde3520-0cea-4357-bb04-1a0ae64b2bb1@group-7EB39FB5DF22-LeaderElection33] INFO  impl.RoleInfo (RoleInfo.java:shutdownLeaderElection(134)) - cbde3520-0cea-4357-bb04-1a0ae64b2bb1: shutdown LeaderElection
2019-10-17 07:41:30,814 [cbde3520-0cea-4357-bb04-1a0ae64b2bb1@group-7EB39FB5DF22-LeaderElection33] INFO  impl.RoleInfo (RoleInfo.java:updateAndGet(143)) - cbde3520-0cea-4357-bb04-1a0ae64b2bb1: start FollowerState
2019-10-17 07:41:31,012 [Thread-436] INFO  impl.FollowerState (FollowerState.java:run(108)) - cbde3520-0cea-4357-bb04-1a0ae64b2bb1@group-7EB39FB5DF22-FollowerState: change to CANDIDATE, lastRpcTime:197ms, electionTimeout:197ms
2019-10-17 07:41:31,012 [Thread-436] INFO  impl.RoleInfo (RoleInfo.java:shutdownFollowerState(121)) - cbde3520-0cea-4357-bb04-1a0ae64b2bb1: shutdown FollowerState
2019-10-17 07:41:31,012 [Thread-436] INFO  impl.RaftServerImpl (RaftServerImpl.java:setRole(184)) - cbde3520-0cea-4357-bb04-1a0ae64b2bb1@group-7EB39FB5DF22: changes role from  FOLLOWER to CANDIDATE at term 18 for changeToCandidate
2019-10-17 07:41:31,012 [Thread-436] INFO  impl.RoleInfo (RoleInfo.java:updateAndGet(143)) - cbde3520-0cea-4357-bb04-1a0ae64b2bb1: start LeaderElection
2019-10-17 07:41:31,037 [cbde3520-0cea-4357-bb04-1a0ae64b2bb1@group-7EB39FB5DF22-LeaderElection34] INFO  impl.LeaderElection (LeaderElection.java:askForVotes(178)) - cbde3520-0cea-4357-bb04-1a0ae64b2bb1@group-7EB39FB5DF22-LeaderElection34: begin an election at term 19 for -1: [40d2d32e-dd25-45df-8070-f9dc56ccf0a7:192.168.34.62:41633, cbde3520-0cea-4357-bb04-1a0ae64b2bb1:192.168.34.62:41642, 443b071d-6096-48d6-bfe7-498b7c8032c0:192.168.34.62:46516], old=null
2019-10-17 07:41:31,041 [grpc-default-executor-1] INFO  impl.RaftServerImpl (RaftServerImpl.java:setRole(184)) - 443b071d-6096-48d6-bfe7-498b7c8032c0@group-7EB39FB5DF22: changes role from  FOLLOWER to FOLLOWER at term 19 for recognizeCandidate:cbde3520-0cea-4357-bb04-1a0ae64b2bb1
2019-10-17 07:41:31,041 [grpc-default-executor-4] INFO  impl.RaftServerImpl (RaftServerImpl.java:setRole(184)) - 40d2d32e-dd25-45df-8070-f9dc56ccf0a7@group-7EB39FB5DF22: changes role from  FOLLOWER to FOLLOWER at term 19 for recognizeCandidate:cbde3520-0cea-4357-bb04-1a0ae64b2bb1
2019-10-17 07:41:31,042 [grpc-default-executor-1] INFO  impl.RoleInfo (RoleInfo.java:shutdownFollowerState(121)) - 443b071d-6096-48d6-bfe7-498b7c8032c0: shutdown FollowerState
2019-10-17 07:41:31,042 [grpc-default-executor-4] INFO  impl.RoleInfo (RoleInfo.java:shutdownFollowerState(121)) - 40d2d32e-dd25-45df-8070-f9dc56ccf0a7: shutdown FollowerState
2019-10-17 07:41:31,042 [Thread-435] INFO  impl.FollowerState (FollowerState.java:run(117)) - 443b071d-6096-48d6-bfe7-498b7c8032c0@group-7EB39FB5DF22-FollowerState was interrupted: java.lang.InterruptedException: sleep interrupted
2019-10-17 07:41:31,042 [grpc-default-executor-1] INFO  impl.RoleInfo (RoleInfo.java:updateAndGet(143)) - 443b071d-6096-48d6-bfe7-498b7c8032c0: start FollowerState
2019-10-17 07:41:31,042 [Thread-434] INFO  impl.FollowerState (FollowerState.java:run(117)) - 40d2d32e-dd25-45df-8070-f9dc56ccf0a7@group-7EB39FB5DF22-FollowerState was interrupted: java.lang.InterruptedException: sleep interrupted
2019-10-17 07:41:31,042 [grpc-default-executor-4] INFO  impl.RoleInfo (RoleInfo.java:updateAndGet(143)) - 40d2d32e-dd25-45df-8070-f9dc56ccf0a7: start FollowerState
2019-10-17 07:41:31,058 [cbde3520-0cea-4357-bb04-1a0ae64b2bb1@group-7EB39FB5DF22-LeaderElection34] INFO  impl.LeaderElection (LeaderElection.java:logAndReturn(56)) - cbde3520-0cea-4357-bb04-1a0ae64b2bb1@group-7EB39FB5DF22-LeaderElection34: Election REJECTED; received 2 response(s) [cbde3520-0cea-4357-bb04-1a0ae64b2bb1<-40d2d32e-dd25-45df-8070-f9dc56ccf0a7#0:FAIL-t19, cbde3520-0cea-4357-bb04-1a0ae64b2bb1<-443b071d-6096-48d6-bfe7-498b7c8032c0#0:FAIL-t19] and 0 exception(s); cbde3520-0cea-4357-bb04-1a0ae64b2bb1@group-7EB39FB5DF22:t19, leader=null, voted=cbde3520-0cea-4357-bb04-1a0ae64b2bb1, raftlog=cbde3520-0cea-4357-bb04-1a0ae64b2bb1@group-7EB39FB5DF22-SegmentedRaftLog:OPENED:c-1,f-1,i0, conf=-1: [40d2d32e-dd25-45df-8070-f9dc56ccf0a7:192.168.34.62:41633, cbde3520-0cea-4357-bb04-1a0ae64b2bb1:192.168.34.62:41642, 443b071d-6096-48d6-bfe7-498b7c8032c0:192.168.34.62:46516], old=null
2019-10-17 07:41:31,058 [cbde3520-0cea-4357-bb04-1a0ae64b2bb1@group-7EB39FB5DF22-LeaderElection34] INFO  impl.RaftServerImpl (RaftServerImpl.java:setRole(184)) - cbde3520-0cea-4357-bb04-1a0ae64b2bb1@group-7EB39FB5DF22: changes role from CANDIDATE to FOLLOWER at term 19 for DISCOVERED_A_NEW_TERM
2019-10-17 07:41:31,059 [cbde3520-0cea-4357-bb04-1a0ae64b2bb1@group-7EB39FB5DF22-LeaderElection34] INFO  impl.RoleInfo (RoleInfo.java:shutdownLeaderElection(134)) - cbde3520-0cea-4357-bb04-1a0ae64b2bb1: shutdown LeaderElection
2019-10-17 07:41:31,059 [cbde3520-0cea-4357-bb04-1a0ae64b2bb1@group-7EB39FB5DF22-LeaderElection34] INFO  impl.RoleInfo (RoleInfo.java:updateAndGet(143)) - cbde3520-0cea-4357-bb04-1a0ae64b2bb1: start FollowerState
2019-10-17 07:41:31,082 [Thread-442] INFO  impl.FollowerState (FollowerState.java:run(108)) - cbde3520-0cea-4357-bb04-1a0ae64b2bb1@group-7EB39FB5DF22-FollowerState: change to CANDIDATE, lastRpcTime:23ms, electionTimeout:23ms
2019-10-17 07:41:31,083 [Thread-442] INFO  impl.RoleInfo (RoleInfo.java:shutdownFollowerState(121)) - cbde3520-0cea-4357-bb04-1a0ae64b2bb1: shutdown FollowerState
2019-10-17 07:41:31,083 [Thread-442] INFO  impl.RaftServerImpl (RaftServerImpl.java:setRole(184)) - cbde3520-0cea-4357-bb04-1a0ae64b2bb1@group-7EB39FB5DF22: changes role from  FOLLOWER to CANDIDATE at term 19 for changeToCandidate
2019-10-17 07:41:31,083 [Thread-442] INFO  impl.RoleInfo (RoleInfo.java:updateAndGet(143)) - cbde3520-0cea-4357-bb04-1a0ae64b2bb1: start LeaderElection
2019-10-17 07:41:31,107 [cbde3520-0cea-4357-bb04-1a0ae64b2bb1@group-7EB39FB5DF22-LeaderElection35] INFO  impl.LeaderElection (LeaderElection.java:askForVotes(178)) - cbde3520-0cea-4357-bb04-1a0ae64b2bb1@group-7EB39FB5DF22-LeaderElection35: begin an election at term 20 for -1: [40d2d32e-dd25-45df-8070-f9dc56ccf0a7:192.168.34.62:41633, cbde3520-0cea-4357-bb04-1a0ae64b2bb1:192.168.34.62:41642, 443b071d-6096-48d6-bfe7-498b7c8032c0:192.168.34.62:46516], old=null
2019-10-17 07:41:31,112 [grpc-default-executor-1] INFO  impl.RaftServerImpl (RaftServerImpl.java:setRole(184)) - 40d2d32e-dd25-45df-8070-f9dc56ccf0a7@group-7EB39FB5DF22: changes role from  FOLLOWER to FOLLOWER at term 20 for recognizeCandidate:cbde3520-0cea-4357-bb04-1a0ae64b2bb1
2019-10-17 07:41:31,112 [grpc-default-executor-1] INFO  impl.RoleInfo (RoleInfo.java:shutdownFollowerState(121)) - 40d2d32e-dd25-45df-8070-f9dc56ccf0a7: shutdown FollowerState
2019-10-17 07:41:31,112 [grpc-default-executor-4] INFO  impl.RaftServerImpl (RaftServerImpl.java:setRole(184)) - 443b071d-6096-48d6-bfe7-498b7c8032c0@group-7EB39FB5DF22: changes role from  FOLLOWER to FOLLOWER at term 20 for recognizeCandidate:cbde3520-0cea-4357-bb04-1a0ae64b2bb1
2019-10-17 07:41:31,112 [Thread-441] INFO  impl.FollowerState (FollowerState.java:run(117)) - 40d2d32e-dd25-45df-8070-f9dc56ccf0a7@group-7EB39FB5DF22-FollowerState was interrupted: java.lang.InterruptedException: sleep interrupted
2019-10-17 07:41:31,112 [grpc-default-executor-4] INFO  impl.RoleInfo (RoleInfo.java:shutdownFollowerState(121)) - 443b071d-6096-48d6-bfe7-498b7c8032c0: shutdown FollowerState
2019-10-17 07:41:31,112 [grpc-default-executor-1] INFO  impl.RoleInfo (RoleInfo.java:updateAndGet(143)) - 40d2d32e-dd25-45df-8070-f9dc56ccf0a7: start FollowerState
2019-10-17 07:41:31,113 [Thread-440] INFO  impl.FollowerState (FollowerState.java:run(117)) - 443b071d-6096-48d6-bfe7-498b7c8032c0@group-7EB39FB5DF22-FollowerState was interrupted: java.lang.InterruptedException: sleep interrupted
2019-10-17 07:41:31,113 [grpc-default-executor-4] INFO  impl.RoleInfo (RoleInfo.java:updateAndGet(143)) - 443b071d-6096-48d6-bfe7-498b7c8032c0: start FollowerState
2019-10-17 07:41:31,126 [cbde3520-0cea-4357-bb04-1a0ae64b2bb1@group-7EB39FB5DF22-LeaderElection35] INFO  impl.LeaderElection (LeaderElection.java:logAndReturn(56)) - cbde3520-0cea-4357-bb04-1a0ae64b2bb1@group-7EB39FB5DF22-LeaderElection35: Election TIMEOUT; received 0 response(s) [] and 0 exception(s); cbde3520-0cea-4357-bb04-1a0ae64b2bb1@group-7EB39FB5DF22:t20, leader=null, voted=cbde3520-0cea-4357-bb04-1a0ae64b2bb1, raftlog=cbde3520-0cea-4357-bb04-1a0ae64b2bb1@group-7EB39FB5DF22-SegmentedRaftLog:OPENED:c-1,f-1,i0, conf=-1: [40d2d32e-dd25-45df-8070-f9dc56ccf0a7:192.168.34.62:41633, cbde3520-0cea-4357-bb04-1a0ae64b2bb1:192.168.34.62:41642, 443b071d-6096-48d6-bfe7-498b7c8032c0:192.168.34.62:46516], old=null
2019-10-17 07:41:31,150 [cbde3520-0cea-4357-bb04-1a0ae64b2bb1@group-7EB39FB5DF22-LeaderElection35] INFO  impl.LeaderElection (LeaderElection.java:askForVotes(178)) - cbde3520-0cea-4357-bb04-1a0ae64b2bb1@group-7EB39FB5DF22-LeaderElection35: begin an election at term 21 for -1: [40d2d32e-dd25-45df-8070-f9dc56ccf0a7:192.168.34.62:41633, cbde3520-0cea-4357-bb04-1a0ae64b2bb1:192.168.34.62:41642, 443b071d-6096-48d6-bfe7-498b7c8032c0:192.168.34.62:46516], old=null
2019-10-17 07:41:31,153 [grpc-default-executor-4] INFO  impl.RaftServerImpl (RaftServerImpl.java:setRole(184)) - 40d2d32e-dd25-45df-8070-f9dc56ccf0a7@group-7EB39FB5DF22: changes role from  FOLLOWER to FOLLOWER at term 21 for recognizeCandidate:cbde3520-0cea-4357-bb04-1a0ae64b2bb1
2019-10-17 07:41:31,153 [grpc-default-executor-1] INFO  impl.RaftServerImpl (RaftServerImpl.java:setRole(184)) - 443b071d-6096-48d6-bfe7-498b7c8032c0@group-7EB39FB5DF22: changes role from  FOLLOWER to FOLLOWER at term 21 for recognizeCandidate:cbde3520-0cea-4357-bb04-1a0ae64b2bb1
2019-10-17 07:41:31,154 [grpc-default-executor-4] INFO  impl.RoleInfo (RoleInfo.java:shutdownFollowerState(121)) - 40d2d32e-dd25-45df-8070-f9dc56ccf0a7: shutdown FollowerState
2019-10-17 07:41:31,154 [grpc-default-executor-1] INFO  impl.RoleInfo (RoleInfo.java:shutdownFollowerState(121)) - 443b071d-6096-48d6-bfe7-498b7c8032c0: shutdown FollowerState
2019-10-17 07:41:31,154 [Thread-446] INFO  impl.FollowerState (FollowerState.java:run(117)) - 40d2d32e-dd25-45df-8070-f9dc56ccf0a7@group-7EB39FB5DF22-FollowerState was interrupted: java.lang.InterruptedException: sleep interrupted
2019-10-17 07:41:31,154 [grpc-default-executor-4] INFO  impl.RoleInfo (RoleInfo.java:updateAndGet(143)) - 40d2d32e-dd25-45df-8070-f9dc56ccf0a7: start FollowerState
2019-10-17 07:41:31,154 [Thread-447] INFO  impl.FollowerState (FollowerState.java:run(117)) - 443b071d-6096-48d6-bfe7-498b7c8032c0@group-7EB39FB5DF22-FollowerState was interrupted: java.lang.InterruptedException: sleep interrupted
2019-10-17 07:41:31,154 [grpc-default-executor-1] INFO  impl.RoleInfo (RoleInfo.java:updateAndGet(143)) - 443b071d-6096-48d6-bfe7-498b7c8032c0: start FollowerState
2019-10-17 07:41:31,180 [cbde3520-0cea-4357-bb04-1a0ae64b2bb1@group-7EB39FB5DF22-LeaderElection35] INFO  impl.LeaderElection (LeaderElection.java:logAndReturn(56)) - cbde3520-0cea-4357-bb04-1a0ae64b2bb1@group-7EB39FB5DF22-LeaderElection35: Election REJECTED; received 2 response(s) [cbde3520-0cea-4357-bb04-1a0ae64b2bb1<-40d2d32e-dd25-45df-8070-f9dc56ccf0a7#0:FAIL-t21, cbde3520-0cea-4357-bb04-1a0ae64b2bb1<-443b071d-6096-48d6-bfe7-498b7c8032c0#0:FAIL-t21] and 0 exception(s); cbde3520-0cea-4357-bb04-1a0ae64b2bb1@group-7EB39FB5DF22:t21, leader=null, voted=cbde3520-0cea-4357-bb04-1a0ae64b2bb1, raftlog=cbde3520-0cea-4357-bb04-1a0ae64b2bb1@group-7EB39FB5DF22-SegmentedRaftLog:OPENED:c-1,f-1,i0, conf=-1: [40d2d32e-dd25-45df-8070-f9dc56ccf0a7:192.168.34.62:41633, cbde3520-0cea-4357-bb04-1a0ae64b2bb1:192.168.34.62:41642, 443b071d-6096-48d6-bfe7-498b7c8032c0:192.168.34.62:46516], old=null
2019-10-17 07:41:31,180 [cbde3520-0cea-4357-bb04-1a0ae64b2bb1@group-7EB39FB5DF22-LeaderElection35] INFO  impl.RaftServerImpl (RaftServerImpl.java:setRole(184)) - cbde3520-0cea-4357-bb04-1a0ae64b2bb1@group-7EB39FB5DF22: changes role from CANDIDATE to FOLLOWER at term 21 for DISCOVERED_A_NEW_TERM
2019-10-17 07:41:31,180 [cbde3520-0cea-4357-bb04-1a0ae64b2bb1@group-7EB39FB5DF22-LeaderElection35] INFO  impl.RoleInfo (RoleInfo.java:shutdownLeaderElection(134)) - cbde3520-0cea-4357-bb04-1a0ae64b2bb1: shutdown LeaderElection
2019-10-17 07:41:31,180 [cbde3520-0cea-4357-bb04-1a0ae64b2bb1@group-7EB39FB5DF22-LeaderElection35] INFO  impl.RoleInfo (RoleInfo.java:updateAndGet(143)) - cbde3520-0cea-4357-bb04-1a0ae64b2bb1: start FollowerState
2019-10-17 07:41:31,183 [Thread-452] INFO  impl.FollowerState (FollowerState.java:run(108)) - cbde3520-0cea-4357-bb04-1a0ae64b2bb1@group-7EB39FB5DF22-FollowerState: change to CANDIDATE, lastRpcTime:2ms, electionTimeout:2ms
2019-10-17 07:41:31,183 [Thread-452] INFO  impl.RoleInfo (RoleInfo.java:shutdownFollowerState(121)) - cbde3520-0cea-4357-bb04-1a0ae64b2bb1: shutdown FollowerState
2019-10-17 07:41:31,183 [Thread-452] INFO  impl.RaftServerImpl (RaftServerImpl.java:setRole(184)) - cbde3520-0cea-4357-bb04-1a0ae64b2bb1@group-7EB39FB5DF22: changes role from  FOLLOWER to CANDIDATE at term 21 for changeToCandidate
2019-10-17 07:41:31,183 [Thread-452] INFO  impl.RoleInfo (RoleInfo.java:updateAndGet(143)) - cbde3520-0cea-4357-bb04-1a0ae64b2bb1: start LeaderElection
2019-10-17 07:41:31,202 [main] INFO  ozone.MiniOzoneClusterImpl (MiniOzoneClusterImpl.java:lambda$waitForClusterToBeReady$2(164)) - Waiting for 1 number of pipelines out of 5, to report a leader.
2019-10-17 07:41:31,207 [cbde3520-0cea-4357-bb04-1a0ae64b2bb1@group-7EB39FB5DF22-LeaderElection36] INFO  impl.LeaderElection (LeaderElection.java:askForVotes(178)) - cbde3520-0cea-4357-bb04-1a0ae64b2bb1@group-7EB39FB5DF22-LeaderElection36: begin an election at term 22 for -1: [40d2d32e-dd25-45df-8070-f9dc56ccf0a7:192.168.34.62:41633, cbde3520-0cea-4357-bb04-1a0ae64b2bb1:192.168.34.62:41642, 443b071d-6096-48d6-bfe7-498b7c8032c0:192.168.34.62:46516], old=null
2019-10-17 07:41:31,216 [grpc-default-executor-4] INFO  impl.RaftServerImpl (RaftServerImpl.java:setRole(184)) - 443b071d-6096-48d6-bfe7-498b7c8032c0@group-7EB39FB5DF22: changes role from  FOLLOWER to FOLLOWER at term 22 for recognizeCandidate:cbde3520-0cea-4357-bb04-1a0ae64b2bb1
2019-10-17 07:41:31,216 [grpc-default-executor-1] INFO  impl.RaftServerImpl (RaftServerImpl.java:setRole(184)) - 40d2d32e-dd25-45df-8070-f9dc56ccf0a7@group-7EB39FB5DF22: changes role from  FOLLOWER to FOLLOWER at term 22 for recognizeCandidate:cbde3520-0cea-4357-bb04-1a0ae64b2bb1
2019-10-17 07:41:31,216 [grpc-default-executor-4] INFO  impl.RoleInfo (RoleInfo.java:shutdownFollowerState(121)) - 443b071d-6096-48d6-bfe7-498b7c8032c0: shutdown FollowerState
2019-10-17 07:41:31,217 [grpc-default-executor-1] INFO  impl.RoleInfo (RoleInfo.java:shutdownFollowerState(121)) - 40d2d32e-dd25-45df-8070-f9dc56ccf0a7: shutdown FollowerState
2019-10-17 07:41:31,217 [Thread-451] INFO  impl.FollowerState (FollowerState.java:run(117)) - 443b071d-6096-48d6-bfe7-498b7c8032c0@group-7EB39FB5DF22-FollowerState was interrupted: java.lang.InterruptedException: sleep interrupted
2019-10-17 07:41:31,217 [grpc-default-executor-4] INFO  impl.RoleInfo (RoleInfo.java:updateAndGet(143)) - 443b071d-6096-48d6-bfe7-498b7c8032c0: start FollowerState
2019-10-17 07:41:31,217 [Thread-450] INFO  impl.FollowerState (FollowerState.java:run(117)) - 40d2d32e-dd25-45df-8070-f9dc56ccf0a7@group-7EB39FB5DF22-FollowerState was interrupted: java.lang.InterruptedException: sleep interrupted
2019-10-17 07:41:31,217 [grpc-default-executor-1] INFO  impl.RoleInfo (RoleInfo.java:updateAndGet(143)) - 40d2d32e-dd25-45df-8070-f9dc56ccf0a7: start FollowerState
2019-10-17 07:41:31,242 [cbde3520-0cea-4357-bb04-1a0ae64b2bb1@group-7EB39FB5DF22-LeaderElection36] INFO  impl.LeaderElection (LeaderElection.java:logAndReturn(56)) - cbde3520-0cea-4357-bb04-1a0ae64b2bb1@group-7EB39FB5DF22-LeaderElection36: Election REJECTED; received 2 response(s) [cbde3520-0cea-4357-bb04-1a0ae64b2bb1<-40d2d32e-dd25-45df-8070-f9dc56ccf0a7#0:FAIL-t22, cbde3520-0cea-4357-bb04-1a0ae64b2bb1<-443b071d-6096-48d6-bfe7-498b7c8032c0#0:FAIL-t22] and 0 exception(s); cbde3520-0cea-4357-bb04-1a0ae64b2bb1@group-7EB39FB5DF22:t22, leader=null, voted=cbde3520-0cea-4357-bb04-1a0ae64b2bb1, raftlog=cbde3520-0cea-4357-bb04-1a0ae64b2bb1@group-7EB39FB5DF22-SegmentedRaftLog:OPENED:c-1,f-1,i0, conf=-1: [40d2d32e-dd25-45df-8070-f9dc56ccf0a7:192.168.34.62:41633, cbde3520-0cea-4357-bb04-1a0ae64b2bb1:192.168.34.62:41642, 443b071d-6096-48d6-bfe7-498b7c8032c0:192.168.34.62:46516], old=null
2019-10-17 07:41:31,243 [cbde3520-0cea-4357-bb04-1a0ae64b2bb1@group-7EB39FB5DF22-LeaderElection36] INFO  impl.RaftServerImpl (RaftServerImpl.java:setRole(184)) - cbde3520-0cea-4357-bb04-1a0ae64b2bb1@group-7EB39FB5DF22: changes role from CANDIDATE to FOLLOWER at term 22 for DISCOVERED_A_NEW_TERM
2019-10-17 07:41:31,243 [cbde3520-0cea-4357-bb04-1a0ae64b2bb1@group-7EB39FB5DF22-LeaderElection36] INFO  impl.RoleInfo (RoleInfo.java:shutdownLeaderElection(134)) - cbde3520-0cea-4357-bb04-1a0ae64b2bb1: shutdown LeaderElection
2019-10-17 07:41:31,243 [cbde3520-0cea-4357-bb04-1a0ae64b2bb1@group-7EB39FB5DF22-LeaderElection36] INFO  impl.RoleInfo (RoleInfo.java:updateAndGet(143)) - cbde3520-0cea-4357-bb04-1a0ae64b2bb1: start FollowerState
2019-10-17 07:41:31,292 [Thread-458] INFO  impl.FollowerState (FollowerState.java:run(108)) - cbde3520-0cea-4357-bb04-1a0ae64b2bb1@group-7EB39FB5DF22-FollowerState: change to CANDIDATE, lastRpcTime:48ms, electionTimeout:48ms
2019-10-17 07:41:31,292 [Thread-458] INFO  impl.RoleInfo (RoleInfo.java:shutdownFollowerState(121)) - cbde3520-0cea-4357-bb04-1a0ae64b2bb1: shutdown FollowerState
2019-10-17 07:41:31,292 [Thread-458] INFO  impl.RaftServerImpl (RaftServerImpl.java:setRole(184)) - cbde3520-0cea-4357-bb04-1a0ae64b2bb1@group-7EB39FB5DF22: changes role from  FOLLOWER to CANDIDATE at term 22 for changeToCandidate
2019-10-17 07:41:31,292 [Thread-458] INFO  impl.RoleInfo (RoleInfo.java:updateAndGet(143)) - cbde3520-0cea-4357-bb04-1a0ae64b2bb1: start LeaderElection
2019-10-17 07:41:31,315 [cbde3520-0cea-4357-bb04-1a0ae64b2bb1@group-7EB39FB5DF22-LeaderElection37] INFO  impl.LeaderElection (LeaderElection.java:askForVotes(178)) - cbde3520-0cea-4357-bb04-1a0ae64b2bb1@group-7EB39FB5DF22-LeaderElection37: begin an election at term 23 for -1: [40d2d32e-dd25-45df-8070-f9dc56ccf0a7:192.168.34.62:41633, cbde3520-0cea-4357-bb04-1a0ae64b2bb1:192.168.34.62:41642, 443b071d-6096-48d6-bfe7-498b7c8032c0:192.168.34.62:46516], old=null
2019-10-17 07:41:31,319 [grpc-default-executor-4] INFO  impl.RaftServerImpl (RaftServerImpl.java:setRole(184)) - 40d2d32e-dd25-45df-8070-f9dc56ccf0a7@group-7EB39FB5DF22: changes role from  FOLLOWER to FOLLOWER at term 23 for recognizeCandidate:cbde3520-0cea-4357-bb04-1a0ae64b2bb1
2019-10-17 07:41:31,319 [grpc-default-executor-1] INFO  impl.RaftServerImpl (RaftServerImpl.java:setRole(184)) - 443b071d-6096-48d6-bfe7-498b7c8032c0@group-7EB39FB5DF22: changes role from  FOLLOWER to FOLLOWER at term 23 for recognizeCandidate:cbde3520-0cea-4357-bb04-1a0ae64b2bb1
2019-10-17 07:41:31,319 [grpc-default-executor-4] INFO  impl.RoleInfo (RoleInfo.java:shutdownFollowerState(121)) - 40d2d32e-dd25-45df-8070-f9dc56ccf0a7: shutdown FollowerState
2019-10-17 07:41:31,319 [grpc-default-executor-1] INFO  impl.RoleInfo (RoleInfo.java:shutdownFollowerState(121)) - 443b071d-6096-48d6-bfe7-498b7c8032c0: shutdown FollowerState
2019-10-17 07:41:31,319 [Thread-457] INFO  impl.FollowerState (FollowerState.java:run(117)) - 40d2d32e-dd25-45df-8070-f9dc56ccf0a7@group-7EB39FB5DF22-FollowerState was interrupted: java.lang.InterruptedException: sleep interrupted
2019-10-17 07:41:31,320 [Thread-456] INFO  impl.FollowerState (FollowerState.java:run(117)) - 443b071d-6096-48d6-bfe7-498b7c8032c0@group-7EB39FB5DF22-FollowerState was interrupted: java.lang.InterruptedException: sleep interrupted
2019-10-17 07:41:31,319 [grpc-default-executor-4] INFO  impl.RoleInfo (RoleInfo.java:updateAndGet(143)) - 40d2d32e-dd25-45df-8070-f9dc56ccf0a7: start FollowerState
2019-10-17 07:41:31,320 [grpc-default-executor-1] INFO  impl.RoleInfo (RoleInfo.java:updateAndGet(143)) - 443b071d-6096-48d6-bfe7-498b7c8032c0: start FollowerState
2019-10-17 07:41:31,351 [cbde3520-0cea-4357-bb04-1a0ae64b2bb1@group-7EB39FB5DF22-LeaderElection37] INFO  impl.LeaderElection (LeaderElection.java:logAndReturn(56)) - cbde3520-0cea-4357-bb04-1a0ae64b2bb1@group-7EB39FB5DF22-LeaderElection37: Election REJECTED; received 2 response(s) [cbde3520-0cea-4357-bb04-1a0ae64b2bb1<-40d2d32e-dd25-45df-8070-f9dc56ccf0a7#0:FAIL-t23, cbde3520-0cea-4357-bb04-1a0ae64b2bb1<-443b071d-6096-48d6-bfe7-498b7c8032c0#0:FAIL-t23] and 0 exception(s); cbde3520-0cea-4357-bb04-1a0ae64b2bb1@group-7EB39FB5DF22:t23, leader=null, voted=cbde3520-0cea-4357-bb04-1a0ae64b2bb1, raftlog=cbde3520-0cea-4357-bb04-1a0ae64b2bb1@group-7EB39FB5DF22-SegmentedRaftLog:OPENED:c-1,f-1,i0, conf=-1: [40d2d32e-dd25-45df-8070-f9dc56ccf0a7:192.168.34.62:41633, cbde3520-0cea-4357-bb04-1a0ae64b2bb1:192.168.34.62:41642, 443b071d-6096-48d6-bfe7-498b7c8032c0:192.168.34.62:46516], old=null
2019-10-17 07:41:31,351 [cbde3520-0cea-4357-bb04-1a0ae64b2bb1@group-7EB39FB5DF22-LeaderElection37] INFO  impl.RaftServerImpl (RaftServerImpl.java:setRole(184)) - cbde3520-0cea-4357-bb04-1a0ae64b2bb1@group-7EB39FB5DF22: changes role from CANDIDATE to FOLLOWER at term 23 for DISCOVERED_A_NEW_TERM
2019-10-17 07:41:31,351 [cbde3520-0cea-4357-bb04-1a0ae64b2bb1@group-7EB39FB5DF22-LeaderElection37] INFO  impl.RoleInfo (RoleInfo.java:shutdownLeaderElection(134)) - cbde3520-0cea-4357-bb04-1a0ae64b2bb1: shutdown LeaderElection
2019-10-17 07:41:31,351 [cbde3520-0cea-4357-bb04-1a0ae64b2bb1@group-7EB39FB5DF22-LeaderElection37] INFO  impl.RoleInfo (RoleInfo.java:updateAndGet(143)) - cbde3520-0cea-4357-bb04-1a0ae64b2bb1: start FollowerState
2019-10-17 07:41:31,398 [Thread-464] INFO  impl.FollowerState (FollowerState.java:run(108)) - cbde3520-0cea-4357-bb04-1a0ae64b2bb1@group-7EB39FB5DF22-FollowerState: change to CANDIDATE, lastRpcTime:46ms, electionTimeout:46ms
2019-10-17 07:41:31,398 [Thread-464] INFO  impl.RoleInfo (RoleInfo.java:shutdownFollowerState(121)) - cbde3520-0cea-4357-bb04-1a0ae64b2bb1: shutdown FollowerState
2019-10-17 07:41:31,398 [Thread-464] INFO  impl.RaftServerImpl (RaftServerImpl.java:setRole(184)) - cbde3520-0cea-4357-bb04-1a0ae64b2bb1@group-7EB39FB5DF22: changes role from  FOLLOWER to CANDIDATE at term 23 for changeToCandidate
2019-10-17 07:41:31,399 [Thread-464] INFO  impl.RoleInfo (RoleInfo.java:updateAndGet(143)) - cbde3520-0cea-4357-bb04-1a0ae64b2bb1: start LeaderElection
2019-10-17 07:41:31,430 [cbde3520-0cea-4357-bb04-1a0ae64b2bb1@group-7EB39FB5DF22-LeaderElection38] INFO  impl.LeaderElection (LeaderElection.java:askForVotes(178)) - cbde3520-0cea-4357-bb04-1a0ae64b2bb1@group-7EB39FB5DF22-LeaderElection38: begin an election at term 24 for -1: [40d2d32e-dd25-45df-8070-f9dc56ccf0a7:192.168.34.62:41633, cbde3520-0cea-4357-bb04-1a0ae64b2bb1:192.168.34.62:41642, 443b071d-6096-48d6-bfe7-498b7c8032c0:192.168.34.62:46516], old=null
2019-10-17 07:41:31,434 [grpc-default-executor-4] INFO  impl.RaftServerImpl (RaftServerImpl.java:setRole(184)) - 443b071d-6096-48d6-bfe7-498b7c8032c0@group-7EB39FB5DF22: changes role from  FOLLOWER to FOLLOWER at term 24 for recognizeCandidate:cbde3520-0cea-4357-bb04-1a0ae64b2bb1
2019-10-17 07:41:31,434 [grpc-default-executor-1] INFO  impl.RaftServerImpl (RaftServerImpl.java:setRole(184)) - 40d2d32e-dd25-45df-8070-f9dc56ccf0a7@group-7EB39FB5DF22: changes role from  FOLLOWER to FOLLOWER at term 24 for recognizeCandidate:cbde3520-0cea-4357-bb04-1a0ae64b2bb1
2019-10-17 07:41:31,434 [grpc-default-executor-4] INFO  impl.RoleInfo (RoleInfo.java:shutdownFollowerState(121)) - 443b071d-6096-48d6-bfe7-498b7c8032c0: shutdown FollowerState
2019-10-17 07:41:31,434 [grpc-default-executor-1] INFO  impl.RoleInfo (RoleInfo.java:shutdownFollowerState(121)) - 40d2d32e-dd25-45df-8070-f9dc56ccf0a7: shutdown FollowerState
2019-10-17 07:41:31,435 [Thread-463] INFO  impl.FollowerState (FollowerState.java:run(117)) - 443b071d-6096-48d6-bfe7-498b7c8032c0@group-7EB39FB5DF22-FollowerState was interrupted: java.lang.InterruptedException: sleep interrupted
2019-10-17 07:41:31,435 [Thread-462] INFO  impl.FollowerState (FollowerState.java:run(117)) - 40d2d32e-dd25-45df-8070-f9dc56ccf0a7@group-7EB39FB5DF22-FollowerState was interrupted: java.lang.InterruptedException: sleep interrupted
2019-10-17 07:41:31,435 [grpc-default-executor-4] INFO  impl.RoleInfo (RoleInfo.java:updateAndGet(143)) - 443b071d-6096-48d6-bfe7-498b7c8032c0: start FollowerState
2019-10-17 07:41:31,435 [grpc-default-executor-1] INFO  impl.RoleInfo (RoleInfo.java:updateAndGet(143)) - 40d2d32e-dd25-45df-8070-f9dc56ccf0a7: start FollowerState
2019-10-17 07:41:31,440 [cbde3520-0cea-4357-bb04-1a0ae64b2bb1@group-7EB39FB5DF22-LeaderElection38] INFO  impl.LeaderElection (LeaderElection.java:logAndReturn(56)) - cbde3520-0cea-4357-bb04-1a0ae64b2bb1@group-7EB39FB5DF22-LeaderElection38: Election TIMEOUT; received 0 response(s) [] and 0 exception(s); cbde3520-0cea-4357-bb04-1a0ae64b2bb1@group-7EB39FB5DF22:t24, leader=null, voted=cbde3520-0cea-4357-bb04-1a0ae64b2bb1, raftlog=cbde3520-0cea-4357-bb04-1a0ae64b2bb1@group-7EB39FB5DF22-SegmentedRaftLog:OPENED:c-1,f-1,i0, conf=-1: [40d2d32e-dd25-45df-8070-f9dc56ccf0a7:192.168.34.62:41633, cbde3520-0cea-4357-bb04-1a0ae64b2bb1:192.168.34.62:41642, 443b071d-6096-48d6-bfe7-498b7c8032c0:192.168.34.62:46516], old=null
2019-10-17 07:41:31,464 [cbde3520-0cea-4357-bb04-1a0ae64b2bb1@group-7EB39FB5DF22-LeaderElection38] INFO  impl.LeaderElection (LeaderElection.java:askForVotes(178)) - cbde3520-0cea-4357-bb04-1a0ae64b2bb1@group-7EB39FB5DF22-LeaderElection38: begin an election at term 25 for -1: [40d2d32e-dd25-45df-8070-f9dc56ccf0a7:192.168.34.62:41633, cbde3520-0cea-4357-bb04-1a0ae64b2bb1:192.168.34.62:41642, 443b071d-6096-48d6-bfe7-498b7c8032c0:192.168.34.62:46516], old=null
2019-10-17 07:41:31,467 [grpc-default-executor-4] INFO  impl.RaftServerImpl (RaftServerImpl.java:setRole(184)) - 40d2d32e-dd25-45df-8070-f9dc56ccf0a7@group-7EB39FB5DF22: changes role from  FOLLOWER to FOLLOWER at term 25 for recognizeCandidate:cbde3520-0cea-4357-bb04-1a0ae64b2bb1
2019-10-17 07:41:31,467 [grpc-default-executor-1] INFO  impl.RaftServerImpl (RaftServerImpl.java:setRole(184)) - 443b071d-6096-48d6-bfe7-498b7c8032c0@group-7EB39FB5DF22: changes role from  FOLLOWER to FOLLOWER at term 25 for recognizeCandidate:cbde3520-0cea-4357-bb04-1a0ae64b2bb1
2019-10-17 07:41:31,467 [grpc-default-executor-4] INFO  impl.RoleInfo (RoleInfo.java:shutdownFollowerState(121)) - 40d2d32e-dd25-45df-8070-f9dc56ccf0a7: shutdown FollowerState
2019-10-17 07:41:31,467 [grpc-default-executor-1] INFO  impl.RoleInfo (RoleInfo.java:shutdownFollowerState(121)) - 443b071d-6096-48d6-bfe7-498b7c8032c0: shutdown FollowerState
2019-10-17 07:41:31,468 [Thread-469] INFO  impl.FollowerState (FollowerState.java:run(117)) - 40d2d32e-dd25-45df-8070-f9dc56ccf0a7@group-7EB39FB5DF22-FollowerState was interrupted: java.lang.InterruptedException: sleep interrupted
2019-10-17 07:41:31,468 [Thread-468] INFO  impl.FollowerState (FollowerState.java:run(117)) - 443b071d-6096-48d6-bfe7-498b7c8032c0@group-7EB39FB5DF22-FollowerState was interrupted: java.lang.InterruptedException: sleep interrupted
2019-10-17 07:41:31,467 [grpc-default-executor-4] INFO  impl.RoleInfo (RoleInfo.java:updateAndGet(143)) - 40d2d32e-dd25-45df-8070-f9dc56ccf0a7: start FollowerState
2019-10-17 07:41:31,468 [grpc-default-executor-1] INFO  impl.RoleInfo (RoleInfo.java:updateAndGet(143)) - 443b071d-6096-48d6-bfe7-498b7c8032c0: start FollowerState
2019-10-17 07:41:31,499 [cbde3520-0cea-4357-bb04-1a0ae64b2bb1@group-7EB39FB5DF22-LeaderElection38] INFO  impl.LeaderElection (LeaderElection.java:logAndReturn(56)) - cbde3520-0cea-4357-bb04-1a0ae64b2bb1@group-7EB39FB5DF22-LeaderElection38: Election REJECTED; received 2 response(s) [cbde3520-0cea-4357-bb04-1a0ae64b2bb1<-40d2d32e-dd25-45df-8070-f9dc56ccf0a7#0:FAIL-t25, cbde3520-0cea-4357-bb04-1a0ae64b2bb1<-443b071d-6096-48d6-bfe7-498b7c8032c0#0:FAIL-t25] and 0 exception(s); cbde3520-0cea-4357-bb04-1a0ae64b2bb1@group-7EB39FB5DF22:t25, leader=null, voted=cbde3520-0cea-4357-bb04-1a0ae64b2bb1, raftlog=cbde3520-0cea-4357-bb04-1a0ae64b2bb1@group-7EB39FB5DF22-SegmentedRaftLog:OPENED:c-1,f-1,i0, conf=-1: [40d2d32e-dd25-45df-8070-f9dc56ccf0a7:192.168.34.62:41633, cbde3520-0cea-4357-bb04-1a0ae64b2bb1:192.168.34.62:41642, 443b071d-6096-48d6-bfe7-498b7c8032c0:192.168.34.62:46516], old=null
2019-10-17 07:41:31,499 [cbde3520-0cea-4357-bb04-1a0ae64b2bb1@group-7EB39FB5DF22-LeaderElection38] INFO  impl.RaftServerImpl (RaftServerImpl.java:setRole(184)) - cbde3520-0cea-4357-bb04-1a0ae64b2bb1@group-7EB39FB5DF22: changes role from CANDIDATE to FOLLOWER at term 25 for DISCOVERED_A_NEW_TERM
2019-10-17 07:41:31,499 [cbde3520-0cea-4357-bb04-1a0ae64b2bb1@group-7EB39FB5DF22-LeaderElection38] INFO  impl.RoleInfo (RoleInfo.java:shutdownLeaderElection(134)) - cbde3520-0cea-4357-bb04-1a0ae64b2bb1: shutdown LeaderElection
2019-10-17 07:41:31,500 [cbde3520-0cea-4357-bb04-1a0ae64b2bb1@group-7EB39FB5DF22-LeaderElection38] INFO  impl.RoleInfo (RoleInfo.java:updateAndGet(143)) - cbde3520-0cea-4357-bb04-1a0ae64b2bb1: start FollowerState
2019-10-17 07:41:31,687 [Thread-474] INFO  impl.FollowerState (FollowerState.java:run(108)) - cbde3520-0cea-4357-bb04-1a0ae64b2bb1@group-7EB39FB5DF22-FollowerState: change to CANDIDATE, lastRpcTime:187ms, electionTimeout:187ms
2019-10-17 07:41:31,687 [Thread-474] INFO  impl.RoleInfo (RoleInfo.java:shutdownFollowerState(121)) - cbde3520-0cea-4357-bb04-1a0ae64b2bb1: shutdown FollowerState
2019-10-17 07:41:31,688 [Thread-474] INFO  impl.RaftServerImpl (RaftServerImpl.java:setRole(184)) - cbde3520-0cea-4357-bb04-1a0ae64b2bb1@group-7EB39FB5DF22: changes role from  FOLLOWER to CANDIDATE at term 25 for changeToCandidate
2019-10-17 07:41:31,688 [Thread-474] INFO  impl.RoleInfo (RoleInfo.java:updateAndGet(143)) - cbde3520-0cea-4357-bb04-1a0ae64b2bb1: start LeaderElection
2019-10-17 07:41:31,714 [cbde3520-0cea-4357-bb04-1a0ae64b2bb1@group-7EB39FB5DF22-LeaderElection39] INFO  impl.LeaderElection (LeaderElection.java:askForVotes(178)) - cbde3520-0cea-4357-bb04-1a0ae64b2bb1@group-7EB39FB5DF22-LeaderElection39: begin an election at term 26 for -1: [40d2d32e-dd25-45df-8070-f9dc56ccf0a7:192.168.34.62:41633, cbde3520-0cea-4357-bb04-1a0ae64b2bb1:192.168.34.62:41642, 443b071d-6096-48d6-bfe7-498b7c8032c0:192.168.34.62:46516], old=null
2019-10-17 07:41:31,718 [grpc-default-executor-1] INFO  impl.RaftServerImpl (RaftServerImpl.java:setRole(184)) - 443b071d-6096-48d6-bfe7-498b7c8032c0@group-7EB39FB5DF22: changes role from  FOLLOWER to FOLLOWER at term 26 for recognizeCandidate:cbde3520-0cea-4357-bb04-1a0ae64b2bb1
2019-10-17 07:41:31,718 [grpc-default-executor-4] INFO  impl.RaftServerImpl (RaftServerImpl.java:setRole(184)) - 40d2d32e-dd25-45df-8070-f9dc56ccf0a7@group-7EB39FB5DF22: changes role from  FOLLOWER to FOLLOWER at term 26 for recognizeCandidate:cbde3520-0cea-4357-bb04-1a0ae64b2bb1
2019-10-17 07:41:31,718 [grpc-default-executor-1] INFO  impl.RoleInfo (RoleInfo.java:shutdownFollowerState(121)) - 443b071d-6096-48d6-bfe7-498b7c8032c0: shutdown FollowerState
2019-10-17 07:41:31,719 [grpc-default-executor-4] INFO  impl.RoleInfo (RoleInfo.java:shutdownFollowerState(121)) - 40d2d32e-dd25-45df-8070-f9dc56ccf0a7: shutdown FollowerState
2019-10-17 07:41:31,719 [Thread-473] INFO  impl.FollowerState (FollowerState.java:run(117)) - 443b071d-6096-48d6-bfe7-498b7c8032c0@group-7EB39FB5DF22-FollowerState was interrupted: java.lang.InterruptedException: sleep interrupted
2019-10-17 07:41:31,719 [grpc-default-executor-1] INFO  impl.RoleInfo (RoleInfo.java:updateAndGet(143)) - 443b071d-6096-48d6-bfe7-498b7c8032c0: start FollowerState
2019-10-17 07:41:31,719 [Thread-472] INFO  impl.FollowerState (FollowerState.java:run(117)) - 40d2d32e-dd25-45df-8070-f9dc56ccf0a7@group-7EB39FB5DF22-FollowerState was interrupted: java.lang.InterruptedException: sleep interrupted
2019-10-17 07:41:31,719 [grpc-default-executor-4] INFO  impl.RoleInfo (RoleInfo.java:updateAndGet(143)) - 40d2d32e-dd25-45df-8070-f9dc56ccf0a7: start FollowerState
2019-10-17 07:41:31,734 [cbde3520-0cea-4357-bb04-1a0ae64b2bb1@group-7EB39FB5DF22-LeaderElection39] INFO  impl.LeaderElection (LeaderElection.java:logAndReturn(56)) - cbde3520-0cea-4357-bb04-1a0ae64b2bb1@group-7EB39FB5DF22-LeaderElection39: Election REJECTED; received 2 response(s) [cbde3520-0cea-4357-bb04-1a0ae64b2bb1<-40d2d32e-dd25-45df-8070-f9dc56ccf0a7#0:FAIL-t26, cbde3520-0cea-4357-bb04-1a0ae64b2bb1<-443b071d-6096-48d6-bfe7-498b7c8032c0#0:FAIL-t26] and 0 exception(s); cbde3520-0cea-4357-bb04-1a0ae64b2bb1@group-7EB39FB5DF22:t26, leader=null, voted=cbde3520-0cea-4357-bb04-1a0ae64b2bb1, raftlog=cbde3520-0cea-4357-bb04-1a0ae64b2bb1@group-7EB39FB5DF22-SegmentedRaftLog:OPENED:c-1,f-1,i0, conf=-1: [40d2d32e-dd25-45df-8070-f9dc56ccf0a7:192.168.34.62:41633, cbde3520-0cea-4357-bb04-1a0ae64b2bb1:192.168.34.62:41642, 443b071d-6096-48d6-bfe7-498b7c8032c0:192.168.34.62:46516], old=null
2019-10-17 07:41:31,734 [cbde3520-0cea-4357-bb04-1a0ae64b2bb1@group-7EB39FB5DF22-LeaderElection39] INFO  impl.RaftServerImpl (RaftServerImpl.java:setRole(184)) - cbde3520-0cea-4357-bb04-1a0ae64b2bb1@group-7EB39FB5DF22: changes role from CANDIDATE to FOLLOWER at term 26 for DISCOVERED_A_NEW_TERM
2019-10-17 07:41:31,734 [cbde3520-0cea-4357-bb04-1a0ae64b2bb1@group-7EB39FB5DF22-LeaderElection39] INFO  impl.RoleInfo (RoleInfo.java:shutdownLeaderElection(134)) - cbde3520-0cea-4357-bb04-1a0ae64b2bb1: shutdown LeaderElection
2019-10-17 07:41:31,734 [cbde3520-0cea-4357-bb04-1a0ae64b2bb1@group-7EB39FB5DF22-LeaderElection39] INFO  impl.RoleInfo (RoleInfo.java:updateAndGet(143)) - cbde3520-0cea-4357-bb04-1a0ae64b2bb1: start FollowerState
2019-10-17 07:41:31,739 [Thread-480] INFO  impl.FollowerState (FollowerState.java:run(108)) - cbde3520-0cea-4357-bb04-1a0ae64b2bb1@group-7EB39FB5DF22-FollowerState: change to CANDIDATE, lastRpcTime:4ms, electionTimeout:4ms
2019-10-17 07:41:31,739 [Thread-480] INFO  impl.RoleInfo (RoleInfo.java:shutdownFollowerState(121)) - cbde3520-0cea-4357-bb04-1a0ae64b2bb1: shutdown FollowerState
2019-10-17 07:41:31,739 [Thread-480] INFO  impl.RaftServerImpl (RaftServerImpl.java:setRole(184)) - cbde3520-0cea-4357-bb04-1a0ae64b2bb1@group-7EB39FB5DF22: changes role from  FOLLOWER to CANDIDATE at term 26 for changeToCandidate
2019-10-17 07:41:31,739 [Thread-480] INFO  impl.RoleInfo (RoleInfo.java:updateAndGet(143)) - cbde3520-0cea-4357-bb04-1a0ae64b2bb1: start LeaderElection
2019-10-17 07:41:31,763 [cbde3520-0cea-4357-bb04-1a0ae64b2bb1@group-7EB39FB5DF22-LeaderElection40] INFO  impl.LeaderElection (LeaderElection.java:askForVotes(178)) - cbde3520-0cea-4357-bb04-1a0ae64b2bb1@group-7EB39FB5DF22-LeaderElection40: begin an election at term 27 for -1: [40d2d32e-dd25-45df-8070-f9dc56ccf0a7:192.168.34.62:41633, cbde3520-0cea-4357-bb04-1a0ae64b2bb1:192.168.34.62:41642, 443b071d-6096-48d6-bfe7-498b7c8032c0:192.168.34.62:46516], old=null
2019-10-17 07:41:31,768 [grpc-default-executor-1] INFO  impl.RaftServerImpl (RaftServerImpl.java:setRole(184)) - 40d2d32e-dd25-45df-8070-f9dc56ccf0a7@group-7EB39FB5DF22: changes role from  FOLLOWER to FOLLOWER at term 27 for recognizeCandidate:cbde3520-0cea-4357-bb04-1a0ae64b2bb1
2019-10-17 07:41:31,768 [grpc-default-executor-1] INFO  impl.RoleInfo (RoleInfo.java:shutdownFollowerState(121)) - 40d2d32e-dd25-45df-8070-f9dc56ccf0a7: shutdown FollowerState
2019-10-17 07:41:31,768 [grpc-default-executor-4] INFO  impl.RaftServerImpl (RaftServerImpl.java:setRole(184)) - 443b071d-6096-48d6-bfe7-498b7c8032c0@group-7EB39FB5DF22: changes role from  FOLLOWER to FOLLOWER at term 27 for recognizeCandidate:cbde3520-0cea-4357-bb04-1a0ae64b2bb1
2019-10-17 07:41:31,768 [Thread-479] INFO  impl.FollowerState (FollowerState.java:run(117)) - 40d2d32e-dd25-45df-8070-f9dc56ccf0a7@group-7EB39FB5DF22-FollowerState was interrupted: java.lang.InterruptedException: sleep interrupted
2019-10-17 07:41:31,768 [grpc-default-executor-1] INFO  impl.RoleInfo (RoleInfo.java:updateAndGet(143)) - 40d2d32e-dd25-45df-8070-f9dc56ccf0a7: start FollowerState
2019-10-17 07:41:31,768 [grpc-default-executor-4] INFO  impl.RoleInfo (RoleInfo.java:shutdownFollowerState(121)) - 443b071d-6096-48d6-bfe7-498b7c8032c0: shutdown FollowerState
2019-10-17 07:41:31,769 [grpc-default-executor-4] INFO  impl.RoleInfo (RoleInfo.java:updateAndGet(143)) - 443b071d-6096-48d6-bfe7-498b7c8032c0: start FollowerState
2019-10-17 07:41:31,769 [Thread-478] INFO  impl.FollowerState (FollowerState.java:run(117)) - 443b071d-6096-48d6-bfe7-498b7c8032c0@group-7EB39FB5DF22-FollowerState was interrupted: java.lang.InterruptedException: sleep interrupted
2019-10-17 07:41:31,784 [cbde3520-0cea-4357-bb04-1a0ae64b2bb1@group-7EB39FB5DF22-LeaderElection40] INFO  impl.LeaderElection (LeaderElection.java:logAndReturn(56)) - cbde3520-0cea-4357-bb04-1a0ae64b2bb1@group-7EB39FB5DF22-LeaderElection40: Election REJECTED; received 2 response(s) [cbde3520-0cea-4357-bb04-1a0ae64b2bb1<-40d2d32e-dd25-45df-8070-f9dc56ccf0a7#0:FAIL-t27, cbde3520-0cea-4357-bb04-1a0ae64b2bb1<-443b071d-6096-48d6-bfe7-498b7c8032c0#0:FAIL-t27] and 0 exception(s); cbde3520-0cea-4357-bb04-1a0ae64b2bb1@group-7EB39FB5DF22:t27, leader=null, voted=cbde3520-0cea-4357-bb04-1a0ae64b2bb1, raftlog=cbde3520-0cea-4357-bb04-1a0ae64b2bb1@group-7EB39FB5DF22-SegmentedRaftLog:OPENED:c-1,f-1,i0, conf=-1: [40d2d32e-dd25-45df-8070-f9dc56ccf0a7:192.168.34.62:41633, cbde3520-0cea-4357-bb04-1a0ae64b2bb1:192.168.34.62:41642, 443b071d-6096-48d6-bfe7-498b7c8032c0:192.168.34.62:46516], old=null
2019-10-17 07:41:31,784 [cbde3520-0cea-4357-bb04-1a0ae64b2bb1@group-7EB39FB5DF22-LeaderElection40] INFO  impl.RaftServerImpl (RaftServerImpl.java:setRole(184)) - cbde3520-0cea-4357-bb04-1a0ae64b2bb1@group-7EB39FB5DF22: changes role from CANDIDATE to FOLLOWER at term 27 for DISCOVERED_A_NEW_TERM
2019-10-17 07:41:31,784 [cbde3520-0cea-4357-bb04-1a0ae64b2bb1@group-7EB39FB5DF22-LeaderElection40] INFO  impl.RoleInfo (RoleInfo.java:shutdownLeaderElection(134)) - cbde3520-0cea-4357-bb04-1a0ae64b2bb1: shutdown LeaderElection
2019-10-17 07:41:31,784 [cbde3520-0cea-4357-bb04-1a0ae64b2bb1@group-7EB39FB5DF22-LeaderElection40] INFO  impl.RoleInfo (RoleInfo.java:updateAndGet(143)) - cbde3520-0cea-4357-bb04-1a0ae64b2bb1: start FollowerState
2019-10-17 07:41:31,867 [Thread-486] INFO  impl.FollowerState (FollowerState.java:run(108)) - cbde3520-0cea-4357-bb04-1a0ae64b2bb1@group-7EB39FB5DF22-FollowerState: change to CANDIDATE, lastRpcTime:82ms, electionTimeout:82ms
2019-10-17 07:41:31,867 [Thread-486] INFO  impl.RoleInfo (RoleInfo.java:shutdownFollowerState(121)) - cbde3520-0cea-4357-bb04-1a0ae64b2bb1: shutdown FollowerState
2019-10-17 07:41:31,867 [Thread-486] INFO  impl.RaftServerImpl (RaftServerImpl.java:setRole(184)) - cbde3520-0cea-4357-bb04-1a0ae64b2bb1@group-7EB39FB5DF22: changes role from  FOLLOWER to CANDIDATE at term 27 for changeToCandidate
2019-10-17 07:41:31,867 [Thread-486] INFO  impl.RoleInfo (RoleInfo.java:updateAndGet(143)) - cbde3520-0cea-4357-bb04-1a0ae64b2bb1: start LeaderElection
2019-10-17 07:41:31,881 [cbde3520-0cea-4357-bb04-1a0ae64b2bb1@group-7EB39FB5DF22-LeaderElection41] INFO  impl.LeaderElection (LeaderElection.java:askForVotes(178)) - cbde3520-0cea-4357-bb04-1a0ae64b2bb1@group-7EB39FB5DF22-LeaderElection41: begin an election at term 28 for -1: [40d2d32e-dd25-45df-8070-f9dc56ccf0a7:192.168.34.62:41633, cbde3520-0cea-4357-bb04-1a0ae64b2bb1:192.168.34.62:41642, 443b071d-6096-48d6-bfe7-498b7c8032c0:192.168.34.62:46516], old=null
2019-10-17 07:41:31,885 [grpc-default-executor-4] INFO  impl.RaftServerImpl (RaftServerImpl.java:setRole(184)) - 40d2d32e-dd25-45df-8070-f9dc56ccf0a7@group-7EB39FB5DF22: changes role from  FOLLOWER to FOLLOWER at term 28 for recognizeCandidate:cbde3520-0cea-4357-bb04-1a0ae64b2bb1
2019-10-17 07:41:31,885 [grpc-default-executor-4] INFO  impl.RoleInfo (RoleInfo.java:shutdownFollowerState(121)) - 40d2d32e-dd25-45df-8070-f9dc56ccf0a7: shutdown FollowerState
2019-10-17 07:41:31,885 [grpc-default-executor-1] INFO  impl.RaftServerImpl (RaftServerImpl.java:setRole(184)) - 443b071d-6096-48d6-bfe7-498b7c8032c0@group-7EB39FB5DF22: changes role from  FOLLOWER to FOLLOWER at term 28 for recognizeCandidate:cbde3520-0cea-4357-bb04-1a0ae64b2bb1
2019-10-17 07:41:31,885 [Thread-484] INFO  impl.FollowerState (FollowerState.java:run(117)) - 40d2d32e-dd25-45df-8070-f9dc56ccf0a7@group-7EB39FB5DF22-FollowerState was interrupted: java.lang.InterruptedException: sleep interrupted
2019-10-17 07:41:31,885 [grpc-default-executor-4] INFO  impl.RoleInfo (RoleInfo.java:updateAndGet(143)) - 40d2d32e-dd25-45df-8070-f9dc56ccf0a7: start FollowerState
2019-10-17 07:41:31,885 [grpc-default-executor-1] INFO  impl.RoleInfo (RoleInfo.java:shutdownFollowerState(121)) - 443b071d-6096-48d6-bfe7-498b7c8032c0: shutdown FollowerState
2019-10-17 07:41:31,886 [grpc-default-executor-1] INFO  impl.RoleInfo (RoleInfo.java:updateAndGet(143)) - 443b071d-6096-48d6-bfe7-498b7c8032c0: start FollowerState
2019-10-17 07:41:31,886 [Thread-485] INFO  impl.FollowerState (FollowerState.java:run(117)) - 443b071d-6096-48d6-bfe7-498b7c8032c0@group-7EB39FB5DF22-FollowerState was interrupted: java.lang.InterruptedException: sleep interrupted
2019-10-17 07:41:31,901 [cbde3520-0cea-4357-bb04-1a0ae64b2bb1@group-7EB39FB5DF22-LeaderElection41] INFO  impl.LeaderElection (LeaderElection.java:logAndReturn(56)) - cbde3520-0cea-4357-bb04-1a0ae64b2bb1@group-7EB39FB5DF22-LeaderElection41: Election REJECTED; received 2 response(s) [cbde3520-0cea-4357-bb04-1a0ae64b2bb1<-40d2d32e-dd25-45df-8070-f9dc56ccf0a7#0:FAIL-t28, cbde3520-0cea-4357-bb04-1a0ae64b2bb1<-443b071d-6096-48d6-bfe7-498b7c8032c0#0:FAIL-t28] and 0 exception(s); cbde3520-0cea-4357-bb04-1a0ae64b2bb1@group-7EB39FB5DF22:t28, leader=null, voted=cbde3520-0cea-4357-bb04-1a0ae64b2bb1, raftlog=cbde3520-0cea-4357-bb04-1a0ae64b2bb1@group-7EB39FB5DF22-SegmentedRaftLog:OPENED:c-1,f-1,i0, conf=-1: [40d2d32e-dd25-45df-8070-f9dc56ccf0a7:192.168.34.62:41633, cbde3520-0cea-4357-bb04-1a0ae64b2bb1:192.168.34.62:41642, 443b071d-6096-48d6-bfe7-498b7c8032c0:192.168.34.62:46516], old=null
2019-10-17 07:41:31,901 [cbde3520-0cea-4357-bb04-1a0ae64b2bb1@group-7EB39FB5DF22-LeaderElection41] INFO  impl.RaftServerImpl (RaftServerImpl.java:setRole(184)) - cbde3520-0cea-4357-bb04-1a0ae64b2bb1@group-7EB39FB5DF22: changes role from CANDIDATE to FOLLOWER at term 28 for DISCOVERED_A_NEW_TERM
2019-10-17 07:41:31,901 [cbde3520-0cea-4357-bb04-1a0ae64b2bb1@group-7EB39FB5DF22-LeaderElection41] INFO  impl.RoleInfo (RoleInfo.java:shutdownLeaderElection(134)) - cbde3520-0cea-4357-bb04-1a0ae64b2bb1: shutdown LeaderElection
2019-10-17 07:41:31,901 [cbde3520-0cea-4357-bb04-1a0ae64b2bb1@group-7EB39FB5DF22-LeaderElection41] INFO  impl.RoleInfo (RoleInfo.java:updateAndGet(143)) - cbde3520-0cea-4357-bb04-1a0ae64b2bb1: start FollowerState
2019-10-17 07:41:31,939 [Thread-492] INFO  impl.FollowerState (FollowerState.java:run(108)) - cbde3520-0cea-4357-bb04-1a0ae64b2bb1@group-7EB39FB5DF22-FollowerState: change to CANDIDATE, lastRpcTime:37ms, electionTimeout:37ms
2019-10-17 07:41:31,939 [Thread-492] INFO  impl.RoleInfo (RoleInfo.java:shutdownFollowerState(121)) - cbde3520-0cea-4357-bb04-1a0ae64b2bb1: shutdown FollowerState
2019-10-17 07:41:31,939 [Thread-492] INFO  impl.RaftServerImpl (RaftServerImpl.java:setRole(184)) - cbde3520-0cea-4357-bb04-1a0ae64b2bb1@group-7EB39FB5DF22: changes role from  FOLLOWER to CANDIDATE at term 28 for changeToCandidate
2019-10-17 07:41:31,939 [Thread-492] INFO  impl.RoleInfo (RoleInfo.java:updateAndGet(143)) - cbde3520-0cea-4357-bb04-1a0ae64b2bb1: start LeaderElection
2019-10-17 07:41:31,963 [cbde3520-0cea-4357-bb04-1a0ae64b2bb1@group-7EB39FB5DF22-LeaderElection42] INFO  impl.LeaderElection (LeaderElection.java:askForVotes(178)) - cbde3520-0cea-4357-bb04-1a0ae64b2bb1@group-7EB39FB5DF22-LeaderElection42: begin an election at term 29 for -1: [40d2d32e-dd25-45df-8070-f9dc56ccf0a7:192.168.34.62:41633, cbde3520-0cea-4357-bb04-1a0ae64b2bb1:192.168.34.62:41642, 443b071d-6096-48d6-bfe7-498b7c8032c0:192.168.34.62:46516], old=null
2019-10-17 07:41:31,968 [grpc-default-executor-1] INFO  impl.RaftServerImpl (RaftServerImpl.java:setRole(184)) - 40d2d32e-dd25-45df-8070-f9dc56ccf0a7@group-7EB39FB5DF22: changes role from  FOLLOWER to FOLLOWER at term 29 for recognizeCandidate:cbde3520-0cea-4357-bb04-1a0ae64b2bb1
2019-10-17 07:41:31,968 [grpc-default-executor-4] INFO  impl.RaftServerImpl (RaftServerImpl.java:setRole(184)) - 443b071d-6096-48d6-bfe7-498b7c8032c0@group-7EB39FB5DF22: changes role from  FOLLOWER to FOLLOWER at term 29 for recognizeCandidate:cbde3520-0cea-4357-bb04-1a0ae64b2bb1
2019-10-17 07:41:31,968 [grpc-default-executor-4] INFO  impl.RoleInfo (RoleInfo.java:shutdownFollowerState(121)) - 443b071d-6096-48d6-bfe7-498b7c8032c0: shutdown FollowerState
2019-10-17 07:41:31,968 [grpc-default-executor-1] INFO  impl.RoleInfo (RoleInfo.java:shutdownFollowerState(121)) - 40d2d32e-dd25-45df-8070-f9dc56ccf0a7: shutdown FollowerState
2019-10-17 07:41:31,968 [Thread-491] INFO  impl.FollowerState (FollowerState.java:run(117)) - 443b071d-6096-48d6-bfe7-498b7c8032c0@group-7EB39FB5DF22-FollowerState was interrupted: java.lang.InterruptedException: sleep interrupted
2019-10-17 07:41:31,968 [grpc-default-executor-4] INFO  impl.RoleInfo (RoleInfo.java:updateAndGet(143)) - 443b071d-6096-48d6-bfe7-498b7c8032c0: start FollowerState
2019-10-17 07:41:31,969 [grpc-default-executor-1] INFO  impl.RoleInfo (RoleInfo.java:updateAndGet(143)) - 40d2d32e-dd25-45df-8070-f9dc56ccf0a7: start FollowerState
2019-10-17 07:41:31,969 [Thread-490] INFO  impl.FollowerState (FollowerState.java:run(117)) - 40d2d32e-dd25-45df-8070-f9dc56ccf0a7@group-7EB39FB5DF22-FollowerState was interrupted: java.lang.InterruptedException: sleep interrupted
2019-10-17 07:41:31,984 [cbde3520-0cea-4357-bb04-1a0ae64b2bb1@group-7EB39FB5DF22-LeaderElection42] INFO  impl.LeaderElection (LeaderElection.java:logAndReturn(56)) - cbde3520-0cea-4357-bb04-1a0ae64b2bb1@group-7EB39FB5DF22-LeaderElection42: Election REJECTED; received 2 response(s) [cbde3520-0cea-4357-bb04-1a0ae64b2bb1<-40d2d32e-dd25-45df-8070-f9dc56ccf0a7#0:FAIL-t29, cbde3520-0cea-4357-bb04-1a0ae64b2bb1<-443b071d-6096-48d6-bfe7-498b7c8032c0#0:FAIL-t29] and 0 exception(s); cbde3520-0cea-4357-bb04-1a0ae64b2bb1@group-7EB39FB5DF22:t29, leader=null, voted=cbde3520-0cea-4357-bb04-1a0ae64b2bb1, raftlog=cbde3520-0cea-4357-bb04-1a0ae64b2bb1@group-7EB39FB5DF22-SegmentedRaftLog:OPENED:c-1,f-1,i0, conf=-1: [40d2d32e-dd25-45df-8070-f9dc56ccf0a7:192.168.34.62:41633, cbde3520-0cea-4357-bb04-1a0ae64b2bb1:192.168.34.62:41642, 443b071d-6096-48d6-bfe7-498b7c8032c0:192.168.34.62:46516], old=null
2019-10-17 07:41:31,984 [cbde3520-0cea-4357-bb04-1a0ae64b2bb1@group-7EB39FB5DF22-LeaderElection42] INFO  impl.RaftServerImpl (RaftServerImpl.java:setRole(184)) - cbde3520-0cea-4357-bb04-1a0ae64b2bb1@group-7EB39FB5DF22: changes role from CANDIDATE to FOLLOWER at term 29 for DISCOVERED_A_NEW_TERM
2019-10-17 07:41:31,984 [cbde3520-0cea-4357-bb04-1a0ae64b2bb1@group-7EB39FB5DF22-LeaderElection42] INFO  impl.RoleInfo (RoleInfo.java:shutdownLeaderElection(134)) - cbde3520-0cea-4357-bb04-1a0ae64b2bb1: shutdown LeaderElection
2019-10-17 07:41:31,984 [cbde3520-0cea-4357-bb04-1a0ae64b2bb1@group-7EB39FB5DF22-LeaderElection42] INFO  impl.RoleInfo (RoleInfo.java:updateAndGet(143)) - cbde3520-0cea-4357-bb04-1a0ae64b2bb1: start FollowerState
2019-10-17 07:41:32,182 [Thread-498] INFO  impl.FollowerState (FollowerState.java:run(108)) - cbde3520-0cea-4357-bb04-1a0ae64b2bb1@group-7EB39FB5DF22-FollowerState: change to CANDIDATE, lastRpcTime:197ms, electionTimeout:197ms
2019-10-17 07:41:32,182 [Thread-498] INFO  impl.RoleInfo (RoleInfo.java:shutdownFollowerState(121)) - cbde3520-0cea-4357-bb04-1a0ae64b2bb1: shutdown FollowerState
2019-10-17 07:41:32,182 [Thread-498] INFO  impl.RaftServerImpl (RaftServerImpl.java:setRole(184)) - cbde3520-0cea-4357-bb04-1a0ae64b2bb1@group-7EB39FB5DF22: changes role from  FOLLOWER to CANDIDATE at term 29 for changeToCandidate
2019-10-17 07:41:32,182 [Thread-498] INFO  impl.RoleInfo (RoleInfo.java:updateAndGet(143)) - cbde3520-0cea-4357-bb04-1a0ae64b2bb1: start LeaderElection
2019-10-17 07:41:32,203 [main] INFO  ozone.MiniOzoneClusterImpl (MiniOzoneClusterImpl.java:lambda$waitForClusterToBeReady$2(164)) - Waiting for 1 number of pipelines out of 5, to report a leader.
2019-10-17 07:41:32,207 [cbde3520-0cea-4357-bb04-1a0ae64b2bb1@group-7EB39FB5DF22-LeaderElection43] INFO  impl.LeaderElection (LeaderElection.java:askForVotes(178)) - cbde3520-0cea-4357-bb04-1a0ae64b2bb1@group-7EB39FB5DF22-LeaderElection43: begin an election at term 30 for -1: [40d2d32e-dd25-45df-8070-f9dc56ccf0a7:192.168.34.62:41633, cbde3520-0cea-4357-bb04-1a0ae64b2bb1:192.168.34.62:41642, 443b071d-6096-48d6-bfe7-498b7c8032c0:192.168.34.62:46516], old=null
2019-10-17 07:41:32,210 [grpc-default-executor-1] INFO  impl.RaftServerImpl (RaftServerImpl.java:setRole(184)) - 40d2d32e-dd25-45df-8070-f9dc56ccf0a7@group-7EB39FB5DF22: changes role from  FOLLOWER to FOLLOWER at term 30 for recognizeCandidate:cbde3520-0cea-4357-bb04-1a0ae64b2bb1
2019-10-17 07:41:32,210 [grpc-default-executor-1] INFO  impl.RoleInfo (RoleInfo.java:shutdownFollowerState(121)) - 40d2d32e-dd25-45df-8070-f9dc56ccf0a7: shutdown FollowerState
2019-10-17 07:41:32,210 [grpc-default-executor-4] INFO  impl.RaftServerImpl (RaftServerImpl.java:setRole(184)) - 443b071d-6096-48d6-bfe7-498b7c8032c0@group-7EB39FB5DF22: changes role from  FOLLOWER to FOLLOWER at term 30 for recognizeCandidate:cbde3520-0cea-4357-bb04-1a0ae64b2bb1
2019-10-17 07:41:32,210 [Thread-497] INFO  impl.FollowerState (FollowerState.java:run(117)) - 40d2d32e-dd25-45df-8070-f9dc56ccf0a7@group-7EB39FB5DF22-FollowerState was interrupted: java.lang.InterruptedException: sleep interrupted
2019-10-17 07:41:32,210 [grpc-default-executor-1] INFO  impl.RoleInfo (RoleInfo.java:updateAndGet(143)) - 40d2d32e-dd25-45df-8070-f9dc56ccf0a7: start FollowerState
2019-10-17 07:41:32,210 [grpc-default-executor-4] INFO  impl.RoleInfo (RoleInfo.java:shutdownFollowerState(121)) - 443b071d-6096-48d6-bfe7-498b7c8032c0: shutdown FollowerState
2019-10-17 07:41:32,211 [grpc-default-executor-4] INFO  impl.RoleInfo (RoleInfo.java:updateAndGet(143)) - 443b071d-6096-48d6-bfe7-498b7c8032c0: start FollowerState
2019-10-17 07:41:32,211 [Thread-496] INFO  impl.FollowerState (FollowerState.java:run(117)) - 443b071d-6096-48d6-bfe7-498b7c8032c0@group-7EB39FB5DF22-FollowerState was interrupted: java.lang.InterruptedException: sleep interrupted
2019-10-17 07:41:32,226 [cbde3520-0cea-4357-bb04-1a0ae64b2bb1@group-7EB39FB5DF22-LeaderElection43] INFO  impl.LeaderElection (LeaderElection.java:logAndReturn(56)) - cbde3520-0cea-4357-bb04-1a0ae64b2bb1@group-7EB39FB5DF22-LeaderElection43: Election REJECTED; received 2 response(s) [cbde3520-0cea-4357-bb04-1a0ae64b2bb1<-40d2d32e-dd25-45df-8070-f9dc56ccf0a7#0:FAIL-t30, cbde3520-0cea-4357-bb04-1a0ae64b2bb1<-443b071d-6096-48d6-bfe7-498b7c8032c0#0:FAIL-t30] and 0 exception(s); cbde3520-0cea-4357-bb04-1a0ae64b2bb1@group-7EB39FB5DF22:t30, leader=null, voted=cbde3520-0cea-4357-bb04-1a0ae64b2bb1, raftlog=cbde3520-0cea-4357-bb04-1a0ae64b2bb1@group-7EB39FB5DF22-SegmentedRaftLog:OPENED:c-1,f-1,i0, conf=-1: [40d2d32e-dd25-45df-8070-f9dc56ccf0a7:192.168.34.62:41633, cbde3520-0cea-4357-bb04-1a0ae64b2bb1:192.168.34.62:41642, 443b071d-6096-48d6-bfe7-498b7c8032c0:192.168.34.62:46516], old=null
2019-10-17 07:41:32,226 [cbde3520-0cea-4357-bb04-1a0ae64b2bb1@group-7EB39FB5DF22-LeaderElection43] INFO  impl.RaftServerImpl (RaftServerImpl.java:setRole(184)) - cbde3520-0cea-4357-bb04-1a0ae64b2bb1@group-7EB39FB5DF22: changes role from CANDIDATE to FOLLOWER at term 30 for DISCOVERED_A_NEW_TERM
2019-10-17 07:41:32,226 [cbde3520-0cea-4357-bb04-1a0ae64b2bb1@group-7EB39FB5DF22-LeaderElection43] INFO  impl.RoleInfo (RoleInfo.java:shutdownLeaderElection(134)) - cbde3520-0cea-4357-bb04-1a0ae64b2bb1: shutdown LeaderElection
2019-10-17 07:41:32,227 [cbde3520-0cea-4357-bb04-1a0ae64b2bb1@group-7EB39FB5DF22-LeaderElection43] INFO  impl.RoleInfo (RoleInfo.java:updateAndGet(143)) - cbde3520-0cea-4357-bb04-1a0ae64b2bb1: start FollowerState
2019-10-17 07:41:32,238 [Thread-504] INFO  impl.FollowerState (FollowerState.java:run(108)) - cbde3520-0cea-4357-bb04-1a0ae64b2bb1@group-7EB39FB5DF22-FollowerState: change to CANDIDATE, lastRpcTime:11ms, electionTimeout:11ms
2019-10-17 07:41:32,238 [Thread-504] INFO  impl.RoleInfo (RoleInfo.java:shutdownFollowerState(121)) - cbde3520-0cea-4357-bb04-1a0ae64b2bb1: shutdown FollowerState
2019-10-17 07:41:32,238 [Thread-504] INFO  impl.RaftServerImpl (RaftServerImpl.java:setRole(184)) - cbde3520-0cea-4357-bb04-1a0ae64b2bb1@group-7EB39FB5DF22: changes role from  FOLLOWER to CANDIDATE at term 30 for changeToCandidate
2019-10-17 07:41:32,239 [Thread-504] INFO  impl.RoleInfo (RoleInfo.java:updateAndGet(143)) - cbde3520-0cea-4357-bb04-1a0ae64b2bb1: start LeaderElection
2019-10-17 07:41:32,262 [cbde3520-0cea-4357-bb04-1a0ae64b2bb1@group-7EB39FB5DF22-LeaderElection44] INFO  impl.LeaderElection (LeaderElection.java:askForVotes(178)) - cbde3520-0cea-4357-bb04-1a0ae64b2bb1@group-7EB39FB5DF22-LeaderElection44: begin an election at term 31 for -1: [40d2d32e-dd25-45df-8070-f9dc56ccf0a7:192.168.34.62:41633, cbde3520-0cea-4357-bb04-1a0ae64b2bb1:192.168.34.62:41642, 443b071d-6096-48d6-bfe7-498b7c8032c0:192.168.34.62:46516], old=null
2019-10-17 07:41:32,267 [grpc-default-executor-4] INFO  impl.RaftServerImpl (RaftServerImpl.java:setRole(184)) - 40d2d32e-dd25-45df-8070-f9dc56ccf0a7@group-7EB39FB5DF22: changes role from  FOLLOWER to FOLLOWER at term 31 for recognizeCandidate:cbde3520-0cea-4357-bb04-1a0ae64b2bb1
2019-10-17 07:41:32,267 [grpc-default-executor-1] INFO  impl.RaftServerImpl (RaftServerImpl.java:setRole(184)) - 443b071d-6096-48d6-bfe7-498b7c8032c0@group-7EB39FB5DF22: changes role from  FOLLOWER to FOLLOWER at term 31 for recognizeCandidate:cbde3520-0cea-4357-bb04-1a0ae64b2bb1
2019-10-17 07:41:32,267 [grpc-default-executor-4] INFO  impl.RoleInfo (RoleInfo.java:shutdownFollowerState(121)) - 40d2d32e-dd25-45df-8070-f9dc56ccf0a7: shutdown FollowerState
2019-10-17 07:41:32,267 [grpc-default-executor-1] INFO  impl.RoleInfo (RoleInfo.java:shutdownFollowerState(121)) - 443b071d-6096-48d6-bfe7-498b7c8032c0: shutdown FollowerState
2019-10-17 07:41:32,268 [Thread-502] INFO  impl.FollowerState (FollowerState.java:run(117)) - 40d2d32e-dd25-45df-8070-f9dc56ccf0a7@group-7EB39FB5DF22-FollowerState was interrupted: java.lang.InterruptedException: sleep interrupted
2019-10-17 07:41:32,268 [grpc-default-executor-4] INFO  impl.RoleInfo (RoleInfo.java:updateAndGet(143)) - 40d2d32e-dd25-45df-8070-f9dc56ccf0a7: start FollowerState
2019-10-17 07:41:32,268 [Thread-503] INFO  impl.FollowerState (FollowerState.java:run(117)) - 443b071d-6096-48d6-bfe7-498b7c8032c0@group-7EB39FB5DF22-FollowerState was interrupted: java.lang.InterruptedException: sleep interrupted
2019-10-17 07:41:32,268 [grpc-default-executor-1] INFO  impl.RoleInfo (RoleInfo.java:updateAndGet(143)) - 443b071d-6096-48d6-bfe7-498b7c8032c0: start FollowerState
2019-10-17 07:41:32,293 [cbde3520-0cea-4357-bb04-1a0ae64b2bb1@group-7EB39FB5DF22-LeaderElection44] INFO  impl.LeaderElection (LeaderElection.java:logAndReturn(56)) - cbde3520-0cea-4357-bb04-1a0ae64b2bb1@group-7EB39FB5DF22-LeaderElection44: Election REJECTED; received 2 response(s) [cbde3520-0cea-4357-bb04-1a0ae64b2bb1<-40d2d32e-dd25-45df-8070-f9dc56ccf0a7#0:FAIL-t31, cbde3520-0cea-4357-bb04-1a0ae64b2bb1<-443b071d-6096-48d6-bfe7-498b7c8032c0#0:FAIL-t31] and 0 exception(s); cbde3520-0cea-4357-bb04-1a0ae64b2bb1@group-7EB39FB5DF22:t31, leader=null, voted=cbde3520-0cea-4357-bb04-1a0ae64b2bb1, raftlog=cbde3520-0cea-4357-bb04-1a0ae64b2bb1@group-7EB39FB5DF22-SegmentedRaftLog:OPENED:c-1,f-1,i0, conf=-1: [40d2d32e-dd25-45df-8070-f9dc56ccf0a7:192.168.34.62:41633, cbde3520-0cea-4357-bb04-1a0ae64b2bb1:192.168.34.62:41642, 443b071d-6096-48d6-bfe7-498b7c8032c0:192.168.34.62:46516], old=null
2019-10-17 07:41:32,293 [cbde3520-0cea-4357-bb04-1a0ae64b2bb1@group-7EB39FB5DF22-LeaderElection44] INFO  impl.RaftServerImpl (RaftServerImpl.java:setRole(184)) - cbde3520-0cea-4357-bb04-1a0ae64b2bb1@group-7EB39FB5DF22: changes role from CANDIDATE to FOLLOWER at term 31 for DISCOVERED_A_NEW_TERM
2019-10-17 07:41:32,293 [cbde3520-0cea-4357-bb04-1a0ae64b2bb1@group-7EB39FB5DF22-LeaderElection44] INFO  impl.RoleInfo (RoleInfo.java:shutdownLeaderElection(134)) - cbde3520-0cea-4357-bb04-1a0ae64b2bb1: shutdown LeaderElection
2019-10-17 07:41:32,294 [cbde3520-0cea-4357-bb04-1a0ae64b2bb1@group-7EB39FB5DF22-LeaderElection44] INFO  impl.RoleInfo (RoleInfo.java:updateAndGet(143)) - cbde3520-0cea-4357-bb04-1a0ae64b2bb1: start FollowerState
2019-10-17 07:41:32,487 [Thread-510] INFO  impl.FollowerState (FollowerState.java:run(108)) - cbde3520-0cea-4357-bb04-1a0ae64b2bb1@group-7EB39FB5DF22-FollowerState: change to CANDIDATE, lastRpcTime:193ms, electionTimeout:193ms
2019-10-17 07:41:32,487 [Thread-510] INFO  impl.RoleInfo (RoleInfo.java:shutdownFollowerState(121)) - cbde3520-0cea-4357-bb04-1a0ae64b2bb1: shutdown FollowerState
2019-10-17 07:41:32,487 [Thread-510] INFO  impl.RaftServerImpl (RaftServerImpl.java:setRole(184)) - cbde3520-0cea-4357-bb04-1a0ae64b2bb1@group-7EB39FB5DF22: changes role from  FOLLOWER to CANDIDATE at term 31 for changeToCandidate
2019-10-17 07:41:32,488 [Thread-510] INFO  impl.RoleInfo (RoleInfo.java:updateAndGet(143)) - cbde3520-0cea-4357-bb04-1a0ae64b2bb1: start LeaderElection
2019-10-17 07:41:32,512 [cbde3520-0cea-4357-bb04-1a0ae64b2bb1@group-7EB39FB5DF22-LeaderElection45] INFO  impl.LeaderElection (LeaderElection.java:askForVotes(178)) - cbde3520-0cea-4357-bb04-1a0ae64b2bb1@group-7EB39FB5DF22-LeaderElection45: begin an election at term 32 for -1: [40d2d32e-dd25-45df-8070-f9dc56ccf0a7:192.168.34.62:41633, cbde3520-0cea-4357-bb04-1a0ae64b2bb1:192.168.34.62:41642, 443b071d-6096-48d6-bfe7-498b7c8032c0:192.168.34.62:46516], old=null
2019-10-17 07:41:32,516 [grpc-default-executor-1] INFO  impl.RaftServerImpl (RaftServerImpl.java:setRole(184)) - 40d2d32e-dd25-45df-8070-f9dc56ccf0a7@group-7EB39FB5DF22: changes role from  FOLLOWER to FOLLOWER at term 32 for recognizeCandidate:cbde3520-0cea-4357-bb04-1a0ae64b2bb1
2019-10-17 07:41:32,516 [grpc-default-executor-4] INFO  impl.RaftServerImpl (RaftServerImpl.java:setRole(184)) - 443b071d-6096-48d6-bfe7-498b7c8032c0@group-7EB39FB5DF22: changes role from  FOLLOWER to FOLLOWER at term 32 for recognizeCandidate:cbde3520-0cea-4357-bb04-1a0ae64b2bb1
2019-10-17 07:41:32,516 [grpc-default-executor-1] INFO  impl.RoleInfo (RoleInfo.java:shutdownFollowerState(121)) - 40d2d32e-dd25-45df-8070-f9dc56ccf0a7: shutdown FollowerState
2019-10-17 07:41:32,516 [grpc-default-executor-4] INFO  impl.RoleInfo (RoleInfo.java:shutdownFollowerState(121)) - 443b071d-6096-48d6-bfe7-498b7c8032c0: shutdown FollowerState
2019-10-17 07:41:32,517 [Thread-508] INFO  impl.FollowerState (FollowerState.java:run(117)) - 40d2d32e-dd25-45df-8070-f9dc56ccf0a7@group-7EB39FB5DF22-FollowerState was interrupted: java.lang.InterruptedException: sleep interrupted
2019-10-17 07:41:32,517 [grpc-default-executor-1] INFO  impl.RoleInfo (RoleInfo.java:updateAndGet(143)) - 40d2d32e-dd25-45df-8070-f9dc56ccf0a7: start FollowerState
2019-10-17 07:41:32,517 [Thread-509] INFO  impl.FollowerState (FollowerState.java:run(117)) - 443b071d-6096-48d6-bfe7-498b7c8032c0@group-7EB39FB5DF22-FollowerState was interrupted: java.lang.InterruptedException: sleep interrupted
2019-10-17 07:41:32,517 [grpc-default-executor-4] INFO  impl.RoleInfo (RoleInfo.java:updateAndGet(143)) - 443b071d-6096-48d6-bfe7-498b7c8032c0: start FollowerState
2019-10-17 07:41:32,542 [cbde3520-0cea-4357-bb04-1a0ae64b2bb1@group-7EB39FB5DF22-LeaderElection45] INFO  impl.LeaderElection (LeaderElection.java:logAndReturn(56)) - cbde3520-0cea-4357-bb04-1a0ae64b2bb1@group-7EB39FB5DF22-LeaderElection45: Election REJECTED; received 2 response(s) [cbde3520-0cea-4357-bb04-1a0ae64b2bb1<-40d2d32e-dd25-45df-8070-f9dc56ccf0a7#0:FAIL-t32, cbde3520-0cea-4357-bb04-1a0ae64b2bb1<-443b071d-6096-48d6-bfe7-498b7c8032c0#0:FAIL-t32] and 0 exception(s); cbde3520-0cea-4357-bb04-1a0ae64b2bb1@group-7EB39FB5DF22:t32, leader=null, voted=cbde3520-0cea-4357-bb04-1a0ae64b2bb1, raftlog=cbde3520-0cea-4357-bb04-1a0ae64b2bb1@group-7EB39FB5DF22-SegmentedRaftLog:OPENED:c-1,f-1,i0, conf=-1: [40d2d32e-dd25-45df-8070-f9dc56ccf0a7:192.168.34.62:41633, cbde3520-0cea-4357-bb04-1a0ae64b2bb1:192.168.34.62:41642, 443b071d-6096-48d6-bfe7-498b7c8032c0:192.168.34.62:46516], old=null
2019-10-17 07:41:32,543 [cbde3520-0cea-4357-bb04-1a0ae64b2bb1@group-7EB39FB5DF22-LeaderElection45] INFO  impl.RaftServerImpl (RaftServerImpl.java:setRole(184)) - cbde3520-0cea-4357-bb04-1a0ae64b2bb1@group-7EB39FB5DF22: changes role from CANDIDATE to FOLLOWER at term 32 for DISCOVERED_A_NEW_TERM
2019-10-17 07:41:32,543 [cbde3520-0cea-4357-bb04-1a0ae64b2bb1@group-7EB39FB5DF22-LeaderElection45] INFO  impl.RoleInfo (RoleInfo.java:shutdownLeaderElection(134)) - cbde3520-0cea-4357-bb04-1a0ae64b2bb1: shutdown LeaderElection
2019-10-17 07:41:32,543 [cbde3520-0cea-4357-bb04-1a0ae64b2bb1@group-7EB39FB5DF22-LeaderElection45] INFO  impl.RoleInfo (RoleInfo.java:updateAndGet(143)) - cbde3520-0cea-4357-bb04-1a0ae64b2bb1: start FollowerState
2019-10-17 07:41:32,673 [Thread-516] INFO  impl.FollowerState (FollowerState.java:run(108)) - cbde3520-0cea-4357-bb04-1a0ae64b2bb1@group-7EB39FB5DF22-FollowerState: change to CANDIDATE, lastRpcTime:130ms, electionTimeout:130ms
2019-10-17 07:41:32,674 [Thread-516] INFO  impl.RoleInfo (RoleInfo.java:shutdownFollowerState(121)) - cbde3520-0cea-4357-bb04-1a0ae64b2bb1: shutdown FollowerState
2019-10-17 07:41:32,674 [Thread-516] INFO  impl.RaftServerImpl (RaftServerImpl.java:setRole(184)) - cbde3520-0cea-4357-bb04-1a0ae64b2bb1@group-7EB39FB5DF22: changes role from  FOLLOWER to CANDIDATE at term 32 for changeToCandidate
2019-10-17 07:41:32,674 [Thread-516] INFO  impl.RoleInfo (RoleInfo.java:updateAndGet(143)) - cbde3520-0cea-4357-bb04-1a0ae64b2bb1: start LeaderElection
2019-10-17 07:41:32,698 [cbde3520-0cea-4357-bb04-1a0ae64b2bb1@group-7EB39FB5DF22-LeaderElection46] INFO  impl.LeaderElection (LeaderElection.java:askForVotes(178)) - cbde3520-0cea-4357-bb04-1a0ae64b2bb1@group-7EB39FB5DF22-LeaderElection46: begin an election at term 33 for -1: [40d2d32e-dd25-45df-8070-f9dc56ccf0a7:192.168.34.62:41633, cbde3520-0cea-4357-bb04-1a0ae64b2bb1:192.168.34.62:41642, 443b071d-6096-48d6-bfe7-498b7c8032c0:192.168.34.62:46516], old=null
2019-10-17 07:41:32,701 [grpc-default-executor-1] INFO  impl.RaftServerImpl (RaftServerImpl.java:setRole(184)) - 40d2d32e-dd25-45df-8070-f9dc56ccf0a7@group-7EB39FB5DF22: changes role from  FOLLOWER to FOLLOWER at term 33 for recognizeCandidate:cbde3520-0cea-4357-bb04-1a0ae64b2bb1
2019-10-17 07:41:32,702 [grpc-default-executor-1] INFO  impl.RoleInfo (RoleInfo.java:shutdownFollowerState(121)) - 40d2d32e-dd25-45df-8070-f9dc56ccf0a7: shutdown FollowerState
2019-10-17 07:41:32,702 [grpc-default-executor-4] INFO  impl.RaftServerImpl (RaftServerImpl.java:setRole(184)) - 443b071d-6096-48d6-bfe7-498b7c8032c0@group-7EB39FB5DF22: changes role from  FOLLOWER to FOLLOWER at term 33 for recognizeCandidate:cbde3520-0cea-4357-bb04-1a0ae64b2bb1
2019-10-17 07:41:32,702 [grpc-default-executor-1] INFO  impl.RoleInfo (RoleInfo.java:updateAndGet(143)) - 40d2d32e-dd25-45df-8070-f9dc56ccf0a7: start FollowerState
2019-10-17 07:41:32,702 [Thread-514] INFO  impl.FollowerState (FollowerState.java:run(117)) - 40d2d32e-dd25-45df-8070-f9dc56ccf0a7@group-7EB39FB5DF22-FollowerState was interrupted: java.lang.InterruptedException: sleep interrupted
2019-10-17 07:41:32,702 [grpc-default-executor-4] INFO  impl.RoleInfo (RoleInfo.java:shutdownFollowerState(121)) - 443b071d-6096-48d6-bfe7-498b7c8032c0: shutdown FollowerState
2019-10-17 07:41:32,703 [grpc-default-executor-4] INFO  impl.RoleInfo (RoleInfo.java:updateAndGet(143)) - 443b071d-6096-48d6-bfe7-498b7c8032c0: start FollowerState
2019-10-17 07:41:32,703 [Thread-515] INFO  impl.FollowerState (FollowerState.java:run(117)) - 443b071d-6096-48d6-bfe7-498b7c8032c0@group-7EB39FB5DF22-FollowerState was interrupted: java.lang.InterruptedException: sleep interrupted
2019-10-17 07:41:32,728 [cbde3520-0cea-4357-bb04-1a0ae64b2bb1@group-7EB39FB5DF22-LeaderElection46] INFO  impl.LeaderElection (LeaderElection.java:logAndReturn(56)) - cbde3520-0cea-4357-bb04-1a0ae64b2bb1@group-7EB39FB5DF22-LeaderElection46: Election REJECTED; received 2 response(s) [cbde3520-0cea-4357-bb04-1a0ae64b2bb1<-40d2d32e-dd25-45df-8070-f9dc56ccf0a7#0:FAIL-t33, cbde3520-0cea-4357-bb04-1a0ae64b2bb1<-443b071d-6096-48d6-bfe7-498b7c8032c0#0:FAIL-t33] and 0 exception(s); cbde3520-0cea-4357-bb04-1a0ae64b2bb1@group-7EB39FB5DF22:t33, leader=null, voted=cbde3520-0cea-4357-bb04-1a0ae64b2bb1, raftlog=cbde3520-0cea-4357-bb04-1a0ae64b2bb1@group-7EB39FB5DF22-SegmentedRaftLog:OPENED:c-1,f-1,i0, conf=-1: [40d2d32e-dd25-45df-8070-f9dc56ccf0a7:192.168.34.62:41633, cbde3520-0cea-4357-bb04-1a0ae64b2bb1:192.168.34.62:41642, 443b071d-6096-48d6-bfe7-498b7c8032c0:192.168.34.62:46516], old=null
2019-10-17 07:41:32,728 [cbde3520-0cea-4357-bb04-1a0ae64b2bb1@group-7EB39FB5DF22-LeaderElection46] INFO  impl.RaftServerImpl (RaftServerImpl.java:setRole(184)) - cbde3520-0cea-4357-bb04-1a0ae64b2bb1@group-7EB39FB5DF22: changes role from CANDIDATE to FOLLOWER at term 33 for DISCOVERED_A_NEW_TERM
2019-10-17 07:41:32,728 [cbde3520-0cea-4357-bb04-1a0ae64b2bb1@group-7EB39FB5DF22-LeaderElection46] INFO  impl.RoleInfo (RoleInfo.java:shutdownLeaderElection(134)) - cbde3520-0cea-4357-bb04-1a0ae64b2bb1: shutdown LeaderElection
2019-10-17 07:41:32,728 [cbde3520-0cea-4357-bb04-1a0ae64b2bb1@group-7EB39FB5DF22-LeaderElection46] INFO  impl.RoleInfo (RoleInfo.java:updateAndGet(143)) - cbde3520-0cea-4357-bb04-1a0ae64b2bb1: start FollowerState
2019-10-17 07:41:32,849 [Thread-522] INFO  impl.FollowerState (FollowerState.java:run(108)) - cbde3520-0cea-4357-bb04-1a0ae64b2bb1@group-7EB39FB5DF22-FollowerState: change to CANDIDATE, lastRpcTime:120ms, electionTimeout:120ms
2019-10-17 07:41:32,849 [Thread-522] INFO  impl.RoleInfo (RoleInfo.java:shutdownFollowerState(121)) - cbde3520-0cea-4357-bb04-1a0ae64b2bb1: shutdown FollowerState
2019-10-17 07:41:32,849 [Thread-522] INFO  impl.RaftServerImpl (RaftServerImpl.java:setRole(184)) - cbde3520-0cea-4357-bb04-1a0ae64b2bb1@group-7EB39FB5DF22: changes role from  FOLLOWER to CANDIDATE at term 33 for changeToCandidate
2019-10-17 07:41:32,850 [Thread-522] INFO  impl.RoleInfo (RoleInfo.java:updateAndGet(143)) - cbde3520-0cea-4357-bb04-1a0ae64b2bb1: start LeaderElection
2019-10-17 07:41:32,887 [cbde3520-0cea-4357-bb04-1a0ae64b2bb1@group-7EB39FB5DF22-LeaderElection47] INFO  impl.LeaderElection (LeaderElection.java:askForVotes(178)) - cbde3520-0cea-4357-bb04-1a0ae64b2bb1@group-7EB39FB5DF22-LeaderElection47: begin an election at term 34 for -1: [40d2d32e-dd25-45df-8070-f9dc56ccf0a7:192.168.34.62:41633, cbde3520-0cea-4357-bb04-1a0ae64b2bb1:192.168.34.62:41642, 443b071d-6096-48d6-bfe7-498b7c8032c0:192.168.34.62:46516], old=null
2019-10-17 07:41:32,890 [grpc-default-executor-1] INFO  impl.RaftServerImpl (RaftServerImpl.java:setRole(184)) - 443b071d-6096-48d6-bfe7-498b7c8032c0@group-7EB39FB5DF22: changes role from  FOLLOWER to FOLLOWER at term 34 for recognizeCandidate:cbde3520-0cea-4357-bb04-1a0ae64b2bb1
2019-10-17 07:41:32,890 [grpc-default-executor-1] INFO  impl.RoleInfo (RoleInfo.java:shutdownFollowerState(121)) - 443b071d-6096-48d6-bfe7-498b7c8032c0: shutdown FollowerState
2019-10-17 07:41:32,890 [Thread-521] INFO  impl.FollowerState (FollowerState.java:run(117)) - 443b071d-6096-48d6-bfe7-498b7c8032c0@group-7EB39FB5DF22-FollowerState was interrupted: java.lang.InterruptedException: sleep interrupted
2019-10-17 07:41:32,890 [grpc-default-executor-4] INFO  impl.RaftServerImpl (RaftServerImpl.java:setRole(184)) - 40d2d32e-dd25-45df-8070-f9dc56ccf0a7@group-7EB39FB5DF22: changes role from  FOLLOWER to FOLLOWER at term 34 for recognizeCandidate:cbde3520-0cea-4357-bb04-1a0ae64b2bb1
2019-10-17 07:41:32,890 [grpc-default-executor-1] INFO  impl.RoleInfo (RoleInfo.java:updateAndGet(143)) - 443b071d-6096-48d6-bfe7-498b7c8032c0: start FollowerState
2019-10-17 07:41:32,891 [grpc-default-executor-4] INFO  impl.RoleInfo (RoleInfo.java:shutdownFollowerState(121)) - 40d2d32e-dd25-45df-8070-f9dc56ccf0a7: shutdown FollowerState
2019-10-17 07:41:32,891 [grpc-default-executor-4] INFO  impl.RoleInfo (RoleInfo.java:updateAndGet(143)) - 40d2d32e-dd25-45df-8070-f9dc56ccf0a7: start FollowerState
2019-10-17 07:41:32,891 [Thread-520] INFO  impl.FollowerState (FollowerState.java:run(117)) - 40d2d32e-dd25-45df-8070-f9dc56ccf0a7@group-7EB39FB5DF22-FollowerState was interrupted: java.lang.InterruptedException: sleep interrupted
2019-10-17 07:41:32,915 [cbde3520-0cea-4357-bb04-1a0ae64b2bb1@group-7EB39FB5DF22-LeaderElection47] INFO  impl.LeaderElection (LeaderElection.java:logAndReturn(56)) - cbde3520-0cea-4357-bb04-1a0ae64b2bb1@group-7EB39FB5DF22-LeaderElection47: Election REJECTED; received 2 response(s) [cbde3520-0cea-4357-bb04-1a0ae64b2bb1<-40d2d32e-dd25-45df-8070-f9dc56ccf0a7#0:FAIL-t34, cbde3520-0cea-4357-bb04-1a0ae64b2bb1<-443b071d-6096-48d6-bfe7-498b7c8032c0#0:FAIL-t34] and 0 exception(s); cbde3520-0cea-4357-bb04-1a0ae64b2bb1@group-7EB39FB5DF22:t34, leader=null, voted=cbde3520-0cea-4357-bb04-1a0ae64b2bb1, raftlog=cbde3520-0cea-4357-bb04-1a0ae64b2bb1@group-7EB39FB5DF22-SegmentedRaftLog:OPENED:c-1,f-1,i0, conf=-1: [40d2d32e-dd25-45df-8070-f9dc56ccf0a7:192.168.34.62:41633, cbde3520-0cea-4357-bb04-1a0ae64b2bb1:192.168.34.62:41642, 443b071d-6096-48d6-bfe7-498b7c8032c0:192.168.34.62:46516], old=null
2019-10-17 07:41:32,915 [cbde3520-0cea-4357-bb04-1a0ae64b2bb1@group-7EB39FB5DF22-LeaderElection47] INFO  impl.RaftServerImpl (RaftServerImpl.java:setRole(184)) - cbde3520-0cea-4357-bb04-1a0ae64b2bb1@group-7EB39FB5DF22: changes role from CANDIDATE to FOLLOWER at term 34 for DISCOVERED_A_NEW_TERM
2019-10-17 07:41:32,915 [cbde3520-0cea-4357-bb04-1a0ae64b2bb1@group-7EB39FB5DF22-LeaderElection47] INFO  impl.RoleInfo (RoleInfo.java:shutdownLeaderElection(134)) - cbde3520-0cea-4357-bb04-1a0ae64b2bb1: shutdown LeaderElection
2019-10-17 07:41:32,915 [cbde3520-0cea-4357-bb04-1a0ae64b2bb1@group-7EB39FB5DF22-LeaderElection47] INFO  impl.RoleInfo (RoleInfo.java:updateAndGet(143)) - cbde3520-0cea-4357-bb04-1a0ae64b2bb1: start FollowerState
2019-10-17 07:41:33,037 [Thread-528] INFO  impl.FollowerState (FollowerState.java:run(108)) - cbde3520-0cea-4357-bb04-1a0ae64b2bb1@group-7EB39FB5DF22-FollowerState: change to CANDIDATE, lastRpcTime:121ms, electionTimeout:121ms
2019-10-17 07:41:33,037 [Thread-528] INFO  impl.RoleInfo (RoleInfo.java:shutdownFollowerState(121)) - cbde3520-0cea-4357-bb04-1a0ae64b2bb1: shutdown FollowerState
2019-10-17 07:41:33,037 [Thread-528] INFO  impl.RaftServerImpl (RaftServerImpl.java:setRole(184)) - cbde3520-0cea-4357-bb04-1a0ae64b2bb1@group-7EB39FB5DF22: changes role from  FOLLOWER to CANDIDATE at term 34 for changeToCandidate
2019-10-17 07:41:33,037 [Thread-528] INFO  impl.RoleInfo (RoleInfo.java:updateAndGet(143)) - cbde3520-0cea-4357-bb04-1a0ae64b2bb1: start LeaderElection
2019-10-17 07:41:33,063 [cbde3520-0cea-4357-bb04-1a0ae64b2bb1@group-7EB39FB5DF22-LeaderElection48] INFO  impl.LeaderElection (LeaderElection.java:askForVotes(178)) - cbde3520-0cea-4357-bb04-1a0ae64b2bb1@group-7EB39FB5DF22-LeaderElection48: begin an election at term 35 for -1: [40d2d32e-dd25-45df-8070-f9dc56ccf0a7:192.168.34.62:41633, cbde3520-0cea-4357-bb04-1a0ae64b2bb1:192.168.34.62:41642, 443b071d-6096-48d6-bfe7-498b7c8032c0:192.168.34.62:46516], old=null
2019-10-17 07:41:33,069 [grpc-default-executor-4] INFO  impl.RaftServerImpl (RaftServerImpl.java:setRole(184)) - 443b071d-6096-48d6-bfe7-498b7c8032c0@group-7EB39FB5DF22: changes role from  FOLLOWER to FOLLOWER at term 35 for recognizeCandidate:cbde3520-0cea-4357-bb04-1a0ae64b2bb1
2019-10-17 07:41:33,069 [grpc-default-executor-1] INFO  impl.RaftServerImpl (RaftServerImpl.java:setRole(184)) - 40d2d32e-dd25-45df-8070-f9dc56ccf0a7@group-7EB39FB5DF22: changes role from  FOLLOWER to FOLLOWER at term 35 for recognizeCandidate:cbde3520-0cea-4357-bb04-1a0ae64b2bb1
2019-10-17 07:41:33,069 [grpc-default-executor-4] INFO  impl.RoleInfo (RoleInfo.java:shutdownFollowerState(121)) - 443b071d-6096-48d6-bfe7-498b7c8032c0: shutdown FollowerState
2019-10-17 07:41:33,069 [grpc-default-executor-1] INFO  impl.RoleInfo (RoleInfo.java:shutdownFollowerState(121)) - 40d2d32e-dd25-45df-8070-f9dc56ccf0a7: shutdown FollowerState
2019-10-17 07:41:33,069 [Thread-526] INFO  impl.FollowerState (FollowerState.java:run(117)) - 443b071d-6096-48d6-bfe7-498b7c8032c0@group-7EB39FB5DF22-FollowerState was interrupted: java.lang.InterruptedException: sleep interrupted
2019-10-17 07:41:33,070 [Thread-527] INFO  impl.FollowerState (FollowerState.java:run(117)) - 40d2d32e-dd25-45df-8070-f9dc56ccf0a7@group-7EB39FB5DF22-FollowerState was interrupted: java.lang.InterruptedException: sleep interrupted
2019-10-17 07:41:33,070 [grpc-default-executor-1] INFO  impl.RoleInfo (RoleInfo.java:updateAndGet(143)) - 40d2d32e-dd25-45df-8070-f9dc56ccf0a7: start FollowerState
2019-10-17 07:41:33,069 [grpc-default-executor-4] INFO  impl.RoleInfo (RoleInfo.java:updateAndGet(143)) - 443b071d-6096-48d6-bfe7-498b7c8032c0: start FollowerState
2019-10-17 07:41:33,099 [cbde3520-0cea-4357-bb04-1a0ae64b2bb1@group-7EB39FB5DF22-LeaderElection48] INFO  impl.LeaderElection (LeaderElection.java:logAndReturn(56)) - cbde3520-0cea-4357-bb04-1a0ae64b2bb1@group-7EB39FB5DF22-LeaderElection48: Election REJECTED; received 2 response(s) [cbde3520-0cea-4357-bb04-1a0ae64b2bb1<-40d2d32e-dd25-45df-8070-f9dc56ccf0a7#0:FAIL-t35, cbde3520-0cea-4357-bb04-1a0ae64b2bb1<-443b071d-6096-48d6-bfe7-498b7c8032c0#0:FAIL-t35] and 0 exception(s); cbde3520-0cea-4357-bb04-1a0ae64b2bb1@group-7EB39FB5DF22:t35, leader=null, voted=cbde3520-0cea-4357-bb04-1a0ae64b2bb1, raftlog=cbde3520-0cea-4357-bb04-1a0ae64b2bb1@group-7EB39FB5DF22-SegmentedRaftLog:OPENED:c-1,f-1,i0, conf=-1: [40d2d32e-dd25-45df-8070-f9dc56ccf0a7:192.168.34.62:41633, cbde3520-0cea-4357-bb04-1a0ae64b2bb1:192.168.34.62:41642, 443b071d-6096-48d6-bfe7-498b7c8032c0:192.168.34.62:46516], old=null
2019-10-17 07:41:33,099 [cbde3520-0cea-4357-bb04-1a0ae64b2bb1@group-7EB39FB5DF22-LeaderElection48] INFO  impl.RaftServerImpl (RaftServerImpl.java:setRole(184)) - cbde3520-0cea-4357-bb04-1a0ae64b2bb1@group-7EB39FB5DF22: changes role from CANDIDATE to FOLLOWER at term 35 for DISCOVERED_A_NEW_TERM
2019-10-17 07:41:33,099 [cbde3520-0cea-4357-bb04-1a0ae64b2bb1@group-7EB39FB5DF22-LeaderElection48] INFO  impl.RoleInfo (RoleInfo.java:shutdownLeaderElection(134)) - cbde3520-0cea-4357-bb04-1a0ae64b2bb1: shutdown LeaderElection
2019-10-17 07:41:33,099 [cbde3520-0cea-4357-bb04-1a0ae64b2bb1@group-7EB39FB5DF22-LeaderElection48] INFO  impl.RoleInfo (RoleInfo.java:updateAndGet(143)) - cbde3520-0cea-4357-bb04-1a0ae64b2bb1: start FollowerState
2019-10-17 07:41:33,100 [Thread-534] INFO  impl.FollowerState (FollowerState.java:run(108)) - cbde3520-0cea-4357-bb04-1a0ae64b2bb1@group-7EB39FB5DF22-FollowerState: change to CANDIDATE, lastRpcTime:0ms, electionTimeout:0ms
2019-10-17 07:41:33,100 [Thread-534] INFO  impl.RoleInfo (RoleInfo.java:shutdownFollowerState(121)) - cbde3520-0cea-4357-bb04-1a0ae64b2bb1: shutdown FollowerState
2019-10-17 07:41:33,100 [Thread-534] INFO  impl.RaftServerImpl (RaftServerImpl.java:setRole(184)) - cbde3520-0cea-4357-bb04-1a0ae64b2bb1@group-7EB39FB5DF22: changes role from  FOLLOWER to CANDIDATE at term 35 for changeToCandidate
2019-10-17 07:41:33,100 [Thread-534] INFO  impl.RoleInfo (RoleInfo.java:updateAndGet(143)) - cbde3520-0cea-4357-bb04-1a0ae64b2bb1: start LeaderElection
2019-10-17 07:41:33,122 [cbde3520-0cea-4357-bb04-1a0ae64b2bb1@group-7EB39FB5DF22-LeaderElection49] INFO  impl.LeaderElection (LeaderElection.java:askForVotes(178)) - cbde3520-0cea-4357-bb04-1a0ae64b2bb1@group-7EB39FB5DF22-LeaderElection49: begin an election at term 36 for -1: [40d2d32e-dd25-45df-8070-f9dc56ccf0a7:192.168.34.62:41633, cbde3520-0cea-4357-bb04-1a0ae64b2bb1:192.168.34.62:41642, 443b071d-6096-48d6-bfe7-498b7c8032c0:192.168.34.62:46516], old=null
2019-10-17 07:41:33,125 [grpc-default-executor-1] INFO  impl.RaftServerImpl (RaftServerImpl.java:setRole(184)) - 40d2d32e-dd25-45df-8070-f9dc56ccf0a7@group-7EB39FB5DF22: changes role from  FOLLOWER to FOLLOWER at term 36 for recognizeCandidate:cbde3520-0cea-4357-bb04-1a0ae64b2bb1
2019-10-17 07:41:33,125 [grpc-default-executor-1] INFO  impl.RoleInfo (RoleInfo.java:shutdownFollowerState(121)) - 40d2d32e-dd25-45df-8070-f9dc56ccf0a7: shutdown FollowerState
2019-10-17 07:41:33,125 [grpc-default-executor-4] INFO  impl.RaftServerImpl (RaftServerImpl.java:setRole(184)) - 443b071d-6096-48d6-bfe7-498b7c8032c0@group-7EB39FB5DF22: changes role from  FOLLOWER to FOLLOWER at term 36 for recognizeCandidate:cbde3520-0cea-4357-bb04-1a0ae64b2bb1
2019-10-17 07:41:33,126 [Thread-533] INFO  impl.FollowerState (FollowerState.java:run(117)) - 40d2d32e-dd25-45df-8070-f9dc56ccf0a7@group-7EB39FB5DF22-FollowerState was interrupted: java.lang.InterruptedException: sleep interrupted
2019-10-17 07:41:33,126 [grpc-default-executor-1] INFO  impl.RoleInfo (RoleInfo.java:updateAndGet(143)) - 40d2d32e-dd25-45df-8070-f9dc56ccf0a7: start FollowerState
2019-10-17 07:41:33,126 [grpc-default-executor-4] INFO  impl.RoleInfo (RoleInfo.java:shutdownFollowerState(121)) - 443b071d-6096-48d6-bfe7-498b7c8032c0: shutdown FollowerState
2019-10-17 07:41:33,126 [grpc-default-executor-4] INFO  impl.RoleInfo (RoleInfo.java:updateAndGet(143)) - 443b071d-6096-48d6-bfe7-498b7c8032c0: start FollowerState
2019-10-17 07:41:33,126 [Thread-532] INFO  impl.FollowerState (FollowerState.java:run(117)) - 443b071d-6096-48d6-bfe7-498b7c8032c0@group-7EB39FB5DF22-FollowerState was interrupted: java.lang.InterruptedException: sleep interrupted
2019-10-17 07:41:33,141 [cbde3520-0cea-4357-bb04-1a0ae64b2bb1@group-7EB39FB5DF22-LeaderElection49] INFO  impl.LeaderElection (LeaderElection.java:logAndReturn(56)) - cbde3520-0cea-4357-bb04-1a0ae64b2bb1@group-7EB39FB5DF22-LeaderElection49: Election REJECTED; received 2 response(s) [cbde3520-0cea-4357-bb04-1a0ae64b2bb1<-40d2d32e-dd25-45df-8070-f9dc56ccf0a7#0:FAIL-t36, cbde3520-0cea-4357-bb04-1a0ae64b2bb1<-443b071d-6096-48d6-bfe7-498b7c8032c0#0:FAIL-t36] and 0 exception(s); cbde3520-0cea-4357-bb04-1a0ae64b2bb1@group-7EB39FB5DF22:t36, leader=null, voted=cbde3520-0cea-4357-bb04-1a0ae64b2bb1, raftlog=cbde3520-0cea-4357-bb04-1a0ae64b2bb1@group-7EB39FB5DF22-SegmentedRaftLog:OPENED:c-1,f-1,i0, conf=-1: [40d2d32e-dd25-45df-8070-f9dc56ccf0a7:192.168.34.62:41633, cbde3520-0cea-4357-bb04-1a0ae64b2bb1:192.168.34.62:41642, 443b071d-6096-48d6-bfe7-498b7c8032c0:192.168.34.62:46516], old=null
2019-10-17 07:41:33,141 [cbde3520-0cea-4357-bb04-1a0ae64b2bb1@group-7EB39FB5DF22-LeaderElection49] INFO  impl.RaftServerImpl (RaftServerImpl.java:setRole(184)) - cbde3520-0cea-4357-bb04-1a0ae64b2bb1@group-7EB39FB5DF22: changes role from CANDIDATE to FOLLOWER at term 36 for DISCOVERED_A_NEW_TERM
2019-10-17 07:41:33,142 [cbde3520-0cea-4357-bb04-1a0ae64b2bb1@group-7EB39FB5DF22-LeaderElection49] INFO  impl.RoleInfo (RoleInfo.java:shutdownLeaderElection(134)) - cbde3520-0cea-4357-bb04-1a0ae64b2bb1: shutdown LeaderElection
2019-10-17 07:41:33,142 [cbde3520-0cea-4357-bb04-1a0ae64b2bb1@group-7EB39FB5DF22-LeaderElection49] INFO  impl.RoleInfo (RoleInfo.java:updateAndGet(143)) - cbde3520-0cea-4357-bb04-1a0ae64b2bb1: start FollowerState
2019-10-17 07:41:33,203 [main] INFO  ozone.MiniOzoneClusterImpl (MiniOzoneClusterImpl.java:lambda$waitForClusterToBeReady$2(164)) - Waiting for 1 number of pipelines out of 5, to report a leader.
2019-10-17 07:41:33,214 [Thread-540] INFO  impl.FollowerState (FollowerState.java:run(108)) - cbde3520-0cea-4357-bb04-1a0ae64b2bb1@group-7EB39FB5DF22-FollowerState: change to CANDIDATE, lastRpcTime:72ms, electionTimeout:72ms
2019-10-17 07:41:33,214 [Thread-540] INFO  impl.RoleInfo (RoleInfo.java:shutdownFollowerState(121)) - cbde3520-0cea-4357-bb04-1a0ae64b2bb1: shutdown FollowerState
2019-10-17 07:41:33,215 [Thread-540] INFO  impl.RaftServerImpl (RaftServerImpl.java:setRole(184)) - cbde3520-0cea-4357-bb04-1a0ae64b2bb1@group-7EB39FB5DF22: changes role from  FOLLOWER to CANDIDATE at term 36 for changeToCandidate
2019-10-17 07:41:33,215 [Thread-540] INFO  impl.RoleInfo (RoleInfo.java:updateAndGet(143)) - cbde3520-0cea-4357-bb04-1a0ae64b2bb1: start LeaderElection
2019-10-17 07:41:33,239 [cbde3520-0cea-4357-bb04-1a0ae64b2bb1@group-7EB39FB5DF22-LeaderElection50] INFO  impl.LeaderElection (LeaderElection.java:askForVotes(178)) - cbde3520-0cea-4357-bb04-1a0ae64b2bb1@group-7EB39FB5DF22-LeaderElection50: begin an election at term 37 for -1: [40d2d32e-dd25-45df-8070-f9dc56ccf0a7:192.168.34.62:41633, cbde3520-0cea-4357-bb04-1a0ae64b2bb1:192.168.34.62:41642, 443b071d-6096-48d6-bfe7-498b7c8032c0:192.168.34.62:46516], old=null
2019-10-17 07:41:33,244 [grpc-default-executor-1] INFO  impl.RaftServerImpl (RaftServerImpl.java:setRole(184)) - 443b071d-6096-48d6-bfe7-498b7c8032c0@group-7EB39FB5DF22: changes role from  FOLLOWER to FOLLOWER at term 37 for recognizeCandidate:cbde3520-0cea-4357-bb04-1a0ae64b2bb1
2019-10-17 07:41:33,244 [grpc-default-executor-1] INFO  impl.RoleInfo (RoleInfo.java:shutdownFollowerState(121)) - 443b071d-6096-48d6-bfe7-498b7c8032c0: shutdown FollowerState
2019-10-17 07:41:33,244 [grpc-default-executor-4] INFO  impl.RaftServerImpl (RaftServerImpl.java:setRole(184)) - 40d2d32e-dd25-45df-8070-f9dc56ccf0a7@group-7EB39FB5DF22: changes role from  FOLLOWER to FOLLOWER at term 37 for recognizeCandidate:cbde3520-0cea-4357-bb04-1a0ae64b2bb1
2019-10-17 07:41:33,244 [Thread-539] INFO  impl.FollowerState (FollowerState.java:run(117)) - 443b071d-6096-48d6-bfe7-498b7c8032c0@group-7EB39FB5DF22-FollowerState was interrupted: java.lang.InterruptedException: sleep interrupted
2019-10-17 07:41:33,244 [grpc-default-executor-1] INFO  impl.RoleInfo (RoleInfo.java:updateAndGet(143)) - 443b071d-6096-48d6-bfe7-498b7c8032c0: start FollowerState
2019-10-17 07:41:33,244 [grpc-default-executor-4] INFO  impl.RoleInfo (RoleInfo.java:shutdownFollowerState(121)) - 40d2d32e-dd25-45df-8070-f9dc56ccf0a7: shutdown FollowerState
2019-10-17 07:41:33,245 [grpc-default-executor-4] INFO  impl.RoleInfo (RoleInfo.java:updateAndGet(143)) - 40d2d32e-dd25-45df-8070-f9dc56ccf0a7: start FollowerState
2019-10-17 07:41:33,245 [Thread-538] INFO  impl.FollowerState (FollowerState.java:run(117)) - 40d2d32e-dd25-45df-8070-f9dc56ccf0a7@group-7EB39FB5DF22-FollowerState was interrupted: java.lang.InterruptedException: sleep interrupted
2019-10-17 07:41:33,269 [cbde3520-0cea-4357-bb04-1a0ae64b2bb1@group-7EB39FB5DF22-LeaderElection50] INFO  impl.LeaderElection (LeaderElection.java:logAndReturn(56)) - cbde3520-0cea-4357-bb04-1a0ae64b2bb1@group-7EB39FB5DF22-LeaderElection50: Election REJECTED; received 2 response(s) [cbde3520-0cea-4357-bb04-1a0ae64b2bb1<-40d2d32e-dd25-45df-8070-f9dc56ccf0a7#0:FAIL-t37, cbde3520-0cea-4357-bb04-1a0ae64b2bb1<-443b071d-6096-48d6-bfe7-498b7c8032c0#0:FAIL-t37] and 0 exception(s); cbde3520-0cea-4357-bb04-1a0ae64b2bb1@group-7EB39FB5DF22:t37, leader=null, voted=cbde3520-0cea-4357-bb04-1a0ae64b2bb1, raftlog=cbde3520-0cea-4357-bb04-1a0ae64b2bb1@group-7EB39FB5DF22-SegmentedRaftLog:OPENED:c-1,f-1,i0, conf=-1: [40d2d32e-dd25-45df-8070-f9dc56ccf0a7:192.168.34.62:41633, cbde3520-0cea-4357-bb04-1a0ae64b2bb1:192.168.34.62:41642, 443b071d-6096-48d6-bfe7-498b7c8032c0:192.168.34.62:46516], old=null
2019-10-17 07:41:33,269 [cbde3520-0cea-4357-bb04-1a0ae64b2bb1@group-7EB39FB5DF22-LeaderElection50] INFO  impl.RaftServerImpl (RaftServerImpl.java:setRole(184)) - cbde3520-0cea-4357-bb04-1a0ae64b2bb1@group-7EB39FB5DF22: changes role from CANDIDATE to FOLLOWER at term 37 for DISCOVERED_A_NEW_TERM
2019-10-17 07:41:33,270 [cbde3520-0cea-4357-bb04-1a0ae64b2bb1@group-7EB39FB5DF22-LeaderElection50] INFO  impl.RoleInfo (RoleInfo.java:shutdownLeaderElection(134)) - cbde3520-0cea-4357-bb04-1a0ae64b2bb1: shutdown LeaderElection
2019-10-17 07:41:33,270 [cbde3520-0cea-4357-bb04-1a0ae64b2bb1@group-7EB39FB5DF22-LeaderElection50] INFO  impl.RoleInfo (RoleInfo.java:updateAndGet(143)) - cbde3520-0cea-4357-bb04-1a0ae64b2bb1: start FollowerState
2019-10-17 07:41:33,358 [Thread-546] INFO  impl.FollowerState (FollowerState.java:run(108)) - cbde3520-0cea-4357-bb04-1a0ae64b2bb1@group-7EB39FB5DF22-FollowerState: change to CANDIDATE, lastRpcTime:88ms, electionTimeout:88ms
2019-10-17 07:41:33,358 [Thread-546] INFO  impl.RoleInfo (RoleInfo.java:shutdownFollowerState(121)) - cbde3520-0cea-4357-bb04-1a0ae64b2bb1: shutdown FollowerState
2019-10-17 07:41:33,359 [Thread-546] INFO  impl.RaftServerImpl (RaftServerImpl.java:setRole(184)) - cbde3520-0cea-4357-bb04-1a0ae64b2bb1@group-7EB39FB5DF22: changes role from  FOLLOWER to CANDIDATE at term 37 for changeToCandidate
2019-10-17 07:41:33,359 [Thread-546] INFO  impl.RoleInfo (RoleInfo.java:updateAndGet(143)) - cbde3520-0cea-4357-bb04-1a0ae64b2bb1: start LeaderElection
2019-10-17 07:41:33,391 [cbde3520-0cea-4357-bb04-1a0ae64b2bb1@group-7EB39FB5DF22-LeaderElection51] INFO  impl.LeaderElection (LeaderElection.java:askForVotes(178)) - cbde3520-0cea-4357-bb04-1a0ae64b2bb1@group-7EB39FB5DF22-LeaderElection51: begin an election at term 38 for -1: [40d2d32e-dd25-45df-8070-f9dc56ccf0a7:192.168.34.62:41633, cbde3520-0cea-4357-bb04-1a0ae64b2bb1:192.168.34.62:41642, 443b071d-6096-48d6-bfe7-498b7c8032c0:192.168.34.62:46516], old=null
2019-10-17 07:41:33,394 [grpc-default-executor-4] INFO  impl.RaftServerImpl (RaftServerImpl.java:setRole(184)) - 443b071d-6096-48d6-bfe7-498b7c8032c0@group-7EB39FB5DF22: changes role from  FOLLOWER to FOLLOWER at term 38 for recognizeCandidate:cbde3520-0cea-4357-bb04-1a0ae64b2bb1
2019-10-17 07:41:33,394 [grpc-default-executor-4] INFO  impl.RoleInfo (RoleInfo.java:shutdownFollowerState(121)) - 443b071d-6096-48d6-bfe7-498b7c8032c0: shutdown FollowerState
2019-10-17 07:41:33,394 [grpc-default-executor-4] INFO  impl.RoleInfo (RoleInfo.java:updateAndGet(143)) - 443b071d-6096-48d6-bfe7-498b7c8032c0: start FollowerState
2019-10-17 07:41:33,394 [grpc-default-executor-1] INFO  impl.RaftServerImpl (RaftServerImpl.java:setRole(184)) - 40d2d32e-dd25-45df-8070-f9dc56ccf0a7@group-7EB39FB5DF22: changes role from  FOLLOWER to FOLLOWER at term 38 for recognizeCandidate:cbde3520-0cea-4357-bb04-1a0ae64b2bb1
2019-10-17 07:41:33,394 [Thread-544] INFO  impl.FollowerState (FollowerState.java:run(117)) - 443b071d-6096-48d6-bfe7-498b7c8032c0@group-7EB39FB5DF22-FollowerState was interrupted: java.lang.InterruptedException: sleep interrupted
2019-10-17 07:41:33,395 [grpc-default-executor-1] INFO  impl.RoleInfo (RoleInfo.java:shutdownFollowerState(121)) - 40d2d32e-dd25-45df-8070-f9dc56ccf0a7: shutdown FollowerState
2019-10-17 07:41:33,395 [Thread-545] INFO  impl.FollowerState (FollowerState.java:run(117)) - 40d2d32e-dd25-45df-8070-f9dc56ccf0a7@group-7EB39FB5DF22-FollowerState was interrupted: java.lang.InterruptedException: sleep interrupted
2019-10-17 07:41:33,395 [grpc-default-executor-1] INFO  impl.RoleInfo (RoleInfo.java:updateAndGet(143)) - 40d2d32e-dd25-45df-8070-f9dc56ccf0a7: start FollowerState
2019-10-17 07:41:33,415 [cbde3520-0cea-4357-bb04-1a0ae64b2bb1@group-7EB39FB5DF22-LeaderElection51] INFO  impl.LeaderElection (LeaderElection.java:logAndReturn(56)) - cbde3520-0cea-4357-bb04-1a0ae64b2bb1@group-7EB39FB5DF22-LeaderElection51: Election REJECTED; received 2 response(s) [cbde3520-0cea-4357-bb04-1a0ae64b2bb1<-40d2d32e-dd25-45df-8070-f9dc56ccf0a7#0:FAIL-t38, cbde3520-0cea-4357-bb04-1a0ae64b2bb1<-443b071d-6096-48d6-bfe7-498b7c8032c0#0:FAIL-t38] and 0 exception(s); cbde3520-0cea-4357-bb04-1a0ae64b2bb1@group-7EB39FB5DF22:t38, leader=null, voted=cbde3520-0cea-4357-bb04-1a0ae64b2bb1, raftlog=cbde3520-0cea-4357-bb04-1a0ae64b2bb1@group-7EB39FB5DF22-SegmentedRaftLog:OPENED:c-1,f-1,i0, conf=-1: [40d2d32e-dd25-45df-8070-f9dc56ccf0a7:192.168.34.62:41633, cbde3520-0cea-4357-bb04-1a0ae64b2bb1:192.168.34.62:41642, 443b071d-6096-48d6-bfe7-498b7c8032c0:192.168.34.62:46516], old=null
2019-10-17 07:41:33,415 [cbde3520-0cea-4357-bb04-1a0ae64b2bb1@group-7EB39FB5DF22-LeaderElection51] INFO  impl.RaftServerImpl (RaftServerImpl.java:setRole(184)) - cbde3520-0cea-4357-bb04-1a0ae64b2bb1@group-7EB39FB5DF22: changes role from CANDIDATE to FOLLOWER at term 38 for DISCOVERED_A_NEW_TERM
2019-10-17 07:41:33,415 [cbde3520-0cea-4357-bb04-1a0ae64b2bb1@group-7EB39FB5DF22-LeaderElection51] INFO  impl.RoleInfo (RoleInfo.java:shutdownLeaderElection(134)) - cbde3520-0cea-4357-bb04-1a0ae64b2bb1: shutdown LeaderElection
2019-10-17 07:41:33,415 [cbde3520-0cea-4357-bb04-1a0ae64b2bb1@group-7EB39FB5DF22-LeaderElection51] INFO  impl.RoleInfo (RoleInfo.java:updateAndGet(143)) - cbde3520-0cea-4357-bb04-1a0ae64b2bb1: start FollowerState
2019-10-17 07:41:33,614 [Thread-552] INFO  impl.FollowerState (FollowerState.java:run(108)) - cbde3520-0cea-4357-bb04-1a0ae64b2bb1@group-7EB39FB5DF22-FollowerState: change to CANDIDATE, lastRpcTime:198ms, electionTimeout:198ms
2019-10-17 07:41:33,614 [Thread-552] INFO  impl.RoleInfo (RoleInfo.java:shutdownFollowerState(121)) - cbde3520-0cea-4357-bb04-1a0ae64b2bb1: shutdown FollowerState
2019-10-17 07:41:33,614 [Thread-552] INFO  impl.RaftServerImpl (RaftServerImpl.java:setRole(184)) - cbde3520-0cea-4357-bb04-1a0ae64b2bb1@group-7EB39FB5DF22: changes role from  FOLLOWER to CANDIDATE at term 38 for changeToCandidate
2019-10-17 07:41:33,614 [Thread-552] INFO  impl.RoleInfo (RoleInfo.java:updateAndGet(143)) - cbde3520-0cea-4357-bb04-1a0ae64b2bb1: start LeaderElection
2019-10-17 07:41:33,628 [cbde3520-0cea-4357-bb04-1a0ae64b2bb1@group-7EB39FB5DF22-LeaderElection52] INFO  impl.LeaderElection (LeaderElection.java:askForVotes(178)) - cbde3520-0cea-4357-bb04-1a0ae64b2bb1@group-7EB39FB5DF22-LeaderElection52: begin an election at term 39 for -1: [40d2d32e-dd25-45df-8070-f9dc56ccf0a7:192.168.34.62:41633, cbde3520-0cea-4357-bb04-1a0ae64b2bb1:192.168.34.62:41642, 443b071d-6096-48d6-bfe7-498b7c8032c0:192.168.34.62:46516], old=null
2019-10-17 07:41:33,634 [grpc-default-executor-1] INFO  impl.RaftServerImpl (RaftServerImpl.java:setRole(184)) - 40d2d32e-dd25-45df-8070-f9dc56ccf0a7@group-7EB39FB5DF22: changes role from  FOLLOWER to FOLLOWER at term 39 for recognizeCandidate:cbde3520-0cea-4357-bb04-1a0ae64b2bb1
2019-10-17 07:41:33,634 [grpc-default-executor-1] INFO  impl.RoleInfo (RoleInfo.java:shutdownFollowerState(121)) - 40d2d32e-dd25-45df-8070-f9dc56ccf0a7: shutdown FollowerState
2019-10-17 07:41:33,634 [grpc-default-executor-4] INFO  impl.RaftServerImpl (RaftServerImpl.java:setRole(184)) - 443b071d-6096-48d6-bfe7-498b7c8032c0@group-7EB39FB5DF22: changes role from  FOLLOWER to FOLLOWER at term 39 for recognizeCandidate:cbde3520-0cea-4357-bb04-1a0ae64b2bb1
2019-10-17 07:41:33,634 [grpc-default-executor-1] INFO  impl.RoleInfo (RoleInfo.java:updateAndGet(143)) - 40d2d32e-dd25-45df-8070-f9dc56ccf0a7: start FollowerState
2019-10-17 07:41:33,634 [Thread-551] INFO  impl.FollowerState (FollowerState.java:run(117)) - 40d2d32e-dd25-45df-8070-f9dc56ccf0a7@group-7EB39FB5DF22-FollowerState was interrupted: java.lang.InterruptedException: sleep interrupted
2019-10-17 07:41:33,634 [grpc-default-executor-4] INFO  impl.RoleInfo (RoleInfo.java:shutdownFollowerState(121)) - 443b071d-6096-48d6-bfe7-498b7c8032c0: shutdown FollowerState
2019-10-17 07:41:33,745 [cbde3520-0cea-4357-bb04-1a0ae64b2bb1@group-7EB39FB5DF22-LeaderElection52] INFO  impl.LeaderElection (LeaderElection.java:logAndReturn(56)) - cbde3520-0cea-4357-bb04-1a0ae64b2bb1@group-7EB39FB5DF22-LeaderElection52: Election TIMEOUT; received 0 response(s) [] and 0 exception(s); cbde3520-0cea-4357-bb04-1a0ae64b2bb1@group-7EB39FB5DF22:t39, leader=null, voted=cbde3520-0cea-4357-bb04-1a0ae64b2bb1, raftlog=cbde3520-0cea-4357-bb04-1a0ae64b2bb1@group-7EB39FB5DF22-SegmentedRaftLog:OPENED:c-1,f-1,i0, conf=-1: [40d2d32e-dd25-45df-8070-f9dc56ccf0a7:192.168.34.62:41633, cbde3520-0cea-4357-bb04-1a0ae64b2bb1:192.168.34.62:41642, 443b071d-6096-48d6-bfe7-498b7c8032c0:192.168.34.62:46516], old=null
2019-10-17 07:41:33,745 [Thread-550] INFO  impl.FollowerState (FollowerState.java:run(117)) - 443b071d-6096-48d6-bfe7-498b7c8032c0@group-7EB39FB5DF22-FollowerState was interrupted: java.lang.InterruptedException: sleep interrupted
2019-10-17 07:41:33,745 [grpc-default-executor-4] INFO  impl.RoleInfo (RoleInfo.java:updateAndGet(143)) - 443b071d-6096-48d6-bfe7-498b7c8032c0: start FollowerState
2019-10-17 07:41:33,776 [cbde3520-0cea-4357-bb04-1a0ae64b2bb1@group-7EB39FB5DF22-LeaderElection52] INFO  impl.LeaderElection (LeaderElection.java:askForVotes(178)) - cbde3520-0cea-4357-bb04-1a0ae64b2bb1@group-7EB39FB5DF22-LeaderElection52: begin an election at term 40 for -1: [40d2d32e-dd25-45df-8070-f9dc56ccf0a7:192.168.34.62:41633, cbde3520-0cea-4357-bb04-1a0ae64b2bb1:192.168.34.62:41642, 443b071d-6096-48d6-bfe7-498b7c8032c0:192.168.34.62:46516], old=null
2019-10-17 07:41:33,779 [grpc-default-executor-4] INFO  impl.RaftServerImpl (RaftServerImpl.java:setRole(184)) - 443b071d-6096-48d6-bfe7-498b7c8032c0@group-7EB39FB5DF22: changes role from  FOLLOWER to FOLLOWER at term 40 for recognizeCandidate:cbde3520-0cea-4357-bb04-1a0ae64b2bb1
2019-10-17 07:41:33,780 [grpc-default-executor-1] INFO  impl.RaftServerImpl (RaftServerImpl.java:setRole(184)) - 40d2d32e-dd25-45df-8070-f9dc56ccf0a7@group-7EB39FB5DF22: changes role from  FOLLOWER to FOLLOWER at term 40 for recognizeCandidate:cbde3520-0cea-4357-bb04-1a0ae64b2bb1
2019-10-17 07:41:33,780 [grpc-default-executor-4] INFO  impl.RoleInfo (RoleInfo.java:shutdownFollowerState(121)) - 443b071d-6096-48d6-bfe7-498b7c8032c0: shutdown FollowerState
2019-10-17 07:41:33,780 [grpc-default-executor-1] INFO  impl.RoleInfo (RoleInfo.java:shutdownFollowerState(121)) - 40d2d32e-dd25-45df-8070-f9dc56ccf0a7: shutdown FollowerState
2019-10-17 07:41:33,780 [Thread-557] INFO  impl.FollowerState (FollowerState.java:run(117)) - 443b071d-6096-48d6-bfe7-498b7c8032c0@group-7EB39FB5DF22-FollowerState was interrupted: java.lang.InterruptedException: sleep interrupted
2019-10-17 07:41:33,780 [grpc-default-executor-4] INFO  impl.RoleInfo (RoleInfo.java:updateAndGet(143)) - 443b071d-6096-48d6-bfe7-498b7c8032c0: start FollowerState
2019-10-17 07:41:33,780 [grpc-default-executor-1] INFO  impl.RoleInfo (RoleInfo.java:updateAndGet(143)) - 40d2d32e-dd25-45df-8070-f9dc56ccf0a7: start FollowerState
2019-10-17 07:41:33,780 [Thread-556] INFO  impl.FollowerState (FollowerState.java:run(117)) - 40d2d32e-dd25-45df-8070-f9dc56ccf0a7@group-7EB39FB5DF22-FollowerState was interrupted: java.lang.InterruptedException: sleep interrupted
2019-10-17 07:41:33,805 [cbde3520-0cea-4357-bb04-1a0ae64b2bb1@group-7EB39FB5DF22-LeaderElection52] INFO  impl.LeaderElection (LeaderElection.java:logAndReturn(56)) - cbde3520-0cea-4357-bb04-1a0ae64b2bb1@group-7EB39FB5DF22-LeaderElection52: Election REJECTED; received 2 response(s) [cbde3520-0cea-4357-bb04-1a0ae64b2bb1<-40d2d32e-dd25-45df-8070-f9dc56ccf0a7#0:FAIL-t40, cbde3520-0cea-4357-bb04-1a0ae64b2bb1<-443b071d-6096-48d6-bfe7-498b7c8032c0#0:FAIL-t40] and 0 exception(s); cbde3520-0cea-4357-bb04-1a0ae64b2bb1@group-7EB39FB5DF22:t40, leader=null, voted=cbde3520-0cea-4357-bb04-1a0ae64b2bb1, raftlog=cbde3520-0cea-4357-bb04-1a0ae64b2bb1@group-7EB39FB5DF22-SegmentedRaftLog:OPENED:c-1,f-1,i0, conf=-1: [40d2d32e-dd25-45df-8070-f9dc56ccf0a7:192.168.34.62:41633, cbde3520-0cea-4357-bb04-1a0ae64b2bb1:192.168.34.62:41642, 443b071d-6096-48d6-bfe7-498b7c8032c0:192.168.34.62:46516], old=null
2019-10-17 07:41:33,805 [cbde3520-0cea-4357-bb04-1a0ae64b2bb1@group-7EB39FB5DF22-LeaderElection52] INFO  impl.RaftServerImpl (RaftServerImpl.java:setRole(184)) - cbde3520-0cea-4357-bb04-1a0ae64b2bb1@group-7EB39FB5DF22: changes role from CANDIDATE to FOLLOWER at term 40 for DISCOVERED_A_NEW_TERM
2019-10-17 07:41:33,805 [cbde3520-0cea-4357-bb04-1a0ae64b2bb1@group-7EB39FB5DF22-LeaderElection52] INFO  impl.RoleInfo (RoleInfo.java:shutdownLeaderElection(134)) - cbde3520-0cea-4357-bb04-1a0ae64b2bb1: shutdown LeaderElection
2019-10-17 07:41:33,805 [cbde3520-0cea-4357-bb04-1a0ae64b2bb1@group-7EB39FB5DF22-LeaderElection52] INFO  impl.RoleInfo (RoleInfo.java:updateAndGet(143)) - cbde3520-0cea-4357-bb04-1a0ae64b2bb1: start FollowerState
2019-10-17 07:41:33,845 [Thread-562] INFO  impl.FollowerState (FollowerState.java:run(108)) - cbde3520-0cea-4357-bb04-1a0ae64b2bb1@group-7EB39FB5DF22-FollowerState: change to CANDIDATE, lastRpcTime:39ms, electionTimeout:39ms
2019-10-17 07:41:33,845 [Thread-562] INFO  impl.RoleInfo (RoleInfo.java:shutdownFollowerState(121)) - cbde3520-0cea-4357-bb04-1a0ae64b2bb1: shutdown FollowerState
2019-10-17 07:41:33,845 [Thread-562] INFO  impl.RaftServerImpl (RaftServerImpl.java:setRole(184)) - cbde3520-0cea-4357-bb04-1a0ae64b2bb1@group-7EB39FB5DF22: changes role from  FOLLOWER to CANDIDATE at term 40 for changeToCandidate
2019-10-17 07:41:33,845 [Thread-562] INFO  impl.RoleInfo (RoleInfo.java:updateAndGet(143)) - cbde3520-0cea-4357-bb04-1a0ae64b2bb1: start LeaderElection
2019-10-17 07:41:33,869 [cbde3520-0cea-4357-bb04-1a0ae64b2bb1@group-7EB39FB5DF22-LeaderElection53] INFO  impl.LeaderElection (LeaderElection.java:askForVotes(178)) - cbde3520-0cea-4357-bb04-1a0ae64b2bb1@group-7EB39FB5DF22-LeaderElection53: begin an election at term 41 for -1: [40d2d32e-dd25-45df-8070-f9dc56ccf0a7:192.168.34.62:41633, cbde3520-0cea-4357-bb04-1a0ae64b2bb1:192.168.34.62:41642, 443b071d-6096-48d6-bfe7-498b7c8032c0:192.168.34.62:46516], old=null
2019-10-17 07:41:33,871 [grpc-default-executor-1] INFO  impl.RaftServerImpl (RaftServerImpl.java:setRole(184)) - 40d2d32e-dd25-45df-8070-f9dc56ccf0a7@group-7EB39FB5DF22: changes role from  FOLLOWER to FOLLOWER at term 41 for recognizeCandidate:cbde3520-0cea-4357-bb04-1a0ae64b2bb1
2019-10-17 07:41:33,871 [grpc-default-executor-4] INFO  impl.RaftServerImpl (RaftServerImpl.java:setRole(184)) - 443b071d-6096-48d6-bfe7-498b7c8032c0@group-7EB39FB5DF22: changes role from  FOLLOWER to FOLLOWER at term 41 for recognizeCandidate:cbde3520-0cea-4357-bb04-1a0ae64b2bb1
2019-10-17 07:41:33,872 [grpc-default-executor-4] INFO  impl.RoleInfo (RoleInfo.java:shutdownFollowerState(121)) - 443b071d-6096-48d6-bfe7-498b7c8032c0: shutdown FollowerState
2019-10-17 07:41:33,872 [grpc-default-executor-1] INFO  impl.RoleInfo (RoleInfo.java:shutdownFollowerState(121)) - 40d2d32e-dd25-45df-8070-f9dc56ccf0a7: shutdown FollowerState
2019-10-17 07:41:33,872 [grpc-default-executor-4] INFO  impl.RoleInfo (RoleInfo.java:updateAndGet(143)) - 443b071d-6096-48d6-bfe7-498b7c8032c0: start FollowerState
2019-10-17 07:41:33,872 [Thread-560] INFO  impl.FollowerState (FollowerState.java:run(117)) - 443b071d-6096-48d6-bfe7-498b7c8032c0@group-7EB39FB5DF22-FollowerState was interrupted: java.lang.InterruptedException: sleep interrupted
2019-10-17 07:41:33,872 [Thread-561] INFO  impl.FollowerState (FollowerState.java:run(117)) - 40d2d32e-dd25-45df-8070-f9dc56ccf0a7@group-7EB39FB5DF22-FollowerState was interrupted: java.lang.InterruptedException: sleep interrupted
2019-10-17 07:41:33,872 [grpc-default-executor-1] INFO  impl.RoleInfo (RoleInfo.java:updateAndGet(143)) - 40d2d32e-dd25-45df-8070-f9dc56ccf0a7: start FollowerState
2019-10-17 07:41:33,897 [cbde3520-0cea-4357-bb04-1a0ae64b2bb1@group-7EB39FB5DF22-LeaderElection53] INFO  impl.LeaderElection (LeaderElection.java:logAndReturn(56)) - cbde3520-0cea-4357-bb04-1a0ae64b2bb1@group-7EB39FB5DF22-LeaderElection53: Election REJECTED; received 2 response(s) [cbde3520-0cea-4357-bb04-1a0ae64b2bb1<-40d2d32e-dd25-45df-8070-f9dc56ccf0a7#0:FAIL-t41, cbde3520-0cea-4357-bb04-1a0ae64b2bb1<-443b071d-6096-48d6-bfe7-498b7c8032c0#0:FAIL-t41] and 0 exception(s); cbde3520-0cea-4357-bb04-1a0ae64b2bb1@group-7EB39FB5DF22:t41, leader=null, voted=cbde3520-0cea-4357-bb04-1a0ae64b2bb1, raftlog=cbde3520-0cea-4357-bb04-1a0ae64b2bb1@group-7EB39FB5DF22-SegmentedRaftLog:OPENED:c-1,f-1,i0, conf=-1: [40d2d32e-dd25-45df-8070-f9dc56ccf0a7:192.168.34.62:41633, cbde3520-0cea-4357-bb04-1a0ae64b2bb1:192.168.34.62:41642, 443b071d-6096-48d6-bfe7-498b7c8032c0:192.168.34.62:46516], old=null
2019-10-17 07:41:33,897 [cbde3520-0cea-4357-bb04-1a0ae64b2bb1@group-7EB39FB5DF22-LeaderElection53] INFO  impl.RaftServerImpl (RaftServerImpl.java:setRole(184)) - cbde3520-0cea-4357-bb04-1a0ae64b2bb1@group-7EB39FB5DF22: changes role from CANDIDATE to FOLLOWER at term 41 for DISCOVERED_A_NEW_TERM
2019-10-17 07:41:33,897 [cbde3520-0cea-4357-bb04-1a0ae64b2bb1@group-7EB39FB5DF22-LeaderElection53] INFO  impl.RoleInfo (RoleInfo.java:shutdownLeaderElection(134)) - cbde3520-0cea-4357-bb04-1a0ae64b2bb1: shutdown LeaderElection
2019-10-17 07:41:33,897 [cbde3520-0cea-4357-bb04-1a0ae64b2bb1@group-7EB39FB5DF22-LeaderElection53] INFO  impl.RoleInfo (RoleInfo.java:updateAndGet(143)) - cbde3520-0cea-4357-bb04-1a0ae64b2bb1: start FollowerState
2019-10-17 07:41:34,001 [Thread-568] INFO  impl.FollowerState (FollowerState.java:run(108)) - cbde3520-0cea-4357-bb04-1a0ae64b2bb1@group-7EB39FB5DF22-FollowerState: change to CANDIDATE, lastRpcTime:103ms, electionTimeout:103ms
2019-10-17 07:41:34,001 [Thread-568] INFO  impl.RoleInfo (RoleInfo.java:shutdownFollowerState(121)) - cbde3520-0cea-4357-bb04-1a0ae64b2bb1: shutdown FollowerState
2019-10-17 07:41:34,001 [Thread-568] INFO  impl.RaftServerImpl (RaftServerImpl.java:setRole(184)) - cbde3520-0cea-4357-bb04-1a0ae64b2bb1@group-7EB39FB5DF22: changes role from  FOLLOWER to CANDIDATE at term 41 for changeToCandidate
2019-10-17 07:41:34,001 [Thread-568] INFO  impl.RoleInfo (RoleInfo.java:updateAndGet(143)) - cbde3520-0cea-4357-bb04-1a0ae64b2bb1: start LeaderElection
2019-10-17 07:41:34,024 [cbde3520-0cea-4357-bb04-1a0ae64b2bb1@group-7EB39FB5DF22-LeaderElection54] INFO  impl.LeaderElection (LeaderElection.java:askForVotes(178)) - cbde3520-0cea-4357-bb04-1a0ae64b2bb1@group-7EB39FB5DF22-LeaderElection54: begin an election at term 42 for -1: [40d2d32e-dd25-45df-8070-f9dc56ccf0a7:192.168.34.62:41633, cbde3520-0cea-4357-bb04-1a0ae64b2bb1:192.168.34.62:41642, 443b071d-6096-48d6-bfe7-498b7c8032c0:192.168.34.62:46516], old=null
2019-10-17 07:41:34,028 [grpc-default-executor-1] INFO  impl.RaftServerImpl (RaftServerImpl.java:setRole(184)) - 40d2d32e-dd25-45df-8070-f9dc56ccf0a7@group-7EB39FB5DF22: changes role from  FOLLOWER to FOLLOWER at term 42 for recognizeCandidate:cbde3520-0cea-4357-bb04-1a0ae64b2bb1
2019-10-17 07:41:34,028 [grpc-default-executor-4] INFO  impl.RaftServerImpl (RaftServerImpl.java:setRole(184)) - 443b071d-6096-48d6-bfe7-498b7c8032c0@group-7EB39FB5DF22: changes role from  FOLLOWER to FOLLOWER at term 42 for recognizeCandidate:cbde3520-0cea-4357-bb04-1a0ae64b2bb1
2019-10-17 07:41:34,028 [grpc-default-executor-1] INFO  impl.RoleInfo (RoleInfo.java:shutdownFollowerState(121)) - 40d2d32e-dd25-45df-8070-f9dc56ccf0a7: shutdown FollowerState
2019-10-17 07:41:34,028 [grpc-default-executor-4] INFO  impl.RoleInfo (RoleInfo.java:shutdownFollowerState(121)) - 443b071d-6096-48d6-bfe7-498b7c8032c0: shutdown FollowerState
2019-10-17 07:41:34,028 [Thread-567] INFO  impl.FollowerState (FollowerState.java:run(117)) - 40d2d32e-dd25-45df-8070-f9dc56ccf0a7@group-7EB39FB5DF22-FollowerState was interrupted: java.lang.InterruptedException: sleep interrupted
2019-10-17 07:41:34,028 [grpc-default-executor-1] INFO  impl.RoleInfo (RoleInfo.java:updateAndGet(143)) - 40d2d32e-dd25-45df-8070-f9dc56ccf0a7: start FollowerState
2019-10-17 07:41:34,029 [Thread-566] INFO  impl.FollowerState (FollowerState.java:run(117)) - 443b071d-6096-48d6-bfe7-498b7c8032c0@group-7EB39FB5DF22-FollowerState was interrupted: java.lang.InterruptedException: sleep interrupted
2019-10-17 07:41:34,029 [grpc-default-executor-4] INFO  impl.RoleInfo (RoleInfo.java:updateAndGet(143)) - 443b071d-6096-48d6-bfe7-498b7c8032c0: start FollowerState
2019-10-17 07:41:34,042 [cbde3520-0cea-4357-bb04-1a0ae64b2bb1@group-7EB39FB5DF22-LeaderElection54] INFO  impl.LeaderElection (LeaderElection.java:logAndReturn(56)) - cbde3520-0cea-4357-bb04-1a0ae64b2bb1@group-7EB39FB5DF22-LeaderElection54: Election REJECTED; received 2 response(s) [cbde3520-0cea-4357-bb04-1a0ae64b2bb1<-40d2d32e-dd25-45df-8070-f9dc56ccf0a7#0:FAIL-t42, cbde3520-0cea-4357-bb04-1a0ae64b2bb1<-443b071d-6096-48d6-bfe7-498b7c8032c0#0:FAIL-t42] and 0 exception(s); cbde3520-0cea-4357-bb04-1a0ae64b2bb1@group-7EB39FB5DF22:t42, leader=null, voted=cbde3520-0cea-4357-bb04-1a0ae64b2bb1, raftlog=cbde3520-0cea-4357-bb04-1a0ae64b2bb1@group-7EB39FB5DF22-SegmentedRaftLog:OPENED:c-1,f-1,i0, conf=-1: [40d2d32e-dd25-45df-8070-f9dc56ccf0a7:192.168.34.62:41633, cbde3520-0cea-4357-bb04-1a0ae64b2bb1:192.168.34.62:41642, 443b071d-6096-48d6-bfe7-498b7c8032c0:192.168.34.62:46516], old=null
2019-10-17 07:41:34,042 [cbde3520-0cea-4357-bb04-1a0ae64b2bb1@group-7EB39FB5DF22-LeaderElection54] INFO  impl.RaftServerImpl (RaftServerImpl.java:setRole(184)) - cbde3520-0cea-4357-bb04-1a0ae64b2bb1@group-7EB39FB5DF22: changes role from CANDIDATE to FOLLOWER at term 42 for DISCOVERED_A_NEW_TERM
2019-10-17 07:41:34,042 [cbde3520-0cea-4357-bb04-1a0ae64b2bb1@group-7EB39FB5DF22-LeaderElection54] INFO  impl.RoleInfo (RoleInfo.java:shutdownLeaderElection(134)) - cbde3520-0cea-4357-bb04-1a0ae64b2bb1: shutdown LeaderElection
2019-10-17 07:41:34,043 [cbde3520-0cea-4357-bb04-1a0ae64b2bb1@group-7EB39FB5DF22-LeaderElection54] INFO  impl.RoleInfo (RoleInfo.java:updateAndGet(143)) - cbde3520-0cea-4357-bb04-1a0ae64b2bb1: start FollowerState
2019-10-17 07:41:34,204 [main] INFO  ozone.MiniOzoneClusterImpl (MiniOzoneClusterImpl.java:lambda$waitForClusterToBeReady$2(164)) - Waiting for 1 number of pipelines out of 5, to report a leader.
2019-10-17 07:41:34,227 [Thread-574] INFO  impl.FollowerState (FollowerState.java:run(108)) - cbde3520-0cea-4357-bb04-1a0ae64b2bb1@group-7EB39FB5DF22-FollowerState: change to CANDIDATE, lastRpcTime:184ms, electionTimeout:184ms
2019-10-17 07:41:34,227 [Thread-574] INFO  impl.RoleInfo (RoleInfo.java:shutdownFollowerState(121)) - cbde3520-0cea-4357-bb04-1a0ae64b2bb1: shutdown FollowerState
2019-10-17 07:41:34,227 [Thread-574] INFO  impl.RaftServerImpl (RaftServerImpl.java:setRole(184)) - cbde3520-0cea-4357-bb04-1a0ae64b2bb1@group-7EB39FB5DF22: changes role from  FOLLOWER to CANDIDATE at term 42 for changeToCandidate
2019-10-17 07:41:34,228 [Thread-574] INFO  impl.RoleInfo (RoleInfo.java:updateAndGet(143)) - cbde3520-0cea-4357-bb04-1a0ae64b2bb1: start LeaderElection
2019-10-17 07:41:34,252 [cbde3520-0cea-4357-bb04-1a0ae64b2bb1@group-7EB39FB5DF22-LeaderElection55] INFO  impl.LeaderElection (LeaderElection.java:askForVotes(178)) - cbde3520-0cea-4357-bb04-1a0ae64b2bb1@group-7EB39FB5DF22-LeaderElection55: begin an election at term 43 for -1: [40d2d32e-dd25-45df-8070-f9dc56ccf0a7:192.168.34.62:41633, cbde3520-0cea-4357-bb04-1a0ae64b2bb1:192.168.34.62:41642, 443b071d-6096-48d6-bfe7-498b7c8032c0:192.168.34.62:46516], old=null
2019-10-17 07:41:34,255 [grpc-default-executor-4] INFO  impl.RaftServerImpl (RaftServerImpl.java:setRole(184)) - 40d2d32e-dd25-45df-8070-f9dc56ccf0a7@group-7EB39FB5DF22: changes role from  FOLLOWER to FOLLOWER at term 43 for recognizeCandidate:cbde3520-0cea-4357-bb04-1a0ae64b2bb1
2019-10-17 07:41:34,255 [grpc-default-executor-1] INFO  impl.RaftServerImpl (RaftServerImpl.java:setRole(184)) - 443b071d-6096-48d6-bfe7-498b7c8032c0@group-7EB39FB5DF22: changes role from  FOLLOWER to FOLLOWER at term 43 for recognizeCandidate:cbde3520-0cea-4357-bb04-1a0ae64b2bb1
2019-10-17 07:41:34,255 [grpc-default-executor-4] INFO  impl.RoleInfo (RoleInfo.java:shutdownFollowerState(121)) - 40d2d32e-dd25-45df-8070-f9dc56ccf0a7: shutdown FollowerState
2019-10-17 07:41:34,255 [grpc-default-executor-1] INFO  impl.RoleInfo (RoleInfo.java:shutdownFollowerState(121)) - 443b071d-6096-48d6-bfe7-498b7c8032c0: shutdown FollowerState
2019-10-17 07:41:34,256 [Thread-572] INFO  impl.FollowerState (FollowerState.java:run(117)) - 40d2d32e-dd25-45df-8070-f9dc56ccf0a7@group-7EB39FB5DF22-FollowerState was interrupted: java.lang.InterruptedException: sleep interrupted
2019-10-17 07:41:34,255 [grpc-default-executor-4] INFO  impl.RoleInfo (RoleInfo.java:updateAndGet(143)) - 40d2d32e-dd25-45df-8070-f9dc56ccf0a7: start FollowerState
2019-10-17 07:41:34,256 [Thread-573] INFO  impl.FollowerState (FollowerState.java:run(117)) - 443b071d-6096-48d6-bfe7-498b7c8032c0@group-7EB39FB5DF22-FollowerState was interrupted: java.lang.InterruptedException: sleep interrupted
2019-10-17 07:41:34,256 [grpc-default-executor-1] INFO  impl.RoleInfo (RoleInfo.java:updateAndGet(143)) - 443b071d-6096-48d6-bfe7-498b7c8032c0: start FollowerState
2019-10-17 07:41:34,270 [cbde3520-0cea-4357-bb04-1a0ae64b2bb1@group-7EB39FB5DF22-LeaderElection55] INFO  impl.LeaderElection (LeaderElection.java:logAndReturn(56)) - cbde3520-0cea-4357-bb04-1a0ae64b2bb1@group-7EB39FB5DF22-LeaderElection55: Election REJECTED; received 2 response(s) [cbde3520-0cea-4357-bb04-1a0ae64b2bb1<-40d2d32e-dd25-45df-8070-f9dc56ccf0a7#0:FAIL-t43, cbde3520-0cea-4357-bb04-1a0ae64b2bb1<-443b071d-6096-48d6-bfe7-498b7c8032c0#0:FAIL-t43] and 0 exception(s); cbde3520-0cea-4357-bb04-1a0ae64b2bb1@group-7EB39FB5DF22:t43, leader=null, voted=cbde3520-0cea-4357-bb04-1a0ae64b2bb1, raftlog=cbde3520-0cea-4357-bb04-1a0ae64b2bb1@group-7EB39FB5DF22-SegmentedRaftLog:OPENED:c-1,f-1,i0, conf=-1: [40d2d32e-dd25-45df-8070-f9dc56ccf0a7:192.168.34.62:41633, cbde3520-0cea-4357-bb04-1a0ae64b2bb1:192.168.34.62:41642, 443b071d-6096-48d6-bfe7-498b7c8032c0:192.168.34.62:46516], old=null
2019-10-17 07:41:34,271 [cbde3520-0cea-4357-bb04-1a0ae64b2bb1@group-7EB39FB5DF22-LeaderElection55] INFO  impl.RaftServerImpl (RaftServerImpl.java:setRole(184)) - cbde3520-0cea-4357-bb04-1a0ae64b2bb1@group-7EB39FB5DF22: changes role from CANDIDATE to FOLLOWER at term 43 for DISCOVERED_A_NEW_TERM
2019-10-17 07:41:34,271 [cbde3520-0cea-4357-bb04-1a0ae64b2bb1@group-7EB39FB5DF22-LeaderElection55] INFO  impl.RoleInfo (RoleInfo.java:shutdownLeaderElection(134)) - cbde3520-0cea-4357-bb04-1a0ae64b2bb1: shutdown LeaderElection
2019-10-17 07:41:34,271 [cbde3520-0cea-4357-bb04-1a0ae64b2bb1@group-7EB39FB5DF22-LeaderElection55] INFO  impl.RoleInfo (RoleInfo.java:updateAndGet(143)) - cbde3520-0cea-4357-bb04-1a0ae64b2bb1: start FollowerState
2019-10-17 07:41:34,460 [Thread-580] INFO  impl.FollowerState (FollowerState.java:run(108)) - cbde3520-0cea-4357-bb04-1a0ae64b2bb1@group-7EB39FB5DF22-FollowerState: change to CANDIDATE, lastRpcTime:189ms, electionTimeout:189ms
2019-10-17 07:41:34,461 [Thread-580] INFO  impl.RoleInfo (RoleInfo.java:shutdownFollowerState(121)) - cbde3520-0cea-4357-bb04-1a0ae64b2bb1: shutdown FollowerState
2019-10-17 07:41:34,461 [Thread-580] INFO  impl.RaftServerImpl (RaftServerImpl.java:setRole(184)) - cbde3520-0cea-4357-bb04-1a0ae64b2bb1@group-7EB39FB5DF22: changes role from  FOLLOWER to CANDIDATE at term 43 for changeToCandidate
2019-10-17 07:41:34,461 [Thread-580] INFO  impl.RoleInfo (RoleInfo.java:updateAndGet(143)) - cbde3520-0cea-4357-bb04-1a0ae64b2bb1: start LeaderElection
2019-10-17 07:41:34,485 [cbde3520-0cea-4357-bb04-1a0ae64b2bb1@group-7EB39FB5DF22-LeaderElection56] INFO  impl.LeaderElection (LeaderElection.java:askForVotes(178)) - cbde3520-0cea-4357-bb04-1a0ae64b2bb1@group-7EB39FB5DF22-LeaderElection56: begin an election at term 44 for -1: [40d2d32e-dd25-45df-8070-f9dc56ccf0a7:192.168.34.62:41633, cbde3520-0cea-4357-bb04-1a0ae64b2bb1:192.168.34.62:41642, 443b071d-6096-48d6-bfe7-498b7c8032c0:192.168.34.62:46516], old=null
2019-10-17 07:41:34,489 [grpc-default-executor-1] INFO  impl.RaftServerImpl (RaftServerImpl.java:setRole(184)) - 40d2d32e-dd25-45df-8070-f9dc56ccf0a7@group-7EB39FB5DF22: changes role from  FOLLOWER to FOLLOWER at term 44 for recognizeCandidate:cbde3520-0cea-4357-bb04-1a0ae64b2bb1
2019-10-17 07:41:34,489 [grpc-default-executor-4] INFO  impl.RaftServerImpl (RaftServerImpl.java:setRole(184)) - 443b071d-6096-48d6-bfe7-498b7c8032c0@group-7EB39FB5DF22: changes role from  FOLLOWER to FOLLOWER at term 44 for recognizeCandidate:cbde3520-0cea-4357-bb04-1a0ae64b2bb1
2019-10-17 07:41:34,489 [grpc-default-executor-1] INFO  impl.RoleInfo (RoleInfo.java:shutdownFollowerState(121)) - 40d2d32e-dd25-45df-8070-f9dc56ccf0a7: shutdown FollowerState
2019-10-17 07:41:34,489 [grpc-default-executor-4] INFO  impl.RoleInfo (RoleInfo.java:shutdownFollowerState(121)) - 443b071d-6096-48d6-bfe7-498b7c8032c0: shutdown FollowerState
2019-10-17 07:41:34,490 [Thread-578] INFO  impl.FollowerState (FollowerState.java:run(117)) - 40d2d32e-dd25-45df-8070-f9dc56ccf0a7@group-7EB39FB5DF22-FollowerState was interrupted: java.lang.InterruptedException: sleep interrupted
2019-10-17 07:41:34,490 [grpc-default-executor-1] INFO  impl.RoleInfo (RoleInfo.java:updateAndGet(143)) - 40d2d32e-dd25-45df-8070-f9dc56ccf0a7: start FollowerState
2019-10-17 07:41:34,490 [Thread-579] INFO  impl.FollowerState (FollowerState.java:run(117)) - 443b071d-6096-48d6-bfe7-498b7c8032c0@group-7EB39FB5DF22-FollowerState was interrupted: java.lang.InterruptedException: sleep interrupted
2019-10-17 07:41:34,490 [grpc-default-executor-4] INFO  impl.RoleInfo (RoleInfo.java:updateAndGet(143)) - 443b071d-6096-48d6-bfe7-498b7c8032c0: start FollowerState
2019-10-17 07:41:34,516 [cbde3520-0cea-4357-bb04-1a0ae64b2bb1@group-7EB39FB5DF22-LeaderElection56] INFO  impl.LeaderElection (LeaderElection.java:logAndReturn(56)) - cbde3520-0cea-4357-bb04-1a0ae64b2bb1@group-7EB39FB5DF22-LeaderElection56: Election REJECTED; received 2 response(s) [cbde3520-0cea-4357-bb04-1a0ae64b2bb1<-40d2d32e-dd25-45df-8070-f9dc56ccf0a7#0:FAIL-t44, cbde3520-0cea-4357-bb04-1a0ae64b2bb1<-443b071d-6096-48d6-bfe7-498b7c8032c0#0:FAIL-t44] and 0 exception(s); cbde3520-0cea-4357-bb04-1a0ae64b2bb1@group-7EB39FB5DF22:t44, leader=null, voted=cbde3520-0cea-4357-bb04-1a0ae64b2bb1, raftlog=cbde3520-0cea-4357-bb04-1a0ae64b2bb1@group-7EB39FB5DF22-SegmentedRaftLog:OPENED:c-1,f-1,i0, conf=-1: [40d2d32e-dd25-45df-8070-f9dc56ccf0a7:192.168.34.62:41633, cbde3520-0cea-4357-bb04-1a0ae64b2bb1:192.168.34.62:41642, 443b071d-6096-48d6-bfe7-498b7c8032c0:192.168.34.62:46516], old=null
2019-10-17 07:41:34,516 [cbde3520-0cea-4357-bb04-1a0ae64b2bb1@group-7EB39FB5DF22-LeaderElection56] INFO  impl.RaftServerImpl (RaftServerImpl.java:setRole(184)) - cbde3520-0cea-4357-bb04-1a0ae64b2bb1@group-7EB39FB5DF22: changes role from CANDIDATE to FOLLOWER at term 44 for DISCOVERED_A_NEW_TERM
2019-10-17 07:41:34,516 [cbde3520-0cea-4357-bb04-1a0ae64b2bb1@group-7EB39FB5DF22-LeaderElection56] INFO  impl.RoleInfo (RoleInfo.java:shutdownLeaderElection(134)) - cbde3520-0cea-4357-bb04-1a0ae64b2bb1: shutdown LeaderElection
2019-10-17 07:41:34,516 [cbde3520-0cea-4357-bb04-1a0ae64b2bb1@group-7EB39FB5DF22-LeaderElection56] INFO  impl.RoleInfo (RoleInfo.java:updateAndGet(143)) - cbde3520-0cea-4357-bb04-1a0ae64b2bb1: start FollowerState
2019-10-17 07:41:34,644 [Thread-586] INFO  impl.FollowerState (FollowerState.java:run(108)) - cbde3520-0cea-4357-bb04-1a0ae64b2bb1@group-7EB39FB5DF22-FollowerState: change to CANDIDATE, lastRpcTime:127ms, electionTimeout:127ms
2019-10-17 07:41:34,644 [Thread-586] INFO  impl.RoleInfo (RoleInfo.java:shutdownFollowerState(121)) - cbde3520-0cea-4357-bb04-1a0ae64b2bb1: shutdown FollowerState
2019-10-17 07:41:34,644 [Thread-586] INFO  impl.RaftServerImpl (RaftServerImpl.java:setRole(184)) - cbde3520-0cea-4357-bb04-1a0ae64b2bb1@group-7EB39FB5DF22: changes role from  FOLLOWER to CANDIDATE at term 44 for changeToCandidate
2019-10-17 07:41:34,645 [Thread-586] INFO  impl.RoleInfo (RoleInfo.java:updateAndGet(143)) - cbde3520-0cea-4357-bb04-1a0ae64b2bb1: start LeaderElection
2019-10-17 07:41:34,669 [cbde3520-0cea-4357-bb04-1a0ae64b2bb1@group-7EB39FB5DF22-LeaderElection57] INFO  impl.LeaderElection (LeaderElection.java:askForVotes(178)) - cbde3520-0cea-4357-bb04-1a0ae64b2bb1@group-7EB39FB5DF22-LeaderElection57: begin an election at term 45 for -1: [40d2d32e-dd25-45df-8070-f9dc56ccf0a7:192.168.34.62:41633, cbde3520-0cea-4357-bb04-1a0ae64b2bb1:192.168.34.62:41642, 443b071d-6096-48d6-bfe7-498b7c8032c0:192.168.34.62:46516], old=null
2019-10-17 07:41:34,672 [grpc-default-executor-4] INFO  impl.RaftServerImpl (RaftServerImpl.java:setRole(184)) - 443b071d-6096-48d6-bfe7-498b7c8032c0@group-7EB39FB5DF22: changes role from  FOLLOWER to FOLLOWER at term 45 for recognizeCandidate:cbde3520-0cea-4357-bb04-1a0ae64b2bb1
2019-10-17 07:41:34,672 [grpc-default-executor-4] INFO  impl.RoleInfo (RoleInfo.java:shutdownFollowerState(121)) - 443b071d-6096-48d6-bfe7-498b7c8032c0: shutdown FollowerState
2019-10-17 07:41:34,672 [grpc-default-executor-4] INFO  impl.RoleInfo (RoleInfo.java:updateAndGet(143)) - 443b071d-6096-48d6-bfe7-498b7c8032c0: start FollowerState
2019-10-17 07:41:34,673 [grpc-default-executor-1] INFO  impl.RaftServerImpl (RaftServerImpl.java:setRole(184)) - 40d2d32e-dd25-45df-8070-f9dc56ccf0a7@group-7EB39FB5DF22: changes role from  FOLLOWER to FOLLOWER at term 45 for recognizeCandidate:cbde3520-0cea-4357-bb04-1a0ae64b2bb1
2019-10-17 07:41:34,673 [grpc-default-executor-1] INFO  impl.RoleInfo (RoleInfo.java:shutdownFollowerState(121)) - 40d2d32e-dd25-45df-8070-f9dc56ccf0a7: shutdown FollowerState
2019-10-17 07:41:34,672 [Thread-585] INFO  impl.FollowerState (FollowerState.java:run(117)) - 443b071d-6096-48d6-bfe7-498b7c8032c0@group-7EB39FB5DF22-FollowerState was interrupted: java.lang.InterruptedException: sleep interrupted
2019-10-17 07:41:34,673 [Thread-584] INFO  impl.FollowerState (FollowerState.java:run(117)) - 40d2d32e-dd25-45df-8070-f9dc56ccf0a7@group-7EB39FB5DF22-FollowerState was interrupted: java.lang.InterruptedException: sleep interrupted
2019-10-17 07:41:34,673 [grpc-default-executor-1] INFO  impl.RoleInfo (RoleInfo.java:updateAndGet(143)) - 40d2d32e-dd25-45df-8070-f9dc56ccf0a7: start FollowerState
2019-10-17 07:41:34,698 [cbde3520-0cea-4357-bb04-1a0ae64b2bb1@group-7EB39FB5DF22-LeaderElection57] INFO  impl.LeaderElection (LeaderElection.java:logAndReturn(56)) - cbde3520-0cea-4357-bb04-1a0ae64b2bb1@group-7EB39FB5DF22-LeaderElection57: Election REJECTED; received 2 response(s) [cbde3520-0cea-4357-bb04-1a0ae64b2bb1<-40d2d32e-dd25-45df-8070-f9dc56ccf0a7#0:FAIL-t45, cbde3520-0cea-4357-bb04-1a0ae64b2bb1<-443b071d-6096-48d6-bfe7-498b7c8032c0#0:FAIL-t45] and 0 exception(s); cbde3520-0cea-4357-bb04-1a0ae64b2bb1@group-7EB39FB5DF22:t45, leader=null, voted=cbde3520-0cea-4357-bb04-1a0ae64b2bb1, raftlog=cbde3520-0cea-4357-bb04-1a0ae64b2bb1@group-7EB39FB5DF22-SegmentedRaftLog:OPENED:c-1,f-1,i0, conf=-1: [40d2d32e-dd25-45df-8070-f9dc56ccf0a7:192.168.34.62:41633, cbde3520-0cea-4357-bb04-1a0ae64b2bb1:192.168.34.62:41642, 443b071d-6096-48d6-bfe7-498b7c8032c0:192.168.34.62:46516], old=null
2019-10-17 07:41:34,698 [cbde3520-0cea-4357-bb04-1a0ae64b2bb1@group-7EB39FB5DF22-LeaderElection57] INFO  impl.RaftServerImpl (RaftServerImpl.java:setRole(184)) - cbde3520-0cea-4357-bb04-1a0ae64b2bb1@group-7EB39FB5DF22: changes role from CANDIDATE to FOLLOWER at term 45 for DISCOVERED_A_NEW_TERM
2019-10-17 07:41:34,698 [cbde3520-0cea-4357-bb04-1a0ae64b2bb1@group-7EB39FB5DF22-LeaderElection57] INFO  impl.RoleInfo (RoleInfo.java:shutdownLeaderElection(134)) - cbde3520-0cea-4357-bb04-1a0ae64b2bb1: shutdown LeaderElection
2019-10-17 07:41:34,698 [cbde3520-0cea-4357-bb04-1a0ae64b2bb1@group-7EB39FB5DF22-LeaderElection57] INFO  impl.RoleInfo (RoleInfo.java:updateAndGet(143)) - cbde3520-0cea-4357-bb04-1a0ae64b2bb1: start FollowerState
2019-10-17 07:41:34,870 [Thread-592] INFO  impl.FollowerState (FollowerState.java:run(108)) - cbde3520-0cea-4357-bb04-1a0ae64b2bb1@group-7EB39FB5DF22-FollowerState: change to CANDIDATE, lastRpcTime:171ms, electionTimeout:171ms
2019-10-17 07:41:34,870 [Thread-592] INFO  impl.RoleInfo (RoleInfo.java:shutdownFollowerState(121)) - cbde3520-0cea-4357-bb04-1a0ae64b2bb1: shutdown FollowerState
2019-10-17 07:41:34,870 [Thread-592] INFO  impl.RaftServerImpl (RaftServerImpl.java:setRole(184)) - cbde3520-0cea-4357-bb04-1a0ae64b2bb1@group-7EB39FB5DF22: changes role from  FOLLOWER to CANDIDATE at term 45 for changeToCandidate
2019-10-17 07:41:34,870 [Thread-592] INFO  impl.RoleInfo (RoleInfo.java:updateAndGet(143)) - cbde3520-0cea-4357-bb04-1a0ae64b2bb1: start LeaderElection
2019-10-17 07:41:34,884 [cbde3520-0cea-4357-bb04-1a0ae64b2bb1@group-7EB39FB5DF22-LeaderElection58] INFO  impl.LeaderElection (LeaderElection.java:askForVotes(178)) - cbde3520-0cea-4357-bb04-1a0ae64b2bb1@group-7EB39FB5DF22-LeaderElection58: begin an election at term 46 for -1: [40d2d32e-dd25-45df-8070-f9dc56ccf0a7:192.168.34.62:41633, cbde3520-0cea-4357-bb04-1a0ae64b2bb1:192.168.34.62:41642, 443b071d-6096-48d6-bfe7-498b7c8032c0:192.168.34.62:46516], old=null
2019-10-17 07:41:34,886 [grpc-default-executor-1] INFO  impl.RaftServerImpl (RaftServerImpl.java:setRole(184)) - 40d2d32e-dd25-45df-8070-f9dc56ccf0a7@group-7EB39FB5DF22: changes role from  FOLLOWER to FOLLOWER at term 46 for recognizeCandidate:cbde3520-0cea-4357-bb04-1a0ae64b2bb1
2019-10-17 07:41:34,886 [grpc-default-executor-4] INFO  impl.RaftServerImpl (RaftServerImpl.java:setRole(184)) - 443b071d-6096-48d6-bfe7-498b7c8032c0@group-7EB39FB5DF22: changes role from  FOLLOWER to FOLLOWER at term 46 for recognizeCandidate:cbde3520-0cea-4357-bb04-1a0ae64b2bb1
2019-10-17 07:41:34,886 [grpc-default-executor-1] INFO  impl.RoleInfo (RoleInfo.java:shutdownFollowerState(121)) - 40d2d32e-dd25-45df-8070-f9dc56ccf0a7: shutdown FollowerState
2019-10-17 07:41:34,886 [grpc-default-executor-4] INFO  impl.RoleInfo (RoleInfo.java:shutdownFollowerState(121)) - 443b071d-6096-48d6-bfe7-498b7c8032c0: shutdown FollowerState
2019-10-17 07:41:34,887 [grpc-default-executor-1] INFO  impl.RoleInfo (RoleInfo.java:updateAndGet(143)) - 40d2d32e-dd25-45df-8070-f9dc56ccf0a7: start FollowerState
2019-10-17 07:41:34,887 [Thread-591] INFO  impl.FollowerState (FollowerState.java:run(117)) - 40d2d32e-dd25-45df-8070-f9dc56ccf0a7@group-7EB39FB5DF22-FollowerState was interrupted: java.lang.InterruptedException: sleep interrupted
2019-10-17 07:41:34,887 [Thread-590] INFO  impl.FollowerState (FollowerState.java:run(117)) - 443b071d-6096-48d6-bfe7-498b7c8032c0@group-7EB39FB5DF22-FollowerState was interrupted: java.lang.InterruptedException: sleep interrupted
2019-10-17 07:41:34,887 [grpc-default-executor-4] INFO  impl.RoleInfo (RoleInfo.java:updateAndGet(143)) - 443b071d-6096-48d6-bfe7-498b7c8032c0: start FollowerState
2019-10-17 07:41:34,902 [cbde3520-0cea-4357-bb04-1a0ae64b2bb1@group-7EB39FB5DF22-LeaderElection58] INFO  impl.LeaderElection (LeaderElection.java:logAndReturn(56)) - cbde3520-0cea-4357-bb04-1a0ae64b2bb1@group-7EB39FB5DF22-LeaderElection58: Election REJECTED; received 2 response(s) [cbde3520-0cea-4357-bb04-1a0ae64b2bb1<-40d2d32e-dd25-45df-8070-f9dc56ccf0a7#0:FAIL-t46, cbde3520-0cea-4357-bb04-1a0ae64b2bb1<-443b071d-6096-48d6-bfe7-498b7c8032c0#0:FAIL-t46] and 0 exception(s); cbde3520-0cea-4357-bb04-1a0ae64b2bb1@group-7EB39FB5DF22:t46, leader=null, voted=cbde3520-0cea-4357-bb04-1a0ae64b2bb1, raftlog=cbde3520-0cea-4357-bb04-1a0ae64b2bb1@group-7EB39FB5DF22-SegmentedRaftLog:OPENED:c-1,f-1,i0, conf=-1: [40d2d32e-dd25-45df-8070-f9dc56ccf0a7:192.168.34.62:41633, cbde3520-0cea-4357-bb04-1a0ae64b2bb1:192.168.34.62:41642, 443b071d-6096-48d6-bfe7-498b7c8032c0:192.168.34.62:46516], old=null
2019-10-17 07:41:34,902 [cbde3520-0cea-4357-bb04-1a0ae64b2bb1@group-7EB39FB5DF22-LeaderElection58] INFO  impl.RaftServerImpl (RaftServerImpl.java:setRole(184)) - cbde3520-0cea-4357-bb04-1a0ae64b2bb1@group-7EB39FB5DF22: changes role from CANDIDATE to FOLLOWER at term 46 for DISCOVERED_A_NEW_TERM
2019-10-17 07:41:34,902 [cbde3520-0cea-4357-bb04-1a0ae64b2bb1@group-7EB39FB5DF22-LeaderElection58] INFO  impl.RoleInfo (RoleInfo.java:shutdownLeaderElection(134)) - cbde3520-0cea-4357-bb04-1a0ae64b2bb1: shutdown LeaderElection
2019-10-17 07:41:34,902 [cbde3520-0cea-4357-bb04-1a0ae64b2bb1@group-7EB39FB5DF22-LeaderElection58] INFO  impl.RoleInfo (RoleInfo.java:updateAndGet(143)) - cbde3520-0cea-4357-bb04-1a0ae64b2bb1: start FollowerState
2019-10-17 07:41:35,025 [Thread-598] INFO  impl.FollowerState (FollowerState.java:run(108)) - cbde3520-0cea-4357-bb04-1a0ae64b2bb1@group-7EB39FB5DF22-FollowerState: change to CANDIDATE, lastRpcTime:122ms, electionTimeout:122ms
2019-10-17 07:41:35,025 [Thread-598] INFO  impl.RoleInfo (RoleInfo.java:shutdownFollowerState(121)) - cbde3520-0cea-4357-bb04-1a0ae64b2bb1: shutdown FollowerState
2019-10-17 07:41:35,025 [Thread-598] INFO  impl.RaftServerImpl (RaftServerImpl.java:setRole(184)) - cbde3520-0cea-4357-bb04-1a0ae64b2bb1@group-7EB39FB5DF22: changes role from  FOLLOWER to CANDIDATE at term 46 for changeToCandidate
2019-10-17 07:41:35,025 [Thread-598] INFO  impl.RoleInfo (RoleInfo.java:updateAndGet(143)) - cbde3520-0cea-4357-bb04-1a0ae64b2bb1: start LeaderElection
2019-10-17 07:41:35,040 [cbde3520-0cea-4357-bb04-1a0ae64b2bb1@group-7EB39FB5DF22-LeaderElection59] INFO  impl.LeaderElection (LeaderElection.java:askForVotes(178)) - cbde3520-0cea-4357-bb04-1a0ae64b2bb1@group-7EB39FB5DF22-LeaderElection59: begin an election at term 47 for -1: [40d2d32e-dd25-45df-8070-f9dc56ccf0a7:192.168.34.62:41633, cbde3520-0cea-4357-bb04-1a0ae64b2bb1:192.168.34.62:41642, 443b071d-6096-48d6-bfe7-498b7c8032c0:192.168.34.62:46516], old=null
2019-10-17 07:41:35,044 [grpc-default-executor-4] INFO  impl.RaftServerImpl (RaftServerImpl.java:setRole(184)) - 443b071d-6096-48d6-bfe7-498b7c8032c0@group-7EB39FB5DF22: changes role from  FOLLOWER to FOLLOWER at term 47 for recognizeCandidate:cbde3520-0cea-4357-bb04-1a0ae64b2bb1
2019-10-17 07:41:35,044 [grpc-default-executor-1] INFO  impl.RaftServerImpl (RaftServerImpl.java:setRole(184)) - 40d2d32e-dd25-45df-8070-f9dc56ccf0a7@group-7EB39FB5DF22: changes role from  FOLLOWER to FOLLOWER at term 47 for recognizeCandidate:cbde3520-0cea-4357-bb04-1a0ae64b2bb1
2019-10-17 07:41:35,044 [grpc-default-executor-4] INFO  impl.RoleInfo (RoleInfo.java:shutdownFollowerState(121)) - 443b071d-6096-48d6-bfe7-498b7c8032c0: shutdown FollowerState
2019-10-17 07:41:35,044 [grpc-default-executor-1] INFO  impl.RoleInfo (RoleInfo.java:shutdownFollowerState(121)) - 40d2d32e-dd25-45df-8070-f9dc56ccf0a7: shutdown FollowerState
2019-10-17 07:41:35,045 [grpc-default-executor-4] INFO  impl.RoleInfo (RoleInfo.java:updateAndGet(143)) - 443b071d-6096-48d6-bfe7-498b7c8032c0: start FollowerState
2019-10-17 07:41:35,045 [Thread-597] INFO  impl.FollowerState (FollowerState.java:run(117)) - 443b071d-6096-48d6-bfe7-498b7c8032c0@group-7EB39FB5DF22-FollowerState was interrupted: java.lang.InterruptedException: sleep interrupted
2019-10-17 07:41:35,045 [grpc-default-executor-1] INFO  impl.RoleInfo (RoleInfo.java:updateAndGet(143)) - 40d2d32e-dd25-45df-8070-f9dc56ccf0a7: start FollowerState
2019-10-17 07:41:35,045 [Thread-596] INFO  impl.FollowerState (FollowerState.java:run(117)) - 40d2d32e-dd25-45df-8070-f9dc56ccf0a7@group-7EB39FB5DF22-FollowerState was interrupted: java.lang.InterruptedException: sleep interrupted
2019-10-17 07:41:35,059 [cbde3520-0cea-4357-bb04-1a0ae64b2bb1@group-7EB39FB5DF22-LeaderElection59] INFO  impl.LeaderElection (LeaderElection.java:logAndReturn(56)) - cbde3520-0cea-4357-bb04-1a0ae64b2bb1@group-7EB39FB5DF22-LeaderElection59: Election REJECTED; received 2 response(s) [cbde3520-0cea-4357-bb04-1a0ae64b2bb1<-40d2d32e-dd25-45df-8070-f9dc56ccf0a7#0:FAIL-t47, cbde3520-0cea-4357-bb04-1a0ae64b2bb1<-443b071d-6096-48d6-bfe7-498b7c8032c0#0:FAIL-t47] and 0 exception(s); cbde3520-0cea-4357-bb04-1a0ae64b2bb1@group-7EB39FB5DF22:t47, leader=null, voted=cbde3520-0cea-4357-bb04-1a0ae64b2bb1, raftlog=cbde3520-0cea-4357-bb04-1a0ae64b2bb1@group-7EB39FB5DF22-SegmentedRaftLog:OPENED:c-1,f-1,i0, conf=-1: [40d2d32e-dd25-45df-8070-f9dc56ccf0a7:192.168.34.62:41633, cbde3520-0cea-4357-bb04-1a0ae64b2bb1:192.168.34.62:41642, 443b071d-6096-48d6-bfe7-498b7c8032c0:192.168.34.62:46516], old=null
2019-10-17 07:41:35,059 [cbde3520-0cea-4357-bb04-1a0ae64b2bb1@group-7EB39FB5DF22-LeaderElection59] INFO  impl.RaftServerImpl (RaftServerImpl.java:setRole(184)) - cbde3520-0cea-4357-bb04-1a0ae64b2bb1@group-7EB39FB5DF22: changes role from CANDIDATE to FOLLOWER at term 47 for DISCOVERED_A_NEW_TERM
2019-10-17 07:41:35,060 [cbde3520-0cea-4357-bb04-1a0ae64b2bb1@group-7EB39FB5DF22-LeaderElection59] INFO  impl.RoleInfo (RoleInfo.java:shutdownLeaderElection(134)) - cbde3520-0cea-4357-bb04-1a0ae64b2bb1: shutdown LeaderElection
2019-10-17 07:41:35,060 [cbde3520-0cea-4357-bb04-1a0ae64b2bb1@group-7EB39FB5DF22-LeaderElection59] INFO  impl.RoleInfo (RoleInfo.java:updateAndGet(143)) - cbde3520-0cea-4357-bb04-1a0ae64b2bb1: start FollowerState
2019-10-17 07:41:35,119 [Thread-604] INFO  impl.FollowerState (FollowerState.java:run(108)) - cbde3520-0cea-4357-bb04-1a0ae64b2bb1@group-7EB39FB5DF22-FollowerState: change to CANDIDATE, lastRpcTime:59ms, electionTimeout:59ms
2019-10-17 07:41:35,119 [Thread-604] INFO  impl.RoleInfo (RoleInfo.java:shutdownFollowerState(121)) - cbde3520-0cea-4357-bb04-1a0ae64b2bb1: shutdown FollowerState
2019-10-17 07:41:35,120 [Thread-604] INFO  impl.RaftServerImpl (RaftServerImpl.java:setRole(184)) - cbde3520-0cea-4357-bb04-1a0ae64b2bb1@group-7EB39FB5DF22: changes role from  FOLLOWER to CANDIDATE at term 47 for changeToCandidate
2019-10-17 07:41:35,120 [Thread-604] INFO  impl.RoleInfo (RoleInfo.java:updateAndGet(143)) - cbde3520-0cea-4357-bb04-1a0ae64b2bb1: start LeaderElection
2019-10-17 07:41:35,144 [cbde3520-0cea-4357-bb04-1a0ae64b2bb1@group-7EB39FB5DF22-LeaderElection60] INFO  impl.LeaderElection (LeaderElection.java:askForVotes(178)) - cbde3520-0cea-4357-bb04-1a0ae64b2bb1@group-7EB39FB5DF22-LeaderElection60: begin an election at term 48 for -1: [40d2d32e-dd25-45df-8070-f9dc56ccf0a7:192.168.34.62:41633, cbde3520-0cea-4357-bb04-1a0ae64b2bb1:192.168.34.62:41642, 443b071d-6096-48d6-bfe7-498b7c8032c0:192.168.34.62:46516], old=null
2019-10-17 07:41:35,147 [grpc-default-executor-4] INFO  impl.RaftServerImpl (RaftServerImpl.java:setRole(184)) - 40d2d32e-dd25-45df-8070-f9dc56ccf0a7@group-7EB39FB5DF22: changes role from  FOLLOWER to FOLLOWER at term 48 for recognizeCandidate:cbde3520-0cea-4357-bb04-1a0ae64b2bb1
2019-10-17 07:41:35,147 [grpc-default-executor-4] INFO  impl.RoleInfo (RoleInfo.java:shutdownFollowerState(121)) - 40d2d32e-dd25-45df-8070-f9dc56ccf0a7: shutdown FollowerState
2019-10-17 07:41:35,147 [grpc-default-executor-1] INFO  impl.RaftServerImpl (RaftServerImpl.java:setRole(184)) - 443b071d-6096-48d6-bfe7-498b7c8032c0@group-7EB39FB5DF22: changes role from  FOLLOWER to FOLLOWER at term 48 for recognizeCandidate:cbde3520-0cea-4357-bb04-1a0ae64b2bb1
2019-10-17 07:41:35,147 [grpc-default-executor-4] INFO  impl.RoleInfo (RoleInfo.java:updateAndGet(143)) - 40d2d32e-dd25-45df-8070-f9dc56ccf0a7: start FollowerState
2019-10-17 07:41:35,147 [Thread-603] INFO  impl.FollowerState (FollowerState.java:run(117)) - 40d2d32e-dd25-45df-8070-f9dc56ccf0a7@group-7EB39FB5DF22-FollowerState was interrupted: java.lang.InterruptedException: sleep interrupted
2019-10-17 07:41:35,147 [grpc-default-executor-1] INFO  impl.RoleInfo (RoleInfo.java:shutdownFollowerState(121)) - 443b071d-6096-48d6-bfe7-498b7c8032c0: shutdown FollowerState
2019-10-17 07:41:35,148 [grpc-default-executor-1] INFO  impl.RoleInfo (RoleInfo.java:updateAndGet(143)) - 443b071d-6096-48d6-bfe7-498b7c8032c0: start FollowerState
2019-10-17 07:41:35,148 [Thread-602] INFO  impl.FollowerState (FollowerState.java:run(117)) - 443b071d-6096-48d6-bfe7-498b7c8032c0@group-7EB39FB5DF22-FollowerState was interrupted: java.lang.InterruptedException: sleep interrupted
2019-10-17 07:41:35,165 [cbde3520-0cea-4357-bb04-1a0ae64b2bb1@group-7EB39FB5DF22-LeaderElection60] INFO  impl.LeaderElection (LeaderElection.java:logAndReturn(56)) - cbde3520-0cea-4357-bb04-1a0ae64b2bb1@group-7EB39FB5DF22-LeaderElection60: Election REJECTED; received 2 response(s) [cbde3520-0cea-4357-bb04-1a0ae64b2bb1<-40d2d32e-dd25-45df-8070-f9dc56ccf0a7#0:FAIL-t48, cbde3520-0cea-4357-bb04-1a0ae64b2bb1<-443b071d-6096-48d6-bfe7-498b7c8032c0#0:FAIL-t48] and 0 exception(s); cbde3520-0cea-4357-bb04-1a0ae64b2bb1@group-7EB39FB5DF22:t48, leader=null, voted=cbde3520-0cea-4357-bb04-1a0ae64b2bb1, raftlog=cbde3520-0cea-4357-bb04-1a0ae64b2bb1@group-7EB39FB5DF22-SegmentedRaftLog:OPENED:c-1,f-1,i0, conf=-1: [40d2d32e-dd25-45df-8070-f9dc56ccf0a7:192.168.34.62:41633, cbde3520-0cea-4357-bb04-1a0ae64b2bb1:192.168.34.62:41642, 443b071d-6096-48d6-bfe7-498b7c8032c0:192.168.34.62:46516], old=null
2019-10-17 07:41:35,165 [cbde3520-0cea-4357-bb04-1a0ae64b2bb1@group-7EB39FB5DF22-LeaderElection60] INFO  impl.RaftServerImpl (RaftServerImpl.java:setRole(184)) - cbde3520-0cea-4357-bb04-1a0ae64b2bb1@group-7EB39FB5DF22: changes role from CANDIDATE to FOLLOWER at term 48 for DISCOVERED_A_NEW_TERM
2019-10-17 07:41:35,165 [cbde3520-0cea-4357-bb04-1a0ae64b2bb1@group-7EB39FB5DF22-LeaderElection60] INFO  impl.RoleInfo (RoleInfo.java:shutdownLeaderElection(134)) - cbde3520-0cea-4357-bb04-1a0ae64b2bb1: shutdown LeaderElection
2019-10-17 07:41:35,166 [cbde3520-0cea-4357-bb04-1a0ae64b2bb1@group-7EB39FB5DF22-LeaderElection60] INFO  impl.RoleInfo (RoleInfo.java:updateAndGet(143)) - cbde3520-0cea-4357-bb04-1a0ae64b2bb1: start FollowerState
2019-10-17 07:41:35,204 [main] INFO  ozone.MiniOzoneClusterImpl (MiniOzoneClusterImpl.java:lambda$waitForClusterToBeReady$2(164)) - Waiting for 1 number of pipelines out of 5, to report a leader.
2019-10-17 07:41:35,244 [Thread-610] INFO  impl.FollowerState (FollowerState.java:run(108)) - cbde3520-0cea-4357-bb04-1a0ae64b2bb1@group-7EB39FB5DF22-FollowerState: change to CANDIDATE, lastRpcTime:78ms, electionTimeout:78ms
2019-10-17 07:41:35,244 [Thread-610] INFO  impl.RoleInfo (RoleInfo.java:shutdownFollowerState(121)) - cbde3520-0cea-4357-bb04-1a0ae64b2bb1: shutdown FollowerState
2019-10-17 07:41:35,244 [Thread-610] INFO  impl.RaftServerImpl (RaftServerImpl.java:setRole(184)) - cbde3520-0cea-4357-bb04-1a0ae64b2bb1@group-7EB39FB5DF22: changes role from  FOLLOWER to CANDIDATE at term 48 for changeToCandidate
2019-10-17 07:41:35,244 [Thread-610] INFO  impl.RoleInfo (RoleInfo.java:updateAndGet(143)) - cbde3520-0cea-4357-bb04-1a0ae64b2bb1: start LeaderElection
2019-10-17 07:41:35,269 [cbde3520-0cea-4357-bb04-1a0ae64b2bb1@group-7EB39FB5DF22-LeaderElection61] INFO  impl.LeaderElection (LeaderElection.java:askForVotes(178)) - cbde3520-0cea-4357-bb04-1a0ae64b2bb1@group-7EB39FB5DF22-LeaderElection61: begin an election at term 49 for -1: [40d2d32e-dd25-45df-8070-f9dc56ccf0a7:192.168.34.62:41633, cbde3520-0cea-4357-bb04-1a0ae64b2bb1:192.168.34.62:41642, 443b071d-6096-48d6-bfe7-498b7c8032c0:192.168.34.62:46516], old=null
2019-10-17 07:41:35,272 [grpc-default-executor-1] INFO  impl.RaftServerImpl (RaftServerImpl.java:setRole(184)) - 443b071d-6096-48d6-bfe7-498b7c8032c0@group-7EB39FB5DF22: changes role from  FOLLOWER to FOLLOWER at term 49 for recognizeCandidate:cbde3520-0cea-4357-bb04-1a0ae64b2bb1
2019-10-17 07:41:35,272 [grpc-default-executor-4] INFO  impl.RaftServerImpl (RaftServerImpl.java:setRole(184)) - 40d2d32e-dd25-45df-8070-f9dc56ccf0a7@group-7EB39FB5DF22: changes role from  FOLLOWER to FOLLOWER at term 49 for recognizeCandidate:cbde3520-0cea-4357-bb04-1a0ae64b2bb1
2019-10-17 07:41:35,272 [grpc-default-executor-1] INFO  impl.RoleInfo (RoleInfo.java:shutdownFollowerState(121)) - 443b071d-6096-48d6-bfe7-498b7c8032c0: shutdown FollowerState
2019-10-17 07:41:35,272 [grpc-default-executor-4] INFO  impl.RoleInfo (RoleInfo.java:shutdownFollowerState(121)) - 40d2d32e-dd25-45df-8070-f9dc56ccf0a7: shutdown FollowerState
2019-10-17 07:41:35,272 [Thread-609] INFO  impl.FollowerState (FollowerState.java:run(117)) - 443b071d-6096-48d6-bfe7-498b7c8032c0@group-7EB39FB5DF22-FollowerState was interrupted: java.lang.InterruptedException: sleep interrupted
2019-10-17 07:41:35,272 [grpc-default-executor-1] INFO  impl.RoleInfo (RoleInfo.java:updateAndGet(143)) - 443b071d-6096-48d6-bfe7-498b7c8032c0: start FollowerState
2019-10-17 07:41:35,272 [grpc-default-executor-4] INFO  impl.RoleInfo (RoleInfo.java:updateAndGet(143)) - 40d2d32e-dd25-45df-8070-f9dc56ccf0a7: start FollowerState
2019-10-17 07:41:35,272 [Thread-608] INFO  impl.FollowerState (FollowerState.java:run(117)) - 40d2d32e-dd25-45df-8070-f9dc56ccf0a7@group-7EB39FB5DF22-FollowerState was interrupted: java.lang.InterruptedException: sleep interrupted
2019-10-17 07:41:35,287 [cbde3520-0cea-4357-bb04-1a0ae64b2bb1@group-7EB39FB5DF22-LeaderElection61] INFO  impl.LeaderElection (LeaderElection.java:logAndReturn(56)) - cbde3520-0cea-4357-bb04-1a0ae64b2bb1@group-7EB39FB5DF22-LeaderElection61: Election REJECTED; received 2 response(s) [cbde3520-0cea-4357-bb04-1a0ae64b2bb1<-40d2d32e-dd25-45df-8070-f9dc56ccf0a7#0:FAIL-t49, cbde3520-0cea-4357-bb04-1a0ae64b2bb1<-443b071d-6096-48d6-bfe7-498b7c8032c0#0:FAIL-t49] and 0 exception(s); cbde3520-0cea-4357-bb04-1a0ae64b2bb1@group-7EB39FB5DF22:t49, leader=null, voted=cbde3520-0cea-4357-bb04-1a0ae64b2bb1, raftlog=cbde3520-0cea-4357-bb04-1a0ae64b2bb1@group-7EB39FB5DF22-SegmentedRaftLog:OPENED:c-1,f-1,i0, conf=-1: [40d2d32e-dd25-45df-8070-f9dc56ccf0a7:192.168.34.62:41633, cbde3520-0cea-4357-bb04-1a0ae64b2bb1:192.168.34.62:41642, 443b071d-6096-48d6-bfe7-498b7c8032c0:192.168.34.62:46516], old=null
2019-10-17 07:41:35,288 [cbde3520-0cea-4357-bb04-1a0ae64b2bb1@group-7EB39FB5DF22-LeaderElection61] INFO  impl.RaftServerImpl (RaftServerImpl.java:setRole(184)) - cbde3520-0cea-4357-bb04-1a0ae64b2bb1@group-7EB39FB5DF22: changes role from CANDIDATE to FOLLOWER at term 49 for DISCOVERED_A_NEW_TERM
2019-10-17 07:41:35,288 [cbde3520-0cea-4357-bb04-1a0ae64b2bb1@group-7EB39FB5DF22-LeaderElection61] INFO  impl.RoleInfo (RoleInfo.java:shutdownLeaderElection(134)) - cbde3520-0cea-4357-bb04-1a0ae64b2bb1: shutdown LeaderElection
2019-10-17 07:41:35,288 [cbde3520-0cea-4357-bb04-1a0ae64b2bb1@group-7EB39FB5DF22-LeaderElection61] INFO  impl.RoleInfo (RoleInfo.java:updateAndGet(143)) - cbde3520-0cea-4357-bb04-1a0ae64b2bb1: start FollowerState
2019-10-17 07:41:35,426 [Thread-616] INFO  impl.FollowerState (FollowerState.java:run(108)) - cbde3520-0cea-4357-bb04-1a0ae64b2bb1@group-7EB39FB5DF22-FollowerState: change to CANDIDATE, lastRpcTime:137ms, electionTimeout:137ms
2019-10-17 07:41:35,426 [Thread-616] INFO  impl.RoleInfo (RoleInfo.java:shutdownFollowerState(121)) - cbde3520-0cea-4357-bb04-1a0ae64b2bb1: shutdown FollowerState
2019-10-17 07:41:35,426 [Thread-616] INFO  impl.RaftServerImpl (RaftServerImpl.java:setRole(184)) - cbde3520-0cea-4357-bb04-1a0ae64b2bb1@group-7EB39FB5DF22: changes role from  FOLLOWER to CANDIDATE at term 49 for changeToCandidate
2019-10-17 07:41:35,426 [Thread-616] INFO  impl.RoleInfo (RoleInfo.java:updateAndGet(143)) - cbde3520-0cea-4357-bb04-1a0ae64b2bb1: start LeaderElection
2019-10-17 07:41:35,449 [cbde3520-0cea-4357-bb04-1a0ae64b2bb1@group-7EB39FB5DF22-LeaderElection62] INFO  impl.LeaderElection (LeaderElection.java:askForVotes(178)) - cbde3520-0cea-4357-bb04-1a0ae64b2bb1@group-7EB39FB5DF22-LeaderElection62: begin an election at term 50 for -1: [40d2d32e-dd25-45df-8070-f9dc56ccf0a7:192.168.34.62:41633, cbde3520-0cea-4357-bb04-1a0ae64b2bb1:192.168.34.62:41642, 443b071d-6096-48d6-bfe7-498b7c8032c0:192.168.34.62:46516], old=null
2019-10-17 07:41:35,456 [grpc-default-executor-4] INFO  impl.RaftServerImpl (RaftServerImpl.java:setRole(184)) - 40d2d32e-dd25-45df-8070-f9dc56ccf0a7@group-7EB39FB5DF22: changes role from  FOLLOWER to FOLLOWER at term 50 for recognizeCandidate:cbde3520-0cea-4357-bb04-1a0ae64b2bb1
2019-10-17 07:41:35,456 [grpc-default-executor-1] INFO  impl.RaftServerImpl (RaftServerImpl.java:setRole(184)) - 443b071d-6096-48d6-bfe7-498b7c8032c0@group-7EB39FB5DF22: changes role from  FOLLOWER to FOLLOWER at term 50 for recognizeCandidate:cbde3520-0cea-4357-bb04-1a0ae64b2bb1
2019-10-17 07:41:35,456 [grpc-default-executor-4] INFO  impl.RoleInfo (RoleInfo.java:shutdownFollowerState(121)) - 40d2d32e-dd25-45df-8070-f9dc56ccf0a7: shutdown FollowerState
2019-10-17 07:41:35,456 [grpc-default-executor-1] INFO  impl.RoleInfo (RoleInfo.java:shutdownFollowerState(121)) - 443b071d-6096-48d6-bfe7-498b7c8032c0: shutdown FollowerState
2019-10-17 07:41:35,457 [Thread-615] INFO  impl.FollowerState (FollowerState.java:run(117)) - 40d2d32e-dd25-45df-8070-f9dc56ccf0a7@group-7EB39FB5DF22-FollowerState was interrupted: java.lang.InterruptedException: sleep interrupted
2019-10-17 07:41:35,457 [grpc-default-executor-4] INFO  impl.RoleInfo (RoleInfo.java:updateAndGet(143)) - 40d2d32e-dd25-45df-8070-f9dc56ccf0a7: start FollowerState
2019-10-17 07:41:35,457 [Thread-614] INFO  impl.FollowerState (FollowerState.java:run(117)) - 443b071d-6096-48d6-bfe7-498b7c8032c0@group-7EB39FB5DF22-FollowerState was interrupted: java.lang.InterruptedException: sleep interrupted
2019-10-17 07:41:35,457 [grpc-default-executor-1] INFO  impl.RoleInfo (RoleInfo.java:updateAndGet(143)) - 443b071d-6096-48d6-bfe7-498b7c8032c0: start FollowerState
2019-10-17 07:41:35,472 [cbde3520-0cea-4357-bb04-1a0ae64b2bb1@group-7EB39FB5DF22-LeaderElection62] INFO  impl.LeaderElection (LeaderElection.java:logAndReturn(56)) - cbde3520-0cea-4357-bb04-1a0ae64b2bb1@group-7EB39FB5DF22-LeaderElection62: Election REJECTED; received 2 response(s) [cbde3520-0cea-4357-bb04-1a0ae64b2bb1<-40d2d32e-dd25-45df-8070-f9dc56ccf0a7#0:FAIL-t50, cbde3520-0cea-4357-bb04-1a0ae64b2bb1<-443b071d-6096-48d6-bfe7-498b7c8032c0#0:FAIL-t50] and 0 exception(s); cbde3520-0cea-4357-bb04-1a0ae64b2bb1@group-7EB39FB5DF22:t50, leader=null, voted=cbde3520-0cea-4357-bb04-1a0ae64b2bb1, raftlog=cbde3520-0cea-4357-bb04-1a0ae64b2bb1@group-7EB39FB5DF22-SegmentedRaftLog:OPENED:c-1,f-1,i0, conf=-1: [40d2d32e-dd25-45df-8070-f9dc56ccf0a7:192.168.34.62:41633, cbde3520-0cea-4357-bb04-1a0ae64b2bb1:192.168.34.62:41642, 443b071d-6096-48d6-bfe7-498b7c8032c0:192.168.34.62:46516], old=null
2019-10-17 07:41:35,472 [cbde3520-0cea-4357-bb04-1a0ae64b2bb1@group-7EB39FB5DF22-LeaderElection62] INFO  impl.RaftServerImpl (RaftServerImpl.java:setRole(184)) - cbde3520-0cea-4357-bb04-1a0ae64b2bb1@group-7EB39FB5DF22: changes role from CANDIDATE to FOLLOWER at term 50 for DISCOVERED_A_NEW_TERM
2019-10-17 07:41:35,472 [cbde3520-0cea-4357-bb04-1a0ae64b2bb1@group-7EB39FB5DF22-LeaderElection62] INFO  impl.RoleInfo (RoleInfo.java:shutdownLeaderElection(134)) - cbde3520-0cea-4357-bb04-1a0ae64b2bb1: shutdown LeaderElection
2019-10-17 07:41:35,472 [cbde3520-0cea-4357-bb04-1a0ae64b2bb1@group-7EB39FB5DF22-LeaderElection62] INFO  impl.RoleInfo (RoleInfo.java:updateAndGet(143)) - cbde3520-0cea-4357-bb04-1a0ae64b2bb1: start FollowerState
2019-10-17 07:41:35,616 [Thread-622] INFO  impl.FollowerState (FollowerState.java:run(108)) - cbde3520-0cea-4357-bb04-1a0ae64b2bb1@group-7EB39FB5DF22-FollowerState: change to CANDIDATE, lastRpcTime:143ms, electionTimeout:143ms
2019-10-17 07:41:35,616 [Thread-622] INFO  impl.RoleInfo (RoleInfo.java:shutdownFollowerState(121)) - cbde3520-0cea-4357-bb04-1a0ae64b2bb1: shutdown FollowerState
2019-10-17 07:41:35,616 [Thread-622] INFO  impl.RaftServerImpl (RaftServerImpl.java:setRole(184)) - cbde3520-0cea-4357-bb04-1a0ae64b2bb1@group-7EB39FB5DF22: changes role from  FOLLOWER to CANDIDATE at term 50 for changeToCandidate
2019-10-17 07:41:35,616 [Thread-622] INFO  impl.RoleInfo (RoleInfo.java:updateAndGet(143)) - cbde3520-0cea-4357-bb04-1a0ae64b2bb1: start LeaderElection
2019-10-17 07:41:35,640 [cbde3520-0cea-4357-bb04-1a0ae64b2bb1@group-7EB39FB5DF22-LeaderElection63] INFO  impl.LeaderElection (LeaderElection.java:askForVotes(178)) - cbde3520-0cea-4357-bb04-1a0ae64b2bb1@group-7EB39FB5DF22-LeaderElection63: begin an election at term 51 for -1: [40d2d32e-dd25-45df-8070-f9dc56ccf0a7:192.168.34.62:41633, cbde3520-0cea-4357-bb04-1a0ae64b2bb1:192.168.34.62:41642, 443b071d-6096-48d6-bfe7-498b7c8032c0:192.168.34.62:46516], old=null
2019-10-17 07:41:35,644 [grpc-default-executor-1] INFO  impl.RaftServerImpl (RaftServerImpl.java:setRole(184)) - 40d2d32e-dd25-45df-8070-f9dc56ccf0a7@group-7EB39FB5DF22: changes role from  FOLLOWER to FOLLOWER at term 51 for recognizeCandidate:cbde3520-0cea-4357-bb04-1a0ae64b2bb1
2019-10-17 07:41:35,644 [grpc-default-executor-4] INFO  impl.RaftServerImpl (RaftServerImpl.java:setRole(184)) - 443b071d-6096-48d6-bfe7-498b7c8032c0@group-7EB39FB5DF22: changes role from  FOLLOWER to FOLLOWER at term 51 for recognizeCandidate:cbde3520-0cea-4357-bb04-1a0ae64b2bb1
2019-10-17 07:41:35,644 [grpc-default-executor-1] INFO  impl.RoleInfo (RoleInfo.java:shutdownFollowerState(121)) - 40d2d32e-dd25-45df-8070-f9dc56ccf0a7: shutdown FollowerState
2019-10-17 07:41:35,644 [grpc-default-executor-4] INFO  impl.RoleInfo (RoleInfo.java:shutdownFollowerState(121)) - 443b071d-6096-48d6-bfe7-498b7c8032c0: shutdown FollowerState
2019-10-17 07:41:35,644 [Thread-620] INFO  impl.FollowerState (FollowerState.java:run(117)) - 40d2d32e-dd25-45df-8070-f9dc56ccf0a7@group-7EB39FB5DF22-FollowerState was interrupted: java.lang.InterruptedException: sleep interrupted
2019-10-17 07:41:35,644 [grpc-default-executor-1] INFO  impl.RoleInfo (RoleInfo.java:updateAndGet(143)) - 40d2d32e-dd25-45df-8070-f9dc56ccf0a7: start FollowerState
2019-10-17 07:41:35,645 [Thread-621] INFO  impl.FollowerState (FollowerState.java:run(117)) - 443b071d-6096-48d6-bfe7-498b7c8032c0@group-7EB39FB5DF22-FollowerState was interrupted: java.lang.InterruptedException: sleep interrupted
2019-10-17 07:41:35,645 [grpc-default-executor-4] INFO  impl.RoleInfo (RoleInfo.java:updateAndGet(143)) - 443b071d-6096-48d6-bfe7-498b7c8032c0: start FollowerState
2019-10-17 07:41:35,670 [cbde3520-0cea-4357-bb04-1a0ae64b2bb1@group-7EB39FB5DF22-LeaderElection63] INFO  impl.LeaderElection (LeaderElection.java:logAndReturn(56)) - cbde3520-0cea-4357-bb04-1a0ae64b2bb1@group-7EB39FB5DF22-LeaderElection63: Election REJECTED; received 2 response(s) [cbde3520-0cea-4357-bb04-1a0ae64b2bb1<-40d2d32e-dd25-45df-8070-f9dc56ccf0a7#0:FAIL-t51, cbde3520-0cea-4357-bb04-1a0ae64b2bb1<-443b071d-6096-48d6-bfe7-498b7c8032c0#0:FAIL-t51] and 0 exception(s); cbde3520-0cea-4357-bb04-1a0ae64b2bb1@group-7EB39FB5DF22:t51, leader=null, voted=cbde3520-0cea-4357-bb04-1a0ae64b2bb1, raftlog=cbde3520-0cea-4357-bb04-1a0ae64b2bb1@group-7EB39FB5DF22-SegmentedRaftLog:OPENED:c-1,f-1,i0, conf=-1: [40d2d32e-dd25-45df-8070-f9dc56ccf0a7:192.168.34.62:41633, cbde3520-0cea-4357-bb04-1a0ae64b2bb1:192.168.34.62:41642, 443b071d-6096-48d6-bfe7-498b7c8032c0:192.168.34.62:46516], old=null
2019-10-17 07:41:35,670 [cbde3520-0cea-4357-bb04-1a0ae64b2bb1@group-7EB39FB5DF22-LeaderElection63] INFO  impl.RaftServerImpl (RaftServerImpl.java:setRole(184)) - cbde3520-0cea-4357-bb04-1a0ae64b2bb1@group-7EB39FB5DF22: changes role from CANDIDATE to FOLLOWER at term 51 for DISCOVERED_A_NEW_TERM
2019-10-17 07:41:35,671 [cbde3520-0cea-4357-bb04-1a0ae64b2bb1@group-7EB39FB5DF22-LeaderElection63] INFO  impl.RoleInfo (RoleInfo.java:shutdownLeaderElection(134)) - cbde3520-0cea-4357-bb04-1a0ae64b2bb1: shutdown LeaderElection
2019-10-17 07:41:35,671 [cbde3520-0cea-4357-bb04-1a0ae64b2bb1@group-7EB39FB5DF22-LeaderElection63] INFO  impl.RoleInfo (RoleInfo.java:updateAndGet(143)) - cbde3520-0cea-4357-bb04-1a0ae64b2bb1: start FollowerState
2019-10-17 07:41:35,795 [Thread-628] INFO  impl.FollowerState (FollowerState.java:run(108)) - cbde3520-0cea-4357-bb04-1a0ae64b2bb1@group-7EB39FB5DF22-FollowerState: change to CANDIDATE, lastRpcTime:124ms, electionTimeout:124ms
2019-10-17 07:41:35,795 [Thread-628] INFO  impl.RoleInfo (RoleInfo.java:shutdownFollowerState(121)) - cbde3520-0cea-4357-bb04-1a0ae64b2bb1: shutdown FollowerState
2019-10-17 07:41:35,796 [Thread-628] INFO  impl.RaftServerImpl (RaftServerImpl.java:setRole(184)) - cbde3520-0cea-4357-bb04-1a0ae64b2bb1@group-7EB39FB5DF22: changes role from  FOLLOWER to CANDIDATE at term 51 for changeToCandidate
2019-10-17 07:41:35,796 [Thread-628] INFO  impl.RoleInfo (RoleInfo.java:updateAndGet(143)) - cbde3520-0cea-4357-bb04-1a0ae64b2bb1: start LeaderElection
2019-10-17 07:41:35,820 [cbde3520-0cea-4357-bb04-1a0ae64b2bb1@group-7EB39FB5DF22-LeaderElection64] INFO  impl.LeaderElection (LeaderElection.java:askForVotes(178)) - cbde3520-0cea-4357-bb04-1a0ae64b2bb1@group-7EB39FB5DF22-LeaderElection64: begin an election at term 52 for -1: [40d2d32e-dd25-45df-8070-f9dc56ccf0a7:192.168.34.62:41633, cbde3520-0cea-4357-bb04-1a0ae64b2bb1:192.168.34.62:41642, 443b071d-6096-48d6-bfe7-498b7c8032c0:192.168.34.62:46516], old=null
2019-10-17 07:41:35,823 [grpc-default-executor-4] INFO  impl.RaftServerImpl (RaftServerImpl.java:setRole(184)) - 40d2d32e-dd25-45df-8070-f9dc56ccf0a7@group-7EB39FB5DF22: changes role from  FOLLOWER to FOLLOWER at term 52 for recognizeCandidate:cbde3520-0cea-4357-bb04-1a0ae64b2bb1
2019-10-17 07:41:35,823 [grpc-default-executor-1] INFO  impl.RaftServerImpl (RaftServerImpl.java:setRole(184)) - 443b071d-6096-48d6-bfe7-498b7c8032c0@group-7EB39FB5DF22: changes role from  FOLLOWER to FOLLOWER at term 52 for recognizeCandidate:cbde3520-0cea-4357-bb04-1a0ae64b2bb1
2019-10-17 07:41:35,823 [grpc-default-executor-4] INFO  impl.RoleInfo (RoleInfo.java:shutdownFollowerState(121)) - 40d2d32e-dd25-45df-8070-f9dc56ccf0a7: shutdown FollowerState
2019-10-17 07:41:35,823 [grpc-default-executor-1] INFO  impl.RoleInfo (RoleInfo.java:shutdownFollowerState(121)) - 443b071d-6096-48d6-bfe7-498b7c8032c0: shutdown FollowerState
2019-10-17 07:41:35,824 [Thread-626] INFO  impl.FollowerState (FollowerState.java:run(117)) - 40d2d32e-dd25-45df-8070-f9dc56ccf0a7@group-7EB39FB5DF22-FollowerState was interrupted: java.lang.InterruptedException: sleep interrupted
2019-10-17 07:41:35,824 [grpc-default-executor-4] INFO  impl.RoleInfo (RoleInfo.java:updateAndGet(143)) - 40d2d32e-dd25-45df-8070-f9dc56ccf0a7: start FollowerState
2019-10-17 07:41:35,824 [Thread-627] INFO  impl.FollowerState (FollowerState.java:run(117)) - 443b071d-6096-48d6-bfe7-498b7c8032c0@group-7EB39FB5DF22-FollowerState was interrupted: java.lang.InterruptedException: sleep interrupted
2019-10-17 07:41:35,824 [grpc-default-executor-1] INFO  impl.RoleInfo (RoleInfo.java:updateAndGet(143)) - 443b071d-6096-48d6-bfe7-498b7c8032c0: start FollowerState
2019-10-17 07:41:35,849 [cbde3520-0cea-4357-bb04-1a0ae64b2bb1@group-7EB39FB5DF22-LeaderElection64] INFO  impl.LeaderElection (LeaderElection.java:logAndReturn(56)) - cbde3520-0cea-4357-bb04-1a0ae64b2bb1@group-7EB39FB5DF22-LeaderElection64: Election REJECTED; received 2 response(s) [cbde3520-0cea-4357-bb04-1a0ae64b2bb1<-40d2d32e-dd25-45df-8070-f9dc56ccf0a7#0:FAIL-t52, cbde3520-0cea-4357-bb04-1a0ae64b2bb1<-443b071d-6096-48d6-bfe7-498b7c8032c0#0:FAIL-t52] and 0 exception(s); cbde3520-0cea-4357-bb04-1a0ae64b2bb1@group-7EB39FB5DF22:t52, leader=null, voted=cbde3520-0cea-4357-bb04-1a0ae64b2bb1, raftlog=cbde3520-0cea-4357-bb04-1a0ae64b2bb1@group-7EB39FB5DF22-SegmentedRaftLog:OPENED:c-1,f-1,i0, conf=-1: [40d2d32e-dd25-45df-8070-f9dc56ccf0a7:192.168.34.62:41633, cbde3520-0cea-4357-bb04-1a0ae64b2bb1:192.168.34.62:41642, 443b071d-6096-48d6-bfe7-498b7c8032c0:192.168.34.62:46516], old=null
2019-10-17 07:41:35,850 [cbde3520-0cea-4357-bb04-1a0ae64b2bb1@group-7EB39FB5DF22-LeaderElection64] INFO  impl.RaftServerImpl (RaftServerImpl.java:setRole(184)) - cbde3520-0cea-4357-bb04-1a0ae64b2bb1@group-7EB39FB5DF22: changes role from CANDIDATE to FOLLOWER at term 52 for DISCOVERED_A_NEW_TERM
2019-10-17 07:41:35,850 [cbde3520-0cea-4357-bb04-1a0ae64b2bb1@group-7EB39FB5DF22-LeaderElection64] INFO  impl.RoleInfo (RoleInfo.java:shutdownLeaderElection(134)) - cbde3520-0cea-4357-bb04-1a0ae64b2bb1: shutdown LeaderElection
2019-10-17 07:41:35,850 [cbde3520-0cea-4357-bb04-1a0ae64b2bb1@group-7EB39FB5DF22-LeaderElection64] INFO  impl.RoleInfo (RoleInfo.java:updateAndGet(143)) - cbde3520-0cea-4357-bb04-1a0ae64b2bb1: start FollowerState
2019-10-17 07:41:35,981 [Thread-634] INFO  impl.FollowerState (FollowerState.java:run(108)) - cbde3520-0cea-4357-bb04-1a0ae64b2bb1@group-7EB39FB5DF22-FollowerState: change to CANDIDATE, lastRpcTime:130ms, electionTimeout:130ms
2019-10-17 07:41:35,981 [Thread-634] INFO  impl.RoleInfo (RoleInfo.java:shutdownFollowerState(121)) - cbde3520-0cea-4357-bb04-1a0ae64b2bb1: shutdown FollowerState
2019-10-17 07:41:35,981 [Thread-634] INFO  impl.RaftServerImpl (RaftServerImpl.java:setRole(184)) - cbde3520-0cea-4357-bb04-1a0ae64b2bb1@group-7EB39FB5DF22: changes role from  FOLLOWER to CANDIDATE at term 52 for changeToCandidate
2019-10-17 07:41:35,981 [Thread-634] INFO  impl.RoleInfo (RoleInfo.java:updateAndGet(143)) - cbde3520-0cea-4357-bb04-1a0ae64b2bb1: start LeaderElection
2019-10-17 07:41:36,006 [cbde3520-0cea-4357-bb04-1a0ae64b2bb1@group-7EB39FB5DF22-LeaderElection65] INFO  impl.LeaderElection (LeaderElection.java:askForVotes(178)) - cbde3520-0cea-4357-bb04-1a0ae64b2bb1@group-7EB39FB5DF22-LeaderElection65: begin an election at term 53 for -1: [40d2d32e-dd25-45df-8070-f9dc56ccf0a7:192.168.34.62:41633, cbde3520-0cea-4357-bb04-1a0ae64b2bb1:192.168.34.62:41642, 443b071d-6096-48d6-bfe7-498b7c8032c0:192.168.34.62:46516], old=null
2019-10-17 07:41:36,008 [grpc-default-executor-4] INFO  impl.RaftServerImpl (RaftServerImpl.java:setRole(184)) - 40d2d32e-dd25-45df-8070-f9dc56ccf0a7@group-7EB39FB5DF22: changes role from  FOLLOWER to FOLLOWER at term 53 for recognizeCandidate:cbde3520-0cea-4357-bb04-1a0ae64b2bb1
2019-10-17 07:41:36,008 [grpc-default-executor-4] INFO  impl.RoleInfo (RoleInfo.java:shutdownFollowerState(121)) - 40d2d32e-dd25-45df-8070-f9dc56ccf0a7: shutdown FollowerState
2019-10-17 07:41:36,009 [grpc-default-executor-4] INFO  impl.RoleInfo (RoleInfo.java:updateAndGet(143)) - 40d2d32e-dd25-45df-8070-f9dc56ccf0a7: start FollowerState
2019-10-17 07:41:36,009 [Thread-632] INFO  impl.FollowerState (FollowerState.java:run(117)) - 40d2d32e-dd25-45df-8070-f9dc56ccf0a7@group-7EB39FB5DF22-FollowerState was interrupted: java.lang.InterruptedException: sleep interrupted
2019-10-17 07:41:36,009 [grpc-default-executor-1] INFO  impl.RaftServerImpl (RaftServerImpl.java:setRole(184)) - 443b071d-6096-48d6-bfe7-498b7c8032c0@group-7EB39FB5DF22: changes role from  FOLLOWER to FOLLOWER at term 53 for recognizeCandidate:cbde3520-0cea-4357-bb04-1a0ae64b2bb1
2019-10-17 07:41:36,009 [grpc-default-executor-1] INFO  impl.RoleInfo (RoleInfo.java:shutdownFollowerState(121)) - 443b071d-6096-48d6-bfe7-498b7c8032c0: shutdown FollowerState
2019-10-17 07:41:36,009 [grpc-default-executor-1] INFO  impl.RoleInfo (RoleInfo.java:updateAndGet(143)) - 443b071d-6096-48d6-bfe7-498b7c8032c0: start FollowerState
2019-10-17 07:41:36,009 [Thread-633] INFO  impl.FollowerState (FollowerState.java:run(117)) - 443b071d-6096-48d6-bfe7-498b7c8032c0@group-7EB39FB5DF22-FollowerState was interrupted: java.lang.InterruptedException: sleep interrupted
2019-10-17 07:41:36,011 [cbde3520-0cea-4357-bb04-1a0ae64b2bb1@group-7EB39FB5DF22-LeaderElection65] INFO  impl.LeaderElection (LeaderElection.java:logAndReturn(56)) - cbde3520-0cea-4357-bb04-1a0ae64b2bb1@group-7EB39FB5DF22-LeaderElection65: Election TIMEOUT; received 0 response(s) [] and 0 exception(s); cbde3520-0cea-4357-bb04-1a0ae64b2bb1@group-7EB39FB5DF22:t53, leader=null, voted=cbde3520-0cea-4357-bb04-1a0ae64b2bb1, raftlog=cbde3520-0cea-4357-bb04-1a0ae64b2bb1@group-7EB39FB5DF22-SegmentedRaftLog:OPENED:c-1,f-1,i0, conf=-1: [40d2d32e-dd25-45df-8070-f9dc56ccf0a7:192.168.34.62:41633, cbde3520-0cea-4357-bb04-1a0ae64b2bb1:192.168.34.62:41642, 443b071d-6096-48d6-bfe7-498b7c8032c0:192.168.34.62:46516], old=null
2019-10-17 07:41:36,023 [cbde3520-0cea-4357-bb04-1a0ae64b2bb1@group-7EB39FB5DF22-LeaderElection65] INFO  impl.LeaderElection (LeaderElection.java:askForVotes(178)) - cbde3520-0cea-4357-bb04-1a0ae64b2bb1@group-7EB39FB5DF22-LeaderElection65: begin an election at term 54 for -1: [40d2d32e-dd25-45df-8070-f9dc56ccf0a7:192.168.34.62:41633, cbde3520-0cea-4357-bb04-1a0ae64b2bb1:192.168.34.62:41642, 443b071d-6096-48d6-bfe7-498b7c8032c0:192.168.34.62:46516], old=null
2019-10-17 07:41:36,025 [grpc-default-executor-1] INFO  impl.RaftServerImpl (RaftServerImpl.java:setRole(184)) - 443b071d-6096-48d6-bfe7-498b7c8032c0@group-7EB39FB5DF22: changes role from  FOLLOWER to FOLLOWER at term 54 for recognizeCandidate:cbde3520-0cea-4357-bb04-1a0ae64b2bb1
2019-10-17 07:41:36,025 [grpc-default-executor-1] INFO  impl.RoleInfo (RoleInfo.java:shutdownFollowerState(121)) - 443b071d-6096-48d6-bfe7-498b7c8032c0: shutdown FollowerState
2019-10-17 07:41:36,025 [grpc-default-executor-4] INFO  impl.RaftServerImpl (RaftServerImpl.java:setRole(184)) - 40d2d32e-dd25-45df-8070-f9dc56ccf0a7@group-7EB39FB5DF22: changes role from  FOLLOWER to FOLLOWER at term 54 for recognizeCandidate:cbde3520-0cea-4357-bb04-1a0ae64b2bb1
2019-10-17 07:41:36,025 [grpc-default-executor-1] INFO  impl.RoleInfo (RoleInfo.java:updateAndGet(143)) - 443b071d-6096-48d6-bfe7-498b7c8032c0: start FollowerState
2019-10-17 07:41:36,025 [Thread-639] INFO  impl.FollowerState (FollowerState.java:run(117)) - 443b071d-6096-48d6-bfe7-498b7c8032c0@group-7EB39FB5DF22-FollowerState was interrupted: java.lang.InterruptedException: sleep interrupted
2019-10-17 07:41:36,025 [grpc-default-executor-4] INFO  impl.RoleInfo (RoleInfo.java:shutdownFollowerState(121)) - 40d2d32e-dd25-45df-8070-f9dc56ccf0a7: shutdown FollowerState
2019-10-17 07:41:36,026 [grpc-default-executor-4] INFO  impl.RoleInfo (RoleInfo.java:updateAndGet(143)) - 40d2d32e-dd25-45df-8070-f9dc56ccf0a7: start FollowerState
2019-10-17 07:41:36,026 [Thread-638] INFO  impl.FollowerState (FollowerState.java:run(117)) - 40d2d32e-dd25-45df-8070-f9dc56ccf0a7@group-7EB39FB5DF22-FollowerState was interrupted: java.lang.InterruptedException: sleep interrupted
2019-10-17 07:41:36,047 [cbde3520-0cea-4357-bb04-1a0ae64b2bb1@group-7EB39FB5DF22-LeaderElection65] INFO  impl.LeaderElection (LeaderElection.java:logAndReturn(56)) - cbde3520-0cea-4357-bb04-1a0ae64b2bb1@group-7EB39FB5DF22-LeaderElection65: Election TIMEOUT; received 0 response(s) [] and 0 exception(s); cbde3520-0cea-4357-bb04-1a0ae64b2bb1@group-7EB39FB5DF22:t54, leader=null, voted=cbde3520-0cea-4357-bb04-1a0ae64b2bb1, raftlog=cbde3520-0cea-4357-bb04-1a0ae64b2bb1@group-7EB39FB5DF22-SegmentedRaftLog:OPENED:c-1,f-1,i0, conf=-1: [40d2d32e-dd25-45df-8070-f9dc56ccf0a7:192.168.34.62:41633, cbde3520-0cea-4357-bb04-1a0ae64b2bb1:192.168.34.62:41642, 443b071d-6096-48d6-bfe7-498b7c8032c0:192.168.34.62:46516], old=null
2019-10-17 07:41:36,071 [cbde3520-0cea-4357-bb04-1a0ae64b2bb1@group-7EB39FB5DF22-LeaderElection65] INFO  impl.LeaderElection (LeaderElection.java:askForVotes(178)) - cbde3520-0cea-4357-bb04-1a0ae64b2bb1@group-7EB39FB5DF22-LeaderElection65: begin an election at term 55 for -1: [40d2d32e-dd25-45df-8070-f9dc56ccf0a7:192.168.34.62:41633, cbde3520-0cea-4357-bb04-1a0ae64b2bb1:192.168.34.62:41642, 443b071d-6096-48d6-bfe7-498b7c8032c0:192.168.34.62:46516], old=null
2019-10-17 07:41:36,073 [grpc-default-executor-1] INFO  impl.RaftServerImpl (RaftServerImpl.java:setRole(184)) - 40d2d32e-dd25-45df-8070-f9dc56ccf0a7@group-7EB39FB5DF22: changes role from  FOLLOWER to FOLLOWER at term 55 for recognizeCandidate:cbde3520-0cea-4357-bb04-1a0ae64b2bb1
2019-10-17 07:41:36,074 [grpc-default-executor-1] INFO  impl.RoleInfo (RoleInfo.java:shutdownFollowerState(121)) - 40d2d32e-dd25-45df-8070-f9dc56ccf0a7: shutdown FollowerState
2019-10-17 07:41:36,074 [grpc-default-executor-4] INFO  impl.RaftServerImpl (RaftServerImpl.java:setRole(184)) - 443b071d-6096-48d6-bfe7-498b7c8032c0@group-7EB39FB5DF22: changes role from  FOLLOWER to FOLLOWER at term 55 for recognizeCandidate:cbde3520-0cea-4357-bb04-1a0ae64b2bb1
2019-10-17 07:41:36,074 [Thread-643] INFO  impl.FollowerState (FollowerState.java:run(117)) - 40d2d32e-dd25-45df-8070-f9dc56ccf0a7@group-7EB39FB5DF22-FollowerState was interrupted: java.lang.InterruptedException: sleep interrupted
2019-10-17 07:41:36,074 [grpc-default-executor-1] INFO  impl.RoleInfo (RoleInfo.java:updateAndGet(143)) - 40d2d32e-dd25-45df-8070-f9dc56ccf0a7: start FollowerState
2019-10-17 07:41:36,074 [grpc-default-executor-4] INFO  impl.RoleInfo (RoleInfo.java:shutdownFollowerState(121)) - 443b071d-6096-48d6-bfe7-498b7c8032c0: shutdown FollowerState
2019-10-17 07:41:36,075 [grpc-default-executor-4] INFO  impl.RoleInfo (RoleInfo.java:updateAndGet(143)) - 443b071d-6096-48d6-bfe7-498b7c8032c0: start FollowerState
2019-10-17 07:41:36,075 [Thread-642] INFO  impl.FollowerState (FollowerState.java:run(117)) - 443b071d-6096-48d6-bfe7-498b7c8032c0@group-7EB39FB5DF22-FollowerState was interrupted: java.lang.InterruptedException: sleep interrupted
2019-10-17 07:41:36,094 [cbde3520-0cea-4357-bb04-1a0ae64b2bb1@group-7EB39FB5DF22-LeaderElection65] INFO  impl.LeaderElection (LeaderElection.java:logAndReturn(56)) - cbde3520-0cea-4357-bb04-1a0ae64b2bb1@group-7EB39FB5DF22-LeaderElection65: Election REJECTED; received 2 response(s) [cbde3520-0cea-4357-bb04-1a0ae64b2bb1<-40d2d32e-dd25-45df-8070-f9dc56ccf0a7#0:FAIL-t55, cbde3520-0cea-4357-bb04-1a0ae64b2bb1<-443b071d-6096-48d6-bfe7-498b7c8032c0#0:FAIL-t55] and 0 exception(s); cbde3520-0cea-4357-bb04-1a0ae64b2bb1@group-7EB39FB5DF22:t55, leader=null, voted=cbde3520-0cea-4357-bb04-1a0ae64b2bb1, raftlog=cbde3520-0cea-4357-bb04-1a0ae64b2bb1@group-7EB39FB5DF22-SegmentedRaftLog:OPENED:c-1,f-1,i0, conf=-1: [40d2d32e-dd25-45df-8070-f9dc56ccf0a7:192.168.34.62:41633, cbde3520-0cea-4357-bb04-1a0ae64b2bb1:192.168.34.62:41642, 443b071d-6096-48d6-bfe7-498b7c8032c0:192.168.34.62:46516], old=null
2019-10-17 07:41:36,094 [cbde3520-0cea-4357-bb04-1a0ae64b2bb1@group-7EB39FB5DF22-LeaderElection65] INFO  impl.RaftServerImpl (RaftServerImpl.java:setRole(184)) - cbde3520-0cea-4357-bb04-1a0ae64b2bb1@group-7EB39FB5DF22: changes role from CANDIDATE to FOLLOWER at term 55 for DISCOVERED_A_NEW_TERM
2019-10-17 07:41:36,094 [cbde3520-0cea-4357-bb04-1a0ae64b2bb1@group-7EB39FB5DF22-LeaderElection65] INFO  impl.RoleInfo (RoleInfo.java:shutdownLeaderElection(134)) - cbde3520-0cea-4357-bb04-1a0ae64b2bb1: shutdown LeaderElection
2019-10-17 07:41:36,094 [cbde3520-0cea-4357-bb04-1a0ae64b2bb1@group-7EB39FB5DF22-LeaderElection65] INFO  impl.RoleInfo (RoleInfo.java:updateAndGet(143)) - cbde3520-0cea-4357-bb04-1a0ae64b2bb1: start FollowerState
2019-10-17 07:41:36,205 [main] INFO  ozone.MiniOzoneClusterImpl (MiniOzoneClusterImpl.java:lambda$waitForClusterToBeReady$2(164)) - Waiting for 1 number of pipelines out of 5, to report a leader.
2019-10-17 07:41:36,213 [Thread-648] INFO  impl.FollowerState (FollowerState.java:run(108)) - cbde3520-0cea-4357-bb04-1a0ae64b2bb1@group-7EB39FB5DF22-FollowerState: change to CANDIDATE, lastRpcTime:118ms, electionTimeout:118ms
2019-10-17 07:41:36,213 [Thread-648] INFO  impl.RoleInfo (RoleInfo.java:shutdownFollowerState(121)) - cbde3520-0cea-4357-bb04-1a0ae64b2bb1: shutdown FollowerState
2019-10-17 07:41:36,213 [Thread-648] INFO  impl.RaftServerImpl (RaftServerImpl.java:setRole(184)) - cbde3520-0cea-4357-bb04-1a0ae64b2bb1@group-7EB39FB5DF22: changes role from  FOLLOWER to CANDIDATE at term 55 for changeToCandidate
2019-10-17 07:41:36,213 [Thread-648] INFO  impl.RoleInfo (RoleInfo.java:updateAndGet(143)) - cbde3520-0cea-4357-bb04-1a0ae64b2bb1: start LeaderElection
2019-10-17 07:41:36,227 [cbde3520-0cea-4357-bb04-1a0ae64b2bb1@group-7EB39FB5DF22-LeaderElection66] INFO  impl.LeaderElection (LeaderElection.java:askForVotes(178)) - cbde3520-0cea-4357-bb04-1a0ae64b2bb1@group-7EB39FB5DF22-LeaderElection66: begin an election at term 56 for -1: [40d2d32e-dd25-45df-8070-f9dc56ccf0a7:192.168.34.62:41633, cbde3520-0cea-4357-bb04-1a0ae64b2bb1:192.168.34.62:41642, 443b071d-6096-48d6-bfe7-498b7c8032c0:192.168.34.62:46516], old=null
2019-10-17 07:41:36,230 [grpc-default-executor-1] INFO  impl.RaftServerImpl (RaftServerImpl.java:setRole(184)) - 40d2d32e-dd25-45df-8070-f9dc56ccf0a7@group-7EB39FB5DF22: changes role from  FOLLOWER to FOLLOWER at term 56 for recognizeCandidate:cbde3520-0cea-4357-bb04-1a0ae64b2bb1
2019-10-17 07:41:36,230 [grpc-default-executor-1] INFO  impl.RoleInfo (RoleInfo.java:shutdownFollowerState(121)) - 40d2d32e-dd25-45df-8070-f9dc56ccf0a7: shutdown FollowerState
2019-10-17 07:41:36,230 [grpc-default-executor-4] INFO  impl.RaftServerImpl (RaftServerImpl.java:setRole(184)) - 443b071d-6096-48d6-bfe7-498b7c8032c0@group-7EB39FB5DF22: changes role from  FOLLOWER to FOLLOWER at term 56 for recognizeCandidate:cbde3520-0cea-4357-bb04-1a0ae64b2bb1
2019-10-17 07:41:36,230 [Thread-646] INFO  impl.FollowerState (FollowerState.java:run(117)) - 40d2d32e-dd25-45df-8070-f9dc56ccf0a7@group-7EB39FB5DF22-FollowerState was interrupted: java.lang.InterruptedException: sleep interrupted
2019-10-17 07:41:36,230 [grpc-default-executor-1] INFO  impl.RoleInfo (RoleInfo.java:updateAndGet(143)) - 40d2d32e-dd25-45df-8070-f9dc56ccf0a7: start FollowerState
2019-10-17 07:41:36,230 [grpc-default-executor-4] INFO  impl.RoleInfo (RoleInfo.java:shutdownFollowerState(121)) - 443b071d-6096-48d6-bfe7-498b7c8032c0: shutdown FollowerState
2019-10-17 07:41:36,231 [grpc-default-executor-4] INFO  impl.RoleInfo (RoleInfo.java:updateAndGet(143)) - 443b071d-6096-48d6-bfe7-498b7c8032c0: start FollowerState
2019-10-17 07:41:36,231 [Thread-647] INFO  impl.FollowerState (FollowerState.java:run(117)) - 443b071d-6096-48d6-bfe7-498b7c8032c0@group-7EB39FB5DF22-FollowerState was interrupted: java.lang.InterruptedException: sleep interrupted
2019-10-17 07:41:36,256 [cbde3520-0cea-4357-bb04-1a0ae64b2bb1@group-7EB39FB5DF22-LeaderElection66] INFO  impl.LeaderElection (LeaderElection.java:logAndReturn(56)) - cbde3520-0cea-4357-bb04-1a0ae64b2bb1@group-7EB39FB5DF22-LeaderElection66: Election REJECTED; received 2 response(s) [cbde3520-0cea-4357-bb04-1a0ae64b2bb1<-40d2d32e-dd25-45df-8070-f9dc56ccf0a7#0:FAIL-t56, cbde3520-0cea-4357-bb04-1a0ae64b2bb1<-443b071d-6096-48d6-bfe7-498b7c8032c0#0:FAIL-t56] and 0 exception(s); cbde3520-0cea-4357-bb04-1a0ae64b2bb1@group-7EB39FB5DF22:t56, leader=null, voted=cbde3520-0cea-4357-bb04-1a0ae64b2bb1, raftlog=cbde3520-0cea-4357-bb04-1a0ae64b2bb1@group-7EB39FB5DF22-SegmentedRaftLog:OPENED:c-1,f-1,i0, conf=-1: [40d2d32e-dd25-45df-8070-f9dc56ccf0a7:192.168.34.62:41633, cbde3520-0cea-4357-bb04-1a0ae64b2bb1:192.168.34.62:41642, 443b071d-6096-48d6-bfe7-498b7c8032c0:192.168.34.62:46516], old=null
2019-10-17 07:41:36,256 [cbde3520-0cea-4357-bb04-1a0ae64b2bb1@group-7EB39FB5DF22-LeaderElection66] INFO  impl.RaftServerImpl (RaftServerImpl.java:setRole(184)) - cbde3520-0cea-4357-bb04-1a0ae64b2bb1@group-7EB39FB5DF22: changes role from CANDIDATE to FOLLOWER at term 56 for DISCOVERED_A_NEW_TERM
2019-10-17 07:41:36,256 [cbde3520-0cea-4357-bb04-1a0ae64b2bb1@group-7EB39FB5DF22-LeaderElection66] INFO  impl.RoleInfo (RoleInfo.java:shutdownLeaderElection(134)) - cbde3520-0cea-4357-bb04-1a0ae64b2bb1: shutdown LeaderElection
2019-10-17 07:41:36,257 [cbde3520-0cea-4357-bb04-1a0ae64b2bb1@group-7EB39FB5DF22-LeaderElection66] INFO  impl.RoleInfo (RoleInfo.java:updateAndGet(143)) - cbde3520-0cea-4357-bb04-1a0ae64b2bb1: start FollowerState
2019-10-17 07:41:36,434 [Thread-654] INFO  impl.FollowerState (FollowerState.java:run(108)) - cbde3520-0cea-4357-bb04-1a0ae64b2bb1@group-7EB39FB5DF22-FollowerState: change to CANDIDATE, lastRpcTime:177ms, electionTimeout:177ms
2019-10-17 07:41:36,434 [Thread-654] INFO  impl.RoleInfo (RoleInfo.java:shutdownFollowerState(121)) - cbde3520-0cea-4357-bb04-1a0ae64b2bb1: shutdown FollowerState
2019-10-17 07:41:36,435 [Thread-654] INFO  impl.RaftServerImpl (RaftServerImpl.java:setRole(184)) - cbde3520-0cea-4357-bb04-1a0ae64b2bb1@group-7EB39FB5DF22: changes role from  FOLLOWER to CANDIDATE at term 56 for changeToCandidate
2019-10-17 07:41:36,435 [Thread-654] INFO  impl.RoleInfo (RoleInfo.java:updateAndGet(143)) - cbde3520-0cea-4357-bb04-1a0ae64b2bb1: start LeaderElection
2019-10-17 07:41:36,459 [cbde3520-0cea-4357-bb04-1a0ae64b2bb1@group-7EB39FB5DF22-LeaderElection67] INFO  impl.LeaderElection (LeaderElection.java:askForVotes(178)) - cbde3520-0cea-4357-bb04-1a0ae64b2bb1@group-7EB39FB5DF22-LeaderElection67: begin an election at term 57 for -1: [40d2d32e-dd25-45df-8070-f9dc56ccf0a7:192.168.34.62:41633, cbde3520-0cea-4357-bb04-1a0ae64b2bb1:192.168.34.62:41642, 443b071d-6096-48d6-bfe7-498b7c8032c0:192.168.34.62:46516], old=null
2019-10-17 07:41:36,461 [grpc-default-executor-4] INFO  impl.RaftServerImpl (RaftServerImpl.java:setRole(184)) - 40d2d32e-dd25-45df-8070-f9dc56ccf0a7@group-7EB39FB5DF22: changes role from  FOLLOWER to FOLLOWER at term 57 for recognizeCandidate:cbde3520-0cea-4357-bb04-1a0ae64b2bb1
2019-10-17 07:41:36,462 [grpc-default-executor-4] INFO  impl.RoleInfo (RoleInfo.java:shutdownFollowerState(121)) - 40d2d32e-dd25-45df-8070-f9dc56ccf0a7: shutdown FollowerState
2019-10-17 07:41:36,462 [grpc-default-executor-1] INFO  impl.RaftServerImpl (RaftServerImpl.java:setRole(184)) - 443b071d-6096-48d6-bfe7-498b7c8032c0@group-7EB39FB5DF22: changes role from  FOLLOWER to FOLLOWER at term 57 for recognizeCandidate:cbde3520-0cea-4357-bb04-1a0ae64b2bb1
2019-10-17 07:41:36,462 [Thread-652] INFO  impl.FollowerState (FollowerState.java:run(117)) - 40d2d32e-dd25-45df-8070-f9dc56ccf0a7@group-7EB39FB5DF22-FollowerState was interrupted: java.lang.InterruptedException: sleep interrupted
2019-10-17 07:41:36,462 [grpc-default-executor-4] INFO  impl.RoleInfo (RoleInfo.java:updateAndGet(143)) - 40d2d32e-dd25-45df-8070-f9dc56ccf0a7: start FollowerState
2019-10-17 07:41:36,462 [grpc-default-executor-1] INFO  impl.RoleInfo (RoleInfo.java:shutdownFollowerState(121)) - 443b071d-6096-48d6-bfe7-498b7c8032c0: shutdown FollowerState
2019-10-17 07:41:36,463 [grpc-default-executor-1] INFO  impl.RoleInfo (RoleInfo.java:updateAndGet(143)) - 443b071d-6096-48d6-bfe7-498b7c8032c0: start FollowerState
2019-10-17 07:41:36,463 [Thread-653] INFO  impl.FollowerState (FollowerState.java:run(117)) - 443b071d-6096-48d6-bfe7-498b7c8032c0@group-7EB39FB5DF22-FollowerState was interrupted: java.lang.InterruptedException: sleep interrupted
2019-10-17 07:41:36,488 [cbde3520-0cea-4357-bb04-1a0ae64b2bb1@group-7EB39FB5DF22-LeaderElection67] INFO  impl.LeaderElection (LeaderElection.java:logAndReturn(56)) - cbde3520-0cea-4357-bb04-1a0ae64b2bb1@group-7EB39FB5DF22-LeaderElection67: Election REJECTED; received 2 response(s) [cbde3520-0cea-4357-bb04-1a0ae64b2bb1<-40d2d32e-dd25-45df-8070-f9dc56ccf0a7#0:FAIL-t57, cbde3520-0cea-4357-bb04-1a0ae64b2bb1<-443b071d-6096-48d6-bfe7-498b7c8032c0#0:FAIL-t57] and 0 exception(s); cbde3520-0cea-4357-bb04-1a0ae64b2bb1@group-7EB39FB5DF22:t57, leader=null, voted=cbde3520-0cea-4357-bb04-1a0ae64b2bb1, raftlog=cbde3520-0cea-4357-bb04-1a0ae64b2bb1@group-7EB39FB5DF22-SegmentedRaftLog:OPENED:c-1,f-1,i0, conf=-1: [40d2d32e-dd25-45df-8070-f9dc56ccf0a7:192.168.34.62:41633, cbde3520-0cea-4357-bb04-1a0ae64b2bb1:192.168.34.62:41642, 443b071d-6096-48d6-bfe7-498b7c8032c0:192.168.34.62:46516], old=null
2019-10-17 07:41:36,488 [cbde3520-0cea-4357-bb04-1a0ae64b2bb1@group-7EB39FB5DF22-LeaderElection67] INFO  impl.RaftServerImpl (RaftServerImpl.java:setRole(184)) - cbde3520-0cea-4357-bb04-1a0ae64b2bb1@group-7EB39FB5DF22: changes role from CANDIDATE to FOLLOWER at term 57 for DISCOVERED_A_NEW_TERM
2019-10-17 07:41:36,488 [cbde3520-0cea-4357-bb04-1a0ae64b2bb1@group-7EB39FB5DF22-LeaderElection67] INFO  impl.RoleInfo (RoleInfo.java:shutdownLeaderElection(134)) - cbde3520-0cea-4357-bb04-1a0ae64b2bb1: shutdown LeaderElection
2019-10-17 07:41:36,489 [cbde3520-0cea-4357-bb04-1a0ae64b2bb1@group-7EB39FB5DF22-LeaderElection67] INFO  impl.RoleInfo (RoleInfo.java:updateAndGet(143)) - cbde3520-0cea-4357-bb04-1a0ae64b2bb1: start FollowerState
2019-10-17 07:41:36,583 [Thread-660] INFO  impl.FollowerState (FollowerState.java:run(108)) - cbde3520-0cea-4357-bb04-1a0ae64b2bb1@group-7EB39FB5DF22-FollowerState: change to CANDIDATE, lastRpcTime:94ms, electionTimeout:94ms
2019-10-17 07:41:36,583 [Thread-660] INFO  impl.RoleInfo (RoleInfo.java:shutdownFollowerState(121)) - cbde3520-0cea-4357-bb04-1a0ae64b2bb1: shutdown FollowerState
2019-10-17 07:41:36,584 [Thread-660] INFO  impl.RaftServerImpl (RaftServerImpl.java:setRole(184)) - cbde3520-0cea-4357-bb04-1a0ae64b2bb1@group-7EB39FB5DF22: changes role from  FOLLOWER to CANDIDATE at term 57 for changeToCandidate
2019-10-17 07:41:36,584 [Thread-660] INFO  impl.RoleInfo (RoleInfo.java:updateAndGet(143)) - cbde3520-0cea-4357-bb04-1a0ae64b2bb1: start LeaderElection
2019-10-17 07:41:36,608 [cbde3520-0cea-4357-bb04-1a0ae64b2bb1@group-7EB39FB5DF22-LeaderElection68] INFO  impl.LeaderElection (LeaderElection.java:askForVotes(178)) - cbde3520-0cea-4357-bb04-1a0ae64b2bb1@group-7EB39FB5DF22-LeaderElection68: begin an election at term 58 for -1: [40d2d32e-dd25-45df-8070-f9dc56ccf0a7:192.168.34.62:41633, cbde3520-0cea-4357-bb04-1a0ae64b2bb1:192.168.34.62:41642, 443b071d-6096-48d6-bfe7-498b7c8032c0:192.168.34.62:46516], old=null
2019-10-17 07:41:36,611 [grpc-default-executor-4] INFO  impl.RaftServerImpl (RaftServerImpl.java:setRole(184)) - 40d2d32e-dd25-45df-8070-f9dc56ccf0a7@group-7EB39FB5DF22: changes role from  FOLLOWER to FOLLOWER at term 58 for recognizeCandidate:cbde3520-0cea-4357-bb04-1a0ae64b2bb1
2019-10-17 07:41:36,611 [grpc-default-executor-1] INFO  impl.RaftServerImpl (RaftServerImpl.java:setRole(184)) - 443b071d-6096-48d6-bfe7-498b7c8032c0@group-7EB39FB5DF22: changes role from  FOLLOWER to FOLLOWER at term 58 for recognizeCandidate:cbde3520-0cea-4357-bb04-1a0ae64b2bb1
2019-10-17 07:41:36,611 [grpc-default-executor-4] INFO  impl.RoleInfo (RoleInfo.java:shutdownFollowerState(121)) - 40d2d32e-dd25-45df-8070-f9dc56ccf0a7: shutdown FollowerState
2019-10-17 07:41:36,611 [grpc-default-executor-1] INFO  impl.RoleInfo (RoleInfo.java:shutdownFollowerState(121)) - 443b071d-6096-48d6-bfe7-498b7c8032c0: shutdown FollowerState
2019-10-17 07:41:36,611 [Thread-658] INFO  impl.FollowerState (FollowerState.java:run(117)) - 40d2d32e-dd25-45df-8070-f9dc56ccf0a7@group-7EB39FB5DF22-FollowerState was interrupted: java.lang.InterruptedException: sleep interrupted
2019-10-17 07:41:36,611 [grpc-default-executor-4] INFO  impl.RoleInfo (RoleInfo.java:updateAndGet(143)) - 40d2d32e-dd25-45df-8070-f9dc56ccf0a7: start FollowerState
2019-10-17 07:41:36,612 [Thread-659] INFO  impl.FollowerState (FollowerState.java:run(117)) - 443b071d-6096-48d6-bfe7-498b7c8032c0@group-7EB39FB5DF22-FollowerState was interrupted: java.lang.InterruptedException: sleep interrupted
2019-10-17 07:41:36,612 [grpc-default-executor-1] INFO  impl.RoleInfo (RoleInfo.java:updateAndGet(143)) - 443b071d-6096-48d6-bfe7-498b7c8032c0: start FollowerState
2019-10-17 07:41:36,637 [cbde3520-0cea-4357-bb04-1a0ae64b2bb1@group-7EB39FB5DF22-LeaderElection68] INFO  impl.LeaderElection (LeaderElection.java:logAndReturn(56)) - cbde3520-0cea-4357-bb04-1a0ae64b2bb1@group-7EB39FB5DF22-LeaderElection68: Election REJECTED; received 2 response(s) [cbde3520-0cea-4357-bb04-1a0ae64b2bb1<-40d2d32e-dd25-45df-8070-f9dc56ccf0a7#0:FAIL-t58, cbde3520-0cea-4357-bb04-1a0ae64b2bb1<-443b071d-6096-48d6-bfe7-498b7c8032c0#0:FAIL-t58] and 0 exception(s); cbde3520-0cea-4357-bb04-1a0ae64b2bb1@group-7EB39FB5DF22:t58, leader=null, voted=cbde3520-0cea-4357-bb04-1a0ae64b2bb1, raftlog=cbde3520-0cea-4357-bb04-1a0ae64b2bb1@group-7EB39FB5DF22-SegmentedRaftLog:OPENED:c-1,f-1,i0, conf=-1: [40d2d32e-dd25-45df-8070-f9dc56ccf0a7:192.168.34.62:41633, cbde3520-0cea-4357-bb04-1a0ae64b2bb1:192.168.34.62:41642, 443b071d-6096-48d6-bfe7-498b7c8032c0:192.168.34.62:46516], old=null
2019-10-17 07:41:36,637 [cbde3520-0cea-4357-bb04-1a0ae64b2bb1@group-7EB39FB5DF22-LeaderElection68] INFO  impl.RaftServerImpl (RaftServerImpl.java:setRole(184)) - cbde3520-0cea-4357-bb04-1a0ae64b2bb1@group-7EB39FB5DF22: changes role from CANDIDATE to FOLLOWER at term 58 for DISCOVERED_A_NEW_TERM
2019-10-17 07:41:36,637 [cbde3520-0cea-4357-bb04-1a0ae64b2bb1@group-7EB39FB5DF22-LeaderElection68] INFO  impl.RoleInfo (RoleInfo.java:shutdownLeaderElection(134)) - cbde3520-0cea-4357-bb04-1a0ae64b2bb1: shutdown LeaderElection
2019-10-17 07:41:36,637 [cbde3520-0cea-4357-bb04-1a0ae64b2bb1@group-7EB39FB5DF22-LeaderElection68] INFO  impl.RoleInfo (RoleInfo.java:updateAndGet(143)) - cbde3520-0cea-4357-bb04-1a0ae64b2bb1: start FollowerState
2019-10-17 07:41:36,757 [Thread-666] INFO  impl.FollowerState (FollowerState.java:run(108)) - cbde3520-0cea-4357-bb04-1a0ae64b2bb1@group-7EB39FB5DF22-FollowerState: change to CANDIDATE, lastRpcTime:119ms, electionTimeout:119ms
2019-10-17 07:41:36,757 [Thread-666] INFO  impl.RoleInfo (RoleInfo.java:shutdownFollowerState(121)) - cbde3520-0cea-4357-bb04-1a0ae64b2bb1: shutdown FollowerState
2019-10-17 07:41:36,757 [Thread-666] INFO  impl.RaftServerImpl (RaftServerImpl.java:setRole(184)) - cbde3520-0cea-4357-bb04-1a0ae64b2bb1@group-7EB39FB5DF22: changes role from  FOLLOWER to CANDIDATE at term 58 for changeToCandidate
2019-10-17 07:41:36,758 [Thread-666] INFO  impl.RoleInfo (RoleInfo.java:updateAndGet(143)) - cbde3520-0cea-4357-bb04-1a0ae64b2bb1: start LeaderElection
2019-10-17 07:41:36,781 [cbde3520-0cea-4357-bb04-1a0ae64b2bb1@group-7EB39FB5DF22-LeaderElection69] INFO  impl.LeaderElection (LeaderElection.java:askForVotes(178)) - cbde3520-0cea-4357-bb04-1a0ae64b2bb1@group-7EB39FB5DF22-LeaderElection69: begin an election at term 59 for -1: [40d2d32e-dd25-45df-8070-f9dc56ccf0a7:192.168.34.62:41633, cbde3520-0cea-4357-bb04-1a0ae64b2bb1:192.168.34.62:41642, 443b071d-6096-48d6-bfe7-498b7c8032c0:192.168.34.62:46516], old=null
2019-10-17 07:41:36,784 [grpc-default-executor-4] INFO  impl.RaftServerImpl (RaftServerImpl.java:setRole(184)) - 40d2d32e-dd25-45df-8070-f9dc56ccf0a7@group-7EB39FB5DF22: changes role from  FOLLOWER to FOLLOWER at term 59 for recognizeCandidate:cbde3520-0cea-4357-bb04-1a0ae64b2bb1
2019-10-17 07:41:36,784 [grpc-default-executor-1] INFO  impl.RaftServerImpl (RaftServerImpl.java:setRole(184)) - 443b071d-6096-48d6-bfe7-498b7c8032c0@group-7EB39FB5DF22: changes role from  FOLLOWER to FOLLOWER at term 59 for recognizeCandidate:cbde3520-0cea-4357-bb04-1a0ae64b2bb1
2019-10-17 07:41:36,784 [grpc-default-executor-4] INFO  impl.RoleInfo (RoleInfo.java:shutdownFollowerState(121)) - 40d2d32e-dd25-45df-8070-f9dc56ccf0a7: shutdown FollowerState
2019-10-17 07:41:36,784 [grpc-default-executor-1] INFO  impl.RoleInfo (RoleInfo.java:shutdownFollowerState(121)) - 443b071d-6096-48d6-bfe7-498b7c8032c0: shutdown FollowerState
2019-10-17 07:41:36,784 [Thread-664] INFO  impl.FollowerState (FollowerState.java:run(117)) - 40d2d32e-dd25-45df-8070-f9dc56ccf0a7@group-7EB39FB5DF22-FollowerState was interrupted: java.lang.InterruptedException: sleep interrupted
2019-10-17 07:41:36,784 [grpc-default-executor-4] INFO  impl.RoleInfo (RoleInfo.java:updateAndGet(143)) - 40d2d32e-dd25-45df-8070-f9dc56ccf0a7: start FollowerState
2019-10-17 07:41:36,785 [Thread-665] INFO  impl.FollowerState (FollowerState.java:run(117)) - 443b071d-6096-48d6-bfe7-498b7c8032c0@group-7EB39FB5DF22-FollowerState was interrupted: java.lang.InterruptedException: sleep interrupted
2019-10-17 07:41:36,785 [grpc-default-executor-1] INFO  impl.RoleInfo (RoleInfo.java:updateAndGet(143)) - 443b071d-6096-48d6-bfe7-498b7c8032c0: start FollowerState
2019-10-17 07:41:36,810 [cbde3520-0cea-4357-bb04-1a0ae64b2bb1@group-7EB39FB5DF22-LeaderElection69] INFO  impl.LeaderElection (LeaderElection.java:logAndReturn(56)) - cbde3520-0cea-4357-bb04-1a0ae64b2bb1@group-7EB39FB5DF22-LeaderElection69: Election REJECTED; received 2 response(s) [cbde3520-0cea-4357-bb04-1a0ae64b2bb1<-40d2d32e-dd25-45df-8070-f9dc56ccf0a7#0:FAIL-t59, cbde3520-0cea-4357-bb04-1a0ae64b2bb1<-443b071d-6096-48d6-bfe7-498b7c8032c0#0:FAIL-t59] and 0 exception(s); cbde3520-0cea-4357-bb04-1a0ae64b2bb1@group-7EB39FB5DF22:t59, leader=null, voted=cbde3520-0cea-4357-bb04-1a0ae64b2bb1, raftlog=cbde3520-0cea-4357-bb04-1a0ae64b2bb1@group-7EB39FB5DF22-SegmentedRaftLog:OPENED:c-1,f-1,i0, conf=-1: [40d2d32e-dd25-45df-8070-f9dc56ccf0a7:192.168.34.62:41633, cbde3520-0cea-4357-bb04-1a0ae64b2bb1:192.168.34.62:41642, 443b071d-6096-48d6-bfe7-498b7c8032c0:192.168.34.62:46516], old=null
2019-10-17 07:41:36,810 [cbde3520-0cea-4357-bb04-1a0ae64b2bb1@group-7EB39FB5DF22-LeaderElection69] INFO  impl.RaftServerImpl (RaftServerImpl.java:setRole(184)) - cbde3520-0cea-4357-bb04-1a0ae64b2bb1@group-7EB39FB5DF22: changes role from CANDIDATE to FOLLOWER at term 59 for DISCOVERED_A_NEW_TERM
2019-10-17 07:41:36,810 [cbde3520-0cea-4357-bb04-1a0ae64b2bb1@group-7EB39FB5DF22-LeaderElection69] INFO  impl.RoleInfo (RoleInfo.java:shutdownLeaderElection(134)) - cbde3520-0cea-4357-bb04-1a0ae64b2bb1: shutdown LeaderElection
2019-10-17 07:41:36,810 [cbde3520-0cea-4357-bb04-1a0ae64b2bb1@group-7EB39FB5DF22-LeaderElection69] INFO  impl.RoleInfo (RoleInfo.java:updateAndGet(143)) - cbde3520-0cea-4357-bb04-1a0ae64b2bb1: start FollowerState
2019-10-17 07:41:36,896 [Thread-672] INFO  impl.FollowerState (FollowerState.java:run(108)) - cbde3520-0cea-4357-bb04-1a0ae64b2bb1@group-7EB39FB5DF22-FollowerState: change to CANDIDATE, lastRpcTime:85ms, electionTimeout:85ms
2019-10-17 07:41:36,896 [Thread-672] INFO  impl.RoleInfo (RoleInfo.java:shutdownFollowerState(121)) - cbde3520-0cea-4357-bb04-1a0ae64b2bb1: shutdown FollowerState
2019-10-17 07:41:36,896 [Thread-672] INFO  impl.RaftServerImpl (RaftServerImpl.java:setRole(184)) - cbde3520-0cea-4357-bb04-1a0ae64b2bb1@group-7EB39FB5DF22: changes role from  FOLLOWER to CANDIDATE at term 59 for changeToCandidate
2019-10-17 07:41:36,896 [Thread-672] INFO  impl.RoleInfo (RoleInfo.java:updateAndGet(143)) - cbde3520-0cea-4357-bb04-1a0ae64b2bb1: start LeaderElection
2019-10-17 07:41:36,910 [cbde3520-0cea-4357-bb04-1a0ae64b2bb1@group-7EB39FB5DF22-LeaderElection70] INFO  impl.LeaderElection (LeaderElection.java:askForVotes(178)) - cbde3520-0cea-4357-bb04-1a0ae64b2bb1@group-7EB39FB5DF22-LeaderElection70: begin an election at term 60 for -1: [40d2d32e-dd25-45df-8070-f9dc56ccf0a7:192.168.34.62:41633, cbde3520-0cea-4357-bb04-1a0ae64b2bb1:192.168.34.62:41642, 443b071d-6096-48d6-bfe7-498b7c8032c0:192.168.34.62:46516], old=null
2019-10-17 07:41:36,913 [grpc-default-executor-4] INFO  impl.RaftServerImpl (RaftServerImpl.java:setRole(184)) - 443b071d-6096-48d6-bfe7-498b7c8032c0@group-7EB39FB5DF22: changes role from  FOLLOWER to FOLLOWER at term 60 for recognizeCandidate:cbde3520-0cea-4357-bb04-1a0ae64b2bb1
2019-10-17 07:41:36,913 [grpc-default-executor-4] INFO  impl.RoleInfo (RoleInfo.java:shutdownFollowerState(121)) - 443b071d-6096-48d6-bfe7-498b7c8032c0: shutdown FollowerState
2019-10-17 07:41:36,913 [grpc-default-executor-1] INFO  impl.RaftServerImpl (RaftServerImpl.java:setRole(184)) - 40d2d32e-dd25-45df-8070-f9dc56ccf0a7@group-7EB39FB5DF22: changes role from  FOLLOWER to FOLLOWER at term 60 for recognizeCandidate:cbde3520-0cea-4357-bb04-1a0ae64b2bb1
2019-10-17 07:41:36,913 [grpc-default-executor-4] INFO  impl.RoleInfo (RoleInfo.java:updateAndGet(143)) - 443b071d-6096-48d6-bfe7-498b7c8032c0: start FollowerState
2019-10-17 07:41:36,913 [Thread-671] INFO  impl.FollowerState (FollowerState.java:run(117)) - 443b071d-6096-48d6-bfe7-498b7c8032c0@group-7EB39FB5DF22-FollowerState was interrupted: java.lang.InterruptedException: sleep interrupted
2019-10-17 07:41:36,913 [grpc-default-executor-1] INFO  impl.RoleInfo (RoleInfo.java:shutdownFollowerState(121)) - 40d2d32e-dd25-45df-8070-f9dc56ccf0a7: shutdown FollowerState
2019-10-17 07:41:36,914 [grpc-default-executor-1] INFO  impl.RoleInfo (RoleInfo.java:updateAndGet(143)) - 40d2d32e-dd25-45df-8070-f9dc56ccf0a7: start FollowerState
2019-10-17 07:41:36,914 [Thread-670] INFO  impl.FollowerState (FollowerState.java:run(117)) - 40d2d32e-dd25-45df-8070-f9dc56ccf0a7@group-7EB39FB5DF22-FollowerState was interrupted: java.lang.InterruptedException: sleep interrupted
2019-10-17 07:41:36,956 [cbde3520-0cea-4357-bb04-1a0ae64b2bb1@group-7EB39FB5DF22-LeaderElection70] INFO  impl.LeaderElection (LeaderElection.java:logAndReturn(56)) - cbde3520-0cea-4357-bb04-1a0ae64b2bb1@group-7EB39FB5DF22-LeaderElection70: Election REJECTED; received 2 response(s) [cbde3520-0cea-4357-bb04-1a0ae64b2bb1<-40d2d32e-dd25-45df-8070-f9dc56ccf0a7#0:FAIL-t60, cbde3520-0cea-4357-bb04-1a0ae64b2bb1<-443b071d-6096-48d6-bfe7-498b7c8032c0#0:FAIL-t60] and 0 exception(s); cbde3520-0cea-4357-bb04-1a0ae64b2bb1@group-7EB39FB5DF22:t60, leader=null, voted=cbde3520-0cea-4357-bb04-1a0ae64b2bb1, raftlog=cbde3520-0cea-4357-bb04-1a0ae64b2bb1@group-7EB39FB5DF22-SegmentedRaftLog:OPENED:c-1,f-1,i0, conf=-1: [40d2d32e-dd25-45df-8070-f9dc56ccf0a7:192.168.34.62:41633, cbde3520-0cea-4357-bb04-1a0ae64b2bb1:192.168.34.62:41642, 443b071d-6096-48d6-bfe7-498b7c8032c0:192.168.34.62:46516], old=null
2019-10-17 07:41:36,956 [cbde3520-0cea-4357-bb04-1a0ae64b2bb1@group-7EB39FB5DF22-LeaderElection70] INFO  impl.RaftServerImpl (RaftServerImpl.java:setRole(184)) - cbde3520-0cea-4357-bb04-1a0ae64b2bb1@group-7EB39FB5DF22: changes role from CANDIDATE to FOLLOWER at term 60 for DISCOVERED_A_NEW_TERM
2019-10-17 07:41:36,957 [cbde3520-0cea-4357-bb04-1a0ae64b2bb1@group-7EB39FB5DF22-LeaderElection70] INFO  impl.RoleInfo (RoleInfo.java:shutdownLeaderElection(134)) - cbde3520-0cea-4357-bb04-1a0ae64b2bb1: shutdown LeaderElection
2019-10-17 07:41:36,957 [cbde3520-0cea-4357-bb04-1a0ae64b2bb1@group-7EB39FB5DF22-LeaderElection70] INFO  impl.RoleInfo (RoleInfo.java:updateAndGet(143)) - cbde3520-0cea-4357-bb04-1a0ae64b2bb1: start FollowerState
2019-10-17 07:41:36,992 [Thread-678] INFO  impl.FollowerState (FollowerState.java:run(108)) - cbde3520-0cea-4357-bb04-1a0ae64b2bb1@group-7EB39FB5DF22-FollowerState: change to CANDIDATE, lastRpcTime:35ms, electionTimeout:35ms
2019-10-17 07:41:36,993 [Thread-678] INFO  impl.RoleInfo (RoleInfo.java:shutdownFollowerState(121)) - cbde3520-0cea-4357-bb04-1a0ae64b2bb1: shutdown FollowerState
2019-10-17 07:41:36,993 [Thread-678] INFO  impl.RaftServerImpl (RaftServerImpl.java:setRole(184)) - cbde3520-0cea-4357-bb04-1a0ae64b2bb1@group-7EB39FB5DF22: changes role from  FOLLOWER to CANDIDATE at term 60 for changeToCandidate
2019-10-17 07:41:36,993 [Thread-678] INFO  impl.RoleInfo (RoleInfo.java:updateAndGet(143)) - cbde3520-0cea-4357-bb04-1a0ae64b2bb1: start LeaderElection
2019-10-17 07:41:37,017 [cbde3520-0cea-4357-bb04-1a0ae64b2bb1@group-7EB39FB5DF22-LeaderElection71] INFO  impl.LeaderElection (LeaderElection.java:askForVotes(178)) - cbde3520-0cea-4357-bb04-1a0ae64b2bb1@group-7EB39FB5DF22-LeaderElection71: begin an election at term 61 for -1: [40d2d32e-dd25-45df-8070-f9dc56ccf0a7:192.168.34.62:41633, cbde3520-0cea-4357-bb04-1a0ae64b2bb1:192.168.34.62:41642, 443b071d-6096-48d6-bfe7-498b7c8032c0:192.168.34.62:46516], old=null
2019-10-17 07:41:37,023 [grpc-default-executor-4] INFO  impl.RaftServerImpl (RaftServerImpl.java:setRole(184)) - 40d2d32e-dd25-45df-8070-f9dc56ccf0a7@group-7EB39FB5DF22: changes role from  FOLLOWER to FOLLOWER at term 61 for recognizeCandidate:cbde3520-0cea-4357-bb04-1a0ae64b2bb1
2019-10-17 07:41:37,023 [grpc-default-executor-1] INFO  impl.RaftServerImpl (RaftServerImpl.java:setRole(184)) - 443b071d-6096-48d6-bfe7-498b7c8032c0@group-7EB39FB5DF22: changes role from  FOLLOWER to FOLLOWER at term 61 for recognizeCandidate:cbde3520-0cea-4357-bb04-1a0ae64b2bb1
2019-10-17 07:41:37,024 [grpc-default-executor-1] INFO  impl.RoleInfo (RoleInfo.java:shutdownFollowerState(121)) - 443b071d-6096-48d6-bfe7-498b7c8032c0: shutdown FollowerState
2019-10-17 07:41:37,024 [grpc-default-executor-4] INFO  impl.RoleInfo (RoleInfo.java:shutdownFollowerState(121)) - 40d2d32e-dd25-45df-8070-f9dc56ccf0a7: shutdown FollowerState
2019-10-17 07:41:37,024 [Thread-676] INFO  impl.FollowerState (FollowerState.java:run(117)) - 443b071d-6096-48d6-bfe7-498b7c8032c0@group-7EB39FB5DF22-FollowerState was interrupted: java.lang.InterruptedException: sleep interrupted
2019-10-17 07:41:37,024 [grpc-default-executor-1] INFO  impl.RoleInfo (RoleInfo.java:updateAndGet(143)) - 443b071d-6096-48d6-bfe7-498b7c8032c0: start FollowerState
2019-10-17 07:41:37,024 [Thread-677] INFO  impl.FollowerState (FollowerState.java:run(117)) - 40d2d32e-dd25-45df-8070-f9dc56ccf0a7@group-7EB39FB5DF22-FollowerState was interrupted: java.lang.InterruptedException: sleep interrupted
2019-10-17 07:41:37,024 [grpc-default-executor-4] INFO  impl.RoleInfo (RoleInfo.java:updateAndGet(143)) - 40d2d32e-dd25-45df-8070-f9dc56ccf0a7: start FollowerState
2019-10-17 07:41:37,050 [cbde3520-0cea-4357-bb04-1a0ae64b2bb1@group-7EB39FB5DF22-LeaderElection71] INFO  impl.LeaderElection (LeaderElection.java:logAndReturn(56)) - cbde3520-0cea-4357-bb04-1a0ae64b2bb1@group-7EB39FB5DF22-LeaderElection71: Election REJECTED; received 2 response(s) [cbde3520-0cea-4357-bb04-1a0ae64b2bb1<-40d2d32e-dd25-45df-8070-f9dc56ccf0a7#0:FAIL-t61, cbde3520-0cea-4357-bb04-1a0ae64b2bb1<-443b071d-6096-48d6-bfe7-498b7c8032c0#0:FAIL-t61] and 0 exception(s); cbde3520-0cea-4357-bb04-1a0ae64b2bb1@group-7EB39FB5DF22:t61, leader=null, voted=cbde3520-0cea-4357-bb04-1a0ae64b2bb1, raftlog=cbde3520-0cea-4357-bb04-1a0ae64b2bb1@group-7EB39FB5DF22-SegmentedRaftLog:OPENED:c-1,f-1,i0, conf=-1: [40d2d32e-dd25-45df-8070-f9dc56ccf0a7:192.168.34.62:41633, cbde3520-0cea-4357-bb04-1a0ae64b2bb1:192.168.34.62:41642, 443b071d-6096-48d6-bfe7-498b7c8032c0:192.168.34.62:46516], old=null
2019-10-17 07:41:37,050 [cbde3520-0cea-4357-bb04-1a0ae64b2bb1@group-7EB39FB5DF22-LeaderElection71] INFO  impl.RaftServerImpl (RaftServerImpl.java:setRole(184)) - cbde3520-0cea-4357-bb04-1a0ae64b2bb1@group-7EB39FB5DF22: changes role from CANDIDATE to FOLLOWER at term 61 for DISCOVERED_A_NEW_TERM
2019-10-17 07:41:37,050 [cbde3520-0cea-4357-bb04-1a0ae64b2bb1@group-7EB39FB5DF22-LeaderElection71] INFO  impl.RoleInfo (RoleInfo.java:shutdownLeaderElection(134)) - cbde3520-0cea-4357-bb04-1a0ae64b2bb1: shutdown LeaderElection
2019-10-17 07:41:37,051 [cbde3520-0cea-4357-bb04-1a0ae64b2bb1@group-7EB39FB5DF22-LeaderElection71] INFO  impl.RoleInfo (RoleInfo.java:updateAndGet(143)) - cbde3520-0cea-4357-bb04-1a0ae64b2bb1: start FollowerState
2019-10-17 07:41:37,082 [Thread-684] INFO  impl.FollowerState (FollowerState.java:run(108)) - cbde3520-0cea-4357-bb04-1a0ae64b2bb1@group-7EB39FB5DF22-FollowerState: change to CANDIDATE, lastRpcTime:31ms, electionTimeout:31ms
2019-10-17 07:41:37,082 [Thread-684] INFO  impl.RoleInfo (RoleInfo.java:shutdownFollowerState(121)) - cbde3520-0cea-4357-bb04-1a0ae64b2bb1: shutdown FollowerState
2019-10-17 07:41:37,082 [Thread-684] INFO  impl.RaftServerImpl (RaftServerImpl.java:setRole(184)) - cbde3520-0cea-4357-bb04-1a0ae64b2bb1@group-7EB39FB5DF22: changes role from  FOLLOWER to CANDIDATE at term 61 for changeToCandidate
2019-10-17 07:41:37,083 [Thread-684] INFO  impl.RoleInfo (RoleInfo.java:updateAndGet(143)) - cbde3520-0cea-4357-bb04-1a0ae64b2bb1: start LeaderElection
2019-10-17 07:41:37,106 [cbde3520-0cea-4357-bb04-1a0ae64b2bb1@group-7EB39FB5DF22-LeaderElection72] INFO  impl.LeaderElection (LeaderElection.java:askForVotes(178)) - cbde3520-0cea-4357-bb04-1a0ae64b2bb1@group-7EB39FB5DF22-LeaderElection72: begin an election at term 62 for -1: [40d2d32e-dd25-45df-8070-f9dc56ccf0a7:192.168.34.62:41633, cbde3520-0cea-4357-bb04-1a0ae64b2bb1:192.168.34.62:41642, 443b071d-6096-48d6-bfe7-498b7c8032c0:192.168.34.62:46516], old=null
2019-10-17 07:41:37,109 [grpc-default-executor-1] INFO  impl.RaftServerImpl (RaftServerImpl.java:setRole(184)) - 40d2d32e-dd25-45df-8070-f9dc56ccf0a7@group-7EB39FB5DF22: changes role from  FOLLOWER to FOLLOWER at term 62 for recognizeCandidate:cbde3520-0cea-4357-bb04-1a0ae64b2bb1
2019-10-17 07:41:37,110 [grpc-default-executor-4] INFO  impl.RaftServerImpl (RaftServerImpl.java:setRole(184)) - 443b071d-6096-48d6-bfe7-498b7c8032c0@group-7EB39FB5DF22: changes role from  FOLLOWER to FOLLOWER at term 62 for recognizeCandidate:cbde3520-0cea-4357-bb04-1a0ae64b2bb1
2019-10-17 07:41:37,110 [grpc-default-executor-1] INFO  impl.RoleInfo (RoleInfo.java:shutdownFollowerState(121)) - 40d2d32e-dd25-45df-8070-f9dc56ccf0a7: shutdown FollowerState
2019-10-17 07:41:37,110 [grpc-default-executor-4] INFO  impl.RoleInfo (RoleInfo.java:shutdownFollowerState(121)) - 443b071d-6096-48d6-bfe7-498b7c8032c0: shutdown FollowerState
2019-10-17 07:41:37,110 [Thread-683] INFO  impl.FollowerState (FollowerState.java:run(117)) - 40d2d32e-dd25-45df-8070-f9dc56ccf0a7@group-7EB39FB5DF22-FollowerState was interrupted: java.lang.InterruptedException: sleep interrupted
2019-10-17 07:41:37,110 [grpc-default-executor-1] INFO  impl.RoleInfo (RoleInfo.java:updateAndGet(143)) - 40d2d32e-dd25-45df-8070-f9dc56ccf0a7: start FollowerState
2019-10-17 07:41:37,110 [Thread-682] INFO  impl.FollowerState (FollowerState.java:run(117)) - 443b071d-6096-48d6-bfe7-498b7c8032c0@group-7EB39FB5DF22-FollowerState was interrupted: java.lang.InterruptedException: sleep interrupted
2019-10-17 07:41:37,110 [grpc-default-executor-4] INFO  impl.RoleInfo (RoleInfo.java:updateAndGet(143)) - 443b071d-6096-48d6-bfe7-498b7c8032c0: start FollowerState
2019-10-17 07:41:37,136 [cbde3520-0cea-4357-bb04-1a0ae64b2bb1@group-7EB39FB5DF22-LeaderElection72] INFO  impl.LeaderElection (LeaderElection.java:logAndReturn(56)) - cbde3520-0cea-4357-bb04-1a0ae64b2bb1@group-7EB39FB5DF22-LeaderElection72: Election REJECTED; received 2 response(s) [cbde3520-0cea-4357-bb04-1a0ae64b2bb1<-40d2d32e-dd25-45df-8070-f9dc56ccf0a7#0:FAIL-t62, cbde3520-0cea-4357-bb04-1a0ae64b2bb1<-443b071d-6096-48d6-bfe7-498b7c8032c0#0:FAIL-t62] and 0 exception(s); cbde3520-0cea-4357-bb04-1a0ae64b2bb1@group-7EB39FB5DF22:t62, leader=null, voted=cbde3520-0cea-4357-bb04-1a0ae64b2bb1, raftlog=cbde3520-0cea-4357-bb04-1a0ae64b2bb1@group-7EB39FB5DF22-SegmentedRaftLog:OPENED:c-1,f-1,i0, conf=-1: [40d2d32e-dd25-45df-8070-f9dc56ccf0a7:192.168.34.62:41633, cbde3520-0cea-4357-bb04-1a0ae64b2bb1:192.168.34.62:41642, 443b071d-6096-48d6-bfe7-498b7c8032c0:192.168.34.62:46516], old=null
2019-10-17 07:41:37,136 [cbde3520-0cea-4357-bb04-1a0ae64b2bb1@group-7EB39FB5DF22-LeaderElection72] INFO  impl.RaftServerImpl (RaftServerImpl.java:setRole(184)) - cbde3520-0cea-4357-bb04-1a0ae64b2bb1@group-7EB39FB5DF22: changes role from CANDIDATE to FOLLOWER at term 62 for DISCOVERED_A_NEW_TERM
2019-10-17 07:41:37,136 [cbde3520-0cea-4357-bb04-1a0ae64b2bb1@group-7EB39FB5DF22-LeaderElection72] INFO  impl.RoleInfo (RoleInfo.java:shutdownLeaderElection(134)) - cbde3520-0cea-4357-bb04-1a0ae64b2bb1: shutdown LeaderElection
2019-10-17 07:41:37,136 [cbde3520-0cea-4357-bb04-1a0ae64b2bb1@group-7EB39FB5DF22-LeaderElection72] INFO  impl.RoleInfo (RoleInfo.java:updateAndGet(143)) - cbde3520-0cea-4357-bb04-1a0ae64b2bb1: start FollowerState
2019-10-17 07:41:37,205 [main] INFO  ozone.MiniOzoneClusterImpl (MiniOzoneClusterImpl.java:lambda$waitForClusterToBeReady$2(164)) - Waiting for 1 number of pipelines out of 5, to report a leader.
2019-10-17 07:41:37,303 [Thread-690] INFO  impl.FollowerState (FollowerState.java:run(108)) - cbde3520-0cea-4357-bb04-1a0ae64b2bb1@group-7EB39FB5DF22-FollowerState: change to CANDIDATE, lastRpcTime:166ms, electionTimeout:166ms
2019-10-17 07:41:37,303 [Thread-690] INFO  impl.RoleInfo (RoleInfo.java:shutdownFollowerState(121)) - cbde3520-0cea-4357-bb04-1a0ae64b2bb1: shutdown FollowerState
2019-10-17 07:41:37,303 [Thread-690] INFO  impl.RaftServerImpl (RaftServerImpl.java:setRole(184)) - cbde3520-0cea-4357-bb04-1a0ae64b2bb1@group-7EB39FB5DF22: changes role from  FOLLOWER to CANDIDATE at term 62 for changeToCandidate
2019-10-17 07:41:37,303 [Thread-690] INFO  impl.RoleInfo (RoleInfo.java:updateAndGet(143)) - cbde3520-0cea-4357-bb04-1a0ae64b2bb1: start LeaderElection
2019-10-17 07:41:37,327 [cbde3520-0cea-4357-bb04-1a0ae64b2bb1@group-7EB39FB5DF22-LeaderElection73] INFO  impl.LeaderElection (LeaderElection.java:askForVotes(178)) - cbde3520-0cea-4357-bb04-1a0ae64b2bb1@group-7EB39FB5DF22-LeaderElection73: begin an election at term 63 for -1: [40d2d32e-dd25-45df-8070-f9dc56ccf0a7:192.168.34.62:41633, cbde3520-0cea-4357-bb04-1a0ae64b2bb1:192.168.34.62:41642, 443b071d-6096-48d6-bfe7-498b7c8032c0:192.168.34.62:46516], old=null
2019-10-17 07:41:37,330 [grpc-default-executor-4] INFO  impl.RaftServerImpl (RaftServerImpl.java:setRole(184)) - 40d2d32e-dd25-45df-8070-f9dc56ccf0a7@group-7EB39FB5DF22: changes role from  FOLLOWER to FOLLOWER at term 63 for recognizeCandidate:cbde3520-0cea-4357-bb04-1a0ae64b2bb1
2019-10-17 07:41:37,330 [grpc-default-executor-1] INFO  impl.RaftServerImpl (RaftServerImpl.java:setRole(184)) - 443b071d-6096-48d6-bfe7-498b7c8032c0@group-7EB39FB5DF22: changes role from  FOLLOWER to FOLLOWER at term 63 for recognizeCandidate:cbde3520-0cea-4357-bb04-1a0ae64b2bb1
2019-10-17 07:41:37,330 [grpc-default-executor-1] INFO  impl.RoleInfo (RoleInfo.java:shutdownFollowerState(121)) - 443b071d-6096-48d6-bfe7-498b7c8032c0: shutdown FollowerState
2019-10-17 07:41:37,330 [grpc-default-executor-4] INFO  impl.RoleInfo (RoleInfo.java:shutdownFollowerState(121)) - 40d2d32e-dd25-45df-8070-f9dc56ccf0a7: shutdown FollowerState
2019-10-17 07:41:37,330 [Thread-689] INFO  impl.FollowerState (FollowerState.java:run(117)) - 443b071d-6096-48d6-bfe7-498b7c8032c0@group-7EB39FB5DF22-FollowerState was interrupted: java.lang.InterruptedException: sleep interrupted
2019-10-17 07:41:37,330 [grpc-default-executor-1] INFO  impl.RoleInfo (RoleInfo.java:updateAndGet(143)) - 443b071d-6096-48d6-bfe7-498b7c8032c0: start FollowerState
2019-10-17 07:41:37,331 [Thread-688] INFO  impl.FollowerState (FollowerState.java:run(117)) - 40d2d32e-dd25-45df-8070-f9dc56ccf0a7@group-7EB39FB5DF22-FollowerState was interrupted: java.lang.InterruptedException: sleep interrupted
2019-10-17 07:41:37,331 [grpc-default-executor-4] INFO  impl.RoleInfo (RoleInfo.java:updateAndGet(143)) - 40d2d32e-dd25-45df-8070-f9dc56ccf0a7: start FollowerState
2019-10-17 07:41:37,369 [cbde3520-0cea-4357-bb04-1a0ae64b2bb1@group-7EB39FB5DF22-LeaderElection73] INFO  impl.LeaderElection (LeaderElection.java:logAndReturn(56)) - cbde3520-0cea-4357-bb04-1a0ae64b2bb1@group-7EB39FB5DF22-LeaderElection73: Election REJECTED; received 2 response(s) [cbde3520-0cea-4357-bb04-1a0ae64b2bb1<-40d2d32e-dd25-45df-8070-f9dc56ccf0a7#0:FAIL-t63, cbde3520-0cea-4357-bb04-1a0ae64b2bb1<-443b071d-6096-48d6-bfe7-498b7c8032c0#0:FAIL-t63] and 0 exception(s); cbde3520-0cea-4357-bb04-1a0ae64b2bb1@group-7EB39FB5DF22:t63, leader=null, voted=cbde3520-0cea-4357-bb04-1a0ae64b2bb1, raftlog=cbde3520-0cea-4357-bb04-1a0ae64b2bb1@group-7EB39FB5DF22-SegmentedRaftLog:OPENED:c-1,f-1,i0, conf=-1: [40d2d32e-dd25-45df-8070-f9dc56ccf0a7:192.168.34.62:41633, cbde3520-0cea-4357-bb04-1a0ae64b2bb1:192.168.34.62:41642, 443b071d-6096-48d6-bfe7-498b7c8032c0:192.168.34.62:46516], old=null
2019-10-17 07:41:37,369 [cbde3520-0cea-4357-bb04-1a0ae64b2bb1@group-7EB39FB5DF22-LeaderElection73] INFO  impl.RaftServerImpl (RaftServerImpl.java:setRole(184)) - cbde3520-0cea-4357-bb04-1a0ae64b2bb1@group-7EB39FB5DF22: changes role from CANDIDATE to FOLLOWER at term 63 for DISCOVERED_A_NEW_TERM
2019-10-17 07:41:37,369 [cbde3520-0cea-4357-bb04-1a0ae64b2bb1@group-7EB39FB5DF22-LeaderElection73] INFO  impl.RoleInfo (RoleInfo.java:shutdownLeaderElection(134)) - cbde3520-0cea-4357-bb04-1a0ae64b2bb1: shutdown LeaderElection
2019-10-17 07:41:37,370 [cbde3520-0cea-4357-bb04-1a0ae64b2bb1@group-7EB39FB5DF22-LeaderElection73] INFO  impl.RoleInfo (RoleInfo.java:updateAndGet(143)) - cbde3520-0cea-4357-bb04-1a0ae64b2bb1: start FollowerState
2019-10-17 07:41:37,423 [Thread-696] INFO  impl.FollowerState (FollowerState.java:run(108)) - cbde3520-0cea-4357-bb04-1a0ae64b2bb1@group-7EB39FB5DF22-FollowerState: change to CANDIDATE, lastRpcTime:53ms, electionTimeout:53ms
2019-10-17 07:41:37,423 [Thread-696] INFO  impl.RoleInfo (RoleInfo.java:shutdownFollowerState(121)) - cbde3520-0cea-4357-bb04-1a0ae64b2bb1: shutdown FollowerState
2019-10-17 07:41:37,423 [Thread-696] INFO  impl.RaftServerImpl (RaftServerImpl.java:setRole(184)) - cbde3520-0cea-4357-bb04-1a0ae64b2bb1@group-7EB39FB5DF22: changes role from  FOLLOWER to CANDIDATE at term 63 for changeToCandidate
2019-10-17 07:41:37,424 [Thread-696] INFO  impl.RoleInfo (RoleInfo.java:updateAndGet(143)) - cbde3520-0cea-4357-bb04-1a0ae64b2bb1: start LeaderElection
2019-10-17 07:41:37,438 [cbde3520-0cea-4357-bb04-1a0ae64b2bb1@group-7EB39FB5DF22-LeaderElection74] INFO  impl.LeaderElection (LeaderElection.java:askForVotes(178)) - cbde3520-0cea-4357-bb04-1a0ae64b2bb1@group-7EB39FB5DF22-LeaderElection74: begin an election at term 64 for -1: [40d2d32e-dd25-45df-8070-f9dc56ccf0a7:192.168.34.62:41633, cbde3520-0cea-4357-bb04-1a0ae64b2bb1:192.168.34.62:41642, 443b071d-6096-48d6-bfe7-498b7c8032c0:192.168.34.62:46516], old=null
2019-10-17 07:41:37,440 [grpc-default-executor-4] INFO  impl.RaftServerImpl (RaftServerImpl.java:setRole(184)) - 40d2d32e-dd25-45df-8070-f9dc56ccf0a7@group-7EB39FB5DF22: changes role from  FOLLOWER to FOLLOWER at term 64 for recognizeCandidate:cbde3520-0cea-4357-bb04-1a0ae64b2bb1
2019-10-17 07:41:37,440 [grpc-default-executor-4] INFO  impl.RoleInfo (RoleInfo.java:shutdownFollowerState(121)) - 40d2d32e-dd25-45df-8070-f9dc56ccf0a7: shutdown FollowerState
2019-10-17 07:41:37,440 [grpc-default-executor-1] INFO  impl.RaftServerImpl (RaftServerImpl.java:setRole(184)) - 443b071d-6096-48d6-bfe7-498b7c8032c0@group-7EB39FB5DF22: changes role from  FOLLOWER to FOLLOWER at term 64 for recognizeCandidate:cbde3520-0cea-4357-bb04-1a0ae64b2bb1
2019-10-17 07:41:37,440 [grpc-default-executor-4] INFO  impl.RoleInfo (RoleInfo.java:updateAndGet(143)) - 40d2d32e-dd25-45df-8070-f9dc56ccf0a7: start FollowerState
2019-10-17 07:41:37,440 [Thread-695] INFO  impl.FollowerState (FollowerState.java:run(117)) - 40d2d32e-dd25-45df-8070-f9dc56ccf0a7@group-7EB39FB5DF22-FollowerState was interrupted: java.lang.InterruptedException: sleep interrupted
2019-10-17 07:41:37,440 [grpc-default-executor-1] INFO  impl.RoleInfo (RoleInfo.java:shutdownFollowerState(121)) - 443b071d-6096-48d6-bfe7-498b7c8032c0: shutdown FollowerState
2019-10-17 07:41:37,441 [grpc-default-executor-1] INFO  impl.RoleInfo (RoleInfo.java:updateAndGet(143)) - 443b071d-6096-48d6-bfe7-498b7c8032c0: start FollowerState
2019-10-17 07:41:37,441 [Thread-694] INFO  impl.FollowerState (FollowerState.java:run(117)) - 443b071d-6096-48d6-bfe7-498b7c8032c0@group-7EB39FB5DF22-FollowerState was interrupted: java.lang.InterruptedException: sleep interrupted
2019-10-17 07:41:37,456 [cbde3520-0cea-4357-bb04-1a0ae64b2bb1@group-7EB39FB5DF22-LeaderElection74] INFO  impl.LeaderElection (LeaderElection.java:logAndReturn(56)) - cbde3520-0cea-4357-bb04-1a0ae64b2bb1@group-7EB39FB5DF22-LeaderElection74: Election REJECTED; received 2 response(s) [cbde3520-0cea-4357-bb04-1a0ae64b2bb1<-40d2d32e-dd25-45df-8070-f9dc56ccf0a7#0:FAIL-t64, cbde3520-0cea-4357-bb04-1a0ae64b2bb1<-443b071d-6096-48d6-bfe7-498b7c8032c0#0:FAIL-t64] and 0 exception(s); cbde3520-0cea-4357-bb04-1a0ae64b2bb1@group-7EB39FB5DF22:t64, leader=null, voted=cbde3520-0cea-4357-bb04-1a0ae64b2bb1, raftlog=cbde3520-0cea-4357-bb04-1a0ae64b2bb1@group-7EB39FB5DF22-SegmentedRaftLog:OPENED:c-1,f-1,i0, conf=-1: [40d2d32e-dd25-45df-8070-f9dc56ccf0a7:192.168.34.62:41633, cbde3520-0cea-4357-bb04-1a0ae64b2bb1:192.168.34.62:41642, 443b071d-6096-48d6-bfe7-498b7c8032c0:192.168.34.62:46516], old=null
2019-10-17 07:41:37,456 [cbde3520-0cea-4357-bb04-1a0ae64b2bb1@group-7EB39FB5DF22-LeaderElection74] INFO  impl.RaftServerImpl (RaftServerImpl.java:setRole(184)) - cbde3520-0cea-4357-bb04-1a0ae64b2bb1@group-7EB39FB5DF22: changes role from CANDIDATE to FOLLOWER at term 64 for DISCOVERED_A_NEW_TERM
2019-10-17 07:41:37,457 [cbde3520-0cea-4357-bb04-1a0ae64b2bb1@group-7EB39FB5DF22-LeaderElection74] INFO  impl.RoleInfo (RoleInfo.java:shutdownLeaderElection(134)) - cbde3520-0cea-4357-bb04-1a0ae64b2bb1: shutdown LeaderElection
2019-10-17 07:41:37,457 [cbde3520-0cea-4357-bb04-1a0ae64b2bb1@group-7EB39FB5DF22-LeaderElection74] INFO  impl.RoleInfo (RoleInfo.java:updateAndGet(143)) - cbde3520-0cea-4357-bb04-1a0ae64b2bb1: start FollowerState
2019-10-17 07:41:37,632 [Thread-702] INFO  impl.FollowerState (FollowerState.java:run(108)) - cbde3520-0cea-4357-bb04-1a0ae64b2bb1@group-7EB39FB5DF22-FollowerState: change to CANDIDATE, lastRpcTime:175ms, electionTimeout:175ms
2019-10-17 07:41:37,632 [Thread-702] INFO  impl.RoleInfo (RoleInfo.java:shutdownFollowerState(121)) - cbde3520-0cea-4357-bb04-1a0ae64b2bb1: shutdown FollowerState
2019-10-17 07:41:37,633 [Thread-702] INFO  impl.RaftServerImpl (RaftServerImpl.java:setRole(184)) - cbde3520-0cea-4357-bb04-1a0ae64b2bb1@group-7EB39FB5DF22: changes role from  FOLLOWER to CANDIDATE at term 64 for changeToCandidate
2019-10-17 07:41:37,633 [Thread-702] INFO  impl.RoleInfo (RoleInfo.java:updateAndGet(143)) - cbde3520-0cea-4357-bb04-1a0ae64b2bb1: start LeaderElection
2019-10-17 07:41:37,657 [cbde3520-0cea-4357-bb04-1a0ae64b2bb1@group-7EB39FB5DF22-LeaderElection75] INFO  impl.LeaderElection (LeaderElection.java:askForVotes(178)) - cbde3520-0cea-4357-bb04-1a0ae64b2bb1@group-7EB39FB5DF22-LeaderElection75: begin an election at term 65 for -1: [40d2d32e-dd25-45df-8070-f9dc56ccf0a7:192.168.34.62:41633, cbde3520-0cea-4357-bb04-1a0ae64b2bb1:192.168.34.62:41642, 443b071d-6096-48d6-bfe7-498b7c8032c0:192.168.34.62:46516], old=null
2019-10-17 07:41:37,660 [grpc-default-executor-1] INFO  impl.RaftServerImpl (RaftServerImpl.java:setRole(184)) - 40d2d32e-dd25-45df-8070-f9dc56ccf0a7@group-7EB39FB5DF22: changes role from  FOLLOWER to FOLLOWER at term 65 for recognizeCandidate:cbde3520-0cea-4357-bb04-1a0ae64b2bb1
2019-10-17 07:41:37,660 [grpc-default-executor-4] INFO  impl.RaftServerImpl (RaftServerImpl.java:setRole(184)) - 443b071d-6096-48d6-bfe7-498b7c8032c0@group-7EB39FB5DF22: changes role from  FOLLOWER to FOLLOWER at term 65 for recognizeCandidate:cbde3520-0cea-4357-bb04-1a0ae64b2bb1
2019-10-17 07:41:37,660 [grpc-default-executor-1] INFO  impl.RoleInfo (RoleInfo.java:shutdownFollowerState(121)) - 40d2d32e-dd25-45df-8070-f9dc56ccf0a7: shutdown FollowerState
2019-10-17 07:41:37,660 [grpc-default-executor-4] INFO  impl.RoleInfo (RoleInfo.java:shutdownFollowerState(121)) - 443b071d-6096-48d6-bfe7-498b7c8032c0: shutdown FollowerState
2019-10-17 07:41:37,661 [Thread-700] INFO  impl.FollowerState (FollowerState.java:run(117)) - 40d2d32e-dd25-45df-8070-f9dc56ccf0a7@group-7EB39FB5DF22-FollowerState was interrupted: java.lang.InterruptedException: sleep interrupted
2019-10-17 07:41:37,661 [grpc-default-executor-1] INFO  impl.RoleInfo (RoleInfo.java:updateAndGet(143)) - 40d2d32e-dd25-45df-8070-f9dc56ccf0a7: start FollowerState
2019-10-17 07:41:37,661 [Thread-701] INFO  impl.FollowerState (FollowerState.java:run(117)) - 443b071d-6096-48d6-bfe7-498b7c8032c0@group-7EB39FB5DF22-FollowerState was interrupted: java.lang.InterruptedException: sleep interrupted
2019-10-17 07:41:37,661 [grpc-default-executor-4] INFO  impl.RoleInfo (RoleInfo.java:updateAndGet(143)) - 443b071d-6096-48d6-bfe7-498b7c8032c0: start FollowerState
2019-10-17 07:41:37,686 [cbde3520-0cea-4357-bb04-1a0ae64b2bb1@group-7EB39FB5DF22-LeaderElection75] INFO  impl.LeaderElection (LeaderElection.java:logAndReturn(56)) - cbde3520-0cea-4357-bb04-1a0ae64b2bb1@group-7EB39FB5DF22-LeaderElection75: Election REJECTED; received 2 response(s) [cbde3520-0cea-4357-bb04-1a0ae64b2bb1<-40d2d32e-dd25-45df-8070-f9dc56ccf0a7#0:FAIL-t65, cbde3520-0cea-4357-bb04-1a0ae64b2bb1<-443b071d-6096-48d6-bfe7-498b7c8032c0#0:FAIL-t65] and 0 exception(s); cbde3520-0cea-4357-bb04-1a0ae64b2bb1@group-7EB39FB5DF22:t65, leader=null, voted=cbde3520-0cea-4357-bb04-1a0ae64b2bb1, raftlog=cbde3520-0cea-4357-bb04-1a0ae64b2bb1@group-7EB39FB5DF22-SegmentedRaftLog:OPENED:c-1,f-1,i0, conf=-1: [40d2d32e-dd25-45df-8070-f9dc56ccf0a7:192.168.34.62:41633, cbde3520-0cea-4357-bb04-1a0ae64b2bb1:192.168.34.62:41642, 443b071d-6096-48d6-bfe7-498b7c8032c0:192.168.34.62:46516], old=null
2019-10-17 07:41:37,686 [cbde3520-0cea-4357-bb04-1a0ae64b2bb1@group-7EB39FB5DF22-LeaderElection75] INFO  impl.RaftServerImpl (RaftServerImpl.java:setRole(184)) - cbde3520-0cea-4357-bb04-1a0ae64b2bb1@group-7EB39FB5DF22: changes role from CANDIDATE to FOLLOWER at term 65 for DISCOVERED_A_NEW_TERM
2019-10-17 07:41:37,686 [cbde3520-0cea-4357-bb04-1a0ae64b2bb1@group-7EB39FB5DF22-LeaderElection75] INFO  impl.RoleInfo (RoleInfo.java:shutdownLeaderElection(134)) - cbde3520-0cea-4357-bb04-1a0ae64b2bb1: shutdown LeaderElection
2019-10-17 07:41:37,686 [cbde3520-0cea-4357-bb04-1a0ae64b2bb1@group-7EB39FB5DF22-LeaderElection75] INFO  impl.RoleInfo (RoleInfo.java:updateAndGet(143)) - cbde3520-0cea-4357-bb04-1a0ae64b2bb1: start FollowerState
2019-10-17 07:41:37,739 [Thread-708] INFO  impl.FollowerState (FollowerState.java:run(108)) - cbde3520-0cea-4357-bb04-1a0ae64b2bb1@group-7EB39FB5DF22-FollowerState: change to CANDIDATE, lastRpcTime:52ms, electionTimeout:52ms
2019-10-17 07:41:37,739 [Thread-708] INFO  impl.RoleInfo (RoleInfo.java:shutdownFollowerState(121)) - cbde3520-0cea-4357-bb04-1a0ae64b2bb1: shutdown FollowerState
2019-10-17 07:41:37,739 [Thread-708] INFO  impl.RaftServerImpl (RaftServerImpl.java:setRole(184)) - cbde3520-0cea-4357-bb04-1a0ae64b2bb1@group-7EB39FB5DF22: changes role from  FOLLOWER to CANDIDATE at term 65 for changeToCandidate
2019-10-17 07:41:37,739 [Thread-708] INFO  impl.RoleInfo (RoleInfo.java:updateAndGet(143)) - cbde3520-0cea-4357-bb04-1a0ae64b2bb1: start LeaderElection
2019-10-17 07:41:37,762 [cbde3520-0cea-4357-bb04-1a0ae64b2bb1@group-7EB39FB5DF22-LeaderElection76] INFO  impl.LeaderElection (LeaderElection.java:askForVotes(178)) - cbde3520-0cea-4357-bb04-1a0ae64b2bb1@group-7EB39FB5DF22-LeaderElection76: begin an election at term 66 for -1: [40d2d32e-dd25-45df-8070-f9dc56ccf0a7:192.168.34.62:41633, cbde3520-0cea-4357-bb04-1a0ae64b2bb1:192.168.34.62:41642, 443b071d-6096-48d6-bfe7-498b7c8032c0:192.168.34.62:46516], old=null
2019-10-17 07:41:37,765 [grpc-default-executor-4] INFO  impl.RaftServerImpl (RaftServerImpl.java:setRole(184)) - 40d2d32e-dd25-45df-8070-f9dc56ccf0a7@group-7EB39FB5DF22: changes role from  FOLLOWER to FOLLOWER at term 66 for recognizeCandidate:cbde3520-0cea-4357-bb04-1a0ae64b2bb1
2019-10-17 07:41:37,765 [grpc-default-executor-1] INFO  impl.RaftServerImpl (RaftServerImpl.java:setRole(184)) - 443b071d-6096-48d6-bfe7-498b7c8032c0@group-7EB39FB5DF22: changes role from  FOLLOWER to FOLLOWER at term 66 for recognizeCandidate:cbde3520-0cea-4357-bb04-1a0ae64b2bb1
2019-10-17 07:41:37,765 [grpc-default-executor-4] INFO  impl.RoleInfo (RoleInfo.java:shutdownFollowerState(121)) - 40d2d32e-dd25-45df-8070-f9dc56ccf0a7: shutdown FollowerState
2019-10-17 07:41:37,765 [grpc-default-executor-1] INFO  impl.RoleInfo (RoleInfo.java:shutdownFollowerState(121)) - 443b071d-6096-48d6-bfe7-498b7c8032c0: shutdown FollowerState
2019-10-17 07:41:37,766 [grpc-default-executor-4] INFO  impl.RoleInfo (RoleInfo.java:updateAndGet(143)) - 40d2d32e-dd25-45df-8070-f9dc56ccf0a7: start FollowerState
2019-10-17 07:41:37,766 [Thread-706] INFO  impl.FollowerState (FollowerState.java:run(117)) - 40d2d32e-dd25-45df-8070-f9dc56ccf0a7@group-7EB39FB5DF22-FollowerState was interrupted: java.lang.InterruptedException: sleep interrupted
2019-10-17 07:41:37,766 [Thread-707] INFO  impl.FollowerState (FollowerState.java:run(117)) - 443b071d-6096-48d6-bfe7-498b7c8032c0@group-7EB39FB5DF22-FollowerState was interrupted: java.lang.InterruptedException: sleep interrupted
2019-10-17 07:41:37,766 [grpc-default-executor-1] INFO  impl.RoleInfo (RoleInfo.java:updateAndGet(143)) - 443b071d-6096-48d6-bfe7-498b7c8032c0: start FollowerState
2019-10-17 07:41:37,791 [cbde3520-0cea-4357-bb04-1a0ae64b2bb1@group-7EB39FB5DF22-LeaderElection76] INFO  impl.LeaderElection (LeaderElection.java:logAndReturn(56)) - cbde3520-0cea-4357-bb04-1a0ae64b2bb1@group-7EB39FB5DF22-LeaderElection76: Election REJECTED; received 2 response(s) [cbde3520-0cea-4357-bb04-1a0ae64b2bb1<-40d2d32e-dd25-45df-8070-f9dc56ccf0a7#0:FAIL-t66, cbde3520-0cea-4357-bb04-1a0ae64b2bb1<-443b071d-6096-48d6-bfe7-498b7c8032c0#0:FAIL-t66] and 0 exception(s); cbde3520-0cea-4357-bb04-1a0ae64b2bb1@group-7EB39FB5DF22:t66, leader=null, voted=cbde3520-0cea-4357-bb04-1a0ae64b2bb1, raftlog=cbde3520-0cea-4357-bb04-1a0ae64b2bb1@group-7EB39FB5DF22-SegmentedRaftLog:OPENED:c-1,f-1,i0, conf=-1: [40d2d32e-dd25-45df-8070-f9dc56ccf0a7:192.168.34.62:41633, cbde3520-0cea-4357-bb04-1a0ae64b2bb1:192.168.34.62:41642, 443b071d-6096-48d6-bfe7-498b7c8032c0:192.168.34.62:46516], old=null
2019-10-17 07:41:37,792 [cbde3520-0cea-4357-bb04-1a0ae64b2bb1@group-7EB39FB5DF22-LeaderElection76] INFO  impl.RaftServerImpl (RaftServerImpl.java:setRole(184)) - cbde3520-0cea-4357-bb04-1a0ae64b2bb1@group-7EB39FB5DF22: changes role from CANDIDATE to FOLLOWER at term 66 for DISCOVERED_A_NEW_TERM
2019-10-17 07:41:37,792 [cbde3520-0cea-4357-bb04-1a0ae64b2bb1@group-7EB39FB5DF22-LeaderElection76] INFO  impl.RoleInfo (RoleInfo.java:shutdownLeaderElection(134)) - cbde3520-0cea-4357-bb04-1a0ae64b2bb1: shutdown LeaderElection
2019-10-17 07:41:37,792 [cbde3520-0cea-4357-bb04-1a0ae64b2bb1@group-7EB39FB5DF22-LeaderElection76] INFO  impl.RoleInfo (RoleInfo.java:updateAndGet(143)) - cbde3520-0cea-4357-bb04-1a0ae64b2bb1: start FollowerState
2019-10-17 07:41:37,903 [Thread-714] INFO  impl.FollowerState (FollowerState.java:run(108)) - cbde3520-0cea-4357-bb04-1a0ae64b2bb1@group-7EB39FB5DF22-FollowerState: change to CANDIDATE, lastRpcTime:111ms, electionTimeout:111ms
2019-10-17 07:41:37,904 [Thread-714] INFO  impl.RoleInfo (RoleInfo.java:shutdownFollowerState(121)) - cbde3520-0cea-4357-bb04-1a0ae64b2bb1: shutdown FollowerState
2019-10-17 07:41:37,904 [Thread-714] INFO  impl.RaftServerImpl (RaftServerImpl.java:setRole(184)) - cbde3520-0cea-4357-bb04-1a0ae64b2bb1@group-7EB39FB5DF22: changes role from  FOLLOWER to CANDIDATE at term 66 for changeToCandidate
2019-10-17 07:41:37,904 [Thread-714] INFO  impl.RoleInfo (RoleInfo.java:updateAndGet(143)) - cbde3520-0cea-4357-bb04-1a0ae64b2bb1: start LeaderElection
2019-10-17 07:41:37,918 [cbde3520-0cea-4357-bb04-1a0ae64b2bb1@group-7EB39FB5DF22-LeaderElection77] INFO  impl.LeaderElection (LeaderElection.java:askForVotes(178)) - cbde3520-0cea-4357-bb04-1a0ae64b2bb1@group-7EB39FB5DF22-LeaderElection77: begin an election at term 67 for -1: [40d2d32e-dd25-45df-8070-f9dc56ccf0a7:192.168.34.62:41633, cbde3520-0cea-4357-bb04-1a0ae64b2bb1:192.168.34.62:41642, 443b071d-6096-48d6-bfe7-498b7c8032c0:192.168.34.62:46516], old=null
2019-10-17 07:41:37,921 [grpc-default-executor-4] INFO  impl.RaftServerImpl (RaftServerImpl.java:setRole(184)) - 40d2d32e-dd25-45df-8070-f9dc56ccf0a7@group-7EB39FB5DF22: changes role from  FOLLOWER to FOLLOWER at term 67 for recognizeCandidate:cbde3520-0cea-4357-bb04-1a0ae64b2bb1
2019-10-17 07:41:37,921 [grpc-default-executor-1] INFO  impl.RaftServerImpl (RaftServerImpl.java:setRole(184)) - 443b071d-6096-48d6-bfe7-498b7c8032c0@group-7EB39FB5DF22: changes role from  FOLLOWER to FOLLOWER at term 67 for recognizeCandidate:cbde3520-0cea-4357-bb04-1a0ae64b2bb1
2019-10-17 07:41:37,921 [grpc-default-executor-4] INFO  impl.RoleInfo (RoleInfo.java:shutdownFollowerState(121)) - 40d2d32e-dd25-45df-8070-f9dc56ccf0a7: shutdown FollowerState
2019-10-17 07:41:37,921 [grpc-default-executor-1] INFO  impl.RoleInfo (RoleInfo.java:shutdownFollowerState(121)) - 443b071d-6096-48d6-bfe7-498b7c8032c0: shutdown FollowerState
2019-10-17 07:41:37,922 [Thread-712] INFO  impl.FollowerState (FollowerState.java:run(117)) - 40d2d32e-dd25-45df-8070-f9dc56ccf0a7@group-7EB39FB5DF22-FollowerState was interrupted: java.lang.InterruptedException: sleep interrupted
2019-10-17 07:41:37,922 [grpc-default-executor-4] INFO  impl.RoleInfo (RoleInfo.java:updateAndGet(143)) - 40d2d32e-dd25-45df-8070-f9dc56ccf0a7: start FollowerState
2019-10-17 07:41:37,922 [Thread-713] INFO  impl.FollowerState (FollowerState.java:run(117)) - 443b071d-6096-48d6-bfe7-498b7c8032c0@group-7EB39FB5DF22-FollowerState was interrupted: java.lang.InterruptedException: sleep interrupted
2019-10-17 07:41:37,922 [grpc-default-executor-1] INFO  impl.RoleInfo (RoleInfo.java:updateAndGet(143)) - 443b071d-6096-48d6-bfe7-498b7c8032c0: start FollowerState
2019-10-17 07:41:37,947 [cbde3520-0cea-4357-bb04-1a0ae64b2bb1@group-7EB39FB5DF22-LeaderElection77] INFO  impl.LeaderElection (LeaderElection.java:logAndReturn(56)) - cbde3520-0cea-4357-bb04-1a0ae64b2bb1@group-7EB39FB5DF22-LeaderElection77: Election REJECTED; received 2 response(s) [cbde3520-0cea-4357-bb04-1a0ae64b2bb1<-40d2d32e-dd25-45df-8070-f9dc56ccf0a7#0:FAIL-t67, cbde3520-0cea-4357-bb04-1a0ae64b2bb1<-443b071d-6096-48d6-bfe7-498b7c8032c0#0:FAIL-t67] and 0 exception(s); cbde3520-0cea-4357-bb04-1a0ae64b2bb1@group-7EB39FB5DF22:t67, leader=null, voted=cbde3520-0cea-4357-bb04-1a0ae64b2bb1, raftlog=cbde3520-0cea-4357-bb04-1a0ae64b2bb1@group-7EB39FB5DF22-SegmentedRaftLog:OPENED:c-1,f-1,i0, conf=-1: [40d2d32e-dd25-45df-8070-f9dc56ccf0a7:192.168.34.62:41633, cbde3520-0cea-4357-bb04-1a0ae64b2bb1:192.168.34.62:41642, 443b071d-6096-48d6-bfe7-498b7c8032c0:192.168.34.62:46516], old=null
2019-10-17 07:41:37,947 [cbde3520-0cea-4357-bb04-1a0ae64b2bb1@group-7EB39FB5DF22-LeaderElection77] INFO  impl.RaftServerImpl (RaftServerImpl.java:setRole(184)) - cbde3520-0cea-4357-bb04-1a0ae64b2bb1@group-7EB39FB5DF22: changes role from CANDIDATE to FOLLOWER at term 67 for DISCOVERED_A_NEW_TERM
2019-10-17 07:41:37,947 [cbde3520-0cea-4357-bb04-1a0ae64b2bb1@group-7EB39FB5DF22-LeaderElection77] INFO  impl.RoleInfo (RoleInfo.java:shutdownLeaderElection(134)) - cbde3520-0cea-4357-bb04-1a0ae64b2bb1: shutdown LeaderElection
2019-10-17 07:41:37,947 [cbde3520-0cea-4357-bb04-1a0ae64b2bb1@group-7EB39FB5DF22-LeaderElection77] INFO  impl.RoleInfo (RoleInfo.java:updateAndGet(143)) - cbde3520-0cea-4357-bb04-1a0ae64b2bb1: start FollowerState
2019-10-17 07:41:38,020 [Thread-720] INFO  impl.FollowerState (FollowerState.java:run(108)) - cbde3520-0cea-4357-bb04-1a0ae64b2bb1@group-7EB39FB5DF22-FollowerState: change to CANDIDATE, lastRpcTime:72ms, electionTimeout:72ms
2019-10-17 07:41:38,020 [Thread-720] INFO  impl.RoleInfo (RoleInfo.java:shutdownFollowerState(121)) - cbde3520-0cea-4357-bb04-1a0ae64b2bb1: shutdown FollowerState
2019-10-17 07:41:38,020 [Thread-720] INFO  impl.RaftServerImpl (RaftServerImpl.java:setRole(184)) - cbde3520-0cea-4357-bb04-1a0ae64b2bb1@group-7EB39FB5DF22: changes role from  FOLLOWER to CANDIDATE at term 67 for changeToCandidate
2019-10-17 07:41:38,020 [Thread-720] INFO  impl.RoleInfo (RoleInfo.java:updateAndGet(143)) - cbde3520-0cea-4357-bb04-1a0ae64b2bb1: start LeaderElection
2019-10-17 07:41:38,045 [cbde3520-0cea-4357-bb04-1a0ae64b2bb1@group-7EB39FB5DF22-LeaderElection78] INFO  impl.LeaderElection (LeaderElection.java:askForVotes(178)) - cbde3520-0cea-4357-bb04-1a0ae64b2bb1@group-7EB39FB5DF22-LeaderElection78: begin an election at term 68 for -1: [40d2d32e-dd25-45df-8070-f9dc56ccf0a7:192.168.34.62:41633, cbde3520-0cea-4357-bb04-1a0ae64b2bb1:192.168.34.62:41642, 443b071d-6096-48d6-bfe7-498b7c8032c0:192.168.34.62:46516], old=null
2019-10-17 07:41:38,048 [grpc-default-executor-1] INFO  impl.RaftServerImpl (RaftServerImpl.java:setRole(184)) - 40d2d32e-dd25-45df-8070-f9dc56ccf0a7@group-7EB39FB5DF22: changes role from  FOLLOWER to FOLLOWER at term 68 for recognizeCandidate:cbde3520-0cea-4357-bb04-1a0ae64b2bb1
2019-10-17 07:41:38,048 [grpc-default-executor-4] INFO  impl.RaftServerImpl (RaftServerImpl.java:setRole(184)) - 443b071d-6096-48d6-bfe7-498b7c8032c0@group-7EB39FB5DF22: changes role from  FOLLOWER to FOLLOWER at term 68 for recognizeCandidate:cbde3520-0cea-4357-bb04-1a0ae64b2bb1
2019-10-17 07:41:38,048 [grpc-default-executor-1] INFO  impl.RoleInfo (RoleInfo.java:shutdownFollowerState(121)) - 40d2d32e-dd25-45df-8070-f9dc56ccf0a7: shutdown FollowerState
2019-10-17 07:41:38,048 [grpc-default-executor-4] INFO  impl.RoleInfo (RoleInfo.java:shutdownFollowerState(121)) - 443b071d-6096-48d6-bfe7-498b7c8032c0: shutdown FollowerState
2019-10-17 07:41:38,049 [Thread-718] INFO  impl.FollowerState (FollowerState.java:run(117)) - 40d2d32e-dd25-45df-8070-f9dc56ccf0a7@group-7EB39FB5DF22-FollowerState was interrupted: java.lang.InterruptedException: sleep interrupted
2019-10-17 07:41:38,049 [Thread-719] INFO  impl.FollowerState (FollowerState.java:run(117)) - 443b071d-6096-48d6-bfe7-498b7c8032c0@group-7EB39FB5DF22-FollowerState was interrupted: java.lang.InterruptedException: sleep interrupted
2019-10-17 07:41:38,049 [grpc-default-executor-1] INFO  impl.RoleInfo (RoleInfo.java:updateAndGet(143)) - 40d2d32e-dd25-45df-8070-f9dc56ccf0a7: start FollowerState
2019-10-17 07:41:38,049 [grpc-default-executor-4] INFO  impl.RoleInfo (RoleInfo.java:updateAndGet(143)) - 443b071d-6096-48d6-bfe7-498b7c8032c0: start FollowerState
2019-10-17 07:41:38,075 [cbde3520-0cea-4357-bb04-1a0ae64b2bb1@group-7EB39FB5DF22-LeaderElection78] INFO  impl.LeaderElection (LeaderElection.java:logAndReturn(56)) - cbde3520-0cea-4357-bb04-1a0ae64b2bb1@group-7EB39FB5DF22-LeaderElection78: Election REJECTED; received 2 response(s) [cbde3520-0cea-4357-bb04-1a0ae64b2bb1<-40d2d32e-dd25-45df-8070-f9dc56ccf0a7#0:FAIL-t68, cbde3520-0cea-4357-bb04-1a0ae64b2bb1<-443b071d-6096-48d6-bfe7-498b7c8032c0#0:FAIL-t68] and 0 exception(s); cbde3520-0cea-4357-bb04-1a0ae64b2bb1@group-7EB39FB5DF22:t68, leader=null, voted=cbde3520-0cea-4357-bb04-1a0ae64b2bb1, raftlog=cbde3520-0cea-4357-bb04-1a0ae64b2bb1@group-7EB39FB5DF22-SegmentedRaftLog:OPENED:c-1,f-1,i0, conf=-1: [40d2d32e-dd25-45df-8070-f9dc56ccf0a7:192.168.34.62:41633, cbde3520-0cea-4357-bb04-1a0ae64b2bb1:192.168.34.62:41642, 443b071d-6096-48d6-bfe7-498b7c8032c0:192.168.34.62:46516], old=null
2019-10-17 07:41:38,076 [cbde3520-0cea-4357-bb04-1a0ae64b2bb1@group-7EB39FB5DF22-LeaderElection78] INFO  impl.RaftServerImpl (RaftServerImpl.java:setRole(184)) - cbde3520-0cea-4357-bb04-1a0ae64b2bb1@group-7EB39FB5DF22: changes role from CANDIDATE to FOLLOWER at term 68 for DISCOVERED_A_NEW_TERM
2019-10-17 07:41:38,076 [cbde3520-0cea-4357-bb04-1a0ae64b2bb1@group-7EB39FB5DF22-LeaderElection78] INFO  impl.RoleInfo (RoleInfo.java:shutdownLeaderElection(134)) - cbde3520-0cea-4357-bb04-1a0ae64b2bb1: shutdown LeaderElection
2019-10-17 07:41:38,076 [cbde3520-0cea-4357-bb04-1a0ae64b2bb1@group-7EB39FB5DF22-LeaderElection78] INFO  impl.RoleInfo (RoleInfo.java:updateAndGet(143)) - cbde3520-0cea-4357-bb04-1a0ae64b2bb1: start FollowerState
2019-10-17 07:41:38,171 [Thread-726] INFO  impl.FollowerState (FollowerState.java:run(108)) - cbde3520-0cea-4357-bb04-1a0ae64b2bb1@group-7EB39FB5DF22-FollowerState: change to CANDIDATE, lastRpcTime:95ms, electionTimeout:95ms
2019-10-17 07:41:38,172 [Thread-726] INFO  impl.RoleInfo (RoleInfo.java:shutdownFollowerState(121)) - cbde3520-0cea-4357-bb04-1a0ae64b2bb1: shutdown FollowerState
2019-10-17 07:41:38,172 [Thread-726] INFO  impl.RaftServerImpl (RaftServerImpl.java:setRole(184)) - cbde3520-0cea-4357-bb04-1a0ae64b2bb1@group-7EB39FB5DF22: changes role from  FOLLOWER to CANDIDATE at term 68 for changeToCandidate
2019-10-17 07:41:38,172 [Thread-726] INFO  impl.RoleInfo (RoleInfo.java:updateAndGet(143)) - cbde3520-0cea-4357-bb04-1a0ae64b2bb1: start LeaderElection
2019-10-17 07:41:38,197 [cbde3520-0cea-4357-bb04-1a0ae64b2bb1@group-7EB39FB5DF22-LeaderElection79] INFO  impl.LeaderElection (LeaderElection.java:askForVotes(178)) - cbde3520-0cea-4357-bb04-1a0ae64b2bb1@group-7EB39FB5DF22-LeaderElection79: begin an election at term 69 for -1: [40d2d32e-dd25-45df-8070-f9dc56ccf0a7:192.168.34.62:41633, cbde3520-0cea-4357-bb04-1a0ae64b2bb1:192.168.34.62:41642, 443b071d-6096-48d6-bfe7-498b7c8032c0:192.168.34.62:46516], old=null
2019-10-17 07:41:38,200 [grpc-default-executor-1] INFO  impl.RaftServerImpl (RaftServerImpl.java:setRole(184)) - 443b071d-6096-48d6-bfe7-498b7c8032c0@group-7EB39FB5DF22: changes role from  FOLLOWER to FOLLOWER at term 69 for recognizeCandidate:cbde3520-0cea-4357-bb04-1a0ae64b2bb1
2019-10-17 07:41:38,200 [grpc-default-executor-1] INFO  impl.RoleInfo (RoleInfo.java:shutdownFollowerState(121)) - 443b071d-6096-48d6-bfe7-498b7c8032c0: shutdown FollowerState
2019-10-17 07:41:38,200 [grpc-default-executor-4] INFO  impl.RaftServerImpl (RaftServerImpl.java:setRole(184)) - 40d2d32e-dd25-45df-8070-f9dc56ccf0a7@group-7EB39FB5DF22: changes role from  FOLLOWER to FOLLOWER at term 69 for recognizeCandidate:cbde3520-0cea-4357-bb04-1a0ae64b2bb1
2019-10-17 07:41:38,200 [Thread-725] INFO  impl.FollowerState (FollowerState.java:run(117)) - 443b071d-6096-48d6-bfe7-498b7c8032c0@group-7EB39FB5DF22-FollowerState was interrupted: java.lang.InterruptedException: sleep interrupted
2019-10-17 07:41:38,200 [grpc-default-executor-1] INFO  impl.RoleInfo (RoleInfo.java:updateAndGet(143)) - 443b071d-6096-48d6-bfe7-498b7c8032c0: start FollowerState
2019-10-17 07:41:38,201 [grpc-default-executor-4] INFO  impl.RoleInfo (RoleInfo.java:shutdownFollowerState(121)) - 40d2d32e-dd25-45df-8070-f9dc56ccf0a7: shutdown FollowerState
2019-10-17 07:41:38,201 [grpc-default-executor-4] INFO  impl.RoleInfo (RoleInfo.java:updateAndGet(143)) - 40d2d32e-dd25-45df-8070-f9dc56ccf0a7: start FollowerState
2019-10-17 07:41:38,201 [Thread-724] INFO  impl.FollowerState (FollowerState.java:run(117)) - 40d2d32e-dd25-45df-8070-f9dc56ccf0a7@group-7EB39FB5DF22-FollowerState was interrupted: java.lang.InterruptedException: sleep interrupted
2019-10-17 07:41:38,206 [main] INFO  ozone.MiniOzoneClusterImpl (MiniOzoneClusterImpl.java:lambda$waitForClusterToBeReady$2(164)) - Waiting for 1 number of pipelines out of 5, to report a leader.
2019-10-17 07:41:38,226 [cbde3520-0cea-4357-bb04-1a0ae64b2bb1@group-7EB39FB5DF22-LeaderElection79] INFO  impl.LeaderElection (LeaderElection.java:logAndReturn(56)) - cbde3520-0cea-4357-bb04-1a0ae64b2bb1@group-7EB39FB5DF22-LeaderElection79: Election REJECTED; received 2 response(s) [cbde3520-0cea-4357-bb04-1a0ae64b2bb1<-40d2d32e-dd25-45df-8070-f9dc56ccf0a7#0:FAIL-t69, cbde3520-0cea-4357-bb04-1a0ae64b2bb1<-443b071d-6096-48d6-bfe7-498b7c8032c0#0:FAIL-t69] and 0 exception(s); cbde3520-0cea-4357-bb04-1a0ae64b2bb1@group-7EB39FB5DF22:t69, leader=null, voted=cbde3520-0cea-4357-bb04-1a0ae64b2bb1, raftlog=cbde3520-0cea-4357-bb04-1a0ae64b2bb1@group-7EB39FB5DF22-SegmentedRaftLog:OPENED:c-1,f-1,i0, conf=-1: [40d2d32e-dd25-45df-8070-f9dc56ccf0a7:192.168.34.62:41633, cbde3520-0cea-4357-bb04-1a0ae64b2bb1:192.168.34.62:41642, 443b071d-6096-48d6-bfe7-498b7c8032c0:192.168.34.62:46516], old=null
2019-10-17 07:41:38,226 [cbde3520-0cea-4357-bb04-1a0ae64b2bb1@group-7EB39FB5DF22-LeaderElection79] INFO  impl.RaftServerImpl (RaftServerImpl.java:setRole(184)) - cbde3520-0cea-4357-bb04-1a0ae64b2bb1@group-7EB39FB5DF22: changes role from CANDIDATE to FOLLOWER at term 69 for DISCOVERED_A_NEW_TERM
2019-10-17 07:41:38,226 [cbde3520-0cea-4357-bb04-1a0ae64b2bb1@group-7EB39FB5DF22-LeaderElection79] INFO  impl.RoleInfo (RoleInfo.java:shutdownLeaderElection(134)) - cbde3520-0cea-4357-bb04-1a0ae64b2bb1: shutdown LeaderElection
2019-10-17 07:41:38,226 [cbde3520-0cea-4357-bb04-1a0ae64b2bb1@group-7EB39FB5DF22-LeaderElection79] INFO  impl.RoleInfo (RoleInfo.java:updateAndGet(143)) - cbde3520-0cea-4357-bb04-1a0ae64b2bb1: start FollowerState
2019-10-17 07:41:38,388 [Thread-732] INFO  impl.FollowerState (FollowerState.java:run(108)) - cbde3520-0cea-4357-bb04-1a0ae64b2bb1@group-7EB39FB5DF22-FollowerState: change to CANDIDATE, lastRpcTime:161ms, electionTimeout:161ms
2019-10-17 07:41:38,388 [Thread-732] INFO  impl.RoleInfo (RoleInfo.java:shutdownFollowerState(121)) - cbde3520-0cea-4357-bb04-1a0ae64b2bb1: shutdown FollowerState
2019-10-17 07:41:38,388 [Thread-732] INFO  impl.RaftServerImpl (RaftServerImpl.java:setRole(184)) - cbde3520-0cea-4357-bb04-1a0ae64b2bb1@group-7EB39FB5DF22: changes role from  FOLLOWER to CANDIDATE at term 69 for changeToCandidate
2019-10-17 07:41:38,389 [Thread-732] INFO  impl.RoleInfo (RoleInfo.java:updateAndGet(143)) - cbde3520-0cea-4357-bb04-1a0ae64b2bb1: start LeaderElection
2019-10-17 07:41:38,412 [cbde3520-0cea-4357-bb04-1a0ae64b2bb1@group-7EB39FB5DF22-LeaderElection80] INFO  impl.LeaderElection (LeaderElection.java:askForVotes(178)) - cbde3520-0cea-4357-bb04-1a0ae64b2bb1@group-7EB39FB5DF22-LeaderElection80: begin an election at term 70 for -1: [40d2d32e-dd25-45df-8070-f9dc56ccf0a7:192.168.34.62:41633, cbde3520-0cea-4357-bb04-1a0ae64b2bb1:192.168.34.62:41642, 443b071d-6096-48d6-bfe7-498b7c8032c0:192.168.34.62:46516], old=null
2019-10-17 07:41:38,421 [grpc-default-executor-4] INFO  impl.RaftServerImpl (RaftServerImpl.java:setRole(184)) - 40d2d32e-dd25-45df-8070-f9dc56ccf0a7@group-7EB39FB5DF22: changes role from  FOLLOWER to FOLLOWER at term 70 for recognizeCandidate:cbde3520-0cea-4357-bb04-1a0ae64b2bb1
2019-10-17 07:41:38,421 [grpc-default-executor-4] INFO  impl.RoleInfo (RoleInfo.java:shutdownFollowerState(121)) - 40d2d32e-dd25-45df-8070-f9dc56ccf0a7: shutdown FollowerState
2019-10-17 07:41:38,421 [grpc-default-executor-1] INFO  impl.RaftServerImpl (RaftServerImpl.java:setRole(184)) - 443b071d-6096-48d6-bfe7-498b7c8032c0@group-7EB39FB5DF22: changes role from  FOLLOWER to FOLLOWER at term 70 for recognizeCandidate:cbde3520-0cea-4357-bb04-1a0ae64b2bb1
2019-10-17 07:41:38,421 [grpc-default-executor-1] INFO  impl.RoleInfo (RoleInfo.java:shutdownFollowerState(121)) - 443b071d-6096-48d6-bfe7-498b7c8032c0: shutdown FollowerState
2019-10-17 07:41:38,427 [grpc-default-executor-1] INFO  impl.RoleInfo (RoleInfo.java:updateAndGet(143)) - 443b071d-6096-48d6-bfe7-498b7c8032c0: start FollowerState
2019-10-17 07:41:38,427 [grpc-default-executor-4] INFO  impl.RoleInfo (RoleInfo.java:updateAndGet(143)) - 40d2d32e-dd25-45df-8070-f9dc56ccf0a7: start FollowerState
2019-10-17 07:41:38,427 [Thread-730] INFO  impl.FollowerState (FollowerState.java:run(117)) - 443b071d-6096-48d6-bfe7-498b7c8032c0@group-7EB39FB5DF22-FollowerState was interrupted: java.lang.InterruptedException: sleep interrupted
2019-10-17 07:41:38,427 [Thread-731] INFO  impl.FollowerState (FollowerState.java:run(117)) - 40d2d32e-dd25-45df-8070-f9dc56ccf0a7@group-7EB39FB5DF22-FollowerState was interrupted: java.lang.InterruptedException: sleep interrupted
2019-10-17 07:41:38,445 [cbde3520-0cea-4357-bb04-1a0ae64b2bb1@group-7EB39FB5DF22-LeaderElection80] INFO  impl.LeaderElection (LeaderElection.java:logAndReturn(56)) - cbde3520-0cea-4357-bb04-1a0ae64b2bb1@group-7EB39FB5DF22-LeaderElection80: Election REJECTED; received 2 response(s) [cbde3520-0cea-4357-bb04-1a0ae64b2bb1<-40d2d32e-dd25-45df-8070-f9dc56ccf0a7#0:FAIL-t70, cbde3520-0cea-4357-bb04-1a0ae64b2bb1<-443b071d-6096-48d6-bfe7-498b7c8032c0#0:FAIL-t70] and 0 exception(s); cbde3520-0cea-4357-bb04-1a0ae64b2bb1@group-7EB39FB5DF22:t70, leader=null, voted=cbde3520-0cea-4357-bb04-1a0ae64b2bb1, raftlog=cbde3520-0cea-4357-bb04-1a0ae64b2bb1@group-7EB39FB5DF22-SegmentedRaftLog:OPENED:c-1,f-1,i0, conf=-1: [40d2d32e-dd25-45df-8070-f9dc56ccf0a7:192.168.34.62:41633, cbde3520-0cea-4357-bb04-1a0ae64b2bb1:192.168.34.62:41642, 443b071d-6096-48d6-bfe7-498b7c8032c0:192.168.34.62:46516], old=null
2019-10-17 07:41:38,445 [cbde3520-0cea-4357-bb04-1a0ae64b2bb1@group-7EB39FB5DF22-LeaderElection80] INFO  impl.RaftServerImpl (RaftServerImpl.java:setRole(184)) - cbde3520-0cea-4357-bb04-1a0ae64b2bb1@group-7EB39FB5DF22: changes role from CANDIDATE to FOLLOWER at term 70 for DISCOVERED_A_NEW_TERM
2019-10-17 07:41:38,445 [cbde3520-0cea-4357-bb04-1a0ae64b2bb1@group-7EB39FB5DF22-LeaderElection80] INFO  impl.RoleInfo (RoleInfo.java:shutdownLeaderElection(134)) - cbde3520-0cea-4357-bb04-1a0ae64b2bb1: shutdown LeaderElection
2019-10-17 07:41:38,446 [cbde3520-0cea-4357-bb04-1a0ae64b2bb1@group-7EB39FB5DF22-LeaderElection80] INFO  impl.RoleInfo (RoleInfo.java:updateAndGet(143)) - cbde3520-0cea-4357-bb04-1a0ae64b2bb1: start FollowerState
2019-10-17 07:41:38,571 [Thread-738] INFO  impl.FollowerState (FollowerState.java:run(108)) - cbde3520-0cea-4357-bb04-1a0ae64b2bb1@group-7EB39FB5DF22-FollowerState: change to CANDIDATE, lastRpcTime:125ms, electionTimeout:125ms
2019-10-17 07:41:38,571 [Thread-738] INFO  impl.RoleInfo (RoleInfo.java:shutdownFollowerState(121)) - cbde3520-0cea-4357-bb04-1a0ae64b2bb1: shutdown FollowerState
2019-10-17 07:41:38,571 [Thread-738] INFO  impl.RaftServerImpl (RaftServerImpl.java:setRole(184)) - cbde3520-0cea-4357-bb04-1a0ae64b2bb1@group-7EB39FB5DF22: changes role from  FOLLOWER to CANDIDATE at term 70 for changeToCandidate
2019-10-17 07:41:38,572 [Thread-738] INFO  impl.RoleInfo (RoleInfo.java:updateAndGet(143)) - cbde3520-0cea-4357-bb04-1a0ae64b2bb1: start LeaderElection
2019-10-17 07:41:38,595 [cbde3520-0cea-4357-bb04-1a0ae64b2bb1@group-7EB39FB5DF22-LeaderElection81] INFO  impl.LeaderElection (LeaderElection.java:askForVotes(178)) - cbde3520-0cea-4357-bb04-1a0ae64b2bb1@group-7EB39FB5DF22-LeaderElection81: begin an election at term 71 for -1: [40d2d32e-dd25-45df-8070-f9dc56ccf0a7:192.168.34.62:41633, cbde3520-0cea-4357-bb04-1a0ae64b2bb1:192.168.34.62:41642, 443b071d-6096-48d6-bfe7-498b7c8032c0:192.168.34.62:46516], old=null
2019-10-17 07:41:38,598 [grpc-default-executor-4] INFO  impl.RaftServerImpl (RaftServerImpl.java:setRole(184)) - 40d2d32e-dd25-45df-8070-f9dc56ccf0a7@group-7EB39FB5DF22: changes role from  FOLLOWER to FOLLOWER at term 71 for recognizeCandidate:cbde3520-0cea-4357-bb04-1a0ae64b2bb1
2019-10-17 07:41:38,599 [grpc-default-executor-1] INFO  impl.RaftServerImpl (RaftServerImpl.java:setRole(184)) - 443b071d-6096-48d6-bfe7-498b7c8032c0@group-7EB39FB5DF22: changes role from  FOLLOWER to FOLLOWER at term 71 for recognizeCandidate:cbde3520-0cea-4357-bb04-1a0ae64b2bb1
2019-10-17 07:41:38,599 [grpc-default-executor-4] INFO  impl.RoleInfo (RoleInfo.java:shutdownFollowerState(121)) - 40d2d32e-dd25-45df-8070-f9dc56ccf0a7: shutdown FollowerState
2019-10-17 07:41:38,599 [grpc-default-executor-1] INFO  impl.RoleInfo (RoleInfo.java:shutdownFollowerState(121)) - 443b071d-6096-48d6-bfe7-498b7c8032c0: shutdown FollowerState
2019-10-17 07:41:38,599 [Thread-737] INFO  impl.FollowerState (FollowerState.java:run(117)) - 40d2d32e-dd25-45df-8070-f9dc56ccf0a7@group-7EB39FB5DF22-FollowerState was interrupted: java.lang.InterruptedException: sleep interrupted
2019-10-17 07:41:38,599 [grpc-default-executor-4] INFO  impl.RoleInfo (RoleInfo.java:updateAndGet(143)) - 40d2d32e-dd25-45df-8070-f9dc56ccf0a7: start FollowerState
2019-10-17 07:41:38,599 [Thread-736] INFO  impl.FollowerState (FollowerState.java:run(117)) - 443b071d-6096-48d6-bfe7-498b7c8032c0@group-7EB39FB5DF22-FollowerState was interrupted: java.lang.InterruptedException: sleep interrupted
2019-10-17 07:41:38,599 [grpc-default-executor-1] INFO  impl.RoleInfo (RoleInfo.java:updateAndGet(143)) - 443b071d-6096-48d6-bfe7-498b7c8032c0: start FollowerState
2019-10-17 07:41:38,615 [cbde3520-0cea-4357-bb04-1a0ae64b2bb1@group-7EB39FB5DF22-LeaderElection81] INFO  impl.LeaderElection (LeaderElection.java:logAndReturn(56)) - cbde3520-0cea-4357-bb04-1a0ae64b2bb1@group-7EB39FB5DF22-LeaderElection81: Election REJECTED; received 2 response(s) [cbde3520-0cea-4357-bb04-1a0ae64b2bb1<-40d2d32e-dd25-45df-8070-f9dc56ccf0a7#0:FAIL-t71, cbde3520-0cea-4357-bb04-1a0ae64b2bb1<-443b071d-6096-48d6-bfe7-498b7c8032c0#0:FAIL-t71] and 0 exception(s); cbde3520-0cea-4357-bb04-1a0ae64b2bb1@group-7EB39FB5DF22:t71, leader=null, voted=cbde3520-0cea-4357-bb04-1a0ae64b2bb1, raftlog=cbde3520-0cea-4357-bb04-1a0ae64b2bb1@group-7EB39FB5DF22-SegmentedRaftLog:OPENED:c-1,f-1,i0, conf=-1: [40d2d32e-dd25-45df-8070-f9dc56ccf0a7:192.168.34.62:41633, cbde3520-0cea-4357-bb04-1a0ae64b2bb1:192.168.34.62:41642, 443b071d-6096-48d6-bfe7-498b7c8032c0:192.168.34.62:46516], old=null
2019-10-17 07:41:38,615 [cbde3520-0cea-4357-bb04-1a0ae64b2bb1@group-7EB39FB5DF22-LeaderElection81] INFO  impl.RaftServerImpl (RaftServerImpl.java:setRole(184)) - cbde3520-0cea-4357-bb04-1a0ae64b2bb1@group-7EB39FB5DF22: changes role from CANDIDATE to FOLLOWER at term 71 for DISCOVERED_A_NEW_TERM
2019-10-17 07:41:38,615 [cbde3520-0cea-4357-bb04-1a0ae64b2bb1@group-7EB39FB5DF22-LeaderElection81] INFO  impl.RoleInfo (RoleInfo.java:shutdownLeaderElection(134)) - cbde3520-0cea-4357-bb04-1a0ae64b2bb1: shutdown LeaderElection
2019-10-17 07:41:38,615 [cbde3520-0cea-4357-bb04-1a0ae64b2bb1@group-7EB39FB5DF22-LeaderElection81] INFO  impl.RoleInfo (RoleInfo.java:updateAndGet(143)) - cbde3520-0cea-4357-bb04-1a0ae64b2bb1: start FollowerState
2019-10-17 07:41:38,731 [Thread-744] INFO  impl.FollowerState (FollowerState.java:run(108)) - cbde3520-0cea-4357-bb04-1a0ae64b2bb1@group-7EB39FB5DF22-FollowerState: change to CANDIDATE, lastRpcTime:115ms, electionTimeout:115ms
2019-10-17 07:41:38,731 [Thread-744] INFO  impl.RoleInfo (RoleInfo.java:shutdownFollowerState(121)) - cbde3520-0cea-4357-bb04-1a0ae64b2bb1: shutdown FollowerState
2019-10-17 07:41:38,731 [Thread-744] INFO  impl.RaftServerImpl (RaftServerImpl.java:setRole(184)) - cbde3520-0cea-4357-bb04-1a0ae64b2bb1@group-7EB39FB5DF22: changes role from  FOLLOWER to CANDIDATE at term 71 for changeToCandidate
2019-10-17 07:41:38,731 [Thread-744] INFO  impl.RoleInfo (RoleInfo.java:updateAndGet(143)) - cbde3520-0cea-4357-bb04-1a0ae64b2bb1: start LeaderElection
2019-10-17 07:41:38,745 [cbde3520-0cea-4357-bb04-1a0ae64b2bb1@group-7EB39FB5DF22-LeaderElection82] INFO  impl.LeaderElection (LeaderElection.java:askForVotes(178)) - cbde3520-0cea-4357-bb04-1a0ae64b2bb1@group-7EB39FB5DF22-LeaderElection82: begin an election at term 72 for -1: [40d2d32e-dd25-45df-8070-f9dc56ccf0a7:192.168.34.62:41633, cbde3520-0cea-4357-bb04-1a0ae64b2bb1:192.168.34.62:41642, 443b071d-6096-48d6-bfe7-498b7c8032c0:192.168.34.62:46516], old=null
2019-10-17 07:41:38,748 [grpc-default-executor-1] INFO  impl.RaftServerImpl (RaftServerImpl.java:setRole(184)) - 40d2d32e-dd25-45df-8070-f9dc56ccf0a7@group-7EB39FB5DF22: changes role from  FOLLOWER to FOLLOWER at term 72 for recognizeCandidate:cbde3520-0cea-4357-bb04-1a0ae64b2bb1
2019-10-17 07:41:38,748 [grpc-default-executor-1] INFO  impl.RoleInfo (RoleInfo.java:shutdownFollowerState(121)) - 40d2d32e-dd25-45df-8070-f9dc56ccf0a7: shutdown FollowerState
2019-10-17 07:41:38,748 [grpc-default-executor-4] INFO  impl.RaftServerImpl (RaftServerImpl.java:setRole(184)) - 443b071d-6096-48d6-bfe7-498b7c8032c0@group-7EB39FB5DF22: changes role from  FOLLOWER to FOLLOWER at term 72 for recognizeCandidate:cbde3520-0cea-4357-bb04-1a0ae64b2bb1
2019-10-17 07:41:38,748 [Thread-742] INFO  impl.FollowerState (FollowerState.java:run(117)) - 40d2d32e-dd25-45df-8070-f9dc56ccf0a7@group-7EB39FB5DF22-FollowerState was interrupted: java.lang.InterruptedException: sleep interrupted
2019-10-17 07:41:38,748 [grpc-default-executor-1] INFO  impl.RoleInfo (RoleInfo.java:updateAndGet(143)) - 40d2d32e-dd25-45df-8070-f9dc56ccf0a7: start FollowerState
2019-10-17 07:41:38,748 [grpc-default-executor-4] INFO  impl.RoleInfo (RoleInfo.java:shutdownFollowerState(121)) - 443b071d-6096-48d6-bfe7-498b7c8032c0: shutdown FollowerState
2019-10-17 07:41:38,749 [grpc-default-executor-4] INFO  impl.RoleInfo (RoleInfo.java:updateAndGet(143)) - 443b071d-6096-48d6-bfe7-498b7c8032c0: start FollowerState
2019-10-17 07:41:38,749 [Thread-743] INFO  impl.FollowerState (FollowerState.java:run(117)) - 443b071d-6096-48d6-bfe7-498b7c8032c0@group-7EB39FB5DF22-FollowerState was interrupted: java.lang.InterruptedException: sleep interrupted
2019-10-17 07:41:38,775 [cbde3520-0cea-4357-bb04-1a0ae64b2bb1@group-7EB39FB5DF22-LeaderElection82] INFO  impl.LeaderElection (LeaderElection.java:logAndReturn(56)) - cbde3520-0cea-4357-bb04-1a0ae64b2bb1@group-7EB39FB5DF22-LeaderElection82: Election REJECTED; received 2 response(s) [cbde3520-0cea-4357-bb04-1a0ae64b2bb1<-40d2d32e-dd25-45df-8070-f9dc56ccf0a7#0:FAIL-t72, cbde3520-0cea-4357-bb04-1a0ae64b2bb1<-443b071d-6096-48d6-bfe7-498b7c8032c0#0:FAIL-t72] and 0 exception(s); cbde3520-0cea-4357-bb04-1a0ae64b2bb1@group-7EB39FB5DF22:t72, leader=null, voted=cbde3520-0cea-4357-bb04-1a0ae64b2bb1, raftlog=cbde3520-0cea-4357-bb04-1a0ae64b2bb1@group-7EB39FB5DF22-SegmentedRaftLog:OPENED:c-1,f-1,i0, conf=-1: [40d2d32e-dd25-45df-8070-f9dc56ccf0a7:192.168.34.62:41633, cbde3520-0cea-4357-bb04-1a0ae64b2bb1:192.168.34.62:41642, 443b071d-6096-48d6-bfe7-498b7c8032c0:192.168.34.62:46516], old=null
2019-10-17 07:41:38,776 [cbde3520-0cea-4357-bb04-1a0ae64b2bb1@group-7EB39FB5DF22-LeaderElection82] INFO  impl.RaftServerImpl (RaftServerImpl.java:setRole(184)) - cbde3520-0cea-4357-bb04-1a0ae64b2bb1@group-7EB39FB5DF22: changes role from CANDIDATE to FOLLOWER at term 72 for DISCOVERED_A_NEW_TERM
2019-10-17 07:41:38,776 [cbde3520-0cea-4357-bb04-1a0ae64b2bb1@group-7EB39FB5DF22-LeaderElection82] INFO  impl.RoleInfo (RoleInfo.java:shutdownLeaderElection(134)) - cbde3520-0cea-4357-bb04-1a0ae64b2bb1: shutdown LeaderElection
2019-10-17 07:41:38,776 [cbde3520-0cea-4357-bb04-1a0ae64b2bb1@group-7EB39FB5DF22-LeaderElection82] INFO  impl.RoleInfo (RoleInfo.java:updateAndGet(143)) - cbde3520-0cea-4357-bb04-1a0ae64b2bb1: start FollowerState
2019-10-17 07:41:38,863 [Thread-750] INFO  impl.FollowerState (FollowerState.java:run(108)) - cbde3520-0cea-4357-bb04-1a0ae64b2bb1@group-7EB39FB5DF22-FollowerState: change to CANDIDATE, lastRpcTime:87ms, electionTimeout:87ms
2019-10-17 07:41:38,864 [Thread-750] INFO  impl.RoleInfo (RoleInfo.java:shutdownFollowerState(121)) - cbde3520-0cea-4357-bb04-1a0ae64b2bb1: shutdown FollowerState
2019-10-17 07:41:38,864 [Thread-750] INFO  impl.RaftServerImpl (RaftServerImpl.java:setRole(184)) - cbde3520-0cea-4357-bb04-1a0ae64b2bb1@group-7EB39FB5DF22: changes role from  FOLLOWER to CANDIDATE at term 72 for changeToCandidate
2019-10-17 07:41:38,864 [Thread-750] INFO  impl.RoleInfo (RoleInfo.java:updateAndGet(143)) - cbde3520-0cea-4357-bb04-1a0ae64b2bb1: start LeaderElection
2019-10-17 07:41:38,888 [cbde3520-0cea-4357-bb04-1a0ae64b2bb1@group-7EB39FB5DF22-LeaderElection83] INFO  impl.LeaderElection (LeaderElection.java:askForVotes(178)) - cbde3520-0cea-4357-bb04-1a0ae64b2bb1@group-7EB39FB5DF22-LeaderElection83: begin an election at term 73 for -1: [40d2d32e-dd25-45df-8070-f9dc56ccf0a7:192.168.34.62:41633, cbde3520-0cea-4357-bb04-1a0ae64b2bb1:192.168.34.62:41642, 443b071d-6096-48d6-bfe7-498b7c8032c0:192.168.34.62:46516], old=null
2019-10-17 07:41:38,891 [grpc-default-executor-4] INFO  impl.RaftServerImpl (RaftServerImpl.java:setRole(184)) - 443b071d-6096-48d6-bfe7-498b7c8032c0@group-7EB39FB5DF22: changes role from  FOLLOWER to FOLLOWER at term 73 for recognizeCandidate:cbde3520-0cea-4357-bb04-1a0ae64b2bb1
2019-10-17 07:41:38,891 [grpc-default-executor-1] INFO  impl.RaftServerImpl (RaftServerImpl.java:setRole(184)) - 40d2d32e-dd25-45df-8070-f9dc56ccf0a7@group-7EB39FB5DF22: changes role from  FOLLOWER to FOLLOWER at term 73 for recognizeCandidate:cbde3520-0cea-4357-bb04-1a0ae64b2bb1
2019-10-17 07:41:38,891 [grpc-default-executor-4] INFO  impl.RoleInfo (RoleInfo.java:shutdownFollowerState(121)) - 443b071d-6096-48d6-bfe7-498b7c8032c0: shutdown FollowerState
2019-10-17 07:41:38,891 [grpc-default-executor-1] INFO  impl.RoleInfo (RoleInfo.java:shutdownFollowerState(121)) - 40d2d32e-dd25-45df-8070-f9dc56ccf0a7: shutdown FollowerState
2019-10-17 07:41:38,892 [grpc-default-executor-1] INFO  impl.RoleInfo (RoleInfo.java:updateAndGet(143)) - 40d2d32e-dd25-45df-8070-f9dc56ccf0a7: start FollowerState
2019-10-17 07:41:38,892 [Thread-749] INFO  impl.FollowerState (FollowerState.java:run(117)) - 443b071d-6096-48d6-bfe7-498b7c8032c0@group-7EB39FB5DF22-FollowerState was interrupted: java.lang.InterruptedException: sleep interrupted
2019-10-17 07:41:38,892 [grpc-default-executor-4] INFO  impl.RoleInfo (RoleInfo.java:updateAndGet(143)) - 443b071d-6096-48d6-bfe7-498b7c8032c0: start FollowerState
2019-10-17 07:41:38,892 [Thread-748] INFO  impl.FollowerState (FollowerState.java:run(117)) - 40d2d32e-dd25-45df-8070-f9dc56ccf0a7@group-7EB39FB5DF22-FollowerState was interrupted: java.lang.InterruptedException: sleep interrupted
2019-10-17 07:41:38,896 [cbde3520-0cea-4357-bb04-1a0ae64b2bb1@group-7EB39FB5DF22-LeaderElection83] INFO  impl.LeaderElection (LeaderElection.java:logAndReturn(56)) - cbde3520-0cea-4357-bb04-1a0ae64b2bb1@group-7EB39FB5DF22-LeaderElection83: Election TIMEOUT; received 0 response(s) [] and 0 exception(s); cbde3520-0cea-4357-bb04-1a0ae64b2bb1@group-7EB39FB5DF22:t73, leader=null, voted=cbde3520-0cea-4357-bb04-1a0ae64b2bb1, raftlog=cbde3520-0cea-4357-bb04-1a0ae64b2bb1@group-7EB39FB5DF22-SegmentedRaftLog:OPENED:c-1,f-1,i0, conf=-1: [40d2d32e-dd25-45df-8070-f9dc56ccf0a7:192.168.34.62:41633, cbde3520-0cea-4357-bb04-1a0ae64b2bb1:192.168.34.62:41642, 443b071d-6096-48d6-bfe7-498b7c8032c0:192.168.34.62:46516], old=null
2019-10-17 07:41:38,915 [cbde3520-0cea-4357-bb04-1a0ae64b2bb1@group-7EB39FB5DF22-LeaderElection83] INFO  impl.LeaderElection (LeaderElection.java:askForVotes(178)) - cbde3520-0cea-4357-bb04-1a0ae64b2bb1@group-7EB39FB5DF22-LeaderElection83: begin an election at term 74 for -1: [40d2d32e-dd25-45df-8070-f9dc56ccf0a7:192.168.34.62:41633, cbde3520-0cea-4357-bb04-1a0ae64b2bb1:192.168.34.62:41642, 443b071d-6096-48d6-bfe7-498b7c8032c0:192.168.34.62:46516], old=null
2019-10-17 07:41:38,918 [grpc-default-executor-1] INFO  impl.RaftServerImpl (RaftServerImpl.java:setRole(184)) - 40d2d32e-dd25-45df-8070-f9dc56ccf0a7@group-7EB39FB5DF22: changes role from  FOLLOWER to FOLLOWER at term 74 for recognizeCandidate:cbde3520-0cea-4357-bb04-1a0ae64b2bb1
2019-10-17 07:41:38,918 [grpc-default-executor-1] INFO  impl.RoleInfo (RoleInfo.java:shutdownFollowerState(121)) - 40d2d32e-dd25-45df-8070-f9dc56ccf0a7: shutdown FollowerState
2019-10-17 07:41:38,918 [Thread-755] INFO  impl.FollowerState (FollowerState.java:run(117)) - 40d2d32e-dd25-45df-8070-f9dc56ccf0a7@group-7EB39FB5DF22-FollowerState was interrupted: java.lang.InterruptedException: sleep interrupted
2019-10-17 07:41:38,918 [grpc-default-executor-4] INFO  impl.RaftServerImpl (RaftServerImpl.java:setRole(184)) - 443b071d-6096-48d6-bfe7-498b7c8032c0@group-7EB39FB5DF22: changes role from  FOLLOWER to FOLLOWER at term 74 for recognizeCandidate:cbde3520-0cea-4357-bb04-1a0ae64b2bb1
2019-10-17 07:41:38,918 [grpc-default-executor-1] INFO  impl.RoleInfo (RoleInfo.java:updateAndGet(143)) - 40d2d32e-dd25-45df-8070-f9dc56ccf0a7: start FollowerState
2019-10-17 07:41:38,918 [grpc-default-executor-4] INFO  impl.RoleInfo (RoleInfo.java:shutdownFollowerState(121)) - 443b071d-6096-48d6-bfe7-498b7c8032c0: shutdown FollowerState
2019-10-17 07:41:38,919 [grpc-default-executor-4] INFO  impl.RoleInfo (RoleInfo.java:updateAndGet(143)) - 443b071d-6096-48d6-bfe7-498b7c8032c0: start FollowerState
2019-10-17 07:41:38,919 [Thread-754] INFO  impl.FollowerState (FollowerState.java:run(117)) - 443b071d-6096-48d6-bfe7-498b7c8032c0@group-7EB39FB5DF22-FollowerState was interrupted: java.lang.InterruptedException: sleep interrupted
2019-10-17 07:41:38,933 [cbde3520-0cea-4357-bb04-1a0ae64b2bb1@group-7EB39FB5DF22-LeaderElection83] INFO  impl.LeaderElection (LeaderElection.java:logAndReturn(56)) - cbde3520-0cea-4357-bb04-1a0ae64b2bb1@group-7EB39FB5DF22-LeaderElection83: Election REJECTED; received 2 response(s) [cbde3520-0cea-4357-bb04-1a0ae64b2bb1<-40d2d32e-dd25-45df-8070-f9dc56ccf0a7#0:FAIL-t74, cbde3520-0cea-4357-bb04-1a0ae64b2bb1<-443b071d-6096-48d6-bfe7-498b7c8032c0#0:FAIL-t74] and 0 exception(s); cbde3520-0cea-4357-bb04-1a0ae64b2bb1@group-7EB39FB5DF22:t74, leader=null, voted=cbde3520-0cea-4357-bb04-1a0ae64b2bb1, raftlog=cbde3520-0cea-4357-bb04-1a0ae64b2bb1@group-7EB39FB5DF22-SegmentedRaftLog:OPENED:c-1,f-1,i0, conf=-1: [40d2d32e-dd25-45df-8070-f9dc56ccf0a7:192.168.34.62:41633, cbde3520-0cea-4357-bb04-1a0ae64b2bb1:192.168.34.62:41642, 443b071d-6096-48d6-bfe7-498b7c8032c0:192.168.34.62:46516], old=null
2019-10-17 07:41:38,933 [cbde3520-0cea-4357-bb04-1a0ae64b2bb1@group-7EB39FB5DF22-LeaderElection83] INFO  impl.RaftServerImpl (RaftServerImpl.java:setRole(184)) - cbde3520-0cea-4357-bb04-1a0ae64b2bb1@group-7EB39FB5DF22: changes role from CANDIDATE to FOLLOWER at term 74 for DISCOVERED_A_NEW_TERM
2019-10-17 07:41:38,933 [cbde3520-0cea-4357-bb04-1a0ae64b2bb1@group-7EB39FB5DF22-LeaderElection83] INFO  impl.RoleInfo (RoleInfo.java:shutdownLeaderElection(134)) - cbde3520-0cea-4357-bb04-1a0ae64b2bb1: shutdown LeaderElection
2019-10-17 07:41:38,933 [cbde3520-0cea-4357-bb04-1a0ae64b2bb1@group-7EB39FB5DF22-LeaderElection83] INFO  impl.RoleInfo (RoleInfo.java:updateAndGet(143)) - cbde3520-0cea-4357-bb04-1a0ae64b2bb1: start FollowerState
2019-10-17 07:41:38,955 [Thread-760] INFO  impl.FollowerState (FollowerState.java:run(108)) - cbde3520-0cea-4357-bb04-1a0ae64b2bb1@group-7EB39FB5DF22-FollowerState: change to CANDIDATE, lastRpcTime:21ms, electionTimeout:21ms
2019-10-17 07:41:38,955 [Thread-760] INFO  impl.RoleInfo (RoleInfo.java:shutdownFollowerState(121)) - cbde3520-0cea-4357-bb04-1a0ae64b2bb1: shutdown FollowerState
2019-10-17 07:41:38,955 [Thread-760] INFO  impl.RaftServerImpl (RaftServerImpl.java:setRole(184)) - cbde3520-0cea-4357-bb04-1a0ae64b2bb1@group-7EB39FB5DF22: changes role from  FOLLOWER to CANDIDATE at term 74 for changeToCandidate
2019-10-17 07:41:38,956 [Thread-760] INFO  impl.RoleInfo (RoleInfo.java:updateAndGet(143)) - cbde3520-0cea-4357-bb04-1a0ae64b2bb1: start LeaderElection
2019-10-17 07:41:38,980 [cbde3520-0cea-4357-bb04-1a0ae64b2bb1@group-7EB39FB5DF22-LeaderElection84] INFO  impl.LeaderElection (LeaderElection.java:askForVotes(178)) - cbde3520-0cea-4357-bb04-1a0ae64b2bb1@group-7EB39FB5DF22-LeaderElection84: begin an election at term 75 for -1: [40d2d32e-dd25-45df-8070-f9dc56ccf0a7:192.168.34.62:41633, cbde3520-0cea-4357-bb04-1a0ae64b2bb1:192.168.34.62:41642, 443b071d-6096-48d6-bfe7-498b7c8032c0:192.168.34.62:46516], old=null
2019-10-17 07:41:38,983 [grpc-default-executor-4] INFO  impl.RaftServerImpl (RaftServerImpl.java:setRole(184)) - 443b071d-6096-48d6-bfe7-498b7c8032c0@group-7EB39FB5DF22: changes role from  FOLLOWER to FOLLOWER at term 75 for recognizeCandidate:cbde3520-0cea-4357-bb04-1a0ae64b2bb1
2019-10-17 07:41:38,983 [grpc-default-executor-1] INFO  impl.RaftServerImpl (RaftServerImpl.java:setRole(184)) - 40d2d32e-dd25-45df-8070-f9dc56ccf0a7@group-7EB39FB5DF22: changes role from  FOLLOWER to FOLLOWER at term 75 for recognizeCandidate:cbde3520-0cea-4357-bb04-1a0ae64b2bb1
2019-10-17 07:41:38,984 [grpc-default-executor-4] INFO  impl.RoleInfo (RoleInfo.java:shutdownFollowerState(121)) - 443b071d-6096-48d6-bfe7-498b7c8032c0: shutdown FollowerState
2019-10-17 07:41:38,984 [grpc-default-executor-1] INFO  impl.RoleInfo (RoleInfo.java:shutdownFollowerState(121)) - 40d2d32e-dd25-45df-8070-f9dc56ccf0a7: shutdown FollowerState
2019-10-17 07:41:38,984 [grpc-default-executor-4] INFO  impl.RoleInfo (RoleInfo.java:updateAndGet(143)) - 443b071d-6096-48d6-bfe7-498b7c8032c0: start FollowerState
2019-10-17 07:41:38,984 [grpc-default-executor-1] INFO  impl.RoleInfo (RoleInfo.java:updateAndGet(143)) - 40d2d32e-dd25-45df-8070-f9dc56ccf0a7: start FollowerState
2019-10-17 07:41:38,984 [Thread-759] INFO  impl.FollowerState (FollowerState.java:run(117)) - 443b071d-6096-48d6-bfe7-498b7c8032c0@group-7EB39FB5DF22-FollowerState was interrupted: java.lang.InterruptedException: sleep interrupted
2019-10-17 07:41:38,984 [Thread-758] INFO  impl.FollowerState (FollowerState.java:run(117)) - 40d2d32e-dd25-45df-8070-f9dc56ccf0a7@group-7EB39FB5DF22-FollowerState was interrupted: java.lang.InterruptedException: sleep interrupted
2019-10-17 07:41:38,998 [cbde3520-0cea-4357-bb04-1a0ae64b2bb1@group-7EB39FB5DF22-LeaderElection84] INFO  impl.LeaderElection (LeaderElection.java:logAndReturn(56)) - cbde3520-0cea-4357-bb04-1a0ae64b2bb1@group-7EB39FB5DF22-LeaderElection84: Election REJECTED; received 2 response(s) [cbde3520-0cea-4357-bb04-1a0ae64b2bb1<-40d2d32e-dd25-45df-8070-f9dc56ccf0a7#0:FAIL-t75, cbde3520-0cea-4357-bb04-1a0ae64b2bb1<-443b071d-6096-48d6-bfe7-498b7c8032c0#0:FAIL-t75] and 0 exception(s); cbde3520-0cea-4357-bb04-1a0ae64b2bb1@group-7EB39FB5DF22:t75, leader=null, voted=cbde3520-0cea-4357-bb04-1a0ae64b2bb1, raftlog=cbde3520-0cea-4357-bb04-1a0ae64b2bb1@group-7EB39FB5DF22-SegmentedRaftLog:OPENED:c-1,f-1,i0, conf=-1: [40d2d32e-dd25-45df-8070-f9dc56ccf0a7:192.168.34.62:41633, cbde3520-0cea-4357-bb04-1a0ae64b2bb1:192.168.34.62:41642, 443b071d-6096-48d6-bfe7-498b7c8032c0:192.168.34.62:46516], old=null
2019-10-17 07:41:38,998 [cbde3520-0cea-4357-bb04-1a0ae64b2bb1@group-7EB39FB5DF22-LeaderElection84] INFO  impl.RaftServerImpl (RaftServerImpl.java:setRole(184)) - cbde3520-0cea-4357-bb04-1a0ae64b2bb1@group-7EB39FB5DF22: changes role from CANDIDATE to FOLLOWER at term 75 for DISCOVERED_A_NEW_TERM
2019-10-17 07:41:38,999 [cbde3520-0cea-4357-bb04-1a0ae64b2bb1@group-7EB39FB5DF22-LeaderElection84] INFO  impl.RoleInfo (RoleInfo.java:shutdownLeaderElection(134)) - cbde3520-0cea-4357-bb04-1a0ae64b2bb1: shutdown LeaderElection
2019-10-17 07:41:38,999 [cbde3520-0cea-4357-bb04-1a0ae64b2bb1@group-7EB39FB5DF22-LeaderElection84] INFO  impl.RoleInfo (RoleInfo.java:updateAndGet(143)) - cbde3520-0cea-4357-bb04-1a0ae64b2bb1: start FollowerState
2019-10-17 07:41:39,167 [Thread-766] INFO  impl.FollowerState (FollowerState.java:run(108)) - cbde3520-0cea-4357-bb04-1a0ae64b2bb1@group-7EB39FB5DF22-FollowerState: change to CANDIDATE, lastRpcTime:168ms, electionTimeout:168ms
2019-10-17 07:41:39,168 [Thread-766] INFO  impl.RoleInfo (RoleInfo.java:shutdownFollowerState(121)) - cbde3520-0cea-4357-bb04-1a0ae64b2bb1: shutdown FollowerState
2019-10-17 07:41:39,168 [Thread-766] INFO  impl.RaftServerImpl (RaftServerImpl.java:setRole(184)) - cbde3520-0cea-4357-bb04-1a0ae64b2bb1@group-7EB39FB5DF22: changes role from  FOLLOWER to CANDIDATE at term 75 for changeToCandidate
2019-10-17 07:41:39,168 [Thread-766] INFO  impl.RoleInfo (RoleInfo.java:updateAndGet(143)) - cbde3520-0cea-4357-bb04-1a0ae64b2bb1: start LeaderElection
2019-10-17 07:41:39,206 [main] INFO  ozone.MiniOzoneClusterImpl (MiniOzoneClusterImpl.java:lambda$waitForClusterToBeReady$2(164)) - Waiting for 1 number of pipelines out of 5, to report a leader.
2019-10-17 07:41:39,208 [cbde3520-0cea-4357-bb04-1a0ae64b2bb1@group-7EB39FB5DF22-LeaderElection85] INFO  impl.LeaderElection (LeaderElection.java:askForVotes(178)) - cbde3520-0cea-4357-bb04-1a0ae64b2bb1@group-7EB39FB5DF22-LeaderElection85: begin an election at term 76 for -1: [40d2d32e-dd25-45df-8070-f9dc56ccf0a7:192.168.34.62:41633, cbde3520-0cea-4357-bb04-1a0ae64b2bb1:192.168.34.62:41642, 443b071d-6096-48d6-bfe7-498b7c8032c0:192.168.34.62:46516], old=null
2019-10-17 07:41:39,211 [grpc-default-executor-1] INFO  impl.RaftServerImpl (RaftServerImpl.java:setRole(184)) - 40d2d32e-dd25-45df-8070-f9dc56ccf0a7@group-7EB39FB5DF22: changes role from  FOLLOWER to FOLLOWER at term 76 for recognizeCandidate:cbde3520-0cea-4357-bb04-1a0ae64b2bb1
2019-10-17 07:41:39,211 [grpc-default-executor-4] INFO  impl.RaftServerImpl (RaftServerImpl.java:setRole(184)) - 443b071d-6096-48d6-bfe7-498b7c8032c0@group-7EB39FB5DF22: changes role from  FOLLOWER to FOLLOWER at term 76 for recognizeCandidate:cbde3520-0cea-4357-bb04-1a0ae64b2bb1
2019-10-17 07:41:39,211 [grpc-default-executor-1] INFO  impl.RoleInfo (RoleInfo.java:shutdownFollowerState(121)) - 40d2d32e-dd25-45df-8070-f9dc56ccf0a7: shutdown FollowerState
2019-10-17 07:41:39,212 [grpc-default-executor-4] INFO  impl.RoleInfo (RoleInfo.java:shutdownFollowerState(121)) - 443b071d-6096-48d6-bfe7-498b7c8032c0: shutdown FollowerState
2019-10-17 07:41:39,212 [Thread-765] INFO  impl.FollowerState (FollowerState.java:run(117)) - 40d2d32e-dd25-45df-8070-f9dc56ccf0a7@group-7EB39FB5DF22-FollowerState was interrupted: java.lang.InterruptedException: sleep interrupted
2019-10-17 07:41:39,212 [grpc-default-executor-1] INFO  impl.RoleInfo (RoleInfo.java:updateAndGet(143)) - 40d2d32e-dd25-45df-8070-f9dc56ccf0a7: start FollowerState
2019-10-17 07:41:39,212 [Thread-764] INFO  impl.FollowerState (FollowerState.java:run(117)) - 443b071d-6096-48d6-bfe7-498b7c8032c0@group-7EB39FB5DF22-FollowerState was interrupted: java.lang.InterruptedException: sleep interrupted
2019-10-17 07:41:39,212 [grpc-default-executor-4] INFO  impl.RoleInfo (RoleInfo.java:updateAndGet(143)) - 443b071d-6096-48d6-bfe7-498b7c8032c0: start FollowerState
2019-10-17 07:41:39,237 [cbde3520-0cea-4357-bb04-1a0ae64b2bb1@group-7EB39FB5DF22-LeaderElection85] INFO  impl.LeaderElection (LeaderElection.java:logAndReturn(56)) - cbde3520-0cea-4357-bb04-1a0ae64b2bb1@group-7EB39FB5DF22-LeaderElection85: Election REJECTED; received 2 response(s) [cbde3520-0cea-4357-bb04-1a0ae64b2bb1<-40d2d32e-dd25-45df-8070-f9dc56ccf0a7#0:FAIL-t76, cbde3520-0cea-4357-bb04-1a0ae64b2bb1<-443b071d-6096-48d6-bfe7-498b7c8032c0#0:FAIL-t76] and 0 exception(s); cbde3520-0cea-4357-bb04-1a0ae64b2bb1@group-7EB39FB5DF22:t76, leader=null, voted=cbde3520-0cea-4357-bb04-1a0ae64b2bb1, raftlog=cbde3520-0cea-4357-bb04-1a0ae64b2bb1@group-7EB39FB5DF22-SegmentedRaftLog:OPENED:c-1,f-1,i0, conf=-1: [40d2d32e-dd25-45df-8070-f9dc56ccf0a7:192.168.34.62:41633, cbde3520-0cea-4357-bb04-1a0ae64b2bb1:192.168.34.62:41642, 443b071d-6096-48d6-bfe7-498b7c8032c0:192.168.34.62:46516], old=null
2019-10-17 07:41:39,237 [cbde3520-0cea-4357-bb04-1a0ae64b2bb1@group-7EB39FB5DF22-LeaderElection85] INFO  impl.RaftServerImpl (RaftServerImpl.java:setRole(184)) - cbde3520-0cea-4357-bb04-1a0ae64b2bb1@group-7EB39FB5DF22: changes role from CANDIDATE to FOLLOWER at term 76 for DISCOVERED_A_NEW_TERM
2019-10-17 07:41:39,238 [cbde3520-0cea-4357-bb04-1a0ae64b2bb1@group-7EB39FB5DF22-LeaderElection85] INFO  impl.RoleInfo (RoleInfo.java:shutdownLeaderElection(134)) - cbde3520-0cea-4357-bb04-1a0ae64b2bb1: shutdown LeaderElection
2019-10-17 07:41:39,238 [cbde3520-0cea-4357-bb04-1a0ae64b2bb1@group-7EB39FB5DF22-LeaderElection85] INFO  impl.RoleInfo (RoleInfo.java:updateAndGet(143)) - cbde3520-0cea-4357-bb04-1a0ae64b2bb1: start FollowerState
2019-10-17 07:41:39,279 [Thread-772] INFO  impl.FollowerState (FollowerState.java:run(108)) - cbde3520-0cea-4357-bb04-1a0ae64b2bb1@group-7EB39FB5DF22-FollowerState: change to CANDIDATE, lastRpcTime:41ms, electionTimeout:41ms
2019-10-17 07:41:39,279 [Thread-772] INFO  impl.RoleInfo (RoleInfo.java:shutdownFollowerState(121)) - cbde3520-0cea-4357-bb04-1a0ae64b2bb1: shutdown FollowerState
2019-10-17 07:41:39,280 [Thread-772] INFO  impl.RaftServerImpl (RaftServerImpl.java:setRole(184)) - cbde3520-0cea-4357-bb04-1a0ae64b2bb1@group-7EB39FB5DF22: changes role from  FOLLOWER to CANDIDATE at term 76 for changeToCandidate
2019-10-17 07:41:39,280 [Thread-772] INFO  impl.RoleInfo (RoleInfo.java:updateAndGet(143)) - cbde3520-0cea-4357-bb04-1a0ae64b2bb1: start LeaderElection
2019-10-17 07:41:39,294 [cbde3520-0cea-4357-bb04-1a0ae64b2bb1@group-7EB39FB5DF22-LeaderElection86] INFO  impl.LeaderElection (LeaderElection.java:askForVotes(178)) - cbde3520-0cea-4357-bb04-1a0ae64b2bb1@group-7EB39FB5DF22-LeaderElection86: begin an election at term 77 for -1: [40d2d32e-dd25-45df-8070-f9dc56ccf0a7:192.168.34.62:41633, cbde3520-0cea-4357-bb04-1a0ae64b2bb1:192.168.34.62:41642, 443b071d-6096-48d6-bfe7-498b7c8032c0:192.168.34.62:46516], old=null
2019-10-17 07:41:39,297 [grpc-default-executor-4] INFO  impl.RaftServerImpl (RaftServerImpl.java:setRole(184)) - 40d2d32e-dd25-45df-8070-f9dc56ccf0a7@group-7EB39FB5DF22: changes role from  FOLLOWER to FOLLOWER at term 77 for recognizeCandidate:cbde3520-0cea-4357-bb04-1a0ae64b2bb1
2019-10-17 07:41:39,297 [grpc-default-executor-1] INFO  impl.RaftServerImpl (RaftServerImpl.java:setRole(184)) - 443b071d-6096-48d6-bfe7-498b7c8032c0@group-7EB39FB5DF22: changes role from  FOLLOWER to FOLLOWER at term 77 for recognizeCandidate:cbde3520-0cea-4357-bb04-1a0ae64b2bb1
2019-10-17 07:41:39,297 [grpc-default-executor-4] INFO  impl.RoleInfo (RoleInfo.java:shutdownFollowerState(121)) - 40d2d32e-dd25-45df-8070-f9dc56ccf0a7: shutdown FollowerState
2019-10-17 07:41:39,297 [grpc-default-executor-1] INFO  impl.RoleInfo (RoleInfo.java:shutdownFollowerState(121)) - 443b071d-6096-48d6-bfe7-498b7c8032c0: shutdown FollowerState
2019-10-17 07:41:39,298 [Thread-770] INFO  impl.FollowerState (FollowerState.java:run(117)) - 40d2d32e-dd25-45df-8070-f9dc56ccf0a7@group-7EB39FB5DF22-FollowerState was interrupted: java.lang.InterruptedException: sleep interrupted
2019-10-17 07:41:39,298 [Thread-771] INFO  impl.FollowerState (FollowerState.java:run(117)) - 443b071d-6096-48d6-bfe7-498b7c8032c0@group-7EB39FB5DF22-FollowerState was interrupted: java.lang.InterruptedException: sleep interrupted
2019-10-17 07:41:39,297 [grpc-default-executor-4] INFO  impl.RoleInfo (RoleInfo.java:updateAndGet(143)) - 40d2d32e-dd25-45df-8070-f9dc56ccf0a7: start FollowerState
2019-10-17 07:41:39,298 [grpc-default-executor-1] INFO  impl.RoleInfo (RoleInfo.java:updateAndGet(143)) - 443b071d-6096-48d6-bfe7-498b7c8032c0: start FollowerState
2019-10-17 07:41:39,305 [cbde3520-0cea-4357-bb04-1a0ae64b2bb1@group-7EB39FB5DF22-LeaderElection86] INFO  impl.LeaderElection (LeaderElection.java:logAndReturn(56)) - cbde3520-0cea-4357-bb04-1a0ae64b2bb1@group-7EB39FB5DF22-LeaderElection86: Election TIMEOUT; received 0 response(s) [] and 0 exception(s); cbde3520-0cea-4357-bb04-1a0ae64b2bb1@group-7EB39FB5DF22:t77, leader=null, voted=cbde3520-0cea-4357-bb04-1a0ae64b2bb1, raftlog=cbde3520-0cea-4357-bb04-1a0ae64b2bb1@group-7EB39FB5DF22-SegmentedRaftLog:OPENED:c-1,f-1,i0, conf=-1: [40d2d32e-dd25-45df-8070-f9dc56ccf0a7:192.168.34.62:41633, cbde3520-0cea-4357-bb04-1a0ae64b2bb1:192.168.34.62:41642, 443b071d-6096-48d6-bfe7-498b7c8032c0:192.168.34.62:46516], old=null
2019-10-17 07:41:39,311 [cbde3520-0cea-4357-bb04-1a0ae64b2bb1@group-7EB39FB5DF22-LeaderElection86] INFO  impl.LeaderElection (LeaderElection.java:askForVotes(178)) - cbde3520-0cea-4357-bb04-1a0ae64b2bb1@group-7EB39FB5DF22-LeaderElection86: begin an election at term 78 for -1: [40d2d32e-dd25-45df-8070-f9dc56ccf0a7:192.168.34.62:41633, cbde3520-0cea-4357-bb04-1a0ae64b2bb1:192.168.34.62:41642, 443b071d-6096-48d6-bfe7-498b7c8032c0:192.168.34.62:46516], old=null
2019-10-17 07:41:39,313 [grpc-default-executor-4] INFO  impl.RaftServerImpl (RaftServerImpl.java:setRole(184)) - 443b071d-6096-48d6-bfe7-498b7c8032c0@group-7EB39FB5DF22: changes role from  FOLLOWER to FOLLOWER at term 78 for recognizeCandidate:cbde3520-0cea-4357-bb04-1a0ae64b2bb1
2019-10-17 07:41:39,313 [grpc-default-executor-4] INFO  impl.RoleInfo (RoleInfo.java:shutdownFollowerState(121)) - 443b071d-6096-48d6-bfe7-498b7c8032c0: shutdown FollowerState
2019-10-17 07:41:39,313 [grpc-default-executor-1] INFO  impl.RaftServerImpl (RaftServerImpl.java:setRole(184)) - 40d2d32e-dd25-45df-8070-f9dc56ccf0a7@group-7EB39FB5DF22: changes role from  FOLLOWER to FOLLOWER at term 78 for recognizeCandidate:cbde3520-0cea-4357-bb04-1a0ae64b2bb1
2019-10-17 07:41:39,313 [grpc-default-executor-1] INFO  impl.RoleInfo (RoleInfo.java:shutdownFollowerState(121)) - 40d2d32e-dd25-45df-8070-f9dc56ccf0a7: shutdown FollowerState
2019-10-17 07:41:39,313 [Thread-777] INFO  impl.FollowerState (FollowerState.java:run(117)) - 443b071d-6096-48d6-bfe7-498b7c8032c0@group-7EB39FB5DF22-FollowerState was interrupted: java.lang.InterruptedException: sleep interrupted
2019-10-17 07:41:39,313 [grpc-default-executor-4] INFO  impl.RoleInfo (RoleInfo.java:updateAndGet(143)) - 443b071d-6096-48d6-bfe7-498b7c8032c0: start FollowerState
2019-10-17 07:41:39,314 [Thread-776] INFO  impl.FollowerState (FollowerState.java:run(117)) - 40d2d32e-dd25-45df-8070-f9dc56ccf0a7@group-7EB39FB5DF22-FollowerState was interrupted: java.lang.InterruptedException: sleep interrupted
2019-10-17 07:41:39,314 [grpc-default-executor-1] INFO  impl.RoleInfo (RoleInfo.java:updateAndGet(143)) - 40d2d32e-dd25-45df-8070-f9dc56ccf0a7: start FollowerState
2019-10-17 07:41:39,333 [cbde3520-0cea-4357-bb04-1a0ae64b2bb1@group-7EB39FB5DF22-LeaderElection86] INFO  impl.LeaderElection (LeaderElection.java:logAndReturn(56)) - cbde3520-0cea-4357-bb04-1a0ae64b2bb1@group-7EB39FB5DF22-LeaderElection86: Election REJECTED; received 2 response(s) [cbde3520-0cea-4357-bb04-1a0ae64b2bb1<-40d2d32e-dd25-45df-8070-f9dc56ccf0a7#0:FAIL-t78, cbde3520-0cea-4357-bb04-1a0ae64b2bb1<-443b071d-6096-48d6-bfe7-498b7c8032c0#0:FAIL-t78] and 0 exception(s); cbde3520-0cea-4357-bb04-1a0ae64b2bb1@group-7EB39FB5DF22:t78, leader=null, voted=cbde3520-0cea-4357-bb04-1a0ae64b2bb1, raftlog=cbde3520-0cea-4357-bb04-1a0ae64b2bb1@group-7EB39FB5DF22-SegmentedRaftLog:OPENED:c-1,f-1,i0, conf=-1: [40d2d32e-dd25-45df-8070-f9dc56ccf0a7:192.168.34.62:41633, cbde3520-0cea-4357-bb04-1a0ae64b2bb1:192.168.34.62:41642, 443b071d-6096-48d6-bfe7-498b7c8032c0:192.168.34.62:46516], old=null
2019-10-17 07:41:39,334 [cbde3520-0cea-4357-bb04-1a0ae64b2bb1@group-7EB39FB5DF22-LeaderElection86] INFO  impl.RaftServerImpl (RaftServerImpl.java:setRole(184)) - cbde3520-0cea-4357-bb04-1a0ae64b2bb1@group-7EB39FB5DF22: changes role from CANDIDATE to FOLLOWER at term 78 for DISCOVERED_A_NEW_TERM
2019-10-17 07:41:39,334 [cbde3520-0cea-4357-bb04-1a0ae64b2bb1@group-7EB39FB5DF22-LeaderElection86] INFO  impl.RoleInfo (RoleInfo.java:shutdownLeaderElection(134)) - cbde3520-0cea-4357-bb04-1a0ae64b2bb1: shutdown LeaderElection
2019-10-17 07:41:39,334 [cbde3520-0cea-4357-bb04-1a0ae64b2bb1@group-7EB39FB5DF22-LeaderElection86] INFO  impl.RoleInfo (RoleInfo.java:updateAndGet(143)) - cbde3520-0cea-4357-bb04-1a0ae64b2bb1: start FollowerState
2019-10-17 07:41:39,484 [Thread-782] INFO  impl.FollowerState (FollowerState.java:run(108)) - cbde3520-0cea-4357-bb04-1a0ae64b2bb1@group-7EB39FB5DF22-FollowerState: change to CANDIDATE, lastRpcTime:150ms, electionTimeout:150ms
2019-10-17 07:41:39,485 [Thread-782] INFO  impl.RoleInfo (RoleInfo.java:shutdownFollowerState(121)) - cbde3520-0cea-4357-bb04-1a0ae64b2bb1: shutdown FollowerState
2019-10-17 07:41:39,485 [Thread-782] INFO  impl.RaftServerImpl (RaftServerImpl.java:setRole(184)) - cbde3520-0cea-4357-bb04-1a0ae64b2bb1@group-7EB39FB5DF22: changes role from  FOLLOWER to CANDIDATE at term 78 for changeToCandidate
2019-10-17 07:41:39,485 [Thread-782] INFO  impl.RoleInfo (RoleInfo.java:updateAndGet(143)) - cbde3520-0cea-4357-bb04-1a0ae64b2bb1: start LeaderElection
2019-10-17 07:41:39,508 [cbde3520-0cea-4357-bb04-1a0ae64b2bb1@group-7EB39FB5DF22-LeaderElection87] INFO  impl.LeaderElection (LeaderElection.java:askForVotes(178)) - cbde3520-0cea-4357-bb04-1a0ae64b2bb1@group-7EB39FB5DF22-LeaderElection87: begin an election at term 79 for -1: [40d2d32e-dd25-45df-8070-f9dc56ccf0a7:192.168.34.62:41633, cbde3520-0cea-4357-bb04-1a0ae64b2bb1:192.168.34.62:41642, 443b071d-6096-48d6-bfe7-498b7c8032c0:192.168.34.62:46516], old=null
2019-10-17 07:41:39,512 [grpc-default-executor-1] INFO  impl.RaftServerImpl (RaftServerImpl.java:setRole(184)) - 40d2d32e-dd25-45df-8070-f9dc56ccf0a7@group-7EB39FB5DF22: changes role from  FOLLOWER to FOLLOWER at term 79 for recognizeCandidate:cbde3520-0cea-4357-bb04-1a0ae64b2bb1
2019-10-17 07:41:39,512 [grpc-default-executor-4] INFO  impl.RaftServerImpl (RaftServerImpl.java:setRole(184)) - 443b071d-6096-48d6-bfe7-498b7c8032c0@group-7EB39FB5DF22: changes role from  FOLLOWER to FOLLOWER at term 79 for recognizeCandidate:cbde3520-0cea-4357-bb04-1a0ae64b2bb1
2019-10-17 07:41:39,512 [grpc-default-executor-1] INFO  impl.RoleInfo (RoleInfo.java:shutdownFollowerState(121)) - 40d2d32e-dd25-45df-8070-f9dc56ccf0a7: shutdown FollowerState
2019-10-17 07:41:39,513 [grpc-default-executor-4] INFO  impl.RoleInfo (RoleInfo.java:shutdownFollowerState(121)) - 443b071d-6096-48d6-bfe7-498b7c8032c0: shutdown FollowerState
2019-10-17 07:41:39,513 [Thread-781] INFO  impl.FollowerState (FollowerState.java:run(117)) - 40d2d32e-dd25-45df-8070-f9dc56ccf0a7@group-7EB39FB5DF22-FollowerState was interrupted: java.lang.InterruptedException: sleep interrupted
2019-10-17 07:41:39,513 [Thread-780] INFO  impl.FollowerState (FollowerState.java:run(117)) - 443b071d-6096-48d6-bfe7-498b7c8032c0@group-7EB39FB5DF22-FollowerState was interrupted: java.lang.InterruptedException: sleep interrupted
2019-10-17 07:41:39,513 [grpc-default-executor-1] INFO  impl.RoleInfo (RoleInfo.java:updateAndGet(143)) - 40d2d32e-dd25-45df-8070-f9dc56ccf0a7: start FollowerState
2019-10-17 07:41:39,513 [grpc-default-executor-4] INFO  impl.RoleInfo (RoleInfo.java:updateAndGet(143)) - 443b071d-6096-48d6-bfe7-498b7c8032c0: start FollowerState
2019-10-17 07:41:39,539 [cbde3520-0cea-4357-bb04-1a0ae64b2bb1@group-7EB39FB5DF22-LeaderElection87] INFO  impl.LeaderElection (LeaderElection.java:logAndReturn(56)) - cbde3520-0cea-4357-bb04-1a0ae64b2bb1@group-7EB39FB5DF22-LeaderElection87: Election REJECTED; received 2 response(s) [cbde3520-0cea-4357-bb04-1a0ae64b2bb1<-40d2d32e-dd25-45df-8070-f9dc56ccf0a7#0:FAIL-t79, cbde3520-0cea-4357-bb04-1a0ae64b2bb1<-443b071d-6096-48d6-bfe7-498b7c8032c0#0:FAIL-t79] and 0 exception(s); cbde3520-0cea-4357-bb04-1a0ae64b2bb1@group-7EB39FB5DF22:t79, leader=null, voted=cbde3520-0cea-4357-bb04-1a0ae64b2bb1, raftlog=cbde3520-0cea-4357-bb04-1a0ae64b2bb1@group-7EB39FB5DF22-SegmentedRaftLog:OPENED:c-1,f-1,i0, conf=-1: [40d2d32e-dd25-45df-8070-f9dc56ccf0a7:192.168.34.62:41633, cbde3520-0cea-4357-bb04-1a0ae64b2bb1:192.168.34.62:41642, 443b071d-6096-48d6-bfe7-498b7c8032c0:192.168.34.62:46516], old=null
2019-10-17 07:41:39,539 [cbde3520-0cea-4357-bb04-1a0ae64b2bb1@group-7EB39FB5DF22-LeaderElection87] INFO  impl.RaftServerImpl (RaftServerImpl.java:setRole(184)) - cbde3520-0cea-4357-bb04-1a0ae64b2bb1@group-7EB39FB5DF22: changes role from CANDIDATE to FOLLOWER at term 79 for DISCOVERED_A_NEW_TERM
2019-10-17 07:41:39,539 [cbde3520-0cea-4357-bb04-1a0ae64b2bb1@group-7EB39FB5DF22-LeaderElection87] INFO  impl.RoleInfo (RoleInfo.java:shutdownLeaderElection(134)) - cbde3520-0cea-4357-bb04-1a0ae64b2bb1: shutdown LeaderElection
2019-10-17 07:41:39,539 [cbde3520-0cea-4357-bb04-1a0ae64b2bb1@group-7EB39FB5DF22-LeaderElection87] INFO  impl.RoleInfo (RoleInfo.java:updateAndGet(143)) - cbde3520-0cea-4357-bb04-1a0ae64b2bb1: start FollowerState
2019-10-17 07:41:39,542 [Thread-788] INFO  impl.FollowerState (FollowerState.java:run(108)) - cbde3520-0cea-4357-bb04-1a0ae64b2bb1@group-7EB39FB5DF22-FollowerState: change to CANDIDATE, lastRpcTime:2ms, electionTimeout:2ms
2019-10-17 07:41:39,542 [Thread-788] INFO  impl.RoleInfo (RoleInfo.java:shutdownFollowerState(121)) - cbde3520-0cea-4357-bb04-1a0ae64b2bb1: shutdown FollowerState
2019-10-17 07:41:39,542 [Thread-788] INFO  impl.RaftServerImpl (RaftServerImpl.java:setRole(184)) - cbde3520-0cea-4357-bb04-1a0ae64b2bb1@group-7EB39FB5DF22: changes role from  FOLLOWER to CANDIDATE at term 79 for changeToCandidate
2019-10-17 07:41:39,542 [Thread-788] INFO  impl.RoleInfo (RoleInfo.java:updateAndGet(143)) - cbde3520-0cea-4357-bb04-1a0ae64b2bb1: start LeaderElection
2019-10-17 07:41:39,566 [cbde3520-0cea-4357-bb04-1a0ae64b2bb1@group-7EB39FB5DF22-LeaderElection88] INFO  impl.LeaderElection (LeaderElection.java:askForVotes(178)) - cbde3520-0cea-4357-bb04-1a0ae64b2bb1@group-7EB39FB5DF22-LeaderElection88: begin an election at term 80 for -1: [40d2d32e-dd25-45df-8070-f9dc56ccf0a7:192.168.34.62:41633, cbde3520-0cea-4357-bb04-1a0ae64b2bb1:192.168.34.62:41642, 443b071d-6096-48d6-bfe7-498b7c8032c0:192.168.34.62:46516], old=null
2019-10-17 07:41:39,569 [grpc-default-executor-1] INFO  impl.RaftServerImpl (RaftServerImpl.java:setRole(184)) - 40d2d32e-dd25-45df-8070-f9dc56ccf0a7@group-7EB39FB5DF22: changes role from  FOLLOWER to FOLLOWER at term 80 for recognizeCandidate:cbde3520-0cea-4357-bb04-1a0ae64b2bb1
2019-10-17 07:41:39,569 [grpc-default-executor-1] INFO  impl.RoleInfo (RoleInfo.java:shutdownFollowerState(121)) - 40d2d32e-dd25-45df-8070-f9dc56ccf0a7: shutdown FollowerState
2019-10-17 07:41:39,570 [grpc-default-executor-1] INFO  impl.RoleInfo (RoleInfo.java:updateAndGet(143)) - 40d2d32e-dd25-45df-8070-f9dc56ccf0a7: start FollowerState
2019-10-17 07:41:39,570 [Thread-786] INFO  impl.FollowerState (FollowerState.java:run(117)) - 40d2d32e-dd25-45df-8070-f9dc56ccf0a7@group-7EB39FB5DF22-FollowerState was interrupted: java.lang.InterruptedException: sleep interrupted
2019-10-17 07:41:39,570 [grpc-default-executor-4] INFO  impl.RaftServerImpl (RaftServerImpl.java:setRole(184)) - 443b071d-6096-48d6-bfe7-498b7c8032c0@group-7EB39FB5DF22: changes role from  FOLLOWER to FOLLOWER at term 80 for recognizeCandidate:cbde3520-0cea-4357-bb04-1a0ae64b2bb1
2019-10-17 07:41:39,570 [grpc-default-executor-4] INFO  impl.RoleInfo (RoleInfo.java:shutdownFollowerState(121)) - 443b071d-6096-48d6-bfe7-498b7c8032c0: shutdown FollowerState
2019-10-17 07:41:39,571 [grpc-default-executor-4] INFO  impl.RoleInfo (RoleInfo.java:updateAndGet(143)) - 443b071d-6096-48d6-bfe7-498b7c8032c0: start FollowerState
2019-10-17 07:41:39,571 [Thread-787] INFO  impl.FollowerState (FollowerState.java:run(117)) - 443b071d-6096-48d6-bfe7-498b7c8032c0@group-7EB39FB5DF22-FollowerState was interrupted: java.lang.InterruptedException: sleep interrupted
2019-10-17 07:41:39,595 [cbde3520-0cea-4357-bb04-1a0ae64b2bb1@group-7EB39FB5DF22-LeaderElection88] INFO  impl.LeaderElection (LeaderElection.java:logAndReturn(56)) - cbde3520-0cea-4357-bb04-1a0ae64b2bb1@group-7EB39FB5DF22-LeaderElection88: Election REJECTED; received 2 response(s) [cbde3520-0cea-4357-bb04-1a0ae64b2bb1<-40d2d32e-dd25-45df-8070-f9dc56ccf0a7#0:FAIL-t80, cbde3520-0cea-4357-bb04-1a0ae64b2bb1<-443b071d-6096-48d6-bfe7-498b7c8032c0#0:FAIL-t80] and 0 exception(s); cbde3520-0cea-4357-bb04-1a0ae64b2bb1@group-7EB39FB5DF22:t80, leader=null, voted=cbde3520-0cea-4357-bb04-1a0ae64b2bb1, raftlog=cbde3520-0cea-4357-bb04-1a0ae64b2bb1@group-7EB39FB5DF22-SegmentedRaftLog:OPENED:c-1,f-1,i0, conf=-1: [40d2d32e-dd25-45df-8070-f9dc56ccf0a7:192.168.34.62:41633, cbde3520-0cea-4357-bb04-1a0ae64b2bb1:192.168.34.62:41642, 443b071d-6096-48d6-bfe7-498b7c8032c0:192.168.34.62:46516], old=null
2019-10-17 07:41:39,595 [cbde3520-0cea-4357-bb04-1a0ae64b2bb1@group-7EB39FB5DF22-LeaderElection88] INFO  impl.RaftServerImpl (RaftServerImpl.java:setRole(184)) - cbde3520-0cea-4357-bb04-1a0ae64b2bb1@group-7EB39FB5DF22: changes role from CANDIDATE to FOLLOWER at term 80 for DISCOVERED_A_NEW_TERM
2019-10-17 07:41:39,596 [cbde3520-0cea-4357-bb04-1a0ae64b2bb1@group-7EB39FB5DF22-LeaderElection88] INFO  impl.RoleInfo (RoleInfo.java:shutdownLeaderElection(134)) - cbde3520-0cea-4357-bb04-1a0ae64b2bb1: shutdown LeaderElection
2019-10-17 07:41:39,596 [cbde3520-0cea-4357-bb04-1a0ae64b2bb1@group-7EB39FB5DF22-LeaderElection88] INFO  impl.RoleInfo (RoleInfo.java:updateAndGet(143)) - cbde3520-0cea-4357-bb04-1a0ae64b2bb1: start FollowerState
2019-10-17 07:41:39,634 [Thread-794] INFO  impl.FollowerState (FollowerState.java:run(108)) - cbde3520-0cea-4357-bb04-1a0ae64b2bb1@group-7EB39FB5DF22-FollowerState: change to CANDIDATE, lastRpcTime:38ms, electionTimeout:38ms
2019-10-17 07:41:39,634 [Thread-794] INFO  impl.RoleInfo (RoleInfo.java:shutdownFollowerState(121)) - cbde3520-0cea-4357-bb04-1a0ae64b2bb1: shutdown FollowerState
2019-10-17 07:41:39,635 [Thread-794] INFO  impl.RaftServerImpl (RaftServerImpl.java:setRole(184)) - cbde3520-0cea-4357-bb04-1a0ae64b2bb1@group-7EB39FB5DF22: changes role from  FOLLOWER to CANDIDATE at term 80 for changeToCandidate
2019-10-17 07:41:39,635 [Thread-794] INFO  impl.RoleInfo (RoleInfo.java:updateAndGet(143)) - cbde3520-0cea-4357-bb04-1a0ae64b2bb1: start LeaderElection
2019-10-17 07:41:39,650 [cbde3520-0cea-4357-bb04-1a0ae64b2bb1@group-7EB39FB5DF22-LeaderElection89] INFO  impl.LeaderElection (LeaderElection.java:askForVotes(178)) - cbde3520-0cea-4357-bb04-1a0ae64b2bb1@group-7EB39FB5DF22-LeaderElection89: begin an election at term 81 for -1: [40d2d32e-dd25-45df-8070-f9dc56ccf0a7:192.168.34.62:41633, cbde3520-0cea-4357-bb04-1a0ae64b2bb1:192.168.34.62:41642, 443b071d-6096-48d6-bfe7-498b7c8032c0:192.168.34.62:46516], old=null
2019-10-17 07:41:39,653 [grpc-default-executor-1] INFO  impl.RaftServerImpl (RaftServerImpl.java:setRole(184)) - 443b071d-6096-48d6-bfe7-498b7c8032c0@group-7EB39FB5DF22: changes role from  FOLLOWER to FOLLOWER at term 81 for recognizeCandidate:cbde3520-0cea-4357-bb04-1a0ae64b2bb1
2019-10-17 07:41:39,653 [grpc-default-executor-1] INFO  impl.RoleInfo (RoleInfo.java:shutdownFollowerState(121)) - 443b071d-6096-48d6-bfe7-498b7c8032c0: shutdown FollowerState
2019-10-17 07:41:39,653 [grpc-default-executor-4] INFO  impl.RaftServerImpl (RaftServerImpl.java:setRole(184)) - 40d2d32e-dd25-45df-8070-f9dc56ccf0a7@group-7EB39FB5DF22: changes role from  FOLLOWER to FOLLOWER at term 81 for recognizeCandidate:cbde3520-0cea-4357-bb04-1a0ae64b2bb1
2019-10-17 07:41:39,654 [Thread-793] INFO  impl.FollowerState (FollowerState.java:run(117)) - 443b071d-6096-48d6-bfe7-498b7c8032c0@group-7EB39FB5DF22-FollowerState was interrupted: java.lang.InterruptedException: sleep interrupted
2019-10-17 07:41:39,653 [grpc-default-executor-1] INFO  impl.RoleInfo (RoleInfo.java:updateAndGet(143)) - 443b071d-6096-48d6-bfe7-498b7c8032c0: start FollowerState
2019-10-17 07:41:39,654 [grpc-default-executor-4] INFO  impl.RoleInfo (RoleInfo.java:shutdownFollowerState(121)) - 40d2d32e-dd25-45df-8070-f9dc56ccf0a7: shutdown FollowerState
2019-10-17 07:41:39,654 [grpc-default-executor-4] INFO  impl.RoleInfo (RoleInfo.java:updateAndGet(143)) - 40d2d32e-dd25-45df-8070-f9dc56ccf0a7: start FollowerState
2019-10-17 07:41:39,654 [Thread-792] INFO  impl.FollowerState (FollowerState.java:run(117)) - 40d2d32e-dd25-45df-8070-f9dc56ccf0a7@group-7EB39FB5DF22-FollowerState was interrupted: java.lang.InterruptedException: sleep interrupted
2019-10-17 07:41:39,670 [cbde3520-0cea-4357-bb04-1a0ae64b2bb1@group-7EB39FB5DF22-LeaderElection89] INFO  impl.LeaderElection (LeaderElection.java:logAndReturn(56)) - cbde3520-0cea-4357-bb04-1a0ae64b2bb1@group-7EB39FB5DF22-LeaderElection89: Election TIMEOUT; received 0 response(s) [] and 0 exception(s); cbde3520-0cea-4357-bb04-1a0ae64b2bb1@group-7EB39FB5DF22:t81, leader=null, voted=cbde3520-0cea-4357-bb04-1a0ae64b2bb1, raftlog=cbde3520-0cea-4357-bb04-1a0ae64b2bb1@group-7EB39FB5DF22-SegmentedRaftLog:OPENED:c-1,f-1,i0, conf=-1: [40d2d32e-dd25-45df-8070-f9dc56ccf0a7:192.168.34.62:41633, cbde3520-0cea-4357-bb04-1a0ae64b2bb1:192.168.34.62:41642, 443b071d-6096-48d6-bfe7-498b7c8032c0:192.168.34.62:46516], old=null
2019-10-17 07:41:39,679 [cbde3520-0cea-4357-bb04-1a0ae64b2bb1@group-7EB39FB5DF22-LeaderElection89] INFO  impl.LeaderElection (LeaderElection.java:askForVotes(178)) - cbde3520-0cea-4357-bb04-1a0ae64b2bb1@group-7EB39FB5DF22-LeaderElection89: begin an election at term 82 for -1: [40d2d32e-dd25-45df-8070-f9dc56ccf0a7:192.168.34.62:41633, cbde3520-0cea-4357-bb04-1a0ae64b2bb1:192.168.34.62:41642, 443b071d-6096-48d6-bfe7-498b7c8032c0:192.168.34.62:46516], old=null
2019-10-17 07:41:39,681 [grpc-default-executor-4] INFO  impl.RaftServerImpl (RaftServerImpl.java:setRole(184)) - 40d2d32e-dd25-45df-8070-f9dc56ccf0a7@group-7EB39FB5DF22: changes role from  FOLLOWER to FOLLOWER at term 82 for recognizeCandidate:cbde3520-0cea-4357-bb04-1a0ae64b2bb1
2019-10-17 07:41:39,681 [grpc-default-executor-4] INFO  impl.RoleInfo (RoleInfo.java:shutdownFollowerState(121)) - 40d2d32e-dd25-45df-8070-f9dc56ccf0a7: shutdown FollowerState
2019-10-17 07:41:39,682 [grpc-default-executor-1] INFO  impl.RaftServerImpl (RaftServerImpl.java:setRole(184)) - 443b071d-6096-48d6-bfe7-498b7c8032c0@group-7EB39FB5DF22: changes role from  FOLLOWER to FOLLOWER at term 82 for recognizeCandidate:cbde3520-0cea-4357-bb04-1a0ae64b2bb1
2019-10-17 07:41:39,682 [grpc-default-executor-1] INFO  impl.RoleInfo (RoleInfo.java:shutdownFollowerState(121)) - 443b071d-6096-48d6-bfe7-498b7c8032c0: shutdown FollowerState
2019-10-17 07:41:39,682 [Thread-799] INFO  impl.FollowerState (FollowerState.java:run(117)) - 40d2d32e-dd25-45df-8070-f9dc56ccf0a7@group-7EB39FB5DF22-FollowerState was interrupted: java.lang.InterruptedException: sleep interrupted
2019-10-17 07:41:39,682 [grpc-default-executor-4] INFO  impl.RoleInfo (RoleInfo.java:updateAndGet(143)) - 40d2d32e-dd25-45df-8070-f9dc56ccf0a7: start FollowerState
2019-10-17 07:41:39,682 [Thread-798] INFO  impl.FollowerState (FollowerState.java:run(117)) - 443b071d-6096-48d6-bfe7-498b7c8032c0@group-7EB39FB5DF22-FollowerState was interrupted: java.lang.InterruptedException: sleep interrupted
2019-10-17 07:41:39,682 [grpc-default-executor-1] INFO  impl.RoleInfo (RoleInfo.java:updateAndGet(143)) - 443b071d-6096-48d6-bfe7-498b7c8032c0: start FollowerState
2019-10-17 07:41:39,708 [cbde3520-0cea-4357-bb04-1a0ae64b2bb1@group-7EB39FB5DF22-LeaderElection89] INFO  impl.LeaderElection (LeaderElection.java:logAndReturn(56)) - cbde3520-0cea-4357-bb04-1a0ae64b2bb1@group-7EB39FB5DF22-LeaderElection89: Election REJECTED; received 2 response(s) [cbde3520-0cea-4357-bb04-1a0ae64b2bb1<-40d2d32e-dd25-45df-8070-f9dc56ccf0a7#0:FAIL-t82, cbde3520-0cea-4357-bb04-1a0ae64b2bb1<-443b071d-6096-48d6-bfe7-498b7c8032c0#0:FAIL-t82] and 0 exception(s); cbde3520-0cea-4357-bb04-1a0ae64b2bb1@group-7EB39FB5DF22:t82, leader=null, voted=cbde3520-0cea-4357-bb04-1a0ae64b2bb1, raftlog=cbde3520-0cea-4357-bb04-1a0ae64b2bb1@group-7EB39FB5DF22-SegmentedRaftLog:OPENED:c-1,f-1,i0, conf=-1: [40d2d32e-dd25-45df-8070-f9dc56ccf0a7:192.168.34.62:41633, cbde3520-0cea-4357-bb04-1a0ae64b2bb1:192.168.34.62:41642, 443b071d-6096-48d6-bfe7-498b7c8032c0:192.168.34.62:46516], old=null
2019-10-17 07:41:39,708 [cbde3520-0cea-4357-bb04-1a0ae64b2bb1@group-7EB39FB5DF22-LeaderElection89] INFO  impl.RaftServerImpl (RaftServerImpl.java:setRole(184)) - cbde3520-0cea-4357-bb04-1a0ae64b2bb1@group-7EB39FB5DF22: changes role from CANDIDATE to FOLLOWER at term 82 for DISCOVERED_A_NEW_TERM
2019-10-17 07:41:39,708 [cbde3520-0cea-4357-bb04-1a0ae64b2bb1@group-7EB39FB5DF22-LeaderElection89] INFO  impl.RoleInfo (RoleInfo.java:shutdownLeaderElection(134)) - cbde3520-0cea-4357-bb04-1a0ae64b2bb1: shutdown LeaderElection
2019-10-17 07:41:39,709 [cbde3520-0cea-4357-bb04-1a0ae64b2bb1@group-7EB39FB5DF22-LeaderElection89] INFO  impl.RoleInfo (RoleInfo.java:updateAndGet(143)) - cbde3520-0cea-4357-bb04-1a0ae64b2bb1: start FollowerState
2019-10-17 07:41:39,855 [Thread-804] INFO  impl.FollowerState (FollowerState.java:run(108)) - cbde3520-0cea-4357-bb04-1a0ae64b2bb1@group-7EB39FB5DF22-FollowerState: change to CANDIDATE, lastRpcTime:146ms, electionTimeout:146ms
2019-10-17 07:41:39,855 [Thread-804] INFO  impl.RoleInfo (RoleInfo.java:shutdownFollowerState(121)) - cbde3520-0cea-4357-bb04-1a0ae64b2bb1: shutdown FollowerState
2019-10-17 07:41:39,856 [Thread-804] INFO  impl.RaftServerImpl (RaftServerImpl.java:setRole(184)) - cbde3520-0cea-4357-bb04-1a0ae64b2bb1@group-7EB39FB5DF22: changes role from  FOLLOWER to CANDIDATE at term 82 for changeToCandidate
2019-10-17 07:41:39,856 [Thread-804] INFO  impl.RoleInfo (RoleInfo.java:updateAndGet(143)) - cbde3520-0cea-4357-bb04-1a0ae64b2bb1: start LeaderElection
2019-10-17 07:41:39,878 [cbde3520-0cea-4357-bb04-1a0ae64b2bb1@group-7EB39FB5DF22-LeaderElection90] INFO  impl.LeaderElection (LeaderElection.java:askForVotes(178)) - cbde3520-0cea-4357-bb04-1a0ae64b2bb1@group-7EB39FB5DF22-LeaderElection90: begin an election at term 83 for -1: [40d2d32e-dd25-45df-8070-f9dc56ccf0a7:192.168.34.62:41633, cbde3520-0cea-4357-bb04-1a0ae64b2bb1:192.168.34.62:41642, 443b071d-6096-48d6-bfe7-498b7c8032c0:192.168.34.62:46516], old=null
2019-10-17 07:41:39,882 [grpc-default-executor-4] INFO  impl.RaftServerImpl (RaftServerImpl.java:setRole(184)) - 443b071d-6096-48d6-bfe7-498b7c8032c0@group-7EB39FB5DF22: changes role from  FOLLOWER to FOLLOWER at term 83 for recognizeCandidate:cbde3520-0cea-4357-bb04-1a0ae64b2bb1
2019-10-17 07:41:39,882 [grpc-default-executor-1] INFO  impl.RaftServerImpl (RaftServerImpl.java:setRole(184)) - 40d2d32e-dd25-45df-8070-f9dc56ccf0a7@group-7EB39FB5DF22: changes role from  FOLLOWER to FOLLOWER at term 83 for recognizeCandidate:cbde3520-0cea-4357-bb04-1a0ae64b2bb1
2019-10-17 07:41:39,883 [grpc-default-executor-4] INFO  impl.RoleInfo (RoleInfo.java:shutdownFollowerState(121)) - 443b071d-6096-48d6-bfe7-498b7c8032c0: shutdown FollowerState
2019-10-17 07:41:39,883 [grpc-default-executor-1] INFO  impl.RoleInfo (RoleInfo.java:shutdownFollowerState(121)) - 40d2d32e-dd25-45df-8070-f9dc56ccf0a7: shutdown FollowerState
2019-10-17 07:41:39,883 [Thread-803] INFO  impl.FollowerState (FollowerState.java:run(117)) - 443b071d-6096-48d6-bfe7-498b7c8032c0@group-7EB39FB5DF22-FollowerState was interrupted: java.lang.InterruptedException: sleep interrupted
2019-10-17 07:41:39,883 [grpc-default-executor-4] INFO  impl.RoleInfo (RoleInfo.java:updateAndGet(143)) - 443b071d-6096-48d6-bfe7-498b7c8032c0: start FollowerState
2019-10-17 07:41:39,883 [Thread-802] INFO  impl.FollowerState (FollowerState.java:run(117)) - 40d2d32e-dd25-45df-8070-f9dc56ccf0a7@group-7EB39FB5DF22-FollowerState was interrupted: java.lang.InterruptedException: sleep interrupted
2019-10-17 07:41:39,883 [grpc-default-executor-1] INFO  impl.RoleInfo (RoleInfo.java:updateAndGet(143)) - 40d2d32e-dd25-45df-8070-f9dc56ccf0a7: start FollowerState
2019-10-17 07:41:39,898 [cbde3520-0cea-4357-bb04-1a0ae64b2bb1@group-7EB39FB5DF22-LeaderElection90] INFO  impl.LeaderElection (LeaderElection.java:logAndReturn(56)) - cbde3520-0cea-4357-bb04-1a0ae64b2bb1@group-7EB39FB5DF22-LeaderElection90: Election REJECTED; received 2 response(s) [cbde3520-0cea-4357-bb04-1a0ae64b2bb1<-40d2d32e-dd25-45df-8070-f9dc56ccf0a7#0:FAIL-t83, cbde3520-0cea-4357-bb04-1a0ae64b2bb1<-443b071d-6096-48d6-bfe7-498b7c8032c0#0:FAIL-t83] and 0 exception(s); cbde3520-0cea-4357-bb04-1a0ae64b2bb1@group-7EB39FB5DF22:t83, leader=null, voted=cbde3520-0cea-4357-bb04-1a0ae64b2bb1, raftlog=cbde3520-0cea-4357-bb04-1a0ae64b2bb1@group-7EB39FB5DF22-SegmentedRaftLog:OPENED:c-1,f-1,i0, conf=-1: [40d2d32e-dd25-45df-8070-f9dc56ccf0a7:192.168.34.62:41633, cbde3520-0cea-4357-bb04-1a0ae64b2bb1:192.168.34.62:41642, 443b071d-6096-48d6-bfe7-498b7c8032c0:192.168.34.62:46516], old=null
2019-10-17 07:41:39,898 [cbde3520-0cea-4357-bb04-1a0ae64b2bb1@group-7EB39FB5DF22-LeaderElection90] INFO  impl.RaftServerImpl (RaftServerImpl.java:setRole(184)) - cbde3520-0cea-4357-bb04-1a0ae64b2bb1@group-7EB39FB5DF22: changes role from CANDIDATE to FOLLOWER at term 83 for DISCOVERED_A_NEW_TERM
2019-10-17 07:41:39,898 [cbde3520-0cea-4357-bb04-1a0ae64b2bb1@group-7EB39FB5DF22-LeaderElection90] INFO  impl.RoleInfo (RoleInfo.java:shutdownLeaderElection(134)) - cbde3520-0cea-4357-bb04-1a0ae64b2bb1: shutdown LeaderElection
2019-10-17 07:41:39,899 [cbde3520-0cea-4357-bb04-1a0ae64b2bb1@group-7EB39FB5DF22-LeaderElection90] INFO  impl.RoleInfo (RoleInfo.java:updateAndGet(143)) - cbde3520-0cea-4357-bb04-1a0ae64b2bb1: start FollowerState
2019-10-17 07:41:39,972 [Thread-810] INFO  impl.FollowerState (FollowerState.java:run(108)) - cbde3520-0cea-4357-bb04-1a0ae64b2bb1@group-7EB39FB5DF22-FollowerState: change to CANDIDATE, lastRpcTime:73ms, electionTimeout:73ms
2019-10-17 07:41:39,972 [Thread-810] INFO  impl.RoleInfo (RoleInfo.java:shutdownFollowerState(121)) - cbde3520-0cea-4357-bb04-1a0ae64b2bb1: shutdown FollowerState
2019-10-17 07:41:39,972 [Thread-810] INFO  impl.RaftServerImpl (RaftServerImpl.java:setRole(184)) - cbde3520-0cea-4357-bb04-1a0ae64b2bb1@group-7EB39FB5DF22: changes role from  FOLLOWER to CANDIDATE at term 83 for changeToCandidate
2019-10-17 07:41:39,973 [Thread-810] INFO  impl.RoleInfo (RoleInfo.java:updateAndGet(143)) - cbde3520-0cea-4357-bb04-1a0ae64b2bb1: start LeaderElection
2019-10-17 07:41:39,997 [cbde3520-0cea-4357-bb04-1a0ae64b2bb1@group-7EB39FB5DF22-LeaderElection91] INFO  impl.LeaderElection (LeaderElection.java:askForVotes(178)) - cbde3520-0cea-4357-bb04-1a0ae64b2bb1@group-7EB39FB5DF22-LeaderElection91: begin an election at term 84 for -1: [40d2d32e-dd25-45df-8070-f9dc56ccf0a7:192.168.34.62:41633, cbde3520-0cea-4357-bb04-1a0ae64b2bb1:192.168.34.62:41642, 443b071d-6096-48d6-bfe7-498b7c8032c0:192.168.34.62:46516], old=null
2019-10-17 07:41:40,000 [grpc-default-executor-1] INFO  impl.RaftServerImpl (RaftServerImpl.java:setRole(184)) - 443b071d-6096-48d6-bfe7-498b7c8032c0@group-7EB39FB5DF22: changes role from  FOLLOWER to FOLLOWER at term 84 for recognizeCandidate:cbde3520-0cea-4357-bb04-1a0ae64b2bb1
2019-10-17 07:41:40,000 [grpc-default-executor-1] INFO  impl.RoleInfo (RoleInfo.java:shutdownFollowerState(121)) - 443b071d-6096-48d6-bfe7-498b7c8032c0: shutdown FollowerState
2019-10-17 07:41:40,000 [grpc-default-executor-1] INFO  impl.RoleInfo (RoleInfo.java:updateAndGet(143)) - 443b071d-6096-48d6-bfe7-498b7c8032c0: start FollowerState
2019-10-17 07:41:40,000 [Thread-808] INFO  impl.FollowerState (FollowerState.java:run(117)) - 443b071d-6096-48d6-bfe7-498b7c8032c0@group-7EB39FB5DF22-FollowerState was interrupted: java.lang.InterruptedException: sleep interrupted
2019-10-17 07:41:40,001 [grpc-default-executor-4] INFO  impl.RaftServerImpl (RaftServerImpl.java:setRole(184)) - 40d2d32e-dd25-45df-8070-f9dc56ccf0a7@group-7EB39FB5DF22: changes role from  FOLLOWER to FOLLOWER at term 84 for recognizeCandidate:cbde3520-0cea-4357-bb04-1a0ae64b2bb1
2019-10-17 07:41:40,001 [grpc-default-executor-4] INFO  impl.RoleInfo (RoleInfo.java:shutdownFollowerState(121)) - 40d2d32e-dd25-45df-8070-f9dc56ccf0a7: shutdown FollowerState
2019-10-17 07:41:40,001 [grpc-default-executor-4] INFO  impl.RoleInfo (RoleInfo.java:updateAndGet(143)) - 40d2d32e-dd25-45df-8070-f9dc56ccf0a7: start FollowerState
2019-10-17 07:41:40,001 [Thread-809] INFO  impl.FollowerState (FollowerState.java:run(117)) - 40d2d32e-dd25-45df-8070-f9dc56ccf0a7@group-7EB39FB5DF22-FollowerState was interrupted: java.lang.InterruptedException: sleep interrupted
2019-10-17 07:41:40,026 [cbde3520-0cea-4357-bb04-1a0ae64b2bb1@group-7EB39FB5DF22-LeaderElection91] INFO  impl.LeaderElection (LeaderElection.java:logAndReturn(56)) - cbde3520-0cea-4357-bb04-1a0ae64b2bb1@group-7EB39FB5DF22-LeaderElection91: Election REJECTED; received 2 response(s) [cbde3520-0cea-4357-bb04-1a0ae64b2bb1<-40d2d32e-dd25-45df-8070-f9dc56ccf0a7#0:FAIL-t84, cbde3520-0cea-4357-bb04-1a0ae64b2bb1<-443b071d-6096-48d6-bfe7-498b7c8032c0#0:FAIL-t84] and 0 exception(s); cbde3520-0cea-4357-bb04-1a0ae64b2bb1@group-7EB39FB5DF22:t84, leader=null, voted=cbde3520-0cea-4357-bb04-1a0ae64b2bb1, raftlog=cbde3520-0cea-4357-bb04-1a0ae64b2bb1@group-7EB39FB5DF22-SegmentedRaftLog:OPENED:c-1,f-1,i0, conf=-1: [40d2d32e-dd25-45df-8070-f9dc56ccf0a7:192.168.34.62:41633, cbde3520-0cea-4357-bb04-1a0ae64b2bb1:192.168.34.62:41642, 443b071d-6096-48d6-bfe7-498b7c8032c0:192.168.34.62:46516], old=null
2019-10-17 07:41:40,026 [cbde3520-0cea-4357-bb04-1a0ae64b2bb1@group-7EB39FB5DF22-LeaderElection91] INFO  impl.RaftServerImpl (RaftServerImpl.java:setRole(184)) - cbde3520-0cea-4357-bb04-1a0ae64b2bb1@group-7EB39FB5DF22: changes role from CANDIDATE to FOLLOWER at term 84 for DISCOVERED_A_NEW_TERM
2019-10-17 07:41:40,026 [cbde3520-0cea-4357-bb04-1a0ae64b2bb1@group-7EB39FB5DF22-LeaderElection91] INFO  impl.RoleInfo (RoleInfo.java:shutdownLeaderElection(134)) - cbde3520-0cea-4357-bb04-1a0ae64b2bb1: shutdown LeaderElection
2019-10-17 07:41:40,026 [cbde3520-0cea-4357-bb04-1a0ae64b2bb1@group-7EB39FB5DF22-LeaderElection91] INFO  impl.RoleInfo (RoleInfo.java:updateAndGet(143)) - cbde3520-0cea-4357-bb04-1a0ae64b2bb1: start FollowerState
2019-10-17 07:41:40,207 [main] INFO  ozone.MiniOzoneClusterImpl (MiniOzoneClusterImpl.java:lambda$waitForClusterToBeReady$2(164)) - Waiting for 1 number of pipelines out of 5, to report a leader.
2019-10-17 07:41:40,224 [Thread-816] INFO  impl.FollowerState (FollowerState.java:run(108)) - cbde3520-0cea-4357-bb04-1a0ae64b2bb1@group-7EB39FB5DF22-FollowerState: change to CANDIDATE, lastRpcTime:197ms, electionTimeout:197ms
2019-10-17 07:41:40,224 [Thread-816] INFO  impl.RoleInfo (RoleInfo.java:shutdownFollowerState(121)) - cbde3520-0cea-4357-bb04-1a0ae64b2bb1: shutdown FollowerState
2019-10-17 07:41:40,224 [Thread-816] INFO  impl.RaftServerImpl (RaftServerImpl.java:setRole(184)) - cbde3520-0cea-4357-bb04-1a0ae64b2bb1@group-7EB39FB5DF22: changes role from  FOLLOWER to CANDIDATE at term 84 for changeToCandidate
2019-10-17 07:41:40,224 [Thread-816] INFO  impl.RoleInfo (RoleInfo.java:updateAndGet(143)) - cbde3520-0cea-4357-bb04-1a0ae64b2bb1: start LeaderElection
2019-10-17 07:41:40,248 [cbde3520-0cea-4357-bb04-1a0ae64b2bb1@group-7EB39FB5DF22-LeaderElection92] INFO  impl.LeaderElection (LeaderElection.java:askForVotes(178)) - cbde3520-0cea-4357-bb04-1a0ae64b2bb1@group-7EB39FB5DF22-LeaderElection92: begin an election at term 85 for -1: [40d2d32e-dd25-45df-8070-f9dc56ccf0a7:192.168.34.62:41633, cbde3520-0cea-4357-bb04-1a0ae64b2bb1:192.168.34.62:41642, 443b071d-6096-48d6-bfe7-498b7c8032c0:192.168.34.62:46516], old=null
2019-10-17 07:41:40,252 [grpc-default-executor-4] INFO  impl.RaftServerImpl (RaftServerImpl.java:setRole(184)) - 40d2d32e-dd25-45df-8070-f9dc56ccf0a7@group-7EB39FB5DF22: changes role from  FOLLOWER to FOLLOWER at term 85 for recognizeCandidate:cbde3520-0cea-4357-bb04-1a0ae64b2bb1
2019-10-17 07:41:40,252 [grpc-default-executor-1] INFO  impl.RaftServerImpl (RaftServerImpl.java:setRole(184)) - 443b071d-6096-48d6-bfe7-498b7c8032c0@group-7EB39FB5DF22: changes role from  FOLLOWER to FOLLOWER at term 85 for recognizeCandidate:cbde3520-0cea-4357-bb04-1a0ae64b2bb1
2019-10-17 07:41:40,252 [grpc-default-executor-4] INFO  impl.RoleInfo (RoleInfo.java:shutdownFollowerState(121)) - 40d2d32e-dd25-45df-8070-f9dc56ccf0a7: shutdown FollowerState
2019-10-17 07:41:40,252 [grpc-default-executor-1] INFO  impl.RoleInfo (RoleInfo.java:shutdownFollowerState(121)) - 443b071d-6096-48d6-bfe7-498b7c8032c0: shutdown FollowerState
2019-10-17 07:41:40,252 [Thread-815] INFO  impl.FollowerState (FollowerState.java:run(117)) - 40d2d32e-dd25-45df-8070-f9dc56ccf0a7@group-7EB39FB5DF22-FollowerState was interrupted: java.lang.InterruptedException: sleep interrupted
2019-10-17 07:41:40,252 [grpc-default-executor-4] INFO  impl.RoleInfo (RoleInfo.java:updateAndGet(143)) - 40d2d32e-dd25-45df-8070-f9dc56ccf0a7: start FollowerState
2019-10-17 07:41:40,252 [Thread-814] INFO  impl.FollowerState (FollowerState.java:run(117)) - 443b071d-6096-48d6-bfe7-498b7c8032c0@group-7EB39FB5DF22-FollowerState was interrupted: java.lang.InterruptedException: sleep interrupted
2019-10-17 07:41:40,252 [grpc-default-executor-1] INFO  impl.RoleInfo (RoleInfo.java:updateAndGet(143)) - 443b071d-6096-48d6-bfe7-498b7c8032c0: start FollowerState
2019-10-17 07:41:40,278 [cbde3520-0cea-4357-bb04-1a0ae64b2bb1@group-7EB39FB5DF22-LeaderElection92] INFO  impl.LeaderElection (LeaderElection.java:logAndReturn(56)) - cbde3520-0cea-4357-bb04-1a0ae64b2bb1@group-7EB39FB5DF22-LeaderElection92: Election REJECTED; received 2 response(s) [cbde3520-0cea-4357-bb04-1a0ae64b2bb1<-40d2d32e-dd25-45df-8070-f9dc56ccf0a7#0:FAIL-t85, cbde3520-0cea-4357-bb04-1a0ae64b2bb1<-443b071d-6096-48d6-bfe7-498b7c8032c0#0:FAIL-t85] and 0 exception(s); cbde3520-0cea-4357-bb04-1a0ae64b2bb1@group-7EB39FB5DF22:t85, leader=null, voted=cbde3520-0cea-4357-bb04-1a0ae64b2bb1, raftlog=cbde3520-0cea-4357-bb04-1a0ae64b2bb1@group-7EB39FB5DF22-SegmentedRaftLog:OPENED:c-1,f-1,i0, conf=-1: [40d2d32e-dd25-45df-8070-f9dc56ccf0a7:192.168.34.62:41633, cbde3520-0cea-4357-bb04-1a0ae64b2bb1:192.168.34.62:41642, 443b071d-6096-48d6-bfe7-498b7c8032c0:192.168.34.62:46516], old=null
2019-10-17 07:41:40,278 [cbde3520-0cea-4357-bb04-1a0ae64b2bb1@group-7EB39FB5DF22-LeaderElection92] INFO  impl.RaftServerImpl (RaftServerImpl.java:setRole(184)) - cbde3520-0cea-4357-bb04-1a0ae64b2bb1@group-7EB39FB5DF22: changes role from CANDIDATE to FOLLOWER at term 85 for DISCOVERED_A_NEW_TERM
2019-10-17 07:41:40,278 [cbde3520-0cea-4357-bb04-1a0ae64b2bb1@group-7EB39FB5DF22-LeaderElection92] INFO  impl.RoleInfo (RoleInfo.java:shutdownLeaderElection(134)) - cbde3520-0cea-4357-bb04-1a0ae64b2bb1: shutdown LeaderElection
2019-10-17 07:41:40,278 [cbde3520-0cea-4357-bb04-1a0ae64b2bb1@group-7EB39FB5DF22-LeaderElection92] INFO  impl.RoleInfo (RoleInfo.java:updateAndGet(143)) - cbde3520-0cea-4357-bb04-1a0ae64b2bb1: start FollowerState
2019-10-17 07:41:40,357 [Thread-822] INFO  impl.FollowerState (FollowerState.java:run(108)) - cbde3520-0cea-4357-bb04-1a0ae64b2bb1@group-7EB39FB5DF22-FollowerState: change to CANDIDATE, lastRpcTime:78ms, electionTimeout:78ms
2019-10-17 07:41:40,357 [Thread-822] INFO  impl.RoleInfo (RoleInfo.java:shutdownFollowerState(121)) - cbde3520-0cea-4357-bb04-1a0ae64b2bb1: shutdown FollowerState
2019-10-17 07:41:40,357 [Thread-822] INFO  impl.RaftServerImpl (RaftServerImpl.java:setRole(184)) - cbde3520-0cea-4357-bb04-1a0ae64b2bb1@group-7EB39FB5DF22: changes role from  FOLLOWER to CANDIDATE at term 85 for changeToCandidate
2019-10-17 07:41:40,357 [Thread-822] INFO  impl.RoleInfo (RoleInfo.java:updateAndGet(143)) - cbde3520-0cea-4357-bb04-1a0ae64b2bb1: start LeaderElection
2019-10-17 07:41:40,381 [cbde3520-0cea-4357-bb04-1a0ae64b2bb1@group-7EB39FB5DF22-LeaderElection93] INFO  impl.LeaderElection (LeaderElection.java:askForVotes(178)) - cbde3520-0cea-4357-bb04-1a0ae64b2bb1@group-7EB39FB5DF22-LeaderElection93: begin an election at term 86 for -1: [40d2d32e-dd25-45df-8070-f9dc56ccf0a7:192.168.34.62:41633, cbde3520-0cea-4357-bb04-1a0ae64b2bb1:192.168.34.62:41642, 443b071d-6096-48d6-bfe7-498b7c8032c0:192.168.34.62:46516], old=null
2019-10-17 07:41:40,384 [grpc-default-executor-1] INFO  impl.RaftServerImpl (RaftServerImpl.java:setRole(184)) - 40d2d32e-dd25-45df-8070-f9dc56ccf0a7@group-7EB39FB5DF22: changes role from  FOLLOWER to FOLLOWER at term 86 for recognizeCandidate:cbde3520-0cea-4357-bb04-1a0ae64b2bb1
2019-10-17 07:41:40,385 [grpc-default-executor-1] INFO  impl.RoleInfo (RoleInfo.java:shutdownFollowerState(121)) - 40d2d32e-dd25-45df-8070-f9dc56ccf0a7: shutdown FollowerState
2019-10-17 07:41:40,385 [grpc-default-executor-1] INFO  impl.RoleInfo (RoleInfo.java:updateAndGet(143)) - 40d2d32e-dd25-45df-8070-f9dc56ccf0a7: start FollowerState
2019-10-17 07:41:40,385 [Thread-820] INFO  impl.FollowerState (FollowerState.java:run(117)) - 40d2d32e-dd25-45df-8070-f9dc56ccf0a7@group-7EB39FB5DF22-FollowerState was interrupted: java.lang.InterruptedException: sleep interrupted
2019-10-17 07:41:40,385 [grpc-default-executor-4] INFO  impl.RaftServerImpl (RaftServerImpl.java:setRole(184)) - 443b071d-6096-48d6-bfe7-498b7c8032c0@group-7EB39FB5DF22: changes role from  FOLLOWER to FOLLOWER at term 86 for recognizeCandidate:cbde3520-0cea-4357-bb04-1a0ae64b2bb1
2019-10-17 07:41:40,385 [grpc-default-executor-4] INFO  impl.RoleInfo (RoleInfo.java:shutdownFollowerState(121)) - 443b071d-6096-48d6-bfe7-498b7c8032c0: shutdown FollowerState
2019-10-17 07:41:40,386 [grpc-default-executor-4] INFO  impl.RoleInfo (RoleInfo.java:updateAndGet(143)) - 443b071d-6096-48d6-bfe7-498b7c8032c0: start FollowerState
2019-10-17 07:41:40,386 [Thread-821] INFO  impl.FollowerState (FollowerState.java:run(117)) - 443b071d-6096-48d6-bfe7-498b7c8032c0@group-7EB39FB5DF22-FollowerState was interrupted: java.lang.InterruptedException: sleep interrupted
2019-10-17 07:41:40,410 [cbde3520-0cea-4357-bb04-1a0ae64b2bb1@group-7EB39FB5DF22-LeaderElection93] INFO  impl.LeaderElection (LeaderElection.java:logAndReturn(56)) - cbde3520-0cea-4357-bb04-1a0ae64b2bb1@group-7EB39FB5DF22-LeaderElection93: Election REJECTED; received 2 response(s) [cbde3520-0cea-4357-bb04-1a0ae64b2bb1<-40d2d32e-dd25-45df-8070-f9dc56ccf0a7#0:FAIL-t86, cbde3520-0cea-4357-bb04-1a0ae64b2bb1<-443b071d-6096-48d6-bfe7-498b7c8032c0#0:FAIL-t86] and 0 exception(s); cbde3520-0cea-4357-bb04-1a0ae64b2bb1@group-7EB39FB5DF22:t86, leader=null, voted=cbde3520-0cea-4357-bb04-1a0ae64b2bb1, raftlog=cbde3520-0cea-4357-bb04-1a0ae64b2bb1@group-7EB39FB5DF22-SegmentedRaftLog:OPENED:c-1,f-1,i0, conf=-1: [40d2d32e-dd25-45df-8070-f9dc56ccf0a7:192.168.34.62:41633, cbde3520-0cea-4357-bb04-1a0ae64b2bb1:192.168.34.62:41642, 443b071d-6096-48d6-bfe7-498b7c8032c0:192.168.34.62:46516], old=null
2019-10-17 07:41:40,410 [cbde3520-0cea-4357-bb04-1a0ae64b2bb1@group-7EB39FB5DF22-LeaderElection93] INFO  impl.RaftServerImpl (RaftServerImpl.java:setRole(184)) - cbde3520-0cea-4357-bb04-1a0ae64b2bb1@group-7EB39FB5DF22: changes role from CANDIDATE to FOLLOWER at term 86 for DISCOVERED_A_NEW_TERM
2019-10-17 07:41:40,411 [cbde3520-0cea-4357-bb04-1a0ae64b2bb1@group-7EB39FB5DF22-LeaderElection93] INFO  impl.RoleInfo (RoleInfo.java:shutdownLeaderElection(134)) - cbde3520-0cea-4357-bb04-1a0ae64b2bb1: shutdown LeaderElection
2019-10-17 07:41:40,411 [cbde3520-0cea-4357-bb04-1a0ae64b2bb1@group-7EB39FB5DF22-LeaderElection93] INFO  impl.RoleInfo (RoleInfo.java:updateAndGet(143)) - cbde3520-0cea-4357-bb04-1a0ae64b2bb1: start FollowerState
2019-10-17 07:41:40,466 [Thread-828] INFO  impl.FollowerState (FollowerState.java:run(108)) - cbde3520-0cea-4357-bb04-1a0ae64b2bb1@group-7EB39FB5DF22-FollowerState: change to CANDIDATE, lastRpcTime:55ms, electionTimeout:55ms
2019-10-17 07:41:40,467 [Thread-828] INFO  impl.RoleInfo (RoleInfo.java:shutdownFollowerState(121)) - cbde3520-0cea-4357-bb04-1a0ae64b2bb1: shutdown FollowerState
2019-10-17 07:41:40,467 [Thread-828] INFO  impl.RaftServerImpl (RaftServerImpl.java:setRole(184)) - cbde3520-0cea-4357-bb04-1a0ae64b2bb1@group-7EB39FB5DF22: changes role from  FOLLOWER to CANDIDATE at term 86 for changeToCandidate
2019-10-17 07:41:40,467 [Thread-828] INFO  impl.RoleInfo (RoleInfo.java:updateAndGet(143)) - cbde3520-0cea-4357-bb04-1a0ae64b2bb1: start LeaderElection
2019-10-17 07:41:40,494 [cbde3520-0cea-4357-bb04-1a0ae64b2bb1@group-7EB39FB5DF22-LeaderElection94] INFO  impl.LeaderElection (LeaderElection.java:askForVotes(178)) - cbde3520-0cea-4357-bb04-1a0ae64b2bb1@group-7EB39FB5DF22-LeaderElection94: begin an election at term 87 for -1: [40d2d32e-dd25-45df-8070-f9dc56ccf0a7:192.168.34.62:41633, cbde3520-0cea-4357-bb04-1a0ae64b2bb1:192.168.34.62:41642, 443b071d-6096-48d6-bfe7-498b7c8032c0:192.168.34.62:46516], old=null
2019-10-17 07:41:40,497 [grpc-default-executor-1] INFO  impl.RaftServerImpl (RaftServerImpl.java:setRole(184)) - 40d2d32e-dd25-45df-8070-f9dc56ccf0a7@group-7EB39FB5DF22: changes role from  FOLLOWER to FOLLOWER at term 87 for recognizeCandidate:cbde3520-0cea-4357-bb04-1a0ae64b2bb1
2019-10-17 07:41:40,497 [grpc-default-executor-1] INFO  impl.RoleInfo (RoleInfo.java:shutdownFollowerState(121)) - 40d2d32e-dd25-45df-8070-f9dc56ccf0a7: shutdown FollowerState
2019-10-17 07:41:40,497 [grpc-default-executor-1] INFO  impl.RoleInfo (RoleInfo.java:updateAndGet(143)) - 40d2d32e-dd25-45df-8070-f9dc56ccf0a7: start FollowerState
2019-10-17 07:41:40,497 [grpc-default-executor-4] INFO  impl.RaftServerImpl (RaftServerImpl.java:setRole(184)) - 443b071d-6096-48d6-bfe7-498b7c8032c0@group-7EB39FB5DF22: changes role from  FOLLOWER to FOLLOWER at term 87 for recognizeCandidate:cbde3520-0cea-4357-bb04-1a0ae64b2bb1
2019-10-17 07:41:40,498 [grpc-default-executor-4] INFO  impl.RoleInfo (RoleInfo.java:shutdownFollowerState(121)) - 443b071d-6096-48d6-bfe7-498b7c8032c0: shutdown FollowerState
2019-10-17 07:41:40,497 [Thread-826] INFO  impl.FollowerState (FollowerState.java:run(117)) - 40d2d32e-dd25-45df-8070-f9dc56ccf0a7@group-7EB39FB5DF22-FollowerState was interrupted: java.lang.InterruptedException: sleep interrupted
2019-10-17 07:41:40,498 [Thread-827] INFO  impl.FollowerState (FollowerState.java:run(117)) - 443b071d-6096-48d6-bfe7-498b7c8032c0@group-7EB39FB5DF22-FollowerState was interrupted: java.lang.InterruptedException: sleep interrupted
2019-10-17 07:41:40,498 [grpc-default-executor-4] INFO  impl.RoleInfo (RoleInfo.java:updateAndGet(143)) - 443b071d-6096-48d6-bfe7-498b7c8032c0: start FollowerState
2019-10-17 07:41:40,520 [cbde3520-0cea-4357-bb04-1a0ae64b2bb1@group-7EB39FB5DF22-LeaderElection94] INFO  impl.LeaderElection (LeaderElection.java:logAndReturn(56)) - cbde3520-0cea-4357-bb04-1a0ae64b2bb1@group-7EB39FB5DF22-LeaderElection94: Election REJECTED; received 2 response(s) [cbde3520-0cea-4357-bb04-1a0ae64b2bb1<-40d2d32e-dd25-45df-8070-f9dc56ccf0a7#0:FAIL-t87, cbde3520-0cea-4357-bb04-1a0ae64b2bb1<-443b071d-6096-48d6-bfe7-498b7c8032c0#0:FAIL-t87] and 0 exception(s); cbde3520-0cea-4357-bb04-1a0ae64b2bb1@group-7EB39FB5DF22:t87, leader=null, voted=cbde3520-0cea-4357-bb04-1a0ae64b2bb1, raftlog=cbde3520-0cea-4357-bb04-1a0ae64b2bb1@group-7EB39FB5DF22-SegmentedRaftLog:OPENED:c-1,f-1,i0, conf=-1: [40d2d32e-dd25-45df-8070-f9dc56ccf0a7:192.168.34.62:41633, cbde3520-0cea-4357-bb04-1a0ae64b2bb1:192.168.34.62:41642, 443b071d-6096-48d6-bfe7-498b7c8032c0:192.168.34.62:46516], old=null
2019-10-17 07:41:40,521 [cbde3520-0cea-4357-bb04-1a0ae64b2bb1@group-7EB39FB5DF22-LeaderElection94] INFO  impl.RaftServerImpl (RaftServerImpl.java:setRole(184)) - cbde3520-0cea-4357-bb04-1a0ae64b2bb1@group-7EB39FB5DF22: changes role from CANDIDATE to FOLLOWER at term 87 for DISCOVERED_A_NEW_TERM
2019-10-17 07:41:40,521 [cbde3520-0cea-4357-bb04-1a0ae64b2bb1@group-7EB39FB5DF22-LeaderElection94] INFO  impl.RoleInfo (RoleInfo.java:shutdownLeaderElection(134)) - cbde3520-0cea-4357-bb04-1a0ae64b2bb1: shutdown LeaderElection
2019-10-17 07:41:40,521 [cbde3520-0cea-4357-bb04-1a0ae64b2bb1@group-7EB39FB5DF22-LeaderElection94] INFO  impl.RoleInfo (RoleInfo.java:updateAndGet(143)) - cbde3520-0cea-4357-bb04-1a0ae64b2bb1: start FollowerState
2019-10-17 07:41:40,645 [Thread-834] INFO  impl.FollowerState (FollowerState.java:run(108)) - cbde3520-0cea-4357-bb04-1a0ae64b2bb1@group-7EB39FB5DF22-FollowerState: change to CANDIDATE, lastRpcTime:123ms, electionTimeout:123ms
2019-10-17 07:41:40,645 [Thread-834] INFO  impl.RoleInfo (RoleInfo.java:shutdownFollowerState(121)) - cbde3520-0cea-4357-bb04-1a0ae64b2bb1: shutdown FollowerState
2019-10-17 07:41:40,645 [Thread-834] INFO  impl.RaftServerImpl (RaftServerImpl.java:setRole(184)) - cbde3520-0cea-4357-bb04-1a0ae64b2bb1@group-7EB39FB5DF22: changes role from  FOLLOWER to CANDIDATE at term 87 for changeToCandidate
2019-10-17 07:41:40,645 [Thread-834] INFO  impl.RoleInfo (RoleInfo.java:updateAndGet(143)) - cbde3520-0cea-4357-bb04-1a0ae64b2bb1: start LeaderElection
2019-10-17 07:41:40,669 [cbde3520-0cea-4357-bb04-1a0ae64b2bb1@group-7EB39FB5DF22-LeaderElection95] INFO  impl.LeaderElection (LeaderElection.java:askForVotes(178)) - cbde3520-0cea-4357-bb04-1a0ae64b2bb1@group-7EB39FB5DF22-LeaderElection95: begin an election at term 88 for -1: [40d2d32e-dd25-45df-8070-f9dc56ccf0a7:192.168.34.62:41633, cbde3520-0cea-4357-bb04-1a0ae64b2bb1:192.168.34.62:41642, 443b071d-6096-48d6-bfe7-498b7c8032c0:192.168.34.62:46516], old=null
2019-10-17 07:41:40,673 [grpc-default-executor-4] INFO  impl.RaftServerImpl (RaftServerImpl.java:setRole(184)) - 40d2d32e-dd25-45df-8070-f9dc56ccf0a7@group-7EB39FB5DF22: changes role from  FOLLOWER to FOLLOWER at term 88 for recognizeCandidate:cbde3520-0cea-4357-bb04-1a0ae64b2bb1
2019-10-17 07:41:40,673 [grpc-default-executor-4] INFO  impl.RoleInfo (RoleInfo.java:shutdownFollowerState(121)) - 40d2d32e-dd25-45df-8070-f9dc56ccf0a7: shutdown FollowerState
2019-10-17 07:41:40,673 [grpc-default-executor-4] INFO  impl.RoleInfo (RoleInfo.java:updateAndGet(143)) - 40d2d32e-dd25-45df-8070-f9dc56ccf0a7: start FollowerState
2019-10-17 07:41:40,673 [Thread-832] INFO  impl.FollowerState (FollowerState.java:run(117)) - 40d2d32e-dd25-45df-8070-f9dc56ccf0a7@group-7EB39FB5DF22-FollowerState was interrupted: java.lang.InterruptedException: sleep interrupted
2019-10-17 07:41:40,674 [grpc-default-executor-1] INFO  impl.RaftServerImpl (RaftServerImpl.java:setRole(184)) - 443b071d-6096-48d6-bfe7-498b7c8032c0@group-7EB39FB5DF22: changes role from  FOLLOWER to FOLLOWER at term 88 for recognizeCandidate:cbde3520-0cea-4357-bb04-1a0ae64b2bb1
2019-10-17 07:41:40,674 [grpc-default-executor-1] INFO  impl.RoleInfo (RoleInfo.java:shutdownFollowerState(121)) - 443b071d-6096-48d6-bfe7-498b7c8032c0: shutdown FollowerState
2019-10-17 07:41:40,674 [grpc-default-executor-1] INFO  impl.RoleInfo (RoleInfo.java:updateAndGet(143)) - 443b071d-6096-48d6-bfe7-498b7c8032c0: start FollowerState
2019-10-17 07:41:40,674 [Thread-833] INFO  impl.FollowerState (FollowerState.java:run(117)) - 443b071d-6096-48d6-bfe7-498b7c8032c0@group-7EB39FB5DF22-FollowerState was interrupted: java.lang.InterruptedException: sleep interrupted
2019-10-17 07:41:40,696 [cbde3520-0cea-4357-bb04-1a0ae64b2bb1@group-7EB39FB5DF22-LeaderElection95] INFO  impl.LeaderElection (LeaderElection.java:logAndReturn(56)) - cbde3520-0cea-4357-bb04-1a0ae64b2bb1@group-7EB39FB5DF22-LeaderElection95: Election REJECTED; received 2 response(s) [cbde3520-0cea-4357-bb04-1a0ae64b2bb1<-40d2d32e-dd25-45df-8070-f9dc56ccf0a7#0:FAIL-t88, cbde3520-0cea-4357-bb04-1a0ae64b2bb1<-443b071d-6096-48d6-bfe7-498b7c8032c0#0:FAIL-t88] and 0 exception(s); cbde3520-0cea-4357-bb04-1a0ae64b2bb1@group-7EB39FB5DF22:t88, leader=null, voted=cbde3520-0cea-4357-bb04-1a0ae64b2bb1, raftlog=cbde3520-0cea-4357-bb04-1a0ae64b2bb1@group-7EB39FB5DF22-SegmentedRaftLog:OPENED:c-1,f-1,i0, conf=-1: [40d2d32e-dd25-45df-8070-f9dc56ccf0a7:192.168.34.62:41633, cbde3520-0cea-4357-bb04-1a0ae64b2bb1:192.168.34.62:41642, 443b071d-6096-48d6-bfe7-498b7c8032c0:192.168.34.62:46516], old=null
2019-10-17 07:41:40,696 [cbde3520-0cea-4357-bb04-1a0ae64b2bb1@group-7EB39FB5DF22-LeaderElection95] INFO  impl.RaftServerImpl (RaftServerImpl.java:setRole(184)) - cbde3520-0cea-4357-bb04-1a0ae64b2bb1@group-7EB39FB5DF22: changes role from CANDIDATE to FOLLOWER at term 88 for DISCOVERED_A_NEW_TERM
2019-10-17 07:41:40,696 [cbde3520-0cea-4357-bb04-1a0ae64b2bb1@group-7EB39FB5DF22-LeaderElection95] INFO  impl.RoleInfo (RoleInfo.java:shutdownLeaderElection(134)) - cbde3520-0cea-4357-bb04-1a0ae64b2bb1: shutdown LeaderElection
2019-10-17 07:41:40,697 [cbde3520-0cea-4357-bb04-1a0ae64b2bb1@group-7EB39FB5DF22-LeaderElection95] INFO  impl.RoleInfo (RoleInfo.java:updateAndGet(143)) - cbde3520-0cea-4357-bb04-1a0ae64b2bb1: start FollowerState
2019-10-17 07:41:40,765 [Thread-840] INFO  impl.FollowerState (FollowerState.java:run(108)) - cbde3520-0cea-4357-bb04-1a0ae64b2bb1@group-7EB39FB5DF22-FollowerState: change to CANDIDATE, lastRpcTime:68ms, electionTimeout:68ms
2019-10-17 07:41:40,765 [Thread-840] INFO  impl.RoleInfo (RoleInfo.java:shutdownFollowerState(121)) - cbde3520-0cea-4357-bb04-1a0ae64b2bb1: shutdown FollowerState
2019-10-17 07:41:40,765 [Thread-840] INFO  impl.RaftServerImpl (RaftServerImpl.java:setRole(184)) - cbde3520-0cea-4357-bb04-1a0ae64b2bb1@group-7EB39FB5DF22: changes role from  FOLLOWER to CANDIDATE at term 88 for changeToCandidate
2019-10-17 07:41:40,766 [Thread-840] INFO  impl.RoleInfo (RoleInfo.java:updateAndGet(143)) - cbde3520-0cea-4357-bb04-1a0ae64b2bb1: start LeaderElection
2019-10-17 07:41:40,795 [cbde3520-0cea-4357-bb04-1a0ae64b2bb1@group-7EB39FB5DF22-LeaderElection96] INFO  impl.LeaderElection (LeaderElection.java:askForVotes(178)) - cbde3520-0cea-4357-bb04-1a0ae64b2bb1@group-7EB39FB5DF22-LeaderElection96: begin an election at term 89 for -1: [40d2d32e-dd25-45df-8070-f9dc56ccf0a7:192.168.34.62:41633, cbde3520-0cea-4357-bb04-1a0ae64b2bb1:192.168.34.62:41642, 443b071d-6096-48d6-bfe7-498b7c8032c0:192.168.34.62:46516], old=null
2019-10-17 07:41:40,799 [grpc-default-executor-1] INFO  impl.RaftServerImpl (RaftServerImpl.java:setRole(184)) - 40d2d32e-dd25-45df-8070-f9dc56ccf0a7@group-7EB39FB5DF22: changes role from  FOLLOWER to FOLLOWER at term 89 for recognizeCandidate:cbde3520-0cea-4357-bb04-1a0ae64b2bb1
2019-10-17 07:41:40,799 [grpc-default-executor-1] INFO  impl.RoleInfo (RoleInfo.java:shutdownFollowerState(121)) - 40d2d32e-dd25-45df-8070-f9dc56ccf0a7: shutdown FollowerState
2019-10-17 07:41:40,799 [grpc-default-executor-4] INFO  impl.RaftServerImpl (RaftServerImpl.java:setRole(184)) - 443b071d-6096-48d6-bfe7-498b7c8032c0@group-7EB39FB5DF22: changes role from  FOLLOWER to FOLLOWER at term 89 for recognizeCandidate:cbde3520-0cea-4357-bb04-1a0ae64b2bb1
2019-10-17 07:41:40,799 [grpc-default-executor-4] INFO  impl.RoleInfo (RoleInfo.java:shutdownFollowerState(121)) - 443b071d-6096-48d6-bfe7-498b7c8032c0: shutdown FollowerState
2019-10-17 07:41:40,799 [Thread-838] INFO  impl.FollowerState (FollowerState.java:run(117)) - 40d2d32e-dd25-45df-8070-f9dc56ccf0a7@group-7EB39FB5DF22-FollowerState was interrupted: java.lang.InterruptedException: sleep interrupted
2019-10-17 07:41:40,799 [grpc-default-executor-1] INFO  impl.RoleInfo (RoleInfo.java:updateAndGet(143)) - 40d2d32e-dd25-45df-8070-f9dc56ccf0a7: start FollowerState
2019-10-17 07:41:40,799 [Thread-839] INFO  impl.FollowerState (FollowerState.java:run(117)) - 443b071d-6096-48d6-bfe7-498b7c8032c0@group-7EB39FB5DF22-FollowerState was interrupted: java.lang.InterruptedException: sleep interrupted
2019-10-17 07:41:40,799 [grpc-default-executor-4] INFO  impl.RoleInfo (RoleInfo.java:updateAndGet(143)) - 443b071d-6096-48d6-bfe7-498b7c8032c0: start FollowerState
2019-10-17 07:41:40,812 [cbde3520-0cea-4357-bb04-1a0ae64b2bb1@group-7EB39FB5DF22-LeaderElection96] INFO  impl.LeaderElection (LeaderElection.java:logAndReturn(56)) - cbde3520-0cea-4357-bb04-1a0ae64b2bb1@group-7EB39FB5DF22-LeaderElection96: Election TIMEOUT; received 0 response(s) [] and 0 exception(s); cbde3520-0cea-4357-bb04-1a0ae64b2bb1@group-7EB39FB5DF22:t89, leader=null, voted=cbde3520-0cea-4357-bb04-1a0ae64b2bb1, raftlog=cbde3520-0cea-4357-bb04-1a0ae64b2bb1@group-7EB39FB5DF22-SegmentedRaftLog:OPENED:c-1,f-1,i0, conf=-1: [40d2d32e-dd25-45df-8070-f9dc56ccf0a7:192.168.34.62:41633, cbde3520-0cea-4357-bb04-1a0ae64b2bb1:192.168.34.62:41642, 443b071d-6096-48d6-bfe7-498b7c8032c0:192.168.34.62:46516], old=null
2019-10-17 07:41:40,846 [cbde3520-0cea-4357-bb04-1a0ae64b2bb1@group-7EB39FB5DF22-LeaderElection96] INFO  impl.LeaderElection (LeaderElection.java:askForVotes(178)) - cbde3520-0cea-4357-bb04-1a0ae64b2bb1@group-7EB39FB5DF22-LeaderElection96: begin an election at term 90 for -1: [40d2d32e-dd25-45df-8070-f9dc56ccf0a7:192.168.34.62:41633, cbde3520-0cea-4357-bb04-1a0ae64b2bb1:192.168.34.62:41642, 443b071d-6096-48d6-bfe7-498b7c8032c0:192.168.34.62:46516], old=null
2019-10-17 07:41:40,849 [grpc-default-executor-4] INFO  impl.RaftServerImpl (RaftServerImpl.java:setRole(184)) - 40d2d32e-dd25-45df-8070-f9dc56ccf0a7@group-7EB39FB5DF22: changes role from  FOLLOWER to FOLLOWER at term 90 for recognizeCandidate:cbde3520-0cea-4357-bb04-1a0ae64b2bb1
2019-10-17 07:41:40,849 [grpc-default-executor-4] INFO  impl.RoleInfo (RoleInfo.java:shutdownFollowerState(121)) - 40d2d32e-dd25-45df-8070-f9dc56ccf0a7: shutdown FollowerState
2019-10-17 07:41:40,849 [grpc-default-executor-4] INFO  impl.RoleInfo (RoleInfo.java:updateAndGet(143)) - 40d2d32e-dd25-45df-8070-f9dc56ccf0a7: start FollowerState
2019-10-17 07:41:40,849 [Thread-844] INFO  impl.FollowerState (FollowerState.java:run(117)) - 40d2d32e-dd25-45df-8070-f9dc56ccf0a7@group-7EB39FB5DF22-FollowerState was interrupted: java.lang.InterruptedException: sleep interrupted
2019-10-17 07:41:40,849 [grpc-default-executor-1] INFO  impl.RaftServerImpl (RaftServerImpl.java:setRole(184)) - 443b071d-6096-48d6-bfe7-498b7c8032c0@group-7EB39FB5DF22: changes role from  FOLLOWER to FOLLOWER at term 90 for recognizeCandidate:cbde3520-0cea-4357-bb04-1a0ae64b2bb1
2019-10-17 07:41:40,849 [grpc-default-executor-1] INFO  impl.RoleInfo (RoleInfo.java:shutdownFollowerState(121)) - 443b071d-6096-48d6-bfe7-498b7c8032c0: shutdown FollowerState
2019-10-17 07:41:40,850 [grpc-default-executor-1] INFO  impl.RoleInfo (RoleInfo.java:updateAndGet(143)) - 443b071d-6096-48d6-bfe7-498b7c8032c0: start FollowerState
2019-10-17 07:41:40,850 [Thread-845] INFO  impl.FollowerState (FollowerState.java:run(117)) - 443b071d-6096-48d6-bfe7-498b7c8032c0@group-7EB39FB5DF22-FollowerState was interrupted: java.lang.InterruptedException: sleep interrupted
2019-10-17 07:41:40,872 [cbde3520-0cea-4357-bb04-1a0ae64b2bb1@group-7EB39FB5DF22-LeaderElection96] INFO  impl.LeaderElection (LeaderElection.java:logAndReturn(56)) - cbde3520-0cea-4357-bb04-1a0ae64b2bb1@group-7EB39FB5DF22-LeaderElection96: Election REJECTED; received 2 response(s) [cbde3520-0cea-4357-bb04-1a0ae64b2bb1<-40d2d32e-dd25-45df-8070-f9dc56ccf0a7#0:FAIL-t90, cbde3520-0cea-4357-bb04-1a0ae64b2bb1<-443b071d-6096-48d6-bfe7-498b7c8032c0#0:FAIL-t90] and 0 exception(s); cbde3520-0cea-4357-bb04-1a0ae64b2bb1@group-7EB39FB5DF22:t90, leader=null, voted=cbde3520-0cea-4357-bb04-1a0ae64b2bb1, raftlog=cbde3520-0cea-4357-bb04-1a0ae64b2bb1@group-7EB39FB5DF22-SegmentedRaftLog:OPENED:c-1,f-1,i0, conf=-1: [40d2d32e-dd25-45df-8070-f9dc56ccf0a7:192.168.34.62:41633, cbde3520-0cea-4357-bb04-1a0ae64b2bb1:192.168.34.62:41642, 443b071d-6096-48d6-bfe7-498b7c8032c0:192.168.34.62:46516], old=null
2019-10-17 07:41:40,873 [cbde3520-0cea-4357-bb04-1a0ae64b2bb1@group-7EB39FB5DF22-LeaderElection96] INFO  impl.RaftServerImpl (RaftServerImpl.java:setRole(184)) - cbde3520-0cea-4357-bb04-1a0ae64b2bb1@group-7EB39FB5DF22: changes role from CANDIDATE to FOLLOWER at term 90 for DISCOVERED_A_NEW_TERM
2019-10-17 07:41:40,873 [cbde3520-0cea-4357-bb04-1a0ae64b2bb1@group-7EB39FB5DF22-LeaderElection96] INFO  impl.RoleInfo (RoleInfo.java:shutdownLeaderElection(134)) - cbde3520-0cea-4357-bb04-1a0ae64b2bb1: shutdown LeaderElection
2019-10-17 07:41:40,873 [cbde3520-0cea-4357-bb04-1a0ae64b2bb1@group-7EB39FB5DF22-LeaderElection96] INFO  impl.RoleInfo (RoleInfo.java:updateAndGet(143)) - cbde3520-0cea-4357-bb04-1a0ae64b2bb1: start FollowerState
2019-10-17 07:41:40,930 [Thread-850] INFO  impl.FollowerState (FollowerState.java:run(108)) - cbde3520-0cea-4357-bb04-1a0ae64b2bb1@group-7EB39FB5DF22-FollowerState: change to CANDIDATE, lastRpcTime:56ms, electionTimeout:56ms
2019-10-17 07:41:40,930 [Thread-850] INFO  impl.RoleInfo (RoleInfo.java:shutdownFollowerState(121)) - cbde3520-0cea-4357-bb04-1a0ae64b2bb1: shutdown FollowerState
2019-10-17 07:41:40,930 [Thread-850] INFO  impl.RaftServerImpl (RaftServerImpl.java:setRole(184)) - cbde3520-0cea-4357-bb04-1a0ae64b2bb1@group-7EB39FB5DF22: changes role from  FOLLOWER to CANDIDATE at term 90 for changeToCandidate
2019-10-17 07:41:40,930 [Thread-850] INFO  impl.RoleInfo (RoleInfo.java:updateAndGet(143)) - cbde3520-0cea-4357-bb04-1a0ae64b2bb1: start LeaderElection
2019-10-17 07:41:40,954 [cbde3520-0cea-4357-bb04-1a0ae64b2bb1@group-7EB39FB5DF22-LeaderElection97] INFO  impl.LeaderElection (LeaderElection.java:askForVotes(178)) - cbde3520-0cea-4357-bb04-1a0ae64b2bb1@group-7EB39FB5DF22-LeaderElection97: begin an election at term 91 for -1: [40d2d32e-dd25-45df-8070-f9dc56ccf0a7:192.168.34.62:41633, cbde3520-0cea-4357-bb04-1a0ae64b2bb1:192.168.34.62:41642, 443b071d-6096-48d6-bfe7-498b7c8032c0:192.168.34.62:46516], old=null
2019-10-17 07:41:40,958 [grpc-default-executor-4] INFO  impl.RaftServerImpl (RaftServerImpl.java:setRole(184)) - 40d2d32e-dd25-45df-8070-f9dc56ccf0a7@group-7EB39FB5DF22: changes role from  FOLLOWER to FOLLOWER at term 91 for recognizeCandidate:cbde3520-0cea-4357-bb04-1a0ae64b2bb1
2019-10-17 07:41:40,958 [grpc-default-executor-4] INFO  impl.RoleInfo (RoleInfo.java:shutdownFollowerState(121)) - 40d2d32e-dd25-45df-8070-f9dc56ccf0a7: shutdown FollowerState
2019-10-17 07:41:40,959 [grpc-default-executor-1] INFO  impl.RaftServerImpl (RaftServerImpl.java:setRole(184)) - 443b071d-6096-48d6-bfe7-498b7c8032c0@group-7EB39FB5DF22: changes role from  FOLLOWER to FOLLOWER at term 91 for recognizeCandidate:cbde3520-0cea-4357-bb04-1a0ae64b2bb1
2019-10-17 07:41:40,959 [Thread-848] INFO  impl.FollowerState (FollowerState.java:run(117)) - 40d2d32e-dd25-45df-8070-f9dc56ccf0a7@group-7EB39FB5DF22-FollowerState was interrupted: java.lang.InterruptedException: sleep interrupted
2019-10-17 07:41:40,959 [grpc-default-executor-4] INFO  impl.RoleInfo (RoleInfo.java:updateAndGet(143)) - 40d2d32e-dd25-45df-8070-f9dc56ccf0a7: start FollowerState
2019-10-17 07:41:40,959 [grpc-default-executor-1] INFO  impl.RoleInfo (RoleInfo.java:shutdownFollowerState(121)) - 443b071d-6096-48d6-bfe7-498b7c8032c0: shutdown FollowerState
2019-10-17 07:41:40,960 [Thread-849] INFO  impl.FollowerState (FollowerState.java:run(117)) - 443b071d-6096-48d6-bfe7-498b7c8032c0@group-7EB39FB5DF22-FollowerState was interrupted: java.lang.InterruptedException: sleep interrupted
2019-10-17 07:41:40,960 [grpc-default-executor-1] INFO  impl.RoleInfo (RoleInfo.java:updateAndGet(143)) - 443b071d-6096-48d6-bfe7-498b7c8032c0: start FollowerState
2019-10-17 07:41:40,976 [cbde3520-0cea-4357-bb04-1a0ae64b2bb1@group-7EB39FB5DF22-LeaderElection97] INFO  impl.LeaderElection (LeaderElection.java:logAndReturn(56)) - cbde3520-0cea-4357-bb04-1a0ae64b2bb1@group-7EB39FB5DF22-LeaderElection97: Election REJECTED; received 2 response(s) [cbde3520-0cea-4357-bb04-1a0ae64b2bb1<-40d2d32e-dd25-45df-8070-f9dc56ccf0a7#0:FAIL-t91, cbde3520-0cea-4357-bb04-1a0ae64b2bb1<-443b071d-6096-48d6-bfe7-498b7c8032c0#0:FAIL-t91] and 0 exception(s); cbde3520-0cea-4357-bb04-1a0ae64b2bb1@group-7EB39FB5DF22:t91, leader=null, voted=cbde3520-0cea-4357-bb04-1a0ae64b2bb1, raftlog=cbde3520-0cea-4357-bb04-1a0ae64b2bb1@group-7EB39FB5DF22-SegmentedRaftLog:OPENED:c-1,f-1,i0, conf=-1: [40d2d32e-dd25-45df-8070-f9dc56ccf0a7:192.168.34.62:41633, cbde3520-0cea-4357-bb04-1a0ae64b2bb1:192.168.34.62:41642, 443b071d-6096-48d6-bfe7-498b7c8032c0:192.168.34.62:46516], old=null
2019-10-17 07:41:40,977 [cbde3520-0cea-4357-bb04-1a0ae64b2bb1@group-7EB39FB5DF22-LeaderElection97] INFO  impl.RaftServerImpl (RaftServerImpl.java:setRole(184)) - cbde3520-0cea-4357-bb04-1a0ae64b2bb1@group-7EB39FB5DF22: changes role from CANDIDATE to FOLLOWER at term 91 for DISCOVERED_A_NEW_TERM
2019-10-17 07:41:40,977 [cbde3520-0cea-4357-bb04-1a0ae64b2bb1@group-7EB39FB5DF22-LeaderElection97] INFO  impl.RoleInfo (RoleInfo.java:shutdownLeaderElection(134)) - cbde3520-0cea-4357-bb04-1a0ae64b2bb1: shutdown LeaderElection
2019-10-17 07:41:40,977 [cbde3520-0cea-4357-bb04-1a0ae64b2bb1@group-7EB39FB5DF22-LeaderElection97] INFO  impl.RoleInfo (RoleInfo.java:updateAndGet(143)) - cbde3520-0cea-4357-bb04-1a0ae64b2bb1: start FollowerState
2019-10-17 07:41:41,149 [Thread-856] INFO  impl.FollowerState (FollowerState.java:run(108)) - cbde3520-0cea-4357-bb04-1a0ae64b2bb1@group-7EB39FB5DF22-FollowerState: change to CANDIDATE, lastRpcTime:171ms, electionTimeout:171ms
2019-10-17 07:41:41,149 [Thread-856] INFO  impl.RoleInfo (RoleInfo.java:shutdownFollowerState(121)) - cbde3520-0cea-4357-bb04-1a0ae64b2bb1: shutdown FollowerState
2019-10-17 07:41:41,150 [Thread-856] INFO  impl.RaftServerImpl (RaftServerImpl.java:setRole(184)) - cbde3520-0cea-4357-bb04-1a0ae64b2bb1@group-7EB39FB5DF22: changes role from  FOLLOWER to CANDIDATE at term 91 for changeToCandidate
2019-10-17 07:41:41,150 [Thread-856] INFO  impl.RoleInfo (RoleInfo.java:updateAndGet(143)) - cbde3520-0cea-4357-bb04-1a0ae64b2bb1: start LeaderElection
2019-10-17 07:41:41,174 [cbde3520-0cea-4357-bb04-1a0ae64b2bb1@group-7EB39FB5DF22-LeaderElection98] INFO  impl.LeaderElection (LeaderElection.java:askForVotes(178)) - cbde3520-0cea-4357-bb04-1a0ae64b2bb1@group-7EB39FB5DF22-LeaderElection98: begin an election at term 92 for -1: [40d2d32e-dd25-45df-8070-f9dc56ccf0a7:192.168.34.62:41633, cbde3520-0cea-4357-bb04-1a0ae64b2bb1:192.168.34.62:41642, 443b071d-6096-48d6-bfe7-498b7c8032c0:192.168.34.62:46516], old=null
2019-10-17 07:41:41,178 [grpc-default-executor-4] INFO  impl.RaftServerImpl (RaftServerImpl.java:setRole(184)) - 40d2d32e-dd25-45df-8070-f9dc56ccf0a7@group-7EB39FB5DF22: changes role from  FOLLOWER to FOLLOWER at term 92 for recognizeCandidate:cbde3520-0cea-4357-bb04-1a0ae64b2bb1
2019-10-17 07:41:41,178 [grpc-default-executor-1] INFO  impl.RaftServerImpl (RaftServerImpl.java:setRole(184)) - 443b071d-6096-48d6-bfe7-498b7c8032c0@group-7EB39FB5DF22: changes role from  FOLLOWER to FOLLOWER at term 92 for recognizeCandidate:cbde3520-0cea-4357-bb04-1a0ae64b2bb1
2019-10-17 07:41:41,178 [grpc-default-executor-1] INFO  impl.RoleInfo (RoleInfo.java:shutdownFollowerState(121)) - 443b071d-6096-48d6-bfe7-498b7c8032c0: shutdown FollowerState
2019-10-17 07:41:41,178 [grpc-default-executor-4] INFO  impl.RoleInfo (RoleInfo.java:shutdownFollowerState(121)) - 40d2d32e-dd25-45df-8070-f9dc56ccf0a7: shutdown FollowerState
2019-10-17 07:41:41,179 [Thread-855] INFO  impl.FollowerState (FollowerState.java:run(117)) - 443b071d-6096-48d6-bfe7-498b7c8032c0@group-7EB39FB5DF22-FollowerState was interrupted: java.lang.InterruptedException: sleep interrupted
2019-10-17 07:41:41,179 [Thread-854] INFO  impl.FollowerState (FollowerState.java:run(117)) - 40d2d32e-dd25-45df-8070-f9dc56ccf0a7@group-7EB39FB5DF22-FollowerState was interrupted: java.lang.InterruptedException: sleep interrupted
2019-10-17 07:41:41,179 [grpc-default-executor-4] INFO  impl.RoleInfo (RoleInfo.java:updateAndGet(143)) - 40d2d32e-dd25-45df-8070-f9dc56ccf0a7: start FollowerState
2019-10-17 07:41:41,178 [grpc-default-executor-1] INFO  impl.RoleInfo (RoleInfo.java:updateAndGet(143)) - 443b071d-6096-48d6-bfe7-498b7c8032c0: start FollowerState
2019-10-17 07:41:41,195 [cbde3520-0cea-4357-bb04-1a0ae64b2bb1@group-7EB39FB5DF22-LeaderElection98] INFO  impl.LeaderElection (LeaderElection.java:logAndReturn(56)) - cbde3520-0cea-4357-bb04-1a0ae64b2bb1@group-7EB39FB5DF22-LeaderElection98: Election REJECTED; received 2 response(s) [cbde3520-0cea-4357-bb04-1a0ae64b2bb1<-40d2d32e-dd25-45df-8070-f9dc56ccf0a7#0:FAIL-t92, cbde3520-0cea-4357-bb04-1a0ae64b2bb1<-443b071d-6096-48d6-bfe7-498b7c8032c0#0:FAIL-t92] and 0 exception(s); cbde3520-0cea-4357-bb04-1a0ae64b2bb1@group-7EB39FB5DF22:t92, leader=null, voted=cbde3520-0cea-4357-bb04-1a0ae64b2bb1, raftlog=cbde3520-0cea-4357-bb04-1a0ae64b2bb1@group-7EB39FB5DF22-SegmentedRaftLog:OPENED:c-1,f-1,i0, conf=-1: [40d2d32e-dd25-45df-8070-f9dc56ccf0a7:192.168.34.62:41633, cbde3520-0cea-4357-bb04-1a0ae64b2bb1:192.168.34.62:41642, 443b071d-6096-48d6-bfe7-498b7c8032c0:192.168.34.62:46516], old=null
2019-10-17 07:41:41,195 [cbde3520-0cea-4357-bb04-1a0ae64b2bb1@group-7EB39FB5DF22-LeaderElection98] INFO  impl.RaftServerImpl (RaftServerImpl.java:setRole(184)) - cbde3520-0cea-4357-bb04-1a0ae64b2bb1@group-7EB39FB5DF22: changes role from CANDIDATE to FOLLOWER at term 92 for DISCOVERED_A_NEW_TERM
2019-10-17 07:41:41,195 [cbde3520-0cea-4357-bb04-1a0ae64b2bb1@group-7EB39FB5DF22-LeaderElection98] INFO  impl.RoleInfo (RoleInfo.java:shutdownLeaderElection(134)) - cbde3520-0cea-4357-bb04-1a0ae64b2bb1: shutdown LeaderElection
2019-10-17 07:41:41,195 [cbde3520-0cea-4357-bb04-1a0ae64b2bb1@group-7EB39FB5DF22-LeaderElection98] INFO  impl.RoleInfo (RoleInfo.java:updateAndGet(143)) - cbde3520-0cea-4357-bb04-1a0ae64b2bb1: start FollowerState
2019-10-17 07:41:41,208 [main] INFO  ozone.MiniOzoneClusterImpl (MiniOzoneClusterImpl.java:lambda$waitForClusterToBeReady$2(164)) - Waiting for 1 number of pipelines out of 5, to report a leader.
2019-10-17 07:41:41,235 [Thread-862] INFO  impl.FollowerState (FollowerState.java:run(108)) - cbde3520-0cea-4357-bb04-1a0ae64b2bb1@group-7EB39FB5DF22-FollowerState: change to CANDIDATE, lastRpcTime:39ms, electionTimeout:39ms
2019-10-17 07:41:41,235 [Thread-862] INFO  impl.RoleInfo (RoleInfo.java:shutdownFollowerState(121)) - cbde3520-0cea-4357-bb04-1a0ae64b2bb1: shutdown FollowerState
2019-10-17 07:41:41,235 [Thread-862] INFO  impl.RaftServerImpl (RaftServerImpl.java:setRole(184)) - cbde3520-0cea-4357-bb04-1a0ae64b2bb1@group-7EB39FB5DF22: changes role from  FOLLOWER to CANDIDATE at term 92 for changeToCandidate
2019-10-17 07:41:41,235 [Thread-862] INFO  impl.RoleInfo (RoleInfo.java:updateAndGet(143)) - cbde3520-0cea-4357-bb04-1a0ae64b2bb1: start LeaderElection
2019-10-17 07:41:41,267 [cbde3520-0cea-4357-bb04-1a0ae64b2bb1@group-7EB39FB5DF22-LeaderElection99] INFO  impl.LeaderElection (LeaderElection.java:askForVotes(178)) - cbde3520-0cea-4357-bb04-1a0ae64b2bb1@group-7EB39FB5DF22-LeaderElection99: begin an election at term 93 for -1: [40d2d32e-dd25-45df-8070-f9dc56ccf0a7:192.168.34.62:41633, cbde3520-0cea-4357-bb04-1a0ae64b2bb1:192.168.34.62:41642, 443b071d-6096-48d6-bfe7-498b7c8032c0:192.168.34.62:46516], old=null
2019-10-17 07:41:41,270 [grpc-default-executor-4] INFO  impl.RaftServerImpl (RaftServerImpl.java:setRole(184)) - 40d2d32e-dd25-45df-8070-f9dc56ccf0a7@group-7EB39FB5DF22: changes role from  FOLLOWER to FOLLOWER at term 93 for recognizeCandidate:cbde3520-0cea-4357-bb04-1a0ae64b2bb1
2019-10-17 07:41:41,270 [grpc-default-executor-4] INFO  impl.RoleInfo (RoleInfo.java:shutdownFollowerState(121)) - 40d2d32e-dd25-45df-8070-f9dc56ccf0a7: shutdown FollowerState
2019-10-17 07:41:41,270 [grpc-default-executor-4] INFO  impl.RoleInfo (RoleInfo.java:updateAndGet(143)) - 40d2d32e-dd25-45df-8070-f9dc56ccf0a7: start FollowerState
2019-10-17 07:41:41,270 [Thread-861] INFO  impl.FollowerState (FollowerState.java:run(117)) - 40d2d32e-dd25-45df-8070-f9dc56ccf0a7@group-7EB39FB5DF22-FollowerState was interrupted: java.lang.InterruptedException: sleep interrupted
2019-10-17 07:41:41,270 [grpc-default-executor-1] INFO  impl.RaftServerImpl (RaftServerImpl.java:setRole(184)) - 443b071d-6096-48d6-bfe7-498b7c8032c0@group-7EB39FB5DF22: changes role from  FOLLOWER to FOLLOWER at term 93 for recognizeCandidate:cbde3520-0cea-4357-bb04-1a0ae64b2bb1
2019-10-17 07:41:41,271 [grpc-default-executor-1] INFO  impl.RoleInfo (RoleInfo.java:shutdownFollowerState(121)) - 443b071d-6096-48d6-bfe7-498b7c8032c0: shutdown FollowerState
2019-10-17 07:41:41,271 [grpc-default-executor-1] INFO  impl.RoleInfo (RoleInfo.java:updateAndGet(143)) - 443b071d-6096-48d6-bfe7-498b7c8032c0: start FollowerState
2019-10-17 07:41:41,271 [Thread-860] INFO  impl.FollowerState (FollowerState.java:run(117)) - 443b071d-6096-48d6-bfe7-498b7c8032c0@group-7EB39FB5DF22-FollowerState was interrupted: java.lang.InterruptedException: sleep interrupted
2019-10-17 07:41:41,286 [cbde3520-0cea-4357-bb04-1a0ae64b2bb1@group-7EB39FB5DF22-LeaderElection99] INFO  impl.LeaderElection (LeaderElection.java:logAndReturn(56)) - cbde3520-0cea-4357-bb04-1a0ae64b2bb1@group-7EB39FB5DF22-LeaderElection99: Election REJECTED; received 2 response(s) [cbde3520-0cea-4357-bb04-1a0ae64b2bb1<-40d2d32e-dd25-45df-8070-f9dc56ccf0a7#0:FAIL-t93, cbde3520-0cea-4357-bb04-1a0ae64b2bb1<-443b071d-6096-48d6-bfe7-498b7c8032c0#0:FAIL-t93] and 0 exception(s); cbde3520-0cea-4357-bb04-1a0ae64b2bb1@group-7EB39FB5DF22:t93, leader=null, voted=cbde3520-0cea-4357-bb04-1a0ae64b2bb1, raftlog=cbde3520-0cea-4357-bb04-1a0ae64b2bb1@group-7EB39FB5DF22-SegmentedRaftLog:OPENED:c-1,f-1,i0, conf=-1: [40d2d32e-dd25-45df-8070-f9dc56ccf0a7:192.168.34.62:41633, cbde3520-0cea-4357-bb04-1a0ae64b2bb1:192.168.34.62:41642, 443b071d-6096-48d6-bfe7-498b7c8032c0:192.168.34.62:46516], old=null
2019-10-17 07:41:41,286 [cbde3520-0cea-4357-bb04-1a0ae64b2bb1@group-7EB39FB5DF22-LeaderElection99] INFO  impl.RaftServerImpl (RaftServerImpl.java:setRole(184)) - cbde3520-0cea-4357-bb04-1a0ae64b2bb1@group-7EB39FB5DF22: changes role from CANDIDATE to FOLLOWER at term 93 for DISCOVERED_A_NEW_TERM
2019-10-17 07:41:41,286 [cbde3520-0cea-4357-bb04-1a0ae64b2bb1@group-7EB39FB5DF22-LeaderElection99] INFO  impl.RoleInfo (RoleInfo.java:shutdownLeaderElection(134)) - cbde3520-0cea-4357-bb04-1a0ae64b2bb1: shutdown LeaderElection
2019-10-17 07:41:41,286 [cbde3520-0cea-4357-bb04-1a0ae64b2bb1@group-7EB39FB5DF22-LeaderElection99] INFO  impl.RoleInfo (RoleInfo.java:updateAndGet(143)) - cbde3520-0cea-4357-bb04-1a0ae64b2bb1: start FollowerState
2019-10-17 07:41:41,480 [Thread-868] INFO  impl.FollowerState (FollowerState.java:run(108)) - cbde3520-0cea-4357-bb04-1a0ae64b2bb1@group-7EB39FB5DF22-FollowerState: change to CANDIDATE, lastRpcTime:193ms, electionTimeout:193ms
2019-10-17 07:41:41,480 [Thread-868] INFO  impl.RoleInfo (RoleInfo.java:shutdownFollowerState(121)) - cbde3520-0cea-4357-bb04-1a0ae64b2bb1: shutdown FollowerState
2019-10-17 07:41:41,480 [Thread-868] INFO  impl.RaftServerImpl (RaftServerImpl.java:setRole(184)) - cbde3520-0cea-4357-bb04-1a0ae64b2bb1@group-7EB39FB5DF22: changes role from  FOLLOWER to CANDIDATE at term 93 for changeToCandidate
2019-10-17 07:41:41,480 [Thread-868] INFO  impl.RoleInfo (RoleInfo.java:updateAndGet(143)) - cbde3520-0cea-4357-bb04-1a0ae64b2bb1: start LeaderElection
2019-10-17 07:41:41,505 [cbde3520-0cea-4357-bb04-1a0ae64b2bb1@group-7EB39FB5DF22-LeaderElection100] INFO  impl.LeaderElection (LeaderElection.java:askForVotes(178)) - cbde3520-0cea-4357-bb04-1a0ae64b2bb1@group-7EB39FB5DF22-LeaderElection100: begin an election at term 94 for -1: [40d2d32e-dd25-45df-8070-f9dc56ccf0a7:192.168.34.62:41633, cbde3520-0cea-4357-bb04-1a0ae64b2bb1:192.168.34.62:41642, 443b071d-6096-48d6-bfe7-498b7c8032c0:192.168.34.62:46516], old=null
2019-10-17 07:41:41,508 [grpc-default-executor-4] INFO  impl.RaftServerImpl (RaftServerImpl.java:setRole(184)) - 40d2d32e-dd25-45df-8070-f9dc56ccf0a7@group-7EB39FB5DF22: changes role from  FOLLOWER to FOLLOWER at term 94 for recognizeCandidate:cbde3520-0cea-4357-bb04-1a0ae64b2bb1
2019-10-17 07:41:41,508 [grpc-default-executor-1] INFO  impl.RaftServerImpl (RaftServerImpl.java:setRole(184)) - 443b071d-6096-48d6-bfe7-498b7c8032c0@group-7EB39FB5DF22: changes role from  FOLLOWER to FOLLOWER at term 94 for recognizeCandidate:cbde3520-0cea-4357-bb04-1a0ae64b2bb1
2019-10-17 07:41:41,508 [grpc-default-executor-1] INFO  impl.RoleInfo (RoleInfo.java:shutdownFollowerState(121)) - 443b071d-6096-48d6-bfe7-498b7c8032c0: shutdown FollowerState
2019-10-17 07:41:41,508 [grpc-default-executor-4] INFO  impl.RoleInfo (RoleInfo.java:shutdownFollowerState(121)) - 40d2d32e-dd25-45df-8070-f9dc56ccf0a7: shutdown FollowerState
2019-10-17 07:41:41,508 [grpc-default-executor-1] INFO  impl.RoleInfo (RoleInfo.java:updateAndGet(143)) - 443b071d-6096-48d6-bfe7-498b7c8032c0: start FollowerState
2019-10-17 07:41:41,508 [Thread-867] INFO  impl.FollowerState (FollowerState.java:run(117)) - 443b071d-6096-48d6-bfe7-498b7c8032c0@group-7EB39FB5DF22-FollowerState was interrupted: java.lang.InterruptedException: sleep interrupted
2019-10-17 07:41:41,508 [grpc-default-executor-4] INFO  impl.RoleInfo (RoleInfo.java:updateAndGet(143)) - 40d2d32e-dd25-45df-8070-f9dc56ccf0a7: start FollowerState
2019-10-17 07:41:41,509 [Thread-866] INFO  impl.FollowerState (FollowerState.java:run(117)) - 40d2d32e-dd25-45df-8070-f9dc56ccf0a7@group-7EB39FB5DF22-FollowerState was interrupted: java.lang.InterruptedException: sleep interrupted
2019-10-17 07:41:41,536 [cbde3520-0cea-4357-bb04-1a0ae64b2bb1@group-7EB39FB5DF22-LeaderElection100] INFO  impl.LeaderElection (LeaderElection.java:logAndReturn(56)) - cbde3520-0cea-4357-bb04-1a0ae64b2bb1@group-7EB39FB5DF22-LeaderElection100: Election REJECTED; received 2 response(s) [cbde3520-0cea-4357-bb04-1a0ae64b2bb1<-40d2d32e-dd25-45df-8070-f9dc56ccf0a7#0:FAIL-t94, cbde3520-0cea-4357-bb04-1a0ae64b2bb1<-443b071d-6096-48d6-bfe7-498b7c8032c0#0:FAIL-t94] and 0 exception(s); cbde3520-0cea-4357-bb04-1a0ae64b2bb1@group-7EB39FB5DF22:t94, leader=null, voted=cbde3520-0cea-4357-bb04-1a0ae64b2bb1, raftlog=cbde3520-0cea-4357-bb04-1a0ae64b2bb1@group-7EB39FB5DF22-SegmentedRaftLog:OPENED:c-1,f-1,i0, conf=-1: [40d2d32e-dd25-45df-8070-f9dc56ccf0a7:192.168.34.62:41633, cbde3520-0cea-4357-bb04-1a0ae64b2bb1:192.168.34.62:41642, 443b071d-6096-48d6-bfe7-498b7c8032c0:192.168.34.62:46516], old=null
2019-10-17 07:41:41,536 [cbde3520-0cea-4357-bb04-1a0ae64b2bb1@group-7EB39FB5DF22-LeaderElection100] INFO  impl.RaftServerImpl (RaftServerImpl.java:setRole(184)) - cbde3520-0cea-4357-bb04-1a0ae64b2bb1@group-7EB39FB5DF22: changes role from CANDIDATE to FOLLOWER at term 94 for DISCOVERED_A_NEW_TERM
2019-10-17 07:41:41,537 [cbde3520-0cea-4357-bb04-1a0ae64b2bb1@group-7EB39FB5DF22-LeaderElection100] INFO  impl.RoleInfo (RoleInfo.java:shutdownLeaderElection(134)) - cbde3520-0cea-4357-bb04-1a0ae64b2bb1: shutdown LeaderElection
2019-10-17 07:41:41,537 [cbde3520-0cea-4357-bb04-1a0ae64b2bb1@group-7EB39FB5DF22-LeaderElection100] INFO  impl.RoleInfo (RoleInfo.java:updateAndGet(143)) - cbde3520-0cea-4357-bb04-1a0ae64b2bb1: start FollowerState
2019-10-17 07:41:41,570 [Thread-874] INFO  impl.FollowerState (FollowerState.java:run(108)) - cbde3520-0cea-4357-bb04-1a0ae64b2bb1@group-7EB39FB5DF22-FollowerState: change to CANDIDATE, lastRpcTime:33ms, electionTimeout:33ms
2019-10-17 07:41:41,570 [Thread-874] INFO  impl.RoleInfo (RoleInfo.java:shutdownFollowerState(121)) - cbde3520-0cea-4357-bb04-1a0ae64b2bb1: shutdown FollowerState
2019-10-17 07:41:41,571 [Thread-874] INFO  impl.RaftServerImpl (RaftServerImpl.java:setRole(184)) - cbde3520-0cea-4357-bb04-1a0ae64b2bb1@group-7EB39FB5DF22: changes role from  FOLLOWER to CANDIDATE at term 94 for changeToCandidate
2019-10-17 07:41:41,571 [Thread-874] INFO  impl.RoleInfo (RoleInfo.java:updateAndGet(143)) - cbde3520-0cea-4357-bb04-1a0ae64b2bb1: start LeaderElection
2019-10-17 07:41:41,595 [cbde3520-0cea-4357-bb04-1a0ae64b2bb1@group-7EB39FB5DF22-LeaderElection101] INFO  impl.LeaderElection (LeaderElection.java:askForVotes(178)) - cbde3520-0cea-4357-bb04-1a0ae64b2bb1@group-7EB39FB5DF22-LeaderElection101: begin an election at term 95 for -1: [40d2d32e-dd25-45df-8070-f9dc56ccf0a7:192.168.34.62:41633, cbde3520-0cea-4357-bb04-1a0ae64b2bb1:192.168.34.62:41642, 443b071d-6096-48d6-bfe7-498b7c8032c0:192.168.34.62:46516], old=null
2019-10-17 07:41:41,598 [grpc-default-executor-4] INFO  impl.RaftServerImpl (RaftServerImpl.java:setRole(184)) - 40d2d32e-dd25-45df-8070-f9dc56ccf0a7@group-7EB39FB5DF22: changes role from  FOLLOWER to FOLLOWER at term 95 for recognizeCandidate:cbde3520-0cea-4357-bb04-1a0ae64b2bb1
2019-10-17 07:41:41,599 [grpc-default-executor-4] INFO  impl.RoleInfo (RoleInfo.java:shutdownFollowerState(121)) - 40d2d32e-dd25-45df-8070-f9dc56ccf0a7: shutdown FollowerState
2019-10-17 07:41:41,599 [grpc-default-executor-1] INFO  impl.RaftServerImpl (RaftServerImpl.java:setRole(184)) - 443b071d-6096-48d6-bfe7-498b7c8032c0@group-7EB39FB5DF22: changes role from  FOLLOWER to FOLLOWER at term 95 for recognizeCandidate:cbde3520-0cea-4357-bb04-1a0ae64b2bb1
2019-10-17 07:41:41,599 [grpc-default-executor-1] INFO  impl.RoleInfo (RoleInfo.java:shutdownFollowerState(121)) - 443b071d-6096-48d6-bfe7-498b7c8032c0: shutdown FollowerState
2019-10-17 07:41:41,599 [Thread-873] INFO  impl.FollowerState (FollowerState.java:run(117)) - 40d2d32e-dd25-45df-8070-f9dc56ccf0a7@group-7EB39FB5DF22-FollowerState was interrupted: java.lang.InterruptedException: sleep interrupted
2019-10-17 07:41:41,599 [grpc-default-executor-4] INFO  impl.RoleInfo (RoleInfo.java:updateAndGet(143)) - 40d2d32e-dd25-45df-8070-f9dc56ccf0a7: start FollowerState
2019-10-17 07:41:41,599 [Thread-872] INFO  impl.FollowerState (FollowerState.java:run(117)) - 443b071d-6096-48d6-bfe7-498b7c8032c0@group-7EB39FB5DF22-FollowerState was interrupted: java.lang.InterruptedException: sleep interrupted
2019-10-17 07:41:41,599 [grpc-default-executor-1] INFO  impl.RoleInfo (RoleInfo.java:updateAndGet(143)) - 443b071d-6096-48d6-bfe7-498b7c8032c0: start FollowerState
2019-10-17 07:41:41,617 [cbde3520-0cea-4357-bb04-1a0ae64b2bb1@group-7EB39FB5DF22-LeaderElection101] INFO  impl.LeaderElection (LeaderElection.java:logAndReturn(56)) - cbde3520-0cea-4357-bb04-1a0ae64b2bb1@group-7EB39FB5DF22-LeaderElection101: Election TIMEOUT; received 0 response(s) [] and 0 exception(s); cbde3520-0cea-4357-bb04-1a0ae64b2bb1@group-7EB39FB5DF22:t95, leader=null, voted=cbde3520-0cea-4357-bb04-1a0ae64b2bb1, raftlog=cbde3520-0cea-4357-bb04-1a0ae64b2bb1@group-7EB39FB5DF22-SegmentedRaftLog:OPENED:c-1,f-1,i0, conf=-1: [40d2d32e-dd25-45df-8070-f9dc56ccf0a7:192.168.34.62:41633, cbde3520-0cea-4357-bb04-1a0ae64b2bb1:192.168.34.62:41642, 443b071d-6096-48d6-bfe7-498b7c8032c0:192.168.34.62:46516], old=null
2019-10-17 07:41:41,640 [cbde3520-0cea-4357-bb04-1a0ae64b2bb1@group-7EB39FB5DF22-LeaderElection101] INFO  impl.LeaderElection (LeaderElection.java:askForVotes(178)) - cbde3520-0cea-4357-bb04-1a0ae64b2bb1@group-7EB39FB5DF22-LeaderElection101: begin an election at term 96 for -1: [40d2d32e-dd25-45df-8070-f9dc56ccf0a7:192.168.34.62:41633, cbde3520-0cea-4357-bb04-1a0ae64b2bb1:192.168.34.62:41642, 443b071d-6096-48d6-bfe7-498b7c8032c0:192.168.34.62:46516], old=null
2019-10-17 07:41:41,643 [grpc-default-executor-1] INFO  impl.RaftServerImpl (RaftServerImpl.java:setRole(184)) - 40d2d32e-dd25-45df-8070-f9dc56ccf0a7@group-7EB39FB5DF22: changes role from  FOLLOWER to FOLLOWER at term 96 for recognizeCandidate:cbde3520-0cea-4357-bb04-1a0ae64b2bb1
2019-10-17 07:41:41,643 [grpc-default-executor-1] INFO  impl.RoleInfo (RoleInfo.java:shutdownFollowerState(121)) - 40d2d32e-dd25-45df-8070-f9dc56ccf0a7: shutdown FollowerState
2019-10-17 07:41:41,643 [grpc-default-executor-4] INFO  impl.RaftServerImpl (RaftServerImpl.java:setRole(184)) - 443b071d-6096-48d6-bfe7-498b7c8032c0@group-7EB39FB5DF22: changes role from  FOLLOWER to FOLLOWER at term 96 for recognizeCandidate:cbde3520-0cea-4357-bb04-1a0ae64b2bb1
2019-10-17 07:41:41,644 [Thread-878] INFO  impl.FollowerState (FollowerState.java:run(117)) - 40d2d32e-dd25-45df-8070-f9dc56ccf0a7@group-7EB39FB5DF22-FollowerState was interrupted: java.lang.InterruptedException: sleep interrupted
2019-10-17 07:41:41,643 [grpc-default-executor-1] INFO  impl.RoleInfo (RoleInfo.java:updateAndGet(143)) - 40d2d32e-dd25-45df-8070-f9dc56ccf0a7: start FollowerState
2019-10-17 07:41:41,644 [grpc-default-executor-4] INFO  impl.RoleInfo (RoleInfo.java:shutdownFollowerState(121)) - 443b071d-6096-48d6-bfe7-498b7c8032c0: shutdown FollowerState
2019-10-17 07:41:41,644 [grpc-default-executor-4] INFO  impl.RoleInfo (RoleInfo.java:updateAndGet(143)) - 443b071d-6096-48d6-bfe7-498b7c8032c0: start FollowerState
2019-10-17 07:41:41,644 [Thread-879] INFO  impl.FollowerState (FollowerState.java:run(117)) - 443b071d-6096-48d6-bfe7-498b7c8032c0@group-7EB39FB5DF22-FollowerState was interrupted: java.lang.InterruptedException: sleep interrupted
2019-10-17 07:41:41,659 [cbde3520-0cea-4357-bb04-1a0ae64b2bb1@group-7EB39FB5DF22-LeaderElection101] INFO  impl.LeaderElection (LeaderElection.java:logAndReturn(56)) - cbde3520-0cea-4357-bb04-1a0ae64b2bb1@group-7EB39FB5DF22-LeaderElection101: Election REJECTED; received 2 response(s) [cbde3520-0cea-4357-bb04-1a0ae64b2bb1<-40d2d32e-dd25-45df-8070-f9dc56ccf0a7#0:FAIL-t96, cbde3520-0cea-4357-bb04-1a0ae64b2bb1<-443b071d-6096-48d6-bfe7-498b7c8032c0#0:FAIL-t96] and 0 exception(s); cbde3520-0cea-4357-bb04-1a0ae64b2bb1@group-7EB39FB5DF22:t96, leader=null, voted=cbde3520-0cea-4357-bb04-1a0ae64b2bb1, raftlog=cbde3520-0cea-4357-bb04-1a0ae64b2bb1@group-7EB39FB5DF22-SegmentedRaftLog:OPENED:c-1,f-1,i0, conf=-1: [40d2d32e-dd25-45df-8070-f9dc56ccf0a7:192.168.34.62:41633, cbde3520-0cea-4357-bb04-1a0ae64b2bb1:192.168.34.62:41642, 443b071d-6096-48d6-bfe7-498b7c8032c0:192.168.34.62:46516], old=null
2019-10-17 07:41:41,659 [cbde3520-0cea-4357-bb04-1a0ae64b2bb1@group-7EB39FB5DF22-LeaderElection101] INFO  impl.RaftServerImpl (RaftServerImpl.java:setRole(184)) - cbde3520-0cea-4357-bb04-1a0ae64b2bb1@group-7EB39FB5DF22: changes role from CANDIDATE to FOLLOWER at term 96 for DISCOVERED_A_NEW_TERM
2019-10-17 07:41:41,659 [cbde3520-0cea-4357-bb04-1a0ae64b2bb1@group-7EB39FB5DF22-LeaderElection101] INFO  impl.RoleInfo (RoleInfo.java:shutdownLeaderElection(134)) - cbde3520-0cea-4357-bb04-1a0ae64b2bb1: shutdown LeaderElection
2019-10-17 07:41:41,659 [cbde3520-0cea-4357-bb04-1a0ae64b2bb1@group-7EB39FB5DF22-LeaderElection101] INFO  impl.RoleInfo (RoleInfo.java:updateAndGet(143)) - cbde3520-0cea-4357-bb04-1a0ae64b2bb1: start FollowerState
2019-10-17 07:41:41,696 [Thread-884] INFO  impl.FollowerState (FollowerState.java:run(108)) - cbde3520-0cea-4357-bb04-1a0ae64b2bb1@group-7EB39FB5DF22-FollowerState: change to CANDIDATE, lastRpcTime:36ms, electionTimeout:36ms
2019-10-17 07:41:41,696 [Thread-884] INFO  impl.RoleInfo (RoleInfo.java:shutdownFollowerState(121)) - cbde3520-0cea-4357-bb04-1a0ae64b2bb1: shutdown FollowerState
2019-10-17 07:41:41,696 [Thread-884] INFO  impl.RaftServerImpl (RaftServerImpl.java:setRole(184)) - cbde3520-0cea-4357-bb04-1a0ae64b2bb1@group-7EB39FB5DF22: changes role from  FOLLOWER to CANDIDATE at term 96 for changeToCandidate
2019-10-17 07:41:41,696 [Thread-884] INFO  impl.RoleInfo (RoleInfo.java:updateAndGet(143)) - cbde3520-0cea-4357-bb04-1a0ae64b2bb1: start LeaderElection
2019-10-17 07:41:41,720 [cbde3520-0cea-4357-bb04-1a0ae64b2bb1@group-7EB39FB5DF22-LeaderElection102] INFO  impl.LeaderElection (LeaderElection.java:askForVotes(178)) - cbde3520-0cea-4357-bb04-1a0ae64b2bb1@group-7EB39FB5DF22-LeaderElection102: begin an election at term 97 for -1: [40d2d32e-dd25-45df-8070-f9dc56ccf0a7:192.168.34.62:41633, cbde3520-0cea-4357-bb04-1a0ae64b2bb1:192.168.34.62:41642, 443b071d-6096-48d6-bfe7-498b7c8032c0:192.168.34.62:46516], old=null
2019-10-17 07:41:41,723 [grpc-default-executor-4] INFO  impl.RaftServerImpl (RaftServerImpl.java:setRole(184)) - 40d2d32e-dd25-45df-8070-f9dc56ccf0a7@group-7EB39FB5DF22: changes role from  FOLLOWER to FOLLOWER at term 97 for recognizeCandidate:cbde3520-0cea-4357-bb04-1a0ae64b2bb1
2019-10-17 07:41:41,723 [grpc-default-executor-4] INFO  impl.RoleInfo (RoleInfo.java:shutdownFollowerState(121)) - 40d2d32e-dd25-45df-8070-f9dc56ccf0a7: shutdown FollowerState
2019-10-17 07:41:41,723 [grpc-default-executor-4] INFO  impl.RoleInfo (RoleInfo.java:updateAndGet(143)) - 40d2d32e-dd25-45df-8070-f9dc56ccf0a7: start FollowerState
2019-10-17 07:41:41,723 [Thread-882] INFO  impl.FollowerState (FollowerState.java:run(117)) - 40d2d32e-dd25-45df-8070-f9dc56ccf0a7@group-7EB39FB5DF22-FollowerState was interrupted: java.lang.InterruptedException: sleep interrupted
2019-10-17 07:41:41,723 [grpc-default-executor-1] INFO  impl.RaftServerImpl (RaftServerImpl.java:setRole(184)) - 443b071d-6096-48d6-bfe7-498b7c8032c0@group-7EB39FB5DF22: changes role from  FOLLOWER to FOLLOWER at term 97 for recognizeCandidate:cbde3520-0cea-4357-bb04-1a0ae64b2bb1
2019-10-17 07:41:41,724 [grpc-default-executor-1] INFO  impl.RoleInfo (RoleInfo.java:shutdownFollowerState(121)) - 443b071d-6096-48d6-bfe7-498b7c8032c0: shutdown FollowerState
2019-10-17 07:41:41,724 [Thread-883] INFO  impl.FollowerState (FollowerState.java:run(117)) - 443b071d-6096-48d6-bfe7-498b7c8032c0@group-7EB39FB5DF22-FollowerState was interrupted: java.lang.InterruptedException: sleep interrupted
2019-10-17 07:41:41,724 [grpc-default-executor-1] INFO  impl.RoleInfo (RoleInfo.java:updateAndGet(143)) - 443b071d-6096-48d6-bfe7-498b7c8032c0: start FollowerState
2019-10-17 07:41:41,737 [cbde3520-0cea-4357-bb04-1a0ae64b2bb1@group-7EB39FB5DF22-LeaderElection102] INFO  impl.LeaderElection (LeaderElection.java:logAndReturn(56)) - cbde3520-0cea-4357-bb04-1a0ae64b2bb1@group-7EB39FB5DF22-LeaderElection102: Election REJECTED; received 2 response(s) [cbde3520-0cea-4357-bb04-1a0ae64b2bb1<-40d2d32e-dd25-45df-8070-f9dc56ccf0a7#0:FAIL-t97, cbde3520-0cea-4357-bb04-1a0ae64b2bb1<-443b071d-6096-48d6-bfe7-498b7c8032c0#0:FAIL-t97] and 0 exception(s); cbde3520-0cea-4357-bb04-1a0ae64b2bb1@group-7EB39FB5DF22:t97, leader=null, voted=cbde3520-0cea-4357-bb04-1a0ae64b2bb1, raftlog=cbde3520-0cea-4357-bb04-1a0ae64b2bb1@group-7EB39FB5DF22-SegmentedRaftLog:OPENED:c-1,f-1,i0, conf=-1: [40d2d32e-dd25-45df-8070-f9dc56ccf0a7:192.168.34.62:41633, cbde3520-0cea-4357-bb04-1a0ae64b2bb1:192.168.34.62:41642, 443b071d-6096-48d6-bfe7-498b7c8032c0:192.168.34.62:46516], old=null
2019-10-17 07:41:41,737 [cbde3520-0cea-4357-bb04-1a0ae64b2bb1@group-7EB39FB5DF22-LeaderElection102] INFO  impl.RaftServerImpl (RaftServerImpl.java:setRole(184)) - cbde3520-0cea-4357-bb04-1a0ae64b2bb1@group-7EB39FB5DF22: changes role from CANDIDATE to FOLLOWER at term 97 for DISCOVERED_A_NEW_TERM
2019-10-17 07:41:41,737 [cbde3520-0cea-4357-bb04-1a0ae64b2bb1@group-7EB39FB5DF22-LeaderElection102] INFO  impl.RoleInfo (RoleInfo.java:shutdownLeaderElection(134)) - cbde3520-0cea-4357-bb04-1a0ae64b2bb1: shutdown LeaderElection
2019-10-17 07:41:41,737 [cbde3520-0cea-4357-bb04-1a0ae64b2bb1@group-7EB39FB5DF22-LeaderElection102] INFO  impl.RoleInfo (RoleInfo.java:updateAndGet(143)) - cbde3520-0cea-4357-bb04-1a0ae64b2bb1: start FollowerState
2019-10-17 07:41:41,790 [Thread-890] INFO  impl.FollowerState (FollowerState.java:run(108)) - cbde3520-0cea-4357-bb04-1a0ae64b2bb1@group-7EB39FB5DF22-FollowerState: change to CANDIDATE, lastRpcTime:52ms, electionTimeout:52ms
2019-10-17 07:41:41,790 [Thread-890] INFO  impl.RoleInfo (RoleInfo.java:shutdownFollowerState(121)) - cbde3520-0cea-4357-bb04-1a0ae64b2bb1: shutdown FollowerState
2019-10-17 07:41:41,790 [Thread-890] INFO  impl.RaftServerImpl (RaftServerImpl.java:setRole(184)) - cbde3520-0cea-4357-bb04-1a0ae64b2bb1@group-7EB39FB5DF22: changes role from  FOLLOWER to CANDIDATE at term 97 for changeToCandidate
2019-10-17 07:41:41,790 [Thread-890] INFO  impl.RoleInfo (RoleInfo.java:updateAndGet(143)) - cbde3520-0cea-4357-bb04-1a0ae64b2bb1: start LeaderElection
2019-10-17 07:41:41,815 [cbde3520-0cea-4357-bb04-1a0ae64b2bb1@group-7EB39FB5DF22-LeaderElection103] INFO  impl.LeaderElection (LeaderElection.java:askForVotes(178)) - cbde3520-0cea-4357-bb04-1a0ae64b2bb1@group-7EB39FB5DF22-LeaderElection103: begin an election at term 98 for -1: [40d2d32e-dd25-45df-8070-f9dc56ccf0a7:192.168.34.62:41633, cbde3520-0cea-4357-bb04-1a0ae64b2bb1:192.168.34.62:41642, 443b071d-6096-48d6-bfe7-498b7c8032c0:192.168.34.62:46516], old=null
2019-10-17 07:41:41,818 [grpc-default-executor-1] INFO  impl.RaftServerImpl (RaftServerImpl.java:setRole(184)) - 40d2d32e-dd25-45df-8070-f9dc56ccf0a7@group-7EB39FB5DF22: changes role from  FOLLOWER to FOLLOWER at term 98 for recognizeCandidate:cbde3520-0cea-4357-bb04-1a0ae64b2bb1
2019-10-17 07:41:41,818 [grpc-default-executor-1] INFO  impl.RoleInfo (RoleInfo.java:shutdownFollowerState(121)) - 40d2d32e-dd25-45df-8070-f9dc56ccf0a7: shutdown FollowerState
2019-10-17 07:41:41,818 [grpc-default-executor-4] INFO  impl.RaftServerImpl (RaftServerImpl.java:setRole(184)) - 443b071d-6096-48d6-bfe7-498b7c8032c0@group-7EB39FB5DF22: changes role from  FOLLOWER to FOLLOWER at term 98 for recognizeCandidate:cbde3520-0cea-4357-bb04-1a0ae64b2bb1
2019-10-17 07:41:41,818 [Thread-888] INFO  impl.FollowerState (FollowerState.java:run(117)) - 40d2d32e-dd25-45df-8070-f9dc56ccf0a7@group-7EB39FB5DF22-FollowerState was interrupted: java.lang.InterruptedException: sleep interrupted
2019-10-17 07:41:41,818 [grpc-default-executor-1] INFO  impl.RoleInfo (RoleInfo.java:updateAndGet(143)) - 40d2d32e-dd25-45df-8070-f9dc56ccf0a7: start FollowerState
2019-10-17 07:41:41,818 [grpc-default-executor-4] INFO  impl.RoleInfo (RoleInfo.java:shutdownFollowerState(121)) - 443b071d-6096-48d6-bfe7-498b7c8032c0: shutdown FollowerState
2019-10-17 07:41:41,819 [grpc-default-executor-4] INFO  impl.RoleInfo (RoleInfo.java:updateAndGet(143)) - 443b071d-6096-48d6-bfe7-498b7c8032c0: start FollowerState
2019-10-17 07:41:41,819 [Thread-889] INFO  impl.FollowerState (FollowerState.java:run(117)) - 443b071d-6096-48d6-bfe7-498b7c8032c0@group-7EB39FB5DF22-FollowerState was interrupted: java.lang.InterruptedException: sleep interrupted
2019-10-17 07:41:41,844 [cbde3520-0cea-4357-bb04-1a0ae64b2bb1@group-7EB39FB5DF22-LeaderElection103] INFO  impl.LeaderElection (LeaderElection.java:logAndReturn(56)) - cbde3520-0cea-4357-bb04-1a0ae64b2bb1@group-7EB39FB5DF22-LeaderElection103: Election REJECTED; received 2 response(s) [cbde3520-0cea-4357-bb04-1a0ae64b2bb1<-40d2d32e-dd25-45df-8070-f9dc56ccf0a7#0:FAIL-t98, cbde3520-0cea-4357-bb04-1a0ae64b2bb1<-443b071d-6096-48d6-bfe7-498b7c8032c0#0:FAIL-t98] and 0 exception(s); cbde3520-0cea-4357-bb04-1a0ae64b2bb1@group-7EB39FB5DF22:t98, leader=null, voted=cbde3520-0cea-4357-bb04-1a0ae64b2bb1, raftlog=cbde3520-0cea-4357-bb04-1a0ae64b2bb1@group-7EB39FB5DF22-SegmentedRaftLog:OPENED:c-1,f-1,i0, conf=-1: [40d2d32e-dd25-45df-8070-f9dc56ccf0a7:192.168.34.62:41633, cbde3520-0cea-4357-bb04-1a0ae64b2bb1:192.168.34.62:41642, 443b071d-6096-48d6-bfe7-498b7c8032c0:192.168.34.62:46516], old=null
2019-10-17 07:41:41,844 [cbde3520-0cea-4357-bb04-1a0ae64b2bb1@group-7EB39FB5DF22-LeaderElection103] INFO  impl.RaftServerImpl (RaftServerImpl.java:setRole(184)) - cbde3520-0cea-4357-bb04-1a0ae64b2bb1@group-7EB39FB5DF22: changes role from CANDIDATE to FOLLOWER at term 98 for DISCOVERED_A_NEW_TERM
2019-10-17 07:41:41,844 [cbde3520-0cea-4357-bb04-1a0ae64b2bb1@group-7EB39FB5DF22-LeaderElection103] INFO  impl.RoleInfo (RoleInfo.java:shutdownLeaderElection(134)) - cbde3520-0cea-4357-bb04-1a0ae64b2bb1: shutdown LeaderElection
2019-10-17 07:41:41,845 [cbde3520-0cea-4357-bb04-1a0ae64b2bb1@group-7EB39FB5DF22-LeaderElection103] INFO  impl.RoleInfo (RoleInfo.java:updateAndGet(143)) - cbde3520-0cea-4357-bb04-1a0ae64b2bb1: start FollowerState
2019-10-17 07:41:41,898 [Thread-896] INFO  impl.FollowerState (FollowerState.java:run(108)) - cbde3520-0cea-4357-bb04-1a0ae64b2bb1@group-7EB39FB5DF22-FollowerState: change to CANDIDATE, lastRpcTime:53ms, electionTimeout:53ms
2019-10-17 07:41:41,898 [Thread-896] INFO  impl.RoleInfo (RoleInfo.java:shutdownFollowerState(121)) - cbde3520-0cea-4357-bb04-1a0ae64b2bb1: shutdown FollowerState
2019-10-17 07:41:41,898 [Thread-896] INFO  impl.RaftServerImpl (RaftServerImpl.java:setRole(184)) - cbde3520-0cea-4357-bb04-1a0ae64b2bb1@group-7EB39FB5DF22: changes role from  FOLLOWER to CANDIDATE at term 98 for changeToCandidate
2019-10-17 07:41:41,899 [Thread-896] INFO  impl.RoleInfo (RoleInfo.java:updateAndGet(143)) - cbde3520-0cea-4357-bb04-1a0ae64b2bb1: start LeaderElection
2019-10-17 07:41:41,922 [cbde3520-0cea-4357-bb04-1a0ae64b2bb1@group-7EB39FB5DF22-LeaderElection104] INFO  impl.LeaderElection (LeaderElection.java:askForVotes(178)) - cbde3520-0cea-4357-bb04-1a0ae64b2bb1@group-7EB39FB5DF22-LeaderElection104: begin an election at term 99 for -1: [40d2d32e-dd25-45df-8070-f9dc56ccf0a7:192.168.34.62:41633, cbde3520-0cea-4357-bb04-1a0ae64b2bb1:192.168.34.62:41642, 443b071d-6096-48d6-bfe7-498b7c8032c0:192.168.34.62:46516], old=null
2019-10-17 07:41:41,925 [grpc-default-executor-4] INFO  impl.RaftServerImpl (RaftServerImpl.java:setRole(184)) - 40d2d32e-dd25-45df-8070-f9dc56ccf0a7@group-7EB39FB5DF22: changes role from  FOLLOWER to FOLLOWER at term 99 for recognizeCandidate:cbde3520-0cea-4357-bb04-1a0ae64b2bb1
2019-10-17 07:41:41,925 [grpc-default-executor-1] INFO  impl.RaftServerImpl (RaftServerImpl.java:setRole(184)) - 443b071d-6096-48d6-bfe7-498b7c8032c0@group-7EB39FB5DF22: changes role from  FOLLOWER to FOLLOWER at term 99 for recognizeCandidate:cbde3520-0cea-4357-bb04-1a0ae64b2bb1
2019-10-17 07:41:41,925 [grpc-default-executor-1] INFO  impl.RoleInfo (RoleInfo.java:shutdownFollowerState(121)) - 443b071d-6096-48d6-bfe7-498b7c8032c0: shutdown FollowerState
2019-10-17 07:41:41,925 [grpc-default-executor-4] INFO  impl.RoleInfo (RoleInfo.java:shutdownFollowerState(121)) - 40d2d32e-dd25-45df-8070-f9dc56ccf0a7: shutdown FollowerState
2019-10-17 07:41:41,926 [Thread-895] INFO  impl.FollowerState (FollowerState.java:run(117)) - 443b071d-6096-48d6-bfe7-498b7c8032c0@group-7EB39FB5DF22-FollowerState was interrupted: java.lang.InterruptedException: sleep interrupted
2019-10-17 07:41:41,926 [grpc-default-executor-1] INFO  impl.RoleInfo (RoleInfo.java:updateAndGet(143)) - 443b071d-6096-48d6-bfe7-498b7c8032c0: start FollowerState
2019-10-17 07:41:41,926 [Thread-894] INFO  impl.FollowerState (FollowerState.java:run(117)) - 40d2d32e-dd25-45df-8070-f9dc56ccf0a7@group-7EB39FB5DF22-FollowerState was interrupted: java.lang.InterruptedException: sleep interrupted
2019-10-17 07:41:41,926 [grpc-default-executor-4] INFO  impl.RoleInfo (RoleInfo.java:updateAndGet(143)) - 40d2d32e-dd25-45df-8070-f9dc56ccf0a7: start FollowerState
2019-10-17 07:41:41,951 [cbde3520-0cea-4357-bb04-1a0ae64b2bb1@group-7EB39FB5DF22-LeaderElection104] INFO  impl.LeaderElection (LeaderElection.java:logAndReturn(56)) - cbde3520-0cea-4357-bb04-1a0ae64b2bb1@group-7EB39FB5DF22-LeaderElection104: Election REJECTED; received 2 response(s) [cbde3520-0cea-4357-bb04-1a0ae64b2bb1<-40d2d32e-dd25-45df-8070-f9dc56ccf0a7#0:FAIL-t99, cbde3520-0cea-4357-bb04-1a0ae64b2bb1<-443b071d-6096-48d6-bfe7-498b7c8032c0#0:FAIL-t99] and 0 exception(s); cbde3520-0cea-4357-bb04-1a0ae64b2bb1@group-7EB39FB5DF22:t99, leader=null, voted=cbde3520-0cea-4357-bb04-1a0ae64b2bb1, raftlog=cbde3520-0cea-4357-bb04-1a0ae64b2bb1@group-7EB39FB5DF22-SegmentedRaftLog:OPENED:c-1,f-1,i0, conf=-1: [40d2d32e-dd25-45df-8070-f9dc56ccf0a7:192.168.34.62:41633, cbde3520-0cea-4357-bb04-1a0ae64b2bb1:192.168.34.62:41642, 443b071d-6096-48d6-bfe7-498b7c8032c0:192.168.34.62:46516], old=null
2019-10-17 07:41:41,952 [cbde3520-0cea-4357-bb04-1a0ae64b2bb1@group-7EB39FB5DF22-LeaderElection104] INFO  impl.RaftServerImpl (RaftServerImpl.java:setRole(184)) - cbde3520-0cea-4357-bb04-1a0ae64b2bb1@group-7EB39FB5DF22: changes role from CANDIDATE to FOLLOWER at term 99 for DISCOVERED_A_NEW_TERM
2019-10-17 07:41:41,952 [cbde3520-0cea-4357-bb04-1a0ae64b2bb1@group-7EB39FB5DF22-LeaderElection104] INFO  impl.RoleInfo (RoleInfo.java:shutdownLeaderElection(134)) - cbde3520-0cea-4357-bb04-1a0ae64b2bb1: shutdown LeaderElection
2019-10-17 07:41:41,952 [cbde3520-0cea-4357-bb04-1a0ae64b2bb1@group-7EB39FB5DF22-LeaderElection104] INFO  impl.RoleInfo (RoleInfo.java:updateAndGet(143)) - cbde3520-0cea-4357-bb04-1a0ae64b2bb1: start FollowerState
2019-10-17 07:41:42,101 [Thread-902] INFO  impl.FollowerState (FollowerState.java:run(108)) - cbde3520-0cea-4357-bb04-1a0ae64b2bb1@group-7EB39FB5DF22-FollowerState: change to CANDIDATE, lastRpcTime:148ms, electionTimeout:148ms
2019-10-17 07:41:42,101 [Thread-902] INFO  impl.RoleInfo (RoleInfo.java:shutdownFollowerState(121)) - cbde3520-0cea-4357-bb04-1a0ae64b2bb1: shutdown FollowerState
2019-10-17 07:41:42,101 [Thread-902] INFO  impl.RaftServerImpl (RaftServerImpl.java:setRole(184)) - cbde3520-0cea-4357-bb04-1a0ae64b2bb1@group-7EB39FB5DF22: changes role from  FOLLOWER to CANDIDATE at term 99 for changeToCandidate
2019-10-17 07:41:42,101 [Thread-902] INFO  impl.RoleInfo (RoleInfo.java:updateAndGet(143)) - cbde3520-0cea-4357-bb04-1a0ae64b2bb1: start LeaderElection
2019-10-17 07:41:42,125 [cbde3520-0cea-4357-bb04-1a0ae64b2bb1@group-7EB39FB5DF22-LeaderElection105] INFO  impl.LeaderElection (LeaderElection.java:askForVotes(178)) - cbde3520-0cea-4357-bb04-1a0ae64b2bb1@group-7EB39FB5DF22-LeaderElection105: begin an election at term 100 for -1: [40d2d32e-dd25-45df-8070-f9dc56ccf0a7:192.168.34.62:41633, cbde3520-0cea-4357-bb04-1a0ae64b2bb1:192.168.34.62:41642, 443b071d-6096-48d6-bfe7-498b7c8032c0:192.168.34.62:46516], old=null
2019-10-17 07:41:42,128 [grpc-default-executor-4] INFO  impl.RaftServerImpl (RaftServerImpl.java:setRole(184)) - 40d2d32e-dd25-45df-8070-f9dc56ccf0a7@group-7EB39FB5DF22: changes role from  FOLLOWER to FOLLOWER at term 100 for recognizeCandidate:cbde3520-0cea-4357-bb04-1a0ae64b2bb1
2019-10-17 07:41:42,128 [grpc-default-executor-4] INFO  impl.RoleInfo (RoleInfo.java:shutdownFollowerState(121)) - 40d2d32e-dd25-45df-8070-f9dc56ccf0a7: shutdown FollowerState
2019-10-17 07:41:42,128 [grpc-default-executor-1] INFO  impl.RaftServerImpl (RaftServerImpl.java:setRole(184)) - 443b071d-6096-48d6-bfe7-498b7c8032c0@group-7EB39FB5DF22: changes role from  FOLLOWER to FOLLOWER at term 100 for recognizeCandidate:cbde3520-0cea-4357-bb04-1a0ae64b2bb1
2019-10-17 07:41:42,128 [grpc-default-executor-1] INFO  impl.RoleInfo (RoleInfo.java:shutdownFollowerState(121)) - 443b071d-6096-48d6-bfe7-498b7c8032c0: shutdown FollowerState
2019-10-17 07:41:42,128 [Thread-901] INFO  impl.FollowerState (FollowerState.java:run(117)) - 40d2d32e-dd25-45df-8070-f9dc56ccf0a7@group-7EB39FB5DF22-FollowerState was interrupted: java.lang.InterruptedException: sleep interrupted
2019-10-17 07:41:42,128 [grpc-default-executor-4] INFO  impl.RoleInfo (RoleInfo.java:updateAndGet(143)) - 40d2d32e-dd25-45df-8070-f9dc56ccf0a7: start FollowerState
2019-10-17 07:41:42,129 [Thread-900] INFO  impl.FollowerState (FollowerState.java:run(117)) - 443b071d-6096-48d6-bfe7-498b7c8032c0@group-7EB39FB5DF22-FollowerState was interrupted: java.lang.InterruptedException: sleep interrupted
2019-10-17 07:41:42,129 [grpc-default-executor-1] INFO  impl.RoleInfo (RoleInfo.java:updateAndGet(143)) - 443b071d-6096-48d6-bfe7-498b7c8032c0: start FollowerState
2019-10-17 07:41:42,154 [cbde3520-0cea-4357-bb04-1a0ae64b2bb1@group-7EB39FB5DF22-LeaderElection105] INFO  impl.LeaderElection (LeaderElection.java:logAndReturn(56)) - cbde3520-0cea-4357-bb04-1a0ae64b2bb1@group-7EB39FB5DF22-LeaderElection105: Election REJECTED; received 2 response(s) [cbde3520-0cea-4357-bb04-1a0ae64b2bb1<-40d2d32e-dd25-45df-8070-f9dc56ccf0a7#0:FAIL-t100, cbde3520-0cea-4357-bb04-1a0ae64b2bb1<-443b071d-6096-48d6-bfe7-498b7c8032c0#0:FAIL-t100] and 0 exception(s); cbde3520-0cea-4357-bb04-1a0ae64b2bb1@group-7EB39FB5DF22:t100, leader=null, voted=cbde3520-0cea-4357-bb04-1a0ae64b2bb1, raftlog=cbde3520-0cea-4357-bb04-1a0ae64b2bb1@group-7EB39FB5DF22-SegmentedRaftLog:OPENED:c-1,f-1,i0, conf=-1: [40d2d32e-dd25-45df-8070-f9dc56ccf0a7:192.168.34.62:41633, cbde3520-0cea-4357-bb04-1a0ae64b2bb1:192.168.34.62:41642, 443b071d-6096-48d6-bfe7-498b7c8032c0:192.168.34.62:46516], old=null
2019-10-17 07:41:42,154 [cbde3520-0cea-4357-bb04-1a0ae64b2bb1@group-7EB39FB5DF22-LeaderElection105] INFO  impl.RaftServerImpl (RaftServerImpl.java:setRole(184)) - cbde3520-0cea-4357-bb04-1a0ae64b2bb1@group-7EB39FB5DF22: changes role from CANDIDATE to FOLLOWER at term 100 for DISCOVERED_A_NEW_TERM
2019-10-17 07:41:42,155 [cbde3520-0cea-4357-bb04-1a0ae64b2bb1@group-7EB39FB5DF22-LeaderElection105] INFO  impl.RoleInfo (RoleInfo.java:shutdownLeaderElection(134)) - cbde3520-0cea-4357-bb04-1a0ae64b2bb1: shutdown LeaderElection
2019-10-17 07:41:42,155 [cbde3520-0cea-4357-bb04-1a0ae64b2bb1@group-7EB39FB5DF22-LeaderElection105] INFO  impl.RoleInfo (RoleInfo.java:updateAndGet(143)) - cbde3520-0cea-4357-bb04-1a0ae64b2bb1: start FollowerState
2019-10-17 07:41:42,208 [main] INFO  ozone.MiniOzoneClusterImpl (MiniOzoneClusterImpl.java:lambda$waitForClusterToBeReady$2(164)) - Waiting for 1 number of pipelines out of 5, to report a leader.
2019-10-17 07:41:42,293 [Thread-908] INFO  impl.FollowerState (FollowerState.java:run(108)) - cbde3520-0cea-4357-bb04-1a0ae64b2bb1@group-7EB39FB5DF22-FollowerState: change to CANDIDATE, lastRpcTime:138ms, electionTimeout:138ms
2019-10-17 07:41:42,294 [Thread-908] INFO  impl.RoleInfo (RoleInfo.java:shutdownFollowerState(121)) - cbde3520-0cea-4357-bb04-1a0ae64b2bb1: shutdown FollowerState
2019-10-17 07:41:42,294 [Thread-908] INFO  impl.RaftServerImpl (RaftServerImpl.java:setRole(184)) - cbde3520-0cea-4357-bb04-1a0ae64b2bb1@group-7EB39FB5DF22: changes role from  FOLLOWER to CANDIDATE at term 100 for changeToCandidate
2019-10-17 07:41:42,294 [Thread-908] INFO  impl.RoleInfo (RoleInfo.java:updateAndGet(143)) - cbde3520-0cea-4357-bb04-1a0ae64b2bb1: start LeaderElection
2019-10-17 07:41:42,329 [cbde3520-0cea-4357-bb04-1a0ae64b2bb1@group-7EB39FB5DF22-LeaderElection106] INFO  impl.LeaderElection (LeaderElection.java:askForVotes(178)) - cbde3520-0cea-4357-bb04-1a0ae64b2bb1@group-7EB39FB5DF22-LeaderElection106: begin an election at term 101 for -1: [40d2d32e-dd25-45df-8070-f9dc56ccf0a7:192.168.34.62:41633, cbde3520-0cea-4357-bb04-1a0ae64b2bb1:192.168.34.62:41642, 443b071d-6096-48d6-bfe7-498b7c8032c0:192.168.34.62:46516], old=null
2019-10-17 07:41:42,332 [grpc-default-executor-4] INFO  impl.RaftServerImpl (RaftServerImpl.java:setRole(184)) - 40d2d32e-dd25-45df-8070-f9dc56ccf0a7@group-7EB39FB5DF22: changes role from  FOLLOWER to FOLLOWER at term 101 for recognizeCandidate:cbde3520-0cea-4357-bb04-1a0ae64b2bb1
2019-10-17 07:41:42,332 [grpc-default-executor-4] INFO  impl.RoleInfo (RoleInfo.java:shutdownFollowerState(121)) - 40d2d32e-dd25-45df-8070-f9dc56ccf0a7: shutdown FollowerState
2019-10-17 07:41:42,332 [grpc-default-executor-1] INFO  impl.RaftServerImpl (RaftServerImpl.java:setRole(184)) - 443b071d-6096-48d6-bfe7-498b7c8032c0@group-7EB39FB5DF22: changes role from  FOLLOWER to FOLLOWER at term 101 for recognizeCandidate:cbde3520-0cea-4357-bb04-1a0ae64b2bb1
2019-10-17 07:41:42,333 [grpc-default-executor-1] INFO  impl.RoleInfo (RoleInfo.java:shutdownFollowerState(121)) - 443b071d-6096-48d6-bfe7-498b7c8032c0: shutdown FollowerState
2019-10-17 07:41:42,333 [Thread-906] INFO  impl.FollowerState (FollowerState.java:run(117)) - 40d2d32e-dd25-45df-8070-f9dc56ccf0a7@group-7EB39FB5DF22-FollowerState was interrupted: java.lang.InterruptedException: sleep interrupted
2019-10-17 07:41:42,332 [grpc-default-executor-4] INFO  impl.RoleInfo (RoleInfo.java:updateAndGet(143)) - 40d2d32e-dd25-45df-8070-f9dc56ccf0a7: start FollowerState
2019-10-17 07:41:42,333 [Thread-907] INFO  impl.FollowerState (FollowerState.java:run(117)) - 443b071d-6096-48d6-bfe7-498b7c8032c0@group-7EB39FB5DF22-FollowerState was interrupted: java.lang.InterruptedException: sleep interrupted
2019-10-17 07:41:42,333 [grpc-default-executor-1] INFO  impl.RoleInfo (RoleInfo.java:updateAndGet(143)) - 443b071d-6096-48d6-bfe7-498b7c8032c0: start FollowerState
2019-10-17 07:41:42,348 [cbde3520-0cea-4357-bb04-1a0ae64b2bb1@group-7EB39FB5DF22-LeaderElection106] INFO  impl.LeaderElection (LeaderElection.java:logAndReturn(56)) - cbde3520-0cea-4357-bb04-1a0ae64b2bb1@group-7EB39FB5DF22-LeaderElection106: Election REJECTED; received 2 response(s) [cbde3520-0cea-4357-bb04-1a0ae64b2bb1<-40d2d32e-dd25-45df-8070-f9dc56ccf0a7#0:FAIL-t101, cbde3520-0cea-4357-bb04-1a0ae64b2bb1<-443b071d-6096-48d6-bfe7-498b7c8032c0#0:FAIL-t101] and 0 exception(s); cbde3520-0cea-4357-bb04-1a0ae64b2bb1@group-7EB39FB5DF22:t101, leader=null, voted=cbde3520-0cea-4357-bb04-1a0ae64b2bb1, raftlog=cbde3520-0cea-4357-bb04-1a0ae64b2bb1@group-7EB39FB5DF22-SegmentedRaftLog:OPENED:c-1,f-1,i0, conf=-1: [40d2d32e-dd25-45df-8070-f9dc56ccf0a7:192.168.34.62:41633, cbde3520-0cea-4357-bb04-1a0ae64b2bb1:192.168.34.62:41642, 443b071d-6096-48d6-bfe7-498b7c8032c0:192.168.34.62:46516], old=null
2019-10-17 07:41:42,348 [cbde3520-0cea-4357-bb04-1a0ae64b2bb1@group-7EB39FB5DF22-LeaderElection106] INFO  impl.RaftServerImpl (RaftServerImpl.java:setRole(184)) - cbde3520-0cea-4357-bb04-1a0ae64b2bb1@group-7EB39FB5DF22: changes role from CANDIDATE to FOLLOWER at term 101 for DISCOVERED_A_NEW_TERM
2019-10-17 07:41:42,348 [cbde3520-0cea-4357-bb04-1a0ae64b2bb1@group-7EB39FB5DF22-LeaderElection106] INFO  impl.RoleInfo (RoleInfo.java:shutdownLeaderElection(134)) - cbde3520-0cea-4357-bb04-1a0ae64b2bb1: shutdown LeaderElection
2019-10-17 07:41:42,349 [cbde3520-0cea-4357-bb04-1a0ae64b2bb1@group-7EB39FB5DF22-LeaderElection106] INFO  impl.RoleInfo (RoleInfo.java:updateAndGet(143)) - cbde3520-0cea-4357-bb04-1a0ae64b2bb1: start FollowerState
2019-10-17 07:41:42,404 [Thread-914] INFO  impl.FollowerState (FollowerState.java:run(108)) - cbde3520-0cea-4357-bb04-1a0ae64b2bb1@group-7EB39FB5DF22-FollowerState: change to CANDIDATE, lastRpcTime:55ms, electionTimeout:55ms
2019-10-17 07:41:42,404 [Thread-914] INFO  impl.RoleInfo (RoleInfo.java:shutdownFollowerState(121)) - cbde3520-0cea-4357-bb04-1a0ae64b2bb1: shutdown FollowerState
2019-10-17 07:41:42,404 [Thread-914] INFO  impl.RaftServerImpl (RaftServerImpl.java:setRole(184)) - cbde3520-0cea-4357-bb04-1a0ae64b2bb1@group-7EB39FB5DF22: changes role from  FOLLOWER to CANDIDATE at term 101 for changeToCandidate
2019-10-17 07:41:42,405 [Thread-914] INFO  impl.RoleInfo (RoleInfo.java:updateAndGet(143)) - cbde3520-0cea-4357-bb04-1a0ae64b2bb1: start LeaderElection
2019-10-17 07:41:42,429 [cbde3520-0cea-4357-bb04-1a0ae64b2bb1@group-7EB39FB5DF22-LeaderElection107] INFO  impl.LeaderElection (LeaderElection.java:askForVotes(178)) - cbde3520-0cea-4357-bb04-1a0ae64b2bb1@group-7EB39FB5DF22-LeaderElection107: begin an election at term 102 for -1: [40d2d32e-dd25-45df-8070-f9dc56ccf0a7:192.168.34.62:41633, cbde3520-0cea-4357-bb04-1a0ae64b2bb1:192.168.34.62:41642, 443b071d-6096-48d6-bfe7-498b7c8032c0:192.168.34.62:46516], old=null
2019-10-17 07:41:42,431 [grpc-default-executor-4] INFO  impl.RaftServerImpl (RaftServerImpl.java:setRole(184)) - 40d2d32e-dd25-45df-8070-f9dc56ccf0a7@group-7EB39FB5DF22: changes role from  FOLLOWER to FOLLOWER at term 102 for recognizeCandidate:cbde3520-0cea-4357-bb04-1a0ae64b2bb1
2019-10-17 07:41:42,431 [grpc-default-executor-4] INFO  impl.RoleInfo (RoleInfo.java:shutdownFollowerState(121)) - 40d2d32e-dd25-45df-8070-f9dc56ccf0a7: shutdown FollowerState
2019-10-17 07:41:42,432 [grpc-default-executor-4] INFO  impl.RoleInfo (RoleInfo.java:updateAndGet(143)) - 40d2d32e-dd25-45df-8070-f9dc56ccf0a7: start FollowerState
2019-10-17 07:41:42,432 [Thread-912] INFO  impl.FollowerState (FollowerState.java:run(117)) - 40d2d32e-dd25-45df-8070-f9dc56ccf0a7@group-7EB39FB5DF22-FollowerState was interrupted: java.lang.InterruptedException: sleep interrupted
2019-10-17 07:41:42,432 [grpc-default-executor-1] INFO  impl.RaftServerImpl (RaftServerImpl.java:setRole(184)) - 443b071d-6096-48d6-bfe7-498b7c8032c0@group-7EB39FB5DF22: changes role from  FOLLOWER to FOLLOWER at term 102 for recognizeCandidate:cbde3520-0cea-4357-bb04-1a0ae64b2bb1
2019-10-17 07:41:42,432 [grpc-default-executor-1] INFO  impl.RoleInfo (RoleInfo.java:shutdownFollowerState(121)) - 443b071d-6096-48d6-bfe7-498b7c8032c0: shutdown FollowerState
2019-10-17 07:41:42,432 [grpc-default-executor-1] INFO  impl.RoleInfo (RoleInfo.java:updateAndGet(143)) - 443b071d-6096-48d6-bfe7-498b7c8032c0: start FollowerState
2019-10-17 07:41:42,432 [Thread-913] INFO  impl.FollowerState (FollowerState.java:run(117)) - 443b071d-6096-48d6-bfe7-498b7c8032c0@group-7EB39FB5DF22-FollowerState was interrupted: java.lang.InterruptedException: sleep interrupted
2019-10-17 07:41:42,447 [cbde3520-0cea-4357-bb04-1a0ae64b2bb1@group-7EB39FB5DF22-LeaderElection107] INFO  impl.LeaderElection (LeaderElection.java:logAndReturn(56)) - cbde3520-0cea-4357-bb04-1a0ae64b2bb1@group-7EB39FB5DF22-LeaderElection107: Election REJECTED; received 2 response(s) [cbde3520-0cea-4357-bb04-1a0ae64b2bb1<-40d2d32e-dd25-45df-8070-f9dc56ccf0a7#0:FAIL-t102, cbde3520-0cea-4357-bb04-1a0ae64b2bb1<-443b071d-6096-48d6-bfe7-498b7c8032c0#0:FAIL-t102] and 0 exception(s); cbde3520-0cea-4357-bb04-1a0ae64b2bb1@group-7EB39FB5DF22:t102, leader=null, voted=cbde3520-0cea-4357-bb04-1a0ae64b2bb1, raftlog=cbde3520-0cea-4357-bb04-1a0ae64b2bb1@group-7EB39FB5DF22-SegmentedRaftLog:OPENED:c-1,f-1,i0, conf=-1: [40d2d32e-dd25-45df-8070-f9dc56ccf0a7:192.168.34.62:41633, cbde3520-0cea-4357-bb04-1a0ae64b2bb1:192.168.34.62:41642, 443b071d-6096-48d6-bfe7-498b7c8032c0:192.168.34.62:46516], old=null
2019-10-17 07:41:42,448 [cbde3520-0cea-4357-bb04-1a0ae64b2bb1@group-7EB39FB5DF22-LeaderElection107] INFO  impl.RaftServerImpl (RaftServerImpl.java:setRole(184)) - cbde3520-0cea-4357-bb04-1a0ae64b2bb1@group-7EB39FB5DF22: changes role from CANDIDATE to FOLLOWER at term 102 for DISCOVERED_A_NEW_TERM
2019-10-17 07:41:42,448 [cbde3520-0cea-4357-bb04-1a0ae64b2bb1@group-7EB39FB5DF22-LeaderElection107] INFO  impl.RoleInfo (RoleInfo.java:shutdownLeaderElection(134)) - cbde3520-0cea-4357-bb04-1a0ae64b2bb1: shutdown LeaderElection
2019-10-17 07:41:42,448 [cbde3520-0cea-4357-bb04-1a0ae64b2bb1@group-7EB39FB5DF22-LeaderElection107] INFO  impl.RoleInfo (RoleInfo.java:updateAndGet(143)) - cbde3520-0cea-4357-bb04-1a0ae64b2bb1: start FollowerState
2019-10-17 07:41:42,649 [Thread-920] INFO  impl.FollowerState (FollowerState.java:run(108)) - cbde3520-0cea-4357-bb04-1a0ae64b2bb1@group-7EB39FB5DF22-FollowerState: change to CANDIDATE, lastRpcTime:200ms, electionTimeout:200ms
2019-10-17 07:41:42,649 [Thread-920] INFO  impl.RoleInfo (RoleInfo.java:shutdownFollowerState(121)) - cbde3520-0cea-4357-bb04-1a0ae64b2bb1: shutdown FollowerState
2019-10-17 07:41:42,649 [Thread-920] INFO  impl.RaftServerImpl (RaftServerImpl.java:setRole(184)) - cbde3520-0cea-4357-bb04-1a0ae64b2bb1@group-7EB39FB5DF22: changes role from  FOLLOWER to CANDIDATE at term 102 for changeToCandidate
2019-10-17 07:41:42,649 [Thread-920] INFO  impl.RoleInfo (RoleInfo.java:updateAndGet(143)) - cbde3520-0cea-4357-bb04-1a0ae64b2bb1: start LeaderElection
2019-10-17 07:41:42,674 [cbde3520-0cea-4357-bb04-1a0ae64b2bb1@group-7EB39FB5DF22-LeaderElection108] INFO  impl.LeaderElection (LeaderElection.java:askForVotes(178)) - cbde3520-0cea-4357-bb04-1a0ae64b2bb1@group-7EB39FB5DF22-LeaderElection108: begin an election at term 103 for -1: [40d2d32e-dd25-45df-8070-f9dc56ccf0a7:192.168.34.62:41633, cbde3520-0cea-4357-bb04-1a0ae64b2bb1:192.168.34.62:41642, 443b071d-6096-48d6-bfe7-498b7c8032c0:192.168.34.62:46516], old=null
2019-10-17 07:41:42,677 [grpc-default-executor-4] INFO  impl.RaftServerImpl (RaftServerImpl.java:setRole(184)) - 40d2d32e-dd25-45df-8070-f9dc56ccf0a7@group-7EB39FB5DF22: changes role from  FOLLOWER to FOLLOWER at term 103 for recognizeCandidate:cbde3520-0cea-4357-bb04-1a0ae64b2bb1
2019-10-17 07:41:42,678 [grpc-default-executor-4] INFO  impl.RoleInfo (RoleInfo.java:shutdownFollowerState(121)) - 40d2d32e-dd25-45df-8070-f9dc56ccf0a7: shutdown FollowerState
2019-10-17 07:41:42,678 [grpc-default-executor-4] INFO  impl.RoleInfo (RoleInfo.java:updateAndGet(143)) - 40d2d32e-dd25-45df-8070-f9dc56ccf0a7: start FollowerState
2019-10-17 07:41:42,678 [Thread-918] INFO  impl.FollowerState (FollowerState.java:run(117)) - 40d2d32e-dd25-45df-8070-f9dc56ccf0a7@group-7EB39FB5DF22-FollowerState was interrupted: java.lang.InterruptedException: sleep interrupted
2019-10-17 07:41:42,678 [grpc-default-executor-1] INFO  impl.RaftServerImpl (RaftServerImpl.java:setRole(184)) - 443b071d-6096-48d6-bfe7-498b7c8032c0@group-7EB39FB5DF22: changes role from  FOLLOWER to FOLLOWER at term 103 for recognizeCandidate:cbde3520-0cea-4357-bb04-1a0ae64b2bb1
2019-10-17 07:41:42,678 [grpc-default-executor-1] INFO  impl.RoleInfo (RoleInfo.java:shutdownFollowerState(121)) - 443b071d-6096-48d6-bfe7-498b7c8032c0: shutdown FollowerState
2019-10-17 07:41:42,679 [grpc-default-executor-1] INFO  impl.RoleInfo (RoleInfo.java:updateAndGet(143)) - 443b071d-6096-48d6-bfe7-498b7c8032c0: start FollowerState
2019-10-17 07:41:42,679 [Thread-919] INFO  impl.FollowerState (FollowerState.java:run(117)) - 443b071d-6096-48d6-bfe7-498b7c8032c0@group-7EB39FB5DF22-FollowerState was interrupted: java.lang.InterruptedException: sleep interrupted
2019-10-17 07:41:42,711 [cbde3520-0cea-4357-bb04-1a0ae64b2bb1@group-7EB39FB5DF22-LeaderElection108] INFO  impl.LeaderElection (LeaderElection.java:logAndReturn(56)) - cbde3520-0cea-4357-bb04-1a0ae64b2bb1@group-7EB39FB5DF22-LeaderElection108: Election REJECTED; received 2 response(s) [cbde3520-0cea-4357-bb04-1a0ae64b2bb1<-40d2d32e-dd25-45df-8070-f9dc56ccf0a7#0:FAIL-t103, cbde3520-0cea-4357-bb04-1a0ae64b2bb1<-443b071d-6096-48d6-bfe7-498b7c8032c0#0:FAIL-t103] and 0 exception(s); cbde3520-0cea-4357-bb04-1a0ae64b2bb1@group-7EB39FB5DF22:t103, leader=null, voted=cbde3520-0cea-4357-bb04-1a0ae64b2bb1, raftlog=cbde3520-0cea-4357-bb04-1a0ae64b2bb1@group-7EB39FB5DF22-SegmentedRaftLog:OPENED:c-1,f-1,i0, conf=-1: [40d2d32e-dd25-45df-8070-f9dc56ccf0a7:192.168.34.62:41633, cbde3520-0cea-4357-bb04-1a0ae64b2bb1:192.168.34.62:41642, 443b071d-6096-48d6-bfe7-498b7c8032c0:192.168.34.62:46516], old=null
2019-10-17 07:41:42,711 [cbde3520-0cea-4357-bb04-1a0ae64b2bb1@group-7EB39FB5DF22-LeaderElection108] INFO  impl.RaftServerImpl (RaftServerImpl.java:setRole(184)) - cbde3520-0cea-4357-bb04-1a0ae64b2bb1@group-7EB39FB5DF22: changes role from CANDIDATE to FOLLOWER at term 103 for DISCOVERED_A_NEW_TERM
2019-10-17 07:41:42,711 [cbde3520-0cea-4357-bb04-1a0ae64b2bb1@group-7EB39FB5DF22-LeaderElection108] INFO  impl.RoleInfo (RoleInfo.java:shutdownLeaderElection(134)) - cbde3520-0cea-4357-bb04-1a0ae64b2bb1: shutdown LeaderElection
2019-10-17 07:41:42,711 [cbde3520-0cea-4357-bb04-1a0ae64b2bb1@group-7EB39FB5DF22-LeaderElection108] INFO  impl.RoleInfo (RoleInfo.java:updateAndGet(143)) - cbde3520-0cea-4357-bb04-1a0ae64b2bb1: start FollowerState
2019-10-17 07:41:42,848 [Thread-926] INFO  impl.FollowerState (FollowerState.java:run(108)) - cbde3520-0cea-4357-bb04-1a0ae64b2bb1@group-7EB39FB5DF22-FollowerState: change to CANDIDATE, lastRpcTime:136ms, electionTimeout:136ms
2019-10-17 07:41:42,848 [Thread-926] INFO  impl.RoleInfo (RoleInfo.java:shutdownFollowerState(121)) - cbde3520-0cea-4357-bb04-1a0ae64b2bb1: shutdown FollowerState
2019-10-17 07:41:42,848 [Thread-926] INFO  impl.RaftServerImpl (RaftServerImpl.java:setRole(184)) - cbde3520-0cea-4357-bb04-1a0ae64b2bb1@group-7EB39FB5DF22: changes role from  FOLLOWER to CANDIDATE at term 103 for changeToCandidate
2019-10-17 07:41:42,849 [Thread-926] INFO  impl.RoleInfo (RoleInfo.java:updateAndGet(143)) - cbde3520-0cea-4357-bb04-1a0ae64b2bb1: start LeaderElection
2019-10-17 07:41:42,873 [cbde3520-0cea-4357-bb04-1a0ae64b2bb1@group-7EB39FB5DF22-LeaderElection109] INFO  impl.LeaderElection (LeaderElection.java:askForVotes(178)) - cbde3520-0cea-4357-bb04-1a0ae64b2bb1@group-7EB39FB5DF22-LeaderElection109: begin an election at term 104 for -1: [40d2d32e-dd25-45df-8070-f9dc56ccf0a7:192.168.34.62:41633, cbde3520-0cea-4357-bb04-1a0ae64b2bb1:192.168.34.62:41642, 443b071d-6096-48d6-bfe7-498b7c8032c0:192.168.34.62:46516], old=null
2019-10-17 07:41:42,876 [grpc-default-executor-4] INFO  impl.RaftServerImpl (RaftServerImpl.java:setRole(184)) - 443b071d-6096-48d6-bfe7-498b7c8032c0@group-7EB39FB5DF22: changes role from  FOLLOWER to FOLLOWER at term 104 for recognizeCandidate:cbde3520-0cea-4357-bb04-1a0ae64b2bb1
2019-10-17 07:41:42,876 [grpc-default-executor-4] INFO  impl.RoleInfo (RoleInfo.java:shutdownFollowerState(121)) - 443b071d-6096-48d6-bfe7-498b7c8032c0: shutdown FollowerState
2019-10-17 07:41:42,877 [grpc-default-executor-4] INFO  impl.RoleInfo (RoleInfo.java:updateAndGet(143)) - 443b071d-6096-48d6-bfe7-498b7c8032c0: start FollowerState
2019-10-17 07:41:42,877 [Thread-925] INFO  impl.FollowerState (FollowerState.java:run(117)) - 443b071d-6096-48d6-bfe7-498b7c8032c0@group-7EB39FB5DF22-FollowerState was interrupted: java.lang.InterruptedException: sleep interrupted
2019-10-17 07:41:42,877 [grpc-default-executor-1] INFO  impl.RaftServerImpl (RaftServerImpl.java:setRole(184)) - 40d2d32e-dd25-45df-8070-f9dc56ccf0a7@group-7EB39FB5DF22: changes role from  FOLLOWER to FOLLOWER at term 104 for recognizeCandidate:cbde3520-0cea-4357-bb04-1a0ae64b2bb1
2019-10-17 07:41:42,877 [grpc-default-executor-1] INFO  impl.RoleInfo (RoleInfo.java:shutdownFollowerState(121)) - 40d2d32e-dd25-45df-8070-f9dc56ccf0a7: shutdown FollowerState
2019-10-17 07:41:42,877 [grpc-default-executor-1] INFO  impl.RoleInfo (RoleInfo.java:updateAndGet(143)) - 40d2d32e-dd25-45df-8070-f9dc56ccf0a7: start FollowerState
2019-10-17 07:41:42,877 [Thread-924] INFO  impl.FollowerState (FollowerState.java:run(117)) - 40d2d32e-dd25-45df-8070-f9dc56ccf0a7@group-7EB39FB5DF22-FollowerState was interrupted: java.lang.InterruptedException: sleep interrupted
2019-10-17 07:41:42,892 [cbde3520-0cea-4357-bb04-1a0ae64b2bb1@group-7EB39FB5DF22-LeaderElection109] INFO  impl.LeaderElection (LeaderElection.java:logAndReturn(56)) - cbde3520-0cea-4357-bb04-1a0ae64b2bb1@group-7EB39FB5DF22-LeaderElection109: Election REJECTED; received 2 response(s) [cbde3520-0cea-4357-bb04-1a0ae64b2bb1<-40d2d32e-dd25-45df-8070-f9dc56ccf0a7#0:FAIL-t104, cbde3520-0cea-4357-bb04-1a0ae64b2bb1<-443b071d-6096-48d6-bfe7-498b7c8032c0#0:FAIL-t104] and 0 exception(s); cbde3520-0cea-4357-bb04-1a0ae64b2bb1@group-7EB39FB5DF22:t104, leader=null, voted=cbde3520-0cea-4357-bb04-1a0ae64b2bb1, raftlog=cbde3520-0cea-4357-bb04-1a0ae64b2bb1@group-7EB39FB5DF22-SegmentedRaftLog:OPENED:c-1,f-1,i0, conf=-1: [40d2d32e-dd25-45df-8070-f9dc56ccf0a7:192.168.34.62:41633, cbde3520-0cea-4357-bb04-1a0ae64b2bb1:192.168.34.62:41642, 443b071d-6096-48d6-bfe7-498b7c8032c0:192.168.34.62:46516], old=null
2019-10-17 07:41:42,892 [cbde3520-0cea-4357-bb04-1a0ae64b2bb1@group-7EB39FB5DF22-LeaderElection109] INFO  impl.RaftServerImpl (RaftServerImpl.java:setRole(184)) - cbde3520-0cea-4357-bb04-1a0ae64b2bb1@group-7EB39FB5DF22: changes role from CANDIDATE to FOLLOWER at term 104 for DISCOVERED_A_NEW_TERM
2019-10-17 07:41:42,892 [cbde3520-0cea-4357-bb04-1a0ae64b2bb1@group-7EB39FB5DF22-LeaderElection109] INFO  impl.RoleInfo (RoleInfo.java:shutdownLeaderElection(134)) - cbde3520-0cea-4357-bb04-1a0ae64b2bb1: shutdown LeaderElection
2019-10-17 07:41:42,892 [cbde3520-0cea-4357-bb04-1a0ae64b2bb1@group-7EB39FB5DF22-LeaderElection109] INFO  impl.RoleInfo (RoleInfo.java:updateAndGet(143)) - cbde3520-0cea-4357-bb04-1a0ae64b2bb1: start FollowerState
2019-10-17 07:41:43,063 [Thread-932] INFO  impl.FollowerState (FollowerState.java:run(108)) - cbde3520-0cea-4357-bb04-1a0ae64b2bb1@group-7EB39FB5DF22-FollowerState: change to CANDIDATE, lastRpcTime:170ms, electionTimeout:170ms
2019-10-17 07:41:43,063 [Thread-932] INFO  impl.RoleInfo (RoleInfo.java:shutdownFollowerState(121)) - cbde3520-0cea-4357-bb04-1a0ae64b2bb1: shutdown FollowerState
2019-10-17 07:41:43,063 [Thread-932] INFO  impl.RaftServerImpl (RaftServerImpl.java:setRole(184)) - cbde3520-0cea-4357-bb04-1a0ae64b2bb1@group-7EB39FB5DF22: changes role from  FOLLOWER to CANDIDATE at term 104 for changeToCandidate
2019-10-17 07:41:43,064 [Thread-932] INFO  impl.RoleInfo (RoleInfo.java:updateAndGet(143)) - cbde3520-0cea-4357-bb04-1a0ae64b2bb1: start LeaderElection
2019-10-17 07:41:43,090 [cbde3520-0cea-4357-bb04-1a0ae64b2bb1@group-7EB39FB5DF22-LeaderElection110] INFO  impl.LeaderElection (LeaderElection.java:askForVotes(178)) - cbde3520-0cea-4357-bb04-1a0ae64b2bb1@group-7EB39FB5DF22-LeaderElection110: begin an election at term 105 for -1: [40d2d32e-dd25-45df-8070-f9dc56ccf0a7:192.168.34.62:41633, cbde3520-0cea-4357-bb04-1a0ae64b2bb1:192.168.34.62:41642, 443b071d-6096-48d6-bfe7-498b7c8032c0:192.168.34.62:46516], old=null
2019-10-17 07:41:43,093 [grpc-default-executor-4] INFO  impl.RaftServerImpl (RaftServerImpl.java:setRole(184)) - 40d2d32e-dd25-45df-8070-f9dc56ccf0a7@group-7EB39FB5DF22: changes role from  FOLLOWER to FOLLOWER at term 105 for recognizeCandidate:cbde3520-0cea-4357-bb04-1a0ae64b2bb1
2019-10-17 07:41:43,094 [grpc-default-executor-4] INFO  impl.RoleInfo (RoleInfo.java:shutdownFollowerState(121)) - 40d2d32e-dd25-45df-8070-f9dc56ccf0a7: shutdown FollowerState
2019-10-17 07:41:43,094 [grpc-default-executor-1] INFO  impl.RaftServerImpl (RaftServerImpl.java:setRole(184)) - 443b071d-6096-48d6-bfe7-498b7c8032c0@group-7EB39FB5DF22: changes role from  FOLLOWER to FOLLOWER at term 105 for recognizeCandidate:cbde3520-0cea-4357-bb04-1a0ae64b2bb1
2019-10-17 07:41:43,094 [Thread-931] INFO  impl.FollowerState (FollowerState.java:run(117)) - 40d2d32e-dd25-45df-8070-f9dc56ccf0a7@group-7EB39FB5DF22-FollowerState was interrupted: java.lang.InterruptedException: sleep interrupted
2019-10-17 07:41:43,094 [grpc-default-executor-4] INFO  impl.RoleInfo (RoleInfo.java:updateAndGet(143)) - 40d2d32e-dd25-45df-8070-f9dc56ccf0a7: start FollowerState
2019-10-17 07:41:43,094 [grpc-default-executor-1] INFO  impl.RoleInfo (RoleInfo.java:shutdownFollowerState(121)) - 443b071d-6096-48d6-bfe7-498b7c8032c0: shutdown FollowerState
2019-10-17 07:41:43,095 [grpc-default-executor-1] INFO  impl.RoleInfo (RoleInfo.java:updateAndGet(143)) - 443b071d-6096-48d6-bfe7-498b7c8032c0: start FollowerState
2019-10-17 07:41:43,095 [Thread-930] INFO  impl.FollowerState (FollowerState.java:run(117)) - 443b071d-6096-48d6-bfe7-498b7c8032c0@group-7EB39FB5DF22-FollowerState was interrupted: java.lang.InterruptedException: sleep interrupted
2019-10-17 07:41:43,120 [cbde3520-0cea-4357-bb04-1a0ae64b2bb1@group-7EB39FB5DF22-LeaderElection110] INFO  impl.LeaderElection (LeaderElection.java:logAndReturn(56)) - cbde3520-0cea-4357-bb04-1a0ae64b2bb1@group-7EB39FB5DF22-LeaderElection110: Election REJECTED; received 2 response(s) [cbde3520-0cea-4357-bb04-1a0ae64b2bb1<-40d2d32e-dd25-45df-8070-f9dc56ccf0a7#0:FAIL-t105, cbde3520-0cea-4357-bb04-1a0ae64b2bb1<-443b071d-6096-48d6-bfe7-498b7c8032c0#0:FAIL-t105] and 0 exception(s); cbde3520-0cea-4357-bb04-1a0ae64b2bb1@group-7EB39FB5DF22:t105, leader=null, voted=cbde3520-0cea-4357-bb04-1a0ae64b2bb1, raftlog=cbde3520-0cea-4357-bb04-1a0ae64b2bb1@group-7EB39FB5DF22-SegmentedRaftLog:OPENED:c-1,f-1,i0, conf=-1: [40d2d32e-dd25-45df-8070-f9dc56ccf0a7:192.168.34.62:41633, cbde3520-0cea-4357-bb04-1a0ae64b2bb1:192.168.34.62:41642, 443b071d-6096-48d6-bfe7-498b7c8032c0:192.168.34.62:46516], old=null
2019-10-17 07:41:43,120 [cbde3520-0cea-4357-bb04-1a0ae64b2bb1@group-7EB39FB5DF22-LeaderElection110] INFO  impl.RaftServerImpl (RaftServerImpl.java:setRole(184)) - cbde3520-0cea-4357-bb04-1a0ae64b2bb1@group-7EB39FB5DF22: changes role from CANDIDATE to FOLLOWER at term 105 for DISCOVERED_A_NEW_TERM
2019-10-17 07:41:43,120 [cbde3520-0cea-4357-bb04-1a0ae64b2bb1@group-7EB39FB5DF22-LeaderElection110] INFO  impl.RoleInfo (RoleInfo.java:shutdownLeaderElection(134)) - cbde3520-0cea-4357-bb04-1a0ae64b2bb1: shutdown LeaderElection
2019-10-17 07:41:43,120 [cbde3520-0cea-4357-bb04-1a0ae64b2bb1@group-7EB39FB5DF22-LeaderElection110] INFO  impl.RoleInfo (RoleInfo.java:updateAndGet(143)) - cbde3520-0cea-4357-bb04-1a0ae64b2bb1: start FollowerState
2019-10-17 07:41:43,138 [Thread-938] INFO  impl.FollowerState (FollowerState.java:run(108)) - cbde3520-0cea-4357-bb04-1a0ae64b2bb1@group-7EB39FB5DF22-FollowerState: change to CANDIDATE, lastRpcTime:17ms, electionTimeout:17ms
2019-10-17 07:41:43,138 [Thread-938] INFO  impl.RoleInfo (RoleInfo.java:shutdownFollowerState(121)) - cbde3520-0cea-4357-bb04-1a0ae64b2bb1: shutdown FollowerState
2019-10-17 07:41:43,138 [Thread-938] INFO  impl.RaftServerImpl (RaftServerImpl.java:setRole(184)) - cbde3520-0cea-4357-bb04-1a0ae64b2bb1@group-7EB39FB5DF22: changes role from  FOLLOWER to CANDIDATE at term 105 for changeToCandidate
2019-10-17 07:41:43,138 [Thread-938] INFO  impl.RoleInfo (RoleInfo.java:updateAndGet(143)) - cbde3520-0cea-4357-bb04-1a0ae64b2bb1: start LeaderElection
2019-10-17 07:41:43,162 [cbde3520-0cea-4357-bb04-1a0ae64b2bb1@group-7EB39FB5DF22-LeaderElection111] INFO  impl.LeaderElection (LeaderElection.java:askForVotes(178)) - cbde3520-0cea-4357-bb04-1a0ae64b2bb1@group-7EB39FB5DF22-LeaderElection111: begin an election at term 106 for -1: [40d2d32e-dd25-45df-8070-f9dc56ccf0a7:192.168.34.62:41633, cbde3520-0cea-4357-bb04-1a0ae64b2bb1:192.168.34.62:41642, 443b071d-6096-48d6-bfe7-498b7c8032c0:192.168.34.62:46516], old=null
2019-10-17 07:41:43,166 [grpc-default-executor-4] INFO  impl.RaftServerImpl (RaftServerImpl.java:setRole(184)) - 40d2d32e-dd25-45df-8070-f9dc56ccf0a7@group-7EB39FB5DF22: changes role from  FOLLOWER to FOLLOWER at term 106 for recognizeCandidate:cbde3520-0cea-4357-bb04-1a0ae64b2bb1
2019-10-17 07:41:43,166 [grpc-default-executor-4] INFO  impl.RoleInfo (RoleInfo.java:shutdownFollowerState(121)) - 40d2d32e-dd25-45df-8070-f9dc56ccf0a7: shutdown FollowerState
2019-10-17 07:41:43,166 [grpc-default-executor-1] INFO  impl.RaftServerImpl (RaftServerImpl.java:setRole(184)) - 443b071d-6096-48d6-bfe7-498b7c8032c0@group-7EB39FB5DF22: changes role from  FOLLOWER to FOLLOWER at term 106 for recognizeCandidate:cbde3520-0cea-4357-bb04-1a0ae64b2bb1
2019-10-17 07:41:43,166 [Thread-936] INFO  impl.FollowerState (FollowerState.java:run(117)) - 40d2d32e-dd25-45df-8070-f9dc56ccf0a7@group-7EB39FB5DF22-FollowerState was interrupted: java.lang.InterruptedException: sleep interrupted
2019-10-17 07:41:43,166 [grpc-default-executor-4] INFO  impl.RoleInfo (RoleInfo.java:updateAndGet(143)) - 40d2d32e-dd25-45df-8070-f9dc56ccf0a7: start FollowerState
2019-10-17 07:41:43,166 [grpc-default-executor-1] INFO  impl.RoleInfo (RoleInfo.java:shutdownFollowerState(121)) - 443b071d-6096-48d6-bfe7-498b7c8032c0: shutdown FollowerState
2019-10-17 07:41:43,167 [grpc-default-executor-1] INFO  impl.RoleInfo (RoleInfo.java:updateAndGet(143)) - 443b071d-6096-48d6-bfe7-498b7c8032c0: start FollowerState
2019-10-17 07:41:43,167 [Thread-937] INFO  impl.FollowerState (FollowerState.java:run(117)) - 443b071d-6096-48d6-bfe7-498b7c8032c0@group-7EB39FB5DF22-FollowerState was interrupted: java.lang.InterruptedException: sleep interrupted
2019-10-17 07:41:43,192 [cbde3520-0cea-4357-bb04-1a0ae64b2bb1@group-7EB39FB5DF22-LeaderElection111] INFO  impl.LeaderElection (LeaderElection.java:logAndReturn(56)) - cbde3520-0cea-4357-bb04-1a0ae64b2bb1@group-7EB39FB5DF22-LeaderElection111: Election REJECTED; received 2 response(s) [cbde3520-0cea-4357-bb04-1a0ae64b2bb1<-40d2d32e-dd25-45df-8070-f9dc56ccf0a7#0:FAIL-t106, cbde3520-0cea-4357-bb04-1a0ae64b2bb1<-443b071d-6096-48d6-bfe7-498b7c8032c0#0:FAIL-t106] and 0 exception(s); cbde3520-0cea-4357-bb04-1a0ae64b2bb1@group-7EB39FB5DF22:t106, leader=null, voted=cbde3520-0cea-4357-bb04-1a0ae64b2bb1, raftlog=cbde3520-0cea-4357-bb04-1a0ae64b2bb1@group-7EB39FB5DF22-SegmentedRaftLog:OPENED:c-1,f-1,i0, conf=-1: [40d2d32e-dd25-45df-8070-f9dc56ccf0a7:192.168.34.62:41633, cbde3520-0cea-4357-bb04-1a0ae64b2bb1:192.168.34.62:41642, 443b071d-6096-48d6-bfe7-498b7c8032c0:192.168.34.62:46516], old=null
2019-10-17 07:41:43,192 [cbde3520-0cea-4357-bb04-1a0ae64b2bb1@group-7EB39FB5DF22-LeaderElection111] INFO  impl.RaftServerImpl (RaftServerImpl.java:setRole(184)) - cbde3520-0cea-4357-bb04-1a0ae64b2bb1@group-7EB39FB5DF22: changes role from CANDIDATE to FOLLOWER at term 106 for DISCOVERED_A_NEW_TERM
2019-10-17 07:41:43,192 [cbde3520-0cea-4357-bb04-1a0ae64b2bb1@group-7EB39FB5DF22-LeaderElection111] INFO  impl.RoleInfo (RoleInfo.java:shutdownLeaderElection(134)) - cbde3520-0cea-4357-bb04-1a0ae64b2bb1: shutdown LeaderElection
2019-10-17 07:41:43,193 [cbde3520-0cea-4357-bb04-1a0ae64b2bb1@group-7EB39FB5DF22-LeaderElection111] INFO  impl.RoleInfo (RoleInfo.java:updateAndGet(143)) - cbde3520-0cea-4357-bb04-1a0ae64b2bb1: start FollowerState
2019-10-17 07:41:43,194 [Thread-944] INFO  impl.FollowerState (FollowerState.java:run(108)) - cbde3520-0cea-4357-bb04-1a0ae64b2bb1@group-7EB39FB5DF22-FollowerState: change to CANDIDATE, lastRpcTime:1ms, electionTimeout:1ms
2019-10-17 07:41:43,194 [Thread-944] INFO  impl.RoleInfo (RoleInfo.java:shutdownFollowerState(121)) - cbde3520-0cea-4357-bb04-1a0ae64b2bb1: shutdown FollowerState
2019-10-17 07:41:43,194 [Thread-944] INFO  impl.RaftServerImpl (RaftServerImpl.java:setRole(184)) - cbde3520-0cea-4357-bb04-1a0ae64b2bb1@group-7EB39FB5DF22: changes role from  FOLLOWER to CANDIDATE at term 106 for changeToCandidate
2019-10-17 07:41:43,194 [Thread-944] INFO  impl.RoleInfo (RoleInfo.java:updateAndGet(143)) - cbde3520-0cea-4357-bb04-1a0ae64b2bb1: start LeaderElection
2019-10-17 07:41:43,208 [cbde3520-0cea-4357-bb04-1a0ae64b2bb1@group-7EB39FB5DF22-LeaderElection112] INFO  impl.LeaderElection (LeaderElection.java:askForVotes(178)) - cbde3520-0cea-4357-bb04-1a0ae64b2bb1@group-7EB39FB5DF22-LeaderElection112: begin an election at term 107 for -1: [40d2d32e-dd25-45df-8070-f9dc56ccf0a7:192.168.34.62:41633, cbde3520-0cea-4357-bb04-1a0ae64b2bb1:192.168.34.62:41642, 443b071d-6096-48d6-bfe7-498b7c8032c0:192.168.34.62:46516], old=null
2019-10-17 07:41:43,209 [main] INFO  ozone.MiniOzoneClusterImpl (MiniOzoneClusterImpl.java:lambda$waitForClusterToBeReady$2(164)) - Waiting for 1 number of pipelines out of 5, to report a leader.
2019-10-17 07:41:43,210 [grpc-default-executor-1] INFO  impl.RaftServerImpl (RaftServerImpl.java:setRole(184)) - 40d2d32e-dd25-45df-8070-f9dc56ccf0a7@group-7EB39FB5DF22: changes role from  FOLLOWER to FOLLOWER at term 107 for recognizeCandidate:cbde3520-0cea-4357-bb04-1a0ae64b2bb1
2019-10-17 07:41:43,211 [grpc-default-executor-1] INFO  impl.RoleInfo (RoleInfo.java:shutdownFollowerState(121)) - 40d2d32e-dd25-45df-8070-f9dc56ccf0a7: shutdown FollowerState
2019-10-17 07:41:43,211 [grpc-default-executor-4] INFO  impl.RaftServerImpl (RaftServerImpl.java:setRole(184)) - 443b071d-6096-48d6-bfe7-498b7c8032c0@group-7EB39FB5DF22: changes role from  FOLLOWER to FOLLOWER at term 107 for recognizeCandidate:cbde3520-0cea-4357-bb04-1a0ae64b2bb1
2019-10-17 07:41:43,211 [grpc-default-executor-4] INFO  impl.RoleInfo (RoleInfo.java:shutdownFollowerState(121)) - 443b071d-6096-48d6-bfe7-498b7c8032c0: shutdown FollowerState
2019-10-17 07:41:43,211 [Thread-942] INFO  impl.FollowerState (FollowerState.java:run(117)) - 40d2d32e-dd25-45df-8070-f9dc56ccf0a7@group-7EB39FB5DF22-FollowerState was interrupted: java.lang.InterruptedException: sleep interrupted
2019-10-17 07:41:43,211 [Thread-943] INFO  impl.FollowerState (FollowerState.java:run(117)) - 443b071d-6096-48d6-bfe7-498b7c8032c0@group-7EB39FB5DF22-FollowerState was interrupted: java.lang.InterruptedException: sleep interrupted
2019-10-17 07:41:43,211 [grpc-default-executor-1] INFO  impl.RoleInfo (RoleInfo.java:updateAndGet(143)) - 40d2d32e-dd25-45df-8070-f9dc56ccf0a7: start FollowerState
2019-10-17 07:41:43,211 [grpc-default-executor-4] INFO  impl.RoleInfo (RoleInfo.java:updateAndGet(143)) - 443b071d-6096-48d6-bfe7-498b7c8032c0: start FollowerState
2019-10-17 07:41:43,238 [cbde3520-0cea-4357-bb04-1a0ae64b2bb1@group-7EB39FB5DF22-LeaderElection112] INFO  impl.LeaderElection (LeaderElection.java:logAndReturn(56)) - cbde3520-0cea-4357-bb04-1a0ae64b2bb1@group-7EB39FB5DF22-LeaderElection112: Election REJECTED; received 2 response(s) [cbde3520-0cea-4357-bb04-1a0ae64b2bb1<-40d2d32e-dd25-45df-8070-f9dc56ccf0a7#0:FAIL-t107, cbde3520-0cea-4357-bb04-1a0ae64b2bb1<-443b071d-6096-48d6-bfe7-498b7c8032c0#0:FAIL-t107] and 0 exception(s); cbde3520-0cea-4357-bb04-1a0ae64b2bb1@group-7EB39FB5DF22:t107, leader=null, voted=cbde3520-0cea-4357-bb04-1a0ae64b2bb1, raftlog=cbde3520-0cea-4357-bb04-1a0ae64b2bb1@group-7EB39FB5DF22-SegmentedRaftLog:OPENED:c-1,f-1,i0, conf=-1: [40d2d32e-dd25-45df-8070-f9dc56ccf0a7:192.168.34.62:41633, cbde3520-0cea-4357-bb04-1a0ae64b2bb1:192.168.34.62:41642, 443b071d-6096-48d6-bfe7-498b7c8032c0:192.168.34.62:46516], old=null
2019-10-17 07:41:43,238 [cbde3520-0cea-4357-bb04-1a0ae64b2bb1@group-7EB39FB5DF22-LeaderElection112] INFO  impl.RaftServerImpl (RaftServerImpl.java:setRole(184)) - cbde3520-0cea-4357-bb04-1a0ae64b2bb1@group-7EB39FB5DF22: changes role from CANDIDATE to FOLLOWER at term 107 for DISCOVERED_A_NEW_TERM
2019-10-17 07:41:43,238 [cbde3520-0cea-4357-bb04-1a0ae64b2bb1@group-7EB39FB5DF22-LeaderElection112] INFO  impl.RoleInfo (RoleInfo.java:shutdownLeaderElection(134)) - cbde3520-0cea-4357-bb04-1a0ae64b2bb1: shutdown LeaderElection
2019-10-17 07:41:43,238 [cbde3520-0cea-4357-bb04-1a0ae64b2bb1@group-7EB39FB5DF22-LeaderElection112] INFO  impl.RoleInfo (RoleInfo.java:updateAndGet(143)) - cbde3520-0cea-4357-bb04-1a0ae64b2bb1: start FollowerState
2019-10-17 07:41:43,326 [Thread-950] INFO  impl.FollowerState (FollowerState.java:run(108)) - cbde3520-0cea-4357-bb04-1a0ae64b2bb1@group-7EB39FB5DF22-FollowerState: change to CANDIDATE, lastRpcTime:87ms, electionTimeout:87ms
2019-10-17 07:41:43,326 [Thread-950] INFO  impl.RoleInfo (RoleInfo.java:shutdownFollowerState(121)) - cbde3520-0cea-4357-bb04-1a0ae64b2bb1: shutdown FollowerState
2019-10-17 07:41:43,326 [Thread-950] INFO  impl.RaftServerImpl (RaftServerImpl.java:setRole(184)) - cbde3520-0cea-4357-bb04-1a0ae64b2bb1@group-7EB39FB5DF22: changes role from  FOLLOWER to CANDIDATE at term 107 for changeToCandidate
2019-10-17 07:41:43,326 [Thread-950] INFO  impl.RoleInfo (RoleInfo.java:updateAndGet(143)) - cbde3520-0cea-4357-bb04-1a0ae64b2bb1: start LeaderElection
2019-10-17 07:41:43,352 [cbde3520-0cea-4357-bb04-1a0ae64b2bb1@group-7EB39FB5DF22-LeaderElection113] INFO  impl.LeaderElection (LeaderElection.java:askForVotes(178)) - cbde3520-0cea-4357-bb04-1a0ae64b2bb1@group-7EB39FB5DF22-LeaderElection113: begin an election at term 108 for -1: [40d2d32e-dd25-45df-8070-f9dc56ccf0a7:192.168.34.62:41633, cbde3520-0cea-4357-bb04-1a0ae64b2bb1:192.168.34.62:41642, 443b071d-6096-48d6-bfe7-498b7c8032c0:192.168.34.62:46516], old=null
2019-10-17 07:41:43,354 [grpc-default-executor-1] INFO  impl.RaftServerImpl (RaftServerImpl.java:setRole(184)) - 40d2d32e-dd25-45df-8070-f9dc56ccf0a7@group-7EB39FB5DF22: changes role from  FOLLOWER to FOLLOWER at term 108 for recognizeCandidate:cbde3520-0cea-4357-bb04-1a0ae64b2bb1
2019-10-17 07:41:43,355 [grpc-default-executor-1] INFO  impl.RoleInfo (RoleInfo.java:shutdownFollowerState(121)) - 40d2d32e-dd25-45df-8070-f9dc56ccf0a7: shutdown FollowerState
2019-10-17 07:41:43,355 [grpc-default-executor-1] INFO  impl.RoleInfo (RoleInfo.java:updateAndGet(143)) - 40d2d32e-dd25-45df-8070-f9dc56ccf0a7: start FollowerState
2019-10-17 07:41:43,355 [grpc-default-executor-4] INFO  impl.RaftServerImpl (RaftServerImpl.java:setRole(184)) - 443b071d-6096-48d6-bfe7-498b7c8032c0@group-7EB39FB5DF22: changes role from  FOLLOWER to FOLLOWER at term 108 for recognizeCandidate:cbde3520-0cea-4357-bb04-1a0ae64b2bb1
2019-10-17 07:41:43,355 [grpc-default-executor-4] INFO  impl.RoleInfo (RoleInfo.java:shutdownFollowerState(121)) - 443b071d-6096-48d6-bfe7-498b7c8032c0: shutdown FollowerState
2019-10-17 07:41:43,355 [Thread-948] INFO  impl.FollowerState (FollowerState.java:run(117)) - 40d2d32e-dd25-45df-8070-f9dc56ccf0a7@group-7EB39FB5DF22-FollowerState was interrupted: java.lang.InterruptedException: sleep interrupted
2019-10-17 07:41:43,355 [Thread-949] INFO  impl.FollowerState (FollowerState.java:run(117)) - 443b071d-6096-48d6-bfe7-498b7c8032c0@group-7EB39FB5DF22-FollowerState was interrupted: java.lang.InterruptedException: sleep interrupted
2019-10-17 07:41:43,355 [grpc-default-executor-4] INFO  impl.RoleInfo (RoleInfo.java:updateAndGet(143)) - 443b071d-6096-48d6-bfe7-498b7c8032c0: start FollowerState
2019-10-17 07:41:43,377 [cbde3520-0cea-4357-bb04-1a0ae64b2bb1@group-7EB39FB5DF22-LeaderElection113] INFO  impl.LeaderElection (LeaderElection.java:logAndReturn(56)) - cbde3520-0cea-4357-bb04-1a0ae64b2bb1@group-7EB39FB5DF22-LeaderElection113: Election REJECTED; received 2 response(s) [cbde3520-0cea-4357-bb04-1a0ae64b2bb1<-40d2d32e-dd25-45df-8070-f9dc56ccf0a7#0:FAIL-t108, cbde3520-0cea-4357-bb04-1a0ae64b2bb1<-443b071d-6096-48d6-bfe7-498b7c8032c0#0:FAIL-t108] and 0 exception(s); cbde3520-0cea-4357-bb04-1a0ae64b2bb1@group-7EB39FB5DF22:t108, leader=null, voted=cbde3520-0cea-4357-bb04-1a0ae64b2bb1, raftlog=cbde3520-0cea-4357-bb04-1a0ae64b2bb1@group-7EB39FB5DF22-SegmentedRaftLog:OPENED:c-1,f-1,i0, conf=-1: [40d2d32e-dd25-45df-8070-f9dc56ccf0a7:192.168.34.62:41633, cbde3520-0cea-4357-bb04-1a0ae64b2bb1:192.168.34.62:41642, 443b071d-6096-48d6-bfe7-498b7c8032c0:192.168.34.62:46516], old=null
2019-10-17 07:41:43,377 [cbde3520-0cea-4357-bb04-1a0ae64b2bb1@group-7EB39FB5DF22-LeaderElection113] INFO  impl.RaftServerImpl (RaftServerImpl.java:setRole(184)) - cbde3520-0cea-4357-bb04-1a0ae64b2bb1@group-7EB39FB5DF22: changes role from CANDIDATE to FOLLOWER at term 108 for DISCOVERED_A_NEW_TERM
2019-10-17 07:41:43,377 [cbde3520-0cea-4357-bb04-1a0ae64b2bb1@group-7EB39FB5DF22-LeaderElection113] INFO  impl.RoleInfo (RoleInfo.java:shutdownLeaderElection(134)) - cbde3520-0cea-4357-bb04-1a0ae64b2bb1: shutdown LeaderElection
2019-10-17 07:41:43,377 [cbde3520-0cea-4357-bb04-1a0ae64b2bb1@group-7EB39FB5DF22-LeaderElection113] INFO  impl.RoleInfo (RoleInfo.java:updateAndGet(143)) - cbde3520-0cea-4357-bb04-1a0ae64b2bb1: start FollowerState
2019-10-17 07:41:43,497 [Thread-956] INFO  impl.FollowerState (FollowerState.java:run(108)) - cbde3520-0cea-4357-bb04-1a0ae64b2bb1@group-7EB39FB5DF22-FollowerState: change to CANDIDATE, lastRpcTime:119ms, electionTimeout:119ms
2019-10-17 07:41:43,497 [Thread-956] INFO  impl.RoleInfo (RoleInfo.java:shutdownFollowerState(121)) - cbde3520-0cea-4357-bb04-1a0ae64b2bb1: shutdown FollowerState
2019-10-17 07:41:43,497 [Thread-956] INFO  impl.RaftServerImpl (RaftServerImpl.java:setRole(184)) - cbde3520-0cea-4357-bb04-1a0ae64b2bb1@group-7EB39FB5DF22: changes role from  FOLLOWER to CANDIDATE at term 108 for changeToCandidate
2019-10-17 07:41:43,497 [Thread-956] INFO  impl.RoleInfo (RoleInfo.java:updateAndGet(143)) - cbde3520-0cea-4357-bb04-1a0ae64b2bb1: start LeaderElection
2019-10-17 07:41:43,511 [cbde3520-0cea-4357-bb04-1a0ae64b2bb1@group-7EB39FB5DF22-LeaderElection114] INFO  impl.LeaderElection (LeaderElection.java:askForVotes(178)) - cbde3520-0cea-4357-bb04-1a0ae64b2bb1@group-7EB39FB5DF22-LeaderElection114: begin an election at term 109 for -1: [40d2d32e-dd25-45df-8070-f9dc56ccf0a7:192.168.34.62:41633, cbde3520-0cea-4357-bb04-1a0ae64b2bb1:192.168.34.62:41642, 443b071d-6096-48d6-bfe7-498b7c8032c0:192.168.34.62:46516], old=null
2019-10-17 07:41:43,514 [grpc-default-executor-4] INFO  impl.RaftServerImpl (RaftServerImpl.java:setRole(184)) - 40d2d32e-dd25-45df-8070-f9dc56ccf0a7@group-7EB39FB5DF22: changes role from  FOLLOWER to FOLLOWER at term 109 for recognizeCandidate:cbde3520-0cea-4357-bb04-1a0ae64b2bb1
2019-10-17 07:41:43,514 [grpc-default-executor-4] INFO  impl.RoleInfo (RoleInfo.java:shutdownFollowerState(121)) - 40d2d32e-dd25-45df-8070-f9dc56ccf0a7: shutdown FollowerState
2019-10-17 07:41:43,514 [grpc-default-executor-4] INFO  impl.RoleInfo (RoleInfo.java:updateAndGet(143)) - 40d2d32e-dd25-45df-8070-f9dc56ccf0a7: start FollowerState
2019-10-17 07:41:43,514 [grpc-default-executor-1] INFO  impl.RaftServerImpl (RaftServerImpl.java:setRole(184)) - 443b071d-6096-48d6-bfe7-498b7c8032c0@group-7EB39FB5DF22: changes role from  FOLLOWER to FOLLOWER at term 109 for recognizeCandidate:cbde3520-0cea-4357-bb04-1a0ae64b2bb1
2019-10-17 07:41:43,515 [grpc-default-executor-1] INFO  impl.RoleInfo (RoleInfo.java:shutdownFollowerState(121)) - 443b071d-6096-48d6-bfe7-498b7c8032c0: shutdown FollowerState
2019-10-17 07:41:43,514 [Thread-954] INFO  impl.FollowerState (FollowerState.java:run(117)) - 40d2d32e-dd25-45df-8070-f9dc56ccf0a7@group-7EB39FB5DF22-FollowerState was interrupted: java.lang.InterruptedException: sleep interrupted
2019-10-17 07:41:43,515 [Thread-955] INFO  impl.FollowerState (FollowerState.java:run(117)) - 443b071d-6096-48d6-bfe7-498b7c8032c0@group-7EB39FB5DF22-FollowerState was interrupted: java.lang.InterruptedException: sleep interrupted
2019-10-17 07:41:43,515 [grpc-default-executor-1] INFO  impl.RoleInfo (RoleInfo.java:updateAndGet(143)) - 443b071d-6096-48d6-bfe7-498b7c8032c0: start FollowerState
2019-10-17 07:41:43,533 [cbde3520-0cea-4357-bb04-1a0ae64b2bb1@group-7EB39FB5DF22-LeaderElection114] INFO  impl.LeaderElection (LeaderElection.java:logAndReturn(56)) - cbde3520-0cea-4357-bb04-1a0ae64b2bb1@group-7EB39FB5DF22-LeaderElection114: Election TIMEOUT; received 0 response(s) [] and 0 exception(s); cbde3520-0cea-4357-bb04-1a0ae64b2bb1@group-7EB39FB5DF22:t109, leader=null, voted=cbde3520-0cea-4357-bb04-1a0ae64b2bb1, raftlog=cbde3520-0cea-4357-bb04-1a0ae64b2bb1@group-7EB39FB5DF22-SegmentedRaftLog:OPENED:c-1,f-1,i0, conf=-1: [40d2d32e-dd25-45df-8070-f9dc56ccf0a7:192.168.34.62:41633, cbde3520-0cea-4357-bb04-1a0ae64b2bb1:192.168.34.62:41642, 443b071d-6096-48d6-bfe7-498b7c8032c0:192.168.34.62:46516], old=null
2019-10-17 07:41:43,561 [cbde3520-0cea-4357-bb04-1a0ae64b2bb1@group-7EB39FB5DF22-LeaderElection114] INFO  impl.LeaderElection (LeaderElection.java:askForVotes(178)) - cbde3520-0cea-4357-bb04-1a0ae64b2bb1@group-7EB39FB5DF22-LeaderElection114: begin an election at term 110 for -1: [40d2d32e-dd25-45df-8070-f9dc56ccf0a7:192.168.34.62:41633, cbde3520-0cea-4357-bb04-1a0ae64b2bb1:192.168.34.62:41642, 443b071d-6096-48d6-bfe7-498b7c8032c0:192.168.34.62:46516], old=null
2019-10-17 07:41:43,563 [grpc-default-executor-4] INFO  impl.RaftServerImpl (RaftServerImpl.java:setRole(184)) - 40d2d32e-dd25-45df-8070-f9dc56ccf0a7@group-7EB39FB5DF22: changes role from  FOLLOWER to FOLLOWER at term 110 for recognizeCandidate:cbde3520-0cea-4357-bb04-1a0ae64b2bb1
2019-10-17 07:41:43,564 [grpc-default-executor-4] INFO  impl.RoleInfo (RoleInfo.java:shutdownFollowerState(121)) - 40d2d32e-dd25-45df-8070-f9dc56ccf0a7: shutdown FollowerState
2019-10-17 07:41:43,563 [grpc-default-executor-1] INFO  impl.RaftServerImpl (RaftServerImpl.java:setRole(184)) - 443b071d-6096-48d6-bfe7-498b7c8032c0@group-7EB39FB5DF22: changes role from  FOLLOWER to FOLLOWER at term 110 for recognizeCandidate:cbde3520-0cea-4357-bb04-1a0ae64b2bb1
2019-10-17 07:41:43,564 [Thread-960] INFO  impl.FollowerState (FollowerState.java:run(117)) - 40d2d32e-dd25-45df-8070-f9dc56ccf0a7@group-7EB39FB5DF22-FollowerState was interrupted: java.lang.InterruptedException: sleep interrupted
2019-10-17 07:41:43,564 [grpc-default-executor-4] INFO  impl.RoleInfo (RoleInfo.java:updateAndGet(143)) - 40d2d32e-dd25-45df-8070-f9dc56ccf0a7: start FollowerState
2019-10-17 07:41:43,564 [grpc-default-executor-1] INFO  impl.RoleInfo (RoleInfo.java:shutdownFollowerState(121)) - 443b071d-6096-48d6-bfe7-498b7c8032c0: shutdown FollowerState
2019-10-17 07:41:43,564 [grpc-default-executor-1] INFO  impl.RoleInfo (RoleInfo.java:updateAndGet(143)) - 443b071d-6096-48d6-bfe7-498b7c8032c0: start FollowerState
2019-10-17 07:41:43,564 [Thread-961] INFO  impl.FollowerState (FollowerState.java:run(117)) - 443b071d-6096-48d6-bfe7-498b7c8032c0@group-7EB39FB5DF22-FollowerState was interrupted: java.lang.InterruptedException: sleep interrupted
2019-10-17 07:41:43,590 [cbde3520-0cea-4357-bb04-1a0ae64b2bb1@group-7EB39FB5DF22-LeaderElection114] INFO  impl.LeaderElection (LeaderElection.java:logAndReturn(56)) - cbde3520-0cea-4357-bb04-1a0ae64b2bb1@group-7EB39FB5DF22-LeaderElection114: Election REJECTED; received 2 response(s) [cbde3520-0cea-4357-bb04-1a0ae64b2bb1<-40d2d32e-dd25-45df-8070-f9dc56ccf0a7#0:FAIL-t110, cbde3520-0cea-4357-bb04-1a0ae64b2bb1<-443b071d-6096-48d6-bfe7-498b7c8032c0#0:FAIL-t110] and 0 exception(s); cbde3520-0cea-4357-bb04-1a0ae64b2bb1@group-7EB39FB5DF22:t110, leader=null, voted=cbde3520-0cea-4357-bb04-1a0ae64b2bb1, raftlog=cbde3520-0cea-4357-bb04-1a0ae64b2bb1@group-7EB39FB5DF22-SegmentedRaftLog:OPENED:c-1,f-1,i0, conf=-1: [40d2d32e-dd25-45df-8070-f9dc56ccf0a7:192.168.34.62:41633, cbde3520-0cea-4357-bb04-1a0ae64b2bb1:192.168.34.62:41642, 443b071d-6096-48d6-bfe7-498b7c8032c0:192.168.34.62:46516], old=null
2019-10-17 07:41:43,590 [cbde3520-0cea-4357-bb04-1a0ae64b2bb1@group-7EB39FB5DF22-LeaderElection114] INFO  impl.RaftServerImpl (RaftServerImpl.java:setRole(184)) - cbde3520-0cea-4357-bb04-1a0ae64b2bb1@group-7EB39FB5DF22: changes role from CANDIDATE to FOLLOWER at term 110 for DISCOVERED_A_NEW_TERM
2019-10-17 07:41:43,590 [cbde3520-0cea-4357-bb04-1a0ae64b2bb1@group-7EB39FB5DF22-LeaderElection114] INFO  impl.RoleInfo (RoleInfo.java:shutdownLeaderElection(134)) - cbde3520-0cea-4357-bb04-1a0ae64b2bb1: shutdown LeaderElection
2019-10-17 07:41:43,590 [cbde3520-0cea-4357-bb04-1a0ae64b2bb1@group-7EB39FB5DF22-LeaderElection114] INFO  impl.RoleInfo (RoleInfo.java:updateAndGet(143)) - cbde3520-0cea-4357-bb04-1a0ae64b2bb1: start FollowerState
2019-10-17 07:41:43,640 [Thread-966] INFO  impl.FollowerState (FollowerState.java:run(108)) - cbde3520-0cea-4357-bb04-1a0ae64b2bb1@group-7EB39FB5DF22-FollowerState: change to CANDIDATE, lastRpcTime:50ms, electionTimeout:50ms
2019-10-17 07:41:43,641 [Thread-966] INFO  impl.RoleInfo (RoleInfo.java:shutdownFollowerState(121)) - cbde3520-0cea-4357-bb04-1a0ae64b2bb1: shutdown FollowerState
2019-10-17 07:41:43,641 [Thread-966] INFO  impl.RaftServerImpl (RaftServerImpl.java:setRole(184)) - cbde3520-0cea-4357-bb04-1a0ae64b2bb1@group-7EB39FB5DF22: changes role from  FOLLOWER to CANDIDATE at term 110 for changeToCandidate
2019-10-17 07:41:43,641 [Thread-966] INFO  impl.RoleInfo (RoleInfo.java:updateAndGet(143)) - cbde3520-0cea-4357-bb04-1a0ae64b2bb1: start LeaderElection
2019-10-17 07:41:43,666 [cbde3520-0cea-4357-bb04-1a0ae64b2bb1@group-7EB39FB5DF22-LeaderElection115] INFO  impl.LeaderElection (LeaderElection.java:askForVotes(178)) - cbde3520-0cea-4357-bb04-1a0ae64b2bb1@group-7EB39FB5DF22-LeaderElection115: begin an election at term 111 for -1: [40d2d32e-dd25-45df-8070-f9dc56ccf0a7:192.168.34.62:41633, cbde3520-0cea-4357-bb04-1a0ae64b2bb1:192.168.34.62:41642, 443b071d-6096-48d6-bfe7-498b7c8032c0:192.168.34.62:46516], old=null
2019-10-17 07:41:43,669 [grpc-default-executor-4] INFO  impl.RaftServerImpl (RaftServerImpl.java:setRole(184)) - 40d2d32e-dd25-45df-8070-f9dc56ccf0a7@group-7EB39FB5DF22: changes role from  FOLLOWER to FOLLOWER at term 111 for recognizeCandidate:cbde3520-0cea-4357-bb04-1a0ae64b2bb1
2019-10-17 07:41:43,669 [grpc-default-executor-1] INFO  impl.RaftServerImpl (RaftServerImpl.java:setRole(184)) - 443b071d-6096-48d6-bfe7-498b7c8032c0@group-7EB39FB5DF22: changes role from  FOLLOWER to FOLLOWER at term 111 for recognizeCandidate:cbde3520-0cea-4357-bb04-1a0ae64b2bb1
2019-10-17 07:41:43,669 [grpc-default-executor-1] INFO  impl.RoleInfo (RoleInfo.java:shutdownFollowerState(121)) - 443b071d-6096-48d6-bfe7-498b7c8032c0: shutdown FollowerState
2019-10-17 07:41:43,669 [grpc-default-executor-4] INFO  impl.RoleInfo (RoleInfo.java:shutdownFollowerState(121)) - 40d2d32e-dd25-45df-8070-f9dc56ccf0a7: shutdown FollowerState
2019-10-17 07:41:43,669 [Thread-965] INFO  impl.FollowerState (FollowerState.java:run(117)) - 443b071d-6096-48d6-bfe7-498b7c8032c0@group-7EB39FB5DF22-FollowerState was interrupted: java.lang.InterruptedException: sleep interrupted
2019-10-17 07:41:43,670 [Thread-964] INFO  impl.FollowerState (FollowerState.java:run(117)) - 40d2d32e-dd25-45df-8070-f9dc56ccf0a7@group-7EB39FB5DF22-FollowerState was interrupted: java.lang.InterruptedException: sleep interrupted
2019-10-17 07:41:43,669 [grpc-default-executor-1] INFO  impl.RoleInfo (RoleInfo.java:updateAndGet(143)) - 443b071d-6096-48d6-bfe7-498b7c8032c0: start FollowerState
2019-10-17 07:41:43,670 [grpc-default-executor-4] INFO  impl.RoleInfo (RoleInfo.java:updateAndGet(143)) - 40d2d32e-dd25-45df-8070-f9dc56ccf0a7: start FollowerState
2019-10-17 07:41:43,696 [cbde3520-0cea-4357-bb04-1a0ae64b2bb1@group-7EB39FB5DF22-LeaderElection115] INFO  impl.LeaderElection (LeaderElection.java:logAndReturn(56)) - cbde3520-0cea-4357-bb04-1a0ae64b2bb1@group-7EB39FB5DF22-LeaderElection115: Election REJECTED; received 2 response(s) [cbde3520-0cea-4357-bb04-1a0ae64b2bb1<-40d2d32e-dd25-45df-8070-f9dc56ccf0a7#0:FAIL-t111, cbde3520-0cea-4357-bb04-1a0ae64b2bb1<-443b071d-6096-48d6-bfe7-498b7c8032c0#0:FAIL-t111] and 0 exception(s); cbde3520-0cea-4357-bb04-1a0ae64b2bb1@group-7EB39FB5DF22:t111, leader=null, voted=cbde3520-0cea-4357-bb04-1a0ae64b2bb1, raftlog=cbde3520-0cea-4357-bb04-1a0ae64b2bb1@group-7EB39FB5DF22-SegmentedRaftLog:OPENED:c-1,f-1,i0, conf=-1: [40d2d32e-dd25-45df-8070-f9dc56ccf0a7:192.168.34.62:41633, cbde3520-0cea-4357-bb04-1a0ae64b2bb1:192.168.34.62:41642, 443b071d-6096-48d6-bfe7-498b7c8032c0:192.168.34.62:46516], old=null
2019-10-17 07:41:43,696 [cbde3520-0cea-4357-bb04-1a0ae64b2bb1@group-7EB39FB5DF22-LeaderElection115] INFO  impl.RaftServerImpl (RaftServerImpl.java:setRole(184)) - cbde3520-0cea-4357-bb04-1a0ae64b2bb1@group-7EB39FB5DF22: changes role from CANDIDATE to FOLLOWER at term 111 for DISCOVERED_A_NEW_TERM
2019-10-17 07:41:43,696 [cbde3520-0cea-4357-bb04-1a0ae64b2bb1@group-7EB39FB5DF22-LeaderElection115] INFO  impl.RoleInfo (RoleInfo.java:shutdownLeaderElection(134)) - cbde3520-0cea-4357-bb04-1a0ae64b2bb1: shutdown LeaderElection
2019-10-17 07:41:43,696 [cbde3520-0cea-4357-bb04-1a0ae64b2bb1@group-7EB39FB5DF22-LeaderElection115] INFO  impl.RoleInfo (RoleInfo.java:updateAndGet(143)) - cbde3520-0cea-4357-bb04-1a0ae64b2bb1: start FollowerState
2019-10-17 07:41:43,829 [Thread-972] INFO  impl.FollowerState (FollowerState.java:run(108)) - cbde3520-0cea-4357-bb04-1a0ae64b2bb1@group-7EB39FB5DF22-FollowerState: change to CANDIDATE, lastRpcTime:132ms, electionTimeout:132ms
2019-10-17 07:41:43,829 [Thread-972] INFO  impl.RoleInfo (RoleInfo.java:shutdownFollowerState(121)) - cbde3520-0cea-4357-bb04-1a0ae64b2bb1: shutdown FollowerState
2019-10-17 07:41:43,829 [Thread-972] INFO  impl.RaftServerImpl (RaftServerImpl.java:setRole(184)) - cbde3520-0cea-4357-bb04-1a0ae64b2bb1@group-7EB39FB5DF22: changes role from  FOLLOWER to CANDIDATE at term 111 for changeToCandidate
2019-10-17 07:41:43,829 [Thread-972] INFO  impl.RoleInfo (RoleInfo.java:updateAndGet(143)) - cbde3520-0cea-4357-bb04-1a0ae64b2bb1: start LeaderElection
2019-10-17 07:41:43,855 [cbde3520-0cea-4357-bb04-1a0ae64b2bb1@group-7EB39FB5DF22-LeaderElection116] INFO  impl.LeaderElection (LeaderElection.java:askForVotes(178)) - cbde3520-0cea-4357-bb04-1a0ae64b2bb1@group-7EB39FB5DF22-LeaderElection116: begin an election at term 112 for -1: [40d2d32e-dd25-45df-8070-f9dc56ccf0a7:192.168.34.62:41633, cbde3520-0cea-4357-bb04-1a0ae64b2bb1:192.168.34.62:41642, 443b071d-6096-48d6-bfe7-498b7c8032c0:192.168.34.62:46516], old=null
2019-10-17 07:41:43,858 [grpc-default-executor-4] INFO  impl.RaftServerImpl (RaftServerImpl.java:setRole(184)) - 40d2d32e-dd25-45df-8070-f9dc56ccf0a7@group-7EB39FB5DF22: changes role from  FOLLOWER to FOLLOWER at term 112 for recognizeCandidate:cbde3520-0cea-4357-bb04-1a0ae64b2bb1
2019-10-17 07:41:43,858 [grpc-default-executor-4] INFO  impl.RoleInfo (RoleInfo.java:shutdownFollowerState(121)) - 40d2d32e-dd25-45df-8070-f9dc56ccf0a7: shutdown FollowerState
2019-10-17 07:41:43,858 [grpc-default-executor-1] INFO  impl.RaftServerImpl (RaftServerImpl.java:setRole(184)) - 443b071d-6096-48d6-bfe7-498b7c8032c0@group-7EB39FB5DF22: changes role from  FOLLOWER to FOLLOWER at term 112 for recognizeCandidate:cbde3520-0cea-4357-bb04-1a0ae64b2bb1
2019-10-17 07:41:43,858 [Thread-971] INFO  impl.FollowerState (FollowerState.java:run(117)) - 40d2d32e-dd25-45df-8070-f9dc56ccf0a7@group-7EB39FB5DF22-FollowerState was interrupted: java.lang.InterruptedException: sleep interrupted
2019-10-17 07:41:43,858 [grpc-default-executor-4] INFO  impl.RoleInfo (RoleInfo.java:updateAndGet(143)) - 40d2d32e-dd25-45df-8070-f9dc56ccf0a7: start FollowerState
2019-10-17 07:41:43,859 [grpc-default-executor-1] INFO  impl.RoleInfo (RoleInfo.java:shutdownFollowerState(121)) - 443b071d-6096-48d6-bfe7-498b7c8032c0: shutdown FollowerState
2019-10-17 07:41:43,859 [grpc-default-executor-1] INFO  impl.RoleInfo (RoleInfo.java:updateAndGet(143)) - 443b071d-6096-48d6-bfe7-498b7c8032c0: start FollowerState
2019-10-17 07:41:43,859 [Thread-970] INFO  impl.FollowerState (FollowerState.java:run(117)) - 443b071d-6096-48d6-bfe7-498b7c8032c0@group-7EB39FB5DF22-FollowerState was interrupted: java.lang.InterruptedException: sleep interrupted
2019-10-17 07:41:43,884 [cbde3520-0cea-4357-bb04-1a0ae64b2bb1@group-7EB39FB5DF22-LeaderElection116] INFO  impl.LeaderElection (LeaderElection.java:logAndReturn(56)) - cbde3520-0cea-4357-bb04-1a0ae64b2bb1@group-7EB39FB5DF22-LeaderElection116: Election REJECTED; received 2 response(s) [cbde3520-0cea-4357-bb04-1a0ae64b2bb1<-40d2d32e-dd25-45df-8070-f9dc56ccf0a7#0:FAIL-t112, cbde3520-0cea-4357-bb04-1a0ae64b2bb1<-443b071d-6096-48d6-bfe7-498b7c8032c0#0:FAIL-t112] and 0 exception(s); cbde3520-0cea-4357-bb04-1a0ae64b2bb1@group-7EB39FB5DF22:t112, leader=null, voted=cbde3520-0cea-4357-bb04-1a0ae64b2bb1, raftlog=cbde3520-0cea-4357-bb04-1a0ae64b2bb1@group-7EB39FB5DF22-SegmentedRaftLog:OPENED:c-1,f-1,i0, conf=-1: [40d2d32e-dd25-45df-8070-f9dc56ccf0a7:192.168.34.62:41633, cbde3520-0cea-4357-bb04-1a0ae64b2bb1:192.168.34.62:41642, 443b071d-6096-48d6-bfe7-498b7c8032c0:192.168.34.62:46516], old=null
2019-10-17 07:41:43,884 [cbde3520-0cea-4357-bb04-1a0ae64b2bb1@group-7EB39FB5DF22-LeaderElection116] INFO  impl.RaftServerImpl (RaftServerImpl.java:setRole(184)) - cbde3520-0cea-4357-bb04-1a0ae64b2bb1@group-7EB39FB5DF22: changes role from CANDIDATE to FOLLOWER at term 112 for DISCOVERED_A_NEW_TERM
2019-10-17 07:41:43,885 [cbde3520-0cea-4357-bb04-1a0ae64b2bb1@group-7EB39FB5DF22-LeaderElection116] INFO  impl.RoleInfo (RoleInfo.java:shutdownLeaderElection(134)) - cbde3520-0cea-4357-bb04-1a0ae64b2bb1: shutdown LeaderElection
2019-10-17 07:41:43,885 [cbde3520-0cea-4357-bb04-1a0ae64b2bb1@group-7EB39FB5DF22-LeaderElection116] INFO  impl.RoleInfo (RoleInfo.java:updateAndGet(143)) - cbde3520-0cea-4357-bb04-1a0ae64b2bb1: start FollowerState
2019-10-17 07:41:44,007 [Thread-978] INFO  impl.FollowerState (FollowerState.java:run(108)) - cbde3520-0cea-4357-bb04-1a0ae64b2bb1@group-7EB39FB5DF22-FollowerState: change to CANDIDATE, lastRpcTime:122ms, electionTimeout:122ms
2019-10-17 07:41:44,008 [Thread-978] INFO  impl.RoleInfo (RoleInfo.java:shutdownFollowerState(121)) - cbde3520-0cea-4357-bb04-1a0ae64b2bb1: shutdown FollowerState
2019-10-17 07:41:44,008 [Thread-978] INFO  impl.RaftServerImpl (RaftServerImpl.java:setRole(184)) - cbde3520-0cea-4357-bb04-1a0ae64b2bb1@group-7EB39FB5DF22: changes role from  FOLLOWER to CANDIDATE at term 112 for changeToCandidate
2019-10-17 07:41:44,008 [Thread-978] INFO  impl.RoleInfo (RoleInfo.java:updateAndGet(143)) - cbde3520-0cea-4357-bb04-1a0ae64b2bb1: start LeaderElection
2019-10-17 07:41:44,031 [cbde3520-0cea-4357-bb04-1a0ae64b2bb1@group-7EB39FB5DF22-LeaderElection117] INFO  impl.LeaderElection (LeaderElection.java:askForVotes(178)) - cbde3520-0cea-4357-bb04-1a0ae64b2bb1@group-7EB39FB5DF22-LeaderElection117: begin an election at term 113 for -1: [40d2d32e-dd25-45df-8070-f9dc56ccf0a7:192.168.34.62:41633, cbde3520-0cea-4357-bb04-1a0ae64b2bb1:192.168.34.62:41642, 443b071d-6096-48d6-bfe7-498b7c8032c0:192.168.34.62:46516], old=null
2019-10-17 07:41:44,034 [grpc-default-executor-1] INFO  impl.RaftServerImpl (RaftServerImpl.java:setRole(184)) - 40d2d32e-dd25-45df-8070-f9dc56ccf0a7@group-7EB39FB5DF22: changes role from  FOLLOWER to FOLLOWER at term 113 for recognizeCandidate:cbde3520-0cea-4357-bb04-1a0ae64b2bb1
2019-10-17 07:41:44,035 [grpc-default-executor-1] INFO  impl.RoleInfo (RoleInfo.java:shutdownFollowerState(121)) - 40d2d32e-dd25-45df-8070-f9dc56ccf0a7: shutdown FollowerState
2019-10-17 07:41:44,035 [grpc-default-executor-4] INFO  impl.RaftServerImpl (RaftServerImpl.java:setRole(184)) - 443b071d-6096-48d6-bfe7-498b7c8032c0@group-7EB39FB5DF22: changes role from  FOLLOWER to FOLLOWER at term 113 for recognizeCandidate:cbde3520-0cea-4357-bb04-1a0ae64b2bb1
2019-10-17 07:41:44,035 [grpc-default-executor-4] INFO  impl.RoleInfo (RoleInfo.java:shutdownFollowerState(121)) - 443b071d-6096-48d6-bfe7-498b7c8032c0: shutdown FollowerState
2019-10-17 07:41:44,035 [grpc-default-executor-1] INFO  impl.RoleInfo (RoleInfo.java:updateAndGet(143)) - 40d2d32e-dd25-45df-8070-f9dc56ccf0a7: start FollowerState
2019-10-17 07:41:44,035 [Thread-977] INFO  impl.FollowerState (FollowerState.java:run(117)) - 443b071d-6096-48d6-bfe7-498b7c8032c0@group-7EB39FB5DF22-FollowerState was interrupted: java.lang.InterruptedException: sleep interrupted
2019-10-17 07:41:44,035 [grpc-default-executor-4] INFO  impl.RoleInfo (RoleInfo.java:updateAndGet(143)) - 443b071d-6096-48d6-bfe7-498b7c8032c0: start FollowerState
2019-10-17 07:41:44,035 [Thread-976] INFO  impl.FollowerState (FollowerState.java:run(117)) - 40d2d32e-dd25-45df-8070-f9dc56ccf0a7@group-7EB39FB5DF22-FollowerState was interrupted: java.lang.InterruptedException: sleep interrupted
2019-10-17 07:41:44,060 [cbde3520-0cea-4357-bb04-1a0ae64b2bb1@group-7EB39FB5DF22-LeaderElection117] INFO  impl.LeaderElection (LeaderElection.java:logAndReturn(56)) - cbde3520-0cea-4357-bb04-1a0ae64b2bb1@group-7EB39FB5DF22-LeaderElection117: Election REJECTED; received 2 response(s) [cbde3520-0cea-4357-bb04-1a0ae64b2bb1<-40d2d32e-dd25-45df-8070-f9dc56ccf0a7#0:FAIL-t113, cbde3520-0cea-4357-bb04-1a0ae64b2bb1<-443b071d-6096-48d6-bfe7-498b7c8032c0#0:FAIL-t113] and 0 exception(s); cbde3520-0cea-4357-bb04-1a0ae64b2bb1@group-7EB39FB5DF22:t113, leader=null, voted=cbde3520-0cea-4357-bb04-1a0ae64b2bb1, raftlog=cbde3520-0cea-4357-bb04-1a0ae64b2bb1@group-7EB39FB5DF22-SegmentedRaftLog:OPENED:c-1,f-1,i0, conf=-1: [40d2d32e-dd25-45df-8070-f9dc56ccf0a7:192.168.34.62:41633, cbde3520-0cea-4357-bb04-1a0ae64b2bb1:192.168.34.62:41642, 443b071d-6096-48d6-bfe7-498b7c8032c0:192.168.34.62:46516], old=null
2019-10-17 07:41:44,060 [cbde3520-0cea-4357-bb04-1a0ae64b2bb1@group-7EB39FB5DF22-LeaderElection117] INFO  impl.RaftServerImpl (RaftServerImpl.java:setRole(184)) - cbde3520-0cea-4357-bb04-1a0ae64b2bb1@group-7EB39FB5DF22: changes role from CANDIDATE to FOLLOWER at term 113 for DISCOVERED_A_NEW_TERM
2019-10-17 07:41:44,060 [cbde3520-0cea-4357-bb04-1a0ae64b2bb1@group-7EB39FB5DF22-LeaderElection117] INFO  impl.RoleInfo (RoleInfo.java:shutdownLeaderElection(134)) - cbde3520-0cea-4357-bb04-1a0ae64b2bb1: shutdown LeaderElection
2019-10-17 07:41:44,060 [cbde3520-0cea-4357-bb04-1a0ae64b2bb1@group-7EB39FB5DF22-LeaderElection117] INFO  impl.RoleInfo (RoleInfo.java:updateAndGet(143)) - cbde3520-0cea-4357-bb04-1a0ae64b2bb1: start FollowerState
2019-10-17 07:41:44,149 [Thread-984] INFO  impl.FollowerState (FollowerState.java:run(108)) - cbde3520-0cea-4357-bb04-1a0ae64b2bb1@group-7EB39FB5DF22-FollowerState: change to CANDIDATE, lastRpcTime:88ms, electionTimeout:88ms
2019-10-17 07:41:44,149 [Thread-984] INFO  impl.RoleInfo (RoleInfo.java:shutdownFollowerState(121)) - cbde3520-0cea-4357-bb04-1a0ae64b2bb1: shutdown FollowerState
2019-10-17 07:41:44,149 [Thread-984] INFO  impl.RaftServerImpl (RaftServerImpl.java:setRole(184)) - cbde3520-0cea-4357-bb04-1a0ae64b2bb1@group-7EB39FB5DF22: changes role from  FOLLOWER to CANDIDATE at term 113 for changeToCandidate
2019-10-17 07:41:44,149 [Thread-984] INFO  impl.RoleInfo (RoleInfo.java:updateAndGet(143)) - cbde3520-0cea-4357-bb04-1a0ae64b2bb1: start LeaderElection
2019-10-17 07:41:44,167 [cbde3520-0cea-4357-bb04-1a0ae64b2bb1@group-7EB39FB5DF22-LeaderElection118] INFO  impl.LeaderElection (LeaderElection.java:askForVotes(178)) - cbde3520-0cea-4357-bb04-1a0ae64b2bb1@group-7EB39FB5DF22-LeaderElection118: begin an election at term 114 for -1: [40d2d32e-dd25-45df-8070-f9dc56ccf0a7:192.168.34.62:41633, cbde3520-0cea-4357-bb04-1a0ae64b2bb1:192.168.34.62:41642, 443b071d-6096-48d6-bfe7-498b7c8032c0:192.168.34.62:46516], old=null
2019-10-17 07:41:44,170 [grpc-default-executor-4] INFO  impl.RaftServerImpl (RaftServerImpl.java:setRole(184)) - 40d2d32e-dd25-45df-8070-f9dc56ccf0a7@group-7EB39FB5DF22: changes role from  FOLLOWER to FOLLOWER at term 114 for recognizeCandidate:cbde3520-0cea-4357-bb04-1a0ae64b2bb1
2019-10-17 07:41:44,170 [grpc-default-executor-1] INFO  impl.RaftServerImpl (RaftServerImpl.java:setRole(184)) - 443b071d-6096-48d6-bfe7-498b7c8032c0@group-7EB39FB5DF22: changes role from  FOLLOWER to FOLLOWER at term 114 for recognizeCandidate:cbde3520-0cea-4357-bb04-1a0ae64b2bb1
2019-10-17 07:41:44,170 [grpc-default-executor-4] INFO  impl.RoleInfo (RoleInfo.java:shutdownFollowerState(121)) - 40d2d32e-dd25-45df-8070-f9dc56ccf0a7: shutdown FollowerState
2019-10-17 07:41:44,171 [grpc-default-executor-1] INFO  impl.RoleInfo (RoleInfo.java:shutdownFollowerState(121)) - 443b071d-6096-48d6-bfe7-498b7c8032c0: shutdown FollowerState
2019-10-17 07:41:44,171 [Thread-982] INFO  impl.FollowerState (FollowerState.java:run(117)) - 40d2d32e-dd25-45df-8070-f9dc56ccf0a7@group-7EB39FB5DF22-FollowerState was interrupted: java.lang.InterruptedException: sleep interrupted
2019-10-17 07:41:44,171 [Thread-983] INFO  impl.FollowerState (FollowerState.java:run(117)) - 443b071d-6096-48d6-bfe7-498b7c8032c0@group-7EB39FB5DF22-FollowerState was interrupted: java.lang.InterruptedException: sleep interrupted
2019-10-17 07:41:44,171 [grpc-default-executor-4] INFO  impl.RoleInfo (RoleInfo.java:updateAndGet(143)) - 40d2d32e-dd25-45df-8070-f9dc56ccf0a7: start FollowerState
2019-10-17 07:41:44,171 [grpc-default-executor-1] INFO  impl.RoleInfo (RoleInfo.java:updateAndGet(143)) - 443b071d-6096-48d6-bfe7-498b7c8032c0: start FollowerState
2019-10-17 07:41:44,196 [cbde3520-0cea-4357-bb04-1a0ae64b2bb1@group-7EB39FB5DF22-LeaderElection118] INFO  impl.LeaderElection (LeaderElection.java:logAndReturn(56)) - cbde3520-0cea-4357-bb04-1a0ae64b2bb1@group-7EB39FB5DF22-LeaderElection118: Election REJECTED; received 2 response(s) [cbde3520-0cea-4357-bb04-1a0ae64b2bb1<-40d2d32e-dd25-45df-8070-f9dc56ccf0a7#0:FAIL-t114, cbde3520-0cea-4357-bb04-1a0ae64b2bb1<-443b071d-6096-48d6-bfe7-498b7c8032c0#0:FAIL-t114] and 0 exception(s); cbde3520-0cea-4357-bb04-1a0ae64b2bb1@group-7EB39FB5DF22:t114, leader=null, voted=cbde3520-0cea-4357-bb04-1a0ae64b2bb1, raftlog=cbde3520-0cea-4357-bb04-1a0ae64b2bb1@group-7EB39FB5DF22-SegmentedRaftLog:OPENED:c-1,f-1,i0, conf=-1: [40d2d32e-dd25-45df-8070-f9dc56ccf0a7:192.168.34.62:41633, cbde3520-0cea-4357-bb04-1a0ae64b2bb1:192.168.34.62:41642, 443b071d-6096-48d6-bfe7-498b7c8032c0:192.168.34.62:46516], old=null
2019-10-17 07:41:44,197 [cbde3520-0cea-4357-bb04-1a0ae64b2bb1@group-7EB39FB5DF22-LeaderElection118] INFO  impl.RaftServerImpl (RaftServerImpl.java:setRole(184)) - cbde3520-0cea-4357-bb04-1a0ae64b2bb1@group-7EB39FB5DF22: changes role from CANDIDATE to FOLLOWER at term 114 for DISCOVERED_A_NEW_TERM
2019-10-17 07:41:44,197 [cbde3520-0cea-4357-bb04-1a0ae64b2bb1@group-7EB39FB5DF22-LeaderElection118] INFO  impl.RoleInfo (RoleInfo.java:shutdownLeaderElection(134)) - cbde3520-0cea-4357-bb04-1a0ae64b2bb1: shutdown LeaderElection
2019-10-17 07:41:44,197 [cbde3520-0cea-4357-bb04-1a0ae64b2bb1@group-7EB39FB5DF22-LeaderElection118] INFO  impl.RoleInfo (RoleInfo.java:updateAndGet(143)) - cbde3520-0cea-4357-bb04-1a0ae64b2bb1: start FollowerState
2019-10-17 07:41:44,209 [main] INFO  ozone.MiniOzoneClusterImpl (MiniOzoneClusterImpl.java:lambda$waitForClusterToBeReady$2(164)) - Waiting for 1 number of pipelines out of 5, to report a leader.
2019-10-17 07:41:44,353 [Thread-990] INFO  impl.FollowerState (FollowerState.java:run(108)) - cbde3520-0cea-4357-bb04-1a0ae64b2bb1@group-7EB39FB5DF22-FollowerState: change to CANDIDATE, lastRpcTime:155ms, electionTimeout:155ms
2019-10-17 07:41:44,353 [Thread-990] INFO  impl.RoleInfo (RoleInfo.java:shutdownFollowerState(121)) - cbde3520-0cea-4357-bb04-1a0ae64b2bb1: shutdown FollowerState
2019-10-17 07:41:44,353 [Thread-990] INFO  impl.RaftServerImpl (RaftServerImpl.java:setRole(184)) - cbde3520-0cea-4357-bb04-1a0ae64b2bb1@group-7EB39FB5DF22: changes role from  FOLLOWER to CANDIDATE at term 114 for changeToCandidate
2019-10-17 07:41:44,353 [Thread-990] INFO  impl.RoleInfo (RoleInfo.java:updateAndGet(143)) - cbde3520-0cea-4357-bb04-1a0ae64b2bb1: start LeaderElection
2019-10-17 07:41:44,377 [cbde3520-0cea-4357-bb04-1a0ae64b2bb1@group-7EB39FB5DF22-LeaderElection119] INFO  impl.LeaderElection (LeaderElection.java:askForVotes(178)) - cbde3520-0cea-4357-bb04-1a0ae64b2bb1@group-7EB39FB5DF22-LeaderElection119: begin an election at term 115 for -1: [40d2d32e-dd25-45df-8070-f9dc56ccf0a7:192.168.34.62:41633, cbde3520-0cea-4357-bb04-1a0ae64b2bb1:192.168.34.62:41642, 443b071d-6096-48d6-bfe7-498b7c8032c0:192.168.34.62:46516], old=null
2019-10-17 07:41:44,380 [grpc-default-executor-4] INFO  impl.RaftServerImpl (RaftServerImpl.java:setRole(184)) - 443b071d-6096-48d6-bfe7-498b7c8032c0@group-7EB39FB5DF22: changes role from  FOLLOWER to FOLLOWER at term 115 for recognizeCandidate:cbde3520-0cea-4357-bb04-1a0ae64b2bb1
2019-10-17 07:41:44,380 [grpc-default-executor-1] INFO  impl.RaftServerImpl (RaftServerImpl.java:setRole(184)) - 40d2d32e-dd25-45df-8070-f9dc56ccf0a7@group-7EB39FB5DF22: changes role from  FOLLOWER to FOLLOWER at term 115 for recognizeCandidate:cbde3520-0cea-4357-bb04-1a0ae64b2bb1
2019-10-17 07:41:44,381 [grpc-default-executor-1] INFO  impl.RoleInfo (RoleInfo.java:shutdownFollowerState(121)) - 40d2d32e-dd25-45df-8070-f9dc56ccf0a7: shutdown FollowerState
2019-10-17 07:41:44,381 [grpc-default-executor-4] INFO  impl.RoleInfo (RoleInfo.java:shutdownFollowerState(121)) - 443b071d-6096-48d6-bfe7-498b7c8032c0: shutdown FollowerState
2019-10-17 07:41:44,381 [Thread-988] INFO  impl.FollowerState (FollowerState.java:run(117)) - 40d2d32e-dd25-45df-8070-f9dc56ccf0a7@group-7EB39FB5DF22-FollowerState was interrupted: java.lang.InterruptedException: sleep interrupted
2019-10-17 07:41:44,381 [Thread-989] INFO  impl.FollowerState (FollowerState.java:run(117)) - 443b071d-6096-48d6-bfe7-498b7c8032c0@group-7EB39FB5DF22-FollowerState was interrupted: java.lang.InterruptedException: sleep interrupted
2019-10-17 07:41:44,381 [grpc-default-executor-1] INFO  impl.RoleInfo (RoleInfo.java:updateAndGet(143)) - 40d2d32e-dd25-45df-8070-f9dc56ccf0a7: start FollowerState
2019-10-17 07:41:44,381 [grpc-default-executor-4] INFO  impl.RoleInfo (RoleInfo.java:updateAndGet(143)) - 443b071d-6096-48d6-bfe7-498b7c8032c0: start FollowerState
2019-10-17 07:41:44,398 [cbde3520-0cea-4357-bb04-1a0ae64b2bb1@group-7EB39FB5DF22-LeaderElection119] INFO  impl.LeaderElection (LeaderElection.java:logAndReturn(56)) - cbde3520-0cea-4357-bb04-1a0ae64b2bb1@group-7EB39FB5DF22-LeaderElection119: Election REJECTED; received 2 response(s) [cbde3520-0cea-4357-bb04-1a0ae64b2bb1<-40d2d32e-dd25-45df-8070-f9dc56ccf0a7#0:FAIL-t115, cbde3520-0cea-4357-bb04-1a0ae64b2bb1<-443b071d-6096-48d6-bfe7-498b7c8032c0#0:FAIL-t115] and 0 exception(s); cbde3520-0cea-4357-bb04-1a0ae64b2bb1@group-7EB39FB5DF22:t115, leader=null, voted=cbde3520-0cea-4357-bb04-1a0ae64b2bb1, raftlog=cbde3520-0cea-4357-bb04-1a0ae64b2bb1@group-7EB39FB5DF22-SegmentedRaftLog:OPENED:c-1,f-1,i0, conf=-1: [40d2d32e-dd25-45df-8070-f9dc56ccf0a7:192.168.34.62:41633, cbde3520-0cea-4357-bb04-1a0ae64b2bb1:192.168.34.62:41642, 443b071d-6096-48d6-bfe7-498b7c8032c0:192.168.34.62:46516], old=null
2019-10-17 07:41:44,398 [cbde3520-0cea-4357-bb04-1a0ae64b2bb1@group-7EB39FB5DF22-LeaderElection119] INFO  impl.RaftServerImpl (RaftServerImpl.java:setRole(184)) - cbde3520-0cea-4357-bb04-1a0ae64b2bb1@group-7EB39FB5DF22: changes role from CANDIDATE to FOLLOWER at term 115 for DISCOVERED_A_NEW_TERM
2019-10-17 07:41:44,398 [cbde3520-0cea-4357-bb04-1a0ae64b2bb1@group-7EB39FB5DF22-LeaderElection119] INFO  impl.RoleInfo (RoleInfo.java:shutdownLeaderElection(134)) - cbde3520-0cea-4357-bb04-1a0ae64b2bb1: shutdown LeaderElection
2019-10-17 07:41:44,398 [cbde3520-0cea-4357-bb04-1a0ae64b2bb1@group-7EB39FB5DF22-LeaderElection119] INFO  impl.RoleInfo (RoleInfo.java:updateAndGet(143)) - cbde3520-0cea-4357-bb04-1a0ae64b2bb1: start FollowerState
2019-10-17 07:41:44,461 [Thread-996] INFO  impl.FollowerState (FollowerState.java:run(108)) - cbde3520-0cea-4357-bb04-1a0ae64b2bb1@group-7EB39FB5DF22-FollowerState: change to CANDIDATE, lastRpcTime:62ms, electionTimeout:62ms
2019-10-17 07:41:44,461 [Thread-996] INFO  impl.RoleInfo (RoleInfo.java:shutdownFollowerState(121)) - cbde3520-0cea-4357-bb04-1a0ae64b2bb1: shutdown FollowerState
2019-10-17 07:41:44,461 [Thread-996] INFO  impl.RaftServerImpl (RaftServerImpl.java:setRole(184)) - cbde3520-0cea-4357-bb04-1a0ae64b2bb1@group-7EB39FB5DF22: changes role from  FOLLOWER to CANDIDATE at term 115 for changeToCandidate
2019-10-17 07:41:44,461 [Thread-996] INFO  impl.RoleInfo (RoleInfo.java:updateAndGet(143)) - cbde3520-0cea-4357-bb04-1a0ae64b2bb1: start LeaderElection
2019-10-17 07:41:44,485 [cbde3520-0cea-4357-bb04-1a0ae64b2bb1@group-7EB39FB5DF22-LeaderElection120] INFO  impl.LeaderElection (LeaderElection.java:askForVotes(178)) - cbde3520-0cea-4357-bb04-1a0ae64b2bb1@group-7EB39FB5DF22-LeaderElection120: begin an election at term 116 for -1: [40d2d32e-dd25-45df-8070-f9dc56ccf0a7:192.168.34.62:41633, cbde3520-0cea-4357-bb04-1a0ae64b2bb1:192.168.34.62:41642, 443b071d-6096-48d6-bfe7-498b7c8032c0:192.168.34.62:46516], old=null
2019-10-17 07:41:44,488 [grpc-default-executor-4] INFO  impl.RaftServerImpl (RaftServerImpl.java:setRole(184)) - 40d2d32e-dd25-45df-8070-f9dc56ccf0a7@group-7EB39FB5DF22: changes role from  FOLLOWER to FOLLOWER at term 116 for recognizeCandidate:cbde3520-0cea-4357-bb04-1a0ae64b2bb1
2019-10-17 07:41:44,488 [grpc-default-executor-4] INFO  impl.RoleInfo (RoleInfo.java:shutdownFollowerState(121)) - 40d2d32e-dd25-45df-8070-f9dc56ccf0a7: shutdown FollowerState
2019-10-17 07:41:44,489 [grpc-default-executor-4] INFO  impl.RoleInfo (RoleInfo.java:updateAndGet(143)) - 40d2d32e-dd25-45df-8070-f9dc56ccf0a7: start FollowerState
2019-10-17 07:41:44,489 [Thread-994] INFO  impl.FollowerState (FollowerState.java:run(117)) - 40d2d32e-dd25-45df-8070-f9dc56ccf0a7@group-7EB39FB5DF22-FollowerState was interrupted: java.lang.InterruptedException: sleep interrupted
2019-10-17 07:41:44,489 [grpc-default-executor-1] INFO  impl.RaftServerImpl (RaftServerImpl.java:setRole(184)) - 443b071d-6096-48d6-bfe7-498b7c8032c0@group-7EB39FB5DF22: changes role from  FOLLOWER to FOLLOWER at term 116 for recognizeCandidate:cbde3520-0cea-4357-bb04-1a0ae64b2bb1
2019-10-17 07:41:44,489 [grpc-default-executor-1] INFO  impl.RoleInfo (RoleInfo.java:shutdownFollowerState(121)) - 443b071d-6096-48d6-bfe7-498b7c8032c0: shutdown FollowerState
2019-10-17 07:41:44,489 [grpc-default-executor-1] INFO  impl.RoleInfo (RoleInfo.java:updateAndGet(143)) - 443b071d-6096-48d6-bfe7-498b7c8032c0: start FollowerState
2019-10-17 07:41:44,489 [Thread-995] INFO  impl.FollowerState (FollowerState.java:run(117)) - 443b071d-6096-48d6-bfe7-498b7c8032c0@group-7EB39FB5DF22-FollowerState was interrupted: java.lang.InterruptedException: sleep interrupted
2019-10-17 07:41:44,502 [cbde3520-0cea-4357-bb04-1a0ae64b2bb1@group-7EB39FB5DF22-LeaderElection120] INFO  impl.LeaderElection (LeaderElection.java:logAndReturn(56)) - cbde3520-0cea-4357-bb04-1a0ae64b2bb1@group-7EB39FB5DF22-LeaderElection120: Election TIMEOUT; received 0 response(s) [] and 0 exception(s); cbde3520-0cea-4357-bb04-1a0ae64b2bb1@group-7EB39FB5DF22:t116, leader=null, voted=cbde3520-0cea-4357-bb04-1a0ae64b2bb1, raftlog=cbde3520-0cea-4357-bb04-1a0ae64b2bb1@group-7EB39FB5DF22-SegmentedRaftLog:OPENED:c-1,f-1,i0, conf=-1: [40d2d32e-dd25-45df-8070-f9dc56ccf0a7:192.168.34.62:41633, cbde3520-0cea-4357-bb04-1a0ae64b2bb1:192.168.34.62:41642, 443b071d-6096-48d6-bfe7-498b7c8032c0:192.168.34.62:46516], old=null
2019-10-17 07:41:44,526 [cbde3520-0cea-4357-bb04-1a0ae64b2bb1@group-7EB39FB5DF22-LeaderElection120] INFO  impl.LeaderElection (LeaderElection.java:askForVotes(178)) - cbde3520-0cea-4357-bb04-1a0ae64b2bb1@group-7EB39FB5DF22-LeaderElection120: begin an election at term 117 for -1: [40d2d32e-dd25-45df-8070-f9dc56ccf0a7:192.168.34.62:41633, cbde3520-0cea-4357-bb04-1a0ae64b2bb1:192.168.34.62:41642, 443b071d-6096-48d6-bfe7-498b7c8032c0:192.168.34.62:46516], old=null
2019-10-17 07:41:44,528 [grpc-default-executor-4] INFO  impl.RaftServerImpl (RaftServerImpl.java:setRole(184)) - 40d2d32e-dd25-45df-8070-f9dc56ccf0a7@group-7EB39FB5DF22: changes role from  FOLLOWER to FOLLOWER at term 117 for recognizeCandidate:cbde3520-0cea-4357-bb04-1a0ae64b2bb1
2019-10-17 07:41:44,528 [grpc-default-executor-1] INFO  impl.RaftServerImpl (RaftServerImpl.java:setRole(184)) - 443b071d-6096-48d6-bfe7-498b7c8032c0@group-7EB39FB5DF22: changes role from  FOLLOWER to FOLLOWER at term 117 for recognizeCandidate:cbde3520-0cea-4357-bb04-1a0ae64b2bb1
2019-10-17 07:41:44,529 [grpc-default-executor-1] INFO  impl.RoleInfo (RoleInfo.java:shutdownFollowerState(121)) - 443b071d-6096-48d6-bfe7-498b7c8032c0: shutdown FollowerState
2019-10-17 07:41:44,528 [grpc-default-executor-4] INFO  impl.RoleInfo (RoleInfo.java:shutdownFollowerState(121)) - 40d2d32e-dd25-45df-8070-f9dc56ccf0a7: shutdown FollowerState
2019-10-17 07:41:44,529 [Thread-1001] INFO  impl.FollowerState (FollowerState.java:run(117)) - 443b071d-6096-48d6-bfe7-498b7c8032c0@group-7EB39FB5DF22-FollowerState was interrupted: java.lang.InterruptedException: sleep interrupted
2019-10-17 07:41:44,529 [grpc-default-executor-1] INFO  impl.RoleInfo (RoleInfo.java:updateAndGet(143)) - 443b071d-6096-48d6-bfe7-498b7c8032c0: start FollowerState
2019-10-17 07:41:44,529 [Thread-1000] INFO  impl.FollowerState (FollowerState.java:run(117)) - 40d2d32e-dd25-45df-8070-f9dc56ccf0a7@group-7EB39FB5DF22-FollowerState was interrupted: java.lang.InterruptedException: sleep interrupted
2019-10-17 07:41:44,529 [grpc-default-executor-4] INFO  impl.RoleInfo (RoleInfo.java:updateAndGet(143)) - 40d2d32e-dd25-45df-8070-f9dc56ccf0a7: start FollowerState
2019-10-17 07:41:44,543 [cbde3520-0cea-4357-bb04-1a0ae64b2bb1@group-7EB39FB5DF22-LeaderElection120] INFO  impl.LeaderElection (LeaderElection.java:logAndReturn(56)) - cbde3520-0cea-4357-bb04-1a0ae64b2bb1@group-7EB39FB5DF22-LeaderElection120: Election TIMEOUT; received 0 response(s) [] and 0 exception(s); cbde3520-0cea-4357-bb04-1a0ae64b2bb1@group-7EB39FB5DF22:t117, leader=null, voted=cbde3520-0cea-4357-bb04-1a0ae64b2bb1, raftlog=cbde3520-0cea-4357-bb04-1a0ae64b2bb1@group-7EB39FB5DF22-SegmentedRaftLog:OPENED:c-1,f-1,i0, conf=-1: [40d2d32e-dd25-45df-8070-f9dc56ccf0a7:192.168.34.62:41633, cbde3520-0cea-4357-bb04-1a0ae64b2bb1:192.168.34.62:41642, 443b071d-6096-48d6-bfe7-498b7c8032c0:192.168.34.62:46516], old=null
2019-10-17 07:41:44,575 [cbde3520-0cea-4357-bb04-1a0ae64b2bb1@group-7EB39FB5DF22-LeaderElection120] INFO  impl.LeaderElection (LeaderElection.java:askForVotes(178)) - cbde3520-0cea-4357-bb04-1a0ae64b2bb1@group-7EB39FB5DF22-LeaderElection120: begin an election at term 118 for -1: [40d2d32e-dd25-45df-8070-f9dc56ccf0a7:192.168.34.62:41633, cbde3520-0cea-4357-bb04-1a0ae64b2bb1:192.168.34.62:41642, 443b071d-6096-48d6-bfe7-498b7c8032c0:192.168.34.62:46516], old=null
2019-10-17 07:41:44,578 [grpc-default-executor-1] INFO  impl.RaftServerImpl (RaftServerImpl.java:setRole(184)) - 40d2d32e-dd25-45df-8070-f9dc56ccf0a7@group-7EB39FB5DF22: changes role from  FOLLOWER to FOLLOWER at term 118 for recognizeCandidate:cbde3520-0cea-4357-bb04-1a0ae64b2bb1
2019-10-17 07:41:44,578 [grpc-default-executor-1] INFO  impl.RoleInfo (RoleInfo.java:shutdownFollowerState(121)) - 40d2d32e-dd25-45df-8070-f9dc56ccf0a7: shutdown FollowerState
2019-10-17 07:41:44,578 [grpc-default-executor-4] INFO  impl.RaftServerImpl (RaftServerImpl.java:setRole(184)) - 443b071d-6096-48d6-bfe7-498b7c8032c0@group-7EB39FB5DF22: changes role from  FOLLOWER to FOLLOWER at term 118 for recognizeCandidate:cbde3520-0cea-4357-bb04-1a0ae64b2bb1
2019-10-17 07:41:44,578 [Thread-1005] INFO  impl.FollowerState (FollowerState.java:run(117)) - 40d2d32e-dd25-45df-8070-f9dc56ccf0a7@group-7EB39FB5DF22-FollowerState was interrupted: java.lang.InterruptedException: sleep interrupted
2019-10-17 07:41:44,578 [grpc-default-executor-1] INFO  impl.RoleInfo (RoleInfo.java:updateAndGet(143)) - 40d2d32e-dd25-45df-8070-f9dc56ccf0a7: start FollowerState
2019-10-17 07:41:44,579 [grpc-default-executor-4] INFO  impl.RoleInfo (RoleInfo.java:shutdownFollowerState(121)) - 443b071d-6096-48d6-bfe7-498b7c8032c0: shutdown FollowerState
2019-10-17 07:41:44,579 [grpc-default-executor-4] INFO  impl.RoleInfo (RoleInfo.java:updateAndGet(143)) - 443b071d-6096-48d6-bfe7-498b7c8032c0: start FollowerState
2019-10-17 07:41:44,579 [Thread-1004] INFO  impl.FollowerState (FollowerState.java:run(117)) - 443b071d-6096-48d6-bfe7-498b7c8032c0@group-7EB39FB5DF22-FollowerState was interrupted: java.lang.InterruptedException: sleep interrupted
2019-10-17 07:41:44,604 [cbde3520-0cea-4357-bb04-1a0ae64b2bb1@group-7EB39FB5DF22-LeaderElection120] INFO  impl.LeaderElection (LeaderElection.java:logAndReturn(56)) - cbde3520-0cea-4357-bb04-1a0ae64b2bb1@group-7EB39FB5DF22-LeaderElection120: Election REJECTED; received 2 response(s) [cbde3520-0cea-4357-bb04-1a0ae64b2bb1<-40d2d32e-dd25-45df-8070-f9dc56ccf0a7#0:FAIL-t118, cbde3520-0cea-4357-bb04-1a0ae64b2bb1<-443b071d-6096-48d6-bfe7-498b7c8032c0#0:FAIL-t118] and 0 exception(s); cbde3520-0cea-4357-bb04-1a0ae64b2bb1@group-7EB39FB5DF22:t118, leader=null, voted=cbde3520-0cea-4357-bb04-1a0ae64b2bb1, raftlog=cbde3520-0cea-4357-bb04-1a0ae64b2bb1@group-7EB39FB5DF22-SegmentedRaftLog:OPENED:c-1,f-1,i0, conf=-1: [40d2d32e-dd25-45df-8070-f9dc56ccf0a7:192.168.34.62:41633, cbde3520-0cea-4357-bb04-1a0ae64b2bb1:192.168.34.62:41642, 443b071d-6096-48d6-bfe7-498b7c8032c0:192.168.34.62:46516], old=null
2019-10-17 07:41:44,604 [cbde3520-0cea-4357-bb04-1a0ae64b2bb1@group-7EB39FB5DF22-LeaderElection120] INFO  impl.RaftServerImpl (RaftServerImpl.java:setRole(184)) - cbde3520-0cea-4357-bb04-1a0ae64b2bb1@group-7EB39FB5DF22: changes role from CANDIDATE to FOLLOWER at term 118 for DISCOVERED_A_NEW_TERM
2019-10-17 07:41:44,604 [cbde3520-0cea-4357-bb04-1a0ae64b2bb1@group-7EB39FB5DF22-LeaderElection120] INFO  impl.RoleInfo (RoleInfo.java:shutdownLeaderElection(134)) - cbde3520-0cea-4357-bb04-1a0ae64b2bb1: shutdown LeaderElection
2019-10-17 07:41:44,604 [cbde3520-0cea-4357-bb04-1a0ae64b2bb1@group-7EB39FB5DF22-LeaderElection120] INFO  impl.RoleInfo (RoleInfo.java:updateAndGet(143)) - cbde3520-0cea-4357-bb04-1a0ae64b2bb1: start FollowerState
2019-10-17 07:41:44,616 [Thread-1010] INFO  impl.FollowerState (FollowerState.java:run(108)) - cbde3520-0cea-4357-bb04-1a0ae64b2bb1@group-7EB39FB5DF22-FollowerState: change to CANDIDATE, lastRpcTime:11ms, electionTimeout:11ms
2019-10-17 07:41:44,616 [Thread-1010] INFO  impl.RoleInfo (RoleInfo.java:shutdownFollowerState(121)) - cbde3520-0cea-4357-bb04-1a0ae64b2bb1: shutdown FollowerState
2019-10-17 07:41:44,616 [Thread-1010] INFO  impl.RaftServerImpl (RaftServerImpl.java:setRole(184)) - cbde3520-0cea-4357-bb04-1a0ae64b2bb1@group-7EB39FB5DF22: changes role from  FOLLOWER to CANDIDATE at term 118 for changeToCandidate
2019-10-17 07:41:44,616 [Thread-1010] INFO  impl.RoleInfo (RoleInfo.java:updateAndGet(143)) - cbde3520-0cea-4357-bb04-1a0ae64b2bb1: start LeaderElection
2019-10-17 07:41:44,640 [cbde3520-0cea-4357-bb04-1a0ae64b2bb1@group-7EB39FB5DF22-LeaderElection121] INFO  impl.LeaderElection (LeaderElection.java:askForVotes(178)) - cbde3520-0cea-4357-bb04-1a0ae64b2bb1@group-7EB39FB5DF22-LeaderElection121: begin an election at term 119 for -1: [40d2d32e-dd25-45df-8070-f9dc56ccf0a7:192.168.34.62:41633, cbde3520-0cea-4357-bb04-1a0ae64b2bb1:192.168.34.62:41642, 443b071d-6096-48d6-bfe7-498b7c8032c0:192.168.34.62:46516], old=null
2019-10-17 07:41:44,643 [grpc-default-executor-4] INFO  impl.RaftServerImpl (RaftServerImpl.java:setRole(184)) - 40d2d32e-dd25-45df-8070-f9dc56ccf0a7@group-7EB39FB5DF22: changes role from  FOLLOWER to FOLLOWER at term 119 for recognizeCandidate:cbde3520-0cea-4357-bb04-1a0ae64b2bb1
2019-10-17 07:41:44,643 [grpc-default-executor-4] INFO  impl.RoleInfo (RoleInfo.java:shutdownFollowerState(121)) - 40d2d32e-dd25-45df-8070-f9dc56ccf0a7: shutdown FollowerState
2019-10-17 07:41:44,643 [grpc-default-executor-4] INFO  impl.RoleInfo (RoleInfo.java:updateAndGet(143)) - 40d2d32e-dd25-45df-8070-f9dc56ccf0a7: start FollowerState
2019-10-17 07:41:44,643 [Thread-1008] INFO  impl.FollowerState (FollowerState.java:run(117)) - 40d2d32e-dd25-45df-8070-f9dc56ccf0a7@group-7EB39FB5DF22-FollowerState was interrupted: java.lang.InterruptedException: sleep interrupted
2019-10-17 07:41:44,643 [grpc-default-executor-1] INFO  impl.RaftServerImpl (RaftServerImpl.java:setRole(184)) - 443b071d-6096-48d6-bfe7-498b7c8032c0@group-7EB39FB5DF22: changes role from  FOLLOWER to FOLLOWER at term 119 for recognizeCandidate:cbde3520-0cea-4357-bb04-1a0ae64b2bb1
2019-10-17 07:41:44,643 [grpc-default-executor-1] INFO  impl.RoleInfo (RoleInfo.java:shutdownFollowerState(121)) - 443b071d-6096-48d6-bfe7-498b7c8032c0: shutdown FollowerState
2019-10-17 07:41:44,644 [grpc-default-executor-1] INFO  impl.RoleInfo (RoleInfo.java:updateAndGet(143)) - 443b071d-6096-48d6-bfe7-498b7c8032c0: start FollowerState
2019-10-17 07:41:44,644 [Thread-1009] INFO  impl.FollowerState (FollowerState.java:run(117)) - 443b071d-6096-48d6-bfe7-498b7c8032c0@group-7EB39FB5DF22-FollowerState was interrupted: java.lang.InterruptedException: sleep interrupted
2019-10-17 07:41:44,667 [cbde3520-0cea-4357-bb04-1a0ae64b2bb1@group-7EB39FB5DF22-LeaderElection121] INFO  impl.LeaderElection (LeaderElection.java:logAndReturn(56)) - cbde3520-0cea-4357-bb04-1a0ae64b2bb1@group-7EB39FB5DF22-LeaderElection121: Election REJECTED; received 2 response(s) [cbde3520-0cea-4357-bb04-1a0ae64b2bb1<-40d2d32e-dd25-45df-8070-f9dc56ccf0a7#0:FAIL-t119, cbde3520-0cea-4357-bb04-1a0ae64b2bb1<-443b071d-6096-48d6-bfe7-498b7c8032c0#0:FAIL-t119] and 0 exception(s); cbde3520-0cea-4357-bb04-1a0ae64b2bb1@group-7EB39FB5DF22:t119, leader=null, voted=cbde3520-0cea-4357-bb04-1a0ae64b2bb1, raftlog=cbde3520-0cea-4357-bb04-1a0ae64b2bb1@group-7EB39FB5DF22-SegmentedRaftLog:OPENED:c-1,f-1,i0, conf=-1: [40d2d32e-dd25-45df-8070-f9dc56ccf0a7:192.168.34.62:41633, cbde3520-0cea-4357-bb04-1a0ae64b2bb1:192.168.34.62:41642, 443b071d-6096-48d6-bfe7-498b7c8032c0:192.168.34.62:46516], old=null
2019-10-17 07:41:44,668 [cbde3520-0cea-4357-bb04-1a0ae64b2bb1@group-7EB39FB5DF22-LeaderElection121] INFO  impl.RaftServerImpl (RaftServerImpl.java:setRole(184)) - cbde3520-0cea-4357-bb04-1a0ae64b2bb1@group-7EB39FB5DF22: changes role from CANDIDATE to FOLLOWER at term 119 for DISCOVERED_A_NEW_TERM
2019-10-17 07:41:44,668 [cbde3520-0cea-4357-bb04-1a0ae64b2bb1@group-7EB39FB5DF22-LeaderElection121] INFO  impl.RoleInfo (RoleInfo.java:shutdownLeaderElection(134)) - cbde3520-0cea-4357-bb04-1a0ae64b2bb1: shutdown LeaderElection
2019-10-17 07:41:44,668 [cbde3520-0cea-4357-bb04-1a0ae64b2bb1@group-7EB39FB5DF22-LeaderElection121] INFO  impl.RoleInfo (RoleInfo.java:updateAndGet(143)) - cbde3520-0cea-4357-bb04-1a0ae64b2bb1: start FollowerState
2019-10-17 07:41:44,689 [Thread-1016] INFO  impl.FollowerState (FollowerState.java:run(108)) - cbde3520-0cea-4357-bb04-1a0ae64b2bb1@group-7EB39FB5DF22-FollowerState: change to CANDIDATE, lastRpcTime:20ms, electionTimeout:20ms
2019-10-17 07:41:44,689 [Thread-1016] INFO  impl.RoleInfo (RoleInfo.java:shutdownFollowerState(121)) - cbde3520-0cea-4357-bb04-1a0ae64b2bb1: shutdown FollowerState
2019-10-17 07:41:44,689 [Thread-1016] INFO  impl.RaftServerImpl (RaftServerImpl.java:setRole(184)) - cbde3520-0cea-4357-bb04-1a0ae64b2bb1@group-7EB39FB5DF22: changes role from  FOLLOWER to CANDIDATE at term 119 for changeToCandidate
2019-10-17 07:41:44,689 [Thread-1016] INFO  impl.RoleInfo (RoleInfo.java:updateAndGet(143)) - cbde3520-0cea-4357-bb04-1a0ae64b2bb1: start LeaderElection
2019-10-17 07:41:44,726 [cbde3520-0cea-4357-bb04-1a0ae64b2bb1@group-7EB39FB5DF22-LeaderElection122] INFO  impl.LeaderElection (LeaderElection.java:askForVotes(178)) - cbde3520-0cea-4357-bb04-1a0ae64b2bb1@group-7EB39FB5DF22-LeaderElection122: begin an election at term 120 for -1: [40d2d32e-dd25-45df-8070-f9dc56ccf0a7:192.168.34.62:41633, cbde3520-0cea-4357-bb04-1a0ae64b2bb1:192.168.34.62:41642, 443b071d-6096-48d6-bfe7-498b7c8032c0:192.168.34.62:46516], old=null
2019-10-17 07:41:44,729 [grpc-default-executor-1] INFO  impl.RaftServerImpl (RaftServerImpl.java:setRole(184)) - 40d2d32e-dd25-45df-8070-f9dc56ccf0a7@group-7EB39FB5DF22: changes role from  FOLLOWER to FOLLOWER at term 120 for recognizeCandidate:cbde3520-0cea-4357-bb04-1a0ae64b2bb1
2019-10-17 07:41:44,729 [grpc-default-executor-1] INFO  impl.RoleInfo (RoleInfo.java:shutdownFollowerState(121)) - 40d2d32e-dd25-45df-8070-f9dc56ccf0a7: shutdown FollowerState
2019-10-17 07:41:44,729 [grpc-default-executor-1] INFO  impl.RoleInfo (RoleInfo.java:updateAndGet(143)) - 40d2d32e-dd25-45df-8070-f9dc56ccf0a7: start FollowerState
2019-10-17 07:41:44,730 [Thread-1014] INFO  impl.FollowerState (FollowerState.java:run(117)) - 40d2d32e-dd25-45df-8070-f9dc56ccf0a7@group-7EB39FB5DF22-FollowerState was interrupted: java.lang.InterruptedException: sleep interrupted
2019-10-17 07:41:44,730 [grpc-default-executor-4] INFO  impl.RaftServerImpl (RaftServerImpl.java:setRole(184)) - 443b071d-6096-48d6-bfe7-498b7c8032c0@group-7EB39FB5DF22: changes role from  FOLLOWER to FOLLOWER at term 120 for recognizeCandidate:cbde3520-0cea-4357-bb04-1a0ae64b2bb1
2019-10-17 07:41:44,730 [grpc-default-executor-4] INFO  impl.RoleInfo (RoleInfo.java:shutdownFollowerState(121)) - 443b071d-6096-48d6-bfe7-498b7c8032c0: shutdown FollowerState
2019-10-17 07:41:44,730 [grpc-default-executor-4] INFO  impl.RoleInfo (RoleInfo.java:updateAndGet(143)) - 443b071d-6096-48d6-bfe7-498b7c8032c0: start FollowerState
2019-10-17 07:41:44,730 [Thread-1015] INFO  impl.FollowerState (FollowerState.java:run(117)) - 443b071d-6096-48d6-bfe7-498b7c8032c0@group-7EB39FB5DF22-FollowerState was interrupted: java.lang.InterruptedException: sleep interrupted
2019-10-17 07:41:44,735 [cbde3520-0cea-4357-bb04-1a0ae64b2bb1@group-7EB39FB5DF22-LeaderElection122] INFO  impl.LeaderElection (LeaderElection.java:logAndReturn(56)) - cbde3520-0cea-4357-bb04-1a0ae64b2bb1@group-7EB39FB5DF22-LeaderElection122: Election TIMEOUT; received 0 response(s) [] and 0 exception(s); cbde3520-0cea-4357-bb04-1a0ae64b2bb1@group-7EB39FB5DF22:t120, leader=null, voted=cbde3520-0cea-4357-bb04-1a0ae64b2bb1, raftlog=cbde3520-0cea-4357-bb04-1a0ae64b2bb1@group-7EB39FB5DF22-SegmentedRaftLog:OPENED:c-1,f-1,i0, conf=-1: [40d2d32e-dd25-45df-8070-f9dc56ccf0a7:192.168.34.62:41633, cbde3520-0cea-4357-bb04-1a0ae64b2bb1:192.168.34.62:41642, 443b071d-6096-48d6-bfe7-498b7c8032c0:192.168.34.62:46516], old=null
2019-10-17 07:41:44,778 [cbde3520-0cea-4357-bb04-1a0ae64b2bb1@group-7EB39FB5DF22-LeaderElection122] INFO  impl.LeaderElection (LeaderElection.java:askForVotes(178)) - cbde3520-0cea-4357-bb04-1a0ae64b2bb1@group-7EB39FB5DF22-LeaderElection122: begin an election at term 121 for -1: [40d2d32e-dd25-45df-8070-f9dc56ccf0a7:192.168.34.62:41633, cbde3520-0cea-4357-bb04-1a0ae64b2bb1:192.168.34.62:41642, 443b071d-6096-48d6-bfe7-498b7c8032c0:192.168.34.62:46516], old=null
2019-10-17 07:41:44,780 [grpc-default-executor-4] INFO  impl.RaftServerImpl (RaftServerImpl.java:setRole(184)) - 40d2d32e-dd25-45df-8070-f9dc56ccf0a7@group-7EB39FB5DF22: changes role from  FOLLOWER to FOLLOWER at term 121 for recognizeCandidate:cbde3520-0cea-4357-bb04-1a0ae64b2bb1
2019-10-17 07:41:44,781 [grpc-default-executor-1] INFO  impl.RaftServerImpl (RaftServerImpl.java:setRole(184)) - 443b071d-6096-48d6-bfe7-498b7c8032c0@group-7EB39FB5DF22: changes role from  FOLLOWER to FOLLOWER at term 121 for recognizeCandidate:cbde3520-0cea-4357-bb04-1a0ae64b2bb1
2019-10-17 07:41:44,781 [grpc-default-executor-4] INFO  impl.RoleInfo (RoleInfo.java:shutdownFollowerState(121)) - 40d2d32e-dd25-45df-8070-f9dc56ccf0a7: shutdown FollowerState
2019-10-17 07:41:44,781 [grpc-default-executor-1] INFO  impl.RoleInfo (RoleInfo.java:shutdownFollowerState(121)) - 443b071d-6096-48d6-bfe7-498b7c8032c0: shutdown FollowerState
2019-10-17 07:41:44,781 [Thread-1020] INFO  impl.FollowerState (FollowerState.java:run(117)) - 40d2d32e-dd25-45df-8070-f9dc56ccf0a7@group-7EB39FB5DF22-FollowerState was interrupted: java.lang.InterruptedException: sleep interrupted
2019-10-17 07:41:44,781 [grpc-default-executor-4] INFO  impl.RoleInfo (RoleInfo.java:updateAndGet(143)) - 40d2d32e-dd25-45df-8070-f9dc56ccf0a7: start FollowerState
2019-10-17 07:41:44,781 [Thread-1021] INFO  impl.FollowerState (FollowerState.java:run(117)) - 443b071d-6096-48d6-bfe7-498b7c8032c0@group-7EB39FB5DF22-FollowerState was interrupted: java.lang.InterruptedException: sleep interrupted
2019-10-17 07:41:44,781 [grpc-default-executor-1] INFO  impl.RoleInfo (RoleInfo.java:updateAndGet(143)) - 443b071d-6096-48d6-bfe7-498b7c8032c0: start FollowerState
2019-10-17 07:41:44,804 [cbde3520-0cea-4357-bb04-1a0ae64b2bb1@group-7EB39FB5DF22-LeaderElection122] INFO  impl.LeaderElection (LeaderElection.java:logAndReturn(56)) - cbde3520-0cea-4357-bb04-1a0ae64b2bb1@group-7EB39FB5DF22-LeaderElection122: Election REJECTED; received 2 response(s) [cbde3520-0cea-4357-bb04-1a0ae64b2bb1<-40d2d32e-dd25-45df-8070-f9dc56ccf0a7#0:FAIL-t121, cbde3520-0cea-4357-bb04-1a0ae64b2bb1<-443b071d-6096-48d6-bfe7-498b7c8032c0#0:FAIL-t121] and 0 exception(s); cbde3520-0cea-4357-bb04-1a0ae64b2bb1@group-7EB39FB5DF22:t121, leader=null, voted=cbde3520-0cea-4357-bb04-1a0ae64b2bb1, raftlog=cbde3520-0cea-4357-bb04-1a0ae64b2bb1@group-7EB39FB5DF22-SegmentedRaftLog:OPENED:c-1,f-1,i0, conf=-1: [40d2d32e-dd25-45df-8070-f9dc56ccf0a7:192.168.34.62:41633, cbde3520-0cea-4357-bb04-1a0ae64b2bb1:192.168.34.62:41642, 443b071d-6096-48d6-bfe7-498b7c8032c0:192.168.34.62:46516], old=null
2019-10-17 07:41:44,804 [cbde3520-0cea-4357-bb04-1a0ae64b2bb1@group-7EB39FB5DF22-LeaderElection122] INFO  impl.RaftServerImpl (RaftServerImpl.java:setRole(184)) - cbde3520-0cea-4357-bb04-1a0ae64b2bb1@group-7EB39FB5DF22: changes role from CANDIDATE to FOLLOWER at term 121 for DISCOVERED_A_NEW_TERM
2019-10-17 07:41:44,805 [cbde3520-0cea-4357-bb04-1a0ae64b2bb1@group-7EB39FB5DF22-LeaderElection122] INFO  impl.RoleInfo (RoleInfo.java:shutdownLeaderElection(134)) - cbde3520-0cea-4357-bb04-1a0ae64b2bb1: shutdown LeaderElection
2019-10-17 07:41:44,805 [cbde3520-0cea-4357-bb04-1a0ae64b2bb1@group-7EB39FB5DF22-LeaderElection122] INFO  impl.RoleInfo (RoleInfo.java:updateAndGet(143)) - cbde3520-0cea-4357-bb04-1a0ae64b2bb1: start FollowerState
2019-10-17 07:41:44,897 [Thread-1026] INFO  impl.FollowerState (FollowerState.java:run(108)) - cbde3520-0cea-4357-bb04-1a0ae64b2bb1@group-7EB39FB5DF22-FollowerState: change to CANDIDATE, lastRpcTime:92ms, electionTimeout:92ms
2019-10-17 07:41:44,897 [Thread-1026] INFO  impl.RoleInfo (RoleInfo.java:shutdownFollowerState(121)) - cbde3520-0cea-4357-bb04-1a0ae64b2bb1: shutdown FollowerState
2019-10-17 07:41:44,898 [Thread-1026] INFO  impl.RaftServerImpl (RaftServerImpl.java:setRole(184)) - cbde3520-0cea-4357-bb04-1a0ae64b2bb1@group-7EB39FB5DF22: changes role from  FOLLOWER to CANDIDATE at term 121 for changeToCandidate
2019-10-17 07:41:44,898 [Thread-1026] INFO  impl.RoleInfo (RoleInfo.java:updateAndGet(143)) - cbde3520-0cea-4357-bb04-1a0ae64b2bb1: start LeaderElection
2019-10-17 07:41:44,928 [cbde3520-0cea-4357-bb04-1a0ae64b2bb1@group-7EB39FB5DF22-LeaderElection123] INFO  impl.LeaderElection (LeaderElection.java:askForVotes(178)) - cbde3520-0cea-4357-bb04-1a0ae64b2bb1@group-7EB39FB5DF22-LeaderElection123: begin an election at term 122 for -1: [40d2d32e-dd25-45df-8070-f9dc56ccf0a7:192.168.34.62:41633, cbde3520-0cea-4357-bb04-1a0ae64b2bb1:192.168.34.62:41642, 443b071d-6096-48d6-bfe7-498b7c8032c0:192.168.34.62:46516], old=null
2019-10-17 07:41:44,931 [grpc-default-executor-1] INFO  impl.RaftServerImpl (RaftServerImpl.java:setRole(184)) - 40d2d32e-dd25-45df-8070-f9dc56ccf0a7@group-7EB39FB5DF22: changes role from  FOLLOWER to FOLLOWER at term 122 for recognizeCandidate:cbde3520-0cea-4357-bb04-1a0ae64b2bb1
2019-10-17 07:41:44,931 [grpc-default-executor-1] INFO  impl.RoleInfo (RoleInfo.java:shutdownFollowerState(121)) - 40d2d32e-dd25-45df-8070-f9dc56ccf0a7: shutdown FollowerState
2019-10-17 07:41:44,931 [grpc-default-executor-4] INFO  impl.RaftServerImpl (RaftServerImpl.java:setRole(184)) - 443b071d-6096-48d6-bfe7-498b7c8032c0@group-7EB39FB5DF22: changes role from  FOLLOWER to FOLLOWER at term 122 for recognizeCandidate:cbde3520-0cea-4357-bb04-1a0ae64b2bb1
2019-10-17 07:41:44,931 [Thread-1024] INFO  impl.FollowerState (FollowerState.java:run(117)) - 40d2d32e-dd25-45df-8070-f9dc56ccf0a7@group-7EB39FB5DF22-FollowerState was interrupted: java.lang.InterruptedException: sleep interrupted
2019-10-17 07:41:44,931 [grpc-default-executor-1] INFO  impl.RoleInfo (RoleInfo.java:updateAndGet(143)) - 40d2d32e-dd25-45df-8070-f9dc56ccf0a7: start FollowerState
2019-10-17 07:41:44,931 [grpc-default-executor-4] INFO  impl.RoleInfo (RoleInfo.java:shutdownFollowerState(121)) - 443b071d-6096-48d6-bfe7-498b7c8032c0: shutdown FollowerState
2019-10-17 07:41:44,932 [grpc-default-executor-4] INFO  impl.RoleInfo (RoleInfo.java:updateAndGet(143)) - 443b071d-6096-48d6-bfe7-498b7c8032c0: start FollowerState
2019-10-17 07:41:44,932 [Thread-1025] INFO  impl.FollowerState (FollowerState.java:run(117)) - 443b071d-6096-48d6-bfe7-498b7c8032c0@group-7EB39FB5DF22-FollowerState was interrupted: java.lang.InterruptedException: sleep interrupted
2019-10-17 07:41:44,955 [cbde3520-0cea-4357-bb04-1a0ae64b2bb1@group-7EB39FB5DF22-LeaderElection123] INFO  impl.LeaderElection (LeaderElection.java:logAndReturn(56)) - cbde3520-0cea-4357-bb04-1a0ae64b2bb1@group-7EB39FB5DF22-LeaderElection123: Election REJECTED; received 2 response(s) [cbde3520-0cea-4357-bb04-1a0ae64b2bb1<-40d2d32e-dd25-45df-8070-f9dc56ccf0a7#0:FAIL-t122, cbde3520-0cea-4357-bb04-1a0ae64b2bb1<-443b071d-6096-48d6-bfe7-498b7c8032c0#0:FAIL-t122] and 0 exception(s); cbde3520-0cea-4357-bb04-1a0ae64b2bb1@group-7EB39FB5DF22:t122, leader=null, voted=cbde3520-0cea-4357-bb04-1a0ae64b2bb1, raftlog=cbde3520-0cea-4357-bb04-1a0ae64b2bb1@group-7EB39FB5DF22-SegmentedRaftLog:OPENED:c-1,f-1,i0, conf=-1: [40d2d32e-dd25-45df-8070-f9dc56ccf0a7:192.168.34.62:41633, cbde3520-0cea-4357-bb04-1a0ae64b2bb1:192.168.34.62:41642, 443b071d-6096-48d6-bfe7-498b7c8032c0:192.168.34.62:46516], old=null
2019-10-17 07:41:44,956 [cbde3520-0cea-4357-bb04-1a0ae64b2bb1@group-7EB39FB5DF22-LeaderElection123] INFO  impl.RaftServerImpl (RaftServerImpl.java:setRole(184)) - cbde3520-0cea-4357-bb04-1a0ae64b2bb1@group-7EB39FB5DF22: changes role from CANDIDATE to FOLLOWER at term 122 for DISCOVERED_A_NEW_TERM
2019-10-17 07:41:44,956 [cbde3520-0cea-4357-bb04-1a0ae64b2bb1@group-7EB39FB5DF22-LeaderElection123] INFO  impl.RoleInfo (RoleInfo.java:shutdownLeaderElection(134)) - cbde3520-0cea-4357-bb04-1a0ae64b2bb1: shutdown LeaderElection
2019-10-17 07:41:44,956 [cbde3520-0cea-4357-bb04-1a0ae64b2bb1@group-7EB39FB5DF22-LeaderElection123] INFO  impl.RoleInfo (RoleInfo.java:updateAndGet(143)) - cbde3520-0cea-4357-bb04-1a0ae64b2bb1: start FollowerState
2019-10-17 07:41:44,974 [Thread-1032] INFO  impl.FollowerState (FollowerState.java:run(108)) - cbde3520-0cea-4357-bb04-1a0ae64b2bb1@group-7EB39FB5DF22-FollowerState: change to CANDIDATE, lastRpcTime:18ms, electionTimeout:18ms
2019-10-17 07:41:44,975 [Thread-1032] INFO  impl.RoleInfo (RoleInfo.java:shutdownFollowerState(121)) - cbde3520-0cea-4357-bb04-1a0ae64b2bb1: shutdown FollowerState
2019-10-17 07:41:44,975 [Thread-1032] INFO  impl.RaftServerImpl (RaftServerImpl.java:setRole(184)) - cbde3520-0cea-4357-bb04-1a0ae64b2bb1@group-7EB39FB5DF22: changes role from  FOLLOWER to CANDIDATE at term 122 for changeToCandidate
2019-10-17 07:41:44,975 [Thread-1032] INFO  impl.RoleInfo (RoleInfo.java:updateAndGet(143)) - cbde3520-0cea-4357-bb04-1a0ae64b2bb1: start LeaderElection
2019-10-17 07:41:45,004 [cbde3520-0cea-4357-bb04-1a0ae64b2bb1@group-7EB39FB5DF22-LeaderElection124] INFO  impl.LeaderElection (LeaderElection.java:askForVotes(178)) - cbde3520-0cea-4357-bb04-1a0ae64b2bb1@group-7EB39FB5DF22-LeaderElection124: begin an election at term 123 for -1: [40d2d32e-dd25-45df-8070-f9dc56ccf0a7:192.168.34.62:41633, cbde3520-0cea-4357-bb04-1a0ae64b2bb1:192.168.34.62:41642, 443b071d-6096-48d6-bfe7-498b7c8032c0:192.168.34.62:46516], old=null
2019-10-17 07:41:45,007 [grpc-default-executor-4] INFO  impl.RaftServerImpl (RaftServerImpl.java:setRole(184)) - 443b071d-6096-48d6-bfe7-498b7c8032c0@group-7EB39FB5DF22: changes role from  FOLLOWER to FOLLOWER at term 123 for recognizeCandidate:cbde3520-0cea-4357-bb04-1a0ae64b2bb1
2019-10-17 07:41:45,007 [grpc-default-executor-1] INFO  impl.RaftServerImpl (RaftServerImpl.java:setRole(184)) - 40d2d32e-dd25-45df-8070-f9dc56ccf0a7@group-7EB39FB5DF22: changes role from  FOLLOWER to FOLLOWER at term 123 for recognizeCandidate:cbde3520-0cea-4357-bb04-1a0ae64b2bb1
2019-10-17 07:41:45,007 [grpc-default-executor-4] INFO  impl.RoleInfo (RoleInfo.java:shutdownFollowerState(121)) - 443b071d-6096-48d6-bfe7-498b7c8032c0: shutdown FollowerState
2019-10-17 07:41:45,008 [grpc-default-executor-1] INFO  impl.RoleInfo (RoleInfo.java:shutdownFollowerState(121)) - 40d2d32e-dd25-45df-8070-f9dc56ccf0a7: shutdown FollowerState
2019-10-17 07:41:45,008 [Thread-1031] INFO  impl.FollowerState (FollowerState.java:run(117)) - 443b071d-6096-48d6-bfe7-498b7c8032c0@group-7EB39FB5DF22-FollowerState was interrupted: java.lang.InterruptedException: sleep interrupted
2019-10-17 07:41:45,008 [grpc-default-executor-4] INFO  impl.RoleInfo (RoleInfo.java:updateAndGet(143)) - 443b071d-6096-48d6-bfe7-498b7c8032c0: start FollowerState
2019-10-17 07:41:45,008 [Thread-1030] INFO  impl.FollowerState (FollowerState.java:run(117)) - 40d2d32e-dd25-45df-8070-f9dc56ccf0a7@group-7EB39FB5DF22-FollowerState was interrupted: java.lang.InterruptedException: sleep interrupted
2019-10-17 07:41:45,008 [grpc-default-executor-1] INFO  impl.RoleInfo (RoleInfo.java:updateAndGet(143)) - 40d2d32e-dd25-45df-8070-f9dc56ccf0a7: start FollowerState
2019-10-17 07:41:45,030 [cbde3520-0cea-4357-bb04-1a0ae64b2bb1@group-7EB39FB5DF22-LeaderElection124] INFO  impl.LeaderElection (LeaderElection.java:logAndReturn(56)) - cbde3520-0cea-4357-bb04-1a0ae64b2bb1@group-7EB39FB5DF22-LeaderElection124: Election REJECTED; received 2 response(s) [cbde3520-0cea-4357-bb04-1a0ae64b2bb1<-40d2d32e-dd25-45df-8070-f9dc56ccf0a7#0:FAIL-t123, cbde3520-0cea-4357-bb04-1a0ae64b2bb1<-443b071d-6096-48d6-bfe7-498b7c8032c0#0:FAIL-t123] and 0 exception(s); cbde3520-0cea-4357-bb04-1a0ae64b2bb1@group-7EB39FB5DF22:t123, leader=null, voted=cbde3520-0cea-4357-bb04-1a0ae64b2bb1, raftlog=cbde3520-0cea-4357-bb04-1a0ae64b2bb1@group-7EB39FB5DF22-SegmentedRaftLog:OPENED:c-1,f-1,i0, conf=-1: [40d2d32e-dd25-45df-8070-f9dc56ccf0a7:192.168.34.62:41633, cbde3520-0cea-4357-bb04-1a0ae64b2bb1:192.168.34.62:41642, 443b071d-6096-48d6-bfe7-498b7c8032c0:192.168.34.62:46516], old=null
2019-10-17 07:41:45,031 [cbde3520-0cea-4357-bb04-1a0ae64b2bb1@group-7EB39FB5DF22-LeaderElection124] INFO  impl.RaftServerImpl (RaftServerImpl.java:setRole(184)) - cbde3520-0cea-4357-bb04-1a0ae64b2bb1@group-7EB39FB5DF22: changes role from CANDIDATE to FOLLOWER at term 123 for DISCOVERED_A_NEW_TERM
2019-10-17 07:41:45,031 [cbde3520-0cea-4357-bb04-1a0ae64b2bb1@group-7EB39FB5DF22-LeaderElection124] INFO  impl.RoleInfo (RoleInfo.java:shutdownLeaderElection(134)) - cbde3520-0cea-4357-bb04-1a0ae64b2bb1: shutdown LeaderElection
2019-10-17 07:41:45,031 [cbde3520-0cea-4357-bb04-1a0ae64b2bb1@group-7EB39FB5DF22-LeaderElection124] INFO  impl.RoleInfo (RoleInfo.java:updateAndGet(143)) - cbde3520-0cea-4357-bb04-1a0ae64b2bb1: start FollowerState
2019-10-17 07:41:45,209 [main] INFO  ozone.MiniOzoneClusterImpl (MiniOzoneClusterImpl.java:lambda$waitForClusterToBeReady$2(164)) - Waiting for 1 number of pipelines out of 5, to report a leader.
2019-10-17 07:41:45,226 [Thread-1038] INFO  impl.FollowerState (FollowerState.java:run(108)) - cbde3520-0cea-4357-bb04-1a0ae64b2bb1@group-7EB39FB5DF22-FollowerState: change to CANDIDATE, lastRpcTime:195ms, electionTimeout:195ms
2019-10-17 07:41:45,226 [Thread-1038] INFO  impl.RoleInfo (RoleInfo.java:shutdownFollowerState(121)) - cbde3520-0cea-4357-bb04-1a0ae64b2bb1: shutdown FollowerState
2019-10-17 07:41:45,227 [Thread-1038] INFO  impl.RaftServerImpl (RaftServerImpl.java:setRole(184)) - cbde3520-0cea-4357-bb04-1a0ae64b2bb1@group-7EB39FB5DF22: changes role from  FOLLOWER to CANDIDATE at term 123 for changeToCandidate
2019-10-17 07:41:45,227 [Thread-1038] INFO  impl.RoleInfo (RoleInfo.java:updateAndGet(143)) - cbde3520-0cea-4357-bb04-1a0ae64b2bb1: start LeaderElection
2019-10-17 07:41:45,255 [cbde3520-0cea-4357-bb04-1a0ae64b2bb1@group-7EB39FB5DF22-LeaderElection125] INFO  impl.LeaderElection (LeaderElection.java:askForVotes(178)) - cbde3520-0cea-4357-bb04-1a0ae64b2bb1@group-7EB39FB5DF22-LeaderElection125: begin an election at term 124 for -1: [40d2d32e-dd25-45df-8070-f9dc56ccf0a7:192.168.34.62:41633, cbde3520-0cea-4357-bb04-1a0ae64b2bb1:192.168.34.62:41642, 443b071d-6096-48d6-bfe7-498b7c8032c0:192.168.34.62:46516], old=null
2019-10-17 07:41:45,257 [grpc-default-executor-1] INFO  impl.RaftServerImpl (RaftServerImpl.java:setRole(184)) - 443b071d-6096-48d6-bfe7-498b7c8032c0@group-7EB39FB5DF22: changes role from  FOLLOWER to FOLLOWER at term 124 for recognizeCandidate:cbde3520-0cea-4357-bb04-1a0ae64b2bb1
2019-10-17 07:41:45,258 [grpc-default-executor-1] INFO  impl.RoleInfo (RoleInfo.java:shutdownFollowerState(121)) - 443b071d-6096-48d6-bfe7-498b7c8032c0: shutdown FollowerState
2019-10-17 07:41:45,258 [grpc-default-executor-1] INFO  impl.RoleInfo (RoleInfo.java:updateAndGet(143)) - 443b071d-6096-48d6-bfe7-498b7c8032c0: start FollowerState
2019-10-17 07:41:45,258 [grpc-default-executor-4] INFO  impl.RaftServerImpl (RaftServerImpl.java:setRole(184)) - 40d2d32e-dd25-45df-8070-f9dc56ccf0a7@group-7EB39FB5DF22: changes role from  FOLLOWER to FOLLOWER at term 124 for recognizeCandidate:cbde3520-0cea-4357-bb04-1a0ae64b2bb1
2019-10-17 07:41:45,258 [grpc-default-executor-4] INFO  impl.RoleInfo (RoleInfo.java:shutdownFollowerState(121)) - 40d2d32e-dd25-45df-8070-f9dc56ccf0a7: shutdown FollowerState
2019-10-17 07:41:45,258 [Thread-1036] INFO  impl.FollowerState (FollowerState.java:run(117)) - 443b071d-6096-48d6-bfe7-498b7c8032c0@group-7EB39FB5DF22-FollowerState was interrupted: java.lang.InterruptedException: sleep interrupted
2019-10-17 07:41:45,258 [grpc-default-executor-4] INFO  impl.RoleInfo (RoleInfo.java:updateAndGet(143)) - 40d2d32e-dd25-45df-8070-f9dc56ccf0a7: start FollowerState
2019-10-17 07:41:45,258 [Thread-1037] INFO  impl.FollowerState (FollowerState.java:run(117)) - 40d2d32e-dd25-45df-8070-f9dc56ccf0a7@group-7EB39FB5DF22-FollowerState was interrupted: java.lang.InterruptedException: sleep interrupted
2019-10-17 07:41:45,281 [cbde3520-0cea-4357-bb04-1a0ae64b2bb1@group-7EB39FB5DF22-LeaderElection125] INFO  impl.LeaderElection (LeaderElection.java:logAndReturn(56)) - cbde3520-0cea-4357-bb04-1a0ae64b2bb1@group-7EB39FB5DF22-LeaderElection125: Election REJECTED; received 2 response(s) [cbde3520-0cea-4357-bb04-1a0ae64b2bb1<-40d2d32e-dd25-45df-8070-f9dc56ccf0a7#0:FAIL-t124, cbde3520-0cea-4357-bb04-1a0ae64b2bb1<-443b071d-6096-48d6-bfe7-498b7c8032c0#0:FAIL-t124] and 0 exception(s); cbde3520-0cea-4357-bb04-1a0ae64b2bb1@group-7EB39FB5DF22:t124, leader=null, voted=cbde3520-0cea-4357-bb04-1a0ae64b2bb1, raftlog=cbde3520-0cea-4357-bb04-1a0ae64b2bb1@group-7EB39FB5DF22-SegmentedRaftLog:OPENED:c-1,f-1,i0, conf=-1: [40d2d32e-dd25-45df-8070-f9dc56ccf0a7:192.168.34.62:41633, cbde3520-0cea-4357-bb04-1a0ae64b2bb1:192.168.34.62:41642, 443b071d-6096-48d6-bfe7-498b7c8032c0:192.168.34.62:46516], old=null
2019-10-17 07:41:45,281 [cbde3520-0cea-4357-bb04-1a0ae64b2bb1@group-7EB39FB5DF22-LeaderElection125] INFO  impl.RaftServerImpl (RaftServerImpl.java:setRole(184)) - cbde3520-0cea-4357-bb04-1a0ae64b2bb1@group-7EB39FB5DF22: changes role from CANDIDATE to FOLLOWER at term 124 for DISCOVERED_A_NEW_TERM
2019-10-17 07:41:45,281 [cbde3520-0cea-4357-bb04-1a0ae64b2bb1@group-7EB39FB5DF22-LeaderElection125] INFO  impl.RoleInfo (RoleInfo.java:shutdownLeaderElection(134)) - cbde3520-0cea-4357-bb04-1a0ae64b2bb1: shutdown LeaderElection
2019-10-17 07:41:45,282 [cbde3520-0cea-4357-bb04-1a0ae64b2bb1@group-7EB39FB5DF22-LeaderElection125] INFO  impl.RoleInfo (RoleInfo.java:updateAndGet(143)) - cbde3520-0cea-4357-bb04-1a0ae64b2bb1: start FollowerState
2019-10-17 07:41:45,331 [Thread-1044] INFO  impl.FollowerState (FollowerState.java:run(108)) - cbde3520-0cea-4357-bb04-1a0ae64b2bb1@group-7EB39FB5DF22-FollowerState: change to CANDIDATE, lastRpcTime:49ms, electionTimeout:49ms
2019-10-17 07:41:45,331 [Thread-1044] INFO  impl.RoleInfo (RoleInfo.java:shutdownFollowerState(121)) - cbde3520-0cea-4357-bb04-1a0ae64b2bb1: shutdown FollowerState
2019-10-17 07:41:45,331 [Thread-1044] INFO  impl.RaftServerImpl (RaftServerImpl.java:setRole(184)) - cbde3520-0cea-4357-bb04-1a0ae64b2bb1@group-7EB39FB5DF22: changes role from  FOLLOWER to CANDIDATE at term 124 for changeToCandidate
2019-10-17 07:41:45,331 [Thread-1044] INFO  impl.RoleInfo (RoleInfo.java:updateAndGet(143)) - cbde3520-0cea-4357-bb04-1a0ae64b2bb1: start LeaderElection
2019-10-17 07:41:45,355 [cbde3520-0cea-4357-bb04-1a0ae64b2bb1@group-7EB39FB5DF22-LeaderElection126] INFO  impl.LeaderElection (LeaderElection.java:askForVotes(178)) - cbde3520-0cea-4357-bb04-1a0ae64b2bb1@group-7EB39FB5DF22-LeaderElection126: begin an election at term 125 for -1: [40d2d32e-dd25-45df-8070-f9dc56ccf0a7:192.168.34.62:41633, cbde3520-0cea-4357-bb04-1a0ae64b2bb1:192.168.34.62:41642, 443b071d-6096-48d6-bfe7-498b7c8032c0:192.168.34.62:46516], old=null
2019-10-17 07:41:45,358 [grpc-default-executor-1] INFO  impl.RaftServerImpl (RaftServerImpl.java:setRole(184)) - 40d2d32e-dd25-45df-8070-f9dc56ccf0a7@group-7EB39FB5DF22: changes role from  FOLLOWER to FOLLOWER at term 125 for recognizeCandidate:cbde3520-0cea-4357-bb04-1a0ae64b2bb1
2019-10-17 07:41:45,358 [grpc-default-executor-1] INFO  impl.RoleInfo (RoleInfo.java:shutdownFollowerState(121)) - 40d2d32e-dd25-45df-8070-f9dc56ccf0a7: shutdown FollowerState
2019-10-17 07:41:45,358 [grpc-default-executor-1] INFO  impl.RoleInfo (RoleInfo.java:updateAndGet(143)) - 40d2d32e-dd25-45df-8070-f9dc56ccf0a7: start FollowerState
2019-10-17 07:41:45,358 [Thread-1043] INFO  impl.FollowerState (FollowerState.java:run(117)) - 40d2d32e-dd25-45df-8070-f9dc56ccf0a7@group-7EB39FB5DF22-FollowerState was interrupted: java.lang.InterruptedException: sleep interrupted
2019-10-17 07:41:45,358 [grpc-default-executor-4] INFO  impl.RaftServerImpl (RaftServerImpl.java:setRole(184)) - 443b071d-6096-48d6-bfe7-498b7c8032c0@group-7EB39FB5DF22: changes role from  FOLLOWER to FOLLOWER at term 125 for recognizeCandidate:cbde3520-0cea-4357-bb04-1a0ae64b2bb1
2019-10-17 07:41:45,359 [grpc-default-executor-4] INFO  impl.RoleInfo (RoleInfo.java:shutdownFollowerState(121)) - 443b071d-6096-48d6-bfe7-498b7c8032c0: shutdown FollowerState
2019-10-17 07:41:45,359 [grpc-default-executor-4] INFO  impl.RoleInfo (RoleInfo.java:updateAndGet(143)) - 443b071d-6096-48d6-bfe7-498b7c8032c0: start FollowerState
2019-10-17 07:41:45,359 [Thread-1042] INFO  impl.FollowerState (FollowerState.java:run(117)) - 443b071d-6096-48d6-bfe7-498b7c8032c0@group-7EB39FB5DF22-FollowerState was interrupted: java.lang.InterruptedException: sleep interrupted
2019-10-17 07:41:45,373 [cbde3520-0cea-4357-bb04-1a0ae64b2bb1@group-7EB39FB5DF22-LeaderElection126] INFO  impl.LeaderElection (LeaderElection.java:logAndReturn(56)) - cbde3520-0cea-4357-bb04-1a0ae64b2bb1@group-7EB39FB5DF22-LeaderElection126: Election REJECTED; received 2 response(s) [cbde3520-0cea-4357-bb04-1a0ae64b2bb1<-40d2d32e-dd25-45df-8070-f9dc56ccf0a7#0:FAIL-t125, cbde3520-0cea-4357-bb04-1a0ae64b2bb1<-443b071d-6096-48d6-bfe7-498b7c8032c0#0:FAIL-t125] and 0 exception(s); cbde3520-0cea-4357-bb04-1a0ae64b2bb1@group-7EB39FB5DF22:t125, leader=null, voted=cbde3520-0cea-4357-bb04-1a0ae64b2bb1, raftlog=cbde3520-0cea-4357-bb04-1a0ae64b2bb1@group-7EB39FB5DF22-SegmentedRaftLog:OPENED:c-1,f-1,i0, conf=-1: [40d2d32e-dd25-45df-8070-f9dc56ccf0a7:192.168.34.62:41633, cbde3520-0cea-4357-bb04-1a0ae64b2bb1:192.168.34.62:41642, 443b071d-6096-48d6-bfe7-498b7c8032c0:192.168.34.62:46516], old=null
2019-10-17 07:41:45,373 [cbde3520-0cea-4357-bb04-1a0ae64b2bb1@group-7EB39FB5DF22-LeaderElection126] INFO  impl.RaftServerImpl (RaftServerImpl.java:setRole(184)) - cbde3520-0cea-4357-bb04-1a0ae64b2bb1@group-7EB39FB5DF22: changes role from CANDIDATE to FOLLOWER at term 125 for DISCOVERED_A_NEW_TERM
2019-10-17 07:41:45,374 [cbde3520-0cea-4357-bb04-1a0ae64b2bb1@group-7EB39FB5DF22-LeaderElection126] INFO  impl.RoleInfo (RoleInfo.java:shutdownLeaderElection(134)) - cbde3520-0cea-4357-bb04-1a0ae64b2bb1: shutdown LeaderElection
2019-10-17 07:41:45,374 [cbde3520-0cea-4357-bb04-1a0ae64b2bb1@group-7EB39FB5DF22-LeaderElection126] INFO  impl.RoleInfo (RoleInfo.java:updateAndGet(143)) - cbde3520-0cea-4357-bb04-1a0ae64b2bb1: start FollowerState
2019-10-17 07:41:45,529 [Thread-1050] INFO  impl.FollowerState (FollowerState.java:run(108)) - cbde3520-0cea-4357-bb04-1a0ae64b2bb1@group-7EB39FB5DF22-FollowerState: change to CANDIDATE, lastRpcTime:155ms, electionTimeout:155ms
2019-10-17 07:41:45,529 [Thread-1050] INFO  impl.RoleInfo (RoleInfo.java:shutdownFollowerState(121)) - cbde3520-0cea-4357-bb04-1a0ae64b2bb1: shutdown FollowerState
2019-10-17 07:41:45,530 [Thread-1050] INFO  impl.RaftServerImpl (RaftServerImpl.java:setRole(184)) - cbde3520-0cea-4357-bb04-1a0ae64b2bb1@group-7EB39FB5DF22: changes role from  FOLLOWER to CANDIDATE at term 125 for changeToCandidate
2019-10-17 07:41:45,530 [Thread-1050] INFO  impl.RoleInfo (RoleInfo.java:updateAndGet(143)) - cbde3520-0cea-4357-bb04-1a0ae64b2bb1: start LeaderElection
2019-10-17 07:41:45,550 [cbde3520-0cea-4357-bb04-1a0ae64b2bb1@group-7EB39FB5DF22-LeaderElection127] INFO  impl.LeaderElection (LeaderElection.java:askForVotes(178)) - cbde3520-0cea-4357-bb04-1a0ae64b2bb1@group-7EB39FB5DF22-LeaderElection127: begin an election at term 126 for -1: [40d2d32e-dd25-45df-8070-f9dc56ccf0a7:192.168.34.62:41633, cbde3520-0cea-4357-bb04-1a0ae64b2bb1:192.168.34.62:41642, 443b071d-6096-48d6-bfe7-498b7c8032c0:192.168.34.62:46516], old=null
2019-10-17 07:41:45,553 [grpc-default-executor-4] INFO  impl.RaftServerImpl (RaftServerImpl.java:setRole(184)) - 40d2d32e-dd25-45df-8070-f9dc56ccf0a7@group-7EB39FB5DF22: changes role from  FOLLOWER to FOLLOWER at term 126 for recognizeCandidate:cbde3520-0cea-4357-bb04-1a0ae64b2bb1
2019-10-17 07:41:45,553 [grpc-default-executor-4] INFO  impl.RoleInfo (RoleInfo.java:shutdownFollowerState(121)) - 40d2d32e-dd25-45df-8070-f9dc56ccf0a7: shutdown FollowerState
2019-10-17 07:41:45,553 [grpc-default-executor-1] INFO  impl.RaftServerImpl (RaftServerImpl.java:setRole(184)) - 443b071d-6096-48d6-bfe7-498b7c8032c0@group-7EB39FB5DF22: changes role from  FOLLOWER to FOLLOWER at term 126 for recognizeCandidate:cbde3520-0cea-4357-bb04-1a0ae64b2bb1
2019-10-17 07:41:45,553 [grpc-default-executor-1] INFO  impl.RoleInfo (RoleInfo.java:shutdownFollowerState(121)) - 443b071d-6096-48d6-bfe7-498b7c8032c0: shutdown FollowerState
2019-10-17 07:41:45,553 [Thread-1048] INFO  impl.FollowerState (FollowerState.java:run(117)) - 40d2d32e-dd25-45df-8070-f9dc56ccf0a7@group-7EB39FB5DF22-FollowerState was interrupted: java.lang.InterruptedException: sleep interrupted
2019-10-17 07:41:45,553 [grpc-default-executor-4] INFO  impl.RoleInfo (RoleInfo.java:updateAndGet(143)) - 40d2d32e-dd25-45df-8070-f9dc56ccf0a7: start FollowerState
2019-10-17 07:41:45,554 [grpc-default-executor-1] INFO  impl.RoleInfo (RoleInfo.java:updateAndGet(143)) - 443b071d-6096-48d6-bfe7-498b7c8032c0: start FollowerState
2019-10-17 07:41:45,554 [Thread-1049] INFO  impl.FollowerState (FollowerState.java:run(117)) - 443b071d-6096-48d6-bfe7-498b7c8032c0@group-7EB39FB5DF22-FollowerState was interrupted: java.lang.InterruptedException: sleep interrupted
2019-10-17 07:41:45,568 [cbde3520-0cea-4357-bb04-1a0ae64b2bb1@group-7EB39FB5DF22-LeaderElection127] INFO  impl.LeaderElection (LeaderElection.java:logAndReturn(56)) - cbde3520-0cea-4357-bb04-1a0ae64b2bb1@group-7EB39FB5DF22-LeaderElection127: Election REJECTED; received 2 response(s) [cbde3520-0cea-4357-bb04-1a0ae64b2bb1<-40d2d32e-dd25-45df-8070-f9dc56ccf0a7#0:FAIL-t126, cbde3520-0cea-4357-bb04-1a0ae64b2bb1<-443b071d-6096-48d6-bfe7-498b7c8032c0#0:FAIL-t126] and 0 exception(s); cbde3520-0cea-4357-bb04-1a0ae64b2bb1@group-7EB39FB5DF22:t126, leader=null, voted=cbde3520-0cea-4357-bb04-1a0ae64b2bb1, raftlog=cbde3520-0cea-4357-bb04-1a0ae64b2bb1@group-7EB39FB5DF22-SegmentedRaftLog:OPENED:c-1,f-1,i0, conf=-1: [40d2d32e-dd25-45df-8070-f9dc56ccf0a7:192.168.34.62:41633, cbde3520-0cea-4357-bb04-1a0ae64b2bb1:192.168.34.62:41642, 443b071d-6096-48d6-bfe7-498b7c8032c0:192.168.34.62:46516], old=null
2019-10-17 07:41:45,569 [cbde3520-0cea-4357-bb04-1a0ae64b2bb1@group-7EB39FB5DF22-LeaderElection127] INFO  impl.RaftServerImpl (RaftServerImpl.java:setRole(184)) - cbde3520-0cea-4357-bb04-1a0ae64b2bb1@group-7EB39FB5DF22: changes role from CANDIDATE to FOLLOWER at term 126 for DISCOVERED_A_NEW_TERM
2019-10-17 07:41:45,569 [cbde3520-0cea-4357-bb04-1a0ae64b2bb1@group-7EB39FB5DF22-LeaderElection127] INFO  impl.RoleInfo (RoleInfo.java:shutdownLeaderElection(134)) - cbde3520-0cea-4357-bb04-1a0ae64b2bb1: shutdown LeaderElection
2019-10-17 07:41:45,569 [cbde3520-0cea-4357-bb04-1a0ae64b2bb1@group-7EB39FB5DF22-LeaderElection127] INFO  impl.RoleInfo (RoleInfo.java:updateAndGet(143)) - cbde3520-0cea-4357-bb04-1a0ae64b2bb1: start FollowerState
2019-10-17 07:41:45,576 [Thread-1056] INFO  impl.FollowerState (FollowerState.java:run(108)) - cbde3520-0cea-4357-bb04-1a0ae64b2bb1@group-7EB39FB5DF22-FollowerState: change to CANDIDATE, lastRpcTime:7ms, electionTimeout:7ms
2019-10-17 07:41:45,577 [Thread-1056] INFO  impl.RoleInfo (RoleInfo.java:shutdownFollowerState(121)) - cbde3520-0cea-4357-bb04-1a0ae64b2bb1: shutdown FollowerState
2019-10-17 07:41:45,577 [Thread-1056] INFO  impl.RaftServerImpl (RaftServerImpl.java:setRole(184)) - cbde3520-0cea-4357-bb04-1a0ae64b2bb1@group-7EB39FB5DF22: changes role from  FOLLOWER to CANDIDATE at term 126 for changeToCandidate
2019-10-17 07:41:45,577 [Thread-1056] INFO  impl.RoleInfo (RoleInfo.java:updateAndGet(143)) - cbde3520-0cea-4357-bb04-1a0ae64b2bb1: start LeaderElection
2019-10-17 07:41:45,601 [cbde3520-0cea-4357-bb04-1a0ae64b2bb1@group-7EB39FB5DF22-LeaderElection128] INFO  impl.LeaderElection (LeaderElection.java:askForVotes(178)) - cbde3520-0cea-4357-bb04-1a0ae64b2bb1@group-7EB39FB5DF22-LeaderElection128: begin an election at term 127 for -1: [40d2d32e-dd25-45df-8070-f9dc56ccf0a7:192.168.34.62:41633, cbde3520-0cea-4357-bb04-1a0ae64b2bb1:192.168.34.62:41642, 443b071d-6096-48d6-bfe7-498b7c8032c0:192.168.34.62:46516], old=null
2019-10-17 07:41:45,604 [grpc-default-executor-1] INFO  impl.RaftServerImpl (RaftServerImpl.java:setRole(184)) - 40d2d32e-dd25-45df-8070-f9dc56ccf0a7@group-7EB39FB5DF22: changes role from  FOLLOWER to FOLLOWER at term 127 for recognizeCandidate:cbde3520-0cea-4357-bb04-1a0ae64b2bb1
2019-10-17 07:41:45,604 [grpc-default-executor-1] INFO  impl.RoleInfo (RoleInfo.java:shutdownFollowerState(121)) - 40d2d32e-dd25-45df-8070-f9dc56ccf0a7: shutdown FollowerState
2019-10-17 07:41:45,604 [grpc-default-executor-4] INFO  impl.RaftServerImpl (RaftServerImpl.java:setRole(184)) - 443b071d-6096-48d6-bfe7-498b7c8032c0@group-7EB39FB5DF22: changes role from  FOLLOWER to FOLLOWER at term 127 for recognizeCandidate:cbde3520-0cea-4357-bb04-1a0ae64b2bb1
2019-10-17 07:41:45,605 [Thread-1054] INFO  impl.FollowerState (FollowerState.java:run(117)) - 40d2d32e-dd25-45df-8070-f9dc56ccf0a7@group-7EB39FB5DF22-FollowerState was interrupted: java.lang.InterruptedException: sleep interrupted
2019-10-17 07:41:45,604 [grpc-default-executor-1] INFO  impl.RoleInfo (RoleInfo.java:updateAndGet(143)) - 40d2d32e-dd25-45df-8070-f9dc56ccf0a7: start FollowerState
2019-10-17 07:41:45,605 [grpc-default-executor-4] INFO  impl.RoleInfo (RoleInfo.java:shutdownFollowerState(121)) - 443b071d-6096-48d6-bfe7-498b7c8032c0: shutdown FollowerState
2019-10-17 07:41:45,605 [grpc-default-executor-4] INFO  impl.RoleInfo (RoleInfo.java:updateAndGet(143)) - 443b071d-6096-48d6-bfe7-498b7c8032c0: start FollowerState
2019-10-17 07:41:45,605 [Thread-1055] INFO  impl.FollowerState (FollowerState.java:run(117)) - 443b071d-6096-48d6-bfe7-498b7c8032c0@group-7EB39FB5DF22-FollowerState was interrupted: java.lang.InterruptedException: sleep interrupted
2019-10-17 07:41:45,619 [cbde3520-0cea-4357-bb04-1a0ae64b2bb1@group-7EB39FB5DF22-LeaderElection128] INFO  impl.LeaderElection (LeaderElection.java:logAndReturn(56)) - cbde3520-0cea-4357-bb04-1a0ae64b2bb1@group-7EB39FB5DF22-LeaderElection128: Election REJECTED; received 2 response(s) [cbde3520-0cea-4357-bb04-1a0ae64b2bb1<-40d2d32e-dd25-45df-8070-f9dc56ccf0a7#0:FAIL-t127, cbde3520-0cea-4357-bb04-1a0ae64b2bb1<-443b071d-6096-48d6-bfe7-498b7c8032c0#0:FAIL-t127] and 0 exception(s); cbde3520-0cea-4357-bb04-1a0ae64b2bb1@group-7EB39FB5DF22:t127, leader=null, voted=cbde3520-0cea-4357-bb04-1a0ae64b2bb1, raftlog=cbde3520-0cea-4357-bb04-1a0ae64b2bb1@group-7EB39FB5DF22-SegmentedRaftLog:OPENED:c-1,f-1,i0, conf=-1: [40d2d32e-dd25-45df-8070-f9dc56ccf0a7:192.168.34.62:41633, cbde3520-0cea-4357-bb04-1a0ae64b2bb1:192.168.34.62:41642, 443b071d-6096-48d6-bfe7-498b7c8032c0:192.168.34.62:46516], old=null
2019-10-17 07:41:45,619 [cbde3520-0cea-4357-bb04-1a0ae64b2bb1@group-7EB39FB5DF22-LeaderElection128] INFO  impl.RaftServerImpl (RaftServerImpl.java:setRole(184)) - cbde3520-0cea-4357-bb04-1a0ae64b2bb1@group-7EB39FB5DF22: changes role from CANDIDATE to FOLLOWER at term 127 for DISCOVERED_A_NEW_TERM
2019-10-17 07:41:45,620 [cbde3520-0cea-4357-bb04-1a0ae64b2bb1@group-7EB39FB5DF22-LeaderElection128] INFO  impl.RoleInfo (RoleInfo.java:shutdownLeaderElection(134)) - cbde3520-0cea-4357-bb04-1a0ae64b2bb1: shutdown LeaderElection
2019-10-17 07:41:45,620 [cbde3520-0cea-4357-bb04-1a0ae64b2bb1@group-7EB39FB5DF22-LeaderElection128] INFO  impl.RoleInfo (RoleInfo.java:updateAndGet(143)) - cbde3520-0cea-4357-bb04-1a0ae64b2bb1: start FollowerState
2019-10-17 07:41:45,751 [Thread-1062] INFO  impl.FollowerState (FollowerState.java:run(108)) - cbde3520-0cea-4357-bb04-1a0ae64b2bb1@group-7EB39FB5DF22-FollowerState: change to CANDIDATE, lastRpcTime:131ms, electionTimeout:131ms
2019-10-17 07:41:45,752 [Thread-1062] INFO  impl.RoleInfo (RoleInfo.java:shutdownFollowerState(121)) - cbde3520-0cea-4357-bb04-1a0ae64b2bb1: shutdown FollowerState
2019-10-17 07:41:45,752 [Thread-1062] INFO  impl.RaftServerImpl (RaftServerImpl.java:setRole(184)) - cbde3520-0cea-4357-bb04-1a0ae64b2bb1@group-7EB39FB5DF22: changes role from  FOLLOWER to CANDIDATE at term 127 for changeToCandidate
2019-10-17 07:41:45,752 [Thread-1062] INFO  impl.RoleInfo (RoleInfo.java:updateAndGet(143)) - cbde3520-0cea-4357-bb04-1a0ae64b2bb1: start LeaderElection
2019-10-17 07:41:45,776 [cbde3520-0cea-4357-bb04-1a0ae64b2bb1@group-7EB39FB5DF22-LeaderElection129] INFO  impl.LeaderElection (LeaderElection.java:askForVotes(178)) - cbde3520-0cea-4357-bb04-1a0ae64b2bb1@group-7EB39FB5DF22-LeaderElection129: begin an election at term 128 for -1: [40d2d32e-dd25-45df-8070-f9dc56ccf0a7:192.168.34.62:41633, cbde3520-0cea-4357-bb04-1a0ae64b2bb1:192.168.34.62:41642, 443b071d-6096-48d6-bfe7-498b7c8032c0:192.168.34.62:46516], old=null
2019-10-17 07:41:45,779 [grpc-default-executor-4] INFO  impl.RaftServerImpl (RaftServerImpl.java:setRole(184)) - 443b071d-6096-48d6-bfe7-498b7c8032c0@group-7EB39FB5DF22: changes role from  FOLLOWER to FOLLOWER at term 128 for recognizeCandidate:cbde3520-0cea-4357-bb04-1a0ae64b2bb1
2019-10-17 07:41:45,779 [grpc-default-executor-1] INFO  impl.RaftServerImpl (RaftServerImpl.java:setRole(184)) - 40d2d32e-dd25-45df-8070-f9dc56ccf0a7@group-7EB39FB5DF22: changes role from  FOLLOWER to FOLLOWER at term 128 for recognizeCandidate:cbde3520-0cea-4357-bb04-1a0ae64b2bb1
2019-10-17 07:41:45,780 [grpc-default-executor-1] INFO  impl.RoleInfo (RoleInfo.java:shutdownFollowerState(121)) - 40d2d32e-dd25-45df-8070-f9dc56ccf0a7: shutdown FollowerState
2019-10-17 07:41:45,779 [grpc-default-executor-4] INFO  impl.RoleInfo (RoleInfo.java:shutdownFollowerState(121)) - 443b071d-6096-48d6-bfe7-498b7c8032c0: shutdown FollowerState
2019-10-17 07:41:45,780 [Thread-1060] INFO  impl.FollowerState (FollowerState.java:run(117)) - 40d2d32e-dd25-45df-8070-f9dc56ccf0a7@group-7EB39FB5DF22-FollowerState was interrupted: java.lang.InterruptedException: sleep interrupted
2019-10-17 07:41:45,780 [grpc-default-executor-1] INFO  impl.RoleInfo (RoleInfo.java:updateAndGet(143)) - 40d2d32e-dd25-45df-8070-f9dc56ccf0a7: start FollowerState
2019-10-17 07:41:45,780 [Thread-1061] INFO  impl.FollowerState (FollowerState.java:run(117)) - 443b071d-6096-48d6-bfe7-498b7c8032c0@group-7EB39FB5DF22-FollowerState was interrupted: java.lang.InterruptedException: sleep interrupted
2019-10-17 07:41:45,780 [grpc-default-executor-4] INFO  impl.RoleInfo (RoleInfo.java:updateAndGet(143)) - 443b071d-6096-48d6-bfe7-498b7c8032c0: start FollowerState
2019-10-17 07:41:45,795 [cbde3520-0cea-4357-bb04-1a0ae64b2bb1@group-7EB39FB5DF22-LeaderElection129] INFO  impl.LeaderElection (LeaderElection.java:logAndReturn(56)) - cbde3520-0cea-4357-bb04-1a0ae64b2bb1@group-7EB39FB5DF22-LeaderElection129: Election REJECTED; received 2 response(s) [cbde3520-0cea-4357-bb04-1a0ae64b2bb1<-40d2d32e-dd25-45df-8070-f9dc56ccf0a7#0:FAIL-t128, cbde3520-0cea-4357-bb04-1a0ae64b2bb1<-443b071d-6096-48d6-bfe7-498b7c8032c0#0:FAIL-t128] and 0 exception(s); cbde3520-0cea-4357-bb04-1a0ae64b2bb1@group-7EB39FB5DF22:t128, leader=null, voted=cbde3520-0cea-4357-bb04-1a0ae64b2bb1, raftlog=cbde3520-0cea-4357-bb04-1a0ae64b2bb1@group-7EB39FB5DF22-SegmentedRaftLog:OPENED:c-1,f-1,i0, conf=-1: [40d2d32e-dd25-45df-8070-f9dc56ccf0a7:192.168.34.62:41633, cbde3520-0cea-4357-bb04-1a0ae64b2bb1:192.168.34.62:41642, 443b071d-6096-48d6-bfe7-498b7c8032c0:192.168.34.62:46516], old=null
2019-10-17 07:41:45,795 [cbde3520-0cea-4357-bb04-1a0ae64b2bb1@group-7EB39FB5DF22-LeaderElection129] INFO  impl.RaftServerImpl (RaftServerImpl.java:setRole(184)) - cbde3520-0cea-4357-bb04-1a0ae64b2bb1@group-7EB39FB5DF22: changes role from CANDIDATE to FOLLOWER at term 128 for DISCOVERED_A_NEW_TERM
2019-10-17 07:41:45,795 [cbde3520-0cea-4357-bb04-1a0ae64b2bb1@group-7EB39FB5DF22-LeaderElection129] INFO  impl.RoleInfo (RoleInfo.java:shutdownLeaderElection(134)) - cbde3520-0cea-4357-bb04-1a0ae64b2bb1: shutdown LeaderElection
2019-10-17 07:41:45,795 [cbde3520-0cea-4357-bb04-1a0ae64b2bb1@group-7EB39FB5DF22-LeaderElection129] INFO  impl.RoleInfo (RoleInfo.java:updateAndGet(143)) - cbde3520-0cea-4357-bb04-1a0ae64b2bb1: start FollowerState
2019-10-17 07:41:45,839 [Thread-1068] INFO  impl.FollowerState (FollowerState.java:run(108)) - cbde3520-0cea-4357-bb04-1a0ae64b2bb1@group-7EB39FB5DF22-FollowerState: change to CANDIDATE, lastRpcTime:43ms, electionTimeout:43ms
2019-10-17 07:41:45,839 [Thread-1068] INFO  impl.RoleInfo (RoleInfo.java:shutdownFollowerState(121)) - cbde3520-0cea-4357-bb04-1a0ae64b2bb1: shutdown FollowerState
2019-10-17 07:41:45,839 [Thread-1068] INFO  impl.RaftServerImpl (RaftServerImpl.java:setRole(184)) - cbde3520-0cea-4357-bb04-1a0ae64b2bb1@group-7EB39FB5DF22: changes role from  FOLLOWER to CANDIDATE at term 128 for changeToCandidate
2019-10-17 07:41:45,839 [Thread-1068] INFO  impl.RoleInfo (RoleInfo.java:updateAndGet(143)) - cbde3520-0cea-4357-bb04-1a0ae64b2bb1: start LeaderElection
2019-10-17 07:41:45,863 [cbde3520-0cea-4357-bb04-1a0ae64b2bb1@group-7EB39FB5DF22-LeaderElection130] INFO  impl.LeaderElection (LeaderElection.java:askForVotes(178)) - cbde3520-0cea-4357-bb04-1a0ae64b2bb1@group-7EB39FB5DF22-LeaderElection130: begin an election at term 129 for -1: [40d2d32e-dd25-45df-8070-f9dc56ccf0a7:192.168.34.62:41633, cbde3520-0cea-4357-bb04-1a0ae64b2bb1:192.168.34.62:41642, 443b071d-6096-48d6-bfe7-498b7c8032c0:192.168.34.62:46516], old=null
2019-10-17 07:41:45,866 [grpc-default-executor-4] INFO  impl.RaftServerImpl (RaftServerImpl.java:setRole(184)) - 443b071d-6096-48d6-bfe7-498b7c8032c0@group-7EB39FB5DF22: changes role from  FOLLOWER to FOLLOWER at term 129 for recognizeCandidate:cbde3520-0cea-4357-bb04-1a0ae64b2bb1
2019-10-17 07:41:45,866 [grpc-default-executor-4] INFO  impl.RoleInfo (RoleInfo.java:shutdownFollowerState(121)) - 443b071d-6096-48d6-bfe7-498b7c8032c0: shutdown FollowerState
2019-10-17 07:41:45,866 [grpc-default-executor-4] INFO  impl.RoleInfo (RoleInfo.java:updateAndGet(143)) - 443b071d-6096-48d6-bfe7-498b7c8032c0: start FollowerState
2019-10-17 07:41:45,867 [grpc-default-executor-1] INFO  impl.RaftServerImpl (RaftServerImpl.java:setRole(184)) - 40d2d32e-dd25-45df-8070-f9dc56ccf0a7@group-7EB39FB5DF22: changes role from  FOLLOWER to FOLLOWER at term 129 for recognizeCandidate:cbde3520-0cea-4357-bb04-1a0ae64b2bb1
2019-10-17 07:41:45,867 [Thread-1067] INFO  impl.FollowerState (FollowerState.java:run(117)) - 443b071d-6096-48d6-bfe7-498b7c8032c0@group-7EB39FB5DF22-FollowerState was interrupted: java.lang.InterruptedException: sleep interrupted
2019-10-17 07:41:45,867 [grpc-default-executor-1] INFO  impl.RoleInfo (RoleInfo.java:shutdownFollowerState(121)) - 40d2d32e-dd25-45df-8070-f9dc56ccf0a7: shutdown FollowerState
2019-10-17 07:41:45,867 [grpc-default-executor-1] INFO  impl.RoleInfo (RoleInfo.java:updateAndGet(143)) - 40d2d32e-dd25-45df-8070-f9dc56ccf0a7: start FollowerState
2019-10-17 07:41:45,867 [Thread-1066] INFO  impl.FollowerState (FollowerState.java:run(117)) - 40d2d32e-dd25-45df-8070-f9dc56ccf0a7@group-7EB39FB5DF22-FollowerState was interrupted: java.lang.InterruptedException: sleep interrupted
2019-10-17 07:41:45,891 [cbde3520-0cea-4357-bb04-1a0ae64b2bb1@group-7EB39FB5DF22-LeaderElection130] INFO  impl.LeaderElection (LeaderElection.java:logAndReturn(56)) - cbde3520-0cea-4357-bb04-1a0ae64b2bb1@group-7EB39FB5DF22-LeaderElection130: Election REJECTED; received 2 response(s) [cbde3520-0cea-4357-bb04-1a0ae64b2bb1<-40d2d32e-dd25-45df-8070-f9dc56ccf0a7#0:FAIL-t129, cbde3520-0cea-4357-bb04-1a0ae64b2bb1<-443b071d-6096-48d6-bfe7-498b7c8032c0#0:FAIL-t129] and 0 exception(s); cbde3520-0cea-4357-bb04-1a0ae64b2bb1@group-7EB39FB5DF22:t129, leader=null, voted=cbde3520-0cea-4357-bb04-1a0ae64b2bb1, raftlog=cbde3520-0cea-4357-bb04-1a0ae64b2bb1@group-7EB39FB5DF22-SegmentedRaftLog:OPENED:c-1,f-1,i0, conf=-1: [40d2d32e-dd25-45df-8070-f9dc56ccf0a7:192.168.34.62:41633, cbde3520-0cea-4357-bb04-1a0ae64b2bb1:192.168.34.62:41642, 443b071d-6096-48d6-bfe7-498b7c8032c0:192.168.34.62:46516], old=null
2019-10-17 07:41:45,891 [cbde3520-0cea-4357-bb04-1a0ae64b2bb1@group-7EB39FB5DF22-LeaderElection130] INFO  impl.RaftServerImpl (RaftServerImpl.java:setRole(184)) - cbde3520-0cea-4357-bb04-1a0ae64b2bb1@group-7EB39FB5DF22: changes role from CANDIDATE to FOLLOWER at term 129 for DISCOVERED_A_NEW_TERM
2019-10-17 07:41:45,892 [cbde3520-0cea-4357-bb04-1a0ae64b2bb1@group-7EB39FB5DF22-LeaderElection130] INFO  impl.RoleInfo (RoleInfo.java:shutdownLeaderElection(134)) - cbde3520-0cea-4357-bb04-1a0ae64b2bb1: shutdown LeaderElection
2019-10-17 07:41:45,892 [cbde3520-0cea-4357-bb04-1a0ae64b2bb1@group-7EB39FB5DF22-LeaderElection130] INFO  impl.RoleInfo (RoleInfo.java:updateAndGet(143)) - cbde3520-0cea-4357-bb04-1a0ae64b2bb1: start FollowerState
2019-10-17 07:41:46,016 [Thread-1074] INFO  impl.FollowerState (FollowerState.java:run(108)) - cbde3520-0cea-4357-bb04-1a0ae64b2bb1@group-7EB39FB5DF22-FollowerState: change to CANDIDATE, lastRpcTime:124ms, electionTimeout:124ms
2019-10-17 07:41:46,016 [Thread-1074] INFO  impl.RoleInfo (RoleInfo.java:shutdownFollowerState(121)) - cbde3520-0cea-4357-bb04-1a0ae64b2bb1: shutdown FollowerState
2019-10-17 07:41:46,017 [Thread-1074] INFO  impl.RaftServerImpl (RaftServerImpl.java:setRole(184)) - cbde3520-0cea-4357-bb04-1a0ae64b2bb1@group-7EB39FB5DF22: changes role from  FOLLOWER to CANDIDATE at term 129 for changeToCandidate
2019-10-17 07:41:46,017 [Thread-1074] INFO  impl.RoleInfo (RoleInfo.java:updateAndGet(143)) - cbde3520-0cea-4357-bb04-1a0ae64b2bb1: start LeaderElection
2019-10-17 07:41:46,040 [cbde3520-0cea-4357-bb04-1a0ae64b2bb1@group-7EB39FB5DF22-LeaderElection131] INFO  impl.LeaderElection (LeaderElection.java:askForVotes(178)) - cbde3520-0cea-4357-bb04-1a0ae64b2bb1@group-7EB39FB5DF22-LeaderElection131: begin an election at term 130 for -1: [40d2d32e-dd25-45df-8070-f9dc56ccf0a7:192.168.34.62:41633, cbde3520-0cea-4357-bb04-1a0ae64b2bb1:192.168.34.62:41642, 443b071d-6096-48d6-bfe7-498b7c8032c0:192.168.34.62:46516], old=null
2019-10-17 07:41:46,043 [grpc-default-executor-1] INFO  impl.RaftServerImpl (RaftServerImpl.java:setRole(184)) - 40d2d32e-dd25-45df-8070-f9dc56ccf0a7@group-7EB39FB5DF22: changes role from  FOLLOWER to FOLLOWER at term 130 for recognizeCandidate:cbde3520-0cea-4357-bb04-1a0ae64b2bb1
2019-10-17 07:41:46,043 [grpc-default-executor-1] INFO  impl.RoleInfo (RoleInfo.java:shutdownFollowerState(121)) - 40d2d32e-dd25-45df-8070-f9dc56ccf0a7: shutdown FollowerState
2019-10-17 07:41:46,043 [grpc-default-executor-1] INFO  impl.RoleInfo (RoleInfo.java:updateAndGet(143)) - 40d2d32e-dd25-45df-8070-f9dc56ccf0a7: start FollowerState
2019-10-17 07:41:46,043 [Thread-1073] INFO  impl.FollowerState (FollowerState.java:run(117)) - 40d2d32e-dd25-45df-8070-f9dc56ccf0a7@group-7EB39FB5DF22-FollowerState was interrupted: java.lang.InterruptedException: sleep interrupted
2019-10-17 07:41:46,043 [grpc-default-executor-4] INFO  impl.RaftServerImpl (RaftServerImpl.java:setRole(184)) - 443b071d-6096-48d6-bfe7-498b7c8032c0@group-7EB39FB5DF22: changes role from  FOLLOWER to FOLLOWER at term 130 for recognizeCandidate:cbde3520-0cea-4357-bb04-1a0ae64b2bb1
2019-10-17 07:41:46,044 [grpc-default-executor-4] INFO  impl.RoleInfo (RoleInfo.java:shutdownFollowerState(121)) - 443b071d-6096-48d6-bfe7-498b7c8032c0: shutdown FollowerState
2019-10-17 07:41:46,044 [grpc-default-executor-4] INFO  impl.RoleInfo (RoleInfo.java:updateAndGet(143)) - 443b071d-6096-48d6-bfe7-498b7c8032c0: start FollowerState
2019-10-17 07:41:46,044 [Thread-1072] INFO  impl.FollowerState (FollowerState.java:run(117)) - 443b071d-6096-48d6-bfe7-498b7c8032c0@group-7EB39FB5DF22-FollowerState was interrupted: java.lang.InterruptedException: sleep interrupted
2019-10-17 07:41:46,058 [cbde3520-0cea-4357-bb04-1a0ae64b2bb1@group-7EB39FB5DF22-LeaderElection131] INFO  impl.LeaderElection (LeaderElection.java:logAndReturn(56)) - cbde3520-0cea-4357-bb04-1a0ae64b2bb1@group-7EB39FB5DF22-LeaderElection131: Election REJECTED; received 2 response(s) [cbde3520-0cea-4357-bb04-1a0ae64b2bb1<-40d2d32e-dd25-45df-8070-f9dc56ccf0a7#0:FAIL-t130, cbde3520-0cea-4357-bb04-1a0ae64b2bb1<-443b071d-6096-48d6-bfe7-498b7c8032c0#0:FAIL-t130] and 0 exception(s); cbde3520-0cea-4357-bb04-1a0ae64b2bb1@group-7EB39FB5DF22:t130, leader=null, voted=cbde3520-0cea-4357-bb04-1a0ae64b2bb1, raftlog=cbde3520-0cea-4357-bb04-1a0ae64b2bb1@group-7EB39FB5DF22-SegmentedRaftLog:OPENED:c-1,f-1,i0, conf=-1: [40d2d32e-dd25-45df-8070-f9dc56ccf0a7:192.168.34.62:41633, cbde3520-0cea-4357-bb04-1a0ae64b2bb1:192.168.34.62:41642, 443b071d-6096-48d6-bfe7-498b7c8032c0:192.168.34.62:46516], old=null
2019-10-17 07:41:46,058 [cbde3520-0cea-4357-bb04-1a0ae64b2bb1@group-7EB39FB5DF22-LeaderElection131] INFO  impl.RaftServerImpl (RaftServerImpl.java:setRole(184)) - cbde3520-0cea-4357-bb04-1a0ae64b2bb1@group-7EB39FB5DF22: changes role from CANDIDATE to FOLLOWER at term 130 for DISCOVERED_A_NEW_TERM
2019-10-17 07:41:46,058 [cbde3520-0cea-4357-bb04-1a0ae64b2bb1@group-7EB39FB5DF22-LeaderElection131] INFO  impl.RoleInfo (RoleInfo.java:shutdownLeaderElection(134)) - cbde3520-0cea-4357-bb04-1a0ae64b2bb1: shutdown LeaderElection
2019-10-17 07:41:46,058 [cbde3520-0cea-4357-bb04-1a0ae64b2bb1@group-7EB39FB5DF22-LeaderElection131] INFO  impl.RoleInfo (RoleInfo.java:updateAndGet(143)) - cbde3520-0cea-4357-bb04-1a0ae64b2bb1: start FollowerState
2019-10-17 07:41:46,063 [Thread-1080] INFO  impl.FollowerState (FollowerState.java:run(108)) - cbde3520-0cea-4357-bb04-1a0ae64b2bb1@group-7EB39FB5DF22-FollowerState: change to CANDIDATE, lastRpcTime:5ms, electionTimeout:5ms
2019-10-17 07:41:46,064 [Thread-1080] INFO  impl.RoleInfo (RoleInfo.java:shutdownFollowerState(121)) - cbde3520-0cea-4357-bb04-1a0ae64b2bb1: shutdown FollowerState
2019-10-17 07:41:46,064 [Thread-1080] INFO  impl.RaftServerImpl (RaftServerImpl.java:setRole(184)) - cbde3520-0cea-4357-bb04-1a0ae64b2bb1@group-7EB39FB5DF22: changes role from  FOLLOWER to CANDIDATE at term 130 for changeToCandidate
2019-10-17 07:41:46,064 [Thread-1080] INFO  impl.RoleInfo (RoleInfo.java:updateAndGet(143)) - cbde3520-0cea-4357-bb04-1a0ae64b2bb1: start LeaderElection
2019-10-17 07:41:46,088 [cbde3520-0cea-4357-bb04-1a0ae64b2bb1@group-7EB39FB5DF22-LeaderElection132] INFO  impl.LeaderElection (LeaderElection.java:askForVotes(178)) - cbde3520-0cea-4357-bb04-1a0ae64b2bb1@group-7EB39FB5DF22-LeaderElection132: begin an election at term 131 for -1: [40d2d32e-dd25-45df-8070-f9dc56ccf0a7:192.168.34.62:41633, cbde3520-0cea-4357-bb04-1a0ae64b2bb1:192.168.34.62:41642, 443b071d-6096-48d6-bfe7-498b7c8032c0:192.168.34.62:46516], old=null
2019-10-17 07:41:46,090 [grpc-default-executor-1] INFO  impl.RaftServerImpl (RaftServerImpl.java:setRole(184)) - 40d2d32e-dd25-45df-8070-f9dc56ccf0a7@group-7EB39FB5DF22: changes role from  FOLLOWER to FOLLOWER at term 131 for recognizeCandidate:cbde3520-0cea-4357-bb04-1a0ae64b2bb1
2019-10-17 07:41:46,091 [grpc-default-executor-1] INFO  impl.RoleInfo (RoleInfo.java:shutdownFollowerState(121)) - 40d2d32e-dd25-45df-8070-f9dc56ccf0a7: shutdown FollowerState
2019-10-17 07:41:46,091 [grpc-default-executor-4] INFO  impl.RaftServerImpl (RaftServerImpl.java:setRole(184)) - 443b071d-6096-48d6-bfe7-498b7c8032c0@group-7EB39FB5DF22: changes role from  FOLLOWER to FOLLOWER at term 131 for recognizeCandidate:cbde3520-0cea-4357-bb04-1a0ae64b2bb1
2019-10-17 07:41:46,091 [Thread-1078] INFO  impl.FollowerState (FollowerState.java:run(117)) - 40d2d32e-dd25-45df-8070-f9dc56ccf0a7@group-7EB39FB5DF22-FollowerState was interrupted: java.lang.InterruptedException: sleep interrupted
2019-10-17 07:41:46,091 [grpc-default-executor-1] INFO  impl.RoleInfo (RoleInfo.java:updateAndGet(143)) - 40d2d32e-dd25-45df-8070-f9dc56ccf0a7: start FollowerState
2019-10-17 07:41:46,091 [grpc-default-executor-4] INFO  impl.RoleInfo (RoleInfo.java:shutdownFollowerState(121)) - 443b071d-6096-48d6-bfe7-498b7c8032c0: shutdown FollowerState
2019-10-17 07:41:46,092 [grpc-default-executor-4] INFO  impl.RoleInfo (RoleInfo.java:updateAndGet(143)) - 443b071d-6096-48d6-bfe7-498b7c8032c0: start FollowerState
2019-10-17 07:41:46,092 [Thread-1079] INFO  impl.FollowerState (FollowerState.java:run(117)) - 443b071d-6096-48d6-bfe7-498b7c8032c0@group-7EB39FB5DF22-FollowerState was interrupted: java.lang.InterruptedException: sleep interrupted
2019-10-17 07:41:46,116 [cbde3520-0cea-4357-bb04-1a0ae64b2bb1@group-7EB39FB5DF22-LeaderElection132] INFO  impl.LeaderElection (LeaderElection.java:logAndReturn(56)) - cbde3520-0cea-4357-bb04-1a0ae64b2bb1@group-7EB39FB5DF22-LeaderElection132: Election REJECTED; received 2 response(s) [cbde3520-0cea-4357-bb04-1a0ae64b2bb1<-40d2d32e-dd25-45df-8070-f9dc56ccf0a7#0:FAIL-t131, cbde3520-0cea-4357-bb04-1a0ae64b2bb1<-443b071d-6096-48d6-bfe7-498b7c8032c0#0:FAIL-t131] and 0 exception(s); cbde3520-0cea-4357-bb04-1a0ae64b2bb1@group-7EB39FB5DF22:t131, leader=null, voted=cbde3520-0cea-4357-bb04-1a0ae64b2bb1, raftlog=cbde3520-0cea-4357-bb04-1a0ae64b2bb1@group-7EB39FB5DF22-SegmentedRaftLog:OPENED:c-1,f-1,i0, conf=-1: [40d2d32e-dd25-45df-8070-f9dc56ccf0a7:192.168.34.62:41633, cbde3520-0cea-4357-bb04-1a0ae64b2bb1:192.168.34.62:41642, 443b071d-6096-48d6-bfe7-498b7c8032c0:192.168.34.62:46516], old=null
2019-10-17 07:41:46,116 [cbde3520-0cea-4357-bb04-1a0ae64b2bb1@group-7EB39FB5DF22-LeaderElection132] INFO  impl.RaftServerImpl (RaftServerImpl.java:setRole(184)) - cbde3520-0cea-4357-bb04-1a0ae64b2bb1@group-7EB39FB5DF22: changes role from CANDIDATE to FOLLOWER at term 131 for DISCOVERED_A_NEW_TERM
2019-10-17 07:41:46,116 [cbde3520-0cea-4357-bb04-1a0ae64b2bb1@group-7EB39FB5DF22-LeaderElection132] INFO  impl.RoleInfo (RoleInfo.java:shutdownLeaderElection(134)) - cbde3520-0cea-4357-bb04-1a0ae64b2bb1: shutdown LeaderElection
2019-10-17 07:41:46,116 [cbde3520-0cea-4357-bb04-1a0ae64b2bb1@group-7EB39FB5DF22-LeaderElection132] INFO  impl.RoleInfo (RoleInfo.java:updateAndGet(143)) - cbde3520-0cea-4357-bb04-1a0ae64b2bb1: start FollowerState
2019-10-17 07:41:46,129 [Thread-1086] INFO  impl.FollowerState (FollowerState.java:run(108)) - cbde3520-0cea-4357-bb04-1a0ae64b2bb1@group-7EB39FB5DF22-FollowerState: change to CANDIDATE, lastRpcTime:12ms, electionTimeout:12ms
2019-10-17 07:41:46,129 [Thread-1086] INFO  impl.RoleInfo (RoleInfo.java:shutdownFollowerState(121)) - cbde3520-0cea-4357-bb04-1a0ae64b2bb1: shutdown FollowerState
2019-10-17 07:41:46,129 [Thread-1086] INFO  impl.RaftServerImpl (RaftServerImpl.java:setRole(184)) - cbde3520-0cea-4357-bb04-1a0ae64b2bb1@group-7EB39FB5DF22: changes role from  FOLLOWER to CANDIDATE at term 131 for changeToCandidate
2019-10-17 07:41:46,129 [Thread-1086] INFO  impl.RoleInfo (RoleInfo.java:updateAndGet(143)) - cbde3520-0cea-4357-bb04-1a0ae64b2bb1: start LeaderElection
2019-10-17 07:41:46,153 [cbde3520-0cea-4357-bb04-1a0ae64b2bb1@group-7EB39FB5DF22-LeaderElection133] INFO  impl.LeaderElection (LeaderElection.java:askForVotes(178)) - cbde3520-0cea-4357-bb04-1a0ae64b2bb1@group-7EB39FB5DF22-LeaderElection133: begin an election at term 132 for -1: [40d2d32e-dd25-45df-8070-f9dc56ccf0a7:192.168.34.62:41633, cbde3520-0cea-4357-bb04-1a0ae64b2bb1:192.168.34.62:41642, 443b071d-6096-48d6-bfe7-498b7c8032c0:192.168.34.62:46516], old=null
2019-10-17 07:41:46,156 [grpc-default-executor-4] INFO  impl.RaftServerImpl (RaftServerImpl.java:setRole(184)) - 40d2d32e-dd25-45df-8070-f9dc56ccf0a7@group-7EB39FB5DF22: changes role from  FOLLOWER to FOLLOWER at term 132 for recognizeCandidate:cbde3520-0cea-4357-bb04-1a0ae64b2bb1
2019-10-17 07:41:46,156 [grpc-default-executor-4] INFO  impl.RoleInfo (RoleInfo.java:shutdownFollowerState(121)) - 40d2d32e-dd25-45df-8070-f9dc56ccf0a7: shutdown FollowerState
2019-10-17 07:41:46,156 [grpc-default-executor-4] INFO  impl.RoleInfo (RoleInfo.java:updateAndGet(143)) - 40d2d32e-dd25-45df-8070-f9dc56ccf0a7: start FollowerState
2019-10-17 07:41:46,156 [Thread-1084] INFO  impl.FollowerState (FollowerState.java:run(117)) - 40d2d32e-dd25-45df-8070-f9dc56ccf0a7@group-7EB39FB5DF22-FollowerState was interrupted: java.lang.InterruptedException: sleep interrupted
2019-10-17 07:41:46,156 [grpc-default-executor-1] INFO  impl.RaftServerImpl (RaftServerImpl.java:setRole(184)) - 443b071d-6096-48d6-bfe7-498b7c8032c0@group-7EB39FB5DF22: changes role from  FOLLOWER to FOLLOWER at term 132 for recognizeCandidate:cbde3520-0cea-4357-bb04-1a0ae64b2bb1
2019-10-17 07:41:46,157 [grpc-default-executor-1] INFO  impl.RoleInfo (RoleInfo.java:shutdownFollowerState(121)) - 443b071d-6096-48d6-bfe7-498b7c8032c0: shutdown FollowerState
2019-10-17 07:41:46,157 [grpc-default-executor-1] INFO  impl.RoleInfo (RoleInfo.java:updateAndGet(143)) - 443b071d-6096-48d6-bfe7-498b7c8032c0: start FollowerState
2019-10-17 07:41:46,157 [Thread-1085] INFO  impl.FollowerState (FollowerState.java:run(117)) - 443b071d-6096-48d6-bfe7-498b7c8032c0@group-7EB39FB5DF22-FollowerState was interrupted: java.lang.InterruptedException: sleep interrupted
2019-10-17 07:41:46,180 [cbde3520-0cea-4357-bb04-1a0ae64b2bb1@group-7EB39FB5DF22-LeaderElection133] INFO  impl.LeaderElection (LeaderElection.java:logAndReturn(56)) - cbde3520-0cea-4357-bb04-1a0ae64b2bb1@group-7EB39FB5DF22-LeaderElection133: Election REJECTED; received 2 response(s) [cbde3520-0cea-4357-bb04-1a0ae64b2bb1<-40d2d32e-dd25-45df-8070-f9dc56ccf0a7#0:FAIL-t132, cbde3520-0cea-4357-bb04-1a0ae64b2bb1<-443b071d-6096-48d6-bfe7-498b7c8032c0#0:FAIL-t132] and 0 exception(s); cbde3520-0cea-4357-bb04-1a0ae64b2bb1@group-7EB39FB5DF22:t132, leader=null, voted=cbde3520-0cea-4357-bb04-1a0ae64b2bb1, raftlog=cbde3520-0cea-4357-bb04-1a0ae64b2bb1@group-7EB39FB5DF22-SegmentedRaftLog:OPENED:c-1,f-1,i0, conf=-1: [40d2d32e-dd25-45df-8070-f9dc56ccf0a7:192.168.34.62:41633, cbde3520-0cea-4357-bb04-1a0ae64b2bb1:192.168.34.62:41642, 443b071d-6096-48d6-bfe7-498b7c8032c0:192.168.34.62:46516], old=null
2019-10-17 07:41:46,180 [cbde3520-0cea-4357-bb04-1a0ae64b2bb1@group-7EB39FB5DF22-LeaderElection133] INFO  impl.RaftServerImpl (RaftServerImpl.java:setRole(184)) - cbde3520-0cea-4357-bb04-1a0ae64b2bb1@group-7EB39FB5DF22: changes role from CANDIDATE to FOLLOWER at term 132 for DISCOVERED_A_NEW_TERM
2019-10-17 07:41:46,181 [cbde3520-0cea-4357-bb04-1a0ae64b2bb1@group-7EB39FB5DF22-LeaderElection133] INFO  impl.RoleInfo (RoleInfo.java:shutdownLeaderElection(134)) - cbde3520-0cea-4357-bb04-1a0ae64b2bb1: shutdown LeaderElection
2019-10-17 07:41:46,181 [cbde3520-0cea-4357-bb04-1a0ae64b2bb1@group-7EB39FB5DF22-LeaderElection133] INFO  impl.RoleInfo (RoleInfo.java:updateAndGet(143)) - cbde3520-0cea-4357-bb04-1a0ae64b2bb1: start FollowerState
2019-10-17 07:41:46,210 [main] INFO  ozone.MiniOzoneClusterImpl (MiniOzoneClusterImpl.java:lambda$waitForClusterToBeReady$2(164)) - Waiting for 1 number of pipelines out of 5, to report a leader.
2019-10-17 07:41:46,250 [Thread-1092] INFO  impl.FollowerState (FollowerState.java:run(108)) - cbde3520-0cea-4357-bb04-1a0ae64b2bb1@group-7EB39FB5DF22-FollowerState: change to CANDIDATE, lastRpcTime:69ms, electionTimeout:69ms
2019-10-17 07:41:46,250 [Thread-1092] INFO  impl.RoleInfo (RoleInfo.java:shutdownFollowerState(121)) - cbde3520-0cea-4357-bb04-1a0ae64b2bb1: shutdown FollowerState
2019-10-17 07:41:46,251 [Thread-1092] INFO  impl.RaftServerImpl (RaftServerImpl.java:setRole(184)) - cbde3520-0cea-4357-bb04-1a0ae64b2bb1@group-7EB39FB5DF22: changes role from  FOLLOWER to CANDIDATE at term 132 for changeToCandidate
2019-10-17 07:41:46,251 [Thread-1092] INFO  impl.RoleInfo (RoleInfo.java:updateAndGet(143)) - cbde3520-0cea-4357-bb04-1a0ae64b2bb1: start LeaderElection
2019-10-17 07:41:46,274 [cbde3520-0cea-4357-bb04-1a0ae64b2bb1@group-7EB39FB5DF22-LeaderElection134] INFO  impl.LeaderElection (LeaderElection.java:askForVotes(178)) - cbde3520-0cea-4357-bb04-1a0ae64b2bb1@group-7EB39FB5DF22-LeaderElection134: begin an election at term 133 for -1: [40d2d32e-dd25-45df-8070-f9dc56ccf0a7:192.168.34.62:41633, cbde3520-0cea-4357-bb04-1a0ae64b2bb1:192.168.34.62:41642, 443b071d-6096-48d6-bfe7-498b7c8032c0:192.168.34.62:46516], old=null
2019-10-17 07:41:46,277 [grpc-default-executor-1] INFO  impl.RaftServerImpl (RaftServerImpl.java:setRole(184)) - 40d2d32e-dd25-45df-8070-f9dc56ccf0a7@group-7EB39FB5DF22: changes role from  FOLLOWER to FOLLOWER at term 133 for recognizeCandidate:cbde3520-0cea-4357-bb04-1a0ae64b2bb1
2019-10-17 07:41:46,277 [grpc-default-executor-1] INFO  impl.RoleInfo (RoleInfo.java:shutdownFollowerState(121)) - 40d2d32e-dd25-45df-8070-f9dc56ccf0a7: shutdown FollowerState
2019-10-17 07:41:46,277 [grpc-default-executor-1] INFO  impl.RoleInfo (RoleInfo.java:updateAndGet(143)) - 40d2d32e-dd25-45df-8070-f9dc56ccf0a7: start FollowerState
2019-10-17 07:41:46,278 [grpc-default-executor-4] INFO  impl.RaftServerImpl (RaftServerImpl.java:setRole(184)) - 443b071d-6096-48d6-bfe7-498b7c8032c0@group-7EB39FB5DF22: changes role from  FOLLOWER to FOLLOWER at term 133 for recognizeCandidate:cbde3520-0cea-4357-bb04-1a0ae64b2bb1
2019-10-17 07:41:46,278 [grpc-default-executor-4] INFO  impl.RoleInfo (RoleInfo.java:shutdownFollowerState(121)) - 443b071d-6096-48d6-bfe7-498b7c8032c0: shutdown FollowerState
2019-10-17 07:41:46,278 [grpc-default-executor-4] INFO  impl.RoleInfo (RoleInfo.java:updateAndGet(143)) - 443b071d-6096-48d6-bfe7-498b7c8032c0: start FollowerState
2019-10-17 07:41:46,277 [Thread-1090] INFO  impl.FollowerState (FollowerState.java:run(117)) - 40d2d32e-dd25-45df-8070-f9dc56ccf0a7@group-7EB39FB5DF22-FollowerState was interrupted: java.lang.InterruptedException: sleep interrupted
2019-10-17 07:41:46,278 [Thread-1091] INFO  impl.FollowerState (FollowerState.java:run(117)) - 443b071d-6096-48d6-bfe7-498b7c8032c0@group-7EB39FB5DF22-FollowerState was interrupted: java.lang.InterruptedException: sleep interrupted
2019-10-17 07:41:46,304 [cbde3520-0cea-4357-bb04-1a0ae64b2bb1@group-7EB39FB5DF22-LeaderElection134] INFO  impl.LeaderElection (LeaderElection.java:logAndReturn(56)) - cbde3520-0cea-4357-bb04-1a0ae64b2bb1@group-7EB39FB5DF22-LeaderElection134: Election REJECTED; received 2 response(s) [cbde3520-0cea-4357-bb04-1a0ae64b2bb1<-40d2d32e-dd25-45df-8070-f9dc56ccf0a7#0:FAIL-t133, cbde3520-0cea-4357-bb04-1a0ae64b2bb1<-443b071d-6096-48d6-bfe7-498b7c8032c0#0:FAIL-t133] and 0 exception(s); cbde3520-0cea-4357-bb04-1a0ae64b2bb1@group-7EB39FB5DF22:t133, leader=null, voted=cbde3520-0cea-4357-bb04-1a0ae64b2bb1, raftlog=cbde3520-0cea-4357-bb04-1a0ae64b2bb1@group-7EB39FB5DF22-SegmentedRaftLog:OPENED:c-1,f-1,i0, conf=-1: [40d2d32e-dd25-45df-8070-f9dc56ccf0a7:192.168.34.62:41633, cbde3520-0cea-4357-bb04-1a0ae64b2bb1:192.168.34.62:41642, 443b071d-6096-48d6-bfe7-498b7c8032c0:192.168.34.62:46516], old=null
2019-10-17 07:41:46,304 [cbde3520-0cea-4357-bb04-1a0ae64b2bb1@group-7EB39FB5DF22-LeaderElection134] INFO  impl.RaftServerImpl (RaftServerImpl.java:setRole(184)) - cbde3520-0cea-4357-bb04-1a0ae64b2bb1@group-7EB39FB5DF22: changes role from CANDIDATE to FOLLOWER at term 133 for DISCOVERED_A_NEW_TERM
2019-10-17 07:41:46,304 [cbde3520-0cea-4357-bb04-1a0ae64b2bb1@group-7EB39FB5DF22-LeaderElection134] INFO  impl.RoleInfo (RoleInfo.java:shutdownLeaderElection(134)) - cbde3520-0cea-4357-bb04-1a0ae64b2bb1: shutdown LeaderElection
2019-10-17 07:41:46,304 [cbde3520-0cea-4357-bb04-1a0ae64b2bb1@group-7EB39FB5DF22-LeaderElection134] INFO  impl.RoleInfo (RoleInfo.java:updateAndGet(143)) - cbde3520-0cea-4357-bb04-1a0ae64b2bb1: start FollowerState
2019-10-17 07:41:46,483 [Thread-1098] INFO  impl.FollowerState (FollowerState.java:run(108)) - cbde3520-0cea-4357-bb04-1a0ae64b2bb1@group-7EB39FB5DF22-FollowerState: change to CANDIDATE, lastRpcTime:178ms, electionTimeout:178ms
2019-10-17 07:41:46,483 [Thread-1098] INFO  impl.RoleInfo (RoleInfo.java:shutdownFollowerState(121)) - cbde3520-0cea-4357-bb04-1a0ae64b2bb1: shutdown FollowerState
2019-10-17 07:41:46,483 [Thread-1098] INFO  impl.RaftServerImpl (RaftServerImpl.java:setRole(184)) - cbde3520-0cea-4357-bb04-1a0ae64b2bb1@group-7EB39FB5DF22: changes role from  FOLLOWER to CANDIDATE at term 133 for changeToCandidate
2019-10-17 07:41:46,483 [Thread-1098] INFO  impl.RoleInfo (RoleInfo.java:updateAndGet(143)) - cbde3520-0cea-4357-bb04-1a0ae64b2bb1: start LeaderElection
2019-10-17 07:41:46,512 [cbde3520-0cea-4357-bb04-1a0ae64b2bb1@group-7EB39FB5DF22-LeaderElection135] INFO  impl.LeaderElection (LeaderElection.java:askForVotes(178)) - cbde3520-0cea-4357-bb04-1a0ae64b2bb1@group-7EB39FB5DF22-LeaderElection135: begin an election at term 134 for -1: [40d2d32e-dd25-45df-8070-f9dc56ccf0a7:192.168.34.62:41633, cbde3520-0cea-4357-bb04-1a0ae64b2bb1:192.168.34.62:41642, 443b071d-6096-48d6-bfe7-498b7c8032c0:192.168.34.62:46516], old=null
2019-10-17 07:41:46,515 [grpc-default-executor-4] INFO  impl.RaftServerImpl (RaftServerImpl.java:setRole(184)) - 40d2d32e-dd25-45df-8070-f9dc56ccf0a7@group-7EB39FB5DF22: changes role from  FOLLOWER to FOLLOWER at term 134 for recognizeCandidate:cbde3520-0cea-4357-bb04-1a0ae64b2bb1
2019-10-17 07:41:46,515 [grpc-default-executor-4] INFO  impl.RoleInfo (RoleInfo.java:shutdownFollowerState(121)) - 40d2d32e-dd25-45df-8070-f9dc56ccf0a7: shutdown FollowerState
2019-10-17 07:41:46,515 [grpc-default-executor-1] INFO  impl.RaftServerImpl (RaftServerImpl.java:setRole(184)) - 443b071d-6096-48d6-bfe7-498b7c8032c0@group-7EB39FB5DF22: changes role from  FOLLOWER to FOLLOWER at term 134 for recognizeCandidate:cbde3520-0cea-4357-bb04-1a0ae64b2bb1
2019-10-17 07:41:46,515 [Thread-1096] INFO  impl.FollowerState (FollowerState.java:run(117)) - 40d2d32e-dd25-45df-8070-f9dc56ccf0a7@group-7EB39FB5DF22-FollowerState was interrupted: java.lang.InterruptedException: sleep interrupted
2019-10-17 07:41:46,515 [grpc-default-executor-4] INFO  impl.RoleInfo (RoleInfo.java:updateAndGet(143)) - 40d2d32e-dd25-45df-8070-f9dc56ccf0a7: start FollowerState
2019-10-17 07:41:46,515 [grpc-default-executor-1] INFO  impl.RoleInfo (RoleInfo.java:shutdownFollowerState(121)) - 443b071d-6096-48d6-bfe7-498b7c8032c0: shutdown FollowerState
2019-10-17 07:41:46,516 [grpc-default-executor-1] INFO  impl.RoleInfo (RoleInfo.java:updateAndGet(143)) - 443b071d-6096-48d6-bfe7-498b7c8032c0: start FollowerState
2019-10-17 07:41:46,516 [Thread-1097] INFO  impl.FollowerState (FollowerState.java:run(117)) - 443b071d-6096-48d6-bfe7-498b7c8032c0@group-7EB39FB5DF22-FollowerState was interrupted: java.lang.InterruptedException: sleep interrupted
2019-10-17 07:41:46,539 [cbde3520-0cea-4357-bb04-1a0ae64b2bb1@group-7EB39FB5DF22-LeaderElection135] INFO  impl.LeaderElection (LeaderElection.java:logAndReturn(56)) - cbde3520-0cea-4357-bb04-1a0ae64b2bb1@group-7EB39FB5DF22-LeaderElection135: Election REJECTED; received 2 response(s) [cbde3520-0cea-4357-bb04-1a0ae64b2bb1<-40d2d32e-dd25-45df-8070-f9dc56ccf0a7#0:FAIL-t134, cbde3520-0cea-4357-bb04-1a0ae64b2bb1<-443b071d-6096-48d6-bfe7-498b7c8032c0#0:FAIL-t134] and 0 exception(s); cbde3520-0cea-4357-bb04-1a0ae64b2bb1@group-7EB39FB5DF22:t134, leader=null, voted=cbde3520-0cea-4357-bb04-1a0ae64b2bb1, raftlog=cbde3520-0cea-4357-bb04-1a0ae64b2bb1@group-7EB39FB5DF22-SegmentedRaftLog:OPENED:c-1,f-1,i0, conf=-1: [40d2d32e-dd25-45df-8070-f9dc56ccf0a7:192.168.34.62:41633, cbde3520-0cea-4357-bb04-1a0ae64b2bb1:192.168.34.62:41642, 443b071d-6096-48d6-bfe7-498b7c8032c0:192.168.34.62:46516], old=null
2019-10-17 07:41:46,539 [cbde3520-0cea-4357-bb04-1a0ae64b2bb1@group-7EB39FB5DF22-LeaderElection135] INFO  impl.RaftServerImpl (RaftServerImpl.java:setRole(184)) - cbde3520-0cea-4357-bb04-1a0ae64b2bb1@group-7EB39FB5DF22: changes role from CANDIDATE to FOLLOWER at term 134 for DISCOVERED_A_NEW_TERM
2019-10-17 07:41:46,539 [cbde3520-0cea-4357-bb04-1a0ae64b2bb1@group-7EB39FB5DF22-LeaderElection135] INFO  impl.RoleInfo (RoleInfo.java:shutdownLeaderElection(134)) - cbde3520-0cea-4357-bb04-1a0ae64b2bb1: shutdown LeaderElection
2019-10-17 07:41:46,539 [cbde3520-0cea-4357-bb04-1a0ae64b2bb1@group-7EB39FB5DF22-LeaderElection135] INFO  impl.RoleInfo (RoleInfo.java:updateAndGet(143)) - cbde3520-0cea-4357-bb04-1a0ae64b2bb1: start FollowerState
2019-10-17 07:41:46,572 [Thread-1104] INFO  impl.FollowerState (FollowerState.java:run(108)) - cbde3520-0cea-4357-bb04-1a0ae64b2bb1@group-7EB39FB5DF22-FollowerState: change to CANDIDATE, lastRpcTime:32ms, electionTimeout:32ms
2019-10-17 07:41:46,572 [Thread-1104] INFO  impl.RoleInfo (RoleInfo.java:shutdownFollowerState(121)) - cbde3520-0cea-4357-bb04-1a0ae64b2bb1: shutdown FollowerState
2019-10-17 07:41:46,572 [Thread-1104] INFO  impl.RaftServerImpl (RaftServerImpl.java:setRole(184)) - cbde3520-0cea-4357-bb04-1a0ae64b2bb1@group-7EB39FB5DF22: changes role from  FOLLOWER to CANDIDATE at term 134 for changeToCandidate
2019-10-17 07:41:46,572 [Thread-1104] INFO  impl.RoleInfo (RoleInfo.java:updateAndGet(143)) - cbde3520-0cea-4357-bb04-1a0ae64b2bb1: start LeaderElection
2019-10-17 07:41:46,594 [cbde3520-0cea-4357-bb04-1a0ae64b2bb1@group-7EB39FB5DF22-LeaderElection136] INFO  impl.LeaderElection (LeaderElection.java:askForVotes(178)) - cbde3520-0cea-4357-bb04-1a0ae64b2bb1@group-7EB39FB5DF22-LeaderElection136: begin an election at term 135 for -1: [40d2d32e-dd25-45df-8070-f9dc56ccf0a7:192.168.34.62:41633, cbde3520-0cea-4357-bb04-1a0ae64b2bb1:192.168.34.62:41642, 443b071d-6096-48d6-bfe7-498b7c8032c0:192.168.34.62:46516], old=null
2019-10-17 07:41:46,597 [grpc-default-executor-1] INFO  impl.RaftServerImpl (RaftServerImpl.java:setRole(184)) - 443b071d-6096-48d6-bfe7-498b7c8032c0@group-7EB39FB5DF22: changes role from  FOLLOWER to FOLLOWER at term 135 for recognizeCandidate:cbde3520-0cea-4357-bb04-1a0ae64b2bb1
2019-10-17 07:41:46,597 [grpc-default-executor-1] INFO  impl.RoleInfo (RoleInfo.java:shutdownFollowerState(121)) - 443b071d-6096-48d6-bfe7-498b7c8032c0: shutdown FollowerState
2019-10-17 07:41:46,597 [grpc-default-executor-4] INFO  impl.RaftServerImpl (RaftServerImpl.java:setRole(184)) - 40d2d32e-dd25-45df-8070-f9dc56ccf0a7@group-7EB39FB5DF22: changes role from  FOLLOWER to FOLLOWER at term 135 for recognizeCandidate:cbde3520-0cea-4357-bb04-1a0ae64b2bb1
2019-10-17 07:41:46,598 [grpc-default-executor-4] INFO  impl.RoleInfo (RoleInfo.java:shutdownFollowerState(121)) - 40d2d32e-dd25-45df-8070-f9dc56ccf0a7: shutdown FollowerState
2019-10-17 07:41:46,598 [Thread-1103] INFO  impl.FollowerState (FollowerState.java:run(117)) - 443b071d-6096-48d6-bfe7-498b7c8032c0@group-7EB39FB5DF22-FollowerState was interrupted: java.lang.InterruptedException: sleep interrupted
2019-10-17 07:41:46,598 [grpc-default-executor-1] INFO  impl.RoleInfo (RoleInfo.java:updateAndGet(143)) - 443b071d-6096-48d6-bfe7-498b7c8032c0: start FollowerState
2019-10-17 07:41:46,598 [Thread-1102] INFO  impl.FollowerState (FollowerState.java:run(117)) - 40d2d32e-dd25-45df-8070-f9dc56ccf0a7@group-7EB39FB5DF22-FollowerState was interrupted: java.lang.InterruptedException: sleep interrupted
2019-10-17 07:41:46,598 [grpc-default-executor-4] INFO  impl.RoleInfo (RoleInfo.java:updateAndGet(143)) - 40d2d32e-dd25-45df-8070-f9dc56ccf0a7: start FollowerState
2019-10-17 07:41:46,623 [cbde3520-0cea-4357-bb04-1a0ae64b2bb1@group-7EB39FB5DF22-LeaderElection136] INFO  impl.LeaderElection (LeaderElection.java:logAndReturn(56)) - cbde3520-0cea-4357-bb04-1a0ae64b2bb1@group-7EB39FB5DF22-LeaderElection136: Election REJECTED; received 2 response(s) [cbde3520-0cea-4357-bb04-1a0ae64b2bb1<-40d2d32e-dd25-45df-8070-f9dc56ccf0a7#0:FAIL-t135, cbde3520-0cea-4357-bb04-1a0ae64b2bb1<-443b071d-6096-48d6-bfe7-498b7c8032c0#0:FAIL-t135] and 0 exception(s); cbde3520-0cea-4357-bb04-1a0ae64b2bb1@group-7EB39FB5DF22:t135, leader=null, voted=cbde3520-0cea-4357-bb04-1a0ae64b2bb1, raftlog=cbde3520-0cea-4357-bb04-1a0ae64b2bb1@group-7EB39FB5DF22-SegmentedRaftLog:OPENED:c-1,f-1,i0, conf=-1: [40d2d32e-dd25-45df-8070-f9dc56ccf0a7:192.168.34.62:41633, cbde3520-0cea-4357-bb04-1a0ae64b2bb1:192.168.34.62:41642, 443b071d-6096-48d6-bfe7-498b7c8032c0:192.168.34.62:46516], old=null
2019-10-17 07:41:46,623 [cbde3520-0cea-4357-bb04-1a0ae64b2bb1@group-7EB39FB5DF22-LeaderElection136] INFO  impl.RaftServerImpl (RaftServerImpl.java:setRole(184)) - cbde3520-0cea-4357-bb04-1a0ae64b2bb1@group-7EB39FB5DF22: changes role from CANDIDATE to FOLLOWER at term 135 for DISCOVERED_A_NEW_TERM
2019-10-17 07:41:46,623 [cbde3520-0cea-4357-bb04-1a0ae64b2bb1@group-7EB39FB5DF22-LeaderElection136] INFO  impl.RoleInfo (RoleInfo.java:shutdownLeaderElection(134)) - cbde3520-0cea-4357-bb04-1a0ae64b2bb1: shutdown LeaderElection
2019-10-17 07:41:46,624 [cbde3520-0cea-4357-bb04-1a0ae64b2bb1@group-7EB39FB5DF22-LeaderElection136] INFO  impl.RoleInfo (RoleInfo.java:updateAndGet(143)) - cbde3520-0cea-4357-bb04-1a0ae64b2bb1: start FollowerState
2019-10-17 07:41:46,688 [Thread-1110] INFO  impl.FollowerState (FollowerState.java:run(108)) - cbde3520-0cea-4357-bb04-1a0ae64b2bb1@group-7EB39FB5DF22-FollowerState: change to CANDIDATE, lastRpcTime:64ms, electionTimeout:64ms
2019-10-17 07:41:46,688 [Thread-1110] INFO  impl.RoleInfo (RoleInfo.java:shutdownFollowerState(121)) - cbde3520-0cea-4357-bb04-1a0ae64b2bb1: shutdown FollowerState
2019-10-17 07:41:46,688 [Thread-1110] INFO  impl.RaftServerImpl (RaftServerImpl.java:setRole(184)) - cbde3520-0cea-4357-bb04-1a0ae64b2bb1@group-7EB39FB5DF22: changes role from  FOLLOWER to CANDIDATE at term 135 for changeToCandidate
2019-10-17 07:41:46,689 [Thread-1110] INFO  impl.RoleInfo (RoleInfo.java:updateAndGet(143)) - cbde3520-0cea-4357-bb04-1a0ae64b2bb1: start LeaderElection
2019-10-17 07:41:46,713 [cbde3520-0cea-4357-bb04-1a0ae64b2bb1@group-7EB39FB5DF22-LeaderElection137] INFO  impl.LeaderElection (LeaderElection.java:askForVotes(178)) - cbde3520-0cea-4357-bb04-1a0ae64b2bb1@group-7EB39FB5DF22-LeaderElection137: begin an election at term 136 for -1: [40d2d32e-dd25-45df-8070-f9dc56ccf0a7:192.168.34.62:41633, cbde3520-0cea-4357-bb04-1a0ae64b2bb1:192.168.34.62:41642, 443b071d-6096-48d6-bfe7-498b7c8032c0:192.168.34.62:46516], old=null
2019-10-17 07:41:46,716 [grpc-default-executor-1] INFO  impl.RaftServerImpl (RaftServerImpl.java:setRole(184)) - 443b071d-6096-48d6-bfe7-498b7c8032c0@group-7EB39FB5DF22: changes role from  FOLLOWER to FOLLOWER at term 136 for recognizeCandidate:cbde3520-0cea-4357-bb04-1a0ae64b2bb1
2019-10-17 07:41:46,716 [grpc-default-executor-4] INFO  impl.RaftServerImpl (RaftServerImpl.java:setRole(184)) - 40d2d32e-dd25-45df-8070-f9dc56ccf0a7@group-7EB39FB5DF22: changes role from  FOLLOWER to FOLLOWER at term 136 for recognizeCandidate:cbde3520-0cea-4357-bb04-1a0ae64b2bb1
2019-10-17 07:41:46,716 [grpc-default-executor-1] INFO  impl.RoleInfo (RoleInfo.java:shutdownFollowerState(121)) - 443b071d-6096-48d6-bfe7-498b7c8032c0: shutdown FollowerState
2019-10-17 07:41:46,716 [grpc-default-executor-4] INFO  impl.RoleInfo (RoleInfo.java:shutdownFollowerState(121)) - 40d2d32e-dd25-45df-8070-f9dc56ccf0a7: shutdown FollowerState
2019-10-17 07:41:46,717 [grpc-default-executor-4] INFO  impl.RoleInfo (RoleInfo.java:updateAndGet(143)) - 40d2d32e-dd25-45df-8070-f9dc56ccf0a7: start FollowerState
2019-10-17 07:41:46,717 [Thread-1108] INFO  impl.FollowerState (FollowerState.java:run(117)) - 443b071d-6096-48d6-bfe7-498b7c8032c0@group-7EB39FB5DF22-FollowerState was interrupted: java.lang.InterruptedException: sleep interrupted
2019-10-17 07:41:46,717 [grpc-default-executor-1] INFO  impl.RoleInfo (RoleInfo.java:updateAndGet(143)) - 443b071d-6096-48d6-bfe7-498b7c8032c0: start FollowerState
2019-10-17 07:41:46,717 [Thread-1109] INFO  impl.FollowerState (FollowerState.java:run(117)) - 40d2d32e-dd25-45df-8070-f9dc56ccf0a7@group-7EB39FB5DF22-FollowerState was interrupted: java.lang.InterruptedException: sleep interrupted
2019-10-17 07:41:46,728 [cbde3520-0cea-4357-bb04-1a0ae64b2bb1@group-7EB39FB5DF22-LeaderElection137] INFO  impl.LeaderElection (LeaderElection.java:logAndReturn(56)) - cbde3520-0cea-4357-bb04-1a0ae64b2bb1@group-7EB39FB5DF22-LeaderElection137: Election TIMEOUT; received 0 response(s) [] and 0 exception(s); cbde3520-0cea-4357-bb04-1a0ae64b2bb1@group-7EB39FB5DF22:t136, leader=null, voted=cbde3520-0cea-4357-bb04-1a0ae64b2bb1, raftlog=cbde3520-0cea-4357-bb04-1a0ae64b2bb1@group-7EB39FB5DF22-SegmentedRaftLog:OPENED:c-1,f-1,i0, conf=-1: [40d2d32e-dd25-45df-8070-f9dc56ccf0a7:192.168.34.62:41633, cbde3520-0cea-4357-bb04-1a0ae64b2bb1:192.168.34.62:41642, 443b071d-6096-48d6-bfe7-498b7c8032c0:192.168.34.62:46516], old=null
2019-10-17 07:41:46,762 [cbde3520-0cea-4357-bb04-1a0ae64b2bb1@group-7EB39FB5DF22-LeaderElection137] INFO  impl.LeaderElection (LeaderElection.java:askForVotes(178)) - cbde3520-0cea-4357-bb04-1a0ae64b2bb1@group-7EB39FB5DF22-LeaderElection137: begin an election at term 137 for -1: [40d2d32e-dd25-45df-8070-f9dc56ccf0a7:192.168.34.62:41633, cbde3520-0cea-4357-bb04-1a0ae64b2bb1:192.168.34.62:41642, 443b071d-6096-48d6-bfe7-498b7c8032c0:192.168.34.62:46516], old=null
2019-10-17 07:41:46,765 [grpc-default-executor-1] INFO  impl.RaftServerImpl (RaftServerImpl.java:setRole(184)) - 40d2d32e-dd25-45df-8070-f9dc56ccf0a7@group-7EB39FB5DF22: changes role from  FOLLOWER to FOLLOWER at term 137 for recognizeCandidate:cbde3520-0cea-4357-bb04-1a0ae64b2bb1
2019-10-17 07:41:46,765 [grpc-default-executor-4] INFO  impl.RaftServerImpl (RaftServerImpl.java:setRole(184)) - 443b071d-6096-48d6-bfe7-498b7c8032c0@group-7EB39FB5DF22: changes role from  FOLLOWER to FOLLOWER at term 137 for recognizeCandidate:cbde3520-0cea-4357-bb04-1a0ae64b2bb1
2019-10-17 07:41:46,765 [grpc-default-executor-1] INFO  impl.RoleInfo (RoleInfo.java:shutdownFollowerState(121)) - 40d2d32e-dd25-45df-8070-f9dc56ccf0a7: shutdown FollowerState
2019-10-17 07:41:46,765 [grpc-default-executor-4] INFO  impl.RoleInfo (RoleInfo.java:shutdownFollowerState(121)) - 443b071d-6096-48d6-bfe7-498b7c8032c0: shutdown FollowerState
2019-10-17 07:41:46,765 [Thread-1115] INFO  impl.FollowerState (FollowerState.java:run(117)) - 40d2d32e-dd25-45df-8070-f9dc56ccf0a7@group-7EB39FB5DF22-FollowerState was interrupted: java.lang.InterruptedException: sleep interrupted
2019-10-17 07:41:46,765 [grpc-default-executor-1] INFO  impl.RoleInfo (RoleInfo.java:updateAndGet(143)) - 40d2d32e-dd25-45df-8070-f9dc56ccf0a7: start FollowerState
2019-10-17 07:41:46,766 [Thread-1114] INFO  impl.FollowerState (FollowerState.java:run(117)) - 443b071d-6096-48d6-bfe7-498b7c8032c0@group-7EB39FB5DF22-FollowerState was interrupted: java.lang.InterruptedException: sleep interrupted
2019-10-17 07:41:46,766 [grpc-default-executor-4] INFO  impl.RoleInfo (RoleInfo.java:updateAndGet(143)) - 443b071d-6096-48d6-bfe7-498b7c8032c0: start FollowerState
2019-10-17 07:41:46,780 [cbde3520-0cea-4357-bb04-1a0ae64b2bb1@group-7EB39FB5DF22-LeaderElection137] INFO  impl.LeaderElection (LeaderElection.java:logAndReturn(56)) - cbde3520-0cea-4357-bb04-1a0ae64b2bb1@group-7EB39FB5DF22-LeaderElection137: Election REJECTED; received 2 response(s) [cbde3520-0cea-4357-bb04-1a0ae64b2bb1<-40d2d32e-dd25-45df-8070-f9dc56ccf0a7#0:FAIL-t137, cbde3520-0cea-4357-bb04-1a0ae64b2bb1<-443b071d-6096-48d6-bfe7-498b7c8032c0#0:FAIL-t137] and 0 exception(s); cbde3520-0cea-4357-bb04-1a0ae64b2bb1@group-7EB39FB5DF22:t137, leader=null, voted=cbde3520-0cea-4357-bb04-1a0ae64b2bb1, raftlog=cbde3520-0cea-4357-bb04-1a0ae64b2bb1@group-7EB39FB5DF22-SegmentedRaftLog:OPENED:c-1,f-1,i0, conf=-1: [40d2d32e-dd25-45df-8070-f9dc56ccf0a7:192.168.34.62:41633, cbde3520-0cea-4357-bb04-1a0ae64b2bb1:192.168.34.62:41642, 443b071d-6096-48d6-bfe7-498b7c8032c0:192.168.34.62:46516], old=null
2019-10-17 07:41:46,780 [cbde3520-0cea-4357-bb04-1a0ae64b2bb1@group-7EB39FB5DF22-LeaderElection137] INFO  impl.RaftServerImpl (RaftServerImpl.java:setRole(184)) - cbde3520-0cea-4357-bb04-1a0ae64b2bb1@group-7EB39FB5DF22: changes role from CANDIDATE to FOLLOWER at term 137 for DISCOVERED_A_NEW_TERM
2019-10-17 07:41:46,780 [cbde3520-0cea-4357-bb04-1a0ae64b2bb1@group-7EB39FB5DF22-LeaderElection137] INFO  impl.RoleInfo (RoleInfo.java:shutdownLeaderElection(134)) - cbde3520-0cea-4357-bb04-1a0ae64b2bb1: shutdown LeaderElection
2019-10-17 07:41:46,780 [cbde3520-0cea-4357-bb04-1a0ae64b2bb1@group-7EB39FB5DF22-LeaderElection137] INFO  impl.RoleInfo (RoleInfo.java:updateAndGet(143)) - cbde3520-0cea-4357-bb04-1a0ae64b2bb1: start FollowerState
2019-10-17 07:41:46,928 [Thread-1120] INFO  impl.FollowerState (FollowerState.java:run(108)) - cbde3520-0cea-4357-bb04-1a0ae64b2bb1@group-7EB39FB5DF22-FollowerState: change to CANDIDATE, lastRpcTime:147ms, electionTimeout:147ms
2019-10-17 07:41:46,928 [Thread-1120] INFO  impl.RoleInfo (RoleInfo.java:shutdownFollowerState(121)) - cbde3520-0cea-4357-bb04-1a0ae64b2bb1: shutdown FollowerState
2019-10-17 07:41:46,928 [Thread-1120] INFO  impl.RaftServerImpl (RaftServerImpl.java:setRole(184)) - cbde3520-0cea-4357-bb04-1a0ae64b2bb1@group-7EB39FB5DF22: changes role from  FOLLOWER to CANDIDATE at term 137 for changeToCandidate
2019-10-17 07:41:46,928 [Thread-1120] INFO  impl.RoleInfo (RoleInfo.java:updateAndGet(143)) - cbde3520-0cea-4357-bb04-1a0ae64b2bb1: start LeaderElection
2019-10-17 07:41:46,952 [cbde3520-0cea-4357-bb04-1a0ae64b2bb1@group-7EB39FB5DF22-LeaderElection138] INFO  impl.LeaderElection (LeaderElection.java:askForVotes(178)) - cbde3520-0cea-4357-bb04-1a0ae64b2bb1@group-7EB39FB5DF22-LeaderElection138: begin an election at term 138 for -1: [40d2d32e-dd25-45df-8070-f9dc56ccf0a7:192.168.34.62:41633, cbde3520-0cea-4357-bb04-1a0ae64b2bb1:192.168.34.62:41642, 443b071d-6096-48d6-bfe7-498b7c8032c0:192.168.34.62:46516], old=null
2019-10-17 07:41:46,955 [grpc-default-executor-4] INFO  impl.RaftServerImpl (RaftServerImpl.java:setRole(184)) - 40d2d32e-dd25-45df-8070-f9dc56ccf0a7@group-7EB39FB5DF22: changes role from  FOLLOWER to FOLLOWER at term 138 for recognizeCandidate:cbde3520-0cea-4357-bb04-1a0ae64b2bb1
2019-10-17 07:41:46,955 [grpc-default-executor-1] INFO  impl.RaftServerImpl (RaftServerImpl.java:setRole(184)) - 443b071d-6096-48d6-bfe7-498b7c8032c0@group-7EB39FB5DF22: changes role from  FOLLOWER to FOLLOWER at term 138 for recognizeCandidate:cbde3520-0cea-4357-bb04-1a0ae64b2bb1
2019-10-17 07:41:46,955 [grpc-default-executor-4] INFO  impl.RoleInfo (RoleInfo.java:shutdownFollowerState(121)) - 40d2d32e-dd25-45df-8070-f9dc56ccf0a7: shutdown FollowerState
2019-10-17 07:41:46,955 [grpc-default-executor-1] INFO  impl.RoleInfo (RoleInfo.java:shutdownFollowerState(121)) - 443b071d-6096-48d6-bfe7-498b7c8032c0: shutdown FollowerState
2019-10-17 07:41:46,955 [Thread-1118] INFO  impl.FollowerState (FollowerState.java:run(117)) - 40d2d32e-dd25-45df-8070-f9dc56ccf0a7@group-7EB39FB5DF22-FollowerState was interrupted: java.lang.InterruptedException: sleep interrupted
2019-10-17 07:41:46,955 [grpc-default-executor-4] INFO  impl.RoleInfo (RoleInfo.java:updateAndGet(143)) - 40d2d32e-dd25-45df-8070-f9dc56ccf0a7: start FollowerState
2019-10-17 07:41:46,956 [Thread-1119] INFO  impl.FollowerState (FollowerState.java:run(117)) - 443b071d-6096-48d6-bfe7-498b7c8032c0@group-7EB39FB5DF22-FollowerState was interrupted: java.lang.InterruptedException: sleep interrupted
2019-10-17 07:41:46,956 [grpc-default-executor-1] INFO  impl.RoleInfo (RoleInfo.java:updateAndGet(143)) - 443b071d-6096-48d6-bfe7-498b7c8032c0: start FollowerState
2019-10-17 07:41:46,982 [cbde3520-0cea-4357-bb04-1a0ae64b2bb1@group-7EB39FB5DF22-LeaderElection138] INFO  impl.LeaderElection (LeaderElection.java:logAndReturn(56)) - cbde3520-0cea-4357-bb04-1a0ae64b2bb1@group-7EB39FB5DF22-LeaderElection138: Election REJECTED; received 2 response(s) [cbde3520-0cea-4357-bb04-1a0ae64b2bb1<-40d2d32e-dd25-45df-8070-f9dc56ccf0a7#0:FAIL-t138, cbde3520-0cea-4357-bb04-1a0ae64b2bb1<-443b071d-6096-48d6-bfe7-498b7c8032c0#0:FAIL-t138] and 0 exception(s); cbde3520-0cea-4357-bb04-1a0ae64b2bb1@group-7EB39FB5DF22:t138, leader=null, voted=cbde3520-0cea-4357-bb04-1a0ae64b2bb1, raftlog=cbde3520-0cea-4357-bb04-1a0ae64b2bb1@group-7EB39FB5DF22-SegmentedRaftLog:OPENED:c-1,f-1,i0, conf=-1: [40d2d32e-dd25-45df-8070-f9dc56ccf0a7:192.168.34.62:41633, cbde3520-0cea-4357-bb04-1a0ae64b2bb1:192.168.34.62:41642, 443b071d-6096-48d6-bfe7-498b7c8032c0:192.168.34.62:46516], old=null
2019-10-17 07:41:46,982 [cbde3520-0cea-4357-bb04-1a0ae64b2bb1@group-7EB39FB5DF22-LeaderElection138] INFO  impl.RaftServerImpl (RaftServerImpl.java:setRole(184)) - cbde3520-0cea-4357-bb04-1a0ae64b2bb1@group-7EB39FB5DF22: changes role from CANDIDATE to FOLLOWER at term 138 for DISCOVERED_A_NEW_TERM
2019-10-17 07:41:46,982 [cbde3520-0cea-4357-bb04-1a0ae64b2bb1@group-7EB39FB5DF22-LeaderElection138] INFO  impl.RoleInfo (RoleInfo.java:shutdownLeaderElection(134)) - cbde3520-0cea-4357-bb04-1a0ae64b2bb1: shutdown LeaderElection
2019-10-17 07:41:46,982 [cbde3520-0cea-4357-bb04-1a0ae64b2bb1@group-7EB39FB5DF22-LeaderElection138] INFO  impl.RoleInfo (RoleInfo.java:updateAndGet(143)) - cbde3520-0cea-4357-bb04-1a0ae64b2bb1: start FollowerState
2019-10-17 07:41:47,165 [Thread-1126] INFO  impl.FollowerState (FollowerState.java:run(108)) - cbde3520-0cea-4357-bb04-1a0ae64b2bb1@group-7EB39FB5DF22-FollowerState: change to CANDIDATE, lastRpcTime:182ms, electionTimeout:182ms
2019-10-17 07:41:47,165 [Thread-1126] INFO  impl.RoleInfo (RoleInfo.java:shutdownFollowerState(121)) - cbde3520-0cea-4357-bb04-1a0ae64b2bb1: shutdown FollowerState
2019-10-17 07:41:47,165 [Thread-1126] INFO  impl.RaftServerImpl (RaftServerImpl.java:setRole(184)) - cbde3520-0cea-4357-bb04-1a0ae64b2bb1@group-7EB39FB5DF22: changes role from  FOLLOWER to CANDIDATE at term 138 for changeToCandidate
2019-10-17 07:41:47,166 [Thread-1126] INFO  impl.RoleInfo (RoleInfo.java:updateAndGet(143)) - cbde3520-0cea-4357-bb04-1a0ae64b2bb1: start LeaderElection
2019-10-17 07:41:47,190 [cbde3520-0cea-4357-bb04-1a0ae64b2bb1@group-7EB39FB5DF22-LeaderElection139] INFO  impl.LeaderElection (LeaderElection.java:askForVotes(178)) - cbde3520-0cea-4357-bb04-1a0ae64b2bb1@group-7EB39FB5DF22-LeaderElection139: begin an election at term 139 for -1: [40d2d32e-dd25-45df-8070-f9dc56ccf0a7:192.168.34.62:41633, cbde3520-0cea-4357-bb04-1a0ae64b2bb1:192.168.34.62:41642, 443b071d-6096-48d6-bfe7-498b7c8032c0:192.168.34.62:46516], old=null
2019-10-17 07:41:47,194 [grpc-default-executor-4] INFO  impl.RaftServerImpl (RaftServerImpl.java:setRole(184)) - 40d2d32e-dd25-45df-8070-f9dc56ccf0a7@group-7EB39FB5DF22: changes role from  FOLLOWER to FOLLOWER at term 139 for recognizeCandidate:cbde3520-0cea-4357-bb04-1a0ae64b2bb1
2019-10-17 07:41:47,194 [grpc-default-executor-1] INFO  impl.RaftServerImpl (RaftServerImpl.java:setRole(184)) - 443b071d-6096-48d6-bfe7-498b7c8032c0@group-7EB39FB5DF22: changes role from  FOLLOWER to FOLLOWER at term 139 for recognizeCandidate:cbde3520-0cea-4357-bb04-1a0ae64b2bb1
2019-10-17 07:41:47,194 [grpc-default-executor-4] INFO  impl.RoleInfo (RoleInfo.java:shutdownFollowerState(121)) - 40d2d32e-dd25-45df-8070-f9dc56ccf0a7: shutdown FollowerState
2019-10-17 07:41:47,194 [grpc-default-executor-1] INFO  impl.RoleInfo (RoleInfo.java:shutdownFollowerState(121)) - 443b071d-6096-48d6-bfe7-498b7c8032c0: shutdown FollowerState
2019-10-17 07:41:47,194 [Thread-1124] INFO  impl.FollowerState (FollowerState.java:run(117)) - 40d2d32e-dd25-45df-8070-f9dc56ccf0a7@group-7EB39FB5DF22-FollowerState was interrupted: java.lang.InterruptedException: sleep interrupted
2019-10-17 07:41:47,195 [Thread-1125] INFO  impl.FollowerState (FollowerState.java:run(117)) - 443b071d-6096-48d6-bfe7-498b7c8032c0@group-7EB39FB5DF22-FollowerState was interrupted: java.lang.InterruptedException: sleep interrupted
2019-10-17 07:41:47,194 [grpc-default-executor-4] INFO  impl.RoleInfo (RoleInfo.java:updateAndGet(143)) - 40d2d32e-dd25-45df-8070-f9dc56ccf0a7: start FollowerState
2019-10-17 07:41:47,195 [grpc-default-executor-1] INFO  impl.RoleInfo (RoleInfo.java:updateAndGet(143)) - 443b071d-6096-48d6-bfe7-498b7c8032c0: start FollowerState
2019-10-17 07:41:47,197 [cbde3520-0cea-4357-bb04-1a0ae64b2bb1@group-7EB39FB5DF22-LeaderElection139] INFO  impl.LeaderElection (LeaderElection.java:logAndReturn(56)) - cbde3520-0cea-4357-bb04-1a0ae64b2bb1@group-7EB39FB5DF22-LeaderElection139: Election TIMEOUT; received 0 response(s) [] and 0 exception(s); cbde3520-0cea-4357-bb04-1a0ae64b2bb1@group-7EB39FB5DF22:t139, leader=null, voted=cbde3520-0cea-4357-bb04-1a0ae64b2bb1, raftlog=cbde3520-0cea-4357-bb04-1a0ae64b2bb1@group-7EB39FB5DF22-SegmentedRaftLog:OPENED:c-1,f-1,i0, conf=-1: [40d2d32e-dd25-45df-8070-f9dc56ccf0a7:192.168.34.62:41633, cbde3520-0cea-4357-bb04-1a0ae64b2bb1:192.168.34.62:41642, 443b071d-6096-48d6-bfe7-498b7c8032c0:192.168.34.62:46516], old=null
2019-10-17 07:41:47,211 [main] INFO  ozone.MiniOzoneClusterImpl (MiniOzoneClusterImpl.java:lambda$waitForClusterToBeReady$2(164)) - Waiting for 1 number of pipelines out of 5, to report a leader.
2019-10-17 07:41:47,219 [cbde3520-0cea-4357-bb04-1a0ae64b2bb1@group-7EB39FB5DF22-LeaderElection139] INFO  impl.LeaderElection (LeaderElection.java:askForVotes(178)) - cbde3520-0cea-4357-bb04-1a0ae64b2bb1@group-7EB39FB5DF22-LeaderElection139: begin an election at term 140 for -1: [40d2d32e-dd25-45df-8070-f9dc56ccf0a7:192.168.34.62:41633, cbde3520-0cea-4357-bb04-1a0ae64b2bb1:192.168.34.62:41642, 443b071d-6096-48d6-bfe7-498b7c8032c0:192.168.34.62:46516], old=null
2019-10-17 07:41:47,220 [cbde3520-0cea-4357-bb04-1a0ae64b2bb1@group-7EB39FB5DF22-LeaderElection139] INFO  impl.LeaderElection (LeaderElection.java:logAndReturn(56)) - cbde3520-0cea-4357-bb04-1a0ae64b2bb1@group-7EB39FB5DF22-LeaderElection139: Election TIMEOUT; received 0 response(s) [] and 0 exception(s); cbde3520-0cea-4357-bb04-1a0ae64b2bb1@group-7EB39FB5DF22:t140, leader=null, voted=cbde3520-0cea-4357-bb04-1a0ae64b2bb1, raftlog=cbde3520-0cea-4357-bb04-1a0ae64b2bb1@group-7EB39FB5DF22-SegmentedRaftLog:OPENED:c-1,f-1,i0, conf=-1: [40d2d32e-dd25-45df-8070-f9dc56ccf0a7:192.168.34.62:41633, cbde3520-0cea-4357-bb04-1a0ae64b2bb1:192.168.34.62:41642, 443b071d-6096-48d6-bfe7-498b7c8032c0:192.168.34.62:46516], old=null
2019-10-17 07:41:47,222 [grpc-default-executor-1] INFO  impl.RaftServerImpl (RaftServerImpl.java:setRole(184)) - 40d2d32e-dd25-45df-8070-f9dc56ccf0a7@group-7EB39FB5DF22: changes role from  FOLLOWER to FOLLOWER at term 140 for recognizeCandidate:cbde3520-0cea-4357-bb04-1a0ae64b2bb1
2019-10-17 07:41:47,222 [grpc-default-executor-1] INFO  impl.RoleInfo (RoleInfo.java:shutdownFollowerState(121)) - 40d2d32e-dd25-45df-8070-f9dc56ccf0a7: shutdown FollowerState
2019-10-17 07:41:47,222 [grpc-default-executor-1] INFO  impl.RoleInfo (RoleInfo.java:updateAndGet(143)) - 40d2d32e-dd25-45df-8070-f9dc56ccf0a7: start FollowerState
2019-10-17 07:41:47,223 [grpc-default-executor-4] INFO  impl.RaftServerImpl (RaftServerImpl.java:setRole(184)) - 443b071d-6096-48d6-bfe7-498b7c8032c0@group-7EB39FB5DF22: changes role from  FOLLOWER to FOLLOWER at term 140 for recognizeCandidate:cbde3520-0cea-4357-bb04-1a0ae64b2bb1
2019-10-17 07:41:47,223 [grpc-default-executor-4] INFO  impl.RoleInfo (RoleInfo.java:shutdownFollowerState(121)) - 443b071d-6096-48d6-bfe7-498b7c8032c0: shutdown FollowerState
2019-10-17 07:41:47,222 [Thread-1130] INFO  impl.FollowerState (FollowerState.java:run(117)) - 40d2d32e-dd25-45df-8070-f9dc56ccf0a7@group-7EB39FB5DF22-FollowerState was interrupted: java.lang.InterruptedException: sleep interrupted
2019-10-17 07:41:47,223 [Thread-1131] INFO  impl.FollowerState (FollowerState.java:run(117)) - 443b071d-6096-48d6-bfe7-498b7c8032c0@group-7EB39FB5DF22-FollowerState was interrupted: java.lang.InterruptedException: sleep interrupted
2019-10-17 07:41:47,223 [grpc-default-executor-4] INFO  impl.RoleInfo (RoleInfo.java:updateAndGet(143)) - 443b071d-6096-48d6-bfe7-498b7c8032c0: start FollowerState
2019-10-17 07:41:47,244 [cbde3520-0cea-4357-bb04-1a0ae64b2bb1@group-7EB39FB5DF22-LeaderElection139] INFO  impl.LeaderElection (LeaderElection.java:askForVotes(178)) - cbde3520-0cea-4357-bb04-1a0ae64b2bb1@group-7EB39FB5DF22-LeaderElection139: begin an election at term 141 for -1: [40d2d32e-dd25-45df-8070-f9dc56ccf0a7:192.168.34.62:41633, cbde3520-0cea-4357-bb04-1a0ae64b2bb1:192.168.34.62:41642, 443b071d-6096-48d6-bfe7-498b7c8032c0:192.168.34.62:46516], old=null
2019-10-17 07:41:47,246 [grpc-default-executor-4] INFO  impl.RaftServerImpl (RaftServerImpl.java:setRole(184)) - 40d2d32e-dd25-45df-8070-f9dc56ccf0a7@group-7EB39FB5DF22: changes role from  FOLLOWER to FOLLOWER at term 141 for recognizeCandidate:cbde3520-0cea-4357-bb04-1a0ae64b2bb1
2019-10-17 07:41:47,246 [grpc-default-executor-4] INFO  impl.RoleInfo (RoleInfo.java:shutdownFollowerState(121)) - 40d2d32e-dd25-45df-8070-f9dc56ccf0a7: shutdown FollowerState
2019-10-17 07:41:47,246 [grpc-default-executor-1] INFO  impl.RaftServerImpl (RaftServerImpl.java:setRole(184)) - 443b071d-6096-48d6-bfe7-498b7c8032c0@group-7EB39FB5DF22: changes role from  FOLLOWER to FOLLOWER at term 141 for recognizeCandidate:cbde3520-0cea-4357-bb04-1a0ae64b2bb1
2019-10-17 07:41:47,247 [grpc-default-executor-1] INFO  impl.RoleInfo (RoleInfo.java:shutdownFollowerState(121)) - 443b071d-6096-48d6-bfe7-498b7c8032c0: shutdown FollowerState
2019-10-17 07:41:47,247 [Thread-1134] INFO  impl.FollowerState (FollowerState.java:run(117)) - 40d2d32e-dd25-45df-8070-f9dc56ccf0a7@group-7EB39FB5DF22-FollowerState was interrupted: java.lang.InterruptedException: sleep interrupted
2019-10-17 07:41:47,247 [grpc-default-executor-4] INFO  impl.RoleInfo (RoleInfo.java:updateAndGet(143)) - 40d2d32e-dd25-45df-8070-f9dc56ccf0a7: start FollowerState
2019-10-17 07:41:47,247 [Thread-1135] INFO  impl.FollowerState (FollowerState.java:run(117)) - 443b071d-6096-48d6-bfe7-498b7c8032c0@group-7EB39FB5DF22-FollowerState was interrupted: java.lang.InterruptedException: sleep interrupted
2019-10-17 07:41:47,247 [grpc-default-executor-1] INFO  impl.RoleInfo (RoleInfo.java:updateAndGet(143)) - 443b071d-6096-48d6-bfe7-498b7c8032c0: start FollowerState
2019-10-17 07:41:47,274 [cbde3520-0cea-4357-bb04-1a0ae64b2bb1@group-7EB39FB5DF22-LeaderElection139] INFO  impl.LeaderElection (LeaderElection.java:logAndReturn(56)) - cbde3520-0cea-4357-bb04-1a0ae64b2bb1@group-7EB39FB5DF22-LeaderElection139: Election REJECTED; received 2 response(s) [cbde3520-0cea-4357-bb04-1a0ae64b2bb1<-40d2d32e-dd25-45df-8070-f9dc56ccf0a7#0:FAIL-t141, cbde3520-0cea-4357-bb04-1a0ae64b2bb1<-443b071d-6096-48d6-bfe7-498b7c8032c0#0:FAIL-t141] and 0 exception(s); cbde3520-0cea-4357-bb04-1a0ae64b2bb1@group-7EB39FB5DF22:t141, leader=null, voted=cbde3520-0cea-4357-bb04-1a0ae64b2bb1, raftlog=cbde3520-0cea-4357-bb04-1a0ae64b2bb1@group-7EB39FB5DF22-SegmentedRaftLog:OPENED:c-1,f-1,i0, conf=-1: [40d2d32e-dd25-45df-8070-f9dc56ccf0a7:192.168.34.62:41633, cbde3520-0cea-4357-bb04-1a0ae64b2bb1:192.168.34.62:41642, 443b071d-6096-48d6-bfe7-498b7c8032c0:192.168.34.62:46516], old=null
2019-10-17 07:41:47,274 [cbde3520-0cea-4357-bb04-1a0ae64b2bb1@group-7EB39FB5DF22-LeaderElection139] INFO  impl.RaftServerImpl (RaftServerImpl.java:setRole(184)) - cbde3520-0cea-4357-bb04-1a0ae64b2bb1@group-7EB39FB5DF22: changes role from CANDIDATE to FOLLOWER at term 141 for DISCOVERED_A_NEW_TERM
2019-10-17 07:41:47,274 [cbde3520-0cea-4357-bb04-1a0ae64b2bb1@group-7EB39FB5DF22-LeaderElection139] INFO  impl.RoleInfo (RoleInfo.java:shutdownLeaderElection(134)) - cbde3520-0cea-4357-bb04-1a0ae64b2bb1: shutdown LeaderElection
2019-10-17 07:41:47,274 [cbde3520-0cea-4357-bb04-1a0ae64b2bb1@group-7EB39FB5DF22-LeaderElection139] INFO  impl.RoleInfo (RoleInfo.java:updateAndGet(143)) - cbde3520-0cea-4357-bb04-1a0ae64b2bb1: start FollowerState
2019-10-17 07:41:47,365 [Thread-1140] INFO  impl.FollowerState (FollowerState.java:run(108)) - cbde3520-0cea-4357-bb04-1a0ae64b2bb1@group-7EB39FB5DF22-FollowerState: change to CANDIDATE, lastRpcTime:90ms, electionTimeout:90ms
2019-10-17 07:41:47,365 [Thread-1140] INFO  impl.RoleInfo (RoleInfo.java:shutdownFollowerState(121)) - cbde3520-0cea-4357-bb04-1a0ae64b2bb1: shutdown FollowerState
2019-10-17 07:41:47,365 [Thread-1140] INFO  impl.RaftServerImpl (RaftServerImpl.java:setRole(184)) - cbde3520-0cea-4357-bb04-1a0ae64b2bb1@group-7EB39FB5DF22: changes role from  FOLLOWER to CANDIDATE at term 141 for changeToCandidate
2019-10-17 07:41:47,365 [Thread-1140] INFO  impl.RoleInfo (RoleInfo.java:updateAndGet(143)) - cbde3520-0cea-4357-bb04-1a0ae64b2bb1: start LeaderElection
2019-10-17 07:41:47,400 [cbde3520-0cea-4357-bb04-1a0ae64b2bb1@group-7EB39FB5DF22-LeaderElection140] INFO  impl.LeaderElection (LeaderElection.java:askForVotes(178)) - cbde3520-0cea-4357-bb04-1a0ae64b2bb1@group-7EB39FB5DF22-LeaderElection140: begin an election at term 142 for -1: [40d2d32e-dd25-45df-8070-f9dc56ccf0a7:192.168.34.62:41633, cbde3520-0cea-4357-bb04-1a0ae64b2bb1:192.168.34.62:41642, 443b071d-6096-48d6-bfe7-498b7c8032c0:192.168.34.62:46516], old=null
2019-10-17 07:41:47,403 [grpc-default-executor-1] INFO  impl.RaftServerImpl (RaftServerImpl.java:setRole(184)) - 40d2d32e-dd25-45df-8070-f9dc56ccf0a7@group-7EB39FB5DF22: changes role from  FOLLOWER to FOLLOWER at term 142 for recognizeCandidate:cbde3520-0cea-4357-bb04-1a0ae64b2bb1
2019-10-17 07:41:47,403 [grpc-default-executor-1] INFO  impl.RoleInfo (RoleInfo.java:shutdownFollowerState(121)) - 40d2d32e-dd25-45df-8070-f9dc56ccf0a7: shutdown FollowerState
2019-10-17 07:41:47,403 [grpc-default-executor-4] INFO  impl.RaftServerImpl (RaftServerImpl.java:setRole(184)) - 443b071d-6096-48d6-bfe7-498b7c8032c0@group-7EB39FB5DF22: changes role from  FOLLOWER to FOLLOWER at term 142 for recognizeCandidate:cbde3520-0cea-4357-bb04-1a0ae64b2bb1
2019-10-17 07:41:47,403 [Thread-1138] INFO  impl.FollowerState (FollowerState.java:run(117)) - 40d2d32e-dd25-45df-8070-f9dc56ccf0a7@group-7EB39FB5DF22-FollowerState was interrupted: java.lang.InterruptedException: sleep interrupted
2019-10-17 07:41:47,403 [grpc-default-executor-1] INFO  impl.RoleInfo (RoleInfo.java:updateAndGet(143)) - 40d2d32e-dd25-45df-8070-f9dc56ccf0a7: start FollowerState
2019-10-17 07:41:47,404 [grpc-default-executor-4] INFO  impl.RoleInfo (RoleInfo.java:shutdownFollowerState(121)) - 443b071d-6096-48d6-bfe7-498b7c8032c0: shutdown FollowerState
2019-10-17 07:41:47,404 [grpc-default-executor-4] INFO  impl.RoleInfo (RoleInfo.java:updateAndGet(143)) - 443b071d-6096-48d6-bfe7-498b7c8032c0: start FollowerState
2019-10-17 07:41:47,404 [cbde3520-0cea-4357-bb04-1a0ae64b2bb1@group-7EB39FB5DF22-LeaderElection140] INFO  impl.LeaderElection (LeaderElection.java:logAndReturn(56)) - cbde3520-0cea-4357-bb04-1a0ae64b2bb1@group-7EB39FB5DF22-LeaderElection140: Election TIMEOUT; received 0 response(s) [] and 0 exception(s); cbde3520-0cea-4357-bb04-1a0ae64b2bb1@group-7EB39FB5DF22:t142, leader=null, voted=cbde3520-0cea-4357-bb04-1a0ae64b2bb1, raftlog=cbde3520-0cea-4357-bb04-1a0ae64b2bb1@group-7EB39FB5DF22-SegmentedRaftLog:OPENED:c-1,f-1,i0, conf=-1: [40d2d32e-dd25-45df-8070-f9dc56ccf0a7:192.168.34.62:41633, cbde3520-0cea-4357-bb04-1a0ae64b2bb1:192.168.34.62:41642, 443b071d-6096-48d6-bfe7-498b7c8032c0:192.168.34.62:46516], old=null
2019-10-17 07:41:47,404 [Thread-1139] INFO  impl.FollowerState (FollowerState.java:run(117)) - 443b071d-6096-48d6-bfe7-498b7c8032c0@group-7EB39FB5DF22-FollowerState was interrupted: java.lang.InterruptedException: sleep interrupted
2019-10-17 07:41:47,428 [cbde3520-0cea-4357-bb04-1a0ae64b2bb1@group-7EB39FB5DF22-LeaderElection140] INFO  impl.LeaderElection (LeaderElection.java:askForVotes(178)) - cbde3520-0cea-4357-bb04-1a0ae64b2bb1@group-7EB39FB5DF22-LeaderElection140: begin an election at term 143 for -1: [40d2d32e-dd25-45df-8070-f9dc56ccf0a7:192.168.34.62:41633, cbde3520-0cea-4357-bb04-1a0ae64b2bb1:192.168.34.62:41642, 443b071d-6096-48d6-bfe7-498b7c8032c0:192.168.34.62:46516], old=null
2019-10-17 07:41:47,431 [grpc-default-executor-4] INFO  impl.RaftServerImpl (RaftServerImpl.java:setRole(184)) - 40d2d32e-dd25-45df-8070-f9dc56ccf0a7@group-7EB39FB5DF22: changes role from  FOLLOWER to FOLLOWER at term 143 for recognizeCandidate:cbde3520-0cea-4357-bb04-1a0ae64b2bb1
2019-10-17 07:41:47,431 [grpc-default-executor-4] INFO  impl.RoleInfo (RoleInfo.java:shutdownFollowerState(121)) - 40d2d32e-dd25-45df-8070-f9dc56ccf0a7: shutdown FollowerState
2019-10-17 07:41:47,431 [grpc-default-executor-1] INFO  impl.RaftServerImpl (RaftServerImpl.java:setRole(184)) - 443b071d-6096-48d6-bfe7-498b7c8032c0@group-7EB39FB5DF22: changes role from  FOLLOWER to FOLLOWER at term 143 for recognizeCandidate:cbde3520-0cea-4357-bb04-1a0ae64b2bb1
2019-10-17 07:41:47,431 [Thread-1144] INFO  impl.FollowerState (FollowerState.java:run(117)) - 40d2d32e-dd25-45df-8070-f9dc56ccf0a7@group-7EB39FB5DF22-FollowerState was interrupted: java.lang.InterruptedException: sleep interrupted
2019-10-17 07:41:47,431 [grpc-default-executor-4] INFO  impl.RoleInfo (RoleInfo.java:updateAndGet(143)) - 40d2d32e-dd25-45df-8070-f9dc56ccf0a7: start FollowerState
2019-10-17 07:41:47,431 [grpc-default-executor-1] INFO  impl.RoleInfo (RoleInfo.java:shutdownFollowerState(121)) - 443b071d-6096-48d6-bfe7-498b7c8032c0: shutdown FollowerState
2019-10-17 07:41:47,432 [grpc-default-executor-1] INFO  impl.RoleInfo (RoleInfo.java:updateAndGet(143)) - 443b071d-6096-48d6-bfe7-498b7c8032c0: start FollowerState
2019-10-17 07:41:47,432 [Thread-1145] INFO  impl.FollowerState (FollowerState.java:run(117)) - 443b071d-6096-48d6-bfe7-498b7c8032c0@group-7EB39FB5DF22-FollowerState was interrupted: java.lang.InterruptedException: sleep interrupted
2019-10-17 07:41:47,446 [cbde3520-0cea-4357-bb04-1a0ae64b2bb1@group-7EB39FB5DF22-LeaderElection140] INFO  impl.LeaderElection (LeaderElection.java:logAndReturn(56)) - cbde3520-0cea-4357-bb04-1a0ae64b2bb1@group-7EB39FB5DF22-LeaderElection140: Election REJECTED; received 2 response(s) [cbde3520-0cea-4357-bb04-1a0ae64b2bb1<-40d2d32e-dd25-45df-8070-f9dc56ccf0a7#0:FAIL-t143, cbde3520-0cea-4357-bb04-1a0ae64b2bb1<-443b071d-6096-48d6-bfe7-498b7c8032c0#0:FAIL-t143] and 0 exception(s); cbde3520-0cea-4357-bb04-1a0ae64b2bb1@group-7EB39FB5DF22:t143, leader=null, voted=cbde3520-0cea-4357-bb04-1a0ae64b2bb1, raftlog=cbde3520-0cea-4357-bb04-1a0ae64b2bb1@group-7EB39FB5DF22-SegmentedRaftLog:OPENED:c-1,f-1,i0, conf=-1: [40d2d32e-dd25-45df-8070-f9dc56ccf0a7:192.168.34.62:41633, cbde3520-0cea-4357-bb04-1a0ae64b2bb1:192.168.34.62:41642, 443b071d-6096-48d6-bfe7-498b7c8032c0:192.168.34.62:46516], old=null
2019-10-17 07:41:47,446 [cbde3520-0cea-4357-bb04-1a0ae64b2bb1@group-7EB39FB5DF22-LeaderElection140] INFO  impl.RaftServerImpl (RaftServerImpl.java:setRole(184)) - cbde3520-0cea-4357-bb04-1a0ae64b2bb1@group-7EB39FB5DF22: changes role from CANDIDATE to FOLLOWER at term 143 for DISCOVERED_A_NEW_TERM
2019-10-17 07:41:47,446 [cbde3520-0cea-4357-bb04-1a0ae64b2bb1@group-7EB39FB5DF22-LeaderElection140] INFO  impl.RoleInfo (RoleInfo.java:shutdownLeaderElection(134)) - cbde3520-0cea-4357-bb04-1a0ae64b2bb1: shutdown LeaderElection
2019-10-17 07:41:47,446 [cbde3520-0cea-4357-bb04-1a0ae64b2bb1@group-7EB39FB5DF22-LeaderElection140] INFO  impl.RoleInfo (RoleInfo.java:updateAndGet(143)) - cbde3520-0cea-4357-bb04-1a0ae64b2bb1: start FollowerState
2019-10-17 07:41:47,480 [Thread-1150] INFO  impl.FollowerState (FollowerState.java:run(108)) - cbde3520-0cea-4357-bb04-1a0ae64b2bb1@group-7EB39FB5DF22-FollowerState: change to CANDIDATE, lastRpcTime:33ms, electionTimeout:33ms
2019-10-17 07:41:47,480 [Thread-1150] INFO  impl.RoleInfo (RoleInfo.java:shutdownFollowerState(121)) - cbde3520-0cea-4357-bb04-1a0ae64b2bb1: shutdown FollowerState
2019-10-17 07:41:47,480 [Thread-1150] INFO  impl.RaftServerImpl (RaftServerImpl.java:setRole(184)) - cbde3520-0cea-4357-bb04-1a0ae64b2bb1@group-7EB39FB5DF22: changes role from  FOLLOWER to CANDIDATE at term 143 for changeToCandidate
2019-10-17 07:41:47,480 [Thread-1150] INFO  impl.RoleInfo (RoleInfo.java:updateAndGet(143)) - cbde3520-0cea-4357-bb04-1a0ae64b2bb1: start LeaderElection
2019-10-17 07:41:47,510 [cbde3520-0cea-4357-bb04-1a0ae64b2bb1@group-7EB39FB5DF22-LeaderElection141] INFO  impl.LeaderElection (LeaderElection.java:askForVotes(178)) - cbde3520-0cea-4357-bb04-1a0ae64b2bb1@group-7EB39FB5DF22-LeaderElection141: begin an election at term 144 for -1: [40d2d32e-dd25-45df-8070-f9dc56ccf0a7:192.168.34.62:41633, cbde3520-0cea-4357-bb04-1a0ae64b2bb1:192.168.34.62:41642, 443b071d-6096-48d6-bfe7-498b7c8032c0:192.168.34.62:46516], old=null
2019-10-17 07:41:47,513 [grpc-default-executor-1] INFO  impl.RaftServerImpl (RaftServerImpl.java:setRole(184)) - 40d2d32e-dd25-45df-8070-f9dc56ccf0a7@group-7EB39FB5DF22: changes role from  FOLLOWER to FOLLOWER at term 144 for recognizeCandidate:cbde3520-0cea-4357-bb04-1a0ae64b2bb1
2019-10-17 07:41:47,513 [grpc-default-executor-1] INFO  impl.RoleInfo (RoleInfo.java:shutdownFollowerState(121)) - 40d2d32e-dd25-45df-8070-f9dc56ccf0a7: shutdown FollowerState
2019-10-17 07:41:47,513 [grpc-default-executor-1] INFO  impl.RoleInfo (RoleInfo.java:updateAndGet(143)) - 40d2d32e-dd25-45df-8070-f9dc56ccf0a7: start FollowerState
2019-10-17 07:41:47,513 [Thread-1148] INFO  impl.FollowerState (FollowerState.java:run(117)) - 40d2d32e-dd25-45df-8070-f9dc56ccf0a7@group-7EB39FB5DF22-FollowerState was interrupted: java.lang.InterruptedException: sleep interrupted
2019-10-17 07:41:47,513 [grpc-default-executor-4] INFO  impl.RaftServerImpl (RaftServerImpl.java:setRole(184)) - 443b071d-6096-48d6-bfe7-498b7c8032c0@group-7EB39FB5DF22: changes role from  FOLLOWER to FOLLOWER at term 144 for recognizeCandidate:cbde3520-0cea-4357-bb04-1a0ae64b2bb1
2019-10-17 07:41:47,513 [grpc-default-executor-4] INFO  impl.RoleInfo (RoleInfo.java:shutdownFollowerState(121)) - 443b071d-6096-48d6-bfe7-498b7c8032c0: shutdown FollowerState
2019-10-17 07:41:47,514 [grpc-default-executor-4] INFO  impl.RoleInfo (RoleInfo.java:updateAndGet(143)) - 443b071d-6096-48d6-bfe7-498b7c8032c0: start FollowerState
2019-10-17 07:41:47,514 [Thread-1149] INFO  impl.FollowerState (FollowerState.java:run(117)) - 443b071d-6096-48d6-bfe7-498b7c8032c0@group-7EB39FB5DF22-FollowerState was interrupted: java.lang.InterruptedException: sleep interrupted
2019-10-17 07:41:47,537 [cbde3520-0cea-4357-bb04-1a0ae64b2bb1@group-7EB39FB5DF22-LeaderElection141] INFO  impl.LeaderElection (LeaderElection.java:logAndReturn(56)) - cbde3520-0cea-4357-bb04-1a0ae64b2bb1@group-7EB39FB5DF22-LeaderElection141: Election REJECTED; received 2 response(s) [cbde3520-0cea-4357-bb04-1a0ae64b2bb1<-40d2d32e-dd25-45df-8070-f9dc56ccf0a7#0:FAIL-t144, cbde3520-0cea-4357-bb04-1a0ae64b2bb1<-443b071d-6096-48d6-bfe7-498b7c8032c0#0:FAIL-t144] and 0 exception(s); cbde3520-0cea-4357-bb04-1a0ae64b2bb1@group-7EB39FB5DF22:t144, leader=null, voted=cbde3520-0cea-4357-bb04-1a0ae64b2bb1, raftlog=cbde3520-0cea-4357-bb04-1a0ae64b2bb1@group-7EB39FB5DF22-SegmentedRaftLog:OPENED:c-1,f-1,i0, conf=-1: [40d2d32e-dd25-45df-8070-f9dc56ccf0a7:192.168.34.62:41633, cbde3520-0cea-4357-bb04-1a0ae64b2bb1:192.168.34.62:41642, 443b071d-6096-48d6-bfe7-498b7c8032c0:192.168.34.62:46516], old=null
2019-10-17 07:41:47,537 [cbde3520-0cea-4357-bb04-1a0ae64b2bb1@group-7EB39FB5DF22-LeaderElection141] INFO  impl.RaftServerImpl (RaftServerImpl.java:setRole(184)) - cbde3520-0cea-4357-bb04-1a0ae64b2bb1@group-7EB39FB5DF22: changes role from CANDIDATE to FOLLOWER at term 144 for DISCOVERED_A_NEW_TERM
2019-10-17 07:41:47,538 [cbde3520-0cea-4357-bb04-1a0ae64b2bb1@group-7EB39FB5DF22-LeaderElection141] INFO  impl.RoleInfo (RoleInfo.java:shutdownLeaderElection(134)) - cbde3520-0cea-4357-bb04-1a0ae64b2bb1: shutdown LeaderElection
2019-10-17 07:41:47,538 [cbde3520-0cea-4357-bb04-1a0ae64b2bb1@group-7EB39FB5DF22-LeaderElection141] INFO  impl.RoleInfo (RoleInfo.java:updateAndGet(143)) - cbde3520-0cea-4357-bb04-1a0ae64b2bb1: start FollowerState
2019-10-17 07:41:47,561 [Thread-1156] INFO  impl.FollowerState (FollowerState.java:run(108)) - cbde3520-0cea-4357-bb04-1a0ae64b2bb1@group-7EB39FB5DF22-FollowerState: change to CANDIDATE, lastRpcTime:23ms, electionTimeout:23ms
2019-10-17 07:41:47,561 [Thread-1156] INFO  impl.RoleInfo (RoleInfo.java:shutdownFollowerState(121)) - cbde3520-0cea-4357-bb04-1a0ae64b2bb1: shutdown FollowerState
2019-10-17 07:41:47,562 [Thread-1156] INFO  impl.RaftServerImpl (RaftServerImpl.java:setRole(184)) - cbde3520-0cea-4357-bb04-1a0ae64b2bb1@group-7EB39FB5DF22: changes role from  FOLLOWER to CANDIDATE at term 144 for changeToCandidate
2019-10-17 07:41:47,562 [Thread-1156] INFO  impl.RoleInfo (RoleInfo.java:updateAndGet(143)) - cbde3520-0cea-4357-bb04-1a0ae64b2bb1: start LeaderElection
2019-10-17 07:41:47,585 [cbde3520-0cea-4357-bb04-1a0ae64b2bb1@group-7EB39FB5DF22-LeaderElection142] INFO  impl.LeaderElection (LeaderElection.java:askForVotes(178)) - cbde3520-0cea-4357-bb04-1a0ae64b2bb1@group-7EB39FB5DF22-LeaderElection142: begin an election at term 145 for -1: [40d2d32e-dd25-45df-8070-f9dc56ccf0a7:192.168.34.62:41633, cbde3520-0cea-4357-bb04-1a0ae64b2bb1:192.168.34.62:41642, 443b071d-6096-48d6-bfe7-498b7c8032c0:192.168.34.62:46516], old=null
2019-10-17 07:41:47,587 [grpc-default-executor-4] INFO  impl.RaftServerImpl (RaftServerImpl.java:setRole(184)) - 40d2d32e-dd25-45df-8070-f9dc56ccf0a7@group-7EB39FB5DF22: changes role from  FOLLOWER to FOLLOWER at term 145 for recognizeCandidate:cbde3520-0cea-4357-bb04-1a0ae64b2bb1
2019-10-17 07:41:47,587 [grpc-default-executor-4] INFO  impl.RoleInfo (RoleInfo.java:shutdownFollowerState(121)) - 40d2d32e-dd25-45df-8070-f9dc56ccf0a7: shutdown FollowerState
2019-10-17 07:41:47,587 [grpc-default-executor-1] INFO  impl.RaftServerImpl (RaftServerImpl.java:setRole(184)) - 443b071d-6096-48d6-bfe7-498b7c8032c0@group-7EB39FB5DF22: changes role from  FOLLOWER to FOLLOWER at term 145 for recognizeCandidate:cbde3520-0cea-4357-bb04-1a0ae64b2bb1
2019-10-17 07:41:47,588 [grpc-default-executor-1] INFO  impl.RoleInfo (RoleInfo.java:shutdownFollowerState(121)) - 443b071d-6096-48d6-bfe7-498b7c8032c0: shutdown FollowerState
2019-10-17 07:41:47,588 [Thread-1154] INFO  impl.FollowerState (FollowerState.java:run(117)) - 40d2d32e-dd25-45df-8070-f9dc56ccf0a7@group-7EB39FB5DF22-FollowerState was interrupted: java.lang.InterruptedException: sleep interrupted
2019-10-17 07:41:47,588 [grpc-default-executor-4] INFO  impl.RoleInfo (RoleInfo.java:updateAndGet(143)) - 40d2d32e-dd25-45df-8070-f9dc56ccf0a7: start FollowerState
2019-10-17 07:41:47,588 [Thread-1155] INFO  impl.FollowerState (FollowerState.java:run(117)) - 443b071d-6096-48d6-bfe7-498b7c8032c0@group-7EB39FB5DF22-FollowerState was interrupted: java.lang.InterruptedException: sleep interrupted
2019-10-17 07:41:47,588 [grpc-default-executor-1] INFO  impl.RoleInfo (RoleInfo.java:updateAndGet(143)) - 443b071d-6096-48d6-bfe7-498b7c8032c0: start FollowerState
2019-10-17 07:41:47,612 [cbde3520-0cea-4357-bb04-1a0ae64b2bb1@group-7EB39FB5DF22-LeaderElection142] INFO  impl.LeaderElection (LeaderElection.java:logAndReturn(56)) - cbde3520-0cea-4357-bb04-1a0ae64b2bb1@group-7EB39FB5DF22-LeaderElection142: Election REJECTED; received 2 response(s) [cbde3520-0cea-4357-bb04-1a0ae64b2bb1<-40d2d32e-dd25-45df-8070-f9dc56ccf0a7#0:FAIL-t145, cbde3520-0cea-4357-bb04-1a0ae64b2bb1<-443b071d-6096-48d6-bfe7-498b7c8032c0#0:FAIL-t145] and 0 exception(s); cbde3520-0cea-4357-bb04-1a0ae64b2bb1@group-7EB39FB5DF22:t145, leader=null, voted=cbde3520-0cea-4357-bb04-1a0ae64b2bb1, raftlog=cbde3520-0cea-4357-bb04-1a0ae64b2bb1@group-7EB39FB5DF22-SegmentedRaftLog:OPENED:c-1,f-1,i0, conf=-1: [40d2d32e-dd25-45df-8070-f9dc56ccf0a7:192.168.34.62:41633, cbde3520-0cea-4357-bb04-1a0ae64b2bb1:192.168.34.62:41642, 443b071d-6096-48d6-bfe7-498b7c8032c0:192.168.34.62:46516], old=null
2019-10-17 07:41:47,613 [cbde3520-0cea-4357-bb04-1a0ae64b2bb1@group-7EB39FB5DF22-LeaderElection142] INFO  impl.RaftServerImpl (RaftServerImpl.java:setRole(184)) - cbde3520-0cea-4357-bb04-1a0ae64b2bb1@group-7EB39FB5DF22: changes role from CANDIDATE to FOLLOWER at term 145 for DISCOVERED_A_NEW_TERM
2019-10-17 07:41:47,613 [cbde3520-0cea-4357-bb04-1a0ae64b2bb1@group-7EB39FB5DF22-LeaderElection142] INFO  impl.RoleInfo (RoleInfo.java:shutdownLeaderElection(134)) - cbde3520-0cea-4357-bb04-1a0ae64b2bb1: shutdown LeaderElection
2019-10-17 07:41:47,613 [cbde3520-0cea-4357-bb04-1a0ae64b2bb1@group-7EB39FB5DF22-LeaderElection142] INFO  impl.RoleInfo (RoleInfo.java:updateAndGet(143)) - cbde3520-0cea-4357-bb04-1a0ae64b2bb1: start FollowerState
2019-10-17 07:41:47,770 [Thread-1162] INFO  impl.FollowerState (FollowerState.java:run(108)) - cbde3520-0cea-4357-bb04-1a0ae64b2bb1@group-7EB39FB5DF22-FollowerState: change to CANDIDATE, lastRpcTime:157ms, electionTimeout:157ms
2019-10-17 07:41:47,771 [Thread-1162] INFO  impl.RoleInfo (RoleInfo.java:shutdownFollowerState(121)) - cbde3520-0cea-4357-bb04-1a0ae64b2bb1: shutdown FollowerState
2019-10-17 07:41:47,771 [Thread-1162] INFO  impl.RaftServerImpl (RaftServerImpl.java:setRole(184)) - cbde3520-0cea-4357-bb04-1a0ae64b2bb1@group-7EB39FB5DF22: changes role from  FOLLOWER to CANDIDATE at term 145 for changeToCandidate
2019-10-17 07:41:47,771 [Thread-1162] INFO  impl.RoleInfo (RoleInfo.java:updateAndGet(143)) - cbde3520-0cea-4357-bb04-1a0ae64b2bb1: start LeaderElection
2019-10-17 07:41:47,795 [cbde3520-0cea-4357-bb04-1a0ae64b2bb1@group-7EB39FB5DF22-LeaderElection143] INFO  impl.LeaderElection (LeaderElection.java:askForVotes(178)) - cbde3520-0cea-4357-bb04-1a0ae64b2bb1@group-7EB39FB5DF22-LeaderElection143: begin an election at term 146 for -1: [40d2d32e-dd25-45df-8070-f9dc56ccf0a7:192.168.34.62:41633, cbde3520-0cea-4357-bb04-1a0ae64b2bb1:192.168.34.62:41642, 443b071d-6096-48d6-bfe7-498b7c8032c0:192.168.34.62:46516], old=null
2019-10-17 07:41:47,798 [grpc-default-executor-1] INFO  impl.RaftServerImpl (RaftServerImpl.java:setRole(184)) - 40d2d32e-dd25-45df-8070-f9dc56ccf0a7@group-7EB39FB5DF22: changes role from  FOLLOWER to FOLLOWER at term 146 for recognizeCandidate:cbde3520-0cea-4357-bb04-1a0ae64b2bb1
2019-10-17 07:41:47,798 [grpc-default-executor-4] INFO  impl.RaftServerImpl (RaftServerImpl.java:setRole(184)) - 443b071d-6096-48d6-bfe7-498b7c8032c0@group-7EB39FB5DF22: changes role from  FOLLOWER to FOLLOWER at term 146 for recognizeCandidate:cbde3520-0cea-4357-bb04-1a0ae64b2bb1
2019-10-17 07:41:47,798 [grpc-default-executor-4] INFO  impl.RoleInfo (RoleInfo.java:shutdownFollowerState(121)) - 443b071d-6096-48d6-bfe7-498b7c8032c0: shutdown FollowerState
2019-10-17 07:41:47,798 [grpc-default-executor-1] INFO  impl.RoleInfo (RoleInfo.java:shutdownFollowerState(121)) - 40d2d32e-dd25-45df-8070-f9dc56ccf0a7: shutdown FollowerState
2019-10-17 07:41:47,798 [Thread-1161] INFO  impl.FollowerState (FollowerState.java:run(117)) - 443b071d-6096-48d6-bfe7-498b7c8032c0@group-7EB39FB5DF22-FollowerState was interrupted: java.lang.InterruptedException: sleep interrupted
2019-10-17 07:41:47,799 [grpc-default-executor-1] INFO  impl.RoleInfo (RoleInfo.java:updateAndGet(143)) - 40d2d32e-dd25-45df-8070-f9dc56ccf0a7: start FollowerState
2019-10-17 07:41:47,798 [grpc-default-executor-4] INFO  impl.RoleInfo (RoleInfo.java:updateAndGet(143)) - 443b071d-6096-48d6-bfe7-498b7c8032c0: start FollowerState
2019-10-17 07:41:47,799 [Thread-1160] INFO  impl.FollowerState (FollowerState.java:run(117)) - 40d2d32e-dd25-45df-8070-f9dc56ccf0a7@group-7EB39FB5DF22-FollowerState was interrupted: java.lang.InterruptedException: sleep interrupted
2019-10-17 07:41:47,829 [cbde3520-0cea-4357-bb04-1a0ae64b2bb1@group-7EB39FB5DF22-LeaderElection143] INFO  impl.LeaderElection (LeaderElection.java:logAndReturn(56)) - cbde3520-0cea-4357-bb04-1a0ae64b2bb1@group-7EB39FB5DF22-LeaderElection143: Election REJECTED; received 2 response(s) [cbde3520-0cea-4357-bb04-1a0ae64b2bb1<-40d2d32e-dd25-45df-8070-f9dc56ccf0a7#0:FAIL-t146, cbde3520-0cea-4357-bb04-1a0ae64b2bb1<-443b071d-6096-48d6-bfe7-498b7c8032c0#0:FAIL-t146] and 0 exception(s); cbde3520-0cea-4357-bb04-1a0ae64b2bb1@group-7EB39FB5DF22:t146, leader=null, voted=cbde3520-0cea-4357-bb04-1a0ae64b2bb1, raftlog=cbde3520-0cea-4357-bb04-1a0ae64b2bb1@group-7EB39FB5DF22-SegmentedRaftLog:OPENED:c-1,f-1,i0, conf=-1: [40d2d32e-dd25-45df-8070-f9dc56ccf0a7:192.168.34.62:41633, cbde3520-0cea-4357-bb04-1a0ae64b2bb1:192.168.34.62:41642, 443b071d-6096-48d6-bfe7-498b7c8032c0:192.168.34.62:46516], old=null
2019-10-17 07:41:47,829 [cbde3520-0cea-4357-bb04-1a0ae64b2bb1@group-7EB39FB5DF22-LeaderElection143] INFO  impl.RaftServerImpl (RaftServerImpl.java:setRole(184)) - cbde3520-0cea-4357-bb04-1a0ae64b2bb1@group-7EB39FB5DF22: changes role from CANDIDATE to FOLLOWER at term 146 for DISCOVERED_A_NEW_TERM
2019-10-17 07:41:47,829 [cbde3520-0cea-4357-bb04-1a0ae64b2bb1@group-7EB39FB5DF22-LeaderElection143] INFO  impl.RoleInfo (RoleInfo.java:shutdownLeaderElection(134)) - cbde3520-0cea-4357-bb04-1a0ae64b2bb1: shutdown LeaderElection
2019-10-17 07:41:47,829 [cbde3520-0cea-4357-bb04-1a0ae64b2bb1@group-7EB39FB5DF22-LeaderElection143] INFO  impl.RoleInfo (RoleInfo.java:updateAndGet(143)) - cbde3520-0cea-4357-bb04-1a0ae64b2bb1: start FollowerState
2019-10-17 07:41:47,950 [Thread-1168] INFO  impl.FollowerState (FollowerState.java:run(108)) - cbde3520-0cea-4357-bb04-1a0ae64b2bb1@group-7EB39FB5DF22-FollowerState: change to CANDIDATE, lastRpcTime:120ms, electionTimeout:120ms
2019-10-17 07:41:47,950 [Thread-1168] INFO  impl.RoleInfo (RoleInfo.java:shutdownFollowerState(121)) - cbde3520-0cea-4357-bb04-1a0ae64b2bb1: shutdown FollowerState
2019-10-17 07:41:47,950 [Thread-1168] INFO  impl.RaftServerImpl (RaftServerImpl.java:setRole(184)) - cbde3520-0cea-4357-bb04-1a0ae64b2bb1@group-7EB39FB5DF22: changes role from  FOLLOWER to CANDIDATE at term 146 for changeToCandidate
2019-10-17 07:41:47,950 [Thread-1168] INFO  impl.RoleInfo (RoleInfo.java:updateAndGet(143)) - cbde3520-0cea-4357-bb04-1a0ae64b2bb1: start LeaderElection
2019-10-17 07:41:47,974 [cbde3520-0cea-4357-bb04-1a0ae64b2bb1@group-7EB39FB5DF22-LeaderElection144] INFO  impl.LeaderElection (LeaderElection.java:askForVotes(178)) - cbde3520-0cea-4357-bb04-1a0ae64b2bb1@group-7EB39FB5DF22-LeaderElection144: begin an election at term 147 for -1: [40d2d32e-dd25-45df-8070-f9dc56ccf0a7:192.168.34.62:41633, cbde3520-0cea-4357-bb04-1a0ae64b2bb1:192.168.34.62:41642, 443b071d-6096-48d6-bfe7-498b7c8032c0:192.168.34.62:46516], old=null
2019-10-17 07:41:47,977 [grpc-default-executor-4] INFO  impl.RaftServerImpl (RaftServerImpl.java:setRole(184)) - 40d2d32e-dd25-45df-8070-f9dc56ccf0a7@group-7EB39FB5DF22: changes role from  FOLLOWER to FOLLOWER at term 147 for recognizeCandidate:cbde3520-0cea-4357-bb04-1a0ae64b2bb1
2019-10-17 07:41:47,978 [grpc-default-executor-4] INFO  impl.RoleInfo (RoleInfo.java:shutdownFollowerState(121)) - 40d2d32e-dd25-45df-8070-f9dc56ccf0a7: shutdown FollowerState
2019-10-17 07:41:47,978 [grpc-default-executor-1] INFO  impl.RaftServerImpl (RaftServerImpl.java:setRole(184)) - 443b071d-6096-48d6-bfe7-498b7c8032c0@group-7EB39FB5DF22: changes role from  FOLLOWER to FOLLOWER at term 147 for recognizeCandidate:cbde3520-0cea-4357-bb04-1a0ae64b2bb1
2019-10-17 07:41:47,978 [Thread-1167] INFO  impl.FollowerState (FollowerState.java:run(117)) - 40d2d32e-dd25-45df-8070-f9dc56ccf0a7@group-7EB39FB5DF22-FollowerState was interrupted: java.lang.InterruptedException: sleep interrupted
2019-10-17 07:41:47,978 [grpc-default-executor-4] INFO  impl.RoleInfo (RoleInfo.java:updateAndGet(143)) - 40d2d32e-dd25-45df-8070-f9dc56ccf0a7: start FollowerState
2019-10-17 07:41:47,978 [grpc-default-executor-1] INFO  impl.RoleInfo (RoleInfo.java:shutdownFollowerState(121)) - 443b071d-6096-48d6-bfe7-498b7c8032c0: shutdown FollowerState
2019-10-17 07:41:47,979 [grpc-default-executor-1] INFO  impl.RoleInfo (RoleInfo.java:updateAndGet(143)) - 443b071d-6096-48d6-bfe7-498b7c8032c0: start FollowerState
2019-10-17 07:41:47,979 [Thread-1166] INFO  impl.FollowerState (FollowerState.java:run(117)) - 443b071d-6096-48d6-bfe7-498b7c8032c0@group-7EB39FB5DF22-FollowerState was interrupted: java.lang.InterruptedException: sleep interrupted
2019-10-17 07:41:47,993 [cbde3520-0cea-4357-bb04-1a0ae64b2bb1@group-7EB39FB5DF22-LeaderElection144] INFO  impl.LeaderElection (LeaderElection.java:logAndReturn(56)) - cbde3520-0cea-4357-bb04-1a0ae64b2bb1@group-7EB39FB5DF22-LeaderElection144: Election REJECTED; received 2 response(s) [cbde3520-0cea-4357-bb04-1a0ae64b2bb1<-40d2d32e-dd25-45df-8070-f9dc56ccf0a7#0:FAIL-t147, cbde3520-0cea-4357-bb04-1a0ae64b2bb1<-443b071d-6096-48d6-bfe7-498b7c8032c0#0:FAIL-t147] and 0 exception(s); cbde3520-0cea-4357-bb04-1a0ae64b2bb1@group-7EB39FB5DF22:t147, leader=null, voted=cbde3520-0cea-4357-bb04-1a0ae64b2bb1, raftlog=cbde3520-0cea-4357-bb04-1a0ae64b2bb1@group-7EB39FB5DF22-SegmentedRaftLog:OPENED:c-1,f-1,i0, conf=-1: [40d2d32e-dd25-45df-8070-f9dc56ccf0a7:192.168.34.62:41633, cbde3520-0cea-4357-bb04-1a0ae64b2bb1:192.168.34.62:41642, 443b071d-6096-48d6-bfe7-498b7c8032c0:192.168.34.62:46516], old=null
2019-10-17 07:41:47,993 [cbde3520-0cea-4357-bb04-1a0ae64b2bb1@group-7EB39FB5DF22-LeaderElection144] INFO  impl.RaftServerImpl (RaftServerImpl.java:setRole(184)) - cbde3520-0cea-4357-bb04-1a0ae64b2bb1@group-7EB39FB5DF22: changes role from CANDIDATE to FOLLOWER at term 147 for DISCOVERED_A_NEW_TERM
2019-10-17 07:41:47,993 [cbde3520-0cea-4357-bb04-1a0ae64b2bb1@group-7EB39FB5DF22-LeaderElection144] INFO  impl.RoleInfo (RoleInfo.java:shutdownLeaderElection(134)) - cbde3520-0cea-4357-bb04-1a0ae64b2bb1: shutdown LeaderElection
2019-10-17 07:41:47,994 [cbde3520-0cea-4357-bb04-1a0ae64b2bb1@group-7EB39FB5DF22-LeaderElection144] INFO  impl.RoleInfo (RoleInfo.java:updateAndGet(143)) - cbde3520-0cea-4357-bb04-1a0ae64b2bb1: start FollowerState
2019-10-17 07:41:48,180 [Thread-1174] INFO  impl.FollowerState (FollowerState.java:run(108)) - cbde3520-0cea-4357-bb04-1a0ae64b2bb1@group-7EB39FB5DF22-FollowerState: change to CANDIDATE, lastRpcTime:186ms, electionTimeout:186ms
2019-10-17 07:41:48,180 [Thread-1174] INFO  impl.RoleInfo (RoleInfo.java:shutdownFollowerState(121)) - cbde3520-0cea-4357-bb04-1a0ae64b2bb1: shutdown FollowerState
2019-10-17 07:41:48,181 [Thread-1174] INFO  impl.RaftServerImpl (RaftServerImpl.java:setRole(184)) - cbde3520-0cea-4357-bb04-1a0ae64b2bb1@group-7EB39FB5DF22: changes role from  FOLLOWER to CANDIDATE at term 147 for changeToCandidate
2019-10-17 07:41:48,181 [Thread-1174] INFO  impl.RoleInfo (RoleInfo.java:updateAndGet(143)) - cbde3520-0cea-4357-bb04-1a0ae64b2bb1: start LeaderElection
2019-10-17 07:41:48,206 [cbde3520-0cea-4357-bb04-1a0ae64b2bb1@group-7EB39FB5DF22-LeaderElection145] INFO  impl.LeaderElection (LeaderElection.java:askForVotes(178)) - cbde3520-0cea-4357-bb04-1a0ae64b2bb1@group-7EB39FB5DF22-LeaderElection145: begin an election at term 148 for -1: [40d2d32e-dd25-45df-8070-f9dc56ccf0a7:192.168.34.62:41633, cbde3520-0cea-4357-bb04-1a0ae64b2bb1:192.168.34.62:41642, 443b071d-6096-48d6-bfe7-498b7c8032c0:192.168.34.62:46516], old=null
2019-10-17 07:41:48,208 [grpc-default-executor-1] INFO  impl.RaftServerImpl (RaftServerImpl.java:setRole(184)) - 40d2d32e-dd25-45df-8070-f9dc56ccf0a7@group-7EB39FB5DF22: changes role from  FOLLOWER to FOLLOWER at term 148 for recognizeCandidate:cbde3520-0cea-4357-bb04-1a0ae64b2bb1
2019-10-17 07:41:48,209 [grpc-default-executor-1] INFO  impl.RoleInfo (RoleInfo.java:shutdownFollowerState(121)) - 40d2d32e-dd25-45df-8070-f9dc56ccf0a7: shutdown FollowerState
2019-10-17 07:41:48,209 [grpc-default-executor-4] INFO  impl.RaftServerImpl (RaftServerImpl.java:setRole(184)) - 443b071d-6096-48d6-bfe7-498b7c8032c0@group-7EB39FB5DF22: changes role from  FOLLOWER to FOLLOWER at term 148 for recognizeCandidate:cbde3520-0cea-4357-bb04-1a0ae64b2bb1
2019-10-17 07:41:48,209 [Thread-1172] INFO  impl.FollowerState (FollowerState.java:run(117)) - 40d2d32e-dd25-45df-8070-f9dc56ccf0a7@group-7EB39FB5DF22-FollowerState was interrupted: java.lang.InterruptedException: sleep interrupted
2019-10-17 07:41:48,209 [grpc-default-executor-1] INFO  impl.RoleInfo (RoleInfo.java:updateAndGet(143)) - 40d2d32e-dd25-45df-8070-f9dc56ccf0a7: start FollowerState
2019-10-17 07:41:48,209 [grpc-default-executor-4] INFO  impl.RoleInfo (RoleInfo.java:shutdownFollowerState(121)) - 443b071d-6096-48d6-bfe7-498b7c8032c0: shutdown FollowerState
2019-10-17 07:41:48,209 [grpc-default-executor-4] INFO  impl.RoleInfo (RoleInfo.java:updateAndGet(143)) - 443b071d-6096-48d6-bfe7-498b7c8032c0: start FollowerState
2019-10-17 07:41:48,209 [Thread-1173] INFO  impl.FollowerState (FollowerState.java:run(117)) - 443b071d-6096-48d6-bfe7-498b7c8032c0@group-7EB39FB5DF22-FollowerState was interrupted: java.lang.InterruptedException: sleep interrupted
2019-10-17 07:41:48,211 [main] INFO  ozone.MiniOzoneClusterImpl (MiniOzoneClusterImpl.java:lambda$waitForClusterToBeReady$2(164)) - Waiting for 1 number of pipelines out of 5, to report a leader.
2019-10-17 07:41:48,235 [cbde3520-0cea-4357-bb04-1a0ae64b2bb1@group-7EB39FB5DF22-LeaderElection145] INFO  impl.LeaderElection (LeaderElection.java:logAndReturn(56)) - cbde3520-0cea-4357-bb04-1a0ae64b2bb1@group-7EB39FB5DF22-LeaderElection145: Election REJECTED; received 2 response(s) [cbde3520-0cea-4357-bb04-1a0ae64b2bb1<-40d2d32e-dd25-45df-8070-f9dc56ccf0a7#0:FAIL-t148, cbde3520-0cea-4357-bb04-1a0ae64b2bb1<-443b071d-6096-48d6-bfe7-498b7c8032c0#0:FAIL-t148] and 0 exception(s); cbde3520-0cea-4357-bb04-1a0ae64b2bb1@group-7EB39FB5DF22:t148, leader=null, voted=cbde3520-0cea-4357-bb04-1a0ae64b2bb1, raftlog=cbde3520-0cea-4357-bb04-1a0ae64b2bb1@group-7EB39FB5DF22-SegmentedRaftLog:OPENED:c-1,f-1,i0, conf=-1: [40d2d32e-dd25-45df-8070-f9dc56ccf0a7:192.168.34.62:41633, cbde3520-0cea-4357-bb04-1a0ae64b2bb1:192.168.34.62:41642, 443b071d-6096-48d6-bfe7-498b7c8032c0:192.168.34.62:46516], old=null
2019-10-17 07:41:48,236 [cbde3520-0cea-4357-bb04-1a0ae64b2bb1@group-7EB39FB5DF22-LeaderElection145] INFO  impl.RaftServerImpl (RaftServerImpl.java:setRole(184)) - cbde3520-0cea-4357-bb04-1a0ae64b2bb1@group-7EB39FB5DF22: changes role from CANDIDATE to FOLLOWER at term 148 for DISCOVERED_A_NEW_TERM
2019-10-17 07:41:48,236 [cbde3520-0cea-4357-bb04-1a0ae64b2bb1@group-7EB39FB5DF22-LeaderElection145] INFO  impl.RoleInfo (RoleInfo.java:shutdownLeaderElection(134)) - cbde3520-0cea-4357-bb04-1a0ae64b2bb1: shutdown LeaderElection
2019-10-17 07:41:48,236 [cbde3520-0cea-4357-bb04-1a0ae64b2bb1@group-7EB39FB5DF22-LeaderElection145] INFO  impl.RoleInfo (RoleInfo.java:updateAndGet(143)) - cbde3520-0cea-4357-bb04-1a0ae64b2bb1: start FollowerState
2019-10-17 07:41:48,424 [Thread-1180] INFO  impl.FollowerState (FollowerState.java:run(108)) - cbde3520-0cea-4357-bb04-1a0ae64b2bb1@group-7EB39FB5DF22-FollowerState: change to CANDIDATE, lastRpcTime:187ms, electionTimeout:187ms
2019-10-17 07:41:48,424 [Thread-1180] INFO  impl.RoleInfo (RoleInfo.java:shutdownFollowerState(121)) - cbde3520-0cea-4357-bb04-1a0ae64b2bb1: shutdown FollowerState
2019-10-17 07:41:48,424 [Thread-1180] INFO  impl.RaftServerImpl (RaftServerImpl.java:setRole(184)) - cbde3520-0cea-4357-bb04-1a0ae64b2bb1@group-7EB39FB5DF22: changes role from  FOLLOWER to CANDIDATE at term 148 for changeToCandidate
2019-10-17 07:41:48,426 [Thread-1180] INFO  impl.RoleInfo (RoleInfo.java:updateAndGet(143)) - cbde3520-0cea-4357-bb04-1a0ae64b2bb1: start LeaderElection
2019-10-17 07:41:48,449 [cbde3520-0cea-4357-bb04-1a0ae64b2bb1@group-7EB39FB5DF22-LeaderElection146] INFO  impl.LeaderElection (LeaderElection.java:askForVotes(178)) - cbde3520-0cea-4357-bb04-1a0ae64b2bb1@group-7EB39FB5DF22-LeaderElection146: begin an election at term 149 for -1: [40d2d32e-dd25-45df-8070-f9dc56ccf0a7:192.168.34.62:41633, cbde3520-0cea-4357-bb04-1a0ae64b2bb1:192.168.34.62:41642, 443b071d-6096-48d6-bfe7-498b7c8032c0:192.168.34.62:46516], old=null
2019-10-17 07:41:48,453 [grpc-default-executor-4] INFO  impl.RaftServerImpl (RaftServerImpl.java:setRole(184)) - 40d2d32e-dd25-45df-8070-f9dc56ccf0a7@group-7EB39FB5DF22: changes role from  FOLLOWER to FOLLOWER at term 149 for recognizeCandidate:cbde3520-0cea-4357-bb04-1a0ae64b2bb1
2019-10-17 07:41:48,453 [grpc-default-executor-1] INFO  impl.RaftServerImpl (RaftServerImpl.java:setRole(184)) - 443b071d-6096-48d6-bfe7-498b7c8032c0@group-7EB39FB5DF22: changes role from  FOLLOWER to FOLLOWER at term 149 for recognizeCandidate:cbde3520-0cea-4357-bb04-1a0ae64b2bb1
2019-10-17 07:41:48,453 [grpc-default-executor-1] INFO  impl.RoleInfo (RoleInfo.java:shutdownFollowerState(121)) - 443b071d-6096-48d6-bfe7-498b7c8032c0: shutdown FollowerState
2019-10-17 07:41:48,453 [grpc-default-executor-4] INFO  impl.RoleInfo (RoleInfo.java:shutdownFollowerState(121)) - 40d2d32e-dd25-45df-8070-f9dc56ccf0a7: shutdown FollowerState
2019-10-17 07:41:48,453 [Thread-1179] INFO  impl.FollowerState (FollowerState.java:run(117)) - 443b071d-6096-48d6-bfe7-498b7c8032c0@group-7EB39FB5DF22-FollowerState was interrupted: java.lang.InterruptedException: sleep interrupted
2019-10-17 07:41:48,453 [grpc-default-executor-1] INFO  impl.RoleInfo (RoleInfo.java:updateAndGet(143)) - 443b071d-6096-48d6-bfe7-498b7c8032c0: start FollowerState
2019-10-17 07:41:48,453 [grpc-default-executor-4] INFO  impl.RoleInfo (RoleInfo.java:updateAndGet(143)) - 40d2d32e-dd25-45df-8070-f9dc56ccf0a7: start FollowerState
2019-10-17 07:41:48,453 [Thread-1178] INFO  impl.FollowerState (FollowerState.java:run(117)) - 40d2d32e-dd25-45df-8070-f9dc56ccf0a7@group-7EB39FB5DF22-FollowerState was interrupted: java.lang.InterruptedException: sleep interrupted
2019-10-17 07:41:48,468 [cbde3520-0cea-4357-bb04-1a0ae64b2bb1@group-7EB39FB5DF22-LeaderElection146] INFO  impl.LeaderElection (LeaderElection.java:logAndReturn(56)) - cbde3520-0cea-4357-bb04-1a0ae64b2bb1@group-7EB39FB5DF22-LeaderElection146: Election REJECTED; received 2 response(s) [cbde3520-0cea-4357-bb04-1a0ae64b2bb1<-40d2d32e-dd25-45df-8070-f9dc56ccf0a7#0:FAIL-t149, cbde3520-0cea-4357-bb04-1a0ae64b2bb1<-443b071d-6096-48d6-bfe7-498b7c8032c0#0:FAIL-t149] and 0 exception(s); cbde3520-0cea-4357-bb04-1a0ae64b2bb1@group-7EB39FB5DF22:t149, leader=null, voted=cbde3520-0cea-4357-bb04-1a0ae64b2bb1, raftlog=cbde3520-0cea-4357-bb04-1a0ae64b2bb1@group-7EB39FB5DF22-SegmentedRaftLog:OPENED:c-1,f-1,i0, conf=-1: [40d2d32e-dd25-45df-8070-f9dc56ccf0a7:192.168.34.62:41633, cbde3520-0cea-4357-bb04-1a0ae64b2bb1:192.168.34.62:41642, 443b071d-6096-48d6-bfe7-498b7c8032c0:192.168.34.62:46516], old=null
2019-10-17 07:41:48,468 [cbde3520-0cea-4357-bb04-1a0ae64b2bb1@group-7EB39FB5DF22-LeaderElection146] INFO  impl.RaftServerImpl (RaftServerImpl.java:setRole(184)) - cbde3520-0cea-4357-bb04-1a0ae64b2bb1@group-7EB39FB5DF22: changes role from CANDIDATE to FOLLOWER at term 149 for DISCOVERED_A_NEW_TERM
2019-10-17 07:41:48,468 [cbde3520-0cea-4357-bb04-1a0ae64b2bb1@group-7EB39FB5DF22-LeaderElection146] INFO  impl.RoleInfo (RoleInfo.java:shutdownLeaderElection(134)) - cbde3520-0cea-4357-bb04-1a0ae64b2bb1: shutdown LeaderElection
2019-10-17 07:41:48,468 [cbde3520-0cea-4357-bb04-1a0ae64b2bb1@group-7EB39FB5DF22-LeaderElection146] INFO  impl.RoleInfo (RoleInfo.java:updateAndGet(143)) - cbde3520-0cea-4357-bb04-1a0ae64b2bb1: start FollowerState
2019-10-17 07:41:48,654 [Thread-1186] INFO  impl.FollowerState (FollowerState.java:run(108)) - cbde3520-0cea-4357-bb04-1a0ae64b2bb1@group-7EB39FB5DF22-FollowerState: change to CANDIDATE, lastRpcTime:185ms, electionTimeout:185ms
2019-10-17 07:41:48,654 [Thread-1186] INFO  impl.RoleInfo (RoleInfo.java:shutdownFollowerState(121)) - cbde3520-0cea-4357-bb04-1a0ae64b2bb1: shutdown FollowerState
2019-10-17 07:41:48,656 [Thread-1186] INFO  impl.RaftServerImpl (RaftServerImpl.java:setRole(184)) - cbde3520-0cea-4357-bb04-1a0ae64b2bb1@group-7EB39FB5DF22: changes role from  FOLLOWER to CANDIDATE at term 149 for changeToCandidate
2019-10-17 07:41:48,656 [Thread-1186] INFO  impl.RoleInfo (RoleInfo.java:updateAndGet(143)) - cbde3520-0cea-4357-bb04-1a0ae64b2bb1: start LeaderElection
2019-10-17 07:41:48,670 [cbde3520-0cea-4357-bb04-1a0ae64b2bb1@group-7EB39FB5DF22-LeaderElection147] INFO  impl.LeaderElection (LeaderElection.java:askForVotes(178)) - cbde3520-0cea-4357-bb04-1a0ae64b2bb1@group-7EB39FB5DF22-LeaderElection147: begin an election at term 150 for -1: [40d2d32e-dd25-45df-8070-f9dc56ccf0a7:192.168.34.62:41633, cbde3520-0cea-4357-bb04-1a0ae64b2bb1:192.168.34.62:41642, 443b071d-6096-48d6-bfe7-498b7c8032c0:192.168.34.62:46516], old=null
2019-10-17 07:41:48,672 [grpc-default-executor-4] INFO  impl.RaftServerImpl (RaftServerImpl.java:setRole(184)) - 443b071d-6096-48d6-bfe7-498b7c8032c0@group-7EB39FB5DF22: changes role from  FOLLOWER to FOLLOWER at term 150 for recognizeCandidate:cbde3520-0cea-4357-bb04-1a0ae64b2bb1
2019-10-17 07:41:48,672 [grpc-default-executor-1] INFO  impl.RaftServerImpl (RaftServerImpl.java:setRole(184)) - 40d2d32e-dd25-45df-8070-f9dc56ccf0a7@group-7EB39FB5DF22: changes role from  FOLLOWER to FOLLOWER at term 150 for recognizeCandidate:cbde3520-0cea-4357-bb04-1a0ae64b2bb1
2019-10-17 07:41:48,673 [grpc-default-executor-4] INFO  impl.RoleInfo (RoleInfo.java:shutdownFollowerState(121)) - 443b071d-6096-48d6-bfe7-498b7c8032c0: shutdown FollowerState
2019-10-17 07:41:48,673 [grpc-default-executor-1] INFO  impl.RoleInfo (RoleInfo.java:shutdownFollowerState(121)) - 40d2d32e-dd25-45df-8070-f9dc56ccf0a7: shutdown FollowerState
2019-10-17 07:41:48,673 [grpc-default-executor-4] INFO  impl.RoleInfo (RoleInfo.java:updateAndGet(143)) - 443b071d-6096-48d6-bfe7-498b7c8032c0: start FollowerState
2019-10-17 07:41:48,673 [Thread-1185] INFO  impl.FollowerState (FollowerState.java:run(117)) - 40d2d32e-dd25-45df-8070-f9dc56ccf0a7@group-7EB39FB5DF22-FollowerState was interrupted: java.lang.InterruptedException: sleep interrupted
2019-10-17 07:41:48,673 [Thread-1184] INFO  impl.FollowerState (FollowerState.java:run(117)) - 443b071d-6096-48d6-bfe7-498b7c8032c0@group-7EB39FB5DF22-FollowerState was interrupted: java.lang.InterruptedException: sleep interrupted
2019-10-17 07:41:48,673 [grpc-default-executor-1] INFO  impl.RoleInfo (RoleInfo.java:updateAndGet(143)) - 40d2d32e-dd25-45df-8070-f9dc56ccf0a7: start FollowerState
2019-10-17 07:41:48,679 [cbde3520-0cea-4357-bb04-1a0ae64b2bb1@group-7EB39FB5DF22-LeaderElection147] INFO  impl.LeaderElection (LeaderElection.java:logAndReturn(56)) - cbde3520-0cea-4357-bb04-1a0ae64b2bb1@group-7EB39FB5DF22-LeaderElection147: Election TIMEOUT; received 0 response(s) [] and 0 exception(s); cbde3520-0cea-4357-bb04-1a0ae64b2bb1@group-7EB39FB5DF22:t150, leader=null, voted=cbde3520-0cea-4357-bb04-1a0ae64b2bb1, raftlog=cbde3520-0cea-4357-bb04-1a0ae64b2bb1@group-7EB39FB5DF22-SegmentedRaftLog:OPENED:c-1,f-1,i0, conf=-1: [40d2d32e-dd25-45df-8070-f9dc56ccf0a7:192.168.34.62:41633, cbde3520-0cea-4357-bb04-1a0ae64b2bb1:192.168.34.62:41642, 443b071d-6096-48d6-bfe7-498b7c8032c0:192.168.34.62:46516], old=null
2019-10-17 07:41:48,693 [cbde3520-0cea-4357-bb04-1a0ae64b2bb1@group-7EB39FB5DF22-LeaderElection147] INFO  impl.LeaderElection (LeaderElection.java:askForVotes(178)) - cbde3520-0cea-4357-bb04-1a0ae64b2bb1@group-7EB39FB5DF22-LeaderElection147: begin an election at term 151 for -1: [40d2d32e-dd25-45df-8070-f9dc56ccf0a7:192.168.34.62:41633, cbde3520-0cea-4357-bb04-1a0ae64b2bb1:192.168.34.62:41642, 443b071d-6096-48d6-bfe7-498b7c8032c0:192.168.34.62:46516], old=null
2019-10-17 07:41:48,695 [grpc-default-executor-1] INFO  impl.RaftServerImpl (RaftServerImpl.java:setRole(184)) - 40d2d32e-dd25-45df-8070-f9dc56ccf0a7@group-7EB39FB5DF22: changes role from  FOLLOWER to FOLLOWER at term 151 for recognizeCandidate:cbde3520-0cea-4357-bb04-1a0ae64b2bb1
2019-10-17 07:41:48,695 [grpc-default-executor-1] INFO  impl.RoleInfo (RoleInfo.java:shutdownFollowerState(121)) - 40d2d32e-dd25-45df-8070-f9dc56ccf0a7: shutdown FollowerState
2019-10-17 07:41:48,695 [grpc-default-executor-1] INFO  impl.RoleInfo (RoleInfo.java:updateAndGet(143)) - 40d2d32e-dd25-45df-8070-f9dc56ccf0a7: start FollowerState
2019-10-17 07:41:48,695 [Thread-1191] INFO  impl.FollowerState (FollowerState.java:run(117)) - 40d2d32e-dd25-45df-8070-f9dc56ccf0a7@group-7EB39FB5DF22-FollowerState was interrupted: java.lang.InterruptedException: sleep interrupted
2019-10-17 07:41:48,696 [grpc-default-executor-4] INFO  impl.RaftServerImpl (RaftServerImpl.java:setRole(184)) - 443b071d-6096-48d6-bfe7-498b7c8032c0@group-7EB39FB5DF22: changes role from  FOLLOWER to FOLLOWER at term 151 for recognizeCandidate:cbde3520-0cea-4357-bb04-1a0ae64b2bb1
2019-10-17 07:41:48,696 [grpc-default-executor-4] INFO  impl.RoleInfo (RoleInfo.java:shutdownFollowerState(121)) - 443b071d-6096-48d6-bfe7-498b7c8032c0: shutdown FollowerState
2019-10-17 07:41:48,696 [grpc-default-executor-4] INFO  impl.RoleInfo (RoleInfo.java:updateAndGet(143)) - 443b071d-6096-48d6-bfe7-498b7c8032c0: start FollowerState
2019-10-17 07:41:48,696 [Thread-1190] INFO  impl.FollowerState (FollowerState.java:run(117)) - 443b071d-6096-48d6-bfe7-498b7c8032c0@group-7EB39FB5DF22-FollowerState was interrupted: java.lang.InterruptedException: sleep interrupted
2019-10-17 07:41:48,719 [cbde3520-0cea-4357-bb04-1a0ae64b2bb1@group-7EB39FB5DF22-LeaderElection147] INFO  impl.LeaderElection (LeaderElection.java:logAndReturn(56)) - cbde3520-0cea-4357-bb04-1a0ae64b2bb1@group-7EB39FB5DF22-LeaderElection147: Election REJECTED; received 2 response(s) [cbde3520-0cea-4357-bb04-1a0ae64b2bb1<-40d2d32e-dd25-45df-8070-f9dc56ccf0a7#0:FAIL-t151, cbde3520-0cea-4357-bb04-1a0ae64b2bb1<-443b071d-6096-48d6-bfe7-498b7c8032c0#0:FAIL-t151] and 0 exception(s); cbde3520-0cea-4357-bb04-1a0ae64b2bb1@group-7EB39FB5DF22:t151, leader=null, voted=cbde3520-0cea-4357-bb04-1a0ae64b2bb1, raftlog=cbde3520-0cea-4357-bb04-1a0ae64b2bb1@group-7EB39FB5DF22-SegmentedRaftLog:OPENED:c-1,f-1,i0, conf=-1: [40d2d32e-dd25-45df-8070-f9dc56ccf0a7:192.168.34.62:41633, cbde3520-0cea-4357-bb04-1a0ae64b2bb1:192.168.34.62:41642, 443b071d-6096-48d6-bfe7-498b7c8032c0:192.168.34.62:46516], old=null
2019-10-17 07:41:48,719 [cbde3520-0cea-4357-bb04-1a0ae64b2bb1@group-7EB39FB5DF22-LeaderElection147] INFO  impl.RaftServerImpl (RaftServerImpl.java:setRole(184)) - cbde3520-0cea-4357-bb04-1a0ae64b2bb1@group-7EB39FB5DF22: changes role from CANDIDATE to FOLLOWER at term 151 for DISCOVERED_A_NEW_TERM
2019-10-17 07:41:48,719 [cbde3520-0cea-4357-bb04-1a0ae64b2bb1@group-7EB39FB5DF22-LeaderElection147] INFO  impl.RoleInfo (RoleInfo.java:shutdownLeaderElection(134)) - cbde3520-0cea-4357-bb04-1a0ae64b2bb1: shutdown LeaderElection
2019-10-17 07:41:48,719 [cbde3520-0cea-4357-bb04-1a0ae64b2bb1@group-7EB39FB5DF22-LeaderElection147] INFO  impl.RoleInfo (RoleInfo.java:updateAndGet(143)) - cbde3520-0cea-4357-bb04-1a0ae64b2bb1: start FollowerState
2019-10-17 07:41:48,828 [Thread-1196] INFO  impl.FollowerState (FollowerState.java:run(108)) - cbde3520-0cea-4357-bb04-1a0ae64b2bb1@group-7EB39FB5DF22-FollowerState: change to CANDIDATE, lastRpcTime:109ms, electionTimeout:109ms
2019-10-17 07:41:48,829 [Thread-1196] INFO  impl.RoleInfo (RoleInfo.java:shutdownFollowerState(121)) - cbde3520-0cea-4357-bb04-1a0ae64b2bb1: shutdown FollowerState
2019-10-17 07:41:48,829 [Thread-1196] INFO  impl.RaftServerImpl (RaftServerImpl.java:setRole(184)) - cbde3520-0cea-4357-bb04-1a0ae64b2bb1@group-7EB39FB5DF22: changes role from  FOLLOWER to CANDIDATE at term 151 for changeToCandidate
2019-10-17 07:41:48,829 [Thread-1196] INFO  impl.RoleInfo (RoleInfo.java:updateAndGet(143)) - cbde3520-0cea-4357-bb04-1a0ae64b2bb1: start LeaderElection
2019-10-17 07:41:48,842 [cbde3520-0cea-4357-bb04-1a0ae64b2bb1@group-7EB39FB5DF22-LeaderElection148] INFO  impl.LeaderElection (LeaderElection.java:askForVotes(178)) - cbde3520-0cea-4357-bb04-1a0ae64b2bb1@group-7EB39FB5DF22-LeaderElection148: begin an election at term 152 for -1: [40d2d32e-dd25-45df-8070-f9dc56ccf0a7:192.168.34.62:41633, cbde3520-0cea-4357-bb04-1a0ae64b2bb1:192.168.34.62:41642, 443b071d-6096-48d6-bfe7-498b7c8032c0:192.168.34.62:46516], old=null
2019-10-17 07:41:48,844 [grpc-default-executor-4] INFO  impl.RaftServerImpl (RaftServerImpl.java:setRole(184)) - 40d2d32e-dd25-45df-8070-f9dc56ccf0a7@group-7EB39FB5DF22: changes role from  FOLLOWER to FOLLOWER at term 152 for recognizeCandidate:cbde3520-0cea-4357-bb04-1a0ae64b2bb1
2019-10-17 07:41:48,844 [grpc-default-executor-4] INFO  impl.RoleInfo (RoleInfo.java:shutdownFollowerState(121)) - 40d2d32e-dd25-45df-8070-f9dc56ccf0a7: shutdown FollowerState
2019-10-17 07:41:48,844 [grpc-default-executor-1] INFO  impl.RaftServerImpl (RaftServerImpl.java:setRole(184)) - 443b071d-6096-48d6-bfe7-498b7c8032c0@group-7EB39FB5DF22: changes role from  FOLLOWER to FOLLOWER at term 152 for recognizeCandidate:cbde3520-0cea-4357-bb04-1a0ae64b2bb1
2019-10-17 07:41:48,844 [Thread-1194] INFO  impl.FollowerState (FollowerState.java:run(117)) - 40d2d32e-dd25-45df-8070-f9dc56ccf0a7@group-7EB39FB5DF22-FollowerState was interrupted: java.lang.InterruptedException: sleep interrupted
2019-10-17 07:41:48,844 [grpc-default-executor-4] INFO  impl.RoleInfo (RoleInfo.java:updateAndGet(143)) - 40d2d32e-dd25-45df-8070-f9dc56ccf0a7: start FollowerState
2019-10-17 07:41:48,844 [grpc-default-executor-1] INFO  impl.RoleInfo (RoleInfo.java:shutdownFollowerState(121)) - 443b071d-6096-48d6-bfe7-498b7c8032c0: shutdown FollowerState
2019-10-17 07:41:48,845 [grpc-default-executor-1] INFO  impl.RoleInfo (RoleInfo.java:updateAndGet(143)) - 443b071d-6096-48d6-bfe7-498b7c8032c0: start FollowerState
2019-10-17 07:41:48,845 [Thread-1195] INFO  impl.FollowerState (FollowerState.java:run(117)) - 443b071d-6096-48d6-bfe7-498b7c8032c0@group-7EB39FB5DF22-FollowerState was interrupted: java.lang.InterruptedException: sleep interrupted
2019-10-17 07:41:48,858 [cbde3520-0cea-4357-bb04-1a0ae64b2bb1@group-7EB39FB5DF22-LeaderElection148] INFO  impl.LeaderElection (LeaderElection.java:logAndReturn(56)) - cbde3520-0cea-4357-bb04-1a0ae64b2bb1@group-7EB39FB5DF22-LeaderElection148: Election REJECTED; received 2 response(s) [cbde3520-0cea-4357-bb04-1a0ae64b2bb1<-40d2d32e-dd25-45df-8070-f9dc56ccf0a7#0:FAIL-t152, cbde3520-0cea-4357-bb04-1a0ae64b2bb1<-443b071d-6096-48d6-bfe7-498b7c8032c0#0:FAIL-t152] and 0 exception(s); cbde3520-0cea-4357-bb04-1a0ae64b2bb1@group-7EB39FB5DF22:t152, leader=null, voted=cbde3520-0cea-4357-bb04-1a0ae64b2bb1, raftlog=cbde3520-0cea-4357-bb04-1a0ae64b2bb1@group-7EB39FB5DF22-SegmentedRaftLog:OPENED:c-1,f-1,i0, conf=-1: [40d2d32e-dd25-45df-8070-f9dc56ccf0a7:192.168.34.62:41633, cbde3520-0cea-4357-bb04-1a0ae64b2bb1:192.168.34.62:41642, 443b071d-6096-48d6-bfe7-498b7c8032c0:192.168.34.62:46516], old=null
2019-10-17 07:41:48,858 [cbde3520-0cea-4357-bb04-1a0ae64b2bb1@group-7EB39FB5DF22-LeaderElection148] INFO  impl.RaftServerImpl (RaftServerImpl.java:setRole(184)) - cbde3520-0cea-4357-bb04-1a0ae64b2bb1@group-7EB39FB5DF22: changes role from CANDIDATE to FOLLOWER at term 152 for DISCOVERED_A_NEW_TERM
2019-10-17 07:41:48,858 [cbde3520-0cea-4357-bb04-1a0ae64b2bb1@group-7EB39FB5DF22-LeaderElection148] INFO  impl.RoleInfo (RoleInfo.java:shutdownLeaderElection(134)) - cbde3520-0cea-4357-bb04-1a0ae64b2bb1: shutdown LeaderElection
2019-10-17 07:41:48,859 [cbde3520-0cea-4357-bb04-1a0ae64b2bb1@group-7EB39FB5DF22-LeaderElection148] INFO  impl.RoleInfo (RoleInfo.java:updateAndGet(143)) - cbde3520-0cea-4357-bb04-1a0ae64b2bb1: start FollowerState
2019-10-17 07:41:49,050 [Thread-1202] INFO  impl.FollowerState (FollowerState.java:run(108)) - cbde3520-0cea-4357-bb04-1a0ae64b2bb1@group-7EB39FB5DF22-FollowerState: change to CANDIDATE, lastRpcTime:191ms, electionTimeout:191ms
2019-10-17 07:41:49,050 [Thread-1202] INFO  impl.RoleInfo (RoleInfo.java:shutdownFollowerState(121)) - cbde3520-0cea-4357-bb04-1a0ae64b2bb1: shutdown FollowerState
2019-10-17 07:41:49,050 [Thread-1202] INFO  impl.RaftServerImpl (RaftServerImpl.java:setRole(184)) - cbde3520-0cea-4357-bb04-1a0ae64b2bb1@group-7EB39FB5DF22: changes role from  FOLLOWER to CANDIDATE at term 152 for changeToCandidate
2019-10-17 07:41:49,050 [Thread-1202] INFO  impl.RoleInfo (RoleInfo.java:updateAndGet(143)) - cbde3520-0cea-4357-bb04-1a0ae64b2bb1: start LeaderElection
2019-10-17 07:41:49,074 [cbde3520-0cea-4357-bb04-1a0ae64b2bb1@group-7EB39FB5DF22-LeaderElection149] INFO  impl.LeaderElection (LeaderElection.java:askForVotes(178)) - cbde3520-0cea-4357-bb04-1a0ae64b2bb1@group-7EB39FB5DF22-LeaderElection149: begin an election at term 153 for -1: [40d2d32e-dd25-45df-8070-f9dc56ccf0a7:192.168.34.62:41633, cbde3520-0cea-4357-bb04-1a0ae64b2bb1:192.168.34.62:41642, 443b071d-6096-48d6-bfe7-498b7c8032c0:192.168.34.62:46516], old=null
2019-10-17 07:41:49,076 [grpc-default-executor-1] INFO  impl.RaftServerImpl (RaftServerImpl.java:setRole(184)) - 443b071d-6096-48d6-bfe7-498b7c8032c0@group-7EB39FB5DF22: changes role from  FOLLOWER to FOLLOWER at term 153 for recognizeCandidate:cbde3520-0cea-4357-bb04-1a0ae64b2bb1
2019-10-17 07:41:49,077 [grpc-default-executor-1] INFO  impl.RoleInfo (RoleInfo.java:shutdownFollowerState(121)) - 443b071d-6096-48d6-bfe7-498b7c8032c0: shutdown FollowerState
2019-10-17 07:41:49,077 [grpc-default-executor-4] INFO  impl.RaftServerImpl (RaftServerImpl.java:setRole(184)) - 40d2d32e-dd25-45df-8070-f9dc56ccf0a7@group-7EB39FB5DF22: changes role from  FOLLOWER to FOLLOWER at term 153 for recognizeCandidate:cbde3520-0cea-4357-bb04-1a0ae64b2bb1
2019-10-17 07:41:49,077 [Thread-1201] INFO  impl.FollowerState (FollowerState.java:run(117)) - 443b071d-6096-48d6-bfe7-498b7c8032c0@group-7EB39FB5DF22-FollowerState was interrupted: java.lang.InterruptedException: sleep interrupted
2019-10-17 07:41:49,077 [grpc-default-executor-1] INFO  impl.RoleInfo (RoleInfo.java:updateAndGet(143)) - 443b071d-6096-48d6-bfe7-498b7c8032c0: start FollowerState
2019-10-17 07:41:49,077 [grpc-default-executor-4] INFO  impl.RoleInfo (RoleInfo.java:shutdownFollowerState(121)) - 40d2d32e-dd25-45df-8070-f9dc56ccf0a7: shutdown FollowerState
2019-10-17 07:41:49,077 [grpc-default-executor-4] INFO  impl.RoleInfo (RoleInfo.java:updateAndGet(143)) - 40d2d32e-dd25-45df-8070-f9dc56ccf0a7: start FollowerState
2019-10-17 07:41:49,077 [Thread-1200] INFO  impl.FollowerState (FollowerState.java:run(117)) - 40d2d32e-dd25-45df-8070-f9dc56ccf0a7@group-7EB39FB5DF22-FollowerState was interrupted: java.lang.InterruptedException: sleep interrupted
2019-10-17 07:41:49,094 [cbde3520-0cea-4357-bb04-1a0ae64b2bb1@group-7EB39FB5DF22-LeaderElection149] INFO  impl.LeaderElection (LeaderElection.java:logAndReturn(56)) - cbde3520-0cea-4357-bb04-1a0ae64b2bb1@group-7EB39FB5DF22-LeaderElection149: Election REJECTED; received 2 response(s) [cbde3520-0cea-4357-bb04-1a0ae64b2bb1<-40d2d32e-dd25-45df-8070-f9dc56ccf0a7#0:FAIL-t153, cbde3520-0cea-4357-bb04-1a0ae64b2bb1<-443b071d-6096-48d6-bfe7-498b7c8032c0#0:FAIL-t153] and 0 exception(s); cbde3520-0cea-4357-bb04-1a0ae64b2bb1@group-7EB39FB5DF22:t153, leader=null, voted=cbde3520-0cea-4357-bb04-1a0ae64b2bb1, raftlog=cbde3520-0cea-4357-bb04-1a0ae64b2bb1@group-7EB39FB5DF22-SegmentedRaftLog:OPENED:c-1,f-1,i0, conf=-1: [40d2d32e-dd25-45df-8070-f9dc56ccf0a7:192.168.34.62:41633, cbde3520-0cea-4357-bb04-1a0ae64b2bb1:192.168.34.62:41642, 443b071d-6096-48d6-bfe7-498b7c8032c0:192.168.34.62:46516], old=null
2019-10-17 07:41:49,094 [cbde3520-0cea-4357-bb04-1a0ae64b2bb1@group-7EB39FB5DF22-LeaderElection149] INFO  impl.RaftServerImpl (RaftServerImpl.java:setRole(184)) - cbde3520-0cea-4357-bb04-1a0ae64b2bb1@group-7EB39FB5DF22: changes role from CANDIDATE to FOLLOWER at term 153 for DISCOVERED_A_NEW_TERM
2019-10-17 07:41:49,094 [cbde3520-0cea-4357-bb04-1a0ae64b2bb1@group-7EB39FB5DF22-LeaderElection149] INFO  impl.RoleInfo (RoleInfo.java:shutdownLeaderElection(134)) - cbde3520-0cea-4357-bb04-1a0ae64b2bb1: shutdown LeaderElection
2019-10-17 07:41:49,094 [cbde3520-0cea-4357-bb04-1a0ae64b2bb1@group-7EB39FB5DF22-LeaderElection149] INFO  impl.RoleInfo (RoleInfo.java:updateAndGet(143)) - cbde3520-0cea-4357-bb04-1a0ae64b2bb1: start FollowerState
2019-10-17 07:41:49,184 [Thread-1208] INFO  impl.FollowerState (FollowerState.java:run(108)) - cbde3520-0cea-4357-bb04-1a0ae64b2bb1@group-7EB39FB5DF22-FollowerState: change to CANDIDATE, lastRpcTime:89ms, electionTimeout:89ms
2019-10-17 07:41:49,184 [Thread-1208] INFO  impl.RoleInfo (RoleInfo.java:shutdownFollowerState(121)) - cbde3520-0cea-4357-bb04-1a0ae64b2bb1: shutdown FollowerState
2019-10-17 07:41:49,184 [Thread-1208] INFO  impl.RaftServerImpl (RaftServerImpl.java:setRole(184)) - cbde3520-0cea-4357-bb04-1a0ae64b2bb1@group-7EB39FB5DF22: changes role from  FOLLOWER to CANDIDATE at term 153 for changeToCandidate
2019-10-17 07:41:49,184 [Thread-1208] INFO  impl.RoleInfo (RoleInfo.java:updateAndGet(143)) - cbde3520-0cea-4357-bb04-1a0ae64b2bb1: start LeaderElection
2019-10-17 07:41:49,212 [main] INFO  ozone.MiniOzoneClusterImpl (MiniOzoneClusterImpl.java:lambda$waitForClusterToBeReady$2(164)) - Waiting for 1 number of pipelines out of 5, to report a leader.
2019-10-17 07:41:49,259 [cbde3520-0cea-4357-bb04-1a0ae64b2bb1@group-7EB39FB5DF22-LeaderElection150] INFO  impl.LeaderElection (LeaderElection.java:askForVotes(178)) - cbde3520-0cea-4357-bb04-1a0ae64b2bb1@group-7EB39FB5DF22-LeaderElection150: begin an election at term 154 for -1: [40d2d32e-dd25-45df-8070-f9dc56ccf0a7:192.168.34.62:41633, cbde3520-0cea-4357-bb04-1a0ae64b2bb1:192.168.34.62:41642, 443b071d-6096-48d6-bfe7-498b7c8032c0:192.168.34.62:46516], old=null
2019-10-17 07:41:49,262 [grpc-default-executor-1] INFO  impl.RaftServerImpl (RaftServerImpl.java:setRole(184)) - 40d2d32e-dd25-45df-8070-f9dc56ccf0a7@group-7EB39FB5DF22: changes role from  FOLLOWER to FOLLOWER at term 154 for recognizeCandidate:cbde3520-0cea-4357-bb04-1a0ae64b2bb1
2019-10-17 07:41:49,262 [grpc-default-executor-4] INFO  impl.RaftServerImpl (RaftServerImpl.java:setRole(184)) - 443b071d-6096-48d6-bfe7-498b7c8032c0@group-7EB39FB5DF22: changes role from  FOLLOWER to FOLLOWER at term 154 for recognizeCandidate:cbde3520-0cea-4357-bb04-1a0ae64b2bb1
2019-10-17 07:41:49,262 [grpc-default-executor-1] INFO  impl.RoleInfo (RoleInfo.java:shutdownFollowerState(121)) - 40d2d32e-dd25-45df-8070-f9dc56ccf0a7: shutdown FollowerState
2019-10-17 07:41:49,262 [grpc-default-executor-4] INFO  impl.RoleInfo (RoleInfo.java:shutdownFollowerState(121)) - 443b071d-6096-48d6-bfe7-498b7c8032c0: shutdown FollowerState
2019-10-17 07:41:49,263 [Thread-1207] INFO  impl.FollowerState (FollowerState.java:run(117)) - 40d2d32e-dd25-45df-8070-f9dc56ccf0a7@group-7EB39FB5DF22-FollowerState was interrupted: java.lang.InterruptedException: sleep interrupted
2019-10-17 07:41:49,263 [grpc-default-executor-1] INFO  impl.RoleInfo (RoleInfo.java:updateAndGet(143)) - 40d2d32e-dd25-45df-8070-f9dc56ccf0a7: start FollowerState
2019-10-17 07:41:49,263 [Thread-1206] INFO  impl.FollowerState (FollowerState.java:run(117)) - 443b071d-6096-48d6-bfe7-498b7c8032c0@group-7EB39FB5DF22-FollowerState was interrupted: java.lang.InterruptedException: sleep interrupted
2019-10-17 07:41:49,263 [grpc-default-executor-4] INFO  impl.RoleInfo (RoleInfo.java:updateAndGet(143)) - 443b071d-6096-48d6-bfe7-498b7c8032c0: start FollowerState
2019-10-17 07:41:49,283 [cbde3520-0cea-4357-bb04-1a0ae64b2bb1@group-7EB39FB5DF22-LeaderElection150] INFO  impl.LeaderElection (LeaderElection.java:logAndReturn(56)) - cbde3520-0cea-4357-bb04-1a0ae64b2bb1@group-7EB39FB5DF22-LeaderElection150: Election REJECTED; received 2 response(s) [cbde3520-0cea-4357-bb04-1a0ae64b2bb1<-40d2d32e-dd25-45df-8070-f9dc56ccf0a7#0:FAIL-t154, cbde3520-0cea-4357-bb04-1a0ae64b2bb1<-443b071d-6096-48d6-bfe7-498b7c8032c0#0:FAIL-t154] and 0 exception(s); cbde3520-0cea-4357-bb04-1a0ae64b2bb1@group-7EB39FB5DF22:t154, leader=null, voted=cbde3520-0cea-4357-bb04-1a0ae64b2bb1, raftlog=cbde3520-0cea-4357-bb04-1a0ae64b2bb1@group-7EB39FB5DF22-SegmentedRaftLog:OPENED:c-1,f-1,i0, conf=-1: [40d2d32e-dd25-45df-8070-f9dc56ccf0a7:192.168.34.62:41633, cbde3520-0cea-4357-bb04-1a0ae64b2bb1:192.168.34.62:41642, 443b071d-6096-48d6-bfe7-498b7c8032c0:192.168.34.62:46516], old=null
2019-10-17 07:41:49,283 [cbde3520-0cea-4357-bb04-1a0ae64b2bb1@group-7EB39FB5DF22-LeaderElection150] INFO  impl.RaftServerImpl (RaftServerImpl.java:setRole(184)) - cbde3520-0cea-4357-bb04-1a0ae64b2bb1@group-7EB39FB5DF22: changes role from CANDIDATE to FOLLOWER at term 154 for DISCOVERED_A_NEW_TERM
2019-10-17 07:41:49,283 [cbde3520-0cea-4357-bb04-1a0ae64b2bb1@group-7EB39FB5DF22-LeaderElection150] INFO  impl.RoleInfo (RoleInfo.java:shutdownLeaderElection(134)) - cbde3520-0cea-4357-bb04-1a0ae64b2bb1: shutdown LeaderElection
2019-10-17 07:41:49,283 [cbde3520-0cea-4357-bb04-1a0ae64b2bb1@group-7EB39FB5DF22-LeaderElection150] INFO  impl.RoleInfo (RoleInfo.java:updateAndGet(143)) - cbde3520-0cea-4357-bb04-1a0ae64b2bb1: start FollowerState
2019-10-17 07:41:49,428 [Thread-1214] INFO  impl.FollowerState (FollowerState.java:run(108)) - cbde3520-0cea-4357-bb04-1a0ae64b2bb1@group-7EB39FB5DF22-FollowerState: change to CANDIDATE, lastRpcTime:144ms, electionTimeout:144ms
2019-10-17 07:41:49,428 [Thread-1214] INFO  impl.RoleInfo (RoleInfo.java:shutdownFollowerState(121)) - cbde3520-0cea-4357-bb04-1a0ae64b2bb1: shutdown FollowerState
2019-10-17 07:41:49,428 [Thread-1214] INFO  impl.RaftServerImpl (RaftServerImpl.java:setRole(184)) - cbde3520-0cea-4357-bb04-1a0ae64b2bb1@group-7EB39FB5DF22: changes role from  FOLLOWER to CANDIDATE at term 154 for changeToCandidate
2019-10-17 07:41:49,428 [Thread-1214] INFO  impl.RoleInfo (RoleInfo.java:updateAndGet(143)) - cbde3520-0cea-4357-bb04-1a0ae64b2bb1: start LeaderElection
2019-10-17 07:41:49,434 [cbde3520-0cea-4357-bb04-1a0ae64b2bb1@group-7EB39FB5DF22-LeaderElection151] INFO  impl.LeaderElection (LeaderElection.java:askForVotes(178)) - cbde3520-0cea-4357-bb04-1a0ae64b2bb1@group-7EB39FB5DF22-LeaderElection151: begin an election at term 155 for -1: [40d2d32e-dd25-45df-8070-f9dc56ccf0a7:192.168.34.62:41633, cbde3520-0cea-4357-bb04-1a0ae64b2bb1:192.168.34.62:41642, 443b071d-6096-48d6-bfe7-498b7c8032c0:192.168.34.62:46516], old=null
2019-10-17 07:41:49,437 [grpc-default-executor-4] INFO  impl.RaftServerImpl (RaftServerImpl.java:setRole(184)) - 443b071d-6096-48d6-bfe7-498b7c8032c0@group-7EB39FB5DF22: changes role from  FOLLOWER to FOLLOWER at term 155 for recognizeCandidate:cbde3520-0cea-4357-bb04-1a0ae64b2bb1
2019-10-17 07:41:49,437 [grpc-default-executor-4] INFO  impl.RoleInfo (RoleInfo.java:shutdownFollowerState(121)) - 443b071d-6096-48d6-bfe7-498b7c8032c0: shutdown FollowerState
2019-10-17 07:41:49,437 [grpc-default-executor-1] INFO  impl.RaftServerImpl (RaftServerImpl.java:setRole(184)) - 40d2d32e-dd25-45df-8070-f9dc56ccf0a7@group-7EB39FB5DF22: changes role from  FOLLOWER to FOLLOWER at term 155 for recognizeCandidate:cbde3520-0cea-4357-bb04-1a0ae64b2bb1
2019-10-17 07:41:49,438 [grpc-default-executor-1] INFO  impl.RoleInfo (RoleInfo.java:shutdownFollowerState(121)) - 40d2d32e-dd25-45df-8070-f9dc56ccf0a7: shutdown FollowerState
2019-10-17 07:41:49,438 [Thread-1213] INFO  impl.FollowerState (FollowerState.java:run(117)) - 443b071d-6096-48d6-bfe7-498b7c8032c0@group-7EB39FB5DF22-FollowerState was interrupted: java.lang.InterruptedException: sleep interrupted
2019-10-17 07:41:49,438 [grpc-default-executor-4] INFO  impl.RoleInfo (RoleInfo.java:updateAndGet(143)) - 443b071d-6096-48d6-bfe7-498b7c8032c0: start FollowerState
2019-10-17 07:41:49,438 [Thread-1212] INFO  impl.FollowerState (FollowerState.java:run(117)) - 40d2d32e-dd25-45df-8070-f9dc56ccf0a7@group-7EB39FB5DF22-FollowerState was interrupted: java.lang.InterruptedException: sleep interrupted
2019-10-17 07:41:49,438 [grpc-default-executor-1] INFO  impl.RoleInfo (RoleInfo.java:updateAndGet(143)) - 40d2d32e-dd25-45df-8070-f9dc56ccf0a7: start FollowerState
2019-10-17 07:41:49,462 [cbde3520-0cea-4357-bb04-1a0ae64b2bb1@group-7EB39FB5DF22-LeaderElection151] INFO  impl.LeaderElection (LeaderElection.java:logAndReturn(56)) - cbde3520-0cea-4357-bb04-1a0ae64b2bb1@group-7EB39FB5DF22-LeaderElection151: Election REJECTED; received 2 response(s) [cbde3520-0cea-4357-bb04-1a0ae64b2bb1<-40d2d32e-dd25-45df-8070-f9dc56ccf0a7#0:FAIL-t155, cbde3520-0cea-4357-bb04-1a0ae64b2bb1<-443b071d-6096-48d6-bfe7-498b7c8032c0#0:FAIL-t155] and 0 exception(s); cbde3520-0cea-4357-bb04-1a0ae64b2bb1@group-7EB39FB5DF22:t155, leader=null, voted=cbde3520-0cea-4357-bb04-1a0ae64b2bb1, raftlog=cbde3520-0cea-4357-bb04-1a0ae64b2bb1@group-7EB39FB5DF22-SegmentedRaftLog:OPENED:c-1,f-1,i0, conf=-1: [40d2d32e-dd25-45df-8070-f9dc56ccf0a7:192.168.34.62:41633, cbde3520-0cea-4357-bb04-1a0ae64b2bb1:192.168.34.62:41642, 443b071d-6096-48d6-bfe7-498b7c8032c0:192.168.34.62:46516], old=null
2019-10-17 07:41:49,463 [cbde3520-0cea-4357-bb04-1a0ae64b2bb1@group-7EB39FB5DF22-LeaderElection151] INFO  impl.RaftServerImpl (RaftServerImpl.java:setRole(184)) - cbde3520-0cea-4357-bb04-1a0ae64b2bb1@group-7EB39FB5DF22: changes role from CANDIDATE to FOLLOWER at term 155 for DISCOVERED_A_NEW_TERM
2019-10-17 07:41:49,463 [cbde3520-0cea-4357-bb04-1a0ae64b2bb1@group-7EB39FB5DF22-LeaderElection151] INFO  impl.RoleInfo (RoleInfo.java:shutdownLeaderElection(134)) - cbde3520-0cea-4357-bb04-1a0ae64b2bb1: shutdown LeaderElection
2019-10-17 07:41:49,463 [cbde3520-0cea-4357-bb04-1a0ae64b2bb1@group-7EB39FB5DF22-LeaderElection151] INFO  impl.RoleInfo (RoleInfo.java:updateAndGet(143)) - cbde3520-0cea-4357-bb04-1a0ae64b2bb1: start FollowerState
2019-10-17 07:41:49,602 [Thread-1220] INFO  impl.FollowerState (FollowerState.java:run(108)) - cbde3520-0cea-4357-bb04-1a0ae64b2bb1@group-7EB39FB5DF22-FollowerState: change to CANDIDATE, lastRpcTime:138ms, electionTimeout:138ms
2019-10-17 07:41:49,602 [Thread-1220] INFO  impl.RoleInfo (RoleInfo.java:shutdownFollowerState(121)) - cbde3520-0cea-4357-bb04-1a0ae64b2bb1: shutdown FollowerState
2019-10-17 07:41:49,602 [Thread-1220] INFO  impl.RaftServerImpl (RaftServerImpl.java:setRole(184)) - cbde3520-0cea-4357-bb04-1a0ae64b2bb1@group-7EB39FB5DF22: changes role from  FOLLOWER to CANDIDATE at term 155 for changeToCandidate
2019-10-17 07:41:49,602 [Thread-1220] INFO  impl.RoleInfo (RoleInfo.java:updateAndGet(143)) - cbde3520-0cea-4357-bb04-1a0ae64b2bb1: start LeaderElection
2019-10-17 07:41:49,627 [cbde3520-0cea-4357-bb04-1a0ae64b2bb1@group-7EB39FB5DF22-LeaderElection152] INFO  impl.LeaderElection (LeaderElection.java:askForVotes(178)) - cbde3520-0cea-4357-bb04-1a0ae64b2bb1@group-7EB39FB5DF22-LeaderElection152: begin an election at term 156 for -1: [40d2d32e-dd25-45df-8070-f9dc56ccf0a7:192.168.34.62:41633, cbde3520-0cea-4357-bb04-1a0ae64b2bb1:192.168.34.62:41642, 443b071d-6096-48d6-bfe7-498b7c8032c0:192.168.34.62:46516], old=null
2019-10-17 07:41:49,630 [grpc-default-executor-4] INFO  impl.RaftServerImpl (RaftServerImpl.java:setRole(184)) - 40d2d32e-dd25-45df-8070-f9dc56ccf0a7@group-7EB39FB5DF22: changes role from  FOLLOWER to FOLLOWER at term 156 for recognizeCandidate:cbde3520-0cea-4357-bb04-1a0ae64b2bb1
2019-10-17 07:41:49,630 [grpc-default-executor-4] INFO  impl.RoleInfo (RoleInfo.java:shutdownFollowerState(121)) - 40d2d32e-dd25-45df-8070-f9dc56ccf0a7: shutdown FollowerState
2019-10-17 07:41:49,630 [grpc-default-executor-1] INFO  impl.RaftServerImpl (RaftServerImpl.java:setRole(184)) - 443b071d-6096-48d6-bfe7-498b7c8032c0@group-7EB39FB5DF22: changes role from  FOLLOWER to FOLLOWER at term 156 for recognizeCandidate:cbde3520-0cea-4357-bb04-1a0ae64b2bb1
2019-10-17 07:41:49,630 [grpc-default-executor-1] INFO  impl.RoleInfo (RoleInfo.java:shutdownFollowerState(121)) - 443b071d-6096-48d6-bfe7-498b7c8032c0: shutdown FollowerState
2019-10-17 07:41:49,630 [Thread-1219] INFO  impl.FollowerState (FollowerState.java:run(117)) - 40d2d32e-dd25-45df-8070-f9dc56ccf0a7@group-7EB39FB5DF22-FollowerState was interrupted: java.lang.InterruptedException: sleep interrupted
2019-10-17 07:41:49,630 [Thread-1218] INFO  impl.FollowerState (FollowerState.java:run(117)) - 443b071d-6096-48d6-bfe7-498b7c8032c0@group-7EB39FB5DF22-FollowerState was interrupted: java.lang.InterruptedException: sleep interrupted
2019-10-17 07:41:49,630 [grpc-default-executor-4] INFO  impl.RoleInfo (RoleInfo.java:updateAndGet(143)) - 40d2d32e-dd25-45df-8070-f9dc56ccf0a7: start FollowerState
2019-10-17 07:41:49,630 [grpc-default-executor-1] INFO  impl.RoleInfo (RoleInfo.java:updateAndGet(143)) - 443b071d-6096-48d6-bfe7-498b7c8032c0: start FollowerState
2019-10-17 07:41:49,655 [cbde3520-0cea-4357-bb04-1a0ae64b2bb1@group-7EB39FB5DF22-LeaderElection152] INFO  impl.LeaderElection (LeaderElection.java:logAndReturn(56)) - cbde3520-0cea-4357-bb04-1a0ae64b2bb1@group-7EB39FB5DF22-LeaderElection152: Election REJECTED; received 2 response(s) [cbde3520-0cea-4357-bb04-1a0ae64b2bb1<-40d2d32e-dd25-45df-8070-f9dc56ccf0a7#0:FAIL-t156, cbde3520-0cea-4357-bb04-1a0ae64b2bb1<-443b071d-6096-48d6-bfe7-498b7c8032c0#0:FAIL-t156] and 0 exception(s); cbde3520-0cea-4357-bb04-1a0ae64b2bb1@group-7EB39FB5DF22:t156, leader=null, voted=cbde3520-0cea-4357-bb04-1a0ae64b2bb1, raftlog=cbde3520-0cea-4357-bb04-1a0ae64b2bb1@group-7EB39FB5DF22-SegmentedRaftLog:OPENED:c-1,f-1,i0, conf=-1: [40d2d32e-dd25-45df-8070-f9dc56ccf0a7:192.168.34.62:41633, cbde3520-0cea-4357-bb04-1a0ae64b2bb1:192.168.34.62:41642, 443b071d-6096-48d6-bfe7-498b7c8032c0:192.168.34.62:46516], old=null
2019-10-17 07:41:49,655 [cbde3520-0cea-4357-bb04-1a0ae64b2bb1@group-7EB39FB5DF22-LeaderElection152] INFO  impl.RaftServerImpl (RaftServerImpl.java:setRole(184)) - cbde3520-0cea-4357-bb04-1a0ae64b2bb1@group-7EB39FB5DF22: changes role from CANDIDATE to FOLLOWER at term 156 for DISCOVERED_A_NEW_TERM
2019-10-17 07:41:49,655 [cbde3520-0cea-4357-bb04-1a0ae64b2bb1@group-7EB39FB5DF22-LeaderElection152] INFO  impl.RoleInfo (RoleInfo.java:shutdownLeaderElection(134)) - cbde3520-0cea-4357-bb04-1a0ae64b2bb1: shutdown LeaderElection
2019-10-17 07:41:49,655 [cbde3520-0cea-4357-bb04-1a0ae64b2bb1@group-7EB39FB5DF22-LeaderElection152] INFO  impl.RoleInfo (RoleInfo.java:updateAndGet(143)) - cbde3520-0cea-4357-bb04-1a0ae64b2bb1: start FollowerState
2019-10-17 07:41:49,751 [Thread-1226] INFO  impl.FollowerState (FollowerState.java:run(108)) - cbde3520-0cea-4357-bb04-1a0ae64b2bb1@group-7EB39FB5DF22-FollowerState: change to CANDIDATE, lastRpcTime:95ms, electionTimeout:95ms
2019-10-17 07:41:49,751 [Thread-1226] INFO  impl.RoleInfo (RoleInfo.java:shutdownFollowerState(121)) - cbde3520-0cea-4357-bb04-1a0ae64b2bb1: shutdown FollowerState
2019-10-17 07:41:49,751 [Thread-1226] INFO  impl.RaftServerImpl (RaftServerImpl.java:setRole(184)) - cbde3520-0cea-4357-bb04-1a0ae64b2bb1@group-7EB39FB5DF22: changes role from  FOLLOWER to CANDIDATE at term 156 for changeToCandidate
2019-10-17 07:41:49,752 [Thread-1226] INFO  impl.RoleInfo (RoleInfo.java:updateAndGet(143)) - cbde3520-0cea-4357-bb04-1a0ae64b2bb1: start LeaderElection
2019-10-17 07:41:49,775 [cbde3520-0cea-4357-bb04-1a0ae64b2bb1@group-7EB39FB5DF22-LeaderElection153] INFO  impl.LeaderElection (LeaderElection.java:askForVotes(178)) - cbde3520-0cea-4357-bb04-1a0ae64b2bb1@group-7EB39FB5DF22-LeaderElection153: begin an election at term 157 for -1: [40d2d32e-dd25-45df-8070-f9dc56ccf0a7:192.168.34.62:41633, cbde3520-0cea-4357-bb04-1a0ae64b2bb1:192.168.34.62:41642, 443b071d-6096-48d6-bfe7-498b7c8032c0:192.168.34.62:46516], old=null
2019-10-17 07:41:49,778 [grpc-default-executor-1] INFO  impl.RaftServerImpl (RaftServerImpl.java:setRole(184)) - 40d2d32e-dd25-45df-8070-f9dc56ccf0a7@group-7EB39FB5DF22: changes role from  FOLLOWER to FOLLOWER at term 157 for recognizeCandidate:cbde3520-0cea-4357-bb04-1a0ae64b2bb1
2019-10-17 07:41:49,778 [grpc-default-executor-4] INFO  impl.RaftServerImpl (RaftServerImpl.java:setRole(184)) - 443b071d-6096-48d6-bfe7-498b7c8032c0@group-7EB39FB5DF22: changes role from  FOLLOWER to FOLLOWER at term 157 for recognizeCandidate:cbde3520-0cea-4357-bb04-1a0ae64b2bb1
2019-10-17 07:41:49,778 [grpc-default-executor-1] INFO  impl.RoleInfo (RoleInfo.java:shutdownFollowerState(121)) - 40d2d32e-dd25-45df-8070-f9dc56ccf0a7: shutdown FollowerState
2019-10-17 07:41:49,779 [grpc-default-executor-4] INFO  impl.RoleInfo (RoleInfo.java:shutdownFollowerState(121)) - 443b071d-6096-48d6-bfe7-498b7c8032c0: shutdown FollowerState
2019-10-17 07:41:49,779 [Thread-1224] INFO  impl.FollowerState (FollowerState.java:run(117)) - 40d2d32e-dd25-45df-8070-f9dc56ccf0a7@group-7EB39FB5DF22-FollowerState was interrupted: java.lang.InterruptedException: sleep interrupted
2019-10-17 07:41:49,779 [grpc-default-executor-1] INFO  impl.RoleInfo (RoleInfo.java:updateAndGet(143)) - 40d2d32e-dd25-45df-8070-f9dc56ccf0a7: start FollowerState
2019-10-17 07:41:49,779 [Thread-1225] INFO  impl.FollowerState (FollowerState.java:run(117)) - 443b071d-6096-48d6-bfe7-498b7c8032c0@group-7EB39FB5DF22-FollowerState was interrupted: java.lang.InterruptedException: sleep interrupted
2019-10-17 07:41:49,779 [grpc-default-executor-4] INFO  impl.RoleInfo (RoleInfo.java:updateAndGet(143)) - 443b071d-6096-48d6-bfe7-498b7c8032c0: start FollowerState
2019-10-17 07:41:49,793 [cbde3520-0cea-4357-bb04-1a0ae64b2bb1@group-7EB39FB5DF22-LeaderElection153] INFO  impl.LeaderElection (LeaderElection.java:logAndReturn(56)) - cbde3520-0cea-4357-bb04-1a0ae64b2bb1@group-7EB39FB5DF22-LeaderElection153: Election REJECTED; received 2 response(s) [cbde3520-0cea-4357-bb04-1a0ae64b2bb1<-40d2d32e-dd25-45df-8070-f9dc56ccf0a7#0:FAIL-t157, cbde3520-0cea-4357-bb04-1a0ae64b2bb1<-443b071d-6096-48d6-bfe7-498b7c8032c0#0:FAIL-t157] and 0 exception(s); cbde3520-0cea-4357-bb04-1a0ae64b2bb1@group-7EB39FB5DF22:t157, leader=null, voted=cbde3520-0cea-4357-bb04-1a0ae64b2bb1, raftlog=cbde3520-0cea-4357-bb04-1a0ae64b2bb1@group-7EB39FB5DF22-SegmentedRaftLog:OPENED:c-1,f-1,i0, conf=-1: [40d2d32e-dd25-45df-8070-f9dc56ccf0a7:192.168.34.62:41633, cbde3520-0cea-4357-bb04-1a0ae64b2bb1:192.168.34.62:41642, 443b071d-6096-48d6-bfe7-498b7c8032c0:192.168.34.62:46516], old=null
2019-10-17 07:41:49,793 [cbde3520-0cea-4357-bb04-1a0ae64b2bb1@group-7EB39FB5DF22-LeaderElection153] INFO  impl.RaftServerImpl (RaftServerImpl.java:setRole(184)) - cbde3520-0cea-4357-bb04-1a0ae64b2bb1@group-7EB39FB5DF22: changes role from CANDIDATE to FOLLOWER at term 157 for DISCOVERED_A_NEW_TERM
2019-10-17 07:41:49,793 [cbde3520-0cea-4357-bb04-1a0ae64b2bb1@group-7EB39FB5DF22-LeaderElection153] INFO  impl.RoleInfo (RoleInfo.java:shutdownLeaderElection(134)) - cbde3520-0cea-4357-bb04-1a0ae64b2bb1: shutdown LeaderElection
2019-10-17 07:41:49,794 [cbde3520-0cea-4357-bb04-1a0ae64b2bb1@group-7EB39FB5DF22-LeaderElection153] INFO  impl.RoleInfo (RoleInfo.java:updateAndGet(143)) - cbde3520-0cea-4357-bb04-1a0ae64b2bb1: start FollowerState
2019-10-17 07:41:49,845 [Thread-1232] INFO  impl.FollowerState (FollowerState.java:run(108)) - cbde3520-0cea-4357-bb04-1a0ae64b2bb1@group-7EB39FB5DF22-FollowerState: change to CANDIDATE, lastRpcTime:51ms, electionTimeout:51ms
2019-10-17 07:41:49,845 [Thread-1232] INFO  impl.RoleInfo (RoleInfo.java:shutdownFollowerState(121)) - cbde3520-0cea-4357-bb04-1a0ae64b2bb1: shutdown FollowerState
2019-10-17 07:41:49,845 [Thread-1232] INFO  impl.RaftServerImpl (RaftServerImpl.java:setRole(184)) - cbde3520-0cea-4357-bb04-1a0ae64b2bb1@group-7EB39FB5DF22: changes role from  FOLLOWER to CANDIDATE at term 157 for changeToCandidate
2019-10-17 07:41:49,846 [Thread-1232] INFO  impl.RoleInfo (RoleInfo.java:updateAndGet(143)) - cbde3520-0cea-4357-bb04-1a0ae64b2bb1: start LeaderElection
2019-10-17 07:41:49,859 [cbde3520-0cea-4357-bb04-1a0ae64b2bb1@group-7EB39FB5DF22-LeaderElection154] INFO  impl.LeaderElection (LeaderElection.java:askForVotes(178)) - cbde3520-0cea-4357-bb04-1a0ae64b2bb1@group-7EB39FB5DF22-LeaderElection154: begin an election at term 158 for -1: [40d2d32e-dd25-45df-8070-f9dc56ccf0a7:192.168.34.62:41633, cbde3520-0cea-4357-bb04-1a0ae64b2bb1:192.168.34.62:41642, 443b071d-6096-48d6-bfe7-498b7c8032c0:192.168.34.62:46516], old=null
2019-10-17 07:41:49,861 [grpc-default-executor-1] INFO  impl.RaftServerImpl (RaftServerImpl.java:setRole(184)) - 40d2d32e-dd25-45df-8070-f9dc56ccf0a7@group-7EB39FB5DF22: changes role from  FOLLOWER to FOLLOWER at term 158 for recognizeCandidate:cbde3520-0cea-4357-bb04-1a0ae64b2bb1
2019-10-17 07:41:49,861 [grpc-default-executor-1] INFO  impl.RoleInfo (RoleInfo.java:shutdownFollowerState(121)) - 40d2d32e-dd25-45df-8070-f9dc56ccf0a7: shutdown FollowerState
2019-10-17 07:41:49,862 [grpc-default-executor-4] INFO  impl.RaftServerImpl (RaftServerImpl.java:setRole(184)) - 443b071d-6096-48d6-bfe7-498b7c8032c0@group-7EB39FB5DF22: changes role from  FOLLOWER to FOLLOWER at term 158 for recognizeCandidate:cbde3520-0cea-4357-bb04-1a0ae64b2bb1
2019-10-17 07:41:49,862 [Thread-1230] INFO  impl.FollowerState (FollowerState.java:run(117)) - 40d2d32e-dd25-45df-8070-f9dc56ccf0a7@group-7EB39FB5DF22-FollowerState was interrupted: java.lang.InterruptedException: sleep interrupted
2019-10-17 07:41:49,862 [grpc-default-executor-1] INFO  impl.RoleInfo (RoleInfo.java:updateAndGet(143)) - 40d2d32e-dd25-45df-8070-f9dc56ccf0a7: start FollowerState
2019-10-17 07:41:49,862 [grpc-default-executor-4] INFO  impl.RoleInfo (RoleInfo.java:shutdownFollowerState(121)) - 443b071d-6096-48d6-bfe7-498b7c8032c0: shutdown FollowerState
2019-10-17 07:41:49,862 [grpc-default-executor-4] INFO  impl.RoleInfo (RoleInfo.java:updateAndGet(143)) - 443b071d-6096-48d6-bfe7-498b7c8032c0: start FollowerState
2019-10-17 07:41:49,862 [Thread-1231] INFO  impl.FollowerState (FollowerState.java:run(117)) - 443b071d-6096-48d6-bfe7-498b7c8032c0@group-7EB39FB5DF22-FollowerState was interrupted: java.lang.InterruptedException: sleep interrupted
2019-10-17 07:41:49,886 [cbde3520-0cea-4357-bb04-1a0ae64b2bb1@group-7EB39FB5DF22-LeaderElection154] INFO  impl.LeaderElection (LeaderElection.java:logAndReturn(56)) - cbde3520-0cea-4357-bb04-1a0ae64b2bb1@group-7EB39FB5DF22-LeaderElection154: Election REJECTED; received 2 response(s) [cbde3520-0cea-4357-bb04-1a0ae64b2bb1<-40d2d32e-dd25-45df-8070-f9dc56ccf0a7#0:FAIL-t158, cbde3520-0cea-4357-bb04-1a0ae64b2bb1<-443b071d-6096-48d6-bfe7-498b7c8032c0#0:FAIL-t158] and 0 exception(s); cbde3520-0cea-4357-bb04-1a0ae64b2bb1@group-7EB39FB5DF22:t158, leader=null, voted=cbde3520-0cea-4357-bb04-1a0ae64b2bb1, raftlog=cbde3520-0cea-4357-bb04-1a0ae64b2bb1@group-7EB39FB5DF22-SegmentedRaftLog:OPENED:c-1,f-1,i0, conf=-1: [40d2d32e-dd25-45df-8070-f9dc56ccf0a7:192.168.34.62:41633, cbde3520-0cea-4357-bb04-1a0ae64b2bb1:192.168.34.62:41642, 443b071d-6096-48d6-bfe7-498b7c8032c0:192.168.34.62:46516], old=null
2019-10-17 07:41:49,887 [cbde3520-0cea-4357-bb04-1a0ae64b2bb1@group-7EB39FB5DF22-LeaderElection154] INFO  impl.RaftServerImpl (RaftServerImpl.java:setRole(184)) - cbde3520-0cea-4357-bb04-1a0ae64b2bb1@group-7EB39FB5DF22: changes role from CANDIDATE to FOLLOWER at term 158 for DISCOVERED_A_NEW_TERM
2019-10-17 07:41:49,887 [cbde3520-0cea-4357-bb04-1a0ae64b2bb1@group-7EB39FB5DF22-LeaderElection154] INFO  impl.RoleInfo (RoleInfo.java:shutdownLeaderElection(134)) - cbde3520-0cea-4357-bb04-1a0ae64b2bb1: shutdown LeaderElection
2019-10-17 07:41:49,887 [cbde3520-0cea-4357-bb04-1a0ae64b2bb1@group-7EB39FB5DF22-LeaderElection154] INFO  impl.RoleInfo (RoleInfo.java:updateAndGet(143)) - cbde3520-0cea-4357-bb04-1a0ae64b2bb1: start FollowerState
2019-10-17 07:41:50,030 [Thread-1238] INFO  impl.FollowerState (FollowerState.java:run(108)) - cbde3520-0cea-4357-bb04-1a0ae64b2bb1@group-7EB39FB5DF22-FollowerState: change to CANDIDATE, lastRpcTime:143ms, electionTimeout:143ms
2019-10-17 07:41:50,031 [Thread-1238] INFO  impl.RoleInfo (RoleInfo.java:shutdownFollowerState(121)) - cbde3520-0cea-4357-bb04-1a0ae64b2bb1: shutdown FollowerState
2019-10-17 07:41:50,031 [Thread-1238] INFO  impl.RaftServerImpl (RaftServerImpl.java:setRole(184)) - cbde3520-0cea-4357-bb04-1a0ae64b2bb1@group-7EB39FB5DF22: changes role from  FOLLOWER to CANDIDATE at term 158 for changeToCandidate
2019-10-17 07:41:50,031 [Thread-1238] INFO  impl.RoleInfo (RoleInfo.java:updateAndGet(143)) - cbde3520-0cea-4357-bb04-1a0ae64b2bb1: start LeaderElection
2019-10-17 07:41:50,054 [cbde3520-0cea-4357-bb04-1a0ae64b2bb1@group-7EB39FB5DF22-LeaderElection155] INFO  impl.LeaderElection (LeaderElection.java:askForVotes(178)) - cbde3520-0cea-4357-bb04-1a0ae64b2bb1@group-7EB39FB5DF22-LeaderElection155: begin an election at term 159 for -1: [40d2d32e-dd25-45df-8070-f9dc56ccf0a7:192.168.34.62:41633, cbde3520-0cea-4357-bb04-1a0ae64b2bb1:192.168.34.62:41642, 443b071d-6096-48d6-bfe7-498b7c8032c0:192.168.34.62:46516], old=null
2019-10-17 07:41:50,057 [grpc-default-executor-1] INFO  impl.RaftServerImpl (RaftServerImpl.java:setRole(184)) - 40d2d32e-dd25-45df-8070-f9dc56ccf0a7@group-7EB39FB5DF22: changes role from  FOLLOWER to FOLLOWER at term 159 for recognizeCandidate:cbde3520-0cea-4357-bb04-1a0ae64b2bb1
2019-10-17 07:41:50,057 [grpc-default-executor-1] INFO  impl.RoleInfo (RoleInfo.java:shutdownFollowerState(121)) - 40d2d32e-dd25-45df-8070-f9dc56ccf0a7: shutdown FollowerState
2019-10-17 07:41:50,057 [grpc-default-executor-1] INFO  impl.RoleInfo (RoleInfo.java:updateAndGet(143)) - 40d2d32e-dd25-45df-8070-f9dc56ccf0a7: start FollowerState
2019-10-17 07:41:50,057 [Thread-1236] INFO  impl.FollowerState (FollowerState.java:run(117)) - 40d2d32e-dd25-45df-8070-f9dc56ccf0a7@group-7EB39FB5DF22-FollowerState was interrupted: java.lang.InterruptedException: sleep interrupted
2019-10-17 07:41:50,057 [grpc-default-executor-4] INFO  impl.RaftServerImpl (RaftServerImpl.java:setRole(184)) - 443b071d-6096-48d6-bfe7-498b7c8032c0@group-7EB39FB5DF22: changes role from  FOLLOWER to FOLLOWER at term 159 for recognizeCandidate:cbde3520-0cea-4357-bb04-1a0ae64b2bb1
2019-10-17 07:41:50,058 [grpc-default-executor-4] INFO  impl.RoleInfo (RoleInfo.java:shutdownFollowerState(121)) - 443b071d-6096-48d6-bfe7-498b7c8032c0: shutdown FollowerState
2019-10-17 07:41:50,058 [grpc-default-executor-4] INFO  impl.RoleInfo (RoleInfo.java:updateAndGet(143)) - 443b071d-6096-48d6-bfe7-498b7c8032c0: start FollowerState
2019-10-17 07:41:50,058 [Thread-1237] INFO  impl.FollowerState (FollowerState.java:run(117)) - 443b071d-6096-48d6-bfe7-498b7c8032c0@group-7EB39FB5DF22-FollowerState was interrupted: java.lang.InterruptedException: sleep interrupted
2019-10-17 07:41:50,082 [cbde3520-0cea-4357-bb04-1a0ae64b2bb1@group-7EB39FB5DF22-LeaderElection155] INFO  impl.LeaderElection (LeaderElection.java:logAndReturn(56)) - cbde3520-0cea-4357-bb04-1a0ae64b2bb1@group-7EB39FB5DF22-LeaderElection155: Election REJECTED; received 2 response(s) [cbde3520-0cea-4357-bb04-1a0ae64b2bb1<-40d2d32e-dd25-45df-8070-f9dc56ccf0a7#0:FAIL-t159, cbde3520-0cea-4357-bb04-1a0ae64b2bb1<-443b071d-6096-48d6-bfe7-498b7c8032c0#0:FAIL-t159] and 0 exception(s); cbde3520-0cea-4357-bb04-1a0ae64b2bb1@group-7EB39FB5DF22:t159, leader=null, voted=cbde3520-0cea-4357-bb04-1a0ae64b2bb1, raftlog=cbde3520-0cea-4357-bb04-1a0ae64b2bb1@group-7EB39FB5DF22-SegmentedRaftLog:OPENED:c-1,f-1,i0, conf=-1: [40d2d32e-dd25-45df-8070-f9dc56ccf0a7:192.168.34.62:41633, cbde3520-0cea-4357-bb04-1a0ae64b2bb1:192.168.34.62:41642, 443b071d-6096-48d6-bfe7-498b7c8032c0:192.168.34.62:46516], old=null
2019-10-17 07:41:50,082 [cbde3520-0cea-4357-bb04-1a0ae64b2bb1@group-7EB39FB5DF22-LeaderElection155] INFO  impl.RaftServerImpl (RaftServerImpl.java:setRole(184)) - cbde3520-0cea-4357-bb04-1a0ae64b2bb1@group-7EB39FB5DF22: changes role from CANDIDATE to FOLLOWER at term 159 for DISCOVERED_A_NEW_TERM
2019-10-17 07:41:50,082 [cbde3520-0cea-4357-bb04-1a0ae64b2bb1@group-7EB39FB5DF22-LeaderElection155] INFO  impl.RoleInfo (RoleInfo.java:shutdownLeaderElection(134)) - cbde3520-0cea-4357-bb04-1a0ae64b2bb1: shutdown LeaderElection
2019-10-17 07:41:50,082 [cbde3520-0cea-4357-bb04-1a0ae64b2bb1@group-7EB39FB5DF22-LeaderElection155] INFO  impl.RoleInfo (RoleInfo.java:updateAndGet(143)) - cbde3520-0cea-4357-bb04-1a0ae64b2bb1: start FollowerState
2019-10-17 07:41:50,191 [Thread-1244] INFO  impl.FollowerState (FollowerState.java:run(108)) - cbde3520-0cea-4357-bb04-1a0ae64b2bb1@group-7EB39FB5DF22-FollowerState: change to CANDIDATE, lastRpcTime:108ms, electionTimeout:108ms
2019-10-17 07:41:50,191 [Thread-1244] INFO  impl.RoleInfo (RoleInfo.java:shutdownFollowerState(121)) - cbde3520-0cea-4357-bb04-1a0ae64b2bb1: shutdown FollowerState
2019-10-17 07:41:50,191 [Thread-1244] INFO  impl.RaftServerImpl (RaftServerImpl.java:setRole(184)) - cbde3520-0cea-4357-bb04-1a0ae64b2bb1@group-7EB39FB5DF22: changes role from  FOLLOWER to CANDIDATE at term 159 for changeToCandidate
2019-10-17 07:41:50,191 [Thread-1244] INFO  impl.RoleInfo (RoleInfo.java:updateAndGet(143)) - cbde3520-0cea-4357-bb04-1a0ae64b2bb1: start LeaderElection
2019-10-17 07:41:50,212 [main] INFO  ozone.MiniOzoneClusterImpl (MiniOzoneClusterImpl.java:lambda$waitForClusterToBeReady$2(164)) - Waiting for 1 number of pipelines out of 5, to report a leader.
2019-10-17 07:41:50,224 [cbde3520-0cea-4357-bb04-1a0ae64b2bb1@group-7EB39FB5DF22-LeaderElection156] INFO  impl.LeaderElection (LeaderElection.java:askForVotes(178)) - cbde3520-0cea-4357-bb04-1a0ae64b2bb1@group-7EB39FB5DF22-LeaderElection156: begin an election at term 160 for -1: [40d2d32e-dd25-45df-8070-f9dc56ccf0a7:192.168.34.62:41633, cbde3520-0cea-4357-bb04-1a0ae64b2bb1:192.168.34.62:41642, 443b071d-6096-48d6-bfe7-498b7c8032c0:192.168.34.62:46516], old=null
2019-10-17 07:41:50,226 [grpc-default-executor-1] INFO  impl.RaftServerImpl (RaftServerImpl.java:setRole(184)) - 40d2d32e-dd25-45df-8070-f9dc56ccf0a7@group-7EB39FB5DF22: changes role from  FOLLOWER to FOLLOWER at term 160 for recognizeCandidate:cbde3520-0cea-4357-bb04-1a0ae64b2bb1
2019-10-17 07:41:50,226 [grpc-default-executor-1] INFO  impl.RoleInfo (RoleInfo.java:shutdownFollowerState(121)) - 40d2d32e-dd25-45df-8070-f9dc56ccf0a7: shutdown FollowerState
2019-10-17 07:41:50,227 [grpc-default-executor-1] INFO  impl.RoleInfo (RoleInfo.java:updateAndGet(143)) - 40d2d32e-dd25-45df-8070-f9dc56ccf0a7: start FollowerState
2019-10-17 07:41:50,227 [Thread-1242] INFO  impl.FollowerState (FollowerState.java:run(117)) - 40d2d32e-dd25-45df-8070-f9dc56ccf0a7@group-7EB39FB5DF22-FollowerState was interrupted: java.lang.InterruptedException: sleep interrupted
2019-10-17 07:41:50,227 [grpc-default-executor-4] INFO  impl.RaftServerImpl (RaftServerImpl.java:setRole(184)) - 443b071d-6096-48d6-bfe7-498b7c8032c0@group-7EB39FB5DF22: changes role from  FOLLOWER to FOLLOWER at term 160 for recognizeCandidate:cbde3520-0cea-4357-bb04-1a0ae64b2bb1
2019-10-17 07:41:50,227 [grpc-default-executor-4] INFO  impl.RoleInfo (RoleInfo.java:shutdownFollowerState(121)) - 443b071d-6096-48d6-bfe7-498b7c8032c0: shutdown FollowerState
2019-10-17 07:41:50,227 [grpc-default-executor-4] INFO  impl.RoleInfo (RoleInfo.java:updateAndGet(143)) - 443b071d-6096-48d6-bfe7-498b7c8032c0: start FollowerState
2019-10-17 07:41:50,227 [Thread-1243] INFO  impl.FollowerState (FollowerState.java:run(117)) - 443b071d-6096-48d6-bfe7-498b7c8032c0@group-7EB39FB5DF22-FollowerState was interrupted: java.lang.InterruptedException: sleep interrupted
2019-10-17 07:41:50,241 [cbde3520-0cea-4357-bb04-1a0ae64b2bb1@group-7EB39FB5DF22-LeaderElection156] INFO  impl.LeaderElection (LeaderElection.java:logAndReturn(56)) - cbde3520-0cea-4357-bb04-1a0ae64b2bb1@group-7EB39FB5DF22-LeaderElection156: Election REJECTED; received 2 response(s) [cbde3520-0cea-4357-bb04-1a0ae64b2bb1<-40d2d32e-dd25-45df-8070-f9dc56ccf0a7#0:FAIL-t160, cbde3520-0cea-4357-bb04-1a0ae64b2bb1<-443b071d-6096-48d6-bfe7-498b7c8032c0#0:FAIL-t160] and 0 exception(s); cbde3520-0cea-4357-bb04-1a0ae64b2bb1@group-7EB39FB5DF22:t160, leader=null, voted=cbde3520-0cea-4357-bb04-1a0ae64b2bb1, raftlog=cbde3520-0cea-4357-bb04-1a0ae64b2bb1@group-7EB39FB5DF22-SegmentedRaftLog:OPENED:c-1,f-1,i0, conf=-1: [40d2d32e-dd25-45df-8070-f9dc56ccf0a7:192.168.34.62:41633, cbde3520-0cea-4357-bb04-1a0ae64b2bb1:192.168.34.62:41642, 443b071d-6096-48d6-bfe7-498b7c8032c0:192.168.34.62:46516], old=null
2019-10-17 07:41:50,241 [cbde3520-0cea-4357-bb04-1a0ae64b2bb1@group-7EB39FB5DF22-LeaderElection156] INFO  impl.RaftServerImpl (RaftServerImpl.java:setRole(184)) - cbde3520-0cea-4357-bb04-1a0ae64b2bb1@group-7EB39FB5DF22: changes role from CANDIDATE to FOLLOWER at term 160 for DISCOVERED_A_NEW_TERM
2019-10-17 07:41:50,241 [cbde3520-0cea-4357-bb04-1a0ae64b2bb1@group-7EB39FB5DF22-LeaderElection156] INFO  impl.RoleInfo (RoleInfo.java:shutdownLeaderElection(134)) - cbde3520-0cea-4357-bb04-1a0ae64b2bb1: shutdown LeaderElection
2019-10-17 07:41:50,242 [cbde3520-0cea-4357-bb04-1a0ae64b2bb1@group-7EB39FB5DF22-LeaderElection156] INFO  impl.RoleInfo (RoleInfo.java:updateAndGet(143)) - cbde3520-0cea-4357-bb04-1a0ae64b2bb1: start FollowerState
2019-10-17 07:41:50,362 [Thread-1250] INFO  impl.FollowerState (FollowerState.java:run(108)) - cbde3520-0cea-4357-bb04-1a0ae64b2bb1@group-7EB39FB5DF22-FollowerState: change to CANDIDATE, lastRpcTime:120ms, electionTimeout:120ms
2019-10-17 07:41:50,362 [Thread-1250] INFO  impl.RoleInfo (RoleInfo.java:shutdownFollowerState(121)) - cbde3520-0cea-4357-bb04-1a0ae64b2bb1: shutdown FollowerState
2019-10-17 07:41:50,362 [Thread-1250] INFO  impl.RaftServerImpl (RaftServerImpl.java:setRole(184)) - cbde3520-0cea-4357-bb04-1a0ae64b2bb1@group-7EB39FB5DF22: changes role from  FOLLOWER to CANDIDATE at term 160 for changeToCandidate
2019-10-17 07:41:50,363 [Thread-1250] INFO  impl.RoleInfo (RoleInfo.java:updateAndGet(143)) - cbde3520-0cea-4357-bb04-1a0ae64b2bb1: start LeaderElection
2019-10-17 07:41:50,386 [cbde3520-0cea-4357-bb04-1a0ae64b2bb1@group-7EB39FB5DF22-LeaderElection157] INFO  impl.LeaderElection (LeaderElection.java:askForVotes(178)) - cbde3520-0cea-4357-bb04-1a0ae64b2bb1@group-7EB39FB5DF22-LeaderElection157: begin an election at term 161 for -1: [40d2d32e-dd25-45df-8070-f9dc56ccf0a7:192.168.34.62:41633, cbde3520-0cea-4357-bb04-1a0ae64b2bb1:192.168.34.62:41642, 443b071d-6096-48d6-bfe7-498b7c8032c0:192.168.34.62:46516], old=null
2019-10-17 07:41:50,389 [grpc-default-executor-4] INFO  impl.RaftServerImpl (RaftServerImpl.java:setRole(184)) - 40d2d32e-dd25-45df-8070-f9dc56ccf0a7@group-7EB39FB5DF22: changes role from  FOLLOWER to FOLLOWER at term 161 for recognizeCandidate:cbde3520-0cea-4357-bb04-1a0ae64b2bb1
2019-10-17 07:41:50,389 [grpc-default-executor-4] INFO  impl.RoleInfo (RoleInfo.java:shutdownFollowerState(121)) - 40d2d32e-dd25-45df-8070-f9dc56ccf0a7: shutdown FollowerState
2019-10-17 07:41:50,389 [grpc-default-executor-1] INFO  impl.RaftServerImpl (RaftServerImpl.java:setRole(184)) - 443b071d-6096-48d6-bfe7-498b7c8032c0@group-7EB39FB5DF22: changes role from  FOLLOWER to FOLLOWER at term 161 for recognizeCandidate:cbde3520-0cea-4357-bb04-1a0ae64b2bb1
2019-10-17 07:41:50,389 [grpc-default-executor-1] INFO  impl.RoleInfo (RoleInfo.java:shutdownFollowerState(121)) - 443b071d-6096-48d6-bfe7-498b7c8032c0: shutdown FollowerState
2019-10-17 07:41:50,389 [Thread-1248] INFO  impl.FollowerState (FollowerState.java:run(117)) - 40d2d32e-dd25-45df-8070-f9dc56ccf0a7@group-7EB39FB5DF22-FollowerState was interrupted: java.lang.InterruptedException: sleep interrupted
2019-10-17 07:41:50,389 [grpc-default-executor-4] INFO  impl.RoleInfo (RoleInfo.java:updateAndGet(143)) - 40d2d32e-dd25-45df-8070-f9dc56ccf0a7: start FollowerState
2019-10-17 07:41:50,390 [Thread-1249] INFO  impl.FollowerState (FollowerState.java:run(117)) - 443b071d-6096-48d6-bfe7-498b7c8032c0@group-7EB39FB5DF22-FollowerState was interrupted: java.lang.InterruptedException: sleep interrupted
2019-10-17 07:41:50,390 [grpc-default-executor-1] INFO  impl.RoleInfo (RoleInfo.java:updateAndGet(143)) - 443b071d-6096-48d6-bfe7-498b7c8032c0: start FollowerState
2019-10-17 07:41:50,414 [cbde3520-0cea-4357-bb04-1a0ae64b2bb1@group-7EB39FB5DF22-LeaderElection157] INFO  impl.LeaderElection (LeaderElection.java:logAndReturn(56)) - cbde3520-0cea-4357-bb04-1a0ae64b2bb1@group-7EB39FB5DF22-LeaderElection157: Election REJECTED; received 2 response(s) [cbde3520-0cea-4357-bb04-1a0ae64b2bb1<-40d2d32e-dd25-45df-8070-f9dc56ccf0a7#0:FAIL-t161, cbde3520-0cea-4357-bb04-1a0ae64b2bb1<-443b071d-6096-48d6-bfe7-498b7c8032c0#0:FAIL-t161] and 0 exception(s); cbde3520-0cea-4357-bb04-1a0ae64b2bb1@group-7EB39FB5DF22:t161, leader=null, voted=cbde3520-0cea-4357-bb04-1a0ae64b2bb1, raftlog=cbde3520-0cea-4357-bb04-1a0ae64b2bb1@group-7EB39FB5DF22-SegmentedRaftLog:OPENED:c-1,f-1,i0, conf=-1: [40d2d32e-dd25-45df-8070-f9dc56ccf0a7:192.168.34.62:41633, cbde3520-0cea-4357-bb04-1a0ae64b2bb1:192.168.34.62:41642, 443b071d-6096-48d6-bfe7-498b7c8032c0:192.168.34.62:46516], old=null
2019-10-17 07:41:50,414 [cbde3520-0cea-4357-bb04-1a0ae64b2bb1@group-7EB39FB5DF22-LeaderElection157] INFO  impl.RaftServerImpl (RaftServerImpl.java:setRole(184)) - cbde3520-0cea-4357-bb04-1a0ae64b2bb1@group-7EB39FB5DF22: changes role from CANDIDATE to FOLLOWER at term 161 for DISCOVERED_A_NEW_TERM
2019-10-17 07:41:50,414 [cbde3520-0cea-4357-bb04-1a0ae64b2bb1@group-7EB39FB5DF22-LeaderElection157] INFO  impl.RoleInfo (RoleInfo.java:shutdownLeaderElection(134)) - cbde3520-0cea-4357-bb04-1a0ae64b2bb1: shutdown LeaderElection
2019-10-17 07:41:50,414 [cbde3520-0cea-4357-bb04-1a0ae64b2bb1@group-7EB39FB5DF22-LeaderElection157] INFO  impl.RoleInfo (RoleInfo.java:updateAndGet(143)) - cbde3520-0cea-4357-bb04-1a0ae64b2bb1: start FollowerState
2019-10-17 07:41:50,418 [Thread-1256] INFO  impl.FollowerState (FollowerState.java:run(108)) - cbde3520-0cea-4357-bb04-1a0ae64b2bb1@group-7EB39FB5DF22-FollowerState: change to CANDIDATE, lastRpcTime:3ms, electionTimeout:3ms
2019-10-17 07:41:50,418 [Thread-1256] INFO  impl.RoleInfo (RoleInfo.java:shutdownFollowerState(121)) - cbde3520-0cea-4357-bb04-1a0ae64b2bb1: shutdown FollowerState
2019-10-17 07:41:50,418 [Thread-1256] INFO  impl.RaftServerImpl (RaftServerImpl.java:setRole(184)) - cbde3520-0cea-4357-bb04-1a0ae64b2bb1@group-7EB39FB5DF22: changes role from  FOLLOWER to CANDIDATE at term 161 for changeToCandidate
2019-10-17 07:41:50,418 [Thread-1256] INFO  impl.RoleInfo (RoleInfo.java:updateAndGet(143)) - cbde3520-0cea-4357-bb04-1a0ae64b2bb1: start LeaderElection
2019-10-17 07:41:50,442 [cbde3520-0cea-4357-bb04-1a0ae64b2bb1@group-7EB39FB5DF22-LeaderElection158] INFO  impl.LeaderElection (LeaderElection.java:askForVotes(178)) - cbde3520-0cea-4357-bb04-1a0ae64b2bb1@group-7EB39FB5DF22-LeaderElection158: begin an election at term 162 for -1: [40d2d32e-dd25-45df-8070-f9dc56ccf0a7:192.168.34.62:41633, cbde3520-0cea-4357-bb04-1a0ae64b2bb1:192.168.34.62:41642, 443b071d-6096-48d6-bfe7-498b7c8032c0:192.168.34.62:46516], old=null
2019-10-17 07:41:50,444 [grpc-default-executor-4] INFO  impl.RaftServerImpl (RaftServerImpl.java:setRole(184)) - 40d2d32e-dd25-45df-8070-f9dc56ccf0a7@group-7EB39FB5DF22: changes role from  FOLLOWER to FOLLOWER at term 162 for recognizeCandidate:cbde3520-0cea-4357-bb04-1a0ae64b2bb1
2019-10-17 07:41:50,444 [grpc-default-executor-4] INFO  impl.RoleInfo (RoleInfo.java:shutdownFollowerState(121)) - 40d2d32e-dd25-45df-8070-f9dc56ccf0a7: shutdown FollowerState
2019-10-17 07:41:50,444 [grpc-default-executor-4] INFO  impl.RoleInfo (RoleInfo.java:updateAndGet(143)) - 40d2d32e-dd25-45df-8070-f9dc56ccf0a7: start FollowerState
2019-10-17 07:41:50,445 [grpc-default-executor-1] INFO  impl.RaftServerImpl (RaftServerImpl.java:setRole(184)) - 443b071d-6096-48d6-bfe7-498b7c8032c0@group-7EB39FB5DF22: changes role from  FOLLOWER to FOLLOWER at term 162 for recognizeCandidate:cbde3520-0cea-4357-bb04-1a0ae64b2bb1
2019-10-17 07:41:50,445 [Thread-1254] INFO  impl.FollowerState (FollowerState.java:run(117)) - 40d2d32e-dd25-45df-8070-f9dc56ccf0a7@group-7EB39FB5DF22-FollowerState was interrupted: java.lang.InterruptedException: sleep interrupted
2019-10-17 07:41:50,445 [grpc-default-executor-1] INFO  impl.RoleInfo (RoleInfo.java:shutdownFollowerState(121)) - 443b071d-6096-48d6-bfe7-498b7c8032c0: shutdown FollowerState
2019-10-17 07:41:50,445 [grpc-default-executor-1] INFO  impl.RoleInfo (RoleInfo.java:updateAndGet(143)) - 443b071d-6096-48d6-bfe7-498b7c8032c0: start FollowerState
2019-10-17 07:41:50,445 [Thread-1255] INFO  impl.FollowerState (FollowerState.java:run(117)) - 443b071d-6096-48d6-bfe7-498b7c8032c0@group-7EB39FB5DF22-FollowerState was interrupted: java.lang.InterruptedException: sleep interrupted
2019-10-17 07:41:50,461 [cbde3520-0cea-4357-bb04-1a0ae64b2bb1@group-7EB39FB5DF22-LeaderElection158] INFO  impl.LeaderElection (LeaderElection.java:logAndReturn(56)) - cbde3520-0cea-4357-bb04-1a0ae64b2bb1@group-7EB39FB5DF22-LeaderElection158: Election REJECTED; received 2 response(s) [cbde3520-0cea-4357-bb04-1a0ae64b2bb1<-40d2d32e-dd25-45df-8070-f9dc56ccf0a7#0:FAIL-t162, cbde3520-0cea-4357-bb04-1a0ae64b2bb1<-443b071d-6096-48d6-bfe7-498b7c8032c0#0:FAIL-t162] and 0 exception(s); cbde3520-0cea-4357-bb04-1a0ae64b2bb1@group-7EB39FB5DF22:t162, leader=null, voted=cbde3520-0cea-4357-bb04-1a0ae64b2bb1, raftlog=cbde3520-0cea-4357-bb04-1a0ae64b2bb1@group-7EB39FB5DF22-SegmentedRaftLog:OPENED:c-1,f-1,i0, conf=-1: [40d2d32e-dd25-45df-8070-f9dc56ccf0a7:192.168.34.62:41633, cbde3520-0cea-4357-bb04-1a0ae64b2bb1:192.168.34.62:41642, 443b071d-6096-48d6-bfe7-498b7c8032c0:192.168.34.62:46516], old=null
2019-10-17 07:41:50,461 [cbde3520-0cea-4357-bb04-1a0ae64b2bb1@group-7EB39FB5DF22-LeaderElection158] INFO  impl.RaftServerImpl (RaftServerImpl.java:setRole(184)) - cbde3520-0cea-4357-bb04-1a0ae64b2bb1@group-7EB39FB5DF22: changes role from CANDIDATE to FOLLOWER at term 162 for DISCOVERED_A_NEW_TERM
2019-10-17 07:41:50,461 [cbde3520-0cea-4357-bb04-1a0ae64b2bb1@group-7EB39FB5DF22-LeaderElection158] INFO  impl.RoleInfo (RoleInfo.java:shutdownLeaderElection(134)) - cbde3520-0cea-4357-bb04-1a0ae64b2bb1: shutdown LeaderElection
2019-10-17 07:41:50,461 [cbde3520-0cea-4357-bb04-1a0ae64b2bb1@group-7EB39FB5DF22-LeaderElection158] INFO  impl.RoleInfo (RoleInfo.java:updateAndGet(143)) - cbde3520-0cea-4357-bb04-1a0ae64b2bb1: start FollowerState
2019-10-17 07:41:50,510 [Thread-1262] INFO  impl.FollowerState (FollowerState.java:run(108)) - cbde3520-0cea-4357-bb04-1a0ae64b2bb1@group-7EB39FB5DF22-FollowerState: change to CANDIDATE, lastRpcTime:48ms, electionTimeout:48ms
2019-10-17 07:41:50,510 [Thread-1262] INFO  impl.RoleInfo (RoleInfo.java:shutdownFollowerState(121)) - cbde3520-0cea-4357-bb04-1a0ae64b2bb1: shutdown FollowerState
2019-10-17 07:41:50,510 [Thread-1262] INFO  impl.RaftServerImpl (RaftServerImpl.java:setRole(184)) - cbde3520-0cea-4357-bb04-1a0ae64b2bb1@group-7EB39FB5DF22: changes role from  FOLLOWER to CANDIDATE at term 162 for changeToCandidate
2019-10-17 07:41:50,510 [Thread-1262] INFO  impl.RoleInfo (RoleInfo.java:updateAndGet(143)) - cbde3520-0cea-4357-bb04-1a0ae64b2bb1: start LeaderElection
2019-10-17 07:41:50,534 [cbde3520-0cea-4357-bb04-1a0ae64b2bb1@group-7EB39FB5DF22-LeaderElection159] INFO  impl.LeaderElection (LeaderElection.java:askForVotes(178)) - cbde3520-0cea-4357-bb04-1a0ae64b2bb1@group-7EB39FB5DF22-LeaderElection159: begin an election at term 163 for -1: [40d2d32e-dd25-45df-8070-f9dc56ccf0a7:192.168.34.62:41633, cbde3520-0cea-4357-bb04-1a0ae64b2bb1:192.168.34.62:41642, 443b071d-6096-48d6-bfe7-498b7c8032c0:192.168.34.62:46516], old=null
2019-10-17 07:41:50,537 [grpc-default-executor-4] INFO  impl.RaftServerImpl (RaftServerImpl.java:setRole(184)) - 40d2d32e-dd25-45df-8070-f9dc56ccf0a7@group-7EB39FB5DF22: changes role from  FOLLOWER to FOLLOWER at term 163 for recognizeCandidate:cbde3520-0cea-4357-bb04-1a0ae64b2bb1
2019-10-17 07:41:50,537 [grpc-default-executor-1] INFO  impl.RaftServerImpl (RaftServerImpl.java:setRole(184)) - 443b071d-6096-48d6-bfe7-498b7c8032c0@group-7EB39FB5DF22: changes role from  FOLLOWER to FOLLOWER at term 163 for recognizeCandidate:cbde3520-0cea-4357-bb04-1a0ae64b2bb1
2019-10-17 07:41:50,537 [grpc-default-executor-4] INFO  impl.RoleInfo (RoleInfo.java:shutdownFollowerState(121)) - 40d2d32e-dd25-45df-8070-f9dc56ccf0a7: shutdown FollowerState
2019-10-17 07:41:50,537 [grpc-default-executor-1] INFO  impl.RoleInfo (RoleInfo.java:shutdownFollowerState(121)) - 443b071d-6096-48d6-bfe7-498b7c8032c0: shutdown FollowerState
2019-10-17 07:41:50,538 [Thread-1260] INFO  impl.FollowerState (FollowerState.java:run(117)) - 40d2d32e-dd25-45df-8070-f9dc56ccf0a7@group-7EB39FB5DF22-FollowerState was interrupted: java.lang.InterruptedException: sleep interrupted
2019-10-17 07:41:50,538 [Thread-1261] INFO  impl.FollowerState (FollowerState.java:run(117)) - 443b071d-6096-48d6-bfe7-498b7c8032c0@group-7EB39FB5DF22-FollowerState was interrupted: java.lang.InterruptedException: sleep interrupted
2019-10-17 07:41:50,538 [grpc-default-executor-4] INFO  impl.RoleInfo (RoleInfo.java:updateAndGet(143)) - 40d2d32e-dd25-45df-8070-f9dc56ccf0a7: start FollowerState
2019-10-17 07:41:50,538 [grpc-default-executor-1] INFO  impl.RoleInfo (RoleInfo.java:updateAndGet(143)) - 443b071d-6096-48d6-bfe7-498b7c8032c0: start FollowerState
2019-10-17 07:41:50,564 [cbde3520-0cea-4357-bb04-1a0ae64b2bb1@group-7EB39FB5DF22-LeaderElection159] INFO  impl.LeaderElection (LeaderElection.java:logAndReturn(56)) - cbde3520-0cea-4357-bb04-1a0ae64b2bb1@group-7EB39FB5DF22-LeaderElection159: Election REJECTED; received 2 response(s) [cbde3520-0cea-4357-bb04-1a0ae64b2bb1<-40d2d32e-dd25-45df-8070-f9dc56ccf0a7#0:FAIL-t163, cbde3520-0cea-4357-bb04-1a0ae64b2bb1<-443b071d-6096-48d6-bfe7-498b7c8032c0#0:FAIL-t163] and 0 exception(s); cbde3520-0cea-4357-bb04-1a0ae64b2bb1@group-7EB39FB5DF22:t163, leader=null, voted=cbde3520-0cea-4357-bb04-1a0ae64b2bb1, raftlog=cbde3520-0cea-4357-bb04-1a0ae64b2bb1@group-7EB39FB5DF22-SegmentedRaftLog:OPENED:c-1,f-1,i0, conf=-1: [40d2d32e-dd25-45df-8070-f9dc56ccf0a7:192.168.34.62:41633, cbde3520-0cea-4357-bb04-1a0ae64b2bb1:192.168.34.62:41642, 443b071d-6096-48d6-bfe7-498b7c8032c0:192.168.34.62:46516], old=null
2019-10-17 07:41:50,565 [cbde3520-0cea-4357-bb04-1a0ae64b2bb1@group-7EB39FB5DF22-LeaderElection159] INFO  impl.RaftServerImpl (RaftServerImpl.java:setRole(184)) - cbde3520-0cea-4357-bb04-1a0ae64b2bb1@group-7EB39FB5DF22: changes role from CANDIDATE to FOLLOWER at term 163 for DISCOVERED_A_NEW_TERM
2019-10-17 07:41:50,565 [cbde3520-0cea-4357-bb04-1a0ae64b2bb1@group-7EB39FB5DF22-LeaderElection159] INFO  impl.RoleInfo (RoleInfo.java:shutdownLeaderElection(134)) - cbde3520-0cea-4357-bb04-1a0ae64b2bb1: shutdown LeaderElection
2019-10-17 07:41:50,565 [cbde3520-0cea-4357-bb04-1a0ae64b2bb1@group-7EB39FB5DF22-LeaderElection159] INFO  impl.RoleInfo (RoleInfo.java:updateAndGet(143)) - cbde3520-0cea-4357-bb04-1a0ae64b2bb1: start FollowerState
2019-10-17 07:41:50,635 [Thread-1268] INFO  impl.FollowerState (FollowerState.java:run(108)) - cbde3520-0cea-4357-bb04-1a0ae64b2bb1@group-7EB39FB5DF22-FollowerState: change to CANDIDATE, lastRpcTime:70ms, electionTimeout:70ms
2019-10-17 07:41:50,636 [Thread-1268] INFO  impl.RoleInfo (RoleInfo.java:shutdownFollowerState(121)) - cbde3520-0cea-4357-bb04-1a0ae64b2bb1: shutdown FollowerState
2019-10-17 07:41:50,636 [Thread-1268] INFO  impl.RaftServerImpl (RaftServerImpl.java:setRole(184)) - cbde3520-0cea-4357-bb04-1a0ae64b2bb1@group-7EB39FB5DF22: changes role from  FOLLOWER to CANDIDATE at term 163 for changeToCandidate
2019-10-17 07:41:50,636 [Thread-1268] INFO  impl.RoleInfo (RoleInfo.java:updateAndGet(143)) - cbde3520-0cea-4357-bb04-1a0ae64b2bb1: start LeaderElection
2019-10-17 07:41:50,667 [cbde3520-0cea-4357-bb04-1a0ae64b2bb1@group-7EB39FB5DF22-LeaderElection160] INFO  impl.LeaderElection (LeaderElection.java:askForVotes(178)) - cbde3520-0cea-4357-bb04-1a0ae64b2bb1@group-7EB39FB5DF22-LeaderElection160: begin an election at term 164 for -1: [40d2d32e-dd25-45df-8070-f9dc56ccf0a7:192.168.34.62:41633, cbde3520-0cea-4357-bb04-1a0ae64b2bb1:192.168.34.62:41642, 443b071d-6096-48d6-bfe7-498b7c8032c0:192.168.34.62:46516], old=null
2019-10-17 07:41:50,670 [grpc-default-executor-4] INFO  impl.RaftServerImpl (RaftServerImpl.java:setRole(184)) - 443b071d-6096-48d6-bfe7-498b7c8032c0@group-7EB39FB5DF22: changes role from  FOLLOWER to FOLLOWER at term 164 for recognizeCandidate:cbde3520-0cea-4357-bb04-1a0ae64b2bb1
2019-10-17 07:41:50,670 [grpc-default-executor-4] INFO  impl.RoleInfo (RoleInfo.java:shutdownFollowerState(121)) - 443b071d-6096-48d6-bfe7-498b7c8032c0: shutdown FollowerState
2019-10-17 07:41:50,670 [grpc-default-executor-1] INFO  impl.RaftServerImpl (RaftServerImpl.java:setRole(184)) - 40d2d32e-dd25-45df-8070-f9dc56ccf0a7@group-7EB39FB5DF22: changes role from  FOLLOWER to FOLLOWER at term 164 for recognizeCandidate:cbde3520-0cea-4357-bb04-1a0ae64b2bb1
2019-10-17 07:41:50,670 [Thread-1267] INFO  impl.FollowerState (FollowerState.java:run(117)) - 443b071d-6096-48d6-bfe7-498b7c8032c0@group-7EB39FB5DF22-FollowerState was interrupted: java.lang.InterruptedException: sleep interrupted
2019-10-17 07:41:50,670 [grpc-default-executor-4] INFO  impl.RoleInfo (RoleInfo.java:updateAndGet(143)) - 443b071d-6096-48d6-bfe7-498b7c8032c0: start FollowerState
2019-10-17 07:41:50,670 [grpc-default-executor-1] INFO  impl.RoleInfo (RoleInfo.java:shutdownFollowerState(121)) - 40d2d32e-dd25-45df-8070-f9dc56ccf0a7: shutdown FollowerState
2019-10-17 07:41:50,671 [grpc-default-executor-1] INFO  impl.RoleInfo (RoleInfo.java:updateAndGet(143)) - 40d2d32e-dd25-45df-8070-f9dc56ccf0a7: start FollowerState
2019-10-17 07:41:50,671 [Thread-1266] INFO  impl.FollowerState (FollowerState.java:run(117)) - 40d2d32e-dd25-45df-8070-f9dc56ccf0a7@group-7EB39FB5DF22-FollowerState was interrupted: java.lang.InterruptedException: sleep interrupted
2019-10-17 07:41:50,694 [cbde3520-0cea-4357-bb04-1a0ae64b2bb1@group-7EB39FB5DF22-LeaderElection160] INFO  impl.LeaderElection (LeaderElection.java:logAndReturn(56)) - cbde3520-0cea-4357-bb04-1a0ae64b2bb1@group-7EB39FB5DF22-LeaderElection160: Election REJECTED; received 2 response(s) [cbde3520-0cea-4357-bb04-1a0ae64b2bb1<-40d2d32e-dd25-45df-8070-f9dc56ccf0a7#0:FAIL-t164, cbde3520-0cea-4357-bb04-1a0ae64b2bb1<-443b071d-6096-48d6-bfe7-498b7c8032c0#0:FAIL-t164] and 0 exception(s); cbde3520-0cea-4357-bb04-1a0ae64b2bb1@group-7EB39FB5DF22:t164, leader=null, voted=cbde3520-0cea-4357-bb04-1a0ae64b2bb1, raftlog=cbde3520-0cea-4357-bb04-1a0ae64b2bb1@group-7EB39FB5DF22-SegmentedRaftLog:OPENED:c-1,f-1,i0, conf=-1: [40d2d32e-dd25-45df-8070-f9dc56ccf0a7:192.168.34.62:41633, cbde3520-0cea-4357-bb04-1a0ae64b2bb1:192.168.34.62:41642, 443b071d-6096-48d6-bfe7-498b7c8032c0:192.168.34.62:46516], old=null
2019-10-17 07:41:50,695 [cbde3520-0cea-4357-bb04-1a0ae64b2bb1@group-7EB39FB5DF22-LeaderElection160] INFO  impl.RaftServerImpl (RaftServerImpl.java:setRole(184)) - cbde3520-0cea-4357-bb04-1a0ae64b2bb1@group-7EB39FB5DF22: changes role from CANDIDATE to FOLLOWER at term 164 for DISCOVERED_A_NEW_TERM
2019-10-17 07:41:50,695 [cbde3520-0cea-4357-bb04-1a0ae64b2bb1@group-7EB39FB5DF22-LeaderElection160] INFO  impl.RoleInfo (RoleInfo.java:shutdownLeaderElection(134)) - cbde3520-0cea-4357-bb04-1a0ae64b2bb1: shutdown LeaderElection
2019-10-17 07:41:50,695 [cbde3520-0cea-4357-bb04-1a0ae64b2bb1@group-7EB39FB5DF22-LeaderElection160] INFO  impl.RoleInfo (RoleInfo.java:updateAndGet(143)) - cbde3520-0cea-4357-bb04-1a0ae64b2bb1: start FollowerState
2019-10-17 07:41:50,872 [Thread-1274] INFO  impl.FollowerState (FollowerState.java:run(108)) - cbde3520-0cea-4357-bb04-1a0ae64b2bb1@group-7EB39FB5DF22-FollowerState: change to CANDIDATE, lastRpcTime:177ms, electionTimeout:177ms
2019-10-17 07:41:50,872 [Thread-1274] INFO  impl.RoleInfo (RoleInfo.java:shutdownFollowerState(121)) - cbde3520-0cea-4357-bb04-1a0ae64b2bb1: shutdown FollowerState
2019-10-17 07:41:50,873 [Thread-1274] INFO  impl.RaftServerImpl (RaftServerImpl.java:setRole(184)) - cbde3520-0cea-4357-bb04-1a0ae64b2bb1@group-7EB39FB5DF22: changes role from  FOLLOWER to CANDIDATE at term 164 for changeToCandidate
2019-10-17 07:41:50,873 [Thread-1274] INFO  impl.RoleInfo (RoleInfo.java:updateAndGet(143)) - cbde3520-0cea-4357-bb04-1a0ae64b2bb1: start LeaderElection
2019-10-17 07:41:50,898 [cbde3520-0cea-4357-bb04-1a0ae64b2bb1@group-7EB39FB5DF22-LeaderElection161] INFO  impl.LeaderElection (LeaderElection.java:askForVotes(178)) - cbde3520-0cea-4357-bb04-1a0ae64b2bb1@group-7EB39FB5DF22-LeaderElection161: begin an election at term 165 for -1: [40d2d32e-dd25-45df-8070-f9dc56ccf0a7:192.168.34.62:41633, cbde3520-0cea-4357-bb04-1a0ae64b2bb1:192.168.34.62:41642, 443b071d-6096-48d6-bfe7-498b7c8032c0:192.168.34.62:46516], old=null
2019-10-17 07:41:50,901 [grpc-default-executor-1] INFO  impl.RaftServerImpl (RaftServerImpl.java:setRole(184)) - 443b071d-6096-48d6-bfe7-498b7c8032c0@group-7EB39FB5DF22: changes role from  FOLLOWER to FOLLOWER at term 165 for recognizeCandidate:cbde3520-0cea-4357-bb04-1a0ae64b2bb1
2019-10-17 07:41:50,901 [grpc-default-executor-4] INFO  impl.RaftServerImpl (RaftServerImpl.java:setRole(184)) - 40d2d32e-dd25-45df-8070-f9dc56ccf0a7@group-7EB39FB5DF22: changes role from  FOLLOWER to FOLLOWER at term 165 for recognizeCandidate:cbde3520-0cea-4357-bb04-1a0ae64b2bb1
2019-10-17 07:41:50,901 [grpc-default-executor-1] INFO  impl.RoleInfo (RoleInfo.java:shutdownFollowerState(121)) - 443b071d-6096-48d6-bfe7-498b7c8032c0: shutdown FollowerState
2019-10-17 07:41:50,901 [grpc-default-executor-4] INFO  impl.RoleInfo (RoleInfo.java:shutdownFollowerState(121)) - 40d2d32e-dd25-45df-8070-f9dc56ccf0a7: shutdown FollowerState
2019-10-17 07:41:50,901 [Thread-1272] INFO  impl.FollowerState (FollowerState.java:run(117)) - 443b071d-6096-48d6-bfe7-498b7c8032c0@group-7EB39FB5DF22-FollowerState was interrupted: java.lang.InterruptedException: sleep interrupted
2019-10-17 07:41:50,901 [grpc-default-executor-1] INFO  impl.RoleInfo (RoleInfo.java:updateAndGet(143)) - 443b071d-6096-48d6-bfe7-498b7c8032c0: start FollowerState
2019-10-17 07:41:50,901 [Thread-1273] INFO  impl.FollowerState (FollowerState.java:run(117)) - 40d2d32e-dd25-45df-8070-f9dc56ccf0a7@group-7EB39FB5DF22-FollowerState was interrupted: java.lang.InterruptedException: sleep interrupted
2019-10-17 07:41:50,901 [grpc-default-executor-4] INFO  impl.RoleInfo (RoleInfo.java:updateAndGet(143)) - 40d2d32e-dd25-45df-8070-f9dc56ccf0a7: start FollowerState
2019-10-17 07:41:50,923 [cbde3520-0cea-4357-bb04-1a0ae64b2bb1@group-7EB39FB5DF22-LeaderElection161] INFO  impl.LeaderElection (LeaderElection.java:logAndReturn(56)) - cbde3520-0cea-4357-bb04-1a0ae64b2bb1@group-7EB39FB5DF22-LeaderElection161: Election REJECTED; received 2 response(s) [cbde3520-0cea-4357-bb04-1a0ae64b2bb1<-40d2d32e-dd25-45df-8070-f9dc56ccf0a7#0:FAIL-t165, cbde3520-0cea-4357-bb04-1a0ae64b2bb1<-443b071d-6096-48d6-bfe7-498b7c8032c0#0:FAIL-t165] and 0 exception(s); cbde3520-0cea-4357-bb04-1a0ae64b2bb1@group-7EB39FB5DF22:t165, leader=null, voted=cbde3520-0cea-4357-bb04-1a0ae64b2bb1, raftlog=cbde3520-0cea-4357-bb04-1a0ae64b2bb1@group-7EB39FB5DF22-SegmentedRaftLog:OPENED:c-1,f-1,i0, conf=-1: [40d2d32e-dd25-45df-8070-f9dc56ccf0a7:192.168.34.62:41633, cbde3520-0cea-4357-bb04-1a0ae64b2bb1:192.168.34.62:41642, 443b071d-6096-48d6-bfe7-498b7c8032c0:192.168.34.62:46516], old=null
2019-10-17 07:41:50,923 [cbde3520-0cea-4357-bb04-1a0ae64b2bb1@group-7EB39FB5DF22-LeaderElection161] INFO  impl.RaftServerImpl (RaftServerImpl.java:setRole(184)) - cbde3520-0cea-4357-bb04-1a0ae64b2bb1@group-7EB39FB5DF22: changes role from CANDIDATE to FOLLOWER at term 165 for DISCOVERED_A_NEW_TERM
2019-10-17 07:41:50,924 [cbde3520-0cea-4357-bb04-1a0ae64b2bb1@group-7EB39FB5DF22-LeaderElection161] INFO  impl.RoleInfo (RoleInfo.java:shutdownLeaderElection(134)) - cbde3520-0cea-4357-bb04-1a0ae64b2bb1: shutdown LeaderElection
2019-10-17 07:41:50,924 [cbde3520-0cea-4357-bb04-1a0ae64b2bb1@group-7EB39FB5DF22-LeaderElection161] INFO  impl.RoleInfo (RoleInfo.java:updateAndGet(143)) - cbde3520-0cea-4357-bb04-1a0ae64b2bb1: start FollowerState
2019-10-17 07:41:50,949 [Thread-1280] INFO  impl.FollowerState (FollowerState.java:run(108)) - cbde3520-0cea-4357-bb04-1a0ae64b2bb1@group-7EB39FB5DF22-FollowerState: change to CANDIDATE, lastRpcTime:25ms, electionTimeout:25ms
2019-10-17 07:41:50,949 [Thread-1280] INFO  impl.RoleInfo (RoleInfo.java:shutdownFollowerState(121)) - cbde3520-0cea-4357-bb04-1a0ae64b2bb1: shutdown FollowerState
2019-10-17 07:41:50,950 [Thread-1280] INFO  impl.RaftServerImpl (RaftServerImpl.java:setRole(184)) - cbde3520-0cea-4357-bb04-1a0ae64b2bb1@group-7EB39FB5DF22: changes role from  FOLLOWER to CANDIDATE at term 165 for changeToCandidate
2019-10-17 07:41:50,950 [Thread-1280] INFO  impl.RoleInfo (RoleInfo.java:updateAndGet(143)) - cbde3520-0cea-4357-bb04-1a0ae64b2bb1: start LeaderElection
2019-10-17 07:41:50,985 [cbde3520-0cea-4357-bb04-1a0ae64b2bb1@group-7EB39FB5DF22-LeaderElection162] INFO  impl.LeaderElection (LeaderElection.java:askForVotes(178)) - cbde3520-0cea-4357-bb04-1a0ae64b2bb1@group-7EB39FB5DF22-LeaderElection162: begin an election at term 166 for -1: [40d2d32e-dd25-45df-8070-f9dc56ccf0a7:192.168.34.62:41633, cbde3520-0cea-4357-bb04-1a0ae64b2bb1:192.168.34.62:41642, 443b071d-6096-48d6-bfe7-498b7c8032c0:192.168.34.62:46516], old=null
2019-10-17 07:41:50,991 [grpc-default-executor-1] INFO  impl.RaftServerImpl (RaftServerImpl.java:setRole(184)) - 40d2d32e-dd25-45df-8070-f9dc56ccf0a7@group-7EB39FB5DF22: changes role from  FOLLOWER to FOLLOWER at term 166 for recognizeCandidate:cbde3520-0cea-4357-bb04-1a0ae64b2bb1
2019-10-17 07:41:50,991 [grpc-default-executor-1] INFO  impl.RoleInfo (RoleInfo.java:shutdownFollowerState(121)) - 40d2d32e-dd25-45df-8070-f9dc56ccf0a7: shutdown FollowerState
2019-10-17 07:41:50,991 [grpc-default-executor-4] INFO  impl.RaftServerImpl (RaftServerImpl.java:setRole(184)) - 443b071d-6096-48d6-bfe7-498b7c8032c0@group-7EB39FB5DF22: changes role from  FOLLOWER to FOLLOWER at term 166 for recognizeCandidate:cbde3520-0cea-4357-bb04-1a0ae64b2bb1
2019-10-17 07:41:50,991 [Thread-1279] INFO  impl.FollowerState (FollowerState.java:run(117)) - 40d2d32e-dd25-45df-8070-f9dc56ccf0a7@group-7EB39FB5DF22-FollowerState was interrupted: java.lang.InterruptedException: sleep interrupted
2019-10-17 07:41:50,991 [grpc-default-executor-1] INFO  impl.RoleInfo (RoleInfo.java:updateAndGet(143)) - 40d2d32e-dd25-45df-8070-f9dc56ccf0a7: start FollowerState
2019-10-17 07:41:50,991 [grpc-default-executor-4] INFO  impl.RoleInfo (RoleInfo.java:shutdownFollowerState(121)) - 443b071d-6096-48d6-bfe7-498b7c8032c0: shutdown FollowerState
2019-10-17 07:41:50,992 [grpc-default-executor-4] INFO  impl.RoleInfo (RoleInfo.java:updateAndGet(143)) - 443b071d-6096-48d6-bfe7-498b7c8032c0: start FollowerState
2019-10-17 07:41:50,992 [Thread-1278] INFO  impl.FollowerState (FollowerState.java:run(117)) - 443b071d-6096-48d6-bfe7-498b7c8032c0@group-7EB39FB5DF22-FollowerState was interrupted: java.lang.InterruptedException: sleep interrupted
2019-10-17 07:41:50,997 [cbde3520-0cea-4357-bb04-1a0ae64b2bb1@group-7EB39FB5DF22-LeaderElection162] INFO  impl.LeaderElection (LeaderElection.java:logAndReturn(56)) - cbde3520-0cea-4357-bb04-1a0ae64b2bb1@group-7EB39FB5DF22-LeaderElection162: Election TIMEOUT; received 0 response(s) [] and 0 exception(s); cbde3520-0cea-4357-bb04-1a0ae64b2bb1@group-7EB39FB5DF22:t166, leader=null, voted=cbde3520-0cea-4357-bb04-1a0ae64b2bb1, raftlog=cbde3520-0cea-4357-bb04-1a0ae64b2bb1@group-7EB39FB5DF22-SegmentedRaftLog:OPENED:c-1,f-1,i0, conf=-1: [40d2d32e-dd25-45df-8070-f9dc56ccf0a7:192.168.34.62:41633, cbde3520-0cea-4357-bb04-1a0ae64b2bb1:192.168.34.62:41642, 443b071d-6096-48d6-bfe7-498b7c8032c0:192.168.34.62:46516], old=null
2019-10-17 07:41:51,017 [cbde3520-0cea-4357-bb04-1a0ae64b2bb1@group-7EB39FB5DF22-LeaderElection162] INFO  impl.LeaderElection (LeaderElection.java:askForVotes(178)) - cbde3520-0cea-4357-bb04-1a0ae64b2bb1@group-7EB39FB5DF22-LeaderElection162: begin an election at term 167 for -1: [40d2d32e-dd25-45df-8070-f9dc56ccf0a7:192.168.34.62:41633, cbde3520-0cea-4357-bb04-1a0ae64b2bb1:192.168.34.62:41642, 443b071d-6096-48d6-bfe7-498b7c8032c0:192.168.34.62:46516], old=null
2019-10-17 07:41:51,019 [grpc-default-executor-1] INFO  impl.RaftServerImpl (RaftServerImpl.java:setRole(184)) - 40d2d32e-dd25-45df-8070-f9dc56ccf0a7@group-7EB39FB5DF22: changes role from  FOLLOWER to FOLLOWER at term 167 for recognizeCandidate:cbde3520-0cea-4357-bb04-1a0ae64b2bb1
2019-10-17 07:41:51,019 [grpc-default-executor-1] INFO  impl.RoleInfo (RoleInfo.java:shutdownFollowerState(121)) - 40d2d32e-dd25-45df-8070-f9dc56ccf0a7: shutdown FollowerState
2019-10-17 07:41:51,019 [grpc-default-executor-4] INFO  impl.RaftServerImpl (RaftServerImpl.java:setRole(184)) - 443b071d-6096-48d6-bfe7-498b7c8032c0@group-7EB39FB5DF22: changes role from  FOLLOWER to FOLLOWER at term 167 for recognizeCandidate:cbde3520-0cea-4357-bb04-1a0ae64b2bb1
2019-10-17 07:41:51,019 [grpc-default-executor-4] INFO  impl.RoleInfo (RoleInfo.java:shutdownFollowerState(121)) - 443b071d-6096-48d6-bfe7-498b7c8032c0: shutdown FollowerState
2019-10-17 07:41:51,019 [Thread-1284] INFO  impl.FollowerState (FollowerState.java:run(117)) - 40d2d32e-dd25-45df-8070-f9dc56ccf0a7@group-7EB39FB5DF22-FollowerState was interrupted: java.lang.InterruptedException: sleep interrupted
2019-10-17 07:41:51,019 [grpc-default-executor-1] INFO  impl.RoleInfo (RoleInfo.java:updateAndGet(143)) - 40d2d32e-dd25-45df-8070-f9dc56ccf0a7: start FollowerState
2019-10-17 07:41:51,020 [Thread-1285] INFO  impl.FollowerState (FollowerState.java:run(117)) - 443b071d-6096-48d6-bfe7-498b7c8032c0@group-7EB39FB5DF22-FollowerState was interrupted: java.lang.InterruptedException: sleep interrupted
2019-10-17 07:41:51,020 [grpc-default-executor-4] INFO  impl.RoleInfo (RoleInfo.java:updateAndGet(143)) - 443b071d-6096-48d6-bfe7-498b7c8032c0: start FollowerState
2019-10-17 07:41:51,045 [cbde3520-0cea-4357-bb04-1a0ae64b2bb1@group-7EB39FB5DF22-LeaderElection162] INFO  impl.LeaderElection (LeaderElection.java:logAndReturn(56)) - cbde3520-0cea-4357-bb04-1a0ae64b2bb1@group-7EB39FB5DF22-LeaderElection162: Election REJECTED; received 2 response(s) [cbde3520-0cea-4357-bb04-1a0ae64b2bb1<-40d2d32e-dd25-45df-8070-f9dc56ccf0a7#0:FAIL-t167, cbde3520-0cea-4357-bb04-1a0ae64b2bb1<-443b071d-6096-48d6-bfe7-498b7c8032c0#0:FAIL-t167] and 0 exception(s); cbde3520-0cea-4357-bb04-1a0ae64b2bb1@group-7EB39FB5DF22:t167, leader=null, voted=cbde3520-0cea-4357-bb04-1a0ae64b2bb1, raftlog=cbde3520-0cea-4357-bb04-1a0ae64b2bb1@group-7EB39FB5DF22-SegmentedRaftLog:OPENED:c-1,f-1,i0, conf=-1: [40d2d32e-dd25-45df-8070-f9dc56ccf0a7:192.168.34.62:41633, cbde3520-0cea-4357-bb04-1a0ae64b2bb1:192.168.34.62:41642, 443b071d-6096-48d6-bfe7-498b7c8032c0:192.168.34.62:46516], old=null
2019-10-17 07:41:51,045 [cbde3520-0cea-4357-bb04-1a0ae64b2bb1@group-7EB39FB5DF22-LeaderElection162] INFO  impl.RaftServerImpl (RaftServerImpl.java:setRole(184)) - cbde3520-0cea-4357-bb04-1a0ae64b2bb1@group-7EB39FB5DF22: changes role from CANDIDATE to FOLLOWER at term 167 for DISCOVERED_A_NEW_TERM
2019-10-17 07:41:51,046 [cbde3520-0cea-4357-bb04-1a0ae64b2bb1@group-7EB39FB5DF22-LeaderElection162] INFO  impl.RoleInfo (RoleInfo.java:shutdownLeaderElection(134)) - cbde3520-0cea-4357-bb04-1a0ae64b2bb1: shutdown LeaderElection
2019-10-17 07:41:51,046 [cbde3520-0cea-4357-bb04-1a0ae64b2bb1@group-7EB39FB5DF22-LeaderElection162] INFO  impl.RoleInfo (RoleInfo.java:updateAndGet(143)) - cbde3520-0cea-4357-bb04-1a0ae64b2bb1: start FollowerState
2019-10-17 07:41:51,119 [Thread-1290] INFO  impl.FollowerState (FollowerState.java:run(108)) - cbde3520-0cea-4357-bb04-1a0ae64b2bb1@group-7EB39FB5DF22-FollowerState: change to CANDIDATE, lastRpcTime:73ms, electionTimeout:73ms
2019-10-17 07:41:51,119 [Thread-1290] INFO  impl.RoleInfo (RoleInfo.java:shutdownFollowerState(121)) - cbde3520-0cea-4357-bb04-1a0ae64b2bb1: shutdown FollowerState
2019-10-17 07:41:51,120 [Thread-1290] INFO  impl.RaftServerImpl (RaftServerImpl.java:setRole(184)) - cbde3520-0cea-4357-bb04-1a0ae64b2bb1@group-7EB39FB5DF22: changes role from  FOLLOWER to CANDIDATE at term 167 for changeToCandidate
2019-10-17 07:41:51,120 [Thread-1290] INFO  impl.RoleInfo (RoleInfo.java:updateAndGet(143)) - cbde3520-0cea-4357-bb04-1a0ae64b2bb1: start LeaderElection
2019-10-17 07:41:51,144 [cbde3520-0cea-4357-bb04-1a0ae64b2bb1@group-7EB39FB5DF22-LeaderElection163] INFO  impl.LeaderElection (LeaderElection.java:askForVotes(178)) - cbde3520-0cea-4357-bb04-1a0ae64b2bb1@group-7EB39FB5DF22-LeaderElection163: begin an election at term 168 for -1: [40d2d32e-dd25-45df-8070-f9dc56ccf0a7:192.168.34.62:41633, cbde3520-0cea-4357-bb04-1a0ae64b2bb1:192.168.34.62:41642, 443b071d-6096-48d6-bfe7-498b7c8032c0:192.168.34.62:46516], old=null
2019-10-17 07:41:51,147 [grpc-default-executor-4] INFO  impl.RaftServerImpl (RaftServerImpl.java:setRole(184)) - 40d2d32e-dd25-45df-8070-f9dc56ccf0a7@group-7EB39FB5DF22: changes role from  FOLLOWER to FOLLOWER at term 168 for recognizeCandidate:cbde3520-0cea-4357-bb04-1a0ae64b2bb1
2019-10-17 07:41:51,147 [grpc-default-executor-4] INFO  impl.RoleInfo (RoleInfo.java:shutdownFollowerState(121)) - 40d2d32e-dd25-45df-8070-f9dc56ccf0a7: shutdown FollowerState
2019-10-17 07:41:51,147 [grpc-default-executor-1] INFO  impl.RaftServerImpl (RaftServerImpl.java:setRole(184)) - 443b071d-6096-48d6-bfe7-498b7c8032c0@group-7EB39FB5DF22: changes role from  FOLLOWER to FOLLOWER at term 168 for recognizeCandidate:cbde3520-0cea-4357-bb04-1a0ae64b2bb1
2019-10-17 07:41:51,147 [grpc-default-executor-1] INFO  impl.RoleInfo (RoleInfo.java:shutdownFollowerState(121)) - 443b071d-6096-48d6-bfe7-498b7c8032c0: shutdown FollowerState
2019-10-17 07:41:51,147 [grpc-default-executor-4] INFO  impl.RoleInfo (RoleInfo.java:updateAndGet(143)) - 40d2d32e-dd25-45df-8070-f9dc56ccf0a7: start FollowerState
2019-10-17 07:41:51,147 [Thread-1288] INFO  impl.FollowerState (FollowerState.java:run(117)) - 40d2d32e-dd25-45df-8070-f9dc56ccf0a7@group-7EB39FB5DF22-FollowerState was interrupted: java.lang.InterruptedException: sleep interrupted
2019-10-17 07:41:51,148 [Thread-1289] INFO  impl.FollowerState (FollowerState.java:run(117)) - 443b071d-6096-48d6-bfe7-498b7c8032c0@group-7EB39FB5DF22-FollowerState was interrupted: java.lang.InterruptedException: sleep interrupted
2019-10-17 07:41:51,148 [grpc-default-executor-1] INFO  impl.RoleInfo (RoleInfo.java:updateAndGet(143)) - 443b071d-6096-48d6-bfe7-498b7c8032c0: start FollowerState
2019-10-17 07:41:51,148 [cbde3520-0cea-4357-bb04-1a0ae64b2bb1@group-7EB39FB5DF22-LeaderElection163] INFO  impl.LeaderElection (LeaderElection.java:logAndReturn(56)) - cbde3520-0cea-4357-bb04-1a0ae64b2bb1@group-7EB39FB5DF22-LeaderElection163: Election TIMEOUT; received 0 response(s) [] and 0 exception(s); cbde3520-0cea-4357-bb04-1a0ae64b2bb1@group-7EB39FB5DF22:t168, leader=null, voted=cbde3520-0cea-4357-bb04-1a0ae64b2bb1, raftlog=cbde3520-0cea-4357-bb04-1a0ae64b2bb1@group-7EB39FB5DF22-SegmentedRaftLog:OPENED:c-1,f-1,i0, conf=-1: [40d2d32e-dd25-45df-8070-f9dc56ccf0a7:192.168.34.62:41633, cbde3520-0cea-4357-bb04-1a0ae64b2bb1:192.168.34.62:41642, 443b071d-6096-48d6-bfe7-498b7c8032c0:192.168.34.62:46516], old=null
2019-10-17 07:41:51,171 [cbde3520-0cea-4357-bb04-1a0ae64b2bb1@group-7EB39FB5DF22-LeaderElection163] INFO  impl.LeaderElection (LeaderElection.java:askForVotes(178)) - cbde3520-0cea-4357-bb04-1a0ae64b2bb1@group-7EB39FB5DF22-LeaderElection163: begin an election at term 169 for -1: [40d2d32e-dd25-45df-8070-f9dc56ccf0a7:192.168.34.62:41633, cbde3520-0cea-4357-bb04-1a0ae64b2bb1:192.168.34.62:41642, 443b071d-6096-48d6-bfe7-498b7c8032c0:192.168.34.62:46516], old=null
2019-10-17 07:41:51,173 [grpc-default-executor-1] INFO  impl.RaftServerImpl (RaftServerImpl.java:setRole(184)) - 443b071d-6096-48d6-bfe7-498b7c8032c0@group-7EB39FB5DF22: changes role from  FOLLOWER to FOLLOWER at term 169 for recognizeCandidate:cbde3520-0cea-4357-bb04-1a0ae64b2bb1
2019-10-17 07:41:51,174 [grpc-default-executor-1] INFO  impl.RoleInfo (RoleInfo.java:shutdownFollowerState(121)) - 443b071d-6096-48d6-bfe7-498b7c8032c0: shutdown FollowerState
2019-10-17 07:41:51,174 [grpc-default-executor-4] INFO  impl.RaftServerImpl (RaftServerImpl.java:setRole(184)) - 40d2d32e-dd25-45df-8070-f9dc56ccf0a7@group-7EB39FB5DF22: changes role from  FOLLOWER to FOLLOWER at term 169 for recognizeCandidate:cbde3520-0cea-4357-bb04-1a0ae64b2bb1
2019-10-17 07:41:51,174 [grpc-default-executor-4] INFO  impl.RoleInfo (RoleInfo.java:shutdownFollowerState(121)) - 40d2d32e-dd25-45df-8070-f9dc56ccf0a7: shutdown FollowerState
2019-10-17 07:41:51,174 [Thread-1295] INFO  impl.FollowerState (FollowerState.java:run(117)) - 443b071d-6096-48d6-bfe7-498b7c8032c0@group-7EB39FB5DF22-FollowerState was interrupted: java.lang.InterruptedException: sleep interrupted
2019-10-17 07:41:51,174 [grpc-default-executor-1] INFO  impl.RoleInfo (RoleInfo.java:updateAndGet(143)) - 443b071d-6096-48d6-bfe7-498b7c8032c0: start FollowerState
2019-10-17 07:41:51,174 [Thread-1294] INFO  impl.FollowerState (FollowerState.java:run(117)) - 40d2d32e-dd25-45df-8070-f9dc56ccf0a7@group-7EB39FB5DF22-FollowerState was interrupted: java.lang.InterruptedException: sleep interrupted
2019-10-17 07:41:51,174 [grpc-default-executor-4] INFO  impl.RoleInfo (RoleInfo.java:updateAndGet(143)) - 40d2d32e-dd25-45df-8070-f9dc56ccf0a7: start FollowerState
2019-10-17 07:41:51,198 [cbde3520-0cea-4357-bb04-1a0ae64b2bb1@group-7EB39FB5DF22-LeaderElection163] INFO  impl.LeaderElection (LeaderElection.java:logAndReturn(56)) - cbde3520-0cea-4357-bb04-1a0ae64b2bb1@group-7EB39FB5DF22-LeaderElection163: Election REJECTED; received 2 response(s) [cbde3520-0cea-4357-bb04-1a0ae64b2bb1<-40d2d32e-dd25-45df-8070-f9dc56ccf0a7#0:FAIL-t169, cbde3520-0cea-4357-bb04-1a0ae64b2bb1<-443b071d-6096-48d6-bfe7-498b7c8032c0#0:FAIL-t169] and 0 exception(s); cbde3520-0cea-4357-bb04-1a0ae64b2bb1@group-7EB39FB5DF22:t169, leader=null, voted=cbde3520-0cea-4357-bb04-1a0ae64b2bb1, raftlog=cbde3520-0cea-4357-bb04-1a0ae64b2bb1@group-7EB39FB5DF22-SegmentedRaftLog:OPENED:c-1,f-1,i0, conf=-1: [40d2d32e-dd25-45df-8070-f9dc56ccf0a7:192.168.34.62:41633, cbde3520-0cea-4357-bb04-1a0ae64b2bb1:192.168.34.62:41642, 443b071d-6096-48d6-bfe7-498b7c8032c0:192.168.34.62:46516], old=null
2019-10-17 07:41:51,198 [cbde3520-0cea-4357-bb04-1a0ae64b2bb1@group-7EB39FB5DF22-LeaderElection163] INFO  impl.RaftServerImpl (RaftServerImpl.java:setRole(184)) - cbde3520-0cea-4357-bb04-1a0ae64b2bb1@group-7EB39FB5DF22: changes role from CANDIDATE to FOLLOWER at term 169 for DISCOVERED_A_NEW_TERM
2019-10-17 07:41:51,198 [cbde3520-0cea-4357-bb04-1a0ae64b2bb1@group-7EB39FB5DF22-LeaderElection163] INFO  impl.RoleInfo (RoleInfo.java:shutdownLeaderElection(134)) - cbde3520-0cea-4357-bb04-1a0ae64b2bb1: shutdown LeaderElection
2019-10-17 07:41:51,198 [cbde3520-0cea-4357-bb04-1a0ae64b2bb1@group-7EB39FB5DF22-LeaderElection163] INFO  impl.RoleInfo (RoleInfo.java:updateAndGet(143)) - cbde3520-0cea-4357-bb04-1a0ae64b2bb1: start FollowerState
2019-10-17 07:41:51,213 [main] INFO  ozone.MiniOzoneClusterImpl (MiniOzoneClusterImpl.java:lambda$waitForClusterToBeReady$2(164)) - Waiting for 1 number of pipelines out of 5, to report a leader.
2019-10-17 07:41:51,272 [Thread-1300] INFO  impl.FollowerState (FollowerState.java:run(108)) - cbde3520-0cea-4357-bb04-1a0ae64b2bb1@group-7EB39FB5DF22-FollowerState: change to CANDIDATE, lastRpcTime:73ms, electionTimeout:73ms
2019-10-17 07:41:51,272 [Thread-1300] INFO  impl.RoleInfo (RoleInfo.java:shutdownFollowerState(121)) - cbde3520-0cea-4357-bb04-1a0ae64b2bb1: shutdown FollowerState
2019-10-17 07:41:51,272 [Thread-1300] INFO  impl.RaftServerImpl (RaftServerImpl.java:setRole(184)) - cbde3520-0cea-4357-bb04-1a0ae64b2bb1@group-7EB39FB5DF22: changes role from  FOLLOWER to CANDIDATE at term 169 for changeToCandidate
2019-10-17 07:41:51,272 [Thread-1300] INFO  impl.RoleInfo (RoleInfo.java:updateAndGet(143)) - cbde3520-0cea-4357-bb04-1a0ae64b2bb1: start LeaderElection
2019-10-17 07:41:51,296 [cbde3520-0cea-4357-bb04-1a0ae64b2bb1@group-7EB39FB5DF22-LeaderElection164] INFO  impl.LeaderElection (LeaderElection.java:askForVotes(178)) - cbde3520-0cea-4357-bb04-1a0ae64b2bb1@group-7EB39FB5DF22-LeaderElection164: begin an election at term 170 for -1: [40d2d32e-dd25-45df-8070-f9dc56ccf0a7:192.168.34.62:41633, cbde3520-0cea-4357-bb04-1a0ae64b2bb1:192.168.34.62:41642, 443b071d-6096-48d6-bfe7-498b7c8032c0:192.168.34.62:46516], old=null
2019-10-17 07:41:51,298 [grpc-default-executor-4] INFO  impl.RaftServerImpl (RaftServerImpl.java:setRole(184)) - 40d2d32e-dd25-45df-8070-f9dc56ccf0a7@group-7EB39FB5DF22: changes role from  FOLLOWER to FOLLOWER at term 170 for recognizeCandidate:cbde3520-0cea-4357-bb04-1a0ae64b2bb1
2019-10-17 07:41:51,299 [grpc-default-executor-4] INFO  impl.RoleInfo (RoleInfo.java:shutdownFollowerState(121)) - 40d2d32e-dd25-45df-8070-f9dc56ccf0a7: shutdown FollowerState
2019-10-17 07:41:51,299 [grpc-default-executor-1] INFO  impl.RaftServerImpl (RaftServerImpl.java:setRole(184)) - 443b071d-6096-48d6-bfe7-498b7c8032c0@group-7EB39FB5DF22: changes role from  FOLLOWER to FOLLOWER at term 170 for recognizeCandidate:cbde3520-0cea-4357-bb04-1a0ae64b2bb1
2019-10-17 07:41:51,299 [Thread-1299] INFO  impl.FollowerState (FollowerState.java:run(117)) - 40d2d32e-dd25-45df-8070-f9dc56ccf0a7@group-7EB39FB5DF22-FollowerState was interrupted: java.lang.InterruptedException: sleep interrupted
2019-10-17 07:41:51,299 [grpc-default-executor-4] INFO  impl.RoleInfo (RoleInfo.java:updateAndGet(143)) - 40d2d32e-dd25-45df-8070-f9dc56ccf0a7: start FollowerState
2019-10-17 07:41:51,299 [grpc-default-executor-1] INFO  impl.RoleInfo (RoleInfo.java:shutdownFollowerState(121)) - 443b071d-6096-48d6-bfe7-498b7c8032c0: shutdown FollowerState
2019-10-17 07:41:51,300 [grpc-default-executor-1] INFO  impl.RoleInfo (RoleInfo.java:updateAndGet(143)) - 443b071d-6096-48d6-bfe7-498b7c8032c0: start FollowerState
2019-10-17 07:41:51,300 [Thread-1298] INFO  impl.FollowerState (FollowerState.java:run(117)) - 443b071d-6096-48d6-bfe7-498b7c8032c0@group-7EB39FB5DF22-FollowerState was interrupted: java.lang.InterruptedException: sleep interrupted
2019-10-17 07:41:51,324 [cbde3520-0cea-4357-bb04-1a0ae64b2bb1@group-7EB39FB5DF22-LeaderElection164] INFO  impl.LeaderElection (LeaderElection.java:logAndReturn(56)) - cbde3520-0cea-4357-bb04-1a0ae64b2bb1@group-7EB39FB5DF22-LeaderElection164: Election REJECTED; received 2 response(s) [cbde3520-0cea-4357-bb04-1a0ae64b2bb1<-40d2d32e-dd25-45df-8070-f9dc56ccf0a7#0:FAIL-t170, cbde3520-0cea-4357-bb04-1a0ae64b2bb1<-443b071d-6096-48d6-bfe7-498b7c8032c0#0:FAIL-t170] and 0 exception(s); cbde3520-0cea-4357-bb04-1a0ae64b2bb1@group-7EB39FB5DF22:t170, leader=null, voted=cbde3520-0cea-4357-bb04-1a0ae64b2bb1, raftlog=cbde3520-0cea-4357-bb04-1a0ae64b2bb1@group-7EB39FB5DF22-SegmentedRaftLog:OPENED:c-1,f-1,i0, conf=-1: [40d2d32e-dd25-45df-8070-f9dc56ccf0a7:192.168.34.62:41633, cbde3520-0cea-4357-bb04-1a0ae64b2bb1:192.168.34.62:41642, 443b071d-6096-48d6-bfe7-498b7c8032c0:192.168.34.62:46516], old=null
2019-10-17 07:41:51,324 [cbde3520-0cea-4357-bb04-1a0ae64b2bb1@group-7EB39FB5DF22-LeaderElection164] INFO  impl.RaftServerImpl (RaftServerImpl.java:setRole(184)) - cbde3520-0cea-4357-bb04-1a0ae64b2bb1@group-7EB39FB5DF22: changes role from CANDIDATE to FOLLOWER at term 170 for DISCOVERED_A_NEW_TERM
2019-10-17 07:41:51,324 [cbde3520-0cea-4357-bb04-1a0ae64b2bb1@group-7EB39FB5DF22-LeaderElection164] INFO  impl.RoleInfo (RoleInfo.java:shutdownLeaderElection(134)) - cbde3520-0cea-4357-bb04-1a0ae64b2bb1: shutdown LeaderElection
2019-10-17 07:41:51,325 [cbde3520-0cea-4357-bb04-1a0ae64b2bb1@group-7EB39FB5DF22-LeaderElection164] INFO  impl.RoleInfo (RoleInfo.java:updateAndGet(143)) - cbde3520-0cea-4357-bb04-1a0ae64b2bb1: start FollowerState
2019-10-17 07:41:51,432 [Thread-1306] INFO  impl.FollowerState (FollowerState.java:run(108)) - cbde3520-0cea-4357-bb04-1a0ae64b2bb1@group-7EB39FB5DF22-FollowerState: change to CANDIDATE, lastRpcTime:107ms, electionTimeout:107ms
2019-10-17 07:41:51,432 [Thread-1306] INFO  impl.RoleInfo (RoleInfo.java:shutdownFollowerState(121)) - cbde3520-0cea-4357-bb04-1a0ae64b2bb1: shutdown FollowerState
2019-10-17 07:41:51,432 [Thread-1306] INFO  impl.RaftServerImpl (RaftServerImpl.java:setRole(184)) - cbde3520-0cea-4357-bb04-1a0ae64b2bb1@group-7EB39FB5DF22: changes role from  FOLLOWER to CANDIDATE at term 170 for changeToCandidate
2019-10-17 07:41:51,433 [Thread-1306] INFO  impl.RoleInfo (RoleInfo.java:updateAndGet(143)) - cbde3520-0cea-4357-bb04-1a0ae64b2bb1: start LeaderElection
2019-10-17 07:41:51,446 [cbde3520-0cea-4357-bb04-1a0ae64b2bb1@group-7EB39FB5DF22-LeaderElection165] INFO  impl.LeaderElection (LeaderElection.java:askForVotes(178)) - cbde3520-0cea-4357-bb04-1a0ae64b2bb1@group-7EB39FB5DF22-LeaderElection165: begin an election at term 171 for -1: [40d2d32e-dd25-45df-8070-f9dc56ccf0a7:192.168.34.62:41633, cbde3520-0cea-4357-bb04-1a0ae64b2bb1:192.168.34.62:41642, 443b071d-6096-48d6-bfe7-498b7c8032c0:192.168.34.62:46516], old=null
2019-10-17 07:41:51,450 [grpc-default-executor-1] INFO  impl.RaftServerImpl (RaftServerImpl.java:setRole(184)) - 40d2d32e-dd25-45df-8070-f9dc56ccf0a7@group-7EB39FB5DF22: changes role from  FOLLOWER to FOLLOWER at term 171 for recognizeCandidate:cbde3520-0cea-4357-bb04-1a0ae64b2bb1
2019-10-17 07:41:51,450 [grpc-default-executor-4] INFO  impl.RaftServerImpl (RaftServerImpl.java:setRole(184)) - 443b071d-6096-48d6-bfe7-498b7c8032c0@group-7EB39FB5DF22: changes role from  FOLLOWER to FOLLOWER at term 171 for recognizeCandidate:cbde3520-0cea-4357-bb04-1a0ae64b2bb1
2019-10-17 07:41:51,450 [grpc-default-executor-4] INFO  impl.RoleInfo (RoleInfo.java:shutdownFollowerState(121)) - 443b071d-6096-48d6-bfe7-498b7c8032c0: shutdown FollowerState
2019-10-17 07:41:51,450 [grpc-default-executor-1] INFO  impl.RoleInfo (RoleInfo.java:shutdownFollowerState(121)) - 40d2d32e-dd25-45df-8070-f9dc56ccf0a7: shutdown FollowerState
2019-10-17 07:41:51,450 [Thread-1305] INFO  impl.FollowerState (FollowerState.java:run(117)) - 443b071d-6096-48d6-bfe7-498b7c8032c0@group-7EB39FB5DF22-FollowerState was interrupted: java.lang.InterruptedException: sleep interrupted
2019-10-17 07:41:51,450 [grpc-default-executor-4] INFO  impl.RoleInfo (RoleInfo.java:updateAndGet(143)) - 443b071d-6096-48d6-bfe7-498b7c8032c0: start FollowerState
2019-10-17 07:41:51,451 [Thread-1304] INFO  impl.FollowerState (FollowerState.java:run(117)) - 40d2d32e-dd25-45df-8070-f9dc56ccf0a7@group-7EB39FB5DF22-FollowerState was interrupted: java.lang.InterruptedException: sleep interrupted
2019-10-17 07:41:51,451 [grpc-default-executor-1] INFO  impl.RoleInfo (RoleInfo.java:updateAndGet(143)) - 40d2d32e-dd25-45df-8070-f9dc56ccf0a7: start FollowerState
2019-10-17 07:41:51,474 [cbde3520-0cea-4357-bb04-1a0ae64b2bb1@group-7EB39FB5DF22-LeaderElection165] INFO  impl.LeaderElection (LeaderElection.java:logAndReturn(56)) - cbde3520-0cea-4357-bb04-1a0ae64b2bb1@group-7EB39FB5DF22-LeaderElection165: Election REJECTED; received 2 response(s) [cbde3520-0cea-4357-bb04-1a0ae64b2bb1<-40d2d32e-dd25-45df-8070-f9dc56ccf0a7#0:FAIL-t171, cbde3520-0cea-4357-bb04-1a0ae64b2bb1<-443b071d-6096-48d6-bfe7-498b7c8032c0#0:FAIL-t171] and 0 exception(s); cbde3520-0cea-4357-bb04-1a0ae64b2bb1@group-7EB39FB5DF22:t171, leader=null, voted=cbde3520-0cea-4357-bb04-1a0ae64b2bb1, raftlog=cbde3520-0cea-4357-bb04-1a0ae64b2bb1@group-7EB39FB5DF22-SegmentedRaftLog:OPENED:c-1,f-1,i0, conf=-1: [40d2d32e-dd25-45df-8070-f9dc56ccf0a7:192.168.34.62:41633, cbde3520-0cea-4357-bb04-1a0ae64b2bb1:192.168.34.62:41642, 443b071d-6096-48d6-bfe7-498b7c8032c0:192.168.34.62:46516], old=null
2019-10-17 07:41:51,475 [cbde3520-0cea-4357-bb04-1a0ae64b2bb1@group-7EB39FB5DF22-LeaderElection165] INFO  impl.RaftServerImpl (RaftServerImpl.java:setRole(184)) - cbde3520-0cea-4357-bb04-1a0ae64b2bb1@group-7EB39FB5DF22: changes role from CANDIDATE to FOLLOWER at term 171 for DISCOVERED_A_NEW_TERM
2019-10-17 07:41:51,475 [cbde3520-0cea-4357-bb04-1a0ae64b2bb1@group-7EB39FB5DF22-LeaderElection165] INFO  impl.RoleInfo (RoleInfo.java:shutdownLeaderElection(134)) - cbde3520-0cea-4357-bb04-1a0ae64b2bb1: shutdown LeaderElection
2019-10-17 07:41:51,475 [cbde3520-0cea-4357-bb04-1a0ae64b2bb1@group-7EB39FB5DF22-LeaderElection165] INFO  impl.RoleInfo (RoleInfo.java:updateAndGet(143)) - cbde3520-0cea-4357-bb04-1a0ae64b2bb1: start FollowerState
2019-10-17 07:41:51,547 [Thread-1312] INFO  impl.FollowerState (FollowerState.java:run(108)) - cbde3520-0cea-4357-bb04-1a0ae64b2bb1@group-7EB39FB5DF22-FollowerState: change to CANDIDATE, lastRpcTime:72ms, electionTimeout:72ms
2019-10-17 07:41:51,548 [Thread-1312] INFO  impl.RoleInfo (RoleInfo.java:shutdownFollowerState(121)) - cbde3520-0cea-4357-bb04-1a0ae64b2bb1: shutdown FollowerState
2019-10-17 07:41:51,548 [Thread-1312] INFO  impl.RaftServerImpl (RaftServerImpl.java:setRole(184)) - cbde3520-0cea-4357-bb04-1a0ae64b2bb1@group-7EB39FB5DF22: changes role from  FOLLOWER to CANDIDATE at term 171 for changeToCandidate
2019-10-17 07:41:51,548 [Thread-1312] INFO  impl.RoleInfo (RoleInfo.java:updateAndGet(143)) - cbde3520-0cea-4357-bb04-1a0ae64b2bb1: start LeaderElection
2019-10-17 07:41:51,572 [cbde3520-0cea-4357-bb04-1a0ae64b2bb1@group-7EB39FB5DF22-LeaderElection166] INFO  impl.LeaderElection (LeaderElection.java:askForVotes(178)) - cbde3520-0cea-4357-bb04-1a0ae64b2bb1@group-7EB39FB5DF22-LeaderElection166: begin an election at term 172 for -1: [40d2d32e-dd25-45df-8070-f9dc56ccf0a7:192.168.34.62:41633, cbde3520-0cea-4357-bb04-1a0ae64b2bb1:192.168.34.62:41642, 443b071d-6096-48d6-bfe7-498b7c8032c0:192.168.34.62:46516], old=null
2019-10-17 07:41:51,574 [grpc-default-executor-1] INFO  impl.RaftServerImpl (RaftServerImpl.java:setRole(184)) - 40d2d32e-dd25-45df-8070-f9dc56ccf0a7@group-7EB39FB5DF22: changes role from  FOLLOWER to FOLLOWER at term 172 for recognizeCandidate:cbde3520-0cea-4357-bb04-1a0ae64b2bb1
2019-10-17 07:41:51,574 [grpc-default-executor-1] INFO  impl.RoleInfo (RoleInfo.java:shutdownFollowerState(121)) - 40d2d32e-dd25-45df-8070-f9dc56ccf0a7: shutdown FollowerState
2019-10-17 07:41:51,574 [grpc-default-executor-1] INFO  impl.RoleInfo (RoleInfo.java:updateAndGet(143)) - 40d2d32e-dd25-45df-8070-f9dc56ccf0a7: start FollowerState
2019-10-17 07:41:51,575 [grpc-default-executor-4] INFO  impl.RaftServerImpl (RaftServerImpl.java:setRole(184)) - 443b071d-6096-48d6-bfe7-498b7c8032c0@group-7EB39FB5DF22: changes role from  FOLLOWER to FOLLOWER at term 172 for recognizeCandidate:cbde3520-0cea-4357-bb04-1a0ae64b2bb1
2019-10-17 07:41:51,575 [grpc-default-executor-4] INFO  impl.RoleInfo (RoleInfo.java:shutdownFollowerState(121)) - 443b071d-6096-48d6-bfe7-498b7c8032c0: shutdown FollowerState
2019-10-17 07:41:51,574 [Thread-1311] INFO  impl.FollowerState (FollowerState.java:run(117)) - 40d2d32e-dd25-45df-8070-f9dc56ccf0a7@group-7EB39FB5DF22-FollowerState was interrupted: java.lang.InterruptedException: sleep interrupted
2019-10-17 07:41:51,575 [Thread-1310] INFO  impl.FollowerState (FollowerState.java:run(117)) - 443b071d-6096-48d6-bfe7-498b7c8032c0@group-7EB39FB5DF22-FollowerState was interrupted: java.lang.InterruptedException: sleep interrupted
2019-10-17 07:41:51,575 [grpc-default-executor-4] INFO  impl.RoleInfo (RoleInfo.java:updateAndGet(143)) - 443b071d-6096-48d6-bfe7-498b7c8032c0: start FollowerState
2019-10-17 07:41:51,589 [cbde3520-0cea-4357-bb04-1a0ae64b2bb1@group-7EB39FB5DF22-LeaderElection166] INFO  impl.LeaderElection (LeaderElection.java:logAndReturn(56)) - cbde3520-0cea-4357-bb04-1a0ae64b2bb1@group-7EB39FB5DF22-LeaderElection166: Election REJECTED; received 2 response(s) [cbde3520-0cea-4357-bb04-1a0ae64b2bb1<-40d2d32e-dd25-45df-8070-f9dc56ccf0a7#0:FAIL-t172, cbde3520-0cea-4357-bb04-1a0ae64b2bb1<-443b071d-6096-48d6-bfe7-498b7c8032c0#0:FAIL-t172] and 0 exception(s); cbde3520-0cea-4357-bb04-1a0ae64b2bb1@group-7EB39FB5DF22:t172, leader=null, voted=cbde3520-0cea-4357-bb04-1a0ae64b2bb1, raftlog=cbde3520-0cea-4357-bb04-1a0ae64b2bb1@group-7EB39FB5DF22-SegmentedRaftLog:OPENED:c-1,f-1,i0, conf=-1: [40d2d32e-dd25-45df-8070-f9dc56ccf0a7:192.168.34.62:41633, cbde3520-0cea-4357-bb04-1a0ae64b2bb1:192.168.34.62:41642, 443b071d-6096-48d6-bfe7-498b7c8032c0:192.168.34.62:46516], old=null
2019-10-17 07:41:51,589 [cbde3520-0cea-4357-bb04-1a0ae64b2bb1@group-7EB39FB5DF22-LeaderElection166] INFO  impl.RaftServerImpl (RaftServerImpl.java:setRole(184)) - cbde3520-0cea-4357-bb04-1a0ae64b2bb1@group-7EB39FB5DF22: changes role from CANDIDATE to FOLLOWER at term 172 for DISCOVERED_A_NEW_TERM
2019-10-17 07:41:51,589 [cbde3520-0cea-4357-bb04-1a0ae64b2bb1@group-7EB39FB5DF22-LeaderElection166] INFO  impl.RoleInfo (RoleInfo.java:shutdownLeaderElection(134)) - cbde3520-0cea-4357-bb04-1a0ae64b2bb1: shutdown LeaderElection
2019-10-17 07:41:51,590 [cbde3520-0cea-4357-bb04-1a0ae64b2bb1@group-7EB39FB5DF22-LeaderElection166] INFO  impl.RoleInfo (RoleInfo.java:updateAndGet(143)) - cbde3520-0cea-4357-bb04-1a0ae64b2bb1: start FollowerState
2019-10-17 07:41:51,636 [Thread-1318] INFO  impl.FollowerState (FollowerState.java:run(108)) - cbde3520-0cea-4357-bb04-1a0ae64b2bb1@group-7EB39FB5DF22-FollowerState: change to CANDIDATE, lastRpcTime:46ms, electionTimeout:46ms
2019-10-17 07:41:51,636 [Thread-1318] INFO  impl.RoleInfo (RoleInfo.java:shutdownFollowerState(121)) - cbde3520-0cea-4357-bb04-1a0ae64b2bb1: shutdown FollowerState
2019-10-17 07:41:51,636 [Thread-1318] INFO  impl.RaftServerImpl (RaftServerImpl.java:setRole(184)) - cbde3520-0cea-4357-bb04-1a0ae64b2bb1@group-7EB39FB5DF22: changes role from  FOLLOWER to CANDIDATE at term 172 for changeToCandidate
2019-10-17 07:41:51,637 [Thread-1318] INFO  impl.RoleInfo (RoleInfo.java:updateAndGet(143)) - cbde3520-0cea-4357-bb04-1a0ae64b2bb1: start LeaderElection
2019-10-17 07:41:51,662 [cbde3520-0cea-4357-bb04-1a0ae64b2bb1@group-7EB39FB5DF22-LeaderElection167] INFO  impl.LeaderElection (LeaderElection.java:askForVotes(178)) - cbde3520-0cea-4357-bb04-1a0ae64b2bb1@group-7EB39FB5DF22-LeaderElection167: begin an election at term 173 for -1: [40d2d32e-dd25-45df-8070-f9dc56ccf0a7:192.168.34.62:41633, cbde3520-0cea-4357-bb04-1a0ae64b2bb1:192.168.34.62:41642, 443b071d-6096-48d6-bfe7-498b7c8032c0:192.168.34.62:46516], old=null
2019-10-17 07:41:51,664 [grpc-default-executor-4] INFO  impl.RaftServerImpl (RaftServerImpl.java:setRole(184)) - 40d2d32e-dd25-45df-8070-f9dc56ccf0a7@group-7EB39FB5DF22: changes role from  FOLLOWER to FOLLOWER at term 173 for recognizeCandidate:cbde3520-0cea-4357-bb04-1a0ae64b2bb1
2019-10-17 07:41:51,664 [grpc-default-executor-4] INFO  impl.RoleInfo (RoleInfo.java:shutdownFollowerState(121)) - 40d2d32e-dd25-45df-8070-f9dc56ccf0a7: shutdown FollowerState
2019-10-17 07:41:51,664 [grpc-default-executor-1] INFO  impl.RaftServerImpl (RaftServerImpl.java:setRole(184)) - 443b071d-6096-48d6-bfe7-498b7c8032c0@group-7EB39FB5DF22: changes role from  FOLLOWER to FOLLOWER at term 173 for recognizeCandidate:cbde3520-0cea-4357-bb04-1a0ae64b2bb1
2019-10-17 07:41:51,664 [grpc-default-executor-1] INFO  impl.RoleInfo (RoleInfo.java:shutdownFollowerState(121)) - 443b071d-6096-48d6-bfe7-498b7c8032c0: shutdown FollowerState
2019-10-17 07:41:51,664 [Thread-1316] INFO  impl.FollowerState (FollowerState.java:run(117)) - 40d2d32e-dd25-45df-8070-f9dc56ccf0a7@group-7EB39FB5DF22-FollowerState was interrupted: java.lang.InterruptedException: sleep interrupted
2019-10-17 07:41:51,664 [grpc-default-executor-4] INFO  impl.RoleInfo (RoleInfo.java:updateAndGet(143)) - 40d2d32e-dd25-45df-8070-f9dc56ccf0a7: start FollowerState
2019-10-17 07:41:51,665 [Thread-1317] INFO  impl.FollowerState (FollowerState.java:run(117)) - 443b071d-6096-48d6-bfe7-498b7c8032c0@group-7EB39FB5DF22-FollowerState was interrupted: java.lang.InterruptedException: sleep interrupted
2019-10-17 07:41:51,665 [grpc-default-executor-1] INFO  impl.RoleInfo (RoleInfo.java:updateAndGet(143)) - 443b071d-6096-48d6-bfe7-498b7c8032c0: start FollowerState
2019-10-17 07:41:51,679 [cbde3520-0cea-4357-bb04-1a0ae64b2bb1@group-7EB39FB5DF22-LeaderElection167] INFO  impl.LeaderElection (LeaderElection.java:logAndReturn(56)) - cbde3520-0cea-4357-bb04-1a0ae64b2bb1@group-7EB39FB5DF22-LeaderElection167: Election REJECTED; received 2 response(s) [cbde3520-0cea-4357-bb04-1a0ae64b2bb1<-40d2d32e-dd25-45df-8070-f9dc56ccf0a7#0:FAIL-t173, cbde3520-0cea-4357-bb04-1a0ae64b2bb1<-443b071d-6096-48d6-bfe7-498b7c8032c0#0:FAIL-t173] and 0 exception(s); cbde3520-0cea-4357-bb04-1a0ae64b2bb1@group-7EB39FB5DF22:t173, leader=null, voted=cbde3520-0cea-4357-bb04-1a0ae64b2bb1, raftlog=cbde3520-0cea-4357-bb04-1a0ae64b2bb1@group-7EB39FB5DF22-SegmentedRaftLog:OPENED:c-1,f-1,i0, conf=-1: [40d2d32e-dd25-45df-8070-f9dc56ccf0a7:192.168.34.62:41633, cbde3520-0cea-4357-bb04-1a0ae64b2bb1:192.168.34.62:41642, 443b071d-6096-48d6-bfe7-498b7c8032c0:192.168.34.62:46516], old=null
2019-10-17 07:41:51,679 [cbde3520-0cea-4357-bb04-1a0ae64b2bb1@group-7EB39FB5DF22-LeaderElection167] INFO  impl.RaftServerImpl (RaftServerImpl.java:setRole(184)) - cbde3520-0cea-4357-bb04-1a0ae64b2bb1@group-7EB39FB5DF22: changes role from CANDIDATE to FOLLOWER at term 173 for DISCOVERED_A_NEW_TERM
2019-10-17 07:41:51,679 [cbde3520-0cea-4357-bb04-1a0ae64b2bb1@group-7EB39FB5DF22-LeaderElection167] INFO  impl.RoleInfo (RoleInfo.java:shutdownLeaderElection(134)) - cbde3520-0cea-4357-bb04-1a0ae64b2bb1: shutdown LeaderElection
2019-10-17 07:41:51,679 [cbde3520-0cea-4357-bb04-1a0ae64b2bb1@group-7EB39FB5DF22-LeaderElection167] INFO  impl.RoleInfo (RoleInfo.java:updateAndGet(143)) - cbde3520-0cea-4357-bb04-1a0ae64b2bb1: start FollowerState
2019-10-17 07:41:51,706 [Thread-1324] INFO  impl.FollowerState (FollowerState.java:run(108)) - cbde3520-0cea-4357-bb04-1a0ae64b2bb1@group-7EB39FB5DF22-FollowerState: change to CANDIDATE, lastRpcTime:26ms, electionTimeout:26ms
2019-10-17 07:41:51,706 [Thread-1324] INFO  impl.RoleInfo (RoleInfo.java:shutdownFollowerState(121)) - cbde3520-0cea-4357-bb04-1a0ae64b2bb1: shutdown FollowerState
2019-10-17 07:41:51,706 [Thread-1324] INFO  impl.RaftServerImpl (RaftServerImpl.java:setRole(184)) - cbde3520-0cea-4357-bb04-1a0ae64b2bb1@group-7EB39FB5DF22: changes role from  FOLLOWER to CANDIDATE at term 173 for changeToCandidate
2019-10-17 07:41:51,706 [Thread-1324] INFO  impl.RoleInfo (RoleInfo.java:updateAndGet(143)) - cbde3520-0cea-4357-bb04-1a0ae64b2bb1: start LeaderElection
2019-10-17 07:41:51,730 [cbde3520-0cea-4357-bb04-1a0ae64b2bb1@group-7EB39FB5DF22-LeaderElection168] INFO  impl.LeaderElection (LeaderElection.java:askForVotes(178)) - cbde3520-0cea-4357-bb04-1a0ae64b2bb1@group-7EB39FB5DF22-LeaderElection168: begin an election at term 174 for -1: [40d2d32e-dd25-45df-8070-f9dc56ccf0a7:192.168.34.62:41633, cbde3520-0cea-4357-bb04-1a0ae64b2bb1:192.168.34.62:41642, 443b071d-6096-48d6-bfe7-498b7c8032c0:192.168.34.62:46516], old=null
2019-10-17 07:41:51,732 [grpc-default-executor-1] INFO  impl.RaftServerImpl (RaftServerImpl.java:setRole(184)) - 40d2d32e-dd25-45df-8070-f9dc56ccf0a7@group-7EB39FB5DF22: changes role from  FOLLOWER to FOLLOWER at term 174 for recognizeCandidate:cbde3520-0cea-4357-bb04-1a0ae64b2bb1
2019-10-17 07:41:51,732 [grpc-default-executor-1] INFO  impl.RoleInfo (RoleInfo.java:shutdownFollowerState(121)) - 40d2d32e-dd25-45df-8070-f9dc56ccf0a7: shutdown FollowerState
2019-10-17 07:41:51,733 [grpc-default-executor-4] INFO  impl.RaftServerImpl (RaftServerImpl.java:setRole(184)) - 443b071d-6096-48d6-bfe7-498b7c8032c0@group-7EB39FB5DF22: changes role from  FOLLOWER to FOLLOWER at term 174 for recognizeCandidate:cbde3520-0cea-4357-bb04-1a0ae64b2bb1
2019-10-17 07:41:51,733 [grpc-default-executor-1] INFO  impl.RoleInfo (RoleInfo.java:updateAndGet(143)) - 40d2d32e-dd25-45df-8070-f9dc56ccf0a7: start FollowerState
2019-10-17 07:41:51,733 [grpc-default-executor-4] INFO  impl.RoleInfo (RoleInfo.java:shutdownFollowerState(121)) - 443b071d-6096-48d6-bfe7-498b7c8032c0: shutdown FollowerState
2019-10-17 07:41:51,733 [Thread-1322] INFO  impl.FollowerState (FollowerState.java:run(117)) - 40d2d32e-dd25-45df-8070-f9dc56ccf0a7@group-7EB39FB5DF22-FollowerState was interrupted: java.lang.InterruptedException: sleep interrupted
2019-10-17 07:41:51,733 [Thread-1323] INFO  impl.FollowerState (FollowerState.java:run(117)) - 443b071d-6096-48d6-bfe7-498b7c8032c0@group-7EB39FB5DF22-FollowerState was interrupted: java.lang.InterruptedException: sleep interrupted
2019-10-17 07:41:51,733 [grpc-default-executor-4] INFO  impl.RoleInfo (RoleInfo.java:updateAndGet(143)) - 443b071d-6096-48d6-bfe7-498b7c8032c0: start FollowerState
2019-10-17 07:41:51,748 [cbde3520-0cea-4357-bb04-1a0ae64b2bb1@group-7EB39FB5DF22-LeaderElection168] INFO  impl.LeaderElection (LeaderElection.java:logAndReturn(56)) - cbde3520-0cea-4357-bb04-1a0ae64b2bb1@group-7EB39FB5DF22-LeaderElection168: Election REJECTED; received 2 response(s) [cbde3520-0cea-4357-bb04-1a0ae64b2bb1<-40d2d32e-dd25-45df-8070-f9dc56ccf0a7#0:FAIL-t174, cbde3520-0cea-4357-bb04-1a0ae64b2bb1<-443b071d-6096-48d6-bfe7-498b7c8032c0#0:FAIL-t174] and 0 exception(s); cbde3520-0cea-4357-bb04-1a0ae64b2bb1@group-7EB39FB5DF22:t174, leader=null, voted=cbde3520-0cea-4357-bb04-1a0ae64b2bb1, raftlog=cbde3520-0cea-4357-bb04-1a0ae64b2bb1@group-7EB39FB5DF22-SegmentedRaftLog:OPENED:c-1,f-1,i0, conf=-1: [40d2d32e-dd25-45df-8070-f9dc56ccf0a7:192.168.34.62:41633, cbde3520-0cea-4357-bb04-1a0ae64b2bb1:192.168.34.62:41642, 443b071d-6096-48d6-bfe7-498b7c8032c0:192.168.34.62:46516], old=null
2019-10-17 07:41:51,749 [cbde3520-0cea-4357-bb04-1a0ae64b2bb1@group-7EB39FB5DF22-LeaderElection168] INFO  impl.RaftServerImpl (RaftServerImpl.java:setRole(184)) - cbde3520-0cea-4357-bb04-1a0ae64b2bb1@group-7EB39FB5DF22: changes role from CANDIDATE to FOLLOWER at term 174 for DISCOVERED_A_NEW_TERM
2019-10-17 07:41:51,749 [cbde3520-0cea-4357-bb04-1a0ae64b2bb1@group-7EB39FB5DF22-LeaderElection168] INFO  impl.RoleInfo (RoleInfo.java:shutdownLeaderElection(134)) - cbde3520-0cea-4357-bb04-1a0ae64b2bb1: shutdown LeaderElection
2019-10-17 07:41:51,749 [cbde3520-0cea-4357-bb04-1a0ae64b2bb1@group-7EB39FB5DF22-LeaderElection168] INFO  impl.RoleInfo (RoleInfo.java:updateAndGet(143)) - cbde3520-0cea-4357-bb04-1a0ae64b2bb1: start FollowerState
2019-10-17 07:41:51,756 [Thread-1330] INFO  impl.FollowerState (FollowerState.java:run(108)) - cbde3520-0cea-4357-bb04-1a0ae64b2bb1@group-7EB39FB5DF22-FollowerState: change to CANDIDATE, lastRpcTime:6ms, electionTimeout:6ms
2019-10-17 07:41:51,756 [Thread-1330] INFO  impl.RoleInfo (RoleInfo.java:shutdownFollowerState(121)) - cbde3520-0cea-4357-bb04-1a0ae64b2bb1: shutdown FollowerState
2019-10-17 07:41:51,756 [Thread-1330] INFO  impl.RaftServerImpl (RaftServerImpl.java:setRole(184)) - cbde3520-0cea-4357-bb04-1a0ae64b2bb1@group-7EB39FB5DF22: changes role from  FOLLOWER to CANDIDATE at term 174 for changeToCandidate
2019-10-17 07:41:51,756 [Thread-1330] INFO  impl.RoleInfo (RoleInfo.java:updateAndGet(143)) - cbde3520-0cea-4357-bb04-1a0ae64b2bb1: start LeaderElection
2019-10-17 07:41:51,780 [cbde3520-0cea-4357-bb04-1a0ae64b2bb1@group-7EB39FB5DF22-LeaderElection169] INFO  impl.LeaderElection (LeaderElection.java:askForVotes(178)) - cbde3520-0cea-4357-bb04-1a0ae64b2bb1@group-7EB39FB5DF22-LeaderElection169: begin an election at term 175 for -1: [40d2d32e-dd25-45df-8070-f9dc56ccf0a7:192.168.34.62:41633, cbde3520-0cea-4357-bb04-1a0ae64b2bb1:192.168.34.62:41642, 443b071d-6096-48d6-bfe7-498b7c8032c0:192.168.34.62:46516], old=null
2019-10-17 07:41:51,782 [grpc-default-executor-1] INFO  impl.RaftServerImpl (RaftServerImpl.java:setRole(184)) - 40d2d32e-dd25-45df-8070-f9dc56ccf0a7@group-7EB39FB5DF22: changes role from  FOLLOWER to FOLLOWER at term 175 for recognizeCandidate:cbde3520-0cea-4357-bb04-1a0ae64b2bb1
2019-10-17 07:41:51,782 [grpc-default-executor-1] INFO  impl.RoleInfo (RoleInfo.java:shutdownFollowerState(121)) - 40d2d32e-dd25-45df-8070-f9dc56ccf0a7: shutdown FollowerState
2019-10-17 07:41:51,782 [grpc-default-executor-4] INFO  impl.RaftServerImpl (RaftServerImpl.java:setRole(184)) - 443b071d-6096-48d6-bfe7-498b7c8032c0@group-7EB39FB5DF22: changes role from  FOLLOWER to FOLLOWER at term 175 for recognizeCandidate:cbde3520-0cea-4357-bb04-1a0ae64b2bb1
2019-10-17 07:41:51,782 [Thread-1328] INFO  impl.FollowerState (FollowerState.java:run(117)) - 40d2d32e-dd25-45df-8070-f9dc56ccf0a7@group-7EB39FB5DF22-FollowerState was interrupted: java.lang.InterruptedException: sleep interrupted
2019-10-17 07:41:51,782 [grpc-default-executor-1] INFO  impl.RoleInfo (RoleInfo.java:updateAndGet(143)) - 40d2d32e-dd25-45df-8070-f9dc56ccf0a7: start FollowerState
2019-10-17 07:41:51,782 [grpc-default-executor-4] INFO  impl.RoleInfo (RoleInfo.java:shutdownFollowerState(121)) - 443b071d-6096-48d6-bfe7-498b7c8032c0: shutdown FollowerState
2019-10-17 07:41:51,783 [grpc-default-executor-4] INFO  impl.RoleInfo (RoleInfo.java:updateAndGet(143)) - 443b071d-6096-48d6-bfe7-498b7c8032c0: start FollowerState
2019-10-17 07:41:51,783 [Thread-1329] INFO  impl.FollowerState (FollowerState.java:run(117)) - 443b071d-6096-48d6-bfe7-498b7c8032c0@group-7EB39FB5DF22-FollowerState was interrupted: java.lang.InterruptedException: sleep interrupted
2019-10-17 07:41:51,799 [cbde3520-0cea-4357-bb04-1a0ae64b2bb1@group-7EB39FB5DF22-LeaderElection169] INFO  impl.LeaderElection (LeaderElection.java:logAndReturn(56)) - cbde3520-0cea-4357-bb04-1a0ae64b2bb1@group-7EB39FB5DF22-LeaderElection169: Election TIMEOUT; received 0 response(s) [] and 0 exception(s); cbde3520-0cea-4357-bb04-1a0ae64b2bb1@group-7EB39FB5DF22:t175, leader=null, voted=cbde3520-0cea-4357-bb04-1a0ae64b2bb1, raftlog=cbde3520-0cea-4357-bb04-1a0ae64b2bb1@group-7EB39FB5DF22-SegmentedRaftLog:OPENED:c-1,f-1,i0, conf=-1: [40d2d32e-dd25-45df-8070-f9dc56ccf0a7:192.168.34.62:41633, cbde3520-0cea-4357-bb04-1a0ae64b2bb1:192.168.34.62:41642, 443b071d-6096-48d6-bfe7-498b7c8032c0:192.168.34.62:46516], old=null
2019-10-17 07:41:51,828 [cbde3520-0cea-4357-bb04-1a0ae64b2bb1@group-7EB39FB5DF22-LeaderElection169] INFO  impl.LeaderElection (LeaderElection.java:askForVotes(178)) - cbde3520-0cea-4357-bb04-1a0ae64b2bb1@group-7EB39FB5DF22-LeaderElection169: begin an election at term 176 for -1: [40d2d32e-dd25-45df-8070-f9dc56ccf0a7:192.168.34.62:41633, cbde3520-0cea-4357-bb04-1a0ae64b2bb1:192.168.34.62:41642, 443b071d-6096-48d6-bfe7-498b7c8032c0:192.168.34.62:46516], old=null
2019-10-17 07:41:51,831 [grpc-default-executor-4] INFO  impl.RaftServerImpl (RaftServerImpl.java:setRole(184)) - 40d2d32e-dd25-45df-8070-f9dc56ccf0a7@group-7EB39FB5DF22: changes role from  FOLLOWER to FOLLOWER at term 176 for recognizeCandidate:cbde3520-0cea-4357-bb04-1a0ae64b2bb1
2019-10-17 07:41:51,831 [grpc-default-executor-4] INFO  impl.RoleInfo (RoleInfo.java:shutdownFollowerState(121)) - 40d2d32e-dd25-45df-8070-f9dc56ccf0a7: shutdown FollowerState
2019-10-17 07:41:51,831 [grpc-default-executor-4] INFO  impl.RoleInfo (RoleInfo.java:updateAndGet(143)) - 40d2d32e-dd25-45df-8070-f9dc56ccf0a7: start FollowerState
2019-10-17 07:41:51,831 [Thread-1334] INFO  impl.FollowerState (FollowerState.java:run(117)) - 40d2d32e-dd25-45df-8070-f9dc56ccf0a7@group-7EB39FB5DF22-FollowerState was interrupted: java.lang.InterruptedException: sleep interrupted
2019-10-17 07:41:51,832 [grpc-default-executor-1] INFO  impl.RaftServerImpl (RaftServerImpl.java:setRole(184)) - 443b071d-6096-48d6-bfe7-498b7c8032c0@group-7EB39FB5DF22: changes role from  FOLLOWER to FOLLOWER at term 176 for recognizeCandidate:cbde3520-0cea-4357-bb04-1a0ae64b2bb1
2019-10-17 07:41:51,832 [grpc-default-executor-1] INFO  impl.RoleInfo (RoleInfo.java:shutdownFollowerState(121)) - 443b071d-6096-48d6-bfe7-498b7c8032c0: shutdown FollowerState
2019-10-17 07:41:51,832 [grpc-default-executor-1] INFO  impl.RoleInfo (RoleInfo.java:updateAndGet(143)) - 443b071d-6096-48d6-bfe7-498b7c8032c0: start FollowerState
2019-10-17 07:41:51,832 [Thread-1335] INFO  impl.FollowerState (FollowerState.java:run(117)) - 443b071d-6096-48d6-bfe7-498b7c8032c0@group-7EB39FB5DF22-FollowerState was interrupted: java.lang.InterruptedException: sleep interrupted
2019-10-17 07:41:51,856 [cbde3520-0cea-4357-bb04-1a0ae64b2bb1@group-7EB39FB5DF22-LeaderElection169] INFO  impl.LeaderElection (LeaderElection.java:logAndReturn(56)) - cbde3520-0cea-4357-bb04-1a0ae64b2bb1@group-7EB39FB5DF22-LeaderElection169: Election REJECTED; received 2 response(s) [cbde3520-0cea-4357-bb04-1a0ae64b2bb1<-40d2d32e-dd25-45df-8070-f9dc56ccf0a7#0:FAIL-t176, cbde3520-0cea-4357-bb04-1a0ae64b2bb1<-443b071d-6096-48d6-bfe7-498b7c8032c0#0:FAIL-t176] and 0 exception(s); cbde3520-0cea-4357-bb04-1a0ae64b2bb1@group-7EB39FB5DF22:t176, leader=null, voted=cbde3520-0cea-4357-bb04-1a0ae64b2bb1, raftlog=cbde3520-0cea-4357-bb04-1a0ae64b2bb1@group-7EB39FB5DF22-SegmentedRaftLog:OPENED:c-1,f-1,i0, conf=-1: [40d2d32e-dd25-45df-8070-f9dc56ccf0a7:192.168.34.62:41633, cbde3520-0cea-4357-bb04-1a0ae64b2bb1:192.168.34.62:41642, 443b071d-6096-48d6-bfe7-498b7c8032c0:192.168.34.62:46516], old=null
2019-10-17 07:41:51,856 [cbde3520-0cea-4357-bb04-1a0ae64b2bb1@group-7EB39FB5DF22-LeaderElection169] INFO  impl.RaftServerImpl (RaftServerImpl.java:setRole(184)) - cbde3520-0cea-4357-bb04-1a0ae64b2bb1@group-7EB39FB5DF22: changes role from CANDIDATE to FOLLOWER at term 176 for DISCOVERED_A_NEW_TERM
2019-10-17 07:41:51,856 [cbde3520-0cea-4357-bb04-1a0ae64b2bb1@group-7EB39FB5DF22-LeaderElection169] INFO  impl.RoleInfo (RoleInfo.java:shutdownLeaderElection(134)) - cbde3520-0cea-4357-bb04-1a0ae64b2bb1: shutdown LeaderElection
2019-10-17 07:41:51,856 [cbde3520-0cea-4357-bb04-1a0ae64b2bb1@group-7EB39FB5DF22-LeaderElection169] INFO  impl.RoleInfo (RoleInfo.java:updateAndGet(143)) - cbde3520-0cea-4357-bb04-1a0ae64b2bb1: start FollowerState
2019-10-17 07:41:52,018 [Thread-1340] INFO  impl.FollowerState (FollowerState.java:run(108)) - cbde3520-0cea-4357-bb04-1a0ae64b2bb1@group-7EB39FB5DF22-FollowerState: change to CANDIDATE, lastRpcTime:161ms, electionTimeout:161ms
2019-10-17 07:41:52,018 [Thread-1340] INFO  impl.RoleInfo (RoleInfo.java:shutdownFollowerState(121)) - cbde3520-0cea-4357-bb04-1a0ae64b2bb1: shutdown FollowerState
2019-10-17 07:41:52,018 [Thread-1340] INFO  impl.RaftServerImpl (RaftServerImpl.java:setRole(184)) - cbde3520-0cea-4357-bb04-1a0ae64b2bb1@group-7EB39FB5DF22: changes role from  FOLLOWER to CANDIDATE at term 176 for changeToCandidate
2019-10-17 07:41:52,019 [Thread-1340] INFO  impl.RoleInfo (RoleInfo.java:updateAndGet(143)) - cbde3520-0cea-4357-bb04-1a0ae64b2bb1: start LeaderElection
2019-10-17 07:41:52,060 [cbde3520-0cea-4357-bb04-1a0ae64b2bb1@group-7EB39FB5DF22-LeaderElection170] INFO  impl.LeaderElection (LeaderElection.java:askForVotes(178)) - cbde3520-0cea-4357-bb04-1a0ae64b2bb1@group-7EB39FB5DF22-LeaderElection170: begin an election at term 177 for -1: [40d2d32e-dd25-45df-8070-f9dc56ccf0a7:192.168.34.62:41633, cbde3520-0cea-4357-bb04-1a0ae64b2bb1:192.168.34.62:41642, 443b071d-6096-48d6-bfe7-498b7c8032c0:192.168.34.62:46516], old=null
2019-10-17 07:41:52,063 [grpc-default-executor-1] INFO  impl.RaftServerImpl (RaftServerImpl.java:setRole(184)) - 443b071d-6096-48d6-bfe7-498b7c8032c0@group-7EB39FB5DF22: changes role from  FOLLOWER to FOLLOWER at term 177 for recognizeCandidate:cbde3520-0cea-4357-bb04-1a0ae64b2bb1
2019-10-17 07:41:52,063 [grpc-default-executor-1] INFO  impl.RoleInfo (RoleInfo.java:shutdownFollowerState(121)) - 443b071d-6096-48d6-bfe7-498b7c8032c0: shutdown FollowerState
2019-10-17 07:41:52,064 [grpc-default-executor-4] INFO  impl.RaftServerImpl (RaftServerImpl.java:setRole(184)) - 40d2d32e-dd25-45df-8070-f9dc56ccf0a7@group-7EB39FB5DF22: changes role from  FOLLOWER to FOLLOWER at term 177 for recognizeCandidate:cbde3520-0cea-4357-bb04-1a0ae64b2bb1
2019-10-17 07:41:52,064 [Thread-1339] INFO  impl.FollowerState (FollowerState.java:run(117)) - 443b071d-6096-48d6-bfe7-498b7c8032c0@group-7EB39FB5DF22-FollowerState was interrupted: java.lang.InterruptedException: sleep interrupted
2019-10-17 07:41:52,064 [grpc-default-executor-1] INFO  impl.RoleInfo (RoleInfo.java:updateAndGet(143)) - 443b071d-6096-48d6-bfe7-498b7c8032c0: start FollowerState
2019-10-17 07:41:52,064 [grpc-default-executor-4] INFO  impl.RoleInfo (RoleInfo.java:shutdownFollowerState(121)) - 40d2d32e-dd25-45df-8070-f9dc56ccf0a7: shutdown FollowerState
2019-10-17 07:41:52,064 [grpc-default-executor-4] INFO  impl.RoleInfo (RoleInfo.java:updateAndGet(143)) - 40d2d32e-dd25-45df-8070-f9dc56ccf0a7: start FollowerState
2019-10-17 07:41:52,065 [Thread-1338] INFO  impl.FollowerState (FollowerState.java:run(117)) - 40d2d32e-dd25-45df-8070-f9dc56ccf0a7@group-7EB39FB5DF22-FollowerState was interrupted: java.lang.InterruptedException: sleep interrupted
2019-10-17 07:41:52,089 [cbde3520-0cea-4357-bb04-1a0ae64b2bb1@group-7EB39FB5DF22-LeaderElection170] INFO  impl.LeaderElection (LeaderElection.java:logAndReturn(56)) - cbde3520-0cea-4357-bb04-1a0ae64b2bb1@group-7EB39FB5DF22-LeaderElection170: Election REJECTED; received 2 response(s) [cbde3520-0cea-4357-bb04-1a0ae64b2bb1<-40d2d32e-dd25-45df-8070-f9dc56ccf0a7#0:FAIL-t177, cbde3520-0cea-4357-bb04-1a0ae64b2bb1<-443b071d-6096-48d6-bfe7-498b7c8032c0#0:FAIL-t177] and 0 exception(s); cbde3520-0cea-4357-bb04-1a0ae64b2bb1@group-7EB39FB5DF22:t177, leader=null, voted=cbde3520-0cea-4357-bb04-1a0ae64b2bb1, raftlog=cbde3520-0cea-4357-bb04-1a0ae64b2bb1@group-7EB39FB5DF22-SegmentedRaftLog:OPENED:c-1,f-1,i0, conf=-1: [40d2d32e-dd25-45df-8070-f9dc56ccf0a7:192.168.34.62:41633, cbde3520-0cea-4357-bb04-1a0ae64b2bb1:192.168.34.62:41642, 443b071d-6096-48d6-bfe7-498b7c8032c0:192.168.34.62:46516], old=null
2019-10-17 07:41:52,090 [cbde3520-0cea-4357-bb04-1a0ae64b2bb1@group-7EB39FB5DF22-LeaderElection170] INFO  impl.RaftServerImpl (RaftServerImpl.java:setRole(184)) - cbde3520-0cea-4357-bb04-1a0ae64b2bb1@group-7EB39FB5DF22: changes role from CANDIDATE to FOLLOWER at term 177 for DISCOVERED_A_NEW_TERM
2019-10-17 07:41:52,090 [cbde3520-0cea-4357-bb04-1a0ae64b2bb1@group-7EB39FB5DF22-LeaderElection170] INFO  impl.RoleInfo (RoleInfo.java:shutdownLeaderElection(134)) - cbde3520-0cea-4357-bb04-1a0ae64b2bb1: shutdown LeaderElection
2019-10-17 07:41:52,090 [cbde3520-0cea-4357-bb04-1a0ae64b2bb1@group-7EB39FB5DF22-LeaderElection170] INFO  impl.RoleInfo (RoleInfo.java:updateAndGet(143)) - cbde3520-0cea-4357-bb04-1a0ae64b2bb1: start FollowerState
2019-10-17 07:41:52,208 [Thread-1346] INFO  impl.FollowerState (FollowerState.java:run(108)) - cbde3520-0cea-4357-bb04-1a0ae64b2bb1@group-7EB39FB5DF22-FollowerState: change to CANDIDATE, lastRpcTime:118ms, electionTimeout:118ms
2019-10-17 07:41:52,209 [Thread-1346] INFO  impl.RoleInfo (RoleInfo.java:shutdownFollowerState(121)) - cbde3520-0cea-4357-bb04-1a0ae64b2bb1: shutdown FollowerState
2019-10-17 07:41:52,209 [Thread-1346] INFO  impl.RaftServerImpl (RaftServerImpl.java:setRole(184)) - cbde3520-0cea-4357-bb04-1a0ae64b2bb1@group-7EB39FB5DF22: changes role from  FOLLOWER to CANDIDATE at term 177 for changeToCandidate
2019-10-17 07:41:52,209 [Thread-1346] INFO  impl.RoleInfo (RoleInfo.java:updateAndGet(143)) - cbde3520-0cea-4357-bb04-1a0ae64b2bb1: start LeaderElection
2019-10-17 07:41:52,213 [main] INFO  ozone.MiniOzoneClusterImpl (MiniOzoneClusterImpl.java:lambda$waitForClusterToBeReady$2(164)) - Waiting for 1 number of pipelines out of 5, to report a leader.
2019-10-17 07:41:52,224 [cbde3520-0cea-4357-bb04-1a0ae64b2bb1@group-7EB39FB5DF22-LeaderElection171] INFO  impl.LeaderElection (LeaderElection.java:askForVotes(178)) - cbde3520-0cea-4357-bb04-1a0ae64b2bb1@group-7EB39FB5DF22-LeaderElection171: begin an election at term 178 for -1: [40d2d32e-dd25-45df-8070-f9dc56ccf0a7:192.168.34.62:41633, cbde3520-0cea-4357-bb04-1a0ae64b2bb1:192.168.34.62:41642, 443b071d-6096-48d6-bfe7-498b7c8032c0:192.168.34.62:46516], old=null
2019-10-17 07:41:52,227 [grpc-default-executor-4] INFO  impl.RaftServerImpl (RaftServerImpl.java:setRole(184)) - 40d2d32e-dd25-45df-8070-f9dc56ccf0a7@group-7EB39FB5DF22: changes role from  FOLLOWER to FOLLOWER at term 178 for recognizeCandidate:cbde3520-0cea-4357-bb04-1a0ae64b2bb1
2019-10-17 07:41:52,227 [grpc-default-executor-1] INFO  impl.RaftServerImpl (RaftServerImpl.java:setRole(184)) - 443b071d-6096-48d6-bfe7-498b7c8032c0@group-7EB39FB5DF22: changes role from  FOLLOWER to FOLLOWER at term 178 for recognizeCandidate:cbde3520-0cea-4357-bb04-1a0ae64b2bb1
2019-10-17 07:41:52,227 [grpc-default-executor-4] INFO  impl.RoleInfo (RoleInfo.java:shutdownFollowerState(121)) - 40d2d32e-dd25-45df-8070-f9dc56ccf0a7: shutdown FollowerState
2019-10-17 07:41:52,228 [grpc-default-executor-1] INFO  impl.RoleInfo (RoleInfo.java:shutdownFollowerState(121)) - 443b071d-6096-48d6-bfe7-498b7c8032c0: shutdown FollowerState
2019-10-17 07:41:52,228 [Thread-1345] INFO  impl.FollowerState (FollowerState.java:run(117)) - 40d2d32e-dd25-45df-8070-f9dc56ccf0a7@group-7EB39FB5DF22-FollowerState was interrupted: java.lang.InterruptedException: sleep interrupted
2019-10-17 07:41:52,228 [grpc-default-executor-4] INFO  impl.RoleInfo (RoleInfo.java:updateAndGet(143)) - 40d2d32e-dd25-45df-8070-f9dc56ccf0a7: start FollowerState
2019-10-17 07:41:52,228 [Thread-1344] INFO  impl.FollowerState (FollowerState.java:run(117)) - 443b071d-6096-48d6-bfe7-498b7c8032c0@group-7EB39FB5DF22-FollowerState was interrupted: java.lang.InterruptedException: sleep interrupted
2019-10-17 07:41:52,228 [grpc-default-executor-1] INFO  impl.RoleInfo (RoleInfo.java:updateAndGet(143)) - 443b071d-6096-48d6-bfe7-498b7c8032c0: start FollowerState
2019-10-17 07:41:52,253 [cbde3520-0cea-4357-bb04-1a0ae64b2bb1@group-7EB39FB5DF22-LeaderElection171] INFO  impl.LeaderElection (LeaderElection.java:logAndReturn(56)) - cbde3520-0cea-4357-bb04-1a0ae64b2bb1@group-7EB39FB5DF22-LeaderElection171: Election REJECTED; received 2 response(s) [cbde3520-0cea-4357-bb04-1a0ae64b2bb1<-40d2d32e-dd25-45df-8070-f9dc56ccf0a7#0:FAIL-t178, cbde3520-0cea-4357-bb04-1a0ae64b2bb1<-443b071d-6096-48d6-bfe7-498b7c8032c0#0:FAIL-t178] and 0 exception(s); cbde3520-0cea-4357-bb04-1a0ae64b2bb1@group-7EB39FB5DF22:t178, leader=null, voted=cbde3520-0cea-4357-bb04-1a0ae64b2bb1, raftlog=cbde3520-0cea-4357-bb04-1a0ae64b2bb1@group-7EB39FB5DF22-SegmentedRaftLog:OPENED:c-1,f-1,i0, conf=-1: [40d2d32e-dd25-45df-8070-f9dc56ccf0a7:192.168.34.62:41633, cbde3520-0cea-4357-bb04-1a0ae64b2bb1:192.168.34.62:41642, 443b071d-6096-48d6-bfe7-498b7c8032c0:192.168.34.62:46516], old=null
2019-10-17 07:41:52,253 [cbde3520-0cea-4357-bb04-1a0ae64b2bb1@group-7EB39FB5DF22-LeaderElection171] INFO  impl.RaftServerImpl (RaftServerImpl.java:setRole(184)) - cbde3520-0cea-4357-bb04-1a0ae64b2bb1@group-7EB39FB5DF22: changes role from CANDIDATE to FOLLOWER at term 178 for DISCOVERED_A_NEW_TERM
2019-10-17 07:41:52,253 [cbde3520-0cea-4357-bb04-1a0ae64b2bb1@group-7EB39FB5DF22-LeaderElection171] INFO  impl.RoleInfo (RoleInfo.java:shutdownLeaderElection(134)) - cbde3520-0cea-4357-bb04-1a0ae64b2bb1: shutdown LeaderElection
2019-10-17 07:41:52,253 [cbde3520-0cea-4357-bb04-1a0ae64b2bb1@group-7EB39FB5DF22-LeaderElection171] INFO  impl.RoleInfo (RoleInfo.java:updateAndGet(143)) - cbde3520-0cea-4357-bb04-1a0ae64b2bb1: start FollowerState
2019-10-17 07:41:52,280 [Thread-1352] INFO  impl.FollowerState (FollowerState.java:run(108)) - cbde3520-0cea-4357-bb04-1a0ae64b2bb1@group-7EB39FB5DF22-FollowerState: change to CANDIDATE, lastRpcTime:26ms, electionTimeout:26ms
2019-10-17 07:41:52,280 [Thread-1352] INFO  impl.RoleInfo (RoleInfo.java:shutdownFollowerState(121)) - cbde3520-0cea-4357-bb04-1a0ae64b2bb1: shutdown FollowerState
2019-10-17 07:41:52,280 [Thread-1352] INFO  impl.RaftServerImpl (RaftServerImpl.java:setRole(184)) - cbde3520-0cea-4357-bb04-1a0ae64b2bb1@group-7EB39FB5DF22: changes role from  FOLLOWER to CANDIDATE at term 178 for changeToCandidate
2019-10-17 07:41:52,280 [Thread-1352] INFO  impl.RoleInfo (RoleInfo.java:updateAndGet(143)) - cbde3520-0cea-4357-bb04-1a0ae64b2bb1: start LeaderElection
2019-10-17 07:41:52,304 [cbde3520-0cea-4357-bb04-1a0ae64b2bb1@group-7EB39FB5DF22-LeaderElection172] INFO  impl.LeaderElection (LeaderElection.java:askForVotes(178)) - cbde3520-0cea-4357-bb04-1a0ae64b2bb1@group-7EB39FB5DF22-LeaderElection172: begin an election at term 179 for -1: [40d2d32e-dd25-45df-8070-f9dc56ccf0a7:192.168.34.62:41633, cbde3520-0cea-4357-bb04-1a0ae64b2bb1:192.168.34.62:41642, 443b071d-6096-48d6-bfe7-498b7c8032c0:192.168.34.62:46516], old=null
2019-10-17 07:41:52,306 [grpc-default-executor-4] INFO  impl.RaftServerImpl (RaftServerImpl.java:setRole(184)) - 40d2d32e-dd25-45df-8070-f9dc56ccf0a7@group-7EB39FB5DF22: changes role from  FOLLOWER to FOLLOWER at term 179 for recognizeCandidate:cbde3520-0cea-4357-bb04-1a0ae64b2bb1
2019-10-17 07:41:52,306 [grpc-default-executor-4] INFO  impl.RoleInfo (RoleInfo.java:shutdownFollowerState(121)) - 40d2d32e-dd25-45df-8070-f9dc56ccf0a7: shutdown FollowerState
2019-10-17 07:41:52,307 [grpc-default-executor-4] INFO  impl.RoleInfo (RoleInfo.java:updateAndGet(143)) - 40d2d32e-dd25-45df-8070-f9dc56ccf0a7: start FollowerState
2019-10-17 07:41:52,307 [Thread-1350] INFO  impl.FollowerState (FollowerState.java:run(117)) - 40d2d32e-dd25-45df-8070-f9dc56ccf0a7@group-7EB39FB5DF22-FollowerState was interrupted: java.lang.InterruptedException: sleep interrupted
2019-10-17 07:41:52,307 [grpc-default-executor-1] INFO  impl.RaftServerImpl (RaftServerImpl.java:setRole(184)) - 443b071d-6096-48d6-bfe7-498b7c8032c0@group-7EB39FB5DF22: changes role from  FOLLOWER to FOLLOWER at term 179 for recognizeCandidate:cbde3520-0cea-4357-bb04-1a0ae64b2bb1
2019-10-17 07:41:52,307 [grpc-default-executor-1] INFO  impl.RoleInfo (RoleInfo.java:shutdownFollowerState(121)) - 443b071d-6096-48d6-bfe7-498b7c8032c0: shutdown FollowerState
2019-10-17 07:41:52,307 [grpc-default-executor-1] INFO  impl.RoleInfo (RoleInfo.java:updateAndGet(143)) - 443b071d-6096-48d6-bfe7-498b7c8032c0: start FollowerState
2019-10-17 07:41:52,307 [Thread-1351] INFO  impl.FollowerState (FollowerState.java:run(117)) - 443b071d-6096-48d6-bfe7-498b7c8032c0@group-7EB39FB5DF22-FollowerState was interrupted: java.lang.InterruptedException: sleep interrupted
2019-10-17 07:41:52,330 [cbde3520-0cea-4357-bb04-1a0ae64b2bb1@group-7EB39FB5DF22-LeaderElection172] INFO  impl.LeaderElection (LeaderElection.java:logAndReturn(56)) - cbde3520-0cea-4357-bb04-1a0ae64b2bb1@group-7EB39FB5DF22-LeaderElection172: Election REJECTED; received 2 response(s) [cbde3520-0cea-4357-bb04-1a0ae64b2bb1<-40d2d32e-dd25-45df-8070-f9dc56ccf0a7#0:FAIL-t179, cbde3520-0cea-4357-bb04-1a0ae64b2bb1<-443b071d-6096-48d6-bfe7-498b7c8032c0#0:FAIL-t179] and 0 exception(s); cbde3520-0cea-4357-bb04-1a0ae64b2bb1@group-7EB39FB5DF22:t179, leader=null, voted=cbde3520-0cea-4357-bb04-1a0ae64b2bb1, raftlog=cbde3520-0cea-4357-bb04-1a0ae64b2bb1@group-7EB39FB5DF22-SegmentedRaftLog:OPENED:c-1,f-1,i0, conf=-1: [40d2d32e-dd25-45df-8070-f9dc56ccf0a7:192.168.34.62:41633, cbde3520-0cea-4357-bb04-1a0ae64b2bb1:192.168.34.62:41642, 443b071d-6096-48d6-bfe7-498b7c8032c0:192.168.34.62:46516], old=null
2019-10-17 07:41:52,330 [cbde3520-0cea-4357-bb04-1a0ae64b2bb1@group-7EB39FB5DF22-LeaderElection172] INFO  impl.RaftServerImpl (RaftServerImpl.java:setRole(184)) - cbde3520-0cea-4357-bb04-1a0ae64b2bb1@group-7EB39FB5DF22: changes role from CANDIDATE to FOLLOWER at term 179 for DISCOVERED_A_NEW_TERM
2019-10-17 07:41:52,330 [cbde3520-0cea-4357-bb04-1a0ae64b2bb1@group-7EB39FB5DF22-LeaderElection172] INFO  impl.RoleInfo (RoleInfo.java:shutdownLeaderElection(134)) - cbde3520-0cea-4357-bb04-1a0ae64b2bb1: shutdown LeaderElection
2019-10-17 07:41:52,330 [cbde3520-0cea-4357-bb04-1a0ae64b2bb1@group-7EB39FB5DF22-LeaderElection172] INFO  impl.RoleInfo (RoleInfo.java:updateAndGet(143)) - cbde3520-0cea-4357-bb04-1a0ae64b2bb1: start FollowerState
2019-10-17 07:41:52,454 [Thread-1358] INFO  impl.FollowerState (FollowerState.java:run(108)) - cbde3520-0cea-4357-bb04-1a0ae64b2bb1@group-7EB39FB5DF22-FollowerState: change to CANDIDATE, lastRpcTime:123ms, electionTimeout:123ms
2019-10-17 07:41:52,454 [Thread-1358] INFO  impl.RoleInfo (RoleInfo.java:shutdownFollowerState(121)) - cbde3520-0cea-4357-bb04-1a0ae64b2bb1: shutdown FollowerState
2019-10-17 07:41:52,454 [Thread-1358] INFO  impl.RaftServerImpl (RaftServerImpl.java:setRole(184)) - cbde3520-0cea-4357-bb04-1a0ae64b2bb1@group-7EB39FB5DF22: changes role from  FOLLOWER to CANDIDATE at term 179 for changeToCandidate
2019-10-17 07:41:52,454 [Thread-1358] INFO  impl.RoleInfo (RoleInfo.java:updateAndGet(143)) - cbde3520-0cea-4357-bb04-1a0ae64b2bb1: start LeaderElection
2019-10-17 07:41:52,486 [cbde3520-0cea-4357-bb04-1a0ae64b2bb1@group-7EB39FB5DF22-LeaderElection173] INFO  impl.LeaderElection (LeaderElection.java:askForVotes(178)) - cbde3520-0cea-4357-bb04-1a0ae64b2bb1@group-7EB39FB5DF22-LeaderElection173: begin an election at term 180 for -1: [40d2d32e-dd25-45df-8070-f9dc56ccf0a7:192.168.34.62:41633, cbde3520-0cea-4357-bb04-1a0ae64b2bb1:192.168.34.62:41642, 443b071d-6096-48d6-bfe7-498b7c8032c0:192.168.34.62:46516], old=null
2019-10-17 07:41:52,489 [grpc-default-executor-1] INFO  impl.RaftServerImpl (RaftServerImpl.java:setRole(184)) - 40d2d32e-dd25-45df-8070-f9dc56ccf0a7@group-7EB39FB5DF22: changes role from  FOLLOWER to FOLLOWER at term 180 for recognizeCandidate:cbde3520-0cea-4357-bb04-1a0ae64b2bb1
2019-10-17 07:41:52,489 [grpc-default-executor-1] INFO  impl.RoleInfo (RoleInfo.java:shutdownFollowerState(121)) - 40d2d32e-dd25-45df-8070-f9dc56ccf0a7: shutdown FollowerState
2019-10-17 07:41:52,489 [grpc-default-executor-4] INFO  impl.RaftServerImpl (RaftServerImpl.java:setRole(184)) - 443b071d-6096-48d6-bfe7-498b7c8032c0@group-7EB39FB5DF22: changes role from  FOLLOWER to FOLLOWER at term 180 for recognizeCandidate:cbde3520-0cea-4357-bb04-1a0ae64b2bb1
2019-10-17 07:41:52,489 [Thread-1356] INFO  impl.FollowerState (FollowerState.java:run(117)) - 40d2d32e-dd25-45df-8070-f9dc56ccf0a7@group-7EB39FB5DF22-FollowerState was interrupted: java.lang.InterruptedException: sleep interrupted
2019-10-17 07:41:52,489 [grpc-default-executor-1] INFO  impl.RoleInfo (RoleInfo.java:updateAndGet(143)) - 40d2d32e-dd25-45df-8070-f9dc56ccf0a7: start FollowerState
2019-10-17 07:41:52,489 [grpc-default-executor-4] INFO  impl.RoleInfo (RoleInfo.java:shutdownFollowerState(121)) - 443b071d-6096-48d6-bfe7-498b7c8032c0: shutdown FollowerState
2019-10-17 07:41:52,490 [grpc-default-executor-4] INFO  impl.RoleInfo (RoleInfo.java:updateAndGet(143)) - 443b071d-6096-48d6-bfe7-498b7c8032c0: start FollowerState
2019-10-17 07:41:52,490 [Thread-1357] INFO  impl.FollowerState (FollowerState.java:run(117)) - 443b071d-6096-48d6-bfe7-498b7c8032c0@group-7EB39FB5DF22-FollowerState was interrupted: java.lang.InterruptedException: sleep interrupted
2019-10-17 07:41:52,506 [cbde3520-0cea-4357-bb04-1a0ae64b2bb1@group-7EB39FB5DF22-LeaderElection173] INFO  impl.LeaderElection (LeaderElection.java:logAndReturn(56)) - cbde3520-0cea-4357-bb04-1a0ae64b2bb1@group-7EB39FB5DF22-LeaderElection173: Election REJECTED; received 2 response(s) [cbde3520-0cea-4357-bb04-1a0ae64b2bb1<-40d2d32e-dd25-45df-8070-f9dc56ccf0a7#0:FAIL-t180, cbde3520-0cea-4357-bb04-1a0ae64b2bb1<-443b071d-6096-48d6-bfe7-498b7c8032c0#0:FAIL-t180] and 0 exception(s); cbde3520-0cea-4357-bb04-1a0ae64b2bb1@group-7EB39FB5DF22:t180, leader=null, voted=cbde3520-0cea-4357-bb04-1a0ae64b2bb1, raftlog=cbde3520-0cea-4357-bb04-1a0ae64b2bb1@group-7EB39FB5DF22-SegmentedRaftLog:OPENED:c-1,f-1,i0, conf=-1: [40d2d32e-dd25-45df-8070-f9dc56ccf0a7:192.168.34.62:41633, cbde3520-0cea-4357-bb04-1a0ae64b2bb1:192.168.34.62:41642, 443b071d-6096-48d6-bfe7-498b7c8032c0:192.168.34.62:46516], old=null
2019-10-17 07:41:52,506 [cbde3520-0cea-4357-bb04-1a0ae64b2bb1@group-7EB39FB5DF22-LeaderElection173] INFO  impl.RaftServerImpl (RaftServerImpl.java:setRole(184)) - cbde3520-0cea-4357-bb04-1a0ae64b2bb1@group-7EB39FB5DF22: changes role from CANDIDATE to FOLLOWER at term 180 for DISCOVERED_A_NEW_TERM
2019-10-17 07:41:52,506 [cbde3520-0cea-4357-bb04-1a0ae64b2bb1@group-7EB39FB5DF22-LeaderElection173] INFO  impl.RoleInfo (RoleInfo.java:shutdownLeaderElection(134)) - cbde3520-0cea-4357-bb04-1a0ae64b2bb1: shutdown LeaderElection
2019-10-17 07:41:52,507 [cbde3520-0cea-4357-bb04-1a0ae64b2bb1@group-7EB39FB5DF22-LeaderElection173] INFO  impl.RoleInfo (RoleInfo.java:updateAndGet(143)) - cbde3520-0cea-4357-bb04-1a0ae64b2bb1: start FollowerState
2019-10-17 07:41:52,604 [Thread-1364] INFO  impl.FollowerState (FollowerState.java:run(108)) - cbde3520-0cea-4357-bb04-1a0ae64b2bb1@group-7EB39FB5DF22-FollowerState: change to CANDIDATE, lastRpcTime:97ms, electionTimeout:97ms
2019-10-17 07:41:52,604 [Thread-1364] INFO  impl.RoleInfo (RoleInfo.java:shutdownFollowerState(121)) - cbde3520-0cea-4357-bb04-1a0ae64b2bb1: shutdown FollowerState
2019-10-17 07:41:52,605 [Thread-1364] INFO  impl.RaftServerImpl (RaftServerImpl.java:setRole(184)) - cbde3520-0cea-4357-bb04-1a0ae64b2bb1@group-7EB39FB5DF22: changes role from  FOLLOWER to CANDIDATE at term 180 for changeToCandidate
2019-10-17 07:41:52,605 [Thread-1364] INFO  impl.RoleInfo (RoleInfo.java:updateAndGet(143)) - cbde3520-0cea-4357-bb04-1a0ae64b2bb1: start LeaderElection
2019-10-17 07:41:52,629 [cbde3520-0cea-4357-bb04-1a0ae64b2bb1@group-7EB39FB5DF22-LeaderElection174] INFO  impl.LeaderElection (LeaderElection.java:askForVotes(178)) - cbde3520-0cea-4357-bb04-1a0ae64b2bb1@group-7EB39FB5DF22-LeaderElection174: begin an election at term 181 for -1: [40d2d32e-dd25-45df-8070-f9dc56ccf0a7:192.168.34.62:41633, cbde3520-0cea-4357-bb04-1a0ae64b2bb1:192.168.34.62:41642, 443b071d-6096-48d6-bfe7-498b7c8032c0:192.168.34.62:46516], old=null
2019-10-17 07:41:52,631 [grpc-default-executor-4] INFO  impl.RaftServerImpl (RaftServerImpl.java:setRole(184)) - 40d2d32e-dd25-45df-8070-f9dc56ccf0a7@group-7EB39FB5DF22: changes role from  FOLLOWER to FOLLOWER at term 181 for recognizeCandidate:cbde3520-0cea-4357-bb04-1a0ae64b2bb1
2019-10-17 07:41:52,631 [grpc-default-executor-4] INFO  impl.RoleInfo (RoleInfo.java:shutdownFollowerState(121)) - 40d2d32e-dd25-45df-8070-f9dc56ccf0a7: shutdown FollowerState
2019-10-17 07:41:52,631 [grpc-default-executor-1] INFO  impl.RaftServerImpl (RaftServerImpl.java:setRole(184)) - 443b071d-6096-48d6-bfe7-498b7c8032c0@group-7EB39FB5DF22: changes role from  FOLLOWER to FOLLOWER at term 181 for recognizeCandidate:cbde3520-0cea-4357-bb04-1a0ae64b2bb1
2019-10-17 07:41:52,631 [grpc-default-executor-1] INFO  impl.RoleInfo (RoleInfo.java:shutdownFollowerState(121)) - 443b071d-6096-48d6-bfe7-498b7c8032c0: shutdown FollowerState
2019-10-17 07:41:52,631 [Thread-1362] INFO  impl.FollowerState (FollowerState.java:run(117)) - 40d2d32e-dd25-45df-8070-f9dc56ccf0a7@group-7EB39FB5DF22-FollowerState was interrupted: java.lang.InterruptedException: sleep interrupted
2019-10-17 07:41:52,631 [grpc-default-executor-4] INFO  impl.RoleInfo (RoleInfo.java:updateAndGet(143)) - 40d2d32e-dd25-45df-8070-f9dc56ccf0a7: start FollowerState
2019-10-17 07:41:52,632 [Thread-1363] INFO  impl.FollowerState (FollowerState.java:run(117)) - 443b071d-6096-48d6-bfe7-498b7c8032c0@group-7EB39FB5DF22-FollowerState was interrupted: java.lang.InterruptedException: sleep interrupted
2019-10-17 07:41:52,632 [grpc-default-executor-1] INFO  impl.RoleInfo (RoleInfo.java:updateAndGet(143)) - 443b071d-6096-48d6-bfe7-498b7c8032c0: start FollowerState
2019-10-17 07:41:52,663 [cbde3520-0cea-4357-bb04-1a0ae64b2bb1@group-7EB39FB5DF22-LeaderElection174] INFO  impl.LeaderElection (LeaderElection.java:logAndReturn(56)) - cbde3520-0cea-4357-bb04-1a0ae64b2bb1@group-7EB39FB5DF22-LeaderElection174: Election REJECTED; received 2 response(s) [cbde3520-0cea-4357-bb04-1a0ae64b2bb1<-40d2d32e-dd25-45df-8070-f9dc56ccf0a7#0:FAIL-t181, cbde3520-0cea-4357-bb04-1a0ae64b2bb1<-443b071d-6096-48d6-bfe7-498b7c8032c0#0:FAIL-t181] and 0 exception(s); cbde3520-0cea-4357-bb04-1a0ae64b2bb1@group-7EB39FB5DF22:t181, leader=null, voted=cbde3520-0cea-4357-bb04-1a0ae64b2bb1, raftlog=cbde3520-0cea-4357-bb04-1a0ae64b2bb1@group-7EB39FB5DF22-SegmentedRaftLog:OPENED:c-1,f-1,i0, conf=-1: [40d2d32e-dd25-45df-8070-f9dc56ccf0a7:192.168.34.62:41633, cbde3520-0cea-4357-bb04-1a0ae64b2bb1:192.168.34.62:41642, 443b071d-6096-48d6-bfe7-498b7c8032c0:192.168.34.62:46516], old=null
2019-10-17 07:41:52,664 [cbde3520-0cea-4357-bb04-1a0ae64b2bb1@group-7EB39FB5DF22-LeaderElection174] INFO  impl.RaftServerImpl (RaftServerImpl.java:setRole(184)) - cbde3520-0cea-4357-bb04-1a0ae64b2bb1@group-7EB39FB5DF22: changes role from CANDIDATE to FOLLOWER at term 181 for DISCOVERED_A_NEW_TERM
2019-10-17 07:41:52,664 [cbde3520-0cea-4357-bb04-1a0ae64b2bb1@group-7EB39FB5DF22-LeaderElection174] INFO  impl.RoleInfo (RoleInfo.java:shutdownLeaderElection(134)) - cbde3520-0cea-4357-bb04-1a0ae64b2bb1: shutdown LeaderElection
2019-10-17 07:41:52,664 [cbde3520-0cea-4357-bb04-1a0ae64b2bb1@group-7EB39FB5DF22-LeaderElection174] INFO  impl.RoleInfo (RoleInfo.java:updateAndGet(143)) - cbde3520-0cea-4357-bb04-1a0ae64b2bb1: start FollowerState
2019-10-17 07:41:52,858 [Thread-1370] INFO  impl.FollowerState (FollowerState.java:run(108)) - cbde3520-0cea-4357-bb04-1a0ae64b2bb1@group-7EB39FB5DF22-FollowerState: change to CANDIDATE, lastRpcTime:194ms, electionTimeout:194ms
2019-10-17 07:41:52,858 [Thread-1370] INFO  impl.RoleInfo (RoleInfo.java:shutdownFollowerState(121)) - cbde3520-0cea-4357-bb04-1a0ae64b2bb1: shutdown FollowerState
2019-10-17 07:41:52,859 [Thread-1370] INFO  impl.RaftServerImpl (RaftServerImpl.java:setRole(184)) - cbde3520-0cea-4357-bb04-1a0ae64b2bb1@group-7EB39FB5DF22: changes role from  FOLLOWER to CANDIDATE at term 181 for changeToCandidate
2019-10-17 07:41:52,859 [Thread-1370] INFO  impl.RoleInfo (RoleInfo.java:updateAndGet(143)) - cbde3520-0cea-4357-bb04-1a0ae64b2bb1: start LeaderElection
2019-10-17 07:41:52,888 [cbde3520-0cea-4357-bb04-1a0ae64b2bb1@group-7EB39FB5DF22-LeaderElection175] INFO  impl.LeaderElection (LeaderElection.java:askForVotes(178)) - cbde3520-0cea-4357-bb04-1a0ae64b2bb1@group-7EB39FB5DF22-LeaderElection175: begin an election at term 182 for -1: [40d2d32e-dd25-45df-8070-f9dc56ccf0a7:192.168.34.62:41633, cbde3520-0cea-4357-bb04-1a0ae64b2bb1:192.168.34.62:41642, 443b071d-6096-48d6-bfe7-498b7c8032c0:192.168.34.62:46516], old=null
2019-10-17 07:41:52,889 [cbde3520-0cea-4357-bb04-1a0ae64b2bb1@group-7EB39FB5DF22-LeaderElection175] INFO  impl.LeaderElection (LeaderElection.java:logAndReturn(56)) - cbde3520-0cea-4357-bb04-1a0ae64b2bb1@group-7EB39FB5DF22-LeaderElection175: Election TIMEOUT; received 0 response(s) [] and 0 exception(s); cbde3520-0cea-4357-bb04-1a0ae64b2bb1@group-7EB39FB5DF22:t182, leader=null, voted=cbde3520-0cea-4357-bb04-1a0ae64b2bb1, raftlog=cbde3520-0cea-4357-bb04-1a0ae64b2bb1@group-7EB39FB5DF22-SegmentedRaftLog:OPENED:c-1,f-1,i0, conf=-1: [40d2d32e-dd25-45df-8070-f9dc56ccf0a7:192.168.34.62:41633, cbde3520-0cea-4357-bb04-1a0ae64b2bb1:192.168.34.62:41642, 443b071d-6096-48d6-bfe7-498b7c8032c0:192.168.34.62:46516], old=null
2019-10-17 07:41:52,891 [grpc-default-executor-1] INFO  impl.RaftServerImpl (RaftServerImpl.java:setRole(184)) - 443b071d-6096-48d6-bfe7-498b7c8032c0@group-7EB39FB5DF22: changes role from  FOLLOWER to FOLLOWER at term 182 for recognizeCandidate:cbde3520-0cea-4357-bb04-1a0ae64b2bb1
2019-10-17 07:41:52,891 [grpc-default-executor-4] INFO  impl.RaftServerImpl (RaftServerImpl.java:setRole(184)) - 40d2d32e-dd25-45df-8070-f9dc56ccf0a7@group-7EB39FB5DF22: changes role from  FOLLOWER to FOLLOWER at term 182 for recognizeCandidate:cbde3520-0cea-4357-bb04-1a0ae64b2bb1
2019-10-17 07:41:52,891 [grpc-default-executor-1] INFO  impl.RoleInfo (RoleInfo.java:shutdownFollowerState(121)) - 443b071d-6096-48d6-bfe7-498b7c8032c0: shutdown FollowerState
2019-10-17 07:41:52,891 [grpc-default-executor-4] INFO  impl.RoleInfo (RoleInfo.java:shutdownFollowerState(121)) - 40d2d32e-dd25-45df-8070-f9dc56ccf0a7: shutdown FollowerState
2019-10-17 07:41:52,891 [Thread-1369] INFO  impl.FollowerState (FollowerState.java:run(117)) - 443b071d-6096-48d6-bfe7-498b7c8032c0@group-7EB39FB5DF22-FollowerState was interrupted: java.lang.InterruptedException: sleep interrupted
2019-10-17 07:41:52,891 [grpc-default-executor-1] INFO  impl.RoleInfo (RoleInfo.java:updateAndGet(143)) - 443b071d-6096-48d6-bfe7-498b7c8032c0: start FollowerState
2019-10-17 07:41:52,892 [Thread-1368] INFO  impl.FollowerState (FollowerState.java:run(117)) - 40d2d32e-dd25-45df-8070-f9dc56ccf0a7@group-7EB39FB5DF22-FollowerState was interrupted: java.lang.InterruptedException: sleep interrupted
2019-10-17 07:41:52,891 [grpc-default-executor-4] INFO  impl.RoleInfo (RoleInfo.java:updateAndGet(143)) - 40d2d32e-dd25-45df-8070-f9dc56ccf0a7: start FollowerState
2019-10-17 07:41:52,905 [cbde3520-0cea-4357-bb04-1a0ae64b2bb1@group-7EB39FB5DF22-LeaderElection175] INFO  impl.LeaderElection (LeaderElection.java:askForVotes(178)) - cbde3520-0cea-4357-bb04-1a0ae64b2bb1@group-7EB39FB5DF22-LeaderElection175: begin an election at term 183 for -1: [40d2d32e-dd25-45df-8070-f9dc56ccf0a7:192.168.34.62:41633, cbde3520-0cea-4357-bb04-1a0ae64b2bb1:192.168.34.62:41642, 443b071d-6096-48d6-bfe7-498b7c8032c0:192.168.34.62:46516], old=null
2019-10-17 07:41:52,907 [grpc-default-executor-4] INFO  impl.RaftServerImpl (RaftServerImpl.java:setRole(184)) - 40d2d32e-dd25-45df-8070-f9dc56ccf0a7@group-7EB39FB5DF22: changes role from  FOLLOWER to FOLLOWER at term 183 for recognizeCandidate:cbde3520-0cea-4357-bb04-1a0ae64b2bb1
2019-10-17 07:41:52,908 [grpc-default-executor-4] INFO  impl.RoleInfo (RoleInfo.java:shutdownFollowerState(121)) - 40d2d32e-dd25-45df-8070-f9dc56ccf0a7: shutdown FollowerState
2019-10-17 07:41:52,908 [grpc-default-executor-4] INFO  impl.RoleInfo (RoleInfo.java:updateAndGet(143)) - 40d2d32e-dd25-45df-8070-f9dc56ccf0a7: start FollowerState
2019-10-17 07:41:52,908 [Thread-1375] INFO  impl.FollowerState (FollowerState.java:run(117)) - 40d2d32e-dd25-45df-8070-f9dc56ccf0a7@group-7EB39FB5DF22-FollowerState was interrupted: java.lang.InterruptedException: sleep interrupted
2019-10-17 07:41:52,908 [grpc-default-executor-1] INFO  impl.RaftServerImpl (RaftServerImpl.java:setRole(184)) - 443b071d-6096-48d6-bfe7-498b7c8032c0@group-7EB39FB5DF22: changes role from  FOLLOWER to FOLLOWER at term 183 for recognizeCandidate:cbde3520-0cea-4357-bb04-1a0ae64b2bb1
2019-10-17 07:41:52,908 [grpc-default-executor-1] INFO  impl.RoleInfo (RoleInfo.java:shutdownFollowerState(121)) - 443b071d-6096-48d6-bfe7-498b7c8032c0: shutdown FollowerState
2019-10-17 07:41:52,908 [grpc-default-executor-1] INFO  impl.RoleInfo (RoleInfo.java:updateAndGet(143)) - 443b071d-6096-48d6-bfe7-498b7c8032c0: start FollowerState
2019-10-17 07:41:52,909 [Thread-1374] INFO  impl.FollowerState (FollowerState.java:run(117)) - 443b071d-6096-48d6-bfe7-498b7c8032c0@group-7EB39FB5DF22-FollowerState was interrupted: java.lang.InterruptedException: sleep interrupted
2019-10-17 07:41:52,923 [cbde3520-0cea-4357-bb04-1a0ae64b2bb1@group-7EB39FB5DF22-LeaderElection175] INFO  impl.LeaderElection (LeaderElection.java:logAndReturn(56)) - cbde3520-0cea-4357-bb04-1a0ae64b2bb1@group-7EB39FB5DF22-LeaderElection175: Election REJECTED; received 2 response(s) [cbde3520-0cea-4357-bb04-1a0ae64b2bb1<-40d2d32e-dd25-45df-8070-f9dc56ccf0a7#0:FAIL-t183, cbde3520-0cea-4357-bb04-1a0ae64b2bb1<-443b071d-6096-48d6-bfe7-498b7c8032c0#0:FAIL-t183] and 0 exception(s); cbde3520-0cea-4357-bb04-1a0ae64b2bb1@group-7EB39FB5DF22:t183, leader=null, voted=cbde3520-0cea-4357-bb04-1a0ae64b2bb1, raftlog=cbde3520-0cea-4357-bb04-1a0ae64b2bb1@group-7EB39FB5DF22-SegmentedRaftLog:OPENED:c-1,f-1,i0, conf=-1: [40d2d32e-dd25-45df-8070-f9dc56ccf0a7:192.168.34.62:41633, cbde3520-0cea-4357-bb04-1a0ae64b2bb1:192.168.34.62:41642, 443b071d-6096-48d6-bfe7-498b7c8032c0:192.168.34.62:46516], old=null
2019-10-17 07:41:52,923 [cbde3520-0cea-4357-bb04-1a0ae64b2bb1@group-7EB39FB5DF22-LeaderElection175] INFO  impl.RaftServerImpl (RaftServerImpl.java:setRole(184)) - cbde3520-0cea-4357-bb04-1a0ae64b2bb1@group-7EB39FB5DF22: changes role from CANDIDATE to FOLLOWER at term 183 for DISCOVERED_A_NEW_TERM
2019-10-17 07:41:52,924 [cbde3520-0cea-4357-bb04-1a0ae64b2bb1@group-7EB39FB5DF22-LeaderElection175] INFO  impl.RoleInfo (RoleInfo.java:shutdownLeaderElection(134)) - cbde3520-0cea-4357-bb04-1a0ae64b2bb1: shutdown LeaderElection
2019-10-17 07:41:52,924 [cbde3520-0cea-4357-bb04-1a0ae64b2bb1@group-7EB39FB5DF22-LeaderElection175] INFO  impl.RoleInfo (RoleInfo.java:updateAndGet(143)) - cbde3520-0cea-4357-bb04-1a0ae64b2bb1: start FollowerState
2019-10-17 07:41:53,098 [Thread-1380] INFO  impl.FollowerState (FollowerState.java:run(108)) - cbde3520-0cea-4357-bb04-1a0ae64b2bb1@group-7EB39FB5DF22-FollowerState: change to CANDIDATE, lastRpcTime:174ms, electionTimeout:174ms
2019-10-17 07:41:53,099 [Thread-1380] INFO  impl.RoleInfo (RoleInfo.java:shutdownFollowerState(121)) - cbde3520-0cea-4357-bb04-1a0ae64b2bb1: shutdown FollowerState
2019-10-17 07:41:53,099 [Thread-1380] INFO  impl.RaftServerImpl (RaftServerImpl.java:setRole(184)) - cbde3520-0cea-4357-bb04-1a0ae64b2bb1@group-7EB39FB5DF22: changes role from  FOLLOWER to CANDIDATE at term 183 for changeToCandidate
2019-10-17 07:41:53,099 [Thread-1380] INFO  impl.RoleInfo (RoleInfo.java:updateAndGet(143)) - cbde3520-0cea-4357-bb04-1a0ae64b2bb1: start LeaderElection
2019-10-17 07:41:53,125 [cbde3520-0cea-4357-bb04-1a0ae64b2bb1@group-7EB39FB5DF22-LeaderElection176] INFO  impl.LeaderElection (LeaderElection.java:askForVotes(178)) - cbde3520-0cea-4357-bb04-1a0ae64b2bb1@group-7EB39FB5DF22-LeaderElection176: begin an election at term 184 for -1: [40d2d32e-dd25-45df-8070-f9dc56ccf0a7:192.168.34.62:41633, cbde3520-0cea-4357-bb04-1a0ae64b2bb1:192.168.34.62:41642, 443b071d-6096-48d6-bfe7-498b7c8032c0:192.168.34.62:46516], old=null
2019-10-17 07:41:53,129 [grpc-default-executor-4] INFO  impl.RaftServerImpl (RaftServerImpl.java:setRole(184)) - 40d2d32e-dd25-45df-8070-f9dc56ccf0a7@group-7EB39FB5DF22: changes role from  FOLLOWER to FOLLOWER at term 184 for recognizeCandidate:cbde3520-0cea-4357-bb04-1a0ae64b2bb1
2019-10-17 07:41:53,129 [grpc-default-executor-1] INFO  impl.RaftServerImpl (RaftServerImpl.java:setRole(184)) - 443b071d-6096-48d6-bfe7-498b7c8032c0@group-7EB39FB5DF22: changes role from  FOLLOWER to FOLLOWER at term 184 for recognizeCandidate:cbde3520-0cea-4357-bb04-1a0ae64b2bb1
2019-10-17 07:41:53,130 [grpc-default-executor-4] INFO  impl.RoleInfo (RoleInfo.java:shutdownFollowerState(121)) - 40d2d32e-dd25-45df-8070-f9dc56ccf0a7: shutdown FollowerState
2019-10-17 07:41:53,130 [grpc-default-executor-1] INFO  impl.RoleInfo (RoleInfo.java:shutdownFollowerState(121)) - 443b071d-6096-48d6-bfe7-498b7c8032c0: shutdown FollowerState
2019-10-17 07:41:53,130 [grpc-default-executor-4] INFO  impl.RoleInfo (RoleInfo.java:updateAndGet(143)) - 40d2d32e-dd25-45df-8070-f9dc56ccf0a7: start FollowerState
2019-10-17 07:41:53,130 [Thread-1378] INFO  impl.FollowerState (FollowerState.java:run(117)) - 40d2d32e-dd25-45df-8070-f9dc56ccf0a7@group-7EB39FB5DF22-FollowerState was interrupted: java.lang.InterruptedException: sleep interrupted
2019-10-17 07:41:53,130 [Thread-1379] INFO  impl.FollowerState (FollowerState.java:run(117)) - 443b071d-6096-48d6-bfe7-498b7c8032c0@group-7EB39FB5DF22-FollowerState was interrupted: java.lang.InterruptedException: sleep interrupted
2019-10-17 07:41:53,130 [grpc-default-executor-1] INFO  impl.RoleInfo (RoleInfo.java:updateAndGet(143)) - 443b071d-6096-48d6-bfe7-498b7c8032c0: start FollowerState
2019-10-17 07:41:53,145 [cbde3520-0cea-4357-bb04-1a0ae64b2bb1@group-7EB39FB5DF22-LeaderElection176] INFO  impl.LeaderElection (LeaderElection.java:logAndReturn(56)) - cbde3520-0cea-4357-bb04-1a0ae64b2bb1@group-7EB39FB5DF22-LeaderElection176: Election REJECTED; received 2 response(s) [cbde3520-0cea-4357-bb04-1a0ae64b2bb1<-40d2d32e-dd25-45df-8070-f9dc56ccf0a7#0:FAIL-t184, cbde3520-0cea-4357-bb04-1a0ae64b2bb1<-443b071d-6096-48d6-bfe7-498b7c8032c0#0:FAIL-t184] and 0 exception(s); cbde3520-0cea-4357-bb04-1a0ae64b2bb1@group-7EB39FB5DF22:t184, leader=null, voted=cbde3520-0cea-4357-bb04-1a0ae64b2bb1, raftlog=cbde3520-0cea-4357-bb04-1a0ae64b2bb1@group-7EB39FB5DF22-SegmentedRaftLog:OPENED:c-1,f-1,i0, conf=-1: [40d2d32e-dd25-45df-8070-f9dc56ccf0a7:192.168.34.62:41633, cbde3520-0cea-4357-bb04-1a0ae64b2bb1:192.168.34.62:41642, 443b071d-6096-48d6-bfe7-498b7c8032c0:192.168.34.62:46516], old=null
2019-10-17 07:41:53,145 [cbde3520-0cea-4357-bb04-1a0ae64b2bb1@group-7EB39FB5DF22-LeaderElection176] INFO  impl.RaftServerImpl (RaftServerImpl.java:setRole(184)) - cbde3520-0cea-4357-bb04-1a0ae64b2bb1@group-7EB39FB5DF22: changes role from CANDIDATE to FOLLOWER at term 184 for DISCOVERED_A_NEW_TERM
2019-10-17 07:41:53,145 [cbde3520-0cea-4357-bb04-1a0ae64b2bb1@group-7EB39FB5DF22-LeaderElection176] INFO  impl.RoleInfo (RoleInfo.java:shutdownLeaderElection(134)) - cbde3520-0cea-4357-bb04-1a0ae64b2bb1: shutdown LeaderElection
2019-10-17 07:41:53,145 [cbde3520-0cea-4357-bb04-1a0ae64b2bb1@group-7EB39FB5DF22-LeaderElection176] INFO  impl.RoleInfo (RoleInfo.java:updateAndGet(143)) - cbde3520-0cea-4357-bb04-1a0ae64b2bb1: start FollowerState
2019-10-17 07:41:53,181 [Thread-1386] INFO  impl.FollowerState (FollowerState.java:run(108)) - cbde3520-0cea-4357-bb04-1a0ae64b2bb1@group-7EB39FB5DF22-FollowerState: change to CANDIDATE, lastRpcTime:35ms, electionTimeout:35ms
2019-10-17 07:41:53,181 [Thread-1386] INFO  impl.RoleInfo (RoleInfo.java:shutdownFollowerState(121)) - cbde3520-0cea-4357-bb04-1a0ae64b2bb1: shutdown FollowerState
2019-10-17 07:41:53,181 [Thread-1386] INFO  impl.RaftServerImpl (RaftServerImpl.java:setRole(184)) - cbde3520-0cea-4357-bb04-1a0ae64b2bb1@group-7EB39FB5DF22: changes role from  FOLLOWER to CANDIDATE at term 184 for changeToCandidate
2019-10-17 07:41:53,181 [Thread-1386] INFO  impl.RoleInfo (RoleInfo.java:updateAndGet(143)) - cbde3520-0cea-4357-bb04-1a0ae64b2bb1: start LeaderElection
2019-10-17 07:41:53,207 [cbde3520-0cea-4357-bb04-1a0ae64b2bb1@group-7EB39FB5DF22-LeaderElection177] INFO  impl.LeaderElection (LeaderElection.java:askForVotes(178)) - cbde3520-0cea-4357-bb04-1a0ae64b2bb1@group-7EB39FB5DF22-LeaderElection177: begin an election at term 185 for -1: [40d2d32e-dd25-45df-8070-f9dc56ccf0a7:192.168.34.62:41633, cbde3520-0cea-4357-bb04-1a0ae64b2bb1:192.168.34.62:41642, 443b071d-6096-48d6-bfe7-498b7c8032c0:192.168.34.62:46516], old=null
2019-10-17 07:41:53,209 [grpc-default-executor-1] INFO  impl.RaftServerImpl (RaftServerImpl.java:setRole(184)) - 40d2d32e-dd25-45df-8070-f9dc56ccf0a7@group-7EB39FB5DF22: changes role from  FOLLOWER to FOLLOWER at term 185 for recognizeCandidate:cbde3520-0cea-4357-bb04-1a0ae64b2bb1
2019-10-17 07:41:53,210 [grpc-default-executor-1] INFO  impl.RoleInfo (RoleInfo.java:shutdownFollowerState(121)) - 40d2d32e-dd25-45df-8070-f9dc56ccf0a7: shutdown FollowerState
2019-10-17 07:41:53,210 [grpc-default-executor-4] INFO  impl.RaftServerImpl (RaftServerImpl.java:setRole(184)) - 443b071d-6096-48d6-bfe7-498b7c8032c0@group-7EB39FB5DF22: changes role from  FOLLOWER to FOLLOWER at term 185 for recognizeCandidate:cbde3520-0cea-4357-bb04-1a0ae64b2bb1
2019-10-17 07:41:53,210 [Thread-1384] INFO  impl.FollowerState (FollowerState.java:run(117)) - 40d2d32e-dd25-45df-8070-f9dc56ccf0a7@group-7EB39FB5DF22-FollowerState was interrupted: java.lang.InterruptedException: sleep interrupted
2019-10-17 07:41:53,210 [grpc-default-executor-1] INFO  impl.RoleInfo (RoleInfo.java:updateAndGet(143)) - 40d2d32e-dd25-45df-8070-f9dc56ccf0a7: start FollowerState
2019-10-17 07:41:53,210 [grpc-default-executor-4] INFO  impl.RoleInfo (RoleInfo.java:shutdownFollowerState(121)) - 443b071d-6096-48d6-bfe7-498b7c8032c0: shutdown FollowerState
2019-10-17 07:41:53,211 [grpc-default-executor-4] INFO  impl.RoleInfo (RoleInfo.java:updateAndGet(143)) - 443b071d-6096-48d6-bfe7-498b7c8032c0: start FollowerState
2019-10-17 07:41:53,211 [Thread-1385] INFO  impl.FollowerState (FollowerState.java:run(117)) - 443b071d-6096-48d6-bfe7-498b7c8032c0@group-7EB39FB5DF22-FollowerState was interrupted: java.lang.InterruptedException: sleep interrupted
2019-10-17 07:41:53,213 [main] INFO  ozone.MiniOzoneClusterImpl (MiniOzoneClusterImpl.java:lambda$waitForClusterToBeReady$2(164)) - Waiting for 1 number of pipelines out of 5, to report a leader.
2019-10-17 07:41:53,227 [cbde3520-0cea-4357-bb04-1a0ae64b2bb1@group-7EB39FB5DF22-LeaderElection177] INFO  impl.LeaderElection (LeaderElection.java:logAndReturn(56)) - cbde3520-0cea-4357-bb04-1a0ae64b2bb1@group-7EB39FB5DF22-LeaderElection177: Election TIMEOUT; received 0 response(s) [] and 0 exception(s); cbde3520-0cea-4357-bb04-1a0ae64b2bb1@group-7EB39FB5DF22:t185, leader=null, voted=cbde3520-0cea-4357-bb04-1a0ae64b2bb1, raftlog=cbde3520-0cea-4357-bb04-1a0ae64b2bb1@group-7EB39FB5DF22-SegmentedRaftLog:OPENED:c-1,f-1,i0, conf=-1: [40d2d32e-dd25-45df-8070-f9dc56ccf0a7:192.168.34.62:41633, cbde3520-0cea-4357-bb04-1a0ae64b2bb1:192.168.34.62:41642, 443b071d-6096-48d6-bfe7-498b7c8032c0:192.168.34.62:46516], old=null
2019-10-17 07:41:53,255 [cbde3520-0cea-4357-bb04-1a0ae64b2bb1@group-7EB39FB5DF22-LeaderElection177] INFO  impl.LeaderElection (LeaderElection.java:askForVotes(178)) - cbde3520-0cea-4357-bb04-1a0ae64b2bb1@group-7EB39FB5DF22-LeaderElection177: begin an election at term 186 for -1: [40d2d32e-dd25-45df-8070-f9dc56ccf0a7:192.168.34.62:41633, cbde3520-0cea-4357-bb04-1a0ae64b2bb1:192.168.34.62:41642, 443b071d-6096-48d6-bfe7-498b7c8032c0:192.168.34.62:46516], old=null
2019-10-17 07:41:53,258 [grpc-default-executor-4] INFO  impl.RaftServerImpl (RaftServerImpl.java:setRole(184)) - 40d2d32e-dd25-45df-8070-f9dc56ccf0a7@group-7EB39FB5DF22: changes role from  FOLLOWER to FOLLOWER at term 186 for recognizeCandidate:cbde3520-0cea-4357-bb04-1a0ae64b2bb1
2019-10-17 07:41:53,258 [grpc-default-executor-4] INFO  impl.RoleInfo (RoleInfo.java:shutdownFollowerState(121)) - 40d2d32e-dd25-45df-8070-f9dc56ccf0a7: shutdown FollowerState
2019-10-17 07:41:53,258 [grpc-default-executor-4] INFO  impl.RoleInfo (RoleInfo.java:updateAndGet(143)) - 40d2d32e-dd25-45df-8070-f9dc56ccf0a7: start FollowerState
2019-10-17 07:41:53,259 [Thread-1390] INFO  impl.FollowerState (FollowerState.java:run(117)) - 40d2d32e-dd25-45df-8070-f9dc56ccf0a7@group-7EB39FB5DF22-FollowerState was interrupted: java.lang.InterruptedException: sleep interrupted
2019-10-17 07:41:53,259 [grpc-default-executor-1] INFO  impl.RaftServerImpl (RaftServerImpl.java:setRole(184)) - 443b071d-6096-48d6-bfe7-498b7c8032c0@group-7EB39FB5DF22: changes role from  FOLLOWER to FOLLOWER at term 186 for recognizeCandidate:cbde3520-0cea-4357-bb04-1a0ae64b2bb1
2019-10-17 07:41:53,259 [grpc-default-executor-1] INFO  impl.RoleInfo (RoleInfo.java:shutdownFollowerState(121)) - 443b071d-6096-48d6-bfe7-498b7c8032c0: shutdown FollowerState
2019-10-17 07:41:53,259 [grpc-default-executor-1] INFO  impl.RoleInfo (RoleInfo.java:updateAndGet(143)) - 443b071d-6096-48d6-bfe7-498b7c8032c0: start FollowerState
2019-10-17 07:41:53,259 [Thread-1391] INFO  impl.FollowerState (FollowerState.java:run(117)) - 443b071d-6096-48d6-bfe7-498b7c8032c0@group-7EB39FB5DF22-FollowerState was interrupted: java.lang.InterruptedException: sleep interrupted
2019-10-17 07:41:53,283 [cbde3520-0cea-4357-bb04-1a0ae64b2bb1@group-7EB39FB5DF22-LeaderElection177] INFO  impl.LeaderElection (LeaderElection.java:logAndReturn(56)) - cbde3520-0cea-4357-bb04-1a0ae64b2bb1@group-7EB39FB5DF22-LeaderElection177: Election REJECTED; received 2 response(s) [cbde3520-0cea-4357-bb04-1a0ae64b2bb1<-40d2d32e-dd25-45df-8070-f9dc56ccf0a7#0:FAIL-t186, cbde3520-0cea-4357-bb04-1a0ae64b2bb1<-443b071d-6096-48d6-bfe7-498b7c8032c0#0:FAIL-t186] and 0 exception(s); cbde3520-0cea-4357-bb04-1a0ae64b2bb1@group-7EB39FB5DF22:t186, leader=null, voted=cbde3520-0cea-4357-bb04-1a0ae64b2bb1, raftlog=cbde3520-0cea-4357-bb04-1a0ae64b2bb1@group-7EB39FB5DF22-SegmentedRaftLog:OPENED:c-1,f-1,i0, conf=-1: [40d2d32e-dd25-45df-8070-f9dc56ccf0a7:192.168.34.62:41633, cbde3520-0cea-4357-bb04-1a0ae64b2bb1:192.168.34.62:41642, 443b071d-6096-48d6-bfe7-498b7c8032c0:192.168.34.62:46516], old=null
2019-10-17 07:41:53,283 [cbde3520-0cea-4357-bb04-1a0ae64b2bb1@group-7EB39FB5DF22-LeaderElection177] INFO  impl.RaftServerImpl (RaftServerImpl.java:setRole(184)) - cbde3520-0cea-4357-bb04-1a0ae64b2bb1@group-7EB39FB5DF22: changes role from CANDIDATE to FOLLOWER at term 186 for DISCOVERED_A_NEW_TERM
2019-10-17 07:41:53,283 [cbde3520-0cea-4357-bb04-1a0ae64b2bb1@group-7EB39FB5DF22-LeaderElection177] INFO  impl.RoleInfo (RoleInfo.java:shutdownLeaderElection(134)) - cbde3520-0cea-4357-bb04-1a0ae64b2bb1: shutdown LeaderElection
2019-10-17 07:41:53,283 [cbde3520-0cea-4357-bb04-1a0ae64b2bb1@group-7EB39FB5DF22-LeaderElection177] INFO  impl.RoleInfo (RoleInfo.java:updateAndGet(143)) - cbde3520-0cea-4357-bb04-1a0ae64b2bb1: start FollowerState
2019-10-17 07:41:53,353 [Thread-1396] INFO  impl.FollowerState (FollowerState.java:run(108)) - cbde3520-0cea-4357-bb04-1a0ae64b2bb1@group-7EB39FB5DF22-FollowerState: change to CANDIDATE, lastRpcTime:69ms, electionTimeout:69ms
2019-10-17 07:41:53,353 [Thread-1396] INFO  impl.RoleInfo (RoleInfo.java:shutdownFollowerState(121)) - cbde3520-0cea-4357-bb04-1a0ae64b2bb1: shutdown FollowerState
2019-10-17 07:41:53,353 [Thread-1396] INFO  impl.RaftServerImpl (RaftServerImpl.java:setRole(184)) - cbde3520-0cea-4357-bb04-1a0ae64b2bb1@group-7EB39FB5DF22: changes role from  FOLLOWER to CANDIDATE at term 186 for changeToCandidate
2019-10-17 07:41:53,353 [Thread-1396] INFO  impl.RoleInfo (RoleInfo.java:updateAndGet(143)) - cbde3520-0cea-4357-bb04-1a0ae64b2bb1: start LeaderElection
2019-10-17 07:41:53,377 [cbde3520-0cea-4357-bb04-1a0ae64b2bb1@group-7EB39FB5DF22-LeaderElection178] INFO  impl.LeaderElection (LeaderElection.java:askForVotes(178)) - cbde3520-0cea-4357-bb04-1a0ae64b2bb1@group-7EB39FB5DF22-LeaderElection178: begin an election at term 187 for -1: [40d2d32e-dd25-45df-8070-f9dc56ccf0a7:192.168.34.62:41633, cbde3520-0cea-4357-bb04-1a0ae64b2bb1:192.168.34.62:41642, 443b071d-6096-48d6-bfe7-498b7c8032c0:192.168.34.62:46516], old=null
2019-10-17 07:41:53,379 [grpc-default-executor-4] INFO  impl.RaftServerImpl (RaftServerImpl.java:setRole(184)) - 443b071d-6096-48d6-bfe7-498b7c8032c0@group-7EB39FB5DF22: changes role from  FOLLOWER to FOLLOWER at term 187 for recognizeCandidate:cbde3520-0cea-4357-bb04-1a0ae64b2bb1
2019-10-17 07:41:53,380 [grpc-default-executor-4] INFO  impl.RoleInfo (RoleInfo.java:shutdownFollowerState(121)) - 443b071d-6096-48d6-bfe7-498b7c8032c0: shutdown FollowerState
2019-10-17 07:41:53,380 [grpc-default-executor-4] INFO  impl.RoleInfo (RoleInfo.java:updateAndGet(143)) - 443b071d-6096-48d6-bfe7-498b7c8032c0: start FollowerState
2019-10-17 07:41:53,380 [Thread-1395] INFO  impl.FollowerState (FollowerState.java:run(117)) - 443b071d-6096-48d6-bfe7-498b7c8032c0@group-7EB39FB5DF22-FollowerState was interrupted: java.lang.InterruptedException: sleep interrupted
2019-10-17 07:41:53,380 [grpc-default-executor-1] INFO  impl.RaftServerImpl (RaftServerImpl.java:setRole(184)) - 40d2d32e-dd25-45df-8070-f9dc56ccf0a7@group-7EB39FB5DF22: changes role from  FOLLOWER to FOLLOWER at term 187 for recognizeCandidate:cbde3520-0cea-4357-bb04-1a0ae64b2bb1
2019-10-17 07:41:53,380 [grpc-default-executor-1] INFO  impl.RoleInfo (RoleInfo.java:shutdownFollowerState(121)) - 40d2d32e-dd25-45df-8070-f9dc56ccf0a7: shutdown FollowerState
2019-10-17 07:41:53,380 [grpc-default-executor-1] INFO  impl.RoleInfo (RoleInfo.java:updateAndGet(143)) - 40d2d32e-dd25-45df-8070-f9dc56ccf0a7: start FollowerState
2019-10-17 07:41:53,381 [Thread-1394] INFO  impl.FollowerState (FollowerState.java:run(117)) - 40d2d32e-dd25-45df-8070-f9dc56ccf0a7@group-7EB39FB5DF22-FollowerState was interrupted: java.lang.InterruptedException: sleep interrupted
2019-10-17 07:41:53,406 [cbde3520-0cea-4357-bb04-1a0ae64b2bb1@group-7EB39FB5DF22-LeaderElection178] INFO  impl.LeaderElection (LeaderElection.java:logAndReturn(56)) - cbde3520-0cea-4357-bb04-1a0ae64b2bb1@group-7EB39FB5DF22-LeaderElection178: Election REJECTED; received 2 response(s) [cbde3520-0cea-4357-bb04-1a0ae64b2bb1<-40d2d32e-dd25-45df-8070-f9dc56ccf0a7#0:FAIL-t187, cbde3520-0cea-4357-bb04-1a0ae64b2bb1<-443b071d-6096-48d6-bfe7-498b7c8032c0#0:FAIL-t187] and 0 exception(s); cbde3520-0cea-4357-bb04-1a0ae64b2bb1@group-7EB39FB5DF22:t187, leader=null, voted=cbde3520-0cea-4357-bb04-1a0ae64b2bb1, raftlog=cbde3520-0cea-4357-bb04-1a0ae64b2bb1@group-7EB39FB5DF22-SegmentedRaftLog:OPENED:c-1,f-1,i0, conf=-1: [40d2d32e-dd25-45df-8070-f9dc56ccf0a7:192.168.34.62:41633, cbde3520-0cea-4357-bb04-1a0ae64b2bb1:192.168.34.62:41642, 443b071d-6096-48d6-bfe7-498b7c8032c0:192.168.34.62:46516], old=null
2019-10-17 07:41:53,406 [cbde3520-0cea-4357-bb04-1a0ae64b2bb1@group-7EB39FB5DF22-LeaderElection178] INFO  impl.RaftServerImpl (RaftServerImpl.java:setRole(184)) - cbde3520-0cea-4357-bb04-1a0ae64b2bb1@group-7EB39FB5DF22: changes role from CANDIDATE to FOLLOWER at term 187 for DISCOVERED_A_NEW_TERM
2019-10-17 07:41:53,407 [cbde3520-0cea-4357-bb04-1a0ae64b2bb1@group-7EB39FB5DF22-LeaderElection178] INFO  impl.RoleInfo (RoleInfo.java:shutdownLeaderElection(134)) - cbde3520-0cea-4357-bb04-1a0ae64b2bb1: shutdown LeaderElection
2019-10-17 07:41:53,407 [cbde3520-0cea-4357-bb04-1a0ae64b2bb1@group-7EB39FB5DF22-LeaderElection178] INFO  impl.RoleInfo (RoleInfo.java:updateAndGet(143)) - cbde3520-0cea-4357-bb04-1a0ae64b2bb1: start FollowerState
2019-10-17 07:41:53,470 [Thread-1402] INFO  impl.FollowerState (FollowerState.java:run(108)) - cbde3520-0cea-4357-bb04-1a0ae64b2bb1@group-7EB39FB5DF22-FollowerState: change to CANDIDATE, lastRpcTime:63ms, electionTimeout:63ms
2019-10-17 07:41:53,470 [Thread-1402] INFO  impl.RoleInfo (RoleInfo.java:shutdownFollowerState(121)) - cbde3520-0cea-4357-bb04-1a0ae64b2bb1: shutdown FollowerState
2019-10-17 07:41:53,471 [Thread-1402] INFO  impl.RaftServerImpl (RaftServerImpl.java:setRole(184)) - cbde3520-0cea-4357-bb04-1a0ae64b2bb1@group-7EB39FB5DF22: changes role from  FOLLOWER to CANDIDATE at term 187 for changeToCandidate
2019-10-17 07:41:53,471 [Thread-1402] INFO  impl.RoleInfo (RoleInfo.java:updateAndGet(143)) - cbde3520-0cea-4357-bb04-1a0ae64b2bb1: start LeaderElection
2019-10-17 07:41:53,501 [cbde3520-0cea-4357-bb04-1a0ae64b2bb1@group-7EB39FB5DF22-LeaderElection179] INFO  impl.LeaderElection (LeaderElection.java:askForVotes(178)) - cbde3520-0cea-4357-bb04-1a0ae64b2bb1@group-7EB39FB5DF22-LeaderElection179: begin an election at term 188 for -1: [40d2d32e-dd25-45df-8070-f9dc56ccf0a7:192.168.34.62:41633, cbde3520-0cea-4357-bb04-1a0ae64b2bb1:192.168.34.62:41642, 443b071d-6096-48d6-bfe7-498b7c8032c0:192.168.34.62:46516], old=null
2019-10-17 07:41:53,504 [grpc-default-executor-4] INFO  impl.RaftServerImpl (RaftServerImpl.java:setRole(184)) - 40d2d32e-dd25-45df-8070-f9dc56ccf0a7@group-7EB39FB5DF22: changes role from  FOLLOWER to FOLLOWER at term 188 for recognizeCandidate:cbde3520-0cea-4357-bb04-1a0ae64b2bb1
2019-10-17 07:41:53,504 [grpc-default-executor-4] INFO  impl.RoleInfo (RoleInfo.java:shutdownFollowerState(121)) - 40d2d32e-dd25-45df-8070-f9dc56ccf0a7: shutdown FollowerState
2019-10-17 07:41:53,504 [grpc-default-executor-4] INFO  impl.RoleInfo (RoleInfo.java:updateAndGet(143)) - 40d2d32e-dd25-45df-8070-f9dc56ccf0a7: start FollowerState
2019-10-17 07:41:53,504 [Thread-1401] INFO  impl.FollowerState (FollowerState.java:run(117)) - 40d2d32e-dd25-45df-8070-f9dc56ccf0a7@group-7EB39FB5DF22-FollowerState was interrupted: java.lang.InterruptedException: sleep interrupted
2019-10-17 07:41:53,504 [grpc-default-executor-1] INFO  impl.RaftServerImpl (RaftServerImpl.java:setRole(184)) - 443b071d-6096-48d6-bfe7-498b7c8032c0@group-7EB39FB5DF22: changes role from  FOLLOWER to FOLLOWER at term 188 for recognizeCandidate:cbde3520-0cea-4357-bb04-1a0ae64b2bb1
2019-10-17 07:41:53,505 [grpc-default-executor-1] INFO  impl.RoleInfo (RoleInfo.java:shutdownFollowerState(121)) - 443b071d-6096-48d6-bfe7-498b7c8032c0: shutdown FollowerState
2019-10-17 07:41:53,505 [grpc-default-executor-1] INFO  impl.RoleInfo (RoleInfo.java:updateAndGet(143)) - 443b071d-6096-48d6-bfe7-498b7c8032c0: start FollowerState
2019-10-17 07:41:53,505 [Thread-1400] INFO  impl.FollowerState (FollowerState.java:run(117)) - 443b071d-6096-48d6-bfe7-498b7c8032c0@group-7EB39FB5DF22-FollowerState was interrupted: java.lang.InterruptedException: sleep interrupted
2019-10-17 07:41:53,527 [cbde3520-0cea-4357-bb04-1a0ae64b2bb1@group-7EB39FB5DF22-LeaderElection179] INFO  impl.LeaderElection (LeaderElection.java:logAndReturn(56)) - cbde3520-0cea-4357-bb04-1a0ae64b2bb1@group-7EB39FB5DF22-LeaderElection179: Election REJECTED; received 2 response(s) [cbde3520-0cea-4357-bb04-1a0ae64b2bb1<-40d2d32e-dd25-45df-8070-f9dc56ccf0a7#0:FAIL-t188, cbde3520-0cea-4357-bb04-1a0ae64b2bb1<-443b071d-6096-48d6-bfe7-498b7c8032c0#0:FAIL-t188] and 0 exception(s); cbde3520-0cea-4357-bb04-1a0ae64b2bb1@group-7EB39FB5DF22:t188, leader=null, voted=cbde3520-0cea-4357-bb04-1a0ae64b2bb1, raftlog=cbde3520-0cea-4357-bb04-1a0ae64b2bb1@group-7EB39FB5DF22-SegmentedRaftLog:OPENED:c-1,f-1,i0, conf=-1: [40d2d32e-dd25-45df-8070-f9dc56ccf0a7:192.168.34.62:41633, cbde3520-0cea-4357-bb04-1a0ae64b2bb1:192.168.34.62:41642, 443b071d-6096-48d6-bfe7-498b7c8032c0:192.168.34.62:46516], old=null
2019-10-17 07:41:53,528 [cbde3520-0cea-4357-bb04-1a0ae64b2bb1@group-7EB39FB5DF22-LeaderElection179] INFO  impl.RaftServerImpl (RaftServerImpl.java:setRole(184)) - cbde3520-0cea-4357-bb04-1a0ae64b2bb1@group-7EB39FB5DF22: changes role from CANDIDATE to FOLLOWER at term 188 for DISCOVERED_A_NEW_TERM
2019-10-17 07:41:53,528 [cbde3520-0cea-4357-bb04-1a0ae64b2bb1@group-7EB39FB5DF22-LeaderElection179] INFO  impl.RoleInfo (RoleInfo.java:shutdownLeaderElection(134)) - cbde3520-0cea-4357-bb04-1a0ae64b2bb1: shutdown LeaderElection
2019-10-17 07:41:53,528 [cbde3520-0cea-4357-bb04-1a0ae64b2bb1@group-7EB39FB5DF22-LeaderElection179] INFO  impl.RoleInfo (RoleInfo.java:updateAndGet(143)) - cbde3520-0cea-4357-bb04-1a0ae64b2bb1: start FollowerState
2019-10-17 07:41:53,629 [Thread-1408] INFO  impl.FollowerState (FollowerState.java:run(108)) - cbde3520-0cea-4357-bb04-1a0ae64b2bb1@group-7EB39FB5DF22-FollowerState: change to CANDIDATE, lastRpcTime:101ms, electionTimeout:101ms
2019-10-17 07:41:53,630 [Thread-1408] INFO  impl.RoleInfo (RoleInfo.java:shutdownFollowerState(121)) - cbde3520-0cea-4357-bb04-1a0ae64b2bb1: shutdown FollowerState
2019-10-17 07:41:53,630 [Thread-1408] INFO  impl.RaftServerImpl (RaftServerImpl.java:setRole(184)) - cbde3520-0cea-4357-bb04-1a0ae64b2bb1@group-7EB39FB5DF22: changes role from  FOLLOWER to CANDIDATE at term 188 for changeToCandidate
2019-10-17 07:41:53,630 [Thread-1408] INFO  impl.RoleInfo (RoleInfo.java:updateAndGet(143)) - cbde3520-0cea-4357-bb04-1a0ae64b2bb1: start LeaderElection
2019-10-17 07:41:53,672 [cbde3520-0cea-4357-bb04-1a0ae64b2bb1@group-7EB39FB5DF22-LeaderElection180] INFO  impl.LeaderElection (LeaderElection.java:askForVotes(178)) - cbde3520-0cea-4357-bb04-1a0ae64b2bb1@group-7EB39FB5DF22-LeaderElection180: begin an election at term 189 for -1: [40d2d32e-dd25-45df-8070-f9dc56ccf0a7:192.168.34.62:41633, cbde3520-0cea-4357-bb04-1a0ae64b2bb1:192.168.34.62:41642, 443b071d-6096-48d6-bfe7-498b7c8032c0:192.168.34.62:46516], old=null
2019-10-17 07:41:53,675 [grpc-default-executor-4] INFO  impl.RaftServerImpl (RaftServerImpl.java:setRole(184)) - 40d2d32e-dd25-45df-8070-f9dc56ccf0a7@group-7EB39FB5DF22: changes role from  FOLLOWER to FOLLOWER at term 189 for recognizeCandidate:cbde3520-0cea-4357-bb04-1a0ae64b2bb1
2019-10-17 07:41:53,675 [grpc-default-executor-4] INFO  impl.RoleInfo (RoleInfo.java:shutdownFollowerState(121)) - 40d2d32e-dd25-45df-8070-f9dc56ccf0a7: shutdown FollowerState
2019-10-17 07:41:53,675 [grpc-default-executor-4] INFO  impl.RoleInfo (RoleInfo.java:updateAndGet(143)) - 40d2d32e-dd25-45df-8070-f9dc56ccf0a7: start FollowerState
2019-10-17 07:41:53,675 [grpc-default-executor-1] INFO  impl.RaftServerImpl (RaftServerImpl.java:setRole(184)) - 443b071d-6096-48d6-bfe7-498b7c8032c0@group-7EB39FB5DF22: changes role from  FOLLOWER to FOLLOWER at term 189 for recognizeCandidate:cbde3520-0cea-4357-bb04-1a0ae64b2bb1
2019-10-17 07:41:53,676 [grpc-default-executor-1] INFO  impl.RoleInfo (RoleInfo.java:shutdownFollowerState(121)) - 443b071d-6096-48d6-bfe7-498b7c8032c0: shutdown FollowerState
2019-10-17 07:41:53,675 [Thread-1406] INFO  impl.FollowerState (FollowerState.java:run(117)) - 40d2d32e-dd25-45df-8070-f9dc56ccf0a7@group-7EB39FB5DF22-FollowerState was interrupted: java.lang.InterruptedException: sleep interrupted
2019-10-17 07:41:53,676 [grpc-default-executor-1] INFO  impl.RoleInfo (RoleInfo.java:updateAndGet(143)) - 443b071d-6096-48d6-bfe7-498b7c8032c0: start FollowerState
2019-10-17 07:41:53,676 [Thread-1407] INFO  impl.FollowerState (FollowerState.java:run(117)) - 443b071d-6096-48d6-bfe7-498b7c8032c0@group-7EB39FB5DF22-FollowerState was interrupted: java.lang.InterruptedException: sleep interrupted
2019-10-17 07:41:53,700 [cbde3520-0cea-4357-bb04-1a0ae64b2bb1@group-7EB39FB5DF22-LeaderElection180] INFO  impl.LeaderElection (LeaderElection.java:logAndReturn(56)) - cbde3520-0cea-4357-bb04-1a0ae64b2bb1@group-7EB39FB5DF22-LeaderElection180: Election REJECTED; received 2 response(s) [cbde3520-0cea-4357-bb04-1a0ae64b2bb1<-40d2d32e-dd25-45df-8070-f9dc56ccf0a7#0:FAIL-t189, cbde3520-0cea-4357-bb04-1a0ae64b2bb1<-443b071d-6096-48d6-bfe7-498b7c8032c0#0:FAIL-t189] and 0 exception(s); cbde3520-0cea-4357-bb04-1a0ae64b2bb1@group-7EB39FB5DF22:t189, leader=null, voted=cbde3520-0cea-4357-bb04-1a0ae64b2bb1, raftlog=cbde3520-0cea-4357-bb04-1a0ae64b2bb1@group-7EB39FB5DF22-SegmentedRaftLog:OPENED:c-1,f-1,i0, conf=-1: [40d2d32e-dd25-45df-8070-f9dc56ccf0a7:192.168.34.62:41633, cbde3520-0cea-4357-bb04-1a0ae64b2bb1:192.168.34.62:41642, 443b071d-6096-48d6-bfe7-498b7c8032c0:192.168.34.62:46516], old=null
2019-10-17 07:41:53,700 [cbde3520-0cea-4357-bb04-1a0ae64b2bb1@group-7EB39FB5DF22-LeaderElection180] INFO  impl.RaftServerImpl (RaftServerImpl.java:setRole(184)) - cbde3520-0cea-4357-bb04-1a0ae64b2bb1@group-7EB39FB5DF22: changes role from CANDIDATE to FOLLOWER at term 189 for DISCOVERED_A_NEW_TERM
2019-10-17 07:41:53,700 [cbde3520-0cea-4357-bb04-1a0ae64b2bb1@group-7EB39FB5DF22-LeaderElection180] INFO  impl.RoleInfo (RoleInfo.java:shutdownLeaderElection(134)) - cbde3520-0cea-4357-bb04-1a0ae64b2bb1: shutdown LeaderElection
2019-10-17 07:41:53,700 [cbde3520-0cea-4357-bb04-1a0ae64b2bb1@group-7EB39FB5DF22-LeaderElection180] INFO  impl.RoleInfo (RoleInfo.java:updateAndGet(143)) - cbde3520-0cea-4357-bb04-1a0ae64b2bb1: start FollowerState
2019-10-17 07:41:53,847 [Thread-1414] INFO  impl.FollowerState (FollowerState.java:run(108)) - cbde3520-0cea-4357-bb04-1a0ae64b2bb1@group-7EB39FB5DF22-FollowerState: change to CANDIDATE, lastRpcTime:146ms, electionTimeout:146ms
2019-10-17 07:41:53,847 [Thread-1414] INFO  impl.RoleInfo (RoleInfo.java:shutdownFollowerState(121)) - cbde3520-0cea-4357-bb04-1a0ae64b2bb1: shutdown FollowerState
2019-10-17 07:41:53,847 [Thread-1414] INFO  impl.RaftServerImpl (RaftServerImpl.java:setRole(184)) - cbde3520-0cea-4357-bb04-1a0ae64b2bb1@group-7EB39FB5DF22: changes role from  FOLLOWER to CANDIDATE at term 189 for changeToCandidate
2019-10-17 07:41:53,848 [Thread-1414] INFO  impl.RoleInfo (RoleInfo.java:updateAndGet(143)) - cbde3520-0cea-4357-bb04-1a0ae64b2bb1: start LeaderElection
2019-10-17 07:41:53,872 [cbde3520-0cea-4357-bb04-1a0ae64b2bb1@group-7EB39FB5DF22-LeaderElection181] INFO  impl.LeaderElection (LeaderElection.java:askForVotes(178)) - cbde3520-0cea-4357-bb04-1a0ae64b2bb1@group-7EB39FB5DF22-LeaderElection181: begin an election at term 190 for -1: [40d2d32e-dd25-45df-8070-f9dc56ccf0a7:192.168.34.62:41633, cbde3520-0cea-4357-bb04-1a0ae64b2bb1:192.168.34.62:41642, 443b071d-6096-48d6-bfe7-498b7c8032c0:192.168.34.62:46516], old=null
2019-10-17 07:41:53,875 [grpc-default-executor-4] INFO  impl.RaftServerImpl (RaftServerImpl.java:setRole(184)) - 40d2d32e-dd25-45df-8070-f9dc56ccf0a7@group-7EB39FB5DF22: changes role from  FOLLOWER to FOLLOWER at term 190 for recognizeCandidate:cbde3520-0cea-4357-bb04-1a0ae64b2bb1
2019-10-17 07:41:53,876 [grpc-default-executor-4] INFO  impl.RoleInfo (RoleInfo.java:shutdownFollowerState(121)) - 40d2d32e-dd25-45df-8070-f9dc56ccf0a7: shutdown FollowerState
2019-10-17 07:41:53,876 [grpc-default-executor-1] INFO  impl.RaftServerImpl (RaftServerImpl.java:setRole(184)) - 443b071d-6096-48d6-bfe7-498b7c8032c0@group-7EB39FB5DF22: changes role from  FOLLOWER to FOLLOWER at term 190 for recognizeCandidate:cbde3520-0cea-4357-bb04-1a0ae64b2bb1
2019-10-17 07:41:53,876 [Thread-1412] INFO  impl.FollowerState (FollowerState.java:run(117)) - 40d2d32e-dd25-45df-8070-f9dc56ccf0a7@group-7EB39FB5DF22-FollowerState was interrupted: java.lang.InterruptedException: sleep interrupted
2019-10-17 07:41:53,876 [grpc-default-executor-4] INFO  impl.RoleInfo (RoleInfo.java:updateAndGet(143)) - 40d2d32e-dd25-45df-8070-f9dc56ccf0a7: start FollowerState
2019-10-17 07:41:53,876 [grpc-default-executor-1] INFO  impl.RoleInfo (RoleInfo.java:shutdownFollowerState(121)) - 443b071d-6096-48d6-bfe7-498b7c8032c0: shutdown FollowerState
2019-10-17 07:41:53,877 [grpc-default-executor-1] INFO  impl.RoleInfo (RoleInfo.java:updateAndGet(143)) - 443b071d-6096-48d6-bfe7-498b7c8032c0: start FollowerState
2019-10-17 07:41:53,877 [Thread-1413] INFO  impl.FollowerState (FollowerState.java:run(117)) - 443b071d-6096-48d6-bfe7-498b7c8032c0@group-7EB39FB5DF22-FollowerState was interrupted: java.lang.InterruptedException: sleep interrupted
2019-10-17 07:41:53,901 [cbde3520-0cea-4357-bb04-1a0ae64b2bb1@group-7EB39FB5DF22-LeaderElection181] INFO  impl.LeaderElection (LeaderElection.java:logAndReturn(56)) - cbde3520-0cea-4357-bb04-1a0ae64b2bb1@group-7EB39FB5DF22-LeaderElection181: Election REJECTED; received 2 response(s) [cbde3520-0cea-4357-bb04-1a0ae64b2bb1<-40d2d32e-dd25-45df-8070-f9dc56ccf0a7#0:FAIL-t190, cbde3520-0cea-4357-bb04-1a0ae64b2bb1<-443b071d-6096-48d6-bfe7-498b7c8032c0#0:FAIL-t190] and 0 exception(s); cbde3520-0cea-4357-bb04-1a0ae64b2bb1@group-7EB39FB5DF22:t190, leader=null, voted=cbde3520-0cea-4357-bb04-1a0ae64b2bb1, raftlog=cbde3520-0cea-4357-bb04-1a0ae64b2bb1@group-7EB39FB5DF22-SegmentedRaftLog:OPENED:c-1,f-1,i0, conf=-1: [40d2d32e-dd25-45df-8070-f9dc56ccf0a7:192.168.34.62:41633, cbde3520-0cea-4357-bb04-1a0ae64b2bb1:192.168.34.62:41642, 443b071d-6096-48d6-bfe7-498b7c8032c0:192.168.34.62:46516], old=null
2019-10-17 07:41:53,901 [cbde3520-0cea-4357-bb04-1a0ae64b2bb1@group-7EB39FB5DF22-LeaderElection181] INFO  impl.RaftServerImpl (RaftServerImpl.java:setRole(184)) - cbde3520-0cea-4357-bb04-1a0ae64b2bb1@group-7EB39FB5DF22: changes role from CANDIDATE to FOLLOWER at term 190 for DISCOVERED_A_NEW_TERM
2019-10-17 07:41:53,901 [cbde3520-0cea-4357-bb04-1a0ae64b2bb1@group-7EB39FB5DF22-LeaderElection181] INFO  impl.RoleInfo (RoleInfo.java:shutdownLeaderElection(134)) - cbde3520-0cea-4357-bb04-1a0ae64b2bb1: shutdown LeaderElection
2019-10-17 07:41:53,901 [cbde3520-0cea-4357-bb04-1a0ae64b2bb1@group-7EB39FB5DF22-LeaderElection181] INFO  impl.RoleInfo (RoleInfo.java:updateAndGet(143)) - cbde3520-0cea-4357-bb04-1a0ae64b2bb1: start FollowerState
2019-10-17 07:41:53,945 [Thread-1420] INFO  impl.FollowerState (FollowerState.java:run(108)) - cbde3520-0cea-4357-bb04-1a0ae64b2bb1@group-7EB39FB5DF22-FollowerState: change to CANDIDATE, lastRpcTime:43ms, electionTimeout:43ms
2019-10-17 07:41:53,945 [Thread-1420] INFO  impl.RoleInfo (RoleInfo.java:shutdownFollowerState(121)) - cbde3520-0cea-4357-bb04-1a0ae64b2bb1: shutdown FollowerState
2019-10-17 07:41:53,945 [Thread-1420] INFO  impl.RaftServerImpl (RaftServerImpl.java:setRole(184)) - cbde3520-0cea-4357-bb04-1a0ae64b2bb1@group-7EB39FB5DF22: changes role from  FOLLOWER to CANDIDATE at term 190 for changeToCandidate
2019-10-17 07:41:53,945 [Thread-1420] INFO  impl.RoleInfo (RoleInfo.java:updateAndGet(143)) - cbde3520-0cea-4357-bb04-1a0ae64b2bb1: start LeaderElection
2019-10-17 07:41:53,959 [cbde3520-0cea-4357-bb04-1a0ae64b2bb1@group-7EB39FB5DF22-LeaderElection182] INFO  impl.LeaderElection (LeaderElection.java:askForVotes(178)) - cbde3520-0cea-4357-bb04-1a0ae64b2bb1@group-7EB39FB5DF22-LeaderElection182: begin an election at term 191 for -1: [40d2d32e-dd25-45df-8070-f9dc56ccf0a7:192.168.34.62:41633, cbde3520-0cea-4357-bb04-1a0ae64b2bb1:192.168.34.62:41642, 443b071d-6096-48d6-bfe7-498b7c8032c0:192.168.34.62:46516], old=null
2019-10-17 07:41:53,962 [grpc-default-executor-4] INFO  impl.RaftServerImpl (RaftServerImpl.java:setRole(184)) - 443b071d-6096-48d6-bfe7-498b7c8032c0@group-7EB39FB5DF22: changes role from  FOLLOWER to FOLLOWER at term 191 for recognizeCandidate:cbde3520-0cea-4357-bb04-1a0ae64b2bb1
2019-10-17 07:41:53,962 [grpc-default-executor-4] INFO  impl.RoleInfo (RoleInfo.java:shutdownFollowerState(121)) - 443b071d-6096-48d6-bfe7-498b7c8032c0: shutdown FollowerState
2019-10-17 07:41:53,962 [grpc-default-executor-1] INFO  impl.RaftServerImpl (RaftServerImpl.java:setRole(184)) - 40d2d32e-dd25-45df-8070-f9dc56ccf0a7@group-7EB39FB5DF22: changes role from  FOLLOWER to FOLLOWER at term 191 for recognizeCandidate:cbde3520-0cea-4357-bb04-1a0ae64b2bb1
2019-10-17 07:41:53,962 [Thread-1419] INFO  impl.FollowerState (FollowerState.java:run(117)) - 443b071d-6096-48d6-bfe7-498b7c8032c0@group-7EB39FB5DF22-FollowerState was interrupted: java.lang.InterruptedException: sleep interrupted
2019-10-17 07:41:53,962 [grpc-default-executor-4] INFO  impl.RoleInfo (RoleInfo.java:updateAndGet(143)) - 443b071d-6096-48d6-bfe7-498b7c8032c0: start FollowerState
2019-10-17 07:41:53,962 [grpc-default-executor-1] INFO  impl.RoleInfo (RoleInfo.java:shutdownFollowerState(121)) - 40d2d32e-dd25-45df-8070-f9dc56ccf0a7: shutdown FollowerState
2019-10-17 07:41:53,963 [grpc-default-executor-1] INFO  impl.RoleInfo (RoleInfo.java:updateAndGet(143)) - 40d2d32e-dd25-45df-8070-f9dc56ccf0a7: start FollowerState
2019-10-17 07:41:53,963 [Thread-1418] INFO  impl.FollowerState (FollowerState.java:run(117)) - 40d2d32e-dd25-45df-8070-f9dc56ccf0a7@group-7EB39FB5DF22-FollowerState was interrupted: java.lang.InterruptedException: sleep interrupted
2019-10-17 07:41:53,977 [cbde3520-0cea-4357-bb04-1a0ae64b2bb1@group-7EB39FB5DF22-LeaderElection182] INFO  impl.LeaderElection (LeaderElection.java:logAndReturn(56)) - cbde3520-0cea-4357-bb04-1a0ae64b2bb1@group-7EB39FB5DF22-LeaderElection182: Election REJECTED; received 2 response(s) [cbde3520-0cea-4357-bb04-1a0ae64b2bb1<-40d2d32e-dd25-45df-8070-f9dc56ccf0a7#0:FAIL-t191, cbde3520-0cea-4357-bb04-1a0ae64b2bb1<-443b071d-6096-48d6-bfe7-498b7c8032c0#0:FAIL-t191] and 0 exception(s); cbde3520-0cea-4357-bb04-1a0ae64b2bb1@group-7EB39FB5DF22:t191, leader=null, voted=cbde3520-0cea-4357-bb04-1a0ae64b2bb1, raftlog=cbde3520-0cea-4357-bb04-1a0ae64b2bb1@group-7EB39FB5DF22-SegmentedRaftLog:OPENED:c-1,f-1,i0, conf=-1: [40d2d32e-dd25-45df-8070-f9dc56ccf0a7:192.168.34.62:41633, cbde3520-0cea-4357-bb04-1a0ae64b2bb1:192.168.34.62:41642, 443b071d-6096-48d6-bfe7-498b7c8032c0:192.168.34.62:46516], old=null
2019-10-17 07:41:53,977 [cbde3520-0cea-4357-bb04-1a0ae64b2bb1@group-7EB39FB5DF22-LeaderElection182] INFO  impl.RaftServerImpl (RaftServerImpl.java:setRole(184)) - cbde3520-0cea-4357-bb04-1a0ae64b2bb1@group-7EB39FB5DF22: changes role from CANDIDATE to FOLLOWER at term 191 for DISCOVERED_A_NEW_TERM
2019-10-17 07:41:53,978 [cbde3520-0cea-4357-bb04-1a0ae64b2bb1@group-7EB39FB5DF22-LeaderElection182] INFO  impl.RoleInfo (RoleInfo.java:shutdownLeaderElection(134)) - cbde3520-0cea-4357-bb04-1a0ae64b2bb1: shutdown LeaderElection
2019-10-17 07:41:53,978 [cbde3520-0cea-4357-bb04-1a0ae64b2bb1@group-7EB39FB5DF22-LeaderElection182] INFO  impl.RoleInfo (RoleInfo.java:updateAndGet(143)) - cbde3520-0cea-4357-bb04-1a0ae64b2bb1: start FollowerState
2019-10-17 07:41:54,077 [Thread-1426] INFO  impl.FollowerState (FollowerState.java:run(108)) - cbde3520-0cea-4357-bb04-1a0ae64b2bb1@group-7EB39FB5DF22-FollowerState: change to CANDIDATE, lastRpcTime:99ms, electionTimeout:99ms
2019-10-17 07:41:54,077 [Thread-1426] INFO  impl.RoleInfo (RoleInfo.java:shutdownFollowerState(121)) - cbde3520-0cea-4357-bb04-1a0ae64b2bb1: shutdown FollowerState
2019-10-17 07:41:54,078 [Thread-1426] INFO  impl.RaftServerImpl (RaftServerImpl.java:setRole(184)) - cbde3520-0cea-4357-bb04-1a0ae64b2bb1@group-7EB39FB5DF22: changes role from  FOLLOWER to CANDIDATE at term 191 for changeToCandidate
2019-10-17 07:41:54,078 [Thread-1426] INFO  impl.RoleInfo (RoleInfo.java:updateAndGet(143)) - cbde3520-0cea-4357-bb04-1a0ae64b2bb1: start LeaderElection
2019-10-17 07:41:54,102 [cbde3520-0cea-4357-bb04-1a0ae64b2bb1@group-7EB39FB5DF22-LeaderElection183] INFO  impl.LeaderElection (LeaderElection.java:askForVotes(178)) - cbde3520-0cea-4357-bb04-1a0ae64b2bb1@group-7EB39FB5DF22-LeaderElection183: begin an election at term 192 for -1: [40d2d32e-dd25-45df-8070-f9dc56ccf0a7:192.168.34.62:41633, cbde3520-0cea-4357-bb04-1a0ae64b2bb1:192.168.34.62:41642, 443b071d-6096-48d6-bfe7-498b7c8032c0:192.168.34.62:46516], old=null
2019-10-17 07:41:54,105 [grpc-default-executor-4] INFO  impl.RaftServerImpl (RaftServerImpl.java:setRole(184)) - 40d2d32e-dd25-45df-8070-f9dc56ccf0a7@group-7EB39FB5DF22: changes role from  FOLLOWER to FOLLOWER at term 192 for recognizeCandidate:cbde3520-0cea-4357-bb04-1a0ae64b2bb1
2019-10-17 07:41:54,105 [grpc-default-executor-1] INFO  impl.RaftServerImpl (RaftServerImpl.java:setRole(184)) - 443b071d-6096-48d6-bfe7-498b7c8032c0@group-7EB39FB5DF22: changes role from  FOLLOWER to FOLLOWER at term 192 for recognizeCandidate:cbde3520-0cea-4357-bb04-1a0ae64b2bb1
2019-10-17 07:41:54,105 [grpc-default-executor-4] INFO  impl.RoleInfo (RoleInfo.java:shutdownFollowerState(121)) - 40d2d32e-dd25-45df-8070-f9dc56ccf0a7: shutdown FollowerState
2019-10-17 07:41:54,105 [grpc-default-executor-1] INFO  impl.RoleInfo (RoleInfo.java:shutdownFollowerState(121)) - 443b071d-6096-48d6-bfe7-498b7c8032c0: shutdown FollowerState
2019-10-17 07:41:54,105 [Thread-1425] INFO  impl.FollowerState (FollowerState.java:run(117)) - 40d2d32e-dd25-45df-8070-f9dc56ccf0a7@group-7EB39FB5DF22-FollowerState was interrupted: java.lang.InterruptedException: sleep interrupted
2019-10-17 07:41:54,105 [grpc-default-executor-4] INFO  impl.RoleInfo (RoleInfo.java:updateAndGet(143)) - 40d2d32e-dd25-45df-8070-f9dc56ccf0a7: start FollowerState
2019-10-17 07:41:54,105 [Thread-1424] INFO  impl.FollowerState (FollowerState.java:run(117)) - 443b071d-6096-48d6-bfe7-498b7c8032c0@group-7EB39FB5DF22-FollowerState was interrupted: java.lang.InterruptedException: sleep interrupted
2019-10-17 07:41:54,105 [grpc-default-executor-1] INFO  impl.RoleInfo (RoleInfo.java:updateAndGet(143)) - 443b071d-6096-48d6-bfe7-498b7c8032c0: start FollowerState
2019-10-17 07:41:54,130 [cbde3520-0cea-4357-bb04-1a0ae64b2bb1@group-7EB39FB5DF22-LeaderElection183] INFO  impl.LeaderElection (LeaderElection.java:logAndReturn(56)) - cbde3520-0cea-4357-bb04-1a0ae64b2bb1@group-7EB39FB5DF22-LeaderElection183: Election REJECTED; received 2 response(s) [cbde3520-0cea-4357-bb04-1a0ae64b2bb1<-40d2d32e-dd25-45df-8070-f9dc56ccf0a7#0:FAIL-t192, cbde3520-0cea-4357-bb04-1a0ae64b2bb1<-443b071d-6096-48d6-bfe7-498b7c8032c0#0:FAIL-t192] and 0 exception(s); cbde3520-0cea-4357-bb04-1a0ae64b2bb1@group-7EB39FB5DF22:t192, leader=null, voted=cbde3520-0cea-4357-bb04-1a0ae64b2bb1, raftlog=cbde3520-0cea-4357-bb04-1a0ae64b2bb1@group-7EB39FB5DF22-SegmentedRaftLog:OPENED:c-1,f-1,i0, conf=-1: [40d2d32e-dd25-45df-8070-f9dc56ccf0a7:192.168.34.62:41633, cbde3520-0cea-4357-bb04-1a0ae64b2bb1:192.168.34.62:41642, 443b071d-6096-48d6-bfe7-498b7c8032c0:192.168.34.62:46516], old=null
2019-10-17 07:41:54,130 [cbde3520-0cea-4357-bb04-1a0ae64b2bb1@group-7EB39FB5DF22-LeaderElection183] INFO  impl.RaftServerImpl (RaftServerImpl.java:setRole(184)) - cbde3520-0cea-4357-bb04-1a0ae64b2bb1@group-7EB39FB5DF22: changes role from CANDIDATE to FOLLOWER at term 192 for DISCOVERED_A_NEW_TERM
2019-10-17 07:41:54,131 [cbde3520-0cea-4357-bb04-1a0ae64b2bb1@group-7EB39FB5DF22-LeaderElection183] INFO  impl.RoleInfo (RoleInfo.java:shutdownLeaderElection(134)) - cbde3520-0cea-4357-bb04-1a0ae64b2bb1: shutdown LeaderElection
2019-10-17 07:41:54,131 [cbde3520-0cea-4357-bb04-1a0ae64b2bb1@group-7EB39FB5DF22-LeaderElection183] INFO  impl.RoleInfo (RoleInfo.java:updateAndGet(143)) - cbde3520-0cea-4357-bb04-1a0ae64b2bb1: start FollowerState
2019-10-17 07:41:54,142 [Thread-1432] INFO  impl.FollowerState (FollowerState.java:run(108)) - cbde3520-0cea-4357-bb04-1a0ae64b2bb1@group-7EB39FB5DF22-FollowerState: change to CANDIDATE, lastRpcTime:11ms, electionTimeout:11ms
2019-10-17 07:41:54,142 [Thread-1432] INFO  impl.RoleInfo (RoleInfo.java:shutdownFollowerState(121)) - cbde3520-0cea-4357-bb04-1a0ae64b2bb1: shutdown FollowerState
2019-10-17 07:41:54,142 [Thread-1432] INFO  impl.RaftServerImpl (RaftServerImpl.java:setRole(184)) - cbde3520-0cea-4357-bb04-1a0ae64b2bb1@group-7EB39FB5DF22: changes role from  FOLLOWER to CANDIDATE at term 192 for changeToCandidate
2019-10-17 07:41:54,143 [Thread-1432] INFO  impl.RoleInfo (RoleInfo.java:updateAndGet(143)) - cbde3520-0cea-4357-bb04-1a0ae64b2bb1: start LeaderElection
2019-10-17 07:41:54,166 [cbde3520-0cea-4357-bb04-1a0ae64b2bb1@group-7EB39FB5DF22-LeaderElection184] INFO  impl.LeaderElection (LeaderElection.java:askForVotes(178)) - cbde3520-0cea-4357-bb04-1a0ae64b2bb1@group-7EB39FB5DF22-LeaderElection184: begin an election at term 193 for -1: [40d2d32e-dd25-45df-8070-f9dc56ccf0a7:192.168.34.62:41633, cbde3520-0cea-4357-bb04-1a0ae64b2bb1:192.168.34.62:41642, 443b071d-6096-48d6-bfe7-498b7c8032c0:192.168.34.62:46516], old=null
2019-10-17 07:41:54,169 [grpc-default-executor-1] INFO  impl.RaftServerImpl (RaftServerImpl.java:setRole(184)) - 443b071d-6096-48d6-bfe7-498b7c8032c0@group-7EB39FB5DF22: changes role from  FOLLOWER to FOLLOWER at term 193 for recognizeCandidate:cbde3520-0cea-4357-bb04-1a0ae64b2bb1
2019-10-17 07:41:54,169 [grpc-default-executor-1] INFO  impl.RoleInfo (RoleInfo.java:shutdownFollowerState(121)) - 443b071d-6096-48d6-bfe7-498b7c8032c0: shutdown FollowerState
2019-10-17 07:41:54,169 [grpc-default-executor-1] INFO  impl.RoleInfo (RoleInfo.java:updateAndGet(143)) - 443b071d-6096-48d6-bfe7-498b7c8032c0: start FollowerState
2019-10-17 07:41:54,169 [Thread-1431] INFO  impl.FollowerState (FollowerState.java:run(117)) - 443b071d-6096-48d6-bfe7-498b7c8032c0@group-7EB39FB5DF22-FollowerState was interrupted: java.lang.InterruptedException: sleep interrupted
2019-10-17 07:41:54,170 [grpc-default-executor-4] INFO  impl.RaftServerImpl (RaftServerImpl.java:setRole(184)) - 40d2d32e-dd25-45df-8070-f9dc56ccf0a7@group-7EB39FB5DF22: changes role from  FOLLOWER to FOLLOWER at term 193 for recognizeCandidate:cbde3520-0cea-4357-bb04-1a0ae64b2bb1
2019-10-17 07:41:54,170 [grpc-default-executor-4] INFO  impl.RoleInfo (RoleInfo.java:shutdownFollowerState(121)) - 40d2d32e-dd25-45df-8070-f9dc56ccf0a7: shutdown FollowerState
2019-10-17 07:41:54,170 [grpc-default-executor-4] INFO  impl.RoleInfo (RoleInfo.java:updateAndGet(143)) - 40d2d32e-dd25-45df-8070-f9dc56ccf0a7: start FollowerState
2019-10-17 07:41:54,170 [Thread-1430] INFO  impl.FollowerState (FollowerState.java:run(117)) - 40d2d32e-dd25-45df-8070-f9dc56ccf0a7@group-7EB39FB5DF22-FollowerState was interrupted: java.lang.InterruptedException: sleep interrupted
2019-10-17 07:41:54,192 [cbde3520-0cea-4357-bb04-1a0ae64b2bb1@group-7EB39FB5DF22-LeaderElection184] INFO  impl.LeaderElection (LeaderElection.java:logAndReturn(56)) - cbde3520-0cea-4357-bb04-1a0ae64b2bb1@group-7EB39FB5DF22-LeaderElection184: Election REJECTED; received 2 response(s) [cbde3520-0cea-4357-bb04-1a0ae64b2bb1<-40d2d32e-dd25-45df-8070-f9dc56ccf0a7#0:FAIL-t193, cbde3520-0cea-4357-bb04-1a0ae64b2bb1<-443b071d-6096-48d6-bfe7-498b7c8032c0#0:FAIL-t193] and 0 exception(s); cbde3520-0cea-4357-bb04-1a0ae64b2bb1@group-7EB39FB5DF22:t193, leader=null, voted=cbde3520-0cea-4357-bb04-1a0ae64b2bb1, raftlog=cbde3520-0cea-4357-bb04-1a0ae64b2bb1@group-7EB39FB5DF22-SegmentedRaftLog:OPENED:c-1,f-1,i0, conf=-1: [40d2d32e-dd25-45df-8070-f9dc56ccf0a7:192.168.34.62:41633, cbde3520-0cea-4357-bb04-1a0ae64b2bb1:192.168.34.62:41642, 443b071d-6096-48d6-bfe7-498b7c8032c0:192.168.34.62:46516], old=null
2019-10-17 07:41:54,193 [cbde3520-0cea-4357-bb04-1a0ae64b2bb1@group-7EB39FB5DF22-LeaderElection184] INFO  impl.RaftServerImpl (RaftServerImpl.java:setRole(184)) - cbde3520-0cea-4357-bb04-1a0ae64b2bb1@group-7EB39FB5DF22: changes role from CANDIDATE to FOLLOWER at term 193 for DISCOVERED_A_NEW_TERM
2019-10-17 07:41:54,193 [cbde3520-0cea-4357-bb04-1a0ae64b2bb1@group-7EB39FB5DF22-LeaderElection184] INFO  impl.RoleInfo (RoleInfo.java:shutdownLeaderElection(134)) - cbde3520-0cea-4357-bb04-1a0ae64b2bb1: shutdown LeaderElection
2019-10-17 07:41:54,193 [cbde3520-0cea-4357-bb04-1a0ae64b2bb1@group-7EB39FB5DF22-LeaderElection184] INFO  impl.RoleInfo (RoleInfo.java:updateAndGet(143)) - cbde3520-0cea-4357-bb04-1a0ae64b2bb1: start FollowerState
2019-10-17 07:41:54,214 [main] INFO  ozone.MiniOzoneClusterImpl (MiniOzoneClusterImpl.java:lambda$waitForClusterToBeReady$2(164)) - Waiting for 1 number of pipelines out of 5, to report a leader.
2019-10-17 07:41:54,232 [Thread-1438] INFO  impl.FollowerState (FollowerState.java:run(108)) - cbde3520-0cea-4357-bb04-1a0ae64b2bb1@group-7EB39FB5DF22-FollowerState: change to CANDIDATE, lastRpcTime:39ms, electionTimeout:39ms
2019-10-17 07:41:54,232 [Thread-1438] INFO  impl.RoleInfo (RoleInfo.java:shutdownFollowerState(121)) - cbde3520-0cea-4357-bb04-1a0ae64b2bb1: shutdown FollowerState
2019-10-17 07:41:54,233 [Thread-1438] INFO  impl.RaftServerImpl (RaftServerImpl.java:setRole(184)) - cbde3520-0cea-4357-bb04-1a0ae64b2bb1@group-7EB39FB5DF22: changes role from  FOLLOWER to CANDIDATE at term 193 for changeToCandidate
2019-10-17 07:41:54,233 [Thread-1438] INFO  impl.RoleInfo (RoleInfo.java:updateAndGet(143)) - cbde3520-0cea-4357-bb04-1a0ae64b2bb1: start LeaderElection
2019-10-17 07:41:54,257 [cbde3520-0cea-4357-bb04-1a0ae64b2bb1@group-7EB39FB5DF22-LeaderElection185] INFO  impl.LeaderElection (LeaderElection.java:askForVotes(178)) - cbde3520-0cea-4357-bb04-1a0ae64b2bb1@group-7EB39FB5DF22-LeaderElection185: begin an election at term 194 for -1: [40d2d32e-dd25-45df-8070-f9dc56ccf0a7:192.168.34.62:41633, cbde3520-0cea-4357-bb04-1a0ae64b2bb1:192.168.34.62:41642, 443b071d-6096-48d6-bfe7-498b7c8032c0:192.168.34.62:46516], old=null
2019-10-17 07:41:54,260 [grpc-default-executor-1] INFO  impl.RaftServerImpl (RaftServerImpl.java:setRole(184)) - 40d2d32e-dd25-45df-8070-f9dc56ccf0a7@group-7EB39FB5DF22: changes role from  FOLLOWER to FOLLOWER at term 194 for recognizeCandidate:cbde3520-0cea-4357-bb04-1a0ae64b2bb1
2019-10-17 07:41:54,260 [grpc-default-executor-1] INFO  impl.RoleInfo (RoleInfo.java:shutdownFollowerState(121)) - 40d2d32e-dd25-45df-8070-f9dc56ccf0a7: shutdown FollowerState
2019-10-17 07:41:54,261 [grpc-default-executor-1] INFO  impl.RoleInfo (RoleInfo.java:updateAndGet(143)) - 40d2d32e-dd25-45df-8070-f9dc56ccf0a7: start FollowerState
2019-10-17 07:41:54,261 [Thread-1437] INFO  impl.FollowerState (FollowerState.java:run(117)) - 40d2d32e-dd25-45df-8070-f9dc56ccf0a7@group-7EB39FB5DF22-FollowerState was interrupted: java.lang.InterruptedException: sleep interrupted
2019-10-17 07:41:54,261 [grpc-default-executor-4] INFO  impl.RaftServerImpl (RaftServerImpl.java:setRole(184)) - 443b071d-6096-48d6-bfe7-498b7c8032c0@group-7EB39FB5DF22: changes role from  FOLLOWER to FOLLOWER at term 194 for recognizeCandidate:cbde3520-0cea-4357-bb04-1a0ae64b2bb1
2019-10-17 07:41:54,261 [grpc-default-executor-4] INFO  impl.RoleInfo (RoleInfo.java:shutdownFollowerState(121)) - 443b071d-6096-48d6-bfe7-498b7c8032c0: shutdown FollowerState
2019-10-17 07:41:54,261 [grpc-default-executor-4] INFO  impl.RoleInfo (RoleInfo.java:updateAndGet(143)) - 443b071d-6096-48d6-bfe7-498b7c8032c0: start FollowerState
2019-10-17 07:41:54,261 [Thread-1436] INFO  impl.FollowerState (FollowerState.java:run(117)) - 443b071d-6096-48d6-bfe7-498b7c8032c0@group-7EB39FB5DF22-FollowerState was interrupted: java.lang.InterruptedException: sleep interrupted
2019-10-17 07:41:54,287 [cbde3520-0cea-4357-bb04-1a0ae64b2bb1@group-7EB39FB5DF22-LeaderElection185] INFO  impl.LeaderElection (LeaderElection.java:logAndReturn(56)) - cbde3520-0cea-4357-bb04-1a0ae64b2bb1@group-7EB39FB5DF22-LeaderElection185: Election REJECTED; received 2 response(s) [cbde3520-0cea-4357-bb04-1a0ae64b2bb1<-40d2d32e-dd25-45df-8070-f9dc56ccf0a7#0:FAIL-t194, cbde3520-0cea-4357-bb04-1a0ae64b2bb1<-443b071d-6096-48d6-bfe7-498b7c8032c0#0:FAIL-t194] and 0 exception(s); cbde3520-0cea-4357-bb04-1a0ae64b2bb1@group-7EB39FB5DF22:t194, leader=null, voted=cbde3520-0cea-4357-bb04-1a0ae64b2bb1, raftlog=cbde3520-0cea-4357-bb04-1a0ae64b2bb1@group-7EB39FB5DF22-SegmentedRaftLog:OPENED:c-1,f-1,i0, conf=-1: [40d2d32e-dd25-45df-8070-f9dc56ccf0a7:192.168.34.62:41633, cbde3520-0cea-4357-bb04-1a0ae64b2bb1:192.168.34.62:41642, 443b071d-6096-48d6-bfe7-498b7c8032c0:192.168.34.62:46516], old=null
2019-10-17 07:41:54,288 [cbde3520-0cea-4357-bb04-1a0ae64b2bb1@group-7EB39FB5DF22-LeaderElection185] INFO  impl.RaftServerImpl (RaftServerImpl.java:setRole(184)) - cbde3520-0cea-4357-bb04-1a0ae64b2bb1@group-7EB39FB5DF22: changes role from CANDIDATE to FOLLOWER at term 194 for DISCOVERED_A_NEW_TERM
2019-10-17 07:41:54,288 [cbde3520-0cea-4357-bb04-1a0ae64b2bb1@group-7EB39FB5DF22-LeaderElection185] INFO  impl.RoleInfo (RoleInfo.java:shutdownLeaderElection(134)) - cbde3520-0cea-4357-bb04-1a0ae64b2bb1: shutdown LeaderElection
2019-10-17 07:41:54,288 [cbde3520-0cea-4357-bb04-1a0ae64b2bb1@group-7EB39FB5DF22-LeaderElection185] INFO  impl.RoleInfo (RoleInfo.java:updateAndGet(143)) - cbde3520-0cea-4357-bb04-1a0ae64b2bb1: start FollowerState
2019-10-17 07:41:54,378 [Thread-1444] INFO  impl.FollowerState (FollowerState.java:run(108)) - cbde3520-0cea-4357-bb04-1a0ae64b2bb1@group-7EB39FB5DF22-FollowerState: change to CANDIDATE, lastRpcTime:90ms, electionTimeout:90ms
2019-10-17 07:41:54,379 [Thread-1444] INFO  impl.RoleInfo (RoleInfo.java:shutdownFollowerState(121)) - cbde3520-0cea-4357-bb04-1a0ae64b2bb1: shutdown FollowerState
2019-10-17 07:41:54,379 [Thread-1444] INFO  impl.RaftServerImpl (RaftServerImpl.java:setRole(184)) - cbde3520-0cea-4357-bb04-1a0ae64b2bb1@group-7EB39FB5DF22: changes role from  FOLLOWER to CANDIDATE at term 194 for changeToCandidate
2019-10-17 07:41:54,379 [Thread-1444] INFO  impl.RoleInfo (RoleInfo.java:updateAndGet(143)) - cbde3520-0cea-4357-bb04-1a0ae64b2bb1: start LeaderElection
2019-10-17 07:41:54,403 [cbde3520-0cea-4357-bb04-1a0ae64b2bb1@group-7EB39FB5DF22-LeaderElection186] INFO  impl.LeaderElection (LeaderElection.java:askForVotes(178)) - cbde3520-0cea-4357-bb04-1a0ae64b2bb1@group-7EB39FB5DF22-LeaderElection186: begin an election at term 195 for -1: [40d2d32e-dd25-45df-8070-f9dc56ccf0a7:192.168.34.62:41633, cbde3520-0cea-4357-bb04-1a0ae64b2bb1:192.168.34.62:41642, 443b071d-6096-48d6-bfe7-498b7c8032c0:192.168.34.62:46516], old=null
2019-10-17 07:41:54,406 [grpc-default-executor-1] INFO  impl.RaftServerImpl (RaftServerImpl.java:setRole(184)) - 40d2d32e-dd25-45df-8070-f9dc56ccf0a7@group-7EB39FB5DF22: changes role from  FOLLOWER to FOLLOWER at term 195 for recognizeCandidate:cbde3520-0cea-4357-bb04-1a0ae64b2bb1
2019-10-17 07:41:54,406 [grpc-default-executor-1] INFO  impl.RoleInfo (RoleInfo.java:shutdownFollowerState(121)) - 40d2d32e-dd25-45df-8070-f9dc56ccf0a7: shutdown FollowerState
2019-10-17 07:41:54,406 [grpc-default-executor-4] INFO  impl.RaftServerImpl (RaftServerImpl.java:setRole(184)) - 443b071d-6096-48d6-bfe7-498b7c8032c0@group-7EB39FB5DF22: changes role from  FOLLOWER to FOLLOWER at term 195 for recognizeCandidate:cbde3520-0cea-4357-bb04-1a0ae64b2bb1
2019-10-17 07:41:54,407 [grpc-default-executor-4] INFO  impl.RoleInfo (RoleInfo.java:shutdownFollowerState(121)) - 443b071d-6096-48d6-bfe7-498b7c8032c0: shutdown FollowerState
2019-10-17 07:41:54,406 [Thread-1442] INFO  impl.FollowerState (FollowerState.java:run(117)) - 40d2d32e-dd25-45df-8070-f9dc56ccf0a7@group-7EB39FB5DF22-FollowerState was interrupted: java.lang.InterruptedException: sleep interrupted
2019-10-17 07:41:54,406 [grpc-default-executor-1] INFO  impl.RoleInfo (RoleInfo.java:updateAndGet(143)) - 40d2d32e-dd25-45df-8070-f9dc56ccf0a7: start FollowerState
2019-10-17 07:41:54,407 [Thread-1443] INFO  impl.FollowerState (FollowerState.java:run(117)) - 443b071d-6096-48d6-bfe7-498b7c8032c0@group-7EB39FB5DF22-FollowerState was interrupted: java.lang.InterruptedException: sleep interrupted
2019-10-17 07:41:54,407 [grpc-default-executor-4] INFO  impl.RoleInfo (RoleInfo.java:updateAndGet(143)) - 443b071d-6096-48d6-bfe7-498b7c8032c0: start FollowerState
2019-10-17 07:41:54,433 [cbde3520-0cea-4357-bb04-1a0ae64b2bb1@group-7EB39FB5DF22-LeaderElection186] INFO  impl.LeaderElection (LeaderElection.java:logAndReturn(56)) - cbde3520-0cea-4357-bb04-1a0ae64b2bb1@group-7EB39FB5DF22-LeaderElection186: Election REJECTED; received 2 response(s) [cbde3520-0cea-4357-bb04-1a0ae64b2bb1<-40d2d32e-dd25-45df-8070-f9dc56ccf0a7#0:FAIL-t195, cbde3520-0cea-4357-bb04-1a0ae64b2bb1<-443b071d-6096-48d6-bfe7-498b7c8032c0#0:FAIL-t195] and 0 exception(s); cbde3520-0cea-4357-bb04-1a0ae64b2bb1@group-7EB39FB5DF22:t195, leader=null, voted=cbde3520-0cea-4357-bb04-1a0ae64b2bb1, raftlog=cbde3520-0cea-4357-bb04-1a0ae64b2bb1@group-7EB39FB5DF22-SegmentedRaftLog:OPENED:c-1,f-1,i0, conf=-1: [40d2d32e-dd25-45df-8070-f9dc56ccf0a7:192.168.34.62:41633, cbde3520-0cea-4357-bb04-1a0ae64b2bb1:192.168.34.62:41642, 443b071d-6096-48d6-bfe7-498b7c8032c0:192.168.34.62:46516], old=null
2019-10-17 07:41:54,435 [cbde3520-0cea-4357-bb04-1a0ae64b2bb1@group-7EB39FB5DF22-LeaderElection186] INFO  impl.RaftServerImpl (RaftServerImpl.java:setRole(184)) - cbde3520-0cea-4357-bb04-1a0ae64b2bb1@group-7EB39FB5DF22: changes role from CANDIDATE to FOLLOWER at term 195 for DISCOVERED_A_NEW_TERM
2019-10-17 07:41:54,435 [cbde3520-0cea-4357-bb04-1a0ae64b2bb1@group-7EB39FB5DF22-LeaderElection186] INFO  impl.RoleInfo (RoleInfo.java:shutdownLeaderElection(134)) - cbde3520-0cea-4357-bb04-1a0ae64b2bb1: shutdown LeaderElection
2019-10-17 07:41:54,435 [cbde3520-0cea-4357-bb04-1a0ae64b2bb1@group-7EB39FB5DF22-LeaderElection186] INFO  impl.RoleInfo (RoleInfo.java:updateAndGet(143)) - cbde3520-0cea-4357-bb04-1a0ae64b2bb1: start FollowerState
2019-10-17 07:41:54,535 [Thread-1450] INFO  impl.FollowerState (FollowerState.java:run(108)) - cbde3520-0cea-4357-bb04-1a0ae64b2bb1@group-7EB39FB5DF22-FollowerState: change to CANDIDATE, lastRpcTime:99ms, electionTimeout:99ms
2019-10-17 07:41:54,535 [Thread-1450] INFO  impl.RoleInfo (RoleInfo.java:shutdownFollowerState(121)) - cbde3520-0cea-4357-bb04-1a0ae64b2bb1: shutdown FollowerState
2019-10-17 07:41:54,535 [Thread-1450] INFO  impl.RaftServerImpl (RaftServerImpl.java:setRole(184)) - cbde3520-0cea-4357-bb04-1a0ae64b2bb1@group-7EB39FB5DF22: changes role from  FOLLOWER to CANDIDATE at term 195 for changeToCandidate
2019-10-17 07:41:54,535 [Thread-1450] INFO  impl.RoleInfo (RoleInfo.java:updateAndGet(143)) - cbde3520-0cea-4357-bb04-1a0ae64b2bb1: start LeaderElection
2019-10-17 07:41:54,559 [cbde3520-0cea-4357-bb04-1a0ae64b2bb1@group-7EB39FB5DF22-LeaderElection187] INFO  impl.LeaderElection (LeaderElection.java:askForVotes(178)) - cbde3520-0cea-4357-bb04-1a0ae64b2bb1@group-7EB39FB5DF22-LeaderElection187: begin an election at term 196 for -1: [40d2d32e-dd25-45df-8070-f9dc56ccf0a7:192.168.34.62:41633, cbde3520-0cea-4357-bb04-1a0ae64b2bb1:192.168.34.62:41642, 443b071d-6096-48d6-bfe7-498b7c8032c0:192.168.34.62:46516], old=null
2019-10-17 07:41:54,564 [grpc-default-executor-4] INFO  impl.RaftServerImpl (RaftServerImpl.java:setRole(184)) - 443b071d-6096-48d6-bfe7-498b7c8032c0@group-7EB39FB5DF22: changes role from  FOLLOWER to FOLLOWER at term 196 for recognizeCandidate:cbde3520-0cea-4357-bb04-1a0ae64b2bb1
2019-10-17 07:41:54,564 [grpc-default-executor-4] INFO  impl.RoleInfo (RoleInfo.java:shutdownFollowerState(121)) - 443b071d-6096-48d6-bfe7-498b7c8032c0: shutdown FollowerState
2019-10-17 07:41:54,564 [grpc-default-executor-1] INFO  impl.RaftServerImpl (RaftServerImpl.java:setRole(184)) - 40d2d32e-dd25-45df-8070-f9dc56ccf0a7@group-7EB39FB5DF22: changes role from  FOLLOWER to FOLLOWER at term 196 for recognizeCandidate:cbde3520-0cea-4357-bb04-1a0ae64b2bb1
2019-10-17 07:41:54,564 [Thread-1449] INFO  impl.FollowerState (FollowerState.java:run(117)) - 443b071d-6096-48d6-bfe7-498b7c8032c0@group-7EB39FB5DF22-FollowerState was interrupted: java.lang.InterruptedException: sleep interrupted
2019-10-17 07:41:54,564 [grpc-default-executor-4] INFO  impl.RoleInfo (RoleInfo.java:updateAndGet(143)) - 443b071d-6096-48d6-bfe7-498b7c8032c0: start FollowerState
2019-10-17 07:41:54,564 [grpc-default-executor-1] INFO  impl.RoleInfo (RoleInfo.java:shutdownFollowerState(121)) - 40d2d32e-dd25-45df-8070-f9dc56ccf0a7: shutdown FollowerState
2019-10-17 07:41:54,565 [grpc-default-executor-1] INFO  impl.RoleInfo (RoleInfo.java:updateAndGet(143)) - 40d2d32e-dd25-45df-8070-f9dc56ccf0a7: start FollowerState
2019-10-17 07:41:54,565 [Thread-1448] INFO  impl.FollowerState (FollowerState.java:run(117)) - 40d2d32e-dd25-45df-8070-f9dc56ccf0a7@group-7EB39FB5DF22-FollowerState was interrupted: java.lang.InterruptedException: sleep interrupted
2019-10-17 07:41:54,579 [cbde3520-0cea-4357-bb04-1a0ae64b2bb1@group-7EB39FB5DF22-LeaderElection187] INFO  impl.LeaderElection (LeaderElection.java:logAndReturn(56)) - cbde3520-0cea-4357-bb04-1a0ae64b2bb1@group-7EB39FB5DF22-LeaderElection187: Election REJECTED; received 2 response(s) [cbde3520-0cea-4357-bb04-1a0ae64b2bb1<-40d2d32e-dd25-45df-8070-f9dc56ccf0a7#0:FAIL-t196, cbde3520-0cea-4357-bb04-1a0ae64b2bb1<-443b071d-6096-48d6-bfe7-498b7c8032c0#0:FAIL-t196] and 0 exception(s); cbde3520-0cea-4357-bb04-1a0ae64b2bb1@group-7EB39FB5DF22:t196, leader=null, voted=cbde3520-0cea-4357-bb04-1a0ae64b2bb1, raftlog=cbde3520-0cea-4357-bb04-1a0ae64b2bb1@group-7EB39FB5DF22-SegmentedRaftLog:OPENED:c-1,f-1,i0, conf=-1: [40d2d32e-dd25-45df-8070-f9dc56ccf0a7:192.168.34.62:41633, cbde3520-0cea-4357-bb04-1a0ae64b2bb1:192.168.34.62:41642, 443b071d-6096-48d6-bfe7-498b7c8032c0:192.168.34.62:46516], old=null
2019-10-17 07:41:54,579 [cbde3520-0cea-4357-bb04-1a0ae64b2bb1@group-7EB39FB5DF22-LeaderElection187] INFO  impl.RaftServerImpl (RaftServerImpl.java:setRole(184)) - cbde3520-0cea-4357-bb04-1a0ae64b2bb1@group-7EB39FB5DF22: changes role from CANDIDATE to FOLLOWER at term 196 for DISCOVERED_A_NEW_TERM
2019-10-17 07:41:54,579 [cbde3520-0cea-4357-bb04-1a0ae64b2bb1@group-7EB39FB5DF22-LeaderElection187] INFO  impl.RoleInfo (RoleInfo.java:shutdownLeaderElection(134)) - cbde3520-0cea-4357-bb04-1a0ae64b2bb1: shutdown LeaderElection
2019-10-17 07:41:54,579 [cbde3520-0cea-4357-bb04-1a0ae64b2bb1@group-7EB39FB5DF22-LeaderElection187] INFO  impl.RoleInfo (RoleInfo.java:updateAndGet(143)) - cbde3520-0cea-4357-bb04-1a0ae64b2bb1: start FollowerState
2019-10-17 07:41:54,693 [Thread-1456] INFO  impl.FollowerState (FollowerState.java:run(108)) - cbde3520-0cea-4357-bb04-1a0ae64b2bb1@group-7EB39FB5DF22-FollowerState: change to CANDIDATE, lastRpcTime:113ms, electionTimeout:113ms
2019-10-17 07:41:54,693 [Thread-1456] INFO  impl.RoleInfo (RoleInfo.java:shutdownFollowerState(121)) - cbde3520-0cea-4357-bb04-1a0ae64b2bb1: shutdown FollowerState
2019-10-17 07:41:54,693 [Thread-1456] INFO  impl.RaftServerImpl (RaftServerImpl.java:setRole(184)) - cbde3520-0cea-4357-bb04-1a0ae64b2bb1@group-7EB39FB5DF22: changes role from  FOLLOWER to CANDIDATE at term 196 for changeToCandidate
2019-10-17 07:41:54,693 [Thread-1456] INFO  impl.RoleInfo (RoleInfo.java:updateAndGet(143)) - cbde3520-0cea-4357-bb04-1a0ae64b2bb1: start LeaderElection
2019-10-17 07:41:54,715 [cbde3520-0cea-4357-bb04-1a0ae64b2bb1@group-7EB39FB5DF22-LeaderElection188] INFO  impl.LeaderElection (LeaderElection.java:askForVotes(178)) - cbde3520-0cea-4357-bb04-1a0ae64b2bb1@group-7EB39FB5DF22-LeaderElection188: begin an election at term 197 for -1: [40d2d32e-dd25-45df-8070-f9dc56ccf0a7:192.168.34.62:41633, cbde3520-0cea-4357-bb04-1a0ae64b2bb1:192.168.34.62:41642, 443b071d-6096-48d6-bfe7-498b7c8032c0:192.168.34.62:46516], old=null
2019-10-17 07:41:54,718 [grpc-default-executor-4] INFO  impl.RaftServerImpl (RaftServerImpl.java:setRole(184)) - 40d2d32e-dd25-45df-8070-f9dc56ccf0a7@group-7EB39FB5DF22: changes role from  FOLLOWER to FOLLOWER at term 197 for recognizeCandidate:cbde3520-0cea-4357-bb04-1a0ae64b2bb1
2019-10-17 07:41:54,718 [grpc-default-executor-4] INFO  impl.RoleInfo (RoleInfo.java:shutdownFollowerState(121)) - 40d2d32e-dd25-45df-8070-f9dc56ccf0a7: shutdown FollowerState
2019-10-17 07:41:54,718 [grpc-default-executor-4] INFO  impl.RoleInfo (RoleInfo.java:updateAndGet(143)) - 40d2d32e-dd25-45df-8070-f9dc56ccf0a7: start FollowerState
2019-10-17 07:41:54,719 [Thread-1455] INFO  impl.FollowerState (FollowerState.java:run(117)) - 40d2d32e-dd25-45df-8070-f9dc56ccf0a7@group-7EB39FB5DF22-FollowerState was interrupted: java.lang.InterruptedException: sleep interrupted
2019-10-17 07:41:54,719 [grpc-default-executor-1] INFO  impl.RaftServerImpl (RaftServerImpl.java:setRole(184)) - 443b071d-6096-48d6-bfe7-498b7c8032c0@group-7EB39FB5DF22: changes role from  FOLLOWER to FOLLOWER at term 197 for recognizeCandidate:cbde3520-0cea-4357-bb04-1a0ae64b2bb1
2019-10-17 07:41:54,719 [grpc-default-executor-1] INFO  impl.RoleInfo (RoleInfo.java:shutdownFollowerState(121)) - 443b071d-6096-48d6-bfe7-498b7c8032c0: shutdown FollowerState
2019-10-17 07:41:54,719 [grpc-default-executor-1] INFO  impl.RoleInfo (RoleInfo.java:updateAndGet(143)) - 443b071d-6096-48d6-bfe7-498b7c8032c0: start FollowerState
2019-10-17 07:41:54,719 [Thread-1454] INFO  impl.FollowerState (FollowerState.java:run(117)) - 443b071d-6096-48d6-bfe7-498b7c8032c0@group-7EB39FB5DF22-FollowerState was interrupted: java.lang.InterruptedException: sleep interrupted
2019-10-17 07:41:54,732 [cbde3520-0cea-4357-bb04-1a0ae64b2bb1@group-7EB39FB5DF22-LeaderElection188] INFO  impl.LeaderElection (LeaderElection.java:logAndReturn(56)) - cbde3520-0cea-4357-bb04-1a0ae64b2bb1@group-7EB39FB5DF22-LeaderElection188: Election REJECTED; received 2 response(s) [cbde3520-0cea-4357-bb04-1a0ae64b2bb1<-40d2d32e-dd25-45df-8070-f9dc56ccf0a7#0:FAIL-t197, cbde3520-0cea-4357-bb04-1a0ae64b2bb1<-443b071d-6096-48d6-bfe7-498b7c8032c0#0:FAIL-t197] and 0 exception(s); cbde3520-0cea-4357-bb04-1a0ae64b2bb1@group-7EB39FB5DF22:t197, leader=null, voted=cbde3520-0cea-4357-bb04-1a0ae64b2bb1, raftlog=cbde3520-0cea-4357-bb04-1a0ae64b2bb1@group-7EB39FB5DF22-SegmentedRaftLog:OPENED:c-1,f-1,i0, conf=-1: [40d2d32e-dd25-45df-8070-f9dc56ccf0a7:192.168.34.62:41633, cbde3520-0cea-4357-bb04-1a0ae64b2bb1:192.168.34.62:41642, 443b071d-6096-48d6-bfe7-498b7c8032c0:192.168.34.62:46516], old=null
2019-10-17 07:41:54,733 [cbde3520-0cea-4357-bb04-1a0ae64b2bb1@group-7EB39FB5DF22-LeaderElection188] INFO  impl.RaftServerImpl (RaftServerImpl.java:setRole(184)) - cbde3520-0cea-4357-bb04-1a0ae64b2bb1@group-7EB39FB5DF22: changes role from CANDIDATE to FOLLOWER at term 197 for DISCOVERED_A_NEW_TERM
2019-10-17 07:41:54,733 [cbde3520-0cea-4357-bb04-1a0ae64b2bb1@group-7EB39FB5DF22-LeaderElection188] INFO  impl.RoleInfo (RoleInfo.java:shutdownLeaderElection(134)) - cbde3520-0cea-4357-bb04-1a0ae64b2bb1: shutdown LeaderElection
2019-10-17 07:41:54,733 [cbde3520-0cea-4357-bb04-1a0ae64b2bb1@group-7EB39FB5DF22-LeaderElection188] INFO  impl.RoleInfo (RoleInfo.java:updateAndGet(143)) - cbde3520-0cea-4357-bb04-1a0ae64b2bb1: start FollowerState
2019-10-17 07:41:54,883 [Thread-1462] INFO  impl.FollowerState (FollowerState.java:run(108)) - cbde3520-0cea-4357-bb04-1a0ae64b2bb1@group-7EB39FB5DF22-FollowerState: change to CANDIDATE, lastRpcTime:150ms, electionTimeout:150ms
2019-10-17 07:41:54,884 [Thread-1462] INFO  impl.RoleInfo (RoleInfo.java:shutdownFollowerState(121)) - cbde3520-0cea-4357-bb04-1a0ae64b2bb1: shutdown FollowerState
2019-10-17 07:41:54,884 [Thread-1462] INFO  impl.RaftServerImpl (RaftServerImpl.java:setRole(184)) - cbde3520-0cea-4357-bb04-1a0ae64b2bb1@group-7EB39FB5DF22: changes role from  FOLLOWER to CANDIDATE at term 197 for changeToCandidate
2019-10-17 07:41:54,884 [Thread-1462] INFO  impl.RoleInfo (RoleInfo.java:updateAndGet(143)) - cbde3520-0cea-4357-bb04-1a0ae64b2bb1: start LeaderElection
2019-10-17 07:41:54,908 [cbde3520-0cea-4357-bb04-1a0ae64b2bb1@group-7EB39FB5DF22-LeaderElection189] INFO  impl.LeaderElection (LeaderElection.java:askForVotes(178)) - cbde3520-0cea-4357-bb04-1a0ae64b2bb1@group-7EB39FB5DF22-LeaderElection189: begin an election at term 198 for -1: [40d2d32e-dd25-45df-8070-f9dc56ccf0a7:192.168.34.62:41633, cbde3520-0cea-4357-bb04-1a0ae64b2bb1:192.168.34.62:41642, 443b071d-6096-48d6-bfe7-498b7c8032c0:192.168.34.62:46516], old=null
2019-10-17 07:41:54,911 [grpc-default-executor-1] INFO  impl.RaftServerImpl (RaftServerImpl.java:setRole(184)) - 40d2d32e-dd25-45df-8070-f9dc56ccf0a7@group-7EB39FB5DF22: changes role from  FOLLOWER to FOLLOWER at term 198 for recognizeCandidate:cbde3520-0cea-4357-bb04-1a0ae64b2bb1
2019-10-17 07:41:54,911 [grpc-default-executor-4] INFO  impl.RaftServerImpl (RaftServerImpl.java:setRole(184)) - 443b071d-6096-48d6-bfe7-498b7c8032c0@group-7EB39FB5DF22: changes role from  FOLLOWER to FOLLOWER at term 198 for recognizeCandidate:cbde3520-0cea-4357-bb04-1a0ae64b2bb1
2019-10-17 07:41:54,912 [grpc-default-executor-4] INFO  impl.RoleInfo (RoleInfo.java:shutdownFollowerState(121)) - 443b071d-6096-48d6-bfe7-498b7c8032c0: shutdown FollowerState
2019-10-17 07:41:54,911 [grpc-default-executor-1] INFO  impl.RoleInfo (RoleInfo.java:shutdownFollowerState(121)) - 40d2d32e-dd25-45df-8070-f9dc56ccf0a7: shutdown FollowerState
2019-10-17 07:41:54,912 [Thread-1461] INFO  impl.FollowerState (FollowerState.java:run(117)) - 443b071d-6096-48d6-bfe7-498b7c8032c0@group-7EB39FB5DF22-FollowerState was interrupted: java.lang.InterruptedException: sleep interrupted
2019-10-17 07:41:54,912 [Thread-1460] INFO  impl.FollowerState (FollowerState.java:run(117)) - 40d2d32e-dd25-45df-8070-f9dc56ccf0a7@group-7EB39FB5DF22-FollowerState was interrupted: java.lang.InterruptedException: sleep interrupted
2019-10-17 07:41:54,912 [cbde3520-0cea-4357-bb04-1a0ae64b2bb1@group-7EB39FB5DF22-LeaderElection189] INFO  impl.LeaderElection (LeaderElection.java:logAndReturn(56)) - cbde3520-0cea-4357-bb04-1a0ae64b2bb1@group-7EB39FB5DF22-LeaderElection189: Election TIMEOUT; received 0 response(s) [] and 0 exception(s); cbde3520-0cea-4357-bb04-1a0ae64b2bb1@group-7EB39FB5DF22:t198, leader=null, voted=cbde3520-0cea-4357-bb04-1a0ae64b2bb1, raftlog=cbde3520-0cea-4357-bb04-1a0ae64b2bb1@group-7EB39FB5DF22-SegmentedRaftLog:OPENED:c-1,f-1,i0, conf=-1: [40d2d32e-dd25-45df-8070-f9dc56ccf0a7:192.168.34.62:41633, cbde3520-0cea-4357-bb04-1a0ae64b2bb1:192.168.34.62:41642, 443b071d-6096-48d6-bfe7-498b7c8032c0:192.168.34.62:46516], old=null
2019-10-17 07:41:54,912 [grpc-default-executor-4] INFO  impl.RoleInfo (RoleInfo.java:updateAndGet(143)) - 443b071d-6096-48d6-bfe7-498b7c8032c0: start FollowerState
2019-10-17 07:41:54,912 [grpc-default-executor-1] INFO  impl.RoleInfo (RoleInfo.java:updateAndGet(143)) - 40d2d32e-dd25-45df-8070-f9dc56ccf0a7: start FollowerState
2019-10-17 07:41:54,927 [cbde3520-0cea-4357-bb04-1a0ae64b2bb1@group-7EB39FB5DF22-LeaderElection189] INFO  impl.LeaderElection (LeaderElection.java:askForVotes(178)) - cbde3520-0cea-4357-bb04-1a0ae64b2bb1@group-7EB39FB5DF22-LeaderElection189: begin an election at term 199 for -1: [40d2d32e-dd25-45df-8070-f9dc56ccf0a7:192.168.34.62:41633, cbde3520-0cea-4357-bb04-1a0ae64b2bb1:192.168.34.62:41642, 443b071d-6096-48d6-bfe7-498b7c8032c0:192.168.34.62:46516], old=null
2019-10-17 07:41:54,929 [grpc-default-executor-4] INFO  impl.RaftServerImpl (RaftServerImpl.java:setRole(184)) - 40d2d32e-dd25-45df-8070-f9dc56ccf0a7@group-7EB39FB5DF22: changes role from  FOLLOWER to FOLLOWER at term 199 for recognizeCandidate:cbde3520-0cea-4357-bb04-1a0ae64b2bb1
2019-10-17 07:41:54,929 [grpc-default-executor-4] INFO  impl.RoleInfo (RoleInfo.java:shutdownFollowerState(121)) - 40d2d32e-dd25-45df-8070-f9dc56ccf0a7: shutdown FollowerState
2019-10-17 07:41:54,929 [grpc-default-executor-4] INFO  impl.RoleInfo (RoleInfo.java:updateAndGet(143)) - 40d2d32e-dd25-45df-8070-f9dc56ccf0a7: start FollowerState
2019-10-17 07:41:54,929 [Thread-1467] INFO  impl.FollowerState (FollowerState.java:run(117)) - 40d2d32e-dd25-45df-8070-f9dc56ccf0a7@group-7EB39FB5DF22-FollowerState was interrupted: java.lang.InterruptedException: sleep interrupted
2019-10-17 07:41:54,930 [grpc-default-executor-1] INFO  impl.RaftServerImpl (RaftServerImpl.java:setRole(184)) - 443b071d-6096-48d6-bfe7-498b7c8032c0@group-7EB39FB5DF22: changes role from  FOLLOWER to FOLLOWER at term 199 for recognizeCandidate:cbde3520-0cea-4357-bb04-1a0ae64b2bb1
2019-10-17 07:41:54,930 [grpc-default-executor-1] INFO  impl.RoleInfo (RoleInfo.java:shutdownFollowerState(121)) - 443b071d-6096-48d6-bfe7-498b7c8032c0: shutdown FollowerState
2019-10-17 07:41:54,930 [Thread-1466] INFO  impl.FollowerState (FollowerState.java:run(117)) - 443b071d-6096-48d6-bfe7-498b7c8032c0@group-7EB39FB5DF22-FollowerState was interrupted: java.lang.InterruptedException: sleep interrupted
2019-10-17 07:41:54,930 [grpc-default-executor-1] INFO  impl.RoleInfo (RoleInfo.java:updateAndGet(143)) - 443b071d-6096-48d6-bfe7-498b7c8032c0: start FollowerState
2019-10-17 07:41:54,962 [cbde3520-0cea-4357-bb04-1a0ae64b2bb1@group-7EB39FB5DF22-LeaderElection189] INFO  impl.LeaderElection (LeaderElection.java:logAndReturn(56)) - cbde3520-0cea-4357-bb04-1a0ae64b2bb1@group-7EB39FB5DF22-LeaderElection189: Election REJECTED; received 2 response(s) [cbde3520-0cea-4357-bb04-1a0ae64b2bb1<-40d2d32e-dd25-45df-8070-f9dc56ccf0a7#0:FAIL-t199, cbde3520-0cea-4357-bb04-1a0ae64b2bb1<-443b071d-6096-48d6-bfe7-498b7c8032c0#0:FAIL-t199] and 0 exception(s); cbde3520-0cea-4357-bb04-1a0ae64b2bb1@group-7EB39FB5DF22:t199, leader=null, voted=cbde3520-0cea-4357-bb04-1a0ae64b2bb1, raftlog=cbde3520-0cea-4357-bb04-1a0ae64b2bb1@group-7EB39FB5DF22-SegmentedRaftLog:OPENED:c-1,f-1,i0, conf=-1: [40d2d32e-dd25-45df-8070-f9dc56ccf0a7:192.168.34.62:41633, cbde3520-0cea-4357-bb04-1a0ae64b2bb1:192.168.34.62:41642, 443b071d-6096-48d6-bfe7-498b7c8032c0:192.168.34.62:46516], old=null
2019-10-17 07:41:54,963 [cbde3520-0cea-4357-bb04-1a0ae64b2bb1@group-7EB39FB5DF22-LeaderElection189] INFO  impl.RaftServerImpl (RaftServerImpl.java:setRole(184)) - cbde3520-0cea-4357-bb04-1a0ae64b2bb1@group-7EB39FB5DF22: changes role from CANDIDATE to FOLLOWER at term 199 for DISCOVERED_A_NEW_TERM
2019-10-17 07:41:54,963 [cbde3520-0cea-4357-bb04-1a0ae64b2bb1@group-7EB39FB5DF22-LeaderElection189] INFO  impl.RoleInfo (RoleInfo.java:shutdownLeaderElection(134)) - cbde3520-0cea-4357-bb04-1a0ae64b2bb1: shutdown LeaderElection
2019-10-17 07:41:54,963 [cbde3520-0cea-4357-bb04-1a0ae64b2bb1@group-7EB39FB5DF22-LeaderElection189] INFO  impl.RoleInfo (RoleInfo.java:updateAndGet(143)) - cbde3520-0cea-4357-bb04-1a0ae64b2bb1: start FollowerState
2019-10-17 07:41:55,052 [Thread-1472] INFO  impl.FollowerState (FollowerState.java:run(108)) - cbde3520-0cea-4357-bb04-1a0ae64b2bb1@group-7EB39FB5DF22-FollowerState: change to CANDIDATE, lastRpcTime:88ms, electionTimeout:88ms
2019-10-17 07:41:55,052 [Thread-1472] INFO  impl.RoleInfo (RoleInfo.java:shutdownFollowerState(121)) - cbde3520-0cea-4357-bb04-1a0ae64b2bb1: shutdown FollowerState
2019-10-17 07:41:55,052 [Thread-1472] INFO  impl.RaftServerImpl (RaftServerImpl.java:setRole(184)) - cbde3520-0cea-4357-bb04-1a0ae64b2bb1@group-7EB39FB5DF22: changes role from  FOLLOWER to CANDIDATE at term 199 for changeToCandidate
2019-10-17 07:41:55,053 [Thread-1472] INFO  impl.RoleInfo (RoleInfo.java:updateAndGet(143)) - cbde3520-0cea-4357-bb04-1a0ae64b2bb1: start LeaderElection
2019-10-17 07:41:55,077 [cbde3520-0cea-4357-bb04-1a0ae64b2bb1@group-7EB39FB5DF22-LeaderElection190] INFO  impl.LeaderElection (LeaderElection.java:askForVotes(178)) - cbde3520-0cea-4357-bb04-1a0ae64b2bb1@group-7EB39FB5DF22-LeaderElection190: begin an election at term 200 for -1: [40d2d32e-dd25-45df-8070-f9dc56ccf0a7:192.168.34.62:41633, cbde3520-0cea-4357-bb04-1a0ae64b2bb1:192.168.34.62:41642, 443b071d-6096-48d6-bfe7-498b7c8032c0:192.168.34.62:46516], old=null
2019-10-17 07:41:55,080 [grpc-default-executor-4] INFO  impl.RaftServerImpl (RaftServerImpl.java:setRole(184)) - 40d2d32e-dd25-45df-8070-f9dc56ccf0a7@group-7EB39FB5DF22: changes role from  FOLLOWER to FOLLOWER at term 200 for recognizeCandidate:cbde3520-0cea-4357-bb04-1a0ae64b2bb1
2019-10-17 07:41:55,081 [grpc-default-executor-4] INFO  impl.RoleInfo (RoleInfo.java:shutdownFollowerState(121)) - 40d2d32e-dd25-45df-8070-f9dc56ccf0a7: shutdown FollowerState
2019-10-17 07:41:55,081 [grpc-default-executor-1] INFO  impl.RaftServerImpl (RaftServerImpl.java:setRole(184)) - 443b071d-6096-48d6-bfe7-498b7c8032c0@group-7EB39FB5DF22: changes role from  FOLLOWER to FOLLOWER at term 200 for recognizeCandidate:cbde3520-0cea-4357-bb04-1a0ae64b2bb1
2019-10-17 07:41:55,081 [grpc-default-executor-4] INFO  impl.RoleInfo (RoleInfo.java:updateAndGet(143)) - 40d2d32e-dd25-45df-8070-f9dc56ccf0a7: start FollowerState
2019-10-17 07:41:55,081 [Thread-1470] INFO  impl.FollowerState (FollowerState.java:run(117)) - 40d2d32e-dd25-45df-8070-f9dc56ccf0a7@group-7EB39FB5DF22-FollowerState was interrupted: java.lang.InterruptedException: sleep interrupted
2019-10-17 07:41:55,081 [grpc-default-executor-1] INFO  impl.RoleInfo (RoleInfo.java:shutdownFollowerState(121)) - 443b071d-6096-48d6-bfe7-498b7c8032c0: shutdown FollowerState
2019-10-17 07:41:55,082 [grpc-default-executor-1] INFO  impl.RoleInfo (RoleInfo.java:updateAndGet(143)) - 443b071d-6096-48d6-bfe7-498b7c8032c0: start FollowerState
2019-10-17 07:41:55,082 [Thread-1471] INFO  impl.FollowerState (FollowerState.java:run(117)) - 443b071d-6096-48d6-bfe7-498b7c8032c0@group-7EB39FB5DF22-FollowerState was interrupted: java.lang.InterruptedException: sleep interrupted
2019-10-17 07:41:55,096 [cbde3520-0cea-4357-bb04-1a0ae64b2bb1@group-7EB39FB5DF22-LeaderElection190] INFO  impl.LeaderElection (LeaderElection.java:logAndReturn(56)) - cbde3520-0cea-4357-bb04-1a0ae64b2bb1@group-7EB39FB5DF22-LeaderElection190: Election REJECTED; received 2 response(s) [cbde3520-0cea-4357-bb04-1a0ae64b2bb1<-40d2d32e-dd25-45df-8070-f9dc56ccf0a7#0:FAIL-t200, cbde3520-0cea-4357-bb04-1a0ae64b2bb1<-443b071d-6096-48d6-bfe7-498b7c8032c0#0:FAIL-t200] and 0 exception(s); cbde3520-0cea-4357-bb04-1a0ae64b2bb1@group-7EB39FB5DF22:t200, leader=null, voted=cbde3520-0cea-4357-bb04-1a0ae64b2bb1, raftlog=cbde3520-0cea-4357-bb04-1a0ae64b2bb1@group-7EB39FB5DF22-SegmentedRaftLog:OPENED:c-1,f-1,i0, conf=-1: [40d2d32e-dd25-45df-8070-f9dc56ccf0a7:192.168.34.62:41633, cbde3520-0cea-4357-bb04-1a0ae64b2bb1:192.168.34.62:41642, 443b071d-6096-48d6-bfe7-498b7c8032c0:192.168.34.62:46516], old=null
2019-10-17 07:41:55,096 [cbde3520-0cea-4357-bb04-1a0ae64b2bb1@group-7EB39FB5DF22-LeaderElection190] INFO  impl.RaftServerImpl (RaftServerImpl.java:setRole(184)) - cbde3520-0cea-4357-bb04-1a0ae64b2bb1@group-7EB39FB5DF22: changes role from CANDIDATE to FOLLOWER at term 200 for DISCOVERED_A_NEW_TERM
2019-10-17 07:41:55,096 [cbde3520-0cea-4357-bb04-1a0ae64b2bb1@group-7EB39FB5DF22-LeaderElection190] INFO  impl.RoleInfo (RoleInfo.java:shutdownLeaderElection(134)) - cbde3520-0cea-4357-bb04-1a0ae64b2bb1: shutdown LeaderElection
2019-10-17 07:41:55,096 [cbde3520-0cea-4357-bb04-1a0ae64b2bb1@group-7EB39FB5DF22-LeaderElection190] INFO  impl.RoleInfo (RoleInfo.java:updateAndGet(143)) - cbde3520-0cea-4357-bb04-1a0ae64b2bb1: start FollowerState
2019-10-17 07:41:55,152 [Thread-1478] INFO  impl.FollowerState (FollowerState.java:run(108)) - cbde3520-0cea-4357-bb04-1a0ae64b2bb1@group-7EB39FB5DF22-FollowerState: change to CANDIDATE, lastRpcTime:55ms, electionTimeout:55ms
2019-10-17 07:41:55,152 [Thread-1478] INFO  impl.RoleInfo (RoleInfo.java:shutdownFollowerState(121)) - cbde3520-0cea-4357-bb04-1a0ae64b2bb1: shutdown FollowerState
2019-10-17 07:41:55,152 [Thread-1478] INFO  impl.RaftServerImpl (RaftServerImpl.java:setRole(184)) - cbde3520-0cea-4357-bb04-1a0ae64b2bb1@group-7EB39FB5DF22: changes role from  FOLLOWER to CANDIDATE at term 200 for changeToCandidate
2019-10-17 07:41:55,152 [Thread-1478] INFO  impl.RoleInfo (RoleInfo.java:updateAndGet(143)) - cbde3520-0cea-4357-bb04-1a0ae64b2bb1: start LeaderElection
2019-10-17 07:41:55,177 [cbde3520-0cea-4357-bb04-1a0ae64b2bb1@group-7EB39FB5DF22-LeaderElection191] INFO  impl.LeaderElection (LeaderElection.java:askForVotes(178)) - cbde3520-0cea-4357-bb04-1a0ae64b2bb1@group-7EB39FB5DF22-LeaderElection191: begin an election at term 201 for -1: [40d2d32e-dd25-45df-8070-f9dc56ccf0a7:192.168.34.62:41633, cbde3520-0cea-4357-bb04-1a0ae64b2bb1:192.168.34.62:41642, 443b071d-6096-48d6-bfe7-498b7c8032c0:192.168.34.62:46516], old=null
2019-10-17 07:41:55,179 [grpc-default-executor-4] INFO  impl.RaftServerImpl (RaftServerImpl.java:setRole(184)) - 40d2d32e-dd25-45df-8070-f9dc56ccf0a7@group-7EB39FB5DF22: changes role from  FOLLOWER to FOLLOWER at term 201 for recognizeCandidate:cbde3520-0cea-4357-bb04-1a0ae64b2bb1
2019-10-17 07:41:55,179 [grpc-default-executor-4] INFO  impl.RoleInfo (RoleInfo.java:shutdownFollowerState(121)) - 40d2d32e-dd25-45df-8070-f9dc56ccf0a7: shutdown FollowerState
2019-10-17 07:41:55,179 [grpc-default-executor-4] INFO  impl.RoleInfo (RoleInfo.java:updateAndGet(143)) - 40d2d32e-dd25-45df-8070-f9dc56ccf0a7: start FollowerState
2019-10-17 07:41:55,180 [Thread-1476] INFO  impl.FollowerState (FollowerState.java:run(117)) - 40d2d32e-dd25-45df-8070-f9dc56ccf0a7@group-7EB39FB5DF22-FollowerState was interrupted: java.lang.InterruptedException: sleep interrupted
2019-10-17 07:41:55,180 [grpc-default-executor-1] INFO  impl.RaftServerImpl (RaftServerImpl.java:setRole(184)) - 443b071d-6096-48d6-bfe7-498b7c8032c0@group-7EB39FB5DF22: changes role from  FOLLOWER to FOLLOWER at term 201 for recognizeCandidate:cbde3520-0cea-4357-bb04-1a0ae64b2bb1
2019-10-17 07:41:55,180 [grpc-default-executor-1] INFO  impl.RoleInfo (RoleInfo.java:shutdownFollowerState(121)) - 443b071d-6096-48d6-bfe7-498b7c8032c0: shutdown FollowerState
2019-10-17 07:41:55,180 [grpc-default-executor-1] INFO  impl.RoleInfo (RoleInfo.java:updateAndGet(143)) - 443b071d-6096-48d6-bfe7-498b7c8032c0: start FollowerState
2019-10-17 07:41:55,180 [Thread-1477] INFO  impl.FollowerState (FollowerState.java:run(117)) - 443b071d-6096-48d6-bfe7-498b7c8032c0@group-7EB39FB5DF22-FollowerState was interrupted: java.lang.InterruptedException: sleep interrupted
2019-10-17 07:41:55,203 [cbde3520-0cea-4357-bb04-1a0ae64b2bb1@group-7EB39FB5DF22-LeaderElection191] INFO  impl.LeaderElection (LeaderElection.java:logAndReturn(56)) - cbde3520-0cea-4357-bb04-1a0ae64b2bb1@group-7EB39FB5DF22-LeaderElection191: Election REJECTED; received 2 response(s) [cbde3520-0cea-4357-bb04-1a0ae64b2bb1<-40d2d32e-dd25-45df-8070-f9dc56ccf0a7#0:FAIL-t201, cbde3520-0cea-4357-bb04-1a0ae64b2bb1<-443b071d-6096-48d6-bfe7-498b7c8032c0#0:FAIL-t201] and 0 exception(s); cbde3520-0cea-4357-bb04-1a0ae64b2bb1@group-7EB39FB5DF22:t201, leader=null, voted=cbde3520-0cea-4357-bb04-1a0ae64b2bb1, raftlog=cbde3520-0cea-4357-bb04-1a0ae64b2bb1@group-7EB39FB5DF22-SegmentedRaftLog:OPENED:c-1,f-1,i0, conf=-1: [40d2d32e-dd25-45df-8070-f9dc56ccf0a7:192.168.34.62:41633, cbde3520-0cea-4357-bb04-1a0ae64b2bb1:192.168.34.62:41642, 443b071d-6096-48d6-bfe7-498b7c8032c0:192.168.34.62:46516], old=null
2019-10-17 07:41:55,203 [cbde3520-0cea-4357-bb04-1a0ae64b2bb1@group-7EB39FB5DF22-LeaderElection191] INFO  impl.RaftServerImpl (RaftServerImpl.java:setRole(184)) - cbde3520-0cea-4357-bb04-1a0ae64b2bb1@group-7EB39FB5DF22: changes role from CANDIDATE to FOLLOWER at term 201 for DISCOVERED_A_NEW_TERM
2019-10-17 07:41:55,203 [cbde3520-0cea-4357-bb04-1a0ae64b2bb1@group-7EB39FB5DF22-LeaderElection191] INFO  impl.RoleInfo (RoleInfo.java:shutdownLeaderElection(134)) - cbde3520-0cea-4357-bb04-1a0ae64b2bb1: shutdown LeaderElection
2019-10-17 07:41:55,203 [cbde3520-0cea-4357-bb04-1a0ae64b2bb1@group-7EB39FB5DF22-LeaderElection191] INFO  impl.RoleInfo (RoleInfo.java:updateAndGet(143)) - cbde3520-0cea-4357-bb04-1a0ae64b2bb1: start FollowerState
2019-10-17 07:41:55,214 [main] INFO  ozone.MiniOzoneClusterImpl (MiniOzoneClusterImpl.java:lambda$waitForClusterToBeReady$2(164)) - Waiting for 1 number of pipelines out of 5, to report a leader.
2019-10-17 07:41:55,274 [Thread-1484] INFO  impl.FollowerState (FollowerState.java:run(108)) - cbde3520-0cea-4357-bb04-1a0ae64b2bb1@group-7EB39FB5DF22-FollowerState: change to CANDIDATE, lastRpcTime:70ms, electionTimeout:70ms
2019-10-17 07:41:55,274 [Thread-1484] INFO  impl.RoleInfo (RoleInfo.java:shutdownFollowerState(121)) - cbde3520-0cea-4357-bb04-1a0ae64b2bb1: shutdown FollowerState
2019-10-17 07:41:55,274 [Thread-1484] INFO  impl.RaftServerImpl (RaftServerImpl.java:setRole(184)) - cbde3520-0cea-4357-bb04-1a0ae64b2bb1@group-7EB39FB5DF22: changes role from  FOLLOWER to CANDIDATE at term 201 for changeToCandidate
2019-10-17 07:41:55,274 [Thread-1484] INFO  impl.RoleInfo (RoleInfo.java:updateAndGet(143)) - cbde3520-0cea-4357-bb04-1a0ae64b2bb1: start LeaderElection
2019-10-17 07:41:55,302 [cbde3520-0cea-4357-bb04-1a0ae64b2bb1@group-7EB39FB5DF22-LeaderElection192] INFO  impl.LeaderElection (LeaderElection.java:askForVotes(178)) - cbde3520-0cea-4357-bb04-1a0ae64b2bb1@group-7EB39FB5DF22-LeaderElection192: begin an election at term 202 for -1: [40d2d32e-dd25-45df-8070-f9dc56ccf0a7:192.168.34.62:41633, cbde3520-0cea-4357-bb04-1a0ae64b2bb1:192.168.34.62:41642, 443b071d-6096-48d6-bfe7-498b7c8032c0:192.168.34.62:46516], old=null
2019-10-17 07:41:55,304 [grpc-default-executor-1] INFO  impl.RaftServerImpl (RaftServerImpl.java:setRole(184)) - 40d2d32e-dd25-45df-8070-f9dc56ccf0a7@group-7EB39FB5DF22: changes role from  FOLLOWER to FOLLOWER at term 202 for recognizeCandidate:cbde3520-0cea-4357-bb04-1a0ae64b2bb1
2019-10-17 07:41:55,304 [grpc-default-executor-1] INFO  impl.RoleInfo (RoleInfo.java:shutdownFollowerState(121)) - 40d2d32e-dd25-45df-8070-f9dc56ccf0a7: shutdown FollowerState
2019-10-17 07:41:55,304 [grpc-default-executor-4] INFO  impl.RaftServerImpl (RaftServerImpl.java:setRole(184)) - 443b071d-6096-48d6-bfe7-498b7c8032c0@group-7EB39FB5DF22: changes role from  FOLLOWER to FOLLOWER at term 202 for recognizeCandidate:cbde3520-0cea-4357-bb04-1a0ae64b2bb1
2019-10-17 07:41:55,305 [Thread-1482] INFO  impl.FollowerState (FollowerState.java:run(117)) - 40d2d32e-dd25-45df-8070-f9dc56ccf0a7@group-7EB39FB5DF22-FollowerState was interrupted: java.lang.InterruptedException: sleep interrupted
2019-10-17 07:41:55,305 [grpc-default-executor-1] INFO  impl.RoleInfo (RoleInfo.java:updateAndGet(143)) - 40d2d32e-dd25-45df-8070-f9dc56ccf0a7: start FollowerState
2019-10-17 07:41:55,305 [grpc-default-executor-4] INFO  impl.RoleInfo (RoleInfo.java:shutdownFollowerState(121)) - 443b071d-6096-48d6-bfe7-498b7c8032c0: shutdown FollowerState
2019-10-17 07:41:55,305 [grpc-default-executor-4] INFO  impl.RoleInfo (RoleInfo.java:updateAndGet(143)) - 443b071d-6096-48d6-bfe7-498b7c8032c0: start FollowerState
2019-10-17 07:41:55,305 [Thread-1483] INFO  impl.FollowerState (FollowerState.java:run(117)) - 443b071d-6096-48d6-bfe7-498b7c8032c0@group-7EB39FB5DF22-FollowerState was interrupted: java.lang.InterruptedException: sleep interrupted
2019-10-17 07:41:55,330 [cbde3520-0cea-4357-bb04-1a0ae64b2bb1@group-7EB39FB5DF22-LeaderElection192] INFO  impl.LeaderElection (LeaderElection.java:logAndReturn(56)) - cbde3520-0cea-4357-bb04-1a0ae64b2bb1@group-7EB39FB5DF22-LeaderElection192: Election REJECTED; received 2 response(s) [cbde3520-0cea-4357-bb04-1a0ae64b2bb1<-40d2d32e-dd25-45df-8070-f9dc56ccf0a7#0:FAIL-t202, cbde3520-0cea-4357-bb04-1a0ae64b2bb1<-443b071d-6096-48d6-bfe7-498b7c8032c0#0:FAIL-t202] and 0 exception(s); cbde3520-0cea-4357-bb04-1a0ae64b2bb1@group-7EB39FB5DF22:t202, leader=null, voted=cbde3520-0cea-4357-bb04-1a0ae64b2bb1, raftlog=cbde3520-0cea-4357-bb04-1a0ae64b2bb1@group-7EB39FB5DF22-SegmentedRaftLog:OPENED:c-1,f-1,i0, conf=-1: [40d2d32e-dd25-45df-8070-f9dc56ccf0a7:192.168.34.62:41633, cbde3520-0cea-4357-bb04-1a0ae64b2bb1:192.168.34.62:41642, 443b071d-6096-48d6-bfe7-498b7c8032c0:192.168.34.62:46516], old=null
2019-10-17 07:41:55,330 [cbde3520-0cea-4357-bb04-1a0ae64b2bb1@group-7EB39FB5DF22-LeaderElection192] INFO  impl.RaftServerImpl (RaftServerImpl.java:setRole(184)) - cbde3520-0cea-4357-bb04-1a0ae64b2bb1@group-7EB39FB5DF22: changes role from CANDIDATE to FOLLOWER at term 202 for DISCOVERED_A_NEW_TERM
2019-10-17 07:41:55,330 [cbde3520-0cea-4357-bb04-1a0ae64b2bb1@group-7EB39FB5DF22-LeaderElection192] INFO  impl.RoleInfo (RoleInfo.java:shutdownLeaderElection(134)) - cbde3520-0cea-4357-bb04-1a0ae64b2bb1: shutdown LeaderElection
2019-10-17 07:41:55,330 [cbde3520-0cea-4357-bb04-1a0ae64b2bb1@group-7EB39FB5DF22-LeaderElection192] INFO  impl.RoleInfo (RoleInfo.java:updateAndGet(143)) - cbde3520-0cea-4357-bb04-1a0ae64b2bb1: start FollowerState
2019-10-17 07:41:55,493 [Thread-1490] INFO  impl.FollowerState (FollowerState.java:run(108)) - cbde3520-0cea-4357-bb04-1a0ae64b2bb1@group-7EB39FB5DF22-FollowerState: change to CANDIDATE, lastRpcTime:162ms, electionTimeout:162ms
2019-10-17 07:41:55,493 [Thread-1490] INFO  impl.RoleInfo (RoleInfo.java:shutdownFollowerState(121)) - cbde3520-0cea-4357-bb04-1a0ae64b2bb1: shutdown FollowerState
2019-10-17 07:41:55,493 [Thread-1490] INFO  impl.RaftServerImpl (RaftServerImpl.java:setRole(184)) - cbde3520-0cea-4357-bb04-1a0ae64b2bb1@group-7EB39FB5DF22: changes role from  FOLLOWER to CANDIDATE at term 202 for changeToCandidate
2019-10-17 07:41:55,493 [Thread-1490] INFO  impl.RoleInfo (RoleInfo.java:updateAndGet(143)) - cbde3520-0cea-4357-bb04-1a0ae64b2bb1: start LeaderElection
2019-10-17 07:41:55,518 [cbde3520-0cea-4357-bb04-1a0ae64b2bb1@group-7EB39FB5DF22-LeaderElection193] INFO  impl.LeaderElection (LeaderElection.java:askForVotes(178)) - cbde3520-0cea-4357-bb04-1a0ae64b2bb1@group-7EB39FB5DF22-LeaderElection193: begin an election at term 203 for -1: [40d2d32e-dd25-45df-8070-f9dc56ccf0a7:192.168.34.62:41633, cbde3520-0cea-4357-bb04-1a0ae64b2bb1:192.168.34.62:41642, 443b071d-6096-48d6-bfe7-498b7c8032c0:192.168.34.62:46516], old=null
2019-10-17 07:41:55,521 [grpc-default-executor-4] INFO  impl.RaftServerImpl (RaftServerImpl.java:setRole(184)) - 40d2d32e-dd25-45df-8070-f9dc56ccf0a7@group-7EB39FB5DF22: changes role from  FOLLOWER to FOLLOWER at term 203 for recognizeCandidate:cbde3520-0cea-4357-bb04-1a0ae64b2bb1
2019-10-17 07:41:55,521 [grpc-default-executor-4] INFO  impl.RoleInfo (RoleInfo.java:shutdownFollowerState(121)) - 40d2d32e-dd25-45df-8070-f9dc56ccf0a7: shutdown FollowerState
2019-10-17 07:41:55,521 [grpc-default-executor-4] INFO  impl.RoleInfo (RoleInfo.java:updateAndGet(143)) - 40d2d32e-dd25-45df-8070-f9dc56ccf0a7: start FollowerState
2019-10-17 07:41:55,521 [Thread-1488] INFO  impl.FollowerState (FollowerState.java:run(117)) - 40d2d32e-dd25-45df-8070-f9dc56ccf0a7@group-7EB39FB5DF22-FollowerState was interrupted: java.lang.InterruptedException: sleep interrupted
2019-10-17 07:41:55,522 [grpc-default-executor-1] INFO  impl.RaftServerImpl (RaftServerImpl.java:setRole(184)) - 443b071d-6096-48d6-bfe7-498b7c8032c0@group-7EB39FB5DF22: changes role from  FOLLOWER to FOLLOWER at term 203 for recognizeCandidate:cbde3520-0cea-4357-bb04-1a0ae64b2bb1
2019-10-17 07:41:55,522 [grpc-default-executor-1] INFO  impl.RoleInfo (RoleInfo.java:shutdownFollowerState(121)) - 443b071d-6096-48d6-bfe7-498b7c8032c0: shutdown FollowerState
2019-10-17 07:41:55,522 [grpc-default-executor-1] INFO  impl.RoleInfo (RoleInfo.java:updateAndGet(143)) - 443b071d-6096-48d6-bfe7-498b7c8032c0: start FollowerState
2019-10-17 07:41:55,522 [Thread-1489] INFO  impl.FollowerState (FollowerState.java:run(117)) - 443b071d-6096-48d6-bfe7-498b7c8032c0@group-7EB39FB5DF22-FollowerState was interrupted: java.lang.InterruptedException: sleep interrupted
2019-10-17 07:41:55,536 [cbde3520-0cea-4357-bb04-1a0ae64b2bb1@group-7EB39FB5DF22-LeaderElection193] INFO  impl.LeaderElection (LeaderElection.java:logAndReturn(56)) - cbde3520-0cea-4357-bb04-1a0ae64b2bb1@group-7EB39FB5DF22-LeaderElection193: Election REJECTED; received 2 response(s) [cbde3520-0cea-4357-bb04-1a0ae64b2bb1<-40d2d32e-dd25-45df-8070-f9dc56ccf0a7#0:FAIL-t203, cbde3520-0cea-4357-bb04-1a0ae64b2bb1<-443b071d-6096-48d6-bfe7-498b7c8032c0#0:FAIL-t203] and 0 exception(s); cbde3520-0cea-4357-bb04-1a0ae64b2bb1@group-7EB39FB5DF22:t203, leader=null, voted=cbde3520-0cea-4357-bb04-1a0ae64b2bb1, raftlog=cbde3520-0cea-4357-bb04-1a0ae64b2bb1@group-7EB39FB5DF22-SegmentedRaftLog:OPENED:c-1,f-1,i0, conf=-1: [40d2d32e-dd25-45df-8070-f9dc56ccf0a7:192.168.34.62:41633, cbde3520-0cea-4357-bb04-1a0ae64b2bb1:192.168.34.62:41642, 443b071d-6096-48d6-bfe7-498b7c8032c0:192.168.34.62:46516], old=null
2019-10-17 07:41:55,537 [cbde3520-0cea-4357-bb04-1a0ae64b2bb1@group-7EB39FB5DF22-LeaderElection193] INFO  impl.RaftServerImpl (RaftServerImpl.java:setRole(184)) - cbde3520-0cea-4357-bb04-1a0ae64b2bb1@group-7EB39FB5DF22: changes role from CANDIDATE to FOLLOWER at term 203 for DISCOVERED_A_NEW_TERM
2019-10-17 07:41:55,537 [cbde3520-0cea-4357-bb04-1a0ae64b2bb1@group-7EB39FB5DF22-LeaderElection193] INFO  impl.RoleInfo (RoleInfo.java:shutdownLeaderElection(134)) - cbde3520-0cea-4357-bb04-1a0ae64b2bb1: shutdown LeaderElection
2019-10-17 07:41:55,537 [cbde3520-0cea-4357-bb04-1a0ae64b2bb1@group-7EB39FB5DF22-LeaderElection193] INFO  impl.RoleInfo (RoleInfo.java:updateAndGet(143)) - cbde3520-0cea-4357-bb04-1a0ae64b2bb1: start FollowerState
2019-10-17 07:41:55,554 [Thread-1496] INFO  impl.FollowerState (FollowerState.java:run(108)) - cbde3520-0cea-4357-bb04-1a0ae64b2bb1@group-7EB39FB5DF22-FollowerState: change to CANDIDATE, lastRpcTime:16ms, electionTimeout:16ms
2019-10-17 07:41:55,554 [Thread-1496] INFO  impl.RoleInfo (RoleInfo.java:shutdownFollowerState(121)) - cbde3520-0cea-4357-bb04-1a0ae64b2bb1: shutdown FollowerState
2019-10-17 07:41:55,554 [Thread-1496] INFO  impl.RaftServerImpl (RaftServerImpl.java:setRole(184)) - cbde3520-0cea-4357-bb04-1a0ae64b2bb1@group-7EB39FB5DF22: changes role from  FOLLOWER to CANDIDATE at term 203 for changeToCandidate
2019-10-17 07:41:55,554 [Thread-1496] INFO  impl.RoleInfo (RoleInfo.java:updateAndGet(143)) - cbde3520-0cea-4357-bb04-1a0ae64b2bb1: start LeaderElection
2019-10-17 07:41:55,578 [cbde3520-0cea-4357-bb04-1a0ae64b2bb1@group-7EB39FB5DF22-LeaderElection194] INFO  impl.LeaderElection (LeaderElection.java:askForVotes(178)) - cbde3520-0cea-4357-bb04-1a0ae64b2bb1@group-7EB39FB5DF22-LeaderElection194: begin an election at term 204 for -1: [40d2d32e-dd25-45df-8070-f9dc56ccf0a7:192.168.34.62:41633, cbde3520-0cea-4357-bb04-1a0ae64b2bb1:192.168.34.62:41642, 443b071d-6096-48d6-bfe7-498b7c8032c0:192.168.34.62:46516], old=null
2019-10-17 07:41:55,581 [grpc-default-executor-4] INFO  impl.RaftServerImpl (RaftServerImpl.java:setRole(184)) - 443b071d-6096-48d6-bfe7-498b7c8032c0@group-7EB39FB5DF22: changes role from  FOLLOWER to FOLLOWER at term 204 for recognizeCandidate:cbde3520-0cea-4357-bb04-1a0ae64b2bb1
2019-10-17 07:41:55,581 [grpc-default-executor-4] INFO  impl.RoleInfo (RoleInfo.java:shutdownFollowerState(121)) - 443b071d-6096-48d6-bfe7-498b7c8032c0: shutdown FollowerState
2019-10-17 07:41:55,581 [grpc-default-executor-1] INFO  impl.RaftServerImpl (RaftServerImpl.java:setRole(184)) - 40d2d32e-dd25-45df-8070-f9dc56ccf0a7@group-7EB39FB5DF22: changes role from  FOLLOWER to FOLLOWER at term 204 for recognizeCandidate:cbde3520-0cea-4357-bb04-1a0ae64b2bb1
2019-10-17 07:41:55,581 [Thread-1495] INFO  impl.FollowerState (FollowerState.java:run(117)) - 443b071d-6096-48d6-bfe7-498b7c8032c0@group-7EB39FB5DF22-FollowerState was interrupted: java.lang.InterruptedException: sleep interrupted
2019-10-17 07:41:55,581 [grpc-default-executor-4] INFO  impl.RoleInfo (RoleInfo.java:updateAndGet(143)) - 443b071d-6096-48d6-bfe7-498b7c8032c0: start FollowerState
2019-10-17 07:41:55,581 [grpc-default-executor-1] INFO  impl.RoleInfo (RoleInfo.java:shutdownFollowerState(121)) - 40d2d32e-dd25-45df-8070-f9dc56ccf0a7: shutdown FollowerState
2019-10-17 07:41:55,582 [grpc-default-executor-1] INFO  impl.RoleInfo (RoleInfo.java:updateAndGet(143)) - 40d2d32e-dd25-45df-8070-f9dc56ccf0a7: start FollowerState
2019-10-17 07:41:55,582 [Thread-1494] INFO  impl.FollowerState (FollowerState.java:run(117)) - 40d2d32e-dd25-45df-8070-f9dc56ccf0a7@group-7EB39FB5DF22-FollowerState was interrupted: java.lang.InterruptedException: sleep interrupted
2019-10-17 07:41:55,598 [cbde3520-0cea-4357-bb04-1a0ae64b2bb1@group-7EB39FB5DF22-LeaderElection194] INFO  impl.LeaderElection (LeaderElection.java:logAndReturn(56)) - cbde3520-0cea-4357-bb04-1a0ae64b2bb1@group-7EB39FB5DF22-LeaderElection194: Election REJECTED; received 2 response(s) [cbde3520-0cea-4357-bb04-1a0ae64b2bb1<-40d2d32e-dd25-45df-8070-f9dc56ccf0a7#0:FAIL-t204, cbde3520-0cea-4357-bb04-1a0ae64b2bb1<-443b071d-6096-48d6-bfe7-498b7c8032c0#0:FAIL-t204] and 0 exception(s); cbde3520-0cea-4357-bb04-1a0ae64b2bb1@group-7EB39FB5DF22:t204, leader=null, voted=cbde3520-0cea-4357-bb04-1a0ae64b2bb1, raftlog=cbde3520-0cea-4357-bb04-1a0ae64b2bb1@group-7EB39FB5DF22-SegmentedRaftLog:OPENED:c-1,f-1,i0, conf=-1: [40d2d32e-dd25-45df-8070-f9dc56ccf0a7:192.168.34.62:41633, cbde3520-0cea-4357-bb04-1a0ae64b2bb1:192.168.34.62:41642, 443b071d-6096-48d6-bfe7-498b7c8032c0:192.168.34.62:46516], old=null
2019-10-17 07:41:55,598 [cbde3520-0cea-4357-bb04-1a0ae64b2bb1@group-7EB39FB5DF22-LeaderElection194] INFO  impl.RaftServerImpl (RaftServerImpl.java:setRole(184)) - cbde3520-0cea-4357-bb04-1a0ae64b2bb1@group-7EB39FB5DF22: changes role from CANDIDATE to FOLLOWER at term 204 for DISCOVERED_A_NEW_TERM
2019-10-17 07:41:55,598 [cbde3520-0cea-4357-bb04-1a0ae64b2bb1@group-7EB39FB5DF22-LeaderElection194] INFO  impl.RoleInfo (RoleInfo.java:shutdownLeaderElection(134)) - cbde3520-0cea-4357-bb04-1a0ae64b2bb1: shutdown LeaderElection
2019-10-17 07:41:55,598 [cbde3520-0cea-4357-bb04-1a0ae64b2bb1@group-7EB39FB5DF22-LeaderElection194] INFO  impl.RoleInfo (RoleInfo.java:updateAndGet(143)) - cbde3520-0cea-4357-bb04-1a0ae64b2bb1: start FollowerState
2019-10-17 07:41:55,767 [Thread-1502] INFO  impl.FollowerState (FollowerState.java:run(108)) - cbde3520-0cea-4357-bb04-1a0ae64b2bb1@group-7EB39FB5DF22-FollowerState: change to CANDIDATE, lastRpcTime:168ms, electionTimeout:168ms
2019-10-17 07:41:55,767 [Thread-1502] INFO  impl.RoleInfo (RoleInfo.java:shutdownFollowerState(121)) - cbde3520-0cea-4357-bb04-1a0ae64b2bb1: shutdown FollowerState
2019-10-17 07:41:55,767 [Thread-1502] INFO  impl.RaftServerImpl (RaftServerImpl.java:setRole(184)) - cbde3520-0cea-4357-bb04-1a0ae64b2bb1@group-7EB39FB5DF22: changes role from  FOLLOWER to CANDIDATE at term 204 for changeToCandidate
2019-10-17 07:41:55,768 [Thread-1502] INFO  impl.RoleInfo (RoleInfo.java:updateAndGet(143)) - cbde3520-0cea-4357-bb04-1a0ae64b2bb1: start LeaderElection
2019-10-17 07:41:55,791 [cbde3520-0cea-4357-bb04-1a0ae64b2bb1@group-7EB39FB5DF22-LeaderElection195] INFO  impl.LeaderElection (LeaderElection.java:askForVotes(178)) - cbde3520-0cea-4357-bb04-1a0ae64b2bb1@group-7EB39FB5DF22-LeaderElection195: begin an election at term 205 for -1: [40d2d32e-dd25-45df-8070-f9dc56ccf0a7:192.168.34.62:41633, cbde3520-0cea-4357-bb04-1a0ae64b2bb1:192.168.34.62:41642, 443b071d-6096-48d6-bfe7-498b7c8032c0:192.168.34.62:46516], old=null
2019-10-17 07:41:55,794 [grpc-default-executor-4] INFO  impl.RaftServerImpl (RaftServerImpl.java:setRole(184)) - 40d2d32e-dd25-45df-8070-f9dc56ccf0a7@group-7EB39FB5DF22: changes role from  FOLLOWER to FOLLOWER at term 205 for recognizeCandidate:cbde3520-0cea-4357-bb04-1a0ae64b2bb1
2019-10-17 07:41:55,794 [grpc-default-executor-4] INFO  impl.RoleInfo (RoleInfo.java:shutdownFollowerState(121)) - 40d2d32e-dd25-45df-8070-f9dc56ccf0a7: shutdown FollowerState
2019-10-17 07:41:55,794 [grpc-default-executor-1] INFO  impl.RaftServerImpl (RaftServerImpl.java:setRole(184)) - 443b071d-6096-48d6-bfe7-498b7c8032c0@group-7EB39FB5DF22: changes role from  FOLLOWER to FOLLOWER at term 205 for recognizeCandidate:cbde3520-0cea-4357-bb04-1a0ae64b2bb1
2019-10-17 07:41:55,794 [Thread-1501] INFO  impl.FollowerState (FollowerState.java:run(117)) - 40d2d32e-dd25-45df-8070-f9dc56ccf0a7@group-7EB39FB5DF22-FollowerState was interrupted: java.lang.InterruptedException: sleep interrupted
2019-10-17 07:41:55,794 [grpc-default-executor-4] INFO  impl.RoleInfo (RoleInfo.java:updateAndGet(143)) - 40d2d32e-dd25-45df-8070-f9dc56ccf0a7: start FollowerState
2019-10-17 07:41:55,794 [grpc-default-executor-1] INFO  impl.RoleInfo (RoleInfo.java:shutdownFollowerState(121)) - 443b071d-6096-48d6-bfe7-498b7c8032c0: shutdown FollowerState
2019-10-17 07:41:55,795 [grpc-default-executor-1] INFO  impl.RoleInfo (RoleInfo.java:updateAndGet(143)) - 443b071d-6096-48d6-bfe7-498b7c8032c0: start FollowerState
2019-10-17 07:41:55,795 [Thread-1500] INFO  impl.FollowerState (FollowerState.java:run(117)) - 443b071d-6096-48d6-bfe7-498b7c8032c0@group-7EB39FB5DF22-FollowerState was interrupted: java.lang.InterruptedException: sleep interrupted
2019-10-17 07:41:55,827 [cbde3520-0cea-4357-bb04-1a0ae64b2bb1@group-7EB39FB5DF22-LeaderElection195] INFO  impl.LeaderElection (LeaderElection.java:logAndReturn(56)) - cbde3520-0cea-4357-bb04-1a0ae64b2bb1@group-7EB39FB5DF22-LeaderElection195: Election REJECTED; received 2 response(s) [cbde3520-0cea-4357-bb04-1a0ae64b2bb1<-40d2d32e-dd25-45df-8070-f9dc56ccf0a7#0:FAIL-t205, cbde3520-0cea-4357-bb04-1a0ae64b2bb1<-443b071d-6096-48d6-bfe7-498b7c8032c0#0:FAIL-t205] and 0 exception(s); cbde3520-0cea-4357-bb04-1a0ae64b2bb1@group-7EB39FB5DF22:t205, leader=null, voted=cbde3520-0cea-4357-bb04-1a0ae64b2bb1, raftlog=cbde3520-0cea-4357-bb04-1a0ae64b2bb1@group-7EB39FB5DF22-SegmentedRaftLog:OPENED:c-1,f-1,i0, conf=-1: [40d2d32e-dd25-45df-8070-f9dc56ccf0a7:192.168.34.62:41633, cbde3520-0cea-4357-bb04-1a0ae64b2bb1:192.168.34.62:41642, 443b071d-6096-48d6-bfe7-498b7c8032c0:192.168.34.62:46516], old=null
2019-10-17 07:41:55,827 [cbde3520-0cea-4357-bb04-1a0ae64b2bb1@group-7EB39FB5DF22-LeaderElection195] INFO  impl.RaftServerImpl (RaftServerImpl.java:setRole(184)) - cbde3520-0cea-4357-bb04-1a0ae64b2bb1@group-7EB39FB5DF22: changes role from CANDIDATE to FOLLOWER at term 205 for DISCOVERED_A_NEW_TERM
2019-10-17 07:41:55,828 [cbde3520-0cea-4357-bb04-1a0ae64b2bb1@group-7EB39FB5DF22-LeaderElection195] INFO  impl.RoleInfo (RoleInfo.java:shutdownLeaderElection(134)) - cbde3520-0cea-4357-bb04-1a0ae64b2bb1: shutdown LeaderElection
2019-10-17 07:41:55,828 [cbde3520-0cea-4357-bb04-1a0ae64b2bb1@group-7EB39FB5DF22-LeaderElection195] INFO  impl.RoleInfo (RoleInfo.java:updateAndGet(143)) - cbde3520-0cea-4357-bb04-1a0ae64b2bb1: start FollowerState
2019-10-17 07:41:55,854 [Thread-1508] INFO  impl.FollowerState (FollowerState.java:run(108)) - cbde3520-0cea-4357-bb04-1a0ae64b2bb1@group-7EB39FB5DF22-FollowerState: change to CANDIDATE, lastRpcTime:26ms, electionTimeout:26ms
2019-10-17 07:41:55,855 [Thread-1508] INFO  impl.RoleInfo (RoleInfo.java:shutdownFollowerState(121)) - cbde3520-0cea-4357-bb04-1a0ae64b2bb1: shutdown FollowerState
2019-10-17 07:41:55,855 [Thread-1508] INFO  impl.RaftServerImpl (RaftServerImpl.java:setRole(184)) - cbde3520-0cea-4357-bb04-1a0ae64b2bb1@group-7EB39FB5DF22: changes role from  FOLLOWER to CANDIDATE at term 205 for changeToCandidate
2019-10-17 07:41:55,855 [Thread-1508] INFO  impl.RoleInfo (RoleInfo.java:updateAndGet(143)) - cbde3520-0cea-4357-bb04-1a0ae64b2bb1: start LeaderElection
2019-10-17 07:41:55,879 [cbde3520-0cea-4357-bb04-1a0ae64b2bb1@group-7EB39FB5DF22-LeaderElection196] INFO  impl.LeaderElection (LeaderElection.java:askForVotes(178)) - cbde3520-0cea-4357-bb04-1a0ae64b2bb1@group-7EB39FB5DF22-LeaderElection196: begin an election at term 206 for -1: [40d2d32e-dd25-45df-8070-f9dc56ccf0a7:192.168.34.62:41633, cbde3520-0cea-4357-bb04-1a0ae64b2bb1:192.168.34.62:41642, 443b071d-6096-48d6-bfe7-498b7c8032c0:192.168.34.62:46516], old=null
2019-10-17 07:41:55,882 [grpc-default-executor-4] INFO  impl.RaftServerImpl (RaftServerImpl.java:setRole(184)) - 40d2d32e-dd25-45df-8070-f9dc56ccf0a7@group-7EB39FB5DF22: changes role from  FOLLOWER to FOLLOWER at term 206 for recognizeCandidate:cbde3520-0cea-4357-bb04-1a0ae64b2bb1
2019-10-17 07:41:55,882 [grpc-default-executor-4] INFO  impl.RoleInfo (RoleInfo.java:shutdownFollowerState(121)) - 40d2d32e-dd25-45df-8070-f9dc56ccf0a7: shutdown FollowerState
2019-10-17 07:41:55,882 [grpc-default-executor-1] INFO  impl.RaftServerImpl (RaftServerImpl.java:setRole(184)) - 443b071d-6096-48d6-bfe7-498b7c8032c0@group-7EB39FB5DF22: changes role from  FOLLOWER to FOLLOWER at term 206 for recognizeCandidate:cbde3520-0cea-4357-bb04-1a0ae64b2bb1
2019-10-17 07:41:55,882 [grpc-default-executor-1] INFO  impl.RoleInfo (RoleInfo.java:shutdownFollowerState(121)) - 443b071d-6096-48d6-bfe7-498b7c8032c0: shutdown FollowerState
2019-10-17 07:41:55,882 [grpc-default-executor-4] INFO  impl.RoleInfo (RoleInfo.java:updateAndGet(143)) - 40d2d32e-dd25-45df-8070-f9dc56ccf0a7: start FollowerState
2019-10-17 07:41:55,882 [Thread-1506] INFO  impl.FollowerState (FollowerState.java:run(117)) - 40d2d32e-dd25-45df-8070-f9dc56ccf0a7@group-7EB39FB5DF22-FollowerState was interrupted: java.lang.InterruptedException: sleep interrupted
2019-10-17 07:41:55,882 [Thread-1507] INFO  impl.FollowerState (FollowerState.java:run(117)) - 443b071d-6096-48d6-bfe7-498b7c8032c0@group-7EB39FB5DF22-FollowerState was interrupted: java.lang.InterruptedException: sleep interrupted
2019-10-17 07:41:55,882 [grpc-default-executor-1] INFO  impl.RoleInfo (RoleInfo.java:updateAndGet(143)) - 443b071d-6096-48d6-bfe7-498b7c8032c0: start FollowerState
2019-10-17 07:41:55,899 [cbde3520-0cea-4357-bb04-1a0ae64b2bb1@group-7EB39FB5DF22-LeaderElection196] INFO  impl.LeaderElection (LeaderElection.java:logAndReturn(56)) - cbde3520-0cea-4357-bb04-1a0ae64b2bb1@group-7EB39FB5DF22-LeaderElection196: Election REJECTED; received 2 response(s) [cbde3520-0cea-4357-bb04-1a0ae64b2bb1<-40d2d32e-dd25-45df-8070-f9dc56ccf0a7#0:FAIL-t206, cbde3520-0cea-4357-bb04-1a0ae64b2bb1<-443b071d-6096-48d6-bfe7-498b7c8032c0#0:FAIL-t206] and 0 exception(s); cbde3520-0cea-4357-bb04-1a0ae64b2bb1@group-7EB39FB5DF22:t206, leader=null, voted=cbde3520-0cea-4357-bb04-1a0ae64b2bb1, raftlog=cbde3520-0cea-4357-bb04-1a0ae64b2bb1@group-7EB39FB5DF22-SegmentedRaftLog:OPENED:c-1,f-1,i0, conf=-1: [40d2d32e-dd25-45df-8070-f9dc56ccf0a7:192.168.34.62:41633, cbde3520-0cea-4357-bb04-1a0ae64b2bb1:192.168.34.62:41642, 443b071d-6096-48d6-bfe7-498b7c8032c0:192.168.34.62:46516], old=null
2019-10-17 07:41:55,899 [cbde3520-0cea-4357-bb04-1a0ae64b2bb1@group-7EB39FB5DF22-LeaderElection196] INFO  impl.RaftServerImpl (RaftServerImpl.java:setRole(184)) - cbde3520-0cea-4357-bb04-1a0ae64b2bb1@group-7EB39FB5DF22: changes role from CANDIDATE to FOLLOWER at term 206 for DISCOVERED_A_NEW_TERM
2019-10-17 07:41:55,899 [cbde3520-0cea-4357-bb04-1a0ae64b2bb1@group-7EB39FB5DF22-LeaderElection196] INFO  impl.RoleInfo (RoleInfo.java:shutdownLeaderElection(134)) - cbde3520-0cea-4357-bb04-1a0ae64b2bb1: shutdown LeaderElection
2019-10-17 07:41:55,899 [cbde3520-0cea-4357-bb04-1a0ae64b2bb1@group-7EB39FB5DF22-LeaderElection196] INFO  impl.RoleInfo (RoleInfo.java:updateAndGet(143)) - cbde3520-0cea-4357-bb04-1a0ae64b2bb1: start FollowerState
2019-10-17 07:41:55,921 [Thread-1514] INFO  impl.FollowerState (FollowerState.java:run(108)) - cbde3520-0cea-4357-bb04-1a0ae64b2bb1@group-7EB39FB5DF22-FollowerState: change to CANDIDATE, lastRpcTime:21ms, electionTimeout:21ms
2019-10-17 07:41:55,921 [Thread-1514] INFO  impl.RoleInfo (RoleInfo.java:shutdownFollowerState(121)) - cbde3520-0cea-4357-bb04-1a0ae64b2bb1: shutdown FollowerState
2019-10-17 07:41:55,921 [Thread-1514] INFO  impl.RaftServerImpl (RaftServerImpl.java:setRole(184)) - cbde3520-0cea-4357-bb04-1a0ae64b2bb1@group-7EB39FB5DF22: changes role from  FOLLOWER to CANDIDATE at term 206 for changeToCandidate
2019-10-17 07:41:55,921 [Thread-1514] INFO  impl.RoleInfo (RoleInfo.java:updateAndGet(143)) - cbde3520-0cea-4357-bb04-1a0ae64b2bb1: start LeaderElection
2019-10-17 07:41:55,945 [cbde3520-0cea-4357-bb04-1a0ae64b2bb1@group-7EB39FB5DF22-LeaderElection197] INFO  impl.LeaderElection (LeaderElection.java:askForVotes(178)) - cbde3520-0cea-4357-bb04-1a0ae64b2bb1@group-7EB39FB5DF22-LeaderElection197: begin an election at term 207 for -1: [40d2d32e-dd25-45df-8070-f9dc56ccf0a7:192.168.34.62:41633, cbde3520-0cea-4357-bb04-1a0ae64b2bb1:192.168.34.62:41642, 443b071d-6096-48d6-bfe7-498b7c8032c0:192.168.34.62:46516], old=null
2019-10-17 07:41:55,946 [grpc-default-executor-1] INFO  impl.RaftServerImpl (RaftServerImpl.java:setRole(184)) - 40d2d32e-dd25-45df-8070-f9dc56ccf0a7@group-7EB39FB5DF22: changes role from  FOLLOWER to FOLLOWER at term 207 for recognizeCandidate:cbde3520-0cea-4357-bb04-1a0ae64b2bb1
2019-10-17 07:41:55,947 [grpc-default-executor-1] INFO  impl.RoleInfo (RoleInfo.java:shutdownFollowerState(121)) - 40d2d32e-dd25-45df-8070-f9dc56ccf0a7: shutdown FollowerState
2019-10-17 07:41:55,947 [grpc-default-executor-4] INFO  impl.RaftServerImpl (RaftServerImpl.java:setRole(184)) - 443b071d-6096-48d6-bfe7-498b7c8032c0@group-7EB39FB5DF22: changes role from  FOLLOWER to FOLLOWER at term 207 for recognizeCandidate:cbde3520-0cea-4357-bb04-1a0ae64b2bb1
2019-10-17 07:41:55,947 [grpc-default-executor-4] INFO  impl.RoleInfo (RoleInfo.java:shutdownFollowerState(121)) - 443b071d-6096-48d6-bfe7-498b7c8032c0: shutdown FollowerState
2019-10-17 07:41:55,947 [Thread-1512] INFO  impl.FollowerState (FollowerState.java:run(117)) - 40d2d32e-dd25-45df-8070-f9dc56ccf0a7@group-7EB39FB5DF22-FollowerState was interrupted: java.lang.InterruptedException: sleep interrupted
2019-10-17 07:41:55,947 [grpc-default-executor-1] INFO  impl.RoleInfo (RoleInfo.java:updateAndGet(143)) - 40d2d32e-dd25-45df-8070-f9dc56ccf0a7: start FollowerState
2019-10-17 07:41:55,947 [Thread-1513] INFO  impl.FollowerState (FollowerState.java:run(117)) - 443b071d-6096-48d6-bfe7-498b7c8032c0@group-7EB39FB5DF22-FollowerState was interrupted: java.lang.InterruptedException: sleep interrupted
2019-10-17 07:41:55,947 [grpc-default-executor-4] INFO  impl.RoleInfo (RoleInfo.java:updateAndGet(143)) - 443b071d-6096-48d6-bfe7-498b7c8032c0: start FollowerState
2019-10-17 07:41:55,967 [cbde3520-0cea-4357-bb04-1a0ae64b2bb1@group-7EB39FB5DF22-LeaderElection197] INFO  impl.LeaderElection (LeaderElection.java:logAndReturn(56)) - cbde3520-0cea-4357-bb04-1a0ae64b2bb1@group-7EB39FB5DF22-LeaderElection197: Election REJECTED; received 2 response(s) [cbde3520-0cea-4357-bb04-1a0ae64b2bb1<-40d2d32e-dd25-45df-8070-f9dc56ccf0a7#0:FAIL-t207, cbde3520-0cea-4357-bb04-1a0ae64b2bb1<-443b071d-6096-48d6-bfe7-498b7c8032c0#0:FAIL-t207] and 0 exception(s); cbde3520-0cea-4357-bb04-1a0ae64b2bb1@group-7EB39FB5DF22:t207, leader=null, voted=cbde3520-0cea-4357-bb04-1a0ae64b2bb1, raftlog=cbde3520-0cea-4357-bb04-1a0ae64b2bb1@group-7EB39FB5DF22-SegmentedRaftLog:OPENED:c-1,f-1,i0, conf=-1: [40d2d32e-dd25-45df-8070-f9dc56ccf0a7:192.168.34.62:41633, cbde3520-0cea-4357-bb04-1a0ae64b2bb1:192.168.34.62:41642, 443b071d-6096-48d6-bfe7-498b7c8032c0:192.168.34.62:46516], old=null
2019-10-17 07:41:55,968 [cbde3520-0cea-4357-bb04-1a0ae64b2bb1@group-7EB39FB5DF22-LeaderElection197] INFO  impl.RaftServerImpl (RaftServerImpl.java:setRole(184)) - cbde3520-0cea-4357-bb04-1a0ae64b2bb1@group-7EB39FB5DF22: changes role from CANDIDATE to FOLLOWER at term 207 for DISCOVERED_A_NEW_TERM
2019-10-17 07:41:55,968 [cbde3520-0cea-4357-bb04-1a0ae64b2bb1@group-7EB39FB5DF22-LeaderElection197] INFO  impl.RoleInfo (RoleInfo.java:shutdownLeaderElection(134)) - cbde3520-0cea-4357-bb04-1a0ae64b2bb1: shutdown LeaderElection
2019-10-17 07:41:55,968 [cbde3520-0cea-4357-bb04-1a0ae64b2bb1@group-7EB39FB5DF22-LeaderElection197] INFO  impl.RoleInfo (RoleInfo.java:updateAndGet(143)) - cbde3520-0cea-4357-bb04-1a0ae64b2bb1: start FollowerState
2019-10-17 07:41:56,083 [Thread-1520] INFO  impl.FollowerState (FollowerState.java:run(108)) - cbde3520-0cea-4357-bb04-1a0ae64b2bb1@group-7EB39FB5DF22-FollowerState: change to CANDIDATE, lastRpcTime:115ms, electionTimeout:115ms
2019-10-17 07:41:56,084 [Thread-1520] INFO  impl.RoleInfo (RoleInfo.java:shutdownFollowerState(121)) - cbde3520-0cea-4357-bb04-1a0ae64b2bb1: shutdown FollowerState
2019-10-17 07:41:56,084 [Thread-1520] INFO  impl.RaftServerImpl (RaftServerImpl.java:setRole(184)) - cbde3520-0cea-4357-bb04-1a0ae64b2bb1@group-7EB39FB5DF22: changes role from  FOLLOWER to CANDIDATE at term 207 for changeToCandidate
2019-10-17 07:41:56,084 [Thread-1520] INFO  impl.RoleInfo (RoleInfo.java:updateAndGet(143)) - cbde3520-0cea-4357-bb04-1a0ae64b2bb1: start LeaderElection
2019-10-17 07:41:56,116 [cbde3520-0cea-4357-bb04-1a0ae64b2bb1@group-7EB39FB5DF22-LeaderElection198] INFO  impl.LeaderElection (LeaderElection.java:askForVotes(178)) - cbde3520-0cea-4357-bb04-1a0ae64b2bb1@group-7EB39FB5DF22-LeaderElection198: begin an election at term 208 for -1: [40d2d32e-dd25-45df-8070-f9dc56ccf0a7:192.168.34.62:41633, cbde3520-0cea-4357-bb04-1a0ae64b2bb1:192.168.34.62:41642, 443b071d-6096-48d6-bfe7-498b7c8032c0:192.168.34.62:46516], old=null
2019-10-17 07:41:56,118 [grpc-default-executor-4] INFO  impl.RaftServerImpl (RaftServerImpl.java:setRole(184)) - 40d2d32e-dd25-45df-8070-f9dc56ccf0a7@group-7EB39FB5DF22: changes role from  FOLLOWER to FOLLOWER at term 208 for recognizeCandidate:cbde3520-0cea-4357-bb04-1a0ae64b2bb1
2019-10-17 07:41:56,118 [grpc-default-executor-4] INFO  impl.RoleInfo (RoleInfo.java:shutdownFollowerState(121)) - 40d2d32e-dd25-45df-8070-f9dc56ccf0a7: shutdown FollowerState
2019-10-17 07:41:56,119 [grpc-default-executor-4] INFO  impl.RoleInfo (RoleInfo.java:updateAndGet(143)) - 40d2d32e-dd25-45df-8070-f9dc56ccf0a7: start FollowerState
2019-10-17 07:41:56,119 [Thread-1518] INFO  impl.FollowerState (FollowerState.java:run(117)) - 40d2d32e-dd25-45df-8070-f9dc56ccf0a7@group-7EB39FB5DF22-FollowerState was interrupted: java.lang.InterruptedException: sleep interrupted
2019-10-17 07:41:56,119 [grpc-default-executor-1] INFO  impl.RaftServerImpl (RaftServerImpl.java:setRole(184)) - 443b071d-6096-48d6-bfe7-498b7c8032c0@group-7EB39FB5DF22: changes role from  FOLLOWER to FOLLOWER at term 208 for recognizeCandidate:cbde3520-0cea-4357-bb04-1a0ae64b2bb1
2019-10-17 07:41:56,119 [grpc-default-executor-1] INFO  impl.RoleInfo (RoleInfo.java:shutdownFollowerState(121)) - 443b071d-6096-48d6-bfe7-498b7c8032c0: shutdown FollowerState
2019-10-17 07:41:56,120 [grpc-default-executor-1] INFO  impl.RoleInfo (RoleInfo.java:updateAndGet(143)) - 443b071d-6096-48d6-bfe7-498b7c8032c0: start FollowerState
2019-10-17 07:41:56,120 [Thread-1519] INFO  impl.FollowerState (FollowerState.java:run(117)) - 443b071d-6096-48d6-bfe7-498b7c8032c0@group-7EB39FB5DF22-FollowerState was interrupted: java.lang.InterruptedException: sleep interrupted
2019-10-17 07:41:56,142 [cbde3520-0cea-4357-bb04-1a0ae64b2bb1@group-7EB39FB5DF22-LeaderElection198] INFO  impl.LeaderElection (LeaderElection.java:logAndReturn(56)) - cbde3520-0cea-4357-bb04-1a0ae64b2bb1@group-7EB39FB5DF22-LeaderElection198: Election REJECTED; received 2 response(s) [cbde3520-0cea-4357-bb04-1a0ae64b2bb1<-40d2d32e-dd25-45df-8070-f9dc56ccf0a7#0:FAIL-t208, cbde3520-0cea-4357-bb04-1a0ae64b2bb1<-443b071d-6096-48d6-bfe7-498b7c8032c0#0:FAIL-t208] and 0 exception(s); cbde3520-0cea-4357-bb04-1a0ae64b2bb1@group-7EB39FB5DF22:t208, leader=null, voted=cbde3520-0cea-4357-bb04-1a0ae64b2bb1, raftlog=cbde3520-0cea-4357-bb04-1a0ae64b2bb1@group-7EB39FB5DF22-SegmentedRaftLog:OPENED:c-1,f-1,i0, conf=-1: [40d2d32e-dd25-45df-8070-f9dc56ccf0a7:192.168.34.62:41633, cbde3520-0cea-4357-bb04-1a0ae64b2bb1:192.168.34.62:41642, 443b071d-6096-48d6-bfe7-498b7c8032c0:192.168.34.62:46516], old=null
2019-10-17 07:41:56,142 [cbde3520-0cea-4357-bb04-1a0ae64b2bb1@group-7EB39FB5DF22-LeaderElection198] INFO  impl.RaftServerImpl (RaftServerImpl.java:setRole(184)) - cbde3520-0cea-4357-bb04-1a0ae64b2bb1@group-7EB39FB5DF22: changes role from CANDIDATE to FOLLOWER at term 208 for DISCOVERED_A_NEW_TERM
2019-10-17 07:41:56,142 [cbde3520-0cea-4357-bb04-1a0ae64b2bb1@group-7EB39FB5DF22-LeaderElection198] INFO  impl.RoleInfo (RoleInfo.java:shutdownLeaderElection(134)) - cbde3520-0cea-4357-bb04-1a0ae64b2bb1: shutdown LeaderElection
2019-10-17 07:41:56,143 [cbde3520-0cea-4357-bb04-1a0ae64b2bb1@group-7EB39FB5DF22-LeaderElection198] INFO  impl.RoleInfo (RoleInfo.java:updateAndGet(143)) - cbde3520-0cea-4357-bb04-1a0ae64b2bb1: start FollowerState
2019-10-17 07:41:56,147 [Thread-1526] INFO  impl.FollowerState (FollowerState.java:run(108)) - cbde3520-0cea-4357-bb04-1a0ae64b2bb1@group-7EB39FB5DF22-FollowerState: change to CANDIDATE, lastRpcTime:4ms, electionTimeout:4ms
2019-10-17 07:41:56,147 [Thread-1526] INFO  impl.RoleInfo (RoleInfo.java:shutdownFollowerState(121)) - cbde3520-0cea-4357-bb04-1a0ae64b2bb1: shutdown FollowerState
2019-10-17 07:41:56,147 [Thread-1526] INFO  impl.RaftServerImpl (RaftServerImpl.java:setRole(184)) - cbde3520-0cea-4357-bb04-1a0ae64b2bb1@group-7EB39FB5DF22: changes role from  FOLLOWER to CANDIDATE at term 208 for changeToCandidate
2019-10-17 07:41:56,148 [Thread-1526] INFO  impl.RoleInfo (RoleInfo.java:updateAndGet(143)) - cbde3520-0cea-4357-bb04-1a0ae64b2bb1: start LeaderElection
2019-10-17 07:41:56,175 [cbde3520-0cea-4357-bb04-1a0ae64b2bb1@group-7EB39FB5DF22-LeaderElection199] INFO  impl.LeaderElection (LeaderElection.java:askForVotes(178)) - cbde3520-0cea-4357-bb04-1a0ae64b2bb1@group-7EB39FB5DF22-LeaderElection199: begin an election at term 209 for -1: [40d2d32e-dd25-45df-8070-f9dc56ccf0a7:192.168.34.62:41633, cbde3520-0cea-4357-bb04-1a0ae64b2bb1:192.168.34.62:41642, 443b071d-6096-48d6-bfe7-498b7c8032c0:192.168.34.62:46516], old=null
2019-10-17 07:41:56,177 [grpc-default-executor-1] INFO  impl.RaftServerImpl (RaftServerImpl.java:setRole(184)) - 40d2d32e-dd25-45df-8070-f9dc56ccf0a7@group-7EB39FB5DF22: changes role from  FOLLOWER to FOLLOWER at term 209 for recognizeCandidate:cbde3520-0cea-4357-bb04-1a0ae64b2bb1
2019-10-17 07:41:56,177 [grpc-default-executor-1] INFO  impl.RoleInfo (RoleInfo.java:shutdownFollowerState(121)) - 40d2d32e-dd25-45df-8070-f9dc56ccf0a7: shutdown FollowerState
2019-10-17 07:41:56,177 [grpc-default-executor-4] INFO  impl.RaftServerImpl (RaftServerImpl.java:setRole(184)) - 443b071d-6096-48d6-bfe7-498b7c8032c0@group-7EB39FB5DF22: changes role from  FOLLOWER to FOLLOWER at term 209 for recognizeCandidate:cbde3520-0cea-4357-bb04-1a0ae64b2bb1
2019-10-17 07:41:56,177 [Thread-1524] INFO  impl.FollowerState (FollowerState.java:run(117)) - 40d2d32e-dd25-45df-8070-f9dc56ccf0a7@group-7EB39FB5DF22-FollowerState was interrupted: java.lang.InterruptedException: sleep interrupted
2019-10-17 07:41:56,177 [grpc-default-executor-1] INFO  impl.RoleInfo (RoleInfo.java:updateAndGet(143)) - 40d2d32e-dd25-45df-8070-f9dc56ccf0a7: start FollowerState
2019-10-17 07:41:56,178 [grpc-default-executor-4] INFO  impl.RoleInfo (RoleInfo.java:shutdownFollowerState(121)) - 443b071d-6096-48d6-bfe7-498b7c8032c0: shutdown FollowerState
2019-10-17 07:41:56,178 [grpc-default-executor-4] INFO  impl.RoleInfo (RoleInfo.java:updateAndGet(143)) - 443b071d-6096-48d6-bfe7-498b7c8032c0: start FollowerState
2019-10-17 07:41:56,178 [Thread-1525] INFO  impl.FollowerState (FollowerState.java:run(117)) - 443b071d-6096-48d6-bfe7-498b7c8032c0@group-7EB39FB5DF22-FollowerState was interrupted: java.lang.InterruptedException: sleep interrupted
2019-10-17 07:41:56,201 [cbde3520-0cea-4357-bb04-1a0ae64b2bb1@group-7EB39FB5DF22-LeaderElection199] INFO  impl.LeaderElection (LeaderElection.java:logAndReturn(56)) - cbde3520-0cea-4357-bb04-1a0ae64b2bb1@group-7EB39FB5DF22-LeaderElection199: Election REJECTED; received 2 response(s) [cbde3520-0cea-4357-bb04-1a0ae64b2bb1<-40d2d32e-dd25-45df-8070-f9dc56ccf0a7#0:FAIL-t209, cbde3520-0cea-4357-bb04-1a0ae64b2bb1<-443b071d-6096-48d6-bfe7-498b7c8032c0#0:FAIL-t209] and 0 exception(s); cbde3520-0cea-4357-bb04-1a0ae64b2bb1@group-7EB39FB5DF22:t209, leader=null, voted=cbde3520-0cea-4357-bb04-1a0ae64b2bb1, raftlog=cbde3520-0cea-4357-bb04-1a0ae64b2bb1@group-7EB39FB5DF22-SegmentedRaftLog:OPENED:c-1,f-1,i0, conf=-1: [40d2d32e-dd25-45df-8070-f9dc56ccf0a7:192.168.34.62:41633, cbde3520-0cea-4357-bb04-1a0ae64b2bb1:192.168.34.62:41642, 443b071d-6096-48d6-bfe7-498b7c8032c0:192.168.34.62:46516], old=null
2019-10-17 07:41:56,201 [cbde3520-0cea-4357-bb04-1a0ae64b2bb1@group-7EB39FB5DF22-LeaderElection199] INFO  impl.RaftServerImpl (RaftServerImpl.java:setRole(184)) - cbde3520-0cea-4357-bb04-1a0ae64b2bb1@group-7EB39FB5DF22: changes role from CANDIDATE to FOLLOWER at term 209 for DISCOVERED_A_NEW_TERM
2019-10-17 07:41:56,201 [cbde3520-0cea-4357-bb04-1a0ae64b2bb1@group-7EB39FB5DF22-LeaderElection199] INFO  impl.RoleInfo (RoleInfo.java:shutdownLeaderElection(134)) - cbde3520-0cea-4357-bb04-1a0ae64b2bb1: shutdown LeaderElection
2019-10-17 07:41:56,202 [cbde3520-0cea-4357-bb04-1a0ae64b2bb1@group-7EB39FB5DF22-LeaderElection199] INFO  impl.RoleInfo (RoleInfo.java:updateAndGet(143)) - cbde3520-0cea-4357-bb04-1a0ae64b2bb1: start FollowerState
2019-10-17 07:41:56,215 [main] INFO  ozone.MiniOzoneClusterImpl (MiniOzoneClusterImpl.java:lambda$waitForClusterToBeReady$2(164)) - Waiting for 1 number of pipelines out of 5, to report a leader.
2019-10-17 07:41:56,357 [Thread-1532] INFO  impl.FollowerState (FollowerState.java:run(108)) - cbde3520-0cea-4357-bb04-1a0ae64b2bb1@group-7EB39FB5DF22-FollowerState: change to CANDIDATE, lastRpcTime:155ms, electionTimeout:155ms
2019-10-17 07:41:56,357 [Thread-1532] INFO  impl.RoleInfo (RoleInfo.java:shutdownFollowerState(121)) - cbde3520-0cea-4357-bb04-1a0ae64b2bb1: shutdown FollowerState
2019-10-17 07:41:56,357 [Thread-1532] INFO  impl.RaftServerImpl (RaftServerImpl.java:setRole(184)) - cbde3520-0cea-4357-bb04-1a0ae64b2bb1@group-7EB39FB5DF22: changes role from  FOLLOWER to CANDIDATE at term 209 for changeToCandidate
2019-10-17 07:41:56,358 [Thread-1532] INFO  impl.RoleInfo (RoleInfo.java:updateAndGet(143)) - cbde3520-0cea-4357-bb04-1a0ae64b2bb1: start LeaderElection
2019-10-17 07:41:56,392 [cbde3520-0cea-4357-bb04-1a0ae64b2bb1@group-7EB39FB5DF22-LeaderElection200] INFO  impl.LeaderElection (LeaderElection.java:askForVotes(178)) - cbde3520-0cea-4357-bb04-1a0ae64b2bb1@group-7EB39FB5DF22-LeaderElection200: begin an election at term 210 for -1: [40d2d32e-dd25-45df-8070-f9dc56ccf0a7:192.168.34.62:41633, cbde3520-0cea-4357-bb04-1a0ae64b2bb1:192.168.34.62:41642, 443b071d-6096-48d6-bfe7-498b7c8032c0:192.168.34.62:46516], old=null
2019-10-17 07:41:56,394 [grpc-default-executor-4] INFO  impl.RaftServerImpl (RaftServerImpl.java:setRole(184)) - 40d2d32e-dd25-45df-8070-f9dc56ccf0a7@group-7EB39FB5DF22: changes role from  FOLLOWER to FOLLOWER at term 210 for recognizeCandidate:cbde3520-0cea-4357-bb04-1a0ae64b2bb1
2019-10-17 07:41:56,395 [grpc-default-executor-4] INFO  impl.RoleInfo (RoleInfo.java:shutdownFollowerState(121)) - 40d2d32e-dd25-45df-8070-f9dc56ccf0a7: shutdown FollowerState
2019-10-17 07:41:56,394 [grpc-default-executor-1] INFO  impl.RaftServerImpl (RaftServerImpl.java:setRole(184)) - 443b071d-6096-48d6-bfe7-498b7c8032c0@group-7EB39FB5DF22: changes role from  FOLLOWER to FOLLOWER at term 210 for recognizeCandidate:cbde3520-0cea-4357-bb04-1a0ae64b2bb1
2019-10-17 07:41:56,395 [Thread-1530] INFO  impl.FollowerState (FollowerState.java:run(117)) - 40d2d32e-dd25-45df-8070-f9dc56ccf0a7@group-7EB39FB5DF22-FollowerState was interrupted: java.lang.InterruptedException: sleep interrupted
2019-10-17 07:41:56,395 [grpc-default-executor-4] INFO  impl.RoleInfo (RoleInfo.java:updateAndGet(143)) - 40d2d32e-dd25-45df-8070-f9dc56ccf0a7: start FollowerState
2019-10-17 07:41:56,395 [grpc-default-executor-1] INFO  impl.RoleInfo (RoleInfo.java:shutdownFollowerState(121)) - 443b071d-6096-48d6-bfe7-498b7c8032c0: shutdown FollowerState
2019-10-17 07:41:56,396 [grpc-default-executor-1] INFO  impl.RoleInfo (RoleInfo.java:updateAndGet(143)) - 443b071d-6096-48d6-bfe7-498b7c8032c0: start FollowerState
2019-10-17 07:41:56,396 [Thread-1531] INFO  impl.FollowerState (FollowerState.java:run(117)) - 443b071d-6096-48d6-bfe7-498b7c8032c0@group-7EB39FB5DF22-FollowerState was interrupted: java.lang.InterruptedException: sleep interrupted
2019-10-17 07:41:56,419 [cbde3520-0cea-4357-bb04-1a0ae64b2bb1@group-7EB39FB5DF22-LeaderElection200] INFO  impl.LeaderElection (LeaderElection.java:logAndReturn(56)) - cbde3520-0cea-4357-bb04-1a0ae64b2bb1@group-7EB39FB5DF22-LeaderElection200: Election REJECTED; received 2 response(s) [cbde3520-0cea-4357-bb04-1a0ae64b2bb1<-40d2d32e-dd25-45df-8070-f9dc56ccf0a7#0:FAIL-t210, cbde3520-0cea-4357-bb04-1a0ae64b2bb1<-443b071d-6096-48d6-bfe7-498b7c8032c0#0:FAIL-t210] and 0 exception(s); cbde3520-0cea-4357-bb04-1a0ae64b2bb1@group-7EB39FB5DF22:t210, leader=null, voted=cbde3520-0cea-4357-bb04-1a0ae64b2bb1, raftlog=cbde3520-0cea-4357-bb04-1a0ae64b2bb1@group-7EB39FB5DF22-SegmentedRaftLog:OPENED:c-1,f-1,i0, conf=-1: [40d2d32e-dd25-45df-8070-f9dc56ccf0a7:192.168.34.62:41633, cbde3520-0cea-4357-bb04-1a0ae64b2bb1:192.168.34.62:41642, 443b071d-6096-48d6-bfe7-498b7c8032c0:192.168.34.62:46516], old=null
2019-10-17 07:41:56,419 [cbde3520-0cea-4357-bb04-1a0ae64b2bb1@group-7EB39FB5DF22-LeaderElection200] INFO  impl.RaftServerImpl (RaftServerImpl.java:setRole(184)) - cbde3520-0cea-4357-bb04-1a0ae64b2bb1@group-7EB39FB5DF22: changes role from CANDIDATE to FOLLOWER at term 210 for DISCOVERED_A_NEW_TERM
2019-10-17 07:41:56,420 [cbde3520-0cea-4357-bb04-1a0ae64b2bb1@group-7EB39FB5DF22-LeaderElection200] INFO  impl.RoleInfo (RoleInfo.java:shutdownLeaderElection(134)) - cbde3520-0cea-4357-bb04-1a0ae64b2bb1: shutdown LeaderElection
2019-10-17 07:41:56,420 [cbde3520-0cea-4357-bb04-1a0ae64b2bb1@group-7EB39FB5DF22-LeaderElection200] INFO  impl.RoleInfo (RoleInfo.java:updateAndGet(143)) - cbde3520-0cea-4357-bb04-1a0ae64b2bb1: start FollowerState
2019-10-17 07:41:56,573 [Thread-1538] INFO  impl.FollowerState (FollowerState.java:run(108)) - cbde3520-0cea-4357-bb04-1a0ae64b2bb1@group-7EB39FB5DF22-FollowerState: change to CANDIDATE, lastRpcTime:153ms, electionTimeout:153ms
2019-10-17 07:41:56,573 [Thread-1538] INFO  impl.RoleInfo (RoleInfo.java:shutdownFollowerState(121)) - cbde3520-0cea-4357-bb04-1a0ae64b2bb1: shutdown FollowerState
2019-10-17 07:41:56,574 [Thread-1538] INFO  impl.RaftServerImpl (RaftServerImpl.java:setRole(184)) - cbde3520-0cea-4357-bb04-1a0ae64b2bb1@group-7EB39FB5DF22: changes role from  FOLLOWER to CANDIDATE at term 210 for changeToCandidate
2019-10-17 07:41:56,574 [Thread-1538] INFO  impl.RoleInfo (RoleInfo.java:updateAndGet(143)) - cbde3520-0cea-4357-bb04-1a0ae64b2bb1: start LeaderElection
2019-10-17 07:41:56,588 [cbde3520-0cea-4357-bb04-1a0ae64b2bb1@group-7EB39FB5DF22-LeaderElection201] INFO  impl.LeaderElection (LeaderElection.java:askForVotes(178)) - cbde3520-0cea-4357-bb04-1a0ae64b2bb1@group-7EB39FB5DF22-LeaderElection201: begin an election at term 211 for -1: [40d2d32e-dd25-45df-8070-f9dc56ccf0a7:192.168.34.62:41633, cbde3520-0cea-4357-bb04-1a0ae64b2bb1:192.168.34.62:41642, 443b071d-6096-48d6-bfe7-498b7c8032c0:192.168.34.62:46516], old=null
2019-10-17 07:41:56,590 [grpc-default-executor-4] INFO  impl.RaftServerImpl (RaftServerImpl.java:setRole(184)) - 40d2d32e-dd25-45df-8070-f9dc56ccf0a7@group-7EB39FB5DF22: changes role from  FOLLOWER to FOLLOWER at term 211 for recognizeCandidate:cbde3520-0cea-4357-bb04-1a0ae64b2bb1
2019-10-17 07:41:56,591 [grpc-default-executor-4] INFO  impl.RoleInfo (RoleInfo.java:shutdownFollowerState(121)) - 40d2d32e-dd25-45df-8070-f9dc56ccf0a7: shutdown FollowerState
2019-10-17 07:41:56,591 [grpc-default-executor-1] INFO  impl.RaftServerImpl (RaftServerImpl.java:setRole(184)) - 443b071d-6096-48d6-bfe7-498b7c8032c0@group-7EB39FB5DF22: changes role from  FOLLOWER to FOLLOWER at term 211 for recognizeCandidate:cbde3520-0cea-4357-bb04-1a0ae64b2bb1
2019-10-17 07:41:56,591 [grpc-default-executor-1] INFO  impl.RoleInfo (RoleInfo.java:shutdownFollowerState(121)) - 443b071d-6096-48d6-bfe7-498b7c8032c0: shutdown FollowerState
2019-10-17 07:41:56,591 [Thread-1536] INFO  impl.FollowerState (FollowerState.java:run(117)) - 40d2d32e-dd25-45df-8070-f9dc56ccf0a7@group-7EB39FB5DF22-FollowerState was interrupted: java.lang.InterruptedException: sleep interrupted
2019-10-17 07:41:56,591 [grpc-default-executor-4] INFO  impl.RoleInfo (RoleInfo.java:updateAndGet(143)) - 40d2d32e-dd25-45df-8070-f9dc56ccf0a7: start FollowerState
2019-10-17 07:41:56,591 [grpc-default-executor-1] INFO  impl.RoleInfo (RoleInfo.java:updateAndGet(143)) - 443b071d-6096-48d6-bfe7-498b7c8032c0: start FollowerState
2019-10-17 07:41:56,591 [Thread-1537] INFO  impl.FollowerState (FollowerState.java:run(117)) - 443b071d-6096-48d6-bfe7-498b7c8032c0@group-7EB39FB5DF22-FollowerState was interrupted: java.lang.InterruptedException: sleep interrupted
2019-10-17 07:41:56,606 [cbde3520-0cea-4357-bb04-1a0ae64b2bb1@group-7EB39FB5DF22-LeaderElection201] INFO  impl.LeaderElection (LeaderElection.java:logAndReturn(56)) - cbde3520-0cea-4357-bb04-1a0ae64b2bb1@group-7EB39FB5DF22-LeaderElection201: Election REJECTED; received 2 response(s) [cbde3520-0cea-4357-bb04-1a0ae64b2bb1<-40d2d32e-dd25-45df-8070-f9dc56ccf0a7#0:FAIL-t211, cbde3520-0cea-4357-bb04-1a0ae64b2bb1<-443b071d-6096-48d6-bfe7-498b7c8032c0#0:FAIL-t211] and 0 exception(s); cbde3520-0cea-4357-bb04-1a0ae64b2bb1@group-7EB39FB5DF22:t211, leader=null, voted=cbde3520-0cea-4357-bb04-1a0ae64b2bb1, raftlog=cbde3520-0cea-4357-bb04-1a0ae64b2bb1@group-7EB39FB5DF22-SegmentedRaftLog:OPENED:c-1,f-1,i0, conf=-1: [40d2d32e-dd25-45df-8070-f9dc56ccf0a7:192.168.34.62:41633, cbde3520-0cea-4357-bb04-1a0ae64b2bb1:192.168.34.62:41642, 443b071d-6096-48d6-bfe7-498b7c8032c0:192.168.34.62:46516], old=null
2019-10-17 07:41:56,606 [cbde3520-0cea-4357-bb04-1a0ae64b2bb1@group-7EB39FB5DF22-LeaderElection201] INFO  impl.RaftServerImpl (RaftServerImpl.java:setRole(184)) - cbde3520-0cea-4357-bb04-1a0ae64b2bb1@group-7EB39FB5DF22: changes role from CANDIDATE to FOLLOWER at term 211 for DISCOVERED_A_NEW_TERM
2019-10-17 07:41:56,606 [cbde3520-0cea-4357-bb04-1a0ae64b2bb1@group-7EB39FB5DF22-LeaderElection201] INFO  impl.RoleInfo (RoleInfo.java:shutdownLeaderElection(134)) - cbde3520-0cea-4357-bb04-1a0ae64b2bb1: shutdown LeaderElection
2019-10-17 07:41:56,606 [cbde3520-0cea-4357-bb04-1a0ae64b2bb1@group-7EB39FB5DF22-LeaderElection201] INFO  impl.RoleInfo (RoleInfo.java:updateAndGet(143)) - cbde3520-0cea-4357-bb04-1a0ae64b2bb1: start FollowerState
2019-10-17 07:41:56,704 [Thread-1544] INFO  impl.FollowerState (FollowerState.java:run(108)) - cbde3520-0cea-4357-bb04-1a0ae64b2bb1@group-7EB39FB5DF22-FollowerState: change to CANDIDATE, lastRpcTime:97ms, electionTimeout:97ms
2019-10-17 07:41:56,704 [Thread-1544] INFO  impl.RoleInfo (RoleInfo.java:shutdownFollowerState(121)) - cbde3520-0cea-4357-bb04-1a0ae64b2bb1: shutdown FollowerState
2019-10-17 07:41:56,704 [Thread-1544] INFO  impl.RaftServerImpl (RaftServerImpl.java:setRole(184)) - cbde3520-0cea-4357-bb04-1a0ae64b2bb1@group-7EB39FB5DF22: changes role from  FOLLOWER to CANDIDATE at term 211 for changeToCandidate
2019-10-17 07:41:56,704 [Thread-1544] INFO  impl.RoleInfo (RoleInfo.java:updateAndGet(143)) - cbde3520-0cea-4357-bb04-1a0ae64b2bb1: start LeaderElection
2019-10-17 07:41:56,728 [cbde3520-0cea-4357-bb04-1a0ae64b2bb1@group-7EB39FB5DF22-LeaderElection202] INFO  impl.LeaderElection (LeaderElection.java:askForVotes(178)) - cbde3520-0cea-4357-bb04-1a0ae64b2bb1@group-7EB39FB5DF22-LeaderElection202: begin an election at term 212 for -1: [40d2d32e-dd25-45df-8070-f9dc56ccf0a7:192.168.34.62:41633, cbde3520-0cea-4357-bb04-1a0ae64b2bb1:192.168.34.62:41642, 443b071d-6096-48d6-bfe7-498b7c8032c0:192.168.34.62:46516], old=null
2019-10-17 07:41:56,730 [grpc-default-executor-4] INFO  impl.RaftServerImpl (RaftServerImpl.java:setRole(184)) - 40d2d32e-dd25-45df-8070-f9dc56ccf0a7@group-7EB39FB5DF22: changes role from  FOLLOWER to FOLLOWER at term 212 for recognizeCandidate:cbde3520-0cea-4357-bb04-1a0ae64b2bb1
2019-10-17 07:41:56,731 [grpc-default-executor-4] INFO  impl.RoleInfo (RoleInfo.java:shutdownFollowerState(121)) - 40d2d32e-dd25-45df-8070-f9dc56ccf0a7: shutdown FollowerState
2019-10-17 07:41:56,731 [grpc-default-executor-4] INFO  impl.RoleInfo (RoleInfo.java:updateAndGet(143)) - 40d2d32e-dd25-45df-8070-f9dc56ccf0a7: start FollowerState
2019-10-17 07:41:56,731 [Thread-1542] INFO  impl.FollowerState (FollowerState.java:run(117)) - 40d2d32e-dd25-45df-8070-f9dc56ccf0a7@group-7EB39FB5DF22-FollowerState was interrupted: java.lang.InterruptedException: sleep interrupted
2019-10-17 07:41:56,731 [grpc-default-executor-1] INFO  impl.RaftServerImpl (RaftServerImpl.java:setRole(184)) - 443b071d-6096-48d6-bfe7-498b7c8032c0@group-7EB39FB5DF22: changes role from  FOLLOWER to FOLLOWER at term 212 for recognizeCandidate:cbde3520-0cea-4357-bb04-1a0ae64b2bb1
2019-10-17 07:41:56,731 [grpc-default-executor-1] INFO  impl.RoleInfo (RoleInfo.java:shutdownFollowerState(121)) - 443b071d-6096-48d6-bfe7-498b7c8032c0: shutdown FollowerState
2019-10-17 07:41:56,732 [grpc-default-executor-1] INFO  impl.RoleInfo (RoleInfo.java:updateAndGet(143)) - 443b071d-6096-48d6-bfe7-498b7c8032c0: start FollowerState
2019-10-17 07:41:56,732 [Thread-1543] INFO  impl.FollowerState (FollowerState.java:run(117)) - 443b071d-6096-48d6-bfe7-498b7c8032c0@group-7EB39FB5DF22-FollowerState was interrupted: java.lang.InterruptedException: sleep interrupted
2019-10-17 07:41:56,746 [cbde3520-0cea-4357-bb04-1a0ae64b2bb1@group-7EB39FB5DF22-LeaderElection202] INFO  impl.LeaderElection (LeaderElection.java:logAndReturn(56)) - cbde3520-0cea-4357-bb04-1a0ae64b2bb1@group-7EB39FB5DF22-LeaderElection202: Election REJECTED; received 2 response(s) [cbde3520-0cea-4357-bb04-1a0ae64b2bb1<-40d2d32e-dd25-45df-8070-f9dc56ccf0a7#0:FAIL-t212, cbde3520-0cea-4357-bb04-1a0ae64b2bb1<-443b071d-6096-48d6-bfe7-498b7c8032c0#0:FAIL-t212] and 0 exception(s); cbde3520-0cea-4357-bb04-1a0ae64b2bb1@group-7EB39FB5DF22:t212, leader=null, voted=cbde3520-0cea-4357-bb04-1a0ae64b2bb1, raftlog=cbde3520-0cea-4357-bb04-1a0ae64b2bb1@group-7EB39FB5DF22-SegmentedRaftLog:OPENED:c-1,f-1,i0, conf=-1: [40d2d32e-dd25-45df-8070-f9dc56ccf0a7:192.168.34.62:41633, cbde3520-0cea-4357-bb04-1a0ae64b2bb1:192.168.34.62:41642, 443b071d-6096-48d6-bfe7-498b7c8032c0:192.168.34.62:46516], old=null
2019-10-17 07:41:56,747 [cbde3520-0cea-4357-bb04-1a0ae64b2bb1@group-7EB39FB5DF22-LeaderElection202] INFO  impl.RaftServerImpl (RaftServerImpl.java:setRole(184)) - cbde3520-0cea-4357-bb04-1a0ae64b2bb1@group-7EB39FB5DF22: changes role from CANDIDATE to FOLLOWER at term 212 for DISCOVERED_A_NEW_TERM
2019-10-17 07:41:56,747 [cbde3520-0cea-4357-bb04-1a0ae64b2bb1@group-7EB39FB5DF22-LeaderElection202] INFO  impl.RoleInfo (RoleInfo.java:shutdownLeaderElection(134)) - cbde3520-0cea-4357-bb04-1a0ae64b2bb1: shutdown LeaderElection
2019-10-17 07:41:56,747 [cbde3520-0cea-4357-bb04-1a0ae64b2bb1@group-7EB39FB5DF22-LeaderElection202] INFO  impl.RoleInfo (RoleInfo.java:updateAndGet(143)) - cbde3520-0cea-4357-bb04-1a0ae64b2bb1: start FollowerState
2019-10-17 07:41:56,865 [Thread-1550] INFO  impl.FollowerState (FollowerState.java:run(108)) - cbde3520-0cea-4357-bb04-1a0ae64b2bb1@group-7EB39FB5DF22-FollowerState: change to CANDIDATE, lastRpcTime:118ms, electionTimeout:118ms
2019-10-17 07:41:56,866 [Thread-1550] INFO  impl.RoleInfo (RoleInfo.java:shutdownFollowerState(121)) - cbde3520-0cea-4357-bb04-1a0ae64b2bb1: shutdown FollowerState
2019-10-17 07:41:56,866 [Thread-1550] INFO  impl.RaftServerImpl (RaftServerImpl.java:setRole(184)) - cbde3520-0cea-4357-bb04-1a0ae64b2bb1@group-7EB39FB5DF22: changes role from  FOLLOWER to CANDIDATE at term 212 for changeToCandidate
2019-10-17 07:41:56,866 [Thread-1550] INFO  impl.RoleInfo (RoleInfo.java:updateAndGet(143)) - cbde3520-0cea-4357-bb04-1a0ae64b2bb1: start LeaderElection
2019-10-17 07:41:56,890 [cbde3520-0cea-4357-bb04-1a0ae64b2bb1@group-7EB39FB5DF22-LeaderElection203] INFO  impl.LeaderElection (LeaderElection.java:askForVotes(178)) - cbde3520-0cea-4357-bb04-1a0ae64b2bb1@group-7EB39FB5DF22-LeaderElection203: begin an election at term 213 for -1: [40d2d32e-dd25-45df-8070-f9dc56ccf0a7:192.168.34.62:41633, cbde3520-0cea-4357-bb04-1a0ae64b2bb1:192.168.34.62:41642, 443b071d-6096-48d6-bfe7-498b7c8032c0:192.168.34.62:46516], old=null
2019-10-17 07:41:56,893 [grpc-default-executor-1] INFO  impl.RaftServerImpl (RaftServerImpl.java:setRole(184)) - 40d2d32e-dd25-45df-8070-f9dc56ccf0a7@group-7EB39FB5DF22: changes role from  FOLLOWER to FOLLOWER at term 213 for recognizeCandidate:cbde3520-0cea-4357-bb04-1a0ae64b2bb1
2019-10-17 07:41:56,893 [grpc-default-executor-1] INFO  impl.RoleInfo (RoleInfo.java:shutdownFollowerState(121)) - 40d2d32e-dd25-45df-8070-f9dc56ccf0a7: shutdown FollowerState
2019-10-17 07:41:56,893 [grpc-default-executor-4] INFO  impl.RaftServerImpl (RaftServerImpl.java:setRole(184)) - 443b071d-6096-48d6-bfe7-498b7c8032c0@group-7EB39FB5DF22: changes role from  FOLLOWER to FOLLOWER at term 213 for recognizeCandidate:cbde3520-0cea-4357-bb04-1a0ae64b2bb1
2019-10-17 07:41:56,893 [grpc-default-executor-4] INFO  impl.RoleInfo (RoleInfo.java:shutdownFollowerState(121)) - 443b071d-6096-48d6-bfe7-498b7c8032c0: shutdown FollowerState
2019-10-17 07:41:56,893 [Thread-1548] INFO  impl.FollowerState (FollowerState.java:run(117)) - 40d2d32e-dd25-45df-8070-f9dc56ccf0a7@group-7EB39FB5DF22-FollowerState was interrupted: java.lang.InterruptedException: sleep interrupted
2019-10-17 07:41:56,893 [grpc-default-executor-1] INFO  impl.RoleInfo (RoleInfo.java:updateAndGet(143)) - 40d2d32e-dd25-45df-8070-f9dc56ccf0a7: start FollowerState
2019-10-17 07:41:56,894 [Thread-1549] INFO  impl.FollowerState (FollowerState.java:run(117)) - 443b071d-6096-48d6-bfe7-498b7c8032c0@group-7EB39FB5DF22-FollowerState was interrupted: java.lang.InterruptedException: sleep interrupted
2019-10-17 07:41:56,894 [grpc-default-executor-4] INFO  impl.RoleInfo (RoleInfo.java:updateAndGet(143)) - 443b071d-6096-48d6-bfe7-498b7c8032c0: start FollowerState
2019-10-17 07:41:56,919 [cbde3520-0cea-4357-bb04-1a0ae64b2bb1@group-7EB39FB5DF22-LeaderElection203] INFO  impl.LeaderElection (LeaderElection.java:logAndReturn(56)) - cbde3520-0cea-4357-bb04-1a0ae64b2bb1@group-7EB39FB5DF22-LeaderElection203: Election REJECTED; received 2 response(s) [cbde3520-0cea-4357-bb04-1a0ae64b2bb1<-40d2d32e-dd25-45df-8070-f9dc56ccf0a7#0:FAIL-t213, cbde3520-0cea-4357-bb04-1a0ae64b2bb1<-443b071d-6096-48d6-bfe7-498b7c8032c0#0:FAIL-t213] and 0 exception(s); cbde3520-0cea-4357-bb04-1a0ae64b2bb1@group-7EB39FB5DF22:t213, leader=null, voted=cbde3520-0cea-4357-bb04-1a0ae64b2bb1, raftlog=cbde3520-0cea-4357-bb04-1a0ae64b2bb1@group-7EB39FB5DF22-SegmentedRaftLog:OPENED:c-1,f-1,i0, conf=-1: [40d2d32e-dd25-45df-8070-f9dc56ccf0a7:192.168.34.62:41633, cbde3520-0cea-4357-bb04-1a0ae64b2bb1:192.168.34.62:41642, 443b071d-6096-48d6-bfe7-498b7c8032c0:192.168.34.62:46516], old=null
2019-10-17 07:41:56,920 [cbde3520-0cea-4357-bb04-1a0ae64b2bb1@group-7EB39FB5DF22-LeaderElection203] INFO  impl.RaftServerImpl (RaftServerImpl.java:setRole(184)) - cbde3520-0cea-4357-bb04-1a0ae64b2bb1@group-7EB39FB5DF22: changes role from CANDIDATE to FOLLOWER at term 213 for DISCOVERED_A_NEW_TERM
2019-10-17 07:41:56,920 [cbde3520-0cea-4357-bb04-1a0ae64b2bb1@group-7EB39FB5DF22-LeaderElection203] INFO  impl.RoleInfo (RoleInfo.java:shutdownLeaderElection(134)) - cbde3520-0cea-4357-bb04-1a0ae64b2bb1: shutdown LeaderElection
2019-10-17 07:41:56,920 [cbde3520-0cea-4357-bb04-1a0ae64b2bb1@group-7EB39FB5DF22-LeaderElection203] INFO  impl.RoleInfo (RoleInfo.java:updateAndGet(143)) - cbde3520-0cea-4357-bb04-1a0ae64b2bb1: start FollowerState
2019-10-17 07:41:57,013 [Thread-1556] INFO  impl.FollowerState (FollowerState.java:run(108)) - cbde3520-0cea-4357-bb04-1a0ae64b2bb1@group-7EB39FB5DF22-FollowerState: change to CANDIDATE, lastRpcTime:92ms, electionTimeout:92ms
2019-10-17 07:41:57,013 [Thread-1556] INFO  impl.RoleInfo (RoleInfo.java:shutdownFollowerState(121)) - cbde3520-0cea-4357-bb04-1a0ae64b2bb1: shutdown FollowerState
2019-10-17 07:41:57,013 [Thread-1556] INFO  impl.RaftServerImpl (RaftServerImpl.java:setRole(184)) - cbde3520-0cea-4357-bb04-1a0ae64b2bb1@group-7EB39FB5DF22: changes role from  FOLLOWER to CANDIDATE at term 213 for changeToCandidate
2019-10-17 07:41:57,013 [Thread-1556] INFO  impl.RoleInfo (RoleInfo.java:updateAndGet(143)) - cbde3520-0cea-4357-bb04-1a0ae64b2bb1: start LeaderElection
2019-10-17 07:41:57,039 [cbde3520-0cea-4357-bb04-1a0ae64b2bb1@group-7EB39FB5DF22-LeaderElection204] INFO  impl.LeaderElection (LeaderElection.java:askForVotes(178)) - cbde3520-0cea-4357-bb04-1a0ae64b2bb1@group-7EB39FB5DF22-LeaderElection204: begin an election at term 214 for -1: [40d2d32e-dd25-45df-8070-f9dc56ccf0a7:192.168.34.62:41633, cbde3520-0cea-4357-bb04-1a0ae64b2bb1:192.168.34.62:41642, 443b071d-6096-48d6-bfe7-498b7c8032c0:192.168.34.62:46516], old=null
2019-10-17 07:41:57,050 [grpc-default-executor-1] INFO  impl.RaftServerImpl (RaftServerImpl.java:setRole(184)) - 443b071d-6096-48d6-bfe7-498b7c8032c0@group-7EB39FB5DF22: changes role from  FOLLOWER to FOLLOWER at term 214 for recognizeCandidate:cbde3520-0cea-4357-bb04-1a0ae64b2bb1
2019-10-17 07:41:57,050 [grpc-default-executor-4] INFO  impl.RaftServerImpl (RaftServerImpl.java:setRole(184)) - 40d2d32e-dd25-45df-8070-f9dc56ccf0a7@group-7EB39FB5DF22: changes role from  FOLLOWER to FOLLOWER at term 214 for recognizeCandidate:cbde3520-0cea-4357-bb04-1a0ae64b2bb1
2019-10-17 07:41:57,051 [grpc-default-executor-1] INFO  impl.RoleInfo (RoleInfo.java:shutdownFollowerState(121)) - 443b071d-6096-48d6-bfe7-498b7c8032c0: shutdown FollowerState
2019-10-17 07:41:57,051 [grpc-default-executor-4] INFO  impl.RoleInfo (RoleInfo.java:shutdownFollowerState(121)) - 40d2d32e-dd25-45df-8070-f9dc56ccf0a7: shutdown FollowerState
2019-10-17 07:41:57,051 [Thread-1555] INFO  impl.FollowerState (FollowerState.java:run(117)) - 443b071d-6096-48d6-bfe7-498b7c8032c0@group-7EB39FB5DF22-FollowerState was interrupted: java.lang.InterruptedException: sleep interrupted
2019-10-17 07:41:57,051 [Thread-1554] INFO  impl.FollowerState (FollowerState.java:run(117)) - 40d2d32e-dd25-45df-8070-f9dc56ccf0a7@group-7EB39FB5DF22-FollowerState was interrupted: java.lang.InterruptedException: sleep interrupted
2019-10-17 07:41:57,051 [grpc-default-executor-1] INFO  impl.RoleInfo (RoleInfo.java:updateAndGet(143)) - 443b071d-6096-48d6-bfe7-498b7c8032c0: start FollowerState
2019-10-17 07:41:57,051 [grpc-default-executor-4] INFO  impl.RoleInfo (RoleInfo.java:updateAndGet(143)) - 40d2d32e-dd25-45df-8070-f9dc56ccf0a7: start FollowerState
2019-10-17 07:41:57,078 [cbde3520-0cea-4357-bb04-1a0ae64b2bb1@group-7EB39FB5DF22-LeaderElection204] INFO  impl.LeaderElection (LeaderElection.java:logAndReturn(56)) - cbde3520-0cea-4357-bb04-1a0ae64b2bb1@group-7EB39FB5DF22-LeaderElection204: Election REJECTED; received 2 response(s) [cbde3520-0cea-4357-bb04-1a0ae64b2bb1<-40d2d32e-dd25-45df-8070-f9dc56ccf0a7#0:FAIL-t214, cbde3520-0cea-4357-bb04-1a0ae64b2bb1<-443b071d-6096-48d6-bfe7-498b7c8032c0#0:FAIL-t214] and 0 exception(s); cbde3520-0cea-4357-bb04-1a0ae64b2bb1@group-7EB39FB5DF22:t214, leader=null, voted=cbde3520-0cea-4357-bb04-1a0ae64b2bb1, raftlog=cbde3520-0cea-4357-bb04-1a0ae64b2bb1@group-7EB39FB5DF22-SegmentedRaftLog:OPENED:c-1,f-1,i0, conf=-1: [40d2d32e-dd25-45df-8070-f9dc56ccf0a7:192.168.34.62:41633, cbde3520-0cea-4357-bb04-1a0ae64b2bb1:192.168.34.62:41642, 443b071d-6096-48d6-bfe7-498b7c8032c0:192.168.34.62:46516], old=null
2019-10-17 07:41:57,078 [cbde3520-0cea-4357-bb04-1a0ae64b2bb1@group-7EB39FB5DF22-LeaderElection204] INFO  impl.RaftServerImpl (RaftServerImpl.java:setRole(184)) - cbde3520-0cea-4357-bb04-1a0ae64b2bb1@group-7EB39FB5DF22: changes role from CANDIDATE to FOLLOWER at term 214 for DISCOVERED_A_NEW_TERM
2019-10-17 07:41:57,078 [cbde3520-0cea-4357-bb04-1a0ae64b2bb1@group-7EB39FB5DF22-LeaderElection204] INFO  impl.RoleInfo (RoleInfo.java:shutdownLeaderElection(134)) - cbde3520-0cea-4357-bb04-1a0ae64b2bb1: shutdown LeaderElection
2019-10-17 07:41:57,079 [cbde3520-0cea-4357-bb04-1a0ae64b2bb1@group-7EB39FB5DF22-LeaderElection204] INFO  impl.RoleInfo (RoleInfo.java:updateAndGet(143)) - cbde3520-0cea-4357-bb04-1a0ae64b2bb1: start FollowerState
2019-10-17 07:41:57,216 [main] INFO  ozone.MiniOzoneClusterImpl (MiniOzoneClusterImpl.java:lambda$waitForClusterToBeReady$2(164)) - Waiting for 1 number of pipelines out of 5, to report a leader.
2019-10-17 07:41:57,226 [Thread-1562] INFO  impl.FollowerState (FollowerState.java:run(108)) - cbde3520-0cea-4357-bb04-1a0ae64b2bb1@group-7EB39FB5DF22-FollowerState: change to CANDIDATE, lastRpcTime:147ms, electionTimeout:147ms
2019-10-17 07:41:57,226 [Thread-1562] INFO  impl.RoleInfo (RoleInfo.java:shutdownFollowerState(121)) - cbde3520-0cea-4357-bb04-1a0ae64b2bb1: shutdown FollowerState
2019-10-17 07:41:57,226 [Thread-1562] INFO  impl.RaftServerImpl (RaftServerImpl.java:setRole(184)) - cbde3520-0cea-4357-bb04-1a0ae64b2bb1@group-7EB39FB5DF22: changes role from  FOLLOWER to CANDIDATE at term 214 for changeToCandidate
2019-10-17 07:41:57,227 [Thread-1562] INFO  impl.RoleInfo (RoleInfo.java:updateAndGet(143)) - cbde3520-0cea-4357-bb04-1a0ae64b2bb1: start LeaderElection
2019-10-17 07:41:57,251 [cbde3520-0cea-4357-bb04-1a0ae64b2bb1@group-7EB39FB5DF22-LeaderElection205] INFO  impl.LeaderElection (LeaderElection.java:askForVotes(178)) - cbde3520-0cea-4357-bb04-1a0ae64b2bb1@group-7EB39FB5DF22-LeaderElection205: begin an election at term 215 for -1: [40d2d32e-dd25-45df-8070-f9dc56ccf0a7:192.168.34.62:41633, cbde3520-0cea-4357-bb04-1a0ae64b2bb1:192.168.34.62:41642, 443b071d-6096-48d6-bfe7-498b7c8032c0:192.168.34.62:46516], old=null
2019-10-17 07:41:57,255 [grpc-default-executor-1] INFO  impl.RaftServerImpl (RaftServerImpl.java:setRole(184)) - 443b071d-6096-48d6-bfe7-498b7c8032c0@group-7EB39FB5DF22: changes role from  FOLLOWER to FOLLOWER at term 215 for recognizeCandidate:cbde3520-0cea-4357-bb04-1a0ae64b2bb1
2019-10-17 07:41:57,255 [grpc-default-executor-1] INFO  impl.RoleInfo (RoleInfo.java:shutdownFollowerState(121)) - 443b071d-6096-48d6-bfe7-498b7c8032c0: shutdown FollowerState
2019-10-17 07:41:57,255 [grpc-default-executor-4] INFO  impl.RaftServerImpl (RaftServerImpl.java:setRole(184)) - 40d2d32e-dd25-45df-8070-f9dc56ccf0a7@group-7EB39FB5DF22: changes role from  FOLLOWER to FOLLOWER at term 215 for recognizeCandidate:cbde3520-0cea-4357-bb04-1a0ae64b2bb1
2019-10-17 07:41:57,255 [Thread-1560] INFO  impl.FollowerState (FollowerState.java:run(117)) - 443b071d-6096-48d6-bfe7-498b7c8032c0@group-7EB39FB5DF22-FollowerState was interrupted: java.lang.InterruptedException: sleep interrupted
2019-10-17 07:41:57,255 [grpc-default-executor-1] INFO  impl.RoleInfo (RoleInfo.java:updateAndGet(143)) - 443b071d-6096-48d6-bfe7-498b7c8032c0: start FollowerState
2019-10-17 07:41:57,255 [grpc-default-executor-4] INFO  impl.RoleInfo (RoleInfo.java:shutdownFollowerState(121)) - 40d2d32e-dd25-45df-8070-f9dc56ccf0a7: shutdown FollowerState
2019-10-17 07:41:57,256 [grpc-default-executor-4] INFO  impl.RoleInfo (RoleInfo.java:updateAndGet(143)) - 40d2d32e-dd25-45df-8070-f9dc56ccf0a7: start FollowerState
2019-10-17 07:41:57,256 [Thread-1561] INFO  impl.FollowerState (FollowerState.java:run(117)) - 40d2d32e-dd25-45df-8070-f9dc56ccf0a7@group-7EB39FB5DF22-FollowerState was interrupted: java.lang.InterruptedException: sleep interrupted
2019-10-17 07:41:57,279 [cbde3520-0cea-4357-bb04-1a0ae64b2bb1@group-7EB39FB5DF22-LeaderElection205] INFO  impl.LeaderElection (LeaderElection.java:logAndReturn(56)) - cbde3520-0cea-4357-bb04-1a0ae64b2bb1@group-7EB39FB5DF22-LeaderElection205: Election REJECTED; received 2 response(s) [cbde3520-0cea-4357-bb04-1a0ae64b2bb1<-40d2d32e-dd25-45df-8070-f9dc56ccf0a7#0:FAIL-t215, cbde3520-0cea-4357-bb04-1a0ae64b2bb1<-443b071d-6096-48d6-bfe7-498b7c8032c0#0:FAIL-t215] and 0 exception(s); cbde3520-0cea-4357-bb04-1a0ae64b2bb1@group-7EB39FB5DF22:t215, leader=null, voted=cbde3520-0cea-4357-bb04-1a0ae64b2bb1, raftlog=cbde3520-0cea-4357-bb04-1a0ae64b2bb1@group-7EB39FB5DF22-SegmentedRaftLog:OPENED:c-1,f-1,i0, conf=-1: [40d2d32e-dd25-45df-8070-f9dc56ccf0a7:192.168.34.62:41633, cbde3520-0cea-4357-bb04-1a0ae64b2bb1:192.168.34.62:41642, 443b071d-6096-48d6-bfe7-498b7c8032c0:192.168.34.62:46516], old=null
2019-10-17 07:41:57,279 [cbde3520-0cea-4357-bb04-1a0ae64b2bb1@group-7EB39FB5DF22-LeaderElection205] INFO  impl.RaftServerImpl (RaftServerImpl.java:setRole(184)) - cbde3520-0cea-4357-bb04-1a0ae64b2bb1@group-7EB39FB5DF22: changes role from CANDIDATE to FOLLOWER at term 215 for DISCOVERED_A_NEW_TERM
2019-10-17 07:41:57,279 [cbde3520-0cea-4357-bb04-1a0ae64b2bb1@group-7EB39FB5DF22-LeaderElection205] INFO  impl.RoleInfo (RoleInfo.java:shutdownLeaderElection(134)) - cbde3520-0cea-4357-bb04-1a0ae64b2bb1: shutdown LeaderElection
2019-10-17 07:41:57,280 [cbde3520-0cea-4357-bb04-1a0ae64b2bb1@group-7EB39FB5DF22-LeaderElection205] INFO  impl.RoleInfo (RoleInfo.java:updateAndGet(143)) - cbde3520-0cea-4357-bb04-1a0ae64b2bb1: start FollowerState
2019-10-17 07:41:57,434 [Thread-1568] INFO  impl.FollowerState (FollowerState.java:run(108)) - cbde3520-0cea-4357-bb04-1a0ae64b2bb1@group-7EB39FB5DF22-FollowerState: change to CANDIDATE, lastRpcTime:154ms, electionTimeout:154ms
2019-10-17 07:41:57,434 [Thread-1568] INFO  impl.RoleInfo (RoleInfo.java:shutdownFollowerState(121)) - cbde3520-0cea-4357-bb04-1a0ae64b2bb1: shutdown FollowerState
2019-10-17 07:41:57,434 [Thread-1568] INFO  impl.RaftServerImpl (RaftServerImpl.java:setRole(184)) - cbde3520-0cea-4357-bb04-1a0ae64b2bb1@group-7EB39FB5DF22: changes role from  FOLLOWER to CANDIDATE at term 215 for changeToCandidate
2019-10-17 07:41:57,435 [Thread-1568] INFO  impl.RoleInfo (RoleInfo.java:updateAndGet(143)) - cbde3520-0cea-4357-bb04-1a0ae64b2bb1: start LeaderElection
2019-10-17 07:41:57,464 [cbde3520-0cea-4357-bb04-1a0ae64b2bb1@group-7EB39FB5DF22-LeaderElection206] INFO  impl.LeaderElection (LeaderElection.java:askForVotes(178)) - cbde3520-0cea-4357-bb04-1a0ae64b2bb1@group-7EB39FB5DF22-LeaderElection206: begin an election at term 216 for -1: [40d2d32e-dd25-45df-8070-f9dc56ccf0a7:192.168.34.62:41633, cbde3520-0cea-4357-bb04-1a0ae64b2bb1:192.168.34.62:41642, 443b071d-6096-48d6-bfe7-498b7c8032c0:192.168.34.62:46516], old=null
2019-10-17 07:41:57,467 [grpc-default-executor-4] INFO  impl.RaftServerImpl (RaftServerImpl.java:setRole(184)) - 443b071d-6096-48d6-bfe7-498b7c8032c0@group-7EB39FB5DF22: changes role from  FOLLOWER to FOLLOWER at term 216 for recognizeCandidate:cbde3520-0cea-4357-bb04-1a0ae64b2bb1
2019-10-17 07:41:57,467 [grpc-default-executor-4] INFO  impl.RoleInfo (RoleInfo.java:shutdownFollowerState(121)) - 443b071d-6096-48d6-bfe7-498b7c8032c0: shutdown FollowerState
2019-10-17 07:41:57,467 [grpc-default-executor-1] INFO  impl.RaftServerImpl (RaftServerImpl.java:setRole(184)) - 40d2d32e-dd25-45df-8070-f9dc56ccf0a7@group-7EB39FB5DF22: changes role from  FOLLOWER to FOLLOWER at term 216 for recognizeCandidate:cbde3520-0cea-4357-bb04-1a0ae64b2bb1
2019-10-17 07:41:57,467 [grpc-default-executor-4] INFO  impl.RoleInfo (RoleInfo.java:updateAndGet(143)) - 443b071d-6096-48d6-bfe7-498b7c8032c0: start FollowerState
2019-10-17 07:41:57,467 [Thread-1566] INFO  impl.FollowerState (FollowerState.java:run(117)) - 443b071d-6096-48d6-bfe7-498b7c8032c0@group-7EB39FB5DF22-FollowerState was interrupted: java.lang.InterruptedException: sleep interrupted
2019-10-17 07:41:57,468 [grpc-default-executor-1] INFO  impl.RoleInfo (RoleInfo.java:shutdownFollowerState(121)) - 40d2d32e-dd25-45df-8070-f9dc56ccf0a7: shutdown FollowerState
2019-10-17 07:41:57,468 [grpc-default-executor-1] INFO  impl.RoleInfo (RoleInfo.java:updateAndGet(143)) - 40d2d32e-dd25-45df-8070-f9dc56ccf0a7: start FollowerState
2019-10-17 07:41:57,468 [Thread-1567] INFO  impl.FollowerState (FollowerState.java:run(117)) - 40d2d32e-dd25-45df-8070-f9dc56ccf0a7@group-7EB39FB5DF22-FollowerState was interrupted: java.lang.InterruptedException: sleep interrupted
2019-10-17 07:41:57,482 [cbde3520-0cea-4357-bb04-1a0ae64b2bb1@group-7EB39FB5DF22-LeaderElection206] INFO  impl.LeaderElection (LeaderElection.java:logAndReturn(56)) - cbde3520-0cea-4357-bb04-1a0ae64b2bb1@group-7EB39FB5DF22-LeaderElection206: Election REJECTED; received 2 response(s) [cbde3520-0cea-4357-bb04-1a0ae64b2bb1<-40d2d32e-dd25-45df-8070-f9dc56ccf0a7#0:FAIL-t216, cbde3520-0cea-4357-bb04-1a0ae64b2bb1<-443b071d-6096-48d6-bfe7-498b7c8032c0#0:FAIL-t216] and 0 exception(s); cbde3520-0cea-4357-bb04-1a0ae64b2bb1@group-7EB39FB5DF22:t216, leader=null, voted=cbde3520-0cea-4357-bb04-1a0ae64b2bb1, raftlog=cbde3520-0cea-4357-bb04-1a0ae64b2bb1@group-7EB39FB5DF22-SegmentedRaftLog:OPENED:c-1,f-1,i0, conf=-1: [40d2d32e-dd25-45df-8070-f9dc56ccf0a7:192.168.34.62:41633, cbde3520-0cea-4357-bb04-1a0ae64b2bb1:192.168.34.62:41642, 443b071d-6096-48d6-bfe7-498b7c8032c0:192.168.34.62:46516], old=null
2019-10-17 07:41:57,482 [cbde3520-0cea-4357-bb04-1a0ae64b2bb1@group-7EB39FB5DF22-LeaderElection206] INFO  impl.RaftServerImpl (RaftServerImpl.java:setRole(184)) - cbde3520-0cea-4357-bb04-1a0ae64b2bb1@group-7EB39FB5DF22: changes role from CANDIDATE to FOLLOWER at term 216 for DISCOVERED_A_NEW_TERM
2019-10-17 07:41:57,482 [cbde3520-0cea-4357-bb04-1a0ae64b2bb1@group-7EB39FB5DF22-LeaderElection206] INFO  impl.RoleInfo (RoleInfo.java:shutdownLeaderElection(134)) - cbde3520-0cea-4357-bb04-1a0ae64b2bb1: shutdown LeaderElection
2019-10-17 07:41:57,482 [cbde3520-0cea-4357-bb04-1a0ae64b2bb1@group-7EB39FB5DF22-LeaderElection206] INFO  impl.RoleInfo (RoleInfo.java:updateAndGet(143)) - cbde3520-0cea-4357-bb04-1a0ae64b2bb1: start FollowerState
2019-10-17 07:41:57,507 [Thread-1574] INFO  impl.FollowerState (FollowerState.java:run(108)) - cbde3520-0cea-4357-bb04-1a0ae64b2bb1@group-7EB39FB5DF22-FollowerState: change to CANDIDATE, lastRpcTime:24ms, electionTimeout:24ms
2019-10-17 07:41:57,507 [Thread-1574] INFO  impl.RoleInfo (RoleInfo.java:shutdownFollowerState(121)) - cbde3520-0cea-4357-bb04-1a0ae64b2bb1: shutdown FollowerState
2019-10-17 07:41:57,507 [Thread-1574] INFO  impl.RaftServerImpl (RaftServerImpl.java:setRole(184)) - cbde3520-0cea-4357-bb04-1a0ae64b2bb1@group-7EB39FB5DF22: changes role from  FOLLOWER to CANDIDATE at term 216 for changeToCandidate
2019-10-17 07:41:57,508 [Thread-1574] INFO  impl.RoleInfo (RoleInfo.java:updateAndGet(143)) - cbde3520-0cea-4357-bb04-1a0ae64b2bb1: start LeaderElection
2019-10-17 07:41:57,532 [cbde3520-0cea-4357-bb04-1a0ae64b2bb1@group-7EB39FB5DF22-LeaderElection207] INFO  impl.LeaderElection (LeaderElection.java:askForVotes(178)) - cbde3520-0cea-4357-bb04-1a0ae64b2bb1@group-7EB39FB5DF22-LeaderElection207: begin an election at term 217 for -1: [40d2d32e-dd25-45df-8070-f9dc56ccf0a7:192.168.34.62:41633, cbde3520-0cea-4357-bb04-1a0ae64b2bb1:192.168.34.62:41642, 443b071d-6096-48d6-bfe7-498b7c8032c0:192.168.34.62:46516], old=null
2019-10-17 07:41:57,534 [grpc-default-executor-4] INFO  impl.RaftServerImpl (RaftServerImpl.java:setRole(184)) - 40d2d32e-dd25-45df-8070-f9dc56ccf0a7@group-7EB39FB5DF22: changes role from  FOLLOWER to FOLLOWER at term 217 for recognizeCandidate:cbde3520-0cea-4357-bb04-1a0ae64b2bb1
2019-10-17 07:41:57,534 [grpc-default-executor-4] INFO  impl.RoleInfo (RoleInfo.java:shutdownFollowerState(121)) - 40d2d32e-dd25-45df-8070-f9dc56ccf0a7: shutdown FollowerState
2019-10-17 07:41:57,534 [grpc-default-executor-4] INFO  impl.RoleInfo (RoleInfo.java:updateAndGet(143)) - 40d2d32e-dd25-45df-8070-f9dc56ccf0a7: start FollowerState
2019-10-17 07:41:57,535 [grpc-default-executor-1] INFO  impl.RaftServerImpl (RaftServerImpl.java:setRole(184)) - 443b071d-6096-48d6-bfe7-498b7c8032c0@group-7EB39FB5DF22: changes role from  FOLLOWER to FOLLOWER at term 217 for recognizeCandidate:cbde3520-0cea-4357-bb04-1a0ae64b2bb1
2019-10-17 07:41:57,535 [grpc-default-executor-1] INFO  impl.RoleInfo (RoleInfo.java:shutdownFollowerState(121)) - 443b071d-6096-48d6-bfe7-498b7c8032c0: shutdown FollowerState
2019-10-17 07:41:57,535 [Thread-1573] INFO  impl.FollowerState (FollowerState.java:run(117)) - 40d2d32e-dd25-45df-8070-f9dc56ccf0a7@group-7EB39FB5DF22-FollowerState was interrupted: java.lang.InterruptedException: sleep interrupted
2019-10-17 07:41:57,535 [Thread-1572] INFO  impl.FollowerState (FollowerState.java:run(117)) - 443b071d-6096-48d6-bfe7-498b7c8032c0@group-7EB39FB5DF22-FollowerState was interrupted: java.lang.InterruptedException: sleep interrupted
2019-10-17 07:41:57,535 [grpc-default-executor-1] INFO  impl.RoleInfo (RoleInfo.java:updateAndGet(143)) - 443b071d-6096-48d6-bfe7-498b7c8032c0: start FollowerState
2019-10-17 07:41:57,549 [cbde3520-0cea-4357-bb04-1a0ae64b2bb1@group-7EB39FB5DF22-LeaderElection207] INFO  impl.LeaderElection (LeaderElection.java:logAndReturn(56)) - cbde3520-0cea-4357-bb04-1a0ae64b2bb1@group-7EB39FB5DF22-LeaderElection207: Election TIMEOUT; received 0 response(s) [] and 0 exception(s); cbde3520-0cea-4357-bb04-1a0ae64b2bb1@group-7EB39FB5DF22:t217, leader=null, voted=cbde3520-0cea-4357-bb04-1a0ae64b2bb1, raftlog=cbde3520-0cea-4357-bb04-1a0ae64b2bb1@group-7EB39FB5DF22-SegmentedRaftLog:OPENED:c-1,f-1,i0, conf=-1: [40d2d32e-dd25-45df-8070-f9dc56ccf0a7:192.168.34.62:41633, cbde3520-0cea-4357-bb04-1a0ae64b2bb1:192.168.34.62:41642, 443b071d-6096-48d6-bfe7-498b7c8032c0:192.168.34.62:46516], old=null
2019-10-17 07:41:57,573 [cbde3520-0cea-4357-bb04-1a0ae64b2bb1@group-7EB39FB5DF22-LeaderElection207] INFO  impl.LeaderElection (LeaderElection.java:askForVotes(178)) - cbde3520-0cea-4357-bb04-1a0ae64b2bb1@group-7EB39FB5DF22-LeaderElection207: begin an election at term 218 for -1: [40d2d32e-dd25-45df-8070-f9dc56ccf0a7:192.168.34.62:41633, cbde3520-0cea-4357-bb04-1a0ae64b2bb1:192.168.34.62:41642, 443b071d-6096-48d6-bfe7-498b7c8032c0:192.168.34.62:46516], old=null
2019-10-17 07:41:57,575 [grpc-default-executor-1] INFO  impl.RaftServerImpl (RaftServerImpl.java:setRole(184)) - 40d2d32e-dd25-45df-8070-f9dc56ccf0a7@group-7EB39FB5DF22: changes role from  FOLLOWER to FOLLOWER at term 218 for recognizeCandidate:cbde3520-0cea-4357-bb04-1a0ae64b2bb1
2019-10-17 07:41:57,575 [grpc-default-executor-1] INFO  impl.RoleInfo (RoleInfo.java:shutdownFollowerState(121)) - 40d2d32e-dd25-45df-8070-f9dc56ccf0a7: shutdown FollowerState
2019-10-17 07:41:57,575 [grpc-default-executor-1] INFO  impl.RoleInfo (RoleInfo.java:updateAndGet(143)) - 40d2d32e-dd25-45df-8070-f9dc56ccf0a7: start FollowerState
2019-10-17 07:41:57,576 [Thread-1578] INFO  impl.FollowerState (FollowerState.java:run(117)) - 40d2d32e-dd25-45df-8070-f9dc56ccf0a7@group-7EB39FB5DF22-FollowerState was interrupted: java.lang.InterruptedException: sleep interrupted
2019-10-17 07:41:57,576 [grpc-default-executor-4] INFO  impl.RaftServerImpl (RaftServerImpl.java:setRole(184)) - 443b071d-6096-48d6-bfe7-498b7c8032c0@group-7EB39FB5DF22: changes role from  FOLLOWER to FOLLOWER at term 218 for recognizeCandidate:cbde3520-0cea-4357-bb04-1a0ae64b2bb1
2019-10-17 07:41:57,576 [grpc-default-executor-4] INFO  impl.RoleInfo (RoleInfo.java:shutdownFollowerState(121)) - 443b071d-6096-48d6-bfe7-498b7c8032c0: shutdown FollowerState
2019-10-17 07:41:57,576 [grpc-default-executor-4] INFO  impl.RoleInfo (RoleInfo.java:updateAndGet(143)) - 443b071d-6096-48d6-bfe7-498b7c8032c0: start FollowerState
2019-10-17 07:41:57,576 [Thread-1579] INFO  impl.FollowerState (FollowerState.java:run(117)) - 443b071d-6096-48d6-bfe7-498b7c8032c0@group-7EB39FB5DF22-FollowerState was interrupted: java.lang.InterruptedException: sleep interrupted
2019-10-17 07:41:57,590 [cbde3520-0cea-4357-bb04-1a0ae64b2bb1@group-7EB39FB5DF22-LeaderElection207] INFO  impl.LeaderElection (LeaderElection.java:logAndReturn(56)) - cbde3520-0cea-4357-bb04-1a0ae64b2bb1@group-7EB39FB5DF22-LeaderElection207: Election REJECTED; received 2 response(s) [cbde3520-0cea-4357-bb04-1a0ae64b2bb1<-40d2d32e-dd25-45df-8070-f9dc56ccf0a7#0:FAIL-t218, cbde3520-0cea-4357-bb04-1a0ae64b2bb1<-443b071d-6096-48d6-bfe7-498b7c8032c0#0:FAIL-t218] and 0 exception(s); cbde3520-0cea-4357-bb04-1a0ae64b2bb1@group-7EB39FB5DF22:t218, leader=null, voted=cbde3520-0cea-4357-bb04-1a0ae64b2bb1, raftlog=cbde3520-0cea-4357-bb04-1a0ae64b2bb1@group-7EB39FB5DF22-SegmentedRaftLog:OPENED:c-1,f-1,i0, conf=-1: [40d2d32e-dd25-45df-8070-f9dc56ccf0a7:192.168.34.62:41633, cbde3520-0cea-4357-bb04-1a0ae64b2bb1:192.168.34.62:41642, 443b071d-6096-48d6-bfe7-498b7c8032c0:192.168.34.62:46516], old=null
2019-10-17 07:41:57,590 [cbde3520-0cea-4357-bb04-1a0ae64b2bb1@group-7EB39FB5DF22-LeaderElection207] INFO  impl.RaftServerImpl (RaftServerImpl.java:setRole(184)) - cbde3520-0cea-4357-bb04-1a0ae64b2bb1@group-7EB39FB5DF22: changes role from CANDIDATE to FOLLOWER at term 218 for DISCOVERED_A_NEW_TERM
2019-10-17 07:41:57,590 [cbde3520-0cea-4357-bb04-1a0ae64b2bb1@group-7EB39FB5DF22-LeaderElection207] INFO  impl.RoleInfo (RoleInfo.java:shutdownLeaderElection(134)) - cbde3520-0cea-4357-bb04-1a0ae64b2bb1: shutdown LeaderElection
2019-10-17 07:41:57,591 [cbde3520-0cea-4357-bb04-1a0ae64b2bb1@group-7EB39FB5DF22-LeaderElection207] INFO  impl.RoleInfo (RoleInfo.java:updateAndGet(143)) - cbde3520-0cea-4357-bb04-1a0ae64b2bb1: start FollowerState
2019-10-17 07:41:57,635 [Thread-1584] INFO  impl.FollowerState (FollowerState.java:run(108)) - cbde3520-0cea-4357-bb04-1a0ae64b2bb1@group-7EB39FB5DF22-FollowerState: change to CANDIDATE, lastRpcTime:44ms, electionTimeout:44ms
2019-10-17 07:41:57,635 [Thread-1584] INFO  impl.RoleInfo (RoleInfo.java:shutdownFollowerState(121)) - cbde3520-0cea-4357-bb04-1a0ae64b2bb1: shutdown FollowerState
2019-10-17 07:41:57,635 [Thread-1584] INFO  impl.RaftServerImpl (RaftServerImpl.java:setRole(184)) - cbde3520-0cea-4357-bb04-1a0ae64b2bb1@group-7EB39FB5DF22: changes role from  FOLLOWER to CANDIDATE at term 218 for changeToCandidate
2019-10-17 07:41:57,636 [Thread-1584] INFO  impl.RoleInfo (RoleInfo.java:updateAndGet(143)) - cbde3520-0cea-4357-bb04-1a0ae64b2bb1: start LeaderElection
2019-10-17 07:41:57,659 [cbde3520-0cea-4357-bb04-1a0ae64b2bb1@group-7EB39FB5DF22-LeaderElection208] INFO  impl.LeaderElection (LeaderElection.java:askForVotes(178)) - cbde3520-0cea-4357-bb04-1a0ae64b2bb1@group-7EB39FB5DF22-LeaderElection208: begin an election at term 219 for -1: [40d2d32e-dd25-45df-8070-f9dc56ccf0a7:192.168.34.62:41633, cbde3520-0cea-4357-bb04-1a0ae64b2bb1:192.168.34.62:41642, 443b071d-6096-48d6-bfe7-498b7c8032c0:192.168.34.62:46516], old=null
2019-10-17 07:41:57,661 [grpc-default-executor-1] INFO  impl.RaftServerImpl (RaftServerImpl.java:setRole(184)) - 40d2d32e-dd25-45df-8070-f9dc56ccf0a7@group-7EB39FB5DF22: changes role from  FOLLOWER to FOLLOWER at term 219 for recognizeCandidate:cbde3520-0cea-4357-bb04-1a0ae64b2bb1
2019-10-17 07:41:57,661 [grpc-default-executor-1] INFO  impl.RoleInfo (RoleInfo.java:shutdownFollowerState(121)) - 40d2d32e-dd25-45df-8070-f9dc56ccf0a7: shutdown FollowerState
2019-10-17 07:41:57,661 [grpc-default-executor-4] INFO  impl.RaftServerImpl (RaftServerImpl.java:setRole(184)) - 443b071d-6096-48d6-bfe7-498b7c8032c0@group-7EB39FB5DF22: changes role from  FOLLOWER to FOLLOWER at term 219 for recognizeCandidate:cbde3520-0cea-4357-bb04-1a0ae64b2bb1
2019-10-17 07:41:57,661 [Thread-1582] INFO  impl.FollowerState (FollowerState.java:run(117)) - 40d2d32e-dd25-45df-8070-f9dc56ccf0a7@group-7EB39FB5DF22-FollowerState was interrupted: java.lang.InterruptedException: sleep interrupted
2019-10-17 07:41:57,661 [grpc-default-executor-1] INFO  impl.RoleInfo (RoleInfo.java:updateAndGet(143)) - 40d2d32e-dd25-45df-8070-f9dc56ccf0a7: start FollowerState
2019-10-17 07:41:57,662 [grpc-default-executor-4] INFO  impl.RoleInfo (RoleInfo.java:shutdownFollowerState(121)) - 443b071d-6096-48d6-bfe7-498b7c8032c0: shutdown FollowerState
2019-10-17 07:41:57,662 [grpc-default-executor-4] INFO  impl.RoleInfo (RoleInfo.java:updateAndGet(143)) - 443b071d-6096-48d6-bfe7-498b7c8032c0: start FollowerState
2019-10-17 07:41:57,662 [Thread-1583] INFO  impl.FollowerState (FollowerState.java:run(117)) - 443b071d-6096-48d6-bfe7-498b7c8032c0@group-7EB39FB5DF22-FollowerState was interrupted: java.lang.InterruptedException: sleep interrupted
2019-10-17 07:41:57,686 [cbde3520-0cea-4357-bb04-1a0ae64b2bb1@group-7EB39FB5DF22-LeaderElection208] INFO  impl.LeaderElection (LeaderElection.java:logAndReturn(56)) - cbde3520-0cea-4357-bb04-1a0ae64b2bb1@group-7EB39FB5DF22-LeaderElection208: Election REJECTED; received 2 response(s) [cbde3520-0cea-4357-bb04-1a0ae64b2bb1<-40d2d32e-dd25-45df-8070-f9dc56ccf0a7#0:FAIL-t219, cbde3520-0cea-4357-bb04-1a0ae64b2bb1<-443b071d-6096-48d6-bfe7-498b7c8032c0#0:FAIL-t219] and 0 exception(s); cbde3520-0cea-4357-bb04-1a0ae64b2bb1@group-7EB39FB5DF22:t219, leader=null, voted=cbde3520-0cea-4357-bb04-1a0ae64b2bb1, raftlog=cbde3520-0cea-4357-bb04-1a0ae64b2bb1@group-7EB39FB5DF22-SegmentedRaftLog:OPENED:c-1,f-1,i0, conf=-1: [40d2d32e-dd25-45df-8070-f9dc56ccf0a7:192.168.34.62:41633, cbde3520-0cea-4357-bb04-1a0ae64b2bb1:192.168.34.62:41642, 443b071d-6096-48d6-bfe7-498b7c8032c0:192.168.34.62:46516], old=null
2019-10-17 07:41:57,687 [cbde3520-0cea-4357-bb04-1a0ae64b2bb1@group-7EB39FB5DF22-LeaderElection208] INFO  impl.RaftServerImpl (RaftServerImpl.java:setRole(184)) - cbde3520-0cea-4357-bb04-1a0ae64b2bb1@group-7EB39FB5DF22: changes role from CANDIDATE to FOLLOWER at term 219 for DISCOVERED_A_NEW_TERM
2019-10-17 07:41:57,687 [cbde3520-0cea-4357-bb04-1a0ae64b2bb1@group-7EB39FB5DF22-LeaderElection208] INFO  impl.RoleInfo (RoleInfo.java:shutdownLeaderElection(134)) - cbde3520-0cea-4357-bb04-1a0ae64b2bb1: shutdown LeaderElection
2019-10-17 07:41:57,687 [cbde3520-0cea-4357-bb04-1a0ae64b2bb1@group-7EB39FB5DF22-LeaderElection208] INFO  impl.RoleInfo (RoleInfo.java:updateAndGet(143)) - cbde3520-0cea-4357-bb04-1a0ae64b2bb1: start FollowerState
2019-10-17 07:41:57,716 [Thread-1590] INFO  impl.FollowerState (FollowerState.java:run(108)) - cbde3520-0cea-4357-bb04-1a0ae64b2bb1@group-7EB39FB5DF22-FollowerState: change to CANDIDATE, lastRpcTime:29ms, electionTimeout:29ms
2019-10-17 07:41:57,717 [Thread-1590] INFO  impl.RoleInfo (RoleInfo.java:shutdownFollowerState(121)) - cbde3520-0cea-4357-bb04-1a0ae64b2bb1: shutdown FollowerState
2019-10-17 07:41:57,717 [Thread-1590] INFO  impl.RaftServerImpl (RaftServerImpl.java:setRole(184)) - cbde3520-0cea-4357-bb04-1a0ae64b2bb1@group-7EB39FB5DF22: changes role from  FOLLOWER to CANDIDATE at term 219 for changeToCandidate
2019-10-17 07:41:57,717 [Thread-1590] INFO  impl.RoleInfo (RoleInfo.java:updateAndGet(143)) - cbde3520-0cea-4357-bb04-1a0ae64b2bb1: start LeaderElection
2019-10-17 07:41:57,741 [cbde3520-0cea-4357-bb04-1a0ae64b2bb1@group-7EB39FB5DF22-LeaderElection209] INFO  impl.LeaderElection (LeaderElection.java:askForVotes(178)) - cbde3520-0cea-4357-bb04-1a0ae64b2bb1@group-7EB39FB5DF22-LeaderElection209: begin an election at term 220 for -1: [40d2d32e-dd25-45df-8070-f9dc56ccf0a7:192.168.34.62:41633, cbde3520-0cea-4357-bb04-1a0ae64b2bb1:192.168.34.62:41642, 443b071d-6096-48d6-bfe7-498b7c8032c0:192.168.34.62:46516], old=null
2019-10-17 07:41:57,743 [grpc-default-executor-4] INFO  impl.RaftServerImpl (RaftServerImpl.java:setRole(184)) - 40d2d32e-dd25-45df-8070-f9dc56ccf0a7@group-7EB39FB5DF22: changes role from  FOLLOWER to FOLLOWER at term 220 for recognizeCandidate:cbde3520-0cea-4357-bb04-1a0ae64b2bb1
2019-10-17 07:41:57,743 [grpc-default-executor-4] INFO  impl.RoleInfo (RoleInfo.java:shutdownFollowerState(121)) - 40d2d32e-dd25-45df-8070-f9dc56ccf0a7: shutdown FollowerState
2019-10-17 07:41:57,743 [grpc-default-executor-1] INFO  impl.RaftServerImpl (RaftServerImpl.java:setRole(184)) - 443b071d-6096-48d6-bfe7-498b7c8032c0@group-7EB39FB5DF22: changes role from  FOLLOWER to FOLLOWER at term 220 for recognizeCandidate:cbde3520-0cea-4357-bb04-1a0ae64b2bb1
2019-10-17 07:41:57,744 [grpc-default-executor-1] INFO  impl.RoleInfo (RoleInfo.java:shutdownFollowerState(121)) - 443b071d-6096-48d6-bfe7-498b7c8032c0: shutdown FollowerState
2019-10-17 07:41:57,743 [Thread-1588] INFO  impl.FollowerState (FollowerState.java:run(117)) - 40d2d32e-dd25-45df-8070-f9dc56ccf0a7@group-7EB39FB5DF22-FollowerState was interrupted: java.lang.InterruptedException: sleep interrupted
2019-10-17 07:41:57,743 [grpc-default-executor-4] INFO  impl.RoleInfo (RoleInfo.java:updateAndGet(143)) - 40d2d32e-dd25-45df-8070-f9dc56ccf0a7: start FollowerState
2019-10-17 07:41:57,744 [Thread-1589] INFO  impl.FollowerState (FollowerState.java:run(117)) - 443b071d-6096-48d6-bfe7-498b7c8032c0@group-7EB39FB5DF22-FollowerState was interrupted: java.lang.InterruptedException: sleep interrupted
2019-10-17 07:41:57,744 [grpc-default-executor-1] INFO  impl.RoleInfo (RoleInfo.java:updateAndGet(143)) - 443b071d-6096-48d6-bfe7-498b7c8032c0: start FollowerState
2019-10-17 07:41:57,771 [cbde3520-0cea-4357-bb04-1a0ae64b2bb1@group-7EB39FB5DF22-LeaderElection209] INFO  impl.LeaderElection (LeaderElection.java:logAndReturn(56)) - cbde3520-0cea-4357-bb04-1a0ae64b2bb1@group-7EB39FB5DF22-LeaderElection209: Election REJECTED; received 2 response(s) [cbde3520-0cea-4357-bb04-1a0ae64b2bb1<-40d2d32e-dd25-45df-8070-f9dc56ccf0a7#0:FAIL-t220, cbde3520-0cea-4357-bb04-1a0ae64b2bb1<-443b071d-6096-48d6-bfe7-498b7c8032c0#0:FAIL-t220] and 0 exception(s); cbde3520-0cea-4357-bb04-1a0ae64b2bb1@group-7EB39FB5DF22:t220, leader=null, voted=cbde3520-0cea-4357-bb04-1a0ae64b2bb1, raftlog=cbde3520-0cea-4357-bb04-1a0ae64b2bb1@group-7EB39FB5DF22-SegmentedRaftLog:OPENED:c-1,f-1,i0, conf=-1: [40d2d32e-dd25-45df-8070-f9dc56ccf0a7:192.168.34.62:41633, cbde3520-0cea-4357-bb04-1a0ae64b2bb1:192.168.34.62:41642, 443b071d-6096-48d6-bfe7-498b7c8032c0:192.168.34.62:46516], old=null
2019-10-17 07:41:57,771 [cbde3520-0cea-4357-bb04-1a0ae64b2bb1@group-7EB39FB5DF22-LeaderElection209] INFO  impl.RaftServerImpl (RaftServerImpl.java:setRole(184)) - cbde3520-0cea-4357-bb04-1a0ae64b2bb1@group-7EB39FB5DF22: changes role from CANDIDATE to FOLLOWER at term 220 for DISCOVERED_A_NEW_TERM
2019-10-17 07:41:57,771 [cbde3520-0cea-4357-bb04-1a0ae64b2bb1@group-7EB39FB5DF22-LeaderElection209] INFO  impl.RoleInfo (RoleInfo.java:shutdownLeaderElection(134)) - cbde3520-0cea-4357-bb04-1a0ae64b2bb1: shutdown LeaderElection
2019-10-17 07:41:57,771 [cbde3520-0cea-4357-bb04-1a0ae64b2bb1@group-7EB39FB5DF22-LeaderElection209] INFO  impl.RoleInfo (RoleInfo.java:updateAndGet(143)) - cbde3520-0cea-4357-bb04-1a0ae64b2bb1: start FollowerState
2019-10-17 07:41:57,960 [Thread-1596] INFO  impl.FollowerState (FollowerState.java:run(108)) - cbde3520-0cea-4357-bb04-1a0ae64b2bb1@group-7EB39FB5DF22-FollowerState: change to CANDIDATE, lastRpcTime:188ms, electionTimeout:188ms
2019-10-17 07:41:57,960 [Thread-1596] INFO  impl.RoleInfo (RoleInfo.java:shutdownFollowerState(121)) - cbde3520-0cea-4357-bb04-1a0ae64b2bb1: shutdown FollowerState
2019-10-17 07:41:57,960 [Thread-1596] INFO  impl.RaftServerImpl (RaftServerImpl.java:setRole(184)) - cbde3520-0cea-4357-bb04-1a0ae64b2bb1@group-7EB39FB5DF22: changes role from  FOLLOWER to CANDIDATE at term 220 for changeToCandidate
2019-10-17 07:41:57,960 [Thread-1596] INFO  impl.RoleInfo (RoleInfo.java:updateAndGet(143)) - cbde3520-0cea-4357-bb04-1a0ae64b2bb1: start LeaderElection
2019-10-17 07:41:57,984 [cbde3520-0cea-4357-bb04-1a0ae64b2bb1@group-7EB39FB5DF22-LeaderElection210] INFO  impl.LeaderElection (LeaderElection.java:askForVotes(178)) - cbde3520-0cea-4357-bb04-1a0ae64b2bb1@group-7EB39FB5DF22-LeaderElection210: begin an election at term 221 for -1: [40d2d32e-dd25-45df-8070-f9dc56ccf0a7:192.168.34.62:41633, cbde3520-0cea-4357-bb04-1a0ae64b2bb1:192.168.34.62:41642, 443b071d-6096-48d6-bfe7-498b7c8032c0:192.168.34.62:46516], old=null
2019-10-17 07:41:57,987 [grpc-default-executor-4] INFO  impl.RaftServerImpl (RaftServerImpl.java:setRole(184)) - 40d2d32e-dd25-45df-8070-f9dc56ccf0a7@group-7EB39FB5DF22: changes role from  FOLLOWER to FOLLOWER at term 221 for recognizeCandidate:cbde3520-0cea-4357-bb04-1a0ae64b2bb1
2019-10-17 07:41:57,987 [grpc-default-executor-1] INFO  impl.RaftServerImpl (RaftServerImpl.java:setRole(184)) - 443b071d-6096-48d6-bfe7-498b7c8032c0@group-7EB39FB5DF22: changes role from  FOLLOWER to FOLLOWER at term 221 for recognizeCandidate:cbde3520-0cea-4357-bb04-1a0ae64b2bb1
2019-10-17 07:41:57,988 [grpc-default-executor-1] INFO  impl.RoleInfo (RoleInfo.java:shutdownFollowerState(121)) - 443b071d-6096-48d6-bfe7-498b7c8032c0: shutdown FollowerState
2019-10-17 07:41:57,987 [grpc-default-executor-4] INFO  impl.RoleInfo (RoleInfo.java:shutdownFollowerState(121)) - 40d2d32e-dd25-45df-8070-f9dc56ccf0a7: shutdown FollowerState
2019-10-17 07:41:57,988 [Thread-1595] INFO  impl.FollowerState (FollowerState.java:run(117)) - 443b071d-6096-48d6-bfe7-498b7c8032c0@group-7EB39FB5DF22-FollowerState was interrupted: java.lang.InterruptedException: sleep interrupted
2019-10-17 07:41:57,988 [grpc-default-executor-1] INFO  impl.RoleInfo (RoleInfo.java:updateAndGet(143)) - 443b071d-6096-48d6-bfe7-498b7c8032c0: start FollowerState
2019-10-17 07:41:57,988 [Thread-1594] INFO  impl.FollowerState (FollowerState.java:run(117)) - 40d2d32e-dd25-45df-8070-f9dc56ccf0a7@group-7EB39FB5DF22-FollowerState was interrupted: java.lang.InterruptedException: sleep interrupted
2019-10-17 07:41:57,988 [grpc-default-executor-4] INFO  impl.RoleInfo (RoleInfo.java:updateAndGet(143)) - 40d2d32e-dd25-45df-8070-f9dc56ccf0a7: start FollowerState
2019-10-17 07:41:58,013 [cbde3520-0cea-4357-bb04-1a0ae64b2bb1@group-7EB39FB5DF22-LeaderElection210] INFO  impl.LeaderElection (LeaderElection.java:logAndReturn(56)) - cbde3520-0cea-4357-bb04-1a0ae64b2bb1@group-7EB39FB5DF22-LeaderElection210: Election REJECTED; received 2 response(s) [cbde3520-0cea-4357-bb04-1a0ae64b2bb1<-40d2d32e-dd25-45df-8070-f9dc56ccf0a7#0:FAIL-t221, cbde3520-0cea-4357-bb04-1a0ae64b2bb1<-443b071d-6096-48d6-bfe7-498b7c8032c0#0:FAIL-t221] and 0 exception(s); cbde3520-0cea-4357-bb04-1a0ae64b2bb1@group-7EB39FB5DF22:t221, leader=null, voted=cbde3520-0cea-4357-bb04-1a0ae64b2bb1, raftlog=cbde3520-0cea-4357-bb04-1a0ae64b2bb1@group-7EB39FB5DF22-SegmentedRaftLog:OPENED:c-1,f-1,i0, conf=-1: [40d2d32e-dd25-45df-8070-f9dc56ccf0a7:192.168.34.62:41633, cbde3520-0cea-4357-bb04-1a0ae64b2bb1:192.168.34.62:41642, 443b071d-6096-48d6-bfe7-498b7c8032c0:192.168.34.62:46516], old=null
2019-10-17 07:41:58,013 [cbde3520-0cea-4357-bb04-1a0ae64b2bb1@group-7EB39FB5DF22-LeaderElection210] INFO  impl.RaftServerImpl (RaftServerImpl.java:setRole(184)) - cbde3520-0cea-4357-bb04-1a0ae64b2bb1@group-7EB39FB5DF22: changes role from CANDIDATE to FOLLOWER at term 221 for DISCOVERED_A_NEW_TERM
2019-10-17 07:41:58,013 [cbde3520-0cea-4357-bb04-1a0ae64b2bb1@group-7EB39FB5DF22-LeaderElection210] INFO  impl.RoleInfo (RoleInfo.java:shutdownLeaderElection(134)) - cbde3520-0cea-4357-bb04-1a0ae64b2bb1: shutdown LeaderElection
2019-10-17 07:41:58,013 [cbde3520-0cea-4357-bb04-1a0ae64b2bb1@group-7EB39FB5DF22-LeaderElection210] INFO  impl.RoleInfo (RoleInfo.java:updateAndGet(143)) - cbde3520-0cea-4357-bb04-1a0ae64b2bb1: start FollowerState
2019-10-17 07:41:58,181 [Thread-1602] INFO  impl.FollowerState (FollowerState.java:run(108)) - cbde3520-0cea-4357-bb04-1a0ae64b2bb1@group-7EB39FB5DF22-FollowerState: change to CANDIDATE, lastRpcTime:167ms, electionTimeout:167ms
2019-10-17 07:41:58,181 [Thread-1602] INFO  impl.RoleInfo (RoleInfo.java:shutdownFollowerState(121)) - cbde3520-0cea-4357-bb04-1a0ae64b2bb1: shutdown FollowerState
2019-10-17 07:41:58,181 [Thread-1602] INFO  impl.RaftServerImpl (RaftServerImpl.java:setRole(184)) - cbde3520-0cea-4357-bb04-1a0ae64b2bb1@group-7EB39FB5DF22: changes role from  FOLLOWER to CANDIDATE at term 221 for changeToCandidate
2019-10-17 07:41:58,181 [Thread-1602] INFO  impl.RoleInfo (RoleInfo.java:updateAndGet(143)) - cbde3520-0cea-4357-bb04-1a0ae64b2bb1: start LeaderElection
2019-10-17 07:41:58,205 [cbde3520-0cea-4357-bb04-1a0ae64b2bb1@group-7EB39FB5DF22-LeaderElection211] INFO  impl.LeaderElection (LeaderElection.java:askForVotes(178)) - cbde3520-0cea-4357-bb04-1a0ae64b2bb1@group-7EB39FB5DF22-LeaderElection211: begin an election at term 222 for -1: [40d2d32e-dd25-45df-8070-f9dc56ccf0a7:192.168.34.62:41633, cbde3520-0cea-4357-bb04-1a0ae64b2bb1:192.168.34.62:41642, 443b071d-6096-48d6-bfe7-498b7c8032c0:192.168.34.62:46516], old=null
2019-10-17 07:41:58,208 [grpc-default-executor-1] INFO  impl.RaftServerImpl (RaftServerImpl.java:setRole(184)) - 40d2d32e-dd25-45df-8070-f9dc56ccf0a7@group-7EB39FB5DF22: changes role from  FOLLOWER to FOLLOWER at term 222 for recognizeCandidate:cbde3520-0cea-4357-bb04-1a0ae64b2bb1
2019-10-17 07:41:58,208 [grpc-default-executor-1] INFO  impl.RoleInfo (RoleInfo.java:shutdownFollowerState(121)) - 40d2d32e-dd25-45df-8070-f9dc56ccf0a7: shutdown FollowerState
2019-10-17 07:41:58,208 [grpc-default-executor-4] INFO  impl.RaftServerImpl (RaftServerImpl.java:setRole(184)) - 443b071d-6096-48d6-bfe7-498b7c8032c0@group-7EB39FB5DF22: changes role from  FOLLOWER to FOLLOWER at term 222 for recognizeCandidate:cbde3520-0cea-4357-bb04-1a0ae64b2bb1
2019-10-17 07:41:58,208 [Thread-1601] INFO  impl.FollowerState (FollowerState.java:run(117)) - 40d2d32e-dd25-45df-8070-f9dc56ccf0a7@group-7EB39FB5DF22-FollowerState was interrupted: java.lang.InterruptedException: sleep interrupted
2019-10-17 07:41:58,208 [grpc-default-executor-1] INFO  impl.RoleInfo (RoleInfo.java:updateAndGet(143)) - 40d2d32e-dd25-45df-8070-f9dc56ccf0a7: start FollowerState
2019-10-17 07:41:58,209 [grpc-default-executor-4] INFO  impl.RoleInfo (RoleInfo.java:shutdownFollowerState(121)) - 443b071d-6096-48d6-bfe7-498b7c8032c0: shutdown FollowerState
2019-10-17 07:41:58,209 [grpc-default-executor-4] INFO  impl.RoleInfo (RoleInfo.java:updateAndGet(143)) - 443b071d-6096-48d6-bfe7-498b7c8032c0: start FollowerState
2019-10-17 07:41:58,209 [Thread-1600] INFO  impl.FollowerState (FollowerState.java:run(117)) - 443b071d-6096-48d6-bfe7-498b7c8032c0@group-7EB39FB5DF22-FollowerState was interrupted: java.lang.InterruptedException: sleep interrupted
2019-10-17 07:41:58,216 [main] INFO  ozone.MiniOzoneClusterImpl (MiniOzoneClusterImpl.java:lambda$waitForClusterToBeReady$2(164)) - Waiting for 1 number of pipelines out of 5, to report a leader.
2019-10-17 07:41:58,234 [cbde3520-0cea-4357-bb04-1a0ae64b2bb1@group-7EB39FB5DF22-LeaderElection211] INFO  impl.LeaderElection (LeaderElection.java:logAndReturn(56)) - cbde3520-0cea-4357-bb04-1a0ae64b2bb1@group-7EB39FB5DF22-LeaderElection211: Election REJECTED; received 2 response(s) [cbde3520-0cea-4357-bb04-1a0ae64b2bb1<-40d2d32e-dd25-45df-8070-f9dc56ccf0a7#0:FAIL-t222, cbde3520-0cea-4357-bb04-1a0ae64b2bb1<-443b071d-6096-48d6-bfe7-498b7c8032c0#0:FAIL-t222] and 0 exception(s); cbde3520-0cea-4357-bb04-1a0ae64b2bb1@group-7EB39FB5DF22:t222, leader=null, voted=cbde3520-0cea-4357-bb04-1a0ae64b2bb1, raftlog=cbde3520-0cea-4357-bb04-1a0ae64b2bb1@group-7EB39FB5DF22-SegmentedRaftLog:OPENED:c-1,f-1,i0, conf=-1: [40d2d32e-dd25-45df-8070-f9dc56ccf0a7:192.168.34.62:41633, cbde3520-0cea-4357-bb04-1a0ae64b2bb1:192.168.34.62:41642, 443b071d-6096-48d6-bfe7-498b7c8032c0:192.168.34.62:46516], old=null
2019-10-17 07:41:58,234 [cbde3520-0cea-4357-bb04-1a0ae64b2bb1@group-7EB39FB5DF22-LeaderElection211] INFO  impl.RaftServerImpl (RaftServerImpl.java:setRole(184)) - cbde3520-0cea-4357-bb04-1a0ae64b2bb1@group-7EB39FB5DF22: changes role from CANDIDATE to FOLLOWER at term 222 for DISCOVERED_A_NEW_TERM
2019-10-17 07:41:58,234 [cbde3520-0cea-4357-bb04-1a0ae64b2bb1@group-7EB39FB5DF22-LeaderElection211] INFO  impl.RoleInfo (RoleInfo.java:shutdownLeaderElection(134)) - cbde3520-0cea-4357-bb04-1a0ae64b2bb1: shutdown LeaderElection
2019-10-17 07:41:58,234 [cbde3520-0cea-4357-bb04-1a0ae64b2bb1@group-7EB39FB5DF22-LeaderElection211] INFO  impl.RoleInfo (RoleInfo.java:updateAndGet(143)) - cbde3520-0cea-4357-bb04-1a0ae64b2bb1: start FollowerState
2019-10-17 07:41:58,347 [Thread-1608] INFO  impl.FollowerState (FollowerState.java:run(108)) - cbde3520-0cea-4357-bb04-1a0ae64b2bb1@group-7EB39FB5DF22-FollowerState: change to CANDIDATE, lastRpcTime:112ms, electionTimeout:112ms
2019-10-17 07:41:58,347 [Thread-1608] INFO  impl.RoleInfo (RoleInfo.java:shutdownFollowerState(121)) - cbde3520-0cea-4357-bb04-1a0ae64b2bb1: shutdown FollowerState
2019-10-17 07:41:58,347 [Thread-1608] INFO  impl.RaftServerImpl (RaftServerImpl.java:setRole(184)) - cbde3520-0cea-4357-bb04-1a0ae64b2bb1@group-7EB39FB5DF22: changes role from  FOLLOWER to CANDIDATE at term 222 for changeToCandidate
2019-10-17 07:41:58,347 [Thread-1608] INFO  impl.RoleInfo (RoleInfo.java:updateAndGet(143)) - cbde3520-0cea-4357-bb04-1a0ae64b2bb1: start LeaderElection
2019-10-17 07:41:58,372 [cbde3520-0cea-4357-bb04-1a0ae64b2bb1@group-7EB39FB5DF22-LeaderElection212] INFO  impl.LeaderElection (LeaderElection.java:askForVotes(178)) - cbde3520-0cea-4357-bb04-1a0ae64b2bb1@group-7EB39FB5DF22-LeaderElection212: begin an election at term 223 for -1: [40d2d32e-dd25-45df-8070-f9dc56ccf0a7:192.168.34.62:41633, cbde3520-0cea-4357-bb04-1a0ae64b2bb1:192.168.34.62:41642, 443b071d-6096-48d6-bfe7-498b7c8032c0:192.168.34.62:46516], old=null
2019-10-17 07:41:58,375 [grpc-default-executor-4] INFO  impl.RaftServerImpl (RaftServerImpl.java:setRole(184)) - 40d2d32e-dd25-45df-8070-f9dc56ccf0a7@group-7EB39FB5DF22: changes role from  FOLLOWER to FOLLOWER at term 223 for recognizeCandidate:cbde3520-0cea-4357-bb04-1a0ae64b2bb1
2019-10-17 07:41:58,375 [grpc-default-executor-4] INFO  impl.RoleInfo (RoleInfo.java:shutdownFollowerState(121)) - 40d2d32e-dd25-45df-8070-f9dc56ccf0a7: shutdown FollowerState
2019-10-17 07:41:58,375 [grpc-default-executor-1] INFO  impl.RaftServerImpl (RaftServerImpl.java:setRole(184)) - 443b071d-6096-48d6-bfe7-498b7c8032c0@group-7EB39FB5DF22: changes role from  FOLLOWER to FOLLOWER at term 223 for recognizeCandidate:cbde3520-0cea-4357-bb04-1a0ae64b2bb1
2019-10-17 07:41:58,376 [grpc-default-executor-1] INFO  impl.RoleInfo (RoleInfo.java:shutdownFollowerState(121)) - 443b071d-6096-48d6-bfe7-498b7c8032c0: shutdown FollowerState
2019-10-17 07:41:58,376 [Thread-1606] INFO  impl.FollowerState (FollowerState.java:run(117)) - 40d2d32e-dd25-45df-8070-f9dc56ccf0a7@group-7EB39FB5DF22-FollowerState was interrupted: java.lang.InterruptedException: sleep interrupted
2019-10-17 07:41:58,376 [grpc-default-executor-4] INFO  impl.RoleInfo (RoleInfo.java:updateAndGet(143)) - 40d2d32e-dd25-45df-8070-f9dc56ccf0a7: start FollowerState
2019-10-17 07:41:58,376 [Thread-1607] INFO  impl.FollowerState (FollowerState.java:run(117)) - 443b071d-6096-48d6-bfe7-498b7c8032c0@group-7EB39FB5DF22-FollowerState was interrupted: java.lang.InterruptedException: sleep interrupted
2019-10-17 07:41:58,376 [grpc-default-executor-1] INFO  impl.RoleInfo (RoleInfo.java:updateAndGet(143)) - 443b071d-6096-48d6-bfe7-498b7c8032c0: start FollowerState
2019-10-17 07:41:58,383 [cbde3520-0cea-4357-bb04-1a0ae64b2bb1@group-7EB39FB5DF22-LeaderElection212] INFO  impl.LeaderElection (LeaderElection.java:logAndReturn(56)) - cbde3520-0cea-4357-bb04-1a0ae64b2bb1@group-7EB39FB5DF22-LeaderElection212: Election TIMEOUT; received 0 response(s) [] and 0 exception(s); cbde3520-0cea-4357-bb04-1a0ae64b2bb1@group-7EB39FB5DF22:t223, leader=null, voted=cbde3520-0cea-4357-bb04-1a0ae64b2bb1, raftlog=cbde3520-0cea-4357-bb04-1a0ae64b2bb1@group-7EB39FB5DF22-SegmentedRaftLog:OPENED:c-1,f-1,i0, conf=-1: [40d2d32e-dd25-45df-8070-f9dc56ccf0a7:192.168.34.62:41633, cbde3520-0cea-4357-bb04-1a0ae64b2bb1:192.168.34.62:41642, 443b071d-6096-48d6-bfe7-498b7c8032c0:192.168.34.62:46516], old=null
2019-10-17 07:41:58,401 [cbde3520-0cea-4357-bb04-1a0ae64b2bb1@group-7EB39FB5DF22-LeaderElection212] INFO  impl.LeaderElection (LeaderElection.java:askForVotes(178)) - cbde3520-0cea-4357-bb04-1a0ae64b2bb1@group-7EB39FB5DF22-LeaderElection212: begin an election at term 224 for -1: [40d2d32e-dd25-45df-8070-f9dc56ccf0a7:192.168.34.62:41633, cbde3520-0cea-4357-bb04-1a0ae64b2bb1:192.168.34.62:41642, 443b071d-6096-48d6-bfe7-498b7c8032c0:192.168.34.62:46516], old=null
2019-10-17 07:41:58,409 [grpc-default-executor-1] INFO  impl.RaftServerImpl (RaftServerImpl.java:setRole(184)) - 40d2d32e-dd25-45df-8070-f9dc56ccf0a7@group-7EB39FB5DF22: changes role from  FOLLOWER to FOLLOWER at term 224 for recognizeCandidate:cbde3520-0cea-4357-bb04-1a0ae64b2bb1
2019-10-17 07:41:58,410 [grpc-default-executor-1] INFO  impl.RoleInfo (RoleInfo.java:shutdownFollowerState(121)) - 40d2d32e-dd25-45df-8070-f9dc56ccf0a7: shutdown FollowerState
2019-10-17 07:41:58,410 [grpc-default-executor-1] INFO  impl.RoleInfo (RoleInfo.java:updateAndGet(143)) - 40d2d32e-dd25-45df-8070-f9dc56ccf0a7: start FollowerState
2019-10-17 07:41:58,410 [Thread-1612] INFO  impl.FollowerState (FollowerState.java:run(117)) - 40d2d32e-dd25-45df-8070-f9dc56ccf0a7@group-7EB39FB5DF22-FollowerState was interrupted: java.lang.InterruptedException: sleep interrupted
2019-10-17 07:41:58,410 [grpc-default-executor-4] INFO  impl.RaftServerImpl (RaftServerImpl.java:setRole(184)) - 443b071d-6096-48d6-bfe7-498b7c8032c0@group-7EB39FB5DF22: changes role from  FOLLOWER to FOLLOWER at term 224 for recognizeCandidate:cbde3520-0cea-4357-bb04-1a0ae64b2bb1
2019-10-17 07:41:58,410 [grpc-default-executor-4] INFO  impl.RoleInfo (RoleInfo.java:shutdownFollowerState(121)) - 443b071d-6096-48d6-bfe7-498b7c8032c0: shutdown FollowerState
2019-10-17 07:41:58,417 [grpc-default-executor-4] INFO  impl.RoleInfo (RoleInfo.java:updateAndGet(143)) - 443b071d-6096-48d6-bfe7-498b7c8032c0: start FollowerState
2019-10-17 07:41:58,417 [Thread-1613] INFO  impl.FollowerState (FollowerState.java:run(117)) - 443b071d-6096-48d6-bfe7-498b7c8032c0@group-7EB39FB5DF22-FollowerState was interrupted: java.lang.InterruptedException: sleep interrupted
2019-10-17 07:41:58,454 [cbde3520-0cea-4357-bb04-1a0ae64b2bb1@group-7EB39FB5DF22-LeaderElection212] INFO  impl.LeaderElection (LeaderElection.java:logAndReturn(56)) - cbde3520-0cea-4357-bb04-1a0ae64b2bb1@group-7EB39FB5DF22-LeaderElection212: Election REJECTED; received 2 response(s) [cbde3520-0cea-4357-bb04-1a0ae64b2bb1<-40d2d32e-dd25-45df-8070-f9dc56ccf0a7#0:FAIL-t224, cbde3520-0cea-4357-bb04-1a0ae64b2bb1<-443b071d-6096-48d6-bfe7-498b7c8032c0#0:FAIL-t224] and 0 exception(s); cbde3520-0cea-4357-bb04-1a0ae64b2bb1@group-7EB39FB5DF22:t224, leader=null, voted=cbde3520-0cea-4357-bb04-1a0ae64b2bb1, raftlog=cbde3520-0cea-4357-bb04-1a0ae64b2bb1@group-7EB39FB5DF22-SegmentedRaftLog:OPENED:c-1,f-1,i0, conf=-1: [40d2d32e-dd25-45df-8070-f9dc56ccf0a7:192.168.34.62:41633, cbde3520-0cea-4357-bb04-1a0ae64b2bb1:192.168.34.62:41642, 443b071d-6096-48d6-bfe7-498b7c8032c0:192.168.34.62:46516], old=null
2019-10-17 07:41:58,454 [cbde3520-0cea-4357-bb04-1a0ae64b2bb1@group-7EB39FB5DF22-LeaderElection212] INFO  impl.RaftServerImpl (RaftServerImpl.java:setRole(184)) - cbde3520-0cea-4357-bb04-1a0ae64b2bb1@group-7EB39FB5DF22: changes role from CANDIDATE to FOLLOWER at term 224 for DISCOVERED_A_NEW_TERM
2019-10-17 07:41:58,455 [cbde3520-0cea-4357-bb04-1a0ae64b2bb1@group-7EB39FB5DF22-LeaderElection212] INFO  impl.RoleInfo (RoleInfo.java:shutdownLeaderElection(134)) - cbde3520-0cea-4357-bb04-1a0ae64b2bb1: shutdown LeaderElection
2019-10-17 07:41:58,455 [cbde3520-0cea-4357-bb04-1a0ae64b2bb1@group-7EB39FB5DF22-LeaderElection212] INFO  impl.RoleInfo (RoleInfo.java:updateAndGet(143)) - cbde3520-0cea-4357-bb04-1a0ae64b2bb1: start FollowerState
2019-10-17 07:41:58,613 [Thread-1618] INFO  impl.FollowerState (FollowerState.java:run(108)) - cbde3520-0cea-4357-bb04-1a0ae64b2bb1@group-7EB39FB5DF22-FollowerState: change to CANDIDATE, lastRpcTime:158ms, electionTimeout:158ms
2019-10-17 07:41:58,614 [Thread-1618] INFO  impl.RoleInfo (RoleInfo.java:shutdownFollowerState(121)) - cbde3520-0cea-4357-bb04-1a0ae64b2bb1: shutdown FollowerState
2019-10-17 07:41:58,614 [Thread-1618] INFO  impl.RaftServerImpl (RaftServerImpl.java:setRole(184)) - cbde3520-0cea-4357-bb04-1a0ae64b2bb1@group-7EB39FB5DF22: changes role from  FOLLOWER to CANDIDATE at term 224 for changeToCandidate
2019-10-17 07:41:58,614 [Thread-1618] INFO  impl.RoleInfo (RoleInfo.java:updateAndGet(143)) - cbde3520-0cea-4357-bb04-1a0ae64b2bb1: start LeaderElection
2019-10-17 07:41:58,637 [cbde3520-0cea-4357-bb04-1a0ae64b2bb1@group-7EB39FB5DF22-LeaderElection213] INFO  impl.LeaderElection (LeaderElection.java:askForVotes(178)) - cbde3520-0cea-4357-bb04-1a0ae64b2bb1@group-7EB39FB5DF22-LeaderElection213: begin an election at term 225 for -1: [40d2d32e-dd25-45df-8070-f9dc56ccf0a7:192.168.34.62:41633, cbde3520-0cea-4357-bb04-1a0ae64b2bb1:192.168.34.62:41642, 443b071d-6096-48d6-bfe7-498b7c8032c0:192.168.34.62:46516], old=null
2019-10-17 07:41:58,640 [grpc-default-executor-4] INFO  impl.RaftServerImpl (RaftServerImpl.java:setRole(184)) - 443b071d-6096-48d6-bfe7-498b7c8032c0@group-7EB39FB5DF22: changes role from  FOLLOWER to FOLLOWER at term 225 for recognizeCandidate:cbde3520-0cea-4357-bb04-1a0ae64b2bb1
2019-10-17 07:41:58,641 [grpc-default-executor-4] INFO  impl.RoleInfo (RoleInfo.java:shutdownFollowerState(121)) - 443b071d-6096-48d6-bfe7-498b7c8032c0: shutdown FollowerState
2019-10-17 07:41:58,641 [grpc-default-executor-4] INFO  impl.RoleInfo (RoleInfo.java:updateAndGet(143)) - 443b071d-6096-48d6-bfe7-498b7c8032c0: start FollowerState
2019-10-17 07:41:58,641 [Thread-1617] INFO  impl.FollowerState (FollowerState.java:run(117)) - 443b071d-6096-48d6-bfe7-498b7c8032c0@group-7EB39FB5DF22-FollowerState was interrupted: java.lang.InterruptedException: sleep interrupted
2019-10-17 07:41:58,641 [grpc-default-executor-1] INFO  impl.RaftServerImpl (RaftServerImpl.java:setRole(184)) - 40d2d32e-dd25-45df-8070-f9dc56ccf0a7@group-7EB39FB5DF22: changes role from  FOLLOWER to FOLLOWER at term 225 for recognizeCandidate:cbde3520-0cea-4357-bb04-1a0ae64b2bb1
2019-10-17 07:41:58,641 [grpc-default-executor-1] INFO  impl.RoleInfo (RoleInfo.java:shutdownFollowerState(121)) - 40d2d32e-dd25-45df-8070-f9dc56ccf0a7: shutdown FollowerState
2019-10-17 07:41:58,641 [grpc-default-executor-1] INFO  impl.RoleInfo (RoleInfo.java:updateAndGet(143)) - 40d2d32e-dd25-45df-8070-f9dc56ccf0a7: start FollowerState
2019-10-17 07:41:58,641 [Thread-1616] INFO  impl.FollowerState (FollowerState.java:run(117)) - 40d2d32e-dd25-45df-8070-f9dc56ccf0a7@group-7EB39FB5DF22-FollowerState was interrupted: java.lang.InterruptedException: sleep interrupted
2019-10-17 07:41:58,667 [cbde3520-0cea-4357-bb04-1a0ae64b2bb1@group-7EB39FB5DF22-LeaderElection213] INFO  impl.LeaderElection (LeaderElection.java:logAndReturn(56)) - cbde3520-0cea-4357-bb04-1a0ae64b2bb1@group-7EB39FB5DF22-LeaderElection213: Election REJECTED; received 2 response(s) [cbde3520-0cea-4357-bb04-1a0ae64b2bb1<-40d2d32e-dd25-45df-8070-f9dc56ccf0a7#0:FAIL-t225, cbde3520-0cea-4357-bb04-1a0ae64b2bb1<-443b071d-6096-48d6-bfe7-498b7c8032c0#0:FAIL-t225] and 0 exception(s); cbde3520-0cea-4357-bb04-1a0ae64b2bb1@group-7EB39FB5DF22:t225, leader=null, voted=cbde3520-0cea-4357-bb04-1a0ae64b2bb1, raftlog=cbde3520-0cea-4357-bb04-1a0ae64b2bb1@group-7EB39FB5DF22-SegmentedRaftLog:OPENED:c-1,f-1,i0, conf=-1: [40d2d32e-dd25-45df-8070-f9dc56ccf0a7:192.168.34.62:41633, cbde3520-0cea-4357-bb04-1a0ae64b2bb1:192.168.34.62:41642, 443b071d-6096-48d6-bfe7-498b7c8032c0:192.168.34.62:46516], old=null
2019-10-17 07:41:58,667 [cbde3520-0cea-4357-bb04-1a0ae64b2bb1@group-7EB39FB5DF22-LeaderElection213] INFO  impl.RaftServerImpl (RaftServerImpl.java:setRole(184)) - cbde3520-0cea-4357-bb04-1a0ae64b2bb1@group-7EB39FB5DF22: changes role from CANDIDATE to FOLLOWER at term 225 for DISCOVERED_A_NEW_TERM
2019-10-17 07:41:58,667 [cbde3520-0cea-4357-bb04-1a0ae64b2bb1@group-7EB39FB5DF22-LeaderElection213] INFO  impl.RoleInfo (RoleInfo.java:shutdownLeaderElection(134)) - cbde3520-0cea-4357-bb04-1a0ae64b2bb1: shutdown LeaderElection
2019-10-17 07:41:58,667 [cbde3520-0cea-4357-bb04-1a0ae64b2bb1@group-7EB39FB5DF22-LeaderElection213] INFO  impl.RoleInfo (RoleInfo.java:updateAndGet(143)) - cbde3520-0cea-4357-bb04-1a0ae64b2bb1: start FollowerState
2019-10-17 07:41:58,811 [Thread-1624] INFO  impl.FollowerState (FollowerState.java:run(108)) - cbde3520-0cea-4357-bb04-1a0ae64b2bb1@group-7EB39FB5DF22-FollowerState: change to CANDIDATE, lastRpcTime:143ms, electionTimeout:143ms
2019-10-17 07:41:58,811 [Thread-1624] INFO  impl.RoleInfo (RoleInfo.java:shutdownFollowerState(121)) - cbde3520-0cea-4357-bb04-1a0ae64b2bb1: shutdown FollowerState
2019-10-17 07:41:58,811 [Thread-1624] INFO  impl.RaftServerImpl (RaftServerImpl.java:setRole(184)) - cbde3520-0cea-4357-bb04-1a0ae64b2bb1@group-7EB39FB5DF22: changes role from  FOLLOWER to CANDIDATE at term 225 for changeToCandidate
2019-10-17 07:41:58,811 [Thread-1624] INFO  impl.RoleInfo (RoleInfo.java:updateAndGet(143)) - cbde3520-0cea-4357-bb04-1a0ae64b2bb1: start LeaderElection
2019-10-17 07:41:58,835 [cbde3520-0cea-4357-bb04-1a0ae64b2bb1@group-7EB39FB5DF22-LeaderElection214] INFO  impl.LeaderElection (LeaderElection.java:askForVotes(178)) - cbde3520-0cea-4357-bb04-1a0ae64b2bb1@group-7EB39FB5DF22-LeaderElection214: begin an election at term 226 for -1: [40d2d32e-dd25-45df-8070-f9dc56ccf0a7:192.168.34.62:41633, cbde3520-0cea-4357-bb04-1a0ae64b2bb1:192.168.34.62:41642, 443b071d-6096-48d6-bfe7-498b7c8032c0:192.168.34.62:46516], old=null
2019-10-17 07:41:58,838 [grpc-default-executor-1] INFO  impl.RaftServerImpl (RaftServerImpl.java:setRole(184)) - 443b071d-6096-48d6-bfe7-498b7c8032c0@group-7EB39FB5DF22: changes role from  FOLLOWER to FOLLOWER at term 226 for recognizeCandidate:cbde3520-0cea-4357-bb04-1a0ae64b2bb1
2019-10-17 07:41:58,838 [grpc-default-executor-4] INFO  impl.RaftServerImpl (RaftServerImpl.java:setRole(184)) - 40d2d32e-dd25-45df-8070-f9dc56ccf0a7@group-7EB39FB5DF22: changes role from  FOLLOWER to FOLLOWER at term 226 for recognizeCandidate:cbde3520-0cea-4357-bb04-1a0ae64b2bb1
2019-10-17 07:41:58,838 [grpc-default-executor-4] INFO  impl.RoleInfo (RoleInfo.java:shutdownFollowerState(121)) - 40d2d32e-dd25-45df-8070-f9dc56ccf0a7: shutdown FollowerState
2019-10-17 07:41:58,838 [grpc-default-executor-1] INFO  impl.RoleInfo (RoleInfo.java:shutdownFollowerState(121)) - 443b071d-6096-48d6-bfe7-498b7c8032c0: shutdown FollowerState
2019-10-17 07:41:58,839 [Thread-1623] INFO  impl.FollowerState (FollowerState.java:run(117)) - 40d2d32e-dd25-45df-8070-f9dc56ccf0a7@group-7EB39FB5DF22-FollowerState was interrupted: java.lang.InterruptedException: sleep interrupted
2019-10-17 07:41:58,839 [Thread-1622] INFO  impl.FollowerState (FollowerState.java:run(117)) - 443b071d-6096-48d6-bfe7-498b7c8032c0@group-7EB39FB5DF22-FollowerState was interrupted: java.lang.InterruptedException: sleep interrupted
2019-10-17 07:41:58,839 [grpc-default-executor-4] INFO  impl.RoleInfo (RoleInfo.java:updateAndGet(143)) - 40d2d32e-dd25-45df-8070-f9dc56ccf0a7: start FollowerState
2019-10-17 07:41:58,839 [grpc-default-executor-1] INFO  impl.RoleInfo (RoleInfo.java:updateAndGet(143)) - 443b071d-6096-48d6-bfe7-498b7c8032c0: start FollowerState
2019-10-17 07:41:58,853 [cbde3520-0cea-4357-bb04-1a0ae64b2bb1@group-7EB39FB5DF22-LeaderElection214] INFO  impl.LeaderElection (LeaderElection.java:logAndReturn(56)) - cbde3520-0cea-4357-bb04-1a0ae64b2bb1@group-7EB39FB5DF22-LeaderElection214: Election REJECTED; received 2 response(s) [cbde3520-0cea-4357-bb04-1a0ae64b2bb1<-40d2d32e-dd25-45df-8070-f9dc56ccf0a7#0:FAIL-t226, cbde3520-0cea-4357-bb04-1a0ae64b2bb1<-443b071d-6096-48d6-bfe7-498b7c8032c0#0:FAIL-t226] and 0 exception(s); cbde3520-0cea-4357-bb04-1a0ae64b2bb1@group-7EB39FB5DF22:t226, leader=null, voted=cbde3520-0cea-4357-bb04-1a0ae64b2bb1, raftlog=cbde3520-0cea-4357-bb04-1a0ae64b2bb1@group-7EB39FB5DF22-SegmentedRaftLog:OPENED:c-1,f-1,i0, conf=-1: [40d2d32e-dd25-45df-8070-f9dc56ccf0a7:192.168.34.62:41633, cbde3520-0cea-4357-bb04-1a0ae64b2bb1:192.168.34.62:41642, 443b071d-6096-48d6-bfe7-498b7c8032c0:192.168.34.62:46516], old=null
2019-10-17 07:41:58,853 [cbde3520-0cea-4357-bb04-1a0ae64b2bb1@group-7EB39FB5DF22-LeaderElection214] INFO  impl.RaftServerImpl (RaftServerImpl.java:setRole(184)) - cbde3520-0cea-4357-bb04-1a0ae64b2bb1@group-7EB39FB5DF22: changes role from CANDIDATE to FOLLOWER at term 226 for DISCOVERED_A_NEW_TERM
2019-10-17 07:41:58,853 [cbde3520-0cea-4357-bb04-1a0ae64b2bb1@group-7EB39FB5DF22-LeaderElection214] INFO  impl.RoleInfo (RoleInfo.java:shutdownLeaderElection(134)) - cbde3520-0cea-4357-bb04-1a0ae64b2bb1: shutdown LeaderElection
2019-10-17 07:41:58,854 [cbde3520-0cea-4357-bb04-1a0ae64b2bb1@group-7EB39FB5DF22-LeaderElection214] INFO  impl.RoleInfo (RoleInfo.java:updateAndGet(143)) - cbde3520-0cea-4357-bb04-1a0ae64b2bb1: start FollowerState
2019-10-17 07:41:59,003 [Thread-1630] INFO  impl.FollowerState (FollowerState.java:run(108)) - cbde3520-0cea-4357-bb04-1a0ae64b2bb1@group-7EB39FB5DF22-FollowerState: change to CANDIDATE, lastRpcTime:149ms, electionTimeout:149ms
2019-10-17 07:41:59,004 [Thread-1630] INFO  impl.RoleInfo (RoleInfo.java:shutdownFollowerState(121)) - cbde3520-0cea-4357-bb04-1a0ae64b2bb1: shutdown FollowerState
2019-10-17 07:41:59,004 [Thread-1630] INFO  impl.RaftServerImpl (RaftServerImpl.java:setRole(184)) - cbde3520-0cea-4357-bb04-1a0ae64b2bb1@group-7EB39FB5DF22: changes role from  FOLLOWER to CANDIDATE at term 226 for changeToCandidate
2019-10-17 07:41:59,004 [Thread-1630] INFO  impl.RoleInfo (RoleInfo.java:updateAndGet(143)) - cbde3520-0cea-4357-bb04-1a0ae64b2bb1: start LeaderElection
2019-10-17 07:41:59,018 [cbde3520-0cea-4357-bb04-1a0ae64b2bb1@group-7EB39FB5DF22-LeaderElection215] INFO  impl.LeaderElection (LeaderElection.java:askForVotes(178)) - cbde3520-0cea-4357-bb04-1a0ae64b2bb1@group-7EB39FB5DF22-LeaderElection215: begin an election at term 227 for -1: [40d2d32e-dd25-45df-8070-f9dc56ccf0a7:192.168.34.62:41633, cbde3520-0cea-4357-bb04-1a0ae64b2bb1:192.168.34.62:41642, 443b071d-6096-48d6-bfe7-498b7c8032c0:192.168.34.62:46516], old=null
2019-10-17 07:41:59,022 [grpc-default-executor-4] INFO  impl.RaftServerImpl (RaftServerImpl.java:setRole(184)) - 40d2d32e-dd25-45df-8070-f9dc56ccf0a7@group-7EB39FB5DF22: changes role from  FOLLOWER to FOLLOWER at term 227 for recognizeCandidate:cbde3520-0cea-4357-bb04-1a0ae64b2bb1
2019-10-17 07:41:59,022 [grpc-default-executor-4] INFO  impl.RoleInfo (RoleInfo.java:shutdownFollowerState(121)) - 40d2d32e-dd25-45df-8070-f9dc56ccf0a7: shutdown FollowerState
2019-10-17 07:41:59,022 [grpc-default-executor-1] INFO  impl.RaftServerImpl (RaftServerImpl.java:setRole(184)) - 443b071d-6096-48d6-bfe7-498b7c8032c0@group-7EB39FB5DF22: changes role from  FOLLOWER to FOLLOWER at term 227 for recognizeCandidate:cbde3520-0cea-4357-bb04-1a0ae64b2bb1
2019-10-17 07:41:59,022 [Thread-1628] INFO  impl.FollowerState (FollowerState.java:run(117)) - 40d2d32e-dd25-45df-8070-f9dc56ccf0a7@group-7EB39FB5DF22-FollowerState was interrupted: java.lang.InterruptedException: sleep interrupted
2019-10-17 07:41:59,022 [grpc-default-executor-4] INFO  impl.RoleInfo (RoleInfo.java:updateAndGet(143)) - 40d2d32e-dd25-45df-8070-f9dc56ccf0a7: start FollowerState
2019-10-17 07:41:59,023 [grpc-default-executor-1] INFO  impl.RoleInfo (RoleInfo.java:shutdownFollowerState(121)) - 443b071d-6096-48d6-bfe7-498b7c8032c0: shutdown FollowerState
2019-10-17 07:41:59,023 [grpc-default-executor-1] INFO  impl.RoleInfo (RoleInfo.java:updateAndGet(143)) - 443b071d-6096-48d6-bfe7-498b7c8032c0: start FollowerState
2019-10-17 07:41:59,023 [Thread-1629] INFO  impl.FollowerState (FollowerState.java:run(117)) - 443b071d-6096-48d6-bfe7-498b7c8032c0@group-7EB39FB5DF22-FollowerState was interrupted: java.lang.InterruptedException: sleep interrupted
2019-10-17 07:41:59,037 [cbde3520-0cea-4357-bb04-1a0ae64b2bb1@group-7EB39FB5DF22-LeaderElection215] INFO  impl.LeaderElection (LeaderElection.java:logAndReturn(56)) - cbde3520-0cea-4357-bb04-1a0ae64b2bb1@group-7EB39FB5DF22-LeaderElection215: Election REJECTED; received 2 response(s) [cbde3520-0cea-4357-bb04-1a0ae64b2bb1<-40d2d32e-dd25-45df-8070-f9dc56ccf0a7#0:FAIL-t227, cbde3520-0cea-4357-bb04-1a0ae64b2bb1<-443b071d-6096-48d6-bfe7-498b7c8032c0#0:FAIL-t227] and 0 exception(s); cbde3520-0cea-4357-bb04-1a0ae64b2bb1@group-7EB39FB5DF22:t227, leader=null, voted=cbde3520-0cea-4357-bb04-1a0ae64b2bb1, raftlog=cbde3520-0cea-4357-bb04-1a0ae64b2bb1@group-7EB39FB5DF22-SegmentedRaftLog:OPENED:c-1,f-1,i0, conf=-1: [40d2d32e-dd25-45df-8070-f9dc56ccf0a7:192.168.34.62:41633, cbde3520-0cea-4357-bb04-1a0ae64b2bb1:192.168.34.62:41642, 443b071d-6096-48d6-bfe7-498b7c8032c0:192.168.34.62:46516], old=null
2019-10-17 07:41:59,037 [cbde3520-0cea-4357-bb04-1a0ae64b2bb1@group-7EB39FB5DF22-LeaderElection215] INFO  impl.RaftServerImpl (RaftServerImpl.java:setRole(184)) - cbde3520-0cea-4357-bb04-1a0ae64b2bb1@group-7EB39FB5DF22: changes role from CANDIDATE to FOLLOWER at term 227 for DISCOVERED_A_NEW_TERM
2019-10-17 07:41:59,037 [cbde3520-0cea-4357-bb04-1a0ae64b2bb1@group-7EB39FB5DF22-LeaderElection215] INFO  impl.RoleInfo (RoleInfo.java:shutdownLeaderElection(134)) - cbde3520-0cea-4357-bb04-1a0ae64b2bb1: shutdown LeaderElection
2019-10-17 07:41:59,037 [cbde3520-0cea-4357-bb04-1a0ae64b2bb1@group-7EB39FB5DF22-LeaderElection215] INFO  impl.RoleInfo (RoleInfo.java:updateAndGet(143)) - cbde3520-0cea-4357-bb04-1a0ae64b2bb1: start FollowerState
2019-10-17 07:41:59,092 [Thread-1636] INFO  impl.FollowerState (FollowerState.java:run(108)) - cbde3520-0cea-4357-bb04-1a0ae64b2bb1@group-7EB39FB5DF22-FollowerState: change to CANDIDATE, lastRpcTime:54ms, electionTimeout:54ms
2019-10-17 07:41:59,092 [Thread-1636] INFO  impl.RoleInfo (RoleInfo.java:shutdownFollowerState(121)) - cbde3520-0cea-4357-bb04-1a0ae64b2bb1: shutdown FollowerState
2019-10-17 07:41:59,092 [Thread-1636] INFO  impl.RaftServerImpl (RaftServerImpl.java:setRole(184)) - cbde3520-0cea-4357-bb04-1a0ae64b2bb1@group-7EB39FB5DF22: changes role from  FOLLOWER to CANDIDATE at term 227 for changeToCandidate
2019-10-17 07:41:59,092 [Thread-1636] INFO  impl.RoleInfo (RoleInfo.java:updateAndGet(143)) - cbde3520-0cea-4357-bb04-1a0ae64b2bb1: start LeaderElection
2019-10-17 07:41:59,116 [cbde3520-0cea-4357-bb04-1a0ae64b2bb1@group-7EB39FB5DF22-LeaderElection216] INFO  impl.LeaderElection (LeaderElection.java:askForVotes(178)) - cbde3520-0cea-4357-bb04-1a0ae64b2bb1@group-7EB39FB5DF22-LeaderElection216: begin an election at term 228 for -1: [40d2d32e-dd25-45df-8070-f9dc56ccf0a7:192.168.34.62:41633, cbde3520-0cea-4357-bb04-1a0ae64b2bb1:192.168.34.62:41642, 443b071d-6096-48d6-bfe7-498b7c8032c0:192.168.34.62:46516], old=null
2019-10-17 07:41:59,119 [grpc-default-executor-1] INFO  impl.RaftServerImpl (RaftServerImpl.java:setRole(184)) - 40d2d32e-dd25-45df-8070-f9dc56ccf0a7@group-7EB39FB5DF22: changes role from  FOLLOWER to FOLLOWER at term 228 for recognizeCandidate:cbde3520-0cea-4357-bb04-1a0ae64b2bb1
2019-10-17 07:41:59,119 [grpc-default-executor-1] INFO  impl.RoleInfo (RoleInfo.java:shutdownFollowerState(121)) - 40d2d32e-dd25-45df-8070-f9dc56ccf0a7: shutdown FollowerState
2019-10-17 07:41:59,119 [grpc-default-executor-1] INFO  impl.RoleInfo (RoleInfo.java:updateAndGet(143)) - 40d2d32e-dd25-45df-8070-f9dc56ccf0a7: start FollowerState
2019-10-17 07:41:59,119 [Thread-1634] INFO  impl.FollowerState (FollowerState.java:run(117)) - 40d2d32e-dd25-45df-8070-f9dc56ccf0a7@group-7EB39FB5DF22-FollowerState was interrupted: java.lang.InterruptedException: sleep interrupted
2019-10-17 07:41:59,119 [grpc-default-executor-4] INFO  impl.RaftServerImpl (RaftServerImpl.java:setRole(184)) - 443b071d-6096-48d6-bfe7-498b7c8032c0@group-7EB39FB5DF22: changes role from  FOLLOWER to FOLLOWER at term 228 for recognizeCandidate:cbde3520-0cea-4357-bb04-1a0ae64b2bb1
2019-10-17 07:41:59,119 [grpc-default-executor-4] INFO  impl.RoleInfo (RoleInfo.java:shutdownFollowerState(121)) - 443b071d-6096-48d6-bfe7-498b7c8032c0: shutdown FollowerState
2019-10-17 07:41:59,120 [grpc-default-executor-4] INFO  impl.RoleInfo (RoleInfo.java:updateAndGet(143)) - 443b071d-6096-48d6-bfe7-498b7c8032c0: start FollowerState
2019-10-17 07:41:59,120 [Thread-1635] INFO  impl.FollowerState (FollowerState.java:run(117)) - 443b071d-6096-48d6-bfe7-498b7c8032c0@group-7EB39FB5DF22-FollowerState was interrupted: java.lang.InterruptedException: sleep interrupted
2019-10-17 07:41:59,144 [cbde3520-0cea-4357-bb04-1a0ae64b2bb1@group-7EB39FB5DF22-LeaderElection216] INFO  impl.LeaderElection (LeaderElection.java:logAndReturn(56)) - cbde3520-0cea-4357-bb04-1a0ae64b2bb1@group-7EB39FB5DF22-LeaderElection216: Election REJECTED; received 2 response(s) [cbde3520-0cea-4357-bb04-1a0ae64b2bb1<-40d2d32e-dd25-45df-8070-f9dc56ccf0a7#0:FAIL-t228, cbde3520-0cea-4357-bb04-1a0ae64b2bb1<-443b071d-6096-48d6-bfe7-498b7c8032c0#0:FAIL-t228] and 0 exception(s); cbde3520-0cea-4357-bb04-1a0ae64b2bb1@group-7EB39FB5DF22:t228, leader=null, voted=cbde3520-0cea-4357-bb04-1a0ae64b2bb1, raftlog=cbde3520-0cea-4357-bb04-1a0ae64b2bb1@group-7EB39FB5DF22-SegmentedRaftLog:OPENED:c-1,f-1,i0, conf=-1: [40d2d32e-dd25-45df-8070-f9dc56ccf0a7:192.168.34.62:41633, cbde3520-0cea-4357-bb04-1a0ae64b2bb1:192.168.34.62:41642, 443b071d-6096-48d6-bfe7-498b7c8032c0:192.168.34.62:46516], old=null
2019-10-17 07:41:59,144 [cbde3520-0cea-4357-bb04-1a0ae64b2bb1@group-7EB39FB5DF22-LeaderElection216] INFO  impl.RaftServerImpl (RaftServerImpl.java:setRole(184)) - cbde3520-0cea-4357-bb04-1a0ae64b2bb1@group-7EB39FB5DF22: changes role from CANDIDATE to FOLLOWER at term 228 for DISCOVERED_A_NEW_TERM
2019-10-17 07:41:59,144 [cbde3520-0cea-4357-bb04-1a0ae64b2bb1@group-7EB39FB5DF22-LeaderElection216] INFO  impl.RoleInfo (RoleInfo.java:shutdownLeaderElection(134)) - cbde3520-0cea-4357-bb04-1a0ae64b2bb1: shutdown LeaderElection
2019-10-17 07:41:59,144 [cbde3520-0cea-4357-bb04-1a0ae64b2bb1@group-7EB39FB5DF22-LeaderElection216] INFO  impl.RoleInfo (RoleInfo.java:updateAndGet(143)) - cbde3520-0cea-4357-bb04-1a0ae64b2bb1: start FollowerState
2019-10-17 07:41:59,217 [main] INFO  ozone.MiniOzoneClusterImpl (MiniOzoneClusterImpl.java:lambda$waitForClusterToBeReady$2(164)) - Waiting for 1 number of pipelines out of 5, to report a leader.
2019-10-17 07:41:59,330 [Thread-1642] INFO  impl.FollowerState (FollowerState.java:run(108)) - cbde3520-0cea-4357-bb04-1a0ae64b2bb1@group-7EB39FB5DF22-FollowerState: change to CANDIDATE, lastRpcTime:185ms, electionTimeout:185ms
2019-10-17 07:41:59,330 [Thread-1642] INFO  impl.RoleInfo (RoleInfo.java:shutdownFollowerState(121)) - cbde3520-0cea-4357-bb04-1a0ae64b2bb1: shutdown FollowerState
2019-10-17 07:41:59,330 [Thread-1642] INFO  impl.RaftServerImpl (RaftServerImpl.java:setRole(184)) - cbde3520-0cea-4357-bb04-1a0ae64b2bb1@group-7EB39FB5DF22: changes role from  FOLLOWER to CANDIDATE at term 228 for changeToCandidate
2019-10-17 07:41:59,330 [Thread-1642] INFO  impl.RoleInfo (RoleInfo.java:updateAndGet(143)) - cbde3520-0cea-4357-bb04-1a0ae64b2bb1: start LeaderElection
2019-10-17 07:41:59,354 [cbde3520-0cea-4357-bb04-1a0ae64b2bb1@group-7EB39FB5DF22-LeaderElection217] INFO  impl.LeaderElection (LeaderElection.java:askForVotes(178)) - cbde3520-0cea-4357-bb04-1a0ae64b2bb1@group-7EB39FB5DF22-LeaderElection217: begin an election at term 229 for -1: [40d2d32e-dd25-45df-8070-f9dc56ccf0a7:192.168.34.62:41633, cbde3520-0cea-4357-bb04-1a0ae64b2bb1:192.168.34.62:41642, 443b071d-6096-48d6-bfe7-498b7c8032c0:192.168.34.62:46516], old=null
2019-10-17 07:41:59,357 [grpc-default-executor-1] INFO  impl.RaftServerImpl (RaftServerImpl.java:setRole(184)) - 40d2d32e-dd25-45df-8070-f9dc56ccf0a7@group-7EB39FB5DF22: changes role from  FOLLOWER to FOLLOWER at term 229 for recognizeCandidate:cbde3520-0cea-4357-bb04-1a0ae64b2bb1
2019-10-17 07:41:59,357 [grpc-default-executor-1] INFO  impl.RoleInfo (RoleInfo.java:shutdownFollowerState(121)) - 40d2d32e-dd25-45df-8070-f9dc56ccf0a7: shutdown FollowerState
2019-10-17 07:41:59,357 [grpc-default-executor-1] INFO  impl.RoleInfo (RoleInfo.java:updateAndGet(143)) - 40d2d32e-dd25-45df-8070-f9dc56ccf0a7: start FollowerState
2019-10-17 07:41:59,357 [Thread-1640] INFO  impl.FollowerState (FollowerState.java:run(117)) - 40d2d32e-dd25-45df-8070-f9dc56ccf0a7@group-7EB39FB5DF22-FollowerState was interrupted: java.lang.InterruptedException: sleep interrupted
2019-10-17 07:41:59,358 [grpc-default-executor-4] INFO  impl.RaftServerImpl (RaftServerImpl.java:setRole(184)) - 443b071d-6096-48d6-bfe7-498b7c8032c0@group-7EB39FB5DF22: changes role from  FOLLOWER to FOLLOWER at term 229 for recognizeCandidate:cbde3520-0cea-4357-bb04-1a0ae64b2bb1
2019-10-17 07:41:59,358 [grpc-default-executor-4] INFO  impl.RoleInfo (RoleInfo.java:shutdownFollowerState(121)) - 443b071d-6096-48d6-bfe7-498b7c8032c0: shutdown FollowerState
2019-10-17 07:41:59,358 [grpc-default-executor-4] INFO  impl.RoleInfo (RoleInfo.java:updateAndGet(143)) - 443b071d-6096-48d6-bfe7-498b7c8032c0: start FollowerState
2019-10-17 07:41:59,358 [Thread-1641] INFO  impl.FollowerState (FollowerState.java:run(117)) - 443b071d-6096-48d6-bfe7-498b7c8032c0@group-7EB39FB5DF22-FollowerState was interrupted: java.lang.InterruptedException: sleep interrupted
2019-10-17 07:41:59,382 [cbde3520-0cea-4357-bb04-1a0ae64b2bb1@group-7EB39FB5DF22-LeaderElection217] INFO  impl.LeaderElection (LeaderElection.java:logAndReturn(56)) - cbde3520-0cea-4357-bb04-1a0ae64b2bb1@group-7EB39FB5DF22-LeaderElection217: Election REJECTED; received 2 response(s) [cbde3520-0cea-4357-bb04-1a0ae64b2bb1<-40d2d32e-dd25-45df-8070-f9dc56ccf0a7#0:FAIL-t229, cbde3520-0cea-4357-bb04-1a0ae64b2bb1<-443b071d-6096-48d6-bfe7-498b7c8032c0#0:FAIL-t229] and 0 exception(s); cbde3520-0cea-4357-bb04-1a0ae64b2bb1@group-7EB39FB5DF22:t229, leader=null, voted=cbde3520-0cea-4357-bb04-1a0ae64b2bb1, raftlog=cbde3520-0cea-4357-bb04-1a0ae64b2bb1@group-7EB39FB5DF22-SegmentedRaftLog:OPENED:c-1,f-1,i0, conf=-1: [40d2d32e-dd25-45df-8070-f9dc56ccf0a7:192.168.34.62:41633, cbde3520-0cea-4357-bb04-1a0ae64b2bb1:192.168.34.62:41642, 443b071d-6096-48d6-bfe7-498b7c8032c0:192.168.34.62:46516], old=null
2019-10-17 07:41:59,382 [cbde3520-0cea-4357-bb04-1a0ae64b2bb1@group-7EB39FB5DF22-LeaderElection217] INFO  impl.RaftServerImpl (RaftServerImpl.java:setRole(184)) - cbde3520-0cea-4357-bb04-1a0ae64b2bb1@group-7EB39FB5DF22: changes role from CANDIDATE to FOLLOWER at term 229 for DISCOVERED_A_NEW_TERM
2019-10-17 07:41:59,382 [cbde3520-0cea-4357-bb04-1a0ae64b2bb1@group-7EB39FB5DF22-LeaderElection217] INFO  impl.RoleInfo (RoleInfo.java:shutdownLeaderElection(134)) - cbde3520-0cea-4357-bb04-1a0ae64b2bb1: shutdown LeaderElection
2019-10-17 07:41:59,382 [cbde3520-0cea-4357-bb04-1a0ae64b2bb1@group-7EB39FB5DF22-LeaderElection217] INFO  impl.RoleInfo (RoleInfo.java:updateAndGet(143)) - cbde3520-0cea-4357-bb04-1a0ae64b2bb1: start FollowerState
2019-10-17 07:41:59,385 [Thread-1648] INFO  impl.FollowerState (FollowerState.java:run(108)) - cbde3520-0cea-4357-bb04-1a0ae64b2bb1@group-7EB39FB5DF22-FollowerState: change to CANDIDATE, lastRpcTime:2ms, electionTimeout:2ms
2019-10-17 07:41:59,385 [Thread-1648] INFO  impl.RoleInfo (RoleInfo.java:shutdownFollowerState(121)) - cbde3520-0cea-4357-bb04-1a0ae64b2bb1: shutdown FollowerState
2019-10-17 07:41:59,385 [Thread-1648] INFO  impl.RaftServerImpl (RaftServerImpl.java:setRole(184)) - cbde3520-0cea-4357-bb04-1a0ae64b2bb1@group-7EB39FB5DF22: changes role from  FOLLOWER to CANDIDATE at term 229 for changeToCandidate
2019-10-17 07:41:59,385 [Thread-1648] INFO  impl.RoleInfo (RoleInfo.java:updateAndGet(143)) - cbde3520-0cea-4357-bb04-1a0ae64b2bb1: start LeaderElection
2019-10-17 07:41:59,417 [cbde3520-0cea-4357-bb04-1a0ae64b2bb1@group-7EB39FB5DF22-LeaderElection218] INFO  impl.LeaderElection (LeaderElection.java:askForVotes(178)) - cbde3520-0cea-4357-bb04-1a0ae64b2bb1@group-7EB39FB5DF22-LeaderElection218: begin an election at term 230 for -1: [40d2d32e-dd25-45df-8070-f9dc56ccf0a7:192.168.34.62:41633, cbde3520-0cea-4357-bb04-1a0ae64b2bb1:192.168.34.62:41642, 443b071d-6096-48d6-bfe7-498b7c8032c0:192.168.34.62:46516], old=null
2019-10-17 07:41:59,419 [grpc-default-executor-4] INFO  impl.RaftServerImpl (RaftServerImpl.java:setRole(184)) - 40d2d32e-dd25-45df-8070-f9dc56ccf0a7@group-7EB39FB5DF22: changes role from  FOLLOWER to FOLLOWER at term 230 for recognizeCandidate:cbde3520-0cea-4357-bb04-1a0ae64b2bb1
2019-10-17 07:41:59,420 [grpc-default-executor-4] INFO  impl.RoleInfo (RoleInfo.java:shutdownFollowerState(121)) - 40d2d32e-dd25-45df-8070-f9dc56ccf0a7: shutdown FollowerState
2019-10-17 07:41:59,420 [grpc-default-executor-1] INFO  impl.RaftServerImpl (RaftServerImpl.java:setRole(184)) - 443b071d-6096-48d6-bfe7-498b7c8032c0@group-7EB39FB5DF22: changes role from  FOLLOWER to FOLLOWER at term 230 for recognizeCandidate:cbde3520-0cea-4357-bb04-1a0ae64b2bb1
2019-10-17 07:41:59,420 [Thread-1646] INFO  impl.FollowerState (FollowerState.java:run(117)) - 40d2d32e-dd25-45df-8070-f9dc56ccf0a7@group-7EB39FB5DF22-FollowerState was interrupted: java.lang.InterruptedException: sleep interrupted
2019-10-17 07:41:59,420 [grpc-default-executor-4] INFO  impl.RoleInfo (RoleInfo.java:updateAndGet(143)) - 40d2d32e-dd25-45df-8070-f9dc56ccf0a7: start FollowerState
2019-10-17 07:41:59,420 [grpc-default-executor-1] INFO  impl.RoleInfo (RoleInfo.java:shutdownFollowerState(121)) - 443b071d-6096-48d6-bfe7-498b7c8032c0: shutdown FollowerState
2019-10-17 07:41:59,421 [grpc-default-executor-1] INFO  impl.RoleInfo (RoleInfo.java:updateAndGet(143)) - 443b071d-6096-48d6-bfe7-498b7c8032c0: start FollowerState
2019-10-17 07:41:59,421 [Thread-1647] INFO  impl.FollowerState (FollowerState.java:run(117)) - 443b071d-6096-48d6-bfe7-498b7c8032c0@group-7EB39FB5DF22-FollowerState was interrupted: java.lang.InterruptedException: sleep interrupted
2019-10-17 07:41:59,446 [cbde3520-0cea-4357-bb04-1a0ae64b2bb1@group-7EB39FB5DF22-LeaderElection218] INFO  impl.LeaderElection (LeaderElection.java:logAndReturn(56)) - cbde3520-0cea-4357-bb04-1a0ae64b2bb1@group-7EB39FB5DF22-LeaderElection218: Election REJECTED; received 2 response(s) [cbde3520-0cea-4357-bb04-1a0ae64b2bb1<-40d2d32e-dd25-45df-8070-f9dc56ccf0a7#0:FAIL-t230, cbde3520-0cea-4357-bb04-1a0ae64b2bb1<-443b071d-6096-48d6-bfe7-498b7c8032c0#0:FAIL-t230] and 0 exception(s); cbde3520-0cea-4357-bb04-1a0ae64b2bb1@group-7EB39FB5DF22:t230, leader=null, voted=cbde3520-0cea-4357-bb04-1a0ae64b2bb1, raftlog=cbde3520-0cea-4357-bb04-1a0ae64b2bb1@group-7EB39FB5DF22-SegmentedRaftLog:OPENED:c-1,f-1,i0, conf=-1: [40d2d32e-dd25-45df-8070-f9dc56ccf0a7:192.168.34.62:41633, cbde3520-0cea-4357-bb04-1a0ae64b2bb1:192.168.34.62:41642, 443b071d-6096-48d6-bfe7-498b7c8032c0:192.168.34.62:46516], old=null
2019-10-17 07:41:59,446 [cbde3520-0cea-4357-bb04-1a0ae64b2bb1@group-7EB39FB5DF22-LeaderElection218] INFO  impl.RaftServerImpl (RaftServerImpl.java:setRole(184)) - cbde3520-0cea-4357-bb04-1a0ae64b2bb1@group-7EB39FB5DF22: changes role from CANDIDATE to FOLLOWER at term 230 for DISCOVERED_A_NEW_TERM
2019-10-17 07:41:59,446 [cbde3520-0cea-4357-bb04-1a0ae64b2bb1@group-7EB39FB5DF22-LeaderElection218] INFO  impl.RoleInfo (RoleInfo.java:shutdownLeaderElection(134)) - cbde3520-0cea-4357-bb04-1a0ae64b2bb1: shutdown LeaderElection
2019-10-17 07:41:59,446 [cbde3520-0cea-4357-bb04-1a0ae64b2bb1@group-7EB39FB5DF22-LeaderElection218] INFO  impl.RoleInfo (RoleInfo.java:updateAndGet(143)) - cbde3520-0cea-4357-bb04-1a0ae64b2bb1: start FollowerState
2019-10-17 07:41:59,507 [Thread-1654] INFO  impl.FollowerState (FollowerState.java:run(108)) - cbde3520-0cea-4357-bb04-1a0ae64b2bb1@group-7EB39FB5DF22-FollowerState: change to CANDIDATE, lastRpcTime:60ms, electionTimeout:60ms
2019-10-17 07:41:59,507 [Thread-1654] INFO  impl.RoleInfo (RoleInfo.java:shutdownFollowerState(121)) - cbde3520-0cea-4357-bb04-1a0ae64b2bb1: shutdown FollowerState
2019-10-17 07:41:59,507 [Thread-1654] INFO  impl.RaftServerImpl (RaftServerImpl.java:setRole(184)) - cbde3520-0cea-4357-bb04-1a0ae64b2bb1@group-7EB39FB5DF22: changes role from  FOLLOWER to CANDIDATE at term 230 for changeToCandidate
2019-10-17 07:41:59,507 [Thread-1654] INFO  impl.RoleInfo (RoleInfo.java:updateAndGet(143)) - cbde3520-0cea-4357-bb04-1a0ae64b2bb1: start LeaderElection
2019-10-17 07:41:59,541 [cbde3520-0cea-4357-bb04-1a0ae64b2bb1@group-7EB39FB5DF22-LeaderElection219] INFO  impl.LeaderElection (LeaderElection.java:askForVotes(178)) - cbde3520-0cea-4357-bb04-1a0ae64b2bb1@group-7EB39FB5DF22-LeaderElection219: begin an election at term 231 for -1: [40d2d32e-dd25-45df-8070-f9dc56ccf0a7:192.168.34.62:41633, cbde3520-0cea-4357-bb04-1a0ae64b2bb1:192.168.34.62:41642, 443b071d-6096-48d6-bfe7-498b7c8032c0:192.168.34.62:46516], old=null
2019-10-17 07:41:59,546 [grpc-default-executor-4] INFO  impl.RaftServerImpl (RaftServerImpl.java:setRole(184)) - 40d2d32e-dd25-45df-8070-f9dc56ccf0a7@group-7EB39FB5DF22: changes role from  FOLLOWER to FOLLOWER at term 231 for recognizeCandidate:cbde3520-0cea-4357-bb04-1a0ae64b2bb1
2019-10-17 07:41:59,546 [grpc-default-executor-4] INFO  impl.RoleInfo (RoleInfo.java:shutdownFollowerState(121)) - 40d2d32e-dd25-45df-8070-f9dc56ccf0a7: shutdown FollowerState
2019-10-17 07:41:59,546 [grpc-default-executor-4] INFO  impl.RoleInfo (RoleInfo.java:updateAndGet(143)) - 40d2d32e-dd25-45df-8070-f9dc56ccf0a7: start FollowerState
2019-10-17 07:41:59,546 [grpc-default-executor-1] INFO  impl.RaftServerImpl (RaftServerImpl.java:setRole(184)) - 443b071d-6096-48d6-bfe7-498b7c8032c0@group-7EB39FB5DF22: changes role from  FOLLOWER to FOLLOWER at term 231 for recognizeCandidate:cbde3520-0cea-4357-bb04-1a0ae64b2bb1
2019-10-17 07:41:59,546 [grpc-default-executor-1] INFO  impl.RoleInfo (RoleInfo.java:shutdownFollowerState(121)) - 443b071d-6096-48d6-bfe7-498b7c8032c0: shutdown FollowerState
2019-10-17 07:41:59,546 [Thread-1652] INFO  impl.FollowerState (FollowerState.java:run(117)) - 40d2d32e-dd25-45df-8070-f9dc56ccf0a7@group-7EB39FB5DF22-FollowerState was interrupted: java.lang.InterruptedException: sleep interrupted
2019-10-17 07:41:59,547 [Thread-1653] INFO  impl.FollowerState (FollowerState.java:run(117)) - 443b071d-6096-48d6-bfe7-498b7c8032c0@group-7EB39FB5DF22-FollowerState was interrupted: java.lang.InterruptedException: sleep interrupted
2019-10-17 07:41:59,547 [grpc-default-executor-1] INFO  impl.RoleInfo (RoleInfo.java:updateAndGet(143)) - 443b071d-6096-48d6-bfe7-498b7c8032c0: start FollowerState
2019-10-17 07:41:59,570 [cbde3520-0cea-4357-bb04-1a0ae64b2bb1@group-7EB39FB5DF22-LeaderElection219] INFO  impl.LeaderElection (LeaderElection.java:logAndReturn(56)) - cbde3520-0cea-4357-bb04-1a0ae64b2bb1@group-7EB39FB5DF22-LeaderElection219: Election REJECTED; received 2 response(s) [cbde3520-0cea-4357-bb04-1a0ae64b2bb1<-40d2d32e-dd25-45df-8070-f9dc56ccf0a7#0:FAIL-t231, cbde3520-0cea-4357-bb04-1a0ae64b2bb1<-443b071d-6096-48d6-bfe7-498b7c8032c0#0:FAIL-t231] and 0 exception(s); cbde3520-0cea-4357-bb04-1a0ae64b2bb1@group-7EB39FB5DF22:t231, leader=null, voted=cbde3520-0cea-4357-bb04-1a0ae64b2bb1, raftlog=cbde3520-0cea-4357-bb04-1a0ae64b2bb1@group-7EB39FB5DF22-SegmentedRaftLog:OPENED:c-1,f-1,i0, conf=-1: [40d2d32e-dd25-45df-8070-f9dc56ccf0a7:192.168.34.62:41633, cbde3520-0cea-4357-bb04-1a0ae64b2bb1:192.168.34.62:41642, 443b071d-6096-48d6-bfe7-498b7c8032c0:192.168.34.62:46516], old=null
2019-10-17 07:41:59,570 [cbde3520-0cea-4357-bb04-1a0ae64b2bb1@group-7EB39FB5DF22-LeaderElection219] INFO  impl.RaftServerImpl (RaftServerImpl.java:setRole(184)) - cbde3520-0cea-4357-bb04-1a0ae64b2bb1@group-7EB39FB5DF22: changes role from CANDIDATE to FOLLOWER at term 231 for DISCOVERED_A_NEW_TERM
2019-10-17 07:41:59,570 [cbde3520-0cea-4357-bb04-1a0ae64b2bb1@group-7EB39FB5DF22-LeaderElection219] INFO  impl.RoleInfo (RoleInfo.java:shutdownLeaderElection(134)) - cbde3520-0cea-4357-bb04-1a0ae64b2bb1: shutdown LeaderElection
2019-10-17 07:41:59,571 [cbde3520-0cea-4357-bb04-1a0ae64b2bb1@group-7EB39FB5DF22-LeaderElection219] INFO  impl.RoleInfo (RoleInfo.java:updateAndGet(143)) - cbde3520-0cea-4357-bb04-1a0ae64b2bb1: start FollowerState
2019-10-17 07:41:59,692 [Thread-1660] INFO  impl.FollowerState (FollowerState.java:run(108)) - cbde3520-0cea-4357-bb04-1a0ae64b2bb1@group-7EB39FB5DF22-FollowerState: change to CANDIDATE, lastRpcTime:121ms, electionTimeout:121ms
2019-10-17 07:41:59,692 [Thread-1660] INFO  impl.RoleInfo (RoleInfo.java:shutdownFollowerState(121)) - cbde3520-0cea-4357-bb04-1a0ae64b2bb1: shutdown FollowerState
2019-10-17 07:41:59,693 [Thread-1660] INFO  impl.RaftServerImpl (RaftServerImpl.java:setRole(184)) - cbde3520-0cea-4357-bb04-1a0ae64b2bb1@group-7EB39FB5DF22: changes role from  FOLLOWER to CANDIDATE at term 231 for changeToCandidate
2019-10-17 07:41:59,693 [Thread-1660] INFO  impl.RoleInfo (RoleInfo.java:updateAndGet(143)) - cbde3520-0cea-4357-bb04-1a0ae64b2bb1: start LeaderElection
2019-10-17 07:41:59,707 [cbde3520-0cea-4357-bb04-1a0ae64b2bb1@group-7EB39FB5DF22-LeaderElection220] INFO  impl.LeaderElection (LeaderElection.java:askForVotes(178)) - cbde3520-0cea-4357-bb04-1a0ae64b2bb1@group-7EB39FB5DF22-LeaderElection220: begin an election at term 232 for -1: [40d2d32e-dd25-45df-8070-f9dc56ccf0a7:192.168.34.62:41633, cbde3520-0cea-4357-bb04-1a0ae64b2bb1:192.168.34.62:41642, 443b071d-6096-48d6-bfe7-498b7c8032c0:192.168.34.62:46516], old=null
2019-10-17 07:41:59,711 [grpc-default-executor-4] INFO  impl.RaftServerImpl (RaftServerImpl.java:setRole(184)) - 443b071d-6096-48d6-bfe7-498b7c8032c0@group-7EB39FB5DF22: changes role from  FOLLOWER to FOLLOWER at term 232 for recognizeCandidate:cbde3520-0cea-4357-bb04-1a0ae64b2bb1
2019-10-17 07:41:59,712 [grpc-default-executor-4] INFO  impl.RoleInfo (RoleInfo.java:shutdownFollowerState(121)) - 443b071d-6096-48d6-bfe7-498b7c8032c0: shutdown FollowerState
2019-10-17 07:41:59,711 [grpc-default-executor-1] INFO  impl.RaftServerImpl (RaftServerImpl.java:setRole(184)) - 40d2d32e-dd25-45df-8070-f9dc56ccf0a7@group-7EB39FB5DF22: changes role from  FOLLOWER to FOLLOWER at term 232 for recognizeCandidate:cbde3520-0cea-4357-bb04-1a0ae64b2bb1
2019-10-17 07:41:59,712 [grpc-default-executor-1] INFO  impl.RoleInfo (RoleInfo.java:shutdownFollowerState(121)) - 40d2d32e-dd25-45df-8070-f9dc56ccf0a7: shutdown FollowerState
2019-10-17 07:41:59,712 [Thread-1659] INFO  impl.FollowerState (FollowerState.java:run(117)) - 443b071d-6096-48d6-bfe7-498b7c8032c0@group-7EB39FB5DF22-FollowerState was interrupted: java.lang.InterruptedException: sleep interrupted
2019-10-17 07:41:59,712 [grpc-default-executor-4] INFO  impl.RoleInfo (RoleInfo.java:updateAndGet(143)) - 443b071d-6096-48d6-bfe7-498b7c8032c0: start FollowerState
2019-10-17 07:41:59,712 [Thread-1658] INFO  impl.FollowerState (FollowerState.java:run(117)) - 40d2d32e-dd25-45df-8070-f9dc56ccf0a7@group-7EB39FB5DF22-FollowerState was interrupted: java.lang.InterruptedException: sleep interrupted
2019-10-17 07:41:59,712 [grpc-default-executor-1] INFO  impl.RoleInfo (RoleInfo.java:updateAndGet(143)) - 40d2d32e-dd25-45df-8070-f9dc56ccf0a7: start FollowerState
2019-10-17 07:41:59,728 [cbde3520-0cea-4357-bb04-1a0ae64b2bb1@group-7EB39FB5DF22-LeaderElection220] INFO  impl.LeaderElection (LeaderElection.java:logAndReturn(56)) - cbde3520-0cea-4357-bb04-1a0ae64b2bb1@group-7EB39FB5DF22-LeaderElection220: Election REJECTED; received 2 response(s) [cbde3520-0cea-4357-bb04-1a0ae64b2bb1<-40d2d32e-dd25-45df-8070-f9dc56ccf0a7#0:FAIL-t232, cbde3520-0cea-4357-bb04-1a0ae64b2bb1<-443b071d-6096-48d6-bfe7-498b7c8032c0#0:FAIL-t232] and 0 exception(s); cbde3520-0cea-4357-bb04-1a0ae64b2bb1@group-7EB39FB5DF22:t232, leader=null, voted=cbde3520-0cea-4357-bb04-1a0ae64b2bb1, raftlog=cbde3520-0cea-4357-bb04-1a0ae64b2bb1@group-7EB39FB5DF22-SegmentedRaftLog:OPENED:c-1,f-1,i0, conf=-1: [40d2d32e-dd25-45df-8070-f9dc56ccf0a7:192.168.34.62:41633, cbde3520-0cea-4357-bb04-1a0ae64b2bb1:192.168.34.62:41642, 443b071d-6096-48d6-bfe7-498b7c8032c0:192.168.34.62:46516], old=null
2019-10-17 07:41:59,728 [cbde3520-0cea-4357-bb04-1a0ae64b2bb1@group-7EB39FB5DF22-LeaderElection220] INFO  impl.RaftServerImpl (RaftServerImpl.java:setRole(184)) - cbde3520-0cea-4357-bb04-1a0ae64b2bb1@group-7EB39FB5DF22: changes role from CANDIDATE to FOLLOWER at term 232 for DISCOVERED_A_NEW_TERM
2019-10-17 07:41:59,728 [cbde3520-0cea-4357-bb04-1a0ae64b2bb1@group-7EB39FB5DF22-LeaderElection220] INFO  impl.RoleInfo (RoleInfo.java:shutdownLeaderElection(134)) - cbde3520-0cea-4357-bb04-1a0ae64b2bb1: shutdown LeaderElection
2019-10-17 07:41:59,728 [cbde3520-0cea-4357-bb04-1a0ae64b2bb1@group-7EB39FB5DF22-LeaderElection220] INFO  impl.RoleInfo (RoleInfo.java:updateAndGet(143)) - cbde3520-0cea-4357-bb04-1a0ae64b2bb1: start FollowerState
2019-10-17 07:41:59,745 [Thread-1666] INFO  impl.FollowerState (FollowerState.java:run(108)) - cbde3520-0cea-4357-bb04-1a0ae64b2bb1@group-7EB39FB5DF22-FollowerState: change to CANDIDATE, lastRpcTime:16ms, electionTimeout:16ms
2019-10-17 07:41:59,745 [Thread-1666] INFO  impl.RoleInfo (RoleInfo.java:shutdownFollowerState(121)) - cbde3520-0cea-4357-bb04-1a0ae64b2bb1: shutdown FollowerState
2019-10-17 07:41:59,745 [Thread-1666] INFO  impl.RaftServerImpl (RaftServerImpl.java:setRole(184)) - cbde3520-0cea-4357-bb04-1a0ae64b2bb1@group-7EB39FB5DF22: changes role from  FOLLOWER to CANDIDATE at term 232 for changeToCandidate
2019-10-17 07:41:59,745 [Thread-1666] INFO  impl.RoleInfo (RoleInfo.java:updateAndGet(143)) - cbde3520-0cea-4357-bb04-1a0ae64b2bb1: start LeaderElection
2019-10-17 07:41:59,769 [cbde3520-0cea-4357-bb04-1a0ae64b2bb1@group-7EB39FB5DF22-LeaderElection221] INFO  impl.LeaderElection (LeaderElection.java:askForVotes(178)) - cbde3520-0cea-4357-bb04-1a0ae64b2bb1@group-7EB39FB5DF22-LeaderElection221: begin an election at term 233 for -1: [40d2d32e-dd25-45df-8070-f9dc56ccf0a7:192.168.34.62:41633, cbde3520-0cea-4357-bb04-1a0ae64b2bb1:192.168.34.62:41642, 443b071d-6096-48d6-bfe7-498b7c8032c0:192.168.34.62:46516], old=null
2019-10-17 07:41:59,772 [grpc-default-executor-4] INFO  impl.RaftServerImpl (RaftServerImpl.java:setRole(184)) - 40d2d32e-dd25-45df-8070-f9dc56ccf0a7@group-7EB39FB5DF22: changes role from  FOLLOWER to FOLLOWER at term 233 for recognizeCandidate:cbde3520-0cea-4357-bb04-1a0ae64b2bb1
2019-10-17 07:41:59,772 [grpc-default-executor-4] INFO  impl.RoleInfo (RoleInfo.java:shutdownFollowerState(121)) - 40d2d32e-dd25-45df-8070-f9dc56ccf0a7: shutdown FollowerState
2019-10-17 07:41:59,772 [grpc-default-executor-4] INFO  impl.RoleInfo (RoleInfo.java:updateAndGet(143)) - 40d2d32e-dd25-45df-8070-f9dc56ccf0a7: start FollowerState
2019-10-17 07:41:59,772 [Thread-1665] INFO  impl.FollowerState (FollowerState.java:run(117)) - 40d2d32e-dd25-45df-8070-f9dc56ccf0a7@group-7EB39FB5DF22-FollowerState was interrupted: java.lang.InterruptedException: sleep interrupted
2019-10-17 07:41:59,773 [grpc-default-executor-1] INFO  impl.RaftServerImpl (RaftServerImpl.java:setRole(184)) - 443b071d-6096-48d6-bfe7-498b7c8032c0@group-7EB39FB5DF22: changes role from  FOLLOWER to FOLLOWER at term 233 for recognizeCandidate:cbde3520-0cea-4357-bb04-1a0ae64b2bb1
2019-10-17 07:41:59,773 [grpc-default-executor-1] INFO  impl.RoleInfo (RoleInfo.java:shutdownFollowerState(121)) - 443b071d-6096-48d6-bfe7-498b7c8032c0: shutdown FollowerState
2019-10-17 07:41:59,773 [grpc-default-executor-1] INFO  impl.RoleInfo (RoleInfo.java:updateAndGet(143)) - 443b071d-6096-48d6-bfe7-498b7c8032c0: start FollowerState
2019-10-17 07:41:59,773 [Thread-1664] INFO  impl.FollowerState (FollowerState.java:run(117)) - 443b071d-6096-48d6-bfe7-498b7c8032c0@group-7EB39FB5DF22-FollowerState was interrupted: java.lang.InterruptedException: sleep interrupted
2019-10-17 07:41:59,797 [cbde3520-0cea-4357-bb04-1a0ae64b2bb1@group-7EB39FB5DF22-LeaderElection221] INFO  impl.LeaderElection (LeaderElection.java:logAndReturn(56)) - cbde3520-0cea-4357-bb04-1a0ae64b2bb1@group-7EB39FB5DF22-LeaderElection221: Election REJECTED; received 2 response(s) [cbde3520-0cea-4357-bb04-1a0ae64b2bb1<-40d2d32e-dd25-45df-8070-f9dc56ccf0a7#0:FAIL-t233, cbde3520-0cea-4357-bb04-1a0ae64b2bb1<-443b071d-6096-48d6-bfe7-498b7c8032c0#0:FAIL-t233] and 0 exception(s); cbde3520-0cea-4357-bb04-1a0ae64b2bb1@group-7EB39FB5DF22:t233, leader=null, voted=cbde3520-0cea-4357-bb04-1a0ae64b2bb1, raftlog=cbde3520-0cea-4357-bb04-1a0ae64b2bb1@group-7EB39FB5DF22-SegmentedRaftLog:OPENED:c-1,f-1,i0, conf=-1: [40d2d32e-dd25-45df-8070-f9dc56ccf0a7:192.168.34.62:41633, cbde3520-0cea-4357-bb04-1a0ae64b2bb1:192.168.34.62:41642, 443b071d-6096-48d6-bfe7-498b7c8032c0:192.168.34.62:46516], old=null
2019-10-17 07:41:59,797 [cbde3520-0cea-4357-bb04-1a0ae64b2bb1@group-7EB39FB5DF22-LeaderElection221] INFO  impl.RaftServerImpl (RaftServerImpl.java:setRole(184)) - cbde3520-0cea-4357-bb04-1a0ae64b2bb1@group-7EB39FB5DF22: changes role from CANDIDATE to FOLLOWER at term 233 for DISCOVERED_A_NEW_TERM
2019-10-17 07:41:59,797 [cbde3520-0cea-4357-bb04-1a0ae64b2bb1@group-7EB39FB5DF22-LeaderElection221] INFO  impl.RoleInfo (RoleInfo.java:shutdownLeaderElection(134)) - cbde3520-0cea-4357-bb04-1a0ae64b2bb1: shutdown LeaderElection
2019-10-17 07:41:59,797 [cbde3520-0cea-4357-bb04-1a0ae64b2bb1@group-7EB39FB5DF22-LeaderElection221] INFO  impl.RoleInfo (RoleInfo.java:updateAndGet(143)) - cbde3520-0cea-4357-bb04-1a0ae64b2bb1: start FollowerState
2019-10-17 07:41:59,881 [Thread-1672] INFO  impl.FollowerState (FollowerState.java:run(108)) - cbde3520-0cea-4357-bb04-1a0ae64b2bb1@group-7EB39FB5DF22-FollowerState: change to CANDIDATE, lastRpcTime:83ms, electionTimeout:83ms
2019-10-17 07:41:59,881 [Thread-1672] INFO  impl.RoleInfo (RoleInfo.java:shutdownFollowerState(121)) - cbde3520-0cea-4357-bb04-1a0ae64b2bb1: shutdown FollowerState
2019-10-17 07:41:59,881 [Thread-1672] INFO  impl.RaftServerImpl (RaftServerImpl.java:setRole(184)) - cbde3520-0cea-4357-bb04-1a0ae64b2bb1@group-7EB39FB5DF22: changes role from  FOLLOWER to CANDIDATE at term 233 for changeToCandidate
2019-10-17 07:41:59,881 [Thread-1672] INFO  impl.RoleInfo (RoleInfo.java:updateAndGet(143)) - cbde3520-0cea-4357-bb04-1a0ae64b2bb1: start LeaderElection
2019-10-17 07:41:59,907 [cbde3520-0cea-4357-bb04-1a0ae64b2bb1@group-7EB39FB5DF22-LeaderElection222] INFO  impl.LeaderElection (LeaderElection.java:askForVotes(178)) - cbde3520-0cea-4357-bb04-1a0ae64b2bb1@group-7EB39FB5DF22-LeaderElection222: begin an election at term 234 for -1: [40d2d32e-dd25-45df-8070-f9dc56ccf0a7:192.168.34.62:41633, cbde3520-0cea-4357-bb04-1a0ae64b2bb1:192.168.34.62:41642, 443b071d-6096-48d6-bfe7-498b7c8032c0:192.168.34.62:46516], old=null
2019-10-17 07:41:59,910 [grpc-default-executor-4] INFO  impl.RaftServerImpl (RaftServerImpl.java:setRole(184)) - 40d2d32e-dd25-45df-8070-f9dc56ccf0a7@group-7EB39FB5DF22: changes role from  FOLLOWER to FOLLOWER at term 234 for recognizeCandidate:cbde3520-0cea-4357-bb04-1a0ae64b2bb1
2019-10-17 07:41:59,910 [grpc-default-executor-1] INFO  impl.RaftServerImpl (RaftServerImpl.java:setRole(184)) - 443b071d-6096-48d6-bfe7-498b7c8032c0@group-7EB39FB5DF22: changes role from  FOLLOWER to FOLLOWER at term 234 for recognizeCandidate:cbde3520-0cea-4357-bb04-1a0ae64b2bb1
2019-10-17 07:41:59,911 [grpc-default-executor-4] INFO  impl.RoleInfo (RoleInfo.java:shutdownFollowerState(121)) - 40d2d32e-dd25-45df-8070-f9dc56ccf0a7: shutdown FollowerState
2019-10-17 07:41:59,911 [grpc-default-executor-1] INFO  impl.RoleInfo (RoleInfo.java:shutdownFollowerState(121)) - 443b071d-6096-48d6-bfe7-498b7c8032c0: shutdown FollowerState
2019-10-17 07:41:59,911 [Thread-1670] INFO  impl.FollowerState (FollowerState.java:run(117)) - 40d2d32e-dd25-45df-8070-f9dc56ccf0a7@group-7EB39FB5DF22-FollowerState was interrupted: java.lang.InterruptedException: sleep interrupted
2019-10-17 07:41:59,911 [grpc-default-executor-4] INFO  impl.RoleInfo (RoleInfo.java:updateAndGet(143)) - 40d2d32e-dd25-45df-8070-f9dc56ccf0a7: start FollowerState
2019-10-17 07:41:59,911 [Thread-1671] INFO  impl.FollowerState (FollowerState.java:run(117)) - 443b071d-6096-48d6-bfe7-498b7c8032c0@group-7EB39FB5DF22-FollowerState was interrupted: java.lang.InterruptedException: sleep interrupted
2019-10-17 07:41:59,911 [grpc-default-executor-1] INFO  impl.RoleInfo (RoleInfo.java:updateAndGet(143)) - 443b071d-6096-48d6-bfe7-498b7c8032c0: start FollowerState
2019-10-17 07:41:59,927 [cbde3520-0cea-4357-bb04-1a0ae64b2bb1@group-7EB39FB5DF22-LeaderElection222] INFO  impl.LeaderElection (LeaderElection.java:logAndReturn(56)) - cbde3520-0cea-4357-bb04-1a0ae64b2bb1@group-7EB39FB5DF22-LeaderElection222: Election REJECTED; received 2 response(s) [cbde3520-0cea-4357-bb04-1a0ae64b2bb1<-40d2d32e-dd25-45df-8070-f9dc56ccf0a7#0:FAIL-t234, cbde3520-0cea-4357-bb04-1a0ae64b2bb1<-443b071d-6096-48d6-bfe7-498b7c8032c0#0:FAIL-t234] and 0 exception(s); cbde3520-0cea-4357-bb04-1a0ae64b2bb1@group-7EB39FB5DF22:t234, leader=null, voted=cbde3520-0cea-4357-bb04-1a0ae64b2bb1, raftlog=cbde3520-0cea-4357-bb04-1a0ae64b2bb1@group-7EB39FB5DF22-SegmentedRaftLog:OPENED:c-1,f-1,i0, conf=-1: [40d2d32e-dd25-45df-8070-f9dc56ccf0a7:192.168.34.62:41633, cbde3520-0cea-4357-bb04-1a0ae64b2bb1:192.168.34.62:41642, 443b071d-6096-48d6-bfe7-498b7c8032c0:192.168.34.62:46516], old=null
2019-10-17 07:41:59,927 [cbde3520-0cea-4357-bb04-1a0ae64b2bb1@group-7EB39FB5DF22-LeaderElection222] INFO  impl.RaftServerImpl (RaftServerImpl.java:setRole(184)) - cbde3520-0cea-4357-bb04-1a0ae64b2bb1@group-7EB39FB5DF22: changes role from CANDIDATE to FOLLOWER at term 234 for DISCOVERED_A_NEW_TERM
2019-10-17 07:41:59,927 [cbde3520-0cea-4357-bb04-1a0ae64b2bb1@group-7EB39FB5DF22-LeaderElection222] INFO  impl.RoleInfo (RoleInfo.java:shutdownLeaderElection(134)) - cbde3520-0cea-4357-bb04-1a0ae64b2bb1: shutdown LeaderElection
2019-10-17 07:41:59,927 [cbde3520-0cea-4357-bb04-1a0ae64b2bb1@group-7EB39FB5DF22-LeaderElection222] INFO  impl.RoleInfo (RoleInfo.java:updateAndGet(143)) - cbde3520-0cea-4357-bb04-1a0ae64b2bb1: start FollowerState
2019-10-17 07:42:00,019 [Thread-1678] INFO  impl.FollowerState (FollowerState.java:run(108)) - cbde3520-0cea-4357-bb04-1a0ae64b2bb1@group-7EB39FB5DF22-FollowerState: change to CANDIDATE, lastRpcTime:91ms, electionTimeout:91ms
2019-10-17 07:42:00,019 [Thread-1678] INFO  impl.RoleInfo (RoleInfo.java:shutdownFollowerState(121)) - cbde3520-0cea-4357-bb04-1a0ae64b2bb1: shutdown FollowerState
2019-10-17 07:42:00,019 [Thread-1678] INFO  impl.RaftServerImpl (RaftServerImpl.java:setRole(184)) - cbde3520-0cea-4357-bb04-1a0ae64b2bb1@group-7EB39FB5DF22: changes role from  FOLLOWER to CANDIDATE at term 234 for changeToCandidate
2019-10-17 07:42:00,019 [Thread-1678] INFO  impl.RoleInfo (RoleInfo.java:updateAndGet(143)) - cbde3520-0cea-4357-bb04-1a0ae64b2bb1: start LeaderElection
2019-10-17 07:42:00,043 [cbde3520-0cea-4357-bb04-1a0ae64b2bb1@group-7EB39FB5DF22-LeaderElection223] INFO  impl.LeaderElection (LeaderElection.java:askForVotes(178)) - cbde3520-0cea-4357-bb04-1a0ae64b2bb1@group-7EB39FB5DF22-LeaderElection223: begin an election at term 235 for -1: [40d2d32e-dd25-45df-8070-f9dc56ccf0a7:192.168.34.62:41633, cbde3520-0cea-4357-bb04-1a0ae64b2bb1:192.168.34.62:41642, 443b071d-6096-48d6-bfe7-498b7c8032c0:192.168.34.62:46516], old=null
2019-10-17 07:42:00,046 [grpc-default-executor-4] INFO  impl.RaftServerImpl (RaftServerImpl.java:setRole(184)) - 443b071d-6096-48d6-bfe7-498b7c8032c0@group-7EB39FB5DF22: changes role from  FOLLOWER to FOLLOWER at term 235 for recognizeCandidate:cbde3520-0cea-4357-bb04-1a0ae64b2bb1
2019-10-17 07:42:00,046 [grpc-default-executor-1] INFO  impl.RaftServerImpl (RaftServerImpl.java:setRole(184)) - 40d2d32e-dd25-45df-8070-f9dc56ccf0a7@group-7EB39FB5DF22: changes role from  FOLLOWER to FOLLOWER at term 235 for recognizeCandidate:cbde3520-0cea-4357-bb04-1a0ae64b2bb1
2019-10-17 07:42:00,046 [grpc-default-executor-4] INFO  impl.RoleInfo (RoleInfo.java:shutdownFollowerState(121)) - 443b071d-6096-48d6-bfe7-498b7c8032c0: shutdown FollowerState
2019-10-17 07:42:00,046 [grpc-default-executor-1] INFO  impl.RoleInfo (RoleInfo.java:shutdownFollowerState(121)) - 40d2d32e-dd25-45df-8070-f9dc56ccf0a7: shutdown FollowerState
2019-10-17 07:42:00,046 [Thread-1677] INFO  impl.FollowerState (FollowerState.java:run(117)) - 443b071d-6096-48d6-bfe7-498b7c8032c0@group-7EB39FB5DF22-FollowerState was interrupted: java.lang.InterruptedException: sleep interrupted
2019-10-17 07:42:00,046 [Thread-1676] INFO  impl.FollowerState (FollowerState.java:run(117)) - 40d2d32e-dd25-45df-8070-f9dc56ccf0a7@group-7EB39FB5DF22-FollowerState was interrupted: java.lang.InterruptedException: sleep interrupted
2019-10-17 07:42:00,046 [grpc-default-executor-4] INFO  impl.RoleInfo (RoleInfo.java:updateAndGet(143)) - 443b071d-6096-48d6-bfe7-498b7c8032c0: start FollowerState
2019-10-17 07:42:00,046 [grpc-default-executor-1] INFO  impl.RoleInfo (RoleInfo.java:updateAndGet(143)) - 40d2d32e-dd25-45df-8070-f9dc56ccf0a7: start FollowerState
2019-10-17 07:42:00,071 [cbde3520-0cea-4357-bb04-1a0ae64b2bb1@group-7EB39FB5DF22-LeaderElection223] INFO  impl.LeaderElection (LeaderElection.java:logAndReturn(56)) - cbde3520-0cea-4357-bb04-1a0ae64b2bb1@group-7EB39FB5DF22-LeaderElection223: Election REJECTED; received 2 response(s) [cbde3520-0cea-4357-bb04-1a0ae64b2bb1<-40d2d32e-dd25-45df-8070-f9dc56ccf0a7#0:FAIL-t235, cbde3520-0cea-4357-bb04-1a0ae64b2bb1<-443b071d-6096-48d6-bfe7-498b7c8032c0#0:FAIL-t235] and 0 exception(s); cbde3520-0cea-4357-bb04-1a0ae64b2bb1@group-7EB39FB5DF22:t235, leader=null, voted=cbde3520-0cea-4357-bb04-1a0ae64b2bb1, raftlog=cbde3520-0cea-4357-bb04-1a0ae64b2bb1@group-7EB39FB5DF22-SegmentedRaftLog:OPENED:c-1,f-1,i0, conf=-1: [40d2d32e-dd25-45df-8070-f9dc56ccf0a7:192.168.34.62:41633, cbde3520-0cea-4357-bb04-1a0ae64b2bb1:192.168.34.62:41642, 443b071d-6096-48d6-bfe7-498b7c8032c0:192.168.34.62:46516], old=null
2019-10-17 07:42:00,071 [cbde3520-0cea-4357-bb04-1a0ae64b2bb1@group-7EB39FB5DF22-LeaderElection223] INFO  impl.RaftServerImpl (RaftServerImpl.java:setRole(184)) - cbde3520-0cea-4357-bb04-1a0ae64b2bb1@group-7EB39FB5DF22: changes role from CANDIDATE to FOLLOWER at term 235 for DISCOVERED_A_NEW_TERM
2019-10-17 07:42:00,071 [cbde3520-0cea-4357-bb04-1a0ae64b2bb1@group-7EB39FB5DF22-LeaderElection223] INFO  impl.RoleInfo (RoleInfo.java:shutdownLeaderElection(134)) - cbde3520-0cea-4357-bb04-1a0ae64b2bb1: shutdown LeaderElection
2019-10-17 07:42:00,072 [cbde3520-0cea-4357-bb04-1a0ae64b2bb1@group-7EB39FB5DF22-LeaderElection223] INFO  impl.RoleInfo (RoleInfo.java:updateAndGet(143)) - cbde3520-0cea-4357-bb04-1a0ae64b2bb1: start FollowerState
2019-10-17 07:42:00,152 [Thread-1684] INFO  impl.FollowerState (FollowerState.java:run(108)) - cbde3520-0cea-4357-bb04-1a0ae64b2bb1@group-7EB39FB5DF22-FollowerState: change to CANDIDATE, lastRpcTime:80ms, electionTimeout:80ms
2019-10-17 07:42:00,152 [Thread-1684] INFO  impl.RoleInfo (RoleInfo.java:shutdownFollowerState(121)) - cbde3520-0cea-4357-bb04-1a0ae64b2bb1: shutdown FollowerState
2019-10-17 07:42:00,152 [Thread-1684] INFO  impl.RaftServerImpl (RaftServerImpl.java:setRole(184)) - cbde3520-0cea-4357-bb04-1a0ae64b2bb1@group-7EB39FB5DF22: changes role from  FOLLOWER to CANDIDATE at term 235 for changeToCandidate
2019-10-17 07:42:00,153 [Thread-1684] INFO  impl.RoleInfo (RoleInfo.java:updateAndGet(143)) - cbde3520-0cea-4357-bb04-1a0ae64b2bb1: start LeaderElection
2019-10-17 07:42:00,177 [cbde3520-0cea-4357-bb04-1a0ae64b2bb1@group-7EB39FB5DF22-LeaderElection224] INFO  impl.LeaderElection (LeaderElection.java:askForVotes(178)) - cbde3520-0cea-4357-bb04-1a0ae64b2bb1@group-7EB39FB5DF22-LeaderElection224: begin an election at term 236 for -1: [40d2d32e-dd25-45df-8070-f9dc56ccf0a7:192.168.34.62:41633, cbde3520-0cea-4357-bb04-1a0ae64b2bb1:192.168.34.62:41642, 443b071d-6096-48d6-bfe7-498b7c8032c0:192.168.34.62:46516], old=null
2019-10-17 07:42:00,179 [grpc-default-executor-1] INFO  impl.RaftServerImpl (RaftServerImpl.java:setRole(184)) - 40d2d32e-dd25-45df-8070-f9dc56ccf0a7@group-7EB39FB5DF22: changes role from  FOLLOWER to FOLLOWER at term 236 for recognizeCandidate:cbde3520-0cea-4357-bb04-1a0ae64b2bb1
2019-10-17 07:42:00,180 [grpc-default-executor-1] INFO  impl.RoleInfo (RoleInfo.java:shutdownFollowerState(121)) - 40d2d32e-dd25-45df-8070-f9dc56ccf0a7: shutdown FollowerState
2019-10-17 07:42:00,180 [grpc-default-executor-1] INFO  impl.RoleInfo (RoleInfo.java:updateAndGet(143)) - 40d2d32e-dd25-45df-8070-f9dc56ccf0a7: start FollowerState
2019-10-17 07:42:00,180 [Thread-1683] INFO  impl.FollowerState (FollowerState.java:run(117)) - 40d2d32e-dd25-45df-8070-f9dc56ccf0a7@group-7EB39FB5DF22-FollowerState was interrupted: java.lang.InterruptedException: sleep interrupted
2019-10-17 07:42:00,180 [grpc-default-executor-4] INFO  impl.RaftServerImpl (RaftServerImpl.java:setRole(184)) - 443b071d-6096-48d6-bfe7-498b7c8032c0@group-7EB39FB5DF22: changes role from  FOLLOWER to FOLLOWER at term 236 for recognizeCandidate:cbde3520-0cea-4357-bb04-1a0ae64b2bb1
2019-10-17 07:42:00,180 [grpc-default-executor-4] INFO  impl.RoleInfo (RoleInfo.java:shutdownFollowerState(121)) - 443b071d-6096-48d6-bfe7-498b7c8032c0: shutdown FollowerState
2019-10-17 07:42:00,180 [grpc-default-executor-4] INFO  impl.RoleInfo (RoleInfo.java:updateAndGet(143)) - 443b071d-6096-48d6-bfe7-498b7c8032c0: start FollowerState
2019-10-17 07:42:00,181 [Thread-1682] INFO  impl.FollowerState (FollowerState.java:run(117)) - 443b071d-6096-48d6-bfe7-498b7c8032c0@group-7EB39FB5DF22-FollowerState was interrupted: java.lang.InterruptedException: sleep interrupted
2019-10-17 07:42:00,205 [cbde3520-0cea-4357-bb04-1a0ae64b2bb1@group-7EB39FB5DF22-LeaderElection224] INFO  impl.LeaderElection (LeaderElection.java:logAndReturn(56)) - cbde3520-0cea-4357-bb04-1a0ae64b2bb1@group-7EB39FB5DF22-LeaderElection224: Election REJECTED; received 2 response(s) [cbde3520-0cea-4357-bb04-1a0ae64b2bb1<-40d2d32e-dd25-45df-8070-f9dc56ccf0a7#0:FAIL-t236, cbde3520-0cea-4357-bb04-1a0ae64b2bb1<-443b071d-6096-48d6-bfe7-498b7c8032c0#0:FAIL-t236] and 0 exception(s); cbde3520-0cea-4357-bb04-1a0ae64b2bb1@group-7EB39FB5DF22:t236, leader=null, voted=cbde3520-0cea-4357-bb04-1a0ae64b2bb1, raftlog=cbde3520-0cea-4357-bb04-1a0ae64b2bb1@group-7EB39FB5DF22-SegmentedRaftLog:OPENED:c-1,f-1,i0, conf=-1: [40d2d32e-dd25-45df-8070-f9dc56ccf0a7:192.168.34.62:41633, cbde3520-0cea-4357-bb04-1a0ae64b2bb1:192.168.34.62:41642, 443b071d-6096-48d6-bfe7-498b7c8032c0:192.168.34.62:46516], old=null
2019-10-17 07:42:00,205 [cbde3520-0cea-4357-bb04-1a0ae64b2bb1@group-7EB39FB5DF22-LeaderElection224] INFO  impl.RaftServerImpl (RaftServerImpl.java:setRole(184)) - cbde3520-0cea-4357-bb04-1a0ae64b2bb1@group-7EB39FB5DF22: changes role from CANDIDATE to FOLLOWER at term 236 for DISCOVERED_A_NEW_TERM
2019-10-17 07:42:00,205 [cbde3520-0cea-4357-bb04-1a0ae64b2bb1@group-7EB39FB5DF22-LeaderElection224] INFO  impl.RoleInfo (RoleInfo.java:shutdownLeaderElection(134)) - cbde3520-0cea-4357-bb04-1a0ae64b2bb1: shutdown LeaderElection
2019-10-17 07:42:00,205 [cbde3520-0cea-4357-bb04-1a0ae64b2bb1@group-7EB39FB5DF22-LeaderElection224] INFO  impl.RoleInfo (RoleInfo.java:updateAndGet(143)) - cbde3520-0cea-4357-bb04-1a0ae64b2bb1: start FollowerState
2019-10-17 07:42:00,217 [main] INFO  ozone.MiniOzoneClusterImpl (MiniOzoneClusterImpl.java:lambda$waitForClusterToBeReady$2(164)) - Waiting for 1 number of pipelines out of 5, to report a leader.
2019-10-17 07:42:00,301 [Thread-1690] INFO  impl.FollowerState (FollowerState.java:run(108)) - cbde3520-0cea-4357-bb04-1a0ae64b2bb1@group-7EB39FB5DF22-FollowerState: change to CANDIDATE, lastRpcTime:96ms, electionTimeout:96ms
2019-10-17 07:42:00,301 [Thread-1690] INFO  impl.RoleInfo (RoleInfo.java:shutdownFollowerState(121)) - cbde3520-0cea-4357-bb04-1a0ae64b2bb1: shutdown FollowerState
2019-10-17 07:42:00,302 [Thread-1690] INFO  impl.RaftServerImpl (RaftServerImpl.java:setRole(184)) - cbde3520-0cea-4357-bb04-1a0ae64b2bb1@group-7EB39FB5DF22: changes role from  FOLLOWER to CANDIDATE at term 236 for changeToCandidate
2019-10-17 07:42:00,302 [Thread-1690] INFO  impl.RoleInfo (RoleInfo.java:updateAndGet(143)) - cbde3520-0cea-4357-bb04-1a0ae64b2bb1: start LeaderElection
2019-10-17 07:42:00,326 [cbde3520-0cea-4357-bb04-1a0ae64b2bb1@group-7EB39FB5DF22-LeaderElection225] INFO  impl.LeaderElection (LeaderElection.java:askForVotes(178)) - cbde3520-0cea-4357-bb04-1a0ae64b2bb1@group-7EB39FB5DF22-LeaderElection225: begin an election at term 237 for -1: [40d2d32e-dd25-45df-8070-f9dc56ccf0a7:192.168.34.62:41633, cbde3520-0cea-4357-bb04-1a0ae64b2bb1:192.168.34.62:41642, 443b071d-6096-48d6-bfe7-498b7c8032c0:192.168.34.62:46516], old=null
2019-10-17 07:42:00,328 [grpc-default-executor-4] INFO  impl.RaftServerImpl (RaftServerImpl.java:setRole(184)) - 40d2d32e-dd25-45df-8070-f9dc56ccf0a7@group-7EB39FB5DF22: changes role from  FOLLOWER to FOLLOWER at term 237 for recognizeCandidate:cbde3520-0cea-4357-bb04-1a0ae64b2bb1
2019-10-17 07:42:00,328 [grpc-default-executor-4] INFO  impl.RoleInfo (RoleInfo.java:shutdownFollowerState(121)) - 40d2d32e-dd25-45df-8070-f9dc56ccf0a7: shutdown FollowerState
2019-10-17 07:42:00,328 [grpc-default-executor-1] INFO  impl.RaftServerImpl (RaftServerImpl.java:setRole(184)) - 443b071d-6096-48d6-bfe7-498b7c8032c0@group-7EB39FB5DF22: changes role from  FOLLOWER to FOLLOWER at term 237 for recognizeCandidate:cbde3520-0cea-4357-bb04-1a0ae64b2bb1
2019-10-17 07:42:00,329 [grpc-default-executor-1] INFO  impl.RoleInfo (RoleInfo.java:shutdownFollowerState(121)) - 443b071d-6096-48d6-bfe7-498b7c8032c0: shutdown FollowerState
2019-10-17 07:42:00,329 [Thread-1688] INFO  impl.FollowerState (FollowerState.java:run(117)) - 40d2d32e-dd25-45df-8070-f9dc56ccf0a7@group-7EB39FB5DF22-FollowerState was interrupted: java.lang.InterruptedException: sleep interrupted
2019-10-17 07:42:00,329 [grpc-default-executor-4] INFO  impl.RoleInfo (RoleInfo.java:updateAndGet(143)) - 40d2d32e-dd25-45df-8070-f9dc56ccf0a7: start FollowerState
2019-10-17 07:42:00,329 [Thread-1689] INFO  impl.FollowerState (FollowerState.java:run(117)) - 443b071d-6096-48d6-bfe7-498b7c8032c0@group-7EB39FB5DF22-FollowerState was interrupted: java.lang.InterruptedException: sleep interrupted
2019-10-17 07:42:00,329 [grpc-default-executor-1] INFO  impl.RoleInfo (RoleInfo.java:updateAndGet(143)) - 443b071d-6096-48d6-bfe7-498b7c8032c0: start FollowerState
2019-10-17 07:42:00,355 [cbde3520-0cea-4357-bb04-1a0ae64b2bb1@group-7EB39FB5DF22-LeaderElection225] INFO  impl.LeaderElection (LeaderElection.java:logAndReturn(56)) - cbde3520-0cea-4357-bb04-1a0ae64b2bb1@group-7EB39FB5DF22-LeaderElection225: Election REJECTED; received 2 response(s) [cbde3520-0cea-4357-bb04-1a0ae64b2bb1<-40d2d32e-dd25-45df-8070-f9dc56ccf0a7#0:FAIL-t237, cbde3520-0cea-4357-bb04-1a0ae64b2bb1<-443b071d-6096-48d6-bfe7-498b7c8032c0#0:FAIL-t237] and 0 exception(s); cbde3520-0cea-4357-bb04-1a0ae64b2bb1@group-7EB39FB5DF22:t237, leader=null, voted=cbde3520-0cea-4357-bb04-1a0ae64b2bb1, raftlog=cbde3520-0cea-4357-bb04-1a0ae64b2bb1@group-7EB39FB5DF22-SegmentedRaftLog:OPENED:c-1,f-1,i0, conf=-1: [40d2d32e-dd25-45df-8070-f9dc56ccf0a7:192.168.34.62:41633, cbde3520-0cea-4357-bb04-1a0ae64b2bb1:192.168.34.62:41642, 443b071d-6096-48d6-bfe7-498b7c8032c0:192.168.34.62:46516], old=null
2019-10-17 07:42:00,355 [cbde3520-0cea-4357-bb04-1a0ae64b2bb1@group-7EB39FB5DF22-LeaderElection225] INFO  impl.RaftServerImpl (RaftServerImpl.java:setRole(184)) - cbde3520-0cea-4357-bb04-1a0ae64b2bb1@group-7EB39FB5DF22: changes role from CANDIDATE to FOLLOWER at term 237 for DISCOVERED_A_NEW_TERM
2019-10-17 07:42:00,355 [cbde3520-0cea-4357-bb04-1a0ae64b2bb1@group-7EB39FB5DF22-LeaderElection225] INFO  impl.RoleInfo (RoleInfo.java:shutdownLeaderElection(134)) - cbde3520-0cea-4357-bb04-1a0ae64b2bb1: shutdown LeaderElection
2019-10-17 07:42:00,355 [cbde3520-0cea-4357-bb04-1a0ae64b2bb1@group-7EB39FB5DF22-LeaderElection225] INFO  impl.RoleInfo (RoleInfo.java:updateAndGet(143)) - cbde3520-0cea-4357-bb04-1a0ae64b2bb1: start FollowerState
2019-10-17 07:42:00,432 [Thread-1696] INFO  impl.FollowerState (FollowerState.java:run(108)) - cbde3520-0cea-4357-bb04-1a0ae64b2bb1@group-7EB39FB5DF22-FollowerState: change to CANDIDATE, lastRpcTime:76ms, electionTimeout:76ms
2019-10-17 07:42:00,432 [Thread-1696] INFO  impl.RoleInfo (RoleInfo.java:shutdownFollowerState(121)) - cbde3520-0cea-4357-bb04-1a0ae64b2bb1: shutdown FollowerState
2019-10-17 07:42:00,432 [Thread-1696] INFO  impl.RaftServerImpl (RaftServerImpl.java:setRole(184)) - cbde3520-0cea-4357-bb04-1a0ae64b2bb1@group-7EB39FB5DF22: changes role from  FOLLOWER to CANDIDATE at term 237 for changeToCandidate
2019-10-17 07:42:00,432 [Thread-1696] INFO  impl.RoleInfo (RoleInfo.java:updateAndGet(143)) - cbde3520-0cea-4357-bb04-1a0ae64b2bb1: start LeaderElection
2019-10-17 07:42:00,450 [cbde3520-0cea-4357-bb04-1a0ae64b2bb1@group-7EB39FB5DF22-LeaderElection226] INFO  impl.LeaderElection (LeaderElection.java:askForVotes(178)) - cbde3520-0cea-4357-bb04-1a0ae64b2bb1@group-7EB39FB5DF22-LeaderElection226: begin an election at term 238 for -1: [40d2d32e-dd25-45df-8070-f9dc56ccf0a7:192.168.34.62:41633, cbde3520-0cea-4357-bb04-1a0ae64b2bb1:192.168.34.62:41642, 443b071d-6096-48d6-bfe7-498b7c8032c0:192.168.34.62:46516], old=null
2019-10-17 07:42:00,453 [grpc-default-executor-4] INFO  impl.RaftServerImpl (RaftServerImpl.java:setRole(184)) - 40d2d32e-dd25-45df-8070-f9dc56ccf0a7@group-7EB39FB5DF22: changes role from  FOLLOWER to FOLLOWER at term 238 for recognizeCandidate:cbde3520-0cea-4357-bb04-1a0ae64b2bb1
2019-10-17 07:42:00,453 [grpc-default-executor-4] INFO  impl.RoleInfo (RoleInfo.java:shutdownFollowerState(121)) - 40d2d32e-dd25-45df-8070-f9dc56ccf0a7: shutdown FollowerState
2019-10-17 07:42:00,453 [grpc-default-executor-1] INFO  impl.RaftServerImpl (RaftServerImpl.java:setRole(184)) - 443b071d-6096-48d6-bfe7-498b7c8032c0@group-7EB39FB5DF22: changes role from  FOLLOWER to FOLLOWER at term 238 for recognizeCandidate:cbde3520-0cea-4357-bb04-1a0ae64b2bb1
2019-10-17 07:42:00,453 [Thread-1694] INFO  impl.FollowerState (FollowerState.java:run(117)) - 40d2d32e-dd25-45df-8070-f9dc56ccf0a7@group-7EB39FB5DF22-FollowerState was interrupted: java.lang.InterruptedException: sleep interrupted
2019-10-17 07:42:00,453 [grpc-default-executor-4] INFO  impl.RoleInfo (RoleInfo.java:updateAndGet(143)) - 40d2d32e-dd25-45df-8070-f9dc56ccf0a7: start FollowerState
2019-10-17 07:42:00,453 [grpc-default-executor-1] INFO  impl.RoleInfo (RoleInfo.java:shutdownFollowerState(121)) - 443b071d-6096-48d6-bfe7-498b7c8032c0: shutdown FollowerState
2019-10-17 07:42:00,454 [grpc-default-executor-1] INFO  impl.RoleInfo (RoleInfo.java:updateAndGet(143)) - 443b071d-6096-48d6-bfe7-498b7c8032c0: start FollowerState
2019-10-17 07:42:00,454 [Thread-1695] INFO  impl.FollowerState (FollowerState.java:run(117)) - 443b071d-6096-48d6-bfe7-498b7c8032c0@group-7EB39FB5DF22-FollowerState was interrupted: java.lang.InterruptedException: sleep interrupted
2019-10-17 07:42:00,493 [cbde3520-0cea-4357-bb04-1a0ae64b2bb1@group-7EB39FB5DF22-LeaderElection226] INFO  impl.LeaderElection (LeaderElection.java:logAndReturn(56)) - cbde3520-0cea-4357-bb04-1a0ae64b2bb1@group-7EB39FB5DF22-LeaderElection226: Election REJECTED; received 2 response(s) [cbde3520-0cea-4357-bb04-1a0ae64b2bb1<-40d2d32e-dd25-45df-8070-f9dc56ccf0a7#0:FAIL-t238, cbde3520-0cea-4357-bb04-1a0ae64b2bb1<-443b071d-6096-48d6-bfe7-498b7c8032c0#0:FAIL-t238] and 0 exception(s); cbde3520-0cea-4357-bb04-1a0ae64b2bb1@group-7EB39FB5DF22:t238, leader=null, voted=cbde3520-0cea-4357-bb04-1a0ae64b2bb1, raftlog=cbde3520-0cea-4357-bb04-1a0ae64b2bb1@group-7EB39FB5DF22-SegmentedRaftLog:OPENED:c-1,f-1,i0, conf=-1: [40d2d32e-dd25-45df-8070-f9dc56ccf0a7:192.168.34.62:41633, cbde3520-0cea-4357-bb04-1a0ae64b2bb1:192.168.34.62:41642, 443b071d-6096-48d6-bfe7-498b7c8032c0:192.168.34.62:46516], old=null
2019-10-17 07:42:00,493 [cbde3520-0cea-4357-bb04-1a0ae64b2bb1@group-7EB39FB5DF22-LeaderElection226] INFO  impl.RaftServerImpl (RaftServerImpl.java:setRole(184)) - cbde3520-0cea-4357-bb04-1a0ae64b2bb1@group-7EB39FB5DF22: changes role from CANDIDATE to FOLLOWER at term 238 for DISCOVERED_A_NEW_TERM
2019-10-17 07:42:00,493 [cbde3520-0cea-4357-bb04-1a0ae64b2bb1@group-7EB39FB5DF22-LeaderElection226] INFO  impl.RoleInfo (RoleInfo.java:shutdownLeaderElection(134)) - cbde3520-0cea-4357-bb04-1a0ae64b2bb1: shutdown LeaderElection
2019-10-17 07:42:00,493 [cbde3520-0cea-4357-bb04-1a0ae64b2bb1@group-7EB39FB5DF22-LeaderElection226] INFO  impl.RoleInfo (RoleInfo.java:updateAndGet(143)) - cbde3520-0cea-4357-bb04-1a0ae64b2bb1: start FollowerState
2019-10-17 07:42:00,655 [Thread-1702] INFO  impl.FollowerState (FollowerState.java:run(108)) - cbde3520-0cea-4357-bb04-1a0ae64b2bb1@group-7EB39FB5DF22-FollowerState: change to CANDIDATE, lastRpcTime:161ms, electionTimeout:161ms
2019-10-17 07:42:00,655 [Thread-1702] INFO  impl.RoleInfo (RoleInfo.java:shutdownFollowerState(121)) - cbde3520-0cea-4357-bb04-1a0ae64b2bb1: shutdown FollowerState
2019-10-17 07:42:00,655 [Thread-1702] INFO  impl.RaftServerImpl (RaftServerImpl.java:setRole(184)) - cbde3520-0cea-4357-bb04-1a0ae64b2bb1@group-7EB39FB5DF22: changes role from  FOLLOWER to CANDIDATE at term 238 for changeToCandidate
2019-10-17 07:42:00,656 [Thread-1702] INFO  impl.RoleInfo (RoleInfo.java:updateAndGet(143)) - cbde3520-0cea-4357-bb04-1a0ae64b2bb1: start LeaderElection
2019-10-17 07:42:00,680 [cbde3520-0cea-4357-bb04-1a0ae64b2bb1@group-7EB39FB5DF22-LeaderElection227] INFO  impl.LeaderElection (LeaderElection.java:askForVotes(178)) - cbde3520-0cea-4357-bb04-1a0ae64b2bb1@group-7EB39FB5DF22-LeaderElection227: begin an election at term 239 for -1: [40d2d32e-dd25-45df-8070-f9dc56ccf0a7:192.168.34.62:41633, cbde3520-0cea-4357-bb04-1a0ae64b2bb1:192.168.34.62:41642, 443b071d-6096-48d6-bfe7-498b7c8032c0:192.168.34.62:46516], old=null
2019-10-17 07:42:00,682 [grpc-default-executor-4] INFO  impl.RaftServerImpl (RaftServerImpl.java:setRole(184)) - 40d2d32e-dd25-45df-8070-f9dc56ccf0a7@group-7EB39FB5DF22: changes role from  FOLLOWER to FOLLOWER at term 239 for recognizeCandidate:cbde3520-0cea-4357-bb04-1a0ae64b2bb1
2019-10-17 07:42:00,683 [grpc-default-executor-4] INFO  impl.RoleInfo (RoleInfo.java:shutdownFollowerState(121)) - 40d2d32e-dd25-45df-8070-f9dc56ccf0a7: shutdown FollowerState
2019-10-17 07:42:00,683 [grpc-default-executor-4] INFO  impl.RoleInfo (RoleInfo.java:updateAndGet(143)) - 40d2d32e-dd25-45df-8070-f9dc56ccf0a7: start FollowerState
2019-10-17 07:42:00,683 [grpc-default-executor-1] INFO  impl.RaftServerImpl (RaftServerImpl.java:setRole(184)) - 443b071d-6096-48d6-bfe7-498b7c8032c0@group-7EB39FB5DF22: changes role from  FOLLOWER to FOLLOWER at term 239 for recognizeCandidate:cbde3520-0cea-4357-bb04-1a0ae64b2bb1
2019-10-17 07:42:00,683 [grpc-default-executor-1] INFO  impl.RoleInfo (RoleInfo.java:shutdownFollowerState(121)) - 443b071d-6096-48d6-bfe7-498b7c8032c0: shutdown FollowerState
2019-10-17 07:42:00,683 [Thread-1700] INFO  impl.FollowerState (FollowerState.java:run(117)) - 40d2d32e-dd25-45df-8070-f9dc56ccf0a7@group-7EB39FB5DF22-FollowerState was interrupted: java.lang.InterruptedException: sleep interrupted
2019-10-17 07:42:00,683 [Thread-1701] INFO  impl.FollowerState (FollowerState.java:run(117)) - 443b071d-6096-48d6-bfe7-498b7c8032c0@group-7EB39FB5DF22-FollowerState was interrupted: java.lang.InterruptedException: sleep interrupted
2019-10-17 07:42:00,683 [grpc-default-executor-1] INFO  impl.RoleInfo (RoleInfo.java:updateAndGet(143)) - 443b071d-6096-48d6-bfe7-498b7c8032c0: start FollowerState
2019-10-17 07:42:00,698 [cbde3520-0cea-4357-bb04-1a0ae64b2bb1@group-7EB39FB5DF22-LeaderElection227] INFO  impl.LeaderElection (LeaderElection.java:logAndReturn(56)) - cbde3520-0cea-4357-bb04-1a0ae64b2bb1@group-7EB39FB5DF22-LeaderElection227: Election TIMEOUT; received 0 response(s) [] and 0 exception(s); cbde3520-0cea-4357-bb04-1a0ae64b2bb1@group-7EB39FB5DF22:t239, leader=null, voted=cbde3520-0cea-4357-bb04-1a0ae64b2bb1, raftlog=cbde3520-0cea-4357-bb04-1a0ae64b2bb1@group-7EB39FB5DF22-SegmentedRaftLog:OPENED:c-1,f-1,i0, conf=-1: [40d2d32e-dd25-45df-8070-f9dc56ccf0a7:192.168.34.62:41633, cbde3520-0cea-4357-bb04-1a0ae64b2bb1:192.168.34.62:41642, 443b071d-6096-48d6-bfe7-498b7c8032c0:192.168.34.62:46516], old=null
2019-10-17 07:42:00,725 [cbde3520-0cea-4357-bb04-1a0ae64b2bb1@group-7EB39FB5DF22-LeaderElection227] INFO  impl.LeaderElection (LeaderElection.java:askForVotes(178)) - cbde3520-0cea-4357-bb04-1a0ae64b2bb1@group-7EB39FB5DF22-LeaderElection227: begin an election at term 240 for -1: [40d2d32e-dd25-45df-8070-f9dc56ccf0a7:192.168.34.62:41633, cbde3520-0cea-4357-bb04-1a0ae64b2bb1:192.168.34.62:41642, 443b071d-6096-48d6-bfe7-498b7c8032c0:192.168.34.62:46516], old=null
2019-10-17 07:42:00,728 [grpc-default-executor-1] INFO  impl.RaftServerImpl (RaftServerImpl.java:setRole(184)) - 40d2d32e-dd25-45df-8070-f9dc56ccf0a7@group-7EB39FB5DF22: changes role from  FOLLOWER to FOLLOWER at term 240 for recognizeCandidate:cbde3520-0cea-4357-bb04-1a0ae64b2bb1
2019-10-17 07:42:00,728 [grpc-default-executor-1] INFO  impl.RoleInfo (RoleInfo.java:shutdownFollowerState(121)) - 40d2d32e-dd25-45df-8070-f9dc56ccf0a7: shutdown FollowerState
2019-10-17 07:42:00,728 [grpc-default-executor-1] INFO  impl.RoleInfo (RoleInfo.java:updateAndGet(143)) - 40d2d32e-dd25-45df-8070-f9dc56ccf0a7: start FollowerState
2019-10-17 07:42:00,728 [Thread-1706] INFO  impl.FollowerState (FollowerState.java:run(117)) - 40d2d32e-dd25-45df-8070-f9dc56ccf0a7@group-7EB39FB5DF22-FollowerState was interrupted: java.lang.InterruptedException: sleep interrupted
2019-10-17 07:42:00,728 [grpc-default-executor-4] INFO  impl.RaftServerImpl (RaftServerImpl.java:setRole(184)) - 443b071d-6096-48d6-bfe7-498b7c8032c0@group-7EB39FB5DF22: changes role from  FOLLOWER to FOLLOWER at term 240 for recognizeCandidate:cbde3520-0cea-4357-bb04-1a0ae64b2bb1
2019-10-17 07:42:00,729 [grpc-default-executor-4] INFO  impl.RoleInfo (RoleInfo.java:shutdownFollowerState(121)) - 443b071d-6096-48d6-bfe7-498b7c8032c0: shutdown FollowerState
2019-10-17 07:42:00,729 [grpc-default-executor-4] INFO  impl.RoleInfo (RoleInfo.java:updateAndGet(143)) - 443b071d-6096-48d6-bfe7-498b7c8032c0: start FollowerState
2019-10-17 07:42:00,729 [Thread-1707] INFO  impl.FollowerState (FollowerState.java:run(117)) - 443b071d-6096-48d6-bfe7-498b7c8032c0@group-7EB39FB5DF22-FollowerState was interrupted: java.lang.InterruptedException: sleep interrupted
2019-10-17 07:42:00,735 [cbde3520-0cea-4357-bb04-1a0ae64b2bb1@group-7EB39FB5DF22-LeaderElection227] INFO  impl.LeaderElection (LeaderElection.java:logAndReturn(56)) - cbde3520-0cea-4357-bb04-1a0ae64b2bb1@group-7EB39FB5DF22-LeaderElection227: Election TIMEOUT; received 0 response(s) [] and 0 exception(s); cbde3520-0cea-4357-bb04-1a0ae64b2bb1@group-7EB39FB5DF22:t240, leader=null, voted=cbde3520-0cea-4357-bb04-1a0ae64b2bb1, raftlog=cbde3520-0cea-4357-bb04-1a0ae64b2bb1@group-7EB39FB5DF22-SegmentedRaftLog:OPENED:c-1,f-1,i0, conf=-1: [40d2d32e-dd25-45df-8070-f9dc56ccf0a7:192.168.34.62:41633, cbde3520-0cea-4357-bb04-1a0ae64b2bb1:192.168.34.62:41642, 443b071d-6096-48d6-bfe7-498b7c8032c0:192.168.34.62:46516], old=null
2019-10-17 07:42:00,742 [cbde3520-0cea-4357-bb04-1a0ae64b2bb1@group-7EB39FB5DF22-LeaderElection227] INFO  impl.LeaderElection (LeaderElection.java:askForVotes(178)) - cbde3520-0cea-4357-bb04-1a0ae64b2bb1@group-7EB39FB5DF22-LeaderElection227: begin an election at term 241 for -1: [40d2d32e-dd25-45df-8070-f9dc56ccf0a7:192.168.34.62:41633, cbde3520-0cea-4357-bb04-1a0ae64b2bb1:192.168.34.62:41642, 443b071d-6096-48d6-bfe7-498b7c8032c0:192.168.34.62:46516], old=null
2019-10-17 07:42:00,745 [grpc-default-executor-4] INFO  impl.RaftServerImpl (RaftServerImpl.java:setRole(184)) - 40d2d32e-dd25-45df-8070-f9dc56ccf0a7@group-7EB39FB5DF22: changes role from  FOLLOWER to FOLLOWER at term 241 for recognizeCandidate:cbde3520-0cea-4357-bb04-1a0ae64b2bb1
2019-10-17 07:42:00,745 [grpc-default-executor-4] INFO  impl.RoleInfo (RoleInfo.java:shutdownFollowerState(121)) - 40d2d32e-dd25-45df-8070-f9dc56ccf0a7: shutdown FollowerState
2019-10-17 07:42:00,745 [grpc-default-executor-1] INFO  impl.RaftServerImpl (RaftServerImpl.java:setRole(184)) - 443b071d-6096-48d6-bfe7-498b7c8032c0@group-7EB39FB5DF22: changes role from  FOLLOWER to FOLLOWER at term 241 for recognizeCandidate:cbde3520-0cea-4357-bb04-1a0ae64b2bb1
2019-10-17 07:42:00,745 [grpc-default-executor-1] INFO  impl.RoleInfo (RoleInfo.java:shutdownFollowerState(121)) - 443b071d-6096-48d6-bfe7-498b7c8032c0: shutdown FollowerState
2019-10-17 07:42:00,745 [Thread-1710] INFO  impl.FollowerState (FollowerState.java:run(117)) - 40d2d32e-dd25-45df-8070-f9dc56ccf0a7@group-7EB39FB5DF22-FollowerState was interrupted: java.lang.InterruptedException: sleep interrupted
2019-10-17 07:42:00,745 [grpc-default-executor-4] INFO  impl.RoleInfo (RoleInfo.java:updateAndGet(143)) - 40d2d32e-dd25-45df-8070-f9dc56ccf0a7: start FollowerState
2019-10-17 07:42:00,746 [Thread-1711] INFO  impl.FollowerState (FollowerState.java:run(117)) - 443b071d-6096-48d6-bfe7-498b7c8032c0@group-7EB39FB5DF22-FollowerState was interrupted: java.lang.InterruptedException: sleep interrupted
2019-10-17 07:42:00,746 [grpc-default-executor-1] INFO  impl.RoleInfo (RoleInfo.java:updateAndGet(143)) - 443b071d-6096-48d6-bfe7-498b7c8032c0: start FollowerState
2019-10-17 07:42:00,783 [cbde3520-0cea-4357-bb04-1a0ae64b2bb1@group-7EB39FB5DF22-LeaderElection227] INFO  impl.LeaderElection (LeaderElection.java:logAndReturn(56)) - cbde3520-0cea-4357-bb04-1a0ae64b2bb1@group-7EB39FB5DF22-LeaderElection227: Election REJECTED; received 2 response(s) [cbde3520-0cea-4357-bb04-1a0ae64b2bb1<-40d2d32e-dd25-45df-8070-f9dc56ccf0a7#0:FAIL-t241, cbde3520-0cea-4357-bb04-1a0ae64b2bb1<-443b071d-6096-48d6-bfe7-498b7c8032c0#0:FAIL-t241] and 0 exception(s); cbde3520-0cea-4357-bb04-1a0ae64b2bb1@group-7EB39FB5DF22:t241, leader=null, voted=cbde3520-0cea-4357-bb04-1a0ae64b2bb1, raftlog=cbde3520-0cea-4357-bb04-1a0ae64b2bb1@group-7EB39FB5DF22-SegmentedRaftLog:OPENED:c-1,f-1,i0, conf=-1: [40d2d32e-dd25-45df-8070-f9dc56ccf0a7:192.168.34.62:41633, cbde3520-0cea-4357-bb04-1a0ae64b2bb1:192.168.34.62:41642, 443b071d-6096-48d6-bfe7-498b7c8032c0:192.168.34.62:46516], old=null
2019-10-17 07:42:00,783 [cbde3520-0cea-4357-bb04-1a0ae64b2bb1@group-7EB39FB5DF22-LeaderElection227] INFO  impl.RaftServerImpl (RaftServerImpl.java:setRole(184)) - cbde3520-0cea-4357-bb04-1a0ae64b2bb1@group-7EB39FB5DF22: changes role from CANDIDATE to FOLLOWER at term 241 for DISCOVERED_A_NEW_TERM
2019-10-17 07:42:00,783 [cbde3520-0cea-4357-bb04-1a0ae64b2bb1@group-7EB39FB5DF22-LeaderElection227] INFO  impl.RoleInfo (RoleInfo.java:shutdownLeaderElection(134)) - cbde3520-0cea-4357-bb04-1a0ae64b2bb1: shutdown LeaderElection
2019-10-17 07:42:00,783 [cbde3520-0cea-4357-bb04-1a0ae64b2bb1@group-7EB39FB5DF22-LeaderElection227] INFO  impl.RoleInfo (RoleInfo.java:updateAndGet(143)) - cbde3520-0cea-4357-bb04-1a0ae64b2bb1: start FollowerState
2019-10-17 07:42:00,980 [Thread-1716] INFO  impl.FollowerState (FollowerState.java:run(108)) - cbde3520-0cea-4357-bb04-1a0ae64b2bb1@group-7EB39FB5DF22-FollowerState: change to CANDIDATE, lastRpcTime:196ms, electionTimeout:196ms
2019-10-17 07:42:00,980 [Thread-1716] INFO  impl.RoleInfo (RoleInfo.java:shutdownFollowerState(121)) - cbde3520-0cea-4357-bb04-1a0ae64b2bb1: shutdown FollowerState
2019-10-17 07:42:00,980 [Thread-1716] INFO  impl.RaftServerImpl (RaftServerImpl.java:setRole(184)) - cbde3520-0cea-4357-bb04-1a0ae64b2bb1@group-7EB39FB5DF22: changes role from  FOLLOWER to CANDIDATE at term 241 for changeToCandidate
2019-10-17 07:42:00,981 [Thread-1716] INFO  impl.RoleInfo (RoleInfo.java:updateAndGet(143)) - cbde3520-0cea-4357-bb04-1a0ae64b2bb1: start LeaderElection
2019-10-17 07:42:01,004 [cbde3520-0cea-4357-bb04-1a0ae64b2bb1@group-7EB39FB5DF22-LeaderElection228] INFO  impl.LeaderElection (LeaderElection.java:askForVotes(178)) - cbde3520-0cea-4357-bb04-1a0ae64b2bb1@group-7EB39FB5DF22-LeaderElection228: begin an election at term 242 for -1: [40d2d32e-dd25-45df-8070-f9dc56ccf0a7:192.168.34.62:41633, cbde3520-0cea-4357-bb04-1a0ae64b2bb1:192.168.34.62:41642, 443b071d-6096-48d6-bfe7-498b7c8032c0:192.168.34.62:46516], old=null
2019-10-17 07:42:01,007 [grpc-default-executor-4] INFO  impl.RaftServerImpl (RaftServerImpl.java:setRole(184)) - 40d2d32e-dd25-45df-8070-f9dc56ccf0a7@group-7EB39FB5DF22: changes role from  FOLLOWER to FOLLOWER at term 242 for recognizeCandidate:cbde3520-0cea-4357-bb04-1a0ae64b2bb1
2019-10-17 07:42:01,007 [grpc-default-executor-1] INFO  impl.RaftServerImpl (RaftServerImpl.java:setRole(184)) - 443b071d-6096-48d6-bfe7-498b7c8032c0@group-7EB39FB5DF22: changes role from  FOLLOWER to FOLLOWER at term 242 for recognizeCandidate:cbde3520-0cea-4357-bb04-1a0ae64b2bb1
2019-10-17 07:42:01,007 [grpc-default-executor-4] INFO  impl.RoleInfo (RoleInfo.java:shutdownFollowerState(121)) - 40d2d32e-dd25-45df-8070-f9dc56ccf0a7: shutdown FollowerState
2019-10-17 07:42:01,008 [grpc-default-executor-1] INFO  impl.RoleInfo (RoleInfo.java:shutdownFollowerState(121)) - 443b071d-6096-48d6-bfe7-498b7c8032c0: shutdown FollowerState
2019-10-17 07:42:01,008 [Thread-1714] INFO  impl.FollowerState (FollowerState.java:run(117)) - 40d2d32e-dd25-45df-8070-f9dc56ccf0a7@group-7EB39FB5DF22-FollowerState was interrupted: java.lang.InterruptedException: sleep interrupted
2019-10-17 07:42:01,008 [grpc-default-executor-4] INFO  impl.RoleInfo (RoleInfo.java:updateAndGet(143)) - 40d2d32e-dd25-45df-8070-f9dc56ccf0a7: start FollowerState
2019-10-17 07:42:01,008 [Thread-1715] INFO  impl.FollowerState (FollowerState.java:run(117)) - 443b071d-6096-48d6-bfe7-498b7c8032c0@group-7EB39FB5DF22-FollowerState was interrupted: java.lang.InterruptedException: sleep interrupted
2019-10-17 07:42:01,008 [grpc-default-executor-1] INFO  impl.RoleInfo (RoleInfo.java:updateAndGet(143)) - 443b071d-6096-48d6-bfe7-498b7c8032c0: start FollowerState
2019-10-17 07:42:01,033 [cbde3520-0cea-4357-bb04-1a0ae64b2bb1@group-7EB39FB5DF22-LeaderElection228] INFO  impl.LeaderElection (LeaderElection.java:logAndReturn(56)) - cbde3520-0cea-4357-bb04-1a0ae64b2bb1@group-7EB39FB5DF22-LeaderElection228: Election REJECTED; received 2 response(s) [cbde3520-0cea-4357-bb04-1a0ae64b2bb1<-40d2d32e-dd25-45df-8070-f9dc56ccf0a7#0:FAIL-t242, cbde3520-0cea-4357-bb04-1a0ae64b2bb1<-443b071d-6096-48d6-bfe7-498b7c8032c0#0:FAIL-t242] and 0 exception(s); cbde3520-0cea-4357-bb04-1a0ae64b2bb1@group-7EB39FB5DF22:t242, leader=null, voted=cbde3520-0cea-4357-bb04-1a0ae64b2bb1, raftlog=cbde3520-0cea-4357-bb04-1a0ae64b2bb1@group-7EB39FB5DF22-SegmentedRaftLog:OPENED:c-1,f-1,i0, conf=-1: [40d2d32e-dd25-45df-8070-f9dc56ccf0a7:192.168.34.62:41633, cbde3520-0cea-4357-bb04-1a0ae64b2bb1:192.168.34.62:41642, 443b071d-6096-48d6-bfe7-498b7c8032c0:192.168.34.62:46516], old=null
2019-10-17 07:42:01,034 [cbde3520-0cea-4357-bb04-1a0ae64b2bb1@group-7EB39FB5DF22-LeaderElection228] INFO  impl.RaftServerImpl (RaftServerImpl.java:setRole(184)) - cbde3520-0cea-4357-bb04-1a0ae64b2bb1@group-7EB39FB5DF22: changes role from CANDIDATE to FOLLOWER at term 242 for DISCOVERED_A_NEW_TERM
2019-10-17 07:42:01,034 [cbde3520-0cea-4357-bb04-1a0ae64b2bb1@group-7EB39FB5DF22-LeaderElection228] INFO  impl.RoleInfo (RoleInfo.java:shutdownLeaderElection(134)) - cbde3520-0cea-4357-bb04-1a0ae64b2bb1: shutdown LeaderElection
2019-10-17 07:42:01,034 [cbde3520-0cea-4357-bb04-1a0ae64b2bb1@group-7EB39FB5DF22-LeaderElection228] INFO  impl.RoleInfo (RoleInfo.java:updateAndGet(143)) - cbde3520-0cea-4357-bb04-1a0ae64b2bb1: start FollowerState
2019-10-17 07:42:01,040 [Thread-1722] INFO  impl.FollowerState (FollowerState.java:run(108)) - cbde3520-0cea-4357-bb04-1a0ae64b2bb1@group-7EB39FB5DF22-FollowerState: change to CANDIDATE, lastRpcTime:6ms, electionTimeout:6ms
2019-10-17 07:42:01,040 [Thread-1722] INFO  impl.RoleInfo (RoleInfo.java:shutdownFollowerState(121)) - cbde3520-0cea-4357-bb04-1a0ae64b2bb1: shutdown FollowerState
2019-10-17 07:42:01,041 [Thread-1722] INFO  impl.RaftServerImpl (RaftServerImpl.java:setRole(184)) - cbde3520-0cea-4357-bb04-1a0ae64b2bb1@group-7EB39FB5DF22: changes role from  FOLLOWER to CANDIDATE at term 242 for changeToCandidate
2019-10-17 07:42:01,041 [Thread-1722] INFO  impl.RoleInfo (RoleInfo.java:updateAndGet(143)) - cbde3520-0cea-4357-bb04-1a0ae64b2bb1: start LeaderElection
2019-10-17 07:42:01,065 [cbde3520-0cea-4357-bb04-1a0ae64b2bb1@group-7EB39FB5DF22-LeaderElection229] INFO  impl.LeaderElection (LeaderElection.java:askForVotes(178)) - cbde3520-0cea-4357-bb04-1a0ae64b2bb1@group-7EB39FB5DF22-LeaderElection229: begin an election at term 243 for -1: [40d2d32e-dd25-45df-8070-f9dc56ccf0a7:192.168.34.62:41633, cbde3520-0cea-4357-bb04-1a0ae64b2bb1:192.168.34.62:41642, 443b071d-6096-48d6-bfe7-498b7c8032c0:192.168.34.62:46516], old=null
2019-10-17 07:42:01,067 [grpc-default-executor-4] INFO  impl.RaftServerImpl (RaftServerImpl.java:setRole(184)) - 40d2d32e-dd25-45df-8070-f9dc56ccf0a7@group-7EB39FB5DF22: changes role from  FOLLOWER to FOLLOWER at term 243 for recognizeCandidate:cbde3520-0cea-4357-bb04-1a0ae64b2bb1
2019-10-17 07:42:01,067 [grpc-default-executor-4] INFO  impl.RoleInfo (RoleInfo.java:shutdownFollowerState(121)) - 40d2d32e-dd25-45df-8070-f9dc56ccf0a7: shutdown FollowerState
2019-10-17 07:42:01,067 [grpc-default-executor-4] INFO  impl.RoleInfo (RoleInfo.java:updateAndGet(143)) - 40d2d32e-dd25-45df-8070-f9dc56ccf0a7: start FollowerState
2019-10-17 07:42:01,067 [Thread-1720] INFO  impl.FollowerState (FollowerState.java:run(117)) - 40d2d32e-dd25-45df-8070-f9dc56ccf0a7@group-7EB39FB5DF22-FollowerState was interrupted: java.lang.InterruptedException: sleep interrupted
2019-10-17 07:42:01,067 [grpc-default-executor-1] INFO  impl.RaftServerImpl (RaftServerImpl.java:setRole(184)) - 443b071d-6096-48d6-bfe7-498b7c8032c0@group-7EB39FB5DF22: changes role from  FOLLOWER to FOLLOWER at term 243 for recognizeCandidate:cbde3520-0cea-4357-bb04-1a0ae64b2bb1
2019-10-17 07:42:01,068 [grpc-default-executor-1] INFO  impl.RoleInfo (RoleInfo.java:shutdownFollowerState(121)) - 443b071d-6096-48d6-bfe7-498b7c8032c0: shutdown FollowerState
2019-10-17 07:42:01,068 [grpc-default-executor-1] INFO  impl.RoleInfo (RoleInfo.java:updateAndGet(143)) - 443b071d-6096-48d6-bfe7-498b7c8032c0: start FollowerState
2019-10-17 07:42:01,068 [Thread-1721] INFO  impl.FollowerState (FollowerState.java:run(117)) - 443b071d-6096-48d6-bfe7-498b7c8032c0@group-7EB39FB5DF22-FollowerState was interrupted: java.lang.InterruptedException: sleep interrupted
2019-10-17 07:42:01,082 [cbde3520-0cea-4357-bb04-1a0ae64b2bb1@group-7EB39FB5DF22-LeaderElection229] INFO  impl.LeaderElection (LeaderElection.java:logAndReturn(56)) - cbde3520-0cea-4357-bb04-1a0ae64b2bb1@group-7EB39FB5DF22-LeaderElection229: Election REJECTED; received 2 response(s) [cbde3520-0cea-4357-bb04-1a0ae64b2bb1<-40d2d32e-dd25-45df-8070-f9dc56ccf0a7#0:FAIL-t243, cbde3520-0cea-4357-bb04-1a0ae64b2bb1<-443b071d-6096-48d6-bfe7-498b7c8032c0#0:FAIL-t243] and 0 exception(s); cbde3520-0cea-4357-bb04-1a0ae64b2bb1@group-7EB39FB5DF22:t243, leader=null, voted=cbde3520-0cea-4357-bb04-1a0ae64b2bb1, raftlog=cbde3520-0cea-4357-bb04-1a0ae64b2bb1@group-7EB39FB5DF22-SegmentedRaftLog:OPENED:c-1,f-1,i0, conf=-1: [40d2d32e-dd25-45df-8070-f9dc56ccf0a7:192.168.34.62:41633, cbde3520-0cea-4357-bb04-1a0ae64b2bb1:192.168.34.62:41642, 443b071d-6096-48d6-bfe7-498b7c8032c0:192.168.34.62:46516], old=null
2019-10-17 07:42:01,082 [cbde3520-0cea-4357-bb04-1a0ae64b2bb1@group-7EB39FB5DF22-LeaderElection229] INFO  impl.RaftServerImpl (RaftServerImpl.java:setRole(184)) - cbde3520-0cea-4357-bb04-1a0ae64b2bb1@group-7EB39FB5DF22: changes role from CANDIDATE to FOLLOWER at term 243 for DISCOVERED_A_NEW_TERM
2019-10-17 07:42:01,082 [cbde3520-0cea-4357-bb04-1a0ae64b2bb1@group-7EB39FB5DF22-LeaderElection229] INFO  impl.RoleInfo (RoleInfo.java:shutdownLeaderElection(134)) - cbde3520-0cea-4357-bb04-1a0ae64b2bb1: shutdown LeaderElection
2019-10-17 07:42:01,083 [cbde3520-0cea-4357-bb04-1a0ae64b2bb1@group-7EB39FB5DF22-LeaderElection229] INFO  impl.RoleInfo (RoleInfo.java:updateAndGet(143)) - cbde3520-0cea-4357-bb04-1a0ae64b2bb1: start FollowerState
2019-10-17 07:42:01,218 [main] INFO  ozone.MiniOzoneClusterImpl (MiniOzoneClusterImpl.java:lambda$waitForClusterToBeReady$2(164)) - Waiting for 1 number of pipelines out of 5, to report a leader.
2019-10-17 07:42:01,250 [Thread-1728] INFO  impl.FollowerState (FollowerState.java:run(108)) - cbde3520-0cea-4357-bb04-1a0ae64b2bb1@group-7EB39FB5DF22-FollowerState: change to CANDIDATE, lastRpcTime:167ms, electionTimeout:167ms
2019-10-17 07:42:01,250 [Thread-1728] INFO  impl.RoleInfo (RoleInfo.java:shutdownFollowerState(121)) - cbde3520-0cea-4357-bb04-1a0ae64b2bb1: shutdown FollowerState
2019-10-17 07:42:01,250 [Thread-1728] INFO  impl.RaftServerImpl (RaftServerImpl.java:setRole(184)) - cbde3520-0cea-4357-bb04-1a0ae64b2bb1@group-7EB39FB5DF22: changes role from  FOLLOWER to CANDIDATE at term 243 for changeToCandidate
2019-10-17 07:42:01,251 [Thread-1728] INFO  impl.RoleInfo (RoleInfo.java:updateAndGet(143)) - cbde3520-0cea-4357-bb04-1a0ae64b2bb1: start LeaderElection
2019-10-17 07:42:01,275 [cbde3520-0cea-4357-bb04-1a0ae64b2bb1@group-7EB39FB5DF22-LeaderElection230] INFO  impl.LeaderElection (LeaderElection.java:askForVotes(178)) - cbde3520-0cea-4357-bb04-1a0ae64b2bb1@group-7EB39FB5DF22-LeaderElection230: begin an election at term 244 for -1: [40d2d32e-dd25-45df-8070-f9dc56ccf0a7:192.168.34.62:41633, cbde3520-0cea-4357-bb04-1a0ae64b2bb1:192.168.34.62:41642, 443b071d-6096-48d6-bfe7-498b7c8032c0:192.168.34.62:46516], old=null
2019-10-17 07:42:01,277 [grpc-default-executor-1] INFO  impl.RaftServerImpl (RaftServerImpl.java:setRole(184)) - 40d2d32e-dd25-45df-8070-f9dc56ccf0a7@group-7EB39FB5DF22: changes role from  FOLLOWER to FOLLOWER at term 244 for recognizeCandidate:cbde3520-0cea-4357-bb04-1a0ae64b2bb1
2019-10-17 07:42:01,277 [grpc-default-executor-1] INFO  impl.RoleInfo (RoleInfo.java:shutdownFollowerState(121)) - 40d2d32e-dd25-45df-8070-f9dc56ccf0a7: shutdown FollowerState
2019-10-17 07:42:01,278 [grpc-default-executor-1] INFO  impl.RoleInfo (RoleInfo.java:updateAndGet(143)) - 40d2d32e-dd25-45df-8070-f9dc56ccf0a7: start FollowerState
2019-10-17 07:42:01,278 [Thread-1726] INFO  impl.FollowerState (FollowerState.java:run(117)) - 40d2d32e-dd25-45df-8070-f9dc56ccf0a7@group-7EB39FB5DF22-FollowerState was interrupted: java.lang.InterruptedException: sleep interrupted
2019-10-17 07:42:01,278 [grpc-default-executor-4] INFO  impl.RaftServerImpl (RaftServerImpl.java:setRole(184)) - 443b071d-6096-48d6-bfe7-498b7c8032c0@group-7EB39FB5DF22: changes role from  FOLLOWER to FOLLOWER at term 244 for recognizeCandidate:cbde3520-0cea-4357-bb04-1a0ae64b2bb1
2019-10-17 07:42:01,278 [grpc-default-executor-4] INFO  impl.RoleInfo (RoleInfo.java:shutdownFollowerState(121)) - 443b071d-6096-48d6-bfe7-498b7c8032c0: shutdown FollowerState
2019-10-17 07:42:01,278 [grpc-default-executor-4] INFO  impl.RoleInfo (RoleInfo.java:updateAndGet(143)) - 443b071d-6096-48d6-bfe7-498b7c8032c0: start FollowerState
2019-10-17 07:42:01,279 [Thread-1727] INFO  impl.FollowerState (FollowerState.java:run(117)) - 443b071d-6096-48d6-bfe7-498b7c8032c0@group-7EB39FB5DF22-FollowerState was interrupted: java.lang.InterruptedException: sleep interrupted
2019-10-17 07:42:01,287 [cbde3520-0cea-4357-bb04-1a0ae64b2bb1@group-7EB39FB5DF22-LeaderElection230] INFO  impl.LeaderElection (LeaderElection.java:logAndReturn(56)) - cbde3520-0cea-4357-bb04-1a0ae64b2bb1@group-7EB39FB5DF22-LeaderElection230: Election TIMEOUT; received 0 response(s) [] and 0 exception(s); cbde3520-0cea-4357-bb04-1a0ae64b2bb1@group-7EB39FB5DF22:t244, leader=null, voted=cbde3520-0cea-4357-bb04-1a0ae64b2bb1, raftlog=cbde3520-0cea-4357-bb04-1a0ae64b2bb1@group-7EB39FB5DF22-SegmentedRaftLog:OPENED:c-1,f-1,i0, conf=-1: [40d2d32e-dd25-45df-8070-f9dc56ccf0a7:192.168.34.62:41633, cbde3520-0cea-4357-bb04-1a0ae64b2bb1:192.168.34.62:41642, 443b071d-6096-48d6-bfe7-498b7c8032c0:192.168.34.62:46516], old=null
2019-10-17 07:42:01,315 [cbde3520-0cea-4357-bb04-1a0ae64b2bb1@group-7EB39FB5DF22-LeaderElection230] INFO  impl.LeaderElection (LeaderElection.java:askForVotes(178)) - cbde3520-0cea-4357-bb04-1a0ae64b2bb1@group-7EB39FB5DF22-LeaderElection230: begin an election at term 245 for -1: [40d2d32e-dd25-45df-8070-f9dc56ccf0a7:192.168.34.62:41633, cbde3520-0cea-4357-bb04-1a0ae64b2bb1:192.168.34.62:41642, 443b071d-6096-48d6-bfe7-498b7c8032c0:192.168.34.62:46516], old=null
2019-10-17 07:42:01,317 [grpc-default-executor-4] INFO  impl.RaftServerImpl (RaftServerImpl.java:setRole(184)) - 40d2d32e-dd25-45df-8070-f9dc56ccf0a7@group-7EB39FB5DF22: changes role from  FOLLOWER to FOLLOWER at term 245 for recognizeCandidate:cbde3520-0cea-4357-bb04-1a0ae64b2bb1
2019-10-17 07:42:01,317 [grpc-default-executor-4] INFO  impl.RoleInfo (RoleInfo.java:shutdownFollowerState(121)) - 40d2d32e-dd25-45df-8070-f9dc56ccf0a7: shutdown FollowerState
2019-10-17 07:42:01,317 [grpc-default-executor-4] INFO  impl.RoleInfo (RoleInfo.java:updateAndGet(143)) - 40d2d32e-dd25-45df-8070-f9dc56ccf0a7: start FollowerState
2019-10-17 07:42:01,317 [Thread-1732] INFO  impl.FollowerState (FollowerState.java:run(117)) - 40d2d32e-dd25-45df-8070-f9dc56ccf0a7@group-7EB39FB5DF22-FollowerState was interrupted: java.lang.InterruptedException: sleep interrupted
2019-10-17 07:42:01,318 [grpc-default-executor-1] INFO  impl.RaftServerImpl (RaftServerImpl.java:setRole(184)) - 443b071d-6096-48d6-bfe7-498b7c8032c0@group-7EB39FB5DF22: changes role from  FOLLOWER to FOLLOWER at term 245 for recognizeCandidate:cbde3520-0cea-4357-bb04-1a0ae64b2bb1
2019-10-17 07:42:01,318 [grpc-default-executor-1] INFO  impl.RoleInfo (RoleInfo.java:shutdownFollowerState(121)) - 443b071d-6096-48d6-bfe7-498b7c8032c0: shutdown FollowerState
2019-10-17 07:42:01,318 [grpc-default-executor-1] INFO  impl.RoleInfo (RoleInfo.java:updateAndGet(143)) - 443b071d-6096-48d6-bfe7-498b7c8032c0: start FollowerState
2019-10-17 07:42:01,318 [Thread-1733] INFO  impl.FollowerState (FollowerState.java:run(117)) - 443b071d-6096-48d6-bfe7-498b7c8032c0@group-7EB39FB5DF22-FollowerState was interrupted: java.lang.InterruptedException: sleep interrupted
2019-10-17 07:42:01,339 [cbde3520-0cea-4357-bb04-1a0ae64b2bb1@group-7EB39FB5DF22-LeaderElection230] INFO  impl.LeaderElection (LeaderElection.java:logAndReturn(56)) - cbde3520-0cea-4357-bb04-1a0ae64b2bb1@group-7EB39FB5DF22-LeaderElection230: Election REJECTED; received 2 response(s) [cbde3520-0cea-4357-bb04-1a0ae64b2bb1<-40d2d32e-dd25-45df-8070-f9dc56ccf0a7#0:FAIL-t245, cbde3520-0cea-4357-bb04-1a0ae64b2bb1<-443b071d-6096-48d6-bfe7-498b7c8032c0#0:FAIL-t245] and 0 exception(s); cbde3520-0cea-4357-bb04-1a0ae64b2bb1@group-7EB39FB5DF22:t245, leader=null, voted=cbde3520-0cea-4357-bb04-1a0ae64b2bb1, raftlog=cbde3520-0cea-4357-bb04-1a0ae64b2bb1@group-7EB39FB5DF22-SegmentedRaftLog:OPENED:c-1,f-1,i0, conf=-1: [40d2d32e-dd25-45df-8070-f9dc56ccf0a7:192.168.34.62:41633, cbde3520-0cea-4357-bb04-1a0ae64b2bb1:192.168.34.62:41642, 443b071d-6096-48d6-bfe7-498b7c8032c0:192.168.34.62:46516], old=null
2019-10-17 07:42:01,339 [cbde3520-0cea-4357-bb04-1a0ae64b2bb1@group-7EB39FB5DF22-LeaderElection230] INFO  impl.RaftServerImpl (RaftServerImpl.java:setRole(184)) - cbde3520-0cea-4357-bb04-1a0ae64b2bb1@group-7EB39FB5DF22: changes role from CANDIDATE to FOLLOWER at term 245 for DISCOVERED_A_NEW_TERM
2019-10-17 07:42:01,339 [cbde3520-0cea-4357-bb04-1a0ae64b2bb1@group-7EB39FB5DF22-LeaderElection230] INFO  impl.RoleInfo (RoleInfo.java:shutdownLeaderElection(134)) - cbde3520-0cea-4357-bb04-1a0ae64b2bb1: shutdown LeaderElection
2019-10-17 07:42:01,339 [cbde3520-0cea-4357-bb04-1a0ae64b2bb1@group-7EB39FB5DF22-LeaderElection230] INFO  impl.RoleInfo (RoleInfo.java:updateAndGet(143)) - cbde3520-0cea-4357-bb04-1a0ae64b2bb1: start FollowerState
2019-10-17 07:42:01,394 [Thread-1738] INFO  impl.FollowerState (FollowerState.java:run(108)) - cbde3520-0cea-4357-bb04-1a0ae64b2bb1@group-7EB39FB5DF22-FollowerState: change to CANDIDATE, lastRpcTime:54ms, electionTimeout:54ms
2019-10-17 07:42:01,394 [Thread-1738] INFO  impl.RoleInfo (RoleInfo.java:shutdownFollowerState(121)) - cbde3520-0cea-4357-bb04-1a0ae64b2bb1: shutdown FollowerState
2019-10-17 07:42:01,394 [Thread-1738] INFO  impl.RaftServerImpl (RaftServerImpl.java:setRole(184)) - cbde3520-0cea-4357-bb04-1a0ae64b2bb1@group-7EB39FB5DF22: changes role from  FOLLOWER to CANDIDATE at term 245 for changeToCandidate
2019-10-17 07:42:01,394 [Thread-1738] INFO  impl.RoleInfo (RoleInfo.java:updateAndGet(143)) - cbde3520-0cea-4357-bb04-1a0ae64b2bb1: start LeaderElection
2019-10-17 07:42:01,419 [cbde3520-0cea-4357-bb04-1a0ae64b2bb1@group-7EB39FB5DF22-LeaderElection231] INFO  impl.LeaderElection (LeaderElection.java:askForVotes(178)) - cbde3520-0cea-4357-bb04-1a0ae64b2bb1@group-7EB39FB5DF22-LeaderElection231: begin an election at term 246 for -1: [40d2d32e-dd25-45df-8070-f9dc56ccf0a7:192.168.34.62:41633, cbde3520-0cea-4357-bb04-1a0ae64b2bb1:192.168.34.62:41642, 443b071d-6096-48d6-bfe7-498b7c8032c0:192.168.34.62:46516], old=null
2019-10-17 07:42:01,421 [grpc-default-executor-1] INFO  impl.RaftServerImpl (RaftServerImpl.java:setRole(184)) - 40d2d32e-dd25-45df-8070-f9dc56ccf0a7@group-7EB39FB5DF22: changes role from  FOLLOWER to FOLLOWER at term 246 for recognizeCandidate:cbde3520-0cea-4357-bb04-1a0ae64b2bb1
2019-10-17 07:42:01,421 [grpc-default-executor-1] INFO  impl.RoleInfo (RoleInfo.java:shutdownFollowerState(121)) - 40d2d32e-dd25-45df-8070-f9dc56ccf0a7: shutdown FollowerState
2019-10-17 07:42:01,421 [grpc-default-executor-4] INFO  impl.RaftServerImpl (RaftServerImpl.java:setRole(184)) - 443b071d-6096-48d6-bfe7-498b7c8032c0@group-7EB39FB5DF22: changes role from  FOLLOWER to FOLLOWER at term 246 for recognizeCandidate:cbde3520-0cea-4357-bb04-1a0ae64b2bb1
2019-10-17 07:42:01,422 [grpc-default-executor-4] INFO  impl.RoleInfo (RoleInfo.java:shutdownFollowerState(121)) - 443b071d-6096-48d6-bfe7-498b7c8032c0: shutdown FollowerState
2019-10-17 07:42:01,422 [Thread-1736] INFO  impl.FollowerState (FollowerState.java:run(117)) - 40d2d32e-dd25-45df-8070-f9dc56ccf0a7@group-7EB39FB5DF22-FollowerState was interrupted: java.lang.InterruptedException: sleep interrupted
2019-10-17 07:42:01,422 [grpc-default-executor-1] INFO  impl.RoleInfo (RoleInfo.java:updateAndGet(143)) - 40d2d32e-dd25-45df-8070-f9dc56ccf0a7: start FollowerState
2019-10-17 07:42:01,422 [grpc-default-executor-4] INFO  impl.RoleInfo (RoleInfo.java:updateAndGet(143)) - 443b071d-6096-48d6-bfe7-498b7c8032c0: start FollowerState
2019-10-17 07:42:01,422 [Thread-1737] INFO  impl.FollowerState (FollowerState.java:run(117)) - 443b071d-6096-48d6-bfe7-498b7c8032c0@group-7EB39FB5DF22-FollowerState was interrupted: java.lang.InterruptedException: sleep interrupted
2019-10-17 07:42:01,447 [cbde3520-0cea-4357-bb04-1a0ae64b2bb1@group-7EB39FB5DF22-LeaderElection231] INFO  impl.LeaderElection (LeaderElection.java:logAndReturn(56)) - cbde3520-0cea-4357-bb04-1a0ae64b2bb1@group-7EB39FB5DF22-LeaderElection231: Election REJECTED; received 2 response(s) [cbde3520-0cea-4357-bb04-1a0ae64b2bb1<-40d2d32e-dd25-45df-8070-f9dc56ccf0a7#0:FAIL-t246, cbde3520-0cea-4357-bb04-1a0ae64b2bb1<-443b071d-6096-48d6-bfe7-498b7c8032c0#0:FAIL-t246] and 0 exception(s); cbde3520-0cea-4357-bb04-1a0ae64b2bb1@group-7EB39FB5DF22:t246, leader=null, voted=cbde3520-0cea-4357-bb04-1a0ae64b2bb1, raftlog=cbde3520-0cea-4357-bb04-1a0ae64b2bb1@group-7EB39FB5DF22-SegmentedRaftLog:OPENED:c-1,f-1,i0, conf=-1: [40d2d32e-dd25-45df-8070-f9dc56ccf0a7:192.168.34.62:41633, cbde3520-0cea-4357-bb04-1a0ae64b2bb1:192.168.34.62:41642, 443b071d-6096-48d6-bfe7-498b7c8032c0:192.168.34.62:46516], old=null
2019-10-17 07:42:01,447 [cbde3520-0cea-4357-bb04-1a0ae64b2bb1@group-7EB39FB5DF22-LeaderElection231] INFO  impl.RaftServerImpl (RaftServerImpl.java:setRole(184)) - cbde3520-0cea-4357-bb04-1a0ae64b2bb1@group-7EB39FB5DF22: changes role from CANDIDATE to FOLLOWER at term 246 for DISCOVERED_A_NEW_TERM
2019-10-17 07:42:01,447 [cbde3520-0cea-4357-bb04-1a0ae64b2bb1@group-7EB39FB5DF22-LeaderElection231] INFO  impl.RoleInfo (RoleInfo.java:shutdownLeaderElection(134)) - cbde3520-0cea-4357-bb04-1a0ae64b2bb1: shutdown LeaderElection
2019-10-17 07:42:01,447 [cbde3520-0cea-4357-bb04-1a0ae64b2bb1@group-7EB39FB5DF22-LeaderElection231] INFO  impl.RoleInfo (RoleInfo.java:updateAndGet(143)) - cbde3520-0cea-4357-bb04-1a0ae64b2bb1: start FollowerState
2019-10-17 07:42:01,536 [Thread-1744] INFO  impl.FollowerState (FollowerState.java:run(108)) - cbde3520-0cea-4357-bb04-1a0ae64b2bb1@group-7EB39FB5DF22-FollowerState: change to CANDIDATE, lastRpcTime:88ms, electionTimeout:88ms
2019-10-17 07:42:01,536 [Thread-1744] INFO  impl.RoleInfo (RoleInfo.java:shutdownFollowerState(121)) - cbde3520-0cea-4357-bb04-1a0ae64b2bb1: shutdown FollowerState
2019-10-17 07:42:01,536 [Thread-1744] INFO  impl.RaftServerImpl (RaftServerImpl.java:setRole(184)) - cbde3520-0cea-4357-bb04-1a0ae64b2bb1@group-7EB39FB5DF22: changes role from  FOLLOWER to CANDIDATE at term 246 for changeToCandidate
2019-10-17 07:42:01,536 [Thread-1744] INFO  impl.RoleInfo (RoleInfo.java:updateAndGet(143)) - cbde3520-0cea-4357-bb04-1a0ae64b2bb1: start LeaderElection
2019-10-17 07:42:01,560 [cbde3520-0cea-4357-bb04-1a0ae64b2bb1@group-7EB39FB5DF22-LeaderElection232] INFO  impl.LeaderElection (LeaderElection.java:askForVotes(178)) - cbde3520-0cea-4357-bb04-1a0ae64b2bb1@group-7EB39FB5DF22-LeaderElection232: begin an election at term 247 for -1: [40d2d32e-dd25-45df-8070-f9dc56ccf0a7:192.168.34.62:41633, cbde3520-0cea-4357-bb04-1a0ae64b2bb1:192.168.34.62:41642, 443b071d-6096-48d6-bfe7-498b7c8032c0:192.168.34.62:46516], old=null
2019-10-17 07:42:01,562 [grpc-default-executor-1] INFO  impl.RaftServerImpl (RaftServerImpl.java:setRole(184)) - 40d2d32e-dd25-45df-8070-f9dc56ccf0a7@group-7EB39FB5DF22: changes role from  FOLLOWER to FOLLOWER at term 247 for recognizeCandidate:cbde3520-0cea-4357-bb04-1a0ae64b2bb1
2019-10-17 07:42:01,562 [grpc-default-executor-4] INFO  impl.RaftServerImpl (RaftServerImpl.java:setRole(184)) - 443b071d-6096-48d6-bfe7-498b7c8032c0@group-7EB39FB5DF22: changes role from  FOLLOWER to FOLLOWER at term 247 for recognizeCandidate:cbde3520-0cea-4357-bb04-1a0ae64b2bb1
2019-10-17 07:42:01,562 [grpc-default-executor-1] INFO  impl.RoleInfo (RoleInfo.java:shutdownFollowerState(121)) - 40d2d32e-dd25-45df-8070-f9dc56ccf0a7: shutdown FollowerState
2019-10-17 07:42:01,563 [grpc-default-executor-4] INFO  impl.RoleInfo (RoleInfo.java:shutdownFollowerState(121)) - 443b071d-6096-48d6-bfe7-498b7c8032c0: shutdown FollowerState
2019-10-17 07:42:01,563 [Thread-1742] INFO  impl.FollowerState (FollowerState.java:run(117)) - 40d2d32e-dd25-45df-8070-f9dc56ccf0a7@group-7EB39FB5DF22-FollowerState was interrupted: java.lang.InterruptedException: sleep interrupted
2019-10-17 07:42:01,563 [Thread-1743] INFO  impl.FollowerState (FollowerState.java:run(117)) - 443b071d-6096-48d6-bfe7-498b7c8032c0@group-7EB39FB5DF22-FollowerState was interrupted: java.lang.InterruptedException: sleep interrupted
2019-10-17 07:42:01,563 [grpc-default-executor-1] INFO  impl.RoleInfo (RoleInfo.java:updateAndGet(143)) - 40d2d32e-dd25-45df-8070-f9dc56ccf0a7: start FollowerState
2019-10-17 07:42:01,563 [grpc-default-executor-4] INFO  impl.RoleInfo (RoleInfo.java:updateAndGet(143)) - 443b071d-6096-48d6-bfe7-498b7c8032c0: start FollowerState
2019-10-17 07:42:01,588 [cbde3520-0cea-4357-bb04-1a0ae64b2bb1@group-7EB39FB5DF22-LeaderElection232] INFO  impl.LeaderElection (LeaderElection.java:logAndReturn(56)) - cbde3520-0cea-4357-bb04-1a0ae64b2bb1@group-7EB39FB5DF22-LeaderElection232: Election REJECTED; received 2 response(s) [cbde3520-0cea-4357-bb04-1a0ae64b2bb1<-40d2d32e-dd25-45df-8070-f9dc56ccf0a7#0:FAIL-t247, cbde3520-0cea-4357-bb04-1a0ae64b2bb1<-443b071d-6096-48d6-bfe7-498b7c8032c0#0:FAIL-t247] and 0 exception(s); cbde3520-0cea-4357-bb04-1a0ae64b2bb1@group-7EB39FB5DF22:t247, leader=null, voted=cbde3520-0cea-4357-bb04-1a0ae64b2bb1, raftlog=cbde3520-0cea-4357-bb04-1a0ae64b2bb1@group-7EB39FB5DF22-SegmentedRaftLog:OPENED:c-1,f-1,i0, conf=-1: [40d2d32e-dd25-45df-8070-f9dc56ccf0a7:192.168.34.62:41633, cbde3520-0cea-4357-bb04-1a0ae64b2bb1:192.168.34.62:41642, 443b071d-6096-48d6-bfe7-498b7c8032c0:192.168.34.62:46516], old=null
2019-10-17 07:42:01,588 [cbde3520-0cea-4357-bb04-1a0ae64b2bb1@group-7EB39FB5DF22-LeaderElection232] INFO  impl.RaftServerImpl (RaftServerImpl.java:setRole(184)) - cbde3520-0cea-4357-bb04-1a0ae64b2bb1@group-7EB39FB5DF22: changes role from CANDIDATE to FOLLOWER at term 247 for DISCOVERED_A_NEW_TERM
2019-10-17 07:42:01,588 [cbde3520-0cea-4357-bb04-1a0ae64b2bb1@group-7EB39FB5DF22-LeaderElection232] INFO  impl.RoleInfo (RoleInfo.java:shutdownLeaderElection(134)) - cbde3520-0cea-4357-bb04-1a0ae64b2bb1: shutdown LeaderElection
2019-10-17 07:42:01,589 [cbde3520-0cea-4357-bb04-1a0ae64b2bb1@group-7EB39FB5DF22-LeaderElection232] INFO  impl.RoleInfo (RoleInfo.java:updateAndGet(143)) - cbde3520-0cea-4357-bb04-1a0ae64b2bb1: start FollowerState
2019-10-17 07:42:01,615 [Thread-1750] INFO  impl.FollowerState (FollowerState.java:run(108)) - cbde3520-0cea-4357-bb04-1a0ae64b2bb1@group-7EB39FB5DF22-FollowerState: change to CANDIDATE, lastRpcTime:26ms, electionTimeout:26ms
2019-10-17 07:42:01,615 [Thread-1750] INFO  impl.RoleInfo (RoleInfo.java:shutdownFollowerState(121)) - cbde3520-0cea-4357-bb04-1a0ae64b2bb1: shutdown FollowerState
2019-10-17 07:42:01,615 [Thread-1750] INFO  impl.RaftServerImpl (RaftServerImpl.java:setRole(184)) - cbde3520-0cea-4357-bb04-1a0ae64b2bb1@group-7EB39FB5DF22: changes role from  FOLLOWER to CANDIDATE at term 247 for changeToCandidate
2019-10-17 07:42:01,616 [Thread-1750] INFO  impl.RoleInfo (RoleInfo.java:updateAndGet(143)) - cbde3520-0cea-4357-bb04-1a0ae64b2bb1: start LeaderElection
2019-10-17 07:42:01,646 [cbde3520-0cea-4357-bb04-1a0ae64b2bb1@group-7EB39FB5DF22-LeaderElection233] INFO  impl.LeaderElection (LeaderElection.java:askForVotes(178)) - cbde3520-0cea-4357-bb04-1a0ae64b2bb1@group-7EB39FB5DF22-LeaderElection233: begin an election at term 248 for -1: [40d2d32e-dd25-45df-8070-f9dc56ccf0a7:192.168.34.62:41633, cbde3520-0cea-4357-bb04-1a0ae64b2bb1:192.168.34.62:41642, 443b071d-6096-48d6-bfe7-498b7c8032c0:192.168.34.62:46516], old=null
2019-10-17 07:42:01,648 [grpc-default-executor-1] INFO  impl.RaftServerImpl (RaftServerImpl.java:setRole(184)) - 40d2d32e-dd25-45df-8070-f9dc56ccf0a7@group-7EB39FB5DF22: changes role from  FOLLOWER to FOLLOWER at term 248 for recognizeCandidate:cbde3520-0cea-4357-bb04-1a0ae64b2bb1
2019-10-17 07:42:01,649 [grpc-default-executor-1] INFO  impl.RoleInfo (RoleInfo.java:shutdownFollowerState(121)) - 40d2d32e-dd25-45df-8070-f9dc56ccf0a7: shutdown FollowerState
2019-10-17 07:42:01,649 [grpc-default-executor-1] INFO  impl.RoleInfo (RoleInfo.java:updateAndGet(143)) - 40d2d32e-dd25-45df-8070-f9dc56ccf0a7: start FollowerState
2019-10-17 07:42:01,649 [Thread-1748] INFO  impl.FollowerState (FollowerState.java:run(117)) - 40d2d32e-dd25-45df-8070-f9dc56ccf0a7@group-7EB39FB5DF22-FollowerState was interrupted: java.lang.InterruptedException: sleep interrupted
2019-10-17 07:42:01,649 [grpc-default-executor-4] INFO  impl.RaftServerImpl (RaftServerImpl.java:setRole(184)) - 443b071d-6096-48d6-bfe7-498b7c8032c0@group-7EB39FB5DF22: changes role from  FOLLOWER to FOLLOWER at term 248 for recognizeCandidate:cbde3520-0cea-4357-bb04-1a0ae64b2bb1
2019-10-17 07:42:01,649 [grpc-default-executor-4] INFO  impl.RoleInfo (RoleInfo.java:shutdownFollowerState(121)) - 443b071d-6096-48d6-bfe7-498b7c8032c0: shutdown FollowerState
2019-10-17 07:42:01,650 [grpc-default-executor-4] INFO  impl.RoleInfo (RoleInfo.java:updateAndGet(143)) - 443b071d-6096-48d6-bfe7-498b7c8032c0: start FollowerState
2019-10-17 07:42:01,650 [Thread-1749] INFO  impl.FollowerState (FollowerState.java:run(117)) - 443b071d-6096-48d6-bfe7-498b7c8032c0@group-7EB39FB5DF22-FollowerState was interrupted: java.lang.InterruptedException: sleep interrupted
2019-10-17 07:42:01,664 [cbde3520-0cea-4357-bb04-1a0ae64b2bb1@group-7EB39FB5DF22-LeaderElection233] INFO  impl.LeaderElection (LeaderElection.java:logAndReturn(56)) - cbde3520-0cea-4357-bb04-1a0ae64b2bb1@group-7EB39FB5DF22-LeaderElection233: Election REJECTED; received 2 response(s) [cbde3520-0cea-4357-bb04-1a0ae64b2bb1<-40d2d32e-dd25-45df-8070-f9dc56ccf0a7#0:FAIL-t248, cbde3520-0cea-4357-bb04-1a0ae64b2bb1<-443b071d-6096-48d6-bfe7-498b7c8032c0#0:FAIL-t248] and 0 exception(s); cbde3520-0cea-4357-bb04-1a0ae64b2bb1@group-7EB39FB5DF22:t248, leader=null, voted=cbde3520-0cea-4357-bb04-1a0ae64b2bb1, raftlog=cbde3520-0cea-4357-bb04-1a0ae64b2bb1@group-7EB39FB5DF22-SegmentedRaftLog:OPENED:c-1,f-1,i0, conf=-1: [40d2d32e-dd25-45df-8070-f9dc56ccf0a7:192.168.34.62:41633, cbde3520-0cea-4357-bb04-1a0ae64b2bb1:192.168.34.62:41642, 443b071d-6096-48d6-bfe7-498b7c8032c0:192.168.34.62:46516], old=null
2019-10-17 07:42:01,664 [cbde3520-0cea-4357-bb04-1a0ae64b2bb1@group-7EB39FB5DF22-LeaderElection233] INFO  impl.RaftServerImpl (RaftServerImpl.java:setRole(184)) - cbde3520-0cea-4357-bb04-1a0ae64b2bb1@group-7EB39FB5DF22: changes role from CANDIDATE to FOLLOWER at term 248 for DISCOVERED_A_NEW_TERM
2019-10-17 07:42:01,664 [cbde3520-0cea-4357-bb04-1a0ae64b2bb1@group-7EB39FB5DF22-LeaderElection233] INFO  impl.RoleInfo (RoleInfo.java:shutdownLeaderElection(134)) - cbde3520-0cea-4357-bb04-1a0ae64b2bb1: shutdown LeaderElection
2019-10-17 07:42:01,664 [cbde3520-0cea-4357-bb04-1a0ae64b2bb1@group-7EB39FB5DF22-LeaderElection233] INFO  impl.RoleInfo (RoleInfo.java:updateAndGet(143)) - cbde3520-0cea-4357-bb04-1a0ae64b2bb1: start FollowerState
2019-10-17 07:42:01,808 [Thread-1756] INFO  impl.FollowerState (FollowerState.java:run(108)) - cbde3520-0cea-4357-bb04-1a0ae64b2bb1@group-7EB39FB5DF22-FollowerState: change to CANDIDATE, lastRpcTime:143ms, electionTimeout:143ms
2019-10-17 07:42:01,808 [Thread-1756] INFO  impl.RoleInfo (RoleInfo.java:shutdownFollowerState(121)) - cbde3520-0cea-4357-bb04-1a0ae64b2bb1: shutdown FollowerState
2019-10-17 07:42:01,808 [Thread-1756] INFO  impl.RaftServerImpl (RaftServerImpl.java:setRole(184)) - cbde3520-0cea-4357-bb04-1a0ae64b2bb1@group-7EB39FB5DF22: changes role from  FOLLOWER to CANDIDATE at term 248 for changeToCandidate
2019-10-17 07:42:01,808 [Thread-1756] INFO  impl.RoleInfo (RoleInfo.java:updateAndGet(143)) - cbde3520-0cea-4357-bb04-1a0ae64b2bb1: start LeaderElection
2019-10-17 07:42:01,832 [cbde3520-0cea-4357-bb04-1a0ae64b2bb1@group-7EB39FB5DF22-LeaderElection234] INFO  impl.LeaderElection (LeaderElection.java:askForVotes(178)) - cbde3520-0cea-4357-bb04-1a0ae64b2bb1@group-7EB39FB5DF22-LeaderElection234: begin an election at term 249 for -1: [40d2d32e-dd25-45df-8070-f9dc56ccf0a7:192.168.34.62:41633, cbde3520-0cea-4357-bb04-1a0ae64b2bb1:192.168.34.62:41642, 443b071d-6096-48d6-bfe7-498b7c8032c0:192.168.34.62:46516], old=null
2019-10-17 07:42:01,834 [grpc-default-executor-4] INFO  impl.RaftServerImpl (RaftServerImpl.java:setRole(184)) - 40d2d32e-dd25-45df-8070-f9dc56ccf0a7@group-7EB39FB5DF22: changes role from  FOLLOWER to FOLLOWER at term 249 for recognizeCandidate:cbde3520-0cea-4357-bb04-1a0ae64b2bb1
2019-10-17 07:42:01,835 [grpc-default-executor-4] INFO  impl.RoleInfo (RoleInfo.java:shutdownFollowerState(121)) - 40d2d32e-dd25-45df-8070-f9dc56ccf0a7: shutdown FollowerState
2019-10-17 07:42:01,835 [grpc-default-executor-4] INFO  impl.RoleInfo (RoleInfo.java:updateAndGet(143)) - 40d2d32e-dd25-45df-8070-f9dc56ccf0a7: start FollowerState
2019-10-17 07:42:01,835 [Thread-1754] INFO  impl.FollowerState (FollowerState.java:run(117)) - 40d2d32e-dd25-45df-8070-f9dc56ccf0a7@group-7EB39FB5DF22-FollowerState was interrupted: java.lang.InterruptedException: sleep interrupted
2019-10-17 07:42:01,835 [grpc-default-executor-1] INFO  impl.RaftServerImpl (RaftServerImpl.java:setRole(184)) - 443b071d-6096-48d6-bfe7-498b7c8032c0@group-7EB39FB5DF22: changes role from  FOLLOWER to FOLLOWER at term 249 for recognizeCandidate:cbde3520-0cea-4357-bb04-1a0ae64b2bb1
2019-10-17 07:42:01,835 [grpc-default-executor-1] INFO  impl.RoleInfo (RoleInfo.java:shutdownFollowerState(121)) - 443b071d-6096-48d6-bfe7-498b7c8032c0: shutdown FollowerState
2019-10-17 07:42:01,836 [grpc-default-executor-1] INFO  impl.RoleInfo (RoleInfo.java:updateAndGet(143)) - 443b071d-6096-48d6-bfe7-498b7c8032c0: start FollowerState
2019-10-17 07:42:01,836 [Thread-1755] INFO  impl.FollowerState (FollowerState.java:run(117)) - 443b071d-6096-48d6-bfe7-498b7c8032c0@group-7EB39FB5DF22-FollowerState was interrupted: java.lang.InterruptedException: sleep interrupted
2019-10-17 07:42:01,852 [cbde3520-0cea-4357-bb04-1a0ae64b2bb1@group-7EB39FB5DF22-LeaderElection234] INFO  impl.LeaderElection (LeaderElection.java:logAndReturn(56)) - cbde3520-0cea-4357-bb04-1a0ae64b2bb1@group-7EB39FB5DF22-LeaderElection234: Election REJECTED; received 2 response(s) [cbde3520-0cea-4357-bb04-1a0ae64b2bb1<-40d2d32e-dd25-45df-8070-f9dc56ccf0a7#0:FAIL-t249, cbde3520-0cea-4357-bb04-1a0ae64b2bb1<-443b071d-6096-48d6-bfe7-498b7c8032c0#0:FAIL-t249] and 0 exception(s); cbde3520-0cea-4357-bb04-1a0ae64b2bb1@group-7EB39FB5DF22:t249, leader=null, voted=cbde3520-0cea-4357-bb04-1a0ae64b2bb1, raftlog=cbde3520-0cea-4357-bb04-1a0ae64b2bb1@group-7EB39FB5DF22-SegmentedRaftLog:OPENED:c-1,f-1,i0, conf=-1: [40d2d32e-dd25-45df-8070-f9dc56ccf0a7:192.168.34.62:41633, cbde3520-0cea-4357-bb04-1a0ae64b2bb1:192.168.34.62:41642, 443b071d-6096-48d6-bfe7-498b7c8032c0:192.168.34.62:46516], old=null
2019-10-17 07:42:01,852 [cbde3520-0cea-4357-bb04-1a0ae64b2bb1@group-7EB39FB5DF22-LeaderElection234] INFO  impl.RaftServerImpl (RaftServerImpl.java:setRole(184)) - cbde3520-0cea-4357-bb04-1a0ae64b2bb1@group-7EB39FB5DF22: changes role from CANDIDATE to FOLLOWER at term 249 for DISCOVERED_A_NEW_TERM
2019-10-17 07:42:01,852 [cbde3520-0cea-4357-bb04-1a0ae64b2bb1@group-7EB39FB5DF22-LeaderElection234] INFO  impl.RoleInfo (RoleInfo.java:shutdownLeaderElection(134)) - cbde3520-0cea-4357-bb04-1a0ae64b2bb1: shutdown LeaderElection
2019-10-17 07:42:01,852 [cbde3520-0cea-4357-bb04-1a0ae64b2bb1@group-7EB39FB5DF22-LeaderElection234] INFO  impl.RoleInfo (RoleInfo.java:updateAndGet(143)) - cbde3520-0cea-4357-bb04-1a0ae64b2bb1: start FollowerState
2019-10-17 07:42:01,882 [Thread-1762] INFO  impl.FollowerState (FollowerState.java:run(108)) - cbde3520-0cea-4357-bb04-1a0ae64b2bb1@group-7EB39FB5DF22-FollowerState: change to CANDIDATE, lastRpcTime:29ms, electionTimeout:29ms
2019-10-17 07:42:01,882 [Thread-1762] INFO  impl.RoleInfo (RoleInfo.java:shutdownFollowerState(121)) - cbde3520-0cea-4357-bb04-1a0ae64b2bb1: shutdown FollowerState
2019-10-17 07:42:01,882 [Thread-1762] INFO  impl.RaftServerImpl (RaftServerImpl.java:setRole(184)) - cbde3520-0cea-4357-bb04-1a0ae64b2bb1@group-7EB39FB5DF22: changes role from  FOLLOWER to CANDIDATE at term 249 for changeToCandidate
2019-10-17 07:42:01,882 [Thread-1762] INFO  impl.RoleInfo (RoleInfo.java:updateAndGet(143)) - cbde3520-0cea-4357-bb04-1a0ae64b2bb1: start LeaderElection
2019-10-17 07:42:01,907 [cbde3520-0cea-4357-bb04-1a0ae64b2bb1@group-7EB39FB5DF22-LeaderElection235] INFO  impl.LeaderElection (LeaderElection.java:askForVotes(178)) - cbde3520-0cea-4357-bb04-1a0ae64b2bb1@group-7EB39FB5DF22-LeaderElection235: begin an election at term 250 for -1: [40d2d32e-dd25-45df-8070-f9dc56ccf0a7:192.168.34.62:41633, cbde3520-0cea-4357-bb04-1a0ae64b2bb1:192.168.34.62:41642, 443b071d-6096-48d6-bfe7-498b7c8032c0:192.168.34.62:46516], old=null
2019-10-17 07:42:01,909 [grpc-default-executor-1] INFO  impl.RaftServerImpl (RaftServerImpl.java:setRole(184)) - 40d2d32e-dd25-45df-8070-f9dc56ccf0a7@group-7EB39FB5DF22: changes role from  FOLLOWER to FOLLOWER at term 250 for recognizeCandidate:cbde3520-0cea-4357-bb04-1a0ae64b2bb1
2019-10-17 07:42:01,909 [grpc-default-executor-1] INFO  impl.RoleInfo (RoleInfo.java:shutdownFollowerState(121)) - 40d2d32e-dd25-45df-8070-f9dc56ccf0a7: shutdown FollowerState
2019-10-17 07:42:01,910 [grpc-default-executor-1] INFO  impl.RoleInfo (RoleInfo.java:updateAndGet(143)) - 40d2d32e-dd25-45df-8070-f9dc56ccf0a7: start FollowerState
2019-10-17 07:42:01,910 [Thread-1760] INFO  impl.FollowerState (FollowerState.java:run(117)) - 40d2d32e-dd25-45df-8070-f9dc56ccf0a7@group-7EB39FB5DF22-FollowerState was interrupted: java.lang.InterruptedException: sleep interrupted
2019-10-17 07:42:01,910 [grpc-default-executor-4] INFO  impl.RaftServerImpl (RaftServerImpl.java:setRole(184)) - 443b071d-6096-48d6-bfe7-498b7c8032c0@group-7EB39FB5DF22: changes role from  FOLLOWER to FOLLOWER at term 250 for recognizeCandidate:cbde3520-0cea-4357-bb04-1a0ae64b2bb1
2019-10-17 07:42:01,910 [grpc-default-executor-4] INFO  impl.RoleInfo (RoleInfo.java:shutdownFollowerState(121)) - 443b071d-6096-48d6-bfe7-498b7c8032c0: shutdown FollowerState
2019-10-17 07:42:01,910 [grpc-default-executor-4] INFO  impl.RoleInfo (RoleInfo.java:updateAndGet(143)) - 443b071d-6096-48d6-bfe7-498b7c8032c0: start FollowerState
2019-10-17 07:42:01,910 [Thread-1761] INFO  impl.FollowerState (FollowerState.java:run(117)) - 443b071d-6096-48d6-bfe7-498b7c8032c0@group-7EB39FB5DF22-FollowerState was interrupted: java.lang.InterruptedException: sleep interrupted
2019-10-17 07:42:01,934 [cbde3520-0cea-4357-bb04-1a0ae64b2bb1@group-7EB39FB5DF22-LeaderElection235] INFO  impl.LeaderElection (LeaderElection.java:logAndReturn(56)) - cbde3520-0cea-4357-bb04-1a0ae64b2bb1@group-7EB39FB5DF22-LeaderElection235: Election REJECTED; received 2 response(s) [cbde3520-0cea-4357-bb04-1a0ae64b2bb1<-40d2d32e-dd25-45df-8070-f9dc56ccf0a7#0:FAIL-t250, cbde3520-0cea-4357-bb04-1a0ae64b2bb1<-443b071d-6096-48d6-bfe7-498b7c8032c0#0:FAIL-t250] and 0 exception(s); cbde3520-0cea-4357-bb04-1a0ae64b2bb1@group-7EB39FB5DF22:t250, leader=null, voted=cbde3520-0cea-4357-bb04-1a0ae64b2bb1, raftlog=cbde3520-0cea-4357-bb04-1a0ae64b2bb1@group-7EB39FB5DF22-SegmentedRaftLog:OPENED:c-1,f-1,i0, conf=-1: [40d2d32e-dd25-45df-8070-f9dc56ccf0a7:192.168.34.62:41633, cbde3520-0cea-4357-bb04-1a0ae64b2bb1:192.168.34.62:41642, 443b071d-6096-48d6-bfe7-498b7c8032c0:192.168.34.62:46516], old=null
2019-10-17 07:42:01,935 [cbde3520-0cea-4357-bb04-1a0ae64b2bb1@group-7EB39FB5DF22-LeaderElection235] INFO  impl.RaftServerImpl (RaftServerImpl.java:setRole(184)) - cbde3520-0cea-4357-bb04-1a0ae64b2bb1@group-7EB39FB5DF22: changes role from CANDIDATE to FOLLOWER at term 250 for DISCOVERED_A_NEW_TERM
2019-10-17 07:42:01,935 [cbde3520-0cea-4357-bb04-1a0ae64b2bb1@group-7EB39FB5DF22-LeaderElection235] INFO  impl.RoleInfo (RoleInfo.java:shutdownLeaderElection(134)) - cbde3520-0cea-4357-bb04-1a0ae64b2bb1: shutdown LeaderElection
2019-10-17 07:42:01,935 [cbde3520-0cea-4357-bb04-1a0ae64b2bb1@group-7EB39FB5DF22-LeaderElection235] INFO  impl.RoleInfo (RoleInfo.java:updateAndGet(143)) - cbde3520-0cea-4357-bb04-1a0ae64b2bb1: start FollowerState
2019-10-17 07:42:01,944 [Thread-1768] INFO  impl.FollowerState (FollowerState.java:run(108)) - cbde3520-0cea-4357-bb04-1a0ae64b2bb1@group-7EB39FB5DF22-FollowerState: change to CANDIDATE, lastRpcTime:9ms, electionTimeout:9ms
2019-10-17 07:42:01,945 [Thread-1768] INFO  impl.RoleInfo (RoleInfo.java:shutdownFollowerState(121)) - cbde3520-0cea-4357-bb04-1a0ae64b2bb1: shutdown FollowerState
2019-10-17 07:42:01,945 [Thread-1768] INFO  impl.RaftServerImpl (RaftServerImpl.java:setRole(184)) - cbde3520-0cea-4357-bb04-1a0ae64b2bb1@group-7EB39FB5DF22: changes role from  FOLLOWER to CANDIDATE at term 250 for changeToCandidate
2019-10-17 07:42:01,945 [Thread-1768] INFO  impl.RoleInfo (RoleInfo.java:updateAndGet(143)) - cbde3520-0cea-4357-bb04-1a0ae64b2bb1: start LeaderElection
2019-10-17 07:42:01,980 [cbde3520-0cea-4357-bb04-1a0ae64b2bb1@group-7EB39FB5DF22-LeaderElection236] INFO  impl.LeaderElection (LeaderElection.java:askForVotes(178)) - cbde3520-0cea-4357-bb04-1a0ae64b2bb1@group-7EB39FB5DF22-LeaderElection236: begin an election at term 251 for -1: [40d2d32e-dd25-45df-8070-f9dc56ccf0a7:192.168.34.62:41633, cbde3520-0cea-4357-bb04-1a0ae64b2bb1:192.168.34.62:41642, 443b071d-6096-48d6-bfe7-498b7c8032c0:192.168.34.62:46516], old=null
2019-10-17 07:42:01,983 [grpc-default-executor-1] INFO  impl.RaftServerImpl (RaftServerImpl.java:setRole(184)) - 40d2d32e-dd25-45df-8070-f9dc56ccf0a7@group-7EB39FB5DF22: changes role from  FOLLOWER to FOLLOWER at term 251 for recognizeCandidate:cbde3520-0cea-4357-bb04-1a0ae64b2bb1
2019-10-17 07:42:01,983 [grpc-default-executor-1] INFO  impl.RoleInfo (RoleInfo.java:shutdownFollowerState(121)) - 40d2d32e-dd25-45df-8070-f9dc56ccf0a7: shutdown FollowerState
2019-10-17 07:42:01,983 [grpc-default-executor-4] INFO  impl.RaftServerImpl (RaftServerImpl.java:setRole(184)) - 443b071d-6096-48d6-bfe7-498b7c8032c0@group-7EB39FB5DF22: changes role from  FOLLOWER to FOLLOWER at term 251 for recognizeCandidate:cbde3520-0cea-4357-bb04-1a0ae64b2bb1
2019-10-17 07:42:01,983 [Thread-1766] INFO  impl.FollowerState (FollowerState.java:run(117)) - 40d2d32e-dd25-45df-8070-f9dc56ccf0a7@group-7EB39FB5DF22-FollowerState was interrupted: java.lang.InterruptedException: sleep interrupted
2019-10-17 07:42:01,983 [grpc-default-executor-1] INFO  impl.RoleInfo (RoleInfo.java:updateAndGet(143)) - 40d2d32e-dd25-45df-8070-f9dc56ccf0a7: start FollowerState
2019-10-17 07:42:01,983 [grpc-default-executor-4] INFO  impl.RoleInfo (RoleInfo.java:shutdownFollowerState(121)) - 443b071d-6096-48d6-bfe7-498b7c8032c0: shutdown FollowerState
2019-10-17 07:42:01,984 [grpc-default-executor-4] INFO  impl.RoleInfo (RoleInfo.java:updateAndGet(143)) - 443b071d-6096-48d6-bfe7-498b7c8032c0: start FollowerState
2019-10-17 07:42:01,984 [Thread-1767] INFO  impl.FollowerState (FollowerState.java:run(117)) - 443b071d-6096-48d6-bfe7-498b7c8032c0@group-7EB39FB5DF22-FollowerState was interrupted: java.lang.InterruptedException: sleep interrupted
2019-10-17 07:42:02,008 [cbde3520-0cea-4357-bb04-1a0ae64b2bb1@group-7EB39FB5DF22-LeaderElection236] INFO  impl.LeaderElection (LeaderElection.java:logAndReturn(56)) - cbde3520-0cea-4357-bb04-1a0ae64b2bb1@group-7EB39FB5DF22-LeaderElection236: Election REJECTED; received 2 response(s) [cbde3520-0cea-4357-bb04-1a0ae64b2bb1<-40d2d32e-dd25-45df-8070-f9dc56ccf0a7#0:FAIL-t251, cbde3520-0cea-4357-bb04-1a0ae64b2bb1<-443b071d-6096-48d6-bfe7-498b7c8032c0#0:FAIL-t251] and 0 exception(s); cbde3520-0cea-4357-bb04-1a0ae64b2bb1@group-7EB39FB5DF22:t251, leader=null, voted=cbde3520-0cea-4357-bb04-1a0ae64b2bb1, raftlog=cbde3520-0cea-4357-bb04-1a0ae64b2bb1@group-7EB39FB5DF22-SegmentedRaftLog:OPENED:c-1,f-1,i0, conf=-1: [40d2d32e-dd25-45df-8070-f9dc56ccf0a7:192.168.34.62:41633, cbde3520-0cea-4357-bb04-1a0ae64b2bb1:192.168.34.62:41642, 443b071d-6096-48d6-bfe7-498b7c8032c0:192.168.34.62:46516], old=null
2019-10-17 07:42:02,008 [cbde3520-0cea-4357-bb04-1a0ae64b2bb1@group-7EB39FB5DF22-LeaderElection236] INFO  impl.RaftServerImpl (RaftServerImpl.java:setRole(184)) - cbde3520-0cea-4357-bb04-1a0ae64b2bb1@group-7EB39FB5DF22: changes role from CANDIDATE to FOLLOWER at term 251 for DISCOVERED_A_NEW_TERM
2019-10-17 07:42:02,008 [cbde3520-0cea-4357-bb04-1a0ae64b2bb1@group-7EB39FB5DF22-LeaderElection236] INFO  impl.RoleInfo (RoleInfo.java:shutdownLeaderElection(134)) - cbde3520-0cea-4357-bb04-1a0ae64b2bb1: shutdown LeaderElection
2019-10-17 07:42:02,008 [cbde3520-0cea-4357-bb04-1a0ae64b2bb1@group-7EB39FB5DF22-LeaderElection236] INFO  impl.RoleInfo (RoleInfo.java:updateAndGet(143)) - cbde3520-0cea-4357-bb04-1a0ae64b2bb1: start FollowerState
2019-10-17 07:42:02,061 [Thread-1774] INFO  impl.FollowerState (FollowerState.java:run(108)) - cbde3520-0cea-4357-bb04-1a0ae64b2bb1@group-7EB39FB5DF22-FollowerState: change to CANDIDATE, lastRpcTime:52ms, electionTimeout:52ms
2019-10-17 07:42:02,061 [Thread-1774] INFO  impl.RoleInfo (RoleInfo.java:shutdownFollowerState(121)) - cbde3520-0cea-4357-bb04-1a0ae64b2bb1: shutdown FollowerState
2019-10-17 07:42:02,061 [Thread-1774] INFO  impl.RaftServerImpl (RaftServerImpl.java:setRole(184)) - cbde3520-0cea-4357-bb04-1a0ae64b2bb1@group-7EB39FB5DF22: changes role from  FOLLOWER to CANDIDATE at term 251 for changeToCandidate
2019-10-17 07:42:02,061 [Thread-1774] INFO  impl.RoleInfo (RoleInfo.java:updateAndGet(143)) - cbde3520-0cea-4357-bb04-1a0ae64b2bb1: start LeaderElection
2019-10-17 07:42:02,090 [cbde3520-0cea-4357-bb04-1a0ae64b2bb1@group-7EB39FB5DF22-LeaderElection237] INFO  impl.LeaderElection (LeaderElection.java:askForVotes(178)) - cbde3520-0cea-4357-bb04-1a0ae64b2bb1@group-7EB39FB5DF22-LeaderElection237: begin an election at term 252 for -1: [40d2d32e-dd25-45df-8070-f9dc56ccf0a7:192.168.34.62:41633, cbde3520-0cea-4357-bb04-1a0ae64b2bb1:192.168.34.62:41642, 443b071d-6096-48d6-bfe7-498b7c8032c0:192.168.34.62:46516], old=null
2019-10-17 07:42:02,093 [grpc-default-executor-1] INFO  impl.RaftServerImpl (RaftServerImpl.java:setRole(184)) - 40d2d32e-dd25-45df-8070-f9dc56ccf0a7@group-7EB39FB5DF22: changes role from  FOLLOWER to FOLLOWER at term 252 for recognizeCandidate:cbde3520-0cea-4357-bb04-1a0ae64b2bb1
2019-10-17 07:42:02,093 [grpc-default-executor-1] INFO  impl.RoleInfo (RoleInfo.java:shutdownFollowerState(121)) - 40d2d32e-dd25-45df-8070-f9dc56ccf0a7: shutdown FollowerState
2019-10-17 07:42:02,094 [grpc-default-executor-1] INFO  impl.RoleInfo (RoleInfo.java:updateAndGet(143)) - 40d2d32e-dd25-45df-8070-f9dc56ccf0a7: start FollowerState
2019-10-17 07:42:02,094 [Thread-1772] INFO  impl.FollowerState (FollowerState.java:run(117)) - 40d2d32e-dd25-45df-8070-f9dc56ccf0a7@group-7EB39FB5DF22-FollowerState was interrupted: java.lang.InterruptedException: sleep interrupted
2019-10-17 07:42:02,094 [grpc-default-executor-4] INFO  impl.RaftServerImpl (RaftServerImpl.java:setRole(184)) - 443b071d-6096-48d6-bfe7-498b7c8032c0@group-7EB39FB5DF22: changes role from  FOLLOWER to FOLLOWER at term 252 for recognizeCandidate:cbde3520-0cea-4357-bb04-1a0ae64b2bb1
2019-10-17 07:42:02,094 [grpc-default-executor-4] INFO  impl.RoleInfo (RoleInfo.java:shutdownFollowerState(121)) - 443b071d-6096-48d6-bfe7-498b7c8032c0: shutdown FollowerState
2019-10-17 07:42:02,094 [grpc-default-executor-4] INFO  impl.RoleInfo (RoleInfo.java:updateAndGet(143)) - 443b071d-6096-48d6-bfe7-498b7c8032c0: start FollowerState
2019-10-17 07:42:02,094 [Thread-1773] INFO  impl.FollowerState (FollowerState.java:run(117)) - 443b071d-6096-48d6-bfe7-498b7c8032c0@group-7EB39FB5DF22-FollowerState was interrupted: java.lang.InterruptedException: sleep interrupted
2019-10-17 07:42:02,158 [cbde3520-0cea-4357-bb04-1a0ae64b2bb1@group-7EB39FB5DF22-LeaderElection237] INFO  impl.LeaderElection (LeaderElection.java:logAndReturn(56)) - cbde3520-0cea-4357-bb04-1a0ae64b2bb1@group-7EB39FB5DF22-LeaderElection237: Election REJECTED; received 2 response(s) [cbde3520-0cea-4357-bb04-1a0ae64b2bb1<-40d2d32e-dd25-45df-8070-f9dc56ccf0a7#0:FAIL-t252, cbde3520-0cea-4357-bb04-1a0ae64b2bb1<-443b071d-6096-48d6-bfe7-498b7c8032c0#0:FAIL-t252] and 0 exception(s); cbde3520-0cea-4357-bb04-1a0ae64b2bb1@group-7EB39FB5DF22:t252, leader=null, voted=cbde3520-0cea-4357-bb04-1a0ae64b2bb1, raftlog=cbde3520-0cea-4357-bb04-1a0ae64b2bb1@group-7EB39FB5DF22-SegmentedRaftLog:OPENED:c-1,f-1,i0, conf=-1: [40d2d32e-dd25-45df-8070-f9dc56ccf0a7:192.168.34.62:41633, cbde3520-0cea-4357-bb04-1a0ae64b2bb1:192.168.34.62:41642, 443b071d-6096-48d6-bfe7-498b7c8032c0:192.168.34.62:46516], old=null
2019-10-17 07:42:02,158 [cbde3520-0cea-4357-bb04-1a0ae64b2bb1@group-7EB39FB5DF22-LeaderElection237] INFO  impl.RaftServerImpl (RaftServerImpl.java:setRole(184)) - cbde3520-0cea-4357-bb04-1a0ae64b2bb1@group-7EB39FB5DF22: changes role from CANDIDATE to FOLLOWER at term 252 for DISCOVERED_A_NEW_TERM
2019-10-17 07:42:02,159 [cbde3520-0cea-4357-bb04-1a0ae64b2bb1@group-7EB39FB5DF22-LeaderElection237] INFO  impl.RoleInfo (RoleInfo.java:shutdownLeaderElection(134)) - cbde3520-0cea-4357-bb04-1a0ae64b2bb1: shutdown LeaderElection
2019-10-17 07:42:02,159 [cbde3520-0cea-4357-bb04-1a0ae64b2bb1@group-7EB39FB5DF22-LeaderElection237] INFO  impl.RoleInfo (RoleInfo.java:updateAndGet(143)) - cbde3520-0cea-4357-bb04-1a0ae64b2bb1: start FollowerState
2019-10-17 07:42:02,218 [main] INFO  ozone.MiniOzoneClusterImpl (MiniOzoneClusterImpl.java:lambda$waitForClusterToBeReady$2(164)) - Waiting for 1 number of pipelines out of 5, to report a leader.
2019-10-17 07:42:02,225 [Thread-1780] INFO  impl.FollowerState (FollowerState.java:run(108)) - cbde3520-0cea-4357-bb04-1a0ae64b2bb1@group-7EB39FB5DF22-FollowerState: change to CANDIDATE, lastRpcTime:66ms, electionTimeout:66ms
2019-10-17 07:42:02,225 [Thread-1780] INFO  impl.RoleInfo (RoleInfo.java:shutdownFollowerState(121)) - cbde3520-0cea-4357-bb04-1a0ae64b2bb1: shutdown FollowerState
2019-10-17 07:42:02,226 [Thread-1780] INFO  impl.RaftServerImpl (RaftServerImpl.java:setRole(184)) - cbde3520-0cea-4357-bb04-1a0ae64b2bb1@group-7EB39FB5DF22: changes role from  FOLLOWER to CANDIDATE at term 252 for changeToCandidate
2019-10-17 07:42:02,226 [Thread-1780] INFO  impl.RoleInfo (RoleInfo.java:updateAndGet(143)) - cbde3520-0cea-4357-bb04-1a0ae64b2bb1: start LeaderElection
2019-10-17 07:42:02,250 [cbde3520-0cea-4357-bb04-1a0ae64b2bb1@group-7EB39FB5DF22-LeaderElection238] INFO  impl.LeaderElection (LeaderElection.java:askForVotes(178)) - cbde3520-0cea-4357-bb04-1a0ae64b2bb1@group-7EB39FB5DF22-LeaderElection238: begin an election at term 253 for -1: [40d2d32e-dd25-45df-8070-f9dc56ccf0a7:192.168.34.62:41633, cbde3520-0cea-4357-bb04-1a0ae64b2bb1:192.168.34.62:41642, 443b071d-6096-48d6-bfe7-498b7c8032c0:192.168.34.62:46516], old=null
2019-10-17 07:42:02,254 [grpc-default-executor-1] INFO  impl.RaftServerImpl (RaftServerImpl.java:setRole(184)) - 40d2d32e-dd25-45df-8070-f9dc56ccf0a7@group-7EB39FB5DF22: changes role from  FOLLOWER to FOLLOWER at term 253 for recognizeCandidate:cbde3520-0cea-4357-bb04-1a0ae64b2bb1
2019-10-17 07:42:02,255 [grpc-default-executor-1] INFO  impl.RoleInfo (RoleInfo.java:shutdownFollowerState(121)) - 40d2d32e-dd25-45df-8070-f9dc56ccf0a7: shutdown FollowerState
2019-10-17 07:42:02,255 [grpc-default-executor-4] INFO  impl.RaftServerImpl (RaftServerImpl.java:setRole(184)) - 443b071d-6096-48d6-bfe7-498b7c8032c0@group-7EB39FB5DF22: changes role from  FOLLOWER to FOLLOWER at term 253 for recognizeCandidate:cbde3520-0cea-4357-bb04-1a0ae64b2bb1
2019-10-17 07:42:02,255 [Thread-1778] INFO  impl.FollowerState (FollowerState.java:run(117)) - 40d2d32e-dd25-45df-8070-f9dc56ccf0a7@group-7EB39FB5DF22-FollowerState was interrupted: java.lang.InterruptedException: sleep interrupted
2019-10-17 07:42:02,255 [grpc-default-executor-1] INFO  impl.RoleInfo (RoleInfo.java:updateAndGet(143)) - 40d2d32e-dd25-45df-8070-f9dc56ccf0a7: start FollowerState
2019-10-17 07:42:02,255 [grpc-default-executor-4] INFO  impl.RoleInfo (RoleInfo.java:shutdownFollowerState(121)) - 443b071d-6096-48d6-bfe7-498b7c8032c0: shutdown FollowerState
2019-10-17 07:42:02,256 [grpc-default-executor-4] INFO  impl.RoleInfo (RoleInfo.java:updateAndGet(143)) - 443b071d-6096-48d6-bfe7-498b7c8032c0: start FollowerState
2019-10-17 07:42:02,256 [Thread-1779] INFO  impl.FollowerState (FollowerState.java:run(117)) - 443b071d-6096-48d6-bfe7-498b7c8032c0@group-7EB39FB5DF22-FollowerState was interrupted: java.lang.InterruptedException: sleep interrupted
2019-10-17 07:42:02,284 [cbde3520-0cea-4357-bb04-1a0ae64b2bb1@group-7EB39FB5DF22-LeaderElection238] INFO  impl.LeaderElection (LeaderElection.java:logAndReturn(56)) - cbde3520-0cea-4357-bb04-1a0ae64b2bb1@group-7EB39FB5DF22-LeaderElection238: Election REJECTED; received 2 response(s) [cbde3520-0cea-4357-bb04-1a0ae64b2bb1<-40d2d32e-dd25-45df-8070-f9dc56ccf0a7#0:FAIL-t253, cbde3520-0cea-4357-bb04-1a0ae64b2bb1<-443b071d-6096-48d6-bfe7-498b7c8032c0#0:FAIL-t253] and 0 exception(s); cbde3520-0cea-4357-bb04-1a0ae64b2bb1@group-7EB39FB5DF22:t253, leader=null, voted=cbde3520-0cea-4357-bb04-1a0ae64b2bb1, raftlog=cbde3520-0cea-4357-bb04-1a0ae64b2bb1@group-7EB39FB5DF22-SegmentedRaftLog:OPENED:c-1,f-1,i0, conf=-1: [40d2d32e-dd25-45df-8070-f9dc56ccf0a7:192.168.34.62:41633, cbde3520-0cea-4357-bb04-1a0ae64b2bb1:192.168.34.62:41642, 443b071d-6096-48d6-bfe7-498b7c8032c0:192.168.34.62:46516], old=null
2019-10-17 07:42:02,285 [cbde3520-0cea-4357-bb04-1a0ae64b2bb1@group-7EB39FB5DF22-LeaderElection238] INFO  impl.RaftServerImpl (RaftServerImpl.java:setRole(184)) - cbde3520-0cea-4357-bb04-1a0ae64b2bb1@group-7EB39FB5DF22: changes role from CANDIDATE to FOLLOWER at term 253 for DISCOVERED_A_NEW_TERM
2019-10-17 07:42:02,285 [cbde3520-0cea-4357-bb04-1a0ae64b2bb1@group-7EB39FB5DF22-LeaderElection238] INFO  impl.RoleInfo (RoleInfo.java:shutdownLeaderElection(134)) - cbde3520-0cea-4357-bb04-1a0ae64b2bb1: shutdown LeaderElection
2019-10-17 07:42:02,285 [cbde3520-0cea-4357-bb04-1a0ae64b2bb1@group-7EB39FB5DF22-LeaderElection238] INFO  impl.RoleInfo (RoleInfo.java:updateAndGet(143)) - cbde3520-0cea-4357-bb04-1a0ae64b2bb1: start FollowerState
2019-10-17 07:42:02,480 [Thread-1786] INFO  impl.FollowerState (FollowerState.java:run(108)) - cbde3520-0cea-4357-bb04-1a0ae64b2bb1@group-7EB39FB5DF22-FollowerState: change to CANDIDATE, lastRpcTime:195ms, electionTimeout:195ms
2019-10-17 07:42:02,481 [Thread-1786] INFO  impl.RoleInfo (RoleInfo.java:shutdownFollowerState(121)) - cbde3520-0cea-4357-bb04-1a0ae64b2bb1: shutdown FollowerState
2019-10-17 07:42:02,481 [Thread-1786] INFO  impl.RaftServerImpl (RaftServerImpl.java:setRole(184)) - cbde3520-0cea-4357-bb04-1a0ae64b2bb1@group-7EB39FB5DF22: changes role from  FOLLOWER to CANDIDATE at term 253 for changeToCandidate
2019-10-17 07:42:02,481 [Thread-1786] INFO  impl.RoleInfo (RoleInfo.java:updateAndGet(143)) - cbde3520-0cea-4357-bb04-1a0ae64b2bb1: start LeaderElection
2019-10-17 07:42:02,508 [cbde3520-0cea-4357-bb04-1a0ae64b2bb1@group-7EB39FB5DF22-LeaderElection239] INFO  impl.LeaderElection (LeaderElection.java:askForVotes(178)) - cbde3520-0cea-4357-bb04-1a0ae64b2bb1@group-7EB39FB5DF22-LeaderElection239: begin an election at term 254 for -1: [40d2d32e-dd25-45df-8070-f9dc56ccf0a7:192.168.34.62:41633, cbde3520-0cea-4357-bb04-1a0ae64b2bb1:192.168.34.62:41642, 443b071d-6096-48d6-bfe7-498b7c8032c0:192.168.34.62:46516], old=null
2019-10-17 07:42:02,511 [grpc-default-executor-4] INFO  impl.RaftServerImpl (RaftServerImpl.java:setRole(184)) - 40d2d32e-dd25-45df-8070-f9dc56ccf0a7@group-7EB39FB5DF22: changes role from  FOLLOWER to FOLLOWER at term 254 for recognizeCandidate:cbde3520-0cea-4357-bb04-1a0ae64b2bb1
2019-10-17 07:42:02,511 [grpc-default-executor-1] INFO  impl.RaftServerImpl (RaftServerImpl.java:setRole(184)) - 443b071d-6096-48d6-bfe7-498b7c8032c0@group-7EB39FB5DF22: changes role from  FOLLOWER to FOLLOWER at term 254 for recognizeCandidate:cbde3520-0cea-4357-bb04-1a0ae64b2bb1
2019-10-17 07:42:02,511 [grpc-default-executor-4] INFO  impl.RoleInfo (RoleInfo.java:shutdownFollowerState(121)) - 40d2d32e-dd25-45df-8070-f9dc56ccf0a7: shutdown FollowerState
2019-10-17 07:42:02,512 [grpc-default-executor-1] INFO  impl.RoleInfo (RoleInfo.java:shutdownFollowerState(121)) - 443b071d-6096-48d6-bfe7-498b7c8032c0: shutdown FollowerState
2019-10-17 07:42:02,512 [Thread-1784] INFO  impl.FollowerState (FollowerState.java:run(117)) - 40d2d32e-dd25-45df-8070-f9dc56ccf0a7@group-7EB39FB5DF22-FollowerState was interrupted: java.lang.InterruptedException: sleep interrupted
2019-10-17 07:42:02,512 [Thread-1785] INFO  impl.FollowerState (FollowerState.java:run(117)) - 443b071d-6096-48d6-bfe7-498b7c8032c0@group-7EB39FB5DF22-FollowerState was interrupted: java.lang.InterruptedException: sleep interrupted
2019-10-17 07:42:02,512 [grpc-default-executor-4] INFO  impl.RoleInfo (RoleInfo.java:updateAndGet(143)) - 40d2d32e-dd25-45df-8070-f9dc56ccf0a7: start FollowerState
2019-10-17 07:42:02,512 [grpc-default-executor-1] INFO  impl.RoleInfo (RoleInfo.java:updateAndGet(143)) - 443b071d-6096-48d6-bfe7-498b7c8032c0: start FollowerState
2019-10-17 07:42:02,543 [cbde3520-0cea-4357-bb04-1a0ae64b2bb1@group-7EB39FB5DF22-LeaderElection239] INFO  impl.LeaderElection (LeaderElection.java:logAndReturn(56)) - cbde3520-0cea-4357-bb04-1a0ae64b2bb1@group-7EB39FB5DF22-LeaderElection239: Election REJECTED; received 2 response(s) [cbde3520-0cea-4357-bb04-1a0ae64b2bb1<-40d2d32e-dd25-45df-8070-f9dc56ccf0a7#0:FAIL-t254, cbde3520-0cea-4357-bb04-1a0ae64b2bb1<-443b071d-6096-48d6-bfe7-498b7c8032c0#0:FAIL-t254] and 0 exception(s); cbde3520-0cea-4357-bb04-1a0ae64b2bb1@group-7EB39FB5DF22:t254, leader=null, voted=cbde3520-0cea-4357-bb04-1a0ae64b2bb1, raftlog=cbde3520-0cea-4357-bb04-1a0ae64b2bb1@group-7EB39FB5DF22-SegmentedRaftLog:OPENED:c-1,f-1,i0, conf=-1: [40d2d32e-dd25-45df-8070-f9dc56ccf0a7:192.168.34.62:41633, cbde3520-0cea-4357-bb04-1a0ae64b2bb1:192.168.34.62:41642, 443b071d-6096-48d6-bfe7-498b7c8032c0:192.168.34.62:46516], old=null
2019-10-17 07:42:02,543 [cbde3520-0cea-4357-bb04-1a0ae64b2bb1@group-7EB39FB5DF22-LeaderElection239] INFO  impl.RaftServerImpl (RaftServerImpl.java:setRole(184)) - cbde3520-0cea-4357-bb04-1a0ae64b2bb1@group-7EB39FB5DF22: changes role from CANDIDATE to FOLLOWER at term 254 for DISCOVERED_A_NEW_TERM
2019-10-17 07:42:02,544 [cbde3520-0cea-4357-bb04-1a0ae64b2bb1@group-7EB39FB5DF22-LeaderElection239] INFO  impl.RoleInfo (RoleInfo.java:shutdownLeaderElection(134)) - cbde3520-0cea-4357-bb04-1a0ae64b2bb1: shutdown LeaderElection
2019-10-17 07:42:02,544 [cbde3520-0cea-4357-bb04-1a0ae64b2bb1@group-7EB39FB5DF22-LeaderElection239] INFO  impl.RoleInfo (RoleInfo.java:updateAndGet(143)) - cbde3520-0cea-4357-bb04-1a0ae64b2bb1: start FollowerState
2019-10-17 07:42:02,720 [Thread-1792] INFO  impl.FollowerState (FollowerState.java:run(108)) - cbde3520-0cea-4357-bb04-1a0ae64b2bb1@group-7EB39FB5DF22-FollowerState: change to CANDIDATE, lastRpcTime:176ms, electionTimeout:176ms
2019-10-17 07:42:02,720 [Thread-1792] INFO  impl.RoleInfo (RoleInfo.java:shutdownFollowerState(121)) - cbde3520-0cea-4357-bb04-1a0ae64b2bb1: shutdown FollowerState
2019-10-17 07:42:02,720 [Thread-1792] INFO  impl.RaftServerImpl (RaftServerImpl.java:setRole(184)) - cbde3520-0cea-4357-bb04-1a0ae64b2bb1@group-7EB39FB5DF22: changes role from  FOLLOWER to CANDIDATE at term 254 for changeToCandidate
2019-10-17 07:42:02,721 [Thread-1792] INFO  impl.RoleInfo (RoleInfo.java:updateAndGet(143)) - cbde3520-0cea-4357-bb04-1a0ae64b2bb1: start LeaderElection
2019-10-17 07:42:02,751 [cbde3520-0cea-4357-bb04-1a0ae64b2bb1@group-7EB39FB5DF22-LeaderElection240] INFO  impl.LeaderElection (LeaderElection.java:askForVotes(178)) - cbde3520-0cea-4357-bb04-1a0ae64b2bb1@group-7EB39FB5DF22-LeaderElection240: begin an election at term 255 for -1: [40d2d32e-dd25-45df-8070-f9dc56ccf0a7:192.168.34.62:41633, cbde3520-0cea-4357-bb04-1a0ae64b2bb1:192.168.34.62:41642, 443b071d-6096-48d6-bfe7-498b7c8032c0:192.168.34.62:46516], old=null
2019-10-17 07:42:02,753 [grpc-default-executor-4] INFO  impl.RaftServerImpl (RaftServerImpl.java:setRole(184)) - 40d2d32e-dd25-45df-8070-f9dc56ccf0a7@group-7EB39FB5DF22: changes role from  FOLLOWER to FOLLOWER at term 255 for recognizeCandidate:cbde3520-0cea-4357-bb04-1a0ae64b2bb1
2019-10-17 07:42:02,754 [grpc-default-executor-4] INFO  impl.RoleInfo (RoleInfo.java:shutdownFollowerState(121)) - 40d2d32e-dd25-45df-8070-f9dc56ccf0a7: shutdown FollowerState
2019-10-17 07:42:02,754 [grpc-default-executor-1] INFO  impl.RaftServerImpl (RaftServerImpl.java:setRole(184)) - 443b071d-6096-48d6-bfe7-498b7c8032c0@group-7EB39FB5DF22: changes role from  FOLLOWER to FOLLOWER at term 255 for recognizeCandidate:cbde3520-0cea-4357-bb04-1a0ae64b2bb1
2019-10-17 07:42:02,754 [Thread-1790] INFO  impl.FollowerState (FollowerState.java:run(117)) - 40d2d32e-dd25-45df-8070-f9dc56ccf0a7@group-7EB39FB5DF22-FollowerState was interrupted: java.lang.InterruptedException: sleep interrupted
2019-10-17 07:42:02,754 [grpc-default-executor-4] INFO  impl.RoleInfo (RoleInfo.java:updateAndGet(143)) - 40d2d32e-dd25-45df-8070-f9dc56ccf0a7: start FollowerState
2019-10-17 07:42:02,754 [grpc-default-executor-1] INFO  impl.RoleInfo (RoleInfo.java:shutdownFollowerState(121)) - 443b071d-6096-48d6-bfe7-498b7c8032c0: shutdown FollowerState
2019-10-17 07:42:02,755 [grpc-default-executor-1] INFO  impl.RoleInfo (RoleInfo.java:updateAndGet(143)) - 443b071d-6096-48d6-bfe7-498b7c8032c0: start FollowerState
2019-10-17 07:42:02,755 [Thread-1791] INFO  impl.FollowerState (FollowerState.java:run(117)) - 443b071d-6096-48d6-bfe7-498b7c8032c0@group-7EB39FB5DF22-FollowerState was interrupted: java.lang.InterruptedException: sleep interrupted
2019-10-17 07:42:02,781 [cbde3520-0cea-4357-bb04-1a0ae64b2bb1@group-7EB39FB5DF22-LeaderElection240] INFO  impl.LeaderElection (LeaderElection.java:logAndReturn(56)) - cbde3520-0cea-4357-bb04-1a0ae64b2bb1@group-7EB39FB5DF22-LeaderElection240: Election TIMEOUT; received 0 response(s) [] and 0 exception(s); cbde3520-0cea-4357-bb04-1a0ae64b2bb1@group-7EB39FB5DF22:t255, leader=null, voted=cbde3520-0cea-4357-bb04-1a0ae64b2bb1, raftlog=cbde3520-0cea-4357-bb04-1a0ae64b2bb1@group-7EB39FB5DF22-SegmentedRaftLog:OPENED:c-1,f-1,i0, conf=-1: [40d2d32e-dd25-45df-8070-f9dc56ccf0a7:192.168.34.62:41633, cbde3520-0cea-4357-bb04-1a0ae64b2bb1:192.168.34.62:41642, 443b071d-6096-48d6-bfe7-498b7c8032c0:192.168.34.62:46516], old=null
2019-10-17 07:42:02,810 [cbde3520-0cea-4357-bb04-1a0ae64b2bb1@group-7EB39FB5DF22-LeaderElection240] INFO  impl.LeaderElection (LeaderElection.java:askForVotes(178)) - cbde3520-0cea-4357-bb04-1a0ae64b2bb1@group-7EB39FB5DF22-LeaderElection240: begin an election at term 256 for -1: [40d2d32e-dd25-45df-8070-f9dc56ccf0a7:192.168.34.62:41633, cbde3520-0cea-4357-bb04-1a0ae64b2bb1:192.168.34.62:41642, 443b071d-6096-48d6-bfe7-498b7c8032c0:192.168.34.62:46516], old=null
2019-10-17 07:42:02,813 [grpc-default-executor-4] INFO  impl.RaftServerImpl (RaftServerImpl.java:setRole(184)) - 40d2d32e-dd25-45df-8070-f9dc56ccf0a7@group-7EB39FB5DF22: changes role from  FOLLOWER to FOLLOWER at term 256 for recognizeCandidate:cbde3520-0cea-4357-bb04-1a0ae64b2bb1
2019-10-17 07:42:02,813 [grpc-default-executor-4] INFO  impl.RoleInfo (RoleInfo.java:shutdownFollowerState(121)) - 40d2d32e-dd25-45df-8070-f9dc56ccf0a7: shutdown FollowerState
2019-10-17 07:42:02,813 [grpc-default-executor-4] INFO  impl.RoleInfo (RoleInfo.java:updateAndGet(143)) - 40d2d32e-dd25-45df-8070-f9dc56ccf0a7: start FollowerState
2019-10-17 07:42:02,813 [Thread-1796] INFO  impl.FollowerState (FollowerState.java:run(117)) - 40d2d32e-dd25-45df-8070-f9dc56ccf0a7@group-7EB39FB5DF22-FollowerState was interrupted: java.lang.InterruptedException: sleep interrupted
2019-10-17 07:42:02,813 [grpc-default-executor-1] INFO  impl.RaftServerImpl (RaftServerImpl.java:setRole(184)) - 443b071d-6096-48d6-bfe7-498b7c8032c0@group-7EB39FB5DF22: changes role from  FOLLOWER to FOLLOWER at term 256 for recognizeCandidate:cbde3520-0cea-4357-bb04-1a0ae64b2bb1
2019-10-17 07:42:02,814 [grpc-default-executor-1] INFO  impl.RoleInfo (RoleInfo.java:shutdownFollowerState(121)) - 443b071d-6096-48d6-bfe7-498b7c8032c0: shutdown FollowerState
2019-10-17 07:42:02,814 [grpc-default-executor-1] INFO  impl.RoleInfo (RoleInfo.java:updateAndGet(143)) - 443b071d-6096-48d6-bfe7-498b7c8032c0: start FollowerState
2019-10-17 07:42:02,814 [Thread-1797] INFO  impl.FollowerState (FollowerState.java:run(117)) - 443b071d-6096-48d6-bfe7-498b7c8032c0@group-7EB39FB5DF22-FollowerState was interrupted: java.lang.InterruptedException: sleep interrupted
2019-10-17 07:42:02,836 [cbde3520-0cea-4357-bb04-1a0ae64b2bb1@group-7EB39FB5DF22-LeaderElection240] INFO  impl.LeaderElection (LeaderElection.java:logAndReturn(56)) - cbde3520-0cea-4357-bb04-1a0ae64b2bb1@group-7EB39FB5DF22-LeaderElection240: Election REJECTED; received 2 response(s) [cbde3520-0cea-4357-bb04-1a0ae64b2bb1<-40d2d32e-dd25-45df-8070-f9dc56ccf0a7#0:FAIL-t256, cbde3520-0cea-4357-bb04-1a0ae64b2bb1<-443b071d-6096-48d6-bfe7-498b7c8032c0#0:FAIL-t256] and 0 exception(s); cbde3520-0cea-4357-bb04-1a0ae64b2bb1@group-7EB39FB5DF22:t256, leader=null, voted=cbde3520-0cea-4357-bb04-1a0ae64b2bb1, raftlog=cbde3520-0cea-4357-bb04-1a0ae64b2bb1@group-7EB39FB5DF22-SegmentedRaftLog:OPENED:c-1,f-1,i0, conf=-1: [40d2d32e-dd25-45df-8070-f9dc56ccf0a7:192.168.34.62:41633, cbde3520-0cea-4357-bb04-1a0ae64b2bb1:192.168.34.62:41642, 443b071d-6096-48d6-bfe7-498b7c8032c0:192.168.34.62:46516], old=null
2019-10-17 07:42:02,836 [cbde3520-0cea-4357-bb04-1a0ae64b2bb1@group-7EB39FB5DF22-LeaderElection240] INFO  impl.RaftServerImpl (RaftServerImpl.java:setRole(184)) - cbde3520-0cea-4357-bb04-1a0ae64b2bb1@group-7EB39FB5DF22: changes role from CANDIDATE to FOLLOWER at term 256 for DISCOVERED_A_NEW_TERM
2019-10-17 07:42:02,836 [cbde3520-0cea-4357-bb04-1a0ae64b2bb1@group-7EB39FB5DF22-LeaderElection240] INFO  impl.RoleInfo (RoleInfo.java:shutdownLeaderElection(134)) - cbde3520-0cea-4357-bb04-1a0ae64b2bb1: shutdown LeaderElection
2019-10-17 07:42:02,836 [cbde3520-0cea-4357-bb04-1a0ae64b2bb1@group-7EB39FB5DF22-LeaderElection240] INFO  impl.RoleInfo (RoleInfo.java:updateAndGet(143)) - cbde3520-0cea-4357-bb04-1a0ae64b2bb1: start FollowerState
2019-10-17 07:42:02,880 [Thread-1802] INFO  impl.FollowerState (FollowerState.java:run(108)) - cbde3520-0cea-4357-bb04-1a0ae64b2bb1@group-7EB39FB5DF22-FollowerState: change to CANDIDATE, lastRpcTime:43ms, electionTimeout:43ms
2019-10-17 07:42:02,880 [Thread-1802] INFO  impl.RoleInfo (RoleInfo.java:shutdownFollowerState(121)) - cbde3520-0cea-4357-bb04-1a0ae64b2bb1: shutdown FollowerState
2019-10-17 07:42:02,880 [Thread-1802] INFO  impl.RaftServerImpl (RaftServerImpl.java:setRole(184)) - cbde3520-0cea-4357-bb04-1a0ae64b2bb1@group-7EB39FB5DF22: changes role from  FOLLOWER to CANDIDATE at term 256 for changeToCandidate
2019-10-17 07:42:02,880 [Thread-1802] INFO  impl.RoleInfo (RoleInfo.java:updateAndGet(143)) - cbde3520-0cea-4357-bb04-1a0ae64b2bb1: start LeaderElection
2019-10-17 07:42:02,902 [cbde3520-0cea-4357-bb04-1a0ae64b2bb1@group-7EB39FB5DF22-LeaderElection241] INFO  impl.LeaderElection (LeaderElection.java:askForVotes(178)) - cbde3520-0cea-4357-bb04-1a0ae64b2bb1@group-7EB39FB5DF22-LeaderElection241: begin an election at term 257 for -1: [40d2d32e-dd25-45df-8070-f9dc56ccf0a7:192.168.34.62:41633, cbde3520-0cea-4357-bb04-1a0ae64b2bb1:192.168.34.62:41642, 443b071d-6096-48d6-bfe7-498b7c8032c0:192.168.34.62:46516], old=null
2019-10-17 07:42:02,905 [grpc-default-executor-4] INFO  impl.RaftServerImpl (RaftServerImpl.java:setRole(184)) - 40d2d32e-dd25-45df-8070-f9dc56ccf0a7@group-7EB39FB5DF22: changes role from  FOLLOWER to FOLLOWER at term 257 for recognizeCandidate:cbde3520-0cea-4357-bb04-1a0ae64b2bb1
2019-10-17 07:42:02,905 [grpc-default-executor-4] INFO  impl.RoleInfo (RoleInfo.java:shutdownFollowerState(121)) - 40d2d32e-dd25-45df-8070-f9dc56ccf0a7: shutdown FollowerState
2019-10-17 07:42:02,905 [grpc-default-executor-1] INFO  impl.RaftServerImpl (RaftServerImpl.java:setRole(184)) - 443b071d-6096-48d6-bfe7-498b7c8032c0@group-7EB39FB5DF22: changes role from  FOLLOWER to FOLLOWER at term 257 for recognizeCandidate:cbde3520-0cea-4357-bb04-1a0ae64b2bb1
2019-10-17 07:42:02,905 [grpc-default-executor-1] INFO  impl.RoleInfo (RoleInfo.java:shutdownFollowerState(121)) - 443b071d-6096-48d6-bfe7-498b7c8032c0: shutdown FollowerState
2019-10-17 07:42:02,905 [Thread-1800] INFO  impl.FollowerState (FollowerState.java:run(117)) - 40d2d32e-dd25-45df-8070-f9dc56ccf0a7@group-7EB39FB5DF22-FollowerState was interrupted: java.lang.InterruptedException: sleep interrupted
2019-10-17 07:42:02,905 [grpc-default-executor-4] INFO  impl.RoleInfo (RoleInfo.java:updateAndGet(143)) - 40d2d32e-dd25-45df-8070-f9dc56ccf0a7: start FollowerState
2019-10-17 07:42:02,906 [Thread-1801] INFO  impl.FollowerState (FollowerState.java:run(117)) - 443b071d-6096-48d6-bfe7-498b7c8032c0@group-7EB39FB5DF22-FollowerState was interrupted: java.lang.InterruptedException: sleep interrupted
2019-10-17 07:42:02,906 [grpc-default-executor-1] INFO  impl.RoleInfo (RoleInfo.java:updateAndGet(143)) - 443b071d-6096-48d6-bfe7-498b7c8032c0: start FollowerState
2019-10-17 07:42:02,930 [cbde3520-0cea-4357-bb04-1a0ae64b2bb1@group-7EB39FB5DF22-LeaderElection241] INFO  impl.LeaderElection (LeaderElection.java:logAndReturn(56)) - cbde3520-0cea-4357-bb04-1a0ae64b2bb1@group-7EB39FB5DF22-LeaderElection241: Election REJECTED; received 2 response(s) [cbde3520-0cea-4357-bb04-1a0ae64b2bb1<-40d2d32e-dd25-45df-8070-f9dc56ccf0a7#0:FAIL-t257, cbde3520-0cea-4357-bb04-1a0ae64b2bb1<-443b071d-6096-48d6-bfe7-498b7c8032c0#0:FAIL-t257] and 0 exception(s); cbde3520-0cea-4357-bb04-1a0ae64b2bb1@group-7EB39FB5DF22:t257, leader=null, voted=cbde3520-0cea-4357-bb04-1a0ae64b2bb1, raftlog=cbde3520-0cea-4357-bb04-1a0ae64b2bb1@group-7EB39FB5DF22-SegmentedRaftLog:OPENED:c-1,f-1,i0, conf=-1: [40d2d32e-dd25-45df-8070-f9dc56ccf0a7:192.168.34.62:41633, cbde3520-0cea-4357-bb04-1a0ae64b2bb1:192.168.34.62:41642, 443b071d-6096-48d6-bfe7-498b7c8032c0:192.168.34.62:46516], old=null
2019-10-17 07:42:02,930 [cbde3520-0cea-4357-bb04-1a0ae64b2bb1@group-7EB39FB5DF22-LeaderElection241] INFO  impl.RaftServerImpl (RaftServerImpl.java:setRole(184)) - cbde3520-0cea-4357-bb04-1a0ae64b2bb1@group-7EB39FB5DF22: changes role from CANDIDATE to FOLLOWER at term 257 for DISCOVERED_A_NEW_TERM
2019-10-17 07:42:02,930 [cbde3520-0cea-4357-bb04-1a0ae64b2bb1@group-7EB39FB5DF22-LeaderElection241] INFO  impl.RoleInfo (RoleInfo.java:shutdownLeaderElection(134)) - cbde3520-0cea-4357-bb04-1a0ae64b2bb1: shutdown LeaderElection
2019-10-17 07:42:02,930 [cbde3520-0cea-4357-bb04-1a0ae64b2bb1@group-7EB39FB5DF22-LeaderElection241] INFO  impl.RoleInfo (RoleInfo.java:updateAndGet(143)) - cbde3520-0cea-4357-bb04-1a0ae64b2bb1: start FollowerState
2019-10-17 07:42:03,002 [Thread-1808] INFO  impl.FollowerState (FollowerState.java:run(108)) - cbde3520-0cea-4357-bb04-1a0ae64b2bb1@group-7EB39FB5DF22-FollowerState: change to CANDIDATE, lastRpcTime:72ms, electionTimeout:72ms
2019-10-17 07:42:03,003 [Thread-1808] INFO  impl.RoleInfo (RoleInfo.java:shutdownFollowerState(121)) - cbde3520-0cea-4357-bb04-1a0ae64b2bb1: shutdown FollowerState
2019-10-17 07:42:03,003 [Thread-1808] INFO  impl.RaftServerImpl (RaftServerImpl.java:setRole(184)) - cbde3520-0cea-4357-bb04-1a0ae64b2bb1@group-7EB39FB5DF22: changes role from  FOLLOWER to CANDIDATE at term 257 for changeToCandidate
2019-10-17 07:42:03,003 [Thread-1808] INFO  impl.RoleInfo (RoleInfo.java:updateAndGet(143)) - cbde3520-0cea-4357-bb04-1a0ae64b2bb1: start LeaderElection
2019-10-17 07:42:03,027 [cbde3520-0cea-4357-bb04-1a0ae64b2bb1@group-7EB39FB5DF22-LeaderElection242] INFO  impl.LeaderElection (LeaderElection.java:askForVotes(178)) - cbde3520-0cea-4357-bb04-1a0ae64b2bb1@group-7EB39FB5DF22-LeaderElection242: begin an election at term 258 for -1: [40d2d32e-dd25-45df-8070-f9dc56ccf0a7:192.168.34.62:41633, cbde3520-0cea-4357-bb04-1a0ae64b2bb1:192.168.34.62:41642, 443b071d-6096-48d6-bfe7-498b7c8032c0:192.168.34.62:46516], old=null
2019-10-17 07:42:03,030 [grpc-default-executor-4] INFO  impl.RaftServerImpl (RaftServerImpl.java:setRole(184)) - 40d2d32e-dd25-45df-8070-f9dc56ccf0a7@group-7EB39FB5DF22: changes role from  FOLLOWER to FOLLOWER at term 258 for recognizeCandidate:cbde3520-0cea-4357-bb04-1a0ae64b2bb1
2019-10-17 07:42:03,030 [grpc-default-executor-1] INFO  impl.RaftServerImpl (RaftServerImpl.java:setRole(184)) - 443b071d-6096-48d6-bfe7-498b7c8032c0@group-7EB39FB5DF22: changes role from  FOLLOWER to FOLLOWER at term 258 for recognizeCandidate:cbde3520-0cea-4357-bb04-1a0ae64b2bb1
2019-10-17 07:42:03,030 [grpc-default-executor-4] INFO  impl.RoleInfo (RoleInfo.java:shutdownFollowerState(121)) - 40d2d32e-dd25-45df-8070-f9dc56ccf0a7: shutdown FollowerState
2019-10-17 07:42:03,030 [grpc-default-executor-1] INFO  impl.RoleInfo (RoleInfo.java:shutdownFollowerState(121)) - 443b071d-6096-48d6-bfe7-498b7c8032c0: shutdown FollowerState
2019-10-17 07:42:03,031 [Thread-1806] INFO  impl.FollowerState (FollowerState.java:run(117)) - 40d2d32e-dd25-45df-8070-f9dc56ccf0a7@group-7EB39FB5DF22-FollowerState was interrupted: java.lang.InterruptedException: sleep interrupted
2019-10-17 07:42:03,031 [grpc-default-executor-4] INFO  impl.RoleInfo (RoleInfo.java:updateAndGet(143)) - 40d2d32e-dd25-45df-8070-f9dc56ccf0a7: start FollowerState
2019-10-17 07:42:03,031 [Thread-1807] INFO  impl.FollowerState (FollowerState.java:run(117)) - 443b071d-6096-48d6-bfe7-498b7c8032c0@group-7EB39FB5DF22-FollowerState was interrupted: java.lang.InterruptedException: sleep interrupted
2019-10-17 07:42:03,031 [grpc-default-executor-1] INFO  impl.RoleInfo (RoleInfo.java:updateAndGet(143)) - 443b071d-6096-48d6-bfe7-498b7c8032c0: start FollowerState
2019-10-17 07:42:03,055 [cbde3520-0cea-4357-bb04-1a0ae64b2bb1@group-7EB39FB5DF22-LeaderElection242] INFO  impl.LeaderElection (LeaderElection.java:logAndReturn(56)) - cbde3520-0cea-4357-bb04-1a0ae64b2bb1@group-7EB39FB5DF22-LeaderElection242: Election REJECTED; received 2 response(s) [cbde3520-0cea-4357-bb04-1a0ae64b2bb1<-40d2d32e-dd25-45df-8070-f9dc56ccf0a7#0:FAIL-t258, cbde3520-0cea-4357-bb04-1a0ae64b2bb1<-443b071d-6096-48d6-bfe7-498b7c8032c0#0:FAIL-t258] and 0 exception(s); cbde3520-0cea-4357-bb04-1a0ae64b2bb1@group-7EB39FB5DF22:t258, leader=null, voted=cbde3520-0cea-4357-bb04-1a0ae64b2bb1, raftlog=cbde3520-0cea-4357-bb04-1a0ae64b2bb1@group-7EB39FB5DF22-SegmentedRaftLog:OPENED:c-1,f-1,i0, conf=-1: [40d2d32e-dd25-45df-8070-f9dc56ccf0a7:192.168.34.62:41633, cbde3520-0cea-4357-bb04-1a0ae64b2bb1:192.168.34.62:41642, 443b071d-6096-48d6-bfe7-498b7c8032c0:192.168.34.62:46516], old=null
2019-10-17 07:42:03,055 [cbde3520-0cea-4357-bb04-1a0ae64b2bb1@group-7EB39FB5DF22-LeaderElection242] INFO  impl.RaftServerImpl (RaftServerImpl.java:setRole(184)) - cbde3520-0cea-4357-bb04-1a0ae64b2bb1@group-7EB39FB5DF22: changes role from CANDIDATE to FOLLOWER at term 258 for DISCOVERED_A_NEW_TERM
2019-10-17 07:42:03,056 [cbde3520-0cea-4357-bb04-1a0ae64b2bb1@group-7EB39FB5DF22-LeaderElection242] INFO  impl.RoleInfo (RoleInfo.java:shutdownLeaderElection(134)) - cbde3520-0cea-4357-bb04-1a0ae64b2bb1: shutdown LeaderElection
2019-10-17 07:42:03,056 [cbde3520-0cea-4357-bb04-1a0ae64b2bb1@group-7EB39FB5DF22-LeaderElection242] INFO  impl.RoleInfo (RoleInfo.java:updateAndGet(143)) - cbde3520-0cea-4357-bb04-1a0ae64b2bb1: start FollowerState
2019-10-17 07:42:03,182 [Thread-1814] INFO  impl.FollowerState (FollowerState.java:run(108)) - cbde3520-0cea-4357-bb04-1a0ae64b2bb1@group-7EB39FB5DF22-FollowerState: change to CANDIDATE, lastRpcTime:126ms, electionTimeout:126ms
2019-10-17 07:42:03,182 [Thread-1814] INFO  impl.RoleInfo (RoleInfo.java:shutdownFollowerState(121)) - cbde3520-0cea-4357-bb04-1a0ae64b2bb1: shutdown FollowerState
2019-10-17 07:42:03,182 [Thread-1814] INFO  impl.RaftServerImpl (RaftServerImpl.java:setRole(184)) - cbde3520-0cea-4357-bb04-1a0ae64b2bb1@group-7EB39FB5DF22: changes role from  FOLLOWER to CANDIDATE at term 258 for changeToCandidate
2019-10-17 07:42:03,183 [Thread-1814] INFO  impl.RoleInfo (RoleInfo.java:updateAndGet(143)) - cbde3520-0cea-4357-bb04-1a0ae64b2bb1: start LeaderElection
2019-10-17 07:42:03,196 [cbde3520-0cea-4357-bb04-1a0ae64b2bb1@group-7EB39FB5DF22-LeaderElection243] INFO  impl.LeaderElection (LeaderElection.java:askForVotes(178)) - cbde3520-0cea-4357-bb04-1a0ae64b2bb1@group-7EB39FB5DF22-LeaderElection243: begin an election at term 259 for -1: [40d2d32e-dd25-45df-8070-f9dc56ccf0a7:192.168.34.62:41633, cbde3520-0cea-4357-bb04-1a0ae64b2bb1:192.168.34.62:41642, 443b071d-6096-48d6-bfe7-498b7c8032c0:192.168.34.62:46516], old=null
2019-10-17 07:42:03,198 [grpc-default-executor-4] INFO  impl.RaftServerImpl (RaftServerImpl.java:setRole(184)) - 40d2d32e-dd25-45df-8070-f9dc56ccf0a7@group-7EB39FB5DF22: changes role from  FOLLOWER to FOLLOWER at term 259 for recognizeCandidate:cbde3520-0cea-4357-bb04-1a0ae64b2bb1
2019-10-17 07:42:03,199 [grpc-default-executor-1] INFO  impl.RaftServerImpl (RaftServerImpl.java:setRole(184)) - 443b071d-6096-48d6-bfe7-498b7c8032c0@group-7EB39FB5DF22: changes role from  FOLLOWER to FOLLOWER at term 259 for recognizeCandidate:cbde3520-0cea-4357-bb04-1a0ae64b2bb1
2019-10-17 07:42:03,199 [grpc-default-executor-4] INFO  impl.RoleInfo (RoleInfo.java:shutdownFollowerState(121)) - 40d2d32e-dd25-45df-8070-f9dc56ccf0a7: shutdown FollowerState
2019-10-17 07:42:03,199 [grpc-default-executor-1] INFO  impl.RoleInfo (RoleInfo.java:shutdownFollowerState(121)) - 443b071d-6096-48d6-bfe7-498b7c8032c0: shutdown FollowerState
2019-10-17 07:42:03,199 [Thread-1812] INFO  impl.FollowerState (FollowerState.java:run(117)) - 40d2d32e-dd25-45df-8070-f9dc56ccf0a7@group-7EB39FB5DF22-FollowerState was interrupted: java.lang.InterruptedException: sleep interrupted
2019-10-17 07:42:03,199 [Thread-1813] INFO  impl.FollowerState (FollowerState.java:run(117)) - 443b071d-6096-48d6-bfe7-498b7c8032c0@group-7EB39FB5DF22-FollowerState was interrupted: java.lang.InterruptedException: sleep interrupted
2019-10-17 07:42:03,199 [grpc-default-executor-4] INFO  impl.RoleInfo (RoleInfo.java:updateAndGet(143)) - 40d2d32e-dd25-45df-8070-f9dc56ccf0a7: start FollowerState
2019-10-17 07:42:03,199 [grpc-default-executor-1] INFO  impl.RoleInfo (RoleInfo.java:updateAndGet(143)) - 443b071d-6096-48d6-bfe7-498b7c8032c0: start FollowerState
2019-10-17 07:42:03,217 [cbde3520-0cea-4357-bb04-1a0ae64b2bb1@group-7EB39FB5DF22-LeaderElection243] INFO  impl.LeaderElection (LeaderElection.java:logAndReturn(56)) - cbde3520-0cea-4357-bb04-1a0ae64b2bb1@group-7EB39FB5DF22-LeaderElection243: Election REJECTED; received 2 response(s) [cbde3520-0cea-4357-bb04-1a0ae64b2bb1<-40d2d32e-dd25-45df-8070-f9dc56ccf0a7#0:FAIL-t259, cbde3520-0cea-4357-bb04-1a0ae64b2bb1<-443b071d-6096-48d6-bfe7-498b7c8032c0#0:FAIL-t259] and 0 exception(s); cbde3520-0cea-4357-bb04-1a0ae64b2bb1@group-7EB39FB5DF22:t259, leader=null, voted=cbde3520-0cea-4357-bb04-1a0ae64b2bb1, raftlog=cbde3520-0cea-4357-bb04-1a0ae64b2bb1@group-7EB39FB5DF22-SegmentedRaftLog:OPENED:c-1,f-1,i0, conf=-1: [40d2d32e-dd25-45df-8070-f9dc56ccf0a7:192.168.34.62:41633, cbde3520-0cea-4357-bb04-1a0ae64b2bb1:192.168.34.62:41642, 443b071d-6096-48d6-bfe7-498b7c8032c0:192.168.34.62:46516], old=null
2019-10-17 07:42:03,217 [cbde3520-0cea-4357-bb04-1a0ae64b2bb1@group-7EB39FB5DF22-LeaderElection243] INFO  impl.RaftServerImpl (RaftServerImpl.java:setRole(184)) - cbde3520-0cea-4357-bb04-1a0ae64b2bb1@group-7EB39FB5DF22: changes role from CANDIDATE to FOLLOWER at term 259 for DISCOVERED_A_NEW_TERM
2019-10-17 07:42:03,217 [cbde3520-0cea-4357-bb04-1a0ae64b2bb1@group-7EB39FB5DF22-LeaderElection243] INFO  impl.RoleInfo (RoleInfo.java:shutdownLeaderElection(134)) - cbde3520-0cea-4357-bb04-1a0ae64b2bb1: shutdown LeaderElection
2019-10-17 07:42:03,217 [cbde3520-0cea-4357-bb04-1a0ae64b2bb1@group-7EB39FB5DF22-LeaderElection243] INFO  impl.RoleInfo (RoleInfo.java:updateAndGet(143)) - cbde3520-0cea-4357-bb04-1a0ae64b2bb1: start FollowerState
2019-10-17 07:42:03,219 [main] INFO  ozone.MiniOzoneClusterImpl (MiniOzoneClusterImpl.java:lambda$waitForClusterToBeReady$2(164)) - Waiting for 1 number of pipelines out of 5, to report a leader.
2019-10-17 07:42:03,316 [Thread-1820] INFO  impl.FollowerState (FollowerState.java:run(108)) - cbde3520-0cea-4357-bb04-1a0ae64b2bb1@group-7EB39FB5DF22-FollowerState: change to CANDIDATE, lastRpcTime:99ms, electionTimeout:99ms
2019-10-17 07:42:03,317 [Thread-1820] INFO  impl.RoleInfo (RoleInfo.java:shutdownFollowerState(121)) - cbde3520-0cea-4357-bb04-1a0ae64b2bb1: shutdown FollowerState
2019-10-17 07:42:03,317 [Thread-1820] INFO  impl.RaftServerImpl (RaftServerImpl.java:setRole(184)) - cbde3520-0cea-4357-bb04-1a0ae64b2bb1@group-7EB39FB5DF22: changes role from  FOLLOWER to CANDIDATE at term 259 for changeToCandidate
2019-10-17 07:42:03,317 [Thread-1820] INFO  impl.RoleInfo (RoleInfo.java:updateAndGet(143)) - cbde3520-0cea-4357-bb04-1a0ae64b2bb1: start LeaderElection
2019-10-17 07:42:03,349 [cbde3520-0cea-4357-bb04-1a0ae64b2bb1@group-7EB39FB5DF22-LeaderElection244] INFO  impl.LeaderElection (LeaderElection.java:askForVotes(178)) - cbde3520-0cea-4357-bb04-1a0ae64b2bb1@group-7EB39FB5DF22-LeaderElection244: begin an election at term 260 for -1: [40d2d32e-dd25-45df-8070-f9dc56ccf0a7:192.168.34.62:41633, cbde3520-0cea-4357-bb04-1a0ae64b2bb1:192.168.34.62:41642, 443b071d-6096-48d6-bfe7-498b7c8032c0:192.168.34.62:46516], old=null
2019-10-17 07:42:03,352 [grpc-default-executor-4] INFO  impl.RaftServerImpl (RaftServerImpl.java:setRole(184)) - 40d2d32e-dd25-45df-8070-f9dc56ccf0a7@group-7EB39FB5DF22: changes role from  FOLLOWER to FOLLOWER at term 260 for recognizeCandidate:cbde3520-0cea-4357-bb04-1a0ae64b2bb1
2019-10-17 07:42:03,352 [grpc-default-executor-4] INFO  impl.RoleInfo (RoleInfo.java:shutdownFollowerState(121)) - 40d2d32e-dd25-45df-8070-f9dc56ccf0a7: shutdown FollowerState
2019-10-17 07:42:03,352 [grpc-default-executor-1] INFO  impl.RaftServerImpl (RaftServerImpl.java:setRole(184)) - 443b071d-6096-48d6-bfe7-498b7c8032c0@group-7EB39FB5DF22: changes role from  FOLLOWER to FOLLOWER at term 260 for recognizeCandidate:cbde3520-0cea-4357-bb04-1a0ae64b2bb1
2019-10-17 07:42:03,352 [grpc-default-executor-1] INFO  impl.RoleInfo (RoleInfo.java:shutdownFollowerState(121)) - 443b071d-6096-48d6-bfe7-498b7c8032c0: shutdown FollowerState
2019-10-17 07:42:03,352 [Thread-1818] INFO  impl.FollowerState (FollowerState.java:run(117)) - 40d2d32e-dd25-45df-8070-f9dc56ccf0a7@group-7EB39FB5DF22-FollowerState was interrupted: java.lang.InterruptedException: sleep interrupted
2019-10-17 07:42:03,352 [grpc-default-executor-4] INFO  impl.RoleInfo (RoleInfo.java:updateAndGet(143)) - 40d2d32e-dd25-45df-8070-f9dc56ccf0a7: start FollowerState
2019-10-17 07:42:03,353 [Thread-1819] INFO  impl.FollowerState (FollowerState.java:run(117)) - 443b071d-6096-48d6-bfe7-498b7c8032c0@group-7EB39FB5DF22-FollowerState was interrupted: java.lang.InterruptedException: sleep interrupted
2019-10-17 07:42:03,353 [grpc-default-executor-1] INFO  impl.RoleInfo (RoleInfo.java:updateAndGet(143)) - 443b071d-6096-48d6-bfe7-498b7c8032c0: start FollowerState
2019-10-17 07:42:03,378 [cbde3520-0cea-4357-bb04-1a0ae64b2bb1@group-7EB39FB5DF22-LeaderElection244] INFO  impl.LeaderElection (LeaderElection.java:logAndReturn(56)) - cbde3520-0cea-4357-bb04-1a0ae64b2bb1@group-7EB39FB5DF22-LeaderElection244: Election REJECTED; received 2 response(s) [cbde3520-0cea-4357-bb04-1a0ae64b2bb1<-40d2d32e-dd25-45df-8070-f9dc56ccf0a7#0:FAIL-t260, cbde3520-0cea-4357-bb04-1a0ae64b2bb1<-443b071d-6096-48d6-bfe7-498b7c8032c0#0:FAIL-t260] and 0 exception(s); cbde3520-0cea-4357-bb04-1a0ae64b2bb1@group-7EB39FB5DF22:t260, leader=null, voted=cbde3520-0cea-4357-bb04-1a0ae64b2bb1, raftlog=cbde3520-0cea-4357-bb04-1a0ae64b2bb1@group-7EB39FB5DF22-SegmentedRaftLog:OPENED:c-1,f-1,i0, conf=-1: [40d2d32e-dd25-45df-8070-f9dc56ccf0a7:192.168.34.62:41633, cbde3520-0cea-4357-bb04-1a0ae64b2bb1:192.168.34.62:41642, 443b071d-6096-48d6-bfe7-498b7c8032c0:192.168.34.62:46516], old=null
2019-10-17 07:42:03,378 [cbde3520-0cea-4357-bb04-1a0ae64b2bb1@group-7EB39FB5DF22-LeaderElection244] INFO  impl.RaftServerImpl (RaftServerImpl.java:setRole(184)) - cbde3520-0cea-4357-bb04-1a0ae64b2bb1@group-7EB39FB5DF22: changes role from CANDIDATE to FOLLOWER at term 260 for DISCOVERED_A_NEW_TERM
2019-10-17 07:42:03,378 [cbde3520-0cea-4357-bb04-1a0ae64b2bb1@group-7EB39FB5DF22-LeaderElection244] INFO  impl.RoleInfo (RoleInfo.java:shutdownLeaderElection(134)) - cbde3520-0cea-4357-bb04-1a0ae64b2bb1: shutdown LeaderElection
2019-10-17 07:42:03,378 [cbde3520-0cea-4357-bb04-1a0ae64b2bb1@group-7EB39FB5DF22-LeaderElection244] INFO  impl.RoleInfo (RoleInfo.java:updateAndGet(143)) - cbde3520-0cea-4357-bb04-1a0ae64b2bb1: start FollowerState
2019-10-17 07:42:03,458 [Thread-1826] INFO  impl.FollowerState (FollowerState.java:run(108)) - cbde3520-0cea-4357-bb04-1a0ae64b2bb1@group-7EB39FB5DF22-FollowerState: change to CANDIDATE, lastRpcTime:79ms, electionTimeout:79ms
2019-10-17 07:42:03,458 [Thread-1826] INFO  impl.RoleInfo (RoleInfo.java:shutdownFollowerState(121)) - cbde3520-0cea-4357-bb04-1a0ae64b2bb1: shutdown FollowerState
2019-10-17 07:42:03,458 [Thread-1826] INFO  impl.RaftServerImpl (RaftServerImpl.java:setRole(184)) - cbde3520-0cea-4357-bb04-1a0ae64b2bb1@group-7EB39FB5DF22: changes role from  FOLLOWER to CANDIDATE at term 260 for changeToCandidate
2019-10-17 07:42:03,458 [Thread-1826] INFO  impl.RoleInfo (RoleInfo.java:updateAndGet(143)) - cbde3520-0cea-4357-bb04-1a0ae64b2bb1: start LeaderElection
2019-10-17 07:42:03,482 [cbde3520-0cea-4357-bb04-1a0ae64b2bb1@group-7EB39FB5DF22-LeaderElection245] INFO  impl.LeaderElection (LeaderElection.java:askForVotes(178)) - cbde3520-0cea-4357-bb04-1a0ae64b2bb1@group-7EB39FB5DF22-LeaderElection245: begin an election at term 261 for -1: [40d2d32e-dd25-45df-8070-f9dc56ccf0a7:192.168.34.62:41633, cbde3520-0cea-4357-bb04-1a0ae64b2bb1:192.168.34.62:41642, 443b071d-6096-48d6-bfe7-498b7c8032c0:192.168.34.62:46516], old=null
2019-10-17 07:42:03,483 [cbde3520-0cea-4357-bb04-1a0ae64b2bb1@group-7EB39FB5DF22-LeaderElection245] INFO  impl.LeaderElection (LeaderElection.java:logAndReturn(56)) - cbde3520-0cea-4357-bb04-1a0ae64b2bb1@group-7EB39FB5DF22-LeaderElection245: Election TIMEOUT; received 0 response(s) [] and 0 exception(s); cbde3520-0cea-4357-bb04-1a0ae64b2bb1@group-7EB39FB5DF22:t261, leader=null, voted=cbde3520-0cea-4357-bb04-1a0ae64b2bb1, raftlog=cbde3520-0cea-4357-bb04-1a0ae64b2bb1@group-7EB39FB5DF22-SegmentedRaftLog:OPENED:c-1,f-1,i0, conf=-1: [40d2d32e-dd25-45df-8070-f9dc56ccf0a7:192.168.34.62:41633, cbde3520-0cea-4357-bb04-1a0ae64b2bb1:192.168.34.62:41642, 443b071d-6096-48d6-bfe7-498b7c8032c0:192.168.34.62:46516], old=null
2019-10-17 07:42:03,485 [grpc-default-executor-4] INFO  impl.RaftServerImpl (RaftServerImpl.java:setRole(184)) - 40d2d32e-dd25-45df-8070-f9dc56ccf0a7@group-7EB39FB5DF22: changes role from  FOLLOWER to FOLLOWER at term 261 for recognizeCandidate:cbde3520-0cea-4357-bb04-1a0ae64b2bb1
2019-10-17 07:42:03,485 [grpc-default-executor-4] INFO  impl.RoleInfo (RoleInfo.java:shutdownFollowerState(121)) - 40d2d32e-dd25-45df-8070-f9dc56ccf0a7: shutdown FollowerState
2019-10-17 07:42:03,486 [grpc-default-executor-4] INFO  impl.RoleInfo (RoleInfo.java:updateAndGet(143)) - 40d2d32e-dd25-45df-8070-f9dc56ccf0a7: start FollowerState
2019-10-17 07:42:03,486 [Thread-1824] INFO  impl.FollowerState (FollowerState.java:run(117)) - 40d2d32e-dd25-45df-8070-f9dc56ccf0a7@group-7EB39FB5DF22-FollowerState was interrupted: java.lang.InterruptedException: sleep interrupted
2019-10-17 07:42:03,486 [grpc-default-executor-1] INFO  impl.RaftServerImpl (RaftServerImpl.java:setRole(184)) - 443b071d-6096-48d6-bfe7-498b7c8032c0@group-7EB39FB5DF22: changes role from  FOLLOWER to FOLLOWER at term 261 for recognizeCandidate:cbde3520-0cea-4357-bb04-1a0ae64b2bb1
2019-10-17 07:42:03,486 [grpc-default-executor-1] INFO  impl.RoleInfo (RoleInfo.java:shutdownFollowerState(121)) - 443b071d-6096-48d6-bfe7-498b7c8032c0: shutdown FollowerState
2019-10-17 07:42:03,486 [grpc-default-executor-1] INFO  impl.RoleInfo (RoleInfo.java:updateAndGet(143)) - 443b071d-6096-48d6-bfe7-498b7c8032c0: start FollowerState
2019-10-17 07:42:03,486 [Thread-1825] INFO  impl.FollowerState (FollowerState.java:run(117)) - 443b071d-6096-48d6-bfe7-498b7c8032c0@group-7EB39FB5DF22-FollowerState was interrupted: java.lang.InterruptedException: sleep interrupted
2019-10-17 07:42:03,513 [cbde3520-0cea-4357-bb04-1a0ae64b2bb1@group-7EB39FB5DF22-LeaderElection245] INFO  impl.LeaderElection (LeaderElection.java:askForVotes(178)) - cbde3520-0cea-4357-bb04-1a0ae64b2bb1@group-7EB39FB5DF22-LeaderElection245: begin an election at term 262 for -1: [40d2d32e-dd25-45df-8070-f9dc56ccf0a7:192.168.34.62:41633, cbde3520-0cea-4357-bb04-1a0ae64b2bb1:192.168.34.62:41642, 443b071d-6096-48d6-bfe7-498b7c8032c0:192.168.34.62:46516], old=null
2019-10-17 07:42:03,514 [cbde3520-0cea-4357-bb04-1a0ae64b2bb1@group-7EB39FB5DF22-LeaderElection245] INFO  impl.LeaderElection (LeaderElection.java:logAndReturn(56)) - cbde3520-0cea-4357-bb04-1a0ae64b2bb1@group-7EB39FB5DF22-LeaderElection245: Election TIMEOUT; received 0 response(s) [] and 0 exception(s); cbde3520-0cea-4357-bb04-1a0ae64b2bb1@group-7EB39FB5DF22:t262, leader=null, voted=cbde3520-0cea-4357-bb04-1a0ae64b2bb1, raftlog=cbde3520-0cea-4357-bb04-1a0ae64b2bb1@group-7EB39FB5DF22-SegmentedRaftLog:OPENED:c-1,f-1,i0, conf=-1: [40d2d32e-dd25-45df-8070-f9dc56ccf0a7:192.168.34.62:41633, cbde3520-0cea-4357-bb04-1a0ae64b2bb1:192.168.34.62:41642, 443b071d-6096-48d6-bfe7-498b7c8032c0:192.168.34.62:46516], old=null
2019-10-17 07:42:03,516 [grpc-default-executor-4] INFO  impl.RaftServerImpl (RaftServerImpl.java:setRole(184)) - 443b071d-6096-48d6-bfe7-498b7c8032c0@group-7EB39FB5DF22: changes role from  FOLLOWER to FOLLOWER at term 262 for recognizeCandidate:cbde3520-0cea-4357-bb04-1a0ae64b2bb1
2019-10-17 07:42:03,516 [grpc-default-executor-4] INFO  impl.RoleInfo (RoleInfo.java:shutdownFollowerState(121)) - 443b071d-6096-48d6-bfe7-498b7c8032c0: shutdown FollowerState
2019-10-17 07:42:03,516 [grpc-default-executor-1] INFO  impl.RaftServerImpl (RaftServerImpl.java:setRole(184)) - 40d2d32e-dd25-45df-8070-f9dc56ccf0a7@group-7EB39FB5DF22: changes role from  FOLLOWER to FOLLOWER at term 262 for recognizeCandidate:cbde3520-0cea-4357-bb04-1a0ae64b2bb1
2019-10-17 07:42:03,516 [Thread-1831] INFO  impl.FollowerState (FollowerState.java:run(117)) - 443b071d-6096-48d6-bfe7-498b7c8032c0@group-7EB39FB5DF22-FollowerState was interrupted: java.lang.InterruptedException: sleep interrupted
2019-10-17 07:42:03,516 [grpc-default-executor-4] INFO  impl.RoleInfo (RoleInfo.java:updateAndGet(143)) - 443b071d-6096-48d6-bfe7-498b7c8032c0: start FollowerState
2019-10-17 07:42:03,517 [grpc-default-executor-1] INFO  impl.RoleInfo (RoleInfo.java:shutdownFollowerState(121)) - 40d2d32e-dd25-45df-8070-f9dc56ccf0a7: shutdown FollowerState
2019-10-17 07:42:03,517 [grpc-default-executor-1] INFO  impl.RoleInfo (RoleInfo.java:updateAndGet(143)) - 40d2d32e-dd25-45df-8070-f9dc56ccf0a7: start FollowerState
2019-10-17 07:42:03,517 [Thread-1830] INFO  impl.FollowerState (FollowerState.java:run(117)) - 40d2d32e-dd25-45df-8070-f9dc56ccf0a7@group-7EB39FB5DF22-FollowerState was interrupted: java.lang.InterruptedException: sleep interrupted
2019-10-17 07:42:03,532 [cbde3520-0cea-4357-bb04-1a0ae64b2bb1@group-7EB39FB5DF22-LeaderElection245] INFO  impl.LeaderElection (LeaderElection.java:askForVotes(178)) - cbde3520-0cea-4357-bb04-1a0ae64b2bb1@group-7EB39FB5DF22-LeaderElection245: begin an election at term 263 for -1: [40d2d32e-dd25-45df-8070-f9dc56ccf0a7:192.168.34.62:41633, cbde3520-0cea-4357-bb04-1a0ae64b2bb1:192.168.34.62:41642, 443b071d-6096-48d6-bfe7-498b7c8032c0:192.168.34.62:46516], old=null
2019-10-17 07:42:03,534 [grpc-default-executor-1] INFO  impl.RaftServerImpl (RaftServerImpl.java:setRole(184)) - 40d2d32e-dd25-45df-8070-f9dc56ccf0a7@group-7EB39FB5DF22: changes role from  FOLLOWER to FOLLOWER at term 263 for recognizeCandidate:cbde3520-0cea-4357-bb04-1a0ae64b2bb1
2019-10-17 07:42:03,534 [grpc-default-executor-4] INFO  impl.RaftServerImpl (RaftServerImpl.java:setRole(184)) - 443b071d-6096-48d6-bfe7-498b7c8032c0@group-7EB39FB5DF22: changes role from  FOLLOWER to FOLLOWER at term 263 for recognizeCandidate:cbde3520-0cea-4357-bb04-1a0ae64b2bb1
2019-10-17 07:42:03,534 [grpc-default-executor-1] INFO  impl.RoleInfo (RoleInfo.java:shutdownFollowerState(121)) - 40d2d32e-dd25-45df-8070-f9dc56ccf0a7: shutdown FollowerState
2019-10-17 07:42:03,534 [grpc-default-executor-4] INFO  impl.RoleInfo (RoleInfo.java:shutdownFollowerState(121)) - 443b071d-6096-48d6-bfe7-498b7c8032c0: shutdown FollowerState
2019-10-17 07:42:03,535 [grpc-default-executor-4] INFO  impl.RoleInfo (RoleInfo.java:updateAndGet(143)) - 443b071d-6096-48d6-bfe7-498b7c8032c0: start FollowerState
2019-10-17 07:42:03,535 [Thread-1835] INFO  impl.FollowerState (FollowerState.java:run(117)) - 40d2d32e-dd25-45df-8070-f9dc56ccf0a7@group-7EB39FB5DF22-FollowerState was interrupted: java.lang.InterruptedException: sleep interrupted
2019-10-17 07:42:03,535 [grpc-default-executor-1] INFO  impl.RoleInfo (RoleInfo.java:updateAndGet(143)) - 40d2d32e-dd25-45df-8070-f9dc56ccf0a7: start FollowerState
2019-10-17 07:42:03,535 [Thread-1834] INFO  impl.FollowerState (FollowerState.java:run(117)) - 443b071d-6096-48d6-bfe7-498b7c8032c0@group-7EB39FB5DF22-FollowerState was interrupted: java.lang.InterruptedException: sleep interrupted
2019-10-17 07:42:03,550 [cbde3520-0cea-4357-bb04-1a0ae64b2bb1@group-7EB39FB5DF22-LeaderElection245] INFO  impl.LeaderElection (LeaderElection.java:logAndReturn(56)) - cbde3520-0cea-4357-bb04-1a0ae64b2bb1@group-7EB39FB5DF22-LeaderElection245: Election REJECTED; received 2 response(s) [cbde3520-0cea-4357-bb04-1a0ae64b2bb1<-40d2d32e-dd25-45df-8070-f9dc56ccf0a7#0:FAIL-t263, cbde3520-0cea-4357-bb04-1a0ae64b2bb1<-443b071d-6096-48d6-bfe7-498b7c8032c0#0:FAIL-t263] and 0 exception(s); cbde3520-0cea-4357-bb04-1a0ae64b2bb1@group-7EB39FB5DF22:t263, leader=null, voted=cbde3520-0cea-4357-bb04-1a0ae64b2bb1, raftlog=cbde3520-0cea-4357-bb04-1a0ae64b2bb1@group-7EB39FB5DF22-SegmentedRaftLog:OPENED:c-1,f-1,i0, conf=-1: [40d2d32e-dd25-45df-8070-f9dc56ccf0a7:192.168.34.62:41633, cbde3520-0cea-4357-bb04-1a0ae64b2bb1:192.168.34.62:41642, 443b071d-6096-48d6-bfe7-498b7c8032c0:192.168.34.62:46516], old=null
2019-10-17 07:42:03,550 [cbde3520-0cea-4357-bb04-1a0ae64b2bb1@group-7EB39FB5DF22-LeaderElection245] INFO  impl.RaftServerImpl (RaftServerImpl.java:setRole(184)) - cbde3520-0cea-4357-bb04-1a0ae64b2bb1@group-7EB39FB5DF22: changes role from CANDIDATE to FOLLOWER at term 263 for DISCOVERED_A_NEW_TERM
2019-10-17 07:42:03,550 [cbde3520-0cea-4357-bb04-1a0ae64b2bb1@group-7EB39FB5DF22-LeaderElection245] INFO  impl.RoleInfo (RoleInfo.java:shutdownLeaderElection(134)) - cbde3520-0cea-4357-bb04-1a0ae64b2bb1: shutdown LeaderElection
2019-10-17 07:42:03,550 [cbde3520-0cea-4357-bb04-1a0ae64b2bb1@group-7EB39FB5DF22-LeaderElection245] INFO  impl.RoleInfo (RoleInfo.java:updateAndGet(143)) - cbde3520-0cea-4357-bb04-1a0ae64b2bb1: start FollowerState
2019-10-17 07:42:03,736 [Thread-1840] INFO  impl.FollowerState (FollowerState.java:run(108)) - cbde3520-0cea-4357-bb04-1a0ae64b2bb1@group-7EB39FB5DF22-FollowerState: change to CANDIDATE, lastRpcTime:185ms, electionTimeout:185ms
2019-10-17 07:42:03,736 [Thread-1840] INFO  impl.RoleInfo (RoleInfo.java:shutdownFollowerState(121)) - cbde3520-0cea-4357-bb04-1a0ae64b2bb1: shutdown FollowerState
2019-10-17 07:42:03,736 [Thread-1840] INFO  impl.RaftServerImpl (RaftServerImpl.java:setRole(184)) - cbde3520-0cea-4357-bb04-1a0ae64b2bb1@group-7EB39FB5DF22: changes role from  FOLLOWER to CANDIDATE at term 263 for changeToCandidate
2019-10-17 07:42:03,736 [Thread-1840] INFO  impl.RoleInfo (RoleInfo.java:updateAndGet(143)) - cbde3520-0cea-4357-bb04-1a0ae64b2bb1: start LeaderElection
2019-10-17 07:42:03,764 [cbde3520-0cea-4357-bb04-1a0ae64b2bb1@group-7EB39FB5DF22-LeaderElection246] INFO  impl.LeaderElection (LeaderElection.java:askForVotes(178)) - cbde3520-0cea-4357-bb04-1a0ae64b2bb1@group-7EB39FB5DF22-LeaderElection246: begin an election at term 264 for -1: [40d2d32e-dd25-45df-8070-f9dc56ccf0a7:192.168.34.62:41633, cbde3520-0cea-4357-bb04-1a0ae64b2bb1:192.168.34.62:41642, 443b071d-6096-48d6-bfe7-498b7c8032c0:192.168.34.62:46516], old=null
2019-10-17 07:42:03,766 [grpc-default-executor-1] INFO  impl.RaftServerImpl (RaftServerImpl.java:setRole(184)) - 40d2d32e-dd25-45df-8070-f9dc56ccf0a7@group-7EB39FB5DF22: changes role from  FOLLOWER to FOLLOWER at term 264 for recognizeCandidate:cbde3520-0cea-4357-bb04-1a0ae64b2bb1
2019-10-17 07:42:03,766 [grpc-default-executor-1] INFO  impl.RoleInfo (RoleInfo.java:shutdownFollowerState(121)) - 40d2d32e-dd25-45df-8070-f9dc56ccf0a7: shutdown FollowerState
2019-10-17 07:42:03,766 [grpc-default-executor-1] INFO  impl.RoleInfo (RoleInfo.java:updateAndGet(143)) - 40d2d32e-dd25-45df-8070-f9dc56ccf0a7: start FollowerState
2019-10-17 07:42:03,766 [Thread-1838] INFO  impl.FollowerState (FollowerState.java:run(117)) - 40d2d32e-dd25-45df-8070-f9dc56ccf0a7@group-7EB39FB5DF22-FollowerState was interrupted: java.lang.InterruptedException: sleep interrupted
2019-10-17 07:42:03,766 [grpc-default-executor-4] INFO  impl.RaftServerImpl (RaftServerImpl.java:setRole(184)) - 443b071d-6096-48d6-bfe7-498b7c8032c0@group-7EB39FB5DF22: changes role from  FOLLOWER to FOLLOWER at term 264 for recognizeCandidate:cbde3520-0cea-4357-bb04-1a0ae64b2bb1
2019-10-17 07:42:03,767 [grpc-default-executor-4] INFO  impl.RoleInfo (RoleInfo.java:shutdownFollowerState(121)) - 443b071d-6096-48d6-bfe7-498b7c8032c0: shutdown FollowerState
2019-10-17 07:42:03,767 [grpc-default-executor-4] INFO  impl.RoleInfo (RoleInfo.java:updateAndGet(143)) - 443b071d-6096-48d6-bfe7-498b7c8032c0: start FollowerState
2019-10-17 07:42:03,767 [Thread-1839] INFO  impl.FollowerState (FollowerState.java:run(117)) - 443b071d-6096-48d6-bfe7-498b7c8032c0@group-7EB39FB5DF22-FollowerState was interrupted: java.lang.InterruptedException: sleep interrupted
2019-10-17 07:42:03,780 [cbde3520-0cea-4357-bb04-1a0ae64b2bb1@group-7EB39FB5DF22-LeaderElection246] INFO  impl.LeaderElection (LeaderElection.java:logAndReturn(56)) - cbde3520-0cea-4357-bb04-1a0ae64b2bb1@group-7EB39FB5DF22-LeaderElection246: Election REJECTED; received 2 response(s) [cbde3520-0cea-4357-bb04-1a0ae64b2bb1<-40d2d32e-dd25-45df-8070-f9dc56ccf0a7#0:FAIL-t264, cbde3520-0cea-4357-bb04-1a0ae64b2bb1<-443b071d-6096-48d6-bfe7-498b7c8032c0#0:FAIL-t264] and 0 exception(s); cbde3520-0cea-4357-bb04-1a0ae64b2bb1@group-7EB39FB5DF22:t264, leader=null, voted=cbde3520-0cea-4357-bb04-1a0ae64b2bb1, raftlog=cbde3520-0cea-4357-bb04-1a0ae64b2bb1@group-7EB39FB5DF22-SegmentedRaftLog:OPENED:c-1,f-1,i0, conf=-1: [40d2d32e-dd25-45df-8070-f9dc56ccf0a7:192.168.34.62:41633, cbde3520-0cea-4357-bb04-1a0ae64b2bb1:192.168.34.62:41642, 443b071d-6096-48d6-bfe7-498b7c8032c0:192.168.34.62:46516], old=null
2019-10-17 07:42:03,780 [cbde3520-0cea-4357-bb04-1a0ae64b2bb1@group-7EB39FB5DF22-LeaderElection246] INFO  impl.RaftServerImpl (RaftServerImpl.java:setRole(184)) - cbde3520-0cea-4357-bb04-1a0ae64b2bb1@group-7EB39FB5DF22: changes role from CANDIDATE to FOLLOWER at term 264 for DISCOVERED_A_NEW_TERM
2019-10-17 07:42:03,780 [cbde3520-0cea-4357-bb04-1a0ae64b2bb1@group-7EB39FB5DF22-LeaderElection246] INFO  impl.RoleInfo (RoleInfo.java:shutdownLeaderElection(134)) - cbde3520-0cea-4357-bb04-1a0ae64b2bb1: shutdown LeaderElection
2019-10-17 07:42:03,780 [cbde3520-0cea-4357-bb04-1a0ae64b2bb1@group-7EB39FB5DF22-LeaderElection246] INFO  impl.RoleInfo (RoleInfo.java:updateAndGet(143)) - cbde3520-0cea-4357-bb04-1a0ae64b2bb1: start FollowerState
2019-10-17 07:42:03,932 [Thread-1846] INFO  impl.FollowerState (FollowerState.java:run(108)) - cbde3520-0cea-4357-bb04-1a0ae64b2bb1@group-7EB39FB5DF22-FollowerState: change to CANDIDATE, lastRpcTime:152ms, electionTimeout:152ms
2019-10-17 07:42:03,932 [Thread-1846] INFO  impl.RoleInfo (RoleInfo.java:shutdownFollowerState(121)) - cbde3520-0cea-4357-bb04-1a0ae64b2bb1: shutdown FollowerState
2019-10-17 07:42:03,933 [Thread-1846] INFO  impl.RaftServerImpl (RaftServerImpl.java:setRole(184)) - cbde3520-0cea-4357-bb04-1a0ae64b2bb1@group-7EB39FB5DF22: changes role from  FOLLOWER to CANDIDATE at term 264 for changeToCandidate
2019-10-17 07:42:03,933 [Thread-1846] INFO  impl.RoleInfo (RoleInfo.java:updateAndGet(143)) - cbde3520-0cea-4357-bb04-1a0ae64b2bb1: start LeaderElection
2019-10-17 07:42:03,957 [cbde3520-0cea-4357-bb04-1a0ae64b2bb1@group-7EB39FB5DF22-LeaderElection247] INFO  impl.LeaderElection (LeaderElection.java:askForVotes(178)) - cbde3520-0cea-4357-bb04-1a0ae64b2bb1@group-7EB39FB5DF22-LeaderElection247: begin an election at term 265 for -1: [40d2d32e-dd25-45df-8070-f9dc56ccf0a7:192.168.34.62:41633, cbde3520-0cea-4357-bb04-1a0ae64b2bb1:192.168.34.62:41642, 443b071d-6096-48d6-bfe7-498b7c8032c0:192.168.34.62:46516], old=null
2019-10-17 07:42:03,959 [grpc-default-executor-1] INFO  impl.RaftServerImpl (RaftServerImpl.java:setRole(184)) - 443b071d-6096-48d6-bfe7-498b7c8032c0@group-7EB39FB5DF22: changes role from  FOLLOWER to FOLLOWER at term 265 for recognizeCandidate:cbde3520-0cea-4357-bb04-1a0ae64b2bb1
2019-10-17 07:42:03,959 [grpc-default-executor-4] INFO  impl.RaftServerImpl (RaftServerImpl.java:setRole(184)) - 40d2d32e-dd25-45df-8070-f9dc56ccf0a7@group-7EB39FB5DF22: changes role from  FOLLOWER to FOLLOWER at term 265 for recognizeCandidate:cbde3520-0cea-4357-bb04-1a0ae64b2bb1
2019-10-17 07:42:03,959 [grpc-default-executor-1] INFO  impl.RoleInfo (RoleInfo.java:shutdownFollowerState(121)) - 443b071d-6096-48d6-bfe7-498b7c8032c0: shutdown FollowerState
2019-10-17 07:42:03,959 [grpc-default-executor-4] INFO  impl.RoleInfo (RoleInfo.java:shutdownFollowerState(121)) - 40d2d32e-dd25-45df-8070-f9dc56ccf0a7: shutdown FollowerState
2019-10-17 07:42:03,959 [Thread-1845] INFO  impl.FollowerState (FollowerState.java:run(117)) - 443b071d-6096-48d6-bfe7-498b7c8032c0@group-7EB39FB5DF22-FollowerState was interrupted: java.lang.InterruptedException: sleep interrupted
2019-10-17 07:42:03,959 [grpc-default-executor-1] INFO  impl.RoleInfo (RoleInfo.java:updateAndGet(143)) - 443b071d-6096-48d6-bfe7-498b7c8032c0: start FollowerState
2019-10-17 07:42:03,959 [Thread-1844] INFO  impl.FollowerState (FollowerState.java:run(117)) - 40d2d32e-dd25-45df-8070-f9dc56ccf0a7@group-7EB39FB5DF22-FollowerState was interrupted: java.lang.InterruptedException: sleep interrupted
2019-10-17 07:42:03,959 [grpc-default-executor-4] INFO  impl.RoleInfo (RoleInfo.java:updateAndGet(143)) - 40d2d32e-dd25-45df-8070-f9dc56ccf0a7: start FollowerState
2019-10-17 07:42:03,973 [cbde3520-0cea-4357-bb04-1a0ae64b2bb1@group-7EB39FB5DF22-LeaderElection247] INFO  impl.LeaderElection (LeaderElection.java:logAndReturn(56)) - cbde3520-0cea-4357-bb04-1a0ae64b2bb1@group-7EB39FB5DF22-LeaderElection247: Election REJECTED; received 2 response(s) [cbde3520-0cea-4357-bb04-1a0ae64b2bb1<-40d2d32e-dd25-45df-8070-f9dc56ccf0a7#0:FAIL-t265, cbde3520-0cea-4357-bb04-1a0ae64b2bb1<-443b071d-6096-48d6-bfe7-498b7c8032c0#0:FAIL-t265] and 0 exception(s); cbde3520-0cea-4357-bb04-1a0ae64b2bb1@group-7EB39FB5DF22:t265, leader=null, voted=cbde3520-0cea-4357-bb04-1a0ae64b2bb1, raftlog=cbde3520-0cea-4357-bb04-1a0ae64b2bb1@group-7EB39FB5DF22-SegmentedRaftLog:OPENED:c-1,f-1,i0, conf=-1: [40d2d32e-dd25-45df-8070-f9dc56ccf0a7:192.168.34.62:41633, cbde3520-0cea-4357-bb04-1a0ae64b2bb1:192.168.34.62:41642, 443b071d-6096-48d6-bfe7-498b7c8032c0:192.168.34.62:46516], old=null
2019-10-17 07:42:03,973 [cbde3520-0cea-4357-bb04-1a0ae64b2bb1@group-7EB39FB5DF22-LeaderElection247] INFO  impl.RaftServerImpl (RaftServerImpl.java:setRole(184)) - cbde3520-0cea-4357-bb04-1a0ae64b2bb1@group-7EB39FB5DF22: changes role from CANDIDATE to FOLLOWER at term 265 for DISCOVERED_A_NEW_TERM
2019-10-17 07:42:03,973 [cbde3520-0cea-4357-bb04-1a0ae64b2bb1@group-7EB39FB5DF22-LeaderElection247] INFO  impl.RoleInfo (RoleInfo.java:shutdownLeaderElection(134)) - cbde3520-0cea-4357-bb04-1a0ae64b2bb1: shutdown LeaderElection
2019-10-17 07:42:03,973 [cbde3520-0cea-4357-bb04-1a0ae64b2bb1@group-7EB39FB5DF22-LeaderElection247] INFO  impl.RoleInfo (RoleInfo.java:updateAndGet(143)) - cbde3520-0cea-4357-bb04-1a0ae64b2bb1: start FollowerState
2019-10-17 07:42:04,118 [Thread-1852] INFO  impl.FollowerState (FollowerState.java:run(108)) - cbde3520-0cea-4357-bb04-1a0ae64b2bb1@group-7EB39FB5DF22-FollowerState: change to CANDIDATE, lastRpcTime:144ms, electionTimeout:144ms
2019-10-17 07:42:04,118 [Thread-1852] INFO  impl.RoleInfo (RoleInfo.java:shutdownFollowerState(121)) - cbde3520-0cea-4357-bb04-1a0ae64b2bb1: shutdown FollowerState
2019-10-17 07:42:04,118 [Thread-1852] INFO  impl.RaftServerImpl (RaftServerImpl.java:setRole(184)) - cbde3520-0cea-4357-bb04-1a0ae64b2bb1@group-7EB39FB5DF22: changes role from  FOLLOWER to CANDIDATE at term 265 for changeToCandidate
2019-10-17 07:42:04,118 [Thread-1852] INFO  impl.RoleInfo (RoleInfo.java:updateAndGet(143)) - cbde3520-0cea-4357-bb04-1a0ae64b2bb1: start LeaderElection
2019-10-17 07:42:04,141 [cbde3520-0cea-4357-bb04-1a0ae64b2bb1@group-7EB39FB5DF22-LeaderElection248] INFO  impl.LeaderElection (LeaderElection.java:askForVotes(178)) - cbde3520-0cea-4357-bb04-1a0ae64b2bb1@group-7EB39FB5DF22-LeaderElection248: begin an election at term 266 for -1: [40d2d32e-dd25-45df-8070-f9dc56ccf0a7:192.168.34.62:41633, cbde3520-0cea-4357-bb04-1a0ae64b2bb1:192.168.34.62:41642, 443b071d-6096-48d6-bfe7-498b7c8032c0:192.168.34.62:46516], old=null
2019-10-17 07:42:04,144 [grpc-default-executor-1] INFO  impl.RaftServerImpl (RaftServerImpl.java:setRole(184)) - 40d2d32e-dd25-45df-8070-f9dc56ccf0a7@group-7EB39FB5DF22: changes role from  FOLLOWER to FOLLOWER at term 266 for recognizeCandidate:cbde3520-0cea-4357-bb04-1a0ae64b2bb1
2019-10-17 07:42:04,144 [grpc-default-executor-1] INFO  impl.RoleInfo (RoleInfo.java:shutdownFollowerState(121)) - 40d2d32e-dd25-45df-8070-f9dc56ccf0a7: shutdown FollowerState
2019-10-17 07:42:04,144 [grpc-default-executor-4] INFO  impl.RaftServerImpl (RaftServerImpl.java:setRole(184)) - 443b071d-6096-48d6-bfe7-498b7c8032c0@group-7EB39FB5DF22: changes role from  FOLLOWER to FOLLOWER at term 266 for recognizeCandidate:cbde3520-0cea-4357-bb04-1a0ae64b2bb1
2019-10-17 07:42:04,144 [Thread-1851] INFO  impl.FollowerState (FollowerState.java:run(117)) - 40d2d32e-dd25-45df-8070-f9dc56ccf0a7@group-7EB39FB5DF22-FollowerState was interrupted: java.lang.InterruptedException: sleep interrupted
2019-10-17 07:42:04,144 [grpc-default-executor-1] INFO  impl.RoleInfo (RoleInfo.java:updateAndGet(143)) - 40d2d32e-dd25-45df-8070-f9dc56ccf0a7: start FollowerState
2019-10-17 07:42:04,144 [grpc-default-executor-4] INFO  impl.RoleInfo (RoleInfo.java:shutdownFollowerState(121)) - 443b071d-6096-48d6-bfe7-498b7c8032c0: shutdown FollowerState
2019-10-17 07:42:04,145 [grpc-default-executor-4] INFO  impl.RoleInfo (RoleInfo.java:updateAndGet(143)) - 443b071d-6096-48d6-bfe7-498b7c8032c0: start FollowerState
2019-10-17 07:42:04,145 [Thread-1850] INFO  impl.FollowerState (FollowerState.java:run(117)) - 443b071d-6096-48d6-bfe7-498b7c8032c0@group-7EB39FB5DF22-FollowerState was interrupted: java.lang.InterruptedException: sleep interrupted
2019-10-17 07:42:04,159 [cbde3520-0cea-4357-bb04-1a0ae64b2bb1@group-7EB39FB5DF22-LeaderElection248] INFO  impl.LeaderElection (LeaderElection.java:logAndReturn(56)) - cbde3520-0cea-4357-bb04-1a0ae64b2bb1@group-7EB39FB5DF22-LeaderElection248: Election REJECTED; received 2 response(s) [cbde3520-0cea-4357-bb04-1a0ae64b2bb1<-40d2d32e-dd25-45df-8070-f9dc56ccf0a7#0:FAIL-t266, cbde3520-0cea-4357-bb04-1a0ae64b2bb1<-443b071d-6096-48d6-bfe7-498b7c8032c0#0:FAIL-t266] and 0 exception(s); cbde3520-0cea-4357-bb04-1a0ae64b2bb1@group-7EB39FB5DF22:t266, leader=null, voted=cbde3520-0cea-4357-bb04-1a0ae64b2bb1, raftlog=cbde3520-0cea-4357-bb04-1a0ae64b2bb1@group-7EB39FB5DF22-SegmentedRaftLog:OPENED:c-1,f-1,i0, conf=-1: [40d2d32e-dd25-45df-8070-f9dc56ccf0a7:192.168.34.62:41633, cbde3520-0cea-4357-bb04-1a0ae64b2bb1:192.168.34.62:41642, 443b071d-6096-48d6-bfe7-498b7c8032c0:192.168.34.62:46516], old=null
2019-10-17 07:42:04,159 [cbde3520-0cea-4357-bb04-1a0ae64b2bb1@group-7EB39FB5DF22-LeaderElection248] INFO  impl.RaftServerImpl (RaftServerImpl.java:setRole(184)) - cbde3520-0cea-4357-bb04-1a0ae64b2bb1@group-7EB39FB5DF22: changes role from CANDIDATE to FOLLOWER at term 266 for DISCOVERED_A_NEW_TERM
2019-10-17 07:42:04,159 [cbde3520-0cea-4357-bb04-1a0ae64b2bb1@group-7EB39FB5DF22-LeaderElection248] INFO  impl.RoleInfo (RoleInfo.java:shutdownLeaderElection(134)) - cbde3520-0cea-4357-bb04-1a0ae64b2bb1: shutdown LeaderElection
2019-10-17 07:42:04,159 [cbde3520-0cea-4357-bb04-1a0ae64b2bb1@group-7EB39FB5DF22-LeaderElection248] INFO  impl.RoleInfo (RoleInfo.java:updateAndGet(143)) - cbde3520-0cea-4357-bb04-1a0ae64b2bb1: start FollowerState
2019-10-17 07:42:04,219 [main] INFO  ozone.MiniOzoneClusterImpl (MiniOzoneClusterImpl.java:lambda$waitForClusterToBeReady$2(164)) - Waiting for 1 number of pipelines out of 5, to report a leader.
2019-10-17 07:42:04,285 [Thread-1858] INFO  impl.FollowerState (FollowerState.java:run(108)) - cbde3520-0cea-4357-bb04-1a0ae64b2bb1@group-7EB39FB5DF22-FollowerState: change to CANDIDATE, lastRpcTime:125ms, electionTimeout:125ms
2019-10-17 07:42:04,285 [Thread-1858] INFO  impl.RoleInfo (RoleInfo.java:shutdownFollowerState(121)) - cbde3520-0cea-4357-bb04-1a0ae64b2bb1: shutdown FollowerState
2019-10-17 07:42:04,285 [Thread-1858] INFO  impl.RaftServerImpl (RaftServerImpl.java:setRole(184)) - cbde3520-0cea-4357-bb04-1a0ae64b2bb1@group-7EB39FB5DF22: changes role from  FOLLOWER to CANDIDATE at term 266 for changeToCandidate
2019-10-17 07:42:04,285 [Thread-1858] INFO  impl.RoleInfo (RoleInfo.java:updateAndGet(143)) - cbde3520-0cea-4357-bb04-1a0ae64b2bb1: start LeaderElection
2019-10-17 07:42:04,305 [cbde3520-0cea-4357-bb04-1a0ae64b2bb1@group-7EB39FB5DF22-LeaderElection249] INFO  impl.LeaderElection (LeaderElection.java:askForVotes(178)) - cbde3520-0cea-4357-bb04-1a0ae64b2bb1@group-7EB39FB5DF22-LeaderElection249: begin an election at term 267 for -1: [40d2d32e-dd25-45df-8070-f9dc56ccf0a7:192.168.34.62:41633, cbde3520-0cea-4357-bb04-1a0ae64b2bb1:192.168.34.62:41642, 443b071d-6096-48d6-bfe7-498b7c8032c0:192.168.34.62:46516], old=null
2019-10-17 07:42:04,307 [grpc-default-executor-4] INFO  impl.RaftServerImpl (RaftServerImpl.java:setRole(184)) - 40d2d32e-dd25-45df-8070-f9dc56ccf0a7@group-7EB39FB5DF22: changes role from  FOLLOWER to FOLLOWER at term 267 for recognizeCandidate:cbde3520-0cea-4357-bb04-1a0ae64b2bb1
2019-10-17 07:42:04,308 [grpc-default-executor-4] INFO  impl.RoleInfo (RoleInfo.java:shutdownFollowerState(121)) - 40d2d32e-dd25-45df-8070-f9dc56ccf0a7: shutdown FollowerState
2019-10-17 07:42:04,308 [grpc-default-executor-4] INFO  impl.RoleInfo (RoleInfo.java:updateAndGet(143)) - 40d2d32e-dd25-45df-8070-f9dc56ccf0a7: start FollowerState
2019-10-17 07:42:04,308 [Thread-1856] INFO  impl.FollowerState (FollowerState.java:run(117)) - 40d2d32e-dd25-45df-8070-f9dc56ccf0a7@group-7EB39FB5DF22-FollowerState was interrupted: java.lang.InterruptedException: sleep interrupted
2019-10-17 07:42:04,308 [grpc-default-executor-1] INFO  impl.RaftServerImpl (RaftServerImpl.java:setRole(184)) - 443b071d-6096-48d6-bfe7-498b7c8032c0@group-7EB39FB5DF22: changes role from  FOLLOWER to FOLLOWER at term 267 for recognizeCandidate:cbde3520-0cea-4357-bb04-1a0ae64b2bb1
2019-10-17 07:42:04,308 [grpc-default-executor-1] INFO  impl.RoleInfo (RoleInfo.java:shutdownFollowerState(121)) - 443b071d-6096-48d6-bfe7-498b7c8032c0: shutdown FollowerState
2019-10-17 07:42:04,308 [grpc-default-executor-1] INFO  impl.RoleInfo (RoleInfo.java:updateAndGet(143)) - 443b071d-6096-48d6-bfe7-498b7c8032c0: start FollowerState
2019-10-17 07:42:04,308 [Thread-1857] INFO  impl.FollowerState (FollowerState.java:run(117)) - 443b071d-6096-48d6-bfe7-498b7c8032c0@group-7EB39FB5DF22-FollowerState was interrupted: java.lang.InterruptedException: sleep interrupted
2019-10-17 07:42:04,341 [cbde3520-0cea-4357-bb04-1a0ae64b2bb1@group-7EB39FB5DF22-LeaderElection249] INFO  impl.LeaderElection (LeaderElection.java:logAndReturn(56)) - cbde3520-0cea-4357-bb04-1a0ae64b2bb1@group-7EB39FB5DF22-LeaderElection249: Election REJECTED; received 2 response(s) [cbde3520-0cea-4357-bb04-1a0ae64b2bb1<-40d2d32e-dd25-45df-8070-f9dc56ccf0a7#0:FAIL-t267, cbde3520-0cea-4357-bb04-1a0ae64b2bb1<-443b071d-6096-48d6-bfe7-498b7c8032c0#0:FAIL-t267] and 0 exception(s); cbde3520-0cea-4357-bb04-1a0ae64b2bb1@group-7EB39FB5DF22:t267, leader=null, voted=cbde3520-0cea-4357-bb04-1a0ae64b2bb1, raftlog=cbde3520-0cea-4357-bb04-1a0ae64b2bb1@group-7EB39FB5DF22-SegmentedRaftLog:OPENED:c-1,f-1,i0, conf=-1: [40d2d32e-dd25-45df-8070-f9dc56ccf0a7:192.168.34.62:41633, cbde3520-0cea-4357-bb04-1a0ae64b2bb1:192.168.34.62:41642, 443b071d-6096-48d6-bfe7-498b7c8032c0:192.168.34.62:46516], old=null
2019-10-17 07:42:04,341 [cbde3520-0cea-4357-bb04-1a0ae64b2bb1@group-7EB39FB5DF22-LeaderElection249] INFO  impl.RaftServerImpl (RaftServerImpl.java:setRole(184)) - cbde3520-0cea-4357-bb04-1a0ae64b2bb1@group-7EB39FB5DF22: changes role from CANDIDATE to FOLLOWER at term 267 for DISCOVERED_A_NEW_TERM
2019-10-17 07:42:04,341 [cbde3520-0cea-4357-bb04-1a0ae64b2bb1@group-7EB39FB5DF22-LeaderElection249] INFO  impl.RoleInfo (RoleInfo.java:shutdownLeaderElection(134)) - cbde3520-0cea-4357-bb04-1a0ae64b2bb1: shutdown LeaderElection
2019-10-17 07:42:04,341 [cbde3520-0cea-4357-bb04-1a0ae64b2bb1@group-7EB39FB5DF22-LeaderElection249] INFO  impl.RoleInfo (RoleInfo.java:updateAndGet(143)) - cbde3520-0cea-4357-bb04-1a0ae64b2bb1: start FollowerState
2019-10-17 07:42:04,384 [Thread-1864] INFO  impl.FollowerState (FollowerState.java:run(108)) - cbde3520-0cea-4357-bb04-1a0ae64b2bb1@group-7EB39FB5DF22-FollowerState: change to CANDIDATE, lastRpcTime:42ms, electionTimeout:42ms
2019-10-17 07:42:04,384 [Thread-1864] INFO  impl.RoleInfo (RoleInfo.java:shutdownFollowerState(121)) - cbde3520-0cea-4357-bb04-1a0ae64b2bb1: shutdown FollowerState
2019-10-17 07:42:04,384 [Thread-1864] INFO  impl.RaftServerImpl (RaftServerImpl.java:setRole(184)) - cbde3520-0cea-4357-bb04-1a0ae64b2bb1@group-7EB39FB5DF22: changes role from  FOLLOWER to CANDIDATE at term 267 for changeToCandidate
2019-10-17 07:42:04,384 [Thread-1864] INFO  impl.RoleInfo (RoleInfo.java:updateAndGet(143)) - cbde3520-0cea-4357-bb04-1a0ae64b2bb1: start LeaderElection
2019-10-17 07:42:04,408 [cbde3520-0cea-4357-bb04-1a0ae64b2bb1@group-7EB39FB5DF22-LeaderElection250] INFO  impl.LeaderElection (LeaderElection.java:askForVotes(178)) - cbde3520-0cea-4357-bb04-1a0ae64b2bb1@group-7EB39FB5DF22-LeaderElection250: begin an election at term 268 for -1: [40d2d32e-dd25-45df-8070-f9dc56ccf0a7:192.168.34.62:41633, cbde3520-0cea-4357-bb04-1a0ae64b2bb1:192.168.34.62:41642, 443b071d-6096-48d6-bfe7-498b7c8032c0:192.168.34.62:46516], old=null
2019-10-17 07:42:04,411 [grpc-default-executor-1] INFO  impl.RaftServerImpl (RaftServerImpl.java:setRole(184)) - 40d2d32e-dd25-45df-8070-f9dc56ccf0a7@group-7EB39FB5DF22: changes role from  FOLLOWER to FOLLOWER at term 268 for recognizeCandidate:cbde3520-0cea-4357-bb04-1a0ae64b2bb1
2019-10-17 07:42:04,411 [grpc-default-executor-1] INFO  impl.RoleInfo (RoleInfo.java:shutdownFollowerState(121)) - 40d2d32e-dd25-45df-8070-f9dc56ccf0a7: shutdown FollowerState
2019-10-17 07:42:04,411 [grpc-default-executor-1] INFO  impl.RoleInfo (RoleInfo.java:updateAndGet(143)) - 40d2d32e-dd25-45df-8070-f9dc56ccf0a7: start FollowerState
2019-10-17 07:42:04,411 [Thread-1862] INFO  impl.FollowerState (FollowerState.java:run(117)) - 40d2d32e-dd25-45df-8070-f9dc56ccf0a7@group-7EB39FB5DF22-FollowerState was interrupted: java.lang.InterruptedException: sleep interrupted
2019-10-17 07:42:04,412 [grpc-default-executor-4] INFO  impl.RaftServerImpl (RaftServerImpl.java:setRole(184)) - 443b071d-6096-48d6-bfe7-498b7c8032c0@group-7EB39FB5DF22: changes role from  FOLLOWER to FOLLOWER at term 268 for recognizeCandidate:cbde3520-0cea-4357-bb04-1a0ae64b2bb1
2019-10-17 07:42:04,412 [grpc-default-executor-4] INFO  impl.RoleInfo (RoleInfo.java:shutdownFollowerState(121)) - 443b071d-6096-48d6-bfe7-498b7c8032c0: shutdown FollowerState
2019-10-17 07:42:04,412 [grpc-default-executor-4] INFO  impl.RoleInfo (RoleInfo.java:updateAndGet(143)) - 443b071d-6096-48d6-bfe7-498b7c8032c0: start FollowerState
2019-10-17 07:42:04,412 [Thread-1863] INFO  impl.FollowerState (FollowerState.java:run(117)) - 443b071d-6096-48d6-bfe7-498b7c8032c0@group-7EB39FB5DF22-FollowerState was interrupted: java.lang.InterruptedException: sleep interrupted
2019-10-17 07:42:04,418 [cbde3520-0cea-4357-bb04-1a0ae64b2bb1@group-7EB39FB5DF22-LeaderElection250] INFO  impl.LeaderElection (LeaderElection.java:logAndReturn(56)) - cbde3520-0cea-4357-bb04-1a0ae64b2bb1@group-7EB39FB5DF22-LeaderElection250: Election TIMEOUT; received 0 response(s) [] and 0 exception(s); cbde3520-0cea-4357-bb04-1a0ae64b2bb1@group-7EB39FB5DF22:t268, leader=null, voted=cbde3520-0cea-4357-bb04-1a0ae64b2bb1, raftlog=cbde3520-0cea-4357-bb04-1a0ae64b2bb1@group-7EB39FB5DF22-SegmentedRaftLog:OPENED:c-1,f-1,i0, conf=-1: [40d2d32e-dd25-45df-8070-f9dc56ccf0a7:192.168.34.62:41633, cbde3520-0cea-4357-bb04-1a0ae64b2bb1:192.168.34.62:41642, 443b071d-6096-48d6-bfe7-498b7c8032c0:192.168.34.62:46516], old=null
2019-10-17 07:42:04,426 [cbde3520-0cea-4357-bb04-1a0ae64b2bb1@group-7EB39FB5DF22-LeaderElection250] INFO  impl.LeaderElection (LeaderElection.java:askForVotes(178)) - cbde3520-0cea-4357-bb04-1a0ae64b2bb1@group-7EB39FB5DF22-LeaderElection250: begin an election at term 269 for -1: [40d2d32e-dd25-45df-8070-f9dc56ccf0a7:192.168.34.62:41633, cbde3520-0cea-4357-bb04-1a0ae64b2bb1:192.168.34.62:41642, 443b071d-6096-48d6-bfe7-498b7c8032c0:192.168.34.62:46516], old=null
2019-10-17 07:42:04,428 [grpc-default-executor-4] INFO  impl.RaftServerImpl (RaftServerImpl.java:setRole(184)) - 40d2d32e-dd25-45df-8070-f9dc56ccf0a7@group-7EB39FB5DF22: changes role from  FOLLOWER to FOLLOWER at term 269 for recognizeCandidate:cbde3520-0cea-4357-bb04-1a0ae64b2bb1
2019-10-17 07:42:04,428 [grpc-default-executor-4] INFO  impl.RoleInfo (RoleInfo.java:shutdownFollowerState(121)) - 40d2d32e-dd25-45df-8070-f9dc56ccf0a7: shutdown FollowerState
2019-10-17 07:42:04,429 [grpc-default-executor-4] INFO  impl.RoleInfo (RoleInfo.java:updateAndGet(143)) - 40d2d32e-dd25-45df-8070-f9dc56ccf0a7: start FollowerState
2019-10-17 07:42:04,429 [Thread-1868] INFO  impl.FollowerState (FollowerState.java:run(117)) - 40d2d32e-dd25-45df-8070-f9dc56ccf0a7@group-7EB39FB5DF22-FollowerState was interrupted: java.lang.InterruptedException: sleep interrupted
2019-10-17 07:42:04,429 [grpc-default-executor-1] INFO  impl.RaftServerImpl (RaftServerImpl.java:setRole(184)) - 443b071d-6096-48d6-bfe7-498b7c8032c0@group-7EB39FB5DF22: changes role from  FOLLOWER to FOLLOWER at term 269 for recognizeCandidate:cbde3520-0cea-4357-bb04-1a0ae64b2bb1
2019-10-17 07:42:04,429 [grpc-default-executor-1] INFO  impl.RoleInfo (RoleInfo.java:shutdownFollowerState(121)) - 443b071d-6096-48d6-bfe7-498b7c8032c0: shutdown FollowerState
2019-10-17 07:42:04,429 [grpc-default-executor-1] INFO  impl.RoleInfo (RoleInfo.java:updateAndGet(143)) - 443b071d-6096-48d6-bfe7-498b7c8032c0: start FollowerState
2019-10-17 07:42:04,429 [Thread-1869] INFO  impl.FollowerState (FollowerState.java:run(117)) - 443b071d-6096-48d6-bfe7-498b7c8032c0@group-7EB39FB5DF22-FollowerState was interrupted: java.lang.InterruptedException: sleep interrupted
2019-10-17 07:42:04,451 [cbde3520-0cea-4357-bb04-1a0ae64b2bb1@group-7EB39FB5DF22-LeaderElection250] INFO  impl.LeaderElection (LeaderElection.java:logAndReturn(56)) - cbde3520-0cea-4357-bb04-1a0ae64b2bb1@group-7EB39FB5DF22-LeaderElection250: Election REJECTED; received 2 response(s) [cbde3520-0cea-4357-bb04-1a0ae64b2bb1<-40d2d32e-dd25-45df-8070-f9dc56ccf0a7#0:FAIL-t269, cbde3520-0cea-4357-bb04-1a0ae64b2bb1<-443b071d-6096-48d6-bfe7-498b7c8032c0#0:FAIL-t269] and 0 exception(s); cbde3520-0cea-4357-bb04-1a0ae64b2bb1@group-7EB39FB5DF22:t269, leader=null, voted=cbde3520-0cea-4357-bb04-1a0ae64b2bb1, raftlog=cbde3520-0cea-4357-bb04-1a0ae64b2bb1@group-7EB39FB5DF22-SegmentedRaftLog:OPENED:c-1,f-1,i0, conf=-1: [40d2d32e-dd25-45df-8070-f9dc56ccf0a7:192.168.34.62:41633, cbde3520-0cea-4357-bb04-1a0ae64b2bb1:192.168.34.62:41642, 443b071d-6096-48d6-bfe7-498b7c8032c0:192.168.34.62:46516], old=null
2019-10-17 07:42:04,451 [cbde3520-0cea-4357-bb04-1a0ae64b2bb1@group-7EB39FB5DF22-LeaderElection250] INFO  impl.RaftServerImpl (RaftServerImpl.java:setRole(184)) - cbde3520-0cea-4357-bb04-1a0ae64b2bb1@group-7EB39FB5DF22: changes role from CANDIDATE to FOLLOWER at term 269 for DISCOVERED_A_NEW_TERM
2019-10-17 07:42:04,451 [cbde3520-0cea-4357-bb04-1a0ae64b2bb1@group-7EB39FB5DF22-LeaderElection250] INFO  impl.RoleInfo (RoleInfo.java:shutdownLeaderElection(134)) - cbde3520-0cea-4357-bb04-1a0ae64b2bb1: shutdown LeaderElection
2019-10-17 07:42:04,451 [cbde3520-0cea-4357-bb04-1a0ae64b2bb1@group-7EB39FB5DF22-LeaderElection250] INFO  impl.RoleInfo (RoleInfo.java:updateAndGet(143)) - cbde3520-0cea-4357-bb04-1a0ae64b2bb1: start FollowerState
2019-10-17 07:42:04,501 [Thread-1874] INFO  impl.FollowerState (FollowerState.java:run(108)) - cbde3520-0cea-4357-bb04-1a0ae64b2bb1@group-7EB39FB5DF22-FollowerState: change to CANDIDATE, lastRpcTime:49ms, electionTimeout:49ms
2019-10-17 07:42:04,501 [Thread-1874] INFO  impl.RoleInfo (RoleInfo.java:shutdownFollowerState(121)) - cbde3520-0cea-4357-bb04-1a0ae64b2bb1: shutdown FollowerState
2019-10-17 07:42:04,501 [Thread-1874] INFO  impl.RaftServerImpl (RaftServerImpl.java:setRole(184)) - cbde3520-0cea-4357-bb04-1a0ae64b2bb1@group-7EB39FB5DF22: changes role from  FOLLOWER to CANDIDATE at term 269 for changeToCandidate
2019-10-17 07:42:04,501 [Thread-1874] INFO  impl.RoleInfo (RoleInfo.java:updateAndGet(143)) - cbde3520-0cea-4357-bb04-1a0ae64b2bb1: start LeaderElection
2019-10-17 07:42:04,526 [cbde3520-0cea-4357-bb04-1a0ae64b2bb1@group-7EB39FB5DF22-LeaderElection251] INFO  impl.LeaderElection (LeaderElection.java:askForVotes(178)) - cbde3520-0cea-4357-bb04-1a0ae64b2bb1@group-7EB39FB5DF22-LeaderElection251: begin an election at term 270 for -1: [40d2d32e-dd25-45df-8070-f9dc56ccf0a7:192.168.34.62:41633, cbde3520-0cea-4357-bb04-1a0ae64b2bb1:192.168.34.62:41642, 443b071d-6096-48d6-bfe7-498b7c8032c0:192.168.34.62:46516], old=null
2019-10-17 07:42:04,528 [grpc-default-executor-1] INFO  impl.RaftServerImpl (RaftServerImpl.java:setRole(184)) - 40d2d32e-dd25-45df-8070-f9dc56ccf0a7@group-7EB39FB5DF22: changes role from  FOLLOWER to FOLLOWER at term 270 for recognizeCandidate:cbde3520-0cea-4357-bb04-1a0ae64b2bb1
2019-10-17 07:42:04,528 [grpc-default-executor-1] INFO  impl.RoleInfo (RoleInfo.java:shutdownFollowerState(121)) - 40d2d32e-dd25-45df-8070-f9dc56ccf0a7: shutdown FollowerState
2019-10-17 07:42:04,528 [grpc-default-executor-4] INFO  impl.RaftServerImpl (RaftServerImpl.java:setRole(184)) - 443b071d-6096-48d6-bfe7-498b7c8032c0@group-7EB39FB5DF22: changes role from  FOLLOWER to FOLLOWER at term 270 for recognizeCandidate:cbde3520-0cea-4357-bb04-1a0ae64b2bb1
2019-10-17 07:42:04,528 [grpc-default-executor-4] INFO  impl.RoleInfo (RoleInfo.java:shutdownFollowerState(121)) - 443b071d-6096-48d6-bfe7-498b7c8032c0: shutdown FollowerState
2019-10-17 07:42:04,528 [Thread-1872] INFO  impl.FollowerState (FollowerState.java:run(117)) - 40d2d32e-dd25-45df-8070-f9dc56ccf0a7@group-7EB39FB5DF22-FollowerState was interrupted: java.lang.InterruptedException: sleep interrupted
2019-10-17 07:42:04,528 [grpc-default-executor-1] INFO  impl.RoleInfo (RoleInfo.java:updateAndGet(143)) - 40d2d32e-dd25-45df-8070-f9dc56ccf0a7: start FollowerState
2019-10-17 07:42:04,529 [Thread-1873] INFO  impl.FollowerState (FollowerState.java:run(117)) - 443b071d-6096-48d6-bfe7-498b7c8032c0@group-7EB39FB5DF22-FollowerState was interrupted: java.lang.InterruptedException: sleep interrupted
2019-10-17 07:42:04,529 [grpc-default-executor-4] INFO  impl.RoleInfo (RoleInfo.java:updateAndGet(143)) - 443b071d-6096-48d6-bfe7-498b7c8032c0: start FollowerState
2019-10-17 07:42:04,555 [cbde3520-0cea-4357-bb04-1a0ae64b2bb1@group-7EB39FB5DF22-LeaderElection251] INFO  impl.LeaderElection (LeaderElection.java:logAndReturn(56)) - cbde3520-0cea-4357-bb04-1a0ae64b2bb1@group-7EB39FB5DF22-LeaderElection251: Election REJECTED; received 2 response(s) [cbde3520-0cea-4357-bb04-1a0ae64b2bb1<-40d2d32e-dd25-45df-8070-f9dc56ccf0a7#0:FAIL-t270, cbde3520-0cea-4357-bb04-1a0ae64b2bb1<-443b071d-6096-48d6-bfe7-498b7c8032c0#0:FAIL-t270] and 0 exception(s); cbde3520-0cea-4357-bb04-1a0ae64b2bb1@group-7EB39FB5DF22:t270, leader=null, voted=cbde3520-0cea-4357-bb04-1a0ae64b2bb1, raftlog=cbde3520-0cea-4357-bb04-1a0ae64b2bb1@group-7EB39FB5DF22-SegmentedRaftLog:OPENED:c-1,f-1,i0, conf=-1: [40d2d32e-dd25-45df-8070-f9dc56ccf0a7:192.168.34.62:41633, cbde3520-0cea-4357-bb04-1a0ae64b2bb1:192.168.34.62:41642, 443b071d-6096-48d6-bfe7-498b7c8032c0:192.168.34.62:46516], old=null
2019-10-17 07:42:04,556 [cbde3520-0cea-4357-bb04-1a0ae64b2bb1@group-7EB39FB5DF22-LeaderElection251] INFO  impl.RaftServerImpl (RaftServerImpl.java:setRole(184)) - cbde3520-0cea-4357-bb04-1a0ae64b2bb1@group-7EB39FB5DF22: changes role from CANDIDATE to FOLLOWER at term 270 for DISCOVERED_A_NEW_TERM
2019-10-17 07:42:04,556 [cbde3520-0cea-4357-bb04-1a0ae64b2bb1@group-7EB39FB5DF22-LeaderElection251] INFO  impl.RoleInfo (RoleInfo.java:shutdownLeaderElection(134)) - cbde3520-0cea-4357-bb04-1a0ae64b2bb1: shutdown LeaderElection
2019-10-17 07:42:04,556 [cbde3520-0cea-4357-bb04-1a0ae64b2bb1@group-7EB39FB5DF22-LeaderElection251] INFO  impl.RoleInfo (RoleInfo.java:updateAndGet(143)) - cbde3520-0cea-4357-bb04-1a0ae64b2bb1: start FollowerState
2019-10-17 07:42:04,694 [Thread-1880] INFO  impl.FollowerState (FollowerState.java:run(108)) - cbde3520-0cea-4357-bb04-1a0ae64b2bb1@group-7EB39FB5DF22-FollowerState: change to CANDIDATE, lastRpcTime:137ms, electionTimeout:137ms
2019-10-17 07:42:04,694 [Thread-1880] INFO  impl.RoleInfo (RoleInfo.java:shutdownFollowerState(121)) - cbde3520-0cea-4357-bb04-1a0ae64b2bb1: shutdown FollowerState
2019-10-17 07:42:04,694 [Thread-1880] INFO  impl.RaftServerImpl (RaftServerImpl.java:setRole(184)) - cbde3520-0cea-4357-bb04-1a0ae64b2bb1@group-7EB39FB5DF22: changes role from  FOLLOWER to CANDIDATE at term 270 for changeToCandidate
2019-10-17 07:42:04,694 [Thread-1880] INFO  impl.RoleInfo (RoleInfo.java:updateAndGet(143)) - cbde3520-0cea-4357-bb04-1a0ae64b2bb1: start LeaderElection
2019-10-17 07:42:04,708 [cbde3520-0cea-4357-bb04-1a0ae64b2bb1@group-7EB39FB5DF22-LeaderElection252] INFO  impl.LeaderElection (LeaderElection.java:askForVotes(178)) - cbde3520-0cea-4357-bb04-1a0ae64b2bb1@group-7EB39FB5DF22-LeaderElection252: begin an election at term 271 for -1: [40d2d32e-dd25-45df-8070-f9dc56ccf0a7:192.168.34.62:41633, cbde3520-0cea-4357-bb04-1a0ae64b2bb1:192.168.34.62:41642, 443b071d-6096-48d6-bfe7-498b7c8032c0:192.168.34.62:46516], old=null
2019-10-17 07:42:04,710 [grpc-default-executor-4] INFO  impl.RaftServerImpl (RaftServerImpl.java:setRole(184)) - 40d2d32e-dd25-45df-8070-f9dc56ccf0a7@group-7EB39FB5DF22: changes role from  FOLLOWER to FOLLOWER at term 271 for recognizeCandidate:cbde3520-0cea-4357-bb04-1a0ae64b2bb1
2019-10-17 07:42:04,710 [grpc-default-executor-4] INFO  impl.RoleInfo (RoleInfo.java:shutdownFollowerState(121)) - 40d2d32e-dd25-45df-8070-f9dc56ccf0a7: shutdown FollowerState
2019-10-17 07:42:04,710 [grpc-default-executor-4] INFO  impl.RoleInfo (RoleInfo.java:updateAndGet(143)) - 40d2d32e-dd25-45df-8070-f9dc56ccf0a7: start FollowerState
2019-10-17 07:42:04,710 [Thread-1878] INFO  impl.FollowerState (FollowerState.java:run(117)) - 40d2d32e-dd25-45df-8070-f9dc56ccf0a7@group-7EB39FB5DF22-FollowerState was interrupted: java.lang.InterruptedException: sleep interrupted
2019-10-17 07:42:04,710 [grpc-default-executor-1] INFO  impl.RaftServerImpl (RaftServerImpl.java:setRole(184)) - 443b071d-6096-48d6-bfe7-498b7c8032c0@group-7EB39FB5DF22: changes role from  FOLLOWER to FOLLOWER at term 271 for recognizeCandidate:cbde3520-0cea-4357-bb04-1a0ae64b2bb1
2019-10-17 07:42:04,711 [grpc-default-executor-1] INFO  impl.RoleInfo (RoleInfo.java:shutdownFollowerState(121)) - 443b071d-6096-48d6-bfe7-498b7c8032c0: shutdown FollowerState
2019-10-17 07:42:04,711 [grpc-default-executor-1] INFO  impl.RoleInfo (RoleInfo.java:updateAndGet(143)) - 443b071d-6096-48d6-bfe7-498b7c8032c0: start FollowerState
2019-10-17 07:42:04,711 [Thread-1879] INFO  impl.FollowerState (FollowerState.java:run(117)) - 443b071d-6096-48d6-bfe7-498b7c8032c0@group-7EB39FB5DF22-FollowerState was interrupted: java.lang.InterruptedException: sleep interrupted
2019-10-17 07:42:04,735 [cbde3520-0cea-4357-bb04-1a0ae64b2bb1@group-7EB39FB5DF22-LeaderElection252] INFO  impl.LeaderElection (LeaderElection.java:logAndReturn(56)) - cbde3520-0cea-4357-bb04-1a0ae64b2bb1@group-7EB39FB5DF22-LeaderElection252: Election REJECTED; received 2 response(s) [cbde3520-0cea-4357-bb04-1a0ae64b2bb1<-40d2d32e-dd25-45df-8070-f9dc56ccf0a7#0:FAIL-t271, cbde3520-0cea-4357-bb04-1a0ae64b2bb1<-443b071d-6096-48d6-bfe7-498b7c8032c0#0:FAIL-t271] and 0 exception(s); cbde3520-0cea-4357-bb04-1a0ae64b2bb1@group-7EB39FB5DF22:t271, leader=null, voted=cbde3520-0cea-4357-bb04-1a0ae64b2bb1, raftlog=cbde3520-0cea-4357-bb04-1a0ae64b2bb1@group-7EB39FB5DF22-SegmentedRaftLog:OPENED:c-1,f-1,i0, conf=-1: [40d2d32e-dd25-45df-8070-f9dc56ccf0a7:192.168.34.62:41633, cbde3520-0cea-4357-bb04-1a0ae64b2bb1:192.168.34.62:41642, 443b071d-6096-48d6-bfe7-498b7c8032c0:192.168.34.62:46516], old=null
2019-10-17 07:42:04,735 [cbde3520-0cea-4357-bb04-1a0ae64b2bb1@group-7EB39FB5DF22-LeaderElection252] INFO  impl.RaftServerImpl (RaftServerImpl.java:setRole(184)) - cbde3520-0cea-4357-bb04-1a0ae64b2bb1@group-7EB39FB5DF22: changes role from CANDIDATE to FOLLOWER at term 271 for DISCOVERED_A_NEW_TERM
2019-10-17 07:42:04,736 [cbde3520-0cea-4357-bb04-1a0ae64b2bb1@group-7EB39FB5DF22-LeaderElection252] INFO  impl.RoleInfo (RoleInfo.java:shutdownLeaderElection(134)) - cbde3520-0cea-4357-bb04-1a0ae64b2bb1: shutdown LeaderElection
2019-10-17 07:42:04,736 [cbde3520-0cea-4357-bb04-1a0ae64b2bb1@group-7EB39FB5DF22-LeaderElection252] INFO  impl.RoleInfo (RoleInfo.java:updateAndGet(143)) - cbde3520-0cea-4357-bb04-1a0ae64b2bb1: start FollowerState
2019-10-17 07:42:04,871 [Thread-1886] INFO  impl.FollowerState (FollowerState.java:run(108)) - cbde3520-0cea-4357-bb04-1a0ae64b2bb1@group-7EB39FB5DF22-FollowerState: change to CANDIDATE, lastRpcTime:135ms, electionTimeout:135ms
2019-10-17 07:42:04,871 [Thread-1886] INFO  impl.RoleInfo (RoleInfo.java:shutdownFollowerState(121)) - cbde3520-0cea-4357-bb04-1a0ae64b2bb1: shutdown FollowerState
2019-10-17 07:42:04,871 [Thread-1886] INFO  impl.RaftServerImpl (RaftServerImpl.java:setRole(184)) - cbde3520-0cea-4357-bb04-1a0ae64b2bb1@group-7EB39FB5DF22: changes role from  FOLLOWER to CANDIDATE at term 271 for changeToCandidate
2019-10-17 07:42:04,872 [Thread-1886] INFO  impl.RoleInfo (RoleInfo.java:updateAndGet(143)) - cbde3520-0cea-4357-bb04-1a0ae64b2bb1: start LeaderElection
2019-10-17 07:42:04,895 [cbde3520-0cea-4357-bb04-1a0ae64b2bb1@group-7EB39FB5DF22-LeaderElection253] INFO  impl.LeaderElection (LeaderElection.java:askForVotes(178)) - cbde3520-0cea-4357-bb04-1a0ae64b2bb1@group-7EB39FB5DF22-LeaderElection253: begin an election at term 272 for -1: [40d2d32e-dd25-45df-8070-f9dc56ccf0a7:192.168.34.62:41633, cbde3520-0cea-4357-bb04-1a0ae64b2bb1:192.168.34.62:41642, 443b071d-6096-48d6-bfe7-498b7c8032c0:192.168.34.62:46516], old=null
2019-10-17 07:42:04,898 [grpc-default-executor-4] INFO  impl.RaftServerImpl (RaftServerImpl.java:setRole(184)) - 40d2d32e-dd25-45df-8070-f9dc56ccf0a7@group-7EB39FB5DF22: changes role from  FOLLOWER to FOLLOWER at term 272 for recognizeCandidate:cbde3520-0cea-4357-bb04-1a0ae64b2bb1
2019-10-17 07:42:04,898 [grpc-default-executor-4] INFO  impl.RoleInfo (RoleInfo.java:shutdownFollowerState(121)) - 40d2d32e-dd25-45df-8070-f9dc56ccf0a7: shutdown FollowerState
2019-10-17 07:42:04,898 [grpc-default-executor-4] INFO  impl.RoleInfo (RoleInfo.java:updateAndGet(143)) - 40d2d32e-dd25-45df-8070-f9dc56ccf0a7: start FollowerState
2019-10-17 07:42:04,898 [Thread-1884] INFO  impl.FollowerState (FollowerState.java:run(117)) - 40d2d32e-dd25-45df-8070-f9dc56ccf0a7@group-7EB39FB5DF22-FollowerState was interrupted: java.lang.InterruptedException: sleep interrupted
2019-10-17 07:42:04,899 [grpc-default-executor-1] INFO  impl.RaftServerImpl (RaftServerImpl.java:setRole(184)) - 443b071d-6096-48d6-bfe7-498b7c8032c0@group-7EB39FB5DF22: changes role from  FOLLOWER to FOLLOWER at term 272 for recognizeCandidate:cbde3520-0cea-4357-bb04-1a0ae64b2bb1
2019-10-17 07:42:04,899 [grpc-default-executor-1] INFO  impl.RoleInfo (RoleInfo.java:shutdownFollowerState(121)) - 443b071d-6096-48d6-bfe7-498b7c8032c0: shutdown FollowerState
2019-10-17 07:42:04,899 [grpc-default-executor-1] INFO  impl.RoleInfo (RoleInfo.java:updateAndGet(143)) - 443b071d-6096-48d6-bfe7-498b7c8032c0: start FollowerState
2019-10-17 07:42:04,899 [Thread-1885] INFO  impl.FollowerState (FollowerState.java:run(117)) - 443b071d-6096-48d6-bfe7-498b7c8032c0@group-7EB39FB5DF22-FollowerState was interrupted: java.lang.InterruptedException: sleep interrupted
2019-10-17 07:42:04,922 [cbde3520-0cea-4357-bb04-1a0ae64b2bb1@group-7EB39FB5DF22-LeaderElection253] INFO  impl.LeaderElection (LeaderElection.java:logAndReturn(56)) - cbde3520-0cea-4357-bb04-1a0ae64b2bb1@group-7EB39FB5DF22-LeaderElection253: Election REJECTED; received 2 response(s) [cbde3520-0cea-4357-bb04-1a0ae64b2bb1<-40d2d32e-dd25-45df-8070-f9dc56ccf0a7#0:FAIL-t272, cbde3520-0cea-4357-bb04-1a0ae64b2bb1<-443b071d-6096-48d6-bfe7-498b7c8032c0#0:FAIL-t272] and 0 exception(s); cbde3520-0cea-4357-bb04-1a0ae64b2bb1@group-7EB39FB5DF22:t272, leader=null, voted=cbde3520-0cea-4357-bb04-1a0ae64b2bb1, raftlog=cbde3520-0cea-4357-bb04-1a0ae64b2bb1@group-7EB39FB5DF22-SegmentedRaftLog:OPENED:c-1,f-1,i0, conf=-1: [40d2d32e-dd25-45df-8070-f9dc56ccf0a7:192.168.34.62:41633, cbde3520-0cea-4357-bb04-1a0ae64b2bb1:192.168.34.62:41642, 443b071d-6096-48d6-bfe7-498b7c8032c0:192.168.34.62:46516], old=null
2019-10-17 07:42:04,922 [cbde3520-0cea-4357-bb04-1a0ae64b2bb1@group-7EB39FB5DF22-LeaderElection253] INFO  impl.RaftServerImpl (RaftServerImpl.java:setRole(184)) - cbde3520-0cea-4357-bb04-1a0ae64b2bb1@group-7EB39FB5DF22: changes role from CANDIDATE to FOLLOWER at term 272 for DISCOVERED_A_NEW_TERM
2019-10-17 07:42:04,923 [cbde3520-0cea-4357-bb04-1a0ae64b2bb1@group-7EB39FB5DF22-LeaderElection253] INFO  impl.RoleInfo (RoleInfo.java:shutdownLeaderElection(134)) - cbde3520-0cea-4357-bb04-1a0ae64b2bb1: shutdown LeaderElection
2019-10-17 07:42:04,923 [cbde3520-0cea-4357-bb04-1a0ae64b2bb1@group-7EB39FB5DF22-LeaderElection253] INFO  impl.RoleInfo (RoleInfo.java:updateAndGet(143)) - cbde3520-0cea-4357-bb04-1a0ae64b2bb1: start FollowerState
2019-10-17 07:42:05,095 [Thread-1892] INFO  impl.FollowerState (FollowerState.java:run(108)) - cbde3520-0cea-4357-bb04-1a0ae64b2bb1@group-7EB39FB5DF22-FollowerState: change to CANDIDATE, lastRpcTime:172ms, electionTimeout:172ms
2019-10-17 07:42:05,096 [Thread-1892] INFO  impl.RoleInfo (RoleInfo.java:shutdownFollowerState(121)) - cbde3520-0cea-4357-bb04-1a0ae64b2bb1: shutdown FollowerState
2019-10-17 07:42:05,096 [Thread-1892] INFO  impl.RaftServerImpl (RaftServerImpl.java:setRole(184)) - cbde3520-0cea-4357-bb04-1a0ae64b2bb1@group-7EB39FB5DF22: changes role from  FOLLOWER to CANDIDATE at term 272 for changeToCandidate
2019-10-17 07:42:05,096 [Thread-1892] INFO  impl.RoleInfo (RoleInfo.java:updateAndGet(143)) - cbde3520-0cea-4357-bb04-1a0ae64b2bb1: start LeaderElection
2019-10-17 07:42:05,120 [cbde3520-0cea-4357-bb04-1a0ae64b2bb1@group-7EB39FB5DF22-LeaderElection254] INFO  impl.LeaderElection (LeaderElection.java:askForVotes(178)) - cbde3520-0cea-4357-bb04-1a0ae64b2bb1@group-7EB39FB5DF22-LeaderElection254: begin an election at term 273 for -1: [40d2d32e-dd25-45df-8070-f9dc56ccf0a7:192.168.34.62:41633, cbde3520-0cea-4357-bb04-1a0ae64b2bb1:192.168.34.62:41642, 443b071d-6096-48d6-bfe7-498b7c8032c0:192.168.34.62:46516], old=null
2019-10-17 07:42:05,123 [grpc-default-executor-1] INFO  impl.RaftServerImpl (RaftServerImpl.java:setRole(184)) - 40d2d32e-dd25-45df-8070-f9dc56ccf0a7@group-7EB39FB5DF22: changes role from  FOLLOWER to FOLLOWER at term 273 for recognizeCandidate:cbde3520-0cea-4357-bb04-1a0ae64b2bb1
2019-10-17 07:42:05,123 [grpc-default-executor-4] INFO  impl.RaftServerImpl (RaftServerImpl.java:setRole(184)) - 443b071d-6096-48d6-bfe7-498b7c8032c0@group-7EB39FB5DF22: changes role from  FOLLOWER to FOLLOWER at term 273 for recognizeCandidate:cbde3520-0cea-4357-bb04-1a0ae64b2bb1
2019-10-17 07:42:05,123 [grpc-default-executor-1] INFO  impl.RoleInfo (RoleInfo.java:shutdownFollowerState(121)) - 40d2d32e-dd25-45df-8070-f9dc56ccf0a7: shutdown FollowerState
2019-10-17 07:42:05,124 [grpc-default-executor-4] INFO  impl.RoleInfo (RoleInfo.java:shutdownFollowerState(121)) - 443b071d-6096-48d6-bfe7-498b7c8032c0: shutdown FollowerState
2019-10-17 07:42:05,124 [grpc-default-executor-1] INFO  impl.RoleInfo (RoleInfo.java:updateAndGet(143)) - 40d2d32e-dd25-45df-8070-f9dc56ccf0a7: start FollowerState
2019-10-17 07:42:05,124 [Thread-1891] INFO  impl.FollowerState (FollowerState.java:run(117)) - 443b071d-6096-48d6-bfe7-498b7c8032c0@group-7EB39FB5DF22-FollowerState was interrupted: java.lang.InterruptedException: sleep interrupted
2019-10-17 07:42:05,124 [grpc-default-executor-4] INFO  impl.RoleInfo (RoleInfo.java:updateAndGet(143)) - 443b071d-6096-48d6-bfe7-498b7c8032c0: start FollowerState
2019-10-17 07:42:05,124 [Thread-1890] INFO  impl.FollowerState (FollowerState.java:run(117)) - 40d2d32e-dd25-45df-8070-f9dc56ccf0a7@group-7EB39FB5DF22-FollowerState was interrupted: java.lang.InterruptedException: sleep interrupted
2019-10-17 07:42:05,139 [cbde3520-0cea-4357-bb04-1a0ae64b2bb1@group-7EB39FB5DF22-LeaderElection254] INFO  impl.LeaderElection (LeaderElection.java:logAndReturn(56)) - cbde3520-0cea-4357-bb04-1a0ae64b2bb1@group-7EB39FB5DF22-LeaderElection254: Election REJECTED; received 2 response(s) [cbde3520-0cea-4357-bb04-1a0ae64b2bb1<-40d2d32e-dd25-45df-8070-f9dc56ccf0a7#0:FAIL-t273, cbde3520-0cea-4357-bb04-1a0ae64b2bb1<-443b071d-6096-48d6-bfe7-498b7c8032c0#0:FAIL-t273] and 0 exception(s); cbde3520-0cea-4357-bb04-1a0ae64b2bb1@group-7EB39FB5DF22:t273, leader=null, voted=cbde3520-0cea-4357-bb04-1a0ae64b2bb1, raftlog=cbde3520-0cea-4357-bb04-1a0ae64b2bb1@group-7EB39FB5DF22-SegmentedRaftLog:OPENED:c-1,f-1,i0, conf=-1: [40d2d32e-dd25-45df-8070-f9dc56ccf0a7:192.168.34.62:41633, cbde3520-0cea-4357-bb04-1a0ae64b2bb1:192.168.34.62:41642, 443b071d-6096-48d6-bfe7-498b7c8032c0:192.168.34.62:46516], old=null
2019-10-17 07:42:05,139 [cbde3520-0cea-4357-bb04-1a0ae64b2bb1@group-7EB39FB5DF22-LeaderElection254] INFO  impl.RaftServerImpl (RaftServerImpl.java:setRole(184)) - cbde3520-0cea-4357-bb04-1a0ae64b2bb1@group-7EB39FB5DF22: changes role from CANDIDATE to FOLLOWER at term 273 for DISCOVERED_A_NEW_TERM
2019-10-17 07:42:05,140 [cbde3520-0cea-4357-bb04-1a0ae64b2bb1@group-7EB39FB5DF22-LeaderElection254] INFO  impl.RoleInfo (RoleInfo.java:shutdownLeaderElection(134)) - cbde3520-0cea-4357-bb04-1a0ae64b2bb1: shutdown LeaderElection
2019-10-17 07:42:05,140 [cbde3520-0cea-4357-bb04-1a0ae64b2bb1@group-7EB39FB5DF22-LeaderElection254] INFO  impl.RoleInfo (RoleInfo.java:updateAndGet(143)) - cbde3520-0cea-4357-bb04-1a0ae64b2bb1: start FollowerState
2019-10-17 07:42:05,186 [Thread-1898] INFO  impl.FollowerState (FollowerState.java:run(108)) - cbde3520-0cea-4357-bb04-1a0ae64b2bb1@group-7EB39FB5DF22-FollowerState: change to CANDIDATE, lastRpcTime:46ms, electionTimeout:46ms
2019-10-17 07:42:05,186 [Thread-1898] INFO  impl.RoleInfo (RoleInfo.java:shutdownFollowerState(121)) - cbde3520-0cea-4357-bb04-1a0ae64b2bb1: shutdown FollowerState
2019-10-17 07:42:05,186 [Thread-1898] INFO  impl.RaftServerImpl (RaftServerImpl.java:setRole(184)) - cbde3520-0cea-4357-bb04-1a0ae64b2bb1@group-7EB39FB5DF22: changes role from  FOLLOWER to CANDIDATE at term 273 for changeToCandidate
2019-10-17 07:42:05,187 [Thread-1898] INFO  impl.RoleInfo (RoleInfo.java:updateAndGet(143)) - cbde3520-0cea-4357-bb04-1a0ae64b2bb1: start LeaderElection
2019-10-17 07:42:05,210 [cbde3520-0cea-4357-bb04-1a0ae64b2bb1@group-7EB39FB5DF22-LeaderElection255] INFO  impl.LeaderElection (LeaderElection.java:askForVotes(178)) - cbde3520-0cea-4357-bb04-1a0ae64b2bb1@group-7EB39FB5DF22-LeaderElection255: begin an election at term 274 for -1: [40d2d32e-dd25-45df-8070-f9dc56ccf0a7:192.168.34.62:41633, cbde3520-0cea-4357-bb04-1a0ae64b2bb1:192.168.34.62:41642, 443b071d-6096-48d6-bfe7-498b7c8032c0:192.168.34.62:46516], old=null
2019-10-17 07:42:05,213 [grpc-default-executor-1] INFO  impl.RaftServerImpl (RaftServerImpl.java:setRole(184)) - 40d2d32e-dd25-45df-8070-f9dc56ccf0a7@group-7EB39FB5DF22: changes role from  FOLLOWER to FOLLOWER at term 274 for recognizeCandidate:cbde3520-0cea-4357-bb04-1a0ae64b2bb1
2019-10-17 07:42:05,213 [grpc-default-executor-1] INFO  impl.RoleInfo (RoleInfo.java:shutdownFollowerState(121)) - 40d2d32e-dd25-45df-8070-f9dc56ccf0a7: shutdown FollowerState
2019-10-17 07:42:05,213 [grpc-default-executor-4] INFO  impl.RaftServerImpl (RaftServerImpl.java:setRole(184)) - 443b071d-6096-48d6-bfe7-498b7c8032c0@group-7EB39FB5DF22: changes role from  FOLLOWER to FOLLOWER at term 274 for recognizeCandidate:cbde3520-0cea-4357-bb04-1a0ae64b2bb1
2019-10-17 07:42:05,213 [grpc-default-executor-4] INFO  impl.RoleInfo (RoleInfo.java:shutdownFollowerState(121)) - 443b071d-6096-48d6-bfe7-498b7c8032c0: shutdown FollowerState
2019-10-17 07:42:05,213 [Thread-1896] INFO  impl.FollowerState (FollowerState.java:run(117)) - 40d2d32e-dd25-45df-8070-f9dc56ccf0a7@group-7EB39FB5DF22-FollowerState was interrupted: java.lang.InterruptedException: sleep interrupted
2019-10-17 07:42:05,214 [Thread-1897] INFO  impl.FollowerState (FollowerState.java:run(117)) - 443b071d-6096-48d6-bfe7-498b7c8032c0@group-7EB39FB5DF22-FollowerState was interrupted: java.lang.InterruptedException: sleep interrupted
2019-10-17 07:42:05,213 [grpc-default-executor-1] INFO  impl.RoleInfo (RoleInfo.java:updateAndGet(143)) - 40d2d32e-dd25-45df-8070-f9dc56ccf0a7: start FollowerState
2019-10-17 07:42:05,214 [grpc-default-executor-4] INFO  impl.RoleInfo (RoleInfo.java:updateAndGet(143)) - 443b071d-6096-48d6-bfe7-498b7c8032c0: start FollowerState
2019-10-17 07:42:05,219 [main] INFO  ozone.MiniOzoneClusterImpl (MiniOzoneClusterImpl.java:lambda$waitForClusterToBeReady$2(164)) - Waiting for 1 number of pipelines out of 5, to report a leader.
2019-10-17 07:42:05,228 [cbde3520-0cea-4357-bb04-1a0ae64b2bb1@group-7EB39FB5DF22-LeaderElection255] INFO  impl.LeaderElection (LeaderElection.java:logAndReturn(56)) - cbde3520-0cea-4357-bb04-1a0ae64b2bb1@group-7EB39FB5DF22-LeaderElection255: Election REJECTED; received 2 response(s) [cbde3520-0cea-4357-bb04-1a0ae64b2bb1<-40d2d32e-dd25-45df-8070-f9dc56ccf0a7#0:FAIL-t274, cbde3520-0cea-4357-bb04-1a0ae64b2bb1<-443b071d-6096-48d6-bfe7-498b7c8032c0#0:FAIL-t274] and 0 exception(s); cbde3520-0cea-4357-bb04-1a0ae64b2bb1@group-7EB39FB5DF22:t274, leader=null, voted=cbde3520-0cea-4357-bb04-1a0ae64b2bb1, raftlog=cbde3520-0cea-4357-bb04-1a0ae64b2bb1@group-7EB39FB5DF22-SegmentedRaftLog:OPENED:c-1,f-1,i0, conf=-1: [40d2d32e-dd25-45df-8070-f9dc56ccf0a7:192.168.34.62:41633, cbde3520-0cea-4357-bb04-1a0ae64b2bb1:192.168.34.62:41642, 443b071d-6096-48d6-bfe7-498b7c8032c0:192.168.34.62:46516], old=null
2019-10-17 07:42:05,228 [cbde3520-0cea-4357-bb04-1a0ae64b2bb1@group-7EB39FB5DF22-LeaderElection255] INFO  impl.RaftServerImpl (RaftServerImpl.java:setRole(184)) - cbde3520-0cea-4357-bb04-1a0ae64b2bb1@group-7EB39FB5DF22: changes role from CANDIDATE to FOLLOWER at term 274 for DISCOVERED_A_NEW_TERM
2019-10-17 07:42:05,228 [cbde3520-0cea-4357-bb04-1a0ae64b2bb1@group-7EB39FB5DF22-LeaderElection255] INFO  impl.RoleInfo (RoleInfo.java:shutdownLeaderElection(134)) - cbde3520-0cea-4357-bb04-1a0ae64b2bb1: shutdown LeaderElection
2019-10-17 07:42:05,228 [cbde3520-0cea-4357-bb04-1a0ae64b2bb1@group-7EB39FB5DF22-LeaderElection255] INFO  impl.RoleInfo (RoleInfo.java:updateAndGet(143)) - cbde3520-0cea-4357-bb04-1a0ae64b2bb1: start FollowerState
2019-10-17 07:42:05,254 [Thread-1904] INFO  impl.FollowerState (FollowerState.java:run(108)) - cbde3520-0cea-4357-bb04-1a0ae64b2bb1@group-7EB39FB5DF22-FollowerState: change to CANDIDATE, lastRpcTime:25ms, electionTimeout:25ms
2019-10-17 07:42:05,254 [Thread-1904] INFO  impl.RoleInfo (RoleInfo.java:shutdownFollowerState(121)) - cbde3520-0cea-4357-bb04-1a0ae64b2bb1: shutdown FollowerState
2019-10-17 07:42:05,254 [Thread-1904] INFO  impl.RaftServerImpl (RaftServerImpl.java:setRole(184)) - cbde3520-0cea-4357-bb04-1a0ae64b2bb1@group-7EB39FB5DF22: changes role from  FOLLOWER to CANDIDATE at term 274 for changeToCandidate
2019-10-17 07:42:05,254 [Thread-1904] INFO  impl.RoleInfo (RoleInfo.java:updateAndGet(143)) - cbde3520-0cea-4357-bb04-1a0ae64b2bb1: start LeaderElection
2019-10-17 07:42:05,279 [cbde3520-0cea-4357-bb04-1a0ae64b2bb1@group-7EB39FB5DF22-LeaderElection256] INFO  impl.LeaderElection (LeaderElection.java:askForVotes(178)) - cbde3520-0cea-4357-bb04-1a0ae64b2bb1@group-7EB39FB5DF22-LeaderElection256: begin an election at term 275 for -1: [40d2d32e-dd25-45df-8070-f9dc56ccf0a7:192.168.34.62:41633, cbde3520-0cea-4357-bb04-1a0ae64b2bb1:192.168.34.62:41642, 443b071d-6096-48d6-bfe7-498b7c8032c0:192.168.34.62:46516], old=null
2019-10-17 07:42:05,281 [grpc-default-executor-4] INFO  impl.RaftServerImpl (RaftServerImpl.java:setRole(184)) - 40d2d32e-dd25-45df-8070-f9dc56ccf0a7@group-7EB39FB5DF22: changes role from  FOLLOWER to FOLLOWER at term 275 for recognizeCandidate:cbde3520-0cea-4357-bb04-1a0ae64b2bb1
2019-10-17 07:42:05,281 [grpc-default-executor-4] INFO  impl.RoleInfo (RoleInfo.java:shutdownFollowerState(121)) - 40d2d32e-dd25-45df-8070-f9dc56ccf0a7: shutdown FollowerState
2019-10-17 07:42:05,282 [grpc-default-executor-1] INFO  impl.RaftServerImpl (RaftServerImpl.java:setRole(184)) - 443b071d-6096-48d6-bfe7-498b7c8032c0@group-7EB39FB5DF22: changes role from  FOLLOWER to FOLLOWER at term 275 for recognizeCandidate:cbde3520-0cea-4357-bb04-1a0ae64b2bb1
2019-10-17 07:42:05,282 [Thread-1902] INFO  impl.FollowerState (FollowerState.java:run(117)) - 40d2d32e-dd25-45df-8070-f9dc56ccf0a7@group-7EB39FB5DF22-FollowerState was interrupted: java.lang.InterruptedException: sleep interrupted
2019-10-17 07:42:05,282 [grpc-default-executor-4] INFO  impl.RoleInfo (RoleInfo.java:updateAndGet(143)) - 40d2d32e-dd25-45df-8070-f9dc56ccf0a7: start FollowerState
2019-10-17 07:42:05,282 [grpc-default-executor-1] INFO  impl.RoleInfo (RoleInfo.java:shutdownFollowerState(121)) - 443b071d-6096-48d6-bfe7-498b7c8032c0: shutdown FollowerState
2019-10-17 07:42:05,282 [grpc-default-executor-1] INFO  impl.RoleInfo (RoleInfo.java:updateAndGet(143)) - 443b071d-6096-48d6-bfe7-498b7c8032c0: start FollowerState
2019-10-17 07:42:05,282 [Thread-1903] INFO  impl.FollowerState (FollowerState.java:run(117)) - 443b071d-6096-48d6-bfe7-498b7c8032c0@group-7EB39FB5DF22-FollowerState was interrupted: java.lang.InterruptedException: sleep interrupted
2019-10-17 07:42:05,296 [cbde3520-0cea-4357-bb04-1a0ae64b2bb1@group-7EB39FB5DF22-LeaderElection256] INFO  impl.LeaderElection (LeaderElection.java:logAndReturn(56)) - cbde3520-0cea-4357-bb04-1a0ae64b2bb1@group-7EB39FB5DF22-LeaderElection256: Election REJECTED; received 2 response(s) [cbde3520-0cea-4357-bb04-1a0ae64b2bb1<-40d2d32e-dd25-45df-8070-f9dc56ccf0a7#0:FAIL-t275, cbde3520-0cea-4357-bb04-1a0ae64b2bb1<-443b071d-6096-48d6-bfe7-498b7c8032c0#0:FAIL-t275] and 0 exception(s); cbde3520-0cea-4357-bb04-1a0ae64b2bb1@group-7EB39FB5DF22:t275, leader=null, voted=cbde3520-0cea-4357-bb04-1a0ae64b2bb1, raftlog=cbde3520-0cea-4357-bb04-1a0ae64b2bb1@group-7EB39FB5DF22-SegmentedRaftLog:OPENED:c-1,f-1,i0, conf=-1: [40d2d32e-dd25-45df-8070-f9dc56ccf0a7:192.168.34.62:41633, cbde3520-0cea-4357-bb04-1a0ae64b2bb1:192.168.34.62:41642, 443b071d-6096-48d6-bfe7-498b7c8032c0:192.168.34.62:46516], old=null
2019-10-17 07:42:05,296 [cbde3520-0cea-4357-bb04-1a0ae64b2bb1@group-7EB39FB5DF22-LeaderElection256] INFO  impl.RaftServerImpl (RaftServerImpl.java:setRole(184)) - cbde3520-0cea-4357-bb04-1a0ae64b2bb1@group-7EB39FB5DF22: changes role from CANDIDATE to FOLLOWER at term 275 for DISCOVERED_A_NEW_TERM
2019-10-17 07:42:05,296 [cbde3520-0cea-4357-bb04-1a0ae64b2bb1@group-7EB39FB5DF22-LeaderElection256] INFO  impl.RoleInfo (RoleInfo.java:shutdownLeaderElection(134)) - cbde3520-0cea-4357-bb04-1a0ae64b2bb1: shutdown LeaderElection
2019-10-17 07:42:05,296 [cbde3520-0cea-4357-bb04-1a0ae64b2bb1@group-7EB39FB5DF22-LeaderElection256] INFO  impl.RoleInfo (RoleInfo.java:updateAndGet(143)) - cbde3520-0cea-4357-bb04-1a0ae64b2bb1: start FollowerState
2019-10-17 07:42:05,411 [Thread-1910] INFO  impl.FollowerState (FollowerState.java:run(108)) - cbde3520-0cea-4357-bb04-1a0ae64b2bb1@group-7EB39FB5DF22-FollowerState: change to CANDIDATE, lastRpcTime:115ms, electionTimeout:115ms
2019-10-17 07:42:05,412 [Thread-1910] INFO  impl.RoleInfo (RoleInfo.java:shutdownFollowerState(121)) - cbde3520-0cea-4357-bb04-1a0ae64b2bb1: shutdown FollowerState
2019-10-17 07:42:05,412 [Thread-1910] INFO  impl.RaftServerImpl (RaftServerImpl.java:setRole(184)) - cbde3520-0cea-4357-bb04-1a0ae64b2bb1@group-7EB39FB5DF22: changes role from  FOLLOWER to CANDIDATE at term 275 for changeToCandidate
2019-10-17 07:42:05,412 [Thread-1910] INFO  impl.RoleInfo (RoleInfo.java:updateAndGet(143)) - cbde3520-0cea-4357-bb04-1a0ae64b2bb1: start LeaderElection
2019-10-17 07:42:05,435 [cbde3520-0cea-4357-bb04-1a0ae64b2bb1@group-7EB39FB5DF22-LeaderElection257] INFO  impl.LeaderElection (LeaderElection.java:askForVotes(178)) - cbde3520-0cea-4357-bb04-1a0ae64b2bb1@group-7EB39FB5DF22-LeaderElection257: begin an election at term 276 for -1: [40d2d32e-dd25-45df-8070-f9dc56ccf0a7:192.168.34.62:41633, cbde3520-0cea-4357-bb04-1a0ae64b2bb1:192.168.34.62:41642, 443b071d-6096-48d6-bfe7-498b7c8032c0:192.168.34.62:46516], old=null
2019-10-17 07:42:05,438 [grpc-default-executor-1] INFO  impl.RaftServerImpl (RaftServerImpl.java:setRole(184)) - 40d2d32e-dd25-45df-8070-f9dc56ccf0a7@group-7EB39FB5DF22: changes role from  FOLLOWER to FOLLOWER at term 276 for recognizeCandidate:cbde3520-0cea-4357-bb04-1a0ae64b2bb1
2019-10-17 07:42:05,438 [grpc-default-executor-1] INFO  impl.RoleInfo (RoleInfo.java:shutdownFollowerState(121)) - 40d2d32e-dd25-45df-8070-f9dc56ccf0a7: shutdown FollowerState
2019-10-17 07:42:05,438 [grpc-default-executor-4] INFO  impl.RaftServerImpl (RaftServerImpl.java:setRole(184)) - 443b071d-6096-48d6-bfe7-498b7c8032c0@group-7EB39FB5DF22: changes role from  FOLLOWER to FOLLOWER at term 276 for recognizeCandidate:cbde3520-0cea-4357-bb04-1a0ae64b2bb1
2019-10-17 07:42:05,438 [Thread-1908] INFO  impl.FollowerState (FollowerState.java:run(117)) - 40d2d32e-dd25-45df-8070-f9dc56ccf0a7@group-7EB39FB5DF22-FollowerState was interrupted: java.lang.InterruptedException: sleep interrupted
2019-10-17 07:42:05,438 [grpc-default-executor-1] INFO  impl.RoleInfo (RoleInfo.java:updateAndGet(143)) - 40d2d32e-dd25-45df-8070-f9dc56ccf0a7: start FollowerState
2019-10-17 07:42:05,438 [grpc-default-executor-4] INFO  impl.RoleInfo (RoleInfo.java:shutdownFollowerState(121)) - 443b071d-6096-48d6-bfe7-498b7c8032c0: shutdown FollowerState
2019-10-17 07:42:05,439 [grpc-default-executor-4] INFO  impl.RoleInfo (RoleInfo.java:updateAndGet(143)) - 443b071d-6096-48d6-bfe7-498b7c8032c0: start FollowerState
2019-10-17 07:42:05,439 [Thread-1909] INFO  impl.FollowerState (FollowerState.java:run(117)) - 443b071d-6096-48d6-bfe7-498b7c8032c0@group-7EB39FB5DF22-FollowerState was interrupted: java.lang.InterruptedException: sleep interrupted
2019-10-17 07:42:05,453 [cbde3520-0cea-4357-bb04-1a0ae64b2bb1@group-7EB39FB5DF22-LeaderElection257] INFO  impl.LeaderElection (LeaderElection.java:logAndReturn(56)) - cbde3520-0cea-4357-bb04-1a0ae64b2bb1@group-7EB39FB5DF22-LeaderElection257: Election REJECTED; received 2 response(s) [cbde3520-0cea-4357-bb04-1a0ae64b2bb1<-40d2d32e-dd25-45df-8070-f9dc56ccf0a7#0:FAIL-t276, cbde3520-0cea-4357-bb04-1a0ae64b2bb1<-443b071d-6096-48d6-bfe7-498b7c8032c0#0:FAIL-t276] and 0 exception(s); cbde3520-0cea-4357-bb04-1a0ae64b2bb1@group-7EB39FB5DF22:t276, leader=null, voted=cbde3520-0cea-4357-bb04-1a0ae64b2bb1, raftlog=cbde3520-0cea-4357-bb04-1a0ae64b2bb1@group-7EB39FB5DF22-SegmentedRaftLog:OPENED:c-1,f-1,i0, conf=-1: [40d2d32e-dd25-45df-8070-f9dc56ccf0a7:192.168.34.62:41633, cbde3520-0cea-4357-bb04-1a0ae64b2bb1:192.168.34.62:41642, 443b071d-6096-48d6-bfe7-498b7c8032c0:192.168.34.62:46516], old=null
2019-10-17 07:42:05,453 [cbde3520-0cea-4357-bb04-1a0ae64b2bb1@group-7EB39FB5DF22-LeaderElection257] INFO  impl.RaftServerImpl (RaftServerImpl.java:setRole(184)) - cbde3520-0cea-4357-bb04-1a0ae64b2bb1@group-7EB39FB5DF22: changes role from CANDIDATE to FOLLOWER at term 276 for DISCOVERED_A_NEW_TERM
2019-10-17 07:42:05,453 [cbde3520-0cea-4357-bb04-1a0ae64b2bb1@group-7EB39FB5DF22-LeaderElection257] INFO  impl.RoleInfo (RoleInfo.java:shutdownLeaderElection(134)) - cbde3520-0cea-4357-bb04-1a0ae64b2bb1: shutdown LeaderElection
2019-10-17 07:42:05,453 [cbde3520-0cea-4357-bb04-1a0ae64b2bb1@group-7EB39FB5DF22-LeaderElection257] INFO  impl.RoleInfo (RoleInfo.java:updateAndGet(143)) - cbde3520-0cea-4357-bb04-1a0ae64b2bb1: start FollowerState
2019-10-17 07:42:05,493 [Thread-1916] INFO  impl.FollowerState (FollowerState.java:run(108)) - cbde3520-0cea-4357-bb04-1a0ae64b2bb1@group-7EB39FB5DF22-FollowerState: change to CANDIDATE, lastRpcTime:39ms, electionTimeout:39ms
2019-10-17 07:42:05,493 [Thread-1916] INFO  impl.RoleInfo (RoleInfo.java:shutdownFollowerState(121)) - cbde3520-0cea-4357-bb04-1a0ae64b2bb1: shutdown FollowerState
2019-10-17 07:42:05,493 [Thread-1916] INFO  impl.RaftServerImpl (RaftServerImpl.java:setRole(184)) - cbde3520-0cea-4357-bb04-1a0ae64b2bb1@group-7EB39FB5DF22: changes role from  FOLLOWER to CANDIDATE at term 276 for changeToCandidate
2019-10-17 07:42:05,493 [Thread-1916] INFO  impl.RoleInfo (RoleInfo.java:updateAndGet(143)) - cbde3520-0cea-4357-bb04-1a0ae64b2bb1: start LeaderElection
2019-10-17 07:42:05,517 [cbde3520-0cea-4357-bb04-1a0ae64b2bb1@group-7EB39FB5DF22-LeaderElection258] INFO  impl.LeaderElection (LeaderElection.java:askForVotes(178)) - cbde3520-0cea-4357-bb04-1a0ae64b2bb1@group-7EB39FB5DF22-LeaderElection258: begin an election at term 277 for -1: [40d2d32e-dd25-45df-8070-f9dc56ccf0a7:192.168.34.62:41633, cbde3520-0cea-4357-bb04-1a0ae64b2bb1:192.168.34.62:41642, 443b071d-6096-48d6-bfe7-498b7c8032c0:192.168.34.62:46516], old=null
2019-10-17 07:42:05,519 [grpc-default-executor-1] INFO  impl.RaftServerImpl (RaftServerImpl.java:setRole(184)) - 40d2d32e-dd25-45df-8070-f9dc56ccf0a7@group-7EB39FB5DF22: changes role from  FOLLOWER to FOLLOWER at term 277 for recognizeCandidate:cbde3520-0cea-4357-bb04-1a0ae64b2bb1
2019-10-17 07:42:05,520 [grpc-default-executor-1] INFO  impl.RoleInfo (RoleInfo.java:shutdownFollowerState(121)) - 40d2d32e-dd25-45df-8070-f9dc56ccf0a7: shutdown FollowerState
2019-10-17 07:42:05,520 [grpc-default-executor-1] INFO  impl.RoleInfo (RoleInfo.java:updateAndGet(143)) - 40d2d32e-dd25-45df-8070-f9dc56ccf0a7: start FollowerState
2019-10-17 07:42:05,520 [Thread-1914] INFO  impl.FollowerState (FollowerState.java:run(117)) - 40d2d32e-dd25-45df-8070-f9dc56ccf0a7@group-7EB39FB5DF22-FollowerState was interrupted: java.lang.InterruptedException: sleep interrupted
2019-10-17 07:42:05,520 [grpc-default-executor-4] INFO  impl.RaftServerImpl (RaftServerImpl.java:setRole(184)) - 443b071d-6096-48d6-bfe7-498b7c8032c0@group-7EB39FB5DF22: changes role from  FOLLOWER to FOLLOWER at term 277 for recognizeCandidate:cbde3520-0cea-4357-bb04-1a0ae64b2bb1
2019-10-17 07:42:05,520 [grpc-default-executor-4] INFO  impl.RoleInfo (RoleInfo.java:shutdownFollowerState(121)) - 443b071d-6096-48d6-bfe7-498b7c8032c0: shutdown FollowerState
2019-10-17 07:42:05,520 [grpc-default-executor-4] INFO  impl.RoleInfo (RoleInfo.java:updateAndGet(143)) - 443b071d-6096-48d6-bfe7-498b7c8032c0: start FollowerState
2019-10-17 07:42:05,521 [Thread-1915] INFO  impl.FollowerState (FollowerState.java:run(117)) - 443b071d-6096-48d6-bfe7-498b7c8032c0@group-7EB39FB5DF22-FollowerState was interrupted: java.lang.InterruptedException: sleep interrupted
2019-10-17 07:42:05,544 [cbde3520-0cea-4357-bb04-1a0ae64b2bb1@group-7EB39FB5DF22-LeaderElection258] INFO  impl.LeaderElection (LeaderElection.java:logAndReturn(56)) - cbde3520-0cea-4357-bb04-1a0ae64b2bb1@group-7EB39FB5DF22-LeaderElection258: Election REJECTED; received 2 response(s) [cbde3520-0cea-4357-bb04-1a0ae64b2bb1<-40d2d32e-dd25-45df-8070-f9dc56ccf0a7#0:FAIL-t277, cbde3520-0cea-4357-bb04-1a0ae64b2bb1<-443b071d-6096-48d6-bfe7-498b7c8032c0#0:FAIL-t277] and 0 exception(s); cbde3520-0cea-4357-bb04-1a0ae64b2bb1@group-7EB39FB5DF22:t277, leader=null, voted=cbde3520-0cea-4357-bb04-1a0ae64b2bb1, raftlog=cbde3520-0cea-4357-bb04-1a0ae64b2bb1@group-7EB39FB5DF22-SegmentedRaftLog:OPENED:c-1,f-1,i0, conf=-1: [40d2d32e-dd25-45df-8070-f9dc56ccf0a7:192.168.34.62:41633, cbde3520-0cea-4357-bb04-1a0ae64b2bb1:192.168.34.62:41642, 443b071d-6096-48d6-bfe7-498b7c8032c0:192.168.34.62:46516], old=null
2019-10-17 07:42:05,544 [cbde3520-0cea-4357-bb04-1a0ae64b2bb1@group-7EB39FB5DF22-LeaderElection258] INFO  impl.RaftServerImpl (RaftServerImpl.java:setRole(184)) - cbde3520-0cea-4357-bb04-1a0ae64b2bb1@group-7EB39FB5DF22: changes role from CANDIDATE to FOLLOWER at term 277 for DISCOVERED_A_NEW_TERM
2019-10-17 07:42:05,545 [cbde3520-0cea-4357-bb04-1a0ae64b2bb1@group-7EB39FB5DF22-LeaderElection258] INFO  impl.RoleInfo (RoleInfo.java:shutdownLeaderElection(134)) - cbde3520-0cea-4357-bb04-1a0ae64b2bb1: shutdown LeaderElection
2019-10-17 07:42:05,545 [cbde3520-0cea-4357-bb04-1a0ae64b2bb1@group-7EB39FB5DF22-LeaderElection258] INFO  impl.RoleInfo (RoleInfo.java:updateAndGet(143)) - cbde3520-0cea-4357-bb04-1a0ae64b2bb1: start FollowerState
2019-10-17 07:42:05,649 [Thread-1922] INFO  impl.FollowerState (FollowerState.java:run(108)) - cbde3520-0cea-4357-bb04-1a0ae64b2bb1@group-7EB39FB5DF22-FollowerState: change to CANDIDATE, lastRpcTime:104ms, electionTimeout:104ms
2019-10-17 07:42:05,649 [Thread-1922] INFO  impl.RoleInfo (RoleInfo.java:shutdownFollowerState(121)) - cbde3520-0cea-4357-bb04-1a0ae64b2bb1: shutdown FollowerState
2019-10-17 07:42:05,649 [Thread-1922] INFO  impl.RaftServerImpl (RaftServerImpl.java:setRole(184)) - cbde3520-0cea-4357-bb04-1a0ae64b2bb1@group-7EB39FB5DF22: changes role from  FOLLOWER to CANDIDATE at term 277 for changeToCandidate
2019-10-17 07:42:05,650 [Thread-1922] INFO  impl.RoleInfo (RoleInfo.java:updateAndGet(143)) - cbde3520-0cea-4357-bb04-1a0ae64b2bb1: start LeaderElection
2019-10-17 07:42:05,673 [cbde3520-0cea-4357-bb04-1a0ae64b2bb1@group-7EB39FB5DF22-LeaderElection259] INFO  impl.LeaderElection (LeaderElection.java:askForVotes(178)) - cbde3520-0cea-4357-bb04-1a0ae64b2bb1@group-7EB39FB5DF22-LeaderElection259: begin an election at term 278 for -1: [40d2d32e-dd25-45df-8070-f9dc56ccf0a7:192.168.34.62:41633, cbde3520-0cea-4357-bb04-1a0ae64b2bb1:192.168.34.62:41642, 443b071d-6096-48d6-bfe7-498b7c8032c0:192.168.34.62:46516], old=null
2019-10-17 07:42:05,676 [grpc-default-executor-4] INFO  impl.RaftServerImpl (RaftServerImpl.java:setRole(184)) - 40d2d32e-dd25-45df-8070-f9dc56ccf0a7@group-7EB39FB5DF22: changes role from  FOLLOWER to FOLLOWER at term 278 for recognizeCandidate:cbde3520-0cea-4357-bb04-1a0ae64b2bb1
2019-10-17 07:42:05,676 [grpc-default-executor-4] INFO  impl.RoleInfo (RoleInfo.java:shutdownFollowerState(121)) - 40d2d32e-dd25-45df-8070-f9dc56ccf0a7: shutdown FollowerState
2019-10-17 07:42:05,676 [grpc-default-executor-4] INFO  impl.RoleInfo (RoleInfo.java:updateAndGet(143)) - 40d2d32e-dd25-45df-8070-f9dc56ccf0a7: start FollowerState
2019-10-17 07:42:05,676 [Thread-1920] INFO  impl.FollowerState (FollowerState.java:run(117)) - 40d2d32e-dd25-45df-8070-f9dc56ccf0a7@group-7EB39FB5DF22-FollowerState was interrupted: java.lang.InterruptedException: sleep interrupted
2019-10-17 07:42:05,676 [grpc-default-executor-1] INFO  impl.RaftServerImpl (RaftServerImpl.java:setRole(184)) - 443b071d-6096-48d6-bfe7-498b7c8032c0@group-7EB39FB5DF22: changes role from  FOLLOWER to FOLLOWER at term 278 for recognizeCandidate:cbde3520-0cea-4357-bb04-1a0ae64b2bb1
2019-10-17 07:42:05,677 [grpc-default-executor-1] INFO  impl.RoleInfo (RoleInfo.java:shutdownFollowerState(121)) - 443b071d-6096-48d6-bfe7-498b7c8032c0: shutdown FollowerState
2019-10-17 07:42:05,677 [grpc-default-executor-1] INFO  impl.RoleInfo (RoleInfo.java:updateAndGet(143)) - 443b071d-6096-48d6-bfe7-498b7c8032c0: start FollowerState
2019-10-17 07:42:05,677 [Thread-1921] INFO  impl.FollowerState (FollowerState.java:run(117)) - 443b071d-6096-48d6-bfe7-498b7c8032c0@group-7EB39FB5DF22-FollowerState was interrupted: java.lang.InterruptedException: sleep interrupted
2019-10-17 07:42:05,694 [cbde3520-0cea-4357-bb04-1a0ae64b2bb1@group-7EB39FB5DF22-LeaderElection259] INFO  impl.LeaderElection (LeaderElection.java:logAndReturn(56)) - cbde3520-0cea-4357-bb04-1a0ae64b2bb1@group-7EB39FB5DF22-LeaderElection259: Election REJECTED; received 2 response(s) [cbde3520-0cea-4357-bb04-1a0ae64b2bb1<-40d2d32e-dd25-45df-8070-f9dc56ccf0a7#0:FAIL-t278, cbde3520-0cea-4357-bb04-1a0ae64b2bb1<-443b071d-6096-48d6-bfe7-498b7c8032c0#0:FAIL-t278] and 0 exception(s); cbde3520-0cea-4357-bb04-1a0ae64b2bb1@group-7EB39FB5DF22:t278, leader=null, voted=cbde3520-0cea-4357-bb04-1a0ae64b2bb1, raftlog=cbde3520-0cea-4357-bb04-1a0ae64b2bb1@group-7EB39FB5DF22-SegmentedRaftLog:OPENED:c-1,f-1,i0, conf=-1: [40d2d32e-dd25-45df-8070-f9dc56ccf0a7:192.168.34.62:41633, cbde3520-0cea-4357-bb04-1a0ae64b2bb1:192.168.34.62:41642, 443b071d-6096-48d6-bfe7-498b7c8032c0:192.168.34.62:46516], old=null
2019-10-17 07:42:05,694 [cbde3520-0cea-4357-bb04-1a0ae64b2bb1@group-7EB39FB5DF22-LeaderElection259] INFO  impl.RaftServerImpl (RaftServerImpl.java:setRole(184)) - cbde3520-0cea-4357-bb04-1a0ae64b2bb1@group-7EB39FB5DF22: changes role from CANDIDATE to FOLLOWER at term 278 for DISCOVERED_A_NEW_TERM
2019-10-17 07:42:05,694 [cbde3520-0cea-4357-bb04-1a0ae64b2bb1@group-7EB39FB5DF22-LeaderElection259] INFO  impl.RoleInfo (RoleInfo.java:shutdownLeaderElection(134)) - cbde3520-0cea-4357-bb04-1a0ae64b2bb1: shutdown LeaderElection
2019-10-17 07:42:05,694 [cbde3520-0cea-4357-bb04-1a0ae64b2bb1@group-7EB39FB5DF22-LeaderElection259] INFO  impl.RoleInfo (RoleInfo.java:updateAndGet(143)) - cbde3520-0cea-4357-bb04-1a0ae64b2bb1: start FollowerState
2019-10-17 07:42:05,778 [Thread-1928] INFO  impl.FollowerState (FollowerState.java:run(108)) - cbde3520-0cea-4357-bb04-1a0ae64b2bb1@group-7EB39FB5DF22-FollowerState: change to CANDIDATE, lastRpcTime:83ms, electionTimeout:83ms
2019-10-17 07:42:05,778 [Thread-1928] INFO  impl.RoleInfo (RoleInfo.java:shutdownFollowerState(121)) - cbde3520-0cea-4357-bb04-1a0ae64b2bb1: shutdown FollowerState
2019-10-17 07:42:05,778 [Thread-1928] INFO  impl.RaftServerImpl (RaftServerImpl.java:setRole(184)) - cbde3520-0cea-4357-bb04-1a0ae64b2bb1@group-7EB39FB5DF22: changes role from  FOLLOWER to CANDIDATE at term 278 for changeToCandidate
2019-10-17 07:42:05,778 [Thread-1928] INFO  impl.RoleInfo (RoleInfo.java:updateAndGet(143)) - cbde3520-0cea-4357-bb04-1a0ae64b2bb1: start LeaderElection
2019-10-17 07:42:05,803 [cbde3520-0cea-4357-bb04-1a0ae64b2bb1@group-7EB39FB5DF22-LeaderElection260] INFO  impl.LeaderElection (LeaderElection.java:askForVotes(178)) - cbde3520-0cea-4357-bb04-1a0ae64b2bb1@group-7EB39FB5DF22-LeaderElection260: begin an election at term 279 for -1: [40d2d32e-dd25-45df-8070-f9dc56ccf0a7:192.168.34.62:41633, cbde3520-0cea-4357-bb04-1a0ae64b2bb1:192.168.34.62:41642, 443b071d-6096-48d6-bfe7-498b7c8032c0:192.168.34.62:46516], old=null
2019-10-17 07:42:05,805 [grpc-default-executor-4] INFO  impl.RaftServerImpl (RaftServerImpl.java:setRole(184)) - 40d2d32e-dd25-45df-8070-f9dc56ccf0a7@group-7EB39FB5DF22: changes role from  FOLLOWER to FOLLOWER at term 279 for recognizeCandidate:cbde3520-0cea-4357-bb04-1a0ae64b2bb1
2019-10-17 07:42:05,805 [grpc-default-executor-4] INFO  impl.RoleInfo (RoleInfo.java:shutdownFollowerState(121)) - 40d2d32e-dd25-45df-8070-f9dc56ccf0a7: shutdown FollowerState
2019-10-17 07:42:05,805 [grpc-default-executor-4] INFO  impl.RoleInfo (RoleInfo.java:updateAndGet(143)) - 40d2d32e-dd25-45df-8070-f9dc56ccf0a7: start FollowerState
2019-10-17 07:42:05,805 [Thread-1926] INFO  impl.FollowerState (FollowerState.java:run(117)) - 40d2d32e-dd25-45df-8070-f9dc56ccf0a7@group-7EB39FB5DF22-FollowerState was interrupted: java.lang.InterruptedException: sleep interrupted
2019-10-17 07:42:05,805 [grpc-default-executor-1] INFO  impl.RaftServerImpl (RaftServerImpl.java:setRole(184)) - 443b071d-6096-48d6-bfe7-498b7c8032c0@group-7EB39FB5DF22: changes role from  FOLLOWER to FOLLOWER at term 279 for recognizeCandidate:cbde3520-0cea-4357-bb04-1a0ae64b2bb1
2019-10-17 07:42:05,806 [grpc-default-executor-1] INFO  impl.RoleInfo (RoleInfo.java:shutdownFollowerState(121)) - 443b071d-6096-48d6-bfe7-498b7c8032c0: shutdown FollowerState
2019-10-17 07:42:05,806 [grpc-default-executor-1] INFO  impl.RoleInfo (RoleInfo.java:updateAndGet(143)) - 443b071d-6096-48d6-bfe7-498b7c8032c0: start FollowerState
2019-10-17 07:42:05,806 [Thread-1927] INFO  impl.FollowerState (FollowerState.java:run(117)) - 443b071d-6096-48d6-bfe7-498b7c8032c0@group-7EB39FB5DF22-FollowerState was interrupted: java.lang.InterruptedException: sleep interrupted
2019-10-17 07:42:05,829 [cbde3520-0cea-4357-bb04-1a0ae64b2bb1@group-7EB39FB5DF22-LeaderElection260] INFO  impl.LeaderElection (LeaderElection.java:logAndReturn(56)) - cbde3520-0cea-4357-bb04-1a0ae64b2bb1@group-7EB39FB5DF22-LeaderElection260: Election REJECTED; received 2 response(s) [cbde3520-0cea-4357-bb04-1a0ae64b2bb1<-40d2d32e-dd25-45df-8070-f9dc56ccf0a7#0:FAIL-t279, cbde3520-0cea-4357-bb04-1a0ae64b2bb1<-443b071d-6096-48d6-bfe7-498b7c8032c0#0:FAIL-t279] and 0 exception(s); cbde3520-0cea-4357-bb04-1a0ae64b2bb1@group-7EB39FB5DF22:t279, leader=null, voted=cbde3520-0cea-4357-bb04-1a0ae64b2bb1, raftlog=cbde3520-0cea-4357-bb04-1a0ae64b2bb1@group-7EB39FB5DF22-SegmentedRaftLog:OPENED:c-1,f-1,i0, conf=-1: [40d2d32e-dd25-45df-8070-f9dc56ccf0a7:192.168.34.62:41633, cbde3520-0cea-4357-bb04-1a0ae64b2bb1:192.168.34.62:41642, 443b071d-6096-48d6-bfe7-498b7c8032c0:192.168.34.62:46516], old=null
2019-10-17 07:42:05,829 [cbde3520-0cea-4357-bb04-1a0ae64b2bb1@group-7EB39FB5DF22-LeaderElection260] INFO  impl.RaftServerImpl (RaftServerImpl.java:setRole(184)) - cbde3520-0cea-4357-bb04-1a0ae64b2bb1@group-7EB39FB5DF22: changes role from CANDIDATE to FOLLOWER at term 279 for DISCOVERED_A_NEW_TERM
2019-10-17 07:42:05,829 [cbde3520-0cea-4357-bb04-1a0ae64b2bb1@group-7EB39FB5DF22-LeaderElection260] INFO  impl.RoleInfo (RoleInfo.java:shutdownLeaderElection(134)) - cbde3520-0cea-4357-bb04-1a0ae64b2bb1: shutdown LeaderElection
2019-10-17 07:42:05,829 [cbde3520-0cea-4357-bb04-1a0ae64b2bb1@group-7EB39FB5DF22-LeaderElection260] INFO  impl.RoleInfo (RoleInfo.java:updateAndGet(143)) - cbde3520-0cea-4357-bb04-1a0ae64b2bb1: start FollowerState
2019-10-17 07:42:05,850 [Thread-1934] INFO  impl.FollowerState (FollowerState.java:run(108)) - cbde3520-0cea-4357-bb04-1a0ae64b2bb1@group-7EB39FB5DF22-FollowerState: change to CANDIDATE, lastRpcTime:20ms, electionTimeout:20ms
2019-10-17 07:42:05,850 [Thread-1934] INFO  impl.RoleInfo (RoleInfo.java:shutdownFollowerState(121)) - cbde3520-0cea-4357-bb04-1a0ae64b2bb1: shutdown FollowerState
2019-10-17 07:42:05,850 [Thread-1934] INFO  impl.RaftServerImpl (RaftServerImpl.java:setRole(184)) - cbde3520-0cea-4357-bb04-1a0ae64b2bb1@group-7EB39FB5DF22: changes role from  FOLLOWER to CANDIDATE at term 279 for changeToCandidate
2019-10-17 07:42:05,850 [Thread-1934] INFO  impl.RoleInfo (RoleInfo.java:updateAndGet(143)) - cbde3520-0cea-4357-bb04-1a0ae64b2bb1: start LeaderElection
2019-10-17 07:42:05,886 [cbde3520-0cea-4357-bb04-1a0ae64b2bb1@group-7EB39FB5DF22-LeaderElection261] INFO  impl.LeaderElection (LeaderElection.java:askForVotes(178)) - cbde3520-0cea-4357-bb04-1a0ae64b2bb1@group-7EB39FB5DF22-LeaderElection261: begin an election at term 280 for -1: [40d2d32e-dd25-45df-8070-f9dc56ccf0a7:192.168.34.62:41633, cbde3520-0cea-4357-bb04-1a0ae64b2bb1:192.168.34.62:41642, 443b071d-6096-48d6-bfe7-498b7c8032c0:192.168.34.62:46516], old=null
2019-10-17 07:42:05,888 [grpc-default-executor-4] INFO  impl.RaftServerImpl (RaftServerImpl.java:setRole(184)) - 40d2d32e-dd25-45df-8070-f9dc56ccf0a7@group-7EB39FB5DF22: changes role from  FOLLOWER to FOLLOWER at term 280 for recognizeCandidate:cbde3520-0cea-4357-bb04-1a0ae64b2bb1
2019-10-17 07:42:05,888 [grpc-default-executor-4] INFO  impl.RoleInfo (RoleInfo.java:shutdownFollowerState(121)) - 40d2d32e-dd25-45df-8070-f9dc56ccf0a7: shutdown FollowerState
2019-10-17 07:42:05,888 [grpc-default-executor-1] INFO  impl.RaftServerImpl (RaftServerImpl.java:setRole(184)) - 443b071d-6096-48d6-bfe7-498b7c8032c0@group-7EB39FB5DF22: changes role from  FOLLOWER to FOLLOWER at term 280 for recognizeCandidate:cbde3520-0cea-4357-bb04-1a0ae64b2bb1
2019-10-17 07:42:05,888 [Thread-1932] INFO  impl.FollowerState (FollowerState.java:run(117)) - 40d2d32e-dd25-45df-8070-f9dc56ccf0a7@group-7EB39FB5DF22-FollowerState was interrupted: java.lang.InterruptedException: sleep interrupted
2019-10-17 07:42:05,888 [grpc-default-executor-4] INFO  impl.RoleInfo (RoleInfo.java:updateAndGet(143)) - 40d2d32e-dd25-45df-8070-f9dc56ccf0a7: start FollowerState
2019-10-17 07:42:05,889 [grpc-default-executor-1] INFO  impl.RoleInfo (RoleInfo.java:shutdownFollowerState(121)) - 443b071d-6096-48d6-bfe7-498b7c8032c0: shutdown FollowerState
2019-10-17 07:42:05,889 [grpc-default-executor-1] INFO  impl.RoleInfo (RoleInfo.java:updateAndGet(143)) - 443b071d-6096-48d6-bfe7-498b7c8032c0: start FollowerState
2019-10-17 07:42:05,889 [Thread-1933] INFO  impl.FollowerState (FollowerState.java:run(117)) - 443b071d-6096-48d6-bfe7-498b7c8032c0@group-7EB39FB5DF22-FollowerState was interrupted: java.lang.InterruptedException: sleep interrupted
2019-10-17 07:42:05,912 [cbde3520-0cea-4357-bb04-1a0ae64b2bb1@group-7EB39FB5DF22-LeaderElection261] INFO  impl.LeaderElection (LeaderElection.java:logAndReturn(56)) - cbde3520-0cea-4357-bb04-1a0ae64b2bb1@group-7EB39FB5DF22-LeaderElection261: Election REJECTED; received 2 response(s) [cbde3520-0cea-4357-bb04-1a0ae64b2bb1<-40d2d32e-dd25-45df-8070-f9dc56ccf0a7#0:FAIL-t280, cbde3520-0cea-4357-bb04-1a0ae64b2bb1<-443b071d-6096-48d6-bfe7-498b7c8032c0#0:FAIL-t280] and 0 exception(s); cbde3520-0cea-4357-bb04-1a0ae64b2bb1@group-7EB39FB5DF22:t280, leader=null, voted=cbde3520-0cea-4357-bb04-1a0ae64b2bb1, raftlog=cbde3520-0cea-4357-bb04-1a0ae64b2bb1@group-7EB39FB5DF22-SegmentedRaftLog:OPENED:c-1,f-1,i0, conf=-1: [40d2d32e-dd25-45df-8070-f9dc56ccf0a7:192.168.34.62:41633, cbde3520-0cea-4357-bb04-1a0ae64b2bb1:192.168.34.62:41642, 443b071d-6096-48d6-bfe7-498b7c8032c0:192.168.34.62:46516], old=null
2019-10-17 07:42:05,912 [cbde3520-0cea-4357-bb04-1a0ae64b2bb1@group-7EB39FB5DF22-LeaderElection261] INFO  impl.RaftServerImpl (RaftServerImpl.java:setRole(184)) - cbde3520-0cea-4357-bb04-1a0ae64b2bb1@group-7EB39FB5DF22: changes role from CANDIDATE to FOLLOWER at term 280 for DISCOVERED_A_NEW_TERM
2019-10-17 07:42:05,912 [cbde3520-0cea-4357-bb04-1a0ae64b2bb1@group-7EB39FB5DF22-LeaderElection261] INFO  impl.RoleInfo (RoleInfo.java:shutdownLeaderElection(134)) - cbde3520-0cea-4357-bb04-1a0ae64b2bb1: shutdown LeaderElection
2019-10-17 07:42:05,912 [cbde3520-0cea-4357-bb04-1a0ae64b2bb1@group-7EB39FB5DF22-LeaderElection261] INFO  impl.RoleInfo (RoleInfo.java:updateAndGet(143)) - cbde3520-0cea-4357-bb04-1a0ae64b2bb1: start FollowerState
2019-10-17 07:42:06,080 [Thread-1940] INFO  impl.FollowerState (FollowerState.java:run(108)) - cbde3520-0cea-4357-bb04-1a0ae64b2bb1@group-7EB39FB5DF22-FollowerState: change to CANDIDATE, lastRpcTime:167ms, electionTimeout:167ms
2019-10-17 07:42:06,080 [Thread-1940] INFO  impl.RoleInfo (RoleInfo.java:shutdownFollowerState(121)) - cbde3520-0cea-4357-bb04-1a0ae64b2bb1: shutdown FollowerState
2019-10-17 07:42:06,080 [Thread-1940] INFO  impl.RaftServerImpl (RaftServerImpl.java:setRole(184)) - cbde3520-0cea-4357-bb04-1a0ae64b2bb1@group-7EB39FB5DF22: changes role from  FOLLOWER to CANDIDATE at term 280 for changeToCandidate
2019-10-17 07:42:06,080 [Thread-1940] INFO  impl.RoleInfo (RoleInfo.java:updateAndGet(143)) - cbde3520-0cea-4357-bb04-1a0ae64b2bb1: start LeaderElection
2019-10-17 07:42:06,120 [cbde3520-0cea-4357-bb04-1a0ae64b2bb1@group-7EB39FB5DF22-LeaderElection262] INFO  impl.LeaderElection (LeaderElection.java:askForVotes(178)) - cbde3520-0cea-4357-bb04-1a0ae64b2bb1@group-7EB39FB5DF22-LeaderElection262: begin an election at term 281 for -1: [40d2d32e-dd25-45df-8070-f9dc56ccf0a7:192.168.34.62:41633, cbde3520-0cea-4357-bb04-1a0ae64b2bb1:192.168.34.62:41642, 443b071d-6096-48d6-bfe7-498b7c8032c0:192.168.34.62:46516], old=null
2019-10-17 07:42:06,123 [grpc-default-executor-4] INFO  impl.RaftServerImpl (RaftServerImpl.java:setRole(184)) - 40d2d32e-dd25-45df-8070-f9dc56ccf0a7@group-7EB39FB5DF22: changes role from  FOLLOWER to FOLLOWER at term 281 for recognizeCandidate:cbde3520-0cea-4357-bb04-1a0ae64b2bb1
2019-10-17 07:42:06,123 [grpc-default-executor-1] INFO  impl.RaftServerImpl (RaftServerImpl.java:setRole(184)) - 443b071d-6096-48d6-bfe7-498b7c8032c0@group-7EB39FB5DF22: changes role from  FOLLOWER to FOLLOWER at term 281 for recognizeCandidate:cbde3520-0cea-4357-bb04-1a0ae64b2bb1
2019-10-17 07:42:06,123 [grpc-default-executor-1] INFO  impl.RoleInfo (RoleInfo.java:shutdownFollowerState(121)) - 443b071d-6096-48d6-bfe7-498b7c8032c0: shutdown FollowerState
2019-10-17 07:42:06,123 [grpc-default-executor-4] INFO  impl.RoleInfo (RoleInfo.java:shutdownFollowerState(121)) - 40d2d32e-dd25-45df-8070-f9dc56ccf0a7: shutdown FollowerState
2019-10-17 07:42:06,123 [Thread-1939] INFO  impl.FollowerState (FollowerState.java:run(117)) - 443b071d-6096-48d6-bfe7-498b7c8032c0@group-7EB39FB5DF22-FollowerState was interrupted: java.lang.InterruptedException: sleep interrupted
2019-10-17 07:42:06,123 [Thread-1938] INFO  impl.FollowerState (FollowerState.java:run(117)) - 40d2d32e-dd25-45df-8070-f9dc56ccf0a7@group-7EB39FB5DF22-FollowerState was interrupted: java.lang.InterruptedException: sleep interrupted
2019-10-17 07:42:06,123 [grpc-default-executor-1] INFO  impl.RoleInfo (RoleInfo.java:updateAndGet(143)) - 443b071d-6096-48d6-bfe7-498b7c8032c0: start FollowerState
2019-10-17 07:42:06,123 [grpc-default-executor-4] INFO  impl.RoleInfo (RoleInfo.java:updateAndGet(143)) - 40d2d32e-dd25-45df-8070-f9dc56ccf0a7: start FollowerState
2019-10-17 07:42:06,146 [cbde3520-0cea-4357-bb04-1a0ae64b2bb1@group-7EB39FB5DF22-LeaderElection262] INFO  impl.LeaderElection (LeaderElection.java:logAndReturn(56)) - cbde3520-0cea-4357-bb04-1a0ae64b2bb1@group-7EB39FB5DF22-LeaderElection262: Election REJECTED; received 2 response(s) [cbde3520-0cea-4357-bb04-1a0ae64b2bb1<-40d2d32e-dd25-45df-8070-f9dc56ccf0a7#0:FAIL-t281, cbde3520-0cea-4357-bb04-1a0ae64b2bb1<-443b071d-6096-48d6-bfe7-498b7c8032c0#0:FAIL-t281] and 0 exception(s); cbde3520-0cea-4357-bb04-1a0ae64b2bb1@group-7EB39FB5DF22:t281, leader=null, voted=cbde3520-0cea-4357-bb04-1a0ae64b2bb1, raftlog=cbde3520-0cea-4357-bb04-1a0ae64b2bb1@group-7EB39FB5DF22-SegmentedRaftLog:OPENED:c-1,f-1,i0, conf=-1: [40d2d32e-dd25-45df-8070-f9dc56ccf0a7:192.168.34.62:41633, cbde3520-0cea-4357-bb04-1a0ae64b2bb1:192.168.34.62:41642, 443b071d-6096-48d6-bfe7-498b7c8032c0:192.168.34.62:46516], old=null
2019-10-17 07:42:06,146 [cbde3520-0cea-4357-bb04-1a0ae64b2bb1@group-7EB39FB5DF22-LeaderElection262] INFO  impl.RaftServerImpl (RaftServerImpl.java:setRole(184)) - cbde3520-0cea-4357-bb04-1a0ae64b2bb1@group-7EB39FB5DF22: changes role from CANDIDATE to FOLLOWER at term 281 for DISCOVERED_A_NEW_TERM
2019-10-17 07:42:06,146 [cbde3520-0cea-4357-bb04-1a0ae64b2bb1@group-7EB39FB5DF22-LeaderElection262] INFO  impl.RoleInfo (RoleInfo.java:shutdownLeaderElection(134)) - cbde3520-0cea-4357-bb04-1a0ae64b2bb1: shutdown LeaderElection
2019-10-17 07:42:06,146 [cbde3520-0cea-4357-bb04-1a0ae64b2bb1@group-7EB39FB5DF22-LeaderElection262] INFO  impl.RoleInfo (RoleInfo.java:updateAndGet(143)) - cbde3520-0cea-4357-bb04-1a0ae64b2bb1: start FollowerState
2019-10-17 07:42:06,162 [Thread-1946] INFO  impl.FollowerState (FollowerState.java:run(108)) - cbde3520-0cea-4357-bb04-1a0ae64b2bb1@group-7EB39FB5DF22-FollowerState: change to CANDIDATE, lastRpcTime:15ms, electionTimeout:15ms
2019-10-17 07:42:06,162 [Thread-1946] INFO  impl.RoleInfo (RoleInfo.java:shutdownFollowerState(121)) - cbde3520-0cea-4357-bb04-1a0ae64b2bb1: shutdown FollowerState
2019-10-17 07:42:06,162 [Thread-1946] INFO  impl.RaftServerImpl (RaftServerImpl.java:setRole(184)) - cbde3520-0cea-4357-bb04-1a0ae64b2bb1@group-7EB39FB5DF22: changes role from  FOLLOWER to CANDIDATE at term 281 for changeToCandidate
2019-10-17 07:42:06,162 [Thread-1946] INFO  impl.RoleInfo (RoleInfo.java:updateAndGet(143)) - cbde3520-0cea-4357-bb04-1a0ae64b2bb1: start LeaderElection
2019-10-17 07:42:06,195 [cbde3520-0cea-4357-bb04-1a0ae64b2bb1@group-7EB39FB5DF22-LeaderElection263] INFO  impl.LeaderElection (LeaderElection.java:askForVotes(178)) - cbde3520-0cea-4357-bb04-1a0ae64b2bb1@group-7EB39FB5DF22-LeaderElection263: begin an election at term 282 for -1: [40d2d32e-dd25-45df-8070-f9dc56ccf0a7:192.168.34.62:41633, cbde3520-0cea-4357-bb04-1a0ae64b2bb1:192.168.34.62:41642, 443b071d-6096-48d6-bfe7-498b7c8032c0:192.168.34.62:46516], old=null
2019-10-17 07:42:06,198 [grpc-default-executor-4] INFO  impl.RaftServerImpl (RaftServerImpl.java:setRole(184)) - 443b071d-6096-48d6-bfe7-498b7c8032c0@group-7EB39FB5DF22: changes role from  FOLLOWER to FOLLOWER at term 282 for recognizeCandidate:cbde3520-0cea-4357-bb04-1a0ae64b2bb1
2019-10-17 07:42:06,198 [grpc-default-executor-1] INFO  impl.RaftServerImpl (RaftServerImpl.java:setRole(184)) - 40d2d32e-dd25-45df-8070-f9dc56ccf0a7@group-7EB39FB5DF22: changes role from  FOLLOWER to FOLLOWER at term 282 for recognizeCandidate:cbde3520-0cea-4357-bb04-1a0ae64b2bb1
2019-10-17 07:42:06,198 [grpc-default-executor-1] INFO  impl.RoleInfo (RoleInfo.java:shutdownFollowerState(121)) - 40d2d32e-dd25-45df-8070-f9dc56ccf0a7: shutdown FollowerState
2019-10-17 07:42:06,198 [grpc-default-executor-4] INFO  impl.RoleInfo (RoleInfo.java:shutdownFollowerState(121)) - 443b071d-6096-48d6-bfe7-498b7c8032c0: shutdown FollowerState
2019-10-17 07:42:06,199 [grpc-default-executor-4] INFO  impl.RoleInfo (RoleInfo.java:updateAndGet(143)) - 443b071d-6096-48d6-bfe7-498b7c8032c0: start FollowerState
2019-10-17 07:42:06,198 [Thread-1945] INFO  impl.FollowerState (FollowerState.java:run(117)) - 40d2d32e-dd25-45df-8070-f9dc56ccf0a7@group-7EB39FB5DF22-FollowerState was interrupted: java.lang.InterruptedException: sleep interrupted
2019-10-17 07:42:06,198 [grpc-default-executor-1] INFO  impl.RoleInfo (RoleInfo.java:updateAndGet(143)) - 40d2d32e-dd25-45df-8070-f9dc56ccf0a7: start FollowerState
2019-10-17 07:42:06,199 [Thread-1944] INFO  impl.FollowerState (FollowerState.java:run(117)) - 443b071d-6096-48d6-bfe7-498b7c8032c0@group-7EB39FB5DF22-FollowerState was interrupted: java.lang.InterruptedException: sleep interrupted
2019-10-17 07:42:06,220 [main] INFO  ozone.MiniOzoneClusterImpl (MiniOzoneClusterImpl.java:lambda$waitForClusterToBeReady$2(164)) - Waiting for 1 number of pipelines out of 5, to report a leader.
2019-10-17 07:42:06,246 [cbde3520-0cea-4357-bb04-1a0ae64b2bb1@group-7EB39FB5DF22-LeaderElection263] INFO  impl.LeaderElection (LeaderElection.java:logAndReturn(56)) - cbde3520-0cea-4357-bb04-1a0ae64b2bb1@group-7EB39FB5DF22-LeaderElection263: Election REJECTED; received 2 response(s) [cbde3520-0cea-4357-bb04-1a0ae64b2bb1<-40d2d32e-dd25-45df-8070-f9dc56ccf0a7#0:FAIL-t282, cbde3520-0cea-4357-bb04-1a0ae64b2bb1<-443b071d-6096-48d6-bfe7-498b7c8032c0#0:FAIL-t282] and 0 exception(s); cbde3520-0cea-4357-bb04-1a0ae64b2bb1@group-7EB39FB5DF22:t282, leader=null, voted=cbde3520-0cea-4357-bb04-1a0ae64b2bb1, raftlog=cbde3520-0cea-4357-bb04-1a0ae64b2bb1@group-7EB39FB5DF22-SegmentedRaftLog:OPENED:c-1,f-1,i0, conf=-1: [40d2d32e-dd25-45df-8070-f9dc56ccf0a7:192.168.34.62:41633, cbde3520-0cea-4357-bb04-1a0ae64b2bb1:192.168.34.62:41642, 443b071d-6096-48d6-bfe7-498b7c8032c0:192.168.34.62:46516], old=null
2019-10-17 07:42:06,247 [cbde3520-0cea-4357-bb04-1a0ae64b2bb1@group-7EB39FB5DF22-LeaderElection263] INFO  impl.RaftServerImpl (RaftServerImpl.java:setRole(184)) - cbde3520-0cea-4357-bb04-1a0ae64b2bb1@group-7EB39FB5DF22: changes role from CANDIDATE to FOLLOWER at term 282 for DISCOVERED_A_NEW_TERM
2019-10-17 07:42:06,247 [cbde3520-0cea-4357-bb04-1a0ae64b2bb1@group-7EB39FB5DF22-LeaderElection263] INFO  impl.RoleInfo (RoleInfo.java:shutdownLeaderElection(134)) - cbde3520-0cea-4357-bb04-1a0ae64b2bb1: shutdown LeaderElection
2019-10-17 07:42:06,247 [cbde3520-0cea-4357-bb04-1a0ae64b2bb1@group-7EB39FB5DF22-LeaderElection263] INFO  impl.RoleInfo (RoleInfo.java:updateAndGet(143)) - cbde3520-0cea-4357-bb04-1a0ae64b2bb1: start FollowerState
2019-10-17 07:42:06,406 [Thread-1952] INFO  impl.FollowerState (FollowerState.java:run(108)) - cbde3520-0cea-4357-bb04-1a0ae64b2bb1@group-7EB39FB5DF22-FollowerState: change to CANDIDATE, lastRpcTime:159ms, electionTimeout:159ms
2019-10-17 07:42:06,406 [Thread-1952] INFO  impl.RoleInfo (RoleInfo.java:shutdownFollowerState(121)) - cbde3520-0cea-4357-bb04-1a0ae64b2bb1: shutdown FollowerState
2019-10-17 07:42:06,406 [Thread-1952] INFO  impl.RaftServerImpl (RaftServerImpl.java:setRole(184)) - cbde3520-0cea-4357-bb04-1a0ae64b2bb1@group-7EB39FB5DF22: changes role from  FOLLOWER to CANDIDATE at term 282 for changeToCandidate
2019-10-17 07:42:06,407 [Thread-1952] INFO  impl.RoleInfo (RoleInfo.java:updateAndGet(143)) - cbde3520-0cea-4357-bb04-1a0ae64b2bb1: start LeaderElection
2019-10-17 07:42:06,438 [cbde3520-0cea-4357-bb04-1a0ae64b2bb1@group-7EB39FB5DF22-LeaderElection264] INFO  impl.LeaderElection (LeaderElection.java:askForVotes(178)) - cbde3520-0cea-4357-bb04-1a0ae64b2bb1@group-7EB39FB5DF22-LeaderElection264: begin an election at term 283 for -1: [40d2d32e-dd25-45df-8070-f9dc56ccf0a7:192.168.34.62:41633, cbde3520-0cea-4357-bb04-1a0ae64b2bb1:192.168.34.62:41642, 443b071d-6096-48d6-bfe7-498b7c8032c0:192.168.34.62:46516], old=null
2019-10-17 07:42:06,440 [grpc-default-executor-4] INFO  impl.RaftServerImpl (RaftServerImpl.java:setRole(184)) - 40d2d32e-dd25-45df-8070-f9dc56ccf0a7@group-7EB39FB5DF22: changes role from  FOLLOWER to FOLLOWER at term 283 for recognizeCandidate:cbde3520-0cea-4357-bb04-1a0ae64b2bb1
2019-10-17 07:42:06,441 [grpc-default-executor-1] INFO  impl.RaftServerImpl (RaftServerImpl.java:setRole(184)) - 443b071d-6096-48d6-bfe7-498b7c8032c0@group-7EB39FB5DF22: changes role from  FOLLOWER to FOLLOWER at term 283 for recognizeCandidate:cbde3520-0cea-4357-bb04-1a0ae64b2bb1
2019-10-17 07:42:06,441 [grpc-default-executor-4] INFO  impl.RoleInfo (RoleInfo.java:shutdownFollowerState(121)) - 40d2d32e-dd25-45df-8070-f9dc56ccf0a7: shutdown FollowerState
2019-10-17 07:42:06,441 [grpc-default-executor-1] INFO  impl.RoleInfo (RoleInfo.java:shutdownFollowerState(121)) - 443b071d-6096-48d6-bfe7-498b7c8032c0: shutdown FollowerState
2019-10-17 07:42:06,441 [Thread-1950] INFO  impl.FollowerState (FollowerState.java:run(117)) - 40d2d32e-dd25-45df-8070-f9dc56ccf0a7@group-7EB39FB5DF22-FollowerState was interrupted: java.lang.InterruptedException: sleep interrupted
2019-10-17 07:42:06,441 [grpc-default-executor-4] INFO  impl.RoleInfo (RoleInfo.java:updateAndGet(143)) - 40d2d32e-dd25-45df-8070-f9dc56ccf0a7: start FollowerState
2019-10-17 07:42:06,441 [Thread-1951] INFO  impl.FollowerState (FollowerState.java:run(117)) - 443b071d-6096-48d6-bfe7-498b7c8032c0@group-7EB39FB5DF22-FollowerState was interrupted: java.lang.InterruptedException: sleep interrupted
2019-10-17 07:42:06,441 [grpc-default-executor-1] INFO  impl.RoleInfo (RoleInfo.java:updateAndGet(143)) - 443b071d-6096-48d6-bfe7-498b7c8032c0: start FollowerState
2019-10-17 07:42:06,489 [cbde3520-0cea-4357-bb04-1a0ae64b2bb1@group-7EB39FB5DF22-LeaderElection264] INFO  impl.LeaderElection (LeaderElection.java:logAndReturn(56)) - cbde3520-0cea-4357-bb04-1a0ae64b2bb1@group-7EB39FB5DF22-LeaderElection264: Election REJECTED; received 2 response(s) [cbde3520-0cea-4357-bb04-1a0ae64b2bb1<-40d2d32e-dd25-45df-8070-f9dc56ccf0a7#0:FAIL-t283, cbde3520-0cea-4357-bb04-1a0ae64b2bb1<-443b071d-6096-48d6-bfe7-498b7c8032c0#0:FAIL-t283] and 0 exception(s); cbde3520-0cea-4357-bb04-1a0ae64b2bb1@group-7EB39FB5DF22:t283, leader=null, voted=cbde3520-0cea-4357-bb04-1a0ae64b2bb1, raftlog=cbde3520-0cea-4357-bb04-1a0ae64b2bb1@group-7EB39FB5DF22-SegmentedRaftLog:OPENED:c-1,f-1,i0, conf=-1: [40d2d32e-dd25-45df-8070-f9dc56ccf0a7:192.168.34.62:41633, cbde3520-0cea-4357-bb04-1a0ae64b2bb1:192.168.34.62:41642, 443b071d-6096-48d6-bfe7-498b7c8032c0:192.168.34.62:46516], old=null
2019-10-17 07:42:06,489 [cbde3520-0cea-4357-bb04-1a0ae64b2bb1@group-7EB39FB5DF22-LeaderElection264] INFO  impl.RaftServerImpl (RaftServerImpl.java:setRole(184)) - cbde3520-0cea-4357-bb04-1a0ae64b2bb1@group-7EB39FB5DF22: changes role from CANDIDATE to FOLLOWER at term 283 for DISCOVERED_A_NEW_TERM
2019-10-17 07:42:06,489 [cbde3520-0cea-4357-bb04-1a0ae64b2bb1@group-7EB39FB5DF22-LeaderElection264] INFO  impl.RoleInfo (RoleInfo.java:shutdownLeaderElection(134)) - cbde3520-0cea-4357-bb04-1a0ae64b2bb1: shutdown LeaderElection
2019-10-17 07:42:06,489 [cbde3520-0cea-4357-bb04-1a0ae64b2bb1@group-7EB39FB5DF22-LeaderElection264] INFO  impl.RoleInfo (RoleInfo.java:updateAndGet(143)) - cbde3520-0cea-4357-bb04-1a0ae64b2bb1: start FollowerState
2019-10-17 07:42:06,626 [Thread-1958] INFO  impl.FollowerState (FollowerState.java:run(108)) - cbde3520-0cea-4357-bb04-1a0ae64b2bb1@group-7EB39FB5DF22-FollowerState: change to CANDIDATE, lastRpcTime:136ms, electionTimeout:136ms
2019-10-17 07:42:06,626 [Thread-1958] INFO  impl.RoleInfo (RoleInfo.java:shutdownFollowerState(121)) - cbde3520-0cea-4357-bb04-1a0ae64b2bb1: shutdown FollowerState
2019-10-17 07:42:06,626 [Thread-1958] INFO  impl.RaftServerImpl (RaftServerImpl.java:setRole(184)) - cbde3520-0cea-4357-bb04-1a0ae64b2bb1@group-7EB39FB5DF22: changes role from  FOLLOWER to CANDIDATE at term 283 for changeToCandidate
2019-10-17 07:42:06,626 [Thread-1958] INFO  impl.RoleInfo (RoleInfo.java:updateAndGet(143)) - cbde3520-0cea-4357-bb04-1a0ae64b2bb1: start LeaderElection
2019-10-17 07:42:06,655 [cbde3520-0cea-4357-bb04-1a0ae64b2bb1@group-7EB39FB5DF22-LeaderElection265] INFO  impl.LeaderElection (LeaderElection.java:askForVotes(178)) - cbde3520-0cea-4357-bb04-1a0ae64b2bb1@group-7EB39FB5DF22-LeaderElection265: begin an election at term 284 for -1: [40d2d32e-dd25-45df-8070-f9dc56ccf0a7:192.168.34.62:41633, cbde3520-0cea-4357-bb04-1a0ae64b2bb1:192.168.34.62:41642, 443b071d-6096-48d6-bfe7-498b7c8032c0:192.168.34.62:46516], old=null
2019-10-17 07:42:06,657 [grpc-default-executor-4] INFO  impl.RaftServerImpl (RaftServerImpl.java:setRole(184)) - 443b071d-6096-48d6-bfe7-498b7c8032c0@group-7EB39FB5DF22: changes role from  FOLLOWER to FOLLOWER at term 284 for recognizeCandidate:cbde3520-0cea-4357-bb04-1a0ae64b2bb1
2019-10-17 07:42:06,657 [grpc-default-executor-4] INFO  impl.RoleInfo (RoleInfo.java:shutdownFollowerState(121)) - 443b071d-6096-48d6-bfe7-498b7c8032c0: shutdown FollowerState
2019-10-17 07:42:06,657 [grpc-default-executor-1] INFO  impl.RaftServerImpl (RaftServerImpl.java:setRole(184)) - 40d2d32e-dd25-45df-8070-f9dc56ccf0a7@group-7EB39FB5DF22: changes role from  FOLLOWER to FOLLOWER at term 284 for recognizeCandidate:cbde3520-0cea-4357-bb04-1a0ae64b2bb1
2019-10-17 07:42:06,658 [Thread-1957] INFO  impl.FollowerState (FollowerState.java:run(117)) - 443b071d-6096-48d6-bfe7-498b7c8032c0@group-7EB39FB5DF22-FollowerState was interrupted: java.lang.InterruptedException: sleep interrupted
2019-10-17 07:42:06,658 [grpc-default-executor-4] INFO  impl.RoleInfo (RoleInfo.java:updateAndGet(143)) - 443b071d-6096-48d6-bfe7-498b7c8032c0: start FollowerState
2019-10-17 07:42:06,658 [grpc-default-executor-1] INFO  impl.RoleInfo (RoleInfo.java:shutdownFollowerState(121)) - 40d2d32e-dd25-45df-8070-f9dc56ccf0a7: shutdown FollowerState
2019-10-17 07:42:06,658 [grpc-default-executor-1] INFO  impl.RoleInfo (RoleInfo.java:updateAndGet(143)) - 40d2d32e-dd25-45df-8070-f9dc56ccf0a7: start FollowerState
2019-10-17 07:42:06,658 [Thread-1956] INFO  impl.FollowerState (FollowerState.java:run(117)) - 40d2d32e-dd25-45df-8070-f9dc56ccf0a7@group-7EB39FB5DF22-FollowerState was interrupted: java.lang.InterruptedException: sleep interrupted
2019-10-17 07:42:06,660 [cbde3520-0cea-4357-bb04-1a0ae64b2bb1@group-7EB39FB5DF22-LeaderElection265] INFO  impl.LeaderElection (LeaderElection.java:logAndReturn(56)) - cbde3520-0cea-4357-bb04-1a0ae64b2bb1@group-7EB39FB5DF22-LeaderElection265: Election TIMEOUT; received 0 response(s) [] and 0 exception(s); cbde3520-0cea-4357-bb04-1a0ae64b2bb1@group-7EB39FB5DF22:t284, leader=null, voted=cbde3520-0cea-4357-bb04-1a0ae64b2bb1, raftlog=cbde3520-0cea-4357-bb04-1a0ae64b2bb1@group-7EB39FB5DF22-SegmentedRaftLog:OPENED:c-1,f-1,i0, conf=-1: [40d2d32e-dd25-45df-8070-f9dc56ccf0a7:192.168.34.62:41633, cbde3520-0cea-4357-bb04-1a0ae64b2bb1:192.168.34.62:41642, 443b071d-6096-48d6-bfe7-498b7c8032c0:192.168.34.62:46516], old=null
2019-10-17 07:42:06,680 [cbde3520-0cea-4357-bb04-1a0ae64b2bb1@group-7EB39FB5DF22-LeaderElection265] INFO  impl.LeaderElection (LeaderElection.java:askForVotes(178)) - cbde3520-0cea-4357-bb04-1a0ae64b2bb1@group-7EB39FB5DF22-LeaderElection265: begin an election at term 285 for -1: [40d2d32e-dd25-45df-8070-f9dc56ccf0a7:192.168.34.62:41633, cbde3520-0cea-4357-bb04-1a0ae64b2bb1:192.168.34.62:41642, 443b071d-6096-48d6-bfe7-498b7c8032c0:192.168.34.62:46516], old=null
2019-10-17 07:42:06,682 [grpc-default-executor-1] INFO  impl.RaftServerImpl (RaftServerImpl.java:setRole(184)) - 40d2d32e-dd25-45df-8070-f9dc56ccf0a7@group-7EB39FB5DF22: changes role from  FOLLOWER to FOLLOWER at term 285 for recognizeCandidate:cbde3520-0cea-4357-bb04-1a0ae64b2bb1
2019-10-17 07:42:06,682 [grpc-default-executor-1] INFO  impl.RoleInfo (RoleInfo.java:shutdownFollowerState(121)) - 40d2d32e-dd25-45df-8070-f9dc56ccf0a7: shutdown FollowerState
2019-10-17 07:42:06,683 [grpc-default-executor-4] INFO  impl.RaftServerImpl (RaftServerImpl.java:setRole(184)) - 443b071d-6096-48d6-bfe7-498b7c8032c0@group-7EB39FB5DF22: changes role from  FOLLOWER to FOLLOWER at term 285 for recognizeCandidate:cbde3520-0cea-4357-bb04-1a0ae64b2bb1
2019-10-17 07:42:06,683 [Thread-1963] INFO  impl.FollowerState (FollowerState.java:run(117)) - 40d2d32e-dd25-45df-8070-f9dc56ccf0a7@group-7EB39FB5DF22-FollowerState was interrupted: java.lang.InterruptedException: sleep interrupted
2019-10-17 07:42:06,683 [grpc-default-executor-1] INFO  impl.RoleInfo (RoleInfo.java:updateAndGet(143)) - 40d2d32e-dd25-45df-8070-f9dc56ccf0a7: start FollowerState
2019-10-17 07:42:06,683 [grpc-default-executor-4] INFO  impl.RoleInfo (RoleInfo.java:shutdownFollowerState(121)) - 443b071d-6096-48d6-bfe7-498b7c8032c0: shutdown FollowerState
2019-10-17 07:42:06,683 [grpc-default-executor-4] INFO  impl.RoleInfo (RoleInfo.java:updateAndGet(143)) - 443b071d-6096-48d6-bfe7-498b7c8032c0: start FollowerState
2019-10-17 07:42:06,683 [Thread-1962] INFO  impl.FollowerState (FollowerState.java:run(117)) - 443b071d-6096-48d6-bfe7-498b7c8032c0@group-7EB39FB5DF22-FollowerState was interrupted: java.lang.InterruptedException: sleep interrupted
2019-10-17 07:42:06,706 [cbde3520-0cea-4357-bb04-1a0ae64b2bb1@group-7EB39FB5DF22-LeaderElection265] INFO  impl.LeaderElection (LeaderElection.java:logAndReturn(56)) - cbde3520-0cea-4357-bb04-1a0ae64b2bb1@group-7EB39FB5DF22-LeaderElection265: Election REJECTED; received 2 response(s) [cbde3520-0cea-4357-bb04-1a0ae64b2bb1<-40d2d32e-dd25-45df-8070-f9dc56ccf0a7#0:FAIL-t285, cbde3520-0cea-4357-bb04-1a0ae64b2bb1<-443b071d-6096-48d6-bfe7-498b7c8032c0#0:FAIL-t285] and 0 exception(s); cbde3520-0cea-4357-bb04-1a0ae64b2bb1@group-7EB39FB5DF22:t285, leader=null, voted=cbde3520-0cea-4357-bb04-1a0ae64b2bb1, raftlog=cbde3520-0cea-4357-bb04-1a0ae64b2bb1@group-7EB39FB5DF22-SegmentedRaftLog:OPENED:c-1,f-1,i0, conf=-1: [40d2d32e-dd25-45df-8070-f9dc56ccf0a7:192.168.34.62:41633, cbde3520-0cea-4357-bb04-1a0ae64b2bb1:192.168.34.62:41642, 443b071d-6096-48d6-bfe7-498b7c8032c0:192.168.34.62:46516], old=null
2019-10-17 07:42:06,707 [cbde3520-0cea-4357-bb04-1a0ae64b2bb1@group-7EB39FB5DF22-LeaderElection265] INFO  impl.RaftServerImpl (RaftServerImpl.java:setRole(184)) - cbde3520-0cea-4357-bb04-1a0ae64b2bb1@group-7EB39FB5DF22: changes role from CANDIDATE to FOLLOWER at term 285 for DISCOVERED_A_NEW_TERM
2019-10-17 07:42:06,707 [cbde3520-0cea-4357-bb04-1a0ae64b2bb1@group-7EB39FB5DF22-LeaderElection265] INFO  impl.RoleInfo (RoleInfo.java:shutdownLeaderElection(134)) - cbde3520-0cea-4357-bb04-1a0ae64b2bb1: shutdown LeaderElection
2019-10-17 07:42:06,707 [cbde3520-0cea-4357-bb04-1a0ae64b2bb1@group-7EB39FB5DF22-LeaderElection265] INFO  impl.RoleInfo (RoleInfo.java:updateAndGet(143)) - cbde3520-0cea-4357-bb04-1a0ae64b2bb1: start FollowerState
2019-10-17 07:42:06,719 [Thread-1968] INFO  impl.FollowerState (FollowerState.java:run(108)) - cbde3520-0cea-4357-bb04-1a0ae64b2bb1@group-7EB39FB5DF22-FollowerState: change to CANDIDATE, lastRpcTime:12ms, electionTimeout:12ms
2019-10-17 07:42:06,719 [Thread-1968] INFO  impl.RoleInfo (RoleInfo.java:shutdownFollowerState(121)) - cbde3520-0cea-4357-bb04-1a0ae64b2bb1: shutdown FollowerState
2019-10-17 07:42:06,719 [Thread-1968] INFO  impl.RaftServerImpl (RaftServerImpl.java:setRole(184)) - cbde3520-0cea-4357-bb04-1a0ae64b2bb1@group-7EB39FB5DF22: changes role from  FOLLOWER to CANDIDATE at term 285 for changeToCandidate
2019-10-17 07:42:06,720 [Thread-1968] INFO  impl.RoleInfo (RoleInfo.java:updateAndGet(143)) - cbde3520-0cea-4357-bb04-1a0ae64b2bb1: start LeaderElection
2019-10-17 07:42:06,748 [cbde3520-0cea-4357-bb04-1a0ae64b2bb1@group-7EB39FB5DF22-LeaderElection266] INFO  impl.LeaderElection (LeaderElection.java:askForVotes(178)) - cbde3520-0cea-4357-bb04-1a0ae64b2bb1@group-7EB39FB5DF22-LeaderElection266: begin an election at term 286 for -1: [40d2d32e-dd25-45df-8070-f9dc56ccf0a7:192.168.34.62:41633, cbde3520-0cea-4357-bb04-1a0ae64b2bb1:192.168.34.62:41642, 443b071d-6096-48d6-bfe7-498b7c8032c0:192.168.34.62:46516], old=null
2019-10-17 07:42:06,749 [grpc-default-executor-1] INFO  impl.RaftServerImpl (RaftServerImpl.java:setRole(184)) - 40d2d32e-dd25-45df-8070-f9dc56ccf0a7@group-7EB39FB5DF22: changes role from  FOLLOWER to FOLLOWER at term 286 for recognizeCandidate:cbde3520-0cea-4357-bb04-1a0ae64b2bb1
2019-10-17 07:42:06,750 [grpc-default-executor-1] INFO  impl.RoleInfo (RoleInfo.java:shutdownFollowerState(121)) - 40d2d32e-dd25-45df-8070-f9dc56ccf0a7: shutdown FollowerState
2019-10-17 07:42:06,750 [grpc-default-executor-4] INFO  impl.RaftServerImpl (RaftServerImpl.java:setRole(184)) - 443b071d-6096-48d6-bfe7-498b7c8032c0@group-7EB39FB5DF22: changes role from  FOLLOWER to FOLLOWER at term 286 for recognizeCandidate:cbde3520-0cea-4357-bb04-1a0ae64b2bb1
2019-10-17 07:42:06,750 [grpc-default-executor-4] INFO  impl.RoleInfo (RoleInfo.java:shutdownFollowerState(121)) - 443b071d-6096-48d6-bfe7-498b7c8032c0: shutdown FollowerState
2019-10-17 07:42:06,750 [Thread-1966] INFO  impl.FollowerState (FollowerState.java:run(117)) - 40d2d32e-dd25-45df-8070-f9dc56ccf0a7@group-7EB39FB5DF22-FollowerState was interrupted: java.lang.InterruptedException: sleep interrupted
2019-10-17 07:42:06,750 [grpc-default-executor-1] INFO  impl.RoleInfo (RoleInfo.java:updateAndGet(143)) - 40d2d32e-dd25-45df-8070-f9dc56ccf0a7: start FollowerState
2019-10-17 07:42:06,750 [grpc-default-executor-4] INFO  impl.RoleInfo (RoleInfo.java:updateAndGet(143)) - 443b071d-6096-48d6-bfe7-498b7c8032c0: start FollowerState
2019-10-17 07:42:06,750 [Thread-1967] INFO  impl.FollowerState (FollowerState.java:run(117)) - 443b071d-6096-48d6-bfe7-498b7c8032c0@group-7EB39FB5DF22-FollowerState was interrupted: java.lang.InterruptedException: sleep interrupted
2019-10-17 07:42:06,774 [cbde3520-0cea-4357-bb04-1a0ae64b2bb1@group-7EB39FB5DF22-LeaderElection266] INFO  impl.LeaderElection (LeaderElection.java:logAndReturn(56)) - cbde3520-0cea-4357-bb04-1a0ae64b2bb1@group-7EB39FB5DF22-LeaderElection266: Election REJECTED; received 2 response(s) [cbde3520-0cea-4357-bb04-1a0ae64b2bb1<-40d2d32e-dd25-45df-8070-f9dc56ccf0a7#0:FAIL-t286, cbde3520-0cea-4357-bb04-1a0ae64b2bb1<-443b071d-6096-48d6-bfe7-498b7c8032c0#0:FAIL-t286] and 0 exception(s); cbde3520-0cea-4357-bb04-1a0ae64b2bb1@group-7EB39FB5DF22:t286, leader=null, voted=cbde3520-0cea-4357-bb04-1a0ae64b2bb1, raftlog=cbde3520-0cea-4357-bb04-1a0ae64b2bb1@group-7EB39FB5DF22-SegmentedRaftLog:OPENED:c-1,f-1,i0, conf=-1: [40d2d32e-dd25-45df-8070-f9dc56ccf0a7:192.168.34.62:41633, cbde3520-0cea-4357-bb04-1a0ae64b2bb1:192.168.34.62:41642, 443b071d-6096-48d6-bfe7-498b7c8032c0:192.168.34.62:46516], old=null
2019-10-17 07:42:06,774 [cbde3520-0cea-4357-bb04-1a0ae64b2bb1@group-7EB39FB5DF22-LeaderElection266] INFO  impl.RaftServerImpl (RaftServerImpl.java:setRole(184)) - cbde3520-0cea-4357-bb04-1a0ae64b2bb1@group-7EB39FB5DF22: changes role from CANDIDATE to FOLLOWER at term 286 for DISCOVERED_A_NEW_TERM
2019-10-17 07:42:06,774 [cbde3520-0cea-4357-bb04-1a0ae64b2bb1@group-7EB39FB5DF22-LeaderElection266] INFO  impl.RoleInfo (RoleInfo.java:shutdownLeaderElection(134)) - cbde3520-0cea-4357-bb04-1a0ae64b2bb1: shutdown LeaderElection
2019-10-17 07:42:06,774 [cbde3520-0cea-4357-bb04-1a0ae64b2bb1@group-7EB39FB5DF22-LeaderElection266] INFO  impl.RoleInfo (RoleInfo.java:updateAndGet(143)) - cbde3520-0cea-4357-bb04-1a0ae64b2bb1: start FollowerState
2019-10-17 07:42:06,948 [Thread-1974] INFO  impl.FollowerState (FollowerState.java:run(108)) - cbde3520-0cea-4357-bb04-1a0ae64b2bb1@group-7EB39FB5DF22-FollowerState: change to CANDIDATE, lastRpcTime:173ms, electionTimeout:173ms
2019-10-17 07:42:06,948 [Thread-1974] INFO  impl.RoleInfo (RoleInfo.java:shutdownFollowerState(121)) - cbde3520-0cea-4357-bb04-1a0ae64b2bb1: shutdown FollowerState
2019-10-17 07:42:06,948 [Thread-1974] INFO  impl.RaftServerImpl (RaftServerImpl.java:setRole(184)) - cbde3520-0cea-4357-bb04-1a0ae64b2bb1@group-7EB39FB5DF22: changes role from  FOLLOWER to CANDIDATE at term 286 for changeToCandidate
2019-10-17 07:42:06,948 [Thread-1974] INFO  impl.RoleInfo (RoleInfo.java:updateAndGet(143)) - cbde3520-0cea-4357-bb04-1a0ae64b2bb1: start LeaderElection
2019-10-17 07:42:06,974 [cbde3520-0cea-4357-bb04-1a0ae64b2bb1@group-7EB39FB5DF22-LeaderElection267] INFO  impl.LeaderElection (LeaderElection.java:askForVotes(178)) - cbde3520-0cea-4357-bb04-1a0ae64b2bb1@group-7EB39FB5DF22-LeaderElection267: begin an election at term 287 for -1: [40d2d32e-dd25-45df-8070-f9dc56ccf0a7:192.168.34.62:41633, cbde3520-0cea-4357-bb04-1a0ae64b2bb1:192.168.34.62:41642, 443b071d-6096-48d6-bfe7-498b7c8032c0:192.168.34.62:46516], old=null
2019-10-17 07:42:06,977 [grpc-default-executor-1] INFO  impl.RaftServerImpl (RaftServerImpl.java:setRole(184)) - 443b071d-6096-48d6-bfe7-498b7c8032c0@group-7EB39FB5DF22: changes role from  FOLLOWER to FOLLOWER at term 287 for recognizeCandidate:cbde3520-0cea-4357-bb04-1a0ae64b2bb1
2019-10-17 07:42:06,977 [grpc-default-executor-4] INFO  impl.RaftServerImpl (RaftServerImpl.java:setRole(184)) - 40d2d32e-dd25-45df-8070-f9dc56ccf0a7@group-7EB39FB5DF22: changes role from  FOLLOWER to FOLLOWER at term 287 for recognizeCandidate:cbde3520-0cea-4357-bb04-1a0ae64b2bb1
2019-10-17 07:42:06,977 [grpc-default-executor-1] INFO  impl.RoleInfo (RoleInfo.java:shutdownFollowerState(121)) - 443b071d-6096-48d6-bfe7-498b7c8032c0: shutdown FollowerState
2019-10-17 07:42:06,978 [grpc-default-executor-4] INFO  impl.RoleInfo (RoleInfo.java:shutdownFollowerState(121)) - 40d2d32e-dd25-45df-8070-f9dc56ccf0a7: shutdown FollowerState
2019-10-17 07:42:06,978 [grpc-default-executor-1] INFO  impl.RoleInfo (RoleInfo.java:updateAndGet(143)) - 443b071d-6096-48d6-bfe7-498b7c8032c0: start FollowerState
2019-10-17 07:42:06,978 [Thread-1972] INFO  impl.FollowerState (FollowerState.java:run(117)) - 40d2d32e-dd25-45df-8070-f9dc56ccf0a7@group-7EB39FB5DF22-FollowerState was interrupted: java.lang.InterruptedException: sleep interrupted
2019-10-17 07:42:06,978 [Thread-1973] INFO  impl.FollowerState (FollowerState.java:run(117)) - 443b071d-6096-48d6-bfe7-498b7c8032c0@group-7EB39FB5DF22-FollowerState was interrupted: java.lang.InterruptedException: sleep interrupted
2019-10-17 07:42:06,978 [grpc-default-executor-4] INFO  impl.RoleInfo (RoleInfo.java:updateAndGet(143)) - 40d2d32e-dd25-45df-8070-f9dc56ccf0a7: start FollowerState
2019-10-17 07:42:07,018 [cbde3520-0cea-4357-bb04-1a0ae64b2bb1@group-7EB39FB5DF22-LeaderElection267] INFO  impl.LeaderElection (LeaderElection.java:logAndReturn(56)) - cbde3520-0cea-4357-bb04-1a0ae64b2bb1@group-7EB39FB5DF22-LeaderElection267: Election REJECTED; received 2 response(s) [cbde3520-0cea-4357-bb04-1a0ae64b2bb1<-40d2d32e-dd25-45df-8070-f9dc56ccf0a7#0:FAIL-t287, cbde3520-0cea-4357-bb04-1a0ae64b2bb1<-443b071d-6096-48d6-bfe7-498b7c8032c0#0:FAIL-t287] and 0 exception(s); cbde3520-0cea-4357-bb04-1a0ae64b2bb1@group-7EB39FB5DF22:t287, leader=null, voted=cbde3520-0cea-4357-bb04-1a0ae64b2bb1, raftlog=cbde3520-0cea-4357-bb04-1a0ae64b2bb1@group-7EB39FB5DF22-SegmentedRaftLog:OPENED:c-1,f-1,i0, conf=-1: [40d2d32e-dd25-45df-8070-f9dc56ccf0a7:192.168.34.62:41633, cbde3520-0cea-4357-bb04-1a0ae64b2bb1:192.168.34.62:41642, 443b071d-6096-48d6-bfe7-498b7c8032c0:192.168.34.62:46516], old=null
2019-10-17 07:42:07,019 [cbde3520-0cea-4357-bb04-1a0ae64b2bb1@group-7EB39FB5DF22-LeaderElection267] INFO  impl.RaftServerImpl (RaftServerImpl.java:setRole(184)) - cbde3520-0cea-4357-bb04-1a0ae64b2bb1@group-7EB39FB5DF22: changes role from CANDIDATE to FOLLOWER at term 287 for DISCOVERED_A_NEW_TERM
2019-10-17 07:42:07,019 [cbde3520-0cea-4357-bb04-1a0ae64b2bb1@group-7EB39FB5DF22-LeaderElection267] INFO  impl.RoleInfo (RoleInfo.java:shutdownLeaderElection(134)) - cbde3520-0cea-4357-bb04-1a0ae64b2bb1: shutdown LeaderElection
2019-10-17 07:42:07,019 [cbde3520-0cea-4357-bb04-1a0ae64b2bb1@group-7EB39FB5DF22-LeaderElection267] INFO  impl.RoleInfo (RoleInfo.java:updateAndGet(143)) - cbde3520-0cea-4357-bb04-1a0ae64b2bb1: start FollowerState
2019-10-17 07:42:07,053 [Thread-1980] INFO  impl.FollowerState (FollowerState.java:run(108)) - cbde3520-0cea-4357-bb04-1a0ae64b2bb1@group-7EB39FB5DF22-FollowerState: change to CANDIDATE, lastRpcTime:34ms, electionTimeout:34ms
2019-10-17 07:42:07,053 [Thread-1980] INFO  impl.RoleInfo (RoleInfo.java:shutdownFollowerState(121)) - cbde3520-0cea-4357-bb04-1a0ae64b2bb1: shutdown FollowerState
2019-10-17 07:42:07,054 [Thread-1980] INFO  impl.RaftServerImpl (RaftServerImpl.java:setRole(184)) - cbde3520-0cea-4357-bb04-1a0ae64b2bb1@group-7EB39FB5DF22: changes role from  FOLLOWER to CANDIDATE at term 287 for changeToCandidate
2019-10-17 07:42:07,054 [Thread-1980] INFO  impl.RoleInfo (RoleInfo.java:updateAndGet(143)) - cbde3520-0cea-4357-bb04-1a0ae64b2bb1: start LeaderElection
2019-10-17 07:42:07,083 [cbde3520-0cea-4357-bb04-1a0ae64b2bb1@group-7EB39FB5DF22-LeaderElection268] INFO  impl.LeaderElection (LeaderElection.java:askForVotes(178)) - cbde3520-0cea-4357-bb04-1a0ae64b2bb1@group-7EB39FB5DF22-LeaderElection268: begin an election at term 288 for -1: [40d2d32e-dd25-45df-8070-f9dc56ccf0a7:192.168.34.62:41633, cbde3520-0cea-4357-bb04-1a0ae64b2bb1:192.168.34.62:41642, 443b071d-6096-48d6-bfe7-498b7c8032c0:192.168.34.62:46516], old=null
2019-10-17 07:42:07,085 [grpc-default-executor-4] INFO  impl.RaftServerImpl (RaftServerImpl.java:setRole(184)) - 40d2d32e-dd25-45df-8070-f9dc56ccf0a7@group-7EB39FB5DF22: changes role from  FOLLOWER to FOLLOWER at term 288 for recognizeCandidate:cbde3520-0cea-4357-bb04-1a0ae64b2bb1
2019-10-17 07:42:07,086 [grpc-default-executor-4] INFO  impl.RoleInfo (RoleInfo.java:shutdownFollowerState(121)) - 40d2d32e-dd25-45df-8070-f9dc56ccf0a7: shutdown FollowerState
2019-10-17 07:42:07,086 [grpc-default-executor-1] INFO  impl.RaftServerImpl (RaftServerImpl.java:setRole(184)) - 443b071d-6096-48d6-bfe7-498b7c8032c0@group-7EB39FB5DF22: changes role from  FOLLOWER to FOLLOWER at term 288 for recognizeCandidate:cbde3520-0cea-4357-bb04-1a0ae64b2bb1
2019-10-17 07:42:07,086 [Thread-1979] INFO  impl.FollowerState (FollowerState.java:run(117)) - 40d2d32e-dd25-45df-8070-f9dc56ccf0a7@group-7EB39FB5DF22-FollowerState was interrupted: java.lang.InterruptedException: sleep interrupted
2019-10-17 07:42:07,086 [grpc-default-executor-1] INFO  impl.RoleInfo (RoleInfo.java:shutdownFollowerState(121)) - 443b071d-6096-48d6-bfe7-498b7c8032c0: shutdown FollowerState
2019-10-17 07:42:07,086 [grpc-default-executor-4] INFO  impl.RoleInfo (RoleInfo.java:updateAndGet(143)) - 40d2d32e-dd25-45df-8070-f9dc56ccf0a7: start FollowerState
2019-10-17 07:42:07,086 [Thread-1978] INFO  impl.FollowerState (FollowerState.java:run(117)) - 443b071d-6096-48d6-bfe7-498b7c8032c0@group-7EB39FB5DF22-FollowerState was interrupted: java.lang.InterruptedException: sleep interrupted
2019-10-17 07:42:07,086 [grpc-default-executor-1] INFO  impl.RoleInfo (RoleInfo.java:updateAndGet(143)) - 443b071d-6096-48d6-bfe7-498b7c8032c0: start FollowerState
2019-10-17 07:42:07,101 [cbde3520-0cea-4357-bb04-1a0ae64b2bb1@group-7EB39FB5DF22-LeaderElection268] INFO  impl.LeaderElection (LeaderElection.java:logAndReturn(56)) - cbde3520-0cea-4357-bb04-1a0ae64b2bb1@group-7EB39FB5DF22-LeaderElection268: Election REJECTED; received 2 response(s) [cbde3520-0cea-4357-bb04-1a0ae64b2bb1<-40d2d32e-dd25-45df-8070-f9dc56ccf0a7#0:FAIL-t288, cbde3520-0cea-4357-bb04-1a0ae64b2bb1<-443b071d-6096-48d6-bfe7-498b7c8032c0#0:FAIL-t288] and 0 exception(s); cbde3520-0cea-4357-bb04-1a0ae64b2bb1@group-7EB39FB5DF22:t288, leader=null, voted=cbde3520-0cea-4357-bb04-1a0ae64b2bb1, raftlog=cbde3520-0cea-4357-bb04-1a0ae64b2bb1@group-7EB39FB5DF22-SegmentedRaftLog:OPENED:c-1,f-1,i0, conf=-1: [40d2d32e-dd25-45df-8070-f9dc56ccf0a7:192.168.34.62:41633, cbde3520-0cea-4357-bb04-1a0ae64b2bb1:192.168.34.62:41642, 443b071d-6096-48d6-bfe7-498b7c8032c0:192.168.34.62:46516], old=null
2019-10-17 07:42:07,101 [cbde3520-0cea-4357-bb04-1a0ae64b2bb1@group-7EB39FB5DF22-LeaderElection268] INFO  impl.RaftServerImpl (RaftServerImpl.java:setRole(184)) - cbde3520-0cea-4357-bb04-1a0ae64b2bb1@group-7EB39FB5DF22: changes role from CANDIDATE to FOLLOWER at term 288 for DISCOVERED_A_NEW_TERM
2019-10-17 07:42:07,102 [cbde3520-0cea-4357-bb04-1a0ae64b2bb1@group-7EB39FB5DF22-LeaderElection268] INFO  impl.RoleInfo (RoleInfo.java:shutdownLeaderElection(134)) - cbde3520-0cea-4357-bb04-1a0ae64b2bb1: shutdown LeaderElection
2019-10-17 07:42:07,102 [cbde3520-0cea-4357-bb04-1a0ae64b2bb1@group-7EB39FB5DF22-LeaderElection268] INFO  impl.RoleInfo (RoleInfo.java:updateAndGet(143)) - cbde3520-0cea-4357-bb04-1a0ae64b2bb1: start FollowerState
2019-10-17 07:42:07,166 [Thread-1986] INFO  impl.FollowerState (FollowerState.java:run(108)) - cbde3520-0cea-4357-bb04-1a0ae64b2bb1@group-7EB39FB5DF22-FollowerState: change to CANDIDATE, lastRpcTime:64ms, electionTimeout:64ms
2019-10-17 07:42:07,167 [Thread-1986] INFO  impl.RoleInfo (RoleInfo.java:shutdownFollowerState(121)) - cbde3520-0cea-4357-bb04-1a0ae64b2bb1: shutdown FollowerState
2019-10-17 07:42:07,167 [Thread-1986] INFO  impl.RaftServerImpl (RaftServerImpl.java:setRole(184)) - cbde3520-0cea-4357-bb04-1a0ae64b2bb1@group-7EB39FB5DF22: changes role from  FOLLOWER to CANDIDATE at term 288 for changeToCandidate
2019-10-17 07:42:07,167 [Thread-1986] INFO  impl.RoleInfo (RoleInfo.java:updateAndGet(143)) - cbde3520-0cea-4357-bb04-1a0ae64b2bb1: start LeaderElection
2019-10-17 07:42:07,191 [cbde3520-0cea-4357-bb04-1a0ae64b2bb1@group-7EB39FB5DF22-LeaderElection269] INFO  impl.LeaderElection (LeaderElection.java:askForVotes(178)) - cbde3520-0cea-4357-bb04-1a0ae64b2bb1@group-7EB39FB5DF22-LeaderElection269: begin an election at term 289 for -1: [40d2d32e-dd25-45df-8070-f9dc56ccf0a7:192.168.34.62:41633, cbde3520-0cea-4357-bb04-1a0ae64b2bb1:192.168.34.62:41642, 443b071d-6096-48d6-bfe7-498b7c8032c0:192.168.34.62:46516], old=null
2019-10-17 07:42:07,193 [grpc-default-executor-1] INFO  impl.RaftServerImpl (RaftServerImpl.java:setRole(184)) - 40d2d32e-dd25-45df-8070-f9dc56ccf0a7@group-7EB39FB5DF22: changes role from  FOLLOWER to FOLLOWER at term 289 for recognizeCandidate:cbde3520-0cea-4357-bb04-1a0ae64b2bb1
2019-10-17 07:42:07,193 [grpc-default-executor-1] INFO  impl.RoleInfo (RoleInfo.java:shutdownFollowerState(121)) - 40d2d32e-dd25-45df-8070-f9dc56ccf0a7: shutdown FollowerState
2019-10-17 07:42:07,193 [grpc-default-executor-4] INFO  impl.RaftServerImpl (RaftServerImpl.java:setRole(184)) - 443b071d-6096-48d6-bfe7-498b7c8032c0@group-7EB39FB5DF22: changes role from  FOLLOWER to FOLLOWER at term 289 for recognizeCandidate:cbde3520-0cea-4357-bb04-1a0ae64b2bb1
2019-10-17 07:42:07,194 [grpc-default-executor-4] INFO  impl.RoleInfo (RoleInfo.java:shutdownFollowerState(121)) - 443b071d-6096-48d6-bfe7-498b7c8032c0: shutdown FollowerState
2019-10-17 07:42:07,194 [Thread-1984] INFO  impl.FollowerState (FollowerState.java:run(117)) - 40d2d32e-dd25-45df-8070-f9dc56ccf0a7@group-7EB39FB5DF22-FollowerState was interrupted: java.lang.InterruptedException: sleep interrupted
2019-10-17 07:42:07,194 [grpc-default-executor-1] INFO  impl.RoleInfo (RoleInfo.java:updateAndGet(143)) - 40d2d32e-dd25-45df-8070-f9dc56ccf0a7: start FollowerState
2019-10-17 07:42:07,194 [Thread-1985] INFO  impl.FollowerState (FollowerState.java:run(117)) - 443b071d-6096-48d6-bfe7-498b7c8032c0@group-7EB39FB5DF22-FollowerState was interrupted: java.lang.InterruptedException: sleep interrupted
2019-10-17 07:42:07,194 [grpc-default-executor-4] INFO  impl.RoleInfo (RoleInfo.java:updateAndGet(143)) - 443b071d-6096-48d6-bfe7-498b7c8032c0: start FollowerState
2019-10-17 07:42:07,218 [cbde3520-0cea-4357-bb04-1a0ae64b2bb1@group-7EB39FB5DF22-LeaderElection269] INFO  impl.LeaderElection (LeaderElection.java:logAndReturn(56)) - cbde3520-0cea-4357-bb04-1a0ae64b2bb1@group-7EB39FB5DF22-LeaderElection269: Election REJECTED; received 2 response(s) [cbde3520-0cea-4357-bb04-1a0ae64b2bb1<-40d2d32e-dd25-45df-8070-f9dc56ccf0a7#0:FAIL-t289, cbde3520-0cea-4357-bb04-1a0ae64b2bb1<-443b071d-6096-48d6-bfe7-498b7c8032c0#0:FAIL-t289] and 0 exception(s); cbde3520-0cea-4357-bb04-1a0ae64b2bb1@group-7EB39FB5DF22:t289, leader=null, voted=cbde3520-0cea-4357-bb04-1a0ae64b2bb1, raftlog=cbde3520-0cea-4357-bb04-1a0ae64b2bb1@group-7EB39FB5DF22-SegmentedRaftLog:OPENED:c-1,f-1,i0, conf=-1: [40d2d32e-dd25-45df-8070-f9dc56ccf0a7:192.168.34.62:41633, cbde3520-0cea-4357-bb04-1a0ae64b2bb1:192.168.34.62:41642, 443b071d-6096-48d6-bfe7-498b7c8032c0:192.168.34.62:46516], old=null
2019-10-17 07:42:07,218 [cbde3520-0cea-4357-bb04-1a0ae64b2bb1@group-7EB39FB5DF22-LeaderElection269] INFO  impl.RaftServerImpl (RaftServerImpl.java:setRole(184)) - cbde3520-0cea-4357-bb04-1a0ae64b2bb1@group-7EB39FB5DF22: changes role from CANDIDATE to FOLLOWER at term 289 for DISCOVERED_A_NEW_TERM
2019-10-17 07:42:07,218 [cbde3520-0cea-4357-bb04-1a0ae64b2bb1@group-7EB39FB5DF22-LeaderElection269] INFO  impl.RoleInfo (RoleInfo.java:shutdownLeaderElection(134)) - cbde3520-0cea-4357-bb04-1a0ae64b2bb1: shutdown LeaderElection
2019-10-17 07:42:07,219 [cbde3520-0cea-4357-bb04-1a0ae64b2bb1@group-7EB39FB5DF22-LeaderElection269] INFO  impl.RoleInfo (RoleInfo.java:updateAndGet(143)) - cbde3520-0cea-4357-bb04-1a0ae64b2bb1: start FollowerState
2019-10-17 07:42:07,220 [main] INFO  ozone.MiniOzoneClusterImpl (MiniOzoneClusterImpl.java:lambda$waitForClusterToBeReady$2(164)) - Waiting for 1 number of pipelines out of 5, to report a leader.
2019-10-17 07:42:07,354 [Thread-1992] INFO  impl.FollowerState (FollowerState.java:run(108)) - cbde3520-0cea-4357-bb04-1a0ae64b2bb1@group-7EB39FB5DF22-FollowerState: change to CANDIDATE, lastRpcTime:135ms, electionTimeout:135ms
2019-10-17 07:42:07,354 [Thread-1992] INFO  impl.RoleInfo (RoleInfo.java:shutdownFollowerState(121)) - cbde3520-0cea-4357-bb04-1a0ae64b2bb1: shutdown FollowerState
2019-10-17 07:42:07,354 [Thread-1992] INFO  impl.RaftServerImpl (RaftServerImpl.java:setRole(184)) - cbde3520-0cea-4357-bb04-1a0ae64b2bb1@group-7EB39FB5DF22: changes role from  FOLLOWER to CANDIDATE at term 289 for changeToCandidate
2019-10-17 07:42:07,355 [Thread-1992] INFO  impl.RoleInfo (RoleInfo.java:updateAndGet(143)) - cbde3520-0cea-4357-bb04-1a0ae64b2bb1: start LeaderElection
2019-10-17 07:42:07,379 [cbde3520-0cea-4357-bb04-1a0ae64b2bb1@group-7EB39FB5DF22-LeaderElection270] INFO  impl.LeaderElection (LeaderElection.java:askForVotes(178)) - cbde3520-0cea-4357-bb04-1a0ae64b2bb1@group-7EB39FB5DF22-LeaderElection270: begin an election at term 290 for -1: [40d2d32e-dd25-45df-8070-f9dc56ccf0a7:192.168.34.62:41633, cbde3520-0cea-4357-bb04-1a0ae64b2bb1:192.168.34.62:41642, 443b071d-6096-48d6-bfe7-498b7c8032c0:192.168.34.62:46516], old=null
2019-10-17 07:42:07,382 [grpc-default-executor-1] INFO  impl.RaftServerImpl (RaftServerImpl.java:setRole(184)) - 40d2d32e-dd25-45df-8070-f9dc56ccf0a7@group-7EB39FB5DF22: changes role from  FOLLOWER to FOLLOWER at term 290 for recognizeCandidate:cbde3520-0cea-4357-bb04-1a0ae64b2bb1
2019-10-17 07:42:07,382 [grpc-default-executor-4] INFO  impl.RaftServerImpl (RaftServerImpl.java:setRole(184)) - 443b071d-6096-48d6-bfe7-498b7c8032c0@group-7EB39FB5DF22: changes role from  FOLLOWER to FOLLOWER at term 290 for recognizeCandidate:cbde3520-0cea-4357-bb04-1a0ae64b2bb1
2019-10-17 07:42:07,382 [grpc-default-executor-1] INFO  impl.RoleInfo (RoleInfo.java:shutdownFollowerState(121)) - 40d2d32e-dd25-45df-8070-f9dc56ccf0a7: shutdown FollowerState
2019-10-17 07:42:07,382 [grpc-default-executor-4] INFO  impl.RoleInfo (RoleInfo.java:shutdownFollowerState(121)) - 443b071d-6096-48d6-bfe7-498b7c8032c0: shutdown FollowerState
2019-10-17 07:42:07,382 [Thread-1990] INFO  impl.FollowerState (FollowerState.java:run(117)) - 40d2d32e-dd25-45df-8070-f9dc56ccf0a7@group-7EB39FB5DF22-FollowerState was interrupted: java.lang.InterruptedException: sleep interrupted
2019-10-17 07:42:07,382 [Thread-1991] INFO  impl.FollowerState (FollowerState.java:run(117)) - 443b071d-6096-48d6-bfe7-498b7c8032c0@group-7EB39FB5DF22-FollowerState was interrupted: java.lang.InterruptedException: sleep interrupted
2019-10-17 07:42:07,382 [grpc-default-executor-1] INFO  impl.RoleInfo (RoleInfo.java:updateAndGet(143)) - 40d2d32e-dd25-45df-8070-f9dc56ccf0a7: start FollowerState
2019-10-17 07:42:07,382 [grpc-default-executor-4] INFO  impl.RoleInfo (RoleInfo.java:updateAndGet(143)) - 443b071d-6096-48d6-bfe7-498b7c8032c0: start FollowerState
2019-10-17 07:42:07,385 [cbde3520-0cea-4357-bb04-1a0ae64b2bb1@group-7EB39FB5DF22-LeaderElection270] INFO  impl.LeaderElection (LeaderElection.java:logAndReturn(56)) - cbde3520-0cea-4357-bb04-1a0ae64b2bb1@group-7EB39FB5DF22-LeaderElection270: Election TIMEOUT; received 0 response(s) [] and 0 exception(s); cbde3520-0cea-4357-bb04-1a0ae64b2bb1@group-7EB39FB5DF22:t290, leader=null, voted=cbde3520-0cea-4357-bb04-1a0ae64b2bb1, raftlog=cbde3520-0cea-4357-bb04-1a0ae64b2bb1@group-7EB39FB5DF22-SegmentedRaftLog:OPENED:c-1,f-1,i0, conf=-1: [40d2d32e-dd25-45df-8070-f9dc56ccf0a7:192.168.34.62:41633, cbde3520-0cea-4357-bb04-1a0ae64b2bb1:192.168.34.62:41642, 443b071d-6096-48d6-bfe7-498b7c8032c0:192.168.34.62:46516], old=null
2019-10-17 07:42:07,396 [cbde3520-0cea-4357-bb04-1a0ae64b2bb1@group-7EB39FB5DF22-LeaderElection270] INFO  impl.LeaderElection (LeaderElection.java:askForVotes(178)) - cbde3520-0cea-4357-bb04-1a0ae64b2bb1@group-7EB39FB5DF22-LeaderElection270: begin an election at term 291 for -1: [40d2d32e-dd25-45df-8070-f9dc56ccf0a7:192.168.34.62:41633, cbde3520-0cea-4357-bb04-1a0ae64b2bb1:192.168.34.62:41642, 443b071d-6096-48d6-bfe7-498b7c8032c0:192.168.34.62:46516], old=null
2019-10-17 07:42:07,398 [grpc-default-executor-1] INFO  impl.RaftServerImpl (RaftServerImpl.java:setRole(184)) - 40d2d32e-dd25-45df-8070-f9dc56ccf0a7@group-7EB39FB5DF22: changes role from  FOLLOWER to FOLLOWER at term 291 for recognizeCandidate:cbde3520-0cea-4357-bb04-1a0ae64b2bb1
2019-10-17 07:42:07,398 [grpc-default-executor-1] INFO  impl.RoleInfo (RoleInfo.java:shutdownFollowerState(121)) - 40d2d32e-dd25-45df-8070-f9dc56ccf0a7: shutdown FollowerState
2019-10-17 07:42:07,399 [grpc-default-executor-4] INFO  impl.RaftServerImpl (RaftServerImpl.java:setRole(184)) - 443b071d-6096-48d6-bfe7-498b7c8032c0@group-7EB39FB5DF22: changes role from  FOLLOWER to FOLLOWER at term 291 for recognizeCandidate:cbde3520-0cea-4357-bb04-1a0ae64b2bb1
2019-10-17 07:42:07,399 [grpc-default-executor-4] INFO  impl.RoleInfo (RoleInfo.java:shutdownFollowerState(121)) - 443b071d-6096-48d6-bfe7-498b7c8032c0: shutdown FollowerState
2019-10-17 07:42:07,399 [Thread-1996] INFO  impl.FollowerState (FollowerState.java:run(117)) - 40d2d32e-dd25-45df-8070-f9dc56ccf0a7@group-7EB39FB5DF22-FollowerState was interrupted: java.lang.InterruptedException: sleep interrupted
2019-10-17 07:42:07,399 [grpc-default-executor-1] INFO  impl.RoleInfo (RoleInfo.java:updateAndGet(143)) - 40d2d32e-dd25-45df-8070-f9dc56ccf0a7: start FollowerState
2019-10-17 07:42:07,399 [Thread-1997] INFO  impl.FollowerState (FollowerState.java:run(117)) - 443b071d-6096-48d6-bfe7-498b7c8032c0@group-7EB39FB5DF22-FollowerState was interrupted: java.lang.InterruptedException: sleep interrupted
2019-10-17 07:42:07,399 [grpc-default-executor-4] INFO  impl.RoleInfo (RoleInfo.java:updateAndGet(143)) - 443b071d-6096-48d6-bfe7-498b7c8032c0: start FollowerState
2019-10-17 07:42:07,423 [cbde3520-0cea-4357-bb04-1a0ae64b2bb1@group-7EB39FB5DF22-LeaderElection270] INFO  impl.LeaderElection (LeaderElection.java:logAndReturn(56)) - cbde3520-0cea-4357-bb04-1a0ae64b2bb1@group-7EB39FB5DF22-LeaderElection270: Election REJECTED; received 2 response(s) [cbde3520-0cea-4357-bb04-1a0ae64b2bb1<-40d2d32e-dd25-45df-8070-f9dc56ccf0a7#0:FAIL-t291, cbde3520-0cea-4357-bb04-1a0ae64b2bb1<-443b071d-6096-48d6-bfe7-498b7c8032c0#0:FAIL-t291] and 0 exception(s); cbde3520-0cea-4357-bb04-1a0ae64b2bb1@group-7EB39FB5DF22:t291, leader=null, voted=cbde3520-0cea-4357-bb04-1a0ae64b2bb1, raftlog=cbde3520-0cea-4357-bb04-1a0ae64b2bb1@group-7EB39FB5DF22-SegmentedRaftLog:OPENED:c-1,f-1,i0, conf=-1: [40d2d32e-dd25-45df-8070-f9dc56ccf0a7:192.168.34.62:41633, cbde3520-0cea-4357-bb04-1a0ae64b2bb1:192.168.34.62:41642, 443b071d-6096-48d6-bfe7-498b7c8032c0:192.168.34.62:46516], old=null
2019-10-17 07:42:07,423 [cbde3520-0cea-4357-bb04-1a0ae64b2bb1@group-7EB39FB5DF22-LeaderElection270] INFO  impl.RaftServerImpl (RaftServerImpl.java:setRole(184)) - cbde3520-0cea-4357-bb04-1a0ae64b2bb1@group-7EB39FB5DF22: changes role from CANDIDATE to FOLLOWER at term 291 for DISCOVERED_A_NEW_TERM
2019-10-17 07:42:07,423 [cbde3520-0cea-4357-bb04-1a0ae64b2bb1@group-7EB39FB5DF22-LeaderElection270] INFO  impl.RoleInfo (RoleInfo.java:shutdownLeaderElection(134)) - cbde3520-0cea-4357-bb04-1a0ae64b2bb1: shutdown LeaderElection
2019-10-17 07:42:07,423 [cbde3520-0cea-4357-bb04-1a0ae64b2bb1@group-7EB39FB5DF22-LeaderElection270] INFO  impl.RoleInfo (RoleInfo.java:updateAndGet(143)) - cbde3520-0cea-4357-bb04-1a0ae64b2bb1: start FollowerState
2019-10-17 07:42:07,591 [Thread-2002] INFO  impl.FollowerState (FollowerState.java:run(108)) - cbde3520-0cea-4357-bb04-1a0ae64b2bb1@group-7EB39FB5DF22-FollowerState: change to CANDIDATE, lastRpcTime:167ms, electionTimeout:167ms
2019-10-17 07:42:07,591 [Thread-2002] INFO  impl.RoleInfo (RoleInfo.java:shutdownFollowerState(121)) - cbde3520-0cea-4357-bb04-1a0ae64b2bb1: shutdown FollowerState
2019-10-17 07:42:07,591 [Thread-2002] INFO  impl.RaftServerImpl (RaftServerImpl.java:setRole(184)) - cbde3520-0cea-4357-bb04-1a0ae64b2bb1@group-7EB39FB5DF22: changes role from  FOLLOWER to CANDIDATE at term 291 for changeToCandidate
2019-10-17 07:42:07,591 [Thread-2002] INFO  impl.RoleInfo (RoleInfo.java:updateAndGet(143)) - cbde3520-0cea-4357-bb04-1a0ae64b2bb1: start LeaderElection
2019-10-17 07:42:07,615 [cbde3520-0cea-4357-bb04-1a0ae64b2bb1@group-7EB39FB5DF22-LeaderElection271] INFO  impl.LeaderElection (LeaderElection.java:askForVotes(178)) - cbde3520-0cea-4357-bb04-1a0ae64b2bb1@group-7EB39FB5DF22-LeaderElection271: begin an election at term 292 for -1: [40d2d32e-dd25-45df-8070-f9dc56ccf0a7:192.168.34.62:41633, cbde3520-0cea-4357-bb04-1a0ae64b2bb1:192.168.34.62:41642, 443b071d-6096-48d6-bfe7-498b7c8032c0:192.168.34.62:46516], old=null
2019-10-17 07:42:07,618 [grpc-default-executor-4] INFO  impl.RaftServerImpl (RaftServerImpl.java:setRole(184)) - 40d2d32e-dd25-45df-8070-f9dc56ccf0a7@group-7EB39FB5DF22: changes role from  FOLLOWER to FOLLOWER at term 292 for recognizeCandidate:cbde3520-0cea-4357-bb04-1a0ae64b2bb1
2019-10-17 07:42:07,618 [grpc-default-executor-1] INFO  impl.RaftServerImpl (RaftServerImpl.java:setRole(184)) - 443b071d-6096-48d6-bfe7-498b7c8032c0@group-7EB39FB5DF22: changes role from  FOLLOWER to FOLLOWER at term 292 for recognizeCandidate:cbde3520-0cea-4357-bb04-1a0ae64b2bb1
2019-10-17 07:42:07,618 [grpc-default-executor-4] INFO  impl.RoleInfo (RoleInfo.java:shutdownFollowerState(121)) - 40d2d32e-dd25-45df-8070-f9dc56ccf0a7: shutdown FollowerState
2019-10-17 07:42:07,618 [grpc-default-executor-1] INFO  impl.RoleInfo (RoleInfo.java:shutdownFollowerState(121)) - 443b071d-6096-48d6-bfe7-498b7c8032c0: shutdown FollowerState
2019-10-17 07:42:07,619 [Thread-2000] INFO  impl.FollowerState (FollowerState.java:run(117)) - 40d2d32e-dd25-45df-8070-f9dc56ccf0a7@group-7EB39FB5DF22-FollowerState was interrupted: java.lang.InterruptedException: sleep interrupted
2019-10-17 07:42:07,619 [Thread-2001] INFO  impl.FollowerState (FollowerState.java:run(117)) - 443b071d-6096-48d6-bfe7-498b7c8032c0@group-7EB39FB5DF22-FollowerState was interrupted: java.lang.InterruptedException: sleep interrupted
2019-10-17 07:42:07,618 [grpc-default-executor-4] INFO  impl.RoleInfo (RoleInfo.java:updateAndGet(143)) - 40d2d32e-dd25-45df-8070-f9dc56ccf0a7: start FollowerState
2019-10-17 07:42:07,619 [grpc-default-executor-1] INFO  impl.RoleInfo (RoleInfo.java:updateAndGet(143)) - 443b071d-6096-48d6-bfe7-498b7c8032c0: start FollowerState
2019-10-17 07:42:07,633 [cbde3520-0cea-4357-bb04-1a0ae64b2bb1@group-7EB39FB5DF22-LeaderElection271] INFO  impl.LeaderElection (LeaderElection.java:logAndReturn(56)) - cbde3520-0cea-4357-bb04-1a0ae64b2bb1@group-7EB39FB5DF22-LeaderElection271: Election REJECTED; received 2 response(s) [cbde3520-0cea-4357-bb04-1a0ae64b2bb1<-40d2d32e-dd25-45df-8070-f9dc56ccf0a7#0:FAIL-t292, cbde3520-0cea-4357-bb04-1a0ae64b2bb1<-443b071d-6096-48d6-bfe7-498b7c8032c0#0:FAIL-t292] and 0 exception(s); cbde3520-0cea-4357-bb04-1a0ae64b2bb1@group-7EB39FB5DF22:t292, leader=null, voted=cbde3520-0cea-4357-bb04-1a0ae64b2bb1, raftlog=cbde3520-0cea-4357-bb04-1a0ae64b2bb1@group-7EB39FB5DF22-SegmentedRaftLog:OPENED:c-1,f-1,i0, conf=-1: [40d2d32e-dd25-45df-8070-f9dc56ccf0a7:192.168.34.62:41633, cbde3520-0cea-4357-bb04-1a0ae64b2bb1:192.168.34.62:41642, 443b071d-6096-48d6-bfe7-498b7c8032c0:192.168.34.62:46516], old=null
2019-10-17 07:42:07,634 [cbde3520-0cea-4357-bb04-1a0ae64b2bb1@group-7EB39FB5DF22-LeaderElection271] INFO  impl.RaftServerImpl (RaftServerImpl.java:setRole(184)) - cbde3520-0cea-4357-bb04-1a0ae64b2bb1@group-7EB39FB5DF22: changes role from CANDIDATE to FOLLOWER at term 292 for DISCOVERED_A_NEW_TERM
2019-10-17 07:42:07,634 [cbde3520-0cea-4357-bb04-1a0ae64b2bb1@group-7EB39FB5DF22-LeaderElection271] INFO  impl.RoleInfo (RoleInfo.java:shutdownLeaderElection(134)) - cbde3520-0cea-4357-bb04-1a0ae64b2bb1: shutdown LeaderElection
2019-10-17 07:42:07,634 [cbde3520-0cea-4357-bb04-1a0ae64b2bb1@group-7EB39FB5DF22-LeaderElection271] INFO  impl.RoleInfo (RoleInfo.java:updateAndGet(143)) - cbde3520-0cea-4357-bb04-1a0ae64b2bb1: start FollowerState
2019-10-17 07:42:07,756 [Thread-2008] INFO  impl.FollowerState (FollowerState.java:run(108)) - cbde3520-0cea-4357-bb04-1a0ae64b2bb1@group-7EB39FB5DF22-FollowerState: change to CANDIDATE, lastRpcTime:122ms, electionTimeout:122ms
2019-10-17 07:42:07,756 [Thread-2008] INFO  impl.RoleInfo (RoleInfo.java:shutdownFollowerState(121)) - cbde3520-0cea-4357-bb04-1a0ae64b2bb1: shutdown FollowerState
2019-10-17 07:42:07,757 [Thread-2008] INFO  impl.RaftServerImpl (RaftServerImpl.java:setRole(184)) - cbde3520-0cea-4357-bb04-1a0ae64b2bb1@group-7EB39FB5DF22: changes role from  FOLLOWER to CANDIDATE at term 292 for changeToCandidate
2019-10-17 07:42:07,757 [Thread-2008] INFO  impl.RoleInfo (RoleInfo.java:updateAndGet(143)) - cbde3520-0cea-4357-bb04-1a0ae64b2bb1: start LeaderElection
2019-10-17 07:42:07,779 [cbde3520-0cea-4357-bb04-1a0ae64b2bb1@group-7EB39FB5DF22-LeaderElection272] INFO  impl.LeaderElection (LeaderElection.java:askForVotes(178)) - cbde3520-0cea-4357-bb04-1a0ae64b2bb1@group-7EB39FB5DF22-LeaderElection272: begin an election at term 293 for -1: [40d2d32e-dd25-45df-8070-f9dc56ccf0a7:192.168.34.62:41633, cbde3520-0cea-4357-bb04-1a0ae64b2bb1:192.168.34.62:41642, 443b071d-6096-48d6-bfe7-498b7c8032c0:192.168.34.62:46516], old=null
2019-10-17 07:42:07,781 [grpc-default-executor-1] INFO  impl.RaftServerImpl (RaftServerImpl.java:setRole(184)) - 40d2d32e-dd25-45df-8070-f9dc56ccf0a7@group-7EB39FB5DF22: changes role from  FOLLOWER to FOLLOWER at term 293 for recognizeCandidate:cbde3520-0cea-4357-bb04-1a0ae64b2bb1
2019-10-17 07:42:07,781 [grpc-default-executor-1] INFO  impl.RoleInfo (RoleInfo.java:shutdownFollowerState(121)) - 40d2d32e-dd25-45df-8070-f9dc56ccf0a7: shutdown FollowerState
2019-10-17 07:42:07,781 [grpc-default-executor-1] INFO  impl.RoleInfo (RoleInfo.java:updateAndGet(143)) - 40d2d32e-dd25-45df-8070-f9dc56ccf0a7: start FollowerState
2019-10-17 07:42:07,781 [Thread-2006] INFO  impl.FollowerState (FollowerState.java:run(117)) - 40d2d32e-dd25-45df-8070-f9dc56ccf0a7@group-7EB39FB5DF22-FollowerState was interrupted: java.lang.InterruptedException: sleep interrupted
2019-10-17 07:42:07,781 [grpc-default-executor-4] INFO  impl.RaftServerImpl (RaftServerImpl.java:setRole(184)) - 443b071d-6096-48d6-bfe7-498b7c8032c0@group-7EB39FB5DF22: changes role from  FOLLOWER to FOLLOWER at term 293 for recognizeCandidate:cbde3520-0cea-4357-bb04-1a0ae64b2bb1
2019-10-17 07:42:07,782 [grpc-default-executor-4] INFO  impl.RoleInfo (RoleInfo.java:shutdownFollowerState(121)) - 443b071d-6096-48d6-bfe7-498b7c8032c0: shutdown FollowerState
2019-10-17 07:42:07,782 [grpc-default-executor-4] INFO  impl.RoleInfo (RoleInfo.java:updateAndGet(143)) - 443b071d-6096-48d6-bfe7-498b7c8032c0: start FollowerState
2019-10-17 07:42:07,782 [Thread-2007] INFO  impl.FollowerState (FollowerState.java:run(117)) - 443b071d-6096-48d6-bfe7-498b7c8032c0@group-7EB39FB5DF22-FollowerState was interrupted: java.lang.InterruptedException: sleep interrupted
2019-10-17 07:42:07,796 [cbde3520-0cea-4357-bb04-1a0ae64b2bb1@group-7EB39FB5DF22-LeaderElection272] INFO  impl.LeaderElection (LeaderElection.java:logAndReturn(56)) - cbde3520-0cea-4357-bb04-1a0ae64b2bb1@group-7EB39FB5DF22-LeaderElection272: Election REJECTED; received 2 response(s) [cbde3520-0cea-4357-bb04-1a0ae64b2bb1<-40d2d32e-dd25-45df-8070-f9dc56ccf0a7#0:FAIL-t293, cbde3520-0cea-4357-bb04-1a0ae64b2bb1<-443b071d-6096-48d6-bfe7-498b7c8032c0#0:FAIL-t293] and 0 exception(s); cbde3520-0cea-4357-bb04-1a0ae64b2bb1@group-7EB39FB5DF22:t293, leader=null, voted=cbde3520-0cea-4357-bb04-1a0ae64b2bb1, raftlog=cbde3520-0cea-4357-bb04-1a0ae64b2bb1@group-7EB39FB5DF22-SegmentedRaftLog:OPENED:c-1,f-1,i0, conf=-1: [40d2d32e-dd25-45df-8070-f9dc56ccf0a7:192.168.34.62:41633, cbde3520-0cea-4357-bb04-1a0ae64b2bb1:192.168.34.62:41642, 443b071d-6096-48d6-bfe7-498b7c8032c0:192.168.34.62:46516], old=null
2019-10-17 07:42:07,796 [cbde3520-0cea-4357-bb04-1a0ae64b2bb1@group-7EB39FB5DF22-LeaderElection272] INFO  impl.RaftServerImpl (RaftServerImpl.java:setRole(184)) - cbde3520-0cea-4357-bb04-1a0ae64b2bb1@group-7EB39FB5DF22: changes role from CANDIDATE to FOLLOWER at term 293 for DISCOVERED_A_NEW_TERM
2019-10-17 07:42:07,796 [cbde3520-0cea-4357-bb04-1a0ae64b2bb1@group-7EB39FB5DF22-LeaderElection272] INFO  impl.RoleInfo (RoleInfo.java:shutdownLeaderElection(134)) - cbde3520-0cea-4357-bb04-1a0ae64b2bb1: shutdown LeaderElection
2019-10-17 07:42:07,796 [cbde3520-0cea-4357-bb04-1a0ae64b2bb1@group-7EB39FB5DF22-LeaderElection272] INFO  impl.RoleInfo (RoleInfo.java:updateAndGet(143)) - cbde3520-0cea-4357-bb04-1a0ae64b2bb1: start FollowerState
2019-10-17 07:42:07,877 [Thread-2014] INFO  impl.FollowerState (FollowerState.java:run(108)) - cbde3520-0cea-4357-bb04-1a0ae64b2bb1@group-7EB39FB5DF22-FollowerState: change to CANDIDATE, lastRpcTime:80ms, electionTimeout:80ms
2019-10-17 07:42:07,877 [Thread-2014] INFO  impl.RoleInfo (RoleInfo.java:shutdownFollowerState(121)) - cbde3520-0cea-4357-bb04-1a0ae64b2bb1: shutdown FollowerState
2019-10-17 07:42:07,877 [Thread-2014] INFO  impl.RaftServerImpl (RaftServerImpl.java:setRole(184)) - cbde3520-0cea-4357-bb04-1a0ae64b2bb1@group-7EB39FB5DF22: changes role from  FOLLOWER to CANDIDATE at term 293 for changeToCandidate
2019-10-17 07:42:07,877 [Thread-2014] INFO  impl.RoleInfo (RoleInfo.java:updateAndGet(143)) - cbde3520-0cea-4357-bb04-1a0ae64b2bb1: start LeaderElection
2019-10-17 07:42:07,901 [cbde3520-0cea-4357-bb04-1a0ae64b2bb1@group-7EB39FB5DF22-LeaderElection273] INFO  impl.LeaderElection (LeaderElection.java:askForVotes(178)) - cbde3520-0cea-4357-bb04-1a0ae64b2bb1@group-7EB39FB5DF22-LeaderElection273: begin an election at term 294 for -1: [40d2d32e-dd25-45df-8070-f9dc56ccf0a7:192.168.34.62:41633, cbde3520-0cea-4357-bb04-1a0ae64b2bb1:192.168.34.62:41642, 443b071d-6096-48d6-bfe7-498b7c8032c0:192.168.34.62:46516], old=null
2019-10-17 07:42:07,903 [grpc-default-executor-4] INFO  impl.RaftServerImpl (RaftServerImpl.java:setRole(184)) - 40d2d32e-dd25-45df-8070-f9dc56ccf0a7@group-7EB39FB5DF22: changes role from  FOLLOWER to FOLLOWER at term 294 for recognizeCandidate:cbde3520-0cea-4357-bb04-1a0ae64b2bb1
2019-10-17 07:42:07,903 [grpc-default-executor-4] INFO  impl.RoleInfo (RoleInfo.java:shutdownFollowerState(121)) - 40d2d32e-dd25-45df-8070-f9dc56ccf0a7: shutdown FollowerState
2019-10-17 07:42:07,903 [grpc-default-executor-1] INFO  impl.RaftServerImpl (RaftServerImpl.java:setRole(184)) - 443b071d-6096-48d6-bfe7-498b7c8032c0@group-7EB39FB5DF22: changes role from  FOLLOWER to FOLLOWER at term 294 for recognizeCandidate:cbde3520-0cea-4357-bb04-1a0ae64b2bb1
2019-10-17 07:42:07,904 [grpc-default-executor-1] INFO  impl.RoleInfo (RoleInfo.java:shutdownFollowerState(121)) - 443b071d-6096-48d6-bfe7-498b7c8032c0: shutdown FollowerState
2019-10-17 07:42:07,904 [Thread-2012] INFO  impl.FollowerState (FollowerState.java:run(117)) - 40d2d32e-dd25-45df-8070-f9dc56ccf0a7@group-7EB39FB5DF22-FollowerState was interrupted: java.lang.InterruptedException: sleep interrupted
2019-10-17 07:42:07,903 [grpc-default-executor-4] INFO  impl.RoleInfo (RoleInfo.java:updateAndGet(143)) - 40d2d32e-dd25-45df-8070-f9dc56ccf0a7: start FollowerState
2019-10-17 07:42:07,904 [Thread-2013] INFO  impl.FollowerState (FollowerState.java:run(117)) - 443b071d-6096-48d6-bfe7-498b7c8032c0@group-7EB39FB5DF22-FollowerState was interrupted: java.lang.InterruptedException: sleep interrupted
2019-10-17 07:42:07,904 [grpc-default-executor-1] INFO  impl.RoleInfo (RoleInfo.java:updateAndGet(143)) - 443b071d-6096-48d6-bfe7-498b7c8032c0: start FollowerState
2019-10-17 07:42:07,918 [cbde3520-0cea-4357-bb04-1a0ae64b2bb1@group-7EB39FB5DF22-LeaderElection273] INFO  impl.LeaderElection (LeaderElection.java:logAndReturn(56)) - cbde3520-0cea-4357-bb04-1a0ae64b2bb1@group-7EB39FB5DF22-LeaderElection273: Election REJECTED; received 2 response(s) [cbde3520-0cea-4357-bb04-1a0ae64b2bb1<-40d2d32e-dd25-45df-8070-f9dc56ccf0a7#0:FAIL-t294, cbde3520-0cea-4357-bb04-1a0ae64b2bb1<-443b071d-6096-48d6-bfe7-498b7c8032c0#0:FAIL-t294] and 0 exception(s); cbde3520-0cea-4357-bb04-1a0ae64b2bb1@group-7EB39FB5DF22:t294, leader=null, voted=cbde3520-0cea-4357-bb04-1a0ae64b2bb1, raftlog=cbde3520-0cea-4357-bb04-1a0ae64b2bb1@group-7EB39FB5DF22-SegmentedRaftLog:OPENED:c-1,f-1,i0, conf=-1: [40d2d32e-dd25-45df-8070-f9dc56ccf0a7:192.168.34.62:41633, cbde3520-0cea-4357-bb04-1a0ae64b2bb1:192.168.34.62:41642, 443b071d-6096-48d6-bfe7-498b7c8032c0:192.168.34.62:46516], old=null
2019-10-17 07:42:07,919 [cbde3520-0cea-4357-bb04-1a0ae64b2bb1@group-7EB39FB5DF22-LeaderElection273] INFO  impl.RaftServerImpl (RaftServerImpl.java:setRole(184)) - cbde3520-0cea-4357-bb04-1a0ae64b2bb1@group-7EB39FB5DF22: changes role from CANDIDATE to FOLLOWER at term 294 for DISCOVERED_A_NEW_TERM
2019-10-17 07:42:07,919 [cbde3520-0cea-4357-bb04-1a0ae64b2bb1@group-7EB39FB5DF22-LeaderElection273] INFO  impl.RoleInfo (RoleInfo.java:shutdownLeaderElection(134)) - cbde3520-0cea-4357-bb04-1a0ae64b2bb1: shutdown LeaderElection
2019-10-17 07:42:07,919 [cbde3520-0cea-4357-bb04-1a0ae64b2bb1@group-7EB39FB5DF22-LeaderElection273] INFO  impl.RoleInfo (RoleInfo.java:updateAndGet(143)) - cbde3520-0cea-4357-bb04-1a0ae64b2bb1: start FollowerState
2019-10-17 07:42:08,012 [Thread-2020] INFO  impl.FollowerState (FollowerState.java:run(108)) - cbde3520-0cea-4357-bb04-1a0ae64b2bb1@group-7EB39FB5DF22-FollowerState: change to CANDIDATE, lastRpcTime:93ms, electionTimeout:93ms
2019-10-17 07:42:08,013 [Thread-2020] INFO  impl.RoleInfo (RoleInfo.java:shutdownFollowerState(121)) - cbde3520-0cea-4357-bb04-1a0ae64b2bb1: shutdown FollowerState
2019-10-17 07:42:08,013 [Thread-2020] INFO  impl.RaftServerImpl (RaftServerImpl.java:setRole(184)) - cbde3520-0cea-4357-bb04-1a0ae64b2bb1@group-7EB39FB5DF22: changes role from  FOLLOWER to CANDIDATE at term 294 for changeToCandidate
2019-10-17 07:42:08,013 [Thread-2020] INFO  impl.RoleInfo (RoleInfo.java:updateAndGet(143)) - cbde3520-0cea-4357-bb04-1a0ae64b2bb1: start LeaderElection
2019-10-17 07:42:08,037 [cbde3520-0cea-4357-bb04-1a0ae64b2bb1@group-7EB39FB5DF22-LeaderElection274] INFO  impl.LeaderElection (LeaderElection.java:askForVotes(178)) - cbde3520-0cea-4357-bb04-1a0ae64b2bb1@group-7EB39FB5DF22-LeaderElection274: begin an election at term 295 for -1: [40d2d32e-dd25-45df-8070-f9dc56ccf0a7:192.168.34.62:41633, cbde3520-0cea-4357-bb04-1a0ae64b2bb1:192.168.34.62:41642, 443b071d-6096-48d6-bfe7-498b7c8032c0:192.168.34.62:46516], old=null
2019-10-17 07:42:08,040 [grpc-default-executor-1] INFO  impl.RaftServerImpl (RaftServerImpl.java:setRole(184)) - 40d2d32e-dd25-45df-8070-f9dc56ccf0a7@group-7EB39FB5DF22: changes role from  FOLLOWER to FOLLOWER at term 295 for recognizeCandidate:cbde3520-0cea-4357-bb04-1a0ae64b2bb1
2019-10-17 07:42:08,040 [grpc-default-executor-1] INFO  impl.RoleInfo (RoleInfo.java:shutdownFollowerState(121)) - 40d2d32e-dd25-45df-8070-f9dc56ccf0a7: shutdown FollowerState
2019-10-17 07:42:08,040 [grpc-default-executor-1] INFO  impl.RoleInfo (RoleInfo.java:updateAndGet(143)) - 40d2d32e-dd25-45df-8070-f9dc56ccf0a7: start FollowerState
2019-10-17 07:42:08,040 [Thread-2018] INFO  impl.FollowerState (FollowerState.java:run(117)) - 40d2d32e-dd25-45df-8070-f9dc56ccf0a7@group-7EB39FB5DF22-FollowerState was interrupted: java.lang.InterruptedException: sleep interrupted
2019-10-17 07:42:08,040 [grpc-default-executor-4] INFO  impl.RaftServerImpl (RaftServerImpl.java:setRole(184)) - 443b071d-6096-48d6-bfe7-498b7c8032c0@group-7EB39FB5DF22: changes role from  FOLLOWER to FOLLOWER at term 295 for recognizeCandidate:cbde3520-0cea-4357-bb04-1a0ae64b2bb1
2019-10-17 07:42:08,040 [grpc-default-executor-4] INFO  impl.RoleInfo (RoleInfo.java:shutdownFollowerState(121)) - 443b071d-6096-48d6-bfe7-498b7c8032c0: shutdown FollowerState
2019-10-17 07:42:08,041 [grpc-default-executor-4] INFO  impl.RoleInfo (RoleInfo.java:updateAndGet(143)) - 443b071d-6096-48d6-bfe7-498b7c8032c0: start FollowerState
2019-10-17 07:42:08,041 [Thread-2019] INFO  impl.FollowerState (FollowerState.java:run(117)) - 443b071d-6096-48d6-bfe7-498b7c8032c0@group-7EB39FB5DF22-FollowerState was interrupted: java.lang.InterruptedException: sleep interrupted
2019-10-17 07:42:08,058 [cbde3520-0cea-4357-bb04-1a0ae64b2bb1@group-7EB39FB5DF22-LeaderElection274] INFO  impl.LeaderElection (LeaderElection.java:logAndReturn(56)) - cbde3520-0cea-4357-bb04-1a0ae64b2bb1@group-7EB39FB5DF22-LeaderElection274: Election REJECTED; received 2 response(s) [cbde3520-0cea-4357-bb04-1a0ae64b2bb1<-40d2d32e-dd25-45df-8070-f9dc56ccf0a7#0:FAIL-t295, cbde3520-0cea-4357-bb04-1a0ae64b2bb1<-443b071d-6096-48d6-bfe7-498b7c8032c0#0:FAIL-t295] and 0 exception(s); cbde3520-0cea-4357-bb04-1a0ae64b2bb1@group-7EB39FB5DF22:t295, leader=null, voted=cbde3520-0cea-4357-bb04-1a0ae64b2bb1, raftlog=cbde3520-0cea-4357-bb04-1a0ae64b2bb1@group-7EB39FB5DF22-SegmentedRaftLog:OPENED:c-1,f-1,i0, conf=-1: [40d2d32e-dd25-45df-8070-f9dc56ccf0a7:192.168.34.62:41633, cbde3520-0cea-4357-bb04-1a0ae64b2bb1:192.168.34.62:41642, 443b071d-6096-48d6-bfe7-498b7c8032c0:192.168.34.62:46516], old=null
2019-10-17 07:42:08,058 [cbde3520-0cea-4357-bb04-1a0ae64b2bb1@group-7EB39FB5DF22-LeaderElection274] INFO  impl.RaftServerImpl (RaftServerImpl.java:setRole(184)) - cbde3520-0cea-4357-bb04-1a0ae64b2bb1@group-7EB39FB5DF22: changes role from CANDIDATE to FOLLOWER at term 295 for DISCOVERED_A_NEW_TERM
2019-10-17 07:42:08,058 [cbde3520-0cea-4357-bb04-1a0ae64b2bb1@group-7EB39FB5DF22-LeaderElection274] INFO  impl.RoleInfo (RoleInfo.java:shutdownLeaderElection(134)) - cbde3520-0cea-4357-bb04-1a0ae64b2bb1: shutdown LeaderElection
2019-10-17 07:42:08,059 [cbde3520-0cea-4357-bb04-1a0ae64b2bb1@group-7EB39FB5DF22-LeaderElection274] INFO  impl.RoleInfo (RoleInfo.java:updateAndGet(143)) - cbde3520-0cea-4357-bb04-1a0ae64b2bb1: start FollowerState
2019-10-17 07:42:08,131 [Thread-2026] INFO  impl.FollowerState (FollowerState.java:run(108)) - cbde3520-0cea-4357-bb04-1a0ae64b2bb1@group-7EB39FB5DF22-FollowerState: change to CANDIDATE, lastRpcTime:72ms, electionTimeout:72ms
2019-10-17 07:42:08,131 [Thread-2026] INFO  impl.RoleInfo (RoleInfo.java:shutdownFollowerState(121)) - cbde3520-0cea-4357-bb04-1a0ae64b2bb1: shutdown FollowerState
2019-10-17 07:42:08,131 [Thread-2026] INFO  impl.RaftServerImpl (RaftServerImpl.java:setRole(184)) - cbde3520-0cea-4357-bb04-1a0ae64b2bb1@group-7EB39FB5DF22: changes role from  FOLLOWER to CANDIDATE at term 295 for changeToCandidate
2019-10-17 07:42:08,132 [Thread-2026] INFO  impl.RoleInfo (RoleInfo.java:updateAndGet(143)) - cbde3520-0cea-4357-bb04-1a0ae64b2bb1: start LeaderElection
2019-10-17 07:42:08,156 [cbde3520-0cea-4357-bb04-1a0ae64b2bb1@group-7EB39FB5DF22-LeaderElection275] INFO  impl.LeaderElection (LeaderElection.java:askForVotes(178)) - cbde3520-0cea-4357-bb04-1a0ae64b2bb1@group-7EB39FB5DF22-LeaderElection275: begin an election at term 296 for -1: [40d2d32e-dd25-45df-8070-f9dc56ccf0a7:192.168.34.62:41633, cbde3520-0cea-4357-bb04-1a0ae64b2bb1:192.168.34.62:41642, 443b071d-6096-48d6-bfe7-498b7c8032c0:192.168.34.62:46516], old=null
2019-10-17 07:42:08,159 [grpc-default-executor-4] INFO  impl.RaftServerImpl (RaftServerImpl.java:setRole(184)) - 40d2d32e-dd25-45df-8070-f9dc56ccf0a7@group-7EB39FB5DF22: changes role from  FOLLOWER to FOLLOWER at term 296 for recognizeCandidate:cbde3520-0cea-4357-bb04-1a0ae64b2bb1
2019-10-17 07:42:08,159 [grpc-default-executor-4] INFO  impl.RoleInfo (RoleInfo.java:shutdownFollowerState(121)) - 40d2d32e-dd25-45df-8070-f9dc56ccf0a7: shutdown FollowerState
2019-10-17 07:42:08,159 [grpc-default-executor-4] INFO  impl.RoleInfo (RoleInfo.java:updateAndGet(143)) - 40d2d32e-dd25-45df-8070-f9dc56ccf0a7: start FollowerState
2019-10-17 07:42:08,159 [Thread-2024] INFO  impl.FollowerState (FollowerState.java:run(117)) - 40d2d32e-dd25-45df-8070-f9dc56ccf0a7@group-7EB39FB5DF22-FollowerState was interrupted: java.lang.InterruptedException: sleep interrupted
2019-10-17 07:42:08,159 [grpc-default-executor-1] INFO  impl.RaftServerImpl (RaftServerImpl.java:setRole(184)) - 443b071d-6096-48d6-bfe7-498b7c8032c0@group-7EB39FB5DF22: changes role from  FOLLOWER to FOLLOWER at term 296 for recognizeCandidate:cbde3520-0cea-4357-bb04-1a0ae64b2bb1
2019-10-17 07:42:08,159 [grpc-default-executor-1] INFO  impl.RoleInfo (RoleInfo.java:shutdownFollowerState(121)) - 443b071d-6096-48d6-bfe7-498b7c8032c0: shutdown FollowerState
2019-10-17 07:42:08,160 [grpc-default-executor-1] INFO  impl.RoleInfo (RoleInfo.java:updateAndGet(143)) - 443b071d-6096-48d6-bfe7-498b7c8032c0: start FollowerState
2019-10-17 07:42:08,160 [Thread-2025] INFO  impl.FollowerState (FollowerState.java:run(117)) - 443b071d-6096-48d6-bfe7-498b7c8032c0@group-7EB39FB5DF22-FollowerState was interrupted: java.lang.InterruptedException: sleep interrupted
2019-10-17 07:42:08,173 [cbde3520-0cea-4357-bb04-1a0ae64b2bb1@group-7EB39FB5DF22-LeaderElection275] INFO  impl.LeaderElection (LeaderElection.java:logAndReturn(56)) - cbde3520-0cea-4357-bb04-1a0ae64b2bb1@group-7EB39FB5DF22-LeaderElection275: Election REJECTED; received 2 response(s) [cbde3520-0cea-4357-bb04-1a0ae64b2bb1<-40d2d32e-dd25-45df-8070-f9dc56ccf0a7#0:FAIL-t296, cbde3520-0cea-4357-bb04-1a0ae64b2bb1<-443b071d-6096-48d6-bfe7-498b7c8032c0#0:FAIL-t296] and 0 exception(s); cbde3520-0cea-4357-bb04-1a0ae64b2bb1@group-7EB39FB5DF22:t296, leader=null, voted=cbde3520-0cea-4357-bb04-1a0ae64b2bb1, raftlog=cbde3520-0cea-4357-bb04-1a0ae64b2bb1@group-7EB39FB5DF22-SegmentedRaftLog:OPENED:c-1,f-1,i0, conf=-1: [40d2d32e-dd25-45df-8070-f9dc56ccf0a7:192.168.34.62:41633, cbde3520-0cea-4357-bb04-1a0ae64b2bb1:192.168.34.62:41642, 443b071d-6096-48d6-bfe7-498b7c8032c0:192.168.34.62:46516], old=null
2019-10-17 07:42:08,173 [cbde3520-0cea-4357-bb04-1a0ae64b2bb1@group-7EB39FB5DF22-LeaderElection275] INFO  impl.RaftServerImpl (RaftServerImpl.java:setRole(184)) - cbde3520-0cea-4357-bb04-1a0ae64b2bb1@group-7EB39FB5DF22: changes role from CANDIDATE to FOLLOWER at term 296 for DISCOVERED_A_NEW_TERM
2019-10-17 07:42:08,174 [cbde3520-0cea-4357-bb04-1a0ae64b2bb1@group-7EB39FB5DF22-LeaderElection275] INFO  impl.RoleInfo (RoleInfo.java:shutdownLeaderElection(134)) - cbde3520-0cea-4357-bb04-1a0ae64b2bb1: shutdown LeaderElection
2019-10-17 07:42:08,174 [cbde3520-0cea-4357-bb04-1a0ae64b2bb1@group-7EB39FB5DF22-LeaderElection275] INFO  impl.RoleInfo (RoleInfo.java:updateAndGet(143)) - cbde3520-0cea-4357-bb04-1a0ae64b2bb1: start FollowerState
2019-10-17 07:42:08,198 [Thread-2032] INFO  impl.FollowerState (FollowerState.java:run(108)) - cbde3520-0cea-4357-bb04-1a0ae64b2bb1@group-7EB39FB5DF22-FollowerState: change to CANDIDATE, lastRpcTime:24ms, electionTimeout:24ms
2019-10-17 07:42:08,198 [Thread-2032] INFO  impl.RoleInfo (RoleInfo.java:shutdownFollowerState(121)) - cbde3520-0cea-4357-bb04-1a0ae64b2bb1: shutdown FollowerState
2019-10-17 07:42:08,198 [Thread-2032] INFO  impl.RaftServerImpl (RaftServerImpl.java:setRole(184)) - cbde3520-0cea-4357-bb04-1a0ae64b2bb1@group-7EB39FB5DF22: changes role from  FOLLOWER to CANDIDATE at term 296 for changeToCandidate
2019-10-17 07:42:08,199 [Thread-2032] INFO  impl.RoleInfo (RoleInfo.java:updateAndGet(143)) - cbde3520-0cea-4357-bb04-1a0ae64b2bb1: start LeaderElection
2019-10-17 07:42:08,221 [main] INFO  ozone.MiniOzoneClusterImpl (MiniOzoneClusterImpl.java:lambda$waitForClusterToBeReady$2(164)) - Waiting for 1 number of pipelines out of 5, to report a leader.
2019-10-17 07:42:08,222 [cbde3520-0cea-4357-bb04-1a0ae64b2bb1@group-7EB39FB5DF22-LeaderElection276] INFO  impl.LeaderElection (LeaderElection.java:askForVotes(178)) - cbde3520-0cea-4357-bb04-1a0ae64b2bb1@group-7EB39FB5DF22-LeaderElection276: begin an election at term 297 for -1: [40d2d32e-dd25-45df-8070-f9dc56ccf0a7:192.168.34.62:41633, cbde3520-0cea-4357-bb04-1a0ae64b2bb1:192.168.34.62:41642, 443b071d-6096-48d6-bfe7-498b7c8032c0:192.168.34.62:46516], old=null
2019-10-17 07:42:08,224 [grpc-default-executor-1] INFO  impl.RaftServerImpl (RaftServerImpl.java:setRole(184)) - 40d2d32e-dd25-45df-8070-f9dc56ccf0a7@group-7EB39FB5DF22: changes role from  FOLLOWER to FOLLOWER at term 297 for recognizeCandidate:cbde3520-0cea-4357-bb04-1a0ae64b2bb1
2019-10-17 07:42:08,225 [grpc-default-executor-1] INFO  impl.RoleInfo (RoleInfo.java:shutdownFollowerState(121)) - 40d2d32e-dd25-45df-8070-f9dc56ccf0a7: shutdown FollowerState
2019-10-17 07:42:08,225 [grpc-default-executor-1] INFO  impl.RoleInfo (RoleInfo.java:updateAndGet(143)) - 40d2d32e-dd25-45df-8070-f9dc56ccf0a7: start FollowerState
2019-10-17 07:42:08,225 [Thread-2030] INFO  impl.FollowerState (FollowerState.java:run(117)) - 40d2d32e-dd25-45df-8070-f9dc56ccf0a7@group-7EB39FB5DF22-FollowerState was interrupted: java.lang.InterruptedException: sleep interrupted
2019-10-17 07:42:08,225 [grpc-default-executor-4] INFO  impl.RaftServerImpl (RaftServerImpl.java:setRole(184)) - 443b071d-6096-48d6-bfe7-498b7c8032c0@group-7EB39FB5DF22: changes role from  FOLLOWER to FOLLOWER at term 297 for recognizeCandidate:cbde3520-0cea-4357-bb04-1a0ae64b2bb1
2019-10-17 07:42:08,225 [grpc-default-executor-4] INFO  impl.RoleInfo (RoleInfo.java:shutdownFollowerState(121)) - 443b071d-6096-48d6-bfe7-498b7c8032c0: shutdown FollowerState
2019-10-17 07:42:08,226 [grpc-default-executor-4] INFO  impl.RoleInfo (RoleInfo.java:updateAndGet(143)) - 443b071d-6096-48d6-bfe7-498b7c8032c0: start FollowerState
2019-10-17 07:42:08,226 [Thread-2031] INFO  impl.FollowerState (FollowerState.java:run(117)) - 443b071d-6096-48d6-bfe7-498b7c8032c0@group-7EB39FB5DF22-FollowerState was interrupted: java.lang.InterruptedException: sleep interrupted
2019-10-17 07:42:08,266 [cbde3520-0cea-4357-bb04-1a0ae64b2bb1@group-7EB39FB5DF22-LeaderElection276] INFO  impl.LeaderElection (LeaderElection.java:logAndReturn(56)) - cbde3520-0cea-4357-bb04-1a0ae64b2bb1@group-7EB39FB5DF22-LeaderElection276: Election REJECTED; received 2 response(s) [cbde3520-0cea-4357-bb04-1a0ae64b2bb1<-40d2d32e-dd25-45df-8070-f9dc56ccf0a7#0:FAIL-t297, cbde3520-0cea-4357-bb04-1a0ae64b2bb1<-443b071d-6096-48d6-bfe7-498b7c8032c0#0:FAIL-t297] and 0 exception(s); cbde3520-0cea-4357-bb04-1a0ae64b2bb1@group-7EB39FB5DF22:t297, leader=null, voted=cbde3520-0cea-4357-bb04-1a0ae64b2bb1, raftlog=cbde3520-0cea-4357-bb04-1a0ae64b2bb1@group-7EB39FB5DF22-SegmentedRaftLog:OPENED:c-1,f-1,i0, conf=-1: [40d2d32e-dd25-45df-8070-f9dc56ccf0a7:192.168.34.62:41633, cbde3520-0cea-4357-bb04-1a0ae64b2bb1:192.168.34.62:41642, 443b071d-6096-48d6-bfe7-498b7c8032c0:192.168.34.62:46516], old=null
2019-10-17 07:42:08,266 [cbde3520-0cea-4357-bb04-1a0ae64b2bb1@group-7EB39FB5DF22-LeaderElection276] INFO  impl.RaftServerImpl (RaftServerImpl.java:setRole(184)) - cbde3520-0cea-4357-bb04-1a0ae64b2bb1@group-7EB39FB5DF22: changes role from CANDIDATE to FOLLOWER at term 297 for DISCOVERED_A_NEW_TERM
2019-10-17 07:42:08,266 [cbde3520-0cea-4357-bb04-1a0ae64b2bb1@group-7EB39FB5DF22-LeaderElection276] INFO  impl.RoleInfo (RoleInfo.java:shutdownLeaderElection(134)) - cbde3520-0cea-4357-bb04-1a0ae64b2bb1: shutdown LeaderElection
2019-10-17 07:42:08,266 [cbde3520-0cea-4357-bb04-1a0ae64b2bb1@group-7EB39FB5DF22-LeaderElection276] INFO  impl.RoleInfo (RoleInfo.java:updateAndGet(143)) - cbde3520-0cea-4357-bb04-1a0ae64b2bb1: start FollowerState
2019-10-17 07:42:08,310 [Thread-2038] INFO  impl.FollowerState (FollowerState.java:run(108)) - cbde3520-0cea-4357-bb04-1a0ae64b2bb1@group-7EB39FB5DF22-FollowerState: change to CANDIDATE, lastRpcTime:43ms, electionTimeout:43ms
2019-10-17 07:42:08,310 [Thread-2038] INFO  impl.RoleInfo (RoleInfo.java:shutdownFollowerState(121)) - cbde3520-0cea-4357-bb04-1a0ae64b2bb1: shutdown FollowerState
2019-10-17 07:42:08,310 [Thread-2038] INFO  impl.RaftServerImpl (RaftServerImpl.java:setRole(184)) - cbde3520-0cea-4357-bb04-1a0ae64b2bb1@group-7EB39FB5DF22: changes role from  FOLLOWER to CANDIDATE at term 297 for changeToCandidate
2019-10-17 07:42:08,310 [Thread-2038] INFO  impl.RoleInfo (RoleInfo.java:updateAndGet(143)) - cbde3520-0cea-4357-bb04-1a0ae64b2bb1: start LeaderElection
2019-10-17 07:42:08,333 [cbde3520-0cea-4357-bb04-1a0ae64b2bb1@group-7EB39FB5DF22-LeaderElection277] INFO  impl.LeaderElection (LeaderElection.java:askForVotes(178)) - cbde3520-0cea-4357-bb04-1a0ae64b2bb1@group-7EB39FB5DF22-LeaderElection277: begin an election at term 298 for -1: [40d2d32e-dd25-45df-8070-f9dc56ccf0a7:192.168.34.62:41633, cbde3520-0cea-4357-bb04-1a0ae64b2bb1:192.168.34.62:41642, 443b071d-6096-48d6-bfe7-498b7c8032c0:192.168.34.62:46516], old=null
2019-10-17 07:42:08,335 [grpc-default-executor-4] INFO  impl.RaftServerImpl (RaftServerImpl.java:setRole(184)) - 40d2d32e-dd25-45df-8070-f9dc56ccf0a7@group-7EB39FB5DF22: changes role from  FOLLOWER to FOLLOWER at term 298 for recognizeCandidate:cbde3520-0cea-4357-bb04-1a0ae64b2bb1
2019-10-17 07:42:08,335 [grpc-default-executor-1] INFO  impl.RaftServerImpl (RaftServerImpl.java:setRole(184)) - 443b071d-6096-48d6-bfe7-498b7c8032c0@group-7EB39FB5DF22: changes role from  FOLLOWER to FOLLOWER at term 298 for recognizeCandidate:cbde3520-0cea-4357-bb04-1a0ae64b2bb1
2019-10-17 07:42:08,336 [grpc-default-executor-1] INFO  impl.RoleInfo (RoleInfo.java:shutdownFollowerState(121)) - 443b071d-6096-48d6-bfe7-498b7c8032c0: shutdown FollowerState
2019-10-17 07:42:08,335 [grpc-default-executor-4] INFO  impl.RoleInfo (RoleInfo.java:shutdownFollowerState(121)) - 40d2d32e-dd25-45df-8070-f9dc56ccf0a7: shutdown FollowerState
2019-10-17 07:42:08,336 [Thread-2037] INFO  impl.FollowerState (FollowerState.java:run(117)) - 443b071d-6096-48d6-bfe7-498b7c8032c0@group-7EB39FB5DF22-FollowerState was interrupted: java.lang.InterruptedException: sleep interrupted
2019-10-17 07:42:08,336 [grpc-default-executor-1] INFO  impl.RoleInfo (RoleInfo.java:updateAndGet(143)) - 443b071d-6096-48d6-bfe7-498b7c8032c0: start FollowerState
2019-10-17 07:42:08,336 [Thread-2036] INFO  impl.FollowerState (FollowerState.java:run(117)) - 40d2d32e-dd25-45df-8070-f9dc56ccf0a7@group-7EB39FB5DF22-FollowerState was interrupted: java.lang.InterruptedException: sleep interrupted
2019-10-17 07:42:08,336 [grpc-default-executor-4] INFO  impl.RoleInfo (RoleInfo.java:updateAndGet(143)) - 40d2d32e-dd25-45df-8070-f9dc56ccf0a7: start FollowerState
2019-10-17 07:42:08,362 [cbde3520-0cea-4357-bb04-1a0ae64b2bb1@group-7EB39FB5DF22-LeaderElection277] INFO  impl.LeaderElection (LeaderElection.java:logAndReturn(56)) - cbde3520-0cea-4357-bb04-1a0ae64b2bb1@group-7EB39FB5DF22-LeaderElection277: Election REJECTED; received 2 response(s) [cbde3520-0cea-4357-bb04-1a0ae64b2bb1<-40d2d32e-dd25-45df-8070-f9dc56ccf0a7#0:FAIL-t298, cbde3520-0cea-4357-bb04-1a0ae64b2bb1<-443b071d-6096-48d6-bfe7-498b7c8032c0#0:FAIL-t298] and 0 exception(s); cbde3520-0cea-4357-bb04-1a0ae64b2bb1@group-7EB39FB5DF22:t298, leader=null, voted=cbde3520-0cea-4357-bb04-1a0ae64b2bb1, raftlog=cbde3520-0cea-4357-bb04-1a0ae64b2bb1@group-7EB39FB5DF22-SegmentedRaftLog:OPENED:c-1,f-1,i0, conf=-1: [40d2d32e-dd25-45df-8070-f9dc56ccf0a7:192.168.34.62:41633, cbde3520-0cea-4357-bb04-1a0ae64b2bb1:192.168.34.62:41642, 443b071d-6096-48d6-bfe7-498b7c8032c0:192.168.34.62:46516], old=null
2019-10-17 07:42:08,362 [cbde3520-0cea-4357-bb04-1a0ae64b2bb1@group-7EB39FB5DF22-LeaderElection277] INFO  impl.RaftServerImpl (RaftServerImpl.java:setRole(184)) - cbde3520-0cea-4357-bb04-1a0ae64b2bb1@group-7EB39FB5DF22: changes role from CANDIDATE to FOLLOWER at term 298 for DISCOVERED_A_NEW_TERM
2019-10-17 07:42:08,362 [cbde3520-0cea-4357-bb04-1a0ae64b2bb1@group-7EB39FB5DF22-LeaderElection277] INFO  impl.RoleInfo (RoleInfo.java:shutdownLeaderElection(134)) - cbde3520-0cea-4357-bb04-1a0ae64b2bb1: shutdown LeaderElection
2019-10-17 07:42:08,362 [cbde3520-0cea-4357-bb04-1a0ae64b2bb1@group-7EB39FB5DF22-LeaderElection277] INFO  impl.RoleInfo (RoleInfo.java:updateAndGet(143)) - cbde3520-0cea-4357-bb04-1a0ae64b2bb1: start FollowerState
2019-10-17 07:42:08,563 [Thread-2044] INFO  impl.FollowerState (FollowerState.java:run(108)) - cbde3520-0cea-4357-bb04-1a0ae64b2bb1@group-7EB39FB5DF22-FollowerState: change to CANDIDATE, lastRpcTime:200ms, electionTimeout:200ms
2019-10-17 07:42:08,563 [Thread-2044] INFO  impl.RoleInfo (RoleInfo.java:shutdownFollowerState(121)) - cbde3520-0cea-4357-bb04-1a0ae64b2bb1: shutdown FollowerState
2019-10-17 07:42:08,563 [Thread-2044] INFO  impl.RaftServerImpl (RaftServerImpl.java:setRole(184)) - cbde3520-0cea-4357-bb04-1a0ae64b2bb1@group-7EB39FB5DF22: changes role from  FOLLOWER to CANDIDATE at term 298 for changeToCandidate
2019-10-17 07:42:08,563 [Thread-2044] INFO  impl.RoleInfo (RoleInfo.java:updateAndGet(143)) - cbde3520-0cea-4357-bb04-1a0ae64b2bb1: start LeaderElection
2019-10-17 07:42:08,585 [cbde3520-0cea-4357-bb04-1a0ae64b2bb1@group-7EB39FB5DF22-LeaderElection278] INFO  impl.LeaderElection (LeaderElection.java:askForVotes(178)) - cbde3520-0cea-4357-bb04-1a0ae64b2bb1@group-7EB39FB5DF22-LeaderElection278: begin an election at term 299 for -1: [40d2d32e-dd25-45df-8070-f9dc56ccf0a7:192.168.34.62:41633, cbde3520-0cea-4357-bb04-1a0ae64b2bb1:192.168.34.62:41642, 443b071d-6096-48d6-bfe7-498b7c8032c0:192.168.34.62:46516], old=null
2019-10-17 07:42:08,588 [grpc-default-executor-1] INFO  impl.RaftServerImpl (RaftServerImpl.java:setRole(184)) - 40d2d32e-dd25-45df-8070-f9dc56ccf0a7@group-7EB39FB5DF22: changes role from  FOLLOWER to FOLLOWER at term 299 for recognizeCandidate:cbde3520-0cea-4357-bb04-1a0ae64b2bb1
2019-10-17 07:42:08,588 [grpc-default-executor-4] INFO  impl.RaftServerImpl (RaftServerImpl.java:setRole(184)) - 443b071d-6096-48d6-bfe7-498b7c8032c0@group-7EB39FB5DF22: changes role from  FOLLOWER to FOLLOWER at term 299 for recognizeCandidate:cbde3520-0cea-4357-bb04-1a0ae64b2bb1
2019-10-17 07:42:08,588 [grpc-default-executor-1] INFO  impl.RoleInfo (RoleInfo.java:shutdownFollowerState(121)) - 40d2d32e-dd25-45df-8070-f9dc56ccf0a7: shutdown FollowerState
2019-10-17 07:42:08,588 [grpc-default-executor-4] INFO  impl.RoleInfo (RoleInfo.java:shutdownFollowerState(121)) - 443b071d-6096-48d6-bfe7-498b7c8032c0: shutdown FollowerState
2019-10-17 07:42:08,588 [Thread-2043] INFO  impl.FollowerState (FollowerState.java:run(117)) - 40d2d32e-dd25-45df-8070-f9dc56ccf0a7@group-7EB39FB5DF22-FollowerState was interrupted: java.lang.InterruptedException: sleep interrupted
2019-10-17 07:42:08,588 [Thread-2042] INFO  impl.FollowerState (FollowerState.java:run(117)) - 443b071d-6096-48d6-bfe7-498b7c8032c0@group-7EB39FB5DF22-FollowerState was interrupted: java.lang.InterruptedException: sleep interrupted
2019-10-17 07:42:08,588 [grpc-default-executor-1] INFO  impl.RoleInfo (RoleInfo.java:updateAndGet(143)) - 40d2d32e-dd25-45df-8070-f9dc56ccf0a7: start FollowerState
2019-10-17 07:42:08,588 [grpc-default-executor-4] INFO  impl.RoleInfo (RoleInfo.java:updateAndGet(143)) - 443b071d-6096-48d6-bfe7-498b7c8032c0: start FollowerState
2019-10-17 07:42:08,612 [cbde3520-0cea-4357-bb04-1a0ae64b2bb1@group-7EB39FB5DF22-LeaderElection278] INFO  impl.LeaderElection (LeaderElection.java:logAndReturn(56)) - cbde3520-0cea-4357-bb04-1a0ae64b2bb1@group-7EB39FB5DF22-LeaderElection278: Election REJECTED; received 2 response(s) [cbde3520-0cea-4357-bb04-1a0ae64b2bb1<-40d2d32e-dd25-45df-8070-f9dc56ccf0a7#0:FAIL-t299, cbde3520-0cea-4357-bb04-1a0ae64b2bb1<-443b071d-6096-48d6-bfe7-498b7c8032c0#0:FAIL-t299] and 0 exception(s); cbde3520-0cea-4357-bb04-1a0ae64b2bb1@group-7EB39FB5DF22:t299, leader=null, voted=cbde3520-0cea-4357-bb04-1a0ae64b2bb1, raftlog=cbde3520-0cea-4357-bb04-1a0ae64b2bb1@group-7EB39FB5DF22-SegmentedRaftLog:OPENED:c-1,f-1,i0, conf=-1: [40d2d32e-dd25-45df-8070-f9dc56ccf0a7:192.168.34.62:41633, cbde3520-0cea-4357-bb04-1a0ae64b2bb1:192.168.34.62:41642, 443b071d-6096-48d6-bfe7-498b7c8032c0:192.168.34.62:46516], old=null
2019-10-17 07:42:08,613 [cbde3520-0cea-4357-bb04-1a0ae64b2bb1@group-7EB39FB5DF22-LeaderElection278] INFO  impl.RaftServerImpl (RaftServerImpl.java:setRole(184)) - cbde3520-0cea-4357-bb04-1a0ae64b2bb1@group-7EB39FB5DF22: changes role from CANDIDATE to FOLLOWER at term 299 for DISCOVERED_A_NEW_TERM
2019-10-17 07:42:08,613 [cbde3520-0cea-4357-bb04-1a0ae64b2bb1@group-7EB39FB5DF22-LeaderElection278] INFO  impl.RoleInfo (RoleInfo.java:shutdownLeaderElection(134)) - cbde3520-0cea-4357-bb04-1a0ae64b2bb1: shutdown LeaderElection
2019-10-17 07:42:08,613 [cbde3520-0cea-4357-bb04-1a0ae64b2bb1@group-7EB39FB5DF22-LeaderElection278] INFO  impl.RoleInfo (RoleInfo.java:updateAndGet(143)) - cbde3520-0cea-4357-bb04-1a0ae64b2bb1: start FollowerState
2019-10-17 07:42:08,675 [Thread-2050] INFO  impl.FollowerState (FollowerState.java:run(108)) - cbde3520-0cea-4357-bb04-1a0ae64b2bb1@group-7EB39FB5DF22-FollowerState: change to CANDIDATE, lastRpcTime:62ms, electionTimeout:62ms
2019-10-17 07:42:08,676 [Thread-2050] INFO  impl.RoleInfo (RoleInfo.java:shutdownFollowerState(121)) - cbde3520-0cea-4357-bb04-1a0ae64b2bb1: shutdown FollowerState
2019-10-17 07:42:08,676 [Thread-2050] INFO  impl.RaftServerImpl (RaftServerImpl.java:setRole(184)) - cbde3520-0cea-4357-bb04-1a0ae64b2bb1@group-7EB39FB5DF22: changes role from  FOLLOWER to CANDIDATE at term 299 for changeToCandidate
2019-10-17 07:42:08,676 [Thread-2050] INFO  impl.RoleInfo (RoleInfo.java:updateAndGet(143)) - cbde3520-0cea-4357-bb04-1a0ae64b2bb1: start LeaderElection
2019-10-17 07:42:08,700 [cbde3520-0cea-4357-bb04-1a0ae64b2bb1@group-7EB39FB5DF22-LeaderElection279] INFO  impl.LeaderElection (LeaderElection.java:askForVotes(178)) - cbde3520-0cea-4357-bb04-1a0ae64b2bb1@group-7EB39FB5DF22-LeaderElection279: begin an election at term 300 for -1: [40d2d32e-dd25-45df-8070-f9dc56ccf0a7:192.168.34.62:41633, cbde3520-0cea-4357-bb04-1a0ae64b2bb1:192.168.34.62:41642, 443b071d-6096-48d6-bfe7-498b7c8032c0:192.168.34.62:46516], old=null
2019-10-17 07:42:08,702 [grpc-default-executor-4] INFO  impl.RaftServerImpl (RaftServerImpl.java:setRole(184)) - 40d2d32e-dd25-45df-8070-f9dc56ccf0a7@group-7EB39FB5DF22: changes role from  FOLLOWER to FOLLOWER at term 300 for recognizeCandidate:cbde3520-0cea-4357-bb04-1a0ae64b2bb1
2019-10-17 07:42:08,702 [grpc-default-executor-4] INFO  impl.RoleInfo (RoleInfo.java:shutdownFollowerState(121)) - 40d2d32e-dd25-45df-8070-f9dc56ccf0a7: shutdown FollowerState
2019-10-17 07:42:08,703 [grpc-default-executor-1] INFO  impl.RaftServerImpl (RaftServerImpl.java:setRole(184)) - 443b071d-6096-48d6-bfe7-498b7c8032c0@group-7EB39FB5DF22: changes role from  FOLLOWER to FOLLOWER at term 300 for recognizeCandidate:cbde3520-0cea-4357-bb04-1a0ae64b2bb1
2019-10-17 07:42:08,703 [grpc-default-executor-1] INFO  impl.RoleInfo (RoleInfo.java:shutdownFollowerState(121)) - 443b071d-6096-48d6-bfe7-498b7c8032c0: shutdown FollowerState
2019-10-17 07:42:08,703 [Thread-2048] INFO  impl.FollowerState (FollowerState.java:run(117)) - 40d2d32e-dd25-45df-8070-f9dc56ccf0a7@group-7EB39FB5DF22-FollowerState was interrupted: java.lang.InterruptedException: sleep interrupted
2019-10-17 07:42:08,703 [Thread-2049] INFO  impl.FollowerState (FollowerState.java:run(117)) - 443b071d-6096-48d6-bfe7-498b7c8032c0@group-7EB39FB5DF22-FollowerState was interrupted: java.lang.InterruptedException: sleep interrupted
2019-10-17 07:42:08,703 [grpc-default-executor-4] INFO  impl.RoleInfo (RoleInfo.java:updateAndGet(143)) - 40d2d32e-dd25-45df-8070-f9dc56ccf0a7: start FollowerState
2019-10-17 07:42:08,703 [grpc-default-executor-1] INFO  impl.RoleInfo (RoleInfo.java:updateAndGet(143)) - 443b071d-6096-48d6-bfe7-498b7c8032c0: start FollowerState
2019-10-17 07:42:08,717 [cbde3520-0cea-4357-bb04-1a0ae64b2bb1@group-7EB39FB5DF22-LeaderElection279] INFO  impl.LeaderElection (LeaderElection.java:logAndReturn(56)) - cbde3520-0cea-4357-bb04-1a0ae64b2bb1@group-7EB39FB5DF22-LeaderElection279: Election REJECTED; received 2 response(s) [cbde3520-0cea-4357-bb04-1a0ae64b2bb1<-40d2d32e-dd25-45df-8070-f9dc56ccf0a7#0:FAIL-t300, cbde3520-0cea-4357-bb04-1a0ae64b2bb1<-443b071d-6096-48d6-bfe7-498b7c8032c0#0:FAIL-t300] and 0 exception(s); cbde3520-0cea-4357-bb04-1a0ae64b2bb1@group-7EB39FB5DF22:t300, leader=null, voted=cbde3520-0cea-4357-bb04-1a0ae64b2bb1, raftlog=cbde3520-0cea-4357-bb04-1a0ae64b2bb1@group-7EB39FB5DF22-SegmentedRaftLog:OPENED:c-1,f-1,i0, conf=-1: [40d2d32e-dd25-45df-8070-f9dc56ccf0a7:192.168.34.62:41633, cbde3520-0cea-4357-bb04-1a0ae64b2bb1:192.168.34.62:41642, 443b071d-6096-48d6-bfe7-498b7c8032c0:192.168.34.62:46516], old=null
2019-10-17 07:42:08,717 [cbde3520-0cea-4357-bb04-1a0ae64b2bb1@group-7EB39FB5DF22-LeaderElection279] INFO  impl.RaftServerImpl (RaftServerImpl.java:setRole(184)) - cbde3520-0cea-4357-bb04-1a0ae64b2bb1@group-7EB39FB5DF22: changes role from CANDIDATE to FOLLOWER at term 300 for DISCOVERED_A_NEW_TERM
2019-10-17 07:42:08,717 [cbde3520-0cea-4357-bb04-1a0ae64b2bb1@group-7EB39FB5DF22-LeaderElection279] INFO  impl.RoleInfo (RoleInfo.java:shutdownLeaderElection(134)) - cbde3520-0cea-4357-bb04-1a0ae64b2bb1: shutdown LeaderElection
2019-10-17 07:42:08,717 [cbde3520-0cea-4357-bb04-1a0ae64b2bb1@group-7EB39FB5DF22-LeaderElection279] INFO  impl.RoleInfo (RoleInfo.java:updateAndGet(143)) - cbde3520-0cea-4357-bb04-1a0ae64b2bb1: start FollowerState
2019-10-17 07:42:08,885 [Thread-2056] INFO  impl.FollowerState (FollowerState.java:run(108)) - cbde3520-0cea-4357-bb04-1a0ae64b2bb1@group-7EB39FB5DF22-FollowerState: change to CANDIDATE, lastRpcTime:167ms, electionTimeout:167ms
2019-10-17 07:42:08,885 [Thread-2056] INFO  impl.RoleInfo (RoleInfo.java:shutdownFollowerState(121)) - cbde3520-0cea-4357-bb04-1a0ae64b2bb1: shutdown FollowerState
2019-10-17 07:42:08,885 [Thread-2056] INFO  impl.RaftServerImpl (RaftServerImpl.java:setRole(184)) - cbde3520-0cea-4357-bb04-1a0ae64b2bb1@group-7EB39FB5DF22: changes role from  FOLLOWER to CANDIDATE at term 300 for changeToCandidate
2019-10-17 07:42:08,885 [Thread-2056] INFO  impl.RoleInfo (RoleInfo.java:updateAndGet(143)) - cbde3520-0cea-4357-bb04-1a0ae64b2bb1: start LeaderElection
2019-10-17 07:42:08,915 [cbde3520-0cea-4357-bb04-1a0ae64b2bb1@group-7EB39FB5DF22-LeaderElection280] INFO  impl.LeaderElection (LeaderElection.java:askForVotes(178)) - cbde3520-0cea-4357-bb04-1a0ae64b2bb1@group-7EB39FB5DF22-LeaderElection280: begin an election at term 301 for -1: [40d2d32e-dd25-45df-8070-f9dc56ccf0a7:192.168.34.62:41633, cbde3520-0cea-4357-bb04-1a0ae64b2bb1:192.168.34.62:41642, 443b071d-6096-48d6-bfe7-498b7c8032c0:192.168.34.62:46516], old=null
2019-10-17 07:42:08,918 [grpc-default-executor-1] INFO  impl.RaftServerImpl (RaftServerImpl.java:setRole(184)) - 443b071d-6096-48d6-bfe7-498b7c8032c0@group-7EB39FB5DF22: changes role from  FOLLOWER to FOLLOWER at term 301 for recognizeCandidate:cbde3520-0cea-4357-bb04-1a0ae64b2bb1
2019-10-17 07:42:08,918 [grpc-default-executor-4] INFO  impl.RaftServerImpl (RaftServerImpl.java:setRole(184)) - 40d2d32e-dd25-45df-8070-f9dc56ccf0a7@group-7EB39FB5DF22: changes role from  FOLLOWER to FOLLOWER at term 301 for recognizeCandidate:cbde3520-0cea-4357-bb04-1a0ae64b2bb1
2019-10-17 07:42:08,918 [grpc-default-executor-1] INFO  impl.RoleInfo (RoleInfo.java:shutdownFollowerState(121)) - 443b071d-6096-48d6-bfe7-498b7c8032c0: shutdown FollowerState
2019-10-17 07:42:08,918 [grpc-default-executor-4] INFO  impl.RoleInfo (RoleInfo.java:shutdownFollowerState(121)) - 40d2d32e-dd25-45df-8070-f9dc56ccf0a7: shutdown FollowerState
2019-10-17 07:42:08,918 [grpc-default-executor-4] INFO  impl.RoleInfo (RoleInfo.java:updateAndGet(143)) - 40d2d32e-dd25-45df-8070-f9dc56ccf0a7: start FollowerState
2019-10-17 07:42:08,918 [Thread-2055] INFO  impl.FollowerState (FollowerState.java:run(117)) - 443b071d-6096-48d6-bfe7-498b7c8032c0@group-7EB39FB5DF22-FollowerState was interrupted: java.lang.InterruptedException: sleep interrupted
2019-10-17 07:42:08,918 [grpc-default-executor-1] INFO  impl.RoleInfo (RoleInfo.java:updateAndGet(143)) - 443b071d-6096-48d6-bfe7-498b7c8032c0: start FollowerState
2019-10-17 07:42:08,918 [Thread-2054] INFO  impl.FollowerState (FollowerState.java:run(117)) - 40d2d32e-dd25-45df-8070-f9dc56ccf0a7@group-7EB39FB5DF22-FollowerState was interrupted: java.lang.InterruptedException: sleep interrupted
2019-10-17 07:42:08,932 [cbde3520-0cea-4357-bb04-1a0ae64b2bb1@group-7EB39FB5DF22-LeaderElection280] INFO  impl.LeaderElection (LeaderElection.java:logAndReturn(56)) - cbde3520-0cea-4357-bb04-1a0ae64b2bb1@group-7EB39FB5DF22-LeaderElection280: Election REJECTED; received 2 response(s) [cbde3520-0cea-4357-bb04-1a0ae64b2bb1<-40d2d32e-dd25-45df-8070-f9dc56ccf0a7#0:FAIL-t301, cbde3520-0cea-4357-bb04-1a0ae64b2bb1<-443b071d-6096-48d6-bfe7-498b7c8032c0#0:FAIL-t301] and 0 exception(s); cbde3520-0cea-4357-bb04-1a0ae64b2bb1@group-7EB39FB5DF22:t301, leader=null, voted=cbde3520-0cea-4357-bb04-1a0ae64b2bb1, raftlog=cbde3520-0cea-4357-bb04-1a0ae64b2bb1@group-7EB39FB5DF22-SegmentedRaftLog:OPENED:c-1,f-1,i0, conf=-1: [40d2d32e-dd25-45df-8070-f9dc56ccf0a7:192.168.34.62:41633, cbde3520-0cea-4357-bb04-1a0ae64b2bb1:192.168.34.62:41642, 443b071d-6096-48d6-bfe7-498b7c8032c0:192.168.34.62:46516], old=null
2019-10-17 07:42:08,933 [cbde3520-0cea-4357-bb04-1a0ae64b2bb1@group-7EB39FB5DF22-LeaderElection280] INFO  impl.RaftServerImpl (RaftServerImpl.java:setRole(184)) - cbde3520-0cea-4357-bb04-1a0ae64b2bb1@group-7EB39FB5DF22: changes role from CANDIDATE to FOLLOWER at term 301 for DISCOVERED_A_NEW_TERM
2019-10-17 07:42:08,933 [cbde3520-0cea-4357-bb04-1a0ae64b2bb1@group-7EB39FB5DF22-LeaderElection280] INFO  impl.RoleInfo (RoleInfo.java:shutdownLeaderElection(134)) - cbde3520-0cea-4357-bb04-1a0ae64b2bb1: shutdown LeaderElection
2019-10-17 07:42:08,933 [cbde3520-0cea-4357-bb04-1a0ae64b2bb1@group-7EB39FB5DF22-LeaderElection280] INFO  impl.RoleInfo (RoleInfo.java:updateAndGet(143)) - cbde3520-0cea-4357-bb04-1a0ae64b2bb1: start FollowerState
2019-10-17 07:42:08,996 [Thread-2062] INFO  impl.FollowerState (FollowerState.java:run(108)) - cbde3520-0cea-4357-bb04-1a0ae64b2bb1@group-7EB39FB5DF22-FollowerState: change to CANDIDATE, lastRpcTime:63ms, electionTimeout:63ms
2019-10-17 07:42:08,996 [Thread-2062] INFO  impl.RoleInfo (RoleInfo.java:shutdownFollowerState(121)) - cbde3520-0cea-4357-bb04-1a0ae64b2bb1: shutdown FollowerState
2019-10-17 07:42:08,997 [Thread-2062] INFO  impl.RaftServerImpl (RaftServerImpl.java:setRole(184)) - cbde3520-0cea-4357-bb04-1a0ae64b2bb1@group-7EB39FB5DF22: changes role from  FOLLOWER to CANDIDATE at term 301 for changeToCandidate
2019-10-17 07:42:08,997 [Thread-2062] INFO  impl.RoleInfo (RoleInfo.java:updateAndGet(143)) - cbde3520-0cea-4357-bb04-1a0ae64b2bb1: start LeaderElection
2019-10-17 07:42:09,021 [cbde3520-0cea-4357-bb04-1a0ae64b2bb1@group-7EB39FB5DF22-LeaderElection281] INFO  impl.LeaderElection (LeaderElection.java:askForVotes(178)) - cbde3520-0cea-4357-bb04-1a0ae64b2bb1@group-7EB39FB5DF22-LeaderElection281: begin an election at term 302 for -1: [40d2d32e-dd25-45df-8070-f9dc56ccf0a7:192.168.34.62:41633, cbde3520-0cea-4357-bb04-1a0ae64b2bb1:192.168.34.62:41642, 443b071d-6096-48d6-bfe7-498b7c8032c0:192.168.34.62:46516], old=null
2019-10-17 07:42:09,024 [grpc-default-executor-1] INFO  impl.RaftServerImpl (RaftServerImpl.java:setRole(184)) - 40d2d32e-dd25-45df-8070-f9dc56ccf0a7@group-7EB39FB5DF22: changes role from  FOLLOWER to FOLLOWER at term 302 for recognizeCandidate:cbde3520-0cea-4357-bb04-1a0ae64b2bb1
2019-10-17 07:42:09,024 [grpc-default-executor-4] INFO  impl.RaftServerImpl (RaftServerImpl.java:setRole(184)) - 443b071d-6096-48d6-bfe7-498b7c8032c0@group-7EB39FB5DF22: changes role from  FOLLOWER to FOLLOWER at term 302 for recognizeCandidate:cbde3520-0cea-4357-bb04-1a0ae64b2bb1
2019-10-17 07:42:09,025 [grpc-default-executor-1] INFO  impl.RoleInfo (RoleInfo.java:shutdownFollowerState(121)) - 40d2d32e-dd25-45df-8070-f9dc56ccf0a7: shutdown FollowerState
2019-10-17 07:42:09,025 [grpc-default-executor-4] INFO  impl.RoleInfo (RoleInfo.java:shutdownFollowerState(121)) - 443b071d-6096-48d6-bfe7-498b7c8032c0: shutdown FollowerState
2019-10-17 07:42:09,025 [Thread-2061] INFO  impl.FollowerState (FollowerState.java:run(117)) - 40d2d32e-dd25-45df-8070-f9dc56ccf0a7@group-7EB39FB5DF22-FollowerState was interrupted: java.lang.InterruptedException: sleep interrupted
2019-10-17 07:42:09,025 [grpc-default-executor-1] INFO  impl.RoleInfo (RoleInfo.java:updateAndGet(143)) - 40d2d32e-dd25-45df-8070-f9dc56ccf0a7: start FollowerState
2019-10-17 07:42:09,025 [Thread-2060] INFO  impl.FollowerState (FollowerState.java:run(117)) - 443b071d-6096-48d6-bfe7-498b7c8032c0@group-7EB39FB5DF22-FollowerState was interrupted: java.lang.InterruptedException: sleep interrupted
2019-10-17 07:42:09,025 [grpc-default-executor-4] INFO  impl.RoleInfo (RoleInfo.java:updateAndGet(143)) - 443b071d-6096-48d6-bfe7-498b7c8032c0: start FollowerState
2019-10-17 07:42:09,040 [cbde3520-0cea-4357-bb04-1a0ae64b2bb1@group-7EB39FB5DF22-LeaderElection281] INFO  impl.LeaderElection (LeaderElection.java:logAndReturn(56)) - cbde3520-0cea-4357-bb04-1a0ae64b2bb1@group-7EB39FB5DF22-LeaderElection281: Election REJECTED; received 2 response(s) [cbde3520-0cea-4357-bb04-1a0ae64b2bb1<-40d2d32e-dd25-45df-8070-f9dc56ccf0a7#0:FAIL-t302, cbde3520-0cea-4357-bb04-1a0ae64b2bb1<-443b071d-6096-48d6-bfe7-498b7c8032c0#0:FAIL-t302] and 0 exception(s); cbde3520-0cea-4357-bb04-1a0ae64b2bb1@group-7EB39FB5DF22:t302, leader=null, voted=cbde3520-0cea-4357-bb04-1a0ae64b2bb1, raftlog=cbde3520-0cea-4357-bb04-1a0ae64b2bb1@group-7EB39FB5DF22-SegmentedRaftLog:OPENED:c-1,f-1,i0, conf=-1: [40d2d32e-dd25-45df-8070-f9dc56ccf0a7:192.168.34.62:41633, cbde3520-0cea-4357-bb04-1a0ae64b2bb1:192.168.34.62:41642, 443b071d-6096-48d6-bfe7-498b7c8032c0:192.168.34.62:46516], old=null
2019-10-17 07:42:09,040 [cbde3520-0cea-4357-bb04-1a0ae64b2bb1@group-7EB39FB5DF22-LeaderElection281] INFO  impl.RaftServerImpl (RaftServerImpl.java:setRole(184)) - cbde3520-0cea-4357-bb04-1a0ae64b2bb1@group-7EB39FB5DF22: changes role from CANDIDATE to FOLLOWER at term 302 for DISCOVERED_A_NEW_TERM
2019-10-17 07:42:09,040 [cbde3520-0cea-4357-bb04-1a0ae64b2bb1@group-7EB39FB5DF22-LeaderElection281] INFO  impl.RoleInfo (RoleInfo.java:shutdownLeaderElection(134)) - cbde3520-0cea-4357-bb04-1a0ae64b2bb1: shutdown LeaderElection
2019-10-17 07:42:09,041 [cbde3520-0cea-4357-bb04-1a0ae64b2bb1@group-7EB39FB5DF22-LeaderElection281] INFO  impl.RoleInfo (RoleInfo.java:updateAndGet(143)) - cbde3520-0cea-4357-bb04-1a0ae64b2bb1: start FollowerState
2019-10-17 07:42:09,092 [Thread-2068] INFO  impl.FollowerState (FollowerState.java:run(108)) - cbde3520-0cea-4357-bb04-1a0ae64b2bb1@group-7EB39FB5DF22-FollowerState: change to CANDIDATE, lastRpcTime:51ms, electionTimeout:51ms
2019-10-17 07:42:09,092 [Thread-2068] INFO  impl.RoleInfo (RoleInfo.java:shutdownFollowerState(121)) - cbde3520-0cea-4357-bb04-1a0ae64b2bb1: shutdown FollowerState
2019-10-17 07:42:09,092 [Thread-2068] INFO  impl.RaftServerImpl (RaftServerImpl.java:setRole(184)) - cbde3520-0cea-4357-bb04-1a0ae64b2bb1@group-7EB39FB5DF22: changes role from  FOLLOWER to CANDIDATE at term 302 for changeToCandidate
2019-10-17 07:42:09,093 [Thread-2068] INFO  impl.RoleInfo (RoleInfo.java:updateAndGet(143)) - cbde3520-0cea-4357-bb04-1a0ae64b2bb1: start LeaderElection
2019-10-17 07:42:09,116 [cbde3520-0cea-4357-bb04-1a0ae64b2bb1@group-7EB39FB5DF22-LeaderElection282] INFO  impl.LeaderElection (LeaderElection.java:askForVotes(178)) - cbde3520-0cea-4357-bb04-1a0ae64b2bb1@group-7EB39FB5DF22-LeaderElection282: begin an election at term 303 for -1: [40d2d32e-dd25-45df-8070-f9dc56ccf0a7:192.168.34.62:41633, cbde3520-0cea-4357-bb04-1a0ae64b2bb1:192.168.34.62:41642, 443b071d-6096-48d6-bfe7-498b7c8032c0:192.168.34.62:46516], old=null
2019-10-17 07:42:09,118 [grpc-default-executor-4] INFO  impl.RaftServerImpl (RaftServerImpl.java:setRole(184)) - 40d2d32e-dd25-45df-8070-f9dc56ccf0a7@group-7EB39FB5DF22: changes role from  FOLLOWER to FOLLOWER at term 303 for recognizeCandidate:cbde3520-0cea-4357-bb04-1a0ae64b2bb1
2019-10-17 07:42:09,118 [grpc-default-executor-4] INFO  impl.RoleInfo (RoleInfo.java:shutdownFollowerState(121)) - 40d2d32e-dd25-45df-8070-f9dc56ccf0a7: shutdown FollowerState
2019-10-17 07:42:09,118 [grpc-default-executor-4] INFO  impl.RoleInfo (RoleInfo.java:updateAndGet(143)) - 40d2d32e-dd25-45df-8070-f9dc56ccf0a7: start FollowerState
2019-10-17 07:42:09,118 [Thread-2066] INFO  impl.FollowerState (FollowerState.java:run(117)) - 40d2d32e-dd25-45df-8070-f9dc56ccf0a7@group-7EB39FB5DF22-FollowerState was interrupted: java.lang.InterruptedException: sleep interrupted
2019-10-17 07:42:09,118 [grpc-default-executor-1] INFO  impl.RaftServerImpl (RaftServerImpl.java:setRole(184)) - 443b071d-6096-48d6-bfe7-498b7c8032c0@group-7EB39FB5DF22: changes role from  FOLLOWER to FOLLOWER at term 303 for recognizeCandidate:cbde3520-0cea-4357-bb04-1a0ae64b2bb1
2019-10-17 07:42:09,119 [grpc-default-executor-1] INFO  impl.RoleInfo (RoleInfo.java:shutdownFollowerState(121)) - 443b071d-6096-48d6-bfe7-498b7c8032c0: shutdown FollowerState
2019-10-17 07:42:09,119 [grpc-default-executor-1] INFO  impl.RoleInfo (RoleInfo.java:updateAndGet(143)) - 443b071d-6096-48d6-bfe7-498b7c8032c0: start FollowerState
2019-10-17 07:42:09,119 [Thread-2067] INFO  impl.FollowerState (FollowerState.java:run(117)) - 443b071d-6096-48d6-bfe7-498b7c8032c0@group-7EB39FB5DF22-FollowerState was interrupted: java.lang.InterruptedException: sleep interrupted
2019-10-17 07:42:09,142 [cbde3520-0cea-4357-bb04-1a0ae64b2bb1@group-7EB39FB5DF22-LeaderElection282] INFO  impl.LeaderElection (LeaderElection.java:logAndReturn(56)) - cbde3520-0cea-4357-bb04-1a0ae64b2bb1@group-7EB39FB5DF22-LeaderElection282: Election REJECTED; received 2 response(s) [cbde3520-0cea-4357-bb04-1a0ae64b2bb1<-40d2d32e-dd25-45df-8070-f9dc56ccf0a7#0:FAIL-t303, cbde3520-0cea-4357-bb04-1a0ae64b2bb1<-443b071d-6096-48d6-bfe7-498b7c8032c0#0:FAIL-t303] and 0 exception(s); cbde3520-0cea-4357-bb04-1a0ae64b2bb1@group-7EB39FB5DF22:t303, leader=null, voted=cbde3520-0cea-4357-bb04-1a0ae64b2bb1, raftlog=cbde3520-0cea-4357-bb04-1a0ae64b2bb1@group-7EB39FB5DF22-SegmentedRaftLog:OPENED:c-1,f-1,i0, conf=-1: [40d2d32e-dd25-45df-8070-f9dc56ccf0a7:192.168.34.62:41633, cbde3520-0cea-4357-bb04-1a0ae64b2bb1:192.168.34.62:41642, 443b071d-6096-48d6-bfe7-498b7c8032c0:192.168.34.62:46516], old=null
2019-10-17 07:42:09,143 [cbde3520-0cea-4357-bb04-1a0ae64b2bb1@group-7EB39FB5DF22-LeaderElection282] INFO  impl.RaftServerImpl (RaftServerImpl.java:setRole(184)) - cbde3520-0cea-4357-bb04-1a0ae64b2bb1@group-7EB39FB5DF22: changes role from CANDIDATE to FOLLOWER at term 303 for DISCOVERED_A_NEW_TERM
2019-10-17 07:42:09,143 [cbde3520-0cea-4357-bb04-1a0ae64b2bb1@group-7EB39FB5DF22-LeaderElection282] INFO  impl.RoleInfo (RoleInfo.java:shutdownLeaderElection(134)) - cbde3520-0cea-4357-bb04-1a0ae64b2bb1: shutdown LeaderElection
2019-10-17 07:42:09,143 [cbde3520-0cea-4357-bb04-1a0ae64b2bb1@group-7EB39FB5DF22-LeaderElection282] INFO  impl.RoleInfo (RoleInfo.java:updateAndGet(143)) - cbde3520-0cea-4357-bb04-1a0ae64b2bb1: start FollowerState
2019-10-17 07:42:09,221 [main] INFO  ozone.MiniOzoneClusterImpl (MiniOzoneClusterImpl.java:lambda$waitForClusterToBeReady$2(164)) - Waiting for 1 number of pipelines out of 5, to report a leader.
2019-10-17 07:42:09,334 [Thread-2074] INFO  impl.FollowerState (FollowerState.java:run(108)) - cbde3520-0cea-4357-bb04-1a0ae64b2bb1@group-7EB39FB5DF22-FollowerState: change to CANDIDATE, lastRpcTime:190ms, electionTimeout:190ms
2019-10-17 07:42:09,334 [Thread-2074] INFO  impl.RoleInfo (RoleInfo.java:shutdownFollowerState(121)) - cbde3520-0cea-4357-bb04-1a0ae64b2bb1: shutdown FollowerState
2019-10-17 07:42:09,334 [Thread-2074] INFO  impl.RaftServerImpl (RaftServerImpl.java:setRole(184)) - cbde3520-0cea-4357-bb04-1a0ae64b2bb1@group-7EB39FB5DF22: changes role from  FOLLOWER to CANDIDATE at term 303 for changeToCandidate
2019-10-17 07:42:09,334 [Thread-2074] INFO  impl.RoleInfo (RoleInfo.java:updateAndGet(143)) - cbde3520-0cea-4357-bb04-1a0ae64b2bb1: start LeaderElection
2019-10-17 07:42:09,358 [cbde3520-0cea-4357-bb04-1a0ae64b2bb1@group-7EB39FB5DF22-LeaderElection283] INFO  impl.LeaderElection (LeaderElection.java:askForVotes(178)) - cbde3520-0cea-4357-bb04-1a0ae64b2bb1@group-7EB39FB5DF22-LeaderElection283: begin an election at term 304 for -1: [40d2d32e-dd25-45df-8070-f9dc56ccf0a7:192.168.34.62:41633, cbde3520-0cea-4357-bb04-1a0ae64b2bb1:192.168.34.62:41642, 443b071d-6096-48d6-bfe7-498b7c8032c0:192.168.34.62:46516], old=null
2019-10-17 07:42:09,361 [grpc-default-executor-1] INFO  impl.RaftServerImpl (RaftServerImpl.java:setRole(184)) - 40d2d32e-dd25-45df-8070-f9dc56ccf0a7@group-7EB39FB5DF22: changes role from  FOLLOWER to FOLLOWER at term 304 for recognizeCandidate:cbde3520-0cea-4357-bb04-1a0ae64b2bb1
2019-10-17 07:42:09,361 [grpc-default-executor-1] INFO  impl.RoleInfo (RoleInfo.java:shutdownFollowerState(121)) - 40d2d32e-dd25-45df-8070-f9dc56ccf0a7: shutdown FollowerState
2019-10-17 07:42:09,361 [grpc-default-executor-1] INFO  impl.RoleInfo (RoleInfo.java:updateAndGet(143)) - 40d2d32e-dd25-45df-8070-f9dc56ccf0a7: start FollowerState
2019-10-17 07:42:09,361 [Thread-2072] INFO  impl.FollowerState (FollowerState.java:run(117)) - 40d2d32e-dd25-45df-8070-f9dc56ccf0a7@group-7EB39FB5DF22-FollowerState was interrupted: java.lang.InterruptedException: sleep interrupted
2019-10-17 07:42:09,362 [grpc-default-executor-4] INFO  impl.RaftServerImpl (RaftServerImpl.java:setRole(184)) - 443b071d-6096-48d6-bfe7-498b7c8032c0@group-7EB39FB5DF22: changes role from  FOLLOWER to FOLLOWER at term 304 for recognizeCandidate:cbde3520-0cea-4357-bb04-1a0ae64b2bb1
2019-10-17 07:42:09,362 [grpc-default-executor-4] INFO  impl.RoleInfo (RoleInfo.java:shutdownFollowerState(121)) - 443b071d-6096-48d6-bfe7-498b7c8032c0: shutdown FollowerState
2019-10-17 07:42:09,362 [grpc-default-executor-4] INFO  impl.RoleInfo (RoleInfo.java:updateAndGet(143)) - 443b071d-6096-48d6-bfe7-498b7c8032c0: start FollowerState
2019-10-17 07:42:09,362 [Thread-2073] INFO  impl.FollowerState (FollowerState.java:run(117)) - 443b071d-6096-48d6-bfe7-498b7c8032c0@group-7EB39FB5DF22-FollowerState was interrupted: java.lang.InterruptedException: sleep interrupted
2019-10-17 07:42:09,386 [cbde3520-0cea-4357-bb04-1a0ae64b2bb1@group-7EB39FB5DF22-LeaderElection283] INFO  impl.LeaderElection (LeaderElection.java:logAndReturn(56)) - cbde3520-0cea-4357-bb04-1a0ae64b2bb1@group-7EB39FB5DF22-LeaderElection283: Election REJECTED; received 2 response(s) [cbde3520-0cea-4357-bb04-1a0ae64b2bb1<-40d2d32e-dd25-45df-8070-f9dc56ccf0a7#0:FAIL-t304, cbde3520-0cea-4357-bb04-1a0ae64b2bb1<-443b071d-6096-48d6-bfe7-498b7c8032c0#0:FAIL-t304] and 0 exception(s); cbde3520-0cea-4357-bb04-1a0ae64b2bb1@group-7EB39FB5DF22:t304, leader=null, voted=cbde3520-0cea-4357-bb04-1a0ae64b2bb1, raftlog=cbde3520-0cea-4357-bb04-1a0ae64b2bb1@group-7EB39FB5DF22-SegmentedRaftLog:OPENED:c-1,f-1,i0, conf=-1: [40d2d32e-dd25-45df-8070-f9dc56ccf0a7:192.168.34.62:41633, cbde3520-0cea-4357-bb04-1a0ae64b2bb1:192.168.34.62:41642, 443b071d-6096-48d6-bfe7-498b7c8032c0:192.168.34.62:46516], old=null
2019-10-17 07:42:09,386 [cbde3520-0cea-4357-bb04-1a0ae64b2bb1@group-7EB39FB5DF22-LeaderElection283] INFO  impl.RaftServerImpl (RaftServerImpl.java:setRole(184)) - cbde3520-0cea-4357-bb04-1a0ae64b2bb1@group-7EB39FB5DF22: changes role from CANDIDATE to FOLLOWER at term 304 for DISCOVERED_A_NEW_TERM
2019-10-17 07:42:09,386 [cbde3520-0cea-4357-bb04-1a0ae64b2bb1@group-7EB39FB5DF22-LeaderElection283] INFO  impl.RoleInfo (RoleInfo.java:shutdownLeaderElection(134)) - cbde3520-0cea-4357-bb04-1a0ae64b2bb1: shutdown LeaderElection
2019-10-17 07:42:09,387 [cbde3520-0cea-4357-bb04-1a0ae64b2bb1@group-7EB39FB5DF22-LeaderElection283] INFO  impl.RoleInfo (RoleInfo.java:updateAndGet(143)) - cbde3520-0cea-4357-bb04-1a0ae64b2bb1: start FollowerState
2019-10-17 07:42:09,562 [Thread-2080] INFO  impl.FollowerState (FollowerState.java:run(108)) - cbde3520-0cea-4357-bb04-1a0ae64b2bb1@group-7EB39FB5DF22-FollowerState: change to CANDIDATE, lastRpcTime:175ms, electionTimeout:175ms
2019-10-17 07:42:09,562 [Thread-2080] INFO  impl.RoleInfo (RoleInfo.java:shutdownFollowerState(121)) - cbde3520-0cea-4357-bb04-1a0ae64b2bb1: shutdown FollowerState
2019-10-17 07:42:09,562 [Thread-2080] INFO  impl.RaftServerImpl (RaftServerImpl.java:setRole(184)) - cbde3520-0cea-4357-bb04-1a0ae64b2bb1@group-7EB39FB5DF22: changes role from  FOLLOWER to CANDIDATE at term 304 for changeToCandidate
2019-10-17 07:42:09,563 [Thread-2080] INFO  impl.RoleInfo (RoleInfo.java:updateAndGet(143)) - cbde3520-0cea-4357-bb04-1a0ae64b2bb1: start LeaderElection
2019-10-17 07:42:09,587 [cbde3520-0cea-4357-bb04-1a0ae64b2bb1@group-7EB39FB5DF22-LeaderElection284] INFO  impl.LeaderElection (LeaderElection.java:askForVotes(178)) - cbde3520-0cea-4357-bb04-1a0ae64b2bb1@group-7EB39FB5DF22-LeaderElection284: begin an election at term 305 for -1: [40d2d32e-dd25-45df-8070-f9dc56ccf0a7:192.168.34.62:41633, cbde3520-0cea-4357-bb04-1a0ae64b2bb1:192.168.34.62:41642, 443b071d-6096-48d6-bfe7-498b7c8032c0:192.168.34.62:46516], old=null
2019-10-17 07:42:09,589 [grpc-default-executor-1] INFO  impl.RaftServerImpl (RaftServerImpl.java:setRole(184)) - 40d2d32e-dd25-45df-8070-f9dc56ccf0a7@group-7EB39FB5DF22: changes role from  FOLLOWER to FOLLOWER at term 305 for recognizeCandidate:cbde3520-0cea-4357-bb04-1a0ae64b2bb1
2019-10-17 07:42:09,590 [grpc-default-executor-1] INFO  impl.RoleInfo (RoleInfo.java:shutdownFollowerState(121)) - 40d2d32e-dd25-45df-8070-f9dc56ccf0a7: shutdown FollowerState
2019-10-17 07:42:09,590 [grpc-default-executor-4] INFO  impl.RaftServerImpl (RaftServerImpl.java:setRole(184)) - 443b071d-6096-48d6-bfe7-498b7c8032c0@group-7EB39FB5DF22: changes role from  FOLLOWER to FOLLOWER at term 305 for recognizeCandidate:cbde3520-0cea-4357-bb04-1a0ae64b2bb1
2019-10-17 07:42:09,590 [Thread-2078] INFO  impl.FollowerState (FollowerState.java:run(117)) - 40d2d32e-dd25-45df-8070-f9dc56ccf0a7@group-7EB39FB5DF22-FollowerState was interrupted: java.lang.InterruptedException: sleep interrupted
2019-10-17 07:42:09,590 [grpc-default-executor-1] INFO  impl.RoleInfo (RoleInfo.java:updateAndGet(143)) - 40d2d32e-dd25-45df-8070-f9dc56ccf0a7: start FollowerState
2019-10-17 07:42:09,590 [grpc-default-executor-4] INFO  impl.RoleInfo (RoleInfo.java:shutdownFollowerState(121)) - 443b071d-6096-48d6-bfe7-498b7c8032c0: shutdown FollowerState
2019-10-17 07:42:09,591 [grpc-default-executor-4] INFO  impl.RoleInfo (RoleInfo.java:updateAndGet(143)) - 443b071d-6096-48d6-bfe7-498b7c8032c0: start FollowerState
2019-10-17 07:42:09,591 [Thread-2079] INFO  impl.FollowerState (FollowerState.java:run(117)) - 443b071d-6096-48d6-bfe7-498b7c8032c0@group-7EB39FB5DF22-FollowerState was interrupted: java.lang.InterruptedException: sleep interrupted
2019-10-17 07:42:09,614 [cbde3520-0cea-4357-bb04-1a0ae64b2bb1@group-7EB39FB5DF22-LeaderElection284] INFO  impl.LeaderElection (LeaderElection.java:logAndReturn(56)) - cbde3520-0cea-4357-bb04-1a0ae64b2bb1@group-7EB39FB5DF22-LeaderElection284: Election REJECTED; received 2 response(s) [cbde3520-0cea-4357-bb04-1a0ae64b2bb1<-40d2d32e-dd25-45df-8070-f9dc56ccf0a7#0:FAIL-t305, cbde3520-0cea-4357-bb04-1a0ae64b2bb1<-443b071d-6096-48d6-bfe7-498b7c8032c0#0:FAIL-t305] and 0 exception(s); cbde3520-0cea-4357-bb04-1a0ae64b2bb1@group-7EB39FB5DF22:t305, leader=null, voted=cbde3520-0cea-4357-bb04-1a0ae64b2bb1, raftlog=cbde3520-0cea-4357-bb04-1a0ae64b2bb1@group-7EB39FB5DF22-SegmentedRaftLog:OPENED:c-1,f-1,i0, conf=-1: [40d2d32e-dd25-45df-8070-f9dc56ccf0a7:192.168.34.62:41633, cbde3520-0cea-4357-bb04-1a0ae64b2bb1:192.168.34.62:41642, 443b071d-6096-48d6-bfe7-498b7c8032c0:192.168.34.62:46516], old=null
2019-10-17 07:42:09,614 [cbde3520-0cea-4357-bb04-1a0ae64b2bb1@group-7EB39FB5DF22-LeaderElection284] INFO  impl.RaftServerImpl (RaftServerImpl.java:setRole(184)) - cbde3520-0cea-4357-bb04-1a0ae64b2bb1@group-7EB39FB5DF22: changes role from CANDIDATE to FOLLOWER at term 305 for DISCOVERED_A_NEW_TERM
2019-10-17 07:42:09,614 [cbde3520-0cea-4357-bb04-1a0ae64b2bb1@group-7EB39FB5DF22-LeaderElection284] INFO  impl.RoleInfo (RoleInfo.java:shutdownLeaderElection(134)) - cbde3520-0cea-4357-bb04-1a0ae64b2bb1: shutdown LeaderElection
2019-10-17 07:42:09,615 [cbde3520-0cea-4357-bb04-1a0ae64b2bb1@group-7EB39FB5DF22-LeaderElection284] INFO  impl.RoleInfo (RoleInfo.java:updateAndGet(143)) - cbde3520-0cea-4357-bb04-1a0ae64b2bb1: start FollowerState
2019-10-17 07:42:09,626 [Thread-2086] INFO  impl.FollowerState (FollowerState.java:run(108)) - cbde3520-0cea-4357-bb04-1a0ae64b2bb1@group-7EB39FB5DF22-FollowerState: change to CANDIDATE, lastRpcTime:11ms, electionTimeout:11ms
2019-10-17 07:42:09,626 [Thread-2086] INFO  impl.RoleInfo (RoleInfo.java:shutdownFollowerState(121)) - cbde3520-0cea-4357-bb04-1a0ae64b2bb1: shutdown FollowerState
2019-10-17 07:42:09,626 [Thread-2086] INFO  impl.RaftServerImpl (RaftServerImpl.java:setRole(184)) - cbde3520-0cea-4357-bb04-1a0ae64b2bb1@group-7EB39FB5DF22: changes role from  FOLLOWER to CANDIDATE at term 305 for changeToCandidate
2019-10-17 07:42:09,626 [Thread-2086] INFO  impl.RoleInfo (RoleInfo.java:updateAndGet(143)) - cbde3520-0cea-4357-bb04-1a0ae64b2bb1: start LeaderElection
2019-10-17 07:42:09,640 [cbde3520-0cea-4357-bb04-1a0ae64b2bb1@group-7EB39FB5DF22-LeaderElection285] INFO  impl.LeaderElection (LeaderElection.java:askForVotes(178)) - cbde3520-0cea-4357-bb04-1a0ae64b2bb1@group-7EB39FB5DF22-LeaderElection285: begin an election at term 306 for -1: [40d2d32e-dd25-45df-8070-f9dc56ccf0a7:192.168.34.62:41633, cbde3520-0cea-4357-bb04-1a0ae64b2bb1:192.168.34.62:41642, 443b071d-6096-48d6-bfe7-498b7c8032c0:192.168.34.62:46516], old=null
2019-10-17 07:42:09,642 [cbde3520-0cea-4357-bb04-1a0ae64b2bb1@group-7EB39FB5DF22-LeaderElection285] INFO  impl.LeaderElection (LeaderElection.java:logAndReturn(56)) - cbde3520-0cea-4357-bb04-1a0ae64b2bb1@group-7EB39FB5DF22-LeaderElection285: Election TIMEOUT; received 0 response(s) [] and 0 exception(s); cbde3520-0cea-4357-bb04-1a0ae64b2bb1@group-7EB39FB5DF22:t306, leader=null, voted=cbde3520-0cea-4357-bb04-1a0ae64b2bb1, raftlog=cbde3520-0cea-4357-bb04-1a0ae64b2bb1@group-7EB39FB5DF22-SegmentedRaftLog:OPENED:c-1,f-1,i0, conf=-1: [40d2d32e-dd25-45df-8070-f9dc56ccf0a7:192.168.34.62:41633, cbde3520-0cea-4357-bb04-1a0ae64b2bb1:192.168.34.62:41642, 443b071d-6096-48d6-bfe7-498b7c8032c0:192.168.34.62:46516], old=null
2019-10-17 07:42:09,642 [grpc-default-executor-1] INFO  impl.RaftServerImpl (RaftServerImpl.java:setRole(184)) - 40d2d32e-dd25-45df-8070-f9dc56ccf0a7@group-7EB39FB5DF22: changes role from  FOLLOWER to FOLLOWER at term 306 for recognizeCandidate:cbde3520-0cea-4357-bb04-1a0ae64b2bb1
2019-10-17 07:42:09,642 [grpc-default-executor-1] INFO  impl.RoleInfo (RoleInfo.java:shutdownFollowerState(121)) - 40d2d32e-dd25-45df-8070-f9dc56ccf0a7: shutdown FollowerState
2019-10-17 07:42:09,643 [grpc-default-executor-1] INFO  impl.RoleInfo (RoleInfo.java:updateAndGet(143)) - 40d2d32e-dd25-45df-8070-f9dc56ccf0a7: start FollowerState
2019-10-17 07:42:09,643 [Thread-2084] INFO  impl.FollowerState (FollowerState.java:run(117)) - 40d2d32e-dd25-45df-8070-f9dc56ccf0a7@group-7EB39FB5DF22-FollowerState was interrupted: java.lang.InterruptedException: sleep interrupted
2019-10-17 07:42:09,643 [grpc-default-executor-4] INFO  impl.RaftServerImpl (RaftServerImpl.java:setRole(184)) - 443b071d-6096-48d6-bfe7-498b7c8032c0@group-7EB39FB5DF22: changes role from  FOLLOWER to FOLLOWER at term 306 for recognizeCandidate:cbde3520-0cea-4357-bb04-1a0ae64b2bb1
2019-10-17 07:42:09,643 [grpc-default-executor-4] INFO  impl.RoleInfo (RoleInfo.java:shutdownFollowerState(121)) - 443b071d-6096-48d6-bfe7-498b7c8032c0: shutdown FollowerState
2019-10-17 07:42:09,643 [grpc-default-executor-4] INFO  impl.RoleInfo (RoleInfo.java:updateAndGet(143)) - 443b071d-6096-48d6-bfe7-498b7c8032c0: start FollowerState
2019-10-17 07:42:09,643 [Thread-2085] INFO  impl.FollowerState (FollowerState.java:run(117)) - 443b071d-6096-48d6-bfe7-498b7c8032c0@group-7EB39FB5DF22-FollowerState was interrupted: java.lang.InterruptedException: sleep interrupted
2019-10-17 07:42:09,657 [cbde3520-0cea-4357-bb04-1a0ae64b2bb1@group-7EB39FB5DF22-LeaderElection285] INFO  impl.LeaderElection (LeaderElection.java:askForVotes(178)) - cbde3520-0cea-4357-bb04-1a0ae64b2bb1@group-7EB39FB5DF22-LeaderElection285: begin an election at term 307 for -1: [40d2d32e-dd25-45df-8070-f9dc56ccf0a7:192.168.34.62:41633, cbde3520-0cea-4357-bb04-1a0ae64b2bb1:192.168.34.62:41642, 443b071d-6096-48d6-bfe7-498b7c8032c0:192.168.34.62:46516], old=null
2019-10-17 07:42:09,659 [grpc-default-executor-1] INFO  impl.RaftServerImpl (RaftServerImpl.java:setRole(184)) - 40d2d32e-dd25-45df-8070-f9dc56ccf0a7@group-7EB39FB5DF22: changes role from  FOLLOWER to FOLLOWER at term 307 for recognizeCandidate:cbde3520-0cea-4357-bb04-1a0ae64b2bb1
2019-10-17 07:42:09,659 [grpc-default-executor-1] INFO  impl.RoleInfo (RoleInfo.java:shutdownFollowerState(121)) - 40d2d32e-dd25-45df-8070-f9dc56ccf0a7: shutdown FollowerState
2019-10-17 07:42:09,659 [grpc-default-executor-4] INFO  impl.RaftServerImpl (RaftServerImpl.java:setRole(184)) - 443b071d-6096-48d6-bfe7-498b7c8032c0@group-7EB39FB5DF22: changes role from  FOLLOWER to FOLLOWER at term 307 for recognizeCandidate:cbde3520-0cea-4357-bb04-1a0ae64b2bb1
2019-10-17 07:42:09,660 [Thread-2090] INFO  impl.FollowerState (FollowerState.java:run(117)) - 40d2d32e-dd25-45df-8070-f9dc56ccf0a7@group-7EB39FB5DF22-FollowerState was interrupted: java.lang.InterruptedException: sleep interrupted
2019-10-17 07:42:09,660 [grpc-default-executor-1] INFO  impl.RoleInfo (RoleInfo.java:updateAndGet(143)) - 40d2d32e-dd25-45df-8070-f9dc56ccf0a7: start FollowerState
2019-10-17 07:42:09,660 [grpc-default-executor-4] INFO  impl.RoleInfo (RoleInfo.java:shutdownFollowerState(121)) - 443b071d-6096-48d6-bfe7-498b7c8032c0: shutdown FollowerState
2019-10-17 07:42:09,660 [grpc-default-executor-4] INFO  impl.RoleInfo (RoleInfo.java:updateAndGet(143)) - 443b071d-6096-48d6-bfe7-498b7c8032c0: start FollowerState
2019-10-17 07:42:09,660 [Thread-2091] INFO  impl.FollowerState (FollowerState.java:run(117)) - 443b071d-6096-48d6-bfe7-498b7c8032c0@group-7EB39FB5DF22-FollowerState was interrupted: java.lang.InterruptedException: sleep interrupted
2019-10-17 07:42:09,674 [cbde3520-0cea-4357-bb04-1a0ae64b2bb1@group-7EB39FB5DF22-LeaderElection285] INFO  impl.LeaderElection (LeaderElection.java:logAndReturn(56)) - cbde3520-0cea-4357-bb04-1a0ae64b2bb1@group-7EB39FB5DF22-LeaderElection285: Election REJECTED; received 2 response(s) [cbde3520-0cea-4357-bb04-1a0ae64b2bb1<-40d2d32e-dd25-45df-8070-f9dc56ccf0a7#0:FAIL-t307, cbde3520-0cea-4357-bb04-1a0ae64b2bb1<-443b071d-6096-48d6-bfe7-498b7c8032c0#0:FAIL-t307] and 0 exception(s); cbde3520-0cea-4357-bb04-1a0ae64b2bb1@group-7EB39FB5DF22:t307, leader=null, voted=cbde3520-0cea-4357-bb04-1a0ae64b2bb1, raftlog=cbde3520-0cea-4357-bb04-1a0ae64b2bb1@group-7EB39FB5DF22-SegmentedRaftLog:OPENED:c-1,f-1,i0, conf=-1: [40d2d32e-dd25-45df-8070-f9dc56ccf0a7:192.168.34.62:41633, cbde3520-0cea-4357-bb04-1a0ae64b2bb1:192.168.34.62:41642, 443b071d-6096-48d6-bfe7-498b7c8032c0:192.168.34.62:46516], old=null
2019-10-17 07:42:09,674 [cbde3520-0cea-4357-bb04-1a0ae64b2bb1@group-7EB39FB5DF22-LeaderElection285] INFO  impl.RaftServerImpl (RaftServerImpl.java:setRole(184)) - cbde3520-0cea-4357-bb04-1a0ae64b2bb1@group-7EB39FB5DF22: changes role from CANDIDATE to FOLLOWER at term 307 for DISCOVERED_A_NEW_TERM
2019-10-17 07:42:09,674 [cbde3520-0cea-4357-bb04-1a0ae64b2bb1@group-7EB39FB5DF22-LeaderElection285] INFO  impl.RoleInfo (RoleInfo.java:shutdownLeaderElection(134)) - cbde3520-0cea-4357-bb04-1a0ae64b2bb1: shutdown LeaderElection
2019-10-17 07:42:09,674 [cbde3520-0cea-4357-bb04-1a0ae64b2bb1@group-7EB39FB5DF22-LeaderElection285] INFO  impl.RoleInfo (RoleInfo.java:updateAndGet(143)) - cbde3520-0cea-4357-bb04-1a0ae64b2bb1: start FollowerState
2019-10-17 07:42:09,679 [Thread-2096] INFO  impl.FollowerState (FollowerState.java:run(108)) - cbde3520-0cea-4357-bb04-1a0ae64b2bb1@group-7EB39FB5DF22-FollowerState: change to CANDIDATE, lastRpcTime:4ms, electionTimeout:4ms
2019-10-17 07:42:09,679 [Thread-2096] INFO  impl.RoleInfo (RoleInfo.java:shutdownFollowerState(121)) - cbde3520-0cea-4357-bb04-1a0ae64b2bb1: shutdown FollowerState
2019-10-17 07:42:09,679 [Thread-2096] INFO  impl.RaftServerImpl (RaftServerImpl.java:setRole(184)) - cbde3520-0cea-4357-bb04-1a0ae64b2bb1@group-7EB39FB5DF22: changes role from  FOLLOWER to CANDIDATE at term 307 for changeToCandidate
2019-10-17 07:42:09,679 [Thread-2096] INFO  impl.RoleInfo (RoleInfo.java:updateAndGet(143)) - cbde3520-0cea-4357-bb04-1a0ae64b2bb1: start LeaderElection
2019-10-17 07:42:09,702 [cbde3520-0cea-4357-bb04-1a0ae64b2bb1@group-7EB39FB5DF22-LeaderElection286] INFO  impl.LeaderElection (LeaderElection.java:askForVotes(178)) - cbde3520-0cea-4357-bb04-1a0ae64b2bb1@group-7EB39FB5DF22-LeaderElection286: begin an election at term 308 for -1: [40d2d32e-dd25-45df-8070-f9dc56ccf0a7:192.168.34.62:41633, cbde3520-0cea-4357-bb04-1a0ae64b2bb1:192.168.34.62:41642, 443b071d-6096-48d6-bfe7-498b7c8032c0:192.168.34.62:46516], old=null
2019-10-17 07:42:09,704 [grpc-default-executor-4] INFO  impl.RaftServerImpl (RaftServerImpl.java:setRole(184)) - 40d2d32e-dd25-45df-8070-f9dc56ccf0a7@group-7EB39FB5DF22: changes role from  FOLLOWER to FOLLOWER at term 308 for recognizeCandidate:cbde3520-0cea-4357-bb04-1a0ae64b2bb1
2019-10-17 07:42:09,705 [grpc-default-executor-4] INFO  impl.RoleInfo (RoleInfo.java:shutdownFollowerState(121)) - 40d2d32e-dd25-45df-8070-f9dc56ccf0a7: shutdown FollowerState
2019-10-17 07:42:09,705 [grpc-default-executor-1] INFO  impl.RaftServerImpl (RaftServerImpl.java:setRole(184)) - 443b071d-6096-48d6-bfe7-498b7c8032c0@group-7EB39FB5DF22: changes role from  FOLLOWER to FOLLOWER at term 308 for recognizeCandidate:cbde3520-0cea-4357-bb04-1a0ae64b2bb1
2019-10-17 07:42:09,705 [Thread-2094] INFO  impl.FollowerState (FollowerState.java:run(117)) - 40d2d32e-dd25-45df-8070-f9dc56ccf0a7@group-7EB39FB5DF22-FollowerState was interrupted: java.lang.InterruptedException: sleep interrupted
2019-10-17 07:42:09,705 [grpc-default-executor-4] INFO  impl.RoleInfo (RoleInfo.java:updateAndGet(143)) - 40d2d32e-dd25-45df-8070-f9dc56ccf0a7: start FollowerState
2019-10-17 07:42:09,705 [grpc-default-executor-1] INFO  impl.RoleInfo (RoleInfo.java:shutdownFollowerState(121)) - 443b071d-6096-48d6-bfe7-498b7c8032c0: shutdown FollowerState
2019-10-17 07:42:09,706 [grpc-default-executor-1] INFO  impl.RoleInfo (RoleInfo.java:updateAndGet(143)) - 443b071d-6096-48d6-bfe7-498b7c8032c0: start FollowerState
2019-10-17 07:42:09,706 [Thread-2095] INFO  impl.FollowerState (FollowerState.java:run(117)) - 443b071d-6096-48d6-bfe7-498b7c8032c0@group-7EB39FB5DF22-FollowerState was interrupted: java.lang.InterruptedException: sleep interrupted
2019-10-17 07:42:09,720 [cbde3520-0cea-4357-bb04-1a0ae64b2bb1@group-7EB39FB5DF22-LeaderElection286] INFO  impl.LeaderElection (LeaderElection.java:logAndReturn(56)) - cbde3520-0cea-4357-bb04-1a0ae64b2bb1@group-7EB39FB5DF22-LeaderElection286: Election REJECTED; received 2 response(s) [cbde3520-0cea-4357-bb04-1a0ae64b2bb1<-40d2d32e-dd25-45df-8070-f9dc56ccf0a7#0:FAIL-t308, cbde3520-0cea-4357-bb04-1a0ae64b2bb1<-443b071d-6096-48d6-bfe7-498b7c8032c0#0:FAIL-t308] and 0 exception(s); cbde3520-0cea-4357-bb04-1a0ae64b2bb1@group-7EB39FB5DF22:t308, leader=null, voted=cbde3520-0cea-4357-bb04-1a0ae64b2bb1, raftlog=cbde3520-0cea-4357-bb04-1a0ae64b2bb1@group-7EB39FB5DF22-SegmentedRaftLog:OPENED:c-1,f-1,i0, conf=-1: [40d2d32e-dd25-45df-8070-f9dc56ccf0a7:192.168.34.62:41633, cbde3520-0cea-4357-bb04-1a0ae64b2bb1:192.168.34.62:41642, 443b071d-6096-48d6-bfe7-498b7c8032c0:192.168.34.62:46516], old=null
2019-10-17 07:42:09,720 [cbde3520-0cea-4357-bb04-1a0ae64b2bb1@group-7EB39FB5DF22-LeaderElection286] INFO  impl.RaftServerImpl (RaftServerImpl.java:setRole(184)) - cbde3520-0cea-4357-bb04-1a0ae64b2bb1@group-7EB39FB5DF22: changes role from CANDIDATE to FOLLOWER at term 308 for DISCOVERED_A_NEW_TERM
2019-10-17 07:42:09,720 [cbde3520-0cea-4357-bb04-1a0ae64b2bb1@group-7EB39FB5DF22-LeaderElection286] INFO  impl.RoleInfo (RoleInfo.java:shutdownLeaderElection(134)) - cbde3520-0cea-4357-bb04-1a0ae64b2bb1: shutdown LeaderElection
2019-10-17 07:42:09,720 [cbde3520-0cea-4357-bb04-1a0ae64b2bb1@group-7EB39FB5DF22-LeaderElection286] INFO  impl.RoleInfo (RoleInfo.java:updateAndGet(143)) - cbde3520-0cea-4357-bb04-1a0ae64b2bb1: start FollowerState
2019-10-17 07:42:09,840 [Thread-2102] INFO  impl.FollowerState (FollowerState.java:run(108)) - cbde3520-0cea-4357-bb04-1a0ae64b2bb1@group-7EB39FB5DF22-FollowerState: change to CANDIDATE, lastRpcTime:120ms, electionTimeout:120ms
2019-10-17 07:42:09,841 [Thread-2102] INFO  impl.RoleInfo (RoleInfo.java:shutdownFollowerState(121)) - cbde3520-0cea-4357-bb04-1a0ae64b2bb1: shutdown FollowerState
2019-10-17 07:42:09,841 [Thread-2102] INFO  impl.RaftServerImpl (RaftServerImpl.java:setRole(184)) - cbde3520-0cea-4357-bb04-1a0ae64b2bb1@group-7EB39FB5DF22: changes role from  FOLLOWER to CANDIDATE at term 308 for changeToCandidate
2019-10-17 07:42:09,841 [Thread-2102] INFO  impl.RoleInfo (RoleInfo.java:updateAndGet(143)) - cbde3520-0cea-4357-bb04-1a0ae64b2bb1: start LeaderElection
2019-10-17 07:42:09,866 [cbde3520-0cea-4357-bb04-1a0ae64b2bb1@group-7EB39FB5DF22-LeaderElection287] INFO  impl.LeaderElection (LeaderElection.java:askForVotes(178)) - cbde3520-0cea-4357-bb04-1a0ae64b2bb1@group-7EB39FB5DF22-LeaderElection287: begin an election at term 309 for -1: [40d2d32e-dd25-45df-8070-f9dc56ccf0a7:192.168.34.62:41633, cbde3520-0cea-4357-bb04-1a0ae64b2bb1:192.168.34.62:41642, 443b071d-6096-48d6-bfe7-498b7c8032c0:192.168.34.62:46516], old=null
2019-10-17 07:42:09,868 [grpc-default-executor-4] INFO  impl.RaftServerImpl (RaftServerImpl.java:setRole(184)) - 40d2d32e-dd25-45df-8070-f9dc56ccf0a7@group-7EB39FB5DF22: changes role from  FOLLOWER to FOLLOWER at term 309 for recognizeCandidate:cbde3520-0cea-4357-bb04-1a0ae64b2bb1
2019-10-17 07:42:09,868 [grpc-default-executor-4] INFO  impl.RoleInfo (RoleInfo.java:shutdownFollowerState(121)) - 40d2d32e-dd25-45df-8070-f9dc56ccf0a7: shutdown FollowerState
2019-10-17 07:42:09,868 [grpc-default-executor-4] INFO  impl.RoleInfo (RoleInfo.java:updateAndGet(143)) - 40d2d32e-dd25-45df-8070-f9dc56ccf0a7: start FollowerState
2019-10-17 07:42:09,869 [Thread-2100] INFO  impl.FollowerState (FollowerState.java:run(117)) - 40d2d32e-dd25-45df-8070-f9dc56ccf0a7@group-7EB39FB5DF22-FollowerState was interrupted: java.lang.InterruptedException: sleep interrupted
2019-10-17 07:42:09,869 [grpc-default-executor-1] INFO  impl.RaftServerImpl (RaftServerImpl.java:setRole(184)) - 443b071d-6096-48d6-bfe7-498b7c8032c0@group-7EB39FB5DF22: changes role from  FOLLOWER to FOLLOWER at term 309 for recognizeCandidate:cbde3520-0cea-4357-bb04-1a0ae64b2bb1
2019-10-17 07:42:09,869 [grpc-default-executor-1] INFO  impl.RoleInfo (RoleInfo.java:shutdownFollowerState(121)) - 443b071d-6096-48d6-bfe7-498b7c8032c0: shutdown FollowerState
2019-10-17 07:42:09,869 [grpc-default-executor-1] INFO  impl.RoleInfo (RoleInfo.java:updateAndGet(143)) - 443b071d-6096-48d6-bfe7-498b7c8032c0: start FollowerState
2019-10-17 07:42:09,869 [Thread-2101] INFO  impl.FollowerState (FollowerState.java:run(117)) - 443b071d-6096-48d6-bfe7-498b7c8032c0@group-7EB39FB5DF22-FollowerState was interrupted: java.lang.InterruptedException: sleep interrupted
2019-10-17 07:42:09,903 [cbde3520-0cea-4357-bb04-1a0ae64b2bb1@group-7EB39FB5DF22-LeaderElection287] INFO  impl.LeaderElection (LeaderElection.java:logAndReturn(56)) - cbde3520-0cea-4357-bb04-1a0ae64b2bb1@group-7EB39FB5DF22-LeaderElection287: Election REJECTED; received 2 response(s) [cbde3520-0cea-4357-bb04-1a0ae64b2bb1<-40d2d32e-dd25-45df-8070-f9dc56ccf0a7#0:FAIL-t309, cbde3520-0cea-4357-bb04-1a0ae64b2bb1<-443b071d-6096-48d6-bfe7-498b7c8032c0#0:FAIL-t309] and 0 exception(s); cbde3520-0cea-4357-bb04-1a0ae64b2bb1@group-7EB39FB5DF22:t309, leader=null, voted=cbde3520-0cea-4357-bb04-1a0ae64b2bb1, raftlog=cbde3520-0cea-4357-bb04-1a0ae64b2bb1@group-7EB39FB5DF22-SegmentedRaftLog:OPENED:c-1,f-1,i0, conf=-1: [40d2d32e-dd25-45df-8070-f9dc56ccf0a7:192.168.34.62:41633, cbde3520-0cea-4357-bb04-1a0ae64b2bb1:192.168.34.62:41642, 443b071d-6096-48d6-bfe7-498b7c8032c0:192.168.34.62:46516], old=null
2019-10-17 07:42:09,903 [cbde3520-0cea-4357-bb04-1a0ae64b2bb1@group-7EB39FB5DF22-LeaderElection287] INFO  impl.RaftServerImpl (RaftServerImpl.java:setRole(184)) - cbde3520-0cea-4357-bb04-1a0ae64b2bb1@group-7EB39FB5DF22: changes role from CANDIDATE to FOLLOWER at term 309 for DISCOVERED_A_NEW_TERM
2019-10-17 07:42:09,903 [cbde3520-0cea-4357-bb04-1a0ae64b2bb1@group-7EB39FB5DF22-LeaderElection287] INFO  impl.RoleInfo (RoleInfo.java:shutdownLeaderElection(134)) - cbde3520-0cea-4357-bb04-1a0ae64b2bb1: shutdown LeaderElection
2019-10-17 07:42:09,903 [cbde3520-0cea-4357-bb04-1a0ae64b2bb1@group-7EB39FB5DF22-LeaderElection287] INFO  impl.RoleInfo (RoleInfo.java:updateAndGet(143)) - cbde3520-0cea-4357-bb04-1a0ae64b2bb1: start FollowerState
2019-10-17 07:42:10,087 [Thread-2108] INFO  impl.FollowerState (FollowerState.java:run(108)) - cbde3520-0cea-4357-bb04-1a0ae64b2bb1@group-7EB39FB5DF22-FollowerState: change to CANDIDATE, lastRpcTime:183ms, electionTimeout:183ms
2019-10-17 07:42:10,087 [Thread-2108] INFO  impl.RoleInfo (RoleInfo.java:shutdownFollowerState(121)) - cbde3520-0cea-4357-bb04-1a0ae64b2bb1: shutdown FollowerState
2019-10-17 07:42:10,087 [Thread-2108] INFO  impl.RaftServerImpl (RaftServerImpl.java:setRole(184)) - cbde3520-0cea-4357-bb04-1a0ae64b2bb1@group-7EB39FB5DF22: changes role from  FOLLOWER to CANDIDATE at term 309 for changeToCandidate
2019-10-17 07:42:10,087 [Thread-2108] INFO  impl.RoleInfo (RoleInfo.java:updateAndGet(143)) - cbde3520-0cea-4357-bb04-1a0ae64b2bb1: start LeaderElection
2019-10-17 07:42:10,111 [cbde3520-0cea-4357-bb04-1a0ae64b2bb1@group-7EB39FB5DF22-LeaderElection288] INFO  impl.LeaderElection (LeaderElection.java:askForVotes(178)) - cbde3520-0cea-4357-bb04-1a0ae64b2bb1@group-7EB39FB5DF22-LeaderElection288: begin an election at term 310 for -1: [40d2d32e-dd25-45df-8070-f9dc56ccf0a7:192.168.34.62:41633, cbde3520-0cea-4357-bb04-1a0ae64b2bb1:192.168.34.62:41642, 443b071d-6096-48d6-bfe7-498b7c8032c0:192.168.34.62:46516], old=null
2019-10-17 07:42:10,114 [grpc-default-executor-1] INFO  impl.RaftServerImpl (RaftServerImpl.java:setRole(184)) - 40d2d32e-dd25-45df-8070-f9dc56ccf0a7@group-7EB39FB5DF22: changes role from  FOLLOWER to FOLLOWER at term 310 for recognizeCandidate:cbde3520-0cea-4357-bb04-1a0ae64b2bb1
2019-10-17 07:42:10,114 [grpc-default-executor-1] INFO  impl.RoleInfo (RoleInfo.java:shutdownFollowerState(121)) - 40d2d32e-dd25-45df-8070-f9dc56ccf0a7: shutdown FollowerState
2019-10-17 07:42:10,114 [grpc-default-executor-4] INFO  impl.RaftServerImpl (RaftServerImpl.java:setRole(184)) - 443b071d-6096-48d6-bfe7-498b7c8032c0@group-7EB39FB5DF22: changes role from  FOLLOWER to FOLLOWER at term 310 for recognizeCandidate:cbde3520-0cea-4357-bb04-1a0ae64b2bb1
2019-10-17 07:42:10,114 [grpc-default-executor-4] INFO  impl.RoleInfo (RoleInfo.java:shutdownFollowerState(121)) - 443b071d-6096-48d6-bfe7-498b7c8032c0: shutdown FollowerState
2019-10-17 07:42:10,114 [Thread-2106] INFO  impl.FollowerState (FollowerState.java:run(117)) - 40d2d32e-dd25-45df-8070-f9dc56ccf0a7@group-7EB39FB5DF22-FollowerState was interrupted: java.lang.InterruptedException: sleep interrupted
2019-10-17 07:42:10,114 [grpc-default-executor-1] INFO  impl.RoleInfo (RoleInfo.java:updateAndGet(143)) - 40d2d32e-dd25-45df-8070-f9dc56ccf0a7: start FollowerState
2019-10-17 07:42:10,115 [Thread-2107] INFO  impl.FollowerState (FollowerState.java:run(117)) - 443b071d-6096-48d6-bfe7-498b7c8032c0@group-7EB39FB5DF22-FollowerState was interrupted: java.lang.InterruptedException: sleep interrupted
2019-10-17 07:42:10,115 [grpc-default-executor-4] INFO  impl.RoleInfo (RoleInfo.java:updateAndGet(143)) - 443b071d-6096-48d6-bfe7-498b7c8032c0: start FollowerState
2019-10-17 07:42:10,137 [cbde3520-0cea-4357-bb04-1a0ae64b2bb1@group-7EB39FB5DF22-LeaderElection288] INFO  impl.LeaderElection (LeaderElection.java:logAndReturn(56)) - cbde3520-0cea-4357-bb04-1a0ae64b2bb1@group-7EB39FB5DF22-LeaderElection288: Election REJECTED; received 2 response(s) [cbde3520-0cea-4357-bb04-1a0ae64b2bb1<-40d2d32e-dd25-45df-8070-f9dc56ccf0a7#0:FAIL-t310, cbde3520-0cea-4357-bb04-1a0ae64b2bb1<-443b071d-6096-48d6-bfe7-498b7c8032c0#0:FAIL-t310] and 0 exception(s); cbde3520-0cea-4357-bb04-1a0ae64b2bb1@group-7EB39FB5DF22:t310, leader=null, voted=cbde3520-0cea-4357-bb04-1a0ae64b2bb1, raftlog=cbde3520-0cea-4357-bb04-1a0ae64b2bb1@group-7EB39FB5DF22-SegmentedRaftLog:OPENED:c-1,f-1,i0, conf=-1: [40d2d32e-dd25-45df-8070-f9dc56ccf0a7:192.168.34.62:41633, cbde3520-0cea-4357-bb04-1a0ae64b2bb1:192.168.34.62:41642, 443b071d-6096-48d6-bfe7-498b7c8032c0:192.168.34.62:46516], old=null
2019-10-17 07:42:10,137 [cbde3520-0cea-4357-bb04-1a0ae64b2bb1@group-7EB39FB5DF22-LeaderElection288] INFO  impl.RaftServerImpl (RaftServerImpl.java:setRole(184)) - cbde3520-0cea-4357-bb04-1a0ae64b2bb1@group-7EB39FB5DF22: changes role from CANDIDATE to FOLLOWER at term 310 for DISCOVERED_A_NEW_TERM
2019-10-17 07:42:10,137 [cbde3520-0cea-4357-bb04-1a0ae64b2bb1@group-7EB39FB5DF22-LeaderElection288] INFO  impl.RoleInfo (RoleInfo.java:shutdownLeaderElection(134)) - cbde3520-0cea-4357-bb04-1a0ae64b2bb1: shutdown LeaderElection
2019-10-17 07:42:10,137 [cbde3520-0cea-4357-bb04-1a0ae64b2bb1@group-7EB39FB5DF22-LeaderElection288] INFO  impl.RoleInfo (RoleInfo.java:updateAndGet(143)) - cbde3520-0cea-4357-bb04-1a0ae64b2bb1: start FollowerState
2019-10-17 07:42:10,222 [main] INFO  ozone.MiniOzoneClusterImpl (MiniOzoneClusterImpl.java:lambda$waitForClusterToBeReady$2(164)) - Waiting for 1 number of pipelines out of 5, to report a leader.
2019-10-17 07:42:10,309 [Thread-2114] INFO  impl.FollowerState (FollowerState.java:run(108)) - cbde3520-0cea-4357-bb04-1a0ae64b2bb1@group-7EB39FB5DF22-FollowerState: change to CANDIDATE, lastRpcTime:172ms, electionTimeout:172ms
2019-10-17 07:42:10,310 [Thread-2114] INFO  impl.RoleInfo (RoleInfo.java:shutdownFollowerState(121)) - cbde3520-0cea-4357-bb04-1a0ae64b2bb1: shutdown FollowerState
2019-10-17 07:42:10,310 [Thread-2114] INFO  impl.RaftServerImpl (RaftServerImpl.java:setRole(184)) - cbde3520-0cea-4357-bb04-1a0ae64b2bb1@group-7EB39FB5DF22: changes role from  FOLLOWER to CANDIDATE at term 310 for changeToCandidate
2019-10-17 07:42:10,310 [Thread-2114] INFO  impl.RoleInfo (RoleInfo.java:updateAndGet(143)) - cbde3520-0cea-4357-bb04-1a0ae64b2bb1: start LeaderElection
2019-10-17 07:42:10,334 [cbde3520-0cea-4357-bb04-1a0ae64b2bb1@group-7EB39FB5DF22-LeaderElection289] INFO  impl.LeaderElection (LeaderElection.java:askForVotes(178)) - cbde3520-0cea-4357-bb04-1a0ae64b2bb1@group-7EB39FB5DF22-LeaderElection289: begin an election at term 311 for -1: [40d2d32e-dd25-45df-8070-f9dc56ccf0a7:192.168.34.62:41633, cbde3520-0cea-4357-bb04-1a0ae64b2bb1:192.168.34.62:41642, 443b071d-6096-48d6-bfe7-498b7c8032c0:192.168.34.62:46516], old=null
2019-10-17 07:42:10,336 [grpc-default-executor-1] INFO  impl.RaftServerImpl (RaftServerImpl.java:setRole(184)) - 40d2d32e-dd25-45df-8070-f9dc56ccf0a7@group-7EB39FB5DF22: changes role from  FOLLOWER to FOLLOWER at term 311 for recognizeCandidate:cbde3520-0cea-4357-bb04-1a0ae64b2bb1
2019-10-17 07:42:10,336 [grpc-default-executor-1] INFO  impl.RoleInfo (RoleInfo.java:shutdownFollowerState(121)) - 40d2d32e-dd25-45df-8070-f9dc56ccf0a7: shutdown FollowerState
2019-10-17 07:42:10,336 [grpc-default-executor-4] INFO  impl.RaftServerImpl (RaftServerImpl.java:setRole(184)) - 443b071d-6096-48d6-bfe7-498b7c8032c0@group-7EB39FB5DF22: changes role from  FOLLOWER to FOLLOWER at term 311 for recognizeCandidate:cbde3520-0cea-4357-bb04-1a0ae64b2bb1
2019-10-17 07:42:10,337 [grpc-default-executor-4] INFO  impl.RoleInfo (RoleInfo.java:shutdownFollowerState(121)) - 443b071d-6096-48d6-bfe7-498b7c8032c0: shutdown FollowerState
2019-10-17 07:42:10,337 [Thread-2112] INFO  impl.FollowerState (FollowerState.java:run(117)) - 40d2d32e-dd25-45df-8070-f9dc56ccf0a7@group-7EB39FB5DF22-FollowerState was interrupted: java.lang.InterruptedException: sleep interrupted
2019-10-17 07:42:10,337 [grpc-default-executor-1] INFO  impl.RoleInfo (RoleInfo.java:updateAndGet(143)) - 40d2d32e-dd25-45df-8070-f9dc56ccf0a7: start FollowerState
2019-10-17 07:42:10,337 [Thread-2113] INFO  impl.FollowerState (FollowerState.java:run(117)) - 443b071d-6096-48d6-bfe7-498b7c8032c0@group-7EB39FB5DF22-FollowerState was interrupted: java.lang.InterruptedException: sleep interrupted
2019-10-17 07:42:10,337 [grpc-default-executor-4] INFO  impl.RoleInfo (RoleInfo.java:updateAndGet(143)) - 443b071d-6096-48d6-bfe7-498b7c8032c0: start FollowerState
2019-10-17 07:42:10,351 [cbde3520-0cea-4357-bb04-1a0ae64b2bb1@group-7EB39FB5DF22-LeaderElection289] INFO  impl.LeaderElection (LeaderElection.java:logAndReturn(56)) - cbde3520-0cea-4357-bb04-1a0ae64b2bb1@group-7EB39FB5DF22-LeaderElection289: Election REJECTED; received 2 response(s) [cbde3520-0cea-4357-bb04-1a0ae64b2bb1<-40d2d32e-dd25-45df-8070-f9dc56ccf0a7#0:FAIL-t311, cbde3520-0cea-4357-bb04-1a0ae64b2bb1<-443b071d-6096-48d6-bfe7-498b7c8032c0#0:FAIL-t311] and 0 exception(s); cbde3520-0cea-4357-bb04-1a0ae64b2bb1@group-7EB39FB5DF22:t311, leader=null, voted=cbde3520-0cea-4357-bb04-1a0ae64b2bb1, raftlog=cbde3520-0cea-4357-bb04-1a0ae64b2bb1@group-7EB39FB5DF22-SegmentedRaftLog:OPENED:c-1,f-1,i0, conf=-1: [40d2d32e-dd25-45df-8070-f9dc56ccf0a7:192.168.34.62:41633, cbde3520-0cea-4357-bb04-1a0ae64b2bb1:192.168.34.62:41642, 443b071d-6096-48d6-bfe7-498b7c8032c0:192.168.34.62:46516], old=null
2019-10-17 07:42:10,351 [cbde3520-0cea-4357-bb04-1a0ae64b2bb1@group-7EB39FB5DF22-LeaderElection289] INFO  impl.RaftServerImpl (RaftServerImpl.java:setRole(184)) - cbde3520-0cea-4357-bb04-1a0ae64b2bb1@group-7EB39FB5DF22: changes role from CANDIDATE to FOLLOWER at term 311 for DISCOVERED_A_NEW_TERM
2019-10-17 07:42:10,351 [cbde3520-0cea-4357-bb04-1a0ae64b2bb1@group-7EB39FB5DF22-LeaderElection289] INFO  impl.RoleInfo (RoleInfo.java:shutdownLeaderElection(134)) - cbde3520-0cea-4357-bb04-1a0ae64b2bb1: shutdown LeaderElection
2019-10-17 07:42:10,352 [cbde3520-0cea-4357-bb04-1a0ae64b2bb1@group-7EB39FB5DF22-LeaderElection289] INFO  impl.RoleInfo (RoleInfo.java:updateAndGet(143)) - cbde3520-0cea-4357-bb04-1a0ae64b2bb1: start FollowerState
2019-10-17 07:42:10,513 [Thread-2120] INFO  impl.FollowerState (FollowerState.java:run(108)) - cbde3520-0cea-4357-bb04-1a0ae64b2bb1@group-7EB39FB5DF22-FollowerState: change to CANDIDATE, lastRpcTime:161ms, electionTimeout:161ms
2019-10-17 07:42:10,513 [Thread-2120] INFO  impl.RoleInfo (RoleInfo.java:shutdownFollowerState(121)) - cbde3520-0cea-4357-bb04-1a0ae64b2bb1: shutdown FollowerState
2019-10-17 07:42:10,513 [Thread-2120] INFO  impl.RaftServerImpl (RaftServerImpl.java:setRole(184)) - cbde3520-0cea-4357-bb04-1a0ae64b2bb1@group-7EB39FB5DF22: changes role from  FOLLOWER to CANDIDATE at term 311 for changeToCandidate
2019-10-17 07:42:10,514 [Thread-2120] INFO  impl.RoleInfo (RoleInfo.java:updateAndGet(143)) - cbde3520-0cea-4357-bb04-1a0ae64b2bb1: start LeaderElection
2019-10-17 07:42:10,551 [cbde3520-0cea-4357-bb04-1a0ae64b2bb1@group-7EB39FB5DF22-LeaderElection290] INFO  impl.LeaderElection (LeaderElection.java:askForVotes(178)) - cbde3520-0cea-4357-bb04-1a0ae64b2bb1@group-7EB39FB5DF22-LeaderElection290: begin an election at term 312 for -1: [40d2d32e-dd25-45df-8070-f9dc56ccf0a7:192.168.34.62:41633, cbde3520-0cea-4357-bb04-1a0ae64b2bb1:192.168.34.62:41642, 443b071d-6096-48d6-bfe7-498b7c8032c0:192.168.34.62:46516], old=null
2019-10-17 07:42:10,554 [grpc-default-executor-1] INFO  impl.RaftServerImpl (RaftServerImpl.java:setRole(184)) - 40d2d32e-dd25-45df-8070-f9dc56ccf0a7@group-7EB39FB5DF22: changes role from  FOLLOWER to FOLLOWER at term 312 for recognizeCandidate:cbde3520-0cea-4357-bb04-1a0ae64b2bb1
2019-10-17 07:42:10,554 [grpc-default-executor-1] INFO  impl.RoleInfo (RoleInfo.java:shutdownFollowerState(121)) - 40d2d32e-dd25-45df-8070-f9dc56ccf0a7: shutdown FollowerState
2019-10-17 07:42:10,554 [grpc-default-executor-4] INFO  impl.RaftServerImpl (RaftServerImpl.java:setRole(184)) - 443b071d-6096-48d6-bfe7-498b7c8032c0@group-7EB39FB5DF22: changes role from  FOLLOWER to FOLLOWER at term 312 for recognizeCandidate:cbde3520-0cea-4357-bb04-1a0ae64b2bb1
2019-10-17 07:42:10,554 [Thread-2118] INFO  impl.FollowerState (FollowerState.java:run(117)) - 40d2d32e-dd25-45df-8070-f9dc56ccf0a7@group-7EB39FB5DF22-FollowerState was interrupted: java.lang.InterruptedException: sleep interrupted
2019-10-17 07:42:10,554 [grpc-default-executor-1] INFO  impl.RoleInfo (RoleInfo.java:updateAndGet(143)) - 40d2d32e-dd25-45df-8070-f9dc56ccf0a7: start FollowerState
2019-10-17 07:42:10,554 [grpc-default-executor-4] INFO  impl.RoleInfo (RoleInfo.java:shutdownFollowerState(121)) - 443b071d-6096-48d6-bfe7-498b7c8032c0: shutdown FollowerState
2019-10-17 07:42:10,555 [grpc-default-executor-4] INFO  impl.RoleInfo (RoleInfo.java:updateAndGet(143)) - 443b071d-6096-48d6-bfe7-498b7c8032c0: start FollowerState
2019-10-17 07:42:10,555 [Thread-2119] INFO  impl.FollowerState (FollowerState.java:run(117)) - 443b071d-6096-48d6-bfe7-498b7c8032c0@group-7EB39FB5DF22-FollowerState was interrupted: java.lang.InterruptedException: sleep interrupted
2019-10-17 07:42:10,579 [cbde3520-0cea-4357-bb04-1a0ae64b2bb1@group-7EB39FB5DF22-LeaderElection290] INFO  impl.LeaderElection (LeaderElection.java:logAndReturn(56)) - cbde3520-0cea-4357-bb04-1a0ae64b2bb1@group-7EB39FB5DF22-LeaderElection290: Election REJECTED; received 2 response(s) [cbde3520-0cea-4357-bb04-1a0ae64b2bb1<-40d2d32e-dd25-45df-8070-f9dc56ccf0a7#0:FAIL-t312, cbde3520-0cea-4357-bb04-1a0ae64b2bb1<-443b071d-6096-48d6-bfe7-498b7c8032c0#0:FAIL-t312] and 0 exception(s); cbde3520-0cea-4357-bb04-1a0ae64b2bb1@group-7EB39FB5DF22:t312, leader=null, voted=cbde3520-0cea-4357-bb04-1a0ae64b2bb1, raftlog=cbde3520-0cea-4357-bb04-1a0ae64b2bb1@group-7EB39FB5DF22-SegmentedRaftLog:OPENED:c-1,f-1,i0, conf=-1: [40d2d32e-dd25-45df-8070-f9dc56ccf0a7:192.168.34.62:41633, cbde3520-0cea-4357-bb04-1a0ae64b2bb1:192.168.34.62:41642, 443b071d-6096-48d6-bfe7-498b7c8032c0:192.168.34.62:46516], old=null
2019-10-17 07:42:10,579 [cbde3520-0cea-4357-bb04-1a0ae64b2bb1@group-7EB39FB5DF22-LeaderElection290] INFO  impl.RaftServerImpl (RaftServerImpl.java:setRole(184)) - cbde3520-0cea-4357-bb04-1a0ae64b2bb1@group-7EB39FB5DF22: changes role from CANDIDATE to FOLLOWER at term 312 for DISCOVERED_A_NEW_TERM
2019-10-17 07:42:10,580 [cbde3520-0cea-4357-bb04-1a0ae64b2bb1@group-7EB39FB5DF22-LeaderElection290] INFO  impl.RoleInfo (RoleInfo.java:shutdownLeaderElection(134)) - cbde3520-0cea-4357-bb04-1a0ae64b2bb1: shutdown LeaderElection
2019-10-17 07:42:10,580 [cbde3520-0cea-4357-bb04-1a0ae64b2bb1@group-7EB39FB5DF22-LeaderElection290] INFO  impl.RoleInfo (RoleInfo.java:updateAndGet(143)) - cbde3520-0cea-4357-bb04-1a0ae64b2bb1: start FollowerState
2019-10-17 07:42:10,678 [Thread-2126] INFO  impl.FollowerState (FollowerState.java:run(108)) - cbde3520-0cea-4357-bb04-1a0ae64b2bb1@group-7EB39FB5DF22-FollowerState: change to CANDIDATE, lastRpcTime:98ms, electionTimeout:98ms
2019-10-17 07:42:10,678 [Thread-2126] INFO  impl.RoleInfo (RoleInfo.java:shutdownFollowerState(121)) - cbde3520-0cea-4357-bb04-1a0ae64b2bb1: shutdown FollowerState
2019-10-17 07:42:10,678 [Thread-2126] INFO  impl.RaftServerImpl (RaftServerImpl.java:setRole(184)) - cbde3520-0cea-4357-bb04-1a0ae64b2bb1@group-7EB39FB5DF22: changes role from  FOLLOWER to CANDIDATE at term 312 for changeToCandidate
2019-10-17 07:42:10,679 [Thread-2126] INFO  impl.RoleInfo (RoleInfo.java:updateAndGet(143)) - cbde3520-0cea-4357-bb04-1a0ae64b2bb1: start LeaderElection
2019-10-17 07:42:10,702 [cbde3520-0cea-4357-bb04-1a0ae64b2bb1@group-7EB39FB5DF22-LeaderElection291] INFO  impl.LeaderElection (LeaderElection.java:askForVotes(178)) - cbde3520-0cea-4357-bb04-1a0ae64b2bb1@group-7EB39FB5DF22-LeaderElection291: begin an election at term 313 for -1: [40d2d32e-dd25-45df-8070-f9dc56ccf0a7:192.168.34.62:41633, cbde3520-0cea-4357-bb04-1a0ae64b2bb1:192.168.34.62:41642, 443b071d-6096-48d6-bfe7-498b7c8032c0:192.168.34.62:46516], old=null
2019-10-17 07:42:10,704 [grpc-default-executor-4] INFO  impl.RaftServerImpl (RaftServerImpl.java:setRole(184)) - 40d2d32e-dd25-45df-8070-f9dc56ccf0a7@group-7EB39FB5DF22: changes role from  FOLLOWER to FOLLOWER at term 313 for recognizeCandidate:cbde3520-0cea-4357-bb04-1a0ae64b2bb1
2019-10-17 07:42:10,704 [grpc-default-executor-4] INFO  impl.RoleInfo (RoleInfo.java:shutdownFollowerState(121)) - 40d2d32e-dd25-45df-8070-f9dc56ccf0a7: shutdown FollowerState
2019-10-17 07:42:10,705 [grpc-default-executor-4] INFO  impl.RoleInfo (RoleInfo.java:updateAndGet(143)) - 40d2d32e-dd25-45df-8070-f9dc56ccf0a7: start FollowerState
2019-10-17 07:42:10,705 [Thread-2124] INFO  impl.FollowerState (FollowerState.java:run(117)) - 40d2d32e-dd25-45df-8070-f9dc56ccf0a7@group-7EB39FB5DF22-FollowerState was interrupted: java.lang.InterruptedException: sleep interrupted
2019-10-17 07:42:10,705 [grpc-default-executor-1] INFO  impl.RaftServerImpl (RaftServerImpl.java:setRole(184)) - 443b071d-6096-48d6-bfe7-498b7c8032c0@group-7EB39FB5DF22: changes role from  FOLLOWER to FOLLOWER at term 313 for recognizeCandidate:cbde3520-0cea-4357-bb04-1a0ae64b2bb1
2019-10-17 07:42:10,705 [grpc-default-executor-1] INFO  impl.RoleInfo (RoleInfo.java:shutdownFollowerState(121)) - 443b071d-6096-48d6-bfe7-498b7c8032c0: shutdown FollowerState
2019-10-17 07:42:10,705 [grpc-default-executor-1] INFO  impl.RoleInfo (RoleInfo.java:updateAndGet(143)) - 443b071d-6096-48d6-bfe7-498b7c8032c0: start FollowerState
2019-10-17 07:42:10,705 [Thread-2125] INFO  impl.FollowerState (FollowerState.java:run(117)) - 443b071d-6096-48d6-bfe7-498b7c8032c0@group-7EB39FB5DF22-FollowerState was interrupted: java.lang.InterruptedException: sleep interrupted
2019-10-17 07:42:10,729 [cbde3520-0cea-4357-bb04-1a0ae64b2bb1@group-7EB39FB5DF22-LeaderElection291] INFO  impl.LeaderElection (LeaderElection.java:logAndReturn(56)) - cbde3520-0cea-4357-bb04-1a0ae64b2bb1@group-7EB39FB5DF22-LeaderElection291: Election REJECTED; received 2 response(s) [cbde3520-0cea-4357-bb04-1a0ae64b2bb1<-40d2d32e-dd25-45df-8070-f9dc56ccf0a7#0:FAIL-t313, cbde3520-0cea-4357-bb04-1a0ae64b2bb1<-443b071d-6096-48d6-bfe7-498b7c8032c0#0:FAIL-t313] and 0 exception(s); cbde3520-0cea-4357-bb04-1a0ae64b2bb1@group-7EB39FB5DF22:t313, leader=null, voted=cbde3520-0cea-4357-bb04-1a0ae64b2bb1, raftlog=cbde3520-0cea-4357-bb04-1a0ae64b2bb1@group-7EB39FB5DF22-SegmentedRaftLog:OPENED:c-1,f-1,i0, conf=-1: [40d2d32e-dd25-45df-8070-f9dc56ccf0a7:192.168.34.62:41633, cbde3520-0cea-4357-bb04-1a0ae64b2bb1:192.168.34.62:41642, 443b071d-6096-48d6-bfe7-498b7c8032c0:192.168.34.62:46516], old=null
2019-10-17 07:42:10,729 [cbde3520-0cea-4357-bb04-1a0ae64b2bb1@group-7EB39FB5DF22-LeaderElection291] INFO  impl.RaftServerImpl (RaftServerImpl.java:setRole(184)) - cbde3520-0cea-4357-bb04-1a0ae64b2bb1@group-7EB39FB5DF22: changes role from CANDIDATE to FOLLOWER at term 313 for DISCOVERED_A_NEW_TERM
2019-10-17 07:42:10,730 [cbde3520-0cea-4357-bb04-1a0ae64b2bb1@group-7EB39FB5DF22-LeaderElection291] INFO  impl.RoleInfo (RoleInfo.java:shutdownLeaderElection(134)) - cbde3520-0cea-4357-bb04-1a0ae64b2bb1: shutdown LeaderElection
2019-10-17 07:42:10,730 [cbde3520-0cea-4357-bb04-1a0ae64b2bb1@group-7EB39FB5DF22-LeaderElection291] INFO  impl.RoleInfo (RoleInfo.java:updateAndGet(143)) - cbde3520-0cea-4357-bb04-1a0ae64b2bb1: start FollowerState
2019-10-17 07:42:10,741 [Thread-2132] INFO  impl.FollowerState (FollowerState.java:run(108)) - cbde3520-0cea-4357-bb04-1a0ae64b2bb1@group-7EB39FB5DF22-FollowerState: change to CANDIDATE, lastRpcTime:11ms, electionTimeout:11ms
2019-10-17 07:42:10,741 [Thread-2132] INFO  impl.RoleInfo (RoleInfo.java:shutdownFollowerState(121)) - cbde3520-0cea-4357-bb04-1a0ae64b2bb1: shutdown FollowerState
2019-10-17 07:42:10,741 [Thread-2132] INFO  impl.RaftServerImpl (RaftServerImpl.java:setRole(184)) - cbde3520-0cea-4357-bb04-1a0ae64b2bb1@group-7EB39FB5DF22: changes role from  FOLLOWER to CANDIDATE at term 313 for changeToCandidate
2019-10-17 07:42:10,742 [Thread-2132] INFO  impl.RoleInfo (RoleInfo.java:updateAndGet(143)) - cbde3520-0cea-4357-bb04-1a0ae64b2bb1: start LeaderElection
2019-10-17 07:42:10,765 [cbde3520-0cea-4357-bb04-1a0ae64b2bb1@group-7EB39FB5DF22-LeaderElection292] INFO  impl.LeaderElection (LeaderElection.java:askForVotes(178)) - cbde3520-0cea-4357-bb04-1a0ae64b2bb1@group-7EB39FB5DF22-LeaderElection292: begin an election at term 314 for -1: [40d2d32e-dd25-45df-8070-f9dc56ccf0a7:192.168.34.62:41633, cbde3520-0cea-4357-bb04-1a0ae64b2bb1:192.168.34.62:41642, 443b071d-6096-48d6-bfe7-498b7c8032c0:192.168.34.62:46516], old=null
2019-10-17 07:42:10,768 [grpc-default-executor-4] INFO  impl.RaftServerImpl (RaftServerImpl.java:setRole(184)) - 40d2d32e-dd25-45df-8070-f9dc56ccf0a7@group-7EB39FB5DF22: changes role from  FOLLOWER to FOLLOWER at term 314 for recognizeCandidate:cbde3520-0cea-4357-bb04-1a0ae64b2bb1
2019-10-17 07:42:10,768 [grpc-default-executor-4] INFO  impl.RoleInfo (RoleInfo.java:shutdownFollowerState(121)) - 40d2d32e-dd25-45df-8070-f9dc56ccf0a7: shutdown FollowerState
2019-10-17 07:42:10,768 [grpc-default-executor-4] INFO  impl.RoleInfo (RoleInfo.java:updateAndGet(143)) - 40d2d32e-dd25-45df-8070-f9dc56ccf0a7: start FollowerState
2019-10-17 07:42:10,768 [Thread-2130] INFO  impl.FollowerState (FollowerState.java:run(117)) - 40d2d32e-dd25-45df-8070-f9dc56ccf0a7@group-7EB39FB5DF22-FollowerState was interrupted: java.lang.InterruptedException: sleep interrupted
2019-10-17 07:42:10,769 [grpc-default-executor-1] INFO  impl.RaftServerImpl (RaftServerImpl.java:setRole(184)) - 443b071d-6096-48d6-bfe7-498b7c8032c0@group-7EB39FB5DF22: changes role from  FOLLOWER to FOLLOWER at term 314 for recognizeCandidate:cbde3520-0cea-4357-bb04-1a0ae64b2bb1
2019-10-17 07:42:10,769 [grpc-default-executor-1] INFO  impl.RoleInfo (RoleInfo.java:shutdownFollowerState(121)) - 443b071d-6096-48d6-bfe7-498b7c8032c0: shutdown FollowerState
2019-10-17 07:42:10,769 [grpc-default-executor-1] INFO  impl.RoleInfo (RoleInfo.java:updateAndGet(143)) - 443b071d-6096-48d6-bfe7-498b7c8032c0: start FollowerState
2019-10-17 07:42:10,769 [Thread-2131] INFO  impl.FollowerState (FollowerState.java:run(117)) - 443b071d-6096-48d6-bfe7-498b7c8032c0@group-7EB39FB5DF22-FollowerState was interrupted: java.lang.InterruptedException: sleep interrupted
2019-10-17 07:42:10,793 [cbde3520-0cea-4357-bb04-1a0ae64b2bb1@group-7EB39FB5DF22-LeaderElection292] INFO  impl.LeaderElection (LeaderElection.java:logAndReturn(56)) - cbde3520-0cea-4357-bb04-1a0ae64b2bb1@group-7EB39FB5DF22-LeaderElection292: Election REJECTED; received 2 response(s) [cbde3520-0cea-4357-bb04-1a0ae64b2bb1<-40d2d32e-dd25-45df-8070-f9dc56ccf0a7#0:FAIL-t314, cbde3520-0cea-4357-bb04-1a0ae64b2bb1<-443b071d-6096-48d6-bfe7-498b7c8032c0#0:FAIL-t314] and 0 exception(s); cbde3520-0cea-4357-bb04-1a0ae64b2bb1@group-7EB39FB5DF22:t314, leader=null, voted=cbde3520-0cea-4357-bb04-1a0ae64b2bb1, raftlog=cbde3520-0cea-4357-bb04-1a0ae64b2bb1@group-7EB39FB5DF22-SegmentedRaftLog:OPENED:c-1,f-1,i0, conf=-1: [40d2d32e-dd25-45df-8070-f9dc56ccf0a7:192.168.34.62:41633, cbde3520-0cea-4357-bb04-1a0ae64b2bb1:192.168.34.62:41642, 443b071d-6096-48d6-bfe7-498b7c8032c0:192.168.34.62:46516], old=null
2019-10-17 07:42:10,793 [cbde3520-0cea-4357-bb04-1a0ae64b2bb1@group-7EB39FB5DF22-LeaderElection292] INFO  impl.RaftServerImpl (RaftServerImpl.java:setRole(184)) - cbde3520-0cea-4357-bb04-1a0ae64b2bb1@group-7EB39FB5DF22: changes role from CANDIDATE to FOLLOWER at term 314 for DISCOVERED_A_NEW_TERM
2019-10-17 07:42:10,793 [cbde3520-0cea-4357-bb04-1a0ae64b2bb1@group-7EB39FB5DF22-LeaderElection292] INFO  impl.RoleInfo (RoleInfo.java:shutdownLeaderElection(134)) - cbde3520-0cea-4357-bb04-1a0ae64b2bb1: shutdown LeaderElection
2019-10-17 07:42:10,793 [cbde3520-0cea-4357-bb04-1a0ae64b2bb1@group-7EB39FB5DF22-LeaderElection292] INFO  impl.RoleInfo (RoleInfo.java:updateAndGet(143)) - cbde3520-0cea-4357-bb04-1a0ae64b2bb1: start FollowerState
2019-10-17 07:42:10,937 [Thread-2138] INFO  impl.FollowerState (FollowerState.java:run(108)) - cbde3520-0cea-4357-bb04-1a0ae64b2bb1@group-7EB39FB5DF22-FollowerState: change to CANDIDATE, lastRpcTime:144ms, electionTimeout:144ms
2019-10-17 07:42:10,938 [Thread-2138] INFO  impl.RoleInfo (RoleInfo.java:shutdownFollowerState(121)) - cbde3520-0cea-4357-bb04-1a0ae64b2bb1: shutdown FollowerState
2019-10-17 07:42:10,938 [Thread-2138] INFO  impl.RaftServerImpl (RaftServerImpl.java:setRole(184)) - cbde3520-0cea-4357-bb04-1a0ae64b2bb1@group-7EB39FB5DF22: changes role from  FOLLOWER to CANDIDATE at term 314 for changeToCandidate
2019-10-17 07:42:10,938 [Thread-2138] INFO  impl.RoleInfo (RoleInfo.java:updateAndGet(143)) - cbde3520-0cea-4357-bb04-1a0ae64b2bb1: start LeaderElection
2019-10-17 07:42:10,961 [cbde3520-0cea-4357-bb04-1a0ae64b2bb1@group-7EB39FB5DF22-LeaderElection293] INFO  impl.LeaderElection (LeaderElection.java:askForVotes(178)) - cbde3520-0cea-4357-bb04-1a0ae64b2bb1@group-7EB39FB5DF22-LeaderElection293: begin an election at term 315 for -1: [40d2d32e-dd25-45df-8070-f9dc56ccf0a7:192.168.34.62:41633, cbde3520-0cea-4357-bb04-1a0ae64b2bb1:192.168.34.62:41642, 443b071d-6096-48d6-bfe7-498b7c8032c0:192.168.34.62:46516], old=null
2019-10-17 07:42:10,964 [grpc-default-executor-1] INFO  impl.RaftServerImpl (RaftServerImpl.java:setRole(184)) - 40d2d32e-dd25-45df-8070-f9dc56ccf0a7@group-7EB39FB5DF22: changes role from  FOLLOWER to FOLLOWER at term 315 for recognizeCandidate:cbde3520-0cea-4357-bb04-1a0ae64b2bb1
2019-10-17 07:42:10,964 [grpc-default-executor-1] INFO  impl.RoleInfo (RoleInfo.java:shutdownFollowerState(121)) - 40d2d32e-dd25-45df-8070-f9dc56ccf0a7: shutdown FollowerState
2019-10-17 07:42:10,964 [grpc-default-executor-4] INFO  impl.RaftServerImpl (RaftServerImpl.java:setRole(184)) - 443b071d-6096-48d6-bfe7-498b7c8032c0@group-7EB39FB5DF22: changes role from  FOLLOWER to FOLLOWER at term 315 for recognizeCandidate:cbde3520-0cea-4357-bb04-1a0ae64b2bb1
2019-10-17 07:42:10,964 [Thread-2136] INFO  impl.FollowerState (FollowerState.java:run(117)) - 40d2d32e-dd25-45df-8070-f9dc56ccf0a7@group-7EB39FB5DF22-FollowerState was interrupted: java.lang.InterruptedException: sleep interrupted
2019-10-17 07:42:10,964 [grpc-default-executor-1] INFO  impl.RoleInfo (RoleInfo.java:updateAndGet(143)) - 40d2d32e-dd25-45df-8070-f9dc56ccf0a7: start FollowerState
2019-10-17 07:42:10,964 [grpc-default-executor-4] INFO  impl.RoleInfo (RoleInfo.java:shutdownFollowerState(121)) - 443b071d-6096-48d6-bfe7-498b7c8032c0: shutdown FollowerState
2019-10-17 07:42:10,965 [grpc-default-executor-4] INFO  impl.RoleInfo (RoleInfo.java:updateAndGet(143)) - 443b071d-6096-48d6-bfe7-498b7c8032c0: start FollowerState
2019-10-17 07:42:10,965 [Thread-2137] INFO  impl.FollowerState (FollowerState.java:run(117)) - 443b071d-6096-48d6-bfe7-498b7c8032c0@group-7EB39FB5DF22-FollowerState was interrupted: java.lang.InterruptedException: sleep interrupted
2019-10-17 07:42:10,997 [cbde3520-0cea-4357-bb04-1a0ae64b2bb1@group-7EB39FB5DF22-LeaderElection293] INFO  impl.LeaderElection (LeaderElection.java:logAndReturn(56)) - cbde3520-0cea-4357-bb04-1a0ae64b2bb1@group-7EB39FB5DF22-LeaderElection293: Election REJECTED; received 2 response(s) [cbde3520-0cea-4357-bb04-1a0ae64b2bb1<-40d2d32e-dd25-45df-8070-f9dc56ccf0a7#0:FAIL-t315, cbde3520-0cea-4357-bb04-1a0ae64b2bb1<-443b071d-6096-48d6-bfe7-498b7c8032c0#0:FAIL-t315] and 0 exception(s); cbde3520-0cea-4357-bb04-1a0ae64b2bb1@group-7EB39FB5DF22:t315, leader=null, voted=cbde3520-0cea-4357-bb04-1a0ae64b2bb1, raftlog=cbde3520-0cea-4357-bb04-1a0ae64b2bb1@group-7EB39FB5DF22-SegmentedRaftLog:OPENED:c-1,f-1,i0, conf=-1: [40d2d32e-dd25-45df-8070-f9dc56ccf0a7:192.168.34.62:41633, cbde3520-0cea-4357-bb04-1a0ae64b2bb1:192.168.34.62:41642, 443b071d-6096-48d6-bfe7-498b7c8032c0:192.168.34.62:46516], old=null
2019-10-17 07:42:10,998 [cbde3520-0cea-4357-bb04-1a0ae64b2bb1@group-7EB39FB5DF22-LeaderElection293] INFO  impl.RaftServerImpl (RaftServerImpl.java:setRole(184)) - cbde3520-0cea-4357-bb04-1a0ae64b2bb1@group-7EB39FB5DF22: changes role from CANDIDATE to FOLLOWER at term 315 for DISCOVERED_A_NEW_TERM
2019-10-17 07:42:10,998 [cbde3520-0cea-4357-bb04-1a0ae64b2bb1@group-7EB39FB5DF22-LeaderElection293] INFO  impl.RoleInfo (RoleInfo.java:shutdownLeaderElection(134)) - cbde3520-0cea-4357-bb04-1a0ae64b2bb1: shutdown LeaderElection
2019-10-17 07:42:10,998 [cbde3520-0cea-4357-bb04-1a0ae64b2bb1@group-7EB39FB5DF22-LeaderElection293] INFO  impl.RoleInfo (RoleInfo.java:updateAndGet(143)) - cbde3520-0cea-4357-bb04-1a0ae64b2bb1: start FollowerState
2019-10-17 07:42:11,073 [Thread-2144] INFO  impl.FollowerState (FollowerState.java:run(108)) - cbde3520-0cea-4357-bb04-1a0ae64b2bb1@group-7EB39FB5DF22-FollowerState: change to CANDIDATE, lastRpcTime:74ms, electionTimeout:74ms
2019-10-17 07:42:11,074 [Thread-2144] INFO  impl.RoleInfo (RoleInfo.java:shutdownFollowerState(121)) - cbde3520-0cea-4357-bb04-1a0ae64b2bb1: shutdown FollowerState
2019-10-17 07:42:11,074 [Thread-2144] INFO  impl.RaftServerImpl (RaftServerImpl.java:setRole(184)) - cbde3520-0cea-4357-bb04-1a0ae64b2bb1@group-7EB39FB5DF22: changes role from  FOLLOWER to CANDIDATE at term 315 for changeToCandidate
2019-10-17 07:42:11,074 [Thread-2144] INFO  impl.RoleInfo (RoleInfo.java:updateAndGet(143)) - cbde3520-0cea-4357-bb04-1a0ae64b2bb1: start LeaderElection
2019-10-17 07:42:11,088 [cbde3520-0cea-4357-bb04-1a0ae64b2bb1@group-7EB39FB5DF22-LeaderElection294] INFO  impl.LeaderElection (LeaderElection.java:askForVotes(178)) - cbde3520-0cea-4357-bb04-1a0ae64b2bb1@group-7EB39FB5DF22-LeaderElection294: begin an election at term 316 for -1: [40d2d32e-dd25-45df-8070-f9dc56ccf0a7:192.168.34.62:41633, cbde3520-0cea-4357-bb04-1a0ae64b2bb1:192.168.34.62:41642, 443b071d-6096-48d6-bfe7-498b7c8032c0:192.168.34.62:46516], old=null
2019-10-17 07:42:11,094 [grpc-default-executor-4] INFO  impl.RaftServerImpl (RaftServerImpl.java:setRole(184)) - 40d2d32e-dd25-45df-8070-f9dc56ccf0a7@group-7EB39FB5DF22: changes role from  FOLLOWER to FOLLOWER at term 316 for recognizeCandidate:cbde3520-0cea-4357-bb04-1a0ae64b2bb1
2019-10-17 07:42:11,094 [grpc-default-executor-4] INFO  impl.RoleInfo (RoleInfo.java:shutdownFollowerState(121)) - 40d2d32e-dd25-45df-8070-f9dc56ccf0a7: shutdown FollowerState
2019-10-17 07:42:11,094 [grpc-default-executor-1] INFO  impl.RaftServerImpl (RaftServerImpl.java:setRole(184)) - 443b071d-6096-48d6-bfe7-498b7c8032c0@group-7EB39FB5DF22: changes role from  FOLLOWER to FOLLOWER at term 316 for recognizeCandidate:cbde3520-0cea-4357-bb04-1a0ae64b2bb1
2019-10-17 07:42:11,094 [Thread-2142] INFO  impl.FollowerState (FollowerState.java:run(117)) - 40d2d32e-dd25-45df-8070-f9dc56ccf0a7@group-7EB39FB5DF22-FollowerState was interrupted: java.lang.InterruptedException: sleep interrupted
2019-10-17 07:42:11,094 [grpc-default-executor-4] INFO  impl.RoleInfo (RoleInfo.java:updateAndGet(143)) - 40d2d32e-dd25-45df-8070-f9dc56ccf0a7: start FollowerState
2019-10-17 07:42:11,095 [grpc-default-executor-1] INFO  impl.RoleInfo (RoleInfo.java:shutdownFollowerState(121)) - 443b071d-6096-48d6-bfe7-498b7c8032c0: shutdown FollowerState
2019-10-17 07:42:11,095 [grpc-default-executor-1] INFO  impl.RoleInfo (RoleInfo.java:updateAndGet(143)) - 443b071d-6096-48d6-bfe7-498b7c8032c0: start FollowerState
2019-10-17 07:42:11,095 [Thread-2143] INFO  impl.FollowerState (FollowerState.java:run(117)) - 443b071d-6096-48d6-bfe7-498b7c8032c0@group-7EB39FB5DF22-FollowerState was interrupted: java.lang.InterruptedException: sleep interrupted
2019-10-17 07:42:11,118 [cbde3520-0cea-4357-bb04-1a0ae64b2bb1@group-7EB39FB5DF22-LeaderElection294] INFO  impl.LeaderElection (LeaderElection.java:logAndReturn(56)) - cbde3520-0cea-4357-bb04-1a0ae64b2bb1@group-7EB39FB5DF22-LeaderElection294: Election REJECTED; received 2 response(s) [cbde3520-0cea-4357-bb04-1a0ae64b2bb1<-40d2d32e-dd25-45df-8070-f9dc56ccf0a7#0:FAIL-t316, cbde3520-0cea-4357-bb04-1a0ae64b2bb1<-443b071d-6096-48d6-bfe7-498b7c8032c0#0:FAIL-t316] and 0 exception(s); cbde3520-0cea-4357-bb04-1a0ae64b2bb1@group-7EB39FB5DF22:t316, leader=null, voted=cbde3520-0cea-4357-bb04-1a0ae64b2bb1, raftlog=cbde3520-0cea-4357-bb04-1a0ae64b2bb1@group-7EB39FB5DF22-SegmentedRaftLog:OPENED:c-1,f-1,i0, conf=-1: [40d2d32e-dd25-45df-8070-f9dc56ccf0a7:192.168.34.62:41633, cbde3520-0cea-4357-bb04-1a0ae64b2bb1:192.168.34.62:41642, 443b071d-6096-48d6-bfe7-498b7c8032c0:192.168.34.62:46516], old=null
2019-10-17 07:42:11,119 [cbde3520-0cea-4357-bb04-1a0ae64b2bb1@group-7EB39FB5DF22-LeaderElection294] INFO  impl.RaftServerImpl (RaftServerImpl.java:setRole(184)) - cbde3520-0cea-4357-bb04-1a0ae64b2bb1@group-7EB39FB5DF22: changes role from CANDIDATE to FOLLOWER at term 316 for DISCOVERED_A_NEW_TERM
2019-10-17 07:42:11,119 [cbde3520-0cea-4357-bb04-1a0ae64b2bb1@group-7EB39FB5DF22-LeaderElection294] INFO  impl.RoleInfo (RoleInfo.java:shutdownLeaderElection(134)) - cbde3520-0cea-4357-bb04-1a0ae64b2bb1: shutdown LeaderElection
2019-10-17 07:42:11,119 [cbde3520-0cea-4357-bb04-1a0ae64b2bb1@group-7EB39FB5DF22-LeaderElection294] INFO  impl.RoleInfo (RoleInfo.java:updateAndGet(143)) - cbde3520-0cea-4357-bb04-1a0ae64b2bb1: start FollowerState
2019-10-17 07:42:11,193 [Thread-2150] INFO  impl.FollowerState (FollowerState.java:run(108)) - cbde3520-0cea-4357-bb04-1a0ae64b2bb1@group-7EB39FB5DF22-FollowerState: change to CANDIDATE, lastRpcTime:73ms, electionTimeout:73ms
2019-10-17 07:42:11,193 [Thread-2150] INFO  impl.RoleInfo (RoleInfo.java:shutdownFollowerState(121)) - cbde3520-0cea-4357-bb04-1a0ae64b2bb1: shutdown FollowerState
2019-10-17 07:42:11,193 [Thread-2150] INFO  impl.RaftServerImpl (RaftServerImpl.java:setRole(184)) - cbde3520-0cea-4357-bb04-1a0ae64b2bb1@group-7EB39FB5DF22: changes role from  FOLLOWER to CANDIDATE at term 316 for changeToCandidate
2019-10-17 07:42:11,193 [Thread-2150] INFO  impl.RoleInfo (RoleInfo.java:updateAndGet(143)) - cbde3520-0cea-4357-bb04-1a0ae64b2bb1: start LeaderElection
2019-10-17 07:42:11,217 [cbde3520-0cea-4357-bb04-1a0ae64b2bb1@group-7EB39FB5DF22-LeaderElection295] INFO  impl.LeaderElection (LeaderElection.java:askForVotes(178)) - cbde3520-0cea-4357-bb04-1a0ae64b2bb1@group-7EB39FB5DF22-LeaderElection295: begin an election at term 317 for -1: [40d2d32e-dd25-45df-8070-f9dc56ccf0a7:192.168.34.62:41633, cbde3520-0cea-4357-bb04-1a0ae64b2bb1:192.168.34.62:41642, 443b071d-6096-48d6-bfe7-498b7c8032c0:192.168.34.62:46516], old=null
2019-10-17 07:42:11,220 [grpc-default-executor-4] INFO  impl.RaftServerImpl (RaftServerImpl.java:setRole(184)) - 40d2d32e-dd25-45df-8070-f9dc56ccf0a7@group-7EB39FB5DF22: changes role from  FOLLOWER to FOLLOWER at term 317 for recognizeCandidate:cbde3520-0cea-4357-bb04-1a0ae64b2bb1
2019-10-17 07:42:11,220 [grpc-default-executor-4] INFO  impl.RoleInfo (RoleInfo.java:shutdownFollowerState(121)) - 40d2d32e-dd25-45df-8070-f9dc56ccf0a7: shutdown FollowerState
2019-10-17 07:42:11,220 [grpc-default-executor-4] INFO  impl.RoleInfo (RoleInfo.java:updateAndGet(143)) - 40d2d32e-dd25-45df-8070-f9dc56ccf0a7: start FollowerState
2019-10-17 07:42:11,220 [Thread-2148] INFO  impl.FollowerState (FollowerState.java:run(117)) - 40d2d32e-dd25-45df-8070-f9dc56ccf0a7@group-7EB39FB5DF22-FollowerState was interrupted: java.lang.InterruptedException: sleep interrupted
2019-10-17 07:42:11,220 [grpc-default-executor-1] INFO  impl.RaftServerImpl (RaftServerImpl.java:setRole(184)) - 443b071d-6096-48d6-bfe7-498b7c8032c0@group-7EB39FB5DF22: changes role from  FOLLOWER to FOLLOWER at term 317 for recognizeCandidate:cbde3520-0cea-4357-bb04-1a0ae64b2bb1
2019-10-17 07:42:11,221 [grpc-default-executor-1] INFO  impl.RoleInfo (RoleInfo.java:shutdownFollowerState(121)) - 443b071d-6096-48d6-bfe7-498b7c8032c0: shutdown FollowerState
2019-10-17 07:42:11,221 [grpc-default-executor-1] INFO  impl.RoleInfo (RoleInfo.java:updateAndGet(143)) - 443b071d-6096-48d6-bfe7-498b7c8032c0: start FollowerState
2019-10-17 07:42:11,221 [Thread-2149] INFO  impl.FollowerState (FollowerState.java:run(117)) - 443b071d-6096-48d6-bfe7-498b7c8032c0@group-7EB39FB5DF22-FollowerState was interrupted: java.lang.InterruptedException: sleep interrupted
2019-10-17 07:42:11,222 [main] INFO  ozone.MiniOzoneClusterImpl (MiniOzoneClusterImpl.java:lambda$waitForClusterToBeReady$2(164)) - Waiting for 1 number of pipelines out of 5, to report a leader.
2019-10-17 07:42:11,244 [cbde3520-0cea-4357-bb04-1a0ae64b2bb1@group-7EB39FB5DF22-LeaderElection295] INFO  impl.LeaderElection (LeaderElection.java:logAndReturn(56)) - cbde3520-0cea-4357-bb04-1a0ae64b2bb1@group-7EB39FB5DF22-LeaderElection295: Election REJECTED; received 2 response(s) [cbde3520-0cea-4357-bb04-1a0ae64b2bb1<-40d2d32e-dd25-45df-8070-f9dc56ccf0a7#0:FAIL-t317, cbde3520-0cea-4357-bb04-1a0ae64b2bb1<-443b071d-6096-48d6-bfe7-498b7c8032c0#0:FAIL-t317] and 0 exception(s); cbde3520-0cea-4357-bb04-1a0ae64b2bb1@group-7EB39FB5DF22:t317, leader=null, voted=cbde3520-0cea-4357-bb04-1a0ae64b2bb1, raftlog=cbde3520-0cea-4357-bb04-1a0ae64b2bb1@group-7EB39FB5DF22-SegmentedRaftLog:OPENED:c-1,f-1,i0, conf=-1: [40d2d32e-dd25-45df-8070-f9dc56ccf0a7:192.168.34.62:41633, cbde3520-0cea-4357-bb04-1a0ae64b2bb1:192.168.34.62:41642, 443b071d-6096-48d6-bfe7-498b7c8032c0:192.168.34.62:46516], old=null
2019-10-17 07:42:11,245 [cbde3520-0cea-4357-bb04-1a0ae64b2bb1@group-7EB39FB5DF22-LeaderElection295] INFO  impl.RaftServerImpl (RaftServerImpl.java:setRole(184)) - cbde3520-0cea-4357-bb04-1a0ae64b2bb1@group-7EB39FB5DF22: changes role from CANDIDATE to FOLLOWER at term 317 for DISCOVERED_A_NEW_TERM
2019-10-17 07:42:11,245 [cbde3520-0cea-4357-bb04-1a0ae64b2bb1@group-7EB39FB5DF22-LeaderElection295] INFO  impl.RoleInfo (RoleInfo.java:shutdownLeaderElection(134)) - cbde3520-0cea-4357-bb04-1a0ae64b2bb1: shutdown LeaderElection
2019-10-17 07:42:11,245 [cbde3520-0cea-4357-bb04-1a0ae64b2bb1@group-7EB39FB5DF22-LeaderElection295] INFO  impl.RoleInfo (RoleInfo.java:updateAndGet(143)) - cbde3520-0cea-4357-bb04-1a0ae64b2bb1: start FollowerState
2019-10-17 07:42:11,303 [Thread-2156] INFO  impl.FollowerState (FollowerState.java:run(108)) - cbde3520-0cea-4357-bb04-1a0ae64b2bb1@group-7EB39FB5DF22-FollowerState: change to CANDIDATE, lastRpcTime:58ms, electionTimeout:58ms
2019-10-17 07:42:11,304 [Thread-2156] INFO  impl.RoleInfo (RoleInfo.java:shutdownFollowerState(121)) - cbde3520-0cea-4357-bb04-1a0ae64b2bb1: shutdown FollowerState
2019-10-17 07:42:11,304 [Thread-2156] INFO  impl.RaftServerImpl (RaftServerImpl.java:setRole(184)) - cbde3520-0cea-4357-bb04-1a0ae64b2bb1@group-7EB39FB5DF22: changes role from  FOLLOWER to CANDIDATE at term 317 for changeToCandidate
2019-10-17 07:42:11,304 [Thread-2156] INFO  impl.RoleInfo (RoleInfo.java:updateAndGet(143)) - cbde3520-0cea-4357-bb04-1a0ae64b2bb1: start LeaderElection
2019-10-17 07:42:11,328 [cbde3520-0cea-4357-bb04-1a0ae64b2bb1@group-7EB39FB5DF22-LeaderElection296] INFO  impl.LeaderElection (LeaderElection.java:askForVotes(178)) - cbde3520-0cea-4357-bb04-1a0ae64b2bb1@group-7EB39FB5DF22-LeaderElection296: begin an election at term 318 for -1: [40d2d32e-dd25-45df-8070-f9dc56ccf0a7:192.168.34.62:41633, cbde3520-0cea-4357-bb04-1a0ae64b2bb1:192.168.34.62:41642, 443b071d-6096-48d6-bfe7-498b7c8032c0:192.168.34.62:46516], old=null
2019-10-17 07:42:11,330 [grpc-default-executor-1] INFO  impl.RaftServerImpl (RaftServerImpl.java:setRole(184)) - 443b071d-6096-48d6-bfe7-498b7c8032c0@group-7EB39FB5DF22: changes role from  FOLLOWER to FOLLOWER at term 318 for recognizeCandidate:cbde3520-0cea-4357-bb04-1a0ae64b2bb1
2019-10-17 07:42:11,331 [grpc-default-executor-1] INFO  impl.RoleInfo (RoleInfo.java:shutdownFollowerState(121)) - 443b071d-6096-48d6-bfe7-498b7c8032c0: shutdown FollowerState
2019-10-17 07:42:11,331 [grpc-default-executor-4] INFO  impl.RaftServerImpl (RaftServerImpl.java:setRole(184)) - 40d2d32e-dd25-45df-8070-f9dc56ccf0a7@group-7EB39FB5DF22: changes role from  FOLLOWER to FOLLOWER at term 318 for recognizeCandidate:cbde3520-0cea-4357-bb04-1a0ae64b2bb1
2019-10-17 07:42:11,331 [grpc-default-executor-4] INFO  impl.RoleInfo (RoleInfo.java:shutdownFollowerState(121)) - 40d2d32e-dd25-45df-8070-f9dc56ccf0a7: shutdown FollowerState
2019-10-17 07:42:11,331 [Thread-2155] INFO  impl.FollowerState (FollowerState.java:run(117)) - 443b071d-6096-48d6-bfe7-498b7c8032c0@group-7EB39FB5DF22-FollowerState was interrupted: java.lang.InterruptedException: sleep interrupted
2019-10-17 07:42:11,331 [grpc-default-executor-1] INFO  impl.RoleInfo (RoleInfo.java:updateAndGet(143)) - 443b071d-6096-48d6-bfe7-498b7c8032c0: start FollowerState
2019-10-17 07:42:11,331 [Thread-2154] INFO  impl.FollowerState (FollowerState.java:run(117)) - 40d2d32e-dd25-45df-8070-f9dc56ccf0a7@group-7EB39FB5DF22-FollowerState was interrupted: java.lang.InterruptedException: sleep interrupted
2019-10-17 07:42:11,331 [grpc-default-executor-4] INFO  impl.RoleInfo (RoleInfo.java:updateAndGet(143)) - 40d2d32e-dd25-45df-8070-f9dc56ccf0a7: start FollowerState
2019-10-17 07:42:11,345 [cbde3520-0cea-4357-bb04-1a0ae64b2bb1@group-7EB39FB5DF22-LeaderElection296] INFO  impl.LeaderElection (LeaderElection.java:logAndReturn(56)) - cbde3520-0cea-4357-bb04-1a0ae64b2bb1@group-7EB39FB5DF22-LeaderElection296: Election REJECTED; received 2 response(s) [cbde3520-0cea-4357-bb04-1a0ae64b2bb1<-40d2d32e-dd25-45df-8070-f9dc56ccf0a7#0:FAIL-t318, cbde3520-0cea-4357-bb04-1a0ae64b2bb1<-443b071d-6096-48d6-bfe7-498b7c8032c0#0:FAIL-t318] and 0 exception(s); cbde3520-0cea-4357-bb04-1a0ae64b2bb1@group-7EB39FB5DF22:t318, leader=null, voted=cbde3520-0cea-4357-bb04-1a0ae64b2bb1, raftlog=cbde3520-0cea-4357-bb04-1a0ae64b2bb1@group-7EB39FB5DF22-SegmentedRaftLog:OPENED:c-1,f-1,i0, conf=-1: [40d2d32e-dd25-45df-8070-f9dc56ccf0a7:192.168.34.62:41633, cbde3520-0cea-4357-bb04-1a0ae64b2bb1:192.168.34.62:41642, 443b071d-6096-48d6-bfe7-498b7c8032c0:192.168.34.62:46516], old=null
2019-10-17 07:42:11,345 [cbde3520-0cea-4357-bb04-1a0ae64b2bb1@group-7EB39FB5DF22-LeaderElection296] INFO  impl.RaftServerImpl (RaftServerImpl.java:setRole(184)) - cbde3520-0cea-4357-bb04-1a0ae64b2bb1@group-7EB39FB5DF22: changes role from CANDIDATE to FOLLOWER at term 318 for DISCOVERED_A_NEW_TERM
2019-10-17 07:42:11,345 [cbde3520-0cea-4357-bb04-1a0ae64b2bb1@group-7EB39FB5DF22-LeaderElection296] INFO  impl.RoleInfo (RoleInfo.java:shutdownLeaderElection(134)) - cbde3520-0cea-4357-bb04-1a0ae64b2bb1: shutdown LeaderElection
2019-10-17 07:42:11,345 [cbde3520-0cea-4357-bb04-1a0ae64b2bb1@group-7EB39FB5DF22-LeaderElection296] INFO  impl.RoleInfo (RoleInfo.java:updateAndGet(143)) - cbde3520-0cea-4357-bb04-1a0ae64b2bb1: start FollowerState
2019-10-17 07:42:11,393 [Thread-2162] INFO  impl.FollowerState (FollowerState.java:run(108)) - cbde3520-0cea-4357-bb04-1a0ae64b2bb1@group-7EB39FB5DF22-FollowerState: change to CANDIDATE, lastRpcTime:47ms, electionTimeout:47ms
2019-10-17 07:42:11,393 [Thread-2162] INFO  impl.RoleInfo (RoleInfo.java:shutdownFollowerState(121)) - cbde3520-0cea-4357-bb04-1a0ae64b2bb1: shutdown FollowerState
2019-10-17 07:42:11,393 [Thread-2162] INFO  impl.RaftServerImpl (RaftServerImpl.java:setRole(184)) - cbde3520-0cea-4357-bb04-1a0ae64b2bb1@group-7EB39FB5DF22: changes role from  FOLLOWER to CANDIDATE at term 318 for changeToCandidate
2019-10-17 07:42:11,393 [Thread-2162] INFO  impl.RoleInfo (RoleInfo.java:updateAndGet(143)) - cbde3520-0cea-4357-bb04-1a0ae64b2bb1: start LeaderElection
2019-10-17 07:42:11,417 [cbde3520-0cea-4357-bb04-1a0ae64b2bb1@group-7EB39FB5DF22-LeaderElection297] INFO  impl.LeaderElection (LeaderElection.java:askForVotes(178)) - cbde3520-0cea-4357-bb04-1a0ae64b2bb1@group-7EB39FB5DF22-LeaderElection297: begin an election at term 319 for -1: [40d2d32e-dd25-45df-8070-f9dc56ccf0a7:192.168.34.62:41633, cbde3520-0cea-4357-bb04-1a0ae64b2bb1:192.168.34.62:41642, 443b071d-6096-48d6-bfe7-498b7c8032c0:192.168.34.62:46516], old=null
2019-10-17 07:42:11,419 [grpc-default-executor-1] INFO  impl.RaftServerImpl (RaftServerImpl.java:setRole(184)) - 40d2d32e-dd25-45df-8070-f9dc56ccf0a7@group-7EB39FB5DF22: changes role from  FOLLOWER to FOLLOWER at term 319 for recognizeCandidate:cbde3520-0cea-4357-bb04-1a0ae64b2bb1
2019-10-17 07:42:11,419 [grpc-default-executor-1] INFO  impl.RoleInfo (RoleInfo.java:shutdownFollowerState(121)) - 40d2d32e-dd25-45df-8070-f9dc56ccf0a7: shutdown FollowerState
2019-10-17 07:42:11,420 [grpc-default-executor-1] INFO  impl.RoleInfo (RoleInfo.java:updateAndGet(143)) - 40d2d32e-dd25-45df-8070-f9dc56ccf0a7: start FollowerState
2019-10-17 07:42:11,420 [Thread-2161] INFO  impl.FollowerState (FollowerState.java:run(117)) - 40d2d32e-dd25-45df-8070-f9dc56ccf0a7@group-7EB39FB5DF22-FollowerState was interrupted: java.lang.InterruptedException: sleep interrupted
2019-10-17 07:42:11,420 [grpc-default-executor-4] INFO  impl.RaftServerImpl (RaftServerImpl.java:setRole(184)) - 443b071d-6096-48d6-bfe7-498b7c8032c0@group-7EB39FB5DF22: changes role from  FOLLOWER to FOLLOWER at term 319 for recognizeCandidate:cbde3520-0cea-4357-bb04-1a0ae64b2bb1
2019-10-17 07:42:11,420 [grpc-default-executor-4] INFO  impl.RoleInfo (RoleInfo.java:shutdownFollowerState(121)) - 443b071d-6096-48d6-bfe7-498b7c8032c0: shutdown FollowerState
2019-10-17 07:42:11,420 [grpc-default-executor-4] INFO  impl.RoleInfo (RoleInfo.java:updateAndGet(143)) - 443b071d-6096-48d6-bfe7-498b7c8032c0: start FollowerState
2019-10-17 07:42:11,420 [Thread-2160] INFO  impl.FollowerState (FollowerState.java:run(117)) - 443b071d-6096-48d6-bfe7-498b7c8032c0@group-7EB39FB5DF22-FollowerState was interrupted: java.lang.InterruptedException: sleep interrupted
2019-10-17 07:42:11,444 [cbde3520-0cea-4357-bb04-1a0ae64b2bb1@group-7EB39FB5DF22-LeaderElection297] INFO  impl.LeaderElection (LeaderElection.java:logAndReturn(56)) - cbde3520-0cea-4357-bb04-1a0ae64b2bb1@group-7EB39FB5DF22-LeaderElection297: Election REJECTED; received 2 response(s) [cbde3520-0cea-4357-bb04-1a0ae64b2bb1<-40d2d32e-dd25-45df-8070-f9dc56ccf0a7#0:FAIL-t319, cbde3520-0cea-4357-bb04-1a0ae64b2bb1<-443b071d-6096-48d6-bfe7-498b7c8032c0#0:FAIL-t319] and 0 exception(s); cbde3520-0cea-4357-bb04-1a0ae64b2bb1@group-7EB39FB5DF22:t319, leader=null, voted=cbde3520-0cea-4357-bb04-1a0ae64b2bb1, raftlog=cbde3520-0cea-4357-bb04-1a0ae64b2bb1@group-7EB39FB5DF22-SegmentedRaftLog:OPENED:c-1,f-1,i0, conf=-1: [40d2d32e-dd25-45df-8070-f9dc56ccf0a7:192.168.34.62:41633, cbde3520-0cea-4357-bb04-1a0ae64b2bb1:192.168.34.62:41642, 443b071d-6096-48d6-bfe7-498b7c8032c0:192.168.34.62:46516], old=null
2019-10-17 07:42:11,444 [cbde3520-0cea-4357-bb04-1a0ae64b2bb1@group-7EB39FB5DF22-LeaderElection297] INFO  impl.RaftServerImpl (RaftServerImpl.java:setRole(184)) - cbde3520-0cea-4357-bb04-1a0ae64b2bb1@group-7EB39FB5DF22: changes role from CANDIDATE to FOLLOWER at term 319 for DISCOVERED_A_NEW_TERM
2019-10-17 07:42:11,444 [cbde3520-0cea-4357-bb04-1a0ae64b2bb1@group-7EB39FB5DF22-LeaderElection297] INFO  impl.RoleInfo (RoleInfo.java:shutdownLeaderElection(134)) - cbde3520-0cea-4357-bb04-1a0ae64b2bb1: shutdown LeaderElection
2019-10-17 07:42:11,444 [cbde3520-0cea-4357-bb04-1a0ae64b2bb1@group-7EB39FB5DF22-LeaderElection297] INFO  impl.RoleInfo (RoleInfo.java:updateAndGet(143)) - cbde3520-0cea-4357-bb04-1a0ae64b2bb1: start FollowerState
2019-10-17 07:42:11,561 [Thread-2168] INFO  impl.FollowerState (FollowerState.java:run(108)) - cbde3520-0cea-4357-bb04-1a0ae64b2bb1@group-7EB39FB5DF22-FollowerState: change to CANDIDATE, lastRpcTime:116ms, electionTimeout:116ms
2019-10-17 07:42:11,561 [Thread-2168] INFO  impl.RoleInfo (RoleInfo.java:shutdownFollowerState(121)) - cbde3520-0cea-4357-bb04-1a0ae64b2bb1: shutdown FollowerState
2019-10-17 07:42:11,561 [Thread-2168] INFO  impl.RaftServerImpl (RaftServerImpl.java:setRole(184)) - cbde3520-0cea-4357-bb04-1a0ae64b2bb1@group-7EB39FB5DF22: changes role from  FOLLOWER to CANDIDATE at term 319 for changeToCandidate
2019-10-17 07:42:11,561 [Thread-2168] INFO  impl.RoleInfo (RoleInfo.java:updateAndGet(143)) - cbde3520-0cea-4357-bb04-1a0ae64b2bb1: start LeaderElection
2019-10-17 07:42:11,585 [cbde3520-0cea-4357-bb04-1a0ae64b2bb1@group-7EB39FB5DF22-LeaderElection298] INFO  impl.LeaderElection (LeaderElection.java:askForVotes(178)) - cbde3520-0cea-4357-bb04-1a0ae64b2bb1@group-7EB39FB5DF22-LeaderElection298: begin an election at term 320 for -1: [40d2d32e-dd25-45df-8070-f9dc56ccf0a7:192.168.34.62:41633, cbde3520-0cea-4357-bb04-1a0ae64b2bb1:192.168.34.62:41642, 443b071d-6096-48d6-bfe7-498b7c8032c0:192.168.34.62:46516], old=null
2019-10-17 07:42:11,588 [grpc-default-executor-4] INFO  impl.RaftServerImpl (RaftServerImpl.java:setRole(184)) - 40d2d32e-dd25-45df-8070-f9dc56ccf0a7@group-7EB39FB5DF22: changes role from  FOLLOWER to FOLLOWER at term 320 for recognizeCandidate:cbde3520-0cea-4357-bb04-1a0ae64b2bb1
2019-10-17 07:42:11,588 [grpc-default-executor-4] INFO  impl.RoleInfo (RoleInfo.java:shutdownFollowerState(121)) - 40d2d32e-dd25-45df-8070-f9dc56ccf0a7: shutdown FollowerState
2019-10-17 07:42:11,588 [grpc-default-executor-4] INFO  impl.RoleInfo (RoleInfo.java:updateAndGet(143)) - 40d2d32e-dd25-45df-8070-f9dc56ccf0a7: start FollowerState
2019-10-17 07:42:11,588 [Thread-2166] INFO  impl.FollowerState (FollowerState.java:run(117)) - 40d2d32e-dd25-45df-8070-f9dc56ccf0a7@group-7EB39FB5DF22-FollowerState was interrupted: java.lang.InterruptedException: sleep interrupted
2019-10-17 07:42:11,588 [grpc-default-executor-1] INFO  impl.RaftServerImpl (RaftServerImpl.java:setRole(184)) - 443b071d-6096-48d6-bfe7-498b7c8032c0@group-7EB39FB5DF22: changes role from  FOLLOWER to FOLLOWER at term 320 for recognizeCandidate:cbde3520-0cea-4357-bb04-1a0ae64b2bb1
2019-10-17 07:42:11,588 [grpc-default-executor-1] INFO  impl.RoleInfo (RoleInfo.java:shutdownFollowerState(121)) - 443b071d-6096-48d6-bfe7-498b7c8032c0: shutdown FollowerState
2019-10-17 07:42:11,589 [grpc-default-executor-1] INFO  impl.RoleInfo (RoleInfo.java:updateAndGet(143)) - 443b071d-6096-48d6-bfe7-498b7c8032c0: start FollowerState
2019-10-17 07:42:11,589 [Thread-2167] INFO  impl.FollowerState (FollowerState.java:run(117)) - 443b071d-6096-48d6-bfe7-498b7c8032c0@group-7EB39FB5DF22-FollowerState was interrupted: java.lang.InterruptedException: sleep interrupted
2019-10-17 07:42:11,606 [cbde3520-0cea-4357-bb04-1a0ae64b2bb1@group-7EB39FB5DF22-LeaderElection298] INFO  impl.LeaderElection (LeaderElection.java:logAndReturn(56)) - cbde3520-0cea-4357-bb04-1a0ae64b2bb1@group-7EB39FB5DF22-LeaderElection298: Election REJECTED; received 2 response(s) [cbde3520-0cea-4357-bb04-1a0ae64b2bb1<-40d2d32e-dd25-45df-8070-f9dc56ccf0a7#0:FAIL-t320, cbde3520-0cea-4357-bb04-1a0ae64b2bb1<-443b071d-6096-48d6-bfe7-498b7c8032c0#0:FAIL-t320] and 0 exception(s); cbde3520-0cea-4357-bb04-1a0ae64b2bb1@group-7EB39FB5DF22:t320, leader=null, voted=cbde3520-0cea-4357-bb04-1a0ae64b2bb1, raftlog=cbde3520-0cea-4357-bb04-1a0ae64b2bb1@group-7EB39FB5DF22-SegmentedRaftLog:OPENED:c-1,f-1,i0, conf=-1: [40d2d32e-dd25-45df-8070-f9dc56ccf0a7:192.168.34.62:41633, cbde3520-0cea-4357-bb04-1a0ae64b2bb1:192.168.34.62:41642, 443b071d-6096-48d6-bfe7-498b7c8032c0:192.168.34.62:46516], old=null
2019-10-17 07:42:11,607 [cbde3520-0cea-4357-bb04-1a0ae64b2bb1@group-7EB39FB5DF22-LeaderElection298] INFO  impl.RaftServerImpl (RaftServerImpl.java:setRole(184)) - cbde3520-0cea-4357-bb04-1a0ae64b2bb1@group-7EB39FB5DF22: changes role from CANDIDATE to FOLLOWER at term 320 for DISCOVERED_A_NEW_TERM
2019-10-17 07:42:11,607 [cbde3520-0cea-4357-bb04-1a0ae64b2bb1@group-7EB39FB5DF22-LeaderElection298] INFO  impl.RoleInfo (RoleInfo.java:shutdownLeaderElection(134)) - cbde3520-0cea-4357-bb04-1a0ae64b2bb1: shutdown LeaderElection
2019-10-17 07:42:11,607 [cbde3520-0cea-4357-bb04-1a0ae64b2bb1@group-7EB39FB5DF22-LeaderElection298] INFO  impl.RoleInfo (RoleInfo.java:updateAndGet(143)) - cbde3520-0cea-4357-bb04-1a0ae64b2bb1: start FollowerState
2019-10-17 07:42:11,751 [Thread-2174] INFO  impl.FollowerState (FollowerState.java:run(108)) - cbde3520-0cea-4357-bb04-1a0ae64b2bb1@group-7EB39FB5DF22-FollowerState: change to CANDIDATE, lastRpcTime:144ms, electionTimeout:144ms
2019-10-17 07:42:11,751 [Thread-2174] INFO  impl.RoleInfo (RoleInfo.java:shutdownFollowerState(121)) - cbde3520-0cea-4357-bb04-1a0ae64b2bb1: shutdown FollowerState
2019-10-17 07:42:11,752 [Thread-2174] INFO  impl.RaftServerImpl (RaftServerImpl.java:setRole(184)) - cbde3520-0cea-4357-bb04-1a0ae64b2bb1@group-7EB39FB5DF22: changes role from  FOLLOWER to CANDIDATE at term 320 for changeToCandidate
2019-10-17 07:42:11,752 [Thread-2174] INFO  impl.RoleInfo (RoleInfo.java:updateAndGet(143)) - cbde3520-0cea-4357-bb04-1a0ae64b2bb1: start LeaderElection
2019-10-17 07:42:11,776 [cbde3520-0cea-4357-bb04-1a0ae64b2bb1@group-7EB39FB5DF22-LeaderElection299] INFO  impl.LeaderElection (LeaderElection.java:askForVotes(178)) - cbde3520-0cea-4357-bb04-1a0ae64b2bb1@group-7EB39FB5DF22-LeaderElection299: begin an election at term 321 for -1: [40d2d32e-dd25-45df-8070-f9dc56ccf0a7:192.168.34.62:41633, cbde3520-0cea-4357-bb04-1a0ae64b2bb1:192.168.34.62:41642, 443b071d-6096-48d6-bfe7-498b7c8032c0:192.168.34.62:46516], old=null
2019-10-17 07:42:11,777 [cbde3520-0cea-4357-bb04-1a0ae64b2bb1@group-7EB39FB5DF22-LeaderElection299] INFO  impl.LeaderElection (LeaderElection.java:logAndReturn(56)) - cbde3520-0cea-4357-bb04-1a0ae64b2bb1@group-7EB39FB5DF22-LeaderElection299: Election TIMEOUT; received 0 response(s) [] and 0 exception(s); cbde3520-0cea-4357-bb04-1a0ae64b2bb1@group-7EB39FB5DF22:t321, leader=null, voted=cbde3520-0cea-4357-bb04-1a0ae64b2bb1, raftlog=cbde3520-0cea-4357-bb04-1a0ae64b2bb1@group-7EB39FB5DF22-SegmentedRaftLog:OPENED:c-1,f-1,i0, conf=-1: [40d2d32e-dd25-45df-8070-f9dc56ccf0a7:192.168.34.62:41633, cbde3520-0cea-4357-bb04-1a0ae64b2bb1:192.168.34.62:41642, 443b071d-6096-48d6-bfe7-498b7c8032c0:192.168.34.62:46516], old=null
2019-10-17 07:42:11,778 [grpc-default-executor-1] INFO  impl.RaftServerImpl (RaftServerImpl.java:setRole(184)) - 40d2d32e-dd25-45df-8070-f9dc56ccf0a7@group-7EB39FB5DF22: changes role from  FOLLOWER to FOLLOWER at term 321 for recognizeCandidate:cbde3520-0cea-4357-bb04-1a0ae64b2bb1
2019-10-17 07:42:11,778 [grpc-default-executor-1] INFO  impl.RoleInfo (RoleInfo.java:shutdownFollowerState(121)) - 40d2d32e-dd25-45df-8070-f9dc56ccf0a7: shutdown FollowerState
2019-10-17 07:42:11,779 [grpc-default-executor-1] INFO  impl.RoleInfo (RoleInfo.java:updateAndGet(143)) - 40d2d32e-dd25-45df-8070-f9dc56ccf0a7: start FollowerState
2019-10-17 07:42:11,779 [grpc-default-executor-4] INFO  impl.RaftServerImpl (RaftServerImpl.java:setRole(184)) - 443b071d-6096-48d6-bfe7-498b7c8032c0@group-7EB39FB5DF22: changes role from  FOLLOWER to FOLLOWER at term 321 for recognizeCandidate:cbde3520-0cea-4357-bb04-1a0ae64b2bb1
2019-10-17 07:42:11,779 [grpc-default-executor-4] INFO  impl.RoleInfo (RoleInfo.java:shutdownFollowerState(121)) - 443b071d-6096-48d6-bfe7-498b7c8032c0: shutdown FollowerState
2019-10-17 07:42:11,779 [Thread-2172] INFO  impl.FollowerState (FollowerState.java:run(117)) - 40d2d32e-dd25-45df-8070-f9dc56ccf0a7@group-7EB39FB5DF22-FollowerState was interrupted: java.lang.InterruptedException: sleep interrupted
2019-10-17 07:42:11,779 [Thread-2173] INFO  impl.FollowerState (FollowerState.java:run(117)) - 443b071d-6096-48d6-bfe7-498b7c8032c0@group-7EB39FB5DF22-FollowerState was interrupted: java.lang.InterruptedException: sleep interrupted
2019-10-17 07:42:11,779 [grpc-default-executor-4] INFO  impl.RoleInfo (RoleInfo.java:updateAndGet(143)) - 443b071d-6096-48d6-bfe7-498b7c8032c0: start FollowerState
2019-10-17 07:42:11,794 [cbde3520-0cea-4357-bb04-1a0ae64b2bb1@group-7EB39FB5DF22-LeaderElection299] INFO  impl.LeaderElection (LeaderElection.java:askForVotes(178)) - cbde3520-0cea-4357-bb04-1a0ae64b2bb1@group-7EB39FB5DF22-LeaderElection299: begin an election at term 322 for -1: [40d2d32e-dd25-45df-8070-f9dc56ccf0a7:192.168.34.62:41633, cbde3520-0cea-4357-bb04-1a0ae64b2bb1:192.168.34.62:41642, 443b071d-6096-48d6-bfe7-498b7c8032c0:192.168.34.62:46516], old=null
2019-10-17 07:42:11,796 [grpc-default-executor-1] INFO  impl.RaftServerImpl (RaftServerImpl.java:setRole(184)) - 40d2d32e-dd25-45df-8070-f9dc56ccf0a7@group-7EB39FB5DF22: changes role from  FOLLOWER to FOLLOWER at term 322 for recognizeCandidate:cbde3520-0cea-4357-bb04-1a0ae64b2bb1
2019-10-17 07:42:11,796 [grpc-default-executor-1] INFO  impl.RoleInfo (RoleInfo.java:shutdownFollowerState(121)) - 40d2d32e-dd25-45df-8070-f9dc56ccf0a7: shutdown FollowerState
2019-10-17 07:42:11,796 [grpc-default-executor-4] INFO  impl.RaftServerImpl (RaftServerImpl.java:setRole(184)) - 443b071d-6096-48d6-bfe7-498b7c8032c0@group-7EB39FB5DF22: changes role from  FOLLOWER to FOLLOWER at term 322 for recognizeCandidate:cbde3520-0cea-4357-bb04-1a0ae64b2bb1
2019-10-17 07:42:11,796 [grpc-default-executor-4] INFO  impl.RoleInfo (RoleInfo.java:shutdownFollowerState(121)) - 443b071d-6096-48d6-bfe7-498b7c8032c0: shutdown FollowerState
2019-10-17 07:42:11,796 [Thread-2178] INFO  impl.FollowerState (FollowerState.java:run(117)) - 40d2d32e-dd25-45df-8070-f9dc56ccf0a7@group-7EB39FB5DF22-FollowerState was interrupted: java.lang.InterruptedException: sleep interrupted
2019-10-17 07:42:11,796 [grpc-default-executor-1] INFO  impl.RoleInfo (RoleInfo.java:updateAndGet(143)) - 40d2d32e-dd25-45df-8070-f9dc56ccf0a7: start FollowerState
2019-10-17 07:42:11,796 [Thread-2179] INFO  impl.FollowerState (FollowerState.java:run(117)) - 443b071d-6096-48d6-bfe7-498b7c8032c0@group-7EB39FB5DF22-FollowerState was interrupted: java.lang.InterruptedException: sleep interrupted
2019-10-17 07:42:11,796 [grpc-default-executor-4] INFO  impl.RoleInfo (RoleInfo.java:updateAndGet(143)) - 443b071d-6096-48d6-bfe7-498b7c8032c0: start FollowerState
2019-10-17 07:42:11,811 [cbde3520-0cea-4357-bb04-1a0ae64b2bb1@group-7EB39FB5DF22-LeaderElection299] INFO  impl.LeaderElection (LeaderElection.java:logAndReturn(56)) - cbde3520-0cea-4357-bb04-1a0ae64b2bb1@group-7EB39FB5DF22-LeaderElection299: Election REJECTED; received 2 response(s) [cbde3520-0cea-4357-bb04-1a0ae64b2bb1<-40d2d32e-dd25-45df-8070-f9dc56ccf0a7#0:FAIL-t322, cbde3520-0cea-4357-bb04-1a0ae64b2bb1<-443b071d-6096-48d6-bfe7-498b7c8032c0#0:FAIL-t322] and 0 exception(s); cbde3520-0cea-4357-bb04-1a0ae64b2bb1@group-7EB39FB5DF22:t322, leader=null, voted=cbde3520-0cea-4357-bb04-1a0ae64b2bb1, raftlog=cbde3520-0cea-4357-bb04-1a0ae64b2bb1@group-7EB39FB5DF22-SegmentedRaftLog:OPENED:c-1,f-1,i0, conf=-1: [40d2d32e-dd25-45df-8070-f9dc56ccf0a7:192.168.34.62:41633, cbde3520-0cea-4357-bb04-1a0ae64b2bb1:192.168.34.62:41642, 443b071d-6096-48d6-bfe7-498b7c8032c0:192.168.34.62:46516], old=null
2019-10-17 07:42:11,811 [cbde3520-0cea-4357-bb04-1a0ae64b2bb1@group-7EB39FB5DF22-LeaderElection299] INFO  impl.RaftServerImpl (RaftServerImpl.java:setRole(184)) - cbde3520-0cea-4357-bb04-1a0ae64b2bb1@group-7EB39FB5DF22: changes role from CANDIDATE to FOLLOWER at term 322 for DISCOVERED_A_NEW_TERM
2019-10-17 07:42:11,811 [cbde3520-0cea-4357-bb04-1a0ae64b2bb1@group-7EB39FB5DF22-LeaderElection299] INFO  impl.RoleInfo (RoleInfo.java:shutdownLeaderElection(134)) - cbde3520-0cea-4357-bb04-1a0ae64b2bb1: shutdown LeaderElection
2019-10-17 07:42:11,811 [cbde3520-0cea-4357-bb04-1a0ae64b2bb1@group-7EB39FB5DF22-LeaderElection299] INFO  impl.RoleInfo (RoleInfo.java:updateAndGet(143)) - cbde3520-0cea-4357-bb04-1a0ae64b2bb1: start FollowerState
2019-10-17 07:42:11,925 [Thread-2184] INFO  impl.FollowerState (FollowerState.java:run(108)) - cbde3520-0cea-4357-bb04-1a0ae64b2bb1@group-7EB39FB5DF22-FollowerState: change to CANDIDATE, lastRpcTime:113ms, electionTimeout:113ms
2019-10-17 07:42:11,925 [Thread-2184] INFO  impl.RoleInfo (RoleInfo.java:shutdownFollowerState(121)) - cbde3520-0cea-4357-bb04-1a0ae64b2bb1: shutdown FollowerState
2019-10-17 07:42:11,925 [Thread-2184] INFO  impl.RaftServerImpl (RaftServerImpl.java:setRole(184)) - cbde3520-0cea-4357-bb04-1a0ae64b2bb1@group-7EB39FB5DF22: changes role from  FOLLOWER to CANDIDATE at term 322 for changeToCandidate
2019-10-17 07:42:11,926 [Thread-2184] INFO  impl.RoleInfo (RoleInfo.java:updateAndGet(143)) - cbde3520-0cea-4357-bb04-1a0ae64b2bb1: start LeaderElection
2019-10-17 07:42:11,949 [cbde3520-0cea-4357-bb04-1a0ae64b2bb1@group-7EB39FB5DF22-LeaderElection300] INFO  impl.LeaderElection (LeaderElection.java:askForVotes(178)) - cbde3520-0cea-4357-bb04-1a0ae64b2bb1@group-7EB39FB5DF22-LeaderElection300: begin an election at term 323 for -1: [40d2d32e-dd25-45df-8070-f9dc56ccf0a7:192.168.34.62:41633, cbde3520-0cea-4357-bb04-1a0ae64b2bb1:192.168.34.62:41642, 443b071d-6096-48d6-bfe7-498b7c8032c0:192.168.34.62:46516], old=null
2019-10-17 07:42:11,951 [grpc-default-executor-1] INFO  impl.RaftServerImpl (RaftServerImpl.java:setRole(184)) - 40d2d32e-dd25-45df-8070-f9dc56ccf0a7@group-7EB39FB5DF22: changes role from  FOLLOWER to FOLLOWER at term 323 for recognizeCandidate:cbde3520-0cea-4357-bb04-1a0ae64b2bb1
2019-10-17 07:42:11,951 [grpc-default-executor-1] INFO  impl.RoleInfo (RoleInfo.java:shutdownFollowerState(121)) - 40d2d32e-dd25-45df-8070-f9dc56ccf0a7: shutdown FollowerState
2019-10-17 07:42:11,952 [grpc-default-executor-1] INFO  impl.RoleInfo (RoleInfo.java:updateAndGet(143)) - 40d2d32e-dd25-45df-8070-f9dc56ccf0a7: start FollowerState
2019-10-17 07:42:11,952 [Thread-2182] INFO  impl.FollowerState (FollowerState.java:run(117)) - 40d2d32e-dd25-45df-8070-f9dc56ccf0a7@group-7EB39FB5DF22-FollowerState was interrupted: java.lang.InterruptedException: sleep interrupted
2019-10-17 07:42:11,952 [grpc-default-executor-4] INFO  impl.RaftServerImpl (RaftServerImpl.java:setRole(184)) - 443b071d-6096-48d6-bfe7-498b7c8032c0@group-7EB39FB5DF22: changes role from  FOLLOWER to FOLLOWER at term 323 for recognizeCandidate:cbde3520-0cea-4357-bb04-1a0ae64b2bb1
2019-10-17 07:42:11,952 [grpc-default-executor-4] INFO  impl.RoleInfo (RoleInfo.java:shutdownFollowerState(121)) - 443b071d-6096-48d6-bfe7-498b7c8032c0: shutdown FollowerState
2019-10-17 07:42:11,952 [grpc-default-executor-4] INFO  impl.RoleInfo (RoleInfo.java:updateAndGet(143)) - 443b071d-6096-48d6-bfe7-498b7c8032c0: start FollowerState
2019-10-17 07:42:11,952 [Thread-2183] INFO  impl.FollowerState (FollowerState.java:run(117)) - 443b071d-6096-48d6-bfe7-498b7c8032c0@group-7EB39FB5DF22-FollowerState was interrupted: java.lang.InterruptedException: sleep interrupted
2019-10-17 07:42:11,976 [cbde3520-0cea-4357-bb04-1a0ae64b2bb1@group-7EB39FB5DF22-LeaderElection300] INFO  impl.LeaderElection (LeaderElection.java:logAndReturn(56)) - cbde3520-0cea-4357-bb04-1a0ae64b2bb1@group-7EB39FB5DF22-LeaderElection300: Election REJECTED; received 2 response(s) [cbde3520-0cea-4357-bb04-1a0ae64b2bb1<-40d2d32e-dd25-45df-8070-f9dc56ccf0a7#0:FAIL-t323, cbde3520-0cea-4357-bb04-1a0ae64b2bb1<-443b071d-6096-48d6-bfe7-498b7c8032c0#0:FAIL-t323] and 0 exception(s); cbde3520-0cea-4357-bb04-1a0ae64b2bb1@group-7EB39FB5DF22:t323, leader=null, voted=cbde3520-0cea-4357-bb04-1a0ae64b2bb1, raftlog=cbde3520-0cea-4357-bb04-1a0ae64b2bb1@group-7EB39FB5DF22-SegmentedRaftLog:OPENED:c-1,f-1,i0, conf=-1: [40d2d32e-dd25-45df-8070-f9dc56ccf0a7:192.168.34.62:41633, cbde3520-0cea-4357-bb04-1a0ae64b2bb1:192.168.34.62:41642, 443b071d-6096-48d6-bfe7-498b7c8032c0:192.168.34.62:46516], old=null
2019-10-17 07:42:11,976 [cbde3520-0cea-4357-bb04-1a0ae64b2bb1@group-7EB39FB5DF22-LeaderElection300] INFO  impl.RaftServerImpl (RaftServerImpl.java:setRole(184)) - cbde3520-0cea-4357-bb04-1a0ae64b2bb1@group-7EB39FB5DF22: changes role from CANDIDATE to FOLLOWER at term 323 for DISCOVERED_A_NEW_TERM
2019-10-17 07:42:11,976 [cbde3520-0cea-4357-bb04-1a0ae64b2bb1@group-7EB39FB5DF22-LeaderElection300] INFO  impl.RoleInfo (RoleInfo.java:shutdownLeaderElection(134)) - cbde3520-0cea-4357-bb04-1a0ae64b2bb1: shutdown LeaderElection
2019-10-17 07:42:11,976 [cbde3520-0cea-4357-bb04-1a0ae64b2bb1@group-7EB39FB5DF22-LeaderElection300] INFO  impl.RoleInfo (RoleInfo.java:updateAndGet(143)) - cbde3520-0cea-4357-bb04-1a0ae64b2bb1: start FollowerState
2019-10-17 07:42:12,105 [Thread-2190] INFO  impl.FollowerState (FollowerState.java:run(108)) - cbde3520-0cea-4357-bb04-1a0ae64b2bb1@group-7EB39FB5DF22-FollowerState: change to CANDIDATE, lastRpcTime:128ms, electionTimeout:128ms
2019-10-17 07:42:12,105 [Thread-2190] INFO  impl.RoleInfo (RoleInfo.java:shutdownFollowerState(121)) - cbde3520-0cea-4357-bb04-1a0ae64b2bb1: shutdown FollowerState
2019-10-17 07:42:12,105 [Thread-2190] INFO  impl.RaftServerImpl (RaftServerImpl.java:setRole(184)) - cbde3520-0cea-4357-bb04-1a0ae64b2bb1@group-7EB39FB5DF22: changes role from  FOLLOWER to CANDIDATE at term 323 for changeToCandidate
2019-10-17 07:42:12,105 [Thread-2190] INFO  impl.RoleInfo (RoleInfo.java:updateAndGet(143)) - cbde3520-0cea-4357-bb04-1a0ae64b2bb1: start LeaderElection
2019-10-17 07:42:12,130 [cbde3520-0cea-4357-bb04-1a0ae64b2bb1@group-7EB39FB5DF22-LeaderElection301] INFO  impl.LeaderElection (LeaderElection.java:askForVotes(178)) - cbde3520-0cea-4357-bb04-1a0ae64b2bb1@group-7EB39FB5DF22-LeaderElection301: begin an election at term 324 for -1: [40d2d32e-dd25-45df-8070-f9dc56ccf0a7:192.168.34.62:41633, cbde3520-0cea-4357-bb04-1a0ae64b2bb1:192.168.34.62:41642, 443b071d-6096-48d6-bfe7-498b7c8032c0:192.168.34.62:46516], old=null
2019-10-17 07:42:12,133 [grpc-default-executor-1] INFO  impl.RaftServerImpl (RaftServerImpl.java:setRole(184)) - 40d2d32e-dd25-45df-8070-f9dc56ccf0a7@group-7EB39FB5DF22: changes role from  FOLLOWER to FOLLOWER at term 324 for recognizeCandidate:cbde3520-0cea-4357-bb04-1a0ae64b2bb1
2019-10-17 07:42:12,133 [grpc-default-executor-1] INFO  impl.RoleInfo (RoleInfo.java:shutdownFollowerState(121)) - 40d2d32e-dd25-45df-8070-f9dc56ccf0a7: shutdown FollowerState
2019-10-17 07:42:12,133 [grpc-default-executor-1] INFO  impl.RoleInfo (RoleInfo.java:updateAndGet(143)) - 40d2d32e-dd25-45df-8070-f9dc56ccf0a7: start FollowerState
2019-10-17 07:42:12,133 [grpc-default-executor-4] INFO  impl.RaftServerImpl (RaftServerImpl.java:setRole(184)) - 443b071d-6096-48d6-bfe7-498b7c8032c0@group-7EB39FB5DF22: changes role from  FOLLOWER to FOLLOWER at term 324 for recognizeCandidate:cbde3520-0cea-4357-bb04-1a0ae64b2bb1
2019-10-17 07:42:12,134 [grpc-default-executor-4] INFO  impl.RoleInfo (RoleInfo.java:shutdownFollowerState(121)) - 443b071d-6096-48d6-bfe7-498b7c8032c0: shutdown FollowerState
2019-10-17 07:42:12,133 [Thread-2188] INFO  impl.FollowerState (FollowerState.java:run(117)) - 40d2d32e-dd25-45df-8070-f9dc56ccf0a7@group-7EB39FB5DF22-FollowerState was interrupted: java.lang.InterruptedException: sleep interrupted
2019-10-17 07:42:12,134 [Thread-2189] INFO  impl.FollowerState (FollowerState.java:run(117)) - 443b071d-6096-48d6-bfe7-498b7c8032c0@group-7EB39FB5DF22-FollowerState was interrupted: java.lang.InterruptedException: sleep interrupted
2019-10-17 07:42:12,134 [grpc-default-executor-4] INFO  impl.RoleInfo (RoleInfo.java:updateAndGet(143)) - 443b071d-6096-48d6-bfe7-498b7c8032c0: start FollowerState
2019-10-17 07:42:12,148 [cbde3520-0cea-4357-bb04-1a0ae64b2bb1@group-7EB39FB5DF22-LeaderElection301] INFO  impl.LeaderElection (LeaderElection.java:logAndReturn(56)) - cbde3520-0cea-4357-bb04-1a0ae64b2bb1@group-7EB39FB5DF22-LeaderElection301: Election REJECTED; received 2 response(s) [cbde3520-0cea-4357-bb04-1a0ae64b2bb1<-40d2d32e-dd25-45df-8070-f9dc56ccf0a7#0:FAIL-t324, cbde3520-0cea-4357-bb04-1a0ae64b2bb1<-443b071d-6096-48d6-bfe7-498b7c8032c0#0:FAIL-t324] and 0 exception(s); cbde3520-0cea-4357-bb04-1a0ae64b2bb1@group-7EB39FB5DF22:t324, leader=null, voted=cbde3520-0cea-4357-bb04-1a0ae64b2bb1, raftlog=cbde3520-0cea-4357-bb04-1a0ae64b2bb1@group-7EB39FB5DF22-SegmentedRaftLog:OPENED:c-1,f-1,i0, conf=-1: [40d2d32e-dd25-45df-8070-f9dc56ccf0a7:192.168.34.62:41633, cbde3520-0cea-4357-bb04-1a0ae64b2bb1:192.168.34.62:41642, 443b071d-6096-48d6-bfe7-498b7c8032c0:192.168.34.62:46516], old=null
2019-10-17 07:42:12,148 [cbde3520-0cea-4357-bb04-1a0ae64b2bb1@group-7EB39FB5DF22-LeaderElection301] INFO  impl.RaftServerImpl (RaftServerImpl.java:setRole(184)) - cbde3520-0cea-4357-bb04-1a0ae64b2bb1@group-7EB39FB5DF22: changes role from CANDIDATE to FOLLOWER at term 324 for DISCOVERED_A_NEW_TERM
2019-10-17 07:42:12,149 [cbde3520-0cea-4357-bb04-1a0ae64b2bb1@group-7EB39FB5DF22-LeaderElection301] INFO  impl.RoleInfo (RoleInfo.java:shutdownLeaderElection(134)) - cbde3520-0cea-4357-bb04-1a0ae64b2bb1: shutdown LeaderElection
2019-10-17 07:42:12,149 [cbde3520-0cea-4357-bb04-1a0ae64b2bb1@group-7EB39FB5DF22-LeaderElection301] INFO  impl.RoleInfo (RoleInfo.java:updateAndGet(143)) - cbde3520-0cea-4357-bb04-1a0ae64b2bb1: start FollowerState
2019-10-17 07:42:12,223 [main] INFO  ozone.MiniOzoneClusterImpl (MiniOzoneClusterImpl.java:lambda$waitForClusterToBeReady$2(164)) - Waiting for 1 number of pipelines out of 5, to report a leader.
2019-10-17 07:42:12,316 [Thread-2196] INFO  impl.FollowerState (FollowerState.java:run(108)) - cbde3520-0cea-4357-bb04-1a0ae64b2bb1@group-7EB39FB5DF22-FollowerState: change to CANDIDATE, lastRpcTime:167ms, electionTimeout:167ms
2019-10-17 07:42:12,316 [Thread-2196] INFO  impl.RoleInfo (RoleInfo.java:shutdownFollowerState(121)) - cbde3520-0cea-4357-bb04-1a0ae64b2bb1: shutdown FollowerState
2019-10-17 07:42:12,317 [Thread-2196] INFO  impl.RaftServerImpl (RaftServerImpl.java:setRole(184)) - cbde3520-0cea-4357-bb04-1a0ae64b2bb1@group-7EB39FB5DF22: changes role from  FOLLOWER to CANDIDATE at term 324 for changeToCandidate
2019-10-17 07:42:12,317 [Thread-2196] INFO  impl.RoleInfo (RoleInfo.java:updateAndGet(143)) - cbde3520-0cea-4357-bb04-1a0ae64b2bb1: start LeaderElection
2019-10-17 07:42:12,340 [cbde3520-0cea-4357-bb04-1a0ae64b2bb1@group-7EB39FB5DF22-LeaderElection302] INFO  impl.LeaderElection (LeaderElection.java:askForVotes(178)) - cbde3520-0cea-4357-bb04-1a0ae64b2bb1@group-7EB39FB5DF22-LeaderElection302: begin an election at term 325 for -1: [40d2d32e-dd25-45df-8070-f9dc56ccf0a7:192.168.34.62:41633, cbde3520-0cea-4357-bb04-1a0ae64b2bb1:192.168.34.62:41642, 443b071d-6096-48d6-bfe7-498b7c8032c0:192.168.34.62:46516], old=null
2019-10-17 07:42:12,343 [grpc-default-executor-4] INFO  impl.RaftServerImpl (RaftServerImpl.java:setRole(184)) - 40d2d32e-dd25-45df-8070-f9dc56ccf0a7@group-7EB39FB5DF22: changes role from  FOLLOWER to FOLLOWER at term 325 for recognizeCandidate:cbde3520-0cea-4357-bb04-1a0ae64b2bb1
2019-10-17 07:42:12,343 [grpc-default-executor-4] INFO  impl.RoleInfo (RoleInfo.java:shutdownFollowerState(121)) - 40d2d32e-dd25-45df-8070-f9dc56ccf0a7: shutdown FollowerState
2019-10-17 07:42:12,343 [grpc-default-executor-1] INFO  impl.RaftServerImpl (RaftServerImpl.java:setRole(184)) - 443b071d-6096-48d6-bfe7-498b7c8032c0@group-7EB39FB5DF22: changes role from  FOLLOWER to FOLLOWER at term 325 for recognizeCandidate:cbde3520-0cea-4357-bb04-1a0ae64b2bb1
2019-10-17 07:42:12,344 [grpc-default-executor-1] INFO  impl.RoleInfo (RoleInfo.java:shutdownFollowerState(121)) - 443b071d-6096-48d6-bfe7-498b7c8032c0: shutdown FollowerState
2019-10-17 07:42:12,343 [Thread-2194] INFO  impl.FollowerState (FollowerState.java:run(117)) - 40d2d32e-dd25-45df-8070-f9dc56ccf0a7@group-7EB39FB5DF22-FollowerState was interrupted: java.lang.InterruptedException: sleep interrupted
2019-10-17 07:42:12,343 [grpc-default-executor-4] INFO  impl.RoleInfo (RoleInfo.java:updateAndGet(143)) - 40d2d32e-dd25-45df-8070-f9dc56ccf0a7: start FollowerState
2019-10-17 07:42:12,344 [Thread-2195] INFO  impl.FollowerState (FollowerState.java:run(117)) - 443b071d-6096-48d6-bfe7-498b7c8032c0@group-7EB39FB5DF22-FollowerState was interrupted: java.lang.InterruptedException: sleep interrupted
2019-10-17 07:42:12,344 [grpc-default-executor-1] INFO  impl.RoleInfo (RoleInfo.java:updateAndGet(143)) - 443b071d-6096-48d6-bfe7-498b7c8032c0: start FollowerState
2019-10-17 07:42:12,370 [cbde3520-0cea-4357-bb04-1a0ae64b2bb1@group-7EB39FB5DF22-LeaderElection302] INFO  impl.LeaderElection (LeaderElection.java:logAndReturn(56)) - cbde3520-0cea-4357-bb04-1a0ae64b2bb1@group-7EB39FB5DF22-LeaderElection302: Election REJECTED; received 2 response(s) [cbde3520-0cea-4357-bb04-1a0ae64b2bb1<-40d2d32e-dd25-45df-8070-f9dc56ccf0a7#0:FAIL-t325, cbde3520-0cea-4357-bb04-1a0ae64b2bb1<-443b071d-6096-48d6-bfe7-498b7c8032c0#0:FAIL-t325] and 0 exception(s); cbde3520-0cea-4357-bb04-1a0ae64b2bb1@group-7EB39FB5DF22:t325, leader=null, voted=cbde3520-0cea-4357-bb04-1a0ae64b2bb1, raftlog=cbde3520-0cea-4357-bb04-1a0ae64b2bb1@group-7EB39FB5DF22-SegmentedRaftLog:OPENED:c-1,f-1,i0, conf=-1: [40d2d32e-dd25-45df-8070-f9dc56ccf0a7:192.168.34.62:41633, cbde3520-0cea-4357-bb04-1a0ae64b2bb1:192.168.34.62:41642, 443b071d-6096-48d6-bfe7-498b7c8032c0:192.168.34.62:46516], old=null
2019-10-17 07:42:12,370 [cbde3520-0cea-4357-bb04-1a0ae64b2bb1@group-7EB39FB5DF22-LeaderElection302] INFO  impl.RaftServerImpl (RaftServerImpl.java:setRole(184)) - cbde3520-0cea-4357-bb04-1a0ae64b2bb1@group-7EB39FB5DF22: changes role from CANDIDATE to FOLLOWER at term 325 for DISCOVERED_A_NEW_TERM
2019-10-17 07:42:12,370 [cbde3520-0cea-4357-bb04-1a0ae64b2bb1@group-7EB39FB5DF22-LeaderElection302] INFO  impl.RoleInfo (RoleInfo.java:shutdownLeaderElection(134)) - cbde3520-0cea-4357-bb04-1a0ae64b2bb1: shutdown LeaderElection
2019-10-17 07:42:12,371 [cbde3520-0cea-4357-bb04-1a0ae64b2bb1@group-7EB39FB5DF22-LeaderElection302] INFO  impl.RoleInfo (RoleInfo.java:updateAndGet(143)) - cbde3520-0cea-4357-bb04-1a0ae64b2bb1: start FollowerState
2019-10-17 07:42:12,384 [Thread-2202] INFO  impl.FollowerState (FollowerState.java:run(108)) - cbde3520-0cea-4357-bb04-1a0ae64b2bb1@group-7EB39FB5DF22-FollowerState: change to CANDIDATE, lastRpcTime:13ms, electionTimeout:13ms
2019-10-17 07:42:12,384 [Thread-2202] INFO  impl.RoleInfo (RoleInfo.java:shutdownFollowerState(121)) - cbde3520-0cea-4357-bb04-1a0ae64b2bb1: shutdown FollowerState
2019-10-17 07:42:12,384 [Thread-2202] INFO  impl.RaftServerImpl (RaftServerImpl.java:setRole(184)) - cbde3520-0cea-4357-bb04-1a0ae64b2bb1@group-7EB39FB5DF22: changes role from  FOLLOWER to CANDIDATE at term 325 for changeToCandidate
2019-10-17 07:42:12,385 [Thread-2202] INFO  impl.RoleInfo (RoleInfo.java:updateAndGet(143)) - cbde3520-0cea-4357-bb04-1a0ae64b2bb1: start LeaderElection
2019-10-17 07:42:12,408 [cbde3520-0cea-4357-bb04-1a0ae64b2bb1@group-7EB39FB5DF22-LeaderElection303] INFO  impl.LeaderElection (LeaderElection.java:askForVotes(178)) - cbde3520-0cea-4357-bb04-1a0ae64b2bb1@group-7EB39FB5DF22-LeaderElection303: begin an election at term 326 for -1: [40d2d32e-dd25-45df-8070-f9dc56ccf0a7:192.168.34.62:41633, cbde3520-0cea-4357-bb04-1a0ae64b2bb1:192.168.34.62:41642, 443b071d-6096-48d6-bfe7-498b7c8032c0:192.168.34.62:46516], old=null
2019-10-17 07:42:12,410 [grpc-default-executor-4] INFO  impl.RaftServerImpl (RaftServerImpl.java:setRole(184)) - 443b071d-6096-48d6-bfe7-498b7c8032c0@group-7EB39FB5DF22: changes role from  FOLLOWER to FOLLOWER at term 326 for recognizeCandidate:cbde3520-0cea-4357-bb04-1a0ae64b2bb1
2019-10-17 07:42:12,410 [grpc-default-executor-4] INFO  impl.RoleInfo (RoleInfo.java:shutdownFollowerState(121)) - 443b071d-6096-48d6-bfe7-498b7c8032c0: shutdown FollowerState
2019-10-17 07:42:12,411 [grpc-default-executor-4] INFO  impl.RoleInfo (RoleInfo.java:updateAndGet(143)) - 443b071d-6096-48d6-bfe7-498b7c8032c0: start FollowerState
2019-10-17 07:42:12,411 [Thread-2201] INFO  impl.FollowerState (FollowerState.java:run(117)) - 443b071d-6096-48d6-bfe7-498b7c8032c0@group-7EB39FB5DF22-FollowerState was interrupted: java.lang.InterruptedException: sleep interrupted
2019-10-17 07:42:12,411 [grpc-default-executor-1] INFO  impl.RaftServerImpl (RaftServerImpl.java:setRole(184)) - 40d2d32e-dd25-45df-8070-f9dc56ccf0a7@group-7EB39FB5DF22: changes role from  FOLLOWER to FOLLOWER at term 326 for recognizeCandidate:cbde3520-0cea-4357-bb04-1a0ae64b2bb1
2019-10-17 07:42:12,411 [grpc-default-executor-1] INFO  impl.RoleInfo (RoleInfo.java:shutdownFollowerState(121)) - 40d2d32e-dd25-45df-8070-f9dc56ccf0a7: shutdown FollowerState
2019-10-17 07:42:12,411 [grpc-default-executor-1] INFO  impl.RoleInfo (RoleInfo.java:updateAndGet(143)) - 40d2d32e-dd25-45df-8070-f9dc56ccf0a7: start FollowerState
2019-10-17 07:42:12,411 [Thread-2200] INFO  impl.FollowerState (FollowerState.java:run(117)) - 40d2d32e-dd25-45df-8070-f9dc56ccf0a7@group-7EB39FB5DF22-FollowerState was interrupted: java.lang.InterruptedException: sleep interrupted
2019-10-17 07:42:12,427 [cbde3520-0cea-4357-bb04-1a0ae64b2bb1@group-7EB39FB5DF22-LeaderElection303] INFO  impl.LeaderElection (LeaderElection.java:logAndReturn(56)) - cbde3520-0cea-4357-bb04-1a0ae64b2bb1@group-7EB39FB5DF22-LeaderElection303: Election REJECTED; received 2 response(s) [cbde3520-0cea-4357-bb04-1a0ae64b2bb1<-40d2d32e-dd25-45df-8070-f9dc56ccf0a7#0:FAIL-t326, cbde3520-0cea-4357-bb04-1a0ae64b2bb1<-443b071d-6096-48d6-bfe7-498b7c8032c0#0:FAIL-t326] and 0 exception(s); cbde3520-0cea-4357-bb04-1a0ae64b2bb1@group-7EB39FB5DF22:t326, leader=null, voted=cbde3520-0cea-4357-bb04-1a0ae64b2bb1, raftlog=cbde3520-0cea-4357-bb04-1a0ae64b2bb1@group-7EB39FB5DF22-SegmentedRaftLog:OPENED:c-1,f-1,i0, conf=-1: [40d2d32e-dd25-45df-8070-f9dc56ccf0a7:192.168.34.62:41633, cbde3520-0cea-4357-bb04-1a0ae64b2bb1:192.168.34.62:41642, 443b071d-6096-48d6-bfe7-498b7c8032c0:192.168.34.62:46516], old=null
2019-10-17 07:42:12,428 [cbde3520-0cea-4357-bb04-1a0ae64b2bb1@group-7EB39FB5DF22-LeaderElection303] INFO  impl.RaftServerImpl (RaftServerImpl.java:setRole(184)) - cbde3520-0cea-4357-bb04-1a0ae64b2bb1@group-7EB39FB5DF22: changes role from CANDIDATE to FOLLOWER at term 326 for DISCOVERED_A_NEW_TERM
2019-10-17 07:42:12,428 [cbde3520-0cea-4357-bb04-1a0ae64b2bb1@group-7EB39FB5DF22-LeaderElection303] INFO  impl.RoleInfo (RoleInfo.java:shutdownLeaderElection(134)) - cbde3520-0cea-4357-bb04-1a0ae64b2bb1: shutdown LeaderElection
2019-10-17 07:42:12,428 [cbde3520-0cea-4357-bb04-1a0ae64b2bb1@group-7EB39FB5DF22-LeaderElection303] INFO  impl.RoleInfo (RoleInfo.java:updateAndGet(143)) - cbde3520-0cea-4357-bb04-1a0ae64b2bb1: start FollowerState
2019-10-17 07:42:12,586 [Thread-2208] INFO  impl.FollowerState (FollowerState.java:run(108)) - cbde3520-0cea-4357-bb04-1a0ae64b2bb1@group-7EB39FB5DF22-FollowerState: change to CANDIDATE, lastRpcTime:158ms, electionTimeout:158ms
2019-10-17 07:42:12,586 [Thread-2208] INFO  impl.RoleInfo (RoleInfo.java:shutdownFollowerState(121)) - cbde3520-0cea-4357-bb04-1a0ae64b2bb1: shutdown FollowerState
2019-10-17 07:42:12,587 [Thread-2208] INFO  impl.RaftServerImpl (RaftServerImpl.java:setRole(184)) - cbde3520-0cea-4357-bb04-1a0ae64b2bb1@group-7EB39FB5DF22: changes role from  FOLLOWER to CANDIDATE at term 326 for changeToCandidate
2019-10-17 07:42:12,587 [Thread-2208] INFO  impl.RoleInfo (RoleInfo.java:updateAndGet(143)) - cbde3520-0cea-4357-bb04-1a0ae64b2bb1: start LeaderElection
2019-10-17 07:42:12,611 [cbde3520-0cea-4357-bb04-1a0ae64b2bb1@group-7EB39FB5DF22-LeaderElection304] INFO  impl.LeaderElection (LeaderElection.java:askForVotes(178)) - cbde3520-0cea-4357-bb04-1a0ae64b2bb1@group-7EB39FB5DF22-LeaderElection304: begin an election at term 327 for -1: [40d2d32e-dd25-45df-8070-f9dc56ccf0a7:192.168.34.62:41633, cbde3520-0cea-4357-bb04-1a0ae64b2bb1:192.168.34.62:41642, 443b071d-6096-48d6-bfe7-498b7c8032c0:192.168.34.62:46516], old=null
2019-10-17 07:42:12,614 [grpc-default-executor-4] INFO  impl.RaftServerImpl (RaftServerImpl.java:setRole(184)) - 40d2d32e-dd25-45df-8070-f9dc56ccf0a7@group-7EB39FB5DF22: changes role from  FOLLOWER to FOLLOWER at term 327 for recognizeCandidate:cbde3520-0cea-4357-bb04-1a0ae64b2bb1
2019-10-17 07:42:12,614 [grpc-default-executor-4] INFO  impl.RoleInfo (RoleInfo.java:shutdownFollowerState(121)) - 40d2d32e-dd25-45df-8070-f9dc56ccf0a7: shutdown FollowerState
2019-10-17 07:42:12,614 [grpc-default-executor-1] INFO  impl.RaftServerImpl (RaftServerImpl.java:setRole(184)) - 443b071d-6096-48d6-bfe7-498b7c8032c0@group-7EB39FB5DF22: changes role from  FOLLOWER to FOLLOWER at term 327 for recognizeCandidate:cbde3520-0cea-4357-bb04-1a0ae64b2bb1
2019-10-17 07:42:12,614 [Thread-2207] INFO  impl.FollowerState (FollowerState.java:run(117)) - 40d2d32e-dd25-45df-8070-f9dc56ccf0a7@group-7EB39FB5DF22-FollowerState was interrupted: java.lang.InterruptedException: sleep interrupted
2019-10-17 07:42:12,614 [grpc-default-executor-4] INFO  impl.RoleInfo (RoleInfo.java:updateAndGet(143)) - 40d2d32e-dd25-45df-8070-f9dc56ccf0a7: start FollowerState
2019-10-17 07:42:12,614 [grpc-default-executor-1] INFO  impl.RoleInfo (RoleInfo.java:shutdownFollowerState(121)) - 443b071d-6096-48d6-bfe7-498b7c8032c0: shutdown FollowerState
2019-10-17 07:42:12,615 [grpc-default-executor-1] INFO  impl.RoleInfo (RoleInfo.java:updateAndGet(143)) - 443b071d-6096-48d6-bfe7-498b7c8032c0: start FollowerState
2019-10-17 07:42:12,615 [Thread-2206] INFO  impl.FollowerState (FollowerState.java:run(117)) - 443b071d-6096-48d6-bfe7-498b7c8032c0@group-7EB39FB5DF22-FollowerState was interrupted: java.lang.InterruptedException: sleep interrupted
2019-10-17 07:42:12,639 [cbde3520-0cea-4357-bb04-1a0ae64b2bb1@group-7EB39FB5DF22-LeaderElection304] INFO  impl.LeaderElection (LeaderElection.java:logAndReturn(56)) - cbde3520-0cea-4357-bb04-1a0ae64b2bb1@group-7EB39FB5DF22-LeaderElection304: Election REJECTED; received 2 response(s) [cbde3520-0cea-4357-bb04-1a0ae64b2bb1<-40d2d32e-dd25-45df-8070-f9dc56ccf0a7#0:FAIL-t327, cbde3520-0cea-4357-bb04-1a0ae64b2bb1<-443b071d-6096-48d6-bfe7-498b7c8032c0#0:FAIL-t327] and 0 exception(s); cbde3520-0cea-4357-bb04-1a0ae64b2bb1@group-7EB39FB5DF22:t327, leader=null, voted=cbde3520-0cea-4357-bb04-1a0ae64b2bb1, raftlog=cbde3520-0cea-4357-bb04-1a0ae64b2bb1@group-7EB39FB5DF22-SegmentedRaftLog:OPENED:c-1,f-1,i0, conf=-1: [40d2d32e-dd25-45df-8070-f9dc56ccf0a7:192.168.34.62:41633, cbde3520-0cea-4357-bb04-1a0ae64b2bb1:192.168.34.62:41642, 443b071d-6096-48d6-bfe7-498b7c8032c0:192.168.34.62:46516], old=null
2019-10-17 07:42:12,639 [cbde3520-0cea-4357-bb04-1a0ae64b2bb1@group-7EB39FB5DF22-LeaderElection304] INFO  impl.RaftServerImpl (RaftServerImpl.java:setRole(184)) - cbde3520-0cea-4357-bb04-1a0ae64b2bb1@group-7EB39FB5DF22: changes role from CANDIDATE to FOLLOWER at term 327 for DISCOVERED_A_NEW_TERM
2019-10-17 07:42:12,639 [cbde3520-0cea-4357-bb04-1a0ae64b2bb1@group-7EB39FB5DF22-LeaderElection304] INFO  impl.RoleInfo (RoleInfo.java:shutdownLeaderElection(134)) - cbde3520-0cea-4357-bb04-1a0ae64b2bb1: shutdown LeaderElection
2019-10-17 07:42:12,640 [cbde3520-0cea-4357-bb04-1a0ae64b2bb1@group-7EB39FB5DF22-LeaderElection304] INFO  impl.RoleInfo (RoleInfo.java:updateAndGet(143)) - cbde3520-0cea-4357-bb04-1a0ae64b2bb1: start FollowerState
2019-10-17 07:42:12,768 [Thread-2214] INFO  impl.FollowerState (FollowerState.java:run(108)) - cbde3520-0cea-4357-bb04-1a0ae64b2bb1@group-7EB39FB5DF22-FollowerState: change to CANDIDATE, lastRpcTime:128ms, electionTimeout:128ms
2019-10-17 07:42:12,768 [Thread-2214] INFO  impl.RoleInfo (RoleInfo.java:shutdownFollowerState(121)) - cbde3520-0cea-4357-bb04-1a0ae64b2bb1: shutdown FollowerState
2019-10-17 07:42:12,768 [Thread-2214] INFO  impl.RaftServerImpl (RaftServerImpl.java:setRole(184)) - cbde3520-0cea-4357-bb04-1a0ae64b2bb1@group-7EB39FB5DF22: changes role from  FOLLOWER to CANDIDATE at term 327 for changeToCandidate
2019-10-17 07:42:12,769 [Thread-2214] INFO  impl.RoleInfo (RoleInfo.java:updateAndGet(143)) - cbde3520-0cea-4357-bb04-1a0ae64b2bb1: start LeaderElection
2019-10-17 07:42:12,784 [cbde3520-0cea-4357-bb04-1a0ae64b2bb1@group-7EB39FB5DF22-LeaderElection305] INFO  impl.LeaderElection (LeaderElection.java:askForVotes(178)) - cbde3520-0cea-4357-bb04-1a0ae64b2bb1@group-7EB39FB5DF22-LeaderElection305: begin an election at term 328 for -1: [40d2d32e-dd25-45df-8070-f9dc56ccf0a7:192.168.34.62:41633, cbde3520-0cea-4357-bb04-1a0ae64b2bb1:192.168.34.62:41642, 443b071d-6096-48d6-bfe7-498b7c8032c0:192.168.34.62:46516], old=null
2019-10-17 07:42:12,786 [grpc-default-executor-4] INFO  impl.RaftServerImpl (RaftServerImpl.java:setRole(184)) - 40d2d32e-dd25-45df-8070-f9dc56ccf0a7@group-7EB39FB5DF22: changes role from  FOLLOWER to FOLLOWER at term 328 for recognizeCandidate:cbde3520-0cea-4357-bb04-1a0ae64b2bb1
2019-10-17 07:42:12,786 [grpc-default-executor-4] INFO  impl.RoleInfo (RoleInfo.java:shutdownFollowerState(121)) - 40d2d32e-dd25-45df-8070-f9dc56ccf0a7: shutdown FollowerState
2019-10-17 07:42:12,786 [grpc-default-executor-4] INFO  impl.RoleInfo (RoleInfo.java:updateAndGet(143)) - 40d2d32e-dd25-45df-8070-f9dc56ccf0a7: start FollowerState
2019-10-17 07:42:12,786 [Thread-2212] INFO  impl.FollowerState (FollowerState.java:run(117)) - 40d2d32e-dd25-45df-8070-f9dc56ccf0a7@group-7EB39FB5DF22-FollowerState was interrupted: java.lang.InterruptedException: sleep interrupted
2019-10-17 07:42:12,786 [grpc-default-executor-1] INFO  impl.RaftServerImpl (RaftServerImpl.java:setRole(184)) - 443b071d-6096-48d6-bfe7-498b7c8032c0@group-7EB39FB5DF22: changes role from  FOLLOWER to FOLLOWER at term 328 for recognizeCandidate:cbde3520-0cea-4357-bb04-1a0ae64b2bb1
2019-10-17 07:42:12,787 [grpc-default-executor-1] INFO  impl.RoleInfo (RoleInfo.java:shutdownFollowerState(121)) - 443b071d-6096-48d6-bfe7-498b7c8032c0: shutdown FollowerState
2019-10-17 07:42:12,787 [grpc-default-executor-1] INFO  impl.RoleInfo (RoleInfo.java:updateAndGet(143)) - 443b071d-6096-48d6-bfe7-498b7c8032c0: start FollowerState
2019-10-17 07:42:12,787 [Thread-2213] INFO  impl.FollowerState (FollowerState.java:run(117)) - 443b071d-6096-48d6-bfe7-498b7c8032c0@group-7EB39FB5DF22-FollowerState was interrupted: java.lang.InterruptedException: sleep interrupted
2019-10-17 07:42:12,810 [cbde3520-0cea-4357-bb04-1a0ae64b2bb1@group-7EB39FB5DF22-LeaderElection305] INFO  impl.LeaderElection (LeaderElection.java:logAndReturn(56)) - cbde3520-0cea-4357-bb04-1a0ae64b2bb1@group-7EB39FB5DF22-LeaderElection305: Election REJECTED; received 2 response(s) [cbde3520-0cea-4357-bb04-1a0ae64b2bb1<-40d2d32e-dd25-45df-8070-f9dc56ccf0a7#0:FAIL-t328, cbde3520-0cea-4357-bb04-1a0ae64b2bb1<-443b071d-6096-48d6-bfe7-498b7c8032c0#0:FAIL-t328] and 0 exception(s); cbde3520-0cea-4357-bb04-1a0ae64b2bb1@group-7EB39FB5DF22:t328, leader=null, voted=cbde3520-0cea-4357-bb04-1a0ae64b2bb1, raftlog=cbde3520-0cea-4357-bb04-1a0ae64b2bb1@group-7EB39FB5DF22-SegmentedRaftLog:OPENED:c-1,f-1,i0, conf=-1: [40d2d32e-dd25-45df-8070-f9dc56ccf0a7:192.168.34.62:41633, cbde3520-0cea-4357-bb04-1a0ae64b2bb1:192.168.34.62:41642, 443b071d-6096-48d6-bfe7-498b7c8032c0:192.168.34.62:46516], old=null
2019-10-17 07:42:12,810 [cbde3520-0cea-4357-bb04-1a0ae64b2bb1@group-7EB39FB5DF22-LeaderElection305] INFO  impl.RaftServerImpl (RaftServerImpl.java:setRole(184)) - cbde3520-0cea-4357-bb04-1a0ae64b2bb1@group-7EB39FB5DF22: changes role from CANDIDATE to FOLLOWER at term 328 for DISCOVERED_A_NEW_TERM
2019-10-17 07:42:12,811 [cbde3520-0cea-4357-bb04-1a0ae64b2bb1@group-7EB39FB5DF22-LeaderElection305] INFO  impl.RoleInfo (RoleInfo.java:shutdownLeaderElection(134)) - cbde3520-0cea-4357-bb04-1a0ae64b2bb1: shutdown LeaderElection
2019-10-17 07:42:12,811 [cbde3520-0cea-4357-bb04-1a0ae64b2bb1@group-7EB39FB5DF22-LeaderElection305] INFO  impl.RoleInfo (RoleInfo.java:updateAndGet(143)) - cbde3520-0cea-4357-bb04-1a0ae64b2bb1: start FollowerState
2019-10-17 07:42:12,868 [Thread-2220] INFO  impl.FollowerState (FollowerState.java:run(108)) - cbde3520-0cea-4357-bb04-1a0ae64b2bb1@group-7EB39FB5DF22-FollowerState: change to CANDIDATE, lastRpcTime:57ms, electionTimeout:57ms
2019-10-17 07:42:12,868 [Thread-2220] INFO  impl.RoleInfo (RoleInfo.java:shutdownFollowerState(121)) - cbde3520-0cea-4357-bb04-1a0ae64b2bb1: shutdown FollowerState
2019-10-17 07:42:12,868 [Thread-2220] INFO  impl.RaftServerImpl (RaftServerImpl.java:setRole(184)) - cbde3520-0cea-4357-bb04-1a0ae64b2bb1@group-7EB39FB5DF22: changes role from  FOLLOWER to CANDIDATE at term 328 for changeToCandidate
2019-10-17 07:42:12,869 [Thread-2220] INFO  impl.RoleInfo (RoleInfo.java:updateAndGet(143)) - cbde3520-0cea-4357-bb04-1a0ae64b2bb1: start LeaderElection
2019-10-17 07:42:12,882 [cbde3520-0cea-4357-bb04-1a0ae64b2bb1@group-7EB39FB5DF22-LeaderElection306] INFO  impl.LeaderElection (LeaderElection.java:askForVotes(178)) - cbde3520-0cea-4357-bb04-1a0ae64b2bb1@group-7EB39FB5DF22-LeaderElection306: begin an election at term 329 for -1: [40d2d32e-dd25-45df-8070-f9dc56ccf0a7:192.168.34.62:41633, cbde3520-0cea-4357-bb04-1a0ae64b2bb1:192.168.34.62:41642, 443b071d-6096-48d6-bfe7-498b7c8032c0:192.168.34.62:46516], old=null
2019-10-17 07:42:12,884 [grpc-default-executor-1] INFO  impl.RaftServerImpl (RaftServerImpl.java:setRole(184)) - 40d2d32e-dd25-45df-8070-f9dc56ccf0a7@group-7EB39FB5DF22: changes role from  FOLLOWER to FOLLOWER at term 329 for recognizeCandidate:cbde3520-0cea-4357-bb04-1a0ae64b2bb1
2019-10-17 07:42:12,885 [grpc-default-executor-1] INFO  impl.RoleInfo (RoleInfo.java:shutdownFollowerState(121)) - 40d2d32e-dd25-45df-8070-f9dc56ccf0a7: shutdown FollowerState
2019-10-17 07:42:12,885 [grpc-default-executor-1] INFO  impl.RoleInfo (RoleInfo.java:updateAndGet(143)) - 40d2d32e-dd25-45df-8070-f9dc56ccf0a7: start FollowerState
2019-10-17 07:42:12,885 [Thread-2218] INFO  impl.FollowerState (FollowerState.java:run(117)) - 40d2d32e-dd25-45df-8070-f9dc56ccf0a7@group-7EB39FB5DF22-FollowerState was interrupted: java.lang.InterruptedException: sleep interrupted
2019-10-17 07:42:12,885 [grpc-default-executor-4] INFO  impl.RaftServerImpl (RaftServerImpl.java:setRole(184)) - 443b071d-6096-48d6-bfe7-498b7c8032c0@group-7EB39FB5DF22: changes role from  FOLLOWER to FOLLOWER at term 329 for recognizeCandidate:cbde3520-0cea-4357-bb04-1a0ae64b2bb1
2019-10-17 07:42:12,885 [grpc-default-executor-4] INFO  impl.RoleInfo (RoleInfo.java:shutdownFollowerState(121)) - 443b071d-6096-48d6-bfe7-498b7c8032c0: shutdown FollowerState
2019-10-17 07:42:12,886 [grpc-default-executor-4] INFO  impl.RoleInfo (RoleInfo.java:updateAndGet(143)) - 443b071d-6096-48d6-bfe7-498b7c8032c0: start FollowerState
2019-10-17 07:42:12,886 [Thread-2219] INFO  impl.FollowerState (FollowerState.java:run(117)) - 443b071d-6096-48d6-bfe7-498b7c8032c0@group-7EB39FB5DF22-FollowerState was interrupted: java.lang.InterruptedException: sleep interrupted
2019-10-17 07:42:12,899 [cbde3520-0cea-4357-bb04-1a0ae64b2bb1@group-7EB39FB5DF22-LeaderElection306] INFO  impl.LeaderElection (LeaderElection.java:logAndReturn(56)) - cbde3520-0cea-4357-bb04-1a0ae64b2bb1@group-7EB39FB5DF22-LeaderElection306: Election TIMEOUT; received 0 response(s) [] and 0 exception(s); cbde3520-0cea-4357-bb04-1a0ae64b2bb1@group-7EB39FB5DF22:t329, leader=null, voted=cbde3520-0cea-4357-bb04-1a0ae64b2bb1, raftlog=cbde3520-0cea-4357-bb04-1a0ae64b2bb1@group-7EB39FB5DF22-SegmentedRaftLog:OPENED:c-1,f-1,i0, conf=-1: [40d2d32e-dd25-45df-8070-f9dc56ccf0a7:192.168.34.62:41633, cbde3520-0cea-4357-bb04-1a0ae64b2bb1:192.168.34.62:41642, 443b071d-6096-48d6-bfe7-498b7c8032c0:192.168.34.62:46516], old=null
2019-10-17 07:42:12,932 [cbde3520-0cea-4357-bb04-1a0ae64b2bb1@group-7EB39FB5DF22-LeaderElection306] INFO  impl.LeaderElection (LeaderElection.java:askForVotes(178)) - cbde3520-0cea-4357-bb04-1a0ae64b2bb1@group-7EB39FB5DF22-LeaderElection306: begin an election at term 330 for -1: [40d2d32e-dd25-45df-8070-f9dc56ccf0a7:192.168.34.62:41633, cbde3520-0cea-4357-bb04-1a0ae64b2bb1:192.168.34.62:41642, 443b071d-6096-48d6-bfe7-498b7c8032c0:192.168.34.62:46516], old=null
2019-10-17 07:42:12,934 [grpc-default-executor-4] INFO  impl.RaftServerImpl (RaftServerImpl.java:setRole(184)) - 40d2d32e-dd25-45df-8070-f9dc56ccf0a7@group-7EB39FB5DF22: changes role from  FOLLOWER to FOLLOWER at term 330 for recognizeCandidate:cbde3520-0cea-4357-bb04-1a0ae64b2bb1
2019-10-17 07:42:12,934 [grpc-default-executor-4] INFO  impl.RoleInfo (RoleInfo.java:shutdownFollowerState(121)) - 40d2d32e-dd25-45df-8070-f9dc56ccf0a7: shutdown FollowerState
2019-10-17 07:42:12,934 [grpc-default-executor-4] INFO  impl.RoleInfo (RoleInfo.java:updateAndGet(143)) - 40d2d32e-dd25-45df-8070-f9dc56ccf0a7: start FollowerState
2019-10-17 07:42:12,934 [Thread-2224] INFO  impl.FollowerState (FollowerState.java:run(117)) - 40d2d32e-dd25-45df-8070-f9dc56ccf0a7@group-7EB39FB5DF22-FollowerState was interrupted: java.lang.InterruptedException: sleep interrupted
2019-10-17 07:42:12,934 [grpc-default-executor-1] INFO  impl.RaftServerImpl (RaftServerImpl.java:setRole(184)) - 443b071d-6096-48d6-bfe7-498b7c8032c0@group-7EB39FB5DF22: changes role from  FOLLOWER to FOLLOWER at term 330 for recognizeCandidate:cbde3520-0cea-4357-bb04-1a0ae64b2bb1
2019-10-17 07:42:12,934 [grpc-default-executor-1] INFO  impl.RoleInfo (RoleInfo.java:shutdownFollowerState(121)) - 443b071d-6096-48d6-bfe7-498b7c8032c0: shutdown FollowerState
2019-10-17 07:42:12,935 [grpc-default-executor-1] INFO  impl.RoleInfo (RoleInfo.java:updateAndGet(143)) - 443b071d-6096-48d6-bfe7-498b7c8032c0: start FollowerState
2019-10-17 07:42:12,935 [Thread-2225] INFO  impl.FollowerState (FollowerState.java:run(117)) - 443b071d-6096-48d6-bfe7-498b7c8032c0@group-7EB39FB5DF22-FollowerState was interrupted: java.lang.InterruptedException: sleep interrupted
2019-10-17 07:42:12,945 [cbde3520-0cea-4357-bb04-1a0ae64b2bb1@group-7EB39FB5DF22-LeaderElection306] INFO  impl.LeaderElection (LeaderElection.java:logAndReturn(56)) - cbde3520-0cea-4357-bb04-1a0ae64b2bb1@group-7EB39FB5DF22-LeaderElection306: Election TIMEOUT; received 0 response(s) [] and 0 exception(s); cbde3520-0cea-4357-bb04-1a0ae64b2bb1@group-7EB39FB5DF22:t330, leader=null, voted=cbde3520-0cea-4357-bb04-1a0ae64b2bb1, raftlog=cbde3520-0cea-4357-bb04-1a0ae64b2bb1@group-7EB39FB5DF22-SegmentedRaftLog:OPENED:c-1,f-1,i0, conf=-1: [40d2d32e-dd25-45df-8070-f9dc56ccf0a7:192.168.34.62:41633, cbde3520-0cea-4357-bb04-1a0ae64b2bb1:192.168.34.62:41642, 443b071d-6096-48d6-bfe7-498b7c8032c0:192.168.34.62:46516], old=null
2019-10-17 07:42:12,975 [cbde3520-0cea-4357-bb04-1a0ae64b2bb1@group-7EB39FB5DF22-LeaderElection306] INFO  impl.LeaderElection (LeaderElection.java:askForVotes(178)) - cbde3520-0cea-4357-bb04-1a0ae64b2bb1@group-7EB39FB5DF22-LeaderElection306: begin an election at term 331 for -1: [40d2d32e-dd25-45df-8070-f9dc56ccf0a7:192.168.34.62:41633, cbde3520-0cea-4357-bb04-1a0ae64b2bb1:192.168.34.62:41642, 443b071d-6096-48d6-bfe7-498b7c8032c0:192.168.34.62:46516], old=null
2019-10-17 07:42:12,978 [grpc-default-executor-4] INFO  impl.RaftServerImpl (RaftServerImpl.java:setRole(184)) - 40d2d32e-dd25-45df-8070-f9dc56ccf0a7@group-7EB39FB5DF22: changes role from  FOLLOWER to FOLLOWER at term 331 for recognizeCandidate:cbde3520-0cea-4357-bb04-1a0ae64b2bb1
2019-10-17 07:42:12,978 [grpc-default-executor-4] INFO  impl.RoleInfo (RoleInfo.java:shutdownFollowerState(121)) - 40d2d32e-dd25-45df-8070-f9dc56ccf0a7: shutdown FollowerState
2019-10-17 07:42:12,978 [grpc-default-executor-1] INFO  impl.RaftServerImpl (RaftServerImpl.java:setRole(184)) - 443b071d-6096-48d6-bfe7-498b7c8032c0@group-7EB39FB5DF22: changes role from  FOLLOWER to FOLLOWER at term 331 for recognizeCandidate:cbde3520-0cea-4357-bb04-1a0ae64b2bb1
2019-10-17 07:42:12,978 [grpc-default-executor-1] INFO  impl.RoleInfo (RoleInfo.java:shutdownFollowerState(121)) - 443b071d-6096-48d6-bfe7-498b7c8032c0: shutdown FollowerState
2019-10-17 07:42:12,978 [Thread-2228] INFO  impl.FollowerState (FollowerState.java:run(117)) - 40d2d32e-dd25-45df-8070-f9dc56ccf0a7@group-7EB39FB5DF22-FollowerState was interrupted: java.lang.InterruptedException: sleep interrupted
2019-10-17 07:42:12,978 [grpc-default-executor-4] INFO  impl.RoleInfo (RoleInfo.java:updateAndGet(143)) - 40d2d32e-dd25-45df-8070-f9dc56ccf0a7: start FollowerState
2019-10-17 07:42:12,978 [Thread-2229] INFO  impl.FollowerState (FollowerState.java:run(117)) - 443b071d-6096-48d6-bfe7-498b7c8032c0@group-7EB39FB5DF22-FollowerState was interrupted: java.lang.InterruptedException: sleep interrupted
2019-10-17 07:42:12,978 [grpc-default-executor-1] INFO  impl.RoleInfo (RoleInfo.java:updateAndGet(143)) - 443b071d-6096-48d6-bfe7-498b7c8032c0: start FollowerState
2019-10-17 07:42:13,003 [cbde3520-0cea-4357-bb04-1a0ae64b2bb1@group-7EB39FB5DF22-LeaderElection306] INFO  impl.LeaderElection (LeaderElection.java:logAndReturn(56)) - cbde3520-0cea-4357-bb04-1a0ae64b2bb1@group-7EB39FB5DF22-LeaderElection306: Election REJECTED; received 2 response(s) [cbde3520-0cea-4357-bb04-1a0ae64b2bb1<-40d2d32e-dd25-45df-8070-f9dc56ccf0a7#0:FAIL-t331, cbde3520-0cea-4357-bb04-1a0ae64b2bb1<-443b071d-6096-48d6-bfe7-498b7c8032c0#0:FAIL-t331] and 0 exception(s); cbde3520-0cea-4357-bb04-1a0ae64b2bb1@group-7EB39FB5DF22:t331, leader=null, voted=cbde3520-0cea-4357-bb04-1a0ae64b2bb1, raftlog=cbde3520-0cea-4357-bb04-1a0ae64b2bb1@group-7EB39FB5DF22-SegmentedRaftLog:OPENED:c-1,f-1,i0, conf=-1: [40d2d32e-dd25-45df-8070-f9dc56ccf0a7:192.168.34.62:41633, cbde3520-0cea-4357-bb04-1a0ae64b2bb1:192.168.34.62:41642, 443b071d-6096-48d6-bfe7-498b7c8032c0:192.168.34.62:46516], old=null
2019-10-17 07:42:13,003 [cbde3520-0cea-4357-bb04-1a0ae64b2bb1@group-7EB39FB5DF22-LeaderElection306] INFO  impl.RaftServerImpl (RaftServerImpl.java:setRole(184)) - cbde3520-0cea-4357-bb04-1a0ae64b2bb1@group-7EB39FB5DF22: changes role from CANDIDATE to FOLLOWER at term 331 for DISCOVERED_A_NEW_TERM
2019-10-17 07:42:13,003 [cbde3520-0cea-4357-bb04-1a0ae64b2bb1@group-7EB39FB5DF22-LeaderElection306] INFO  impl.RoleInfo (RoleInfo.java:shutdownLeaderElection(134)) - cbde3520-0cea-4357-bb04-1a0ae64b2bb1: shutdown LeaderElection
2019-10-17 07:42:13,004 [cbde3520-0cea-4357-bb04-1a0ae64b2bb1@group-7EB39FB5DF22-LeaderElection306] INFO  impl.RoleInfo (RoleInfo.java:updateAndGet(143)) - cbde3520-0cea-4357-bb04-1a0ae64b2bb1: start FollowerState
2019-10-17 07:42:13,032 [Thread-2234] INFO  impl.FollowerState (FollowerState.java:run(108)) - cbde3520-0cea-4357-bb04-1a0ae64b2bb1@group-7EB39FB5DF22-FollowerState: change to CANDIDATE, lastRpcTime:28ms, electionTimeout:28ms
2019-10-17 07:42:13,032 [Thread-2234] INFO  impl.RoleInfo (RoleInfo.java:shutdownFollowerState(121)) - cbde3520-0cea-4357-bb04-1a0ae64b2bb1: shutdown FollowerState
2019-10-17 07:42:13,032 [Thread-2234] INFO  impl.RaftServerImpl (RaftServerImpl.java:setRole(184)) - cbde3520-0cea-4357-bb04-1a0ae64b2bb1@group-7EB39FB5DF22: changes role from  FOLLOWER to CANDIDATE at term 331 for changeToCandidate
2019-10-17 07:42:13,032 [Thread-2234] INFO  impl.RoleInfo (RoleInfo.java:updateAndGet(143)) - cbde3520-0cea-4357-bb04-1a0ae64b2bb1: start LeaderElection
2019-10-17 07:42:13,046 [cbde3520-0cea-4357-bb04-1a0ae64b2bb1@group-7EB39FB5DF22-LeaderElection307] INFO  impl.LeaderElection (LeaderElection.java:askForVotes(178)) - cbde3520-0cea-4357-bb04-1a0ae64b2bb1@group-7EB39FB5DF22-LeaderElection307: begin an election at term 332 for -1: [40d2d32e-dd25-45df-8070-f9dc56ccf0a7:192.168.34.62:41633, cbde3520-0cea-4357-bb04-1a0ae64b2bb1:192.168.34.62:41642, 443b071d-6096-48d6-bfe7-498b7c8032c0:192.168.34.62:46516], old=null
2019-10-17 07:42:13,048 [grpc-default-executor-4] INFO  impl.RaftServerImpl (RaftServerImpl.java:setRole(184)) - 40d2d32e-dd25-45df-8070-f9dc56ccf0a7@group-7EB39FB5DF22: changes role from  FOLLOWER to FOLLOWER at term 332 for recognizeCandidate:cbde3520-0cea-4357-bb04-1a0ae64b2bb1
2019-10-17 07:42:13,048 [grpc-default-executor-1] INFO  impl.RaftServerImpl (RaftServerImpl.java:setRole(184)) - 443b071d-6096-48d6-bfe7-498b7c8032c0@group-7EB39FB5DF22: changes role from  FOLLOWER to FOLLOWER at term 332 for recognizeCandidate:cbde3520-0cea-4357-bb04-1a0ae64b2bb1
2019-10-17 07:42:13,048 [grpc-default-executor-4] INFO  impl.RoleInfo (RoleInfo.java:shutdownFollowerState(121)) - 40d2d32e-dd25-45df-8070-f9dc56ccf0a7: shutdown FollowerState
2019-10-17 07:42:13,049 [grpc-default-executor-1] INFO  impl.RoleInfo (RoleInfo.java:shutdownFollowerState(121)) - 443b071d-6096-48d6-bfe7-498b7c8032c0: shutdown FollowerState
2019-10-17 07:42:13,049 [Thread-2232] INFO  impl.FollowerState (FollowerState.java:run(117)) - 40d2d32e-dd25-45df-8070-f9dc56ccf0a7@group-7EB39FB5DF22-FollowerState was interrupted: java.lang.InterruptedException: sleep interrupted
2019-10-17 07:42:13,049 [grpc-default-executor-4] INFO  impl.RoleInfo (RoleInfo.java:updateAndGet(143)) - 40d2d32e-dd25-45df-8070-f9dc56ccf0a7: start FollowerState
2019-10-17 07:42:13,049 [Thread-2233] INFO  impl.FollowerState (FollowerState.java:run(117)) - 443b071d-6096-48d6-bfe7-498b7c8032c0@group-7EB39FB5DF22-FollowerState was interrupted: java.lang.InterruptedException: sleep interrupted
2019-10-17 07:42:13,049 [grpc-default-executor-1] INFO  impl.RoleInfo (RoleInfo.java:updateAndGet(143)) - 443b071d-6096-48d6-bfe7-498b7c8032c0: start FollowerState
2019-10-17 07:42:13,068 [cbde3520-0cea-4357-bb04-1a0ae64b2bb1@group-7EB39FB5DF22-LeaderElection307] INFO  impl.LeaderElection (LeaderElection.java:logAndReturn(56)) - cbde3520-0cea-4357-bb04-1a0ae64b2bb1@group-7EB39FB5DF22-LeaderElection307: Election REJECTED; received 2 response(s) [cbde3520-0cea-4357-bb04-1a0ae64b2bb1<-40d2d32e-dd25-45df-8070-f9dc56ccf0a7#0:FAIL-t332, cbde3520-0cea-4357-bb04-1a0ae64b2bb1<-443b071d-6096-48d6-bfe7-498b7c8032c0#0:FAIL-t332] and 0 exception(s); cbde3520-0cea-4357-bb04-1a0ae64b2bb1@group-7EB39FB5DF22:t332, leader=null, voted=cbde3520-0cea-4357-bb04-1a0ae64b2bb1, raftlog=cbde3520-0cea-4357-bb04-1a0ae64b2bb1@group-7EB39FB5DF22-SegmentedRaftLog:OPENED:c-1,f-1,i0, conf=-1: [40d2d32e-dd25-45df-8070-f9dc56ccf0a7:192.168.34.62:41633, cbde3520-0cea-4357-bb04-1a0ae64b2bb1:192.168.34.62:41642, 443b071d-6096-48d6-bfe7-498b7c8032c0:192.168.34.62:46516], old=null
2019-10-17 07:42:13,068 [cbde3520-0cea-4357-bb04-1a0ae64b2bb1@group-7EB39FB5DF22-LeaderElection307] INFO  impl.RaftServerImpl (RaftServerImpl.java:setRole(184)) - cbde3520-0cea-4357-bb04-1a0ae64b2bb1@group-7EB39FB5DF22: changes role from CANDIDATE to FOLLOWER at term 332 for DISCOVERED_A_NEW_TERM
2019-10-17 07:42:13,069 [cbde3520-0cea-4357-bb04-1a0ae64b2bb1@group-7EB39FB5DF22-LeaderElection307] INFO  impl.RoleInfo (RoleInfo.java:shutdownLeaderElection(134)) - cbde3520-0cea-4357-bb04-1a0ae64b2bb1: shutdown LeaderElection
2019-10-17 07:42:13,069 [cbde3520-0cea-4357-bb04-1a0ae64b2bb1@group-7EB39FB5DF22-LeaderElection307] INFO  impl.RoleInfo (RoleInfo.java:updateAndGet(143)) - cbde3520-0cea-4357-bb04-1a0ae64b2bb1: start FollowerState
2019-10-17 07:42:13,142 [Thread-2240] INFO  impl.FollowerState (FollowerState.java:run(108)) - cbde3520-0cea-4357-bb04-1a0ae64b2bb1@group-7EB39FB5DF22-FollowerState: change to CANDIDATE, lastRpcTime:73ms, electionTimeout:73ms
2019-10-17 07:42:13,142 [Thread-2240] INFO  impl.RoleInfo (RoleInfo.java:shutdownFollowerState(121)) - cbde3520-0cea-4357-bb04-1a0ae64b2bb1: shutdown FollowerState
2019-10-17 07:42:13,143 [Thread-2240] INFO  impl.RaftServerImpl (RaftServerImpl.java:setRole(184)) - cbde3520-0cea-4357-bb04-1a0ae64b2bb1@group-7EB39FB5DF22: changes role from  FOLLOWER to CANDIDATE at term 332 for changeToCandidate
2019-10-17 07:42:13,143 [Thread-2240] INFO  impl.RoleInfo (RoleInfo.java:updateAndGet(143)) - cbde3520-0cea-4357-bb04-1a0ae64b2bb1: start LeaderElection
2019-10-17 07:42:13,168 [cbde3520-0cea-4357-bb04-1a0ae64b2bb1@group-7EB39FB5DF22-LeaderElection308] INFO  impl.LeaderElection (LeaderElection.java:askForVotes(178)) - cbde3520-0cea-4357-bb04-1a0ae64b2bb1@group-7EB39FB5DF22-LeaderElection308: begin an election at term 333 for -1: [40d2d32e-dd25-45df-8070-f9dc56ccf0a7:192.168.34.62:41633, cbde3520-0cea-4357-bb04-1a0ae64b2bb1:192.168.34.62:41642, 443b071d-6096-48d6-bfe7-498b7c8032c0:192.168.34.62:46516], old=null
2019-10-17 07:42:13,170 [grpc-default-executor-1] INFO  impl.RaftServerImpl (RaftServerImpl.java:setRole(184)) - 40d2d32e-dd25-45df-8070-f9dc56ccf0a7@group-7EB39FB5DF22: changes role from  FOLLOWER to FOLLOWER at term 333 for recognizeCandidate:cbde3520-0cea-4357-bb04-1a0ae64b2bb1
2019-10-17 07:42:13,170 [grpc-default-executor-4] INFO  impl.RaftServerImpl (RaftServerImpl.java:setRole(184)) - 443b071d-6096-48d6-bfe7-498b7c8032c0@group-7EB39FB5DF22: changes role from  FOLLOWER to FOLLOWER at term 333 for recognizeCandidate:cbde3520-0cea-4357-bb04-1a0ae64b2bb1
2019-10-17 07:42:13,170 [grpc-default-executor-1] INFO  impl.RoleInfo (RoleInfo.java:shutdownFollowerState(121)) - 40d2d32e-dd25-45df-8070-f9dc56ccf0a7: shutdown FollowerState
2019-10-17 07:42:13,170 [grpc-default-executor-4] INFO  impl.RoleInfo (RoleInfo.java:shutdownFollowerState(121)) - 443b071d-6096-48d6-bfe7-498b7c8032c0: shutdown FollowerState
2019-10-17 07:42:13,171 [Thread-2238] INFO  impl.FollowerState (FollowerState.java:run(117)) - 40d2d32e-dd25-45df-8070-f9dc56ccf0a7@group-7EB39FB5DF22-FollowerState was interrupted: java.lang.InterruptedException: sleep interrupted
2019-10-17 07:42:13,171 [grpc-default-executor-1] INFO  impl.RoleInfo (RoleInfo.java:updateAndGet(143)) - 40d2d32e-dd25-45df-8070-f9dc56ccf0a7: start FollowerState
2019-10-17 07:42:13,171 [Thread-2239] INFO  impl.FollowerState (FollowerState.java:run(117)) - 443b071d-6096-48d6-bfe7-498b7c8032c0@group-7EB39FB5DF22-FollowerState was interrupted: java.lang.InterruptedException: sleep interrupted
2019-10-17 07:42:13,171 [grpc-default-executor-4] INFO  impl.RoleInfo (RoleInfo.java:updateAndGet(143)) - 443b071d-6096-48d6-bfe7-498b7c8032c0: start FollowerState
2019-10-17 07:42:13,195 [cbde3520-0cea-4357-bb04-1a0ae64b2bb1@group-7EB39FB5DF22-LeaderElection308] INFO  impl.LeaderElection (LeaderElection.java:logAndReturn(56)) - cbde3520-0cea-4357-bb04-1a0ae64b2bb1@group-7EB39FB5DF22-LeaderElection308: Election REJECTED; received 2 response(s) [cbde3520-0cea-4357-bb04-1a0ae64b2bb1<-40d2d32e-dd25-45df-8070-f9dc56ccf0a7#0:FAIL-t333, cbde3520-0cea-4357-bb04-1a0ae64b2bb1<-443b071d-6096-48d6-bfe7-498b7c8032c0#0:FAIL-t333] and 0 exception(s); cbde3520-0cea-4357-bb04-1a0ae64b2bb1@group-7EB39FB5DF22:t333, leader=null, voted=cbde3520-0cea-4357-bb04-1a0ae64b2bb1, raftlog=cbde3520-0cea-4357-bb04-1a0ae64b2bb1@group-7EB39FB5DF22-SegmentedRaftLog:OPENED:c-1,f-1,i0, conf=-1: [40d2d32e-dd25-45df-8070-f9dc56ccf0a7:192.168.34.62:41633, cbde3520-0cea-4357-bb04-1a0ae64b2bb1:192.168.34.62:41642, 443b071d-6096-48d6-bfe7-498b7c8032c0:192.168.34.62:46516], old=null
2019-10-17 07:42:13,196 [cbde3520-0cea-4357-bb04-1a0ae64b2bb1@group-7EB39FB5DF22-LeaderElection308] INFO  impl.RaftServerImpl (RaftServerImpl.java:setRole(184)) - cbde3520-0cea-4357-bb04-1a0ae64b2bb1@group-7EB39FB5DF22: changes role from CANDIDATE to FOLLOWER at term 333 for DISCOVERED_A_NEW_TERM
2019-10-17 07:42:13,196 [cbde3520-0cea-4357-bb04-1a0ae64b2bb1@group-7EB39FB5DF22-LeaderElection308] INFO  impl.RoleInfo (RoleInfo.java:shutdownLeaderElection(134)) - cbde3520-0cea-4357-bb04-1a0ae64b2bb1: shutdown LeaderElection
2019-10-17 07:42:13,196 [cbde3520-0cea-4357-bb04-1a0ae64b2bb1@group-7EB39FB5DF22-LeaderElection308] INFO  impl.RoleInfo (RoleInfo.java:updateAndGet(143)) - cbde3520-0cea-4357-bb04-1a0ae64b2bb1: start FollowerState
2019-10-17 07:42:13,223 [main] INFO  ozone.MiniOzoneClusterImpl (MiniOzoneClusterImpl.java:lambda$waitForClusterToBeReady$2(164)) - Waiting for 1 number of pipelines out of 5, to report a leader.
2019-10-17 07:42:13,360 [Thread-2246] INFO  impl.FollowerState (FollowerState.java:run(108)) - cbde3520-0cea-4357-bb04-1a0ae64b2bb1@group-7EB39FB5DF22-FollowerState: change to CANDIDATE, lastRpcTime:164ms, electionTimeout:164ms
2019-10-17 07:42:13,360 [Thread-2246] INFO  impl.RoleInfo (RoleInfo.java:shutdownFollowerState(121)) - cbde3520-0cea-4357-bb04-1a0ae64b2bb1: shutdown FollowerState
2019-10-17 07:42:13,361 [Thread-2246] INFO  impl.RaftServerImpl (RaftServerImpl.java:setRole(184)) - cbde3520-0cea-4357-bb04-1a0ae64b2bb1@group-7EB39FB5DF22: changes role from  FOLLOWER to CANDIDATE at term 333 for changeToCandidate
2019-10-17 07:42:13,361 [Thread-2246] INFO  impl.RoleInfo (RoleInfo.java:updateAndGet(143)) - cbde3520-0cea-4357-bb04-1a0ae64b2bb1: start LeaderElection
2019-10-17 07:42:13,374 [cbde3520-0cea-4357-bb04-1a0ae64b2bb1@group-7EB39FB5DF22-LeaderElection309] INFO  impl.LeaderElection (LeaderElection.java:askForVotes(178)) - cbde3520-0cea-4357-bb04-1a0ae64b2bb1@group-7EB39FB5DF22-LeaderElection309: begin an election at term 334 for -1: [40d2d32e-dd25-45df-8070-f9dc56ccf0a7:192.168.34.62:41633, cbde3520-0cea-4357-bb04-1a0ae64b2bb1:192.168.34.62:41642, 443b071d-6096-48d6-bfe7-498b7c8032c0:192.168.34.62:46516], old=null
2019-10-17 07:42:13,377 [grpc-default-executor-1] INFO  impl.RaftServerImpl (RaftServerImpl.java:setRole(184)) - 40d2d32e-dd25-45df-8070-f9dc56ccf0a7@group-7EB39FB5DF22: changes role from  FOLLOWER to FOLLOWER at term 334 for recognizeCandidate:cbde3520-0cea-4357-bb04-1a0ae64b2bb1
2019-10-17 07:42:13,377 [grpc-default-executor-1] INFO  impl.RoleInfo (RoleInfo.java:shutdownFollowerState(121)) - 40d2d32e-dd25-45df-8070-f9dc56ccf0a7: shutdown FollowerState
2019-10-17 07:42:13,377 [grpc-default-executor-4] INFO  impl.RaftServerImpl (RaftServerImpl.java:setRole(184)) - 443b071d-6096-48d6-bfe7-498b7c8032c0@group-7EB39FB5DF22: changes role from  FOLLOWER to FOLLOWER at term 334 for recognizeCandidate:cbde3520-0cea-4357-bb04-1a0ae64b2bb1
2019-10-17 07:42:13,377 [Thread-2244] INFO  impl.FollowerState (FollowerState.java:run(117)) - 40d2d32e-dd25-45df-8070-f9dc56ccf0a7@group-7EB39FB5DF22-FollowerState was interrupted: java.lang.InterruptedException: sleep interrupted
2019-10-17 07:42:13,377 [grpc-default-executor-1] INFO  impl.RoleInfo (RoleInfo.java:updateAndGet(143)) - 40d2d32e-dd25-45df-8070-f9dc56ccf0a7: start FollowerState
2019-10-17 07:42:13,377 [grpc-default-executor-4] INFO  impl.RoleInfo (RoleInfo.java:shutdownFollowerState(121)) - 443b071d-6096-48d6-bfe7-498b7c8032c0: shutdown FollowerState
2019-10-17 07:42:13,378 [grpc-default-executor-4] INFO  impl.RoleInfo (RoleInfo.java:updateAndGet(143)) - 443b071d-6096-48d6-bfe7-498b7c8032c0: start FollowerState
2019-10-17 07:42:13,378 [Thread-2245] INFO  impl.FollowerState (FollowerState.java:run(117)) - 443b071d-6096-48d6-bfe7-498b7c8032c0@group-7EB39FB5DF22-FollowerState was interrupted: java.lang.InterruptedException: sleep interrupted
2019-10-17 07:42:13,402 [cbde3520-0cea-4357-bb04-1a0ae64b2bb1@group-7EB39FB5DF22-LeaderElection309] INFO  impl.LeaderElection (LeaderElection.java:logAndReturn(56)) - cbde3520-0cea-4357-bb04-1a0ae64b2bb1@group-7EB39FB5DF22-LeaderElection309: Election REJECTED; received 2 response(s) [cbde3520-0cea-4357-bb04-1a0ae64b2bb1<-40d2d32e-dd25-45df-8070-f9dc56ccf0a7#0:FAIL-t334, cbde3520-0cea-4357-bb04-1a0ae64b2bb1<-443b071d-6096-48d6-bfe7-498b7c8032c0#0:FAIL-t334] and 0 exception(s); cbde3520-0cea-4357-bb04-1a0ae64b2bb1@group-7EB39FB5DF22:t334, leader=null, voted=cbde3520-0cea-4357-bb04-1a0ae64b2bb1, raftlog=cbde3520-0cea-4357-bb04-1a0ae64b2bb1@group-7EB39FB5DF22-SegmentedRaftLog:OPENED:c-1,f-1,i0, conf=-1: [40d2d32e-dd25-45df-8070-f9dc56ccf0a7:192.168.34.62:41633, cbde3520-0cea-4357-bb04-1a0ae64b2bb1:192.168.34.62:41642, 443b071d-6096-48d6-bfe7-498b7c8032c0:192.168.34.62:46516], old=null
2019-10-17 07:42:13,402 [cbde3520-0cea-4357-bb04-1a0ae64b2bb1@group-7EB39FB5DF22-LeaderElection309] INFO  impl.RaftServerImpl (RaftServerImpl.java:setRole(184)) - cbde3520-0cea-4357-bb04-1a0ae64b2bb1@group-7EB39FB5DF22: changes role from CANDIDATE to FOLLOWER at term 334 for DISCOVERED_A_NEW_TERM
2019-10-17 07:42:13,402 [cbde3520-0cea-4357-bb04-1a0ae64b2bb1@group-7EB39FB5DF22-LeaderElection309] INFO  impl.RoleInfo (RoleInfo.java:shutdownLeaderElection(134)) - cbde3520-0cea-4357-bb04-1a0ae64b2bb1: shutdown LeaderElection
2019-10-17 07:42:13,403 [cbde3520-0cea-4357-bb04-1a0ae64b2bb1@group-7EB39FB5DF22-LeaderElection309] INFO  impl.RoleInfo (RoleInfo.java:updateAndGet(143)) - cbde3520-0cea-4357-bb04-1a0ae64b2bb1: start FollowerState
2019-10-17 07:42:13,520 [Thread-2252] INFO  impl.FollowerState (FollowerState.java:run(108)) - cbde3520-0cea-4357-bb04-1a0ae64b2bb1@group-7EB39FB5DF22-FollowerState: change to CANDIDATE, lastRpcTime:117ms, electionTimeout:117ms
2019-10-17 07:42:13,520 [Thread-2252] INFO  impl.RoleInfo (RoleInfo.java:shutdownFollowerState(121)) - cbde3520-0cea-4357-bb04-1a0ae64b2bb1: shutdown FollowerState
2019-10-17 07:42:13,520 [Thread-2252] INFO  impl.RaftServerImpl (RaftServerImpl.java:setRole(184)) - cbde3520-0cea-4357-bb04-1a0ae64b2bb1@group-7EB39FB5DF22: changes role from  FOLLOWER to CANDIDATE at term 334 for changeToCandidate
2019-10-17 07:42:13,521 [Thread-2252] INFO  impl.RoleInfo (RoleInfo.java:updateAndGet(143)) - cbde3520-0cea-4357-bb04-1a0ae64b2bb1: start LeaderElection
2019-10-17 07:42:13,544 [cbde3520-0cea-4357-bb04-1a0ae64b2bb1@group-7EB39FB5DF22-LeaderElection310] INFO  impl.LeaderElection (LeaderElection.java:askForVotes(178)) - cbde3520-0cea-4357-bb04-1a0ae64b2bb1@group-7EB39FB5DF22-LeaderElection310: begin an election at term 335 for -1: [40d2d32e-dd25-45df-8070-f9dc56ccf0a7:192.168.34.62:41633, cbde3520-0cea-4357-bb04-1a0ae64b2bb1:192.168.34.62:41642, 443b071d-6096-48d6-bfe7-498b7c8032c0:192.168.34.62:46516], old=null
2019-10-17 07:42:13,546 [grpc-default-executor-4] INFO  impl.RaftServerImpl (RaftServerImpl.java:setRole(184)) - 40d2d32e-dd25-45df-8070-f9dc56ccf0a7@group-7EB39FB5DF22: changes role from  FOLLOWER to FOLLOWER at term 335 for recognizeCandidate:cbde3520-0cea-4357-bb04-1a0ae64b2bb1
2019-10-17 07:42:13,546 [grpc-default-executor-4] INFO  impl.RoleInfo (RoleInfo.java:shutdownFollowerState(121)) - 40d2d32e-dd25-45df-8070-f9dc56ccf0a7: shutdown FollowerState
2019-10-17 07:42:13,546 [grpc-default-executor-1] INFO  impl.RaftServerImpl (RaftServerImpl.java:setRole(184)) - 443b071d-6096-48d6-bfe7-498b7c8032c0@group-7EB39FB5DF22: changes role from  FOLLOWER to FOLLOWER at term 335 for recognizeCandidate:cbde3520-0cea-4357-bb04-1a0ae64b2bb1
2019-10-17 07:42:13,546 [grpc-default-executor-1] INFO  impl.RoleInfo (RoleInfo.java:shutdownFollowerState(121)) - 443b071d-6096-48d6-bfe7-498b7c8032c0: shutdown FollowerState
2019-10-17 07:42:13,546 [Thread-2250] INFO  impl.FollowerState (FollowerState.java:run(117)) - 40d2d32e-dd25-45df-8070-f9dc56ccf0a7@group-7EB39FB5DF22-FollowerState was interrupted: java.lang.InterruptedException: sleep interrupted
2019-10-17 07:42:13,546 [grpc-default-executor-4] INFO  impl.RoleInfo (RoleInfo.java:updateAndGet(143)) - 40d2d32e-dd25-45df-8070-f9dc56ccf0a7: start FollowerState
2019-10-17 07:42:13,546 [Thread-2251] INFO  impl.FollowerState (FollowerState.java:run(117)) - 443b071d-6096-48d6-bfe7-498b7c8032c0@group-7EB39FB5DF22-FollowerState was interrupted: java.lang.InterruptedException: sleep interrupted
2019-10-17 07:42:13,546 [grpc-default-executor-1] INFO  impl.RoleInfo (RoleInfo.java:updateAndGet(143)) - 443b071d-6096-48d6-bfe7-498b7c8032c0: start FollowerState
2019-10-17 07:42:13,591 [cbde3520-0cea-4357-bb04-1a0ae64b2bb1@group-7EB39FB5DF22-LeaderElection310] INFO  impl.LeaderElection (LeaderElection.java:logAndReturn(56)) - cbde3520-0cea-4357-bb04-1a0ae64b2bb1@group-7EB39FB5DF22-LeaderElection310: Election REJECTED; received 2 response(s) [cbde3520-0cea-4357-bb04-1a0ae64b2bb1<-40d2d32e-dd25-45df-8070-f9dc56ccf0a7#0:FAIL-t335, cbde3520-0cea-4357-bb04-1a0ae64b2bb1<-443b071d-6096-48d6-bfe7-498b7c8032c0#0:FAIL-t335] and 0 exception(s); cbde3520-0cea-4357-bb04-1a0ae64b2bb1@group-7EB39FB5DF22:t335, leader=null, voted=cbde3520-0cea-4357-bb04-1a0ae64b2bb1, raftlog=cbde3520-0cea-4357-bb04-1a0ae64b2bb1@group-7EB39FB5DF22-SegmentedRaftLog:OPENED:c-1,f-1,i0, conf=-1: [40d2d32e-dd25-45df-8070-f9dc56ccf0a7:192.168.34.62:41633, cbde3520-0cea-4357-bb04-1a0ae64b2bb1:192.168.34.62:41642, 443b071d-6096-48d6-bfe7-498b7c8032c0:192.168.34.62:46516], old=null
2019-10-17 07:42:13,591 [cbde3520-0cea-4357-bb04-1a0ae64b2bb1@group-7EB39FB5DF22-LeaderElection310] INFO  impl.RaftServerImpl (RaftServerImpl.java:setRole(184)) - cbde3520-0cea-4357-bb04-1a0ae64b2bb1@group-7EB39FB5DF22: changes role from CANDIDATE to FOLLOWER at term 335 for DISCOVERED_A_NEW_TERM
2019-10-17 07:42:13,591 [cbde3520-0cea-4357-bb04-1a0ae64b2bb1@group-7EB39FB5DF22-LeaderElection310] INFO  impl.RoleInfo (RoleInfo.java:shutdownLeaderElection(134)) - cbde3520-0cea-4357-bb04-1a0ae64b2bb1: shutdown LeaderElection
2019-10-17 07:42:13,592 [cbde3520-0cea-4357-bb04-1a0ae64b2bb1@group-7EB39FB5DF22-LeaderElection310] INFO  impl.RoleInfo (RoleInfo.java:updateAndGet(143)) - cbde3520-0cea-4357-bb04-1a0ae64b2bb1: start FollowerState
2019-10-17 07:42:13,624 [Thread-2258] INFO  impl.FollowerState (FollowerState.java:run(108)) - cbde3520-0cea-4357-bb04-1a0ae64b2bb1@group-7EB39FB5DF22-FollowerState: change to CANDIDATE, lastRpcTime:32ms, electionTimeout:32ms
2019-10-17 07:42:13,624 [Thread-2258] INFO  impl.RoleInfo (RoleInfo.java:shutdownFollowerState(121)) - cbde3520-0cea-4357-bb04-1a0ae64b2bb1: shutdown FollowerState
2019-10-17 07:42:13,624 [Thread-2258] INFO  impl.RaftServerImpl (RaftServerImpl.java:setRole(184)) - cbde3520-0cea-4357-bb04-1a0ae64b2bb1@group-7EB39FB5DF22: changes role from  FOLLOWER to CANDIDATE at term 335 for changeToCandidate
2019-10-17 07:42:13,624 [Thread-2258] INFO  impl.RoleInfo (RoleInfo.java:updateAndGet(143)) - cbde3520-0cea-4357-bb04-1a0ae64b2bb1: start LeaderElection
2019-10-17 07:42:13,646 [cbde3520-0cea-4357-bb04-1a0ae64b2bb1@group-7EB39FB5DF22-LeaderElection311] INFO  impl.LeaderElection (LeaderElection.java:askForVotes(178)) - cbde3520-0cea-4357-bb04-1a0ae64b2bb1@group-7EB39FB5DF22-LeaderElection311: begin an election at term 336 for -1: [40d2d32e-dd25-45df-8070-f9dc56ccf0a7:192.168.34.62:41633, cbde3520-0cea-4357-bb04-1a0ae64b2bb1:192.168.34.62:41642, 443b071d-6096-48d6-bfe7-498b7c8032c0:192.168.34.62:46516], old=null
2019-10-17 07:42:13,648 [grpc-default-executor-4] INFO  impl.RaftServerImpl (RaftServerImpl.java:setRole(184)) - 40d2d32e-dd25-45df-8070-f9dc56ccf0a7@group-7EB39FB5DF22: changes role from  FOLLOWER to FOLLOWER at term 336 for recognizeCandidate:cbde3520-0cea-4357-bb04-1a0ae64b2bb1
2019-10-17 07:42:13,649 [grpc-default-executor-4] INFO  impl.RoleInfo (RoleInfo.java:shutdownFollowerState(121)) - 40d2d32e-dd25-45df-8070-f9dc56ccf0a7: shutdown FollowerState
2019-10-17 07:42:13,649 [grpc-default-executor-1] INFO  impl.RaftServerImpl (RaftServerImpl.java:setRole(184)) - 443b071d-6096-48d6-bfe7-498b7c8032c0@group-7EB39FB5DF22: changes role from  FOLLOWER to FOLLOWER at term 336 for recognizeCandidate:cbde3520-0cea-4357-bb04-1a0ae64b2bb1
2019-10-17 07:42:13,649 [grpc-default-executor-1] INFO  impl.RoleInfo (RoleInfo.java:shutdownFollowerState(121)) - 443b071d-6096-48d6-bfe7-498b7c8032c0: shutdown FollowerState
2019-10-17 07:42:13,649 [Thread-2256] INFO  impl.FollowerState (FollowerState.java:run(117)) - 40d2d32e-dd25-45df-8070-f9dc56ccf0a7@group-7EB39FB5DF22-FollowerState was interrupted: java.lang.InterruptedException: sleep interrupted
2019-10-17 07:42:13,649 [Thread-2257] INFO  impl.FollowerState (FollowerState.java:run(117)) - 443b071d-6096-48d6-bfe7-498b7c8032c0@group-7EB39FB5DF22-FollowerState was interrupted: java.lang.InterruptedException: sleep interrupted
2019-10-17 07:42:13,649 [grpc-default-executor-4] INFO  impl.RoleInfo (RoleInfo.java:updateAndGet(143)) - 40d2d32e-dd25-45df-8070-f9dc56ccf0a7: start FollowerState
2019-10-17 07:42:13,649 [grpc-default-executor-1] INFO  impl.RoleInfo (RoleInfo.java:updateAndGet(143)) - 443b071d-6096-48d6-bfe7-498b7c8032c0: start FollowerState
2019-10-17 07:42:13,669 [cbde3520-0cea-4357-bb04-1a0ae64b2bb1@group-7EB39FB5DF22-LeaderElection311] INFO  impl.LeaderElection (LeaderElection.java:logAndReturn(56)) - cbde3520-0cea-4357-bb04-1a0ae64b2bb1@group-7EB39FB5DF22-LeaderElection311: Election REJECTED; received 2 response(s) [cbde3520-0cea-4357-bb04-1a0ae64b2bb1<-40d2d32e-dd25-45df-8070-f9dc56ccf0a7#0:FAIL-t336, cbde3520-0cea-4357-bb04-1a0ae64b2bb1<-443b071d-6096-48d6-bfe7-498b7c8032c0#0:FAIL-t336] and 0 exception(s); cbde3520-0cea-4357-bb04-1a0ae64b2bb1@group-7EB39FB5DF22:t336, leader=null, voted=cbde3520-0cea-4357-bb04-1a0ae64b2bb1, raftlog=cbde3520-0cea-4357-bb04-1a0ae64b2bb1@group-7EB39FB5DF22-SegmentedRaftLog:OPENED:c-1,f-1,i0, conf=-1: [40d2d32e-dd25-45df-8070-f9dc56ccf0a7:192.168.34.62:41633, cbde3520-0cea-4357-bb04-1a0ae64b2bb1:192.168.34.62:41642, 443b071d-6096-48d6-bfe7-498b7c8032c0:192.168.34.62:46516], old=null
2019-10-17 07:42:13,669 [cbde3520-0cea-4357-bb04-1a0ae64b2bb1@group-7EB39FB5DF22-LeaderElection311] INFO  impl.RaftServerImpl (RaftServerImpl.java:setRole(184)) - cbde3520-0cea-4357-bb04-1a0ae64b2bb1@group-7EB39FB5DF22: changes role from CANDIDATE to FOLLOWER at term 336 for DISCOVERED_A_NEW_TERM
2019-10-17 07:42:13,669 [cbde3520-0cea-4357-bb04-1a0ae64b2bb1@group-7EB39FB5DF22-LeaderElection311] INFO  impl.RoleInfo (RoleInfo.java:shutdownLeaderElection(134)) - cbde3520-0cea-4357-bb04-1a0ae64b2bb1: shutdown LeaderElection
2019-10-17 07:42:13,669 [cbde3520-0cea-4357-bb04-1a0ae64b2bb1@group-7EB39FB5DF22-LeaderElection311] INFO  impl.RoleInfo (RoleInfo.java:updateAndGet(143)) - cbde3520-0cea-4357-bb04-1a0ae64b2bb1: start FollowerState
2019-10-17 07:42:13,768 [Thread-2264] INFO  impl.FollowerState (FollowerState.java:run(108)) - cbde3520-0cea-4357-bb04-1a0ae64b2bb1@group-7EB39FB5DF22-FollowerState: change to CANDIDATE, lastRpcTime:98ms, electionTimeout:98ms
2019-10-17 07:42:13,768 [Thread-2264] INFO  impl.RoleInfo (RoleInfo.java:shutdownFollowerState(121)) - cbde3520-0cea-4357-bb04-1a0ae64b2bb1: shutdown FollowerState
2019-10-17 07:42:13,768 [Thread-2264] INFO  impl.RaftServerImpl (RaftServerImpl.java:setRole(184)) - cbde3520-0cea-4357-bb04-1a0ae64b2bb1@group-7EB39FB5DF22: changes role from  FOLLOWER to CANDIDATE at term 336 for changeToCandidate
2019-10-17 07:42:13,768 [Thread-2264] INFO  impl.RoleInfo (RoleInfo.java:updateAndGet(143)) - cbde3520-0cea-4357-bb04-1a0ae64b2bb1: start LeaderElection
2019-10-17 07:42:13,797 [cbde3520-0cea-4357-bb04-1a0ae64b2bb1@group-7EB39FB5DF22-LeaderElection312] INFO  impl.LeaderElection (LeaderElection.java:askForVotes(178)) - cbde3520-0cea-4357-bb04-1a0ae64b2bb1@group-7EB39FB5DF22-LeaderElection312: begin an election at term 337 for -1: [40d2d32e-dd25-45df-8070-f9dc56ccf0a7:192.168.34.62:41633, cbde3520-0cea-4357-bb04-1a0ae64b2bb1:192.168.34.62:41642, 443b071d-6096-48d6-bfe7-498b7c8032c0:192.168.34.62:46516], old=null
2019-10-17 07:42:13,800 [grpc-default-executor-1] INFO  impl.RaftServerImpl (RaftServerImpl.java:setRole(184)) - 443b071d-6096-48d6-bfe7-498b7c8032c0@group-7EB39FB5DF22: changes role from  FOLLOWER to FOLLOWER at term 337 for recognizeCandidate:cbde3520-0cea-4357-bb04-1a0ae64b2bb1
2019-10-17 07:42:13,800 [grpc-default-executor-1] INFO  impl.RoleInfo (RoleInfo.java:shutdownFollowerState(121)) - 443b071d-6096-48d6-bfe7-498b7c8032c0: shutdown FollowerState
2019-10-17 07:42:13,800 [grpc-default-executor-4] INFO  impl.RaftServerImpl (RaftServerImpl.java:setRole(184)) - 40d2d32e-dd25-45df-8070-f9dc56ccf0a7@group-7EB39FB5DF22: changes role from  FOLLOWER to FOLLOWER at term 337 for recognizeCandidate:cbde3520-0cea-4357-bb04-1a0ae64b2bb1
2019-10-17 07:42:13,800 [grpc-default-executor-4] INFO  impl.RoleInfo (RoleInfo.java:shutdownFollowerState(121)) - 40d2d32e-dd25-45df-8070-f9dc56ccf0a7: shutdown FollowerState
2019-10-17 07:42:13,800 [Thread-2263] INFO  impl.FollowerState (FollowerState.java:run(117)) - 443b071d-6096-48d6-bfe7-498b7c8032c0@group-7EB39FB5DF22-FollowerState was interrupted: java.lang.InterruptedException: sleep interrupted
2019-10-17 07:42:13,800 [grpc-default-executor-1] INFO  impl.RoleInfo (RoleInfo.java:updateAndGet(143)) - 443b071d-6096-48d6-bfe7-498b7c8032c0: start FollowerState
2019-10-17 07:42:13,800 [Thread-2262] INFO  impl.FollowerState (FollowerState.java:run(117)) - 40d2d32e-dd25-45df-8070-f9dc56ccf0a7@group-7EB39FB5DF22-FollowerState was interrupted: java.lang.InterruptedException: sleep interrupted
2019-10-17 07:42:13,800 [grpc-default-executor-4] INFO  impl.RoleInfo (RoleInfo.java:updateAndGet(143)) - 40d2d32e-dd25-45df-8070-f9dc56ccf0a7: start FollowerState
2019-10-17 07:42:13,815 [cbde3520-0cea-4357-bb04-1a0ae64b2bb1@group-7EB39FB5DF22-LeaderElection312] INFO  impl.LeaderElection (LeaderElection.java:logAndReturn(56)) - cbde3520-0cea-4357-bb04-1a0ae64b2bb1@group-7EB39FB5DF22-LeaderElection312: Election REJECTED; received 2 response(s) [cbde3520-0cea-4357-bb04-1a0ae64b2bb1<-40d2d32e-dd25-45df-8070-f9dc56ccf0a7#0:FAIL-t337, cbde3520-0cea-4357-bb04-1a0ae64b2bb1<-443b071d-6096-48d6-bfe7-498b7c8032c0#0:FAIL-t337] and 0 exception(s); cbde3520-0cea-4357-bb04-1a0ae64b2bb1@group-7EB39FB5DF22:t337, leader=null, voted=cbde3520-0cea-4357-bb04-1a0ae64b2bb1, raftlog=cbde3520-0cea-4357-bb04-1a0ae64b2bb1@group-7EB39FB5DF22-SegmentedRaftLog:OPENED:c-1,f-1,i0, conf=-1: [40d2d32e-dd25-45df-8070-f9dc56ccf0a7:192.168.34.62:41633, cbde3520-0cea-4357-bb04-1a0ae64b2bb1:192.168.34.62:41642, 443b071d-6096-48d6-bfe7-498b7c8032c0:192.168.34.62:46516], old=null
2019-10-17 07:42:13,815 [cbde3520-0cea-4357-bb04-1a0ae64b2bb1@group-7EB39FB5DF22-LeaderElection312] INFO  impl.RaftServerImpl (RaftServerImpl.java:setRole(184)) - cbde3520-0cea-4357-bb04-1a0ae64b2bb1@group-7EB39FB5DF22: changes role from CANDIDATE to FOLLOWER at term 337 for DISCOVERED_A_NEW_TERM
2019-10-17 07:42:13,815 [cbde3520-0cea-4357-bb04-1a0ae64b2bb1@group-7EB39FB5DF22-LeaderElection312] INFO  impl.RoleInfo (RoleInfo.java:shutdownLeaderElection(134)) - cbde3520-0cea-4357-bb04-1a0ae64b2bb1: shutdown LeaderElection
2019-10-17 07:42:13,816 [cbde3520-0cea-4357-bb04-1a0ae64b2bb1@group-7EB39FB5DF22-LeaderElection312] INFO  impl.RoleInfo (RoleInfo.java:updateAndGet(143)) - cbde3520-0cea-4357-bb04-1a0ae64b2bb1: start FollowerState
2019-10-17 07:42:13,870 [Thread-2270] INFO  impl.FollowerState (FollowerState.java:run(108)) - cbde3520-0cea-4357-bb04-1a0ae64b2bb1@group-7EB39FB5DF22-FollowerState: change to CANDIDATE, lastRpcTime:54ms, electionTimeout:54ms
2019-10-17 07:42:13,870 [Thread-2270] INFO  impl.RoleInfo (RoleInfo.java:shutdownFollowerState(121)) - cbde3520-0cea-4357-bb04-1a0ae64b2bb1: shutdown FollowerState
2019-10-17 07:42:13,870 [Thread-2270] INFO  impl.RaftServerImpl (RaftServerImpl.java:setRole(184)) - cbde3520-0cea-4357-bb04-1a0ae64b2bb1@group-7EB39FB5DF22: changes role from  FOLLOWER to CANDIDATE at term 337 for changeToCandidate
2019-10-17 07:42:13,870 [Thread-2270] INFO  impl.RoleInfo (RoleInfo.java:updateAndGet(143)) - cbde3520-0cea-4357-bb04-1a0ae64b2bb1: start LeaderElection
2019-10-17 07:42:13,895 [cbde3520-0cea-4357-bb04-1a0ae64b2bb1@group-7EB39FB5DF22-LeaderElection313] INFO  impl.LeaderElection (LeaderElection.java:askForVotes(178)) - cbde3520-0cea-4357-bb04-1a0ae64b2bb1@group-7EB39FB5DF22-LeaderElection313: begin an election at term 338 for -1: [40d2d32e-dd25-45df-8070-f9dc56ccf0a7:192.168.34.62:41633, cbde3520-0cea-4357-bb04-1a0ae64b2bb1:192.168.34.62:41642, 443b071d-6096-48d6-bfe7-498b7c8032c0:192.168.34.62:46516], old=null
2019-10-17 07:42:13,897 [grpc-default-executor-4] INFO  impl.RaftServerImpl (RaftServerImpl.java:setRole(184)) - 40d2d32e-dd25-45df-8070-f9dc56ccf0a7@group-7EB39FB5DF22: changes role from  FOLLOWER to FOLLOWER at term 338 for recognizeCandidate:cbde3520-0cea-4357-bb04-1a0ae64b2bb1
2019-10-17 07:42:13,897 [grpc-default-executor-4] INFO  impl.RoleInfo (RoleInfo.java:shutdownFollowerState(121)) - 40d2d32e-dd25-45df-8070-f9dc56ccf0a7: shutdown FollowerState
2019-10-17 07:42:13,897 [grpc-default-executor-1] INFO  impl.RaftServerImpl (RaftServerImpl.java:setRole(184)) - 443b071d-6096-48d6-bfe7-498b7c8032c0@group-7EB39FB5DF22: changes role from  FOLLOWER to FOLLOWER at term 338 for recognizeCandidate:cbde3520-0cea-4357-bb04-1a0ae64b2bb1
2019-10-17 07:42:13,897 [Thread-2269] INFO  impl.FollowerState (FollowerState.java:run(117)) - 40d2d32e-dd25-45df-8070-f9dc56ccf0a7@group-7EB39FB5DF22-FollowerState was interrupted: java.lang.InterruptedException: sleep interrupted
2019-10-17 07:42:13,897 [grpc-default-executor-4] INFO  impl.RoleInfo (RoleInfo.java:updateAndGet(143)) - 40d2d32e-dd25-45df-8070-f9dc56ccf0a7: start FollowerState
2019-10-17 07:42:13,897 [grpc-default-executor-1] INFO  impl.RoleInfo (RoleInfo.java:shutdownFollowerState(121)) - 443b071d-6096-48d6-bfe7-498b7c8032c0: shutdown FollowerState
2019-10-17 07:42:13,898 [grpc-default-executor-1] INFO  impl.RoleInfo (RoleInfo.java:updateAndGet(143)) - 443b071d-6096-48d6-bfe7-498b7c8032c0: start FollowerState
2019-10-17 07:42:13,898 [Thread-2268] INFO  impl.FollowerState (FollowerState.java:run(117)) - 443b071d-6096-48d6-bfe7-498b7c8032c0@group-7EB39FB5DF22-FollowerState was interrupted: java.lang.InterruptedException: sleep interrupted
2019-10-17 07:42:13,921 [cbde3520-0cea-4357-bb04-1a0ae64b2bb1@group-7EB39FB5DF22-LeaderElection313] INFO  impl.LeaderElection (LeaderElection.java:logAndReturn(56)) - cbde3520-0cea-4357-bb04-1a0ae64b2bb1@group-7EB39FB5DF22-LeaderElection313: Election TIMEOUT; received 0 response(s) [] and 0 exception(s); cbde3520-0cea-4357-bb04-1a0ae64b2bb1@group-7EB39FB5DF22:t338, leader=null, voted=cbde3520-0cea-4357-bb04-1a0ae64b2bb1, raftlog=cbde3520-0cea-4357-bb04-1a0ae64b2bb1@group-7EB39FB5DF22-SegmentedRaftLog:OPENED:c-1,f-1,i0, conf=-1: [40d2d32e-dd25-45df-8070-f9dc56ccf0a7:192.168.34.62:41633, cbde3520-0cea-4357-bb04-1a0ae64b2bb1:192.168.34.62:41642, 443b071d-6096-48d6-bfe7-498b7c8032c0:192.168.34.62:46516], old=null
2019-10-17 07:42:13,944 [cbde3520-0cea-4357-bb04-1a0ae64b2bb1@group-7EB39FB5DF22-LeaderElection313] INFO  impl.LeaderElection (LeaderElection.java:askForVotes(178)) - cbde3520-0cea-4357-bb04-1a0ae64b2bb1@group-7EB39FB5DF22-LeaderElection313: begin an election at term 339 for -1: [40d2d32e-dd25-45df-8070-f9dc56ccf0a7:192.168.34.62:41633, cbde3520-0cea-4357-bb04-1a0ae64b2bb1:192.168.34.62:41642, 443b071d-6096-48d6-bfe7-498b7c8032c0:192.168.34.62:46516], old=null
2019-10-17 07:42:13,946 [grpc-default-executor-4] INFO  impl.RaftServerImpl (RaftServerImpl.java:setRole(184)) - 443b071d-6096-48d6-bfe7-498b7c8032c0@group-7EB39FB5DF22: changes role from  FOLLOWER to FOLLOWER at term 339 for recognizeCandidate:cbde3520-0cea-4357-bb04-1a0ae64b2bb1
2019-10-17 07:42:13,946 [grpc-default-executor-1] INFO  impl.RaftServerImpl (RaftServerImpl.java:setRole(184)) - 40d2d32e-dd25-45df-8070-f9dc56ccf0a7@group-7EB39FB5DF22: changes role from  FOLLOWER to FOLLOWER at term 339 for recognizeCandidate:cbde3520-0cea-4357-bb04-1a0ae64b2bb1
2019-10-17 07:42:13,946 [grpc-default-executor-4] INFO  impl.RoleInfo (RoleInfo.java:shutdownFollowerState(121)) - 443b071d-6096-48d6-bfe7-498b7c8032c0: shutdown FollowerState
2019-10-17 07:42:13,946 [grpc-default-executor-1] INFO  impl.RoleInfo (RoleInfo.java:shutdownFollowerState(121)) - 40d2d32e-dd25-45df-8070-f9dc56ccf0a7: shutdown FollowerState
2019-10-17 07:42:13,946 [Thread-2274] INFO  impl.FollowerState (FollowerState.java:run(117)) - 40d2d32e-dd25-45df-8070-f9dc56ccf0a7@group-7EB39FB5DF22-FollowerState was interrupted: java.lang.InterruptedException: sleep interrupted
2019-10-17 07:42:13,946 [Thread-2275] INFO  impl.FollowerState (FollowerState.java:run(117)) - 443b071d-6096-48d6-bfe7-498b7c8032c0@group-7EB39FB5DF22-FollowerState was interrupted: java.lang.InterruptedException: sleep interrupted
2019-10-17 07:42:13,946 [grpc-default-executor-4] INFO  impl.RoleInfo (RoleInfo.java:updateAndGet(143)) - 443b071d-6096-48d6-bfe7-498b7c8032c0: start FollowerState
2019-10-17 07:42:13,946 [grpc-default-executor-1] INFO  impl.RoleInfo (RoleInfo.java:updateAndGet(143)) - 40d2d32e-dd25-45df-8070-f9dc56ccf0a7: start FollowerState
2019-10-17 07:42:13,960 [cbde3520-0cea-4357-bb04-1a0ae64b2bb1@group-7EB39FB5DF22-LeaderElection313] INFO  impl.LeaderElection (LeaderElection.java:logAndReturn(56)) - cbde3520-0cea-4357-bb04-1a0ae64b2bb1@group-7EB39FB5DF22-LeaderElection313: Election REJECTED; received 2 response(s) [cbde3520-0cea-4357-bb04-1a0ae64b2bb1<-40d2d32e-dd25-45df-8070-f9dc56ccf0a7#0:FAIL-t339, cbde3520-0cea-4357-bb04-1a0ae64b2bb1<-443b071d-6096-48d6-bfe7-498b7c8032c0#0:FAIL-t339] and 0 exception(s); cbde3520-0cea-4357-bb04-1a0ae64b2bb1@group-7EB39FB5DF22:t339, leader=null, voted=cbde3520-0cea-4357-bb04-1a0ae64b2bb1, raftlog=cbde3520-0cea-4357-bb04-1a0ae64b2bb1@group-7EB39FB5DF22-SegmentedRaftLog:OPENED:c-1,f-1,i0, conf=-1: [40d2d32e-dd25-45df-8070-f9dc56ccf0a7:192.168.34.62:41633, cbde3520-0cea-4357-bb04-1a0ae64b2bb1:192.168.34.62:41642, 443b071d-6096-48d6-bfe7-498b7c8032c0:192.168.34.62:46516], old=null
2019-10-17 07:42:13,960 [cbde3520-0cea-4357-bb04-1a0ae64b2bb1@group-7EB39FB5DF22-LeaderElection313] INFO  impl.RaftServerImpl (RaftServerImpl.java:setRole(184)) - cbde3520-0cea-4357-bb04-1a0ae64b2bb1@group-7EB39FB5DF22: changes role from CANDIDATE to FOLLOWER at term 339 for DISCOVERED_A_NEW_TERM
2019-10-17 07:42:13,960 [cbde3520-0cea-4357-bb04-1a0ae64b2bb1@group-7EB39FB5DF22-LeaderElection313] INFO  impl.RoleInfo (RoleInfo.java:shutdownLeaderElection(134)) - cbde3520-0cea-4357-bb04-1a0ae64b2bb1: shutdown LeaderElection
2019-10-17 07:42:13,961 [cbde3520-0cea-4357-bb04-1a0ae64b2bb1@group-7EB39FB5DF22-LeaderElection313] INFO  impl.RoleInfo (RoleInfo.java:updateAndGet(143)) - cbde3520-0cea-4357-bb04-1a0ae64b2bb1: start FollowerState
2019-10-17 07:42:14,127 [Thread-2280] INFO  impl.FollowerState (FollowerState.java:run(108)) - cbde3520-0cea-4357-bb04-1a0ae64b2bb1@group-7EB39FB5DF22-FollowerState: change to CANDIDATE, lastRpcTime:166ms, electionTimeout:166ms
2019-10-17 07:42:14,128 [Thread-2280] INFO  impl.RoleInfo (RoleInfo.java:shutdownFollowerState(121)) - cbde3520-0cea-4357-bb04-1a0ae64b2bb1: shutdown FollowerState
2019-10-17 07:42:14,128 [Thread-2280] INFO  impl.RaftServerImpl (RaftServerImpl.java:setRole(184)) - cbde3520-0cea-4357-bb04-1a0ae64b2bb1@group-7EB39FB5DF22: changes role from  FOLLOWER to CANDIDATE at term 339 for changeToCandidate
2019-10-17 07:42:14,128 [Thread-2280] INFO  impl.RoleInfo (RoleInfo.java:updateAndGet(143)) - cbde3520-0cea-4357-bb04-1a0ae64b2bb1: start LeaderElection
2019-10-17 07:42:14,169 [cbde3520-0cea-4357-bb04-1a0ae64b2bb1@group-7EB39FB5DF22-LeaderElection314] INFO  impl.LeaderElection (LeaderElection.java:askForVotes(178)) - cbde3520-0cea-4357-bb04-1a0ae64b2bb1@group-7EB39FB5DF22-LeaderElection314: begin an election at term 340 for -1: [40d2d32e-dd25-45df-8070-f9dc56ccf0a7:192.168.34.62:41633, cbde3520-0cea-4357-bb04-1a0ae64b2bb1:192.168.34.62:41642, 443b071d-6096-48d6-bfe7-498b7c8032c0:192.168.34.62:46516], old=null
2019-10-17 07:42:14,172 [grpc-default-executor-4] INFO  impl.RaftServerImpl (RaftServerImpl.java:setRole(184)) - 40d2d32e-dd25-45df-8070-f9dc56ccf0a7@group-7EB39FB5DF22: changes role from  FOLLOWER to FOLLOWER at term 340 for recognizeCandidate:cbde3520-0cea-4357-bb04-1a0ae64b2bb1
2019-10-17 07:42:14,172 [grpc-default-executor-1] INFO  impl.RaftServerImpl (RaftServerImpl.java:setRole(184)) - 443b071d-6096-48d6-bfe7-498b7c8032c0@group-7EB39FB5DF22: changes role from  FOLLOWER to FOLLOWER at term 340 for recognizeCandidate:cbde3520-0cea-4357-bb04-1a0ae64b2bb1
2019-10-17 07:42:14,172 [grpc-default-executor-4] INFO  impl.RoleInfo (RoleInfo.java:shutdownFollowerState(121)) - 40d2d32e-dd25-45df-8070-f9dc56ccf0a7: shutdown FollowerState
2019-10-17 07:42:14,173 [grpc-default-executor-1] INFO  impl.RoleInfo (RoleInfo.java:shutdownFollowerState(121)) - 443b071d-6096-48d6-bfe7-498b7c8032c0: shutdown FollowerState
2019-10-17 07:42:14,173 [Thread-2279] INFO  impl.FollowerState (FollowerState.java:run(117)) - 40d2d32e-dd25-45df-8070-f9dc56ccf0a7@group-7EB39FB5DF22-FollowerState was interrupted: java.lang.InterruptedException: sleep interrupted
2019-10-17 07:42:14,173 [grpc-default-executor-4] INFO  impl.RoleInfo (RoleInfo.java:updateAndGet(143)) - 40d2d32e-dd25-45df-8070-f9dc56ccf0a7: start FollowerState
2019-10-17 07:42:14,173 [Thread-2278] INFO  impl.FollowerState (FollowerState.java:run(117)) - 443b071d-6096-48d6-bfe7-498b7c8032c0@group-7EB39FB5DF22-FollowerState was interrupted: java.lang.InterruptedException: sleep interrupted
2019-10-17 07:42:14,173 [grpc-default-executor-1] INFO  impl.RoleInfo (RoleInfo.java:updateAndGet(143)) - 443b071d-6096-48d6-bfe7-498b7c8032c0: start FollowerState
2019-10-17 07:42:14,187 [cbde3520-0cea-4357-bb04-1a0ae64b2bb1@group-7EB39FB5DF22-LeaderElection314] INFO  impl.LeaderElection (LeaderElection.java:logAndReturn(56)) - cbde3520-0cea-4357-bb04-1a0ae64b2bb1@group-7EB39FB5DF22-LeaderElection314: Election REJECTED; received 2 response(s) [cbde3520-0cea-4357-bb04-1a0ae64b2bb1<-40d2d32e-dd25-45df-8070-f9dc56ccf0a7#0:FAIL-t340, cbde3520-0cea-4357-bb04-1a0ae64b2bb1<-443b071d-6096-48d6-bfe7-498b7c8032c0#0:FAIL-t340] and 0 exception(s); cbde3520-0cea-4357-bb04-1a0ae64b2bb1@group-7EB39FB5DF22:t340, leader=null, voted=cbde3520-0cea-4357-bb04-1a0ae64b2bb1, raftlog=cbde3520-0cea-4357-bb04-1a0ae64b2bb1@group-7EB39FB5DF22-SegmentedRaftLog:OPENED:c-1,f-1,i0, conf=-1: [40d2d32e-dd25-45df-8070-f9dc56ccf0a7:192.168.34.62:41633, cbde3520-0cea-4357-bb04-1a0ae64b2bb1:192.168.34.62:41642, 443b071d-6096-48d6-bfe7-498b7c8032c0:192.168.34.62:46516], old=null
2019-10-17 07:42:14,187 [cbde3520-0cea-4357-bb04-1a0ae64b2bb1@group-7EB39FB5DF22-LeaderElection314] INFO  impl.RaftServerImpl (RaftServerImpl.java:setRole(184)) - cbde3520-0cea-4357-bb04-1a0ae64b2bb1@group-7EB39FB5DF22: changes role from CANDIDATE to FOLLOWER at term 340 for DISCOVERED_A_NEW_TERM
2019-10-17 07:42:14,187 [cbde3520-0cea-4357-bb04-1a0ae64b2bb1@group-7EB39FB5DF22-LeaderElection314] INFO  impl.RoleInfo (RoleInfo.java:shutdownLeaderElection(134)) - cbde3520-0cea-4357-bb04-1a0ae64b2bb1: shutdown LeaderElection
2019-10-17 07:42:14,187 [cbde3520-0cea-4357-bb04-1a0ae64b2bb1@group-7EB39FB5DF22-LeaderElection314] INFO  impl.RoleInfo (RoleInfo.java:updateAndGet(143)) - cbde3520-0cea-4357-bb04-1a0ae64b2bb1: start FollowerState
2019-10-17 07:42:14,216 [Thread-2286] INFO  impl.FollowerState (FollowerState.java:run(108)) - cbde3520-0cea-4357-bb04-1a0ae64b2bb1@group-7EB39FB5DF22-FollowerState: change to CANDIDATE, lastRpcTime:28ms, electionTimeout:28ms
2019-10-17 07:42:14,216 [Thread-2286] INFO  impl.RoleInfo (RoleInfo.java:shutdownFollowerState(121)) - cbde3520-0cea-4357-bb04-1a0ae64b2bb1: shutdown FollowerState
2019-10-17 07:42:14,216 [Thread-2286] INFO  impl.RaftServerImpl (RaftServerImpl.java:setRole(184)) - cbde3520-0cea-4357-bb04-1a0ae64b2bb1@group-7EB39FB5DF22: changes role from  FOLLOWER to CANDIDATE at term 340 for changeToCandidate
2019-10-17 07:42:14,216 [Thread-2286] INFO  impl.RoleInfo (RoleInfo.java:updateAndGet(143)) - cbde3520-0cea-4357-bb04-1a0ae64b2bb1: start LeaderElection
2019-10-17 07:42:14,224 [main] INFO  ozone.MiniOzoneClusterImpl (MiniOzoneClusterImpl.java:lambda$waitForClusterToBeReady$2(164)) - Waiting for 1 number of pipelines out of 5, to report a leader.
2019-10-17 07:42:14,238 [cbde3520-0cea-4357-bb04-1a0ae64b2bb1@group-7EB39FB5DF22-LeaderElection315] INFO  impl.LeaderElection (LeaderElection.java:askForVotes(178)) - cbde3520-0cea-4357-bb04-1a0ae64b2bb1@group-7EB39FB5DF22-LeaderElection315: begin an election at term 341 for -1: [40d2d32e-dd25-45df-8070-f9dc56ccf0a7:192.168.34.62:41633, cbde3520-0cea-4357-bb04-1a0ae64b2bb1:192.168.34.62:41642, 443b071d-6096-48d6-bfe7-498b7c8032c0:192.168.34.62:46516], old=null
2019-10-17 07:42:14,240 [grpc-default-executor-1] INFO  impl.RaftServerImpl (RaftServerImpl.java:setRole(184)) - 40d2d32e-dd25-45df-8070-f9dc56ccf0a7@group-7EB39FB5DF22: changes role from  FOLLOWER to FOLLOWER at term 341 for recognizeCandidate:cbde3520-0cea-4357-bb04-1a0ae64b2bb1
2019-10-17 07:42:14,241 [grpc-default-executor-1] INFO  impl.RoleInfo (RoleInfo.java:shutdownFollowerState(121)) - 40d2d32e-dd25-45df-8070-f9dc56ccf0a7: shutdown FollowerState
2019-10-17 07:42:14,241 [grpc-default-executor-1] INFO  impl.RoleInfo (RoleInfo.java:updateAndGet(143)) - 40d2d32e-dd25-45df-8070-f9dc56ccf0a7: start FollowerState
2019-10-17 07:42:14,241 [Thread-2284] INFO  impl.FollowerState (FollowerState.java:run(117)) - 40d2d32e-dd25-45df-8070-f9dc56ccf0a7@group-7EB39FB5DF22-FollowerState was interrupted: java.lang.InterruptedException: sleep interrupted
2019-10-17 07:42:14,241 [grpc-default-executor-4] INFO  impl.RaftServerImpl (RaftServerImpl.java:setRole(184)) - 443b071d-6096-48d6-bfe7-498b7c8032c0@group-7EB39FB5DF22: changes role from  FOLLOWER to FOLLOWER at term 341 for recognizeCandidate:cbde3520-0cea-4357-bb04-1a0ae64b2bb1
2019-10-17 07:42:14,241 [grpc-default-executor-4] INFO  impl.RoleInfo (RoleInfo.java:shutdownFollowerState(121)) - 443b071d-6096-48d6-bfe7-498b7c8032c0: shutdown FollowerState
2019-10-17 07:42:14,241 [grpc-default-executor-4] INFO  impl.RoleInfo (RoleInfo.java:updateAndGet(143)) - 443b071d-6096-48d6-bfe7-498b7c8032c0: start FollowerState
2019-10-17 07:42:14,241 [Thread-2285] INFO  impl.FollowerState (FollowerState.java:run(117)) - 443b071d-6096-48d6-bfe7-498b7c8032c0@group-7EB39FB5DF22-FollowerState was interrupted: java.lang.InterruptedException: sleep interrupted
2019-10-17 07:42:14,257 [cbde3520-0cea-4357-bb04-1a0ae64b2bb1@group-7EB39FB5DF22-LeaderElection315] INFO  impl.LeaderElection (LeaderElection.java:logAndReturn(56)) - cbde3520-0cea-4357-bb04-1a0ae64b2bb1@group-7EB39FB5DF22-LeaderElection315: Election REJECTED; received 2 response(s) [cbde3520-0cea-4357-bb04-1a0ae64b2bb1<-40d2d32e-dd25-45df-8070-f9dc56ccf0a7#0:FAIL-t341, cbde3520-0cea-4357-bb04-1a0ae64b2bb1<-443b071d-6096-48d6-bfe7-498b7c8032c0#0:FAIL-t341] and 0 exception(s); cbde3520-0cea-4357-bb04-1a0ae64b2bb1@group-7EB39FB5DF22:t341, leader=null, voted=cbde3520-0cea-4357-bb04-1a0ae64b2bb1, raftlog=cbde3520-0cea-4357-bb04-1a0ae64b2bb1@group-7EB39FB5DF22-SegmentedRaftLog:OPENED:c-1,f-1,i0, conf=-1: [40d2d32e-dd25-45df-8070-f9dc56ccf0a7:192.168.34.62:41633, cbde3520-0cea-4357-bb04-1a0ae64b2bb1:192.168.34.62:41642, 443b071d-6096-48d6-bfe7-498b7c8032c0:192.168.34.62:46516], old=null
2019-10-17 07:42:14,257 [cbde3520-0cea-4357-bb04-1a0ae64b2bb1@group-7EB39FB5DF22-LeaderElection315] INFO  impl.RaftServerImpl (RaftServerImpl.java:setRole(184)) - cbde3520-0cea-4357-bb04-1a0ae64b2bb1@group-7EB39FB5DF22: changes role from CANDIDATE to FOLLOWER at term 341 for DISCOVERED_A_NEW_TERM
2019-10-17 07:42:14,257 [cbde3520-0cea-4357-bb04-1a0ae64b2bb1@group-7EB39FB5DF22-LeaderElection315] INFO  impl.RoleInfo (RoleInfo.java:shutdownLeaderElection(134)) - cbde3520-0cea-4357-bb04-1a0ae64b2bb1: shutdown LeaderElection
2019-10-17 07:42:14,257 [cbde3520-0cea-4357-bb04-1a0ae64b2bb1@group-7EB39FB5DF22-LeaderElection315] INFO  impl.RoleInfo (RoleInfo.java:updateAndGet(143)) - cbde3520-0cea-4357-bb04-1a0ae64b2bb1: start FollowerState
2019-10-17 07:42:14,448 [Thread-2292] INFO  impl.FollowerState (FollowerState.java:run(108)) - cbde3520-0cea-4357-bb04-1a0ae64b2bb1@group-7EB39FB5DF22-FollowerState: change to CANDIDATE, lastRpcTime:190ms, electionTimeout:190ms
2019-10-17 07:42:14,448 [Thread-2292] INFO  impl.RoleInfo (RoleInfo.java:shutdownFollowerState(121)) - cbde3520-0cea-4357-bb04-1a0ae64b2bb1: shutdown FollowerState
2019-10-17 07:42:14,448 [Thread-2292] INFO  impl.RaftServerImpl (RaftServerImpl.java:setRole(184)) - cbde3520-0cea-4357-bb04-1a0ae64b2bb1@group-7EB39FB5DF22: changes role from  FOLLOWER to CANDIDATE at term 341 for changeToCandidate
2019-10-17 07:42:14,448 [Thread-2292] INFO  impl.RoleInfo (RoleInfo.java:updateAndGet(143)) - cbde3520-0cea-4357-bb04-1a0ae64b2bb1: start LeaderElection
2019-10-17 07:42:14,471 [cbde3520-0cea-4357-bb04-1a0ae64b2bb1@group-7EB39FB5DF22-LeaderElection316] INFO  impl.LeaderElection (LeaderElection.java:askForVotes(178)) - cbde3520-0cea-4357-bb04-1a0ae64b2bb1@group-7EB39FB5DF22-LeaderElection316: begin an election at term 342 for -1: [40d2d32e-dd25-45df-8070-f9dc56ccf0a7:192.168.34.62:41633, cbde3520-0cea-4357-bb04-1a0ae64b2bb1:192.168.34.62:41642, 443b071d-6096-48d6-bfe7-498b7c8032c0:192.168.34.62:46516], old=null
2019-10-17 07:42:14,474 [grpc-default-executor-1] INFO  impl.RaftServerImpl (RaftServerImpl.java:setRole(184)) - 40d2d32e-dd25-45df-8070-f9dc56ccf0a7@group-7EB39FB5DF22: changes role from  FOLLOWER to FOLLOWER at term 342 for recognizeCandidate:cbde3520-0cea-4357-bb04-1a0ae64b2bb1
2019-10-17 07:42:14,474 [grpc-default-executor-1] INFO  impl.RoleInfo (RoleInfo.java:shutdownFollowerState(121)) - 40d2d32e-dd25-45df-8070-f9dc56ccf0a7: shutdown FollowerState
2019-10-17 07:42:14,474 [grpc-default-executor-4] INFO  impl.RaftServerImpl (RaftServerImpl.java:setRole(184)) - 443b071d-6096-48d6-bfe7-498b7c8032c0@group-7EB39FB5DF22: changes role from  FOLLOWER to FOLLOWER at term 342 for recognizeCandidate:cbde3520-0cea-4357-bb04-1a0ae64b2bb1
2019-10-17 07:42:14,474 [grpc-default-executor-4] INFO  impl.RoleInfo (RoleInfo.java:shutdownFollowerState(121)) - 443b071d-6096-48d6-bfe7-498b7c8032c0: shutdown FollowerState
2019-10-17 07:42:14,474 [Thread-2290] INFO  impl.FollowerState (FollowerState.java:run(117)) - 40d2d32e-dd25-45df-8070-f9dc56ccf0a7@group-7EB39FB5DF22-FollowerState was interrupted: java.lang.InterruptedException: sleep interrupted
2019-10-17 07:42:14,474 [grpc-default-executor-1] INFO  impl.RoleInfo (RoleInfo.java:updateAndGet(143)) - 40d2d32e-dd25-45df-8070-f9dc56ccf0a7: start FollowerState
2019-10-17 07:42:14,475 [Thread-2291] INFO  impl.FollowerState (FollowerState.java:run(117)) - 443b071d-6096-48d6-bfe7-498b7c8032c0@group-7EB39FB5DF22-FollowerState was interrupted: java.lang.InterruptedException: sleep interrupted
2019-10-17 07:42:14,474 [grpc-default-executor-4] INFO  impl.RoleInfo (RoleInfo.java:updateAndGet(143)) - 443b071d-6096-48d6-bfe7-498b7c8032c0: start FollowerState
2019-10-17 07:42:14,499 [cbde3520-0cea-4357-bb04-1a0ae64b2bb1@group-7EB39FB5DF22-LeaderElection316] INFO  impl.LeaderElection (LeaderElection.java:logAndReturn(56)) - cbde3520-0cea-4357-bb04-1a0ae64b2bb1@group-7EB39FB5DF22-LeaderElection316: Election REJECTED; received 2 response(s) [cbde3520-0cea-4357-bb04-1a0ae64b2bb1<-40d2d32e-dd25-45df-8070-f9dc56ccf0a7#0:FAIL-t342, cbde3520-0cea-4357-bb04-1a0ae64b2bb1<-443b071d-6096-48d6-bfe7-498b7c8032c0#0:FAIL-t342] and 0 exception(s); cbde3520-0cea-4357-bb04-1a0ae64b2bb1@group-7EB39FB5DF22:t342, leader=null, voted=cbde3520-0cea-4357-bb04-1a0ae64b2bb1, raftlog=cbde3520-0cea-4357-bb04-1a0ae64b2bb1@group-7EB39FB5DF22-SegmentedRaftLog:OPENED:c-1,f-1,i0, conf=-1: [40d2d32e-dd25-45df-8070-f9dc56ccf0a7:192.168.34.62:41633, cbde3520-0cea-4357-bb04-1a0ae64b2bb1:192.168.34.62:41642, 443b071d-6096-48d6-bfe7-498b7c8032c0:192.168.34.62:46516], old=null
2019-10-17 07:42:14,499 [cbde3520-0cea-4357-bb04-1a0ae64b2bb1@group-7EB39FB5DF22-LeaderElection316] INFO  impl.RaftServerImpl (RaftServerImpl.java:setRole(184)) - cbde3520-0cea-4357-bb04-1a0ae64b2bb1@group-7EB39FB5DF22: changes role from CANDIDATE to FOLLOWER at term 342 for DISCOVERED_A_NEW_TERM
2019-10-17 07:42:14,500 [cbde3520-0cea-4357-bb04-1a0ae64b2bb1@group-7EB39FB5DF22-LeaderElection316] INFO  impl.RoleInfo (RoleInfo.java:shutdownLeaderElection(134)) - cbde3520-0cea-4357-bb04-1a0ae64b2bb1: shutdown LeaderElection
2019-10-17 07:42:14,500 [cbde3520-0cea-4357-bb04-1a0ae64b2bb1@group-7EB39FB5DF22-LeaderElection316] INFO  impl.RoleInfo (RoleInfo.java:updateAndGet(143)) - cbde3520-0cea-4357-bb04-1a0ae64b2bb1: start FollowerState
2019-10-17 07:42:14,584 [Thread-2298] INFO  impl.FollowerState (FollowerState.java:run(108)) - cbde3520-0cea-4357-bb04-1a0ae64b2bb1@group-7EB39FB5DF22-FollowerState: change to CANDIDATE, lastRpcTime:84ms, electionTimeout:84ms
2019-10-17 07:42:14,584 [Thread-2298] INFO  impl.RoleInfo (RoleInfo.java:shutdownFollowerState(121)) - cbde3520-0cea-4357-bb04-1a0ae64b2bb1: shutdown FollowerState
2019-10-17 07:42:14,584 [Thread-2298] INFO  impl.RaftServerImpl (RaftServerImpl.java:setRole(184)) - cbde3520-0cea-4357-bb04-1a0ae64b2bb1@group-7EB39FB5DF22: changes role from  FOLLOWER to CANDIDATE at term 342 for changeToCandidate
2019-10-17 07:42:14,585 [Thread-2298] INFO  impl.RoleInfo (RoleInfo.java:updateAndGet(143)) - cbde3520-0cea-4357-bb04-1a0ae64b2bb1: start LeaderElection
2019-10-17 07:42:14,609 [cbde3520-0cea-4357-bb04-1a0ae64b2bb1@group-7EB39FB5DF22-LeaderElection317] INFO  impl.LeaderElection (LeaderElection.java:askForVotes(178)) - cbde3520-0cea-4357-bb04-1a0ae64b2bb1@group-7EB39FB5DF22-LeaderElection317: begin an election at term 343 for -1: [40d2d32e-dd25-45df-8070-f9dc56ccf0a7:192.168.34.62:41633, cbde3520-0cea-4357-bb04-1a0ae64b2bb1:192.168.34.62:41642, 443b071d-6096-48d6-bfe7-498b7c8032c0:192.168.34.62:46516], old=null
2019-10-17 07:42:14,611 [grpc-default-executor-1] INFO  impl.RaftServerImpl (RaftServerImpl.java:setRole(184)) - 40d2d32e-dd25-45df-8070-f9dc56ccf0a7@group-7EB39FB5DF22: changes role from  FOLLOWER to FOLLOWER at term 343 for recognizeCandidate:cbde3520-0cea-4357-bb04-1a0ae64b2bb1
2019-10-17 07:42:14,611 [grpc-default-executor-1] INFO  impl.RoleInfo (RoleInfo.java:shutdownFollowerState(121)) - 40d2d32e-dd25-45df-8070-f9dc56ccf0a7: shutdown FollowerState
2019-10-17 07:42:14,611 [grpc-default-executor-4] INFO  impl.RaftServerImpl (RaftServerImpl.java:setRole(184)) - 443b071d-6096-48d6-bfe7-498b7c8032c0@group-7EB39FB5DF22: changes role from  FOLLOWER to FOLLOWER at term 343 for recognizeCandidate:cbde3520-0cea-4357-bb04-1a0ae64b2bb1
2019-10-17 07:42:14,611 [grpc-default-executor-4] INFO  impl.RoleInfo (RoleInfo.java:shutdownFollowerState(121)) - 443b071d-6096-48d6-bfe7-498b7c8032c0: shutdown FollowerState
2019-10-17 07:42:14,611 [Thread-2296] INFO  impl.FollowerState (FollowerState.java:run(117)) - 40d2d32e-dd25-45df-8070-f9dc56ccf0a7@group-7EB39FB5DF22-FollowerState was interrupted: java.lang.InterruptedException: sleep interrupted
2019-10-17 07:42:14,611 [grpc-default-executor-1] INFO  impl.RoleInfo (RoleInfo.java:updateAndGet(143)) - 40d2d32e-dd25-45df-8070-f9dc56ccf0a7: start FollowerState
2019-10-17 07:42:14,612 [Thread-2297] INFO  impl.FollowerState (FollowerState.java:run(117)) - 443b071d-6096-48d6-bfe7-498b7c8032c0@group-7EB39FB5DF22-FollowerState was interrupted: java.lang.InterruptedException: sleep interrupted
2019-10-17 07:42:14,612 [grpc-default-executor-4] INFO  impl.RoleInfo (RoleInfo.java:updateAndGet(143)) - 443b071d-6096-48d6-bfe7-498b7c8032c0: start FollowerState
2019-10-17 07:42:14,637 [cbde3520-0cea-4357-bb04-1a0ae64b2bb1@group-7EB39FB5DF22-LeaderElection317] INFO  impl.LeaderElection (LeaderElection.java:logAndReturn(56)) - cbde3520-0cea-4357-bb04-1a0ae64b2bb1@group-7EB39FB5DF22-LeaderElection317: Election REJECTED; received 2 response(s) [cbde3520-0cea-4357-bb04-1a0ae64b2bb1<-40d2d32e-dd25-45df-8070-f9dc56ccf0a7#0:FAIL-t343, cbde3520-0cea-4357-bb04-1a0ae64b2bb1<-443b071d-6096-48d6-bfe7-498b7c8032c0#0:FAIL-t343] and 0 exception(s); cbde3520-0cea-4357-bb04-1a0ae64b2bb1@group-7EB39FB5DF22:t343, leader=null, voted=cbde3520-0cea-4357-bb04-1a0ae64b2bb1, raftlog=cbde3520-0cea-4357-bb04-1a0ae64b2bb1@group-7EB39FB5DF22-SegmentedRaftLog:OPENED:c-1,f-1,i0, conf=-1: [40d2d32e-dd25-45df-8070-f9dc56ccf0a7:192.168.34.62:41633, cbde3520-0cea-4357-bb04-1a0ae64b2bb1:192.168.34.62:41642, 443b071d-6096-48d6-bfe7-498b7c8032c0:192.168.34.62:46516], old=null
2019-10-17 07:42:14,637 [cbde3520-0cea-4357-bb04-1a0ae64b2bb1@group-7EB39FB5DF22-LeaderElection317] INFO  impl.RaftServerImpl (RaftServerImpl.java:setRole(184)) - cbde3520-0cea-4357-bb04-1a0ae64b2bb1@group-7EB39FB5DF22: changes role from CANDIDATE to FOLLOWER at term 343 for DISCOVERED_A_NEW_TERM
2019-10-17 07:42:14,637 [cbde3520-0cea-4357-bb04-1a0ae64b2bb1@group-7EB39FB5DF22-LeaderElection317] INFO  impl.RoleInfo (RoleInfo.java:shutdownLeaderElection(134)) - cbde3520-0cea-4357-bb04-1a0ae64b2bb1: shutdown LeaderElection
2019-10-17 07:42:14,638 [cbde3520-0cea-4357-bb04-1a0ae64b2bb1@group-7EB39FB5DF22-LeaderElection317] INFO  impl.RoleInfo (RoleInfo.java:updateAndGet(143)) - cbde3520-0cea-4357-bb04-1a0ae64b2bb1: start FollowerState
2019-10-17 07:42:14,710 [Thread-2304] INFO  impl.FollowerState (FollowerState.java:run(108)) - cbde3520-0cea-4357-bb04-1a0ae64b2bb1@group-7EB39FB5DF22-FollowerState: change to CANDIDATE, lastRpcTime:72ms, electionTimeout:72ms
2019-10-17 07:42:14,710 [Thread-2304] INFO  impl.RoleInfo (RoleInfo.java:shutdownFollowerState(121)) - cbde3520-0cea-4357-bb04-1a0ae64b2bb1: shutdown FollowerState
2019-10-17 07:42:14,710 [Thread-2304] INFO  impl.RaftServerImpl (RaftServerImpl.java:setRole(184)) - cbde3520-0cea-4357-bb04-1a0ae64b2bb1@group-7EB39FB5DF22: changes role from  FOLLOWER to CANDIDATE at term 343 for changeToCandidate
2019-10-17 07:42:14,710 [Thread-2304] INFO  impl.RoleInfo (RoleInfo.java:updateAndGet(143)) - cbde3520-0cea-4357-bb04-1a0ae64b2bb1: start LeaderElection
2019-10-17 07:42:14,734 [cbde3520-0cea-4357-bb04-1a0ae64b2bb1@group-7EB39FB5DF22-LeaderElection318] INFO  impl.LeaderElection (LeaderElection.java:askForVotes(178)) - cbde3520-0cea-4357-bb04-1a0ae64b2bb1@group-7EB39FB5DF22-LeaderElection318: begin an election at term 344 for -1: [40d2d32e-dd25-45df-8070-f9dc56ccf0a7:192.168.34.62:41633, cbde3520-0cea-4357-bb04-1a0ae64b2bb1:192.168.34.62:41642, 443b071d-6096-48d6-bfe7-498b7c8032c0:192.168.34.62:46516], old=null
2019-10-17 07:42:14,736 [grpc-default-executor-4] INFO  impl.RaftServerImpl (RaftServerImpl.java:setRole(184)) - 40d2d32e-dd25-45df-8070-f9dc56ccf0a7@group-7EB39FB5DF22: changes role from  FOLLOWER to FOLLOWER at term 344 for recognizeCandidate:cbde3520-0cea-4357-bb04-1a0ae64b2bb1
2019-10-17 07:42:14,736 [grpc-default-executor-4] INFO  impl.RoleInfo (RoleInfo.java:shutdownFollowerState(121)) - 40d2d32e-dd25-45df-8070-f9dc56ccf0a7: shutdown FollowerState
2019-10-17 07:42:14,736 [grpc-default-executor-1] INFO  impl.RaftServerImpl (RaftServerImpl.java:setRole(184)) - 443b071d-6096-48d6-bfe7-498b7c8032c0@group-7EB39FB5DF22: changes role from  FOLLOWER to FOLLOWER at term 344 for recognizeCandidate:cbde3520-0cea-4357-bb04-1a0ae64b2bb1
2019-10-17 07:42:14,736 [Thread-2302] INFO  impl.FollowerState (FollowerState.java:run(117)) - 40d2d32e-dd25-45df-8070-f9dc56ccf0a7@group-7EB39FB5DF22-FollowerState was interrupted: java.lang.InterruptedException: sleep interrupted
2019-10-17 07:42:14,736 [grpc-default-executor-4] INFO  impl.RoleInfo (RoleInfo.java:updateAndGet(143)) - 40d2d32e-dd25-45df-8070-f9dc56ccf0a7: start FollowerState
2019-10-17 07:42:14,736 [grpc-default-executor-1] INFO  impl.RoleInfo (RoleInfo.java:shutdownFollowerState(121)) - 443b071d-6096-48d6-bfe7-498b7c8032c0: shutdown FollowerState
2019-10-17 07:42:14,737 [grpc-default-executor-1] INFO  impl.RoleInfo (RoleInfo.java:updateAndGet(143)) - 443b071d-6096-48d6-bfe7-498b7c8032c0: start FollowerState
2019-10-17 07:42:14,737 [Thread-2303] INFO  impl.FollowerState (FollowerState.java:run(117)) - 443b071d-6096-48d6-bfe7-498b7c8032c0@group-7EB39FB5DF22-FollowerState was interrupted: java.lang.InterruptedException: sleep interrupted
2019-10-17 07:42:14,765 [cbde3520-0cea-4357-bb04-1a0ae64b2bb1@group-7EB39FB5DF22-LeaderElection318] INFO  impl.LeaderElection (LeaderElection.java:logAndReturn(56)) - cbde3520-0cea-4357-bb04-1a0ae64b2bb1@group-7EB39FB5DF22-LeaderElection318: Election REJECTED; received 2 response(s) [cbde3520-0cea-4357-bb04-1a0ae64b2bb1<-40d2d32e-dd25-45df-8070-f9dc56ccf0a7#0:FAIL-t344, cbde3520-0cea-4357-bb04-1a0ae64b2bb1<-443b071d-6096-48d6-bfe7-498b7c8032c0#0:FAIL-t344] and 0 exception(s); cbde3520-0cea-4357-bb04-1a0ae64b2bb1@group-7EB39FB5DF22:t344, leader=null, voted=cbde3520-0cea-4357-bb04-1a0ae64b2bb1, raftlog=cbde3520-0cea-4357-bb04-1a0ae64b2bb1@group-7EB39FB5DF22-SegmentedRaftLog:OPENED:c-1,f-1,i0, conf=-1: [40d2d32e-dd25-45df-8070-f9dc56ccf0a7:192.168.34.62:41633, cbde3520-0cea-4357-bb04-1a0ae64b2bb1:192.168.34.62:41642, 443b071d-6096-48d6-bfe7-498b7c8032c0:192.168.34.62:46516], old=null
2019-10-17 07:42:14,766 [cbde3520-0cea-4357-bb04-1a0ae64b2bb1@group-7EB39FB5DF22-LeaderElection318] INFO  impl.RaftServerImpl (RaftServerImpl.java:setRole(184)) - cbde3520-0cea-4357-bb04-1a0ae64b2bb1@group-7EB39FB5DF22: changes role from CANDIDATE to FOLLOWER at term 344 for DISCOVERED_A_NEW_TERM
2019-10-17 07:42:14,766 [cbde3520-0cea-4357-bb04-1a0ae64b2bb1@group-7EB39FB5DF22-LeaderElection318] INFO  impl.RoleInfo (RoleInfo.java:shutdownLeaderElection(134)) - cbde3520-0cea-4357-bb04-1a0ae64b2bb1: shutdown LeaderElection
2019-10-17 07:42:14,766 [cbde3520-0cea-4357-bb04-1a0ae64b2bb1@group-7EB39FB5DF22-LeaderElection318] INFO  impl.RoleInfo (RoleInfo.java:updateAndGet(143)) - cbde3520-0cea-4357-bb04-1a0ae64b2bb1: start FollowerState
2019-10-17 07:42:14,886 [Thread-2310] INFO  impl.FollowerState (FollowerState.java:run(108)) - cbde3520-0cea-4357-bb04-1a0ae64b2bb1@group-7EB39FB5DF22-FollowerState: change to CANDIDATE, lastRpcTime:120ms, electionTimeout:120ms
2019-10-17 07:42:14,886 [Thread-2310] INFO  impl.RoleInfo (RoleInfo.java:shutdownFollowerState(121)) - cbde3520-0cea-4357-bb04-1a0ae64b2bb1: shutdown FollowerState
2019-10-17 07:42:14,887 [Thread-2310] INFO  impl.RaftServerImpl (RaftServerImpl.java:setRole(184)) - cbde3520-0cea-4357-bb04-1a0ae64b2bb1@group-7EB39FB5DF22: changes role from  FOLLOWER to CANDIDATE at term 344 for changeToCandidate
2019-10-17 07:42:14,887 [Thread-2310] INFO  impl.RoleInfo (RoleInfo.java:updateAndGet(143)) - cbde3520-0cea-4357-bb04-1a0ae64b2bb1: start LeaderElection
2019-10-17 07:42:14,920 [cbde3520-0cea-4357-bb04-1a0ae64b2bb1@group-7EB39FB5DF22-LeaderElection319] INFO  impl.LeaderElection (LeaderElection.java:askForVotes(178)) - cbde3520-0cea-4357-bb04-1a0ae64b2bb1@group-7EB39FB5DF22-LeaderElection319: begin an election at term 345 for -1: [40d2d32e-dd25-45df-8070-f9dc56ccf0a7:192.168.34.62:41633, cbde3520-0cea-4357-bb04-1a0ae64b2bb1:192.168.34.62:41642, 443b071d-6096-48d6-bfe7-498b7c8032c0:192.168.34.62:46516], old=null
2019-10-17 07:42:14,922 [grpc-default-executor-4] INFO  impl.RaftServerImpl (RaftServerImpl.java:setRole(184)) - 40d2d32e-dd25-45df-8070-f9dc56ccf0a7@group-7EB39FB5DF22: changes role from  FOLLOWER to FOLLOWER at term 345 for recognizeCandidate:cbde3520-0cea-4357-bb04-1a0ae64b2bb1
2019-10-17 07:42:14,922 [grpc-default-executor-4] INFO  impl.RoleInfo (RoleInfo.java:shutdownFollowerState(121)) - 40d2d32e-dd25-45df-8070-f9dc56ccf0a7: shutdown FollowerState
2019-10-17 07:42:14,923 [grpc-default-executor-1] INFO  impl.RaftServerImpl (RaftServerImpl.java:setRole(184)) - 443b071d-6096-48d6-bfe7-498b7c8032c0@group-7EB39FB5DF22: changes role from  FOLLOWER to FOLLOWER at term 345 for recognizeCandidate:cbde3520-0cea-4357-bb04-1a0ae64b2bb1
2019-10-17 07:42:14,923 [grpc-default-executor-1] INFO  impl.RoleInfo (RoleInfo.java:shutdownFollowerState(121)) - 443b071d-6096-48d6-bfe7-498b7c8032c0: shutdown FollowerState
2019-10-17 07:42:14,923 [Thread-2308] INFO  impl.FollowerState (FollowerState.java:run(117)) - 40d2d32e-dd25-45df-8070-f9dc56ccf0a7@group-7EB39FB5DF22-FollowerState was interrupted: java.lang.InterruptedException: sleep interrupted
2019-10-17 07:42:14,923 [grpc-default-executor-4] INFO  impl.RoleInfo (RoleInfo.java:updateAndGet(143)) - 40d2d32e-dd25-45df-8070-f9dc56ccf0a7: start FollowerState
2019-10-17 07:42:14,923 [Thread-2309] INFO  impl.FollowerState (FollowerState.java:run(117)) - 443b071d-6096-48d6-bfe7-498b7c8032c0@group-7EB39FB5DF22-FollowerState was interrupted: java.lang.InterruptedException: sleep interrupted
2019-10-17 07:42:14,923 [grpc-default-executor-1] INFO  impl.RoleInfo (RoleInfo.java:updateAndGet(143)) - 443b071d-6096-48d6-bfe7-498b7c8032c0: start FollowerState
2019-10-17 07:42:14,938 [cbde3520-0cea-4357-bb04-1a0ae64b2bb1@group-7EB39FB5DF22-LeaderElection319] INFO  impl.LeaderElection (LeaderElection.java:logAndReturn(56)) - cbde3520-0cea-4357-bb04-1a0ae64b2bb1@group-7EB39FB5DF22-LeaderElection319: Election REJECTED; received 2 response(s) [cbde3520-0cea-4357-bb04-1a0ae64b2bb1<-40d2d32e-dd25-45df-8070-f9dc56ccf0a7#0:FAIL-t345, cbde3520-0cea-4357-bb04-1a0ae64b2bb1<-443b071d-6096-48d6-bfe7-498b7c8032c0#0:FAIL-t345] and 0 exception(s); cbde3520-0cea-4357-bb04-1a0ae64b2bb1@group-7EB39FB5DF22:t345, leader=null, voted=cbde3520-0cea-4357-bb04-1a0ae64b2bb1, raftlog=cbde3520-0cea-4357-bb04-1a0ae64b2bb1@group-7EB39FB5DF22-SegmentedRaftLog:OPENED:c-1,f-1,i0, conf=-1: [40d2d32e-dd25-45df-8070-f9dc56ccf0a7:192.168.34.62:41633, cbde3520-0cea-4357-bb04-1a0ae64b2bb1:192.168.34.62:41642, 443b071d-6096-48d6-bfe7-498b7c8032c0:192.168.34.62:46516], old=null
2019-10-17 07:42:14,938 [cbde3520-0cea-4357-bb04-1a0ae64b2bb1@group-7EB39FB5DF22-LeaderElection319] INFO  impl.RaftServerImpl (RaftServerImpl.java:setRole(184)) - cbde3520-0cea-4357-bb04-1a0ae64b2bb1@group-7EB39FB5DF22: changes role from CANDIDATE to FOLLOWER at term 345 for DISCOVERED_A_NEW_TERM
2019-10-17 07:42:14,938 [cbde3520-0cea-4357-bb04-1a0ae64b2bb1@group-7EB39FB5DF22-LeaderElection319] INFO  impl.RoleInfo (RoleInfo.java:shutdownLeaderElection(134)) - cbde3520-0cea-4357-bb04-1a0ae64b2bb1: shutdown LeaderElection
2019-10-17 07:42:14,938 [cbde3520-0cea-4357-bb04-1a0ae64b2bb1@group-7EB39FB5DF22-LeaderElection319] INFO  impl.RoleInfo (RoleInfo.java:updateAndGet(143)) - cbde3520-0cea-4357-bb04-1a0ae64b2bb1: start FollowerState
2019-10-17 07:42:14,985 [Thread-2316] INFO  impl.FollowerState (FollowerState.java:run(108)) - cbde3520-0cea-4357-bb04-1a0ae64b2bb1@group-7EB39FB5DF22-FollowerState: change to CANDIDATE, lastRpcTime:46ms, electionTimeout:46ms
2019-10-17 07:42:14,985 [Thread-2316] INFO  impl.RoleInfo (RoleInfo.java:shutdownFollowerState(121)) - cbde3520-0cea-4357-bb04-1a0ae64b2bb1: shutdown FollowerState
2019-10-17 07:42:14,985 [Thread-2316] INFO  impl.RaftServerImpl (RaftServerImpl.java:setRole(184)) - cbde3520-0cea-4357-bb04-1a0ae64b2bb1@group-7EB39FB5DF22: changes role from  FOLLOWER to CANDIDATE at term 345 for changeToCandidate
2019-10-17 07:42:14,985 [Thread-2316] INFO  impl.RoleInfo (RoleInfo.java:updateAndGet(143)) - cbde3520-0cea-4357-bb04-1a0ae64b2bb1: start LeaderElection
2019-10-17 07:42:15,009 [cbde3520-0cea-4357-bb04-1a0ae64b2bb1@group-7EB39FB5DF22-LeaderElection320] INFO  impl.LeaderElection (LeaderElection.java:askForVotes(178)) - cbde3520-0cea-4357-bb04-1a0ae64b2bb1@group-7EB39FB5DF22-LeaderElection320: begin an election at term 346 for -1: [40d2d32e-dd25-45df-8070-f9dc56ccf0a7:192.168.34.62:41633, cbde3520-0cea-4357-bb04-1a0ae64b2bb1:192.168.34.62:41642, 443b071d-6096-48d6-bfe7-498b7c8032c0:192.168.34.62:46516], old=null
2019-10-17 07:42:15,012 [grpc-default-executor-1] INFO  impl.RaftServerImpl (RaftServerImpl.java:setRole(184)) - 40d2d32e-dd25-45df-8070-f9dc56ccf0a7@group-7EB39FB5DF22: changes role from  FOLLOWER to FOLLOWER at term 346 for recognizeCandidate:cbde3520-0cea-4357-bb04-1a0ae64b2bb1
2019-10-17 07:42:15,012 [grpc-default-executor-4] INFO  impl.RaftServerImpl (RaftServerImpl.java:setRole(184)) - 443b071d-6096-48d6-bfe7-498b7c8032c0@group-7EB39FB5DF22: changes role from  FOLLOWER to FOLLOWER at term 346 for recognizeCandidate:cbde3520-0cea-4357-bb04-1a0ae64b2bb1
2019-10-17 07:42:15,012 [grpc-default-executor-1] INFO  impl.RoleInfo (RoleInfo.java:shutdownFollowerState(121)) - 40d2d32e-dd25-45df-8070-f9dc56ccf0a7: shutdown FollowerState
2019-10-17 07:42:15,013 [grpc-default-executor-4] INFO  impl.RoleInfo (RoleInfo.java:shutdownFollowerState(121)) - 443b071d-6096-48d6-bfe7-498b7c8032c0: shutdown FollowerState
2019-10-17 07:42:15,013 [Thread-2314] INFO  impl.FollowerState (FollowerState.java:run(117)) - 40d2d32e-dd25-45df-8070-f9dc56ccf0a7@group-7EB39FB5DF22-FollowerState was interrupted: java.lang.InterruptedException: sleep interrupted
2019-10-17 07:42:15,013 [grpc-default-executor-1] INFO  impl.RoleInfo (RoleInfo.java:updateAndGet(143)) - 40d2d32e-dd25-45df-8070-f9dc56ccf0a7: start FollowerState
2019-10-17 07:42:15,013 [Thread-2315] INFO  impl.FollowerState (FollowerState.java:run(117)) - 443b071d-6096-48d6-bfe7-498b7c8032c0@group-7EB39FB5DF22-FollowerState was interrupted: java.lang.InterruptedException: sleep interrupted
2019-10-17 07:42:15,013 [grpc-default-executor-4] INFO  impl.RoleInfo (RoleInfo.java:updateAndGet(143)) - 443b071d-6096-48d6-bfe7-498b7c8032c0: start FollowerState
2019-10-17 07:42:15,038 [cbde3520-0cea-4357-bb04-1a0ae64b2bb1@group-7EB39FB5DF22-LeaderElection320] INFO  impl.LeaderElection (LeaderElection.java:logAndReturn(56)) - cbde3520-0cea-4357-bb04-1a0ae64b2bb1@group-7EB39FB5DF22-LeaderElection320: Election REJECTED; received 2 response(s) [cbde3520-0cea-4357-bb04-1a0ae64b2bb1<-40d2d32e-dd25-45df-8070-f9dc56ccf0a7#0:FAIL-t346, cbde3520-0cea-4357-bb04-1a0ae64b2bb1<-443b071d-6096-48d6-bfe7-498b7c8032c0#0:FAIL-t346] and 0 exception(s); cbde3520-0cea-4357-bb04-1a0ae64b2bb1@group-7EB39FB5DF22:t346, leader=null, voted=cbde3520-0cea-4357-bb04-1a0ae64b2bb1, raftlog=cbde3520-0cea-4357-bb04-1a0ae64b2bb1@group-7EB39FB5DF22-SegmentedRaftLog:OPENED:c-1,f-1,i0, conf=-1: [40d2d32e-dd25-45df-8070-f9dc56ccf0a7:192.168.34.62:41633, cbde3520-0cea-4357-bb04-1a0ae64b2bb1:192.168.34.62:41642, 443b071d-6096-48d6-bfe7-498b7c8032c0:192.168.34.62:46516], old=null
2019-10-17 07:42:15,038 [cbde3520-0cea-4357-bb04-1a0ae64b2bb1@group-7EB39FB5DF22-LeaderElection320] INFO  impl.RaftServerImpl (RaftServerImpl.java:setRole(184)) - cbde3520-0cea-4357-bb04-1a0ae64b2bb1@group-7EB39FB5DF22: changes role from CANDIDATE to FOLLOWER at term 346 for DISCOVERED_A_NEW_TERM
2019-10-17 07:42:15,038 [cbde3520-0cea-4357-bb04-1a0ae64b2bb1@group-7EB39FB5DF22-LeaderElection320] INFO  impl.RoleInfo (RoleInfo.java:shutdownLeaderElection(134)) - cbde3520-0cea-4357-bb04-1a0ae64b2bb1: shutdown LeaderElection
2019-10-17 07:42:15,039 [cbde3520-0cea-4357-bb04-1a0ae64b2bb1@group-7EB39FB5DF22-LeaderElection320] INFO  impl.RoleInfo (RoleInfo.java:updateAndGet(143)) - cbde3520-0cea-4357-bb04-1a0ae64b2bb1: start FollowerState
2019-10-17 07:42:15,053 [Thread-2322] INFO  impl.FollowerState (FollowerState.java:run(108)) - cbde3520-0cea-4357-bb04-1a0ae64b2bb1@group-7EB39FB5DF22-FollowerState: change to CANDIDATE, lastRpcTime:14ms, electionTimeout:14ms
2019-10-17 07:42:15,053 [Thread-2322] INFO  impl.RoleInfo (RoleInfo.java:shutdownFollowerState(121)) - cbde3520-0cea-4357-bb04-1a0ae64b2bb1: shutdown FollowerState
2019-10-17 07:42:15,053 [Thread-2322] INFO  impl.RaftServerImpl (RaftServerImpl.java:setRole(184)) - cbde3520-0cea-4357-bb04-1a0ae64b2bb1@group-7EB39FB5DF22: changes role from  FOLLOWER to CANDIDATE at term 346 for changeToCandidate
2019-10-17 07:42:15,053 [Thread-2322] INFO  impl.RoleInfo (RoleInfo.java:updateAndGet(143)) - cbde3520-0cea-4357-bb04-1a0ae64b2bb1: start LeaderElection
2019-10-17 07:42:15,076 [cbde3520-0cea-4357-bb04-1a0ae64b2bb1@group-7EB39FB5DF22-LeaderElection321] INFO  impl.LeaderElection (LeaderElection.java:askForVotes(178)) - cbde3520-0cea-4357-bb04-1a0ae64b2bb1@group-7EB39FB5DF22-LeaderElection321: begin an election at term 347 for -1: [40d2d32e-dd25-45df-8070-f9dc56ccf0a7:192.168.34.62:41633, cbde3520-0cea-4357-bb04-1a0ae64b2bb1:192.168.34.62:41642, 443b071d-6096-48d6-bfe7-498b7c8032c0:192.168.34.62:46516], old=null
2019-10-17 07:42:15,078 [grpc-default-executor-4] INFO  impl.RaftServerImpl (RaftServerImpl.java:setRole(184)) - 40d2d32e-dd25-45df-8070-f9dc56ccf0a7@group-7EB39FB5DF22: changes role from  FOLLOWER to FOLLOWER at term 347 for recognizeCandidate:cbde3520-0cea-4357-bb04-1a0ae64b2bb1
2019-10-17 07:42:15,078 [grpc-default-executor-4] INFO  impl.RoleInfo (RoleInfo.java:shutdownFollowerState(121)) - 40d2d32e-dd25-45df-8070-f9dc56ccf0a7: shutdown FollowerState
2019-10-17 07:42:15,078 [grpc-default-executor-4] INFO  impl.RoleInfo (RoleInfo.java:updateAndGet(143)) - 40d2d32e-dd25-45df-8070-f9dc56ccf0a7: start FollowerState
2019-10-17 07:42:15,078 [grpc-default-executor-1] INFO  impl.RaftServerImpl (RaftServerImpl.java:setRole(184)) - 443b071d-6096-48d6-bfe7-498b7c8032c0@group-7EB39FB5DF22: changes role from  FOLLOWER to FOLLOWER at term 347 for recognizeCandidate:cbde3520-0cea-4357-bb04-1a0ae64b2bb1
2019-10-17 07:42:15,079 [grpc-default-executor-1] INFO  impl.RoleInfo (RoleInfo.java:shutdownFollowerState(121)) - 443b071d-6096-48d6-bfe7-498b7c8032c0: shutdown FollowerState
2019-10-17 07:42:15,078 [Thread-2320] INFO  impl.FollowerState (FollowerState.java:run(117)) - 40d2d32e-dd25-45df-8070-f9dc56ccf0a7@group-7EB39FB5DF22-FollowerState was interrupted: java.lang.InterruptedException: sleep interrupted
2019-10-17 07:42:15,079 [Thread-2321] INFO  impl.FollowerState (FollowerState.java:run(117)) - 443b071d-6096-48d6-bfe7-498b7c8032c0@group-7EB39FB5DF22-FollowerState was interrupted: java.lang.InterruptedException: sleep interrupted
2019-10-17 07:42:15,079 [grpc-default-executor-1] INFO  impl.RoleInfo (RoleInfo.java:updateAndGet(143)) - 443b071d-6096-48d6-bfe7-498b7c8032c0: start FollowerState
2019-10-17 07:42:15,103 [cbde3520-0cea-4357-bb04-1a0ae64b2bb1@group-7EB39FB5DF22-LeaderElection321] INFO  impl.LeaderElection (LeaderElection.java:logAndReturn(56)) - cbde3520-0cea-4357-bb04-1a0ae64b2bb1@group-7EB39FB5DF22-LeaderElection321: Election REJECTED; received 2 response(s) [cbde3520-0cea-4357-bb04-1a0ae64b2bb1<-40d2d32e-dd25-45df-8070-f9dc56ccf0a7#0:FAIL-t347, cbde3520-0cea-4357-bb04-1a0ae64b2bb1<-443b071d-6096-48d6-bfe7-498b7c8032c0#0:FAIL-t347] and 0 exception(s); cbde3520-0cea-4357-bb04-1a0ae64b2bb1@group-7EB39FB5DF22:t347, leader=null, voted=cbde3520-0cea-4357-bb04-1a0ae64b2bb1, raftlog=cbde3520-0cea-4357-bb04-1a0ae64b2bb1@group-7EB39FB5DF22-SegmentedRaftLog:OPENED:c-1,f-1,i0, conf=-1: [40d2d32e-dd25-45df-8070-f9dc56ccf0a7:192.168.34.62:41633, cbde3520-0cea-4357-bb04-1a0ae64b2bb1:192.168.34.62:41642, 443b071d-6096-48d6-bfe7-498b7c8032c0:192.168.34.62:46516], old=null
2019-10-17 07:42:15,103 [cbde3520-0cea-4357-bb04-1a0ae64b2bb1@group-7EB39FB5DF22-LeaderElection321] INFO  impl.RaftServerImpl (RaftServerImpl.java:setRole(184)) - cbde3520-0cea-4357-bb04-1a0ae64b2bb1@group-7EB39FB5DF22: changes role from CANDIDATE to FOLLOWER at term 347 for DISCOVERED_A_NEW_TERM
2019-10-17 07:42:15,103 [cbde3520-0cea-4357-bb04-1a0ae64b2bb1@group-7EB39FB5DF22-LeaderElection321] INFO  impl.RoleInfo (RoleInfo.java:shutdownLeaderElection(134)) - cbde3520-0cea-4357-bb04-1a0ae64b2bb1: shutdown LeaderElection
2019-10-17 07:42:15,103 [cbde3520-0cea-4357-bb04-1a0ae64b2bb1@group-7EB39FB5DF22-LeaderElection321] INFO  impl.RoleInfo (RoleInfo.java:updateAndGet(143)) - cbde3520-0cea-4357-bb04-1a0ae64b2bb1: start FollowerState
2019-10-17 07:42:15,217 [Thread-2328] INFO  impl.FollowerState (FollowerState.java:run(108)) - cbde3520-0cea-4357-bb04-1a0ae64b2bb1@group-7EB39FB5DF22-FollowerState: change to CANDIDATE, lastRpcTime:113ms, electionTimeout:113ms
2019-10-17 07:42:15,217 [Thread-2328] INFO  impl.RoleInfo (RoleInfo.java:shutdownFollowerState(121)) - cbde3520-0cea-4357-bb04-1a0ae64b2bb1: shutdown FollowerState
2019-10-17 07:42:15,217 [Thread-2328] INFO  impl.RaftServerImpl (RaftServerImpl.java:setRole(184)) - cbde3520-0cea-4357-bb04-1a0ae64b2bb1@group-7EB39FB5DF22: changes role from  FOLLOWER to CANDIDATE at term 347 for changeToCandidate
2019-10-17 07:42:15,218 [Thread-2328] INFO  impl.RoleInfo (RoleInfo.java:updateAndGet(143)) - cbde3520-0cea-4357-bb04-1a0ae64b2bb1: start LeaderElection
2019-10-17 07:42:15,224 [main] INFO  ozone.MiniOzoneClusterImpl (MiniOzoneClusterImpl.java:lambda$waitForClusterToBeReady$2(164)) - Waiting for 1 number of pipelines out of 5, to report a leader.
2019-10-17 07:42:15,242 [cbde3520-0cea-4357-bb04-1a0ae64b2bb1@group-7EB39FB5DF22-LeaderElection322] INFO  impl.LeaderElection (LeaderElection.java:askForVotes(178)) - cbde3520-0cea-4357-bb04-1a0ae64b2bb1@group-7EB39FB5DF22-LeaderElection322: begin an election at term 348 for -1: [40d2d32e-dd25-45df-8070-f9dc56ccf0a7:192.168.34.62:41633, cbde3520-0cea-4357-bb04-1a0ae64b2bb1:192.168.34.62:41642, 443b071d-6096-48d6-bfe7-498b7c8032c0:192.168.34.62:46516], old=null
2019-10-17 07:42:15,244 [grpc-default-executor-1] INFO  impl.RaftServerImpl (RaftServerImpl.java:setRole(184)) - 40d2d32e-dd25-45df-8070-f9dc56ccf0a7@group-7EB39FB5DF22: changes role from  FOLLOWER to FOLLOWER at term 348 for recognizeCandidate:cbde3520-0cea-4357-bb04-1a0ae64b2bb1
2019-10-17 07:42:15,244 [grpc-default-executor-4] INFO  impl.RaftServerImpl (RaftServerImpl.java:setRole(184)) - 443b071d-6096-48d6-bfe7-498b7c8032c0@group-7EB39FB5DF22: changes role from  FOLLOWER to FOLLOWER at term 348 for recognizeCandidate:cbde3520-0cea-4357-bb04-1a0ae64b2bb1
2019-10-17 07:42:15,244 [grpc-default-executor-1] INFO  impl.RoleInfo (RoleInfo.java:shutdownFollowerState(121)) - 40d2d32e-dd25-45df-8070-f9dc56ccf0a7: shutdown FollowerState
2019-10-17 07:42:15,244 [grpc-default-executor-4] INFO  impl.RoleInfo (RoleInfo.java:shutdownFollowerState(121)) - 443b071d-6096-48d6-bfe7-498b7c8032c0: shutdown FollowerState
2019-10-17 07:42:15,245 [Thread-2326] INFO  impl.FollowerState (FollowerState.java:run(117)) - 40d2d32e-dd25-45df-8070-f9dc56ccf0a7@group-7EB39FB5DF22-FollowerState was interrupted: java.lang.InterruptedException: sleep interrupted
2019-10-17 07:42:15,245 [grpc-default-executor-1] INFO  impl.RoleInfo (RoleInfo.java:updateAndGet(143)) - 40d2d32e-dd25-45df-8070-f9dc56ccf0a7: start FollowerState
2019-10-17 07:42:15,245 [Thread-2327] INFO  impl.FollowerState (FollowerState.java:run(117)) - 443b071d-6096-48d6-bfe7-498b7c8032c0@group-7EB39FB5DF22-FollowerState was interrupted: java.lang.InterruptedException: sleep interrupted
2019-10-17 07:42:15,245 [grpc-default-executor-4] INFO  impl.RoleInfo (RoleInfo.java:updateAndGet(143)) - 443b071d-6096-48d6-bfe7-498b7c8032c0: start FollowerState
2019-10-17 07:42:15,270 [cbde3520-0cea-4357-bb04-1a0ae64b2bb1@group-7EB39FB5DF22-LeaderElection322] INFO  impl.LeaderElection (LeaderElection.java:logAndReturn(56)) - cbde3520-0cea-4357-bb04-1a0ae64b2bb1@group-7EB39FB5DF22-LeaderElection322: Election REJECTED; received 2 response(s) [cbde3520-0cea-4357-bb04-1a0ae64b2bb1<-40d2d32e-dd25-45df-8070-f9dc56ccf0a7#0:FAIL-t348, cbde3520-0cea-4357-bb04-1a0ae64b2bb1<-443b071d-6096-48d6-bfe7-498b7c8032c0#0:FAIL-t348] and 0 exception(s); cbde3520-0cea-4357-bb04-1a0ae64b2bb1@group-7EB39FB5DF22:t348, leader=null, voted=cbde3520-0cea-4357-bb04-1a0ae64b2bb1, raftlog=cbde3520-0cea-4357-bb04-1a0ae64b2bb1@group-7EB39FB5DF22-SegmentedRaftLog:OPENED:c-1,f-1,i0, conf=-1: [40d2d32e-dd25-45df-8070-f9dc56ccf0a7:192.168.34.62:41633, cbde3520-0cea-4357-bb04-1a0ae64b2bb1:192.168.34.62:41642, 443b071d-6096-48d6-bfe7-498b7c8032c0:192.168.34.62:46516], old=null
2019-10-17 07:42:15,270 [cbde3520-0cea-4357-bb04-1a0ae64b2bb1@group-7EB39FB5DF22-LeaderElection322] INFO  impl.RaftServerImpl (RaftServerImpl.java:setRole(184)) - cbde3520-0cea-4357-bb04-1a0ae64b2bb1@group-7EB39FB5DF22: changes role from CANDIDATE to FOLLOWER at term 348 for DISCOVERED_A_NEW_TERM
2019-10-17 07:42:15,270 [cbde3520-0cea-4357-bb04-1a0ae64b2bb1@group-7EB39FB5DF22-LeaderElection322] INFO  impl.RoleInfo (RoleInfo.java:shutdownLeaderElection(134)) - cbde3520-0cea-4357-bb04-1a0ae64b2bb1: shutdown LeaderElection
2019-10-17 07:42:15,270 [cbde3520-0cea-4357-bb04-1a0ae64b2bb1@group-7EB39FB5DF22-LeaderElection322] INFO  impl.RoleInfo (RoleInfo.java:updateAndGet(143)) - cbde3520-0cea-4357-bb04-1a0ae64b2bb1: start FollowerState
2019-10-17 07:42:15,341 [Thread-2334] INFO  impl.FollowerState (FollowerState.java:run(108)) - cbde3520-0cea-4357-bb04-1a0ae64b2bb1@group-7EB39FB5DF22-FollowerState: change to CANDIDATE, lastRpcTime:70ms, electionTimeout:70ms
2019-10-17 07:42:15,341 [Thread-2334] INFO  impl.RoleInfo (RoleInfo.java:shutdownFollowerState(121)) - cbde3520-0cea-4357-bb04-1a0ae64b2bb1: shutdown FollowerState
2019-10-17 07:42:15,341 [Thread-2334] INFO  impl.RaftServerImpl (RaftServerImpl.java:setRole(184)) - cbde3520-0cea-4357-bb04-1a0ae64b2bb1@group-7EB39FB5DF22: changes role from  FOLLOWER to CANDIDATE at term 348 for changeToCandidate
2019-10-17 07:42:15,341 [Thread-2334] INFO  impl.RoleInfo (RoleInfo.java:updateAndGet(143)) - cbde3520-0cea-4357-bb04-1a0ae64b2bb1: start LeaderElection
2019-10-17 07:42:15,373 [cbde3520-0cea-4357-bb04-1a0ae64b2bb1@group-7EB39FB5DF22-LeaderElection323] INFO  impl.LeaderElection (LeaderElection.java:askForVotes(178)) - cbde3520-0cea-4357-bb04-1a0ae64b2bb1@group-7EB39FB5DF22-LeaderElection323: begin an election at term 349 for -1: [40d2d32e-dd25-45df-8070-f9dc56ccf0a7:192.168.34.62:41633, cbde3520-0cea-4357-bb04-1a0ae64b2bb1:192.168.34.62:41642, 443b071d-6096-48d6-bfe7-498b7c8032c0:192.168.34.62:46516], old=null
2019-10-17 07:42:15,375 [grpc-default-executor-4] INFO  impl.RaftServerImpl (RaftServerImpl.java:setRole(184)) - 40d2d32e-dd25-45df-8070-f9dc56ccf0a7@group-7EB39FB5DF22: changes role from  FOLLOWER to FOLLOWER at term 349 for recognizeCandidate:cbde3520-0cea-4357-bb04-1a0ae64b2bb1
2019-10-17 07:42:15,376 [grpc-default-executor-4] INFO  impl.RoleInfo (RoleInfo.java:shutdownFollowerState(121)) - 40d2d32e-dd25-45df-8070-f9dc56ccf0a7: shutdown FollowerState
2019-10-17 07:42:15,376 [grpc-default-executor-1] INFO  impl.RaftServerImpl (RaftServerImpl.java:setRole(184)) - 443b071d-6096-48d6-bfe7-498b7c8032c0@group-7EB39FB5DF22: changes role from  FOLLOWER to FOLLOWER at term 349 for recognizeCandidate:cbde3520-0cea-4357-bb04-1a0ae64b2bb1
2019-10-17 07:42:15,376 [grpc-default-executor-1] INFO  impl.RoleInfo (RoleInfo.java:shutdownFollowerState(121)) - 443b071d-6096-48d6-bfe7-498b7c8032c0: shutdown FollowerState
2019-10-17 07:42:15,376 [Thread-2332] INFO  impl.FollowerState (FollowerState.java:run(117)) - 40d2d32e-dd25-45df-8070-f9dc56ccf0a7@group-7EB39FB5DF22-FollowerState was interrupted: java.lang.InterruptedException: sleep interrupted
2019-10-17 07:42:15,376 [grpc-default-executor-4] INFO  impl.RoleInfo (RoleInfo.java:updateAndGet(143)) - 40d2d32e-dd25-45df-8070-f9dc56ccf0a7: start FollowerState
2019-10-17 07:42:15,376 [Thread-2333] INFO  impl.FollowerState (FollowerState.java:run(117)) - 443b071d-6096-48d6-bfe7-498b7c8032c0@group-7EB39FB5DF22-FollowerState was interrupted: java.lang.InterruptedException: sleep interrupted
2019-10-17 07:42:15,376 [grpc-default-executor-1] INFO  impl.RoleInfo (RoleInfo.java:updateAndGet(143)) - 443b071d-6096-48d6-bfe7-498b7c8032c0: start FollowerState
2019-10-17 07:42:15,399 [cbde3520-0cea-4357-bb04-1a0ae64b2bb1@group-7EB39FB5DF22-LeaderElection323] INFO  impl.LeaderElection (LeaderElection.java:logAndReturn(56)) - cbde3520-0cea-4357-bb04-1a0ae64b2bb1@group-7EB39FB5DF22-LeaderElection323: Election REJECTED; received 2 response(s) [cbde3520-0cea-4357-bb04-1a0ae64b2bb1<-40d2d32e-dd25-45df-8070-f9dc56ccf0a7#0:FAIL-t349, cbde3520-0cea-4357-bb04-1a0ae64b2bb1<-443b071d-6096-48d6-bfe7-498b7c8032c0#0:FAIL-t349] and 0 exception(s); cbde3520-0cea-4357-bb04-1a0ae64b2bb1@group-7EB39FB5DF22:t349, leader=null, voted=cbde3520-0cea-4357-bb04-1a0ae64b2bb1, raftlog=cbde3520-0cea-4357-bb04-1a0ae64b2bb1@group-7EB39FB5DF22-SegmentedRaftLog:OPENED:c-1,f-1,i0, conf=-1: [40d2d32e-dd25-45df-8070-f9dc56ccf0a7:192.168.34.62:41633, cbde3520-0cea-4357-bb04-1a0ae64b2bb1:192.168.34.62:41642, 443b071d-6096-48d6-bfe7-498b7c8032c0:192.168.34.62:46516], old=null
2019-10-17 07:42:15,399 [cbde3520-0cea-4357-bb04-1a0ae64b2bb1@group-7EB39FB5DF22-LeaderElection323] INFO  impl.RaftServerImpl (RaftServerImpl.java:setRole(184)) - cbde3520-0cea-4357-bb04-1a0ae64b2bb1@group-7EB39FB5DF22: changes role from CANDIDATE to FOLLOWER at term 349 for DISCOVERED_A_NEW_TERM
2019-10-17 07:42:15,400 [cbde3520-0cea-4357-bb04-1a0ae64b2bb1@group-7EB39FB5DF22-LeaderElection323] INFO  impl.RoleInfo (RoleInfo.java:shutdownLeaderElection(134)) - cbde3520-0cea-4357-bb04-1a0ae64b2bb1: shutdown LeaderElection
2019-10-17 07:42:15,400 [cbde3520-0cea-4357-bb04-1a0ae64b2bb1@group-7EB39FB5DF22-LeaderElection323] INFO  impl.RoleInfo (RoleInfo.java:updateAndGet(143)) - cbde3520-0cea-4357-bb04-1a0ae64b2bb1: start FollowerState
2019-10-17 07:42:15,548 [Thread-2340] INFO  impl.FollowerState (FollowerState.java:run(108)) - cbde3520-0cea-4357-bb04-1a0ae64b2bb1@group-7EB39FB5DF22-FollowerState: change to CANDIDATE, lastRpcTime:148ms, electionTimeout:148ms
2019-10-17 07:42:15,548 [Thread-2340] INFO  impl.RoleInfo (RoleInfo.java:shutdownFollowerState(121)) - cbde3520-0cea-4357-bb04-1a0ae64b2bb1: shutdown FollowerState
2019-10-17 07:42:15,548 [Thread-2340] INFO  impl.RaftServerImpl (RaftServerImpl.java:setRole(184)) - cbde3520-0cea-4357-bb04-1a0ae64b2bb1@group-7EB39FB5DF22: changes role from  FOLLOWER to CANDIDATE at term 349 for changeToCandidate
2019-10-17 07:42:15,549 [Thread-2340] INFO  impl.RoleInfo (RoleInfo.java:updateAndGet(143)) - cbde3520-0cea-4357-bb04-1a0ae64b2bb1: start LeaderElection
2019-10-17 07:42:15,574 [cbde3520-0cea-4357-bb04-1a0ae64b2bb1@group-7EB39FB5DF22-LeaderElection324] INFO  impl.LeaderElection (LeaderElection.java:askForVotes(178)) - cbde3520-0cea-4357-bb04-1a0ae64b2bb1@group-7EB39FB5DF22-LeaderElection324: begin an election at term 350 for -1: [40d2d32e-dd25-45df-8070-f9dc56ccf0a7:192.168.34.62:41633, cbde3520-0cea-4357-bb04-1a0ae64b2bb1:192.168.34.62:41642, 443b071d-6096-48d6-bfe7-498b7c8032c0:192.168.34.62:46516], old=null
2019-10-17 07:42:15,576 [grpc-default-executor-1] INFO  impl.RaftServerImpl (RaftServerImpl.java:setRole(184)) - 40d2d32e-dd25-45df-8070-f9dc56ccf0a7@group-7EB39FB5DF22: changes role from  FOLLOWER to FOLLOWER at term 350 for recognizeCandidate:cbde3520-0cea-4357-bb04-1a0ae64b2bb1
2019-10-17 07:42:15,576 [grpc-default-executor-1] INFO  impl.RoleInfo (RoleInfo.java:shutdownFollowerState(121)) - 40d2d32e-dd25-45df-8070-f9dc56ccf0a7: shutdown FollowerState
2019-10-17 07:42:15,576 [grpc-default-executor-4] INFO  impl.RaftServerImpl (RaftServerImpl.java:setRole(184)) - 443b071d-6096-48d6-bfe7-498b7c8032c0@group-7EB39FB5DF22: changes role from  FOLLOWER to FOLLOWER at term 350 for recognizeCandidate:cbde3520-0cea-4357-bb04-1a0ae64b2bb1
2019-10-17 07:42:15,576 [grpc-default-executor-1] INFO  impl.RoleInfo (RoleInfo.java:updateAndGet(143)) - 40d2d32e-dd25-45df-8070-f9dc56ccf0a7: start FollowerState
2019-10-17 07:42:15,576 [Thread-2338] INFO  impl.FollowerState (FollowerState.java:run(117)) - 40d2d32e-dd25-45df-8070-f9dc56ccf0a7@group-7EB39FB5DF22-FollowerState was interrupted: java.lang.InterruptedException: sleep interrupted
2019-10-17 07:42:15,576 [grpc-default-executor-4] INFO  impl.RoleInfo (RoleInfo.java:shutdownFollowerState(121)) - 443b071d-6096-48d6-bfe7-498b7c8032c0: shutdown FollowerState
2019-10-17 07:42:15,577 [grpc-default-executor-4] INFO  impl.RoleInfo (RoleInfo.java:updateAndGet(143)) - 443b071d-6096-48d6-bfe7-498b7c8032c0: start FollowerState
2019-10-17 07:42:15,577 [Thread-2339] INFO  impl.FollowerState (FollowerState.java:run(117)) - 443b071d-6096-48d6-bfe7-498b7c8032c0@group-7EB39FB5DF22-FollowerState was interrupted: java.lang.InterruptedException: sleep interrupted
2019-10-17 07:42:15,600 [cbde3520-0cea-4357-bb04-1a0ae64b2bb1@group-7EB39FB5DF22-LeaderElection324] INFO  impl.LeaderElection (LeaderElection.java:logAndReturn(56)) - cbde3520-0cea-4357-bb04-1a0ae64b2bb1@group-7EB39FB5DF22-LeaderElection324: Election REJECTED; received 2 response(s) [cbde3520-0cea-4357-bb04-1a0ae64b2bb1<-40d2d32e-dd25-45df-8070-f9dc56ccf0a7#0:FAIL-t350, cbde3520-0cea-4357-bb04-1a0ae64b2bb1<-443b071d-6096-48d6-bfe7-498b7c8032c0#0:FAIL-t350] and 0 exception(s); cbde3520-0cea-4357-bb04-1a0ae64b2bb1@group-7EB39FB5DF22:t350, leader=null, voted=cbde3520-0cea-4357-bb04-1a0ae64b2bb1, raftlog=cbde3520-0cea-4357-bb04-1a0ae64b2bb1@group-7EB39FB5DF22-SegmentedRaftLog:OPENED:c-1,f-1,i0, conf=-1: [40d2d32e-dd25-45df-8070-f9dc56ccf0a7:192.168.34.62:41633, cbde3520-0cea-4357-bb04-1a0ae64b2bb1:192.168.34.62:41642, 443b071d-6096-48d6-bfe7-498b7c8032c0:192.168.34.62:46516], old=null
2019-10-17 07:42:15,600 [cbde3520-0cea-4357-bb04-1a0ae64b2bb1@group-7EB39FB5DF22-LeaderElection324] INFO  impl.RaftServerImpl (RaftServerImpl.java:setRole(184)) - cbde3520-0cea-4357-bb04-1a0ae64b2bb1@group-7EB39FB5DF22: changes role from CANDIDATE to FOLLOWER at term 350 for DISCOVERED_A_NEW_TERM
2019-10-17 07:42:15,600 [cbde3520-0cea-4357-bb04-1a0ae64b2bb1@group-7EB39FB5DF22-LeaderElection324] INFO  impl.RoleInfo (RoleInfo.java:shutdownLeaderElection(134)) - cbde3520-0cea-4357-bb04-1a0ae64b2bb1: shutdown LeaderElection
2019-10-17 07:42:15,601 [cbde3520-0cea-4357-bb04-1a0ae64b2bb1@group-7EB39FB5DF22-LeaderElection324] INFO  impl.RoleInfo (RoleInfo.java:updateAndGet(143)) - cbde3520-0cea-4357-bb04-1a0ae64b2bb1: start FollowerState
2019-10-17 07:42:15,602 [Thread-2346] INFO  impl.FollowerState (FollowerState.java:run(108)) - cbde3520-0cea-4357-bb04-1a0ae64b2bb1@group-7EB39FB5DF22-FollowerState: change to CANDIDATE, lastRpcTime:1ms, electionTimeout:1ms
2019-10-17 07:42:15,602 [Thread-2346] INFO  impl.RoleInfo (RoleInfo.java:shutdownFollowerState(121)) - cbde3520-0cea-4357-bb04-1a0ae64b2bb1: shutdown FollowerState
2019-10-17 07:42:15,602 [Thread-2346] INFO  impl.RaftServerImpl (RaftServerImpl.java:setRole(184)) - cbde3520-0cea-4357-bb04-1a0ae64b2bb1@group-7EB39FB5DF22: changes role from  FOLLOWER to CANDIDATE at term 350 for changeToCandidate
2019-10-17 07:42:15,603 [Thread-2346] INFO  impl.RoleInfo (RoleInfo.java:updateAndGet(143)) - cbde3520-0cea-4357-bb04-1a0ae64b2bb1: start LeaderElection
2019-10-17 07:42:15,626 [cbde3520-0cea-4357-bb04-1a0ae64b2bb1@group-7EB39FB5DF22-LeaderElection325] INFO  impl.LeaderElection (LeaderElection.java:askForVotes(178)) - cbde3520-0cea-4357-bb04-1a0ae64b2bb1@group-7EB39FB5DF22-LeaderElection325: begin an election at term 351 for -1: [40d2d32e-dd25-45df-8070-f9dc56ccf0a7:192.168.34.62:41633, cbde3520-0cea-4357-bb04-1a0ae64b2bb1:192.168.34.62:41642, 443b071d-6096-48d6-bfe7-498b7c8032c0:192.168.34.62:46516], old=null
2019-10-17 07:42:15,627 [grpc-default-executor-1] INFO  impl.RaftServerImpl (RaftServerImpl.java:setRole(184)) - 40d2d32e-dd25-45df-8070-f9dc56ccf0a7@group-7EB39FB5DF22: changes role from  FOLLOWER to FOLLOWER at term 351 for recognizeCandidate:cbde3520-0cea-4357-bb04-1a0ae64b2bb1
2019-10-17 07:42:15,628 [grpc-default-executor-1] INFO  impl.RoleInfo (RoleInfo.java:shutdownFollowerState(121)) - 40d2d32e-dd25-45df-8070-f9dc56ccf0a7: shutdown FollowerState
2019-10-17 07:42:15,628 [grpc-default-executor-1] INFO  impl.RoleInfo (RoleInfo.java:updateAndGet(143)) - 40d2d32e-dd25-45df-8070-f9dc56ccf0a7: start FollowerState
2019-10-17 07:42:15,628 [grpc-default-executor-4] INFO  impl.RaftServerImpl (RaftServerImpl.java:setRole(184)) - 443b071d-6096-48d6-bfe7-498b7c8032c0@group-7EB39FB5DF22: changes role from  FOLLOWER to FOLLOWER at term 351 for recognizeCandidate:cbde3520-0cea-4357-bb04-1a0ae64b2bb1
2019-10-17 07:42:15,628 [grpc-default-executor-4] INFO  impl.RoleInfo (RoleInfo.java:shutdownFollowerState(121)) - 443b071d-6096-48d6-bfe7-498b7c8032c0: shutdown FollowerState
2019-10-17 07:42:15,628 [Thread-2344] INFO  impl.FollowerState (FollowerState.java:run(117)) - 40d2d32e-dd25-45df-8070-f9dc56ccf0a7@group-7EB39FB5DF22-FollowerState was interrupted: java.lang.InterruptedException: sleep interrupted
2019-10-17 07:42:15,628 [cbde3520-0cea-4357-bb04-1a0ae64b2bb1@group-7EB39FB5DF22-LeaderElection325] INFO  impl.LeaderElection (LeaderElection.java:logAndReturn(56)) - cbde3520-0cea-4357-bb04-1a0ae64b2bb1@group-7EB39FB5DF22-LeaderElection325: Election TIMEOUT; received 0 response(s) [] and 0 exception(s); cbde3520-0cea-4357-bb04-1a0ae64b2bb1@group-7EB39FB5DF22:t351, leader=null, voted=cbde3520-0cea-4357-bb04-1a0ae64b2bb1, raftlog=cbde3520-0cea-4357-bb04-1a0ae64b2bb1@group-7EB39FB5DF22-SegmentedRaftLog:OPENED:c-1,f-1,i0, conf=-1: [40d2d32e-dd25-45df-8070-f9dc56ccf0a7:192.168.34.62:41633, cbde3520-0cea-4357-bb04-1a0ae64b2bb1:192.168.34.62:41642, 443b071d-6096-48d6-bfe7-498b7c8032c0:192.168.34.62:46516], old=null
2019-10-17 07:42:15,628 [Thread-2345] INFO  impl.FollowerState (FollowerState.java:run(117)) - 443b071d-6096-48d6-bfe7-498b7c8032c0@group-7EB39FB5DF22-FollowerState was interrupted: java.lang.InterruptedException: sleep interrupted
2019-10-17 07:42:15,628 [grpc-default-executor-4] INFO  impl.RoleInfo (RoleInfo.java:updateAndGet(143)) - 443b071d-6096-48d6-bfe7-498b7c8032c0: start FollowerState
2019-10-17 07:42:15,651 [cbde3520-0cea-4357-bb04-1a0ae64b2bb1@group-7EB39FB5DF22-LeaderElection325] INFO  impl.LeaderElection (LeaderElection.java:askForVotes(178)) - cbde3520-0cea-4357-bb04-1a0ae64b2bb1@group-7EB39FB5DF22-LeaderElection325: begin an election at term 352 for -1: [40d2d32e-dd25-45df-8070-f9dc56ccf0a7:192.168.34.62:41633, cbde3520-0cea-4357-bb04-1a0ae64b2bb1:192.168.34.62:41642, 443b071d-6096-48d6-bfe7-498b7c8032c0:192.168.34.62:46516], old=null
2019-10-17 07:42:15,653 [grpc-default-executor-1] INFO  impl.RaftServerImpl (RaftServerImpl.java:setRole(184)) - 40d2d32e-dd25-45df-8070-f9dc56ccf0a7@group-7EB39FB5DF22: changes role from  FOLLOWER to FOLLOWER at term 352 for recognizeCandidate:cbde3520-0cea-4357-bb04-1a0ae64b2bb1
2019-10-17 07:42:15,653 [grpc-default-executor-1] INFO  impl.RoleInfo (RoleInfo.java:shutdownFollowerState(121)) - 40d2d32e-dd25-45df-8070-f9dc56ccf0a7: shutdown FollowerState
2019-10-17 07:42:15,653 [grpc-default-executor-4] INFO  impl.RaftServerImpl (RaftServerImpl.java:setRole(184)) - 443b071d-6096-48d6-bfe7-498b7c8032c0@group-7EB39FB5DF22: changes role from  FOLLOWER to FOLLOWER at term 352 for recognizeCandidate:cbde3520-0cea-4357-bb04-1a0ae64b2bb1
2019-10-17 07:42:15,653 [grpc-default-executor-4] INFO  impl.RoleInfo (RoleInfo.java:shutdownFollowerState(121)) - 443b071d-6096-48d6-bfe7-498b7c8032c0: shutdown FollowerState
2019-10-17 07:42:15,653 [Thread-2350] INFO  impl.FollowerState (FollowerState.java:run(117)) - 40d2d32e-dd25-45df-8070-f9dc56ccf0a7@group-7EB39FB5DF22-FollowerState was interrupted: java.lang.InterruptedException: sleep interrupted
2019-10-17 07:42:15,653 [grpc-default-executor-1] INFO  impl.RoleInfo (RoleInfo.java:updateAndGet(143)) - 40d2d32e-dd25-45df-8070-f9dc56ccf0a7: start FollowerState
2019-10-17 07:42:15,654 [Thread-2351] INFO  impl.FollowerState (FollowerState.java:run(117)) - 443b071d-6096-48d6-bfe7-498b7c8032c0@group-7EB39FB5DF22-FollowerState was interrupted: java.lang.InterruptedException: sleep interrupted
2019-10-17 07:42:15,654 [grpc-default-executor-4] INFO  impl.RoleInfo (RoleInfo.java:updateAndGet(143)) - 443b071d-6096-48d6-bfe7-498b7c8032c0: start FollowerState
2019-10-17 07:42:15,669 [cbde3520-0cea-4357-bb04-1a0ae64b2bb1@group-7EB39FB5DF22-LeaderElection325] INFO  impl.LeaderElection (LeaderElection.java:logAndReturn(56)) - cbde3520-0cea-4357-bb04-1a0ae64b2bb1@group-7EB39FB5DF22-LeaderElection325: Election REJECTED; received 2 response(s) [cbde3520-0cea-4357-bb04-1a0ae64b2bb1<-40d2d32e-dd25-45df-8070-f9dc56ccf0a7#0:FAIL-t352, cbde3520-0cea-4357-bb04-1a0ae64b2bb1<-443b071d-6096-48d6-bfe7-498b7c8032c0#0:FAIL-t352] and 0 exception(s); cbde3520-0cea-4357-bb04-1a0ae64b2bb1@group-7EB39FB5DF22:t352, leader=null, voted=cbde3520-0cea-4357-bb04-1a0ae64b2bb1, raftlog=cbde3520-0cea-4357-bb04-1a0ae64b2bb1@group-7EB39FB5DF22-SegmentedRaftLog:OPENED:c-1,f-1,i0, conf=-1: [40d2d32e-dd25-45df-8070-f9dc56ccf0a7:192.168.34.62:41633, cbde3520-0cea-4357-bb04-1a0ae64b2bb1:192.168.34.62:41642, 443b071d-6096-48d6-bfe7-498b7c8032c0:192.168.34.62:46516], old=null
2019-10-17 07:42:15,669 [cbde3520-0cea-4357-bb04-1a0ae64b2bb1@group-7EB39FB5DF22-LeaderElection325] INFO  impl.RaftServerImpl (RaftServerImpl.java:setRole(184)) - cbde3520-0cea-4357-bb04-1a0ae64b2bb1@group-7EB39FB5DF22: changes role from CANDIDATE to FOLLOWER at term 352 for DISCOVERED_A_NEW_TERM
2019-10-17 07:42:15,669 [cbde3520-0cea-4357-bb04-1a0ae64b2bb1@group-7EB39FB5DF22-LeaderElection325] INFO  impl.RoleInfo (RoleInfo.java:shutdownLeaderElection(134)) - cbde3520-0cea-4357-bb04-1a0ae64b2bb1: shutdown LeaderElection
2019-10-17 07:42:15,669 [cbde3520-0cea-4357-bb04-1a0ae64b2bb1@group-7EB39FB5DF22-LeaderElection325] INFO  impl.RoleInfo (RoleInfo.java:updateAndGet(143)) - cbde3520-0cea-4357-bb04-1a0ae64b2bb1: start FollowerState
2019-10-17 07:42:15,820 [Thread-2356] INFO  impl.FollowerState (FollowerState.java:run(108)) - cbde3520-0cea-4357-bb04-1a0ae64b2bb1@group-7EB39FB5DF22-FollowerState: change to CANDIDATE, lastRpcTime:151ms, electionTimeout:151ms
2019-10-17 07:42:15,821 [Thread-2356] INFO  impl.RoleInfo (RoleInfo.java:shutdownFollowerState(121)) - cbde3520-0cea-4357-bb04-1a0ae64b2bb1: shutdown FollowerState
2019-10-17 07:42:15,821 [Thread-2356] INFO  impl.RaftServerImpl (RaftServerImpl.java:setRole(184)) - cbde3520-0cea-4357-bb04-1a0ae64b2bb1@group-7EB39FB5DF22: changes role from  FOLLOWER to CANDIDATE at term 352 for changeToCandidate
2019-10-17 07:42:15,821 [Thread-2356] INFO  impl.RoleInfo (RoleInfo.java:updateAndGet(143)) - cbde3520-0cea-4357-bb04-1a0ae64b2bb1: start LeaderElection
2019-10-17 07:42:15,845 [cbde3520-0cea-4357-bb04-1a0ae64b2bb1@group-7EB39FB5DF22-LeaderElection326] INFO  impl.LeaderElection (LeaderElection.java:askForVotes(178)) - cbde3520-0cea-4357-bb04-1a0ae64b2bb1@group-7EB39FB5DF22-LeaderElection326: begin an election at term 353 for -1: [40d2d32e-dd25-45df-8070-f9dc56ccf0a7:192.168.34.62:41633, cbde3520-0cea-4357-bb04-1a0ae64b2bb1:192.168.34.62:41642, 443b071d-6096-48d6-bfe7-498b7c8032c0:192.168.34.62:46516], old=null
2019-10-17 07:42:15,847 [grpc-default-executor-1] INFO  impl.RaftServerImpl (RaftServerImpl.java:setRole(184)) - 40d2d32e-dd25-45df-8070-f9dc56ccf0a7@group-7EB39FB5DF22: changes role from  FOLLOWER to FOLLOWER at term 353 for recognizeCandidate:cbde3520-0cea-4357-bb04-1a0ae64b2bb1
2019-10-17 07:42:15,847 [grpc-default-executor-1] INFO  impl.RoleInfo (RoleInfo.java:shutdownFollowerState(121)) - 40d2d32e-dd25-45df-8070-f9dc56ccf0a7: shutdown FollowerState
2019-10-17 07:42:15,847 [grpc-default-executor-1] INFO  impl.RoleInfo (RoleInfo.java:updateAndGet(143)) - 40d2d32e-dd25-45df-8070-f9dc56ccf0a7: start FollowerState
2019-10-17 07:42:15,847 [Thread-2354] INFO  impl.FollowerState (FollowerState.java:run(117)) - 40d2d32e-dd25-45df-8070-f9dc56ccf0a7@group-7EB39FB5DF22-FollowerState was interrupted: java.lang.InterruptedException: sleep interrupted
2019-10-17 07:42:15,848 [grpc-default-executor-4] INFO  impl.RaftServerImpl (RaftServerImpl.java:setRole(184)) - 443b071d-6096-48d6-bfe7-498b7c8032c0@group-7EB39FB5DF22: changes role from  FOLLOWER to FOLLOWER at term 353 for recognizeCandidate:cbde3520-0cea-4357-bb04-1a0ae64b2bb1
2019-10-17 07:42:15,848 [grpc-default-executor-4] INFO  impl.RoleInfo (RoleInfo.java:shutdownFollowerState(121)) - 443b071d-6096-48d6-bfe7-498b7c8032c0: shutdown FollowerState
2019-10-17 07:42:15,848 [grpc-default-executor-4] INFO  impl.RoleInfo (RoleInfo.java:updateAndGet(143)) - 443b071d-6096-48d6-bfe7-498b7c8032c0: start FollowerState
2019-10-17 07:42:15,848 [Thread-2355] INFO  impl.FollowerState (FollowerState.java:run(117)) - 443b071d-6096-48d6-bfe7-498b7c8032c0@group-7EB39FB5DF22-FollowerState was interrupted: java.lang.InterruptedException: sleep interrupted
2019-10-17 07:42:15,872 [cbde3520-0cea-4357-bb04-1a0ae64b2bb1@group-7EB39FB5DF22-LeaderElection326] INFO  impl.LeaderElection (LeaderElection.java:logAndReturn(56)) - cbde3520-0cea-4357-bb04-1a0ae64b2bb1@group-7EB39FB5DF22-LeaderElection326: Election REJECTED; received 2 response(s) [cbde3520-0cea-4357-bb04-1a0ae64b2bb1<-40d2d32e-dd25-45df-8070-f9dc56ccf0a7#0:FAIL-t353, cbde3520-0cea-4357-bb04-1a0ae64b2bb1<-443b071d-6096-48d6-bfe7-498b7c8032c0#0:FAIL-t353] and 0 exception(s); cbde3520-0cea-4357-bb04-1a0ae64b2bb1@group-7EB39FB5DF22:t353, leader=null, voted=cbde3520-0cea-4357-bb04-1a0ae64b2bb1, raftlog=cbde3520-0cea-4357-bb04-1a0ae64b2bb1@group-7EB39FB5DF22-SegmentedRaftLog:OPENED:c-1,f-1,i0, conf=-1: [40d2d32e-dd25-45df-8070-f9dc56ccf0a7:192.168.34.62:41633, cbde3520-0cea-4357-bb04-1a0ae64b2bb1:192.168.34.62:41642, 443b071d-6096-48d6-bfe7-498b7c8032c0:192.168.34.62:46516], old=null
2019-10-17 07:42:15,872 [cbde3520-0cea-4357-bb04-1a0ae64b2bb1@group-7EB39FB5DF22-LeaderElection326] INFO  impl.RaftServerImpl (RaftServerImpl.java:setRole(184)) - cbde3520-0cea-4357-bb04-1a0ae64b2bb1@group-7EB39FB5DF22: changes role from CANDIDATE to FOLLOWER at term 353 for DISCOVERED_A_NEW_TERM
2019-10-17 07:42:15,872 [cbde3520-0cea-4357-bb04-1a0ae64b2bb1@group-7EB39FB5DF22-LeaderElection326] INFO  impl.RoleInfo (RoleInfo.java:shutdownLeaderElection(134)) - cbde3520-0cea-4357-bb04-1a0ae64b2bb1: shutdown LeaderElection
2019-10-17 07:42:15,872 [cbde3520-0cea-4357-bb04-1a0ae64b2bb1@group-7EB39FB5DF22-LeaderElection326] INFO  impl.RoleInfo (RoleInfo.java:updateAndGet(143)) - cbde3520-0cea-4357-bb04-1a0ae64b2bb1: start FollowerState
2019-10-17 07:42:15,903 [Thread-2362] INFO  impl.FollowerState (FollowerState.java:run(108)) - cbde3520-0cea-4357-bb04-1a0ae64b2bb1@group-7EB39FB5DF22-FollowerState: change to CANDIDATE, lastRpcTime:30ms, electionTimeout:30ms
2019-10-17 07:42:15,903 [Thread-2362] INFO  impl.RoleInfo (RoleInfo.java:shutdownFollowerState(121)) - cbde3520-0cea-4357-bb04-1a0ae64b2bb1: shutdown FollowerState
2019-10-17 07:42:15,903 [Thread-2362] INFO  impl.RaftServerImpl (RaftServerImpl.java:setRole(184)) - cbde3520-0cea-4357-bb04-1a0ae64b2bb1@group-7EB39FB5DF22: changes role from  FOLLOWER to CANDIDATE at term 353 for changeToCandidate
2019-10-17 07:42:15,903 [Thread-2362] INFO  impl.RoleInfo (RoleInfo.java:updateAndGet(143)) - cbde3520-0cea-4357-bb04-1a0ae64b2bb1: start LeaderElection
2019-10-17 07:42:15,928 [cbde3520-0cea-4357-bb04-1a0ae64b2bb1@group-7EB39FB5DF22-LeaderElection327] INFO  impl.LeaderElection (LeaderElection.java:askForVotes(178)) - cbde3520-0cea-4357-bb04-1a0ae64b2bb1@group-7EB39FB5DF22-LeaderElection327: begin an election at term 354 for -1: [40d2d32e-dd25-45df-8070-f9dc56ccf0a7:192.168.34.62:41633, cbde3520-0cea-4357-bb04-1a0ae64b2bb1:192.168.34.62:41642, 443b071d-6096-48d6-bfe7-498b7c8032c0:192.168.34.62:46516], old=null
2019-10-17 07:42:15,930 [grpc-default-executor-4] INFO  impl.RaftServerImpl (RaftServerImpl.java:setRole(184)) - 40d2d32e-dd25-45df-8070-f9dc56ccf0a7@group-7EB39FB5DF22: changes role from  FOLLOWER to FOLLOWER at term 354 for recognizeCandidate:cbde3520-0cea-4357-bb04-1a0ae64b2bb1
2019-10-17 07:42:15,930 [grpc-default-executor-4] INFO  impl.RoleInfo (RoleInfo.java:shutdownFollowerState(121)) - 40d2d32e-dd25-45df-8070-f9dc56ccf0a7: shutdown FollowerState
2019-10-17 07:42:15,931 [grpc-default-executor-4] INFO  impl.RoleInfo (RoleInfo.java:updateAndGet(143)) - 40d2d32e-dd25-45df-8070-f9dc56ccf0a7: start FollowerState
2019-10-17 07:42:15,931 [Thread-2360] INFO  impl.FollowerState (FollowerState.java:run(117)) - 40d2d32e-dd25-45df-8070-f9dc56ccf0a7@group-7EB39FB5DF22-FollowerState was interrupted: java.lang.InterruptedException: sleep interrupted
2019-10-17 07:42:15,934 [grpc-default-executor-1] INFO  impl.RaftServerImpl (RaftServerImpl.java:setRole(184)) - 443b071d-6096-48d6-bfe7-498b7c8032c0@group-7EB39FB5DF22: changes role from  FOLLOWER to FOLLOWER at term 354 for recognizeCandidate:cbde3520-0cea-4357-bb04-1a0ae64b2bb1
2019-10-17 07:42:15,934 [grpc-default-executor-1] INFO  impl.RoleInfo (RoleInfo.java:shutdownFollowerState(121)) - 443b071d-6096-48d6-bfe7-498b7c8032c0: shutdown FollowerState
2019-10-17 07:42:15,934 [grpc-default-executor-1] INFO  impl.RoleInfo (RoleInfo.java:updateAndGet(143)) - 443b071d-6096-48d6-bfe7-498b7c8032c0: start FollowerState
2019-10-17 07:42:15,934 [Thread-2361] INFO  impl.FollowerState (FollowerState.java:run(117)) - 443b071d-6096-48d6-bfe7-498b7c8032c0@group-7EB39FB5DF22-FollowerState was interrupted: java.lang.InterruptedException: sleep interrupted
2019-10-17 07:42:15,949 [cbde3520-0cea-4357-bb04-1a0ae64b2bb1@group-7EB39FB5DF22-LeaderElection327] INFO  impl.LeaderElection (LeaderElection.java:logAndReturn(56)) - cbde3520-0cea-4357-bb04-1a0ae64b2bb1@group-7EB39FB5DF22-LeaderElection327: Election REJECTED; received 2 response(s) [cbde3520-0cea-4357-bb04-1a0ae64b2bb1<-40d2d32e-dd25-45df-8070-f9dc56ccf0a7#0:FAIL-t354, cbde3520-0cea-4357-bb04-1a0ae64b2bb1<-443b071d-6096-48d6-bfe7-498b7c8032c0#0:FAIL-t354] and 0 exception(s); cbde3520-0cea-4357-bb04-1a0ae64b2bb1@group-7EB39FB5DF22:t354, leader=null, voted=cbde3520-0cea-4357-bb04-1a0ae64b2bb1, raftlog=cbde3520-0cea-4357-bb04-1a0ae64b2bb1@group-7EB39FB5DF22-SegmentedRaftLog:OPENED:c-1,f-1,i0, conf=-1: [40d2d32e-dd25-45df-8070-f9dc56ccf0a7:192.168.34.62:41633, cbde3520-0cea-4357-bb04-1a0ae64b2bb1:192.168.34.62:41642, 443b071d-6096-48d6-bfe7-498b7c8032c0:192.168.34.62:46516], old=null
2019-10-17 07:42:15,949 [cbde3520-0cea-4357-bb04-1a0ae64b2bb1@group-7EB39FB5DF22-LeaderElection327] INFO  impl.RaftServerImpl (RaftServerImpl.java:setRole(184)) - cbde3520-0cea-4357-bb04-1a0ae64b2bb1@group-7EB39FB5DF22: changes role from CANDIDATE to FOLLOWER at term 354 for DISCOVERED_A_NEW_TERM
2019-10-17 07:42:15,949 [cbde3520-0cea-4357-bb04-1a0ae64b2bb1@group-7EB39FB5DF22-LeaderElection327] INFO  impl.RoleInfo (RoleInfo.java:shutdownLeaderElection(134)) - cbde3520-0cea-4357-bb04-1a0ae64b2bb1: shutdown LeaderElection
2019-10-17 07:42:15,949 [cbde3520-0cea-4357-bb04-1a0ae64b2bb1@group-7EB39FB5DF22-LeaderElection327] INFO  impl.RoleInfo (RoleInfo.java:updateAndGet(143)) - cbde3520-0cea-4357-bb04-1a0ae64b2bb1: start FollowerState
2019-10-17 07:42:16,046 [Thread-2368] INFO  impl.FollowerState (FollowerState.java:run(108)) - cbde3520-0cea-4357-bb04-1a0ae64b2bb1@group-7EB39FB5DF22-FollowerState: change to CANDIDATE, lastRpcTime:96ms, electionTimeout:96ms
2019-10-17 07:42:16,046 [Thread-2368] INFO  impl.RoleInfo (RoleInfo.java:shutdownFollowerState(121)) - cbde3520-0cea-4357-bb04-1a0ae64b2bb1: shutdown FollowerState
2019-10-17 07:42:16,046 [Thread-2368] INFO  impl.RaftServerImpl (RaftServerImpl.java:setRole(184)) - cbde3520-0cea-4357-bb04-1a0ae64b2bb1@group-7EB39FB5DF22: changes role from  FOLLOWER to CANDIDATE at term 354 for changeToCandidate
2019-10-17 07:42:16,047 [Thread-2368] INFO  impl.RoleInfo (RoleInfo.java:updateAndGet(143)) - cbde3520-0cea-4357-bb04-1a0ae64b2bb1: start LeaderElection
2019-10-17 07:42:16,070 [cbde3520-0cea-4357-bb04-1a0ae64b2bb1@group-7EB39FB5DF22-LeaderElection328] INFO  impl.LeaderElection (LeaderElection.java:askForVotes(178)) - cbde3520-0cea-4357-bb04-1a0ae64b2bb1@group-7EB39FB5DF22-LeaderElection328: begin an election at term 355 for -1: [40d2d32e-dd25-45df-8070-f9dc56ccf0a7:192.168.34.62:41633, cbde3520-0cea-4357-bb04-1a0ae64b2bb1:192.168.34.62:41642, 443b071d-6096-48d6-bfe7-498b7c8032c0:192.168.34.62:46516], old=null
2019-10-17 07:42:16,072 [grpc-default-executor-1] INFO  impl.RaftServerImpl (RaftServerImpl.java:setRole(184)) - 40d2d32e-dd25-45df-8070-f9dc56ccf0a7@group-7EB39FB5DF22: changes role from  FOLLOWER to FOLLOWER at term 355 for recognizeCandidate:cbde3520-0cea-4357-bb04-1a0ae64b2bb1
2019-10-17 07:42:16,073 [grpc-default-executor-1] INFO  impl.RoleInfo (RoleInfo.java:shutdownFollowerState(121)) - 40d2d32e-dd25-45df-8070-f9dc56ccf0a7: shutdown FollowerState
2019-10-17 07:42:16,073 [grpc-default-executor-4] INFO  impl.RaftServerImpl (RaftServerImpl.java:setRole(184)) - 443b071d-6096-48d6-bfe7-498b7c8032c0@group-7EB39FB5DF22: changes role from  FOLLOWER to FOLLOWER at term 355 for recognizeCandidate:cbde3520-0cea-4357-bb04-1a0ae64b2bb1
2019-10-17 07:42:16,073 [grpc-default-executor-4] INFO  impl.RoleInfo (RoleInfo.java:shutdownFollowerState(121)) - 443b071d-6096-48d6-bfe7-498b7c8032c0: shutdown FollowerState
2019-10-17 07:42:16,073 [Thread-2366] INFO  impl.FollowerState (FollowerState.java:run(117)) - 40d2d32e-dd25-45df-8070-f9dc56ccf0a7@group-7EB39FB5DF22-FollowerState was interrupted: java.lang.InterruptedException: sleep interrupted
2019-10-17 07:42:16,073 [Thread-2367] INFO  impl.FollowerState (FollowerState.java:run(117)) - 443b071d-6096-48d6-bfe7-498b7c8032c0@group-7EB39FB5DF22-FollowerState was interrupted: java.lang.InterruptedException: sleep interrupted
2019-10-17 07:42:16,073 [grpc-default-executor-1] INFO  impl.RoleInfo (RoleInfo.java:updateAndGet(143)) - 40d2d32e-dd25-45df-8070-f9dc56ccf0a7: start FollowerState
2019-10-17 07:42:16,073 [grpc-default-executor-4] INFO  impl.RoleInfo (RoleInfo.java:updateAndGet(143)) - 443b071d-6096-48d6-bfe7-498b7c8032c0: start FollowerState
2019-10-17 07:42:16,100 [cbde3520-0cea-4357-bb04-1a0ae64b2bb1@group-7EB39FB5DF22-LeaderElection328] INFO  impl.LeaderElection (LeaderElection.java:logAndReturn(56)) - cbde3520-0cea-4357-bb04-1a0ae64b2bb1@group-7EB39FB5DF22-LeaderElection328: Election REJECTED; received 2 response(s) [cbde3520-0cea-4357-bb04-1a0ae64b2bb1<-40d2d32e-dd25-45df-8070-f9dc56ccf0a7#0:FAIL-t355, cbde3520-0cea-4357-bb04-1a0ae64b2bb1<-443b071d-6096-48d6-bfe7-498b7c8032c0#0:FAIL-t355] and 0 exception(s); cbde3520-0cea-4357-bb04-1a0ae64b2bb1@group-7EB39FB5DF22:t355, leader=null, voted=cbde3520-0cea-4357-bb04-1a0ae64b2bb1, raftlog=cbde3520-0cea-4357-bb04-1a0ae64b2bb1@group-7EB39FB5DF22-SegmentedRaftLog:OPENED:c-1,f-1,i0, conf=-1: [40d2d32e-dd25-45df-8070-f9dc56ccf0a7:192.168.34.62:41633, cbde3520-0cea-4357-bb04-1a0ae64b2bb1:192.168.34.62:41642, 443b071d-6096-48d6-bfe7-498b7c8032c0:192.168.34.62:46516], old=null
2019-10-17 07:42:16,100 [cbde3520-0cea-4357-bb04-1a0ae64b2bb1@group-7EB39FB5DF22-LeaderElection328] INFO  impl.RaftServerImpl (RaftServerImpl.java:setRole(184)) - cbde3520-0cea-4357-bb04-1a0ae64b2bb1@group-7EB39FB5DF22: changes role from CANDIDATE to FOLLOWER at term 355 for DISCOVERED_A_NEW_TERM
2019-10-17 07:42:16,101 [cbde3520-0cea-4357-bb04-1a0ae64b2bb1@group-7EB39FB5DF22-LeaderElection328] INFO  impl.RoleInfo (RoleInfo.java:shutdownLeaderElection(134)) - cbde3520-0cea-4357-bb04-1a0ae64b2bb1: shutdown LeaderElection
2019-10-17 07:42:16,101 [cbde3520-0cea-4357-bb04-1a0ae64b2bb1@group-7EB39FB5DF22-LeaderElection328] INFO  impl.RoleInfo (RoleInfo.java:updateAndGet(143)) - cbde3520-0cea-4357-bb04-1a0ae64b2bb1: start FollowerState
2019-10-17 07:42:16,193 [Thread-2374] INFO  impl.FollowerState (FollowerState.java:run(108)) - cbde3520-0cea-4357-bb04-1a0ae64b2bb1@group-7EB39FB5DF22-FollowerState: change to CANDIDATE, lastRpcTime:92ms, electionTimeout:92ms
2019-10-17 07:42:16,193 [Thread-2374] INFO  impl.RoleInfo (RoleInfo.java:shutdownFollowerState(121)) - cbde3520-0cea-4357-bb04-1a0ae64b2bb1: shutdown FollowerState
2019-10-17 07:42:16,193 [Thread-2374] INFO  impl.RaftServerImpl (RaftServerImpl.java:setRole(184)) - cbde3520-0cea-4357-bb04-1a0ae64b2bb1@group-7EB39FB5DF22: changes role from  FOLLOWER to CANDIDATE at term 355 for changeToCandidate
2019-10-17 07:42:16,194 [Thread-2374] INFO  impl.RoleInfo (RoleInfo.java:updateAndGet(143)) - cbde3520-0cea-4357-bb04-1a0ae64b2bb1: start LeaderElection
2019-10-17 07:42:16,218 [cbde3520-0cea-4357-bb04-1a0ae64b2bb1@group-7EB39FB5DF22-LeaderElection329] INFO  impl.LeaderElection (LeaderElection.java:askForVotes(178)) - cbde3520-0cea-4357-bb04-1a0ae64b2bb1@group-7EB39FB5DF22-LeaderElection329: begin an election at term 356 for -1: [40d2d32e-dd25-45df-8070-f9dc56ccf0a7:192.168.34.62:41633, cbde3520-0cea-4357-bb04-1a0ae64b2bb1:192.168.34.62:41642, 443b071d-6096-48d6-bfe7-498b7c8032c0:192.168.34.62:46516], old=null
2019-10-17 07:42:16,220 [grpc-default-executor-4] INFO  impl.RaftServerImpl (RaftServerImpl.java:setRole(184)) - 40d2d32e-dd25-45df-8070-f9dc56ccf0a7@group-7EB39FB5DF22: changes role from  FOLLOWER to FOLLOWER at term 356 for recognizeCandidate:cbde3520-0cea-4357-bb04-1a0ae64b2bb1
2019-10-17 07:42:16,221 [grpc-default-executor-4] INFO  impl.RoleInfo (RoleInfo.java:shutdownFollowerState(121)) - 40d2d32e-dd25-45df-8070-f9dc56ccf0a7: shutdown FollowerState
2019-10-17 07:42:16,221 [grpc-default-executor-4] INFO  impl.RoleInfo (RoleInfo.java:updateAndGet(143)) - 40d2d32e-dd25-45df-8070-f9dc56ccf0a7: start FollowerState
2019-10-17 07:42:16,221 [Thread-2372] INFO  impl.FollowerState (FollowerState.java:run(117)) - 40d2d32e-dd25-45df-8070-f9dc56ccf0a7@group-7EB39FB5DF22-FollowerState was interrupted: java.lang.InterruptedException: sleep interrupted
2019-10-17 07:42:16,221 [grpc-default-executor-1] INFO  impl.RaftServerImpl (RaftServerImpl.java:setRole(184)) - 443b071d-6096-48d6-bfe7-498b7c8032c0@group-7EB39FB5DF22: changes role from  FOLLOWER to FOLLOWER at term 356 for recognizeCandidate:cbde3520-0cea-4357-bb04-1a0ae64b2bb1
2019-10-17 07:42:16,221 [grpc-default-executor-1] INFO  impl.RoleInfo (RoleInfo.java:shutdownFollowerState(121)) - 443b071d-6096-48d6-bfe7-498b7c8032c0: shutdown FollowerState
2019-10-17 07:42:16,221 [grpc-default-executor-1] INFO  impl.RoleInfo (RoleInfo.java:updateAndGet(143)) - 443b071d-6096-48d6-bfe7-498b7c8032c0: start FollowerState
2019-10-17 07:42:16,221 [Thread-2373] INFO  impl.FollowerState (FollowerState.java:run(117)) - 443b071d-6096-48d6-bfe7-498b7c8032c0@group-7EB39FB5DF22-FollowerState was interrupted: java.lang.InterruptedException: sleep interrupted
2019-10-17 07:42:16,225 [main] INFO  ozone.MiniOzoneClusterImpl (MiniOzoneClusterImpl.java:lambda$waitForClusterToBeReady$2(164)) - Waiting for 1 number of pipelines out of 5, to report a leader.
2019-10-17 07:42:16,254 [cbde3520-0cea-4357-bb04-1a0ae64b2bb1@group-7EB39FB5DF22-LeaderElection329] INFO  impl.LeaderElection (LeaderElection.java:logAndReturn(56)) - cbde3520-0cea-4357-bb04-1a0ae64b2bb1@group-7EB39FB5DF22-LeaderElection329: Election REJECTED; received 2 response(s) [cbde3520-0cea-4357-bb04-1a0ae64b2bb1<-40d2d32e-dd25-45df-8070-f9dc56ccf0a7#0:FAIL-t356, cbde3520-0cea-4357-bb04-1a0ae64b2bb1<-443b071d-6096-48d6-bfe7-498b7c8032c0#0:FAIL-t356] and 0 exception(s); cbde3520-0cea-4357-bb04-1a0ae64b2bb1@group-7EB39FB5DF22:t356, leader=null, voted=cbde3520-0cea-4357-bb04-1a0ae64b2bb1, raftlog=cbde3520-0cea-4357-bb04-1a0ae64b2bb1@group-7EB39FB5DF22-SegmentedRaftLog:OPENED:c-1,f-1,i0, conf=-1: [40d2d32e-dd25-45df-8070-f9dc56ccf0a7:192.168.34.62:41633, cbde3520-0cea-4357-bb04-1a0ae64b2bb1:192.168.34.62:41642, 443b071d-6096-48d6-bfe7-498b7c8032c0:192.168.34.62:46516], old=null
2019-10-17 07:42:16,254 [cbde3520-0cea-4357-bb04-1a0ae64b2bb1@group-7EB39FB5DF22-LeaderElection329] INFO  impl.RaftServerImpl (RaftServerImpl.java:setRole(184)) - cbde3520-0cea-4357-bb04-1a0ae64b2bb1@group-7EB39FB5DF22: changes role from CANDIDATE to FOLLOWER at term 356 for DISCOVERED_A_NEW_TERM
2019-10-17 07:42:16,254 [cbde3520-0cea-4357-bb04-1a0ae64b2bb1@group-7EB39FB5DF22-LeaderElection329] INFO  impl.RoleInfo (RoleInfo.java:shutdownLeaderElection(134)) - cbde3520-0cea-4357-bb04-1a0ae64b2bb1: shutdown LeaderElection
2019-10-17 07:42:16,254 [cbde3520-0cea-4357-bb04-1a0ae64b2bb1@group-7EB39FB5DF22-LeaderElection329] INFO  impl.RoleInfo (RoleInfo.java:updateAndGet(143)) - cbde3520-0cea-4357-bb04-1a0ae64b2bb1: start FollowerState
2019-10-17 07:42:16,448 [Thread-2380] INFO  impl.FollowerState (FollowerState.java:run(108)) - cbde3520-0cea-4357-bb04-1a0ae64b2bb1@group-7EB39FB5DF22-FollowerState: change to CANDIDATE, lastRpcTime:193ms, electionTimeout:193ms
2019-10-17 07:42:16,448 [Thread-2380] INFO  impl.RoleInfo (RoleInfo.java:shutdownFollowerState(121)) - cbde3520-0cea-4357-bb04-1a0ae64b2bb1: shutdown FollowerState
2019-10-17 07:42:16,448 [Thread-2380] INFO  impl.RaftServerImpl (RaftServerImpl.java:setRole(184)) - cbde3520-0cea-4357-bb04-1a0ae64b2bb1@group-7EB39FB5DF22: changes role from  FOLLOWER to CANDIDATE at term 356 for changeToCandidate
2019-10-17 07:42:16,449 [Thread-2380] INFO  impl.RoleInfo (RoleInfo.java:updateAndGet(143)) - cbde3520-0cea-4357-bb04-1a0ae64b2bb1: start LeaderElection
2019-10-17 07:42:16,472 [cbde3520-0cea-4357-bb04-1a0ae64b2bb1@group-7EB39FB5DF22-LeaderElection330] INFO  impl.LeaderElection (LeaderElection.java:askForVotes(178)) - cbde3520-0cea-4357-bb04-1a0ae64b2bb1@group-7EB39FB5DF22-LeaderElection330: begin an election at term 357 for -1: [40d2d32e-dd25-45df-8070-f9dc56ccf0a7:192.168.34.62:41633, cbde3520-0cea-4357-bb04-1a0ae64b2bb1:192.168.34.62:41642, 443b071d-6096-48d6-bfe7-498b7c8032c0:192.168.34.62:46516], old=null
2019-10-17 07:42:16,475 [grpc-default-executor-1] INFO  impl.RaftServerImpl (RaftServerImpl.java:setRole(184)) - 40d2d32e-dd25-45df-8070-f9dc56ccf0a7@group-7EB39FB5DF22: changes role from  FOLLOWER to FOLLOWER at term 357 for recognizeCandidate:cbde3520-0cea-4357-bb04-1a0ae64b2bb1
2019-10-17 07:42:16,475 [grpc-default-executor-4] INFO  impl.RaftServerImpl (RaftServerImpl.java:setRole(184)) - 443b071d-6096-48d6-bfe7-498b7c8032c0@group-7EB39FB5DF22: changes role from  FOLLOWER to FOLLOWER at term 357 for recognizeCandidate:cbde3520-0cea-4357-bb04-1a0ae64b2bb1
2019-10-17 07:42:16,475 [grpc-default-executor-1] INFO  impl.RoleInfo (RoleInfo.java:shutdownFollowerState(121)) - 40d2d32e-dd25-45df-8070-f9dc56ccf0a7: shutdown FollowerState
2019-10-17 07:42:16,476 [grpc-default-executor-4] INFO  impl.RoleInfo (RoleInfo.java:shutdownFollowerState(121)) - 443b071d-6096-48d6-bfe7-498b7c8032c0: shutdown FollowerState
2019-10-17 07:42:16,476 [Thread-2378] INFO  impl.FollowerState (FollowerState.java:run(117)) - 40d2d32e-dd25-45df-8070-f9dc56ccf0a7@group-7EB39FB5DF22-FollowerState was interrupted: java.lang.InterruptedException: sleep interrupted
2019-10-17 07:42:16,476 [grpc-default-executor-1] INFO  impl.RoleInfo (RoleInfo.java:updateAndGet(143)) - 40d2d32e-dd25-45df-8070-f9dc56ccf0a7: start FollowerState
2019-10-17 07:42:16,476 [Thread-2379] INFO  impl.FollowerState (FollowerState.java:run(117)) - 443b071d-6096-48d6-bfe7-498b7c8032c0@group-7EB39FB5DF22-FollowerState was interrupted: java.lang.InterruptedException: sleep interrupted
2019-10-17 07:42:16,476 [grpc-default-executor-4] INFO  impl.RoleInfo (RoleInfo.java:updateAndGet(143)) - 443b071d-6096-48d6-bfe7-498b7c8032c0: start FollowerState
2019-10-17 07:42:16,501 [cbde3520-0cea-4357-bb04-1a0ae64b2bb1@group-7EB39FB5DF22-LeaderElection330] INFO  impl.LeaderElection (LeaderElection.java:logAndReturn(56)) - cbde3520-0cea-4357-bb04-1a0ae64b2bb1@group-7EB39FB5DF22-LeaderElection330: Election REJECTED; received 2 response(s) [cbde3520-0cea-4357-bb04-1a0ae64b2bb1<-40d2d32e-dd25-45df-8070-f9dc56ccf0a7#0:FAIL-t357, cbde3520-0cea-4357-bb04-1a0ae64b2bb1<-443b071d-6096-48d6-bfe7-498b7c8032c0#0:FAIL-t357] and 0 exception(s); cbde3520-0cea-4357-bb04-1a0ae64b2bb1@group-7EB39FB5DF22:t357, leader=null, voted=cbde3520-0cea-4357-bb04-1a0ae64b2bb1, raftlog=cbde3520-0cea-4357-bb04-1a0ae64b2bb1@group-7EB39FB5DF22-SegmentedRaftLog:OPENED:c-1,f-1,i0, conf=-1: [40d2d32e-dd25-45df-8070-f9dc56ccf0a7:192.168.34.62:41633, cbde3520-0cea-4357-bb04-1a0ae64b2bb1:192.168.34.62:41642, 443b071d-6096-48d6-bfe7-498b7c8032c0:192.168.34.62:46516], old=null
2019-10-17 07:42:16,501 [cbde3520-0cea-4357-bb04-1a0ae64b2bb1@group-7EB39FB5DF22-LeaderElection330] INFO  impl.RaftServerImpl (RaftServerImpl.java:setRole(184)) - cbde3520-0cea-4357-bb04-1a0ae64b2bb1@group-7EB39FB5DF22: changes role from CANDIDATE to FOLLOWER at term 357 for DISCOVERED_A_NEW_TERM
2019-10-17 07:42:16,502 [cbde3520-0cea-4357-bb04-1a0ae64b2bb1@group-7EB39FB5DF22-LeaderElection330] INFO  impl.RoleInfo (RoleInfo.java:shutdownLeaderElection(134)) - cbde3520-0cea-4357-bb04-1a0ae64b2bb1: shutdown LeaderElection
2019-10-17 07:42:16,502 [cbde3520-0cea-4357-bb04-1a0ae64b2bb1@group-7EB39FB5DF22-LeaderElection330] INFO  impl.RoleInfo (RoleInfo.java:updateAndGet(143)) - cbde3520-0cea-4357-bb04-1a0ae64b2bb1: start FollowerState
2019-10-17 07:42:16,661 [Thread-2386] INFO  impl.FollowerState (FollowerState.java:run(108)) - cbde3520-0cea-4357-bb04-1a0ae64b2bb1@group-7EB39FB5DF22-FollowerState: change to CANDIDATE, lastRpcTime:159ms, electionTimeout:159ms
2019-10-17 07:42:16,661 [Thread-2386] INFO  impl.RoleInfo (RoleInfo.java:shutdownFollowerState(121)) - cbde3520-0cea-4357-bb04-1a0ae64b2bb1: shutdown FollowerState
2019-10-17 07:42:16,662 [Thread-2386] INFO  impl.RaftServerImpl (RaftServerImpl.java:setRole(184)) - cbde3520-0cea-4357-bb04-1a0ae64b2bb1@group-7EB39FB5DF22: changes role from  FOLLOWER to CANDIDATE at term 357 for changeToCandidate
2019-10-17 07:42:16,662 [Thread-2386] INFO  impl.RoleInfo (RoleInfo.java:updateAndGet(143)) - cbde3520-0cea-4357-bb04-1a0ae64b2bb1: start LeaderElection
2019-10-17 07:42:16,689 [cbde3520-0cea-4357-bb04-1a0ae64b2bb1@group-7EB39FB5DF22-LeaderElection331] INFO  impl.LeaderElection (LeaderElection.java:askForVotes(178)) - cbde3520-0cea-4357-bb04-1a0ae64b2bb1@group-7EB39FB5DF22-LeaderElection331: begin an election at term 358 for -1: [40d2d32e-dd25-45df-8070-f9dc56ccf0a7:192.168.34.62:41633, cbde3520-0cea-4357-bb04-1a0ae64b2bb1:192.168.34.62:41642, 443b071d-6096-48d6-bfe7-498b7c8032c0:192.168.34.62:46516], old=null
2019-10-17 07:42:16,691 [grpc-default-executor-1] INFO  impl.RaftServerImpl (RaftServerImpl.java:setRole(184)) - 40d2d32e-dd25-45df-8070-f9dc56ccf0a7@group-7EB39FB5DF22: changes role from  FOLLOWER to FOLLOWER at term 358 for recognizeCandidate:cbde3520-0cea-4357-bb04-1a0ae64b2bb1
2019-10-17 07:42:16,691 [grpc-default-executor-1] INFO  impl.RoleInfo (RoleInfo.java:shutdownFollowerState(121)) - 40d2d32e-dd25-45df-8070-f9dc56ccf0a7: shutdown FollowerState
2019-10-17 07:42:16,691 [grpc-default-executor-1] INFO  impl.RoleInfo (RoleInfo.java:updateAndGet(143)) - 40d2d32e-dd25-45df-8070-f9dc56ccf0a7: start FollowerState
2019-10-17 07:42:16,692 [Thread-2384] INFO  impl.FollowerState (FollowerState.java:run(117)) - 40d2d32e-dd25-45df-8070-f9dc56ccf0a7@group-7EB39FB5DF22-FollowerState was interrupted: java.lang.InterruptedException: sleep interrupted
2019-10-17 07:42:16,692 [grpc-default-executor-4] INFO  impl.RaftServerImpl (RaftServerImpl.java:setRole(184)) - 443b071d-6096-48d6-bfe7-498b7c8032c0@group-7EB39FB5DF22: changes role from  FOLLOWER to FOLLOWER at term 358 for recognizeCandidate:cbde3520-0cea-4357-bb04-1a0ae64b2bb1
2019-10-17 07:42:16,692 [grpc-default-executor-4] INFO  impl.RoleInfo (RoleInfo.java:shutdownFollowerState(121)) - 443b071d-6096-48d6-bfe7-498b7c8032c0: shutdown FollowerState
2019-10-17 07:42:16,692 [grpc-default-executor-4] INFO  impl.RoleInfo (RoleInfo.java:updateAndGet(143)) - 443b071d-6096-48d6-bfe7-498b7c8032c0: start FollowerState
2019-10-17 07:42:16,692 [Thread-2385] INFO  impl.FollowerState (FollowerState.java:run(117)) - 443b071d-6096-48d6-bfe7-498b7c8032c0@group-7EB39FB5DF22-FollowerState was interrupted: java.lang.InterruptedException: sleep interrupted
2019-10-17 07:42:16,715 [cbde3520-0cea-4357-bb04-1a0ae64b2bb1@group-7EB39FB5DF22-LeaderElection331] INFO  impl.LeaderElection (LeaderElection.java:logAndReturn(56)) - cbde3520-0cea-4357-bb04-1a0ae64b2bb1@group-7EB39FB5DF22-LeaderElection331: Election REJECTED; received 2 response(s) [cbde3520-0cea-4357-bb04-1a0ae64b2bb1<-40d2d32e-dd25-45df-8070-f9dc56ccf0a7#0:FAIL-t358, cbde3520-0cea-4357-bb04-1a0ae64b2bb1<-443b071d-6096-48d6-bfe7-498b7c8032c0#0:FAIL-t358] and 0 exception(s); cbde3520-0cea-4357-bb04-1a0ae64b2bb1@group-7EB39FB5DF22:t358, leader=null, voted=cbde3520-0cea-4357-bb04-1a0ae64b2bb1, raftlog=cbde3520-0cea-4357-bb04-1a0ae64b2bb1@group-7EB39FB5DF22-SegmentedRaftLog:OPENED:c-1,f-1,i0, conf=-1: [40d2d32e-dd25-45df-8070-f9dc56ccf0a7:192.168.34.62:41633, cbde3520-0cea-4357-bb04-1a0ae64b2bb1:192.168.34.62:41642, 443b071d-6096-48d6-bfe7-498b7c8032c0:192.168.34.62:46516], old=null
2019-10-17 07:42:16,715 [cbde3520-0cea-4357-bb04-1a0ae64b2bb1@group-7EB39FB5DF22-LeaderElection331] INFO  impl.RaftServerImpl (RaftServerImpl.java:setRole(184)) - cbde3520-0cea-4357-bb04-1a0ae64b2bb1@group-7EB39FB5DF22: changes role from CANDIDATE to FOLLOWER at term 358 for DISCOVERED_A_NEW_TERM
2019-10-17 07:42:16,715 [cbde3520-0cea-4357-bb04-1a0ae64b2bb1@group-7EB39FB5DF22-LeaderElection331] INFO  impl.RoleInfo (RoleInfo.java:shutdownLeaderElection(134)) - cbde3520-0cea-4357-bb04-1a0ae64b2bb1: shutdown LeaderElection
2019-10-17 07:42:16,716 [cbde3520-0cea-4357-bb04-1a0ae64b2bb1@group-7EB39FB5DF22-LeaderElection331] INFO  impl.RoleInfo (RoleInfo.java:updateAndGet(143)) - cbde3520-0cea-4357-bb04-1a0ae64b2bb1: start FollowerState
2019-10-17 07:42:16,906 [Thread-2392] INFO  impl.FollowerState (FollowerState.java:run(108)) - cbde3520-0cea-4357-bb04-1a0ae64b2bb1@group-7EB39FB5DF22-FollowerState: change to CANDIDATE, lastRpcTime:190ms, electionTimeout:190ms
2019-10-17 07:42:16,906 [Thread-2392] INFO  impl.RoleInfo (RoleInfo.java:shutdownFollowerState(121)) - cbde3520-0cea-4357-bb04-1a0ae64b2bb1: shutdown FollowerState
2019-10-17 07:42:16,906 [Thread-2392] INFO  impl.RaftServerImpl (RaftServerImpl.java:setRole(184)) - cbde3520-0cea-4357-bb04-1a0ae64b2bb1@group-7EB39FB5DF22: changes role from  FOLLOWER to CANDIDATE at term 358 for changeToCandidate
2019-10-17 07:42:16,907 [Thread-2392] INFO  impl.RoleInfo (RoleInfo.java:updateAndGet(143)) - cbde3520-0cea-4357-bb04-1a0ae64b2bb1: start LeaderElection
2019-10-17 07:42:16,931 [cbde3520-0cea-4357-bb04-1a0ae64b2bb1@group-7EB39FB5DF22-LeaderElection332] INFO  impl.LeaderElection (LeaderElection.java:askForVotes(178)) - cbde3520-0cea-4357-bb04-1a0ae64b2bb1@group-7EB39FB5DF22-LeaderElection332: begin an election at term 359 for -1: [40d2d32e-dd25-45df-8070-f9dc56ccf0a7:192.168.34.62:41633, cbde3520-0cea-4357-bb04-1a0ae64b2bb1:192.168.34.62:41642, 443b071d-6096-48d6-bfe7-498b7c8032c0:192.168.34.62:46516], old=null
2019-10-17 07:42:16,933 [grpc-default-executor-1] INFO  impl.RaftServerImpl (RaftServerImpl.java:setRole(184)) - 40d2d32e-dd25-45df-8070-f9dc56ccf0a7@group-7EB39FB5DF22: changes role from  FOLLOWER to FOLLOWER at term 359 for recognizeCandidate:cbde3520-0cea-4357-bb04-1a0ae64b2bb1
2019-10-17 07:42:16,934 [grpc-default-executor-1] INFO  impl.RoleInfo (RoleInfo.java:shutdownFollowerState(121)) - 40d2d32e-dd25-45df-8070-f9dc56ccf0a7: shutdown FollowerState
2019-10-17 07:42:16,934 [grpc-default-executor-4] INFO  impl.RaftServerImpl (RaftServerImpl.java:setRole(184)) - 443b071d-6096-48d6-bfe7-498b7c8032c0@group-7EB39FB5DF22: changes role from  FOLLOWER to FOLLOWER at term 359 for recognizeCandidate:cbde3520-0cea-4357-bb04-1a0ae64b2bb1
2019-10-17 07:42:16,934 [grpc-default-executor-4] INFO  impl.RoleInfo (RoleInfo.java:shutdownFollowerState(121)) - 443b071d-6096-48d6-bfe7-498b7c8032c0: shutdown FollowerState
2019-10-17 07:42:16,934 [grpc-default-executor-4] INFO  impl.RoleInfo (RoleInfo.java:updateAndGet(143)) - 443b071d-6096-48d6-bfe7-498b7c8032c0: start FollowerState
2019-10-17 07:42:16,934 [Thread-2390] INFO  impl.FollowerState (FollowerState.java:run(117)) - 40d2d32e-dd25-45df-8070-f9dc56ccf0a7@group-7EB39FB5DF22-FollowerState was interrupted: java.lang.InterruptedException: sleep interrupted
2019-10-17 07:42:16,934 [grpc-default-executor-1] INFO  impl.RoleInfo (RoleInfo.java:updateAndGet(143)) - 40d2d32e-dd25-45df-8070-f9dc56ccf0a7: start FollowerState
2019-10-17 07:42:16,934 [Thread-2391] INFO  impl.FollowerState (FollowerState.java:run(117)) - 443b071d-6096-48d6-bfe7-498b7c8032c0@group-7EB39FB5DF22-FollowerState was interrupted: java.lang.InterruptedException: sleep interrupted
2019-10-17 07:42:16,957 [cbde3520-0cea-4357-bb04-1a0ae64b2bb1@group-7EB39FB5DF22-LeaderElection332] INFO  impl.LeaderElection (LeaderElection.java:logAndReturn(56)) - cbde3520-0cea-4357-bb04-1a0ae64b2bb1@group-7EB39FB5DF22-LeaderElection332: Election REJECTED; received 2 response(s) [cbde3520-0cea-4357-bb04-1a0ae64b2bb1<-40d2d32e-dd25-45df-8070-f9dc56ccf0a7#0:FAIL-t359, cbde3520-0cea-4357-bb04-1a0ae64b2bb1<-443b071d-6096-48d6-bfe7-498b7c8032c0#0:FAIL-t359] and 0 exception(s); cbde3520-0cea-4357-bb04-1a0ae64b2bb1@group-7EB39FB5DF22:t359, leader=null, voted=cbde3520-0cea-4357-bb04-1a0ae64b2bb1, raftlog=cbde3520-0cea-4357-bb04-1a0ae64b2bb1@group-7EB39FB5DF22-SegmentedRaftLog:OPENED:c-1,f-1,i0, conf=-1: [40d2d32e-dd25-45df-8070-f9dc56ccf0a7:192.168.34.62:41633, cbde3520-0cea-4357-bb04-1a0ae64b2bb1:192.168.34.62:41642, 443b071d-6096-48d6-bfe7-498b7c8032c0:192.168.34.62:46516], old=null
2019-10-17 07:42:16,958 [cbde3520-0cea-4357-bb04-1a0ae64b2bb1@group-7EB39FB5DF22-LeaderElection332] INFO  impl.RaftServerImpl (RaftServerImpl.java:setRole(184)) - cbde3520-0cea-4357-bb04-1a0ae64b2bb1@group-7EB39FB5DF22: changes role from CANDIDATE to FOLLOWER at term 359 for DISCOVERED_A_NEW_TERM
2019-10-17 07:42:16,958 [cbde3520-0cea-4357-bb04-1a0ae64b2bb1@group-7EB39FB5DF22-LeaderElection332] INFO  impl.RoleInfo (RoleInfo.java:shutdownLeaderElection(134)) - cbde3520-0cea-4357-bb04-1a0ae64b2bb1: shutdown LeaderElection
2019-10-17 07:42:16,958 [cbde3520-0cea-4357-bb04-1a0ae64b2bb1@group-7EB39FB5DF22-LeaderElection332] INFO  impl.RoleInfo (RoleInfo.java:updateAndGet(143)) - cbde3520-0cea-4357-bb04-1a0ae64b2bb1: start FollowerState
2019-10-17 07:42:17,152 [Thread-2398] INFO  impl.FollowerState (FollowerState.java:run(108)) - cbde3520-0cea-4357-bb04-1a0ae64b2bb1@group-7EB39FB5DF22-FollowerState: change to CANDIDATE, lastRpcTime:193ms, electionTimeout:193ms
2019-10-17 07:42:17,152 [Thread-2398] INFO  impl.RoleInfo (RoleInfo.java:shutdownFollowerState(121)) - cbde3520-0cea-4357-bb04-1a0ae64b2bb1: shutdown FollowerState
2019-10-17 07:42:17,152 [Thread-2398] INFO  impl.RaftServerImpl (RaftServerImpl.java:setRole(184)) - cbde3520-0cea-4357-bb04-1a0ae64b2bb1@group-7EB39FB5DF22: changes role from  FOLLOWER to CANDIDATE at term 359 for changeToCandidate
2019-10-17 07:42:17,153 [Thread-2398] INFO  impl.RoleInfo (RoleInfo.java:updateAndGet(143)) - cbde3520-0cea-4357-bb04-1a0ae64b2bb1: start LeaderElection
2019-10-17 07:42:17,182 [cbde3520-0cea-4357-bb04-1a0ae64b2bb1@group-7EB39FB5DF22-LeaderElection333] INFO  impl.LeaderElection (LeaderElection.java:askForVotes(178)) - cbde3520-0cea-4357-bb04-1a0ae64b2bb1@group-7EB39FB5DF22-LeaderElection333: begin an election at term 360 for -1: [40d2d32e-dd25-45df-8070-f9dc56ccf0a7:192.168.34.62:41633, cbde3520-0cea-4357-bb04-1a0ae64b2bb1:192.168.34.62:41642, 443b071d-6096-48d6-bfe7-498b7c8032c0:192.168.34.62:46516], old=null
2019-10-17 07:42:17,185 [grpc-default-executor-1] INFO  impl.RaftServerImpl (RaftServerImpl.java:setRole(184)) - 40d2d32e-dd25-45df-8070-f9dc56ccf0a7@group-7EB39FB5DF22: changes role from  FOLLOWER to FOLLOWER at term 360 for recognizeCandidate:cbde3520-0cea-4357-bb04-1a0ae64b2bb1
2019-10-17 07:42:17,185 [grpc-default-executor-1] INFO  impl.RoleInfo (RoleInfo.java:shutdownFollowerState(121)) - 40d2d32e-dd25-45df-8070-f9dc56ccf0a7: shutdown FollowerState
2019-10-17 07:42:17,185 [grpc-default-executor-4] INFO  impl.RaftServerImpl (RaftServerImpl.java:setRole(184)) - 443b071d-6096-48d6-bfe7-498b7c8032c0@group-7EB39FB5DF22: changes role from  FOLLOWER to FOLLOWER at term 360 for recognizeCandidate:cbde3520-0cea-4357-bb04-1a0ae64b2bb1
2019-10-17 07:42:17,185 [Thread-2396] INFO  impl.FollowerState (FollowerState.java:run(117)) - 40d2d32e-dd25-45df-8070-f9dc56ccf0a7@group-7EB39FB5DF22-FollowerState was interrupted: java.lang.InterruptedException: sleep interrupted
2019-10-17 07:42:17,185 [grpc-default-executor-4] INFO  impl.RoleInfo (RoleInfo.java:shutdownFollowerState(121)) - 443b071d-6096-48d6-bfe7-498b7c8032c0: shutdown FollowerState
2019-10-17 07:42:17,185 [grpc-default-executor-1] INFO  impl.RoleInfo (RoleInfo.java:updateAndGet(143)) - 40d2d32e-dd25-45df-8070-f9dc56ccf0a7: start FollowerState
2019-10-17 07:42:17,186 [Thread-2397] INFO  impl.FollowerState (FollowerState.java:run(117)) - 443b071d-6096-48d6-bfe7-498b7c8032c0@group-7EB39FB5DF22-FollowerState was interrupted: java.lang.InterruptedException: sleep interrupted
2019-10-17 07:42:17,186 [grpc-default-executor-4] INFO  impl.RoleInfo (RoleInfo.java:updateAndGet(143)) - 443b071d-6096-48d6-bfe7-498b7c8032c0: start FollowerState
2019-10-17 07:42:17,200 [cbde3520-0cea-4357-bb04-1a0ae64b2bb1@group-7EB39FB5DF22-LeaderElection333] INFO  impl.LeaderElection (LeaderElection.java:logAndReturn(56)) - cbde3520-0cea-4357-bb04-1a0ae64b2bb1@group-7EB39FB5DF22-LeaderElection333: Election REJECTED; received 2 response(s) [cbde3520-0cea-4357-bb04-1a0ae64b2bb1<-40d2d32e-dd25-45df-8070-f9dc56ccf0a7#0:FAIL-t360, cbde3520-0cea-4357-bb04-1a0ae64b2bb1<-443b071d-6096-48d6-bfe7-498b7c8032c0#0:FAIL-t360] and 0 exception(s); cbde3520-0cea-4357-bb04-1a0ae64b2bb1@group-7EB39FB5DF22:t360, leader=null, voted=cbde3520-0cea-4357-bb04-1a0ae64b2bb1, raftlog=cbde3520-0cea-4357-bb04-1a0ae64b2bb1@group-7EB39FB5DF22-SegmentedRaftLog:OPENED:c-1,f-1,i0, conf=-1: [40d2d32e-dd25-45df-8070-f9dc56ccf0a7:192.168.34.62:41633, cbde3520-0cea-4357-bb04-1a0ae64b2bb1:192.168.34.62:41642, 443b071d-6096-48d6-bfe7-498b7c8032c0:192.168.34.62:46516], old=null
2019-10-17 07:42:17,201 [cbde3520-0cea-4357-bb04-1a0ae64b2bb1@group-7EB39FB5DF22-LeaderElection333] INFO  impl.RaftServerImpl (RaftServerImpl.java:setRole(184)) - cbde3520-0cea-4357-bb04-1a0ae64b2bb1@group-7EB39FB5DF22: changes role from CANDIDATE to FOLLOWER at term 360 for DISCOVERED_A_NEW_TERM
2019-10-17 07:42:17,201 [cbde3520-0cea-4357-bb04-1a0ae64b2bb1@group-7EB39FB5DF22-LeaderElection333] INFO  impl.RoleInfo (RoleInfo.java:shutdownLeaderElection(134)) - cbde3520-0cea-4357-bb04-1a0ae64b2bb1: shutdown LeaderElection
2019-10-17 07:42:17,201 [cbde3520-0cea-4357-bb04-1a0ae64b2bb1@group-7EB39FB5DF22-LeaderElection333] INFO  impl.RoleInfo (RoleInfo.java:updateAndGet(143)) - cbde3520-0cea-4357-bb04-1a0ae64b2bb1: start FollowerState
2019-10-17 07:42:17,225 [main] INFO  ozone.MiniOzoneClusterImpl (MiniOzoneClusterImpl.java:lambda$waitForClusterToBeReady$2(164)) - Waiting for 1 number of pipelines out of 5, to report a leader.
2019-10-17 07:42:17,343 [Thread-2404] INFO  impl.FollowerState (FollowerState.java:run(108)) - cbde3520-0cea-4357-bb04-1a0ae64b2bb1@group-7EB39FB5DF22-FollowerState: change to CANDIDATE, lastRpcTime:142ms, electionTimeout:142ms
2019-10-17 07:42:17,343 [Thread-2404] INFO  impl.RoleInfo (RoleInfo.java:shutdownFollowerState(121)) - cbde3520-0cea-4357-bb04-1a0ae64b2bb1: shutdown FollowerState
2019-10-17 07:42:17,344 [Thread-2404] INFO  impl.RaftServerImpl (RaftServerImpl.java:setRole(184)) - cbde3520-0cea-4357-bb04-1a0ae64b2bb1@group-7EB39FB5DF22: changes role from  FOLLOWER to CANDIDATE at term 360 for changeToCandidate
2019-10-17 07:42:17,344 [Thread-2404] INFO  impl.RoleInfo (RoleInfo.java:updateAndGet(143)) - cbde3520-0cea-4357-bb04-1a0ae64b2bb1: start LeaderElection
2019-10-17 07:42:17,368 [cbde3520-0cea-4357-bb04-1a0ae64b2bb1@group-7EB39FB5DF22-LeaderElection334] INFO  impl.LeaderElection (LeaderElection.java:askForVotes(178)) - cbde3520-0cea-4357-bb04-1a0ae64b2bb1@group-7EB39FB5DF22-LeaderElection334: begin an election at term 361 for -1: [40d2d32e-dd25-45df-8070-f9dc56ccf0a7:192.168.34.62:41633, cbde3520-0cea-4357-bb04-1a0ae64b2bb1:192.168.34.62:41642, 443b071d-6096-48d6-bfe7-498b7c8032c0:192.168.34.62:46516], old=null
2019-10-17 07:42:17,370 [grpc-default-executor-4] INFO  impl.RaftServerImpl (RaftServerImpl.java:setRole(184)) - 40d2d32e-dd25-45df-8070-f9dc56ccf0a7@group-7EB39FB5DF22: changes role from  FOLLOWER to FOLLOWER at term 361 for recognizeCandidate:cbde3520-0cea-4357-bb04-1a0ae64b2bb1
2019-10-17 07:42:17,370 [grpc-default-executor-4] INFO  impl.RoleInfo (RoleInfo.java:shutdownFollowerState(121)) - 40d2d32e-dd25-45df-8070-f9dc56ccf0a7: shutdown FollowerState
2019-10-17 07:42:17,370 [grpc-default-executor-4] INFO  impl.RoleInfo (RoleInfo.java:updateAndGet(143)) - 40d2d32e-dd25-45df-8070-f9dc56ccf0a7: start FollowerState
2019-10-17 07:42:17,370 [Thread-2402] INFO  impl.FollowerState (FollowerState.java:run(117)) - 40d2d32e-dd25-45df-8070-f9dc56ccf0a7@group-7EB39FB5DF22-FollowerState was interrupted: java.lang.InterruptedException: sleep interrupted
2019-10-17 07:42:17,370 [grpc-default-executor-1] INFO  impl.RaftServerImpl (RaftServerImpl.java:setRole(184)) - 443b071d-6096-48d6-bfe7-498b7c8032c0@group-7EB39FB5DF22: changes role from  FOLLOWER to FOLLOWER at term 361 for recognizeCandidate:cbde3520-0cea-4357-bb04-1a0ae64b2bb1
2019-10-17 07:42:17,371 [grpc-default-executor-1] INFO  impl.RoleInfo (RoleInfo.java:shutdownFollowerState(121)) - 443b071d-6096-48d6-bfe7-498b7c8032c0: shutdown FollowerState
2019-10-17 07:42:17,371 [grpc-default-executor-1] INFO  impl.RoleInfo (RoleInfo.java:updateAndGet(143)) - 443b071d-6096-48d6-bfe7-498b7c8032c0: start FollowerState
2019-10-17 07:42:17,371 [Thread-2403] INFO  impl.FollowerState (FollowerState.java:run(117)) - 443b071d-6096-48d6-bfe7-498b7c8032c0@group-7EB39FB5DF22-FollowerState was interrupted: java.lang.InterruptedException: sleep interrupted
2019-10-17 07:42:17,385 [cbde3520-0cea-4357-bb04-1a0ae64b2bb1@group-7EB39FB5DF22-LeaderElection334] INFO  impl.LeaderElection (LeaderElection.java:logAndReturn(56)) - cbde3520-0cea-4357-bb04-1a0ae64b2bb1@group-7EB39FB5DF22-LeaderElection334: Election REJECTED; received 2 response(s) [cbde3520-0cea-4357-bb04-1a0ae64b2bb1<-40d2d32e-dd25-45df-8070-f9dc56ccf0a7#0:FAIL-t361, cbde3520-0cea-4357-bb04-1a0ae64b2bb1<-443b071d-6096-48d6-bfe7-498b7c8032c0#0:FAIL-t361] and 0 exception(s); cbde3520-0cea-4357-bb04-1a0ae64b2bb1@group-7EB39FB5DF22:t361, leader=null, voted=cbde3520-0cea-4357-bb04-1a0ae64b2bb1, raftlog=cbde3520-0cea-4357-bb04-1a0ae64b2bb1@group-7EB39FB5DF22-SegmentedRaftLog:OPENED:c-1,f-1,i0, conf=-1: [40d2d32e-dd25-45df-8070-f9dc56ccf0a7:192.168.34.62:41633, cbde3520-0cea-4357-bb04-1a0ae64b2bb1:192.168.34.62:41642, 443b071d-6096-48d6-bfe7-498b7c8032c0:192.168.34.62:46516], old=null
2019-10-17 07:42:17,385 [cbde3520-0cea-4357-bb04-1a0ae64b2bb1@group-7EB39FB5DF22-LeaderElection334] INFO  impl.RaftServerImpl (RaftServerImpl.java:setRole(184)) - cbde3520-0cea-4357-bb04-1a0ae64b2bb1@group-7EB39FB5DF22: changes role from CANDIDATE to FOLLOWER at term 361 for DISCOVERED_A_NEW_TERM
2019-10-17 07:42:17,385 [cbde3520-0cea-4357-bb04-1a0ae64b2bb1@group-7EB39FB5DF22-LeaderElection334] INFO  impl.RoleInfo (RoleInfo.java:shutdownLeaderElection(134)) - cbde3520-0cea-4357-bb04-1a0ae64b2bb1: shutdown LeaderElection
2019-10-17 07:42:17,386 [cbde3520-0cea-4357-bb04-1a0ae64b2bb1@group-7EB39FB5DF22-LeaderElection334] INFO  impl.RoleInfo (RoleInfo.java:updateAndGet(143)) - cbde3520-0cea-4357-bb04-1a0ae64b2bb1: start FollowerState
2019-10-17 07:42:17,578 [Thread-2410] INFO  impl.FollowerState (FollowerState.java:run(108)) - cbde3520-0cea-4357-bb04-1a0ae64b2bb1@group-7EB39FB5DF22-FollowerState: change to CANDIDATE, lastRpcTime:192ms, electionTimeout:192ms
2019-10-17 07:42:17,578 [Thread-2410] INFO  impl.RoleInfo (RoleInfo.java:shutdownFollowerState(121)) - cbde3520-0cea-4357-bb04-1a0ae64b2bb1: shutdown FollowerState
2019-10-17 07:42:17,579 [Thread-2410] INFO  impl.RaftServerImpl (RaftServerImpl.java:setRole(184)) - cbde3520-0cea-4357-bb04-1a0ae64b2bb1@group-7EB39FB5DF22: changes role from  FOLLOWER to CANDIDATE at term 361 for changeToCandidate
2019-10-17 07:42:17,579 [Thread-2410] INFO  impl.RoleInfo (RoleInfo.java:updateAndGet(143)) - cbde3520-0cea-4357-bb04-1a0ae64b2bb1: start LeaderElection
2019-10-17 07:42:17,603 [cbde3520-0cea-4357-bb04-1a0ae64b2bb1@group-7EB39FB5DF22-LeaderElection335] INFO  impl.LeaderElection (LeaderElection.java:askForVotes(178)) - cbde3520-0cea-4357-bb04-1a0ae64b2bb1@group-7EB39FB5DF22-LeaderElection335: begin an election at term 362 for -1: [40d2d32e-dd25-45df-8070-f9dc56ccf0a7:192.168.34.62:41633, cbde3520-0cea-4357-bb04-1a0ae64b2bb1:192.168.34.62:41642, 443b071d-6096-48d6-bfe7-498b7c8032c0:192.168.34.62:46516], old=null
2019-10-17 07:42:17,606 [grpc-default-executor-4] INFO  impl.RaftServerImpl (RaftServerImpl.java:setRole(184)) - 40d2d32e-dd25-45df-8070-f9dc56ccf0a7@group-7EB39FB5DF22: changes role from  FOLLOWER to FOLLOWER at term 362 for recognizeCandidate:cbde3520-0cea-4357-bb04-1a0ae64b2bb1
2019-10-17 07:42:17,607 [grpc-default-executor-1] INFO  impl.RaftServerImpl (RaftServerImpl.java:setRole(184)) - 443b071d-6096-48d6-bfe7-498b7c8032c0@group-7EB39FB5DF22: changes role from  FOLLOWER to FOLLOWER at term 362 for recognizeCandidate:cbde3520-0cea-4357-bb04-1a0ae64b2bb1
2019-10-17 07:42:17,607 [grpc-default-executor-1] INFO  impl.RoleInfo (RoleInfo.java:shutdownFollowerState(121)) - 443b071d-6096-48d6-bfe7-498b7c8032c0: shutdown FollowerState
2019-10-17 07:42:17,607 [grpc-default-executor-4] INFO  impl.RoleInfo (RoleInfo.java:shutdownFollowerState(121)) - 40d2d32e-dd25-45df-8070-f9dc56ccf0a7: shutdown FollowerState
2019-10-17 07:42:17,608 [Thread-2409] INFO  impl.FollowerState (FollowerState.java:run(117)) - 443b071d-6096-48d6-bfe7-498b7c8032c0@group-7EB39FB5DF22-FollowerState was interrupted: java.lang.InterruptedException: sleep interrupted
2019-10-17 07:42:17,608 [grpc-default-executor-1] INFO  impl.RoleInfo (RoleInfo.java:updateAndGet(143)) - 443b071d-6096-48d6-bfe7-498b7c8032c0: start FollowerState
2019-10-17 07:42:17,608 [Thread-2408] INFO  impl.FollowerState (FollowerState.java:run(117)) - 40d2d32e-dd25-45df-8070-f9dc56ccf0a7@group-7EB39FB5DF22-FollowerState was interrupted: java.lang.InterruptedException: sleep interrupted
2019-10-17 07:42:17,608 [grpc-default-executor-4] INFO  impl.RoleInfo (RoleInfo.java:updateAndGet(143)) - 40d2d32e-dd25-45df-8070-f9dc56ccf0a7: start FollowerState
2019-10-17 07:42:17,618 [cbde3520-0cea-4357-bb04-1a0ae64b2bb1@group-7EB39FB5DF22-LeaderElection335] INFO  impl.LeaderElection (LeaderElection.java:logAndReturn(56)) - cbde3520-0cea-4357-bb04-1a0ae64b2bb1@group-7EB39FB5DF22-LeaderElection335: Election TIMEOUT; received 0 response(s) [] and 0 exception(s); cbde3520-0cea-4357-bb04-1a0ae64b2bb1@group-7EB39FB5DF22:t362, leader=null, voted=cbde3520-0cea-4357-bb04-1a0ae64b2bb1, raftlog=cbde3520-0cea-4357-bb04-1a0ae64b2bb1@group-7EB39FB5DF22-SegmentedRaftLog:OPENED:c-1,f-1,i0, conf=-1: [40d2d32e-dd25-45df-8070-f9dc56ccf0a7:192.168.34.62:41633, cbde3520-0cea-4357-bb04-1a0ae64b2bb1:192.168.34.62:41642, 443b071d-6096-48d6-bfe7-498b7c8032c0:192.168.34.62:46516], old=null
2019-10-17 07:42:17,632 [cbde3520-0cea-4357-bb04-1a0ae64b2bb1@group-7EB39FB5DF22-LeaderElection335] INFO  impl.LeaderElection (LeaderElection.java:askForVotes(178)) - cbde3520-0cea-4357-bb04-1a0ae64b2bb1@group-7EB39FB5DF22-LeaderElection335: begin an election at term 363 for -1: [40d2d32e-dd25-45df-8070-f9dc56ccf0a7:192.168.34.62:41633, cbde3520-0cea-4357-bb04-1a0ae64b2bb1:192.168.34.62:41642, 443b071d-6096-48d6-bfe7-498b7c8032c0:192.168.34.62:46516], old=null
2019-10-17 07:42:17,634 [grpc-default-executor-1] INFO  impl.RaftServerImpl (RaftServerImpl.java:setRole(184)) - 443b071d-6096-48d6-bfe7-498b7c8032c0@group-7EB39FB5DF22: changes role from  FOLLOWER to FOLLOWER at term 363 for recognizeCandidate:cbde3520-0cea-4357-bb04-1a0ae64b2bb1
2019-10-17 07:42:17,634 [grpc-default-executor-1] INFO  impl.RoleInfo (RoleInfo.java:shutdownFollowerState(121)) - 443b071d-6096-48d6-bfe7-498b7c8032c0: shutdown FollowerState
2019-10-17 07:42:17,634 [grpc-default-executor-1] INFO  impl.RoleInfo (RoleInfo.java:updateAndGet(143)) - 443b071d-6096-48d6-bfe7-498b7c8032c0: start FollowerState
2019-10-17 07:42:17,634 [Thread-2414] INFO  impl.FollowerState (FollowerState.java:run(117)) - 443b071d-6096-48d6-bfe7-498b7c8032c0@group-7EB39FB5DF22-FollowerState was interrupted: java.lang.InterruptedException: sleep interrupted
2019-10-17 07:42:17,634 [grpc-default-executor-4] INFO  impl.RaftServerImpl (RaftServerImpl.java:setRole(184)) - 40d2d32e-dd25-45df-8070-f9dc56ccf0a7@group-7EB39FB5DF22: changes role from  FOLLOWER to FOLLOWER at term 363 for recognizeCandidate:cbde3520-0cea-4357-bb04-1a0ae64b2bb1
2019-10-17 07:42:17,635 [grpc-default-executor-4] INFO  impl.RoleInfo (RoleInfo.java:shutdownFollowerState(121)) - 40d2d32e-dd25-45df-8070-f9dc56ccf0a7: shutdown FollowerState
2019-10-17 07:42:17,635 [grpc-default-executor-4] INFO  impl.RoleInfo (RoleInfo.java:updateAndGet(143)) - 40d2d32e-dd25-45df-8070-f9dc56ccf0a7: start FollowerState
2019-10-17 07:42:17,635 [Thread-2415] INFO  impl.FollowerState (FollowerState.java:run(117)) - 40d2d32e-dd25-45df-8070-f9dc56ccf0a7@group-7EB39FB5DF22-FollowerState was interrupted: java.lang.InterruptedException: sleep interrupted
2019-10-17 07:42:17,649 [cbde3520-0cea-4357-bb04-1a0ae64b2bb1@group-7EB39FB5DF22-LeaderElection335] INFO  impl.LeaderElection (LeaderElection.java:logAndReturn(56)) - cbde3520-0cea-4357-bb04-1a0ae64b2bb1@group-7EB39FB5DF22-LeaderElection335: Election REJECTED; received 2 response(s) [cbde3520-0cea-4357-bb04-1a0ae64b2bb1<-40d2d32e-dd25-45df-8070-f9dc56ccf0a7#0:FAIL-t363, cbde3520-0cea-4357-bb04-1a0ae64b2bb1<-443b071d-6096-48d6-bfe7-498b7c8032c0#0:FAIL-t363] and 0 exception(s); cbde3520-0cea-4357-bb04-1a0ae64b2bb1@group-7EB39FB5DF22:t363, leader=null, voted=cbde3520-0cea-4357-bb04-1a0ae64b2bb1, raftlog=cbde3520-0cea-4357-bb04-1a0ae64b2bb1@group-7EB39FB5DF22-SegmentedRaftLog:OPENED:c-1,f-1,i0, conf=-1: [40d2d32e-dd25-45df-8070-f9dc56ccf0a7:192.168.34.62:41633, cbde3520-0cea-4357-bb04-1a0ae64b2bb1:192.168.34.62:41642, 443b071d-6096-48d6-bfe7-498b7c8032c0:192.168.34.62:46516], old=null
2019-10-17 07:42:17,649 [cbde3520-0cea-4357-bb04-1a0ae64b2bb1@group-7EB39FB5DF22-LeaderElection335] INFO  impl.RaftServerImpl (RaftServerImpl.java:setRole(184)) - cbde3520-0cea-4357-bb04-1a0ae64b2bb1@group-7EB39FB5DF22: changes role from CANDIDATE to FOLLOWER at term 363 for DISCOVERED_A_NEW_TERM
2019-10-17 07:42:17,649 [cbde3520-0cea-4357-bb04-1a0ae64b2bb1@group-7EB39FB5DF22-LeaderElection335] INFO  impl.RoleInfo (RoleInfo.java:shutdownLeaderElection(134)) - cbde3520-0cea-4357-bb04-1a0ae64b2bb1: shutdown LeaderElection
2019-10-17 07:42:17,649 [cbde3520-0cea-4357-bb04-1a0ae64b2bb1@group-7EB39FB5DF22-LeaderElection335] INFO  impl.RoleInfo (RoleInfo.java:updateAndGet(143)) - cbde3520-0cea-4357-bb04-1a0ae64b2bb1: start FollowerState
2019-10-17 07:42:17,784 [Thread-2420] INFO  impl.FollowerState (FollowerState.java:run(108)) - cbde3520-0cea-4357-bb04-1a0ae64b2bb1@group-7EB39FB5DF22-FollowerState: change to CANDIDATE, lastRpcTime:134ms, electionTimeout:134ms
2019-10-17 07:42:17,784 [Thread-2420] INFO  impl.RoleInfo (RoleInfo.java:shutdownFollowerState(121)) - cbde3520-0cea-4357-bb04-1a0ae64b2bb1: shutdown FollowerState
2019-10-17 07:42:17,784 [Thread-2420] INFO  impl.RaftServerImpl (RaftServerImpl.java:setRole(184)) - cbde3520-0cea-4357-bb04-1a0ae64b2bb1@group-7EB39FB5DF22: changes role from  FOLLOWER to CANDIDATE at term 363 for changeToCandidate
2019-10-17 07:42:17,784 [Thread-2420] INFO  impl.RoleInfo (RoleInfo.java:updateAndGet(143)) - cbde3520-0cea-4357-bb04-1a0ae64b2bb1: start LeaderElection
2019-10-17 07:42:17,803 [cbde3520-0cea-4357-bb04-1a0ae64b2bb1@group-7EB39FB5DF22-LeaderElection336] INFO  impl.LeaderElection (LeaderElection.java:askForVotes(178)) - cbde3520-0cea-4357-bb04-1a0ae64b2bb1@group-7EB39FB5DF22-LeaderElection336: begin an election at term 364 for -1: [40d2d32e-dd25-45df-8070-f9dc56ccf0a7:192.168.34.62:41633, cbde3520-0cea-4357-bb04-1a0ae64b2bb1:192.168.34.62:41642, 443b071d-6096-48d6-bfe7-498b7c8032c0:192.168.34.62:46516], old=null
2019-10-17 07:42:17,806 [grpc-default-executor-1] INFO  impl.RaftServerImpl (RaftServerImpl.java:setRole(184)) - 443b071d-6096-48d6-bfe7-498b7c8032c0@group-7EB39FB5DF22: changes role from  FOLLOWER to FOLLOWER at term 364 for recognizeCandidate:cbde3520-0cea-4357-bb04-1a0ae64b2bb1
2019-10-17 07:42:17,806 [grpc-default-executor-4] INFO  impl.RaftServerImpl (RaftServerImpl.java:setRole(184)) - 40d2d32e-dd25-45df-8070-f9dc56ccf0a7@group-7EB39FB5DF22: changes role from  FOLLOWER to FOLLOWER at term 364 for recognizeCandidate:cbde3520-0cea-4357-bb04-1a0ae64b2bb1
2019-10-17 07:42:17,806 [grpc-default-executor-1] INFO  impl.RoleInfo (RoleInfo.java:shutdownFollowerState(121)) - 443b071d-6096-48d6-bfe7-498b7c8032c0: shutdown FollowerState
2019-10-17 07:42:17,806 [grpc-default-executor-4] INFO  impl.RoleInfo (RoleInfo.java:shutdownFollowerState(121)) - 40d2d32e-dd25-45df-8070-f9dc56ccf0a7: shutdown FollowerState
2019-10-17 07:42:17,807 [Thread-2418] INFO  impl.FollowerState (FollowerState.java:run(117)) - 443b071d-6096-48d6-bfe7-498b7c8032c0@group-7EB39FB5DF22-FollowerState was interrupted: java.lang.InterruptedException: sleep interrupted
2019-10-17 07:42:17,807 [grpc-default-executor-1] INFO  impl.RoleInfo (RoleInfo.java:updateAndGet(143)) - 443b071d-6096-48d6-bfe7-498b7c8032c0: start FollowerState
2019-10-17 07:42:17,807 [Thread-2419] INFO  impl.FollowerState (FollowerState.java:run(117)) - 40d2d32e-dd25-45df-8070-f9dc56ccf0a7@group-7EB39FB5DF22-FollowerState was interrupted: java.lang.InterruptedException: sleep interrupted
2019-10-17 07:42:17,807 [grpc-default-executor-4] INFO  impl.RoleInfo (RoleInfo.java:updateAndGet(143)) - 40d2d32e-dd25-45df-8070-f9dc56ccf0a7: start FollowerState
2019-10-17 07:42:17,832 [cbde3520-0cea-4357-bb04-1a0ae64b2bb1@group-7EB39FB5DF22-LeaderElection336] INFO  impl.LeaderElection (LeaderElection.java:logAndReturn(56)) - cbde3520-0cea-4357-bb04-1a0ae64b2bb1@group-7EB39FB5DF22-LeaderElection336: Election REJECTED; received 2 response(s) [cbde3520-0cea-4357-bb04-1a0ae64b2bb1<-40d2d32e-dd25-45df-8070-f9dc56ccf0a7#0:FAIL-t364, cbde3520-0cea-4357-bb04-1a0ae64b2bb1<-443b071d-6096-48d6-bfe7-498b7c8032c0#0:FAIL-t364] and 0 exception(s); cbde3520-0cea-4357-bb04-1a0ae64b2bb1@group-7EB39FB5DF22:t364, leader=null, voted=cbde3520-0cea-4357-bb04-1a0ae64b2bb1, raftlog=cbde3520-0cea-4357-bb04-1a0ae64b2bb1@group-7EB39FB5DF22-SegmentedRaftLog:OPENED:c-1,f-1,i0, conf=-1: [40d2d32e-dd25-45df-8070-f9dc56ccf0a7:192.168.34.62:41633, cbde3520-0cea-4357-bb04-1a0ae64b2bb1:192.168.34.62:41642, 443b071d-6096-48d6-bfe7-498b7c8032c0:192.168.34.62:46516], old=null
2019-10-17 07:42:17,832 [cbde3520-0cea-4357-bb04-1a0ae64b2bb1@group-7EB39FB5DF22-LeaderElection336] INFO  impl.RaftServerImpl (RaftServerImpl.java:setRole(184)) - cbde3520-0cea-4357-bb04-1a0ae64b2bb1@group-7EB39FB5DF22: changes role from CANDIDATE to FOLLOWER at term 364 for DISCOVERED_A_NEW_TERM
2019-10-17 07:42:17,832 [cbde3520-0cea-4357-bb04-1a0ae64b2bb1@group-7EB39FB5DF22-LeaderElection336] INFO  impl.RoleInfo (RoleInfo.java:shutdownLeaderElection(134)) - cbde3520-0cea-4357-bb04-1a0ae64b2bb1: shutdown LeaderElection
2019-10-17 07:42:17,832 [cbde3520-0cea-4357-bb04-1a0ae64b2bb1@group-7EB39FB5DF22-LeaderElection336] INFO  impl.RoleInfo (RoleInfo.java:updateAndGet(143)) - cbde3520-0cea-4357-bb04-1a0ae64b2bb1: start FollowerState
2019-10-17 07:42:18,002 [Thread-2426] INFO  impl.FollowerState (FollowerState.java:run(108)) - cbde3520-0cea-4357-bb04-1a0ae64b2bb1@group-7EB39FB5DF22-FollowerState: change to CANDIDATE, lastRpcTime:169ms, electionTimeout:169ms
2019-10-17 07:42:18,002 [Thread-2426] INFO  impl.RoleInfo (RoleInfo.java:shutdownFollowerState(121)) - cbde3520-0cea-4357-bb04-1a0ae64b2bb1: shutdown FollowerState
2019-10-17 07:42:18,002 [Thread-2426] INFO  impl.RaftServerImpl (RaftServerImpl.java:setRole(184)) - cbde3520-0cea-4357-bb04-1a0ae64b2bb1@group-7EB39FB5DF22: changes role from  FOLLOWER to CANDIDATE at term 364 for changeToCandidate
2019-10-17 07:42:18,003 [Thread-2426] INFO  impl.RoleInfo (RoleInfo.java:updateAndGet(143)) - cbde3520-0cea-4357-bb04-1a0ae64b2bb1: start LeaderElection
2019-10-17 07:42:18,027 [cbde3520-0cea-4357-bb04-1a0ae64b2bb1@group-7EB39FB5DF22-LeaderElection337] INFO  impl.LeaderElection (LeaderElection.java:askForVotes(178)) - cbde3520-0cea-4357-bb04-1a0ae64b2bb1@group-7EB39FB5DF22-LeaderElection337: begin an election at term 365 for -1: [40d2d32e-dd25-45df-8070-f9dc56ccf0a7:192.168.34.62:41633, cbde3520-0cea-4357-bb04-1a0ae64b2bb1:192.168.34.62:41642, 443b071d-6096-48d6-bfe7-498b7c8032c0:192.168.34.62:46516], old=null
2019-10-17 07:42:18,029 [grpc-default-executor-1] INFO  impl.RaftServerImpl (RaftServerImpl.java:setRole(184)) - 40d2d32e-dd25-45df-8070-f9dc56ccf0a7@group-7EB39FB5DF22: changes role from  FOLLOWER to FOLLOWER at term 365 for recognizeCandidate:cbde3520-0cea-4357-bb04-1a0ae64b2bb1
2019-10-17 07:42:18,029 [grpc-default-executor-1] INFO  impl.RoleInfo (RoleInfo.java:shutdownFollowerState(121)) - 40d2d32e-dd25-45df-8070-f9dc56ccf0a7: shutdown FollowerState
2019-10-17 07:42:18,029 [grpc-default-executor-1] INFO  impl.RoleInfo (RoleInfo.java:updateAndGet(143)) - 40d2d32e-dd25-45df-8070-f9dc56ccf0a7: start FollowerState
2019-10-17 07:42:18,030 [Thread-2425] INFO  impl.FollowerState (FollowerState.java:run(117)) - 40d2d32e-dd25-45df-8070-f9dc56ccf0a7@group-7EB39FB5DF22-FollowerState was interrupted: java.lang.InterruptedException: sleep interrupted
2019-10-17 07:42:18,030 [grpc-default-executor-4] INFO  impl.RaftServerImpl (RaftServerImpl.java:setRole(184)) - 443b071d-6096-48d6-bfe7-498b7c8032c0@group-7EB39FB5DF22: changes role from  FOLLOWER to FOLLOWER at term 365 for recognizeCandidate:cbde3520-0cea-4357-bb04-1a0ae64b2bb1
2019-10-17 07:42:18,030 [grpc-default-executor-4] INFO  impl.RoleInfo (RoleInfo.java:shutdownFollowerState(121)) - 443b071d-6096-48d6-bfe7-498b7c8032c0: shutdown FollowerState
2019-10-17 07:42:18,030 [grpc-default-executor-4] INFO  impl.RoleInfo (RoleInfo.java:updateAndGet(143)) - 443b071d-6096-48d6-bfe7-498b7c8032c0: start FollowerState
2019-10-17 07:42:18,030 [Thread-2424] INFO  impl.FollowerState (FollowerState.java:run(117)) - 443b071d-6096-48d6-bfe7-498b7c8032c0@group-7EB39FB5DF22-FollowerState was interrupted: java.lang.InterruptedException: sleep interrupted
2019-10-17 07:42:18,048 [cbde3520-0cea-4357-bb04-1a0ae64b2bb1@group-7EB39FB5DF22-LeaderElection337] INFO  impl.LeaderElection (LeaderElection.java:logAndReturn(56)) - cbde3520-0cea-4357-bb04-1a0ae64b2bb1@group-7EB39FB5DF22-LeaderElection337: Election REJECTED; received 2 response(s) [cbde3520-0cea-4357-bb04-1a0ae64b2bb1<-40d2d32e-dd25-45df-8070-f9dc56ccf0a7#0:FAIL-t365, cbde3520-0cea-4357-bb04-1a0ae64b2bb1<-443b071d-6096-48d6-bfe7-498b7c8032c0#0:FAIL-t365] and 0 exception(s); cbde3520-0cea-4357-bb04-1a0ae64b2bb1@group-7EB39FB5DF22:t365, leader=null, voted=cbde3520-0cea-4357-bb04-1a0ae64b2bb1, raftlog=cbde3520-0cea-4357-bb04-1a0ae64b2bb1@group-7EB39FB5DF22-SegmentedRaftLog:OPENED:c-1,f-1,i0, conf=-1: [40d2d32e-dd25-45df-8070-f9dc56ccf0a7:192.168.34.62:41633, cbde3520-0cea-4357-bb04-1a0ae64b2bb1:192.168.34.62:41642, 443b071d-6096-48d6-bfe7-498b7c8032c0:192.168.34.62:46516], old=null
2019-10-17 07:42:18,049 [cbde3520-0cea-4357-bb04-1a0ae64b2bb1@group-7EB39FB5DF22-LeaderElection337] INFO  impl.RaftServerImpl (RaftServerImpl.java:setRole(184)) - cbde3520-0cea-4357-bb04-1a0ae64b2bb1@group-7EB39FB5DF22: changes role from CANDIDATE to FOLLOWER at term 365 for DISCOVERED_A_NEW_TERM
2019-10-17 07:42:18,049 [cbde3520-0cea-4357-bb04-1a0ae64b2bb1@group-7EB39FB5DF22-LeaderElection337] INFO  impl.RoleInfo (RoleInfo.java:shutdownLeaderElection(134)) - cbde3520-0cea-4357-bb04-1a0ae64b2bb1: shutdown LeaderElection
2019-10-17 07:42:18,049 [cbde3520-0cea-4357-bb04-1a0ae64b2bb1@group-7EB39FB5DF22-LeaderElection337] INFO  impl.RoleInfo (RoleInfo.java:updateAndGet(143)) - cbde3520-0cea-4357-bb04-1a0ae64b2bb1: start FollowerState
2019-10-17 07:42:18,169 [Thread-2432] INFO  impl.FollowerState (FollowerState.java:run(108)) - cbde3520-0cea-4357-bb04-1a0ae64b2bb1@group-7EB39FB5DF22-FollowerState: change to CANDIDATE, lastRpcTime:120ms, electionTimeout:120ms
2019-10-17 07:42:18,170 [Thread-2432] INFO  impl.RoleInfo (RoleInfo.java:shutdownFollowerState(121)) - cbde3520-0cea-4357-bb04-1a0ae64b2bb1: shutdown FollowerState
2019-10-17 07:42:18,170 [Thread-2432] INFO  impl.RaftServerImpl (RaftServerImpl.java:setRole(184)) - cbde3520-0cea-4357-bb04-1a0ae64b2bb1@group-7EB39FB5DF22: changes role from  FOLLOWER to CANDIDATE at term 365 for changeToCandidate
2019-10-17 07:42:18,170 [Thread-2432] INFO  impl.RoleInfo (RoleInfo.java:updateAndGet(143)) - cbde3520-0cea-4357-bb04-1a0ae64b2bb1: start LeaderElection
2019-10-17 07:42:18,194 [cbde3520-0cea-4357-bb04-1a0ae64b2bb1@group-7EB39FB5DF22-LeaderElection338] INFO  impl.LeaderElection (LeaderElection.java:askForVotes(178)) - cbde3520-0cea-4357-bb04-1a0ae64b2bb1@group-7EB39FB5DF22-LeaderElection338: begin an election at term 366 for -1: [40d2d32e-dd25-45df-8070-f9dc56ccf0a7:192.168.34.62:41633, cbde3520-0cea-4357-bb04-1a0ae64b2bb1:192.168.34.62:41642, 443b071d-6096-48d6-bfe7-498b7c8032c0:192.168.34.62:46516], old=null
2019-10-17 07:42:18,197 [grpc-default-executor-1] INFO  impl.RaftServerImpl (RaftServerImpl.java:setRole(184)) - 40d2d32e-dd25-45df-8070-f9dc56ccf0a7@group-7EB39FB5DF22: changes role from  FOLLOWER to FOLLOWER at term 366 for recognizeCandidate:cbde3520-0cea-4357-bb04-1a0ae64b2bb1
2019-10-17 07:42:18,197 [grpc-default-executor-1] INFO  impl.RoleInfo (RoleInfo.java:shutdownFollowerState(121)) - 40d2d32e-dd25-45df-8070-f9dc56ccf0a7: shutdown FollowerState
2019-10-17 07:42:18,197 [grpc-default-executor-4] INFO  impl.RaftServerImpl (RaftServerImpl.java:setRole(184)) - 443b071d-6096-48d6-bfe7-498b7c8032c0@group-7EB39FB5DF22: changes role from  FOLLOWER to FOLLOWER at term 366 for recognizeCandidate:cbde3520-0cea-4357-bb04-1a0ae64b2bb1
2019-10-17 07:42:18,197 [Thread-2430] INFO  impl.FollowerState (FollowerState.java:run(117)) - 40d2d32e-dd25-45df-8070-f9dc56ccf0a7@group-7EB39FB5DF22-FollowerState was interrupted: java.lang.InterruptedException: sleep interrupted
2019-10-17 07:42:18,197 [grpc-default-executor-1] INFO  impl.RoleInfo (RoleInfo.java:updateAndGet(143)) - 40d2d32e-dd25-45df-8070-f9dc56ccf0a7: start FollowerState
2019-10-17 07:42:18,197 [grpc-default-executor-4] INFO  impl.RoleInfo (RoleInfo.java:shutdownFollowerState(121)) - 443b071d-6096-48d6-bfe7-498b7c8032c0: shutdown FollowerState
2019-10-17 07:42:18,198 [grpc-default-executor-4] INFO  impl.RoleInfo (RoleInfo.java:updateAndGet(143)) - 443b071d-6096-48d6-bfe7-498b7c8032c0: start FollowerState
2019-10-17 07:42:18,198 [Thread-2431] INFO  impl.FollowerState (FollowerState.java:run(117)) - 443b071d-6096-48d6-bfe7-498b7c8032c0@group-7EB39FB5DF22-FollowerState was interrupted: java.lang.InterruptedException: sleep interrupted
2019-10-17 07:42:18,212 [cbde3520-0cea-4357-bb04-1a0ae64b2bb1@group-7EB39FB5DF22-LeaderElection338] INFO  impl.LeaderElection (LeaderElection.java:logAndReturn(56)) - cbde3520-0cea-4357-bb04-1a0ae64b2bb1@group-7EB39FB5DF22-LeaderElection338: Election REJECTED; received 2 response(s) [cbde3520-0cea-4357-bb04-1a0ae64b2bb1<-40d2d32e-dd25-45df-8070-f9dc56ccf0a7#0:FAIL-t366, cbde3520-0cea-4357-bb04-1a0ae64b2bb1<-443b071d-6096-48d6-bfe7-498b7c8032c0#0:FAIL-t366] and 0 exception(s); cbde3520-0cea-4357-bb04-1a0ae64b2bb1@group-7EB39FB5DF22:t366, leader=null, voted=cbde3520-0cea-4357-bb04-1a0ae64b2bb1, raftlog=cbde3520-0cea-4357-bb04-1a0ae64b2bb1@group-7EB39FB5DF22-SegmentedRaftLog:OPENED:c-1,f-1,i0, conf=-1: [40d2d32e-dd25-45df-8070-f9dc56ccf0a7:192.168.34.62:41633, cbde3520-0cea-4357-bb04-1a0ae64b2bb1:192.168.34.62:41642, 443b071d-6096-48d6-bfe7-498b7c8032c0:192.168.34.62:46516], old=null
2019-10-17 07:42:18,212 [cbde3520-0cea-4357-bb04-1a0ae64b2bb1@group-7EB39FB5DF22-LeaderElection338] INFO  impl.RaftServerImpl (RaftServerImpl.java:setRole(184)) - cbde3520-0cea-4357-bb04-1a0ae64b2bb1@group-7EB39FB5DF22: changes role from CANDIDATE to FOLLOWER at term 366 for DISCOVERED_A_NEW_TERM
2019-10-17 07:42:18,213 [cbde3520-0cea-4357-bb04-1a0ae64b2bb1@group-7EB39FB5DF22-LeaderElection338] INFO  impl.RoleInfo (RoleInfo.java:shutdownLeaderElection(134)) - cbde3520-0cea-4357-bb04-1a0ae64b2bb1: shutdown LeaderElection
2019-10-17 07:42:18,213 [cbde3520-0cea-4357-bb04-1a0ae64b2bb1@group-7EB39FB5DF22-LeaderElection338] INFO  impl.RoleInfo (RoleInfo.java:updateAndGet(143)) - cbde3520-0cea-4357-bb04-1a0ae64b2bb1: start FollowerState
2019-10-17 07:42:18,226 [main] INFO  ozone.MiniOzoneClusterImpl (MiniOzoneClusterImpl.java:lambda$waitForClusterToBeReady$2(164)) - Waiting for 1 number of pipelines out of 5, to report a leader.
2019-10-17 07:42:18,350 [Thread-2438] INFO  impl.FollowerState (FollowerState.java:run(108)) - cbde3520-0cea-4357-bb04-1a0ae64b2bb1@group-7EB39FB5DF22-FollowerState: change to CANDIDATE, lastRpcTime:137ms, electionTimeout:137ms
2019-10-17 07:42:18,350 [Thread-2438] INFO  impl.RoleInfo (RoleInfo.java:shutdownFollowerState(121)) - cbde3520-0cea-4357-bb04-1a0ae64b2bb1: shutdown FollowerState
2019-10-17 07:42:18,351 [Thread-2438] INFO  impl.RaftServerImpl (RaftServerImpl.java:setRole(184)) - cbde3520-0cea-4357-bb04-1a0ae64b2bb1@group-7EB39FB5DF22: changes role from  FOLLOWER to CANDIDATE at term 366 for changeToCandidate
2019-10-17 07:42:18,351 [Thread-2438] INFO  impl.RoleInfo (RoleInfo.java:updateAndGet(143)) - cbde3520-0cea-4357-bb04-1a0ae64b2bb1: start LeaderElection
2019-10-17 07:42:18,375 [cbde3520-0cea-4357-bb04-1a0ae64b2bb1@group-7EB39FB5DF22-LeaderElection339] INFO  impl.LeaderElection (LeaderElection.java:askForVotes(178)) - cbde3520-0cea-4357-bb04-1a0ae64b2bb1@group-7EB39FB5DF22-LeaderElection339: begin an election at term 367 for -1: [40d2d32e-dd25-45df-8070-f9dc56ccf0a7:192.168.34.62:41633, cbde3520-0cea-4357-bb04-1a0ae64b2bb1:192.168.34.62:41642, 443b071d-6096-48d6-bfe7-498b7c8032c0:192.168.34.62:46516], old=null
2019-10-17 07:42:18,377 [grpc-default-executor-4] INFO  impl.RaftServerImpl (RaftServerImpl.java:setRole(184)) - 443b071d-6096-48d6-bfe7-498b7c8032c0@group-7EB39FB5DF22: changes role from  FOLLOWER to FOLLOWER at term 367 for recognizeCandidate:cbde3520-0cea-4357-bb04-1a0ae64b2bb1
2019-10-17 07:42:18,377 [grpc-default-executor-4] INFO  impl.RoleInfo (RoleInfo.java:shutdownFollowerState(121)) - 443b071d-6096-48d6-bfe7-498b7c8032c0: shutdown FollowerState
2019-10-17 07:42:18,377 [grpc-default-executor-1] INFO  impl.RaftServerImpl (RaftServerImpl.java:setRole(184)) - 40d2d32e-dd25-45df-8070-f9dc56ccf0a7@group-7EB39FB5DF22: changes role from  FOLLOWER to FOLLOWER at term 367 for recognizeCandidate:cbde3520-0cea-4357-bb04-1a0ae64b2bb1
2019-10-17 07:42:18,378 [grpc-default-executor-1] INFO  impl.RoleInfo (RoleInfo.java:shutdownFollowerState(121)) - 40d2d32e-dd25-45df-8070-f9dc56ccf0a7: shutdown FollowerState
2019-10-17 07:42:18,377 [Thread-2437] INFO  impl.FollowerState (FollowerState.java:run(117)) - 443b071d-6096-48d6-bfe7-498b7c8032c0@group-7EB39FB5DF22-FollowerState was interrupted: java.lang.InterruptedException: sleep interrupted
2019-10-17 07:42:18,377 [grpc-default-executor-4] INFO  impl.RoleInfo (RoleInfo.java:updateAndGet(143)) - 443b071d-6096-48d6-bfe7-498b7c8032c0: start FollowerState
2019-10-17 07:42:18,378 [Thread-2436] INFO  impl.FollowerState (FollowerState.java:run(117)) - 40d2d32e-dd25-45df-8070-f9dc56ccf0a7@group-7EB39FB5DF22-FollowerState was interrupted: java.lang.InterruptedException: sleep interrupted
2019-10-17 07:42:18,378 [grpc-default-executor-1] INFO  impl.RoleInfo (RoleInfo.java:updateAndGet(143)) - 40d2d32e-dd25-45df-8070-f9dc56ccf0a7: start FollowerState
2019-10-17 07:42:18,393 [cbde3520-0cea-4357-bb04-1a0ae64b2bb1@group-7EB39FB5DF22-LeaderElection339] INFO  impl.LeaderElection (LeaderElection.java:logAndReturn(56)) - cbde3520-0cea-4357-bb04-1a0ae64b2bb1@group-7EB39FB5DF22-LeaderElection339: Election REJECTED; received 2 response(s) [cbde3520-0cea-4357-bb04-1a0ae64b2bb1<-40d2d32e-dd25-45df-8070-f9dc56ccf0a7#0:FAIL-t367, cbde3520-0cea-4357-bb04-1a0ae64b2bb1<-443b071d-6096-48d6-bfe7-498b7c8032c0#0:FAIL-t367] and 0 exception(s); cbde3520-0cea-4357-bb04-1a0ae64b2bb1@group-7EB39FB5DF22:t367, leader=null, voted=cbde3520-0cea-4357-bb04-1a0ae64b2bb1, raftlog=cbde3520-0cea-4357-bb04-1a0ae64b2bb1@group-7EB39FB5DF22-SegmentedRaftLog:OPENED:c-1,f-1,i0, conf=-1: [40d2d32e-dd25-45df-8070-f9dc56ccf0a7:192.168.34.62:41633, cbde3520-0cea-4357-bb04-1a0ae64b2bb1:192.168.34.62:41642, 443b071d-6096-48d6-bfe7-498b7c8032c0:192.168.34.62:46516], old=null
2019-10-17 07:42:18,393 [cbde3520-0cea-4357-bb04-1a0ae64b2bb1@group-7EB39FB5DF22-LeaderElection339] INFO  impl.RaftServerImpl (RaftServerImpl.java:setRole(184)) - cbde3520-0cea-4357-bb04-1a0ae64b2bb1@group-7EB39FB5DF22: changes role from CANDIDATE to FOLLOWER at term 367 for DISCOVERED_A_NEW_TERM
2019-10-17 07:42:18,393 [cbde3520-0cea-4357-bb04-1a0ae64b2bb1@group-7EB39FB5DF22-LeaderElection339] INFO  impl.RoleInfo (RoleInfo.java:shutdownLeaderElection(134)) - cbde3520-0cea-4357-bb04-1a0ae64b2bb1: shutdown LeaderElection
2019-10-17 07:42:18,393 [cbde3520-0cea-4357-bb04-1a0ae64b2bb1@group-7EB39FB5DF22-LeaderElection339] INFO  impl.RoleInfo (RoleInfo.java:updateAndGet(143)) - cbde3520-0cea-4357-bb04-1a0ae64b2bb1: start FollowerState
2019-10-17 07:42:18,469 [Thread-2444] INFO  impl.FollowerState (FollowerState.java:run(108)) - cbde3520-0cea-4357-bb04-1a0ae64b2bb1@group-7EB39FB5DF22-FollowerState: change to CANDIDATE, lastRpcTime:76ms, electionTimeout:76ms
2019-10-17 07:42:18,470 [Thread-2444] INFO  impl.RoleInfo (RoleInfo.java:shutdownFollowerState(121)) - cbde3520-0cea-4357-bb04-1a0ae64b2bb1: shutdown FollowerState
2019-10-17 07:42:18,470 [Thread-2444] INFO  impl.RaftServerImpl (RaftServerImpl.java:setRole(184)) - cbde3520-0cea-4357-bb04-1a0ae64b2bb1@group-7EB39FB5DF22: changes role from  FOLLOWER to CANDIDATE at term 367 for changeToCandidate
2019-10-17 07:42:18,470 [Thread-2444] INFO  impl.RoleInfo (RoleInfo.java:updateAndGet(143)) - cbde3520-0cea-4357-bb04-1a0ae64b2bb1: start LeaderElection
2019-10-17 07:42:18,494 [cbde3520-0cea-4357-bb04-1a0ae64b2bb1@group-7EB39FB5DF22-LeaderElection340] INFO  impl.LeaderElection (LeaderElection.java:askForVotes(178)) - cbde3520-0cea-4357-bb04-1a0ae64b2bb1@group-7EB39FB5DF22-LeaderElection340: begin an election at term 368 for -1: [40d2d32e-dd25-45df-8070-f9dc56ccf0a7:192.168.34.62:41633, cbde3520-0cea-4357-bb04-1a0ae64b2bb1:192.168.34.62:41642, 443b071d-6096-48d6-bfe7-498b7c8032c0:192.168.34.62:46516], old=null
2019-10-17 07:42:18,497 [grpc-default-executor-4] INFO  impl.RaftServerImpl (RaftServerImpl.java:setRole(184)) - 40d2d32e-dd25-45df-8070-f9dc56ccf0a7@group-7EB39FB5DF22: changes role from  FOLLOWER to FOLLOWER at term 368 for recognizeCandidate:cbde3520-0cea-4357-bb04-1a0ae64b2bb1
2019-10-17 07:42:18,497 [grpc-default-executor-4] INFO  impl.RoleInfo (RoleInfo.java:shutdownFollowerState(121)) - 40d2d32e-dd25-45df-8070-f9dc56ccf0a7: shutdown FollowerState
2019-10-17 07:42:18,497 [grpc-default-executor-1] INFO  impl.RaftServerImpl (RaftServerImpl.java:setRole(184)) - 443b071d-6096-48d6-bfe7-498b7c8032c0@group-7EB39FB5DF22: changes role from  FOLLOWER to FOLLOWER at term 368 for recognizeCandidate:cbde3520-0cea-4357-bb04-1a0ae64b2bb1
2019-10-17 07:42:18,498 [Thread-2443] INFO  impl.FollowerState (FollowerState.java:run(117)) - 40d2d32e-dd25-45df-8070-f9dc56ccf0a7@group-7EB39FB5DF22-FollowerState was interrupted: java.lang.InterruptedException: sleep interrupted
2019-10-17 07:42:18,498 [grpc-default-executor-4] INFO  impl.RoleInfo (RoleInfo.java:updateAndGet(143)) - 40d2d32e-dd25-45df-8070-f9dc56ccf0a7: start FollowerState
2019-10-17 07:42:18,498 [grpc-default-executor-1] INFO  impl.RoleInfo (RoleInfo.java:shutdownFollowerState(121)) - 443b071d-6096-48d6-bfe7-498b7c8032c0: shutdown FollowerState
2019-10-17 07:42:18,498 [grpc-default-executor-1] INFO  impl.RoleInfo (RoleInfo.java:updateAndGet(143)) - 443b071d-6096-48d6-bfe7-498b7c8032c0: start FollowerState
2019-10-17 07:42:18,498 [Thread-2442] INFO  impl.FollowerState (FollowerState.java:run(117)) - 443b071d-6096-48d6-bfe7-498b7c8032c0@group-7EB39FB5DF22-FollowerState was interrupted: java.lang.InterruptedException: sleep interrupted
2019-10-17 07:42:18,522 [cbde3520-0cea-4357-bb04-1a0ae64b2bb1@group-7EB39FB5DF22-LeaderElection340] INFO  impl.LeaderElection (LeaderElection.java:logAndReturn(56)) - cbde3520-0cea-4357-bb04-1a0ae64b2bb1@group-7EB39FB5DF22-LeaderElection340: Election REJECTED; received 2 response(s) [cbde3520-0cea-4357-bb04-1a0ae64b2bb1<-40d2d32e-dd25-45df-8070-f9dc56ccf0a7#0:FAIL-t368, cbde3520-0cea-4357-bb04-1a0ae64b2bb1<-443b071d-6096-48d6-bfe7-498b7c8032c0#0:FAIL-t368] and 0 exception(s); cbde3520-0cea-4357-bb04-1a0ae64b2bb1@group-7EB39FB5DF22:t368, leader=null, voted=cbde3520-0cea-4357-bb04-1a0ae64b2bb1, raftlog=cbde3520-0cea-4357-bb04-1a0ae64b2bb1@group-7EB39FB5DF22-SegmentedRaftLog:OPENED:c-1,f-1,i0, conf=-1: [40d2d32e-dd25-45df-8070-f9dc56ccf0a7:192.168.34.62:41633, cbde3520-0cea-4357-bb04-1a0ae64b2bb1:192.168.34.62:41642, 443b071d-6096-48d6-bfe7-498b7c8032c0:192.168.34.62:46516], old=null
2019-10-17 07:42:18,523 [cbde3520-0cea-4357-bb04-1a0ae64b2bb1@group-7EB39FB5DF22-LeaderElection340] INFO  impl.RaftServerImpl (RaftServerImpl.java:setRole(184)) - cbde3520-0cea-4357-bb04-1a0ae64b2bb1@group-7EB39FB5DF22: changes role from CANDIDATE to FOLLOWER at term 368 for DISCOVERED_A_NEW_TERM
2019-10-17 07:42:18,523 [cbde3520-0cea-4357-bb04-1a0ae64b2bb1@group-7EB39FB5DF22-LeaderElection340] INFO  impl.RoleInfo (RoleInfo.java:shutdownLeaderElection(134)) - cbde3520-0cea-4357-bb04-1a0ae64b2bb1: shutdown LeaderElection
2019-10-17 07:42:18,523 [cbde3520-0cea-4357-bb04-1a0ae64b2bb1@group-7EB39FB5DF22-LeaderElection340] INFO  impl.RoleInfo (RoleInfo.java:updateAndGet(143)) - cbde3520-0cea-4357-bb04-1a0ae64b2bb1: start FollowerState
2019-10-17 07:42:18,679 [Thread-2450] INFO  impl.FollowerState (FollowerState.java:run(108)) - cbde3520-0cea-4357-bb04-1a0ae64b2bb1@group-7EB39FB5DF22-FollowerState: change to CANDIDATE, lastRpcTime:155ms, electionTimeout:155ms
2019-10-17 07:42:18,679 [Thread-2450] INFO  impl.RoleInfo (RoleInfo.java:shutdownFollowerState(121)) - cbde3520-0cea-4357-bb04-1a0ae64b2bb1: shutdown FollowerState
2019-10-17 07:42:18,679 [Thread-2450] INFO  impl.RaftServerImpl (RaftServerImpl.java:setRole(184)) - cbde3520-0cea-4357-bb04-1a0ae64b2bb1@group-7EB39FB5DF22: changes role from  FOLLOWER to CANDIDATE at term 368 for changeToCandidate
2019-10-17 07:42:18,679 [Thread-2450] INFO  impl.RoleInfo (RoleInfo.java:updateAndGet(143)) - cbde3520-0cea-4357-bb04-1a0ae64b2bb1: start LeaderElection
2019-10-17 07:42:18,949 [cbde3520-0cea-4357-bb04-1a0ae64b2bb1@group-7EB39FB5DF22-LeaderElection341] INFO  impl.LeaderElection (LeaderElection.java:askForVotes(178)) - cbde3520-0cea-4357-bb04-1a0ae64b2bb1@group-7EB39FB5DF22-LeaderElection341: begin an election at term 369 for -1: [40d2d32e-dd25-45df-8070-f9dc56ccf0a7:192.168.34.62:41633, cbde3520-0cea-4357-bb04-1a0ae64b2bb1:192.168.34.62:41642, 443b071d-6096-48d6-bfe7-498b7c8032c0:192.168.34.62:46516], old=null
2019-10-17 07:42:18,952 [grpc-default-executor-4] INFO  impl.RaftServerImpl (RaftServerImpl.java:setRole(184)) - 40d2d32e-dd25-45df-8070-f9dc56ccf0a7@group-7EB39FB5DF22: changes role from  FOLLOWER to FOLLOWER at term 369 for recognizeCandidate:cbde3520-0cea-4357-bb04-1a0ae64b2bb1
2019-10-17 07:42:18,952 [grpc-default-executor-1] INFO  impl.RaftServerImpl (RaftServerImpl.java:setRole(184)) - 443b071d-6096-48d6-bfe7-498b7c8032c0@group-7EB39FB5DF22: changes role from  FOLLOWER to FOLLOWER at term 369 for recognizeCandidate:cbde3520-0cea-4357-bb04-1a0ae64b2bb1
2019-10-17 07:42:18,952 [grpc-default-executor-4] INFO  impl.RoleInfo (RoleInfo.java:shutdownFollowerState(121)) - 40d2d32e-dd25-45df-8070-f9dc56ccf0a7: shutdown FollowerState
2019-10-17 07:42:18,952 [grpc-default-executor-1] INFO  impl.RoleInfo (RoleInfo.java:shutdownFollowerState(121)) - 443b071d-6096-48d6-bfe7-498b7c8032c0: shutdown FollowerState
2019-10-17 07:42:18,953 [Thread-2448] INFO  impl.FollowerState (FollowerState.java:run(117)) - 40d2d32e-dd25-45df-8070-f9dc56ccf0a7@group-7EB39FB5DF22-FollowerState was interrupted: java.lang.InterruptedException: sleep interrupted
2019-10-17 07:42:18,952 [grpc-default-executor-4] INFO  impl.RoleInfo (RoleInfo.java:updateAndGet(143)) - 40d2d32e-dd25-45df-8070-f9dc56ccf0a7: start FollowerState
2019-10-17 07:42:18,953 [Thread-2449] INFO  impl.FollowerState (FollowerState.java:run(117)) - 443b071d-6096-48d6-bfe7-498b7c8032c0@group-7EB39FB5DF22-FollowerState was interrupted: java.lang.InterruptedException: sleep interrupted
2019-10-17 07:42:18,953 [grpc-default-executor-1] INFO  impl.RoleInfo (RoleInfo.java:updateAndGet(143)) - 443b071d-6096-48d6-bfe7-498b7c8032c0: start FollowerState
2019-10-17 07:42:18,977 [cbde3520-0cea-4357-bb04-1a0ae64b2bb1@group-7EB39FB5DF22-LeaderElection341] INFO  impl.LeaderElection (LeaderElection.java:logAndReturn(56)) - cbde3520-0cea-4357-bb04-1a0ae64b2bb1@group-7EB39FB5DF22-LeaderElection341: Election REJECTED; received 2 response(s) [cbde3520-0cea-4357-bb04-1a0ae64b2bb1<-40d2d32e-dd25-45df-8070-f9dc56ccf0a7#0:FAIL-t369, cbde3520-0cea-4357-bb04-1a0ae64b2bb1<-443b071d-6096-48d6-bfe7-498b7c8032c0#0:FAIL-t369] and 0 exception(s); cbde3520-0cea-4357-bb04-1a0ae64b2bb1@group-7EB39FB5DF22:t369, leader=null, voted=cbde3520-0cea-4357-bb04-1a0ae64b2bb1, raftlog=cbde3520-0cea-4357-bb04-1a0ae64b2bb1@group-7EB39FB5DF22-SegmentedRaftLog:OPENED:c-1,f-1,i0, conf=-1: [40d2d32e-dd25-45df-8070-f9dc56ccf0a7:192.168.34.62:41633, cbde3520-0cea-4357-bb04-1a0ae64b2bb1:192.168.34.62:41642, 443b071d-6096-48d6-bfe7-498b7c8032c0:192.168.34.62:46516], old=null
2019-10-17 07:42:18,977 [cbde3520-0cea-4357-bb04-1a0ae64b2bb1@group-7EB39FB5DF22-LeaderElection341] INFO  impl.RaftServerImpl (RaftServerImpl.java:setRole(184)) - cbde3520-0cea-4357-bb04-1a0ae64b2bb1@group-7EB39FB5DF22: changes role from CANDIDATE to FOLLOWER at term 369 for DISCOVERED_A_NEW_TERM
2019-10-17 07:42:18,977 [cbde3520-0cea-4357-bb04-1a0ae64b2bb1@group-7EB39FB5DF22-LeaderElection341] INFO  impl.RoleInfo (RoleInfo.java:shutdownLeaderElection(134)) - cbde3520-0cea-4357-bb04-1a0ae64b2bb1: shutdown LeaderElection
2019-10-17 07:42:18,977 [cbde3520-0cea-4357-bb04-1a0ae64b2bb1@group-7EB39FB5DF22-LeaderElection341] INFO  impl.RoleInfo (RoleInfo.java:updateAndGet(143)) - cbde3520-0cea-4357-bb04-1a0ae64b2bb1: start FollowerState
2019-10-17 07:42:19,094 [Thread-2456] INFO  impl.FollowerState (FollowerState.java:run(108)) - cbde3520-0cea-4357-bb04-1a0ae64b2bb1@group-7EB39FB5DF22-FollowerState: change to CANDIDATE, lastRpcTime:116ms, electionTimeout:116ms
2019-10-17 07:42:19,094 [Thread-2456] INFO  impl.RoleInfo (RoleInfo.java:shutdownFollowerState(121)) - cbde3520-0cea-4357-bb04-1a0ae64b2bb1: shutdown FollowerState
2019-10-17 07:42:19,094 [Thread-2456] INFO  impl.RaftServerImpl (RaftServerImpl.java:setRole(184)) - cbde3520-0cea-4357-bb04-1a0ae64b2bb1@group-7EB39FB5DF22: changes role from  FOLLOWER to CANDIDATE at term 369 for changeToCandidate
2019-10-17 07:42:19,094 [Thread-2456] INFO  impl.RoleInfo (RoleInfo.java:updateAndGet(143)) - cbde3520-0cea-4357-bb04-1a0ae64b2bb1: start LeaderElection
2019-10-17 07:42:19,118 [cbde3520-0cea-4357-bb04-1a0ae64b2bb1@group-7EB39FB5DF22-LeaderElection342] INFO  impl.LeaderElection (LeaderElection.java:askForVotes(178)) - cbde3520-0cea-4357-bb04-1a0ae64b2bb1@group-7EB39FB5DF22-LeaderElection342: begin an election at term 370 for -1: [40d2d32e-dd25-45df-8070-f9dc56ccf0a7:192.168.34.62:41633, cbde3520-0cea-4357-bb04-1a0ae64b2bb1:192.168.34.62:41642, 443b071d-6096-48d6-bfe7-498b7c8032c0:192.168.34.62:46516], old=null
2019-10-17 07:42:19,120 [grpc-default-executor-4] INFO  impl.RaftServerImpl (RaftServerImpl.java:setRole(184)) - 40d2d32e-dd25-45df-8070-f9dc56ccf0a7@group-7EB39FB5DF22: changes role from  FOLLOWER to FOLLOWER at term 370 for recognizeCandidate:cbde3520-0cea-4357-bb04-1a0ae64b2bb1
2019-10-17 07:42:19,120 [grpc-default-executor-4] INFO  impl.RoleInfo (RoleInfo.java:shutdownFollowerState(121)) - 40d2d32e-dd25-45df-8070-f9dc56ccf0a7: shutdown FollowerState
2019-10-17 07:42:19,120 [grpc-default-executor-4] INFO  impl.RoleInfo (RoleInfo.java:updateAndGet(143)) - 40d2d32e-dd25-45df-8070-f9dc56ccf0a7: start FollowerState
2019-10-17 07:42:19,120 [Thread-2454] INFO  impl.FollowerState (FollowerState.java:run(117)) - 40d2d32e-dd25-45df-8070-f9dc56ccf0a7@group-7EB39FB5DF22-FollowerState was interrupted: java.lang.InterruptedException: sleep interrupted
2019-10-17 07:42:19,120 [grpc-default-executor-1] INFO  impl.RaftServerImpl (RaftServerImpl.java:setRole(184)) - 443b071d-6096-48d6-bfe7-498b7c8032c0@group-7EB39FB5DF22: changes role from  FOLLOWER to FOLLOWER at term 370 for recognizeCandidate:cbde3520-0cea-4357-bb04-1a0ae64b2bb1
2019-10-17 07:42:19,120 [grpc-default-executor-1] INFO  impl.RoleInfo (RoleInfo.java:shutdownFollowerState(121)) - 443b071d-6096-48d6-bfe7-498b7c8032c0: shutdown FollowerState
2019-10-17 07:42:19,120 [grpc-default-executor-1] INFO  impl.RoleInfo (RoleInfo.java:updateAndGet(143)) - 443b071d-6096-48d6-bfe7-498b7c8032c0: start FollowerState
2019-10-17 07:42:19,121 [Thread-2455] INFO  impl.FollowerState (FollowerState.java:run(117)) - 443b071d-6096-48d6-bfe7-498b7c8032c0@group-7EB39FB5DF22-FollowerState was interrupted: java.lang.InterruptedException: sleep interrupted
2019-10-17 07:42:19,145 [cbde3520-0cea-4357-bb04-1a0ae64b2bb1@group-7EB39FB5DF22-LeaderElection342] INFO  impl.LeaderElection (LeaderElection.java:logAndReturn(56)) - cbde3520-0cea-4357-bb04-1a0ae64b2bb1@group-7EB39FB5DF22-LeaderElection342: Election REJECTED; received 2 response(s) [cbde3520-0cea-4357-bb04-1a0ae64b2bb1<-40d2d32e-dd25-45df-8070-f9dc56ccf0a7#0:FAIL-t370, cbde3520-0cea-4357-bb04-1a0ae64b2bb1<-443b071d-6096-48d6-bfe7-498b7c8032c0#0:FAIL-t370] and 0 exception(s); cbde3520-0cea-4357-bb04-1a0ae64b2bb1@group-7EB39FB5DF22:t370, leader=null, voted=cbde3520-0cea-4357-bb04-1a0ae64b2bb1, raftlog=cbde3520-0cea-4357-bb04-1a0ae64b2bb1@group-7EB39FB5DF22-SegmentedRaftLog:OPENED:c-1,f-1,i0, conf=-1: [40d2d32e-dd25-45df-8070-f9dc56ccf0a7:192.168.34.62:41633, cbde3520-0cea-4357-bb04-1a0ae64b2bb1:192.168.34.62:41642, 443b071d-6096-48d6-bfe7-498b7c8032c0:192.168.34.62:46516], old=null
2019-10-17 07:42:19,145 [cbde3520-0cea-4357-bb04-1a0ae64b2bb1@group-7EB39FB5DF22-LeaderElection342] INFO  impl.RaftServerImpl (RaftServerImpl.java:setRole(184)) - cbde3520-0cea-4357-bb04-1a0ae64b2bb1@group-7EB39FB5DF22: changes role from CANDIDATE to FOLLOWER at term 370 for DISCOVERED_A_NEW_TERM
2019-10-17 07:42:19,145 [cbde3520-0cea-4357-bb04-1a0ae64b2bb1@group-7EB39FB5DF22-LeaderElection342] INFO  impl.RoleInfo (RoleInfo.java:shutdownLeaderElection(134)) - cbde3520-0cea-4357-bb04-1a0ae64b2bb1: shutdown LeaderElection
2019-10-17 07:42:19,145 [cbde3520-0cea-4357-bb04-1a0ae64b2bb1@group-7EB39FB5DF22-LeaderElection342] INFO  impl.RoleInfo (RoleInfo.java:updateAndGet(143)) - cbde3520-0cea-4357-bb04-1a0ae64b2bb1: start FollowerState
2019-10-17 07:42:19,206 [Thread-2462] INFO  impl.FollowerState (FollowerState.java:run(108)) - cbde3520-0cea-4357-bb04-1a0ae64b2bb1@group-7EB39FB5DF22-FollowerState: change to CANDIDATE, lastRpcTime:60ms, electionTimeout:60ms
2019-10-17 07:42:19,206 [Thread-2462] INFO  impl.RoleInfo (RoleInfo.java:shutdownFollowerState(121)) - cbde3520-0cea-4357-bb04-1a0ae64b2bb1: shutdown FollowerState
2019-10-17 07:42:19,206 [Thread-2462] INFO  impl.RaftServerImpl (RaftServerImpl.java:setRole(184)) - cbde3520-0cea-4357-bb04-1a0ae64b2bb1@group-7EB39FB5DF22: changes role from  FOLLOWER to CANDIDATE at term 370 for changeToCandidate
2019-10-17 07:42:19,206 [Thread-2462] INFO  impl.RoleInfo (RoleInfo.java:updateAndGet(143)) - cbde3520-0cea-4357-bb04-1a0ae64b2bb1: start LeaderElection
2019-10-17 07:42:19,226 [main] INFO  ozone.MiniOzoneClusterImpl (MiniOzoneClusterImpl.java:lambda$waitForClusterToBeReady$2(164)) - Waiting for 1 number of pipelines out of 5, to report a leader.
2019-10-17 07:42:19,249 [cbde3520-0cea-4357-bb04-1a0ae64b2bb1@group-7EB39FB5DF22-LeaderElection343] INFO  impl.LeaderElection (LeaderElection.java:askForVotes(178)) - cbde3520-0cea-4357-bb04-1a0ae64b2bb1@group-7EB39FB5DF22-LeaderElection343: begin an election at term 371 for -1: [40d2d32e-dd25-45df-8070-f9dc56ccf0a7:192.168.34.62:41633, cbde3520-0cea-4357-bb04-1a0ae64b2bb1:192.168.34.62:41642, 443b071d-6096-48d6-bfe7-498b7c8032c0:192.168.34.62:46516], old=null
2019-10-17 07:42:19,251 [grpc-default-executor-1] INFO  impl.RaftServerImpl (RaftServerImpl.java:setRole(184)) - 40d2d32e-dd25-45df-8070-f9dc56ccf0a7@group-7EB39FB5DF22: changes role from  FOLLOWER to FOLLOWER at term 371 for recognizeCandidate:cbde3520-0cea-4357-bb04-1a0ae64b2bb1
2019-10-17 07:42:19,251 [grpc-default-executor-4] INFO  impl.RaftServerImpl (RaftServerImpl.java:setRole(184)) - 443b071d-6096-48d6-bfe7-498b7c8032c0@group-7EB39FB5DF22: changes role from  FOLLOWER to FOLLOWER at term 371 for recognizeCandidate:cbde3520-0cea-4357-bb04-1a0ae64b2bb1
2019-10-17 07:42:19,251 [grpc-default-executor-4] INFO  impl.RoleInfo (RoleInfo.java:shutdownFollowerState(121)) - 443b071d-6096-48d6-bfe7-498b7c8032c0: shutdown FollowerState
2019-10-17 07:42:19,251 [grpc-default-executor-1] INFO  impl.RoleInfo (RoleInfo.java:shutdownFollowerState(121)) - 40d2d32e-dd25-45df-8070-f9dc56ccf0a7: shutdown FollowerState
2019-10-17 07:42:19,251 [Thread-2461] INFO  impl.FollowerState (FollowerState.java:run(117)) - 443b071d-6096-48d6-bfe7-498b7c8032c0@group-7EB39FB5DF22-FollowerState was interrupted: java.lang.InterruptedException: sleep interrupted
2019-10-17 07:42:19,251 [grpc-default-executor-4] INFO  impl.RoleInfo (RoleInfo.java:updateAndGet(143)) - 443b071d-6096-48d6-bfe7-498b7c8032c0: start FollowerState
2019-10-17 07:42:19,252 [Thread-2460] INFO  impl.FollowerState (FollowerState.java:run(117)) - 40d2d32e-dd25-45df-8070-f9dc56ccf0a7@group-7EB39FB5DF22-FollowerState was interrupted: java.lang.InterruptedException: sleep interrupted
2019-10-17 07:42:19,251 [grpc-default-executor-1] INFO  impl.RoleInfo (RoleInfo.java:updateAndGet(143)) - 40d2d32e-dd25-45df-8070-f9dc56ccf0a7: start FollowerState
2019-10-17 07:42:19,275 [cbde3520-0cea-4357-bb04-1a0ae64b2bb1@group-7EB39FB5DF22-LeaderElection343] INFO  impl.LeaderElection (LeaderElection.java:logAndReturn(56)) - cbde3520-0cea-4357-bb04-1a0ae64b2bb1@group-7EB39FB5DF22-LeaderElection343: Election REJECTED; received 2 response(s) [cbde3520-0cea-4357-bb04-1a0ae64b2bb1<-40d2d32e-dd25-45df-8070-f9dc56ccf0a7#0:FAIL-t371, cbde3520-0cea-4357-bb04-1a0ae64b2bb1<-443b071d-6096-48d6-bfe7-498b7c8032c0#0:FAIL-t371] and 0 exception(s); cbde3520-0cea-4357-bb04-1a0ae64b2bb1@group-7EB39FB5DF22:t371, leader=null, voted=cbde3520-0cea-4357-bb04-1a0ae64b2bb1, raftlog=cbde3520-0cea-4357-bb04-1a0ae64b2bb1@group-7EB39FB5DF22-SegmentedRaftLog:OPENED:c-1,f-1,i0, conf=-1: [40d2d32e-dd25-45df-8070-f9dc56ccf0a7:192.168.34.62:41633, cbde3520-0cea-4357-bb04-1a0ae64b2bb1:192.168.34.62:41642, 443b071d-6096-48d6-bfe7-498b7c8032c0:192.168.34.62:46516], old=null
2019-10-17 07:42:19,275 [cbde3520-0cea-4357-bb04-1a0ae64b2bb1@group-7EB39FB5DF22-LeaderElection343] INFO  impl.RaftServerImpl (RaftServerImpl.java:setRole(184)) - cbde3520-0cea-4357-bb04-1a0ae64b2bb1@group-7EB39FB5DF22: changes role from CANDIDATE to FOLLOWER at term 371 for DISCOVERED_A_NEW_TERM
2019-10-17 07:42:19,275 [cbde3520-0cea-4357-bb04-1a0ae64b2bb1@group-7EB39FB5DF22-LeaderElection343] INFO  impl.RoleInfo (RoleInfo.java:shutdownLeaderElection(134)) - cbde3520-0cea-4357-bb04-1a0ae64b2bb1: shutdown LeaderElection
2019-10-17 07:42:19,276 [cbde3520-0cea-4357-bb04-1a0ae64b2bb1@group-7EB39FB5DF22-LeaderElection343] INFO  impl.RoleInfo (RoleInfo.java:updateAndGet(143)) - cbde3520-0cea-4357-bb04-1a0ae64b2bb1: start FollowerState
2019-10-17 07:42:19,278 [Thread-2468] INFO  impl.FollowerState (FollowerState.java:run(108)) - cbde3520-0cea-4357-bb04-1a0ae64b2bb1@group-7EB39FB5DF22-FollowerState: change to CANDIDATE, lastRpcTime:2ms, electionTimeout:2ms
2019-10-17 07:42:19,278 [Thread-2468] INFO  impl.RoleInfo (RoleInfo.java:shutdownFollowerState(121)) - cbde3520-0cea-4357-bb04-1a0ae64b2bb1: shutdown FollowerState
2019-10-17 07:42:19,278 [Thread-2468] INFO  impl.RaftServerImpl (RaftServerImpl.java:setRole(184)) - cbde3520-0cea-4357-bb04-1a0ae64b2bb1@group-7EB39FB5DF22: changes role from  FOLLOWER to CANDIDATE at term 371 for changeToCandidate
2019-10-17 07:42:19,278 [Thread-2468] INFO  impl.RoleInfo (RoleInfo.java:updateAndGet(143)) - cbde3520-0cea-4357-bb04-1a0ae64b2bb1: start LeaderElection
2019-10-17 07:42:19,397 [cbde3520-0cea-4357-bb04-1a0ae64b2bb1@group-7EB39FB5DF22-LeaderElection344] INFO  impl.LeaderElection (LeaderElection.java:askForVotes(178)) - cbde3520-0cea-4357-bb04-1a0ae64b2bb1@group-7EB39FB5DF22-LeaderElection344: begin an election at term 372 for -1: [40d2d32e-dd25-45df-8070-f9dc56ccf0a7:192.168.34.62:41633, cbde3520-0cea-4357-bb04-1a0ae64b2bb1:192.168.34.62:41642, 443b071d-6096-48d6-bfe7-498b7c8032c0:192.168.34.62:46516], old=null
2019-10-17 07:42:19,399 [grpc-default-executor-1] INFO  impl.RaftServerImpl (RaftServerImpl.java:setRole(184)) - 40d2d32e-dd25-45df-8070-f9dc56ccf0a7@group-7EB39FB5DF22: changes role from  FOLLOWER to FOLLOWER at term 372 for recognizeCandidate:cbde3520-0cea-4357-bb04-1a0ae64b2bb1
2019-10-17 07:42:19,399 [grpc-default-executor-1] INFO  impl.RoleInfo (RoleInfo.java:shutdownFollowerState(121)) - 40d2d32e-dd25-45df-8070-f9dc56ccf0a7: shutdown FollowerState
2019-10-17 07:42:19,399 [grpc-default-executor-1] INFO  impl.RoleInfo (RoleInfo.java:updateAndGet(143)) - 40d2d32e-dd25-45df-8070-f9dc56ccf0a7: start FollowerState
2019-10-17 07:42:19,399 [Thread-2467] INFO  impl.FollowerState (FollowerState.java:run(117)) - 40d2d32e-dd25-45df-8070-f9dc56ccf0a7@group-7EB39FB5DF22-FollowerState was interrupted: java.lang.InterruptedException: sleep interrupted
2019-10-17 07:42:19,399 [grpc-default-executor-4] INFO  impl.RaftServerImpl (RaftServerImpl.java:setRole(184)) - 443b071d-6096-48d6-bfe7-498b7c8032c0@group-7EB39FB5DF22: changes role from  FOLLOWER to FOLLOWER at term 372 for recognizeCandidate:cbde3520-0cea-4357-bb04-1a0ae64b2bb1
2019-10-17 07:42:19,400 [grpc-default-executor-4] INFO  impl.RoleInfo (RoleInfo.java:shutdownFollowerState(121)) - 443b071d-6096-48d6-bfe7-498b7c8032c0: shutdown FollowerState
2019-10-17 07:42:19,400 [grpc-default-executor-4] INFO  impl.RoleInfo (RoleInfo.java:updateAndGet(143)) - 443b071d-6096-48d6-bfe7-498b7c8032c0: start FollowerState
2019-10-17 07:42:19,400 [Thread-2466] INFO  impl.FollowerState (FollowerState.java:run(117)) - 443b071d-6096-48d6-bfe7-498b7c8032c0@group-7EB39FB5DF22-FollowerState was interrupted: java.lang.InterruptedException: sleep interrupted
2019-10-17 07:42:19,413 [cbde3520-0cea-4357-bb04-1a0ae64b2bb1@group-7EB39FB5DF22-LeaderElection344] INFO  impl.LeaderElection (LeaderElection.java:logAndReturn(56)) - cbde3520-0cea-4357-bb04-1a0ae64b2bb1@group-7EB39FB5DF22-LeaderElection344: Election REJECTED; received 2 response(s) [cbde3520-0cea-4357-bb04-1a0ae64b2bb1<-40d2d32e-dd25-45df-8070-f9dc56ccf0a7#0:FAIL-t372, cbde3520-0cea-4357-bb04-1a0ae64b2bb1<-443b071d-6096-48d6-bfe7-498b7c8032c0#0:FAIL-t372] and 0 exception(s); cbde3520-0cea-4357-bb04-1a0ae64b2bb1@group-7EB39FB5DF22:t372, leader=null, voted=cbde3520-0cea-4357-bb04-1a0ae64b2bb1, raftlog=cbde3520-0cea-4357-bb04-1a0ae64b2bb1@group-7EB39FB5DF22-SegmentedRaftLog:OPENED:c-1,f-1,i0, conf=-1: [40d2d32e-dd25-45df-8070-f9dc56ccf0a7:192.168.34.62:41633, cbde3520-0cea-4357-bb04-1a0ae64b2bb1:192.168.34.62:41642, 443b071d-6096-48d6-bfe7-498b7c8032c0:192.168.34.62:46516], old=null
2019-10-17 07:42:19,413 [cbde3520-0cea-4357-bb04-1a0ae64b2bb1@group-7EB39FB5DF22-LeaderElection344] INFO  impl.RaftServerImpl (RaftServerImpl.java:setRole(184)) - cbde3520-0cea-4357-bb04-1a0ae64b2bb1@group-7EB39FB5DF22: changes role from CANDIDATE to FOLLOWER at term 372 for DISCOVERED_A_NEW_TERM
2019-10-17 07:42:19,413 [cbde3520-0cea-4357-bb04-1a0ae64b2bb1@group-7EB39FB5DF22-LeaderElection344] INFO  impl.RoleInfo (RoleInfo.java:shutdownLeaderElection(134)) - cbde3520-0cea-4357-bb04-1a0ae64b2bb1: shutdown LeaderElection
2019-10-17 07:42:19,413 [cbde3520-0cea-4357-bb04-1a0ae64b2bb1@group-7EB39FB5DF22-LeaderElection344] INFO  impl.RoleInfo (RoleInfo.java:updateAndGet(143)) - cbde3520-0cea-4357-bb04-1a0ae64b2bb1: start FollowerState
2019-10-17 07:42:19,450 [Thread-2474] INFO  impl.FollowerState (FollowerState.java:run(108)) - cbde3520-0cea-4357-bb04-1a0ae64b2bb1@group-7EB39FB5DF22-FollowerState: change to CANDIDATE, lastRpcTime:36ms, electionTimeout:36ms
2019-10-17 07:42:19,450 [Thread-2474] INFO  impl.RoleInfo (RoleInfo.java:shutdownFollowerState(121)) - cbde3520-0cea-4357-bb04-1a0ae64b2bb1: shutdown FollowerState
2019-10-17 07:42:19,450 [Thread-2474] INFO  impl.RaftServerImpl (RaftServerImpl.java:setRole(184)) - cbde3520-0cea-4357-bb04-1a0ae64b2bb1@group-7EB39FB5DF22: changes role from  FOLLOWER to CANDIDATE at term 372 for changeToCandidate
2019-10-17 07:42:19,450 [Thread-2474] INFO  impl.RoleInfo (RoleInfo.java:updateAndGet(143)) - cbde3520-0cea-4357-bb04-1a0ae64b2bb1: start LeaderElection
2019-10-17 07:42:19,473 [cbde3520-0cea-4357-bb04-1a0ae64b2bb1@group-7EB39FB5DF22-LeaderElection345] INFO  impl.LeaderElection (LeaderElection.java:askForVotes(178)) - cbde3520-0cea-4357-bb04-1a0ae64b2bb1@group-7EB39FB5DF22-LeaderElection345: begin an election at term 373 for -1: [40d2d32e-dd25-45df-8070-f9dc56ccf0a7:192.168.34.62:41633, cbde3520-0cea-4357-bb04-1a0ae64b2bb1:192.168.34.62:41642, 443b071d-6096-48d6-bfe7-498b7c8032c0:192.168.34.62:46516], old=null
2019-10-17 07:42:19,475 [grpc-default-executor-1] INFO  impl.RaftServerImpl (RaftServerImpl.java:setRole(184)) - 40d2d32e-dd25-45df-8070-f9dc56ccf0a7@group-7EB39FB5DF22: changes role from  FOLLOWER to FOLLOWER at term 373 for recognizeCandidate:cbde3520-0cea-4357-bb04-1a0ae64b2bb1
2019-10-17 07:42:19,475 [grpc-default-executor-1] INFO  impl.RoleInfo (RoleInfo.java:shutdownFollowerState(121)) - 40d2d32e-dd25-45df-8070-f9dc56ccf0a7: shutdown FollowerState
2019-10-17 07:42:19,476 [grpc-default-executor-4] INFO  impl.RaftServerImpl (RaftServerImpl.java:setRole(184)) - 443b071d-6096-48d6-bfe7-498b7c8032c0@group-7EB39FB5DF22: changes role from  FOLLOWER to FOLLOWER at term 373 for recognizeCandidate:cbde3520-0cea-4357-bb04-1a0ae64b2bb1
2019-10-17 07:42:19,476 [Thread-2472] INFO  impl.FollowerState (FollowerState.java:run(117)) - 40d2d32e-dd25-45df-8070-f9dc56ccf0a7@group-7EB39FB5DF22-FollowerState was interrupted: java.lang.InterruptedException: sleep interrupted
2019-10-17 07:42:19,476 [grpc-default-executor-1] INFO  impl.RoleInfo (RoleInfo.java:updateAndGet(143)) - 40d2d32e-dd25-45df-8070-f9dc56ccf0a7: start FollowerState
2019-10-17 07:42:19,476 [grpc-default-executor-4] INFO  impl.RoleInfo (RoleInfo.java:shutdownFollowerState(121)) - 443b071d-6096-48d6-bfe7-498b7c8032c0: shutdown FollowerState
2019-10-17 07:42:19,476 [grpc-default-executor-4] INFO  impl.RoleInfo (RoleInfo.java:updateAndGet(143)) - 443b071d-6096-48d6-bfe7-498b7c8032c0: start FollowerState
2019-10-17 07:42:19,476 [Thread-2473] INFO  impl.FollowerState (FollowerState.java:run(117)) - 443b071d-6096-48d6-bfe7-498b7c8032c0@group-7EB39FB5DF22-FollowerState was interrupted: java.lang.InterruptedException: sleep interrupted
2019-10-17 07:42:19,490 [cbde3520-0cea-4357-bb04-1a0ae64b2bb1@group-7EB39FB5DF22-LeaderElection345] INFO  impl.LeaderElection (LeaderElection.java:logAndReturn(56)) - cbde3520-0cea-4357-bb04-1a0ae64b2bb1@group-7EB39FB5DF22-LeaderElection345: Election REJECTED; received 2 response(s) [cbde3520-0cea-4357-bb04-1a0ae64b2bb1<-40d2d32e-dd25-45df-8070-f9dc56ccf0a7#0:FAIL-t373, cbde3520-0cea-4357-bb04-1a0ae64b2bb1<-443b071d-6096-48d6-bfe7-498b7c8032c0#0:FAIL-t373] and 0 exception(s); cbde3520-0cea-4357-bb04-1a0ae64b2bb1@group-7EB39FB5DF22:t373, leader=null, voted=cbde3520-0cea-4357-bb04-1a0ae64b2bb1, raftlog=cbde3520-0cea-4357-bb04-1a0ae64b2bb1@group-7EB39FB5DF22-SegmentedRaftLog:OPENED:c-1,f-1,i0, conf=-1: [40d2d32e-dd25-45df-8070-f9dc56ccf0a7:192.168.34.62:41633, cbde3520-0cea-4357-bb04-1a0ae64b2bb1:192.168.34.62:41642, 443b071d-6096-48d6-bfe7-498b7c8032c0:192.168.34.62:46516], old=null
2019-10-17 07:42:19,490 [cbde3520-0cea-4357-bb04-1a0ae64b2bb1@group-7EB39FB5DF22-LeaderElection345] INFO  impl.RaftServerImpl (RaftServerImpl.java:setRole(184)) - cbde3520-0cea-4357-bb04-1a0ae64b2bb1@group-7EB39FB5DF22: changes role from CANDIDATE to FOLLOWER at term 373 for DISCOVERED_A_NEW_TERM
2019-10-17 07:42:19,490 [cbde3520-0cea-4357-bb04-1a0ae64b2bb1@group-7EB39FB5DF22-LeaderElection345] INFO  impl.RoleInfo (RoleInfo.java:shutdownLeaderElection(134)) - cbde3520-0cea-4357-bb04-1a0ae64b2bb1: shutdown LeaderElection
2019-10-17 07:42:19,490 [cbde3520-0cea-4357-bb04-1a0ae64b2bb1@group-7EB39FB5DF22-LeaderElection345] INFO  impl.RoleInfo (RoleInfo.java:updateAndGet(143)) - cbde3520-0cea-4357-bb04-1a0ae64b2bb1: start FollowerState
2019-10-17 07:42:19,661 [Thread-2480] INFO  impl.FollowerState (FollowerState.java:run(108)) - cbde3520-0cea-4357-bb04-1a0ae64b2bb1@group-7EB39FB5DF22-FollowerState: change to CANDIDATE, lastRpcTime:170ms, electionTimeout:170ms
2019-10-17 07:42:19,661 [Thread-2480] INFO  impl.RoleInfo (RoleInfo.java:shutdownFollowerState(121)) - cbde3520-0cea-4357-bb04-1a0ae64b2bb1: shutdown FollowerState
2019-10-17 07:42:19,661 [Thread-2480] INFO  impl.RaftServerImpl (RaftServerImpl.java:setRole(184)) - cbde3520-0cea-4357-bb04-1a0ae64b2bb1@group-7EB39FB5DF22: changes role from  FOLLOWER to CANDIDATE at term 373 for changeToCandidate
2019-10-17 07:42:19,661 [Thread-2480] INFO  impl.RoleInfo (RoleInfo.java:updateAndGet(143)) - cbde3520-0cea-4357-bb04-1a0ae64b2bb1: start LeaderElection
2019-10-17 07:42:19,685 [cbde3520-0cea-4357-bb04-1a0ae64b2bb1@group-7EB39FB5DF22-LeaderElection346] INFO  impl.LeaderElection (LeaderElection.java:askForVotes(178)) - cbde3520-0cea-4357-bb04-1a0ae64b2bb1@group-7EB39FB5DF22-LeaderElection346: begin an election at term 374 for -1: [40d2d32e-dd25-45df-8070-f9dc56ccf0a7:192.168.34.62:41633, cbde3520-0cea-4357-bb04-1a0ae64b2bb1:192.168.34.62:41642, 443b071d-6096-48d6-bfe7-498b7c8032c0:192.168.34.62:46516], old=null
2019-10-17 07:42:19,687 [grpc-default-executor-4] INFO  impl.RaftServerImpl (RaftServerImpl.java:setRole(184)) - 443b071d-6096-48d6-bfe7-498b7c8032c0@group-7EB39FB5DF22: changes role from  FOLLOWER to FOLLOWER at term 374 for recognizeCandidate:cbde3520-0cea-4357-bb04-1a0ae64b2bb1
2019-10-17 07:42:19,687 [grpc-default-executor-4] INFO  impl.RoleInfo (RoleInfo.java:shutdownFollowerState(121)) - 443b071d-6096-48d6-bfe7-498b7c8032c0: shutdown FollowerState
2019-10-17 07:42:19,687 [grpc-default-executor-4] INFO  impl.RoleInfo (RoleInfo.java:updateAndGet(143)) - 443b071d-6096-48d6-bfe7-498b7c8032c0: start FollowerState
2019-10-17 07:42:19,687 [grpc-default-executor-1] INFO  impl.RaftServerImpl (RaftServerImpl.java:setRole(184)) - 40d2d32e-dd25-45df-8070-f9dc56ccf0a7@group-7EB39FB5DF22: changes role from  FOLLOWER to FOLLOWER at term 374 for recognizeCandidate:cbde3520-0cea-4357-bb04-1a0ae64b2bb1
2019-10-17 07:42:19,688 [grpc-default-executor-1] INFO  impl.RoleInfo (RoleInfo.java:shutdownFollowerState(121)) - 40d2d32e-dd25-45df-8070-f9dc56ccf0a7: shutdown FollowerState
2019-10-17 07:42:19,687 [Thread-2479] INFO  impl.FollowerState (FollowerState.java:run(117)) - 443b071d-6096-48d6-bfe7-498b7c8032c0@group-7EB39FB5DF22-FollowerState was interrupted: java.lang.InterruptedException: sleep interrupted
2019-10-17 07:42:19,688 [Thread-2478] INFO  impl.FollowerState (FollowerState.java:run(117)) - 40d2d32e-dd25-45df-8070-f9dc56ccf0a7@group-7EB39FB5DF22-FollowerState was interrupted: java.lang.InterruptedException: sleep interrupted
2019-10-17 07:42:19,688 [grpc-default-executor-1] INFO  impl.RoleInfo (RoleInfo.java:updateAndGet(143)) - 40d2d32e-dd25-45df-8070-f9dc56ccf0a7: start FollowerState
2019-10-17 07:42:19,712 [cbde3520-0cea-4357-bb04-1a0ae64b2bb1@group-7EB39FB5DF22-LeaderElection346] INFO  impl.LeaderElection (LeaderElection.java:logAndReturn(56)) - cbde3520-0cea-4357-bb04-1a0ae64b2bb1@group-7EB39FB5DF22-LeaderElection346: Election REJECTED; received 2 response(s) [cbde3520-0cea-4357-bb04-1a0ae64b2bb1<-40d2d32e-dd25-45df-8070-f9dc56ccf0a7#0:FAIL-t374, cbde3520-0cea-4357-bb04-1a0ae64b2bb1<-443b071d-6096-48d6-bfe7-498b7c8032c0#0:FAIL-t374] and 0 exception(s); cbde3520-0cea-4357-bb04-1a0ae64b2bb1@group-7EB39FB5DF22:t374, leader=null, voted=cbde3520-0cea-4357-bb04-1a0ae64b2bb1, raftlog=cbde3520-0cea-4357-bb04-1a0ae64b2bb1@group-7EB39FB5DF22-SegmentedRaftLog:OPENED:c-1,f-1,i0, conf=-1: [40d2d32e-dd25-45df-8070-f9dc56ccf0a7:192.168.34.62:41633, cbde3520-0cea-4357-bb04-1a0ae64b2bb1:192.168.34.62:41642, 443b071d-6096-48d6-bfe7-498b7c8032c0:192.168.34.62:46516], old=null
2019-10-17 07:42:19,712 [cbde3520-0cea-4357-bb04-1a0ae64b2bb1@group-7EB39FB5DF22-LeaderElection346] INFO  impl.RaftServerImpl (RaftServerImpl.java:setRole(184)) - cbde3520-0cea-4357-bb04-1a0ae64b2bb1@group-7EB39FB5DF22: changes role from CANDIDATE to FOLLOWER at term 374 for DISCOVERED_A_NEW_TERM
2019-10-17 07:42:19,712 [cbde3520-0cea-4357-bb04-1a0ae64b2bb1@group-7EB39FB5DF22-LeaderElection346] INFO  impl.RoleInfo (RoleInfo.java:shutdownLeaderElection(134)) - cbde3520-0cea-4357-bb04-1a0ae64b2bb1: shutdown LeaderElection
2019-10-17 07:42:19,712 [cbde3520-0cea-4357-bb04-1a0ae64b2bb1@group-7EB39FB5DF22-LeaderElection346] INFO  impl.RoleInfo (RoleInfo.java:updateAndGet(143)) - cbde3520-0cea-4357-bb04-1a0ae64b2bb1: start FollowerState
2019-10-17 07:42:19,741 [Thread-2486] INFO  impl.FollowerState (FollowerState.java:run(108)) - cbde3520-0cea-4357-bb04-1a0ae64b2bb1@group-7EB39FB5DF22-FollowerState: change to CANDIDATE, lastRpcTime:28ms, electionTimeout:28ms
2019-10-17 07:42:19,741 [Thread-2486] INFO  impl.RoleInfo (RoleInfo.java:shutdownFollowerState(121)) - cbde3520-0cea-4357-bb04-1a0ae64b2bb1: shutdown FollowerState
2019-10-17 07:42:19,741 [Thread-2486] INFO  impl.RaftServerImpl (RaftServerImpl.java:setRole(184)) - cbde3520-0cea-4357-bb04-1a0ae64b2bb1@group-7EB39FB5DF22: changes role from  FOLLOWER to CANDIDATE at term 374 for changeToCandidate
2019-10-17 07:42:19,741 [Thread-2486] INFO  impl.RoleInfo (RoleInfo.java:updateAndGet(143)) - cbde3520-0cea-4357-bb04-1a0ae64b2bb1: start LeaderElection
2019-10-17 07:42:19,764 [cbde3520-0cea-4357-bb04-1a0ae64b2bb1@group-7EB39FB5DF22-LeaderElection347] INFO  impl.LeaderElection (LeaderElection.java:askForVotes(178)) - cbde3520-0cea-4357-bb04-1a0ae64b2bb1@group-7EB39FB5DF22-LeaderElection347: begin an election at term 375 for -1: [40d2d32e-dd25-45df-8070-f9dc56ccf0a7:192.168.34.62:41633, cbde3520-0cea-4357-bb04-1a0ae64b2bb1:192.168.34.62:41642, 443b071d-6096-48d6-bfe7-498b7c8032c0:192.168.34.62:46516], old=null
2019-10-17 07:42:19,766 [grpc-default-executor-1] INFO  impl.RaftServerImpl (RaftServerImpl.java:setRole(184)) - 40d2d32e-dd25-45df-8070-f9dc56ccf0a7@group-7EB39FB5DF22: changes role from  FOLLOWER to FOLLOWER at term 375 for recognizeCandidate:cbde3520-0cea-4357-bb04-1a0ae64b2bb1
2019-10-17 07:42:19,766 [grpc-default-executor-1] INFO  impl.RoleInfo (RoleInfo.java:shutdownFollowerState(121)) - 40d2d32e-dd25-45df-8070-f9dc56ccf0a7: shutdown FollowerState
2019-10-17 07:42:19,766 [grpc-default-executor-4] INFO  impl.RaftServerImpl (RaftServerImpl.java:setRole(184)) - 443b071d-6096-48d6-bfe7-498b7c8032c0@group-7EB39FB5DF22: changes role from  FOLLOWER to FOLLOWER at term 375 for recognizeCandidate:cbde3520-0cea-4357-bb04-1a0ae64b2bb1
2019-10-17 07:42:19,766 [Thread-2485] INFO  impl.FollowerState (FollowerState.java:run(117)) - 40d2d32e-dd25-45df-8070-f9dc56ccf0a7@group-7EB39FB5DF22-FollowerState was interrupted: java.lang.InterruptedException: sleep interrupted
2019-10-17 07:42:19,766 [grpc-default-executor-1] INFO  impl.RoleInfo (RoleInfo.java:updateAndGet(143)) - 40d2d32e-dd25-45df-8070-f9dc56ccf0a7: start FollowerState
2019-10-17 07:42:19,766 [grpc-default-executor-4] INFO  impl.RoleInfo (RoleInfo.java:shutdownFollowerState(121)) - 443b071d-6096-48d6-bfe7-498b7c8032c0: shutdown FollowerState
2019-10-17 07:42:19,767 [grpc-default-executor-4] INFO  impl.RoleInfo (RoleInfo.java:updateAndGet(143)) - 443b071d-6096-48d6-bfe7-498b7c8032c0: start FollowerState
2019-10-17 07:42:19,767 [Thread-2484] INFO  impl.FollowerState (FollowerState.java:run(117)) - 443b071d-6096-48d6-bfe7-498b7c8032c0@group-7EB39FB5DF22-FollowerState was interrupted: java.lang.InterruptedException: sleep interrupted
2019-10-17 07:42:19,781 [cbde3520-0cea-4357-bb04-1a0ae64b2bb1@group-7EB39FB5DF22-LeaderElection347] INFO  impl.LeaderElection (LeaderElection.java:logAndReturn(56)) - cbde3520-0cea-4357-bb04-1a0ae64b2bb1@group-7EB39FB5DF22-LeaderElection347: Election REJECTED; received 2 response(s) [cbde3520-0cea-4357-bb04-1a0ae64b2bb1<-40d2d32e-dd25-45df-8070-f9dc56ccf0a7#0:FAIL-t375, cbde3520-0cea-4357-bb04-1a0ae64b2bb1<-443b071d-6096-48d6-bfe7-498b7c8032c0#0:FAIL-t375] and 0 exception(s); cbde3520-0cea-4357-bb04-1a0ae64b2bb1@group-7EB39FB5DF22:t375, leader=null, voted=cbde3520-0cea-4357-bb04-1a0ae64b2bb1, raftlog=cbde3520-0cea-4357-bb04-1a0ae64b2bb1@group-7EB39FB5DF22-SegmentedRaftLog:OPENED:c-1,f-1,i0, conf=-1: [40d2d32e-dd25-45df-8070-f9dc56ccf0a7:192.168.34.62:41633, cbde3520-0cea-4357-bb04-1a0ae64b2bb1:192.168.34.62:41642, 443b071d-6096-48d6-bfe7-498b7c8032c0:192.168.34.62:46516], old=null
2019-10-17 07:42:19,781 [cbde3520-0cea-4357-bb04-1a0ae64b2bb1@group-7EB39FB5DF22-LeaderElection347] INFO  impl.RaftServerImpl (RaftServerImpl.java:setRole(184)) - cbde3520-0cea-4357-bb04-1a0ae64b2bb1@group-7EB39FB5DF22: changes role from CANDIDATE to FOLLOWER at term 375 for DISCOVERED_A_NEW_TERM
2019-10-17 07:42:19,781 [cbde3520-0cea-4357-bb04-1a0ae64b2bb1@group-7EB39FB5DF22-LeaderElection347] INFO  impl.RoleInfo (RoleInfo.java:shutdownLeaderElection(134)) - cbde3520-0cea-4357-bb04-1a0ae64b2bb1: shutdown LeaderElection
2019-10-17 07:42:19,781 [cbde3520-0cea-4357-bb04-1a0ae64b2bb1@group-7EB39FB5DF22-LeaderElection347] INFO  impl.RoleInfo (RoleInfo.java:updateAndGet(143)) - cbde3520-0cea-4357-bb04-1a0ae64b2bb1: start FollowerState
2019-10-17 07:42:19,854 [Thread-2492] INFO  impl.FollowerState (FollowerState.java:run(108)) - cbde3520-0cea-4357-bb04-1a0ae64b2bb1@group-7EB39FB5DF22-FollowerState: change to CANDIDATE, lastRpcTime:72ms, electionTimeout:72ms
2019-10-17 07:42:19,854 [Thread-2492] INFO  impl.RoleInfo (RoleInfo.java:shutdownFollowerState(121)) - cbde3520-0cea-4357-bb04-1a0ae64b2bb1: shutdown FollowerState
2019-10-17 07:42:19,854 [Thread-2492] INFO  impl.RaftServerImpl (RaftServerImpl.java:setRole(184)) - cbde3520-0cea-4357-bb04-1a0ae64b2bb1@group-7EB39FB5DF22: changes role from  FOLLOWER to CANDIDATE at term 375 for changeToCandidate
2019-10-17 07:42:19,854 [Thread-2492] INFO  impl.RoleInfo (RoleInfo.java:updateAndGet(143)) - cbde3520-0cea-4357-bb04-1a0ae64b2bb1: start LeaderElection
2019-10-17 07:42:19,877 [cbde3520-0cea-4357-bb04-1a0ae64b2bb1@group-7EB39FB5DF22-LeaderElection348] INFO  impl.LeaderElection (LeaderElection.java:askForVotes(178)) - cbde3520-0cea-4357-bb04-1a0ae64b2bb1@group-7EB39FB5DF22-LeaderElection348: begin an election at term 376 for -1: [40d2d32e-dd25-45df-8070-f9dc56ccf0a7:192.168.34.62:41633, cbde3520-0cea-4357-bb04-1a0ae64b2bb1:192.168.34.62:41642, 443b071d-6096-48d6-bfe7-498b7c8032c0:192.168.34.62:46516], old=null
2019-10-17 07:42:19,879 [grpc-default-executor-1] INFO  impl.RaftServerImpl (RaftServerImpl.java:setRole(184)) - 40d2d32e-dd25-45df-8070-f9dc56ccf0a7@group-7EB39FB5DF22: changes role from  FOLLOWER to FOLLOWER at term 376 for recognizeCandidate:cbde3520-0cea-4357-bb04-1a0ae64b2bb1
2019-10-17 07:42:19,880 [grpc-default-executor-1] INFO  impl.RoleInfo (RoleInfo.java:shutdownFollowerState(121)) - 40d2d32e-dd25-45df-8070-f9dc56ccf0a7: shutdown FollowerState
2019-10-17 07:42:19,880 [grpc-default-executor-4] INFO  impl.RaftServerImpl (RaftServerImpl.java:setRole(184)) - 443b071d-6096-48d6-bfe7-498b7c8032c0@group-7EB39FB5DF22: changes role from  FOLLOWER to FOLLOWER at term 376 for recognizeCandidate:cbde3520-0cea-4357-bb04-1a0ae64b2bb1
2019-10-17 07:42:19,880 [grpc-default-executor-4] INFO  impl.RoleInfo (RoleInfo.java:shutdownFollowerState(121)) - 443b071d-6096-48d6-bfe7-498b7c8032c0: shutdown FollowerState
2019-10-17 07:42:19,880 [Thread-2490] INFO  impl.FollowerState (FollowerState.java:run(117)) - 40d2d32e-dd25-45df-8070-f9dc56ccf0a7@group-7EB39FB5DF22-FollowerState was interrupted: java.lang.InterruptedException: sleep interrupted
2019-10-17 07:42:19,880 [grpc-default-executor-1] INFO  impl.RoleInfo (RoleInfo.java:updateAndGet(143)) - 40d2d32e-dd25-45df-8070-f9dc56ccf0a7: start FollowerState
2019-10-17 07:42:19,880 [Thread-2491] INFO  impl.FollowerState (FollowerState.java:run(117)) - 443b071d-6096-48d6-bfe7-498b7c8032c0@group-7EB39FB5DF22-FollowerState was interrupted: java.lang.InterruptedException: sleep interrupted
2019-10-17 07:42:19,880 [grpc-default-executor-4] INFO  impl.RoleInfo (RoleInfo.java:updateAndGet(143)) - 443b071d-6096-48d6-bfe7-498b7c8032c0: start FollowerState
2019-10-17 07:42:19,895 [cbde3520-0cea-4357-bb04-1a0ae64b2bb1@group-7EB39FB5DF22-LeaderElection348] INFO  impl.LeaderElection (LeaderElection.java:logAndReturn(56)) - cbde3520-0cea-4357-bb04-1a0ae64b2bb1@group-7EB39FB5DF22-LeaderElection348: Election REJECTED; received 2 response(s) [cbde3520-0cea-4357-bb04-1a0ae64b2bb1<-40d2d32e-dd25-45df-8070-f9dc56ccf0a7#0:FAIL-t376, cbde3520-0cea-4357-bb04-1a0ae64b2bb1<-443b071d-6096-48d6-bfe7-498b7c8032c0#0:FAIL-t376] and 0 exception(s); cbde3520-0cea-4357-bb04-1a0ae64b2bb1@group-7EB39FB5DF22:t376, leader=null, voted=cbde3520-0cea-4357-bb04-1a0ae64b2bb1, raftlog=cbde3520-0cea-4357-bb04-1a0ae64b2bb1@group-7EB39FB5DF22-SegmentedRaftLog:OPENED:c-1,f-1,i0, conf=-1: [40d2d32e-dd25-45df-8070-f9dc56ccf0a7:192.168.34.62:41633, cbde3520-0cea-4357-bb04-1a0ae64b2bb1:192.168.34.62:41642, 443b071d-6096-48d6-bfe7-498b7c8032c0:192.168.34.62:46516], old=null
2019-10-17 07:42:19,895 [cbde3520-0cea-4357-bb04-1a0ae64b2bb1@group-7EB39FB5DF22-LeaderElection348] INFO  impl.RaftServerImpl (RaftServerImpl.java:setRole(184)) - cbde3520-0cea-4357-bb04-1a0ae64b2bb1@group-7EB39FB5DF22: changes role from CANDIDATE to FOLLOWER at term 376 for DISCOVERED_A_NEW_TERM
2019-10-17 07:42:19,896 [cbde3520-0cea-4357-bb04-1a0ae64b2bb1@group-7EB39FB5DF22-LeaderElection348] INFO  impl.RoleInfo (RoleInfo.java:shutdownLeaderElection(134)) - cbde3520-0cea-4357-bb04-1a0ae64b2bb1: shutdown LeaderElection
2019-10-17 07:42:19,896 [cbde3520-0cea-4357-bb04-1a0ae64b2bb1@group-7EB39FB5DF22-LeaderElection348] INFO  impl.RoleInfo (RoleInfo.java:updateAndGet(143)) - cbde3520-0cea-4357-bb04-1a0ae64b2bb1: start FollowerState
2019-10-17 07:42:19,909 [Thread-2498] INFO  impl.FollowerState (FollowerState.java:run(108)) - cbde3520-0cea-4357-bb04-1a0ae64b2bb1@group-7EB39FB5DF22-FollowerState: change to CANDIDATE, lastRpcTime:13ms, electionTimeout:13ms
2019-10-17 07:42:19,909 [Thread-2498] INFO  impl.RoleInfo (RoleInfo.java:shutdownFollowerState(121)) - cbde3520-0cea-4357-bb04-1a0ae64b2bb1: shutdown FollowerState
2019-10-17 07:42:19,909 [Thread-2498] INFO  impl.RaftServerImpl (RaftServerImpl.java:setRole(184)) - cbde3520-0cea-4357-bb04-1a0ae64b2bb1@group-7EB39FB5DF22: changes role from  FOLLOWER to CANDIDATE at term 376 for changeToCandidate
2019-10-17 07:42:19,909 [Thread-2498] INFO  impl.RoleInfo (RoleInfo.java:updateAndGet(143)) - cbde3520-0cea-4357-bb04-1a0ae64b2bb1: start LeaderElection
2019-10-17 07:42:19,933 [cbde3520-0cea-4357-bb04-1a0ae64b2bb1@group-7EB39FB5DF22-LeaderElection349] INFO  impl.LeaderElection (LeaderElection.java:askForVotes(178)) - cbde3520-0cea-4357-bb04-1a0ae64b2bb1@group-7EB39FB5DF22-LeaderElection349: begin an election at term 377 for -1: [40d2d32e-dd25-45df-8070-f9dc56ccf0a7:192.168.34.62:41633, cbde3520-0cea-4357-bb04-1a0ae64b2bb1:192.168.34.62:41642, 443b071d-6096-48d6-bfe7-498b7c8032c0:192.168.34.62:46516], old=null
2019-10-17 07:42:19,935 [grpc-default-executor-4] INFO  impl.RaftServerImpl (RaftServerImpl.java:setRole(184)) - 40d2d32e-dd25-45df-8070-f9dc56ccf0a7@group-7EB39FB5DF22: changes role from  FOLLOWER to FOLLOWER at term 377 for recognizeCandidate:cbde3520-0cea-4357-bb04-1a0ae64b2bb1
2019-10-17 07:42:19,935 [grpc-default-executor-1] INFO  impl.RaftServerImpl (RaftServerImpl.java:setRole(184)) - 443b071d-6096-48d6-bfe7-498b7c8032c0@group-7EB39FB5DF22: changes role from  FOLLOWER to FOLLOWER at term 377 for recognizeCandidate:cbde3520-0cea-4357-bb04-1a0ae64b2bb1
2019-10-17 07:42:19,935 [grpc-default-executor-1] INFO  impl.RoleInfo (RoleInfo.java:shutdownFollowerState(121)) - 443b071d-6096-48d6-bfe7-498b7c8032c0: shutdown FollowerState
2019-10-17 07:42:19,935 [grpc-default-executor-4] INFO  impl.RoleInfo (RoleInfo.java:shutdownFollowerState(121)) - 40d2d32e-dd25-45df-8070-f9dc56ccf0a7: shutdown FollowerState
2019-10-17 07:42:19,935 [grpc-default-executor-4] INFO  impl.RoleInfo (RoleInfo.java:updateAndGet(143)) - 40d2d32e-dd25-45df-8070-f9dc56ccf0a7: start FollowerState
2019-10-17 07:42:19,935 [Thread-2497] INFO  impl.FollowerState (FollowerState.java:run(117)) - 443b071d-6096-48d6-bfe7-498b7c8032c0@group-7EB39FB5DF22-FollowerState was interrupted: java.lang.InterruptedException: sleep interrupted
2019-10-17 07:42:19,935 [grpc-default-executor-1] INFO  impl.RoleInfo (RoleInfo.java:updateAndGet(143)) - 443b071d-6096-48d6-bfe7-498b7c8032c0: start FollowerState
2019-10-17 07:42:19,935 [Thread-2496] INFO  impl.FollowerState (FollowerState.java:run(117)) - 40d2d32e-dd25-45df-8070-f9dc56ccf0a7@group-7EB39FB5DF22-FollowerState was interrupted: java.lang.InterruptedException: sleep interrupted
2019-10-17 07:42:19,949 [cbde3520-0cea-4357-bb04-1a0ae64b2bb1@group-7EB39FB5DF22-LeaderElection349] INFO  impl.LeaderElection (LeaderElection.java:logAndReturn(56)) - cbde3520-0cea-4357-bb04-1a0ae64b2bb1@group-7EB39FB5DF22-LeaderElection349: Election REJECTED; received 2 response(s) [cbde3520-0cea-4357-bb04-1a0ae64b2bb1<-40d2d32e-dd25-45df-8070-f9dc56ccf0a7#0:FAIL-t377, cbde3520-0cea-4357-bb04-1a0ae64b2bb1<-443b071d-6096-48d6-bfe7-498b7c8032c0#0:FAIL-t377] and 0 exception(s); cbde3520-0cea-4357-bb04-1a0ae64b2bb1@group-7EB39FB5DF22:t377, leader=null, voted=cbde3520-0cea-4357-bb04-1a0ae64b2bb1, raftlog=cbde3520-0cea-4357-bb04-1a0ae64b2bb1@group-7EB39FB5DF22-SegmentedRaftLog:OPENED:c-1,f-1,i0, conf=-1: [40d2d32e-dd25-45df-8070-f9dc56ccf0a7:192.168.34.62:41633, cbde3520-0cea-4357-bb04-1a0ae64b2bb1:192.168.34.62:41642, 443b071d-6096-48d6-bfe7-498b7c8032c0:192.168.34.62:46516], old=null
2019-10-17 07:42:19,949 [cbde3520-0cea-4357-bb04-1a0ae64b2bb1@group-7EB39FB5DF22-LeaderElection349] INFO  impl.RaftServerImpl (RaftServerImpl.java:setRole(184)) - cbde3520-0cea-4357-bb04-1a0ae64b2bb1@group-7EB39FB5DF22: changes role from CANDIDATE to FOLLOWER at term 377 for DISCOVERED_A_NEW_TERM
2019-10-17 07:42:19,950 [cbde3520-0cea-4357-bb04-1a0ae64b2bb1@group-7EB39FB5DF22-LeaderElection349] INFO  impl.RoleInfo (RoleInfo.java:shutdownLeaderElection(134)) - cbde3520-0cea-4357-bb04-1a0ae64b2bb1: shutdown LeaderElection
2019-10-17 07:42:19,950 [cbde3520-0cea-4357-bb04-1a0ae64b2bb1@group-7EB39FB5DF22-LeaderElection349] INFO  impl.RoleInfo (RoleInfo.java:updateAndGet(143)) - cbde3520-0cea-4357-bb04-1a0ae64b2bb1: start FollowerState
2019-10-17 07:42:19,975 [Thread-2504] INFO  impl.FollowerState (FollowerState.java:run(108)) - cbde3520-0cea-4357-bb04-1a0ae64b2bb1@group-7EB39FB5DF22-FollowerState: change to CANDIDATE, lastRpcTime:25ms, electionTimeout:25ms
2019-10-17 07:42:19,975 [Thread-2504] INFO  impl.RoleInfo (RoleInfo.java:shutdownFollowerState(121)) - cbde3520-0cea-4357-bb04-1a0ae64b2bb1: shutdown FollowerState
2019-10-17 07:42:19,975 [Thread-2504] INFO  impl.RaftServerImpl (RaftServerImpl.java:setRole(184)) - cbde3520-0cea-4357-bb04-1a0ae64b2bb1@group-7EB39FB5DF22: changes role from  FOLLOWER to CANDIDATE at term 377 for changeToCandidate
2019-10-17 07:42:19,975 [Thread-2504] INFO  impl.RoleInfo (RoleInfo.java:updateAndGet(143)) - cbde3520-0cea-4357-bb04-1a0ae64b2bb1: start LeaderElection
2019-10-17 07:42:19,999 [cbde3520-0cea-4357-bb04-1a0ae64b2bb1@group-7EB39FB5DF22-LeaderElection350] INFO  impl.LeaderElection (LeaderElection.java:askForVotes(178)) - cbde3520-0cea-4357-bb04-1a0ae64b2bb1@group-7EB39FB5DF22-LeaderElection350: begin an election at term 378 for -1: [40d2d32e-dd25-45df-8070-f9dc56ccf0a7:192.168.34.62:41633, cbde3520-0cea-4357-bb04-1a0ae64b2bb1:192.168.34.62:41642, 443b071d-6096-48d6-bfe7-498b7c8032c0:192.168.34.62:46516], old=null
2019-10-17 07:42:20,001 [grpc-default-executor-4] INFO  impl.RaftServerImpl (RaftServerImpl.java:setRole(184)) - 40d2d32e-dd25-45df-8070-f9dc56ccf0a7@group-7EB39FB5DF22: changes role from  FOLLOWER to FOLLOWER at term 378 for recognizeCandidate:cbde3520-0cea-4357-bb04-1a0ae64b2bb1
2019-10-17 07:42:20,001 [grpc-default-executor-4] INFO  impl.RoleInfo (RoleInfo.java:shutdownFollowerState(121)) - 40d2d32e-dd25-45df-8070-f9dc56ccf0a7: shutdown FollowerState
2019-10-17 07:42:20,001 [grpc-default-executor-1] INFO  impl.RaftServerImpl (RaftServerImpl.java:setRole(184)) - 443b071d-6096-48d6-bfe7-498b7c8032c0@group-7EB39FB5DF22: changes role from  FOLLOWER to FOLLOWER at term 378 for recognizeCandidate:cbde3520-0cea-4357-bb04-1a0ae64b2bb1
2019-10-17 07:42:20,002 [grpc-default-executor-1] INFO  impl.RoleInfo (RoleInfo.java:shutdownFollowerState(121)) - 443b071d-6096-48d6-bfe7-498b7c8032c0: shutdown FollowerState
2019-10-17 07:42:20,002 [Thread-2503] INFO  impl.FollowerState (FollowerState.java:run(117)) - 40d2d32e-dd25-45df-8070-f9dc56ccf0a7@group-7EB39FB5DF22-FollowerState was interrupted: java.lang.InterruptedException: sleep interrupted
2019-10-17 07:42:20,002 [grpc-default-executor-4] INFO  impl.RoleInfo (RoleInfo.java:updateAndGet(143)) - 40d2d32e-dd25-45df-8070-f9dc56ccf0a7: start FollowerState
2019-10-17 07:42:20,002 [Thread-2502] INFO  impl.FollowerState (FollowerState.java:run(117)) - 443b071d-6096-48d6-bfe7-498b7c8032c0@group-7EB39FB5DF22-FollowerState was interrupted: java.lang.InterruptedException: sleep interrupted
2019-10-17 07:42:20,002 [grpc-default-executor-1] INFO  impl.RoleInfo (RoleInfo.java:updateAndGet(143)) - 443b071d-6096-48d6-bfe7-498b7c8032c0: start FollowerState
2019-10-17 07:42:20,018 [cbde3520-0cea-4357-bb04-1a0ae64b2bb1@group-7EB39FB5DF22-LeaderElection350] INFO  impl.LeaderElection (LeaderElection.java:logAndReturn(56)) - cbde3520-0cea-4357-bb04-1a0ae64b2bb1@group-7EB39FB5DF22-LeaderElection350: Election REJECTED; received 2 response(s) [cbde3520-0cea-4357-bb04-1a0ae64b2bb1<-40d2d32e-dd25-45df-8070-f9dc56ccf0a7#0:FAIL-t378, cbde3520-0cea-4357-bb04-1a0ae64b2bb1<-443b071d-6096-48d6-bfe7-498b7c8032c0#0:FAIL-t378] and 0 exception(s); cbde3520-0cea-4357-bb04-1a0ae64b2bb1@group-7EB39FB5DF22:t378, leader=null, voted=cbde3520-0cea-4357-bb04-1a0ae64b2bb1, raftlog=cbde3520-0cea-4357-bb04-1a0ae64b2bb1@group-7EB39FB5DF22-SegmentedRaftLog:OPENED:c-1,f-1,i0, conf=-1: [40d2d32e-dd25-45df-8070-f9dc56ccf0a7:192.168.34.62:41633, cbde3520-0cea-4357-bb04-1a0ae64b2bb1:192.168.34.62:41642, 443b071d-6096-48d6-bfe7-498b7c8032c0:192.168.34.62:46516], old=null
2019-10-17 07:42:20,019 [cbde3520-0cea-4357-bb04-1a0ae64b2bb1@group-7EB39FB5DF22-LeaderElection350] INFO  impl.RaftServerImpl (RaftServerImpl.java:setRole(184)) - cbde3520-0cea-4357-bb04-1a0ae64b2bb1@group-7EB39FB5DF22: changes role from CANDIDATE to FOLLOWER at term 378 for DISCOVERED_A_NEW_TERM
2019-10-17 07:42:20,019 [cbde3520-0cea-4357-bb04-1a0ae64b2bb1@group-7EB39FB5DF22-LeaderElection350] INFO  impl.RoleInfo (RoleInfo.java:shutdownLeaderElection(134)) - cbde3520-0cea-4357-bb04-1a0ae64b2bb1: shutdown LeaderElection
2019-10-17 07:42:20,019 [cbde3520-0cea-4357-bb04-1a0ae64b2bb1@group-7EB39FB5DF22-LeaderElection350] INFO  impl.RoleInfo (RoleInfo.java:updateAndGet(143)) - cbde3520-0cea-4357-bb04-1a0ae64b2bb1: start FollowerState
2019-10-17 07:42:20,145 [Thread-2510] INFO  impl.FollowerState (FollowerState.java:run(108)) - cbde3520-0cea-4357-bb04-1a0ae64b2bb1@group-7EB39FB5DF22-FollowerState: change to CANDIDATE, lastRpcTime:126ms, electionTimeout:126ms
2019-10-17 07:42:20,145 [Thread-2510] INFO  impl.RoleInfo (RoleInfo.java:shutdownFollowerState(121)) - cbde3520-0cea-4357-bb04-1a0ae64b2bb1: shutdown FollowerState
2019-10-17 07:42:20,145 [Thread-2510] INFO  impl.RaftServerImpl (RaftServerImpl.java:setRole(184)) - cbde3520-0cea-4357-bb04-1a0ae64b2bb1@group-7EB39FB5DF22: changes role from  FOLLOWER to CANDIDATE at term 378 for changeToCandidate
2019-10-17 07:42:20,146 [Thread-2510] INFO  impl.RoleInfo (RoleInfo.java:updateAndGet(143)) - cbde3520-0cea-4357-bb04-1a0ae64b2bb1: start LeaderElection
2019-10-17 07:42:20,167 [cbde3520-0cea-4357-bb04-1a0ae64b2bb1@group-7EB39FB5DF22-LeaderElection351] INFO  impl.LeaderElection (LeaderElection.java:askForVotes(178)) - cbde3520-0cea-4357-bb04-1a0ae64b2bb1@group-7EB39FB5DF22-LeaderElection351: begin an election at term 379 for -1: [40d2d32e-dd25-45df-8070-f9dc56ccf0a7:192.168.34.62:41633, cbde3520-0cea-4357-bb04-1a0ae64b2bb1:192.168.34.62:41642, 443b071d-6096-48d6-bfe7-498b7c8032c0:192.168.34.62:46516], old=null
2019-10-17 07:42:20,170 [grpc-default-executor-1] INFO  impl.RaftServerImpl (RaftServerImpl.java:setRole(184)) - 40d2d32e-dd25-45df-8070-f9dc56ccf0a7@group-7EB39FB5DF22: changes role from  FOLLOWER to FOLLOWER at term 379 for recognizeCandidate:cbde3520-0cea-4357-bb04-1a0ae64b2bb1
2019-10-17 07:42:20,170 [grpc-default-executor-4] INFO  impl.RaftServerImpl (RaftServerImpl.java:setRole(184)) - 443b071d-6096-48d6-bfe7-498b7c8032c0@group-7EB39FB5DF22: changes role from  FOLLOWER to FOLLOWER at term 379 for recognizeCandidate:cbde3520-0cea-4357-bb04-1a0ae64b2bb1
2019-10-17 07:42:20,170 [grpc-default-executor-1] INFO  impl.RoleInfo (RoleInfo.java:shutdownFollowerState(121)) - 40d2d32e-dd25-45df-8070-f9dc56ccf0a7: shutdown FollowerState
2019-10-17 07:42:20,170 [grpc-default-executor-4] INFO  impl.RoleInfo (RoleInfo.java:shutdownFollowerState(121)) - 443b071d-6096-48d6-bfe7-498b7c8032c0: shutdown FollowerState
2019-10-17 07:42:20,170 [Thread-2508] INFO  impl.FollowerState (FollowerState.java:run(117)) - 40d2d32e-dd25-45df-8070-f9dc56ccf0a7@group-7EB39FB5DF22-FollowerState was interrupted: java.lang.InterruptedException: sleep interrupted
2019-10-17 07:42:20,170 [Thread-2509] INFO  impl.FollowerState (FollowerState.java:run(117)) - 443b071d-6096-48d6-bfe7-498b7c8032c0@group-7EB39FB5DF22-FollowerState was interrupted: java.lang.InterruptedException: sleep interrupted
2019-10-17 07:42:20,170 [grpc-default-executor-1] INFO  impl.RoleInfo (RoleInfo.java:updateAndGet(143)) - 40d2d32e-dd25-45df-8070-f9dc56ccf0a7: start FollowerState
2019-10-17 07:42:20,170 [grpc-default-executor-4] INFO  impl.RoleInfo (RoleInfo.java:updateAndGet(143)) - 443b071d-6096-48d6-bfe7-498b7c8032c0: start FollowerState
2019-10-17 07:42:20,195 [cbde3520-0cea-4357-bb04-1a0ae64b2bb1@group-7EB39FB5DF22-LeaderElection351] INFO  impl.LeaderElection (LeaderElection.java:logAndReturn(56)) - cbde3520-0cea-4357-bb04-1a0ae64b2bb1@group-7EB39FB5DF22-LeaderElection351: Election REJECTED; received 2 response(s) [cbde3520-0cea-4357-bb04-1a0ae64b2bb1<-40d2d32e-dd25-45df-8070-f9dc56ccf0a7#0:FAIL-t379, cbde3520-0cea-4357-bb04-1a0ae64b2bb1<-443b071d-6096-48d6-bfe7-498b7c8032c0#0:FAIL-t379] and 0 exception(s); cbde3520-0cea-4357-bb04-1a0ae64b2bb1@group-7EB39FB5DF22:t379, leader=null, voted=cbde3520-0cea-4357-bb04-1a0ae64b2bb1, raftlog=cbde3520-0cea-4357-bb04-1a0ae64b2bb1@group-7EB39FB5DF22-SegmentedRaftLog:OPENED:c-1,f-1,i0, conf=-1: [40d2d32e-dd25-45df-8070-f9dc56ccf0a7:192.168.34.62:41633, cbde3520-0cea-4357-bb04-1a0ae64b2bb1:192.168.34.62:41642, 443b071d-6096-48d6-bfe7-498b7c8032c0:192.168.34.62:46516], old=null
2019-10-17 07:42:20,195 [cbde3520-0cea-4357-bb04-1a0ae64b2bb1@group-7EB39FB5DF22-LeaderElection351] INFO  impl.RaftServerImpl (RaftServerImpl.java:setRole(184)) - cbde3520-0cea-4357-bb04-1a0ae64b2bb1@group-7EB39FB5DF22: changes role from CANDIDATE to FOLLOWER at term 379 for DISCOVERED_A_NEW_TERM
2019-10-17 07:42:20,195 [cbde3520-0cea-4357-bb04-1a0ae64b2bb1@group-7EB39FB5DF22-LeaderElection351] INFO  impl.RoleInfo (RoleInfo.java:shutdownLeaderElection(134)) - cbde3520-0cea-4357-bb04-1a0ae64b2bb1: shutdown LeaderElection
2019-10-17 07:42:20,195 [cbde3520-0cea-4357-bb04-1a0ae64b2bb1@group-7EB39FB5DF22-LeaderElection351] INFO  impl.RoleInfo (RoleInfo.java:updateAndGet(143)) - cbde3520-0cea-4357-bb04-1a0ae64b2bb1: start FollowerState
2019-10-17 07:42:20,226 [main] INFO  ozone.MiniOzoneClusterImpl (MiniOzoneClusterImpl.java:lambda$waitForClusterToBeReady$2(164)) - Waiting for 1 number of pipelines out of 5, to report a leader.
2019-10-17 07:42:20,290 [Thread-2516] INFO  impl.FollowerState (FollowerState.java:run(108)) - cbde3520-0cea-4357-bb04-1a0ae64b2bb1@group-7EB39FB5DF22-FollowerState: change to CANDIDATE, lastRpcTime:94ms, electionTimeout:94ms
2019-10-17 07:42:20,290 [Thread-2516] INFO  impl.RoleInfo (RoleInfo.java:shutdownFollowerState(121)) - cbde3520-0cea-4357-bb04-1a0ae64b2bb1: shutdown FollowerState
2019-10-17 07:42:20,290 [Thread-2516] INFO  impl.RaftServerImpl (RaftServerImpl.java:setRole(184)) - cbde3520-0cea-4357-bb04-1a0ae64b2bb1@group-7EB39FB5DF22: changes role from  FOLLOWER to CANDIDATE at term 379 for changeToCandidate
2019-10-17 07:42:20,290 [Thread-2516] INFO  impl.RoleInfo (RoleInfo.java:updateAndGet(143)) - cbde3520-0cea-4357-bb04-1a0ae64b2bb1: start LeaderElection
2019-10-17 07:42:20,313 [cbde3520-0cea-4357-bb04-1a0ae64b2bb1@group-7EB39FB5DF22-LeaderElection352] INFO  impl.LeaderElection (LeaderElection.java:askForVotes(178)) - cbde3520-0cea-4357-bb04-1a0ae64b2bb1@group-7EB39FB5DF22-LeaderElection352: begin an election at term 380 for -1: [40d2d32e-dd25-45df-8070-f9dc56ccf0a7:192.168.34.62:41633, cbde3520-0cea-4357-bb04-1a0ae64b2bb1:192.168.34.62:41642, 443b071d-6096-48d6-bfe7-498b7c8032c0:192.168.34.62:46516], old=null
2019-10-17 07:42:20,315 [grpc-default-executor-1] INFO  impl.RaftServerImpl (RaftServerImpl.java:setRole(184)) - 40d2d32e-dd25-45df-8070-f9dc56ccf0a7@group-7EB39FB5DF22: changes role from  FOLLOWER to FOLLOWER at term 380 for recognizeCandidate:cbde3520-0cea-4357-bb04-1a0ae64b2bb1
2019-10-17 07:42:20,315 [grpc-default-executor-4] INFO  impl.RaftServerImpl (RaftServerImpl.java:setRole(184)) - 443b071d-6096-48d6-bfe7-498b7c8032c0@group-7EB39FB5DF22: changes role from  FOLLOWER to FOLLOWER at term 380 for recognizeCandidate:cbde3520-0cea-4357-bb04-1a0ae64b2bb1
2019-10-17 07:42:20,316 [grpc-default-executor-1] INFO  impl.RoleInfo (RoleInfo.java:shutdownFollowerState(121)) - 40d2d32e-dd25-45df-8070-f9dc56ccf0a7: shutdown FollowerState
2019-10-17 07:42:20,316 [grpc-default-executor-4] INFO  impl.RoleInfo (RoleInfo.java:shutdownFollowerState(121)) - 443b071d-6096-48d6-bfe7-498b7c8032c0: shutdown FollowerState
2019-10-17 07:42:20,316 [Thread-2514] INFO  impl.FollowerState (FollowerState.java:run(117)) - 40d2d32e-dd25-45df-8070-f9dc56ccf0a7@group-7EB39FB5DF22-FollowerState was interrupted: java.lang.InterruptedException: sleep interrupted
2019-10-17 07:42:20,316 [grpc-default-executor-1] INFO  impl.RoleInfo (RoleInfo.java:updateAndGet(143)) - 40d2d32e-dd25-45df-8070-f9dc56ccf0a7: start FollowerState
2019-10-17 07:42:20,316 [Thread-2515] INFO  impl.FollowerState (FollowerState.java:run(117)) - 443b071d-6096-48d6-bfe7-498b7c8032c0@group-7EB39FB5DF22-FollowerState was interrupted: java.lang.InterruptedException: sleep interrupted
2019-10-17 07:42:20,316 [grpc-default-executor-4] INFO  impl.RoleInfo (RoleInfo.java:updateAndGet(143)) - 443b071d-6096-48d6-bfe7-498b7c8032c0: start FollowerState
2019-10-17 07:42:20,329 [cbde3520-0cea-4357-bb04-1a0ae64b2bb1@group-7EB39FB5DF22-LeaderElection352] INFO  impl.LeaderElection (LeaderElection.java:logAndReturn(56)) - cbde3520-0cea-4357-bb04-1a0ae64b2bb1@group-7EB39FB5DF22-LeaderElection352: Election REJECTED; received 2 response(s) [cbde3520-0cea-4357-bb04-1a0ae64b2bb1<-40d2d32e-dd25-45df-8070-f9dc56ccf0a7#0:FAIL-t380, cbde3520-0cea-4357-bb04-1a0ae64b2bb1<-443b071d-6096-48d6-bfe7-498b7c8032c0#0:FAIL-t380] and 0 exception(s); cbde3520-0cea-4357-bb04-1a0ae64b2bb1@group-7EB39FB5DF22:t380, leader=null, voted=cbde3520-0cea-4357-bb04-1a0ae64b2bb1, raftlog=cbde3520-0cea-4357-bb04-1a0ae64b2bb1@group-7EB39FB5DF22-SegmentedRaftLog:OPENED:c-1,f-1,i0, conf=-1: [40d2d32e-dd25-45df-8070-f9dc56ccf0a7:192.168.34.62:41633, cbde3520-0cea-4357-bb04-1a0ae64b2bb1:192.168.34.62:41642, 443b071d-6096-48d6-bfe7-498b7c8032c0:192.168.34.62:46516], old=null
2019-10-17 07:42:20,330 [cbde3520-0cea-4357-bb04-1a0ae64b2bb1@group-7EB39FB5DF22-LeaderElection352] INFO  impl.RaftServerImpl (RaftServerImpl.java:setRole(184)) - cbde3520-0cea-4357-bb04-1a0ae64b2bb1@group-7EB39FB5DF22: changes role from CANDIDATE to FOLLOWER at term 380 for DISCOVERED_A_NEW_TERM
2019-10-17 07:42:20,330 [cbde3520-0cea-4357-bb04-1a0ae64b2bb1@group-7EB39FB5DF22-LeaderElection352] INFO  impl.RoleInfo (RoleInfo.java:shutdownLeaderElection(134)) - cbde3520-0cea-4357-bb04-1a0ae64b2bb1: shutdown LeaderElection
2019-10-17 07:42:20,330 [cbde3520-0cea-4357-bb04-1a0ae64b2bb1@group-7EB39FB5DF22-LeaderElection352] INFO  impl.RoleInfo (RoleInfo.java:updateAndGet(143)) - cbde3520-0cea-4357-bb04-1a0ae64b2bb1: start FollowerState
2019-10-17 07:42:20,352 [Thread-2522] INFO  impl.FollowerState (FollowerState.java:run(108)) - cbde3520-0cea-4357-bb04-1a0ae64b2bb1@group-7EB39FB5DF22-FollowerState: change to CANDIDATE, lastRpcTime:22ms, electionTimeout:22ms
2019-10-17 07:42:20,352 [Thread-2522] INFO  impl.RoleInfo (RoleInfo.java:shutdownFollowerState(121)) - cbde3520-0cea-4357-bb04-1a0ae64b2bb1: shutdown FollowerState
2019-10-17 07:42:20,352 [Thread-2522] INFO  impl.RaftServerImpl (RaftServerImpl.java:setRole(184)) - cbde3520-0cea-4357-bb04-1a0ae64b2bb1@group-7EB39FB5DF22: changes role from  FOLLOWER to CANDIDATE at term 380 for changeToCandidate
2019-10-17 07:42:20,353 [Thread-2522] INFO  impl.RoleInfo (RoleInfo.java:updateAndGet(143)) - cbde3520-0cea-4357-bb04-1a0ae64b2bb1: start LeaderElection
2019-10-17 07:42:20,374 [cbde3520-0cea-4357-bb04-1a0ae64b2bb1@group-7EB39FB5DF22-LeaderElection353] INFO  impl.LeaderElection (LeaderElection.java:askForVotes(178)) - cbde3520-0cea-4357-bb04-1a0ae64b2bb1@group-7EB39FB5DF22-LeaderElection353: begin an election at term 381 for -1: [40d2d32e-dd25-45df-8070-f9dc56ccf0a7:192.168.34.62:41633, cbde3520-0cea-4357-bb04-1a0ae64b2bb1:192.168.34.62:41642, 443b071d-6096-48d6-bfe7-498b7c8032c0:192.168.34.62:46516], old=null
2019-10-17 07:42:20,376 [grpc-default-executor-4] INFO  impl.RaftServerImpl (RaftServerImpl.java:setRole(184)) - 40d2d32e-dd25-45df-8070-f9dc56ccf0a7@group-7EB39FB5DF22: changes role from  FOLLOWER to FOLLOWER at term 381 for recognizeCandidate:cbde3520-0cea-4357-bb04-1a0ae64b2bb1
2019-10-17 07:42:20,376 [grpc-default-executor-4] INFO  impl.RoleInfo (RoleInfo.java:shutdownFollowerState(121)) - 40d2d32e-dd25-45df-8070-f9dc56ccf0a7: shutdown FollowerState
2019-10-17 07:42:20,376 [grpc-default-executor-1] INFO  impl.RaftServerImpl (RaftServerImpl.java:setRole(184)) - 443b071d-6096-48d6-bfe7-498b7c8032c0@group-7EB39FB5DF22: changes role from  FOLLOWER to FOLLOWER at term 381 for recognizeCandidate:cbde3520-0cea-4357-bb04-1a0ae64b2bb1
2019-10-17 07:42:20,376 [grpc-default-executor-1] INFO  impl.RoleInfo (RoleInfo.java:shutdownFollowerState(121)) - 443b071d-6096-48d6-bfe7-498b7c8032c0: shutdown FollowerState
2019-10-17 07:42:20,376 [Thread-2520] INFO  impl.FollowerState (FollowerState.java:run(117)) - 40d2d32e-dd25-45df-8070-f9dc56ccf0a7@group-7EB39FB5DF22-FollowerState was interrupted: java.lang.InterruptedException: sleep interrupted
2019-10-17 07:42:20,376 [grpc-default-executor-4] INFO  impl.RoleInfo (RoleInfo.java:updateAndGet(143)) - 40d2d32e-dd25-45df-8070-f9dc56ccf0a7: start FollowerState
2019-10-17 07:42:20,377 [Thread-2521] INFO  impl.FollowerState (FollowerState.java:run(117)) - 443b071d-6096-48d6-bfe7-498b7c8032c0@group-7EB39FB5DF22-FollowerState was interrupted: java.lang.InterruptedException: sleep interrupted
2019-10-17 07:42:20,377 [grpc-default-executor-1] INFO  impl.RoleInfo (RoleInfo.java:updateAndGet(143)) - 443b071d-6096-48d6-bfe7-498b7c8032c0: start FollowerState
2019-10-17 07:42:20,390 [cbde3520-0cea-4357-bb04-1a0ae64b2bb1@group-7EB39FB5DF22-LeaderElection353] INFO  impl.LeaderElection (LeaderElection.java:logAndReturn(56)) - cbde3520-0cea-4357-bb04-1a0ae64b2bb1@group-7EB39FB5DF22-LeaderElection353: Election REJECTED; received 2 response(s) [cbde3520-0cea-4357-bb04-1a0ae64b2bb1<-40d2d32e-dd25-45df-8070-f9dc56ccf0a7#0:FAIL-t381, cbde3520-0cea-4357-bb04-1a0ae64b2bb1<-443b071d-6096-48d6-bfe7-498b7c8032c0#0:FAIL-t381] and 0 exception(s); cbde3520-0cea-4357-bb04-1a0ae64b2bb1@group-7EB39FB5DF22:t381, leader=null, voted=cbde3520-0cea-4357-bb04-1a0ae64b2bb1, raftlog=cbde3520-0cea-4357-bb04-1a0ae64b2bb1@group-7EB39FB5DF22-SegmentedRaftLog:OPENED:c-1,f-1,i0, conf=-1: [40d2d32e-dd25-45df-8070-f9dc56ccf0a7:192.168.34.62:41633, cbde3520-0cea-4357-bb04-1a0ae64b2bb1:192.168.34.62:41642, 443b071d-6096-48d6-bfe7-498b7c8032c0:192.168.34.62:46516], old=null
2019-10-17 07:42:20,390 [cbde3520-0cea-4357-bb04-1a0ae64b2bb1@group-7EB39FB5DF22-LeaderElection353] INFO  impl.RaftServerImpl (RaftServerImpl.java:setRole(184)) - cbde3520-0cea-4357-bb04-1a0ae64b2bb1@group-7EB39FB5DF22: changes role from CANDIDATE to FOLLOWER at term 381 for DISCOVERED_A_NEW_TERM
2019-10-17 07:42:20,390 [cbde3520-0cea-4357-bb04-1a0ae64b2bb1@group-7EB39FB5DF22-LeaderElection353] INFO  impl.RoleInfo (RoleInfo.java:shutdownLeaderElection(134)) - cbde3520-0cea-4357-bb04-1a0ae64b2bb1: shutdown LeaderElection
2019-10-17 07:42:20,390 [cbde3520-0cea-4357-bb04-1a0ae64b2bb1@group-7EB39FB5DF22-LeaderElection353] INFO  impl.RoleInfo (RoleInfo.java:updateAndGet(143)) - cbde3520-0cea-4357-bb04-1a0ae64b2bb1: start FollowerState
2019-10-17 07:42:20,507 [Thread-2528] INFO  impl.FollowerState (FollowerState.java:run(108)) - cbde3520-0cea-4357-bb04-1a0ae64b2bb1@group-7EB39FB5DF22-FollowerState: change to CANDIDATE, lastRpcTime:117ms, electionTimeout:117ms
2019-10-17 07:42:20,507 [Thread-2528] INFO  impl.RoleInfo (RoleInfo.java:shutdownFollowerState(121)) - cbde3520-0cea-4357-bb04-1a0ae64b2bb1: shutdown FollowerState
2019-10-17 07:42:20,508 [Thread-2528] INFO  impl.RaftServerImpl (RaftServerImpl.java:setRole(184)) - cbde3520-0cea-4357-bb04-1a0ae64b2bb1@group-7EB39FB5DF22: changes role from  FOLLOWER to CANDIDATE at term 381 for changeToCandidate
2019-10-17 07:42:20,508 [Thread-2528] INFO  impl.RoleInfo (RoleInfo.java:updateAndGet(143)) - cbde3520-0cea-4357-bb04-1a0ae64b2bb1: start LeaderElection
2019-10-17 07:42:20,532 [cbde3520-0cea-4357-bb04-1a0ae64b2bb1@group-7EB39FB5DF22-LeaderElection354] INFO  impl.LeaderElection (LeaderElection.java:askForVotes(178)) - cbde3520-0cea-4357-bb04-1a0ae64b2bb1@group-7EB39FB5DF22-LeaderElection354: begin an election at term 382 for -1: [40d2d32e-dd25-45df-8070-f9dc56ccf0a7:192.168.34.62:41633, cbde3520-0cea-4357-bb04-1a0ae64b2bb1:192.168.34.62:41642, 443b071d-6096-48d6-bfe7-498b7c8032c0:192.168.34.62:46516], old=null
2019-10-17 07:42:20,534 [grpc-default-executor-1] INFO  impl.RaftServerImpl (RaftServerImpl.java:setRole(184)) - 40d2d32e-dd25-45df-8070-f9dc56ccf0a7@group-7EB39FB5DF22: changes role from  FOLLOWER to FOLLOWER at term 382 for recognizeCandidate:cbde3520-0cea-4357-bb04-1a0ae64b2bb1
2019-10-17 07:42:20,534 [grpc-default-executor-1] INFO  impl.RoleInfo (RoleInfo.java:shutdownFollowerState(121)) - 40d2d32e-dd25-45df-8070-f9dc56ccf0a7: shutdown FollowerState
2019-10-17 07:42:20,534 [grpc-default-executor-1] INFO  impl.RoleInfo (RoleInfo.java:updateAndGet(143)) - 40d2d32e-dd25-45df-8070-f9dc56ccf0a7: start FollowerState
2019-10-17 07:42:20,534 [Thread-2526] INFO  impl.FollowerState (FollowerState.java:run(117)) - 40d2d32e-dd25-45df-8070-f9dc56ccf0a7@group-7EB39FB5DF22-FollowerState was interrupted: java.lang.InterruptedException: sleep interrupted
2019-10-17 07:42:20,534 [grpc-default-executor-4] INFO  impl.RaftServerImpl (RaftServerImpl.java:setRole(184)) - 443b071d-6096-48d6-bfe7-498b7c8032c0@group-7EB39FB5DF22: changes role from  FOLLOWER to FOLLOWER at term 382 for recognizeCandidate:cbde3520-0cea-4357-bb04-1a0ae64b2bb1
2019-10-17 07:42:20,535 [grpc-default-executor-4] INFO  impl.RoleInfo (RoleInfo.java:shutdownFollowerState(121)) - 443b071d-6096-48d6-bfe7-498b7c8032c0: shutdown FollowerState
2019-10-17 07:42:20,535 [grpc-default-executor-4] INFO  impl.RoleInfo (RoleInfo.java:updateAndGet(143)) - 443b071d-6096-48d6-bfe7-498b7c8032c0: start FollowerState
2019-10-17 07:42:20,535 [Thread-2527] INFO  impl.FollowerState (FollowerState.java:run(117)) - 443b071d-6096-48d6-bfe7-498b7c8032c0@group-7EB39FB5DF22-FollowerState was interrupted: java.lang.InterruptedException: sleep interrupted
2019-10-17 07:42:20,540 [cbde3520-0cea-4357-bb04-1a0ae64b2bb1@group-7EB39FB5DF22-LeaderElection354] INFO  impl.LeaderElection (LeaderElection.java:logAndReturn(56)) - cbde3520-0cea-4357-bb04-1a0ae64b2bb1@group-7EB39FB5DF22-LeaderElection354: Election TIMEOUT; received 0 response(s) [] and 0 exception(s); cbde3520-0cea-4357-bb04-1a0ae64b2bb1@group-7EB39FB5DF22:t382, leader=null, voted=cbde3520-0cea-4357-bb04-1a0ae64b2bb1, raftlog=cbde3520-0cea-4357-bb04-1a0ae64b2bb1@group-7EB39FB5DF22-SegmentedRaftLog:OPENED:c-1,f-1,i0, conf=-1: [40d2d32e-dd25-45df-8070-f9dc56ccf0a7:192.168.34.62:41633, cbde3520-0cea-4357-bb04-1a0ae64b2bb1:192.168.34.62:41642, 443b071d-6096-48d6-bfe7-498b7c8032c0:192.168.34.62:46516], old=null
2019-10-17 07:42:20,547 [cbde3520-0cea-4357-bb04-1a0ae64b2bb1@group-7EB39FB5DF22-LeaderElection354] INFO  impl.LeaderElection (LeaderElection.java:askForVotes(178)) - cbde3520-0cea-4357-bb04-1a0ae64b2bb1@group-7EB39FB5DF22-LeaderElection354: begin an election at term 383 for -1: [40d2d32e-dd25-45df-8070-f9dc56ccf0a7:192.168.34.62:41633, cbde3520-0cea-4357-bb04-1a0ae64b2bb1:192.168.34.62:41642, 443b071d-6096-48d6-bfe7-498b7c8032c0:192.168.34.62:46516], old=null
2019-10-17 07:42:20,549 [grpc-default-executor-4] INFO  impl.RaftServerImpl (RaftServerImpl.java:setRole(184)) - 40d2d32e-dd25-45df-8070-f9dc56ccf0a7@group-7EB39FB5DF22: changes role from  FOLLOWER to FOLLOWER at term 383 for recognizeCandidate:cbde3520-0cea-4357-bb04-1a0ae64b2bb1
2019-10-17 07:42:20,550 [grpc-default-executor-4] INFO  impl.RoleInfo (RoleInfo.java:shutdownFollowerState(121)) - 40d2d32e-dd25-45df-8070-f9dc56ccf0a7: shutdown FollowerState
2019-10-17 07:42:20,550 [grpc-default-executor-1] INFO  impl.RaftServerImpl (RaftServerImpl.java:setRole(184)) - 443b071d-6096-48d6-bfe7-498b7c8032c0@group-7EB39FB5DF22: changes role from  FOLLOWER to FOLLOWER at term 383 for recognizeCandidate:cbde3520-0cea-4357-bb04-1a0ae64b2bb1
2019-10-17 07:42:20,550 [grpc-default-executor-1] INFO  impl.RoleInfo (RoleInfo.java:shutdownFollowerState(121)) - 443b071d-6096-48d6-bfe7-498b7c8032c0: shutdown FollowerState
2019-10-17 07:42:20,550 [Thread-2532] INFO  impl.FollowerState (FollowerState.java:run(117)) - 40d2d32e-dd25-45df-8070-f9dc56ccf0a7@group-7EB39FB5DF22-FollowerState was interrupted: java.lang.InterruptedException: sleep interrupted
2019-10-17 07:42:20,550 [grpc-default-executor-4] INFO  impl.RoleInfo (RoleInfo.java:updateAndGet(143)) - 40d2d32e-dd25-45df-8070-f9dc56ccf0a7: start FollowerState
2019-10-17 07:42:20,550 [grpc-default-executor-1] INFO  impl.RoleInfo (RoleInfo.java:updateAndGet(143)) - 443b071d-6096-48d6-bfe7-498b7c8032c0: start FollowerState
2019-10-17 07:42:20,550 [Thread-2533] INFO  impl.FollowerState (FollowerState.java:run(117)) - 443b071d-6096-48d6-bfe7-498b7c8032c0@group-7EB39FB5DF22-FollowerState was interrupted: java.lang.InterruptedException: sleep interrupted
2019-10-17 07:42:20,574 [cbde3520-0cea-4357-bb04-1a0ae64b2bb1@group-7EB39FB5DF22-LeaderElection354] INFO  impl.LeaderElection (LeaderElection.java:logAndReturn(56)) - cbde3520-0cea-4357-bb04-1a0ae64b2bb1@group-7EB39FB5DF22-LeaderElection354: Election REJECTED; received 2 response(s) [cbde3520-0cea-4357-bb04-1a0ae64b2bb1<-40d2d32e-dd25-45df-8070-f9dc56ccf0a7#0:FAIL-t383, cbde3520-0cea-4357-bb04-1a0ae64b2bb1<-443b071d-6096-48d6-bfe7-498b7c8032c0#0:FAIL-t383] and 0 exception(s); cbde3520-0cea-4357-bb04-1a0ae64b2bb1@group-7EB39FB5DF22:t383, leader=null, voted=cbde3520-0cea-4357-bb04-1a0ae64b2bb1, raftlog=cbde3520-0cea-4357-bb04-1a0ae64b2bb1@group-7EB39FB5DF22-SegmentedRaftLog:OPENED:c-1,f-1,i0, conf=-1: [40d2d32e-dd25-45df-8070-f9dc56ccf0a7:192.168.34.62:41633, cbde3520-0cea-4357-bb04-1a0ae64b2bb1:192.168.34.62:41642, 443b071d-6096-48d6-bfe7-498b7c8032c0:192.168.34.62:46516], old=null
2019-10-17 07:42:20,574 [cbde3520-0cea-4357-bb04-1a0ae64b2bb1@group-7EB39FB5DF22-LeaderElection354] INFO  impl.RaftServerImpl (RaftServerImpl.java:setRole(184)) - cbde3520-0cea-4357-bb04-1a0ae64b2bb1@group-7EB39FB5DF22: changes role from CANDIDATE to FOLLOWER at term 383 for DISCOVERED_A_NEW_TERM
2019-10-17 07:42:20,575 [cbde3520-0cea-4357-bb04-1a0ae64b2bb1@group-7EB39FB5DF22-LeaderElection354] INFO  impl.RoleInfo (RoleInfo.java:shutdownLeaderElection(134)) - cbde3520-0cea-4357-bb04-1a0ae64b2bb1: shutdown LeaderElection
2019-10-17 07:42:20,575 [cbde3520-0cea-4357-bb04-1a0ae64b2bb1@group-7EB39FB5DF22-LeaderElection354] INFO  impl.RoleInfo (RoleInfo.java:updateAndGet(143)) - cbde3520-0cea-4357-bb04-1a0ae64b2bb1: start FollowerState
2019-10-17 07:42:20,599 [Thread-2538] INFO  impl.FollowerState (FollowerState.java:run(108)) - cbde3520-0cea-4357-bb04-1a0ae64b2bb1@group-7EB39FB5DF22-FollowerState: change to CANDIDATE, lastRpcTime:24ms, electionTimeout:24ms
2019-10-17 07:42:20,599 [Thread-2538] INFO  impl.RoleInfo (RoleInfo.java:shutdownFollowerState(121)) - cbde3520-0cea-4357-bb04-1a0ae64b2bb1: shutdown FollowerState
2019-10-17 07:42:20,599 [Thread-2538] INFO  impl.RaftServerImpl (RaftServerImpl.java:setRole(184)) - cbde3520-0cea-4357-bb04-1a0ae64b2bb1@group-7EB39FB5DF22: changes role from  FOLLOWER to CANDIDATE at term 383 for changeToCandidate
2019-10-17 07:42:20,599 [Thread-2538] INFO  impl.RoleInfo (RoleInfo.java:updateAndGet(143)) - cbde3520-0cea-4357-bb04-1a0ae64b2bb1: start LeaderElection
2019-10-17 07:42:20,621 [cbde3520-0cea-4357-bb04-1a0ae64b2bb1@group-7EB39FB5DF22-LeaderElection355] INFO  impl.LeaderElection (LeaderElection.java:askForVotes(178)) - cbde3520-0cea-4357-bb04-1a0ae64b2bb1@group-7EB39FB5DF22-LeaderElection355: begin an election at term 384 for -1: [40d2d32e-dd25-45df-8070-f9dc56ccf0a7:192.168.34.62:41633, cbde3520-0cea-4357-bb04-1a0ae64b2bb1:192.168.34.62:41642, 443b071d-6096-48d6-bfe7-498b7c8032c0:192.168.34.62:46516], old=null
2019-10-17 07:42:20,623 [grpc-default-executor-1] INFO  impl.RaftServerImpl (RaftServerImpl.java:setRole(184)) - 40d2d32e-dd25-45df-8070-f9dc56ccf0a7@group-7EB39FB5DF22: changes role from  FOLLOWER to FOLLOWER at term 384 for recognizeCandidate:cbde3520-0cea-4357-bb04-1a0ae64b2bb1
2019-10-17 07:42:20,623 [grpc-default-executor-1] INFO  impl.RoleInfo (RoleInfo.java:shutdownFollowerState(121)) - 40d2d32e-dd25-45df-8070-f9dc56ccf0a7: shutdown FollowerState
2019-10-17 07:42:20,623 [grpc-default-executor-4] INFO  impl.RaftServerImpl (RaftServerImpl.java:setRole(184)) - 443b071d-6096-48d6-bfe7-498b7c8032c0@group-7EB39FB5DF22: changes role from  FOLLOWER to FOLLOWER at term 384 for recognizeCandidate:cbde3520-0cea-4357-bb04-1a0ae64b2bb1
2019-10-17 07:42:20,624 [grpc-default-executor-4] INFO  impl.RoleInfo (RoleInfo.java:shutdownFollowerState(121)) - 443b071d-6096-48d6-bfe7-498b7c8032c0: shutdown FollowerState
2019-10-17 07:42:20,624 [Thread-2536] INFO  impl.FollowerState (FollowerState.java:run(117)) - 40d2d32e-dd25-45df-8070-f9dc56ccf0a7@group-7EB39FB5DF22-FollowerState was interrupted: java.lang.InterruptedException: sleep interrupted
2019-10-17 07:42:20,624 [Thread-2537] INFO  impl.FollowerState (FollowerState.java:run(117)) - 443b071d-6096-48d6-bfe7-498b7c8032c0@group-7EB39FB5DF22-FollowerState was interrupted: java.lang.InterruptedException: sleep interrupted
2019-10-17 07:42:20,624 [grpc-default-executor-1] INFO  impl.RoleInfo (RoleInfo.java:updateAndGet(143)) - 40d2d32e-dd25-45df-8070-f9dc56ccf0a7: start FollowerState
2019-10-17 07:42:20,624 [grpc-default-executor-4] INFO  impl.RoleInfo (RoleInfo.java:updateAndGet(143)) - 443b071d-6096-48d6-bfe7-498b7c8032c0: start FollowerState
2019-10-17 07:42:20,647 [cbde3520-0cea-4357-bb04-1a0ae64b2bb1@group-7EB39FB5DF22-LeaderElection355] INFO  impl.LeaderElection (LeaderElection.java:logAndReturn(56)) - cbde3520-0cea-4357-bb04-1a0ae64b2bb1@group-7EB39FB5DF22-LeaderElection355: Election REJECTED; received 2 response(s) [cbde3520-0cea-4357-bb04-1a0ae64b2bb1<-40d2d32e-dd25-45df-8070-f9dc56ccf0a7#0:FAIL-t384, cbde3520-0cea-4357-bb04-1a0ae64b2bb1<-443b071d-6096-48d6-bfe7-498b7c8032c0#0:FAIL-t384] and 0 exception(s); cbde3520-0cea-4357-bb04-1a0ae64b2bb1@group-7EB39FB5DF22:t384, leader=null, voted=cbde3520-0cea-4357-bb04-1a0ae64b2bb1, raftlog=cbde3520-0cea-4357-bb04-1a0ae64b2bb1@group-7EB39FB5DF22-SegmentedRaftLog:OPENED:c-1,f-1,i0, conf=-1: [40d2d32e-dd25-45df-8070-f9dc56ccf0a7:192.168.34.62:41633, cbde3520-0cea-4357-bb04-1a0ae64b2bb1:192.168.34.62:41642, 443b071d-6096-48d6-bfe7-498b7c8032c0:192.168.34.62:46516], old=null
2019-10-17 07:42:20,647 [cbde3520-0cea-4357-bb04-1a0ae64b2bb1@group-7EB39FB5DF22-LeaderElection355] INFO  impl.RaftServerImpl (RaftServerImpl.java:setRole(184)) - cbde3520-0cea-4357-bb04-1a0ae64b2bb1@group-7EB39FB5DF22: changes role from CANDIDATE to FOLLOWER at term 384 for DISCOVERED_A_NEW_TERM
2019-10-17 07:42:20,647 [cbde3520-0cea-4357-bb04-1a0ae64b2bb1@group-7EB39FB5DF22-LeaderElection355] INFO  impl.RoleInfo (RoleInfo.java:shutdownLeaderElection(134)) - cbde3520-0cea-4357-bb04-1a0ae64b2bb1: shutdown LeaderElection
2019-10-17 07:42:20,647 [cbde3520-0cea-4357-bb04-1a0ae64b2bb1@group-7EB39FB5DF22-LeaderElection355] INFO  impl.RoleInfo (RoleInfo.java:updateAndGet(143)) - cbde3520-0cea-4357-bb04-1a0ae64b2bb1: start FollowerState
2019-10-17 07:42:20,698 [Thread-2544] INFO  impl.FollowerState (FollowerState.java:run(108)) - cbde3520-0cea-4357-bb04-1a0ae64b2bb1@group-7EB39FB5DF22-FollowerState: change to CANDIDATE, lastRpcTime:50ms, electionTimeout:50ms
2019-10-17 07:42:20,698 [Thread-2544] INFO  impl.RoleInfo (RoleInfo.java:shutdownFollowerState(121)) - cbde3520-0cea-4357-bb04-1a0ae64b2bb1: shutdown FollowerState
2019-10-17 07:42:20,698 [Thread-2544] INFO  impl.RaftServerImpl (RaftServerImpl.java:setRole(184)) - cbde3520-0cea-4357-bb04-1a0ae64b2bb1@group-7EB39FB5DF22: changes role from  FOLLOWER to CANDIDATE at term 384 for changeToCandidate
2019-10-17 07:42:20,698 [Thread-2544] INFO  impl.RoleInfo (RoleInfo.java:updateAndGet(143)) - cbde3520-0cea-4357-bb04-1a0ae64b2bb1: start LeaderElection
2019-10-17 07:42:20,722 [cbde3520-0cea-4357-bb04-1a0ae64b2bb1@group-7EB39FB5DF22-LeaderElection356] INFO  impl.LeaderElection (LeaderElection.java:askForVotes(178)) - cbde3520-0cea-4357-bb04-1a0ae64b2bb1@group-7EB39FB5DF22-LeaderElection356: begin an election at term 385 for -1: [40d2d32e-dd25-45df-8070-f9dc56ccf0a7:192.168.34.62:41633, cbde3520-0cea-4357-bb04-1a0ae64b2bb1:192.168.34.62:41642, 443b071d-6096-48d6-bfe7-498b7c8032c0:192.168.34.62:46516], old=null
2019-10-17 07:42:20,724 [grpc-default-executor-1] INFO  impl.RaftServerImpl (RaftServerImpl.java:setRole(184)) - 40d2d32e-dd25-45df-8070-f9dc56ccf0a7@group-7EB39FB5DF22: changes role from  FOLLOWER to FOLLOWER at term 385 for recognizeCandidate:cbde3520-0cea-4357-bb04-1a0ae64b2bb1
2019-10-17 07:42:20,724 [grpc-default-executor-1] INFO  impl.RoleInfo (RoleInfo.java:shutdownFollowerState(121)) - 40d2d32e-dd25-45df-8070-f9dc56ccf0a7: shutdown FollowerState
2019-10-17 07:42:20,724 [grpc-default-executor-4] INFO  impl.RaftServerImpl (RaftServerImpl.java:setRole(184)) - 443b071d-6096-48d6-bfe7-498b7c8032c0@group-7EB39FB5DF22: changes role from  FOLLOWER to FOLLOWER at term 385 for recognizeCandidate:cbde3520-0cea-4357-bb04-1a0ae64b2bb1
2019-10-17 07:42:20,724 [grpc-default-executor-4] INFO  impl.RoleInfo (RoleInfo.java:shutdownFollowerState(121)) - 443b071d-6096-48d6-bfe7-498b7c8032c0: shutdown FollowerState
2019-10-17 07:42:20,724 [Thread-2542] INFO  impl.FollowerState (FollowerState.java:run(117)) - 40d2d32e-dd25-45df-8070-f9dc56ccf0a7@group-7EB39FB5DF22-FollowerState was interrupted: java.lang.InterruptedException: sleep interrupted
2019-10-17 07:42:20,724 [grpc-default-executor-1] INFO  impl.RoleInfo (RoleInfo.java:updateAndGet(143)) - 40d2d32e-dd25-45df-8070-f9dc56ccf0a7: start FollowerState
2019-10-17 07:42:20,724 [Thread-2543] INFO  impl.FollowerState (FollowerState.java:run(117)) - 443b071d-6096-48d6-bfe7-498b7c8032c0@group-7EB39FB5DF22-FollowerState was interrupted: java.lang.InterruptedException: sleep interrupted
2019-10-17 07:42:20,724 [grpc-default-executor-4] INFO  impl.RoleInfo (RoleInfo.java:updateAndGet(143)) - 443b071d-6096-48d6-bfe7-498b7c8032c0: start FollowerState
2019-10-17 07:42:20,738 [cbde3520-0cea-4357-bb04-1a0ae64b2bb1@group-7EB39FB5DF22-LeaderElection356] INFO  impl.LeaderElection (LeaderElection.java:logAndReturn(56)) - cbde3520-0cea-4357-bb04-1a0ae64b2bb1@group-7EB39FB5DF22-LeaderElection356: Election REJECTED; received 2 response(s) [cbde3520-0cea-4357-bb04-1a0ae64b2bb1<-40d2d32e-dd25-45df-8070-f9dc56ccf0a7#0:FAIL-t385, cbde3520-0cea-4357-bb04-1a0ae64b2bb1<-443b071d-6096-48d6-bfe7-498b7c8032c0#0:FAIL-t385] and 0 exception(s); cbde3520-0cea-4357-bb04-1a0ae64b2bb1@group-7EB39FB5DF22:t385, leader=null, voted=cbde3520-0cea-4357-bb04-1a0ae64b2bb1, raftlog=cbde3520-0cea-4357-bb04-1a0ae64b2bb1@group-7EB39FB5DF22-SegmentedRaftLog:OPENED:c-1,f-1,i0, conf=-1: [40d2d32e-dd25-45df-8070-f9dc56ccf0a7:192.168.34.62:41633, cbde3520-0cea-4357-bb04-1a0ae64b2bb1:192.168.34.62:41642, 443b071d-6096-48d6-bfe7-498b7c8032c0:192.168.34.62:46516], old=null
2019-10-17 07:42:20,738 [cbde3520-0cea-4357-bb04-1a0ae64b2bb1@group-7EB39FB5DF22-LeaderElection356] INFO  impl.RaftServerImpl (RaftServerImpl.java:setRole(184)) - cbde3520-0cea-4357-bb04-1a0ae64b2bb1@group-7EB39FB5DF22: changes role from CANDIDATE to FOLLOWER at term 385 for DISCOVERED_A_NEW_TERM
2019-10-17 07:42:20,738 [cbde3520-0cea-4357-bb04-1a0ae64b2bb1@group-7EB39FB5DF22-LeaderElection356] INFO  impl.RoleInfo (RoleInfo.java:shutdownLeaderElection(134)) - cbde3520-0cea-4357-bb04-1a0ae64b2bb1: shutdown LeaderElection
2019-10-17 07:42:20,738 [cbde3520-0cea-4357-bb04-1a0ae64b2bb1@group-7EB39FB5DF22-LeaderElection356] INFO  impl.RoleInfo (RoleInfo.java:updateAndGet(143)) - cbde3520-0cea-4357-bb04-1a0ae64b2bb1: start FollowerState
2019-10-17 07:42:20,857 [Thread-2550] INFO  impl.FollowerState (FollowerState.java:run(108)) - cbde3520-0cea-4357-bb04-1a0ae64b2bb1@group-7EB39FB5DF22-FollowerState: change to CANDIDATE, lastRpcTime:118ms, electionTimeout:118ms
2019-10-17 07:42:20,857 [Thread-2550] INFO  impl.RoleInfo (RoleInfo.java:shutdownFollowerState(121)) - cbde3520-0cea-4357-bb04-1a0ae64b2bb1: shutdown FollowerState
2019-10-17 07:42:20,857 [Thread-2550] INFO  impl.RaftServerImpl (RaftServerImpl.java:setRole(184)) - cbde3520-0cea-4357-bb04-1a0ae64b2bb1@group-7EB39FB5DF22: changes role from  FOLLOWER to CANDIDATE at term 385 for changeToCandidate
2019-10-17 07:42:20,857 [Thread-2550] INFO  impl.RoleInfo (RoleInfo.java:updateAndGet(143)) - cbde3520-0cea-4357-bb04-1a0ae64b2bb1: start LeaderElection
2019-10-17 07:42:20,880 [cbde3520-0cea-4357-bb04-1a0ae64b2bb1@group-7EB39FB5DF22-LeaderElection357] INFO  impl.LeaderElection (LeaderElection.java:askForVotes(178)) - cbde3520-0cea-4357-bb04-1a0ae64b2bb1@group-7EB39FB5DF22-LeaderElection357: begin an election at term 386 for -1: [40d2d32e-dd25-45df-8070-f9dc56ccf0a7:192.168.34.62:41633, cbde3520-0cea-4357-bb04-1a0ae64b2bb1:192.168.34.62:41642, 443b071d-6096-48d6-bfe7-498b7c8032c0:192.168.34.62:46516], old=null
2019-10-17 07:42:20,882 [cbde3520-0cea-4357-bb04-1a0ae64b2bb1@group-7EB39FB5DF22-LeaderElection357] INFO  impl.LeaderElection (LeaderElection.java:logAndReturn(56)) - cbde3520-0cea-4357-bb04-1a0ae64b2bb1@group-7EB39FB5DF22-LeaderElection357: Election TIMEOUT; received 0 response(s) [] and 0 exception(s); cbde3520-0cea-4357-bb04-1a0ae64b2bb1@group-7EB39FB5DF22:t386, leader=null, voted=cbde3520-0cea-4357-bb04-1a0ae64b2bb1, raftlog=cbde3520-0cea-4357-bb04-1a0ae64b2bb1@group-7EB39FB5DF22-SegmentedRaftLog:OPENED:c-1,f-1,i0, conf=-1: [40d2d32e-dd25-45df-8070-f9dc56ccf0a7:192.168.34.62:41633, cbde3520-0cea-4357-bb04-1a0ae64b2bb1:192.168.34.62:41642, 443b071d-6096-48d6-bfe7-498b7c8032c0:192.168.34.62:46516], old=null
2019-10-17 07:42:20,882 [grpc-default-executor-4] INFO  impl.RaftServerImpl (RaftServerImpl.java:setRole(184)) - 40d2d32e-dd25-45df-8070-f9dc56ccf0a7@group-7EB39FB5DF22: changes role from  FOLLOWER to FOLLOWER at term 386 for recognizeCandidate:cbde3520-0cea-4357-bb04-1a0ae64b2bb1
2019-10-17 07:42:20,882 [grpc-default-executor-4] INFO  impl.RoleInfo (RoleInfo.java:shutdownFollowerState(121)) - 40d2d32e-dd25-45df-8070-f9dc56ccf0a7: shutdown FollowerState
2019-10-17 07:42:20,882 [grpc-default-executor-1] INFO  impl.RaftServerImpl (RaftServerImpl.java:setRole(184)) - 443b071d-6096-48d6-bfe7-498b7c8032c0@group-7EB39FB5DF22: changes role from  FOLLOWER to FOLLOWER at term 386 for recognizeCandidate:cbde3520-0cea-4357-bb04-1a0ae64b2bb1
2019-10-17 07:42:20,883 [Thread-2548] INFO  impl.FollowerState (FollowerState.java:run(117)) - 40d2d32e-dd25-45df-8070-f9dc56ccf0a7@group-7EB39FB5DF22-FollowerState was interrupted: java.lang.InterruptedException: sleep interrupted
2019-10-17 07:42:20,883 [grpc-default-executor-4] INFO  impl.RoleInfo (RoleInfo.java:updateAndGet(143)) - 40d2d32e-dd25-45df-8070-f9dc56ccf0a7: start FollowerState
2019-10-17 07:42:20,883 [grpc-default-executor-1] INFO  impl.RoleInfo (RoleInfo.java:shutdownFollowerState(121)) - 443b071d-6096-48d6-bfe7-498b7c8032c0: shutdown FollowerState
2019-10-17 07:42:20,883 [grpc-default-executor-1] INFO  impl.RoleInfo (RoleInfo.java:updateAndGet(143)) - 443b071d-6096-48d6-bfe7-498b7c8032c0: start FollowerState
2019-10-17 07:42:20,883 [Thread-2549] INFO  impl.FollowerState (FollowerState.java:run(117)) - 443b071d-6096-48d6-bfe7-498b7c8032c0@group-7EB39FB5DF22-FollowerState was interrupted: java.lang.InterruptedException: sleep interrupted
2019-10-17 07:42:20,896 [cbde3520-0cea-4357-bb04-1a0ae64b2bb1@group-7EB39FB5DF22-LeaderElection357] INFO  impl.LeaderElection (LeaderElection.java:askForVotes(178)) - cbde3520-0cea-4357-bb04-1a0ae64b2bb1@group-7EB39FB5DF22-LeaderElection357: begin an election at term 387 for -1: [40d2d32e-dd25-45df-8070-f9dc56ccf0a7:192.168.34.62:41633, cbde3520-0cea-4357-bb04-1a0ae64b2bb1:192.168.34.62:41642, 443b071d-6096-48d6-bfe7-498b7c8032c0:192.168.34.62:46516], old=null
2019-10-17 07:42:20,898 [grpc-default-executor-1] INFO  impl.RaftServerImpl (RaftServerImpl.java:setRole(184)) - 40d2d32e-dd25-45df-8070-f9dc56ccf0a7@group-7EB39FB5DF22: changes role from  FOLLOWER to FOLLOWER at term 387 for recognizeCandidate:cbde3520-0cea-4357-bb04-1a0ae64b2bb1
2019-10-17 07:42:20,898 [grpc-default-executor-4] INFO  impl.RaftServerImpl (RaftServerImpl.java:setRole(184)) - 443b071d-6096-48d6-bfe7-498b7c8032c0@group-7EB39FB5DF22: changes role from  FOLLOWER to FOLLOWER at term 387 for recognizeCandidate:cbde3520-0cea-4357-bb04-1a0ae64b2bb1
2019-10-17 07:42:20,898 [grpc-default-executor-1] INFO  impl.RoleInfo (RoleInfo.java:shutdownFollowerState(121)) - 40d2d32e-dd25-45df-8070-f9dc56ccf0a7: shutdown FollowerState
2019-10-17 07:42:20,898 [grpc-default-executor-4] INFO  impl.RoleInfo (RoleInfo.java:shutdownFollowerState(121)) - 443b071d-6096-48d6-bfe7-498b7c8032c0: shutdown FollowerState
2019-10-17 07:42:20,899 [Thread-2554] INFO  impl.FollowerState (FollowerState.java:run(117)) - 40d2d32e-dd25-45df-8070-f9dc56ccf0a7@group-7EB39FB5DF22-FollowerState was interrupted: java.lang.InterruptedException: sleep interrupted
2019-10-17 07:42:20,899 [grpc-default-executor-1] INFO  impl.RoleInfo (RoleInfo.java:updateAndGet(143)) - 40d2d32e-dd25-45df-8070-f9dc56ccf0a7: start FollowerState
2019-10-17 07:42:20,899 [Thread-2555] INFO  impl.FollowerState (FollowerState.java:run(117)) - 443b071d-6096-48d6-bfe7-498b7c8032c0@group-7EB39FB5DF22-FollowerState was interrupted: java.lang.InterruptedException: sleep interrupted
2019-10-17 07:42:20,899 [grpc-default-executor-4] INFO  impl.RoleInfo (RoleInfo.java:updateAndGet(143)) - 443b071d-6096-48d6-bfe7-498b7c8032c0: start FollowerState
2019-10-17 07:42:20,917 [cbde3520-0cea-4357-bb04-1a0ae64b2bb1@group-7EB39FB5DF22-LeaderElection357] INFO  impl.LeaderElection (LeaderElection.java:logAndReturn(56)) - cbde3520-0cea-4357-bb04-1a0ae64b2bb1@group-7EB39FB5DF22-LeaderElection357: Election REJECTED; received 2 response(s) [cbde3520-0cea-4357-bb04-1a0ae64b2bb1<-40d2d32e-dd25-45df-8070-f9dc56ccf0a7#0:FAIL-t387, cbde3520-0cea-4357-bb04-1a0ae64b2bb1<-443b071d-6096-48d6-bfe7-498b7c8032c0#0:FAIL-t387] and 0 exception(s); cbde3520-0cea-4357-bb04-1a0ae64b2bb1@group-7EB39FB5DF22:t387, leader=null, voted=cbde3520-0cea-4357-bb04-1a0ae64b2bb1, raftlog=cbde3520-0cea-4357-bb04-1a0ae64b2bb1@group-7EB39FB5DF22-SegmentedRaftLog:OPENED:c-1,f-1,i0, conf=-1: [40d2d32e-dd25-45df-8070-f9dc56ccf0a7:192.168.34.62:41633, cbde3520-0cea-4357-bb04-1a0ae64b2bb1:192.168.34.62:41642, 443b071d-6096-48d6-bfe7-498b7c8032c0:192.168.34.62:46516], old=null
2019-10-17 07:42:20,918 [cbde3520-0cea-4357-bb04-1a0ae64b2bb1@group-7EB39FB5DF22-LeaderElection357] INFO  impl.RaftServerImpl (RaftServerImpl.java:setRole(184)) - cbde3520-0cea-4357-bb04-1a0ae64b2bb1@group-7EB39FB5DF22: changes role from CANDIDATE to FOLLOWER at term 387 for DISCOVERED_A_NEW_TERM
2019-10-17 07:42:20,918 [cbde3520-0cea-4357-bb04-1a0ae64b2bb1@group-7EB39FB5DF22-LeaderElection357] INFO  impl.RoleInfo (RoleInfo.java:shutdownLeaderElection(134)) - cbde3520-0cea-4357-bb04-1a0ae64b2bb1: shutdown LeaderElection
2019-10-17 07:42:20,918 [cbde3520-0cea-4357-bb04-1a0ae64b2bb1@group-7EB39FB5DF22-LeaderElection357] INFO  impl.RoleInfo (RoleInfo.java:updateAndGet(143)) - cbde3520-0cea-4357-bb04-1a0ae64b2bb1: start FollowerState
2019-10-17 07:42:20,988 [Thread-2560] INFO  impl.FollowerState (FollowerState.java:run(108)) - cbde3520-0cea-4357-bb04-1a0ae64b2bb1@group-7EB39FB5DF22-FollowerState: change to CANDIDATE, lastRpcTime:70ms, electionTimeout:70ms
2019-10-17 07:42:20,989 [Thread-2560] INFO  impl.RoleInfo (RoleInfo.java:shutdownFollowerState(121)) - cbde3520-0cea-4357-bb04-1a0ae64b2bb1: shutdown FollowerState
2019-10-17 07:42:20,989 [Thread-2560] INFO  impl.RaftServerImpl (RaftServerImpl.java:setRole(184)) - cbde3520-0cea-4357-bb04-1a0ae64b2bb1@group-7EB39FB5DF22: changes role from  FOLLOWER to CANDIDATE at term 387 for changeToCandidate
2019-10-17 07:42:20,989 [Thread-2560] INFO  impl.RoleInfo (RoleInfo.java:updateAndGet(143)) - cbde3520-0cea-4357-bb04-1a0ae64b2bb1: start LeaderElection
2019-10-17 07:42:21,013 [cbde3520-0cea-4357-bb04-1a0ae64b2bb1@group-7EB39FB5DF22-LeaderElection358] INFO  impl.LeaderElection (LeaderElection.java:askForVotes(178)) - cbde3520-0cea-4357-bb04-1a0ae64b2bb1@group-7EB39FB5DF22-LeaderElection358: begin an election at term 388 for -1: [40d2d32e-dd25-45df-8070-f9dc56ccf0a7:192.168.34.62:41633, cbde3520-0cea-4357-bb04-1a0ae64b2bb1:192.168.34.62:41642, 443b071d-6096-48d6-bfe7-498b7c8032c0:192.168.34.62:46516], old=null
2019-10-17 07:42:21,016 [grpc-default-executor-4] INFO  impl.RaftServerImpl (RaftServerImpl.java:setRole(184)) - 443b071d-6096-48d6-bfe7-498b7c8032c0@group-7EB39FB5DF22: changes role from  FOLLOWER to FOLLOWER at term 388 for recognizeCandidate:cbde3520-0cea-4357-bb04-1a0ae64b2bb1
2019-10-17 07:42:21,016 [grpc-default-executor-1] INFO  impl.RaftServerImpl (RaftServerImpl.java:setRole(184)) - 40d2d32e-dd25-45df-8070-f9dc56ccf0a7@group-7EB39FB5DF22: changes role from  FOLLOWER to FOLLOWER at term 388 for recognizeCandidate:cbde3520-0cea-4357-bb04-1a0ae64b2bb1
2019-10-17 07:42:21,016 [grpc-default-executor-1] INFO  impl.RoleInfo (RoleInfo.java:shutdownFollowerState(121)) - 40d2d32e-dd25-45df-8070-f9dc56ccf0a7: shutdown FollowerState
2019-10-17 07:42:21,016 [grpc-default-executor-4] INFO  impl.RoleInfo (RoleInfo.java:shutdownFollowerState(121)) - 443b071d-6096-48d6-bfe7-498b7c8032c0: shutdown FollowerState
2019-10-17 07:42:21,017 [grpc-default-executor-1] INFO  impl.RoleInfo (RoleInfo.java:updateAndGet(143)) - 40d2d32e-dd25-45df-8070-f9dc56ccf0a7: start FollowerState
2019-10-17 07:42:21,017 [Thread-2558] INFO  impl.FollowerState (FollowerState.java:run(117)) - 40d2d32e-dd25-45df-8070-f9dc56ccf0a7@group-7EB39FB5DF22-FollowerState was interrupted: java.lang.InterruptedException: sleep interrupted
2019-10-17 07:42:21,017 [Thread-2559] INFO  impl.FollowerState (FollowerState.java:run(117)) - 443b071d-6096-48d6-bfe7-498b7c8032c0@group-7EB39FB5DF22-FollowerState was interrupted: java.lang.InterruptedException: sleep interrupted
2019-10-17 07:42:21,017 [grpc-default-executor-4] INFO  impl.RoleInfo (RoleInfo.java:updateAndGet(143)) - 443b071d-6096-48d6-bfe7-498b7c8032c0: start FollowerState
2019-10-17 07:42:21,025 [cbde3520-0cea-4357-bb04-1a0ae64b2bb1@group-7EB39FB5DF22-LeaderElection358] INFO  impl.LeaderElection (LeaderElection.java:logAndReturn(56)) - cbde3520-0cea-4357-bb04-1a0ae64b2bb1@group-7EB39FB5DF22-LeaderElection358: Election TIMEOUT; received 0 response(s) [] and 0 exception(s); cbde3520-0cea-4357-bb04-1a0ae64b2bb1@group-7EB39FB5DF22:t388, leader=null, voted=cbde3520-0cea-4357-bb04-1a0ae64b2bb1, raftlog=cbde3520-0cea-4357-bb04-1a0ae64b2bb1@group-7EB39FB5DF22-SegmentedRaftLog:OPENED:c-1,f-1,i0, conf=-1: [40d2d32e-dd25-45df-8070-f9dc56ccf0a7:192.168.34.62:41633, cbde3520-0cea-4357-bb04-1a0ae64b2bb1:192.168.34.62:41642, 443b071d-6096-48d6-bfe7-498b7c8032c0:192.168.34.62:46516], old=null
2019-10-17 07:42:21,030 [cbde3520-0cea-4357-bb04-1a0ae64b2bb1@group-7EB39FB5DF22-LeaderElection358] INFO  impl.LeaderElection (LeaderElection.java:askForVotes(178)) - cbde3520-0cea-4357-bb04-1a0ae64b2bb1@group-7EB39FB5DF22-LeaderElection358: begin an election at term 389 for -1: [40d2d32e-dd25-45df-8070-f9dc56ccf0a7:192.168.34.62:41633, cbde3520-0cea-4357-bb04-1a0ae64b2bb1:192.168.34.62:41642, 443b071d-6096-48d6-bfe7-498b7c8032c0:192.168.34.62:46516], old=null
2019-10-17 07:42:21,032 [grpc-default-executor-4] INFO  impl.RaftServerImpl (RaftServerImpl.java:setRole(184)) - 40d2d32e-dd25-45df-8070-f9dc56ccf0a7@group-7EB39FB5DF22: changes role from  FOLLOWER to FOLLOWER at term 389 for recognizeCandidate:cbde3520-0cea-4357-bb04-1a0ae64b2bb1
2019-10-17 07:42:21,032 [grpc-default-executor-4] INFO  impl.RoleInfo (RoleInfo.java:shutdownFollowerState(121)) - 40d2d32e-dd25-45df-8070-f9dc56ccf0a7: shutdown FollowerState
2019-10-17 07:42:21,032 [grpc-default-executor-4] INFO  impl.RoleInfo (RoleInfo.java:updateAndGet(143)) - 40d2d32e-dd25-45df-8070-f9dc56ccf0a7: start FollowerState
2019-10-17 07:42:21,032 [Thread-2564] INFO  impl.FollowerState (FollowerState.java:run(117)) - 40d2d32e-dd25-45df-8070-f9dc56ccf0a7@group-7EB39FB5DF22-FollowerState was interrupted: java.lang.InterruptedException: sleep interrupted
2019-10-17 07:42:21,032 [grpc-default-executor-1] INFO  impl.RaftServerImpl (RaftServerImpl.java:setRole(184)) - 443b071d-6096-48d6-bfe7-498b7c8032c0@group-7EB39FB5DF22: changes role from  FOLLOWER to FOLLOWER at term 389 for recognizeCandidate:cbde3520-0cea-4357-bb04-1a0ae64b2bb1
2019-10-17 07:42:21,033 [grpc-default-executor-1] INFO  impl.RoleInfo (RoleInfo.java:shutdownFollowerState(121)) - 443b071d-6096-48d6-bfe7-498b7c8032c0: shutdown FollowerState
2019-10-17 07:42:21,033 [grpc-default-executor-1] INFO  impl.RoleInfo (RoleInfo.java:updateAndGet(143)) - 443b071d-6096-48d6-bfe7-498b7c8032c0: start FollowerState
2019-10-17 07:42:21,033 [Thread-2565] INFO  impl.FollowerState (FollowerState.java:run(117)) - 443b071d-6096-48d6-bfe7-498b7c8032c0@group-7EB39FB5DF22-FollowerState was interrupted: java.lang.InterruptedException: sleep interrupted
2019-10-17 07:42:21,046 [cbde3520-0cea-4357-bb04-1a0ae64b2bb1@group-7EB39FB5DF22-LeaderElection358] INFO  impl.LeaderElection (LeaderElection.java:logAndReturn(56)) - cbde3520-0cea-4357-bb04-1a0ae64b2bb1@group-7EB39FB5DF22-LeaderElection358: Election REJECTED; received 2 response(s) [cbde3520-0cea-4357-bb04-1a0ae64b2bb1<-40d2d32e-dd25-45df-8070-f9dc56ccf0a7#0:FAIL-t389, cbde3520-0cea-4357-bb04-1a0ae64b2bb1<-443b071d-6096-48d6-bfe7-498b7c8032c0#0:FAIL-t389] and 0 exception(s); cbde3520-0cea-4357-bb04-1a0ae64b2bb1@group-7EB39FB5DF22:t389, leader=null, voted=cbde3520-0cea-4357-bb04-1a0ae64b2bb1, raftlog=cbde3520-0cea-4357-bb04-1a0ae64b2bb1@group-7EB39FB5DF22-SegmentedRaftLog:OPENED:c-1,f-1,i0, conf=-1: [40d2d32e-dd25-45df-8070-f9dc56ccf0a7:192.168.34.62:41633, cbde3520-0cea-4357-bb04-1a0ae64b2bb1:192.168.34.62:41642, 443b071d-6096-48d6-bfe7-498b7c8032c0:192.168.34.62:46516], old=null
2019-10-17 07:42:21,047 [cbde3520-0cea-4357-bb04-1a0ae64b2bb1@group-7EB39FB5DF22-LeaderElection358] INFO  impl.RaftServerImpl (RaftServerImpl.java:setRole(184)) - cbde3520-0cea-4357-bb04-1a0ae64b2bb1@group-7EB39FB5DF22: changes role from CANDIDATE to FOLLOWER at term 389 for DISCOVERED_A_NEW_TERM
2019-10-17 07:42:21,047 [cbde3520-0cea-4357-bb04-1a0ae64b2bb1@group-7EB39FB5DF22-LeaderElection358] INFO  impl.RoleInfo (RoleInfo.java:shutdownLeaderElection(134)) - cbde3520-0cea-4357-bb04-1a0ae64b2bb1: shutdown LeaderElection
2019-10-17 07:42:21,047 [cbde3520-0cea-4357-bb04-1a0ae64b2bb1@group-7EB39FB5DF22-LeaderElection358] INFO  impl.RoleInfo (RoleInfo.java:updateAndGet(143)) - cbde3520-0cea-4357-bb04-1a0ae64b2bb1: start FollowerState
2019-10-17 07:42:21,086 [Thread-2570] INFO  impl.FollowerState (FollowerState.java:run(108)) - cbde3520-0cea-4357-bb04-1a0ae64b2bb1@group-7EB39FB5DF22-FollowerState: change to CANDIDATE, lastRpcTime:39ms, electionTimeout:39ms
2019-10-17 07:42:21,087 [Thread-2570] INFO  impl.RoleInfo (RoleInfo.java:shutdownFollowerState(121)) - cbde3520-0cea-4357-bb04-1a0ae64b2bb1: shutdown FollowerState
2019-10-17 07:42:21,087 [Thread-2570] INFO  impl.RaftServerImpl (RaftServerImpl.java:setRole(184)) - cbde3520-0cea-4357-bb04-1a0ae64b2bb1@group-7EB39FB5DF22: changes role from  FOLLOWER to CANDIDATE at term 389 for changeToCandidate
2019-10-17 07:42:21,087 [Thread-2570] INFO  impl.RoleInfo (RoleInfo.java:updateAndGet(143)) - cbde3520-0cea-4357-bb04-1a0ae64b2bb1: start LeaderElection
2019-10-17 07:42:21,110 [cbde3520-0cea-4357-bb04-1a0ae64b2bb1@group-7EB39FB5DF22-LeaderElection359] INFO  impl.LeaderElection (LeaderElection.java:askForVotes(178)) - cbde3520-0cea-4357-bb04-1a0ae64b2bb1@group-7EB39FB5DF22-LeaderElection359: begin an election at term 390 for -1: [40d2d32e-dd25-45df-8070-f9dc56ccf0a7:192.168.34.62:41633, cbde3520-0cea-4357-bb04-1a0ae64b2bb1:192.168.34.62:41642, 443b071d-6096-48d6-bfe7-498b7c8032c0:192.168.34.62:46516], old=null
2019-10-17 07:42:21,112 [grpc-default-executor-4] INFO  impl.RaftServerImpl (RaftServerImpl.java:setRole(184)) - 443b071d-6096-48d6-bfe7-498b7c8032c0@group-7EB39FB5DF22: changes role from  FOLLOWER to FOLLOWER at term 390 for recognizeCandidate:cbde3520-0cea-4357-bb04-1a0ae64b2bb1
2019-10-17 07:42:21,113 [grpc-default-executor-4] INFO  impl.RoleInfo (RoleInfo.java:shutdownFollowerState(121)) - 443b071d-6096-48d6-bfe7-498b7c8032c0: shutdown FollowerState
2019-10-17 07:42:21,112 [grpc-default-executor-1] INFO  impl.RaftServerImpl (RaftServerImpl.java:setRole(184)) - 40d2d32e-dd25-45df-8070-f9dc56ccf0a7@group-7EB39FB5DF22: changes role from  FOLLOWER to FOLLOWER at term 390 for recognizeCandidate:cbde3520-0cea-4357-bb04-1a0ae64b2bb1
2019-10-17 07:42:21,113 [grpc-default-executor-1] INFO  impl.RoleInfo (RoleInfo.java:shutdownFollowerState(121)) - 40d2d32e-dd25-45df-8070-f9dc56ccf0a7: shutdown FollowerState
2019-10-17 07:42:21,113 [Thread-2569] INFO  impl.FollowerState (FollowerState.java:run(117)) - 443b071d-6096-48d6-bfe7-498b7c8032c0@group-7EB39FB5DF22-FollowerState was interrupted: java.lang.InterruptedException: sleep interrupted
2019-10-17 07:42:21,113 [grpc-default-executor-4] INFO  impl.RoleInfo (RoleInfo.java:updateAndGet(143)) - 443b071d-6096-48d6-bfe7-498b7c8032c0: start FollowerState
2019-10-17 07:42:21,113 [Thread-2568] INFO  impl.FollowerState (FollowerState.java:run(117)) - 40d2d32e-dd25-45df-8070-f9dc56ccf0a7@group-7EB39FB5DF22-FollowerState was interrupted: java.lang.InterruptedException: sleep interrupted
2019-10-17 07:42:21,113 [grpc-default-executor-1] INFO  impl.RoleInfo (RoleInfo.java:updateAndGet(143)) - 40d2d32e-dd25-45df-8070-f9dc56ccf0a7: start FollowerState
2019-10-17 07:42:21,127 [cbde3520-0cea-4357-bb04-1a0ae64b2bb1@group-7EB39FB5DF22-LeaderElection359] INFO  impl.LeaderElection (LeaderElection.java:logAndReturn(56)) - cbde3520-0cea-4357-bb04-1a0ae64b2bb1@group-7EB39FB5DF22-LeaderElection359: Election REJECTED; received 2 response(s) [cbde3520-0cea-4357-bb04-1a0ae64b2bb1<-40d2d32e-dd25-45df-8070-f9dc56ccf0a7#0:FAIL-t390, cbde3520-0cea-4357-bb04-1a0ae64b2bb1<-443b071d-6096-48d6-bfe7-498b7c8032c0#0:FAIL-t390] and 0 exception(s); cbde3520-0cea-4357-bb04-1a0ae64b2bb1@group-7EB39FB5DF22:t390, leader=null, voted=cbde3520-0cea-4357-bb04-1a0ae64b2bb1, raftlog=cbde3520-0cea-4357-bb04-1a0ae64b2bb1@group-7EB39FB5DF22-SegmentedRaftLog:OPENED:c-1,f-1,i0, conf=-1: [40d2d32e-dd25-45df-8070-f9dc56ccf0a7:192.168.34.62:41633, cbde3520-0cea-4357-bb04-1a0ae64b2bb1:192.168.34.62:41642, 443b071d-6096-48d6-bfe7-498b7c8032c0:192.168.34.62:46516], old=null
2019-10-17 07:42:21,127 [cbde3520-0cea-4357-bb04-1a0ae64b2bb1@group-7EB39FB5DF22-LeaderElection359] INFO  impl.RaftServerImpl (RaftServerImpl.java:setRole(184)) - cbde3520-0cea-4357-bb04-1a0ae64b2bb1@group-7EB39FB5DF22: changes role from CANDIDATE to FOLLOWER at term 390 for DISCOVERED_A_NEW_TERM
2019-10-17 07:42:21,127 [cbde3520-0cea-4357-bb04-1a0ae64b2bb1@group-7EB39FB5DF22-LeaderElection359] INFO  impl.RoleInfo (RoleInfo.java:shutdownLeaderElection(134)) - cbde3520-0cea-4357-bb04-1a0ae64b2bb1: shutdown LeaderElection
2019-10-17 07:42:21,127 [cbde3520-0cea-4357-bb04-1a0ae64b2bb1@group-7EB39FB5DF22-LeaderElection359] INFO  impl.RoleInfo (RoleInfo.java:updateAndGet(143)) - cbde3520-0cea-4357-bb04-1a0ae64b2bb1: start FollowerState
2019-10-17 07:42:21,227 [main] INFO  ozone.MiniOzoneClusterImpl (MiniOzoneClusterImpl.java:lambda$waitForClusterToBeReady$2(164)) - Waiting for 1 number of pipelines out of 5, to report a leader.
2019-10-17 07:42:21,301 [main] INFO  ozone.MiniOzoneClusterImpl (MiniOzoneClusterImpl.java:shutdown(352)) - Shutting down the Mini Ozone Cluster
2019-10-17 07:42:21,302 [main] INFO  ozone.MiniOzoneClusterImpl (MiniOzoneClusterImpl.java:stop(368)) - Stopping the Mini Ozone Cluster
2019-10-17 07:42:21,302 [main] INFO  ozone.MiniOzoneClusterImpl (MiniOzoneClusterImpl.java:stopOM(438)) - Stopping the OzoneManager
2019-10-17 07:42:21,302 [main] INFO  ipc.Server (Server.java:stop(3082)) - Stopping server on 38234
2019-10-17 07:42:21,304 [IPC Server listener on 38234] INFO  ipc.Server (Server.java:run(1185)) - Stopping IPC Server listener on 38234
2019-10-17 07:42:21,305 [main] INFO  ratis.OzoneManagerDoubleBuffer (OzoneManagerDoubleBuffer.java:stop(250)) - Stopping OMDoubleBuffer flush thread
2019-10-17 07:42:21,305 [IPC Server Responder] INFO  ipc.Server (Server.java:run(1319)) - Stopping IPC Server Responder
2019-10-17 07:42:21,305 [OMDoubleBufferFlushThread] INFO  ratis.OzoneManagerDoubleBuffer (OzoneManagerDoubleBuffer.java:flushTransactions(193)) - OMDoubleBuffer flush thread OMDoubleBufferFlushThread is interrupted and will exit. OMDoubleBufferFlushThread
2019-10-17 07:42:21,307 [main] INFO  utils.BackgroundService (BackgroundService.java:shutdown(151)) - Shutting down service KeyDeletingService
2019-10-17 07:42:21,312 [Thread-2577] INFO  impl.FollowerState (FollowerState.java:run(108)) - cbde3520-0cea-4357-bb04-1a0ae64b2bb1@group-7EB39FB5DF22-FollowerState: change to CANDIDATE, lastRpcTime:184ms, electionTimeout:184ms
2019-10-17 07:42:21,312 [Thread-2577] INFO  impl.RoleInfo (RoleInfo.java:shutdownFollowerState(121)) - cbde3520-0cea-4357-bb04-1a0ae64b2bb1: shutdown FollowerState
2019-10-17 07:42:21,312 [Thread-2577] INFO  impl.RaftServerImpl (RaftServerImpl.java:setRole(184)) - cbde3520-0cea-4357-bb04-1a0ae64b2bb1@group-7EB39FB5DF22: changes role from  FOLLOWER to CANDIDATE at term 390 for changeToCandidate
2019-10-17 07:42:21,312 [Thread-2577] INFO  impl.RoleInfo (RoleInfo.java:updateAndGet(143)) - cbde3520-0cea-4357-bb04-1a0ae64b2bb1: start LeaderElection
2019-10-17 07:42:21,312 [main] INFO  handler.ContextHandler (ContextHandler.java:doStop(910)) - Stopped o.e.j.w.WebAppContext@783efb48{/,null,UNAVAILABLE}{/ozoneManager}
2019-10-17 07:42:21,319 [main] INFO  server.AbstractConnector (AbstractConnector.java:doStop(318)) - Stopped ServerConnector@5d235104{HTTP/1.1,[http/1.1]}{0.0.0.0:0}
2019-10-17 07:42:21,319 [main] INFO  handler.ContextHandler (ContextHandler.java:doStop(910)) - Stopped o.e.j.s.ServletContextHandler@6ff37443{/static,file:///workdir/hadoop-ozone/integration-test/target/test-classes/webapps/static,UNAVAILABLE}
2019-10-17 07:42:21,320 [main] INFO  handler.ContextHandler (ContextHandler.java:doStop(910)) - Stopped o.e.j.s.ServletContextHandler@7a799159{/logs,file:///workdir/hadoop-ozone/integration-test/target/log,UNAVAILABLE}
2019-10-17 07:42:21,325 [cbde3520-0cea-4357-bb04-1a0ae64b2bb1@group-7EB39FB5DF22-LeaderElection360] INFO  impl.LeaderElection (LeaderElection.java:askForVotes(178)) - cbde3520-0cea-4357-bb04-1a0ae64b2bb1@group-7EB39FB5DF22-LeaderElection360: begin an election at term 391 for -1: [40d2d32e-dd25-45df-8070-f9dc56ccf0a7:192.168.34.62:41633, cbde3520-0cea-4357-bb04-1a0ae64b2bb1:192.168.34.62:41642, 443b071d-6096-48d6-bfe7-498b7c8032c0:192.168.34.62:46516], old=null
2019-10-17 07:42:21,327 [main] INFO  ozone.MiniOzoneClusterImpl (MiniOzoneClusterImpl.java:stopDatanodes(415)) - Stopping the HddsDatanodes
2019-10-17 07:42:21,328 [grpc-default-executor-1] INFO  impl.RaftServerImpl (RaftServerImpl.java:setRole(184)) - 443b071d-6096-48d6-bfe7-498b7c8032c0@group-7EB39FB5DF22: changes role from  FOLLOWER to FOLLOWER at term 391 for recognizeCandidate:cbde3520-0cea-4357-bb04-1a0ae64b2bb1
2019-10-17 07:42:21,328 [grpc-default-executor-1] INFO  impl.RoleInfo (RoleInfo.java:shutdownFollowerState(121)) - 443b071d-6096-48d6-bfe7-498b7c8032c0: shutdown FollowerState
2019-10-17 07:42:21,328 [grpc-default-executor-4] INFO  impl.RaftServerImpl (RaftServerImpl.java:setRole(184)) - 40d2d32e-dd25-45df-8070-f9dc56ccf0a7@group-7EB39FB5DF22: changes role from  FOLLOWER to FOLLOWER at term 391 for recognizeCandidate:cbde3520-0cea-4357-bb04-1a0ae64b2bb1
2019-10-17 07:42:21,328 [grpc-default-executor-4] INFO  impl.RoleInfo (RoleInfo.java:shutdownFollowerState(121)) - 40d2d32e-dd25-45df-8070-f9dc56ccf0a7: shutdown FollowerState
2019-10-17 07:42:21,328 [grpc-default-executor-1] INFO  impl.RoleInfo (RoleInfo.java:updateAndGet(143)) - 443b071d-6096-48d6-bfe7-498b7c8032c0: start FollowerState
2019-10-17 07:42:21,328 [Thread-2575] INFO  impl.FollowerState (FollowerState.java:run(117)) - 443b071d-6096-48d6-bfe7-498b7c8032c0@group-7EB39FB5DF22-FollowerState was interrupted: java.lang.InterruptedException: sleep interrupted
2019-10-17 07:42:21,328 [Thread-2576] INFO  impl.FollowerState (FollowerState.java:run(117)) - 40d2d32e-dd25-45df-8070-f9dc56ccf0a7@group-7EB39FB5DF22-FollowerState was interrupted: java.lang.InterruptedException: sleep interrupted
2019-10-17 07:42:21,328 [grpc-default-executor-4] INFO  impl.RoleInfo (RoleInfo.java:updateAndGet(143)) - 40d2d32e-dd25-45df-8070-f9dc56ccf0a7: start FollowerState
2019-10-17 07:42:21,333 [cbde3520-0cea-4357-bb04-1a0ae64b2bb1@group-7EB39FB5DF22-LeaderElection360] INFO  impl.LeaderElection (LeaderElection.java:logAndReturn(56)) - cbde3520-0cea-4357-bb04-1a0ae64b2bb1@group-7EB39FB5DF22-LeaderElection360: Election TIMEOUT; received 0 response(s) [] and 0 exception(s); cbde3520-0cea-4357-bb04-1a0ae64b2bb1@group-7EB39FB5DF22:t391, leader=null, voted=cbde3520-0cea-4357-bb04-1a0ae64b2bb1, raftlog=cbde3520-0cea-4357-bb04-1a0ae64b2bb1@group-7EB39FB5DF22-SegmentedRaftLog:OPENED:c-1,f-1,i0, conf=-1: [40d2d32e-dd25-45df-8070-f9dc56ccf0a7:192.168.34.62:41633, cbde3520-0cea-4357-bb04-1a0ae64b2bb1:192.168.34.62:41642, 443b071d-6096-48d6-bfe7-498b7c8032c0:192.168.34.62:46516], old=null
2019-10-17 07:42:21,353 [cbde3520-0cea-4357-bb04-1a0ae64b2bb1@group-7EB39FB5DF22-LeaderElection360] INFO  impl.LeaderElection (LeaderElection.java:askForVotes(178)) - cbde3520-0cea-4357-bb04-1a0ae64b2bb1@group-7EB39FB5DF22-LeaderElection360: begin an election at term 392 for -1: [40d2d32e-dd25-45df-8070-f9dc56ccf0a7:192.168.34.62:41633, cbde3520-0cea-4357-bb04-1a0ae64b2bb1:192.168.34.62:41642, 443b071d-6096-48d6-bfe7-498b7c8032c0:192.168.34.62:46516], old=null
2019-10-17 07:42:21,354 [grpc-default-executor-1] INFO  impl.RaftServerImpl (RaftServerImpl.java:setRole(184)) - 40d2d32e-dd25-45df-8070-f9dc56ccf0a7@group-7EB39FB5DF22: changes role from  FOLLOWER to FOLLOWER at term 392 for recognizeCandidate:cbde3520-0cea-4357-bb04-1a0ae64b2bb1
2019-10-17 07:42:21,354 [grpc-default-executor-1] INFO  impl.RoleInfo (RoleInfo.java:shutdownFollowerState(121)) - 40d2d32e-dd25-45df-8070-f9dc56ccf0a7: shutdown FollowerState
2019-10-17 07:42:21,354 [grpc-default-executor-1] INFO  impl.RoleInfo (RoleInfo.java:updateAndGet(143)) - 40d2d32e-dd25-45df-8070-f9dc56ccf0a7: start FollowerState
2019-10-17 07:42:21,354 [grpc-default-executor-4] INFO  impl.RaftServerImpl (RaftServerImpl.java:setRole(184)) - 443b071d-6096-48d6-bfe7-498b7c8032c0@group-7EB39FB5DF22: changes role from  FOLLOWER to FOLLOWER at term 392 for recognizeCandidate:cbde3520-0cea-4357-bb04-1a0ae64b2bb1
2019-10-17 07:42:21,354 [grpc-default-executor-4] INFO  impl.RoleInfo (RoleInfo.java:shutdownFollowerState(121)) - 443b071d-6096-48d6-bfe7-498b7c8032c0: shutdown FollowerState
2019-10-17 07:42:21,354 [Thread-2582] INFO  impl.FollowerState (FollowerState.java:run(117)) - 40d2d32e-dd25-45df-8070-f9dc56ccf0a7@group-7EB39FB5DF22-FollowerState was interrupted: java.lang.InterruptedException: sleep interrupted
2019-10-17 07:42:21,355 [Thread-2581] INFO  impl.FollowerState (FollowerState.java:run(117)) - 443b071d-6096-48d6-bfe7-498b7c8032c0@group-7EB39FB5DF22-FollowerState was interrupted: java.lang.InterruptedException: sleep interrupted
2019-10-17 07:42:21,355 [grpc-default-executor-4] INFO  impl.RoleInfo (RoleInfo.java:updateAndGet(143)) - 443b071d-6096-48d6-bfe7-498b7c8032c0: start FollowerState
2019-10-17 07:42:21,383 [Datanode State Machine Thread - 0] INFO  statemachine.DatanodeStateMachine (DatanodeStateMachine.java:lambda$startDaemon$0(350)) - Ozone container server started.
2019-10-17 07:42:21,386 [cbde3520-0cea-4357-bb04-1a0ae64b2bb1@group-7EB39FB5DF22-LeaderElection360] INFO  impl.LeaderElection (LeaderElection.java:logAndReturn(56)) - cbde3520-0cea-4357-bb04-1a0ae64b2bb1@group-7EB39FB5DF22-LeaderElection360: Election REJECTED; received 2 response(s) [cbde3520-0cea-4357-bb04-1a0ae64b2bb1<-40d2d32e-dd25-45df-8070-f9dc56ccf0a7#0:FAIL-t392, cbde3520-0cea-4357-bb04-1a0ae64b2bb1<-443b071d-6096-48d6-bfe7-498b7c8032c0#0:FAIL-t392] and 0 exception(s); cbde3520-0cea-4357-bb04-1a0ae64b2bb1@group-7EB39FB5DF22:t392, leader=null, voted=cbde3520-0cea-4357-bb04-1a0ae64b2bb1, raftlog=cbde3520-0cea-4357-bb04-1a0ae64b2bb1@group-7EB39FB5DF22-SegmentedRaftLog:OPENED:c-1,f-1,i0, conf=-1: [40d2d32e-dd25-45df-8070-f9dc56ccf0a7:192.168.34.62:41633, cbde3520-0cea-4357-bb04-1a0ae64b2bb1:192.168.34.62:41642, 443b071d-6096-48d6-bfe7-498b7c8032c0:192.168.34.62:46516], old=null
2019-10-17 07:42:21,386 [cbde3520-0cea-4357-bb04-1a0ae64b2bb1@group-7EB39FB5DF22-LeaderElection360] INFO  impl.RaftServerImpl (RaftServerImpl.java:setRole(184)) - cbde3520-0cea-4357-bb04-1a0ae64b2bb1@group-7EB39FB5DF22: changes role from CANDIDATE to FOLLOWER at term 392 for DISCOVERED_A_NEW_TERM
2019-10-17 07:42:21,386 [cbde3520-0cea-4357-bb04-1a0ae64b2bb1@group-7EB39FB5DF22-LeaderElection360] INFO  impl.RoleInfo (RoleInfo.java:shutdownLeaderElection(134)) - cbde3520-0cea-4357-bb04-1a0ae64b2bb1: shutdown LeaderElection
2019-10-17 07:42:21,386 [cbde3520-0cea-4357-bb04-1a0ae64b2bb1@group-7EB39FB5DF22-LeaderElection360] INFO  impl.RoleInfo (RoleInfo.java:updateAndGet(143)) - cbde3520-0cea-4357-bb04-1a0ae64b2bb1: start FollowerState
2019-10-17 07:42:21,442 [Datanode State Machine Thread - 0] INFO  statemachine.DatanodeStateMachine (DatanodeStateMachine.java:lambda$startDaemon$0(350)) - Ozone container server started.
2019-10-17 07:42:21,556 [Thread-2587] INFO  impl.FollowerState (FollowerState.java:run(108)) - cbde3520-0cea-4357-bb04-1a0ae64b2bb1@group-7EB39FB5DF22-FollowerState: change to CANDIDATE, lastRpcTime:169ms, electionTimeout:169ms
2019-10-17 07:42:21,556 [Thread-2587] INFO  impl.RoleInfo (RoleInfo.java:shutdownFollowerState(121)) - cbde3520-0cea-4357-bb04-1a0ae64b2bb1: shutdown FollowerState
2019-10-17 07:42:21,556 [Thread-2587] INFO  impl.RaftServerImpl (RaftServerImpl.java:setRole(184)) - cbde3520-0cea-4357-bb04-1a0ae64b2bb1@group-7EB39FB5DF22: changes role from  FOLLOWER to CANDIDATE at term 392 for changeToCandidate
2019-10-17 07:42:21,556 [Thread-2587] INFO  impl.RoleInfo (RoleInfo.java:updateAndGet(143)) - cbde3520-0cea-4357-bb04-1a0ae64b2bb1: start LeaderElection
2019-10-17 07:42:21,581 [cbde3520-0cea-4357-bb04-1a0ae64b2bb1@group-7EB39FB5DF22-LeaderElection361] INFO  impl.LeaderElection (LeaderElection.java:askForVotes(178)) - cbde3520-0cea-4357-bb04-1a0ae64b2bb1@group-7EB39FB5DF22-LeaderElection361: begin an election at term 393 for -1: [40d2d32e-dd25-45df-8070-f9dc56ccf0a7:192.168.34.62:41633, cbde3520-0cea-4357-bb04-1a0ae64b2bb1:192.168.34.62:41642, 443b071d-6096-48d6-bfe7-498b7c8032c0:192.168.34.62:46516], old=null
2019-10-17 07:42:21,583 [grpc-default-executor-1] INFO  impl.RaftServerImpl (RaftServerImpl.java:setRole(184)) - 40d2d32e-dd25-45df-8070-f9dc56ccf0a7@group-7EB39FB5DF22: changes role from  FOLLOWER to FOLLOWER at term 393 for recognizeCandidate:cbde3520-0cea-4357-bb04-1a0ae64b2bb1
2019-10-17 07:42:21,584 [grpc-default-executor-4] INFO  impl.RaftServerImpl (RaftServerImpl.java:setRole(184)) - 443b071d-6096-48d6-bfe7-498b7c8032c0@group-7EB39FB5DF22: changes role from  FOLLOWER to FOLLOWER at term 393 for recognizeCandidate:cbde3520-0cea-4357-bb04-1a0ae64b2bb1
2019-10-17 07:42:21,584 [grpc-default-executor-4] INFO  impl.RoleInfo (RoleInfo.java:shutdownFollowerState(121)) - 443b071d-6096-48d6-bfe7-498b7c8032c0: shutdown FollowerState
2019-10-17 07:42:21,584 [grpc-default-executor-1] INFO  impl.RoleInfo (RoleInfo.java:shutdownFollowerState(121)) - 40d2d32e-dd25-45df-8070-f9dc56ccf0a7: shutdown FollowerState
2019-10-17 07:42:21,584 [Thread-2585] INFO  impl.FollowerState (FollowerState.java:run(117)) - 40d2d32e-dd25-45df-8070-f9dc56ccf0a7@group-7EB39FB5DF22-FollowerState was interrupted: java.lang.InterruptedException: sleep interrupted
2019-10-17 07:42:21,584 [Thread-2586] INFO  impl.FollowerState (FollowerState.java:run(117)) - 443b071d-6096-48d6-bfe7-498b7c8032c0@group-7EB39FB5DF22-FollowerState was interrupted: java.lang.InterruptedException: sleep interrupted
2019-10-17 07:42:21,584 [grpc-default-executor-4] INFO  impl.RoleInfo (RoleInfo.java:updateAndGet(143)) - 443b071d-6096-48d6-bfe7-498b7c8032c0: start FollowerState
2019-10-17 07:42:21,584 [grpc-default-executor-1] INFO  impl.RoleInfo (RoleInfo.java:updateAndGet(143)) - 40d2d32e-dd25-45df-8070-f9dc56ccf0a7: start FollowerState
2019-10-17 07:42:21,600 [cbde3520-0cea-4357-bb04-1a0ae64b2bb1@group-7EB39FB5DF22-LeaderElection361] INFO  impl.LeaderElection (LeaderElection.java:logAndReturn(56)) - cbde3520-0cea-4357-bb04-1a0ae64b2bb1@group-7EB39FB5DF22-LeaderElection361: Election REJECTED; received 2 response(s) [cbde3520-0cea-4357-bb04-1a0ae64b2bb1<-40d2d32e-dd25-45df-8070-f9dc56ccf0a7#0:FAIL-t393, cbde3520-0cea-4357-bb04-1a0ae64b2bb1<-443b071d-6096-48d6-bfe7-498b7c8032c0#0:FAIL-t393] and 0 exception(s); cbde3520-0cea-4357-bb04-1a0ae64b2bb1@group-7EB39FB5DF22:t393, leader=null, voted=cbde3520-0cea-4357-bb04-1a0ae64b2bb1, raftlog=cbde3520-0cea-4357-bb04-1a0ae64b2bb1@group-7EB39FB5DF22-SegmentedRaftLog:OPENED:c-1,f-1,i0, conf=-1: [40d2d32e-dd25-45df-8070-f9dc56ccf0a7:192.168.34.62:41633, cbde3520-0cea-4357-bb04-1a0ae64b2bb1:192.168.34.62:41642, 443b071d-6096-48d6-bfe7-498b7c8032c0:192.168.34.62:46516], old=null
2019-10-17 07:42:21,601 [cbde3520-0cea-4357-bb04-1a0ae64b2bb1@group-7EB39FB5DF22-LeaderElection361] INFO  impl.RaftServerImpl (RaftServerImpl.java:setRole(184)) - cbde3520-0cea-4357-bb04-1a0ae64b2bb1@group-7EB39FB5DF22: changes role from CANDIDATE to FOLLOWER at term 393 for DISCOVERED_A_NEW_TERM
2019-10-17 07:42:21,601 [cbde3520-0cea-4357-bb04-1a0ae64b2bb1@group-7EB39FB5DF22-LeaderElection361] INFO  impl.RoleInfo (RoleInfo.java:shutdownLeaderElection(134)) - cbde3520-0cea-4357-bb04-1a0ae64b2bb1: shutdown LeaderElection
2019-10-17 07:42:21,601 [cbde3520-0cea-4357-bb04-1a0ae64b2bb1@group-7EB39FB5DF22-LeaderElection361] INFO  impl.RoleInfo (RoleInfo.java:updateAndGet(143)) - cbde3520-0cea-4357-bb04-1a0ae64b2bb1: start FollowerState
2019-10-17 07:42:21,668 [Thread-2593] INFO  impl.FollowerState (FollowerState.java:run(108)) - cbde3520-0cea-4357-bb04-1a0ae64b2bb1@group-7EB39FB5DF22-FollowerState: change to CANDIDATE, lastRpcTime:67ms, electionTimeout:67ms
2019-10-17 07:42:21,668 [Thread-2593] INFO  impl.RoleInfo (RoleInfo.java:shutdownFollowerState(121)) - cbde3520-0cea-4357-bb04-1a0ae64b2bb1: shutdown FollowerState
2019-10-17 07:42:21,669 [Thread-2593] INFO  impl.RaftServerImpl (RaftServerImpl.java:setRole(184)) - cbde3520-0cea-4357-bb04-1a0ae64b2bb1@group-7EB39FB5DF22: changes role from  FOLLOWER to CANDIDATE at term 393 for changeToCandidate
2019-10-17 07:42:21,669 [Thread-2593] INFO  impl.RoleInfo (RoleInfo.java:updateAndGet(143)) - cbde3520-0cea-4357-bb04-1a0ae64b2bb1: start LeaderElection
2019-10-17 07:42:21,692 [cbde3520-0cea-4357-bb04-1a0ae64b2bb1@group-7EB39FB5DF22-LeaderElection362] INFO  impl.LeaderElection (LeaderElection.java:askForVotes(178)) - cbde3520-0cea-4357-bb04-1a0ae64b2bb1@group-7EB39FB5DF22-LeaderElection362: begin an election at term 394 for -1: [40d2d32e-dd25-45df-8070-f9dc56ccf0a7:192.168.34.62:41633, cbde3520-0cea-4357-bb04-1a0ae64b2bb1:192.168.34.62:41642, 443b071d-6096-48d6-bfe7-498b7c8032c0:192.168.34.62:46516], old=null
2019-10-17 07:42:21,693 [grpc-default-executor-1] INFO  impl.RaftServerImpl (RaftServerImpl.java:setRole(184)) - 40d2d32e-dd25-45df-8070-f9dc56ccf0a7@group-7EB39FB5DF22: changes role from  FOLLOWER to FOLLOWER at term 394 for recognizeCandidate:cbde3520-0cea-4357-bb04-1a0ae64b2bb1
2019-10-17 07:42:21,694 [grpc-default-executor-1] INFO  impl.RoleInfo (RoleInfo.java:shutdownFollowerState(121)) - 40d2d32e-dd25-45df-8070-f9dc56ccf0a7: shutdown FollowerState
2019-10-17 07:42:21,694 [grpc-default-executor-1] INFO  impl.RoleInfo (RoleInfo.java:updateAndGet(143)) - 40d2d32e-dd25-45df-8070-f9dc56ccf0a7: start FollowerState
2019-10-17 07:42:21,694 [grpc-default-executor-4] INFO  impl.RaftServerImpl (RaftServerImpl.java:setRole(184)) - 443b071d-6096-48d6-bfe7-498b7c8032c0@group-7EB39FB5DF22: changes role from  FOLLOWER to FOLLOWER at term 394 for recognizeCandidate:cbde3520-0cea-4357-bb04-1a0ae64b2bb1
2019-10-17 07:42:21,694 [grpc-default-executor-4] INFO  impl.RoleInfo (RoleInfo.java:shutdownFollowerState(121)) - 443b071d-6096-48d6-bfe7-498b7c8032c0: shutdown FollowerState
2019-10-17 07:42:21,694 [Thread-2592] INFO  impl.FollowerState (FollowerState.java:run(117)) - 40d2d32e-dd25-45df-8070-f9dc56ccf0a7@group-7EB39FB5DF22-FollowerState was interrupted: java.lang.InterruptedException: sleep interrupted
2019-10-17 07:42:21,694 [Thread-2591] INFO  impl.FollowerState (FollowerState.java:run(117)) - 443b071d-6096-48d6-bfe7-498b7c8032c0@group-7EB39FB5DF22-FollowerState was interrupted: java.lang.InterruptedException: sleep interrupted
2019-10-17 07:42:21,694 [grpc-default-executor-4] INFO  impl.RoleInfo (RoleInfo.java:updateAndGet(143)) - 443b071d-6096-48d6-bfe7-498b7c8032c0: start FollowerState
2019-10-17 07:42:21,718 [cbde3520-0cea-4357-bb04-1a0ae64b2bb1@group-7EB39FB5DF22-LeaderElection362] INFO  impl.LeaderElection (LeaderElection.java:logAndReturn(56)) - cbde3520-0cea-4357-bb04-1a0ae64b2bb1@group-7EB39FB5DF22-LeaderElection362: Election REJECTED; received 2 response(s) [cbde3520-0cea-4357-bb04-1a0ae64b2bb1<-40d2d32e-dd25-45df-8070-f9dc56ccf0a7#0:FAIL-t394, cbde3520-0cea-4357-bb04-1a0ae64b2bb1<-443b071d-6096-48d6-bfe7-498b7c8032c0#0:FAIL-t394] and 0 exception(s); cbde3520-0cea-4357-bb04-1a0ae64b2bb1@group-7EB39FB5DF22:t394, leader=null, voted=cbde3520-0cea-4357-bb04-1a0ae64b2bb1, raftlog=cbde3520-0cea-4357-bb04-1a0ae64b2bb1@group-7EB39FB5DF22-SegmentedRaftLog:OPENED:c-1,f-1,i0, conf=-1: [40d2d32e-dd25-45df-8070-f9dc56ccf0a7:192.168.34.62:41633, cbde3520-0cea-4357-bb04-1a0ae64b2bb1:192.168.34.62:41642, 443b071d-6096-48d6-bfe7-498b7c8032c0:192.168.34.62:46516], old=null
2019-10-17 07:42:21,718 [cbde3520-0cea-4357-bb04-1a0ae64b2bb1@group-7EB39FB5DF22-LeaderElection362] INFO  impl.RaftServerImpl (RaftServerImpl.java:setRole(184)) - cbde3520-0cea-4357-bb04-1a0ae64b2bb1@group-7EB39FB5DF22: changes role from CANDIDATE to FOLLOWER at term 394 for DISCOVERED_A_NEW_TERM
2019-10-17 07:42:21,718 [cbde3520-0cea-4357-bb04-1a0ae64b2bb1@group-7EB39FB5DF22-LeaderElection362] INFO  impl.RoleInfo (RoleInfo.java:shutdownLeaderElection(134)) - cbde3520-0cea-4357-bb04-1a0ae64b2bb1: shutdown LeaderElection
2019-10-17 07:42:21,719 [cbde3520-0cea-4357-bb04-1a0ae64b2bb1@group-7EB39FB5DF22-LeaderElection362] INFO  impl.RoleInfo (RoleInfo.java:updateAndGet(143)) - cbde3520-0cea-4357-bb04-1a0ae64b2bb1: start FollowerState
2019-10-17 07:42:21,906 [Thread-2599] INFO  impl.FollowerState (FollowerState.java:run(108)) - cbde3520-0cea-4357-bb04-1a0ae64b2bb1@group-7EB39FB5DF22-FollowerState: change to CANDIDATE, lastRpcTime:187ms, electionTimeout:187ms
2019-10-17 07:42:21,906 [Thread-2599] INFO  impl.RoleInfo (RoleInfo.java:shutdownFollowerState(121)) - cbde3520-0cea-4357-bb04-1a0ae64b2bb1: shutdown FollowerState
2019-10-17 07:42:21,906 [Thread-2599] INFO  impl.RaftServerImpl (RaftServerImpl.java:setRole(184)) - cbde3520-0cea-4357-bb04-1a0ae64b2bb1@group-7EB39FB5DF22: changes role from  FOLLOWER to CANDIDATE at term 394 for changeToCandidate
2019-10-17 07:42:21,906 [Thread-2599] INFO  impl.RoleInfo (RoleInfo.java:updateAndGet(143)) - cbde3520-0cea-4357-bb04-1a0ae64b2bb1: start LeaderElection
2019-10-17 07:42:21,940 [cbde3520-0cea-4357-bb04-1a0ae64b2bb1@group-7EB39FB5DF22-LeaderElection363] INFO  impl.LeaderElection (LeaderElection.java:askForVotes(178)) - cbde3520-0cea-4357-bb04-1a0ae64b2bb1@group-7EB39FB5DF22-LeaderElection363: begin an election at term 395 for -1: [40d2d32e-dd25-45df-8070-f9dc56ccf0a7:192.168.34.62:41633, cbde3520-0cea-4357-bb04-1a0ae64b2bb1:192.168.34.62:41642, 443b071d-6096-48d6-bfe7-498b7c8032c0:192.168.34.62:46516], old=null
2019-10-17 07:42:21,942 [grpc-default-executor-4] INFO  impl.RaftServerImpl (RaftServerImpl.java:setRole(184)) - 443b071d-6096-48d6-bfe7-498b7c8032c0@group-7EB39FB5DF22: changes role from  FOLLOWER to FOLLOWER at term 395 for recognizeCandidate:cbde3520-0cea-4357-bb04-1a0ae64b2bb1
2019-10-17 07:42:21,942 [grpc-default-executor-4] INFO  impl.RoleInfo (RoleInfo.java:shutdownFollowerState(121)) - 443b071d-6096-48d6-bfe7-498b7c8032c0: shutdown FollowerState
2019-10-17 07:42:21,942 [grpc-default-executor-1] INFO  impl.RaftServerImpl (RaftServerImpl.java:setRole(184)) - 40d2d32e-dd25-45df-8070-f9dc56ccf0a7@group-7EB39FB5DF22: changes role from  FOLLOWER to FOLLOWER at term 395 for recognizeCandidate:cbde3520-0cea-4357-bb04-1a0ae64b2bb1
2019-10-17 07:42:21,942 [grpc-default-executor-1] INFO  impl.RoleInfo (RoleInfo.java:shutdownFollowerState(121)) - 40d2d32e-dd25-45df-8070-f9dc56ccf0a7: shutdown FollowerState
2019-10-17 07:42:21,942 [grpc-default-executor-4] INFO  impl.RoleInfo (RoleInfo.java:updateAndGet(143)) - 443b071d-6096-48d6-bfe7-498b7c8032c0: start FollowerState
2019-10-17 07:42:21,942 [Thread-2598] INFO  impl.FollowerState (FollowerState.java:run(117)) - 443b071d-6096-48d6-bfe7-498b7c8032c0@group-7EB39FB5DF22-FollowerState was interrupted: java.lang.InterruptedException: sleep interrupted
2019-10-17 07:42:21,942 [Thread-2597] INFO  impl.FollowerState (FollowerState.java:run(117)) - 40d2d32e-dd25-45df-8070-f9dc56ccf0a7@group-7EB39FB5DF22-FollowerState was interrupted: java.lang.InterruptedException: sleep interrupted
2019-10-17 07:42:21,942 [grpc-default-executor-1] INFO  impl.RoleInfo (RoleInfo.java:updateAndGet(143)) - 40d2d32e-dd25-45df-8070-f9dc56ccf0a7: start FollowerState
2019-10-17 07:42:21,967 [cbde3520-0cea-4357-bb04-1a0ae64b2bb1@group-7EB39FB5DF22-LeaderElection363] INFO  impl.LeaderElection (LeaderElection.java:logAndReturn(56)) - cbde3520-0cea-4357-bb04-1a0ae64b2bb1@group-7EB39FB5DF22-LeaderElection363: Election REJECTED; received 2 response(s) [cbde3520-0cea-4357-bb04-1a0ae64b2bb1<-40d2d32e-dd25-45df-8070-f9dc56ccf0a7#0:FAIL-t395, cbde3520-0cea-4357-bb04-1a0ae64b2bb1<-443b071d-6096-48d6-bfe7-498b7c8032c0#0:FAIL-t395] and 0 exception(s); cbde3520-0cea-4357-bb04-1a0ae64b2bb1@group-7EB39FB5DF22:t395, leader=null, voted=cbde3520-0cea-4357-bb04-1a0ae64b2bb1, raftlog=cbde3520-0cea-4357-bb04-1a0ae64b2bb1@group-7EB39FB5DF22-SegmentedRaftLog:OPENED:c-1,f-1,i0, conf=-1: [40d2d32e-dd25-45df-8070-f9dc56ccf0a7:192.168.34.62:41633, cbde3520-0cea-4357-bb04-1a0ae64b2bb1:192.168.34.62:41642, 443b071d-6096-48d6-bfe7-498b7c8032c0:192.168.34.62:46516], old=null
2019-10-17 07:42:21,967 [cbde3520-0cea-4357-bb04-1a0ae64b2bb1@group-7EB39FB5DF22-LeaderElection363] INFO  impl.RaftServerImpl (RaftServerImpl.java:setRole(184)) - cbde3520-0cea-4357-bb04-1a0ae64b2bb1@group-7EB39FB5DF22: changes role from CANDIDATE to FOLLOWER at term 395 for DISCOVERED_A_NEW_TERM
2019-10-17 07:42:21,967 [cbde3520-0cea-4357-bb04-1a0ae64b2bb1@group-7EB39FB5DF22-LeaderElection363] INFO  impl.RoleInfo (RoleInfo.java:shutdownLeaderElection(134)) - cbde3520-0cea-4357-bb04-1a0ae64b2bb1: shutdown LeaderElection
2019-10-17 07:42:21,968 [cbde3520-0cea-4357-bb04-1a0ae64b2bb1@group-7EB39FB5DF22-LeaderElection363] INFO  impl.RoleInfo (RoleInfo.java:updateAndGet(143)) - cbde3520-0cea-4357-bb04-1a0ae64b2bb1: start FollowerState
2019-10-17 07:42:22,068 [Thread-2605] INFO  impl.FollowerState (FollowerState.java:run(108)) - cbde3520-0cea-4357-bb04-1a0ae64b2bb1@group-7EB39FB5DF22-FollowerState: change to CANDIDATE, lastRpcTime:100ms, electionTimeout:100ms
2019-10-17 07:42:22,068 [Thread-2605] INFO  impl.RoleInfo (RoleInfo.java:shutdownFollowerState(121)) - cbde3520-0cea-4357-bb04-1a0ae64b2bb1: shutdown FollowerState
2019-10-17 07:42:22,068 [Thread-2605] INFO  impl.RaftServerImpl (RaftServerImpl.java:setRole(184)) - cbde3520-0cea-4357-bb04-1a0ae64b2bb1@group-7EB39FB5DF22: changes role from  FOLLOWER to CANDIDATE at term 395 for changeToCandidate
2019-10-17 07:42:22,069 [Thread-2605] INFO  impl.RoleInfo (RoleInfo.java:updateAndGet(143)) - cbde3520-0cea-4357-bb04-1a0ae64b2bb1: start LeaderElection
2019-10-17 07:42:22,092 [cbde3520-0cea-4357-bb04-1a0ae64b2bb1@group-7EB39FB5DF22-LeaderElection364] INFO  impl.LeaderElection (LeaderElection.java:askForVotes(178)) - cbde3520-0cea-4357-bb04-1a0ae64b2bb1@group-7EB39FB5DF22-LeaderElection364: begin an election at term 396 for -1: [40d2d32e-dd25-45df-8070-f9dc56ccf0a7:192.168.34.62:41633, cbde3520-0cea-4357-bb04-1a0ae64b2bb1:192.168.34.62:41642, 443b071d-6096-48d6-bfe7-498b7c8032c0:192.168.34.62:46516], old=null
2019-10-17 07:42:22,094 [grpc-default-executor-4] INFO  impl.RaftServerImpl (RaftServerImpl.java:setRole(184)) - 40d2d32e-dd25-45df-8070-f9dc56ccf0a7@group-7EB39FB5DF22: changes role from  FOLLOWER to FOLLOWER at term 396 for recognizeCandidate:cbde3520-0cea-4357-bb04-1a0ae64b2bb1
2019-10-17 07:42:22,094 [grpc-default-executor-4] INFO  impl.RoleInfo (RoleInfo.java:shutdownFollowerState(121)) - 40d2d32e-dd25-45df-8070-f9dc56ccf0a7: shutdown FollowerState
2019-10-17 07:42:22,094 [grpc-default-executor-4] INFO  impl.RoleInfo (RoleInfo.java:updateAndGet(143)) - 40d2d32e-dd25-45df-8070-f9dc56ccf0a7: start FollowerState
2019-10-17 07:42:22,095 [grpc-default-executor-1] INFO  impl.RaftServerImpl (RaftServerImpl.java:setRole(184)) - 443b071d-6096-48d6-bfe7-498b7c8032c0@group-7EB39FB5DF22: changes role from  FOLLOWER to FOLLOWER at term 396 for recognizeCandidate:cbde3520-0cea-4357-bb04-1a0ae64b2bb1
2019-10-17 07:42:22,095 [grpc-default-executor-1] INFO  impl.RoleInfo (RoleInfo.java:shutdownFollowerState(121)) - 443b071d-6096-48d6-bfe7-498b7c8032c0: shutdown FollowerState
2019-10-17 07:42:22,094 [Thread-2604] INFO  impl.FollowerState (FollowerState.java:run(117)) - 40d2d32e-dd25-45df-8070-f9dc56ccf0a7@group-7EB39FB5DF22-FollowerState was interrupted: java.lang.InterruptedException: sleep interrupted
2019-10-17 07:42:22,095 [Thread-2603] INFO  impl.FollowerState (FollowerState.java:run(117)) - 443b071d-6096-48d6-bfe7-498b7c8032c0@group-7EB39FB5DF22-FollowerState was interrupted: java.lang.InterruptedException: sleep interrupted
2019-10-17 07:42:22,095 [grpc-default-executor-1] INFO  impl.RoleInfo (RoleInfo.java:updateAndGet(143)) - 443b071d-6096-48d6-bfe7-498b7c8032c0: start FollowerState
2019-10-17 07:42:22,123 [cbde3520-0cea-4357-bb04-1a0ae64b2bb1@group-7EB39FB5DF22-LeaderElection364] INFO  impl.LeaderElection (LeaderElection.java:logAndReturn(56)) - cbde3520-0cea-4357-bb04-1a0ae64b2bb1@group-7EB39FB5DF22-LeaderElection364: Election REJECTED; received 2 response(s) [cbde3520-0cea-4357-bb04-1a0ae64b2bb1<-40d2d32e-dd25-45df-8070-f9dc56ccf0a7#0:FAIL-t396, cbde3520-0cea-4357-bb04-1a0ae64b2bb1<-443b071d-6096-48d6-bfe7-498b7c8032c0#0:FAIL-t396] and 0 exception(s); cbde3520-0cea-4357-bb04-1a0ae64b2bb1@group-7EB39FB5DF22:t396, leader=null, voted=cbde3520-0cea-4357-bb04-1a0ae64b2bb1, raftlog=cbde3520-0cea-4357-bb04-1a0ae64b2bb1@group-7EB39FB5DF22-SegmentedRaftLog:OPENED:c-1,f-1,i0, conf=-1: [40d2d32e-dd25-45df-8070-f9dc56ccf0a7:192.168.34.62:41633, cbde3520-0cea-4357-bb04-1a0ae64b2bb1:192.168.34.62:41642, 443b071d-6096-48d6-bfe7-498b7c8032c0:192.168.34.62:46516], old=null
2019-10-17 07:42:22,123 [cbde3520-0cea-4357-bb04-1a0ae64b2bb1@group-7EB39FB5DF22-LeaderElection364] INFO  impl.RaftServerImpl (RaftServerImpl.java:setRole(184)) - cbde3520-0cea-4357-bb04-1a0ae64b2bb1@group-7EB39FB5DF22: changes role from CANDIDATE to FOLLOWER at term 396 for DISCOVERED_A_NEW_TERM
2019-10-17 07:42:22,123 [cbde3520-0cea-4357-bb04-1a0ae64b2bb1@group-7EB39FB5DF22-LeaderElection364] INFO  impl.RoleInfo (RoleInfo.java:shutdownLeaderElection(134)) - cbde3520-0cea-4357-bb04-1a0ae64b2bb1: shutdown LeaderElection
2019-10-17 07:42:22,124 [cbde3520-0cea-4357-bb04-1a0ae64b2bb1@group-7EB39FB5DF22-LeaderElection364] INFO  impl.RoleInfo (RoleInfo.java:updateAndGet(143)) - cbde3520-0cea-4357-bb04-1a0ae64b2bb1: start FollowerState
2019-10-17 07:42:22,320 [Thread-2611] INFO  impl.FollowerState (FollowerState.java:run(108)) - cbde3520-0cea-4357-bb04-1a0ae64b2bb1@group-7EB39FB5DF22-FollowerState: change to CANDIDATE, lastRpcTime:196ms, electionTimeout:196ms
2019-10-17 07:42:22,320 [Thread-2611] INFO  impl.RoleInfo (RoleInfo.java:shutdownFollowerState(121)) - cbde3520-0cea-4357-bb04-1a0ae64b2bb1: shutdown FollowerState
2019-10-17 07:42:22,320 [Thread-2611] INFO  impl.RaftServerImpl (RaftServerImpl.java:setRole(184)) - cbde3520-0cea-4357-bb04-1a0ae64b2bb1@group-7EB39FB5DF22: changes role from  FOLLOWER to CANDIDATE at term 396 for changeToCandidate
2019-10-17 07:42:22,321 [Thread-2611] INFO  impl.RoleInfo (RoleInfo.java:updateAndGet(143)) - cbde3520-0cea-4357-bb04-1a0ae64b2bb1: start LeaderElection
2019-10-17 07:42:22,336 [cbde3520-0cea-4357-bb04-1a0ae64b2bb1@group-7EB39FB5DF22-LeaderElection365] INFO  impl.LeaderElection (LeaderElection.java:askForVotes(178)) - cbde3520-0cea-4357-bb04-1a0ae64b2bb1@group-7EB39FB5DF22-LeaderElection365: begin an election at term 397 for -1: [40d2d32e-dd25-45df-8070-f9dc56ccf0a7:192.168.34.62:41633, cbde3520-0cea-4357-bb04-1a0ae64b2bb1:192.168.34.62:41642, 443b071d-6096-48d6-bfe7-498b7c8032c0:192.168.34.62:46516], old=null
2019-10-17 07:42:22,338 [grpc-default-executor-1] INFO  impl.RaftServerImpl (RaftServerImpl.java:setRole(184)) - 40d2d32e-dd25-45df-8070-f9dc56ccf0a7@group-7EB39FB5DF22: changes role from  FOLLOWER to FOLLOWER at term 397 for recognizeCandidate:cbde3520-0cea-4357-bb04-1a0ae64b2bb1
2019-10-17 07:42:22,338 [grpc-default-executor-4] INFO  impl.RaftServerImpl (RaftServerImpl.java:setRole(184)) - 443b071d-6096-48d6-bfe7-498b7c8032c0@group-7EB39FB5DF22: changes role from  FOLLOWER to FOLLOWER at term 397 for recognizeCandidate:cbde3520-0cea-4357-bb04-1a0ae64b2bb1
2019-10-17 07:42:22,338 [grpc-default-executor-1] INFO  impl.RoleInfo (RoleInfo.java:shutdownFollowerState(121)) - 40d2d32e-dd25-45df-8070-f9dc56ccf0a7: shutdown FollowerState
2019-10-17 07:42:22,338 [grpc-default-executor-4] INFO  impl.RoleInfo (RoleInfo.java:shutdownFollowerState(121)) - 443b071d-6096-48d6-bfe7-498b7c8032c0: shutdown FollowerState
2019-10-17 07:42:22,339 [grpc-default-executor-4] INFO  impl.RoleInfo (RoleInfo.java:updateAndGet(143)) - 443b071d-6096-48d6-bfe7-498b7c8032c0: start FollowerState
2019-10-17 07:42:22,339 [Thread-2609] INFO  impl.FollowerState (FollowerState.java:run(117)) - 40d2d32e-dd25-45df-8070-f9dc56ccf0a7@group-7EB39FB5DF22-FollowerState was interrupted: java.lang.InterruptedException: sleep interrupted
2019-10-17 07:42:22,339 [grpc-default-executor-1] INFO  impl.RoleInfo (RoleInfo.java:updateAndGet(143)) - 40d2d32e-dd25-45df-8070-f9dc56ccf0a7: start FollowerState
2019-10-17 07:42:22,339 [Thread-2610] INFO  impl.FollowerState (FollowerState.java:run(117)) - 443b071d-6096-48d6-bfe7-498b7c8032c0@group-7EB39FB5DF22-FollowerState was interrupted: java.lang.InterruptedException: sleep interrupted
2019-10-17 07:42:22,354 [cbde3520-0cea-4357-bb04-1a0ae64b2bb1@group-7EB39FB5DF22-LeaderElection365] INFO  impl.LeaderElection (LeaderElection.java:logAndReturn(56)) - cbde3520-0cea-4357-bb04-1a0ae64b2bb1@group-7EB39FB5DF22-LeaderElection365: Election REJECTED; received 2 response(s) [cbde3520-0cea-4357-bb04-1a0ae64b2bb1<-40d2d32e-dd25-45df-8070-f9dc56ccf0a7#0:FAIL-t397, cbde3520-0cea-4357-bb04-1a0ae64b2bb1<-443b071d-6096-48d6-bfe7-498b7c8032c0#0:FAIL-t397] and 0 exception(s); cbde3520-0cea-4357-bb04-1a0ae64b2bb1@group-7EB39FB5DF22:t397, leader=null, voted=cbde3520-0cea-4357-bb04-1a0ae64b2bb1, raftlog=cbde3520-0cea-4357-bb04-1a0ae64b2bb1@group-7EB39FB5DF22-SegmentedRaftLog:OPENED:c-1,f-1,i0, conf=-1: [40d2d32e-dd25-45df-8070-f9dc56ccf0a7:192.168.34.62:41633, cbde3520-0cea-4357-bb04-1a0ae64b2bb1:192.168.34.62:41642, 443b071d-6096-48d6-bfe7-498b7c8032c0:192.168.34.62:46516], old=null
2019-10-17 07:42:22,354 [cbde3520-0cea-4357-bb04-1a0ae64b2bb1@group-7EB39FB5DF22-LeaderElection365] INFO  impl.RaftServerImpl (RaftServerImpl.java:setRole(184)) - cbde3520-0cea-4357-bb04-1a0ae64b2bb1@group-7EB39FB5DF22: changes role from CANDIDATE to FOLLOWER at term 397 for DISCOVERED_A_NEW_TERM
2019-10-17 07:42:22,354 [cbde3520-0cea-4357-bb04-1a0ae64b2bb1@group-7EB39FB5DF22-LeaderElection365] INFO  impl.RoleInfo (RoleInfo.java:shutdownLeaderElection(134)) - cbde3520-0cea-4357-bb04-1a0ae64b2bb1: shutdown LeaderElection
2019-10-17 07:42:22,354 [cbde3520-0cea-4357-bb04-1a0ae64b2bb1@group-7EB39FB5DF22-LeaderElection365] INFO  impl.RoleInfo (RoleInfo.java:updateAndGet(143)) - cbde3520-0cea-4357-bb04-1a0ae64b2bb1: start FollowerState
2019-10-17 07:42:22,413 [Thread-2617] INFO  impl.FollowerState (FollowerState.java:run(108)) - cbde3520-0cea-4357-bb04-1a0ae64b2bb1@group-7EB39FB5DF22-FollowerState: change to CANDIDATE, lastRpcTime:58ms, electionTimeout:58ms
2019-10-17 07:42:22,413 [Thread-2617] INFO  impl.RoleInfo (RoleInfo.java:shutdownFollowerState(121)) - cbde3520-0cea-4357-bb04-1a0ae64b2bb1: shutdown FollowerState
2019-10-17 07:42:22,413 [Thread-2617] INFO  impl.RaftServerImpl (RaftServerImpl.java:setRole(184)) - cbde3520-0cea-4357-bb04-1a0ae64b2bb1@group-7EB39FB5DF22: changes role from  FOLLOWER to CANDIDATE at term 397 for changeToCandidate
2019-10-17 07:42:22,413 [Thread-2617] INFO  impl.RoleInfo (RoleInfo.java:updateAndGet(143)) - cbde3520-0cea-4357-bb04-1a0ae64b2bb1: start LeaderElection
2019-10-17 07:42:22,461 [cbde3520-0cea-4357-bb04-1a0ae64b2bb1@group-7EB39FB5DF22-LeaderElection366] INFO  impl.LeaderElection (LeaderElection.java:askForVotes(178)) - cbde3520-0cea-4357-bb04-1a0ae64b2bb1@group-7EB39FB5DF22-LeaderElection366: begin an election at term 398 for -1: [40d2d32e-dd25-45df-8070-f9dc56ccf0a7:192.168.34.62:41633, cbde3520-0cea-4357-bb04-1a0ae64b2bb1:192.168.34.62:41642, 443b071d-6096-48d6-bfe7-498b7c8032c0:192.168.34.62:46516], old=null
2019-10-17 07:42:22,463 [grpc-default-executor-1] INFO  impl.RaftServerImpl (RaftServerImpl.java:setRole(184)) - 40d2d32e-dd25-45df-8070-f9dc56ccf0a7@group-7EB39FB5DF22: changes role from  FOLLOWER to FOLLOWER at term 398 for recognizeCandidate:cbde3520-0cea-4357-bb04-1a0ae64b2bb1
2019-10-17 07:42:22,463 [grpc-default-executor-1] INFO  impl.RoleInfo (RoleInfo.java:shutdownFollowerState(121)) - 40d2d32e-dd25-45df-8070-f9dc56ccf0a7: shutdown FollowerState
2019-10-17 07:42:22,463 [grpc-default-executor-4] INFO  impl.RaftServerImpl (RaftServerImpl.java:setRole(184)) - 443b071d-6096-48d6-bfe7-498b7c8032c0@group-7EB39FB5DF22: changes role from  FOLLOWER to FOLLOWER at term 398 for recognizeCandidate:cbde3520-0cea-4357-bb04-1a0ae64b2bb1
2019-10-17 07:42:22,463 [grpc-default-executor-4] INFO  impl.RoleInfo (RoleInfo.java:shutdownFollowerState(121)) - 443b071d-6096-48d6-bfe7-498b7c8032c0: shutdown FollowerState
2019-10-17 07:42:22,463 [Thread-2615] INFO  impl.FollowerState (FollowerState.java:run(117)) - 40d2d32e-dd25-45df-8070-f9dc56ccf0a7@group-7EB39FB5DF22-FollowerState was interrupted: java.lang.InterruptedException: sleep interrupted
2019-10-17 07:42:22,463 [grpc-default-executor-1] INFO  impl.RoleInfo (RoleInfo.java:updateAndGet(143)) - 40d2d32e-dd25-45df-8070-f9dc56ccf0a7: start FollowerState
2019-10-17 07:42:22,463 [Thread-2616] INFO  impl.FollowerState (FollowerState.java:run(117)) - 443b071d-6096-48d6-bfe7-498b7c8032c0@group-7EB39FB5DF22-FollowerState was interrupted: java.lang.InterruptedException: sleep interrupted
2019-10-17 07:42:22,463 [grpc-default-executor-4] INFO  impl.RoleInfo (RoleInfo.java:updateAndGet(143)) - 443b071d-6096-48d6-bfe7-498b7c8032c0: start FollowerState
2019-10-17 07:42:22,484 [cbde3520-0cea-4357-bb04-1a0ae64b2bb1@group-7EB39FB5DF22-LeaderElection366] INFO  impl.LeaderElection (LeaderElection.java:logAndReturn(56)) - cbde3520-0cea-4357-bb04-1a0ae64b2bb1@group-7EB39FB5DF22-LeaderElection366: Election TIMEOUT; received 0 response(s) [] and 0 exception(s); cbde3520-0cea-4357-bb04-1a0ae64b2bb1@group-7EB39FB5DF22:t398, leader=null, voted=cbde3520-0cea-4357-bb04-1a0ae64b2bb1, raftlog=cbde3520-0cea-4357-bb04-1a0ae64b2bb1@group-7EB39FB5DF22-SegmentedRaftLog:OPENED:c-1,f-1,i0, conf=-1: [40d2d32e-dd25-45df-8070-f9dc56ccf0a7:192.168.34.62:41633, cbde3520-0cea-4357-bb04-1a0ae64b2bb1:192.168.34.62:41642, 443b071d-6096-48d6-bfe7-498b7c8032c0:192.168.34.62:46516], old=null
2019-10-17 07:42:22,506 [cbde3520-0cea-4357-bb04-1a0ae64b2bb1@group-7EB39FB5DF22-LeaderElection366] INFO  impl.LeaderElection (LeaderElection.java:askForVotes(178)) - cbde3520-0cea-4357-bb04-1a0ae64b2bb1@group-7EB39FB5DF22-LeaderElection366: begin an election at term 399 for -1: [40d2d32e-dd25-45df-8070-f9dc56ccf0a7:192.168.34.62:41633, cbde3520-0cea-4357-bb04-1a0ae64b2bb1:192.168.34.62:41642, 443b071d-6096-48d6-bfe7-498b7c8032c0:192.168.34.62:46516], old=null
2019-10-17 07:42:22,507 [grpc-default-executor-1] INFO  impl.RaftServerImpl (RaftServerImpl.java:setRole(184)) - 40d2d32e-dd25-45df-8070-f9dc56ccf0a7@group-7EB39FB5DF22: changes role from  FOLLOWER to FOLLOWER at term 399 for recognizeCandidate:cbde3520-0cea-4357-bb04-1a0ae64b2bb1
2019-10-17 07:42:22,507 [grpc-default-executor-1] INFO  impl.RoleInfo (RoleInfo.java:shutdownFollowerState(121)) - 40d2d32e-dd25-45df-8070-f9dc56ccf0a7: shutdown FollowerState
2019-10-17 07:42:22,508 [grpc-default-executor-1] INFO  impl.RoleInfo (RoleInfo.java:updateAndGet(143)) - 40d2d32e-dd25-45df-8070-f9dc56ccf0a7: start FollowerState
2019-10-17 07:42:22,508 [Thread-2621] INFO  impl.FollowerState (FollowerState.java:run(117)) - 40d2d32e-dd25-45df-8070-f9dc56ccf0a7@group-7EB39FB5DF22-FollowerState was interrupted: java.lang.InterruptedException: sleep interrupted
2019-10-17 07:42:22,508 [grpc-default-executor-4] INFO  impl.RaftServerImpl (RaftServerImpl.java:setRole(184)) - 443b071d-6096-48d6-bfe7-498b7c8032c0@group-7EB39FB5DF22: changes role from  FOLLOWER to FOLLOWER at term 399 for recognizeCandidate:cbde3520-0cea-4357-bb04-1a0ae64b2bb1
2019-10-17 07:42:22,508 [grpc-default-executor-4] INFO  impl.RoleInfo (RoleInfo.java:shutdownFollowerState(121)) - 443b071d-6096-48d6-bfe7-498b7c8032c0: shutdown FollowerState
2019-10-17 07:42:22,508 [grpc-default-executor-4] INFO  impl.RoleInfo (RoleInfo.java:updateAndGet(143)) - 443b071d-6096-48d6-bfe7-498b7c8032c0: start FollowerState
2019-10-17 07:42:22,508 [Thread-2622] INFO  impl.FollowerState (FollowerState.java:run(117)) - 443b071d-6096-48d6-bfe7-498b7c8032c0@group-7EB39FB5DF22-FollowerState was interrupted: java.lang.InterruptedException: sleep interrupted
2019-10-17 07:42:22,530 [cbde3520-0cea-4357-bb04-1a0ae64b2bb1@group-7EB39FB5DF22-LeaderElection366] INFO  impl.LeaderElection (LeaderElection.java:logAndReturn(56)) - cbde3520-0cea-4357-bb04-1a0ae64b2bb1@group-7EB39FB5DF22-LeaderElection366: Election REJECTED; received 2 response(s) [cbde3520-0cea-4357-bb04-1a0ae64b2bb1<-40d2d32e-dd25-45df-8070-f9dc56ccf0a7#0:FAIL-t399, cbde3520-0cea-4357-bb04-1a0ae64b2bb1<-443b071d-6096-48d6-bfe7-498b7c8032c0#0:FAIL-t399] and 0 exception(s); cbde3520-0cea-4357-bb04-1a0ae64b2bb1@group-7EB39FB5DF22:t399, leader=null, voted=cbde3520-0cea-4357-bb04-1a0ae64b2bb1, raftlog=cbde3520-0cea-4357-bb04-1a0ae64b2bb1@group-7EB39FB5DF22-SegmentedRaftLog:OPENED:c-1,f-1,i0, conf=-1: [40d2d32e-dd25-45df-8070-f9dc56ccf0a7:192.168.34.62:41633, cbde3520-0cea-4357-bb04-1a0ae64b2bb1:192.168.34.62:41642, 443b071d-6096-48d6-bfe7-498b7c8032c0:192.168.34.62:46516], old=null
2019-10-17 07:42:22,530 [cbde3520-0cea-4357-bb04-1a0ae64b2bb1@group-7EB39FB5DF22-LeaderElection366] INFO  impl.RaftServerImpl (RaftServerImpl.java:setRole(184)) - cbde3520-0cea-4357-bb04-1a0ae64b2bb1@group-7EB39FB5DF22: changes role from CANDIDATE to FOLLOWER at term 399 for DISCOVERED_A_NEW_TERM
2019-10-17 07:42:22,530 [cbde3520-0cea-4357-bb04-1a0ae64b2bb1@group-7EB39FB5DF22-LeaderElection366] INFO  impl.RoleInfo (RoleInfo.java:shutdownLeaderElection(134)) - cbde3520-0cea-4357-bb04-1a0ae64b2bb1: shutdown LeaderElection
2019-10-17 07:42:22,530 [cbde3520-0cea-4357-bb04-1a0ae64b2bb1@group-7EB39FB5DF22-LeaderElection366] INFO  impl.RoleInfo (RoleInfo.java:updateAndGet(143)) - cbde3520-0cea-4357-bb04-1a0ae64b2bb1: start FollowerState
2019-10-17 07:42:22,728 [Thread-2627] INFO  impl.FollowerState (FollowerState.java:run(108)) - cbde3520-0cea-4357-bb04-1a0ae64b2bb1@group-7EB39FB5DF22-FollowerState: change to CANDIDATE, lastRpcTime:198ms, electionTimeout:198ms
2019-10-17 07:42:22,728 [Thread-2627] INFO  impl.RoleInfo (RoleInfo.java:shutdownFollowerState(121)) - cbde3520-0cea-4357-bb04-1a0ae64b2bb1: shutdown FollowerState
2019-10-17 07:42:22,729 [Thread-2627] INFO  impl.RaftServerImpl (RaftServerImpl.java:setRole(184)) - cbde3520-0cea-4357-bb04-1a0ae64b2bb1@group-7EB39FB5DF22: changes role from  FOLLOWER to CANDIDATE at term 399 for changeToCandidate
2019-10-17 07:42:22,729 [Thread-2627] INFO  impl.RoleInfo (RoleInfo.java:updateAndGet(143)) - cbde3520-0cea-4357-bb04-1a0ae64b2bb1: start LeaderElection
2019-10-17 07:42:22,754 [cbde3520-0cea-4357-bb04-1a0ae64b2bb1@group-7EB39FB5DF22-LeaderElection367] INFO  impl.LeaderElection (LeaderElection.java:askForVotes(178)) - cbde3520-0cea-4357-bb04-1a0ae64b2bb1@group-7EB39FB5DF22-LeaderElection367: begin an election at term 400 for -1: [40d2d32e-dd25-45df-8070-f9dc56ccf0a7:192.168.34.62:41633, cbde3520-0cea-4357-bb04-1a0ae64b2bb1:192.168.34.62:41642, 443b071d-6096-48d6-bfe7-498b7c8032c0:192.168.34.62:46516], old=null
2019-10-17 07:42:22,756 [grpc-default-executor-1] INFO  impl.RaftServerImpl (RaftServerImpl.java:setRole(184)) - 40d2d32e-dd25-45df-8070-f9dc56ccf0a7@group-7EB39FB5DF22: changes role from  FOLLOWER to FOLLOWER at term 400 for recognizeCandidate:cbde3520-0cea-4357-bb04-1a0ae64b2bb1
2019-10-17 07:42:22,757 [grpc-default-executor-1] INFO  impl.RoleInfo (RoleInfo.java:shutdownFollowerState(121)) - 40d2d32e-dd25-45df-8070-f9dc56ccf0a7: shutdown FollowerState
2019-10-17 07:42:22,757 [grpc-default-executor-1] INFO  impl.RoleInfo (RoleInfo.java:updateAndGet(143)) - 40d2d32e-dd25-45df-8070-f9dc56ccf0a7: start FollowerState
2019-10-17 07:42:22,757 [grpc-default-executor-4] INFO  impl.RaftServerImpl (RaftServerImpl.java:setRole(184)) - 443b071d-6096-48d6-bfe7-498b7c8032c0@group-7EB39FB5DF22: changes role from  FOLLOWER to FOLLOWER at term 400 for recognizeCandidate:cbde3520-0cea-4357-bb04-1a0ae64b2bb1
2019-10-17 07:42:22,757 [grpc-default-executor-4] INFO  impl.RoleInfo (RoleInfo.java:shutdownFollowerState(121)) - 443b071d-6096-48d6-bfe7-498b7c8032c0: shutdown FollowerState
2019-10-17 07:42:22,757 [Thread-2625] INFO  impl.FollowerState (FollowerState.java:run(117)) - 40d2d32e-dd25-45df-8070-f9dc56ccf0a7@group-7EB39FB5DF22-FollowerState was interrupted: java.lang.InterruptedException: sleep interrupted
2019-10-17 07:42:22,757 [grpc-default-executor-4] INFO  impl.RoleInfo (RoleInfo.java:updateAndGet(143)) - 443b071d-6096-48d6-bfe7-498b7c8032c0: start FollowerState
2019-10-17 07:42:22,757 [Thread-2626] INFO  impl.FollowerState (FollowerState.java:run(117)) - 443b071d-6096-48d6-bfe7-498b7c8032c0@group-7EB39FB5DF22-FollowerState was interrupted: java.lang.InterruptedException: sleep interrupted
2019-10-17 07:42:22,773 [cbde3520-0cea-4357-bb04-1a0ae64b2bb1@group-7EB39FB5DF22-LeaderElection367] INFO  impl.LeaderElection (LeaderElection.java:logAndReturn(56)) - cbde3520-0cea-4357-bb04-1a0ae64b2bb1@group-7EB39FB5DF22-LeaderElection367: Election REJECTED; received 2 response(s) [cbde3520-0cea-4357-bb04-1a0ae64b2bb1<-40d2d32e-dd25-45df-8070-f9dc56ccf0a7#0:FAIL-t400, cbde3520-0cea-4357-bb04-1a0ae64b2bb1<-443b071d-6096-48d6-bfe7-498b7c8032c0#0:FAIL-t400] and 0 exception(s); cbde3520-0cea-4357-bb04-1a0ae64b2bb1@group-7EB39FB5DF22:t400, leader=null, voted=cbde3520-0cea-4357-bb04-1a0ae64b2bb1, raftlog=cbde3520-0cea-4357-bb04-1a0ae64b2bb1@group-7EB39FB5DF22-SegmentedRaftLog:OPENED:c-1,f-1,i0, conf=-1: [40d2d32e-dd25-45df-8070-f9dc56ccf0a7:192.168.34.62:41633, cbde3520-0cea-4357-bb04-1a0ae64b2bb1:192.168.34.62:41642, 443b071d-6096-48d6-bfe7-498b7c8032c0:192.168.34.62:46516], old=null
2019-10-17 07:42:22,773 [cbde3520-0cea-4357-bb04-1a0ae64b2bb1@group-7EB39FB5DF22-LeaderElection367] INFO  impl.RaftServerImpl (RaftServerImpl.java:setRole(184)) - cbde3520-0cea-4357-bb04-1a0ae64b2bb1@group-7EB39FB5DF22: changes role from CANDIDATE to FOLLOWER at term 400 for DISCOVERED_A_NEW_TERM
2019-10-17 07:42:22,773 [cbde3520-0cea-4357-bb04-1a0ae64b2bb1@group-7EB39FB5DF22-LeaderElection367] INFO  impl.RoleInfo (RoleInfo.java:shutdownLeaderElection(134)) - cbde3520-0cea-4357-bb04-1a0ae64b2bb1: shutdown LeaderElection
2019-10-17 07:42:22,773 [cbde3520-0cea-4357-bb04-1a0ae64b2bb1@group-7EB39FB5DF22-LeaderElection367] INFO  impl.RoleInfo (RoleInfo.java:updateAndGet(143)) - cbde3520-0cea-4357-bb04-1a0ae64b2bb1: start FollowerState
2019-10-17 07:42:22,969 [Thread-2633] INFO  impl.FollowerState (FollowerState.java:run(108)) - cbde3520-0cea-4357-bb04-1a0ae64b2bb1@group-7EB39FB5DF22-FollowerState: change to CANDIDATE, lastRpcTime:195ms, electionTimeout:195ms
2019-10-17 07:42:22,969 [Thread-2633] INFO  impl.RoleInfo (RoleInfo.java:shutdownFollowerState(121)) - cbde3520-0cea-4357-bb04-1a0ae64b2bb1: shutdown FollowerState
2019-10-17 07:42:22,969 [Thread-2633] INFO  impl.RaftServerImpl (RaftServerImpl.java:setRole(184)) - cbde3520-0cea-4357-bb04-1a0ae64b2bb1@group-7EB39FB5DF22: changes role from  FOLLOWER to CANDIDATE at term 400 for changeToCandidate
2019-10-17 07:42:22,969 [Thread-2633] INFO  impl.RoleInfo (RoleInfo.java:updateAndGet(143)) - cbde3520-0cea-4357-bb04-1a0ae64b2bb1: start LeaderElection
2019-10-17 07:42:22,992 [cbde3520-0cea-4357-bb04-1a0ae64b2bb1@group-7EB39FB5DF22-LeaderElection368] INFO  impl.LeaderElection (LeaderElection.java:askForVotes(178)) - cbde3520-0cea-4357-bb04-1a0ae64b2bb1@group-7EB39FB5DF22-LeaderElection368: begin an election at term 401 for -1: [40d2d32e-dd25-45df-8070-f9dc56ccf0a7:192.168.34.62:41633, cbde3520-0cea-4357-bb04-1a0ae64b2bb1:192.168.34.62:41642, 443b071d-6096-48d6-bfe7-498b7c8032c0:192.168.34.62:46516], old=null
2019-10-17 07:42:22,995 [grpc-default-executor-4] INFO  impl.RaftServerImpl (RaftServerImpl.java:setRole(184)) - 40d2d32e-dd25-45df-8070-f9dc56ccf0a7@group-7EB39FB5DF22: changes role from  FOLLOWER to FOLLOWER at term 401 for recognizeCandidate:cbde3520-0cea-4357-bb04-1a0ae64b2bb1
2019-10-17 07:42:22,995 [grpc-default-executor-4] INFO  impl.RoleInfo (RoleInfo.java:shutdownFollowerState(121)) - 40d2d32e-dd25-45df-8070-f9dc56ccf0a7: shutdown FollowerState
2019-10-17 07:42:22,995 [grpc-default-executor-4] INFO  impl.RoleInfo (RoleInfo.java:updateAndGet(143)) - 40d2d32e-dd25-45df-8070-f9dc56ccf0a7: start FollowerState
2019-10-17 07:42:22,995 [Thread-2631] INFO  impl.FollowerState (FollowerState.java:run(117)) - 40d2d32e-dd25-45df-8070-f9dc56ccf0a7@group-7EB39FB5DF22-FollowerState was interrupted: java.lang.InterruptedException: sleep interrupted
2019-10-17 07:42:22,995 [grpc-default-executor-1] INFO  impl.RaftServerImpl (RaftServerImpl.java:setRole(184)) - 443b071d-6096-48d6-bfe7-498b7c8032c0@group-7EB39FB5DF22: changes role from  FOLLOWER to FOLLOWER at term 401 for recognizeCandidate:cbde3520-0cea-4357-bb04-1a0ae64b2bb1
2019-10-17 07:42:22,995 [grpc-default-executor-1] INFO  impl.RoleInfo (RoleInfo.java:shutdownFollowerState(121)) - 443b071d-6096-48d6-bfe7-498b7c8032c0: shutdown FollowerState
2019-10-17 07:42:22,996 [Thread-2632] INFO  impl.FollowerState (FollowerState.java:run(117)) - 443b071d-6096-48d6-bfe7-498b7c8032c0@group-7EB39FB5DF22-FollowerState was interrupted: java.lang.InterruptedException: sleep interrupted
2019-10-17 07:42:22,996 [grpc-default-executor-1] INFO  impl.RoleInfo (RoleInfo.java:updateAndGet(143)) - 443b071d-6096-48d6-bfe7-498b7c8032c0: start FollowerState
2019-10-17 07:42:23,021 [cbde3520-0cea-4357-bb04-1a0ae64b2bb1@group-7EB39FB5DF22-LeaderElection368] INFO  impl.LeaderElection (LeaderElection.java:logAndReturn(56)) - cbde3520-0cea-4357-bb04-1a0ae64b2bb1@group-7EB39FB5DF22-LeaderElection368: Election REJECTED; received 2 response(s) [cbde3520-0cea-4357-bb04-1a0ae64b2bb1<-40d2d32e-dd25-45df-8070-f9dc56ccf0a7#0:FAIL-t401, cbde3520-0cea-4357-bb04-1a0ae64b2bb1<-443b071d-6096-48d6-bfe7-498b7c8032c0#0:FAIL-t401] and 0 exception(s); cbde3520-0cea-4357-bb04-1a0ae64b2bb1@group-7EB39FB5DF22:t401, leader=null, voted=cbde3520-0cea-4357-bb04-1a0ae64b2bb1, raftlog=cbde3520-0cea-4357-bb04-1a0ae64b2bb1@group-7EB39FB5DF22-SegmentedRaftLog:OPENED:c-1,f-1,i0, conf=-1: [40d2d32e-dd25-45df-8070-f9dc56ccf0a7:192.168.34.62:41633, cbde3520-0cea-4357-bb04-1a0ae64b2bb1:192.168.34.62:41642, 443b071d-6096-48d6-bfe7-498b7c8032c0:192.168.34.62:46516], old=null
2019-10-17 07:42:23,022 [cbde3520-0cea-4357-bb04-1a0ae64b2bb1@group-7EB39FB5DF22-LeaderElection368] INFO  impl.RaftServerImpl (RaftServerImpl.java:setRole(184)) - cbde3520-0cea-4357-bb04-1a0ae64b2bb1@group-7EB39FB5DF22: changes role from CANDIDATE to FOLLOWER at term 401 for DISCOVERED_A_NEW_TERM
2019-10-17 07:42:23,022 [cbde3520-0cea-4357-bb04-1a0ae64b2bb1@group-7EB39FB5DF22-LeaderElection368] INFO  impl.RoleInfo (RoleInfo.java:shutdownLeaderElection(134)) - cbde3520-0cea-4357-bb04-1a0ae64b2bb1: shutdown LeaderElection
2019-10-17 07:42:23,022 [cbde3520-0cea-4357-bb04-1a0ae64b2bb1@group-7EB39FB5DF22-LeaderElection368] INFO  impl.RoleInfo (RoleInfo.java:updateAndGet(143)) - cbde3520-0cea-4357-bb04-1a0ae64b2bb1: start FollowerState
2019-10-17 07:42:23,089 [Thread-2639] INFO  impl.FollowerState (FollowerState.java:run(108)) - cbde3520-0cea-4357-bb04-1a0ae64b2bb1@group-7EB39FB5DF22-FollowerState: change to CANDIDATE, lastRpcTime:67ms, electionTimeout:67ms
2019-10-17 07:42:23,089 [Thread-2639] INFO  impl.RoleInfo (RoleInfo.java:shutdownFollowerState(121)) - cbde3520-0cea-4357-bb04-1a0ae64b2bb1: shutdown FollowerState
2019-10-17 07:42:23,090 [Thread-2639] INFO  impl.RaftServerImpl (RaftServerImpl.java:setRole(184)) - cbde3520-0cea-4357-bb04-1a0ae64b2bb1@group-7EB39FB5DF22: changes role from  FOLLOWER to CANDIDATE at term 401 for changeToCandidate
2019-10-17 07:42:23,090 [Thread-2639] INFO  impl.RoleInfo (RoleInfo.java:updateAndGet(143)) - cbde3520-0cea-4357-bb04-1a0ae64b2bb1: start LeaderElection
2019-10-17 07:42:23,122 [cbde3520-0cea-4357-bb04-1a0ae64b2bb1@group-7EB39FB5DF22-LeaderElection369] INFO  impl.LeaderElection (LeaderElection.java:askForVotes(178)) - cbde3520-0cea-4357-bb04-1a0ae64b2bb1@group-7EB39FB5DF22-LeaderElection369: begin an election at term 402 for -1: [40d2d32e-dd25-45df-8070-f9dc56ccf0a7:192.168.34.62:41633, cbde3520-0cea-4357-bb04-1a0ae64b2bb1:192.168.34.62:41642, 443b071d-6096-48d6-bfe7-498b7c8032c0:192.168.34.62:46516], old=null
2019-10-17 07:42:23,125 [grpc-default-executor-4] INFO  impl.RaftServerImpl (RaftServerImpl.java:setRole(184)) - 40d2d32e-dd25-45df-8070-f9dc56ccf0a7@group-7EB39FB5DF22: changes role from  FOLLOWER to FOLLOWER at term 402 for recognizeCandidate:cbde3520-0cea-4357-bb04-1a0ae64b2bb1
2019-10-17 07:42:23,125 [grpc-default-executor-1] INFO  impl.RaftServerImpl (RaftServerImpl.java:setRole(184)) - 443b071d-6096-48d6-bfe7-498b7c8032c0@group-7EB39FB5DF22: changes role from  FOLLOWER to FOLLOWER at term 402 for recognizeCandidate:cbde3520-0cea-4357-bb04-1a0ae64b2bb1
2019-10-17 07:42:23,125 [grpc-default-executor-1] INFO  impl.RoleInfo (RoleInfo.java:shutdownFollowerState(121)) - 443b071d-6096-48d6-bfe7-498b7c8032c0: shutdown FollowerState
2019-10-17 07:42:23,125 [grpc-default-executor-4] INFO  impl.RoleInfo (RoleInfo.java:shutdownFollowerState(121)) - 40d2d32e-dd25-45df-8070-f9dc56ccf0a7: shutdown FollowerState
2019-10-17 07:42:23,125 [Thread-2638] INFO  impl.FollowerState (FollowerState.java:run(117)) - 443b071d-6096-48d6-bfe7-498b7c8032c0@group-7EB39FB5DF22-FollowerState was interrupted: java.lang.InterruptedException: sleep interrupted
2019-10-17 07:42:23,125 [grpc-default-executor-1] INFO  impl.RoleInfo (RoleInfo.java:updateAndGet(143)) - 443b071d-6096-48d6-bfe7-498b7c8032c0: start FollowerState
2019-10-17 07:42:23,125 [Thread-2637] INFO  impl.FollowerState (FollowerState.java:run(117)) - 40d2d32e-dd25-45df-8070-f9dc56ccf0a7@group-7EB39FB5DF22-FollowerState was interrupted: java.lang.InterruptedException: sleep interrupted
2019-10-17 07:42:23,125 [grpc-default-executor-4] INFO  impl.RoleInfo (RoleInfo.java:updateAndGet(143)) - 40d2d32e-dd25-45df-8070-f9dc56ccf0a7: start FollowerState
2019-10-17 07:42:23,131 [cbde3520-0cea-4357-bb04-1a0ae64b2bb1@group-7EB39FB5DF22-LeaderElection369] INFO  impl.LeaderElection (LeaderElection.java:logAndReturn(56)) - cbde3520-0cea-4357-bb04-1a0ae64b2bb1@group-7EB39FB5DF22-LeaderElection369: Election TIMEOUT; received 0 response(s) [] and 0 exception(s); cbde3520-0cea-4357-bb04-1a0ae64b2bb1@group-7EB39FB5DF22:t402, leader=null, voted=cbde3520-0cea-4357-bb04-1a0ae64b2bb1, raftlog=cbde3520-0cea-4357-bb04-1a0ae64b2bb1@group-7EB39FB5DF22-SegmentedRaftLog:OPENED:c-1,f-1,i0, conf=-1: [40d2d32e-dd25-45df-8070-f9dc56ccf0a7:192.168.34.62:41633, cbde3520-0cea-4357-bb04-1a0ae64b2bb1:192.168.34.62:41642, 443b071d-6096-48d6-bfe7-498b7c8032c0:192.168.34.62:46516], old=null
2019-10-17 07:42:23,151 [cbde3520-0cea-4357-bb04-1a0ae64b2bb1@group-7EB39FB5DF22-LeaderElection369] INFO  impl.LeaderElection (LeaderElection.java:askForVotes(178)) - cbde3520-0cea-4357-bb04-1a0ae64b2bb1@group-7EB39FB5DF22-LeaderElection369: begin an election at term 403 for -1: [40d2d32e-dd25-45df-8070-f9dc56ccf0a7:192.168.34.62:41633, cbde3520-0cea-4357-bb04-1a0ae64b2bb1:192.168.34.62:41642, 443b071d-6096-48d6-bfe7-498b7c8032c0:192.168.34.62:46516], old=null
2019-10-17 07:42:23,153 [grpc-default-executor-1] INFO  impl.RaftServerImpl (RaftServerImpl.java:setRole(184)) - 40d2d32e-dd25-45df-8070-f9dc56ccf0a7@group-7EB39FB5DF22: changes role from  FOLLOWER to FOLLOWER at term 403 for recognizeCandidate:cbde3520-0cea-4357-bb04-1a0ae64b2bb1
2019-10-17 07:42:23,153 [grpc-default-executor-1] INFO  impl.RoleInfo (RoleInfo.java:shutdownFollowerState(121)) - 40d2d32e-dd25-45df-8070-f9dc56ccf0a7: shutdown FollowerState
2019-10-17 07:42:23,153 [grpc-default-executor-4] INFO  impl.RaftServerImpl (RaftServerImpl.java:setRole(184)) - 443b071d-6096-48d6-bfe7-498b7c8032c0@group-7EB39FB5DF22: changes role from  FOLLOWER to FOLLOWER at term 403 for recognizeCandidate:cbde3520-0cea-4357-bb04-1a0ae64b2bb1
2019-10-17 07:42:23,153 [grpc-default-executor-4] INFO  impl.RoleInfo (RoleInfo.java:shutdownFollowerState(121)) - 443b071d-6096-48d6-bfe7-498b7c8032c0: shutdown FollowerState
2019-10-17 07:42:23,153 [Thread-2648] INFO  impl.FollowerState (FollowerState.java:run(117)) - 40d2d32e-dd25-45df-8070-f9dc56ccf0a7@group-7EB39FB5DF22-FollowerState was interrupted: java.lang.InterruptedException: sleep interrupted
2019-10-17 07:42:23,153 [grpc-default-executor-1] INFO  impl.RoleInfo (RoleInfo.java:updateAndGet(143)) - 40d2d32e-dd25-45df-8070-f9dc56ccf0a7: start FollowerState
2019-10-17 07:42:23,154 [Thread-2647] INFO  impl.FollowerState (FollowerState.java:run(117)) - 443b071d-6096-48d6-bfe7-498b7c8032c0@group-7EB39FB5DF22-FollowerState was interrupted: java.lang.InterruptedException: sleep interrupted
2019-10-17 07:42:23,154 [grpc-default-executor-4] INFO  impl.RoleInfo (RoleInfo.java:updateAndGet(143)) - 443b071d-6096-48d6-bfe7-498b7c8032c0: start FollowerState
2019-10-17 07:42:23,167 [cbde3520-0cea-4357-bb04-1a0ae64b2bb1@group-7EB39FB5DF22-LeaderElection369] INFO  impl.LeaderElection (LeaderElection.java:logAndReturn(56)) - cbde3520-0cea-4357-bb04-1a0ae64b2bb1@group-7EB39FB5DF22-LeaderElection369: Election REJECTED; received 2 response(s) [cbde3520-0cea-4357-bb04-1a0ae64b2bb1<-40d2d32e-dd25-45df-8070-f9dc56ccf0a7#0:FAIL-t403, cbde3520-0cea-4357-bb04-1a0ae64b2bb1<-443b071d-6096-48d6-bfe7-498b7c8032c0#0:FAIL-t403] and 0 exception(s); cbde3520-0cea-4357-bb04-1a0ae64b2bb1@group-7EB39FB5DF22:t403, leader=null, voted=cbde3520-0cea-4357-bb04-1a0ae64b2bb1, raftlog=cbde3520-0cea-4357-bb04-1a0ae64b2bb1@group-7EB39FB5DF22-SegmentedRaftLog:OPENED:c-1,f-1,i0, conf=-1: [40d2d32e-dd25-45df-8070-f9dc56ccf0a7:192.168.34.62:41633, cbde3520-0cea-4357-bb04-1a0ae64b2bb1:192.168.34.62:41642, 443b071d-6096-48d6-bfe7-498b7c8032c0:192.168.34.62:46516], old=null
2019-10-17 07:42:23,167 [cbde3520-0cea-4357-bb04-1a0ae64b2bb1@group-7EB39FB5DF22-LeaderElection369] INFO  impl.RaftServerImpl (RaftServerImpl.java:setRole(184)) - cbde3520-0cea-4357-bb04-1a0ae64b2bb1@group-7EB39FB5DF22: changes role from CANDIDATE to FOLLOWER at term 403 for DISCOVERED_A_NEW_TERM
2019-10-17 07:42:23,167 [cbde3520-0cea-4357-bb04-1a0ae64b2bb1@group-7EB39FB5DF22-LeaderElection369] INFO  impl.RoleInfo (RoleInfo.java:shutdownLeaderElection(134)) - cbde3520-0cea-4357-bb04-1a0ae64b2bb1: shutdown LeaderElection
2019-10-17 07:42:23,167 [cbde3520-0cea-4357-bb04-1a0ae64b2bb1@group-7EB39FB5DF22-LeaderElection369] INFO  impl.RoleInfo (RoleInfo.java:updateAndGet(143)) - cbde3520-0cea-4357-bb04-1a0ae64b2bb1: start FollowerState
2019-10-17 07:42:23,226 [Thread-2653] INFO  impl.FollowerState (FollowerState.java:run(108)) - cbde3520-0cea-4357-bb04-1a0ae64b2bb1@group-7EB39FB5DF22-FollowerState: change to CANDIDATE, lastRpcTime:58ms, electionTimeout:58ms
2019-10-17 07:42:23,226 [Thread-2653] INFO  impl.RoleInfo (RoleInfo.java:shutdownFollowerState(121)) - cbde3520-0cea-4357-bb04-1a0ae64b2bb1: shutdown FollowerState
2019-10-17 07:42:23,226 [Thread-2653] INFO  impl.RaftServerImpl (RaftServerImpl.java:setRole(184)) - cbde3520-0cea-4357-bb04-1a0ae64b2bb1@group-7EB39FB5DF22: changes role from  FOLLOWER to CANDIDATE at term 403 for changeToCandidate
2019-10-17 07:42:23,226 [Thread-2653] INFO  impl.RoleInfo (RoleInfo.java:updateAndGet(143)) - cbde3520-0cea-4357-bb04-1a0ae64b2bb1: start LeaderElection
2019-10-17 07:42:23,251 [cbde3520-0cea-4357-bb04-1a0ae64b2bb1@group-7EB39FB5DF22-LeaderElection370] INFO  impl.LeaderElection (LeaderElection.java:askForVotes(178)) - cbde3520-0cea-4357-bb04-1a0ae64b2bb1@group-7EB39FB5DF22-LeaderElection370: begin an election at term 404 for -1: [40d2d32e-dd25-45df-8070-f9dc56ccf0a7:192.168.34.62:41633, cbde3520-0cea-4357-bb04-1a0ae64b2bb1:192.168.34.62:41642, 443b071d-6096-48d6-bfe7-498b7c8032c0:192.168.34.62:46516], old=null
2019-10-17 07:42:23,253 [grpc-default-executor-1] INFO  impl.RaftServerImpl (RaftServerImpl.java:setRole(184)) - 40d2d32e-dd25-45df-8070-f9dc56ccf0a7@group-7EB39FB5DF22: changes role from  FOLLOWER to FOLLOWER at term 404 for recognizeCandidate:cbde3520-0cea-4357-bb04-1a0ae64b2bb1
2019-10-17 07:42:23,253 [grpc-default-executor-1] INFO  impl.RoleInfo (RoleInfo.java:shutdownFollowerState(121)) - 40d2d32e-dd25-45df-8070-f9dc56ccf0a7: shutdown FollowerState
2019-10-17 07:42:23,253 [grpc-default-executor-4] INFO  impl.RaftServerImpl (RaftServerImpl.java:setRole(184)) - 443b071d-6096-48d6-bfe7-498b7c8032c0@group-7EB39FB5DF22: changes role from  FOLLOWER to FOLLOWER at term 404 for recognizeCandidate:cbde3520-0cea-4357-bb04-1a0ae64b2bb1
2019-10-17 07:42:23,253 [grpc-default-executor-4] INFO  impl.RoleInfo (RoleInfo.java:shutdownFollowerState(121)) - 443b071d-6096-48d6-bfe7-498b7c8032c0: shutdown FollowerState
2019-10-17 07:42:23,253 [Thread-2651] INFO  impl.FollowerState (FollowerState.java:run(117)) - 40d2d32e-dd25-45df-8070-f9dc56ccf0a7@group-7EB39FB5DF22-FollowerState was interrupted: java.lang.InterruptedException: sleep interrupted
2019-10-17 07:42:23,253 [grpc-default-executor-1] INFO  impl.RoleInfo (RoleInfo.java:updateAndGet(143)) - 40d2d32e-dd25-45df-8070-f9dc56ccf0a7: start FollowerState
2019-10-17 07:42:23,254 [Thread-2652] INFO  impl.FollowerState (FollowerState.java:run(117)) - 443b071d-6096-48d6-bfe7-498b7c8032c0@group-7EB39FB5DF22-FollowerState was interrupted: java.lang.InterruptedException: sleep interrupted
2019-10-17 07:42:23,254 [grpc-default-executor-4] INFO  impl.RoleInfo (RoleInfo.java:updateAndGet(143)) - 443b071d-6096-48d6-bfe7-498b7c8032c0: start FollowerState
2019-10-17 07:42:23,279 [cbde3520-0cea-4357-bb04-1a0ae64b2bb1@group-7EB39FB5DF22-LeaderElection370] INFO  impl.LeaderElection (LeaderElection.java:logAndReturn(56)) - cbde3520-0cea-4357-bb04-1a0ae64b2bb1@group-7EB39FB5DF22-LeaderElection370: Election REJECTED; received 2 response(s) [cbde3520-0cea-4357-bb04-1a0ae64b2bb1<-40d2d32e-dd25-45df-8070-f9dc56ccf0a7#0:FAIL-t404, cbde3520-0cea-4357-bb04-1a0ae64b2bb1<-443b071d-6096-48d6-bfe7-498b7c8032c0#0:FAIL-t404] and 0 exception(s); cbde3520-0cea-4357-bb04-1a0ae64b2bb1@group-7EB39FB5DF22:t404, leader=null, voted=cbde3520-0cea-4357-bb04-1a0ae64b2bb1, raftlog=cbde3520-0cea-4357-bb04-1a0ae64b2bb1@group-7EB39FB5DF22-SegmentedRaftLog:OPENED:c-1,f-1,i0, conf=-1: [40d2d32e-dd25-45df-8070-f9dc56ccf0a7:192.168.34.62:41633, cbde3520-0cea-4357-bb04-1a0ae64b2bb1:192.168.34.62:41642, 443b071d-6096-48d6-bfe7-498b7c8032c0:192.168.34.62:46516], old=null
2019-10-17 07:42:23,280 [cbde3520-0cea-4357-bb04-1a0ae64b2bb1@group-7EB39FB5DF22-LeaderElection370] INFO  impl.RaftServerImpl (RaftServerImpl.java:setRole(184)) - cbde3520-0cea-4357-bb04-1a0ae64b2bb1@group-7EB39FB5DF22: changes role from CANDIDATE to FOLLOWER at term 404 for DISCOVERED_A_NEW_TERM
2019-10-17 07:42:23,280 [cbde3520-0cea-4357-bb04-1a0ae64b2bb1@group-7EB39FB5DF22-LeaderElection370] INFO  impl.RoleInfo (RoleInfo.java:shutdownLeaderElection(134)) - cbde3520-0cea-4357-bb04-1a0ae64b2bb1: shutdown LeaderElection
2019-10-17 07:42:23,280 [cbde3520-0cea-4357-bb04-1a0ae64b2bb1@group-7EB39FB5DF22-LeaderElection370] INFO  impl.RoleInfo (RoleInfo.java:updateAndGet(143)) - cbde3520-0cea-4357-bb04-1a0ae64b2bb1: start FollowerState
2019-10-17 07:42:23,467 [Thread-2659] INFO  impl.FollowerState (FollowerState.java:run(108)) - cbde3520-0cea-4357-bb04-1a0ae64b2bb1@group-7EB39FB5DF22-FollowerState: change to CANDIDATE, lastRpcTime:187ms, electionTimeout:187ms
2019-10-17 07:42:23,467 [Thread-2659] INFO  impl.RoleInfo (RoleInfo.java:shutdownFollowerState(121)) - cbde3520-0cea-4357-bb04-1a0ae64b2bb1: shutdown FollowerState
2019-10-17 07:42:23,468 [Thread-2659] INFO  impl.RaftServerImpl (RaftServerImpl.java:setRole(184)) - cbde3520-0cea-4357-bb04-1a0ae64b2bb1@group-7EB39FB5DF22: changes role from  FOLLOWER to CANDIDATE at term 404 for changeToCandidate
2019-10-17 07:42:23,468 [Thread-2659] INFO  impl.RoleInfo (RoleInfo.java:updateAndGet(143)) - cbde3520-0cea-4357-bb04-1a0ae64b2bb1: start LeaderElection
2019-10-17 07:42:23,492 [cbde3520-0cea-4357-bb04-1a0ae64b2bb1@group-7EB39FB5DF22-LeaderElection371] INFO  impl.LeaderElection (LeaderElection.java:askForVotes(178)) - cbde3520-0cea-4357-bb04-1a0ae64b2bb1@group-7EB39FB5DF22-LeaderElection371: begin an election at term 405 for -1: [40d2d32e-dd25-45df-8070-f9dc56ccf0a7:192.168.34.62:41633, cbde3520-0cea-4357-bb04-1a0ae64b2bb1:192.168.34.62:41642, 443b071d-6096-48d6-bfe7-498b7c8032c0:192.168.34.62:46516], old=null
2019-10-17 07:42:23,494 [grpc-default-executor-1] INFO  impl.RaftServerImpl (RaftServerImpl.java:setRole(184)) - 40d2d32e-dd25-45df-8070-f9dc56ccf0a7@group-7EB39FB5DF22: changes role from  FOLLOWER to FOLLOWER at term 405 for recognizeCandidate:cbde3520-0cea-4357-bb04-1a0ae64b2bb1
2019-10-17 07:42:23,495 [grpc-default-executor-4] INFO  impl.RaftServerImpl (RaftServerImpl.java:setRole(184)) - 443b071d-6096-48d6-bfe7-498b7c8032c0@group-7EB39FB5DF22: changes role from  FOLLOWER to FOLLOWER at term 405 for recognizeCandidate:cbde3520-0cea-4357-bb04-1a0ae64b2bb1
2019-10-17 07:42:23,495 [grpc-default-executor-1] INFO  impl.RoleInfo (RoleInfo.java:shutdownFollowerState(121)) - 40d2d32e-dd25-45df-8070-f9dc56ccf0a7: shutdown FollowerState
2019-10-17 07:42:23,495 [grpc-default-executor-4] INFO  impl.RoleInfo (RoleInfo.java:shutdownFollowerState(121)) - 443b071d-6096-48d6-bfe7-498b7c8032c0: shutdown FollowerState
2019-10-17 07:42:23,495 [grpc-default-executor-4] INFO  impl.RoleInfo (RoleInfo.java:updateAndGet(143)) - 443b071d-6096-48d6-bfe7-498b7c8032c0: start FollowerState
2019-10-17 07:42:23,495 [Thread-2657] INFO  impl.FollowerState (FollowerState.java:run(117)) - 40d2d32e-dd25-45df-8070-f9dc56ccf0a7@group-7EB39FB5DF22-FollowerState was interrupted: java.lang.InterruptedException: sleep interrupted
2019-10-17 07:42:23,495 [grpc-default-executor-1] INFO  impl.RoleInfo (RoleInfo.java:updateAndGet(143)) - 40d2d32e-dd25-45df-8070-f9dc56ccf0a7: start FollowerState
2019-10-17 07:42:23,495 [Thread-2658] INFO  impl.FollowerState (FollowerState.java:run(117)) - 443b071d-6096-48d6-bfe7-498b7c8032c0@group-7EB39FB5DF22-FollowerState was interrupted: java.lang.InterruptedException: sleep interrupted
2019-10-17 07:42:23,509 [cbde3520-0cea-4357-bb04-1a0ae64b2bb1@group-7EB39FB5DF22-LeaderElection371] INFO  impl.LeaderElection (LeaderElection.java:logAndReturn(56)) - cbde3520-0cea-4357-bb04-1a0ae64b2bb1@group-7EB39FB5DF22-LeaderElection371: Election REJECTED; received 2 response(s) [cbde3520-0cea-4357-bb04-1a0ae64b2bb1<-40d2d32e-dd25-45df-8070-f9dc56ccf0a7#0:FAIL-t405, cbde3520-0cea-4357-bb04-1a0ae64b2bb1<-443b071d-6096-48d6-bfe7-498b7c8032c0#0:FAIL-t405] and 0 exception(s); cbde3520-0cea-4357-bb04-1a0ae64b2bb1@group-7EB39FB5DF22:t405, leader=null, voted=cbde3520-0cea-4357-bb04-1a0ae64b2bb1, raftlog=cbde3520-0cea-4357-bb04-1a0ae64b2bb1@group-7EB39FB5DF22-SegmentedRaftLog:OPENED:c-1,f-1,i0, conf=-1: [40d2d32e-dd25-45df-8070-f9dc56ccf0a7:192.168.34.62:41633, cbde3520-0cea-4357-bb04-1a0ae64b2bb1:192.168.34.62:41642, 443b071d-6096-48d6-bfe7-498b7c8032c0:192.168.34.62:46516], old=null
2019-10-17 07:42:23,509 [cbde3520-0cea-4357-bb04-1a0ae64b2bb1@group-7EB39FB5DF22-LeaderElection371] INFO  impl.RaftServerImpl (RaftServerImpl.java:setRole(184)) - cbde3520-0cea-4357-bb04-1a0ae64b2bb1@group-7EB39FB5DF22: changes role from CANDIDATE to FOLLOWER at term 405 for DISCOVERED_A_NEW_TERM
2019-10-17 07:42:23,509 [cbde3520-0cea-4357-bb04-1a0ae64b2bb1@group-7EB39FB5DF22-LeaderElection371] INFO  impl.RoleInfo (RoleInfo.java:shutdownLeaderElection(134)) - cbde3520-0cea-4357-bb04-1a0ae64b2bb1: shutdown LeaderElection
2019-10-17 07:42:23,510 [cbde3520-0cea-4357-bb04-1a0ae64b2bb1@group-7EB39FB5DF22-LeaderElection371] INFO  impl.RoleInfo (RoleInfo.java:updateAndGet(143)) - cbde3520-0cea-4357-bb04-1a0ae64b2bb1: start FollowerState
2019-10-17 07:42:23,684 [Thread-2665] INFO  impl.FollowerState (FollowerState.java:run(108)) - cbde3520-0cea-4357-bb04-1a0ae64b2bb1@group-7EB39FB5DF22-FollowerState: change to CANDIDATE, lastRpcTime:174ms, electionTimeout:174ms
2019-10-17 07:42:23,684 [Thread-2665] INFO  impl.RoleInfo (RoleInfo.java:shutdownFollowerState(121)) - cbde3520-0cea-4357-bb04-1a0ae64b2bb1: shutdown FollowerState
2019-10-17 07:42:23,684 [Thread-2665] INFO  impl.RaftServerImpl (RaftServerImpl.java:setRole(184)) - cbde3520-0cea-4357-bb04-1a0ae64b2bb1@group-7EB39FB5DF22: changes role from  FOLLOWER to CANDIDATE at term 405 for changeToCandidate
2019-10-17 07:42:23,685 [Thread-2665] INFO  impl.RoleInfo (RoleInfo.java:updateAndGet(143)) - cbde3520-0cea-4357-bb04-1a0ae64b2bb1: start LeaderElection
2019-10-17 07:42:23,709 [cbde3520-0cea-4357-bb04-1a0ae64b2bb1@group-7EB39FB5DF22-LeaderElection372] INFO  impl.LeaderElection (LeaderElection.java:askForVotes(178)) - cbde3520-0cea-4357-bb04-1a0ae64b2bb1@group-7EB39FB5DF22-LeaderElection372: begin an election at term 406 for -1: [40d2d32e-dd25-45df-8070-f9dc56ccf0a7:192.168.34.62:41633, cbde3520-0cea-4357-bb04-1a0ae64b2bb1:192.168.34.62:41642, 443b071d-6096-48d6-bfe7-498b7c8032c0:192.168.34.62:46516], old=null
2019-10-17 07:42:23,711 [grpc-default-executor-1] INFO  impl.RaftServerImpl (RaftServerImpl.java:setRole(184)) - 40d2d32e-dd25-45df-8070-f9dc56ccf0a7@group-7EB39FB5DF22: changes role from  FOLLOWER to FOLLOWER at term 406 for recognizeCandidate:cbde3520-0cea-4357-bb04-1a0ae64b2bb1
2019-10-17 07:42:23,711 [grpc-default-executor-1] INFO  impl.RoleInfo (RoleInfo.java:shutdownFollowerState(121)) - 40d2d32e-dd25-45df-8070-f9dc56ccf0a7: shutdown FollowerState
2019-10-17 07:42:23,711 [grpc-default-executor-4] INFO  impl.RaftServerImpl (RaftServerImpl.java:setRole(184)) - 443b071d-6096-48d6-bfe7-498b7c8032c0@group-7EB39FB5DF22: changes role from  FOLLOWER to FOLLOWER at term 406 for recognizeCandidate:cbde3520-0cea-4357-bb04-1a0ae64b2bb1
2019-10-17 07:42:23,712 [grpc-default-executor-4] INFO  impl.RoleInfo (RoleInfo.java:shutdownFollowerState(121)) - 443b071d-6096-48d6-bfe7-498b7c8032c0: shutdown FollowerState
2019-10-17 07:42:23,711 [Thread-2663] INFO  impl.FollowerState (FollowerState.java:run(117)) - 40d2d32e-dd25-45df-8070-f9dc56ccf0a7@group-7EB39FB5DF22-FollowerState was interrupted: java.lang.InterruptedException: sleep interrupted
2019-10-17 07:42:23,711 [grpc-default-executor-1] INFO  impl.RoleInfo (RoleInfo.java:updateAndGet(143)) - 40d2d32e-dd25-45df-8070-f9dc56ccf0a7: start FollowerState
2019-10-17 07:42:23,712 [Thread-2664] INFO  impl.FollowerState (FollowerState.java:run(117)) - 443b071d-6096-48d6-bfe7-498b7c8032c0@group-7EB39FB5DF22-FollowerState was interrupted: java.lang.InterruptedException: sleep interrupted
2019-10-17 07:42:23,712 [grpc-default-executor-4] INFO  impl.RoleInfo (RoleInfo.java:updateAndGet(143)) - 443b071d-6096-48d6-bfe7-498b7c8032c0: start FollowerState
2019-10-17 07:42:23,726 [cbde3520-0cea-4357-bb04-1a0ae64b2bb1@group-7EB39FB5DF22-LeaderElection372] INFO  impl.LeaderElection (LeaderElection.java:logAndReturn(56)) - cbde3520-0cea-4357-bb04-1a0ae64b2bb1@group-7EB39FB5DF22-LeaderElection372: Election REJECTED; received 2 response(s) [cbde3520-0cea-4357-bb04-1a0ae64b2bb1<-40d2d32e-dd25-45df-8070-f9dc56ccf0a7#0:FAIL-t406, cbde3520-0cea-4357-bb04-1a0ae64b2bb1<-443b071d-6096-48d6-bfe7-498b7c8032c0#0:FAIL-t406] and 0 exception(s); cbde3520-0cea-4357-bb04-1a0ae64b2bb1@group-7EB39FB5DF22:t406, leader=null, voted=cbde3520-0cea-4357-bb04-1a0ae64b2bb1, raftlog=cbde3520-0cea-4357-bb04-1a0ae64b2bb1@group-7EB39FB5DF22-SegmentedRaftLog:OPENED:c-1,f-1,i0, conf=-1: [40d2d32e-dd25-45df-8070-f9dc56ccf0a7:192.168.34.62:41633, cbde3520-0cea-4357-bb04-1a0ae64b2bb1:192.168.34.62:41642, 443b071d-6096-48d6-bfe7-498b7c8032c0:192.168.34.62:46516], old=null
2019-10-17 07:42:23,726 [cbde3520-0cea-4357-bb04-1a0ae64b2bb1@group-7EB39FB5DF22-LeaderElection372] INFO  impl.RaftServerImpl (RaftServerImpl.java:setRole(184)) - cbde3520-0cea-4357-bb04-1a0ae64b2bb1@group-7EB39FB5DF22: changes role from CANDIDATE to FOLLOWER at term 406 for DISCOVERED_A_NEW_TERM
2019-10-17 07:42:23,726 [cbde3520-0cea-4357-bb04-1a0ae64b2bb1@group-7EB39FB5DF22-LeaderElection372] INFO  impl.RoleInfo (RoleInfo.java:shutdownLeaderElection(134)) - cbde3520-0cea-4357-bb04-1a0ae64b2bb1: shutdown LeaderElection
2019-10-17 07:42:23,726 [cbde3520-0cea-4357-bb04-1a0ae64b2bb1@group-7EB39FB5DF22-LeaderElection372] INFO  impl.RoleInfo (RoleInfo.java:updateAndGet(143)) - cbde3520-0cea-4357-bb04-1a0ae64b2bb1: start FollowerState
2019-10-17 07:42:23,805 [Thread-2671] INFO  impl.FollowerState (FollowerState.java:run(108)) - cbde3520-0cea-4357-bb04-1a0ae64b2bb1@group-7EB39FB5DF22-FollowerState: change to CANDIDATE, lastRpcTime:79ms, electionTimeout:79ms
2019-10-17 07:42:23,806 [Thread-2671] INFO  impl.RoleInfo (RoleInfo.java:shutdownFollowerState(121)) - cbde3520-0cea-4357-bb04-1a0ae64b2bb1: shutdown FollowerState
2019-10-17 07:42:23,806 [Thread-2671] INFO  impl.RaftServerImpl (RaftServerImpl.java:setRole(184)) - cbde3520-0cea-4357-bb04-1a0ae64b2bb1@group-7EB39FB5DF22: changes role from  FOLLOWER to CANDIDATE at term 406 for changeToCandidate
2019-10-17 07:42:23,806 [Thread-2671] INFO  impl.RoleInfo (RoleInfo.java:updateAndGet(143)) - cbde3520-0cea-4357-bb04-1a0ae64b2bb1: start LeaderElection
2019-10-17 07:42:23,832 [cbde3520-0cea-4357-bb04-1a0ae64b2bb1@group-7EB39FB5DF22-LeaderElection373] INFO  impl.LeaderElection (LeaderElection.java:askForVotes(178)) - cbde3520-0cea-4357-bb04-1a0ae64b2bb1@group-7EB39FB5DF22-LeaderElection373: begin an election at term 407 for -1: [40d2d32e-dd25-45df-8070-f9dc56ccf0a7:192.168.34.62:41633, cbde3520-0cea-4357-bb04-1a0ae64b2bb1:192.168.34.62:41642, 443b071d-6096-48d6-bfe7-498b7c8032c0:192.168.34.62:46516], old=null
2019-10-17 07:42:23,834 [grpc-default-executor-1] INFO  impl.RaftServerImpl (RaftServerImpl.java:setRole(184)) - 40d2d32e-dd25-45df-8070-f9dc56ccf0a7@group-7EB39FB5DF22: changes role from  FOLLOWER to FOLLOWER at term 407 for recognizeCandidate:cbde3520-0cea-4357-bb04-1a0ae64b2bb1
2019-10-17 07:42:23,834 [grpc-default-executor-1] INFO  impl.RoleInfo (RoleInfo.java:shutdownFollowerState(121)) - 40d2d32e-dd25-45df-8070-f9dc56ccf0a7: shutdown FollowerState
2019-10-17 07:42:23,834 [grpc-default-executor-1] INFO  impl.RoleInfo (RoleInfo.java:updateAndGet(143)) - 40d2d32e-dd25-45df-8070-f9dc56ccf0a7: start FollowerState
2019-10-17 07:42:23,834 [Thread-2669] INFO  impl.FollowerState (FollowerState.java:run(117)) - 40d2d32e-dd25-45df-8070-f9dc56ccf0a7@group-7EB39FB5DF22-FollowerState was interrupted: java.lang.InterruptedException: sleep interrupted
2019-10-17 07:42:23,834 [grpc-default-executor-4] INFO  impl.RaftServerImpl (RaftServerImpl.java:setRole(184)) - 443b071d-6096-48d6-bfe7-498b7c8032c0@group-7EB39FB5DF22: changes role from  FOLLOWER to FOLLOWER at term 407 for recognizeCandidate:cbde3520-0cea-4357-bb04-1a0ae64b2bb1
2019-10-17 07:42:23,834 [grpc-default-executor-4] INFO  impl.RoleInfo (RoleInfo.java:shutdownFollowerState(121)) - 443b071d-6096-48d6-bfe7-498b7c8032c0: shutdown FollowerState
2019-10-17 07:42:23,835 [grpc-default-executor-4] INFO  impl.RoleInfo (RoleInfo.java:updateAndGet(143)) - 443b071d-6096-48d6-bfe7-498b7c8032c0: start FollowerState
2019-10-17 07:42:23,835 [Thread-2670] INFO  impl.FollowerState (FollowerState.java:run(117)) - 443b071d-6096-48d6-bfe7-498b7c8032c0@group-7EB39FB5DF22-FollowerState was interrupted: java.lang.InterruptedException: sleep interrupted
2019-10-17 07:42:23,855 [cbde3520-0cea-4357-bb04-1a0ae64b2bb1@group-7EB39FB5DF22-LeaderElection373] INFO  impl.LeaderElection (LeaderElection.java:logAndReturn(56)) - cbde3520-0cea-4357-bb04-1a0ae64b2bb1@group-7EB39FB5DF22-LeaderElection373: Election REJECTED; received 2 response(s) [cbde3520-0cea-4357-bb04-1a0ae64b2bb1<-40d2d32e-dd25-45df-8070-f9dc56ccf0a7#0:FAIL-t407, cbde3520-0cea-4357-bb04-1a0ae64b2bb1<-443b071d-6096-48d6-bfe7-498b7c8032c0#0:FAIL-t407] and 0 exception(s); cbde3520-0cea-4357-bb04-1a0ae64b2bb1@group-7EB39FB5DF22:t407, leader=null, voted=cbde3520-0cea-4357-bb04-1a0ae64b2bb1, raftlog=cbde3520-0cea-4357-bb04-1a0ae64b2bb1@group-7EB39FB5DF22-SegmentedRaftLog:OPENED:c-1,f-1,i0, conf=-1: [40d2d32e-dd25-45df-8070-f9dc56ccf0a7:192.168.34.62:41633, cbde3520-0cea-4357-bb04-1a0ae64b2bb1:192.168.34.62:41642, 443b071d-6096-48d6-bfe7-498b7c8032c0:192.168.34.62:46516], old=null
2019-10-17 07:42:23,855 [cbde3520-0cea-4357-bb04-1a0ae64b2bb1@group-7EB39FB5DF22-LeaderElection373] INFO  impl.RaftServerImpl (RaftServerImpl.java:setRole(184)) - cbde3520-0cea-4357-bb04-1a0ae64b2bb1@group-7EB39FB5DF22: changes role from CANDIDATE to FOLLOWER at term 407 for DISCOVERED_A_NEW_TERM
2019-10-17 07:42:23,855 [cbde3520-0cea-4357-bb04-1a0ae64b2bb1@group-7EB39FB5DF22-LeaderElection373] INFO  impl.RoleInfo (RoleInfo.java:shutdownLeaderElection(134)) - cbde3520-0cea-4357-bb04-1a0ae64b2bb1: shutdown LeaderElection
2019-10-17 07:42:23,855 [cbde3520-0cea-4357-bb04-1a0ae64b2bb1@group-7EB39FB5DF22-LeaderElection373] INFO  impl.RoleInfo (RoleInfo.java:updateAndGet(143)) - cbde3520-0cea-4357-bb04-1a0ae64b2bb1: start FollowerState
2019-10-17 07:42:23,868 [Thread-2677] INFO  impl.FollowerState (FollowerState.java:run(108)) - cbde3520-0cea-4357-bb04-1a0ae64b2bb1@group-7EB39FB5DF22-FollowerState: change to CANDIDATE, lastRpcTime:12ms, electionTimeout:12ms
2019-10-17 07:42:23,868 [Thread-2677] INFO  impl.RoleInfo (RoleInfo.java:shutdownFollowerState(121)) - cbde3520-0cea-4357-bb04-1a0ae64b2bb1: shutdown FollowerState
2019-10-17 07:42:23,868 [Thread-2677] INFO  impl.RaftServerImpl (RaftServerImpl.java:setRole(184)) - cbde3520-0cea-4357-bb04-1a0ae64b2bb1@group-7EB39FB5DF22: changes role from  FOLLOWER to CANDIDATE at term 407 for changeToCandidate
2019-10-17 07:42:23,868 [Thread-2677] INFO  impl.RoleInfo (RoleInfo.java:updateAndGet(143)) - cbde3520-0cea-4357-bb04-1a0ae64b2bb1: start LeaderElection
2019-10-17 07:42:23,891 [cbde3520-0cea-4357-bb04-1a0ae64b2bb1@group-7EB39FB5DF22-LeaderElection374] INFO  impl.LeaderElection (LeaderElection.java:askForVotes(178)) - cbde3520-0cea-4357-bb04-1a0ae64b2bb1@group-7EB39FB5DF22-LeaderElection374: begin an election at term 408 for -1: [40d2d32e-dd25-45df-8070-f9dc56ccf0a7:192.168.34.62:41633, cbde3520-0cea-4357-bb04-1a0ae64b2bb1:192.168.34.62:41642, 443b071d-6096-48d6-bfe7-498b7c8032c0:192.168.34.62:46516], old=null
2019-10-17 07:42:23,893 [grpc-default-executor-4] INFO  impl.RaftServerImpl (RaftServerImpl.java:setRole(184)) - 40d2d32e-dd25-45df-8070-f9dc56ccf0a7@group-7EB39FB5DF22: changes role from  FOLLOWER to FOLLOWER at term 408 for recognizeCandidate:cbde3520-0cea-4357-bb04-1a0ae64b2bb1
2019-10-17 07:42:23,893 [grpc-default-executor-1] INFO  impl.RaftServerImpl (RaftServerImpl.java:setRole(184)) - 443b071d-6096-48d6-bfe7-498b7c8032c0@group-7EB39FB5DF22: changes role from  FOLLOWER to FOLLOWER at term 408 for recognizeCandidate:cbde3520-0cea-4357-bb04-1a0ae64b2bb1
2019-10-17 07:42:23,893 [grpc-default-executor-4] INFO  impl.RoleInfo (RoleInfo.java:shutdownFollowerState(121)) - 40d2d32e-dd25-45df-8070-f9dc56ccf0a7: shutdown FollowerState
2019-10-17 07:42:23,894 [grpc-default-executor-1] INFO  impl.RoleInfo (RoleInfo.java:shutdownFollowerState(121)) - 443b071d-6096-48d6-bfe7-498b7c8032c0: shutdown FollowerState
2019-10-17 07:42:23,894 [Thread-2675] INFO  impl.FollowerState (FollowerState.java:run(117)) - 40d2d32e-dd25-45df-8070-f9dc56ccf0a7@group-7EB39FB5DF22-FollowerState was interrupted: java.lang.InterruptedException: sleep interrupted
2019-10-17 07:42:23,894 [Thread-2676] INFO  impl.FollowerState (FollowerState.java:run(117)) - 443b071d-6096-48d6-bfe7-498b7c8032c0@group-7EB39FB5DF22-FollowerState was interrupted: java.lang.InterruptedException: sleep interrupted
2019-10-17 07:42:23,894 [grpc-default-executor-4] INFO  impl.RoleInfo (RoleInfo.java:updateAndGet(143)) - 40d2d32e-dd25-45df-8070-f9dc56ccf0a7: start FollowerState
2019-10-17 07:42:23,894 [grpc-default-executor-1] INFO  impl.RoleInfo (RoleInfo.java:updateAndGet(143)) - 443b071d-6096-48d6-bfe7-498b7c8032c0: start FollowerState
2019-10-17 07:42:23,918 [cbde3520-0cea-4357-bb04-1a0ae64b2bb1@group-7EB39FB5DF22-LeaderElection374] INFO  impl.LeaderElection (LeaderElection.java:logAndReturn(56)) - cbde3520-0cea-4357-bb04-1a0ae64b2bb1@group-7EB39FB5DF22-LeaderElection374: Election REJECTED; received 2 response(s) [cbde3520-0cea-4357-bb04-1a0ae64b2bb1<-40d2d32e-dd25-45df-8070-f9dc56ccf0a7#0:FAIL-t408, cbde3520-0cea-4357-bb04-1a0ae64b2bb1<-443b071d-6096-48d6-bfe7-498b7c8032c0#0:FAIL-t408] and 0 exception(s); cbde3520-0cea-4357-bb04-1a0ae64b2bb1@group-7EB39FB5DF22:t408, leader=null, voted=cbde3520-0cea-4357-bb04-1a0ae64b2bb1, raftlog=cbde3520-0cea-4357-bb04-1a0ae64b2bb1@group-7EB39FB5DF22-SegmentedRaftLog:OPENED:c-1,f-1,i0, conf=-1: [40d2d32e-dd25-45df-8070-f9dc56ccf0a7:192.168.34.62:41633, cbde3520-0cea-4357-bb04-1a0ae64b2bb1:192.168.34.62:41642, 443b071d-6096-48d6-bfe7-498b7c8032c0:192.168.34.62:46516], old=null
2019-10-17 07:42:23,918 [cbde3520-0cea-4357-bb04-1a0ae64b2bb1@group-7EB39FB5DF22-LeaderElection374] INFO  impl.RaftServerImpl (RaftServerImpl.java:setRole(184)) - cbde3520-0cea-4357-bb04-1a0ae64b2bb1@group-7EB39FB5DF22: changes role from CANDIDATE to FOLLOWER at term 408 for DISCOVERED_A_NEW_TERM
2019-10-17 07:42:23,918 [cbde3520-0cea-4357-bb04-1a0ae64b2bb1@group-7EB39FB5DF22-LeaderElection374] INFO  impl.RoleInfo (RoleInfo.java:shutdownLeaderElection(134)) - cbde3520-0cea-4357-bb04-1a0ae64b2bb1: shutdown LeaderElection
2019-10-17 07:42:23,918 [cbde3520-0cea-4357-bb04-1a0ae64b2bb1@group-7EB39FB5DF22-LeaderElection374] INFO  impl.RoleInfo (RoleInfo.java:updateAndGet(143)) - cbde3520-0cea-4357-bb04-1a0ae64b2bb1: start FollowerState
2019-10-17 07:42:24,081 [Thread-2683] INFO  impl.FollowerState (FollowerState.java:run(108)) - cbde3520-0cea-4357-bb04-1a0ae64b2bb1@group-7EB39FB5DF22-FollowerState: change to CANDIDATE, lastRpcTime:163ms, electionTimeout:163ms
2019-10-17 07:42:24,082 [Thread-2683] INFO  impl.RoleInfo (RoleInfo.java:shutdownFollowerState(121)) - cbde3520-0cea-4357-bb04-1a0ae64b2bb1: shutdown FollowerState
2019-10-17 07:42:24,082 [Thread-2683] INFO  impl.RaftServerImpl (RaftServerImpl.java:setRole(184)) - cbde3520-0cea-4357-bb04-1a0ae64b2bb1@group-7EB39FB5DF22: changes role from  FOLLOWER to CANDIDATE at term 408 for changeToCandidate
2019-10-17 07:42:24,082 [Thread-2683] INFO  impl.RoleInfo (RoleInfo.java:updateAndGet(143)) - cbde3520-0cea-4357-bb04-1a0ae64b2bb1: start LeaderElection
2019-10-17 07:42:24,099 [cbde3520-0cea-4357-bb04-1a0ae64b2bb1@group-7EB39FB5DF22-LeaderElection375] INFO  impl.LeaderElection (LeaderElection.java:askForVotes(178)) - cbde3520-0cea-4357-bb04-1a0ae64b2bb1@group-7EB39FB5DF22-LeaderElection375: begin an election at term 409 for -1: [40d2d32e-dd25-45df-8070-f9dc56ccf0a7:192.168.34.62:41633, cbde3520-0cea-4357-bb04-1a0ae64b2bb1:192.168.34.62:41642, 443b071d-6096-48d6-bfe7-498b7c8032c0:192.168.34.62:46516], old=null
2019-10-17 07:42:24,102 [grpc-default-executor-1] INFO  impl.RaftServerImpl (RaftServerImpl.java:setRole(184)) - 40d2d32e-dd25-45df-8070-f9dc56ccf0a7@group-7EB39FB5DF22: changes role from  FOLLOWER to FOLLOWER at term 409 for recognizeCandidate:cbde3520-0cea-4357-bb04-1a0ae64b2bb1
2019-10-17 07:42:24,102 [grpc-default-executor-4] INFO  impl.RaftServerImpl (RaftServerImpl.java:setRole(184)) - 443b071d-6096-48d6-bfe7-498b7c8032c0@group-7EB39FB5DF22: changes role from  FOLLOWER to FOLLOWER at term 409 for recognizeCandidate:cbde3520-0cea-4357-bb04-1a0ae64b2bb1
2019-10-17 07:42:24,102 [grpc-default-executor-1] INFO  impl.RoleInfo (RoleInfo.java:shutdownFollowerState(121)) - 40d2d32e-dd25-45df-8070-f9dc56ccf0a7: shutdown FollowerState
2019-10-17 07:42:24,102 [grpc-default-executor-4] INFO  impl.RoleInfo (RoleInfo.java:shutdownFollowerState(121)) - 443b071d-6096-48d6-bfe7-498b7c8032c0: shutdown FollowerState
2019-10-17 07:42:24,102 [Thread-2681] INFO  impl.FollowerState (FollowerState.java:run(117)) - 40d2d32e-dd25-45df-8070-f9dc56ccf0a7@group-7EB39FB5DF22-FollowerState was interrupted: java.lang.InterruptedException: sleep interrupted
2019-10-17 07:42:24,102 [grpc-default-executor-1] INFO  impl.RoleInfo (RoleInfo.java:updateAndGet(143)) - 40d2d32e-dd25-45df-8070-f9dc56ccf0a7: start FollowerState
2019-10-17 07:42:24,102 [Thread-2682] INFO  impl.FollowerState (FollowerState.java:run(117)) - 443b071d-6096-48d6-bfe7-498b7c8032c0@group-7EB39FB5DF22-FollowerState was interrupted: java.lang.InterruptedException: sleep interrupted
2019-10-17 07:42:24,102 [grpc-default-executor-4] INFO  impl.RoleInfo (RoleInfo.java:updateAndGet(143)) - 443b071d-6096-48d6-bfe7-498b7c8032c0: start FollowerState
2019-10-17 07:42:24,137 [cbde3520-0cea-4357-bb04-1a0ae64b2bb1@group-7EB39FB5DF22-LeaderElection375] INFO  impl.LeaderElection (LeaderElection.java:logAndReturn(56)) - cbde3520-0cea-4357-bb04-1a0ae64b2bb1@group-7EB39FB5DF22-LeaderElection375: Election REJECTED; received 2 response(s) [cbde3520-0cea-4357-bb04-1a0ae64b2bb1<-40d2d32e-dd25-45df-8070-f9dc56ccf0a7#0:FAIL-t409, cbde3520-0cea-4357-bb04-1a0ae64b2bb1<-443b071d-6096-48d6-bfe7-498b7c8032c0#0:FAIL-t409] and 0 exception(s); cbde3520-0cea-4357-bb04-1a0ae64b2bb1@group-7EB39FB5DF22:t409, leader=null, voted=cbde3520-0cea-4357-bb04-1a0ae64b2bb1, raftlog=cbde3520-0cea-4357-bb04-1a0ae64b2bb1@group-7EB39FB5DF22-SegmentedRaftLog:OPENED:c-1,f-1,i0, conf=-1: [40d2d32e-dd25-45df-8070-f9dc56ccf0a7:192.168.34.62:41633, cbde3520-0cea-4357-bb04-1a0ae64b2bb1:192.168.34.62:41642, 443b071d-6096-48d6-bfe7-498b7c8032c0:192.168.34.62:46516], old=null
2019-10-17 07:42:24,137 [cbde3520-0cea-4357-bb04-1a0ae64b2bb1@group-7EB39FB5DF22-LeaderElection375] INFO  impl.RaftServerImpl (RaftServerImpl.java:setRole(184)) - cbde3520-0cea-4357-bb04-1a0ae64b2bb1@group-7EB39FB5DF22: changes role from CANDIDATE to FOLLOWER at term 409 for DISCOVERED_A_NEW_TERM
2019-10-17 07:42:24,137 [cbde3520-0cea-4357-bb04-1a0ae64b2bb1@group-7EB39FB5DF22-LeaderElection375] INFO  impl.RoleInfo (RoleInfo.java:shutdownLeaderElection(134)) - cbde3520-0cea-4357-bb04-1a0ae64b2bb1: shutdown LeaderElection
2019-10-17 07:42:24,137 [cbde3520-0cea-4357-bb04-1a0ae64b2bb1@group-7EB39FB5DF22-LeaderElection375] INFO  impl.RoleInfo (RoleInfo.java:updateAndGet(143)) - cbde3520-0cea-4357-bb04-1a0ae64b2bb1: start FollowerState
2019-10-17 07:42:24,252 [Thread-2689] INFO  impl.FollowerState (FollowerState.java:run(108)) - cbde3520-0cea-4357-bb04-1a0ae64b2bb1@group-7EB39FB5DF22-FollowerState: change to CANDIDATE, lastRpcTime:114ms, electionTimeout:114ms
2019-10-17 07:42:24,252 [Thread-2689] INFO  impl.RoleInfo (RoleInfo.java:shutdownFollowerState(121)) - cbde3520-0cea-4357-bb04-1a0ae64b2bb1: shutdown FollowerState
2019-10-17 07:42:24,252 [Thread-2689] INFO  impl.RaftServerImpl (RaftServerImpl.java:setRole(184)) - cbde3520-0cea-4357-bb04-1a0ae64b2bb1@group-7EB39FB5DF22: changes role from  FOLLOWER to CANDIDATE at term 409 for changeToCandidate
2019-10-17 07:42:24,252 [Thread-2689] INFO  impl.RoleInfo (RoleInfo.java:updateAndGet(143)) - cbde3520-0cea-4357-bb04-1a0ae64b2bb1: start LeaderElection
2019-10-17 07:42:24,277 [cbde3520-0cea-4357-bb04-1a0ae64b2bb1@group-7EB39FB5DF22-LeaderElection376] INFO  impl.LeaderElection (LeaderElection.java:askForVotes(178)) - cbde3520-0cea-4357-bb04-1a0ae64b2bb1@group-7EB39FB5DF22-LeaderElection376: begin an election at term 410 for -1: [40d2d32e-dd25-45df-8070-f9dc56ccf0a7:192.168.34.62:41633, cbde3520-0cea-4357-bb04-1a0ae64b2bb1:192.168.34.62:41642, 443b071d-6096-48d6-bfe7-498b7c8032c0:192.168.34.62:46516], old=null
2019-10-17 07:42:24,279 [grpc-default-executor-4] INFO  impl.RaftServerImpl (RaftServerImpl.java:setRole(184)) - 443b071d-6096-48d6-bfe7-498b7c8032c0@group-7EB39FB5DF22: changes role from  FOLLOWER to FOLLOWER at term 410 for recognizeCandidate:cbde3520-0cea-4357-bb04-1a0ae64b2bb1
2019-10-17 07:42:24,279 [grpc-default-executor-1] INFO  impl.RaftServerImpl (RaftServerImpl.java:setRole(184)) - 40d2d32e-dd25-45df-8070-f9dc56ccf0a7@group-7EB39FB5DF22: changes role from  FOLLOWER to FOLLOWER at term 410 for recognizeCandidate:cbde3520-0cea-4357-bb04-1a0ae64b2bb1
2019-10-17 07:42:24,279 [grpc-default-executor-4] INFO  impl.RoleInfo (RoleInfo.java:shutdownFollowerState(121)) - 443b071d-6096-48d6-bfe7-498b7c8032c0: shutdown FollowerState
2019-10-17 07:42:24,279 [grpc-default-executor-1] INFO  impl.RoleInfo (RoleInfo.java:shutdownFollowerState(121)) - 40d2d32e-dd25-45df-8070-f9dc56ccf0a7: shutdown FollowerState
2019-10-17 07:42:24,280 [Thread-2688] INFO  impl.FollowerState (FollowerState.java:run(117)) - 443b071d-6096-48d6-bfe7-498b7c8032c0@group-7EB39FB5DF22-FollowerState was interrupted: java.lang.InterruptedException: sleep interrupted
2019-10-17 07:42:24,280 [grpc-default-executor-4] INFO  impl.RoleInfo (RoleInfo.java:updateAndGet(143)) - 443b071d-6096-48d6-bfe7-498b7c8032c0: start FollowerState
2019-10-17 07:42:24,280 [Thread-2687] INFO  impl.FollowerState (FollowerState.java:run(117)) - 40d2d32e-dd25-45df-8070-f9dc56ccf0a7@group-7EB39FB5DF22-FollowerState was interrupted: java.lang.InterruptedException: sleep interrupted
2019-10-17 07:42:24,280 [grpc-default-executor-1] INFO  impl.RoleInfo (RoleInfo.java:updateAndGet(143)) - 40d2d32e-dd25-45df-8070-f9dc56ccf0a7: start FollowerState
2019-10-17 07:42:24,304 [cbde3520-0cea-4357-bb04-1a0ae64b2bb1@group-7EB39FB5DF22-LeaderElection376] INFO  impl.LeaderElection (LeaderElection.java:logAndReturn(56)) - cbde3520-0cea-4357-bb04-1a0ae64b2bb1@group-7EB39FB5DF22-LeaderElection376: Election REJECTED; received 2 response(s) [cbde3520-0cea-4357-bb04-1a0ae64b2bb1<-40d2d32e-dd25-45df-8070-f9dc56ccf0a7#0:FAIL-t410, cbde3520-0cea-4357-bb04-1a0ae64b2bb1<-443b071d-6096-48d6-bfe7-498b7c8032c0#0:FAIL-t410] and 0 exception(s); cbde3520-0cea-4357-bb04-1a0ae64b2bb1@group-7EB39FB5DF22:t410, leader=null, voted=cbde3520-0cea-4357-bb04-1a0ae64b2bb1, raftlog=cbde3520-0cea-4357-bb04-1a0ae64b2bb1@group-7EB39FB5DF22-SegmentedRaftLog:OPENED:c-1,f-1,i0, conf=-1: [40d2d32e-dd25-45df-8070-f9dc56ccf0a7:192.168.34.62:41633, cbde3520-0cea-4357-bb04-1a0ae64b2bb1:192.168.34.62:41642, 443b071d-6096-48d6-bfe7-498b7c8032c0:192.168.34.62:46516], old=null
2019-10-17 07:42:24,304 [cbde3520-0cea-4357-bb04-1a0ae64b2bb1@group-7EB39FB5DF22-LeaderElection376] INFO  impl.RaftServerImpl (RaftServerImpl.java:setRole(184)) - cbde3520-0cea-4357-bb04-1a0ae64b2bb1@group-7EB39FB5DF22: changes role from CANDIDATE to FOLLOWER at term 410 for DISCOVERED_A_NEW_TERM
2019-10-17 07:42:24,304 [cbde3520-0cea-4357-bb04-1a0ae64b2bb1@group-7EB39FB5DF22-LeaderElection376] INFO  impl.RoleInfo (RoleInfo.java:shutdownLeaderElection(134)) - cbde3520-0cea-4357-bb04-1a0ae64b2bb1: shutdown LeaderElection
2019-10-17 07:42:24,304 [cbde3520-0cea-4357-bb04-1a0ae64b2bb1@group-7EB39FB5DF22-LeaderElection376] INFO  impl.RoleInfo (RoleInfo.java:updateAndGet(143)) - cbde3520-0cea-4357-bb04-1a0ae64b2bb1: start FollowerState
2019-10-17 07:42:24,308 [Thread-2695] INFO  impl.FollowerState (FollowerState.java:run(108)) - cbde3520-0cea-4357-bb04-1a0ae64b2bb1@group-7EB39FB5DF22-FollowerState: change to CANDIDATE, lastRpcTime:4ms, electionTimeout:4ms
2019-10-17 07:42:24,308 [Thread-2695] INFO  impl.RoleInfo (RoleInfo.java:shutdownFollowerState(121)) - cbde3520-0cea-4357-bb04-1a0ae64b2bb1: shutdown FollowerState
2019-10-17 07:42:24,309 [Thread-2695] INFO  impl.RaftServerImpl (RaftServerImpl.java:setRole(184)) - cbde3520-0cea-4357-bb04-1a0ae64b2bb1@group-7EB39FB5DF22: changes role from  FOLLOWER to CANDIDATE at term 410 for changeToCandidate
2019-10-17 07:42:24,309 [Thread-2695] INFO  impl.RoleInfo (RoleInfo.java:updateAndGet(143)) - cbde3520-0cea-4357-bb04-1a0ae64b2bb1: start LeaderElection
2019-10-17 07:42:24,341 [cbde3520-0cea-4357-bb04-1a0ae64b2bb1@group-7EB39FB5DF22-LeaderElection377] INFO  impl.LeaderElection (LeaderElection.java:askForVotes(178)) - cbde3520-0cea-4357-bb04-1a0ae64b2bb1@group-7EB39FB5DF22-LeaderElection377: begin an election at term 411 for -1: [40d2d32e-dd25-45df-8070-f9dc56ccf0a7:192.168.34.62:41633, cbde3520-0cea-4357-bb04-1a0ae64b2bb1:192.168.34.62:41642, 443b071d-6096-48d6-bfe7-498b7c8032c0:192.168.34.62:46516], old=null
2019-10-17 07:42:24,343 [grpc-default-executor-1] INFO  impl.RaftServerImpl (RaftServerImpl.java:setRole(184)) - 40d2d32e-dd25-45df-8070-f9dc56ccf0a7@group-7EB39FB5DF22: changes role from  FOLLOWER to FOLLOWER at term 411 for recognizeCandidate:cbde3520-0cea-4357-bb04-1a0ae64b2bb1
2019-10-17 07:42:24,343 [grpc-default-executor-1] INFO  impl.RoleInfo (RoleInfo.java:shutdownFollowerState(121)) - 40d2d32e-dd25-45df-8070-f9dc56ccf0a7: shutdown FollowerState
2019-10-17 07:42:24,343 [grpc-default-executor-4] INFO  impl.RaftServerImpl (RaftServerImpl.java:setRole(184)) - 443b071d-6096-48d6-bfe7-498b7c8032c0@group-7EB39FB5DF22: changes role from  FOLLOWER to FOLLOWER at term 411 for recognizeCandidate:cbde3520-0cea-4357-bb04-1a0ae64b2bb1
2019-10-17 07:42:24,344 [grpc-default-executor-4] INFO  impl.RoleInfo (RoleInfo.java:shutdownFollowerState(121)) - 443b071d-6096-48d6-bfe7-498b7c8032c0: shutdown FollowerState
2019-10-17 07:42:24,344 [Thread-2694] INFO  impl.FollowerState (FollowerState.java:run(117)) - 40d2d32e-dd25-45df-8070-f9dc56ccf0a7@group-7EB39FB5DF22-FollowerState was interrupted: java.lang.InterruptedException: sleep interrupted
2019-10-17 07:42:24,343 [grpc-default-executor-1] INFO  impl.RoleInfo (RoleInfo.java:updateAndGet(143)) - 40d2d32e-dd25-45df-8070-f9dc56ccf0a7: start FollowerState
2019-10-17 07:42:24,344 [Thread-2693] INFO  impl.FollowerState (FollowerState.java:run(117)) - 443b071d-6096-48d6-bfe7-498b7c8032c0@group-7EB39FB5DF22-FollowerState was interrupted: java.lang.InterruptedException: sleep interrupted
2019-10-17 07:42:24,344 [grpc-default-executor-4] INFO  impl.RoleInfo (RoleInfo.java:updateAndGet(143)) - 443b071d-6096-48d6-bfe7-498b7c8032c0: start FollowerState
2019-10-17 07:42:24,367 [cbde3520-0cea-4357-bb04-1a0ae64b2bb1@group-7EB39FB5DF22-LeaderElection377] INFO  impl.LeaderElection (LeaderElection.java:logAndReturn(56)) - cbde3520-0cea-4357-bb04-1a0ae64b2bb1@group-7EB39FB5DF22-LeaderElection377: Election REJECTED; received 2 response(s) [cbde3520-0cea-4357-bb04-1a0ae64b2bb1<-40d2d32e-dd25-45df-8070-f9dc56ccf0a7#0:FAIL-t411, cbde3520-0cea-4357-bb04-1a0ae64b2bb1<-443b071d-6096-48d6-bfe7-498b7c8032c0#0:FAIL-t411] and 0 exception(s); cbde3520-0cea-4357-bb04-1a0ae64b2bb1@group-7EB39FB5DF22:t411, leader=null, voted=cbde3520-0cea-4357-bb04-1a0ae64b2bb1, raftlog=cbde3520-0cea-4357-bb04-1a0ae64b2bb1@group-7EB39FB5DF22-SegmentedRaftLog:OPENED:c-1,f-1,i0, conf=-1: [40d2d32e-dd25-45df-8070-f9dc56ccf0a7:192.168.34.62:41633, cbde3520-0cea-4357-bb04-1a0ae64b2bb1:192.168.34.62:41642, 443b071d-6096-48d6-bfe7-498b7c8032c0:192.168.34.62:46516], old=null
2019-10-17 07:42:24,367 [cbde3520-0cea-4357-bb04-1a0ae64b2bb1@group-7EB39FB5DF22-LeaderElection377] INFO  impl.RaftServerImpl (RaftServerImpl.java:setRole(184)) - cbde3520-0cea-4357-bb04-1a0ae64b2bb1@group-7EB39FB5DF22: changes role from CANDIDATE to FOLLOWER at term 411 for DISCOVERED_A_NEW_TERM
2019-10-17 07:42:24,367 [cbde3520-0cea-4357-bb04-1a0ae64b2bb1@group-7EB39FB5DF22-LeaderElection377] INFO  impl.RoleInfo (RoleInfo.java:shutdownLeaderElection(134)) - cbde3520-0cea-4357-bb04-1a0ae64b2bb1: shutdown LeaderElection
2019-10-17 07:42:24,368 [cbde3520-0cea-4357-bb04-1a0ae64b2bb1@group-7EB39FB5DF22-LeaderElection377] INFO  impl.RoleInfo (RoleInfo.java:updateAndGet(143)) - cbde3520-0cea-4357-bb04-1a0ae64b2bb1: start FollowerState
2019-10-17 07:42:24,466 [Thread-2701] INFO  impl.FollowerState (FollowerState.java:run(108)) - cbde3520-0cea-4357-bb04-1a0ae64b2bb1@group-7EB39FB5DF22-FollowerState: change to CANDIDATE, lastRpcTime:98ms, electionTimeout:98ms
2019-10-17 07:42:24,466 [Thread-2701] INFO  impl.RoleInfo (RoleInfo.java:shutdownFollowerState(121)) - cbde3520-0cea-4357-bb04-1a0ae64b2bb1: shutdown FollowerState
2019-10-17 07:42:24,466 [Thread-2701] INFO  impl.RaftServerImpl (RaftServerImpl.java:setRole(184)) - cbde3520-0cea-4357-bb04-1a0ae64b2bb1@group-7EB39FB5DF22: changes role from  FOLLOWER to CANDIDATE at term 411 for changeToCandidate
2019-10-17 07:42:24,466 [Thread-2701] INFO  impl.RoleInfo (RoleInfo.java:updateAndGet(143)) - cbde3520-0cea-4357-bb04-1a0ae64b2bb1: start LeaderElection
2019-10-17 07:42:24,491 [cbde3520-0cea-4357-bb04-1a0ae64b2bb1@group-7EB39FB5DF22-LeaderElection378] INFO  impl.LeaderElection (LeaderElection.java:askForVotes(178)) - cbde3520-0cea-4357-bb04-1a0ae64b2bb1@group-7EB39FB5DF22-LeaderElection378: begin an election at term 412 for -1: [40d2d32e-dd25-45df-8070-f9dc56ccf0a7:192.168.34.62:41633, cbde3520-0cea-4357-bb04-1a0ae64b2bb1:192.168.34.62:41642, 443b071d-6096-48d6-bfe7-498b7c8032c0:192.168.34.62:46516], old=null
2019-10-17 07:42:24,493 [grpc-default-executor-1] INFO  impl.RaftServerImpl (RaftServerImpl.java:setRole(184)) - 40d2d32e-dd25-45df-8070-f9dc56ccf0a7@group-7EB39FB5DF22: changes role from  FOLLOWER to FOLLOWER at term 412 for recognizeCandidate:cbde3520-0cea-4357-bb04-1a0ae64b2bb1
2019-10-17 07:42:24,493 [grpc-default-executor-1] INFO  impl.RoleInfo (RoleInfo.java:shutdownFollowerState(121)) - 40d2d32e-dd25-45df-8070-f9dc56ccf0a7: shutdown FollowerState
2019-10-17 07:42:24,494 [grpc-default-executor-1] INFO  impl.RoleInfo (RoleInfo.java:updateAndGet(143)) - 40d2d32e-dd25-45df-8070-f9dc56ccf0a7: start FollowerState
2019-10-17 07:42:24,494 [grpc-default-executor-4] INFO  impl.RaftServerImpl (RaftServerImpl.java:setRole(184)) - 443b071d-6096-48d6-bfe7-498b7c8032c0@group-7EB39FB5DF22: changes role from  FOLLOWER to FOLLOWER at term 412 for recognizeCandidate:cbde3520-0cea-4357-bb04-1a0ae64b2bb1
2019-10-17 07:42:24,494 [grpc-default-executor-4] INFO  impl.RoleInfo (RoleInfo.java:shutdownFollowerState(121)) - 443b071d-6096-48d6-bfe7-498b7c8032c0: shutdown FollowerState
2019-10-17 07:42:24,494 [Thread-2699] INFO  impl.FollowerState (FollowerState.java:run(117)) - 40d2d32e-dd25-45df-8070-f9dc56ccf0a7@group-7EB39FB5DF22-FollowerState was interrupted: java.lang.InterruptedException: sleep interrupted
2019-10-17 07:42:24,494 [grpc-default-executor-4] INFO  impl.RoleInfo (RoleInfo.java:updateAndGet(143)) - 443b071d-6096-48d6-bfe7-498b7c8032c0: start FollowerState
2019-10-17 07:42:24,494 [Thread-2700] INFO  impl.FollowerState (FollowerState.java:run(117)) - 443b071d-6096-48d6-bfe7-498b7c8032c0@group-7EB39FB5DF22-FollowerState was interrupted: java.lang.InterruptedException: sleep interrupted
2019-10-17 07:42:24,518 [cbde3520-0cea-4357-bb04-1a0ae64b2bb1@group-7EB39FB5DF22-LeaderElection378] INFO  impl.LeaderElection (LeaderElection.java:logAndReturn(56)) - cbde3520-0cea-4357-bb04-1a0ae64b2bb1@group-7EB39FB5DF22-LeaderElection378: Election REJECTED; received 2 response(s) [cbde3520-0cea-4357-bb04-1a0ae64b2bb1<-40d2d32e-dd25-45df-8070-f9dc56ccf0a7#0:FAIL-t412, cbde3520-0cea-4357-bb04-1a0ae64b2bb1<-443b071d-6096-48d6-bfe7-498b7c8032c0#0:FAIL-t412] and 0 exception(s); cbde3520-0cea-4357-bb04-1a0ae64b2bb1@group-7EB39FB5DF22:t412, leader=null, voted=cbde3520-0cea-4357-bb04-1a0ae64b2bb1, raftlog=cbde3520-0cea-4357-bb04-1a0ae64b2bb1@group-7EB39FB5DF22-SegmentedRaftLog:OPENED:c-1,f-1,i0, conf=-1: [40d2d32e-dd25-45df-8070-f9dc56ccf0a7:192.168.34.62:41633, cbde3520-0cea-4357-bb04-1a0ae64b2bb1:192.168.34.62:41642, 443b071d-6096-48d6-bfe7-498b7c8032c0:192.168.34.62:46516], old=null
2019-10-17 07:42:24,518 [cbde3520-0cea-4357-bb04-1a0ae64b2bb1@group-7EB39FB5DF22-LeaderElection378] INFO  impl.RaftServerImpl (RaftServerImpl.java:setRole(184)) - cbde3520-0cea-4357-bb04-1a0ae64b2bb1@group-7EB39FB5DF22: changes role from CANDIDATE to FOLLOWER at term 412 for DISCOVERED_A_NEW_TERM
2019-10-17 07:42:24,518 [cbde3520-0cea-4357-bb04-1a0ae64b2bb1@group-7EB39FB5DF22-LeaderElection378] INFO  impl.RoleInfo (RoleInfo.java:shutdownLeaderElection(134)) - cbde3520-0cea-4357-bb04-1a0ae64b2bb1: shutdown LeaderElection
2019-10-17 07:42:24,518 [cbde3520-0cea-4357-bb04-1a0ae64b2bb1@group-7EB39FB5DF22-LeaderElection378] INFO  impl.RoleInfo (RoleInfo.java:updateAndGet(143)) - cbde3520-0cea-4357-bb04-1a0ae64b2bb1: start FollowerState
2019-10-17 07:42:24,709 [Thread-2707] INFO  impl.FollowerState (FollowerState.java:run(108)) - cbde3520-0cea-4357-bb04-1a0ae64b2bb1@group-7EB39FB5DF22-FollowerState: change to CANDIDATE, lastRpcTime:190ms, electionTimeout:190ms
2019-10-17 07:42:24,709 [Thread-2707] INFO  impl.RoleInfo (RoleInfo.java:shutdownFollowerState(121)) - cbde3520-0cea-4357-bb04-1a0ae64b2bb1: shutdown FollowerState
2019-10-17 07:42:24,709 [Thread-2707] INFO  impl.RaftServerImpl (RaftServerImpl.java:setRole(184)) - cbde3520-0cea-4357-bb04-1a0ae64b2bb1@group-7EB39FB5DF22: changes role from  FOLLOWER to CANDIDATE at term 412 for changeToCandidate
2019-10-17 07:42:24,709 [Thread-2707] INFO  impl.RoleInfo (RoleInfo.java:updateAndGet(143)) - cbde3520-0cea-4357-bb04-1a0ae64b2bb1: start LeaderElection
2019-10-17 07:42:24,733 [cbde3520-0cea-4357-bb04-1a0ae64b2bb1@group-7EB39FB5DF22-LeaderElection379] INFO  impl.LeaderElection (LeaderElection.java:askForVotes(178)) - cbde3520-0cea-4357-bb04-1a0ae64b2bb1@group-7EB39FB5DF22-LeaderElection379: begin an election at term 413 for -1: [40d2d32e-dd25-45df-8070-f9dc56ccf0a7:192.168.34.62:41633, cbde3520-0cea-4357-bb04-1a0ae64b2bb1:192.168.34.62:41642, 443b071d-6096-48d6-bfe7-498b7c8032c0:192.168.34.62:46516], old=null
2019-10-17 07:42:24,735 [grpc-default-executor-4] INFO  impl.RaftServerImpl (RaftServerImpl.java:setRole(184)) - 443b071d-6096-48d6-bfe7-498b7c8032c0@group-7EB39FB5DF22: changes role from  FOLLOWER to FOLLOWER at term 413 for recognizeCandidate:cbde3520-0cea-4357-bb04-1a0ae64b2bb1
2019-10-17 07:42:24,735 [grpc-default-executor-4] INFO  impl.RoleInfo (RoleInfo.java:shutdownFollowerState(121)) - 443b071d-6096-48d6-bfe7-498b7c8032c0: shutdown FollowerState
2019-10-17 07:42:24,735 [grpc-default-executor-1] INFO  impl.RaftServerImpl (RaftServerImpl.java:setRole(184)) - 40d2d32e-dd25-45df-8070-f9dc56ccf0a7@group-7EB39FB5DF22: changes role from  FOLLOWER to FOLLOWER at term 413 for recognizeCandidate:cbde3520-0cea-4357-bb04-1a0ae64b2bb1
2019-10-17 07:42:24,735 [grpc-default-executor-1] INFO  impl.RoleInfo (RoleInfo.java:shutdownFollowerState(121)) - 40d2d32e-dd25-45df-8070-f9dc56ccf0a7: shutdown FollowerState
2019-10-17 07:42:24,735 [Thread-2706] INFO  impl.FollowerState (FollowerState.java:run(117)) - 443b071d-6096-48d6-bfe7-498b7c8032c0@group-7EB39FB5DF22-FollowerState was interrupted: java.lang.InterruptedException: sleep interrupted
2019-10-17 07:42:24,735 [grpc-default-executor-4] INFO  impl.RoleInfo (RoleInfo.java:updateAndGet(143)) - 443b071d-6096-48d6-bfe7-498b7c8032c0: start FollowerState
2019-10-17 07:42:24,735 [Thread-2705] INFO  impl.FollowerState (FollowerState.java:run(117)) - 40d2d32e-dd25-45df-8070-f9dc56ccf0a7@group-7EB39FB5DF22-FollowerState was interrupted: java.lang.InterruptedException: sleep interrupted
2019-10-17 07:42:24,735 [grpc-default-executor-1] INFO  impl.RoleInfo (RoleInfo.java:updateAndGet(143)) - 40d2d32e-dd25-45df-8070-f9dc56ccf0a7: start FollowerState
2019-10-17 07:42:24,752 [cbde3520-0cea-4357-bb04-1a0ae64b2bb1@group-7EB39FB5DF22-LeaderElection379] INFO  impl.LeaderElection (LeaderElection.java:logAndReturn(56)) - cbde3520-0cea-4357-bb04-1a0ae64b2bb1@group-7EB39FB5DF22-LeaderElection379: Election REJECTED; received 2 response(s) [cbde3520-0cea-4357-bb04-1a0ae64b2bb1<-40d2d32e-dd25-45df-8070-f9dc56ccf0a7#0:FAIL-t413, cbde3520-0cea-4357-bb04-1a0ae64b2bb1<-443b071d-6096-48d6-bfe7-498b7c8032c0#0:FAIL-t413] and 0 exception(s); cbde3520-0cea-4357-bb04-1a0ae64b2bb1@group-7EB39FB5DF22:t413, leader=null, voted=cbde3520-0cea-4357-bb04-1a0ae64b2bb1, raftlog=cbde3520-0cea-4357-bb04-1a0ae64b2bb1@group-7EB39FB5DF22-SegmentedRaftLog:OPENED:c-1,f-1,i0, conf=-1: [40d2d32e-dd25-45df-8070-f9dc56ccf0a7:192.168.34.62:41633, cbde3520-0cea-4357-bb04-1a0ae64b2bb1:192.168.34.62:41642, 443b071d-6096-48d6-bfe7-498b7c8032c0:192.168.34.62:46516], old=null
2019-10-17 07:42:24,752 [cbde3520-0cea-4357-bb04-1a0ae64b2bb1@group-7EB39FB5DF22-LeaderElection379] INFO  impl.RaftServerImpl (RaftServerImpl.java:setRole(184)) - cbde3520-0cea-4357-bb04-1a0ae64b2bb1@group-7EB39FB5DF22: changes role from CANDIDATE to FOLLOWER at term 413 for DISCOVERED_A_NEW_TERM
2019-10-17 07:42:24,752 [cbde3520-0cea-4357-bb04-1a0ae64b2bb1@group-7EB39FB5DF22-LeaderElection379] INFO  impl.RoleInfo (RoleInfo.java:shutdownLeaderElection(134)) - cbde3520-0cea-4357-bb04-1a0ae64b2bb1: shutdown LeaderElection
2019-10-17 07:42:24,752 [cbde3520-0cea-4357-bb04-1a0ae64b2bb1@group-7EB39FB5DF22-LeaderElection379] INFO  impl.RoleInfo (RoleInfo.java:updateAndGet(143)) - cbde3520-0cea-4357-bb04-1a0ae64b2bb1: start FollowerState
2019-10-17 07:42:24,934 [Thread-2713] INFO  impl.FollowerState (FollowerState.java:run(108)) - cbde3520-0cea-4357-bb04-1a0ae64b2bb1@group-7EB39FB5DF22-FollowerState: change to CANDIDATE, lastRpcTime:181ms, electionTimeout:181ms
2019-10-17 07:42:24,934 [Thread-2713] INFO  impl.RoleInfo (RoleInfo.java:shutdownFollowerState(121)) - cbde3520-0cea-4357-bb04-1a0ae64b2bb1: shutdown FollowerState
2019-10-17 07:42:24,934 [Thread-2713] INFO  impl.RaftServerImpl (RaftServerImpl.java:setRole(184)) - cbde3520-0cea-4357-bb04-1a0ae64b2bb1@group-7EB39FB5DF22: changes role from  FOLLOWER to CANDIDATE at term 413 for changeToCandidate
2019-10-17 07:42:24,934 [Thread-2713] INFO  impl.RoleInfo (RoleInfo.java:updateAndGet(143)) - cbde3520-0cea-4357-bb04-1a0ae64b2bb1: start LeaderElection
2019-10-17 07:42:24,958 [cbde3520-0cea-4357-bb04-1a0ae64b2bb1@group-7EB39FB5DF22-LeaderElection380] INFO  impl.LeaderElection (LeaderElection.java:askForVotes(178)) - cbde3520-0cea-4357-bb04-1a0ae64b2bb1@group-7EB39FB5DF22-LeaderElection380: begin an election at term 414 for -1: [40d2d32e-dd25-45df-8070-f9dc56ccf0a7:192.168.34.62:41633, cbde3520-0cea-4357-bb04-1a0ae64b2bb1:192.168.34.62:41642, 443b071d-6096-48d6-bfe7-498b7c8032c0:192.168.34.62:46516], old=null
2019-10-17 07:42:24,960 [grpc-default-executor-4] INFO  impl.RaftServerImpl (RaftServerImpl.java:setRole(184)) - 443b071d-6096-48d6-bfe7-498b7c8032c0@group-7EB39FB5DF22: changes role from  FOLLOWER to FOLLOWER at term 414 for recognizeCandidate:cbde3520-0cea-4357-bb04-1a0ae64b2bb1
2019-10-17 07:42:24,960 [grpc-default-executor-1] INFO  impl.RaftServerImpl (RaftServerImpl.java:setRole(184)) - 40d2d32e-dd25-45df-8070-f9dc56ccf0a7@group-7EB39FB5DF22: changes role from  FOLLOWER to FOLLOWER at term 414 for recognizeCandidate:cbde3520-0cea-4357-bb04-1a0ae64b2bb1
2019-10-17 07:42:24,960 [grpc-default-executor-4] INFO  impl.RoleInfo (RoleInfo.java:shutdownFollowerState(121)) - 443b071d-6096-48d6-bfe7-498b7c8032c0: shutdown FollowerState
2019-10-17 07:42:24,960 [grpc-default-executor-1] INFO  impl.RoleInfo (RoleInfo.java:shutdownFollowerState(121)) - 40d2d32e-dd25-45df-8070-f9dc56ccf0a7: shutdown FollowerState
2019-10-17 07:42:24,961 [grpc-default-executor-1] INFO  impl.RoleInfo (RoleInfo.java:updateAndGet(143)) - 40d2d32e-dd25-45df-8070-f9dc56ccf0a7: start FollowerState
2019-10-17 07:42:24,961 [Thread-2711] INFO  impl.FollowerState (FollowerState.java:run(117)) - 443b071d-6096-48d6-bfe7-498b7c8032c0@group-7EB39FB5DF22-FollowerState was interrupted: java.lang.InterruptedException: sleep interrupted
2019-10-17 07:42:24,960 [grpc-default-executor-4] INFO  impl.RoleInfo (RoleInfo.java:updateAndGet(143)) - 443b071d-6096-48d6-bfe7-498b7c8032c0: start FollowerState
2019-10-17 07:42:24,961 [Thread-2712] INFO  impl.FollowerState (FollowerState.java:run(117)) - 40d2d32e-dd25-45df-8070-f9dc56ccf0a7@group-7EB39FB5DF22-FollowerState was interrupted: java.lang.InterruptedException: sleep interrupted
2019-10-17 07:42:24,985 [cbde3520-0cea-4357-bb04-1a0ae64b2bb1@group-7EB39FB5DF22-LeaderElection380] INFO  impl.LeaderElection (LeaderElection.java:logAndReturn(56)) - cbde3520-0cea-4357-bb04-1a0ae64b2bb1@group-7EB39FB5DF22-LeaderElection380: Election REJECTED; received 2 response(s) [cbde3520-0cea-4357-bb04-1a0ae64b2bb1<-40d2d32e-dd25-45df-8070-f9dc56ccf0a7#0:FAIL-t414, cbde3520-0cea-4357-bb04-1a0ae64b2bb1<-443b071d-6096-48d6-bfe7-498b7c8032c0#0:FAIL-t414] and 0 exception(s); cbde3520-0cea-4357-bb04-1a0ae64b2bb1@group-7EB39FB5DF22:t414, leader=null, voted=cbde3520-0cea-4357-bb04-1a0ae64b2bb1, raftlog=cbde3520-0cea-4357-bb04-1a0ae64b2bb1@group-7EB39FB5DF22-SegmentedRaftLog:OPENED:c-1,f-1,i0, conf=-1: [40d2d32e-dd25-45df-8070-f9dc56ccf0a7:192.168.34.62:41633, cbde3520-0cea-4357-bb04-1a0ae64b2bb1:192.168.34.62:41642, 443b071d-6096-48d6-bfe7-498b7c8032c0:192.168.34.62:46516], old=null
2019-10-17 07:42:24,985 [cbde3520-0cea-4357-bb04-1a0ae64b2bb1@group-7EB39FB5DF22-LeaderElection380] INFO  impl.RaftServerImpl (RaftServerImpl.java:setRole(184)) - cbde3520-0cea-4357-bb04-1a0ae64b2bb1@group-7EB39FB5DF22: changes role from CANDIDATE to FOLLOWER at term 414 for DISCOVERED_A_NEW_TERM
2019-10-17 07:42:24,985 [cbde3520-0cea-4357-bb04-1a0ae64b2bb1@group-7EB39FB5DF22-LeaderElection380] INFO  impl.RoleInfo (RoleInfo.java:shutdownLeaderElection(134)) - cbde3520-0cea-4357-bb04-1a0ae64b2bb1: shutdown LeaderElection
2019-10-17 07:42:24,985 [cbde3520-0cea-4357-bb04-1a0ae64b2bb1@group-7EB39FB5DF22-LeaderElection380] INFO  impl.RoleInfo (RoleInfo.java:updateAndGet(143)) - cbde3520-0cea-4357-bb04-1a0ae64b2bb1: start FollowerState
2019-10-17 07:42:25,039 [Thread-2719] INFO  impl.FollowerState (FollowerState.java:run(108)) - cbde3520-0cea-4357-bb04-1a0ae64b2bb1@group-7EB39FB5DF22-FollowerState: change to CANDIDATE, lastRpcTime:53ms, electionTimeout:53ms
2019-10-17 07:42:25,039 [Thread-2719] INFO  impl.RoleInfo (RoleInfo.java:shutdownFollowerState(121)) - cbde3520-0cea-4357-bb04-1a0ae64b2bb1: shutdown FollowerState
2019-10-17 07:42:25,039 [Thread-2719] INFO  impl.RaftServerImpl (RaftServerImpl.java:setRole(184)) - cbde3520-0cea-4357-bb04-1a0ae64b2bb1@group-7EB39FB5DF22: changes role from  FOLLOWER to CANDIDATE at term 414 for changeToCandidate
2019-10-17 07:42:25,040 [Thread-2719] INFO  impl.RoleInfo (RoleInfo.java:updateAndGet(143)) - cbde3520-0cea-4357-bb04-1a0ae64b2bb1: start LeaderElection
2019-10-17 07:42:25,064 [cbde3520-0cea-4357-bb04-1a0ae64b2bb1@group-7EB39FB5DF22-LeaderElection381] INFO  impl.LeaderElection (LeaderElection.java:askForVotes(178)) - cbde3520-0cea-4357-bb04-1a0ae64b2bb1@group-7EB39FB5DF22-LeaderElection381: begin an election at term 415 for -1: [40d2d32e-dd25-45df-8070-f9dc56ccf0a7:192.168.34.62:41633, cbde3520-0cea-4357-bb04-1a0ae64b2bb1:192.168.34.62:41642, 443b071d-6096-48d6-bfe7-498b7c8032c0:192.168.34.62:46516], old=null
2019-10-17 07:42:25,066 [grpc-default-executor-1] INFO  impl.RaftServerImpl (RaftServerImpl.java:setRole(184)) - 443b071d-6096-48d6-bfe7-498b7c8032c0@group-7EB39FB5DF22: changes role from  FOLLOWER to FOLLOWER at term 415 for recognizeCandidate:cbde3520-0cea-4357-bb04-1a0ae64b2bb1
2019-10-17 07:42:25,066 [grpc-default-executor-4] INFO  impl.RaftServerImpl (RaftServerImpl.java:setRole(184)) - 40d2d32e-dd25-45df-8070-f9dc56ccf0a7@group-7EB39FB5DF22: changes role from  FOLLOWER to FOLLOWER at term 415 for recognizeCandidate:cbde3520-0cea-4357-bb04-1a0ae64b2bb1
2019-10-17 07:42:25,067 [grpc-default-executor-1] INFO  impl.RoleInfo (RoleInfo.java:shutdownFollowerState(121)) - 443b071d-6096-48d6-bfe7-498b7c8032c0: shutdown FollowerState
2019-10-17 07:42:25,067 [grpc-default-executor-4] INFO  impl.RoleInfo (RoleInfo.java:shutdownFollowerState(121)) - 40d2d32e-dd25-45df-8070-f9dc56ccf0a7: shutdown FollowerState
2019-10-17 07:42:25,067 [Thread-2717] INFO  impl.FollowerState (FollowerState.java:run(117)) - 443b071d-6096-48d6-bfe7-498b7c8032c0@group-7EB39FB5DF22-FollowerState was interrupted: java.lang.InterruptedException: sleep interrupted
2019-10-17 07:42:25,067 [grpc-default-executor-1] INFO  impl.RoleInfo (RoleInfo.java:updateAndGet(143)) - 443b071d-6096-48d6-bfe7-498b7c8032c0: start FollowerState
2019-10-17 07:42:25,067 [Thread-2718] INFO  impl.FollowerState (FollowerState.java:run(117)) - 40d2d32e-dd25-45df-8070-f9dc56ccf0a7@group-7EB39FB5DF22-FollowerState was interrupted: java.lang.InterruptedException: sleep interrupted
2019-10-17 07:42:25,067 [grpc-default-executor-4] INFO  impl.RoleInfo (RoleInfo.java:updateAndGet(143)) - 40d2d32e-dd25-45df-8070-f9dc56ccf0a7: start FollowerState
2019-10-17 07:42:25,081 [cbde3520-0cea-4357-bb04-1a0ae64b2bb1@group-7EB39FB5DF22-LeaderElection381] INFO  impl.LeaderElection (LeaderElection.java:logAndReturn(56)) - cbde3520-0cea-4357-bb04-1a0ae64b2bb1@group-7EB39FB5DF22-LeaderElection381: Election REJECTED; received 2 response(s) [cbde3520-0cea-4357-bb04-1a0ae64b2bb1<-40d2d32e-dd25-45df-8070-f9dc56ccf0a7#0:FAIL-t415, cbde3520-0cea-4357-bb04-1a0ae64b2bb1<-443b071d-6096-48d6-bfe7-498b7c8032c0#0:FAIL-t415] and 0 exception(s); cbde3520-0cea-4357-bb04-1a0ae64b2bb1@group-7EB39FB5DF22:t415, leader=null, voted=cbde3520-0cea-4357-bb04-1a0ae64b2bb1, raftlog=cbde3520-0cea-4357-bb04-1a0ae64b2bb1@group-7EB39FB5DF22-SegmentedRaftLog:OPENED:c-1,f-1,i0, conf=-1: [40d2d32e-dd25-45df-8070-f9dc56ccf0a7:192.168.34.62:41633, cbde3520-0cea-4357-bb04-1a0ae64b2bb1:192.168.34.62:41642, 443b071d-6096-48d6-bfe7-498b7c8032c0:192.168.34.62:46516], old=null
2019-10-17 07:42:25,081 [cbde3520-0cea-4357-bb04-1a0ae64b2bb1@group-7EB39FB5DF22-LeaderElection381] INFO  impl.RaftServerImpl (RaftServerImpl.java:setRole(184)) - cbde3520-0cea-4357-bb04-1a0ae64b2bb1@group-7EB39FB5DF22: changes role from CANDIDATE to FOLLOWER at term 415 for DISCOVERED_A_NEW_TERM
2019-10-17 07:42:25,082 [cbde3520-0cea-4357-bb04-1a0ae64b2bb1@group-7EB39FB5DF22-LeaderElection381] INFO  impl.RoleInfo (RoleInfo.java:shutdownLeaderElection(134)) - cbde3520-0cea-4357-bb04-1a0ae64b2bb1: shutdown LeaderElection
2019-10-17 07:42:25,082 [cbde3520-0cea-4357-bb04-1a0ae64b2bb1@group-7EB39FB5DF22-LeaderElection381] INFO  impl.RoleInfo (RoleInfo.java:updateAndGet(143)) - cbde3520-0cea-4357-bb04-1a0ae64b2bb1: start FollowerState
2019-10-17 07:42:25,224 [Thread-2725] INFO  impl.FollowerState (FollowerState.java:run(108)) - cbde3520-0cea-4357-bb04-1a0ae64b2bb1@group-7EB39FB5DF22-FollowerState: change to CANDIDATE, lastRpcTime:142ms, electionTimeout:142ms
2019-10-17 07:42:25,224 [Thread-2725] INFO  impl.RoleInfo (RoleInfo.java:shutdownFollowerState(121)) - cbde3520-0cea-4357-bb04-1a0ae64b2bb1: shutdown FollowerState
2019-10-17 07:42:25,224 [Thread-2725] INFO  impl.RaftServerImpl (RaftServerImpl.java:setRole(184)) - cbde3520-0cea-4357-bb04-1a0ae64b2bb1@group-7EB39FB5DF22: changes role from  FOLLOWER to CANDIDATE at term 415 for changeToCandidate
2019-10-17 07:42:25,225 [Thread-2725] INFO  impl.RoleInfo (RoleInfo.java:updateAndGet(143)) - cbde3520-0cea-4357-bb04-1a0ae64b2bb1: start LeaderElection
2019-10-17 07:42:25,246 [cbde3520-0cea-4357-bb04-1a0ae64b2bb1@group-7EB39FB5DF22-LeaderElection382] INFO  impl.LeaderElection (LeaderElection.java:askForVotes(178)) - cbde3520-0cea-4357-bb04-1a0ae64b2bb1@group-7EB39FB5DF22-LeaderElection382: begin an election at term 416 for -1: [40d2d32e-dd25-45df-8070-f9dc56ccf0a7:192.168.34.62:41633, cbde3520-0cea-4357-bb04-1a0ae64b2bb1:192.168.34.62:41642, 443b071d-6096-48d6-bfe7-498b7c8032c0:192.168.34.62:46516], old=null
2019-10-17 07:42:25,248 [grpc-default-executor-4] INFO  impl.RaftServerImpl (RaftServerImpl.java:setRole(184)) - 443b071d-6096-48d6-bfe7-498b7c8032c0@group-7EB39FB5DF22: changes role from  FOLLOWER to FOLLOWER at term 416 for recognizeCandidate:cbde3520-0cea-4357-bb04-1a0ae64b2bb1
2019-10-17 07:42:25,248 [grpc-default-executor-4] INFO  impl.RoleInfo (RoleInfo.java:shutdownFollowerState(121)) - 443b071d-6096-48d6-bfe7-498b7c8032c0: shutdown FollowerState
2019-10-17 07:42:25,248 [grpc-default-executor-1] INFO  impl.RaftServerImpl (RaftServerImpl.java:setRole(184)) - 40d2d32e-dd25-45df-8070-f9dc56ccf0a7@group-7EB39FB5DF22: changes role from  FOLLOWER to FOLLOWER at term 416 for recognizeCandidate:cbde3520-0cea-4357-bb04-1a0ae64b2bb1
2019-10-17 07:42:25,249 [grpc-default-executor-1] INFO  impl.RoleInfo (RoleInfo.java:shutdownFollowerState(121)) - 40d2d32e-dd25-45df-8070-f9dc56ccf0a7: shutdown FollowerState
2019-10-17 07:42:25,249 [Thread-2723] INFO  impl.FollowerState (FollowerState.java:run(117)) - 443b071d-6096-48d6-bfe7-498b7c8032c0@group-7EB39FB5DF22-FollowerState was interrupted: java.lang.InterruptedException: sleep interrupted
2019-10-17 07:42:25,249 [Thread-2724] INFO  impl.FollowerState (FollowerState.java:run(117)) - 40d2d32e-dd25-45df-8070-f9dc56ccf0a7@group-7EB39FB5DF22-FollowerState was interrupted: java.lang.InterruptedException: sleep interrupted
2019-10-17 07:42:25,249 [grpc-default-executor-4] INFO  impl.RoleInfo (RoleInfo.java:updateAndGet(143)) - 443b071d-6096-48d6-bfe7-498b7c8032c0: start FollowerState
2019-10-17 07:42:25,249 [grpc-default-executor-1] INFO  impl.RoleInfo (RoleInfo.java:updateAndGet(143)) - 40d2d32e-dd25-45df-8070-f9dc56ccf0a7: start FollowerState
2019-10-17 07:42:25,263 [cbde3520-0cea-4357-bb04-1a0ae64b2bb1@group-7EB39FB5DF22-LeaderElection382] INFO  impl.LeaderElection (LeaderElection.java:logAndReturn(56)) - cbde3520-0cea-4357-bb04-1a0ae64b2bb1@group-7EB39FB5DF22-LeaderElection382: Election REJECTED; received 2 response(s) [cbde3520-0cea-4357-bb04-1a0ae64b2bb1<-40d2d32e-dd25-45df-8070-f9dc56ccf0a7#0:FAIL-t416, cbde3520-0cea-4357-bb04-1a0ae64b2bb1<-443b071d-6096-48d6-bfe7-498b7c8032c0#0:FAIL-t416] and 0 exception(s); cbde3520-0cea-4357-bb04-1a0ae64b2bb1@group-7EB39FB5DF22:t416, leader=null, voted=cbde3520-0cea-4357-bb04-1a0ae64b2bb1, raftlog=cbde3520-0cea-4357-bb04-1a0ae64b2bb1@group-7EB39FB5DF22-SegmentedRaftLog:OPENED:c-1,f-1,i0, conf=-1: [40d2d32e-dd25-45df-8070-f9dc56ccf0a7:192.168.34.62:41633, cbde3520-0cea-4357-bb04-1a0ae64b2bb1:192.168.34.62:41642, 443b071d-6096-48d6-bfe7-498b7c8032c0:192.168.34.62:46516], old=null
2019-10-17 07:42:25,264 [cbde3520-0cea-4357-bb04-1a0ae64b2bb1@group-7EB39FB5DF22-LeaderElection382] INFO  impl.RaftServerImpl (RaftServerImpl.java:setRole(184)) - cbde3520-0cea-4357-bb04-1a0ae64b2bb1@group-7EB39FB5DF22: changes role from CANDIDATE to FOLLOWER at term 416 for DISCOVERED_A_NEW_TERM
2019-10-17 07:42:25,264 [cbde3520-0cea-4357-bb04-1a0ae64b2bb1@group-7EB39FB5DF22-LeaderElection382] INFO  impl.RoleInfo (RoleInfo.java:shutdownLeaderElection(134)) - cbde3520-0cea-4357-bb04-1a0ae64b2bb1: shutdown LeaderElection
2019-10-17 07:42:25,264 [cbde3520-0cea-4357-bb04-1a0ae64b2bb1@group-7EB39FB5DF22-LeaderElection382] INFO  impl.RoleInfo (RoleInfo.java:updateAndGet(143)) - cbde3520-0cea-4357-bb04-1a0ae64b2bb1: start FollowerState
2019-10-17 07:42:25,274 [Thread-2731] INFO  impl.FollowerState (FollowerState.java:run(108)) - cbde3520-0cea-4357-bb04-1a0ae64b2bb1@group-7EB39FB5DF22-FollowerState: change to CANDIDATE, lastRpcTime:9ms, electionTimeout:9ms
2019-10-17 07:42:25,274 [Thread-2731] INFO  impl.RoleInfo (RoleInfo.java:shutdownFollowerState(121)) - cbde3520-0cea-4357-bb04-1a0ae64b2bb1: shutdown FollowerState
2019-10-17 07:42:25,274 [Thread-2731] INFO  impl.RaftServerImpl (RaftServerImpl.java:setRole(184)) - cbde3520-0cea-4357-bb04-1a0ae64b2bb1@group-7EB39FB5DF22: changes role from  FOLLOWER to CANDIDATE at term 416 for changeToCandidate
2019-10-17 07:42:25,274 [Thread-2731] INFO  impl.RoleInfo (RoleInfo.java:updateAndGet(143)) - cbde3520-0cea-4357-bb04-1a0ae64b2bb1: start LeaderElection
2019-10-17 07:42:25,298 [cbde3520-0cea-4357-bb04-1a0ae64b2bb1@group-7EB39FB5DF22-LeaderElection383] INFO  impl.LeaderElection (LeaderElection.java:askForVotes(178)) - cbde3520-0cea-4357-bb04-1a0ae64b2bb1@group-7EB39FB5DF22-LeaderElection383: begin an election at term 417 for -1: [40d2d32e-dd25-45df-8070-f9dc56ccf0a7:192.168.34.62:41633, cbde3520-0cea-4357-bb04-1a0ae64b2bb1:192.168.34.62:41642, 443b071d-6096-48d6-bfe7-498b7c8032c0:192.168.34.62:46516], old=null
2019-10-17 07:42:25,300 [grpc-default-executor-1] INFO  impl.RaftServerImpl (RaftServerImpl.java:setRole(184)) - 443b071d-6096-48d6-bfe7-498b7c8032c0@group-7EB39FB5DF22: changes role from  FOLLOWER to FOLLOWER at term 417 for recognizeCandidate:cbde3520-0cea-4357-bb04-1a0ae64b2bb1
2019-10-17 07:42:25,300 [grpc-default-executor-1] INFO  impl.RoleInfo (RoleInfo.java:shutdownFollowerState(121)) - 443b071d-6096-48d6-bfe7-498b7c8032c0: shutdown FollowerState
2019-10-17 07:42:25,300 [grpc-default-executor-4] INFO  impl.RaftServerImpl (RaftServerImpl.java:setRole(184)) - 40d2d32e-dd25-45df-8070-f9dc56ccf0a7@group-7EB39FB5DF22: changes role from  FOLLOWER to FOLLOWER at term 417 for recognizeCandidate:cbde3520-0cea-4357-bb04-1a0ae64b2bb1
2019-10-17 07:42:25,300 [grpc-default-executor-4] INFO  impl.RoleInfo (RoleInfo.java:shutdownFollowerState(121)) - 40d2d32e-dd25-45df-8070-f9dc56ccf0a7: shutdown FollowerState
2019-10-17 07:42:25,300 [Thread-2729] INFO  impl.FollowerState (FollowerState.java:run(117)) - 443b071d-6096-48d6-bfe7-498b7c8032c0@group-7EB39FB5DF22-FollowerState was interrupted: java.lang.InterruptedException: sleep interrupted
2019-10-17 07:42:25,300 [Thread-2730] INFO  impl.FollowerState (FollowerState.java:run(117)) - 40d2d32e-dd25-45df-8070-f9dc56ccf0a7@group-7EB39FB5DF22-FollowerState was interrupted: java.lang.InterruptedException: sleep interrupted
2019-10-17 07:42:25,300 [grpc-default-executor-1] INFO  impl.RoleInfo (RoleInfo.java:updateAndGet(143)) - 443b071d-6096-48d6-bfe7-498b7c8032c0: start FollowerState
2019-10-17 07:42:25,300 [grpc-default-executor-4] INFO  impl.RoleInfo (RoleInfo.java:updateAndGet(143)) - 40d2d32e-dd25-45df-8070-f9dc56ccf0a7: start FollowerState
2019-10-17 07:42:25,314 [cbde3520-0cea-4357-bb04-1a0ae64b2bb1@group-7EB39FB5DF22-LeaderElection383] INFO  impl.LeaderElection (LeaderElection.java:logAndReturn(56)) - cbde3520-0cea-4357-bb04-1a0ae64b2bb1@group-7EB39FB5DF22-LeaderElection383: Election REJECTED; received 2 response(s) [cbde3520-0cea-4357-bb04-1a0ae64b2bb1<-40d2d32e-dd25-45df-8070-f9dc56ccf0a7#0:FAIL-t417, cbde3520-0cea-4357-bb04-1a0ae64b2bb1<-443b071d-6096-48d6-bfe7-498b7c8032c0#0:FAIL-t417] and 0 exception(s); cbde3520-0cea-4357-bb04-1a0ae64b2bb1@group-7EB39FB5DF22:t417, leader=null, voted=cbde3520-0cea-4357-bb04-1a0ae64b2bb1, raftlog=cbde3520-0cea-4357-bb04-1a0ae64b2bb1@group-7EB39FB5DF22-SegmentedRaftLog:OPENED:c-1,f-1,i0, conf=-1: [40d2d32e-dd25-45df-8070-f9dc56ccf0a7:192.168.34.62:41633, cbde3520-0cea-4357-bb04-1a0ae64b2bb1:192.168.34.62:41642, 443b071d-6096-48d6-bfe7-498b7c8032c0:192.168.34.62:46516], old=null
2019-10-17 07:42:25,315 [cbde3520-0cea-4357-bb04-1a0ae64b2bb1@group-7EB39FB5DF22-LeaderElection383] INFO  impl.RaftServerImpl (RaftServerImpl.java:setRole(184)) - cbde3520-0cea-4357-bb04-1a0ae64b2bb1@group-7EB39FB5DF22: changes role from CANDIDATE to FOLLOWER at term 417 for DISCOVERED_A_NEW_TERM
2019-10-17 07:42:25,315 [cbde3520-0cea-4357-bb04-1a0ae64b2bb1@group-7EB39FB5DF22-LeaderElection383] INFO  impl.RoleInfo (RoleInfo.java:shutdownLeaderElection(134)) - cbde3520-0cea-4357-bb04-1a0ae64b2bb1: shutdown LeaderElection
2019-10-17 07:42:25,315 [cbde3520-0cea-4357-bb04-1a0ae64b2bb1@group-7EB39FB5DF22-LeaderElection383] INFO  impl.RoleInfo (RoleInfo.java:updateAndGet(143)) - cbde3520-0cea-4357-bb04-1a0ae64b2bb1: start FollowerState
2019-10-17 07:42:25,386 [Thread-2737] INFO  impl.FollowerState (FollowerState.java:run(108)) - cbde3520-0cea-4357-bb04-1a0ae64b2bb1@group-7EB39FB5DF22-FollowerState: change to CANDIDATE, lastRpcTime:71ms, electionTimeout:71ms
2019-10-17 07:42:25,387 [Thread-2737] INFO  impl.RoleInfo (RoleInfo.java:shutdownFollowerState(121)) - cbde3520-0cea-4357-bb04-1a0ae64b2bb1: shutdown FollowerState
2019-10-17 07:42:25,387 [Thread-2737] INFO  impl.RaftServerImpl (RaftServerImpl.java:setRole(184)) - cbde3520-0cea-4357-bb04-1a0ae64b2bb1@group-7EB39FB5DF22: changes role from  FOLLOWER to CANDIDATE at term 417 for changeToCandidate
2019-10-17 07:42:25,387 [Thread-2737] INFO  impl.RoleInfo (RoleInfo.java:updateAndGet(143)) - cbde3520-0cea-4357-bb04-1a0ae64b2bb1: start LeaderElection
2019-10-17 07:42:25,411 [cbde3520-0cea-4357-bb04-1a0ae64b2bb1@group-7EB39FB5DF22-LeaderElection384] INFO  impl.LeaderElection (LeaderElection.java:askForVotes(178)) - cbde3520-0cea-4357-bb04-1a0ae64b2bb1@group-7EB39FB5DF22-LeaderElection384: begin an election at term 418 for -1: [40d2d32e-dd25-45df-8070-f9dc56ccf0a7:192.168.34.62:41633, cbde3520-0cea-4357-bb04-1a0ae64b2bb1:192.168.34.62:41642, 443b071d-6096-48d6-bfe7-498b7c8032c0:192.168.34.62:46516], old=null
2019-10-17 07:42:25,413 [grpc-default-executor-4] INFO  impl.RaftServerImpl (RaftServerImpl.java:setRole(184)) - 40d2d32e-dd25-45df-8070-f9dc56ccf0a7@group-7EB39FB5DF22: changes role from  FOLLOWER to FOLLOWER at term 418 for recognizeCandidate:cbde3520-0cea-4357-bb04-1a0ae64b2bb1
2019-10-17 07:42:25,413 [grpc-default-executor-4] INFO  impl.RoleInfo (RoleInfo.java:shutdownFollowerState(121)) - 40d2d32e-dd25-45df-8070-f9dc56ccf0a7: shutdown FollowerState
2019-10-17 07:42:25,413 [grpc-default-executor-4] INFO  impl.RoleInfo (RoleInfo.java:updateAndGet(143)) - 40d2d32e-dd25-45df-8070-f9dc56ccf0a7: start FollowerState
2019-10-17 07:42:25,413 [grpc-default-executor-1] INFO  impl.RaftServerImpl (RaftServerImpl.java:setRole(184)) - 443b071d-6096-48d6-bfe7-498b7c8032c0@group-7EB39FB5DF22: changes role from  FOLLOWER to FOLLOWER at term 418 for recognizeCandidate:cbde3520-0cea-4357-bb04-1a0ae64b2bb1
2019-10-17 07:42:25,414 [grpc-default-executor-1] INFO  impl.RoleInfo (RoleInfo.java:shutdownFollowerState(121)) - 443b071d-6096-48d6-bfe7-498b7c8032c0: shutdown FollowerState
2019-10-17 07:42:25,413 [Thread-2736] INFO  impl.FollowerState (FollowerState.java:run(117)) - 40d2d32e-dd25-45df-8070-f9dc56ccf0a7@group-7EB39FB5DF22-FollowerState was interrupted: java.lang.InterruptedException: sleep interrupted
2019-10-17 07:42:25,414 [Thread-2735] INFO  impl.FollowerState (FollowerState.java:run(117)) - 443b071d-6096-48d6-bfe7-498b7c8032c0@group-7EB39FB5DF22-FollowerState was interrupted: java.lang.InterruptedException: sleep interrupted
2019-10-17 07:42:25,414 [grpc-default-executor-1] INFO  impl.RoleInfo (RoleInfo.java:updateAndGet(143)) - 443b071d-6096-48d6-bfe7-498b7c8032c0: start FollowerState
2019-10-17 07:42:25,437 [cbde3520-0cea-4357-bb04-1a0ae64b2bb1@group-7EB39FB5DF22-LeaderElection384] INFO  impl.LeaderElection (LeaderElection.java:logAndReturn(56)) - cbde3520-0cea-4357-bb04-1a0ae64b2bb1@group-7EB39FB5DF22-LeaderElection384: Election REJECTED; received 2 response(s) [cbde3520-0cea-4357-bb04-1a0ae64b2bb1<-40d2d32e-dd25-45df-8070-f9dc56ccf0a7#0:FAIL-t418, cbde3520-0cea-4357-bb04-1a0ae64b2bb1<-443b071d-6096-48d6-bfe7-498b7c8032c0#0:FAIL-t418] and 0 exception(s); cbde3520-0cea-4357-bb04-1a0ae64b2bb1@group-7EB39FB5DF22:t418, leader=null, voted=cbde3520-0cea-4357-bb04-1a0ae64b2bb1, raftlog=cbde3520-0cea-4357-bb04-1a0ae64b2bb1@group-7EB39FB5DF22-SegmentedRaftLog:OPENED:c-1,f-1,i0, conf=-1: [40d2d32e-dd25-45df-8070-f9dc56ccf0a7:192.168.34.62:41633, cbde3520-0cea-4357-bb04-1a0ae64b2bb1:192.168.34.62:41642, 443b071d-6096-48d6-bfe7-498b7c8032c0:192.168.34.62:46516], old=null
2019-10-17 07:42:25,437 [cbde3520-0cea-4357-bb04-1a0ae64b2bb1@group-7EB39FB5DF22-LeaderElection384] INFO  impl.RaftServerImpl (RaftServerImpl.java:setRole(184)) - cbde3520-0cea-4357-bb04-1a0ae64b2bb1@group-7EB39FB5DF22: changes role from CANDIDATE to FOLLOWER at term 418 for DISCOVERED_A_NEW_TERM
2019-10-17 07:42:25,438 [cbde3520-0cea-4357-bb04-1a0ae64b2bb1@group-7EB39FB5DF22-LeaderElection384] INFO  impl.RoleInfo (RoleInfo.java:shutdownLeaderElection(134)) - cbde3520-0cea-4357-bb04-1a0ae64b2bb1: shutdown LeaderElection
2019-10-17 07:42:25,438 [cbde3520-0cea-4357-bb04-1a0ae64b2bb1@group-7EB39FB5DF22-LeaderElection384] INFO  impl.RoleInfo (RoleInfo.java:updateAndGet(143)) - cbde3520-0cea-4357-bb04-1a0ae64b2bb1: start FollowerState
2019-10-17 07:42:25,533 [Thread-2743] INFO  impl.FollowerState (FollowerState.java:run(108)) - cbde3520-0cea-4357-bb04-1a0ae64b2bb1@group-7EB39FB5DF22-FollowerState: change to CANDIDATE, lastRpcTime:95ms, electionTimeout:95ms
2019-10-17 07:42:25,533 [Thread-2743] INFO  impl.RoleInfo (RoleInfo.java:shutdownFollowerState(121)) - cbde3520-0cea-4357-bb04-1a0ae64b2bb1: shutdown FollowerState
2019-10-17 07:42:25,533 [Thread-2743] INFO  impl.RaftServerImpl (RaftServerImpl.java:setRole(184)) - cbde3520-0cea-4357-bb04-1a0ae64b2bb1@group-7EB39FB5DF22: changes role from  FOLLOWER to CANDIDATE at term 418 for changeToCandidate
2019-10-17 07:42:25,534 [Thread-2743] INFO  impl.RoleInfo (RoleInfo.java:updateAndGet(143)) - cbde3520-0cea-4357-bb04-1a0ae64b2bb1: start LeaderElection
2019-10-17 07:42:25,552 [cbde3520-0cea-4357-bb04-1a0ae64b2bb1@group-7EB39FB5DF22-LeaderElection385] INFO  impl.LeaderElection (LeaderElection.java:askForVotes(178)) - cbde3520-0cea-4357-bb04-1a0ae64b2bb1@group-7EB39FB5DF22-LeaderElection385: begin an election at term 419 for -1: [40d2d32e-dd25-45df-8070-f9dc56ccf0a7:192.168.34.62:41633, cbde3520-0cea-4357-bb04-1a0ae64b2bb1:192.168.34.62:41642, 443b071d-6096-48d6-bfe7-498b7c8032c0:192.168.34.62:46516], old=null
2019-10-17 07:42:25,554 [grpc-default-executor-1] INFO  impl.RaftServerImpl (RaftServerImpl.java:setRole(184)) - 40d2d32e-dd25-45df-8070-f9dc56ccf0a7@group-7EB39FB5DF22: changes role from  FOLLOWER to FOLLOWER at term 419 for recognizeCandidate:cbde3520-0cea-4357-bb04-1a0ae64b2bb1
2019-10-17 07:42:25,554 [grpc-default-executor-1] INFO  impl.RoleInfo (RoleInfo.java:shutdownFollowerState(121)) - 40d2d32e-dd25-45df-8070-f9dc56ccf0a7: shutdown FollowerState
2019-10-17 07:42:25,554 [grpc-default-executor-4] INFO  impl.RaftServerImpl (RaftServerImpl.java:setRole(184)) - 443b071d-6096-48d6-bfe7-498b7c8032c0@group-7EB39FB5DF22: changes role from  FOLLOWER to FOLLOWER at term 419 for recognizeCandidate:cbde3520-0cea-4357-bb04-1a0ae64b2bb1
2019-10-17 07:42:25,554 [Thread-2741] INFO  impl.FollowerState (FollowerState.java:run(117)) - 40d2d32e-dd25-45df-8070-f9dc56ccf0a7@group-7EB39FB5DF22-FollowerState was interrupted: java.lang.InterruptedException: sleep interrupted
2019-10-17 07:42:25,554 [grpc-default-executor-4] INFO  impl.RoleInfo (RoleInfo.java:shutdownFollowerState(121)) - 443b071d-6096-48d6-bfe7-498b7c8032c0: shutdown FollowerState
2019-10-17 07:42:25,554 [grpc-default-executor-4] INFO  impl.RoleInfo (RoleInfo.java:updateAndGet(143)) - 443b071d-6096-48d6-bfe7-498b7c8032c0: start FollowerState
2019-10-17 07:42:25,554 [grpc-default-executor-1] INFO  impl.RoleInfo (RoleInfo.java:updateAndGet(143)) - 40d2d32e-dd25-45df-8070-f9dc56ccf0a7: start FollowerState
2019-10-17 07:42:25,554 [Thread-2742] INFO  impl.FollowerState (FollowerState.java:run(117)) - 443b071d-6096-48d6-bfe7-498b7c8032c0@group-7EB39FB5DF22-FollowerState was interrupted: java.lang.InterruptedException: sleep interrupted
2019-10-17 07:42:25,579 [cbde3520-0cea-4357-bb04-1a0ae64b2bb1@group-7EB39FB5DF22-LeaderElection385] INFO  impl.LeaderElection (LeaderElection.java:logAndReturn(56)) - cbde3520-0cea-4357-bb04-1a0ae64b2bb1@group-7EB39FB5DF22-LeaderElection385: Election REJECTED; received 2 response(s) [cbde3520-0cea-4357-bb04-1a0ae64b2bb1<-40d2d32e-dd25-45df-8070-f9dc56ccf0a7#0:FAIL-t419, cbde3520-0cea-4357-bb04-1a0ae64b2bb1<-443b071d-6096-48d6-bfe7-498b7c8032c0#0:FAIL-t419] and 0 exception(s); cbde3520-0cea-4357-bb04-1a0ae64b2bb1@group-7EB39FB5DF22:t419, leader=null, voted=cbde3520-0cea-4357-bb04-1a0ae64b2bb1, raftlog=cbde3520-0cea-4357-bb04-1a0ae64b2bb1@group-7EB39FB5DF22-SegmentedRaftLog:OPENED:c-1,f-1,i0, conf=-1: [40d2d32e-dd25-45df-8070-f9dc56ccf0a7:192.168.34.62:41633, cbde3520-0cea-4357-bb04-1a0ae64b2bb1:192.168.34.62:41642, 443b071d-6096-48d6-bfe7-498b7c8032c0:192.168.34.62:46516], old=null
2019-10-17 07:42:25,579 [cbde3520-0cea-4357-bb04-1a0ae64b2bb1@group-7EB39FB5DF22-LeaderElection385] INFO  impl.RaftServerImpl (RaftServerImpl.java:setRole(184)) - cbde3520-0cea-4357-bb04-1a0ae64b2bb1@group-7EB39FB5DF22: changes role from CANDIDATE to FOLLOWER at term 419 for DISCOVERED_A_NEW_TERM
2019-10-17 07:42:25,579 [cbde3520-0cea-4357-bb04-1a0ae64b2bb1@group-7EB39FB5DF22-LeaderElection385] INFO  impl.RoleInfo (RoleInfo.java:shutdownLeaderElection(134)) - cbde3520-0cea-4357-bb04-1a0ae64b2bb1: shutdown LeaderElection
2019-10-17 07:42:25,579 [cbde3520-0cea-4357-bb04-1a0ae64b2bb1@group-7EB39FB5DF22-LeaderElection385] INFO  impl.RoleInfo (RoleInfo.java:updateAndGet(143)) - cbde3520-0cea-4357-bb04-1a0ae64b2bb1: start FollowerState
2019-10-17 07:42:25,778 [Thread-2749] INFO  impl.FollowerState (FollowerState.java:run(108)) - cbde3520-0cea-4357-bb04-1a0ae64b2bb1@group-7EB39FB5DF22-FollowerState: change to CANDIDATE, lastRpcTime:198ms, electionTimeout:198ms
2019-10-17 07:42:25,778 [Thread-2749] INFO  impl.RoleInfo (RoleInfo.java:shutdownFollowerState(121)) - cbde3520-0cea-4357-bb04-1a0ae64b2bb1: shutdown FollowerState
2019-10-17 07:42:25,778 [Thread-2749] INFO  impl.RaftServerImpl (RaftServerImpl.java:setRole(184)) - cbde3520-0cea-4357-bb04-1a0ae64b2bb1@group-7EB39FB5DF22: changes role from  FOLLOWER to CANDIDATE at term 419 for changeToCandidate
2019-10-17 07:42:25,778 [Thread-2749] INFO  impl.RoleInfo (RoleInfo.java:updateAndGet(143)) - cbde3520-0cea-4357-bb04-1a0ae64b2bb1: start LeaderElection
2019-10-17 07:42:25,802 [cbde3520-0cea-4357-bb04-1a0ae64b2bb1@group-7EB39FB5DF22-LeaderElection386] INFO  impl.LeaderElection (LeaderElection.java:askForVotes(178)) - cbde3520-0cea-4357-bb04-1a0ae64b2bb1@group-7EB39FB5DF22-LeaderElection386: begin an election at term 420 for -1: [40d2d32e-dd25-45df-8070-f9dc56ccf0a7:192.168.34.62:41633, cbde3520-0cea-4357-bb04-1a0ae64b2bb1:192.168.34.62:41642, 443b071d-6096-48d6-bfe7-498b7c8032c0:192.168.34.62:46516], old=null
2019-10-17 07:42:25,804 [grpc-default-executor-1] INFO  impl.RaftServerImpl (RaftServerImpl.java:setRole(184)) - 40d2d32e-dd25-45df-8070-f9dc56ccf0a7@group-7EB39FB5DF22: changes role from  FOLLOWER to FOLLOWER at term 420 for recognizeCandidate:cbde3520-0cea-4357-bb04-1a0ae64b2bb1
2019-10-17 07:42:25,804 [grpc-default-executor-1] INFO  impl.RoleInfo (RoleInfo.java:shutdownFollowerState(121)) - 40d2d32e-dd25-45df-8070-f9dc56ccf0a7: shutdown FollowerState
2019-10-17 07:42:25,804 [grpc-default-executor-4] INFO  impl.RaftServerImpl (RaftServerImpl.java:setRole(184)) - 443b071d-6096-48d6-bfe7-498b7c8032c0@group-7EB39FB5DF22: changes role from  FOLLOWER to FOLLOWER at term 420 for recognizeCandidate:cbde3520-0cea-4357-bb04-1a0ae64b2bb1
2019-10-17 07:42:25,804 [grpc-default-executor-4] INFO  impl.RoleInfo (RoleInfo.java:shutdownFollowerState(121)) - 443b071d-6096-48d6-bfe7-498b7c8032c0: shutdown FollowerState
2019-10-17 07:42:25,804 [Thread-2747] INFO  impl.FollowerState (FollowerState.java:run(117)) - 40d2d32e-dd25-45df-8070-f9dc56ccf0a7@group-7EB39FB5DF22-FollowerState was interrupted: java.lang.InterruptedException: sleep interrupted
2019-10-17 07:42:25,805 [Thread-2748] INFO  impl.FollowerState (FollowerState.java:run(117)) - 443b071d-6096-48d6-bfe7-498b7c8032c0@group-7EB39FB5DF22-FollowerState was interrupted: java.lang.InterruptedException: sleep interrupted
2019-10-17 07:42:25,804 [grpc-default-executor-1] INFO  impl.RoleInfo (RoleInfo.java:updateAndGet(143)) - 40d2d32e-dd25-45df-8070-f9dc56ccf0a7: start FollowerState
2019-10-17 07:42:25,805 [grpc-default-executor-4] INFO  impl.RoleInfo (RoleInfo.java:updateAndGet(143)) - 443b071d-6096-48d6-bfe7-498b7c8032c0: start FollowerState
2019-10-17 07:42:25,819 [cbde3520-0cea-4357-bb04-1a0ae64b2bb1@group-7EB39FB5DF22-LeaderElection386] INFO  impl.LeaderElection (LeaderElection.java:logAndReturn(56)) - cbde3520-0cea-4357-bb04-1a0ae64b2bb1@group-7EB39FB5DF22-LeaderElection386: Election REJECTED; received 2 response(s) [cbde3520-0cea-4357-bb04-1a0ae64b2bb1<-40d2d32e-dd25-45df-8070-f9dc56ccf0a7#0:FAIL-t420, cbde3520-0cea-4357-bb04-1a0ae64b2bb1<-443b071d-6096-48d6-bfe7-498b7c8032c0#0:FAIL-t420] and 0 exception(s); cbde3520-0cea-4357-bb04-1a0ae64b2bb1@group-7EB39FB5DF22:t420, leader=null, voted=cbde3520-0cea-4357-bb04-1a0ae64b2bb1, raftlog=cbde3520-0cea-4357-bb04-1a0ae64b2bb1@group-7EB39FB5DF22-SegmentedRaftLog:OPENED:c-1,f-1,i0, conf=-1: [40d2d32e-dd25-45df-8070-f9dc56ccf0a7:192.168.34.62:41633, cbde3520-0cea-4357-bb04-1a0ae64b2bb1:192.168.34.62:41642, 443b071d-6096-48d6-bfe7-498b7c8032c0:192.168.34.62:46516], old=null
2019-10-17 07:42:25,819 [cbde3520-0cea-4357-bb04-1a0ae64b2bb1@group-7EB39FB5DF22-LeaderElection386] INFO  impl.RaftServerImpl (RaftServerImpl.java:setRole(184)) - cbde3520-0cea-4357-bb04-1a0ae64b2bb1@group-7EB39FB5DF22: changes role from CANDIDATE to FOLLOWER at term 420 for DISCOVERED_A_NEW_TERM
2019-10-17 07:42:25,820 [cbde3520-0cea-4357-bb04-1a0ae64b2bb1@group-7EB39FB5DF22-LeaderElection386] INFO  impl.RoleInfo (RoleInfo.java:shutdownLeaderElection(134)) - cbde3520-0cea-4357-bb04-1a0ae64b2bb1: shutdown LeaderElection
2019-10-17 07:42:25,820 [cbde3520-0cea-4357-bb04-1a0ae64b2bb1@group-7EB39FB5DF22-LeaderElection386] INFO  impl.RoleInfo (RoleInfo.java:updateAndGet(143)) - cbde3520-0cea-4357-bb04-1a0ae64b2bb1: start FollowerState
2019-10-17 07:42:25,951 [Thread-2755] INFO  impl.FollowerState (FollowerState.java:run(108)) - cbde3520-0cea-4357-bb04-1a0ae64b2bb1@group-7EB39FB5DF22-FollowerState: change to CANDIDATE, lastRpcTime:131ms, electionTimeout:131ms
2019-10-17 07:42:25,951 [Thread-2755] INFO  impl.RoleInfo (RoleInfo.java:shutdownFollowerState(121)) - cbde3520-0cea-4357-bb04-1a0ae64b2bb1: shutdown FollowerState
2019-10-17 07:42:25,951 [Thread-2755] INFO  impl.RaftServerImpl (RaftServerImpl.java:setRole(184)) - cbde3520-0cea-4357-bb04-1a0ae64b2bb1@group-7EB39FB5DF22: changes role from  FOLLOWER to CANDIDATE at term 420 for changeToCandidate
2019-10-17 07:42:25,952 [Thread-2755] INFO  impl.RoleInfo (RoleInfo.java:updateAndGet(143)) - cbde3520-0cea-4357-bb04-1a0ae64b2bb1: start LeaderElection
2019-10-17 07:42:25,967 [cbde3520-0cea-4357-bb04-1a0ae64b2bb1@group-7EB39FB5DF22-LeaderElection387] INFO  impl.LeaderElection (LeaderElection.java:askForVotes(178)) - cbde3520-0cea-4357-bb04-1a0ae64b2bb1@group-7EB39FB5DF22-LeaderElection387: begin an election at term 421 for -1: [40d2d32e-dd25-45df-8070-f9dc56ccf0a7:192.168.34.62:41633, cbde3520-0cea-4357-bb04-1a0ae64b2bb1:192.168.34.62:41642, 443b071d-6096-48d6-bfe7-498b7c8032c0:192.168.34.62:46516], old=null
2019-10-17 07:42:25,969 [grpc-default-executor-1] INFO  impl.RaftServerImpl (RaftServerImpl.java:setRole(184)) - 40d2d32e-dd25-45df-8070-f9dc56ccf0a7@group-7EB39FB5DF22: changes role from  FOLLOWER to FOLLOWER at term 421 for recognizeCandidate:cbde3520-0cea-4357-bb04-1a0ae64b2bb1
2019-10-17 07:42:25,969 [grpc-default-executor-1] INFO  impl.RoleInfo (RoleInfo.java:shutdownFollowerState(121)) - 40d2d32e-dd25-45df-8070-f9dc56ccf0a7: shutdown FollowerState
2019-10-17 07:42:25,969 [grpc-default-executor-1] INFO  impl.RoleInfo (RoleInfo.java:updateAndGet(143)) - 40d2d32e-dd25-45df-8070-f9dc56ccf0a7: start FollowerState
2019-10-17 07:42:25,969 [Thread-2753] INFO  impl.FollowerState (FollowerState.java:run(117)) - 40d2d32e-dd25-45df-8070-f9dc56ccf0a7@group-7EB39FB5DF22-FollowerState was interrupted: java.lang.InterruptedException: sleep interrupted
2019-10-17 07:42:25,969 [grpc-default-executor-4] INFO  impl.RaftServerImpl (RaftServerImpl.java:setRole(184)) - 443b071d-6096-48d6-bfe7-498b7c8032c0@group-7EB39FB5DF22: changes role from  FOLLOWER to FOLLOWER at term 421 for recognizeCandidate:cbde3520-0cea-4357-bb04-1a0ae64b2bb1
2019-10-17 07:42:25,969 [grpc-default-executor-4] INFO  impl.RoleInfo (RoleInfo.java:shutdownFollowerState(121)) - 443b071d-6096-48d6-bfe7-498b7c8032c0: shutdown FollowerState
2019-10-17 07:42:25,970 [grpc-default-executor-4] INFO  impl.RoleInfo (RoleInfo.java:updateAndGet(143)) - 443b071d-6096-48d6-bfe7-498b7c8032c0: start FollowerState
2019-10-17 07:42:25,970 [Thread-2754] INFO  impl.FollowerState (FollowerState.java:run(117)) - 443b071d-6096-48d6-bfe7-498b7c8032c0@group-7EB39FB5DF22-FollowerState was interrupted: java.lang.InterruptedException: sleep interrupted
2019-10-17 07:42:25,985 [cbde3520-0cea-4357-bb04-1a0ae64b2bb1@group-7EB39FB5DF22-LeaderElection387] INFO  impl.LeaderElection (LeaderElection.java:logAndReturn(56)) - cbde3520-0cea-4357-bb04-1a0ae64b2bb1@group-7EB39FB5DF22-LeaderElection387: Election REJECTED; received 2 response(s) [cbde3520-0cea-4357-bb04-1a0ae64b2bb1<-40d2d32e-dd25-45df-8070-f9dc56ccf0a7#0:FAIL-t421, cbde3520-0cea-4357-bb04-1a0ae64b2bb1<-443b071d-6096-48d6-bfe7-498b7c8032c0#0:FAIL-t421] and 0 exception(s); cbde3520-0cea-4357-bb04-1a0ae64b2bb1@group-7EB39FB5DF22:t421, leader=null, voted=cbde3520-0cea-4357-bb04-1a0ae64b2bb1, raftlog=cbde3520-0cea-4357-bb04-1a0ae64b2bb1@group-7EB39FB5DF22-SegmentedRaftLog:OPENED:c-1,f-1,i0, conf=-1: [40d2d32e-dd25-45df-8070-f9dc56ccf0a7:192.168.34.62:41633, cbde3520-0cea-4357-bb04-1a0ae64b2bb1:192.168.34.62:41642, 443b071d-6096-48d6-bfe7-498b7c8032c0:192.168.34.62:46516], old=null
2019-10-17 07:42:25,985 [cbde3520-0cea-4357-bb04-1a0ae64b2bb1@group-7EB39FB5DF22-LeaderElection387] INFO  impl.RaftServerImpl (RaftServerImpl.java:setRole(184)) - cbde3520-0cea-4357-bb04-1a0ae64b2bb1@group-7EB39FB5DF22: changes role from CANDIDATE to FOLLOWER at term 421 for DISCOVERED_A_NEW_TERM
2019-10-17 07:42:25,986 [cbde3520-0cea-4357-bb04-1a0ae64b2bb1@group-7EB39FB5DF22-LeaderElection387] INFO  impl.RoleInfo (RoleInfo.java:shutdownLeaderElection(134)) - cbde3520-0cea-4357-bb04-1a0ae64b2bb1: shutdown LeaderElection
2019-10-17 07:42:25,986 [cbde3520-0cea-4357-bb04-1a0ae64b2bb1@group-7EB39FB5DF22-LeaderElection387] INFO  impl.RoleInfo (RoleInfo.java:updateAndGet(143)) - cbde3520-0cea-4357-bb04-1a0ae64b2bb1: start FollowerState
2019-10-17 07:42:26,006 [Thread-2761] INFO  impl.FollowerState (FollowerState.java:run(108)) - cbde3520-0cea-4357-bb04-1a0ae64b2bb1@group-7EB39FB5DF22-FollowerState: change to CANDIDATE, lastRpcTime:20ms, electionTimeout:20ms
2019-10-17 07:42:26,006 [Thread-2761] INFO  impl.RoleInfo (RoleInfo.java:shutdownFollowerState(121)) - cbde3520-0cea-4357-bb04-1a0ae64b2bb1: shutdown FollowerState
2019-10-17 07:42:26,006 [Thread-2761] INFO  impl.RaftServerImpl (RaftServerImpl.java:setRole(184)) - cbde3520-0cea-4357-bb04-1a0ae64b2bb1@group-7EB39FB5DF22: changes role from  FOLLOWER to CANDIDATE at term 421 for changeToCandidate
2019-10-17 07:42:26,007 [Thread-2761] INFO  impl.RoleInfo (RoleInfo.java:updateAndGet(143)) - cbde3520-0cea-4357-bb04-1a0ae64b2bb1: start LeaderElection
2019-10-17 07:42:26,030 [cbde3520-0cea-4357-bb04-1a0ae64b2bb1@group-7EB39FB5DF22-LeaderElection388] INFO  impl.LeaderElection (LeaderElection.java:askForVotes(178)) - cbde3520-0cea-4357-bb04-1a0ae64b2bb1@group-7EB39FB5DF22-LeaderElection388: begin an election at term 422 for -1: [40d2d32e-dd25-45df-8070-f9dc56ccf0a7:192.168.34.62:41633, cbde3520-0cea-4357-bb04-1a0ae64b2bb1:192.168.34.62:41642, 443b071d-6096-48d6-bfe7-498b7c8032c0:192.168.34.62:46516], old=null
2019-10-17 07:42:26,032 [grpc-default-executor-1] INFO  impl.RaftServerImpl (RaftServerImpl.java:setRole(184)) - 40d2d32e-dd25-45df-8070-f9dc56ccf0a7@group-7EB39FB5DF22: changes role from  FOLLOWER to FOLLOWER at term 422 for recognizeCandidate:cbde3520-0cea-4357-bb04-1a0ae64b2bb1
2019-10-17 07:42:26,032 [grpc-default-executor-1] INFO  impl.RoleInfo (RoleInfo.java:shutdownFollowerState(121)) - 40d2d32e-dd25-45df-8070-f9dc56ccf0a7: shutdown FollowerState
2019-10-17 07:42:26,033 [grpc-default-executor-1] INFO  impl.RoleInfo (RoleInfo.java:updateAndGet(143)) - 40d2d32e-dd25-45df-8070-f9dc56ccf0a7: start FollowerState
2019-10-17 07:42:26,033 [Thread-2759] INFO  impl.FollowerState (FollowerState.java:run(117)) - 40d2d32e-dd25-45df-8070-f9dc56ccf0a7@group-7EB39FB5DF22-FollowerState was interrupted: java.lang.InterruptedException: sleep interrupted
2019-10-17 07:42:26,033 [grpc-default-executor-4] INFO  impl.RaftServerImpl (RaftServerImpl.java:setRole(184)) - 443b071d-6096-48d6-bfe7-498b7c8032c0@group-7EB39FB5DF22: changes role from  FOLLOWER to FOLLOWER at term 422 for recognizeCandidate:cbde3520-0cea-4357-bb04-1a0ae64b2bb1
2019-10-17 07:42:26,033 [grpc-default-executor-4] INFO  impl.RoleInfo (RoleInfo.java:shutdownFollowerState(121)) - 443b071d-6096-48d6-bfe7-498b7c8032c0: shutdown FollowerState
2019-10-17 07:42:26,033 [grpc-default-executor-4] INFO  impl.RoleInfo (RoleInfo.java:updateAndGet(143)) - 443b071d-6096-48d6-bfe7-498b7c8032c0: start FollowerState
2019-10-17 07:42:26,033 [Thread-2760] INFO  impl.FollowerState (FollowerState.java:run(117)) - 443b071d-6096-48d6-bfe7-498b7c8032c0@group-7EB39FB5DF22-FollowerState was interrupted: java.lang.InterruptedException: sleep interrupted
2019-10-17 07:42:26,047 [cbde3520-0cea-4357-bb04-1a0ae64b2bb1@group-7EB39FB5DF22-LeaderElection388] INFO  impl.LeaderElection (LeaderElection.java:logAndReturn(56)) - cbde3520-0cea-4357-bb04-1a0ae64b2bb1@group-7EB39FB5DF22-LeaderElection388: Election REJECTED; received 2 response(s) [cbde3520-0cea-4357-bb04-1a0ae64b2bb1<-40d2d32e-dd25-45df-8070-f9dc56ccf0a7#0:FAIL-t422, cbde3520-0cea-4357-bb04-1a0ae64b2bb1<-443b071d-6096-48d6-bfe7-498b7c8032c0#0:FAIL-t422] and 0 exception(s); cbde3520-0cea-4357-bb04-1a0ae64b2bb1@group-7EB39FB5DF22:t422, leader=null, voted=cbde3520-0cea-4357-bb04-1a0ae64b2bb1, raftlog=cbde3520-0cea-4357-bb04-1a0ae64b2bb1@group-7EB39FB5DF22-SegmentedRaftLog:OPENED:c-1,f-1,i0, conf=-1: [40d2d32e-dd25-45df-8070-f9dc56ccf0a7:192.168.34.62:41633, cbde3520-0cea-4357-bb04-1a0ae64b2bb1:192.168.34.62:41642, 443b071d-6096-48d6-bfe7-498b7c8032c0:192.168.34.62:46516], old=null
2019-10-17 07:42:26,047 [cbde3520-0cea-4357-bb04-1a0ae64b2bb1@group-7EB39FB5DF22-LeaderElection388] INFO  impl.RaftServerImpl (RaftServerImpl.java:setRole(184)) - cbde3520-0cea-4357-bb04-1a0ae64b2bb1@group-7EB39FB5DF22: changes role from CANDIDATE to FOLLOWER at term 422 for DISCOVERED_A_NEW_TERM
2019-10-17 07:42:26,047 [cbde3520-0cea-4357-bb04-1a0ae64b2bb1@group-7EB39FB5DF22-LeaderElection388] INFO  impl.RoleInfo (RoleInfo.java:shutdownLeaderElection(134)) - cbde3520-0cea-4357-bb04-1a0ae64b2bb1: shutdown LeaderElection
2019-10-17 07:42:26,047 [cbde3520-0cea-4357-bb04-1a0ae64b2bb1@group-7EB39FB5DF22-LeaderElection388] INFO  impl.RoleInfo (RoleInfo.java:updateAndGet(143)) - cbde3520-0cea-4357-bb04-1a0ae64b2bb1: start FollowerState
2019-10-17 07:42:26,160 [Thread-2767] INFO  impl.FollowerState (FollowerState.java:run(108)) - cbde3520-0cea-4357-bb04-1a0ae64b2bb1@group-7EB39FB5DF22-FollowerState: change to CANDIDATE, lastRpcTime:112ms, electionTimeout:112ms
2019-10-17 07:42:26,160 [Thread-2767] INFO  impl.RoleInfo (RoleInfo.java:shutdownFollowerState(121)) - cbde3520-0cea-4357-bb04-1a0ae64b2bb1: shutdown FollowerState
2019-10-17 07:42:26,160 [Thread-2767] INFO  impl.RaftServerImpl (RaftServerImpl.java:setRole(184)) - cbde3520-0cea-4357-bb04-1a0ae64b2bb1@group-7EB39FB5DF22: changes role from  FOLLOWER to CANDIDATE at term 422 for changeToCandidate
2019-10-17 07:42:26,160 [Thread-2767] INFO  impl.RoleInfo (RoleInfo.java:updateAndGet(143)) - cbde3520-0cea-4357-bb04-1a0ae64b2bb1: start LeaderElection
2019-10-17 07:42:26,184 [cbde3520-0cea-4357-bb04-1a0ae64b2bb1@group-7EB39FB5DF22-LeaderElection389] INFO  impl.LeaderElection (LeaderElection.java:askForVotes(178)) - cbde3520-0cea-4357-bb04-1a0ae64b2bb1@group-7EB39FB5DF22-LeaderElection389: begin an election at term 423 for -1: [40d2d32e-dd25-45df-8070-f9dc56ccf0a7:192.168.34.62:41633, cbde3520-0cea-4357-bb04-1a0ae64b2bb1:192.168.34.62:41642, 443b071d-6096-48d6-bfe7-498b7c8032c0:192.168.34.62:46516], old=null
2019-10-17 07:42:26,186 [grpc-default-executor-4] INFO  impl.RaftServerImpl (RaftServerImpl.java:setRole(184)) - 40d2d32e-dd25-45df-8070-f9dc56ccf0a7@group-7EB39FB5DF22: changes role from  FOLLOWER to FOLLOWER at term 423 for recognizeCandidate:cbde3520-0cea-4357-bb04-1a0ae64b2bb1
2019-10-17 07:42:26,187 [grpc-default-executor-1] INFO  impl.RaftServerImpl (RaftServerImpl.java:setRole(184)) - 443b071d-6096-48d6-bfe7-498b7c8032c0@group-7EB39FB5DF22: changes role from  FOLLOWER to FOLLOWER at term 423 for recognizeCandidate:cbde3520-0cea-4357-bb04-1a0ae64b2bb1
2019-10-17 07:42:26,187 [grpc-default-executor-4] INFO  impl.RoleInfo (RoleInfo.java:shutdownFollowerState(121)) - 40d2d32e-dd25-45df-8070-f9dc56ccf0a7: shutdown FollowerState
2019-10-17 07:42:26,187 [grpc-default-executor-1] INFO  impl.RoleInfo (RoleInfo.java:shutdownFollowerState(121)) - 443b071d-6096-48d6-bfe7-498b7c8032c0: shutdown FollowerState
2019-10-17 07:42:26,187 [grpc-default-executor-4] INFO  impl.RoleInfo (RoleInfo.java:updateAndGet(143)) - 40d2d32e-dd25-45df-8070-f9dc56ccf0a7: start FollowerState
2019-10-17 07:42:26,187 [Thread-2765] INFO  impl.FollowerState (FollowerState.java:run(117)) - 40d2d32e-dd25-45df-8070-f9dc56ccf0a7@group-7EB39FB5DF22-FollowerState was interrupted: java.lang.InterruptedException: sleep interrupted
2019-10-17 07:42:26,188 [grpc-default-executor-1] INFO  impl.RoleInfo (RoleInfo.java:updateAndGet(143)) - 443b071d-6096-48d6-bfe7-498b7c8032c0: start FollowerState
2019-10-17 07:42:26,188 [Thread-2766] INFO  impl.FollowerState (FollowerState.java:run(117)) - 443b071d-6096-48d6-bfe7-498b7c8032c0@group-7EB39FB5DF22-FollowerState was interrupted: java.lang.InterruptedException: sleep interrupted
2019-10-17 07:42:26,208 [cbde3520-0cea-4357-bb04-1a0ae64b2bb1@group-7EB39FB5DF22-LeaderElection389] INFO  impl.LeaderElection (LeaderElection.java:logAndReturn(56)) - cbde3520-0cea-4357-bb04-1a0ae64b2bb1@group-7EB39FB5DF22-LeaderElection389: Election REJECTED; received 2 response(s) [cbde3520-0cea-4357-bb04-1a0ae64b2bb1<-40d2d32e-dd25-45df-8070-f9dc56ccf0a7#0:FAIL-t423, cbde3520-0cea-4357-bb04-1a0ae64b2bb1<-443b071d-6096-48d6-bfe7-498b7c8032c0#0:FAIL-t423] and 0 exception(s); cbde3520-0cea-4357-bb04-1a0ae64b2bb1@group-7EB39FB5DF22:t423, leader=null, voted=cbde3520-0cea-4357-bb04-1a0ae64b2bb1, raftlog=cbde3520-0cea-4357-bb04-1a0ae64b2bb1@group-7EB39FB5DF22-SegmentedRaftLog:OPENED:c-1,f-1,i0, conf=-1: [40d2d32e-dd25-45df-8070-f9dc56ccf0a7:192.168.34.62:41633, cbde3520-0cea-4357-bb04-1a0ae64b2bb1:192.168.34.62:41642, 443b071d-6096-48d6-bfe7-498b7c8032c0:192.168.34.62:46516], old=null
2019-10-17 07:42:26,208 [cbde3520-0cea-4357-bb04-1a0ae64b2bb1@group-7EB39FB5DF22-LeaderElection389] INFO  impl.RaftServerImpl (RaftServerImpl.java:setRole(184)) - cbde3520-0cea-4357-bb04-1a0ae64b2bb1@group-7EB39FB5DF22: changes role from CANDIDATE to FOLLOWER at term 423 for DISCOVERED_A_NEW_TERM
2019-10-17 07:42:26,209 [cbde3520-0cea-4357-bb04-1a0ae64b2bb1@group-7EB39FB5DF22-LeaderElection389] INFO  impl.RoleInfo (RoleInfo.java:shutdownLeaderElection(134)) - cbde3520-0cea-4357-bb04-1a0ae64b2bb1: shutdown LeaderElection
2019-10-17 07:42:26,209 [cbde3520-0cea-4357-bb04-1a0ae64b2bb1@group-7EB39FB5DF22-LeaderElection389] INFO  impl.RoleInfo (RoleInfo.java:updateAndGet(143)) - cbde3520-0cea-4357-bb04-1a0ae64b2bb1: start FollowerState
2019-10-17 07:42:26,332 [Thread-2773] INFO  impl.FollowerState (FollowerState.java:run(108)) - cbde3520-0cea-4357-bb04-1a0ae64b2bb1@group-7EB39FB5DF22-FollowerState: change to CANDIDATE, lastRpcTime:123ms, electionTimeout:123ms
2019-10-17 07:42:26,333 [Thread-2773] INFO  impl.RoleInfo (RoleInfo.java:shutdownFollowerState(121)) - cbde3520-0cea-4357-bb04-1a0ae64b2bb1: shutdown FollowerState
2019-10-17 07:42:26,333 [Thread-2773] INFO  impl.RaftServerImpl (RaftServerImpl.java:setRole(184)) - cbde3520-0cea-4357-bb04-1a0ae64b2bb1@group-7EB39FB5DF22: changes role from  FOLLOWER to CANDIDATE at term 423 for changeToCandidate
2019-10-17 07:42:26,333 [Thread-2773] INFO  impl.RoleInfo (RoleInfo.java:updateAndGet(143)) - cbde3520-0cea-4357-bb04-1a0ae64b2bb1: start LeaderElection
2019-10-17 07:42:26,335 [main] INFO  ozoneimpl.OzoneContainer (OzoneContainer.java:stop(227)) - Attempting to stop container services.
2019-10-17 07:42:26,335 [ForkJoinPool.commonPool-worker-0] INFO  ozoneimpl.OzoneContainer (OzoneContainer.java:stop(227)) - Attempting to stop container services.
2019-10-17 07:42:26,337 [ForkJoinPool.commonPool-worker-0] INFO  impl.RaftServerProxy (RaftServerProxy.java:lambda$close$4(314)) - 443b071d-6096-48d6-bfe7-498b7c8032c0: close
2019-10-17 07:42:26,337 [main] INFO  impl.RaftServerProxy (RaftServerProxy.java:lambda$close$4(314)) - cbde3520-0cea-4357-bb04-1a0ae64b2bb1: close
2019-10-17 07:42:26,340 [main] INFO  impl.RaftServerImpl (RaftServerImpl.java:lambda$shutdown$3(261)) - cbde3520-0cea-4357-bb04-1a0ae64b2bb1@group-7EB39FB5DF22: shutdown
2019-10-17 07:42:26,340 [ForkJoinPool.commonPool-worker-0] INFO  impl.RaftServerImpl (RaftServerImpl.java:lambda$shutdown$3(261)) - 443b071d-6096-48d6-bfe7-498b7c8032c0@group-ACC79D924EF2: shutdown
2019-10-17 07:42:26,341 [main] INFO  util.JmxRegister (JmxRegister.java:unregister(73)) - Successfully un-registered JMX Bean with object name Ratis:service=RaftServer,group=group-7EB39FB5DF22,id=cbde3520-0cea-4357-bb04-1a0ae64b2bb1
2019-10-17 07:42:26,341 [ForkJoinPool.commonPool-worker-0] INFO  util.JmxRegister (JmxRegister.java:unregister(73)) - Successfully un-registered JMX Bean with object name Ratis:service=RaftServer,group=group-ACC79D924EF2,id=443b071d-6096-48d6-bfe7-498b7c8032c0
2019-10-17 07:42:26,341 [main] INFO  impl.RoleInfo (RoleInfo.java:shutdownLeaderElection(134)) - cbde3520-0cea-4357-bb04-1a0ae64b2bb1: shutdown LeaderElection
2019-10-17 07:42:26,341 [ForkJoinPool.commonPool-worker-0] INFO  impl.RoleInfo (RoleInfo.java:shutdownLeaderState(104)) - 443b071d-6096-48d6-bfe7-498b7c8032c0: shutdown LeaderState
2019-10-17 07:42:26,342 [main] INFO  impl.StateMachineUpdater (StateMachineUpdater.java:stopAndJoin(136)) - cbde3520-0cea-4357-bb04-1a0ae64b2bb1@group-7EB39FB5DF22-StateMachineUpdater: set stopIndex = -1
2019-10-17 07:42:26,346 [ForkJoinPool.commonPool-worker-0] INFO  impl.PendingRequests (PendingRequests.java:sendNotLeaderResponses(202)) - 443b071d-6096-48d6-bfe7-498b7c8032c0@group-ACC79D924EF2-PendingRequests: sendNotLeaderResponses
2019-10-17 07:42:26,347 [main] INFO  impl.RaftServerImpl (ServerState.java:close(388)) - cbde3520-0cea-4357-bb04-1a0ae64b2bb1@group-7EB39FB5DF22: closes. applyIndex: -1
2019-10-17 07:42:26,347 [ForkJoinPool.commonPool-worker-0] INFO  impl.StateMachineUpdater (StateMachineUpdater.java:stopAndJoin(136)) - 443b071d-6096-48d6-bfe7-498b7c8032c0@group-ACC79D924EF2-StateMachineUpdater: set stopIndex = 0
2019-10-17 07:42:26,347 [cbde3520-0cea-4357-bb04-1a0ae64b2bb1@group-7EB39FB5DF22-SegmentedRaftLogWorker] INFO  segmented.SegmentedRaftLogWorker (SegmentedRaftLogWorker.java:run(316)) - cbde3520-0cea-4357-bb04-1a0ae64b2bb1@group-7EB39FB5DF22-SegmentedRaftLogWorker was interrupted, exiting. There are 0 tasks remaining in the queue.
2019-10-17 07:42:26,348 [main] INFO  segmented.SegmentedRaftLogWorker (SegmentedRaftLogWorker.java:close(224)) - cbde3520-0cea-4357-bb04-1a0ae64b2bb1@group-7EB39FB5DF22-SegmentedRaftLogWorker close()
2019-10-17 07:42:26,348 [ForkJoinPool.commonPool-worker-0] INFO  impl.RaftServerImpl (ServerState.java:close(388)) - 443b071d-6096-48d6-bfe7-498b7c8032c0@group-ACC79D924EF2: closes. applyIndex: 0
2019-10-17 07:42:26,350 [main] INFO  impl.RaftServerImpl (RaftServerImpl.java:lambda$shutdown$3(261)) - cbde3520-0cea-4357-bb04-1a0ae64b2bb1@group-E7676BAFBEDD: shutdown
2019-10-17 07:42:26,350 [443b071d-6096-48d6-bfe7-498b7c8032c0@group-ACC79D924EF2-SegmentedRaftLogWorker] INFO  segmented.SegmentedRaftLogWorker (SegmentedRaftLogWorker.java:run(316)) - 443b071d-6096-48d6-bfe7-498b7c8032c0@group-ACC79D924EF2-SegmentedRaftLogWorker was interrupted, exiting. There are 0 tasks remaining in the queue.
2019-10-17 07:42:26,350 [main] INFO  util.JmxRegister (JmxRegister.java:unregister(73)) - Successfully un-registered JMX Bean with object name Ratis:service=RaftServer,group=group-E7676BAFBEDD,id=cbde3520-0cea-4357-bb04-1a0ae64b2bb1
2019-10-17 07:42:26,352 [main] INFO  impl.RoleInfo (RoleInfo.java:shutdownLeaderState(104)) - cbde3520-0cea-4357-bb04-1a0ae64b2bb1: shutdown LeaderState
2019-10-17 07:42:26,352 [main] INFO  impl.PendingRequests (PendingRequests.java:sendNotLeaderResponses(202)) - cbde3520-0cea-4357-bb04-1a0ae64b2bb1@group-E7676BAFBEDD-PendingRequests: sendNotLeaderResponses
2019-10-17 07:42:26,353 [main] INFO  impl.StateMachineUpdater (StateMachineUpdater.java:stopAndJoin(136)) - cbde3520-0cea-4357-bb04-1a0ae64b2bb1@group-E7676BAFBEDD-StateMachineUpdater: set stopIndex = 0
2019-10-17 07:42:26,353 [main] INFO  impl.RaftServerImpl (ServerState.java:close(388)) - cbde3520-0cea-4357-bb04-1a0ae64b2bb1@group-E7676BAFBEDD: closes. applyIndex: 0
2019-10-17 07:42:26,353 [cbde3520-0cea-4357-bb04-1a0ae64b2bb1@group-E7676BAFBEDD-SegmentedRaftLogWorker] INFO  segmented.SegmentedRaftLogWorker (SegmentedRaftLogWorker.java:run(316)) - cbde3520-0cea-4357-bb04-1a0ae64b2bb1@group-E7676BAFBEDD-SegmentedRaftLogWorker was interrupted, exiting. There are 0 tasks remaining in the queue.
2019-10-17 07:42:26,356 [ForkJoinPool.commonPool-worker-0] INFO  segmented.SegmentedRaftLogWorker (SegmentedRaftLogWorker.java:close(224)) - 443b071d-6096-48d6-bfe7-498b7c8032c0@group-ACC79D924EF2-SegmentedRaftLogWorker close()
2019-10-17 07:42:26,356 [main] INFO  segmented.SegmentedRaftLogWorker (SegmentedRaftLogWorker.java:close(224)) - cbde3520-0cea-4357-bb04-1a0ae64b2bb1@group-E7676BAFBEDD-SegmentedRaftLogWorker close()
2019-10-17 07:42:26,358 [ForkJoinPool.commonPool-worker-0] INFO  impl.RaftServerImpl (RaftServerImpl.java:lambda$shutdown$3(261)) - 443b071d-6096-48d6-bfe7-498b7c8032c0@group-7EB39FB5DF22: shutdown
2019-10-17 07:42:26,358 [cbde3520-0cea-4357-bb04-1a0ae64b2bb1@group-7EB39FB5DF22-LeaderElection390] INFO  impl.LeaderElection (LeaderElection.java:askForVotes(178)) - cbde3520-0cea-4357-bb04-1a0ae64b2bb1@group-7EB39FB5DF22-LeaderElection390: begin an election at term 424 for -1: [40d2d32e-dd25-45df-8070-f9dc56ccf0a7:192.168.34.62:41633, cbde3520-0cea-4357-bb04-1a0ae64b2bb1:192.168.34.62:41642, 443b071d-6096-48d6-bfe7-498b7c8032c0:192.168.34.62:46516], old=null
2019-10-17 07:42:26,360 [ForkJoinPool.commonPool-worker-0] INFO  util.JmxRegister (JmxRegister.java:unregister(73)) - Successfully un-registered JMX Bean with object name Ratis:service=RaftServer,group=group-7EB39FB5DF22,id=443b071d-6096-48d6-bfe7-498b7c8032c0
2019-10-17 07:42:26,361 [ForkJoinPool.commonPool-worker-0] INFO  impl.RoleInfo (RoleInfo.java:shutdownFollowerState(121)) - 443b071d-6096-48d6-bfe7-498b7c8032c0: shutdown FollowerState
2019-10-17 07:42:26,361 [ForkJoinPool.commonPool-worker-0] INFO  impl.StateMachineUpdater (StateMachineUpdater.java:stopAndJoin(136)) - 443b071d-6096-48d6-bfe7-498b7c8032c0@group-7EB39FB5DF22-StateMachineUpdater: set stopIndex = -1
2019-10-17 07:42:26,361 [Thread-2772] INFO  impl.FollowerState (FollowerState.java:run(117)) - 443b071d-6096-48d6-bfe7-498b7c8032c0@group-7EB39FB5DF22-FollowerState was interrupted: java.lang.InterruptedException: sleep interrupted
2019-10-17 07:42:26,361 [main] INFO  server.GrpcService (GrpcService.java:closeImpl(164)) - cbde3520-0cea-4357-bb04-1a0ae64b2bb1: shutdown server with port 41642 now
2019-10-17 07:42:26,361 [ForkJoinPool.commonPool-worker-0] INFO  impl.RaftServerImpl (ServerState.java:close(388)) - 443b071d-6096-48d6-bfe7-498b7c8032c0@group-7EB39FB5DF22: closes. applyIndex: -1
2019-10-17 07:42:26,362 [443b071d-6096-48d6-bfe7-498b7c8032c0@group-7EB39FB5DF22-SegmentedRaftLogWorker] INFO  segmented.SegmentedRaftLogWorker (SegmentedRaftLogWorker.java:run(316)) - 443b071d-6096-48d6-bfe7-498b7c8032c0@group-7EB39FB5DF22-SegmentedRaftLogWorker was interrupted, exiting. There are 0 tasks remaining in the queue.
2019-10-17 07:42:26,363 [ForkJoinPool.commonPool-worker-0] INFO  segmented.SegmentedRaftLogWorker (SegmentedRaftLogWorker.java:close(224)) - 443b071d-6096-48d6-bfe7-498b7c8032c0@group-7EB39FB5DF22-SegmentedRaftLogWorker close()
2019-10-17 07:42:26,366 [ForkJoinPool.commonPool-worker-0] INFO  server.GrpcService (GrpcService.java:closeImpl(164)) - 443b071d-6096-48d6-bfe7-498b7c8032c0: shutdown server with port 46516 now
2019-10-17 07:42:26,367 [cbde3520-0cea-4357-bb04-1a0ae64b2bb1@group-7EB39FB5DF22-LeaderElection390] INFO  impl.LeaderElection (LeaderElection.java:run(137)) - cbde3520-0cea-4357-bb04-1a0ae64b2bb1@group-7EB39FB5DF22-LeaderElection390: IllegalArgumentException is safely ignored since this is already CLOSING
java.lang.IllegalArgumentException: cbde3520-0cea-4357-bb04-1a0ae64b2bb1@group-7EB39FB5DF22-SegmentedRaftLog is expected to be opened but it is CLOSED
	at org.apache.ratis.util.OpenCloseState.assertOpen(OpenCloseState.java:63)
	at org.apache.ratis.server.raftlog.RaftLog.checkLogState(RaftLog.java:102)
	at org.apache.ratis.server.raftlog.segmented.SegmentedRaftLog.getLastEntryTermIndex(SegmentedRaftLog.java:345)
	at org.apache.ratis.server.impl.LeaderElection.askForVotes(LeaderElection.java:180)
	at org.apache.ratis.server.impl.LeaderElection.run(LeaderElection.java:133)
	at java.lang.Thread.run(Thread.java:748)
Caused by: org.apache.ratis.util.OpenCloseState$CloseTrace: Close cbde3520-0cea-4357-bb04-1a0ae64b2bb1@group-7EB39FB5DF22-SegmentedRaftLog
	at org.apache.ratis.util.OpenCloseState.lambda$close$1(OpenCloseState.java:109)
	at java.util.concurrent.atomic.AtomicReference.getAndUpdate(AtomicReference.java:160)
	at org.apache.ratis.util.OpenCloseState.close(OpenCloseState.java:109)
	at org.apache.ratis.server.raftlog.RaftLog.close(RaftLog.java:437)
	at org.apache.ratis.server.raftlog.segmented.SegmentedRaftLog.close(SegmentedRaftLog.java:500)
	at org.apache.ratis.server.impl.ServerState.close(ServerState.java:390)
	at org.apache.ratis.server.impl.RaftServerImpl.lambda$shutdown$3(RaftServerImpl.java:283)
	at org.apache.ratis.util.LifeCycle.lambda$checkStateAndClose$2(LifeCycle.java:231)
	at org.apache.ratis.util.LifeCycle.checkStateAndClose(LifeCycle.java:251)
	at org.apache.ratis.util.LifeCycle.checkStateAndClose(LifeCycle.java:229)
	at org.apache.ratis.server.impl.RaftServerImpl.shutdown(RaftServerImpl.java:260)
	at org.apache.ratis.server.impl.RaftServerProxy$ImplMap.lambda$close$0(RaftServerProxy.java:107)
	at java.util.stream.ForEachOps$ForEachOp$OfRef.accept(ForEachOps.java:183)
	at java.util.stream.ReferencePipeline$3$1.accept(ReferencePipeline.java:193)
	at java.util.concurrent.ConcurrentHashMap$ValueSpliterator.forEachRemaining(ConcurrentHashMap.java:3566)
	at java.util.stream.AbstractPipeline.copyInto(AbstractPipeline.java:482)
	at java.util.stream.ForEachOps$ForEachTask.compute(ForEachOps.java:290)
	at java.util.concurrent.CountedCompleter.exec(CountedCompleter.java:731)
	at java.util.concurrent.ForkJoinTask.doExec(ForkJoinTask.java:289)
	at java.util.concurrent.ForkJoinTask.doInvoke(ForkJoinTask.java:401)
	at java.util.concurrent.ForkJoinTask.invoke(ForkJoinTask.java:734)
	at java.util.stream.ForEachOps$ForEachOp.evaluateParallel(ForEachOps.java:159)
	at java.util.stream.ForEachOps$ForEachOp$OfRef.evaluateParallel(ForEachOps.java:173)
	at java.util.stream.AbstractPipeline.evaluate(AbstractPipeline.java:233)
	at java.util.stream.ReferencePipeline.forEach(ReferencePipeline.java:485)
	at org.apache.ratis.server.impl.RaftServerProxy$ImplMap.close(RaftServerProxy.java:107)
	at org.apache.ratis.server.impl.RaftServerProxy.lambda$close$4(RaftServerProxy.java:315)
	at org.apache.ratis.util.LifeCycle.lambda$checkStateAndClose$2(LifeCycle.java:231)
	at org.apache.ratis.util.LifeCycle.checkStateAndClose(LifeCycle.java:251)
	at org.apache.ratis.util.LifeCycle.checkStateAndClose(LifeCycle.java:229)
	at org.apache.ratis.server.impl.RaftServerProxy.close(RaftServerProxy.java:313)
	at org.apache.hadoop.ozone.container.common.transport.server.ratis.XceiverServerRatis.stop(XceiverServerRatis.java:454)
	at org.apache.hadoop.ozone.container.ozoneimpl.OzoneContainer.stop(OzoneContainer.java:229)
	at org.apache.hadoop.ozone.container.common.statemachine.DatanodeStateMachine.close(DatanodeStateMachine.java:270)
	at org.apache.hadoop.ozone.container.common.statemachine.DatanodeStateMachine.stopDaemon(DatanodeStateMachine.java:394)
	at org.apache.hadoop.ozone.HddsDatanodeService.stop(HddsDatanodeService.java:457)
	at org.apache.hadoop.ozone.MiniOzoneClusterImpl.stopDatanode(MiniOzoneClusterImpl.java:423)
	at java.util.stream.ForEachOps$ForEachOp$OfRef.accept(ForEachOps.java:183)
	at java.util.ArrayList$ArrayListSpliterator.forEachRemaining(ArrayList.java:1382)
	at java.util.stream.AbstractPipeline.copyInto(AbstractPipeline.java:482)
	at java.util.stream.ForEachOps$ForEachTask.compute(ForEachOps.java:290)
	at java.util.concurrent.CountedCompleter.exec(CountedCompleter.java:731)
	at java.util.concurrent.ForkJoinTask.doExec(ForkJoinTask.java:289)
	at java.util.concurrent.ForkJoinTask.doInvoke(ForkJoinTask.java:401)
	at java.util.concurrent.ForkJoinTask.invoke(ForkJoinTask.java:734)
	at java.util.stream.ForEachOps$ForEachOp.evaluateParallel(ForEachOps.java:159)
	at java.util.stream.ForEachOps$ForEachOp$OfRef.evaluateParallel(ForEachOps.java:173)
	at java.util.stream.AbstractPipeline.evaluate(AbstractPipeline.java:233)
	at java.util.stream.ReferencePipeline.forEach(ReferencePipeline.java:485)
	at java.util.stream.ReferencePipeline$Head.forEach(ReferencePipeline.java:650)
	at org.apache.hadoop.ozone.MiniOzoneClusterImpl.stopDatanodes(MiniOzoneClusterImpl.java:417)
	at org.apache.hadoop.ozone.MiniOzoneClusterImpl.stop(MiniOzoneClusterImpl.java:370)
	at org.apache.hadoop.ozone.MiniOzoneClusterImpl.shutdown(MiniOzoneClusterImpl.java:357)
	at org.apache.hadoop.hdds.scm.pipeline.TestSCMRestart.shutdown(TestSCMRestart.java:90)
	at sun.reflect.NativeMethodAccessorImpl.invoke0(Native Method)
	at sun.reflect.NativeMethodAccessorImpl.invoke(NativeMethodAccessorImpl.java:62)
	at sun.reflect.DelegatingMethodAccessorImpl.invoke(DelegatingMethodAccessorImpl.java:43)
	at java.lang.reflect.Method.invoke(Method.java:498)
	at org.junit.runners.model.FrameworkMethod$1.runReflectiveCall(FrameworkMethod.java:47)
	at org.junit.internal.runners.model.ReflectiveCallable.run(ReflectiveCallable.java:12)
	at org.junit.runners.model.FrameworkMethod.invokeExplosively(FrameworkMethod.java:44)
	at org.junit.internal.runners.statements.RunAfters.evaluate(RunAfters.java:33)
	at org.junit.runners.ParentRunner.run(ParentRunner.java:309)
	at org.apache.maven.surefire.junit4.JUnit4Provider.execute(JUnit4Provider.java:365)
	at org.apache.maven.surefire.junit4.JUnit4Provider.executeWithRerun(JUnit4Provider.java:273)
	at org.apache.maven.surefire.junit4.JUnit4Provider.executeTestSet(JUnit4Provider.java:238)
	at org.apache.maven.surefire.junit4.JUnit4Provider.invoke(JUnit4Provider.java:159)
	at org.apache.maven.surefire.booter.ForkedBooter.invokeProviderInSameClassLoader(ForkedBooter.java:384)
	at org.apache.maven.surefire.booter.ForkedBooter.runSuitesInProcess(ForkedBooter.java:345)
	at org.apache.maven.surefire.booter.ForkedBooter.execute(ForkedBooter.java:126)
	at org.apache.maven.surefire.booter.ForkedBooter.main(ForkedBooter.java:418)
2019-10-17 07:42:26,377 [ForkJoinPool.commonPool-worker-0] INFO  server.GrpcService (GrpcService.java:closeImpl(172)) - 443b071d-6096-48d6-bfe7-498b7c8032c0: shutdown server with port 46516 successfully
2019-10-17 07:42:26,378 [main] INFO  server.GrpcService (GrpcService.java:closeImpl(172)) - cbde3520-0cea-4357-bb04-1a0ae64b2bb1: shutdown server with port 41642 successfully
2019-10-17 07:42:26,381 [refreshUsed-/workdir/hadoop-ozone/integration-test/target/test-dir/MiniOzoneClusterImpl-6c8aceb3-2805-42ee-9a98-c3760435b865/datanode-1/data/containers] WARN  fs.CachingGetSpaceUsed (CachingGetSpaceUsed.java:run(183)) - Thread Interrupted waiting to refresh disk information: sleep interrupted
2019-10-17 07:42:26,389 [refreshUsed-/workdir/hadoop-ozone/integration-test/target/test-dir/MiniOzoneClusterImpl-6c8aceb3-2805-42ee-9a98-c3760435b865/datanode-2/data/containers] WARN  fs.CachingGetSpaceUsed (CachingGetSpaceUsed.java:run(183)) - Thread Interrupted waiting to refresh disk information: sleep interrupted
2019-10-17 07:42:26,406 [ForkJoinPool.commonPool-worker-0] INFO  utils.BackgroundService (BackgroundService.java:shutdown(151)) - Shutting down service BlockDeletingService
2019-10-17 07:42:26,411 [ForkJoinPool.commonPool-worker-0] INFO  statemachine.DatanodeStateMachine (DatanodeStateMachine.java:stopDaemon(395)) - Ozone container server stopped.
2019-10-17 07:42:26,415 [ForkJoinPool.commonPool-worker-0] INFO  handler.ContextHandler (ContextHandler.java:doStop(910)) - Stopped o.e.j.w.WebAppContext@3374b5bc{/,null,UNAVAILABLE}{/hddsDatanode}
2019-10-17 07:42:26,416 [ForkJoinPool.commonPool-worker-0] INFO  server.AbstractConnector (AbstractConnector.java:doStop(318)) - Stopped ServerConnector@2af69643{HTTP/1.1,[http/1.1]}{0.0.0.0:0}
2019-10-17 07:42:26,418 [ForkJoinPool.commonPool-worker-0] INFO  handler.ContextHandler (ContextHandler.java:doStop(910)) - Stopped o.e.j.s.ServletContextHandler@7a729f84{/static,jar:file:/home/user/.m2/repository/org/apache/hadoop/hadoop-hdds-container-service/0.5.0-SNAPSHOT/hadoop-hdds-container-service-0.5.0-SNAPSHOT.jar!/webapps/static,UNAVAILABLE}
2019-10-17 07:42:26,420 [ForkJoinPool.commonPool-worker-0] INFO  handler.ContextHandler (ContextHandler.java:doStop(910)) - Stopped o.e.j.s.ServletContextHandler@1e8ab90f{/logs,file:///workdir/hadoop-ozone/integration-test/target/log,UNAVAILABLE}
2019-10-17 07:42:26,424 [main] INFO  utils.BackgroundService (BackgroundService.java:shutdown(151)) - Shutting down service BlockDeletingService
2019-10-17 07:42:26,426 [main] INFO  statemachine.DatanodeStateMachine (DatanodeStateMachine.java:stopDaemon(395)) - Ozone container server stopped.
2019-10-17 07:42:26,427 [main] INFO  handler.ContextHandler (ContextHandler.java:doStop(910)) - Stopped o.e.j.w.WebAppContext@63c12e52{/,null,UNAVAILABLE}{/hddsDatanode}
2019-10-17 07:42:26,429 [main] INFO  server.AbstractConnector (AbstractConnector.java:doStop(318)) - Stopped ServerConnector@21bd20ee{HTTP/1.1,[http/1.1]}{0.0.0.0:0}
2019-10-17 07:42:26,429 [main] INFO  handler.ContextHandler (ContextHandler.java:doStop(910)) - Stopped o.e.j.s.ServletContextHandler@10a0fe30{/static,jar:file:/home/user/.m2/repository/org/apache/hadoop/hadoop-hdds-container-service/0.5.0-SNAPSHOT/hadoop-hdds-container-service-0.5.0-SNAPSHOT.jar!/webapps/static,UNAVAILABLE}
2019-10-17 07:42:26,430 [main] INFO  handler.ContextHandler (ContextHandler.java:doStop(910)) - Stopped o.e.j.s.ServletContextHandler@51c959a4{/logs,file:///workdir/hadoop-ozone/integration-test/target/log,UNAVAILABLE}
2019-10-17 07:42:27,107 [Datanode State Machine Thread - 0] INFO  statemachine.DatanodeStateMachine (DatanodeStateMachine.java:lambda$startDaemon$0(350)) - Ozone container server started.
2019-10-17 07:42:27,317 [Datanode State Machine Thread - 0] INFO  statemachine.DatanodeStateMachine (DatanodeStateMachine.java:lambda$startDaemon$0(350)) - Ozone container server started.
2019-10-17 07:42:31,230 [Thread-2771] INFO  impl.FollowerState (FollowerState.java:run(108)) - 40d2d32e-dd25-45df-8070-f9dc56ccf0a7@group-7EB39FB5DF22-FollowerState: change to CANDIDATE, lastRpcTime:5042ms, electionTimeout:5040ms
2019-10-17 07:42:31,230 [Thread-2771] INFO  impl.RoleInfo (RoleInfo.java:shutdownFollowerState(121)) - 40d2d32e-dd25-45df-8070-f9dc56ccf0a7: shutdown FollowerState
2019-10-17 07:42:31,230 [Thread-2771] INFO  impl.RaftServerImpl (RaftServerImpl.java:setRole(184)) - 40d2d32e-dd25-45df-8070-f9dc56ccf0a7@group-7EB39FB5DF22: changes role from  FOLLOWER to CANDIDATE at term 423 for changeToCandidate
2019-10-17 07:42:31,231 [Thread-2771] INFO  impl.RoleInfo (RoleInfo.java:updateAndGet(143)) - 40d2d32e-dd25-45df-8070-f9dc56ccf0a7: start LeaderElection
2019-10-17 07:42:31,255 [40d2d32e-dd25-45df-8070-f9dc56ccf0a7@group-7EB39FB5DF22-LeaderElection391] INFO  impl.LeaderElection (LeaderElection.java:askForVotes(178)) - 40d2d32e-dd25-45df-8070-f9dc56ccf0a7@group-7EB39FB5DF22-LeaderElection391: begin an election at term 424 for 0: [40d2d32e-dd25-45df-8070-f9dc56ccf0a7:192.168.34.62:41633, cbde3520-0cea-4357-bb04-1a0ae64b2bb1:192.168.34.62:41642, 443b071d-6096-48d6-bfe7-498b7c8032c0:192.168.34.62:46516], old=null
2019-10-17 07:42:31,279 [40d2d32e-dd25-45df-8070-f9dc56ccf0a7@group-7EB39FB5DF22-LeaderElection391] INFO  impl.LeaderElection (LogUtils.java:infoOrTrace(149)) - 40d2d32e-dd25-45df-8070-f9dc56ccf0a7@group-7EB39FB5DF22-LeaderElection391 got exception when requesting votes: {}
java.util.concurrent.ExecutionException: org.apache.ratis.thirdparty.io.grpc.StatusRuntimeException: UNAVAILABLE: io exception
	at java.util.concurrent.FutureTask.report(FutureTask.java:122)
	at java.util.concurrent.FutureTask.get(FutureTask.java:192)
	at org.apache.ratis.server.impl.LeaderElection.waitForResults(LeaderElection.java:259)
	at org.apache.ratis.server.impl.LeaderElection.askForVotes(LeaderElection.java:197)
	at org.apache.ratis.server.impl.LeaderElection.run(LeaderElection.java:133)
	at java.lang.Thread.run(Thread.java:748)
Caused by: org.apache.ratis.thirdparty.io.grpc.StatusRuntimeException: UNAVAILABLE: io exception
	at org.apache.ratis.thirdparty.io.grpc.stub.ClientCalls.toStatusRuntimeException(ClientCalls.java:233)
	at org.apache.ratis.thirdparty.io.grpc.stub.ClientCalls.getUnchecked(ClientCalls.java:214)
	at org.apache.ratis.thirdparty.io.grpc.stub.ClientCalls.blockingUnaryCall(ClientCalls.java:139)
	at org.apache.ratis.proto.grpc.RaftServerProtocolServiceGrpc$RaftServerProtocolServiceBlockingStub.requestVote(RaftServerProtocolServiceGrpc.java:265)
	at org.apache.ratis.grpc.server.GrpcServerProtocolClient.requestVote(GrpcServerProtocolClient.java:99)
	at org.apache.ratis.grpc.server.GrpcService.requestVote(GrpcService.java:204)
	at org.apache.ratis.server.impl.LeaderElection.lambda$submitRequests$1(LeaderElection.java:234)
	at java.util.concurrent.FutureTask.run(FutureTask.java:266)
	at java.util.concurrent.Executors$RunnableAdapter.call(Executors.java:511)
	at java.util.concurrent.FutureTask.run(FutureTask.java:266)
	at java.util.concurrent.ThreadPoolExecutor.runWorker(ThreadPoolExecutor.java:1149)
	at java.util.concurrent.ThreadPoolExecutor$Worker.run(ThreadPoolExecutor.java:624)
	... 1 more
Caused by: org.apache.ratis.thirdparty.io.netty.channel.AbstractChannel$AnnotatedConnectException: Connection refused: /192.168.34.62:41642
	at sun.nio.ch.SocketChannelImpl.checkConnect(Native Method)
	at sun.nio.ch.SocketChannelImpl.finishConnect(SocketChannelImpl.java:717)
	at org.apache.ratis.thirdparty.io.netty.channel.socket.nio.NioSocketChannel.doFinishConnect(NioSocketChannel.java:327)
	at org.apache.ratis.thirdparty.io.netty.channel.nio.AbstractNioChannel$AbstractNioUnsafe.finishConnect(AbstractNioChannel.java:340)
	at org.apache.ratis.thirdparty.io.netty.channel.nio.NioEventLoop.processSelectedKey(NioEventLoop.java:632)
	at org.apache.ratis.thirdparty.io.netty.channel.nio.NioEventLoop.processSelectedKeysOptimized(NioEventLoop.java:579)
	at org.apache.ratis.thirdparty.io.netty.channel.nio.NioEventLoop.processSelectedKeys(NioEventLoop.java:496)
	at org.apache.ratis.thirdparty.io.netty.channel.nio.NioEventLoop.run(NioEventLoop.java:458)
	at org.apache.ratis.thirdparty.io.netty.util.concurrent.SingleThreadEventExecutor$5.run(SingleThreadEventExecutor.java:897)
	at org.apache.ratis.thirdparty.io.netty.util.concurrent.FastThreadLocalRunnable.run(FastThreadLocalRunnable.java:30)
	... 1 more
Caused by: java.net.ConnectException: Connection refused
	... 11 more
2019-10-17 07:42:31,280 [40d2d32e-dd25-45df-8070-f9dc56ccf0a7@group-7EB39FB5DF22-LeaderElection391] INFO  impl.LeaderElection (LogUtils.java:infoOrTrace(149)) - 40d2d32e-dd25-45df-8070-f9dc56ccf0a7@group-7EB39FB5DF22-LeaderElection391 got exception when requesting votes: {}
java.util.concurrent.ExecutionException: org.apache.ratis.thirdparty.io.grpc.StatusRuntimeException: UNAVAILABLE: io exception
	at java.util.concurrent.FutureTask.report(FutureTask.java:122)
	at java.util.concurrent.FutureTask.get(FutureTask.java:192)
	at org.apache.ratis.server.impl.LeaderElection.waitForResults(LeaderElection.java:259)
	at org.apache.ratis.server.impl.LeaderElection.askForVotes(LeaderElection.java:197)
	at org.apache.ratis.server.impl.LeaderElection.run(LeaderElection.java:133)
	at java.lang.Thread.run(Thread.java:748)
Caused by: org.apache.ratis.thirdparty.io.grpc.StatusRuntimeException: UNAVAILABLE: io exception
	at org.apache.ratis.thirdparty.io.grpc.stub.ClientCalls.toStatusRuntimeException(ClientCalls.java:233)
	at org.apache.ratis.thirdparty.io.grpc.stub.ClientCalls.getUnchecked(ClientCalls.java:214)
	at org.apache.ratis.thirdparty.io.grpc.stub.ClientCalls.blockingUnaryCall(ClientCalls.java:139)
	at org.apache.ratis.proto.grpc.RaftServerProtocolServiceGrpc$RaftServerProtocolServiceBlockingStub.requestVote(RaftServerProtocolServiceGrpc.java:265)
	at org.apache.ratis.grpc.server.GrpcServerProtocolClient.requestVote(GrpcServerProtocolClient.java:99)
	at org.apache.ratis.grpc.server.GrpcService.requestVote(GrpcService.java:204)
	at org.apache.ratis.server.impl.LeaderElection.lambda$submitRequests$1(LeaderElection.java:234)
	at java.util.concurrent.FutureTask.run(FutureTask.java:266)
	at java.util.concurrent.Executors$RunnableAdapter.call(Executors.java:511)
	at java.util.concurrent.FutureTask.run(FutureTask.java:266)
	at java.util.concurrent.ThreadPoolExecutor.runWorker(ThreadPoolExecutor.java:1149)
	at java.util.concurrent.ThreadPoolExecutor$Worker.run(ThreadPoolExecutor.java:624)
	... 1 more
Caused by: org.apache.ratis.thirdparty.io.netty.channel.AbstractChannel$AnnotatedConnectException: Connection refused: /192.168.34.62:46516
	at sun.nio.ch.SocketChannelImpl.checkConnect(Native Method)
	at sun.nio.ch.SocketChannelImpl.finishConnect(SocketChannelImpl.java:717)
	at org.apache.ratis.thirdparty.io.netty.channel.socket.nio.NioSocketChannel.doFinishConnect(NioSocketChannel.java:327)
	at org.apache.ratis.thirdparty.io.netty.channel.nio.AbstractNioChannel$AbstractNioUnsafe.finishConnect(AbstractNioChannel.java:340)
	at org.apache.ratis.thirdparty.io.netty.channel.nio.NioEventLoop.processSelectedKey(NioEventLoop.java:632)
	at org.apache.ratis.thirdparty.io.netty.channel.nio.NioEventLoop.processSelectedKeysOptimized(NioEventLoop.java:579)
	at org.apache.ratis.thirdparty.io.netty.channel.nio.NioEventLoop.processSelectedKeys(NioEventLoop.java:496)
	at org.apache.ratis.thirdparty.io.netty.channel.nio.NioEventLoop.run(NioEventLoop.java:458)
	at org.apache.ratis.thirdparty.io.netty.util.concurrent.SingleThreadEventExecutor$5.run(SingleThreadEventExecutor.java:897)
	at org.apache.ratis.thirdparty.io.netty.util.concurrent.FastThreadLocalRunnable.run(FastThreadLocalRunnable.java:30)
	... 1 more
Caused by: java.net.ConnectException: Connection refused
	... 11 more
2019-10-17 07:42:31,282 [40d2d32e-dd25-45df-8070-f9dc56ccf0a7@group-7EB39FB5DF22-LeaderElection391] INFO  impl.LeaderElection (LeaderElection.java:logAndReturn(56)) - 40d2d32e-dd25-45df-8070-f9dc56ccf0a7@group-7EB39FB5DF22-LeaderElection391: Election REJECTED; received 0 response(s) [] and 2 exception(s); 40d2d32e-dd25-45df-8070-f9dc56ccf0a7@group-7EB39FB5DF22:t424, leader=null, voted=40d2d32e-dd25-45df-8070-f9dc56ccf0a7, raftlog=40d2d32e-dd25-45df-8070-f9dc56ccf0a7@group-7EB39FB5DF22-SegmentedRaftLog:OPENED:c-1,f0,i0, conf=0: [40d2d32e-dd25-45df-8070-f9dc56ccf0a7:192.168.34.62:41633, cbde3520-0cea-4357-bb04-1a0ae64b2bb1:192.168.34.62:41642, 443b071d-6096-48d6-bfe7-498b7c8032c0:192.168.34.62:46516], old=null
2019-10-17 07:42:31,282 [40d2d32e-dd25-45df-8070-f9dc56ccf0a7@group-7EB39FB5DF22-LeaderElection391] INFO  impl.LeaderElection (LogUtils.java:infoOrTrace(149)) -   Exception 0: {}
java.util.concurrent.ExecutionException: org.apache.ratis.thirdparty.io.grpc.StatusRuntimeException: UNAVAILABLE: io exception
	at java.util.concurrent.FutureTask.report(FutureTask.java:122)
	at java.util.concurrent.FutureTask.get(FutureTask.java:192)
	at org.apache.ratis.server.impl.LeaderElection.waitForResults(LeaderElection.java:259)
	at org.apache.ratis.server.impl.LeaderElection.askForVotes(LeaderElection.java:197)
	at org.apache.ratis.server.impl.LeaderElection.run(LeaderElection.java:133)
	at java.lang.Thread.run(Thread.java:748)
Caused by: org.apache.ratis.thirdparty.io.grpc.StatusRuntimeException: UNAVAILABLE: io exception
	at org.apache.ratis.thirdparty.io.grpc.stub.ClientCalls.toStatusRuntimeException(ClientCalls.java:233)
	at org.apache.ratis.thirdparty.io.grpc.stub.ClientCalls.getUnchecked(ClientCalls.java:214)
	at org.apache.ratis.thirdparty.io.grpc.stub.ClientCalls.blockingUnaryCall(ClientCalls.java:139)
	at org.apache.ratis.proto.grpc.RaftServerProtocolServiceGrpc$RaftServerProtocolServiceBlockingStub.requestVote(RaftServerProtocolServiceGrpc.java:265)
	at org.apache.ratis.grpc.server.GrpcServerProtocolClient.requestVote(GrpcServerProtocolClient.java:99)
	at org.apache.ratis.grpc.server.GrpcService.requestVote(GrpcService.java:204)
	at org.apache.ratis.server.impl.LeaderElection.lambda$submitRequests$1(LeaderElection.java:234)
	at java.util.concurrent.FutureTask.run(FutureTask.java:266)
	at java.util.concurrent.Executors$RunnableAdapter.call(Executors.java:511)
	at java.util.concurrent.FutureTask.run(FutureTask.java:266)
	at java.util.concurrent.ThreadPoolExecutor.runWorker(ThreadPoolExecutor.java:1149)
	at java.util.concurrent.ThreadPoolExecutor$Worker.run(ThreadPoolExecutor.java:624)
	... 1 more
Caused by: org.apache.ratis.thirdparty.io.netty.channel.AbstractChannel$AnnotatedConnectException: Connection refused: /192.168.34.62:41642
	at sun.nio.ch.SocketChannelImpl.checkConnect(Native Method)
	at sun.nio.ch.SocketChannelImpl.finishConnect(SocketChannelImpl.java:717)
	at org.apache.ratis.thirdparty.io.netty.channel.socket.nio.NioSocketChannel.doFinishConnect(NioSocketChannel.java:327)
	at org.apache.ratis.thirdparty.io.netty.channel.nio.AbstractNioChannel$AbstractNioUnsafe.finishConnect(AbstractNioChannel.java:340)
	at org.apache.ratis.thirdparty.io.netty.channel.nio.NioEventLoop.processSelectedKey(NioEventLoop.java:632)
	at org.apache.ratis.thirdparty.io.netty.channel.nio.NioEventLoop.processSelectedKeysOptimized(NioEventLoop.java:579)
	at org.apache.ratis.thirdparty.io.netty.channel.nio.NioEventLoop.processSelectedKeys(NioEventLoop.java:496)
	at org.apache.ratis.thirdparty.io.netty.channel.nio.NioEventLoop.run(NioEventLoop.java:458)
	at org.apache.ratis.thirdparty.io.netty.util.concurrent.SingleThreadEventExecutor$5.run(SingleThreadEventExecutor.java:897)
	at org.apache.ratis.thirdparty.io.netty.util.concurrent.FastThreadLocalRunnable.run(FastThreadLocalRunnable.java:30)
	... 1 more
Caused by: java.net.ConnectException: Connection refused
	... 11 more
2019-10-17 07:42:31,283 [40d2d32e-dd25-45df-8070-f9dc56ccf0a7@group-7EB39FB5DF22-LeaderElection391] INFO  impl.LeaderElection (LogUtils.java:infoOrTrace(149)) -   Exception 1: {}
java.util.concurrent.ExecutionException: org.apache.ratis.thirdparty.io.grpc.StatusRuntimeException: UNAVAILABLE: io exception
	at java.util.concurrent.FutureTask.report(FutureTask.java:122)
	at java.util.concurrent.FutureTask.get(FutureTask.java:192)
	at org.apache.ratis.server.impl.LeaderElection.waitForResults(LeaderElection.java:259)
	at org.apache.ratis.server.impl.LeaderElection.askForVotes(LeaderElection.java:197)
	at org.apache.ratis.server.impl.LeaderElection.run(LeaderElection.java:133)
	at java.lang.Thread.run(Thread.java:748)
Caused by: org.apache.ratis.thirdparty.io.grpc.StatusRuntimeException: UNAVAILABLE: io exception
	at org.apache.ratis.thirdparty.io.grpc.stub.ClientCalls.toStatusRuntimeException(ClientCalls.java:233)
	at org.apache.ratis.thirdparty.io.grpc.stub.ClientCalls.getUnchecked(ClientCalls.java:214)
	at org.apache.ratis.thirdparty.io.grpc.stub.ClientCalls.blockingUnaryCall(ClientCalls.java:139)
	at org.apache.ratis.proto.grpc.RaftServerProtocolServiceGrpc$RaftServerProtocolServiceBlockingStub.requestVote(RaftServerProtocolServiceGrpc.java:265)
	at org.apache.ratis.grpc.server.GrpcServerProtocolClient.requestVote(GrpcServerProtocolClient.java:99)
	at org.apache.ratis.grpc.server.GrpcService.requestVote(GrpcService.java:204)
	at org.apache.ratis.server.impl.LeaderElection.lambda$submitRequests$1(LeaderElection.java:234)
	at java.util.concurrent.FutureTask.run(FutureTask.java:266)
	at java.util.concurrent.Executors$RunnableAdapter.call(Executors.java:511)
	at java.util.concurrent.FutureTask.run(FutureTask.java:266)
	at java.util.concurrent.ThreadPoolExecutor.runWorker(ThreadPoolExecutor.java:1149)
	at java.util.concurrent.ThreadPoolExecutor$Worker.run(ThreadPoolExecutor.java:624)
	... 1 more
Caused by: org.apache.ratis.thirdparty.io.netty.channel.AbstractChannel$AnnotatedConnectException: Connection refused: /192.168.34.62:46516
	at sun.nio.ch.SocketChannelImpl.checkConnect(Native Method)
	at sun.nio.ch.SocketChannelImpl.finishConnect(SocketChannelImpl.java:717)
	at org.apache.ratis.thirdparty.io.netty.channel.socket.nio.NioSocketChannel.doFinishConnect(NioSocketChannel.java:327)
	at org.apache.ratis.thirdparty.io.netty.channel.nio.AbstractNioChannel$AbstractNioUnsafe.finishConnect(AbstractNioChannel.java:340)
	at org.apache.ratis.thirdparty.io.netty.channel.nio.NioEventLoop.processSelectedKey(NioEventLoop.java:632)
	at org.apache.ratis.thirdparty.io.netty.channel.nio.NioEventLoop.processSelectedKeysOptimized(NioEventLoop.java:579)
	at org.apache.ratis.thirdparty.io.netty.channel.nio.NioEventLoop.processSelectedKeys(NioEventLoop.java:496)
	at org.apache.ratis.thirdparty.io.netty.channel.nio.NioEventLoop.run(NioEventLoop.java:458)
	at org.apache.ratis.thirdparty.io.netty.util.concurrent.SingleThreadEventExecutor$5.run(SingleThreadEventExecutor.java:897)
	at org.apache.ratis.thirdparty.io.netty.util.concurrent.FastThreadLocalRunnable.run(FastThreadLocalRunnable.java:30)
	... 1 more
Caused by: java.net.ConnectException: Connection refused
	... 11 more
2019-10-17 07:42:31,283 [40d2d32e-dd25-45df-8070-f9dc56ccf0a7@group-7EB39FB5DF22-LeaderElection391] INFO  impl.RaftServerImpl (RaftServerImpl.java:setRole(184)) - 40d2d32e-dd25-45df-8070-f9dc56ccf0a7@group-7EB39FB5DF22: changes role from CANDIDATE to FOLLOWER at term 424 for DISCOVERED_A_NEW_TERM
2019-10-17 07:42:31,284 [40d2d32e-dd25-45df-8070-f9dc56ccf0a7@group-7EB39FB5DF22-LeaderElection391] INFO  impl.RoleInfo (RoleInfo.java:shutdownLeaderElection(134)) - 40d2d32e-dd25-45df-8070-f9dc56ccf0a7: shutdown LeaderElection
2019-10-17 07:42:31,284 [40d2d32e-dd25-45df-8070-f9dc56ccf0a7@group-7EB39FB5DF22-LeaderElection391] INFO  impl.RoleInfo (RoleInfo.java:updateAndGet(143)) - 40d2d32e-dd25-45df-8070-f9dc56ccf0a7: start FollowerState
2019-10-17 07:42:31,423 [ForkJoinPool.commonPool-worker-0] INFO  ozoneimpl.OzoneContainer (OzoneContainer.java:stop(227)) - Attempting to stop container services.
2019-10-17 07:42:31,424 [ForkJoinPool.commonPool-worker-0] INFO  impl.RaftServerProxy (RaftServerProxy.java:lambda$close$4(314)) - 40d2d32e-dd25-45df-8070-f9dc56ccf0a7: close
2019-10-17 07:42:31,424 [ForkJoinPool.commonPool-worker-0] INFO  impl.RaftServerImpl (RaftServerImpl.java:lambda$shutdown$3(261)) - 40d2d32e-dd25-45df-8070-f9dc56ccf0a7@group-55D76DFF5FC3: shutdown
2019-10-17 07:42:31,424 [ForkJoinPool.commonPool-worker-0] INFO  util.JmxRegister (JmxRegister.java:unregister(73)) - Successfully un-registered JMX Bean with object name Ratis:service=RaftServer,group=group-55D76DFF5FC3,id=40d2d32e-dd25-45df-8070-f9dc56ccf0a7
2019-10-17 07:42:31,425 [ForkJoinPool.commonPool-worker-0] INFO  impl.RoleInfo (RoleInfo.java:shutdownLeaderState(104)) - 40d2d32e-dd25-45df-8070-f9dc56ccf0a7: shutdown LeaderState
2019-10-17 07:42:31,425 [ForkJoinPool.commonPool-worker-0] INFO  impl.PendingRequests (PendingRequests.java:sendNotLeaderResponses(202)) - 40d2d32e-dd25-45df-8070-f9dc56ccf0a7@group-55D76DFF5FC3-PendingRequests: sendNotLeaderResponses
2019-10-17 07:42:31,425 [ForkJoinPool.commonPool-worker-0] INFO  impl.StateMachineUpdater (StateMachineUpdater.java:stopAndJoin(136)) - 40d2d32e-dd25-45df-8070-f9dc56ccf0a7@group-55D76DFF5FC3-StateMachineUpdater: set stopIndex = 0
2019-10-17 07:42:31,426 [ForkJoinPool.commonPool-worker-0] INFO  impl.RaftServerImpl (ServerState.java:close(388)) - 40d2d32e-dd25-45df-8070-f9dc56ccf0a7@group-55D76DFF5FC3: closes. applyIndex: 0
2019-10-17 07:42:31,426 [40d2d32e-dd25-45df-8070-f9dc56ccf0a7@group-55D76DFF5FC3-SegmentedRaftLogWorker] INFO  segmented.SegmentedRaftLogWorker (SegmentedRaftLogWorker.java:run(316)) - 40d2d32e-dd25-45df-8070-f9dc56ccf0a7@group-55D76DFF5FC3-SegmentedRaftLogWorker was interrupted, exiting. There are 0 tasks remaining in the queue.
2019-10-17 07:42:31,428 [ForkJoinPool.commonPool-worker-0] INFO  segmented.SegmentedRaftLogWorker (SegmentedRaftLogWorker.java:close(224)) - 40d2d32e-dd25-45df-8070-f9dc56ccf0a7@group-55D76DFF5FC3-SegmentedRaftLogWorker close()
2019-10-17 07:42:31,430 [ForkJoinPool.commonPool-worker-0] INFO  impl.RaftServerImpl (RaftServerImpl.java:lambda$shutdown$3(261)) - 40d2d32e-dd25-45df-8070-f9dc56ccf0a7@group-7EB39FB5DF22: shutdown
2019-10-17 07:42:31,430 [ForkJoinPool.commonPool-worker-0] INFO  util.JmxRegister (JmxRegister.java:unregister(73)) - Successfully un-registered JMX Bean with object name Ratis:service=RaftServer,group=group-7EB39FB5DF22,id=40d2d32e-dd25-45df-8070-f9dc56ccf0a7
2019-10-17 07:42:31,430 [ForkJoinPool.commonPool-worker-0] INFO  impl.RoleInfo (RoleInfo.java:shutdownFollowerState(121)) - 40d2d32e-dd25-45df-8070-f9dc56ccf0a7: shutdown FollowerState
2019-10-17 07:42:31,430 [ForkJoinPool.commonPool-worker-0] INFO  impl.StateMachineUpdater (StateMachineUpdater.java:stopAndJoin(136)) - 40d2d32e-dd25-45df-8070-f9dc56ccf0a7@group-7EB39FB5DF22-StateMachineUpdater: set stopIndex = -1
2019-10-17 07:42:31,430 [Thread-2778] INFO  impl.FollowerState (FollowerState.java:run(117)) - 40d2d32e-dd25-45df-8070-f9dc56ccf0a7@group-7EB39FB5DF22-FollowerState was interrupted: java.lang.InterruptedException: sleep interrupted
2019-10-17 07:42:31,431 [ForkJoinPool.commonPool-worker-0] INFO  impl.RaftServerImpl (ServerState.java:close(388)) - 40d2d32e-dd25-45df-8070-f9dc56ccf0a7@group-7EB39FB5DF22: closes. applyIndex: -1
2019-10-17 07:42:31,431 [40d2d32e-dd25-45df-8070-f9dc56ccf0a7@group-7EB39FB5DF22-SegmentedRaftLogWorker] INFO  segmented.SegmentedRaftLogWorker (SegmentedRaftLogWorker.java:run(316)) - 40d2d32e-dd25-45df-8070-f9dc56ccf0a7@group-7EB39FB5DF22-SegmentedRaftLogWorker was interrupted, exiting. There are 0 tasks remaining in the queue.
2019-10-17 07:42:31,432 [ForkJoinPool.commonPool-worker-0] INFO  segmented.SegmentedRaftLogWorker (SegmentedRaftLogWorker.java:close(224)) - 40d2d32e-dd25-45df-8070-f9dc56ccf0a7@group-7EB39FB5DF22-SegmentedRaftLogWorker close()
2019-10-17 07:42:31,432 [main] INFO  ozoneimpl.OzoneContainer (OzoneContainer.java:stop(227)) - Attempting to stop container services.
2019-10-17 07:42:31,434 [ForkJoinPool.commonPool-worker-0] INFO  server.GrpcService (GrpcService.java:closeImpl(164)) - 40d2d32e-dd25-45df-8070-f9dc56ccf0a7: shutdown server with port 41633 now
2019-10-17 07:42:31,435 [main] INFO  impl.RaftServerProxy (RaftServerProxy.java:lambda$close$4(314)) - 486e836e-12f0-4f28-9a7f-6d6b2ff2cce2: close
2019-10-17 07:42:31,436 [main] INFO  impl.RaftServerImpl (RaftServerImpl.java:lambda$shutdown$3(261)) - 486e836e-12f0-4f28-9a7f-6d6b2ff2cce2@group-23589E98DA8C: shutdown
2019-10-17 07:42:31,437 [ForkJoinPool.commonPool-worker-0] INFO  server.GrpcService (GrpcService.java:closeImpl(172)) - 40d2d32e-dd25-45df-8070-f9dc56ccf0a7: shutdown server with port 41633 successfully
2019-10-17 07:42:31,437 [main] INFO  util.JmxRegister (JmxRegister.java:unregister(73)) - Successfully un-registered JMX Bean with object name Ratis:service=RaftServer,group=group-23589E98DA8C,id=486e836e-12f0-4f28-9a7f-6d6b2ff2cce2
2019-10-17 07:42:31,438 [main] INFO  impl.RoleInfo (RoleInfo.java:shutdownLeaderState(104)) - 486e836e-12f0-4f28-9a7f-6d6b2ff2cce2: shutdown LeaderState
2019-10-17 07:42:31,438 [main] INFO  impl.PendingRequests (PendingRequests.java:sendNotLeaderResponses(202)) - 486e836e-12f0-4f28-9a7f-6d6b2ff2cce2@group-23589E98DA8C-PendingRequests: sendNotLeaderResponses
2019-10-17 07:42:31,439 [main] INFO  impl.StateMachineUpdater (StateMachineUpdater.java:stopAndJoin(136)) - 486e836e-12f0-4f28-9a7f-6d6b2ff2cce2@group-23589E98DA8C-StateMachineUpdater: set stopIndex = 0
2019-10-17 07:42:31,439 [main] INFO  impl.RaftServerImpl (ServerState.java:close(388)) - 486e836e-12f0-4f28-9a7f-6d6b2ff2cce2@group-23589E98DA8C: closes. applyIndex: 0
2019-10-17 07:42:31,440 [486e836e-12f0-4f28-9a7f-6d6b2ff2cce2@group-23589E98DA8C-SegmentedRaftLogWorker] INFO  segmented.SegmentedRaftLogWorker (SegmentedRaftLogWorker.java:run(316)) - 486e836e-12f0-4f28-9a7f-6d6b2ff2cce2@group-23589E98DA8C-SegmentedRaftLogWorker was interrupted, exiting. There are 0 tasks remaining in the queue.
2019-10-17 07:42:31,441 [main] INFO  segmented.SegmentedRaftLogWorker (SegmentedRaftLogWorker.java:close(224)) - 486e836e-12f0-4f28-9a7f-6d6b2ff2cce2@group-23589E98DA8C-SegmentedRaftLogWorker close()
2019-10-17 07:42:31,443 [main] INFO  server.GrpcService (GrpcService.java:closeImpl(164)) - 486e836e-12f0-4f28-9a7f-6d6b2ff2cce2: shutdown server with port 46787 now
2019-10-17 07:42:31,444 [main] INFO  server.GrpcService (GrpcService.java:closeImpl(172)) - 486e836e-12f0-4f28-9a7f-6d6b2ff2cce2: shutdown server with port 46787 successfully
2019-10-17 07:42:31,450 [refreshUsed-/workdir/hadoop-ozone/integration-test/target/test-dir/MiniOzoneClusterImpl-6c8aceb3-2805-42ee-9a98-c3760435b865/datanode-0/data/containers] WARN  fs.CachingGetSpaceUsed (CachingGetSpaceUsed.java:run(183)) - Thread Interrupted waiting to refresh disk information: sleep interrupted
2019-10-17 07:42:31,454 [refreshUsed-/workdir/hadoop-ozone/integration-test/target/test-dir/MiniOzoneClusterImpl-6c8aceb3-2805-42ee-9a98-c3760435b865/datanode-3/data/containers] WARN  fs.CachingGetSpaceUsed (CachingGetSpaceUsed.java:run(183)) - Thread Interrupted waiting to refresh disk information: sleep interrupted
2019-10-17 07:42:31,471 [ForkJoinPool.commonPool-worker-0] INFO  utils.BackgroundService (BackgroundService.java:shutdown(151)) - Shutting down service BlockDeletingService
2019-10-17 07:42:31,473 [ForkJoinPool.commonPool-worker-0] INFO  statemachine.DatanodeStateMachine (DatanodeStateMachine.java:stopDaemon(395)) - Ozone container server stopped.
2019-10-17 07:42:31,476 [ForkJoinPool.commonPool-worker-0] INFO  handler.ContextHandler (ContextHandler.java:doStop(910)) - Stopped o.e.j.w.WebAppContext@2436ea2f{/,null,UNAVAILABLE}{/hddsDatanode}
2019-10-17 07:42:31,476 [main] INFO  utils.BackgroundService (BackgroundService.java:shutdown(151)) - Shutting down service BlockDeletingService
2019-10-17 07:42:31,476 [ForkJoinPool.commonPool-worker-0] INFO  server.AbstractConnector (AbstractConnector.java:doStop(318)) - Stopped ServerConnector@f951a7f{HTTP/1.1,[http/1.1]}{0.0.0.0:0}
2019-10-17 07:42:31,478 [ForkJoinPool.commonPool-worker-0] INFO  handler.ContextHandler (ContextHandler.java:doStop(910)) - Stopped o.e.j.s.ServletContextHandler@67c5ac52{/static,jar:file:/home/user/.m2/repository/org/apache/hadoop/hadoop-hdds-container-service/0.5.0-SNAPSHOT/hadoop-hdds-container-service-0.5.0-SNAPSHOT.jar!/webapps/static,UNAVAILABLE}
2019-10-17 07:42:31,478 [main] INFO  statemachine.DatanodeStateMachine (DatanodeStateMachine.java:stopDaemon(395)) - Ozone container server stopped.
2019-10-17 07:42:31,479 [ForkJoinPool.commonPool-worker-0] INFO  handler.ContextHandler (ContextHandler.java:doStop(910)) - Stopped o.e.j.s.ServletContextHandler@21079a12{/logs,file:///workdir/hadoop-ozone/integration-test/target/log,UNAVAILABLE}
2019-10-17 07:42:31,480 [main] INFO  handler.ContextHandler (ContextHandler.java:doStop(910)) - Stopped o.e.j.w.WebAppContext@3bbf841e{/,null,UNAVAILABLE}{/hddsDatanode}
2019-10-17 07:42:31,481 [main] INFO  server.AbstractConnector (AbstractConnector.java:doStop(318)) - Stopped ServerConnector@4f0f7849{HTTP/1.1,[http/1.1]}{0.0.0.0:0}
2019-10-17 07:42:31,481 [main] INFO  handler.ContextHandler (ContextHandler.java:doStop(910)) - Stopped o.e.j.s.ServletContextHandler@22a6e998{/static,jar:file:/home/user/.m2/repository/org/apache/hadoop/hadoop-hdds-container-service/0.5.0-SNAPSHOT/hadoop-hdds-container-service-0.5.0-SNAPSHOT.jar!/webapps/static,UNAVAILABLE}
2019-10-17 07:42:31,481 [main] INFO  handler.ContextHandler (ContextHandler.java:doStop(910)) - Stopped o.e.j.s.ServletContextHandler@7e74a380{/logs,file:///workdir/hadoop-ozone/integration-test/target/log,UNAVAILABLE}
2019-10-17 07:42:31,482 [main] INFO  ozone.MiniOzoneClusterImpl (MiniOzoneClusterImpl.java:stopSCM(430)) - Stopping the StorageContainerManager
2019-10-17 07:42:31,482 [main] INFO  server.StorageContainerManager (StorageContainerManager.java:stop(810)) - Stopping Replication Manager Service.
2019-10-17 07:42:31,482 [main] INFO  container.ReplicationManager (ReplicationManager.java:stop(203)) - Stopping Replication Monitor Thread.
2019-10-17 07:42:31,483 [main] INFO  server.StorageContainerManager (StorageContainerManager.java:stop(817)) - Stopping Lease Manager of the command watchers
2019-10-17 07:42:31,483 [main] INFO  server.StorageContainerManager (StorageContainerManager.java:stop(824)) - Stopping datanode service RPC server
2019-10-17 07:42:31,483 [main] INFO  server.SCMDatanodeProtocolServer (SCMDatanodeProtocolServer.java:stop(346)) - Stopping the RPC server for DataNodes
2019-10-17 07:42:31,483 [main] INFO  ipc.Server (Server.java:stop(3082)) - Stopping server on 34339
2019-10-17 07:42:31,485 [IPC Server listener on 34339] INFO  ipc.Server (Server.java:run(1185)) - Stopping IPC Server listener on 34339
2019-10-17 07:42:31,485 [IPC Server Responder] INFO  ipc.Server (Server.java:run(1319)) - Stopping IPC Server Responder
2019-10-17 07:42:32,178 [SCM Heartbeat Processing Thread - 0] WARN  node.NodeStateManager (NodeStateManager.java:scheduleNextHealthCheck(646)) - Current Thread is interrupted, shutting down HB processing thread for Node Manager.
2019-10-17 07:42:32,178 [main] INFO  server.StorageContainerManager (StorageContainerManager.java:stop(832)) - Stopping block service RPC server
2019-10-17 07:42:32,179 [main] INFO  server.SCMBlockProtocolServer (SCMBlockProtocolServer.java:stop(155)) - Stopping the RPC server for Block Protocol
2019-10-17 07:42:32,179 [main] INFO  ipc.Server (Server.java:stop(3082)) - Stopping server on 40088
2019-10-17 07:42:32,181 [IPC Server listener on 40088] INFO  ipc.Server (Server.java:run(1185)) - Stopping IPC Server listener on 40088
2019-10-17 07:42:32,181 [main] INFO  server.StorageContainerManager (StorageContainerManager.java:stop(839)) - Stopping the StorageContainerLocationProtocol RPC server
2019-10-17 07:42:32,182 [IPC Server Responder] INFO  ipc.Server (Server.java:run(1319)) - Stopping IPC Server Responder
2019-10-17 07:42:32,182 [main] INFO  server.SCMClientProtocolServer (SCMClientProtocolServer.java:stop(168)) - Stopping the RPC server for Client Protocol
2019-10-17 07:42:32,182 [main] INFO  ipc.Server (Server.java:stop(3082)) - Stopping server on 34819
2019-10-17 07:42:32,184 [IPC Server listener on 34819] INFO  ipc.Server (Server.java:run(1185)) - Stopping IPC Server listener on 34819
2019-10-17 07:42:32,184 [main] INFO  server.StorageContainerManager (StorageContainerManager.java:stop(846)) - Stopping Storage Container Manager HTTP server.
2019-10-17 07:42:32,185 [IPC Server Responder] INFO  ipc.Server (Server.java:run(1319)) - Stopping IPC Server Responder
2019-10-17 07:42:32,186 [main] INFO  handler.ContextHandler (ContextHandler.java:doStop(910)) - Stopped o.e.j.w.WebAppContext@6bc248ed{/,null,UNAVAILABLE}{/scm}
2019-10-17 07:42:32,187 [main] INFO  server.AbstractConnector (AbstractConnector.java:doStop(318)) - Stopped ServerConnector@73511076{HTTP/1.1,[http/1.1]}{0.0.0.0:0}
2019-10-17 07:42:32,187 [main] INFO  handler.ContextHandler (ContextHandler.java:doStop(910)) - Stopped o.e.j.s.ServletContextHandler@34f7234e{/static,file:///workdir/hadoop-ozone/integration-test/target/test-classes/webapps/static,UNAVAILABLE}
2019-10-17 07:42:32,188 [main] INFO  handler.ContextHandler (ContextHandler.java:doStop(910)) - Stopped o.e.j.s.ServletContextHandler@78f5c518{/logs,file:///workdir/hadoop-ozone/integration-test/target/log,UNAVAILABLE}
2019-10-17 07:42:32,189 [main] INFO  server.StorageContainerManager (StorageContainerManager.java:stop(857)) - Stopping Block Manager Service.
2019-10-17 07:42:32,189 [main] INFO  utils.BackgroundService (BackgroundService.java:shutdown(151)) - Shutting down service SCMBlockDeletingService
2019-10-17 07:42:32,190 [main] INFO  utils.BackgroundService (BackgroundService.java:shutdown(151)) - Shutting down service SCMBlockDeletingService
2019-10-17 07:42:32,190 [main] INFO  server.StorageContainerManager (StorageContainerManager.java:stop(879)) - Stopping SCM Event Queue.
2019-10-17 07:42:32,200 [main] INFO  impl.MetricsSystemImpl (MetricsSystemImpl.java:stop(210)) - Stopping ratis metrics system...
2019-10-17 07:42:32,210 [prometheus] INFO  impl.MetricsSinkAdapter (MetricsSinkAdapter.java:publishMetricsFromQueue(141)) - prometheus thread interrupted.
2019-10-17 07:42:32,211 [main] INFO  impl.MetricsSystemImpl (MetricsSystemImpl.java:stop(216)) - ratis metrics system stopped.
]]></system-out>
    <system-err><![CDATA[ERROR StatusLogger No Log4j 2 configuration file found. Using default configuration (logging only errors to the console), or user programmatically provided configurations. Set system property 'log4j2.debug' to show Log4j 2 internal initialization logging. See https://logging.apache.org/log4j/2.x/manual/configuration.html for instructions on how to configure Log4j 2
]]></system-err>
  </testcase>
</testsuite>